TRXV5
3
4
4
9
string Extension=J
integer IsArchMeasurement=1
integer IsSpherical=1
string Generator=SPM
string GeneratorVersion=1.3.1 Dev
double ArchRadius=0.449999988079071
integer FrequencyAxisIndex=0
integer AzimuthAxisIndex=1
integer ElevationAxisIndex=2
Frequency
5 136 690000000 960000000 LIN
Azimuth
7 8 0 2.74889357189107 LIN
Elevation
7 15 -2.74889357189107 2.74889357189107 LIN
Polar H Real Part
13
Polar H Imaginary Part
14
Polar V Real Part
13
Polar V Imaginary Part
14
Polar H Magnitude (dB)
12 0xC0000002 0 1
Polar H Phase
7 0xC0000003 0 1
Polar V Magnitude (dB)
12 0xC0000002 2 3
Polar V Phase
7 0xC0000003 2 3
-0.00148868560791016 0.0025486946105957 -0.0263481140136719 -0.0571060180664062
-0.00353837013244629 -0.00314044952392578 -0.00947761535644532 -0.0247402191162109
-0.00821113586425781 0.00196552276611328 0.0137243270874023 0.00113868713378906
-0.00239896774291992 0.0072784423828125 0.0364151000976562 -0.00609207153320312
0.00310039520263672 0.00473356246948242 0.0400619506835937 -0.0205726623535156
0.00307059288024902 0.00117254257202148 0.0345535278320312 -0.0379676818847656
0.00360965728759766 -0.00355982780456543 0.0216560363769531 -0.0457687377929688
0.0018918514251709 -0.00291943550109863 0.00910568237304688 -0.0400581359863281
0.00193119049072266 -0.00268054008483887 0.00206184387207031 -0.0293483734130859
0.00532627105712891 -0.00155735015869141 -0.00262069702148438 -0.0197696685791016
0.00508308410644531 0.00226211547851563 -0.0148134231567383 -0.0128803253173828
-0.000637531280517578 0.00549745559692383 -0.0199756622314453 -0.0104866027832031
-0.00702285766601563 0.000176906585693359 -0.0266056060791016 -0.014007568359375
-0.00154733657836914 -0.00584125518798828 -0.0383987426757813 -0.015838623046875
-0.00160360336303711 -0.00225353240966797 -0.0352058410644531 -0.0141792297363281
0.00965309143066406 0.0208396911621094 -0.0204238891601563 -0.0533103942871094
0.00925827026367187 0.0129508972167969 -0.00260162353515625 -0.0204944610595703
0.00499725341796875 0.0127468109130859 0.0181407928466797 0.000217437744140626
0.0122795104980469 0.0138692855834961 0.0385932922363281 -0.00649261474609375
0.01690673828125 0.00453948974609375 0.0401725769042969 -0.0193061828613281
0.0171279907226563 -0.00704288482666016 0.0337181091308594 -0.0370559692382813
0.0126314163208008 -0.0160665512084961 0.019500732421875 -0.0418891906738281
0.010594367980957 -0.0142059326171875 0.0054931640625 -0.035186767578125
0.0105209350585938 -0.0169057846069336 -0.00160408020019531 -0.0246829986572266
0.0160150527954102 -0.0152873992919922 -0.00628852844238281 -0.017268180847168
0.01971435546875 -0.00650215148925781 -0.0181198120117188 -0.0106582641601562
0.0162754058837891 0.00142860412597656 -0.0211315155029297 -0.0098876953125
0.0103549957275391 0.00455856323242188 -0.0263710021972656 -0.0134353637695313
0.0141983032226563 0.00600433349609375 -0.0344867706298828 -0.0127468109130859
0.0135049819946289 0.01177978515625 -0.0308208465576172 -0.00934791564941406
0.0189056396484375 0.0367584228515625 -0.0125083923339844 -0.0434226989746094
0.0212211608886719 0.0288372039794922 0.00570869445800781 -0.0113029479980469
0.0188007354736328 0.0228996276855469 0.0226898193359375 0.00251579284667969
0.0269565582275391 0.0178356170654297 0.0404129028320312 -0.00570297241210937
0.0299549102783203 0.00389671325683594 0.0381202697753906 -0.0185813903808594
0.0285930633544922 -0.0147743225097656 0.0295143127441406 -0.0340805053710938
0.0201740264892578 -0.0259513854980469 0.0141448974609375 -0.0338382720947266
0.0166568756103516 -0.0243415832519531 0.00139236450195312 -0.0251235961914063
0.0165538787841797 -0.0281105041503906 -0.00515651702880859 -0.0136613845825195
0.0236530303955078 -0.0267066955566406 -0.0105428695678711 -0.00870800018310547
0.0303440093994141 -0.0148582458496094 -0.0216102600097656 -0.00435829162597657
0.0303688049316406 -0.00406837463378906 -0.0231475830078125 -0.00798606872558594
0.0258750915527344 0.00766181945800781 -0.0248641967773438 -0.0126781463623047
0.0283184051513672 0.0150985717773437 -0.0263843536376953 -0.00786399841308593
0.0258502960205078 0.0240192413330078 -0.0216331481933594 -0.000682830810546874
0.0269241333007812 0.0471992492675781 -0.0016326904296875 -0.0297298431396484
0.0327606201171875 0.0399360656738281 0.014653205871582 0.000151634216308596
0.0327186584472656 0.0285987854003906 0.02667236328125 0.00595664978027344
0.0392265319824219 0.017547607421875 0.0392341613769531 -0.00449752807617188
0.0403327941894531 8.0108642578125E-05 0.0325984954833984 -0.0168495178222656
0.035430908203125 -0.0217628479003906 0.0221385955810547 -0.0283889770507813
0.0234127044677734 -0.0325870513916016 0.00741958618164063 -0.0210971832275391
0.0208358764648438 -0.0296688079833984 -0.00271224975585937 -0.0105199813842773
0.0202064514160156 -0.0347232818603516 -0.00819826126098633 3.09944152832012E-05
0.0278282165527344 -0.0337715148925781 -0.0141124725341797 0.0023651123046875
0.0356941223144531 -0.0198593139648438 -0.0246543884277344 0.00338935852050781
0.0392303466796875 -0.00799942016601563 -0.024322509765625 -0.00380325317382813
0.0372543334960938 0.0090789794921875 -0.0226058959960938 -0.0118579864501953
0.0389442443847656 0.022674560546875 -0.0150613784790039 -0.00300788879394531
0.03363037109375 0.0329399108886719 -0.0100746154785156 0.0106163024902344
0.030029296875 0.0501251220703125 0.00980377197265625 -0.0143442153930664
0.0397109985351563 0.0444450378417969 0.0242462158203125 0.0102958679199219
0.041473388671875 0.0282211303710938 0.0301742553710938 0.00840950012207031
0.0465850830078125 0.0132980346679688 0.0354270935058594 -0.00183486938476562
0.0431747436523438 -0.00510787963867188 0.0250473022460938 -0.0117664337158203
0.0356826782226563 -0.0274581909179688 0.0128135681152344 -0.0185012817382813
0.0226516723632813 -0.0349750518798828 0.000544071197509766 -0.00659704208374024
0.0205287933349609 -0.0310268402099609 -0.00680923461914063 0.00484800338745117
0.0209579467773437 -0.0362625122070313 -0.0118446350097656 0.0146293640136719
0.0282573699951172 -0.0343437194824219 -0.0188102722167969 0.0140380859375
0.0371208190917969 -0.0199203491210938 -0.0272083282470703 0.0117359161376953
0.0420722961425781 -0.00855255126953125 -0.0250530242919922 0.000226974487304682
0.0421142578125 0.0119552612304688 -0.0189933776855469 -0.0100669860839844
0.0425682067871094 0.0273361206054688 -0.00244855880737304 0.00300741195678711
0.0346336364746094 0.0389366149902344 0.00274467468261719 0.0243206024169922
0.0283737182617188 0.0457763671875 0.0219402313232422 -0.00120735168457031
0.0424613952636719 0.04046630859375 0.0327205657958984 0.017974853515625
0.0426483154296875 0.0224266052246094 0.0311717987060547 0.00945091247558594
0.0449142456054688 0.00661468505859375 0.0288715362548828 0.000917434692382813
0.0383682250976563 -0.0109710693359375 0.0169229507446289 -0.00489521026611328
0.0291042327880859 -0.0277690887451172 0.00451755523681641 -0.00585079193115235
0.0173702239990234 -0.0316162109375 -0.00496959686279297 0.00849580764770508
0.0171566009521484 -0.0269203186035156 -0.0101337432861328 0.0195121765136719
0.018798828125 -0.0310401916503906 -0.0151500701904297 0.0270862579345703
0.0255413055419922 -0.0289726257324219 -0.0237674713134766 0.0245380401611328
0.0342788696289063 -0.0162677764892578 -0.02996826171875 0.0186195373535156
0.03973388671875 -0.0054779052734375 -0.0259056091308594 0.00328445434570313
0.0394096374511719 0.0142288208007813 -0.0153446197509766 -0.00748062133789063
0.0382804870605469 0.0301933288574219 0.00802707672119141 0.0100717544555664
0.029693603515625 0.0401954650878906 0.014007568359375 0.0388641357421875
0.0217609405517578 0.0334949493408203 0.0315055847167969 0.00779151916503907
0.0362510681152344 0.0299568176269531 0.0393638610839844 0.0199661254882813
0.0358619689941406 0.0131797790527344 0.0292778015136719 0.00913047790527344
0.0342502593994141 -0.000581741333007812 0.0224971771240234 0.00461769104003906
0.0266342163085938 -0.0127239227294922 0.0105113983154297 0.00238800048828125
0.0180282592773438 -0.0241985321044922 -0.000770092010498046 0.00668811798095703
0.00977706909179687 -0.0230445861816406 -0.00734901428222656 0.0219097137451172
0.0103664398193359 -0.0186500549316406 -0.0118484497070313 0.0310306549072266
0.0123004913330078 -0.0225486755371094 -0.0186119079589844 0.03668212890625
0.0185012817382812 -0.0205326080322266 -0.028350830078125 0.0311660766601563
0.0264492034912109 -0.0107936859130859 -0.0336856842041016 0.0221004486083984
0.0313510894775391 -0.00254440307617188 -0.0274314880371094 0.00547409057617188
0.0309734344482422 0.0146465301513672 -0.0123672485351562 -0.00313854217529297
0.0290489196777344 0.0279655456542969 0.0153236389160156 0.0187664031982422
0.0193805694580078 0.0350112915039063 0.0202560424804687 0.0521240234375
0.00988006591796875 0.0187931060791016 0.0367240905761719 0.0111579895019531
0.023223876953125 0.0167751312255859 0.0412635803222656 0.0182113647460938
0.0212326049804687 0.0037384033203125 0.02728271484375 0.00852012634277344
0.0182151794433594 -0.00449180603027344 0.0175485610961914 0.00807094573974609
0.0111398696899414 -0.0104351043701172 0.00822067260742188 0.00871467590332031
0.00412750244140625 -0.0141487121582031 -0.00225257873535156 0.0147905349731445
0.000496864318847656 -0.00988101959228516 -0.00707817077636719 0.0304641723632813
0.00262260437011719 -0.00773286819458008 -0.0116043090820313 0.0384864807128906
0.00372982025146484 -0.0101308822631836 -0.0210380554199219 0.0423316955566406
0.00727748870849609 -0.0112209320068359 -0.0333442687988281 0.0343017578125
0.014164924621582 -0.00698947906494141 -0.0363121032714844 0.0229644775390625
0.0185203552246094 -0.00140190124511719 -0.0290775299072266 0.00762176513671875
0.0192432403564453 0.0102119445800781 -0.0124244689941406 0.000726699829101561
0.0174694061279297 0.0193500518798828 0.0152873992919922 0.0262832641601563
0.00747871398925781 0.0232295989990234 0.0222587585449219 0.0623054504394531
-0.000992059707641602 0.00318598747253418 -0.0291709899902344 -0.0554771423339844
-0.00406384468078613 -0.00293445587158203 -0.0109386444091797 -0.0244579315185547
-0.0073695182800293 0.00313043594360352 0.0142011642456055 -0.000165939331054687
-0.00202369689941406 0.00769901275634766 0.0365676879882813 -0.00811386108398438
0.00382423400878906 0.00452804565429688 0.0398826599121094 -0.0229148864746094
0.00392317771911621 4.64916229248047E-05 0.0331306457519531 -0.0406227111816406
0.003326416015625 -0.00468063354492188 0.0186805725097656 -0.0476264953613281
0.00217151641845703 -0.00277805328369141 0.0060272216796875 -0.0406150817871094
0.00242805480957031 -0.00341486930847168 0.000251770019531252 -0.0304088592529297
0.00608301162719727 -0.00223445892333984 -0.00401496887207031 -0.0202102661132813
0.00590419769287109 0.00183868408203125 -0.0156230926513672 -0.0124397277832031
-0.000139713287353515 0.00559091567993164 -0.0211143493652344 -0.00995063781738281
-0.00706577301025391 0.000989913940429688 -0.0280590057373047 -0.0133800506591797
-0.0022425651550293 -0.00563287734985352 -0.040313720703125 -0.0140190124511719
-0.00172364711761475 -0.00208616256713867 -0.0366897583007813 -0.0122032165527344
0.0115756988525391 0.0209388732910156 -0.0234222412109375 -0.0519790649414063
0.0103292465209961 0.0127458572387695 -0.00393486022949219 -0.0202121734619141
0.00618553161621094 0.013035774230957 0.0185661315917969 -0.000949859619140624
0.0136213302612305 0.0123014450073242 0.0391578674316406 -0.00871658325195313
0.0177249908447266 0.00345420837402344 0.0395011901855469 -0.0225639343261719
0.0171298980712891 -0.00876712799072266 0.031829833984375 -0.039703369140625
0.0119724273681641 -0.0178260803222656 0.0162734985351563 -0.0436286926269531
0.00999641418457031 -0.0157032012939453 0.00262832641601562 -0.0352973937988281
0.00988006591796875 -0.0182476043701172 -0.00359535217285156 -0.0241737365722656
0.0154867172241211 -0.0164051055908203 -0.00773239135742188 -0.0170831680297852
0.0191535949707031 -0.008026123046875 -0.0195980072021484 -0.00953483581542969
0.0166234970092773 0.000257492065429688 -0.0224113464355469 -0.00940704345703125
0.0104465484619141 0.00474452972412109 -0.0277385711669922 -0.0121994018554688
0.0143356323242187 0.00555229187011719 -0.0363235473632813 -0.0109329223632812
0.0146322250366211 0.0113439559936523 -0.0325183868408203 -0.00780677795410156
0.0217437744140625 0.0358848571777344 -0.0145645141601563 -0.0421371459960938
0.0234851837158203 0.0277080535888672 0.00506877899169922 -0.0109500885009766
0.0205268859863281 0.0222644805908203 0.0236034393310547 0.00164413452148438
0.0286941528320313 0.0165023803710938 0.0404853820800781 -0.00828170776367187
0.0308666229248047 0.00166130065917969 0.0375785827636719 -0.0213394165039063
0.0276412963867188 -0.0165615081787109 0.0276451110839844 -0.0366401672363281
0.0184268951416016 -0.0276565551757813 0.0111103057861328 -0.0348186492919922
0.0152969360351563 -0.0260887145996094 -0.000705718994140626 -0.0243816375732422
0.0152549743652344 -0.0303001403808594 -0.00647926330566406 -0.01361083984375
0.0225067138671875 -0.02947998046875 -0.0122756958007812 -0.00876617431640625
0.0296039581298828 -0.0174160003662109 -0.0231990814208984 -0.00316810607910156
0.0305862426757813 -0.00576972961425781 -0.0243663787841797 -0.00630760192871094
0.0267333984375 0.00650787353515625 -0.0268135070800781 -0.0118656158447266
0.0295963287353516 0.0135269165039063 -0.0275154113769531 -0.00680160522460938
0.0278453826904297 0.0225048065185547 -0.0227489471435547 0.000406265258789059
0.0304489135742188 0.0460929870605469 -0.002716064453125 -0.0290145874023437
0.0363960266113281 0.0385704040527344 0.0148029327392578 -0.000347137451171873
0.0350131988525391 0.0267467498779297 0.0280513763427734 0.00488853454589844
0.0416336059570313 0.0155677795410156 0.0400657653808594 -0.00666046142578125
0.0403594970703125 -0.00264739990234375 0.0321731567382813 -0.0184135437011719
0.0340423583984375 -0.0242462158203125 0.0205097198486328 -0.0295352935791016
0.021148681640625 -0.0349349975585937 0.00563621520996094 -0.0220050811767578
0.0187358856201172 -0.0314998626708984 -0.00409317016601563 -0.0101070404052734
0.0182533264160156 -0.0371818542480469 -0.00847768783569336 0.000711441040039061
0.0255470275878906 -0.0359687805175781 -0.0151786804199219 0.00276374816894531
0.0351295471191406 -0.0230655670166016 -0.0247516632080078 0.00599098205566407
0.0389404296875 -0.0113296508789062 -0.0253887176513672 -0.00162696838378906
0.0380592346191406 0.00677108764648438 -0.0245647430419922 -0.0106430053710937
0.0404014587402344 0.0201759338378906 -0.0158939361572266 -0.00280666351318359
0.036346435546875 0.0312881469726563 -0.00981903076171875 0.0117521286010742
0.0350456237792969 0.048919677734375 0.00979518890380859 -0.0150470733642578
0.0441474914550781 0.0418663024902344 0.0256252288818359 0.00985908508300781
0.0441131591796875 0.02642822265625 0.0310039520263672 0.00831794738769531
0.0481605529785156 0.0106201171875 0.0354690551757812 -0.0033416748046875
0.0433311462402344 -0.00831985473632813 0.0247726440429688 -0.0124664306640625
0.0338191986083984 -0.0297794342041016 0.0115642547607422 -0.018798828125
0.0200119018554687 -0.0369110107421875 0.000136852264404297 -0.00673437118530274
0.0190658569335937 -0.0321426391601563 -0.00727701187133789 0.00626802444458007
0.0184364318847656 -0.0376739501953125 -0.0103588104248047 0.0150003433227539
0.0261688232421875 -0.0365982055664063 -0.0184898376464844 0.0153980255126953
0.0368766784667969 -0.0233421325683594 -0.02764892578125 0.0139636993408203
0.0423431396484375 -0.0115470886230469 -0.0258140563964844 0.00122451782226562
0.0435829162597656 0.00902557373046875 -0.0210437774658203 -0.00873374938964843
0.0442581176757813 0.0256156921386719 -0.00342059135437011 0.00326871871948242
0.0377159118652344 0.036834716796875 0.00379180908203125 0.02459716796875
0.0325584411621094 0.0432319641113281 0.0225543975830078 -0.00166130065917968
0.0452003479003906 0.0376358032226562 0.0347270965576172 0.0167331695556641
0.0451126098632812 0.0200347900390625 0.0316829681396484 0.00897407531738281
0.0461082458496094 0.0037384033203125 0.0291996002197266 5.72204589843773E-06
0.0385398864746094 -0.0130043029785156 0.0164766311645508 -0.00499057769775391
0.0268878936767578 -0.0301990509033203 0.00353240966796875 -0.00563097000122071
0.0150089263916016 -0.0328235626220703 -0.00353336334228516 0.00931167602539062
0.0156974792480469 -0.0283565521240234 -0.00880813598632812 0.0212917327880859
0.0158977508544922 -0.0325698852539063 -0.013427734375 0.0291385650634766
0.0231781005859375 -0.031097412109375 -0.0227584838867188 0.0256214141845703
0.0331096649169922 -0.0188274383544922 -0.0300712585449219 0.0205917358398438
0.0399208068847656 -0.00857162475585937 -0.0257949829101562 0.00457954406738281
0.0409889221191406 0.0120010375976562 -0.0161771774291992 -0.00645160675048828
0.0406990051269531 0.0287322998046875 0.00826358795166016 0.00943851470947266
0.0326347351074219 0.0382881164550781 0.0153923034667969 0.0379180908203125
0.0249195098876953 0.0315570831298828 0.0332736968994141 0.00605010986328125
0.0385475158691406 0.0270118713378906 0.0413703918457031 0.0187759399414063
0.0370674133300781 0.0115089416503906 0.0305957794189453 0.00827980041503906
0.0347175598144531 -0.00277900695800781 0.0230503082275391 0.00401115417480469
0.0260505676269531 -0.0143527984619141 0.0103950500488281 0.00266647338867187
0.0153369903564453 -0.0249767303466797 -0.000109195709228515 0.0067291259765625
0.00807380676269531 -0.0231475830078125 -0.00553321838378906 0.0233154296875
0.00966644287109375 -0.0192127227783203 -0.0100879669189453 0.0330810546875
0.0105819702148437 -0.0229282379150391 -0.0153388977050781 0.0388984680175781
0.0164031982421875 -0.0219268798828125 -0.0269851684570312 0.0331001281738281
0.0253391265869141 -0.0129337310791016 -0.0330600738525391 0.0247154235839844
0.0316905975341797 -0.00429344177246094 -0.0275459289550781 0.00824165344238281
0.0319061279296875 0.0129756927490234 -0.0126190185546875 -0.00228500366210937
0.0313282012939453 0.0265865325927734 0.0158615112304688 0.0172929763793945
0.0223655700683594 0.0340843200683594 0.0229072570800781 0.0513801574707031
0.0117712020874023 0.016932487487793 0.0394020080566406 0.00907135009765625
0.0246658325195313 0.0148696899414063 0.0438766479492188 0.016510009765625
0.0218334197998047 0.00201988220214844 0.0282554626464844 0.00763511657714844
0.0175971984863281 -0.0060577392578125 0.0185642242431641 0.00789260864257813
0.0101938247680664 -0.0117912292480469 0.00899982452392578 0.00828456878662109
0.00228691101074219 -0.0145292282104492 -0.00170803070068359 0.0154972076416016
0.000573158264160157 -0.00986957550048828 -0.00454139709472656 0.0310897827148438
0.00205183029174805 -0.00728416442871094 -0.00879287719726562 0.0396614074707031
0.00255107879638672 -0.0103893280029297 -0.0178489685058594 0.044403076171875
0.00598335266113281 -0.0116233825683594 -0.0319557189941406 0.0368385314941406
0.0132961273193359 -0.00766372680664063 -0.036224365234375 0.026336669921875
0.0188331604003906 -0.00284767150878906 -0.0290794372558594 0.00969314575195313
0.0204067230224609 0.00870895385742188 -0.0128164291381836 0.00156116485595703
0.0183010101318359 0.0180225372314453 0.016998291015625 0.0249996185302734
0.00912666320800781 0.0231838226318359 0.0257377624511719 0.0613136291503906
-0.00065922737121582 0.00340390205383301 -0.0312614440917969 -0.0526046752929688
-0.0034635066986084 -0.00243902206420898 -0.0111331939697266 -0.0228710174560547
-0.00707912445068359 0.00356864929199219 0.0143842697143555 -0.000977516174316406
-0.000534534454345703 0.00751495361328125 0.0354995727539063 -0.0106391906738281
0.00383329391479492 0.00346589088439941 0.0379829406738281 -0.024993896484375
0.00374794006347656 -0.000416994094848633 0.0300788879394531 -0.0417671203613281
0.00354576110839844 -0.00482082366943359 0.0150833129882813 -0.0480155944824219
0.00244331359863281 -0.0039060115814209 0.00313949584960937 -0.0401153564453125
0.00278925895690918 -0.00348615646362305 -0.00278854370117187 -0.0294723510742187
0.005645751953125 -0.00278806686401367 -0.00513267517089844 -0.020263671875
0.00631284713745117 0.00107765197753906 -0.0161705017089844 -0.0110816955566406
0.00105762481689453 0.00584936141967773 -0.0213985443115234 -0.00874137878417969
-0.00624656677246094 0.00134134292602539 -0.0281639099121094 -0.0126991271972656
-0.00274419784545898 -0.00444316864013672 -0.0409088134765625 -0.0122795104980469
-0.00155675411224365 -0.00183618068695068 -0.0375709533691406 -0.010498046875
0.0129146575927734 0.0200347900390625 -0.0245399475097656 -0.0492668151855469
0.0112752914428711 0.0118236541748047 -0.00466537475585938 -0.0188274383544922
0.00707244873046875 0.0123662948608398 0.01837158203125 -0.00141716003417969
0.0141534805297852 0.0112419128417969 0.0380020141601563 -0.0104484558105469
0.0175104141235352 0.00192356109619141 0.0377044677734375 -0.0239295959472656
0.0163125991821289 -0.00973129272460938 0.0290946960449219 -0.0404548645019531
0.0108795166015625 -0.0182247161865234 0.0130996704101562 -0.0434608459472656
0.00909423828125 -0.0162630081176758 8.01086425781234E-05 -0.0341606140136719
0.00933647155761719 -0.0186214447021484 -0.005279541015625 -0.0237178802490234
0.0143089294433594 -0.0170230865478516 -0.00908565521240234 -0.0167694091796875
0.0186405181884766 -0.00902366638183594 -0.0193614959716797 -0.00835800170898438
0.0171880722045898 0.000107765197753906 -0.022552490234375 -0.00789451599121094
0.0113086700439453 0.00431537628173828 -0.0285053253173828 -0.0111274719238281
0.0141401290893555 0.00443077087402344 -0.0365104675292969 -0.00905990600585938
0.0148353576660156 0.00990009307861328 -0.0324020385742188 -0.00522804260253906
0.0250225067138672 0.0340251922607422 -0.0157966613769531 -0.0406684875488281
0.0248222351074219 0.0258388519287109 0.00393390655517578 -0.011082649230957
0.0218296051025391 0.0203094482421875 0.0234889984130859 0.000564575195312501
0.0297012329101563 0.013397216796875 0.0393447875976563 -0.00989532470703125
0.0302371978759766 -0.000192642211914063 0.0354995727539063 -0.0228271484375
0.0260028839111328 -0.0184688568115234 0.024749755859375 -0.0368614196777344
0.0162086486816406 -0.0289573669433594 0.00922203063964844 -0.0341815948486328
0.0138492584228516 -0.0263614654541016 -0.00203514099121094 -0.0234413146972656
0.0130901336669922 -0.0304336547851563 -0.00746059417724609 -0.0129337310791016
0.0204315185546875 -0.0299186706542969 -0.012669563293457 -0.00782108306884766
0.0286693572998047 -0.018402099609375 -0.0231094360351563 -0.00160598754882813
0.0304203033447266 -0.00774002075195313 -0.0245647430419922 -0.00525474548339844
0.0267429351806641 0.00514602661132812 -0.0274715423583984 -0.0102958679199219
0.0296821594238281 0.0121078491210938 -0.0277080535888672 -0.00535202026367187
0.0282573699951172 0.0210857391357422 -0.0230484008789063 0.00194168090820313
0.0334053039550781 0.0432052612304688 -0.004180908203125 -0.0274467468261719
0.0369453430175781 0.0348281860351563 0.0147523880004883 -0.000387191772460935
0.0359382629394531 0.0246429443359375 0.0280342102050781 0.00423431396484375
0.0417633056640625 0.0126876831054688 0.0385246276855469 -0.00741958618164062
0.0393714904785156 -0.00470733642578125 0.0301990509033203 -0.0193862915039063
0.0315151214599609 -0.0254459381103516 0.0177860260009766 -0.0297203063964844
0.0185928344726562 -0.0351715087890625 0.00407028198242187 -0.0210399627685547
0.0168838500976562 -0.0323944091796875 -0.0044550895690918 -0.00843286514282227
0.015411376953125 -0.03729248046875 -0.00885200500488281 0.00126266479492187
0.0232086181640625 -0.0369911193847656 -0.0154809951782227 0.003875732421875
0.0332279205322266 -0.0246791839599609 -0.0252342224121094 0.00717926025390624
0.0386390686035156 -0.0132637023925781 -0.0255241394042969 -0.0010833740234375
0.0380973815917969 0.00511550903320312 -0.0250911712646484 -0.00863456726074219
0.0408134460449219 0.01800537109375 -0.0164871215820312 -0.00158596038818359
0.0369224548339844 0.0290679931640625 -0.00941371917724609 0.0122737884521484
0.0366287231445313 0.0456085205078125 0.00964069366455078 -0.0146522521972656
0.045654296875 0.0381622314453125 0.0257129669189453 0.00938796997070313
0.04473876953125 0.023040771484375 0.0311737060546875 0.00694465637207032
0.0478591918945313 0.00820541381835938 0.0348682403564453 -0.00412368774414062
0.0418319702148438 -0.0106735229492188 0.0232143402099609 -0.0137157440185547
0.0309219360351563 -0.0306167602539063 0.0101032257080078 -0.0184783935546875
0.0177803039550781 -0.0365524291992187 -0.000114917755126952 -0.00565433502197266
0.0165863037109375 -0.0334510803222656 -0.0066680908203125 0.00687074661254883
0.0152435302734375 -0.0381927490234375 -0.00954341888427734 0.0170202255249023
0.0231513977050781 -0.0373039245605469 -0.0176868438720703 0.0162582397460937
0.0343742370605469 -0.02484130859375 -0.0270118713378906 0.0153331756591797
0.0409278869628906 -0.014312744140625 -0.0253677368164063 0.00267791748046875
0.0425872802734375 0.00725555419921875 -0.0210533142089844 -0.00766181945800781
0.045166015625 0.0228843688964844 -0.00317835807800293 0.00296854972839356
0.0394172668457031 0.0340690612792969 0.00429153442382813 0.0237083435058594
0.0349807739257812 0.0402984619140625 0.0226726531982422 -0.00234794616699219
0.0464210510253906 0.0335159301757812 0.0349750518798828 0.0148830413818359
0.0451545715332031 0.016998291015625 0.0321140289306641 0.00791740417480469
0.0454673767089844 0.000911712646484375 0.0283012390136719 -0.000810623168945312
0.0367507934570313 -0.01513671875 0.0158500671386719 -0.00623130798339844
0.0242481231689453 -0.03082275390625 0.00294208526611328 -0.00481462478637695
0.0133476257324219 -0.0326881408691406 -0.00276565551757812 0.00995349884033203
0.0131683349609375 -0.0282516479492187 -0.00760078430175781 0.0215435028076172
0.0136737823486328 -0.0328845977783203 -0.0111598968505859 0.0292892456054687
0.0207939147949219 -0.0311546325683594 -0.0215110778808594 0.0268096923828125
0.0316753387451172 -0.0208663940429688 -0.0287990570068359 0.0220146179199219
0.038116455078125 -0.0110549926757813 -0.0258464813232422 0.00627326965332031
0.0405616760253906 0.0096435546875 -0.0164108276367187 -0.00513648986816407
0.0415916442871094 0.0261001586914063 0.00844478607177735 0.00896167755126953
0.0347175598144531 0.0357322692871094 0.01654052734375 0.03643798828125
0.0257987976074219 0.0298347473144531 0.0333175659179688 0.00477218627929688
0.0390701293945313 0.0239067077636719 0.0422286987304687 0.0163764953613281
0.0369415283203125 0.00836181640625 0.0309085845947266 0.00769424438476563
0.0340652465820312 -0.00513648986816406 0.0224437713623047 0.00337982177734375
0.0245742797851563 -0.0157012939453125 0.0106172561645508 0.00228023529052734
0.0137062072753906 -0.0251522064208984 -0.000271797180175781 0.0068211555480957
0.00674247741699219 -0.0227680206298828 -0.00343513488769531 0.0230026245117188
0.00773048400878906 -0.0196971893310547 -0.00731468200683594 0.0335197448730469
0.00912284851074219 -0.0227031707763672 -0.0129051208496094 0.039093017578125
0.0148696899414062 -0.0222682952880859 -0.0252285003662109 0.0342330932617188
0.0242900848388672 -0.0142288208007812 -0.0313949584960938 0.0262794494628906
0.0303745269775391 -0.00632476806640625 -0.0264053344726562 0.00923728942871094
0.0322074890136719 0.010955810546875 -0.0132808685302734 -0.00142192840576172
0.0319843292236328 0.0238132476806641 0.0156583786010742 0.0158872604370117
0.0241622924804687 0.0318470001220703 0.0244026184082031 0.0488204956054688
0.0122661590576172 0.015995979309082 0.0388374328613281 0.00737380981445313
0.0251178741455078 0.0126705169677734 0.0438232421875 0.01397705078125
0.0214443206787109 0.000698089599609375 0.0284709930419922 0.00673675537109375
0.0167169570922852 -0.00752925872802734 0.0185260772705078 0.00639152526855469
0.00943946838378906 -0.012415885925293 0.00922203063964844 0.00798892974853516
0.00111198425292969 -0.0134735107421875 0.000131607055664062 0.0158653259277344
0.000347137451171875 -0.00913715362548828 -0.00200080871582031 0.0307941436767578
0.0015721321105957 -0.00696706771850586 -0.00609588623046875 0.0395355224609375
0.00251293182373047 -0.00993156433105469 -0.0150146484375 0.0442581176757813
0.00530338287353516 -0.0112514495849609 -0.0291519165039062 0.038299560546875
0.0126638412475586 -0.00860500335693359 -0.0338497161865234 0.0274600982666016
0.0174570083618164 -0.00454235076904297 -0.0282917022705078 0.0107936859130859
0.0199165344238281 0.0077667236328125 -0.01263427734375 0.00287151336669922
0.0188865661621094 0.0168514251708984 0.0179271697998047 0.0227642059326172
0.0105419158935547 0.0216579437255859 0.0278129577636719 0.0581321716308594
-0.000123977661132812 0.00336408615112305 -0.0302543640136719 -0.0506019592285156
-0.00332140922546387 -0.0023195743560791 -0.0114002227783203 -0.0216655731201172
-0.00621700286865234 0.00341796875 0.0136117935180664 -0.00178813934326172
-0.000236034393310547 0.00734663009643555 0.0343971252441406 -0.0112323760986328
0.00386571884155273 0.00297379493713379 0.0366134643554688 -0.0250473022460938
0.00399351119995117 -0.000931024551391602 0.0281829833984375 -0.0415306091308594
0.00325965881347656 -0.0055241584777832 0.0132713317871094 -0.0462799072265625
0.00287175178527832 -0.00375556945800781 0.00133132934570312 -0.0382766723632813
0.00291919708251953 -0.00410223007202148 -0.00345611572265625 -0.0288143157958984
0.00600910186767578 -0.00319814682006836 -0.00582504272460938 -0.0194721221923828
0.00651693344116211 0.00115728378295898 -0.0160694122314453 -0.0103206634521484
0.00122547149658203 0.00579595565795898 -0.0203437805175781 -0.00844573974609375
-0.00591182708740234 0.00161504745483398 -0.0271625518798828 -0.0117778778076172
-0.00278806686401367 -0.00400710105895996 -0.0394859313964844 -0.0113716125488281
-0.00177109241485596 -0.00146698951721191 -0.0367355346679688 -0.00910949707031251
0.0138301849365234 0.0190849304199219 -0.0240669250488281 -0.046722412109375
0.0109214782714844 0.0110158920288086 -0.00473213195800781 -0.0177268981933594
0.00773429870605469 0.0113468170166016 0.0177192687988281 -0.001739501953125
0.014897346496582 0.0105190277099609 0.0363197326660156 -0.0111770629882813
0.0172061920166016 0.0012054443359375 0.0361442565917969 -0.0238075256347656
0.0153894424438477 -0.010127067565918 0.0270423889160156 -0.0401420593261719
0.0101604461669922 -0.0182971954345703 0.0117645263671875 -0.0418472290039063
0.00875186920166016 -0.0167837142944336 -0.0010833740234375 -0.0321731567382813
0.00831794738769531 -0.0185260772705078 -0.00600433349609375 -0.0227527618408203
0.0141839981079102 -0.0174560546875 -0.00988101959228515 -0.0163450241088867
0.0187244415283203 -0.0092315673828125 -0.019012451171875 -0.00805473327636719
0.0165109634399414 -0.000714302062988281 -0.0220279693603516 -0.00761032104492187
0.0108366012573242 0.00446701049804688 -0.0278511047363281 -0.0106048583984375
0.0138435363769531 0.0043792724609375 -0.0356597900390625 -0.00802993774414062
0.0144071578979492 0.0098419189453125 -0.0319309234619141 -0.0046539306640625
0.0245170593261719 0.0325431823730469 -0.0155258178710938 -0.0379219055175781
0.0244770050048828 0.0243949890136719 0.00468158721923828 -0.0101022720336914
0.0218620300292969 0.0196380615234375 0.0226669311523437 0.000415802001953126
0.0291919708251953 0.0125942230224609 0.0379486083984375 -0.00986862182617188
0.0294780731201172 -0.00117301940917969 0.0339889526367188 -0.0225105285644531
0.0247859954833984 -0.0182609558105469 0.0230712890625 -0.0363121032714844
0.0149765014648437 -0.0279941558837891 0.007904052734375 -0.0326766967773438
0.013427734375 -0.0263538360595703 -0.00260353088378906 -0.0218601226806641
0.0121135711669922 -0.0301799774169922 -0.00763511657714844 -0.0112829208374023
0.0191154479980469 -0.0296630859375 -0.0129022598266602 -0.00776004791259766
0.0270957946777344 -0.0192279815673828 -0.0223236083984375 -0.0010223388671875
0.0292148590087891 -0.00821304321289062 -0.0240459442138672 -0.00444030761718751
0.02545166015625 0.00418853759765625 -0.0270061492919922 -0.00898551940917968
0.0291061401367188 0.0119094848632813 -0.0279750823974609 -0.00431632995605469
0.0276565551757813 0.0198154449462891 -0.0226821899414063 0.00273704528808594
0.0332794189453125 0.0410499572753906 -0.00361061096191406 -0.0257987976074219
0.0374374389648438 0.0333671569824219 0.0145816802978516 0.000370025634765627
0.0352554321289063 0.0229759216308594 0.027587890625 0.00429725646972656
0.0416450500488281 0.0110282897949219 0.0372238159179688 -0.00750732421875
0.0379562377929688 -0.00583267211914063 0.0288791656494141 -0.0191192626953125
0.0304985046386719 -0.025115966796875 0.0159950256347656 -0.0284652709960937
0.0171451568603516 -0.0343341827392578 0.00433921813964844 -0.0200138092041016
0.0156478881835938 -0.0318412780761719 -0.00470399856567383 -0.00790262222290039
0.0137748718261719 -0.0366630554199219 -0.00888252258300781 0.00204277038574219
0.0213699340820313 -0.0365943908691406 -0.0155916213989258 0.00412654876708984
0.0318126678466797 -0.0244159698486328 -0.0239772796630859 0.00753593444824219
0.0361824035644531 -0.0141258239746094 -0.0245151519775391 -0.000720977783203121
0.0365943908691406 0.004669189453125 -0.0249977111816406 -0.00744247436523438
0.0391998291015625 0.0168266296386719 -0.01666259765625 -0.00140190124511719
0.0374603271484375 0.026885986328125 -0.00984859466552734 0.0119161605834961
0.0372047424316406 0.0432853698730469 0.0100183486938477 -0.0130882263183594
0.0445442199707031 0.0355949401855469 0.0252342224121094 0.0088043212890625
0.0431938171386719 0.0216293334960938 0.0299396514892578 0.00691795349121094
0.0472450256347656 0.00600051879882813 0.0339603424072266 -0.00362777709960937
0.040252685546875 -0.0112419128417969 0.0222301483154297 -0.0131340026855469
0.0289821624755859 -0.0300617218017578 0.00883674621582031 -0.0179576873779297
0.0159378051757813 -0.0360145568847656 -0.000444412231445312 -0.00490570068359375
0.0149478912353516 -0.0320835113525391 -0.00546121597290039 0.00750398635864257
0.0140724182128906 -0.0373878479003906 -0.00950241088867188 0.0168514251708984
0.0212287902832031 -0.0365028381347656 -0.0174121856689453 0.0157890319824219
0.0324420928955078 -0.0252647399902344 -0.0260086059570312 0.0157546997070313
0.03955078125 -0.0144691467285156 -0.0247116088867187 0.00343704223632812
0.0413284301757813 0.00565719604492187 -0.0212802886962891 -0.00621414184570312
0.0434913635253906 0.0212936401367188 -0.00389599800109863 0.00300335884094238
0.0391960144042969 0.0314674377441406 0.00375747680664063 0.0231742858886719
0.0351448059082031 0.0385551452636719 0.0229053497314453 -0.00260353088378906
0.0448799133300781 0.0312423706054688 0.0346145629882813 0.0142135620117188
0.043426513671875 0.0149116516113281 0.0311050415039063 0.0079193115234375
0.0441780090332031 -0.0001983642578125 0.0284042358398438 -0.000713348388671875
0.034820556640625 -0.0149993896484375 0.0151605606079102 -0.00531864166259766
0.0228118896484375 -0.0297298431396484 0.00302743911743164 -0.00479650497436524
0.0121326446533203 -0.031158447265625 -0.00242805480957031 0.0102968215942383
0.0118865966796875 -0.027587890625 -0.00645256042480468 0.0216007232666016
0.0120391845703125 -0.0319862365722656 -0.00966453552246094 0.0291175842285156
0.0191097259521484 -0.031097412109375 -0.0201339721679688 0.0266189575195312
0.0295238494873047 -0.0212230682373047 -0.0277423858642578 0.0224494934082031
0.0369529724121094 -0.0118370056152344 -0.02490234375 0.00676727294921875
0.0394401550292969 0.00843048095703125 -0.0168514251708984 -0.00416278839111328
0.0408477783203125 0.0238761901855469 0.00753021240234375 0.00822973251342774
0.0347194671630859 0.0331821441650391 0.0159816741943359 0.0347576141357422
0.0264739990234375 0.0276584625244141 0.0328617095947266 0.00400543212890625
0.0381126403808594 0.0219650268554688 0.0412940979003906 0.0153884887695313
0.0352668762207031 0.00754928588867188 0.0299453735351563 0.00715065002441406
0.0324745178222656 -0.00542831420898438 0.0224132537841797 0.00329971313476562
0.0229549407958984 -0.0161094665527344 0.0104923248291016 0.00280094146728516
0.0122203826904297 -0.0235481262207031 -0.000479698181152343 0.0072784423828125
0.00568199157714844 -0.0215969085693359 -0.00235366821289063 0.0225791931152344
0.00719642639160156 -0.0189895629882813 -0.0052642822265625 0.0324287414550781
0.00787734985351563 -0.0221881866455078 -0.0112533569335938 0.0379791259765625
0.013427734375 -0.0220527648925781 -0.0239658355712891 0.0338306427001953
0.0227813720703125 -0.0142936706542969 -0.0296363830566406 0.0262527465820312
0.0288467407226563 -0.00731468200683594 -0.0257453918457031 0.00932884216308594
0.0307178497314453 0.00950431823730469 -0.0135269165039062 -0.00036525726318359
0.0314865112304688 0.0225791931152344 0.0152120590209961 0.0153131484985352
0.0243492126464844 0.0294933319091797 0.0244331359863281 0.0466232299804688
0.0127544403076172 0.0141658782958984 0.0386505126953125 0.00654220581054688
0.0247001647949219 0.0106678009033203 0.0431594848632813 0.0133247375488281
0.0203685760498047 1.9073486328125E-05 0.0280513763427734 0.00632286071777344
0.0161285400390625 -0.00743770599365234 0.0189151763916016 0.00679588317871094
0.00836658477783203 -0.0118227005004883 0.00979328155517578 0.00784206390380859
0.000522613525390624 -0.0126371383666992 0.000250816345214843 0.0157203674316406
-0.000356197357177734 -0.00783395767211914 -0.00104904174804688 0.0296611785888672
0.00145053863525391 -0.00653934478759766 -0.00417327880859375 0.0380439758300781
0.00161552429199219 -0.00878715515136719 -0.0130348205566406 0.0431900024414063
0.00441074371337891 -0.0106143951416016 -0.0268592834472656 0.037872314453125
0.0111627578735352 -0.00846385955810547 -0.0322475433349609 0.0272026062011719
0.0170917510986328 -0.00454139709472656 -0.0269947052001953 0.011077880859375
0.0188732147216797 0.00705146789550781 -0.012425422668457 0.00282382965087891
0.0186367034912109 0.0157318115234375 0.0174293518066406 0.0215644836425781
0.0109081268310547 0.0207252502441406 0.0275306701660156 0.0556869506835938
-0.000244617462158203 0.00361347198486328 -0.0283775329589844 -0.0497093200683594
-0.0031740665435791 -0.00221633911132812 -0.0106849670410156 -0.0208759307861328
-0.00557374954223633 0.00300931930541992 0.0141477584838867 -0.00142288208007812
0.000255107879638672 0.00677633285522461 0.0341758728027344 -0.0103321075439453
0.00433874130249024 0.00323033332824707 0.035614013671875 -0.0240516662597656
0.00399589538574219 -0.00112485885620117 0.0283317565917969 -0.0400123596191406
0.00402021408081055 -0.00620365142822266 0.0132102966308594 -0.045166015625
0.0029761791229248 -0.00416374206542969 0.0013427734375 -0.0370597839355469
0.00298309326171875 -0.00417733192443848 -0.00391769409179687 -0.0277042388916016
0.00661230087280273 -0.0034637451171875 -0.00562858581542969 -0.0197792053222656
0.00656843185424805 0.000962734222412109 -0.0158529281616211 -0.0109853744506836
0.00151443481445313 0.00608968734741211 -0.0205898284912109 -0.00820350646972656
-0.00518321990966797 0.00215291976928711 -0.0271987915039062 -0.0124492645263672
-0.0027916431427002 -0.00394797325134277 -0.0388259887695313 -0.0116806030273437
-0.00170516967773438 -0.000302553176879883 -0.0360641479492188 -0.00950622558593751
0.0134925842285156 0.0189895629882813 -0.0223541259765625 -0.0453643798828125
0.0109062194824219 0.0114936828613281 -0.00357341766357422 -0.0174131393432617
0.00737285614013672 0.011836051940918 0.0174093246459961 -0.00120258331298828
0.0144290924072266 0.00998783111572266 0.035888671875 -0.0103263854980469
0.017298698425293 0.00159072875976563 0.0357589721679688 -0.0232582092285156
0.0151796340942383 -0.00928211212158203 0.0267105102539062 -0.0390815734863281
0.0100364685058594 -0.0180072784423828 0.0117759704589844 -0.0406494140625
0.0090789794921875 -0.0165748596191406 -0.000562667846679684 -0.0310573577880859
0.008392333984375 -0.0183448791503906 -0.00603866577148437 -0.0218830108642578
0.0140008926391602 -0.0171260833740234 -0.0097198486328125 -0.0161018371582031
0.0188541412353516 -0.00900077819824219 -0.0192718505859375 -0.00719070434570313
0.0170192718505859 -0.000166893005371094 -0.0212821960449219 -0.00767707824707032
0.0104923248291016 0.00516796112060547 -0.02752685546875 -0.0109481811523437
0.0132713317871094 0.00507926940917969 -0.0353851318359375 -0.00839996337890624
0.0142011642456055 0.0101070404052734 -0.0319499969482422 -0.00481796264648437
0.0247783660888672 0.0316791534423828 -0.0132408142089844 -0.0377693176269531
0.0235595703125 0.0233802795410156 0.00477695465087891 -0.00951194763183594
0.0212230682373047 0.0198802947998047 0.0224533081054688 0.00153732299804688
0.0285472869873047 0.0121917724609375 0.0373725891113281 -0.0090179443359375
0.0291080474853516 -0.00158309936523438 0.0333576202392578 -0.0212936401367188
0.0248966217041016 -0.0175952911376953 0.0223922729492188 -0.0353279113769531
0.0151557922363281 -0.0270366668701172 0.00842857360839844 -0.0317611694335938
0.0136661529541016 -0.0258636474609375 -0.0023956298828125 -0.0205879211425781
0.0121212005615234 -0.0294666290283203 -0.00774478912353515 -0.011627197265625
0.0192298889160156 -0.0292415618896484 -0.0135297775268555 -0.00779533386230469
0.0269927978515625 -0.0183773040771484 -0.0219955444335937 -0.00177574157714844
0.0289173126220703 -0.00769233703613281 -0.0232315063476563 -0.00436782836914062
0.0252933502197266 0.00570869445800781 -0.0265064239501953 -0.00927734375
0.02825927734375 0.0120925903320312 -0.0277595520019531 -0.00402069091796874
0.0278778076171875 0.0198879241943359 -0.0228004455566406 0.00269889831542969
0.0328903198242188 0.0400276184082031 -0.00238990783691406 -0.0247745513916016
0.03558349609375 0.0331802368164063 0.0148773193359375 0.000973701477050783
0.0338821411132812 0.0233917236328125 0.0272083282470703 0.0046844482421875
0.0406913757324219 0.01055908203125 0.036712646484375 -0.0062713623046875
0.037353515625 -0.00568389892578125 0.0288314819335938 -0.0178260803222656
0.0294132232666016 -0.0243415832519531 0.0164222717285156 -0.0274009704589844
0.0166110992431641 -0.0336551666259766 0.00404739379882813 -0.0188503265380859
0.015594482421875 -0.0316314697265625 -0.00393867492675781 -0.00643062591552735
0.0140953063964844 -0.0360107421875 -0.0086517333984375 0.00292539596557617
0.0207595825195313 -0.0353469848632812 -0.0158758163452148 0.0036172866821289
0.0313758850097656 -0.0237140655517578 -0.0238742828369141 0.00742530822753906
0.0366363525390625 -0.0134468078613281 -0.0244503021240234 -0.000265121459960943
0.0362014770507813 0.00583648681640625 -0.0245532989501953 -0.00734519958496093
0.0389785766601563 0.01751708984375 -0.0168170928955078 -0.000555038452148436
0.036041259765625 0.0276451110839844 -0.0101041793823242 0.012232780456543
0.0367050170898438 0.0413932800292969 0.0102367401123047 -0.0131702423095703
0.0433120727539063 0.0357093811035156 0.024749755859375 0.00997543334960938
0.0418281555175781 0.02197265625 0.0300884246826172 0.00838851928710938
0.04632568359375 0.00581741333007813 0.0338668823242187 -0.00320625305175781
0.0389213562011719 -0.0103034973144531 0.0215663909912109 -0.0120658874511719
0.0283164978027344 -0.0287055969238281 0.00905132293701172 -0.0168075561523438
0.0159873962402344 -0.0335922241210938 0.00025773048400879 -0.00436997413635254
0.0147628784179688 -0.0315208435058594 -0.00618505477905273 0.00782108306884765
0.0142745971679688 -0.0364494323730469 -0.00906085968017578 0.0170564651489258
0.020843505859375 -0.0358924865722656 -0.0180492401123047 0.0156841278076172
0.0325813293457031 -0.0247306823730469 -0.0260047912597656 0.0152740478515625
0.0387382507324219 -0.014404296875 -0.0249710083007813 0.00366401672363281
0.0401649475097656 0.0065460205078125 -0.0210399627685547 -0.00493431091308593
0.0431365966796875 0.0215911865234375 -0.00407195091247558 0.00294637680053711
0.0387535095214844 0.0313377380371094 0.00304222106933594 0.023101806640625
0.03411865234375 0.0374031066894531 0.0233936309814453 -0.00127029418945312
0.0440826416015625 0.0310134887695313 0.03448486328125 0.0149574279785156
0.04248046875 0.0159835815429688 0.0308113098144531 0.00857925415039063
0.0432624816894531 -0.00116348266601563 0.0275745391845703 0.00116920471191406
0.0340995788574219 -0.0149745941162109 0.0154714584350586 -0.00386524200439453
0.0222969055175781 -0.0282421112060547 0.0028080940246582 -0.00423336029052735
0.0121803283691406 -0.0298099517822266 -0.00304603576660156 0.00972557067871093
0.01226806640625 -0.0273189544677734 -0.005340576171875 0.0220718383789063
0.0121097564697266 -0.0300273895263672 -0.00987625122070312 0.028594970703125
0.0186386108398438 -0.0299930572509766 -0.0200138092041016 0.02642822265625
0.0290737152099609 -0.0208225250244141 -0.0273036956787109 0.0211658477783203
0.0360946655273438 -0.0111923217773438 -0.0250835418701172 0.00669288635253906
0.0386543273925781 0.00914764404296875 -0.0165681838989258 -0.00297927856445312
0.0397987365722656 0.024383544921875 0.00620174407958985 0.00840234756469727
0.0338058471679688 0.0321941375732422 0.0151424407958984 0.0348644256591797
0.0257453918457031 0.0261020660400391 0.0333786010742188 0.00485801696777344
0.0369796752929688 0.0213737487792969 0.040313720703125 0.0157737731933594
0.0345821380615234 0.0074310302734375 0.0284862518310547 0.00818824768066406
0.0321502685546875 -0.00576019287109375 0.021697998046875 0.00481224060058594
0.0219516754150391 -0.0149803161621094 0.00972747802734375 0.00261497497558594
0.0124435424804688 -0.0225639343261719 -1.23977661132799E-05 0.00767230987548828
0.00488853454589844 -0.0205001831054687 -0.00227928161621093 0.0223197937011719
0.00773048400878906 -0.0177783966064453 -0.00481986999511718 0.0318241119384766
0.00743865966796875 -0.0211372375488281 -0.011260986328125 0.0375747680664063
0.0126113891601563 -0.0206241607666016 -0.0239429473876953 0.0334205627441406
0.022186279296875 -0.0134620666503906 -0.0297622680664063 0.0254993438720703
0.0281639099121094 -0.00725173950195313 -0.0258407592773438 0.00946044921875
0.0299072265625 0.009979248046875 -0.0134124755859375 -0.000452041625976561
0.0310096740722656 0.0226573944091797 0.0143671035766602 0.0149192810058594
0.0237503051757813 0.0291423797607422 0.0234298706054688 0.0467529296875
0.0122413635253906 0.0132017135620117 0.0379600524902344 0.00807952880859375
0.0236663818359375 0.0106487274169922 0.0426750183105469 0.0142745971679688
0.0207271575927734 0.000307083129882813 0.0277595520019531 0.00712394714355469
0.0156793594360352 -0.00769805908203125 0.0182380676269531 0.00850677490234375
0.00824165344238281 -0.0109395980834961 0.00917625427246094 0.00937271118164063
0.000890731811523438 -0.0118312835693359 0.000331878662109374 0.0149879455566406
-0.000506401062011719 -0.0073847770690918 -0.000658035278320315 0.0298175811767578
0.00168418884277344 -0.0064549446105957 -0.003936767578125 0.0374794006347656
0.00170135498046875 -0.00818014144897461 -0.0124893188476563 0.0422515869140625
0.00427913665771484 -0.0105361938476562 -0.0274543762207031 0.0369529724121094
0.0104961395263672 -0.00806236267089844 -0.0317440032958984 0.0272388458251953
0.0157918930053711 -0.00445270538330078 -0.0263919830322266 0.0113353729248047
0.0188674926757813 0.00666427612304688 -0.0130453109741211 0.00261211395263672
0.0183334350585938 0.0154247283935547 0.0154991149902344 0.0217514038085938
0.00979995727539063 0.0194206237792969 0.0256004333496094 0.0543479919433594
-4.43458557128903E-05 0.00361275672912598 -0.0272712707519531 -0.0504722595214844
-0.00315976142883301 -0.00141739845275879 -0.00991439819335938 -0.0214347839355469
-0.00601863861083984 0.00340414047241211 0.0144968032836914 -0.000550270080566406
0.00055694580078125 0.00672149658203125 0.0341930389404297 -0.00946235656738281
0.00446510314941406 0.00349235534667969 0.0368690490722656 -0.0233535766601563
0.00420403480529785 -0.000845432281494141 0.0286445617675781 -0.040771484375
0.00412940979003906 -0.00619316101074219 0.0143661499023437 -0.0447883605957031
0.00372695922851563 -0.00468254089355469 0.00217819213867187 -0.0366592407226563
0.00374650955200195 -0.00472068786621094 -0.00403213500976562 -0.0285587310791016
0.00692224502563477 -0.00297212600708008 -0.0060577392578125 -0.0203838348388672
0.00692510604858398 0.000524997711181641 -0.0153474807739258 -0.0115957260131836
0.00135087966918945 0.00578641891479492 -0.0204277038574219 -0.0100383758544922
-0.00603294372558594 0.0021510124206543 -0.0273895263671875 -0.0145721435546875
-0.00342965126037598 -0.00333404541015625 -0.039306640625 -0.0131759643554687
-0.00166845321655273 -0.000695705413818359 -0.0370941162109375 -0.010040283203125
0.0130500793457031 0.0194988250732422 -0.0204963684082031 -0.0462226867675781
0.0110855102539063 0.0110092163085938 -0.00321292877197266 -0.0172271728515625
0.00753021240234375 0.0121822357177734 0.0181083679199219 1.90734863281325E-06
0.0150079727172852 0.0106849670410156 0.0362319946289063 -0.00898361206054688
0.0172910690307617 0.00187015533447266 0.0363922119140625 -0.0226402282714844
0.0156612396240234 -0.00996208190917969 0.0277671813964844 -0.0392723083496094
0.0102958679199219 -0.0192966461181641 0.0124359130859375 -0.0400276184082031
0.00949287414550781 -0.0172080993652344 0.000181198120117189 -0.0308189392089844
0.00933074951171875 -0.0186347961425781 -0.00600242614746094 -0.0218982696533203
0.0145454406738281 -0.0178203582763672 -0.0103769302368164 -0.01666259765625
0.0195140838623047 -0.00899696350097656 -0.01959228515625 -0.00819587707519531
0.0177936553955078 3.4332275390625E-05 -0.0213642120361328 -0.00786209106445312
0.0110044479370117 0.0058135986328125 -0.0281982421875 -0.0116939544677734
0.0132665634155273 0.00597858428955078 -0.0360221862792969 -0.00942611694335937
0.0142364501953125 0.0111074447631836 -0.0327415466308594 -0.00546073913574219
0.0244483947753906 0.0333423614501953 -0.012725830078125 -0.0378761291503906
0.0236682891845703 0.0248184204101563 0.00531244277954102 -0.00824499130249023
0.0211677551269531 0.0207862854003906 0.0226516723632813 0.00277328491210938
0.0291252136230469 0.013031005859375 0.0386276245117188 -0.00789642333984375
0.02960205078125 -0.00126075744628906 0.0349044799804687 -0.0206375122070313
0.0258388519287109 -0.0186061859130859 0.0237541198730469 -0.0344142913818359
0.0157356262207031 -0.0283889770507813 0.0094146728515625 -0.0316123962402344
0.0135555267333984 -0.0266189575195313 -0.00244903564453125 -0.0198097229003906
0.0130691528320313 -0.0303459167480469 -0.0081777572631836 -0.0108585357666016
0.0202999114990234 -0.0291862487792969 -0.0147056579589844 -0.00702953338623047
0.0278358459472656 -0.0185813903808594 -0.02301025390625 -0.00150299072265625
0.0295505523681641 -0.00706100463867188 -0.0240364074707031 -0.00516700744628907
0.0258235931396484 0.00689697265625 -0.0281391143798828 -0.0103092193603516
0.0275726318359375 0.0136070251464844 -0.0285301208496094 -0.00507545471191406
0.0273818969726563 0.0201168060302734 -0.0234336853027344 0.00198745727539063
0.0324440002441406 0.04180908203125 -0.000850677490234374 -0.0256690979003906
0.0357818603515625 0.0331039428710938 0.0160655975341797 0.0022125244140625
0.0336647033691406 0.0246410369873047 0.0271759033203125 0.0060882568359375
0.04156494140625 0.0125312805175781 0.0373573303222656 -0.00519180297851562
0.0380096435546875 -0.00470733642578125 0.0292186737060547 -0.0161647796630859
0.0302600860595703 -0.0239372253417969 0.0167427062988281 -0.0270538330078125
0.0181961059570313 -0.0333271026611328 0.00396728515625 -0.0189380645751953
0.0165767669677734 -0.0319747924804688 -0.00399923324584961 -0.00570774078369141
0.0145301818847656 -0.036102294921875 -0.00963211059570313 0.0033884048461914
0.0224037170410156 -0.0360641479492188 -0.0167903900146484 0.00466156005859375
0.0318546295166016 -0.0249385833740234 -0.0247611999511719 0.00698661804199219
0.0371894836425781 -0.0126266479492188 -0.0247173309326172 -0.00167274475097656
0.0358505249023437 0.0059356689453125 -0.0256252288818359 -0.00730133056640626
0.0390625 0.0191650390625 -0.0182647705078125 -0.00126457214355469
0.0364608764648438 0.0271873474121094 -0.0111722946166992 0.011469841003418
0.0353240966796875 0.0427513122558594 0.0122213363647461 -0.0118484497070312
0.042877197265625 0.0362548828125 0.0254688262939453 0.0113468170166016
0.0415725708007813 0.0241546630859375 0.0294418334960938 0.00986289978027344
0.0471458435058594 0.00710296630859375 0.0339927673339844 -0.000736236572265624
0.0398902893066406 -0.00908660888671875 0.0227832794189453 -0.0110530853271484
0.0297775268554688 -0.0282402038574219 0.00889968872070313 -0.0164194107055664
0.0162773132324219 -0.0339603424072266 0.000658988952636719 -0.00441789627075195
0.0159549713134766 -0.0318088531494141 -0.00543403625488281 0.00909042358398437
0.0153999328613281 -0.0361557006835938 -0.0100936889648437 0.0161657333374023
0.0214805603027344 -0.0359268188476563 -0.0189437866210938 0.0160884857177734
0.0328884124755859 -0.0251789093017578 -0.0271396636962891 0.0156497955322266
0.0394439697265625 -0.0142288208007812 -0.0250873565673828 0.00287246704101563
0.0406379699707031 0.00829696655273438 -0.0210361480712891 -0.00580406188964844
0.0429496765136719 0.0233001708984375 -0.00485563278198242 0.00294828414916992
0.038665771484375 0.0323257446289063 0.00231742858886719 0.0241413116455078
0.0339736938476563 0.0377006530761719 0.0242118835449219 -0.00100135803222656
0.0442771911621094 0.0319442749023438 0.0344867706298828 0.0166454315185547
0.0430488586425781 0.0176048278808594 0.0306396484375 0.0109367370605469
0.0442695617675781 0.000698089599609375 0.0284328460693359 0.00230789184570313
0.0343456268310547 -0.0141067504882813 0.0157194137573242 -0.00288963317871094
0.02362060546875 -0.0289649963378906 0.0025634765625 -0.00319075584411621
0.0126972198486328 -0.0297603607177734 -0.00223159790039063 0.010188102722168
0.0125141143798828 -0.0268745422363281 -0.00664710998535156 0.021881103515625
0.0127162933349609 -0.0309791564941406 -0.0102329254150391 0.0289669036865234
0.0185489654541016 -0.0295200347900391 -0.0214557647705078 0.0263271331787109
0.0302009582519531 -0.0203475952148438 -0.0286884307861328 0.0224399566650391
0.0371131896972656 -0.0109138488769531 -0.02545166015625 0.00708389282226562
0.0384101867675781 0.0102958679199219 -0.0176372528076172 -0.00288200378417969
0.0396080017089844 0.0251579284667969 0.00638246536254883 0.00861215591430664
0.0331745147705078 0.033782958984375 0.0138168334960937 0.0359001159667969
0.0254039764404297 0.0264854431152344 0.0329723358154297 0.00551223754882813
0.036163330078125 0.0216827392578125 0.040435791015625 0.0174026489257813
0.0350723266601563 0.00899887084960938 0.0298938751220703 0.00908470153808594
0.0323352813720703 -0.00469017028808594 0.022796630859375 0.00580978393554688
0.0228004455566406 -0.0150947570800781 0.0106182098388672 0.00378036499023437
0.0127429962158203 -0.0219669342041016 -0.000231266021728516 0.00784921646118164
0.00613784790039063 -0.0208492279052734 -0.00290489196777344 0.0217094421386719
0.00780868530273438 -0.0179195404052734 -0.00537300109863281 0.0331764221191406
0.00868797302246094 -0.0202827453613281 -0.0125732421875 0.0377159118652344
0.0127792358398437 -0.0204372406005859 -0.0251045227050781 0.0333957672119141
0.0223026275634766 -0.0135784149169922 -0.0308666229248047 0.0249710083007813
0.0284614562988281 -0.00677108764648437 -0.0258274078369141 0.00859260559082031
0.0303611755371094 0.010498046875 -0.0132656097412109 -0.000199317932128907
0.0306205749511719 0.0232791900634766 0.0134077072143555 0.0159807205200195
0.0238742828369141 0.0295734405517578 0.0210914611816406 0.0467643737792969
0.01190185546875 0.0129642486572266 0.0384902954101563 0.00826644897460938
0.023193359375 0.0105247497558594 0.0424232482910156 0.0156936645507813
0.020355224609375 3.0517578125E-05 0.0280799865722656 0.00871658325195313
0.0163898468017578 -0.00765419006347656 0.0189361572265625 0.00934791564941406
0.00810623168945313 -0.011103630065918 0.00966644287109375 0.00946331024169922
0.000473976135253906 -0.0113134384155273 -0.000334739685058594 0.01641845703125
-0.000383377075195313 -0.00666427612304688 -0.00165176391601563 0.0296382904052734
0.0015568733215332 -0.0059967041015625 -0.00439834594726562 0.037353515625
0.0017704963684082 -0.00802993774414063 -0.0129928588867187 0.0416374206542969
0.00432682037353516 -0.00978279113769531 -0.0284690856933594 0.0374221801757812
0.0115499496459961 -0.00764942169189453 -0.0336284637451172 0.0268096923828125
0.0159072875976563 -0.00460052490234375 -0.027099609375 0.0106201171875
0.0190505981445313 0.00784492492675781 -0.0127992630004883 0.00211429595947266
0.0176944732666016 0.0159683227539063 0.0153007507324219 0.021148681640625
0.0105247497558594 0.0189876556396484 0.0246162414550781 0.0554122924804687
0.000797510147094726 0.00417900085449219 -0.0263481140136719 -0.05303955078125
-0.00341558456420898 -0.00179934501647949 -0.00968170166015625 -0.0212745666503906
-0.00543642044067383 0.00410938262939453 0.0149288177490234 -0.000153541564941406
0.000492095947265625 0.00642919540405273 0.0357704162597656 -0.00940322875976563
0.00475311279296875 0.00313186645507813 0.0386924743652344 -0.0241622924804688
0.00447273254394531 -0.00163173675537109 0.0308876037597656 -0.0424690246582031
0.00420951843261719 -0.00754833221435547 0.014984130859375 -0.0466842651367188
0.00393104553222656 -0.00560283660888672 0.00217056274414063 -0.037384033203125
0.00423049926757813 -0.00493049621582031 -0.00426292419433594 -0.0294132232666016
0.00720930099487305 -0.00401735305786133 -0.00660896301269531 -0.0216655731201172
0.00745677947998047 0.00102472305297852 -0.0164413452148438 -0.0125093460083008
0.00243330001831055 0.00718164443969727 -0.0213699340820313 -0.0102272033691406
-0.00558996200561523 0.00284004211425781 -0.0289173126220703 -0.0151233673095703
-0.003662109375 -0.00295162200927734 -0.0418891906738281 -0.0143241882324219
-0.00187325477600098 0.000137209892272949 -0.0388526916503906 -0.0113105773925781
0.0140743255615234 0.0211219787597656 -0.0203208923339844 -0.0482711791992187
0.0114927291870117 0.0125045776367188 -0.00316333770751953 -0.016937255859375
0.00821113586425781 0.0130615234375 0.0190773010253906 0.000457763671875001
0.0155839920043945 0.0105218887329102 0.0385780334472656 -0.00838851928710938
0.0184345245361328 0.00118446350097656 0.0382804870605469 -0.022918701171875
0.0161571502685547 -0.0102128982543945 0.0294914245605469 -0.0399093627929688
0.0111637115478516 -0.0198879241943359 0.0137214660644531 -0.0417823791503906
0.0101432800292969 -0.0187587738037109 0.000242233276367188 -0.0313205718994141
0.0100898742675781 -0.0204696655273438 -0.00703239440917969 -0.0226879119873047
0.0156822204589844 -0.0184707641601563 -0.0110588073730469 -0.0174446105957031
0.0206127166748047 -0.00931930541992188 -0.0202255249023438 -0.00900459289550782
0.0186271667480469 0.000213623046875 -0.0229072570800781 -0.00928115844726562
0.0114507675170898 0.00676155090332031 -0.0293502807617188 -0.0133247375488281
0.013667106628418 0.00711727142333984 -0.038360595703125 -0.00992965698242187
0.0146865844726563 0.012110710144043 -0.0342216491699219 -0.00632286071777344
0.0252532958984375 0.0343151092529297 -0.0115814208984375 -0.039276123046875
0.0248527526855469 0.0256671905517578 0.00625419616699219 -0.0080561637878418
0.0224151611328125 0.0222797393798828 0.0246524810791016 0.00378036499023438
0.0299301147460937 0.0133609771728516 0.040802001953125 -0.00664138793945312
0.0307216644287109 -0.000551223754882813 0.03570556640625 -0.0204582214355469
0.0261306762695313 -0.0184993743896484 0.0243301391601563 -0.0354728698730469
0.0166587829589844 -0.0293159484863281 0.00980186462402344 -0.0322399139404297
0.0150699615478516 -0.0282344818115234 -0.00235366821289062 -0.0205879211425781
0.0141258239746094 -0.0316104888916016 -0.00883769989013672 -0.0104236602783203
0.020599365234375 -0.0305156707763672 -0.0154933929443359 -0.00731754302978516
0.0296802520751953 -0.0188941955566406 -0.0249156951904297 -0.00179290771484375
0.0318641662597656 -0.00695991516113281 -0.0249786376953125 -0.00595283508300782
0.0267810821533203 0.00754165649414062 -0.0294647216796875 -0.0103950500488281
0.0284595489501953 0.0152206420898438 -0.0294761657714844 -0.00542640686035156
0.0280933380126953 0.0227298736572266 -0.02484130859375 0.00234413146972657
0.0336456298828125 0.0434608459472656 0.000530242919921876 -0.0260257720947266
0.0366134643554687 0.0355300903320313 0.0168218612670898 0.00344276428222656
0.0357398986816406 0.0265655517578125 0.0286617279052734 0.00772285461425782
0.0427284240722656 0.0124320983886719 0.0392417907714844 -0.00405502319335937
0.03973388671875 -0.00482559204101563 0.0310935974121094 -0.0172290802001953
0.0313644409179687 -0.0246105194091797 0.0169715881347656 -0.0271759033203125
0.0188674926757813 -0.0348320007324219 0.00454139709472657 -0.0191707611083984
0.0173683166503906 -0.0339889526367188 -0.00371980667114258 -0.00557518005371094
0.0150604248046875 -0.0378799438476563 -0.00937843322753906 0.00343132019042969
0.0223388671875 -0.0373916625976563 -0.0179767608642578 0.00481224060058593
0.0339126586914062 -0.0247859954833984 -0.0258998870849609 0.00727272033691407
0.0390892028808594 -0.0127449035644531 -0.0268917083740234 -0.00166511535644532
0.0379791259765625 0.00785446166992188 -0.027191162109375 -0.00789833068847656
0.0405998229980469 0.0202484130859375 -0.0188446044921875 -0.00139999389648437
0.0382270812988281 0.0297126770019531 -0.0123920440673828 0.0128898620605469
0.0368881225585938 0.0447998046875 0.0127677917480469 -0.0124902725219727
0.0438423156738281 0.0377464294433594 0.0271205902099609 0.0122280120849609
0.0444869995117188 0.0250701904296875 0.0317783355712891 0.0111312866210938
0.0488662719726563 0.00742721557617188 0.035980224609375 -0.00035858154296875
0.0418739318847656 -0.0104942321777344 0.023468017578125 -0.0105457305908203
0.0311164855957031 -0.0296306610107422 0.00894641876220703 -0.0156030654907227
0.017578125 -0.0352783203125 0.000346899032592774 -0.0038297176361084
0.0169467926025391 -0.0335903167724609 -0.004638671875 0.0100622177124023
0.015106201171875 -0.0372848510742188 -0.0103988647460938 0.0173015594482422
0.022430419921875 -0.0370101928710938 -0.0206680297851563 0.0174179077148437
0.0347900390625 -0.0259895324707031 -0.0282573699951172 0.0164299011230469
0.0413970947265625 -0.0145301818847656 -0.0268745422363281 0.00284957885742188
0.0424766540527344 0.00895309448242188 -0.0227832794189453 -0.00549507141113281
0.0448379516601563 0.0248870849609375 -0.00565862655639648 0.00381278991699219
0.039764404296875 0.0339927673339844 0.00125885009765625 0.0244503021240234
0.0347099304199219 0.0388679504394531 0.0257816314697266 -0.00100517272949219
0.045013427734375 0.0328254699707031 0.0359268188476563 0.0183677673339844
0.0442848205566406 0.0189056396484375 0.0324172973632813 0.0126934051513672
0.0461082458496094 0.00051116943359375 0.0301570892333984 0.00375175476074219
0.0361289978027344 -0.0142440795898438 0.0161981582641602 -0.00299644470214844
0.0238571166992188 -0.028839111328125 0.0028831958770752 -0.00200414657592774
0.013336181640625 -0.0305862426757813 -0.00293159484863281 0.0114345550537109
0.0131778717041016 -0.0280685424804688 -0.00560379028320313 0.0231361389160156
0.0131568908691406 -0.0316905975341797 -0.0109577178955078 0.0306186676025391
0.0198783874511719 -0.0310020446777344 -0.0226993560791016 0.0288372039794922
0.0312881469726563 -0.0211715698242188 -0.0300140380859375 0.0227413177490234
0.0382499694824219 -0.0115394592285156 -0.0269794464111328 0.00672340393066406
0.0395927429199219 0.0112686157226563 -0.0180683135986328 -0.00336265563964844
0.041473388671875 0.0266647338867188 0.00624179840087891 0.0091695785522461
0.0345706939697266 0.0349674224853516 0.0131568908691406 0.0375213623046875
0.0261211395263672 0.0271778106689453 0.0352210998535156 0.00614166259765625
0.0379981994628906 0.0225067138671875 0.0424118041992188 0.019500732421875
0.0355491638183594 0.00909423828125 0.0311965942382813 0.0105762481689453
0.0333175659179688 -0.00472068786621094 0.0245227813720703 0.00672721862792969
0.0233592987060547 -0.0149059295654297 0.011199951171875 0.00500297546386719
0.0127334594726563 -0.0235328674316406 -0.000224113464355469 0.00956630706787109
0.00693702697753906 -0.0203495025634766 -0.00239181518554688 0.0237808227539062
0.00810623168945313 -0.0185375213623047 -0.00548553466796875 0.0336704254150391
0.00890922546386719 -0.0208759307861328 -0.0130157470703125 0.0393714904785156
0.0135116577148438 -0.0205364227294922 -0.0260467529296875 0.0351829528808594
0.023529052734375 -0.0142288208007813 -0.0323085784912109 0.0263156890869141
0.0291805267333984 -0.00695610046386719 -0.0275287628173828 0.00944328308105468
0.0315608978271484 0.0114383697509766 -0.0150823593139648 -6.6757202148444E-06
0.0316810607910156 0.0239601135253906 0.0134553909301758 0.0155630111694336
0.0247249603271484 0.0293483734130859 0.021209716796875 0.0492095947265625
0.0126714706420898 0.0137233734130859 0.0410690307617188 0.00847625732421875
0.024169921875 0.0101947784423828 0.0447463989257813 0.016571044921875
0.0213737487792969 0.000705718994140625 0.0294075012207031 0.00996017456054687
0.016326904296875 -0.00762271881103516 0.0198402404785156 0.0104122161865234
0.0080423355102539 -0.0114784240722656 0.00995349884033203 0.0104265213012695
-0.000144958496093749 -0.0115966796875 0.000247955322265625 0.0177536010742188
4.57763671874997E-05 -0.00610017776489258 0.000102996826171875 0.0305271148681641
0.0023651123046875 -0.00573873519897461 -0.0043487548828125 0.0391311645507813
0.00185060501098633 -0.00734472274780273 -0.013885498046875 0.0438995361328125
0.00481319427490234 -0.00962448120117188 -0.0299186706542969 0.0390663146972656
0.0108833312988281 -0.00765419006347656 -0.0349216461181641 0.0270099639892578
0.0165128707885742 -0.00395298004150391 -0.0289344787597656 0.0111675262451172
0.018798828125 0.00794410705566406 -0.0136480331420898 0.00223922729492187
0.0187854766845703 0.0160312652587891 0.0158557891845703 0.022186279296875
0.0112762451171875 0.0195045471191406 0.0242805480957031 0.0583152770996094
0.000911712646484375 0.00425386428833008 -0.0286865234375 -0.0551681518554687
-0.00315666198730469 -0.00148940086364746 -0.0102653503417969 -0.0219745635986328
-0.00571155548095703 0.00475358963012695 0.0165109634399414 -0.0002593994140625
0.00144433975219727 0.00562810897827148 0.0372848510742188 -0.011322021484375
0.00532054901123047 0.00355625152587891 0.0392799377441406 -0.0262374877929688
0.00595188140869141 -0.00209283828735352 0.0311622619628906 -0.0459480285644531
0.00302982330322266 -0.00899505615234375 0.0147590637207031 -0.0497550964355469
0.00466299057006836 -0.00652503967285156 0.000762939453125003 -0.0394401550292969
0.00497627258300781 -0.00542497634887695 -0.00556182861328125 -0.0302581787109375
0.00719785690307617 -0.00569009780883789 -0.00813102722167969 -0.0231227874755859
0.00794649124145508 0.00135946273803711 -0.0186023712158203 -0.0131893157958984
0.00286245346069336 0.00713872909545898 -0.023040771484375 -0.0113506317138672
-0.00531959533691406 0.00312185287475586 -0.03094482421875 -0.0167789459228516
-0.00410747528076172 -0.00244212150573731 -0.0441398620605469 -0.0148124694824219
-0.00205016136169434 0.000810146331787109 -0.0413970947265625 -0.0109977722167969
0.0149612426757812 0.0226593017578125 -0.0218734741210938 -0.0507164001464844
0.0116519927978516 0.0126609802246094 -0.00321006774902344 -0.0173616409301758
0.00986957550048828 0.0138559341430664 0.0199165344238281 -3.24249267578116E-05
0.0167341232299805 0.00956916809082031 0.0400886535644531 -0.01019287109375
0.0197105407714844 0.0007476806640625 0.0393333435058594 -0.0246620178222656
0.017430305480957 -0.0115737915039063 0.0294075012207031 -0.0421905517578125
0.0103912353515625 -0.0218276977539063 0.0126991271972656 -0.0440673828125
0.00988388061523437 -0.0201854705810547 -0.000495910644531248 -0.0324211120605469
0.00977134704589844 -0.0217189788818359 -0.00807571411132813 -0.0238018035888672
0.0162372589111328 -0.0203342437744141 -0.0127887725830078 -0.0173110961914063
0.0211868286132813 -0.0103092193603516 -0.0226554870605469 -0.00889968872070312
0.0201683044433594 0.000249862670898438 -0.0245170593261719 -0.0102691650390625
0.0117607116699219 0.00725936889648438 -0.0313243865966797 -0.0129127502441406
0.0142173767089844 0.00768756866455078 -0.0394096374511719 -0.0100326538085937
0.0151329040527344 0.0130958557128906 -0.0360794067382813 -0.00495147705078124
0.0267982482910156 0.0362319946289063 -0.0125389099121094 -0.0393753051757813
0.0266819000244141 0.0274543762207031 0.00698232650756836 -0.00831031799316406
0.0227737426757813 0.0227718353271484 0.0260868072509766 0.00416755676269532
0.032684326171875 0.0128269195556641 0.0431251525878906 -0.00716018676757812
0.0336856842041016 -0.00224494934082031 0.0374832153320313 -0.0223770141601562
0.0275936126708984 -0.0191879272460937 0.0242042541503906 -0.0372085571289063
0.0170631408691406 -0.0310726165771484 0.00903129577636719 -0.0346107482910156
0.0151653289794922 -0.0307197570800781 -0.003265380859375 -0.0205974578857422
0.0137538909912109 -0.0343723297119141 -0.00996208190917969 -0.0108098983764648
0.0208053588867188 -0.0323905944824219 -0.0173301696777344 -0.00783729553222657
0.0306720733642578 -0.0211372375488281 -0.0263309478759766 -0.000776290893554694
0.0322456359863281 -0.00873184204101563 -0.0286064147949219 -0.00542831420898438
0.0293121337890625 0.00783348083496094 -0.0315513610839844 -0.0107078552246094
0.0304603576660156 0.0160694122314453 -0.0318069458007813 -0.00523757934570312
0.0304355621337891 0.0234165191650391 -0.0271968841552734 0.00311851501464844
0.0374984741210938 0.0444564819335938 0.00145149230957032 -0.0268115997314453
0.0393295288085938 0.0359840393066406 0.0180339813232422 0.00397682189941407
0.0398025512695313 0.0277061462402344 0.0311622619628906 0.00815391540527344
0.0464248657226563 0.0117263793945313 0.0422477722167969 -0.003662109375
0.0411148071289063 -0.0046234130859375 0.0316200256347656 -0.0173702239990234
0.0333423614501953 -0.0262050628662109 0.0170211791992188 -0.0282993316650391
0.0199623107910156 -0.0363235473632813 0.00503158569335937 -0.0192756652832031
0.0165176391601563 -0.0351142883300781 -0.00318241119384765 -0.00464582443237305
0.0150108337402344 -0.0399856567382813 -0.0103387832641602 0.00292873382568359
0.0220756530761719 -0.0401496887207031 -0.0208511352539063 0.00629425048828125
0.0340728759765625 -0.0279483795166016 -0.0275611877441406 0.00870513916015625
0.0414886474609375 -0.0154457092285156 -0.0288352966308594 0.000307083129882815
0.0406227111816406 0.00778579711914063 -0.0289306640625 -0.00700950622558594
0.0431480407714844 0.0211944580078125 -0.0211677551269531 5.14984130859374E-05
0.0403327941894531 0.0292739868164063 -0.0128145217895508 0.0146646499633789
0.0398902893066406 0.0458793640136719 0.0151758193969727 -0.0130271911621094
0.0469818115234375 0.0377311706542969 0.0279102325439453 0.0137519836425781
0.0480880737304688 0.0258598327636719 0.0330486297607422 0.0118789672851563
0.0516738891601563 0.00597000122070312 0.0385360717773438 -0.0010223388671875
0.0440101623535156 -0.0111961364746094 0.0246467590332031 -0.0116062164306641
0.0304946899414063 -0.0320892333984375 0.00815963745117188 -0.01513671875
0.0175437927246094 -0.0380058288574219 0.000890254974365236 -0.0039217472076416
0.0166015625 -0.0358123779296875 -0.0052337646484375 0.0104551315307617
0.0149497985839844 -0.0399360656738281 -0.00991630554199219 0.0189304351806641
0.0232658386230469 -0.0388412475585938 -0.0210208892822266 0.0196552276611328
0.0351181030273438 -0.0285053253173828 -0.0295886993408203 0.0188694000244141
0.0440444946289063 -0.016845703125 -0.0285682678222656 0.00365257263183593
0.0444526672363281 0.008514404296875 -0.0236625671386719 -0.00425910949707032
0.0481491088867188 0.0242424011230469 -0.00750970840454101 0.00429487228393555
0.0432624816894531 0.0348014831542969 0.000520706176757817 0.0265083312988281
0.0363922119140625 0.0406990051269531 0.0277786254882813 -0.00133895874023437
0.0477218627929688 0.0326805114746094 0.0392951965332031 0.0202674865722656
0.0469627380371094 0.0194435119628906 0.034393310546875 0.0127658843994141
0.0487060546875 0.000148773193359375 0.0321388244628906 0.00360298156738281
0.0379791259765625 -0.0164108276367188 0.017369270324707 -0.00211429595947266
0.02374267578125 -0.0304946899414063 0.00260043144226074 -0.00241541862487793
0.0144748687744141 -0.0324821472167969 -0.00214862823486328 0.0125789642333984
0.0141696929931641 -0.0289096832275391 -0.00473976135253906 0.0257720947265625
0.0133552551269531 -0.0339908599853516 -0.0116043090820313 0.0327854156494141
0.0186672210693359 -0.0326347351074219 -0.023773193359375 0.0308017730712891
0.0305366516113281 -0.0231914520263672 -0.0316333770751953 0.0248088836669922
0.0400657653808594 -0.0131912231445313 -0.0293064117431641 0.00826644897460937
0.0424156188964844 0.00956344604492188 -0.0198593139648438 -0.00322914123535156
0.0439414978027344 0.0263938903808594 0.00570869445800782 0.0108985900878906
0.0388641357421875 0.0350303649902344 0.0130767822265625 0.0398216247558594
0.0276927947998047 0.0287189483642578 0.0367012023925781 0.00666427612304688
0.0391387939453125 0.0216102600097656 0.0442924499511719 0.0189132690429688
0.0378761291503906 0.00916290283203125 0.0332736968994141 0.0117225646972656
0.0354652404785156 -0.00603103637695313 0.0261135101318359 0.00845718383789062
0.0244655609130859 -0.0170726776123047 0.0115232467651367 0.00527191162109375
0.0112934112548828 -0.0243892669677734 -0.000752449035644531 0.0101308822631836
0.00557327270507813 -0.0209445953369141 -0.00136184692382812 0.0253753662109375
0.008331298828125 -0.019317626953125 -0.0047760009765625 0.0345211029052734
0.00824165344238281 -0.0221481323242187 -0.0129432678222656 0.0427894592285156
0.01141357421875 -0.021331787109375 -0.027801513671875 0.0382118225097656
0.0227375030517578 -0.0163612365722656 -0.0338611602783203 0.0286827087402344
0.0307388305664063 -0.00890350341796875 -0.0289363861083984 0.0111351013183594
0.0321006774902344 0.0120887756347656 -0.0177669525146484 0.00091552734375
0.0335674285888672 0.0233955383300781 0.0140542984008789 0.0167722702026367
0.0261783599853516 0.0302886962890625 0.0223350524902344 0.0515022277832031
0.0122909545898438 0.0130577087402344 0.0435829162597656 0.00905990600585937
0.0254688262939453 0.00920677185058594 0.0472221374511719 0.0172386169433594
0.0217571258544922 0.00124740600585938 0.0301170349121094 0.00998306274414063
0.0163249969482422 -0.00866508483886719 0.0221805572509766 0.0116291046142578
0.00596904754638672 -0.0113592147827148 0.0110015869140625 0.0106344223022461
0.00104236602783203 -0.0105180740356445 0.00184822082519531 0.01763916015625
-0.00113773345947266 -0.00618791580200195 0.00155067443847656 0.0332355499267578
0.00259113311767578 -0.00596809387207031 -0.00291824340820312 0.0416908264160156
0.00184392929077148 -0.00751113891601563 -0.0132102966308594 0.0480308532714844
0.00246047973632813 -0.00905704498291016 -0.0299568176269531 0.0417938232421875
0.010676383972168 -0.00771903991699219 -0.0362129211425781 0.03033447265625
0.0162477493286133 -0.00440120697021484 -0.0302047729492188 0.0122795104980469
0.0195999145507813 0.00778388977050781 -0.0146245956420898 0.00283336639404297
0.0199165344238281 0.0151290893554687 0.0165786743164063 0.0226497650146484
0.01190185546875 0.018951416015625 0.0266876220703125 0.0601615905761719
0.00180673599243164 0.0070805549621582 -0.0306892395019531 -0.0542984008789063
-0.00440073013305664 -0.000969886779785156 -0.0130252838134766 -0.0220298767089844
-0.00391197204589844 0.00537109375 0.016383171081543 -0.00208568572998047
0.00116491317749024 0.00636529922485352 0.0374565124511719 -0.0131301879882813
0.00432181358337402 0.00214529037475586 0.0410003662109375 -0.0299949645996094
0.00458145141601563 -0.00279712677001953 0.0310935974121094 -0.0473518371582031
0.00389671325683594 -0.00999832153320313 0.0119056701660156 -0.0514945983886719
0.004150390625 -0.00781583786010742 -0.0012969970703125 -0.0401954650878906
0.00554943084716797 -0.00873327255249023 -0.00645256042480468 -0.0300083160400391
0.00856637954711914 -0.00516080856323242 -0.0107345581054688 -0.0240554809570313
0.00959968566894531 0.00125503540039063 -0.0184993743896484 -0.0135841369628906
0.00355720520019531 0.00884723663330078 -0.0233497619628906 -0.0106983184814453
-0.00632905960083008 0.00585556030273438 -0.033843994140625 -0.0176353454589844
-0.0048060417175293 -0.00312566757202149 -0.0478439331054688 -0.012420654296875
-0.000597715377807617 0.00246286392211914 -0.0435791015625 -0.00902557373046874
0.0175952911376953 0.0245494842529297 -0.0263214111328125 -0.0506057739257813
0.0116262435913086 0.0124006271362305 -0.00282096862792969 -0.0158195495605469
0.011357307434082 0.0150966644287109 0.0221099853515625 -0.000743865966796874
0.0169076919555664 0.00952911376953125 0.0404930114746094 -0.0124473571777344
0.0202274322509766 -0.00195693969726563 0.0416030883789063 -0.0266799926757813
0.017481803894043 -0.0128307342529297 0.0268783569335938 -0.044586181640625
0.00952339172363281 -0.0219287872314453 0.0112838745117187 -0.0447120666503906
0.0108776092529297 -0.0216693878173828 -0.00174903869628906 -0.0331821441650391
0.0101203918457031 -0.0239429473876953 -0.00974464416503906 -0.024078369140625
0.0156326293945313 -0.0217666625976563 -0.0158529281616211 -0.0164775848388672
0.0222988128662109 -0.0127372741699219 -0.0243358612060547 -0.00716781616210938
0.0217323303222656 -0.00249862670898438 -0.0282802581787109 -0.00808334350585938
0.0140676498413086 0.00861740112304688 -0.0339679718017578 -0.0113239288330078
0.0157966613769531 0.00768661499023438 -0.0425224304199219 -0.00822067260742187
0.0162105560302734 0.0122947692871094 -0.0387954711914063 -0.0050201416015625
0.0295372009277344 0.03594970703125 -0.0140914916992187 -0.0406608581542969
0.0270538330078125 0.0257339477539062 0.00737476348876953 -0.00702095031738281
0.0249671936035156 0.0211505889892578 0.0251731872558594 0.0019989013671875
0.0334625244140625 0.0135498046875 0.0443382263183594 -0.00904464721679688
0.0331954956054688 -0.00458526611328125 0.0379257202148437 -0.0240287780761719
0.0291576385498047 -0.02313232421875 0.0231246948242188 -0.0400543212890625
0.017669677734375 -0.03594970703125 0.00762557983398438 -0.0351753234863281
0.0129280090332031 -0.0321998596191406 -0.00284385681152344 -0.0199356079101563
0.0138225555419922 -0.0351352691650391 -0.0100183486938477 -0.0108871459960938
0.0218124389648437 -0.0351943969726563 -0.0181465148925781 -0.00626945495605469
0.0332126617431641 -0.0220088958740234 -0.0280990600585937 -0.000501632690429683
0.03643798828125 -0.00926971435546875 -0.0295791625976563 -0.00640106201171875
0.0308628082275391 0.00694465637207031 -0.0345325469970703 -0.0104408264160156
0.0316734313964844 0.0161514282226563 -0.0353813171386719 -0.00334548950195312
0.0332183837890625 0.0221023559570313 -0.0277900695800781 0.00415229797363281
0.0423164367675781 0.0452880859375 -0.000907897949218747 -0.0273857116699219
0.042449951171875 0.0344314575195313 0.0174999237060547 0.00177574157714844
0.0416221618652344 0.0266609191894531 0.0306186676025391 0.00918006896972656
0.0502090454101563 0.011810302734375 0.0433158874511719 -0.0087890625
0.0439796447753906 -0.0107154846191406 0.0291843414306641 -0.0197162628173828
0.0325946807861328 -0.0295906066894531 0.0157985687255859 -0.0271453857421875
0.0183601379394531 -0.0376014709472656 0.00498008728027344 -0.0176181793212891
0.0138320922851562 -0.0395469665527344 -0.00198507308959961 -0.00628519058227539
0.0158729553222656 -0.0436973571777344 -0.0108890533447266 0.00730323791503906
0.0187339782714844 -0.0428085327148437 -0.020538330078125 0.00795555114746093
0.0336990356445313 -0.0332012176513672 -0.0307178497314453 0.0105094909667969
0.04168701171875 -0.0160369873046875 -0.0286064147949219 -0.00242233276367188
0.0419273376464844 0.0068359375 -0.0312747955322266 -0.00239562988281249
0.0457649230957031 0.0200538635253906 -0.0230312347412109 -0.000713348388671876
0.0428886413574219 0.0286788940429688 -0.0141849517822266 0.0148706436157227
0.0432548522949219 0.0431060791015625 0.0150651931762695 -0.0132036209106445
0.0493621826171875 0.0365791320800781 0.0310192108154297 0.0114421844482422
0.0508460998535156 0.0250816345214844 0.0331611633300781 0.0116119384765625
0.0550117492675781 0.00408935546875 0.0387153625488281 -0.001007080078125
0.0426521301269531 -0.0134658813476563 0.0256557464599609 -0.0117950439453125
0.0318889617919922 -0.0344257354736328 0.00945758819580078 -0.0170040130615234
0.01654052734375 -0.04150390625 -0.000329017639160155 -0.00390005111694336
0.0159492492675781 -0.0365219116210937 -0.00312328338623047 0.00996112823486328
0.0129508972167969 -0.0443916320800781 -0.00830078125 0.0222091674804688
0.0196342468261719 -0.0425682067871094 -0.0234107971191406 0.0200080871582031
0.0342483520507813 -0.0314064025878906 -0.0311622619628906 0.0206756591796875
0.0427284240722656 -0.0201492309570313 -0.0287799835205078 0.00623321533203125
0.0452804565429688 0.00493240356445313 -0.0250320434570312 -0.00387001037597656
0.04962158203125 0.0235710144042969 -0.00839519500732422 0.00526237487792969
0.04522705078125 0.0328140258789063 0.00152397155761719 0.0297813415527344
0.0378646850585938 0.0375862121582031 0.0278682708740234 -0.00203704833984375
0.0505752563476563 0.0313377380371094 0.0404815673828125 0.0182266235351563
0.0511741638183594 0.0188713073730469 0.0363044738769531 0.0109519958496094
0.0486717224121094 -0.000988006591796875 0.0361671447753906 0.00244903564453125
0.0381622314453125 -0.0192413330078125 0.0166225433349609 -0.00173282623291016
0.0236167907714844 -0.0322132110595703 0.00176858901977539 0.00243759155273437
0.0102577209472656 -0.0356101989746094 -0.00162887573242187 0.016270637512207
0.0112209320068359 -0.0318183898925781 -0.00519561767578125 0.0247154235839844
0.0114555358886719 -0.0347843170166016 -0.00976181030273438 0.0327644348144531
0.0178146362304688 -0.0361557006835938 -0.0224628448486328 0.0345344543457031
0.0282802581787109 -0.0269145965576172 -0.0302295684814453 0.0294075012207031
0.0380783081054688 -0.0162696838378906 -0.0295753479003906 0.00957107543945313
0.0454216003417969 0.0085296630859375 -0.0221519470214844 -0.00323677062988282
0.0449409484863281 0.0241508483886719 0.00526666641235352 0.00846195220947266
0.03924560546875 0.0330276489257813 0.016998291015625 0.0431289672851563
0.0276145935058594 0.0262088775634766 0.0374908447265625 0.0060882568359375
0.0399017333984375 0.0192604064941406 0.0486259460449219 0.0200119018554688
0.0379447937011719 0.00582122802734375 0.0355224609375 0.0125350952148437
0.0367164611816406 -0.00824737548828125 0.0281257629394531 0.00687980651855469
0.0223979949951172 -0.0194034576416016 0.0120716094970703 0.00683784484863281
0.009368896484375 -0.0259552001953125 0.00124549865722656 0.010432243347168
0.00524520874023438 -0.0228252410888672 0.000396728515624999 0.0255851745605469
0.00642013549804688 -0.0181541442871094 -0.00383377075195313 0.0367851257324219
0.00665092468261719 -0.0234260559082031 -0.010650634765625 0.0456352233886719
0.00956153869628906 -0.0209884643554688 -0.0272254943847656 0.0398712158203125
0.0205516815185547 -0.0157604217529297 -0.0320396423339844 0.0317649841308594
0.0305557250976563 -0.0118160247802734 -0.0322666168212891 0.0136432647705078
0.0349807739257813 0.00950241088867188 -0.0154047012329102 0.00162220001220703
0.0363235473632813 0.0208015441894531 0.015254020690918 0.0162105560302734
0.0285377502441406 0.0281181335449219 0.027923583984375 0.0535697937011719
0.0143918991088867 0.0100679397583008 0.0483512878417969 0.00878143310546875
0.0254249572753906 0.00811958312988281 0.0485267639160156 0.0153656005859375
0.0208206176757813 -0.00107002258300781 0.0323200225830078 0.0108699798583984
0.0155124664306641 -0.0101451873779297 0.0217227935791016 0.0140018463134766
0.00644874572753906 -0.0114297866821289 0.0133085250854492 0.0114507675170898
-0.00434303283691406 -0.0116338729858398 0.00267219543457031 0.0196971893310547
0.000370979309082031 -0.00507736206054688 0.000530242919921875 0.0330028533935547
0.000110626220703125 -0.00455570220947266 -0.000747680664062499 0.0415687561035156
0.000973224639892578 -0.00647211074829102 -0.0112838745117188 0.0501060485839844
0.000927925109863282 -0.00667667388916016 -0.0320205688476563 0.0432014465332031
0.00957870483398437 -0.00904083251953125 -0.0371513366699219 0.0325927734375
0.016972541809082 -0.00578212738037109 -0.0319747924804688 0.0154933929443359
0.0202884674072266 0.0075225830078125 -0.012385368347168 0.00434207916259766
0.0186958312988281 0.0143833160400391 0.0171451568603516 0.0224227905273438
0.01422119140625 0.0164108276367188 0.0286903381347656 0.061767578125
0.0013585090637207 0.00716972351074219 -0.0345993041992188 -0.0540809631347656
-0.00303864479064941 -7.20024108886722E-05 -0.0118827819824219 -0.0200252532958984
-0.00475406646728516 0.0052175521850586 0.0160675048828125 -0.00273418426513672
0.00290966033935547 0.00586795806884766 0.0381507873535156 -0.0145721435546875
0.00619220733642578 0.00172519683837891 0.0378265380859375 -0.0313720703125
0.00519847869873047 -0.0037531852722168 0.027130126953125 -0.0505447387695313
0.00284767150878906 -0.0109920501708984 0.00962448120117187 -0.05242919921875
0.00359153747558594 -0.0101099014282227 -0.00249099731445312 -0.0397415161132813
0.0044403076171875 -0.00855350494384766 -0.00946807861328125 -0.0296764373779297
0.00831127166748047 -0.00734758377075195 -0.0121746063232422 -0.0231189727783203
0.0097503662109375 -0.0004730224609375 -0.0214481353759766 -0.0121231079101563
0.00573348999023437 0.00713348388671875 -0.0258922576904297 -0.0102748870849609
-0.00618505477905273 0.00484085083007813 -0.0349006652832031 -0.0146141052246094
-0.00500774383544922 -0.000421047210693359 -0.0474090576171875 -0.0116767883300781
-0.00121188163757324 0.00214803218841553 -0.0441131591796875 -0.00713348388671874
0.0191307067871094 0.0232696533203125 -0.0261039733886719 -0.0502433776855469
0.0144662857055664 0.0132055282592773 -0.00374031066894531 -0.0167732238769531
0.0121145248413086 0.0144491195678711 0.0221309661865234 -0.000368118286132812
0.019195556640625 0.0074310302734375 0.0405426025390625 -0.0130653381347656
0.0201663970947266 -0.00156211853027344 0.0384788513183594 -0.0291328430175781
0.0174579620361328 -0.0154170989990234 0.0256385803222656 -0.0464210510253906
0.00910568237304688 -0.0240879058837891 0.00897598266601562 -0.0452308654785156
0.00834274291992188 -0.0238838195800781 -0.00339317321777344 -0.0316982269287109
0.00859642028808594 -0.0254669189453125 -0.0114612579345703 -0.0219879150390625
0.0148468017578125 -0.0235042572021484 -0.016880989074707 -0.0163087844848633
0.0221118927001953 -0.0140171051025391 -0.0256271362304688 -0.00747299194335937
0.0219306945800781 -0.00233268737792969 -0.0274658203125 -0.00794219970703124
0.0140838623046875 0.00753879547119141 -0.0348167419433594 -0.00986671447753906
0.0149555206298828 0.00803852081298828 -0.0431365966796875 -0.00620651245117188
0.0171661376953125 0.0127925872802734 -0.0393257141113281 -0.00130462646484374
0.0319290161132813 0.0355186462402344 -0.0155715942382812 -0.0396461486816406
0.0298900604248047 0.0259590148925781 0.0068354606628418 -0.00787162780761719
0.0271453857421875 0.0223579406738281 0.0285053253173828 0.00220870971679688
0.0356712341308594 0.00975418090820313 0.0433464050292969 -0.0107574462890625
0.0340156555175781 -0.00547027587890625 0.0361785888671875 -0.0254554748535156
0.0270671844482422 -0.0247688293457031 0.0209083557128906 -0.0392036437988281
0.0146903991699219 -0.0355911254882813 0.00539779663085937 -0.0348472595214844
0.0121002197265625 -0.0350284576416016 -0.00335502624511719 -0.0192775726318359
0.0116157531738281 -0.0379638671875 -0.0112152099609375 -0.00854873657226563
0.0179862976074219 -0.0372352600097656 -0.0194911956787109 -0.00350189208984375
0.0293483734130859 -0.02520751953125 -0.0285015106201172 0.00341033935546875
0.03436279296875 -0.0114688873291016 -0.0311107635498047 -0.00430870056152343
0.0306854248046875 0.00639152526855469 -0.0342273712158203 -0.00666046142578125
0.0336246490478516 0.0139636993408203 -0.0348281860351563 -0.00165176391601563
0.0334815979003906 0.0210895538330078 -0.0296363830566406 0.00675392150878906
0.0418128967285156 0.0433197021484375 -0.000719070434570313 -0.0279273986816406
0.0437583923339844 0.03350830078125 0.0189990997314453 0.00402069091796875
0.0430221557617188 0.0259857177734375 0.0337867736816406 0.0074615478515625
0.0483169555664063 0.00659561157226563 0.042633056640625 -0.0075836181640625
0.0434150695800781 -0.0115737915039063 0.0319442749023438 -0.0199985504150391
0.0316505432128906 -0.0313739776611328 0.0142288208007813 -0.0288562774658203
0.0155448913574219 -0.0407295227050781 0.00312232971191406 -0.0194168090820313
0.0129280090332031 -0.0405502319335938 -0.00353360176086426 -0.00376486778259278
0.0114402770996094 -0.0429840087890625 -0.00998497009277344 0.007354736328125
0.0186576843261719 -0.0441665649414063 -0.0216751098632813 0.009246826171875
0.0333175659179688 -0.0321121215820313 -0.0302639007568359 0.0123252868652344
0.0416069030761719 -0.0195693969726563 -0.0308322906494141 0.00172996520996094
0.0422019958496094 0.00428390502929687 -0.0313701629638672 -0.00341987609863282
0.0456504821777344 0.0178375244140625 -0.0217018127441406 0.00292015075683594
0.0453567504882813 0.0284423828125 -0.0141563415527344 0.0168628692626953
0.0461082458496094 0.0436248779296875 0.0132579803466797 -0.014622688293457
0.0528373718261719 0.0344085693359375 0.0308990478515625 0.0121002197265625
0.05120849609375 0.0228195190429688 0.0365066528320313 0.0117607116699219
0.0545272827148438 0.00172805786132813 0.0398483276367187 -0.00277328491210937
0.0434494018554687 -0.016510009765625 0.0245742797851563 -0.0115470886230469
0.0293388366699219 -0.0352821350097656 0.0068359375 -0.0139379501342773
0.0149955749511719 -0.040069580078125 0.00124669075012207 -0.00301647186279297
0.0138206481933594 -0.0379676818847656 -0.00256156921386719 0.0125007629394531
0.0118141174316406 -0.0434417724609375 -0.008331298828125 0.0229377746582031
0.0183753967285156 -0.0431098937988281 -0.0209903717041016 0.0240573883056641
0.0328330993652344 -0.0323696136474609 -0.0307102203369141 0.0227146148681641
0.0426445007324219 -0.0213661193847656 -0.0309925079345703 0.00711250305175781
0.0489730834960938 0.00474166870117188 -0.0264625549316406 -0.00158119201660156
0.0507621765136719 0.0201530456542969 -0.00765323638916015 0.00532770156860352
0.0466194152832031 0.0301399230957031 0.00225067138671875 0.0282440185546875
0.0414657592773438 0.036102294921875 0.0281028747558594 -0.00368690490722656
0.0517044067382813 0.0285987854003906 0.0423049926757813 0.0165939331054688
0.0500602722167969 0.0148773193359375 0.0371322631835938 0.0126571655273438
0.0491828918457031 -0.00583648681640625 0.0342788696289063 0.00327873229980469
0.0371856689453125 -0.0212020874023438 0.0180568695068359 -0.00159263610839844
0.0218009948730469 -0.03363037109375 0.00339818000793457 0.000170469284057615
0.00979232788085938 -0.0345535278320313 -0.000635147094726561 0.0137443542480469
0.0112342834472656 -0.032073974609375 -0.00193405151367187 0.0276203155517578
0.00913047790527344 -0.0342731475830078 -0.00822830200195313 0.0360374450683594
0.0148906707763672 -0.0345191955566406 -0.0222282409667969 0.036041259765625
0.0290451049804688 -0.0279960632324219 -0.0300254821777344 0.0309486389160156
0.0393867492675781 -0.0178146362304687 -0.0303840637207031 0.0115032196044922
0.0441131591796875 0.0070953369140625 -0.0207157135009766 0.000415802001953128
0.046905517578125 0.0216712951660156 0.00567436218261719 0.0103998184204102
0.0416603088378906 0.0305366516113281 0.0166244506835938 0.0408096313476562
0.0312862396240234 0.0240879058837891 0.0384788513183594 0.00283050537109375
0.04180908203125 0.018280029296875 0.0490875244140625 0.0171928405761719
0.0399398803710938 0.005615234375 0.0355567932128906 0.00994491577148437
0.034210205078125 -0.0102977752685547 0.0276165008544922 0.00639724731445313
0.0223159790039062 -0.0196266174316406 0.0142316818237305 0.00677013397216797
0.00877189636230469 -0.0245513916015625 0.00164222717285156 0.013336181640625
0.00399398803710937 -0.0225830078125 0.00195884704589844 0.0260295867919922
0.00644111633300781 -0.0200786590576172 -0.000263214111328123 0.036407470703125
0.00664138793945313 -0.0224399566650391 -0.0083770751953125 0.0446968078613281
0.00976181030273438 -0.0225009918212891 -0.02508544921875 0.0445823669433594
0.0208606719970703 -0.0185146331787109 -0.0318450927734375 0.0355758666992188
0.0294685363769531 -0.0113658905029297 -0.0302505493164062 0.0142745971679688
0.0344257354736328 0.00735855102539062 -0.0168447494506836 0.00306797027587891
0.0364723205566406 0.0205345153808594 0.0153446197509766 0.0151052474975586
0.0303573608398438 0.0257778167724609 0.028594970703125 0.0515327453613281
0.0143423080444336 0.0121822357177734 0.0461654663085937 0.00429534912109375
0.0253963470458984 0.00583648681640625 0.0499954223632813 0.0139236450195313
0.0222606658935547 -0.00269317626953125 0.0328865051269531 0.00982093811035156
0.014897346496582 -0.0103597640991211 0.0241260528564453 0.0109310150146484
0.00499820709228516 -0.0134134292602539 0.0136022567749023 0.012603759765625
-0.00376701354980469 -0.0103549957275391 0.00524711608886719 0.0203456878662109
-0.00122737884521484 -0.0052032470703125 0.00470733642578125 0.0325927734375
0.00154542922973633 -0.00559711456298828 0.000862121582031251 0.0416336059570312
0.000769138336181641 -0.00576448440551758 -0.0106277465820313 0.0495223999023438
0.00243997573852539 -0.00765466690063477 -0.0282745361328125 0.0466079711914063
0.00802516937255859 -0.00877952575683594 -0.0350799560546875 0.0346508026123047
0.0161209106445313 -0.00707721710205078 -0.0299415588378906 0.0166511535644531
0.0208301544189453 0.00487709045410156 -0.0150461196899414 0.00385379791259765
0.0203304290771484 0.0113105773925781 0.0180816650390625 0.0207252502441406
0.0139932632446289 0.0165319442749023 0.0310935974121094 0.0601997375488281
0.00208711624145508 0.00825119018554688 -0.0338096618652344 -0.0521621704101563
-0.00252771377563477 0.000852108001708985 -0.0124645233154297 -0.0195236206054688
-0.00334072113037109 0.00548934936523438 0.0170688629150391 -0.00213241577148438
0.00324392318725586 0.00585126876831055 0.0367431640625 -0.0149383544921875
0.00631189346313477 0.000546455383300781 0.0371627807617188 -0.0316047668457031
0.00528621673583984 -0.00504684448242187 0.0255165100097656 -0.0499420166015625
0.00222969055175781 -0.0115327835083008 0.00733566284179688 -0.0519142150878906
0.00348377227783203 -0.0105752944946289 -0.00344085693359375 -0.0389938354492188
0.00455188751220703 -0.0102434158325195 -0.0111522674560547 -0.02862548828125
0.00845575332641602 -0.00732851028442383 -0.0131378173828125 -0.0219669342041016
0.0102415084838867 -0.00092315673828125 -0.0217075347900391 -0.0118656158447266
0.00605440139770508 0.00676774978637695 -0.0262107849121094 -0.0101871490478516
-0.00533008575439453 0.00639009475708008 -0.0354766845703125 -0.0145912170410156
-0.00530672073364258 0.000693798065185548 -0.0478553771972656 -0.00994110107421874
-0.00166082382202148 0.00336194038391113 -0.0439071655273438 -0.00597763061523437
0.0189247131347656 0.0232315063476563 -0.026275634765625 -0.0482406616210938
0.0149116516113281 0.0125598907470703 -0.00413990020751953 -0.0148534774780273
0.0128631591796875 0.0139570236206055 0.0221977233886719 -0.000753402709960936
0.0199947357177734 0.00745582580566406 0.0403404235839844 -0.0143241882324219
0.021087646484375 -0.00336265563964844 0.0371513366699219 -0.0292091369628906
0.0165843963623047 -0.0160112380981445 0.0242805480957031 -0.045562744140625
0.00774955749511719 -0.0256996154785156 0.00696182250976563 -0.0449867248535156
0.00733757019042969 -0.0249347686767578 -0.003875732421875 -0.0316104888916016
0.00772285461425781 -0.0266017913818359 -0.0122661590576172 -0.0202178955078125
0.0146484375 -0.024658203125 -0.0175094604492188 -0.0153284072875977
0.0224323272705078 -0.0141334533691406 -0.0257053375244141 -0.00685310363769532
0.0226345062255859 -0.00262832641601563 -0.0287609100341797 -0.00701141357421875
0.0142078399658203 0.00824451446533203 -0.0354461669921875 -0.00977706909179688
0.0151119232177734 0.00839710235595703 -0.0432243347167969 -0.00449371337890625
0.0174922943115234 0.0132017135620117 -0.0388946533203125 0.000209808349609368
0.0329799652099609 0.0351314544677734 -0.0155220031738281 -0.0393600463867188
0.0304965972900391 0.0249824523925781 0.00756072998046875 -0.00722360610961914
0.0293674468994141 0.0212650299072266 0.0278835296630859 0.00286483764648438
0.0358619689941406 0.00862884521484375 0.0430679321289062 -0.0118370056152344
0.0342197418212891 -0.0072784423828125 0.0352783203125 -0.0255508422851563
0.0258769989013672 -0.0252418518066406 0.0196533203125 -0.0381813049316406
0.0124130249023437 -0.0358467102050781 0.00529098510742188 -0.0336418151855469
0.0104827880859375 -0.0350742340087891 -0.00398063659667969 -0.0186939239501953
0.0091400146484375 -0.0380668640136719 -0.0123720169067383 -0.00689125061035157
0.0178031921386719 -0.0379447937011719 -0.01983642578125 -0.00311660766601563
0.0297927856445312 -0.0263843536376953 -0.0288524627685547 0.00301742553710937
0.0343494415283203 -0.0132560729980469 -0.0309276580810547 -0.00212478637695313
0.0308876037597656 0.00679969787597656 -0.0338840484619141 -0.006011962890625
0.0327320098876953 0.0140151977539063 -0.0342998504638672 0.000167846679687506
0.0335655212402344 0.0207271575927734 -0.0284385681152344 0.00774765014648438
0.0427474975585938 0.0416336059570313 -0.00103759765625 -0.0267238616943359
0.043701171875 0.0319862365722656 0.0196056365966797 0.00352859497070313
0.0435447692871094 0.0236740112304687 0.0339622497558594 0.00780677795410156
0.0484161376953125 0.0057830810546875 0.0430107116699219 -0.0076141357421875
0.0417556762695313 -0.012420654296875 0.0303192138671875 -0.0199737548828125
0.0298633575439453 -0.0323162078857422 0.0140533447265625 -0.0271110534667969
0.0146522521972656 -0.0416526794433594 0.00281715393066406 -0.0184402465820313
0.012054443359375 -0.040252685546875 -0.00341916084289551 -0.0028233528137207
0.00996780395507812 -0.0435752868652344 -0.0102558135986328 0.00902652740478515
0.0177192687988281 -0.0443038940429687 -0.0206413269042969 0.0116825103759766
0.0327110290527344 -0.0336513519287109 -0.0296344757080078 0.0140895843505859
0.0410690307617188 -0.0208244323730469 -0.0314979553222656 0.00366020202636718
0.0436897277832031 0.00379562377929688 -0.0311813354492187 -0.00217437744140625
0.045135498046875 0.0167083740234375 -0.0215816497802734 0.00371932983398437
0.0447120666503906 0.0260467529296875 -0.0137672424316406 0.0176143646240234
0.0464286804199219 0.04156494140625 0.0144109725952148 -0.0141735076904297
0.0508804321289062 0.0321197509765625 0.0320758819580078 0.0125484466552734
0.0518264770507813 0.0212669372558594 0.0365982055664063 0.0113143920898438
0.0535087585449219 0 0.0398902893066406 -0.00281143188476563
0.042755126953125 -0.0182914733886719 0.0248889923095703 -0.0111656188964844
0.0282745361328125 -0.0358428955078125 0.00782489776611328 -0.0132179260253906
0.0126800537109375 -0.0408592224121094 0.00140631198883057 -0.00189280509948731
0.0112495422363281 -0.0388221740722656 -0.00230216979980469 0.0122871398925781
0.00913619995117187 -0.0422248840332031 -0.00854110717773438 0.02374267578125
0.0163955688476563 -0.042877197265625 -0.0200672149658203 0.0247440338134766
0.0314388275146484 -0.0335350036621094 -0.0296096801757812 0.0237998962402344
0.041839599609375 -0.0231704711914063 -0.0305004119873047 0.009429931640625
0.0472183227539063 0.0034332275390625 -0.0260639190673828 0.000175476074218749
0.0509834289550781 0.0187759399414062 -0.00752449035644531 0.00634670257568359
0.0476875305175781 0.0289955139160156 0.0025177001953125 0.0283355712890625
0.0419158935546875 0.0347213745117188 0.0279178619384766 -0.00313758850097656
0.0506248474121094 0.0262794494628906 0.0411720275878906 0.0161895751953125
0.0506401062011719 0.0140228271484375 0.0374794006347656 0.0125656127929687
0.0484352111816406 -0.00658798217773438 0.0346488952636719 0.002838134765625
0.0352210998535156 -0.0211448669433594 0.0180454254150391 -0.00168991088867188
0.0204048156738281 -0.0326194763183594 0.00308942794799805 0.00197958946228027
0.00892829895019531 -0.0342903137207031 0.0007476806640625 0.0141849517822266
0.00877571105957031 -0.0320491790771484 -0.000606536865234377 0.0266609191894531
0.00864982604980469 -0.0348491668701172 -0.00749969482421875 0.0367813110351563
0.0138072967529297 -0.0345230102539063 -0.0211906433105469 0.0363388061523438
0.0277671813964844 -0.0275936126708984 -0.0298404693603516 0.03118896484375
0.0377616882324219 -0.0196571350097656 -0.0297317504882812 0.0125713348388672
0.0439414978027344 0.0048980712890625 -0.0207481384277344 0.00162887573242187
0.047576904296875 0.0201644897460937 0.00664138793945313 0.00996017456054688
0.0413932800292969 0.0289573669433594 0.0166435241699219 0.0399665832519531
0.0313510894775391 0.0227317810058594 0.0383529663085938 0.00216293334960938
0.0409965515136719 0.0152511596679688 0.0486259460449219 0.01617431640625
0.0396919250488281 0.00393295288085938 0.0360298156738281 0.0115852355957031
0.0331878662109375 -0.0112037658691406 0.0289344787597656 0.00679588317871094
0.0205326080322266 -0.0202713012695313 0.0142726898193359 0.00669956207275391
0.00855827331542969 -0.0246505737304687 0.0032806396484375 0.013697624206543
0.00305747985839844 -0.0210723876953125 0.0023651123046875 0.026397705078125
0.00545883178710938 -0.0200996398925781 0.000629425048828128 0.0356826782226562
0.00618362426757812 -0.0215873718261719 -0.00753402709960938 0.0451889038085938
0.00857353210449219 -0.0216064453125 -0.023193359375 0.0436210632324219
0.0196380615234375 -0.0173873901367188 -0.0308837890625 0.0353622436523438
0.0278129577636719 -0.0121555328369141 -0.0287647247314453 0.0153465270996094
0.0335655212402344 0.00638008117675781 -0.0172061920166016 0.00302982330322266
0.0354118347167969 0.0185623168945313 0.0150032043457031 0.0149745941162109
0.0298042297363281 0.0244426727294922 0.0278739929199219 0.0509872436523438
0.0146942138671875 0.00937747955322265 0.0455169677734375 0.00217437744140625
0.0247459411621094 0.00454521179199219 0.0505638122558594 0.0125160217285156
0.0217266082763672 -0.00417327880859375 0.0334625244140625 0.00866889953613281
0.0143442153930664 -0.0120182037353516 0.0250625610351563 0.0108051300048828
0.00392627716064453 -0.013214111328125 0.0152711868286133 0.0114784240722656
-0.00379562377929687 -0.0098114013671875 0.0060272216796875 0.0200691223144531
-0.00214147567749023 -0.00431108474731445 0.0060882568359375 0.0315647125244141
0.000374794006347656 -0.00521516799926758 0.00196456909179687 0.039886474609375
0.00103569030761719 -0.00512123107910156 -0.008819580078125 0.0491943359375
0.00146865844726563 -0.00768089294433594 -0.0257911682128906 0.0461959838867187
0.00835990905761719 -0.00838661193847656 -0.0335464477539063 0.0352249145507813
0.0141735076904297 -0.00692653656005859 -0.0299797058105469 0.0169925689697266
0.0198459625244141 0.00458335876464844 -0.015925407409668 0.00515174865722656
0.0195064544677734 0.0113124847412109 0.0173664093017578 0.0196323394775391
0.0136442184448242 0.0146446228027344 0.0318870544433594 0.0592117309570313
0.00287246704101563 0.0092620849609375 -0.0330543518066406 -0.0522613525390625
-0.00204408168792725 0.00157296657562256 -0.0110816955566406 -0.0183925628662109
-0.00230550765991211 0.00516605377197266 0.0176982879638672 -0.00215721130371094
0.00362586975097656 0.00514650344848633 0.0374870300292969 -0.0147361755371094
0.00700950622558594 -1.9073486328125E-06 0.0372123718261719 -0.0320281982421875
0.0063166618347168 -0.00602483749389648 0.0248031616210938 -0.0494613647460937
0.00220489501953125 -0.0126123428344727 0.00788116455078125 -0.0514717102050781
0.00273704528808594 -0.0115318298339844 -0.00358200073242188 -0.0394554138183594
0.00492763519287109 -0.0115594863891602 -0.0104274749755859 -0.0280876159667969
0.00911140441894531 -0.00858879089355469 -0.0140304565429688 -0.0214805603027344
0.0112133026123047 -0.00164604187011719 -0.0223579406738281 -0.0121536254882813
0.00755977630615234 0.00685644149780274 -0.0262832641601563 -0.0107364654541016
-0.00446987152099609 0.00708198547363281 -0.0357780456542969 -0.0148162841796875
-0.00529813766479492 0.00171566009521484 -0.04742431640625 -0.00955200195312501
-0.00106477737426758 0.00422048568725586 -0.0433273315429688 -0.00608444213867188
0.0199203491210937 0.0235462188720703 -0.0254058837890625 -0.0479202270507813
0.015101432800293 0.0137662887573242 -0.00301647186279297 -0.0145530700683594
0.0144033432006836 0.0139122009277344 0.0229034423828125 -0.000188827514648437
0.0207252502441406 0.00712394714355469 0.0402488708496094 -0.0139007568359375
0.0207309722900391 -0.00370597839355469 0.03717041015625 -0.0283470153808594
0.0169410705566406 -0.0172233581542969 0.0235977172851562 -0.0448379516601563
0.00766754150390625 -0.0264091491699219 0.0067901611328125 -0.0443458557128906
0.00721549987792968 -0.0256729125976563 -0.00402641296386719 -0.0308685302734375
0.00772285461425781 -0.0272750854492188 -0.0124950408935547 -0.0190830230712891
0.0148715972900391 -0.0252552032470703 -0.0180282592773437 -0.0141048431396484
0.0226936340332031 -0.0148735046386719 -0.0266819000244141 -0.00604820251464843
0.0234394073486328 -0.00282478332519531 -0.0290603637695313 -0.00736618041992187
0.0148839950561523 0.0092010498046875 -0.035400390625 -0.00981521606445312
0.0145397186279297 0.00982475280761719 -0.0431785583496094 -0.00417327880859375
0.0173635482788086 0.0140514373779297 -0.0389213562011719 0.000106811523437501
0.0327262878417969 0.0354881286621094 -0.0143089294433594 -0.0391120910644531
0.0310420989990234 0.0253505706787109 0.00871467590332031 -0.00566577911376953
0.0300979614257813 0.0215072631835938 0.0290565490722656 0.004150390625
0.0360298156738281 0.0082855224609375 0.0426406860351563 -0.01123046875
0.0340366363525391 -0.0073089599609375 0.0353317260742188 -0.0251007080078125
0.0256233215332031 -0.0261993408203125 0.0202293395996094 -0.0372962951660156
0.0121269226074219 -0.0368194580078125 0.005523681640625 -0.0324478149414063
0.009490966796875 -0.0355987548828125 -0.00371551513671875 -0.0182838439941406
0.0101089477539063 -0.0386848449707031 -0.0112781524658203 -0.00547599792480469
0.0171546936035156 -0.0378036499023438 -0.0202922821044922 -0.00195121765136719
0.0302829742431641 -0.0267562866210938 -0.0290622711181641 0.00360870361328125
0.0348052978515625 -0.012786865234375 -0.0305328369140625 -0.001922607421875
0.0323104858398438 0.00685882568359375 -0.0344161987304688 -0.00535202026367187
0.0325260162353516 0.0151042938232422 -0.0344886779785156 0.000719070434570312
0.0332584381103516 0.0216026306152344 -0.0278110504150391 0.00833892822265625
0.0422859191894531 0.0416526794433594 -0.000398635864257812 -0.0267372131347656
0.0434837341308594 0.0316925048828125 0.0203399658203125 0.00432205200195313
0.0449867248535156 0.0245819091796875 0.0344314575195313 0.00936317443847656
0.0483245849609375 0.00555038452148438 0.0435371398925781 -0.00708770751953125
0.0422172546386719 -0.0133895874023438 0.0311355590820313 -0.018402099609375
0.0297603607177734 -0.0323085784912109 0.0142135620117188 -0.0255069732666016
0.014190673828125 -0.0416107177734375 0.0032339096069336 -0.0175552368164063
0.0117988586425781 -0.0408973693847656 -0.00350427627563476 -0.0023648738861084
0.00933074951171875 -0.044219970703125 -0.0100679397583008 0.00926399230957031
0.017578125 -0.0440139770507813 -0.0209522247314453 0.0125980377197266
0.0319232940673828 -0.033660888671875 -0.0301532745361328 0.0145549774169922
0.0412368774414063 -0.021392822265625 -0.0315570831298828 0.00431632995605468
0.0428466796875 0.00426864624023437 -0.0317401885986328 -0.00210380554199219
0.0458030700683594 0.0174064636230469 -0.021759033203125 0.0043487548828125
0.0437850952148437 0.026397705078125 -0.0137004852294922 0.0190677642822266
0.0457115173339844 0.0410537719726563 0.0137920379638672 -0.0140495300292969
0.0507240295410156 0.0318794250488281 0.0325889587402344 0.0130252838134766
0.0525741577148438 0.0220260620117188 0.0370330810546875 0.0120697021484375
0.0529975891113281 -0.000476837158203125 0.0403289794921875 -0.00165939331054688
0.0427093505859375 -0.0183639526367188 0.0250167846679688 -0.0105743408203125
0.0278778076171875 -0.0356063842773438 0.00839519500732422 -0.0124301910400391
0.0126876831054687 -0.0409393310546875 0.00164234638214111 -0.000872731208801272
0.0112342834472656 -0.0393218994140625 -0.00201511383056641 0.0130710601806641
0.0100250244140625 -0.0428543090820313 -0.0084075927734375 0.0240554809570312
0.0157203674316406 -0.0424842834472656 -0.020538330078125 0.0261745452880859
0.0318946838378906 -0.0332832336425781 -0.0297088623046875 0.0247898101806641
0.041534423828125 -0.0233345031738281 -0.0310039520263672 0.00944900512695312
0.0477142333984375 0.00390243530273437 -0.0262374877929687 0.000770568847656247
0.0506477355957031 0.0190620422363281 -0.00738906860351562 0.00710248947143555
0.0464820861816406 0.0286636352539062 0.00265884399414063 0.0294513702392578
0.0418052673339844 0.0344505310058594 0.0284023284912109 -0.00342750549316406
0.0497665405273438 0.0249786376953125 0.0421333312988281 0.0176315307617188
0.0502777099609375 0.0140342712402344 0.0380439758300781 0.0137557983398438
0.0475006103515625 -0.00732803344726562 0.0353431701660156 0.0032958984375
0.0347042083740234 -0.0209083557128906 0.0185031890869141 -0.00106048583984375
0.0197067260742188 -0.0325660705566406 0.00443649291992188 0.00272607803344726
0.00804328918457031 -0.0335865020751953 0.00116062164306641 0.0143756866455078
0.00845527648925781 -0.0314521789550781 -0.000608444213867184 0.0266265869140625
0.00823783874511718 -0.0339641571044922 -0.00687789916992188 0.0370674133300781
0.013427734375 -0.0338096618652344 -0.0207099914550781 0.03692626953125
0.0272731781005859 -0.0271224975585938 -0.0300140380859375 0.0316104888916016
0.0371742248535156 -0.0189247131347656 -0.0299644470214844 0.0135326385498047
0.0434303283691406 0.00499725341796875 -0.0211200714111328 0.00183486938476562
0.0473976135253906 0.0195236206054688 0.00592136383056641 0.0107851028442383
0.0416259765625 0.0286636352539062 0.0166244506835938 0.0402717590332031
0.0314579010009766 0.0220851898193359 0.0382919311523438 0.00246047973632813
0.0404052734375 0.0148468017578125 0.0481948852539063 0.0165557861328125
0.0394363403320313 0.00374984741210938 0.0359268188476563 0.0126190185546875
0.0336208343505859 -0.0117893218994141 0.0289134979248047 0.00750732421875
0.0205764770507813 -0.0197734832763672 0.0147809982299805 0.00700855255126953
0.00812911987304688 -0.0230903625488281 0.00429725646972656 0.0141057968139648
0.00284576416015625 -0.0201816558837891 0.00347900390625 0.0262413024902344
0.00529289245605469 -0.0195541381835938 0.00113677978515625 0.0353546142578125
0.00525283813476562 -0.020751953125 -0.00706863403320312 0.0454978942871094
0.00923919677734375 -0.0209693908691406 -0.022552490234375 0.0442848205566406
0.0191192626953125 -0.0172519683837891 -0.0317230224609375 0.0355873107910156
0.0273914337158203 -0.0124664306640625 -0.0290393829345703 0.0161209106445313
0.0331230163574219 0.006011962890625 -0.0169820785522461 0.00343990325927735
0.0346946716308594 0.0177288055419922 0.014674186706543 0.0151443481445313
0.029571533203125 0.0231037139892578 0.0265884399414063 0.0511054992675781
0.0143251419067383 0.00835037231445313 0.0447959899902344 0.00259780883789063
0.0240249633789063 0.00367546081542969 0.0496559143066406 0.0124664306640625
0.0221824645996094 -0.00482368469238281 0.0345020294189453 0.00947380065917969
0.0130138397216797 -0.0120449066162109 0.0261096954345703 0.0112991333007813
0.00308799743652344 -0.0125312805175781 0.0150928497314453 0.0109281539916992
-0.00404787063598633 -0.00840616226196289 0.00695228576660156 0.0208911895751953
-0.00160479545593262 -0.00381946563720703 0.00594139099121094 0.0320491790771484
0.000323772430419922 -0.00412201881408691 0.00188446044921875 0.0398368835449219
0.00162839889526367 -0.00522279739379883 -0.00802230834960937 0.0490379333496094
0.00106620788574219 -0.00680017471313477 -0.0261077880859375 0.0464248657226563
0.00692892074584961 -0.00764226913452148 -0.0327873229980469 0.0353279113769531
0.0138015747070313 -0.00727272033691406 -0.029693603515625 0.0172920227050781
0.0188941955566406 0.00418853759765625 -0.016016960144043 0.0051565170288086
0.0192985534667969 0.0101737976074219 0.0176525115966797 0.0196743011474609
0.0139236450195313 0.0131988525390625 0.0315513610839844 0.0592613220214844
0.00408840179443359 0.0108585357666016 -0.0317535400390625 -0.0536727905273438
-0.000699162483215332 0.00215303897857666 -0.0101051330566406 -0.0192298889160156
-0.000790119171142579 0.00549125671386719 0.0190048217773438 -0.0012359619140625
0.00550079345703125 0.00421142578125 0.0383872985839844 -0.0152473449707031
0.00797033309936523 -0.000227928161621094 0.037933349609375 -0.0323715209960938
0.00663375854492187 -0.00781011581420898 0.0255470275878906 -0.0501480102539063
0.00233364105224609 -0.0144109725952148 0.00727462768554687 -0.0520401000976563
0.00308799743652344 -0.013031005859375 -0.00373458862304687 -0.0400390625
0.00489521026611328 -0.01300048828125 -0.0111827850341797 -0.0280094146728516
0.0100517272949219 -0.00969314575195313 -0.0148811340332031 -0.021270751953125
0.012181282043457 -0.00229167938232422 -0.0234375 -0.0125083923339844
0.00828933715820313 0.0068211555480957 -0.0281429290771484 -0.0116367340087891
-0.00386762619018555 0.00780296325683594 -0.0371971130371094 -0.0154800415039063
-0.00525426864624023 0.00343942642211914 -0.0491485595703125 -0.0110931396484375
-0.00106477737426758 0.00600337982177734 -0.0440139770507812 -0.00615310668945312
0.0209808349609375 0.0254497528076172 -0.024169921875 -0.0491218566894531
0.0161294937133789 0.0145530700683594 -0.0019693374633789 -0.0145025253295898
0.0153236389160156 0.0140867233276367 0.0245227813720703 0.000535964965820313
0.0218505859375 0.00681304931640625 0.0416641235351563 -0.0134658813476563
0.0217685699462891 -0.00477409362792969 0.0383224487304688 -0.0284080505371094
0.0172710418701172 -0.0183029174804688 0.0242118835449219 -0.0452156066894531
0.00763320922851562 -0.0278587341308594 0.00790786743164063 -0.0448150634765625
0.00676536560058594 -0.0269279479980469 -0.00357627868652344 -0.0307941436767578
0.00815010070800781 -0.0293750762939453 -0.0121498107910156 -0.0189304351806641
0.0160751342773438 -0.0265026092529297 -0.0185031890869141 -0.0139522552490234
0.0241489410400391 -0.0155563354492188 -0.0275592803955078 -0.00551223754882813
0.0251674652099609 -0.00255012512207031 -0.0300559997558594 -0.00771522521972656
0.0159683227539063 0.0102367401123047 -0.0368194580078125 -0.0107307434082031
0.0151796340942383 0.0113859176635742 -0.0442924499511719 -0.00476455688476562
0.0181026458740234 0.0157279968261719 -0.039642333984375 0.00064468383789062
0.0348587036132813 0.037322998046875 -0.0134086608886719 -0.0392684936523437
0.0310115814208984 0.0261020660400391 0.00950241088867188 -0.00597953796386718
0.0309123992919922 0.0230655670166016 0.0298938751220703 0.00449752807617188
0.0377311706542969 0.00748825073242187 0.0448150634765625 -0.010345458984375
0.0351276397705078 -0.00829887390136719 0.0370292663574219 -0.0243453979492187
0.0267505645751953 -0.027130126953125 0.0208206176757813 -0.036773681640625
0.0124015808105469 -0.0376472473144531 0.00636672973632813 -0.0331325531005859
0.00998687744140626 -0.0370559692382813 -0.00315666198730469 -0.0171194076538086
0.00954437255859375 -0.0408248901367188 -0.0117588043212891 -0.00500965118408204
0.0184364318847656 -0.0391883850097656 -0.0217018127441406 -0.00100898742675782
0.0314388275146484 -0.0271587371826172 -0.0307540893554687 0.00400733947753907
0.0371284484863281 -0.01300048828125 -0.0319309234619141 -0.00140953063964843
0.0334491729736328 0.00845718383789063 -0.0354080200195313 -0.00572967529296876
0.0336971282958984 0.0169086456298828 -0.034942626953125 0.00123596191406249
0.0338764190673828 0.0230178833007813 -0.0284881591796875 0.00930404663085938
0.0434799194335937 0.0431327819824219 0.000230789184570315 -0.0259284973144531
0.0437202453613281 0.032379150390625 0.0218544006347656 0.00519180297851563
0.0458488464355469 0.0255126953125 0.0356712341308594 0.0111427307128906
0.0505256652832031 0.005615234375 0.0450668334960938 -0.00629043579101563
0.0437965393066406 -0.0133781433105469 0.0321445465087891 -0.0172309875488281
0.0311641693115234 -0.0339221954345703 0.0150966644287109 -0.0259990692138672
0.0140724182128906 -0.0426864624023438 0.00373554229736328 -0.0172357559204102
0.0115432739257813 -0.0414657592773438 -0.00256609916687012 -0.00169610977172852
0.0100555419921875 -0.045928955078125 -0.00993728637695312 0.0111246109008789
0.0182952880859375 -0.0455245971679688 -0.0214920043945313 0.0137062072753906
0.0334587097167969 -0.0348377227783203 -0.0312347412109375 0.015777587890625
0.0426673889160156 -0.0217094421386719 -0.0322799682617188 0.00478744506835938
0.0444107055664063 0.00503158569335938 -0.0324726104736328 -0.00170326232910156
0.0469627380371094 0.0185699462890625 -0.0220127105712891 0.00475311279296875
0.0436019897460938 0.0274734497070312 -0.0137996673583984 0.0192985534667969
0.0467262268066406 0.0421066284179688 0.0149621963500977 -0.0126066207885742
0.0508880615234375 0.0324630737304688 0.0334625244140625 0.0142364501953125
0.0534210205078125 0.0226402282714844 0.0386238098144531 0.0146331787109375
0.0545158386230469 0.0001678466796875 0.0420265197753906 -0.0005035400390625
0.043701171875 -0.0188484191894531 0.0262413024902344 -0.00952339172363281
0.029022216796875 -0.0357589721679688 0.00949764251708985 -0.0109758377075195
0.0134811401367188 -0.0414886474609375 0.00230884552001953 -0.000651359558105471
0.0108261108398438 -0.0393753051757813 -0.00097370147705078 0.0141973495483398
0.00999069213867187 -0.0427207946777344 -0.00821113586425781 0.0267734527587891
0.0165672302246094 -0.0431556701660156 -0.0208911895751953 0.0279407501220703
0.0325164794921875 -0.0343742370605469 -0.0305099487304687 0.0269145965576172
0.0423126220703125 -0.0234107971191406 -0.0323219299316406 0.0103054046630859
0.0480537414550781 0.00421905517578125 -0.0273418426513672 0.000722885131835932
0.05169677734375 0.0198936462402344 -0.00757360458374023 0.00844478607177735
0.0468063354492187 0.0292472839355469 0.00258445739746094 0.0312309265136719
0.0417938232421875 0.0349769592285156 0.0283927917480469 -0.00272178649902343
0.0496711730957031 0.0257415771484375 0.043426513671875 0.0188751220703125
0.0514869689941406 0.0144729614257813 0.0395088195800781 0.0151481628417969
0.0488014221191406 -0.006622314453125 0.0362281799316406 0.00445938110351563
0.0348262786865234 -0.0218029022216797 0.0199012756347656 -0.000343322753906251
0.0205783843994141 -0.0324211120605469 0.00510215759277344 0.00337553024291992
0.00850868225097656 -0.0337505340576172 0.00209903717041015 0.0151662826538086
0.0084381103515625 -0.0317878723144531 -0.000370025634765622 0.0276165008544922
0.0087432861328125 -0.0340423583984375 -0.00644302368164063 0.0390396118164063
0.013824462890625 -0.0341835021972656 -0.0223274230957031 0.0389938354492187
0.0275897979736328 -0.0275459289550781 -0.0308074951171875 0.0330772399902344
0.0373382568359375 -0.0195808410644531 -0.0312385559082031 0.0143013000488281
0.0444221496582031 0.0050506591796875 -0.0218296051025391 0.00276565551757812
0.04693603515625 0.0202293395996094 0.00668716430664063 0.011627197265625
0.041656494140625 0.0283203125 0.01593017578125 0.0420570373535156
0.03167724609375 0.0212516784667969 0.0394477844238281 0.00360107421875
0.040374755859375 0.0146560668945313 0.0493965148925781 0.0184898376464844
0.0400352478027344 0.00397491455078125 0.0383567810058594 0.0136909484863281
0.0332279205322266 -0.0118312835693359 0.0305194854736328 0.00823593139648438
0.0195579528808594 -0.0191974639892578 0.016514778137207 0.00791358947753906
0.00787734985351563 -0.0222911834716797 0.00501728057861328 0.0148983001708984
0.00317955017089844 -0.019927978515625 0.00347137451171875 0.0262794494628906
0.00490570068359375 -0.0189018249511719 0.000785827636718753 0.0366859436035156
0.00617218017578125 -0.0202445983886719 -0.00688552856445313 0.0471954345703125
0.00889778137207031 -0.0204410552978516 -0.0237159729003906 0.0457916259765625
0.0191993713378906 -0.0169792175292969 -0.031646728515625 0.0365791320800781
0.02740478515625 -0.0123786926269531 -0.0306072235107422 0.0168037414550781
0.0331687927246094 0.00682640075683594 -0.017669677734375 0.00421714782714844
0.0348567962646484 0.0174522399902344 0.0147714614868164 0.015904426574707
0.0289897918701172 0.0226345062255859 0.0266952514648438 0.0531158447265625
0.0144567489624023 0.00714874267578125 0.0456962585449219 0.00346755981445313
0.0233936309814453 0.00306510925292969 0.0514869689941406 0.0140457153320312
0.0219764709472656 -0.00555801391601563 0.0359954833984375 0.0114898681640625
0.012298583984375 -0.0128879547119141 0.0268993377685547 0.0119056701660156
0.00246334075927734 -0.0129184722900391 0.0167875289916992 0.011509895324707
-0.00386905670166016 -0.00760221481323242 0.00855064392089844 0.0210418701171875
-0.00173687934875488 -0.00320625305175781 0.00664520263671875 0.0315284729003906
0.000626564025878906 -0.00347042083740234 0.00225830078125 0.0405693054199219
0.00117850303649902 -0.00343966484069824 -0.008575439453125 0.0505294799804688
0.00149631500244141 -0.00568819046020508 -0.0272407531738281 0.0476646423339844
0.006805419921875 -0.00754642486572266 -0.0334548950195312 0.0368232727050781
0.0132436752319336 -0.00701236724853516 -0.0313701629638672 0.0173187255859375
0.0182018280029297 0.00400924682617188 -0.017120361328125 0.00562667846679688
0.0182838439941406 0.00988006591796875 0.0167922973632813 0.0195045471191406
0.0126953125 0.012730598449707 0.0301094055175781 0.0612220764160156
0.00521659851074219 0.0121440887451172 -0.0329322814941406 -0.0560340881347656
0.000545978546142578 0.00286197662353516 -0.0100116729736328 -0.0197010040283203
0.000124454498291016 0.00597667694091797 0.0209922790527344 -0.00150871276855469
0.00633001327514648 0.00431442260742188 0.0402488708496094 -0.0160980224609375
0.00815629959106445 -0.00149726867675781 0.0391502380371094 -0.0332794189453125
0.00635910034179687 -0.00906276702880859 0.0256233215332031 -0.0525436401367188
0.00102806091308594 -0.0157403945922852 0.00778961181640624 -0.054046630859375
0.00199031829833984 -0.0150117874145508 -0.00368499755859375 -0.04052734375
0.00543785095214844 -0.0151281356811523 -0.0113506317138672 -0.0286540985107422
0.0108575820922852 -0.0115518569946289 -0.0163726806640625 -0.0218982696533203
0.0137977600097656 -0.00251293182373047 -0.0250244140625 -0.0120353698730469
0.00988101959228516 0.00745487213134766 -0.0288715362548828 -0.0117702484130859
-0.00289058685302734 0.0099029541015625 -0.0391426086425781 -0.0163307189941406
-0.00446033477783203 0.00495529174804688 -0.05126953125 -0.0111274719238281
-0.000480175018310547 0.00753974914550781 -0.0461807250976563 -0.00644683837890626
0.0228958129882813 0.0276241302490234 -0.0243682861328125 -0.0504913330078125
0.0180301666259766 0.0149440765380859 -0.000870704650878907 -0.0145130157470703
0.0174999237060547 0.0146303176879883 0.0263290405273438 0.00101661682128906
0.0235576629638672 0.00617790222167969 0.0437393188476563 -0.0143165588378906
0.0233573913574219 -0.00568389892578125 0.0397491455078125 -0.0291252136230469
0.0180091857910156 -0.0203895568847656 0.02508544921875 -0.0462303161621094
0.00675773620605469 -0.0304470062255859 0.00755691528320313 -0.0460548400878906
0.00640106201171875 -0.0293979644775391 -0.00372505187988281 -0.0313205718994141
0.00811767578125 -0.0319271087646484 -0.0125904083251953 -0.01861572265625
0.0164852142333984 -0.0287742614746094 -0.0206890106201172 -0.0135936737060547
0.026123046875 -0.0170783996582031 -0.0294036865234375 -0.00479316711425781
0.0272655487060547 -0.00295066833496094 -0.0322341918945312 -0.00717163085937501
0.0176486968994141 0.011810302734375 -0.0385322570800781 -0.0103492736816406
0.0166835784912109 0.0140857696533203 -0.0455703735351562 -0.00393295288085937
0.0192089080810547 0.0177040100097656 -0.0406303405761719 0.00137329101562501
0.0368232727050781 0.0389747619628906 -0.0130538940429687 -0.0403861999511719
0.0336360931396484 0.0263538360595703 0.0106220245361328 -0.00490093231201172
0.0335521697998047 0.0228519439697266 0.0330009460449219 0.00524711608886719
0.0400428771972656 0.007354736328125 0.0474166870117188 -0.0104255676269531
0.0362739562988281 -0.0096893310546875 0.0381431579589844 -0.0251121520996094
0.0275669097900391 -0.0293445587158203 0.0219993591308594 -0.0373001098632813
0.0120925903320312 -0.0402145385742187 0.00676536560058594 -0.0333003997802734
0.00928878784179687 -0.0395278930664063 -0.00284957885742187 -0.0170764923095703
0.00926971435546875 -0.0434989929199219 -0.0119810104370117 -0.00341033935546875
0.018798828125 -0.0427665710449219 -0.0222797393798828 0.000415802001953127
0.0334033966064453 -0.0293445587158203 -0.0325965881347656 0.00598716735839843
0.0388832092285156 -0.0138435363769531 -0.0338592529296875 -0.000846862792968755
0.0354232788085938 0.00933456420898438 -0.0365982055664063 -0.00496673583984374
0.0355262756347656 0.0180130004882813 -0.0358047485351563 0.00253295898437501
0.0354461669921875 0.0243148803710938 -0.0291023254394531 0.0108585357666016
0.0458221435546875 0.0452194213867188 0.00126838684082031 -0.02630615234375
0.0461807250976563 0.033355712890625 0.0242366790771484 0.00642013549804688
0.0488700866699219 0.0264205932617188 0.0390396118164063 0.0115852355957031
0.052398681640625 0.00484466552734375 0.0476417541503906 -0.005706787109375
0.0445442199707031 -0.0150032043457031 0.0343723297119141 -0.0176296234130859
0.0317573547363281 -0.0354690551757813 0.0164375305175781 -0.025177001953125
0.0138740539550781 -0.0450897216796875 0.00532150268554688 -0.0164270401000977
0.0111465454101562 -0.0439567565917969 -0.00173318386077881 -0.000879764556884768
0.0100440979003906 -0.0479316711425781 -0.00928688049316406 0.0127811431884766
0.0180206298828125 -0.0478744506835938 -0.0225448608398437 0.0161075592041016
0.0349273681640625 -0.0364952087402344 -0.0327873229980469 0.0184097290039062
0.044158935546875 -0.0232353210449219 -0.0348682403564453 0.00651359558105469
0.0474357604980469 0.006103515625 -0.0337314605712891 -0.000320434570312497
0.0491676330566406 0.0199317932128906 -0.0221786499023437 0.00612449645996094
0.0466117858886719 0.0293045043945313 -0.0144138336181641 0.022491455078125
0.04852294921875 0.0435676574707031 0.0158567428588867 -0.0129528045654297
0.0523872375488281 0.0332374572753906 0.0360603332519531 0.0157127380371094
0.0564537048339844 0.0233154296875 0.0419273376464844 0.0158271789550781
0.0566596984863281 -0.001129150390625 0.0452728271484375 -0.000400543212890625
0.0444679260253906 -0.0199432373046875 0.0283107757568359 -0.00888442993164063
0.0296707153320313 -0.0374565124511719 0.0110712051391602 -0.0102939605712891
0.013092041015625 -0.0429306030273438 0.00334572792053223 0.000934362411499021
0.0108757019042969 -0.0411643981933594 -0.000659942626953125 0.0158567428588867
0.0093841552734375 -0.0447349548339844 -0.00693893432617188 0.0289077758789063
0.0163688659667969 -0.0450553894042969 -0.021820068359375 0.0308971405029297
0.0327224731445313 -0.0359840393066406 -0.0327167510986328 0.029266357421875
0.0440216064453125 -0.024932861328125 -0.0335788726806641 0.0120449066162109
0.0505409240722656 0.00382614135742188 -0.0285358428955078 0.00234794616699219
0.0536766052246094 0.0204124450683594 -0.00766181945800781 0.00946903228759766
0.04913330078125 0.0304336547851563 0.00247001647949219 0.0337696075439453
0.0437202453613281 0.0341682434082031 0.0297832489013672 -0.00172233581542969
0.0505790710449219 0.0255508422851563 0.0457344055175781 0.0204925537109375
0.054168701171875 0.014434814453125 0.0422134399414063 0.0167388916015625
0.0499954223632813 -0.00742721557617188 0.0390625 0.00526046752929687
0.0356636047363281 -0.0222663879394531 0.0219745635986328 0.000965118408203124
0.0206031799316406 -0.0332431793212891 0.00713777542114258 0.00435352325439453
0.0088958740234375 -0.0343818664550781 0.00310325622558594 0.0166463851928711
0.00827980041503906 -0.0322647094726562 0.00102424621582031 0.0291900634765625
0.00833892822265625 -0.0352630615234375 -0.00572204589843749 0.0423583984375
0.0136775970458984 -0.0342655181884766 -0.0218544006347656 0.0428047180175781
0.0280628204345703 -0.0284481048583984 -0.0318984985351563 0.0364112854003906
0.0384941101074219 -0.0201835632324219 -0.0316162109375 0.0160045623779297
0.0451202392578125 0.00559616088867187 -0.0222339630126953 0.00420951843261718
0.0487518310546875 0.0198135375976563 0.00632190704345704 0.0123281478881836
0.0432357788085937 0.0285758972167969 0.017364501953125 0.0454826354980469
0.0319690704345703 0.0208015441894531 0.0405426025390625 0.004119873046875
0.0408897399902344 0.0140953063964844 0.0519447326660156 0.0198211669921875
0.0414848327636719 0.00323104858398438 0.0407485961914063 0.0150985717773438
0.033447265625 -0.0128746032714844 0.0334682464599609 0.00979232788085938
0.0191192626953125 -0.020538330078125 0.0185127258300781 0.0087127685546875
0.00869369506835937 -0.0224723815917969 0.00696277618408203 0.0159120559692383
0.00316238403320312 -0.0195083618164063 0.00444221496582031 0.0274105072021484
0.00517654418945312 -0.0184764862060547 0.0020904541015625 0.0384101867675781
0.00623130798339844 -0.0199298858642578 -0.00606536865234375 0.0502243041992187
0.00891876220703125 -0.0196361541748047 -0.0239715576171875 0.0487556457519531
0.0192813873291016 -0.0172328948974609 -0.0329170227050781 0.0393753051757813
0.0271110534667969 -0.0132350921630859 -0.0318126678466797 0.0185966491699219
0.0335502624511719 0.00665664672851563 -0.0183563232421875 0.00472259521484375
0.0355262756347656 0.0172882080078125 0.0153188705444336 0.0165443420410156
0.0301952362060547 0.0227069854736328 0.02752685546875 0.0560073852539063
0.0151071548461914 0.00596714019775391 0.0465583801269531 0.0036163330078125
0.0237369537353516 0.00250625610351563 0.0532913208007813 0.0145950317382812
0.0220603942871094 -0.00728034973144531 0.038055419921875 0.011199951171875
0.0117616653442383 -0.0136175155639648 0.0299148559570313 0.0128116607666016
0.000883102416992188 -0.0129728317260742 0.0179290771484375 0.0122299194335938
-0.0047917366027832 -0.00585746765136719 0.0104732513427734 0.0213947296142578
-0.00134432315826416 -0.00112819671630859 0.00761222839355469 0.0322551727294922
0.000662088394165039 -0.00283384323120117 0.00314712524414063 0.0416603088378906
0.00201725959777832 -0.00229668617248535 -0.00795364379882812 0.0531349182128906
0.00159311294555664 -0.00394940376281738 -0.0277214050292969 0.0506210327148437
0.00660562515258789 -0.00664043426513672 -0.0354881286621094 0.0388565063476563
0.0125341415405273 -0.00736808776855469 -0.0325260162353516 0.0186748504638672
0.0180110931396484 0.00358390808105469 -0.0182991027832031 0.0059814453125
0.0180263519287109 0.00893783569335938 0.0173606872558594 0.0202789306640625
0.0127296447753906 0.0121173858642578 0.0314178466796875 0.063690185546875
0.00778865814208985 0.0138912200927734 -0.034576416015625 -0.0572776794433594
0.0022430419921875 0.00379252433776855 -0.00960922241210937 -0.0198688507080078
0.0018010139465332 0.00552654266357422 0.0229053497314453 -0.00286483764648438
0.00725221633911133 0.00326395034790039 0.0417747497558594 -0.0187873840332031
0.00907611846923828 -0.00350475311279297 0.039276123046875 -0.0359649658203125
0.00642585754394531 -0.0115365982055664 0.0250358581542969 -0.0547561645507813
0.000316619873046874 -0.0177822113037109 0.005584716796875 -0.0558586120605469
0.000703811645507814 -0.0166244506835938 -0.0052032470703125 -0.0411148071289063
0.00426101684570313 -0.0178623199462891 -0.0129070281982422 -0.0284461975097656
0.0115509033203125 -0.0137939453125 -0.0187129974365234 -0.0211830139160156
0.0152788162231445 -0.00448417663574219 -0.0270633697509766 -0.0112457275390625
0.0127315521240234 0.00663185119628906 -0.0316390991210937 -0.0106086730957031
-0.00122833251953125 0.0116367340087891 -0.0417938232421875 -0.0158576965332031
-0.00316953659057617 0.00781345367431641 -0.0532608032226563 -0.0101089477539062
0.000548362731933593 0.00976753234863281 -0.04766845703125 -0.00426483154296876
0.0261898040771484 0.0292625427246094 -0.02593994140625 -0.0511093139648438
0.0202960968017578 0.015594482421875 8.20159912109383E-05 -0.0149879455566406
0.0200424194335938 0.0145034790039063 0.0291576385498047 8.39233398437509E-05
0.0254383087158203 0.00459098815917969 0.0455131530761719 -0.0157127380371094
0.0241184234619141 -0.00787734985351563 0.0406265258789062 -0.0316696166992188
0.0177955627441406 -0.0236587524414062 0.024566650390625 -0.0483741760253906
0.00556182861328125 -0.0324668884277344 0.00679397583007813 -0.0469322204589844
0.00452613830566406 -0.0317401885986328 -0.00451850891113282 -0.03155517578125
0.00654983520507812 -0.0352058410644531 -0.0132541656494141 -0.0176525115966797
0.0165195465087891 -0.0325584411621094 -0.0218467712402344 -0.0118026733398438
0.0275993347167969 -0.0194358825683594 -0.0313262939453125 -0.00280570983886719
0.0298118591308594 -0.00468635559082031 -0.0341262817382813 -0.00613784790039062
0.0202465057373047 0.0130100250244141 -0.04150390625 -0.00879287719726562
0.0187129974365234 0.0156326293945313 -0.04766845703125 -0.0024871826171875
0.0211296081542969 0.0198383331298828 -0.0416221618652344 0.00381851196289063
0.0406036376953125 0.0405921936035156 -0.014129638671875 -0.0408859252929688
0.0360603332519531 0.0270652770996094 0.0129528045654297 -0.00479984283447265
0.0375442504882813 0.0225868225097656 0.035888671875 0.00499725341796875
0.041778564453125 0.00528717041015625 0.0498542785644531 -0.0121040344238281
0.0377349853515625 -0.0122566223144531 0.0398902893066406 -0.0262298583984375
0.0273857116699219 -0.0322952270507813 0.0223274230957031 -0.0390663146972656
0.0102462768554688 -0.0430946350097656 0.00680732727050782 -0.03338623046875
0.00764846801757812 -0.0420341491699219 -0.00282669067382812 -0.016484260559082
0.00786590576171875 -0.0468292236328125 -0.0112466812133789 -0.00149250030517579
0.0179595947265625 -0.0460853576660156 -0.023223876953125 0.00321578979492187
0.0338687896728516 -0.0327739715576172 -0.03399658203125 0.0091571807861328
0.0409355163574219 -0.0165061950683594 -0.0360603332519531 0.00130462646484375
0.0381317138671875 0.00936508178710938 -0.0389404296875 -0.00323867797851562
0.0380477905273437 0.0193367004394531 -0.036651611328125 0.00373077392578126
0.0384483337402344 0.0262184143066406 -0.0296535491943359 0.0142555236816406
0.0495147705078125 0.0450630187988281 0.000648498535156256 -0.0260181427001953
0.0494651794433594 0.0332679748535156 0.0268020629882813 0.00656509399414063
0.052581787109375 0.0251693725585938 0.0427017211914063 0.0114555358886719
0.0547714233398438 0.0022125244140625 0.0509605407714844 -0.00690841674804687
0.0456657409667969 -0.0173988342285156 0.0358543395996094 -0.0186538696289063
0.0316925048828125 -0.0386695861816406 0.0173931121826172 -0.0249195098876953
0.0128440856933594 -0.0473861694335937 0.00553417205810547 -0.0163660049438477
0.00925827026367187 -0.0458412170410156 -0.00089418888092041 0.000263869762420651
0.00778579711914063 -0.0513916015625 -0.0083913803100586 0.0155296325683594
0.0166168212890625 -0.0502166748046875 -0.0229663848876953 0.0198593139648437
0.0350112915039063 -0.0398178100585938 -0.0332412719726563 0.0224380493164062
0.0454063415527344 -0.0257759094238281 -0.0362091064453125 0.00911712646484375
0.0493087768554688 0.00505828857421875 -0.03521728515625 0.00137710571289062
0.0519599914550781 0.0194053649902344 -0.0230064392089844 0.00787544250488282
0.0491142272949219 0.0290794372558594 -0.0134201049804687 0.0250816345214844
0.0519294738769531 0.0429573059082031 0.016972541809082 -0.0122003555297852
0.0548896789550781 0.0327415466308594 0.0389366149902344 0.016632080078125
0.06036376953125 0.0220756530761719 0.0463104248046875 0.0160408020019531
0.0591545104980469 -0.0024261474609375 0.047882080078125 -0.000522613525390625
0.0454063415527344 -0.0221405029296875 0.0303573608398438 -0.00901985168457031
0.0296287536621094 -0.0394630432128906 0.0123405456542969 -0.0101509094238281
0.0117988586425781 -0.0446624755859375 0.00399947166442871 0.00139188766479492
0.00902557373046876 -0.0426025390625 0.000678062438964844 0.0170021057128906
0.00863265991210938 -0.0467796325683594 -0.00531005859375 0.0326385498046875
0.0149497985839844 -0.0471458435058594 -0.0210704803466797 0.0348243713378906
0.0327224731445313 -0.0384750366210938 -0.0322933197021484 0.0335369110107422
0.0442008972167969 -0.0277481079101563 -0.0346221923828125 0.0157432556152344
0.05279541015625 0.003143310546875 -0.0292797088623047 0.00443649291992187
0.056182861328125 0.0198783874511719 -0.00681018829345703 0.0108613967895508
0.05133056640625 0.0299301147460938 0.00432968139648438 0.0368232727050781
0.0463790893554688 0.0340843200683594 0.0312690734863281 -0.00126457214355469
0.0524139404296875 0.0245018005371094 0.0487060546875 0.02069091796875
0.0565567016601562 0.0129051208496094 0.0465850830078125 0.0168190002441406
0.051361083984375 -0.00961685180664063 0.0419921875 0.00445938110351562
0.0351943969726563 -0.0240478515625 0.0240077972412109 0.000455856323242186
0.0202922821044922 -0.0342426300048828 0.00908088684082031 0.00530242919921875
0.00792694091796875 -0.034454345703125 0.00459480285644532 0.0179729461669922
0.00814247131347657 -0.0324573516845703 0.00275611877441406 0.0314826965332031
0.00756072998046875 -0.0351524353027344 -0.00313186645507813 0.0449790954589844
0.0126724243164063 -0.0352821350097656 -0.0207710266113281 0.0467910766601563
0.0274658203125 -0.0296134948730469 -0.0309829711914063 0.040771484375
0.038177490234375 -0.0225257873535156 -0.0331535339355469 0.0196952819824219
0.0472450256347656 0.00400543212890625 -0.0234413146972656 0.00567245483398437
0.0506439208984375 0.0190048217773438 0.00720596313476563 0.013422966003418
0.0451202392578125 0.0278511047363281 0.0200424194335938 0.0488967895507813
0.0330448150634766 0.0195083618164063 0.0417976379394531 0.003631591796875
0.0414276123046875 0.0120925903320313 0.0552215576171875 0.0201644897460938
0.0425186157226563 0.0009918212890625 0.0438613891601563 0.014984130859375
0.0332794189453125 -0.0140304565429687 0.035888671875 0.00993728637695313
0.0180492401123047 -0.0210018157958984 0.0204048156738281 0.00863265991210937
0.00775718688964844 -0.0220527648925781 0.00879478454589844 0.0165233612060547
0.00374984741210938 -0.0185470581054688 0.00648307800292969 0.0285663604736328
0.00457000732421875 -0.0183277130126953 0.00408935546875 0.0406646728515625
0.00635147094726563 -0.0195178985595703 -0.00364685058593751 0.0536766052246094
0.00831985473632813 -0.0191650390625 -0.0228919982910156 0.0530891418457031
0.0186576843261719 -0.0173015594482422 -0.032867431640625 0.0439643859863281
0.026611328125 -0.0134963989257813 -0.0325736999511719 0.0212764739990234
0.0341796875 0.00522613525390625 -0.0192642211914063 0.0069732666015625
0.03631591796875 0.0157432556152344 0.0158100128173828 0.0170145034790039
0.0309886932373047 0.0211544036865234 0.030426025390625 0.0592613220214844
0.0146007537841797 0.00414180755615234 0.0486221313476563 0.003265380859375
0.0236854553222656 -0.000179290771484375 0.0561065673828125 0.0146713256835938
0.0214977264404297 -0.00890541076660156 0.0408706665039062 0.0117874145507812
0.0103378295898438 -0.0140914916992188 0.0323238372802734 0.0124454498291016
-0.00137424468994141 -0.0120649337768555 0.0210628509521484 0.0118598937988281
-0.0047297477722168 -0.00429677963256836 0.0124454498291016 0.0217266082763672
-0.000759601593017578 0.000857710838317871 0.00899314880371094 0.0329799652099609
0.00148284435272217 -0.000645637512207031 0.00494384765625 0.0430831909179687
0.0027766227722168 -0.0010378360748291 -0.00612258911132813 0.0554885864257813
0.00186061859130859 -0.00250840187072754 -0.0262031555175781 0.0539817810058594
0.00574493408203125 -0.00556278228759766 -0.0351371765136719 0.0420761108398438
0.0119915008544922 -0.00698280334472656 -0.0336723327636719 0.0214405059814453
0.0173797607421875 0.00343036651611328 -0.0192546844482422 0.00676727294921875
0.0176925659179688 0.00827980041503906 0.0180587768554688 0.0212230682373047
0.0120620727539063 0.0100994110107422 0.0340423583984375 0.0661277770996094
0.0106525421142578 0.0157222747802734 -0.0372238159179688 -0.0568885803222656
0.00417447090148926 0.00410294532775879 -0.00923347473144532 -0.0197353363037109
0.00374889373779297 0.00518417358398438 0.0235195159912109 -0.00465583801269531
0.00909233093261719 0.00153446197509766 0.0416603088378906 -0.0207901000976563
0.00930213928222656 -0.00509929656982422 0.0381507873535156 -0.0384635925292969
0.00509548187255859 -0.0134992599487305 0.0219841003417969 -0.0568046569824219
-0.00288200378417969 -0.0193767547607422 0.00266265869140625 -0.0565185546875
-0.00116920471191406 -0.0181770324707031 -0.00719833374023437 -0.0406455993652344
0.00237083435058594 -0.0204887390136719 -0.0144500732421875 -0.0273113250732422
0.0105724334716797 -0.0170955657958984 -0.0205097198486328 -0.0195198059082031
0.0167675018310547 -0.00684642791748047 -0.0285491943359375 -0.00926780700683594
0.0148763656616211 0.00589942932128906 -0.0336704254150391 -0.00897407531738281
0.000882148742675781 0.0130319595336914 -0.0438499450683594 -0.0136833190917969
-0.00153827667236328 0.0107755661010742 -0.0549507141113281 -0.00793838500976563
0.00210952758789062 0.0119762420654297 -0.0478248596191406 -0.00270843505859375
0.0294303894042969 0.0293865203857422 -0.0277519226074219 -0.05078125
0.0230941772460938 0.0147132873535156 0.00125408172607422 -0.0150241851806641
0.022552490234375 0.0131492614746094 0.0308418273925781 -0.00156402587890625
0.0268516540527344 0.00195693969726563 0.0462532043457031 -0.0185127258300781
0.0240364074707031 -0.0104999542236328 0.0400428771972656 -0.0333023071289062
0.0160255432128906 -0.0262374877929688 0.0234527587890625 -0.0486373901367187
0.0023651123046875 -0.0343761444091797 0.00529098510742187 -0.0472068786621094
0.00190544128417969 -0.0334968566894531 -0.00553703308105469 -0.0305061340332031
0.0036773681640625 -0.0375633239746094 -0.0134391784667969 -0.0154533386230469
0.014434814453125 -0.0357666015625 -0.0226345062255859 -0.00900077819824219
0.0278377532958984 -0.0224838256835938 -0.0319252014160156 2.53288866059301E-18
0.0317420959472656 -0.00654983520507812 -0.0353164672851563 -0.00262069702148438
0.0225658416748047 0.0133991241455078 -0.0423698425292969 -0.00669860839843749
0.0210781097412109 0.0167922973632813 -0.0482063293457031 -2.28881835937572E-05
0.0228748321533203 0.0209865570068359 -0.0412979125976563 0.00651168823242187
0.0441474914550781 0.0399932861328125 -0.0147628784179687 -0.0396728515625
0.0389251708984375 0.0258102416992188 0.0143470764160156 -0.00484943389892578
0.0403289794921875 0.0201644897460938 0.0386505126953125 0.00328826904296875
0.0436897277832031 0.00220108032226562 0.05108642578125 -0.0143241882324219
0.0376129150390625 -0.0151214599609375 0.0397109985351563 -0.0275306701660156
0.0254058837890625 -0.0356330871582031 0.0218505859375 -0.0386009216308594
0.00689315795898438 -0.0446929931640625 0.00604438781738281 -0.0330944061279297
0.00513839721679688 -0.042938232421875 -0.0023651123046875 -0.0157260894775391
0.00495147705078125 -0.0489578247070312 -0.010167121887207 0.000980377197265623
0.0154876708984375 -0.048431396484375 -0.0230464935302734 0.00694847106933594
0.0338134765625 -0.0358963012695313 -0.0339584350585938 0.0137825012207031
0.0415802001953125 -0.019256591796875 -0.0368766784667969 0.00485992431640624
0.040435791015625 0.0092010498046875 -0.0398979187011719 -0.000171661376953128
0.0402145385742188 0.0189933776855469 -0.0363807678222656 0.00696945190429688
0.04095458984375 0.0262870788574219 -0.0280475616455078 0.0161933898925781
0.0529861450195313 0.0442962646484375 0.00145149230957032 -0.0260734558105469
0.0513763427734375 0.0312614440917969 0.0286140441894531 0.00604438781738281
0.0557022094726563 0.022796630859375 0.0451622009277344 0.00959014892578125
0.0557937622070313 -0.00042724609375 0.052276611328125 -0.009429931640625
0.0445060729980469 -0.0211982727050781 0.0365333557128906 -0.0197219848632812
0.0292778015136719 -0.0418548583984375 0.018280029296875 -0.0253734588623047
0.00984573364257813 -0.0488243103027344 0.00637531280517578 -0.0163383483886719
0.006805419921875 -0.0467414855957031 0.000243067741394043 0.00154924392700195
0.00485992431640625 -0.0523529052734375 -0.00544548034667969 0.0185279846191406
0.014068603515625 -0.0522232055664063 -0.0207347869873047 0.0237369537353516
0.0336074829101563 -0.0422439575195313 -0.0326080322265625 0.0262947082519531
0.045196533203125 -0.0285491943359375 -0.0365257263183594 0.0130157470703125
0.0513763427734375 0.00288009643554688 -0.0356254577636719 0.00466918945312501
0.0542716979980469 0.01812744140625 -0.0219383239746094 0.01068115234375
0.0511245727539063 0.0283203125 -0.0111675262451172 0.0281600952148437
0.0541229248046875 0.0416717529296875 0.0174741744995117 -0.012481689453125
0.056427001953125 0.0302467346191406 0.0418243408203125 0.0155296325683594
0.0618324279785156 0.0191688537597656 0.0491752624511719 0.0138015747070313
0.0588226318359375 -0.00631332397460937 0.0499839782714844 -0.00246810913085938
0.0440864562988281 -0.024566650390625 0.0313568115234375 -0.009857177734375
0.02789306640625 -0.0409736633300781 0.0139303207397461 -0.00984764099121094
0.00921249389648437 -0.0451850891113281 0.00577497482299805 0.00208139419555664
0.00729751586914062 -0.0430145263671875 0.00329017639160156 0.0186004638671875
0.00607681274414062 -0.0473403930664063 -0.00181961059570312 0.0346698760986328
0.0123863220214844 -0.0480766296386719 -0.0184097290039063 0.0387649536132813
0.0309219360351562 -0.0400733947753906 -0.0308723449707031 0.0375823974609375
0.0432205200195312 -0.0301094055175781 -0.0337734222412109 0.0193328857421875
0.0536003112792969 0.000492095947265625 -0.0288486480712891 0.00729751586914062
0.0579147338867188 0.0172119140625 -0.00597000122070312 0.0124654769897461
0.053466796875 0.0279884338378906 0.00724029541015625 0.0389442443847656
0.0474510192871094 0.0316085815429688 0.0322074890136719 -0.00146102905273437
0.05291748046875 0.022552490234375 0.0516700744628906 0.0199394226074219
0.0581779479980469 0.009765625 0.0493202209472656 0.0155868530273438
0.0505142211914063 -0.0115127563476563 0.04388427734375 0.00377655029296875
0.0339775085449219 -0.0254154205322266 0.0262680053710938 0.000341415405273436
0.0191917419433594 -0.0342693328857422 0.0113248825073242 0.00546932220458984
0.00709152221679688 -0.0344429016113281 0.0070953369140625 0.0180778503417969
0.00688552856445313 -0.0320625305175781 0.00574493408203125 0.0326480865478516
0.00640869140625 -0.0356330871582031 0.000988006591796878 0.0474205017089844
0.0111865997314453 -0.0351390838623047 -0.0174522399902344 0.0505752563476563
0.0261192321777344 -0.0307083129882813 -0.02911376953125 0.0444679260253906
0.0361709594726563 -0.0245132446289063 -0.0324840545654297 0.0231609344482422
0.0466651916503906 0.001983642578125 -0.0229721069335937 0.00800514221191407
0.0508003234863281 0.01617431640625 0.00851535797119141 0.0139884948730469
0.04534912109375 0.0255813598632813 0.0230560302734375 0.0499649047851563
0.0337486267089844 0.0171089172363281 0.0428657531738281 0.00267410278320313
0.040252685546875 0.00962448120117188 0.05731201171875 0.018096923828125
0.0416679382324219 -0.00133514404296875 0.0464210510253906 0.0137519836425781
0.0320091247558594 -0.0157032012939453 0.0382499694824219 0.00817489624023437
0.0161972045898438 -0.020233154296875 0.0226535797119141 0.00733757019042969
0.00677299499511718 -0.0205402374267578 0.0112180709838867 0.0162258148193359
0.00342750549316406 -0.0180435180664063 0.00885963439941406 0.0289249420166016
0.00475406646728516 -0.0168962478637695 0.006805419921875 0.0410385131835938
0.00634002685546875 -0.0185165405273438 0.000579833984375 0.0550270080566406
0.00821685791015625 -0.0181541442871094 -0.0196189880371094 0.0566940307617187
0.0175991058349609 -0.0170364379882812 -0.0300254821777344 0.0476341247558594
0.0254936218261719 -0.0143795013427734 -0.0315608978271484 0.0244045257568359
0.0331077575683594 0.00384140014648438 -0.0195598602294922 0.00915145874023438
0.0358619689941406 0.0137748718261719 0.0172739028930664 0.0175104141235352
0.0308475494384766 0.0192050933837891 0.0339164733886719 0.0599250793457031
0.0134429931640625 0.00210857391357422 0.0485305786132813 0.00133514404296875
0.0216732025146484 -0.00199317932128906 0.057647705078125 0.0125579833984375
0.0198459625244141 -0.0112285614013672 0.0427093505859375 0.0103645324707031
0.00818347930908203 -0.0140762329101563 0.0347251892089844 0.0112171173095703
-0.00286865234375 -0.0110397338867188 0.0226192474365234 0.0103912353515625
-0.00458288192749023 -0.00195217132568359 0.0145435333251953 0.0203323364257813
0.000558853149414063 0.00240015983581543 0.0112094879150391 0.0323696136474609
0.00249743461608887 0.000965118408203125 0.00775146484375 0.0431137084960938
0.00366783142089844 0.00028681755065918 -0.002166748046875 0.0571861267089844
0.00192248821258545 -0.000778555870056152 -0.023193359375 0.0576934814453125
0.00492572784423828 -0.00416898727416992 -0.0327949523925781 0.0458106994628906
0.00992965698242188 -0.00587558746337891 -0.0326251983642578 0.0245323181152344
0.0163297653198242 0.00275611877441406 -0.0194625854492188 0.00881195068359375
0.0161800384521484 0.00702953338623047 0.0187053680419922 0.020233154296875
0.0113611221313477 0.00825595855712891 0.0376167297363281 0.0658416748046875
0.0134096145629883 0.0160923004150391 -0.0375518798828125 -0.0550880432128906
0.00619602203369141 0.00345325469970703 -0.00895118713378906 -0.0197715759277344
0.00572729110717773 0.00375127792358398 0.0241260528564453 -0.00594711303710937
0.00951480865478516 -1.33514404296875E-05 0.0403366088867188 -0.0222969055175781
0.00916194915771484 -0.00633335113525391 0.0357818603515625 -0.0385322570800781
0.00307941436767578 -0.0154886245727539 0.0190582275390625 -0.0552940368652344
-0.00454902648925781 -0.0197830200195313 0.000286102294921873 -0.055511474609375
-0.00329399108886719 -0.0191555023193359 -0.00774765014648437 -0.0390510559082031
-0.000438690185546873 -0.0221271514892578 -0.0144386291503906 -0.0250072479248047
0.00918769836425781 -0.0196056365966797 -0.0206050872802734 -0.0163402557373047
0.0168828964233398 -0.00928974151611328 -0.0292396545410156 -0.00616073608398437
0.0166263580322266 0.00419235229492188 -0.0337600708007813 -0.00659751892089844
0.00425910949707031 0.0134439468383789 -0.0446662902832031 -0.0114555358886719
0.000690460205078125 0.0122537612915039 -0.0540695190429688 -0.00621414184570313
0.00450325012207031 0.0142230987548828 -0.0459518432617188 -0.000648498535156245
0.0322761535644531 0.0284614562988281 -0.0277175903320312 -0.0488204956054688
0.0243492126464844 0.0138912200927734 0.00185394287109375 -0.014674186706543
0.0241050720214844 0.0110435485839844 0.0314807891845703 -0.00354385375976562
0.0271072387695313 -0.00028228759765625 0.0447273254394531 -0.0204734802246094
0.0234165191650391 -0.0126533508300781 0.0383682250976563 -0.0340042114257813
0.0133590698242188 -0.0279445648193359 0.0213470458984375 -0.0481414794921875
-0.000335693359375004 -0.0349693298339844 0.003875732421875 -0.0456657409667969
-0.000841140747070312 -0.033843994140625 -0.00549697875976562 -0.0283012390136719
0.000724792480468749 -0.038787841796875 -0.0125722885131836 -0.0133428573608398
0.0126724243164063 -0.0372352600097656 -0.0222988128662109 -0.00570487976074219
0.0268898010253906 -0.0251083374023437 -0.0316371917724609 0.00337982177734375
0.0319328308105469 -0.00853538513183594 -0.0352668762207031 -0.00028610229492187
0.025115966796875 0.0132465362548828 -0.0422592163085938 -0.00408554077148437
0.0231494903564453 0.0177593231201172 -0.0471572875976563 0.00241470336914063
0.0251140594482422 0.0218524932861328 -0.0387649536132813 0.00851440429687501
0.0454750061035156 0.03765869140625 -0.0142097473144531 -0.0384712219238281
0.039794921875 0.0238075256347656 0.0162534713745117 -0.00502777099609375
0.0415840148925781 0.0181503295898438 0.039794921875 0.00157928466796875
0.0435523986816406 -0.00029754638671875 0.0504837036132813 -0.0166702270507813
0.035369873046875 -0.0176353454589844 0.0390396118164063 -0.0281181335449219
0.0227432250976563 -0.0365791320800781 0.0210609436035156 -0.038360595703125
0.00427627563476563 -0.0450172424316406 0.00616455078125 -0.031951904296875
0.00117111206054688 -0.0430221557617188 -0.00157833099365234 -0.0142612457275391
0.00124740600585937 -0.0491600036621094 -0.00776815414428711 0.00282907485961914
0.0124588012695313 -0.0492630004882813 -0.0217132568359375 0.0102653503417969
0.0317802429199219 -0.037933349609375 -0.0318946838378906 0.0166110992431641
0.04119873046875 -0.0215644836425781 -0.0363578796386719 0.00809860229492187
0.0416679382324219 0.00806427001953125 -0.0395393371582031 0.00278854370117188
0.0420379638671875 0.0190963745117187 -0.035003662109375 0.00865554809570313
0.041015625 0.0257530212402344 -0.0256614685058594 0.0191764831542969
0.0539627075195313 0.0420303344726563 0.00198554992675782 -0.0246086120605469
0.0517005920410156 0.0286140441894531 0.0304069519042969 0.00553512573242188
0.0560264587402344 0.0200004577636719 0.046875 0.0079193115234375
0.0551033020019531 -0.00296783447265625 0.0530128479003906 -0.010894775390625
0.0430526733398438 -0.0221977233886719 0.03662109375 -0.0202484130859375
0.0268783569335938 -0.0417823791503906 0.0188407897949219 -0.0244541168212891
0.00734710693359375 -0.0478134155273437 0.00723934173583985 -0.0147466659545898
0.00386810302734375 -0.0464668273925781 0.00229430198669434 0.00230360031127929
0.00220108032226562 -0.0522308349609375 -0.00268363952636719 0.0196475982666016
0.0116043090820313 -0.0526351928710938 -0.0186367034912109 0.0263633728027344
0.0314064025878906 -0.0432281494140625 -0.0295810699462891 0.0297660827636719
0.0433273315429687 -0.0303001403808594 -0.0345745086669922 0.0163612365722656
0.051513671875 0.0015411376953125 -0.0346565246582031 0.00715446472167969
0.0539398193359375 0.0168685913085938 -0.0201091766357422 0.0121192932128906
0.0512275695800781 0.0263099670410156 -0.00814437866210937 0.0295944213867188
0.0540733337402344 0.0387611389160156 0.0185146331787109 -0.0113143920898438
0.0550346374511719 0.0279808044433594 0.0435943603515625 0.0144309997558594
0.0614967346191406 0.0161476135253906 0.050628662109375 0.0124053955078125
0.0575027465820312 -0.00749588012695313 0.0502357482910156 -0.00457763671875
0.0417861938476562 -0.0253067016601562 0.0323333740234375 -0.0104465484619141
0.0257949829101562 -0.04132080078125 0.0154104232788086 -0.00892257690429688
0.00794219970703125 -0.0439224243164063 0.00811290740966797 0.00213241577148437
0.00576019287109375 -0.0415077209472656 0.00522041320800781 0.0189609527587891
0.00376510620117188 -0.0458145141601563 0.0025482177734375 0.035736083984375
0.0104141235351563 -0.0462646484375 -0.0150566101074219 0.0410079956054688
0.0286407470703125 -0.0398063659667969 -0.0272178649902344 0.040802001953125
0.0407028198242187 -0.0308761596679688 -0.0321712493896484 0.0223941802978516
0.0524444580078125 -0.00107955932617188 -0.0276203155517578 0.00969123840332031
0.0567169189453125 0.0153579711914063 -0.00460052490234375 0.0131216049194336
0.0525131225585938 0.0257682800292969 0.00933456420898438 0.0401382446289063
0.0471649169921875 0.0289993286132813 0.0318946838378906 -0.00150299072265625
0.0513420104980469 0.0198974609375 0.0527534484863281 0.0192832946777344
0.0561294555664063 0.00834274291992188 0.0509452819824219 0.0141868591308594
0.0480690002441406 -0.0127601623535156 0.0455284118652344 0.00217056274414062
0.0311965942382813 -0.0245571136474609 0.0262737274169922 -0.000610351562500002
0.0181941986083984 -0.0335807800292969 0.0130186080932617 0.0052032470703125
0.00661659240722656 -0.0325794219970703 0.00865745544433594 0.0181884765625
0.00610733032226563 -0.0304527282714844 0.00824165344238281 0.0321807861328125
0.00535774230957031 -0.0338668823242188 0.00543212890625 0.0476531982421875
0.00994110107421875 -0.0335731506347656 -0.0132865905761719 0.0517768859863281
0.0237216949462891 -0.0292949676513672 -0.0254554748535156 0.0469398498535156
0.0339279174804688 -0.0241107940673828 -0.030426025390625 0.0255641937255859
0.0457687377929687 0.000637054443359375 -0.0223026275634766 0.0102806091308594
0.0494842529296875 0.0139541625976563 0.00961971282958985 0.0145282745361328
0.0439643859863281 0.0228385925292969 0.0256118774414063 0.0506744384765625
0.0319671630859375 0.0147457122802734 0.0426406860351563 0.00299453735351563
0.0379562377929688 0.00826644897460938 0.0578651428222656 0.0167694091796875
0.0397987365722656 -0.00286102294921875 0.0472831726074219 0.0120086669921875
0.0289344787597656 -0.0154781341552734 0.0391387939453125 0.00739288330078125
0.0140933990478516 -0.0191211700439453 0.0235500335693359 0.00661277770996094
0.00687217712402344 -0.0188655853271484 0.0125522613525391 0.0156583786010742
0.00383758544921875 -0.0160579681396484 0.0100975036621094 0.0281124114990234
0.00510978698730469 -0.0152769088745117 0.00944900512695312 0.0397529602050781
0.00657176971435547 -0.0171737670898438 0.00379562377929688 0.0547561645507813
0.00829029083251953 -0.0157537460327148 -0.015380859375 0.0572128295898437
0.0162420272827148 -0.0149717330932617 -0.0259323120117188 0.0489540100097656
0.0227451324462891 -0.0134754180908203 -0.0293617248535156 0.0268898010253906
0.0309314727783203 0.00310516357421875 -0.0188617706298828 0.0102348327636719
0.0335311889648438 0.0120944976806641 0.0174922943115234 0.017181396484375
0.0288028717041016 0.0168285369873047 0.0359344482421875 0.0587348937988281
0.0123195648193359 0.000566482543945313 0.0476875305175781 0.001129150390625
0.0191421508789063 -0.00328445434570313 0.057281494140625 0.0112800598144531
0.017024040222168 -0.0127592086791992 0.0430870056152344 0.0092315673828125
0.00580310821533203 -0.0133342742919922 0.0363082885742188 0.00931549072265625
-0.00436544418334961 -0.00841760635375977 0.0238323211669922 0.00892448425292969
-0.0037076473236084 0.000432729721069336 0.0153541564941406 0.0185184478759766
0.0021061897277832 0.0041050910949707 0.0118122100830078 0.0308341979980469
0.00339722633361816 0.0025172233581543 0.00937652587890624 0.0424461364746094
0.00588512420654297 0.00198459625244141 0.0011749267578125 0.0558204650878906
0.0031282901763916 0.0019376277923584 -0.0197486877441406 0.0583724975585938
0.00461769104003906 -0.0012812614440918 -0.0293235778808594 0.047332763671875
0.00819063186645508 -0.00482416152954102 -0.0307235717773438 0.0263195037841797
0.013697624206543 0.00253486633300781 -0.0187950134277344 0.0102500915527344
0.0137529373168945 0.00630474090576172 0.0186023712158203 0.0198974609375
0.00899791717529297 0.00656604766845703 0.039093017578125 0.064666748046875
0.0158061981201172 0.0168132781982422 -0.0359306335449219 -0.0547332763671875
0.00869894027709961 0.0032038688659668 -0.00772857666015625 -0.0200901031494141
0.0072321891784668 0.00219440460205078 0.023834228515625 -0.00659561157226563
0.010101318359375 -0.00229454040527344 0.0387802124023438 -0.0231704711914063
0.00831127166748047 -0.00890827178955078 0.0340309143066406 -0.037750244140625
0.0015420913696289 -0.0169343948364258 0.0183563232421875 -0.0537528991699219
-0.00672149658203125 -0.0206298828125 0.000278472900390619 -0.0533866882324219
-0.00510025024414063 -0.0196762084960938 -0.0074310302734375 -0.0369148254394531
-0.0027923583984375 -0.0234394073486328 -0.0136337280273438 -0.0233917236328125
0.0076904296875 -0.0210742950439453 -0.0202236175537109 -0.0147628784179688
0.0170049667358398 -0.0113992691040039 -0.0286846160888672 -0.00433349609375
0.0180892944335938 0.00187492370605469 -0.0334568023681641 -0.00624084472656249
0.0063323974609375 0.0136632919311523 -0.0440635681152344 -0.0107612609863281
0.00391769409179688 0.0137758255004883 -0.0529861450195312 -0.00609588623046874
0.00675010681152344 0.0157327651977539 -0.043487548828125 -0.001617431640625
0.0333480834960938 0.0288906097412109 -0.0254020690917969 -0.0480422973632813
0.02545166015625 0.0128326416015625 0.00338840484619141 -0.014857292175293
0.0247859954833984 0.009307861328125 0.0315361022949219 -0.00413322448730469
0.0263195037841797 -0.00238800048828125 0.0442047119140625 -0.0199623107910156
0.0219917297363281 -0.0139446258544922 0.0377311706542969 -0.03265380859375
0.0114841461181641 -0.0288944244384766 0.0216217041015625 -0.0464820861816406
-0.00249099731445312 -0.0344429016113281 0.00436019897460937 -0.0440025329589844
-0.00299072265625 -0.0335597991943359 -0.00377464294433594 -0.0270004272460938
-0.00199508666992188 -0.0393257141113281 -0.0108938217163086 -0.0112924575805664
0.0108871459960938 -0.0381851196289063 -0.0207996368408203 -0.00360488891601563
0.0270404815673828 -0.0262737274169922 -0.030364990234375 0.00532913208007813
0.0329990386962891 -0.00982093811035156 -0.0346355438232422 0.00069808959960938
0.0273284912109375 0.0136947631835937 -0.0411376953125 -0.00325775146484375
0.0244789123535156 0.0189838409423828 -0.0448837280273438 0.00179290771484374
0.0259418487548828 0.0230026245117188 -0.0364608764648437 0.00836181640625
0.0462226867675781 0.0377731323242187 -0.0121383666992187 -0.0373077392578125
0.038970947265625 0.0233078002929688 0.0175485610961914 -0.0059814453125
0.0413322448730469 0.016876220703125 0.04010009765625 0.000698089599609376
0.04229736328125 -0.00126266479492188 0.0497970581054688 -0.0161819458007813
0.0341396331787109 -0.0180778503417969 0.0386581420898437 -0.0270042419433594
0.0206718444824219 -0.0372848510742188 0.0225028991699219 -0.0361595153808594
0.00278091430664062 -0.0437660217285156 0.00728607177734375 -0.0302982330322266
3.81469726562495E-05 -0.0425834655761719 0.000523567199707031 -0.0128812789916992
-0.000415802001953122 -0.0489158630371094 -0.00513887405395508 0.00398206710815429
0.0114898681640625 -0.0490913391113281 -0.0194511413574219 0.0119762420654297
0.0314445495605469 -0.0376930236816406 -0.0302562713623047 0.0183029174804688
0.0412063598632813 -0.0216903686523438 -0.0349979400634766 0.00977325439453124
0.0425643920898438 0.008209228515625 -0.0381507873535156 0.003997802734375
0.0422592163085937 0.0196800231933594 -0.0328426361083984 0.0088043212890625
0.0416450500488281 0.0266647338867187 -0.0229415893554687 0.0189304351806641
0.0526084899902344 0.0416069030761719 0.00403022766113282 -0.0229682922363281
0.0496788024902344 0.0281867980957031 0.0319881439208984 0.005401611328125
0.0551223754882812 0.0186882019042969 0.0474700927734375 0.00683212280273438
0.0534248352050781 -0.00400543212890625 0.0524482727050781 -0.0109786987304688
0.0415420532226563 -0.0217437744140625 0.0369071960449219 -0.0192680358886719
0.0258750915527344 -0.0413246154785156 0.0200042724609375 -0.0231857299804688
0.00596618652343749 -0.0464363098144531 0.0085296630859375 -0.0141744613647461
0.00350570678710937 -0.044647216796875 0.00411677360534668 0.00303912162780762
0.00137710571289062 -0.0509033203125 0.000410079956054689 0.0203475952148437
0.0106658935546875 -0.0510215759277344 -0.0151786804199219 0.0278797149658203
0.031158447265625 -0.042449951171875 -0.0271778106689453 0.0317916870117188
0.0426445007324219 -0.0295143127441406 -0.0332221984863281 0.0181255340576172
0.0511932373046875 0.00262451171875 -0.0332183837890625 0.0087890625
0.0537757873535156 0.0172309875488281 -0.0180587768554688 0.0123729705810547
0.0496711730957031 0.0271339416503906 -0.0059661865234375 0.0304679870605469
0.0517463684082031 0.0377616882324219 0.0189437866210938 -0.0100326538085937
0.053070068359375 0.0271835327148437 0.0443649291992187 0.014129638671875
0.0595321655273438 0.0160713195800781 0.05120849609375 0.0116729736328125
0.0558013916015625 -0.00746917724609375 0.0500869750976563 -0.00391387939453125
0.0403709411621094 -0.0240898132324219 0.0323219299316406 -0.0101394653320313
0.0251998901367187 -0.0396308898925781 0.0171108245849609 -0.00876426696777344
0.00756454467773438 -0.0425758361816406 0.00928592681884766 0.00293445587158203
0.00550079345703125 -0.0394935607910156 0.00774192810058593 0.0189895629882812
0.00365447998046875 -0.0450859069824219 0.00505828857421875 0.0358161926269531
0.01025390625 -0.04449462890625 -0.0121498107910156 0.0420761108398438
0.0278739929199219 -0.0382728576660156 -0.0244903564453125 0.0419197082519531
0.0395088195800781 -0.028961181640625 -0.0302391052246094 0.0239353179931641
0.05120849609375 0.00023651123046875 -0.0254364013671875 0.0108299255371094
0.0547943115234375 0.0157661437988281 -0.00329017639160156 0.0130434036254883
0.0497817993164063 0.0258102416992188 0.0114288330078125 0.0403213500976563
0.0439071655273438 0.0275077819824219 0.0328941345214844 0.000587463378906252
0.0477981567382813 0.0197105407714844 0.0526771545410156 0.0186958312988281
0.0532073974609375 0.007415771484375 0.0506629943847656 0.0142288208007813
0.0466156005859375 -0.0122604370117188 0.0453872680664063 0.00207901000976562
0.0294818878173828 -0.0226955413818359 0.0272808074951172 -0.000730514526367189
0.0180225372314453 -0.0315170288085938 0.013707160949707 0.00505733489990234
0.00710868835449219 -0.0313053131103516 0.00984954833984375 0.0179443359375
0.00651931762695312 -0.0285720825195313 0.00941848754882813 0.03204345703125
0.0057373046875 -0.0323696136474609 0.00787353515625 0.0464744567871094
0.0100879669189453 -0.0311336517333984 -0.0106925964355469 0.0524063110351563
0.0230941772460938 -0.0273284912109375 -0.0229225158691406 0.047943115234375
0.0322399139404297 -0.0220928192138672 -0.0284175872802734 0.0274162292480469
0.0436363220214844 0.00179290771484375 -0.0207080841064453 0.0110416412353516
0.0459136962890625 0.0144119262695313 0.00977706909179688 0.0148248672485352
0.0415000915527344 0.0224266052246094 0.0263175964355469 0.0510597229003906
0.0291900634765625 0.0136604309082031 0.0413398742675781 0.00439453125
0.0348663330078125 0.00711250305175781 0.0570602416992188 0.0172309875488281
0.0367698669433594 -0.00304412841796875 0.0474891662597656 0.0124320983886719
0.0271034240722656 -0.0135650634765625 0.0401611328125 0.00690460205078125
0.0136699676513672 -0.0166511535644531 0.0237007141113281 0.00618362426757813
0.00767230987548828 -0.0167961120605469 0.0134420394897461 0.0147027969360352
0.00568389892578125 -0.0140151977539063 0.0109844207763672 0.0272407531738281
0.00646781921386719 -0.0131587982177734 0.0100440979003906 0.0390281677246094
0.00788307189941406 -0.0154075622558594 0.00608444213867188 0.053192138671875
0.00869846343994141 -0.0141277313232422 -0.0131072998046875 0.057342529296875
0.0155830383300781 -0.0124111175537109 -0.0238304138183594 0.0491142272949219
0.0216445922851563 -0.01141357421875 -0.0273513793945313 0.0273628234863281
0.0289058685302734 0.00383758544921875 -0.0174798965454101 0.0120878219604492
0.0304527282714844 0.0117568969726563 0.0171976089477539 0.0174055099487305
0.0252685546875 0.0155410766601562 0.0352935791015625 0.0585746765136719
0.00985240936279297 -0.000539779663085938 0.04510498046875 0.00208663940429688
0.0156040191650391 -0.00385093688964844 0.0557823181152344 0.0120582580566406
0.0134944915771484 -0.0118684768676758 0.043365478515625 0.00963973999023438
0.0039825439453125 -0.0122089385986328 0.0362052917480469 0.0092926025390625
-0.00488042831420899 -0.00564193725585938 0.0230693817138672 0.0080718994140625
-0.00268936157226562 0.00294399261474609 0.0145835876464844 0.0172510147094727
0.00420379638671875 0.0055084228515625 0.0114421844482422 0.0292167663574219
0.00564432144165039 0.00401020050048828 0.00947189331054688 0.0402259826660156
0.00749921798706055 0.00315189361572266 0.00186157226562501 0.05413818359375
0.00518083572387695 0.00378990173339844 -0.0170822143554688 0.0573844909667969
0.00446414947509766 0.000952243804931641 -0.0275077819824219 0.047119140625
0.00727272033691406 -0.00244760513305664 -0.0298042297363281 0.0261268615722656
0.0120296478271484 0.00329113006591797 -0.0188922882080078 0.0114326477050781
0.0102624893188477 0.00607681274414063 0.0174884796142578 0.0197257995605469
0.00642538070678711 0.00539207458496094 0.0384788513183594 0.064300537109375
0.0184764862060547 0.0176315307617187 -0.0332984924316406 -0.0560951232910156
0.0102272033691406 0.00285530090332031 -0.00644493103027344 -0.0209083557128906
0.00841999053955078 0.000447273254394531 0.0245285034179688 -0.00789642333984375
0.0103511810302734 -0.00476932525634766 0.0384483337402344 -0.0219612121582031
0.00765514373779297 -0.0106000900268555 0.0345535278320312 -0.0365676879882813
-0.000432968139648437 -0.0185565948486328 0.0192527770996094 -0.0526123046875
-0.00912857055664062 -0.0216999053955078 0.00190353393554688 -0.0517349243164063
-0.00764083862304687 -0.0203418731689453 -0.00611495971679688 -0.0368804931640625
-0.00493621826171875 -0.0247745513916016 -0.0120143890380859 -0.0221481323242188
0.00648689270019531 -0.0230522155761719 -0.0193252563476563 -0.0136299133300781
0.0172653198242187 -0.0135440826416016 -0.0277366638183594 -0.00349807739257812
0.0191497802734375 0.000928878784179688 -0.0336666107177734 -0.00589752197265626
0.00923252105712891 0.0138816833496094 -0.0442237854003906 -0.0113182067871094
0.00620460510253906 0.0146608352661133 -0.0524559020996094 -0.00855255126953125
0.00868892669677735 0.017451286315918 -0.0422439575195313 -0.00349807739257813
0.0346240997314453 0.0298976898193359 -0.0221519470214844 -0.0488243103027344
0.0263195037841797 0.0131855010986328 0.00583934783935547 -0.0161037445068359
0.0254039764404297 0.00843238830566406 0.0320968627929688 -0.00429344177246094
0.0265045166015625 -0.00335121154785156 0.0448226928710938 -0.0193405151367188
0.0215415954589844 -0.0148258209228516 0.0384292602539063 -0.0313682556152344
0.00989723205566406 -0.0298576354980469 0.0234794616699219 -0.0443763732910156
-0.00401878356933593 -0.0346527099609375 0.00677108764648437 -0.0427742004394531
-0.00377464294433594 -0.0337028503417969 -0.00181388854980469 -0.0265731811523438
-0.00299072265625 -0.0397834777832031 -0.00834465026855469 -0.0108013153076172
0.0101127624511719 -0.0398597717285156 -0.0187473297119141 -0.00188636779785156
0.0274009704589844 -0.0279979705810547 -0.029296875 0.00638008117675781
0.0343894958496094 -0.0106849670410156 -0.0343151092529297 0.00155830383300781
0.0293102264404297 0.0148220062255859 -0.0412788391113281 -0.00342178344726563
0.0274696350097656 0.0211467742919922 -0.0438423156738281 0.000598907470703135
0.0275287628173828 0.0257740020751953 -0.0346622467041016 0.00711250305175781
0.0459403991699219 0.0389900207519531 -0.00835037231445312 -0.0369987487792969
0.0396041870117187 0.0236968994140625 0.0196475982666016 -0.006103515625
0.0418357849121094 0.0162239074707031 0.0406570434570313 0.000469207763671876
0.0416412353515625 -0.00164031982421875 0.0507431030273438 -0.0154647827148438
0.0333824157714844 -0.0177555084228516 0.0405921936035156 -0.0258255004882812
0.0197105407714844 -0.0375595092773438 0.024078369140625 -0.0352363586425781
0.00235366821289062 -0.0436935424804688 0.00969123840332031 -0.0296688079833984
-0.000205993652343747 -0.0423774719238281 0.00319290161132813 -0.0121192932128906
-0.000991821289062505 -0.0494270324707031 -0.00257205963134766 0.00487804412841797
0.011810302734375 -0.0498046875 -0.0170230865478516 0.0134973526000977
0.032257080078125 -0.0386123657226563 -0.0283451080322266 0.0198936462402344
0.0432243347167969 -0.0217247009277344 -0.0339012145996094 0.0105514526367187
0.0440521240234375 0.0105514526367188 -0.0375862121582031 0.00391387939453126
0.0435981750488281 0.0223464965820313 -0.0316333770751953 0.00798416137695312
0.0416374206542969 0.0295486450195313 -0.0206623077392578 0.0185489654541016
0.0513992309570313 0.0429458618164063 0.00638580322265625 -0.0233116149902344
0.0480270385742188 0.029754638671875 0.0332965850830078 0.00582695007324219
0.054412841796875 0.0199317932128906 0.0483551025390625 0.00731277465820313
0.0530357360839844 -0.00246810913085938 0.0537300109863281 -0.00996017456054688
0.0407943725585937 -0.0199851989746094 0.0386123657226563 -0.01837158203125
0.0259323120117188 -0.0403251647949219 0.022796630859375 -0.0225257873535156
0.00719833374023438 -0.0463790893554688 0.0113630294799805 -0.0134792327880859
0.00408554077148437 -0.0439796447753906 0.00711870193481445 0.00350332260131836
0.0019378662109375 -0.05010986328125 0.00317192077636719 0.0212020874023438
0.0115737915039063 -0.0507698059082031 -0.0130767822265625 0.0297641754150391
0.0316429138183594 -0.0419502258300781 -0.0255355834960938 0.0328407287597656
0.0438079833984375 -0.0286407470703125 -0.031768798828125 0.0186138153076172
0.0516204833984375 0.00447463989257813 -0.0318450927734375 0.00923919677734375
0.0529594421386719 0.0199203491210938 -0.0171699523925781 0.0120677947998047
0.0491600036621094 0.0297279357910156 -0.00407028198242188 0.0301933288574219
0.049835205078125 0.0392799377441406 0.0213775634765625 -0.00822639465332031
0.0500068664550781 0.0291404724121094 0.0460166931152344 0.0151596069335937
0.0584640502929688 0.0180587768554688 0.0517082214355469 0.0125846862792969
0.0553169250488281 -0.005096435546875 0.0519790649414063 -0.00276947021484375
0.0403671264648438 -0.021484375 0.034088134765625 -0.00933265686035156
0.0259971618652344 -0.0383644104003906 0.019134521484375 -0.00822639465332031
0.009490966796875 -0.0412025451660156 0.0110692977905273 0.0035409927368164
0.00727462768554687 -0.0383987426757813 0.0100746154785156 0.0190448760986328
0.00540542602539063 -0.0441169738769531 0.00781631469726563 0.0355987548828125
0.0118293762207031 -0.0435676574707031 -0.00969696044921875 0.0435523986816406
0.0289154052734375 -0.0366325378417969 -0.022857666015625 0.0429191589355469
0.0392990112304688 -0.0272789001464844 -0.0291843414306641 0.0248317718505859
0.0503120422363281 0.00260162353515625 -0.0255661010742188 0.0116806030273438
0.0532417297363281 0.0176963806152344 -0.00182723999023437 0.014246940612793
0.0475044250488281 0.02789306640625 0.0128250122070312 0.0421371459960938
0.0401344299316406 0.0284500122070313 0.0333003997802734 0.00310325622558594
0.0441246032714844 0.021270751953125 0.0539741516113281 0.0205726623535156
0.0510406494140625 0.00938796997070313 0.0516471862792969 0.0150604248046875
0.0450782775878906 -0.00901031494140625 0.0465469360351562 0.00317001342773437
0.0306549072265625 -0.0195293426513672 0.0281829833984375 -0.000425338745117189
0.0193309783935547 -0.0300025939941406 0.0153160095214844 0.005157470703125
0.00982093811035156 -0.0302829742431641 0.0113563537597656 0.01806640625
0.00852203369140625 -0.0269241333007813 0.0109119415283203 0.0316390991210938
0.008697509765625 -0.0308895111083984 0.00891113281249999 0.046051025390625
0.0124397277832031 -0.0290908813476562 -0.00835418701171875 0.0528297424316406
0.0241794586181641 -0.02471923828125 -0.0211067199707031 0.0485076904296875
0.0321083068847656 -0.0189304351806641 -0.027191162109375 0.0279293060302734
0.0410270690917969 0.00435638427734375 -0.0200290679931641 0.0119400024414062
0.0435104370117188 0.0161247253417969 0.0109615325927734 0.0158777236938477
0.0379409790039063 0.0234336853027344 0.0272560119628906 0.051910400390625
0.0258712768554688 0.0141830444335938 0.0411758422851563 0.00682449340820313
0.0315265655517578 0.00850677490234375 0.0570907592773437 0.0200691223144531
0.0334625244140625 -0.00193977355957031 0.0477561950683594 0.0138893127441406
0.0264816284179687 -0.0117759704589844 0.040313720703125 0.0077056884765625
0.0135679244995117 -0.0134620666503906 0.0245552062988281 0.00567817687988281
0.009033203125 -0.0143022537231445 0.0138883590698242 0.0132122039794922
0.00838661193847656 -0.0128402709960938 0.01068115234375 0.0269641876220703
0.00898647308349609 -0.0119876861572266 0.0103683471679688 0.0386314392089844
0.0111188888549805 -0.0138530731201172 0.00619125366210938 0.0528602600097656
0.0113677978515625 -0.0115957260131836 -0.0120391845703125 0.0571517944335938
0.017003059387207 -0.00960350036621094 -0.0233192443847656 0.0492973327636719
0.0206069946289063 -0.00811767578125 -0.0275096893310547 0.0277671813964844
0.0262126922607422 0.00617408752441406 -0.0171785354614258 0.0119667053222656
0.0267295837402344 0.0132198333740234 0.0172023773193359 0.0186767578125
0.0214557647705078 0.0162410736083984 0.0348892211914063 0.0608367919921875
0.00655651092529297 -0.000901222229003906 0.04364013671875 0.00501632690429687
0.0124788284301758 -0.00333213806152344 0.0556678771972656 0.0140571594238281
0.0111808776855469 -0.0105915069580078 0.0440139770507813 0.0102043151855469
0.00197124481201172 -0.00992298126220703 0.03668212890625 0.00964736938476563
-0.00484132766723633 -0.00295495986938476 0.0231170654296875 0.00693702697753906
-0.00147056579589844 0.00504350662231445 0.0141572952270508 0.0159082412719727
0.00636386871337891 0.00668001174926758 0.01055908203125 0.0287971496582031
0.00826406478881836 0.00499153137207031 0.0082855224609375 0.0397453308105469
0.0101718902587891 0.00450515747070313 0.0010223388671875 0.0533828735351563
0.00777769088745117 0.00504827499389648 -0.0171890258789062 0.0565910339355469
0.00562429428100586 0.00416135787963867 -0.0274391174316406 0.0459022521972656
0.00711488723754883 0.00031280517578125 -0.0292186737060547 0.0260944366455078
0.00955295562744141 0.0050506591796875 -0.0190410614013672 0.0116348266601562
0.00652647018432617 0.00730228424072266 0.0154533386230469 0.0211734771728516
0.00246334075927734 0.00580549240112305 0.03607177734375 0.0657463073730469
0.0224666595458984 0.0180511474609375 -0.0311622619628906 -0.0599517822265625
0.0132226943969727 0.00174903869628906 -0.00465202331542968 -0.0233287811279297
0.00998306274414062 -0.00101661682128906 0.0254650115966797 -0.00762367248535156
0.0104484558105469 -0.00766277313232422 0.0398750305175781 -0.0221710205078125
0.00724983215332031 -0.0129985809326172 0.0368881225585938 -0.0356903076171875
-0.00220489501953125 -0.0202312469482422 0.0221061706542969 -0.0524139404296875
-0.0116176605224609 -0.0223464965820313 0.00389862060546875 -0.0527915954589844
-0.00945472717285156 -0.0222015380859375 -0.00402450561523438 -0.0376396179199219
-0.0076446533203125 -0.0257244110107422 -0.00956916809082031 -0.0232105255126953
0.00503158569335938 -0.0263290405273438 -0.0174989700317383 -0.0135107040405273
0.0181083679199219 -0.0163612365722656 -0.0275516510009766 -0.00313758850097656
0.0216045379638672 -0.000959396362304688 -0.0343551635742187 -0.00661468505859375
0.0125436782836914 0.0139331817626953 -0.0455131530761719 -0.0132789611816406
0.00931644439697266 0.0160703659057617 -0.0541343688964844 -0.0115394592285156
0.0121955871582031 0.0197658538818359 -0.04217529296875 -0.00701904296874999
0.03765869140625 0.0325126647949219 -0.0186882019042969 -0.0523529052734375
0.0288295745849609 0.0129375457763672 0.00743675231933594 -0.0179004669189453
0.0267333984375 0.00771713256835938 0.0333328247070313 -0.00444221496582031
0.0276165008544922 -0.00499725341796875 0.0464363098144531 -0.0189208984375
0.0207042694091797 -0.0164356231689453 0.0411415100097656 -0.0302391052246094
0.00892829895019531 -0.0313148498535156 0.0268898010253906 -0.0449066162109375
-0.00536727905273438 -0.0364990234375 0.00950241088867188 -0.0435218811035156
-0.00504684448242187 -0.0351753234863281 0.00172615051269531 -0.0266838073730469
-0.00407028198242188 -0.0416145324707031 -0.00501441955566406 -0.0107975006103516
0.0103302001953125 -0.0416183471679688 -0.0175237655639648 -0.00074386596679688
0.0289154052734375 -0.0301265716552734 -0.0289039611816406 0.00754356384277344
0.0370750427246094 -0.0120391845703125 -0.0343570709228516 0.00184822082519532
0.0335903167724609 0.0157222747802734 -0.0417442321777344 -0.00409317016601563
0.0304698944091797 0.0243186950683594 -0.0451583862304688 -0.00177764892578126
0.029815673828125 0.0287380218505859 -0.0329551696777344 0.00493621826171876
0.0465469360351563 0.0421829223632812 -0.00454330444335938 -0.0387344360351563
0.0403556823730469 0.0252761840820312 0.0226936340332031 -0.00681304931640625
0.0424919128417969 0.017059326171875 0.0431060791015625 0.00130081176757813
0.0425949096679688 -0.00146102905273438 0.0536422729492188 -0.0138015747070313
0.0347690582275391 -0.0172824859619141 0.0434494018554687 -0.0248336791992187
0.0207290649414063 -0.0384407043457031 0.0280551910400391 -0.0347728729248047
0.00225830078125 -0.0448951721191406 0.0134449005126953 -0.0298347473144531
0.000431060791015624 -0.0435905456542969 0.00664997100830078 -0.0131864547729492
-0.000774383544921874 -0.0509834289550781 0.000798225402832031 0.00427746772766113
0.0126075744628906 -0.05206298828125 -0.0150976181030273 0.0145034790039063
0.0341796875 -0.0400009155273438 -0.0276546478271484 0.0217170715332031
0.0464401245117188 -0.0222358703613281 -0.0336456298828125 0.01092529296875
0.0477333068847656 0.0127067565917969 -0.0374565124511719 0.00420379638671876
0.0467109680175781 0.0258445739746094 -0.0313911437988281 0.00708007812500001
0.0431556701660156 0.03460693359375 -0.0189151763916016 0.0175819396972656
0.0512008666992188 0.0466270446777344 0.0100116729736328 -0.0226688385009766
0.0483665466308594 0.033477783203125 0.0375518798828125 0.00647735595703125
0.0548286437988281 0.0218315124511719 0.0506134033203125 0.00838851928710938
0.0544929504394531 -0.00143814086914063 0.0566482543945313 -0.0090484619140625
0.0422019958496094 -0.018890380859375 0.0414886474609375 -0.0173606872558594
0.0272140502929687 -0.0409774780273437 0.0265541076660156 -0.0221843719482422
0.0079803466796875 -0.0466346740722656 0.0142526626586914 -0.0132646560668945
0.00542831420898437 -0.0447463989257813 0.0108070373535156 0.00278472900390625
0.0029754638671875 -0.0518608093261719 0.00634574890136719 0.021697998046875
0.0131568908691406 -0.0517501831054688 -0.010711669921875 0.0307407379150391
0.0350990295410156 -0.0429840087890625 -0.0244846343994141 0.0347709655761719
0.0469284057617187 -0.0275344848632812 -0.0319805145263672 0.020233154296875
0.0542411804199219 0.00770950317382813 -0.0319957733154297 0.00964164733886719
0.0552253723144531 0.0236587524414063 -0.016322135925293 0.0117254257202148
0.0499649047851563 0.033905029296875 -0.00162696838378906 0.0316810607910156
0.0482521057128906 0.0430870056152344 0.0244598388671875 -0.00609397888183593
0.0495223999023438 0.0326957702636719 0.0483131408691406 0.0180625915527344
0.0579719543457031 0.0212020874023438 0.0543060302734375 0.0154266357421875
0.0566444396972656 -0.00276947021484375 0.0550079345703125 -0.0017547607421875
0.0422706604003906 -0.0195999145507813 0.0364189147949219 -0.00905227661132813
0.028594970703125 -0.0375633239746094 0.0222835540771484 -0.00820350646972656
0.0120658874511719 -0.0414276123046875 0.0132913589477539 0.0034036636352539
0.00967788696289063 -0.0381813049316406 0.0113716125488281 0.0193881988525391
0.00787353515625 -0.0443649291992187 0.00966644287109375 0.0360183715820313
0.0146560668945312 -0.0434074401855469 -0.00786590576171875 0.0440826416015625
0.0317192077636719 -0.0357513427734375 -0.0215682983398437 0.0444564819335938
0.0428085327148438 -0.0262908935546875 -0.0284366607666016 0.0258579254150391
0.0519256591796875 0.006072998046875 -0.0248050689697266 0.0123023986816406
0.0530319213867188 0.0217475891113281 -0.000713348388671872 0.0150222778320313
0.0468063354492188 0.0319099426269531 0.0145988464355469 0.0443038940429688
0.0376510620117188 0.0323028564453125 0.03594970703125 0.00558853149414063
0.0432319641113281 0.0245819091796875 0.0560836791992188 0.0235481262207031
0.0501251220703125 0.0137977600097656 0.0541801452636719 0.0173263549804687
0.0464744567871094 -0.00597381591796875 0.0492286682128906 0.003936767578125
0.0321502685546875 -0.0171184539794922 0.0307655334472656 -0.000623703002929689
0.0217056274414062 -0.0284194946289062 0.0174455642700195 0.00537300109863281
0.0122203826904297 -0.0296154022216797 0.0123100280761719 0.0184364318847656
0.0116386413574219 -0.0274715423583984 0.0117263793945313 0.0313720703125
0.0122509002685547 -0.0304450988769531 0.0101242065429688 0.0476493835449219
0.0154132843017578 -0.0281848907470703 -0.007965087890625 0.0540084838867188
0.0266342163085938 -0.0218391418457031 -0.0201148986816406 0.049407958984375
0.0336799621582031 -0.0164566040039063 -0.0268478393554688 0.028961181640625
0.0407562255859375 0.00741195678710937 -0.0187625885009766 0.0119285583496094
0.0418548583984375 0.0192794799804687 0.0126457214355469 0.0177021026611328
0.0352745056152344 0.0267753601074219 0.0284347534179688 0.0552139282226563
0.0228328704833984 0.0152912139892578 0.0430259704589844 0.0117645263671875
0.0289497375488281 0.0110816955566406 0.0585441589355469 0.0239753723144531
0.0319290161132813 0.00128746032714844 0.0508918762207031 0.0163612365722656
0.0255241394042969 -0.00879096984863281 0.0433387756347656 0.00811386108398438
0.0147638320922852 -0.0106229782104492 0.025238037109375 0.00587654113769531
0.0123252868652344 -0.0128536224365234 0.0138492584228516 0.0140581130981445
0.011387825012207 -0.0127897262573242 0.0107574462890625 0.0284595489501953
0.012547492980957 -0.0116910934448242 0.0100212097167969 0.0396766662597656
0.0140657424926758 -0.0129079818725586 0.00621795654296875 0.0536766052246094
0.0147762298583984 -0.0101718902587891 -0.0114669799804687 0.0581932067871094
0.0186023712158203 -0.00687026977539062 -0.0230216979980469 0.0501060485839844
0.0211944580078125 -0.00539970397949219 -0.0271644592285156 0.0291099548339844
0.0249347686767578 0.00895500183105469 -0.0176944732666016 0.0120735168457031
0.0239143371582031 0.0156192779541016 0.0175228118896484 0.02001953125
0.0185985565185547 0.0184726715087891 0.0354957580566406 0.0653266906738281
0.00420975685119629 -0.00212287902832031 0.0439834594726563 0.00962448120117188
0.00939750671386719 -0.00265693664550781 0.0570411682128906 0.0184135437011719
0.00817394256591797 -0.00917625427246094 0.0460395812988281 0.0123405456542969
0.000689983367919922 -0.00798892974853516 0.0381584167480469 0.00918197631835938
-0.0048832893371582 7.39097595214851E-05 0.0235157012939453 0.00714874267578125
0.000258922576904297 0.00728940963745117 0.01324462890625 0.0161561965942383
0.00955486297607422 0.00802326202392578 0.00859451293945313 0.0292682647705078
0.0105295181274414 0.00595760345458984 0.00644302368164062 0.0406303405761719
0.0133762359619141 0.00572967529296875 -3.81469726562301E-06 0.0543556213378906
0.0104055404663086 0.00715351104736328 -0.0181922912597656 0.0578384399414062
0.0071406364440918 0.00633621215820312 -0.0283699035644531 0.0464248657226563
0.00600910186767578 0.00384759902954102 -0.0305118560791016 0.0269374847412109
0.00717687606811523 0.00814104080200195 -0.0191669464111328 0.0119113922119141
0.00364017486572266 0.00818920135498047 0.0153656005859375 0.0228424072265625
-0.00133800506591797 0.00601434707641602 0.035980224609375 0.0710067749023438
0.0275287628173828 0.0183620452880859 -0.0313262939453125 -0.0659332275390625
0.0165319442749023 0.000184059143066406 -0.00460243225097656 -0.0272388458251953
0.0124111175537109 -0.00427913665771484 0.0267696380615234 -0.00951576232910156
0.0102510452270508 -0.0106992721557617 0.041961669921875 -0.0226707458496094
0.00614547729492187 -0.0155000686645508 0.0394515991210938 -0.0366554260253906
-0.00655555725097656 -0.0234012603759766 0.0249824523925781 -0.0543556213378906
-0.0154609680175781 -0.023895263671875 0.00650787353515625 -0.0553054809570313
-0.0122432708740234 -0.0231609344482422 -0.00132369995117188 -0.0398521423339844
-0.0112876892089844 -0.0280742645263672 -0.00748062133789063 -0.0246868133544922
0.00304222106933593 -0.0295791625976562 -0.0166959762573242 -0.0135917663574219
0.0183849334716797 -0.0199642181396484 -0.0276470184326172 -0.00279045104980469
0.0239639282226563 -0.00464248657226563 -0.0358695983886719 -0.0060577392578125
0.0169601440429688 0.0134134292602539 -0.0483741760253906 -0.0141525268554687
0.0141534805297852 0.0171651840209961 -0.0569305419921875 -0.014495849609375
0.0170745849609375 0.0216808319091797 -0.0428886413574219 -0.0107040405273438
0.0419349670410156 0.0342330932617188 -0.016448974609375 -0.0573844909667969
0.0318622589111328 0.0128726959228516 0.0102062225341797 -0.0208797454833984
0.0286636352539063 0.00593948364257813 0.0357322692871094 -0.00559616088867187
0.0282936096191406 -0.00748634338378906 0.0500411987304688 -0.0193862915039063
0.0204925537109375 -0.0179462432861328 0.0438041687011719 -0.0311012268066406
0.00708580017089844 -0.0334262847900391 0.0308685302734375 -0.0464401245117188
-0.00727462768554688 -0.0379676818847656 0.0137100219726563 -0.0455589294433594
-0.00685882568359375 -0.0374984741210938 0.00441169738769531 -0.0293903350830078
-0.0069427490234375 -0.0448341369628906 -0.00216293334960938 -0.0125522613525391
0.0089263916015625 -0.045928955078125 -0.0154542922973633 -0.00146865844726563
0.0308876037597656 -0.0341014862060547 -0.0275917053222656 0.00858497619628906
0.0406570434570313 -0.0144996643066406 -0.0349063873291016 0.00219154357910156
0.0388679504394531 0.0163917541503906 -0.0444450378417969 -0.0047760009765625
0.035888671875 0.0259017944335938 -0.0461807250976563 -0.00361251831054686
0.0344715118408203 0.0334606170654297 -0.0325489044189453 0.00284194946289062
0.0503044128417969 0.0464630126953125 -0.00158691406249999 -0.0429306030273438
0.0428619384765625 0.0274009704589844 0.0262660980224609 -0.00893402099609375
0.0444221496582031 0.0181465148925781 0.0467643737792969 0.000232696533203126
0.0448760986328125 -0.00215530395507813 0.0568389892578125 -0.015045166015625
0.0358848571777344 -0.0180587768554688 0.0478096008300781 -0.0257606506347656
0.0200920104980469 -0.0401763916015625 0.0326881408691406 -0.0368385314941406
0.0023651123046875 -0.0475006103515625 0.0179519653320312 -0.0322399139404297
-0.000171661376953128 -0.0455970764160156 0.00993061065673828 -0.014765739440918
-0.00283432006835938 -0.0539665222167969 0.00411295890808106 0.00438833236694336
0.0125770568847656 -0.0557861328125 -0.0121688842773438 0.0154895782470703
0.0372352600097656 -0.0440788269042969 -0.0262985229492188 0.0234470367431641
0.0498046875 -0.0239334106445313 -0.0334129333496094 0.0132465362548828
0.053375244140625 0.0141334533691406 -0.0385551452636719 0.00397872924804688
0.0517425537109375 0.0290107727050781 -0.0310955047607422 0.00626564025878906
0.047271728515625 0.0387306213378906 -0.01708984375 0.0171566009521484
0.0527076721191406 0.0514945983886719 0.0154323577880859 -0.0246009826660156
0.0494232177734375 0.0370407104492188 0.0407066345214844 0.00574874877929688
0.0563926696777344 0.0243949890136719 0.0552215576171875 0.00823211669921875
0.0570449829101563 0.000316619873046875 0.0611648559570313 -0.00932693481445313
0.04473876953125 -0.0193519592285156 0.046295166015625 -0.0180320739746094
0.0288467407226563 -0.0425910949707031 0.0298824310302734 -0.0235786437988281
0.0103721618652344 -0.0491981506347656 0.0190048217773438 -0.0150279998779297
0.0067901611328125 -0.0470848083496094 0.0135049819946289 0.00316143035888672
0.00444793701171874 -0.0550918579101563 0.0105934143066406 0.0209732055664062
0.0143966674804687 -0.0554084777832031 -0.00736618041992187 0.0326194763183594
0.0387535095214844 -0.0452613830566406 -0.022705078125 0.0374984741210938
0.0514144897460938 -0.0294876098632813 -0.0310955047607422 0.0220108032226562
0.0587806701660156 0.00995635986328125 -0.0319557189941406 0.0103015899658203
0.059967041015625 0.0279960632324219 -0.0144433975219727 0.0118932723999023
0.0515556335449219 0.0396270751953125 0.00102424621582032 0.0335826873779297
0.0481491088867188 0.0477638244628906 0.0288982391357422 -0.00617408752441406
0.0500564575195312 0.0376129150390625 0.0532646179199219 0.0193405151367188
0.0602340698242188 0.025299072265625 0.0594062805175781 0.0153617858886719
0.0599212646484375 -0.000885009765625 0.0594520568847656 -0.00181961059570312
0.046539306640625 -0.01873779296875 0.04034423828125 -0.00961685180664063
0.0320663452148438 -0.0391464233398438 0.025390625 -0.00886154174804688
0.015472412109375 -0.044464111328125 0.0174846649169922 0.00274467468261718
0.0124397277832031 -0.0408782958984375 0.0148887634277344 0.0198726654052734
0.0106201171875 -0.0467910766601563 0.0136566162109375 0.0369873046875
0.0175437927246094 -0.0455589294433594 -0.00439453125 0.0468978881835938
0.0358924865722656 -0.0362892150878906 -0.0195846557617188 0.0479049682617188
0.0463066101074219 -0.0250892639160156 -0.028076171875 0.0283222198486328
0.0553970336914063 0.00850296020507812 -0.0246620178222656 0.0133533477783203
0.0553016662597656 0.0265350341796875 0.00199317932128907 0.0155811309814453
0.0474472045898437 0.0371055603027344 0.0179023742675781 0.0466880798339844
0.0372543334960938 0.0358123779296875 0.0403594970703125 0.00858306884765625
0.0415153503417969 0.0293998718261719 0.0609512329101563 0.0263748168945313
0.0517120361328125 0.016998291015625 0.058563232421875 0.0180625915527344
0.0488700866699219 -0.00274658203125 0.053192138671875 0.0041046142578125
0.0362014770507813 -0.0151824951171875 0.0330467224121094 0.000556945800781249
0.0264987945556641 -0.0290203094482422 0.0196342468261719 0.00434684753417969
0.0172405242919922 -0.0312595367431641 0.0143260955810547 0.0197067260742187
0.0154323577880859 -0.0282001495361328 0.01361083984375 0.0329475402832031
0.0165615081787109 -0.0329303741455078 0.0131263732910156 0.0487060546875
0.0193634033203125 -0.0290279388427734 -0.00539779663085937 0.0566978454589844
0.0310192108154297 -0.0211086273193359 -0.019561767578125 0.0529289245605469
0.0366630554199219 -0.0144538879394531 -0.0267734527587891 0.0300312042236328
0.0420150756835938 0.0109062194824219 -0.0187969207763672 0.0143089294433594
0.0421562194824219 0.0236892700195313 0.0134181976318359 0.0178470611572266
0.0339088439941406 0.0309047698974609 0.0313339233398437 0.0610580444335937
0.0200290679931641 0.0180644989013672 0.0466575622558594 0.01605224609375
0.0254173278808594 0.0144157409667969 0.0636940002441406 0.027618408203125
0.0316925048828125 0.00449562072753906 0.0545196533203125 0.0169258117675781
0.0268363952636719 -0.00506782531738281 0.0476455688476563 0.00885391235351562
0.0163784027099609 -0.00782299041748047 0.0272865295410156 0.00553131103515625
0.015716552734375 -0.0123662948608398 0.0149164199829102 0.0140085220336914
0.0158863067626953 -0.0125494003295898 0.0106887817382813 0.0289516448974609
0.017033576965332 -0.0118265151977539 0.0100860595703125 0.04046630859375
0.0190963745117188 -0.0125331878662109 0.00780868530273438 0.0546302795410156
0.0195045471191406 -0.00987815856933594 -0.0105667114257813 0.0604209899902344
0.0225257873535156 -0.00420379638671875 -0.0218391418457031 0.0518646240234375
0.0237560272216797 -0.00123786926269531 -0.0275096893310547 0.0306148529052734
0.0246486663818359 0.0137062072753906 -0.0173540115356445 0.013951301574707
0.0214805603027344 0.0208702087402344 0.0189838409423828 0.0227699279785156
0.0145950317382813 0.0206165313720703 0.0378189086914063 0.0712661743164063
0.000206828117370605 -0.00167179107666016 0.0461959838867188 0.0140647888183594
0.00653314590454102 -0.000885963439941406 0.0599403381347656 0.0220565795898438
0.00567340850830078 -0.00701522827148438 0.0494842529296875 0.0128440856933594
-7.72476196289065E-05 -0.00464344024658203 0.041229248046875 0.00914764404296875
-0.00387287139892578 0.00291633605957031 0.0255680084228516 0.00633049011230469
0.00443363189697266 0.00952243804931641 0.012965202331543 0.0163202285766602
0.0130863189697266 0.00792694091796875 0.00774955749511718 0.0321121215820313
0.0151100158691406 0.00670242309570313 0.00537109375 0.0428848266601563
0.0185737609863281 0.00662803649902344 -0.000450134277343748 0.055755615234375
0.0146961212158203 0.00909614562988281 -0.0192413330078125 0.0597343444824219
0.010319709777832 0.0104408264160156 -0.0293006896972656 0.048553466796875
0.00781393051147461 0.00790309906005859 -0.0313358306884766 0.028167724609375
0.00524139404296875 0.0116243362426758 -0.0213375091552734 0.0132198333740234
-7.05718994140616E-05 0.0119361877441406 0.0158462524414063 0.0261554718017578
-0.00509786605834961 0.00761127471923828 0.036224365234375 0.076263427734375
0.0339870452880859 0.017974853515625 -0.0325088500976563 -0.0732345581054688
0.0195732116699219 -0.00378227233886719 -0.00506401062011719 -0.0319232940673828
0.0126190185546875 -0.00873184204101563 0.0277614593505859 -0.011810302734375
0.0087270736694336 -0.0150175094604492 0.0436592102050781 -0.0245018005371094
0.00295257568359375 -0.0189781188964844 0.0418930053710937 -0.0388755798339844
-0.0111637115478516 -0.0245571136474609 0.0267601013183594 -0.057586669921875
-0.0201072692871094 -0.0239143371582031 0.00820541381835938 -0.0589447021484375
-0.017120361328125 -0.0238056182861328 -0.000255584716796875 -0.0430526733398438
-0.0163459777832031 -0.0292739868164063 -0.00581550598144531 -0.0272712707519531
-0.00107002258300781 -0.0324668884277344 -0.0148630142211914 -0.0140094757080078
0.0171947479248047 -0.0250759124755859 -0.0270519256591797 -0.00130081176757812
0.0256328582763672 -0.00940132141113281 -0.0369949340820313 -0.0062255859375
0.0220928192138672 0.0117893218994141 -0.0523185729980469 -0.0144309997558594
0.0205879211425781 0.017120361328125 -0.0613288879394531 -0.0157623291015625
0.023590087890625 0.0223331451416016 -0.0446815490722656 -0.0138435363769531
0.0487060546875 0.0351066589355469 -0.0157966613769531 -0.0633888244628906
0.035308837890625 0.0118064880371094 0.0119361877441406 -0.02606201171875
0.0312442779541016 0.00386428833007813 0.03851318359375 -0.0084686279296875
0.0283164978027344 -0.0102863311767578 0.0525360107421875 -0.0221405029296875
0.0199108123779297 -0.0204658508300781 0.0479507446289063 -0.0338363647460938
0.00399017333984375 -0.0357131958007813 0.0339622497558594 -0.0501976013183594
-0.0108184814453125 -0.0397071838378906 0.0162887573242187 -0.0494232177734375
-0.00999069213867188 -0.0387382507324219 0.0074310302734375 -0.0327644348144531
-0.0108795166015625 -0.0471839904785156 0.00156402587890625 -0.0147237777709961
0.0059661865234375 -0.0504112243652344 -0.0127010345458984 -0.000822067260742191
0.0313224792480469 -0.0399360656738281 -0.0260639190673828 0.0105514526367188
0.0442352294921875 -0.0194129943847656 -0.0358963012695313 0.00312805175781249
0.0454521179199219 0.0152168273925781 -0.0460548400878906 -0.00417709350585938
0.0430488586425781 0.0273971557617188 -0.04888916015625 -0.00551223754882813
0.0418281555175781 0.0360298156738281 -0.0324630737304687 -0.000169754028320305
0.0564155578613281 0.0489959716796875 0.00146865844726562 -0.0480003356933594
0.0470237731933594 0.0279998779296875 0.0292758941650391 -0.0127410888671875
0.0476264953613281 0.0178260803222656 0.0503196716308594 -0.00117874145507812
0.0461769104003906 -0.0037841796875 0.0612945556640625 -0.0178680419921875
0.0366134643554688 -0.0202217102050781 0.0512237548828125 -0.0283355712890625
0.0195083618164063 -0.0429725646972656 0.0368194580078125 -0.0401687622070313
0.000427246093750004 -0.0495071411132813 0.0212631225585937 -0.0354118347167969
-0.00120162963867187 -0.0484809875488281 0.0141983032226563 -0.0172319412231445
-0.00403213500976563 -0.058074951171875 0.00941753387451172 0.00196647644042968
0.0107574462890625 -0.0602188110351563 -0.00823402404785156 0.0164031982421875
0.0387458801269531 -0.04937744140625 -0.0237331390380859 0.0260677337646484
0.0549964904785156 -0.0292701721191406 -0.0328159332275391 0.0142021179199219
0.0608634948730469 0.013641357421875 -0.0395050048828125 0.00586318969726563
0.0592765808105469 0.0310783386230469 -0.0319499969482422 0.00531578063964844
0.0537605285644531 0.0429115295410156 -0.014643669128418 0.0160598754882813
0.05706787109375 0.0557212829589844 0.0194110870361328 -0.0279331207275391
0.0535316467285156 0.0389404296875 0.0462570190429687 0.00310897827148438
0.0610313415527344 0.0269889831542969 0.0597000122070313 0.0066986083984375
0.0610198974609375 -0.00029754638671875 0.0661811828613281 -0.0113945007324219
0.0475540161132813 -0.0202140808105469 0.0499038696289063 -0.0206832885742188
0.0302467346191406 -0.0454025268554688 0.0347785949707031 -0.0270538330078125
0.0110015869140625 -0.0523262023925781 0.0231761932373047 -0.0174961090087891
0.00692367553710937 -0.0506095886230469 0.017578125 0.000286102294921872
0.00395965576171874 -0.0590972900390625 0.0159454345703125 0.020538330078125
0.0143470764160156 -0.059967041015625 -0.00262832641601563 0.0337600708007812
0.0407981872558594 -0.0497512817382813 -0.0189399719238281 0.0401496887207031
0.0562820434570313 -0.0319595336914063 -0.0290603637695312 0.0240478515625
0.0659942626953125 0.0107688903808594 -0.0316677093505859 0.0121784210205078
0.0664176940917969 0.0307388305664063 -0.0132856369018555 0.0109004974365234
0.0568389892578125 0.0441818237304687 0.00516700744628907 0.0330162048339844
0.0505599975585938 0.0537109375 0.0347003936767578 -0.0062408447265625
0.0522994995117188 0.0423774719238281 0.0599555969238281 0.017578125
0.0642013549804688 0.027984619140625 0.0647201538085938 0.0144157409667969
0.0649223327636719 2.288818359375E-05 0.0639572143554688 -0.00412750244140625
0.0498733520507813 -0.0189094543457031 0.0435333251953125 -0.0115242004394531
0.0345840454101562 -0.0416946411132812 0.0289382934570313 -0.0113582611083984
0.0174522399902344 -0.0484237670898438 0.0205459594726563 0.00172996520996093
0.0144767761230469 -0.0437812805175781 0.0190792083740234 0.0183315277099609
0.0132217407226563 -0.0510215759277344 0.0187797546386719 0.0367202758789063
0.0192985534667969 -0.0491676330566406 9.15527343750033E-05 0.0490531921386719
0.0399932861328125 -0.0391349792480469 -0.0153846740722656 0.0501594543457031
0.0514068603515625 -0.0259170532226563 -0.0257244110107422 0.0304927825927734
0.0606117248535156 0.0111160278320313 -0.0236034393310547 0.0152263641357422
0.0603179931640625 0.0301284790039063 0.00460433959960938 0.0156087875366211
0.05023193359375 0.0428733825683594 0.0244522094726563 0.0495223999023438
0.0376930236816406 0.0402412414550781 0.0459213256835938 0.0104827880859375
0.0428619384765625 0.0339622497558594 0.0674896240234375 0.0279769897460938
0.0545806884765625 0.021240234375 0.0641059875488281 0.0182380676269531
0.0535049438476563 -0.001495361328125 0.0584907531738281 0.00264358520507813
0.0396728515625 -0.0145797729492188 0.0353851318359375 -0.00184249877929688
0.0307750701904297 -0.0297451019287109 0.0220680236816406 0.00376701354980469
0.0207004547119141 -0.0344791412353516 0.0171394348144531 0.0185661315917969
0.0197257995605469 -0.0304908752441406 0.0167274475097656 0.03277587890625
0.019989013671875 -0.03533935546875 0.0172042846679687 0.0498886108398438
0.0230998992919922 -0.0308876037597656 -0.00124740600585938 0.0591697692871094
0.035400390625 -0.0219497680664063 -0.01641845703125 0.05523681640625
0.04107666015625 -0.0127334594726563 -0.0246505737304687 0.0333690643310547
0.0450782775878906 0.0151901245117187 -0.0175914764404297 0.0160789489746094
0.0433120727539063 0.0287666320800781 0.0176200866699219 0.0194015502929688
0.0346450805664063 0.0361671447753906 0.038177490234375 0.0649375915527344
0.0181674957275391 0.0213794708251953 0.0517082214355469 0.0191497802734375
0.0257663726806641 0.0186538696289063 0.0701370239257813 0.0301094055175781
0.0318050384521484 0.00854301452636719 0.0600852966308594 0.0172157287597656
0.0292167663574219 -0.00216865539550781 0.0508003234863281 0.00719451904296875
0.0206069946289063 -0.0060272216796875 0.0287094116210938 0.00413703918457031
0.0204524993896484 -0.0117950439453125 0.0159196853637695 0.0137472152709961
0.0204391479492187 -0.0145206451416016 0.0131721496582031 0.0306777954101563
0.0217227935791016 -0.0131473541259766 0.011962890625 0.04290771484375
0.0241413116455078 -0.01580810546875 0.0101280212402344 0.0571937561035156
0.0242290496826172 -0.00985908508300781 -0.00797653198242188 0.0626258850097656
0.0276355743408203 -0.00181961059570312 -0.0210533142089844 0.0548591613769531
0.0273723602294922 0.00212669372558594 -0.0270004272460938 0.0329990386962891
0.0252513885498047 0.0183677673339844 -0.0168008804321289 0.0163660049438477
0.0204906463623047 0.0255908966064453 0.0222759246826172 0.0244121551513672
0.0130252838134766 0.0255718231201172 0.0435562133789063 0.0768814086914063
-0.00378131866455078 -0.000408172607421875 0.0507392883300781 0.0183067321777344
0.00355672836303711 0.00103759765625 0.0663528442382813 0.0256462097167969
0.0034480094909668 -0.00473356246948242 0.053802490234375 0.0133056640625
-0.00114953517913818 -0.000386357307434082 0.0453109741210938 0.00774002075195312
-0.00235605239868164 0.0063319206237793 0.0251388549804688 0.00514602661132813
0.00837421417236328 0.0111675262451172 0.0128211975097656 0.0163707733154297
0.0184707641601563 0.00850677490234375 0.00775909423828125 0.0340633392333984
0.0204219818115234 0.00687217712402344 0.00590896606445313 0.0453910827636719
0.0242786407470703 0.00565147399902344 -0.000141143798828119 0.0587882995605469
0.0203609466552734 0.00917243957519531 -0.0181350708007813 0.0615310668945313
0.0150375366210938 0.013427734375 -0.0284271240234375 0.0505790710449219
0.0101947784423828 0.0121088027954102 -0.0319690704345703 0.0306301116943359
0.00405502319335937 0.0166206359863281 -0.0213661193847656 0.0162906646728516
-0.00375080108642578 0.0163784027099609 0.0174694061279297 0.0282917022705078
-0.01007080078125 0.0109834671020508 0.0408248901367188 0.0823440551757813
0.0396804809570313 0.0138435363769531 -0.037261962890625 -0.0788345336914062
0.0219402313232422 -0.00881385803222656 -0.00695037841796875 -0.0353927612304688
0.0129976272583008 -0.0130519866943359 0.027740478515625 -0.0142269134521484
0.00702667236328125 -0.0181732177734375 0.044219970703125 -0.0272254943847656
-0.0010986328125 -0.0207710266113281 0.0429267883300781 -0.0420951843261719
-0.0172157287597656 -0.0250835418701172 0.0273780822753906 -0.0616874694824219
-0.0250339508056641 -0.0226669311523438 0.00704574584960937 -0.0625190734863281
-0.0227260589599609 -0.0228805541992188 0.00139617919921875 -0.0463371276855469
-0.0223464965820313 -0.0286178588867188 -0.00351333618164063 -0.0299930572509766
-0.006072998046875 -0.0340900421142578 -0.0136852264404297 -0.01568603515625
0.0141506195068359 -0.0308322906494141 -0.0261859893798828 -0.000211715698242191
0.0257396697998047 -0.0146369934082031 -0.0390625 -0.00458526611328126
0.0268039703369141 0.007354736328125 -0.0549354553222656 -0.0134696960449219
0.027679443359375 0.013885498046875 -0.0650444030761719 -0.0164947509765625
0.0306453704833984 0.0209426879882812 -0.0475234985351563 -0.0181770324707031
0.0552024841308594 0.0334815979003906 -0.017547607421875 -0.0697975158691406
0.038330078125 0.008514404296875 0.0115413665771484 -0.0301551818847656
0.0325813293457031 0.000917434692382813 0.0393295288085938 -0.0104408264160156
0.0268802642822266 -0.0134830474853516 0.0547332763671875 -0.0254707336425781
0.0178947448730469 -0.02288818359375 0.051025390625 -0.03668212890625
-0.001129150390625 -0.0361862182617188 0.0365333557128906 -0.0535888671875
-0.0151863098144531 -0.03961181640625 0.0178260803222656 -0.0541610717773438
-0.0141944885253906 -0.0398483276367188 0.00902938842773438 -0.0374717712402344
-0.0162200927734375 -0.0487823486328125 0.00437164306640625 -0.0186977386474609
0.000743865966796875 -0.0536537170410156 -0.00943756103515625 -0.00201988220214844
0.0294761657714844 -0.0457191467285156 -0.0239448547363281 0.0109157562255859
0.0463371276855469 -0.0271148681640625 -0.0345096588134766 0.00477409362792969
0.0524978637695313 0.0117340087890625 -0.0475273132324219 -0.00180435180664063
0.05126953125 0.0254936218261719 -0.0512237548828125 -0.00606536865234374
0.0493621826171875 0.0357513427734375 -0.0328388214111328 -0.00249481201171874
0.0619468688964844 0.0503578186035156 0.00289535522460938 -0.0533599853515625
0.0501441955566406 0.0282058715820313 0.0324306488037109 -0.0180149078369141
0.0514564514160156 0.0164871215820313 0.0535430908203125 -0.006378173828125
0.0486602783203125 -0.00728607177734375 0.0642166137695313 -0.0217018127441406
0.03668212890625 -0.0225715637207031 0.0554275512695313 -0.0315704345703125
0.0171890258789063 -0.0444259643554688 0.0395011901855469 -0.04595947265625
-0.00323867797851562 -0.051177978515625 0.0246696472167969 -0.0410270690917969
-0.0040740966796875 -0.0492973327636719 0.0171623229980469 -0.0223350524902344
-0.00745773315429688 -0.0602607727050781 0.0122175216674805 -0.00260734558105469
0.00808334350585938 -0.0651626586914063 -0.00362968444824219 0.0152654647827148
0.0383987426757813 -0.0560493469238281 -0.0187339782714844 0.0277729034423828
0.0572280883789062 -0.0352210998535156 -0.0311851501464844 0.0161895751953125
0.0690727233886719 0.0114173889160156 -0.0401077270507812 0.007110595703125
0.0683364868164062 0.0297126770019531 -0.0315265655517578 0.00407218933105468
0.0614509582519531 0.0456161499023438 -0.0120029449462891 0.0123777389526367
0.0638656616210938 0.06011962890625 0.0219860076904297 -0.0319004058837891
0.0574913024902344 0.0410118103027344 0.0501937866210938 -0.00175857543945312
0.0656967163085938 0.0267562866210938 0.0630226135253906 0.00337600708007813
0.0644569396972656 -0.00160980224609375 0.0702247619628906 -0.0154609680175781
0.0508651733398437 -0.0237312316894531 0.0527877807617187 -0.0246543884277344
0.0302391052246094 -0.0490226745605469 0.0377044677734375 -0.0311546325683594
0.0094757080078125 -0.0557670593261719 0.0253925323486328 -0.0216255187988281
0.006927490234375 -0.0531539916992188 0.0219593048095703 -0.00313568115234375
0.00175094604492187 -0.0631790161132813 0.0212783813476563 0.0163211822509766
0.013671875 -0.0643463134765625 0.00293922424316406 0.03338623046875
0.0409317016601562 -0.0554847717285156 -0.0145759582519531 0.0411872863769531
0.060638427734375 -0.0370330810546875 -0.0257492065429688 0.0258331298828125
0.0718994140625 0.00910186767578125 -0.0299205780029297 0.013458251953125
0.0734100341796875 0.03082275390625 -0.0111265182495117 0.00992965698242188
0.0635299682617188 0.0484695434570313 0.0109596252441406 0.0315761566162109
0.0530052185058594 0.0576133728027344 0.0409927368164063 -0.0095672607421875
0.0565452575683594 0.0452194213867188 0.0652542114257813 0.0148277282714844
0.0709609985351563 0.0299835205078125 0.0703048706054688 0.0101165771484375
0.0706253051757813 -6.866455078125E-05 0.0683860778808594 -0.00873947143554688
0.0534210205078125 -0.0190849304199219 0.0472602844238281 -0.0144538879394531
0.037506103515625 -0.045684814453125 0.0326766967773438 -0.0154170989990234
0.0189933776855469 -0.0529060363769531 0.0235843658447266 -0.000993728637695316
0.0162887573242188 -0.0487136840820313 0.0230369567871094 0.0152435302734375
0.0140914916992187 -0.0568046569824219 0.023834228515625 0.0361061096191406
0.0207366943359375 -0.0537757873535156 0.00555419921875 0.0488662719726562
0.0429153442382812 -0.0436363220214844 -0.0102272033691406 0.05108642578125
0.0553627014160156 -0.0301628112792969 -0.0221290588378906 0.0330829620361328
0.0670089721679688 0.0112991333007813 -0.0200786590576172 0.0163059234619141
0.0649528503417969 0.0320930480957031 0.00765037536621094 0.0146360397338867
0.0546493530273437 0.0472564697265625 0.0314369201660156 0.04901123046875
0.0391426086425781 0.0461044311523438 0.053192138671875 0.00952911376953126
0.0456199645996094 0.0388832092285156 0.0740966796875 0.0263748168945313
0.0581169128417969 0.0228843688964844 0.0707778930664063 0.0162353515625
0.0573043823242188 -3.4332275390625E-05 0.0624771118164063 -0.00042724609375
0.0443763732910156 -0.0147857666015625 0.0383872985839844 -0.0045623779296875
0.0350265502929687 -0.03424072265625 0.0231437683105469 0.00159454345703125
0.02398681640625 -0.0395622253417969 0.0204010009765625 0.0172138214111328
0.0230178833007813 -0.0359344482421875 0.0196323394775391 0.0321788787841797
0.023529052734375 -0.0404281616210938 0.02056884765625 0.0477523803710938
0.0272541046142578 -0.0349521636962891 0.00311279296875 0.0587959289550781
0.0397262573242188 -0.0243492126464844 -0.011505126953125 0.0579452514648437
0.0459365844726563 -0.0130348205566406 -0.0206527709960937 0.0343303680419922
0.04962158203125 0.0182456970214844 -0.0154571533203125 0.0170373916625977
0.0475387573242188 0.0333023071289063 0.0212345123291016 0.0196399688720703
0.0356941223144531 0.0409927368164063 0.0464630126953125 0.0658111572265625
0.0178871154785156 0.0248012542724609 0.0588188171386719 0.021453857421875
0.0253868103027344 0.0232143402099609 0.0772628784179688 0.0296401977539062
0.0345878601074219 0.0121726989746094 0.0648727416992187 0.0157508850097656
0.0331916809082031 0.00075531005859375 0.0541915893554687 0.00436019897460938
0.025421142578125 -0.00413894653320313 0.0277671813964844 0.00231170654296875
0.0267467498779297 -0.0137844085693359 0.0170993804931641 0.0127401351928711
0.0251674652099609 -0.0180835723876953 0.0146694183349609 0.0310745239257813
0.0278167724609375 -0.0175247192382813 0.01446533203125 0.043121337890625
0.0303745269775391 -0.0203304290771484 0.0140037536621094 0.0579032897949219
0.0304183959960937 -0.0130329132080078 -0.0045318603515625 0.0646400451660156
0.0335159301757813 -0.00232696533203125 -0.0183944702148437 0.0561294555664063
0.0321083068847656 0.00463676452636719 -0.0238380432128906 0.0346813201904297
0.02740478515625 0.0238761901855469 -0.0159549713134766 0.0192642211914063
0.0209197998046875 0.0312919616699219 0.0256214141845703 0.02490234375
0.0113964080810547 0.0317764282226563 0.0511016845703125 0.0780181884765625
-0.00998306274414063 0.00256156921386719 0.0575447082519531 0.0217552185058594
0.00015401840209961 0.00445938110351562 0.0717010498046875 0.0266342163085937
0.000365197658538818 0.000259190797805786 0.0582084655761719 0.0113296508789062
0.000394105911254883 0.00414013862609863 0.0456619262695313 0.00573348999023438
0.00191020965576172 0.00860691070556641 0.0237712860107422 0.003448486328125
0.0146427154541016 0.0119562149047852 0.0118217468261719 0.0158843994140625
0.0234203338623047 0.00448799133300781 0.0083465576171875 0.0366172790527344
0.0257053375244141 0.00391769409179688 0.00726318359375 0.047698974609375
0.0302200317382813 0.00328254699707031 0.002197265625 0.0609817504882813
0.0257339477539062 0.00759696960449219 -0.015350341796875 0.0640830993652344
0.0218009948730469 0.0143356323242188 -0.0272064208984375 0.0528526306152344
0.0135765075683594 0.0155563354492187 -0.0306224822998047 0.0325469970703125
0.00532150268554688 0.0230636596679688 -0.0203113555908203 0.0195293426513672
-0.00547599792480469 0.0212059020996094 0.01959228515625 0.0318756103515625
-0.0134353637695312 0.0158281326293945 0.0471115112304688 0.0887908935546875
0.045318603515625 0.00652313232421875 -0.0411224365234375 -0.0830764770507813
0.0229816436767578 -0.0145244598388672 -0.0111923217773437 -0.0394058227539063
0.0101509094238281 -0.0193424224853516 0.0273628234863281 -0.0142593383789063
0.00208091735839844 -0.0241851806640625 0.0435333251953125 -0.030303955078125
-0.00631332397460938 -0.0216045379638672 0.0429840087890625 -0.0458984375
-0.0223102569580078 -0.0207729339599609 0.0272140502929688 -0.0636024475097656
-0.029144287109375 -0.0188159942626953 0.00834655761718749 -0.0664863586425781
-0.0268573760986328 -0.0186080932617188 -0.00183105468750001 -0.0516929626464844
-0.0272216796875 -0.0264911651611328 -0.00396919250488282 -0.0346965789794922
-0.0118885040283203 -0.0339736938476563 -0.0122575759887695 -0.0154685974121094
0.00649833679199219 -0.0344505310058594 -0.0236949920654297 -0.00165176391601563
0.0227127075195313 -0.0207099914550781 -0.038970947265625 -0.00372695922851562
0.0300807952880859 0.00164413452148438 -0.0569686889648438 -0.0110206604003906
0.0338935852050781 0.0118007659912109 -0.0705642700195312 -0.016082763671875
0.0375480651855469 0.0181350708007813 -0.0524444580078125 -0.0189094543457031
0.0605735778808594 0.0299720764160156 -0.0199966430664062 -0.075592041015625
0.0420646667480469 0.00550079345703125 0.0104312896728516 -0.0348682403564453
0.0315628051757813 -0.00303268432617188 0.0385932922363281 -0.013397216796875
0.0251178741455078 -0.0174579620361328 0.0545578002929688 -0.0278396606445313
0.0154132843017578 -0.0246505737304687 0.0505943298339844 -0.0406913757324219
-0.00552749633789063 -0.0361175537109375 0.0361862182617188 -0.0582809448242188
-0.0197219848632813 -0.0373649597167969 0.0182456970214844 -0.0584487915039063
-0.0188941955566406 -0.0394744873046875 0.01129150390625 -0.0412940979003906
-0.0204734802246094 -0.0473594665527344 0.00602149963378906 -0.0230083465576172
-0.00513458251953125 -0.0535392761230469 -0.00640726089477539 -0.00593185424804688
0.0258369445800781 -0.0497932434082031 -0.0206851959228516 0.0104446411132812
0.0464248657226563 -0.0317878723144531 -0.0331974029541016 0.00530624389648438
0.0573158264160156 0.0060577392578125 -0.0487823486328125 -0.000751495361328121
0.06005859375 0.0218772888183594 -0.0529136657714844 -0.00596618652343751
0.0571861267089844 0.0354957580566406 -0.0335330963134766 -0.008544921875
0.0696563720703125 0.049957275390625 0.00165939331054688 -0.0590667724609375
0.0525360107421875 0.02667236328125 0.0315647125244141 -0.0233001708984375
0.0527229309082031 0.0141410827636719 0.0544319152832031 -0.00939178466796875
0.0500221252441406 -0.00995635986328125 0.0659027099609375 -0.0270500183105469
0.0369834899902344 -0.0241928100585938 0.0575790405273438 -0.0368995666503906
0.0148963928222656 -0.0475196838378906 0.042694091796875 -0.0476951599121094
-0.00373458862304687 -0.0545196533203125 0.0265655517578125 -0.0450897216796875
-0.00777816772460938 -0.051971435546875 0.0177631378173828 -0.0284404754638672
-0.0110435485839844 -0.0597076416015625 0.0152816772460938 -0.00760078430175782
0.00373840332031249 -0.0677490234375 0.00265789031982422 0.0121955871582031
0.0368194580078125 -0.0632514953613281 -0.0159397125244141 0.0280380249023438
0.0579376220703125 -0.0423164367675781 -0.0269260406494141 0.0161285400390625
0.0743026733398438 0.00638580322265625 -0.037322998046875 0.00819778442382813
0.0740203857421875 0.0295944213867188 -0.0312671661376953 0.00200843811035157
0.0684318542480469 0.0432472229003906 -0.00860357284545898 0.00843143463134766
0.0702133178710938 0.0615806579589844 0.0265274047851563 -0.0368537902832031
0.0618400573730469 0.0422019958496094 0.0537300109863281 -0.00768661499023437
0.0703964233398438 0.0272140502929688 0.0682449340820313 -0.0010986328125
0.0686492919921875 -0.00507354736328125 0.0706863403320313 -0.0189590454101562
0.0525741577148438 -0.0239639282226562 0.0528411865234375 -0.0283050537109375
0.0303955078125 -0.0502128601074219 0.0387077331542969 -0.0377845764160156
0.00783538818359376 -0.058258056640625 0.0291614532470703 -0.0283088684082031
0.00470733642578125 -0.0547523498535156 0.0247516632080078 -0.00906181335449219
0.000373840332031257 -0.0676422119140625 0.0236454010009766 0.0117645263671875
0.0105857849121094 -0.0674896240234375 0.00645446777343751 0.0297794342041016
0.0441474914550781 -0.0608367919921875 -0.00833892822265624 0.0388565063476562
0.0629692077636719 -0.0422744750976563 -0.0221576690673828 0.0258293151855469
0.0797805786132813 0.0073089599609375 -0.0282363891601562 0.01226806640625
0.0800857543945312 0.0299224853515625 -0.0106382369995117 0.00667476654052735
0.071929931640625 0.0496063232421875 0.0164203643798828 0.0280323028564453
0.0620994567871094 0.0620269775390625 0.0434494018554688 -0.0139694213867187
0.0622444152832031 0.0503807067871094 0.072540283203125 0.00983428955078125
0.0750885009765625 0.0296401977539062 0.0719146728515625 0.0065765380859375
0.0718536376953125 -0.00359344482421875 0.0705108642578125 -0.0134735107421875
0.0568923950195313 -0.0214385986328125 0.0476303100585938 -0.0178375244140625
0.040618896484375 -0.0488090515136719 0.0349903106689453 -0.0186367034912109
0.0191307067871094 -0.0556297302246094 0.0273952484130859 -0.0047607421875
0.0152511596679687 -0.0514755249023438 0.0258007049560547 0.0121440887451172
0.0125083923339844 -0.0587921142578125 0.0280170440673828 0.0288181304931641
0.0199813842773438 -0.0567169189453125 0.0106277465820312 0.0457077026367188
0.0451011657714844 -0.0477333068847656 -0.00675201416015624 0.0509529113769531
0.0602302551269531 -0.0313682556152344 -0.0178108215332031 0.0329723358154297
0.0725173950195313 0.01397705078125 -0.0176486968994141 0.0164279937744141
0.0712661743164063 0.0347671508789063 0.0105123519897461 0.013545036315918
0.0583038330078125 0.0494842529296875 0.0359077453613281 0.0455513000488281
0.04193115234375 0.0527534484863281 0.0608711242675781 0.00823974609375
0.0469131469726563 0.0416450500488281 0.0813064575195313 0.0238418579101563
0.0633506774902344 0.0279617309570313 0.0736541748046875 0.0115890502929688
0.06256103515625 -0.00282669067382813 0.0657691955566406 -0.0026397705078125
0.052276611328125 -0.01641845703125 0.0416831970214844 -0.00691604614257813
0.0380210876464844 -0.0379791259765625 0.0251502990722656 -0.00033378601074219
0.024078369140625 -0.0444564819335938 0.0218906402587891 0.0161151885986328
0.02716064453125 -0.0400962829589844 0.0217151641845703 0.0300235748291016
0.0247993469238281 -0.0453987121582031 0.0250473022460938 0.0478897094726563
0.0304756164550781 -0.0390281677246094 0.0116348266601562 0.0578346252441406
0.0437889099121094 -0.0244522094726563 -0.00512695312499999 0.0547218322753906
0.051605224609375 -0.0133132934570313 -0.0190849304199219 0.0360107421875
0.0557479858398438 0.023193359375 -0.0123100280761719 0.0196151733398438
0.0520782470703125 0.0388870239257813 0.0247306823730469 0.0186061859130859
0.0381240844726563 0.0482826232910156 0.0545806884765625 0.0630989074707031
0.0169620513916016 0.0318641662597656 0.0675392150878906 0.0210762023925781
0.0236797332763672 0.0269756317138672 0.0827255249023438 0.0262527465820313
0.0378036499023438 0.0163345336914063 0.0699462890625 0.0106849670410156
0.0394210815429688 0.00326156616210937 0.0561904907226563 -0.00022125244140625
0.0293674468994141 -0.00341606140136719 0.0298671722412109 0.00041961669921875
0.0290393829345703 -0.0161342620849609 0.0188770294189453 0.0131797790527344
0.0277614593505859 -0.0226650238037109 0.0180110931396484 0.0327281951904297
0.0298519134521484 -0.0213584899902344 0.0163230895996094 0.0435791015625
0.0330047607421875 -0.0253849029541016 0.0157699584960938 0.0562629699707031
0.0358963012695313 -0.0162086486816406 0.000400543212890621 0.0630874633789063
0.0390892028808594 -0.005126953125 -0.0139884948730469 0.0562820434570313
0.0381126403808594 0.00506210327148438 -0.0211086273193359 0.033050537109375
0.0319290161132813 0.0275726318359375 -0.0124616622924805 0.0164794921875
0.0237236022949219 0.0357704162597656 0.0300273895263672 0.0241336822509766
0.0112266540527344 0.0372467041015625 0.057403564453125 0.0785903930664062
-0.00902462005615235 0.00764274597167969 0.0616874694824219 0.0226821899414063
-0.00143766403198242 0.00803375244140625 0.0788650512695313 0.0258407592773438
0.00148797035217285 0.0038909912109375 0.0580024719238281 0.00797653198242188
0.00119972229003906 0.00507259368896484 0.0462837219238281 0.00336456298828125
0.00634670257568359 0.0104970932006836 0.0229873657226563 0.0037384033203125
0.0207538604736328 0.00972175598144531 0.0112247467041016 0.0180072784423828
0.0301113128662109 8.0108642578125E-05 0.0080413818359375 0.0391960144042969
0.0293254852294922 0.00136947631835938 0.00781631469726563 0.0536880493164063
0.0343589782714844 -0.00341415405273438 0.00225067138671875 0.0634002685546875
0.0342159271240234 0.004302978515625 -0.0134658813476562 0.0678024291992188
0.0280685424804688 0.0151615142822266 -0.0247993469238281 0.05377197265625
0.0199604034423828 0.0188426971435547 -0.0281467437744141 0.0343761444091797
0.00534439086914062 0.0286579132080078 -0.0186824798583984 0.0213527679443359
-0.00417709350585937 0.0285778045654297 0.0230579376220703 0.0338592529296875
-0.0144748687744141 0.0225734710693359 0.0539627075195313 0.0915069580078125
0.0479965209960938 0.0037689208984375 -0.0461578369140625 -0.088134765625
0.0225429534912109 -0.0181217193603516 -0.0134963989257813 -0.042999267578125
0.00967788696289063 -0.0216178894042969 0.0252113342285156 -0.0171089172363281
-0.00116920471191406 -0.0235843658447266 0.0441856384277344 -0.0304145812988281
-0.00885772705078125 -0.0206584930419922 0.0438117980957031 -0.0454940795898437
-0.0265865325927734 -0.0193386077880859 0.0277214050292969 -0.0668258666992188
-0.0336952209472656 -0.0149726867675781 0.00836944580078125 -0.0699615478515625
-0.0298404693603516 -0.0168838500976563 -0.000190734863281248 -0.0546531677246094
-0.0323314666748047 -0.0219898223876953 -0.00389862060546875 -0.037994384765625
-0.0163612365722656 -0.0317516326904297 -0.0110073089599609 -0.0188007354736328
0.00542831420898437 -0.035552978515625 -0.0225296020507813 -0.00186729431152344
0.0209426879882813 -0.0242538452148438 -0.0389289855957031 -0.00349044799804687
0.0316181182861328 -0.00359535217285156 -0.0586585998535156 -0.00951385498046875
0.0361175537109375 0.00508880615234375 -0.0743179321289063 -0.0171661376953125
0.0428390502929688 0.0132179260253906 -0.0553054809570313 -0.0265121459960938
0.0659942626953125 0.0276870727539063 -0.0225830078125 -0.0822982788085938
0.0413970947265625 0.00194549560546875 0.00774765014648438 -0.0405845642089844
0.0325946807861328 -0.00562858581542969 0.0394287109375 -0.0160064697265625
0.0234298706054688 -0.0183124542236328 0.0559539794921875 -0.0305442810058594
0.0138835906982422 -0.0240650177001953 0.0537681579589844 -0.041839599609375
-0.00765419006347656 -0.0345878601074219 0.0385208129882813 -0.0615463256835938
-0.021148681640625 -0.03717041015625 0.0195045471191406 -0.0645027160644531
-0.0200462341308594 -0.0370330810546875 0.009979248046875 -0.0463714599609375
-0.025054931640625 -0.0458145141601563 0.00722885131835937 -0.0282173156738281
-0.00807571411132812 -0.0556716918945313 -0.00493764877319336 -0.00801897048950196
0.0230178833007813 -0.0540390014648438 -0.0175609588623047 0.00938129425048828
0.0448646545410156 -0.038177490234375 -0.0321521759033203 0.00561141967773437
0.0608596801757813 0.00107574462890625 -0.0484809875488281 0.000541687011718741
0.0658416748046875 0.0183601379394531 -0.0552978515625 -0.00715255737304688
0.0648574829101563 0.0320205688476563 -0.0366477966308594 -0.0122337341308594
0.074493408203125 0.049713134765625 0.00188827514648438 -0.065399169921875
0.0563545227050781 0.0252342224121094 0.0315494537353516 -0.0294589996337891
0.0541458129882812 0.0143203735351562 0.0552940368652344 -0.0109710693359375
0.0487403869628906 -0.0106620788574219 0.0667190551757812 -0.0287361145019531
0.0363273620605469 -0.0256767272949219 0.0574188232421875 -0.0386314392089844
0.0135002136230469 -0.0452384948730469 0.0422706604003906 -0.0538673400878906
-0.0060577392578125 -0.0535240173339844 0.0264244079589844 -0.0509910583496094
-0.00774765014648437 -0.0523490905761719 0.0187511444091797 -0.0327682495117188
-0.0145606994628906 -0.0628318786621094 0.0166997909545898 -0.0121393203735352
0.000972747802734376 -0.0686454772949219 0.00371360778808594 0.0078902244567871
0.0345191955566406 -0.0656394958496094 -0.0121707916259766 0.0236148834228516
0.0592155456542969 -0.048248291015625 -0.0256462097167969 0.0147895812988281
0.0784225463867188 0.0019683837890625 -0.0370407104492187 0.00833511352539062
0.0835189819335938 0.0250701904296875 -0.0328178405761719 9.53674316406238E-05
0.0775375366210938 0.04510498046875 -0.00982189178466796 0.00318050384521484
0.0760650634765625 0.06207275390625 0.0265884399414063 -0.0450363159179687
0.0669784545898438 0.0445442199707031 0.0543899536132813 -0.0114250183105469
0.0742568969726563 0.0272979736328125 0.0666847229003906 -0.00439453125
0.07147216796875 -0.00612640380859375 0.0731124877929687 -0.0249862670898437
0.0539093017578125 -0.0264205932617187 0.0555305480957031 -0.0318832397460938
0.0315475463867188 -0.0545501708984375 0.0424957275390625 -0.0404014587402344
0.00770187377929687 -0.0614433288574219 0.0300712585449219 -0.0326080322265625
0.00381088256835938 -0.0592231750488281 0.0255947113037109 -0.0134105682373047
-0.00152587890625 -0.0690650939941406 0.0275821685791016 0.00659751892089843
0.00981903076171875 -0.0711441040039063 0.0109272003173828 0.0258579254150391
0.0421943664550781 -0.0651817321777344 -0.00485992431640625 0.0376625061035156
0.0645599365234375 -0.0480918884277344 -0.0199241638183594 0.0249137878417969
0.0857391357421875 0.0030975341796875 -0.0248985290527344 0.0127506256103516
0.0890655517578125 0.0307769775390625 -0.00897884368896484 0.0048513412475586
0.0770950317382813 0.0519485473632813 0.0177707672119141 0.0215606689453125
0.0639152526855469 0.0663719177246094 0.0481491088867188 -0.0177459716796875
0.0653038024902344 0.0517959594726563 0.0736160278320313 0.005462646484375
0.0789337158203125 0.0323104858398438 0.0751495361328125 0.0028228759765625
0.0794525146484375 -0.0026092529296875 0.0716323852539063 -0.0166473388671875
0.0611190795898438 -0.0243682861328125 0.04986572265625 -0.0212249755859375
0.0409507751464844 -0.054229736328125 0.035430908203125 -0.0209693908691406
0.019287109375 -0.0609893798828125 0.0274295806884766 -0.00901603698730469
0.0167121887207031 -0.0556716918945312 0.0269508361816406 0.00746726989746093
0.0125656127929687 -0.06549072265625 0.0305252075195313 0.0246772766113281
0.021881103515625 -0.0621337890625 0.0139389038085938 0.0414657592773437
0.0479278564453125 -0.0521202087402344 -0.00197219848632812 0.0487136840820313
0.06463623046875 -0.035797119140625 -0.0144901275634766 0.0301551818847656
0.07867431640625 0.0112075805664063 -0.014948844909668 0.0147743225097656
0.0790176391601563 0.034942626953125 0.0122871398925781 0.00874614715576172
0.0650177001953125 0.0549888610839844 0.0417098999023438 0.041290283203125
0.0449943542480469 0.0556716918945313 0.0643806457519531 0.00511550903320313
0.0516510009765625 0.0468101501464844 0.0859603881835938 0.0209121704101563
0.0683479309082031 0.0293388366699219 0.076324462890625 0.00811004638671875
0.0704345703125 0.00019073486328125 0.0662689208984375 -0.00815200805664063
0.0540504455566406 -0.0182876586914063 0.0393600463867188 -0.0088348388671875
0.0409736633300781 -0.0419464111328125 0.0277271270751953 -0.00152587890625
0.0279808044433594 -0.0500984191894531 0.0241012573242188 0.0151939392089844
0.0277481079101563 -0.0451927185058594 0.0240077972412109 0.0286788940429687
0.0249137878417969 -0.0519828796386719 0.0272674560546875 0.0439491271972656
0.0320243835449219 -0.043975830078125 0.0107917785644531 0.0539627075195313
0.0507125854492188 -0.0304756164550781 -0.00464248657226562 0.0544891357421875
0.0578536987304688 -0.015228271484375 -0.0138187408447266 0.0344791412353516
0.0611724853515625 0.0228767395019531 -0.00964641571044922 0.0156145095825195
0.0556411743164062 0.0428695678710938 0.0282764434814453 0.0149879455566406
0.0418548583984375 0.0535354614257813 0.0583572387695312 0.0610694885253906
0.018829345703125 0.0365257263183594 0.0723037719726563 0.020721435546875
0.0293197631835937 0.0320148468017578 0.0905990600585938 0.02740478515625
0.0403861999511719 0.0201416015625 0.0724639892578125 0.0102767944335938
0.042755126953125 0.00461578369140625 0.05767822265625 -0.00149154663085937
0.0347118377685547 -0.00481033325195312 0.0283298492431641 -4.00543212890628E-05
0.0350685119628906 -0.0220756530761719 0.018585205078125 0.0120487213134766
0.0310783386230469 -0.0281944274902344 0.0170459747314453 0.0313701629638672
0.0327587127685547 -0.0274314880371094 0.0182609558105469 0.0439109802246094
0.0352058410644531 -0.0316963195800781 0.0176162719726563 0.0577468872070313
0.03839111328125 -0.0212783813476563 0.000419616699218748 0.0617828369140625
0.04461669921875 -0.00593185424804688 -0.0125999450683594 0.0562400817871094
0.0451850891113281 0.0055999755859375 -0.0185337066650391 0.0346565246582031
0.0368461608886719 0.0336074829101563 -0.0100421905517578 0.0176811218261719
0.0260543823242188 0.043792724609375 0.0328464508056641 0.0245571136474609
0.0124092102050781 0.0440444946289063 0.0644912719726563 0.079559326171875
-0.0142192840576172 0.013275146484375 0.0693817138671875 0.0256004333496094
-0.00140380859375 0.0145368576049805 0.08447265625 0.02508544921875
0.00289726257324219 0.0109329223632813 0.0644912719726563 0.00822830200195313
0.00784492492675781 0.0101213455200195 0.0479393005371094 0.001251220703125
0.0113306045532227 0.0126562118530273 0.0224456787109375 0.00188064575195313
0.0255641937255859 0.00734901428222656 0.0100975036621094 0.020263671875
0.0317287445068359 -0.00400161743164063 0.00979232788085938 0.0405044555664063
0.0331192016601563 -0.00592231750488281 0.0091094970703125 0.0525665283203125
0.0382156372070313 -0.00835037231445313 0.0049896240234375 0.0660285949707031
0.0363235473632813 0.000461578369140625 -0.0149040222167969 0.0657119750976563
0.0341339111328125 0.0130500793457031 -0.0242576599121094 0.0540046691894531
0.0249042510986328 0.0191898345947266 -0.0268287658691406 0.0348243713378906
0.0110626220703125 0.0332088470458984 -0.0165920257568359 0.0215778350830078
-0.003814697265625 0.0369606018066406 0.0261268615722656 0.0338726043701172
-0.0173053741455078 0.0266456604003906 0.0586395263671875 0.0913848876953125
0.0504264831542969 -0.00222396850585937 -0.0512924194335938 -0.0937652587890625
0.0216121673583984 -0.0233135223388672 -0.0173797607421875 -0.0446853637695313
0.00654411315917969 -0.0250492095947266 0.0249786376953125 -0.0183734893798828
-0.00657272338867187 -0.0241374969482422 0.0449752807617188 -0.0315017700195313
-0.0131607055664063 -0.0203399658203125 0.0469894409179687 -0.047576904296875
-0.0298347473144531 -0.0152359008789062 0.0293807983398438 -0.0703811645507813
-0.0347061157226563 -0.0114917755126953 0.0079498291015625 -0.0757369995117188
-0.0317058563232422 -0.0133113861083984 -0.000656127929687504 -0.0590782165527344
-0.0354118347167969 -0.0184516906738281 -0.00446701049804688 -0.0420074462890625
-0.0210151672363281 -0.0310993194580078 -0.0104866027832031 -0.0218772888183594
0.000411987304687498 -0.0370635986328125 -0.0219058990478516 -0.00448608398437501
0.0188350677490234 -0.0287494659423828 -0.0394439697265625 -0.00321578979492187
0.0324535369873047 -0.00877189636230469 -0.061004638671875 -0.00899505615234376
0.0394477844238281 -0.001129150390625 -0.080078125 -0.0170822143554688
0.0470924377441406 0.00950241088867187 -0.06207275390625 -0.0298576354980469
0.0705337524414063 0.0252532958984375 -0.0263900756835937 -0.0898208618164063
0.04296875 -0.001068115234375 0.00538253784179688 -0.0445480346679688
0.0320224761962891 -0.00739097595214844 0.0392837524414063 -0.0181922912597656
0.0208568572998047 -0.0197277069091797 0.0570602416992188 -0.0321121215820313
0.0111637115478516 -0.0236873626708984 0.0559272766113281 -0.0453987121582031
-0.0101490020751953 -0.0328102111816406 0.0411911010742188 -0.0663948059082031
-0.0231246948242187 -0.035186767578125 0.0201187133789063 -0.0707015991210937
-0.0229644775390625 -0.0362968444824219 0.00963973999023438 -0.0531578063964844
-0.028045654296875 -0.0450859069824219 0.00707626342773438 -0.0340442657470703
-0.0121231079101562 -0.0557441711425781 -0.00295352935791016 -0.0115022659301758
0.0194168090820312 -0.0579109191894531 -0.0160140991210938 0.00665950775146484
0.0441169738769531 -0.0433921813964844 -0.0319194793701172 0.00345230102539062
0.0635795593261719 -0.00503158569335938 -0.0494308471679688 -0.000488281250000007
0.07073974609375 0.0131454467773438 -0.0597076416015625 -0.009124755859375
0.0712890625 0.0302963256835938 -0.0403785705566406 -0.0183563232421875
0.081024169921875 0.0502166748046875 0.000640869140625003 -0.0741348266601563
0.0605735778808594 0.0248794555664063 0.0296459197998047 -0.0344181060791016
0.05767822265625 0.0133285522460937 0.0550956726074219 -0.0138626098632813
0.050750732421875 -0.0120429992675781 0.0689926147460938 -0.0306625366210938
0.0360946655273438 -0.02569580078125 0.0597724914550781 -0.0416297912597656
0.01251220703125 -0.0470046997070313 0.0446968078613281 -0.0585594177246094
-0.00819015502929688 -0.05462646484375 0.028167724609375 -0.0580673217773438
-0.0101890563964844 -0.0540733337402344 0.0184898376464844 -0.0387382507324219
-0.0172004699707031 -0.064697265625 0.0183582305908203 -0.0187416076660156
-0.00339508056640624 -0.0721588134765625 0.00530862808227539 0.00365877151489257
0.0329971313476563 -0.0710525512695312 -0.00955963134765625 0.0215015411376953
0.0601921081542969 -0.0536041259765625 -0.0244693756103516 0.0128402709960937
0.0847854614257812 -0.00307464599609375 -0.0364189147949219 0.00761413574218751
0.0908660888671875 0.0217666625976562 -0.03533935546875 -0.00243759155273438
0.0861358642578125 0.0447158813476562 -0.0123386383056641 -0.00249004364013672
0.0818939208984375 0.0669021606445313 0.0279197692871094 -0.0505027770996094
0.0714035034179688 0.0460128784179688 0.0547065734863281 -0.0170059204101562
0.0796890258789063 0.0280685424804688 0.0686569213867188 -0.00648117065429687
0.0755081176757813 -0.00739288330078125 0.0750274658203125 -0.0264663696289063
0.0575103759765625 -0.0282745361328125 0.0584182739257813 -0.0349998474121094
0.0313491821289063 -0.0575981140136719 0.0439262390136719 -0.0447425842285156
0.00764083862304688 -0.0665206909179688 0.0307083129882813 -0.0379714965820313
0.0041351318359375 -0.0630416870117187 0.0243892669677734 -0.0185985565185547
-0.00345611572265626 -0.07373046875 0.0278301239013672 0.000831604003906245
0.00833892822265625 -0.075775146484375 0.0132369995117188 0.0216617584228516
0.0430068969726563 -0.0717849731445313 -0.00202178955078125 0.0346221923828125
0.0686111450195313 -0.0545005798339844 -0.0176963806152344 0.0218334197998047
0.0924911499023438 -0.0001678466796875 -0.0238456726074219 0.0116157531738281
0.0967178344726562 0.0294723510742187 -0.00847196578979492 0.00222492218017578
0.0862350463867188 0.054595947265625 0.0178108215332031 0.0172328948974609
0.0718460083007813 0.0711669921875 0.0532760620117188 -0.0223770141601563
0.0714035034179688 0.05596923828125 0.0765762329101563 0.00141143798828125
0.0872116088867188 0.035614013671875 0.0778732299804688 0.00147247314453125
0.0863876342773438 -0.00402069091796875 0.0752716064453125 -0.0193252563476563
0.0668601989746094 -0.0270271301269531 0.0515327453613281 -0.0227317810058594
0.0433158874511719 -0.05853271484375 0.0361518859863281 -0.0249824523925781
0.0202751159667969 -0.0668220520019531 0.0289783477783203 -0.0132560729980469
0.0175209045410156 -0.0627937316894531 0.0272350311279297 0.00457572937011718
0.0136184692382812 -0.0721282958984375 0.0319976806640625 0.0220832824707031
0.0217781066894531 -0.0679817199707031 0.0162200927734375 0.0391159057617187
0.051605224609375 -0.0585746765136719 0.000995635986328133 0.0455551147460937
0.0695877075195313 -0.0406723022460938 -0.0129966735839844 0.028076171875
0.08660888671875 0.0107192993164062 -0.0132522583007812 0.0136346817016602
0.0863723754882813 0.0382843017578125 0.0149068832397461 0.00595760345458985
0.0722885131835938 0.0602645874023438 0.0454978942871094 0.0380058288574219
0.0494499206542969 0.0623741149902344 0.0708084106445312 0.00397491455078125
0.0577278137207031 0.0519905090332031 0.0916519165039063 0.0175857543945313
0.0747528076171875 0.0327377319335938 0.079864501953125 0.00616455078125
0.0772628784179688 -0.001251220703125 0.0677604675292969 -0.00980377197265625
0.0594100952148438 -0.020751953125 0.0396652221679688 -0.0096893310546875
0.0443077087402344 -0.0475425720214844 0.02777099609375 -0.00292015075683594
0.0296363830566406 -0.0565872192382813 0.0248546600341797 0.0126743316650391
0.0280380249023438 -0.0524559020996094 0.0242462158203125 0.0270042419433594
0.02783203125 -0.0596923828125 0.0286331176757813 0.0419464111328125
0.0345115661621094 -0.0502853393554688 0.0118598937988281 0.0520057678222656
0.0555419921875 -0.0360794067382813 -0.00274276733398437 0.0529136657714844
0.06439208984375 -0.0191116333007813 -0.0124282836914062 0.0320396423339844
0.0686912536621094 0.0258216857910156 -0.00765323638916015 0.0150356292724609
0.0623321533203125 0.0472221374511719 0.0312786102294922 0.0124912261962891
0.0472640991210938 0.0601615905761719 0.0643386840820313 0.059967041015625
0.0197639465332031 0.0424156188964844 0.079742431640625 0.021484375
0.0315208435058594 0.0377693176269531 0.0964126586914063 0.0256118774414063
0.0449790954589844 0.0247611999511719 0.0761795043945313 0.00806427001953125
0.0494041442871094 0.00407028198242188 0.0578842163085937 -0.00298690795898437
0.0407829284667969 -0.006500244140625 0.0296268463134766 0.000543594360351562
0.0386123657226563 -0.0258598327636719 0.0184478759765625 0.0137214660644531
0.0334854125976563 -0.0352706909179688 0.0187892913818359 0.0332870483398438
0.0341701507568359 -0.0345878601074219 0.0191192626953125 0.0454063415527344
0.0387802124023438 -0.0391349792480469 0.01837158203125 0.058074951171875
0.0421333312988281 -0.0281143188476563 0.00063705444335938 0.0617103576660156
0.0524749755859375 -0.0102310180664063 -0.0123023986816406 0.0553398132324219
0.05194091796875 0.00453948974609375 -0.0173244476318359 0.0343475341796875
0.0430755615234375 0.0374069213867188 -0.00768661499023437 0.0176372528076172
0.0309638977050781 0.0501632690429688 0.0368423461914063 0.0238838195800781
0.0151901245117187 0.0517044067382813 0.07098388671875 0.0811080932617188
-0.0133800506591797 0.0183162689208984 0.0777206420898438 0.0288238525390625
-0.00163078308105469 0.0196533203125 0.0912017822265625 0.026092529296875
0.00526046752929688 0.0158300399780273 0.0672798156738281 0.00562286376953125
0.0129528045654297 0.0138874053955078 0.0484352111816406 -0.000434875488281249
0.0154352188110352 0.0126762390136719 0.0212020874023437 0.00410652160644531
0.028839111328125 0.00256156921386719 0.0113201141357422 0.0222854614257813
0.0349693298339844 -0.00792121887207031 0.0114517211914062 0.0450668334960937
0.0354423522949219 -0.010955810546875 0.00995254516601562 0.0558013916015625
0.0418434143066406 -0.0144233703613281 0.00425720214843751 0.0677986145019531
0.0403823852539063 -0.00515365600585938 -0.0143318176269531 0.0667915344238281
0.0393791198730469 0.00995254516601562 -0.0255699157714844 0.0549545288085938
0.0324687957763672 0.0199031829833984 -0.0260810852050781 0.0349197387695313
0.0156898498535156 0.0377349853515625 -0.0154094696044922 0.0214996337890625
-0.00161361694335937 0.0429954528808594 0.0305404663085937 0.0355911254882813
-0.0178070068359375 0.03497314453125 0.06524658203125 0.0960159301757813
0.0526123046875 -0.00764083862304688 -0.05975341796875 -0.100059509277344
0.0204563140869141 -0.028778076171875 -0.0223617553710937 -0.0479927062988281
0.00282859802246094 -0.0285129547119141 0.0248126983642578 -0.0189228057861328
-0.0113468170166016 -0.0249118804931641 0.0466766357421875 -0.0335235595703125
-0.0169677734375 -0.0183963775634766 0.0491828918457031 -0.0512351989746094
-0.0324611663818359 -0.0104522705078125 0.0303115844726562 -0.0758514404296875
-0.0371513366699219 -0.00770950317382813 0.00659942626953125 -0.08251953125
-0.0347251892089844 -0.0100822448730469 -0.00225067138671875 -0.0654678344726563
-0.0381813049316406 -0.0150489807128906 -0.00650787353515625 -0.0486564636230469
-0.0251884460449219 -0.0294647216796875 -0.0107440948486328 -0.0263175964355469
-0.00398635864257813 -0.0381202697753906 -0.0222072601318359 -0.00614738464355469
0.0149593353271484 -0.0321044921875 -0.04150390625 -0.00385665893554687
0.0329093933105469 -0.0147151947021484 -0.0648956298828125 -0.00797271728515626
0.0425186157226563 -0.00653839111328125 -0.087646484375 -0.016815185546875
0.0522193908691406 0.00365829467773438 -0.070556640625 -0.033294677734375
0.0762252807617188 0.0225906372070313 -0.0332260131835937 -0.0983123779296875
0.0444107055664062 -0.00403213500976562 0.00157546997070313 -0.0491943359375
0.0318489074707031 -0.00881385803222656 0.0398101806640625 -0.0202560424804688
0.0192432403564453 -0.020294189453125 0.0599479675292969 -0.0357398986816406
0.00992774963378906 -0.0239353179931641 0.0586433410644531 -0.0495796203613281
-0.0113716125488281 -0.0310039520263672 0.0422286987304688 -0.0731353759765625
-0.0257549285888672 -0.03448486328125 0.01947021484375 -0.0787200927734375
-0.0251235961914062 -0.0354766845703125 0.00759887695312499 -0.0597114562988281
-0.0316619873046875 -0.0444297790527344 0.00530624389648437 -0.0406684875488281
-0.0164604187011719 -0.0564842224121094 -0.00318145751953125 -0.016754150390625
0.0157012939453125 -0.0622596740722656 -0.0156402587890625 0.00399208068847656
0.0425300598144531 -0.0493659973144531 -0.0330657958984375 0.00232315063476562
0.067596435546875 -0.0103569030761719 -0.0512542724609375 0.000133514404296883
0.0771408081054687 0.0077362060546875 -0.0651054382324219 -0.00958251953125
0.079864501953125 0.02679443359375 -0.0471649169921875 -0.0230369567871094
0.0885772705078125 0.050811767578125 -0.00328826904296875 -0.0843124389648438
0.0651321411132813 0.0257949829101563 0.0283889770507813 -0.0400962829589844
0.0618515014648437 0.0125083923339844 0.0563087463378906 -0.0165443420410156
0.0531730651855469 -0.0135726928710938 0.0714797973632813 -0.0345458984375
0.0387001037597656 -0.0277595520019531 0.0633201599121094 -0.0462303161621094
0.0119705200195313 -0.0489959716796875 0.047393798828125 -0.0656967163085938
-0.00939178466796875 -0.0574874877929688 0.027496337890625 -0.0661239624023437
-0.0128822326660156 -0.05670166015625 0.0177268981933594 -0.04534912109375
-0.0211257934570313 -0.0672607421875 0.0173263549804688 -0.0250358581542969
-0.00714874267578124 -0.0756988525390625 0.00581645965576172 -0.000433444976806645
0.0305557250976563 -0.0775680541992188 -0.00805091857910156 0.0181503295898437
0.060760498046875 -0.0618476867675781 -0.0253391265869141 0.0109996795654297
0.0908279418945312 -0.009063720703125 -0.0370864868164062 0.006500244140625
0.09979248046875 0.0177841186523438 -0.0380477905273437 -0.00445175170898438
0.0962982177734375 0.0435867309570313 -0.0165567398071289 -0.00720882415771484
0.0913848876953125 0.0704345703125 0.0280570983886719 -0.05853271484375
0.0789337158203125 0.0478439331054688 0.0557212829589844 -0.0226860046386719
0.087371826171875 0.02899169921875 0.0708770751953125 -0.00984954833984375
0.0817642211914063 -0.0102462768554688 0.0777053833007812 -0.0314254760742187
0.0609016418457031 -0.0314254760742188 0.0605850219726563 -0.0388031005859375
0.032012939453125 -0.0618476867675781 0.0454330444335937 -0.0514335632324219
0.00579833984375 -0.0720596313476562 0.0307807922363281 -0.0451698303222656
0.001678466796875 -0.0681877136230469 0.0236682891845703 -0.02362060546875
-0.006317138671875 -0.0793075561523438 0.0280971527099609 -0.00452995300292969
0.0051422119140625 -0.081298828125 0.0140056610107422 0.0182304382324219
0.0431137084960938 -0.0800857543945313 -0.000253677368164061 0.0324192047119141
0.071258544921875 -0.0623626708984375 -0.0174427032470703 0.0194282531738281
0.100181579589844 -0.004730224609375 -0.0241165161132812 0.0100688934326172
0.107215881347656 0.0264663696289063 -0.0094003677368164 -0.00128555297851563
0.0970687866210938 0.0568161010742188 0.0174331665039063 0.0122385025024414
0.0807342529296875 0.077117919921875 0.0566825866699219 -0.0290946960449219
0.0802078247070313 0.0599136352539062 0.07952880859375 -0.00335693359375
0.0968856811523438 0.0373611450195313 0.0811767578125 -0.00197601318359375
0.0948333740234375 -0.00792694091796875 0.0772476196289063 -0.0230865478515625
0.0724945068359375 -0.0321578979492187 0.0520248413085938 -0.0256576538085938
0.0446662902832031 -0.0658302307128906 0.0375175476074219 -0.0289993286132813
0.0195770263671875 -0.0746383666992188 0.0297775268554688 -0.0173892974853516
0.0163726806640625 -0.0698356628417969 0.0266304016113281 0.00141525268554687
0.0108413696289062 -0.0795364379882812 0.0335845947265625 0.0185813903808594
0.0207290649414062 -0.0751724243164063 0.0177764892578125 0.0353279113769531
0.0536727905273438 -0.0666885375976563 0.00224685668945313 0.0442924499511719
0.0750503540039063 -0.048736572265625 -0.0125789642333984 0.0261363983154297
0.0955123901367188 0.00905609130859375 -0.0127782821655273 0.0110158920288086
0.0962448120117188 0.03851318359375 0.0157499313354492 0.00264644622802735
0.082611083984375 0.0647506713867188 0.0486297607421875 0.0348854064941406
0.0573158264160156 0.0685234069824219 0.0790939331054688 3.81469726562542E-05
0.0651588439941406 0.0575714111328125 0.0973968505859375 0.0137863159179688
0.084564208984375 0.0358657836914063 0.08355712890625 0.00444793701171875
0.0856475830078125 -0.00457000732421875 0.0704574584960938 -0.0132904052734375
0.0660972595214844 -0.02447509765625 0.0407371520996094 -0.0108680725097656
0.0473365783691406 -0.0553779602050781 0.0284366607666016 -0.00502777099609375
0.0293655395507813 -0.0648841857910156 0.0264129638671875 0.0113639831542969
0.0279998779296875 -0.0605087280273438 0.025726318359375 0.0265464782714844
0.0281257629394531 -0.0685844421386719 0.0306587219238281 0.0407447814941406
0.035552978515625 -0.0584449768066406 0.0128250122070313 0.051055908203125
0.0607719421386719 -0.0438575744628906 -0.0019073486328125 0.0524024963378906
0.0722274780273438 -0.024627685546875 -0.0116024017333984 0.0304088592529297
0.0786590576171875 0.0270843505859375 -0.0062417984008789 0.0132160186767578
0.071441650390625 0.0508041381835938 0.0341758728027344 0.0101051330566406
0.0555267333984375 0.066925048828125 0.06988525390625 0.05908203125
0.0242271423339844 0.0489845275878906 0.0892257690429688 0.0202484130859375
0.0366096496582031 0.0437355041503906 0.104652404785156 0.0235977172851563
0.0521621704101563 0.0284919738769531 0.08050537109375 0.00548553466796875
0.0567474365234375 0.0028839111328125 0.0605201721191406 -0.00492095947265625
0.0465812683105469 -0.00971221923828125 0.0302104949951172 0.000598907470703124
0.0422821044921875 -0.0331382751464844 0.0194511413574219 0.0147037506103516
0.0350494384765625 -0.0434226989746094 0.0204849243164063 0.03564453125
0.0358200073242188 -0.0421333312988281 0.0203285217285156 0.0471076965332031
0.0395393371582031 -0.0484733581542969 0.0213432312011719 0.0600013732910156
0.0450859069824219 -0.0354042053222656 0.000839233398437508 0.0625457763671875
0.0580177307128906 -0.0156059265136719 -0.0121803283691406 0.0556640625
0.0600547790527344 0.001739501953125 -0.0166416168212891 0.0332698822021484
0.0520095825195313 0.0412635803222656 -0.00632476806640625 0.0173349380493164
0.0380287170410156 0.05645751953125 0.0410499572753906 0.0225372314453125
0.0194053649902344 0.0598335266113281 0.0788650512695313 0.0820846557617188
-0.0144062042236328 0.0235748291015625 0.087860107421875 0.0291976928710938
-0.000194549560546876 0.0257606506347656 0.100112915039062 0.0253448486328125
0.00881385803222656 0.0195636749267578 0.0719757080078125 0.00392913818359375
0.0188045501708984 0.0149002075195313 0.04974365234375 -0.000793457031249999
0.020416259765625 0.01214599609375 0.0216522216796875 0.00598716735839844
0.0337982177734375 -0.00197029113769531 0.0117034912109375 0.0266056060791016
0.0372886657714844 -0.0145721435546875 0.0142478942871094 0.0500564575195313
0.0373001098632812 -0.0177497863769531 0.0117034912109375 0.0610542297363281
0.0439605712890625 -0.0222320556640625 0.0054473876953125 0.0727081298828125
0.0437850952148437 -0.0117301940917969 -0.0157241821289063 0.0695037841796875
0.0460968017578125 0.00619888305664063 -0.0269927978515625 0.0565872192382813
0.0397148132324219 0.0189208984375 -0.02569580078125 0.0356483459472656
0.0222129821777344 0.0425567626953125 -0.0139942169189453 0.0218544006347656
0.00262069702148438 0.0500831604003906 0.035369873046875 0.0369300842285156
-0.0160713195800781 0.0417251586914063 0.0731735229492188 0.100471496582031
0.0545883178710937 -0.0145530700683594 -0.07098388671875 -0.105430603027344
0.0169639587402344 -0.0339679718017578 -0.0297889709472656 -0.0495719909667969
-0.00175094604492187 -0.03131103515625 0.0244922637939453 -0.0203571319580078
-0.0171890258789062 -0.0244770050048828 0.0489158630371094 -0.0371475219726563
-0.0207366943359375 -0.0166053771972656 0.0508079528808594 -0.0572776794433594
-0.0350189208984375 -0.00549888610839843 0.0301055908203125 -0.0831222534179688
-0.0392227172851563 -0.002716064453125 0.003082275390625 -0.0911941528320313
-0.0366439819335938 -0.0051116943359375 -0.00720977783203126 -0.0727081298828125
-0.0416679382324219 -0.00990676879882812 -0.0114402770996094 -0.0545196533203125
-0.0298938751220703 -0.0259666442871094 -0.0125541687011719 -0.0304050445556641
-0.0100936889648438 -0.0385169982910156 -0.0233783721923828 -0.00870132446289063
0.0105323791503906 -0.0355873107910156 -0.04364013671875 -0.00321197509765626
0.0317211151123047 -0.0213279724121094 -0.0684585571289063 -0.00601959228515626
0.0442085266113281 -0.0141716003417969 -0.0969161987304687 -0.0139312744140625
0.0563774108886719 -0.00360870361328125 -0.0834579467773438 -0.0347671508789062
0.0831375122070313 0.0176849365234375 -0.043792724609375 -0.106033325195312
0.0461692810058594 -0.0075531005859375 -0.00426101684570313 -0.0533523559570313
0.0324745178222656 -0.0121173858642578 0.0404739379882813 -0.023101806640625
0.0177669525146484 -0.0219364166259766 0.0618515014648438 -0.0401496887207031
0.00840950012207031 -0.0239143371582031 0.0607490539550781 -0.0561599731445313
-0.0139751434326172 -0.0297794342041016 0.0419387817382813 -0.081939697265625
-0.0285968780517578 -0.0333423614501953 0.0160293579101562 -0.0884933471679688
-0.0291786193847656 -0.0345077514648438 0.00465774536132813 -0.0670928955078125
-0.0367851257324219 -0.0432243347167969 0.00175094604492187 -0.0479354858398438
-0.0223045349121094 -0.0567779541015625 -0.00483894348144532 -0.0215606689453125
0.0102958679199219 -0.0659828186035156 -0.0161399841308594 0.00125789642333984
0.0395965576171875 -0.0564308166503906 -0.0352249145507813 0.00216293334960937
0.070831298828125 -0.0185928344726563 -0.0542106628417969 0.00136566162109374
0.0834426879882813 -0.00070953369140625 -0.0731582641601562 -0.00907897949218749
0.08917236328125 0.0206451416015625 -0.0571098327636719 -0.0260887145996094
0.099761962890625 0.0486526489257813 -0.0101394653320312 -0.0934982299804688
0.0710983276367188 0.0228271484375 0.0237998962402344 -0.0458564758300781
0.06744384765625 0.0102996826171875 0.0574493408203125 -0.0208206176757813
0.0551490783691406 -0.0176734924316406 0.0736312866210938 -0.0406341552734375
0.0398712158203125 -0.03082275390625 0.0658912658691406 -0.0531806945800781
0.0101547241210938 -0.0517959594726563 0.0470046997070312 -0.0746536254882813
-0.0132789611816406 -0.0599594116210938 0.0248031616210937 -0.0755615234375
-0.0168342590332031 -0.0589866638183594 0.0142555236816406 -0.0521087646484375
-0.0279769897460937 -0.070526123046875 0.0148468017578125 -0.0326900482177734
-0.0126419067382812 -0.0794830322265625 0.0046238899230957 -0.00524377822875977
0.02618408203125 -0.0853271484375 -0.00760173797607422 0.015472412109375
0.0599441528320313 -0.0715713500976563 -0.026458740234375 0.0102882385253906
0.0971527099609375 -0.01806640625 -0.0385475158691406 0.006866455078125
0.109535217285156 0.00986480712890625 -0.0428962707519531 -0.00548553466796875
0.108833312988281 0.0404129028320313 -0.0224514007568359 -0.0115509033203125
0.104316711425781 0.0710678100585937 0.0258445739746094 -0.0681495666503906
0.088592529296875 0.0483169555664063 0.0548095703125 -0.0295791625976562
0.0966720581054688 0.0269241333007813 0.0727386474609375 -0.013824462890625
0.0874099731445313 -0.0157928466796875 0.0804672241210937 -0.0368194580078125
0.0656166076660156 -0.0369758605957031 0.0633087158203125 -0.0437774658203125
0.0313301086425781 -0.0681495666503906 0.0450592041015625 -0.0585975646972656
0.00206756591796875 -0.0782928466796875 0.0287895202636719 -0.0525169372558594
-0.00226593017578125 -0.0742568969726563 0.0213050842285156 -0.0296859741210938
-0.0130081176757812 -0.0857391357421875 0.02642822265625 -0.0111827850341797
0.000610351562499997 -0.08819580078125 0.0139570236206055 0.0134830474853516
0.0405197143554688 -0.089111328125 0.000577926635742188 0.0297374725341797
0.0716552734375 -0.0736541748046875 -0.0181388854980469 0.0182476043701172
0.108932495117188 -0.0123672485351563 -0.0246677398681641 0.00937461853027344
0.119834899902344 0.0206375122070313 -0.0121879577636719 -0.00409126281738281
0.111358642578125 0.0552597045898437 0.0161886215209961 0.00702190399169922
0.0933380126953125 0.0806808471679687 0.0587310791015625 -0.0370903015136719
0.0913009643554688 0.0614013671875 0.08343505859375 -0.009552001953125
0.10870361328125 0.0359115600585938 0.084930419921875 -0.0057373046875
0.103134155273438 -0.0152740478515625 0.0800704956054688 -0.0285491943359375
0.0776443481445313 -0.039459228515625 0.0542221069335938 -0.0294609069824219
0.0439071655273438 -0.0748825073242188 0.0381889343261719 -0.0345726013183594
0.0156707763671875 -0.0841598510742187 0.0292205810546875 -0.0218734741210938
0.01287841796875 -0.077880859375 0.0263099670410156 -0.00110244750976563
0.0057373046875 -0.0895233154296875 0.0343704223632813 0.0149593353271484
0.0176620483398438 -0.0842056274414063 0.0180740356445313 0.033233642578125
0.0540847778320313 -0.0783233642578125 0.00429153442382813 0.0428123474121094
0.0784378051757813 -0.0595703125 -0.0122165679931641 0.0242710113525391
0.106918334960938 0.00292205810546875 -0.012725830078125 0.00988864898681641
0.109649658203125 0.0361175537109375 0.0167751312255859 -0.00180244445800781
0.09661865234375 0.0667648315429688 0.0520057678222656 0.0301666259765625
0.0691680908203125 0.0736465454101563 0.0860977172851563 -0.00647735595703125
0.076934814453125 0.0601119995117188 0.104972839355469 0.00726318359375
0.0971908569335938 0.0351104736328125 0.0895156860351563 -0.000495910644531248
0.0945510864257813 -0.0110321044921875 0.0729751586914063 -0.0180511474609375
0.0723953247070313 -0.0326766967773438 0.0425071716308594 -0.0127029418945313
0.0473823547363281 -0.0656814575195313 0.0306358337402344 -0.00675392150878907
0.0269851684570313 -0.07501220703125 0.0279693603515625 0.00960159301757812
0.0254249572753906 -0.0698471069335938 0.0271797180175781 0.0263023376464844
0.024322509765625 -0.0801315307617188 0.0329780578613281 0.0393104553222656
0.0343818664550781 -0.0684700012207031 0.0138435363769531 0.0512466430664062
0.0637168884277344 -0.0538406372070313 -9.53674316406213E-05 0.0516815185546875
0.0785369873046875 -0.0335235595703125 -0.0117549896240234 0.0293731689453125
0.08953857421875 0.0246658325195313 -0.00635623931884765 0.0115165710449219
0.0849075317382813 0.052764892578125 0.0380210876464844 0.00513076782226563
0.0669174194335937 0.0726318359375 0.0776443481445312 0.05517578125
0.0317840576171875 0.0555343627929687 0.100410461425781 0.0155105590820313
0.0450096130371094 0.04840087890625 0.114959716796875 0.0180282592773438
0.0619735717773438 0.02947998046875 0.0852127075195313 0.00107574462890625
0.0651702880859375 -0.00173187255859375 0.0623817443847656 -0.00861740112304688
0.0524406433105469 -0.0160636901855469 0.0319385528564453 0.000192642211914061
0.0436553955078125 -0.0419769287109375 0.02154541015625 0.0165271759033203
0.0334320068359375 -0.052825927734375 0.0239601135253906 0.0372352600097656
0.0348434448242188 -0.050811767578125 0.023895263671875 0.0502586364746094
0.03826904296875 -0.0589103698730469 0.0247344970703125 0.0620803833007813
0.0459060668945312 -0.0449256896972656 0.00218963623046875 0.0646400451660156
0.0640068054199219 -0.0252113342285156 -0.0110397338867188 0.0582313537597656
0.0677947998046875 -0.00426101684570313 -0.0164890289306641 0.0338897705078125
0.0626373291015625 0.0426559448242188 -0.00558280944824219 0.0157575607299805
0.0479507446289063 0.0611686706542969 0.0470046997070313 0.01983642578125
0.0282630920410156 0.0670967102050781 0.0895538330078125 0.0814895629882813
-0.0116405487060547 0.0307254791259766 0.100669860839844 0.0278549194335938
0.00335311889648437 0.0314960479736328 0.111183166503906 0.0210113525390625
0.0144500732421875 0.0236530303955078 0.07635498046875 -0.000122070312499999
0.0249309539794922 0.0140304565429688 0.0520210266113281 -0.00253677368164062
0.0258331298828125 0.00885009765625 0.0218620300292969 0.00685310363769532
0.0371246337890625 -0.00861740112304688 0.0146255493164063 0.0291709899902344
0.0381317138671875 -0.0215606689453125 0.0180587768554688 0.0541191101074219
0.0384559631347656 -0.0244865417480469 0.0159645080566406 0.0660896301269531
0.0442123413085938 -0.0309867858886719 0.00975799560546875 0.0776748657226563
0.0454330444335938 -0.0189094543457031 -0.0157241821289062 0.0746307373046875
0.0520553588867188 0.000186920166015625 -0.02691650390625 0.060302734375
0.0475082397460938 0.0148887634277344 -0.0258331298828125 0.0373725891113281
0.0305099487304687 0.0464210510253906 -0.0125179290771484 0.0228099822998047
0.00905609130859376 0.05670166015625 0.0419425964355469 0.0364837646484375
-0.0125885009765625 0.0506591796875 0.0860137939453125 0.103500366210938
0.0548210144042969 -0.0230712890625 -0.087127685546875 -0.105743408203125
0.0118026733398437 -0.0388069152832031 -0.0376205444335938 -0.0496635437011719
-0.00761032104492188 -0.0328598022460938 0.0235023498535156 -0.0223026275634766
-0.0226078033447266 -0.0216922760009766 0.0482864379882813 -0.0418815612792969
-0.0243740081787109 -0.0126266479492187 0.05023193359375 -0.0637893676757813
-0.0357551574707031 0.000728607177734368 0.0260238647460937 -0.0905838012695313
-0.0398521423339844 0.00361251831054688 -0.00464630126953125 -0.0979156494140625
-0.0370635986328125 0.000286102294921868 -0.0149612426757813 -0.078155517578125
-0.0426902770996094 -0.00289916992187499 -0.0180244445800781 -0.059112548828125
-0.0333194732666016 -0.0213623046875 -0.016387939453125 -0.0341930389404297
-0.0165634155273437 -0.0370407104492188 -0.0259666442871094 -0.00953483581542969
0.00426864624023438 -0.0376930236816406 -0.0457229614257813 -0.00144577026367188
0.0291328430175781 -0.0279388427734375 -0.0722885131835938 -0.00150299072265625
0.0437774658203125 -0.0223808288574219 -0.105148315429688 -0.00701141357421877
0.0577125549316406 -0.012359619140625 -0.0964889526367188 -0.0313720703125
0.08807373046875 0.00994110107421875 -0.0579071044921875 -0.110488891601563
0.0458106994628906 -0.0131912231445313 -0.0128974914550781 -0.0560569763183594
0.0315456390380859 -0.0153865814208984 0.0391120910644531 -0.0261611938476563
0.0148983001708984 -0.0226879119873047 0.0617942810058594 -0.0460853576660156
0.00682830810546875 -0.0236778259277344 0.0601997375488281 -0.0641059875488281
-0.0160923004150391 -0.0276660919189453 0.0383148193359375 -0.0914993286132813
-0.0314846038818359 -0.0308742523193359 0.00804138183593749 -0.0974960327148438
-0.0318069458007813 -0.0319080352783203 -0.00385284423828125 -0.0736160278320313
-0.0418128967285156 -0.0400733947753906 -0.00516510009765625 -0.0539512634277344
-0.0284652709960938 -0.0561180114746094 -0.00803947448730469 -0.0261421203613281
0.00287628173828124 -0.0686302185058594 -0.0177001953125 -0.000980377197265633
0.0335807800292969 -0.0631141662597656 -0.0367660522460938 0.00262069702148437
0.0712203979492187 -0.0287628173828125 -0.0562667846679687 0.00406265258789064
0.0877227783203125 -0.011566162109375 -0.0798568725585938 -0.00501251220703123
0.0963897705078125 0.0113067626953125 -0.0685653686523438 -0.0254631042480469
0.109786987304688 0.0423736572265625 -0.0214004516601563 -0.0997772216796875
0.076751708984375 0.0180435180664063 0.0181007385253906 -0.0511550903320313
0.071990966796875 0.0060272216796875 0.0567207336425781 -0.0251731872558594
0.0565605163574219 -0.0220947265625 0.073516845703125 -0.0480575561523438
0.0398445129394531 -0.0346870422363281 0.0647850036621094 -0.0614051818847656
0.00750350952148437 -0.0541839599609375 0.0434112548828125 -0.0838165283203125
-0.0188026428222656 -0.0622444152832031 0.0174407958984375 -0.0851593017578125
-0.0219345092773438 -0.0602340698242188 0.00763320922851562 -0.0589485168457031
-0.0349807739257813 -0.0709152221679688 0.00994110107421875 -0.0389785766601563
-0.0207748413085938 -0.0813217163085938 0.00280380249023437 -0.0102291107177734
0.018829345703125 -0.0915756225585938 -0.00807857513427734 0.0128021240234375
0.0543441772460938 -0.0819015502929688 -0.0274906158447266 0.00950622558593749
0.100593566894531 -0.029815673828125 -0.0400581359863281 0.00785064697265626
0.117111206054687 -0.002349853515625 -0.0485458374023437 -0.00468063354492188
0.120223999023437 0.0308303833007813 -0.0305709838867187 -0.0137996673583984
0.118186950683594 0.0667037963867187 0.0188751220703125 -0.0771560668945313
0.0984115600585938 0.0437393188476563 0.0518951416015625 -0.036712646484375
0.106948852539062 0.0211715698242187 0.07415771484375 -0.0194244384765625
0.0909576416015625 -0.0243988037109375 0.08038330078125 -0.0448989868164063
0.0669136047363281 -0.0443572998046875 0.0620079040527344 -0.0516586303710937
0.0276260375976563 -0.07501220703125 0.0420646667480469 -0.0667877197265625
-0.00492095947265625 -0.0838623046875 0.0233039855957031 -0.0600776672363281
-0.00877380371093751 -0.078887939453125 0.0175914764404297 -0.034515380859375
-0.0216827392578125 -0.090179443359375 0.0239925384521484 -0.0175609588623047
-0.00829315185546874 -0.093231201171875 0.0135564804077148 0.00883388519287109
0.0332565307617187 -0.0993576049804688 0.00122261047363282 0.0268573760986328
0.067962646484375 -0.0860748291015625 -0.0184764862060547 0.0166454315185547
0.115493774414063 -0.02496337890625 -0.0249519348144531 0.00854301452636719
0.129188537597656 0.00978851318359375 -0.0151605606079101 -0.00665664672851562
0.125358581542969 0.04864501953125 0.0123386383056641 0.00241661071777344
0.109375 0.0784378051757812 0.0580406188964844 -0.0473518371582031
0.1043701171875 0.0584335327148437 0.0843353271484375 -0.0186080932617187
0.121917724609375 0.0282135009765625 0.0864791870117188 -0.012725830078125
0.108993530273437 -0.0260086059570313 0.0802078247070312 -0.0353622436523437
0.0800552368164063 -0.049346923828125 0.0544700622558594 -0.0353965759277344
0.0399703979492188 -0.0843124389648438 0.0370559692382813 -0.0405731201171875
0.0081787109375 -0.0923538208007813 0.0268688201904297 -0.0277538299560547
0.00580596923828124 -0.0855026245117188 0.0250720977783203 -0.00488471984863282
-0.00405120849609374 -0.09710693359375 0.0331192016601563 0.00946044921875
0.0102386474609375 -0.0918426513671875 0.0190391540527344 0.0303363800048828
0.0495147705078125 -0.0894927978515625 0.00548553466796875 0.0405540466308594
0.0783157348632813 -0.0728225708007813 -0.0128803253173828 0.0228519439697266
0.115768432617187 -0.00791168212890625 -0.0125703811645508 0.00794410705566406
0.122474670410156 0.0283050537109375 0.0155439376831055 -0.00652503967285156
0.112167358398438 0.0638198852539063 0.0536384582519531 0.0233840942382813
0.0823745727539063 0.0746841430664063 0.0911483764648438 -0.0166854858398437
0.0887832641601563 0.05914306640625 0.10992431640625 -0.0023193359375
0.109237670898438 0.0294647216796875 0.0920867919921875 -0.00762939453125
0.101493835449219 -0.0214691162109375 0.0738525390625 -0.0238265991210938
0.0750045776367188 -0.0425567626953125 0.0431442260742188 -0.0157585144042969
0.04400634765625 -0.0757904052734375 0.0303592681884766 -0.0101509094238281
0.0197067260742187 -0.0851898193359375 0.0291824340820313 0.00786590576171874
0.0188980102539062 -0.0793075561523438 0.0290756225585938 0.0250339508056641
0.0159225463867187 -0.0895843505859375 0.0351104736328125 0.0366630554199219
0.0296173095703125 -0.0778045654296875 0.0159149169921875 0.049957275390625
0.0625381469726563 -0.0664634704589844 0.00215530395507813 0.0514068603515625
0.082305908203125 -0.0456008911132813 -0.01141357421875 0.0288581848144531
0.101005554199219 0.0174484252929687 -0.00514793395996093 0.00946712493896484
0.0978164672851563 0.0486068725585938 0.03924560546875 -0.000789642333984372
0.0810089111328125 0.0727691650390625 0.08544921875 0.04925537109375
0.0410003662109375 0.0588455200195313 0.110176086425781 0.00615692138671875
0.054168701171875 0.0500602722167969 0.123344421386719 0.0084228515625
0.0718917846679687 0.0274124145507812 0.089508056640625 -0.005584716796875
0.0715408325195312 -0.00923919677734375 0.0641670227050781 -0.0124473571777344
0.0558090209960937 -0.023406982421875 0.0329341888427734 0.000186920166015624
0.0415573120117188 -0.05145263671875 0.0243434906005859 0.0160045623779297
0.0292930603027344 -0.0625991821289063 0.0287055969238281 0.0375556945800781
0.0295791625976563 -0.0603218078613281 0.0281105041503906 0.0512123107910156
0.0321426391601563 -0.0696640014648438 0.02838134765625 0.0625572204589844
0.0425491333007813 -0.0548782348632813 0.00458145141601563 0.0670051574707031
0.0660400390625 -0.03662109375 -0.00963211059570312 0.0594367980957031
0.0741043090820313 -0.0143966674804688 -0.0159664154052734 0.0334815979003906
0.0740280151367188 0.039306640625 -0.00402164459228515 0.0149526596069336
0.060455322265625 0.0626182556152344 0.0517616271972656 0.0142631530761719
0.0395355224609375 0.0716476440429688 0.101165771484375 0.076202392578125
-0.00717544555664063 0.0365104675292969 0.113388061523438 0.0197067260742188
0.00890350341796875 0.0363044738769531 0.121124267578125 0.0124359130859375
0.0215282440185547 0.0257968902587891 0.079742431640625 -0.00621795654296875
0.0307197570800781 0.0110187530517578 0.05328369140625 -0.00507736206054687
0.0298881530761719 0.00510215759277344 0.0236072540283203 0.00815963745117188
0.037200927734375 -0.0154380798339844 0.0176639556884766 0.0320415496826172
0.0365409851074219 -0.0304412841796875 0.0255203247070313 0.0572013854980469
0.0359878540039063 -0.0328865051269531 0.02252197265625 0.0688629150390625
0.0408134460449219 -0.0408515930175781 0.0162429809570312 0.081573486328125
0.0450515747070313 -0.0281829833984375 -0.0118408203125 0.0797348022460938
0.0558586120605469 -0.009063720703125 -0.0249519348144531 0.0641136169433594
0.0542640686035156 0.0088653564453125 -0.0250587463378906 0.0391883850097656
0.0400161743164063 0.0467567443847656 -0.0102996826171875 0.0236721038818359
0.0189361572265625 0.0612945556640625 0.0481109619140625 0.0334510803222656
-0.00611495971679688 0.0574722290039063 0.100479125976563 0.101104736328125
0.0516090393066406 -0.0304222106933594 -0.101219177246094 -0.101150512695312
0.00563812255859375 -0.0412368774414063 -0.0455398559570313 -0.0458984375
-0.0134983062744141 -0.0328350067138672 0.0218257904052734 -0.0233745574951172
-0.0272617340087891 -0.0174922943115234 0.0461654663085938 -0.0451583862304688
-0.0264339447021484 -0.00830078125 0.0466842651367187 -0.0690040588378906
-0.0349082946777344 0.00657081604003907 0.0194168090820313 -0.0955886840820313
-0.0383338928222656 0.00902175903320313 -0.0144424438476563 -0.101402282714844
-0.0354347229003906 0.00587844848632813 -0.0236358642578125 -0.0800628662109375
-0.0418701171875 0.00352096557617188 -0.0266685485839844 -0.0607070922851563
-0.0354080200195313 -0.0157814025878906 -0.0212020874023438 -0.0363540649414063
-0.0212917327880859 -0.0326881408691406 -0.028228759765625 -0.00968551635742187
-0.00178909301757812 -0.0374679565429688 -0.0469245910644531 0.00123596191406251
0.0239009857177734 -0.03326416015625 -0.073455810546875 0.00370025634765625
0.0406417846679688 -0.0309104919433594 -0.110313415527344 0.00258636474609376
0.0567512512207031 -0.0214157104492188 -0.106735229492188 -0.0233383178710937
0.0905609130859375 0.00067138671875 -0.0721664428710938 -0.108863830566406
0.043914794921875 -0.0174674987792969 -0.0213470458984375 -0.0554580688476563
0.0297908782958984 -0.0179462432861328 0.0367202758789063 -0.0289306640625
0.0119876861572266 -0.0230236053466797 0.0585823059082031 -0.0514640808105469
0.00489044189453125 -0.0233116149902344 0.0568771362304688 -0.07049560546875
-0.017669677734375 -0.0253219604492188 0.0314788818359375 -0.0979537963867188
-0.0337314605712891 -0.02813720703125 -0.00226593017578125 -0.102249145507813
-0.0337905883789063 -0.029296875 -0.0128860473632812 -0.0770034790039063
-0.0455856323242188 -0.0350303649902344 -0.0136222839355469 -0.0570945739746094
-0.0338630676269531 -0.0523414611816406 -0.0127449035644531 -0.0293178558349609
-0.00519180297851562 -0.0684165954589844 -0.0195598602294922 -0.00254631042480469
0.0256271362304687 -0.0667953491210938 -0.0381965637207031 0.00372314453125
0.0682449340820313 -0.037933349609375 -0.0566635131835937 0.00719451904296876
0.087371826171875 -0.0234909057617188 -0.0845947265625 0.00173187255859374
0.0995635986328125 -0.000396728515625 -0.078399658203125 -0.0206146240234375
0.1173095703125 0.0326690673828125 -0.034149169921875 -0.102409362792969
0.0796661376953125 0.011474609375 0.00995635986328125 -0.0540809631347656
0.0748748779296875 -0.00035858154296875 0.0545310974121094 -0.0291519165039063
0.0549049377441406 -0.0272865295410156 0.0704269409179688 -0.0543670654296875
0.0388412475585938 -0.0385513305664062 0.061279296875 -0.0681304931640625
0.00374221801757813 -0.0561866760253906 0.0364761352539062 -0.0914840698242187
-0.024932861328125 -0.0615806579589844 0.007904052734375 -0.0898208618164063
-0.0276336669921875 -0.0594367980957031 -0.000160217285156257 -0.0616073608398438
-0.0418128967285156 -0.0684394836425781 0.00246810913085938 -0.0434150695800781
-0.0291061401367187 -0.0796966552734375 -0.00112342834472656 -0.0140008926391602
0.00895690917968751 -0.0946807861328125 -0.00916957855224609 0.0101804733276367
0.0457992553710938 -0.0889663696289062 -0.0287284851074219 0.00951385498046875
0.09918212890625 -0.0425186157226563 -0.0405807495117187 0.00874328613281249
0.120033264160156 -0.0163497924804688 -0.0528450012207031 -0.00220870971679689
0.127571105957031 0.0181503295898438 -0.0382575988769531 -0.013275146484375
0.129570007324219 0.057220458984375 0.00983428955078126 -0.082672119140625
0.106239318847656 0.03619384765625 0.0462913513183594 -0.0428314208984375
0.113388061523438 0.0115737915039063 0.0722732543945313 -0.0254287719726563
0.0916213989257813 -0.0341033935546875 0.0778427124023438 -0.0518035888671875
0.0652580261230469 -0.05224609375 0.0592308044433594 -0.0578842163085938
0.0212249755859375 -0.0795669555664063 0.0367507934570313 -0.073272705078125
-0.013519287109375 -0.0861740112304688 0.0163955688476562 -0.0650367736816406
-0.0164794921875 -0.0806045532226563 0.0125274658203125 -0.0378265380859375
-0.0323486328125 -0.0906753540039063 0.0186538696289062 -0.0223274230957031
-0.0182342529296875 -0.0947113037109375 0.0114641189575195 0.00504875183105468
0.0234146118164063 -0.104927062988281 0.00139427185058594 0.0235576629638672
0.0602264404296875 -0.0959625244140625 -0.0197277069091797 0.0158100128173828
0.11669921875 -0.0384445190429688 -0.0255317687988281 0.00814437866210938
0.135009765625 -0.00415802001953125 -0.0189380645751953 -0.00782012939453125
0.136222839355469 0.0371627807617187 0.00798845291137696 -0.000751972198486326
0.121955871582031 0.0715484619140625 0.0541343688964844 -0.0556602478027344
0.114608764648438 0.0510787963867188 0.0818328857421875 -0.0270767211914062
0.131210327148438 0.0172348022460938 0.0853729248046875 -0.0199813842773438
0.110252380371094 -0.038055419921875 0.07763671875 -0.042816162109375
0.0790863037109375 -0.0591201782226563 0.0521965026855469 -0.0400276184082031
0.0326309204101562 -0.0909576416015625 0.0336227416992188 -0.0458908081054688
-0.00164794921875 -0.097503662109375 0.0232582092285156 -0.0319766998291016
-0.0032196044921875 -0.0895233154296875 0.0230979919433594 -0.00730323791503907
-0.0155410766601563 -0.100357055664063 0.031585693359375 0.00449562072753906
0.000663757324218747 -0.096405029296875 0.0185985565185547 0.0272235870361328
0.0410690307617188 -0.0987396240234375 0.00670242309570313 0.0378646850585937
0.0733108520507813 -0.084136962890625 -0.0130443572998047 0.0216789245605469
0.120201110839844 -0.0202407836914063 -0.0128107070922851 0.00630569458007813
0.131340026855469 0.0158233642578125 0.0133399963378906 -0.0110712051391602
0.124481201171875 0.054595947265625 0.0530357360839844 0.0167160034179688
0.094512939453125 0.07037353515625 0.0918807983398438 -0.0274124145507813
0.0997390747070313 0.0536117553710938 0.111129760742187 -0.0123977661132812
0.118789672851563 0.0201416015625 0.0916595458984375 -0.0155792236328125
0.103172302246094 -0.03399658203125 0.0724334716796875 -0.0295333862304688
0.07421875 -0.0526962280273438 0.0433349609375 -0.0184783935546875
0.037078857421875 -0.0843276977539063 0.0295276641845703 -0.0129375457763672
0.01007080078125 -0.09149169921875 0.0295963287353516 0.00481986999511718
0.0104293823242188 -0.0853500366210938 0.0302352905273438 0.0235252380371094
0.00449371337890625 -0.0952301025390625 0.0364761352539063 0.0336380004882812
0.0204620361328125 -0.084686279296875 0.01800537109375 0.048553466796875
0.0569381713867188 -0.0772933959960938 0.00459671020507813 0.0501136779785156
0.0798721313476562 -0.057037353515625 -0.0109710693359375 0.0274448394775391
0.108512878417969 0.00701141357421875 -0.00497293472290038 0.00778102874755859
0.108932495117187 0.0402908325195313 0.0393104553222656 -0.00667572021484375
0.09381103515625 0.0680694580078125 0.0886764526367187 0.0397415161132813
0.0506591796875 0.0586738586425781 0.116233825683594 -0.00482177734375
0.0634078979492188 0.0471267700195313 0.126922607421875 -0.00350189208984375
0.080078125 0.021881103515625 0.0899658203125 -0.013763427734375
0.0742950439453125 -0.0177230834960938 0.0633316040039063 -0.0170326232910156
0.0562553405761719 -0.0313606262207031 0.0331935882568359 -0.000707626342773439
0.0366935729980469 -0.0598678588867188 0.0260982513427734 0.01519775390625
0.0212326049804687 -0.069732666015625 0.0331192016601563 0.0361175537109375
0.0223960876464844 -0.0673179626464844 0.0330848693847656 0.0506134033203125
0.0228424072265625 -0.077178955078125 0.03338623046875 0.0612754821777344
0.0363121032714844 -0.0634422302246094 0.0081787109375 0.067535400390625
0.0638771057128906 -0.0476570129394531 -0.00687408447265625 0.0598640441894531
0.0760040283203125 -0.025360107421875 -0.015045166015625 0.0330543518066406
0.0837326049804688 0.0331268310546875 -0.00287532806396484 0.013331413269043
0.0716476440429688 0.0591201782226563 0.0534858703613281 0.00803756713867188
0.0509567260742188 0.0712738037109375 0.109657287597656 0.0673828125
-0.0018768310546875 0.0399932861328125 0.121604919433594 0.0082855224609375
0.0151863098144531 0.0387191772460938 0.126754760742188 0.000869750976562502
0.02801513671875 0.0257797241210938 0.0794448852539063 -0.0128936767578125
0.0351104736328125 0.00700950622558594 0.053436279296875 -0.0086822509765625
0.0330638885498047 0.000406265258789063 0.0245208740234375 0.00838279724121094
0.0352516174316406 -0.0222740173339844 0.0225467681884766 0.0332088470458984
0.0322608947753906 -0.0376396179199219 0.0323143005371094 0.057830810546875
0.0309829711914063 -0.0392265319824219 0.0299072265625 0.0695266723632813
0.0349960327148438 -0.0484199523925781 0.0230484008789063 0.082672119140625
0.0413856506347656 -0.03594970703125 -0.00746917724609375 0.0822219848632813
0.0562782287597656 -0.0184555053710938 -0.0221824645996094 0.0667495727539063
0.0580863952636719 0.000873565673828125 -0.0235481262207031 0.0398483276367187
0.0489768981933594 0.0435295104980469 -0.00876998901367187 0.0232467651367188
0.0285911560058594 0.0620155334472656 0.0536537170410156 0.0280609130859375
0.00267410278320313 0.0614700317382813 0.112068176269531 0.0933074951171875
0.0475578308105469 -0.0358619689941406 -0.110481262207031 -0.0926132202148438
0.000286102294921879 -0.0412445068359375 -0.0508651733398437 -0.0407066345214844
-0.0183200836181641 -0.0314311981201172 0.0197334289550781 -0.0236015319824219
-0.0294456481933594 -0.0136013031005859 0.0441017150878906 -0.0468940734863281
-0.0266513824462891 -0.00468063354492188 0.0431137084960938 -0.0722732543945313
-0.0325660705566406 0.010894775390625 0.0133819580078125 -0.09783935546875
-0.0354652404785156 0.0134162902832031 -0.023101806640625 -0.101280212402344
-0.0331974029541016 0.00895690917968749 -0.0314102172851563 -0.0792617797851563
-0.0387344360351563 0.00864028930664062 -0.0333442687988281 -0.0601234436035156
-0.0350704193115234 -0.0105304718017578 -0.0254135131835938 -0.0371475219726563
-0.0244617462158203 -0.0284595489501953 -0.0294303894042969 -0.00999069213867187
-0.0069122314453125 -0.0358009338378906 -0.0470314025878906 0.00281906127929687
0.0187110900878906 -0.0362586975097656 -0.073089599609375 0.00767517089843749
0.0359611511230469 -0.0358085632324219 -0.111785888671875 0.0104141235351563
0.0536460876464844 -0.0282440185546875 -0.113517761230469 -0.0142135620117188
0.0900115966796875 -0.00658416748046875 -0.0833587646484375 -0.103599548339844
0.0412559509277344 -0.0204353332519531 -0.028411865234375 -0.0528450012207031
0.0276470184326172 -0.0202617645263672 0.0344085693359375 -0.0299434661865234
0.00976753234863281 -0.0223846435546875 0.0556373596191406 -0.0547981262207031
0.00395393371582032 -0.0222930908203125 0.0522537231445312 -0.0741806030273438
-0.0176467895507813 -0.0225334167480469 0.0242233276367188 -0.101089477539063
-0.0350227355957031 -0.0248050689697266 -0.0115280151367188 -0.103515625
-0.0348033905029297 -0.0256233215332031 -0.0206832885742188 -0.0767059326171875
-0.0465278625488281 -0.0304412841796875 -0.0211982727050781 -0.0574073791503906
-0.0373725891113281 -0.0474472045898438 -0.0171623229980469 -0.0305767059326172
-0.0114822387695312 -0.0660400390625 -0.0212383270263672 -0.00395584106445313
0.0187644958496094 -0.0681953430175781 -0.0384597778320313 0.00435638427734375
0.0633659362792969 -0.0447616577148438 -0.0566177368164062 0.00909042358398437
0.0842666625976563 -0.0323486328125 -0.087066650390625 0.00699615478515623
0.0998382568359375 -0.01043701171875 -0.0854721069335937 -0.0143966674804687
0.121185302734375 0.0235137939453125 -0.0447998046875 -0.100166320800781
0.0805130004882813 0.0063018798828125 0.00279617309570313 -0.0532913208007813
0.0759429931640625 -0.00612640380859375 0.0521011352539063 -0.0313796997070313
0.0530624389648438 -0.0306320190429688 0.0660781860351563 -0.0585174560546875
0.0366897583007813 -0.0406227111816406 0.0567626953125 -0.0721282958984375
0.000534057617187494 -0.0555191040039063 0.0292205810546875 -0.0949859619140625
-0.0295791625976563 -0.0599861145019531 -0.00141143798828126 -0.0921554565429688
-0.0310592651367188 -0.0577239990234375 -0.00720977783203125 -0.0622596740722656
-0.0476913452148438 -0.0650978088378906 -0.00461959838867188 -0.0446548461914063
-0.03509521484375 -0.07659912109375 -0.00506114959716797 -0.0165891647338867
0.000381469726562502 -0.0945358276367188 -0.0106315612792969 0.00769519805908202
0.0368728637695312 -0.092010498046875 -0.0291996002197266 0.00893020629882812
0.0950088500976563 -0.0517196655273438 -0.0398139953613281 0.00920867919921875
0.118843078613281 -0.0279769897460938 -0.0560188293457031 0.000381469726562499
0.130256652832031 0.0068359375 -0.0445022583007812 -0.0100822448730469
0.136398315429688 0.04827880859375 0.00138092041015625 -0.0841903686523437
0.109893798828125 0.0287246704101563 0.0394821166992188 -0.0450363159179688
0.11639404296875 0.00310516357421875 0.0690536499023438 -0.0290603637695313
0.0896835327148437 -0.0415496826171875 0.0724716186523438 -0.05523681640625
0.0631141662597656 -0.0575065612792969 0.0550880432128906 -0.0608558654785156
0.015899658203125 -0.0818099975585938 0.030303955078125 -0.0769500732421875
-0.021087646484375 -0.0858993530273438 0.00896835327148438 -0.0673942565917969
-0.0228195190429687 -0.0803146362304688 0.00709152221679687 -0.0383071899414063
-0.0408554077148438 -0.0883331298828125 0.0133571624755859 -0.0252494812011719
-0.0257644653320313 -0.0940017700195313 0.00844287872314453 0.00242185592651367
0.0136795043945313 -0.106758117675781 0.000131607055664065 0.0209083557128906
0.0515899658203125 -0.101654052734375 -0.0206470489501953 0.0149879455566406
0.114166259765625 -0.0486297607421875 -0.0259819030761719 0.00708770751953125
0.135971069335938 -0.016754150390625 -0.0225543975830078 -0.00853157043457031
0.1412353515625 0.02569580078125 0.00267553329467774 -0.00236654281616211
0.130119323730469 0.0625228881835938 0.0481300354003906 -0.0607795715332031
0.120361328125 0.0423049926757813 0.077545166015625 -0.032562255859375
0.13494873046875 0.0069732666015625 0.0827713012695313 -0.0246963500976563
0.108177185058594 -0.0480499267578125 0.0736007690429688 -0.0461883544921875
0.0755462646484375 -0.0666351318359375 0.0497627258300781 -0.0422477722167969
0.025543212890625 -0.09515380859375 0.0291290283203125 -0.0481834411621094
-0.0107955932617187 -0.0982284545898438 0.0191383361816406 -0.0336532592773438
-0.0113143920898437 -0.090545654296875 0.0204963684082031 -0.00901412963867188
-0.0257644653320313 -0.0998077392578125 0.0284175872802734 0.00152778625488281
-0.00818634033203126 -0.0972061157226563 0.0174922943115234 0.0237140655517578
0.0320892333984375 -0.103195190429687 0.00661468505859376 0.0345191955566406
0.06610107421875 -0.0915679931640625 -0.0136165618896484 0.0197334289550781
0.120704650878906 -0.0306930541992188 -0.0136032104492187 0.00452232360839844
0.135162353515625 0.0045928955078125 0.00997257232666016 -0.0144853591918945
0.131538391113281 0.0451736450195313 0.0499916076660156 0.0113258361816406
0.103591918945313 0.06402587890625 0.0898818969726563 -0.0360183715820312
0.106422424316406 0.0456085205078125 0.108352661132813 -0.02197265625
0.123634338378906 0.0102996826171875 0.0896530151367188 -0.0208511352539063
0.101448059082031 -0.0434341430664062 0.069244384765625 -0.0328712463378906
0.0719680786132813 -0.060394287109375 0.04156494140625 -0.0202674865722656
0.0295867919921875 -0.089111328125 0.0284881591796875 -0.0148601531982422
0.000724792480468744 -0.0939865112304688 0.0289535522460938 0.00221633911132812
0.00195312499999999 -0.0871810913085938 0.0310764312744141 0.0218849182128906
-0.00634002685546875 -0.0970993041992187 0.0363578796386719 0.0303764343261719
0.0121536254882813 -0.0879669189453125 0.0182456970214844 0.0464096069335938
0.0501556396484375 -0.0836563110351562 0.00496292114257813 0.0475578308105469
0.075714111328125 -0.06634521484375 -0.0110225677490234 0.0259380340576172
0.112571716308594 -0.002655029296875 -0.00519037246704101 0.0052952766418457
0.115631103515625 0.0315475463867188 0.0372848510742188 -0.0123710632324219
0.102928161621094 0.0615081787109375 0.0888442993164063 0.032196044921875
0.05804443359375 0.0558357238769531 0.117568969726563 -0.01544189453125
0.0699729919433594 0.043975830078125 0.126693725585937 -0.0137939453125
0.0857696533203125 0.01556396484375 0.0876007080078125 -0.0188064575195313
0.0747146606445313 -0.0253982543945312 0.0612258911132813 -0.0201148986816406
0.0554656982421875 -0.03790283203125 0.0334339141845703 -0.00142478942871094
0.0309906005859375 -0.0646896362304688 0.0277118682861328 0.0141582489013672
0.0130691528320313 -0.0738983154296875 0.0360527038574219 0.0345687866210937
0.0152587890625 -0.0706710815429687 0.0366401672363281 0.048828125
0.012725830078125 -0.080596923828125 0.0363121032714844 0.0582504272460937
0.0299301147460938 -0.0682334899902344 0.0106887817382813 0.0668144226074219
0.0592155456542969 -0.056304931640625 -0.0044097900390625 0.0590019226074219
0.074371337890625 -0.0341033935546875 -0.014007568359375 0.0327720642089844
0.0890655517578125 0.025726318359375 -0.00227642059326171 0.0115289688110352
0.080291748046875 0.0535736083984375 0.053955078125 0.001708984375
0.060211181640625 0.0686798095703125 0.113151550292969 0.0579910278320313
0.00380325317382812 0.0422630310058594 0.126014709472656 -0.001800537109375
0.0212783813476563 0.038299560546875 0.128402709960938 -0.009063720703125
0.0338039398193359 0.0239334106445313 0.0782852172851563 -0.0183334350585938
0.0376739501953125 0.0020751953125 0.0523490905761719 -0.0106010437011719
0.0334873199462891 -0.00486183166503906 0.0260906219482422 0.00894546508789063
0.0324897766113281 -0.0279197692871094 0.0264663696289063 0.0326099395751953
0.0265541076660156 -0.0420951843261719 0.0388526916503906 0.0560226440429688
0.0254936218261719 -0.0432968139648438 0.0364723205566406 0.068267822265625
0.0278739929199219 -0.0531806945800781 0.0287322998046875 0.0813751220703125
0.0358963012695313 -0.0416831970214844 -0.00307464599609376 0.0834274291992188
0.0540313720703125 -0.0258674621582031 -0.01873779296875 0.0672683715820312
0.0586776733398438 -0.0069732666015625 -0.02252197265625 0.0398521423339844
0.0552864074707031 0.0394744873046875 -0.00679397583007812 0.0225658416748047
0.0361557006835938 0.0605926513671875 0.0559425354003906 0.0219802856445313
0.0103912353515625 0.062469482421875 0.119194030761719 0.0839385986328125
0.0435714721679688 -0.0392799377441406 -0.116020202636719 -0.0859298706054688
-0.0041046142578125 -0.0402679443359375 -0.0545005798339844 -0.0361671447753906
-0.0218925476074219 -0.0292625427246094 0.0192584991455078 -0.0230712890625
-0.0302734375 -0.00983047485351563 0.0419387817382813 -0.0480690002441406
-0.0263385772705078 -0.00187110900878907 0.0402984619140625 -0.0743942260742187
-0.0298061370849609 0.0137348175048828 0.0093841552734375 -0.0982437133789063
-0.0323104858398438 0.0158977508544922 -0.028839111328125 -0.100540161132813
-0.0303363800048828 0.0115394592285156 -0.0370559692382813 -0.0786056518554688
-0.0357246398925781 0.0113372802734375 -0.0389862060546875 -0.0593681335449219
-0.0343284606933594 -0.00695610046386719 -0.0284843444824219 -0.0374107360839844
-0.0263690948486328 -0.0244159698486328 -0.0313930511474609 -0.0109577178955078
-0.0105533599853516 -0.0338172912597656 -0.0471725463867188 0.00307083129882812
0.014495849609375 -0.0384712219238281 -0.0725936889648437 0.00982666015625
0.03155517578125 -0.0396652221679687 -0.112457275390625 0.0165176391601563
0.0503501892089844 -0.0328102111816406 -0.117790222167969 -0.00785064697265625
0.0889816284179688 -0.0118026733398438 -0.0907440185546875 -0.0989608764648438
0.0390853881835937 -0.0222015380859375 -0.0334815979003906 -0.0494384765625
0.0256099700927734 -0.0207347869873047 0.0325698852539062 -0.0299930572509766
0.008331298828125 -0.0210552215576172 0.0528945922851563 -0.055938720703125
0.00333213806152344 -0.0215644836425781 0.0497207641601562 -0.0765228271484375
-0.0173931121826172 -0.0208072662353516 0.0193405151367188 -0.102851867675781
-0.03515625 -0.0225372314453125 -0.0185165405273437 -0.103683471679688
-0.034576416015625 -0.0238971710205078 -0.0264053344726563 -0.076171875
-0.0463943481445312 -0.0275726318359375 -0.0274734497070313 -0.0569839477539062
-0.0386810302734375 -0.0441627502441406 -0.0208473205566406 -0.0318984985351563
-0.0153045654296875 -0.0637130737304688 -0.0228843688964844 -0.00486183166503907
0.0127677917480469 -0.0678787231445313 -0.03887939453125 0.00459671020507811
0.0587806701660156 -0.0489234924316406 -0.056060791015625 0.00941848754882812
0.0808944702148438 -0.0393753051757813 -0.0887680053710938 0.0109329223632813
0.0985183715820313 -0.0175323486328125 -0.0909271240234375 -0.00937652587890627
0.122627258300781 0.0169601440429688 -0.0523300170898438 -0.0978469848632813
0.080902099609375 0.002410888671875 -0.0028839111328125 -0.0520858764648438
0.0757522583007813 -0.0101165771484375 0.0495071411132813 -0.0318870544433594
0.0514106750488281 -0.0327529907226563 0.063201904296875 -0.0599784851074219
0.0357170104980469 -0.0422439575195313 0.0539169311523438 -0.0739669799804688
-0.001678466796875 -0.055145263671875 0.024444580078125 -0.0968017578125
-0.0327911376953125 -0.0583534240722656 -0.0079498291015625 -0.0920028686523438
-0.0337638854980469 -0.0560379028320312 -0.0123519897460938 -0.06207275390625
-0.0509033203125 -0.0612449645996094 -0.0104141235351563 -0.0452308654785156
-0.03851318359375 -0.0734939575195313 -0.00815773010253907 -0.0179061889648438
-0.00584411621093751 -0.0926971435546875 -0.0125198364257813 0.00580120086669921
0.0307998657226563 -0.0939102172851562 -0.0300216674804687 0.0085601806640625
0.09222412109375 -0.05804443359375 -0.0405311584472656 0.00860595703125
0.116813659667969 -0.036376953125 -0.0585403442382812 0.00264739990234376
0.131416320800781 -0.00133514404296875 -0.0502891540527344 -0.00790405273437499
0.139915466308594 0.0406417846679688 -0.00514984130859375 -0.0847702026367188
0.112762451171875 0.0226593017578125 0.0342941284179688 -0.0456886291503906
0.118385314941406 -0.0042266845703125 0.066802978515625 -0.0301704406738281
0.0880966186523438 -0.0460662841796875 0.0695610046386719 -0.0567817687988281
0.0610923767089844 -0.0618171691894531 0.0528640747070313 -0.0625495910644531
0.0113449096679687 -0.0830001831054688 0.0261154174804688 -0.0786514282226562
-0.0266189575195313 -0.0852890014648438 0.00365447998046875 -0.067962646484375
-0.0274505615234375 -0.0798492431640625 0.00341033935546875 -0.0384368896484375
-0.0463790893554688 -0.0864639282226562 0.00817680358886718 -0.0257129669189453
-0.0309066772460937 -0.090850830078125 0.0054469108581543 0.000880241394042963
0.00726318359374999 -0.107521057128906 -0.00174331665039063 0.0188236236572266
0.0453643798828125 -0.104393005371094 -0.021820068359375 0.0136470794677734
0.111976623535156 -0.056610107421875 -0.0263824462890625 0.00551605224609375
0.135459899902344 -0.0261688232421875 -0.0257911682128906 -0.0082855224609375
0.144271850585938 0.0176239013671875 -0.00213623046874999 -0.00190997123718262
0.135879516601563 0.0555953979492187 0.0440483093261719 -0.0638885498046875
0.124244689941406 0.035797119140625 0.0732574462890625 -0.0357742309570313
0.137351989746094 -0.00078582763671875 0.0804061889648438 -0.0261459350585938
0.106170654296875 -0.0548934936523438 0.0709228515625 -0.0474624633789063
0.0730514526367188 -0.0721588134765625 0.048095703125 -0.0432929992675781
0.020294189453125 -0.0969467163085938 0.0261039733886719 -0.0495033264160156
-0.0180206298828125 -0.0986862182617188 0.0154876708984375 -0.0343589782714844
-0.0168533325195312 -0.0909881591796875 0.0189285278320313 -0.00891876220703126
-0.0332870483398437 -0.0988235473632812 0.0251998901367187 3.05175781249939E-05
-0.0147323608398437 -0.0966415405273438 0.0151519775390625 0.0223808288574219
0.0249710083007813 -0.105812072753906 0.00525856018066407 0.0323696136474609
0.060333251953125 -0.09649658203125 -0.0145282745361328 0.0193271636962891
0.1207275390625 -0.038787841796875 -0.0143165588378906 0.00260639190673828
0.136878967285156 -0.004852294921875 0.00645732879638673 -0.0168170928955078
0.13671875 0.037109375 0.0466194152832031 0.00844573974609375
0.109916687011719 0.0583343505859375 0.0877685546875 -0.0414962768554687
0.110931396484375 0.0404434204101563 0.105712890625 -0.0263748168945312
0.127365112304688 0.00289154052734375 0.08740234375 -0.0237655639648438
0.100006103515625 -0.0505599975585938 0.0668563842773438 -0.0340690612792969
0.0692291259765625 -0.0661239624023438 0.041015625 -0.0209426879882813
0.0238571166992188 -0.0918731689453125 0.0276546478271484 -0.0163993835449219
-0.00760650634765624 -0.0948867797851563 0.0282573699951172 0.00141906738281249
-0.00429534912109374 -0.0881576538085938 0.0317478179931641 0.0208816528320312
-0.0143356323242188 -0.0972137451171875 0.0357208251953125 0.0283851623535156
0.00607299804687501 -0.0894622802734375 0.0174980163574219 0.0450477600097656
0.0437164306640625 -0.0883407592773438 0.00429153442382813 0.0461311340332031
0.0717086791992188 -0.072418212890625 -0.012054443359375 0.0246486663818359
0.114814758300781 -0.0099334716796875 -0.00582361221313476 0.00315761566162109
0.119476318359375 0.0239944458007813 0.0345783233642578 -0.0151710510253906
0.109237670898438 0.0563812255859375 0.0875701904296875 0.0269241333007813
0.0641326904296875 0.0528793334960938 0.117813110351562 -0.023468017578125
0.0744171142578125 0.0394058227539062 0.125762939453125 -0.0202865600585937
0.0895156860351562 0.00998687744140625 0.08544921875 -0.0214004516601563
0.0742721557617188 -0.0308380126953125 0.0602073669433594 -0.0206871032714844
0.0541839599609375 -0.0434532165527344 0.0340785980224609 -0.00167465209960938
0.0262413024902344 -0.0683555603027344 0.0294284820556641 0.0130329132080078
0.00644683837890625 -0.0749435424804688 0.0380783081054688 0.0327911376953125
0.00896453857421874 -0.0724945068359375 0.0395164489746094 0.0477523803710938
0.00582885742187499 -0.0822677612304688 0.0377998352050781 0.0568885803222656
0.0233306884765625 -0.0705413818359375 0.0110893249511719 0.066741943359375
0.0546836853027344 -0.0610542297363281 -0.00429916381835937 0.0580062866210938
0.0726394653320313 -0.041046142578125 -0.0146350860595703 0.0317935943603516
0.0934219360351563 0.0190582275390625 -0.00223541259765624 0.0103254318237305
0.0862503051757813 0.0480804443359375 0.0527191162109375 -0.00302886962890625
0.0671501159667969 0.0656967163085938 0.114219665527344 0.0512237548828125
0.00904464721679687 0.0421600341796875 0.128181457519531 -0.00982666015625
0.0259552001953125 0.038177490234375 0.129051208496094 -0.0164108276367187
0.0383148193359375 0.0219802856445313 0.0761795043945313 -0.0212326049804688
0.0395927429199219 -0.00185012817382813 0.05218505859375 -0.0111160278320313
0.0342445373535156 -0.00858116149902344 0.0275440216064453 0.0102348327636719
0.0291938781738281 -0.0315895080566406 0.0289211273193359 0.0323963165283203
0.0217323303222656 -0.0446395874023438 0.0426597595214844 0.0546340942382813
0.0210418701171875 -0.0455856323242187 0.040618896484375 0.0668411254882813
0.0218772888183594 -0.055877685546875 0.032806396484375 0.0802459716796875
0.0315971374511719 -0.044769287109375 -0.000854492187499998 0.08453369140625
0.05108642578125 -0.0314407348632813 -0.0173072814941406 0.0675201416015625
0.0588150024414063 -0.0123291015625 -0.0215721130371094 0.0394363403320313
0.0601615905761719 0.0353279113769531 -0.00599479675292969 0.0209178924560547
0.0423088073730469 0.0581550598144531 0.0574378967285156 0.0176315307617188
0.0163650512695312 0.0621986389160156 0.122283935546875 0.0769577026367187
0.0410079956054688 -0.0417327880859375 -0.121803283691406 -0.0825958251953125
-0.00701522827148438 -0.0405120849609375 -0.0579299926757812 -0.033477783203125
-0.0248661041259766 -0.0283489227294922 0.0190410614013672 -0.0229415893554688
-0.0312023162841797 -0.00704574584960938 0.0420761108398438 -0.0494918823242188
-0.0263729095458984 0.000661849975585942 0.0395889282226562 -0.076385498046875
-0.0281562805175781 0.0164947509765625 0.00725555419921874 -0.100967407226562
-0.0304794311523438 0.0178241729736328 -0.0336761474609375 -0.10198974609375
-0.0287666320800781 0.0130176544189453 -0.0414581298828125 -0.0791015625
-0.0336341857910156 0.0133075714111328 -0.0434226989746094 -0.0585250854492188
-0.0332107543945313 -0.00416755676269532 -0.0321769714355469 -0.0389518737792969
-0.0266571044921875 -0.021820068359375 -0.0330085754394531 -0.0116176605224609
-0.0130672454833984 -0.0324192047119141 -0.0479164123535156 0.00288009643554687
0.0106544494628906 -0.0397453308105469 -0.0732803344726563 0.0105438232421875
0.0281906127929688 -0.0425262451171875 -0.115203857421875 0.0206451416015625
0.0488700866699219 -0.0367851257324219 -0.123497009277344 -0.00253295898437503
0.0892181396484375 -0.0156936645507813 -0.0967559814453125 -0.0965347290039063
0.0377273559570313 -0.02288818359375 -0.0378761291503906 -0.0468788146972656
0.0244712829589844 -0.0218296051025391 0.0320320129394531 -0.0301055908203125
0.00745964050292969 -0.0207042694091797 0.0523948669433594 -0.0570487976074219
0.00379562377929688 -0.0212173461914062 0.0483474731445313 -0.0787353515625
-0.0169162750244141 -0.0199947357177734 0.0165023803710937 -0.105422973632813
-0.0357589721679688 -0.0209846496582031 -0.0241546630859375 -0.104362487792969
-0.0347614288330078 -0.0228195190429688 -0.0314559936523438 -0.076568603515625
-0.0469894409179687 -0.0257148742675781 -0.0323677062988281 -0.0574111938476562
-0.039306640625 -0.0414581298828125 -0.0242691040039062 -0.0332794189453125
-0.0175628662109375 -0.0620765686035156 -0.0250835418701172 -0.00597572326660156
0.00941848754882813 -0.0680313110351563 -0.0402679443359375 0.00397872924804686
0.056549072265625 -0.0531387329101563 -0.05694580078125 0.00971603393554687
0.0788116455078125 -0.0443878173828125 -0.0919876098632813 0.0140914916992188
0.098907470703125 -0.0233612060546875 -0.096771240234375 -0.00493621826171873
0.125785827636719 0.0120849609375 -0.05841064453125 -0.0974502563476562
0.0815200805664063 4.57763671875E-05 -0.00756835937499999 -0.0509262084960938
0.07745361328125 -0.01318359375 0.0491867065429688 -0.0322952270507813
0.050933837890625 -0.034698486328125 0.0619850158691406 -0.0614547729492188
0.0359115600585938 -0.0448646545410156 0.0528945922851563 -0.0766677856445313
-0.00274276733398438 -0.0559921264648438 0.0208511352539063 -0.0996170043945313
-0.0356788635253906 -0.0572853088378906 -0.0134506225585938 -0.0935211181640625
-0.0359306335449219 -0.056243896484375 -0.0167007446289063 -0.0625419616699219
-0.0533676147460937 -0.0601768493652344 -0.0153007507324219 -0.0450859069824219
-0.041595458984375 -0.0725479125976562 -0.0121364593505859 -0.0194282531738281
-0.0098876953125 -0.0928115844726563 -0.0148172378540039 0.00456237792968749
0.0260772705078125 -0.0957183837890625 -0.0320587158203125 0.00804901123046875
0.0902633666992188 -0.0633621215820313 -0.0418434143066406 0.00796890258789063
0.116065979003906 -0.0435333251953125 -0.0619354248046875 0.00434112548828125
0.133682250976563 -0.0079345703125 -0.0552749633789062 -0.00455856323242188
0.145111083984375 0.0365447998046875 -0.00995635986328123 -0.0855560302734375
0.115745544433594 0.0190353393554688 0.030487060546875 -0.0461196899414062
0.120765686035156 -0.0095367431640625 0.0661087036132813 -0.0300025939941406
0.087432861328125 -0.0507888793945313 0.0688018798828125 -0.058624267578125
0.0606155395507813 -0.0656852722167969 0.0522880554199219 -0.0648727416992188
0.00893402099609376 -0.0849761962890625 0.0228042602539063 -0.0809555053710937
-0.031036376953125 -0.0856552124023437 -0.000751495361328126 -0.0691604614257813
-0.0310211181640625 -0.0809402465820313 0.000251770019531249 -0.0386543273925781
-0.0514450073242188 -0.0854721069335938 0.00454902648925781 -0.0259799957275391
-0.0354080200195313 -0.090850830078125 0.00199389457702636 -6.91413879394587E-05
0.0020294189453125 -0.109443664550781 -0.00353431701660156 0.0178050994873047
0.0409011840820313 -0.109092712402344 -0.0231990814208984 0.0128421783447266
0.112205505371094 -0.0632171630859375 -0.0281867980957031 0.00404739379882813
0.136795043945313 -0.0343399047851562 -0.029449462890625 -0.00872421264648438
0.149063110351563 0.0112152099609375 -0.00565528869628905 -0.001068115234375
0.141815185546875 0.051025390625 0.0415802001953125 -0.0665130615234375
0.128860473632813 0.0316619873046875 0.0705413818359375 -0.037567138671875
0.142059326171875 -0.007415771484375 0.0799636840820313 -0.0269088745117188
0.105415344238281 -0.0601272583007813 0.070343017578125 -0.0484237670898438
0.0728302001953125 -0.077362060546875 0.0484085083007813 -0.0446243286132813
0.0160140991210938 -0.0999603271484375 0.0248184204101563 -0.05133056640625
-0.024017333984375 -0.0992813110351562 0.0130748748779297 -0.0350837707519531
-0.02191162109375 -0.0925674438476563 0.0179290771484375 -0.00985527038574219
-0.0392074584960938 -0.0987167358398437 0.0227680206298828 -0.000566482543945319
-0.0199432373046875 -0.097808837890625 0.0134391784667969 0.0212497711181641
0.0203094482421875 -0.1092529296875 0.00383949279785157 0.0318870544433594
0.0558395385742188 -0.101425170898438 -0.0161952972412109 0.0179691314697266
0.122283935546875 -0.045684814453125 -0.0163288116455078 0.00131511688232422
0.140205383300781 -0.0113296508789063 0.00344085693359376 -0.0181350708007813
0.143234252929688 0.0323333740234375 0.0439987182617188 0.0075836181640625
0.115592956542969 0.054718017578125 0.0875396728515625 -0.0462722778320313
0.115020751953125 0.0366668701171875 0.105178833007813 -0.0304718017578125
0.131401062011719 -0.00348663330078125 0.0872726440429688 -0.0246505737304687
0.100204467773438 -0.0568618774414063 0.0671005249023438 -0.0343551635742188
0.0686798095703125 -0.0716171264648438 0.0423622131347656 -0.0212020874023438
0.0199737548828125 -0.0951080322265625 0.0273456573486328 -0.0170173645019531
-0.0137863159179687 -0.0968551635742187 0.0277824401855469 0.000982284545898432
-0.00939941406250001 -0.090423583984375 0.0327663421630859 0.0205726623535156
-0.0203857421875 -0.098358154296875 0.0349388122558594 0.0283718109130859
0.000953674316406242 -0.0911483764648438 0.0173797607421875 0.0453414916992188
0.0400314331054688 -0.09259033203125 0.00362396240234376 0.0457229614257812
0.0694351196289063 -0.0783538818359375 -0.0130405426025391 0.0243301391601562
0.118217468261719 -0.0163116455078125 -0.00657558441162109 0.00164937973022461
0.124374389648438 0.01800537109375 0.0324268341064453 -0.0188331604003906
0.116806030273438 0.0519943237304688 0.0867843627929688 0.0244827270507813
0.0693817138671875 0.0511856079101563 0.119865417480469 -0.0288925170898437
0.079315185546875 0.0374832153320313 0.127128601074219 -0.0252914428710937
0.094085693359375 0.0063018798828125 0.085845947265625 -0.0238113403320312
0.07501220703125 -0.0371017456054687 0.0608367919921875 -0.0208778381347656
0.0541496276855469 -0.0480270385742187 0.0359649658203125 -0.000995635986328128
0.0222396850585938 -0.0718536376953125 0.0301399230957031 0.0131378173828125
0.00106048583984375 -0.0775299072265625 0.0405044555664063 0.0317230224609375
0.00416564941406249 -0.0749359130859375 0.0428733825683594 0.04766845703125
-3.05175781249914E-05 -0.084320068359375 0.0387840270996094 0.056610107421875
0.0197067260742188 -0.0735397338867188 0.0118179321289062 0.0676994323730469
0.0519294738769531 -0.0660514831542969 -0.00434494018554687 0.0579338073730469
0.0717239379882813 -0.04608154296875 -0.0154037475585937 0.0313663482666016
0.098419189453125 0.0141830444335938 -0.00245952606201171 0.00812768936157227
0.0920791625976562 0.04461669921875 0.0527496337890625 -0.00641250610351562
0.0736541748046875 0.0644149780273438 0.115737915039063 0.0474014282226563
0.0125236511230469 0.0424995422363281 0.132286071777344 -0.0165481567382812
0.0303001403808594 0.0375709533691406 0.130996704101563 -0.0220718383789062
0.0426177978515625 0.0202751159667969 0.076934814453125 -0.0229568481445313
0.0410690307617188 -0.00547027587890625 0.0526008605957031 -0.0110092163085938
0.035003662109375 -0.0120849609375 0.02935791015625 0.0109386444091797
0.0269126892089844 -0.0351791381835938 0.0323143005371094 0.0329189300537109
0.0179252624511719 -0.0475006103515625 0.0464859008789062 0.0534896850585937
0.0177383422851562 -0.0479278564453125 0.0451774597167969 0.0670814514160156
0.0171928405761719 -0.0579605102539062 0.0359039306640625 0.0808029174804687
0.0285301208496094 -0.048095703125 0.000572204589843752 0.0858154296875
0.0495872497558594 -0.0359992980957031 -0.0170440673828125 0.0684089660644531
0.0584373474121094 -0.0174217224121094 -0.0218086242675781 0.0394172668457031
0.0646171569824219 0.0324058532714844 -0.00443840026855468 0.0192470550537109
0.0471000671386719 0.0568504333496094 0.0588150024414063 0.0144157409667969
0.0211868286132813 0.0627403259277344 0.126663208007813 0.0736846923828125
0.039093017578125 -0.0445556640625 -0.130050659179688 -0.0797500610351563
-0.0104026794433594 -0.0400657653808594 -0.0615386962890625 -0.0294342041015625
-0.0283203125 -0.0266571044921875 0.0191116333007813 -0.0230865478515625
-0.0331020355224609 -0.00401878356933593 0.0422592163085937 -0.0517234802246094
-0.026336669921875 0.00349807739257812 0.03887939453125 -0.0800933837890625
-0.0260658264160156 0.0191078186035156 0.00410461425781251 -0.105003356933594
-0.0286598205566406 0.0202713012695313 -0.0400238037109375 -0.103874206542969
-0.0277671813964844 0.0144367218017578 -0.0477142333984375 -0.0798187255859375
-0.0318717956542969 0.0156288146972656 -0.0495452880859375 -0.0592041015625
-0.0324745178222656 -0.00177383422851562 -0.0365257263183594 -0.040252685546875
-0.0277462005615234 -0.0196437835693359 -0.0358543395996094 -0.0122871398925781
-0.0163402557373047 -0.031463623046875 -0.0500679016113281 0.00289154052734375
0.00706863403320313 -0.0413627624511719 -0.0756149291992188 0.0121994018554687
0.0248527526855469 -0.0463104248046875 -0.118453979492188 0.0261688232421875
0.0470657348632812 -0.041717529296875 -0.131111145019531 0.00408935546875001
0.0912551879882813 -0.0206680297851563 -0.105842590332031 -0.09490966796875
0.03759765625 -0.0246429443359375 -0.0424728393554688 -0.0444450378417969
0.0240135192871094 -0.0231151580810547 0.0320777893066406 -0.0305328369140625
0.00709152221679688 -0.020721435546875 0.052825927734375 -0.0601348876953125
0.00311851501464844 -0.0216579437255859 0.048095703125 -0.0833053588867188
-0.017333984375 -0.0191154479980469 0.01300048828125 -0.109901428222656
-0.0362968444824219 -0.0195846557617187 -0.0307235717773438 -0.107208251953125
-0.0360794067382813 -0.0226173400878906 -0.037445068359375 -0.07781982421875
-0.0480690002441406 -0.0240402221679687 -0.0385093688964844 -0.0573616027832031
-0.0409698486328125 -0.0404815673828125 -0.0289516448974609 -0.0342884063720703
-0.0208320617675781 -0.0613899230957031 -0.0281257629394531 -0.0073089599609375
0.00559234619140625 -0.0694847106933594 -0.0425071716308594 0.00388336181640625
0.0542373657226563 -0.0575752258300781 -0.0594978332519531 0.0103988647460937
0.0772933959960938 -0.0508956909179688 -0.0965042114257812 0.0186309814453125
0.100448608398438 -0.0296096801757813 -0.103668212890625 0.000213623046874977
0.131080627441406 0.00687408447265625 -0.0656814575195312 -0.0973281860351563
0.0844879150390625 -0.003143310546875 -0.011993408203125 -0.0499229431152344
0.0796890258789063 -0.0173110961914063 0.0494422912597656 -0.0331077575683594
0.0513496398925781 -0.0378952026367188 0.0626487731933594 -0.0645370483398438
0.0353431701660156 -0.0482559204101563 0.052581787109375 -0.0806350708007813
-0.00465011596679688 -0.058135986328125 0.0175018310546875 -0.104316711425781
-0.0388374328613281 -0.0575408935546875 -0.0195159912109375 -0.0958328247070312
-0.03948974609375 -0.0569343566894531 -0.0214805603027344 -0.0635871887207031
-0.0577621459960937 -0.0596122741699219 -0.0207252502441406 -0.0461502075195313
-0.0454864501953125 -0.0714035034179688 -0.0159053802490234 -0.0201320648193359
-0.0148162841796875 -0.094757080078125 -0.0173244476318359 0.00423717498779296
0.0215225219726563 -0.099609375 -0.0344333648681641 0.00814056396484374
0.0894851684570312 -0.0710678100585938 -0.0442085266113281 0.00790405273437501
0.116836547851562 -0.052581787109375 -0.0663414001464843 0.00716400146484375
0.138641357421875 -0.0156173706054688 -0.0611495971679687 -0.00135040283203124
0.152877807617188 0.0303497314453125 -0.0157928466796875 -0.0878753662109375
0.120880126953125 0.0147018432617188 0.0264701843261719 -0.047149658203125
0.126335144042969 -0.015899658203125 0.0674934387207031 -0.0313529968261719
0.0885772705078125 -0.0569305419921875 0.0690269470214844 -0.0613632202148438
0.0609512329101563 -0.0720596313476563 0.0526809692382813 -0.06842041015625
0.00490570068359374 -0.0884628295898437 0.0195999145507813 -0.084259033203125
-0.0365829467773438 -0.0864181518554688 -0.00526428222656251 -0.0704879760742187
-0.0366973876953125 -0.0822525024414063 -0.00194931030273438 -0.0391998291015625
-0.0575027465820312 -0.0856704711914063 0.000488281249999999 -0.0264701843261719
-0.0409927368164063 -0.0919876098632813 -0.000204026699066165 -0.000944912433624273
-0.0039825439453125 -0.112663269042969 -0.00545978546142578 0.0170307159423828
0.03662109375 -0.114173889160156 -0.0252094268798828 0.0129585266113281
0.112991333007813 -0.0721664428710938 -0.0299396514892578 0.00292205810546875
0.139892578125 -0.0436325073242188 -0.0332126617431641 -0.00775527954101563
0.156524658203125 0.0036773681640625 -0.00984096527099609 -0.000128746032714845
0.151138305664063 0.0455322265625 0.0391998291015625 -0.0707855224609375
0.135276794433594 0.0274124145507813 0.0691108703613281 -0.0401840209960938
0.148162841796875 -0.0152587890625 0.0811843872070313 -0.0288543701171875
0.106697082519531 -0.0684280395507813 0.0712509155273438 -0.051055908203125
0.0719833374023438 -0.0849075317382813 0.0493507385253906 -0.0470695495605469
0.0109939575195312 -0.104896545410156 0.0225715637207031 -0.0534286499023438
-0.0308074951171875 -0.101913452148438 0.0113983154296875 -0.0357589721679688
-0.0278472900390625 -0.095550537109375 0.0174140930175781 -0.0093832015991211
-0.046844482421875 -0.0999755859375 0.0208797454833984 -0.000593185424804694
-0.025665283203125 -0.099853515625 0.0116100311279297 0.0217800140380859
0.0148086547851563 -0.113555908203125 0.00291633605957032 0.0316619873046875
0.0532989501953125 -0.108497619628906 -0.0184879302978516 0.0182743072509766
0.125251770019531 -0.055084228515625 -0.0176296234130859 -0.000286102294921881
0.145095825195313 -0.0207061767578125 0.000743865966796884 -0.0199546813964844
0.152053833007813 0.0263671875 0.0430984497070313 0.00676345825195313
0.123817443847656 0.0512008666992188 0.08837890625 -0.0518035888671875
0.122283935546875 0.0324478149414063 0.105377197265625 -0.0354843139648438
0.138214111328125 -0.0107040405273437 0.0885009765625 -0.026763916015625
0.1004638671875 -0.0645523071289063 0.0684280395507813 -0.0367050170898438
0.0681228637695313 -0.0794754028320313 0.0445671081542969 -0.0223617553710938
0.014434814453125 -0.100776672363281 0.0272884368896484 -0.0187931060791016
-0.0209426879882813 -0.0994644165039062 0.0289096832275391 0.000278472900390619
-0.0155105590820313 -0.0935592651367188 0.0348415374755859 0.0208530426025391
-0.0285491943359375 -0.100166320800781 0.0358543395996094 0.0279159545898437
-0.00453186035156249 -0.094085693359375 0.01702880859375 0.0468177795410156
0.0355377197265625 -0.0989227294921875 0.00381088256835938 0.0458984375
0.0674362182617188 -0.085723876953125 -0.0140419006347656 0.0245456695556641
0.123527526855469 -0.0241928100585937 -0.00786495208740234 -5.05447387695335E-05
0.131065368652344 0.01141357421875 0.0311832427978516 -0.0219631195068359
0.12530517578125 0.0486526489257813 0.0887908935546875 0.0215682983398438
0.07611083984375 0.049560546875 0.1231689453125 -0.0364456176757813
0.0852890014648437 0.035186767578125 0.129127502441406 -0.0315780639648438
0.100296020507812 0.00091552734375 0.0874404907226563 -0.0264358520507813
0.0759124755859375 -0.0433273315429688 0.0626258850097656 -0.0229721069335938
0.0545272827148438 -0.0543060302734375 0.0381851196289063 -0.00102615356445313
0.0181884765625 -0.0762557983398437 0.0326213836669922 0.0124435424804687
-0.00479888916015624 -0.080810546875 0.0440444946289063 0.0315895080566406
-0.00119018554687499 -0.077880859375 0.0459709167480469 0.0472145080566406
-0.0063934326171875 -0.0865020751953125 0.041748046875 0.0577583312988281
0.0149078369140625 -0.0774612426757813 0.0127410888671875 0.070404052734375
0.0490188598632813 -0.0717010498046875 -0.00438690185546875 0.0600700378417969
0.0718917846679688 -0.0524673461914062 -0.0161380767822266 0.0316047668457031
0.104507446289062 0.0087432861328125 -0.00277662277221679 0.00671005249023438
0.0994949340820313 0.0406570434570313 0.0527572631835938 -0.0107307434082031
0.0817642211914063 0.0630035400390625 0.121200561523438 0.04437255859375
0.0165824890136719 0.0438804626464844 0.137710571289063 -0.0246963500976562
0.0344581604003906 0.0379447937011719 0.134407043457031 -0.0293045043945312
0.0478324890136719 0.0183563232421875 0.0779647827148438 -0.0251083374023438
0.0431861877441406 -0.00917816162109375 0.0550994873046875 -0.0119667053222656
0.03594970703125 -0.0165061950683594 0.0324058532714844 0.0117378234863281
0.0251312255859375 -0.0385513305664063 0.0361404418945313 0.0327529907226563
0.013671875 -0.0503578186035156 0.0527114868164063 0.0533790588378906
0.0135765075683594 -0.0507087707519531 0.0503425598144531 0.0672798156738281
0.0122489929199219 -0.0603561401367187 0.0404815673828125 0.081817626953125
0.0251998901367188 -0.0510749816894531 0.00277709960937501 0.0897445678710937
0.0479698181152344 -0.0413169860839844 -0.016754150390625 0.0708465576171875
0.0593910217285156 -0.0224342346191406 -0.0225372314453125 0.0411643981933594
0.0700798034667969 0.0291252136230469 -0.00426864624023437 0.0191516876220703
0.0538864135742188 0.0558204650878906 0.0612411499023438 0.0107650756835938
0.0271644592285156 0.0640182495117188 0.133682250976563 0.0705337524414063
0.0366859436035156 -0.0492362976074219 -0.140228271484375 -0.0736236572265625
-0.0142440795898438 -0.0403823852539063 -0.0661087036132813 -0.0243072509765625
-0.0322933197021484 -0.0245513916015625 0.0191669464111328 -0.0244960784912109
-0.034576416015625 -0.000518798828124993 0.0415420532226562 -0.0551872253417969
-0.0267086029052734 0.00649261474609375 0.035308837890625 -0.0851898193359375
-0.0240020751953125 0.0219364166259766 -0.00125885009765625 -0.109962463378906
-0.0262603759765625 0.0234241485595703 -0.0490646362304688 -0.105461120605469
-0.0259933471679688 0.016815185546875 -0.0561370849609375 -0.0799789428710938
-0.0297718048095703 0.0182266235351562 -0.057220458984375 -0.05804443359375
-0.0316276550292969 0.000507354736328127 -0.0419502258300781 -0.0403213500976563
-0.0292778015136719 -0.0169124603271484 -0.0393104553222656 -0.0119438171386719
-0.0195808410644531 -0.0297660827636719 -0.0523834228515625 0.00505828857421875
0.00226211547851562 -0.0433197021484375 -0.0780410766601562 0.016265869140625
0.0204849243164062 -0.0501823425292969 -0.122962951660156 0.0357437133789063
0.0446014404296875 -0.046783447265625 -0.139251708984375 0.0146942138671875
0.0929107666015625 -0.0276641845703125 -0.117057800292969 -0.090667724609375
0.0374526977539063 -0.027252197265625 -0.04864501953125 -0.0410118103027344
0.0229225158691406 -0.0250129699707031 0.0318183898925781 -0.0323600769042969
0.00581550598144532 -0.0207939147949219 0.0510520935058594 -0.0645828247070313
0.00249671936035156 -0.0224971771240234 0.0451736450195313 -0.0891265869140625
-0.0176467895507812 -0.0184383392333984 0.00672149658203124 -0.115226745605469
-0.0378761291503906 -0.0170707702636719 -0.0401763916015625 -0.109176635742188
-0.03851318359375 -0.0213241577148438 -0.0451583862304688 -0.077850341796875
-0.0506820678710937 -0.0217170715332031 -0.0458946228027344 -0.0568580627441406
-0.0439186096191406 -0.0381050109863281 -0.0345573425292969 -0.034881591796875
-0.0253982543945313 -0.0608139038085938 -0.0316410064697266 -0.00684547424316407
0.000183105468749995 -0.0716629028320313 -0.0458412170410156 0.00509262084960938
0.0503616333007813 -0.0640525817871094 -0.0620536804199219 0.0131340026855469
0.0747451782226563 -0.0596771240234375 -0.100448608398438 0.02642822265625
0.101890563964844 -0.0383987426757813 -0.11138916015625 0.00892639160156248
0.137115478515625 -0.001617431640625 -0.0763626098632813 -0.0955276489257813
0.0879745483398438 -0.00887298583984375 -0.0180892944335937 -0.0479469299316406
0.0818862915039063 -0.0241775512695313 0.0493545532226563 -0.0352363586425781
0.0506858825683594 -0.0418739318847656 0.0614509582519531 -0.0691108703613281
0.0341796875 -0.0522956848144531 0.0507583618164063 -0.0866241455078125
-0.00803375244140625 -0.0591316223144531 0.011077880859375 -0.109794616699219
-0.0441360473632813 -0.0566215515136719 -0.0280532836914062 -0.09716796875
-0.0448226928710937 -0.0564613342285156 -0.0279808044433594 -0.0638465881347656
-0.0637397766113281 -0.0573387145996094 -0.02703857421875 -0.0459785461425781
-0.0511398315429688 -0.0708465576171875 -0.0199298858642578 -0.0205802917480469
-0.0216751098632813 -0.0964279174804687 -0.019927978515625 0.00388526916503906
0.014862060546875 -0.104148864746094 -0.036865234375 0.00872802734374999
0.0872116088867188 -0.0808181762695313 -0.0469627380371094 0.00871276855468749
0.116249084472656 -0.0640869140625 -0.0706405639648437 0.011810302734375
0.143386840820313 -0.026214599609375 -0.0673408508300781 0.00403594970703126
0.162109375 0.0216064453125 -0.0230789184570312 -0.088714599609375
0.127410888671875 0.0078277587890625 0.0229835510253906 -0.0476036071777344
0.131439208984375 -0.0259475708007812 0.0680809020996094 -0.0346145629882813
0.0879440307617188 -0.0654220581054688 0.068450927734375 -0.0662956237792969
0.0586624145507813 -0.0793304443359375 0.0515670776367188 -0.073516845703125
-9.15527343750055E-05 -0.0924072265625 0.0145492553710938 -0.0887908935546875
-0.04498291015625 -0.0871124267578125 -0.0111618041992187 -0.0719070434570313
-0.0443267822265625 -0.083221435546875 -0.00597763061523438 -0.0398063659667969
-0.06646728515625 -0.0842437744140625 -0.00329971313476563 -0.0266666412353516
-0.0486373901367187 -0.0918655395507812 -0.0026090145111084 -0.00088572502136231
-0.0118026733398437 -0.116477966308594 -0.00706195831298828 0.0169172286987305
0.0287933349609375 -0.120803833007812 -0.0272922515869141 0.0132923126220703
0.112564086914062 -0.0839004516601563 -0.0328445434570312 0.00343894958496093
0.141494750976563 -0.0571746826171875 -0.0375251770019531 -0.00602340698242187
0.164047241210938 -0.0077056884765625 -0.013463020324707 0.00173473358154297
0.161346435546875 0.037353515625 0.0346298217773438 -0.075531005859375
0.14312744140625 0.01934814453125 0.0669212341308594 -0.0443344116210938
0.154708862304687 -0.0269622802734375 0.0831527709960938 -0.0323410034179688
0.105995178222656 -0.0786285400390625 0.071441650390625 -0.0554733276367188
0.0698318481445313 -0.0947341918945313 0.0494880676269531 -0.0513038635253906
0.00427246093750001 -0.109977722167969 0.0194473266601563 -0.0563545227050781
-0.0403671264648438 -0.102973937988281 0.00875854492187499 -0.0373077392578125
-0.0369644165039063 -0.0974197387695313 0.0168294906616211 -0.0105714797973633
-0.0567245483398438 -0.100395202636719 0.0198783874511719 -0.00109481811523438
-0.0343780517578125 -0.1014404296875 0.0117225646972656 0.0221691131591797
0.00678253173828125 -0.119537353515625 0.00250625610351563 0.0316905975341797
0.0466995239257813 -0.117355346679687 -0.0196952819824219 0.0185146331787109
0.127754211425781 -0.0673980712890625 -0.0200347900390625 -0.00117301940917969
0.149215698242188 -0.0336151123046875 -0.00294876098632812 -0.0208892822265625
0.161590576171875 0.0166778564453125 0.0426750183105469 0.00534820556640625
0.1336669921875 0.0449676513671875 0.0882797241210938 -0.060546875
0.1300048828125 0.0255813598632813 0.105926513671875 -0.0423507690429688
0.144454956054687 -0.0214080810546875 0.090362548828125 -0.03125
0.100692749023438 -0.0743484497070312 0.0697593688964844 -0.0404853820800781
0.0658340454101563 -0.0885772705078125 0.0462875366210938 -0.0258216857910156
0.00745391845703125 -0.105712890625 0.0272636413574219 -0.0201530456542969
-0.0304489135742187 -0.1016845703125 0.0301399230957031 -0.000347137451171881
-0.0247268676757812 -0.0961532592773438 0.0379447937011719 0.020172119140625
-0.038238525390625 -0.101707458496094 0.03759765625 0.0278511047363281
-0.012359619140625 -0.0973434448242188 0.0191841125488281 0.0479316711425781
0.0288162231445313 -0.105545043945313 0.00412368774414063 0.0475883483886719
0.06353759765625 -0.0946731567382813 -0.0149765014648437 0.024658203125
0.128204345703125 -0.0355377197265625 -0.00886154174804687 -0.00177192687988281
0.137840270996094 0.00089263916015625 0.0287437438964844 -0.0254783630371094
0.136306762695313 0.0419464111328125 0.0920562744140625 0.0170822143554688
0.084320068359375 0.0459442138671875 0.126091003417969 -0.0459671020507813
0.0919570922851563 0.0305862426757813 0.131355285644531 -0.0414199829101563
0.106353759765625 -0.00720977783203125 0.08892822265625 -0.0305099487304687
0.0763931274414063 -0.0511932373046875 0.0644416809082031 -0.0254631042480469
0.0525588989257812 -0.0623092651367187 0.041259765625 -0.00281524658203125
0.011932373046875 -0.0810775756835938 0.035064697265625 0.0114727020263672
-0.0136489868164063 -0.082672119140625 0.0485572814941406 0.0304527282714844
-0.0085906982421875 -0.0810089111328125 0.0518913269042969 0.0466270446777344
-0.015533447265625 -0.0887832641601562 0.0463600158691406 0.0579605102539062
0.00828552246093751 -0.0817489624023437 0.0168228149414062 0.0729827880859375
0.0441207885742188 -0.0789337158203125 -0.00243377685546874 0.0624542236328125
0.0701522827148438 -0.0611114501953125 -0.0161247253417969 0.0330486297607422
0.110809326171875 0.0002899169921875 -0.00315332412719726 0.00541925430297852
0.107170104980469 0.0344390869140625 0.0528030395507813 -0.0160102844238281
0.0909805297851563 0.059783935546875 0.127128601074219 0.038604736328125
0.0221328735351563 0.0446815490722656 0.143218994140625 -0.0366058349609375
0.040435791015625 0.0367889404296875 0.138397216796875 -0.040191650390625
0.0536346435546875 0.0145759582519531 0.0796356201171875 -0.0298995971679688
0.0444488525390625 -0.0142059326171875 0.057830810546875 -0.0144805908203125
0.0367546081542969 -0.0214004516601563 0.0359764099121094 0.0112838745117187
0.0216331481933594 -0.0431900024414063 0.0407676696777344 0.0324440002441406
0.00831985473632813 -0.053466796875 0.0593185424804688 0.0519561767578125
0.00938796997070313 -0.0537757873535156 0.058349609375 0.0664787292480469
0.00645065307617188 -0.0635414123535156 0.047149658203125 0.0837020874023438
0.0203475952148438 -0.0547370910644531 0.00836944580078126 0.0940933227539062
0.0459976196289062 -0.0469017028808594 -0.01446533203125 0.0748062133789063
0.0596199035644531 -0.0288810729980469 -0.0217437744140625 0.0424995422363281
0.0766525268554688 0.0245285034179688 -0.00317192077636718 0.0180492401123047
0.0614891052246094 0.0535125732421875 0.0635108947753906 0.00536727905273438
0.0346488952636719 0.0645713806152344 0.142959594726562 0.06378173828125
0.0321731567382813 -0.0537033081054688 -0.149734497070313 -0.061798095703125
-0.01824951171875 -0.0387916564941406 -0.0693817138671875 -0.0164985656738281
-0.0363426208496094 -0.0209541320800781 0.0176467895507812 -0.0260086059570312
-0.0349540710449219 0.00392532348632812 0.0380096435546875 -0.0589561462402344
-0.0264396667480469 0.0100917816162109 0.0306396484375 -0.0895843505859375
-0.0207672119140625 0.0248889923095703 -0.00991058349609374 -0.112770080566406
-0.0228595733642578 0.0258979797363281 -0.0602569580078125 -0.103744506835937
-0.023956298828125 0.0191402435302734 -0.0654983520507813 -0.0763931274414063
-0.0270881652832031 0.0204086303710938 -0.0648384094238281 -0.0540618896484375
-0.0305957794189453 0.00376319885253906 -0.048095703125 -0.0388336181640625
-0.0306682586669922 -0.0128211975097656 -0.0419349670410156 -0.0106773376464844
-0.0230579376220703 -0.0270557403564453 -0.0548171997070313 0.00830078124999999
-0.00356292724609375 -0.043701171875 -0.0795211791992188 0.02227783203125
0.0146064758300781 -0.0528907775878906 -0.123275756835937 0.0474395751953125
0.0396270751953125 -0.0526084899902344 -0.14312744140625 0.029754638671875
0.0920944213867188 -0.0361862182617188 -0.128021240234375 -0.08148193359375
0.035797119140625 -0.0305824279785156 -0.0538825988769531 -0.0347023010253906
0.0208969116210938 -0.0272083282470703 0.0309658050537109 -0.0348682403564453
0.00417900085449219 -0.0202560424804688 0.0474929809570313 -0.0687522888183594
0.0012969970703125 -0.0223922729492188 0.0394515991210938 -0.0947418212890625
-0.0179557800292969 -0.0166854858398437 -0.00278472900390626 -0.11871337890625
-0.0388870239257813 -0.014190673828125 -0.0512847900390625 -0.107223510742187
-0.0403060913085938 -0.0191230773925781 -0.0543441772460937 -0.075103759765625
-0.052093505859375 -0.0174598693847656 -0.05377197265625 -0.0533943176269531
-0.0469589233398438 -0.0345687866210938 -0.0400314331054687 -0.0332984924316406
-0.0305366516113281 -0.0583763122558594 -0.0344982147216797 -0.00536155700683594
-0.00662994384765625 -0.0717315673828125 -0.0473060607910156 0.00763320922851561
0.0443077087402344 -0.0696678161621094 -0.0639801025390625 0.0174980163574219
0.0687255859375 -0.0680618286132813 -0.1014404296875 0.0367813110351562
0.0998687744140625 -0.0490646362304688 -0.116256713867188 0.0210342407226563
0.140426635742188 -0.013763427734375 -0.0870208740234375 -0.0895309448242188
0.0893630981445313 -0.016265869140625 -0.0235252380371094 -0.0443801879882813
0.0818328857421875 -0.0318984985351563 0.0484580993652344 -0.0383796691894531
0.0481414794921875 -0.0470199584960938 0.0578460693359375 -0.0745315551757813
0.0312080383300781 -0.0567054748535156 0.045074462890625 -0.092315673828125
-0.0124931335449219 -0.0598030090332031 0.0016632080078125 -0.11236572265625
-0.0497512817382813 -0.053466796875 -0.038055419921875 -0.0961685180664063
-0.0503387451171875 -0.0541152954101563 -0.0347938537597656 -0.0618553161621094
-0.0700759887695313 -0.0524749755859375 -0.0338821411132813 -0.0431709289550781
-0.05767822265625 -0.0668258666992187 -0.0248470306396484 -0.0192375183105469
-0.0307540893554688 -0.0950469970703125 -0.0222053527832031 0.00462722778320312
0.00516510009765624 -0.106491088867187 -0.0387496948242188 0.0104827880859375
0.0807571411132813 -0.0908050537109375 -0.0489578247070312 0.0116119384765625
0.110687255859375 -0.0766754150390625 -0.0734100341796875 0.0190200805664062
0.14495849609375 -0.040374755859375 -0.0710372924804687 0.0123214721679688
0.169174194335938 0.00726318359375 -0.03228759765625 -0.0879745483398438
0.130966186523438 -0.00298309326171875 0.0173187255859375 -0.0476875305175781
0.133041381835938 -0.0392532348632813 0.0677108764648438 -0.0384254455566406
0.0836105346679688 -0.0741729736328125 0.0655670166015625 -0.0718536376953125
0.0533981323242188 -0.0876846313476563 0.0473175048828125 -0.0795822143554688
-0.00827789306640626 -0.0938796997070313 0.00690460205078126 -0.0914077758789063
-0.0543899536132813 -0.0840835571289062 -0.0183639526367188 -0.07122802734375
-0.0529327392578125 -0.0814361572265625 -0.009765625 -0.0398445129394531
-0.0757064819335938 -0.07958984375 -0.00754356384277344 -0.0256690979003906
-0.0577926635742188 -0.0887527465820313 -0.00572776794433594 -0.000612258911132818
-0.0230560302734375 -0.116950988769531 -0.00824832916259766 0.0171232223510742
0.0174789428710937 -0.125724792480469 -0.0291271209716797 0.01446533203125
0.10699462890625 -0.0972213745117188 -0.0352325439453125 0.00436019897460937
0.138114929199219 -0.0716552734375 -0.0410308837890625 -0.00231170654296875
0.168685913085938 -0.023345947265625 -0.0159320831298828 0.00473976135253906
0.1700439453125 0.02349853515625 0.0288162231445313 -0.0799407958984375
0.148681640625 0.0068511962890625 0.0629692077636719 -0.0489616394042969
0.15692138671875 -0.0422515869140625 0.083709716796875 -0.0378799438476563
0.101310729980469 -0.0899581909179688 0.0700149536132813 -0.0610313415527344
0.0628890991210938 -0.104850769042969 0.0474929809570313 -0.0560722351074219
-0.00591278076171874 -0.112533569335938 0.0151023864746094 -0.0586357116699219
-0.0518417358398438 -0.100486755371094 0.00527191162109374 -0.038238525390625
-0.0478897094726563 -0.095977783203125 0.0166044235229492 -0.0116815567016602
-0.0682220458984375 -0.0958786010742188 0.0182991027832031 -0.00189208984375001
-0.0446014404296875 -0.0998916625976563 0.0115032196044922 0.0227718353271484
-0.00494384765625001 -0.122344970703125 0.00267219543457031 0.0322780609130859
0.036224365234375 -0.124168395996094 -0.0203723907470703 0.0195407867431641
0.124183654785156 -0.0826263427734375 -0.0225467681884766 -0.00123023986816407
0.148681640625 -0.048614501953125 -0.00765037536621093 -0.0211124420166016
0.168548583984375 0.001434326171875 0.0414009094238281 0.0029754638671875
0.142105102539062 0.0338287353515625 0.084808349609375 -0.0692596435546875
0.135635375976563 0.0152053833007813 0.103012084960938 -0.050384521484375
0.1470947265625 -0.0359344482421875 0.0910873413085938 -0.0372467041015625
0.096405029296875 -0.0859451293945313 0.0689888000488281 -0.0455551147460938
0.0591201782226563 -0.0980148315429688 0.0458412170410156 -0.0296592712402344
-0.00337982177734374 -0.108718872070313 0.0257854461669922 -0.021453857421875
-0.0421524047851563 -0.0997314453125 0.0312767028808594 -0.00261116027832032
-0.035247802734375 -0.0960006713867188 0.04095458984375 0.0172920227050781
-0.049468994140625 -0.099090576171875 0.0391311645507813 0.0263214111328125
-0.0224990844726562 -0.0975494384765625 0.0217399597167969 0.0478515625
0.019012451171875 -0.110458374023438 0.0063934326171875 0.0482978820800781
0.0553512573242188 -0.103248596191406 -0.015594482421875 0.0256271362304687
0.128341674804688 -0.049896240234375 -0.0114002227783203 -0.00275135040283204
0.141250610351563 -0.01263427734375 0.0250110626220703 -0.0291309356689453
0.14520263671875 0.029632568359375 0.0933685302734375 0.009765625
0.09136962890625 0.0399093627929688 0.125450134277344 -0.059661865234375
0.0978851318359375 0.0232086181640625 0.129348754882813 -0.0530624389648438
0.10992431640625 -0.0174942016601563 0.088714599609375 -0.0374603271484375
0.0734786987304688 -0.0605010986328125 0.0650253295898438 -0.0305252075195313
0.0474319458007813 -0.0698432922363281 0.0435371398925781 -0.00582504272460938
0.00327301025390626 -0.0839691162109375 0.0375404357910156 0.00990676879882812
-0.0240707397460937 -0.0826263427734375 0.0528831481933594 0.0270957946777344
-0.0177383422851563 -0.0814971923828125 0.0577545166015625 0.0429153442382812
-0.0254592895507812 -0.0886001586914063 0.0518836975097656 0.0556907653808594
-0.000556945800781252 -0.0830078125 0.0221710205078125 0.0746078491210938
0.0373916625976562 -0.0854644775390625 0.000572204589843753 0.0643577575683594
0.0656089782714844 -0.0694160461425781 -0.0148906707763672 0.0339488983154297
0.114151000976562 -0.0112457275390625 -0.0034797191619873 0.00372791290283203
0.112861633300781 0.0242919921875 0.051055908203125 -0.0218544006347656
0.100326538085938 0.05267333984375 0.131752014160156 0.0279922485351563
0.0273399353027344 0.0431327819824219 0.144485473632813 -0.051116943359375
0.0457954406738281 0.0337181091308594 0.13739013671875 -0.0538253784179687
0.0577392578125 0.00908660888671875 0.0787277221679688 -0.0351104736328125
0.0441398620605469 -0.0200614929199219 0.0587806701660156 -0.0182762145996094
0.0351905822753906 -0.0271873474121094 0.039154052734375 0.00884246826171875
0.015960693359375 -0.04620361328125 0.0453109741210938 0.029632568359375
0.00133132934570312 -0.0545806884765625 0.0667800903320312 0.0475807189941406
0.00251388549804688 -0.0555305480957031 0.0659866333007813 0.0625648498535156
-0.00132369995117187 -0.0647659301757813 0.0557708740234375 0.0814971923828125
0.0139236450195313 -0.0574378967285156 0.01580810546875 0.0962295532226562
0.0410232543945313 -0.0528030395507813 -0.0103607177734375 0.0779800415039062
0.0579910278320313 -0.0355453491210938 -0.0202598571777344 0.0448112487792969
0.0821533203125 0.016754150390625 -0.00261974334716796 0.0164756774902344
0.0687789916992188 0.0481529235839844 0.0648574829101563 -0.0015106201171875
0.0427436828613281 0.0626335144042969 0.150665283203125 0.0528411865234375
0.02630615234375 -0.0557670593261719 -0.15277099609375 -0.0478363037109375
-0.0217361450195313 -0.03656005859375 -0.0698432922363281 -0.00832366943359374
-0.0380020141601563 -0.0157814025878906 0.0157527923583984 -0.0257549285888672
-0.0338077545166016 0.00855255126953124 0.0337753295898438 -0.0605735778808594
-0.0244464874267578 0.01287841796875 0.0241851806640625 -0.0906524658203125
-0.0166072845458984 0.0257930755615234 -0.01812744140625 -0.111297607421875
-0.0190830230712891 0.0269412994384766 -0.0684127807617187 -0.0972900390625
-0.0209846496582031 0.0200119018554687 -0.072296142578125 -0.0694503784179687
-0.0237674713134766 0.0217342376708984 -0.0703811645507813 -0.0474929809570312
-0.0282554626464844 0.00630378723144531 -0.0528450012207031 -0.0349769592285156
-0.0304336547851563 -0.00935745239257812 -0.0438919067382813 -0.00825119018554687
-0.0254631042480469 -0.02325439453125 -0.0549278259277344 0.0119705200195312
-0.008941650390625 -0.0419845581054688 -0.077545166015625 0.0279693603515625
0.007476806640625 -0.05291748046875 -0.118095397949219 0.0583648681640625
0.0331611633300781 -0.0557518005371094 -0.14105224609375 0.0438079833984375
0.087646484375 -0.0446701049804688 -0.133262634277344 -0.067840576171875
0.0323486328125 -0.0328330993652344 -0.0564460754394531 -0.0268402099609375
0.0187034606933594 -0.0282173156738281 0.0277557373046875 -0.035247802734375
0.00288200378417969 -0.01983642578125 0.0423202514648437 -0.0712432861328125
0.000244140625 -0.0221500396728516 0.032958984375 -0.096221923828125
-0.0175838470458984 -0.0150241851806641 -0.012359619140625 -0.117820739746094
-0.037994384765625 -0.0106773376464844 -0.06072998046875 -0.100959777832031
-0.0408973693847656 -0.0161895751953125 -0.0614433288574219 -0.0686683654785156
-0.0524330139160156 -0.0132789611816406 -0.0597648620605469 -0.0470695495605469
-0.0474090576171875 -0.0299110412597656 -0.0443611145019531 -0.0294647216796875
-0.0347747802734375 -0.0535850524902344 -0.036102294921875 -0.00361251831054687
-0.0131568908691406 -0.0688972473144531 -0.0478744506835938 0.0105781555175781
0.0356674194335938 -0.0723342895507813 -0.0628852844238281 0.0220832824707031
0.0596389770507812 -0.0732192993164063 -0.0985641479492188 0.0457839965820312
0.0936355590820313 -0.0579986572265625 -0.115348815917969 0.0329437255859375
0.138137817382813 -0.0267868041992188 -0.0945892333984375 -0.0797653198242188
0.087554931640625 -0.0230560302734375 -0.0276031494140625 -0.0384674072265625
0.0784225463867187 -0.0384521484375 0.045135498046875 -0.0400962829589844
0.043121337890625 -0.0500946044921875 0.0521697998046875 -0.0770034790039063
0.0259590148925781 -0.0593681335449219 0.0382537841796875 -0.095367431640625
-0.0168190002441406 -0.0580406188964844 -0.00811767578125001 -0.111427307128906
-0.05303955078125 -0.0480422973632813 -0.0465164184570313 -0.090972900390625
-0.0546989440917969 -0.04931640625 -0.0403900146484375 -0.05755615234375
-0.0735931396484375 -0.0454864501953125 -0.0382003784179688 -0.0391273498535156
-0.061798095703125 -0.0601425170898438 -0.0281505584716797 -0.0173244476318359
-0.0386199951171875 -0.090240478515625 -0.0233783721923828 0.00555992126464843
-0.00436401367187499 -0.104873657226563 -0.0395736694335937 0.0126609802246094
0.0701904296875 -0.0970611572265625 -0.0497398376464844 0.0141181945800781
0.100700378417969 -0.0854644775390625 -0.0721817016601563 0.0261154174804687
0.139076232910156 -0.0535888671875 -0.0717849731445312 0.0204544067382812
0.168533325195313 -0.0080413818359375 -0.0399398803710937 -0.0833282470703125
0.129592895507813 -0.0139694213867188 0.0118408203125 -0.0447540283203125
0.128669738769531 -0.0513458251953125 0.0648002624511719 -0.0423011779785156
0.0766448974609375 -0.0799179077148437 0.0595855712890625 -0.0755538940429688
0.04486083984375 -0.0925521850585938 0.041015625 -0.0821304321289062
-0.0164718627929688 -0.0922012329101563 -0.00102996826171876 -0.0900115966796875
-0.061065673828125 -0.0774993896484375 -0.0245819091796875 -0.0679931640625
-0.0602798461914062 -0.0761260986328125 -0.01361083984375 -0.0379753112792969
-0.0818099975585938 -0.0712356567382812 -0.0118579864501953 -0.023284912109375
-0.0643768310546875 -0.0819244384765625 -0.00753355026245118 0.000148296356201166
-0.033447265625 -0.11309814453125 -0.00896549224853516 0.017542839050293
0.00594329833984374 -0.12554931640625 -0.0297222137451172 0.0158786773681641
0.096282958984375 -0.105987548828125 -0.0365638732910156 0.00667572021484375
0.128692626953125 -0.083740234375 -0.0430030822753906 0.0016937255859375
0.164932250976563 -0.039093017578125 -0.0180530548095703 0.00801277160644531
0.171493530273438 0.008453369140625 0.020782470703125 -0.080810546875
0.147674560546875 -0.0057373046875 0.0564537048339844 -0.0515213012695313
0.152664184570313 -0.0566253662109375 0.0803451538085938 -0.0425643920898438
0.0924835205078125 -0.097869873046875 0.0649337768554688 -0.0644798278808594
0.0527496337890625 -0.110435485839844 0.0434799194335938 -0.0590896606445313
-0.0160446166992188 -0.110443115234375 0.00995635986328125 -0.0582847595214844
-0.0608367919921875 -0.0938720703125 0.00211715698242187 -0.0369071960449219
-0.0567245483398438 -0.0909805297851563 0.0153827667236328 -0.0127859115600586
-0.0764083862304688 -0.0877304077148438 0.0165596008300781 -0.00248241424560547
-0.052398681640625 -0.0937347412109375 0.0113945007324219 0.0223636627197266
-0.016326904296875 -0.119850158691406 0.0033721923828125 0.0315704345703125
0.0245895385742187 -0.126518249511719 -0.0210494995117187 0.0200939178466797
0.115013122558594 -0.09356689453125 -0.0248031616210937 -0.000595092773437503
0.142044067382813 -0.06219482421875 -0.0114707946777344 -0.0198211669921875
0.16851806640625 -0.0139007568359375 0.0390853881835938 0.000587463378906249
0.145416259765625 0.0209503173828125 0.0780105590820313 -0.0759124755859375
0.136634826660156 0.00318145751953125 0.0962982177734375 -0.0570907592773438
0.143768310546875 -0.04974365234375 0.088134765625 -0.0426101684570313
0.08734130859375 -0.0932235717773438 0.0655899047851563 -0.0497093200683594
0.049560546875 -0.104156494140625 0.0439529418945313 -0.032470703125
-0.0138702392578125 -0.106620788574219 0.0235328674316406 -0.0227832794189453
-0.0518035888671875 -0.0938339233398438 0.0311088562011719 -0.00464057922363282
-0.044769287109375 -0.091827392578125 0.0419998168945312 0.0139846801757812
-0.0591278076171875 -0.0922775268554687 0.0397834777832031 0.0237960815429687
-0.0315170288085938 -0.093963623046875 0.0241775512695312 0.0474052429199219
0.00807189941406251 -0.111297607421875 0.00847625732421875 0.04718017578125
0.0452194213867188 -0.107818603515625 -0.0149726867675781 0.0256385803222656
0.12261962890625 -0.0619735717773437 -0.0133533477783203 -0.00280380249023438
0.138351440429688 -0.0264358520507813 0.02001953125 -0.0311908721923828
0.147506713867187 0.0157470703125 0.091644287109375 0.002899169921875
0.0948028564453125 0.0308685302734375 0.118537902832031 -0.0704574584960938
0.099334716796875 0.0148849487304688 0.122978210449219 -0.0628128051757813
0.10797119140625 -0.0286865234375 0.0861892700195313 -0.042266845703125
0.0671310424804687 -0.0665512084960938 0.0628929138183594 -0.0343208312988281
0.0408172607421875 -0.07513427734375 0.0435867309570312 -0.008575439453125
-0.00543212890624999 -0.0833206176757813 0.0385856628417969 0.00716400146484374
-0.0328292846679688 -0.0781478881835938 0.0555801391601563 0.0217819213867188
-0.0260848999023437 -0.0785751342773438 0.0618095397949219 0.0376243591308594
-0.0342254638671875 -0.0841827392578125 0.0565109252929688 0.0513343811035156
-0.00880432128906251 -0.0813674926757812 0.02752685546875 0.0728836059570313
0.0274887084960938 -0.0879745483398438 0.00473785400390625 0.0639915466308594
0.0583038330078125 -0.0755615234375 -0.01348876953125 0.0341663360595703
0.112983703613281 -0.022857666015625 -0.00489139556884765 0.00189542770385742
0.114021301269531 0.012786865234375 0.0466995239257813 -0.0267181396484375
0.106269836425781 0.0424423217773438 0.1312255859375 0.0168914794921875
0.032257080078125 0.0408744812011719 0.138351440429688 -0.0641708374023438
0.0494308471679687 0.0297088623046875 0.131195068359375 -0.0649642944335938
0.059173583984375 0.00261688232421875 0.0760498046875 -0.039947509765625
0.0422172546386719 -0.0249252319335938 0.0582122802734375 -0.021331787109375
0.0313949584960938 -0.0310649871826172 0.0409278869628906 0.006744384765625
0.00972747802734375 -0.0467605590820313 0.0484161376953125 0.0258598327636719
-0.00584793090820312 -0.0532417297363281 0.0707778930664063 0.0407638549804688
-0.00393295288085937 -0.0547409057617188 0.0720291137695313 0.0557479858398438
-0.00846862792968751 -0.0628013610839844 0.0618515014648438 0.07574462890625
0.0073089599609375 -0.0573005676269531 0.0232391357421875 0.0953216552734375
0.0342559814453125 -0.0562057495117187 -0.00464630126953126 0.0785980224609375
0.0533180236816406 -0.0405921936035156 -0.0176200866699219 0.0450668334960937
0.0834426879882812 0.00791168212890625 -0.00202465057373046 0.0144290924072266
0.0726394653320313 0.0408706665039063 0.062225341796875 -0.00844955444335937
0.0487861633300781 0.0573081970214844 0.1531982421875 0.039581298828125
0.0212249755859375 -0.0558967590332031 -0.150726318359375 -0.0361175537109375
-0.0239620208740234 -0.0335044860839844 -0.0672035217285156 -0.00190734863281249
-0.0380287170410156 -0.0124549865722656 0.0138626098632813 -0.0253067016601563
-0.0322113037109375 0.0116348266601562 0.03082275390625 -0.059814453125
-0.0219268798828125 0.0148410797119141 0.0195465087890625 -0.0894088745117188
-0.0128593444824219 0.0256214141845703 -0.0234222412109375 -0.107666015625
-0.0149288177490234 0.0265274047851563 -0.0728988647460938 -0.090240478515625
-0.0187778472900391 0.0198574066162109 -0.0753402709960938 -0.06231689453125
-0.0208015441894531 0.0211315155029297 -0.07220458984375 -0.0412445068359375
-0.0249691009521484 0.00750160217285156 -0.0553054809570313 -0.0316123962402344
-0.0286769866943359 -0.00585556030273438 -0.0448265075683594 -0.00696182250976563
-0.0259532928466797 -0.0196743011474609 -0.0529823303222656 0.01409912109375
-0.0125999450683594 -0.0390815734863281 -0.0737152099609375 0.0312042236328125
0.00239181518554688 -0.05157470703125 -0.11151123046875 0.0636520385742188
0.0278434753417969 -0.0563011169433594 -0.135337829589844 0.0524673461914062
0.082366943359375 -0.0482940673828125 -0.133529663085938 -0.057159423828125
0.0294895172119141 -0.0333156585693359 -0.0560493469238281 -0.0200576782226563
0.0160636901855469 -0.0284500122070313 0.0255985260009766 -0.0348396301269531
0.00135993957519531 -0.0182228088378906 0.0382232666015625 -0.0705413818359375
-0.00137519836425781 -0.0213718414306641 0.026824951171875 -0.0950393676757813
-0.0172500610351563 -0.0143365859985352 -0.018310546875 -0.113578796386719
-0.0370330810546875 -0.0081024169921875 -0.06573486328125 -0.094024658203125
-0.0402336120605469 -0.0129432678222656 -0.0643692016601563 -0.0628662109375
-0.0508232116699219 -0.00990295410156249 -0.0622596740722656 -0.0416259765625
-0.0466880798339844 -0.0266036987304687 -0.0467033386230469 -0.02679443359375
-0.0357818603515625 -0.0492057800292969 -0.03729248046875 -0.00232696533203125
-0.0168609619140625 -0.0649452209472656 -0.0469779968261719 0.0123291015625
0.0289688110351562 -0.0719985961914063 -0.0608406066894531 0.02398681640625
0.0517501831054688 -0.0741500854492188 -0.0936431884765625 0.0510635375976562
0.08709716796875 -0.0627059936523437 -0.111274719238281 0.0407791137695313
0.133033752441406 -0.0342330932617187 -0.0965728759765625 -0.07049560546875
0.0831069946289063 -0.0277252197265625 -0.0300178527832031 -0.0321044921875
0.074371337890625 -0.0432891845703125 0.0426902770996094 -0.0407752990722656
0.0391921997070313 -0.0507774353027344 0.0468368530273438 -0.0768356323242187
0.0217437744140625 -0.0595207214355469 0.0322418212890625 -0.0942535400390625
-0.0192146301269531 -0.0550575256347656 -0.0143051147460938 -0.107147216796875
-0.053314208984375 -0.0425872802734375 -0.05096435546875 -0.08477783203125
-0.0565948486328125 -0.0449142456054687 -0.0438957214355469 -0.052978515625
-0.074005126953125 -0.039642333984375 -0.0412673950195313 -0.03466796875
-0.0624008178710937 -0.0544624328613281 -0.0306682586669922 -0.01470947265625
-0.0424270629882812 -0.0842361450195313 -0.0243015289306641 0.00613212585449218
-0.0109939575195313 -0.100776672363281 -0.0394859313964844 0.0140457153320312
0.0613784790039063 -0.0985488891601563 -0.0488395690917969 0.0166206359863281
0.0911407470703125 -0.0892257690429688 -0.070098876953125 0.0305557250976562
0.131988525390625 -0.0611114501953125 -0.0702896118164062 0.0263137817382812
0.164199829101563 -0.0183563232421875 -0.0443191528320313 -0.0773162841796875
0.126152038574219 -0.0215682983398438 0.00836944580078126 -0.0409812927246094
0.122032165527344 -0.0585479736328125 0.0616416931152344 -0.0428009033203125
0.06939697265625 -0.0821304321289063 0.0552825927734375 -0.0750732421875
0.0382843017578125 -0.0930404663085937 0.0360336303710938 -0.0818023681640625
-0.02130126953125 -0.0886077880859375 -0.00643157958984375 -0.0868301391601563
-0.063720703125 -0.0708541870117187 -0.0280685424804688 -0.06317138671875
-0.0641517639160156 -0.0698471069335937 -0.0157051086425781 -0.0352058410644531
-0.0846481323242187 -0.06304931640625 -0.0139350891113281 -0.0217323303222656
-0.0664749145507813 -0.07513427734375 -0.00924205780029297 0.0016641616821289
-0.0390167236328125 -0.106460571289062 -0.00950241088867188 0.017547607421875
-0.00208282470703125 -0.12152099609375 -0.0296649932861328 0.0166778564453125
0.0861434936523438 -0.109710693359375 -0.0372734069824219 0.00789642333984375
0.117988586425781 -0.0893936157226563 -0.0435523986816406 0.00578308105468749
0.158828735351563 -0.04876708984375 -0.0192623138427734 0.0107269287109375
0.16778564453125 -0.00274658203125 0.0147933959960938 -0.078765869140625
0.144134521484375 -0.014068603515625 0.05126953125 -0.0499038696289063
0.1455078125 -0.0657196044921875 0.0770034790039063 -0.0438766479492188
0.0830001831054688 -0.101287841796875 0.0602607727050781 -0.0657844543457031
0.0444107055664063 -0.111152648925781 0.0397834777832031 -0.0595741271972656
-0.0231857299804687 -0.105743408203125 0.0059661865234375 -0.0558242797851563
-0.0651931762695313 -0.0856857299804688 -0.000232696533203132 -0.0351715087890625
-0.0614471435546875 -0.0848236083984375 0.0146493911743164 -0.0132341384887695
-0.0807571411132812 -0.0795135498046875 0.0148086547851562 -0.00240421295166016
-0.05712890625 -0.0867691040039063 0.0111713409423828 0.0214080810546875
-0.0235214233398438 -0.115310668945313 0.00343894958496093 0.0301933288574219
0.0151214599609375 -0.12384033203125 -0.0208320617675781 0.0197772979736328
0.1055908203125 -0.0991668701171875 -0.0263538360595703 0.000331878662109374
0.13360595703125 -0.0702972412109375 -0.0141277313232422 -0.0179386138916016
0.16357421875 -0.0247344970703125 0.036102294921875 -0.000522613525390627
0.143096923828125 0.011016845703125 0.0704193115234375 -0.078338623046875
0.13311767578125 -0.004913330078125 0.0889358520507813 -0.0587615966796875
0.137016296386719 -0.0587692260742188 0.0842666625976563 -0.0447616577148438
0.0784912109375 -0.0962371826171875 0.061798095703125 -0.0508880615234375
0.04107666015625 -0.105140686035156 0.04205322265625 -0.0330848693847656
-0.0208053588867188 -0.10235595703125 0.0222282409667969 -0.0219306945800781
-0.0565109252929687 -0.0861892700195313 0.0299472808837891 -0.00609016418457032
-0.0495071411132813 -0.0858383178710938 0.042236328125 0.0104026794433594
-0.0637969970703125 -0.0846405029296875 0.040008544921875 0.0210762023925781
-0.037139892578125 -0.0882797241210937 0.0255775451660156 0.0450859069824219
-0.000541687011718745 -0.108100891113281 0.009185791015625 0.0459365844726563
0.0367660522460937 -0.107376098632813 -0.0148391723632813 0.0252037048339844
0.115020751953125 -0.0690383911132813 -0.0150232315063477 -0.00371456146240235
0.132194519042969 -0.0343399047851563 0.0157566070556641 -0.0312709808349609
0.145278930664063 0.0053253173828125 0.087127685546875 -0.0012054443359375
0.0956649780273438 0.0241775512695313 0.11163330078125 -0.0757827758789063
0.0985565185546875 0.00795745849609375 0.114356994628906 -0.0672225952148438
0.104499816894531 -0.035491943359375 0.081787109375 -0.0448379516601562
0.0608978271484375 -0.0692176818847656 0.0601234436035156 -0.03662109375
0.0339202880859375 -0.0761947631835938 0.0425071716308594 -0.0101699829101563
-0.0115280151367187 -0.0798110961914063 0.0383453369140625 0.00555038452148437
-0.0373077392578125 -0.0728912353515625 0.0558013916015625 0.0185813903808594
-0.0317840576171875 -0.0742263793945313 0.0628318786621094 0.0324478149414062
-0.039794921875 -0.078033447265625 0.057159423828125 0.0467109680175781
-0.0140304565429688 -0.0771560668945312 0.02978515625 0.0699996948242188
0.020233154296875 -0.0867919921875 0.00669860839843751 0.0622444152832031
0.0509490966796875 -0.0778579711914062 -0.0130767822265625 0.0329608917236328
0.108673095703125 -0.0302886962890625 -0.00561285018920898 0.00156545639038086
0.11212158203125 0.0046234130859375 0.0424118041992188 -0.0286064147949219
0.106842041015625 0.0340347290039063 0.126777648925781 0.0090789794921875
0.0346908569335938 0.0371856689453125 0.130561828613281 -0.0711593627929688
0.0500564575195313 0.0258255004882813 0.122276306152344 -0.070556640625
0.0589942932128906 -0.00228500366210938 0.0727691650390625 -0.0423431396484375
0.039093017578125 -0.0282363891601563 0.055816650390625 -0.0240135192871094
0.0276699066162109 -0.033233642578125 0.041351318359375 0.0048370361328125
0.0053253173828125 -0.0458641052246094 0.0499725341796875 0.0229759216308594
-0.0102996826171875 -0.0497894287109375 0.0721969604492188 0.0347900390625
-0.00861358642578125 -0.0517425537109375 0.0737686157226563 0.049072265625
-0.0130691528320312 -0.0591621398925781 0.0650634765625 0.0702972412109375
0.00255966186523437 -0.0553092956542969 0.0277862548828125 0.092132568359375
0.029144287109375 -0.0567817687988281 -0.00148773193359375 0.0765304565429688
0.0487594604492188 -0.04376220703125 -0.0157432556152344 0.0434951782226562
0.0819931030273437 0.00127410888671875 -0.00203895568847656 0.0133066177368164
0.0736846923828125 0.0341567993164063 0.0593490600585938 -0.0133056640625
0.0526390075683594 0.0520896911621094 0.149795532226562 0.0291748046875
0.017791748046875 -0.0543785095214844 -0.147552490234375 -0.0306243896484375
-0.02410888671875 -0.0313377380371094 -0.0646934509277344 0.00177383422851561
-0.0377197265625 -0.0100059509277344 0.0131607055664062 -0.0238609313964844
-0.03033447265625 0.0133495330810547 0.0291748046875 -0.0578536987304687
-0.0204582214355469 0.0158538818359375 0.0178451538085937 -0.08734130859375
-0.0104122161865234 0.0251255035400391 -0.0252151489257813 -0.104690551757813
-0.0124835968017578 0.0253391265869141 -0.073760986328125 -0.0847702026367188
-0.0167140960693359 0.0196323394775391 -0.0762786865234375 -0.0582199096679687
-0.0190353393554687 0.0204296112060547 -0.0723800659179688 -0.0374069213867188
-0.0229053497314453 0.00732231140136718 -0.0567169189453125 -0.0297164916992187
-0.0268306732177734 -0.00457954406738281 -0.0457191467285156 -0.00613784790039063
-0.0262203216552734 -0.0175094604492188 -0.0526313781738281 0.0145187377929688
-0.0147285461425781 -0.0370635986328125 -0.0716781616210938 0.031982421875
-0.000370025634765627 -0.049652099609375 -0.106460571289063 0.06549072265625
0.0242118835449219 -0.0558891296386719 -0.131431579589844 0.0565261840820313
0.0783309936523438 -0.0499420166015625 -0.132133483886719 -0.0505142211914062
0.0279598236083984 -0.0330142974853516 -0.0544242858886719 -0.0151901245117188
0.0148143768310547 -0.0277252197265625 0.0244998931884766 -0.0332736968994141
0.00103187561035156 -0.0167675018310547 0.0355491638183594 -0.0684432983398438
-0.0012359619140625 -0.0202960968017578 0.0247726440429688 -0.0934295654296875
-0.0163803100585938 -0.0136280059814453 -0.0208816528320312 -0.110496520996094
-0.0349407196044922 -0.00743293762207031 -0.0673828125 -0.0887527465820312
-0.0394515991210938 -0.011444091796875 -0.0650558471679687 -0.0583457946777344
-0.0496902465820313 -0.00854492187500001 -0.0632858276367187 -0.0373916625976563
-0.0448493957519531 -0.0243606567382813 -0.048797607421875 -0.0247001647949219
-0.0355491638183594 -0.0459327697753906 -0.0378303527832031 -0.00207901000976563
-0.0185317993164062 -0.0615463256835937 -0.0469589233398438 0.0124969482421875
0.0248565673828125 -0.0701980590820312 -0.0592384338378906 0.0249824523925781
0.0463485717773438 -0.073333740234375 -0.0904541015625 0.0531845092773437
0.0821075439453125 -0.064056396484375 -0.108810424804688 0.0455322265625
0.128952026367188 -0.0378799438476562 -0.0967941284179687 -0.065155029296875
0.0806503295898438 -0.0296554565429688 -0.0295200347900391 -0.0274200439453125
0.0715866088867188 -0.045196533203125 0.0412979125976563 -0.0392227172851563
0.0369949340820313 -0.0503349304199219 0.0441360473632812 -0.0749435424804688
0.0190277099609375 -0.0594100952148438 0.029510498046875 -0.0925140380859375
-0.0198593139648438 -0.0535087585449219 -0.0165023803710937 -0.103744506835937
-0.0532951354980469 -0.0401268005371094 -0.0524673461914062 -0.0796279907226563
-0.0562362670898438 -0.0418777465820313 -0.0438232421875 -0.0496253967285156
-0.0730819702148437 -0.0359115600585938 -0.0424537658691406 -0.0314750671386719
-0.0617866516113281 -0.0508308410644531 -0.0322589874267578 -0.0129928588867187
-0.043701171875 -0.079925537109375 -0.0255317687988281 0.00601005554199219
-0.014617919921875 -0.0968704223632812 -0.0395774841308594 0.01385498046875
0.0557479858398437 -0.09771728515625 -0.0477027893066406 0.0166664123535156
0.0836944580078125 -0.0895919799804688 -0.0690498352050781 0.0328483581542969
0.126754760742188 -0.0645751953125 -0.0693817138671875 0.0297203063964844
0.160202026367188 -0.02386474609375 -0.0460662841796875 -0.0728530883789063
0.122276306152344 -0.0244598388671875 0.00652694702148438 -0.0374984741210938
0.117759704589844 -0.0622940063476563 0.0596847534179688 -0.0427169799804688
0.0648040771484375 -0.08270263671875 0.05181884765625 -0.0735397338867188
0.0338287353515625 -0.0928497314453125 0.0336685180664063 -0.0801849365234375
-0.023681640625 -0.0854949951171875 -0.0084075927734375 -0.0832901000976563
-0.0642623901367187 -0.0658950805664063 -0.0292282104492188 -0.0600662231445313
-0.0648956298828125 -0.0659751892089844 -0.0161952972412109 -0.0335502624511719
-0.0848617553710938 -0.0586318969726563 -0.0153427124023438 -0.0197277069091797
-0.06683349609375 -0.0707015991210938 -0.010258674621582 0.00213050842285156
-0.0416793823242188 -0.102081298828125 -0.0103816986083984 0.0167207717895508
-0.00662231445312499 -0.11761474609375 -0.0308017730712891 0.0161323547363281
0.0797653198242188 -0.110137939453125 -0.0376625061035156 0.00846099853515625
0.111007690429688 -0.0906982421875 -0.0435142517089844 0.00730514526367187
0.154312133789063 -0.0533905029296875 -0.0203514099121094 0.0130157470703125
0.164474487304688 -0.008636474609375 0.0125579833984375 -0.0762786865234375
0.140701293945313 -0.0181884765625 0.047882080078125 -0.0473594665527344
0.13983154296875 -0.070587158203125 0.074859619140625 -0.0440139770507813
0.077789306640625 -0.101188659667969 0.0578231811523438 -0.0641250610351563
0.0386428833007813 -0.110755920410156 0.0377731323242188 -0.0587577819824219
-0.0262680053710937 -0.102394104003906 0.00500869750976563 -0.05328369140625
-0.0667724609375 -0.0803604125976563 -0.000410079956054693 -0.0331020355224609
-0.0636444091796875 -0.079742431640625 0.0140256881713867 -0.0130233764648438
-0.0815048217773438 -0.0739669799804688 0.0135879516601562 -0.00202178955078125
-0.0577239990234375 -0.0817794799804688 0.0106029510498047 0.0216808319091797
-0.0273971557617187 -0.110816955566406 0.00248527526855469 0.0293655395507812
0.0103836059570313 -0.121078491210938 -0.0218009948730469 0.0190258026123047
0.099700927734375 -0.101211547851563 -0.0275287628173828 0.000150680541992185
0.126655578613281 -0.0721817016601562 -0.0160064697265625 -0.0165042877197266
0.160171508789062 -0.0305938720703125 0.0334281921386719 0.000692367553710936
0.14111328125 0.0058746337890625 0.0665283203125 -0.077880859375
0.12994384765625 -0.00907135009765625 0.0847625732421875 -0.0579910278320313
0.132102966308594 -0.0629653930664063 0.0818328857421875 -0.0444564819335938
0.0732879638671875 -0.0969696044921875 0.0598564147949219 -0.0508270263671875
0.0357131958007812 -0.104789733886719 0.0408287048339844 -0.0334434509277344
-0.0240249633789063 -0.0983047485351562 0.0217208862304688 -0.0212478637695313
-0.0585250854492188 -0.08056640625 0.0295467376708984 -0.00612068176269532
-0.0526580810546875 -0.0813751220703125 0.0416412353515625 0.00864028930664062
-0.0658721923828125 -0.0799713134765625 0.0387611389160156 0.0200271606445312
-0.0387725830078125 -0.083984375 0.0256004333496094 0.0441627502441406
-0.0049896240234375 -0.105178833007813 0.00871658325195312 0.0440292358398437
0.0316848754882813 -0.10577392578125 -0.0152454376220703 0.0243740081787109
0.110160827636719 -0.0721893310546875 -0.0169076919555664 -0.00308418273925782
0.127037048339844 -0.0384979248046875 0.0128612518310547 -0.0305118560791016
0.14349365234375 -0.0003204345703125 0.0831832885742188 -0.00287628173828125
0.0945968627929687 0.0201568603515625 0.106269836425781 -0.07672119140625
0.096466064453125 0.0044097900390625 0.108444213867188 -0.0673446655273438
0.10107421875 -0.0394668579101563 0.0797042846679688 -0.0451126098632813
0.0566787719726563 -0.0702667236328125 0.0579948425292969 -0.0366744995117188
0.0299606323242188 -0.0764007568359375 0.0422439575195312 -0.0107154846191406
-0.0148696899414062 -0.0770263671875 0.0383033752441406 0.00536346435546874
-0.0401687622070313 -0.068115234375 0.0557899475097656 0.0162010192871094
-0.033966064453125 -0.0704879760742188 0.062530517578125 0.0287246704101562
-0.04241943359375 -0.074127197265625 0.0569686889648438 0.04437255859375
-0.0171585083007812 -0.0735549926757813 0.031524658203125 0.067962646484375
0.0158843994140625 -0.0855636596679687 0.00699996948242187 0.0600776672363281
0.04644775390625 -0.0774688720703125 -0.0134735107421875 0.0324630737304688
0.105171203613281 -0.0345840454101562 -0.00736618041992187 0.000748157501220702
0.108940124511719 0.0006103515625 0.0382843017578125 -0.0296707153320313
0.106193542480469 0.0286788940429687 0.122413635253906 0.0059051513671875
0.0356674194335938 0.0347213745117188 0.1259765625 -0.074188232421875
0.05035400390625 0.0228195190429688 0.116683959960938 -0.072174072265625
0.0586585998535156 -0.00480270385742188 0.0701446533203125 -0.0420265197753906
0.0369033813476563 -0.0290603637695313 0.0542793273925781 -0.0247306823730469
0.0257225036621094 -0.0343360900878906 0.0417366027832031 0.0042724609375
0.00271224975585937 -0.0444564819335938 0.0497245788574219 0.0216560363769531
-0.0131111145019531 -0.0471115112304688 0.0727081298828125 0.0308380126953125
-0.010894775390625 -0.0493125915527344 0.0743637084960938 0.0447921752929688
-0.0159492492675781 -0.0565147399902344 0.0658645629882813 0.0667152404785156
-2.28881835937496E-05 -0.05255126953125 0.0296096801757813 0.0892791748046875
0.0249595642089844 -0.0562782287597656 -0.000274658203124992 0.0751800537109375
0.0454483032226563 -0.0447502136230469 -0.0150833129882812 0.0424613952636719
0.0803756713867188 -0.0025177001953125 -0.00322437286376953 0.0112628936767578
0.0734405517578125 0.0307693481445313 0.0555496215820313 -0.0159835815429687
0.0532073974609375 0.04852294921875 0.145431518554688 0.023834228515625
0.0166282653808594 -0.0544700622558594 -0.14715576171875 -0.02764892578125
-0.0248470306396484 -0.0303058624267578 -0.0633583068847656 0.00432205200195313
-0.0377197265625 -0.00861358642578126 0.0132293701171875 -0.0230941772460938
-0.0294246673583984 0.0146865844726562 0.0299186706542969 -0.05712890625
-0.0197181701660156 0.0169582366943359 0.0175399780273438 -0.08721923828125
-0.00880622863769532 0.0245647430419922 -0.0263519287109375 -0.104881286621094
-0.0107135772705078 0.0241031646728516 -0.0753936767578125 -0.08367919921875
-0.0161266326904297 0.0194282531738281 -0.0778274536132813 -0.0566482543945312
-0.0180721282958984 0.0201816558837891 -0.0738677978515625 -0.0357742309570312
-0.0220394134521484 0.00683784484863282 -0.058563232421875 -0.0289878845214844
-0.0257396697998047 -0.0036773681640625 -0.0474128723144531 -0.00577163696289062
-0.0258808135986328 -0.0161705017089844 -0.0532112121582031 0.0138893127441406
-0.0158042907714844 -0.0358772277832031 -0.0707244873046875 0.0319442749023438
-0.00250244140625 -0.049346923828125 -0.105720520019531 0.06695556640625
0.0226860046386719 -0.0561294555664063 -0.1317138671875 0.0599746704101563
0.0771713256835937 -0.0508041381835937 -0.132316589355469 -0.0474624633789063
0.0277442932128906 -0.0328350067138672 -0.0536613464355469 -0.011993408203125
0.0143566131591797 -0.0281467437744141 0.0249958038330078 -0.032562255859375
0.00127410888671875 -0.0157556533813477 0.0358352661132813 -0.0675811767578125
-0.00121688842773438 -0.0201511383056641 0.0241317749023437 -0.0935440063476563
-0.0152397155761719 -0.0139694213867187 -0.0221633911132813 -0.110115051269531
-0.0337314605712891 -0.00715827941894531 -0.0680999755859375 -0.087005615234375
-0.0391197204589844 -0.0116310119628906 -0.0665283203125 -0.0566253662109375
-0.0493049621582031 -0.00812911987304688 -0.06451416015625 -0.0363273620605469
-0.0439491271972656 -0.0240440368652344 -0.0507888793945313 -0.0243110656738281
-0.0353622436523437 -0.0443115234375 -0.03948974609375 -0.0027008056640625
-0.0195655822753906 -0.0599594116210938 -0.047943115234375 0.0128250122070312
0.0228233337402344 -0.0699081420898437 -0.0594902038574219 0.0248260498046875
0.0436019897460938 -0.0733489990234375 -0.0893783569335938 0.0549468994140625
0.0802764892578125 -0.0648117065429688 -0.109298706054688 0.04876708984375
0.1282958984375 -0.040069580078125 -0.0973281860351562 -0.0626220703125
0.0806655883789063 -0.0302810668945313 -0.0296268463134766 -0.0245113372802735
0.07061767578125 -0.0466995239257813 0.0421562194824219 -0.0386199951171875
0.0361175537109375 -0.050079345703125 0.044158935546875 -0.074127197265625
0.018341064453125 -0.0592536926269531 0.0293731689453125 -0.0924606323242188
-0.0201492309570313 -0.0529098510742187 -0.0174789428710938 -0.102935791015625
-0.0524177551269531 -0.0389785766601562 -0.053436279296875 -0.0783309936523438
-0.0571632385253906 -0.0410881042480469 -0.0447845458984375 -0.0486984252929688
-0.0734100341796875 -0.0342025756835938 -0.0445289611816406 -0.02984619140625
-0.0614891052246094 -0.0499420166015625 -0.0338287353515625 -0.0131072998046875
-0.0435943603515625 -0.0779953002929687 -0.0275135040283203 0.00547027587890625
-0.0158615112304688 -0.0959854125976563 -0.0415191650390625 0.0133476257324219
0.0534744262695312 -0.0980453491210938 -0.0485420227050781 0.0170173645019531
0.0809402465820313 -0.0896377563476563 -0.067901611328125 0.0345191955566406
0.1259765625 -0.0662841796875 -0.07061767578125 0.0326995849609375
0.16015625 -0.0260772705078125 -0.0468215942382813 -0.071075439453125
0.121795654296875 -0.0261001586914062 0.0066356658935547 -0.0344982147216797
0.116584777832031 -0.0652542114257812 0.0602760314941406 -0.0415229797363281
0.06317138671875 -0.0829696655273438 0.0518417358398438 -0.0727920532226563
0.031829833984375 -0.0940780639648438 0.03369140625 -0.0804672241210938
-0.0244979858398438 -0.0849533081054687 -0.0087890625 -0.0824432373046875
-0.0643386840820313 -0.0645217895507812 -0.0298004150390625 -0.0582923889160156
-0.0660629272460938 -0.0650520324707031 -0.0164413452148438 -0.0333919525146484
-0.0852737426757813 -0.0559463500976562 -0.0166988372802734 -0.0183525085449219
-0.0669441223144531 -0.0689506530761719 -0.011836051940918 0.00191211700439453
-0.04278564453125 -0.100540161132812 -0.0121059417724609 0.0156087875366211
-0.00841522216796875 -0.117561340332031 -0.0325412750244141 0.0157032012939453
0.07763671875 -0.1109619140625 -0.0385513305664062 0.00843811035156249
0.108085632324219 -0.0916061401367187 -0.0440406799316406 0.00886917114257812
0.153610229492188 -0.0556793212890625 -0.021453857421875 0.0150394439697266
0.164993286132813 -0.011444091796875 0.011260986328125 -0.07537841796875
0.140594482421875 -0.0206146240234375 0.0471649169921875 -0.04510498046875
0.138740539550781 -0.0738601684570313 0.0754547119140625 -0.0435943603515625
0.0755767822265625 -0.10162353515625 0.0575332641601563 -0.0639457702636719
0.0364151000976563 -0.11126708984375 0.0381546020507813 -0.0586395263671875
-0.027496337890625 -0.100807189941406 0.00487518310546875 -0.0522117614746094
-0.067138671875 -0.0786819458007813 -0.000349044799804694 -0.0327224731445313
-0.0649871826171875 -0.0785751342773438 0.0139551162719727 -0.0135583877563477
-0.082275390625 -0.0716781616210937 0.0127639770507812 -0.00119304656982422
-0.05877685546875 -0.0806808471679688 0.00963973999023437 0.0215854644775391
-0.0294265747070313 -0.109687805175781 0.00127410888671875 0.0289421081542969
0.00820159912109374 -0.121139526367188 -0.0238590240478516 0.0185985565185547
0.097930908203125 -0.102462768554688 -0.0286159515380859 0.00052261352539062
0.125076293945313 -0.073699951171875 -0.0174808502197266 -0.0153617858886719
0.160125732421875 -0.032867431640625 0.0318355560302735 0.00153541564941406
0.14190673828125 0.0027923583984375 0.0655441284179688 -0.0777511596679688
0.130203247070313 -0.0104827880859375 0.0838546752929688 -0.0561065673828125
0.131439208984375 -0.0661392211914063 0.0816574096679688 -0.0457077026367188
0.071502685546875 -0.0975875854492188 0.0594558715820313 -0.0501670837402344
0.0337905883789062 -0.10601806640625 0.0413932800292969 -0.0325813293457031
-0.0258102416992188 -0.0970611572265625 0.0226001739501953 -0.0205974578857422
-0.0600051879882813 -0.0782623291015625 0.0305442810058594 -0.00667572021484376
-0.0546951293945312 -0.079742431640625 0.0418777465820313 0.00753021240234374
-0.0673751831054688 -0.0773391723632813 0.039031982421875 0.0200462341308594
-0.039886474609375 -0.082672119140625 0.0256881713867187 0.0438919067382812
-0.00695037841796876 -0.103866577148437 0.00802993774414062 0.0435218811035156
0.029052734375 -0.106399536132813 -0.0170726776123047 0.0234298706054687
0.10906982421875 -0.0753555297851563 -0.018280029296875 -0.00327491760253907
0.1259765625 -0.0399322509765625 0.0109539031982422 -0.0301342010498047
0.144073486328125 -0.0028839111328125 0.081085205078125 -0.002960205078125
0.0951690673828125 0.0186767578125 0.105072021484375 -0.0778884887695313
0.096893310546875 0.0032501220703125 0.106697082519531 -0.067413330078125
0.101058959960937 -0.0420684814453125 0.0795745849609375 -0.045135498046875
0.0553359985351563 -0.0717086791992188 0.0580291748046875 -0.0364112854003906
0.0280685424804687 -0.0773239135742188 0.0431632995605469 -0.0106315612792969
-0.0162277221679687 -0.0758285522460938 0.0393486022949219 0.00582504272460937
-0.0416412353515625 -0.0657882690429688 0.0563888549804688 0.0148506164550781
-0.0361404418945313 -0.0692062377929688 0.0640640258789063 0.0270957946777344
-0.0436630249023437 -0.0717239379882813 0.0572433471679688 0.0441398620605469
-0.0178451538085938 -0.072296142578125 0.0315208435058594 0.0682716369628906
0.0134429931640625 -0.0853424072265625 0.00687789916992188 0.0598602294921875
0.0447311401367188 -0.0781402587890625 -0.0145378112792969 0.0318489074707031
0.104217529296875 -0.0364837646484375 -0.00880146026611327 -0.000308990478515627
0.108894348144531 -0.0015411376953125 0.0366783142089844 -0.0299186706542969
0.10723876953125 0.0262832641601563 0.12115478515625 0.005096435546875
0.0372200012207031 0.0348739624023438 0.125267028808594 -0.0752944946289063
0.0513916015625 0.0217399597167969 0.114570617675781 -0.0726852416992188
0.0590705871582031 -0.00698471069335938 0.0702400207519531 -0.0420875549316406
0.0359725952148438 -0.0303497314453125 0.0549087524414063 -0.0245819091796875
0.0247077941894531 -0.0351524353027344 0.0430145263671875 0.00460433959960937
0.00131988525390625 -0.0438919067382813 0.0511093139648438 0.0214462280273437
-0.0144920349121094 -0.0450515747070313 0.0736846923828125 0.0293426513671875
-0.0125312805175781 -0.048248291015625 0.075408935546875 0.0427398681640625
-0.0175361633300781 -0.0549201965332031 0.0659294128417969 0.0654945373535156
-0.0013885498046875 -0.0521926879882813 0.0304794311523437 0.0892791748046875
0.0227775573730469 -0.056610107421875 -0.000701904296874991 0.0749282836914063
0.0443191528320312 -0.0457916259765625 -0.0160179138183594 0.0417251586914063
0.0808486938476563 -0.0040740966796875 -0.00432014465332031 0.010533332824707
0.073394775390625 0.0287246704101563 0.0539054870605469 -0.0171127319335937
0.0542068481445313 0.0467987060546875 0.143829345703125 0.0223541259765625
0.015045166015625 -0.055572509765625 -0.14984130859375 -0.0256195068359375
-0.0257186889648437 -0.0304450988769531 -0.0629348754882813 0.00628662109374999
-0.0385780334472656 -0.00730133056640626 0.0138053894042969 -0.02252197265625
-0.0291156768798828 0.0165119171142578 0.0303382873535156 -0.058441162109375
-0.0187702178955078 0.0186500549316406 0.0175704956054687 -0.0896835327148437
-0.00739669799804687 0.0239181518554688 -0.0281448364257813 -0.108100891113281
-0.00963592529296875 0.0239505767822266 -0.0791549682617188 -0.0838394165039063
-0.0159797668457031 0.0191783905029297 -0.0811538696289063 -0.0556793212890625
-0.0179538726806641 0.0205497741699219 -0.077362060546875 -0.0348129272460937
-0.0212802886962891 0.00624465942382812 -0.0624885559082031 -0.0292739868164063
-0.0250759124755859 -0.00305366516113281 -0.0498542785644531 -0.00614547729492187
-0.0273799896240234 -0.015045166015625 -0.0554351806640625 0.0147972106933594
-0.0180282592773437 -0.0352287292480469 -0.0714569091796875 0.032440185546875
-0.00407791137695313 -0.0494422912597656 -0.106452941894531 0.0694656372070313
0.0210533142089844 -0.0573387145996094 -0.134857177734375 0.065277099609375
0.0776443481445313 -0.0536270141601563 -0.135398864746094 -0.0457000732421875
0.0273017883300781 -0.0339260101318359 -0.0539131164550781 -0.00951004028320313
0.0139064788818359 -0.0290088653564453 0.0254573822021484 -0.0327053070068359
0.00170040130615234 -0.0156269073486328 0.0365676879882812 -0.069122314453125
-0.00160598754882812 -0.0203113555908203 0.0240631103515625 -0.0962905883789063
-0.0149402618408203 -0.0141019821166992 -0.0240402221679687 -0.112525939941406
-0.0340385437011719 -0.00773048400878907 -0.07171630859375 -0.0872802734375
-0.0400772094726563 -0.0117988586425781 -0.0700798034667969 -0.0561561584472656
-0.0501518249511719 -0.00737380981445311 -0.0680046081542969 -0.0356483459472656
-0.0447769165039063 -0.0240859985351563 -0.0538520812988281 -0.0239181518554687
-0.0356063842773438 -0.0444297790527344 -0.0424880981445312 -0.00286865234375001
-0.0209083557128906 -0.0602149963378906 -0.0505638122558594 0.013092041015625
0.02099609375 -0.0710372924804688 -0.0605583190917969 0.0254287719726563
0.0423507690429688 -0.0744476318359375 -0.0907440185546875 0.0580596923828125
0.0809478759765625 -0.06787109375 -0.112159729003906 0.0532913208007813
0.130760192871094 -0.0438690185546875 -0.100578308105469 -0.061126708984375
0.082244873046875 -0.031768798828125 -0.0295906066894531 -0.0222587585449219
0.0713882446289063 -0.0502166748046875 0.0431671142578125 -0.0395355224609375
0.03594970703125 -0.0513916015625 0.0445404052734375 -0.0753402709960938
0.0176963806152344 -0.0613327026367187 0.0293502807617188 -0.0946197509765625
-0.0205726623535156 -0.053802490234375 -0.0194244384765625 -0.104949951171875
-0.0538787841796875 -0.0388031005859375 -0.0561294555664062 -0.0783767700195313
-0.0590972900390625 -0.0413169860839844 -0.0479583740234375 -0.0486488342285156
-0.075164794921875 -0.0330657958984375 -0.0472488403320313 -0.0285873413085938
-0.0624046325683594 -0.0503425598144531 -0.0362930297851563 -0.0123062133789063
-0.0453643798828125 -0.0787124633789063 -0.0296401977539063 0.00573348999023437
-0.0179214477539062 -0.0970840454101563 -0.0433807373046875 0.014495849609375
0.0517501831054688 -0.101043701171875 -0.0498008728027344 0.0179328918457031
0.0805282592773438 -0.0921401977539063 -0.0699539184570313 0.0371131896972656
0.127708435058594 -0.0709381103515625 -0.07281494140625 0.0364227294921875
0.164352416992188 -0.030426025390625 -0.0489273071289062 -0.0703353881835938
0.125 -0.0287551879882813 0.00601768493652344 -0.0320243835449219
0.117660522460938 -0.07012939453125 0.0621147155761719 -0.04296875
0.063140869140625 -0.0860366821289063 0.0530471801757813 -0.0739288330078125
0.0303955078125 -0.0974578857421875 0.0338058471679688 -0.0818023681640625
-0.0264511108398438 -0.0862960815429688 -0.0097503662109375 -0.0836029052734375
-0.0668563842773438 -0.064056396484375 -0.0311546325683594 -0.0587730407714844
-0.0689926147460938 -0.0650215148925781 -0.0179634094238281 -0.0337276458740234
-0.0882568359375 -0.0555191040039063 -0.0186882019042969 -0.0172100067138672
-0.0688743591308594 -0.069000244140625 -0.0134954452514648 0.00299549102783203
-0.0454864501953125 -0.101394653320313 -0.0137672424316406 0.0157966613769531
-0.0118255615234375 -0.119216918945313 -0.0347862243652344 0.0163345336914062
0.0768280029296875 -0.11578369140625 -0.0401687622070312 0.00881576538085936
0.108551025390625 -0.095001220703125 -0.0455551147460938 0.0109405517578125
0.1572265625 -0.0612640380859375 -0.0225067138671875 0.0183258056640625
0.16961669921875 -0.0153656005859375 0.0100250244140625 -0.0761184692382812
0.143692016601563 -0.0225982666015625 0.0479354858398438 -0.0442161560058594
0.140838623046875 -0.0795135498046875 0.077423095703125 -0.0453262329101563
0.0752410888671875 -0.106056213378906 0.0591506958007813 -0.0645637512207031
0.0341567993164062 -0.116119384765625 0.0388641357421875 -0.0601043701171875
-0.0301666259765625 -0.102645874023438 0.00482559204101563 -0.0528831481933594
-0.07049560546875 -0.0778121948242188 -0.000417709350585944 -0.0332527160644531
-0.0683517456054688 -0.078857421875 0.0148563385009766 -0.0141916275024414
-0.086273193359375 -0.0705642700195313 0.0124053955078125 -0.000575065612792973
-0.060455322265625 -0.08099365234375 0.00906181335449218 0.0224838256835937
-0.0326080322265625 -0.111366271972656 0.00037574768066406 0.0284194946289062
0.00511169433593749 -0.124000549316406 -0.0258998870849609 0.0193157196044922
0.0982208251953125 -0.107452392578125 -0.0303230285644531 0.000627517700195312
0.125297546386719 -0.0774459838867188 -0.0186290740966797 -0.0143280029296875
0.164901733398438 -0.0377349853515625 0.0312385559082031 0.00317573547363281
0.14605712890625 0.0002593994140625 0.0659103393554688 -0.0797882080078125
0.133644104003906 -0.0131988525390625 0.0842971801757813 -0.0572433471679688
0.133445739746094 -0.0708847045898438 0.083953857421875 -0.0471038818359375
0.070953369140625 -0.101181030273438 0.0612831115722656 -0.0507316589355469
0.0313262939453125 -0.10992431640625 0.0433387756347656 -0.0340042114257813
-0.028717041015625 -0.0984268188476563 0.0233497619628906 -0.0204944610595703
-0.0630645751953125 -0.0776824951171875 0.0313720703125 -0.00701904296875
-0.0582962036132812 -0.0795822143554688 0.0435829162597656 0.00630569458007812
-0.0711746215820313 -0.0767898559570313 0.0391197204589844 0.02044677734375
-0.042327880859375 -0.0832061767578125 0.0260276794433594 0.0452079772949219
-0.00991058349609376 -0.10601806640625 0.0077972412109375 0.0434646606445312
0.027374267578125 -0.109687805175781 -0.0192298889160156 0.0241069793701172
0.110313415527344 -0.0790863037109375 -0.019805908203125 -0.00335884094238282
0.127830505371094 -0.043731689453125 0.00959205627441407 -0.0306072235107422
0.148910522460937 -0.0065155029296875 0.081878662109375 -0.00278472900390625
0.0989913940429687 0.0170516967773438 0.107261657714844 -0.0815658569335937
0.0998916625976562 0.00225830078125 0.108268737792969 -0.068450927734375
0.102790832519531 -0.0461196899414063 0.0812759399414063 -0.0469512939453125
0.0552520751953125 -0.0744705200195312 0.0600700378417969 -0.0368804931640625
0.0267257690429688 -0.0804367065429687 0.0451202392578125 -0.0108184814453125
-0.0185623168945313 -0.0764923095703125 0.0413017272949219 0.00620269775390624
-0.0440216064453125 -0.064453125 0.0590400695800781 0.0139846801757812
-0.03887939453125 -0.0688705444335938 0.0654029846191406 0.025665283203125
-0.0471572875976562 -0.07220458984375 0.0595054626464844 0.0440902709960937
-0.0200119018554688 -0.0729217529296875 0.0332298278808594 0.0696296691894531
0.0114059448242188 -0.0873260498046875 0.00624847412109376 0.0608787536621094
0.0438308715820312 -0.0814743041992188 -0.0160732269287109 0.0320053100585937
0.106796264648438 -0.0405960083007813 -0.0106830596923828 -0.000407218933105472
0.110992431640625 -0.003448486328125 0.0361175537109375 -0.0316734313964844
0.110649108886719 0.02471923828125 0.123153686523438 0.00362396240234375
0.0388298034667969 0.0341148376464844 0.127883911132813 -0.0801315307617188
0.0531272888183594 0.0212936401367187 0.116157531738281 -0.0757217407226563
0.0605506896972656 -0.00975418090820313 0.071746826171875 -0.0433807373046875
0.0357246398925781 -0.0326042175292969 0.0563278198242188 -0.0251579284667969
0.0231056213378906 -0.0375328063964844 0.0449562072753906 0.00437545776367187
-0.000240325927734374 -0.0443458557128906 0.0538406372070312 0.0219497680664062
-0.0163002014160156 -0.0441970825195313 0.07623291015625 0.0282821655273437
-0.0147171020507812 -0.0480232238769531 0.0785293579101562 0.041229248046875
-0.0194015502929688 -0.0551185607910156 0.0692024230957031 0.0657386779785156
-0.00267410278320312 -0.0522079467773438 0.0322799682617188 0.0916748046875
0.0210952758789063 -0.0574493408203125 -0.000846862792968751 0.0762481689453125
0.0442886352539063 -0.0475234985351563 -0.0175323486328125 0.0423812866210938
0.0828781127929688 -0.00643157958984375 -0.00566959381103515 0.0104255676269531
0.076202392578125 0.0281448364257813 0.0533905029296875 -0.0182914733886719
0.0575981140136719 0.0464553833007813 0.146896362304688 0.0204315185546875
0.0127410888671875 -0.0578575134277344 -0.154617309570313 -0.0198211669921875
-0.0279273986816406 -0.0298690795898437 -0.0629768371582031 0.0104217529296875
-0.0403556823730469 -0.00566864013671874 0.0140743255615234 -0.0227413177490234
-0.0286788940429688 0.0187206268310547 0.0297813415527344 -0.0607681274414062
-0.0177650451660156 0.0201377868652344 0.0153427124023437 -0.0932693481445312
-0.0057525634765625 0.0241966247558594 -0.032867431640625 -0.1104736328125
-0.0087890625 0.0233936309814453 -0.0849380493164062 -0.08209228515625
-0.0149288177490234 0.0199527740478516 -0.0864334106445313 -0.0524520874023437
-0.0172843933105469 0.0209369659423828 -0.0825347900390625 -0.03216552734375
-0.0215263366699219 0.00679779052734375 -0.0676841735839844 -0.0273704528808594
-0.0252647399902344 -0.00205612182617188 -0.0535392761230469 -0.00461578369140626
-0.0284976959228516 -0.0134658813476562 -0.057220458984375 0.0170478820800781
-0.0201587677001953 -0.0347919464111328 -0.072418212890625 0.0350570678710937
-0.0067596435546875 -0.050537109375 -0.106925964355469 0.0760498046875
0.0188064575195313 -0.0599479675292969 -0.137825012207031 0.07470703125
0.077667236328125 -0.0590438842773438 -0.141098022460938 -0.04052734375
0.0272064208984375 -0.0362777709960938 -0.0545310974121094 -0.00572967529296876
0.0128650665283203 -0.0306301116943359 0.025726318359375 -0.03399658203125
0.00194644927978516 -0.0157451629638672 0.0361251831054688 -0.0718536376953125
-0.00183296203613281 -0.0206584930419922 0.0218048095703125 -0.100128173828125
-0.0151166915893555 -0.0147323608398438 -0.0290069580078125 -0.115585327148438
-0.0345191955566406 -0.0072956085205078 -0.0774002075195313 -0.0861053466796875
-0.0418930053710938 -0.010650634765625 -0.0747299194335937 -0.05438232421875
-0.0515251159667969 -0.005615234375 -0.0732955932617188 -0.0325088500976563
-0.0464820861816406 -0.0238037109375 -0.0585060119628906 -0.0227775573730469
-0.0378761291503906 -0.0439376831054688 -0.0458831787109375 -0.00168609619140625
-0.0243301391601562 -0.0603828430175781 -0.0525131225585937 0.0146751403808594
0.0185012817382813 -0.07391357421875 -0.0615768432617187 0.0277900695800781
0.0398101806640625 -0.0776824951171875 -0.0916824340820313 0.0638275146484375
0.0805130004882813 -0.0743560791015625 -0.115020751953125 0.061737060546875
0.132911682128906 -0.0513687133789063 -0.105949401855469 -0.0576248168945312
0.083740234375 -0.0361862182617188 -0.0305957794189453 -0.0192127227783203
0.071502685546875 -0.0552215576171875 0.04400634765625 -0.0419120788574219
0.0356521606445313 -0.0543136596679688 0.0442886352539063 -0.0783767700195313
0.0159034729003906 -0.0640411376953125 0.0273284912109375 -0.0985336303710938
-0.0232925415039062 -0.055755615234375 -0.0236434936523438 -0.107032775878906
-0.0562934875488281 -0.038482666015625 -0.06097412109375 -0.0779800415039062
-0.0629615783691406 -0.0406570434570313 -0.0513229370117188 -0.0479469299316406
-0.0792388916015625 -0.031005859375 -0.0512619018554688 -0.027252197265625
-0.0663299560546875 -0.0497169494628906 -0.0402030944824219 -0.0110893249511719
-0.0493240356445313 -0.079010009765625 -0.0320281982421875 0.00639724731445313
-0.0232620239257812 -0.0989151000976563 -0.0461540222167969 0.0161056518554687
0.0491943359375 -0.106124877929688 -0.0515365600585938 0.0194931030273437
0.0785598754882813 -0.097686767578125 -0.070343017578125 0.0421066284179688
0.129768371582031 -0.0800628662109375 -0.0750350952148437 0.0429763793945312
0.169296264648438 -0.038818359375 -0.0532150268554687 -0.0695457458496094
0.128379821777344 -0.0350189208984375 0.00622749328613282 -0.0308399200439453
0.118698120117188 -0.0788803100585938 0.0632514953613281 -0.0460891723632813
0.06170654296875 -0.0914382934570312 0.0529098510742188 -0.0773696899414063
0.0265655517578125 -0.102455139160156 0.0330276489257813 -0.085968017578125
-0.0307846069335937 -0.0883865356445313 -0.0126266479492188 -0.0850448608398437
-0.0713348388671875 -0.0633316040039063 -0.0341606140136719 -0.0589523315429687
-0.0747528076171875 -0.0646820068359375 -0.0203647613525391 -0.0345134735107422
-0.0939483642578125 -0.052581787109375 -0.0210475921630859 -0.0163650512695313
-0.0733413696289063 -0.0685577392578125 -0.0154190063476563 0.00390911102294922
-0.050750732421875 -0.10235595703125 -0.0156497955322266 0.016636848449707
-0.0174789428710937 -0.122566223144531 -0.0375328063964844 0.0182037353515625
0.0744476318359375 -0.122230529785156 -0.0418624877929687 0.0105400085449219
0.10748291015625 -0.101844787597656 -0.0468978881835937 0.0138435363769531
0.16009521484375 -0.071258544921875 -0.0241928100585937 0.0213108062744141
0.175460815429688 -0.024444580078125 0.00755310058593751 -0.0783309936523438
0.148544311523438 -0.0303955078125 0.0478706359863281 -0.0446205139160156
0.142120361328125 -0.089508056640625 0.0779800415039063 -0.0496139526367188
0.0733261108398437 -0.112541198730469 0.0597496032714844 -0.0684127807617188
0.0301895141601562 -0.121849060058594 0.0386772155761719 -0.0630912780761719
-0.0351409912109375 -0.104385375976563 0.00389862060546875 -0.0538864135742188
-0.0756149291992188 -0.0767059326171875 -0.000883102416992189 -0.034149169921875
-0.0748291015625 -0.0784454345703125 0.014007568359375 -0.0162019729614258
-0.0919876098632813 -0.0680160522460938 0.0121288299560547 -0.000392913818359379
-0.0655441284179688 -0.0805816650390625 0.00979042053222656 0.0231685638427734
-0.03851318359375 -0.113388061523438 -0.000696182250976567 0.02911376953125
-0.000572204589843763 -0.12860107421875 -0.0279045104980469 0.0210971832275391
0.096038818359375 -0.116226196289063 -0.0318279266357422 0.00174713134765624
0.12628173828125 -0.08477783203125 -0.0203571319580078 -0.0133514404296875
0.169708251953125 -0.04742431640625 0.0318946838378906 0.00410270690917968
0.152236938476563 -0.0067138671875 0.0650787353515625 -0.0843734741210938
0.138107299804688 -0.0192642211914063 0.0846328735351563 -0.059844970703125
0.13470458984375 -0.0804061889648438 0.0859451293945313 -0.0508880615234375
0.068023681640625 -0.107353210449219 0.0621681213378906 -0.053955078125
0.0267562866210938 -0.1160888671875 0.0436935424804687 -0.0364608764648438
-0.0335159301757813 -0.100624084472656 0.0246791839599609 -0.0212326049804688
-0.0680618286132813 -0.0766220092773437 0.0332374572753906 -0.00929069519042969
-0.0640869140625 -0.079681396484375 0.0455436706542969 0.00387954711914062
-0.0772247314453125 -0.075347900390625 0.0418624877929687 0.0196990966796875
-0.047088623046875 -0.0834121704101562 0.0281906127929688 0.0459136962890625
-0.0156097412109375 -0.108688354492187 0.00776290893554688 0.044921875
0.0230636596679688 -0.114913940429687 -0.0205879211425781 0.0252170562744141
0.110954284667969 -0.0877914428710938 -0.0213527679443359 -0.0025768280029297
0.129852294921875 -0.049835205078125 0.00815391540527344 -0.0313606262207031
0.154373168945313 -0.0145416259765625 0.0841827392578125 -0.00439453125
0.103782653808594 0.0132827758789062 0.107963562011719 -0.0892868041992188
0.103645324707031 -0.00214385986328125 0.108360290527344 -0.0740737915039063
0.104949951171875 -0.052978515625 0.0827407836914063 -0.0510025024414063
0.0533294677734375 -0.0789260864257813 0.0608749389648438 -0.03973388671875
0.022979736328125 -0.0848617553710938 0.0475082397460938 -0.0123634338378906
-0.0228424072265625 -0.0779800415039062 0.0437965393066406 0.00542068481445312
-0.0483055114746094 -0.0636444091796875 0.0628280639648437 0.0116119384765625
-0.0438232421875 -0.0685691833496094 0.0689506530761719 0.0224647521972656
-0.052093505859375 -0.0710830688476563 0.0633583068847656 0.0428924560546875
-0.0236434936523438 -0.0739364624023438 0.0370254516601563 0.071441650390625
0.00756835937499999 -0.0897369384765625 0.00748825073242187 0.0622024536132812
0.0415191650390625 -0.0866546630859375 -0.0168304443359375 0.0336418151855469
0.108718872070313 -0.0474624633789063 -0.0117311477661133 0.000229835510253902
0.114761352539063 -0.00836944580078125 0.0344486236572266 -0.0341320037841797
0.116775512695313 0.0196685791015625 0.126678466796875 -2.28881835937488E-05
0.0424995422363281 0.0336380004882813 0.129676818847656 -0.088653564453125
0.0564994812011719 0.0202140808105469 0.116180419921875 -0.0821151733398437
0.062744140625 -0.0135078430175781 0.072479248046875 -0.0471572875976563
0.0350379943847656 -0.0353927612304687 0.0577507019042969 -0.0273590087890625
0.0217247009277344 -0.039825439453125 0.0480766296386719 0.00330352783203125
-0.00234222412109375 -0.0453224182128906 0.0576667785644531 0.0204887390136719
-0.0186729431152344 -0.0434837341308594 0.0809097290039062 0.024932861328125
-0.0177574157714844 -0.0486183166503906 0.0827178955078125 0.0376129150390625
-0.0233535766601563 -0.054656982421875 0.0746994018554687 0.0650253295898437
-0.00502395629882812 -0.0532150268554688 0.0371932983398437 0.0937423706054687
0.0181770324707031 -0.0602302551269531 0.0014190673828125 0.0786666870117188
0.0427284240722656 -0.0514373779296875 -0.0174446105957031 0.0445823669433594
0.0860519409179687 -0.01116943359375 -0.00649166107177734 0.0101699829101562
0.0798492431640625 0.0251541137695313 0.0528068542480469 -0.02166748046875
0.0612411499023437 0.0450973510742187 0.151763916015625 0.016021728515625
0.00863265991210938 -0.0596885681152344 -0.158432006835938 -0.0103607177734375
-0.0304431915283203 -0.0288486480712891 -0.0623512268066406 0.0153465270996094
-0.0412254333496094 -0.00279235839843751 0.0135631561279297 -0.0230789184570313
-0.0271453857421875 0.0214920043945312 0.0279464721679688 -0.0626754760742188
-0.0159873962402344 0.0223045349121094 0.01129150390625 -0.0962905883789062
-0.00351715087890625 0.0248012542724609 -0.03997802734375 -0.111793518066406
-0.00690650939941406 0.0230484008789063 -0.0921096801757812 -0.0783615112304688
-0.0141277313232422 0.0207366943359375 -0.0924453735351563 -0.0469818115234375
-0.0159091949462891 0.0223350524902344 -0.0878829956054688 -0.0269622802734375
-0.0211257934570313 0.00786781311035157 -0.0720672607421875 -0.0241012573242188
-0.0247230529785156 -0.000463485717773432 -0.0561943054199219 -0.00190734863281251
-0.0291957855224609 -0.0112590789794922 -0.05816650390625 0.0201568603515625
-0.0233879089355469 -0.0334014892578125 -0.0719070434570313 0.0389862060546875
-0.0104942321777344 -0.0504417419433594 -0.104896545410156 0.0844039916992187
0.0145721435546875 -0.0620346069335938 -0.136856079101563 0.0868072509765625
0.0753631591796875 -0.0653762817382813 -0.145858764648437 -0.031890869140625
0.0262374877929688 -0.038604736328125 -0.0545921325683594 -0.000633239746093762
0.0113010406494141 -0.0320720672607422 0.0252189636230469 -0.0356407165527344
0.00123691558837891 -0.0157403945922852 0.0340347290039063 -0.0742263793945313
-0.00218391418457031 -0.0206489562988281 0.0169754028320313 -0.103279113769531
-0.0159797668457031 -0.0148487091064453 -0.0365676879882813 -0.116233825683594
-0.035125732421875 -0.00592041015624999 -0.084716796875 -0.0821609497070312
-0.0430374145507813 -0.00862884521484375 -0.0805282592773438 -0.04998779296875
-0.0530509948730469 -0.00241470336914064 -0.0781707763671875 -0.0275192260742187
-0.0480270385742188 -0.0220680236816406 -0.0636749267578125 -0.0190696716308594
-0.0404281616210938 -0.0430984497070313 -0.0483779907226563 0.000953674316406252
-0.0282707214355469 -0.059417724609375 -0.0540809631347656 0.0180244445800781
0.0138397216796875 -0.07598876953125 -0.0613327026367187 0.0310821533203125
0.0353622436523438 -0.0809783935546875 -0.089569091796875 0.0709075927734375
0.0775146484375 -0.0812759399414063 -0.114341735839844 0.0725784301757813
0.133049011230469 -0.0612564086914063 -0.111106872558594 -0.0511627197265625
0.0834503173828125 -0.0423660278320312 -0.0309543609619141 -0.0150279998779297
0.0690269470214844 -0.0620613098144531 0.0430641174316406 -0.0448722839355469
0.0334510803222656 -0.0573043823242187 0.0418243408203125 -0.0814971923828125
0.011749267578125 -0.066650390625 0.0228347778320313 -0.102142333984375
-0.0266494750976562 -0.0555419921875 -0.03009033203125 -0.107566833496094
-0.0599212646484375 -0.0360984802246094 -0.0667953491210938 -0.0750274658203125
-0.0670509338378906 -0.0373191833496094 -0.0566749572753906 -0.0453567504882813
-0.082916259765625 -0.0263900756835937 -0.0550041198730469 -0.0233917236328125
-0.069732666015625 -0.0469322204589844 -0.0434036254882813 -0.00870895385742188
-0.05474853515625 -0.076995849609375 -0.0344810485839844 0.00837516784667968
-0.0299301147460938 -0.0990447998046875 -0.0479316711425781 0.0189399719238281
0.042755126953125 -0.111228942871094 -0.0512619018554688 0.022369384765625
0.0734100341796875 -0.104530334472656 -0.0692977905273438 0.0479507446289062
0.127395629882813 -0.0902633666992188 -0.0743408203125 0.0512313842773437
0.17047119140625 -0.0519561767578125 -0.0577926635742187 -0.0664558410644531
0.129440307617188 -0.0443344116210937 0.00524330139160157 -0.029205322265625
0.116004943847656 -0.0893402099609375 0.0621452331542969 -0.0507888793945313
0.0572509765625 -0.09716796875 0.0508651733398438 -0.0806121826171875
0.020111083984375 -0.106658935546875 0.0293426513671875 -0.0901031494140625
-0.0369186401367188 -0.0883255004882813 -0.01739501953125 -0.085235595703125
-0.076171875 -0.0602569580078125 -0.0383644104003906 -0.0577774047851562
-0.08111572265625 -0.0608673095703125 -0.0232887268066406 -0.0339107513427734
-0.0985641479492188 -0.0467681884765625 -0.0230655670166016 -0.0144119262695313
-0.0788192749023438 -0.0653457641601563 -0.0168905258178711 0.00578117370605468
-0.0583877563476562 -0.100448608398438 -0.0172204971313477 0.0173978805541992
-0.0261764526367187 -0.123725891113281 -0.0387840270996094 0.0205459594726562
0.0673904418945312 -0.130287170410156 -0.0426559448242187 0.0127487182617187
0.103050231933594 -0.110786437988281 -0.0475997924804687 0.0177230834960938
0.160385131835938 -0.0839691162109375 -0.0238533020019531 0.0261192321777344
0.179153442382812 -0.03656005859375 0.00334930419921876 -0.0792160034179688
0.150054931640625 -0.03961181640625 0.0467987060546875 -0.0458831787109375
0.139213562011719 -0.101783752441406 0.077423095703125 -0.0546493530273438
0.0672760009765625 -0.118904113769531 0.0578842163085938 -0.0718994140625
0.02142333984375 -0.126739501953125 0.0370903015136719 -0.066375732421875
-0.0431060791015625 -0.104316711425781 0.00223922729492187 -0.0541191101074219
-0.0817489624023437 -0.072723388671875 -0.00281333923339844 -0.0345458984375
-0.0822830200195313 -0.0746231079101563 0.0129127502441406 -0.0182819366455078
-0.0990676879882812 -0.0625762939453125 0.0117664337158203 -0.000625610351562504
-0.0718307495117188 -0.0779571533203125 0.0100574493408203 0.0233058929443359
-0.0467758178710937 -0.1124267578125 -0.00102806091308594 0.0298633575439453
-0.00955200195312501 -0.130661010742188 -0.0292301177978516 0.0226287841796875
0.091033935546875 -0.1258544921875 -0.0329360961914062 0.00363349914550781
0.12371826171875 -0.0948638916015625 -0.0227146148681641 -0.0121688842773438
0.170867919921875 -0.0606842041015625 0.0322837829589844 0.00352859497070312
0.155548095703125 -0.0171051025390625 0.0618515014648438 -0.0897598266601563
0.14056396484375 -0.0279006958007812 0.0832748413085938 -0.0640182495117188
0.133018493652344 -0.0918426513671875 0.0844039916992188 -0.056915283203125
0.0627899169921875 -0.113746643066406 0.0611953735351563 -0.057891845703125
0.019561767578125 -0.119926452636719 0.0437240600585937 -0.0395240783691406
-0.0410232543945313 -0.0996932983398438 0.0253849029541016 -0.0217037200927734
-0.0735244750976563 -0.0725860595703125 0.0342292785644531 -0.0111484527587891
-0.0709381103515625 -0.0771331787109375 0.0464439392089844 0.00029373168945312
-0.0842742919921875 -0.0710906982421875 0.0437355041503906 0.0179634094238281
-0.053009033203125 -0.0822601318359375 0.0311012268066406 0.0457344055175781
-0.0233612060546875 -0.109214782714844 0.00885009765625 0.0457839965820312
0.0155029296875 -0.119140625 -0.0214881896972656 0.0273704528808594
0.107536315917969 -0.0972518920898438 -0.0225925445556641 -0.00152015686035157
0.130134582519531 -0.059600830078125 0.00549125671386719 -0.0323352813720703
0.158355712890625 -0.025604248046875 0.0854339599609375 -0.009307861328125
0.108688354492188 0.006072998046875 0.105110168457031 -0.0977249145507813
0.106025695800781 -0.00829315185546875 0.106613159179687 -0.0805206298828125
0.103416442871094 -0.0613861083984375 0.081207275390625 -0.0566558837890625
0.0491256713867188 -0.08331298828125 0.0605964660644531 -0.0431365966796875
0.017181396484375 -0.0885238647460938 0.0489273071289063 -0.0155372619628906
-0.0285568237304688 -0.0775299072265625 0.046966552734375 0.00353622436523437
-0.0530548095703125 -0.0611381530761719 0.0657920837402344 0.00724792480468749
-0.0499725341796875 -0.0665168762207031 0.0721588134765625 0.0177078247070312
-0.0585212707519531 -0.0680618286132813 0.0674705505371094 0.0400505065917969
-0.0288314819335937 -0.0738143920898438 0.0420455932617188 0.0707244873046875
0.00106048583984375 -0.0914764404296875 0.00988388061523437 0.0635910034179688
0.036041259765625 -0.0907745361328125 -0.0171413421630859 0.0349006652832031
0.108489990234375 -0.0565109252929688 -0.0127048492431641 0.000102043151855467
0.116950988769531 -0.0159683227539063 0.0323715209960938 -0.0367431640625
0.121284484863281 0.0119171142578125 0.128738403320312 -0.00732421875
0.0462837219238281 0.0309562683105469 0.127189636230469 -0.09979248046875
0.0592575073242188 0.0165672302246094 0.113548278808594 -0.0901260375976562
0.0633468627929688 -0.0181922912597656 0.0714569091796875 -0.0515213012695312
0.033355712890625 -0.0380973815917969 0.0573883056640625 -0.0305862426757813
0.0187034606933594 -0.0425758361816406 0.0503692626953125 0.000637054443359372
-0.00620269775390625 -0.0453720092773438 0.0614776611328125 0.0181694030761719
-0.0218009948730469 -0.0424728393554688 0.0855712890625 0.0191879272460937
-0.0217857360839844 -0.0473251342773438 0.086334228515625 0.0320510864257813
-0.0284080505371094 -0.0533905029296875 0.080963134765625 0.0608444213867188
-0.00911331176757813 -0.0532722473144531 0.0438613891601563 0.0935287475585938
0.0142021179199219 -0.0618629455566406 0.00490570068359375 0.0805816650390625
0.0400924682617187 -0.0560379028320312 -0.0166168212890625 0.0461196899414063
0.0871963500976563 -0.0177230834960938 -0.00696849822998047 0.00979328155517578
0.0836181640625 0.0208282470703125 0.0515518188476563 -0.0257720947265625
0.0661964416503906 0.0419845581054687 0.155487060546875 0.007110595703125
0.00441360473632812 -0.0594444274902344 -0.156845092773438 -0.000106811523437509
-0.0318603515625 -0.0265064239501953 -0.0595626831054687 0.0198478698730469
-0.0407142639160156 0.000141143798828119 0.0131416320800781 -0.0225105285644531
-0.0245704650878906 0.0235843658447266 0.0252532958984375 -0.063323974609375
-0.0134449005126953 0.0228214263916016 0.00580596923828126 -0.0963058471679688
-0.00159645080566406 0.0237216949462891 -0.0466079711914062 -0.108993530273438
-0.00515365600585938 0.0221748352050781 -0.0968475341796875 -0.0713653564453125
-0.0124721527099609 0.0209121704101562 -0.0951004028320313 -0.0402069091796875
-0.0140838623046875 0.0226516723632813 -0.0902481079101563 -0.0192794799804688
-0.0200119018554687 0.00814437866210938 -0.0755767822265625 -0.0185928344726562
-0.0241603851318359 0.000280380249023441 -0.0575675964355469 0.00136566162109375
-0.0296764373779297 -0.00868988037109375 -0.0573272705078125 0.0229988098144531
-0.0256748199462891 -0.0310039520263672 -0.0693778991699219 0.0419998168945312
-0.0140266418457031 -0.0485763549804687 -0.0989456176757812 0.0904998779296875
0.0103340148925781 -0.0626258850097656 -0.130439758300781 0.0967636108398437
0.0701370239257813 -0.0695953369140625 -0.145721435546875 -0.0216522216796875
0.0234909057617187 -0.03997802734375 -0.0522079467773437 0.00359344482421874
0.00917816162109375 -0.0330867767333984 0.0236854553222656 -0.0361289978027344
0.000762939453125001 -0.0154438018798828 0.0301361083984375 -0.0751266479492188
-0.00336074829101563 -0.0205612182617187 0.0115890502929687 -0.103385925292969
-0.01611328125 -0.0144472122192383 -0.0433425903320313 -0.113433837890625
-0.0355110168457031 -0.00486373901367188 -0.0896835327148438 -0.0760040283203125
-0.0440254211425781 -0.00608444213867187 -0.08380126953125 -0.0430984497070313
-0.0521621704101563 0.000804901123046871 -0.0811233520507812 -0.0207443237304688
-0.0490989685058594 -0.0190315246582031 -0.0658149719238281 -0.0142364501953125
-0.0419731140136719 -0.0402870178222656 -0.0497589111328125 0.00378036499023438
-0.0318717956542969 -0.0571823120117187 -0.0537834167480469 0.0209121704101562
0.00889587402343749 -0.0756149291992188 -0.0593605041503906 0.0336036682128906
0.0294418334960938 -0.0823287963867188 -0.084228515625 0.076873779296875
0.0714492797851563 -0.0866165161132813 -0.109504699707031 0.0820999145507813
0.128097534179688 -0.0707321166992188 -0.112800598144531 -0.0420150756835938
0.0806198120117188 -0.0474472045898438 -0.03009033203125 -0.0104694366455078
0.0638275146484375 -0.0672569274902344 0.0400161743164063 -0.0465927124023438
0.0295219421386719 -0.0590858459472656 0.0380935668945313 -0.0822525024414063
0.00678253173828125 -0.067352294921875 0.0170440673828125 -0.102767944335938
-0.0299263000488281 -0.0535507202148437 -0.0362777709960938 -0.10418701171875
-0.0616035461425781 -0.0329818725585938 -0.0716323852539063 -0.0691986083984375
-0.0697593688964844 -0.0331077575683594 -0.0594558715820313 -0.0403480529785156
-0.0835647583007813 -0.019744873046875 -0.057098388671875 -0.0179634094238281
-0.0716781616210938 -0.041839599609375 -0.0453834533691406 -0.00527954101562499
-0.058624267578125 -0.0727157592773438 -0.0358924865722656 0.0101661682128906
-0.0363082885742187 -0.095245361328125 -0.0477676391601562 0.0212860107421875
0.03485107421875 -0.11334228515625 -0.0500717163085938 0.024566650390625
0.0655059814453125 -0.107925415039063 -0.065948486328125 0.0524864196777344
0.121421813964844 -0.0991592407226562 -0.07080078125 0.0580062866210937
0.166061401367187 -0.063934326171875 -0.0614356994628906 -0.0613594055175782
0.126518249511719 -0.052215576171875 0.00511741638183595 -0.0266666412353516
0.108085632324219 -0.0973434448242188 0.0588226318359375 -0.0532989501953125
0.0506210327148437 -0.1002197265625 0.0465927124023438 -0.0827407836914062
0.0118255615234375 -0.107597351074219 0.024200439453125 -0.0903244018554688
-0.0428466796875 -0.0855560302734375 -0.0216598510742188 -0.0831222534179687
-0.0796356201171875 -0.0545425415039063 -0.0417137145996094 -0.054840087890625
-0.0852813720703125 -0.0548858642578125 -0.0258903503417969 -0.0321102142333984
-0.101036071777344 -0.0393295288085938 -0.0245227813720703 -0.0116386413574219
-0.0818634033203125 -0.059783935546875 -0.0177841186523438 0.00689315795898437
-0.0644454956054688 -0.0958175659179687 -0.0179500579833984 0.0185985565185547
-0.0346221923828125 -0.121055603027344 -0.0385932922363281 0.0228958129882812
0.05859375 -0.134468078613281 -0.0415534973144531 0.0142173767089844
0.0948867797851562 -0.116203308105469 -0.0461463928222656 0.0212135314941406
0.154220581054688 -0.0951385498046875 -0.0218963623046875 0.0292987823486328
0.175323486328125 -0.049041748046875 -0.000740051269531237 -0.0785293579101562
0.147445678710938 -0.0494232177734375 0.0443954467773438 -0.0452499389648437
0.130691528320313 -0.11126708984375 0.0734405517578125 -0.0584335327148438
0.0589981079101563 -0.122444152832031 0.0541458129882813 -0.0738754272460938
0.0122299194335937 -0.127815246582031 0.0334815979003906 -0.0685195922851563
-0.0493545532226562 -0.100364685058594 0.00020217895507812 -0.0529289245605469
-0.0858383178710938 -0.0668716430664062 -0.00489044189453125 -0.03411865234375
-0.0877227783203125 -0.0687179565429688 0.0108470916748047 -0.0191574096679688
-0.102714538574219 -0.054718017578125 0.0114030838012695 -0.000734329223632816
-0.0762786865234375 -0.07305908203125 0.0108776092529297 0.0229625701904297
-0.0542984008789062 -0.108062744140625 -0.00144767761230469 0.0297966003417969
-0.018798828125 -0.129356384277344 -0.0294036865234375 0.0246925354003906
0.0816574096679687 -0.132110595703125 -0.032684326171875 0.00466156005859374
0.116706848144531 -0.102783203125 -0.0235042572021484 -0.00995063781738282
0.166717529296875 -0.072998046875 0.0320472717285156 0.00267410278320312
0.154571533203125 -0.0286865234375 0.0561981201171875 -0.0931320190429688
0.138435363769531 -0.0365447998046875 0.0793075561523438 -0.0667343139648438
0.124824523925781 -0.101188659667969 0.0796661376953125 -0.0608901977539063
0.0550765991210937 -0.1170654296875 0.0582656860351563 -0.0603523254394531
0.00979614257812499 -0.120719909667969 0.0426025390625 -0.0416603088378906
-0.0475921630859375 -0.0959091186523438 0.0261306762695313 -0.0221729278564453
-0.0781631469726562 -0.0670166015625 0.0336532592773437 -0.0139617919921875
-0.0764999389648437 -0.07080078125 0.0454902648925781 -0.00349807739257813
-0.0886306762695313 -0.0634307861328125 0.04461669921875 0.0147933959960937
-0.0574951171875 -0.0772552490234375 0.0334968566894531 0.0437965393066406
-0.0301437377929688 -0.106330871582031 0.00975418090820312 0.0447578430175781
0.00704193115234376 -0.118789672851562 -0.0214710235595703 0.0283756256103516
0.100914001464844 -0.105499267578125 -0.0229911804199219 -0.00197982788085938
0.125381469726563 -0.0672225952148438 0.00321388244628907 -0.0321979522705078
0.155517578125 -0.037384033203125 0.0836944580078125 -0.0134124755859375
0.1083984375 -0.0024871826171875 0.0983352661132813 -0.10382080078125
0.105384826660156 -0.0152359008789063 0.100753784179687 -0.0854568481445312
0.0992889404296875 -0.0688018798828125 0.0770797729492188 -0.0603179931640625
0.0430145263671875 -0.0865707397460938 0.0576820373535156 -0.0460166931152344
0.0102005004882813 -0.0890274047851563 0.0486335754394531 -0.0176887512207031
-0.033416748046875 -0.075103759765625 0.0484848022460938 0.00133132934570312
-0.0566482543945313 -0.0564422607421875 0.0659561157226563 0.00249099731445312
-0.0544090270996094 -0.0624580383300781 0.0722885131835938 0.0119552612304687
-0.06298828125 -0.0623130798339844 0.0697402954101563 0.0349617004394531
-0.033660888671875 -0.0712051391601563 0.046722412109375 0.0676994323730469
-0.0054473876953125 -0.0904922485351563 0.0124626159667969 0.0633430480957031
0.0290908813476563 -0.0927810668945313 -0.0163497924804687 0.0358009338378906
0.104095458984375 -0.06475830078125 -0.0126752853393555 -0.000164985656738283
0.115287780761719 -0.0233306884765625 0.0287132263183594 -0.038909912109375
0.121917724609375 0.0031585693359375 0.126556396484375 -0.0153121948242188
0.0484695434570313 0.0276145935058594 0.119949340820313 -0.107345581054687
0.0600242614746094 0.012969970703125 0.10675048828125 -0.09539794921875
0.0617561340332031 -0.0233192443847656 0.0675315856933594 -0.0546951293945313
0.0297966003417969 -0.0401954650878906 0.0564804077148438 -0.0328521728515625
0.01544189453125 -0.0439643859863281 0.0511512756347656 -0.00202560424804688
-0.00993728637695313 -0.0445671081542969 0.0643157958984375 0.0143470764160156
-0.0246620178222656 -0.03955078125 0.0862808227539063 0.0129241943359375
-0.0248298645019531 -0.0446891784667969 0.088165283203125 0.0248870849609375
-0.0318183898925781 -0.0501937866210938 0.084686279296875 0.0545654296875
-0.0125083923339844 -0.0519371032714844 0.0499038696289062 0.090484619140625
0.00992965698242188 -0.0621795654296875 0.00836181640625 0.0803985595703125
0.0352859497070313 -0.0580940246582031 -0.0152854919433594 0.0463829040527344
0.0860748291015625 -0.0247039794921875 -0.00746440887451171 0.00976848602294922
0.0845413208007813 0.0151138305664063 0.0482139587402344 -0.0300025939941406
0.0686302185058594 0.0369110107421875 0.154312133789063 -0.00299072265625
0.0013275146484375 -0.0585060119628906 -0.152801513671875 0.00656127929687499
-0.0321693420410156 -0.024444580078125 -0.05645751953125 0.0221977233886719
-0.0397911071777344 0.00234222412109375 0.0125885009765625 -0.02130126953125
-0.0223636627197266 0.0244541168212891 0.0228652954101563 -0.0623855590820312
-0.0112419128417969 0.0232391357421875 0.0030975341796875 -0.0940093994140625
0.000150680541992188 0.0219917297363281 -0.0500411987304687 -0.105796813964844
-0.00467109680175781 0.0209369659423828 -0.0981063842773438 -0.0651168823242188
-0.0114479064941406 0.0210971832275391 -0.0947799682617188 -0.0343475341796875
-0.0128650665283203 0.0219860076904297 -0.0901107788085937 -0.0138626098632813
-0.0192165374755859 0.00830650329589843 -0.076507568359375 -0.0146942138671875
-0.0231952667236328 0.00109481811523438 -0.0576438903808594 0.00380706787109375
-0.0289649963378906 -0.00639343261718749 -0.0562515258789063 0.0244331359863281
-0.0265960693359375 -0.0288715362548828 -0.0671768188476563 0.0425758361816406
-0.0162315368652344 -0.0462913513183594 -0.0931625366210938 0.0921630859375
0.00715255737304688 -0.062042236328125 -0.124259948730469 0.101509094238281
0.0657196044921875 -0.071441650390625 -0.14276123046875 -0.014251708984375
0.0217704772949219 -0.0401763916015625 -0.0492706298828125 0.00668716430664062
0.00732040405273437 -0.0327548980712891 0.021636962890625 -0.0350627899169922
0.000637054443359375 -0.0149030685424805 0.0275115966796875 -0.0739669799804688
-0.00396537780761719 -0.0195999145507813 0.00841522216796876 -0.101211547851563
-0.0159397125244141 -0.0141525268554688 -0.0465469360351563 -0.109710693359375
-0.0350723266601563 -0.00376129150390624 -0.0912094116210938 -0.0696258544921875
-0.0436019897460937 -0.00450515747070312 -0.0843658447265625 -0.0379791259765625
-0.050994873046875 0.00292205810546875 -0.0803604125976563 -0.0151748657226562
-0.0483627319335938 -0.0177650451660156 -0.0669822692871094 -0.0103683471679688
-0.04205322265625 -0.0376052856445313 -0.0501937866210937 0.00597381591796875
-0.0332794189453125 -0.0534896850585938 -0.0531730651855469 0.0223007202148437
0.0052032470703125 -0.0743255615234375 -0.0572547912597656 0.0340156555175781
0.0255203247070313 -0.0811233520507813 -0.0793533325195313 0.0786972045898437
0.066253662109375 -0.0878372192382813 -0.10418701171875 0.0872268676757813
0.121971130371094 -0.0755157470703125 -0.110847473144531 -0.0351028442382812
0.0774002075195313 -0.050262451171875 -0.0284385681152344 -0.00792884826660157
0.058990478515625 -0.0687904357910156 0.0376930236816406 -0.0456657409667969
0.0264816284179688 -0.0592842102050781 0.0354385375976562 -0.0812530517578125
0.00391006469726563 -0.0658798217773438 0.014190673828125 -0.100906372070313
-0.0313796997070313 -0.0513420104980469 -0.038665771484375 -0.100624084472656
-0.0620231628417969 -0.0295829772949219 -0.0726089477539063 -0.0646743774414063
-0.0703201293945313 -0.0292892456054688 -0.0608406066894531 -0.0362625122070312
-0.0821762084960938 -0.0157699584960937 -0.0572586059570313 -0.0142745971679687
-0.0714035034179688 -0.0385665893554687 -0.0464591979980469 -0.00224304199218751
-0.0605278015136719 -0.0682220458984375 -0.0366096496582031 0.011932373046875
-0.0401153564453125 -0.0908203125 -0.0473976135253906 0.0231552124023437
0.029449462890625 -0.112518310546875 -0.0486412048339844 0.0246543884277344
0.0594024658203125 -0.107429504394531 -0.0618133544921875 0.0547332763671875
0.114219665527344 -0.103424072265625 -0.0668220520019531 0.0621185302734375
0.15924072265625 -0.070831298828125 -0.061370849609375 -0.0560836791992188
0.122230529785156 -0.0568466186523438 0.00515747070312501 -0.02435302734375
0.101356506347656 -0.101409912109375 0.0554122924804687 -0.0534477233886719
0.0451278686523438 -0.100112915039063 0.0435256958007813 -0.0809249877929687
0.00591278076171874 -0.105476379394531 0.0214157104492188 -0.0891494750976562
-0.0452346801757812 -0.0816650390625 -0.0234603881835937 -0.0800933837890625
-0.0803756713867188 -0.0499420166015625 -0.0431938171386719 -0.0510025024414063
-0.0866851806640625 -0.0501937866210937 -0.027313232421875 -0.0304069519042969
-0.100563049316406 -0.0326995849609375 -0.0253429412841797 -0.00955581665039063
-0.0826339721679688 -0.0553741455078125 -0.0185565948486328 0.0085601806640625
-0.0670013427734375 -0.0907821655273438 -0.0190219879150391 0.0192699432373047
-0.0396728515625 -0.115608215332031 -0.039154052734375 0.0239219665527344
0.0516204833984375 -0.135040283203125 -0.0406036376953125 0.0142898559570312
0.0879440307617188 -0.117767333984375 -0.0441131591796875 0.0224685668945312
0.14752197265625 -0.1016845703125 -0.020477294921875 0.0310325622558594
0.16912841796875 -0.0572967529296875 -0.00324249267578124 -0.0752029418945313
0.142059326171875 -0.0548858642578125 0.043243408203125 -0.0441627502441406
0.122543334960938 -0.115943908691406 0.0694618225097657 -0.0587043762207031
0.0520477294921875 -0.122383117675781 0.0518875122070313 -0.0733642578125
0.0054168701171875 -0.125602722167969 0.0316886901855469 -0.0679740905761719
-0.0537109375 -0.0961532592773437 -4.57763671875066E-05 -0.0513648986816406
-0.0870819091796875 -0.060943603515625 -0.00581169128417969 -0.0330543518066406
-0.0897216796875 -0.0625762939453125 0.00915336608886718 -0.0189170837402344
-0.103057861328125 -0.047760009765625 0.0110092163085937 -0.000591278076171878
-0.077362060546875 -0.0680694580078125 0.0102787017822266 0.0225677490234375
-0.057342529296875 -0.102951049804687 -0.00202369689941406 0.0294151306152344
-0.02490234375 -0.1251220703125 -0.0295734405517578 0.0249061584472656
0.0746841430664063 -0.133773803710938 -0.0326385498046875 0.00441932678222656
0.110298156738281 -0.104637145996094 -0.0235519409179687 -0.00888061523437501
0.160476684570313 -0.0800323486328125 0.0311279296875 0.0025787353515625
0.149978637695312 -0.0354461669921875 0.0520477294921875 -0.0929031372070313
0.134063720703125 -0.0418548583984375 0.0760955810546875 -0.066375732421875
0.117607116699219 -0.105361938476563 0.075836181640625 -0.0616836547851563
0.048675537109375 -0.116630554199219 0.0558204650878906 -0.061004638671875
0.00392913818359376 -0.118217468261719 0.0410270690917969 -0.0421409606933594
-0.0506515502929688 -0.0911712646484375 0.0264492034912109 -0.0226955413818359
-0.0790863037109375 -0.0611572265625 0.0328159332275391 -0.0151653289794922
-0.079376220703125 -0.0658416748046875 0.0436325073242187 -0.00584030151367188
-0.0900650024414063 -0.0570220947265625 0.0436553955078125 0.0131187438964844
-0.05975341796875 -0.0737075805664062 0.0341339111328125 0.0415420532226563
-0.034759521484375 -0.102485656738281 0.00993728637695313 0.04351806640625
0.000259399414062512 -0.116424560546875 -0.0215663909912109 0.0284271240234375
0.0942611694335937 -0.108757019042969 -0.0227928161621094 -0.00170707702636719
0.119773864746094 -0.0714263916015625 0.000682830810546885 -0.0318660736083984
0.15203857421875 -0.044525146484375 0.0808944702148438 -0.015716552734375
0.106109619140625 -0.00806427001953125 0.0925064086914062 -0.106048583984375
0.102943420410156 -0.018646240234375 0.0963287353515625 -0.085845947265625
0.0932540893554688 -0.0721817016601563 0.073577880859375 -0.0607757568359375
0.0385818481445313 -0.0859832763671875 0.0561866760253906 -0.0463638305664063
0.005279541015625 -0.0875778198242188 0.0481910705566406 -0.0192527770996094
-0.0363693237304688 -0.0709457397460937 0.049591064453125 -0.000396728515625004
-0.0581588745117188 -0.0521316528320312 0.0652732849121094 -0.000873565673828128
-0.0567474365234375 -0.0583992004394531 0.0706863403320312 0.00759124755859375
-0.0649147033691406 -0.0573654174804687 0.0697441101074219 0.0303878784179687
-0.0358314514160156 -0.0678787231445313 0.0480308532714844 0.0645294189453125
-0.00942230224609374 -0.0877914428710937 0.013824462890625 0.061004638671875
0.0236968994140625 -0.091949462890625 -0.0163841247558594 0.035308837890625
0.09954833984375 -0.0689773559570313 -0.0137405395507812 -0.000587463378906257
0.11212158203125 -0.0279769897460938 0.0252647399902344 -0.0393714904785156
0.120132446289063 -0.002960205078125 0.123130798339844 -0.0195541381835938
0.0492362976074219 0.0240020751953125 0.113822937011719 -0.110664367675781
0.0596046447753906 0.0107879638671875 0.100639343261719 -0.0966720581054687
0.059783935546875 -0.0256233215332031 0.0638389587402344 -0.054931640625
0.0275154113769531 -0.0404548645019531 0.0546150207519531 -0.033721923828125
0.0123825073242188 -0.0435943603515625 0.0516090393066406 -0.00383758544921875
-0.0120658874511719 -0.0423126220703125 0.0652694702148438 0.0116844177246094
-0.0256195068359375 -0.0365104675292969 0.0859603881835938 0.007659912109375
-0.0265312194824219 -0.0420188903808594 0.08673095703125 0.0199737548828125
-0.03436279296875 -0.0466651916503906 0.08447265625 0.04852294921875
-0.0140800476074219 -0.0494804382324219 0.0532684326171875 0.086456298828125
0.00590133666992187 -0.0602684020996094 0.01068115234375 0.0790863037109375
0.0317726135253906 -0.0580329895019531 -0.0148544311523438 0.0455551147460938
0.0831069946289063 -0.02874755859375 -0.00717544555664062 0.00904369354248047
0.0835800170898438 0.0111083984375 0.0445060729980469 -0.0310134887695313
0.0694580078125 0.0326499938964844 0.15008544921875 -0.0089874267578125
-0.000869750976562502 -0.0569076538085938 -0.149459838867188 0.00936889648437496
-0.0323867797851562 -0.0238056182861328 -0.0539093017578125 0.022705078125
-0.0391769409179687 0.003143310546875 0.0126934051513672 -0.020263671875
-0.0209064483642578 0.0251998901367188 0.0229377746582031 -0.0605125427246094
-0.00976181030273438 0.0232143402099609 0.00308990478515625 -0.0925064086914063
0.000844955444335937 0.0205764770507813 -0.0514068603515625 -0.103347778320313
-0.00447845458984375 0.0205116271972656 -0.097930908203125 -0.061248779296875
-0.0112190246582031 0.0203399658203125 -0.094024658203125 -0.0310516357421875
-0.0121383666992188 0.0215320587158203 -0.0895462036132813 -0.0107192993164063
-0.0188999176025391 0.00808334350585938 -0.0772781372070313 -0.0126266479492187
-0.0221061706542969 0.00120353698730469 -0.05755615234375 0.00408935546875001
-0.0284938812255859 -0.00516510009765626 -0.0559349060058594 0.0242080688476563
-0.0265598297119141 -0.0271663665771484 -0.0659866333007813 0.0421981811523438
-0.0166549682617187 -0.0452957153320313 -0.089752197265625 0.09259033203125
0.00508880615234375 -0.0614356994628906 -0.121047973632812 0.104736328125
0.0623016357421875 -0.0720138549804687 -0.139556884765625 -0.010833740234375
0.02081298828125 -0.03985595703125 -0.0473136901855469 0.00827407836914062
0.00621604919433594 -0.03289794921875 0.0215854644775391 -0.0338020324707031
0.000559806823730469 -0.0142793655395508 0.0273971557617187 -0.0721282958984375
-0.00388145446777344 -0.0190658569335937 0.00793457031249999 -0.0996856689453125
-0.0162429809570312 -0.0141735076904297 -0.0478591918945313 -0.107200622558594
-0.0351829528808594 -0.00357437133789062 -0.0914077758789063 -0.06597900390625
-0.0433082580566406 -0.00350952148437499 -0.0832977294921875 -0.03411865234375
-0.0495758056640625 0.00396728515625001 -0.0801239013671875 -0.0121307373046875
-0.0478019714355469 -0.0166664123535156 -0.0682373046875 -0.00824356079101561
-0.0418968200683594 -0.0364341735839844 -0.0510063171386719 0.00664520263671876
-0.0334968566894531 -0.051177978515625 -0.0530052185058594 0.022247314453125
0.0039215087890625 -0.0730819702148438 -0.056671142578125 0.0331497192382813
0.0234146118164062 -0.0799560546875 -0.0766448974609375 0.0791854858398438
0.063140869140625 -0.0885772705078125 -0.100715637207031 0.0893402099609375
0.118698120117188 -0.0766677856445313 -0.109634399414062 -0.0323104858398438
0.0760498046875 -0.0509567260742188 -0.0267429351806641 -0.00603103637695313
0.0563087463378906 -0.0694847106933594 0.0369224548339844 -0.0440177917480469
0.02471923828125 -0.0585441589355469 0.0348129272460938 -0.079803466796875
0.0023345947265625 -0.0650444030761719 0.0131988525390625 -0.0992660522460938
-0.031494140625 -0.0509185791015625 -0.0394973754882812 -0.0983734130859375
-0.061859130859375 -0.0277900695800781 -0.0732421875 -0.0612106323242188
-0.0705108642578125 -0.0269393920898438 -0.0607223510742188 -0.0343284606933594
-0.0810546875 -0.0135421752929687 -0.0576705932617188 -0.0114555358886719
-0.071502685546875 -0.036956787109375 -0.0473442077636719 -0.000740051269531259
-0.0599250793457031 -0.0668601989746094 -0.0374755859375 0.0120658874511719
-0.04095458984375 -0.0887222290039063 -0.0478973388671875 0.0234336853027344
0.026519775390625 -0.111946105957031 -0.0480499267578125 0.0233230590820312
0.056396484375 -0.107154846191406 -0.0600166320800781 0.0552215576171875
0.110671997070313 -0.105308532714844 -0.0645828247070313 0.0644645690917969
0.1553955078125 -0.073577880859375 -0.0609283447265625 -0.0528640747070313
0.119895935058594 -0.0581588745117187 0.00620841979980469 -0.0219497680664063
0.0966415405273438 -0.102256774902344 0.0538787841796875 -0.0518150329589844
0.0423507690429688 -0.0992660522460937 0.0429611206054688 -0.0799942016601563
0.00318145751953124 -0.104217529296875 0.0214996337890625 -0.088104248046875
-0.046173095703125 -0.07940673828125 -0.0230712890625 -0.07806396484375
-0.0803985595703125 -0.047515869140625 -0.0432777404785156 -0.0491561889648437
-0.0875244140625 -0.04730224609375 -0.0276985168457031 -0.0281467437744141
-0.099945068359375 -0.029815673828125 -0.0253334045410156 -0.00825119018554687
-0.082183837890625 -0.0529251098632813 -0.01995849609375 0.00934982299804688
-0.0678558349609375 -0.0880203247070313 -0.0205478668212891 0.0191860198974609
-0.0420608520507813 -0.11260986328125 -0.0400390625 0.0242080688476562
0.0476150512695313 -0.134140014648437 -0.040740966796875 0.013153076171875
0.0843734741210938 -0.117408752441406 -0.0431785583496094 0.0240211486816406
0.143310546875 -0.104019165039063 -0.0196743011474609 0.0334415435791015
0.165924072265625 -0.0601654052734375 -0.00357818603515624 -0.0735855102539063
0.139678955078125 -0.0562744140625 0.0432472229003906 -0.0429458618164063
0.118026733398438 -0.116874694824219 0.0676116943359375 -0.0571212768554688
0.0486602783203125 -0.121543884277344 0.0503997802734375 -0.072479248046875
0.0019989013671875 -0.124076843261719 0.03155517578125 -0.0675315856933594
-0.0544204711914062 -0.0933456420898438 0.000862121582031247 -0.0504379272460938
-0.0872650146484375 -0.0576171875 -0.00587654113769532 -0.032745361328125
-0.0905990600585938 -0.0592041015625 0.00838088989257812 -0.0185909271240234
-0.102554321289063 -0.0440292358398437 0.0100307464599609 -0.000733375549316409
-0.0781631469726563 -0.065185546875 0.0094757080078125 0.0222911834716797
-0.058746337890625 -0.0996475219726563 -0.00390434265136719 0.0295448303222656
-0.0275192260742188 -0.122077941894531 -0.0302810668945313 0.0255889892578125
0.070343017578125 -0.134437561035156 -0.0325241088867187 0.00333023071289062
0.1060791015625 -0.104934692382813 -0.0238418579101562 -0.00780487060546875
0.157455444335937 -0.083984375 0.0304965972900391 0.00344848632812499
0.147003173828125 -0.0389251708984375 0.0503387451171875 -0.09185791015625
0.132362365722656 -0.0436248779296875 0.0754318237304688 -0.0653610229492187
0.1136474609375 -0.106674194335938 0.0734634399414063 -0.0605621337890625
0.04541015625 -0.115928649902344 0.0553627014160156 -0.0597343444824219
0.000885009765625001 -0.117195129394531 0.0407676696777344 -0.0421333312988281
-0.0521087646484375 -0.0888137817382812 0.0271415710449219 -0.0227432250976563
-0.0793380737304688 -0.05841064453125 0.0329666137695313 -0.0164871215820313
-0.080230712890625 -0.0625381469726562 0.0417671203613281 -0.00754547119140625
-0.0894851684570313 -0.053741455078125 0.0428466796875 0.0112075805664062
-0.0604934692382813 -0.0710067749023438 0.0337715148925781 0.0407028198242187
-0.0364227294921875 -0.100028991699219 0.008636474609375 0.0430374145507812
-0.00246429443359375 -0.114486694335938 -0.0226573944091797 0.0282783508300781
0.0905380249023438 -0.109901428222656 -0.0235404968261719 -0.00318717956542969
0.116828918457031 -0.0731735229492188 -0.000980377197265617 -0.0315742492675781
0.149002075195313 -0.047698974609375 0.0788116455078125 -0.01641845703125
0.10455322265625 -0.0104141235351563 0.0907058715820313 -0.105987548828125
0.101516723632812 -0.0203323364257813 0.0940322875976563 -0.0848159790039063
0.0913238525390625 -0.072967529296875 0.0713882446289063 -0.059173583984375
0.0364761352539063 -0.0854263305664063 0.0554084777832031 -0.0461387634277344
0.0033721923828125 -0.0870742797851563 0.0480690002441406 -0.0200996398925781
-0.0379371643066406 -0.0690040588378906 0.0507316589355469 -0.00138092041015625
-0.0573577880859375 -0.0495758056640625 0.0652999877929687 -0.00330734252929688
-0.0579910278320313 -0.055267333984375 0.0695381164550781 0.00539398193359375
-0.0659103393554688 -0.0541572570800781 0.0688438415527344 0.0279808044433594
-0.0368309020996094 -0.065399169921875 0.0484504699707031 0.0629119873046875
-0.0113601684570313 -0.08551025390625 0.0123710632324219 0.0609817504882812
0.0207443237304687 -0.0910873413085937 -0.0174789428710937 0.03521728515625
0.0964813232421875 -0.071075439453125 -0.0141496658325195 -0.00142383575439454
0.110122680664062 -0.02978515625 0.0237503051757813 -0.0391921997070312
0.118942260742188 -0.0066986083984375 0.119926452636719 -0.0206375122070312
0.0486106872558594 0.0223159790039063 0.110389709472656 -0.112136840820313
0.0592727661132813 0.0098114013671875 0.0979843139648438 -0.0963821411132813
0.0587997436523438 -0.0265731811523438 0.0631790161132813 -0.0536346435546875
0.0259552001953125 -0.040191650390625 0.0541534423828125 -0.0333671569824219
0.0107498168945313 -0.0431709289550781 0.0518150329589844 -0.00449371337890625
-0.0124778747558594 -0.04150390625 0.0662307739257812 0.0102767944335937
-0.0258903503417969 -0.0349788665771484 0.0854415893554688 0.005096435546875
-0.0274276733398438 -0.0402793884277344 0.0853118896484375 0.0170822143554688
-0.0351524353027344 -0.0439186096191406 0.0841217041015625 0.0459823608398438
-0.0150146484375 -0.0485343933105469 0.0535430908203125 0.0841140747070312
0.00502395629882813 -0.0596580505371094 0.0104522705078125 0.0785980224609375
0.0293045043945313 -0.0576515197753906 -0.015350341796875 0.0451545715332031
0.0815353393554688 -0.0307083129882813 -0.00843191146850586 0.0084228515625
0.0830612182617188 0.00897216796875 0.04254150390625 -0.0317840576171875
0.0694351196289062 0.03057861328125 0.146774291992188 -0.0110931396484375
-0.00104904174804688 -0.0565605163574219 -0.149703979492188 0.00973510742187502
-0.0324554443359375 -0.0243415832519531 -0.0539169311523438 0.0238456726074219
-0.0399513244628906 0.00337600708007812 0.0137443542480469 -0.0191707611083984
-0.0202159881591797 0.0255584716796875 0.0242462158203125 -0.0599365234375
-0.00872611999511719 0.0236606597900391 0.00370788574218751 -0.0936355590820313
0.000743865966796876 0.0198783874511719 -0.0523834228515625 -0.104606628417969
-0.00522422790527344 0.0198707580566406 -0.0991134643554688 -0.0602645874023438
-0.0110855102539063 0.0204868316650391 -0.0951385498046875 -0.0294647216796875
-0.0115909576416016 0.0215911865234375 -0.0909347534179688 -0.00847625732421875
-0.0190296173095703 0.00806617736816406 -0.0790557861328125 -0.01123046875
-0.0217971801757813 0.00104713439941406 -0.0597305297851563 0.00447463989257813
-0.0282077789306641 -0.00436782836914063 -0.0571174621582031 0.0246086120605469
-0.0269622802734375 -0.0264034271240234 -0.0666885375976563 0.0416679382324219
-0.0175628662109375 -0.0452384948730469 -0.0900421142578125 0.09356689453125
0.00439834594726563 -0.0621681213378906 -0.121589660644531 0.108375549316406
0.062164306640625 -0.072296142578125 -0.139991760253906 -0.00985717773437499
0.0205001831054688 -0.0407676696777344 -0.0466537475585938 0.00952529907226563
0.005340576171875 -0.0336551666259766 0.0219802856445313 -0.0325279235839844
0.000967979431152345 -0.0143232345581055 0.0287094116210938 -0.0721435546875
-0.00369071960449219 -0.0192661285400391 0.009002685546875 -0.100669860839844
-0.0160207748413086 -0.0146417617797852 -0.0488739013671875 -0.1075439453125
-0.0360488891601563 -0.00346374511718751 -0.0927963256835938 -0.0641860961914063
-0.0442695617675781 -0.00307464599609375 -0.0846328735351563 -0.0331954956054688
-0.0497817993164063 0.00409698486328126 -0.0812835693359375 -0.0101165771484375
-0.0480461120605469 -0.017120361328125 -0.0700874328613281 -0.00758361816406249
-0.0423355102539063 -0.0367889404296875 -0.0529518127441406 0.00680160522460936
-0.0337982177734375 -0.050811767578125 -0.0550041198730469 0.0228233337402344
0.00315093994140625 -0.0736923217773438 -0.0578727722167969 0.0324172973632813
0.0225982666015625 -0.0806503295898438 -0.0764694213867187 0.0807113647460938
0.0626907348632813 -0.0906295776367188 -0.101287841796875 0.0929641723632813
0.118003845214844 -0.078216552734375 -0.108970642089844 -0.0306854248046875
0.0762481689453125 -0.052886962890625 -0.0255203247070313 -0.00400924682617188
0.0555343627929687 -0.071319580078125 0.037078857421875 -0.0435676574707031
0.0250015258789063 -0.0588607788085938 0.0359039306640625 -0.0796127319335938
0.000961303710937494 -0.0651817321777344 0.014495849609375 -0.100204467773438
-0.0325164794921875 -0.0505142211914063 -0.0396194458007812 -0.099151611328125
-0.0628623962402344 -0.0273628234863281 -0.0741043090820313 -0.05987548828125
-0.072784423828125 -0.0262222290039063 -0.0618782043457031 -0.0328788757324219
-0.0814895629882813 -0.0124359130859375 -0.0586776733398438 -0.0101814270019531
-0.0720062255859375 -0.036468505859375 -0.0495262145996094 0.000576019287109375
-0.0612869262695313 -0.0665359497070313 -0.0396652221679688 0.0126800537109375
-0.0418701171875 -0.0880126953125 -0.0499496459960938 0.0236244201660156
0.025360107421875 -0.113716125488281 -0.0500297546386719 0.0228157043457031
0.0556716918945312 -0.107696533203125 -0.0600547790527344 0.0561561584472656
0.110496520996094 -0.108078002929688 -0.0645828247070313 0.0671958923339844
0.156005859375 -0.0756378173828125 -0.0604171752929688 -0.0519332885742188
0.121002197265625 -0.05963134765625 0.00775146484375001 -0.0207042694091797
0.0957489013671875 -0.104591369628906 0.0541152954101563 -0.0502166748046875
0.0419082641601562 -0.100578308105469 0.04449462890625 -0.0800628662109375
0.001922607421875 -0.104400634765625 0.0223846435546875 -0.0892105102539063
-0.0468673706054688 -0.0790481567382813 -0.022216796875 -0.0785675048828125
-0.0817413330078125 -0.0465927124023438 -0.04400634765625 -0.0488853454589844
-0.0892715454101562 -0.0461578369140625 -0.0292549133300781 -0.0277996063232422
-0.101211547851563 -0.0281982421875 -0.0266132354736328 -0.00731849670410157
-0.0829391479492188 -0.0523681640625 -0.0204677581787109 0.0102252960205078
-0.0690078735351562 -0.0878677368164063 -0.0229644775390625 0.0199909210205078
-0.0428390502929688 -0.112617492675781 -0.041748046875 0.0250091552734375
0.0461044311523438 -0.13714599609375 -0.0419158935546875 0.0120697021484375
0.083587646484375 -0.118026733398438 -0.0431785583496094 0.0243263244628906
0.1434326171875 -0.107833862304688 -0.0194301605224609 0.0350723266601562
0.166091918945312 -0.0629425048828125 -0.00334930419921874 -0.07373046875
0.141433715820313 -0.0585479736328125 0.0450057983398438 -0.0415573120117188
0.116928100585938 -0.119117736816406 0.0680923461914063 -0.0561485290527344
0.0485076904296875 -0.122734069824219 0.0517959594726562 -0.0723648071289063
-1.5258789062503E-05 -0.124893188476562 0.0322914123535156 -0.0682907104492188
-0.0555801391601563 -0.0931396484375 0.00188827514648437 -0.0508460998535156
-0.08843994140625 -0.057281494140625 -0.00579833984375 -0.0321483612060547
-0.0930938720703125 -0.057708740234375 0.00756645202636718 -0.0194721221923828
-0.104362487792969 -0.04254150390625 0.00935173034667968 -0.000474929809570315
-0.0788040161132813 -0.0650177001953125 0.00873565673828124 0.0231075286865234
-0.0601882934570312 -0.100151062011719 -0.00544929504394532 0.0299758911132812
-0.029083251953125 -0.121932983398438 -0.0326519012451172 0.0253734588623047
0.0692062377929688 -0.137542724609375 -0.03460693359375 0.00167465209960937
0.106063842773438 -0.107078552246094 -0.0243434906005859 -0.00784492492675782
0.157699584960937 -0.0875396728515625 0.0305519104003906 0.00502967834472656
0.147903442382813 -0.0408782958984375 0.051239013671875 -0.0925216674804688
0.133552551269531 -0.0451278686523438 0.07635498046875 -0.0646743774414062
0.113395690917969 -0.108779907226563 0.0738754272460938 -0.059906005859375
0.0446624755859375 -0.116165161132812 0.0564117431640625 -0.0598640441894531
-0.00109100341796874 -0.117927551269531 0.0421714782714844 -0.0427970886230469
-0.0531234741210937 -0.088470458984375 0.0295429229736328 -0.0234203338623047
-0.0802459716796875 -0.0572891235351563 0.0326690673828125 -0.0166816711425781
-0.0825042724609375 -0.0616989135742187 0.0420913696289062 -0.00799179077148438
-0.0917739868164063 -0.0519866943359375 0.0424079895019531 0.0111770629882812
-0.0614166259765625 -0.0710678100585937 0.0333671569824219 0.0405311584472656
-0.03790283203125 -0.0999069213867188 0.00692749023437499 0.0438880920410156
-0.00412750244140625 -0.114875793457031 -0.0243778228759766 0.0284442901611328
0.08953857421875 -0.113204956054688 -0.0249214172363281 -0.00457382202148438
0.117141723632813 -0.0743408203125 -0.00140762329101562 -0.031097412109375
0.150222778320313 -0.050994873046875 0.0790939331054688 -0.0154266357421875
0.10516357421875 -0.0118560791015625 0.0906295776367188 -0.107742309570313
0.103721618652344 -0.021270751953125 0.09490966796875 -0.0853118896484375
0.0913619995117188 -0.0744857788085938 0.0715789794921875 -0.0587081909179688
0.0358123779296875 -0.0855865478515625 0.0564193725585938 -0.0461463928222656
0.00165557861328126 -0.0875244140625 0.0492439270019531 -0.0199165344238281
-0.03826904296875 -0.0689125061035156 0.0531768798828125 -0.00197601318359375
-0.0583915710449219 -0.0485877990722656 0.0661201477050781 -0.00472259521484375
-0.0595588684082031 -0.0547828674316406 0.0688629150390625 0.00431442260742187
-0.0672721862792969 -0.0525169372558594 0.0683479309082031 0.0273284912109375
-0.0377006530761719 -0.0660362243652344 0.0487289428710937 0.0631179809570313
-0.0126724243164063 -0.085693359375 0.0118560791015625 0.0616722106933594
0.0197906494140625 -0.0910491943359375 -0.0194091796875 0.0351524353027344
0.0962677001953125 -0.0733718872070313 -0.0152339935302734 -0.00282859802246094
0.111274719238281 -0.031158447265625 0.0221099853515625 -0.0391960144042969
0.120193481445312 -0.00879669189453125 0.119819641113281 -0.02081298828125
0.048736572265625 0.0214996337890625 0.110916137695313 -0.114471435546875
0.0603294372558594 0.00946044921875 0.0982894897460938 -0.096832275390625
0.0597114562988281 -0.0281295776367188 0.0637931823730469 -0.0531730651855469
0.0259246826171875 -0.0407829284667969 0.0549163818359375 -0.0336761474609375
0.00992584228515625 -0.044281005859375 0.0533103942871094 -0.00457763671875
-0.0139541625976562 -0.04119873046875 0.0690956115722656 0.0095977783203125
-0.0267372131347656 -0.0343589782714844 0.0861892700195313 0.00272369384765625
-0.0287971496582031 -0.0400619506835938 0.0855026245117188 0.0150146484375
-0.0361900329589844 -0.0429611206054687 0.0843734741210938 0.0445632934570313
-0.0160064697265625 -0.0476341247558594 0.0548629760742188 0.0844192504882813
0.00426483154296876 -0.0592308044433594 0.00960540771484376 0.07904052734375
0.0289993286132812 -0.0588493347167969 -0.0175514221191406 0.0450248718261719
0.0813522338867188 -0.0326766967773438 -0.00915050506591796 0.00686073303222656
0.083831787109375 0.008575439453125 0.0410385131835938 -0.0323867797851563
0.0697708129882813 0.0297813415527344 0.147018432617187 -0.011932373046875
-0.00226593017578125 -0.0573501586914063 -0.154052734375 0.0132904052734375
-0.0349884033203125 -0.0242347717285156 -0.0548057556152344 0.0257530212402344
-0.0413169860839844 0.0045623779296875 0.0151557922363281 -0.0184917449951172
-0.0195064544677734 0.0263519287109375 0.0256309509277344 -0.0619850158691406
-0.00809097290039063 0.0245685577392578 0.00408172607421876 -0.0970077514648437
0.000677108764648436 0.0197067260742188 -0.0556564331054688 -0.107704162597656
-0.00542640686035156 0.0204448699951172 -0.103103637695313 -0.0591354370117187
-0.0110874176025391 0.0216732025146484 -0.0991439819335938 -0.0270004272460937
-0.0114612579345703 0.0214214324951172 -0.09429931640625 -0.00624084472656252
-0.0196533203125 0.00743675231933594 -0.0843429565429688 -0.00959014892578124
-0.0224075317382813 0.000844955444335933 -0.0633888244628906 0.00533676147460937
-0.0289344787597656 -0.00380134582519531 -0.0598793029785156 0.0261344909667969
-0.0286273956298828 -0.0266399383544922 -0.0690155029296875 0.043121337890625
-0.0191421508789063 -0.0465507507324219 -0.09124755859375 0.0977020263671875
0.00222396850585937 -0.0640525817871094 -0.123497009277344 0.115921020507812
0.062835693359375 -0.0752182006835938 -0.143814086914063 -0.00700378417968753
0.0204544067382812 -0.0425605773925781 -0.0469398498535156 0.0117149353027344
0.00404167175292969 -0.0348033905029297 0.0231094360351563 -0.0323600769042969
0.00143051147460937 -0.01446533203125 0.0301666259765625 -0.074066162109375
-0.0037078857421875 -0.0197010040283203 0.00865936279296876 -0.104721069335938
-0.0167827606201172 -0.0155134201049805 -0.051239013671875 -0.110870361328125
-0.0370292663574219 -0.00311660766601563 -0.0962066650390625 -0.0638504028320312
-0.0463752746582031 -0.00173568725585937 -0.0882034301757813 -0.0312347412109375
-0.0511856079101562 0.00485992431640626 -0.084930419921875 -0.00816345214843749
-0.0499229431152344 -0.0169601440429688 -0.0746002197265625 -0.00556182861328124
-0.04400634765625 -0.037078857421875 -0.0565414428710938 0.0077972412109375
-0.0357017517089844 -0.0509681701660156 -0.0577888488769531 0.0241203308105469
0.00167083740234376 -0.0757598876953125 -0.0601654052734375 0.0336380004882813
0.0221176147460938 -0.083038330078125 -0.0773849487304687 0.0840377807617188
0.06231689453125 -0.094818115234375 -0.102798461914063 0.0989303588867187
0.120773315429688 -0.0827713012695312 -0.111930847167969 -0.0290756225585938
0.078216552734375 -0.056182861328125 -0.0254688262939453 -0.00255203247070313
0.0549468994140625 -0.0746383666992188 0.0383758544921875 -0.0426483154296875
0.0241203308105469 -0.0616188049316406 0.0371551513671875 -0.0815811157226563
-7.62939453124937E-05 -0.0673332214355469 0.0145950317382813 -0.104141235351563
-0.0344467163085938 -0.0516090393066406 -0.0414810180664063 -0.102264404296875
-0.0654678344726563 -0.0269126892089844 -0.0773391723632812 -0.0593032836914062
-0.075927734375 -0.0246353149414062 -0.0643806457519531 -0.0320472717285156
-0.0845260620117188 -0.0110244750976562 -0.0616302490234375 -0.00757980346679688
-0.074737548828125 -0.03692626953125 -0.0521049499511719 0.00175094604492188
-0.0641937255859375 -0.0678176879882812 -0.0427207946777344 0.0129966735839844
-0.0448837280273437 -0.0897750854492188 -0.0532112121582031 0.0250434875488281
0.0237884521484375 -0.118110656738281 -0.0522575378417969 0.0225601196289062
0.0557022094726563 -0.111412048339844 -0.061126708984375 0.0589637756347656
0.111846923828125 -0.114242553710937 -0.0655288696289063 0.0724258422851562
0.1597900390625 -0.08111572265625 -0.0626182556152344 -0.0520820617675781
0.123756408691406 -0.0647735595703125 0.00844192504882813 -0.0198879241943359
0.0967941284179687 -0.110549926757812 0.0557746887207031 -0.051177978515625
0.0412673950195312 -0.104377746582031 0.0462417602539063 -0.0826416015625
-0.000198364257812499 -0.107795715332031 0.0225372314453125 -0.0926437377929688
-0.0499420166015625 -0.0810317993164063 -0.0233078002929688 -0.0809783935546875
-0.08587646484375 -0.0460586547851563 -0.0450439453125 -0.0485115051269531
-0.0943679809570313 -0.0442733764648437 -0.0313434600830078 -0.0271377563476563
-0.104827880859375 -0.0266571044921875 -0.0284194946289063 -0.00599288940429688
-0.08648681640625 -0.0536270141601563 -0.02301025390625 0.0117034912109375
-0.0730209350585937 -0.0890731811523438 -0.0255947113037109 0.0212478637695312
-0.0466232299804688 -0.115402221679687 -0.0447196960449219 0.0265693664550781
0.044158935546875 -0.143356323242187 -0.0448226928710938 0.01129150390625
0.0842132568359375 -0.123641967773437 -0.044830322265625 0.0262870788574219
0.145751953125 -0.115493774414063 -0.0199851989746094 0.0374107360839844
0.1708984375 -0.068328857421875 -0.00364685058593749 -0.0752944946289062
0.145355224609375 -0.06304931640625 0.0467376708984375 -0.0421562194824219
0.117767333984375 -0.126304626464844 0.0699424743652344 -0.0570030212402344
0.0472869873046875 -0.126991271972656 0.0543060302734375 -0.0748062133789063
-0.00363922119140625 -0.128807067871094 0.0339736938476563 -0.0710830688476563
-0.0591506958007813 -0.095703125 0.002532958984375 -0.05291748046875
-0.0923385620117188 -0.05682373046875 -0.00645828247070313 -0.0332736968994141
-0.0986557006835938 -0.0570297241210938 0.00647354125976562 -0.0194339752197266
-0.108291625976563 -0.0409469604492187 0.00844240188598632 -0.000225543975830081
-0.08251953125 -0.0658340454101563 0.00809669494628906 0.0242767333984375
-0.0646591186523438 -0.101371765136719 -0.00718307495117188 0.0310325622558594
-0.0326461791992188 -0.124778747558594 -0.0356826782226563 0.0268096923828125
0.06787109375 -0.144393920898438 -0.0373382568359375 0.000743865966796859
0.107711791992187 -0.112503051757812 -0.0259056091308594 -0.00763130187988282
0.161163330078125 -0.09515380859375 0.0314979553222656 0.00538444519042968
0.152023315429688 -0.0451507568359375 0.0516128540039063 -0.096923828125
0.138328552246094 -0.0488204956054688 0.0797653198242188 -0.0668487548828125
0.115562438964844 -0.115028381347656 0.076568603515625 -0.0605010986328125
0.0440292358398438 -0.121330261230469 0.0576591491699219 -0.0621452331542969
-0.00415039062499999 -0.121688842773438 0.0443878173828125 -0.0451240539550781
-0.0567398071289062 -0.09002685546875 0.0317897796630859 -0.0252475738525391
-0.0834884643554687 -0.0569000244140625 0.0342521667480469 -0.0187339782714844
-0.08734130859375 -0.060089111328125 0.0422821044921875 -0.0092620849609375
-0.0959701538085937 -0.0505828857421875 0.0428695678710937 0.0108528137207031
-0.0649642944335938 -0.0721588134765625 0.03497314453125 0.0411338806152344
-0.04119873046875 -0.1024169921875 0.0064544677734375 0.0456123352050781
-0.006317138671875 -0.117958068847656 -0.0272045135498047 0.0307502746582031
0.0894546508789063 -0.119949340820313 -0.0277328491210937 -0.00560760498046876
0.119422912597656 -0.0793304443359375 -0.0029621124267578 -0.032440185546875
0.154983520507813 -0.05706787109375 0.0809402465820313 -0.0171279907226563
0.107933044433594 -0.0145797729492187 0.0924835205078125 -0.113136291503906
0.106758117675781 -0.0234756469726563 0.0977020263671875 -0.0891265869140625
0.0934219360351562 -0.07977294921875 0.0743637084960938 -0.059783935546875
0.03558349609375 -0.0889739990234375 0.0581512451171875 -0.0479202270507813
-0.000343322753906255 -0.0904541015625 0.0516510009765625 -0.0212898254394531
-0.041717529296875 -0.0702018737792969 0.0568199157714844 -0.0031890869140625
-0.0612258911132813 -0.0480728149414062 0.0681495666503906 -0.0068817138671875
-0.063232421875 -0.0544090270996094 0.0706787109375 0.0025787353515625
-0.0708084106445313 -0.0522079467773438 0.0705108642578125 0.0259628295898437
-0.0396919250488281 -0.0674972534179688 0.0509567260742188 0.0641555786132813
-0.01446533203125 -0.0880050659179688 0.0116691589355469 0.0636100769042969
0.0186309814453125 -0.0941085815429688 -0.0213851928710937 0.0363082885742187
0.0973587036132813 -0.078948974609375 -0.0174503326416016 -0.00426387786865235
0.114631652832031 -0.0344085693359375 0.0212440490722656 -0.0409774780273438
0.123855590820313 -0.012237548828125 0.122787475585938 -0.0231781005859375
0.0506629943847656 0.0214271545410156 0.113182067871094 -0.120170593261719
0.0629386901855469 0.00876235961914063 0.100799560546875 -0.101654052734375
0.0615043640136719 -0.0311012268066406 0.0656700134277344 -0.0546913146972656
0.0262985229492187 -0.0420989990234375 0.0567550659179687 -0.0347557067871094
0.00931549072265625 -0.0456581115722656 0.0557937622070313 -0.0053253173828125
-0.0149497985839844 -0.0419387817382813 0.07281494140625 0.008056640625
-0.0278797149658203 -0.0341434478759766 0.0893478393554688 0.000610351562499998
-0.0309715270996094 -0.0402450561523437 0.0882415771484375 0.0132598876953125
-0.0387802124023438 -0.0425224304199219 0.087615966796875 0.0436172485351563
-0.0170249938964844 -0.0492477416992188 0.0579910278320313 0.0856552124023438
0.00309371948242187 -0.0609550476074219 0.00961303710937499 0.0821762084960938
0.0283851623535156 -0.0605964660644531 -0.0193824768066406 0.0468521118164062
0.0828323364257813 -0.0361404418945313 -0.0108413696289062 0.00584888458251953
0.0867233276367188 0.00714111328125 0.040435791015625 -0.0348091125488281
0.0729446411132813 0.0285415649414062 0.150253295898438 -0.0140228271484375
-0.00510406494140625 -0.0594444274902344 -0.158950805664063 0.02008056640625
-0.0374107360839844 -0.0240478515625 -0.0552520751953125 0.0301513671875
-0.0435905456542969 0.00624847412109375 0.0160427093505859 -0.0186138153076172
-0.0184497833251953 0.0278911590576172 0.02606201171875 -0.0647048950195313
-0.00654411315917969 0.0255527496337891 0.0014495849609375 -0.101982116699219
0.00115776062011719 0.0198078155517578 -0.0621719360351562 -0.110557556152344
-0.00531768798828125 0.0209331512451172 -0.109710693359375 -0.0561599731445312
-0.0104618072509766 0.0224552154541016 -0.103843688964844 -0.0228042602539062
-0.0113563537597656 0.0227279663085938 -0.0985565185546875 -0.000274658203124978
-0.0199508666992188 0.00841522216796875 -0.0897598266601563 -0.00572204589843749
-0.0227699279785156 0.00191497802734375 -0.0675621032714844 0.00742721557617186
-0.0295047760009766 -0.00249481201171875 -0.061676025390625 0.0290946960449219
-0.0306415557861328 -0.0260295867919922 -0.0703353881835938 0.0467529296875
-0.0218887329101563 -0.0471153259277344 -0.090576171875 0.105621337890625
-0.0008697509765625 -0.0664901733398438 -0.124107360839844 0.127143859863281
0.0621566772460938 -0.0807418823242188 -0.1488037109375 -0.00129699707031248
0.0196037292480469 -0.0458641052246094 -0.0470008850097656 0.0154609680175781
0.00226593017578125 -0.0366134643554688 0.0238494873046875 -0.0329055786132813
0.00105857849121094 -0.015376091003418 0.0296249389648437 -0.0774459838867188
-0.00457763671875 -0.0204181671142578 0.0059814453125 -0.110069274902344
-0.0183639526367188 -0.0157909393310547 -0.0576858520507813 -0.11370849609375
-0.0386962890625 -0.00156402587890625 -0.102149963378906 -0.0609817504882813
-0.0482978820800781 0.000293731689453125 -0.0932464599609375 -0.0272903442382813
-0.0532608032226563 0.00751876831054688 -0.0888900756835938 -0.00263977050781251
-0.0524635314941406 -0.0156936645507812 -0.0794906616210938 -0.00185394287109376
-0.0470123291015625 -0.0373039245605469 -0.0599594116210938 0.00995635986328124
-0.0384521484375 -0.0508651733398438 -0.0600051879882813 0.027435302734375
-0.00195312500000001 -0.0789947509765625 -0.0617408752441406 0.0357475280761719
0.0190658569335938 -0.0868301391601563 -0.0768508911132813 0.0904083251953125
0.0605697631835938 -0.101936340332031 -0.102294921875 0.109878540039062
0.122444152832031 -0.09161376953125 -0.116546630859375 -0.0250015258789063
0.0788421630859375 -0.0621337890625 -0.0244426727294922 -1.52587890625017E-05
0.0527801513671875 -0.0809707641601563 0.0394668579101563 -0.0445213317871094
0.0229682922363281 -0.0646095275878906 0.0370254516601562 -0.0858688354492187
-0.00320053100585938 -0.0692176818847656 0.0123977661132812 -0.10943603515625
-0.0376434326171875 -0.052886962890625 -0.0466232299804688 -0.104759216308594
-0.0692710876464844 -0.0250244140625 -0.0816650390625 -0.0579605102539063
-0.080596923828125 -0.0213394165039062 -0.0687141418457031 -0.0288772583007813
-0.0884170532226563 -0.00682830810546876 -0.06500244140625 -0.00328063964843749
-0.0792617797851563 -0.0355377197265625 -0.0560951232910156 0.00558471679687501
-0.0693893432617187 -0.0680160522460938 -0.0468940734863281 0.0165481567382812
-0.0501480102539063 -0.0900115966796875 -0.0553970336914062 0.029022216796875
0.0190048217773437 -0.124343872070313 -0.0549964904785156 0.0242652893066406
0.05267333984375 -0.118309020996094 -0.0605316162109375 0.064178466796875
0.110481262207031 -0.125343322753906 -0.0652084350585938 0.0791244506835937
0.162109375 -0.0908966064453125 -0.0655441284179687 -0.0508575439453125
0.1258544921875 -0.0736465454101563 0.0100040435791016 -0.0192584991455078
0.0940475463867188 -0.119956970214844 0.0569877624511719 -0.0529899597167969
0.0375747680664063 -0.10968017578125 0.0462265014648438 -0.0864105224609375
-0.0059661865234375 -0.111579895019531 0.0209732055664063 -0.0976791381835938
-0.055908203125 -0.0821533203125 -0.026702880859375 -0.08453369140625
-0.0899429321289063 -0.0442428588867187 -0.0489006042480469 -0.0480995178222656
-0.100357055664063 -0.04034423828125 -0.034027099609375 -0.0268802642822266
-0.110061645507812 -0.0217666625976562 -0.0304088592529297 -0.00359916687011719
-0.091827392578125 -0.0517959594726563 -0.0248279571533203 0.0135688781738281
-0.0796127319335937 -0.0894851684570313 -0.0276203155517578 0.0239887237548828
-0.0535049438476563 -0.116584777832031 -0.0472640991210938 0.0301132202148437
0.03887939453125 -0.151824951171875 -0.048095703125 0.0118598937988281
0.081756591796875 -0.131973266601563 -0.0452804565429688 0.0292892456054687
0.1461181640625 -0.128005981445313 -0.0186004638671875 0.0417442321777344
0.17486572265625 -0.078704833984375 -0.00586700439453123 -0.0782241821289062
0.1488037109375 -0.0730743408203125 0.0481605529785156 -0.0445671081542969
0.116188049316406 -0.137130737304688 0.071197509765625 -0.0597152709960938
0.043212890625 -0.134239196777344 0.054168701171875 -0.0792083740234375
-0.0101470947265625 -0.133049011230469 0.033172607421875 -0.0753707885742188
-0.0655136108398438 -0.0961151123046875 0.00225830078125 -0.0560951232910156
-0.098052978515625 -0.0547409057617188 -0.0073699951171875 -0.03436279296875
-0.105361938476563 -0.0529403686523437 0.00502014160156249 -0.0206241607666016
-0.114219665527344 -0.0363616943359375 0.00713348388671874 -0.000224590301513674
-0.0888824462890625 -0.0647964477539062 0.00858306884765625 0.0242137908935547
-0.071380615234375 -0.1024169921875 -0.00857734680175782 0.033599853515625
-0.0398178100585938 -0.128303527832031 -0.0378494262695313 0.0305252075195312
0.0630950927734375 -0.154190063476562 -0.0408515930175781 0.000453948974609367
0.106681823730469 -0.121818542480469 -0.0277519226074219 -0.00643920898437501
0.162612915039063 -0.107147216796875 0.033294677734375 0.00518417358398437
0.155685424804688 -0.0539093017578125 0.0500869750976563 -0.103157043457031
0.14208984375 -0.057281494140625 0.0803375244140625 -0.0721054077148438
0.113983154296875 -0.12542724609375 0.0780029296875 -0.0642166137695313
0.0402755737304687 -0.127937316894531 0.0589752197265625 -0.06646728515625
-0.0110931396484375 -0.125885009765625 0.0447883605957031 -0.0488014221191406
-0.0629653930664063 -0.09136962890625 0.0333328247070312 -0.0281333923339844
-0.0897140502929688 -0.0549087524414063 0.0351943969726562 -0.0213470458984375
-0.0945663452148437 -0.0568389892578125 0.0426788330078125 -0.0116691589355469
-0.102119445800781 -0.0467605590820312 0.0437126159667969 0.00876617431640625
-0.0705490112304687 -0.0717697143554688 0.0371627807617187 0.0417137145996094
-0.0471572875976563 -0.103965759277344 0.00635147094726562 0.0478172302246094
-0.0120697021484375 -0.121871948242188 -0.0293617248535156 0.0324916839599609
0.086700439453125 -0.129783630371094 -0.03118896484375 -0.00659751892089845
0.121307373046875 -0.0873031616210938 -0.00511741638183593 -0.0332813262939453
0.1580810546875 -0.068206787109375 0.0825958251953125 -0.0198822021484375
0.11212158203125 -0.0198287963867188 0.091705322265625 -0.121963500976563
0.110794067382812 -0.028839111328125 0.0985183715820312 -0.0957107543945312
0.09344482421875 -0.0876007080078125 0.0751190185546875 -0.0639801025390625
0.0329132080078125 -0.0942001342773438 0.059326171875 -0.0514869689941406
-0.0059051513671875 -0.0941238403320313 0.0539093017578125 -0.0244865417480469
-0.0459442138671875 -0.0714187622070313 0.0609207153320313 -0.00688934326171875
-0.0660171508789063 -0.0470924377441406 0.071075439453125 -0.011688232421875
-0.0695381164550781 -0.0524559020996094 0.0726547241210938 -0.001312255859375
-0.075653076171875 -0.0490951538085937 0.0727615356445313 0.0233230590820313
-0.0450057983398438 -0.06781005859375 0.0551910400390625 0.063629150390625
-0.0189056396484375 -0.0906982421875 0.0128746032714844 0.0663375854492188
0.01483154296875 -0.09857177734375 -0.0230522155761719 0.0389785766601562
0.0969390869140625 -0.087188720703125 -0.0197792053222656 -0.00515365600585938
0.116767883300781 -0.040771484375 0.0197029113769531 -0.0443077087402344
0.127998352050781 -0.0186996459960938 0.125694274902344 -0.0285797119140625
0.0537948608398437 0.0204734802246094 0.111862182617188 -0.131103515625
0.0668220520019531 0.00628280639648438 0.100791931152344 -0.109542846679688
0.0627288818359375 -0.035308837890625 0.067108154296875 -0.0585708618164062
0.0250892639160156 -0.0447044372558594 0.0582542419433594 -0.0382843017578125
0.00668716430664063 -0.048309326171875 0.0586814880371094 -0.00751495361328125
-0.018096923828125 -0.042694091796875 0.0780181884765625 0.00479888916015625
-0.0301437377929688 -0.0343418121337891 0.0935745239257812 -0.0048828125
-0.034881591796875 -0.0395774841308594 0.090911865234375 0.00865936279296875
-0.0425682067871094 -0.0413169860839844 0.0916290283203125 0.04052734375
-0.0201416015625 -0.0502510070800781 0.0635833740234375 0.0861663818359375
0.000194549560546882 -0.0632858276367188 0.0127639770507813 0.085357666015625
0.0264625549316406 -0.0640220642089844 -0.019927978515625 0.0491561889648437
0.0837936401367188 -0.0415420532226563 -0.0125837326049805 0.00479030609130859
0.0910568237304688 0.00342559814453125 0.0395927429199219 -0.037628173828125
0.0769424438476563 0.026275634765625 0.154647827148438 -0.0205230712890625
-0.0088958740234375 -0.0601463317871094 -0.16064453125 0.0310821533203125
-0.0398483276367188 -0.0221786499023437 -0.0538864135742188 0.0351486206054688
-0.0448799133300781 0.00910186767578124 0.016754150390625 -0.0188980102539063
-0.0166969299316406 0.0298328399658203 0.0250015258789063 -0.0671348571777344
-0.00476646423339844 0.02618408203125 -0.00373077392578126 -0.105110168457031
0.00218772888183594 0.0196762084960937 -0.0708236694335937 -0.108802795410156
-0.00419807434082031 0.021331787109375 -0.115097045898437 -0.049102783203125
-0.00906181335449219 0.0237941741943359 -0.107009887695313 -0.0150527954101562
-0.00992202758789063 0.0231571197509766 -0.100509643554688 0.007232666015625
-0.0201778411865234 0.00951004028320313 -0.0933761596679688 0.00134277343749998
-0.0231437683105469 0.00312614440917969 -0.0704193115234375 0.012542724609375
-0.0306777954101563 -0.000152587890625005 -0.0617408752441406 0.0335121154785156
-0.0335617065429688 -0.0246677398681641 -0.0697669982910156 0.0517463684082031
-0.0257225036621094 -0.0466651916503906 -0.0855255126953125 0.113471984863281
-0.00596618652343749 -0.0679664611816406 -0.117874145507812 0.139976501464844
0.0582427978515625 -0.0865554809570313 -0.151199340820313 0.00860595703125
0.0170440673828125 -0.0480461120605469 -0.0463294982910156 0.0196380615234375
-0.000831604003906254 -0.0376510620117188 0.0240058898925781 -0.0340995788574219
0.000866889953613282 -0.0160932540893555 0.027557373046875 -0.080413818359375
-0.00530242919921875 -0.020538330078125 0.00025939941406251 -0.11322021484375
-0.0200786590576172 -0.0157947540283203 -0.0663528442382812 -0.113029479980469
-0.0403327941894531 0.000831604003906246 -0.108230590820312 -0.0546417236328125
-0.0493927001953125 0.0041351318359375 -0.0966262817382812 -0.0205917358398437
-0.0538063049316406 0.011016845703125 -0.0911788940429688 0.00487518310546874
-0.0547981262207031 -0.0134544372558594 -0.0831451416015625 0.00469207763671876
-0.0503807067871094 -0.0354118347167969 -0.06396484375 0.0143241882324219
-0.0428276062011719 -0.0493583679199219 -0.0609054565429688 0.0316429138183594
-0.00763702392578125 -0.080963134765625 -0.0619888305664063 0.0394210815429687
0.0135879516601563 -0.0902328491210938 -0.072235107421875 0.0977020263671875
0.0543441772460937 -0.108619689941406 -0.0971221923828125 0.120826721191406
0.118507385253906 -0.102096557617188 -0.119308471679687 -0.0171432495117188
0.07659912109375 -0.069488525390625 -0.0232315063476562 0.00253486633300781
0.0479736328125 -0.08642578125 0.0393714904785156 -0.0463905334472656
0.019134521484375 -0.0680313110351563 0.0338821411132813 -0.0896530151367188
-0.00770568847656249 -0.0706558227539063 0.00659942626953125 -0.1131591796875
-0.0422096252441406 -0.0524024963378906 -0.0545806884765625 -0.1046142578125
-0.0725936889648438 -0.0206222534179688 -0.087188720703125 -0.053375244140625
-0.0841598510742187 -0.015777587890625 -0.071868896484375 -0.0240249633789063
-0.0909652709960937 -0.00119781494140626 -0.0667953491210938 0.00232315063476562
-0.0835952758789063 -0.031402587890625 -0.0591239929199219 0.010284423828125
-0.075347900390625 -0.0650787353515625 -0.0491256713867188 0.0204010009765625
-0.0570831298828125 -0.0885543823242187 -0.0565452575683594 0.0335311889648437
0.010162353515625 -0.129135131835938 -0.0569915771484375 0.0270614624023438
0.046112060546875 -0.12408447265625 -0.0579757690429687 0.0694236755371094
0.103981018066406 -0.136512756347656 -0.0603866577148438 0.0877532958984375
0.160202026367187 -0.104888916015625 -0.0691146850585937 -0.0471458435058594
0.124794006347656 -0.0839767456054688 0.0104598999023438 -0.0190925598144531
0.0876617431640625 -0.129600524902344 0.0572547912597656 -0.0556907653808594
0.0312957763671875 -0.114555358886719 0.0434417724609375 -0.0902099609375
-0.0141220092773437 -0.113929748535156 0.016204833984375 -0.10198974609375
-0.061767578125 -0.0812606811523438 -0.0318984985351563 -0.084747314453125
-0.0956344604492188 -0.0390548706054687 -0.0526161193847656 -0.0455207824707031
-0.106063842773438 -0.033111572265625 -0.0367622375488281 -0.0243339538574219
-0.113853454589844 -0.0147323608398437 -0.0324211120605469 -0.000694274902343756
-0.0979385375976562 -0.0468673706054688 -0.0260734558105469 0.0164375305175781
-0.087310791015625 -0.08624267578125 -0.0292148590087891 0.0268497467041015
-0.0620803833007813 -0.115318298339844 -0.0488662719726563 0.0347747802734375
0.027801513671875 -0.158645629882812 -0.0511436462402344 0.0141372680664062
0.0747222900390625 -0.140487670898438 -0.0446395874023437 0.0324935913085938
0.139801025390625 -0.142379760742188 -0.0162200927734375 0.045318603515625
0.173309326171875 -0.0927581787109375 -0.0100631713867187 -0.079193115234375
0.148025512695313 -0.0852203369140625 0.0475540161132813 -0.0474662780761719
0.109283447265625 -0.149200439453125 0.0704727172851563 -0.06353759765625
0.0351028442382813 -0.139739990234375 0.0516204833984375 -0.0834503173828125
-0.0200958251953125 -0.135169982910156 0.0299530029296875 -0.0797042846679688
-0.0733566284179688 -0.094207763671875 0.000198364257812499 -0.0585861206054688
-0.103713989257813 -0.0486221313476563 -0.00876617431640626 -0.0353164672851563
-0.112098693847656 -0.0454864501953125 0.00362777709960937 -0.0211925506591797
-0.119491577148438 -0.0277175903320313 0.00648689270019531 0.000224113464355467
-0.0950927734375 -0.06060791015625 0.00923919677734374 0.0252704620361328
-0.0797195434570313 -0.0996170043945312 -0.00861358642578125 0.0359039306640625
-0.04901123046875 -0.127716064453125 -0.0395393371582031 0.0344886779785156
0.052764892578125 -0.162628173828125 -0.0443992614746094 0.00173950195312498
0.100837707519531 -0.131340026855469 -0.0290126800537109 -0.00494003295898438
0.158905029296875 -0.122360229492187 0.0339775085449219 0.00453186035156249
0.156036376953125 -0.0662689208984375 0.04541015625 -0.108619689941406
0.1417236328125 -0.068603515625 0.0785446166992188 -0.0781173706054688
0.108177185058594 -0.137229919433594 0.076385498046875 -0.0687332153320313
0.0330123901367187 -0.132659912109375 0.05670166015625 -0.0708999633789063
-0.0203170776367187 -0.128067016601563 0.0442619323730469 -0.0528335571289063
-0.070556640625 -0.0892486572265625 0.0338649749755859 -0.032186508178711
-0.095123291015625 -0.0499038696289063 0.0352554321289062 -0.0249443054199219
-0.1007080078125 -0.050872802734375 0.042083740234375 -0.0149154663085938
-0.107231140136719 -0.0396728515625 0.0444755554199219 0.00681686401367187
-0.076507568359375 -0.068572998046875 0.0397148132324219 0.0398406982421875
-0.0551528930664062 -0.102706909179688 0.0075836181640625 0.04901123046875
-0.0205612182617188 -0.123336791992188 -0.0301628112792969 0.0360832214355469
0.078765869140625 -0.139762878417969 -0.0344886779785156 -0.00597190856933594
0.11822509765625 -0.0973358154296875 -0.00799179077148437 -0.0341739654541016
0.156204223632812 -0.0811920166015625 0.0829620361328125 -0.0248947143554688
0.113265991210938 -0.0273818969726563 0.0859375 -0.131271362304688
0.112258911132813 -0.0376434326171875 0.09527587890625 -0.104103088378906
0.0898971557617188 -0.0968246459960938 0.0742645263671875 -0.0688018798828125
0.0275115966796875 -0.0981826782226563 0.0584983825683594 -0.0558319091796875
-0.0122222900390625 -0.095794677734375 0.0546493530273438 -0.0284271240234375
-0.052398681640625 -0.0693931579589844 0.06353759765625 -0.01214599609375
-0.0702018737792969 -0.0439453125 0.0719680786132813 -0.017608642578125
-0.0748519897460938 -0.0482025146484375 0.0727767944335938 -0.006622314453125
-0.08111572265625 -0.0438461303710938 0.0747909545898438 0.0194168090820312
-0.0504798889160156 -0.0661201477050781 0.0603599548339844 0.0612716674804687
-0.0254135131835938 -0.0916595458984375 0.0162773132324219 0.0677070617675781
0.00890350341796875 -0.101791381835938 -0.0232734680175781 0.0416336059570313
0.0927734375 -0.0969161987304688 -0.0230808258056641 -0.00503730773925782
0.117607116699219 -0.049835205078125 0.0162200927734375 -0.0465660095214844
0.129859924316406 -0.0289840698242188 0.126152038574219 -0.0368804931640625
0.0558967590332031 0.01776123046875 0.105697631835938 -0.142074584960938
0.0691986083984375 0.00238418579101562 0.095550537109375 -0.117897033691406
0.0619163513183594 -0.0412673950195312 0.0658302307128906 -0.0631294250488281
0.0230560302734375 -0.047821044921875 0.0581398010253906 -0.0421981811523437
0.0025177001953125 -0.0495185852050781 0.061004638671875 -0.0118446350097656
-0.020965576171875 -0.0416755676269531 0.0812835693359375 -0.00135040283203125
-0.0333328247070313 -0.0319461822509766 0.0955581665039063 -0.012908935546875
-0.0385704040527344 -0.0372085571289062 0.0925750732421875 0.0020904541015625
-0.0462799072265625 -0.0382957458496094 0.0954513549804688 0.0347900390625
-0.0240669250488281 -0.0498390197753906 0.0707855224609375 0.083099365234375
-0.00354385375976563 -0.0646171569824219 0.0173873901367187 0.0871200561523437
0.0235633850097656 -0.0672721862792969 -0.0190773010253906 0.0519065856933594
0.0827255249023438 -0.0490798950195313 -0.0144205093383789 0.00500202178955078
0.0933761596679688 -0.00266265869140625 0.0365524291992188 -0.0415458679199219
0.0802993774414063 0.0214462280273438 0.156082153320313 -0.0309600830078125
-0.0125999450683594 -0.0589714050292969 -0.157241821289063 0.042022705078125
-0.0420074462890625 -0.0194969177246094 -0.050323486328125 0.0391807556152344
-0.0445823669433594 0.0128097534179687 0.0170001983642578 -0.0191974639892578
-0.0144023895263672 0.0304393768310547 0.0225639343261719 -0.0685653686523438
-0.00211906433105469 0.0255298614501953 -0.00934600830078125 -0.105354309082031
0.00308990478515625 0.0189018249511719 -0.0782318115234375 -0.104774475097656
-0.00315475463867188 0.022308349609375 -0.117408752441406 -0.0406570434570313
-0.0075531005859375 0.0247001647949219 -0.106765747070313 -0.00684356689453127
-0.0086517333984375 0.0235271453857422 -0.0993423461914063 0.0153274536132813
-0.0197906494140625 0.0100193023681641 -0.0953903198242187 0.0091094970703125
-0.0230388641357422 0.00403785705566406 -0.0714263916015625 0.0170669555664063
-0.0298328399658203 0.00224113464355469 -0.0605049133300781 0.0364036560058594
-0.0347080230712891 -0.0223579406738281 -0.0667572021484375 0.0544281005859375
-0.0288429260253906 -0.0447235107421875 -0.0774383544921875 0.118179321289063
-0.0112228393554688 -0.06695556640625 -0.107147216796875 0.148544311523437
0.053436279296875 -0.0904006958007813 -0.148529052734375 0.019256591796875
0.0134124755859375 -0.0496978759765625 -0.04339599609375 0.0233993530273437
-0.00426864624023437 -0.0371627807617187 0.0233287811279297 -0.0346107482910156
-0.000461578369140624 -0.0158710479736328 0.0243377685546875 -0.0816268920898438
-0.0065460205078125 -0.0198097229003906 -0.00598144531250001 -0.113632202148438
-0.021148681640625 -0.0148353576660156 -0.0735549926757812 -0.109245300292969
-0.0402259826660156 0.00373077392578125 -0.110847473144531 -0.046844482421875
-0.0492324829101563 0.00811767578125 -0.0970916748046875 -0.0124893188476562
-0.0528564453125 0.0145645141601562 -0.090728759765625 0.0126190185546875
-0.0558509826660156 -0.00987243652343751 -0.083709716796875 0.0120620727539063
-0.0529937744140625 -0.0324783325195313 -0.0649604797363281 0.0190505981445312
-0.0454483032226563 -0.04608154296875 -0.0598030090332031 0.0353927612304688
-0.0138473510742187 -0.0803909301757813 -0.0605926513671875 0.0419540405273437
0.00765228271484375 -0.0904769897460938 -0.0649185180664063 0.101905822753906
0.04595947265625 -0.112251281738281 -0.0874481201171875 0.127891540527344
0.112319946289063 -0.109954833984375 -0.118431091308594 -0.00882720947265624
0.071685791015625 -0.0754470825195313 -0.0216827392578125 0.00478172302246093
0.0404586791992188 -0.089202880859375 0.0378684997558594 -0.047393798828125
0.0143051147460937 -0.0683708190917969 0.0299835205078125 -0.0909957885742187
-0.0126838684082031 -0.0697174072265625 0.000267028808593745 -0.114273071289063
-0.0461692810058594 -0.0495338439941406 -0.0609512329101563 -0.101402282714844
-0.0735321044921875 -0.0163421630859375 -0.0894317626953125 -0.046295166015625
-0.0846786499023438 -0.0087432861328125 -0.073272705078125 -0.017913818359375
-0.0904159545898438 0.00497436523437498 -0.0669097900390625 0.00808715820312501
-0.08544921875 -0.0262298583984375 -0.0589523315429688 0.0156021118164062
-0.0796737670898438 -0.0596771240234375 -0.0497283935546875 0.0238609313964844
-0.062286376953125 -0.084259033203125 -0.0558204650878906 0.0373802185058594
0.00101470947265624 -0.12982177734375 -0.0562324523925781 0.029571533203125
0.0378570556640625 -0.126594543457031 -0.0528411865234375 0.073028564453125
0.093719482421875 -0.144073486328125 -0.0539779663085938 0.0924835205078125
0.15301513671875 -0.11639404296875 -0.0705108642578125 -0.0427780151367188
0.118240356445312 -0.0932083129882812 0.0110301971435547 -0.0188179016113281
0.0769882202148437 -0.135322570800781 0.0548744201660156 -0.0576629638671875
0.0235061645507813 -0.116378784179688 0.0394210815429687 -0.0921249389648438
-0.0217742919921875 -0.111953735351563 0.0105361938476563 -0.103294372558594
-0.0675811767578125 -0.0770950317382813 -0.0367584228515625 -0.0837020874023437
-0.0983200073242187 -0.0320281982421875 -0.0544052124023438 -0.0417137145996094
-0.108360290527344 -0.0244216918945313 -0.0381393432617188 -0.0210075378417969
-0.114166259765625 -0.00558471679687501 -0.0333328247070313 0.00346183776855468
-0.100723266601563 -0.0404434204101562 -0.0262184143066406 0.0189170837402344
-0.0932235717773437 -0.0800933837890625 -0.0300121307373047 0.0296573638916016
-0.0696792602539063 -0.110206604003906 -0.0482406616210938 0.0385246276855469
0.0159149169921875 -0.1602783203125 -0.052734375 0.0163383483886719
0.0655059814453125 -0.144363403320313 -0.0423965454101563 0.0353202819824219
0.129058837890625 -0.152313232421875 -0.0118980407714844 0.0479507446289062
0.166702270507813 -0.104415893554687 -0.0141983032226563 -0.0778884887695313
0.141860961914063 -0.0954132080078125 0.0460243225097656 -0.0492477416992188
0.097442626953125 -0.157180786132813 0.0684242248535156 -0.0660781860351563
0.0262451171875 -0.141143798828125 0.0474014282226563 -0.0855941772460938
-0.0296096801757812 -0.132972717285156 0.0257949829101562 -0.0819015502929688
-0.0798873901367187 -0.0896453857421875 -0.00345611572265625 -0.0597953796386719
-0.107215881347656 -0.041717529296875 -0.0110569000244141 -0.0347976684570312
-0.115318298339844 -0.0360336303710937 0.00135040283203124 -0.0208034515380859
-0.120811462402344 -0.0187911987304687 0.00582504272460937 0.001312255859375
-0.0988235473632813 -0.0537185668945313 0.00948524475097656 0.024658203125
-0.0863113403320313 -0.0938491821289063 -0.00864410400390625 0.0371971130371094
-0.0574493408203125 -0.123092651367188 -0.0390663146972656 0.038482666015625
0.0399169921875 -0.166259765625 -0.0469245910644531 0.00373077392578124
0.0923538208007813 -0.137611389160156 -0.029123306274414 -0.00386619567871095
0.149337768554688 -0.1341552734375 0.0344829559326172 0.0036945343017578
0.151901245117187 -0.0771026611328125 0.0383148193359375 -0.110740661621094
0.137123107910156 -0.07867431640625 0.0742416381835938 -0.0826339721679688
0.097747802734375 -0.14471435546875 0.0733108520507812 -0.0724334716796875
0.0239334106445313 -0.134231567382813 0.0536117553710938 -0.0732269287109375
-0.0289993286132813 -0.125991821289063 0.0418128967285156 -0.0557098388671875
-0.0763931274414062 -0.0848007202148438 0.0327606201171875 -0.0351715087890625
-0.0989303588867188 -0.0433502197265625 0.0336437225341797 -0.0283031463623047
-0.104476928710938 -0.0429000854492187 0.0402145385742187 -0.0180244445800781
-0.109245300292969 -0.0303573608398437 0.0431556701660156 0.00441741943359375
-0.0814666748046875 -0.06341552734375 0.0410499572753906 0.03765869140625
-0.0624465942382813 -0.0989532470703125 0.00853347778320312 0.0494842529296875
-0.0285110473632813 -0.120834350585938 -0.0299911499023438 0.0386276245117187
0.0673980712890625 -0.145599365234375 -0.0376243591308594 -0.00509262084960939
0.111724853515625 -0.105178833007812 -0.0113162994384766 -0.0343971252441406
0.14898681640625 -0.0931396484375 0.080963134765625 -0.029693603515625
0.111892700195313 -0.0355911254882813 0.07757568359375 -0.136650085449219
0.10943603515625 -0.0452957153320313 0.088348388671875 -0.109573364257813
0.0831832885742187 -0.103706359863281 0.0706939697265625 -0.0723495483398438
0.021209716796875 -0.100006103515625 0.0555000305175781 -0.058319091796875
-0.0195846557617188 -0.0952301025390625 0.0532722473144531 -0.0317764282226563
-0.0573768615722656 -0.0660972595214844 0.0636177062988281 -0.0172271728515625
-0.072662353515625 -0.0385284423828125 0.070770263671875 -0.0231246948242188
-0.0781097412109375 -0.041473388671875 0.0714187622070313 -0.012298583984375
-0.083709716796875 -0.03692626953125 0.0746841430664063 0.01446533203125
-0.0549659729003906 -0.0625572204589844 0.06329345703125 0.0564346313476562
-0.0313034057617188 -0.0892181396484375 0.0190467834472656 0.0673828125
0.00160980224609376 -0.101676940917969 -0.0228805541992187 0.0434646606445313
0.08447265625 -0.103469848632813 -0.0258769989013672 -0.00509071350097657
0.113822937011719 -0.0575408935546875 0.0118141174316406 -0.0476455688476563
0.126556396484375 -0.0389480590820313 0.12225341796875 -0.0447006225585938
0.0577812194824219 0.0135917663574219 0.0965576171875 -0.149063110351563
0.0700607299804688 -0.00317764282226563 0.087860107421875 -0.124488830566406
0.0592918395996094 -0.0464935302734375 0.0620994567871094 -0.0664291381835938
0.0199356079101563 -0.0492630004882812 0.0557899475097656 -0.0444602966308594
-0.00102996826171875 -0.0498847961425781 0.0612297058105469 -0.0149002075195313
-0.0245819091796875 -0.0401687622070313 0.0828094482421875 -0.00778961181640625
-0.0347423553466797 -0.0303058624267578 0.0934371948242188 -0.020660400390625
-0.0406417846679687 -0.0340080261230469 0.09112548828125 -0.00531005859375
-0.0481529235839844 -0.0339202880859375 0.0960235595703125 0.0275421142578125
-0.0274009704589844 -0.0480461120605469 0.075225830078125 0.077301025390625
-0.00814056396484375 -0.0640525817871094 0.0219879150390625 0.0865554809570313
0.0187644958496094 -0.0684700012207031 -0.017974853515625 0.0530738830566406
0.0789718627929688 -0.0552215576171875 -0.0162086486816406 0.00437831878662109
0.0930404663085938 -0.009246826171875 0.0319328308105469 -0.0443191528320312
0.0813522338867188 0.01544189453125 0.151901245117188 -0.0401153564453125
-0.0149040222167969 -0.0572853088378906 -0.151611328125 0.048431396484375
-0.0424232482910156 -0.0167503356933594 -0.0464363098144531 0.0413780212402344
-0.043365478515625 0.0155258178710937 0.0173702239990234 -0.0187931060791016
-0.0125370025634766 0.0303573608398438 0.0214042663574219 -0.0680503845214844
-0.000408172607421877 0.0258541107177734 -0.0136184692382813 -0.10479736328125
0.00406265258789063 0.0184841156005859 -0.0816574096679688 -0.0999679565429688
-0.00223541259765625 0.0218162536621094 -0.116439819335938 -0.0334320068359375
-0.00602149963378906 0.0240592956542969 -0.104530334472656 0.00058746337890626
-0.0074310302734375 0.0230197906494141 -0.0966796875 0.0212249755859375
-0.0192050933837891 0.0108184814453125 -0.0940475463867187 0.014892578125
-0.0225791931152344 0.00480461120605469 -0.0710983276367188 0.0210952758789063
-0.0289707183837891 0.00404167175292968 -0.0587005615234375 0.0377883911132812
-0.0359611511230469 -0.020050048828125 -0.064178466796875 0.0551223754882813
-0.031036376953125 -0.0428810119628906 -0.0701446533203125 0.119491577148438
-0.0141143798828125 -0.0652313232421875 -0.0975494384765625 0.152694702148437
0.0482330322265625 -0.0923080444335938 -0.143951416015625 0.0257415771484375
0.0109176635742188 -0.0498733520507813 -0.0398368835449219 0.0257225036621094
-0.0069427490234375 -0.0359878540039063 0.0238265991210938 -0.0341930389404297
-0.000838279724121094 -0.015772819519043 0.0223770141601563 -0.0812606811523438
-0.00743293762207031 -0.0194797515869141 -0.0103378295898437 -0.112655639648438
-0.0218830108642578 -0.0137901306152344 -0.0778350830078125 -0.103599548339844
-0.0399513244628906 0.00584793090820313 -0.109970092773437 -0.039825439453125
-0.0481643676757812 0.0109405517578125 -0.0950164794921875 -0.00628662109375
-0.05157470703125 0.0170059204101563 -0.0878372192382813 0.0184326171875
-0.0558700561523437 -0.00764465332031249 -0.0830612182617188 0.01715087890625
-0.0539093017578125 -0.0294380187988281 -0.0648765563964844 0.0221176147460938
-0.0463638305664063 -0.0430412292480469 -0.0583038330078125 0.0373458862304688
-0.0181961059570312 -0.0781173706054687 -0.0590324401855469 0.0431365966796875
0.0034942626953125 -0.0892868041992188 -0.0583877563476563 0.102523803710937
0.03912353515625 -0.112724304199219 -0.0789108276367188 0.131706237792969
0.10595703125 -0.114585876464844 -0.115234375 -0.00294494628906252
0.0669708251953125 -0.0780563354492188 -0.0192642211914062 0.00741386413574218
0.0344085693359375 -0.090057373046875 0.0374641418457031 -0.0474891662597656
0.0112190246582031 -0.0677375793457031 0.0276641845703125 -0.0897903442382812
-0.0159416198730469 -0.0682830810546875 -0.00426483154296875 -0.112930297851562
-0.0476150512695312 -0.0467948913574219 -0.0645599365234375 -0.0971908569335937
-0.0735702514648438 -0.0121917724609375 -0.089111328125 -0.0412139892578125
-0.0837554931640625 -0.00354003906249998 -0.0721054077148438 -0.0126953125
-0.0886611938476563 0.0100784301757812 -0.0650291442871094 0.0128364562988281
-0.0852432250976563 -0.02130126953125 -0.05853271484375 0.0197257995605469
-0.08135986328125 -0.0550765991210938 -0.0499610900878906 0.0269203186035156
-0.0649185180664062 -0.0793685913085938 -0.0539093017578125 0.0397720336914062
-0.00673675537109376 -0.12664794921875 -0.0558128356933594 0.0304412841796875
0.0314178466796875 -0.126251220703125 -0.0477676391601563 0.0736007690429688
0.083953857421875 -0.146759033203125 -0.0473403930664062 0.0945816040039062
0.145187377929688 -0.122024536132812 -0.0694999694824219 -0.0378341674804688
0.111671447753906 -0.097869873046875 0.0114870071411133 -0.0175609588623047
0.067962646484375 -0.137237548828125 0.0528907775878906 -0.0574493408203125
0.0171966552734375 -0.114585876464844 0.0362319946289062 -0.091827392578125
-0.027130126953125 -0.109367370605469 0.00685882568359375 -0.101669311523437
-0.0705184936523438 -0.072509765625 -0.0394058227539063 -0.0809478759765625
-0.0984725952148438 -0.026611328125 -0.0547370910644531 -0.0387344360351563
-0.10736083984375 -0.0176010131835937 -0.0382270812988281 -0.0174140930175781
-0.112213134765625 0.00111389160156248 -0.0324230194091797 0.00674819946289062
-0.10107421875 -0.0345001220703125 -0.0255527496337891 0.0210494995117187
-0.0949859619140625 -0.0738296508789062 -0.0304813385009766 0.0317668914794922
-0.0731048583984375 -0.104331970214844 -0.0468025207519531 0.0403556823730469
0.00656127929687501 -0.1585693359375 -0.0537452697753906 0.0180397033691406
0.0574188232421875 -0.145645141601563 -0.0393714904785156 0.0360794067382812
0.11773681640625 -0.15692138671875 -0.00904846191406249 0.0484619140625
0.159011840820313 -0.112472534179688 -0.0160140991210937 -0.075531005859375
0.135368347167969 -0.101188659667969 0.0434608459472656 -0.0489692687988281
0.0873565673828125 -0.159378051757813 0.065277099609375 -0.0671424865722656
0.0182952880859375 -0.139297485351563 0.0446701049804687 -0.0857315063476563
-0.0360641479492187 -0.129096984863281 0.0229644775390625 -0.0816574096679688
-0.0827102661132813 -0.0840301513671875 -0.00536727905273437 -0.0584831237792969
-0.107818603515625 -0.0356216430664063 -0.0118427276611328 -0.0341777801513672
-0.114776611328125 -0.0288238525390625 0.000402450561523432 -0.0198612213134766
-0.118942260742188 -0.01123046875 0.0046696662902832 0.00267362594604492
-0.099334716796875 -0.0473480224609375 0.00930023193359375 0.0247898101806641
-0.0896148681640625 -0.0880126953125 -0.00908660888671876 0.0383453369140625
-0.0622177124023437 -0.118080139160156 -0.0383415222167969 0.0399513244628906
0.0292816162109375 -0.16583251953125 -0.0482521057128906 0.00531387329101563
0.0839767456054688 -0.140060424804688 -0.0299606323242187 -0.0025920867919922
0.139053344726563 -0.140022277832031 0.0341682434082031 0.00287246704101562
0.14569091796875 -0.084320068359375 0.033599853515625 -0.111328125
0.131629943847656 -0.0845718383789063 0.0693283081054688 -0.082977294921875
0.0883331298828125 -0.148101806640625 0.0707015991210937 -0.0728378295898438
0.0175399780273437 -0.133049011230469 0.0508804321289063 -0.0736083984375
-0.0359649658203125 -0.122001647949219 0.0395011901855469 -0.0568199157714844
-0.0799331665039062 -0.0794143676757813 0.0317802429199219 -0.0371971130371094
-0.0993499755859375 -0.0373764038085938 0.0317821502685547 -0.0302734375
-0.104545593261719 -0.0354537963867187 0.0377998352050781 -0.01910400390625
-0.108009338378906 -0.0238800048828125 0.0416145324707031 0.00310134887695312
-0.0832061767578125 -0.0579299926757813 0.0406227111816406 0.0347518920898437
-0.0660781860351563 -0.09368896484375 0.00918197631835937 0.0495071411132813
-0.033966064453125 -0.117408752441406 -0.0296211242675781 0.0405921936035156
0.05743408203125 -0.146255493164063 -0.0395965576171875 -0.00364685058593751
0.104423522949219 -0.109832763671875 -0.0133018493652344 -0.0330829620361328
0.14105224609375 -0.0991668701171875 0.0780563354492188 -0.0320358276367188
0.108078002929688 -0.0408706665039063 0.070037841796875 -0.13836669921875
0.106338500976563 -0.0508041381835938 0.0817337036132813 -0.110664367675781
0.0762481689453125 -0.106925964355469 0.0671234130859375 -0.0730972290039063
0.0167160034179688 -0.0992050170898438 0.0529861450195312 -0.0587997436523438
-0.024627685546875 -0.0924530029296875 0.0526313781738281 -0.0341415405273438
-0.0592193603515625 -0.0614547729492187 0.0627212524414063 -0.0208244323730469
-0.07379150390625 -0.0339508056640625 0.0682144165039063 -0.0280303955078125
-0.0783767700195313 -0.0361251831054688 0.068206787109375 -0.0159416198730469
-0.0829010009765625 -0.0310592651367188 0.073089599609375 0.0111236572265625
-0.056915283203125 -0.0583457946777344 0.06390380859375 0.0520973205566406
-0.0358123779296875 -0.0865478515625 0.0205574035644531 0.06610107421875
-0.0032501220703125 -0.0998764038085938 -0.0226631164550781 0.0447807312011719
0.0766067504882813 -0.10614013671875 -0.0276603698730469 -0.00439643859863281
0.109840393066406 -0.062286376953125 0.00873184204101563 -0.0474433898925781
0.121635437011719 -0.0446395874023438 0.117866516113281 -0.04852294921875
0.0571136474609375 0.0108757019042969 0.0870361328125 -0.152053833007813
0.0688743591308594 -0.00639724731445313 0.0804214477539062 -0.125946044921875
0.0558090209960937 -0.0495986938476563 0.0595664978027344 -0.0672264099121094
0.0179252624511719 -0.0496559143066406 0.0539512634277344 -0.0455818176269531
-0.00413894653320313 -0.0491256713867188 0.0606536865234375 -0.017822265625
-0.0265846252441406 -0.0381355285644531 0.082489013671875 -0.0122833251953125
-0.035675048828125 -0.0277519226074219 0.0904998779296875 -0.0263900756835938
-0.0419960021972656 -0.0305137634277344 0.0879974365234375 -0.0101165771484375
-0.048828125 -0.0303878784179688 0.0947418212890625 0.0222549438476562
-0.0297088623046875 -0.04595947265625 0.07666015625 0.0715484619140625
-0.0110397338867187 -0.0626068115234375 0.0243072509765625 0.0847015380859375
0.0150833129882813 -0.0682601928710937 -0.0173568725585938 0.053955078125
0.0744400024414062 -0.0577011108398437 -0.0180416107177734 0.00446891784667969
0.0910491943359375 -0.0134735107421875 0.0284614562988281 -0.0457878112792969
0.0806121826171875 0.0109634399414063 0.146530151367188 -0.04595947265625
-0.0157661437988281 -0.0565757751464844 -0.147598266601562 0.0522003173828125
-0.0424308776855469 -0.01519775390625 -0.0437393188476562 0.0427360534667969
-0.0428352355957031 0.0169944763183594 0.0191478729248047 -0.0183620452880859
-0.0114402770996094 0.0302028656005859 0.0212554931640625 -0.0683975219726563
0.00106239318847657 0.0249080657958984 -0.0154571533203125 -0.103675842285156
0.00404167175292969 0.0177021026611328 -0.0840072631835938 -0.096405029296875
-0.001617431640625 0.0217132568359375 -0.114967346191406 -0.0287857055664062
-0.005279541015625 0.0243663787841797 -0.101806640625 0.0043182373046875
-0.007232666015625 0.0230674743652344 -0.0945358276367188 0.0248260498046875
-0.0191898345947266 0.0108661651611328 -0.0935516357421875 0.018951416015625
-0.0222854614257812 0.00520896911621094 -0.0715484619140625 0.0229415893554687
-0.0280590057373047 0.00514793395996094 -0.0580711364746094 0.038177490234375
-0.0361213684082031 -0.0189704895019531 -0.0622215270996094 0.054595947265625
-0.0321502685546875 -0.0411415100097656 -0.0654830932617188 0.119712829589844
-0.0163230895996094 -0.0634422302246094 -0.090789794921875 0.154693603515625
0.0451126098632813 -0.0927963256835938 -0.139945983886719 0.0296630859375
0.00891876220703125 -0.0496749877929687 -0.0373039245605469 0.027099609375
-0.00856590270996094 -0.0351428985595703 0.0241870880126953 -0.0337333679199219
-0.00108146667480469 -0.0153312683105469 0.0218887329101562 -0.0808639526367188
-0.00722503662109375 -0.0190525054931641 -0.0119400024414063 -0.111892700195312
-0.0223426818847656 -0.0130424499511719 -0.0795745849609375 -0.100685119628906
-0.0396003723144531 0.00692367553710938 -0.109184265136719 -0.0354995727539063
-0.0466804504394531 0.0129356384277344 -0.0930862426757813 -0.00247192382812502
-0.0508308410644531 0.018524169921875 -0.085784912109375 0.02203369140625
-0.0557060241699219 -0.00632858276367187 -0.0822525024414063 0.0210342407226563
-0.0541343688964844 -0.0274658203125 -0.0651130676269531 0.0250434875488281
-0.0463714599609375 -0.0406532287597656 -0.0575942993164062 0.0380859375
-0.0205612182617188 -0.076751708984375 -0.0579757690429687 0.0432662963867188
0.000221252441406257 -0.088348388671875 -0.053924560546875 0.102294921875
0.0349273681640625 -0.112754821777344 -0.0725250244140625 0.132774353027344
0.100624084472656 -0.116973876953125 -0.112678527832031 -0.000328063964843769
0.0633544921875 -0.0790634155273438 -0.0170154571533203 0.0087747573852539
0.0300979614257813 -0.0896987915039063 0.0374488830566406 -0.0466499328613281
0.00907897949218749 -0.0669212341308594 0.026641845703125 -0.0891265869140625
-0.0178070068359375 -0.0663871765136719 -0.00588226318359375 -0.112510681152344
-0.0485267639160156 -0.0446586608886719 -0.0662918090820313 -0.0943374633789063
-0.0736236572265625 -0.0092010498046875 -0.0888519287109375 -0.0375289916992188
-0.0825729370117187 -0.000167846679687487 -0.0705108642578125 -0.00968170166015624
-0.0869140625 0.0135345458984375 -0.0637321472167969 0.0160865783691406
-0.0849761962890625 -0.0194549560546875 -0.0584716796875 0.0227813720703125
-0.0818252563476562 -0.0518341064453125 -0.0510025024414063 0.0295906066894531
-0.0660018920898438 -0.0765304565429688 -0.0537147521972656 0.0408248901367187
-0.0117874145507813 -0.125167846679688 -0.0562515258789063 0.030853271484375
0.0281448364257813 -0.125572204589844 -0.0448379516601563 0.073699951171875
0.077880859375 -0.147308349609375 -0.0429916381835937 0.09515380859375
0.139595031738281 -0.126174926757812 -0.0680809020996094 -0.0357017517089844
0.107009887695313 -0.1009521484375 0.0124940872192383 -0.016845703125
0.0618362426757812 -0.138046264648438 0.0528678894042969 -0.0569381713867188
0.0141677856445312 -0.113540649414062 0.0354461669921875 -0.09149169921875
-0.0301361083984375 -0.106407165527344 0.00514984130859375 -0.102066040039063
-0.0724029541015625 -0.0693283081054688 -0.0406112670898438 -0.0789794921875
-0.0983200073242188 -0.0229110717773437 -0.0550041198730469 -0.0363922119140625
-0.10638427734375 -0.0126953125 -0.0377922058105469 -0.0153999328613281
-0.110038757324219 0.00538635253906249 -0.0315074920654297 0.00917625427246093
-0.100837707519531 -0.0317535400390625 -0.0263385772705078 0.0225009918212891
-0.0962982177734375 -0.0699310302734375 -0.0309906005859375 0.0340042114257812
-0.0750961303710938 -0.100593566894531 -0.0467872619628906 0.0423393249511719
0.000137329101562512 -0.156036376953125 -0.0547294616699219 0.0184516906738281
0.05255126953125 -0.145248413085938 -0.0381431579589844 0.0363121032714844
0.111373901367188 -0.15838623046875 -0.006378173828125 0.0489883422851562
0.154052734375 -0.116439819335938 -0.0166549682617187 -0.0748214721679688
0.130096435546875 -0.105194091796875 0.0435295104980469 -0.0486640930175781
0.079559326171875 -0.160446166992188 0.0652046203613281 -0.0666542053222656
0.0150299072265625 -0.137924194335937 0.043701171875 -0.0851669311523438
-0.0396270751953125 -0.126380920410156 0.0222396850585938 -0.082183837890625
-0.0850677490234375 -0.0807876586914063 -0.00596237182617189 -0.0587043762207031
-0.107780456542969 -0.031097412109375 -0.0127983093261719 -0.0340595245361328
-0.114234924316406 -0.0240097045898438 -0.000108718872070318 -0.0191421508789062
-0.117195129394531 -0.00588989257812502 0.00488090515136718 0.00355195999145508
-0.099945068359375 -0.0440444946289063 0.00864219665527343 0.0249309539794922
-0.0916748046875 -0.0842056274414062 -0.0100135803222656 0.0395622253417969
-0.0644454956054687 -0.1141357421875 -0.0381546020507812 0.0415115356445313
0.022705078125 -0.164138793945312 -0.0503883361816406 0.00608062744140625
0.078948974609375 -0.1407470703125 -0.0294303894042969 -0.00184059143066408
0.132339477539063 -0.143142700195313 0.0343093872070313 0.0024280548095703
0.14111328125 -0.088226318359375 0.0310897827148438 -0.111190795898438
0.127449035644531 -0.0883026123046875 0.0672073364257813 -0.0827789306640625
0.08203125 -0.1492919921875 0.0693283081054688 -0.0724258422851563
0.0141220092773438 -0.131576538085938 0.0498428344726563 -0.07305908203125
-0.0395126342773437 -0.120002746582031 0.0388031005859375 -0.0577468872070313
-0.0819473266601563 -0.0755996704101563 0.0317573547363281 -0.0384902954101563
-0.099578857421875 -0.03326416015625 0.0300941467285156 -0.0318450927734375
-0.104248046875 -0.0305252075195313 0.0359230041503906 -0.0197486877441406
-0.107101440429688 -0.0185165405273437 0.0404548645019531 0.00286865234375
-0.0836105346679688 -0.0544891357421875 0.0396995544433594 0.0333709716796875
-0.0685272216796875 -0.0907211303710938 0.00881958007812499 0.0502471923828125
-0.0367813110351563 -0.114906311035156 -0.0300674438476563 0.0418243408203125
0.0513763427734375 -0.146026611328125 -0.0416908264160156 -0.00273895263671876
0.100128173828125 -0.111297607421875 -0.0147514343261719 -0.0323772430419922
0.1357421875 -0.102737426757813 0.0758209228515625 -0.0328903198242188
0.106025695800781 -0.0444717407226563 0.0659027099609375 -0.138908386230469
0.104148864746094 -0.0537185668945313 0.0783462524414063 -0.110557556152344
0.0712738037109375 -0.108314514160156 0.0654830932617188 -0.072967529296875
0.0139083862304687 -0.098175048828125 0.05224609375 -0.0590591430664063
-0.0275192260742188 -0.0900955200195313 0.0526084899902344 -0.0346565246582031
-0.0609054565429687 -0.0587730407714844 0.0628547668457031 -0.0236930847167969
-0.0740509033203125 -0.0311279296875 0.0658950805664063 -0.0308341979980469
-0.0791244506835938 -0.0321807861328125 0.0661201477050781 -0.0172271728515625
-0.0823822021484375 -0.026947021484375 0.0713424682617188 0.00933837890625
-0.0583267211914062 -0.0564041137695313 0.0632514953613281 0.0496788024902344
-0.0377578735351563 -0.0840301513671875 0.0201416015625 0.0662269592285156
-0.00546264648437499 -0.0987014770507813 -0.0226936340332031 0.0458717346191406
0.0720977783203125 -0.107383728027344 -0.0297946929931641 -0.00404167175292969
0.106788635253906 -0.064849853515625 0.0055694580078125 -0.0475845336914063
0.118240356445313 -0.048187255859375 0.114143371582031 -0.0499114990234375
0.05743408203125 0.0086669921875 0.0822906494140625 -0.152587890625
0.0679550170898438 -0.00916671752929688 0.0756301879882813 -0.125350952148438
0.0532951354980469 -0.0513191223144531 0.05792236328125 -0.0665626525878906
0.01611328125 -0.0491256713867188 0.0535011291503906 -0.0461006164550781
-0.005950927734375 -0.0480842590332031 0.0612144470214844 -0.0190048217773438
-0.0271644592285156 -0.0366058349609375 0.082305908203125 -0.0160446166992188
-0.0360145568847656 -0.0261955261230469 0.0879440307617188 -0.030029296875
-0.0426063537597656 -0.02783203125 0.0856170654296875 -0.0123138427734375
-0.0486106872558594 -0.0277023315429688 0.0929412841796875 0.0193557739257813
-0.0304489135742187 -0.0442886352539063 0.0770263671875 0.0682754516601563
-0.0130424499511719 -0.0623092651367187 0.025421142578125 0.0838699340820313
0.0137748718261719 -0.0677070617675781 -0.0171661376953125 0.0543327331542969
0.0710830688476563 -0.05963134765625 -0.0197658538818359 0.00407981872558593
0.0900344848632812 -0.0166015625 0.0250625610351563 -0.0451850891113281
0.07916259765625 0.00836181640625 0.142990112304688 -0.0484771728515625
-0.0169830322265625 -0.0563430786132813 -0.145477294921875 0.05474853515625
-0.0431671142578125 -0.0145835876464844 -0.0416831970214844 0.0448341369628906
-0.0428504943847656 0.0186805725097656 0.020599365234375 -0.01861572265625
-0.0106124877929687 0.0302619934082031 0.0222396850585937 -0.0696678161621094
0.00255393981933594 0.0250778198242188 -0.0170822143554687 -0.105033874511719
0.00455570220947266 0.0174846649169922 -0.086456298828125 -0.0952682495117187
-0.000837326049804688 0.0220909118652344 -0.11474609375 -0.0260772705078125
-0.00458908081054688 0.0248279571533203 -0.100692749023438 0.00720214843749999
-0.00722503662109375 0.0231971740722656 -0.0938949584960938 0.027862548828125
-0.0193138122558594 0.0112476348876953 -0.094329833984375 0.0224533081054687
-0.0221824645996094 0.00565528869628907 -0.0725479125976563 0.0257415771484375
-0.0275764465332031 0.00606155395507813 -0.0588569641113281 0.039306640625
-0.0369834899902344 -0.0181884765625 -0.062652587890625 0.0551643371582031
-0.033416748046875 -0.0407676696777344 -0.0628814697265625 0.120674133300781
-0.01776123046875 -0.0630760192871094 -0.0870513916015625 0.157394409179688
0.0433197021484375 -0.0948562622070313 -0.138580322265625 0.0322189331054688
0.00709915161132813 -0.05047607421875 -0.0349502563476563 0.0284194946289062
-0.009613037109375 -0.0343647003173828 0.0257148742675781 -0.0337543487548828
-0.00137233734130859 -0.0151834487915039 0.0226593017578125 -0.0815048217773438
-0.00727081298828125 -0.0192489624023438 -0.0137252807617187 -0.1131591796875
-0.0226383209228516 -0.0130958557128906 -0.082000732421875 -0.0991439819335938
-0.0393753051757813 0.00839233398437501 -0.109031677246094 -0.0329055786132812
-0.0467872619628906 0.0144462585449219 -0.0919036865234375 0.000122070312499995
-0.0503044128417969 0.0201377868652344 -0.084930419921875 0.02484130859375
-0.05633544921875 -0.00531768798828124 -0.0834503173828125 0.024200439453125
-0.0549507141113281 -0.0261878967285156 -0.0666580200195313 0.0277290344238281
-0.0473747253417969 -0.0400810241699219 -0.0582809448242188 0.0394020080566406
-0.0229339599609375 -0.0761489868164063 -0.0590476989746094 0.0432662963867188
-0.00154876708984375 -0.08831787109375 -0.051422119140625 0.10345458984375
0.0326156616210938 -0.113922119140625 -0.0695266723632813 0.135635375976563
0.0980072021484375 -0.120536804199219 -0.111030578613281 0.00203704833984373
0.0613937377929687 -0.0812149047851562 -0.0149402618408203 0.00965023040771484
0.0269393920898437 -0.091033935546875 0.0389328002929688 -0.0465087890625
0.00800323486328125 -0.0673065185546875 0.0274200439453125 -0.0900650024414063
-0.0188026428222656 -0.0660133361816406 -0.0077972412109375 -0.113670349121094
-0.04962158203125 -0.0444488525390625 -0.0679931640625 -0.093292236328125
-0.0736160278320312 -0.00745391845703126 -0.0890045166015625 -0.0355911254882813
-0.082611083984375 0.00258636474609375 -0.0701026916503906 -0.00702285766601563
-0.0864334106445313 0.015838623046875 -0.0623054504394531 0.0192031860351562
-0.085968017578125 -0.017669677734375 -0.0593986511230469 0.0254631042480469
-0.0837249755859375 -0.0502395629882813 -0.05242919921875 0.0322227478027344
-0.067413330078125 -0.0747909545898438 -0.0542030334472656 0.0423355102539063
-0.015411376953125 -0.124832153320313 -0.0580978393554688 0.0316734313964844
0.0246353149414062 -0.126487731933594 -0.04315185546875 0.074493408203125
0.0743865966796875 -0.149795532226563 -0.0397262573242187 0.097320556640625
0.136703491210938 -0.131011962890625 -0.0674934387207031 -0.0345687866210938
0.104896545410156 -0.103790283203125 0.0137319564819336 -0.0158777236938477
0.05767822265625 -0.139701843261719 0.0541725158691406 -0.0569801330566406
0.0115127563476562 -0.113792419433594 0.036041259765625 -0.091796875
-0.0330276489257812 -0.105789184570312 0.00445556640625001 -0.103446960449219
-0.0743026733398437 -0.0679168701171875 -0.0419845581054688 -0.0784072875976563
-0.0992202758789063 -0.02001953125 -0.0555076599121094 -0.035430908203125
-0.106826782226562 -0.00961303710937501 -0.0380783081054688 -0.0135841369628906
-0.110206604003906 0.00886535644531252 -0.0311737060546875 0.0110092163085937
-0.10198974609375 -0.0293960571289062 -0.027273178100586 0.0246753692626953
-0.0987472534179688 -0.0678253173828125 -0.0323867797851563 0.0362930297851562
-0.0767822265625 -0.0988540649414063 -0.0473861694335938 0.0435638427734375
-0.00416564941406251 -0.156326293945313 -0.0571174621582031 0.0199813842773438
0.0495452880859375 -0.147003173828125 -0.0373268127441406 0.037200927734375
0.106887817382813 -0.162139892578125 -0.00460433959960936 0.049896240234375
0.152328491210938 -0.121170043945313 -0.0170135498046875 -0.0747222900390625
0.127708435058594 -0.108985900878906 0.0437088012695313 -0.0483970642089844
0.0754241943359375 -0.163116455078125 0.0659713745117188 -0.0667877197265625
0.0120773315429688 -0.138374328613281 0.04449462890625 -0.085601806640625
-0.0434188842773437 -0.125137329101563 0.0214157104492188 -0.0836105346679688
-0.0875778198242188 -0.0783538818359375 -0.00643157958984375 -0.0593910217285156
-0.10906982421875 -0.0282745361328125 -0.0134563446044922 -0.0342483520507813
-0.114791870117188 -0.0193634033203125 -0.000932693481445321 -0.0184383392333984
-0.116676330566406 -0.00270843505859377 0.00539779663085937 0.00476360321044922
-0.101188659667969 -0.0421295166015625 0.00771903991699218 0.0257625579833984
-0.0936355590820312 -0.0822525024414063 -0.0106391906738281 0.0417213439941406
-0.0666732788085937 -0.113029479980469 -0.0391807556152344 0.043609619140625
0.017852783203125 -0.165191650390625 -0.0526466369628906 0.00720596313476562
0.076263427734375 -0.143325805664062 -0.0302467346191406 -0.00145149230957033
0.12841796875 -0.14654541015625 0.0351104736328125 0.00271034240722655
0.139869689941406 -0.0921630859375 0.0297393798828125 -0.112472534179688
0.125228881835938 -0.0912628173828125 0.066925048828125 -0.0833206176757813
0.07763671875 -0.151565551757812 0.0701904296875 -0.0724105834960938
0.0118331909179688 -0.132102966308594 0.0504531860351562 -0.0735855102539063
-0.0431671142578125 -0.118927001953125 0.0390739440917969 -0.0593643188476563
-0.0837631225585938 -0.0738296508789063 0.0322914123535156 -0.0406112670898438
-0.100914001464844 -0.0311813354492188 0.0297622680664062 -0.0333805084228516
-0.1044921875 -0.0265655517578125 0.0350685119628906 -0.0199642181396484
-0.107177734375 -0.0149383544921875 0.0409393310546875 0.00306320190429688
-0.085357666015625 -0.0535507202148437 0.0396308898925781 0.0329132080078125
-0.070892333984375 -0.0890731811523437 0.00795364379882812 0.0521926879882813
-0.039031982421875 -0.114372253417969 -0.0307159423828125 0.043701171875
0.0477294921875 -0.14727783203125 -0.0442619323730469 -0.0017547607421875
0.0986328125 -0.113822937011719 -0.0166893005371094 -0.0318737030029297
0.133560180664063 -0.10601806640625 0.0758514404296875 -0.0335693359375
0.105453491210938 -0.04718017578125 0.0633544921875 -0.141067504882813
0.102455139160156 -0.0561599731445313 0.0765304565429688 -0.111557006835938
0.068603515625 -0.111305236816406 0.065887451171875 -0.0730361938476563
0.0128097534179688 -0.0988082885742188 0.052825927734375 -0.0595436096191406
-0.0301055908203125 -0.0895538330078125 0.0540657043457031 -0.0362777709960938
-0.0627899169921875 -0.0575408935546875 0.0640754699707031 -0.0262565612792969
-0.0750503540039062 -0.0289077758789063 0.0648078918457031 -0.0329055786132813
-0.0796127319335938 -0.0296096801757813 0.0650672912597656 -0.018585205078125
-0.0825653076171875 -0.0240478515625 0.0709152221679688 0.00794219970703125
-0.0592575073242188 -0.0551109313964844 0.0628776550292969 0.0484352111816406
-0.0402297973632812 -0.08349609375 0.02069091796875 0.0671920776367187
-0.00723266601562499 -0.0986328125 -0.0234832763671875 0.047271728515625
0.0692901611328125 -0.109382629394531 -0.0330734252929687 -0.00375938415527345
0.105712890625 -0.0677871704101563 0.00333023071289063 -0.0474739074707031
0.117317199707031 -0.0511093139648438 0.113960266113281 -0.0512008666992188
0.0577468872070312 0.0072174072265625 0.0791473388671875 -0.15533447265625
0.0683021545410156 -0.0103111267089844 0.0734100341796875 -0.126220703125
0.0521774291992188 -0.0532379150390625 0.05816650390625 -0.0669937133789062
0.015655517578125 -0.0496292114257813 0.0541343688964844 -0.0461235046386719
-0.00787734985351563 -0.0482292175292969 0.0630912780761719 -0.019989013671875
-0.0287513732910156 -0.035430908203125 0.0838165283203125 -0.0194320678710938
-0.0367584228515625 -0.0253372192382813 0.087310791015625 -0.0329208374023438
-0.0433616638183594 -0.0266685485839844 0.084320068359375 -0.0147323608398438
-0.0488357543945313 -0.0258255004882812 0.0926666259765625 0.0180435180664063
-0.0311965942382812 -0.043701171875 0.077117919921875 0.0662765502929688
-0.0143699645996094 -0.0615310668945313 0.0262069702148438 0.0845565795898438
0.0124893188476563 -0.0688438415527344 -0.0182991027832031 0.0556297302246094
0.0697975158691406 -0.0615501403808594 -0.0221805572509766 0.00446701049804688
0.0900650024414063 -0.0187530517578125 0.0227394104003906 -0.0453872680664063
0.0792922973632813 0.0070953369140625 0.142013549804688 -0.050689697265625
-0.0189094543457031 -0.0577125549316406 -0.145736694335937 0.05963134765625
-0.0442085266113281 -0.0126953125 -0.0405235290527344 0.0473670959472656
-0.0429954528808594 0.0210037231445312 0.0221920013427734 -0.0193157196044922
-0.0102996826171875 0.0311527252197266 0.0225143432617187 -0.0715484619140625
0.00377464294433594 0.0250663757324219 -0.0198211669921875 -0.107002258300781
0.0050201416015625 0.0172510147094727 -0.0916976928710938 -0.0940704345703125
-0.000406265258789063 0.0227146148681641 -0.116180419921875 -0.0218963623046875
-0.00345611572265625 0.0255298614501953 -0.100631713867188 0.0113143920898438
-0.00649070739746094 0.0241355895996094 -0.093902587890625 0.0322036743164063
-0.0200824737548828 0.0123157501220703 -0.095947265625 0.0275726318359375
-0.0225696563720703 0.00682067871093749 -0.0743484497070313 0.0290985107421875
-0.0270061492919922 0.00688934326171875 -0.0602989196777344 0.04119873046875
-0.0390815734863281 -0.017547607421875 -0.0634803771972656 0.0562400817871094
-0.0355720520019531 -0.0401229858398438 -0.05975341796875 0.123733520507813
-0.0202674865722656 -0.0634994506835938 -0.08245849609375 0.163101196289063
0.0407562255859375 -0.0986251831054688 -0.138763427734375 0.0366363525390625
0.0056915283203125 -0.0514755249023437 -0.0329818725585938 0.0315113067626953
-0.0120639801025391 -0.0339279174804688 0.0274238586425781 -0.0344829559326172
-0.00181484222412109 -0.0158195495605469 0.0219879150390625 -0.0840225219726562
-0.00735092163085938 -0.0191078186035156 -0.0174713134765625 -0.115318298339844
-0.0235385894775391 -0.0126953125 -0.0869522094726562 -0.0981979370117188
-0.040191650390625 0.01025390625 -0.110733032226563 -0.0294647216796875
-0.0466041564941406 0.0172462463378906 -0.0918655395507813 0.00408935546874998
-0.0501785278320313 0.0229682922363281 -0.0850448608398438 0.029388427734375
-0.0582695007324219 -0.00362777709960937 -0.0851364135742188 0.0294036865234375
-0.0566902160644531 -0.0248908996582031 -0.0686836242675781 0.0315513610839844
-0.0488700866699219 -0.0390701293945313 -0.0597991943359375 0.0413780212402344
-0.0267181396484375 -0.0764999389648438 -0.0606422424316406 0.0448112487792969
-0.00406646728515626 -0.0897979736328125 -0.0487289428710938 0.10595703125
0.028778076171875 -0.116744995117187 -0.06524658203125 0.140594482421875
0.09619140625 -0.126434326171875 -0.111602783203125 0.00515747070312497
0.0590667724609375 -0.0854339599609375 -0.0131568908691406 0.0108489990234375
0.0238037109375 -0.0932998657226562 0.0401191711425781 -0.0475273132324219
0.00634384155273438 -0.068389892578125 0.0275039672851563 -0.0927886962890625
-0.021728515625 -0.0667610168457031 -0.0107803344726562 -0.116409301757813
-0.0526123046875 -0.0438423156738281 -0.072296142578125 -0.0927581787109375
-0.0755157470703125 -0.00423431396484374 -0.09136962890625 -0.0327835083007813
-0.0837631225585938 0.00639343261718748 -0.0703506469726563 -0.00402069091796876
-0.0873565673828125 0.0200347900390625 -0.0625839233398438 0.0234489440917969
-0.087890625 -0.0152206420898438 -0.0610389709472656 0.029693603515625
-0.0867080688476563 -0.0482025146484375 -0.0541648864746094 0.0361366271972656
-0.0705642700195313 -0.0739364624023438 -0.0558052062988281 0.0446357727050781
-0.02044677734375 -0.126068115234375 -0.0597267150878906 0.0331916809082031
0.0216751098632813 -0.129486083984375 -0.0407867431640625 0.0763168334960937
0.07000732421875 -0.15484619140625 -0.0368576049804687 0.100692749023437
0.134834289550781 -0.138648986816406 -0.0683517456054687 -0.0340232849121094
0.102676391601563 -0.109764099121094 0.0159168243408203 -0.0152902603149414
0.0523223876953125 -0.14349365234375 0.0558357238769531 -0.0583877563476563
0.00923919677734376 -0.116020202636719 0.03582763671875 -0.0944671630859375
-0.0377960205078125 -0.106094360351563 0.00205230712890626 -0.106620788574219
-0.0778656005859375 -0.0663909912109375 -0.0444259643554688 -0.0791397094726563
-0.101707458496094 -0.0156707763671875 -0.0571632385253906 -0.0343551635742188
-0.108734130859375 -0.00404357910156249 -0.0386123657226563 -0.0119438171386719
-0.110923767089844 0.013427734375 -0.0304164886474609 0.0137462615966797
-0.104660034179688 -0.0267868041992187 -0.0276622772216797 0.0273780822753906
-0.10321044921875 -0.0652847290039063 -0.0338363647460938 0.0393867492675781
-0.0811996459960937 -0.0984344482421875 -0.0475997924804688 0.0466690063476562
-0.0109405517578125 -0.158538818359375 -0.0593452453613281 0.0214309692382812
0.0460662841796875 -0.151077270507813 -0.0368919372558594 0.038330078125
0.102951049804687 -0.168365478515625 -0.00226974487304687 0.0514030456542969
0.150131225585938 -0.129104614257813 -0.0183563232421875 -0.0759658813476563
0.125343322753906 -0.114952087402344 0.0452079772949219 -0.0495033264160156
0.06976318359375 -0.16888427734375 0.0674095153808594 -0.0679779052734375
0.00880432128906251 -0.14105224609375 0.04449462890625 -0.0878219604492188
-0.0488815307617188 -0.125137329101563 0.0200729370117188 -0.08709716796875
-0.091766357421875 -0.0765304565429688 -0.00702667236328125 -0.0607414245605469
-0.111785888671875 -0.0238418579101562 -0.0146846771240234 -0.0348739624023437
-0.116897583007813 -0.0145034790039062 -0.00131416320800782 -0.0182819366455078
-0.118408203125 0.00276184082031247 0.00562143325805663 0.00611019134521484
-0.104331970214844 -0.0397872924804688 0.00739860534667968 0.0275478363037109
-0.0980453491210937 -0.0799102783203125 -0.0115737915039063 0.0449295043945312
-0.07110595703125 -0.113166809082031 -0.0399398803710938 0.0464210510253906
0.0116119384765625 -0.167953491210938 -0.0561332702636719 0.00875473022460936
0.0734710693359375 -0.147979736328125 -0.0312538146972656 -0.00055313110351563
0.125335693359375 -0.15350341796875 0.0360946655273438 0.00267791748046874
0.138900756835937 -0.0988998413085938 0.0280380249023438 -0.115852355957031
0.124549865722656 -0.097442626953125 0.0665969848632813 -0.0853271484375
0.07305908203125 -0.157058715820313 0.0709686279296875 -0.0742340087890625
0.00875854492187501 -0.134803771972656 0.05133056640625 -0.0762405395507813
-0.048095703125 -0.118438720703125 0.0398521423339844 -0.0618019104003906
-0.0878067016601563 -0.0720596313476562 0.0330543518066406 -0.0434722900390625
-0.103828430175781 -0.0271377563476563 0.0279331207275391 -0.0351161956787109
-0.107643127441406 -0.0221328735351562 0.0353775024414062 -0.0209770202636719
-0.108695983886719 -0.0109939575195313 0.0411758422851562 0.00302505493164062
-0.0885772705078125 -0.0513916015625 0.0398902893066406 0.0340957641601563
-0.0748138427734375 -0.0878524780273438 0.008392333984375 0.0547065734863281
-0.0430679321289062 -0.115074157714844 -0.0313453674316406 0.0466270446777344
0.0424346923828125 -0.151931762695313 -0.0477218627929688 -0.00144958496093751
0.0976791381835938 -0.119575500488281 -0.0180740356445312 -0.0321216583251953
0.131576538085938 -0.11279296875 0.0760574340820313 -0.0352783203125
0.105758666992188 -0.0520782470703125 0.060943603515625 -0.145584106445312
0.102531433105469 -0.0603866577148438 0.07568359375 -0.114410400390625
0.0651321411132812 -0.11517333984375 0.06707763671875 -0.0750503540039063
0.0107574462890625 -0.100784301757813 0.0534133911132813 -0.0610466003417969
-0.03460693359375 -0.089202880859375 0.0552902221679688 -0.0388870239257813
-0.0661468505859375 -0.0557899475097656 0.0657005310058594 -0.0298423767089844
-0.0775680541992188 -0.026519775390625 0.0644683837890625 -0.0366439819335938
-0.0818099975585938 -0.0259170532226563 0.0650901794433594 -0.020599365234375
-0.0839767456054688 -0.0211944580078125 0.0719985961914063 0.006683349609375
-0.0619659423828125 -0.054443359375 0.0648040771484375 0.0478858947753906
-0.0440139770507813 -0.0831222534179688 0.0212326049804687 0.0693092346191406
-0.010040283203125 -0.100357055664063 -0.0241622924804688 0.0499687194824219
0.0662841796875 -0.113685607910156 -0.0358772277832031 -0.00281906127929687
0.105606079101563 -0.0724716186523438 0.001434326171875 -0.0477371215820313
0.11724853515625 -0.0556488037109375 0.114082336425781 -0.0549468994140625
0.059478759765625 0.00543975830078125 0.0758209228515625 -0.160812377929688
0.0689964294433594 -0.012725830078125 0.07037353515625 -0.129722595214844
0.0512771606445313 -0.0560722351074219 0.0582771301269531 -0.0691795349121094
0.0144844055175781 -0.0516891479492188 0.0551223754882813 -0.0479545593261719
-0.00991058349609374 -0.0481491088867188 0.0651283264160156 -0.0231781005859375
-0.0303802490234375 -0.0346488952636719 0.086181640625 -0.0236587524414063
-0.0381507873535156 -0.0242919921875 0.0870895385742187 -0.0376358032226562
-0.044464111328125 -0.0252876281738281 0.0839462280273438 -0.0175018310546875
-0.0498085021972656 -0.0240325927734375 0.093597412109375 0.0147552490234375
-0.0329551696777344 -0.0433349609375 0.079559326171875 0.0654449462890625
-0.01715087890625 -0.0623207092285156 0.0287628173828125 0.0864028930664063
0.01092529296875 -0.070404052734375 -0.0186805725097656 0.0583114624023438
0.0687141418457031 -0.064605712890625 -0.0243415832519531 0.004669189453125
0.0909652709960938 -0.0215988159179688 0.020477294921875 -0.0473518371582031
0.0804824829101563 0.005126953125 0.142715454101563 -0.054779052734375
-0.0210264033893115 0.037017400198962 -0.124878019951938 -0.0874170473356849
0.020512016630831 0.0390552915062444 -0.0571220931544091 -0.0170625466309134
0.0419935635828661 0.025511216102517 0.0303801612337055 -8.95650681723098E-05
0.0328609288210256 -0.00701730303892144 0.070783153348635 -0.0218096036552863
0.0178628230861181 -0.0108662274460369 0.0846704108530458 -0.0800571061192226
0.0182316560091738 -0.00374121501840904 0.0389912747947027 -0.125822074706462
0.0272879193689761 -0.0103555937709068 -0.0231766001871218 -0.119053576045694
0.0277536058987821 -0.0159231569420774 -0.0618725654657714 -0.0912860075323847
0.0318810968272669 -0.00923855856543297 -0.0724234227084304 -0.0760457984115479
0.0283239853412241 0.00491028498356595 -0.0702294787782073 -0.0717041395293403
0.0243449267416811 0.0107683626742291 -0.0641430909804161 -0.0582414956074356
0.0265666884910365 0.0167233604348835 -0.0659897330675109 -0.0399994445961709
0.0228134142742443 0.0364570970490942 -0.0774291506381081 -0.0239603680698407
-0.00492284266166988 0.0444303679378975 -0.130175525662197 0.0129574433164579
-0.035834486924077 0.0389735698183799 -0.171264260999093 0.0422381961662493
-0.0866174112561449 0.0141750826501098 -0.100263147375468 -0.0825554986008635
-0.0430276687785498 0.0256546777904302 -0.0382758086625195 -0.00659497000405001
-0.0223357141263247 0.0348927174481334 0.0571444310323885 0.0093202702422664
-0.013324190864282 0.0201190443145957 0.093122120722321 -0.0197454494331993
-0.0052268329986139 0.0310346817138699 0.100753926029332 -0.0828180774330274
0.0128863169718414 0.0380778963252021 0.0515394728812989 -0.12525943711348
0.0371377927062152 0.0311172532147246 -0.00858940784683021 -0.119545489373928
0.0487758135609305 0.0211378078978803 -0.0481593319882426 -0.0899074044081941
0.055877189803274 0.0291853134745553 -0.0620380333484767 -0.0716138222825613
0.0401149293186322 0.0446229502452588 -0.0608967102172874 -0.0627968901835774
0.0246148076319956 0.0576502144501261 -0.0570570943195357 -0.0519206685422496
0.000797063825712148 0.0635352060848701 -0.0589815369041082 -0.035973224360014
-0.0257128219224817 0.0714217837887236 -0.0629240164478658 -0.0231766915854011
-0.0615345147367621 0.0516141199810011 -0.109712954388591 0.0204352986090156
-0.102133597760797 0.0295541135057081 -0.148529968158281 0.0480074291693886
-0.141792651624745 -0.0109219509537696 -0.0586834049895142 -0.0684602032708575
-0.106661967850972 0.00714589808585291 -0.0112892358095246 0.0163083630379242
-0.0928356751785954 0.0422242545739501 0.0863108742881805 0.0298217930323015
-0.0636896037148247 0.0522060366085923 0.11643200447456 -0.0112710193561773
-0.0289183385312057 0.0763453589932962 0.112829051959808 -0.0784706220412649
0.00680078086788538 0.0783659474826808 0.0597775000515484 -0.11163444962831
0.0431520902861722 0.0708747893434575 0.00819685495769941 -0.104349235235958
0.0642241685741887 0.0546722946797738 -0.0274744250585414 -0.0760397683326785
0.0737218814747036 0.0619401038204677 -0.0426773718060451 -0.0566831148386783
0.0489991194725336 0.0763314442299532 -0.0448687189926173 -0.0436532979181239
0.0280423838430767 0.0950254755885038 -0.0491997132422154 -0.0363892704919227
-0.0153700267428166 0.104016171603275 -0.0537122721733374 -0.0283203882382982
-0.0628908066135869 0.104149801029697 -0.0511889784131344 -0.0252992382030319
-0.106941991234682 0.0581792573744548 -0.0809630223757346 0.0167334076206703
-0.153546166887927 0.0193059032437496 -0.104814914336422 0.0500887855289046
-0.176328607111161 -0.0308131940326613 -0.00281868820582092 -0.0473884434125869
-0.156314793258485 -0.009417566081104 0.0269164487948635 0.0395973724095197
-0.154130299437129 0.0510555280298539 0.113545008106569 0.0508924477479457
-0.108301165607763 0.0842204533194558 0.134631178013352 0.00299952073953711
-0.0468872646521301 0.117065559664234 0.117508762717816 -0.0620139924338627
0.00307920636978776 0.111001606518464 0.0656303577845764 -0.0825571868518349
0.0443768112538887 0.100756961738592 0.0261632375283314 -0.0744834778666463
0.0703681374844789 0.0800793738656195 -0.00257386568732106 -0.0512473510036421
0.0802997860402935 0.0855489188666786 -0.0182510391965847 -0.0323341278256172
0.0488975718273279 0.0966280044822211 -0.0245277161185602 -0.0169548608058609
0.0255653003950118 0.117877569957258 -0.0396929824464531 -0.0153073874391208
-0.0303201453079193 0.128639414873966 -0.0485135627206485 -0.0188361619408203
-0.0915546592273559 0.122194609006929 -0.0396976621032722 -0.0289615782035827
-0.138983317184886 0.0544274672019484 -0.0485537234606519 0.00475554634297843
-0.181715238586801 0.00391883061456057 -0.0504089449836873 0.0477766796743848
-0.18146889592311 -0.0419564589270296 0.0590383276839891 -0.0283464479265759
-0.178247234858289 -0.0208831733749715 0.0711977256127236 0.0540543645148126
-0.185586101474172 0.0524848333821742 0.132039573784182 0.0635697866313857
-0.130020224020242 0.102276493670117 0.139870625771941 0.0173627864974193
-0.0543950501430158 0.137435610003244 0.114275364126474 -0.0342557358254438
0.000430135938221318 0.125332816632308 0.0697315303094403 -0.0420396940383942
0.0411141207778493 0.114127312389049 0.0443620766970001 -0.035629390427513
0.066371049146688 0.0938527240296336 0.0227332834525861 -0.0191918868251949
0.0720726452646795 0.0983874929480002 0.00618071329717603 -0.0020574638954543
0.036641895721971 0.106520932347655 -0.00563573140823 0.0142144045848543
0.0110375169131808 0.124812001432344 -0.0318242359317063 0.0102862253293451
-0.0496115318847474 0.129194215352888 -0.0436219042286511 -0.00787457193379123
-0.114700929412511 0.115406746539409 -0.02819083924632 -0.0306573855362356
-0.153226233139208 0.0348692025283772 -0.0150057035903949 -0.00905317678577772
-0.182512616374043 -0.0183231244776331 0.00744861768808167 0.0455684066223648
-0.155888594392453 -0.0438467721577822 0.11647045134461 -0.0163957758886406
-0.163730850961036 -0.0275788054266188 0.113224417133191 0.0534862408330107
-0.178615212781903 0.0430022079384822 0.136526631877343 0.0626340751151469
-0.125406913857849 0.0963749182597429 0.129797677544534 0.0278913967326068
-0.0522726060752101 0.129779444155072 0.101019480456175 -0.00247773541209542
-0.00181875222588527 0.116656177920818 0.0709822210904279 0.00168645713560791
0.0309304295681056 0.108394044685617 0.0596425412526589 0.00608814472537382
0.0521741924987908 0.0927087581501328 0.0438301203305737 0.0146044516205694
0.0529474157957966 0.0973432430344155 0.0241546378097302 0.0316468463716608
0.0156509539805242 0.101656689404782 0.00412870166227722 0.0474200839939996
-0.0117895025363496 0.112895132812868 -0.0324787390956048 0.0364009060765065
-0.0696208118553649 0.106236388647702 -0.0423155605245674 0.00286371547626207
-0.127120348680869 0.0833635915788941 -0.0190178107034408 -0.0286199442118167
-0.146785694911568 0.00151192717526946 0.014097257252862 -0.0155193418014509
-0.155976639468904 -0.0419491111331927 0.0596565615028582 0.0493545855236755
-0.103117179873373 -0.039234164941836 0.15729766569933 -0.0130219610005509
-0.119651754059444 -0.0311520714391406 0.141451147727823 0.0384035163245837
-0.138896329201144 0.0240928029532107 0.126509829826733 0.0515498721320671
-0.0985975749076319 0.0692599340676611 0.10828258961602 0.0341208013577039
-0.043570344954968 0.095687235202847 0.0838296750070451 0.0268323907134383
-0.00657625278161863 0.0877321713556406 0.0709837792358452 0.0395871915118638
0.0156130875889118 0.0853596661889013 0.0714106042670019 0.0421416005429406
0.0310271003795218 0.0776877012864921 0.0569600283711031 0.0455681777109724
0.0278162110517133 0.0823894333311424 0.0327691172166786 0.0644675871431565
-0.00555215554651833 0.0830458203729511 0.00180012000757962 0.0776444298549649
-0.0311797706904747 0.0859425627191574 -0.042597526028229 0.0590554457429257
-0.0782684898429872 0.0689940125479284 -0.0476557552165709 0.0133387620074342
-0.120614382809602 0.0395467362224834 -0.0149555449225811 -0.020566239783281
-0.118000083530862 -0.0327903350271796 0.0344108173099239 -0.0115310898658891
-0.106803389738536 -0.0586620282231928 0.097802012152017 0.0604307552930523
-0.0331585436717381 -0.0307372855834358 0.175187999898247 -0.0210441646832009
-0.0595423966980341 -0.0341255154403216 0.149312830794795 0.0146580966726048
-0.0811122792887558 -0.000194622337438782 0.1040836408762 0.0370145413705248
-0.0589462634694436 0.0292621266440412 0.0840304292515408 0.0370877840331993
-0.0333921494388974 0.0460935645035683 0.0680321881297293 0.0486066702924378
-0.0153478936431169 0.0466517804797594 0.0691497137658275 0.0642144865739833
-0.005631777578191 0.048860238361211 0.0744993786738613 0.0666558367349229
0.00631453839383558 0.0496412335579696 0.061656398380805 0.068868917222834
0.00358859108465394 0.0534987736565828 0.0318146699848218 0.0908932322378549
-0.0175884097560691 0.0525269083032872 -0.00985025408672892 0.10020286263845
-0.0348087795689611 0.0517214978633851 -0.05961245474244 0.0739208372939105
-0.0665476470384147 0.0312331974958213 -0.05845504498158 0.0211252970110487
-0.0907530021889709 0.00165542021743685 -0.0185113573437534 -0.00947117920794479
-0.0719631950445643 -0.0526601968940875 0.0414566820422 -0.000290414597020895
-0.0424766674959145 -0.0607401500332357 0.118757124909084 0.0754715022576232
-0.0191556408010727 0.0389849868631636 -0.129314055474529 -0.078652147288834
0.0225692292078395 0.0378620135119634 -0.0578525525717874 -0.0123859079364918
0.0440440304538342 0.0230304657413225 0.0315947122554429 -0.000441190627768429
0.0320763620209215 -0.0092681941950883 0.0708591721132206 -0.024015219521569
0.0161981470547098 -0.0114730220939567 0.0802685036583841 -0.084707150777065
0.018017031237044 -0.00403696060520658 0.0310877944719483 -0.127537988560674
0.0267465308273325 -0.0124313720204531 -0.0297368015597419 -0.116622575247681
0.0263363352424677 -0.01768406335119 -0.0660730237680096 -0.0856424758917335
0.0317811956782838 -0.0112524673646935 -0.077259531389508 -0.0706008306776975
0.0288452314878991 0.00327751658081459 -0.0761779283026048 -0.0670025214968978
0.024984850293437 0.00960776169939243 -0.0686474456420373 -0.0554274352570937
0.0278823019727502 0.0149196599513618 -0.0690059178914898 -0.0381047052230271
0.0257679467057721 0.0350968904946514 -0.0788262015359262 -0.0219433926567589
-0.00171164280579176 0.0450656288621643 -0.127415841621925 0.020179209407591
-0.0336950160807702 0.0408580181191534 -0.168584683283353 0.0533789431960455
-0.08614198665343 0.0206995702499951 -0.103893494695315 -0.0763643298033658
-0.0411035082856053 0.0286925058481656 -0.0381043190663812 -0.00232009360288942
-0.0193899717608034 0.0368685604672426 0.0582267415161339 0.00747901015552906
-0.0118023093271918 0.0207171588704951 0.0930058814868495 -0.0238196003524168
-0.00378055194629565 0.0316297133059467 0.096532006418341 -0.0890542018032393
0.0151780041089798 0.0375470882226812 0.0436305793524201 -0.127977211809537
0.0399102168729311 0.0289520984850402 -0.0156008625944079 -0.117841790679134
0.0502502071630744 0.0172779716402449 -0.0530462794009507 -0.0853875447981077
0.0581151114243013 0.0253469475933491 -0.0667201287348131 -0.066882664711048
0.0431093976828006 0.0422037232552303 -0.066730689491715 -0.0587946303736392
0.0281969798253501 0.0555808563251344 -0.062071400338322 -0.0493152448947195
0.00466294702397112 0.0636626975927858 -0.0615484132115321 -0.0342019280498677
-0.0200755031254485 0.0734681645934046 -0.0646352137887982 -0.0217664422815371
-0.0583406790123892 0.0553690626158561 -0.107303265388509 0.0264959526332666
-0.10048294786631 0.0358166717113034 -0.144921935140708 0.057106282028127
-0.142566266438294 -0.000827088129668214 -0.0610826139935012 -0.0637456519152592
-0.105940074711098 0.0132799911125513 -0.00955593832822703 0.0185580327267032
-0.089056859145796 0.0486568821086787 0.0889735277763168 0.026459588708424
-0.0613797932399355 0.0555137828481639 0.116647815333998 -0.0162940800066513
-0.0245411527745114 0.0780761420439585 0.108668933499371 -0.0847818665705626
0.0115021722381738 0.0788497869618327 0.0535748111608044 -0.114508250909862
0.048049674658458 0.0675612873004991 0.00168867018518196 -0.104142611156263
0.0675438498873382 0.049108152659605 -0.0316432893184981 -0.0728657328108587
0.0779258372232959 0.05629355411587 -0.0469581805124711 -0.0524111604999232
0.0538299309721201 0.0736038000913663 -0.0491220555749458 -0.040130905206888
0.0339292822788839 0.0930477381108925 -0.0538422825808749 -0.0343332405419048
-0.00962025184316875 0.105080573247751 -0.0563426510399433 -0.0267275776870825
-0.0548392023174746 0.107954924607445 -0.0531092333189555 -0.0245693991178292
-0.103726833998799 0.0637598688878344 -0.0786862785182397 0.0213089758923809
-0.152487219811934 0.0291941533500924 -0.10169942572186 0.0570028828581415
-0.178794044572037 -0.018756307281142 -0.00398001330476478 -0.0468901870745681
-0.156964323495411 0.000248586607335026 0.0292221046483257 0.0403255433087399
-0.149555298815934 0.0614122242108518 0.116924378622969 0.0467145544355306
-0.102793978336457 0.0905348388831813 0.135371294687858 -0.00337604672316607
-0.039220167711211 0.119099367185701 0.114743479448595 -0.0692079529026152
0.00990591911499273 0.110914826594513 0.0615017331228552 -0.0866340293066282
0.0514433738095106 0.0971968085969575 0.0213353414321882 -0.076158966923839
0.0759706764264914 0.0740296011051287 -0.00564717616364447 -0.0501904151012808
0.0852454208553053 0.0794931358395694 -0.0213936912873279 -0.0298440455240545
0.0550062552889669 0.093890433630414 -0.0274542795063371 -0.015534247586234
0.0331762785073217 0.116270747344678 -0.043444042538421 -0.0135655152735413
-0.0230111734679685 0.130240467541802 -0.0505851497878516 -0.0168778747290888
-0.0829249788457088 0.127479747970748 -0.0423801802548222 -0.0281399095836691
-0.135847753102434 0.0628875629469891 -0.0471998134562783 0.00697633596746267
-0.181706882116572 0.0150057285052033 -0.0475196302442403 0.0513494869746681
-0.184798630921754 -0.0299260069804309 0.0586541169023691 -0.0315084639139117
-0.179205437390533 -0.0100622879924493 0.0744395057142935 0.0518994743659037
-0.181384307343113 0.0637984016476521 0.135911669204482 0.0586801173135229
-0.124953218538102 0.109697284535639 0.141390242062668 0.0109175478877992
-0.0452676982046304 0.140584877113992 0.112097048183019 -0.0413328963570315
0.00862687959057483 0.12514791126851 0.0681616687795888 -0.0461841799971964
0.0486167650767195 0.110449660011264 0.041463431019915 -0.0385039715919147
0.0728141860340485 0.0884640652940043 0.0210998842709484 -0.0206224103816577
0.0787759420466143 0.0921325116887042 0.00489350927885362 -0.00162419283040999
0.0432294337543286 0.103992067067976 -0.00685473281604708 0.0146983017581551
0.0192056710087957 0.122850326888415 -0.0340427421853442 0.0118116576129283
-0.0416511762160704 0.132302977694052 -0.0459663886450181 -0.00648117259700432
-0.106439277902779 0.122439661449894 -0.0317962349393513 -0.0312056238178043
-0.151209260655598 0.0440423362432718 -0.01511479695388 -0.00816971109782886
-0.183625709992614 -0.00694615959031932 0.0103211925250006 0.0463956568293639
-0.158720117321666 -0.0333327101133068 0.116158387953808 -0.0225630107499603
-0.165060836996965 -0.0175823608029346 0.11590563765234 0.0484419543385113
-0.174871745879608 0.0542504719754131 0.140542686893977 0.0569375073189423
-0.121215502654909 0.103563885624036 0.132038405216976 0.0228476863098494
-0.0438678337753931 0.132294347558512 0.102101211864814 -0.00855142078579746
0.0056203116043151 0.116190272121771 0.072823796699693 -0.00261704591858911
0.0388499154919986 0.105906713603396 0.0598043473157629 0.00154958042370989
0.0590910454200242 0.0876053773332618 0.043723749045154 0.0119850604529962
0.0592020844298554 0.092790824772537 0.0251085535044634 0.0300756472757065
0.0218475333764014 0.101023833657654 0.00537668088154648 0.0462861316295137
-0.00494740683801962 0.112946483032206 -0.0327407988875024 0.0379904211439882
-0.0632676706114693 0.110884694190955 -0.0444336341167792 0.00437686474490618
-0.121142637434509 0.091428434971826 -0.0228044533825407 -0.0295982906079724
-0.146747430296006 0.0104345241497636 0.0131772597156873 -0.0169921026490728
-0.158503259444778 -0.031912680379076 0.062427139520216 0.0463863091203827
-0.105575567723135 -0.0324643729912481 0.157106962715533 -0.0227105714609649
-0.12193865344231 -0.0248082939554954 0.142239194017653 0.0314182586444068
-0.137478478999152 0.0330611335727362 0.129524829372534 0.0462731689251817
-0.0949202362426093 0.0751183989219367 0.110842304052654 0.0296274560938054
-0.0371182223963182 0.0982318503107899 0.0862457673204132 0.0224438878559714
-0.00123188856577307 0.0879288388254937 0.0751287347096946 0.0350109976312489
0.0210483536517171 0.0831608308440314 0.0731422457718159 0.036410419697179
0.0365144855441832 0.0741460517943677 0.0587498386847718 0.0413073241927151
0.0327964419483144 0.0795297548633535 0.0356759762795308 0.0616732173576923
-0.000562894455877544 0.0834151728925272 0.00465173428491667 0.0768997595138586
-0.0250696657748986 0.0879157928349632 -0.0410366584806574 0.0612864361501522
-0.0745942658503508 0.0734441450069904 -0.0486261901728889 0.0145379864388759
-0.116847053752304 0.047114953270541 -0.017633215663437 -0.021724062587796
-0.120081432042849 -0.0256539605808102 0.0331612796401182 -0.0142890748485298
-0.109676266245705 -0.0519244321331614 0.101154055607459 0.0550137181135289
-0.0351406635242819 -0.0290191440464011 0.174021205966611 -0.030785054328569
-0.0606856159010397 -0.0308658531394375 0.148892397885123 0.00636814551501325
-0.0809773160616267 0.00482528151319741 0.106108834367346 0.0331899646657457
-0.0583044982125496 0.0326945763812962 0.0864825038119983 0.0337746027380651
-0.029942072689038 0.0487290896777456 0.071785758801265 0.0454432907724985
-0.011990685686534 0.0472156588875357 0.0748783662020719 0.0595293202044962
-0.00193533460324664 0.0493572149691826 0.079193887733385 0.0609050425496436
0.00932843813683372 0.0487500679099928 0.0646967962758284 0.0642533094447144
0.00704311011255958 0.0526754485882217 0.0363949221139104 0.0877547224194969
-0.0144487087230829 0.0536088314651135 -0.00452400673196428 0.0996998538460465
-0.0316182816025024 0.0537479757661717 -0.0562195085598721 0.0774328066640352
-0.0651309369916275 0.0356613749570182 -0.0590751402059014 0.0233532703902515
-0.0904774993379665 0.0076140311592479 -0.0205215666886015 -0.010264468638248
-0.0750035068727911 -0.0478558291888695 0.0404636759606471 -0.00334354296463093
-0.0462790004546538 -0.0585601543212242 0.122205899753733 0.0688855651841611
-0.016912870636888 0.0397477074195708 -0.129347494404552 -0.0702263393112486
0.0238516207724292 0.0359471888887321 -0.0566528444695665 -0.0075814240332036
0.0442269012549311 0.0201550952319387 0.0313278816798741 -0.000387887549883039
0.0311655830192686 -0.0103253537962813 0.0699137528813071 -0.0261699421886639
0.0142163557569253 -0.0116930885458834 0.0750451174432164 -0.0866403442994491
0.0176515610748889 -0.00473252516832266 0.0237361139699247 -0.126564277772752
0.0253385861964318 -0.0136251748510463 -0.0344433636199695 -0.110994251307984
0.0241802073648006 -0.0193341128996972 -0.0680123503818128 -0.079177538252717
0.0302806221454593 -0.0134540311218547 -0.0800472150508569 -0.0641568507050397
0.0287794665076843 0.00196769229371537 -0.0794460879825282 -0.0613242698325201
0.0250075719145071 0.00798740409701393 -0.0717261892896806 -0.0515949695242883
0.0279326962164384 0.01314677130208 -0.0702945173884951 -0.035481248026623
0.0277445489101036 0.0332985711806136 -0.0778215790357915 -0.0201176667122337
0.000397622122567492 0.0440712505289978 -0.122577576728234 0.0250516042730434
-0.0306562493619289 0.0422751391437222 -0.162084055615227 0.0606493632786723
-0.0835428944712914 0.0256957958836173 -0.103936314693575 -0.068727232960992
-0.0389169062781106 0.0302748666407477 -0.0368389225980165 0.00126683005856941
-0.0163630827749344 0.0372342165095706 0.0582469045432327 0.00629345254466619
-0.0105844940838266 0.0210388874969203 0.0909630275026333 -0.0262495690555826
-0.00274729922395677 0.031479565397996 0.0903995796338707 -0.0914716844762998
0.0169939365112061 0.0358170118442598 0.0358866492900277 -0.127246269581565
0.0403047006273465 0.0257487084299899 -0.0210631642170267 -0.113192020611851
0.0498535517832499 0.0134317281948972 -0.0552981153580818 -0.0794936648664824
0.0584308853955762 0.0205826901587389 -0.0696638261931357 -0.0612307180982517
0.0445194540313293 0.0392898561104822 -0.069518498304993 -0.0537283367757628
0.0306979198017583 0.0533382656677771 -0.0653106685890734 -0.0455559532237563
0.00756287668668654 0.0618316070462982 -0.0629075783816324 -0.0323563624832136
-0.0147333075673393 0.0728483844676499 -0.0652490892280526 -0.0205408037239581
-0.0545585281570785 0.0567042466132872 -0.102032224931022 0.0301371754694413
-0.096809993182703 0.0409997307956139 -0.13858159806944 0.0636687313183953
-0.139440296591018 0.00751042259049406 -0.0615761456226961 -0.0593155886737847
-0.102544502508249 0.018705730041578 -0.00778756698154251 0.0200739362187213
-0.0836688939059456 0.05295027019711 0.0891065363992986 0.0234949634346425
-0.0578044984476359 0.0578198383583616 0.114859449566254 -0.0197547070385124
-0.0202111409047572 0.0777037405285285 0.102605755741043 -0.08882079795073
0.0154983160927815 0.0766576607078269 0.0470055120143995 -0.114165172091434
0.0509378655855618 0.0629477698087952 -0.00407749240675698 -0.100673042568717
0.0689335684471205 0.0438962923755302 -0.033809001507239 -0.0684023546847936
0.0792959025844373 0.0496010432431096 -0.0491115027748248 -0.0479765276180578
0.0566921884971279 0.0691950631024278 -0.0522119128051589 -0.0365391006910939
0.038272875302432 0.0887716089572433 -0.0570613084966937 -0.0308785904802226
-0.00393689668219316 0.103418351742545 -0.0574258105935447 -0.0250550522235763
-0.0475371762230274 0.108787299271878 -0.0544092302034433 -0.0234424976620965
-0.0982574825122989 0.0680090145141668 -0.074894363835947 0.0242975157869204
-0.147850848611578 0.0365650621757461 -0.0965708124436438 0.0609009586470908
-0.175461754213588 -0.00747224998771903 -0.00494734086484945 -0.045174338038392
-0.152647357290125 0.00785759229282089 0.0311120271128918 0.0397957093993983
-0.141691348717946 0.0676675510461473 0.117506938733561 0.0421373539838457
-0.0968195056818013 0.0942967419326317 0.133608924112038 -0.00794755933935051
-0.0319822014320043 0.118779090163284 0.109192362268025 -0.0733333789775128
0.0156861206760971 0.108546303854546 0.0563752944905409 -0.0873864287233546
0.0560806612302766 0.0918378362556524 0.0166065065047506 -0.0746652515433435
0.0780908576494143 0.0675001816137119 -0.00766044507935743 -0.0477925162344137
0.0880097454478633 0.0714854986798604 -0.0226483327782027 -0.0275580634812213
0.0587379251170886 0.0893608438723974 -0.0295336269313874 -0.0130919564506575
0.0387279535658571 0.111501627562152 -0.0457930921198324 -0.0109089929636939
-0.015395532492877 0.128915391355893 -0.0519907310993969 -0.0154647567292468
-0.0736622677585459 0.129333245360441 -0.0444932313866226 -0.0278009649909546
-0.12977908494612 0.0684777596345057 -0.0447462333625521 0.00902578993778999
-0.176631668547631 0.0248405790704759 -0.0434629299911847 0.0531992972657011
-0.182454452676584 -0.0190090892067485 0.0573138092145774 -0.033313446537681
-0.175061855728019 -0.000573661067154652 0.0758641855122832 0.0490359165736823
-0.172972100930227 0.07337203487873 0.137210364767562 0.0527236723199453
-0.116841565791895 0.113882201898446 0.140303066534068 0.00600041018944434
-0.0369998814866022 0.1391538351196 0.10846622117515 -0.0461979799220716
0.0151864842749352 0.122277600812352 0.0649173641579979 -0.0485330511723923
0.0543915344799207 0.104999204141147 0.0381479622768438 -0.0394173561703429
0.0762865121794873 0.0806847783715622 0.0194595339707972 -0.0206191729261639
0.0821902404844423 0.0842182840803323 0.00424281914671986 -0.0012356182169185
0.0478279667936154 0.0995854618982824 -0.00749541955176082 0.0146357887205346
0.025432241815565 0.119309216877546 -0.0355306969880534 0.0132144661328276
-0.034067878677545 0.131813348513092 -0.0467185563664 -0.00567376270699807
-0.0965269174474831 0.125375182840725 -0.0341086566926544 -0.0311041681451268
-0.145789209093043 0.0508367263378991 -0.01474402424499 -0.00825929185368402
-0.179935529870226 0.0031612388461944 0.0126348417956116 0.0450900130192998
-0.157381360371402 -0.0238021713196002 0.113520583449319 -0.0276066026291496
-0.162479804491598 -0.00959704877309623 0.115444691629818 0.0437055394869073
-0.167724753192848 0.0626151125513776 0.14082854611392 0.0508599148229543
-0.113500926482964 0.107558347621864 0.131682655894652 0.0177852303754139
-0.0355196214935374 0.131709280107149 0.100147731179355 -0.0130935014192728
0.0116976185994395 0.114082712962942 0.0722770085390249 -0.00623657058886741
0.0435520432746547 0.100700359361882 0.0582993458727626 -0.00145521572111732
0.0626005934648906 0.0817281936948493 0.0430614623623291 0.00905836078759165
0.0631674798849978 0.086246709078633 0.0253016016183435 0.0284363140837654
0.0264898045367009 0.0980975131897959 0.00610604621757475 0.0449703053154889
0.00166730887439437 0.110455208055344 -0.0322505846450118 0.0387246062320458
-0.056868857962497 0.111349434124182 -0.044986972348042 0.00510721218006043
-0.112600617381432 0.0959170421501982 -0.0253934583314203 -0.0295263016980337
-0.142861341702002 0.0176119639247059 0.0117714656745619 -0.0181800157330315
-0.156446512576363 -0.022599572329235 0.0631475345103854 0.0424817944408943
-0.105510626787232 -0.0252993726892268 0.153085738928874 -0.0301201011102014
-0.120422312009223 -0.0176879144236353 0.140921372181816 0.0246552864544776
-0.132181641910071 0.0396241278014286 0.129145783728176 0.0406649426298442
-0.0900665528766707 0.0784946817003563 0.110744837838965 0.0254251068691395
-0.0309130190129946 0.0977774990927829 0.087058036841117 0.0180824485405173
0.0034449270873719 0.0859283789390264 0.0768496489018666 0.0305079942272374
0.0256546465468555 0.079890783373078 0.0731238637049842 0.0310698212516719
0.0401441966599363 0.0696625149171119 0.0588306741135717 0.0370864247277137
0.0368776141097673 0.0748313722749786 0.0370864118334967 0.0583170707615359
0.00439827440818243 0.0816986033587338 0.00773763719121198 0.0744484749721882
-0.0198232942892921 0.087191354606914 -0.0386261406465287 0.0621697283341302
-0.0698136005568987 0.0763754083644254 -0.0488945504422111 0.0157571236228279
-0.111554892737575 0.0523592763598286 -0.0201002069875105 -0.0220263729691907
-0.118431068846132 -0.0185521895878717 0.0313657323657553 -0.0160093257615929
-0.109683415450504 -0.0448366601073061 0.101629432343513 0.0491406620944184
-0.0363718530906683 -0.0262708489496546 0.168630771800372 -0.0393820302677214
-0.0611268027115438 -0.0276240103239635 0.145116997432404 8.74239454478777E-05
-0.079024108523321 0.0093928987637602 0.105732851448092 0.0293307901020318
-0.0556215852292975 0.0349237975254797 0.0864639704265162 0.0305402629836765
-0.0270384895796712 0.0489360950207337 0.0738483506658613 0.0411281223946922
-0.0095960524654656 0.0465172980594386 0.0778797872164731 0.0543750400868205
0.000813120515465972 0.0480159841636329 0.0808313022070426 0.0540711544614459
0.0116486210580719 0.0466867365069108 0.0660972903717624 0.0583514712570306
0.0101293477008658 0.0505754759195049 0.0390184863922063 0.0829068597277703
-0.0109777287896405 0.0533936903797193 -0.000318144866302533 0.0971389133597818
-0.0278576248574706 0.0542214003082007 -0.0524497912336596 0.0787007233187477
-0.0625541310705823 0.0385802088813978 -0.0581134154554132 0.0247730818557072
-0.0877953648951832 0.0120166295025102 -0.0221930373663536 -0.0107555909971643
-0.0761273998535103 -0.0432036908938958 0.0388820468422899 -0.00635228021797637
-0.0479899100878327 -0.0549955005849913 0.122597363479803 0.0620501126235885
-0.00253366969212727 0.0445248017198326 -0.141896462123462 -0.025013940836391
0.0347532549758684 0.02586343899709 -0.0562226847399766 0.012377146092571
0.0479644196257969 0.00276074785710022 0.0283977538825213 -0.00658139579469067
0.0252196998560613 -0.0208544936051696 0.0579269821961614 -0.0441633174433284
0.00965447425185536 -0.0152550817715363 0.0425389758877279 -0.102973896303785
0.0149709373642609 -0.0115098650372264 -0.0201681089725811 -0.12255802090371
0.0189022608429726 -0.0220392207687265 -0.068611859763613 -0.0887498519900239
0.0151394130407736 -0.0253098662804583 -0.0868862922392148 -0.0480394913147186
0.0229663620290649 -0.0221727098513238 -0.0939324356077598 -0.0318476565312786
0.0273402507314601 -0.00738302613902041 -0.0939845076427893 -0.0299353171828616
0.0255868118304521 -0.000698598991553711 -0.0838049915774159 -0.0234920441309502
0.0294760739529313 0.00283763810871027 -0.076917691988564 -0.0116137220339227
0.0367339172651523 0.0216897676644556 -0.0793357452927353 0.00354238055026606
0.0156162600045147 0.0401896086611807 -0.103322172276434 0.0590668244711881
-0.0149104774492672 0.0484378601246831 -0.127370035774931 0.104455220852572
-0.0704490593105851 0.0544783666336258 -0.115502419051675 -0.0334919692328024
-0.0256114236189633 0.0421226893482368 -0.0325560290728044 0.0118643324017197
-0.0012878444181557 0.0390037877123485 0.0550525575721721 -0.013548336122916
-0.00166688520183607 0.0229499929409093 0.0767856606209706 -0.0542840867105047
0.00785166115407305 0.0289378443962124 0.0532896629894541 -0.114281356050724
0.027932262236022 0.0264521968886757 -0.0100187692531376 -0.127580316060544
0.0464207488991784 0.00895717727390056 -0.0584907021377372 -0.0961850195529277
0.0483668808234212 -0.00463860601248644 -0.0758356807995896 -0.0521176569472532
0.0589062997470472 -0.000972700135882454 -0.0835273858694655 -0.0315511351801916
0.0534272071778111 0.0218115999942833 -0.083357220438344 -0.0264844423083764
0.0454030106331483 0.0383263888166787 -0.0772670309443349 -0.0202400784769013
0.0267184166523456 0.0542236196908178 -0.0691673378750049 -0.0115843875917483
0.0103520834054151 0.0714412143632189 -0.0665845876071965 -0.00115490790444305
-0.0307380639320525 0.0698488895626865 -0.0819496217212589 0.0579732679152309
-0.0763281118180693 0.0680097209411793 -0.104151130185405 0.101275559703897
-0.128712117638412 0.0572193726256673 -0.0709580314311993 -0.0401639855005952
-0.0881644764141592 0.0536324273030943 0.00289156089249817 0.0179932256401365
-0.0571429799625597 0.0771539385918622 0.0897926209299321 -0.011390992197762
-0.0318662686264655 0.0726953555105968 0.0998962965118435 -0.0583396312020443
0.00765531068571017 0.0766188918728642 0.0639762127427965 -0.116185144854387
0.039837310797895 0.0634481644180979 0.00259625173921276 -0.120556500365991
0.0686432548621747 0.0401117250485965 -0.0395337167434035 -0.0916824492675792
0.075546900213243 0.0165511253757896 -0.0540003343078887 -0.0488015729826357
0.0880246378274558 0.0189804844938626 -0.0613858652357557 -0.0262184882751758
0.0744001255876243 0.0447936205115888 -0.0624657490705758 -0.0162606983411624
0.0633939178836744 0.0680279243694761 -0.0659065332185088 -0.0102586993715122
0.0297516781085597 0.0955316100436933 -0.0631122558826706 -0.00739630017659983
-0.00771469027491557 0.11404846878828 -0.0571113463022058 -0.00748558133209979
-0.0676448087839941 0.0947091441887517 -0.0576144757550505 0.0447303655564665
-0.124967856494714 0.0804602972876152 -0.0651549126147936 0.0878509852845362
-0.167312027006281 0.0545649727086953 -0.0139849723991248 -0.0458098354615571
-0.137981783772645 0.0619161514764414 0.0471330980874873 0.0211528325793631
-0.104877134635989 0.110554945917718 0.122480868099828 -0.00653129859781426
-0.0543315122648241 0.11997178668269 0.120170930080745 -0.0558637269800114
0.0110390120132932 0.117420879853826 0.072842380313939 -0.10560620366097
0.0502262749233822 0.092069187109209 0.0195021824442144 -0.0992891675545539
0.0828224558552678 0.0652354376596869 -0.0124822608303037 -0.0749039845057076
0.0918337002515293 0.0344019098447193 -0.0241277590881863 -0.0391130467382632
0.102567370808823 0.0354330315274526 -0.0307059790762799 -0.0159451641189728
0.0823533576843732 0.0631765036633182 -0.0349396883557139 -0.00247638610020145
0.0712702072935559 0.0881988469085083 -0.0499339469129268 0.00464541118760172
0.027567796663137 0.123071962162457 -0.0551227438913671 -0.00119009681794598
-0.0246683202401203 0.141173454290168 -0.0490970093487998 -0.0147912835606782
-0.0962000031574456 0.105463964349054 -0.0354201867944211 0.0221173365664872
-0.15600620536326 0.0782398493439956 -0.0191012336577753 0.0655811180096078
-0.176306283774736 0.0467306534991325 0.0475706945501637 -0.055037484352078
-0.161826108191234 0.060100658274532 0.0915084058211805 0.0146865646831451
-0.131798016744322 0.125255780320506 0.143975775483362 -0.00436520700297562
-0.0661342662706323 0.144825053751027 0.129493080934796 -0.0460714927970486
0.0139466282747753 0.13862266836919 0.0804048155952004 -0.0812394786356638
0.0543337097237219 0.105373003032632 0.040411908337194 -0.0670240592946379
0.0858339053813879 0.0785688593975422 0.0187500712070869 -0.0509743545219197
0.0938717451098999 0.0472058912711718 0.00862466008102981 -0.0234811360220692
0.101508881942519 0.04888217716912 0.0017557128140561 -0.000658713644547995
0.0761221864725369 0.0755730256080953 -0.00577550183012112 0.0152583059140517
0.0614452161200591 0.0992403966793042 -0.0328833203567154 0.0230574116034811
0.011397311872645 0.131972353213258 -0.0468662676047157 0.00603678294784559
-0.0472636987737059 0.144779564480764 -0.0405589403460832 -0.0204167246755019
-0.116664764782601 0.0945835260557465 -0.0137053725889469 -0.00256259684216049
-0.165802494893908 0.0597096463278418 0.028913711641771 0.0419108138623829
-0.155175141853921 0.0327757711293795 0.10121119029417 -0.067378549507989
-0.152831376815694 0.0472222853902184 0.126453636178637 -0.00255535433124707
-0.131048372399558 0.114389464910526 0.147315361126339 -0.00705396843672248
-0.0648249438556305 0.138587907772664 0.125538740936512 -0.0326991713575345
0.0121177050791319 0.13114761199399 0.0840755052468645 -0.0479333025484035
0.0486605266863187 0.0992679914776875 0.0614265847217725 -0.0311620192469403
0.0750080454537945 0.0775861643917593 0.0497313707116711 -0.0236987065567857
0.0821610995385422 0.0526406792737505 0.040084124624539 -0.00498770524650746
0.084734550073254 0.056354007715271 0.0304923926369306 0.018676714308217
0.0564851304951488 0.0806518694808206 0.0169773586911863 0.0379421559615642
0.0374686271672064 0.0991896739982368 -0.0206356237713439 0.0444924510215548
-0.0150932808822918 0.120868974764443 -0.0414465589533179 0.0157539434599221
-0.0717295995870103 0.123232466100124 -0.0317571578215981 -0.0211789590555617
-0.125282752711675 0.0632294926499095 0.00670710982902094 -0.018844704690409
-0.152609702875338 0.0279179794347574 0.0730616037885047 0.0244552927812167
-0.106860056628509 0.0116966319023378 0.134565446078569 -0.0801469054019327
-0.116830838264851 0.0242397898547001 0.143071253516606 -0.0257059549982819
-0.106577825614109 0.0816019435021371 0.13396320520266 -0.0103212828156917
-0.0538833333770934 0.103867065366332 0.109771961785626 -0.0167492062229891
0.00516143178232873 0.0989322904811884 0.0836044479346402 -0.0142418601138675
0.0324383246964891 0.0769090105044144 0.0784192760895282 0.000799561620886972
0.0509672192006073 0.065522079244367 0.0756431766820039 0.000926444104314421
0.0588822588457467 0.0492180289127538 0.063571455552579 0.0140284895533524
0.0577022320017449 0.054911481631883 0.0506768478744107 0.0410246585227378
0.031059948833985 0.0730185805485189 0.028611569014151 0.0640503680914163
0.0101886072635795 0.0851696365727426 -0.0178063707921414 0.0670037412011334
-0.0394607156390573 0.0926573268983361 -0.0411890612197741 0.0269232126170429
-0.0844300374044051 0.0832679729125044 -0.0247388164678106 -0.0148394480250326
-0.115450708450878 0.0217416203238801 0.0236662266954461 -0.0231187442479802
-0.11608778346422 -0.0074868424828941 0.107788844394917 0.0180274400822068
-0.042777397648133 -0.013391326624228 0.145108779561447 -0.0909701688131046
-0.0656469834759977 -0.00523212179587057 0.137123147867012 -0.0472385952404874
-0.0688123660532954 0.0354781715820636 0.108918436701662 -0.0102776935473747
-0.0387509168644968 0.0521113091583615 0.0908722297866156 -0.00135043893768205
-0.00691503816310687 0.0534591118363775 0.0812835890622286 0.0123432170595971
0.00745349824284389 0.0458180492463576 0.0890028452885017 0.0224794978549305
0.0176597586877618 0.044504291076655 0.0913195290840982 0.0198620094217591
0.0260513628303053 0.0379770836951219 0.0774075724565189 0.0303674510787697
0.025213887891325 0.0423082928993505 0.0610658848434195 0.0627917410955249
0.00874492550944762 0.051964182406593 0.0288062959723746 0.0868018472640188
-0.00752891136549934 0.0586079166690119 -0.0235590289052265 0.0870523122034218
-0.0453353413923916 0.0561618740950686 -0.0464725199312614 0.0392461939693893
-0.0764769643269593 0.0387868932664719 -0.0235345888571321 -0.00311804765278951
-0.0842337400712424 -0.0148017651735923 0.0331291330111122 -0.016893412837343
-0.062511645409988 -0.0362957094004494 0.12923026519701 0.021998185026319
-0.00189767160173539 0.0445187087146457 -0.138444451873831 -0.0225682236414714
0.034199160227313 0.0252524670666623 -0.0536191473105404 0.0146613357417376
0.0477200009315014 0.00148554807612358 0.0287634802214447 -0.00594388121130509
0.0236208846918541 -0.0204746377472761 0.0582912420034844 -0.0434455729790976
0.00917943530470564 -0.0142971763431762 0.0417830956182227 -0.10191022157187
0.0147540372754271 -0.0110386779701157 -0.020897130752092 -0.119245443157536
0.0178276904117775 -0.0221491952063855 -0.0676101151934657 -0.0856751271287032
0.0135754319336564 -0.0247454025595266 -0.084417749772513 -0.045769945872394
0.0218995197607306 -0.0223369976799714 -0.0930968836902728 -0.02882467688473
0.0265791367759344 -0.00824688784030397 -0.0938799070658772 -0.0270376151075231
0.0251560997687542 -0.00110177673702989 -0.0839207113824283 -0.0221294978531805
0.0292369861828251 0.0024834343249342 -0.076727047043337 -0.0112571084705225
0.0371867235964554 0.0207764722555783 -0.0787558596044372 0.00243387261864987
0.015801172070944 0.0395825367715981 -0.0997653359740022 0.0576513547146709
-0.0136132490849828 0.0484316257535008 -0.123846040739308 0.104468922418411
-0.0678821410052211 0.0553818840035778 -0.112846962671342 -0.0318504939417275
-0.0249489079812029 0.0422584344675628 -0.0300426800029827 0.012991893962716
8.85420697485438E-05 0.038083064290901 0.055508189324233 -0.0124685424273946
-0.00202939659517832 0.0223417240840371 0.076560480303275 -0.0531892377716775
0.00813460363841651 0.0288296033966296 0.0517235213180338 -0.112410963383461
0.0276139484793583 0.0253133703406758 -0.011227708360919 -0.12496947092032
0.0455190193753393 0.00768826284542614 -0.0574248669993487 -0.0925191857943898
0.0466812194343708 -0.00571063787043466 -0.0737408669690844 -0.0498304224230833
0.0576560483873971 -0.0024619770284348 -0.0822608685202092 -0.0288934123880988
0.0532945291034803 0.0204941786049492 -0.0836355179854618 -0.0234953526853045
0.045231427259293 0.036565553693278 -0.0780532785296588 -0.0191114649151115
0.0269765998279071 0.0529358323770734 -0.0704389666961933 -0.0117697359698809
0.0120751791857247 0.0695620367264928 -0.0668777909088162 -0.00261017701673
-0.0298276016473442 0.0695518176477302 -0.0784687147933496 0.0567063552506111
-0.0738042970211421 0.0685904519521574 -0.100262965168956 0.101237336871085
-0.124830405499632 0.059098038900778 -0.0694723966831829 -0.0388373491769187
-0.0857184403784684 0.0541676695013678 0.00489747687956351 0.0192516797613865
-0.0540178829623183 0.0760575500277926 0.089762267538387 -0.0104338180430425
-0.0303863507223949 0.0720298336195283 0.0994544413223797 -0.0576565941656683
0.00865201787569201 0.0753641401732521 0.0615679878819195 -0.114815892135332
0.0402384310733431 0.0618424566447046 0.00134171907613051 -0.117789140361227
0.0675426849888125 0.0377352385680566 -0.0389539752854832 -0.0881203276727039
0.0732512966920302 0.0144031783794508 -0.0522978792928195 -0.0470292214059792
0.0858957468867055 0.0157613092414322 -0.0606910641887418 -0.0236963160721436
0.0736726389484005 0.0430322606247503 -0.0629929984261247 -0.0139087763297795
0.0636675326697788 0.0659106792415189 -0.067214557617124 -0.00867919211517964
0.0303669051087325 0.0939623034192351 -0.0638828709375921 -0.0073785584785251
-0.00496297300995901 0.111730080640177 -0.0583019781660354 -0.00810805738970319
-0.0656825322461119 0.0943000180315212 -0.055376770808916 0.0434953248698309
-0.121750526563288 0.0812381665257138 -0.0625932283525456 0.087314083462028
-0.163195773518497 0.0577299644576468 -0.0128173895105009 -0.0456882690973211
-0.134665813398108 0.0620037284877578 0.0472676580147244 0.0217734687271437
-0.100659612481972 0.110154838943147 0.122729341899817 -0.00577942527998539
-0.051586563690189 0.118921686957803 0.119684495357563 -0.0551118845975804
0.0125058087999027 0.115055104137396 0.0717361135956715 -0.104435521607406
0.0511138343283094 0.0899980831180643 0.0188723713599516 -0.0977525284810503
0.0818161981715361 0.0617855161385068 -0.0130555382383175 -0.0727041263953015
0.0897744435293726 0.03119679237692 -0.0237899960256599 -0.0372518643131526
0.100415421268647 0.0317490122216875 -0.0306962935543842 -0.0139500295013803
0.0823954569705985 0.0600748965331644 -0.0359330854432636 -0.00108864261532632
0.0710755539569891 0.0847661979203175 -0.0508181346122325 0.00621680365618686
0.0284215236364902 0.120304528015745 -0.0563676238119075 -0.00156778560019573
-0.0214657619004156 0.138607984426465 -0.0504117897484536 -0.0144802742645798
-0.0936524611113068 0.105095338843946 -0.0339593388489757 0.0211614373113289
-0.152483018797159 0.0803321842293071 -0.0172769475657233 0.0649891334648504
-0.172490788029568 0.0493958389473723 0.047275969795869 -0.0547029649431822
-0.158427240142077 0.0613147767299252 0.0912715706417429 0.0151404907911927
-0.126485831753433 0.125659630512625 0.143024292506244 -0.00459553496750075
-0.0630248253877741 0.144397738283316 0.129412148206811 -0.0462895104055825
0.0154129041257832 0.135439447046626 0.0790195115802986 -0.0806405472410764
0.0556061596167184 0.102585479887533 0.0399430742615086 -0.0673187360851972
0.0857303531323342 0.0749191614688431 0.0179331749831869 -0.0499181799813281
0.0924988100813351 0.0434993025905846 0.00831426461773199 -0.0229690870750806
0.100008190711058 0.0449588611620397 0.00125607056556981 -0.000629823232764449
0.0762429546047106 0.0732567090203246 -0.0066021282233823 0.0162446449508925
0.0618313030830353 0.0960926354159916 -0.0337118942645276 0.0237993037346798
0.0129163612445345 0.129556212568323 -0.0486119805540819 0.00618329504736619
-0.0437909292827899 0.142617086827663 -0.042244467709515 -0.0204463929544368
-0.113750613134645 0.0948907975717105 -0.0134098760029938 -0.00296008693530163
-0.162749075679984 0.0617987038835065 0.0294487856292737 0.0411697306319426
-0.151123420294468 0.0349902642569102 0.0990943593121771 -0.0672410119312195
-0.149436847650366 0.0482219231928085 0.124525556403177 -0.00234148589848604
-0.126949311006103 0.114526170016282 0.14665269203059 -0.00630119507601454
-0.0623661391250647 0.137635483533934 0.125199586804818 -0.0323888533865752
0.0138694653103589 0.127985767602659 0.0831128334367447 -0.0479117189880702
0.0494452898135366 0.0969575571815466 0.0610841363939974 -0.0318541524803703
0.075185099910782 0.0742670743281302 0.0481893105763284 -0.0238151583444254
0.0811352912469146 0.0489258499390779 0.0389353769530228 -0.00522526452088047
0.0834021487318368 0.0524932423929535 0.0298802898979921 0.0182615886618638
0.0568555407023685 0.0785771091288192 0.0159408417368279 0.0376414064016056
0.0384082095892574 0.0968029200529742 -0.0213436978802352 0.0447993435505086
-0.0135619082406187 0.119272059902427 -0.042983934773944 0.0155932012818823
-0.0676335452439211 0.121902865527726 -0.0336461451627881 -0.0211778248352362
-0.122594967802243 0.0644156927306528 0.00646569463683415 -0.0193382270536093
-0.150260308115591 0.0300077446606688 0.0724043273818084 0.0232720748475221
-0.104727564908526 0.0140430459491961 0.131929638694386 -0.0802809890725262
-0.114762175996987 0.0249484269747726 0.139904827328095 -0.025342457181535
-0.103733743146629 0.081685562965032 0.132908513780508 -0.0100847398519381
-0.0522578513267498 0.102867032783943 0.110168376582627 -0.0167852890371596
0.00604069868450371 0.0967705060566618 0.0829480607052226 -0.0146502476246855
0.0326953273822229 0.0753993358080011 0.0782814972170174 -0.00116225287141698
0.0509682605190988 0.0629181241627224 0.0740902110161736 -0.00037256451452129
0.0586665461536235 0.0462701672325139 0.0616822231798145 0.0130390982934374
0.0573418145326155 0.0521549839386083 0.0493012810072582 0.0395935809522041
0.0323929037827823 0.0713726912632195 0.0272428666043069 0.0620584079153154
0.0116512537450884 0.0837868736067949 -0.0180405079012226 0.0666060859271341
-0.0375080441707988 0.092177419908849 -0.0424273339739567 0.0268622769462464
-0.0811781351615513 0.082669376222997 -0.0267051029939595 -0.0156440995765561
-0.113415182353555 0.0227140970026289 0.0226768111495541 -0.0234937013216439
-0.114927333272504 -0.00566677657913874 0.106360403487362 0.0167521193751573
-0.0417325375273845 -0.0125161009563642 0.140916340035664 -0.0913322934845744
-0.0652504269647186 -0.00490664579146485 0.134431039335922 -0.0465540582181574
-0.0669347351237923 0.035957075688055 0.108803733482826 -0.00946561187127576
-0.0372828924482485 0.0517405151410252 0.0908288276272513 -0.00132782045883465
-0.00625582724007964 0.052069480045881 0.081424373208616 0.0110971805180875
0.00779007985757239 0.0445551287220911 0.0888608750982285 0.0199734498857571
0.0182354488434844 0.0429099808888803 0.0897771763834163 0.0172173344158178
0.0258286360093407 0.036242986288301 0.0757428530980891 0.0285041226859008
0.0257616647104423 0.0404270252635305 0.0594689554212668 0.0605796445419158
0.009512133589834 0.0508415812645228 0.0286693545612739 0.0850572210750193
-0.00616487601408939 0.0576075677965433 -0.0232684703054156 0.0860638232211628
-0.043793617343931 0.0564783602326227 -0.0470430260579491 0.039042273915546
-0.0743413257119943 0.0393386238048215 -0.0249451222441969 -0.00411760007706408
-0.0831567037821485 -0.0135235988381283 0.0313677260816801 -0.017120945448304
-0.0620445023689087 -0.0347732917498135 0.126959205574826 0.020605980122847
-0.000545104719671585 0.045075189196805 -0.1381149319399 -0.0225639923423305
0.034434540045176 0.0257830972273849 -0.0520065114078646 0.0159225435964041
0.0478195888593401 0.000850849678133725 0.0302683385465318 -0.0049584752252145
0.0239795921595581 -0.0204922207937671 0.059710763559669 -0.0434983469482233
0.00883820974186965 -0.0132739623954011 0.0417421691565241 -0.102146802693014
0.0145397619530141 -0.0113464168764709 -0.021310091305979 -0.118636100110628
0.017213760159917 -0.0228899433117021 -0.0669882617653533 -0.0847712678719889
0.0128975882511406 -0.0251455199803877 -0.0833090712366702 -0.0445874634193618
0.0210689527079635 -0.0224146287623762 -0.0932433295147106 -0.0273003560754641
0.0266284378620437 -0.00851449084383297 -0.0946941975412311 -0.0247559257866416
0.0261073016998157 -0.00171155715471452 -0.0861221753730716 -0.0212748213088884
0.0289145493511314 0.00219540812815917 -0.0785765510205229 -0.0113642365952912
0.038091911830172 0.0198390985787661 -0.0802764278204797 0.00123603316825045
0.0163539587625072 0.0399389925295823 -0.0985825456832894 0.0576246597454225
-0.0127214135062899 0.0494445345949696 -0.123098975309232 0.106254470645906
-0.0667688775273432 0.0566191650372334 -0.112197687790438 -0.0314379832677347
-0.0242240932516789 0.0429518972899848 -0.0289154288401196 0.0142957133621274
0.000694972495103522 0.0379036058441737 0.0568675066506954 -0.0113033521171493
-0.00198679104194602 0.022584454607373 0.0782944157082988 -0.0529485179017412
0.00864465194902521 0.0296157531493436 0.0513238949054255 -0.113111516908028
0.0283837199912823 0.025536751191956 -0.011680743551261 -0.124505967831232
0.0454323454773734 0.00662950997232117 -0.0579673488092343 -0.0915039654674924
0.0461599427746369 -0.00637241303842484 -0.0726942144011555 -0.0485499839614362
0.0573584419186539 -0.00363946310127093 -0.0829763199816276 -0.0270700252686612
0.0538489182031248 0.020097099282979 -0.084367131345309 -0.0210236885014851
0.0455484026842342 0.0361151622954963 -0.0803277555729411 -0.0177605936348941
0.0268404585253914 0.0528409995825659 -0.0723838546463074 -0.0115801537561518
0.0132654039800399 0.0689072239537502 -0.0682358418469795 -0.0031379898824649
-0.0296554932310341 0.0707776613436054 -0.0770207392536492 0.0561996777452285
-0.0731607192938516 0.0700536500816001 -0.0995957768506017 0.102602786382738
-0.123999144134004 0.0616785476397498 -0.0676178199869415 -0.0384976025987185
-0.085538343063746 0.0556701373240902 0.00610971648515264 0.0203144629141174
-0.0531359410200701 0.0765671036629275 0.0916912091064609 -0.00979066661206862
-0.0300156684176147 0.0729749120187819 0.102089109242388 -0.058508827252691
0.00949455794059213 0.0759480685926283 0.0615247276826064 -0.115699542476972
0.0410973994855716 0.061999107144998 0.00119211331469099 -0.117994047653423
0.0679069891352362 0.0362927938315546 -0.0395357165085368 -0.0868672772694604
0.0730265665244262 0.0121631369810466 -0.0517696523956113 -0.0458921675940486
0.0853559346414373 0.013846015582914 -0.0607800559086594 -0.0219332789100992
0.0746791563205932 0.0428147895142996 -0.0640299569446431 -0.0119316558831514
0.0644997788414176 0.0643977645879245 -0.0694867827562261 -0.00694847796323011
0.0316153169095291 0.0934322294861378 -0.0663010444489647 -0.00818219708729697
-0.00286085802356531 0.111446399250592 -0.059935496566161 -0.00891965818200794
-0.065313482216695 0.0954900353313608 -0.0541240716138536 0.0425764744642662
-0.120903270057267 0.083971719540934 -0.0611983045001531 0.0884985744464302
-0.162023984308963 0.0603316709130972 -0.0116083935803101 -0.0456492548243136
-0.134819900519204 0.0641395625861617 0.0498543944031124 0.0226547172866929
-0.0987021167117013 0.110673193113882 0.123918487046732 -0.00519293083029693
-0.0508619097723478 0.119523484413888 0.121900967760683 -0.0557756471669913
0.0136218120245174 0.11482450778683 0.0710807832055415 -0.104423495907291
0.0528809998314696 0.0896424593351581 0.0188692472792212 -0.098271416186205
0.0834921883845566 0.0597155043358717 -0.0136571538248952 -0.072318418880796
0.0890811244561716 0.0288950626463289 -0.0225488064689882 -0.036784352483915
0.100257416789145 0.0295242058238562 -0.0307514210779458 -0.0128370845178357
0.0836155748304482 0.0598087341171398 -0.0367321497511817 5.15302432293407E-05
0.0719832095827729 0.0839314310302845 -0.0527425114940086 0.00833538612213311
0.0298832081641943 0.120239558318574 -0.0584839957079106 -0.00121765390279318
-0.019311464612939 0.138609668261452 -0.0525131899022547 -0.0157079711182035
-0.0928513927387155 0.10702252253257 -0.0335208806064847 0.0198019547925507
-0.151283914413314 0.0828721174708296 -0.0163971584588794 0.0652595286697164
-0.170750035511113 0.052793707970417 0.048154476012825 -0.0559391911854315
-0.157811897057641 0.0637352036773729 0.0925489481439634 0.0158208418428661
-0.124876487192225 0.126491717203948 0.145257519535627 -0.00351804434390655
-0.0618979788973953 0.145234941987548 0.131401808293898 -0.0459955882073403
0.0168691938854428 0.134610834732334 0.0787932791126005 -0.0811755571153088
0.0572493630028849 0.102129692106739 0.0403120339236236 -0.0681738179440976
0.0865248342857578 0.0723637183778274 0.0175767382863582 -0.0489311598091405
0.0925457392783868 0.0413795448569075 0.00905333761531202 -0.0228701936637742
0.0997343473728314 0.041919745173606 0.000662435048288122 0.000133970070422256
0.0773234680078034 0.0723890250214069 -0.00787709144127246 0.0169001419653346
0.0629044723260677 0.0950826725301702 -0.0351366318916082 0.0256512059669553
0.0139063103508819 0.129419970299893 -0.0506396222740857 0.00631994277849806
-0.0418500082764759 0.1432919954392 -0.0441698184083286 -0.0211183998335513
-0.113798076134515 0.0962064004799972 -0.0128950531465505 -0.00381317919192923
-0.161912551537994 0.0643864925675419 0.030528783524578 0.0407009085222852
-0.150602349664044 0.0373879773037699 0.0988609363058012 -0.068394023452619
-0.149881467951707 0.0496621255398516 0.125682179812076 -0.00203190124484776
-0.124861242279567 0.115180193019543 0.148343138327641 -0.00599650619673894
-0.0618049163625195 0.138308254799583 0.127355452732322 -0.0322383730213236
0.0154428331312402 0.127728327071681 0.0828732054845373 -0.0482546302579533
0.0511698412315582 0.096648163983497 0.0620751717992828 -0.0334944220756399
0.0762101959256547 0.0726583275987726 0.0482334497743902 -0.0240610038057498
0.0816001914908712 0.0464873369903442 0.0388677816058291 -0.00552758286425079
0.0842679485513532 0.0510098843114072 0.028923860020517 0.0181756560580743
0.0582256142392159 0.0779169619949076 0.0155047299472286 0.0381561797695789
0.0391963916022815 0.0961811729640814 -0.0225923455484375 0.045905524346634
-0.0126320656681317 0.120002998597322 -0.0455921369108317 0.0155187096965343
-0.0659207939769953 0.122980602948793 -0.035884703880953 -0.0219035257780548
-0.122428070524164 0.0653518426157899 0.00643739205409083 -0.0199023738099485
-0.149869089788386 0.0324861784268074 0.0731079770663384 0.0227707299651195
-0.10412864113072 0.0156879319720664 0.132155334145412 -0.0823051727866755
-0.115429357866728 0.0260948330426636 0.140649200673182 -0.0252551367017282
-0.102862733164391 0.0825178006022702 0.135246446696444 -0.00944745541788917
-0.0522668200398091 0.103444461578613 0.112489505336704 -0.0166867320293049
0.00722806741307123 0.0969219128488122 0.0841427858610966 -0.0151003906494339
0.0337044635929781 0.0748761128899068 0.0796809002693886 -0.0024299366704545
0.0517118257711326 0.0617950928080505 0.074223801395591 -0.00114702863522691
0.0583615937175943 0.0451072115025062 0.0621120883655221 0.0126730472921127
0.057235556428256 0.050579445857844 0.0492194407139686 0.0394811107715735
0.0328390775930069 0.0711262441700184 0.0271627386928612 0.0628019377344639
0.0125742798106067 0.0833769839707102 -0.018905830271397 0.0671056788865078
-0.0368132676994512 0.0933269753898741 -0.0446448580924927 0.0272624970852488
-0.080339335083352 0.0838874305558404 -0.0288119068291957 -0.0161281383570463
-0.114054242778369 0.0245470782375641 0.0225463094676034 -0.0241888698600133
-0.115143019073794 -0.00421224548323134 0.106960719232478 0.0163790682373883
-0.0417866460461408 -0.0120672905306296 0.140902628116238 -0.0923238957878574
-0.0653294666277673 -0.00489462611939948 0.133845405776904 -0.0466684411241812
-0.0661270505986221 0.0372923664581282 0.109348712873676 -0.0100282578716178
-0.0379623548533641 0.0528320746301151 0.0924225464878638 -0.000785094501320063
-0.00589227959390333 0.0521004115549571 0.0831538101075623 0.0105821171759919
0.00882426523052918 0.044577504489174 0.0907753659674903 0.0181081299687607
0.0186549913336746 0.0427867018521549 0.0896322452392369 0.0163285777316676
0.0266412595022055 0.0353622178534675 0.0747503543972069 0.027789300902137
0.0259573049981586 0.0392082604664774 0.0591399525810024 0.0596295490665409
0.0103955171631292 0.0507558314070031 0.0286519733320791 0.0841587833137912
-0.00549982962211883 0.0574188891078806 -0.0236861480071288 0.086522317209458
-0.0434446739520132 0.0573303552139549 -0.0496080398756679 0.0388233437187016
-0.0740731058497159 0.0403080241100073 -0.0273060882478929 -0.00458573946744294
-0.0837453160629048 -0.0127261552520841 0.030447417256093 -0.0176082673271845
-0.0627025075645591 -0.0346186039900834 0.127243455366447 0.0196273158525178
-0.000334350698386226 0.0462566027878698 -0.139111247879738 -0.0191178641635917
0.0352847589052177 0.0257286526049144 -0.0506393134599433 0.0182627947718634
0.0482634481183343 -0.000702730591370882 0.0323578402354253 -0.00413729575307608
0.0234374133154136 -0.0211973056861615 0.0617760951790668 -0.0443863885937423
0.00859764914129839 -0.0125062714146589 0.041059510591255 -0.104817644835922
0.0141546267139535 -0.0118171333353711 -0.0241658292762717 -0.118854591595135
0.0162819110462868 -0.0236838064731565 -0.0687434836224163 -0.0834542209590535
0.0116623337025872 -0.0253782605959225 -0.0839027244384827 -0.0433729577412264
0.0204438837767414 -0.023692430001984 -0.0947392097109061 -0.0234420037704015
0.0268332536831372 -0.0097271013006943 -0.0973120597798853 -0.0219628165372983
0.0261763496680993 -0.0019368131031045 -0.0881579260114591 -0.0195196834852454
0.0292409339287915 0.00181939603230998 -0.0813056431039775 -0.0101360904662701
0.0401077373992844 0.0183879680517628 -0.0825045352181641 0.00178944366861083
0.0174471740279264 0.0412378666226852 -0.0977092808669837 0.0589081424618002
-0.0109303217449485 0.0500905098653294 -0.121634291689537 0.111358287336862
-0.0656667801519511 0.0603635599630591 -0.112393606926266 -0.0295677479749163
-0.0240276243085718 0.0449358059065789 -0.0269892472860787 0.0168086003700082
0.00203295880145173 0.038128035175265 0.0589516119731495 -0.0115422370099978
-0.00159034603753324 0.0234663848000472 0.0803278859706287 -0.0551913370408387
0.00957784594116169 0.0300404485063492 0.0501706741393159 -0.115659566892916
0.0294143005987956 0.0253247382738189 -0.0145465374577371 -0.125167310810515
0.0457968561580371 0.00498905509746158 -0.0594099012844122 -0.0903400007530917
0.0459344922133793 -0.00817847709312719 -0.0727968083411925 -0.0475917510172023
0.0573900265918283 -0.00586261645944371 -0.0846602285384969 -0.0242810773195451
0.055016646787176 0.018473157571529 -0.0871461905919901 -0.0179067778338202
0.0475099312449471 0.0353227080890037 -0.0831430384811886 -0.0154149926534154
0.0291799569556321 0.0527534847316207 -0.0748303769109421 -0.0108740025565459
0.0159575706955348 0.0688637447623894 -0.0707919102488455 -0.00315889917003814
-0.0277179894734722 0.0729257843573039 -0.0758165128815858 0.0568733841611281
-0.0719049109334094 0.0735709123401752 -0.0980143020017499 0.107082821600032
-0.123036238283697 0.0665954506209431 -0.0680690497779339 -0.0379000766329908
-0.0853966491482179 0.0586133276341517 0.00826953621958208 0.0211340628559102
-0.0507192568358603 0.0781849165599297 0.0941205616820151 -0.0104870070184959
-0.0279645327699577 0.0746096211582333 0.103603934950117 -0.0599430220103954
0.0115749870112541 0.0768872445982328 0.0602919922991124 -0.117688272051394
0.0440395955200972 0.0615427787504274 -0.00135656185464592 -0.11956045797557
0.0697036185832542 0.0335179619385935 -0.0409958413320409 -0.0860707788482195
0.0731183179376341 0.00996864299621383 -0.052163503346513 -0.0451777640633361
0.0856774362425075 0.010769561946607 -0.0618567095072963 -0.0193024407913861
0.0770000485420461 0.0413475764595592 -0.0659726932641831 -0.00920400849130214
0.0662993671700455 0.0635911145229568 -0.0720817223170261 -0.00415428792278278
0.0342440213607784 0.0940765173631997 -0.0698609009403074 -0.00702425550491507
0.000145855231511669 0.112174228082446 -0.0625725935153973 -0.00861879279652749
-0.0641833620602435 0.0992559646927475 -0.0531166420876607 0.0426437404469109
-0.119869583970392 0.0886043523761838 -0.0592999336853459 0.0915330806540523
-0.161599923851019 0.0661037790936669 -0.0116589138851345 -0.0461302211664649
-0.135485839245722 0.0685316740205348 0.0521037830916906 0.0232588168506013
-0.0961878536155546 0.113859216398798 0.127101722909239 -0.00645268022698694
-0.0484674811865164 0.122515744195516 0.124701141994774 -0.0571061078805424
0.01664314477853 0.115979329906099 0.0706754752771192 -0.10731317086667
0.055714603194334 0.0890477179539361 0.017677035401434 -0.0997722140764481
0.0855488161913232 0.0570583130538707 -0.0145876541415372 -0.0723283801946099
0.0899953091847955 0.0261038656752826 -0.023310929440744 -0.0368494445509846
0.101142341950468 0.0255194031638174 -0.0313276685091061 -0.0111880085710503
0.0866141806484411 0.0581887165785956 -0.0382534347093839 0.00238695322017168
0.0746977465469685 0.0822366455699479 -0.0553286614425081 0.010829549732884
0.0336284242303853 0.120860261527877 -0.0625319621313904 0.000337446268764475
-0.0154250700304202 0.139873459195977 -0.055934513281696 -0.0152998271245162
-0.0918487794857761 0.111257415692224 -0.031826206008657 0.019675168254097
-0.151467926256316 0.0888752210324246 -0.0143094585387506 0.0667180777152791
-0.170822507130678 0.0581786875766472 0.0484414623591134 -0.0582306376305849
-0.158551549400116 0.0677760203653498 0.0948515853999414 0.0151068201300373
-0.122206432986242 0.130248804500491 0.149091487682565 -0.00489178756808
-0.0594021656673778 0.149154887786182 0.135214761718979 -0.0487003910851214
0.0200546677578967 0.135697663910284 0.0791210291215651 -0.0835600852458256
0.0603644252197125 0.101522688566082 0.0404919396189158 -0.0697052927450789
0.0893214749774088 0.0700342563260544 0.0173240951793761 -0.0493246177035581
0.093341917777959 0.0380215785737739 0.00937388134179099 -0.0233479486595303
0.100372640720605 0.0387031729782644 0.000726726918346057 0.00121787923324423
0.0807318784918161 0.071300897237949 -0.0084963008095413 0.0181576792593164
0.0661655047714702 0.0939236433258335 -0.0367201432795585 0.0276120287619139
0.0179890718479555 0.131151798149994 -0.0544962309512459 0.00778712494958864
-0.0377130658677504 0.145647373253006 -0.0475380807191139 -0.0208950117457731
-0.113107729517272 0.100973505280167 -0.012660786847426 -0.00509006709591553
-0.162205427478701 0.0702693698026015 0.0325170359237611 0.041045420514095
-0.151113038411411 0.0423998206145425 0.0999660545904854 -0.071690336223709
-0.150551471509375 0.0536939981023308 0.128458427156472 -0.00407036972523424
-0.122510249917767 0.119471692204528 0.152095407013777 -0.00819271007478225
-0.0607968949740769 0.141830256215045 0.130740077305416 -0.0340307433610492
0.0182732186280735 0.128178653798541 0.0839560991735587 -0.0503677220402734
0.0542362882004819 0.0955980643388517 0.0632578972485177 -0.0353969218233896
0.0788528994183088 0.0706460069193103 0.0486099994154599 -0.024811655629946
0.082933866503109 0.0439061421056645 0.0395054848713136 -0.00616098280266098
0.0856728787271155 0.0474792628855175 0.0290423980502116 0.0183080611707711
0.0612155933722278 0.0774938567006578 0.0155876104296816 0.0386393413298311
0.0420865844518548 0.0958892327448053 -0.0236939602069864 0.0478867803868417
-0.00955683184322984 0.121906500331558 -0.0486511090948275 0.0175365492511596
-0.0628169778512538 0.125094269416278 -0.0392018149588686 -0.0220347937898151
-0.122350171530805 0.0693083143214386 0.00602473596413144 -0.021554795410741
-0.150848242307278 0.0374527630638417 0.0752335484007165 0.0210984062851228
-0.103731359089887 0.0187053571849678 0.132109701448043 -0.0861501149248454
-0.116461762903827 0.0286085372540447 0.142022421959441 -0.0276324001551236
-0.10159061935066 0.085523659027774 0.137637674740245 -0.0114494297186851
-0.0506806375441608 0.106122219847157 0.114639794638428 -0.018280140155539
0.00938268749860728 0.0972144496106032 0.0855786036329064 -0.017142160409736
0.0359234681176873 0.0747312896946705 0.0817274394782464 -0.00442705240899055
0.0551077100230626 0.0597677026224455 0.074183885697461 -0.00321401108572441
0.0597175785913652 0.0426791316014789 0.0627822911729753 0.0116274653814285
0.0591017100351154 0.0479067721786434 0.0499033094915732 0.038614800875256
0.0353918567858362 0.0706808883569778 0.0278808346448901 0.0626703114498132
0.0155698310570201 0.0836184593375583 -0.0195369693079117 0.0692793821480104
-0.0350639323876723 0.0959189405737915 -0.0472786224516245 0.0288599250352528
-0.0790018075307811 0.0864440926221111 -0.0316077737861166 -0.0162308227738533
-0.114790337331085 0.0274016986733908 0.0219049146334633 -0.0254096231623967
-0.116486265875272 -0.000928130394936551 0.108287339600273 0.0135384485693521
-0.0421957005894788 -0.0107154108073958 0.140741064285891 -0.0967731832478901
-0.0667828198555976 -0.00389872866232927 0.134722427565405 -0.0496126721248312
-0.0667198482917231 0.0386866856661029 0.112226968309994 -0.0109655481993409
-0.0368128006113174 0.0540405097594572 0.0954944190757282 -0.00237306943040869
-0.00464920443271952 0.0527340161225872 0.0858064976885523 0.008555528842297
0.0101673339130375 0.0441647674322709 0.0934586310474399 0.0155559177190163
0.0197072902831736 0.0423620858906312 0.0908016456352917 0.0132736968061782
0.0276511787396875 0.0342235597007069 0.0752565350892255 0.0265712175298745
0.0266662188797585 0.0381938040337286 0.0599552327500357 0.0585749646303216
0.0120151834320809 0.050774585290942 0.0295892501247258 0.0843005526278088
-0.00378996178261663 0.0585124664519191 -0.0237554149757024 0.0881779838310033
-0.0428908997480491 0.0602495196832591 -0.0508406035319842 0.041083852075079
-0.0741204634419056 0.0426483697933725 -0.0294585115956575 -0.004808797531351
-0.0857078496711538 -0.0110099004583212 0.0299708521563572 -0.0190057209457299
-0.0642073932051982 -0.0332620884772374 0.129247403450703 0.0168012147162698
0.00271177462796099 0.0465425378547093 -0.139863080716235 -0.0142922471877016
0.0364799474556966 0.0248720122597378 -0.0489998892036922 0.0212131355542646
0.0485304567975567 -0.00231113402203099 0.0335646314657855 -0.00444975397360917
0.0221148058874567 -0.0225187765114896 0.0628271711592895 -0.046300739045558
0.00859556357858883 -0.0126971722961687 0.0387020123406185 -0.106544683452869
0.0143095242065 -0.0121950611138034 -0.0285583505235075 -0.118309751513038
0.0149456996282716 -0.0249856078594968 -0.0709335610590673 -0.0811711507975244
0.0102035365250164 -0.025713895252792 -0.0847699503496124 -0.040712962831471
0.0188745485208052 -0.0248122008759176 -0.0958005824731443 -0.0186708485377323
0.0266860129674595 -0.0114766062307632 -0.0993231289173002 -0.0170091804489263
0.0261138734360588 -0.00317060997478418 -0.0911973372575905 -0.0159009343532137
0.0294057618669441 7.59492815863962E-05 -0.0827489681292815 -0.00804544824376983
0.0408750701350601 0.0160920957369857 -0.083986136648234 0.00304430612627798
0.0193003562664805 0.0413410243344031 -0.095800770585308 0.0606216997970679
-0.00854120367905315 0.0511761326563495 -0.117508173021535 0.117595496738494
-0.0632343858434888 0.0644883288553317 -0.112649831485651 -0.025838167387855
-0.022417625909 0.0465916331878533 -0.0246595978500499 0.0182419325275445
0.00375226173732767 0.0379774401317788 0.0608135910046233 -0.0128882320378444
-0.00103053401416425 0.023828568321114 0.0813038233904679 -0.0574913715332478
0.0103951705295138 0.0303848382561728 0.0471810204431239 -0.117497869984177
0.0306119413570921 0.0240932333474329 -0.0192491847783903 -0.124684575232907
0.0458755986689062 0.00241183787201228 -0.0620814708642215 -0.0882732238402401
0.0446299853682303 -0.0100583925219357 -0.0739701089680705 -0.0456433603840015
0.0564631525106943 -0.00844343818609932 -0.0857932021085367 -0.0194620640923233
0.0563143007877801 0.0158265440435892 -0.0886412246158761 -0.013496937706717
0.0484851391460952 0.0332835069987545 -0.0854881953198108 -0.0116462156310856
0.0313388914436654 0.052013007639097 -0.0770492675248369 -0.00839783760342729
0.0196882444964246 0.0678295050160436 -0.0729765404380356 -0.0018433241001951
-0.0254640975118057 0.0751354547932922 -0.0736427677484675 0.05797771071552
-0.0682516743191393 0.0775595182688034 -0.0935327073189552 0.111907113880373
-0.120360208893105 0.0732485189031651 -0.0685617247892984 -0.0361306472798725
-0.0839171297800028 0.0628458168723068 0.0108449151390366 0.0220945855257914
-0.0470691736581016 0.0796823356550359 0.0964306091669683 -0.012844309065829
-0.0259870504125178 0.0765164934602002 0.105088714822962 -0.0630180576481519
0.0144442999662678 0.0765909613741313 0.0571907329708158 -0.12050621242934
0.0467813007516131 0.0598996194413275 -0.00484896522534511 -0.119406972397104
0.0707238758835071 0.0303077477414811 -0.04370288724029 -0.084485355173066
0.0729545590261818 0.00646441435506245 -0.0524230073170526 -0.043334649265825
0.0854183813535732 0.00685191036872849 -0.0623919800264189 -0.0161462521969213
0.0788652019980299 0.0376578167627288 -0.0678446974915658 -0.00481864970557768
0.0691937948255583 0.0606403863246674 -0.0739649636278738 0.000284926110701229
0.0378444839970292 0.0932841550592327 -0.0721961343936721 -0.00388698289039013
0.00561945370673136 0.111857923736065 -0.0649200176581626 -0.0071320697043561
-0.0604787244286665 0.103189218182841 -0.050573667829889 0.0430613289522343
-0.116046774965466 0.0948652738150586 -0.0553375357935506 0.0944960325472791
-0.158524704193483 0.0747754210368411 -0.0115915706593659 -0.0470554458793698
-0.133451665449355 0.0741465681192413 0.0548765758502594 0.0229280345619366
-0.0913565782474189 0.117748666950065 0.129774369161387 -0.00939611151012268
-0.0450881832337428 0.125607883972922 0.126052837584216 -0.0618560822937835
0.021825553451851 0.115165425892692 0.0676197618892528 -0.109956420868925
0.0597288239221308 0.0869504126987529 0.0144480087364017 -0.100922939534568
0.0881031904941044 0.052920568415317 -0.0167052706518276 -0.0703651658642037
0.0898688887767711 0.0217765475576736 -0.0235471951939062 -0.0359146536961016
0.101513754417114 0.0206192042932578 -0.0319334222012279 -0.00907686237882901
0.0895224750857515 0.0545317667254512 -0.039267511598613 0.00572248173118731
0.0780284993346436 0.0796993517829955 -0.05686946977237 0.0144920416178728
0.0387694184073701 0.12040810223516 -0.0652230128754891 0.00318860397326754
-0.00891372585848805 0.140780582088401 -0.0588660729277989 -0.013979454753986
-0.0883171093773881 0.116104028467709 -0.0311446549858231 0.0191298405385445
-0.14760101150394 0.0962606723334464 -0.011354167429418 0.0676089627522548
-0.168885309688256 0.0670673271656245 0.048413291398925 -0.0606356391338853
-0.157390942024978 0.0741283269047046 0.0977276064600454 0.0128966356328051
-0.116987164768533 0.13517612887317 0.151524013822008 -0.00921782721865825
-0.0554168105539707 0.152258991390117 0.137028665911636 -0.0532952930523123
0.0259524758475501 0.13496766254941 0.0771357580203652 -0.0866920940410028
0.0650439630335161 0.0993352139969921 0.0388308527932594 -0.0724224864358845
0.0923349146393061 0.0656929234806716 0.0155382038005066 -0.0501059548118936
0.0949228015032278 0.0333476922621207 0.00916194561523985 -0.0236042519183758
0.101929063989489 0.0333839900608261 0.000796855002292603 0.00208966594857401
0.0845327812480168 0.0679526208239719 -0.00905317690449186 0.0193375885743232
0.0698860028282548 0.0911058272937479 -0.0380252848741252 0.0312999005363282
0.0239149696041858 0.131447744871492 -0.0571511701742759 0.0100397976326475
-0.0317039513599145 0.146474040212965 -0.0512581442732646 -0.0197830399131494
-0.10969083676565 0.106673599896272 -0.0127939822952438 -0.00590004427701749
-0.159360383347457 0.0786969851730485 0.0341915016567528 0.039788046368367
-0.148903356412667 0.0494351072069177 0.0984360130834258 -0.076593428185878
-0.149734649233082 0.0594953978066347 0.129548454981464 -0.00654500797482215
-0.118475307602065 0.124057647953768 0.154167649888726 -0.0122250485350249
-0.056232282381762 0.145604163329435 0.13298431215207 -0.0386041916360275
0.0233839919142635 0.127964126933489 0.0840464778862379 -0.0538220097101813
0.05836305319959 0.0933988005502003 0.0634876353654078 -0.0389761995044046
0.0823288681329091 0.0665355296345618 0.0477337166518193 -0.0270362124284654
0.0837160447103248 0.0392543299948075 0.0396004255237825 -0.00756473610901392
0.0870298322951793 0.0431674274278913 0.0295998904542713 0.0175761452690913
0.0651545068257389 0.0745499749593291 0.0152613006998019 0.038942946982159
0.0461423446750377 0.0943072315525532 -0.0240420853883196 0.0507101281985596
-0.00467510584231785 0.1240973226289 -0.0506346090901716 0.0198476484328377
-0.057946030133915 0.128500340631778 -0.0418730419286638 -0.0211590598728604
-0.121348108039562 0.0752991072027715 0.00490070173541845 -0.0233589835480471
-0.149007783011978 0.0446760505518619 0.0762203158514957 0.0186133573616404
-0.103326144832307 0.023660629119885 0.13025765234284 -0.0916793483686046
-0.117028256108217 0.0323254855168411 0.142098006176802 -0.0325248580382229
-0.0986155945779422 0.0893340654665157 0.138925306338272 -0.0149178656670192
-0.0482589803002238 0.109196582469915 0.116713673280277 -0.0213884370013057
0.0128792950688178 0.0967138954066298 0.0864292739442414 -0.0199203346223172
0.0395222624439454 0.0727759940878824 0.0835625814352844 -0.00904386888215781
0.0575613894296175 0.05781170897531 0.0745647596966155 -0.0058590784106533
0.0608866163547069 0.0394595690095381 0.0629023266333504 0.0092226057492246
0.0604187114373024 0.0448056173318529 0.0505707647793218 0.0376675041994798
0.039030167768897 0.069462565060963 0.0294212063782299 0.0621457187629147
0.0181643055753701 0.0829150949323419 -0.0187325869250882 0.0714285311616732
-0.0311786627001129 0.0987030909697129 -0.0484155591912034 0.0312153037618674
-0.0752733826140679 0.0898689706265654 -0.0343235960675527 -0.0155677399373664
-0.114307455251402 0.0322879247127195 0.020725987276424 -0.0270780385023151
-0.116744722703342 0.00390249480124035 0.110108513305422 0.00958218746433956
-0.0420147275155652 -0.00899907446825376 0.137320910178051 -0.102551221858183
-0.0680569339370237 -0.0015174550547821 0.134234870012208 -0.0533502191943865
-0.0655397984247739 0.0408701831089147 0.11295006324207 -0.0134470353066532
-0.0373438638149381 0.056559298651173 0.0988777118450191 -0.00487171031239339
-0.00250964349881138 0.0534360820489428 0.088348261274208 0.00521607741190977
0.0114584981038107 0.0435012514657468 0.0958584892034674 0.0113266200894864
0.0218330775796567 0.0408443092897487 0.0908845500509271 0.00911479124597467
0.0291603843557193 0.0327520839168266 0.0760890021661602 0.0233205492168926
0.0285317192187618 0.0365497658120589 0.0616861644518621 0.0569115701713619
0.0143389164102652 0.0501614742944703 0.0322372969109882 0.0833194530172909
-0.000755063825724868 0.0587395954862913 -0.0223222687722083 0.0898623811796357
-0.0402291056068111 0.0628311074313301 -0.0520956933813788 0.0434741014011308
-0.072930067009045 0.0450672449282799 -0.0320846637521116 -0.00411021808465829
-0.0869515832920923 -0.00732461852378133 0.0286557094209799 -0.0209846691420603
-0.0662186987190087 -0.0311917128466464 0.130414412387132 0.0117989557125809
0.00804008769303124 0.0467600933672065 -0.137447331352651 0.00402063949855097
0.039058511595498 0.0193937910909934 -0.0449547709035584 0.0290574620996119
0.047239838601816 -0.0108760896919349 0.0331858055723438 -0.00529963197135083
0.0189192329827868 -0.0271640461720395 0.0570229458176803 -0.0519487135320344
0.00640284827733847 -0.0157441614885015 0.0243315270758146 -0.108930416378413
0.00947906724142277 -0.0160813527052049 -0.0436228665597474 -0.109319156949878
0.00828244344022846 -0.0278478415891885 -0.0802291368701664 -0.0672561150732648
0.00437047085598304 -0.0253487979070062 -0.0862725716014043 -0.0278942668690854
0.0136795443287392 -0.0260475394823088 -0.0955595606005627 -0.00563504658114829
0.0240827670760568 -0.0142845008265555 -0.100577499873413 -0.00311016450706983
0.0252273017689082 -0.00639415332267233 -0.0929000767403986 -0.00415287207401788
0.0295113581797904 -0.00318063647564747 -0.084181766809733 0.00109777922825715
0.0431407708573485 0.0109648470877584 -0.0849350528907893 0.0110394056950539
0.0267735050130826 0.0382583574828039 -0.0867364119064118 0.0686610945161136
0.000287828854314289 0.0519447557439522 -0.100228043298088 0.127430236428829
-0.0518784498230428 0.0741072550445507 -0.112933520005387 -0.0139812465818779
-0.0136094883109989 0.0499857406057064 -0.0213636892087169 0.0199708970136585
0.011305299775699 0.0351074407143203 0.0574673564217058 -0.0210087857690929
0.00428660356153735 0.021522414476191 0.0722661015073601 -0.0678035000530957
0.0151500729563108 0.0252597426078532 0.0289649653844048 -0.121445750765005
0.03111537644304 0.0162784504614236 -0.0366191875210924 -0.117023273290925
0.0435153990866369 -0.00594185641958686 -0.0739787356182738 -0.075710783068393
0.0395708679759923 -0.0155921080949085 -0.0771174350341645 -0.0333304342982133
0.052562307309311 -0.0160218948965292 -0.0852058915736999 -0.00715399827866505
0.0576891932674195 0.00828256985216537 -0.0906758416685187 -0.00148716869981741
0.0517231822973527 0.0257611452522156 -0.0881218865244614 -0.000598187395947013
0.038726872125826 0.0475351056124363 -0.0792716334828444 -0.000706421193125968
0.028838834388796 0.0639599288960142 -0.0729424329824347 0.00397341134774936
-0.0123127188757572 0.0773914822686463 -0.0634296564581287 0.0639143323116338
-0.055587301841074 0.0858165893005856 -0.0754111454836803 0.121132548377447
-0.105415851575864 0.0919598386694859 -0.0704375214156978 -0.0324853576615116
-0.0698940669065136 0.0760561715911748 0.0144168415771594 0.0151174274495309
-0.0311029165343158 0.0836657260527591 0.0913665079163186 -0.0294801505794492
-0.0113159994259669 0.0767214979738711 0.0933989537944235 -0.0801407926817825
0.0261472027418251 0.0690810101861473 0.0360363769713181 -0.126069576254145
0.0521780021305363 0.0484017985429881 -0.0235947906648574 -0.113588873738974
0.0734128948611903 0.0166897872115817 -0.0569975228557064 -0.0755839028537668
0.0689120644539571 -0.00404378870572794 -0.0560755881465009 -0.0340535365356401
0.0832270979044855 -0.00607029194129074 -0.0625829941757166 -0.00661719306360984
0.0833730619843178 0.0257972954574159 -0.0690903236866618 0.00432875959606952
0.0757397071181217 0.0492751421105644 -0.0752872222239918 0.00992114341842196
0.0517391912037105 0.0871507008750444 -0.0746544524773044 0.0025492550246547
0.0217214120557674 0.108587652308562 -0.0658076748316713 -0.0033008548267715
-0.043528479274562 0.109562339596101 -0.042577921014715 0.047151451618094
-0.100452685088593 0.110217810679291 -0.0387813104315651 0.100181854319914
-0.141118472856017 0.0987672575456086 -0.0162418467470883 -0.0524092762082211
-0.114962070707001 0.0947452420323642 0.0570537412139557 0.00791992707362032
-0.0674494328568945 0.127264562396455 0.123767875068984 -0.0345671495227712
-0.0206505336444736 0.12815814479212 0.112337801353348 -0.0843656165868113
0.0391130548311539 0.105490394831511 0.0456337267555968 -0.117483487755622
0.0694958702678393 0.0724266117159169 -0.00305307227002657 -0.0993051661766271
0.094837302133029 0.0360971130477862 -0.0298093939593989 -0.0668966360714933
0.0882047472011054 0.00840856649017878 -0.0272667716599188 -0.030533768146017
0.100887841997304 0.00438935181468994 -0.0325749350430811 -0.00283265797707476
0.09653853638459 0.0404833061522298 -0.0403907281906529 0.0111155923152825
0.0873180669842993 0.0662146595782033 -0.0572478817945852 0.0219083495713996
0.0571449250051205 0.113958783522361 -0.0673117315233361 0.00790299158410049
0.0117974171318273 0.138612977264337 -0.0600525927172186 -0.010970559802773
-0.0700245834554653 0.126248408410244 -0.0243056886111697 0.0219833782429771
-0.131573331636923 0.114664493280733 0.00114142606230378 0.0695540780131074
-0.151526506820091 0.0919632262357637 0.040111205670933 -0.0741601648638681
-0.137138209331753 0.0971350191952611 0.0980703448422071 -0.00894104162093446
-0.0897163249392209 0.147964038798772 0.144450175842058 -0.0384798686792671
-0.0263877219500792 0.155643166677338 0.123105918384279 -0.0779104941857164
0.0464830446640189 0.124242646022719 0.0581871799560077 -0.0955886860431721
0.0775021082061109 0.0842872513220438 0.0239878695941511 -0.074817603480579
0.101375024094655 0.0475140904267918 0.00395302287479205 -0.0516245075103689
0.0942070417365983 0.0179260731467358 0.0048457699843521 -0.0225046870476989
0.103620266150804 0.0169715434305773 0.000591160178336447 0.00333324513916195
0.093599061257086 0.0540535946038514 -0.00878796823541217 0.0210184611714752
0.0808620125213998 0.0784351764597936 -0.036684891546865 0.0359212518078572
0.0434278349292384 0.126996003430797 -0.0584531384948054 0.0140000560292326
-0.00929291532228062 0.147690664276969 -0.0532654219633616 -0.0174557850431606
-0.0919206552564094 0.120014083527382 -0.00998018762351172 -0.00417730707689444
-0.145970995595775 0.0979762249375123 0.0425409038192556 0.0378939220729886
-0.134271562722139 0.0711543799108635 0.0869790958900015 -0.0957448784893305
-0.133529256521742 0.0805991726950082 0.126205392752668 -0.0321768541247763
-0.0937279146389346 0.13759833451652 0.146720266545077 -0.0419991590200305
-0.0286047023550408 0.1498488736785 0.121062796167565 -0.06339748994188
0.0429160287277345 0.118155177777569 0.0692371516695367 -0.0650298442195329
0.0706683368429837 0.0798061180236101 0.053137167061765 -0.0468282028730736
0.0919918014165857 0.0507473076255613 0.0391144320572322 -0.0341695882343665
0.0853965061394629 0.0256815220280799 0.0363922247742608 -0.0111711709844496
0.0905866300500062 0.0279087077361491 0.0301594713309182 0.0150977383129105
0.0757907251354021 0.062379332119718 0.0175174788930057 0.0368209777986006
0.0587672518530157 0.0844175704671283 -0.0204691233281491 0.0529567402491089
0.0145273654789072 0.123889755211706 -0.0504197083757813 0.0224797239359666
-0.037980589284195 0.132707138699842 -0.0440052256409268 -0.0191870632878632
-0.108185449650506 0.0908934980392211 0.00510309358023205 -0.0219592824675211
-0.140429571311144 0.0626770241835209 0.0797798067576708 0.012620463733551
-0.0949797798048745 0.0370373316113936 0.115096985907768 -0.111824491146166
-0.106436664894371 0.048319419712424 0.135585928089871 -0.056325710895556
-0.0800201834234028 0.100940326373101 0.132124232614193 -0.0405024650309496
-0.0280927342445252 0.114192414741682 0.108991050078812 -0.0426554553184336
0.0287570594260734 0.0910640970465502 0.0787778658328895 -0.0329709875231777
0.0498779048160394 0.0627875811530198 0.0775973112698345 -0.0208185054345439
0.0665468719487533 0.0459998984708367 0.0693075267068637 -0.0186009438499452
0.0641912191465249 0.0283558193391624 0.0612858133444784 0.00110322215838798
0.0661591807988491 0.0334125115594081 0.0528537511243532 0.0308274339993202
0.0501749350750802 0.0611443911603981 0.0335096443520867 0.0570678946896034
0.0310798975792396 0.0781680115440061 -0.0120707925620541 0.0717474254860809
-0.015068505493341 0.1028530400245 -0.0459646248874737 0.0346497830078663
-0.0607436390203703 0.0986335939779946 -0.0350745221252377 -0.013320803759517
-0.10781090391865 0.0473065185942144 0.0183006719759779 -0.0270543588265216
-0.114684342673708 0.0190161286323482 0.109916023212123 0.000493476577947895
-0.0407465986483442 -0.00563616372917707 0.120507488909884 -0.120442124307585
-0.0657165267368778 0.00658221533843823 0.124088757083498 -0.072897170411666
-0.0561971487173471 0.0487597040783598 0.108627203877735 -0.0322688970121507
-0.025550413075316 0.0608083462990291 0.0954663043050816 -0.0215559752971042
0.00682561302456249 0.050923525906773 0.085604082663771 -0.00825759583742988
0.0187687116110546 0.0389452526388305 0.0941458485186358 -0.00391426338700615
0.0297869435075938 0.036015231088155 0.0884926577437288 -0.00602342833625805
0.0327982562967617 0.0268853420349601 0.0765680282576117 0.0137537056828129
0.0342746096709414 0.0305191796849517 0.0657337032628372 0.048374376108355
0.0226173142405075 0.0466758391326452 0.0397605655384465 0.0776525956149339
0.00902850265260639 0.057037903054923 -0.0130546926482527 0.0907726439623916
-0.0296901743900279 0.0692928609980824 -0.0470729749103649 0.0472541491186967
-0.0643205262704842 0.0548514715578074 -0.031526393354425 -0.00125923255237965
-0.0860941349599794 0.00418925122040946 0.0251785286614652 -0.0213574169814834
-0.0691590427546456 -0.023512793281076 0.128454927966672 -0.000124035245447278
0.00959851888659248 0.0452692064685104 -0.133591168824938 0.00688631330594264
0.0392330350833076 0.0189585724116781 -0.0420028032610847 0.0293404878666833
0.045900362694818 -0.0115616686118345 0.0347941568169725 -0.00481519366529645
0.0177346055056331 -0.0268086646129664 0.0575457080336896 -0.0515403575546742
0.0066369129045008 -0.0145936444959223 0.022630172143778 -0.107525968395849
0.0092156354403367 -0.0154480185631927 -0.0446138250230034 -0.104536553769064
0.00658812998190192 -0.0270702555752487 -0.0782866292308926 -0.0635028443775686
0.00344331988421392 -0.024471165632163 -0.0832469279979773 -0.0260685414792447
0.0124597515362194 -0.0254736657972549 -0.0924148581324455 -0.00248959808179041
0.0231788303043868 -0.0144117427740023 -0.0979396671094485 0.000259216299071476
0.024628312942845 -0.00728358254611186 -0.0914951102569942 -0.000574479388539982
0.0285711752014226 -0.00396140927154581 -0.0830145412197588 0.00215829923210616
0.0426699764683335 0.00920407998367241 -0.0837027741316414 0.0112530654143211
0.0279588952350366 0.036418165292738 -0.0831042003844897 0.067193793265846
0.0020481728077632 0.0503940667859619 -0.093449438237586 0.126315112107594
-0.0475856473326849 0.0736410037940416 -0.109409530696805 -0.0119799029470568
-0.0113699707375322 0.0499257014128633 -0.0193649370246452 0.0199162429728362
0.0119338545247568 0.0335712853339321 0.0576046635262493 -0.0208125331099449
0.00417197825820175 0.0208125517232873 0.0716325699250115 -0.0679240621274087
0.0155077594952875 0.0245837381725127 0.0264689658331605 -0.118453901038051
0.0315216404536211 0.0152222693316831 -0.0380057819647386 -0.112665347032746
0.0409912508580635 -0.00753466563965084 -0.0725014297176898 -0.0716095964010741
0.0374007936332821 -0.0160083709599406 -0.0746064280045198 -0.0312568190922545
0.0496398561900144 -0.0166885079189365 -0.0820942767166195 -0.00436747736418932
0.0560379883415317 0.00636626329237023 -0.0882456354774225 0.00201731454062044
0.051209695517132 0.0236497824835001 -0.0864467041359047 0.00248816333272266
0.0389088823785353 0.0455957514649902 -0.0788812100499802 0.00067781049557106
0.0302210727703237 0.0606437962308091 -0.0729829523339328 0.00394164901557424
-0.00949021685543324 0.075702110107901 -0.0604562344366082 0.0616464682544481
-0.0507503090677634 0.0848020087614241 -0.0694790281606162 0.119132037759985
-0.0982894699461576 0.0925026869744081 -0.0684825864954939 -0.0314216597801952
-0.0656227775779556 0.0760477444091816 0.0156561809715252 0.0148765242250007
-0.0282213672509845 0.0818639431379609 0.0908828362259972 -0.0295842646405421
-0.00899056376469285 0.0755089973775087 0.091919752306226 -0.0801237371498225
0.027057375245475 0.0665407197154203 0.0335489347884111 -0.122807530310612
0.0524420848143594 0.0457800487354185 -0.0247502522606029 -0.109739821287875
0.0705841991234996 0.0138077248201927 -0.0554874425206616 -0.0709718537303569
0.0662712013302099 -0.00514725149015029 -0.0543053903749978 -0.0326383203407985
0.0797241135130362 -0.00846963673755508 -0.0602711646584009 -0.00389128454169832
0.0821288868809776 0.0227850898965813 -0.0676400839192985 0.00743631157267811
0.0745308459706425 0.0458589343049205 -0.0747027607323097 0.0126229965028601
0.0522541332922237 0.0836499880130308 -0.0747524323594645 0.00430457026539819
0.0237907901401946 0.104594772576767 -0.0657983798047064 -0.00261462939606644
-0.0392088714521491 0.107835013671404 -0.0404824480707463 0.0448586225762288
-0.0937073434658468 0.109556464728493 -0.0347062079484745 0.0983232009990036
-0.132699999958856 0.100189167689247 -0.0162009293908607 -0.0521543130933246
-0.109708071547895 0.0951438205440764 0.0574972892915748 0.00656833783904859
-0.0614422538279544 0.124628028147894 0.122066012720721 -0.0349617558289702
-0.0175574068331993 0.125657486225574 0.110633622506725 -0.0846849594567704
0.0397042699747436 0.101602292001474 0.0436203490423673 -0.114907581566713
0.0696510869612082 0.0687793126066069 -0.00486475508481583 -0.0958583124563318
0.0916047261987927 0.0313147702044214 -0.0294109892976225 -0.0632677268972122
0.0849082846245734 0.00557985720635189 -0.0264198041085783 -0.0294024213104194
0.097231340508317 0.00108862757810025 -0.0312337620778666 -0.00215945217670767
0.0943903160478254 0.0365753037103241 -0.0392145719148739 0.0128953431920291
0.0861666974218619 0.0614061315276648 -0.0567316212075606 0.0246119512669783
0.0584250616273329 0.109271755345331 -0.0680302328168292 0.00982582581667283
0.0146624326611084 0.133601898527456 -0.0604936703914997 -0.00987649116008281
-0.0637450480416981 0.124957776466267 -0.0240949282960237 0.0197923304928958
-0.123918656622728 0.115636869930102 0.00387389937520564 0.0676243063381813
-0.143243221445727 0.0931298223597156 0.0383413482076307 -0.0742448191003281
-0.131762553104461 0.0977629286342237 0.0964661115284347 -0.00957593186719827
-0.0837291043473874 0.145684740173002 0.142215140403897 -0.0395558261441323
-0.0218441648027019 0.153344348867295 0.121087097127156 -0.0789065794274653
0.0474795992498557 0.119494478030884 0.0557233637216743 -0.0939108452180085
0.0771729271076176 0.0797257172711191 0.0226734310257702 -0.0741915801642345
0.0988724234394922 0.0425493612147503 0.00352046744555326 -0.0498379293885326
0.0912159429168836 0.0153740193338627 0.00528811021814724 -0.0228686534322002
0.0992756469454823 0.0124771004877283 0.000615396599083986 0.00361715045585322
0.0924934810857781 0.0494136984266857 -0.00909100620279864 0.0216843791398272
0.0803927662664601 0.0738950356990307 -0.036477871482632 0.0374233415862461
0.0460578297953096 0.122006070201556 -0.0591473465614477 0.0158206787335992
-0.00521298864472813 0.143126901084481 -0.0539187656853515 -0.0161562362921125
-0.0865077288828896 0.119345314267308 -0.010127959091919 -0.0052322183021858
-0.137860839482962 0.0995622827921554 0.0427009418338388 0.0358432108611372
-0.127685292455869 0.0723732224666207 0.0831928078422286 -0.0955298950020246
-0.128507057473984 0.0818967260354431 0.123110345598314 -0.033021050363899
-0.0880444110742394 0.135195186324482 0.144538344663368 -0.0422682966996644
-0.0249003652594296 0.147538632182781 0.119546768257226 -0.0640546734726744
0.0440399104065336 0.113975563518857 0.0676299029687962 -0.0644697214224939
0.0702855664120784 0.0752959875752809 0.0512177965188668 -0.0475363785378288
0.0902989299713742 0.0453657145330981 0.0374121898264225 -0.0340217426590629
0.0829402370389046 0.0221488013736984 0.0355746649391319 -0.012275145089845
0.0873916834076383 0.0241659688216379 0.0291842904617101 0.0142380692712517
0.0762310308437188 0.058779657029613 0.0167249959384941 0.0357253413467491
0.0587451795799106 0.0799211895943042 -0.0198601289864242 0.0533952553693837
0.0179259111205931 0.119806526196303 -0.0514849629131285 0.0241766150195886
-0.0335825653870693 0.129866896449448 -0.044999783651236 -0.0179196813788025
-0.10217167082052 0.0917916574032179 0.00369197786637772 -0.0231420590965225
-0.134229504705874 0.0651306528489759 0.0782889922673619 0.010631020441832
-0.0899864721846011 0.0379219300564738 0.10996875635972 -0.11203508556054
-0.103107559490132 0.0489988735160801 0.131394997236099 -0.0564305020046672
-0.076301787619598 0.0993990594696546 0.130287393034198 -0.04075674085483
-0.0243911130733797 0.112484994352013 0.107919677869465 -0.0440571301567711
0.0295398321570219 0.0878849749987752 0.0774579084779737 -0.0338394627376345
0.0496778961735852 0.0596550206651462 0.0758413214624639 -0.0231681977200803
0.065758693092188 0.0418850145406647 0.0664902732601493 -0.0194915714854611
0.0622990994024362 0.0258608268212088 0.0595754715910464 -5.37158855458609E-05
0.0642473258283558 0.0305789618503125 0.0512343712989162 0.029569499793491
0.0504876168385841 0.058213430287972 0.0329678112043529 0.054945163457645
0.0321948008583421 0.0750886449046106 -0.0116535751227406 0.0714644846977916
-0.0116833321691348 0.101074538692363 -0.0467773486089419 0.0354331998388726
-0.0567815349931103 0.0966603211711927 -0.0363906299390355 -0.0125751453081783
-0.103668058411133 0.0485987060618087 0.0167140442131634 -0.0277382517035621
-0.11047956715608 0.0205839606907294 0.106526525489636 -0.00192988497483608
-0.0394452458293949 -0.00468547024301664 0.114335132434568 -0.120086266897932
-0.0641539226715784 0.00733730917585733 0.119799117967429 -0.0730036223645277
-0.0544187472269387 0.0481266248941207 0.106603850354943 -0.0323227814679481
-0.0237035415243128 0.0607920411724738 0.0941766165955438 -0.0229606322928586
0.00766132445626111 0.049866778095667 0.0848096507336317 -0.00983332516709735
0.0188519403681495 0.0368848119806076 0.0921854215848355 -0.00693847428381628
0.0298733952525092 0.0337031963297058 0.0857753028818038 -0.00791027458035434
0.0323076529623409 0.0244086176695598 0.0737700798291273 0.0116132149896709
0.0331569145411383 0.0281894291406165 0.0639536463915894 0.0459375222809278
0.0234871556987396 0.0443760453753615 0.0391833728359875 0.0745578841922855
0.0101757574845363 0.0548644489355286 -0.0117981573657261 0.0889690033436718
-0.0268030110058569 0.0689559720288136 -0.0474099620594234 0.0481234819262727
-0.0616452891967072 0.0550045228439635 -0.0325476561292113 -0.00014111451530187
-0.0842099983651225 0.00635358220956412 0.0234970756539043 -0.0219979350427624
-0.0678436653945957 -0.0215837976030106 0.12483447444725 -0.00297126996900932
0.00978195436430781 0.0437954467611866 -0.130538109002501 0.00592206396701503
0.039244809400695 0.0195214450903956 -0.0403965103987526 0.0288110835086297
0.0455493517885211 -0.0111576654434754 0.0361320316364114 -0.00444600622513576
0.0175741632623373 -0.0265087380090969 0.0592976721598336 -0.0514765850535775
0.00720495242049657 -0.0144309870860184 0.0238042074295442 -0.105156575063228
0.00943029428646703 -0.0149066664085071 -0.0425613403276126 -0.102006585587433
0.0060718121387622 -0.0264855576447127 -0.0760598564192592 -0.0623177958020687
0.00318841144473685 -0.0235249331561917 -0.0818640876459469 -0.0266037101305647
0.0116672496078726 -0.0248841793638566 -0.0895074379713846 -0.00182613929757674
0.0221031087070024 -0.0145784250886698 -0.0961659439800415 0.000968235474102901
0.0237008081464597 -0.00755674504658633 -0.0911821101157546 -0.000511064982851743
0.0280359212131764 -0.00399905071448955 -0.082195217688876 0.00121973450914785
0.0421092846533706 0.00826711308339758 -0.0844414156201213 0.00962893249697775
0.0278924534284837 0.0358732245569537 -0.0819893045667226 0.0643592489008269
0.00200932108636974 0.0488784085475319 -0.0913550421986899 0.123891759409439
-0.0449107970772472 0.072266914475951 -0.106600313476339 -0.012805885396358
-0.0101454216498301 0.0494417615019565 -0.017935494720545 0.0195821734956376
0.0120227231152248 0.0331249329335421 0.0587795607042011 -0.0197214971033008
0.00450441653034579 0.0204873935198451 0.0731218067236594 -0.0670427252818766
0.0151250408909426 0.0244379861891871 0.0278015419957481 -0.116311592745977
0.0312508507251431 0.0149029264398633 -0.0362174402225108 -0.109697449761307
0.0390363627827838 -0.00804299858067664 -0.0696897153299859 -0.0694912712494733
0.0362865317716077 -0.0154737418872831 -0.0722580872291173 -0.0320043090057908
0.0482780067159206 -0.0167324455549607 -0.0796990377793523 -0.0037200110236596
0.0548582306823907 0.00595299506540825 -0.0866100633411151 0.00295397005291045
0.0501146571698173 0.0229517706262572 -0.0860435810541862 0.00298351862441394
0.038293842281818 0.0439287526543704 -0.0788803332930377 0.000141563690476841
0.0295507191230426 0.058853344131901 -0.0733944452724314 0.00268230243559377
-0.00867075797955266 0.0742248158932807 -0.0601165362844278 0.0584780512537439
-0.0493366970566219 0.0831642010635641 -0.0674361049207001 0.116498457728511
-0.0948556219882048 0.0904999496254657 -0.0663236108863812 -0.032200596806464
-0.0633529566454333 0.0746689302101289 0.0162341904734866 0.0146707217774408
-0.0267682064117904 0.0795196895715767 0.0913402888469075 -0.0282329713451974
-0.00855029063150825 0.0747267173095928 0.0936850655271293 -0.0791366025364562
0.0265602097604098 0.0655889448673557 0.0349531446793011 -0.120088167786875
0.0519270901103426 0.0448076739643133 -0.0238139613408222 -0.108007382529896
0.0680588496584191 0.0125949734924469 -0.0534174668589442 -0.0689379986465344
0.0641311807516522 -0.00539459845653234 -0.0524048781421627 -0.0331245400977058
0.0767790118767969 -0.00922308107515461 -0.0586545142144877 -0.00359737261397409
0.0804452931506029 0.0218035174984828 -0.0663871546633936 0.0079465042227508
0.0726949483850941 0.044531726735169 -0.0739387987956662 0.0136262519063577
0.0518088208590721 0.0818209243617916 -0.0749152687203385 0.0040541581745562
0.0233945685637266 0.102097637945103 -0.0663977224585877 -0.004241889649744
-0.0377260094011591 0.105910717778747 -0.04007168385937 0.0417253503675661
-0.0909706199639036 0.107118244109994 -0.0334136100939662 0.0959054156711743
-0.128161672744579 0.0982073900595291 -0.0151210426591389 -0.0523783323826824
-0.106592295850755 0.0930755183944316 0.0571969107016284 0.00681129133469788
-0.0609289574533995 0.121139379358537 0.122652995106433 -0.0325976096920115
-0.0164491433908393 0.1241195856583 0.112309320152183 -0.0837809566482501
0.0394228294114895 0.099611452877044 0.0443405922627835 -0.112109187955719
0.0683069448022877 0.0671624195726247 -0.00376088438901824 -0.0945913229756621
0.0886800682205604 0.0294946215770492 -0.028532935567122 -0.0611037843917539
0.0819683507784193 0.00481649535868867 -0.0252801150633934 -0.029913786772125
0.0931762182416357 0.000706076914195974 -0.0301535113902006 -0.00102570590425071
0.0931427985665225 0.0355616482267311 -0.0391993709357896 0.0136353136737054
0.0838225007191881 0.0600000055939332 -0.0567161922352998 0.0258573848481466
0.0573771053634725 0.106658626254569 -0.0686267764563916 0.010357984242873
0.0142863422545364 0.130288050638133 -0.0616599834778129 -0.0107367583666049
-0.0617533097655188 0.12250280763031 -0.0242387569465001 0.0176302821483155
-0.11980145979177 0.112758417222032 0.00416761507509957 0.0659899461298759
-0.13829647566015 0.0917324214496113 0.0372442278310192 -0.0743392560561285
-0.129356796392148 0.0960461925995617 0.0959111568282347 -0.00911835297110356
-0.082501472273221 0.14203856341006 0.142233943782045 -0.0369945042614955
-0.021856382895219 0.151131751171372 0.122127592958776 -0.0776346182524555
0.0468747645070229 0.117004600709527 0.0565807014301873 -0.0920615584236027
0.0752621032933051 0.0780548051010472 0.0226026471617741 -0.0731981787883125
0.0961670485003812 0.0402128831507605 0.00359165896896084 -0.0476844607350019
0.0879745725295689 0.0143059266914963 0.00571354803738346 -0.0227620813750568
0.0960800607511972 0.0115697164740572 0.00051371053677584 0.00422763833567831
0.0907394437491837 0.0480548965729755 -0.00961967797468187 0.0221533831200157
0.0781382780342822 0.0724455565404318 -0.0368526203714584 0.0390913280708957
0.0456013856064087 0.12002147714631 -0.0602401839730635 0.0170534200520991
-0.00499040825609369 0.139167976257865 -0.0549077856476848 -0.0166741724176217
-0.0841805386871384 0.117336187632774 -0.0103783888811218 -0.00703462508287433
-0.134079725210452 0.0972189395760608 0.0419653905087928 0.0350379751311639
-0.123698443770953 0.0703163012581591 0.0816135523066522 -0.0946761582414301
-0.126730683970953 0.0800831523795057 0.121914132802945 -0.0315432735691508
-0.0867252257860268 0.132205242815341 0.144355100182992 -0.039736301850966
-0.024305775539444 0.145335123723057 0.119879276239043 -0.0634294862445447
0.0427033314100875 0.11191496151642 0.0679634261937093 -0.0631433506889551
0.0682574417387314 0.0736966775946956 0.0511802823550957 -0.0472308062112921
0.0878763788483551 0.0431773429991802 0.036862785110109 -0.0322269918000687
0.0804750389252437 0.0218607921703057 0.0352596943049402 -0.0123529537587648
0.0842062081206885 0.0227824988856333 0.028333445435858 0.0149644266561978
0.0741691890703184 0.0568836781673879 0.0155487001976256 0.0357910073764559
0.0577016555800562 0.0783622451016153 -0.02090374413321 0.0545033978973079
0.0181824901814847 0.117641780698755 -0.052585213961223 0.0248274953857123
-0.033388787790321 0.126455021893795 -0.0463132073792459 -0.0181793935034133
-0.100098416899033 0.0897183255857239 0.00282451460326313 -0.0237777387809913
-0.130910934173706 0.0629932211459096 0.0770233837303764 0.0105276606303025
-0.0876757347330803 0.0368498892742784 0.107480169827749 -0.110669219755573
-0.101932023313853 0.0482725575215038 0.129871247694634 -0.0547076024422275
-0.0761064431042721 0.0971330557762053 0.130288621119552 -0.0381390265634252
-0.0246188244337253 0.111585374718147 0.1086331126654 -0.0431305514004439
0.028785812329026 0.0864211419767743 0.0772180927555625 -0.0329956007147257
0.0482117012372534 0.0581572505061434 0.0750533877216199 -0.0236661209422934
0.0641712769177799 0.0400440734988063 0.0647796531337951 -0.0187069026939765
0.0602210895695772 0.0247027950852189 0.0581342610178075 -4.09866981795108E-05
0.0614795835557641 0.0288758404487568 0.0492261977416518 0.0295689772337936
0.0495415818435493 0.0559576036186077 0.0313633728259639 0.0541267599136241
0.0309540902319805 0.0729466237751812 -0.0132580872442372 0.0717749185265015
-0.0106725960092717 0.0991346401554171 -0.0479976233746504 0.0357170662166936
-0.055701128845059 0.0943881671679962 -0.0375283874924248 -0.0127057476354211
-0.101363719657867 0.0483185567610857 0.0152902051460988 -0.0279974621157567
-0.107709076542823 0.0201042350681694 0.104579351971375 -0.00182929278979159
-0.0385473984821435 -0.00536800726454179 0.112087137377484 -0.117903187941008
-0.0639660464851178 0.00721540410359907 0.117738611145953 -0.0701191056633109
-0.0538856836152742 0.0470269230231247 0.106225318156147 -0.0300093149131481
-0.0236094497663689 0.0601663282910199 0.0948267152321134 -0.0222525667355293
0.00710104696703627 0.0491135458141496 0.0843308424643871 -0.00991116735251592
0.0178407388475767 0.0361371519889154 0.0913486488331092 -0.00770267442690467
0.0291595589982932 0.0326892803510106 0.0832221505275435 -0.00750927047080749
0.0314075927962942 0.0240518134434445 0.0712193742212068 0.0118752857299773
0.0323472836948254 0.0267922987637326 0.0620039380556235 0.0453329311454729
0.023502643517049 0.0432477730569569 0.0369080258465643 0.0725866393147482
0.0103219753041407 0.0534204513080578 -0.0132530784300695 0.088561041214313
-0.0258366617672797 0.0681529009275191 -0.0484331042514927 0.0479485263068335
-0.0607085094643616 0.0536291148795313 -0.0338409375376478 -0.000762355765325634
-0.0817758481221437 0.00602212475787271 0.0220187483276891 -0.021949290150398
-0.065559113940717 -0.0213849851656764 0.121918779005138 -0.00225652178976872
0.0101721812834259 0.0444399469988983 -0.130276234720546 0.00334300109461842
0.0395447139609087 0.0197947426643414 -0.0402587594434313 0.0286947586327625
0.0461715062374074 -0.0107982340388319 0.0386933039665193 -0.00342292854573751
0.0178790917420696 -0.0263033341415499 0.0625396059730171 -0.0517842284331238
0.00759239999948497 -0.0137583695337195 0.0264517409632726 -0.105795982222445
0.00982185861974632 -0.0146036264441189 -0.0403754925909823 -0.102227999182252
0.00518980745518161 -0.0262088443774936 -0.0736899277737338 -0.0631272282303983
0.00336906438238794 -0.0231772849283126 -0.0810064219148801 -0.0283863194469445
0.0117372116633135 -0.0240417915547386 -0.088991928407472 -0.00285461679630943
0.022364722152025 -0.0147503293689728 -0.0974490837168073 0.000682471524843549
0.0239007456307488 -0.00738100587223204 -0.0921864615163198 -0.00130806482114147
0.0285558813808097 -0.00347128976096681 -0.0845744399798692 -0.000904438822117644
0.0426984649224631 0.00878114771354294 -0.0870546576135894 0.00687300763742426
0.0277666252234644 0.035809409380689 -0.0835861272881249 0.0615491294035734
0.00170730360729891 0.0489064291197427 -0.0919705390923343 0.122563077508713
-0.0446665055314298 0.0719886712637927 -0.106432650104664 -0.0155417891335807
-0.0104412212892526 0.0492224912275378 -0.0175798690089347 0.0195917612935395
0.0122117107161258 0.0326737499332594 0.0617466532825691 -0.0184144394935018
0.0039844621406573 0.0206507832919532 0.0773088373524827 -0.0673564152920066
0.0153493692706108 0.0249840341827713 0.031246678841757 -0.116668250400992
0.0315471276108555 0.0154155313099018 -0.0343256725498357 -0.10970629611881
0.0378958950775245 -0.00776270764041437 -0.0678926611347767 -0.0698374704611597
0.0359496912500533 -0.0148863078631471 -0.0718179589756938 -0.0335968873887594
0.0474622899703149 -0.0160151270342791 -0.079236729080312 -0.00422241991973813
0.0550719552258448 0.00589457940937272 -0.0871909448659273 0.00284181875417652
0.0494258857748827 0.02350650639953 -0.0872526213439665 0.00265731269771069
0.0380393357135693 0.0450218984687034 -0.0808310306149829 -0.00149113756338559
0.0293296521978423 0.0591730905015342 -0.0760831921681759 0.000551801774429654
-0.00951449412110734 0.0744984746285817 -0.061429382366873 0.0563843636471478
-0.0496042598691743 0.0826472511281512 -0.0681037046296621 0.116081646856726
-0.0945019460285581 0.0893500019832103 -0.0662608585169452 -0.0339998607755086
-0.0638356262837934 0.0746663524964129 0.0172873792552803 0.0153836027708118
-0.0272402463116488 0.0792788708387488 0.0949885414302287 -0.0263416394663918
-0.00933627615409451 0.0749128062335782 0.0976450317278697 -0.079092122981294
0.0260077524580379 0.0658181586840351 0.0376924725949123 -0.120174255868273
0.0516143872719359 0.0455761730232881 -0.0212332235813372 -0.107936951122719
0.0671262131384399 0.0127166775856251 -0.0518333915048595 -0.0684249395151161
0.0635181814857744 -0.00442754691972296 -0.0517281047126565 -0.0351278105409814
0.0757907961218162 -0.00766630751879849 -0.0578953619715187 -0.0038305849182452
0.0800370753972158 0.0225798619692491 -0.0671676634785564 0.00837286507319177
0.0717529632024337 0.0458592376809041 -0.0760257545487594 0.0141837530662722
0.0507059363815632 0.0821648206258251 -0.0772445089449188 0.00314234679863948
0.0220233487213924 0.101308601627294 -0.0691587926433263 -0.00540162674863451
-0.0383453875823761 0.10576244199604 -0.0412446484412438 0.0395180623542363
-0.0915304202804119 0.105908051806185 -0.0341389776517086 0.0956519896740374
-0.127782991010708 0.0961999554144986 -0.0145998168177392 -0.0540043741836609
-0.107588544233689 0.0920284977171458 0.0581042144152434 0.00872294627680781
-0.0624340247608719 0.120428295415541 0.126566027038337 -0.0311019070986222
-0.0181640997381731 0.125017396658665 0.116287996989796 -0.0836063485964747
0.0386715231586634 0.100789279523053 0.0472895063344187 -0.112307514982517
0.0685448176010853 0.067824741741965 -0.00210804626807235 -0.0952959369129926
0.0878679119863325 0.0299337993090521 -0.0264149595980767 -0.0604820781243587
0.0815097227541505 0.00620877840056615 -0.024677073876714 -0.0314454182404389
0.0921893527841427 0.00159185004863466 -0.0298275551715305 -0.00151886871695755
0.0928207535281005 0.0356194898281408 -0.0402041857890488 0.0141762743448027
0.0829387829688716 0.0612400075184276 -0.0583339590981534 0.0267009981615985
0.0563283210404356 0.107914401448821 -0.0710322748487682 0.0100371881545484
0.0129416989630352 0.129532124519422 -0.0638996315040442 -0.0126458195950725
-0.0627022594740434 0.122086892235909 -0.0256049247311913 0.0150156566222312
-0.120305992080779 0.111664139097362 0.00436402989691969 0.065908471006764
-0.137997648525619 0.0893497506581769 0.038670346564647 -0.0753134622378628
-0.130055520124116 0.0950387492010595 0.0972373851641168 -0.00715369468074668
-0.0846498750654992 0.140869395897353 0.145876617480106 -0.0343703537503366
-0.0230047253584434 0.151936779384764 0.126709986145011 -0.0774769153617594
0.0455985691965235 0.118392515273287 0.059243302851429 -0.0918254797784309
0.0749468990490486 0.0791212728293577 0.0247693630962382 -0.0741585269619835
0.0951231412452109 0.0407460839084795 0.0054387838291184 -0.0472539758619649
0.0869839666455176 0.014816830645932 0.00549646183481 -0.0236680771273003
0.0942744675125349 0.0131161508393513 0.00055051810615814 0.00463614864504359
0.090408908432421 0.048025190947303 -0.0109921900880574 0.0230699250537131
0.0769957684296262 0.072794866300364 -0.0390887908564004 0.0399216712463538
0.0440945174225153 0.120164122227892 -0.0632248677362178 0.0173675760699048
-0.00663533873208076 0.138787064574798 -0.0573970118482426 -0.0180353132981094
-0.0848562759618582 0.116985865392964 -0.0112903604882949 -0.00950039081300016
-0.134741584870766 0.0960754743742178 0.0421898311318404 0.034992354130905
-0.123560416882806 0.0687422736371398 0.0823495496372431 -0.0948826113122793
-0.12770855840591 0.0788026143746377 0.123481697637582 -0.0294222999934417
-0.0891271023934773 0.131086447333029 0.148161280344175 -0.0371745215315242
-0.026119895547745 0.146723198907297 0.124469503927763 -0.0628638040892408
0.0415537092139548 0.112671641153476 0.0706708314631285 -0.0625845506437615
0.0676200042592494 0.0749471860628978 0.0526328199763275 -0.0475753768245426
0.0868240351232287 0.0433399398037239 0.0375801641475682 -0.031704643036363
0.079620067360987 0.0218710663064376 0.0352290991469901 -0.0124918219804465
0.0831914893997726 0.0236077654160746 0.0273854176617449 0.0153346595249006
0.0741460073035721 0.0566227467246031 0.0138257321921915 0.0365175865818229
0.056718790357884 0.0793139623411246 -0.0230935940182846 0.0556458298267908
0.0170082128895357 0.118241408278383 -0.0555189613274964 0.0256011284627109
-0.0344683122859438 0.125489177127739 -0.0487124459412497 -0.0195374004419695
-0.100202853338475 0.088907009937905 0.00247569125259811 -0.0256908170642277
-0.130490008164678 0.0618991455730262 0.0772350575809625 0.0110761205624326
-0.0869117657726616 0.0351825480495646 0.109376289505524 -0.109870005432677
-0.102616772150559 0.0469623359796237 0.131468373001094 -0.0526079789244314
-0.0785329654566826 0.096744116249431 0.13334442235474 -0.0350212513637188
-0.02610518375459 0.112926944542002 0.111538749327666 -0.0425505405410181
0.0281176048454931 0.0867492534280619 0.0792579733564375 -0.0321968705979821
0.0467051004285367 0.0591571532365216 0.0766845601821712 -0.0236543272169223
0.063250086944136 0.040261762640801 0.0652043229982237 -0.0173778348723814
0.0596695328006667 0.0249019165582039 0.058177058817023 0.00030351263031524
0.0605295996829657 0.0290542011042149 0.0481272214940966 0.0305870896794143
0.0490264891851964 0.0563289082436837 0.0292138728453142 0.0551502850181362
0.0302083412900458 0.0730796843783926 -0.0153924502968699 0.0732610012566172
-0.0116091670006227 0.0994135677052992 -0.0507987125565592 0.0363951854570477
-0.0575094861184731 0.0936324497737017 -0.0391480946091603 -0.0136428666964938
-0.101735037297572 0.0470587530816588 0.0156327291557522 -0.02924022465599
-0.107467608668272 0.0188755906749978 0.105440772735836 -0.000845916729831752
-0.0378348212521652 -0.00715797573496806 0.113544732614524 -0.116759999695991
-0.0650565149458058 0.00616174987223717 0.119574319377126 -0.0677878848589655
-0.0562077154308807 0.0466603998775813 0.109280331440224 -0.0270929753216131
-0.0249143031036635 0.0606391577181412 0.0968651565155302 -0.0206744179620699
0.00751189282110095 0.0493453722137545 0.0861500126714674 -0.00870966510089278
0.0170997565309607 0.036657695799268 0.0920951623380339 -0.00763316789193561
0.0287584262451025 0.0325765637275725 0.0826946794688292 -0.00680871320364905
0.0308625012967301 0.0242712013676098 0.0715151505825149 0.0123794148925139
0.0309867895941854 0.0269430209845141 0.0600476346180544 0.0467214787662757
0.0233715401831597 0.0430565393526818 0.0346150407151085 0.0737116805999373
0.0101704151348664 0.0537955939098698 -0.0155396688415597 0.0895469263480989
-0.0262744225656224 0.068348355233051 -0.0512190576324086 0.0484126771344491
-0.0617065380211291 0.052738996780237 -0.0353890756194122 -0.00155734074740774
-0.0817273943918783 0.00519677631100729 0.0215273395246299 -0.0224151362829234
-0.0658541183277911 -0.022723923229676 0.121866754550735 -0.000815253539314463
0.0103931017923268 0.0449192071308368 -0.133419427652738 0.00262172480108345
0.0419172188320548 0.0206890970713389 -0.0410609636287863 0.0301054260200478
0.0483000831198682 -0.011190321553983 0.0417825828960689 -0.00340523843426736
0.0183785110892759 -0.0267917863841525 0.0670824553472455 -0.0541705076478959
0.00798108804233552 -0.0137153178354864 0.0288489485358807 -0.109621266565787
0.0106892453994612 -0.0150100361232958 -0.0401389326815037 -0.10501185974921
0.00464339388282039 -0.0264608404670851 -0.0744656797195435 -0.0652088653669701
0.00313178503955306 -0.0238910045479476 -0.0830441866555781 -0.0302731684297366
0.0123922655715029 -0.0245107635188091 -0.0916985781850301 -0.00369404904459827
0.0233449729151411 -0.0153598240682004 -0.100404449727081 0.000818858985318484
0.0248427077743618 -0.00756584342527791 -0.0959866879893874 -0.00218569630646228
0.0293270021490333 -0.00363694952986041 -0.0886876223134459 -0.00216043107037882
0.0446374612592119 0.00859683405315138 -0.0921392424960526 0.00609774495863775
0.0287771974679265 0.0367887381774307 -0.0863816694056624 0.0613041716737363
0.0017463721843635 0.0503662783268642 -0.095109370140744 0.125235961810583
-0.0456054540457956 0.0734062470609859 -0.108939292285512 -0.017392293969533
-0.00968933219481558 0.051295938723051 -0.0178347156813324 0.0207817136466302
0.0131560083424662 0.0329780533630892 0.0658861600459998 -0.0185202454342492
0.00497355137341717 0.0215688410500898 0.0820365092131959 -0.0699582410226656
0.0164493038915839 0.0256735504439273 0.0340366544965496 -0.120523358082059
0.0329084548367181 0.0156747320466143 -0.0334033862259465 -0.112843754649075
0.0385402585736085 -0.00785915704425318 -0.0679247736179884 -0.071750214002845
0.0359401043848316 -0.015193378613917 -0.0730128236244564 -0.0357170223989989
0.0483420230808918 -0.0157839672965785 -0.0808550222108609 -0.0050502344445264
0.056608470961884 0.00642218324084698 -0.0903870070404475 0.00337786203647997
0.0508894289734884 0.0241505888568558 -0.0910917044769023 0.00359351162284401
0.0386872518194741 0.0464620976276887 -0.0853112129993373 -0.00276944724716017
0.0300798168729902 0.0601304557004167 -0.0805188158776494 -0.000958996126919118
-0.00981540636781187 0.0762613057765543 -0.0636622613841228 0.0556712713164874
-0.051210755707712 0.0847134723267829 -0.070203402689994 0.11820877200919
-0.0962131356127712 0.0913767615035859 -0.0673755000039379 -0.0362884336213161
-0.0649927922009063 0.0762701848418625 0.0185307182184423 0.0164966472543413
-0.0286265114124145 0.080640199137584 0.100600059730434 -0.0261369966317371
-0.00957105821212442 0.0774485487041123 0.103684910131633 -0.082774120669803
0.0271581661434828 0.0678318565319764 0.0409467893555519 -0.123966728821642
0.0536853562864729 0.0469203824885585 -0.0208381965804598 -0.111273709603997
0.0680405197771326 0.0131622053087634 -0.0507892939163994 -0.0705813865602011
0.0645164508772776 -0.00464576194553938 -0.0532033512514286 -0.0373920663020697
0.0770652032071407 -0.00796424236519946 -0.0588036842445422 -0.0037346391056785
0.0824389742500673 0.0229060143181261 -0.0696030655593298 0.00961813353952182
0.0735094330014502 0.047428515737601 -0.0796390944127683 0.015400775321228
0.0520481790194213 0.0851307628646891 -0.0815467697762085 0.00283555260160017
0.0223839824196598 0.103874735145279 -0.0742065331541716 -0.00705690131832585
-0.0398124963049827 0.108553706630584 -0.0434763003342604 0.0381148924446016
-0.0940746996793907 0.108572967035228 -0.0344619477866447 0.0974717006479571
-0.129780765558463 0.0981252470695202 -0.0151118396322441 -0.0569036904192637
-0.110138177622546 0.0948018722965777 0.0604291481906865 0.00978492766338938
-0.0645576203481809 0.123607758917374 0.133747084932999 -0.03037631157347
-0.0183854104490939 0.12852332075957 0.122763131512104 -0.0867687969967378
0.0391086470025123 0.103137462977025 0.0511823042717345 -0.115768709556243
0.0704869272590912 0.069758771917778 -0.000573345704547989 -0.0982544156666618
0.0886305446589009 0.0303403808550792 -0.0251253837448291 -0.0616490354056606
0.0828186559504063 0.0059332728336006 -0.0248213772612064 -0.0332181426754703
0.093708333210351 0.00271969953452867 -0.0304147349136362 -0.00147851307284779
0.0955199069155547 0.0369262938400688 -0.0420494540133597 0.0157966229698082
0.0848345957234654 0.063463570865815 -0.0612734635492184 0.0287644342681886
0.057388544540483 0.110844846564487 -0.0756876277276325 0.0103584310875457
0.013072171871919 0.133122589766832 -0.0691522416341126 -0.0139308064395758
-0.0644847024949965 0.125238647577051 -0.0272908971844469 0.0133174578943959
-0.123582671277755 0.114062031331759 0.00454003490505187 0.0669816902230086
-0.140779578416845 0.0904304240209412 0.0394222796484503 -0.0780129323107649
-0.134327497220186 0.0965357970823794 0.100620697930381 -0.00621518876426386
-0.0878462771039251 0.144178203736478 0.154139622374579 -0.0337747354900461
-0.0241696741010909 0.157779072888342 0.133158712797939 -0.0806361941745524
0.0465884212626096 0.121845920773306 0.0635253462891681 -0.0945764664101472
0.076929336301887 0.0816163363975908 0.0264592006887799 -0.0765720005055416
0.0962604181117587 0.0407807041813385 0.00651694500839773 -0.0474761171302416
0.0885420797678157 0.0154938786644422 0.00609536274333718 -0.0252447063365572
0.0955019156641344 0.0134000800692671 0.000474503746049249 0.00493158278035542
0.0930603806032458 0.0491790167975296 -0.0122127022087903 0.024704285262486
0.0787334301334834 0.0757647267417211 -0.0412331252862942 0.0429542122217873
0.0457235325484808 0.123893694723136 -0.0674054276109845 0.0183794238121094
-0.00727704992128898 0.142495429026343 -0.0622279389190875 -0.0197397190068716
-0.0873653261063524 0.119722599189915 -0.0126637406102136 -0.0115048404172052
-0.137997022764358 0.097768378876674 0.0437187228369137 0.0353360192495898
-0.125345679301276 0.0690483809256593 0.0851841427243422 -0.0982254178051898
-0.131803820500321 0.0798068330462869 0.127966127105095 -0.0293733607721426
-0.0930001057402473 0.134411826609858 0.15543894498624 -0.0365929487494308
-0.0268307706527766 0.151607991143793 0.130130094689441 -0.0647195870569303
0.0423651105904273 0.116152242880693 0.0744925429142956 -0.0643844158013812
0.0693315093575125 0.0773654435915934 0.0552189595835553 -0.0495936175780724
0.0879751549689813 0.0441240105921101 0.039729874489062 -0.0313026774227408
0.0812260900205517 0.02241423356829 0.0363195298995004 -0.0134065755682601
0.0837796401043567 0.0241773723626817 0.0281678060398845 0.0163095758392881
0.0760794428899733 0.0578587329361538 0.012167848618095 0.0386428259466897
0.0578663607377235 0.0812538749075005 -0.0250715092540464 0.0591316048135392
0.0175964558458406 0.121630948208276 -0.0591158450848754 0.0274618162491898
-0.0359929170062506 0.129128521669945 -0.0525874718833296 -0.020992660171731
-0.103761011515357 0.0901082016268907 0.00176709903329452 -0.0280452502249475
-0.133833129527655 0.0626108723785349 0.0792929905992846 0.0112538771921033
-0.0887931374267801 0.0344911275712853 0.112372793083923 -0.112879083218464
-0.106951761809101 0.047599012236305 0.135710231950025 -0.0525998048334636
-0.0818015832665124 0.0987918496675329 0.139529200952688 -0.0347762185880339
-0.0274017569346798 0.11654861967989 0.117066612215307 -0.043879226262097
0.0283114864955605 0.0893833830493461 0.0832385660733579 -0.0328162487539444
0.0475740810868612 0.0616657367920878 0.0796410516644047 -0.0251830980216466
0.064438998988342 0.040422966255632 0.0672891323935291 -0.0171768265770149
0.0608352111129931 0.0257648070700676 0.0590599842874917 0.000549707344651113
0.0609088214858601 0.0298103753489217 0.0490092983475468 0.0320093662499071
0.050951943978723 0.0569783388907765 0.0278125128942519 0.0570357906005654
0.0309830284306877 0.0753351868151507 -0.017379739838292 0.0771336831347728
-0.0121331648215255 0.102589558146222 -0.0547429636162269 0.0383860996513838
-0.0595773107589791 0.0964253869663103 -0.0427921361848922 -0.015094466442989
-0.104102618394512 0.0476787383945856 0.0144023132448706 -0.0311681180428747
-0.110209355230167 0.0179586650869183 0.108289275412981 -0.000538054929601381
-0.0390957979513392 -0.00796386205599227 0.117239675062264 -0.119317072912742
-0.067393498918738 0.00559547053047395 0.123999415536386 -0.0683677496805599
-0.058297683216543 0.0480921660501315 0.114672162801649 -0.0264242699948801
-0.0259189624821643 0.0636190407342976 0.10235058242624 -0.0212210545066773
0.00743884515406365 0.0503330700257823 0.0901905867750732 -0.00951934399997356
0.0165093193076145 0.0382686739935316 0.0957880279191334 -0.00883028109627141
0.0292872534904982 0.032733077042852 0.0848377940576635 -0.00620557371268687
0.0316050303029332 0.0246839992613623 0.0725511167495867 0.0135260787289842
0.0313409005948752 0.027971139000764 0.0608033746685785 0.0488642668616061
0.0236950923563522 0.0439706526754963 0.0329289749616486 0.0764788369882348
0.010300677593141 0.0549559736410646 -0.0183298189675144 0.0929896914024645
-0.0268040953549828 0.070504893438839 -0.0548984656837284 0.0506756052306061
-0.0638525990727514 0.054512844291288 -0.0382230626659971 -0.0025542987516631
-0.0843981159480081 0.00411019573567448 0.0214469050089839 -0.0238853897712282
-0.0677642546647474 -0.0239699777777987 0.125114311718999 0.00018605549540548
0.0153317192160027 0.0463121239612836 -0.14069158513187 0.00963084912300151
0.0458474287347136 0.0170301376350869 -0.040749031825628 0.0372009155953046
0.048439230708507 -0.0176190250891996 0.0452002848671481 -0.00203818434115786
0.0163406393352607 -0.0313923041266539 0.0697935322343937 -0.0597555419835742
0.00689285158727651 -0.0169491527723355 0.024374437126315 -0.115748902160545
0.00815155411895062 -0.0168015649437149 -0.0472756757882867 -0.104945287960065
0.000904430722196914 -0.0279754859130055 -0.0796558035211658 -0.0602520436666095
0.00075535266325591 -0.0237329385376103 -0.0876299372569558 -0.0251454495229454
0.0098572073410158 -0.0265935516774665 -0.0969184378948522 0.00346430739044796
0.0224430659911459 -0.0187426813999605 -0.107239357126809 0.010106859651455
0.0249714294981038 -0.0115989499773145 -0.10335351578569 0.00609648223419766
0.030841176706035 -0.00857858560888082 -0.0979814627145187 0.0039137721489657
0.0476169015036815 0.00241857551566987 -0.102186643937397 0.012900827101554
0.033156383604437 0.0343874728660199 -0.0880140444581198 0.0675920175764028
0.00453373782346609 0.0518638729178676 -0.0901113573461092 0.134766055848384
-0.0378901773845677 0.0808699082378396 -0.118404638801016 -0.0165438706559078
-0.003067279076065 0.0530485156908672 -0.0189238263425981 0.022341181802365
0.0179389393802244 0.0310564441643792 0.0663206749978068 -0.0229313436388779
0.00832905833163049 0.0197420297811379 0.0794895937582149 -0.0803431905778606
0.0185869973000307 0.0225200838852683 0.0257471823291114 -0.126631638460522
0.0331964864008058 0.0125402269005883 -0.0421312265976011 -0.112148369050492
0.0373046840313319 -0.0124004008980563 -0.0754547114344085 -0.0663631327945382
0.0347525770887693 -0.0179281453068728 -0.0783726327916592 -0.0316189174676768
0.0483615298983799 -0.021632753889392 -0.0854473140469352 0.00120119443824696
0.0592655841963333 0.000488427376675515 -0.0969823293117711 0.0122155740609574
0.0540240349033774 0.0183276903886485 -0.0991374770501063 0.0114924743114332
0.0456908988974819 0.0424211271109268 -0.0958229910631442 0.00234270866240285
0.0373439590048571 0.0570082545280866 -0.0908720170038634 0.00212679750931739
-0.00371656922995457 0.0794346509550971 -0.0609897617576356 0.0583871235274935
-0.0484075226666485 0.0925260447223404 -0.0603511756451587 0.125158714349939
-0.0860276003893623 0.103919831684189 -0.0779887287723809 -0.0430781749406945
-0.0561742193777576 0.0841782210921552 0.0167828997620651 0.0125840360082073
-0.0190176864597188 0.083810081163762 0.0975406326884555 -0.0378655156358056
0.0010707801410524 0.0775665571815728 0.0963466629143736 -0.0963491509298678
0.0334799744148705 0.0644978134702133 0.0302428680372407 -0.129840523902933
0.0578707034121928 0.041857955886786 -0.0310954986952993 -0.110315641810746
0.0697331367000205 0.00521544832395951 -0.0611379491989703 -0.0654828555247989
0.0638864702351203 -0.00956965953348122 -0.0577106098473914 -0.0342801430505252
0.0774233413220523 -0.01614771023283 -0.0621527783170498 5.378625090959E-05
0.087559527591579 0.0145072462687022 -0.0758717303100218 0.0172898574660104
0.0798364853872466 0.0399946269409371 -0.0865446769199149 0.0237128300198025
0.0627668153618352 0.081139678415291 -0.0924033574227383 0.00827459957413119
0.0335879872206656 0.103134821501886 -0.084936991565127 -0.00741663379286827
-0.0318954659420288 0.116334922963137 -0.0384019036624423 0.0369089443824792
-0.0920523453826907 0.121776966665068 -0.0206828368577649 0.102042132798971
-0.120140576197128 0.112964408835269 -0.0254222107113419 -0.0687574028265033
-0.100468188238076 0.106629051232175 0.0587214505945491 -0.000364063587255032
-0.050698954224524 0.131298617359059 0.128583878564776 -0.0482160242011618
-0.00212609228440258 0.131419765704339 0.112527107703645 -0.104462017428373
0.050220476359397 0.0992139062763329 0.0386277767593449 -0.12076099057057
0.0773342431016028 0.0639898784745259 -0.0103929089524351 -0.0985696400934944
0.0938794010544051 0.0202010298772578 -0.0352435319099532 -0.0578791328253614
0.0836633130046826 -0.000360582291827879 -0.0287132592758121 -0.0317141526973658
0.0948507019051594 -0.00762842810118942 -0.0321569535199018 0.000850122335667995
0.101895992927531 0.0275622361089301 -0.046066407973973 0.0220223825603526
0.09259377181527 0.0554098698483313 -0.0668207964400926 0.0366476985233678
0.0718287796500261 0.106447969045134 -0.0868215527018194 0.0156370783716731
0.0264143479363857 0.134525340861326 -0.0799699086472543 -0.0161848654957748
-0.0561301564660285 0.137114780578063 -0.0219951182338903 0.00915244945933688
-0.122436279835705 0.130516716325817 0.0204378479675005 0.0678715410524063
-0.131111907385572 0.105217362662601 0.0297597593590293 -0.0946747795992263
-0.125234641537469 0.111028969272682 0.0987195452881908 -0.0201053772675433
-0.0724174709551762 0.154822097508102 0.147971786157643 -0.0549774005157631
-0.00410420810632598 0.161188901331653 0.12113058573196 -0.100111805384543
0.0594552734792326 0.117035888346392 0.0518426981015048 -0.100424332747664
0.0858317095783264 0.0751234290755554 0.0177243498436569 -0.0785147336566982
0.102722716339062 0.0301294090236181 -0.00276722760912628 -0.0458770400393103
0.0906706897898451 0.00860417321405252 0.00463402939473718 -0.0256927309867958
0.0981862192096899 0.00431152778699767 0.000523770042126294 0.00544927650015783
0.100379818029287 0.0409076862343113 -0.0144390041457074 0.0287781706997153
0.0872303622096718 0.068408388586687 -0.0440878497038436 0.0507829117325961
0.0600660216791314 0.122111263874242 -0.0764674708794275 0.0231355080752436
0.00665656394195304 0.146975373299314 -0.0718886105380737 -0.0231510897093935
-0.080529188029607 0.133043223941694 -0.0077053988765488 -0.0169190029297905
-0.139069056116503 0.114647820315179 0.0601579163658133 0.0341968732619608
-0.119339198721445 0.0806804094819091 0.0777611661380219 -0.115424790867238
-0.125036477344609 0.0925891527184754 0.126548299249158 -0.0459301113949765
-0.0792213864996487 0.146239679808571 0.149926317788347 -0.0579837429467593
-0.00801960219603833 0.156472115310721 0.119805215157974 -0.0832198052604285
0.055328180668165 0.11251351288355 0.0660502524794563 -0.0700479669365915
0.0776695043084902 0.0723382729669029 0.0495113453725094 -0.0529295273958159
0.0954869554656065 0.0340440871297443 0.0324208731510866 -0.0331575656702457
0.083491973530278 0.0161201360614495 0.0361826034945576 -0.0163298885902879
0.086972620505183 0.0163335380545395 0.0308174834716347 0.0155816547464048
0.0835943237060891 0.0521237794994687 0.0122058824088069 0.0411905011426106
0.066119962097775 0.076441305841453 -0.025350461229269 0.0662858446481151
0.0309204801168078 0.122661686775837 -0.066537349416108 0.0316582530506346
-0.0245592990304657 0.135723640555314 -0.0607692079428113 -0.0248902544649621
-0.0998935771245153 0.10456129474863 0.00701022367517977 -0.0330565630097974
-0.138051308859394 0.0780562903188081 0.0942288020957546 0.00854419081777165
-0.0863712684072766 0.0418289921712935 0.10727710103351 -0.130201510511074
-0.10361163388196 0.0571164185727844 0.135163101068152 -0.0693062044073643
-0.072452522749796 0.10923213574133 0.136167632294468 -0.0538506143138186
-0.0132502579238852 0.12094349469566 0.111189031541696 -0.0592630128514447
0.0382487307463344 0.086531626287887 0.0788124398998961 -0.0391980233268801
0.0548761941761914 0.0573365993083739 0.0776513967164759 -0.0306508250165229
0.0711557453560948 0.0337271628966713 0.0629406102539209 -0.0218508508634409
0.0638871938950318 0.0214039269086948 0.0620326446222956 -0.00360436993356764
0.0649374136901342 0.0243599849094687 0.0536763085679725 0.0308160037660041
0.057143026491515 0.0531574890093734 0.0304369490297955 0.0593092222058421
0.0382474652643323 0.0725817117762268 -0.0158356375383948 0.0836015225421555
-0.00156540263801972 0.106455225971406 -0.058930994120243 0.0430072024309169
-0.0517984109766205 0.105046142703388 -0.0481755342153697 -0.0186475098608699
-0.104958159586111 0.0594809970354315 0.0194320919476438 -0.035187229722565
-0.115631452348922 0.0285840784480488 0.121016029697229 -0.00403762956283553
-0.0417091378706875 -0.00655900219979863 0.114918390013608 -0.132460098117194
-0.0689696030112799 0.0107584121592323 0.123977761496656 -0.0819892717290098
-0.054564216687537 0.05557448385227 0.114737918841154 -0.0399050412988075
-0.0175470905123963 0.0672494685390342 0.101014221784336 -0.0332871145152558
0.0132551118433083 0.0495315387592651 0.0905077400890445 -0.0165389448636203
0.0212100845297476 0.0365663205860052 0.0965195241089606 -0.0170281101177878
0.0348230106468971 0.0291971736601225 0.083608836891998 -0.0135784285708685
0.0341226558107747 0.0218480451408737 0.0761794274736017 0.00876708936624255
0.0347696577520496 0.0253435008686019 0.0673131855174098 0.0482407586173743
0.0284810627568436 0.0423793675185429 0.0380670877919384 0.0784623018352864
0.0148141737590547 0.0545907436440372 -0.0143510775849114 0.100991364790484
-0.0202942803821255 0.0749402488543918 -0.0569974774000287 0.0566876369826183
-0.0611938205152378 0.062203889280708 -0.0412343592307494 -0.00285309537892483
-0.0878537831236698 0.0120347678996686 0.0239720147426269 -0.0255608501100797
-0.0740441608770673 -0.0197952563094315 0.134748455578268 -0.00379832766705753
0.0182656685009366 0.0468260466728687 -0.143591867875935 0.0166383513374421
0.0484364506290947 0.0156373973088394 -0.0382903810773547 0.0410264477015223
0.0495482166316357 -0.0213125931780231 0.0492002069424001 -0.00508162012506751
0.0159316987663232 -0.0327148636605277 0.0703241738990628 -0.0667635078299454
0.00698748805380928 -0.0176789681973027 0.0206931524621656 -0.121403919470891
0.00753697163091504 -0.0181112411632275 -0.052057465110137 -0.105510108559305
-0.00114347229548443 -0.0277448145615432 -0.0839049106013861 -0.0593681751435629
-0.00106657879496666 -0.024027548814374 -0.0916175790752819 -0.0218546488440843
0.00863876017454372 -0.0275815857082947 -0.0985365988910357 0.00926692080055782
0.0223237899478914 -0.0205302169602284 -0.109853020833702 0.0166097320038733
0.0249589051648036 -0.0134486674062579 -0.107612365295904 0.0116808181303726
0.0318394207042371 -0.0103994696720812 -0.102574948909013 0.0085505032107879
0.0495539895276945 -0.000498112267532131 -0.106971765454749 0.0185067517872583
0.0357750271607088 0.0336655027971107 -0.0874851701762219 0.0720181426016083
0.00775626453610788 0.0525951337602518 -0.0850612576329336 0.141907353230378
-0.0344945159524936 0.0845872188245291 -0.122089469313381 -0.0117326272823668
-0.000121782810676862 0.0546815207415956 -0.0166862779356089 0.0247595261283006
0.0204489059923888 0.0303316866281555 0.0692852104083137 -0.0275679038762836
0.00961136823626894 0.0197827588376185 0.0800820368966747 -0.0878055209508095
0.0209803278061658 0.0226605806970626 0.0219530231099336 -0.132599908248182
0.0352347369342171 0.01069432491906 -0.0477580572231408 -0.113275270663684
0.0364966073800856 -0.0142562373950375 -0.0789367103460019 -0.064946426806361
0.0347416013407885 -0.0195953576154059 -0.0818301060417342 -0.0292810057387202
0.0473316708261155 -0.0246836027600214 -0.0874801173659155 0.00627611788474375
0.060709598299504 -0.00354927938397082 -0.0990305122796161 0.0186695153109258
0.0562587336017516 0.0165963333171236 -0.102579643386405 0.0179593001405212
0.0496167389785553 0.0408371781500429 -0.1007537310909 0.00738336374803631
0.0413581910034176 0.0557305072326069 -0.0962833801693732 0.00668867784575501
0.000664140289443344 0.0822736042745458 -0.0607894910262839 0.0610793999917295
-0.0445760749049316 0.0977836536640271 -0.0544389390335313 0.13128116129605
-0.0821700829434685 0.110093297432913 -0.0826424669144489 -0.0411684560920988
-0.0533041131759152 0.0884155330124807 0.0187527150406432 0.0129418742883907
-0.0144911276958629 0.0866960063889507 0.101103410633419 -0.0444916267158828
0.00578731274112358 0.0804407240106251 0.0963299563533097 -0.105613319066101
0.0379085242457787 0.0645397932815922 0.0261530445391559 -0.136130868315514
0.0619670152420763 0.039376782060358 -0.0358490302328204 -0.112876081898637
0.07078803455467 0.00157585046890427 -0.0629862312917849 -0.0643670884590354
0.0642299755169926 -0.0131554808977878 -0.0609586630500303 -0.0323705243602854
0.077854128546849 -0.0200130186370706 -0.0636558448789338 0.00397856255669302
0.0905787336087727 0.0104045531715579 -0.0768551665888208 0.0227545854692932
0.0835754462397892 0.0370685378335926 -0.0885362586934392 0.0305262845510872
0.0691795298939659 0.0798827101591224 -0.0976244320872719 0.0141308557328241
0.0401134645363487 0.103327728243741 -0.0906699343478999 -0.00323373738736147
-0.0273394272378602 0.121339816700349 -0.0390200621280965 0.0382479494762209
-0.087329836612015 0.130045579014665 -0.0154041284107867 0.104246996803422
-0.115894830353109 0.120461667227165 -0.0299383483086938 -0.0703299584792558
-0.0977146868592382 0.114934851754212 0.0618891769724885 -0.00221023244693513
-0.0452594687791286 0.137242744338599 0.133027690983509 -0.0567057909640095
0.00596561595231954 0.135472034104643 0.112500356812533 -0.114848648627879
0.0563750253524938 0.0995958000253929 0.0358361132453493 -0.128112489050575
0.0831300368546817 0.0612429732434049 -0.0148634159060536 -0.101264415529481
0.0957902608596592 0.0155587009307348 -0.0366805152622341 -0.0579696647112311
0.0847093493397744 -0.00482905917771097 -0.0315910052895596 -0.0319033553878677
0.0968703963668387 -0.0121170525081805 -0.0330375010128355 0.00277996732671768
0.106080720770878 0.0219258627351307 -0.0465530796654621 0.0262370658007155
0.0978345297580501 0.0522246346366563 -0.0674456385873807 0.043795285675911
0.0793662745334216 0.10634707232704 -0.0907294434877226 0.0219923842387956
0.0344239247437563 0.135978125768856 -0.0863909522709286 -0.0124421334931656
-0.0506574320757313 0.143194077619841 -0.0234034222033748 0.00852743636674265
-0.118696164498669 0.140576928891784 0.0253980393981375 0.0679599214030072
-0.128503616581636 0.114005231623479 0.0256674029763422 -0.098989432538748
-0.122551384990576 0.120420675090091 0.101785521279338 -0.0251676818547789
-0.0667538627652492 0.163458320590507 0.152376954748333 -0.0643944514929566
0.00461988974650454 0.165968839023742 0.122035923052902 -0.110179081075619
0.0669029689627259 0.117040310265664 0.0495798984787202 -0.107060429594598
0.0918666986856435 0.0720888162894222 0.0150322853002238 -0.0813284369534199
0.105364776344213 0.0254571193641642 -0.0024246299544732 -0.0473219128861778
0.0926250237307061 0.00379844744948161 0.00284027963975828 -0.026898622337603
0.0998387786615568 -0.00109899968924019 0.000542875348370437 0.00579150074076439
0.104889928038202 0.0362429665098336 -0.0144013158327796 0.0318372812505478
0.0927103450858026 0.0659982490589621 -0.0437077247698275 0.0564938453805894
0.0687443989282476 0.122061092748867 -0.0803064042010237 0.0295709988108145
0.0144087761988707 0.15013680061182 -0.0785970651314382 -0.0201704795888382
-0.0754007616524291 0.140810649710894 -0.0100573187427241 -0.0187680706391899
-0.136033904745948 0.124619705811087 0.0636159426344337 0.0310730912248495
-0.117597262081574 0.0880001668006572 0.073146120226684 -0.123828990770078
-0.124585882343689 0.101888259235826 0.128757884322079 -0.0529424383740398
-0.0747881250900942 0.154911291142864 0.154480987658465 -0.0675520770566517
0.000420450777000222 0.16199632236208 0.120816193252936 -0.0930075250110497
0.0622795571584191 0.112040288054481 0.0656654363500345 -0.0764213416681878
0.0836557840980219 0.0697878882733778 0.0482248746009205 -0.0588039754426852
0.0985822729399655 0.0298831955247436 0.0333814674870178 -0.0357723124763605
0.0861754738667438 0.011308206488236 0.0353451567545346 -0.0182437347388496
0.0897203618500295 0.0119976393237636 0.0315627598994256 0.0148617869403019
0.0887997117561056 0.0475377490806977 0.0137096179404825 0.0432475222618012
0.0714371317626482 0.0751880036246199 -0.0237321684159572 0.0712924543279081
0.0385682090444776 0.12488209176746 -0.0689221610586229 0.0376517149466587
-0.0181600294880142 0.140712069816795 -0.0666528863732 -0.0222061839244001
-0.0971791512649851 0.111854033757617 0.00327567858929274 -0.0355756012563707
-0.137008892674562 0.0865691657009772 0.0973929953823389 0.00288948891968412
-0.0864010773509499 0.0462699409728727 0.103167456748625 -0.13866981180371
-0.104278428642483 0.0634957806455885 0.135519987151737 -0.0773913681696008
-0.0696585120169821 0.116528417062411 0.140472920764483 -0.0621344281869324
-0.00682326130420975 0.126854699344769 0.112449010349748 -0.0679963085598541
0.0434051541263643 0.0876723926487206 0.0803452463942047 -0.0447489759077823
0.0596522431073292 0.0565977051750191 0.0780051946534568 -0.0366826528936045
0.0739500724766747 0.0298175086033114 0.0647208335145766 -0.0252549538570267
0.0658940771263901 0.0173895964153917 0.0617641585490425 -0.00741828719326268
0.0665887379775674 0.0215970521753156 0.0560893635700025 0.0294125560563585
0.0617371189541007 0.0512246077051343 0.0329764037254827 0.0607240544555147
0.0426043151776205 0.072562233958159 -0.013133837415423 0.0890107766401231
0.00441701027590106 0.109765762819934 -0.0608395212641163 0.0486218343899135
-0.0480099926985436 0.110334165509345 -0.0533716526793806 -0.0165540571495409
-0.105241373408185 0.065858362395448 0.0166920489925248 -0.037812034354628
-0.11779332427164 0.0347266601793704 0.124150221783742 -0.0104874286219952
-0.0430544799281229 -0.00588312198809389 0.110537852331758 -0.141145594522725
-0.0713759467255023 0.014147216236945 0.123142780160148 -0.089363661687171
-0.053738276501426 0.0599848633443825 0.118072176934557 -0.0461485599056349
-0.0145509134788061 0.0712284710220322 0.103960001744104 -0.040308299859336
0.016245298613789 0.0498582264559834 0.0933329884647197 -0.0224453845057889
0.023405106401502 0.0375268094065127 0.0983664339947117 -0.0231052669236525
0.0363932011708719 0.0282587981502701 0.0853576343908032 -0.0181004847973937
0.0366114971346835 0.0210016632655916 0.0783873614314087 0.00440524833394027
0.0362626855118034 0.0234600100939387 0.0706030286944663 0.0463459351767811
0.0317857847598167 0.0413272913496108 0.0413324845840934 0.0805393417144008
0.0180842678498428 0.0544415860519703 -0.0107125572529506 0.106427573614567
-0.0161370141466717 0.0786947691125266 -0.0576992091830722 0.0621303511125308
-0.0593265401325291 0.0675793581479014 -0.0453005164407617 -0.00138279591031513
-0.0899124411977379 0.0165872308395154 0.0221525731740333 -0.0281681271882738
-0.0777367249710271 -0.0167444935219103 0.137829292080588 -0.0110621291234653
0.0208356159572906 0.0457755132361789 -0.141933509185815 0.0240373070840067
0.0491215634701202 0.0130829114254787 -0.0339580096221912 0.0438728677550768
0.0488881446658247 -0.0247799505893285 0.0513811293563799 -0.00836312234739064
0.0135923536037272 -0.0341433084031092 0.067922367437885 -0.0719763404470697
0.00671188058468858 -0.0181749442992967 0.0150463246785617 -0.123973462647968
0.00680189686181504 -0.0187150372305596 -0.055928071577404 -0.10294253622707
-0.00291533829614419 -0.0268239389179277 -0.0856771358082043 -0.055437769756246
-0.0023355887300297 -0.0232623967850326 -0.0919541728298762 -0.017369940276989
0.00695541773091931 -0.0279476448780763 -0.0969725269545155 0.0152703015361848
0.0208412543595792 -0.0218044027947049 -0.108797763764454 0.0239951518177835
0.0236247334122093 -0.0149130511418483 -0.108148486784544 0.0187209256641633
0.0310996765224404 -0.0123628367591704 -0.104052968099572 0.014598730186179
0.04924746367615 -0.00431839373698778 -0.107565118678538 0.0250467756688006
0.0380033605237919 0.0324074674834822 -0.0837216658418044 0.0750170507445509
0.0111405807882353 0.0516550194081377 -0.0764676230057825 0.146052501302978
-0.0292396921642674 0.0860413414746882 -0.122210801238379 -0.00604417189143976
0.00360066904263726 0.0542165058833513 -0.0133794113739808 0.0256484745323747
0.022295515825437 0.0285688647784622 0.0698147565580545 -0.0327014098727678
0.0112806174883132 0.0186888718568886 0.0764166605783448 -0.0937745563741096
0.0222091731982624 0.0208277084184177 0.0158648976284852 -0.134308730126543
0.0362073716922887 0.00815301549764849 -0.0526799023874698 -0.110517675091039
0.0347638955533239 -0.01536340134405 -0.0805690529376099 -0.0614873060810906
0.0325556121515124 -0.0213559956469365 -0.0831740070473937 -0.024916072410489
0.0451457995692515 -0.0271859945997373 -0.0863578111744625 0.0114477834563202
0.0598641923981868 -0.00680832644347386 -0.0973594698167169 0.0253466789089362
0.0572627109526456 0.0130040753193216 -0.102629656776409 0.0249732420558531
0.0519379515864154 0.0379219126830066 -0.102907426535134 0.0135597232426119
0.044484753895779 0.0522110605712873 -0.0980224641739914 0.0130700802158408
0.00548409652806817 0.0820278948222525 -0.057996841806716 0.0624405932631296
-0.0380479698647337 0.0998797638295776 -0.0463499268377044 0.132698762371481
-0.0752971162110883 0.113723252610703 -0.084463445210403 -0.0372382115707177
-0.0473526728931424 0.0915781716259497 0.0215123476256038 0.0126154540833628
-0.00912113975292366 0.0871503987005814 0.101173265189153 -0.051476827412369
0.010465077441428 0.079123567327686 0.0914598291387956 -0.112787833828941
0.0417489285258753 0.061893752832823 0.0205088596486642 -0.138393482752426
0.0642231813598191 0.0349037143296885 -0.0415833298628801 -0.110642748393807
0.0692773646538955 -0.00177204415044754 -0.0645830708120553 -0.0615279458137377
0.0626701875578222 -0.0164183797346745 -0.0628621928180855 -0.0297054662482394
0.0765530281440393 -0.0247670524262636 -0.0631640003542946 0.00762374604175893
0.0904908247931315 0.00434786525940533 -0.0754735942372026 0.0290239187185894
0.0850889321083554 0.0322889084666505 -0.087276424333658 0.0366107140239886
0.074271835227859 0.0755017375195031 -0.0995303943868458 0.0204021835255646
0.0454393627577685 0.100118739775336 -0.0940350246269222 0.00298676588407174
-0.0199629512423365 0.122761228307494 -0.0377114157746135 0.0386638737690952
-0.0782204742553426 0.134531999055653 -0.00879170657285996 0.10333956065244
-0.107372595436142 0.12610059897008 -0.0343686227566292 -0.0692314382939326
-0.0905740908540406 0.119593081859835 0.0627874209568684 -0.00475044788491146
-0.0367444610327854 0.139877804914483 0.132072529340006 -0.0654142787402707
0.0142735848176109 0.134350794724584 0.107066104745087 -0.122990563496192
0.0622063890953264 0.0951460246435697 0.0298231306856254 -0.130708928116498
0.086423231534072 0.0557436407564705 -0.0196338856537226 -0.101259635552999
0.095003585035462 0.0107345800386145 -0.0372659100712114 -0.0559540452208745
0.0830871883672439 -0.00954632512510196 -0.0329935959781565 -0.0302271937803795
0.0942655475857052 -0.018064870780021 -0.032633500552273 0.00498745142809107
0.106488344471254 0.0154835715579178 -0.0453651372564067 0.0306518199341013
0.09942970632545 0.0467470257359589 -0.0650568786199816 0.0492226719004785
0.0859749509300842 0.100737167556983 -0.0917769091903028 0.0277966209574786
0.0422282398166513 0.13335693816511 -0.0903734315808468 -0.00603619757173536
-0.0420266680925054 0.14568171032581 -0.0245607243422728 0.00889409657603796
-0.109526198360908 0.147263496891903 0.0293104336944609 0.0646580172448386
-0.120625875320921 0.1193018669687 0.0191746487686778 -0.100513950959072
-0.115890688890904 0.126251235962593 0.101099285386829 -0.0298889703544033
-0.0569235897251518 0.167135808660561 0.151716585896846 -0.074276284833513
0.0154650457072801 0.165981004094848 0.116364779746306 -0.119241935746275
0.0732284966836502 0.11274278334369 0.0455287805184331 -0.111151064989232
0.0957042990108356 0.0657120234675551 0.010906731855453 -0.0835124916118718
0.104900962755929 0.018381635737213 -0.00265958989813041 -0.047703350849516
0.0912640426440274 -0.00140080838741178 0.000726125643209405 -0.0277216309140247
0.0986610123148561 -0.00655688032825698 0.000685554491497281 0.00635003097404872
0.10648804673819 0.0288000468232884 -0.0128638377141202 0.034433758018827
0.0956469169595072 0.0606578528370106 -0.0407894999725682 0.0610032532354972
0.0758902145011822 0.117810556804711 -0.080288844626874 0.0360888070965689
0.0233002982734834 0.147646240929116 -0.0838199581691737 -0.014418415201578
-0.0672189305455369 0.144068950349106 -0.0135521227830586 -0.0191136124973641
-0.127794101869173 0.132401005728374 0.0654465954251503 0.0258347008995721
-0.111686474965734 0.0927325225405667 0.0653326411776562 -0.127441090259276
-0.119084665258067 0.107804486937059 0.125950435304513 -0.0589919103114836
-0.0658265982028274 0.159318187742411 0.152963059631372 -0.076751037471339
0.0100073605948642 0.162344381280199 0.117342895674414 -0.10168069454138
0.0682402405601149 0.108434072272603 0.0631580571149864 -0.0816482035689699
0.0875638649589172 0.0644136285562259 0.0451221381744686 -0.0623661644305774
0.0981850972356599 0.0233593205355302 0.0331328564887249 -0.0374103596477216
0.0853160055250153 0.00621131800609189 0.0334549505374046 -0.0207931766976246
0.0887177057628293 0.00656271472563334 0.0319405725449414 0.0133351537011874
0.0909285453719792 0.0420136439447183 0.0157168494539443 0.0441854762339593
0.0748851730598274 0.0712196256814471 -0.0194996785038021 0.0748729017623471
0.0466895667996435 0.122401396284297 -0.0687648069940696 0.0433018872360657
-0.00983875843690696 0.141207298957517 -0.0721287610963866 -0.0178002942020181
-0.090902910630442 0.116876570721487 -0.000677150413150104 -0.0371377925890709
-0.131196673702902 0.0942652378885551 0.0975324405137753 -0.00374412847545683
-0.0839368198688173 0.049426874593723 0.0947458472897417 -0.143618951661445
-0.10144494082706 0.0692625672923034 0.131517789780778 -0.0830514065067035
-0.0632092944845642 0.121433026213866 0.139254038855569 -0.070376375577043
0.000334317033900397 0.127431095773048 0.10997648460267 -0.0750246622601313
0.0484794810758135 0.0851458998176793 0.0794219827616919 -0.0504619642665418
0.0620025843759231 0.0531882292594854 0.0756708412091109 -0.0426389185960001
0.0739841363708226 0.0253409814096701 0.0642494135838566 -0.0284515331983642
0.0661542188164363 0.0129630468542598 0.0604612075375 -0.0108778271854388
0.0672194570269711 0.0174575176261052 0.05702912468505 0.0274986026743649
0.0641527811477288 0.0467323157970585 0.034901060156012 0.0609301963871784
0.0468715805799187 0.0699795053929525 -0.0084100589467762 0.091107523335846
0.0121367221230452 0.109517769579914 -0.0599404565318631 0.0531812641511079
-0.0414879279476749 0.112993161340118 -0.0578536874797696 -0.0128682253970714
-0.101487343471243 0.0712536305048208 0.0124094032642459 -0.0396047761433382
-0.115056887672854 0.0417291783925582 0.122656527456624 -0.0183879584145405
-0.0440762531630573 -0.00457551334900739 0.101699347880655 -0.146338939296562
-0.0716484123551805 0.0176134363545792 0.118085830265319 -0.0948992125647002
-0.0508026504155079 0.0634397473343235 0.117986532465271 -0.052032534339942
-0.0115019881078719 0.0727449816236983 0.10301423358203 -0.0471558386205557
0.0190463835745714 0.0490514694662068 0.0931661100482998 -0.028499510143707
0.0252122624863093 0.036004268311741 0.0969933192764216 -0.0302988910442321
0.0375586988454527 0.0255638350236516 0.0839608230102517 -0.0226779097810949
0.0373881183981332 0.0180357890129268 0.0779215510653335 0.000553134111846776
0.0373061924338308 0.0215668381748524 0.0728630405106918 0.0426770654063514
0.0337824506095274 0.0384231560522593 0.0441755183413765 0.0792669383888665
0.0211432922482214 0.0531874664192151 -0.00536910742184868 0.10830247269611
-0.0105969628800092 0.079970577690477 -0.0561198812787504 0.06672099323692
-0.0553381615822369 0.071428557090016 -0.0480954678268575 0.00138558437579961
-0.0894725735129078 0.0213741815064168 0.0194935355963218 -0.0291141477311018
-0.0789373448569087 -0.0120742773202602 0.136773259408837 -0.0184645874142519
0.021562005726409 0.0446804509447992 -0.136936634634676 0.027133354625567
0.0488526459498222 0.010783683702224 -0.0300574261343432 0.0441205248111544
0.0465638357626011 -0.0262069807508715 0.0518511679443812 -0.0102128814004226
0.0122397292485641 -0.0347578792335005 0.0651435873237648 -0.0744422866780712
0.00658196135604203 -0.01875795163466 0.0113521796618561 -0.122420249940649
0.00632878917704328 -0.0186611727496131 -0.0571835546858619 -0.0988065001143263
-0.00440653644430548 -0.02506864962006 -0.0850577160775306 -0.0516874752992397
-0.00347738707606629 -0.0222215074546244 -0.0903044299056415 -0.013772081205151
0.00557505009869238 -0.0271018093588548 -0.0936640899235492 0.0181946918394798
0.0196108950633914 -0.0226768682588584 -0.105503207447536 0.0279966386576562
0.0221883875222888 -0.0160805742798417 -0.106830436651663 0.0231242045197111
0.0303176515446414 -0.0135731122825618 -0.103657717821435 0.0179372251688017
0.0477444952176958 -0.00746742447479198 -0.106149851337475 0.0289271086266731
0.0385592242687367 0.0304087941071056 -0.0794070636726372 0.0746312082477051
0.0129773613086478 0.0499080731792284 -0.0686068488787389 0.143906036963657
-0.0245071196285604 0.0850418535546683 -0.119207699902093 -0.00225915137606952
0.00574197758538342 0.0531047956974791 -0.0105587624112729 0.0268305566946053
0.0235366357489214 0.0269427542737878 0.0688686512524847 -0.0352700273765044
0.0125314627733097 0.0175279045043395 0.0721691917989479 -0.0962876272137271
0.0231164893580164 0.0189308110513489 0.0116373871708031 -0.132874528219207
0.0355833801529893 0.0059712506102684 -0.053980519240536 -0.106365798236668
0.0323974820475052 -0.0158677580784477 -0.0796762685568055 -0.0582495198485037
0.0298918744953006 -0.0213329882299062 -0.082321793598226 -0.0217283036638741
0.0424900108886261 -0.0283712923728227 -0.0827521657750461 0.0144998519813186
0.0581338227677127 -0.00969854227664411 -0.0944021014690405 0.0295490911927094
0.0556541385926967 0.0102429124790638 -0.100347840266613 0.028952758229231
0.0525488238643963 0.0345803448631537 -0.102741077573324 0.0179605561833371
0.0445310861613093 0.0486861930444656 -0.0973545793282126 0.0166677107690562
0.00841000537843512 0.0799693150829653 -0.0549384018891577 0.0612262017758135
-0.0330521135593575 0.0984250641355584 -0.0396421425291629 0.130000369442979
-0.0678071109890736 0.112710855717947 -0.0842526994192455 -0.0343039516146478
-0.0429395008719808 0.0909243536842445 0.023447598114691 0.0122971979470894
-0.00527648905702948 0.0851187527546374 0.0995658608450743 -0.0555280551007968
0.0146486262952958 0.0761718800903344 0.0864902683895608 -0.116005998416354
0.0435381492283642 0.0584845347682981 0.0160891436339955 -0.137442856368403
0.0637400838375594 0.0310548312435648 -0.0434035755460615 -0.107005315191102
0.0663070486745352 -0.00394893973054916 -0.0638909992104763 -0.0590396789399965
0.0586831460196967 -0.0179450469404426 -0.0621544633723111 -0.026915648365188
0.0724461963725498 -0.0267186220353237 -0.0608956457701074 0.00998262481831296
0.088304803911547 0.000129184351265366 -0.0723105729422769 0.032107302952495
0.0840526329162226 0.0284886317050022 -0.0850142577182565 0.0408193737677599
0.0755160079623257 0.0701093097866261 -0.0988803164379568 0.0247286526431877
0.0479721670706388 0.0950813466993044 -0.0944063115046392 0.00708082395319755
-0.0141928609742098 0.120307327411879 -0.0371466409859928 0.0367453837103444
-0.0715304451466564 0.133644157420766 -0.00433784256456632 0.100102107301058
-0.0997890933514545 0.125841291172368 -0.0360961280956899 -0.0672273138147684
-0.0832949710550503 0.119922395692016 0.063351539848089 -0.00585346011760451
-0.0300873534309015 0.137398191720852 0.129128482005781 -0.0702560577809283
0.0195730301428842 0.130035568731019 0.101371763615626 -0.126133364578529
0.0639220988336005 0.0910223946516294 0.0259819556393578 -0.130974517656399
0.0864002790816622 0.0500500676363553 -0.0225107007533975 -0.0985167996253901
0.0911387229820583 0.00670492737294925 -0.0367162106884946 -0.0550321050406797
0.078965340781836 -0.0121301199116219 -0.0342672745417714 -0.0285824563751886
0.0898341945782794 -0.0209894310348178 -0.0314652997893776 0.00656836622471392
0.104071425326722 0.0104936931925515 -0.042522815427244 0.0330180144895826
0.0990815648535737 0.0419014297569431 -0.0625285086359485 0.0525356078538511
0.0880461450212259 0.0947206735505524 -0.0910594029887426 0.0326319114669374
0.0459069556664408 0.127364221170337 -0.0913819808650136 -0.00173450212337517
-0.0352944359748013 0.14310394829462 -0.0257172791359423 0.00762647986144782
-0.100106958610808 0.146756664961541 0.0308491672493036 0.0604973391822461
-0.112590418076726 0.119076629308901 0.0146110953630142 -0.0989984313474434
-0.108443448399501 0.12743634166569 0.0991515346586633 -0.0315923679361564
-0.0491404599146611 0.164557748966337 0.148107077154616 -0.0789634704912232
0.0219360614350641 0.161056189487605 0.111356203067063 -0.122682758294029
0.0756565801993145 0.107444260715691 0.0417187165287119 -0.111630784144103
0.0960982451232629 0.0600568398589029 0.00796341753517311 -0.083157262294287
0.101595971245939 0.0141269014823348 -0.00241958403174599 -0.0468913470937903
0.0869832295838551 -0.00500327136095356 -0.00133849075573129 -0.0266254028844737
0.0947409785679017 -0.0101139204389807 0.00046174560186561 0.00628215009750186
0.10410185945217 0.0234889969360072 -0.0114465418701232 0.0357327352889948
0.0958000694516402 0.0554036865585228 -0.0377045640571545 0.0632161242710234
0.0797109851232166 0.111299691534232 -0.0799111061854191 0.0401309662236098
0.0278702491456024 0.142662114034566 -0.0853948778119532 -0.00989975278731107
-0.0599585570526485 0.142563418498211 -0.0157877717536298 -0.0201713440707155
-0.119048337843295 0.133466550924138 0.0644771955463275 0.0215777095443357
-0.105297261160951 0.0932876179533692 0.0588970424652693 -0.125972762188065
-0.112844037564437 0.10999983176652 0.122512732769136 -0.0606053538727984
-0.058517043821072 0.158138333932502 0.149650035174329 -0.0818410521362561
0.0164864940103232 0.158503684987915 0.111851751913049 -0.105864551342033
0.070433875684992 0.103829454686267 0.0595257036972761 -0.0831313426970201
0.0876611991948927 0.0597842812613756 0.0417979534870936 -0.0632691803090403
0.0952607285045826 0.0191261186337956 0.0327716056189292 -0.0386316712729399
0.0817779274013988 0.00299445188004831 0.0315691258413482 -0.0208801757478838
0.0862440765434485 0.00339753365904735 0.0312955542848122 0.0130995213968893
0.0892245470141384 0.0365095165547123 0.0162084211632905 0.0442854136177123
0.07589451623782 0.0665031737161515 -0.0171452096902054 0.0753234438578014
0.0509241605741926 0.117514662925921 -0.067963902793787 0.0472482901846023
-0.00474521396653223 0.13757983132921 -0.0740229769546586 -0.0134043897318193
-0.0840876694276945 0.116683532885253 -0.00449295373407053 -0.0370347523810838
-0.123754522884083 0.0968905082909339 0.0944382296997991 -0.00854130397306272
-0.0802439047778021 0.0500430943873091 0.0874356471280074 -0.142598506627242
-0.0982879802343009 0.0715701016921827 0.126600509350171 -0.0848111201305913
-0.0574953372739695 0.121510960512809 0.136037124064355 -0.0743660494935145
0.00487945058697259 0.125115104797074 0.105970558104211 -0.0787578183236944
0.0502771968558041 0.0815815304085472 0.0762837722949273 -0.0535582630680723
0.0627889003454032 0.0495329695179026 0.0724397101906757 -0.0458118050500816
0.0714381969059566 0.0218957095160435 0.062749425428325 -0.0308459731576653
0.0643052739418707 0.0101687285345472 0.0580507151665922 -0.0124851504573312
0.0656895025871255 0.0141126697845622 0.0554238337099585 0.0252115023963685
0.0641570460485103 0.0425011262888424 0.0354703758512313 0.0601760382495494
0.0479922396458644 0.0663549636893159 -0.00519480563272682 0.0911517398177442
0.0168726081256334 0.106651791061297 -0.0586719687588368 0.0564544247261999
-0.0361442603130107 0.111321540479262 -0.0602538630729024 -0.00954864353414524
-0.0960126881911906 0.072872772822808 0.00869812200207304 -0.0400189652036701
-0.110365270278383 0.0451750963825278 0.119117953308309 -0.0229493508410379
-0.0439051897978791 -0.00407481296749594 0.0947963780521766 -0.14513738558163
-0.0699981287513171 0.0203819749175576 0.113034233620936 -0.0957655364729443
-0.0473240886555126 0.064612663233148 0.116122114106287 -0.0557637543709076
-0.00792188485632984 0.0721510987212519 0.100275270043676 -0.0502854692160466
0.0196743749393168 0.0476356822230685 0.0909802293246494 -0.0319727333368427
0.0262685209692303 0.0342992041029073 0.093535246862069 -0.0344404365844608
0.0370823733909803 0.0234293820323554 0.08169110571169 -0.0247257272968838
0.0364443882011602 0.0157698308759189 0.0753644858700377 -0.00202271026890951
0.036800467978981 0.0194133904656878 0.0719814721175756 0.0396171110158332
0.0346690784487632 0.0357371652774752 0.0446344995204594 0.0774010021797599
0.0227118932902344 0.0506731352879573 -0.00226199275454678 0.10766337633545
-0.0066168059703664 0.0789269940793781 -0.0537021866407918 0.0687193412545391
-0.0512799845344564 0.0714527069502364 -0.0496655645789789 0.00344516898217827
-0.0871656019369691 0.0240723884221602 0.0162466692224123 -0.0303089009731576
-0.0778622642600239 -0.00899011029208281 0.132397640154688 -0.0236792887981731
0.0222790129456596 0.0433822955533713 -0.134046569101501 0.0268424089625524
0.0489622011296978 0.0103389831233356 -0.026896078453392 0.043160737977173
0.0460944953529242 -0.0270804801758614 0.0523747763492528 -0.0116060071067666
0.0110396657873048 -0.0341544274626819 0.0648116664026309 -0.0752432630843068
0.00634288222566362 -0.0193318586088645 0.0108069414519231 -0.120998358917438
0.00563810752219714 -0.0185477974301746 -0.0553620428674874 -0.0967151194777478
-0.00495653611662867 -0.0238576021266235 -0.0833909385879959 -0.0506064688437859
-0.00385480804339977 -0.0211180081960258 -0.088288039958555 -0.0133360668952309
0.00478855109615605 -0.0272167731934002 -0.0908832189572713 0.0193026852200829
0.0186877731018159 -0.0222140941027141 -0.103055152677028 0.0291837734714636
0.0217688531171073 -0.0162132568141341 -0.105698972933331 0.0253211403628921
0.0297722779641806 -0.0139686590238199 -0.103771474323877 0.0202190190860372
0.0462926287968476 -0.00854720226214942 -0.105366313083476 0.0303579967201123
0.0384510259169646 0.0295761153458778 -0.0775305162256332 0.0717728190523726
0.0133709939104304 0.0486243142505022 -0.0650748645088368 0.140611764836189
-0.0223896522154997 0.0829532572582615 -0.117279861069122 -0.002570639901502
0.00693627587089444 0.0512360962443411 -0.0081978861504695 0.0262897824219604
0.0231461726091835 0.0251300756777156 0.0689054149668503 -0.0365935779863328
0.0123480595614177 0.0162320761563296 0.070726667192302 -0.0968807521103807
0.0224930297106905 0.0180920103993973 0.0119013981977497 -0.131431391572056
0.0348150419688383 0.00470157692296245 -0.052718333344977 -0.104640237571049
0.0308208714984594 -0.014925374360087 -0.0777116721610149 -0.0576646704269069
0.0283132049129038 -0.0205548025491106 -0.0809207234443327 -0.0210941460131409
0.0406622906272867 -0.0279474691939572 -0.0803855735611034 0.0151016345840053
0.0562139338957663 -0.010147244942001 -0.0916501184638935 0.0310756172107623
0.0542994110013271 0.00936043412965331 -0.0993614520663098 0.0311929619457162
0.051983141414984 0.0326774828434058 -0.103040864748686 0.0197758659238799
0.043677370290027 0.0458730184464848 -0.0973653419280505 0.0183309660997437
0.00951977108930671 0.0783536637387396 -0.0541967807993248 0.0583054707832296
-0.0312380235759581 0.0964453761411629 -0.0366678559591831 0.126182552518766
-0.064257095271585 0.109679266728799 -0.0827911200090899 -0.0335385325746981
-0.0400893051818018 0.0891863491924995 0.0247895446088065 0.0118271320250978
-0.00365222457670637 0.0826946291800146 0.0981412846214743 -0.0562558166348793
0.0153761316470966 0.0741066912823908 0.0843589001263713 -0.116434889158312
0.0432973060813593 0.0560717183795756 0.0151456260570003 -0.136018980707913
0.0628902135541303 0.0290114482353592 -0.0423247370119421 -0.104951230105203
0.0638976055725898 -0.00389468308212227 -0.06168229979419 -0.0590770644041347
0.0568539924286313 -0.0179661055747366 -0.0618300110220703 -0.0261368730943675
0.0694716732504866 -0.0271790819098175 -0.0593270562779578 0.0106565697540347
0.0862032535145816 -0.00099674235496384 -0.0699553196817665 0.0335724051405227
0.0824982562569173 0.0267359861147967 -0.0840470676533144 0.0426982640776156
0.0753479605416944 0.0677581597029733 -0.0996259113260848 0.0267943756383123
0.0473987807292528 0.0921241365550266 -0.0948632827262672 0.00937957890613148
-0.012219482561362 0.117956539474761 -0.0374286320672729 0.0346663289151275
-0.067248609319347 0.131451577393394 -0.00288183902693864 0.0961076929061219
-0.0952308787966328 0.122527553436903 -0.0368426895036841 -0.0653169590893696
-0.0806319285425584 0.11777478178548 0.0636198122874825 -0.00615665414715694
-0.0278788255140449 0.134311941758896 0.128101071907268 -0.0712250267452289
0.0213682600725843 0.12680162520839 0.0991672643417576 -0.12659881717321
0.0636637775196557 0.0879564872299274 0.0251169344749404 -0.129875776150875
0.0848783852923182 0.047222283546155 -0.0224797015291448 -0.0969830620250725
0.0877262380504635 0.00596914160099878 -0.0348357514913213 -0.0550932155439709
0.0761462239543213 -0.0123808686631418 -0.0339812542448477 -0.0279015935943413
0.0867821391369279 -0.021666850600055 -0.0308539484219347 0.0070961864824938
0.101722646467813 0.00896686420111396 -0.0414568577284032 0.0346166075355723
0.0969370483869674 0.040238697571598 -0.0615104094752628 0.0534036590329599
0.0880236394767885 0.0918558840370628 -0.0913619809079209 0.0359705383802107
0.0454072830002373 0.124164904151789 -0.0924270696784085 0.000695205817906942
-0.0330488124912798 0.140675460348036 -0.0270867554432802 0.00598146220641566
-0.0956866986345368 0.144712337873242 0.0311135313915176 0.0576432200909927
-0.108450175192978 0.116031079019541 0.0132756482744438 -0.0966191038296467
-0.104900817432949 0.125908852079066 0.0988284747961524 -0.0311773894493028
-0.0457083515821739 0.162067275388394 0.14682088848579 -0.080830969043157
0.0238465033168852 0.157220056911627 0.10891178284184 -0.123355622889416
0.0749723802800636 0.105269579228849 0.0402049078011573 -0.111698665015828
0.0946245251922383 0.0572433206740025 0.00666549859655867 -0.0824823181939095
0.0977662762565369 0.01330091557197 -0.00163830983498225 -0.0479440830553524
0.0836588848118052 -0.00557657043237659 -0.00171644116118065 -0.0260698838965269
0.0912568020377159 -0.0111310622484751 0.000165485646547496 0.00715325427939773
0.101771048658131 0.0215435113279957 -0.0112969039477418 0.0370806374518906
0.0942429065471348 0.0534535215163929 -0.0368654017947615 0.0637659438516677
0.0798801680581868 0.10802158150668 -0.0802302114919694 0.0421090215758692
0.028741468367344 0.139078810726512 -0.0865850689718615 -0.00664586234768609
-0.0567947216923729 0.139866446729791 -0.0179329985936877 -0.0209303606818726
-0.114778538032781 0.132222508016758 0.062964257301977 0.0192761332237644
-0.10250825453044 0.0907178212852697 0.0564424054766656 -0.123597648256593
-0.109925689054948 0.108586403962674 0.121201412820662 -0.0598241627232324
-0.0559630464583694 0.155605721793696 0.148489069532531 -0.0830652882608807
0.0177468635615504 0.155603849953462 0.109274555720819 -0.106212700312287
0.0702632190364241 0.101693690136868 0.0585774852939178 -0.0838511679136044
0.0864233933289212 0.0571555438704295 0.0401496874846891 -0.0635907629721287
0.0916983279579478 0.0178593773652688 0.033183806292181 -0.0395847601973439
0.0788330107088623 0.00177957372152232 0.0303077363712956 -0.0209478669125472
0.0829877157776972 0.00130095416215601 0.0303916557969965 0.0131324711685484
0.0874284777690557 0.0342368400235905 0.0161379824209006 0.0450005595619327
0.0745747690410394 0.06426657433158 -0.0166759309213125 0.076427308061224
0.0520722226497389 0.114216654274309 -0.0684862941716475 0.0484898290173218
-0.00307480385268661 0.134522258671311 -0.0758871718724589 -0.010496142977436
-0.0810438988026365 0.115113017509261 -0.00662863993048674 -0.0372795048072379
-0.1197177550273 0.0953118938032865 0.0917157194548424 -0.00971543375957813
-0.0783074888579515 0.0488830129471347 0.0840156848699205 -0.140494784897641
-0.0956872033494681 0.0711062499879041 0.124493294921235 -0.0832927632834416
-0.0553637988537448 0.119573837683243 0.135254207755677 -0.074681801957768
0.00690312737849655 0.123146170687034 0.10345966454105 -0.0799730872351428
0.0493962487981321 0.0801599911985579 0.0747741476062529 -0.0543795665721432
0.0617913877770099 0.0482318919421055 0.0703759236371455 -0.046588749150784
0.0694315496805037 0.0203427874011131 0.0619795531397599 -0.0311621503697713
0.0620514989624531 0.00904778677455959 0.055879399947214 -0.0122456196505302
0.0636691194214613 0.0128887514823974 0.0543464262375359 0.0249516567183229
0.0628863299469454 0.0398837236352387 0.0348285106200497 0.0599254722994991
0.0473969558072634 0.0645613930554221 -0.00468253937411629 0.0908540821965599
0.0188052938029713 0.104427769370307 -0.0588283895091602 0.0576764038183883
-0.0341714188298183 0.109554869564722 -0.0615761975246203 -0.00762276990139948
-0.0938595686104128 0.0723338807660952 0.00622048596066111 -0.0401737190119766
-0.10793901376485 0.0446259954968811 0.115324259533127 -0.0240255071445713
-0.0445129661806634 -0.00419476929667237 0.0912884763718891 -0.142246129244252
-0.0697718429531233 0.021308903375216 0.110556993115777 -0.0935644153474317
-0.0460936975891265 0.0646463953109158 0.115985780869944 -0.0568552301809887
-0.00692992840863008 0.0716203668182297 0.0985891413993721 -0.05132292980256
0.0192744560110141 0.0468277321091686 0.0893891515841123 -0.0334291891861289
0.0260643816325996 0.0338484390475672 0.0915333201984136 -0.035882647815573
0.0353434544661815 0.0217275599633434 0.0801597474077753 -0.024931227222371
0.035227171739517 0.0144268463825942 0.072721933372276 -0.002347585586916
0.0355920745060841 0.0179774846729705 0.0701606645327524 0.0393664838079016
0.0339754002049303 0.0338194741668629 0.0438935619208658 0.0771978183458672
0.0224919813041583 0.0488415910544938 -0.00167413112498734 0.106996224927624
-0.00410922200942432 0.0775791598936435 -0.0539328537132453 0.0691203701125869
-0.0495346317386467 0.0707982481956574 -0.0509235775758371 0.00519921893568571
-0.0856423692173625 0.0242167321520854 0.0134879368390705 -0.0295804564164735
-0.0767862678441272 -0.00870435184862304 0.12851227769302 -0.0241101738228565
0.0293010686682991 0.0380113157248658 -0.133239462457787 0.0546750197671189
0.0495880198291257 0.000915004877566664 -0.0167988220917637 0.0512884766437363
0.0390780686334535 -0.0354136016084249 0.0556262154056216 -0.0207859457832909
0.00312594631562226 -0.0367343205331154 0.054865710204143 -0.0898337690492116
0.00118763727163701 -0.0213315514693325 -0.00920838307533562 -0.125503392649672
0.000792425867783449 -0.0189018709723086 -0.070038556847139 -0.0879926242667294
-0.0105898120650581 -0.0210030113012151 -0.0892174266639735 -0.0371585718333291
-0.00712660736954646 -0.0189178685225756 -0.0893229187105409 0.00201245742565815
-0.000776958160224813 -0.0262457309072081 -0.0873045756937626 0.0359302347800737
0.0124325087866089 -0.0245548743824007 -0.097891311436259 0.0515179934362999
0.0158562714894999 -0.0195655219548873 -0.101774332749819 0.0482064654229838
0.0247200839350829 -0.0209163010213101 -0.102952948077594 0.043244223942827
0.0408496999442056 -0.0176450669803713 -0.101937333480895 0.0544751832747995
0.0423836560713552 0.0208562799474986 -0.0678365432690006 0.086613641891234
0.0205568189132202 0.0459615375772166 -0.0412793909838113 0.150151161553586
-0.00593120879945906 0.0818967366433626 -0.12522126504522 0.0210212558329926
0.0174886708427704 0.0478603510248914 -0.00345570173232596 0.0287377655191943
0.0277475658238504 0.0183737645295178 0.0632956474720408 -0.04806967366153
0.0145475810329352 0.0108245343722107 0.0538107185537037 -0.110218117889565
0.0234627376200783 0.01132116108942 -0.0120054532747806 -0.133148547387049
0.0326456958303044 -0.0018139069221622 -0.0690817606684636 -0.0936770362810304
0.0254050011564477 -0.0193690205159507 -0.0844177886666151 -0.0424579527362096
0.0233350326864509 -0.023716620356411 -0.083814855436813 -0.00640594940747971
0.0327213787654086 -0.033518477004161 -0.0785986271650057 0.0301418525638002
0.0513873132249588 -0.0200449307937632 -0.087212230029149 0.0512927706827453
0.0518020729509997 -9.11505479699549E-05 -0.094743948866302 0.0536461193273528
0.0541037012732126 0.0207168553392987 -0.102830644688442 0.0430978555435297
0.0484249157889019 0.0353716055224884 -0.0990498236883011 0.0403376645278341
0.0240153458756812 0.0745544710573603 -0.0474238679960681 0.0650654028274079
-0.0130995876867897 0.101544702478495 -0.0151164041004699 0.126077515839665
-0.0410867679477506 0.114126803628597 -0.099123956879255 -0.0171778993144408
-0.0209896753604567 0.0921405669303459 0.0244018171175561 0.00759972717998849
0.0135328445190225 0.0772042942828102 0.084115626931996 -0.0727121419148747
0.0291888644365449 0.0644943905554158 0.0593646280343813 -0.130315261062858
0.05028193470534 0.0441183624679559 -0.0101038713737907 -0.136036466332057
0.0637915648654812 0.0163219293253971 -0.0597182937152747 -0.093574717927568
0.0583716619634315 -0.0158980468768053 -0.0686420879378192 -0.044304745281929
0.0506752947717624 -0.0257856728537908 -0.065515777262333 -0.0141834316072812
0.0602722335257862 -0.0374009029708585 -0.0579847181335451 0.0219964726829712
0.0815258318571205 -0.0163580611695902 -0.0652337669941214 0.0502018422753147
0.0817410536397518 0.0115598908729433 -0.0772429701904402 0.0629668011235314
0.082517126724093 0.0499834927787515 -0.098802065348676 0.0500770706343513
0.0597302914882929 0.0777198528644911 -0.0998052207738587 0.0307324288035297
0.0102906510689539 0.116920360592843 -0.0360593338041726 0.0355024263116283
-0.0418078536177334 0.142968048756612 0.0139387010075643 0.0871846428988378
-0.0684089117521944 0.130896165494612 -0.0596891600148039 -0.0591145793619522
-0.0542198138420195 0.126373655591226 0.0580470438201874 -0.0181419693160267
0.000364333661709661 0.130873768895562 0.107257812512614 -0.0926565587891867
0.0460075704948333 0.11289205826288 0.068238099589976 -0.141461908349322
0.0762628888150654 0.0708402416682621 -0.000354969288186083 -0.128848813754464
0.0883802436690693 0.0300218836452253 -0.0385182593547743 -0.0881733063576955
0.0831310813934668 -0.0114128088351401 -0.0418509293969323 -0.0433193877227788
0.0698008689508314 -0.0239369039344926 -0.0389010565555546 -0.0209310338517383
0.0777790080033304 -0.0354166875609049 -0.030947943637234 0.0135113031263213
0.0989363281070996 -0.00982667076853827 -0.0373640151054133 0.0458424889885853
0.0979039770567363 0.0217990819344169 -0.0521976607583545 0.0695834986685134
0.0988449171481788 0.0708494543063528 -0.0899957358122841 0.058104081769136
0.0644563047933704 0.108720825935595 -0.101306866458191 0.022085033932023
-0.00526010913076276 0.142626053760418 -0.0309133392063365 0.00282898686084031
-0.0660237117634587 0.160377974486359 0.040775872093118 0.040494405935397
-0.0824633374119357 0.12679390801935 -0.0150852501663221 -0.101055181573606
-0.0770336738927077 0.138730934878851 0.0879979578038573 -0.0508481274134668
-0.011929753972319 0.160902942520872 0.121514259192149 -0.105416896702787
0.0544937823869303 0.141778911122408 0.0758832272199455 -0.13876895008287
0.0904620673471412 0.0848159477633172 0.0181448853116847 -0.11179153357212
0.0999261275657116 0.0373621151263199 -0.00747959114418268 -0.0770870194698169
0.0947174737159091 -0.00650918465276703 -0.00797340730559963 -0.0410857028547395
0.0788818061874733 -0.0190144069858306 -0.0066398015448734 -0.0248439052852735
0.0845198362414146 -0.0261703538299552 0.000458193675076992 0.00776461183483343
0.101279355026553 0.00318292120624139 -0.0061206725787431 0.0427814647444587
0.096933852164351 0.0355116939433851 -0.0260159276880575 0.0751006847528873
0.0944131948107376 0.0883430004791135 -0.0774870350837454 0.0620105734928255
0.0511553790626838 0.12618306920228 -0.0977312656938142 0.0125431526379881
-0.0286155885342794 0.1466058185793 -0.0266954519401523 -0.0255732134398444
-0.0861737642499027 0.151161581227385 0.0674771657822942 -0.00341940861829031
-0.0809823532808908 0.102061473434523 0.0256933051781152 -0.136967933412828
-0.0858623184178708 0.124405152771815 0.10587999069107 -0.0837956370229982
-0.023196187545827 0.157307665801526 0.122203534028294 -0.10888898783061
0.0489835214134937 0.142127421022114 0.0794482705957012 -0.122063355605273
0.0856802298582435 0.083079067457436 0.0406850941445318 -0.0875766827242816
0.0927808024409258 0.0386078935072775 0.0289558282122636 -0.065230967443912
0.0902901689045545 -0.000864212651763027 0.0266104809173979 -0.0384296823615986
0.0754983900768215 -0.0110226235670049 0.0256231387674176 -0.0250156668283711
0.0792559204288281 -0.0122975777651621 0.0313143917579424 0.00859348385029179
0.0895887976103214 0.0175536283850474 0.022687139137304 0.0453886996568272
0.0810058745024645 0.0493839007014492 -0.0027351204166126 0.0825087424881821
0.0689849518569506 0.0994664660318698 -0.0639537875835174 0.0661790328900979
0.0208172902489657 0.12748055236109 -0.0867755467289902 0.0046882592576035
-0.0566213074010552 0.127168768562235 -0.0168995558999403 -0.0448053211207004
-0.0978832738117983 0.116185299183499 0.0922330144759169 -0.0363057200741872
-0.0664369132637923 0.0589302491185883 0.0536332815304979 -0.159722594774964
-0.0803623712426342 0.0857633772715434 0.107173618462252 -0.108904599774943
-0.0296187934972243 0.124084156876748 0.11304961591829 -0.0998331970490738
0.0318824485395815 0.114913485561736 0.0810157939708744 -0.0955580527761046
0.0628441754476592 0.0663114209054285 0.0637928859723021 -0.0625527163892039
0.0677780736962934 0.0342369875533198 0.0619604164547169 -0.054782261788549
0.0697560226040127 0.00541221953945513 0.0562091353378226 -0.0367900426841348
0.0605241150016093 -0.00161510781427827 0.0530225052175054 -0.0216126640683358
0.0624443625873845 0.00163869211234562 0.0583534057854128 0.0155528248300116
0.0669174899063181 0.0279949022653685 0.0445991830105807 0.0562922688833878
0.0545726184455161 0.0541221533855552 0.0122198135727955 0.0951197569671832
0.0359880557401313 0.0963107387037608 -0.0519601615731648 0.0719969025270214
-0.0134419419185151 0.109724291289269 -0.0708247982292919 0.00386983118508677
-0.077564715161537 0.0881912731351699 -0.00238010187891961 -0.0477505243831634
-0.0953458964989867 0.0639473286374893 0.114534224242658 -0.0513496455462264
-0.0434814338538859 0.00293489121911667 0.0652553214175308 -0.163344542380624
-0.064608610707871 0.0332030551692138 0.0935540222346112 -0.116934614667094
-0.0318317971890989 0.0697833221856387 0.101344481087826 -0.0790024119994935
0.00862456124550789 0.0686474643182438 0.0848529399398695 -0.0687950765522862
0.0280402494780567 0.040154696363402 0.0828600135433797 -0.0474300855287844
0.0307521035127314 0.0270462940273133 0.083573177688882 -0.0501195691262816
0.0382345704574192 0.0138988255749081 0.0744799202194368 -0.0356205467612338
0.0365279489254881 0.00789181352146978 0.0712184444848011 -0.014873471157319
0.0373370506365048 0.0115271617647523 0.0766547384583961 0.0265307315171996
0.0384183419134877 0.0266889002562501 0.0573396642620043 0.0708409965091103
0.0290942003340258 0.0437172196084922 0.0185282481319214 0.109518801167641
0.00894623873954503 0.0749055868550266 -0.0436165829219601 0.081534540249813
-0.0346145858065287 0.0765830736872695 -0.0549615365670088 0.0137572590968271
-0.078511368854529 0.0397742981401408 0.00904857675937844 -0.0360215678171434
-0.075290493941825 0.00650551240674878 0.128062909625997 -0.0496045999803312
0.0309527361664397 0.0386486046248504 -0.136456244849267 0.0556873807924866
0.0519319646026211 0.000103353874390726 -0.0156957907521881 0.0512125978671647
0.0398410626934738 -0.0373634040467893 0.0576475421168196 -0.0222197523901102
0.00279729774013524 -0.038653376772043 0.056260060101391 -0.0934686867451995
0.000716246946291079 -0.0224479393763141 -0.0100093081894591 -0.129786756514588
0.000514234009813469 -0.0198267578322858 -0.0706657638209928 -0.0908003162740452
-0.00986838576777615 -0.0206705528839219 -0.0914198139421106 -0.0384097206990704
-0.00767989121889127 -0.0187832751346061 -0.0918452838381228 0.00232916810086983
-0.00146354042962702 -0.0267714575680846 -0.088981216978655 0.0369958524151243
0.0126418507475669 -0.0255648549210673 -0.0996362386113128 0.0537018664102353
0.0156735467246761 -0.0201821259943091 -0.104503095571447 0.0516032379965885
0.0248375673832986 -0.0221841687937835 -0.106151814244571 0.0461966246114384
0.0409215130438295 -0.0189328397680158 -0.105308289207831 0.0568184927219729
0.0439887429544011 0.0212875045534831 -0.0704570168920094 0.0870133242504681
0.0214938569898306 0.0469898367275258 -0.0418227066050572 0.151781585435527
-0.00460150962973741 0.0827374261135908 -0.128828579492844 0.0215192389684125
0.01903725279393 0.0477059431427027 -0.00243760497211872 0.028974787039707
0.0292191594170338 0.0171282372282921 0.0649639065047164 -0.0501721355900739
0.0143900208455339 0.0099697353206475 0.0543449239481878 -0.114520234970695
0.0247118549584128 0.0105940498992644 -0.0129888402118127 -0.137437320094072
0.0331979049283667 -0.00240571707397688 -0.0703626547202927 -0.0966455741865364
0.0254112748919859 -0.0193362992734081 -0.0861852047160882 -0.0441179858394122
0.0232510858913368 -0.023649252239645 -0.0853916136071135 -0.00646107559497604
0.0327609628943544 -0.0343647752690118 -0.0796077011372217 0.0309279148845715
0.0520938114559155 -0.0211289196416768 -0.0885803704015384 0.0536418025764846
0.0526314066763994 -0.000558780554005697 -0.0971253402652394 0.0569768082699399
0.0553724177044011 0.0199165206498307 -0.106718574968242 0.046688020528227
0.0487241541042719 0.0350613039037988 -0.102471285509355 0.0424550987816663
0.025414461349016 0.0754971441611998 -0.0500011772522896 0.0648727507083655
-0.0121095641114963 0.103506772931369 -0.0157520104991194 0.126880533104812
-0.0404774293909935 0.115641191696446 -0.102137493088158 -0.0177746763989659
-0.0199510967507713 0.0935970546137647 0.026738737571325 0.00722747118135836
0.0147406220323499 0.0780720250104326 0.0864473570330578 -0.0765149002548605
0.0299059641892036 0.064540310599407 0.0601037919831507 -0.134988621298974
0.0517203924400727 0.0441233020471417 -0.0111139702734713 -0.13954659863132
0.0643987434372824 0.0161036470319082 -0.0605915101860986 -0.0963346206692788
0.0590510630741219 -0.0156338869413071 -0.0702672223833048 -0.0463026292512787
0.0505933102947366 -0.0254218531805928 -0.0675059038445227 -0.0150058098791162
0.0601687327768414 -0.0385620910237738 -0.0595555321122927 0.0225305173193831
0.0826054678765661 -0.0177856633938401 -0.0661339598224667 0.0526811682329532
0.0828228971556881 0.0117224277121379 -0.078507012404324 0.0661639319956154
0.0847341934092471 0.0497754918094841 -0.102868038020147 0.0546110645787628
0.061283660348852 0.079077225535919 -0.104058226578211 0.0332563432009285
0.0115908043825096 0.119200611851261 -0.0390749349128354 0.0350870500483252
-0.0407439797434953 0.145620059046624 0.0133053075862606 0.0873099535944571
-0.0690152688379099 0.132491384080513 -0.0623679105216436 -0.060549756609697
-0.0542806911068304 0.129179777868284 0.0612432020787611 -0.0192200058640413
0.00195037142739662 0.133162011324764 0.109908042114394 -0.0975114196695841
0.0475534655955069 0.114573074263194 0.0688059340422696 -0.146788698063436
0.0781301893083716 0.0713554176149382 -0.00117451922873823 -0.133017770670383
0.0898626419467442 0.0293199171269006 -0.0402331823327818 -0.0899760502301688
0.0844293981511815 -0.0111922429133069 -0.0427847985611431 -0.0459909257798024
0.0700756291127102 -0.0239526889328073 -0.0403107463021827 -0.0215841010597087
0.0783837148153173 -0.0360048694262606 -0.0318504461500365 0.0139774479688581
0.099803896436052 -0.0105602601235269 -0.0366006330165109 0.048570565237875
0.0997085759516879 0.0220060860886764 -0.0532957806291933 0.0736199653442072
0.102039476784823 0.0707650390350937 -0.0933616605453186 0.062888578654177
0.0658521202074332 0.110278004679504 -0.105342804885718 0.0252393535134777
-0.0042889331567645 0.14564339583967 -0.0346259927163217 0.00251742725024807
-0.0656768727444956 0.163507570920758 0.0410009666381843 0.0389694338950152
-0.0840458028032186 0.128522214788585 -0.0168593414769105 -0.103363603853648
-0.0778061724895268 0.142204290922894 0.0916039880616491 -0.0525266972277085
-0.010972051545898 0.164139010550454 0.124437457983168 -0.110827154567403
0.0566730391523756 0.144015005479128 0.0766692146351672 -0.144148842237829
0.093554998259842 0.0861140864333135 0.0177213166965811 -0.115400986675759
0.101114260168417 0.0374705085645467 -0.00780320534502952 -0.0791848466197371
0.095289899689252 -0.00602197507213668 -0.00835789518167112 -0.0437134583481255
0.0789488834778329 -0.0188959228853127 -0.00748950305585104 -0.0253467954697979
0.0845975834187223 -0.0270506538684921 0.000270426701558405 0.00861288874390451
0.102826115124607 0.00191549092807692 -0.00577206006759902 0.0449469615540687
0.099845257777903 0.0356200179228852 -0.0260465971296354 0.0791868005363594
0.097412601283111 0.0885490321588803 -0.0802114144071327 0.0679678853891484
0.0522662192803568 0.128108986545981 -0.102411186485343 0.0156514245694414
-0.0276890518220023 0.149381546775824 -0.0309121561643892 -0.0270360654114391
-0.0861285905069751 0.153976678973017 0.0677988505331552 -0.00507422560514568
-0.0831465567149008 0.102997903908836 0.0251101483287537 -0.140089837075362
-0.0870367901720081 0.127443152684857 0.108883857311638 -0.0867582280390406
-0.0221026867123361 0.161376904498218 0.125183861506113 -0.113995735670844
0.0511204753819851 0.145180268573188 0.0806541170300207 -0.126552072303814
0.0881776353050015 0.0845229543209425 0.0413501468576962 -0.090490452285875
0.0942473443505776 0.0387401707623801 0.0290261516239123 -0.0678155937058604
0.0908726491730631 -0.000972556080539184 0.0273955211168239 -0.0417028274027333
0.0757707571555031 -0.0116214319819619 0.0251264313873377 -0.0256281453852628
0.0795147865840832 -0.0132643451707201 0.0317780171517988 0.00934751640739688
0.0908682304605162 0.0168226414184113 0.0232810534329441 0.0476987942706629
0.0832405808252034 0.0501209795085395 -0.00253605126037264 0.0863302141801131
0.0721964209994322 0.0996506827841037 -0.0668724512854375 0.0714253965111561
0.0220308765436488 0.130272207550386 -0.0912876558154471 0.00770683881141385
-0.0570233173219526 0.129814366863507 -0.0203699844643945 -0.0454634714572501
-0.0985241615389815 0.118607072344235 0.093085676362287 -0.0380605444644721
-0.0681030862445508 0.0595109927210713 0.0537435146141689 -0.162875681518629
-0.0817241918113779 0.0886791771686328 0.110221352515234 -0.111907967584342
-0.029242987785478 0.127560108865311 0.115725328168002 -0.104238720386256
0.0336405538138177 0.117595386157829 0.0828307159281207 -0.099314215674349
0.064730428249562 0.0680730978877217 0.0651499560879215 -0.0657157849447424
0.0691430464767992 0.0346725312253928 0.0622360461918233 -0.0567803005010937
0.0702890689931503 0.00575590657112644 0.0575096884390846 -0.0394255851884261
0.0605222009785366 -0.00235567852069906 0.0533765723873298 -0.0218694258750258
0.0633359819744416 0.00135822577628877 0.058758061138759 0.0171563928298527
0.0677726886910076 0.0276782169290609 0.045794401225102 0.0587193022148716
0.0567124633315934 0.0550641734686971 0.012798093081781 0.0994266412113707
0.0376997437027429 0.0971733736417443 -0.0544260962538973 0.0764947462666212
-0.0124443301971672 0.112424164199786 -0.074807015585632 0.00601604061617801
-0.0789485406199546 0.0899946089583818 -0.00509544364280669 -0.0486143883171646
-0.0973409824176551 0.0660897287039296 0.116456383212771 -0.0529953402483631
-0.0454465554013659 0.00321674575199467 0.0662263414541076 -0.166948916924144
-0.0660370576029504 0.0352297348667855 0.0959128546497675 -0.120300354008299
-0.0323853296972067 0.0723161487671216 0.104503612106987 -0.0829629558631695
0.00980316724313129 0.0707595813357032 0.0868021895909698 -0.0716200401046329
0.0286523319141816 0.0413558473196869 0.0848239365749693 -0.049652287549662
0.0316585241134673 0.0279438739070108 0.0850499720864319 -0.0523654145172868
0.0384174596257258 0.0140199566067062 0.0762219027548153 -0.0371363650474465
0.0368625367866484 0.00771065340205442 0.0723369882790579 -0.0147720433499079
0.0379695871627828 0.0115177878749499 0.0777808127098022 0.0276293721736369
0.0386647803565402 0.0272143318108085 0.0589775067512074 0.0744994514987049
0.0298920637849201 0.0444495279061412 0.0195068150448831 0.114113455869642
0.0109029968827692 0.0757501065492378 -0.0458299534277385 0.0860684851949286
-0.0345359348760384 0.0780874439206352 -0.0588090253630867 0.0160802314263469
-0.0806333939878109 0.0410785220662004 0.00641390405426358 -0.0363602970084912
-0.0780187338145555 0.00645267857758975 0.130228862532555 -0.0509100521702711
0.0339169541744298 0.0388865456850143 -0.139382007754292 0.0612173420636041
0.0537637516084441 -0.00225233787986887 -0.0135323980948966 0.0522600403459557
0.0399259716550125 -0.0411072217368067 0.0595240472078996 -0.0251850555592676
0.00139906696042973 -0.0394506556284092 0.0553995111248563 -0.099028564063367
-0.000528804980561256 -0.0244012731169552 -0.0135635070614934 -0.134653761443309
-5.34621791336582E-05 -0.0206352652157866 -0.0745763555227191 -0.0923208911552458
-0.0102722593513287 -0.0196340041444168 -0.094770998674954 -0.0371407267309731
-0.00824422804188964 -0.0180500817703358 -0.094552527972957 0.00443985160091409
-0.00296361864585899 -0.0272368991121699 -0.0901038751391464 0.0410332742654807
0.0118481340969149 -0.0272352437239522 -0.100348387902688 0.0589340730306625
0.0150416455717429 -0.0213626458812155 -0.106949641808977 0.0583434497067158
0.0240248751980472 -0.0245922276377174 -0.109131085541972 0.0532926525463096
0.0408595964790342 -0.0213380980426437 -0.107825839524453 0.0625207249645235
0.0468244118821565 0.0200152753702283 -0.071203824255522 0.089708454772926
0.0240093842300798 0.0472980725842675 -0.0383670565758807 0.155876279107202
-0.00136494529104066 0.0844548045330505 -0.132353480942643 0.02617270588724
0.0215793432109993 0.0475610839723141 -0.000620418440604302 0.0291464129698648
0.031035655977257 0.0152913023368501 0.0659989290476498 -0.0547515177709393
0.014523338858331 0.00914454417449463 0.052867498841371 -0.120248733839339
0.0250446023285238 0.00970522678257723 -0.0172987179760894 -0.142535805052969
0.0337359693815607 -0.00409343637071341 -0.0740549405831058 -0.0976558703705736
0.0257610146895382 -0.0194280362055394 -0.0896246993702379 -0.0437151852327626
0.0235774433693762 -0.0240432750946325 -0.0891099960236514 -0.00446564201982166
0.0316707763062941 -0.0358296901221106 -0.0809275626800484 0.0341321416497087
0.0526780833027181 -0.023132756919509 -0.0886381660554606 0.0584955484233125
0.0537732913250496 -0.00277951803352868 -0.0982309889298104 0.0638736020106734
0.0573093392456357 0.0176935035274945 -0.10976950358091 0.0543614246018255
0.0505745374262392 0.0342451970694332 -0.105410845694283 0.0481754826868252
0.0287127197568241 0.0764262567888474 -0.0519000939578314 0.0669565307973274
-0.00812125244695155 0.106477360279917 -0.0133573549554104 0.12910210901359
-0.037655095969554 0.118068390259979 -0.106198269351491 -0.015029855873126
-0.0168931361372757 0.095378540082318 0.0285890267329574 0.00587276762240215
0.0183727011684062 0.0777229773986973 0.0868238854953039 -0.0827298786363941
0.0327743213616651 0.0645185867011793 0.0570533519525622 -0.141866804658742
0.0542427978599967 0.0428891776716435 -0.0163005583370201 -0.144938962829086
0.0662472527949659 0.0137514028880096 -0.0643560600736269 -0.0974111886956786
0.0597339394816176 -0.0169644789238942 -0.0733988692460049 -0.0468101804896625
0.050508055533676 -0.0272990458469386 -0.0707423263277543 -0.0129542013424186
0.0593925929492388 -0.0407328209121024 -0.0602315830114524 0.0252617303453181
0.0836610942439261 -0.020869651417801 -0.0652500999503653 0.0566781352812773
0.0852254113557945 0.00893284754164077 -0.0786656850836913 0.0732213716108307
0.0884255775923491 0.0472286174109107 -0.104913569965539 0.0628448444665506
0.0646293354812724 0.0786996419015508 -0.107998701496684 0.0391790939541283
0.0163170364611857 0.121444122437817 -0.0418607487331508 0.0363608748880199
-0.0362646102156754 0.150270389600761 0.0154304350100293 0.0872044735003596
-0.0663328881637536 0.136211827792008 -0.0666076178945946 -0.0601974197905448
-0.0515538090657122 0.133290513948997 0.0636981573920578 -0.0227398979562789
0.00702525413644642 0.135115850820663 0.109671786799527 -0.105170379854529
0.0532574765057314 0.114545655665442 0.0654516095249322 -0.154940093703564
0.0830356815333363 0.0696304148724427 -0.0063372818680314 -0.138203357120422
0.0927806461791833 0.0269594054992567 -0.0433536755798644 -0.0917398362087532
0.0851447216331925 -0.0132140334736989 -0.0453671656641881 -0.0474758487849453
0.0707713343217008 -0.025579792594184 -0.0420536705387 -0.0205647837099741
0.0778526749343899 -0.0390052453144643 -0.0325086443142094 0.0163564963789684
0.101602615998882 -0.0146555778547416 -0.035581794202109 0.052031215512659
0.103296866872219 0.0193114212267435 -0.0523168292629831 0.0794455095924611
0.106874747465796 0.0678450853930116 -0.0950628280463884 0.0721167814427707
0.0705919445576508 0.110807922530245 -0.109855784070144 0.0313392473028892
0.000941330709346972 0.148797626137762 -0.038892461621918 0.0031710231264871
-0.0605903937006928 0.169909197274131 0.0424007680917779 0.0374138705973074
-0.0825166371821713 0.132524724190801 -0.0215686876392451 -0.105485480975827
-0.0750871631682841 0.14816344574035 0.0931218902758536 -0.0576998651801167
-0.00484804981467161 0.168282143091271 0.123876009849116 -0.119524216739987
0.0630057728854881 0.145155454359896 0.0740416957979187 -0.151550841848055
0.0985151372366544 0.0846927282313351 0.0137944092157211 -0.120310806707976
0.104876109497698 0.0347945091401721 -0.0108674116483486 -0.0818067963802836
0.0968005233860281 -0.00864015376808828 -0.00986600969703257 -0.0463431695902528
0.0791504039858876 -0.0209061419353521 -0.0084425883669454 -0.0255273062127069
0.084773698021412 -0.0298733034516652 0.000220926877459153 0.00965953662191184
0.104528623221213 -0.0019819695672916 -0.00371375685628205 0.0483692671083196
0.102815286040902 0.0334159503922622 -0.0243133363333956 0.0838568707593699
0.102568069560967 0.0868458568415662 -0.08137032976023 0.0765206279151257
0.0579666179726516 0.129563749233099 -0.106743555282903 0.0218063982802839
-0.023689149242276 0.153661925660031 -0.035676560166241 -0.0267675880210043
-0.0822602726045931 0.160169094048723 0.0673439556172632 -0.0082809183076835
-0.0828962112289632 0.107711159974982 0.0203425959603944 -0.144445732383145
-0.0856803393155441 0.133932852491541 0.109663993367606 -0.0930668356637536
-0.0169896899482519 0.166638532990857 0.125393069727147 -0.123193405439891
0.0569947468673229 0.147393218303509 0.0786333406867579 -0.134126449636971
0.09340751925945 0.0839996573049192 0.0391308463080781 -0.0952222421411145
0.0979397730961551 0.0368886264898372 0.0268872008336004 -0.0705830646247955
0.0920068272913214 -0.0028949772971483 0.0269623113660361 -0.0448595730381373
0.0762051309465233 -0.0132231268585949 0.0247144478896342 -0.0264293742687836
0.0797368107806594 -0.0153574080190611 0.0325916952079201 0.00913478918475629
0.0932445234671366 0.0145834251846004 0.0259300954631686 0.050104100176906
0.0865467507256652 0.0480328723336558 0.000123794067464241 0.091209098713633
0.0773540444150496 0.0993094438796777 -0.0678894312683073 0.0795143790983905
0.0268659507271449 0.132644359395656 -0.0958894628527648 0.0132943871001748
-0.0543731357411849 0.134372108538059 -0.0257374986539756 -0.0455719013701007
-0.0967809016166072 0.124834959905064 0.0934357527478948 -0.0428653733092455
-0.0692403583248302 0.0624128697815479 0.0501131375552005 -0.168346067501543
-0.0813373001500979 0.094769590437917 0.109320435582901 -0.118942002918597
-0.0256443987834412 0.132416060215429 0.116372834982243 -0.112281776784855
0.0389110849711714 0.119852494612918 0.0816462831507981 -0.105939632485473
0.0692300041339944 0.0678928557527875 0.0648306864202045 -0.0700917094522922
0.0721066464388434 0.0335435787485784 0.0617232695372628 -0.0606689642596284
0.0712447558914436 0.00382811317342584 0.0577163036464289 -0.0437628377878083
0.0617400332555801 -0.0035119421316162 0.0538090973751063 -0.0233919708018314
0.0640128140118937 -0.000679280706365557 0.0606803873450695 0.0164303594686606
0.0699785357003966 0.0259921163282199 0.0491721148313002 0.0608594015831939
0.0598352755681689 0.0545322893435426 0.0164814106643538 0.103177339255998
0.0425885780402692 0.0971992458008014 -0.0546993121564869 0.0841156157967882
-0.00957796224584367 0.115520307418726 -0.0784781478648014 0.0111689027809728
-0.0781228698537652 0.0946826440780623 -0.0095766299158502 -0.0487368065477308
-0.0979503252431932 0.070345965322769 0.116711752158829 -0.0585518091628949
-0.0473747267132437 0.00474090234060548 0.0633088047083121 -0.173303552889613
-0.0681047561042812 0.0397761307448166 0.094891385549452 -0.126068252653869
-0.0307734379068123 0.0767292544274565 0.105595507980177 -0.0895641962724498
0.012868115032042 0.0730886472645414 0.0877351247460524 -0.0773208038697644
0.0312163783654093 0.0419473195389879 0.0855383877216502 -0.0551071162612876
0.03355574105788 0.0278636894476591 0.0857099891142133 -0.0572477814835569
0.0396331238718605 0.0137242411879313 0.0768365186241752 -0.0413829116097409
0.037173911908341 0.00622783507696051 0.0735078732238274 -0.0167037601560014
0.0387603590732861 0.0103671428578827 0.0795912785880646 0.0273304852247208
0.0400813603554739 0.0255714290479349 0.0624410119216496 0.0760927139875371
0.0320602403692404 0.0448526460423919 0.0229391077265955 0.117376425021288
0.0145959081205755 0.0768326967529584 -0.0453497536181907 0.092874503652992
-0.0327628133406541 0.0819622285665336 -0.0620510605532061 0.0205630375830648
-0.0815949508728646 0.0446210061054449 0.00376632454533796 -0.0369901607590264
-0.0801542597946865 0.0098875766588324 0.132015505386461 -0.056310743499702
0.0368931269136995 0.036833839954631 -0.136317381342189 0.0682750321538639
0.0545545781657376 -0.00567690335130718 -0.0103995344204754 0.0529161375482097
0.0379715251383982 -0.0448133107974314 0.0591425220950691 -0.029434852120239
-0.00159340138442859 -0.040295091407779 0.0509695501685009 -0.102974302285822
-0.00237913934446426 -0.024868619752106 -0.0207081826727986 -0.135994658645294
-0.00111188146180178 -0.0208039154737324 -0.0790847709289515 -0.0902228243174032
-0.0108284270280244 -0.0186857842889253 -0.0966995013376948 -0.0328708178921197
-0.00857014048450401 -0.017433964325127 -0.0952472579274274 0.00924827686158586
-0.00456571641404384 -0.0265992574086662 -0.0882169548138998 0.045211461798973
0.0102377542981254 -0.027706995337127 -0.0975894570964337 0.0647456536979099
0.0133426269308479 -0.0221902112541225 -0.103896417999417 0.0653565841155237
0.0223620503064672 -0.0268327073066147 -0.107278689751471 0.0612405539388299
0.0392107763050301 -0.0235655542085267 -0.10558898089173 0.0684469216797722
0.0489765281839538 0.0173240437019128 -0.0690184376486264 0.0917497696950976
0.0272538720121344 0.0456704733628336 -0.0318584671407299 0.156805976992283
0.00347416233185579 0.0834020567347688 -0.132104466628831 0.032546400377973
0.0248320910602742 0.0456867549924417 0.00188015836433959 0.0283542477593838
0.0317701212563639 0.0118539365085586 0.063590421328277 -0.0585446077800373
0.0150635207557952 0.00747436630287696 0.0459934490165583 -0.124578195875041
0.025223026260585 0.00751754937927644 -0.0247792462256408 -0.143287263310042
0.0329824914422924 -0.00601558825922623 -0.0788426443867378 -0.0956118092286914
0.0250558375390385 -0.0201963169922752 -0.0923091925853345 -0.0401383554033968
0.021972790061713 -0.0246558582279019 -0.0897109677450302 -0.000111346799443869
0.0294674495217315 -0.0366634772496634 -0.0791219700436459 0.0383586978859867
0.0505451566731547 -0.0265234499804388 -0.0853035988973013 0.0638591622264466
0.0533687399643363 -0.00554641316376511 -0.095705527006686 0.0716047186578066
0.0575513365652186 0.0137265515156256 -0.108220944420976 0.0636384887558729
0.0519505298290743 0.0314955205404093 -0.10496096127627 0.0548632705409749
0.0341030382584504 0.0749282079413651 -0.0514604866925148 0.0675271936220746
-0.0019313866371221 0.106285358020508 -0.00807834580621031 0.12804049204467
-0.0313086423734199 0.118940948105217 -0.108854087713851 -0.00982541981983621
-0.0115796207090246 0.0953708342898162 0.0298230249551819 0.00344237433005314
0.0228181195623838 0.075309622188325 0.0826953643232995 -0.0883074662507176
0.0356235623178881 0.0618214511143279 0.0498287725159602 -0.14631638052856
0.0559859280127011 0.0394950139639974 -0.0240581819566255 -0.14562514124718
0.0669006238775339 0.0097277072639103 -0.0694826665931168 -0.0950474952261113
0.058594185857501 -0.0193551450297398 -0.0758554612756724 -0.0445962383903917
0.0491762180500939 -0.028136207683173 -0.0715337397784262 -0.00962747859390981
0.0565619443794155 -0.0431442777616769 -0.0595723545336307 0.028857926504118
0.0821837314001611 -0.0251797559557854 -0.0619657739626102 0.0610822637847047
0.0855764931691537 0.00462412564520734 -0.0752920601619907 0.0793182329450926
0.0904497584608702 0.0414285146009672 -0.102615580205848 0.0724119525758771
0.0685557844271483 0.0757826305543102 -0.107441254155527 0.0464059700328251
0.0238279002338823 0.120676585320054 -0.0429611597857661 0.0371145599503269
-0.0268023683515414 0.151224309640824 0.0186230637610794 0.0841986748693089
-0.059617246410413 0.138292899890987 -0.0711710634937196 -0.0567926695526202
-0.0438354966587078 0.134655566094123 0.0630405206114054 -0.0269002268963871
0.0149007384722656 0.13323292844594 0.104247764199301 -0.112277497495854
0.0586205682485054 0.110721819393176 0.0574003078055836 -0.159377197538111
0.0863955236707413 0.0654291577323238 -0.0135324651469708 -0.139414377169448
0.093894526565912 0.0218188820856031 -0.0482139037119629 -0.0898585344895296
0.0841690415066947 -0.0169054913034011 -0.0481429631183743 -0.0465947858362616
0.0689472101424279 -0.028239239168985 -0.0440334425310575 -0.0187896827331482
0.0741809672638342 -0.0423959307598293 -0.031252602111019 0.01854973280536
0.100350089909987 -0.0200311848002864 -0.032409139886918 0.0547187443554739
0.103911276303997 0.0141209893381711 -0.04839108554091 0.0845011208215398
0.109641309685603 0.0615100988510524 -0.0921079119947131 0.0813375458615832
0.076324955645089 0.10695256277869 -0.110371687801267 0.0391767683643274
0.00912914631275138 0.148414264039676 -0.0420807320745523 0.00493612717930877
-0.0504986248270972 0.171856856920723 0.0430676339312748 0.0344704637171635
-0.0762245430208344 0.135923439494785 -0.0279144645560787 -0.104547326757545
-0.0673376975725059 0.151754311773573 0.091023278610351 -0.0635663195127543
0.00467510802681398 0.168100736029392 0.118126218650965 -0.127693769706492
0.0708557969148548 0.142034440983678 0.0656626396120292 -0.157580541221003
0.103450651063983 0.079126955317991 0.00754311191089496 -0.122493225832633
0.106725004959111 0.0294243144553848 -0.0154804227685097 -0.081328123892324
0.0959612760168734 -0.0131626893133701 -0.0126283489133998 -0.047598809057655
0.0786635706284236 -0.0239072574061618 -0.0104062934473476 -0.0251226330361389
0.0816846073751205 -0.0331097202448003 0.000922048546749588 0.0107360957291218
0.104203779668036 -0.00715791151283241 -0.000249812023941456 0.0496971730869499
0.104706451250741 0.0282295937623105 -0.0195238709736594 0.0880106359867659
0.106917516731647 0.0802823423211216 -0.07798732824228 0.0858217472314472
0.0646994962650748 0.126445393265066 -0.107942086349026 0.0298392628757556
-0.014875245169984 0.154141066281806 -0.0398839405577472 -0.0244055117892106
-0.0729538245716315 0.164089590755427 0.0666601609912234 -0.013342379958162
-0.0784968766945677 0.111175773925816 0.0124399398742976 -0.145273070902386
-0.0786264206578551 0.138359189393008 0.105736800110282 -0.0996339461621481
-0.00776293116401464 0.16743299497566 0.11888107918566 -0.130514400284143
0.0655880849932649 0.144176911945851 0.0716649065708771 -0.13924037031959
0.0983216199366728 0.0788456963579846 0.0340211022655535 -0.0984481230603327
0.0998379833652951 0.0318325382801105 0.0236294011706871 -0.0720914825884816
0.0915708809481783 -0.00718465528322219 0.0239539891221069 -0.0476002254769801
0.0754337373837109 -0.016206402916281 0.023437450631229 -0.0276295222480361
0.0781581454341287 -0.0186299188817076 0.0329026606286936 0.00848135434603768
0.0931228560448416 0.00955052247533682 0.0290556919390561 0.0503161936925761
0.0889107013979241 0.0442337838831241 0.0056026201306739 0.0934696710590869
0.0825839312079944 0.0943450772358744 -0.0637760316574489 0.0876492407483334
0.0334388228445278 0.130865049276539 -0.0975184524789939 0.0210419918518684
-0.0469792605948985 0.136919949158727 -0.0309457175543366 -0.0435970570717732
-0.0896133435890134 0.129489280818987 0.0901093869191241 -0.0481959914936655
-0.067374868574624 0.0663315379777514 0.0416363346958768 -0.170963542370559
-0.0771720734888513 0.0995483983488212 0.103785997746442 -0.125120983799996
-0.0183282964453995 0.134347982959398 0.110537115825724 -0.120096593917107
0.0459385318679979 0.118861043343732 0.0761909110480261 -0.11121179506025
0.0730805580555455 0.0646749559088128 0.0609797655983685 -0.0747641229582817
0.0744568007507586 0.0302629111432678 0.0584054207689502 -0.0649532349559099
0.0713703152677971 0.00140711804586871 0.0556190655226858 -0.0474512491717881
0.0609493059442558 -0.00628179422435863 0.0526505494114961 -0.0261442225784939
0.0628008504250579 -0.00312178088572568 0.0616347885462376 0.0141941530304206
0.0706741929017331 0.0220453610782901 0.0524029533800679 0.0600735596204968
0.0626897198846771 0.0512372280911134 0.0216944324564907 0.10427149392515
0.0484155183004296 0.0943705447861248 -0.0507941960748085 0.090806995994315
-0.00331943388071857 0.115909142594883 -0.0806167405777659 0.0175100188520215
-0.0733751033289111 0.0988000713919346 -0.0147633965237374 -0.0474732069052038
-0.0941661860672412 0.0755034511273726 0.113111583388996 -0.0646201052034207
-0.0480993611422129 0.00766685918055038 0.05438559243375 -0.175991346416976
-0.0662966168578957 0.0438860165531919 0.0887742494791756 -0.130487959442398
-0.0265820172423899 0.0797545170312653 0.10187656714892 -0.0968368637078581
0.0168065938249087 0.073482614840452 0.0843125899103621 -0.0827777777683879
0.0340715679420804 0.0407508192251421 0.08378565017752 -0.0600534823499739
0.0355278440412305 0.0264482080310637 0.082121408015394 -0.0621291556965612
0.0404093623140063 0.0114040996441735 0.075144156249679 -0.0465027540472282
0.0371472173485415 0.00431640713913591 0.0725469671499033 -0.0198282128662886
0.0388302265284442 0.00824946754690737 0.0814532370534915 0.0240061488562182
0.0408141302332464 0.0233752332670994 0.066562200637591 0.0747333176537147
0.0344387068075592 0.0428165558415839 0.0292774767841296 0.118208313031589
0.0196055054436757 0.0756237208364106 -0.0410449294123853 0.0982307155697659
-0.0284209030056771 0.0833995096462379 -0.0623807247620412 0.025452092945111
-0.0798445944303518 0.0489796182388606 -0.000224887306153531 -0.0361980742890466
-0.0799952814733143 0.0146523191226224 0.129121710551288 -0.0632365864340488
0.0381903361254985 0.0335718087704112 -0.129543333939255 0.0712826923921017
0.0530870392463477 -0.00836452527424678 -0.0071848669917327 0.0509927349496188
0.0342419575038028 -0.0460686002822213 0.0571904364874488 -0.0312638825023028
-0.00365214136429016 -0.0390064500611195 0.0454452431023797 -0.103576114893276
-0.00349934416410647 -0.0239610451649069 -0.0256134352816375 -0.1325612265128
-0.00228539257602779 -0.0203733066282136 -0.0792376451985511 -0.0854357774337218
-0.0104675940814224 -0.017093524855902 -0.094908349159782 -0.0288601672242094
-0.00837581754338009 -0.015940404799146 -0.092173854176761 0.012483540245808
-0.00572030085557312 -0.0244175419254338 -0.0835079395473542 0.046967705946908
0.00851284072638891 -0.0275090456625965 -0.0914295824673068 0.0673305142785053
0.0119205181535675 -0.0221721996323549 -0.0977991134332104 0.0688739090058616
0.0196443157896638 -0.0269268789309076 -0.101341445302892 0.0654285561999704
0.0367273269986387 -0.0248583711085875 -0.100542320797535 0.0717945588116407
0.0486954035996494 0.0140767723991861 -0.0655601805768721 0.0905889984202145
0.0286120406008123 0.042370284044307 -0.0252579857275347 0.151903474505195
0.00752373352808323 0.0796641422592733 -0.126995458347072 0.0361834523358468
0.0255995485355236 0.0421661901023703 0.00348759632529654 0.0261893362988961
0.0308536457688904 0.00827124250138755 0.0596970353714038 -0.0600982991490769
0.0140165488783271 0.00645133051078846 0.0398976329964462 -0.123823549903394
0.0240824133105952 0.00631243169152906 -0.0295384242965871 -0.138841309642487
0.031107035079073 -0.00760057981516515 -0.0792917190821094 -0.0903685655568219
0.0240821103359315 -0.020024892128958 -0.0910974277025638 -0.036110034870406
0.0205020089867791 -0.0234417807309211 -0.0872663668739607 0.00293280328924773
0.0261826269430479 -0.0358306061103171 -0.0751624558902148 0.0398745721457623
0.0475933756854348 -0.0277373207525124 -0.0802410275766822 0.0657201052061913
0.0514602725707001 -0.00693461886632643 -0.0895397604115809 0.0742762699926886
0.055597684744323 0.0104832798860005 -0.102382294209337 0.0675490102538816
0.0509974803600995 0.0284223017144593 -0.100504013745627 0.0583632677841456
0.0366719464540191 0.0700022372478632 -0.0499617865303348 0.0666580457184309
0.00376771948776506 0.101483496869565 -0.00378337012037598 0.12286535858954
-0.025304600989614 0.114993245327041 -0.106474561598201 -0.00565750352614589
-0.00717617973590674 0.091296134648681 0.0295093240714956 0.00114385335050888
0.0248710238704798 0.0705042372080348 0.0764707159421045 -0.0897052159455511
0.0368409858018609 0.0576954219913019 0.0422110084810596 -0.144546268667577
0.0559508145565432 0.0357246691700146 -0.0292259794488625 -0.141219743463235
0.0643755342263911 0.00672477738674644 -0.0707192564097937 -0.0903654095699622
0.0564579054327243 -0.019858504723418 -0.0755367067266483 -0.0414452003794555
0.0464172018734749 -0.0279975651655663 -0.0705115181898855 -0.00695057948878784
0.051941648107295 -0.0422489822964434 -0.0563646145579795 0.0304150847014554
0.0782655061318105 -0.0274973519798822 -0.0570605000913314 0.062227392378403
0.0829756230852899 0.00120305508906047 -0.0693417048628599 0.0817669134186791
0.0885501927182427 0.0358250281350785 -0.0965855602889841 0.0779021588042948
0.0686982684092304 0.0703469128477077 -0.104210769206197 0.0512393756429038
0.0282687576166636 0.114502121690166 -0.0437866780708731 0.0373181814806504
-0.0181277756010279 0.145731621094391 0.0195480814898697 0.0798605051149539
-0.0523604477793009 0.134895652129241 -0.0725036941639174 -0.0521393038190525
-0.0369669075785011 0.131513157130768 0.0601100785875188 -0.0293506492084778
0.0198322363769257 0.126536658135706 0.0964586098164937 -0.113875751505421
0.0611208852356323 0.104627299986991 0.0488503355235061 -0.157698033241825
0.0863265746664695 0.0589952499518828 -0.0191637518286645 -0.134920736956449
0.0912314217358707 0.0165297714145145 -0.0497500963705439 -0.0857278524161608
0.0806056098961759 -0.0185749656446779 -0.0488394985593571 -0.0445475466050294
0.0656050986126151 -0.0284484166069014 -0.043598487041453 -0.0162834202816414
0.0691962376812871 -0.0424225121894914 -0.0294073052349859 0.0193555009867687
0.0954143021018109 -0.0231261947067209 -0.0285891583717308 0.0550620781366418
0.100960434405737 0.00994127230642855 -0.0422963473629126 0.0863690609744124
0.108426420634483 0.0547777609896654 -0.0853331416246251 0.0860598295523062
0.0776343312589593 0.100300098532353 -0.106931918168056 0.0447242882845713
0.0155874986321911 0.14229866995203 -0.0436273412713537 0.00665308074351544
-0.0407214058003556 0.166864964698087 0.0404757000383569 0.0304959739222215
-0.0692002889853491 0.13374151103233 -0.0321737733762927 -0.0996197060464904
-0.0591328440622846 0.148682484210952 0.0851669702000714 -0.0654045763042145
0.0113332854367039 0.160591483359976 0.1091862197435 -0.129511677264124
0.0739878672109474 0.133766426780388 0.0567405314701117 -0.156279924581211
0.103630547013164 0.0724993667520309 0.0021016188989041 -0.119486045851881
0.104189028479877 0.0237354731960714 -0.0179511963580869 -0.0784686540909093
0.0923108267903286 -0.0148879478388722 -0.0149635696000171 -0.0470939354872516
0.0741309698183015 -0.0252724676855013 -0.0120094296084231 -0.0237826137550635
0.0763439313608991 -0.0341687005636899 0.00139743151146316 0.0110026794590989
0.0992129533439401 -0.010948471603764 0.00172870449299842 0.0485539517096082
0.102285268654875 0.0231752473906343 -0.0148907878033406 0.0880352069406048
0.106274635184798 0.0725785329035215 -0.0710353089629333 0.0901488757337749
0.0675374643434887 0.11916564029922 -0.105165477532945 0.0361235284626798
-0.00778372311716853 0.149223654009264 -0.0425996314209359 -0.0215692170978447
-0.0620481284991347 0.160281898887214 0.0617115573870125 -0.0164543830624643
-0.072265956941115 0.110588645803954 0.00508625408614979 -0.140152173891555
-0.0706544014136367 0.137165834224211 0.0974881134991276 -0.100730754251076
0.000367856157340656 0.161807395719778 0.109491323026209 -0.132452773573407
0.0696708823286319 0.13720949363824 0.0628607766380523 -0.138865974271327
0.0991353143490247 0.072692737937075 0.0287001879915163 -0.0977887169791867
0.0980019220487079 0.0270481897433558 0.0198076012264469 -0.0712069054955174
0.0879966112884001 -0.00973428722824365 0.0209902247137898 -0.0484203195073259
0.0711336477958207 -0.0177192060974933 0.0209871312705108 -0.0272562023467579
0.0734531851483633 -0.0201427323790995 0.0323456425021052 0.00789597115333692
0.08953466248837 0.00571661165651199 0.030506936576997 0.0489528633390122
0.0881277489904309 0.0390046277998585 0.00926320137356578 0.0923686742742196
0.0835028251185543 0.0869488374097256 -0.0577877965663978 0.0912094742202522
0.0381983979880798 0.124857544717404 -0.0955952554632154 0.0268040361665546
-0.0399749290882701 0.133899180740959 -0.0338896905650442 -0.0399758035016176
-0.0803062420789199 0.127957384094489 0.0840250320412013 -0.0509705573082341
-0.0633489450451052 0.0669771143707192 0.0326561571508663 -0.166488681527841
-0.0707909733152806 0.100448428866056 0.0950294117660773 -0.124674225649204
-0.0117170597447 0.131591096179021 0.102310262814829 -0.121923027327745
0.0497006158137655 0.113932297711137 0.0694361008238425 -0.111820964572662
0.0737125521170552 0.0596784330224014 0.0562555580273853 -0.075639003711537
0.0733519668098992 0.0266497082067358 0.0542890502560826 -0.0654306612212138
0.0691914417721173 -0.00113471871878594 0.0513173640015735 -0.049373019880844
0.0578139595162098 -0.0077871742761077 0.0497486336937837 -0.0266197241696762
0.0599718621986643 -0.00521529738541913 0.0596359249899562 0.0123881726955099
0.06808624590752 0.0185979888659608 0.0533918897165586 0.0572994701464801
0.0629313087188431 0.0471896377696814 0.0252366058986849 0.101730589438209
0.0506569967526496 0.0884196775506543 -0.0454023815551432 0.093175848357805
0.00236411664911409 0.112262336679423 -0.0792754613106291 0.0226853771936827
-0.0675806772890978 0.0981925988732473 -0.0180640373224272 -0.0439656535391706
-0.0874075870526919 0.0771542848675076 0.105931882065205 -0.0675762345089254
-0.0468164893567719 0.00992777132269276 0.0458240371305154 -0.17158553670879
-0.0622494281449963 0.0463733858916965 0.0806207225132523 -0.129436313615598
-0.0216658198536687 0.0789873595155572 0.0950636620288828 -0.0983425820722926
0.0203736518516396 0.0715073476385526 0.0787537834351632 -0.0847274220543408
0.0347589813720544 0.0385162233993381 0.0789225260790066 -0.0628532850035278
0.035780565947536 0.0246210928515061 0.076844636440481 -0.0644016103650952
0.0397650604256072 0.00983984917999091 0.0710334913036359 -0.0489313378241293
0.0354237882798315 0.0026819554480094 0.0694753698015317 -0.0220515957768461
0.0372075547539026 0.00692775492227896 0.0797132762385595 0.0210968547921561
0.0398413680716212 0.0210772984250941 0.0676109707663577 0.0712618438784175
0.0351717908512942 0.0401954993028676 0.033398750084688 0.114686382163739
0.0223607868761751 0.0713530368363776 -0.0363979617259859 0.0994071210014608
-0.0237476912500796 0.0822740859507602 -0.0611699464253655 0.0292578623293377
-0.0757558490470257 0.0508750227838868 -0.00355768428158371 -0.0334490660961965
-0.0773200677902805 0.0178259566125932 0.121995661718368 -0.06635581609109
0.0389569152438375 0.0294453178214469 -0.110420301492447 0.088125646284155
0.0491975112503435 -0.0140658859287866 0.00354500054718297 0.0488717566547713
0.0253031129584314 -0.0486662161028479 0.0541540482421464 -0.0409327992622253
-0.0107830582621624 -0.037585858055526 0.0311476342178149 -0.109514631209842
-0.00981896296892443 -0.0219131477853397 -0.0432660413092437 -0.126321185046644
-0.00582631146687866 -0.0183678004141644 -0.0875521877256644 -0.0743469842623193
-0.0116138260441149 -0.0135749011200286 -0.0958866062131011 -0.0177861189320902
-0.00919649777833473 -0.0135565352639094 -0.0870610063462132 0.0235118901217344
-0.00790643805050626 -0.0213040229396727 -0.0737868048546333 0.0570204089787178
0.00414573159812802 -0.0263355130268946 -0.0777795762201919 0.0790019216369982
0.00859558233919475 -0.0212914637568523 -0.0830094635001518 0.0814319391265735
0.0134290085853856 -0.0275525962263832 -0.0876100028715004 0.0774002968685513
0.0304490177301504 -0.0262399248485119 -0.0853837973275186 0.0839520791672497
0.0468395355695496 0.00808193376376036 -0.0517487162904759 0.0947708920134011
0.0322748375067321 0.038945995683731 -0.00702901460645381 0.144941596539862
0.0143495467393947 0.074955437903837 -0.115822189949732 0.0569491915186998
0.0296161283669675 0.0354063036204779 0.00814860061823291 0.0256898397509003
0.028338999953276 0.00169386098879183 0.0510097069200386 -0.065371550360042
0.0110111762402834 0.0020811894082104 0.022223288784018 -0.124049962282886
0.0198828940409543 0.00277749411560073 -0.0463699784264318 -0.129162869110898
0.0274229616799542 -0.00957910060051333 -0.0863137810825454 -0.0778316883266019
0.0203302709750145 -0.0201044400477649 -0.0915244261553022 -0.0250247114472109
0.0174291524979578 -0.0230665517905548 -0.0832044858947247 0.0141818496622989
0.0204941740475061 -0.034716308639988 -0.0671795820596781 0.0497347464568699
0.041532161298543 -0.0306861743299235 -0.0667443140211717 0.0763469080886115
0.0469205663208811 -0.0103964309507714 -0.0744623216819911 0.0853623233819629
0.0515556137763722 0.00441678694679233 -0.0886871030540138 0.0809738720605651
0.0488517179023674 0.0219601553322354 -0.0881534524266125 0.0720189205470922
0.0418192233940491 0.0610757205621615 -0.0414696905864281 0.0697168464397214
0.0147027370089928 0.0974596843714769 0.00906824839464044 0.114864210703481
-0.0136528525666977 0.109786630461687 -0.104019884571132 0.0161026086182406
0.00373936023090765 0.0843566591858905 0.0277354038683165 -0.000954998976062559
0.0294923009880146 0.0585199238014061 0.0611184941789127 -0.0918890670278679
0.0378472282127344 0.0462488524593424 0.020114070348498 -0.140806767229802
0.0525673161780136 0.026347543798797 -0.0442581136807213 -0.129199005279794
0.0596274578527512 0.000124447616871697 -0.0764199898079062 -0.0775652206701948
0.0497746024469152 -0.0240568981677255 -0.0757348348007131 -0.0310268801874178
0.041014791867344 -0.0294609995309859 -0.0683668420112765 0.00254592875046588
0.0442777804363882 -0.044551865626992 -0.0501224743312662 0.0384450786088502
0.0700777780679709 -0.0343014960356334 -0.0453367209295888 0.0705294471595585
0.0779699258988423 -0.00509686131611933 -0.0542922950439258 0.0901612244750845
0.0858297380071004 0.025296267261268 -0.0818863750514677 0.0897754048899247
0.0698232670553448 0.0590538534557796 -0.0935486079122784 0.0672098325451218
0.0393247253612751 0.103659232978082 -0.0406337774224223 0.0411464779000706
-0.00169813443886476 0.140526952997232 0.0246861190998482 0.0712699659379091
-0.0374922712301187 0.130551862381 -0.0802504484876317 -0.0321226362969834
-0.0194646700748095 0.124418349042096 0.0507892540231421 -0.0329091822118868
0.0310876294361475 0.110848684782945 0.0743598330014792 -0.114254872095453
0.0662049830282206 0.0856315464520583 0.0238182017425808 -0.150482197439653
0.0836233850732243 0.0446545995357825 -0.0322241227581644 -0.122164603108655
0.0862177398311265 0.00695092387410099 -0.0545419194358449 -0.0753622038824526
0.0727423866705986 -0.0253851896092711 -0.0496671124149251 -0.0371917829567551
0.0586402477590118 -0.0319458184957275 -0.0438063429497272 -0.0100421781154871
0.0603485205462109 -0.0459962658446777 -0.0268086446207213 0.0245450710928711
0.0876318679293472 -0.0323717631271738 -0.0193572908019031 0.0604085905844788
0.0959406344068251 0.000899703203121091 -0.0278181134129284 0.090274347619916
0.10595557558085 0.0404572537573653 -0.0698100586078238 0.0967242150797975
0.0815677288422835 0.0861705238166983 -0.0970127511531066 0.062050283294345
0.0306845632428056 0.130871117932426 -0.0460614033592131 0.012271904831198
-0.0198891973317656 0.161518224406773 0.0386197783596551 0.0216310183156423
-0.0534121517415287 0.129732178871751 -0.0506481132607233 -0.0826343534872783
-0.0385820997780326 0.14261408921964 0.0684582282213824 -0.0699197788434947
0.0282812385747957 0.143946563354871 0.0825082990242199 -0.128670030328687
0.0827459310829752 0.11135086826229 0.0311867923197126 -0.147229687087311
0.101616159672239 0.0545028843287059 -0.00956944412015202 -0.110302794357592
0.0993867103756514 0.0116325979165301 -0.0225436788240527 -0.0726255096140728
0.0839377008363662 -0.0242337449805446 -0.0169585951177766 -0.0429706711634529
0.0671506480386013 -0.0295517130361292 -0.0142804804332818 -0.0201974416356875
0.0682527387842275 -0.0397326830364444 0.00198072548244568 0.0125832760481778
0.0927934855554935 -0.0209633231071019 0.00851821289247346 0.0498529033562768
0.098506657462406 0.0135735795077186 -0.000986739917602283 0.0881827541233041
0.10685648435092 0.058234739701462 -0.0564487838916986 0.0980151360866509
0.073686258280075 0.105159848334508 -0.0970805337610277 0.0539179127641859
0.00874637268424244 0.139710423379567 -0.0488747084558923 -0.014718392835777
-0.0419239065554687 0.156959830960964 0.0530644415279263 -0.025057238740869
-0.0586535875097583 0.107849473723308 -0.0207576477995035 -0.127611252981556
-0.0517307634983255 0.133554944215604 0.0743099055980129 -0.105274521137474
0.0178761567618975 0.146936774890007 0.0822265800593227 -0.132178059809681
0.079590284743096 0.11603900698739 0.0394871584415715 -0.131734856238993
0.0987041815603004 0.0550336349722195 0.0188769446663406 -0.0925140948134977
0.0949456558305466 0.0150039227238208 0.0135766395049631 -0.0700290602439549
0.0807672928647506 -0.0184989616376993 0.0178034651076376 -0.0490581541895235
0.0656663601148244 -0.0228365183667243 0.0171161959405088 -0.028013569294762
0.0668220139162644 -0.0264113020003278 0.0315961217818588 0.00536723722411663
0.0854347018957127 -0.00444410181178246 0.0359650972157025 0.0455164424669328
0.0870632742874054 0.0296509258104068 0.0219793799212618 0.0888872273549064
0.0872355357727123 0.0741789320859219 -0.043095610467159 0.0968606277228544
0.046301100149743 0.113199540930276 -0.0899428746190094 0.0434415964422959
-0.0229575440144911 0.129319698474159 -0.0421674260624807 -0.0335612028568618
-0.0620144145316027 0.128040021301558 0.0706269151153924 -0.0599324615471213
-0.0548905943446525 0.0664385652668533 0.00244252732739672 -0.158124292689912
-0.0553533817026118 0.0999807756989806 0.068381109787998 -0.129046573699799
0.00342446315387392 0.120887591988551 0.0770578995883688 -0.122603078581838
0.059396609879759 0.0967632133088208 0.0490501072510274 -0.108765263937775
0.0749523416640825 0.045675819573875 0.0469768025425875 -0.0760845009177403
0.0713572388137455 0.0166155658584765 0.0464026404784604 -0.0693240886031233
0.0642350424763551 -0.00853955377096161 0.0464523389985981 -0.0532771738279686
0.0533872239017664 -0.0126805885314168 0.0438946868116588 -0.0307963526298213
0.0560438835418748 -0.0111169697167902 0.0586764155376358 0.00539201816056387
0.0672839354554871 0.0102237018531404 0.0587979559578033 0.0499704703262065
0.0641037830974579 0.0398701294910545 0.0390628954895039 0.0945260303414886
0.0568579293228524 0.0792251646982417 -0.0316921064264217 0.0967546897595065
0.0120749491483943 0.104985426388134 -0.0749001214209829 0.0364865344908165
-0.0524138304163343 0.0994617266147442 -0.0260993035364946 -0.0397442100915445
-0.0744924219390875 0.080902923051437 0.0908860570241565 -0.077792421666942
-0.0450935229671759 0.0114907002506255 0.0157373988014015 -0.167839434688237
-0.0540721985691719 0.0496176932757813 0.0555516585855139 -0.133421417758796
-0.010930176692388 0.0741191134521731 0.0739893172350288 -0.103236519064813
0.0281798550142017 0.0617655138078914 0.0618023100237025 -0.0873478152206989
0.0368503035372251 0.0299797962204404 0.0681305454141733 -0.0690359242172193
0.0364477336424455 0.0185304384834285 0.0668928056570284 -0.071511202785792
0.0378270842520567 0.00444755406130405 0.0639116832907336 -0.0558158245371511
0.0336691675777279 -0.00120024853672713 0.0640556533893092 -0.0291700925102102
0.0359595154256643 0.00179960952602818 0.0784719663622512 0.010886424279004
0.0404181877094542 0.0160234558115168 0.0742856799757435 0.060786649428404
0.0375857865029696 0.0353466321249933 0.0485823867225665 0.105874620603875
0.0289907193416411 0.0663650891032765 -0.0208854047089367 0.100270751760024
-0.0145203342156513 0.0795083748737486 -0.056518942693169 0.0392064078621293
-0.065534860075172 0.0566276154299875 -0.00894774555483126 -0.0319631024756579
-0.0705702272039305 0.0241412482851579 0.106879154854656 -0.0788089732048707
0.0375873218941984 0.0298497059933058 -0.111354817576706 0.081083793715111
0.0486445489742609 -0.0129086641638118 0.0021585432198382 0.0472829321496658
0.0255646000833828 -0.0472999581225688 0.0551909507927911 -0.0388099380254624
-0.00947318517377798 -0.0365308553376178 0.0342120823061749 -0.106622188289419
-0.00905069350648953 -0.0217140310326034 -0.0368322985662098 -0.126088163838604
-0.00521863940554936 -0.017947890454465 -0.0822278637514166 -0.0773844336642644
-0.0101354713496131 -0.0138196907787088 -0.0919865446269718 -0.0214026468803874
-0.00799050418009806 -0.0130357087332444 -0.0856935613377682 0.0193112025151459
-0.00656530680263733 -0.0201520666744454 -0.0742812991672069 0.0523478080274633
0.00510927222774054 -0.025337691403236 -0.0781565569111069 0.0739767806422122
0.00841249609068092 -0.0198385233373944 -0.0828004442502764 0.0774387052502778
0.0132689992834673 -0.0260687294187347 -0.0877137683561007 0.0733374443247279
0.030236305120704 -0.0243567269293411 -0.0868336364595729 0.0788427170537254
0.0454374360377322 0.00841178457101096 -0.0567184958790847 0.0900898868730561
0.0297694444167746 0.038176550963643 -0.0138695922631628 0.139428105472829
0.0116462508371468 0.0722003945005831 -0.115482045264768 0.0509035078942033
0.027214715102794 0.0346340144964939 0.00757853859762567 0.0245571345267645
0.0265623537028119 0.00184877395021759 0.0528703431719482 -0.0621699709691402
0.0102187772379575 0.00257665842856105 0.0256472312473734 -0.120596683646287
0.018832093468469 0.0035959902068098 -0.0403449269524473 -0.128851026349495
0.0264166258851821 -0.00808945373361297 -0.0806062193361022 -0.0801446399101761
0.0204382314616047 -0.0185986221187924 -0.0881608903080695 -0.028362776176076
0.0182615279738448 -0.0211896042624834 -0.0816339411511351 0.0103052487955095
0.0215196649732081 -0.032337921515884 -0.0672058208475271 0.0455637416044425
0.0413593854643851 -0.0277402047932722 -0.0675639792119358 0.0720420427145358
0.0463490010369152 -0.0080387360252055 -0.0748693649660309 0.0816064898523071
0.0491831550330553 0.00644137697096909 -0.0887551314670634 0.0767949097345141
0.0465348470756352 0.0231049701396228 -0.0897347237899719 0.0682705485639697
0.0385539764401654 0.0597674164319857 -0.0458773600168954 0.0666152844245916
0.0110623620649817 0.0936669988821069 0.00222456200325604 0.111298737956439
-0.0172640152521388 0.105220356968477 -0.103103713178939 0.0119918395052167
0.000888692457593004 0.0817419885060945 0.026818820434968 -0.000662643900785672
0.0260018204832119 0.0571777578565046 0.0625371229550599 -0.0876743277251657
0.0348932475940744 0.0457210568298049 0.0242503595629598 -0.136723840184611
0.0501653271736299 0.027628035553906 -0.0385174787190925 -0.128334388422798
0.057992693656599 0.00211402829249481 -0.0708048334563778 -0.0798432476693581
0.0496710289801331 -0.0208616483825607 -0.0727570867625342 -0.0336643311789234
0.0415961334395344 -0.0259723877579118 -0.0670357551447665 -0.000535930660446312
0.0440230509269858 -0.0396940610064182 -0.0501826936822416 0.0355198308733312
0.0694198251468611 -0.0301916918585605 -0.0466329385701657 0.0671137032262279
0.0759852487529115 -0.00209711738794855 -0.0555870427558026 0.0870415425312017
0.0817094156210508 0.0278247062408667 -0.0819736522323346 0.0863144398427626
0.0653270590794219 0.0601810282154951 -0.0950150511034357 0.0639310396940805
0.0341912875577229 0.10090034840764 -0.0440488420371692 0.0393532843449998
-0.00657544730717281 0.134715862623688 0.0196330298690955 0.0691581437000954
-0.041405606421498 0.124550847178882 -0.0779252260287861 -0.0333847158038188
-0.0238723857932964 0.119788789892498 0.0508203251749884 -0.0307605476535056
0.0256976016032482 0.108138594867746 0.0769155104118702 -0.109668598923713
0.0608365777539419 0.0852624077306755 0.0282492613637986 -0.14594284630284
0.0791549460436393 0.0464191287630372 -0.0271312448498945 -0.121329215129375
0.0829414970258666 0.0098823855733627 -0.0498243743799176 -0.0761283952756684
0.0713667029733511 -0.0216297520965945 -0.0475475346762982 -0.0393678627486211
0.058617385846304 -0.0276031751443244 -0.0428148381890997 -0.0110860421305078
0.0598771542637527 -0.0404188037463621 -0.0263810257658975 0.0226515422577041
0.0854714480376323 -0.0276998113254299 -0.0208114086943108 0.0587885709865945
0.0932676241486665 0.00467719983052884 -0.0294318406057017 0.0884864452481035
0.100987770599861 0.0431169615090658 -0.070569845696314 0.0943309873569057
0.075419793386781 0.0868741544322897 -0.0976356758196537 0.0593820355744517
0.0247465723347045 0.127200120912836 -0.0475779750002724 0.0111625875737372
-0.0251095514440812 0.154804521267696 0.0352335427427581 0.0215878498907738
-0.0570597091703123 0.12407745835981 -0.0469363676668515 -0.0814055403918858
-0.0432484732386302 0.137187302790852 0.0684385318972854 -0.064835115668101
0.0220813649111483 0.139677786765304 0.0851211348108764 -0.123599153353446
0.0765180074435023 0.110545518905367 0.0352795395350803 -0.143210076919537
0.096571230165264 0.0564206807419328 -0.00499613168362527 -0.107745213998583
0.0961702065682018 0.0150319212119654 -0.0192634336773709 -0.0719625666598489
0.0820256273030522 -0.0197057757506041 -0.0148078763967468 -0.0435984259142405
0.0663699252245601 -0.0255163670664031 -0.013635759582589 -0.020644218972221
0.0673923344108774 -0.0343956539096172 0.00154383129515622 0.0128240609968649
0.0900936418178476 -0.0163595532713588 0.00712595249634435 0.0501582745935442
0.0958516251822304 0.0165576152268614 -0.00386316782651345 0.0872741833364619
0.101076562003999 0.0596243744546049 -0.0573027382003403 0.0960356916216333
0.067248769631118 0.104097984403536 -0.0974602412767135 0.0521810195440059
0.00333437804634299 0.135117286704417 -0.0494252710149451 -0.0142689728939448
-0.0463150489714026 0.149283329734339 0.0505133043588203 -0.0224528316394988
-0.0611957205145955 0.103588951159301 -0.0162353287117378 -0.123518435690634
-0.0547855056580886 0.128586764149562 0.0759480492878387 -0.0987406217691731
0.0122549027609183 0.142892106294763 0.0843094081057961 -0.125813953828884
0.0742708271992609 0.115227247664925 0.042289092387515 -0.127458581423141
0.094320868573761 0.0570023791855645 0.0213477036304309 -0.0897998074229543
0.0914102745471793 0.0176841328049553 0.0162284263772001 -0.0679830385966053
0.0789973987513274 -0.0139601471590839 0.0180746148780194 -0.0476751557170275
0.0642058946395491 -0.0189988474500228 0.0168763844530915 -0.0264029215110879
0.0653740656170012 -0.0213367168738904 0.0308437950195632 0.0066190071351464
0.0823855011967105 -0.000631604495745749 0.0339532390641467 0.0474870294517257
0.0836857837987404 0.0321399811565845 0.0190516871199073 0.0884484464469935
0.081889920895551 0.0751803105097718 -0.0439363118167198 0.0949886210125002
0.0413577149161565 0.111431616198691 -0.0901038714746433 0.0422585530537839
-0.0268956344140013 0.124052696960534 -0.042041296083943 -0.0328167139909887
-0.065091842502303 0.121204218635577 0.06953265180414 -0.0559067867987522
-0.056096983307446 0.0629032729680333 0.00810242588820166 -0.152273886196749
-0.0575499205910159 0.0962306438619092 0.0714382891071411 -0.122176176960264
-5.76687668335475E-05 0.117261724958066 0.0788631353731896 -0.116695224228007
0.0553831977134704 0.0967469287091459 0.0511345165291659 -0.104216384774477
0.0717192962664668 0.0468219710882282 0.0489899975464901 -0.0731858703070366
0.0693831278200782 0.0190784099828537 0.0472381809369017 -0.066212619659336
0.062429190631856 -0.00602552293651209 0.0463222863322736 -0.0513857823455159
0.0521722708207628 -0.00963580657235836 0.043840395548714 -0.0286520367397502
0.0541950384547069 -0.00803180358830548 0.0576962944706825 0.00789005305005724
0.0643099683274084 0.0128318558080922 0.055820307758723 0.0523717067471677
0.0613384602649037 0.0409734574475348 0.0351300874315496 0.0950073453661771
0.0529714163170573 0.0790566097326297 -0.033067990668035 0.0945717915674303
0.00845887391311471 0.102533630142179 -0.0758075107481076 0.0353195092407956
-0.0548973091567638 0.094262832935048 -0.0250364687467538 -0.0388007135253819
-0.0754322479412062 0.0754860566942483 0.0900296117487196 -0.0725116149311929
-0.044750093863146 0.0106964714931561 0.0219453408726479 -0.161544006732149
-0.0538649246427067 0.0473137245546189 0.0591827689694446 -0.126272020162438
-0.0126727350907745 0.0721846983603667 0.075509537654438 -0.098443581305932
0.0264825692467869 0.0618153936656541 0.0635123038773194 -0.0838985295901803
0.0347800260344219 0.0307140465867292 0.0693913232458028 -0.0656991718326636
0.0353076115766524 0.0195248931513893 0.067405619414516 -0.0677212574074462
0.0365147625145387 0.0057397544260788 0.0640458615093027 -0.0519736728991548
0.0321703936399733 0.000575107115067391 0.0635857776420571 -0.0256664464513317
0.0343788911614949 0.00359366209149759 0.0766200550748777 0.0143563175257403
0.0383465902909655 0.0162703559105345 0.0707736558289399 0.0634571737459304
0.0355563999873884 0.0356741234741508 0.0435745832461731 0.105870611058752
0.0259250861224065 0.0648013085123618 -0.0241369008383098 0.0991793274621751
-0.0159859839106193 0.0769649196517024 -0.0580949360087147 0.0379449549144738
-0.0662886003591515 0.0531137499677109 -0.00875170573378281 -0.0300794422868747
-0.0695489453746217 0.0212869386272911 0.106202764771724 -0.072460788668205
0.0371841609962009 0.031133462222997 -0.11782632104271 0.076039777871066
0.0503671558872716 -0.0106485048369218 0.000252822375736631 0.0473017977730007
0.02764714914846 -0.0473476682548238 0.0596979757494294 -0.0372218437661842
-0.00866109506860298 -0.0372105257774837 0.0409425117881884 -0.107695993223307
-0.00836164782631494 -0.0217789809142216 -0.0317020727599841 -0.131569842946248
-0.00472553121803748 -0.0188180704866318 -0.0787252599021137 -0.0849066040595393
-0.00882906108292724 -0.0142795414595658 -0.0918164753570269 -0.0276312557724487
-0.00682418704425425 -0.0128465136817731 -0.0880362318062365 0.0147035257536469
-0.00529925862818283 -0.0197721549983337 -0.0781138469401194 0.0484038337215924
0.00601821118898678 -0.0245246369748578 -0.0831238776238587 0.0710485743733677
0.00920894409330977 -0.0194831534806445 -0.0881129908873989 0.0743257319122381
0.0145323391761175 -0.0250480629911412 -0.0928068663136235 0.070202013781593
0.0315588682624438 -0.0231110828434368 -0.0930476117235554 0.07615856559249
0.0453912121611587 0.0100231911713589 -0.0639631252169413 0.0878506642961094
0.0277872283974219 0.0401679178660058 -0.0223883101467623 0.13910394053586
0.00840070642718721 0.0728722893898568 -0.121066646923453 0.0451893510919597
0.0255372790399251 0.0355610963678225 0.00629514074692605 0.0246224339781628
0.0259362029911577 0.00240910310575857 0.0572674962498309 -0.0607303526370321
0.0097230912021308 0.00280500119858136 0.0331636673980672 -0.122443565973323
0.0181742076042008 0.00480359518261855 -0.0344132597532934 -0.134300180732489
0.0267446166251153 -0.00678241300492489 -0.0770701602967351 -0.0873971907742063
0.0218629317628417 -0.0165952551697957 -0.0877953725768022 -0.0343301388264615
0.0202319233127327 -0.0192662342444238 -0.0837414274826383 0.00564760133178186
0.0234370695995789 -0.0298285758157485 -0.0712871168449839 0.0421680982304204
0.0429728687011189 -0.0253930602847489 -0.072427083937059 0.0700212608600521
0.0467081168605228 -0.00558864486444537 -0.0803295731932434 0.0794463329792782
0.0486726701690375 0.00958436198010618 -0.0936198755141335 0.0739645387701693
0.0459546880132804 0.0256860960619865 -0.0956417332465009 0.0657180337038312
0.0354664091856833 0.0622082262856194 -0.0518716103384978 0.0645034087342972
0.00559782503936299 0.0943955335408201 -0.00499761915078369 0.111517814110343
-0.0223759663858836 0.104830776626801 -0.106873738181133 0.00680248374220473
-0.00415282747015307 0.0820211226798162 0.0269566817134312 0.000489314255141792
0.0221708961801613 0.0578647688088551 0.0687025873727359 -0.0863538058735611
0.0322012826187991 0.0480986010944717 0.031958899831932 -0.138864750239004
0.0490759971052667 0.0311378267221214 -0.0323314723342827 -0.132940553866715
0.0576691885153577 0.0056053310614739 -0.0666525894965672 -0.0855619646872275
0.0512488451545645 -0.0175456014022217 -0.0722212740403954 -0.0397767892641816
0.0436495309121032 -0.0233581977792966 -0.0683630698723193 -0.00413303458582559
0.0473699708534371 -0.0361510408414705 -0.0532632201912218 0.0326321718242178
0.0713865414157141 -0.0262139764583509 -0.0509229231923016 0.0663966640528681
0.0769085152620016 0.00237071208811604 -0.0601587943146902 0.0865820728178136
0.0800888341707132 0.033089173254051 -0.0874409424049929 0.0849831003239061
0.0627283550886207 0.0643170497387756 -0.100300357043481 0.0611847919431032
0.0291256042291166 0.102747822636211 -0.0489535959278789 0.0379939057104979
-0.0139474235640509 0.134574425067143 0.0138684311473961 0.0703371430429669
-0.0489337248306186 0.12279451543069 -0.0787400074531256 -0.0373470734379246
-0.0310052359371419 0.119573555902444 0.0528968494465997 -0.0279761328450992
0.0199034839241505 0.109864805110508 0.0836808743618732 -0.107608223380188
0.0566508282457903 0.0895987593399593 0.0362735089185553 -0.147595991935524
0.0778360670044579 0.0509881958397474 -0.0205035397898746 -0.125207648611438
0.0833336346095747 0.014805103997808 -0.0455780192571777 -0.0808114683238971
0.0728785430895207 -0.0169386215613781 -0.0462580952355789 -0.0432876175667924
0.0612539914245264 -0.0234025484316845 -0.043438484294362 -0.013413205148912
0.0630141056956313 -0.0363004625762908 -0.027800999378439 0.0218165672785585
0.0882525736058157 -0.0224643059073602 -0.0240059940908772 0.0586318515960376
0.0939611253328089 0.010044992578989 -0.0338075495188767 0.0896905652681697
0.0991110657866784 0.0500693878643922 -0.0754784597121239 0.0933195708735146
0.071217660902804 0.0916841610041935 -0.103401728250615 0.0574201390456579
0.0173043159921415 0.12902908472855 -0.05109800318265 0.00991916610420026
-0.0341394948596975 0.153287368226339 0.0317960845506097 0.0231852870809039
-0.064705136080791 0.121831844519105 -0.0443966413506083 -0.0834500826860974
-0.051712603299898 0.136526727189595 0.0732240145951218 -0.0619508268429362
0.0139637213331438 0.142058639779718 0.0921698397690495 -0.120591610258407
0.0710575793551655 0.116328448038866 0.0424956728795646 -0.143673661305134
0.0946881769564315 0.0625931993870271 -0.000301177331703927 -0.110569224855541
0.0960718765183978 0.0203591339186434 -0.0147492818072872 -0.0747669412309353
0.0839675358936601 -0.0141978495273072 -0.0132298985395833 -0.0462764872858318
0.0687127949225263 -0.0207198888979425 -0.0126257243041771 -0.0217356059490187
0.0698875841181447 -0.0290293420024081 0.00148342896182219 0.0125317708690091
0.0917135554110808 -0.0110586677770416 0.00482690431698035 0.0517080502427893
0.0956349691594025 0.0224060245298347 -0.00693881293404435 0.0897360435942529
0.0978721861970697 0.0666708215039244 -0.0612827853186586 0.0964327460653636
0.0625889472706659 0.109364817109271 -0.103158198328757 0.0499364748069116
-0.0050894360377107 0.135972370405298 -0.0515826166922829 -0.0156159369907997
-0.0551387816136853 0.147486882088667 0.0511736646184004 -0.0205559808929103
-0.0680395287291923 0.10101861121479 -0.00968624374086534 -0.124540143901494
-0.0625871425670956 0.127410875879231 0.0822222343350388 -0.094900728220032
0.00460355285068244 0.144624521774655 0.0918163813190277 -0.123134256449373
0.0685553149500716 0.12066618847041 0.0493382086760207 -0.127360051975139
0.0924123287682871 0.0626087904858874 0.0272671623413929 -0.0904784545898645
0.0914191092172953 0.0230734121736837 0.0207468334800103 -0.0689841012035612
0.0806842835890848 -0.00924526279674341 0.0207650131782915 -0.0490645005503829
0.0659340001581137 -0.0144534206484082 0.0187413094736907 -0.0263690736293523
0.0667490841819444 -0.0168179985164677 0.0314398931068765 0.00913119338687163
0.0836128001542212 0.00475300803361057 0.0312483790756207 0.0500594816058515
0.0826613720464947 0.0370841173870298 0.0153791544235015 0.0923524277792526
0.0779627923664933 0.0800123117566627 -0.0486084626963008 0.0968304223450646
0.0357247142152287 0.114871216004521 -0.0948596308350633 0.0411011750683274
-0.0351079250847495 0.123455607317459 -0.0425546432591055 -0.0335780308322599
-0.0724535571017268 0.118175068644431 0.0721091741117516 -0.0531899246555217
-0.0607581182772209 0.0613318246383567 0.0166719733100346 -0.152823173080415
-0.0640491964635019 0.0942925945827442 0.0787700747995367 -0.117872441545068
-0.00647453844937816 0.119043723835184 0.086351455689242 -0.114246885822838
0.0522181189582306 0.101240522068763 0.0569751008470417 -0.103363796735987
0.0703483235317739 0.0519468515951167 0.0532528437943921 -0.0720725362809924
0.0694009331832026 0.0229141851462559 0.0519393572987173 -0.0647131229118932
0.0632402596143936 -0.00168815039146676 0.049154203321103 -0.0500794648180174
0.0529106984116172 -0.00624847841815269 0.0464371021530293 -0.0265739019134388
0.0547429200500751 -0.00393499187966978 0.0575146295777411 0.0116228903246665
0.0637934796286206 0.0168742775692573 0.0538840938654814 0.0574931231820519
0.0599752402839051 0.0445065486466512 0.0308294978496646 0.0996288884460649
0.0489044429233139 0.0828538543961688 -0.0373988874316053 0.096473111246084
0.00291241202636995 0.104354830076475 -0.0794673051766717 0.034734826847218
-0.0612637268444684 0.0926542465100961 -0.0250880080101793 -0.0388000809224665
-0.080013915947167 0.0724396371480251 0.0947298741077716 -0.0687858648636427
-0.0461045132984833 0.00908197507257011 0.0319701671887149 -0.161279537760902
-0.0566487106610247 0.0454769508983159 0.0667407359755612 -0.122914282345111
-0.016259726415525 0.0722358248423513 0.0830419622345062 -0.0957896574044911
0.0245578386361879 0.0643901186877092 0.0689436714200687 -0.0819017060807677
0.0340261413689889 0.0334308085963123 0.0741289578748769 -0.0632371180753335
0.0348872995716034 0.0217597033942412 0.0720906622987959 -0.0655095993755074
0.0364805247271549 0.00813916019422971 0.0677847980732741 -0.0499486183367282
0.0319780766805272 0.00249357568285387 0.0660146794343269 -0.0222263354700836
0.034589675560244 0.00622141856573469 0.0764344424926856 0.0190286433594923
0.0375852812899163 0.0191040978456026 0.0681907723737614 0.0693769418321375
0.0343244861228797 0.0372940660991331 0.0384170437818541 0.11082633622509
0.0228714170674577 0.0670313977309964 -0.0291739265485362 0.100810453602814
-0.0205446537065658 0.0770701420043317 -0.0617108511977645 0.038088520729156
-0.0704543034334149 0.0512223262288233 -0.00776770551886769 -0.0301180323011678
-0.0709061724672274 0.018141637438444 0.111520057792978 -0.0676878294896223
0.0395204571425857 0.0331235483188411 -0.128656790249794 0.0755669306621792
0.0543003061751716 -0.00991019678857984 -0.00123972618128159 0.0494827830184341
0.0302398905126627 -0.0490471953014224 0.0660195404183649 -0.0371818888278812
-0.00801789928379007 -0.0394190395732218 0.0480973037366322 -0.113254588436874
-0.00802300351041681 -0.0230726395851372 -0.0278549334129036 -0.142115511483838
-0.00480665574242629 -0.0197619260944857 -0.079841840627084 -0.0954847418139191
-0.00848047524976391 -0.0154721623490433 -0.0955408903080207 -0.0338893439540193
-0.00618520607903126 -0.0138266815967845 -0.0940871482163535 0.0110410428530053
-0.00411603038677496 -0.0207721278526039 -0.0856396497475918 0.0478754152267185
0.00744155240589989 -0.0257079186463388 -0.0912543698115759 0.0721353518020739
0.0101478155147672 -0.020085993568888 -0.0956738675416235 0.0750350320970989
0.015916608958229 -0.0262781332688699 -0.102236286147728 0.0703144972858259
0.0346547904076173 -0.0232210235400092 -0.102431091833287 0.0769585206524193
0.0473227685405985 0.012343622157755 -0.0728889162535191 0.0893499735839402
0.0279444018684667 0.0430995668709553 -0.0315135664172581 0.144876841783679
0.00652285730759931 0.0760660937423185 -0.130697565721554 0.0431930451999936
0.0254045826022963 0.038923037371133 0.00658134636395725 0.026241880415633
0.0264991606938311 0.0030819620148395 0.0646920767166585 -0.0625483052731738
0.00922873835291127 0.00356850435033836 0.0403121493642557 -0.128893557284258
0.0189749414358864 0.00645795790885477 -0.0303004201763666 -0.145042996306124
0.0280311407753868 -0.00579653980297316 -0.077465243847815 -0.0979935958454014
0.0244118723272262 -0.0164552077931977 -0.0913261495898097 -0.041337091450134
0.0225179367618858 -0.0187122929008212 -0.0898324268782485 0.0021373104551027
0.0267047845661595 -0.0294397510408263 -0.0773380828237273 0.0415223255018783
0.046437808802472 -0.0246841047947951 -0.0798243454855246 0.071213692223763
0.049124338539487 -0.00296671499692958 -0.0875663547347673 0.0816183777546183
0.0501968274788847 0.0128154822213637 -0.102650501457646 0.075363578360377
0.04711919650734 0.0293492044330749 -0.105796349340784 0.0661710780097303
0.034423453646607 0.0659219441019573 -0.059973362853038 0.0664494328975377
0.00163747092128062 0.09943761685873 -0.0121848255359918 0.116644771650578
-0.0283862550732291 0.108018991237938 -0.114062601292916 0.00355810997879343
-0.00809801139222338 0.086091412791608 0.0295426033577519 0.00155518423843224
0.0203063875384082 0.0613722314462518 0.0768653510774084 -0.0888292491428945
0.0309793041102721 0.0519916292522683 0.0396717888267638 -0.145815505697578
0.0499207648571381 0.0346957114242743 -0.0283111695516976 -0.143703179124869
0.0600671506760568 0.0083590712078399 -0.0659787448025099 -0.0952821723228304
0.0555445046142075 -0.0157065244436338 -0.0750456955278216 -0.0464051879134052
0.0481203554248139 -0.0214954829880476 -0.0728265549663608 -0.00736329030385036
0.0518252538135337 -0.034354774046184 -0.0579951391401164 0.0319981916854184
0.0762741381668914 -0.0239619399825938 -0.0568170047783044 0.068624789433463
0.0805828573893548 0.00649806158250094 -0.0666327254035678 0.0897765856656843
0.0825822442744524 0.0387130494468488 -0.0954184507752642 0.0877514079580411
0.0629044319346671 0.0712550343641826 -0.110167341430881 0.0622126293664639
0.0253303405619595 0.10876369684934 -0.055798327515412 0.0385923849075373
-0.0210016812563192 0.141066272106396 0.00978466837795497 0.0737022791988099
-0.0571864819968025 0.126310866465798 -0.0829175165124923 -0.0410753566159758
-0.0386418922472255 0.124220831936139 0.0575562461196584 -0.026991538564405
0.0161145252730557 0.115412008193108 0.0932657290262718 -0.109650448637105
0.0555904538240539 0.0965076168603536 0.044106970670592 -0.155153752316602
0.0802765119960583 0.0573946686041181 -0.0170522664911816 -0.134763755549752
0.0866738623919195 0.0191990753799403 -0.044023892616987 -0.0890201981969207
0.0781626059741861 -0.0132526488398239 -0.0473582919580787 -0.0493549148202176
0.0659920514140232 -0.0214306279807196 -0.0458617609834852 -0.0171063480770424
0.0681562918173935 -0.0334681575191321 -0.0310296072897919 0.0213662109822882
0.0937259411165082 -0.0187639661119148 -0.027621410903287 0.0616165738262319
0.0986685979338582 0.0150285039800133 -0.0387700727745924 0.0944958657089666
0.101738255916285 0.0578137378905497 -0.0820489496730505 0.0971823417733231
0.0715909188516593 0.0998230874942678 -0.11335461111106 0.0588346756556312
0.0117622030608435 0.135716546333903 -0.057103636009971 0.0092971423783224
-0.0432080091348524 0.159281213472625 0.0304928160014609 0.0253002551542358
-0.0738520740707487 0.125917999394683 -0.0439061197620617 -0.0882036420642233
-0.0609141603016392 0.141659163082307 0.0802696884030784 -0.0615046488521087
0.00848046313116471 0.149542137139136 0.103552748528571 -0.123766755735164
0.0700491112875127 0.126104019334911 0.0506036133691484 -0.150575907108758
0.0975944665418539 0.0701597993719551 0.00473021157036815 -0.118035112955864
0.100288393604605 0.0257544280725081 -0.0113823158261657 -0.080608348554618
0.0893862716346201 -0.0099537135180087 -0.0126631674445552 -0.0512723455268229
0.0739450717903862 -0.0178385553600626 -0.0133187651535924 -0.0237496385321391
0.0745704665019289 -0.0260996367691671 0.00102688215105327 0.0138570861501456
0.0969350030761374 -0.00665419014198113 0.00329795702597881 0.0563391905635052
0.0997416235265334 0.0283748152065054 -0.0106642399721859 0.0966666991718115
0.0997888721661401 0.0751421904956888 -0.0679737841966653 0.101066821588355
0.0614039159209606 0.118136891829192 -0.112130647947498 0.0517133388468401
-0.0122089329216777 0.142840332801703 -0.0556041948779228 -0.0169882982627752
-0.0646818813416615 0.15208693573261 0.0528498747243257 -0.0198145273183276
-0.0771815652925463 0.103388413530898 -0.00557865167329495 -0.130240897177633
-0.0721497700932877 0.132064000789169 0.091276273999017 -0.0956523803188903
-0.00198974836091719 0.152560772968916 0.102693838309481 -0.12650636692729
0.0686925049656479 0.13078178832322 0.0569094018874115 -0.132987255701856
0.0954993120812168 0.0706714264041246 0.0324886616908573 -0.0955954295686248
0.0958609372653277 0.0284994195186244 0.0254476692875134 -0.0727630530177234
0.085264940132677 -0.0048237017559384 0.0235193206670197 -0.0519434351700977
0.0704931963363902 -0.0113754503534092 0.0202855715167359 -0.0270890449974187
0.0711452205574083 -0.0134137529024534 0.0328935855151673 0.0112890846868008
0.0873669276441648 0.00917766116792928 0.0318364386312691 0.0564424093378495
0.0856272503579785 0.0429961830042259 0.0134143736250121 0.0996786412208363
0.0784728929127899 0.088982729094883 -0.0541573811925507 0.102125923876691
0.0328457940982147 0.122760254339625 -0.102980008148975 0.0426678335551749
-0.0431372276883756 0.128135679744933 -0.0453671694705474 -0.0358395064459752
-0.0826366104313705 0.120795589519878 0.0771499632761216 -0.0529358855274007
-0.0671075772864124 0.0620152531471434 0.0245926278276093 -0.158825497227318
-0.0714874979297451 0.0974453960819233 0.0891587773213599 -0.119039827486615
-0.0111902483796645 0.125475655487085 0.0967033917752698 -0.117329689776357
0.0516906008529377 0.110319479106607 0.064548481515098 -0.107641109219572
0.07286123921367 0.0580003748343813 0.0603637681573696 -0.074595765337748
0.0730370991562448 0.0276005943410741 0.0578993899635468 -0.0673634809811548
0.0670492768165938 0.00156769658240981 0.0540282661551769 -0.0520571491690279
0.0563108834342304 -0.00347948491509116 0.0498363726095898 -0.0263073175052145
0.058045512448366 -0.000573472190545899 0.0608544024844259 0.0156210856609015
0.0658616801847081 0.0211532539719007 0.055325980071235 0.06451023278468
0.0612172334525417 0.0497881437336484 0.0286633881973277 0.108496986518136
0.0476112416931526 0.0894248641745237 -0.042961287178809 0.10307033475904
-0.00120610319297709 0.109698256155024 -0.0865669073210576 0.0364021861092636
-0.0694242736285439 0.0954374076634511 -0.0258952727133866 -0.0406146653396584
-0.0881006240232737 0.072053639956092 0.101493979571115 -0.0683790354401432
-0.0490687369969899 0.00799898356409974 0.0418330573912068 -0.167519500418338
-0.0621249671333487 0.0467407815334679 0.0771725853475492 -0.124627088139338
-0.0195499164910893 0.0763707161769596 0.0924445816638451 -0.0978038035172692
0.0247227386160863 0.0696159793182384 0.0763064325348581 -0.0845656864280349
0.035412866893344 0.0369962529150411 0.0816471792283919 -0.0644583099981586
0.0363098971961444 0.0244979674468204 0.0792262853153916 -0.0666437890989159
0.0382375388971651 0.0105261414886948 0.0734554428025855 -0.0503969078064333
0.0335978957116504 0.00454515123136777 0.0707294014514942 -0.0216266665085801
0.0354120885157399 0.00836657581868311 0.0804487177427776 0.0247501971077352
0.0383232239424909 0.0221880465762792 0.0694809652599778 0.0785094913874754
0.0346466908882909 0.0412349085595367 0.0364486239454704 0.120003373088933
0.0213779049592704 0.0714164873796422 -0.0347865842032486 0.107552664732632
-0.0243072405376635 0.0804983942637064 -0.0681964175896933 0.0399759096415452
-0.0769491786197296 0.0510905172135308 -0.00834042441849297 -0.0309554924297405
-0.0759789197760854 0.0170904704136893 0.120337915160923 -0.0668266218284497
0.0431069855030466 0.0343318824642356 -0.140578664442217 0.0815274125232946
0.0589533058499344 -0.0114359462304727 -0.000164198544230784 0.0533867275395132
0.0317923782738414 -0.0536064996762389 0.0738439822957669 -0.0417587001995353
-0.00892352072508272 -0.0426319826028881 0.0530154462177741 -0.124476459153994
-0.00918975584105421 -0.0252981480691762 -0.0302711467426204 -0.156445370779124
-0.0054950687309328 -0.0217229714311427 -0.0869522698727302 -0.105998884493247
-0.00826120714604922 -0.0162602961255868 -0.103567866583886 -0.0383401438621427
-0.00632796684177223 -0.0147332875583364 -0.103032676449443 0.0119357975400437
-0.00334014420984549 -0.0220799482266227 -0.0939877159234583 0.051507978806435
0.00772227878395869 -0.0275141389844421 -0.09892382894495 0.0792683039643577
0.0103996434524575 -0.0211380202648373 -0.103902927258927 0.0821542904842574
0.0171834943350539 -0.0286270006625274 -0.112010158345549 0.0765704042843081
0.0373167549180728 -0.0252896373791727 -0.112256553896902 0.0835804287724172
0.0513956957558891 0.0135281485312751 -0.0813082429005454 0.0962912258648719
0.0295133625377966 0.0474528253805637 -0.0363335010480556 0.156145078241259
0.00707372216990314 0.0804265094544013 -0.14291966718794 0.0471530919972609
0.0275307935967676 0.0409089159918301 0.00732647414274651 0.0274155207007428
0.0280861157017163 0.00246250313691034 0.0717063064061151 -0.0687249162375731
0.00955716641622192 0.00408645400006138 0.0442017005186836 -0.140788505940242
0.0208007444392095 0.00702059543094874 -0.0329576691631718 -0.158939092096086
0.0297630458069867 -0.00607987183942245 -0.0834932209403063 -0.108449613863443
0.0271159912819308 -0.0170490667109187 -0.0987249962530041 -0.0464213586793052
0.0250763445935451 -0.0193546452192265 -0.0986285994980415 0.00225876533097659
0.0297931863547688 -0.0307755919128994 -0.084937607766572 0.044898709461811
0.050699016712351 -0.0258783710906799 -0.087000327551971 0.0777662061019469
0.052860858400976 -0.00293580251280936 -0.0949381306169058 0.0888287929444916
0.0541026230176731 0.0140565308711976 -0.111911507835201 0.0829097865819565
0.0509253259812804 0.0318281920660556 -0.115574844314099 0.0736213775104689
0.0367292789515713 0.0716010339470493 -0.0678582430997419 0.0716908237837914
0.00175326461666612 0.106718186347102 -0.0159495770964884 0.125119892837472
-0.0311067806704878 0.115434439293831 -0.125003452081045 0.0046038426404794
-0.0091294953410801 0.09230007121735 0.0319825253060723 0.00165475249254312
0.0212500233339747 0.0654582585391532 0.084818366292301 -0.0974406623554417
0.0337369784665111 0.0560565140846951 0.0430302652108981 -0.159293714892096
0.0539775798277341 0.0380679698336051 -0.0307923393215977 -0.15725250691443
0.0645116179862169 0.00960246227274055 -0.0710889634221019 -0.105599605110365
0.0599450049945117 -0.015584153467213 -0.0812811429902092 -0.0518706793084908
0.052613391042789 -0.0217789896348938 -0.0795413085447013 -0.00823105589996141
0.0566324720643868 -0.0361166675317708 -0.0641104628544312 0.0350771675792206
0.0830278421017494 -0.0249746065481142 -0.0614810247280801 0.0744916564551377
0.0870986392676043 0.00771797804845872 -0.0717545133023444 0.0984470654744012
0.088349035542624 0.0432288115801843 -0.102899913107746 0.0958880004822524
0.0681436060993104 0.0772612366188798 -0.120820061090964 0.0696762578105005
0.0260528901999072 0.117605472127064 -0.0629331951772282 0.0419077469879152
-0.0231932185244147 0.151427878419034 0.00789224498526585 0.0794054492510079
-0.0622163673619733 0.135480737094242 -0.090732956849093 -0.0430416726303634
-0.0421539431011435 0.134776475334206 0.0627239587613384 -0.029604499633795
0.0156027408019864 0.124140297598449 0.10191187236054 -0.120062280234431
0.0595233510330878 0.104727025024568 0.0475854541441689 -0.16966250916274
0.0863714444514093 0.0622754101651457 -0.018221506259153 -0.148164434734755
0.0932586817380746 0.0215296846814395 -0.0474399677571872 -0.098382465919474
0.0846136909630881 -0.0133029709342525 -0.0521384877460288 -0.0545924727841362
0.0723929501094214 -0.0215734129358253 -0.0502049183009723 -0.0182630854428844
0.074398254656394 -0.0345815412456327 -0.0341394801240429 0.0238190069749251
0.101221839712046 -0.0194751424591825 -0.0298609483677737 0.06842030597323
0.106494056603402 0.0175368272224427 -0.0413885668252769 0.103847222009864
0.109135656061806 0.0632216893911685 -0.0886246936087718 0.107487931275049
0.0775275499064998 0.10868895609781 -0.124049445853979 0.0669493129527918
0.0112857217136165 0.14683341687787 -0.0639209160024346 0.011171928196988
-0.0474921945755016 0.171532592476598 0.0311769560624211 0.0266475396321026
-0.0805201600774216 0.134810929917358 -0.047374322698044 -0.0936752350075647
-0.0666830021102409 0.153933134220919 0.0880924239060262 -0.0654452772959143
0.00821143356474263 0.16130577361758 0.112512557407971 -0.134240724484242
0.0758548487906197 0.136341163595283 0.0547206495613472 -0.164086029217355
0.105360332138494 0.0763130434402534 0.00514717468673238 -0.129511268136999
0.108553938255098 0.0287107463948539 -0.0120265304238019 -0.089011208373708
0.0966309278395535 -0.00932685688425296 -0.0147294465182945 -0.0564987409926155
0.0802811536624585 -0.0176871942006232 -0.0150086842734552 -0.0259957684412588
0.0815574709902673 -0.0263095950520946 0.000228254460566155 0.0154860191513562
0.105370808354722 -0.00610736754239675 0.00370746602455137 0.0625532175081549
0.108033998216048 0.0309679427052161 -0.0108562814591376 0.106523278278338
0.107837309278738 0.0823064375323904 -0.0725497883458248 0.112416587633736
0.0658853037796924 0.128211361908181 -0.122789632380218 0.0594168979489393
-0.0146583501418592 0.153612316614459 -0.0621225127100354 -0.0169035213395654
-0.0711104865259874 0.164209448756609 0.0555380455510383 -0.0213667501426905
-0.0838921057608525 0.111414568159242 -0.00521191704416943 -0.139014364545147
-0.0789419815118494 0.143278399320628 0.100085716852603 -0.101429470846226
-0.00270587521438577 0.165306210349975 0.112484449352465 -0.137195211823651
0.0741664898005073 0.142153609432437 0.0617133724009728 -0.145295774803003
0.103324892124142 0.0766219282035345 0.0357689408530565 -0.104616468333794
0.104092636017592 0.0314275386368955 0.0284151172252033 -0.0797699640687616
0.0924768056885235 -0.00424598630691831 0.0248168295699033 -0.0573146219312194
0.0761638772189441 -0.0110246507491366 0.0215258134759139 -0.0294753162157671
0.0774156916059187 -0.0124739170499832 0.0355438386519863 0.0126881200744751
0.0945291993615726 0.0110196000494608 0.0356060703768789 0.0629572000202918
0.0920700438336695 0.0470690101659626 0.0151940319182181 0.110096244198942
0.0851980061981243 0.0967863429317497 -0.0578208361314187 0.112840439230362
0.035025218882435 0.133237788072021 -0.112449255182761 0.0491208728287288
-0.0481857808883355 0.139117852620579 -0.0507718723873194 -0.0369133913216974
-0.0894726124030291 0.130510018663611 0.0823326737767848 -0.057401552197571
-0.0730645115308917 0.067408100698 0.0277201168714742 -0.170171429723763
-0.0782086010164194 0.106041903260547 0.0978509778200864 -0.127175738981695
-0.0126224842119704 0.136241426067867 0.105531785840893 -0.126452059073533
0.0566376548777579 0.11939254009026 0.069767610677817 -0.117133184466466
0.0791706162342599 0.0633527350466491 0.065708072940812 -0.0819510587950034
0.0791502253554242 0.0298803524972757 0.0635730351705965 -0.0738529729181342
0.0725326142310425 0.00301935675376676 0.0581243342379548 -0.0569196419378728
0.0608320377643286 -0.00295679955762533 0.0537071077284927 -0.0288352605500162
0.0622245568936925 0.000468161446055138 0.0661746887178745 0.018014667076513
0.071244181257014 0.0237183963248279 0.0606361264091004 0.0720167262993184
0.0657211185901746 0.0542381967755852 0.0320444805858389 0.119293702212979
0.0517158887052313 0.0971459153539004 -0.0462536727499227 0.113168651618745
-0.00108806611907651 0.119213575365563 -0.0948062741976317 0.0424903317861598
-0.0766181415285228 0.103634735885011 -0.0291831389813484 -0.0429477806233802
-0.0953064558459532 0.0782375994070751 0.109634977135628 -0.0747079167076406
-0.0540920243123675 0.00911831007865838 0.0472418219285818 -0.180062821900294
-0.0674096841400401 0.0509336594660473 0.0858110430281835 -0.132911255118644
-0.0209660349635248 0.0831810397015724 0.100983605999663 -0.106037691860019
0.0281892351540008 0.0761381567316504 0.0829399983019826 -0.0919785823940911
0.0387284104182536 0.0400502542643857 0.0899553223928188 -0.0708026566955684
0.0401740372034464 0.026657470235747 0.0864353290038995 -0.0730272724408844
0.0414932507864348 0.0120650988864317 0.079838992896943 -0.0552278758137525
0.0356525473242831 0.00522686644939327 0.0759506653942539 -0.0230666654694829
0.0387016393769198 0.00974949794582274 0.0874117881103923 0.02839058137833
0.0409694542218731 0.0241522384677016 0.0758841213200925 0.0868543049294464
0.0372518567090532 0.0444195536929195 0.039690076605016 0.131355760859554
0.0236103939174067 0.0774567040990156 -0.0375941511416981 0.118351512468447
-0.0264021610922964 0.0871521940133026 -0.0749573641718082 0.0459371248454135
-0.0840224203146098 0.0558209837372205 -0.00930264511331632 -0.0321517414056131
-0.0823258650377552 0.0188897197889072 0.129879895481134 -0.0726530084939901
0.0377578557919147 0.0468443263406603 -0.161465373672443 0.0603252383824536
0.0645075696702175 -0.000844282145365919 -0.00682309588883671 0.0560359976457907
0.0430304781214092 -0.0509486566530143 0.0900885873867716 -0.0356219457511784
-0.00395899342983623 -0.046550990737089 0.0812239144792836 -0.127757460588638
-0.00821108859023678 -0.02801876503566 -0.00601341040904948 -0.17517746082718
-0.00352365511072826 -0.0237520073064476 -0.0737998076756606 -0.132234026092171
-0.00567289859084757 -0.018494570652666 -0.103669461650819 -0.0621769952174413
-0.0029384469582068 -0.015635064038686 -0.113208185652899 -0.00682986902324471
0.00155732692921711 -0.0237609929465453 -0.110642274666461 0.0390682747880189
0.0131379193902102 -0.026764669610531 -0.119389005540709 0.0683177272677976
0.0144028790796199 -0.0193889031989459 -0.125350071774722 0.0700202664320385
0.0211724710682345 -0.0270258541249651 -0.133847809822325 0.0627842278769729
0.04356325125294 -0.018918892206135 -0.135949505906304 0.0699663536246029
0.0503816294958125 0.0255977754644459 -0.107406819258718 0.0846803780012267
0.0226510005220114 0.0602003260794338 -0.072555335378993 0.153606625594427
-0.01033552615012 0.0865421466517125 -0.159252888689424 0.0259348294551147
0.0211442803900172 0.0471518397842229 0.00466819881735176 0.0312489841298085
0.0270991018853538 0.00554775884000554 0.0915299828160107 -0.0606739899913585
0.0060268666186608 0.00407180542859052 0.0747186253526187 -0.143071859462495
0.0162921849769409 0.0113147250701827 -0.00615615006359829 -0.176925104007227
0.0299550594777547 -0.000530777542580159 -0.0688118428127301 -0.133178665862175
0.0315755545690907 -0.0122974382873399 -0.0965988916004294 -0.0698218342862059
0.0310894050260286 -0.0133265630533625 -0.106614535385941 -0.0163992637019385
0.0384157801792089 -0.0250539091448033 -0.100390279647771 0.0334326942529234
0.0580165438452352 -0.0159031232466503 -0.107129464462185 0.0705812818933889
0.0553098832498003 0.0103283762795804 -0.11810516787487 0.0785628451571439
0.052066224392742 0.0263598912891329 -0.13743692697138 0.0686415428609965
0.0444441428490652 0.0448523238304805 -0.138266867341575 0.0572223599167034
0.0218475035400551 0.0839368488265959 -0.0877768775564952 0.0589143971972749
-0.0223408318316671 0.117976939203483 -0.0416599641062542 0.123033584405305
-0.0581142413889368 0.113780520761456 -0.133506176227084 -0.0135478567861368
-0.0273472724724008 0.0928258758232607 0.0339192081159343 0.00976849575158071
0.00680675302507822 0.0685640764260793 0.109764946574105 -0.0837002623514151
0.0200501821043752 0.0620959859532302 0.0762306345197004 -0.158492882798394
0.0448985043739829 0.0503427496937927 -0.0011006840765311 -0.172994403284435
0.0636137341525195 0.0232098421621787 -0.0551935267927468 -0.127212423667614
0.0656809290599847 -0.00334924698846176 -0.0764307517843135 -0.0709614595761678
0.060858346058782 -0.00983822806899996 -0.0848754745454778 -0.0241104899557025
0.0674724487737427 -0.0249397108372763 -0.0758708959871637 0.0271554486178363
0.0923855403153051 -0.00789079640550943 -0.079531233779637 0.071830517164403
0.0896853257726481 0.0302691484221627 -0.0961242570036107 0.0924713168776397
0.0829536578378202 0.0647569892931067 -0.132392539828471 0.083987755701859
0.0527881884286731 0.0974204388572102 -0.143408585840975 0.052390366717483
0.00055526430506006 0.130259249439785 -0.0775766968703552 0.0278322385386117
-0.0595451113022254 0.160557662004544 -0.00496368165023229 0.077345734518235
-0.0947490397894502 0.127154159166314 -0.0901099627560851 -0.0552591288021717
-0.0705953380164581 0.129374284503539 0.0710964341934457 -0.0153140481063234
-0.010219776154407 0.128286228170895 0.130549892513702 -0.100135592435393
0.0389879576385132 0.116290136562648 0.0829490624967206 -0.164804786844428
0.0741500279353761 0.0817307258127923 0.0119773880704721 -0.159142936781939
0.092345154814618 0.0413663946733035 -0.0300558562588556 -0.114392541403098
0.0914582458825931 0.0034551839190009 -0.0439701746912819 -0.0680993544913396
0.0809362011115007 -0.00490045390835882 -0.0519386824847101 -0.0289653282065535
0.0856338686171615 -0.0192627758244516 -0.0419341615593252 0.021259534620774
0.111143595800298 0.00195625427419932 -0.0452105917506521 0.0709227705809015
0.108802537864416 0.0444354492090854 -0.06541006188202 0.10340202423207
0.101162702707953 0.091349950487081 -0.12003583253457 0.0979685441274941
0.0547893595407363 0.132018950171201 -0.146329859725524 0.0484936252253421
-0.0216007287856251 0.157616924109509 -0.07179696693936 -0.00579050499025725
-0.0899587971702095 0.175998106950679 0.0319850832488357 0.0264003747138168
-0.114638750935656 0.121894871074164 -0.0363185440118477 -0.100479202616928
-0.0994455568075428 0.14431522035127 0.103404826311315 -0.0473161406669054
-0.025912733413625 0.164929094012378 0.14409089652506 -0.112286862419603
0.049698559100839 0.152228712359212 0.0896818672355956 -0.155332812433875
0.0921871901523256 0.0993854435151127 0.0353542316756522 -0.13434958955633
0.107624681883223 0.0523783034490667 0.00606845421655676 -0.0975383123389918
0.10329576400281 0.0104703554894117 -0.00338716630687009 -0.0626047370649772
0.0887340522255784 0.00124258999080113 -0.0124181325435763 -0.0299552134925738
0.0911779892207765 -0.00868048577925237 -0.0039788430837296 0.0192464066670825
0.11264221599109 0.0168859052633903 -0.00771759184278755 0.070632309851197
0.106866983733224 0.0602498588201518 -0.032803980959245 0.111319690724132
0.0958669692684249 0.110788442228649 -0.103799930760871 0.105412233008106
0.0384093900725996 0.150216146527396 -0.142422383350182 0.0411083013230257
-0.0510424526995885 0.159535029098363 -0.062601169762083 -0.0349465524557818
-0.11398569522323 0.161868186466611 0.0691783901389441 -0.0191158603903779
-0.113131839826601 0.0965669271112183 0.018019001480379 -0.140332684036489
-0.111030308064847 0.131283239069509 0.122775066760365 -0.0830239109353143
-0.0370446991691921 0.16794429825808 0.142820548506544 -0.114420475554516
0.048640528735133 0.15853639140131 0.0936755944831407 -0.133353423746469
0.0908660832574522 0.0992644411858855 0.0632550727116238 -0.102551891142746
0.102269807134044 0.0531015167569435 0.0470489008512444 -0.0808481885818702
0.0979247938270837 0.0148481134507721 0.0388309437989856 -0.0558783419990041
0.0828587798827936 0.00665041998254584 0.0275258839802359 -0.0273339873263544
0.0843892753331687 0.00413512347553321 0.0335588503589973 0.0220645181333355
0.0977439809643643 0.0322057380832207 0.025704164363956 0.0768307140860723
0.0873408115395408 0.0731941937624344 -0.00554787076365187 0.118973076103146
0.0696408560264119 0.12159341067039 -0.0880281671632453 0.10765513600116
0.00485684809460541 0.148539588638611 -0.129947931973283 0.0323125134677737
-0.0828800581897686 0.136173349316002 -0.0447747951258535 -0.0526214483078743
-0.125684045495314 0.121317004676477 0.10573625026515 -0.0494644280668209
-0.0931230518846281 0.0520525573668868 0.05875755658359 -0.168777657165368
-0.102515948820947 0.0932788143768527 0.125807582746375 -0.111688767342518
-0.0413961298331768 0.136391622326446 0.133500058356749 -0.10640994855225
0.035675574570519 0.131819333531107 0.0965296002014068 -0.103556806382424
0.0687324753034056 0.079918085473008 0.0905524022150458 -0.0740607258496392
0.0771803623651187 0.0467804602400128 0.0833494781409704 -0.0675643143671921
0.0765774583906596 0.0180685325088503 0.0737030130447144 -0.049904574071916
0.064621688801061 0.0110012261562142 0.0621675998932697 -0.0197141922065284
0.0658562094444407 0.0142120977676982 0.0659288098373627 0.032762798396933
0.070518625398504 0.040884238789674 0.0510157766223895 0.0904446009393404
0.0576978845283864 0.0746604511977982 0.0108004438504043 0.131600617792325
0.0346873694153793 0.115131512129879 -0.0746119769111314 0.109790858716658
-0.0299245308099217 0.125294718672271 -0.109398274652808 0.0284853176322336
-0.10478213241304 0.0933188360254573 -0.0206081675445785 -0.0535496616872564
-0.121029820762406 0.0632701812536818 0.137380969858464 -0.0587093831388712
-0.0604982477627014 -0.00471171145723951 0.0823343163916577 -0.17781067707377
-0.0808004128982137 0.0388499744147145 0.114600980432644 -0.12136441927356
-0.0385475039313891 0.0799145278632626 0.125270751858379 -0.088347094437676
0.0150827098435993 0.0816878174201001 0.105559365011346 -0.0779427915041642
0.0317366483408496 0.0470183225479718 0.111475230616012 -0.0582050343410087
0.0369535311343776 0.0347482627153287 0.106322098454448 -0.0627700161715842
0.0412730923051444 0.020353386056692 0.0959085664300615 -0.0442463074245609
0.036730405055932 0.0135040695664416 0.0855970077929887 -0.0106276652311424
0.0383843910332511 0.0186127362048819 0.08733993880605 0.0469505594773158
0.0380995729096288 0.0348945130276058 0.0655109886422688 0.108202701264053
0.0300226720613968 0.0568748358478727 0.0172452085532372 0.146712765853654
0.00912291861470743 0.0876526317993845 -0.0643081681620431 0.116772539247475
-0.048952757373481 0.0862155909925607 -0.0867972538673052 0.0364793834338244
-0.101796082209798 0.0417444455304151 -0.000461732840906232 -0.0365326601222368
-0.0925923805123433 0.00136026057039935 0.15728775160547 -0.0491606856482753
0.042423661101188 0.0438506420498246 -0.162924537797592 0.0742117057180227
0.0664765762670347 -0.00637411580203271 -0.0021840270740669 0.0571350857005649
0.0394786802346277 -0.0560133557282661 0.0917086403743495 -0.0449958603857155
-0.00812410761486563 -0.0479709405240025 0.0754424145595992 -0.13942440681735
-0.0107777004693148 -0.0279237370058105 -0.0190001283815777 -0.182660845513311
-0.00607483295641703 -0.0238992699371914 -0.0862063940287418 -0.133968517350666
-0.00636482933989679 -0.018769737582081 -0.111517001422893 -0.0582297600719888
-0.00323528527373672 -0.0154776160287498 -0.117551954690885 0.000963891271540197
0.000632707777227606 -0.0242423745983152 -0.112453882888536 0.0490303032330248
0.0113343275327739 -0.0281187891952287 -0.118161450611153 0.0794003373510599
0.013153298979755 -0.0204741686095261 -0.12492714218833 0.0811610869152162
0.0186982784070115 -0.0294845482754047 -0.134635118370739 0.0758789028498865
0.0433213475777557 -0.0230862367786883 -0.136003726930086 0.0827253174038498
0.0537279287976047 0.0227064276206383 -0.10686046300312 0.0938274596836242
0.0284127112615245 0.0601121530811155 -0.0665095452789687 0.161418023726768
-0.00462791697837806 0.0877702812957893 -0.163429266081577 0.0388635784250001
0.0248706370098059 0.0465019108682244 0.00715947377003044 0.0313817344644437
0.0270943315089067 0.00341030190127905 0.0913399376014172 -0.0706795003593575
0.00587969871645225 0.00394134272192981 0.0670805273302943 -0.154641371371193
0.0172271016400145 0.0106531470821461 -0.019829137368109 -0.184381224708551
0.0303079679782597 -0.00178792641916478 -0.080836763803145 -0.135096117788865
0.0321694615100505 -0.0139272317484649 -0.104632836481276 -0.0661200418182822
0.031937532628292 -0.0154078025663292 -0.111825322358341 -0.00910668288034876
0.0386244355993601 -0.0283192885396487 -0.101902211394383 0.0427448969428661
0.0587707750541729 -0.0199524162645949 -0.10504588048491 0.0808584886941578
0.0577844350012397 0.00785460989263735 -0.116570114923095 0.0904378077631477
0.0545577800363213 0.0239185005424052 -0.137976305765821 0.0818011158821107
0.0487214169305026 0.0427805943996584 -0.139360694240293 0.07046264032781
0.0277037915935816 0.084659072121972 -0.0891943655276584 0.0672416583116629
-0.0138607567634623 0.122616106577471 -0.0372064723173556 0.128483696033551
-0.0520559370724725 0.120024191520174 -0.140100080076768 -0.00270952691537353
-0.0220449016427269 0.0972144950577484 0.0364788785269859 0.00725702332333476
0.0113279752965705 0.0697032701067619 0.107840112130568 -0.0956096697240618
0.024916047820374 0.0626586911843058 0.0673295223272923 -0.170400702471709
0.0494199253392436 0.0487305934774049 -0.0144098278290963 -0.18030670625038
0.0663714667754792 0.0198189282087382 -0.0654665112167267 -0.129853964341401
0.0679064285332732 -0.00806469852077851 -0.0844654750442469 -0.0691466227093323
0.0627433369990712 -0.013288765535284 -0.0899207297189755 -0.0181561301502262
0.0692146856823766 -0.0288426803554124 -0.077456968196833 0.0347333159097093
0.0946993616085684 -0.014289184624312 -0.0770439269142585 0.081263933286281
0.0945906684385229 0.0252814972441953 -0.0928002532130135 0.103863860085984
0.0897495594295868 0.0614963937933999 -0.131255282272594 0.0976457649790547
0.0605982986839873 0.0957210800487972 -0.145593723252045 0.0672051369682806
0.0080217364752591 0.133696227139006 -0.0798387833317386 0.0347664952495704
-0.0496452541509821 0.168243847042552 -0.0023899076696755 0.0793381348129742
-0.089803647618646 0.13652446413947 -0.0972025777283979 -0.0490590208218285
-0.0640033890876199 0.137723827891113 0.0725593523317127 -0.020158764736858
-0.00235565183451436 0.132438423007 0.1284448906471 -0.114161764460827
0.0478937959088857 0.117672789447344 0.0736492629441717 -0.176569798453206
0.0819579926656844 0.079345397810721 0.000349896117256566 -0.167349790785458
0.0974088107883416 0.0367548187964372 -0.0387222299816233 -0.118108640618469
0.0949984392448473 -0.00155813291074121 -0.0507567702800451 -0.0685873790590492
0.0840623091427835 -0.00936793513616497 -0.0566134757711239 -0.0257163170708824
0.0883210550699105 -0.0247307017235531 -0.0429660336011965 0.0259143059360451
0.115253423424303 -0.00479581157936764 -0.040871367322096 0.0781297685410534
0.115086053711495 0.0392844591870474 -0.0590834805711208 0.113776618663503
0.111008023797621 0.0879982655845623 -0.115915809815083 0.112127877408143
0.0653163276257704 0.132116253564589 -0.148566409798176 0.0637188015844585
-0.013145135545187 0.163937940645597 -0.0760187532957518 0.000739129101581075
-0.0803830492473951 0.186746690141323 0.0325461824955842 0.0244645149239864
-0.109913611126691 0.132555416154907 -0.043813217048854 -0.0988079999309451
-0.0929824149147656 0.155364146324615 0.104203013902003 -0.0553940156270971
-0.0156187925291813 0.171780176192586 0.142163277704575 -0.125746731969489
0.0618529776021963 0.153313453330425 0.0808649960811905 -0.167026188088254
0.101715480985796 0.0961297315141123 0.0260817572121722 -0.143125380172825
0.113628720990116 0.0465955496712066 0.000191402279101245 -0.103594543565354
0.108181284466869 0.0041792288650359 -0.00871188994153014 -0.0656037630441804
0.0920922509880575 -0.00395399783076291 -0.0157586395001199 -0.0298243141438179
0.0943099404068331 -0.0138581918212905 -0.00285871504860953 0.0208324714348655
0.117176309801473 0.0101793341447646 -0.00281773411332009 0.0755542360433238
0.114012355458483 0.0552273427576419 -0.0257994212056385 0.118952009689311
0.106963466658269 0.10842649353517 -0.0998889173967067 0.118212755331634
0.0495854444230902 0.151751773513866 -0.144734116967702 0.0568716244164769
-0.0428094331075432 0.167787542151095 -0.0692040137029517 -0.0299965468633057
-0.106262243661813 0.174067242711977 0.0682032700755757 -0.0246144309237711
-0.110953068729396 0.10637858710968 0.00859685304112448 -0.144511742187256
-0.105290437688489 0.143141355248007 0.122531435698779 -0.0928993850658405
-0.026785902970109 0.175793292368299 0.140216652796836 -0.128210218333355
0.0619746372049676 0.160262787675367 0.0861636672709591 -0.144199705792274
0.101020408680759 0.0959138761426439 0.0581200815377919 -0.112393958826223
0.109455753913745 0.0482184650645309 0.043006251754087 -0.0881421188673281
0.102501777545948 0.00897365391676485 0.0352107707979442 -0.0608958264814498
0.0863974261349364 0.00190144792222641 0.0258934423677991 -0.0294098430154516
0.0878462494745866 -0.000763564701645055 0.0364315707301295 0.0218682768972657
0.102629922273509 0.0276357422058594 0.0329609970815034 0.0792102841647089
0.0949597589100795 0.0700878103574281 0.00282372272381409 0.125510884668247
0.0806600997900748 0.120445575265271 -0.0826631346790537 0.120158144898652
0.0154783573360657 0.152253551016327 -0.131910916904709 0.0470188578425957
-0.0780747551880246 0.147290281791905 -0.0514442864012645 -0.0495063291084181
-0.121272036573618 0.133232727867585 0.10422359626476 -0.058666979173679
-0.0927414004124954 0.0597853100529984 0.0505495739337244 -0.176512479196054
-0.0996230917499089 0.104084957059253 0.124376195588462 -0.12196278171059
-0.0331785226901584 0.143653429851874 0.132135889060138 -0.118872305616276
0.0475169257653922 0.133947567572193 0.0916833982220234 -0.11328480166264
0.0770621571031878 0.0775696861922719 0.0886222417260032 -0.0843393287818781
0.0835451914925383 0.0430515725812374 0.0815596024616807 -0.0771508028774334
0.079841348148855 0.0138563492155296 0.0722411257730329 -0.0568286166797618
0.0674066882342956 0.00752173854631287 0.0616497651519804 -0.0245692349911547
0.0692863668768202 0.0105778522460076 0.0703135648640551 0.0306125152739646
0.0752225009608366 0.0379030332221884 0.0605748157875624 0.0918651194047553
0.064908572732131 0.0725701019236283 0.0202098786922564 0.13703132408218
0.0443251858253864 0.116688916568582 -0.0686992264146589 0.121254355030713
-0.0221138271836373 0.131085562885403 -0.110277702022282 0.0409349986783471
-0.102333230812269 0.104141490795387 -0.0259851984536158 -0.0523435489707721
-0.119269733350416 0.0735464348243085 0.136640237397627 -0.0708416115395354
-0.0630009356607046 -0.000177503343080722 0.0750876970009164 -0.188203185338178
-0.0802322474945099 0.0462815418745926 0.111663360932002 -0.131475078065331
-0.034363089680008 0.0861313851682701 0.124635642437451 -0.100403774422408
0.0234244811353529 0.0828978549864753 0.102963686163678 -0.0886460933015817
0.0367267289939359 0.0463954989499344 0.111479837570689 -0.0698329622181123
0.0409506929729249 0.0332151660699981 0.105936276578353 -0.0730863036515799
0.045140463738516 0.0185492789752963 0.0959323738590148 -0.0529229492634183
0.0383488495141228 0.0117451678000787 0.0867526720385404 -0.0163187055246254
0.0407656152911849 0.0168021153872786 0.0936513543624405 0.0435163594682246
0.0412782558343348 0.0335747296141416 0.0761556202472013 0.108866049641
0.0347515405417667 0.0567070385236149 0.0277534996920122 0.151591720269735
0.0163611472455344 0.0893293865439982 -0.0588823830607432 0.127498862817056
-0.044142716602673 0.091752492856647 -0.0882234323577942 0.0462727867295513
-0.102389446898759 0.0510662672189119 -0.00390621150640462 -0.0368439206908836
-0.0945498362320745 0.00892860957722881 0.158140837413459 -0.0624410538185198
0.044338543123635 0.0401784218252906 -0.158738320984201 0.082760936852893
0.0655635316468612 -0.0101266365376283 0.00131371920586558 0.0560326824657895
0.0354317405215773 -0.0578273280974718 0.0902275825923662 -0.051229429309307
-0.0109253744075166 -0.0468702809438455 0.0683897281841139 -0.144307334960213
-0.0124446091900593 -0.0268839830000063 -0.0297098112233902 -0.182147811086729
-0.00764914993533922 -0.0225536362992364 -0.0940986869701024 -0.131145496052726
-0.00656139690025506 -0.0186199166912328 -0.114316836651807 -0.0536765285214392
-0.00319239695024926 -0.0149597464735922 -0.11778355973418 0.00694989877805259
4.26221763160381E-06 -0.0242680983317394 -0.110190107355558 0.055493094554802
0.0102879767132751 -0.0281841793893918 -0.113213527431371 0.0858071218883974
0.0117139838470073 -0.0200883444581255 -0.120164403923523 0.088140806392944
0.016944258929817 -0.0306553540321531 -0.131926733064759 0.0836217663172484
0.0412085825453785 -0.0260035128275056 -0.131972479311427 0.0897611714564569
0.0548380426179621 0.020046523600777 -0.103451667253421 0.0977971266934355
0.0316000468164285 0.0578605930605339 -0.060414133591781 0.163636968075623
-0.000744954152833861 0.086059676664596 -0.16115479197038 0.0479200853874538
0.0265443465851726 0.0442924725744297 0.00906920908349241 0.0299556199391991
0.0258494266827947 0.00171458979899328 0.0882807186258864 -0.0763365637450114
0.00503434747249478 0.00376319898858565 0.0592161998225582 -0.158610284334814
0.0173774610618644 0.0102731142102723 -0.0295321006509926 -0.184073035000655
0.029366307859275 -0.00260373230492093 -0.0881766951706024 -0.132865371642511
0.0316854470733059 -0.0156869204869069 -0.108592920511217 -0.0615861421962477
0.0323697751264232 -0.0164815195358818 -0.112177709368928 -0.00292442750511282
0.037505940839455 -0.0297118480840773 -0.0999954393582573 0.0485423298910912
0.0569659060336991 -0.022454967252363 -0.100083950634481 0.0870720950110745
0.057814143140768 0.00566473714438762 -0.111619615642299 0.0972174558531037
0.0548135757467624 0.0216691814672139 -0.133525303994089 0.0902772046436187
0.0503942680259136 0.0394048984409323 -0.136328832384767 0.0791056244936269
0.0315670457581501 0.0825599364292186 -0.0872116420454236 0.0709218316158328
-0.00735631250793939 0.121532889328937 -0.0337533479460668 0.12883002029013
-0.0467312249052361 0.120225745282615 -0.139089307823035 0.00565593844075515
-0.017957344001265 0.0968703413582021 0.0364061116655456 0.00476577445844304
0.0138793223342938 0.0681766582562211 0.103041203903066 -0.102003210495982
0.0271295174322158 0.0610829145300065 0.0580873956347618 -0.173000445068061
0.0511928061187866 0.0460544213638166 -0.0247357648739772 -0.180101784738175
0.0667625687038753 0.0174965725970341 -0.0728486422346102 -0.127997373850408
0.0676730494781647 -0.0107797119191166 -0.0887892945035359 -0.0659107615833925
0.0627211848680687 -0.0152861695511525 -0.0912895975762014 -0.0125637341163354
0.068473467387905 -0.0315409431160824 -0.0760178555448863 0.0397995949132541
0.0941530766578813 -0.0182523404904557 -0.0722303258734955 0.0859935235123218
0.0951255040312373 0.0216834137230176 -0.0862332215481119 0.109842088704826
0.0914593885229369 0.0573424236363104 -0.12481219910627 0.10625200773672
0.0649195555583301 0.0921804232784051 -0.141376119183553 0.0763434998406389
0.0139471315614636 0.132329872173056 -0.0795589726644685 0.0393156725431854
-0.0408118346130603 0.168274567695299 -0.00152715506411999 0.0783584941834797
-0.0836317761675176 0.139085977697465 -0.0988276091985141 -0.0423248087863246
-0.0570011050082866 0.13964915198396 0.0718964423278356 -0.0239103649018307
0.00336301668658208 0.13099316276883 0.122961827402752 -0.121212893337254
0.0528932690117408 0.114120348257475 0.0643642431445637 -0.179682972932089
0.0848404780779812 0.0744839282088742 -0.00934198046212863 -0.168149269422967
0.0982903095372671 0.0323235568903008 -0.0447804266971998 -0.117824400864931
0.0952231485998769 -0.00561977921583499 -0.0555686748115003 -0.0664061238006736
0.0837806221991474 -0.0125834930175128 -0.057950963014302 -0.0214492980679784
0.0870856480077771 -0.0276394957937251 -0.0418135976122772 0.029635755553097
0.114391278976782 -0.0103136398009026 -0.0359386248219584 0.080768095554622
0.116558246251203 0.0340132849215061 -0.0528996507282775 0.117659714408199
0.114388311507161 0.082832960928923 -0.110057232879258 0.119226522121221
0.071087749485468 0.127973154301831 -0.144499195290386 0.0746719764392201
-0.00633929453346195 0.163716953563344 -0.076702948153558 0.00580345543798766
-0.0700647552247308 0.1883753234438 0.0306296545228192 0.0219304580309669
-0.104737988177985 0.136341677306032 -0.0481991532629237 -0.0935988609341455
-0.0851077164593731 0.159218727084587 0.102389909334674 -0.0600778154509279
-0.0069381112921693 0.171331625710278 0.135047227754792 -0.133048329644628
0.0695033180422169 0.149141215658928 0.0719334027339375 -0.170695878543179
0.106158176873295 0.0905551010442276 0.0178476606322166 -0.145216057387464
0.115152078581672 0.0409421062646099 -0.00590200118168306 -0.10451324581066
0.107844981783441 -0.000222980792272302 -0.0132381981916024 -0.0648176510532051
0.0919642043920602 -0.0076552732513996 -0.0178222488557603 -0.027391719844907
0.0939814687695178 -0.0176372093817658 -0.00268289010912307 0.0226208233034838
0.117315629383815 0.0053252715640239 0.00287442297852257 0.0773762497407117
0.117068937551018 0.0503215457905806 -0.0180056311097321 0.122296575241729
0.111693243223909 0.103539398379149 -0.0913609729610935 0.124965062349846
0.0570810283761886 0.147562582179909 -0.141418207354525 0.0678234441835764
-0.03548588985245 0.169644785407649 -0.071158809979444 -0.02482555438281
-0.0965380146807179 0.177463056834784 0.0646498220841331 -0.0281491070240947
-0.10551112983039 0.111160256372624 0.0020694974073742 -0.142395396788865
-0.0983139730918172 0.148127327029041 0.119424624996191 -0.0981627543442051
-0.0183101990683251 0.175619488177586 0.134451199630728 -0.135037481593365
0.0702138377943012 0.156374661699125 0.0780153951289941 -0.147581614625368
0.105481931270532 0.0902538674605358 0.0507519798928012 -0.116136838065999
0.111243683272738 0.0429560934068654 0.0382915695205688 -0.0915003801624599
0.103535247100645 0.00448875426085697 0.030615609294454 -0.0629252686198648
0.0862439268285325 -0.00150946939422733 0.0235829746355559 -0.0292991566335762
0.0878220599342505 -0.00441214708184522 0.0369125925204733 0.0218818296667608
0.103723040244842 0.0231918654176211 0.0383790206832289 0.0788366731562665
0.0982131825550776 0.0658392912136595 0.010181329221509 0.126967945549409
0.0869172270002862 0.116710253695161 -0.0748677295103698 0.126355960002093
0.0225522385840803 0.150112344900104 -0.128919984941068 0.057213337471974
-0.070947513518397 0.150342595207488 -0.0546680934265688 -0.0445810823707922
-0.113571504528178 0.137583852058598 0.099122178700082 -0.0632344414772908
-0.0898816269507967 0.0645187407845016 0.0427075234891055 -0.176808533712428
-0.0940553263502036 0.108520391193917 0.11994453230733 -0.126394695287554
-0.0253196346081917 0.144854442000138 0.12571630617451 -0.125092805368583
0.0557478389254345 0.130789195078603 0.0848972672603049 -0.117311583050424
0.0813999480851416 0.0734164182466694 0.0827717834103713 -0.0899576968045122
0.0856217001006724 0.0384187484662474 0.0772543205807581 -0.0824296138207926
0.0810320907882355 0.00989967815985683 0.0688182415618105 -0.0604179464148313
0.0670613469149448 0.00499744784129454 0.0598112780443092 -0.0265745466066723
0.069572330460918 0.00835528957259795 0.0718845833583663 0.0287617231181866
0.0767230278605717 0.0347359835031066 0.0662564564853937 0.0900962658894987
0.0686185453900627 0.0696627925260845 0.0286678282818524 0.137813516540392
0.0507824122041079 0.113127380375717 -0.0615143723873595 0.127044562547974
-0.0156702184117469 0.131148928547599 -0.108276673004678 0.0503776968175975
-0.0973944273239949 0.10927076928376 -0.0289970317602911 -0.0490099423393428
-0.113869409589355 0.0785118976346855 0.131338535617205 -0.0772116221368584
-0.0634871942541197 0.00315521478688474 0.0663446624350408 -0.190241195990923
-0.0780170986265974 0.0508498917302237 0.107641957815929 -0.134939988356306
-0.0287571320530289 0.0879765960567587 0.119748722157604 -0.106423929404723
0.029661125196934 0.0805868865931982 0.0985006208295396 -0.0933029667463928
0.0396234390674571 0.0443886843046338 0.107196605652299 -0.0769236207775939
0.0426068576530036 0.0310804560878613 0.10148076688891 -0.0797716664161242
0.0460561814480868 0.0153889102459741 0.0930421209132599 -0.057689411596936
0.0387847955744824 0.00992791305914757 0.0852278817427566 -0.0198699370409813
0.0414436916400115 0.0144947438694572 0.0959606969974626 0.0400983974970315
0.0422639854637035 0.0320911756865779 0.0831804421015661 0.106737324606603
0.0379469568685532 0.0541501608349629 0.0358515438632067 0.152331787815701
0.0217434509259866 0.087720078558487 -0.0518623865373483 0.132173870753086
-0.0392612472526696 0.0940050093885356 -0.0853993930096824 0.0530769893055336
-0.0991926996422707 0.0571852771133319 -0.00626006695442318 -0.0352153047275836
-0.0923992777673944 0.0135692855957966 0.153574090146411 -0.0706846628657165
0.0437892115613415 0.03773278558487 -0.156134045204447 0.0849592817297663
0.0651682025027184 -0.0117649264508656 0.00285166294062754 0.0546105320847131
0.0330333576318823 -0.0581105893692103 0.0895270238405051 -0.0549943951250081
-0.0122651283752859 -0.0463050759305646 0.0660390430846615 -0.145729862934605
-0.0132384193050555 -0.0254674749292743 -0.0331970500489556 -0.18079697826978
-0.00890791517477125 -0.0214820157856999 -0.0968865405533731 -0.130449209992973
-0.00662552332536068 -0.018565855458325 -0.11430960449857 -0.052557122010814
-0.00257570701808762 -0.0150728829467018 -0.116728527029992 0.00866956187006968
-4.80841217674005E-05 -0.0238691306912093 -0.107942122927269 0.0580390861473533
0.00939750909533962 -0.027838426689143 -0.110436270662605 0.0878788206421215
0.0110912539026163 -0.0198405586266671 -0.117422456310588 0.0897281104042801
0.015214510312408 -0.0303565855088227 -0.129352731983437 0.0863231913326406
0.0396925472315179 -0.0270709633156392 -0.129384013904594 0.0917899567487849
0.0546583441718542 0.0185531336971863 -0.103331645104292 0.097264964679137
0.0327145260607618 0.0553221288557225 -0.0598471424286663 0.161717301000388
-7.09453894003065E-06 0.0839764266593651 -0.159379231092385 0.0512911294648714
0.0272477861444828 0.0429585796532604 0.00998065789099722 0.0289844144387596
0.0244796349865796 0.000695881937084828 0.0868130743088417 -0.079097478886272
0.00457233981390413 0.00377514595577989 0.055634269041326 -0.158930209931692
0.017149346523509 0.0101295410616892 -0.0338093162921374 -0.182350254543569
0.0285709742044995 -0.00221335105721956 -0.0912224274529614 -0.132088310149564
0.0314270022743426 -0.0154659163803645 -0.108817342129 -0.0607098651183259
0.0324629999515364 -0.0162375297879599 -0.111100236729453 -0.000822916530477882
0.0372470240335826 -0.0293289315846781 -0.0987440228756108 0.0513487928998349
0.0570401693542744 -0.0226712822368273 -0.0977256507577803 0.0883260624088212
0.0571292002779932 0.00522380182505621 -0.108987640108221 0.0996585145901699
0.0538345972834819 0.0208535798322679 -0.131092233159468 0.0930008366957378
0.0496114542339374 0.0376534932235309 -0.134011073071811 0.0817936596711663
0.0321859036567749 0.0810554131072504 -0.0871350508754868 0.0710046237341085
-0.00475004110165357 0.118774753357455 -0.0344759337767996 0.127606475098802
-0.0452791931857016 0.118698243470607 -0.137691777647736 0.00922210127117684
-0.0163522767496719 0.095554672248854 0.036461370435524 0.00371758016920535
0.0134692688159394 0.0669321519428125 0.101068979192119 -0.103807560960964
0.026761597942999 0.0598437696344064 0.0550839739693645 -0.173362437178695
0.051302412613675 0.0452382014852715 -0.0284863790166635 -0.179223227081628
0.0661704713915357 0.017080144132356 -0.0751651592635646 -0.127451437637572
0.0671838631541641 -0.0107255746430719 -0.0895953813671262 -0.0648053045934806
0.0629230231783596 -0.0154476077525699 -0.090785858227988 -0.0105577338543683
0.0674424103836029 -0.0315296006219563 -0.0748017741922167 0.0422401039613432
0.0926358338810744 -0.0188314253684335 -0.0692772013490306 0.086905995510096
0.0951990826883674 0.0207153656896086 -0.0834308599347708 0.111828692674118
0.091101145209522 0.0566331595830387 -0.121637852038026 0.109416351811937
0.064706442346828 0.0896132285183971 -0.139315068379239 0.0804981502303778
0.0147474327270362 0.130586709106208 -0.0803487639668741 0.0407629226587328
-0.0377626167091833 0.166057242795402 -0.00267040179139053 0.0769505667129348
-0.0816026730050129 0.138272449457799 -0.0981730878268182 -0.0386966124392175
-0.0547667399445728 0.138776653355324 0.0716650293668971 -0.0246024107519774
0.00460497683403371 0.129168598029499 0.120418983637924 -0.122976729159713
0.053586269916398 0.111087332558094 0.0601103640333358 -0.179086868177654
0.08472279188965 0.0721461652828659 -0.0136568118305362 -0.167033635703039
0.0971382344128783 0.0312059970560674 -0.0472908552180555 -0.117324412340133
0.0942567315012219 -0.00598623741481207 -0.0568962229063708 -0.0653527141668191
0.0834653521928655 -0.0126024083102748 -0.0581341820656395 -0.0199720208315353
0.0864857439733524 -0.0278213235066906 -0.0409995914439188 0.0321283498741261
0.113759875324677 -0.0107577770337235 -0.0331705744068155 0.082053544185651
0.115850601919978 0.033233293847917 -0.0492168688382521 0.11942525088789
0.114508064903821 0.0806433819959103 -0.105866218825347 0.122501335079352
0.0712530342076396 0.124796030585284 -0.141659818890559 0.0795175445624666
-0.00528749108023186 0.162028495287326 -0.0773236882926892 0.00796504441072543
-0.0665508922613225 0.186145342024812 0.0284593774584797 0.0208388202375874
-0.102154895301146 0.136419110784492 -0.0486930756298857 -0.0908747071752816
-0.0825916928597038 0.158586253283021 0.101572965217527 -0.0606916312797362
-0.00508010706908483 0.16851183828435 0.132238461061001 -0.134499178329385
0.0711146745416307 0.145748033093971 0.067173810740654 -0.170196124824682
0.106435476035589 0.087908291862216 0.0135680342259234 -0.144712565091096
0.114769907996116 0.0391398510787563 -0.00861279719121842 -0.10505783973604
0.107472536124195 -0.00192280218924376 -0.0153223133855509 -0.0649485339699914
0.0918705271628456 -0.00800532497735826 -0.0188641433647851 -0.0258746329621876
0.0929462710680823 -0.0179027642757161 -0.00194068336672695 0.0247063130141281
0.116326614590251 0.00464642893599016 0.00536673053839606 0.0777464501720644
0.117209732233043 0.0488491324316596 -0.0148094350106418 0.122540465990069
0.112625183937961 0.100580580073673 -0.0872546858109626 0.127758621445557
0.0575261520029146 0.145089905069138 -0.138232925330586 0.0730639789894399
-0.0340902809783572 0.168777887577166 -0.0722682077562846 -0.0215149086762811
-0.0924937430853551 0.17499693119379 0.061301733027002 -0.0292575297089
-0.103548763830023 0.111869274934319 0.00113336301136405 -0.139467088913455
-0.095615791870333 0.147996442940793 0.118005048115864 -0.0981477351249162
-0.0148403355202831 0.173730154420019 0.131443906134119 -0.135787984707108
0.0726460303475612 0.152685240793823 0.07393504924435 -0.146881579585065
0.10559814384842 0.0876974803132694 0.0466590447554015 -0.116784455210309
0.111128703430087 0.0403779055582486 0.0354872170350055 -0.0931717371440421
0.103138646563825 0.00289316189947488 0.0290707162793584 -0.0634335802294987
0.0856206459140548 -0.00185737688825352 0.0225103401350447 -0.0280977374380719
0.0870792244608657 -0.00486819244671386 0.0376908855974987 0.0225018645513578
0.102868229175117 0.0224064925798774 0.0407302602693578 0.0792292359153119
0.0989613473517146 0.0637794850845943 0.0132922206821894 0.127968138208211
0.0880942841871124 0.114161371072791 -0.0708546713229898 0.128978218417643
0.0238967539733889 0.148020229892789 -0.126115474049389 0.0625399891937744
-0.0691150607047454 0.150472162685413 -0.0557291062331831 -0.0419807184704557
-0.109668068478759 0.13671134173894 0.0955753900611697 -0.0645933114235516
-0.0886551673755732 0.0658144376430836 0.0410987404800344 -0.174380544656682
-0.0919050187063542 0.109941620320936 0.119263424258536 -0.126520204366524
-0.0223052956680974 0.143813094008323 0.123492474813622 -0.126563557927011
0.0581636899042056 0.128064018090718 0.082165754707543 -0.117368578060012
0.0820413865359022 0.0710221959226898 0.0795174645072074 -0.0913827210838888
0.0858923946343487 0.0367089388366945 0.0745828631246477 -0.0836875588140066
0.0814541767927124 0.00828313486353791 0.066567319355128 -0.0621521493602071
0.0666298745442606 0.00421024022159257 0.0582985135992257 -0.0261390163560899
0.0690480656252876 0.00697156778123933 0.0719713456449269 0.0293495167900727
0.0764736740841895 0.0337595066811245 0.0683699563502702 0.0898363785765921
0.0695317443134148 0.0677498323079146 0.0312658322491495 0.138106704050466
0.0526394452675263 0.110762878989128 -0.0577801022820513 0.12898968363204
-0.0136491147283338 0.129486449264351 -0.106126656231493 0.0542207101125633
-0.0947879820140923 0.110536136572172 -0.0299030986509524 -0.0465585523315047
-0.11109677843908 0.0790050834527008 0.128224745619178 -0.0791941239018094
-0.0629100915465657 0.00520887762226191 0.0649031061352654 -0.188724587470929
-0.076253721276356 0.0523829627622411 0.107342155845642 -0.134333340117793
-0.0263209730884144 0.0875427097693424 0.117561359691692 -0.107799478959008
0.0316372652739091 0.0785801565812584 0.0955179266312717 -0.0941634548401476
0.0399348580407215 0.0428944540211789 0.103807087497187 -0.0788673795530967
0.0436909620253793 0.0299364043976521 0.0984897582177313 -0.0819420373258504
0.0465230748144117 0.0149400267791261 0.0906280364171724 -0.0595482071312549
0.0379598866166415 0.00975861739839576 0.0839335137223119 -0.0201089467350501
0.0409756343964264 0.0136635502784925 0.0962550939696023 0.0397988451837602
0.0421987744186661 0.0317842109712817 0.0847301639553286 0.105619966434804
0.039018854365212 0.052356171274595 0.038829844121801 0.151846284841863
0.0235375135886969 0.085841863174145 -0.0489081018059924 0.134676258576537
-0.0371117186838092 0.0936766115577721 -0.0838536005751682 0.0569030093623547
-0.0969318215793242 0.0583501461498535 -0.00760465970364753 -0.0335621982480401
-0.0904118696032907 0.0145435963622851 0.150906974665624 -0.0722285918871666
0.0434350461847907 0.0375166994048285 -0.158431975007693 0.0857633516965337
0.0659756175425067 -0.0119486961142727 0.00262446040115804 0.0542018284017019
0.0322535583912811 -0.0586702408059783 0.0914488309515678 -0.0571414306269435
-0.0132455908789245 -0.0466079224757602 0.0672981754569168 -0.14931003945506
-0.0135589808049763 -0.025415873528773 -0.0338244181448506 -0.184577528092057
-0.00823199826850672 -0.0210810230891403 -0.0991006370566584 -0.134156629332409
-0.00653704293500007 -0.0187292995029232 -0.115844649941504 -0.0550707348198441
-0.00129524877709405 -0.0153382507482368 -0.118180525116403 0.00868957208643723
0.000361908322540988 -0.0242403706723066 -0.10991535278071 0.0587738399877306
0.00998184258923384 -0.027699252626301 -0.112428558074531 0.0890911472095448
0.0112512795809741 -0.0192400787875904 -0.119210906836759 0.0908929803243947
0.0141656981722664 -0.0305070663739601 -0.131712755977977 0.0884243787329225
0.0400708772055836 -0.0272578796196517 -0.131365316453213 0.0927438645756791
0.0556952650031727 0.0188523517515733 -0.107178679345018 0.0974035126645888
0.0329613357652595 0.0552813239897807 -0.063900029181853 0.162441657136918
-0.00148858437923663 0.0839431570528344 -0.161241559348598 0.0519370557121914
0.0272606931699392 0.0430118501773825 0.00991977233282954 0.028579902591336
0.0236916035078134 0.000818645215351201 0.0885786529176267 -0.0811230650284835
0.00331732504339786 0.00373412265966732 0.0576427154661332 -0.161751517918518
0.0171667780725857 0.0109418223439323 -0.0346408213688272 -0.1859119475913
0.0291143022240712 -0.000812348629600249 -0.0921878937110143 -0.135699134889954
0.0325644382646104 -0.0151071553957641 -0.110349543330566 -0.0630815038587313
0.0342641858846651 -0.0157876663410005 -0.113105962201007 -0.000749516110745845
0.0385044380068118 -0.029083410580875 -0.0997623576229613 0.0524258866640213
0.0577504263532689 -0.0217152147790852 -0.0986947976398993 0.089545966331413
0.0580768422157406 0.00684528931527241 -0.110418045405918 0.10125038878609
0.0535025382574971 0.0217154991100645 -0.132724757045531 0.0958681967765955
0.0493462895933719 0.0380562365507282 -0.135936024051496 0.0839563362001617
0.0311200000521177 0.0820476202558254 -0.0905146955566531 0.0716041452799139
-0.00584538416585086 0.118543183978003 -0.037941759129981 0.12792408954734
-0.0476282199169444 0.118839896309818 -0.139693672640238 0.0101124730521402
-0.0178150691265404 0.096058691131732 0.0371993614380158 0.00383881176644864
0.0124785475222994 0.0671568809588109 0.102969261672125 -0.106028209057804
0.0264195930248163 0.0603039397485775 0.0562780124538277 -0.17511892126501
0.0514396844456493 0.0458195295176633 -0.0290474623901034 -0.182245288701524
0.0666626386901935 0.0187985779485356 -0.0764627973394018 -0.130737045036288
0.0686445029466463 -0.0102289127807768 -0.0914006314279103 -0.0667001075400651
0.0651665309139922 -0.0151200256404672 -0.0914108880322854 -0.00999263924191109
0.0693536716782293 -0.0309860864362781 -0.0760354166219211 0.0436051769075071
0.0945505660785237 -0.0176194315086301 -0.0696689935206913 0.088878688955075
0.0963634439769855 0.022717370302157 -0.0839993330834442 0.11483727795223
0.0917527328312148 0.0583741319627037 -0.122603183054581 0.111856932937769
0.0640263176722976 0.0908929229947118 -0.141063303487797 0.0829080490040854
0.0129435013697092 0.132696306382879 -0.082480850558705 0.0410243587072633
-0.0392237728453469 0.165828046908995 -0.00610197850606014 0.0778805268039734
-0.0845843106856165 0.138153957345592 -0.098860798094763 -0.0383219823204845
-0.0566661313946386 0.139586853900555 0.0730135786406422 -0.0244463523006287
0.00310434653985861 0.129581577713308 0.12262924420597 -0.12433348020462
0.0525420513759993 0.11261457742026 0.0611166778304456 -0.181259144780083
0.0853084425302827 0.0737268662476637 -0.014412530197687 -0.17011046522495
0.0981041927382619 0.03289080410198 -0.0482728474283821 -0.120230296044501
0.0962742221320981 -0.00532478588651283 -0.0577154248135225 -0.0671736679055686
0.0862044597184851 -0.0117297600619319 -0.0590108604931037 -0.0187835829267946
0.0886839956355336 -0.0268589901886656 -0.0412176553400968 0.0341543042155722
0.11527697423804 -0.00931831289095111 -0.0319566934424286 0.0843057335694013
0.117997157427524 0.0348027181309772 -0.049181216756492 0.122654416273108
0.115256090205603 0.0835277808788275 -0.105578824493645 0.12535608584168
0.0704081790867416 0.126582583771677 -0.143580140029141 0.0828615698924029
-0.00752757418559056 0.164265897150469 -0.0802268115043581 0.00861844542020764
-0.0686628893173836 0.186498273565284 0.0263103437020072 0.021656082977832
-0.104854479198827 0.137128305576385 -0.0477335805990841 -0.0901939077393591
-0.0848547535865187 0.159754856131249 0.103936152093903 -0.060152361740935
-0.00646100680301758 0.170286948959451 0.134842492198593 -0.136107067921956
0.0707922224742387 0.148277387347482 0.0685933465081837 -0.17108480328454
0.106871040084677 0.0893579448373689 0.0127497532787188 -0.147360815048409
0.115682121836217 0.0411715975123894 -0.0087609343547545 -0.107326410401094
0.109171944622087 -0.00067492587992723 -0.0158289416770057 -0.0660732409524171
0.0938371699611503 -0.00694639560467044 -0.0186263183478577 -0.0248714837638756
0.09478434196937 -0.0169491630338474 -0.00165683355922568 0.0262862022759734
0.118223195180989 0.00639546134326668 0.00667909247815462 0.0802168515144811
0.118067058065689 0.0507177901366905 -0.0142616461011905 0.126623104296724
0.113370037551641 0.103394216057369 -0.0872676522130163 0.130750678061975
0.0568268067420794 0.147036257014588 -0.139551320815827 0.0766341014784182
-0.0366204698778059 0.170679163632499 -0.0739125509232521 -0.0208178558153122
-0.095192151258959 0.174915812669205 0.0604637505544091 -0.0292284791982227
-0.106396250727467 0.112873643329365 0.00336720354562351 -0.139693142922438
-0.0978522954100199 0.149697629095974 0.121022175938252 -0.0982364782404822
-0.0168027417371789 0.175688399152511 0.133779695161169 -0.137687672309549
0.0728921070045092 0.155062912571216 0.0752636885559525 -0.147852597638535
0.106363694435415 0.0890604115535405 0.0464700044175092 -0.118437992736739
0.112164914705571 0.0424461915743674 0.0353864083069519 -0.0946706992422507
0.104698034304783 0.00402212207946293 0.0288311632924014 -0.0644593409427031
0.0872090511363901 -0.000706252060055538 0.0222340005752596 -0.0268985700604729
0.0884155064220297 -0.00375636641237392 0.0386023934529214 0.0252637462242859
0.104705080829407 0.0242419147610823 0.0432315567846653 0.0817566300191552
0.0999357504221944 0.0654714748365711 0.0143686955604134 0.131519744540096
0.0886810330755922 0.116029604332026 -0.0711385276773272 0.131900730508246
0.0229785727740816 0.149667631364041 -0.127904174680329 0.0660148247439431
-0.0709746445783076 0.151939689992689 -0.0572802466656281 -0.0415015883344059
-0.111749313139608 0.136646714316669 0.095562380289353 -0.0649479128246917
-0.0904720936711658 0.0667885025823492 0.04417960364379 -0.175780165100591
-0.0937923803684955 0.111185485808483 0.12333581266349 -0.126886877324662
-0.0232157682665453 0.146234109256774 0.126628040545518 -0.128152865027404
0.0586961092015982 0.129217053394126 0.0835440486851249 -0.118153398360239
0.0827003088344365 0.0723347935212975 0.0799887232786592 -0.0926285412212481
0.0866555847122396 0.0379576872348186 0.0744088971785186 -0.0860093531570768
0.0823965585815651 0.00900722282335392 0.0673158514543189 -0.0626231652581952
0.0677509044198126 0.0054770969766768 0.0587014144599919 -0.0253458883671575
0.0698347623943853 0.00796930654211801 0.0733766425129697 0.0312460032777385
0.0773585232189213 0.0357777644128737 0.0708785492294532 0.0926166292772289
0.070213240452606 0.0687406428549376 0.0316078942749738 0.142412297649437
0.0528188580578463 0.112088697095788 -0.0579389118606485 0.132678776705032
-0.0149649090572714 0.130942597203759 -0.107803731508199 0.0574528340446493
-0.0970034354728408 0.111732474743085 -0.0309679855041927 -0.0464295341256775
-0.112806345372777 0.0785119588763016 0.129184583582229 -0.0796623810441866
-0.0636158376292524 0.00621275928135183 0.0678980288389411 -0.189803411094289
-0.0773093655234201 0.0535109101465287 0.111382257485024 -0.13523922644675
-0.0268548506766602 0.0894778184394583 0.120707235860491 -0.109090700654054
0.033205010727583 0.07916954157465 0.0975012918922345 -0.0947023818646574
0.0411299222322716 0.0436099809095518 0.105473781775915 -0.080402723910402
0.0443182822807898 0.0298762206089524 0.099113119886589 -0.083286276243663
0.0470640173869262 0.0148635921140743 0.0919673026871687 -0.0604509830927937
0.038105318305433 0.0107268537761874 0.0843512116694887 -0.0191719876734761
0.0410191468412585 0.0143642496387043 0.0984651334407544 0.0426241555419804
0.0425714739636789 0.0329129384522225 0.087202319272033 0.108209585890437
0.0388027723915393 0.0527331144576638 0.0385833780456553 0.156329475469104
0.0237758289401446 0.0858989043276062 -0.04917797985677 0.138341886981718
-0.0382801289842746 0.0944598192561484 -0.0853034996572584 0.0586529277464984
-0.097939144004283 0.0592447654307467 -0.00803161343122517 -0.0331581353949123
-0.0911521910959419 0.0134619794398362 0.152350580013871 -0.0728987862785692
0.0594618518569076 0.0185205691889708 -0.111220920302505 0.149115205722387
0.0571995484518542 -0.039836437140123 0.0269189214844302 0.0469754824292507
0.00420469999445901 -0.068026552375247 0.0578128713702957 -0.0985410064814796
-0.0342722726075381 -0.0357824940824731 -0.00552549640456183 -0.17430422565477
-0.024575167822146 -0.014989206096494 -0.11729454901175 -0.158592983367295
-0.0169568674605131 -0.0139410013209843 -0.155542155488559 -0.0825495871059559
-0.0141546748705686 -0.0151041427489504 -0.135996829366038 -0.00227683570326995
-0.00645895099795538 -0.014424621937452 -0.108063897363635 0.0614824023272992
-0.00963819345209577 -0.0230849709330585 -0.0759946812594079 0.104933165254805
-0.00236874292310969 -0.0299598864125631 -0.0647251626990725 0.133781851397597
0.00247939090375746 -0.0220604884663267 -0.0703422967717855 0.138655105155132
-0.002074470156977 -0.0324659905911413 -0.082169879251366 0.142040674862139
0.0236018497953718 -0.043129650174775 -0.0805012402278372 0.145874112850921
0.0601081515298921 -0.0059041432636778 -0.0620958231115993 0.140889694282998
0.0572507674346629 0.0386817080042925 0.00277513193324277 0.184392802720293
0.0340473929571576 0.081289447669507 -0.127729589241648 0.121310155574871
0.0428294301379027 0.0279417726881977 0.0232886968724169 0.0215506014536351
0.0200288589168483 -0.00865665539677896 0.0474056828234134 -0.117491588047836
0.00171125767595738 0.00411087308539491 -0.017133818440534 -0.179437945211265
0.0186100155012792 0.00642877884456637 -0.115761624368335 -0.160195443577097
0.0271490044824364 -0.0114881667815154 -0.148523071481244 -0.0877601333127809
0.0242687045406679 -0.0279846424923255 -0.132841299185546 -0.0119768171612157
0.0281747252029913 -0.0297544312667278 -0.106497058186476 0.0507788093577244
0.0249467135651908 -0.0436937067936086 -0.0688587946199484 0.0958790525288337
0.0466815905498923 -0.0450642000012857 -0.0509833341838784 0.12956257911186
0.058912329556402 -0.0171184817422348 -0.0575326955599351 0.147715394144968
0.0579695557702628 0.000326559634462874 -0.081585695838561 0.154326929130548
0.061069309383446 0.0160117470457315 -0.0911033298781503 0.141358993077026
0.0639919318688042 0.0655763876106062 -0.0606064723996444 0.108542261597806
0.0488424874474409 0.117790193115354 0.00934589178184792 0.13726991669552
0.00322143747335548 0.133541820383287 -0.124808772843723 0.0746121830929013
0.0217307588216465 0.0960337303307423 0.0396121221865871 -0.012054977440453
0.0360525393106832 0.058118396256144 0.0537466002321493 -0.144894583606409
0.045455143193513 0.0469314664961491 -0.0219413623430565 -0.190283590555806
0.0656399748904598 0.0247382544511523 -0.108143188650926 -0.158929857022811
0.0701905729210069 -0.00871267046375362 -0.130145688943298 -0.0910295244261997
0.0603064402161335 -0.038358163264897 -0.114830815551918 -0.024568193177073
0.0585721854713205 -0.0412704625346271 -0.0905634467208334 0.0324921516811058
0.0535666500969251 -0.0582675645925861 -0.0495614070270343 0.0774181352905402
0.0844026030160809 -0.0570233102307422 -0.0224313641316018 0.117324131769827
0.103798502311201 -0.0185503323429065 -0.0270044992356676 0.150428466189832
0.11075775765509 0.0178464982682009 -0.0661036425794549 0.168367057855997
0.0976728868416621 0.0605986501102621 -0.0973663270988513 0.145055339619702
0.0690375184525178 0.121662512678757 -0.0691870706789171 0.0762665365174075
0.0382415168352176 0.178297501166168 0.0159129297728782 0.0735296844216136
-0.0247767090572197 0.166838843543858 -0.105887082504433 0.0128707550272842
0.00176323542880995 0.153228606862425 0.0624080945645593 -0.0529039684250521
0.0521129655934967 0.120631044754439 0.0664488673662099 -0.169946844349968
0.0918597487880309 0.0840842287254661 -0.0165786722232158 -0.19626179257908
0.108032007657561 0.0356859065605895 -0.0865675708418369 -0.154823850822111
0.106214539806342 -0.00907006180139104 -0.0983618435076372 -0.09436593703522
0.0886340270171588 -0.0451924676428716 -0.0828209394066238 -0.0396943601209185
0.0798475896657111 -0.0467142284979319 -0.0626399065015232 0.00934152199480995
0.0741854679641196 -0.062461862449331 -0.0214229372876411 0.0529927932551315
0.10784401809784 -0.0573134391797677 0.0106270330941285 0.0967509624644156
0.130005082837464 -0.0155776566593107 0.00980461541263566 0.143305481794611
0.143699633709735 0.0311680939492234 -0.0442053514413967 0.176290744750016
0.119192864322495 0.0923743752502105 -0.1003038806884 0.147179929071686
0.0632409716318993 0.160047682537643 -0.0814789451602384 0.0446728968381191
0.0193208445333793 0.211117909441017 0.0216762857851456 0.00353781092621572
-0.0460248664687591 0.174407965149345 -0.079568130760993 -0.0580421845505619
-0.0171569200135396 0.184333423553163 0.0765506067278619 -0.0998835476294064
0.0600412180657649 0.162601057819259 0.0746359730022849 -0.184325631530899
0.123280369845181 0.108732793083718 -0.00288418992582438 -0.190105207676182
0.135352153856568 0.0412397438532397 -0.0499398111425634 -0.146254428440143
0.126424107663584 -0.00949659458256426 -0.0546167603649979 -0.0987615321254404
0.103172694138785 -0.0464263670792434 -0.0412984162216739 -0.057893959180639
0.0893448658518789 -0.0449778302229077 -0.0275541145688316 -0.0140524706779516
0.0846849564612393 -0.0558238339700472 0.0131450245079587 0.0283466916477204
0.116981497604076 -0.0442425052614215 0.0460256813878796 0.0752013913911282
0.137504379956754 -0.00146568273276879 0.0436781790571983 0.131496352795858
0.151487573900077 0.0502513751585483 -0.0253166446211969 0.174088260979867
0.114682066169396 0.117815755944538 -0.100206453703472 0.139452933209262
0.0387003591820322 0.179450167975449 -0.0886355773752398 0.0124158034187002
-0.0108074866165458 0.212126932926453 0.0335585291955879 -0.0604751612238962
-0.0579936182862394 0.152014479737433 -0.0531145304393451 -0.126838632445086
-0.0335153786424846 0.180580013245598 0.0764866675989193 -0.142904639430796
0.0530064293177922 0.172247975474151 0.0738731296158751 -0.184947619599633
0.128572228866913 0.11298205171736 0.0139378797064813 -0.170440440305799
0.134999520217909 0.0403623909322746 -0.00537055945177651 -0.134491071254834
0.124064867850627 -0.00778803576842721 -0.00702038603652749 -0.106980159116213
0.100479574352645 -0.0404450888537742 0.00208944487908692 -0.0760663996938914
0.0849133655388351 -0.0362571428716744 0.010311795295273 -0.0347142092600903
0.0835783182243521 -0.0403043319429036 0.0500951699852116 0.00908675335490225
0.111835421511829 -0.0211690791984399 0.0804392976358716 0.0604094292682617
0.126069860052254 0.0205262628456487 0.0715360973187799 0.123453766771736
0.133597819269234 0.0721963698866994 -0.0111645786553573 0.167117470697501
0.0843924590656916 0.134934483268263 -0.0939490401063134 0.122202048255455
-0.0025709999749045 0.176953153942667 -0.0805454442850439 -0.0159732929174321
-0.0452213895779438 0.182309939263093 0.0554039908527097 -0.110697849150232
-0.0615647585167966 0.101783558388881 -0.0310580487552559 -0.180434446678456
-0.0451219556191506 0.144062915415447 0.0643531932536078 -0.171564154005396
0.0353829907180584 0.146928824042452 0.069738923154608 -0.172374967075699
0.106686593921194 0.0941808980242468 0.0330678734385053 -0.147021420399682
0.106518703651317 0.0334605882732577 0.0366278752039784 -0.125115633712289
0.0977106707162078 -0.00180964236127607 0.0332652897939429 -0.115528790916555
0.0817696934209547 -0.0264491608446901 0.0381036364671103 -0.0907675722283024
0.0677265689252737 -0.0220236360529359 0.0454153220234499 -0.0489297682710736
0.0707240831237176 -0.0211210357122427 0.0855349727521849 -0.00102659675782944
0.0905742187050681 0.000992720681806551 0.110346230235477 0.0579677739686062
0.0982821089585446 0.0361734244529915 0.0920035322380452 0.12472575932517
0.0983112007746115 0.0837815601700443 0.000234219715462151 0.159425130671673
0.0404945281585832 0.133386395093049 -0.0787489207979689 0.103689661571706
-0.0433718479315868 0.149594877459088 -0.0556450391323358 -0.0339851381060098
-0.0719328048550928 0.126772699087309 0.084561412516929 -0.138790951298523
-0.0611496445904409 0.0335253520057753 -0.0155693585354367 -0.206968160355274
-0.0526492734628875 0.0831379193945898 0.0495664288338403 -0.175723619855652
0.00964726030492733 0.0941371851415138 0.0699266389337299 -0.153415087641319
0.0616491732629007 0.0575511679074857 0.054267588269296 -0.131529409845475
0.055156673440193 0.0230920994212083 0.0648290985292976 -0.124097101146466
0.0538997294393148 0.00823433829978789 0.0565131671864322 -0.123370983822761
0.0502480773009136 -0.0059836841071729 0.0617842448686842 -0.0990264264853697
0.040133846302815 -0.0053038913969023 0.071901169021948 -0.0552535912027123
0.0454536525153989 -0.00336633391845058 0.112977226088641 -0.00181081551423527
0.0563970612168058 0.0135389165831863 0.132006170717232 0.0645901308849479
0.0611057041175705 0.0340072104298241 0.104798320634537 0.133251346748954
0.0600227508051567 0.071706695224201 0.0111132844526058 0.157457470451866
0.00305882890192019 0.108236307004426 -0.0569070832703314 0.0938037113925724
-0.0669400484657602 0.0998603430329238 -0.02531974966556 -0.0321086997466875
-0.0807893467615408 0.0542254288705232 0.113547651313725 -0.140149973414424
0.0623299661198264 0.0171215484493045 -0.113074328459184 0.161257307752632
0.0590661823066453 -0.0441919988330916 0.0295436414474784 0.0482967563429257
0.00232289248233046 -0.0718579075941191 0.0578916094816714 -0.107334685256836
-0.0379119048883967 -0.0361965000356071 -0.010952513332458 -0.185044431326556
-0.0260370368564983 -0.014806009425281 -0.129260761357522 -0.164429045829558
-0.0179572793319737 -0.0140567599030083 -0.168285088680731 -0.0833825496193375
-0.0152321207589348 -0.0156708830474246 -0.144942408745892 -0.000371791235792647
-0.00680862691023501 -0.0158294886594443 -0.112829424576421 0.0677062382378478
-0.0107393843281211 -0.0244056772093958 -0.0768449157526128 0.113606826471472
-0.00297843527323159 -0.0311529351780541 -0.0646520151676748 0.143192445654571
0.00203728804866892 -0.0225163809583489 -0.0707254587892115 0.148876926012411
-0.00381127711114428 -0.0336447016290832 -0.0827869739544439 0.152860029042128
0.0227230856119213 -0.0460971662691357 -0.0811290018676726 0.155946339592284
0.0633559533843871 -0.00833094707499471 -0.0649069548066366 0.150571936642136
0.0602427326685854 0.0387903050222369 0.0049585674506456 0.195353415071389
0.0373075934453768 0.0845008937681348 -0.131280423765958 0.132235917308725
0.045714127591422 0.0279823496326592 0.0247674780667567 0.0218347524221268
0.020070104970506 -0.00955117000902454 0.0465847867525653 -0.126465098501377
0.00126733889142467 0.00504038295673739 -0.0231592945829253 -0.19020016476478
0.0202742728722722 0.00663140826287105 -0.12780503855747 -0.165637359232939
0.0286200006490693 -0.0118945474273645 -0.160701302755987 -0.0892744435752883
0.0250595464120427 -0.0300508455043406 -0.141804796265272 -0.0105943744749051
0.0298138617650545 -0.0322167539028457 -0.111314325386014 0.0562971104134488
0.025614347431744 -0.0466382890398389 -0.0696367368161221 0.103774547269448
0.0489121015695991 -0.0486896384194187 -0.0491036426822493 0.138971805052293
0.062674212700856 -0.0186306473894202 -0.0559268307699182 0.158200742865622
0.0612716399969826 -7.36671348173759E-05 -0.080899009478495 0.165649265754541
0.0633551167398617 0.0160016948142085 -0.0918825737923117 0.152400432443955
0.0686314526075586 0.067362627398552 -0.0635228531624037 0.117071914641919
0.0529690143854195 0.122043553339323 0.0108286766321766 0.145827154023339
0.00561423534082644 0.140298133260696 -0.128182183869314 0.0833492703883203
0.0252520610592513 0.10020504852914 0.0417947282782948 -0.0136697532422176
0.0381453783785825 0.0601464533524326 0.0521493117573089 -0.15553850413162
0.0485661401400848 0.0484948304262453 -0.0281116906882357 -0.20050526342221
0.0698606760812974 0.0248060446984649 -0.118652119226355 -0.164446474916455
0.0748502463423142 -0.0106376303509488 -0.140877605505552 -0.0928546558306286
0.0630370635324605 -0.0417632870534093 -0.122447075155422 -0.0230247304461923
0.0620647015778234 -0.0451778007760267 -0.0946300081460121 0.0368579324412455
0.055936375923029 -0.0626476260501306 -0.0488038481299659 0.0837685551344861
0.0888117166946102 -0.061427516248872 -0.0200165205641016 0.124712287135573
0.109475105922528 -0.0211507627453716 -0.0226920411210344 0.160101823841763
0.117444855976291 0.0171574812576395 -0.0632537553054569 0.180798013126281
0.103174247940932 0.0624348856131197 -0.0973238744505559 0.157611324161391
0.0747336802067992 0.127763016741977 -0.07226308317517 0.0837617836315322
0.0433438676503409 0.186353882007397 0.0158996759808396 0.0782560322602479
-0.0229369541599229 0.176625438253848 -0.110200998223863 0.0179224109449373
0.00493386883812458 0.160947797731869 0.0645398583089273 -0.0573783780211645
0.0575501706605072 0.12564811118633 0.0657774813081368 -0.181468934967005
0.0982531006647245 0.0868445876738643 -0.0223741161939697 -0.206666858649613
0.115445991299755 0.0359238954860532 -0.0964512504006672 -0.160111760410499
0.112781829723035 -0.0117710824190123 -0.107237428715769 -0.0967512867755947
0.0933472531428876 -0.0498282838411845 -0.0886706555932832 -0.0398186644820041
0.0849620874344717 -0.0510455820021996 -0.0652742179384585 0.0122049835116087
0.0776241125737415 -0.0674208240852964 -0.0190741994119874 0.0578418525426003
0.113629936992138 -0.0638477913507098 0.0152104930600745 0.102099127532142
0.137760553597211 -0.0190231992064161 0.01652426015655 0.15247066374445
0.152988171771942 0.0297844385115579 -0.0401041146152061 0.188616898142971
0.126854817047059 0.0956643788003002 -0.099369662886277 0.159835957966738
0.0695630737387318 0.169020256890657 -0.0862935924945353 0.0504598872178007
0.0239998774820476 0.221540647407761 0.0205042996913095 0.00461300792608235
-0.0452201112482465 0.185653175661474 -0.0840750522233196 -0.0578207686347944
-0.0142512193336449 0.194984658938241 0.0791746299104376 -0.107255270546766
0.0664993778519037 0.169883755776542 0.0741121694316576 -0.197569059377815
0.132693244693059 0.111439481605501 -0.00801026447521085 -0.199720026783921
0.143720128579971 0.0403293093450946 -0.0578587874896575 -0.152559126826482
0.133475265510057 -0.0127681921264517 -0.0618134069999371 -0.103068659625151
0.108928014792111 -0.0511719856337169 -0.0458656641062339 -0.059519176596053
0.0944903612054421 -0.049387531581574 -0.0283182134787209 -0.0135094743447079
0.0887392025382305 -0.0604382545122844 0.0167721212334118 0.0306316297851126
0.12392707555353 -0.0501230272078618 0.0522092283275623 0.0787158575522241
0.145697442125197 -0.00441128754396424 0.0519502607193364 0.13911161154072
0.161655542416734 0.0495697751405061 -0.0197578224896337 0.185640149626483
0.122855068399864 0.122488017875389 -0.0992748971526903 0.152212081884462
0.0437410740959863 0.189612660531275 -0.0941052842205857 0.0176077908182257
-0.00726553237911059 0.223092855648877 0.0319622694577921 -0.0641264305780625
-0.0577490273471123 0.162790720489643 -0.0570712633037652 -0.131709053643325
-0.0314610370677923 0.191948402938778 0.0785929195601403 -0.153618825684468
0.0603715999706076 0.1804064812437 0.0737820051032834 -0.197735891426919
0.138508959996397 0.115153800827688 0.0105208582427916 -0.18060471771354
0.144337919738791 0.0391396642132279 -0.0106251254265502 -0.141283924958683
0.130802719372968 -0.0112874296380179 -0.0115879977046694 -0.112260666462491
0.106024438876182 -0.0452891991945179 -0.000111351459473199 -0.0797766232067354
0.089995961719689 -0.0398401106618013 0.0110282467951645 -0.0355947003294575
0.0880356609241928 -0.0443352264873527 0.0555235307963522 0.00912498287914403
0.11835029208872 -0.0252989563045991 0.0884556690540071 0.0622169374598929
0.134239149003753 0.0188722181734551 0.0815625422007686 0.130513955526223
0.143691174601985 0.0729503421219303 -0.00519106135659637 0.177625654044549
0.0913997700889469 0.140997698073525 -0.0935162670158646 0.134856644626881
0.00115338472057332 0.187719265742522 -0.0856661189840452 -0.0130470969393067
-0.0436239037997098 0.192462243955199 0.0528881350249717 -0.118115095384852
-0.0627148281820891 0.109954515119205 -0.0349295765746468 -0.1891304808528
-0.0437976960995675 0.153524043042043 0.0657220236471917 -0.183105766474442
0.0415982331484727 0.154270774954428 0.069846314628604 -0.184613506829368
0.115502700346826 0.0958381357216104 0.0319852888462416 -0.155773887516577
0.11314984108556 0.0321825719962461 0.0345138206038599 -0.132565747686496
0.103449038179145 -0.00479415453399586 0.03173416571744 -0.122689181141699
0.0858022217719914 -0.0299645017709428 0.0380469696776549 -0.0971025916961381
0.0718530166207328 -0.0242208195486752 0.0479617882388435 -0.0524776024066991
0.0740490048549672 -0.0236456789148847 0.0923802782238925 -0.00249238100744135
0.0964630245729495 -0.000779481983415257 0.120118232789114 0.0584222495920076
0.104988240611358 0.0358292066992719 0.102436881959239 0.130540987026252
0.106198575391606 0.0848564176988643 0.00687640976207273 0.170061154194526
0.0456912320883125 0.139829222781727 -0.0785134335530851 0.113496305153589
-0.0422829543768682 0.159668020981495 -0.0601813332594513 -0.0324678107945998
-0.0736011496552801 0.134254285691412 0.0843226538981708 -0.147946689462022
-0.0629216233027594 0.0377099342647282 -0.0197956899128742 -0.219169060941281
-0.0528982415694585 0.0891726301611439 0.0498429379878633 -0.188147671754904
0.0137528926779449 0.0991762665557138 0.0707978394772584 -0.163683427325474
0.0674947100472698 0.0581702123632057 0.05337723229447 -0.140539076147051
0.0592043444596223 0.0222582193296917 0.0641557391342155 -0.133378792437394
0.0574437739370499 0.00703839490360007 0.0562009140239892 -0.131626078031046
0.0531575041054133 -0.00804893988147556 0.0626294678031043 -0.106341338398717
0.0428745241427023 -0.00549016227151655 0.0754412710913048 -0.0591980081391258
0.0474212929508961 -0.00432943930841054 0.121233027881521 -0.00396071433571756
0.0600685877330005 0.0129359707690854 0.143069992308657 0.0650321807919481
0.0648165745205427 0.0338193450628699 0.116591207590482 0.139613973571193
0.0649297146251349 0.0733542635361927 0.0173551798536435 0.167668228776633
0.00664289974115593 0.114444100189184 -0.0565143157143687 0.102697840460675
-0.0679813460079012 0.107383182814488 -0.0277978245971184 -0.0316778885473509
-0.0837419480177524 0.0590268116451775 0.115140100709763 -0.151422403723613
0.0647061410358737 0.0133132180148342 -0.107571424522843 0.174459464749307
0.0589376322110008 -0.0501628881593151 0.0335217726032284 0.0477923508714723
-0.00221587212525035 -0.0740455335932503 0.0540527890154077 -0.116119407694771
-0.0418908908443642 -0.0345636165967561 -0.0221090227175322 -0.194151888834629
-0.0277897828444286 -0.0136365126832206 -0.144788267548212 -0.164033666517429
-0.0190955078059068 -0.0135535646005264 -0.181900714775586 -0.078202202192391
-0.0171352855717245 -0.0153487395798691 -0.152430318177776 0.00702631272131083
-0.00777386099632024 -0.0166942848603583 -0.114387669100285 0.0766307775267704
-0.0120174346492206 -0.0246138887886911 -0.073064058130164 0.123088225396919
-0.00472950174181839 -0.0322745932092392 -0.0590971771454684 0.152985965375222
0.0011157213050879 -0.0225849627903402 -0.0646986862066537 0.158932542075839
-0.00641386172075888 -0.0337193779225159 -0.0768136685154553 0.16455120255654
0.0202437917424048 -0.0488228996921482 -0.0760018654941625 0.167283042970443
0.0651514654361844 -0.0125414295392193 -0.0609724657947742 0.160516464520015
0.0637526806797517 0.0360817992406426 0.0136702671971937 0.204819668056172
0.0425846168113892 0.0850525519597869 -0.128064910302181 0.145879040408827
0.0482136360562929 0.0258664178037152 0.0272573793889248 0.0208296039915833
0.0198857825455905 -0.0105441566105334 0.0413912371558278 -0.135391296207228
0.000940935796376674 0.00625593330030712 -0.0344192859189251 -0.19753199469622
0.0216100945931207 0.00583396084179694 -0.143206979019959 -0.164901359251076
0.0300785009717443 -0.0135724362007549 -0.174152834112221 -0.0846068205834719
0.0248969129407469 -0.0322572194756574 -0.149866550672156 -0.00311558999902931
0.0302805773401068 -0.0358317889925842 -0.112259526338399 0.0647111418118986
0.0250230671687035 -0.0497428785945714 -0.0654037152633533 0.11229422465298
0.0486303488228961 -0.0535615767952682 -0.0430297544910646 0.147853026571589
0.0650757209292749 -0.0217226348760739 -0.0481678755376254 0.168498402938249
0.06331700384742 -0.00219176041266718 -0.0737932288171454 0.177942135176611
0.0655786592397077 0.0138954098308317 -0.0866248091863939 0.16437767555901
0.0749115117498629 0.066746604565891 -0.0616616274717182 0.126616838000587
0.0604875427769059 0.123548377116205 0.0162527018053272 0.153202372659239
0.0129532701266459 0.145501888633246 -0.127956328669712 0.0944516806371831
0.030614402256653 0.102836281041234 0.0427505735415284 -0.0166334615965767
0.0421543213861562 0.0605188322644498 0.0458166694830033 -0.165549587804372
0.0516085910943503 0.0488418852514751 -0.040009337728345 -0.207695762415252
0.0736532112874263 0.0224991293674421 -0.133093337689997 -0.164134670513225
0.0782524932282686 -0.0142314190742231 -0.153899247118932 -0.0895078574592539
0.0644463792172579 -0.0466481849714939 -0.129908372202615 -0.0176310166001885
0.0636831282870032 -0.0511001981333875 -0.0964115701825439 0.0442945605645086
0.0561515914018359 -0.0680367468135294 -0.0443608708049907 0.0904517358592716
0.089826672492168 -0.0698114641354256 -0.0126142227733882 0.131532667874898
0.113953775141265 -0.0274017993417513 -0.0133445967075554 0.169203191002909
0.123421461552223 0.0127200241304573 -0.0547118825132007 0.192485348113047
0.109458999655529 0.0602635123775979 -0.0913812981555733 0.170425965522481
0.0840567160855401 0.129991630011493 -0.0722749610571531 0.0930529907324256
0.0532065309037138 0.19055416935236 0.0182910725479029 0.0827826856659345
-0.0150416589661363 0.185216319063933 -0.111783587479503 0.025583556436602
0.0124422549941138 0.16734051957394 0.0643227017246508 -0.0638825008273156
0.0654710712064499 0.127374767587476 0.0583560882167469 -0.192752336128006
0.10579767099327 0.0854848119362293 -0.0343807873883259 -0.21414561470902
0.121611433829375 0.0315523627212816 -0.109796488107117 -0.160554798878484
0.117299053227735 -0.0178554602004731 -0.118344864113222 -0.0955751418720312
0.0951008777305213 -0.0567151550927537 -0.0955702447928197 -0.0371495478044812
0.0873209491747155 -0.057973569779537 -0.0669625163919021 0.0165699462986912
0.0784448621163746 -0.0742715346793631 -0.0147041238590922 0.0617651086240104
0.115536675989066 -0.0731978445938817 0.0236685104222002 0.105983928581222
0.143528271579246 -0.0266644721006261 0.027252870287352 0.158238988777613
0.161623827347553 0.0238969754520584 -0.0296380570710216 0.198944463475594
0.136039568194228 0.0937561692407169 -0.0924744584828734 0.173351372050699
0.0805271705490056 0.173213731136438 -0.0871219445893243 0.0594910603872882
0.0349669612553668 0.228150916432052 0.0193906316010293 0.00562501988842932
-0.0365129806532562 0.195848920082132 -0.0888001361449245 -0.054555423702117
-0.00506233026783958 0.204276447536179 0.0774266856388306 -0.115798444725978
0.0777173370372096 0.172518326640852 0.0670643017811885 -0.209840404546276
0.143170261886125 0.10939910302107 -0.0188964024835131 -0.208003429352582
0.151996806412233 0.0344265909047086 -0.0693396931488168 -0.154534099470229
0.139309763507284 -0.0202377560829882 -0.0706873005351258 -0.104020293075096
0.111124427054744 -0.0594024255906654 -0.0511112981227079 -0.0592283538447861
0.0971478882059994 -0.0565769830119857 -0.0298230658851946 -0.0120972461773502
0.0900966470841996 -0.0670203640437632 0.0218896324237059 0.0315881145053217
0.127382518672811 -0.0590718888206649 0.0605514348159382 0.0794138763090884
0.152155033762359 -0.0117784084834614 0.0651991563734307 0.143167861017376
0.171708334925075 0.0425924659227533 -0.00840744859643648 0.195200662170492
0.133847078783718 0.122547233031863 -0.0916709708024153 0.165466788356022
0.0548661831365285 0.196339006102432 -0.0966553229546011 0.0252782174302235
0.00247679492454705 0.231461398245431 0.0273726810130866 -0.0668639633503475
-0.0511195910485597 0.172683794218701 -0.0649995536767012 -0.133206776655654
-0.0223089104004112 0.202713460551354 0.0746873687004363 -0.163845334624167
0.072322274247188 0.184324866713717 0.0659056040984434 -0.210647289086518
0.150750441796331 0.112118437862491 0.00138946997758633 -0.188170225613215
0.152132526030512 0.0332881259087465 -0.0193800958103729 -0.145294522057291
0.136728550316022 -0.01848765278203 -0.0187343208904578 -0.11613391637802
0.108508758194799 -0.0533409165485624 -0.00561580380396448 -0.0829486300468842
0.0930854082303034 -0.0460380391024947 0.0103179510173376 -0.0376831561479604
0.0897031184902591 -0.0504059148369261 0.060988647048606 0.00701252838779902
0.123311625564998 -0.0334719875850718 0.0975290472693561 0.0601888051227825
0.140783892963169 0.0124896475836835 0.0955019669929545 0.13237009776702
0.153737894926063 0.0682126985492359 0.00664648279109529 0.185994379354923
0.101966904573517 0.14239063075575 -0.0864482947892378 0.147134293573174
0.0105580932545717 0.196439136671607 -0.0898069344961719 -0.00676849669875133
-0.0363612728961638 0.202188354851965 0.0474925852114035 -0.12492411635079
-0.0589504909226177 0.118334720395774 -0.0450663220716934 -0.194875388362398
-0.0371668331758727 0.162927137297729 0.0598348032642009 -0.195259839861189
0.0520657254606467 0.157635558814794 0.0624899131885595 -0.196665914150605
0.124918012606572 0.0926846301784457 0.0250046391200241 -0.163808141718043
0.120722035205028 0.0271085319683574 0.0283425467772778 -0.139565221018671
0.108070714672131 -0.0107657087519566 0.0260026521771099 -0.129081746941549
0.0880719203453681 -0.0365279217013622 0.033610412139683 -0.103220376836791
0.0744497967976443 -0.0286068654643989 0.047685650232434 -0.0567156688966344
0.0759834421460534 -0.0283388690469848 0.0986174658180845 -0.00707374818808141
0.101313676379744 -0.00662829524496291 0.130005502118143 0.0544141765902171
0.110685359915582 0.03171973706472 0.117345717822765 0.132022024860406
0.115421004041418 0.0822224526707667 0.018115576657148 0.177746737097698
0.0556570417085706 0.14427243398023 -0.0735411077040863 0.124798229314723
-0.0358584481352353 0.169008984101916 -0.0641334801693799 -0.0285276339210627
-0.0701560973805428 0.143825520909926 0.0781100694598379 -0.158726279148154
-0.0630366220646888 0.0430290774395457 -0.0306796336045275 -0.227671674234521
-0.0493890162860927 0.0967721990037994 0.0427513328453686 -0.199948162616865
0.020510819358158 0.102059395215606 0.0655989123384331 -0.176108810504762
0.0730121363605868 0.054793290107248 0.048458198572458 -0.14980484036284
0.0633170838918202 0.0196051049672536 0.0586360612255116 -0.143083239348308
0.0608007181365464 0.00384962559187683 0.0509334924980199 -0.139920763467759
0.0546644524800755 -0.0116850370118171 0.0587969038521826 -0.11457238929218
0.0444262578281757 -0.00771022292035545 0.0762099202054485 -0.0658811903052893
0.0486469460257091 -0.00670323490281091 0.128179814214906 -0.0106428768509902
0.0636910485006303 0.0100474871645934 0.154015344940735 0.06034656163268
0.0688080720558072 0.0316308813958541 0.131899299369989 0.139970116356918
0.071370662372478 0.0720440816979659 0.028636321535141 0.174324664966056
0.0131767123245879 0.118764518520255 -0.0516342949273799 0.112237951077446
-0.0643077029147225 0.115869527579412 -0.0310043653180158 -0.0305771425589784
-0.0847108915582495 0.06573785411959 0.110506059063464 -0.164287963900423
0.0649557551943278 0.00901645516918735 -0.0973880847648174 0.182155372360686
0.0558295526574406 -0.0552265443391937 0.0363017632318144 0.0460035964519996
-0.00738791658020317 -0.074201988428249 0.0473232697175423 -0.121634095018798
-0.0446011755001474 -0.0309724974570921 -0.0345297661759777 -0.196451697610398
-0.0288851343982712 -0.011596247846018 -0.156466887674478 -0.15711945978918
-0.019465157038721 -0.0128419463256773 -0.190403878899468 -0.0676688642544556
-0.0181997714742661 -0.0138024655749053 -0.155310457739686 0.0156181354320593
-0.00880721487162994 -0.0169846388833295 -0.110786101867068 0.0844486752258116
-0.0131846190696329 -0.0242376435548185 -0.0650344734020275 0.128670178727679
-0.00625097901864802 -0.0323766852084584 -0.0500291156723248 0.158091336082408
-0.000126294091948481 -0.0218815582947614 -0.0554636196148586 0.164683751869809
-0.00942189709229649 -0.0322735093511881 -0.066480951522084 0.171060182584742
0.016047469309325 -0.0494791798907693 -0.0668941618838946 0.173311456566229
0.0645656666368667 -0.0169309687607584 -0.0548477870674573 0.166889547081253
0.065003170267812 0.0318560061830409 0.0239336919628574 0.208194218526374
0.0464164583693789 0.082936745086409 -0.119502815752128 0.155478579154833
0.0492694080077794 0.0223794907156521 0.0287212141055481 0.0192921916971119
0.0184446743450941 -0.0120700711135777 0.0329562578882636 -0.140482221741597
0.0005612309824047 0.00772668541222684 -0.0467560282099823 -0.198548579364564
0.0220159429331467 0.00495921015647919 -0.154626853467262 -0.157759378482266
0.0298370706728423 -0.0156470925716442 -0.183092792793665 -0.075075413646762
0.0231830142880246 -0.0335563952130943 -0.153326695426174 0.0054414837210278
0.0290784806865966 -0.0388861050800124 -0.109942596808802 0.0726802942770463
0.0232296471908231 -0.0523069081587057 -0.05832001554308 0.117368476578403
0.0466417467901858 -0.0571056433823674 -0.0344657686345361 0.15230371383559
0.0648750595775688 -0.0251769852736563 -0.0374757669884804 0.173488431102771
0.0638702196723803 -0.00472808245839358 -0.0630890929357954 0.184626104066003
0.0656920236501546 0.0113070410001052 -0.0759861551994046 0.171756116377134
0.0787945238318412 0.0630193659675528 -0.0565339199440664 0.132785139527712
0.0664423352980827 0.120234104629253 0.0235515079701498 0.156412918965332
0.0206641213970953 0.145424925214527 -0.121616690922779 0.103853106978482
0.0356332283576013 0.101251849062974 0.0420651133381306 -0.0192408951778433
0.0454434833935573 0.0580246915502392 0.036083754712984 -0.170359465953518
0.0546125210366027 0.0476832982969264 -0.0525444691841247 -0.20814034131758
0.0753329163981701 0.0182088822628197 -0.144750725212651 -0.157504815406961
0.0785830720372625 -0.0191020768846067 -0.161975306434422 -0.0810680632097418
0.0627916806504073 -0.0502018193909586 -0.13327745004493 -0.00980612700578826
0.0623670762413826 -0.0559906212176184 -0.0946573396321577 0.0504664989795663
0.0533768869244075 -0.0721555361689755 -0.0377702703369698 0.0946709744901855
0.0866639292519286 -0.07637147192465 -0.00352420105861907 0.13404131123814
0.114905961256001 -0.0337544911513063 -0.00133601275572277 0.171746871770089
0.125953870063615 0.00670881599228559 -0.0415149081039347 0.198455349698319
0.112981136876343 0.0558511379359558 -0.0794817894251269 0.178334388489233
0.0914364622491372 0.126468347250013 -0.0687332115552117 0.0999889787017008
0.063232181515776 0.188177696638554 0.0211448553704766 0.0850222316328393
-0.00479966975320084 0.187372371673096 -0.110175145057123 0.0335608746950873
0.0212224257449164 0.16829870626427 0.0613639870476856 -0.0675391357427255
0.0721637372949388 0.124094213878932 0.0473824549010961 -0.199638241628297
0.110667790283497 0.080951069436423 -0.0469305859188371 -0.214675745267441
0.124343124272089 0.0251232667071769 -0.120533601527495 -0.154457566063722
0.1184300876946 -0.0249041093239885 -0.126577860546553 -0.0885661366038133
0.0932866336980477 -0.0627073335106777 -0.0991997566451513 -0.031110242728582
0.0859657734976247 -0.0645585508914819 -0.0664545377213041 0.0214367064210172
0.075750127891232 -0.0790790976006391 -0.00838785497393791 0.063027739121083
0.113066410507885 -0.0813751111396151 0.031659299777053 0.106026950860381
0.144552918451087 -0.034916728180628 0.039832110574114 0.158784121302932
0.164988142507581 0.0148243266733442 -0.0158574103410515 0.203091552546357
0.142171226100054 0.0882947731389906 -0.0796330553239113 0.181841250870182
0.0903801500652993 0.171719586408882 -0.085306209862556 0.0669650244810037
0.0463974326992954 0.227093080440774 0.0178392418581024 0.00673022280200641
-0.0255769148879649 0.199585890113329 -0.0910236197996074 -0.0493002687235376
0.00543070501444451 0.206427898281339 0.0721662928663966 -0.121604380434972
0.0873309922016537 0.169790645767225 0.0544696991955987 -0.216635361127042
0.150241893622165 0.102352406494661 -0.0315679400585488 -0.209011260084164
0.155247011345771 0.0264602180754469 -0.079851063501817 -0.150489668152667
0.140501967337238 -0.0289864946408328 -0.078157931700852 -0.100697644725208
0.109485843462128 -0.0667779994137075 -0.0558278637482872 -0.0568933342444098
0.0966788183539475 -0.0630714024383927 -0.0306192240833908 -0.0102089278087966
0.0878823874710966 -0.0729682890542372 0.0263069060146621 0.0312420420684014
0.125854994639765 -0.067679094172577 0.0679180444851657 0.0762396330436628
0.154276752978795 -0.0199882048724754 0.0775398772816583 0.140979211557074
0.176370097610554 0.0333411798545476 0.00546869834281722 0.197917104788534
0.141990422759243 0.117042046527324 -0.0788476370652544 0.173781033100452
0.0665381852077764 0.196274685255067 -0.0960303697655915 0.0335993232144089
0.0140404661551276 0.233122785497084 0.0219253813818794 -0.0670380496216689
-0.0412337107404695 0.177552053325109 -0.0710529090898425 -0.130576310863149
-0.0118432408828254 0.206250502441706 0.0663106407542838 -0.170671712203833
0.083457744252676 0.181661955701439 0.0539907790281034 -0.216770477411592
0.157861445382044 0.104890828885327 -0.010046778347976 -0.190044489079719
0.156025712138419 0.0246964941688106 -0.0287691369521198 -0.144886481633732
0.13784258854597 -0.0276138930123311 -0.0259879975127491 -0.115771340573322
0.106742217725815 -0.060384715986869 -0.010676331239647 -0.0838385465801753
0.0924755276844063 -0.0521138082398646 0.00852471456136065 -0.0382297763205458
0.0883992970458399 -0.05576036972084 0.0643343177811178 0.00392396427984435
0.123138552206016 -0.0414944606842926 0.103979666195875 0.0549604477427081
0.143637070268997 0.00484293059800615 0.107326116001401 0.127986151990113
0.159709914869804 0.059164561227904 0.0203871673398505 0.187995740144069
0.11159473924001 0.138685681719349 -0.0752803364415924 0.154984293757274
0.0221369218475983 0.198840556281748 -0.0903258933994456 0.000494751772214514
-0.0267741619929096 0.20539418523972 0.038599058597087 -0.127421352165159
-0.0518720732648505 0.123489515817177 -0.0551173045514087 -0.194862501110129
-0.0277151004702672 0.167270645600267 0.0500424173745791 -0.201032365742569
0.0621545528263548 0.15613361806608 0.051778918736509 -0.203187864554021
0.131572257308783 0.0852759401864255 0.015259903624112 -0.166430790269577
0.123684740447101 0.0201476872399267 0.0194428083264694 -0.142146883029745
0.109448176356039 -0.0182229397104469 0.0184504550599952 -0.13154730117884
0.0867948367415345 -0.042362089109151 0.0277386686344702 -0.106606983264816
0.0745165448218949 -0.0327562447797803 0.04547643473866 -0.0598626955121919
0.0749644297128959 -0.0322583306525619 0.101078967401721 -0.0132222832642438
0.102468557892729 -0.0131356296141105 0.136504042229739 0.0470507252156009
0.113824654589672 0.0251407713065305 0.12939719246152 0.127232370338254
0.121557093698585 0.0756884072558141 0.0305597524177086 0.179383292754394
0.0649339990427346 0.142668369156014 -0.063400700690393 0.132041649266743
-0.0262777805254899 0.173507008057825 -0.0656380429906894 -0.0238468170612968
-0.0629797301727203 0.148848290825469 0.0682037237802124 -0.164464845540933
-0.0603729643749802 0.0477797641047327 -0.0429066418789646 -0.229427231450406
-0.0429599531825486 0.100794191970849 0.0324742226793342 -0.205651005302761
0.0272192881071129 0.101324847892709 0.0557833507982139 -0.182537643453113
0.0768957289205162 0.0502595931781766 0.0395362627756122 -0.15428206472123
0.0652771702775443 0.0152283101533476 0.0502880327725577 -0.147861408371893
0.0620061978169284 -0.000508203160106687 0.0431958211896947 -0.144672214663032
0.0540636315958107 -0.015098073888441 0.0525345136931766 -0.120461261705857
0.0453815910621491 -0.00961214917634047 0.0733998804711282 -0.0715677404530313
0.0486829543461072 -0.00852521150284714 0.130633058294152 -0.0190033585773925
0.0650847714576248 0.00607368707865523 0.161368886943929 0.0518436133449529
0.0709196441017718 0.027685439815261 0.144137972623307 0.134247272191051
0.0764044462950977 0.0671204949459437 0.0407088595490359 0.174946176621797
0.0215054436202185 0.119457298612255 -0.0435491603251595 0.117848506162295
-0.0581498461700302 0.121297320330523 -0.0327629486696726 -0.0280811000898212
-0.0812347484029974 0.0710852732049745 0.100194282928794 -0.172499118703266
0.0633734029037305 0.00589882775185241 -0.0879718534938946 0.183947579835376
0.0519518121471406 -0.0574241143881219 0.0370659449108148 0.0433302873414636
-0.0108687791316188 -0.0727352898216102 0.0408376081266911 -0.123035935157697
-0.0454741466529961 -0.027828718108464 -0.0424527994969879 -0.194184802767292
-0.0294637711684516 -0.010243148371617 -0.161139660247122 -0.149116671032372
-0.0203097534066268 -0.0116111333540851 -0.192956819513427 -0.0588706849637143
-0.0183539919944501 -0.0129408271008325 -0.154814621904027 0.0212351402345633
-0.00962084650638599 -0.0169340770061041 -0.106358276831342 0.0881892247117586
-0.014265251964764 -0.0238371160805884 -0.0589822854171176 0.129797699530163
-0.00769865098298274 -0.0319818326874289 -0.0433406189750795 0.158428941644292
-0.000238615995287844 -0.020800324293388 -0.0480487624555507 0.165476900468148
-0.0110424498258471 -0.0298754069885221 -0.0577832400450639 0.172041576967546
0.0128339180768452 -0.0490294547511136 -0.0595988966699643 0.173220496578452
0.0629839486973889 -0.0201363565516065 -0.050252439161797 0.167885090577155
0.0640338015286782 0.0287411583308093 0.0295261672567881 0.206193575768477
0.0477958489312792 0.0794465723779242 -0.110543149803867 0.157960177332928
0.0484482777836734 0.0198636722809212 0.0291229923286938 0.0178220509498955
0.016761583231178 -0.0127303642528104 0.0269281267816562 -0.140631442779637
0.00025631031134595 0.00876788288540194 -0.054541827897379 -0.195570589014987
0.0215506019745222 0.00436113151499662 -0.158649895529127 -0.149501836081297
0.0293239143004886 -0.0164524935503592 -0.185116261933525 -0.0670167030444418
0.0224922331029413 -0.0341477216316245 -0.152586521446065 0.0110502181198974
0.0277387360305134 -0.0401506326635701 -0.105518716736884 0.0762391356213366
0.0214077647189751 -0.0530053244466075 -0.0515494780585543 0.118781277937019
0.0442665658939289 -0.0582014895172625 -0.0273048471347147 0.151993809303087
0.0643108776332506 -0.0267246953168814 -0.0292781136106469 0.173179027414034
0.0632893928888566 -0.00557187099089302 -0.0533458426169205 0.184907235517289
0.063818329971871 0.00988485699484446 -0.0677366743768039 0.172648566837432
0.0794700371716042 0.0594655857845425 -0.0524350260780251 0.135042066437867
0.0682353187528609 0.116020396060722 0.0277224849360438 0.155409413098883
0.0247788312639667 0.1423164646519 -0.115111105411958 0.107956947102881
0.0375180535406764 0.0984744689551132 0.0410682996485674 -0.0205286167753093
0.0457193927155987 0.0555229858504242 0.0283819790807441 -0.17021281441209
0.0553150297818843 0.0461098057831254 -0.060070921280842 -0.203743424658044
0.0747421858521386 0.015811491107811 -0.14981161165035 -0.148568176808285
0.0772980963294482 -0.0220833632971566 -0.164124608926892 -0.0738820800957785
0.0610614652131851 -0.0520900263280558 -0.133420289841795 -0.00488038355901508
0.060232741606676 -0.058571162491437 -0.0910824358067411 0.0539796096162505
0.0509760866162248 -0.0730343875480503 -0.0321444725486251 0.0944313638144422
0.083576204771453 -0.0790438577162522 0.00266980182590226 0.132680473459951
0.113560911687021 -0.0370799560934969 0.00734495651342689 0.170273413269552
0.125289382855525 0.00299824300435302 -0.032129956625947 0.197963983980771
0.112932398212849 0.0523703999158796 -0.0695974753388858 0.179634144100714
0.0942535498290671 0.122815858642544 -0.064682528047649 0.103145929627684
0.0669950645564226 0.183403120361074 0.0224569289503679 0.0856259266686298
0.00181415547797961 0.184361200257513 -0.105615145748428 0.0378834188681733
0.0259340658123854 0.165162653476628 0.058788781032298 -0.0688440552786896
0.0745754266285176 0.119134664843092 0.0381104615211007 -0.198973366825639
0.111713215824945 0.0770653775368084 -0.0548327140408472 -0.210508612647564
0.123479008343897 0.0205597452988723 -0.125616305331934 -0.147223182212666
0.116777750458093 -0.0292519431234707 -0.128610095073335 -0.0823537568932271
0.0901222127572796 -0.0653567563880601 -0.100213345753948 -0.0269351624186362
0.0836445756341558 -0.0675472530102001 -0.0647455720849393 0.0237810521894547
0.0725211535965395 -0.0814563877506493 -0.00451291617405305 0.0623316629303334
0.109469968083266 -0.0848845729432453 0.0370745794628181 0.10343400073421
0.142732354866496 -0.0394990428227465 0.0480733218628052 0.155526762504753
0.165023905778292 0.00881980209620717 -0.00615616038788091 0.201702130859964
0.143139865006681 0.0832198021922187 -0.0687931164009507 0.182687991718185
0.0952913063907457 0.167171518236772 -0.0819257705711693 0.0716583149797293
0.0525099031652362 0.221981781163204 0.0160525595527335 0.00855028867034643
-0.01861946075791 0.197093056645236 -0.0901788556206218 -0.0444275069363458
0.0126228147772323 0.204151167324446 0.0671516554255488 -0.122773773635238
0.0917200702533532 0.163712126575719 0.0450032865855921 -0.216172389362191
0.151796770025103 0.0960706380885946 -0.0391175026880685 -0.204560459481456
0.154658127289219 0.0207058734585553 -0.0853640627851272 -0.144079754623078
0.138096049892246 -0.0343498243108389 -0.081524469028325 -0.0961165490616165
0.106038915917484 -0.0702332590914353 -0.0576649428023243 -0.0540012265015963
0.0942998634917994 -0.0668091966618939 -0.0299618120008045 -0.00864805143032815
0.0852216691887146 -0.0747951972277348 0.0292595434178621 0.0288713982135278
0.122347383997628 -0.0720080993036162 0.0720833414397647 0.0731156177459674
0.152601031831948 -0.0257764396892793 0.0848695442907778 0.13655388544889
0.176294037392323 0.0268246794288898 0.0149736358171627 0.195163817732661
0.14365946914458 0.111972499249084 -0.0682001730079549 0.174637110114212
0.0724964867618203 0.193240762905178 -0.0936291319698743 0.0383230106332303
0.0208793200641878 0.229316126435244 0.0173774618136259 -0.0653248904682492
-0.0335212023949953 0.176651188911191 -0.0740056544387455 -0.126013226016929
-0.00407681496241131 0.204870865432988 0.0596260845344313 -0.170811386987993
0.0886096295550339 0.175268682358574 0.0449226766231002 -0.217161988687145
0.160109147748577 0.0977672273522552 -0.0167707840887875 -0.187001590168274
0.15597952552913 0.0181909934023318 -0.0353006822442653 -0.140693240244765
0.135263605671396 -0.0328212317140959 -0.0299540564795521 -0.113471883762731
0.103897569238183 -0.0640597013012618 -0.0137058909245659 -0.0820085251768175
0.0907339580970512 -0.0552718003861509 0.00756341522960115 -0.0382158694896613
0.0860293000644652 -0.0573850678782616 0.0654939636463499 0.000430868582343068
0.120663713875666 -0.0457852434353613 0.106761466667411 0.0505309331108018
0.142666155411621 -0.000239662116977995 0.114090112880849 0.123054613070791
0.160514141112608 0.0520488412487767 0.0291000664131425 0.185675657788964
0.115418835091193 0.133876348299923 -0.0652643173026725 0.156738367109587
0.0290402005278844 0.196097064846326 -0.0891397880992074 0.00566937885665686
-0.0198471769484367 0.20375693425351 0.0320032581394596 -0.125898407301266
-0.0462034614298578 0.123795096881864 -0.0600557457676373 -0.190307043791324
-0.020688386194208 0.167110356794445 0.0424191446779013 -0.201333253263847
0.0675160347855839 0.15118528214227 0.0430491373410236 -0.202690938217897
0.132762000543084 0.0787072652587374 0.00824120423721454 -0.164511296116833
0.123352398277433 0.0147267830922474 0.0130470084826524 -0.140701026816019
0.107436836920819 -0.0231354519665744 0.013254605193266 -0.131487361714492
0.0847665501750376 -0.0451023707460793 0.0231816461525727 -0.107077098566391
0.0732743153270751 -0.0354698399561499 0.0429213428762942 -0.0599867734678949
0.0736969458516082 -0.0344505392203025 0.101430342517185 -0.0174616253204736
0.101247622710263 -0.0173287641509165 0.13834994058886 0.0408755845497112
0.113729104895771 0.0207682446377503 0.135577032224264 0.120958907173188
0.122949749575653 0.0693191212089028 0.0385570464244774 0.176788257084067
0.0698086820798253 0.13828264087587 -0.0548495816654289 0.133851821940996
-0.0190447477800829 0.17295770211602 -0.0660945161372798 -0.0199187017395085
-0.05751186290843 0.149135484890451 0.0591605408627056 -0.164176128297707
-0.0571692387043524 0.04934736165259 -0.0491255654179382 -0.225157188286535
-0.0383939776135977 0.101290516005747 0.0248146857164669 -0.205305424024388
0.0310134426235694 0.0984945645129442 0.0481013795508149 -0.182829808831457
0.0780209457418977 0.0456527525097371 0.0329268106865622 -0.154001163317052
0.0657763819132325 0.0119700045953499 0.0431698571369161 -0.147538735342652
0.0607090744341688 -0.00351893450885817 0.0377999074082951 -0.145262795773496
0.0528633356316123 -0.0168946138917719 0.0466186757489103 -0.121401515722564
0.0451660310708288 -0.011036016665175 0.0702423201409727 -0.0723495798203501
0.0474364844525709 -0.00949357916817943 0.129886617911656 -0.0239885494714089
0.0646926656935097 0.00313031229471537 0.162998503431844 0.0446257839371192
0.0708033578221435 0.0247775402971185 0.149405486727862 0.127924180261744
0.0780790693471307 0.0628551462869952 0.0487040740790765 0.172712147994712
0.0266040015311125 0.116671093755463 -0.0364471868957084 0.118814437163552
-0.0523874295876847 0.121767231092158 -0.0332734939218039 -0.0249479781519658
-0.0782547228493161 0.073475690031128 0.0912627744903169 -0.173610295378653
0.0646469984788135 0.00953311401334492 -0.0953814998184261 0.174658936992504
0.0539358336864547 -0.0552884451089585 0.0328126420527291 0.0433951890214561
-0.00892086993539206 -0.0732018108115616 0.0430477689721228 -0.118888869522774
-0.0452302534090158 -0.0270470798857686 -0.0369751380882998 -0.193604105872682
-0.0295924266626413 -0.0080592525312189 -0.153887703197914 -0.150815919129768
-0.0196937330303746 -0.0108797844414211 -0.189019376359368 -0.0640515685285313
-0.0186339470407513 -0.0132844968209641 -0.156257046811456 0.015960125285468
-0.00919915754072004 -0.0178823311376384 -0.108037486834709 0.0840557488265999
-0.0135889286551494 -0.0235457184664265 -0.0609184047691336 0.126548710003066
-0.0067494815700904 -0.0310697061334742 -0.046024650925419 0.155444608344344
0.00113307740359948 -0.019053913936073 -0.0518425839926763 0.161079026264977
-0.0104795375937383 -0.0257213352340142 -0.0625169914558492 0.165914239396795
0.0125460430638394 -0.0451465499949729 -0.0642899979074883 0.166234251401357
0.0616466958482123 -0.0158792683665959 -0.0584723582771353 0.165172633260458
0.0631142047477788 0.031363915282743 0.0156743188537603 0.20733244388512
0.0439730156381631 0.0826302470364403 -0.112923031273709 0.150053983572577
0.0457451917678627 0.0217096712682706 0.0277593628939432 0.0176802266726932
0.0149002198417848 -0.0115535183366111 0.0326409619632635 -0.137491469461298
-0.00202111858947954 0.0108507645471467 -0.0447170358134656 -0.195368795867469
0.0199459231423495 0.00934445077032402 -0.149032285209199 -0.153284723190638
0.02949851468155 -0.0135532078961223 -0.179594475800495 -0.0729841028380782
0.0236496385389467 -0.0325177042408296 -0.152265136727212 0.00486541832785612
0.030186331397162 -0.0395309443750453 -0.106311306045554 0.0726509676422873
0.0231075717519718 -0.0510937604629407 -0.0530142085435821 0.115902731085087
0.0468728138875901 -0.056464552268424 -0.0289971981966245 0.150518275069739
0.0672714508816104 -0.022702318980864 -0.0318789105690777 0.17159141749165
0.0625028599123417 0.00160519976022075 -0.0565573283952227 0.181980609634204
0.0612023028401508 0.0163702863803161 -0.0722065409694149 0.168049874154682
0.0750089011011237 0.0640839983365942 -0.0607598957025483 0.134010009144056
0.0648310217041676 0.11789079377745 0.0139943238688478 0.158951431132962
0.0163553583694508 0.144481449594402 -0.112313708218236 0.10203748212793
0.0295293776436679 0.0999018486354522 0.0437399235570471 -0.0197451210269885
0.0391073504080699 0.0578009785350605 0.0380716994675162 -0.167337371437252
0.0492277060647856 0.0502043424844202 -0.0473453768566693 -0.20437032886443
0.0720142448371463 0.0230306735402894 -0.138181629952952 -0.153094558928388
0.0777951281702278 -0.0169940210890657 -0.158259720718604 -0.0811371375634338
0.0625286860173015 -0.0492191823562128 -0.132177784564932 -0.011330828675599
0.0647898663745999 -0.0565671115677083 -0.0905190112242085 0.0501404592664261
0.0547107706697451 -0.0707419204712498 -0.0320839683299662 0.0930644176379445
0.0877538837807583 -0.0759843166126961 0.00261359747184808 0.13219671509806
0.117719456284096 -0.0318917589535747 0.00631750082200013 0.171018723431104
0.124780587904869 0.0119279235270235 -0.0338705793307054 0.197768146985459
0.108351861296902 0.0609930436994941 -0.0741393252850447 0.176135929820538
0.0873649901623411 0.127876163694212 -0.072728897933057 0.103360667437383
0.0614118112307416 0.183662532942179 0.010703525637372 0.090624837570813
-0.00957456469956695 0.186349664627315 -0.0973420790720694 0.0348158748429016
0.0134271076555933 0.165809818131632 0.0658945284542097 -0.0664706956236311
0.0629794816609566 0.123185142179649 0.0520248160182539 -0.196159437561262
0.1033495086694 0.0836459387969995 -0.03913269483427 -0.210823537327095
0.119265922110543 0.0301847176972218 -0.113560913085008 -0.152248020244784
0.116784346091242 -0.0226743194726491 -0.122263318047338 -0.08905753810169
0.0929811934921175 -0.060645084890689 -0.0977298463851711 -0.0324762620922608
0.0890694455945151 -0.0648507189270037 -0.0629602966857781 0.0214356533213987
0.0771909547549121 -0.0779991554761008 -0.00295157376034176 0.061941913201213
0.113962112469665 -0.0815625934403181 0.0381361232657295 0.104007832191567
0.147548699088633 -0.0334090295502715 0.0478995850823751 0.158795974803432
0.164210716175048 0.0188983688131344 -0.00628848502419949 0.204618842847669
0.137997037237787 0.0933099779181302 -0.0732992734194641 0.181381262495401
0.0864906715982815 0.171789275119667 -0.0882605969322819 0.0718785927271681
0.045768640850838 0.221744066678483 0.00796993962599713 0.0142630862264809
-0.0315760265704222 0.197628453371281 -0.0773695033936011 -0.0451103119592284
-0.00272835144757857 0.204374814821263 0.0781526226650062 -0.118947543095528
0.0768714373797049 0.168773574417225 0.0614816630712737 -0.213132947592978
0.141610889663771 0.103975654472183 -0.0225738181162674 -0.205392773640843
0.149880229406527 0.0312301063059 -0.0736481891698897 -0.148927329678253
0.138394668117878 -0.0270331261395372 -0.0752466931453954 -0.100863630582885
0.109640629831607 -0.0651176422949361 -0.054611740570436 -0.0589006201555527
0.100463128465509 -0.0633327218540935 -0.0277964864471691 -0.00955266064791797
0.0896781748153673 -0.0712822864641751 0.0315288731892137 0.0296583253321167
0.12677427820717 -0.0687871327315765 0.0735333839067572 0.0749112475627437
0.157410545475896 -0.0197708870283198 0.0839753244830429 0.141785030074937
0.175123493570589 0.0355795420976396 0.014561100686852 0.200768206456965
0.137946975890419 0.120589129807025 -0.0722544977556263 0.17444912282629
0.0632417097579871 0.195949537345869 -0.0990483283477536 0.0379590867444738
0.0140441156019039 0.227454590769459 0.0132360007990061 -0.0595251748728041
-0.0463167464799311 0.176017372759895 -0.0582245486548145 -0.124644409566404
-0.0192294379429507 0.204554471616011 0.0738283425397544 -0.166889677964815
0.0739657537567158 0.180298269733025 0.0614388642413999 -0.213883621917862
0.149794042898081 0.105217810695616 -0.000923363387555505 -0.186785701622677
0.151270051593235 0.0284015062281955 -0.0241258957365148 -0.142919246545142
0.135675276019214 -0.0262038508148855 -0.0242392377531884 -0.116341579570426
0.10670276270628 -0.0593583291479595 -0.0103620578794257 -0.0856536250447773
0.0961483094948115 -0.0517391259930057 0.0103508885759388 -0.0369102308741338
0.09010009466984 -0.0539464491751692 0.0682292652194361 0.00313864831334675
0.124052514211819 -0.0425439985941889 0.108314413367007 0.0537699366946451
0.146024242091482 0.00518201918555146 0.112923446996217 0.129354875908027
0.157805816164861 0.059850438231944 0.0275536178300771 0.192282327761083
0.108706478577563 0.140977238994528 -0.0696280006497005 0.156157632399021
0.0202039260758129 0.197363615195617 -0.0929800306788108 0.00417285834868696
-0.0258921882145467 0.200523104448945 0.0311078326506877 -0.119386662807259
-0.0561916410614278 0.122784143092773 -0.0442778744248206 -0.188276158285446
-0.032724486080608 0.166897038430327 0.0568597070016282 -0.197360154307935
0.0552679552442003 0.154775974107331 0.0585595882514562 -0.199336916312205
0.12498549111251 0.0845615250006403 0.021164869482262 -0.163715173019517
0.119688811649457 0.0211105641184535 0.021028735769513 -0.140249157635948
0.106813180392284 -0.017858093352353 0.0191274937125881 -0.131134804796068
0.0869142155538837 -0.0422725810676551 0.0271220693769337 -0.107845828964475
0.0774103985827628 -0.0325063262292131 0.0454396697060319 -0.0582903434982453
0.0765761098452812 -0.0312016067065721 0.103386761854588 -0.0144326675312224
0.103779623269643 -0.0145877574488001 0.138863883584809 0.0460889739905573
0.115397834066765 0.0255242014882888 0.133028153753414 0.127592667530881
0.120885572404384 0.0747348815299957 0.0352972721383973 0.182967806166817
0.0638737818782088 0.143021855619064 -0.060508080605139 0.133978367871483
-0.02576380527325 0.171106273742447 -0.0688758042652996 -0.02064057518248
-0.0608985928287377 0.145388727389539 0.0610751965388327 -0.157573307789217
-0.0619106705702617 0.0475704454230924 -0.0341660188765351 -0.223841607786274
-0.0456293706500375 0.100182492367706 0.0379592546885131 -0.201189268659943
0.0229766462341634 0.100116017277539 0.060919811162545 -0.178738394967334
0.0720584773930539 0.0479068079211422 0.0423215281188118 -0.15124880122633
0.062476025229484 0.0148973344513322 0.0488240303046797 -0.145357885149688
0.0592862606315234 -0.00149169353031613 0.0424451029323989 -0.143410925732043
0.0533737814032556 -0.0153117537517937 0.0499885966410535 -0.120583155750844
0.0466284960125922 -0.00865185948961044 0.0724515866390191 -0.0692598404459088
0.0494042439308402 -0.00751397675912616 0.13100927028883 -0.0203354922290743
0.0665136694621829 0.00467062983157778 0.161874516520735 0.050160102470832
0.0714286319044522 0.0278389575668722 0.145473985152971 0.133358197280538
0.0756855220321451 0.0663858554357222 0.0431210645842677 0.177913025610656
0.0216570638645659 0.118815065760266 -0.042327134022363 0.118426530369148
-0.0567305619631119 0.119413665763793 -0.0349474447148184 -0.0261796999239881
-0.0789203857149061 0.0692393464906751 0.0957486800998458 -0.166762993301348
0.0637141634130654 0.010061192873189 -0.0976655164364606 0.175846575576832
0.0538821956012912 -0.0556391047363761 0.032127102321351 0.0444110465458319
-0.00960262800436831 -0.0738930325108958 0.0446543932086089 -0.121323540062923
-0.0454334181589077 -0.0264699627506692 -0.0361220052005865 -0.197437641669343
-0.0296408595903675 -0.00743714384898632 -0.154188080531089 -0.155713479070353
-0.0202258775129559 -0.0104040259002395 -0.192426732993713 -0.0659578024880482
-0.0185986748418824 -0.0136730013472628 -0.160363778505671 0.0152043693020986
-0.00926703387599158 -0.0182654174442892 -0.110152471747176 0.084614492297524
-0.0141754406188277 -0.0237987951705351 -0.0628979068732818 0.12785331700892
-0.00647816030499999 -0.0315795901116557 -0.0482059788645985 0.157957591452852
0.00221940897441324 -0.0187117846746037 -0.0542211448035602 0.16277968519083
-0.0101743073472575 -0.0242542273342087 -0.0648725704545306 0.166938353466738
0.0122206518292591 -0.0448920883592144 -0.066991871565569 0.166646310316913
0.0620328708254506 -0.0151745834665333 -0.0627528702321568 0.167438781619125
0.0628363321962665 0.033047102711897 0.0128364226391988 0.211990072424446
0.0422736812948604 0.0838991712272831 -0.115662507550844 0.150430981078925
0.0443766174248991 0.0226273340877858 0.0273187693277859 0.0185446306721393
0.0135979495914189 -0.0119266618735011 0.0340285136095611 -0.139698037049077
-0.00209060328206514 0.0127177076177695 -0.0441263564034143 -0.199909775145567
0.0204878367887645 0.0105938714402674 -0.149526312432733 -0.156851516323234
0.0303119511884596 -0.0130219440165001 -0.182846339437655 -0.0754390681453319
0.0241917086726157 -0.0324673630004228 -0.156125003853316 0.00434817631116566
0.0314876211254214 -0.040520418544655 -0.108371487063768 0.0730647486938117
0.0247671350750434 -0.0513320169588385 -0.0542735414828872 0.117160332351528
0.0485424553024934 -0.0570520928605322 -0.0305983949254956 0.15240720236308
0.0695234059860868 -0.0222322211660872 -0.0332971086284426 0.173777316546395
0.0642175993637523 0.00359685151491169 -0.058104894164341 0.184227180822449
0.0610518023917317 0.0185112830736225 -0.074712344947085 0.169040687810191
0.0748394272801079 0.0666476670009034 -0.0647419142832858 0.136119521833318
0.0629231456332912 0.120657889906739 0.0111245962548574 0.163357891946222
0.0133850975944999 0.14612588023935 -0.113342427613976 0.102538037163116
0.0273484157511545 0.101738728715705 0.0444980192759496 -0.0186276961800671
0.0368819831136116 0.0583257832726305 0.0396578303127226 -0.169100833285798
0.0498679981792968 0.0527148277815514 -0.0458772720644131 -0.208413350069095
0.0724072938948969 0.0258152306894719 -0.138273829168706 -0.156541056128236
0.0791389801667033 -0.015992058019711 -0.16062057824997 -0.0831327362345681
0.0648140863228971 -0.0487417489727055 -0.135226792405464 -0.0124870308681694
0.0674516103648535 -0.0574883985818697 -0.0922409035799158 0.0505358883705506
0.0571285254020743 -0.0710991542120183 -0.0325376864377754 0.0935717184893192
0.0903774679032555 -0.0765683646865839 0.0017911872629691 0.134486876116936
0.120976590315631 -0.0306199563361062 0.00585359820328155 0.173863826006512
0.127362668550758 0.0144602502488629 -0.0349088973890078 0.20097984510299
0.108624153565706 0.064639873346559 -0.0753054151442253 0.178627068367018
0.0866197815411486 0.131864510443805 -0.0761224345316097 0.105249442819822
0.0582869973533535 0.187373015556314 0.00839352762074877 0.094240882497206
-0.0130836618201929 0.18760941160061 -0.0978846321871304 0.0349215585298731
0.00987719496096716 0.168814234591424 0.0675620510673338 -0.0662621640594858
0.0607583260986908 0.125435007060266 0.0539421965475063 -0.198188500998494
0.103681189760523 0.0868555857380611 -0.0370036961933727 -0.214518285905055
0.121251214509085 0.0332018063999039 -0.113438532974371 -0.154507158736995
0.118973718932651 -0.0217636109726797 -0.123834448659361 -0.0914282340458309
0.0962619128223434 -0.0608692144267098 -0.0995918838122902 -0.0343623559974273
0.0923894571271372 -0.065696242943996 -0.0642765455843445 0.0216437885134511
0.0800713823910581 -0.0778828647133437 -0.00174382682033852 0.0628509476728586
0.117119254057739 -0.0823408965966839 0.0382207080864435 0.106233141376551
0.151954780791744 -0.031439963156084 0.0488818952144634 0.161010346959367
0.167470384237829 0.0219327867344846 -0.00800698783907366 0.207964256460192
0.138642043411049 0.0977301017611675 -0.0740815690219375 0.18284361689222
0.0854225559578572 0.177015484507011 -0.0908122100031405 0.073198804231873
0.0417553432727536 0.225454877285408 0.00598851952752412 0.0167357521518852
-0.0346872598948711 0.199250880793587 -0.0762882336141235 -0.0457541597317083
-0.00662858141074716 0.208406470033389 0.0804291211679572 -0.119468177128039
0.0752713645590727 0.171267848720198 0.0637683987204394 -0.215413690704675
0.142333393083752 0.107743692503384 -0.0205603935215612 -0.207631307802214
0.152203712279815 0.0338957504712005 -0.0730617170077259 -0.149559967903551
0.141187698826964 -0.0268289115634786 -0.0761033930234051 -0.103573463688053
0.112266702286752 -0.0652087285507167 -0.0549784124073771 -0.0605925524628629
0.103496521769467 -0.0640932263799493 -0.0276021638538523 -0.00930002737850449
0.0928719960089927 -0.0708586918581827 0.0331312747679531 0.0300128605230225
0.130258766920861 -0.0688640851514723 0.0752947222129602 0.077032263438165
0.161237564788239 -0.0175586941885079 0.0868221433810959 0.144118390747176
0.177300432985381 0.03795692610974 0.0146447672940253 0.204271896381353
0.138499260993884 0.124996035456742 -0.073430239594023 0.17567192258115
0.0608923010624321 0.201211669486971 -0.100509172969572 0.0387891144492639
0.0100635942969959 0.230496603646908 0.0122067245494076 -0.0581766611265438
-0.0486683856765403 0.177217542198692 -0.0561645919875869 -0.126532644525442
-0.0221722404189819 0.208443481218136 0.0768255700550366 -0.167913606416053
0.0719824571297406 0.183640553248244 0.064037494037579 -0.215559970074831
0.151035320801016 0.108008532432967 0.00106403901493787 -0.188145794320112
0.153378864955549 0.0304115477206435 -0.0237054810835698 -0.143933349676971
0.137758278043821 -0.0260169480087136 -0.0237271503100499 -0.1182823770596
0.109499846409284 -0.0596223856300152 -0.0102079044909057 -0.0874257930644335
0.0994381209931679 -0.051881069990762 0.0114316002647849 -0.0371486282801148
0.0926819125970732 -0.0531837852276588 0.071243021886922 0.00311918957328309
0.126659143413084 -0.0424435590926667 0.110652122612691 0.0554140103126323
0.149502231294438 0.00723415262369967 0.11594636335702 0.132277165378614
0.159973868167078 0.062450942948821 0.0274147719276557 0.196432171692604
0.108404347841249 0.144076804259305 -0.0699479520078813 0.157891872931389
0.0179140735775779 0.201806874895575 -0.0939825003283631 0.00490571311815657
-0.0291792227723246 0.203705065498505 0.0313810931102394 -0.119783389281594
-0.0573609982711503 0.123496437087467 -0.0405305288760245 -0.191217552236354
-0.0353969535881078 0.169644693044728 0.0599253914680143 -0.199326640162777
0.0543477313810388 0.157348362018122 0.0610493657386996 -0.201013256349808
0.125799285698754 0.0864790973712175 0.0236526601622979 -0.165130997170049
0.121603886224035 0.0226834241437162 0.0225274671792155 -0.140285789514228
0.108713030474167 -0.0181077736004603 0.0198242715255665 -0.133427853772814
0.0886567002026702 -0.0416705150852378 0.027890076789393 -0.110031969562134
0.0800115409119591 -0.0321568245238406 0.0473123659093517 -0.0583769828692605
0.0788181468827217 -0.0298377015450127 0.106790215972935 -0.0135955104513662
0.105547625330396 -0.0138491529968043 0.142031251594129 0.0476646451802727
0.116948708351268 0.0270981590678506 0.136383005792459 0.13080907492498
0.12140602548998 0.0761691127198316 0.0356753954448519 0.187526009454628
0.0629551645617518 0.145832520024005 -0.0606871488771725 0.135394624084836
-0.028317151935374 0.174703433047116 -0.0691212465238 -0.0208950150546125
-0.0636562509303003 0.147048185245035 0.0624027437752933 -0.158778062403801
-0.0626683790313246 0.0476235054281222 -0.0312832536572421 -0.227295922108478
-0.0472132803799988 0.101370717792231 0.0403578341027006 -0.204226880211752
0.022657819875522 0.101368287343671 0.0633523816496376 -0.181000032030044
0.0722250116240616 0.0482791520862887 0.0444908706736213 -0.152170925295148
0.0635852148821813 0.0149180070464159 0.0501461942848557 -0.145867942229841
0.0599649634931307 -0.00178019714590225 0.0444333881863351 -0.145622493813758
0.0541801072179347 -0.0148363356319229 0.0518424104096667 -0.12303770139628
0.0486268836914546 -0.00775211983889776 0.0749947529989673 -0.0691760999627386
0.0503519916763463 -0.00608163278824651 0.134546938824783 -0.0193365079203758
0.0668675180041803 0.00531362871595002 0.165161502490052 0.0524659909951268
0.0719894787594211 0.0292078521916716 0.148643405461984 0.137002146412148
0.0763850419538981 0.0672763613763024 0.0435206720270248 0.182136812411047
0.0212439381800353 0.120156638217917 -0.0431613467793943 0.12061852325375
-0.0582814982895112 0.120192574159112 -0.0354184562410263 -0.0263478702605524
-0.0804140226268275 0.0700288124369022 0.0982270211188725 -0.168512569391153
0.0650791083191086 0.0104696486021586 -0.102517445392571 0.182248615814469
0.0556439436794762 -0.0576529928072756 0.0326499363698626 0.0467374891395557
-0.0107940231793899 -0.0765289734716055 0.0474209848122958 -0.12782305430536
-0.0464947437938847 -0.0266386744918918 -0.0369617850284044 -0.20841192312673
-0.0306875443386431 -0.00704522876540405 -0.160299591291903 -0.164010320675321
-0.0209716429608717 -0.0102150463784751 -0.201417760346013 -0.069197131815918
-0.0190906252424372 -0.01390405125045 -0.169199523464081 0.0154339271996048
-0.00923311728647118 -0.0192705930597779 -0.115668581763808 0.0875566111332901
-0.0140674660106294 -0.0251963839603359 -0.0663407895106128 0.13354424967723
-0.00696194838737599 -0.0324527047696896 -0.0511613856532379 0.164563393372621
0.00311543895560356 -0.0190114947882744 -0.0582014397255997 0.170005671465005
-0.0105332256232757 -0.0240899043588153 -0.068520433798524 0.173841364565259
0.0119610721388217 -0.0456324111752073 -0.0725421874807781 0.172949454488293
0.0645097250675876 -0.0157161627248221 -0.0694612675002816 0.17511374431006
0.0643290563121501 0.0353187316331412 0.00983709698315583 0.223226987261474
0.0420653402268826 0.0875774415042851 -0.120514425694882 0.156013279744986
0.0449142627702408 0.024081603673802 0.028029795235855 0.0203159943453825
0.012932319811949 -0.0125389631714799 0.0361634833966241 -0.146115199049277
-0.00202360702399582 0.0142033433851204 -0.0447074965191523 -0.210072733294764
0.0210778997791594 0.0124377527854773 -0.154592588388416 -0.165488758784759
0.0320502352606569 -0.0128963730349218 -0.191689202413951 -0.0800022536857832
0.0268538657340357 -0.0339829052539236 -0.164006812584462 0.00376795242608393
0.0343046428741129 -0.042477563002155 -0.113603495607766 0.0758170092451423
0.0266881236938142 -0.0534148108796237 -0.0567119862193079 0.121966295671646
0.0511477505984335 -0.0593651632688998 -0.0324155332854251 0.159420369468309
0.073729739465017 -0.0217234149592506 -0.0355015959043645 0.181328662256301
0.0677121275515068 0.00584475498482358 -0.0614912779838064 0.192096980636665
0.0629448180331396 0.0213221557350937 -0.0790238214170411 0.175100800001728
0.0767341373006913 0.0704967713081349 -0.0706387326616632 0.142770243165907
0.0629370192197072 0.126829933192819 0.00880293546122201 0.172388446295599
0.0118777061769244 0.151635903898038 -0.118337948178226 0.106205518615007
0.0261639775415184 0.106703139159018 0.0464418120611867 -0.0180981612339264
0.036220960582398 0.0610324900113181 0.0424229721752816 -0.177016452026481
0.0513693581289449 0.0565388625378339 -0.0458893706099416 -0.218726703789134
0.0757533403360858 0.0285906050842877 -0.142437708280407 -0.164223107644657
0.0828364680523205 -0.0156343116477945 -0.168487761698861 -0.0880911233261162
0.0690339276316379 -0.0506850576113178 -0.14148608342539 -0.0136159912170081
0.0718076938334702 -0.0605997432443414 -0.0961864225636721 0.0522464595618364
0.0612519726240634 -0.0732862338958441 -0.0330366944250435 0.0977426991067534
0.0950510114314402 -0.0798923198274533 0.00184105906646638 0.140562746187983
0.128366035557611 -0.0308083222937495 0.00587304037566114 0.181341314601468
0.133995841918266 0.0174826042350682 -0.0372051152406754 0.209498635072615
0.11236399158812 0.0699555982917057 -0.0794349871751327 0.184426704599336
0.0881297523655291 0.139398600850446 -0.0807302190391745 0.110802573504908
0.0578822803265995 0.196216299085479 0.00682290519785189 0.100288581791351
-0.0165019469020012 0.194309270980239 -0.100572975512672 0.0359082377682892
0.00750024014468857 0.176614668960622 0.0709116640791842 -0.067375309654223
0.0603118697666059 0.130628818939576 0.0570579168092581 -0.205868799911538
0.107694865885998 0.092661718184205 -0.0370635569859552 -0.224091183331814
0.12640076976138 0.0365286468109911 -0.117277220380421 -0.160950024865786
0.125017074903019 -0.0211105458263334 -0.129879063823438 -0.0967143365041074
0.101659733228071 -0.0632705117159783 -0.104308088838911 -0.0368842948698474
0.0986558057718997 -0.0690629495624191 -0.0665378038971059 0.0225982572094176
0.0861605012191319 -0.0803988051177821 -0.0011655527010592 0.0649175182034931
0.124129820699483 -0.0855503665672678 0.0404997641301502 0.111337912233568
0.160503242196934 -0.0318826905791154 0.0518498446046158 0.167904166395526
0.176083322510859 0.0248514126123501 -0.00819274177807106 0.217476074551213
0.143480180082018 0.104767822604604 -0.077329659896702 0.18916430918716
0.0860617727714646 0.186610200125484 -0.0958519280600704 0.0771538872213726
0.0394084314102439 0.23508282957647 0.0057347854719844 0.0197770461431686
-0.0381027618084421 0.20648209965284 -0.0773853219144425 -0.0479585780615685
-0.00977848643739156 0.218026513494513 0.0850221580324443 -0.122638520257677
0.0743696995104625 0.179408477599639 0.0669735183807803 -0.223513590465816
0.147688584066858 0.114572428106463 -0.0194057402885187 -0.21672168620593
0.159186220465415 0.0383202748790504 -0.0750173336611522 -0.155500460054217
0.147508389086035 -0.025951013458738 -0.0794849914923479 -0.108315076756859
0.118486435483753 -0.0673209319538799 -0.0582542688065012 -0.0643033707567391
0.109624609474907 -0.0671508112322489 -0.0283262136423461 -0.00939954337483119
0.0990716305921893 -0.0728058465908123 0.036183351726122 0.0309441139150645
0.137202255036488 -0.071508532996075 0.0795129170641199 0.0808152556575711
0.170168960928199 -0.0168234721352742 0.0914561383321968 0.151221798551139
0.185904491048044 0.0416624750369203 0.0146059349205897 0.214121972045503
0.143364508689231 0.132740010669114 -0.0755012252463069 0.182412718985267
0.0615413573123297 0.211849959252935 -0.104617013785253 0.0415623566266918
0.00697586934987669 0.240566055226494 0.0118832681301104 -0.0589424620530849
-0.0526580814734485 0.182931926913834 -0.0554322019798296 -0.131578381338412
-0.0252153646343574 0.219005315592686 0.0817786604897926 -0.174258764725348
0.0726212031636021 0.192269367652842 0.0680271339329044 -0.22343615626119
0.156771843655495 0.114431403659375 0.00252890354498065 -0.196005702762247
0.160967067807751 0.0334907622523978 -0.0235333008577957 -0.148409571674747
0.144768299948335 -0.0260004325235414 -0.024874374322246 -0.123910724360714
0.115316083705029 -0.0616317311595507 -0.0106392635329046 -0.0922256876147926
0.105359055612798 -0.0541243409327162 0.0130339292790432 -0.0379504607979582
0.0990946724909019 -0.0541912449674065 0.0756820222946261 0.00282905593485159
0.133208938074322 -0.0438228820416231 0.116709064664608 0.0591189178980378
0.156782387398649 0.00896539006561703 0.121968186831059 0.138409242732357
0.167328699427824 0.06537723241818 0.0287844673522544 0.205997276359271
0.111962906401304 0.152630765502076 -0.0719295340112406 0.163834690405393
0.0167552659028359 0.211675658464629 -0.0978235738574579 0.00550203702310694
-0.0327912915460191 0.211417843373402 0.03214618882459 -0.123658119719695
-0.0609255522819599 0.127754906104504 -0.0393122928532668 -0.199183324171336
-0.0380291560996522 0.177667575618076 0.0641941681731085 -0.206502389975776
0.0550548487601465 0.164480600285916 0.0648285079589435 -0.209134042993184
0.130400631669906 0.090611272059588 0.0261949312060124 -0.171227712159394
0.126924599174458 0.0240835883505731 0.0242224006074629 -0.145342736974536
0.113409894638735 -0.0185755841658721 0.0213874106822654 -0.13973057551397
0.0939062080204399 -0.043456948588425 0.0288286927254252 -0.115727018985435
0.0851717712490738 -0.033615282212175 0.0508912797266084 -0.0597557673292642
0.0834598758679242 -0.0296303357740589 0.113253581184664 -0.0142370768890979
0.110112680624611 -0.0139528213793283 0.149729890429458 0.0508544310145773
0.122717314015969 0.0294298604015007 0.143766269487296 0.137190520119507
0.126556769743281 0.0800688941759288 0.0371042478947205 0.196998526167622
0.0647634448154289 0.152496121671161 -0.0628189976091138 0.141325443264562
-0.030745731091809 0.182265379512315 -0.0717424561272539 -0.0216673620400083
-0.0682261195651387 0.15218107668791 0.0653485171215885 -0.164533208451974
-0.0653342945773131 0.0485562590898167 -0.0300361294953052 -0.237195460128141
-0.0489954985901356 0.105873445466057 0.0444903896555034 -0.212695428013044
0.0236240886317149 0.105643530958857 0.0676948751380247 -0.187930303982593
0.0752504492582778 0.0498105108263682 0.0478671643841862 -0.157835315325199
0.0661878341686695 0.0153600947292536 0.0530859139957909 -0.150585439320543
0.0622939232710701 -0.00147869994530885 0.0469674258149399 -0.152002316634716
0.0569579429550415 -0.0152254566372506 0.0537925254240954 -0.129144105440851
0.051603076023977 -0.00800581405799474 0.0797453687626763 -0.0713023684052617
0.0536368009572283 -0.005036936100141 0.142454179588731 -0.0203216580151364
0.0697654001474634 0.00594909124376147 0.173703600214564 0.0558629149592378
0.0747877543787052 0.0307824035905447 0.155982292536327 0.143862850479807
0.0787462192136581 0.0697288160224191 0.0446300463055464 0.192099038716309
0.0215452109023433 0.125044420290639 -0.0446056853469561 0.126163945117797
-0.0611868686437177 0.125372219922518 -0.036229499813593 -0.0266848105638448
-0.0843360333510837 0.0719752457505604 0.101937611566277 -0.175507452603699
0.0675944617876895 0.0107408946661041 -0.106197349653722 0.194377786103639
0.0580111408481743 -0.0619460037514458 0.0354189302976674 0.0496315084200639
-0.0139016193858474 -0.0804143964996837 0.0474662220053929 -0.137312116734584
-0.0492759818321261 -0.0263896074662262 -0.044017082085461 -0.222988778956818
-0.032051405329607 -0.00633778925940826 -0.172230393877486 -0.173057540968304
-0.0223226724763407 -0.00999474259410427 -0.21629753028707 -0.0695460223216033
-0.0198613839972328 -0.0147079015893891 -0.181604648385873 0.0202225025740483
-0.00984004329386928 -0.0206108537056075 -0.121690410891024 0.0947983701602191
-0.0154257457198945 -0.0265980315047134 -0.0681165170005032 0.142698746999963
-0.00775026851418881 -0.0338229688212308 -0.0519483036408245 0.17661195554612
0.00357240964429863 -0.0198633255254639 -0.0593029046212283 0.181326298965641
-0.0116590522801111 -0.0237427006126385 -0.0692328936058204 0.185968230475092
0.0113388203011732 -0.0474516146638871 -0.075793732125445 0.184231031194876
0.0680761406769246 -0.0178209648030325 -0.0733992745663219 0.187796914951268
0.0683447719378524 0.0371503163827012 0.0128500226084461 0.238628398652346
0.0442959743386885 0.0922194139056139 -0.125132291600975 0.167214708135511
0.0471168821995141 0.0254616386651515 0.029854775112656 0.0222617063576024
0.0116840464559404 -0.0127778180195496 0.0351953733499151 -0.15713663535396
-0.00107720388285466 0.0164482771265096 -0.0511465428567136 -0.223613961655614
0.0238955879040141 0.0139398010606726 -0.166364953033092 -0.174256487475595
0.0343050741078825 -0.0131917357491968 -0.206528474303313 -0.0810070807760504
0.0282114129521684 -0.0365894135173994 -0.176043364026523 0.0066635314513106
0.0365593592609302 -0.0466066923290126 -0.119265611677729 0.0819696041987166
0.0285520183376687 -0.057410072786232 -0.0574662232024856 0.130371009952608
0.0538562008008528 -0.0636054561574735 -0.0314876617735062 0.170730026875383
0.0800965940054069 -0.0240432816900809 -0.0350792817806469 0.193412201153629
0.0731858320836084 0.00637076856280394 -0.0617777554477265 0.205481663084024
0.0667824290104612 0.0238038231331714 -0.0816955317377187 0.186770493643492
0.081940556485079 0.0747543124425225 -0.0747381883787238 0.153780938429024
0.0679823550958056 0.134194058026849 0.0109705923556891 0.186075204465442
0.01320423197733 0.159987728841665 -0.123129394189665 0.114889239490708
0.0282581093129438 0.11432132530309 0.0485646210969356 -0.019156338184291
0.0369168688853192 0.0642330253489543 0.0416418861002842 -0.188317318552907
0.0559288744092601 0.0607880104503502 -0.0515959842313068 -0.232042227325832
0.0818737324644111 0.0306407964237657 -0.153446658746271 -0.172638030573166
0.088692832685964 -0.0171076954002248 -0.181032075520071 -0.0903904736386493
0.0733608046992909 -0.0548887327475083 -0.151593987121355 -0.0116817690549277
0.0763103521672228 -0.0664177979176974 -0.101382794567134 0.0577353667665567
0.0657332070059887 -0.0793281476303363 -0.0329021104599452 0.103689880386229
0.100506091604355 -0.0866373187922491 0.00514288121811338 0.150496249960978
0.138039089880483 -0.0339970715659247 0.0103130377115977 0.192619280694173
0.144139256196183 0.0170335417674129 -0.0353799469029454 0.224182461746606
0.120654474565735 0.0750873871200881 -0.0812483516804992 0.196170600289224
0.09523417573678 0.148725018459683 -0.0858922043783604 0.119795025927488
0.0625745382965426 0.208228400812775 0.00771346197437462 0.109197725807799
-0.0164972472602302 0.205445083691402 -0.105352568495247 0.0400604717445151
0.00904045751071153 0.18915556668879 0.0741781459732171 -0.0710006927209062
0.0632468057610423 0.138220659471456 0.0568469597704323 -0.218838355307469
0.115270676692901 0.0984684542378373 -0.0425765895631582 -0.2379063736302
0.135549718577418 0.0384767121991287 -0.126508680896341 -0.168653911481494
0.132867026453578 -0.02410997044266 -0.140904028543458 -0.100172484171102
0.107975484108828 -0.0690316695335702 -0.112236611150475 -0.0379042685502184
0.105020887471602 -0.0759301854504168 -0.0696671188691952 0.0253590672279038
0.0921865449858528 -0.087113523783253 0.00117829061236784 0.0679857243066104
0.130855359520882 -0.0930603563962377 0.0463285242862803 0.118343448600645
0.172373590779291 -0.0356981908515394 0.0594095966623238 0.178339131557728
0.188279812121244 0.0239942067855444 -0.00363692799712342 0.233040856475976
0.154196502467744 0.111313619729464 -0.0781637361328726 0.201589132707565
0.0941116778088155 0.199530564806865 -0.101057818906164 0.0846617045534615
0.0439703706091701 0.250444487181479 0.00443912042261088 0.0223082110370566
-0.0392976594020881 0.218792385484456 -0.0806588681430267 -0.0494631384484975
-0.00790003431948155 0.233852607057859 0.0889803014272032 -0.130318131332884
0.0797852775147043 0.189700260505303 0.0679890680047956 -0.237895822934034
0.159255139188035 0.12045320974205 -0.0232757728758174 -0.229942537207871
0.170710916681043 0.0390265186951048 -0.0812756736116914 -0.162476698329333
0.157314944952178 -0.030433409271266 -0.0872857151404921 -0.113840863128411
0.125633251960786 -0.0742748272879263 -0.0636632414048861 -0.0681142492712639
0.117621459943163 -0.0740488338993186 -0.0295416737866713 -0.00903298597156193
0.106207619884516 -0.0792124870506208 0.0409156544780437 0.0316231461420837
0.145689922439212 -0.078343930839346 0.0876881535583377 0.0850022475913839
0.183065656600619 -0.0199930540225429 0.101312134762672 0.158195793860434
0.199584826749895 0.0413733130795561 0.0200892416530509 0.228979198843491
0.154397752286693 0.141139982464398 -0.0760601278917762 0.194324448595884
0.0682134526018235 0.226355298583173 -0.110893883692914 0.0464378725208962
0.00949825901345201 0.255772186613939 0.0106088286646954 -0.0613066267272919
-0.0545393953745631 0.194834569119545 -0.0581220653582759 -0.13912940537325
-0.0239818673733301 0.234175852809801 0.0849850435930198 -0.184097965427586
0.0793489983607126 0.203450453188153 0.0685427100989019 -0.237697401959243
0.168799642478576 0.120371670437681 0.000542417811179452 -0.207239079493606
0.172692921602467 0.0329720948318989 -0.0261764210826221 -0.155437756609766
0.153295859062444 -0.0304435518737747 -0.0291719615286265 -0.130724568801883
0.122633208618994 -0.0682378415684477 -0.0143509302614872 -0.0989316667935771
0.112534482778235 -0.060407043105154 0.0137667039318645 -0.0405292858457849
0.106350555615399 -0.0588572775540766 0.0828346746432103 0.00100611132274522
0.141561121136275 -0.0485230459813437 0.127191032528092 0.0607865301910675
0.168800437362477 0.00674334810381421 0.134281721136982 0.144891642653221
0.179135009691336 0.0669302818095515 0.0359256552996806 0.220262966680786
0.12164185097872 0.161867982644794 -0.0721407997932744 0.17539453629411
0.0205173710262231 0.226865314864496 -0.10368529762227 0.00823797780491024
-0.0338694371932564 0.22567585535495 0.03081112597342 -0.131273770085762
-0.0630389083007126 0.135847041159163 -0.0424031812943294 -0.211610039854722
-0.037503602201749 0.190484091663485 0.0663235233821409 -0.219710950220005
0.0600850798874019 0.174411953769056 0.0662655266339325 -0.222793530339435
0.140854895333638 0.0943005994242449 0.026120192955067 -0.18164999115981
0.136482445615878 0.023220166442307 0.0242796436123315 -0.152735199052297
0.120302884741514 -0.022271853970203 0.0202103753872556 -0.148558862790432
0.0986496617013227 -0.0484951257655278 0.0275546535029753 -0.124423304814108
0.0905355202109493 -0.0379365266142787 0.0539225405245646 -0.0644826740459967
0.0897861609335178 -0.0327898976120529 0.122015004025397 -0.0177412857975721
0.117489225804697 -0.0166476010676119 0.161683348731995 0.0512480364728854
0.132146552001426 0.0292474062357124 0.15718450625972 0.143615189587223
0.135446464279896 0.0822583760332286 0.0441797854085757 0.210786791105364
0.0713119298441437 0.16106765950038 -0.0626865370522328 0.151894239369505
-0.030105332993005 0.195262352230441 -0.0761029237977192 -0.0207444634733644
-0.0708044172872083 0.162300392430142 0.0648302944183306 -0.175625606690878
-0.0685159051917632 0.0520946258243064 -0.0328950954001103 -0.251997885233868
-0.0503943334789599 0.113512703890334 0.0446870565338838 -0.225678107344733
0.0268205032389928 0.111577601008129 0.0688473429731626 -0.200958850341294
0.080012065031635 0.0511546217895401 0.0485063746421093 -0.167977817414397
0.0705295372292137 0.0140429367861904 0.0544277491156425 -0.159547219727809
0.0653377016731682 -0.00335199115961845 0.0467471817546597 -0.163066122666085
0.0597439408932826 -0.0175125413845588 0.0536499432762558 -0.138541146324296
0.0555688621216418 -0.0095028493500866 0.0839645134371218 -0.0774647083918578
0.0576524933304082 -0.00609295425783055 0.152614037780382 -0.0241264769784046
0.0740944347128384 0.0054233761793107 0.187522449329144 0.0566388535165263
0.07987699765576 0.0309775696448309 0.169967661148728 0.151362089103616
0.0840751882324443 0.0718575153654607 0.0522984642360619 0.205315876882399
0.0251656765327952 0.132404932597112 -0.0447131466226696 0.135819991051249
-0.0632207086457595 0.13456044709461 -0.0386313356677589 -0.0279399312073553
-0.0879966296450828 0.0773224834263823 0.103882426018884 -0.188319047114047
0.0705367732070595 0.00911133919363365 -0.103676408134827 0.210671395085354
0.0578517163974657 -0.0676185343353939 0.039485979460841 0.0520460343034524
-0.0195974543683268 -0.0829137567406771 0.0422995065643945 -0.14963263986893
-0.0525799093280895 -0.0244104791528199 -0.0588256628225622 -0.235591115115693
-0.0333391162732427 -0.00390043791364506 -0.19121571615239 -0.176555138859478
-0.0236383077892143 -0.00828746577441168 -0.234459033038521 -0.063097661173348
-0.0217353878636342 -0.0139583587576908 -0.193167356556618 0.0314399878855947
-0.0114403088731709 -0.0218639258951267 -0.125269116445523 0.10624819661375
-0.0175692053363096 -0.0273943837566037 -0.0652246698548652 0.155015788999255
-0.00989611940210943 -0.0351267432707703 -0.0466397414303138 0.190201007234945
0.00372216317551226 -0.0209386204378236 -0.0548787583856699 0.195135947971985
-0.0131995978370206 -0.0231011045045327 -0.0645539366902019 0.199661624042082
0.00886017500846697 -0.0494277283006672 -0.0722077083955871 0.198531028017012
0.0711310241874068 -0.0222166020765906 -0.0711712274949391 0.203918467663032
0.0737681246440775 0.0364002832863668 0.0232201110143613 0.254401556936876
0.0497376724744041 0.0956673643120811 -0.124340687689618 0.183742442224106
0.0503735037842233 0.02531644581808 0.0325775837468491 0.0235558871580564
0.0101072943863212 -0.013053712991193 0.0289373084900945 -0.168624420931985
0.000246810342477083 0.0185643828409491 -0.0655993394052302 -0.236045757364631
0.0268847481191651 0.0146712876894434 -0.184219622575191 -0.177563823895072
0.0365043002427279 -0.0149534410310837 -0.223947263863934 -0.0756422105480402
0.0290045763561993 -0.0401111496456034 -0.187492447522542 0.0167998792352295
0.0368428851641305 -0.0520750010946581 -0.123068887897235 0.0927307530857899
0.0287760749488019 -0.0624967799576509 -0.0543952922058943 0.140377538031663
0.0544102765689553 -0.0694902509232027 -0.0248452018026722 0.183707836161358
0.0854235911556762 -0.0291282998630667 -0.0274234909390524 0.20650920028651
0.0785108426997902 0.00485141333170778 -0.0546592401597741 0.221330340609099
0.0715486568902186 0.023741005793425 -0.0786694168121128 0.201213321233121
0.089983614791042 0.0765607650289201 -0.0741141111987844 0.168344248195599
0.0770790803638729 0.139631236490681 0.0195598529454887 0.198356832893838
0.0191715040570094 0.168589990776883 -0.123943353458973 0.127091929750748
0.0340615259344664 0.120601519649163 0.0505152155459871 -0.0208002753740743
0.0399549222238521 0.0676111970451324 0.0337681704908444 -0.201785184318942
0.0625547935774657 0.0628922125824823 -0.0666145040790277 -0.244560428586436
0.0895703765887768 0.0297536981037941 -0.170463730030832 -0.176233214114934
0.0943322215175706 -0.0218097282105491 -0.198082371544417 -0.0866554758477824
0.0761870325587635 -0.0621785168180083 -0.162979725110226 -0.00540730830811802
0.0793046768124499 -0.0753000925085916 -0.104349258140688 0.0658331478753483
0.0673344755012441 -0.0878556037951073 -0.0288378258213264 0.111390888903987
0.103571066520146 -0.0970662316701758 0.0138342730168798 0.159896740412619
0.147510122589417 -0.0428296643085054 0.0205094299335692 0.203126041766767
0.155372758230812 0.0120263610986169 -0.0258448743411288 0.240027741302038
0.13216843147915 0.0760814622405153 -0.0773786190548146 0.211202214364025
0.107552994076587 0.154499091964268 -0.0862305318566431 0.132409010812089
0.0751141369037206 0.218799944586125 0.0121997195619866 0.116975824077133
-0.00996585304475424 0.217508464281168 -0.107854058350555 0.0479859817560631
0.0180159821030549 0.202022116419295 0.0757898692448088 -0.0771765917401449
0.0715983043786603 0.144648277036817 0.0491167665272572 -0.234830377319875
0.127583427270779 0.0997440533457853 -0.055468489539009 -0.250525275718187
0.147791577403877 0.0352197041614677 -0.141349798476959 -0.172177207509594
0.14013743765331 -0.0317363590517323 -0.155322180291409 -0.0992756446981931
0.111979727584513 -0.078896960898863 -0.1223589576753 -0.0355706342561231
0.108698165959687 -0.0872684243625903 -0.0722452106637641 0.0307679830643863
0.0958145864319163 -0.0970865778707793 0.00589935549420316 0.0714437014768354
0.135291793487471 -0.105448814215293 0.0564729451797489 0.123298505095538
0.183984967544391 -0.0466164764003648 0.0730859025105336 0.185519879713385
0.202214552839387 0.0168644394978429 0.00767778120133336 0.24786321858752
0.169001288108184 0.112742537419427 -0.0724968273735557 0.216526546239786
0.108789275360286 0.20953858922898 -0.103656330714082 0.0963380265865043
0.0565644140396956 0.263970610299237 0.0048685005142329 0.0257713383922114
-0.0326999690835906 0.232401878022648 -0.0854687446357315 -0.0486272095903384
0.00172524577401468 0.249454653534986 0.0886133663957004 -0.139727917844942
0.0914583532245428 0.198199714307784 0.059955359867638 -0.254539910967761
0.174524909745573 0.121224514205009 -0.0349628906632831 -0.242015669255641
0.184168600403842 0.0337330827296371 -0.0934183889366695 -0.166904948695793
0.16672023637379 -0.039748651801079 -0.0985006368434884 -0.115903464776803
0.130177062699213 -0.0849860896170573 -0.072419216073687 -0.0698022507762205
0.122428313785757 -0.0856529575706078 -0.0309794530862259 -0.0080417670993625
0.110990998485572 -0.0895182605682534 0.0464768265872981 0.0303020611383323
0.151501844042441 -0.0905461813461804 0.0992882079403612 0.086196553454909
0.19501930928516 -0.030588144320032 0.117641498628305 0.162705958900948
0.214314364166444 0.0346453515113495 0.034456146679968 0.243391823231107
0.170822684698889 0.144262459586156 -0.0698144815250797 0.208872083825638
0.0824277578595729 0.239274449780745 -0.115179448276668 0.0553610031634204
0.0207350963512404 0.271907925806396 0.00652828271351774 -0.0639021206029249
-0.0500363503247196 0.207608674875306 -0.065887980653879 -0.144681095391742
-0.0145181573299606 0.251375479251501 0.0818547858052034 -0.197378126152401
0.0916615795011059 0.212877155648552 0.0613603440797336 -0.255144453328825
0.184837493218453 0.11956642285794 -0.00891837943101609 -0.218885154145824
0.185658375000327 0.0268888197714437 -0.0347920671320021 -0.161526508638056
0.161982099730812 -0.0400468548353654 -0.0371148596838361 -0.136555755174383
0.126671816323221 -0.0787757435859956 -0.0210935679189777 -0.104172073557037
0.117843587688744 -0.0705438700516371 0.0134423474859628 -0.0430767056446845
0.111469154511431 -0.0680358315380311 0.0894928373654569 -0.0038335324140724
0.148942712998847 -0.0587427462928967 0.140265853845453 0.0575317562230834
0.181210506801721 -0.00124314803225226 0.151961881648926 0.146311142360529
0.193260773940652 0.0621221277929001 0.050164778611473 0.233712041082367
0.13680693200848 0.166692804331748 -0.0668145526941789 0.188698906490021
0.0328107821623672 0.241223351306376 -0.109136273350676 0.0141334976228445
-0.0259727143505814 0.240462050297952 0.0244033579244589 -0.139195801502975
-0.0610111149648721 0.14573286556249 -0.052432716345069 -0.222228899487807
-0.0303331975668268 0.204583174804225 0.0606034404403198 -0.234686176410388
0.0720963830189014 0.18243320638077 0.0598218738227007 -0.238599218625304
0.153632014902217 0.0931601379613186 0.019806189994923 -0.192634767947818
0.146334219373419 0.0175404075867979 0.0197479676157391 -0.161237169453618
0.126463165287732 -0.0298726840976838 0.0134396449669211 -0.158176407270715
0.102365808172856 -0.0569400245341556 0.0216950804612508 -0.134055627817533
0.0956733141771898 -0.0452588026005619 0.0550215768545582 -0.0708672537685568
0.0952037818665718 -0.0388109626147194 0.130142184432946 -0.0255673936351188
0.123965895420812 -0.0234700460227197 0.17674564161797 0.0469687099058033
0.142056507267164 0.0243770933809109 0.176030106700738 0.144388889863277
0.147102540363017 0.0803410281432765 0.0589471805451369 0.222482913973249
0.0836233490689356 0.168100794135138 -0.0576129923593368 0.16423429944827
-0.0224550577703516 0.209659097920635 -0.0818089503296846 -0.0178285739270468
-0.0672374899157289 0.176090360666616 0.0580512684338304 -0.188605855469367
-0.0698605747938867 0.0574260349684321 -0.0448971229553477 -0.266094828153573
-0.0464649948860401 0.123042805663043 0.0378601309715182 -0.240474110094156
0.0343966866543027 0.11740568244454 0.0639115712160392 -0.216130048317312
0.0872510090797376 0.0492714188655168 0.0443745345648224 -0.179614322309764
0.0751243608319223 0.0109343361569796 0.0511917492210394 -0.17020527312544
0.0686399389681104 -0.0073675019309614 0.0413759323811282 -0.175122431323391
0.0620621754777911 -0.0218016123281984 0.0487680076992629 -0.150159785333353
0.0588798188597552 -0.0131110055840684 0.0863020993946898 -0.0854440232468603
0.0613778475145683 -0.00908630012569765 0.16188261702183 -0.033538633239027
0.0787191073414005 0.00245465275088313 0.203700582135224 0.0514654228437661
0.0860032471638302 0.0288745621968823 0.190020308773997 0.152627586414491
0.0923712652579513 0.071260157527695 0.0672189429014878 0.21653510758299
0.0333484427541484 0.139050686144973 -0.0390173363148237 0.146804502092576
-0.0599098216167958 0.146051239222583 -0.0420723938056898 -0.0271835621397979
-0.0892401455247922 0.0860939639223564 0.0987992586488897 -0.204278423568803
0.0642577561905499 0.0404004266452904 -0.194256710322867 0.149391403624907
0.0844005479493581 -0.0386298825425124 0.0105273585014793 0.0685543753537282
0.0157618519661089 -0.0852759971380072 0.104524122969464 -0.119879539192915
-0.0393113178746875 -0.0425759561267978 0.0483060979387469 -0.248551081550382
-0.029470195207271 -0.0138617118359628 -0.0999914021322193 -0.25226067966933
-0.0182042643598183 -0.0160458375576911 -0.191203551955782 -0.165410781701642
-0.0157793845233978 -0.0210278395421883 -0.196504376698668 -0.0576616081309232
-0.000676092235122692 -0.0247755757299551 -0.164439344395948 0.0435720847651937
-0.00302034923562519 -0.0319200655653671 -0.128500488143754 0.115853598367023
0.00656890154215683 -0.0352556925911787 -0.126943860865956 0.157438293489066
0.014305564087436 -0.0159211365124187 -0.138307724716981 0.157213525639585
-0.0018594189522386 -0.0216393543309141 -0.149846440514244 0.154231438645438
0.0293076764301951 -0.0389972720600102 -0.159472785808406 0.150681219144368
0.0753017798637992 0.0134423556442616 -0.166573622337498 0.160381053449422
0.0522352598935454 0.0676491491908502 -0.104982628337972 0.250582413114189
0.00420133495897139 0.112358826638169 -0.197954762853768 0.115215428728702
0.0348790765924442 0.0471138489844441 0.0186246525683017 0.0364447862609636
0.0112643975782883 -0.00630311325652847 0.102000188244976 -0.14472883786811
-0.00949582638246125 0.0218347361323994 0.0445617213143202 -0.253197850873897
0.0179870431643153 0.0310339247444118 -0.0917393945198893 -0.252727396102197
0.0406998084341781 0.00580945365581049 -0.176249311252598 -0.174771467617266
0.0439874833914231 -0.0230363782432674 -0.184443239788161 -0.0693970152821227
0.0596609806342681 -0.0322050182407924 -0.15555548532669 0.0312655680750826
0.056355044807462 -0.0442742122933039 -0.111744556788755 0.107700343691089
0.0831817804989762 -0.0403837277015584 -0.101808119266575 0.160385846979088
0.0960183786018763 0.0130315939891412 -0.115494688980436 0.182672816358367
0.072061349562611 0.0450482237407199 -0.149714325082698 0.182532956909615
0.0541587893414813 0.0596245763891667 -0.167023255899281 0.151971405064533
0.0481851805424186 0.115085485637016 -0.154598744623956 0.125317847818427
0.00927756481780319 0.16597510580136 -0.0832532089915438 0.195351635740921
-0.0581148522459432 0.166861064911066 -0.170285985864508 0.0632276031536284
-0.0243556875050292 0.129483284587908 0.057202302537417 0.00149036809545626
0.00185790478102629 0.0840873874538796 0.123624291151455 -0.175506054725759
0.0283790472949988 0.0908500006607132 0.0494606235059041 -0.263394801887113
0.0695606871497406 0.073614624815257 -0.0776478845656264 -0.246792836182052
0.0980449437115413 0.0248270300619565 -0.14642874594144 -0.174597683663922
0.0989305477897594 -0.0232231126206297 -0.150942162544468 -0.0807116767367988
0.110884918801704 -0.036056522067111 -0.126523383087545 0.014312538446515
0.103795925550119 -0.0515662906712784 -0.0743421222110407 0.0910404690742241
0.141898839725212 -0.0450769993015954 -0.0549720403011634 0.156078369126151
0.161119041595419 0.0271802538060888 -0.0672693204408349 0.203324918856281
0.140494209024143 0.0856803032066035 -0.129920340921337 0.216022015465297
0.0870015292200758 0.136081848519485 -0.170187664679287 0.165432334676406
0.0294429980722736 0.196069719364415 -0.151169785589134 0.0857386918483109
-0.0291967785578054 0.23831306347398 -0.051236041838984 0.116081117805352
-0.109071461874626 0.200275754118449 -0.115808803614995 -0.0040702169879388
-0.0766939360398247 0.199488041529693 0.109170046942721 -0.0417461624879853
-0.00455036864680574 0.171164551775144 0.154552767431217 -0.200541814045421
0.0714643499353649 0.152983469546847 0.0642921832213494 -0.264788174906315
0.120777878405771 0.105079627564872 -0.0517414840478379 -0.230626558316038
0.146214486731251 0.0354349174921724 -0.101876050152277 -0.166988418961185
0.140645873800021 -0.0231812345584324 -0.0996913124389297 -0.0899664034127025
0.144868210997179 -0.0336125680483694 -0.079876736763401 -0.00404049971758142
0.134791998330278 -0.0479413944181552 -0.0236740278086929 0.068679527086154
0.175506062865088 -0.0395409390209025 0.0017035967426158 0.141288813383064
0.197794510143278 0.0397144005119964 -0.00982273540964396 0.211026976556188
0.183750945147628 0.110232986799518 -0.0997033726303184 0.240599655387959
0.105745940014366 0.187964680836224 -0.168573516983636 0.173361811836009
0.00515794233608698 0.24803963970396 -0.150124505762548 0.0429024753380605
-0.0663588665769111 0.272829265897912 -0.0141901498215439 0.0255580946584271
-0.139302661779953 0.203675379590989 -0.0496440848101638 -0.0826754509450062
-0.114841177317319 0.239172721013091 0.151403232390976 -0.095403193146845
-0.00988141305758584 0.232014794304224 0.176049702576551 -0.215674240414976
0.105643696775918 0.194028612881918 0.0802952687923528 -0.249121137449699
0.156256364342364 0.118905030621669 -0.0090500975026112 -0.20601842265537
0.172948918957843 0.0388746025732394 -0.0408205437333851 -0.15733225438712
0.161394417317927 -0.0226509889532005 -0.0374665552500916 -0.100393873096453
0.156504973094301 -0.0264063248526351 -0.0239527568254292 -0.0213149556717047
0.146041657115341 -0.0344750040351713 0.0319368151874821 0.0492546026317656
0.184253851818199 -0.0189997886693948 0.0575867499271519 0.125471965133126
0.201677612685366 0.059088229825135 0.0423779240138335 0.209793172568429
0.186840817802807 0.13134907079425 -0.0737085717981544 0.249397134815838
0.0921582249440896 0.2171102947942 -0.162524546175512 0.168569015509688
-0.0330327636525494 0.263659983875076 -0.142127853453898 -0.00212107462791092
-0.104265327918204 0.263580086736202 0.0316214006196561 -0.0579195148889409
-0.144768485082636 0.173494183310526 0.0124218087632845 -0.164860526564086
-0.130773969549446 0.233639502969455 0.172403841162834 -0.153310702954241
-0.015082958326966 0.245834992150178 0.177689979405351 -0.216039495409716
0.116115877263389 0.197275458191166 0.0958130992539567 -0.215231386011503
0.159912579654374 0.112124406140017 0.0440528102063967 -0.173571500873185
0.16900414411689 0.0360852461395187 0.0258349762890314 -0.148404703099582
0.154907014557533 -0.0182954944818148 0.0263064452181488 -0.109615970170696
0.144843757252889 -0.0141155607215291 0.0327964313476057 -0.0346437847154237
0.137219146295117 -0.0146844037936026 0.0874744210219324 0.0358806906008533
0.167708707785559 0.00952526667871842 0.107944680032832 0.117478198816113
0.174677396224521 0.079767213893696 0.0810678221946561 0.210215618487031
0.154449138754771 0.146144653154842 -0.0541524764051206 0.248595763759113
0.0501296584996563 0.221723425851995 -0.150657350824124 0.151700775248239
-0.0800360764543848 0.242081108044434 -0.115621926316472 -0.0391788054543858
-0.133275736199341 0.214266773952184 0.0857774466988531 -0.120269007897698
-0.126206289099808 0.111028651058276 0.0592182226437918 -0.231908711817573
-0.123564279962988 0.183128124594758 0.168592324018 -0.196573530708316
-0.0181494084102751 0.207630475431732 0.168110581545885 -0.19960104255801
0.0993932929139624 0.156836085371139 0.108160828682947 -0.175987657684308
0.1265023904334 0.0838048072650694 0.0932248029680441 -0.147054667758912
0.130115134747138 0.0283827865551033 0.0837477090795068 -0.144950998397564
0.12131035320169 -0.00904743385498921 0.0790562898017847 -0.117016675410831
0.112141184984917 0.000242046857895754 0.0828414342437918 -0.0416319479280167
0.107068138812445 0.00467357072010236 0.134897312778365 0.0335666051331942
0.128923481417681 0.0320027291936234 0.146362884800591 0.123124255457242
0.125461625169566 0.0863168496319377 0.10291894111378 0.217520311883743
0.103094379892397 0.141521315799419 -0.0436366365833256 0.241759075478989
0.000756557326037197 0.197368526138198 -0.130681168557437 0.131342336448123
-0.116333714820514 0.18700300678186 -0.0736577846699382 -0.0575667603941733
-0.142488683658735 0.13459743111947 0.142465822106733 -0.149907567655916
-0.0956522180562615 0.0251136172682403 0.0836946472641588 -0.269633873476979
-0.100601667336959 0.0980478019071121 0.148441457631367 -0.210891878529474
-0.0240601686882285 0.12753856690496 0.161330463973935 -0.174633595824314
0.0560642479889587 0.0846614393100247 0.12455995489866 -0.150990122274712
0.0617665330215844 0.0441254952549154 0.127191190000078 -0.139114790948916
0.0654895162510085 0.0231366230234581 0.117945315945885 -0.146152280554543
0.0675782223931084 0.00529677816035663 0.112835039672768 -0.118668510915332
0.062423361624961 0.0139233300749695 0.11949012950951 -0.0413339850165331
0.0631888365035541 0.0176993624894177 0.166751083104746 0.0399044409024928
0.0750309062627949 0.035276098236217 0.168749209537425 0.138204974612093
0.0700924972016837 0.0649405587648836 0.111750850824516 0.230252635530884
0.0564627858012304 0.107516773861856 -0.0343955325879076 0.238244223265641
-0.0323445379262014 0.1465296124803 -0.106826988197992 0.122763981804442
-0.121282768092955 0.109844355123666 -0.0302816839580785 -0.0494402971140225
-0.122112068320026 0.0398019592321546 0.189250813824485 -0.144690496007318
0.0666136753680211 0.0380408789976841 -0.188300502522852 0.163131315387126
0.083218071700187 -0.0441889811995848 0.0142045302353128 0.0711857744225479
0.00982243414397195 -0.0857461390234622 0.097382028377356 -0.128250868845679
-0.0422655952908746 -0.0397120177897001 0.0333538302782732 -0.256563925703953
-0.0301588940431887 -0.011476946718928 -0.116816686653898 -0.253168494852431
-0.0186046913196471 -0.0134135587540846 -0.205840611368482 -0.157016040545231
-0.0162818159955025 -0.0203007077383114 -0.204525306000468 -0.0458405068614772
-0.00170417197319007 -0.0256398927212519 -0.165061962108367 0.053582724916903
-0.00488712481782292 -0.0315455838699601 -0.123784037697195 0.125196152016971
0.00558550517259929 -0.0360379399564809 -0.119953725442891 0.16779929848772
0.0145802199073604 -0.0161200612075253 -0.13193389059754 0.168412669235281
-0.0035362341201072 -0.0199472246816131 -0.143846615615084 0.16558914924162
0.0265283259489669 -0.0399336731043969 -0.154294221981176 0.160443906238626
0.0776062855354425 0.0090842661915216 -0.162441549441748 0.172793783268468
0.0572514134871497 0.0657027543247683 -0.0937561503254023 0.262245134433882
0.009405969257015 0.113396329395348 -0.194503246957995 0.128488491407952
0.0381757948108696 0.0461102850655768 0.0208095596650224 0.0381747508468237
0.00930692767868123 -0.0057603188600249 0.093450737821519 -0.153096487044389
-0.00762771486793848 0.0233832721651765 0.0290269616389591 -0.260522030640101
0.0213370622662772 0.0318140104743098 -0.108063832820596 -0.253349301885206
0.04262555667077 0.00413877666677357 -0.191002890704684 -0.166717216775805
0.0449432705810697 -0.0263500020858489 -0.192964280919877 -0.0599381549683514
0.0598066542267715 -0.0368085466932935 -0.156720839453012 0.0405468918009335
0.0554816613417031 -0.0482161054647027 -0.106560849523934 0.115744365423005
0.0831722312393856 -0.04580580193846 -0.0941942241139151 0.170085743550976
0.100595322696891 0.00807689224814835 -0.106722852358284 0.193257393612118
0.0761809666077749 0.0433847818772282 -0.14101893253474 0.194152460923445
0.0575173753259536 0.0592649509242726 -0.161628779618712 0.16298389104595
0.0547407461292879 0.11483216492653 -0.151426760692769 0.136787465714331
0.0184446505262096 0.168064968145906 -0.0743917868512265 0.204693978239776
-0.051400946064343 0.17228864616484 -0.16865209829592 0.0742692706633222
-0.0176837276147522 0.134171254050105 0.0584020706489635 0.00048571513873232
0.00454443289262602 0.0856292737765715 0.114271352794492 -0.185255369027266
0.0342313009138977 0.0909299220203636 0.0346888723286963 -0.270409084849026
0.0764131117161925 0.0720157784459125 -0.0932684811676585 -0.246543965794335
0.102046715149633 0.0198202250515963 -0.16057106120361 -0.168291820203468
0.100252578568362 -0.0292258175074854 -0.159188211075423 -0.0731501289703575
0.111928972043327 -0.0437335560261778 -0.126939718503043 0.0219767959123192
0.104331598784419 -0.0580582832443951 -0.0689795718730161 0.0965656289249577
0.141794202402379 -0.0544905199526339 -0.0454806412639862 0.162737275508506
0.168198090324102 0.0185130204427532 -0.0554520498950656 0.210591685494473
0.149139464528541 0.0801167816520889 -0.11785516498434 0.229267280733857
0.0958635279040159 0.135824391907968 -0.163355301044445 0.176232826655943
0.0399834808428901 0.200028410886164 -0.149618085898396 0.0967138712731922
-0.0170158247984375 0.244834422077316 -0.0472901177371324 0.121429459825052
-0.100814450788981 0.208229195791296 -0.116610009181266 0.00399028540090993
-0.0679090365326199 0.208099604440724 0.108255029999578 -0.0457568124428921
0.00273096993655149 0.175134019535746 0.144255814036045 -0.212332825815156
0.081942909868375 0.152769505475236 0.0495207468807888 -0.273189321113986
0.129820972958551 0.100683086920027 -0.0651960433944011 -0.232184979437717
0.151452608762199 0.0285547207312442 -0.114319261934424 -0.163034584671578
0.142526395400974 -0.0321416759885056 -0.107906304164451 -0.0862660665771765
0.14652774005178 -0.0434190974175509 -0.0811025220449756 0.000287092110851554
0.136365031661099 -0.056941470332406 -0.0186222359362175 0.0711135021629709
0.177305141926852 -0.050919652102236 0.0121080207647692 0.144287589908055
0.206831858751259 0.0286905134377192 0.00430121668960269 0.214819782360731
0.193835275515983 0.102561514519359 -0.0853170827510579 0.252342907422345
0.118038816210542 0.186941079106087 -0.160971719242814 0.185225025281193
0.0188970191185394 0.254168269830269 -0.15123647687346 0.052823824546344
-0.0529987616376969 0.281760099837795 -0.0150009110260359 0.0276516238584204
-0.131130148890119 0.21331930177413 -0.0543124843310643 -0.0809057145195714
-0.103344693591291 0.249694631474488 0.14854625842057 -0.103398263118072
0.000869087131457986 0.237160555199555 0.164905523079413 -0.228552834691006
0.119585601782802 0.192137960113135 0.067329438774487 -0.257579911753496
0.167124337874662 0.11300805315211 -0.0200634843912519 -0.207009425467177
0.178947229436455 0.0296820743658211 -0.0512427463944358 -0.156471120389393
0.163001331220827 -0.0324115157314813 -0.0452670212423146 -0.100229657408248
0.159382393730048 -0.0366100665839975 -0.0255188413287153 -0.0200148153651652
0.148793112114906 -0.0432123162373344 0.0373751349975813 0.0468876091175636
0.187133159970653 -0.0304022167770502 0.0687093505871358 0.12494076627933
0.211434098173422 0.0479609077531211 0.0579261567599216 0.210626336322552
0.198466093447744 0.122899547195305 -0.0572849073921484 0.260460107911742
0.107446599386896 0.21716048837254 -0.153565612342474 0.179629358381656
-0.0188018522411529 0.272525544876137 -0.144529726213086 0.00733331317849887
-0.0917011347914853 0.273985808148052 0.0263042250865395 -0.0601225091235204
-0.137634707539168 0.183433076044005 0.00493120733150995 -0.167391921430883
-0.119521520520565 0.245876069723089 0.166608524203137 -0.16250012768424
-0.00185316873327605 0.250850357019803 0.166712970005697 -0.228120531940189
0.130580349517721 0.193807732132976 0.0843626520572904 -0.22317610686912
0.170080125672032 0.10506971113319 0.0355285488485881 -0.176713354862645
0.174012207860401 0.0263368957703667 0.017651008055512 -0.15169982767526
0.156296338460212 -0.0282784607671099 0.0182615437228793 -0.113384468929491
0.148348319995689 -0.0234941322298882 0.0323064041038833 -0.0362155299644842
0.139338820767851 -0.0231809105672118 0.0931635259790089 0.0306607724802949
0.1715704451409 -0.000566387042077355 0.119329412766004 0.113780347873375
0.183996868471116 0.0703557754202653 0.0974398035002843 0.209225202170664
0.166344940261003 0.139488766684515 -0.0382970693134551 0.25839525651329
0.065049805820141 0.223791808641401 -0.14299663674568 0.161753225477117
-0.0670734440350381 0.252334626743244 -0.12026482605909 -0.032240051773782
-0.123120616983309 0.224887562069738 0.0774570423751408 -0.126740921954017
-0.123552979573039 0.119329837772136 0.0484074248807851 -0.238594908705819
-0.114622280088101 0.194183434956004 0.160390501975002 -0.206845685808715
-0.00696819246468472 0.212680090107772 0.159113414231221 -0.211934520635429
0.110523401527032 0.152918620764804 0.100445650279592 -0.184421456212815
0.134483894449846 0.0773875576310664 0.0880962267309757 -0.153103907681088
0.134265428621235 0.0211146362615384 0.0772672876632674 -0.151497027354118
0.123045238949188 -0.0168994876367655 0.072285986438069 -0.123549055831283
0.115223782825323 -0.00703855729951643 0.0832033205134766 -0.0464246456344823
0.110636359522691 -0.00128101231855995 0.140488536852355 0.0254976638285835
0.133544667619865 0.0242293379055367 0.158062936877982 0.11668417969405
0.133651578035465 0.0797524614616172 0.12006896555803 0.216166236407015
0.113260393008606 0.136968262251379 -0.0271761487371314 0.250772012008752
0.012605231981022 0.200865354434665 -0.123891536874073 0.141575728847894
-0.107271329716037 0.198081625823456 -0.0789590986470788 -0.0541722662567821
-0.136448128058742 0.143771597744449 0.132773743960781 -0.160767829984243
-0.0952681781160472 0.0302934362896635 0.0715427410427966 -0.278691945923194
-0.0958203979477199 0.105871831540436 0.140066103123144 -0.220250585827845
-0.0161125415139873 0.131227480261439 0.154251075798225 -0.186532773976577
0.0616416711949214 0.0821443000299779 0.118270933545363 -0.159912272850259
0.065646099369913 0.0404563557904326 0.121981573845244 -0.147467086763584
0.067170412410988 0.019783521200641 0.111924266696602 -0.156012568822937
0.0690161618955451 0.00181441451286202 0.105703070691208 -0.127578263634513
0.065180054742817 0.0103477314231561 0.119331535872503 -0.0483077952581346
0.0651601244821386 0.0142605688313938 0.174087118363267 0.0305317871951787
0.0781800646124183 0.0316017063620245 0.181676531853888 0.130406827969349
0.0745596398022529 0.0616740492301415 0.129935463787733 0.227712946129115
0.0634660357443848 0.105329448354338 -0.0196243938815699 0.246825814394286
-0.0234786244513613 0.150659322510187 -0.099184052555433 0.131259688582928
-0.117016993155574 0.119855405427353 -0.0342174915251011 -0.0479075500229764
-0.120622475486694 0.0469369876853606 0.181062456340827 -0.158467229361032
0.0676078900423879 0.0362279642921451 -0.183209980233841 0.17267571129007
0.0818153824302168 -0.0478475881717632 0.0174127752876243 0.0734684614211955
0.00544282818460948 -0.0853919064307061 0.0911498086476091 -0.132837532185484
-0.0440727297881535 -0.0372478147554109 0.0205051397430314 -0.261340296594639
-0.0295787151274334 -0.00927290827075671 -0.12913709184237 -0.251675844095712
-0.018119951323621 -0.0115484958824718 -0.215792130160784 -0.148220502491136
-0.0159283989102621 -0.0192851298891683 -0.210094295748213 -0.0354877080645783
-0.00208914386989722 -0.0256075642804024 -0.165108493841018 0.0606287573833068
-0.00652088422885718 -0.0313220546811633 -0.119981867716135 0.131989810638881
0.0044104417285304 -0.0366092361295581 -0.113210475328676 0.175800410991199
0.0147901632893746 -0.016498418917549 -0.126385859884898 0.175814600349236
-0.0040413808360232 -0.0181803344604438 -0.137717262032775 0.172951237694246
0.024279247369013 -0.040452450176923 -0.150095512604572 0.167057562108525
0.0784641629629675 0.00539610291742069 -0.158743144559432 0.182196867518932
0.0607745441649278 0.0639167927010762 -0.0836877235485283 0.269405418040344
0.0135436679335651 0.11407916327408 -0.190345784617073 0.138072558745228
0.0405661439201504 0.0451377943937979 0.022629489240817 0.0402639108598795
0.00778429237765089 -0.00511205443288983 0.0864770674744 -0.157285269236469
-0.00664166165866954 0.0244237359759945 0.0169174268070897 -0.265380594384683
0.024098397724042 0.032077552686143 -0.120075629735828 -0.251345556662346
0.0444920127638875 0.00313003672913505 -0.200550963548981 -0.158882877112038
0.0449062355912903 -0.0280754486116166 -0.198627571428065 -0.0506565297170406
0.0598048797481149 -0.0402126500417382 -0.156696486964864 0.0481577525453946
0.0546704990213635 -0.0508289667362477 -0.102157642849016 0.121565566246701
0.0821425991875621 -0.0499152622593903 -0.0864537867926914 0.177194759004599
0.103775577783514 0.00374583966982282 -0.0993262702200739 0.200332989407642
0.080301736608863 0.0424694569865166 -0.133721188906031 0.202632957901918
0.0605414408634119 0.0590623976841689 -0.157522909130127 0.169908138226323
0.0598819405799469 0.114234000700803 -0.148863078985324 0.145417285719964
0.025199202135443 0.169246640731117 -0.0674877339355977 0.210715070242842
-0.0461648334819785 0.175079210411398 -0.165697701545482 0.0828867231977574
-0.0124888126809178 0.136284405684862 0.0592605617405397 0.000894452077217978
0.0062590754568545 0.0875609839542988 0.106411100130101 -0.190103854468897
0.038911431410223 0.0908623555211723 0.0227224643145969 -0.27505453248415
0.0816035779529549 0.0699227705139045 -0.105030103332319 -0.244900752733667
0.105062775033909 0.0165027508886445 -0.170259402058482 -0.161936664902736
0.100829138886745 -0.0335943776412385 -0.165121005557605 -0.0662737097642615
0.111920528590357 -0.049777768220127 -0.126885977795688 0.0277930173960667
0.104082910380101 -0.0631597222785114 -0.0646064326297205 0.0999611084007236
0.142011989118863 -0.0613188617124852 -0.0372504179865911 0.167380832883391
0.173678121185377 0.0108134657629766 -0.0455222852117082 0.215712792565192
0.155645991252367 0.0763227837785675 -0.107049073518978 0.23695868237259
0.102607645927461 0.13526927999879 -0.157271493269762 0.183732045414239
0.0484104984000484 0.201910563122477 -0.147596486430734 0.105202983111975
-0.00762302952587609 0.248234986858317 -0.0438759220438273 0.126217128884973
-0.0957420403285419 0.212881337715559 -0.116012791133806 0.00957636083586334
-0.0605424393527556 0.214201764690423 0.108262087883991 -0.0474940282486242
0.0078591252899915 0.177230558073591 0.13536921579864 -0.219466884375959
0.0897139682586317 0.150982164448918 0.0378343037732869 -0.27791481375064
0.137311901195111 0.0970322532962034 -0.0752956884654663 -0.230395282521826
0.154678582774907 0.0229328685128337 -0.121734599194588 -0.158712454842138
0.143049758166811 -0.0386456260363255 -0.114111596903562 -0.0824497906646873
0.147257731947147 -0.0511252910589251 -0.0817821719336318 0.00419793444297714
0.136735850676043 -0.0637208097901155 -0.0148962521323029 0.0713275033836896
0.177585489470843 -0.0596654616446838 0.0204041198093204 0.145771663195292
0.212832829982816 0.0189604764161007 0.0166018836097178 0.217151912646801
0.20143657704935 0.0959370592042145 -0.0725442513750458 0.260494247787903
0.127813111643035 0.186201528779322 -0.153609158515134 0.192508116803016
0.0294176466841392 0.258719365356549 -0.150881021998251 0.0609028364927459
-0.0427579583931868 0.28726661767465 -0.0159094430083569 0.0300126606593731
-0.125450967003823 0.219709587648676 -0.0559405602217651 -0.0786958493698561
-0.0943780870935105 0.258377840038774 0.146442283477328 -0.107200515773403
0.0089420953923727 0.240189802663244 0.15519857463648 -0.236063317948339
0.128644781091593 0.189576366312782 0.0565785386921241 -0.262489145809622
0.174866316605295 0.10770280986966 -0.0276793144877855 -0.206395288850331
0.182674502618472 0.0228332073646551 -0.0584019728149524 -0.154474905315278
0.162859037622034 -0.0396165456892395 -0.0516466210334706 -0.0989096567532303
0.160216998085867 -0.0445589619122933 -0.025789282742825 -0.0187881692666707
0.149510726419479 -0.0508963409138544 0.0418512223525971 0.0446502007969567
0.18831077707136 -0.0387686663113103 0.0776983476091245 0.122811537602797
0.21814339402097 0.0387186209420993 0.0705122025370575 0.210938896554074
0.206612026922381 0.115608626111961 -0.0433413356268472 0.267051024618352
0.11865688158812 0.216228382005278 -0.145915142439727 0.186753531562198
-0.00717310024936587 0.278174791623156 -0.145774606636008 0.0143783636701235
-0.0809195710351995 0.280833788137267 0.0217489192477458 -0.0604275897209222
-0.132864906212227 0.189847879206679 -0.000201310693176992 -0.16851885395906
-0.109932772503375 0.254073409267212 0.162115301339772 -0.167805702255448
0.00716466119718904 0.254905348754754 0.158397750675162 -0.236332348891838
0.139841197350439 0.190345142425176 0.0748870748525975 -0.228561826002182
0.178110680096658 0.0985272247576886 0.0299967823966481 -0.178025292390338
0.177206434227011 0.0191650597159634 0.0120291797982343 -0.15305531057272
0.15626292930134 -0.0350416799938772 0.0125914271157555 -0.115400316584499
0.149294142055189 -0.0310572045620148 0.0320085994757574 -0.0378513553305173
0.140938778886731 -0.029602833402414 0.0966975086497391 0.0258144773399332
0.173714636465316 -0.00814182114029474 0.128103663836851 0.109577540224563
0.190813425346786 0.0625102443582581 0.110750682096292 0.207169582182002
0.174399225337171 0.132927335762168 -0.0242814918186262 0.264100014108651
0.0757677376634183 0.223988635390303 -0.135287942178947 0.16888418358568
-0.05696187308844 0.260086820253986 -0.122737754095185 -0.0264582423103473
-0.115016936897383 0.232421776859719 0.0705201330897115 -0.129665396036521
-0.120286401705864 0.125423129010656 0.0405700182814836 -0.242038157893693
-0.106637204008758 0.201133761233582 0.154664668321857 -0.212596621405089
0.00173500191768605 0.21524027573046 0.15191869454019 -0.219764952755336
0.118071914788058 0.149852116156451 0.0935435859646845 -0.189122846039575
0.139963195998952 0.0714221624541675 0.0838219592624738 -0.156594000436227
0.136079572696125 0.0154710949455612 0.0721460345965161 -0.156226451871672
0.122891749140254 -0.0223371268860146 0.0661823459629141 -0.127628879761156
0.116795009673429 -0.0127086875153551 0.082620153754067 -0.049437136814841
0.11291650930099 -0.00677061210103776 0.144548170045219 0.0194957138500927
0.135627639811612 0.0188780143560627 0.167911028748484 0.110574733675747
0.1392289180487 0.073616212278771 0.133963958513018 0.212849185498729
0.120273450756712 0.132144963209116 -0.0139458335615398 0.25633957401736
0.0227958233974966 0.202405203184563 -0.117594812291692 0.147951478002196
-0.0987307553594195 0.206078939970489 -0.0822489523504989 -0.0506010441087865
-0.131154334856493 0.150427104779453 0.124622684741626 -0.166899795416332
-0.0952197167867339 0.0344909570991447 0.0617534556330526 -0.283765244495668
-0.0914029213069156 0.111217154916365 0.133207991677574 -0.226025446724516
-0.0102573094216923 0.132599496511327 0.148011008070829 -0.194610700756202
0.0658916573941151 0.0798767428980572 0.111944442140585 -0.165768645355416
0.0676732813763291 0.0372039963885884 0.117731090544712 -0.152845456049612
0.0683030587886245 0.0168399780020272 0.106328435318624 -0.162462280960708
0.0688981303748068 -0.00132044983844298 0.0999733450501784 -0.132804181360056
0.0663510557210861 0.00733905548169059 0.119077555000205 -0.0530201621665236
0.066946387793183 0.0114492697277743 0.177882117099122 0.0235799620661082
0.0802240806261422 0.0281851410532879 0.191399301003898 0.123099728813352
0.0780433143900696 0.0581021924772245 0.143487623473992 0.224507070303675
0.0682257050487364 0.102138065177714 -0.00576410560020255 0.251465226436398
-0.016459214292992 0.152783055273562 -0.0934410738498664 0.137310561319217
-0.111876859932392 0.126487884453069 -0.0373827693975572 -0.0465281720392353
-0.119312122241237 0.0522071170008128 0.172874005900649 -0.167458045876027
0.0697012461329511 0.0351263630213726 -0.179983864154236 0.181315425798344
0.0825086477882605 -0.0514945270738414 0.0210792963345994 0.0762082766299239
0.00241169070717326 -0.0853186243251404 0.0875080426399943 -0.137009298109116
-0.0450316813589807 -0.0354335716402936 0.00988868967042843 -0.266709512893427
-0.029373607343322 -0.00794339751692383 -0.141007334991416 -0.252953049412451
-0.0173621315948638 -0.0101026603485393 -0.225319929730655 -0.142438824785398
-0.0163221136347162 -0.0184572827969153 -0.215847403402363 -0.0277027326956256
-0.00197223543913078 -0.0261126526631311 -0.166576805007474 0.067849995252879
-0.00650339957571713 -0.0305220023560883 -0.116649194928064 0.139006683319273
0.00360387352160906 -0.0368110102215281 -0.109036606644789 0.183462657543965
0.0155899435897626 -0.0172537987197351 -0.123197000724577 0.183365902557109
-0.00327864896468848 -0.0166472532520743 -0.134274040124505 0.178790484865582
0.0228054687654114 -0.0406226448600516 -0.148856824520021 0.173235607173529
0.0793516082729129 0.0024884313636353 -0.156876358852288 0.190278380561375
0.0637060814536574 0.0623815588611398 -0.0773432246890884 0.277100187682621
0.0160105015331066 0.114987245992564 -0.188562383385089 0.146959494914233
0.0425245964813643 0.0445904650119089 0.0257047601251429 0.0433068068309594
0.00681687275486437 -0.00423099829321773 0.0810662391168751 -0.161415121569684
-0.00551880451502398 0.0257571909687052 0.00708974872668247 -0.270214492932928
0.0274951971378819 0.0323249018188623 -0.131448559714597 -0.252350126246346
0.04672594669702 0.00254150792252852 -0.209752283142469 -0.153686175010514
0.0455871521021309 -0.0298270939967631 -0.204574528532063 -0.0436488089022118
0.0603698875170982 -0.0435328450930539 -0.158126783053253 0.0541341880292639
0.0549454232368568 -0.0533322121988884 -0.0990470811634607 0.127038464764951
0.0826440169569646 -0.0539132874154523 -0.0810005669031785 0.184416859939346
0.10763862012489 0.000244868689055397 -0.0936059563824014 0.206843752094458
0.0843036271758642 0.0422172991756602 -0.127778163051909 0.210551271707905
0.0629671535705424 0.0594366010545802 -0.155807653386264 0.176597979528228
0.0642960760193236 0.114445865008576 -0.148375560729479 0.152939556807889
0.0306447625749977 0.170883232940723 -0.0630449578862005 0.217619797733564
-0.0427941019374172 0.178471203366691 -0.164411248179834 0.0896805915283023
-0.00839290592230185 0.139443445081493 0.0615512711201798 0.0025809691446232
0.0075395778178354 0.0895321043536364 0.100265607671996 -0.195049045282086
0.0424894707400674 0.0917298739362757 0.0130140033090113 -0.279259703037087
0.0870687961131153 0.0692164310186162 -0.114844147354958 -0.24578478401929
0.10892645016334 0.0138328192061551 -0.178739846579983 -0.15764467914692
0.102017531519356 -0.0377777217760671 -0.171723502388608 -0.0603012021531525
0.113728817650821 -0.0551202450238186 -0.128265233991597 0.0324158150646565
0.105349203077676 -0.0682602518768908 -0.0610508767877743 0.103210258831727
0.143535930333818 -0.0672316755557377 -0.0298463442422325 0.171908487870046
0.179856475773167 0.00486952347355464 -0.0378691884995297 0.220818628763492
0.162096453017666 0.073823209423276 -0.0994649771768236 0.244586383208273
0.10891082390772 0.136182245483905 -0.155233211705917 0.190887634095995
0.0555549506973157 0.205029271755622 -0.147454560999866 0.112291243421071
-0.000718753883480043 0.252328524490092 -0.0421434306524753 0.131043439255025
-0.0923441920357694 0.218354513272884 -0.116021934085672 0.0139971070627027
-0.0552163674320872 0.220213631407936 0.109596378959449 -0.0488381577832314
0.0116881447605505 0.180768757524199 0.129120125765539 -0.224455793445331
0.0961382089694629 0.151418986301133 0.0281003041774727 -0.282515045087505
0.144184999086691 0.0942237636626409 -0.0830849583717523 -0.230483250003948
0.159355716971803 0.0185381668088369 -0.128895287993273 -0.156222049120816
0.14412839839504 -0.0442326061785612 -0.119641890742628 -0.0794126981367238
0.148535379680882 -0.0582406807294467 -0.0820212659755374 0.00738550599612962
0.138497413474214 -0.0696718927608051 -0.010883557697874 0.0722961749625118
0.179230086508798 -0.0664692064238695 0.0281811140129492 0.147692324185297
0.21994407759025 0.0116767852040637 0.025566895019407 0.220223478435937
0.209363392710619 0.0911666689716639 -0.0626473481887846 0.267310843464686
0.136690886060949 0.186385676299492 -0.149697035347608 0.19949520897461
0.0384799047011168 0.263466106106617 -0.151154381524835 0.0680101538224632
-0.0343625862696925 0.293217857195551 -0.0169576095583783 0.0323539985951498
-0.122607156397915 0.226132468816129 -0.0574185255951671 -0.0776183084847935
-0.0879052926743797 0.266459003846244 0.146692649732339 -0.110422625365137
0.0152615300239942 0.244794945178439 0.149148220744142 -0.242737034994209
0.137541731171908 0.188467309180547 0.0480792017261894 -0.26616183783551
0.183014631747124 0.103470624657401 -0.0338195550194969 -0.206855332318737
0.187102789516515 0.017737337069703 -0.0630073962550652 -0.154716171847052
0.164076948356829 -0.0459677909149996 -0.0566937079475183 -0.0987515764686355
0.16222344206238 -0.0522851971660958 -0.0255212958804108 -0.0177934454363067
0.151422432105102 -0.0574600787652298 0.0455484411452266 0.0431905378336366
0.190798969659144 -0.0464577424624805 0.086079742106765 0.122477661541559
0.224941859040054 0.0308558513402867 0.0812031357732083 0.211742287349316
0.214975333961998 0.110514524307318 -0.0321157453911363 0.274178211969459
0.128525591247513 0.217856205968997 -0.142052294605082 0.193808721223854
0.00199750050517648 0.285225206944335 -0.147459521792939 0.020911087241365
-0.0740222114374646 0.287722469132955 0.0181914566621231 -0.0602410160764474
-0.130703460577894 0.196702437224936 -0.00342445174835023 -0.170149464963356
-0.1035864720253 0.263082266262935 0.160871625424206 -0.173093044259804
0.0146542522417997 0.259401753390877 0.152086029981001 -0.243373501204717
0.149188156587628 0.188565288343562 0.0684454957721213 -0.233217915403496
0.185640595170865 0.0938164258567472 0.0265016964800843 -0.17987434914938
0.180733553839972 0.0141383297887418 0.00823788650756785 -0.155923072168945
0.157265915106214 -0.0410783069423473 0.0078243428128306 -0.117121557907005
0.15145550233441 -0.0373684580748175 0.0325291083339016 -0.0383355436195476
0.143272228222522 -0.0349039405591954 0.101240363863301 0.0216825332561847
0.176263967203672 -0.0144161561092866 0.136903449847816 0.10634438682161
0.197454142338273 0.0555476210587248 0.122521764986225 0.206815649072744
0.182037050623531 0.128565806337778 -0.0129286161622172 0.270573043778418
0.0856778756019921 0.22629378593964 -0.131034422709571 0.175876760248383
-0.0486289241041215 0.2669787891369 -0.125936196472707 -0.0214826950309666
-0.108996974998561 0.238320362134445 0.0649300793399087 -0.132216660430427
-0.118577982394305 0.130734282157287 0.0351111727624888 -0.246287991651256
-0.100872085199241 0.208665203791115 0.150981056019412 -0.218026487958149
0.00834305356809451 0.21903586395945 0.146131471275685 -0.226543474092222
0.125691812813529 0.147785104899738 0.0879993308625295 -0.19456569289531
0.145546340104595 0.066875804930028 0.0822233563809507 -0.160100378425424
0.138471011945751 0.0115084859896498 0.0691283742357482 -0.161466131883229
0.123903428859299 -0.0269015124766763 0.0619420299947317 -0.132142595443511
0.118716182189385 -0.0176036217951532 0.0837435880705656 -0.0521137539011752
0.114576704482066 -0.0106937808288625 0.149124151746653 0.0139956698315846
0.13853642488335 0.0143434276019051 0.176766194845184 0.105619290403997
0.144255700352737 0.0690902753452318 0.146112797324759 0.211564695897614
0.126981862273517 0.129050191902195 -0.00199318669520006 0.263074883925733
0.0307779604073664 0.204326887433288 -0.113064999303372 0.154013195389654
-0.0924264308362154 0.212967291618205 -0.0854405312393018 -0.0480015067870611
-0.128438570447271 0.155894322352456 0.118742412892008 -0.171991146891754
-0.0954801575218376 0.0377907095876648 0.0553475175087101 -0.290037520834404
-0.0882131590593219 0.115861221975509 0.129903715510953 -0.232083110587849
-0.00552652250656781 0.135037679302701 0.14421189083404 -0.201808927714927
0.0690715204511391 0.077673491555073 0.107528449817669 -0.170287439820942
0.0695960612414935 0.0344305113696516 0.116893381137896 -0.1579485976223
0.0689032826776455 0.015021933799466 0.103727896825605 -0.169088157637246
0.0692537946134545 -0.00359653934269614 0.0968337424675225 -0.138595432018586
0.0682925891732663 0.00488344043853154 0.119982357651581 -0.0570241994877042
0.0683855902080491 0.00988438741150342 0.18327978578143 0.0174483419877561
0.0822601311463658 0.0260633934496891 0.200508737344657 0.11829644446863
0.0801556209572808 0.0555466488624272 0.155560875512206 0.222717632043872
0.07210639100424 0.0998349933823112 0.00478540754631656 0.257337015794935
-0.0107115374865284 0.154556845992925 -0.088923083346978 0.142950611547062
-0.108528718909865 0.132297558797516 -0.0407261261682801 -0.0457990866303094
-0.119139950862045 0.055646824015591 0.167718751450092 -0.174692062983296
0.0719433568883382 0.0336140869144337 -0.178308433392136 0.191836509552202
0.0827028778009043 -0.0563367673665066 0.0266512132307515 0.0793726713122735
-0.000544299481909649 -0.0858490499306833 0.0837627508389376 -0.141573518775644
-0.0469777885392192 -0.0334295276709462 -0.000413314406125633 -0.272604676297131
-0.0285339355022233 -0.00624092991253589 -0.155471389730007 -0.255598826043103
-0.016679822975617 -0.00924041864459031 -0.236105169288963 -0.137013501742635
-0.0160635063304959 -0.0179610099013048 -0.222521544136457 -0.0182143101908334
-0.00274778029950128 -0.0268750491623985 -0.169068012334053 0.0755310252611908
-0.00635959270742882 -0.0305016189807063 -0.115155302407658 0.146424294871549
0.00198371021614061 -0.037632685562285 -0.104704701021946 0.193128158419954
0.0162105390220015 -0.0182357078675426 -0.120455120272626 0.191114235274677
-0.00290216148004278 -0.0152605775512947 -0.130860865940271 0.187101569387426
0.0215047230062542 -0.0409188770667961 -0.147961431493876 0.180554948767805
0.0813738250927829 -0.000810388424874417 -0.156623525364438 0.200319559814828
0.0677895574214009 0.0605920195701759 -0.071092610591495 0.286374656530444
0.0190972562177837 0.117103872787733 -0.187408892703916 0.15729788530473
0.0451648987072214 0.0436247678772667 0.0292546887633447 0.0462865893144673
0.00620965310432777 -0.00316839562800214 0.0774877404100911 -0.165477615252765
-0.0042840328315447 0.0273639442415283 -0.00295422454209046 -0.275829179672302
0.0306764155929966 0.0331323631107609 -0.143484438854141 -0.255051007048306
0.0500017220844681 0.00152849379060323 -0.220573585353082 -0.148984640467373
0.0468720150358656 -0.0314113342747109 -0.211497805039238 -0.035592658143358
0.0617883643123478 -0.0474166257660537 -0.160545931640701 0.0606272695580672
0.0561802270069127 -0.0563499576708995 -0.0968461039200063 0.133110307581746
0.0832316867065302 -0.0582855241897014 -0.0749255086702234 0.192323912309495
0.11178422817977 -0.00433042458228452 -0.0890644961412667 0.21566144411234
0.0894270419584996 0.0416377464936696 -0.122862733824447 0.219166609484268
0.0666531828612478 0.060935989343583 -0.155322487599287 0.185388873248097
0.069898721295038 0.115782387771738 -0.148007919952553 0.161381242364424
0.0371473161908485 0.173275713373788 -0.0583412216119637 0.225272725240767
-0.0395267416291787 0.183892524484662 -0.164229834276464 0.0978207161789025
-0.00456863316815219 0.143063161061454 0.0652846714611391 0.00344793432027154
0.00943207163706172 0.0924096251687212 0.0956939110617755 -0.200664609006452
0.0465488231677685 0.0928380052419532 0.0028964064091941 -0.286030516928349
0.0935687513047965 0.0676127353941663 -0.125431932777609 -0.247104845461253
0.112730694068295 0.0108699791392856 -0.187916315102866 -0.153955816892797
0.104025393050795 -0.042506848584501 -0.178068290944972 -0.0558098719826118
0.115204747641315 -0.0615661004236051 -0.130734923134943 0.0382065954615472
0.106855944814214 -0.0737745597795532 -0.0583819703983175 0.107299210322436
0.145208446228586 -0.074401427129152 -0.0227537765852889 0.177889614910766
0.186448844166008 -0.00266612026969751 -0.0292550699000437 0.227993040475367
0.171055436060783 0.0707356630940679 -0.0914723199435158 0.254001870552
0.117081194371788 0.137817999943869 -0.153660665880534 0.198944529290608
0.064003410958237 0.20939751976757 -0.148491667196891 0.120714976971899
0.00841690432332085 0.258182136899019 -0.040590398483114 0.136820302327299
-0.0888697992977738 0.225869879008536 -0.11680203468917 0.0183073034787526
-0.0487185628624803 0.228117764363069 0.112924404319174 -0.050555111470041
0.0163763248597564 0.186089452402271 0.123528113522769 -0.231900507759709
0.103170339174266 0.151898075838555 0.0193932854126645 -0.288867410274131
0.152863558023581 0.0915665435727518 -0.091848788929697 -0.231458974334736
0.165546357718255 0.0140645009460279 -0.13700696383054 -0.154807411505413
0.146949712274472 -0.0502853653090672 -0.126761074513593 -0.0766006203636641
0.151918084265279 -0.0657308157320977 -0.0834682211431408 0.0105174768350476
0.140590083256118 -0.0762868047564216 -0.00816309395731654 0.0738233235970549
0.181987693081801 -0.0750529639606752 0.0366535805892919 0.150421568235829
0.227907156782357 0.00203813995904928 0.0358807426408452 0.224790389530402
0.219403199606732 0.0865913828523604 -0.0521487896695651 0.276492607922337
0.147802198152571 0.188872346770622 -0.146882979381631 0.207359358669989
0.0479108711025827 0.271304751682924 -0.152903624451852 0.0751237256812754
-0.0256901728231567 0.300456930087485 -0.017898807262311 0.0359794354224892
-0.120294262127555 0.235014265699249 -0.0592642515005119 -0.0763146382292433
-0.0818534295422556 0.27713495898752 0.148758583742842 -0.114825086025534
0.0228371145074696 0.252038003934553 0.14414320724331 -0.250906845131001
0.14650829417777 0.188926561652607 0.039812379610635 -0.273369147417984
0.192843534911152 0.0994674223149437 -0.0399176526035457 -0.208964373343766
0.193409744425325 0.0117698017972357 -0.0691009650916588 -0.155586208863124
0.167203109646294 -0.0531756883699147 -0.0622213788183301 -0.098718064499274
0.165332187479126 -0.0601589095058911 -0.0257867822973095 -0.0164322292985287
0.154028944312774 -0.0642923262474036 0.049117395537613 0.0414331377883614
0.194799457069068 -0.0553398904310064 0.0951227914809454 0.121400167388984
0.234051111310121 0.0219824569895202 0.0936743539284004 0.213741395713021
0.225439888148638 0.105816286994151 -0.0193873468483215 0.282893422092683
0.140311612339089 0.219856940605394 -0.137871526220821 0.20248197493921
0.012263652190766 0.294239588710314 -0.149868628135225 0.0264782943313346
-0.0654745795287508 0.296071413793301 0.0142479565168606 -0.0603290208333184
-0.129026877522938 0.205133066879024 -0.00695927837659059 -0.173236828767621
-0.0966430670522411 0.273748918879523 0.161431422401568 -0.17905937647735
0.0230746397617322 0.266679003105113 0.147692576921501 -0.251724419927844
0.160356275335613 0.189027594883719 0.0621044002164488 -0.238620375868959
0.194308403147432 0.0889839276287844 0.0232692670879117 -0.18307669495566
0.186572769918843 0.00797310927276645 0.00491974993997617 -0.15973206579902
0.160008374013099 -0.0476012383269504 0.00285293687415358 -0.119887636192995
0.154978282393601 -0.0449269305819018 0.0329571395838416 -0.0398367619243095
0.146526709714819 -0.041886078172228 0.105570354080844 0.017561771128286
0.180950875392547 -0.021750981938584 0.146522453266554 0.103168774750064
0.204918771591313 0.04886671596306 0.135357832479583 0.206852744008903
0.191153363175963 0.124858345033904 -1.39778522032182E-05 0.278316727757362
0.0967441714520409 0.22815670547911 -0.126714733792946 0.182806584464195
-0.0399458736331229 0.27712457680222 -0.129758798152908 -0.0175834134822897
-0.104266967678116 0.246791111685273 0.0595376102343211 -0.135726948605109
-0.118339834860964 0.137895257396021 0.030672843311415 -0.253620617234268
-0.0964405494640799 0.218195239090593 0.150777665063638 -0.225889157211718
0.0166450648878288 0.224062112791074 0.141661913306606 -0.235795050825834
0.134323747529191 0.146490577118407 0.0831389438624246 -0.199828772832653
0.151923631557191 0.0626288330014394 0.0806789797510784 -0.165811048325664
0.142598807347489 0.00699843103581952 0.0666378156666389 -0.168344979332025
0.125272416844166 -0.0316953507886912 0.0578988249390661 -0.136802576386715
0.121655352104187 -0.0229478938142709 0.0856488240561847 -0.0553012405728113
0.11749637709676 -0.0153922032820959 0.15462943536187 0.00807175500096608
0.143196383705795 0.0088550330974351 0.186279030847903 0.101249625037258
0.150340521024061 0.064288323177695 0.15963914803535 0.211193289147025
0.134027754356395 0.126032435177373 0.0103184824700306 0.270965526014355
0.0392881823558933 0.208010554257064 -0.109262338416085 0.16086045512646
-0.0863329156058761 0.221664366687987 -0.0893613150041592 -0.0446980306542326
-0.125977694235562 0.162937594930647 0.113737544943609 -0.178664532409175
-0.0968245422185886 0.0418359988450405 0.0484587937227081 -0.298338995904756
-0.0857193407379518 0.121373441494828 0.12749635981282 -0.239618405332582
-0.000602965166436043 0.137914609788856 0.141560402921201 -0.210334509951042
0.0732898648075542 0.0770671891615915 0.104007902951832 -0.17574707598032
0.0725958683823414 0.0320951478390901 0.115802512299387 -0.16488106935189
0.070882469023106 0.0138682513374946 0.101058581325653 -0.177735550390104
0.0704678596413723 -0.00574429610560718 0.0927920550870444 -0.144804950321778
0.0706669472646627 0.00193460439733809 0.122711934983186 -0.0619825853431255
0.0705108722850879 0.00763055720053617 0.189798332451455 0.0102834981917448
0.084678305308767 0.0234758862146924 0.211344045405265 0.112738073633925
0.0835791833362958 0.0532668515701038 0.169635896026366 0.222287312484906
0.0760856999633319 0.0977701875081092 0.0162028246846501 0.264088887420223
-0.0046405382990624 0.157741695870057 -0.0844970564854291 0.149360299657646
-0.105648996729965 0.138334075292247 -0.044225811764251 -0.0449224273758723
-0.119680121259612 0.0594944830186254 0.163380264422619 -0.183238208453552
0.0646105272225815 0.0431623304840216 -0.212698460711301 0.164967253003407
0.0901303205301581 -0.0436310013793198 0.0167985499734245 0.0901723493070928
0.0152386438970826 -0.08254119802996 0.112013377486391 -0.124705694517957
-0.0367958579183045 -0.036781859941406 0.0465798693076327 -0.274867338836472
-0.022133477165871 -0.00899155903878919 -0.113956523937074 -0.284830320511627
-0.0112862447303639 -0.0105866607077717 -0.214097932081897 -0.18142466675381
-0.0119184012647247 -0.0187005152547038 -0.223263185102217 -0.0588209568011314
0.00405906356467343 -0.0283411699688332 -0.184709128785497 0.0449454628946703
0.000563272620104478 -0.0325613224931724 -0.141811467757928 0.126303926508957
0.0102464077588825 -0.0364352415044626 -0.139847718686754 0.172624619258665
0.0206961308012042 -0.0145762855628168 -0.156439335208329 0.169415999872264
0.00178138398051459 -0.0126105211230162 -0.169162101380594 0.161747696877097
0.0293343927043608 -0.0342164301200617 -0.186289085654809 0.154172145095763
0.0829248697940097 0.0169361085276048 -0.199816529064725 0.176776922102145
0.056206550686797 0.0737234908305762 -0.133283709385307 0.282852771029981
-0.00248470622245369 0.115316456693461 -0.216852216686195 0.129016489725333
0.0370231290685242 0.0499934981243977 0.021857017520738 0.0559803150281388
0.00743126117549733 0.000581895960151609 0.106409245249262 -0.150030993369459
-0.00586136919679623 0.0293816600366522 0.0441086164763657 -0.277006372052309
0.0300164785776919 0.0406356100337052 -0.101956425331506 -0.282118317575861
0.053301489452069 0.0119775879959862 -0.197069757779843 -0.189842551488563
0.0530140513170456 -0.0222783882800562 -0.208310276493766 -0.0745042087470278
0.0729253707442562 -0.0376793931445704 -0.173102432104855 0.0321009699153924
0.0689196187249495 -0.0456817787803186 -0.120620000914198 0.116817906156305
0.0951184587708426 -0.0426961641756677 -0.108583560449426 0.178739335725654
0.115334685315949 0.0169579396703316 -0.124850257926275 0.199817465151869
0.0833900453697345 0.0620037998131862 -0.162767873420915 0.198160788913268
0.054519086833306 0.0791796784797444 -0.191329776337776 0.160892761045704
0.0478216502230331 0.132922298610642 -0.185627828520406 0.141021264608109
0.00313817052723945 0.181099341833074 -0.107564839303376 0.224221396722081
-0.0734570885087973 0.170732991822966 -0.184436246182766 0.0731201236374753
-0.0284986293234185 0.141602615218276 0.0612947642578969 0.0166711092020913
-0.00648814093479767 0.0968913449243042 0.127885011852598 -0.181068564957074
0.0322114993778575 0.102511124622921 0.0498039127001794 -0.284666261341945
0.085101188883529 0.0867858478666961 -0.0862592972142957 -0.271239934848299
0.114330289583367 0.032981211340769 -0.164879964496877 -0.187887547539861
0.11253830379041 -0.0230066482600279 -0.170222515007571 -0.0881296649916967
0.130394435793162 -0.0429243092667459 -0.138135084199174 0.0150441838802015
0.123496287318691 -0.0540409404081667 -0.0769281487713648 0.0975940368015348
0.160101310836063 -0.04812026153154 -0.0519668262185192 0.173254859395849
0.18937727531763 0.0327007082661851 -0.0641025433779551 0.223965550811447
0.158949961009456 0.106537848484238 -0.134279293244944 0.241174943181602
0.0900559464156557 0.167697706680344 -0.189487607371792 0.178196861390223
0.0225101753402581 0.227005661935741 -0.178531737352272 0.0997562846796178
-0.0425442615743963 0.261688761724413 -0.0709626608844786 0.136147025410413
-0.13008228358336 0.205273148238253 -0.123014442920496 0.00160907340989458
-0.0871119093191049 0.219224364885514 0.115626153178292 -0.0314492709554842
-0.0157117774765553 0.192505173480879 0.158091101438881 -0.20780535449009
0.0766373512507579 0.170508558203695 0.0657648135183082 -0.283263488579529
0.139842818420848 0.121044189718234 -0.0541711712768217 -0.250718031996413
0.165000368140882 0.0458897658096762 -0.112607364451009 -0.178323333769071
0.156347950190701 -0.0236542901292131 -0.113754095322347 -0.0994470264272168
0.16833433448475 -0.0404367785628353 -0.085070513012843 -0.00388861202423863
0.157723692525938 -0.0505793377755541 -0.0192806230352444 0.0733938634366492
0.197394354104811 -0.0413961134294683 0.0142491860508803 0.15754454433771
0.231213753725902 0.0450141821218565 0.00417558711836013 0.232374612247166
0.204155294010836 0.13141043279191 -0.0959629968129954 0.271737564325601
0.110653635357894 0.225573315541389 -0.183322153115579 0.18956243276767
-0.00493603938139602 0.286013943429593 -0.175962027608652 0.0527103346738164
-0.0857704863813407 0.297370039734732 -0.0278252763094632 0.0367573557305507
-0.16225638201164 0.210214137761738 -0.0488888477996892 -0.0843766555914804
-0.126048095159121 0.263785378943936 0.162428728993091 -0.0917212950157614
-0.0206667914129174 0.259201369271611 0.180081226149682 -0.223347838030026
0.113569011376112 0.213795958946869 0.0837201579085022 -0.262845908163733
0.176360594429079 0.135913768666797 -0.00609413491817629 -0.217734336526202
0.192589182423266 0.0482056523017058 -0.0432894895357431 -0.16662633892295
0.176417432751294 -0.02296569823686 -0.0445389690047919 -0.110381159529104
0.181234917811119 -0.0320110319124062 -0.0219399972104734 -0.0211759205993059
0.168517456531664 -0.0356835503253066 0.044463554145253 0.0514241607848714
0.206278778951257 -0.0191951977821354 0.0783546821412346 0.139270050563641
0.232661541541875 0.0657340544266441 0.0655392371144303 0.232454069697651
0.20563836737694 0.150544680987689 -0.0639502830790118 0.28590725922386
0.0966503312387691 0.254522855180838 -0.172976045821174 0.186655857172721
-0.0460212279067231 0.301654391733668 -0.164019507546599 0.00343247693905715
-0.124805075995438 0.28469341681006 0.026133447431903 -0.0569349130698809
-0.163767412499438 0.180504591778709 0.0218041553479065 -0.173506672576182
-0.140105534099777 0.259099185151562 0.186402869620436 -0.157154963181539
-0.022251417724825 0.273180539708119 0.183179711485018 -0.223739210696557
0.125711712659787 0.214695497667995 0.0999036134370866 -0.224251143739819
0.178780016021195 0.125242184997595 0.0527679175053566 -0.180312610278482
0.185753425420976 0.0433389849016086 0.0325089070017288 -0.15817394087667
0.167980717110887 -0.0195810827107546 0.0259543436330736 -0.119949385325811
0.167174742389959 -0.0187671230489823 0.0419596547378191 -0.0327112305731136
0.155355927228269 -0.0137628854638591 0.105055604889852 0.0379787610796066
0.185632535473023 0.0110202530662595 0.133469258741502 0.131134213377486
0.197445821187569 0.0876017461459446 0.107264488447729 0.234331860568524
0.167109869266025 0.161664244631613 -0.0432071529734424 0.286376501056943
0.0507402602839929 0.253545035147797 -0.158710896700683 0.169767136523716
-0.0950904789069462 0.27344571941678 -0.134549380824268 -0.0388775994768359
-0.153718550637467 0.227022779447547 0.0877224265805383 -0.126050558207998
-0.140237245370069 0.116802681209724 0.0731473514874064 -0.249052704408794
-0.129027062643397 0.203668060773221 0.185356176396973 -0.205084886916511
-0.0208673955518855 0.230854830957433 0.177576032604521 -0.209856689953226
0.107086269136483 0.168767246057673 0.114922337871056 -0.181518920992392
0.13955026556093 0.0914965148870266 0.108809732213494 -0.152335692122213
0.140532514288403 0.0343248282359869 0.0973814364670485 -0.156814332192318
0.129566882291651 -0.0103870793323571 0.0857280989732074 -0.127012234836209
0.128350829254018 -0.00258844458476191 0.0978385577225606 -0.0388546165803691
0.120769129882254 0.00730727007745728 0.15650965805081 0.0374684681696927
0.141632737619814 0.0345335365727456 0.171231762412056 0.136223933825316
0.138356206238104 0.0924653128309769 0.128696943716581 0.243313085115543
0.10899557466387 0.151044454937144 -0.0336521761290035 0.280803667971161
-0.00340833614501936 0.219652099139003 -0.138120660641681 0.150759603992681
-0.130709103746493 0.207145405451209 -0.0890410534202497 -0.0610077554117841
-0.160107738073176 0.137337179795814 0.15206757656555 -0.16014514508372
-0.100016991727716 0.0272209341696585 0.0997858431541426 -0.292673250270325
-0.102004642195501 0.10928786983678 0.16839957640117 -0.222116742755182
-0.0225041162044135 0.14076585676577 0.175816215277401 -0.185643683218813
0.058745025062628 0.0896888284531197 0.133667377030881 -0.155683009540611
0.0652933106310058 0.0469769432312768 0.144808481535847 -0.14637788718789
0.067479196204234 0.0285806576376105 0.133130660519442 -0.162859997496919
0.0700999464986615 0.00647389364295309 0.122268539095895 -0.129174330363149
0.0716403199415646 0.0146167776702121 0.136256338013088 -0.0385323522171288
0.0687571892034821 0.0215913339032134 0.190610547362971 0.0467619375765027
0.0805171176950464 0.0378330656646102 0.192516362324615 0.153110648517281
0.0733236208737121 0.068337847666172 0.133434555394727 0.255310888434602
0.0577732899673675 0.110736616952305 -0.0295328607525346 0.274286333463559
-0.0368022376121188 0.15908120858346 -0.112461402245429 0.141570838673686
-0.133275067141677 0.118395091003061 -0.0414149470701247 -0.0532929190284345
-0.132967830405986 0.0346685743486699 0.204009737260652 -0.15658778199565
0.066910123465194 0.0411737435754841 -0.208955563622923 0.175406159562623
0.0897821091572343 -0.0488816886606706 0.0230656150432763 0.0925379421554549
0.0125357903684346 -0.0833232678081202 0.109454282074775 -0.129985943524717
-0.037987910890049 -0.0348351747026595 0.0343757084749231 -0.278767016517013
-0.0212032977830218 -0.0074768972630408 -0.128147461857363 -0.284780544654513
-0.00951875895161173 -0.0104075477991368 -0.226295022068173 -0.174699307620895
-0.0109888977693303 -0.0178628130474656 -0.228583680832924 -0.0481675134205763
0.0042664571039101 -0.0292230904459448 -0.186758961522675 0.0537760228956077
0.000851741205772358 -0.0328934308227396 -0.138583187931883 0.1344637503727
0.00917932926567704 -0.0367527383325498 -0.134849955377915 0.181525321571056
0.0213383769540696 -0.0155453368312825 -0.152731052467217 0.178459599469479
0.00235439154836476 -0.0117102360818262 -0.1653150403337 0.16948677590423
0.0274213034009672 -0.0342417224464908 -0.183818560417063 0.162637036072496
0.0847683100950177 0.0132607770464708 -0.19844115869871 0.185798105207651
0.0598881692621785 0.0708003117190803 -0.124562523817404 0.292619654291905
0.000955978499446785 0.116589595746891 -0.213812523427591 0.139855659860259
0.0390602434600776 0.0477332088528505 0.0270928068572417 0.0571987707109076
0.00717322379289743 0.00103016853704554 0.102386406802005 -0.154029278977823
-0.00435916124024811 0.0307133297511889 0.0331466240717224 -0.281159849381157
0.0335748590198319 0.0396728812830514 -0.116400206786202 -0.281671757678076
0.0566131158913132 0.00991880953284394 -0.20759876597643 -0.184015603213755
0.0549721399817342 -0.0242378400879613 -0.214701009190531 -0.0652857415986836
0.0733046627241075 -0.0427244221100414 -0.175180190652601 0.0404207079599347
0.0696132985062197 -0.0499659095499653 -0.117254705084001 0.123515514223973
0.0951561521741689 -0.0471937656874999 -0.101606700083611 0.186256254350453
0.11927441649244 0.0120356567390007 -0.119365210569719 0.208548799317594
0.0895857910507324 0.0603408144810836 -0.155817831129352 0.207287427248093
0.0587255431465 0.079960675198634 -0.18890567973263 0.169618904667672
0.0532191993286323 0.133507187670697 -0.183792277867673 0.150073020984673
0.0104721305927493 0.182211390415606 -0.101459255142157 0.232376041458833
-0.0691979868626196 0.175541796315302 -0.182847277393949 0.0825471810773294
-0.0239834176401086 0.143951186822217 0.0653869028645459 0.0165308379069975
-0.00402586049426197 0.0989713289503821 0.121178132189846 -0.185880883596859
0.0372809329328947 0.102985228186675 0.0399328869358828 -0.288170272050939
0.0914430630115314 0.0844035081033837 -0.0972044077517486 -0.271152881892228
0.119506010432247 0.0288400717702447 -0.17355700291958 -0.18265116858776
0.114427400422105 -0.0274540529120584 -0.176313997922336 -0.0814621957094205
0.131629643698748 -0.0502525591872069 -0.139502918253871 0.0210921506768678
0.125347527749194 -0.0603243295529488 -0.0729034217664484 0.102503988868794
0.161000672577785 -0.0552407793756761 -0.0436439487830052 0.178464598940433
0.196020579857243 0.0242107936925684 -0.0551893874955241 0.230140623384245
0.167975980992707 0.102069600623346 -0.124337315666014 0.249909090885347
0.0982407084162773 0.168464734585535 -0.186387313088727 0.187025382037572
0.0319312890460816 0.230776969393797 -0.17767446340546 0.108137357354195
-0.0330005225746488 0.265078664821253 -0.0677903285673467 0.142300682360636
-0.125833437435696 0.211527429446336 -0.123428159092512 0.00742029242843812
-0.0799974060938709 0.226248046838174 0.119076364890775 -0.0344040629471253
-0.0100893596660485 0.197013620843187 0.151069454816651 -0.213534876482463
0.0851141875915081 0.170237063195381 0.055821314294369 -0.287280128456467
0.14757626975758 0.11712823028103 -0.0647478870798652 -0.250314616994222
0.171120410419455 0.0394453418463981 -0.120104116359007 -0.175719188519774
0.158218128076405 -0.0294821805703269 -0.120199971901762 -0.0957406563643172
0.170474765440283 -0.0503399592831945 -0.0864540904264798 -0.000194488907581892
0.159598623213086 -0.058295879560356 -0.0151053791249134 0.0746774253610827
0.199525831640855 -0.0505731885516278 0.0236896561161569 0.158846957459721
0.238436594888457 0.0347728018441386 0.0160827461242341 0.234908883543361
0.214182118818907 0.124905108693213 -0.0833143761626493 0.280070815911493
0.122502851614131 0.226090168533622 -0.177953285499201 0.19905218887407
0.00616689683257806 0.292601096398829 -0.176292689201376 0.0609703975328064
-0.0755622784858799 0.303624150264075 -0.0279485128992345 0.0401965426229215
-0.157705037729605 0.218187049525394 -0.0511330495489751 -0.0823841944692626
-0.11767432525127 0.273456740891784 0.163781717719001 -0.096526968269111
-0.012164202715647 0.264736636578113 0.172789039399773 -0.230571083337427
0.123671587881462 0.213003837395066 0.0740394237482363 -0.267213425344486
0.185877397940658 0.12989617890356 -0.0127507618652713 -0.218769481340554
0.198388652587293 0.0412464731370799 -0.0496247342013885 -0.167508104222832
0.178624368883346 -0.0299632397059291 -0.0506644091609049 -0.109655185415264
0.182895958889025 -0.0414302581758135 -0.021456835544206 -0.0199803708536963
0.170818129094142 -0.0434155898936502 0.0482474609865648 0.0497239225217572
0.2088094657092 -0.0289357562192894 0.0882496314071571 0.137401327093034
0.240618062439849 0.0555605889744128 0.0787160575309288 0.232153048852367
0.21568737900531 0.143583941962976 -0.0490170920929476 0.293369720571169
0.109458184964764 0.255507023051147 -0.166877811239449 0.195362961738344
-0.0340802430641089 0.30954292081578 -0.165770912044603 0.0103755515958946
-0.115603947602532 0.291640174172856 0.0218850844836593 -0.0568582820875432
-0.15999181982528 0.188781394878093 0.0171262597469484 -0.175502493547602
-0.131191542115154 0.270053085898512 0.186736374656186 -0.163324123648685
-0.0122189425727402 0.279745490764137 0.175669369683522 -0.230844477272227
0.136237551311323 0.213432174911276 0.0916246895878859 -0.228402666913974
0.188063166294962 0.11911967429097 0.0491899630475915 -0.183742937899569
0.191211788577606 0.0361756613097482 0.0279608630557622 -0.162745017089436
0.168840389919957 -0.0264066555616872 0.0203326768911351 -0.122453992142121
0.169390691557582 -0.0276599912724736 0.0434352937376478 -0.0344552968368044
0.15843000806421 -0.0204122642586241 0.110448722995071 0.0340708786605403
0.188906882080424 0.00324037392439736 0.14227471852558 0.126445239907333
0.205786237441731 0.0784460096307078 0.12214713918463 0.232048749325923
0.176904640182824 0.15633498587228 -0.0280572713314911 0.29385522496654
0.0623134229382495 0.255034709289519 -0.152493511815537 0.177330630223924
-0.0844106371795268 0.281617808391413 -0.138309146334229 -0.0339835770361102
-0.14696211265938 0.23495301046575 0.0819950311199357 -0.129363156894736
-0.137513001524119 0.12409439706192 0.0667327123434737 -0.253887596226316
-0.121940367487484 0.212757745578473 0.182861223316493 -0.212828519581989
-0.0119012807030047 0.234727122311502 0.170340582734688 -0.217406659472348
0.115702969362396 0.165912778360547 0.109980838952253 -0.185856113554159
0.145465270250587 0.0862185194451886 0.106084387739883 -0.157375005874571
0.144475414569318 0.0292747693666958 0.0928349586312308 -0.164496853304636
0.130994831743141 -0.0151118894344999 0.0803808803308787 -0.132672404859194
0.130741183152442 -0.00888558230348043 0.0994193342361012 -0.0430940974666231
0.122981437104413 0.00227762201990776 0.162476760135732 0.0310397862472201
0.145090641836878 0.0286170500343984 0.181802698201957 0.131267918027444
0.143928111924413 0.0868604142433713 0.143102946399569 0.240119596620481
0.115915642040193 0.146707613038964 -0.0195796035500671 0.286390675996983
0.00627056826108986 0.222113850654746 -0.132015244607712 0.157515010757755
-0.123671770233242 0.215865201914852 -0.0926301033086595 -0.0576735399536116
-0.15694532703254 0.14413426144692 0.144578287250449 -0.166848176800789
-0.100527521988389 0.0311375069485517 0.0917325139792538 -0.299073551595937
-0.0986491622524406 0.114992492762951 0.163671326805876 -0.230123248229295
-0.0162070392909617 0.143217430510694 0.170485974148905 -0.194226768802895
0.0635254893118692 0.0880967984792829 0.128995735905315 -0.160503573186274
0.0676774579576286 0.0443659950530806 0.142892789081649 -0.153416386262186
0.0694492460592809 0.0263837364846591 0.128851329619359 -0.171880837073103
0.070806818110143 0.00404482248051345 0.118287368600302 -0.135973943591545
0.0740585072390767 0.0110216701300066 0.138991363308328 -0.0441855690601688
0.0708273741442584 0.0185082727401347 0.196266963854945 0.0387628132854965
0.0831746533224492 0.0343949200265651 0.203644016519379 0.146257972073848
0.0754095045927291 0.0652328172943483 0.147232692413236 0.252730286856261
0.0620785999002709 0.108594329612185 -0.0148593006549882 0.279602118765116
-0.0301456385014988 0.161499442875158 -0.105800407880381 0.14794298747902
-0.129020011672936 0.12529885319165 -0.0447304706323886 -0.0519737684582913
-0.133942407133027 0.0398298264448387 0.198158005614795 -0.165727277407852
0.0683429246572226 0.0391791909383796 -0.206293880391398 0.184621792187763
0.0879397918013037 -0.0538815037559447 0.0288192338694616 0.0942124893468818
0.00951864820118364 -0.083969539730562 0.107604049950994 -0.133922514410309
-0.0389911434095612 -0.0332619487634893 0.0260042317460352 -0.281822068275127
-0.0207625252199675 -0.00731937207104921 -0.140527754611525 -0.28455627417873
-0.00808836691718279 -0.0108479226566235 -0.234635569925127 -0.169113145441159
-0.00956115673620845 -0.0180251507846237 -0.231581066182331 -0.0399359761460105
0.00397891531378606 -0.0310242326167585 -0.188213806628074 0.0609144077554535
0.00129317679921694 -0.0327746324469642 -0.13500785594543 0.140595702326222
0.00820476400815625 -0.03666789632286 -0.130007112059191 0.187761935250995
0.0212180095033604 -0.0162276649604499 -0.149784605489359 0.185731171542945
0.00378978196648131 -0.0108094125495433 -0.162114977790415 0.174705437435258
0.0266093465549103 -0.0331189029116241 -0.182809010640009 0.168200121737441
0.0866204714699552 0.00996031760439943 -0.197897800871317 0.193291046528938
0.0624716758413247 0.0684648264583464 -0.117666493568225 0.299139425251865
0.00321281525366399 0.117605569343716 -0.212862933950972 0.148261338760902
0.0399767747063618 0.0462907366835393 0.031349500037229 0.058818192826891
0.00603501389326439 0.00102380423703586 0.0988409601100314 -0.156564198404647
-0.00310417204627849 0.0318583281393983 0.0252243886529681 -0.283846949267727
0.0365654646931011 0.0387402068991851 -0.126456707617644 -0.28130535808895
0.0596315443833814 0.00745848766118703 -0.216353056992534 -0.178855147477922
0.0566504069646243 -0.0261481047668499 -0.218264632036914 -0.0585846282598035
0.0737938358873485 -0.0469159617353096 -0.176120181064656 0.0466968421773561
0.0708901017026268 -0.0531808997520282 -0.113952357332513 0.128174668003549
0.0954413755326381 -0.0500156607297136 -0.0951277177209636 0.192081416096834
0.122481005209394 0.00858505375585059 -0.113470385877183 0.215229991131097
0.0939345085271669 0.0593861051511559 -0.150610549194652 0.213970938692039
0.061259490445709 0.0814305499872819 -0.187652655385901 0.176462608595793
0.05815992861682 0.133958933172174 -0.183394342203663 0.156878916854643
0.0155035852963098 0.18225585301738 -0.0966370015415562 0.238579273320822
-0.0660670349383975 0.178432282059828 -0.181628762172473 0.0891022602000221
-0.0205121579212122 0.145667635585755 0.0693327109803722 0.017317470032534
-0.0020383346835442 0.100934477890601 0.117538973529285 -0.188729261175184
0.0402614167743787 0.103504608330299 0.0323640257771729 -0.291222685693211
0.0962777692136507 0.0821647568970789 -0.106782142656112 -0.270416075689309
0.123827385844182 0.0247056225276114 -0.181606610456121 -0.179592616309116
0.115799842600948 -0.0314925785808787 -0.180997829005952 -0.0752874953911833
0.132704096835678 -0.0569502205415802 -0.140157399874565 0.0266107058600173
0.125962579927497 -0.0656204853666207 -0.0695039302392833 0.105465013526357
0.161080548248958 -0.0617798087261626 -0.0359683692716701 0.182436877456897
0.20066055426948 0.0174025170559243 -0.0475774319255784 0.234035131609748
0.174800283968682 0.0979544319432833 -0.115684067313211 0.256563330468599
0.105070493430623 0.1692654978346 -0.183726719691716 0.194132019043023
0.0396185477275525 0.233916097225935 -0.178323695579826 0.114237236835389
-0.0259541779526831 0.267126899777647 -0.0657353168053628 0.147861802099377
-0.122726493095746 0.216831732004072 -0.122948715280363 0.0126510043662989
-0.074623906342744 0.231724046510748 0.122037757904065 -0.0351586849576126
-0.00538117918707318 0.200320868764597 0.146080791531544 -0.216314574467249
0.0905579286581706 0.170239894338224 0.0475169032466894 -0.290475688204649
0.154046474600549 0.113151327318639 -0.0703863468788997 -0.250104722638964
0.176265859603517 0.0346372478744169 -0.126054733023912 -0.174487286284416
0.159961166623607 -0.0348414838201572 -0.124768614588318 -0.0920263345828857
0.171701574994174 -0.0575662046943878 -0.0858346868702574 0.00299935164943177
0.160735079144516 -0.0647747849310864 -0.0114914301019962 0.0755351891592467
0.200542470141451 -0.0578305181722271 0.0312173718894227 0.159159857675655
0.244204066895656 0.0268139904074096 0.0255986449803652 0.237314792582215
0.222425992525545 0.119180345929745 -0.0729553336716324 0.286139762979749
0.131791360721193 0.226197666820239 -0.173974992877822 0.205384003532743
0.015916462442494 0.297155398114274 -0.177044118425607 0.0668438435078555
-0.0678712719733838 0.306772860190957 -0.0287729312089392 0.0434040429967021
-0.154570820792738 0.224372665727548 -0.0519068623271631 -0.0809721211328792
-0.111050320129464 0.281930079384115 0.166319957754965 -0.100119457199805
-0.00514506421441476 0.269590750977482 0.167343676328294 -0.233421783138352
0.131945801512686 0.211695000663166 0.0677556583835454 -0.269395353372159
0.192893753777814 0.125470801306314 -0.0174536243741389 -0.219759373755517
0.203560914061025 0.0349429263198859 -0.0533836332309576 -0.168532935808625
0.180310979576217 -0.0356760920106675 -0.0553691781056609 -0.108744019884076
0.184064954395224 -0.0500153158603787 -0.0207054606588082 -0.0188883573893433
0.172473038094947 -0.0502751721145462 0.0524276358913803 0.0481979143038824
0.209966870778298 -0.0359697082825777 0.096687237359135 0.134932399501582
0.245702904215515 0.0469111799344646 0.0893646084228743 0.231471859643576
0.224492611571964 0.137715576120729 -0.0367995352366162 0.298075102101614
0.120262043994077 0.256015379770262 -0.163163877928401 0.201345975456544
-0.0246018569643728 0.316053694330901 -0.167391304826674 0.0163711126696108
-0.109395181194915 0.296728867416533 0.0188448699132032 -0.0559655029605823
-0.15722963049222 0.194512216350743 0.0136681763257807 -0.176431008141751
-0.124746860861879 0.278368170077232 0.186590477044638 -0.167479987048624
-0.00306326879657058 0.283882651193554 0.170212651610499 -0.236168838540686
0.144938363983586 0.210913791150885 0.0866499019012381 -0.230364132882388
0.194574018417861 0.113868627210858 0.0461168302515364 -0.185553311988357
0.195377397161747 0.0308260065262351 0.0238559277792308 -0.16657314817697
0.17052802854156 -0.0314953637463814 0.0157424100027977 -0.123676020901598
0.17052190058269 -0.0345461875868285 0.0450095903024277 -0.0365526504317278
0.160130687896616 -0.0265124417389997 0.114629093377989 0.0296333259410979
0.191783788654868 -0.00354139706464405 0.150650376697584 0.122286327757571
0.210669577251896 0.0718008659034369 0.132427867188281 0.22922350182342
0.183164282886573 0.150983484519601 -0.0156224845890424 0.29746430835704
0.0719116227024357 0.255491942888181 -0.148409676154384 0.182983814978388
-0.0755915538509497 0.28838545962492 -0.140521154594946 -0.0286364582904903
-0.143071878162812 0.239650112520892 0.0766549653586824 -0.131579476563826
-0.136025993694863 0.128268004067324 0.0619270297143847 -0.256638239369533
-0.116708767877345 0.21927612748782 0.181729705514278 -0.218259523583916
-0.00372590503855856 0.238708847701874 0.165723750789092 -0.221750699579394
0.122600152179249 0.163899535074454 0.105952402951035 -0.188332182051955
0.150221872769477 0.0823383515064778 0.104829272236154 -0.16132009191944
0.148110447687451 0.0252784215756488 0.0892197453631388 -0.170433897849921
0.131829647399957 -0.0191048809771647 0.0759988054917765 -0.136663927024791
0.132174261820678 -0.0144985106165935 0.102557803648758 -0.0465496983408825
0.124953276705014 -0.00152590424836979 0.16655336085478 0.0262093875399355
0.147823987485047 0.0237091102386229 0.190128542393668 0.125944462248275
0.147746046507918 0.0819226374922112 0.154280708795156 0.237482684430216
0.121019163303526 0.143667781878602 -0.00738185091824492 0.290902228349399
0.0139779666694537 0.223509723656145 -0.127822144946725 0.161684244909038
-0.117399989226271 0.222283971596618 -0.0959226660794631 -0.0545358448592136
-0.155516845524199 0.148877008708375 0.139200832004632 -0.171767684268921
-0.100549674589486 0.0341409326931446 0.0860474557468181 -0.303406134857837
-0.0953171848295806 0.119384264609088 0.162390725358954 -0.234975041381561
-0.0110516461527923 0.14575580838102 0.166975842207293 -0.200393409958963
0.0669779963651845 0.0865836080588375 0.126743406324854 -0.163120419419858
0.0689845666819664 0.0422669213624265 0.141639554107231 -0.158711660810858
0.0713108695625721 0.0252725646413533 0.124436119501581 -0.179440136785041
0.0716820885118155 0.00260652379448543 0.114254705011722 -0.141863336651681
0.0752542334322728 0.00747924877974766 0.141562065081972 -0.0486370601288959
0.0721705321008867 0.0168736767419733 0.202187197681156 0.0326375987970334
0.0844395002265341 0.0326161794454549 0.212075808513599 0.141374865800934
0.0775780871429772 0.0636095718004979 0.158217528111365 0.249646127933288
0.064821330723247 0.105975875678545 -0.00412007814239469 0.283607983273332
-0.0250010418336254 0.163643250961978 -0.102796092493425 0.151242028060957
-0.125766024920743 0.130481097622057 -0.0473151242254865 -0.0500050649726199
-0.134904618163509 0.0431528603868463 0.192951138602118 -0.172525621873471
0.0698736454541231 0.038859152039071 -0.206129183691159 0.192421387628365
0.0876683281954158 -0.0581242816518536 0.0334385137523069 0.0958013862212463
0.00762618813400081 -0.0855452916861733 0.107863461208429 -0.137837455883037
-0.0390012743438774 -0.0323273913079294 0.0212686788507766 -0.286713403993864
-0.0201690446857518 -0.00760265501838091 -0.150487068636067 -0.287033237310396
-0.00691753357332578 -0.0116995904238952 -0.243061448870225 -0.167211308843624
-0.00831247590889449 -0.0182674096954258 -0.236142638421026 -0.0345302991231424
0.0038761913912295 -0.0321058782690771 -0.191323668228748 0.0663100247587324
0.00149021346182397 -0.0339577352969363 -0.134592770452004 0.14547517074582
0.00842545019660123 -0.0369870417082659 -0.127773743764235 0.194738898649129
0.0221471427667747 -0.016364272232211 -0.15090226445195 0.192195575199715
0.00428411157286734 -0.0100638445229503 -0.162002053777181 0.180161015163506
0.0264561219970445 -0.0330110963517685 -0.185484878848368 0.173694288010659
0.0874659228805192 0.00726324249935435 -0.201488011670178 0.19997600002144
0.0636468034523464 0.0666949453923565 -0.115179312911974 0.306580064908386
0.00398619813928024 0.119370040252829 -0.213405052772032 0.156033166988441
0.0408268486862902 0.0456606999703124 0.0362973535537262 0.0608634353647871
0.00469173722088283 0.00116563075829207 0.0992794888076945 -0.15919029224997
-0.00174336836380258 0.0330735414190647 0.0213340978627194 -0.288281401857966
0.0389564059536553 0.0380844144983937 -0.134808003244249 -0.284255207402167
0.0629075039928119 0.0055743326626482 -0.224052244313704 -0.177466129035342
0.0590319203893844 -0.0279796365109503 -0.222781196973848 -0.0536015006213082
0.0750501602085097 -0.0505424480672273 -0.178375490486605 0.0515901779765332
0.0724477342050752 -0.056532926403722 -0.112341275874349 0.132938611274135
0.0971406039875601 -0.0523728374810129 -0.0922745684096951 0.19767017292978
0.126583763725494 0.00579145726809308 -0.11181076345657 0.220910884338234
0.0984172328886674 0.0588037497932796 -0.148454634747837 0.219261013354707
0.0645609746716686 0.0837657151404731 -0.189373045259898 0.181986437027264
0.0621352716781863 0.135957178161935 -0.187202065800119 0.162653628528989
0.0183541648473952 0.183462700684368 -0.0949301715112812 0.245445192062649
-0.0659094197445684 0.182331888332821 -0.182335730497954 0.0954145443822089
-0.0183812465480709 0.149094615090491 0.0740226784695498 0.0177212379573623
-0.0018490722553188 0.10401461174485 0.116277150845551 -0.190706678032255
0.0431599776518006 0.104937460851184 0.0292487215301682 -0.296710351512224
0.101047898669922 0.0815353535738815 -0.112948402744981 -0.273624025076515
0.128365595366566 0.0217767551760192 -0.188629088471252 -0.179501513059025
0.119456635131582 -0.0340913003575651 -0.185997495550948 -0.0725074049853592
0.134634384684723 -0.0623545474540656 -0.141569587917587 0.0298837002488758
0.128571278049027 -0.0707609187566455 -0.0674216145913533 0.107637126738298
0.164383308877151 -0.0652647049694219 -0.0309332754678042 0.185346555016123
0.207068689812007 0.0125706736056702 -0.0425819065182872 0.23934085293093
0.181843806833684 0.0961739596922007 -0.110828907453555 0.263495737947721
0.111577105204024 0.172261076382551 -0.184219668026187 0.200467587353306
0.0455602759897499 0.23928265770925 -0.181617393890611 0.119753214793692
-0.0228521869330575 0.270259331380536 -0.0655598027100326 0.153111792693714
-0.123487457240522 0.222431654260842 -0.123680826604949 0.0157279614827739
-0.071462925630936 0.237844943772158 0.12669889079627 -0.0360795070747009
-0.00288369186300418 0.205304989890327 0.145329537272114 -0.219858777249925
0.095642359010897 0.171732851304013 0.0447177369794005 -0.295019983405872
0.160847085496014 0.112260347688128 -0.0755615561343528 -0.252777810311251
0.181893112404818 0.0310701598445682 -0.131510903231179 -0.175429390481691
0.164099631209662 -0.0386915978133449 -0.128817013888083 -0.0908593827694449
0.173880958820176 -0.0640654207463013 -0.0861919661494557 0.00476685936357212
0.1637434456099 -0.0703107642315392 -0.00866748431563424 0.0762092032630323
0.204168010749104 -0.0635630434718945 0.0381332480499398 0.160307693873539
0.251328653220931 0.0202604209463544 0.032520338901345 0.240460300716597
0.230148576035409 0.116343561708017 -0.0657251006912725 0.292379527273506
0.139822276327401 0.229700601363902 -0.174372420012002 0.211033027072796
0.0222704692115209 0.30507604827188 -0.18024849956256 0.0710742238826441
-0.064333906129773 0.311871449290617 -0.0295398513985231 0.0461093911883346
-0.155010478075704 0.22956669525969 -0.0522842142171403 -0.0803524329126414
-0.108187979132198 0.289630393106009 0.170873389908083 -0.103359801176441
-0.000164770219511854 0.27577295315575 0.165868453388422 -0.237882845575062
0.13854214721251 0.213352334733147 0.0652304406265372 -0.273650108111188
0.200921425045688 0.123885472950063 -0.0203559735303847 -0.222962351485603
0.210246621272179 0.0319815396172288 -0.0581297547591247 -0.171077310981719
0.184052104790068 -0.0397533145841195 -0.0594645591993342 -0.109622188952593
0.186739943559518 -0.0566876952950433 -0.0199262253845836 -0.0195478956029582
0.175232204104773 -0.054706241591104 0.0562942245516498 0.0467283884768825
0.214044318656853 -0.041354354514366 0.103603541284495 0.134685590189155
0.253664540144071 0.041031396996586 0.0975102045942973 0.232633590338641
0.232338545142342 0.134892135855408 -0.0279586976797966 0.303868939487536
0.128064417854057 0.259265168089526 -0.161506020237656 0.206724646205238
-0.017825204926437 0.323700121694846 -0.17084249954154 0.0195502056294733
-0.107132791772257 0.301400123935717 0.0165038030695666 -0.0549641157140245
-0.15868040395198 0.199532721811113 0.0141618386737587 -0.178276591883714
-0.120987428355121 0.286349300222021 0.190668759404395 -0.17189592169053
0.00163545053980209 0.29100645045883 0.16937154778094 -0.239497676537272
0.152148096612817 0.212235619008375 0.0851814073705647 -0.233051576351019
0.201053314519943 0.111282917840916 0.046766070726868 -0.189466919576589
0.201346179805979 0.0268432050381939 0.0208975100334898 -0.171054645242192
0.173984048282476 -0.0351775913047071 0.0125093523040951 -0.126431051054091
0.172907349658516 -0.0405542541292203 0.0472540889463466 -0.0380521219379364
0.162506480643241 -0.0303150113866608 0.119299506122955 0.0274284563911942
0.195551178223732 -0.00768896312315348 0.158456587012356 0.119620697494848
0.21658344696543 0.0674781156912818 0.141501007678569 0.229731765251046
0.189205652442366 0.148870760678062 -0.00636989098067168 0.302435751515455
0.0794313788003855 0.258921771389954 -0.147528448080803 0.187643689887446
-0.0714068628714371 0.296288227483425 -0.143874391904432 -0.0266265836637515
-0.142501334530123 0.244932066915861 0.0743908667936907 -0.133573484171144
-0.137171347516385 0.131807215929945 0.061004715674415 -0.260858579882605
-0.113410977209257 0.227019237489993 0.185151066226782 -0.223818097910023
0.00107813253146501 0.244295882953428 0.165414133215383 -0.227126927093153
0.128210519462824 0.164501909297853 0.105518824860508 -0.190368182866482
0.15502340032063 0.079638880791188 0.106000751140597 -0.165851461277154
0.15257377654836 0.0228755533767789 0.0865977803526046 -0.176931368346601
0.134424674847107 -0.0215794744745275 0.0737001879835988 -0.14036829332753
0.134031984131298 -0.0188849885353978 0.105112553715153 -0.0500142642658328
0.127768338775522 -0.00465867696445156 0.172931384780156 0.0216748685503562
0.150520346592266 0.021245956731495 0.197943307657104 0.122566883333082
0.151885377803421 0.0799326495763028 0.163876935400024 0.237459403746329
0.12529089066274 0.142763912675774 0.00196681254063414 0.295802925426421
0.0196435403508542 0.226928985165371 -0.12631236161677 0.165951182650989
-0.114845848782047 0.228523022013213 -0.0985236578757381 -0.0524453361760005
-0.156844003805707 0.153196848816776 0.136540938084496 -0.175833616252674
-0.102383511251877 0.036011380269567 0.0841887175655837 -0.30857173528868
-0.0940090089495954 0.123459618906252 0.164077448122597 -0.241194125703005
-0.00753063317303082 0.148840213247127 0.166262745353629 -0.20530672187413
0.0693773014495771 0.0861772406414553 0.126416779665942 -0.166073914405495
0.0716044326161689 0.0413912563572724 0.142231811673544 -0.163777474375435
0.0733124651653229 0.0243653519379241 0.122907947956357 -0.186747151338666
0.0731953418234387 0.00188612380626161 0.112521948297528 -0.146978867517981
0.0762496621471572 0.00522091729367672 0.145468756492547 -0.0526272430390795
0.0738239236191945 0.0152361425733411 0.208722609434781 0.0285406269626875
0.086172605255011 0.0310487733536365 0.219530054780273 0.138227608909515
0.0789411646830471 0.0630211221965172 0.167827472937409 0.249839305206851
0.0660428929803548 0.105388871771697 0.00390233464191659 0.288295690900227
-0.0213275597552771 0.165592430582428 -0.100683315853283 0.154894009987649
-0.124451315948534 0.134410361566745 -0.0504980253315369 -0.0497202130849614
-0.137687529577662 0.0458893352652872 0.191327879402213 -0.178672005131607
0.0722051512359241 0.0389881914871831 -0.210080981613234 0.204107894846419
0.0882316746254526 -0.0623771063319342 0.0395841125323058 0.0992994783616678
0.00542663031513543 -0.0877909587306727 0.110619206976493 -0.144647756341205
-0.0406946033104558 -0.032096426085109 0.0174963509093057 -0.297037737659803
-0.0200792311851821 -0.00797219224977763 -0.162990502119759 -0.295481356306557
-0.00581083508408166 -0.0134582929639353 -0.256244804771434 -0.167319178538172
-0.0068309775521521 -0.0196296295069516 -0.243840851228865 -0.0312336384894606
0.00426702814703822 -0.0340856397426972 -0.197141914281801 0.0735663070138373
0.00244013842117777 -0.0356195885171612 -0.135535390496342 0.153312621337364
0.00822594866932257 -0.0375645364123145 -0.128516253793008 0.204426414515087
0.0236936126974914 -0.0166411828663928 -0.153105739895731 0.201389809758277
0.00488557949879068 -0.00937760687064006 -0.16528401063055 0.187925051492637
0.0269586295097448 -0.0322692315690741 -0.192111345967781 0.180807780610233
0.0912873839254383 0.00551960361417291 -0.208922078344113 0.2114716437505
0.0659103632467043 0.0666696108323941 -0.115052972940818 0.319902068987101
0.00488700004794866 0.123376016775377 -0.217852489577943 0.165608270529657
0.0421663929252057 0.0454753443384904 0.0411534900176072 0.0635152888465659
0.00369255654041579 0.00232047312989773 0.100449008840676 -0.165675648551241
-0.00143864860627918 0.0348046291242247 0.0177774903439227 -0.29882130009702
0.0419611153157341 0.0383371404187675 -0.14567848494543 -0.291812672325789
0.0665299679678737 0.0033022380117448 -0.235966757338266 -0.179810378452679
0.0627568976869216 -0.0308027247171602 -0.230836773845704 -0.0510518542917441
0.0774857594867258 -0.0551260913270929 -0.184416440268447 0.057444177681614
0.0748550297081915 -0.0607549566451732 -0.113064543775061 0.138733984069902
0.100748277651268 -0.0558216368480841 -0.0903084684516015 0.206308826492135
0.132802237721781 0.0034919043838141 -0.11149359442793 0.231661042726054
0.104881809409156 0.0593192731579566 -0.149435817688518 0.22845250571035
0.0687846669051604 0.0872291055631376 -0.195060288888549 0.19016947558481
0.066677323187996 0.139987792343229 -0.194077812288449 0.172760614741316
0.01993329853664 0.187894088953931 -0.0946511478882373 0.256669963477576
-0.0679445587233083 0.18959316034239 -0.186679959252766 0.102652794871478
-0.0176119190558636 0.154288963771952 0.0804248162671936 0.0187443963704969
-0.00154402943765501 0.108418594185721 0.118374492069054 -0.197093735108612
0.0462783087531422 0.10842321177023 0.0259092741262977 -0.306148026389147
0.107529176806425 0.0822797105751396 -0.121045227771119 -0.280970974555692
0.135391755774684 0.0192119438030448 -0.197978896088804 -0.181855940704596
0.124802795220497 -0.0376364988869007 -0.194148616437537 -0.0713385107601549
0.139190873910997 -0.0689668835719657 -0.145503030924616 0.0335052715065767
0.132858123018971 -0.0772426262543628 -0.0663334684994715 0.113077040589675
0.170154683477633 -0.0707844973701025 -0.0264394247336989 0.191699880976174
0.216822374697715 0.00779185601649936 -0.0393942583647115 0.248824248637959
0.192256543810706 0.0963034552427647 -0.108372721448894 0.273343070600164
0.120319808004475 0.178963918890554 -0.189215547034626 0.209343470477701
0.0521857336764884 0.248444077366626 -0.18760186979272 0.127491636797141
-0.0211048212185473 0.278501911583199 -0.0657048530955337 0.161040829949376
-0.126719063455958 0.231248101639628 -0.125984737969595 0.0190060851507941
-0.0706269743372647 0.248577241463758 0.135054020398406 -0.0378999215809361
-0.000789802759248774 0.213505735780443 0.14714884452607 -0.225340196151881
0.102576790481645 0.176902683042841 0.0430768594870125 -0.305045223237003
0.170412663815458 0.112868530598508 -0.0811065195766414 -0.26044658694977
0.191471092907514 0.0280508306204197 -0.138954411488936 -0.179598727205277
0.171105434463371 -0.0433790630552555 -0.135955133621579 -0.0914932714146376
0.179539560079501 -0.0714166418440175 -0.0879315436014736 0.0063430844475985
0.170032700192655 -0.0770854613468255 -0.00618000290940944 0.0783195817610866
0.21130710573795 -0.0696650746148731 0.0446238123347072 0.164180854181244
0.262691619422053 0.0145939197644473 0.0395889949325543 0.24792564722326
0.242199355492983 0.116135369001493 -0.0589894321027941 0.30255784885375
0.151156407754911 0.236702018750244 -0.177301695257674 0.220850570206794
0.0293869649078296 0.317076834828055 -0.18640055319467 0.0770820882114856
-0.0639492590104789 0.321865784356173 -0.0314702573643736 0.0501212653204393
-0.16042445344367 0.23965469248902 -0.0530439813437677 -0.0805346191232131
-0.106799278165235 0.302676610385455 0.179946874116575 -0.108248131123563
0.00357742081471918 0.287207920540171 0.168142548739078 -0.245028402110515
0.147978447973407 0.21989847218115 0.0647402962988538 -0.282495663130167
0.211744657401217 0.124055700640298 -0.0225613078121939 -0.230400859357406
0.220025830424879 0.0276894853069731 -0.0625801531376572 -0.177022870228845
0.190892902693292 -0.0447255720543939 -0.0647865508060295 -0.112101955537994
0.192593966162773 -0.0634703620818549 -0.0191151204934913 -0.0203985475213569
0.182041588882401 -0.0616894924143706 0.0612385428940932 0.0465483398508978
0.2226421368565 -0.0465472325882334 0.112780769424754 0.135522115093321
0.264456612271637 0.036643047287966 0.107044659888786 0.238905450576504
0.243166950937645 0.134447625729004 -0.0207507886082905 0.31397487277735
0.138789744084928 0.266617886759159 -0.16533894455049 0.21520259087215
-0.0117695839795134 0.336976834231863 -0.177524867324875 0.0234206794231241
-0.108116166521445 0.312056116093683 0.0150511539181864 -0.0559480503137383
-0.16363083821908 0.208269426032762 0.0139951471977077 -0.184249147900266
-0.119658417937645 0.299652076340378 0.199170213149009 -0.18121993597534
0.00625935783261857 0.302287506407327 0.17230519671287 -0.246771322203755
0.161647146273378 0.217558944734372 0.085689771003412 -0.239920313867366
0.211352421553359 0.110859140491818 0.0464349788260591 -0.195944788867297
0.210230996670596 0.0238515510454422 0.0188239430520322 -0.178857480805372
0.180598361021234 -0.0390104223135742 0.00923482479669792 -0.131070150879547
0.178886577629168 -0.0464329018817712 0.0507015692981213 -0.0414886051171273
0.169157018663096 -0.0347992824296369 0.126301555974068 0.0250893236039506
0.203502933769678 -0.0120243865494842 0.169187814687724 0.119362842535219
0.225742886818349 0.0645421314271485 0.152860168605563 0.234456853904377
0.19887944509225 0.150256213679119 0.00229127262394536 0.312305924454168
0.0878799452787619 0.266964659065403 -0.149445993532829 0.19547854230532
-0.0676805642534083 0.308983571112372 -0.149580181549904 -0.0247972545689632
-0.144350011184914 0.254424773794184 0.0726672138976377 -0.13804250046325
-0.141056769514615 0.138334312126245 0.0625932692612572 -0.269519728403685
-0.11272779029029 0.237305740790838 0.192222718520469 -0.233960977488722
0.00649279940210288 0.25355417059407 0.167710998632868 -0.234054640618689
0.137110394045823 0.167281435880525 0.106937183386075 -0.196237356313204
0.163248910249182 0.0791405933539925 0.109843396276734 -0.173450974670855
0.159343265373743 0.0203066632047456 0.0861245485553822 -0.185583417621004
0.139056058504003 -0.0245362707375127 0.0726016689553427 -0.146041326398324
0.137681245828862 -0.0231211443184938 0.110562340733617 -0.0542485005313194
0.132533200408627 -0.00728654782026579 0.181149918477785 0.0186161213506485
0.156634144330022 0.0189482857700713 0.209621873399857 0.121760364914509
0.158174062335635 0.0792307480885915 0.175337130649961 0.241447313177237
0.13107086423784 0.144290879580037 0.0103434919865247 0.305715420597444
0.0245943033512347 0.233906976951548 -0.127561088491115 0.172544335237821
-0.113537554759863 0.238317559100175 -0.10307376281105 -0.0525228350460119
-0.160946884421179 0.160281330767202 0.136503605828474 -0.182854858266046
-0.105518359014973 0.0382929043489319 0.0849794253397839 -0.319705686010885
-0.0946806564464204 0.130136270062153 0.169691159400047 -0.252409610915629
-0.00395254326834211 0.154445768300078 0.16946873452112 -0.214401587756207
0.0737990432672556 0.0873339202839289 0.12909308448807 -0.171552406674696
0.0747384197985287 0.0412305649891677 0.146329907132886 -0.172299085645178
0.0771287743666327 0.0240671106012641 0.122269742667775 -0.196620888875571
0.0754712637035897 0.000672702494355883 0.11319900708274 -0.154131931734257
0.0784903605784453 0.00321756608030851 0.151333430133096 -0.0582475251997664
0.0773721984244353 0.0142369645257633 0.217994745721562 0.0239173771767397
0.0894165741738589 0.0305411042096221 0.23174396973757 0.137557604152983
0.081389561292234 0.0639795340297293 0.179560492265322 0.254178955022077
0.0692520906955179 0.106550221722362 0.0126029377661396 0.297170242342619
-0.0186454953408017 0.171010448324701 -0.100573489770093 0.161041567746818
-0.125919287166155 0.140525572228547 -0.0532536093020582 -0.0499550891690858
-0.142409541426189 0.0497989268298519 0.192905430425555 -0.187694893570349
0.0846471758205514 -0.00870713442278899 -0.0370392575309554 0.298910751362763
0.0324548841682112 -0.103803689869337 0.0994318193912307 0.0498307920153156
-0.0500955799815527 -0.0753952780782033 -0.00338483292473209 -0.193297018674476
-0.0532246795450424 -0.00215430496986292 -0.180990381276247 -0.257327072391518
-0.0212886366992215 0.00674364056214542 -0.325092500290721 -0.134424125689048
-0.0133073387895744 -0.00698595436327994 -0.319761097135879 0.0300051713380749
-0.01676144176462 -0.0117741510031438 -0.22199681932149 0.134063126814546
-0.0192146072032288 -0.0314932915808902 -0.113657945139075 0.19020708719303
-0.0214461424829364 -0.0314542112929475 -0.0112552445194168 0.215055476353193
-0.0159762996125126 -0.0361529949371764 0.0266962118138362 0.253860221384055
0.0108183444851744 -0.0277343184898793 0.00672304015690065 0.266931831216336
0.00116667973973403 -0.00868317755698636 -0.0147942229398702 0.263057312831034
0.00301226119281053 -0.0407518958246576 -0.0401998682332738 0.276193858096116
0.0794860375767688 -0.053919043128636 -0.0310879682605613 0.320707090367285
0.0986524598753102 0.0167091805717336 0.115662115839715 0.345452071969369
0.0769643864801957 0.103210494786714 -0.0614578566136227 0.275529795444443
0.0612233474128927 0.0118751070889368 0.0808774857441453 0.0230825312775953
0.00321955433683555 -0.000110348312478172 -0.0200749589687578 -0.200976349860186
0.0185907960132428 0.0290344743424843 -0.177162805206034 -0.259135300748159
0.0583935468189292 0.00566103466360332 -0.306718225337017 -0.145416150249242
0.0566799593534848 -0.0397909613789281 -0.308477095640281 0.00620854827438917
0.0329212922228816 -0.0652666999090956 -0.223921323911876 0.108835341435315
0.027123234661965 -0.0973912547231537 -0.113397672407041 0.167562461402379
0.0229272127618699 -0.0997674115710275 -0.00025672578893848 0.18854015157309
0.0485497410759696 -0.112965259779056 0.0608644613838797 0.230445668660484
0.116009477898129 -0.0846974726876219 0.0602164826439185 0.26214310098342
0.131377739850821 -0.0161263309432755 0.0257159026907052 0.285475172015414
0.121476405050845 0.033652525135095 -0.0376218413556496 0.285210137963531
0.150766703635551 0.0765150810591767 -0.0478465362212536 0.278914277956719
0.141725246887909 0.149976091476968 0.0866829763669806 0.27548189428105
0.0548318960993737 0.203341114384777 -0.0707483561367793 0.207990253737319
0.0793505386597818 0.136518141048399 0.0858630554228403 -0.0333068503911647
0.064087843693034 0.0905086071877761 -0.0205451154626732 -0.234620915334867
0.102082175671535 0.0605140661535083 -0.170412567157763 -0.270216951800375
0.139112529312621 0.000637789573707755 -0.277710843748896 -0.153244657178717
0.12293346179597 -0.0702263385748758 -0.276929448060983 -0.0220548435793157
0.0788473682115922 -0.111029182042261 -0.206621729371111 0.066396165551307
0.0688353540668876 -0.148308910832752 -0.0969815056601941 0.122901688841209
0.0607368953622595 -0.152230200910448 0.0204247297523676 0.136477350027318
0.0961802458188277 -0.172121909186968 0.104174384223826 0.175955969459451
0.189875892611665 -0.138127350672399 0.129431443740106 0.226937656209319
0.229533755900483 -0.0430844016487666 0.089349209494821 0.294028393589854
0.227500021566847 0.0768888991421224 -0.0197382893668884 0.295750881261059
0.212202542957752 0.178127358551919 -0.0767044741261332 0.237165989265943
0.168384234747497 0.253092844723291 0.0427187198176327 0.172745378820432
0.0290495235641893 0.274522337212888 -0.0709522218398752 0.103305717781693
0.0934187149568279 0.245282941716514 0.095448912686299 -0.110734748371066
0.130097173342028 0.176709217696891 -0.010070826830278 -0.274738941566627
0.189516343238417 0.0823593231133209 -0.150391441169636 -0.280834874871649
0.209704925244819 -0.0131500900299825 -0.229225135656251 -0.163220429747267
0.175084573299217 -0.0991376624247001 -0.225200728400678 -0.0588211541057748
0.112857452912739 -0.144272554842213 -0.172065478628308 0.0118488880776751
0.100311507501815 -0.177357170539503 -0.0678731682585471 0.061508007706002
0.0914433527480731 -0.177198078338104 0.0477557514875134 0.0686659535240677
0.131635272086925 -0.199157783427702 0.144649631751432 0.105354794966323
0.232779714492114 -0.163557757764662 0.193193701433935 0.172622400591855
0.285019748174367 -0.0601706655673322 0.148338723712806 0.285873513893751
0.294085273316182 0.105444516566413 -0.00306244871133227 0.296812214153671
0.240125046479812 0.250822495938114 -0.111458061038399 0.193307993180798
0.162286237859226 0.31839919105454 -0.00420092060898082 0.05449127640352
0.00560781121973323 0.300718873725639 -0.0748938114549076 -0.0244008332806064
0.0977690074147183 0.311004527696476 0.0871184623315124 -0.194427970380405
0.179629557201196 0.234302610765776 -0.000985795657507434 -0.301613194779273
0.252302160101556 0.0889484809748838 -0.11405118462359 -0.276291108740384
0.250484681137675 -0.0303962927867134 -0.160322327199116 -0.177484038790566
0.198983190171527 -0.118247086543934 -0.160517806969659 -0.107113619843989
0.1277485514951 -0.157985462248608 -0.126246221092193 -0.0524415639386646
0.117055147017026 -0.17941612375757 -0.0286634878474812 -0.00497270738113846
0.112683776598933 -0.171867554324476 0.0815976164142032 -0.00220762048324335
0.155898682302792 -0.188163315903946 0.182083193665345 0.0373397164336565
0.248346804807318 -0.146028721820209 0.242741536983756 0.120353102855422
0.297403649041467 -0.0448115847854417 0.18930014240123 0.268341576854463
0.303507394613379 0.13837190605627 0.00396641173136933 0.283013170548872
0.21792021293177 0.295880355818838 -0.141283271967764 0.141094754978704
0.11849222354816 0.338480027400152 -0.0365039515213956 -0.0664077620645834
-0.0153200582401009 0.274957876263331 -0.0877946323284924 -0.152634854672428
0.0852136193165171 0.316299521663186 0.0560086210691034 -0.267520486958324
0.193359791075169 0.243580083147044 0.00107046279308971 -0.305313136769871
0.262638305757626 0.0779052140651482 -0.0689630812873314 -0.255434646115539
0.241845851744242 -0.0419314612270774 -0.081278763382779 -0.194407985276463
0.187746276068588 -0.115016711645464 -0.0951430325335777 -0.160842561006958
0.121754242456496 -0.146714660408321 -0.0779248014624501 -0.116191012284863
0.117046825413532 -0.155660397833257 0.0154927800010009 -0.0679966981668427
0.119385724202924 -0.141973964276263 0.120819427132589 -0.0625522410527076
0.162484653569099 -0.146167963352057 0.218274722494975 -0.0136516890363613
0.234061232986056 -0.097013257393837 0.277639724275753 0.0868957666148649
0.268537163399656 -0.00282499796382219 0.20822333113041 0.252853509002101
0.257653965358102 0.173290047760241 0.00490829221571826 0.256162343552276
0.150981159782449 0.307882903035949 -0.150066251949693 0.0810698181678187
0.0486030068817209 0.313269855300412 -0.0405625449926264 -0.173794364366335
-0.0390128284873565 0.201568404829693 -0.108120981210452 -0.254226175868419
0.0524097805111713 0.260173173425996 0.0137942089842838 -0.308518769978903
0.162078340177147 0.202210273936847 0.00328061525878465 -0.294113115287982
0.212230286273505 0.0516577032462666 -0.0247757651888972 -0.232115225149964
0.18147708526016 -0.0373384913022538 -0.0168464025651199 -0.215525580368736
0.142855353365392 -0.085092243362398 -0.0462106727761839 -0.20989767548677
0.0972016473686888 -0.108579564345348 -0.0360674488080007 -0.170444193858276
0.0984957882870458 -0.110010950802418 0.0560711925298166 -0.11830733683809
0.107009209721368 -0.094189824766625 0.162107311280758 -0.105186103442851
0.143355873283213 -0.0893814057779581 0.25315119743396 -0.0375436168144175
0.187374975521116 -0.0388387976668892 0.301837909715843 0.0785644733595247
0.206402284547292 0.0366346405532571 0.210475670426513 0.240890122052855
0.180327848652338 0.186120578836108 0.00925660067850146 0.222341016905833
0.0637387492338135 0.278006684052445 -0.128298979289739 0.0251296447578914
-0.0269506735480663 0.242904965779777 -0.0145734141082109 -0.252906781618817
-0.068456231900465 0.0944571005546781 -0.129084271217734 -0.311425910140788
0.0014903047732037 0.161336290249191 -0.0192023166362202 -0.312103120954723
0.0934437635881311 0.126663887169149 0.0120778886433954 -0.281132148443427
0.112082593142534 0.0241497223248339 0.00419588387493697 -0.22530247583424
0.0847263690795636 -0.013432946715599 0.0113370240183212 -0.237889729264449
0.0776874975788587 -0.0294862195813054 -0.0274779606379796 -0.240239066176809
0.0616221744710675 -0.0471151231385972 -0.00749535884197206 -0.202840474192383
0.0664073015423097 -0.0490390476167745 0.08741299309801 -0.147955237016857
0.0751836133913278 -0.0394702441918333 0.195993149598881 -0.125015022630027
0.095053736329651 -0.0349881982462245 0.282054627227447 -0.0389247619041437
0.113010902439807 0.000292302235051696 0.31308663032009 0.0877843893417575
0.12946917239856 0.04618315980762 0.206900442982851 0.234626133030949
0.100873723311958 0.160968805520702 0.0228758838490585 0.195431916349613
-0.0123230795071892 0.203164167890216 -0.0825151540359734 -0.00753038209389039
-0.0859966896704893 0.137768039386003 0.0335216693547354 -0.292294076901625
0.0880764561289021 -0.0135045751009152 -0.0210298712212476 0.317997306565169
0.0274119388880299 -0.110832397375453 0.111214828580708 0.0443084585772405
-0.056860231144599 -0.0749595274094249 -0.0148440430386741 -0.203151421283515
-0.0555035118912611 0.00151759026779367 -0.206218232469881 -0.260685880122903
-0.0218205078246551 0.00823658617481426 -0.352032886444327 -0.121474751602673
-0.0149908519217461 -0.00805899100384187 -0.335553733646855 0.0516290662929327
-0.0180030428260598 -0.0138337760877626 -0.225243804059701 0.15369284782556
-0.0227117969453957 -0.0334074860821694 -0.109065450560102 0.208170758319478
-0.0239323082729212 -0.0326612058946314 0.000707351108050045 0.226781605544172
-0.0176002660650908 -0.0369957898801533 0.0444190513074814 0.266558262690048
0.0114850359715319 -0.0301656133460874 0.0226635954316024 0.283092905215222
0.00207603862185831 -0.00935133506844169 -0.00315484377119081 0.277363684410203
0.00200033482688724 -0.0422777128782904 -0.0307926563227076 0.296400221535354
0.0799040955207414 -0.0623795549917926 -0.0156189988338898 0.343465654770941
0.102032732506349 0.0129845780315693 0.141655430603082 0.358020488684126
0.0855746152728877 0.105961469737164 -0.0467898046677156 0.295075630976882
0.0645718179528787 0.00944459619850608 0.0893342653419946 0.0177861059618441
0.00344881159690367 0.00186770827842367 -0.0305116204051077 -0.210918151994619
0.0219764021620803 0.0299433495182845 -0.201457636195652 -0.263252763041229
0.0625406625352501 0.00183740633149085 -0.332589845315934 -0.134137244526673
0.0572144260061202 -0.0469451621738639 -0.325128048447647 0.0253449023641447
0.0314837088919207 -0.0728348590877735 -0.22969052514342 0.127334477118362
0.0224984576938441 -0.105558497706249 -0.10999535012112 0.183701080749336
0.018574872118354 -0.108647626033021 0.010582248537365 0.197668915977692
0.0450258899617559 -0.122378583894621 0.0783303736722274 0.238689199983848
0.118453182357586 -0.0980371623272817 0.0793319835281811 0.273452339037176
0.138531106038278 -0.0252072735684545 0.0421666939838565 0.297981290880424
0.131285155958801 0.0290774118543886 -0.0259404092645772 0.305249069576106
0.163591896048036 0.071398101034059 -0.036679562545779 0.300540743181908
0.155594326476456 0.150882034949915 0.106979106276866 0.285891303902964
0.0667451062697092 0.213318163296753 -0.0606273621246711 0.223236951917706
0.0909342633657165 0.140485645747481 0.0917212070411039 -0.0417751525078217
0.0725707288852792 0.0947741224364224 -0.0319071897240987 -0.244646439917918
0.112109834358951 0.0585277911176874 -0.194381631306938 -0.2763854811146
0.147312117583607 -0.00837363602078059 -0.302084447825148 -0.145678633011293
0.126156865999916 -0.0837092242357532 -0.293627951602783 -0.00716694264193142
0.0777294359474309 -0.123638472654032 -0.213900912560914 0.0829592834527004
0.0633940601931952 -0.162613220134723 -0.0952267472485435 0.134768635743603
0.0553883071984114 -0.165911972902211 0.0299595253407766 0.141117741613198
0.0923215868584152 -0.188750782551738 0.120816055985021 0.177380095654738
0.192845526352706 -0.159295943184556 0.151270581519076 0.231671441234054
0.240634946745091 -0.0605229589317792 0.110872235756517 0.302929589302807
0.246729425538304 0.0681328474413392 -0.00714812178479106 0.314699841842093
0.236306413015256 0.176863297591173 -0.0682440987522136 0.257114385660042
0.189561165584121 0.259297915479111 0.0558291134336693 0.180712797845122
0.0436095244329968 0.28932592915056 -0.0676244406444013 0.112051356443336
0.112772096168623 0.253954641375689 0.09726314030761 -0.12489110109775
0.148160046036322 0.182254057018951 -0.0215395252093111 -0.28701032223369
0.205095494138558 0.0768624425181319 -0.173489931109562 -0.28808890951455
0.221019965954797 -0.028025738406194 -0.251503598090945 -0.159440668340738
0.178774480970337 -0.116981736346415 -0.241411029222841 -0.0495598741157494
0.111407114039724 -0.160522219174125 -0.181355182475917 0.0233701790569215
0.0952370195428647 -0.194233178368142 -0.0679485971067444 0.0686189319990335
0.0863663799497217 -0.193833031106714 0.0546057280181364 0.0668573933208052
0.128138705709745 -0.219557345985545 0.159416561083527 0.100123749807802
0.236769833176332 -0.188504315647919 0.214630996732708 0.170054224004338
0.297651735221178 -0.0815517035947893 0.173757115660609 0.289988197170709
0.318095013944709 0.0940540748908241 0.0116863330020211 0.31413883206881
0.270454195559021 0.25169320004513 -0.107617596017786 0.211797031737672
0.186146938560419 0.328048192514702 -0.000753195025652321 0.0589769675367776
0.0205098598612364 0.318994512988195 -0.0776665783641045 -0.0232132478668738
0.121877231703865 0.323811999834006 0.0845802398178116 -0.212801553721132
0.204351753839309 0.239656840230847 -0.0134538338388622 -0.315480044768778
0.272519773214467 0.078880226305968 -0.134939019233509 -0.284851992174919
0.263216414785765 -0.0490599536586451 -0.1784411770418 -0.178266569846008
0.203405905039662 -0.138263467772131 -0.175508019255252 -0.104566199266917
0.126383276248181 -0.175045112869576 -0.1368990086073 -0.0457798815322151
0.112557968600151 -0.197513697128559 -0.0303216967081172 -0.00546733727496156
0.109285342305826 -0.188663406499531 0.0863814412596973 -0.0101095454651968
0.153878636082964 -0.20913680733909 0.195113135543798 0.0256359638510418
0.254203483698385 -0.17155780577007 0.263610753994183 0.111413485778882
0.31090332763419 -0.0661325037166196 0.216250801402941 0.269758186513651
0.330171190390086 0.128084867188264 0.0189323528601278 0.298583349377835
0.249132943965306 0.300163679763585 -0.142029664588113 0.157779101434344
0.14231512288288 0.351397141308656 -0.0420936235324788 -0.0660831809982004
-0.0039771264400301 0.293246731363117 -0.0984168416775787 -0.15792332599193
0.108801544215601 0.32892927865748 0.0460097240337591 -0.28870306442721
0.218953456360109 0.246786142882088 -0.0116962014515816 -0.32098862954574
0.282545953161507 0.0658227910803547 -0.0845354853098398 -0.26487521883847
0.253386871591562 -0.0601624826231579 -0.0949819971429602 -0.201848853999085
0.192093259764243 -0.134770149782683 -0.110463858076964 -0.164897010953089
0.120770316849787 -0.162601926319245 -0.0888002241725466 -0.116389320853157
0.11325332565347 -0.171793785867261 0.0124335958555393 -0.0750917758954717
0.11788915147436 -0.157028396865012 0.124425052542663 -0.0766493100237983
0.163552355198331 -0.164331342942196 0.229646741175865 -0.0300046703056196
0.242169783114342 -0.11656623508919 0.298453278014328 0.0739682699386089
0.282369853204245 -0.0187000208289643 0.235667670242344 0.250921689935152
0.28276324748168 0.166255267146908 0.0186608835075314 0.26953096325486
0.179442940901839 0.316280840948367 -0.154289301356986 0.0944498097353669
0.0664418014544267 0.32835592732514 -0.0529765069051662 -0.178814614097602
-0.0321216418187804 0.21608846093343 -0.125296082156336 -0.264977381721348
0.071433136196658 0.271733909895501 -0.00104601466612231 -0.329654037539358
0.185055797832696 0.203579954810268 -0.00945803319244037 -0.308893883973672
0.226999703446771 0.0412331401140327 -0.0360220830159985 -0.24253256900467
0.188922278790937 -0.0520919668891615 -0.0283600587526103 -0.227712063951372
0.146761282510488 -0.0998592605754993 -0.0618156058015277 -0.219386175166193
0.096563470846675 -0.1201847029722 -0.048105352901315 -0.17625147264702
0.0973373230763664 -0.122204862895435 0.0529105095067048 -0.130585605008994
0.107369355042534 -0.105877916485816 0.165222599190774 -0.123383173377067
0.146155390833308 -0.103276678285545 0.264887824712898 -0.0572465124129134
0.195273358880233 -0.0514003394468583 0.323712920533047 0.0637842365657987
0.218539719058504 0.0277240286910342 0.237975215452686 0.239940326867865
0.200701678051052 0.184390714910994 0.02102680648288 0.234146699459759
0.0839604424425219 0.289074035264388 -0.134415341645216 0.0340355549976664
-0.0165653049452901 0.259102840888374 -0.0296178040975671 -0.26410401481255
-0.0675845589703229 0.10418435352474 -0.150320485594562 -0.323628828726455
0.0117829960997669 0.169535024409021 -0.0370063889370535 -0.330596261145922
0.10653767456875 0.127223382165089 -0.00136841156529789 -0.297300634604498
0.118822967314259 0.0180950992336309 -0.00464157277692764 -0.23747778774906
0.0882017559188686 -0.019827510419084 0.000119475081555728 -0.25217465622379
0.0810518664984364 -0.0358994934653448 -0.0430638996479788 -0.252156586181995
0.0624216747134117 -0.053145249042583 -0.0204920738125619 -0.212257535344122
0.0658794675242064 -0.0555437781800712 0.084504917625744 -0.164044461126623
0.0765103908160732 -0.0462541207202988 0.200473990709871 -0.145563599040682
0.0975835880182763 -0.0422978897529551 0.295446633352798 -0.0597021077888345
0.118787923538173 -0.00528432448864524 0.336103578025238 0.0729671404008168
0.137151979970041 0.041961066310086 0.233084335904894 0.233139200606457
0.115088386852473 0.162369119404306 0.0346106283772094 0.204894654872937
-0.00187908016742867 0.21419034279824 -0.0881785652275702 -0.00298655613266313
-0.0827860849240405 0.149909518541974 0.0170362488753739 -0.307653604536801
0.0898664671434773 -0.0207592072901209 0.00602965476227053 0.332274871416669
0.0180623097718405 -0.116042883500666 0.120714869143117 0.0345053202597336
-0.0634923437118794 -0.0713169714185388 -0.0308958028984535 -0.209877906501697
-0.0558298899428762 0.0059446546611871 -0.234533411937821 -0.253023711703361
-0.0216339319943778 0.0100157985820931 -0.37586170712421 -0.0973464878574168
-0.0164239670487123 -0.00790428993562383 -0.344718704609385 0.0811746111837043
-0.0201331522247236 -0.0146552742899473 -0.220771639187528 0.176758295855496
-0.0267388462486517 -0.0339280707765654 -0.0958861154550601 0.225796633546381
-0.0275753796892742 -0.0331596741944608 0.0184516059102522 0.234555869151751
-0.0201685509241437 -0.0370661329625151 0.067875912812242 0.273002787671948
0.0106422273061354 -0.0330948872816151 0.0458921644049889 0.292519056439631
0.00277350421610776 -0.00984290481577755 0.0167387223203465 0.286636924703424
8.5216543805177E-05 -0.0434654156763771 -0.0116384270814505 0.312421097383294
0.0756894960054553 -0.0714143326827521 0.0102573094521989 0.360602514359511
0.105126526052459 0.00672577220682956 0.173544721837156 0.358676799663548
0.0960120180375727 0.104041121067851 -0.0229922786096637 0.309566593276474
0.0661543056631442 0.00572964945985564 0.096772563412606 0.00838466269419641
0.00434849451711589 0.00401270883904687 -0.0463410576031479 -0.215145344752034
0.0257380872235444 0.0300072726199805 -0.228924263195678 -0.256184306638036
0.0650385207721352 -0.00404108698574519 -0.355755958214716 -0.111681342022104
0.0550357409949252 -0.054984204290957 -0.335054613561938 0.0518951764363389
0.0266385446604058 -0.080291926687421 -0.22740689607058 0.15053159325229
0.013458350097904 -0.112761728642984 -0.0991574341341161 0.200038537041069
0.009884536164531 -0.114678104455011 0.0260189657635003 0.20352540088065
0.0376926941894815 -0.131416290882587 0.10131132824822 0.240189763942618
0.116063600491748 -0.112515648315881 0.10462314056281 0.277650059448906
0.142919762903636 -0.0379621278681853 0.065369405356192 0.304209759420943
0.140593443976701 0.0200946145215696 -0.00656704186097906 0.321308743537816
0.174979335427537 0.061597538014485 -0.0141305379022777 0.316494273307884
0.169942292399008 0.145517764012428 0.133152165393798 0.287586532212154
0.084105156406711 0.218190738063991 -0.0436158854559444 0.235688558840989
0.104857513817023 0.138930960603562 0.0942205569621336 -0.0529705801750182
0.0830964587995222 0.0945894561010177 -0.0481611594690571 -0.250009681095354
0.121097936814565 0.0523898385101591 -0.223127255001898 -0.270161297434364
0.152075935125533 -0.0219721735899947 -0.324432489354635 -0.126528600207423
0.123896694633695 -0.0986757184530833 -0.305375065956292 0.0159837014935665
0.0706335211284313 -0.136646757265988 -0.214567496515844 0.10379662686598
0.0513011889371688 -0.175391143548608 -0.0888666351762844 0.147089023933736
0.0443049821661357 -0.177239950729451 0.041684022719855 0.141452546199046
0.0811764667226768 -0.204635748191981 0.140046302602788 0.172362083502892
0.187722727168127 -0.182975189079585 0.176013589953453 0.227263533043229
0.246220180767063 -0.0825834181435929 0.137635573461094 0.302629013416981
0.264011070513466 0.0514273112877042 0.0154757603724649 0.329467251043854
0.260108086532265 0.163999043626851 -0.0508957734908768 0.274053056238437
0.213373027773337 0.254503518508737 0.072339139467556 0.18302159456385
0.0655984960345232 0.299803641382013 -0.0590934220519021 0.120506078001281
0.137733175287875 0.2555546854885 0.0933292430609761 -0.139492456323142
0.168381946138433 0.179263272799869 -0.0402272703845791 -0.294342887398674
0.219251647876106 0.0635412546711242 -0.201334044679262 -0.28454152436681
0.227690498788954 -0.048390449133625 -0.272511868431719 -0.144993987441831
0.175821964598038 -0.138638323983584 -0.254976382157912 -0.0332582655169014
0.103798908497701 -0.176640204784598 -0.185286477566678 0.0402023469796911
0.0819679060456945 -0.211427266579029 -0.0662800865197515 0.0756548172356779
0.074433084585278 -0.208332962761046 0.061767059660866 0.0619780069335653
0.114974174883633 -0.2399547484365 0.172912898937127 0.0876247823665236
0.23049444941965 -0.21774783791328 0.236702892137544 0.157525579783344
0.301897199110626 -0.10944161565338 0.203965253578905 0.283332631755966
0.338999709119596 0.0717013176666745 0.0342465782556806 0.325796584071163
0.302587417056421 0.239177682234098 -0.0961211454292999 0.229382628045875
0.216318895487096 0.325501606259654 0.00379641138072089 0.0623274058945813
0.0430763716303489 0.33335233040703 -0.0804193269541351 -0.0195638146532138
0.153530302396663 0.325948162982121 0.0721312263507611 -0.230767348288388
0.231966152936626 0.23296606980191 -0.0337332999221442 -0.324843934168917
0.289439886791858 0.0598564698844461 -0.159777794808111 -0.283943309057932
0.268713305522269 -0.0734870121910572 -0.196613143979682 -0.170699218183786
0.19966965193666 -0.162666069532036 -0.191148292024276 -0.0952366065361549
0.117971624433896 -0.193185904653085 -0.144446987379102 -0.0347439342510522
0.10070099141846 -0.215481605024323 -0.032492625590457 -0.00435602925540635
0.097545556334713 -0.205406607430481 0.0893303057572607 -0.0206087459432516
0.142516681577027 -0.230920262590443 0.203603335619023 0.00727071705039163
0.249450804378471 -0.200099835123317 0.283845390292768 0.0925831321041959
0.316781507167079 -0.093841548715713 0.246186834279351 0.257761103923959
0.353308556878185 0.105048928183962 0.0409546503382935 0.308664619821284
0.284952546220349 0.290507991359112 -0.135070168105444 0.17445940916499
0.171518407347857 0.35378574644036 -0.0482388133040185 -0.0631485475623059
0.0167619860826059 0.307475129939496 -0.111555844767525 -0.158620182647739
0.141287781892226 0.332448486805234 0.0255822883108015 -0.305319462844455
0.246956231866066 0.238263192979793 -0.0324164332606161 -0.330318858484813
0.298019801085406 0.0450889663652202 -0.105601340949759 -0.26719777810231
0.257188577270401 -0.0840453799523468 -0.112149378392751 -0.201830688876131
0.187600125724832 -0.157158017067725 -0.127883015220592 -0.162955432028067
0.112318082660561 -0.179797249374318 -0.100262299978884 -0.111318411346126
0.103307411855578 -0.188074375572687 0.00708817802954551 -0.0803671295876612
0.110025285072395 -0.172521069126966 0.123389621315233 -0.093255313453932
0.156276869656215 -0.185283528694348 0.234466601199098 -0.0529778800741479
0.241122647460129 -0.1415704913291 0.316857039856241 0.0509978125886161
0.290003154511051 -0.0419261413311711 0.26560437080723 0.237775930170634
0.307182195616682 0.149047935966847 0.0394725141779066 0.277159959701831
0.212144707347073 0.313373501122509 -0.153179354255623 0.110079304387829
0.0922749423666263 0.335330951515047 -0.0684671333757823 -0.178423029713902
-0.0183422251693252 0.228393971137124 -0.148037801776086 -0.267617832198829
0.0971219487578621 0.274891910888019 -0.0265927596506015 -0.343764789290457
0.20828943745187 0.194663399703636 -0.0303549693904217 -0.318604897301053
0.237773013538517 0.0222178456380687 -0.0524043874009457 -0.247758916085986
0.191269755888016 -0.0703422816697158 -0.0443330037256834 -0.234627154721226
0.143630911682401 -0.116615043367287 -0.0815820464499218 -0.222596731251837
0.0908342464968936 -0.133007157752272 -0.0636384100500965 -0.176896439957218
0.0902705453433194 -0.134990420965857 0.045169115151321 -0.141932356348996
0.102986137442652 -0.118540830445885 0.162143993051732 -0.144930263340231
0.142592136540073 -0.119632645435541 0.269868590845477 -0.0830305756875524
0.198284976049271 -0.0696421841812557 0.341258689960108 0.0392433711383447
0.227386455323889 0.0115677551070555 0.267168100471988 0.226809404239916
0.222744417324619 0.173784144880223 0.0387407897834746 0.239953459754667
0.110877244534595 0.292150728245033 -0.137256574578455 0.0462757696013128
0.00248619121327611 0.270191432355097 -0.0517713524129193 -0.267935369860917
-0.0632549699100807 0.114467156273285 -0.177795124982376 -0.326471123062989
0.0264601233160798 0.174050008122664 -0.0632328184590063 -0.342011129095668
0.120901355137936 0.120814338267621 -0.0224323056018673 -0.306765177555543
0.123808475965696 0.00754447444689961 -0.0193018980555309 -0.244944228608767
0.0888574163497359 -0.0283825929946028 -0.0175453674698111 -0.262567825228157
0.0807634514368168 -0.0446955477464873 -0.0650082839017661 -0.257671282681793
0.0604501674350723 -0.0600033667897248 -0.0382081500449749 -0.217060418012933
0.063547636324652 -0.0627810981761399 0.0755627766330371 -0.17901439764371
0.0757681857879573 -0.0535065241548137 0.196158028171974 -0.170160488203176
0.0975106008710688 -0.0511441187805852 0.301223289604043 -0.0870014946226122
0.122442956968075 -0.0141251719664957 0.354042716015875 0.0488720373247569
0.1434010546121 0.033568147610112 0.260503406071147 0.220544984927502
0.13124848208443 0.15809159876987 0.0513601405276236 0.208974324460551
0.0151588625892517 0.221407144437224 -0.091616804551813 0.00453544128854037
-0.0743034720952523 0.16289136909065 -0.00730031741648431 -0.317326301188911
0.0884534662063461 -0.0280452892593604 0.0351276298356236 0.334723196847391
0.0070485539712541 -0.117446487518246 0.126018855493245 0.0212702664785363
-0.0690975929674283 -0.0652224408321559 -0.0467485210680832 -0.210092943923652
-0.0547598870733486 0.0109538924019529 -0.254688748179873 -0.236395755313193
-0.0207556500035084 0.0114056443624818 -0.387032392748807 -0.0658222222075575
-0.0183051196138222 -0.00670184689607858 -0.342049879595964 0.111284668802154
-0.0216692473382074 -0.0149157601814194 -0.207819375287118 0.195490333520036
-0.0306987348005929 -0.033122720744333 -0.0781622613010329 0.236436759607813
-0.0310502448910789 -0.0317070304740761 0.0374819162518354 0.235048032222668
-0.0220215316636695 -0.0363310639317961 0.0912645558105394 0.270805066605831
0.00957339156370584 -0.0354643311430041 0.0703159933073539 0.293110267650143
0.00356355596598919 -0.0101273434460001 0.0361902423020553 0.2885478632718
-0.00215147649317231 -0.0433233405413105 0.0109825392558028 0.319464906325021
0.0679488469998965 -0.0777981305722872 0.0401043634155526 0.366103026087314
0.104454280112773 -2.83084404918005E-06 0.202327885731766 0.347347328476407
0.104073169018242 0.0990781068953617 0.00371174742120632 0.314151949272798
0.0662125602145312 0.00142656413560882 0.0998098961404664 -0.0020761887041708
0.0060262150241485 0.00593266251919041 -0.060776874832874 -0.214038024941676
0.0291543814187135 0.0285329314126848 -0.250694716479708 -0.240277743676087
0.0656155112889185 -0.00975139898191188 -0.368548057907549 -0.0840672316291248
0.0508737924189683 -0.0604346248606385 -0.334279717507316 0.080281870955953
0.0204071655968133 -0.0848239088205059 -0.216481393710887 0.170264739046255
0.00339497970339728 -0.116057866791769 -0.0841041990854304 0.210154145481788
0.00120233529657353 -0.118063793430205 0.0418505359823585 0.201693720046122
0.0283572436155587 -0.137127299691224 0.122528675078267 0.233456829597246
0.109006670434429 -0.126013636726888 0.128978882713757 0.272728991641154
0.142564647600969 -0.0513202720508268 0.0882093971704697 0.300715042673547
0.145860000104077 0.00943137283465209 0.0172816362494023 0.327156317261452
0.180883000378369 0.0479481354618773 0.0113461526365295 0.323050326542417
0.180734597519052 0.13539547350036 0.156723132400545 0.279436488729543
0.10135129172432 0.216544113971338 -0.023309490754179 0.24075776865437
0.116811977275368 0.132850165789286 0.0924703456066264 -0.0643343524726767
0.0928580691844444 0.0912012838705552 -0.0648420613094809 -0.248678228324767
0.127458676164075 0.043726346129088 -0.244655778365592 -0.255951813867053
0.152759788991209 -0.0352339687838648 -0.337410929169046 -0.100822367765629
0.116464103111761 -0.111308924174037 -0.307538661664392 0.0408366238241228
0.0610318306647343 -0.145726717092373 -0.207782441214952 0.122047497494548
0.0361404276087729 -0.182545309504261 -0.0780832174665988 0.15611936189392
0.0302699470994754 -0.184210305481191 0.0518720226872959 0.13780146683977
0.0658587966865835 -0.21460652992519 0.155620393748668 0.160915804721704
0.175601362570679 -0.203009893329486 0.196970602331121 0.2147495258542
0.242603011847279 -0.104551853506202 0.161885817963903 0.292736255779236
0.272345874846783 0.029678117205683 0.0400618167625094 0.334391680843654
0.276791471063564 0.144196261556551 -0.0296113857452943 0.282220824723965
0.232816018434129 0.242399386467336 0.086929793685135 0.179530693418858
0.0884480551982042 0.300941085597427 -0.048674579192694 0.125205650218548
0.160967215121614 0.247092805689619 0.0842693951876162 -0.150863823085364
0.185379525912849 0.169902419240466 -0.0591416972684436 -0.293103946844628
0.228135695680349 0.0464031123030521 -0.223859680688223 -0.271359841986751
0.226078335515799 -0.068202115143594 -0.284964767769335 -0.12473017510652
0.166780590140026 -0.155882535471725 -0.260556606924096 -0.013951971995566
0.0911422108845228 -0.188906006961047 -0.183396192602381 0.056241027188272
0.0651458933371798 -0.221390162421359 -0.0611973087677635 0.0804798781762835
0.0591194653003972 -0.218124810660435 0.0654862163134146 0.0543260201897007
0.0980135465132025 -0.253217170736036 0.181238426581417 0.0711874523916934
0.215806623353222 -0.240701200828097 0.253275253806879 0.138578466571407
0.297751758406879 -0.136472830126324 0.227384178331565 0.266652610082414
0.350586969929813 0.0448465213237748 0.0587337743064252 0.328196091519787
0.32704900079119 0.217761428212095 -0.0794758277743675 0.239459481420181
0.240729125112167 0.314347374250778 0.00925120963721387 0.063543815815395
0.0688385721123112 0.336746072643499 -0.0815149389012364 -0.0155435071856789
0.182536425937551 0.317837977864147 0.0549321390552623 -0.24092735484796
0.254448810385168 0.218781617396545 -0.0538137564143328 -0.324551767143758
0.297454067201185 0.0374026791645196 -0.181165787658757 -0.273231551358275
0.266274920741852 -0.0974575500639239 -0.209721577609326 -0.157666279256039
0.188045817652419 -0.182992194903552 -0.201541258549533 -0.0817279842294596
0.105023089136718 -0.205762511993901 -0.148233643321641 -0.0215724021841125
0.0828608026727709 -0.226770532529011 -0.0337549859091295 -0.00313992940364458
0.0834229321044362 -0.216170700083418 0.0872350412249913 -0.0321297536072334
0.125049803367268 -0.246479473551297 0.204829683460581 -0.0123201993952142
0.236116365666175 -0.224871951149107 0.294254915247201 0.0686245141226176
0.311639131220763 -0.119924956113072 0.26930523073232 0.237263785291723
0.366552938957462 0.0775294218638818 0.0645195328075651 0.309354665866695
0.313045216019072 0.2703292293154 -0.123454529283053 0.188180045681408
0.198266790831167 0.345433118227474 -0.0525780430975978 -0.0581534001090645
0.04000883574637 0.312655448185602 -0.123702131909767 -0.153491477877388
0.170407837009692 0.32450744836891 0.00287679159310976 -0.312160818999315
0.270705225192115 0.222082009272241 -0.0534658948240254 -0.330590371602363
0.30502040220958 0.0204475618876073 -0.123926766248909 -0.26094493368624
0.252819313370169 -0.107784605631368 -0.126496670840912 -0.196611060263463
0.177046208713013 -0.176050615721741 -0.142618463654657 -0.154686092264083
0.100048708888472 -0.191930086756761 -0.10972770514888 -0.102232725743268
0.088124217986279 -0.199767418800701 0.000219357053366306 -0.083939747350459
0.0982218410592296 -0.183750831417778 0.115888725613069 -0.108120987030516
0.142087803996012 -0.20074217761623 0.231839838885067 -0.0753262496047424
0.23243765732544 -0.164187490120911 0.324663730794353 0.0239183974070288
0.288332008727492 -0.0647940262821464 0.287303461710335 0.215202212052466
0.321894444928123 0.1249186375682 0.0594967552733055 0.277619623847512
0.24027091896934 0.298504138323936 -0.146881691137961 0.123968601661277
0.11756675651786 0.332179603519196 -0.0828900088681799 -0.172623371166826
-0.00100887671833061 0.235223721966646 -0.168741985286718 -0.261474769963355
0.121823714135675 0.26954255373269 -0.0538289312842062 -0.347077654270475
0.226484698564302 0.179498450914291 -0.0508186765888514 -0.318835171709005
0.241850212825723 0.00305546429628904 -0.0687503971891047 -0.246047330486971
0.185727381647309 -0.0878888457792483 -0.0606067649034754 -0.234966325029346
0.135398621052148 -0.131567554392976 -0.100875707768837 -0.218564157911504
0.0828315267179317 -0.14277536148777 -0.0770603277099957 -0.171793963675654
0.0795105736503818 -0.144500033755429 0.0336052926871848 -0.149446670600976
0.0950139161841417 -0.128457697345363 0.151293689155689 -0.162816885868221
0.134164756447598 -0.132884171131695 0.265379144876904 -0.107800597996398
0.194681224223814 -0.0870693538214722 0.348657443329095 0.0106789240160611
0.228340643302341 -0.00567363216483341 0.288762222070673 0.203673530940142
0.237976099458917 0.157040929558709 0.0564827425832667 0.239252483014934
0.135414454677362 0.286294871422343 -0.135923726206423 0.0584985477169896
0.0217624275325459 0.27326603198487 -0.0733241905146886 -0.263857115932512
-0.0554888566669124 0.123110153606443 -0.202250306293111 -0.319065852555
0.0412943934241138 0.17231980829036 -0.0911943603312328 -0.342979856270903
0.132370046958581 0.110286241540942 -0.0440909395536045 -0.308520232671517
0.124043771958661 -0.00312791217992672 -0.0345410614328654 -0.245466385485951
0.0861253151974047 -0.0359166728028724 -0.0364257211747544 -0.265725525759046
0.077982196762589 -0.0529810437819452 -0.0868635109428151 -0.254238292870497
0.0568089332174557 -0.0653501428178332 -0.0550642098104782 -0.214912379861646
0.0586282768053083 -0.068784281537864 0.0616247088575932 -0.190080164839333
0.0718188183208817 -0.0596617579912599 0.184906038563306 -0.191251016392197
0.0936567760221958 -0.0597681269804161 0.29603328308969 -0.113507204180968
0.122885514423883 -0.0241707461922792 0.362214895998461 0.0195784159983109
0.145732673246046 0.0228914613531563 0.280370339900569 0.199079375507248
0.143999992852306 0.147198795363543 0.0672236427602704 0.206586930997469
0.0325331066865544 0.221302301943012 -0.09405295340066 0.0133674555265018
-0.0623142498051202 0.17063054126561 -0.0339037923105628 -0.316354516589079
0.0860669004123411 -0.0326105858135704 0.0579568961494807 0.329291347104817
-0.00123684574044057 -0.115662615561072 0.127217097710175 0.00965949713095784
-0.0703880856044802 -0.0600678786018675 -0.0586457505690214 -0.20587730539813
-0.052682656738985 0.0142610155323874 -0.265923219136348 -0.217479472017615
-0.0193548487382363 0.0121585658819691 -0.38812583618014 -0.0393177630279873
-0.0189750713382454 -0.00613908997418357 -0.332169124951263 0.133822348762949
-0.0240302511716107 -0.0149881159507721 -0.194793951085216 0.206363908830214
-0.0344930872821685 -0.0314176527975762 -0.0630469009958698 0.241021572807379
-0.0326784882370682 -0.0311189081592585 0.050461543297531 0.231066678488854
-0.0233522016622764 -0.0355267907866505 0.108546553731413 0.263509160925864
0.00790901805507903 -0.037596341320434 0.0886727504130889 0.287183447808223
0.00438184386112883 -0.0100489609665713 0.0506115499694728 0.284212084143749
-0.00319354568114653 -0.0427150014196871 0.0292707549957382 0.320820790210819
0.0598327259995893 -0.0817517383393469 0.0625465291300782 0.363483907413512
0.102464262964463 -0.00413728861610996 0.219437883536291 0.331137960142455
0.108628535245545 0.0932715621002803 0.0246983439789188 0.310093430223452
0.0651553083335107 -0.00173857373749428 0.0998270656529874 -0.0118497501427193
0.00723907071878491 0.00718222727211606 -0.0710741878667882 -0.208639739520809
0.0320627308711497 0.0265591021647728 -0.261228705731386 -0.222471892714674
0.0654443346723229 -0.0144678749252034 -0.370696020873383 -0.0588931561371491
0.0458262051073351 -0.0643027199887352 -0.328074796658434 0.101204611097735
0.0143488163883239 -0.0877421372076841 -0.204720753664726 0.181716261580411
-0.0054182041575076 -0.116402940115078 -0.0700964365608326 0.214361479943433
-0.00628847138935818 -0.118966916041142 0.0528724572443261 0.196730436854187
0.0205681406605606 -0.138995497425216 0.136510941733587 0.222796826591242
0.100789629362128 -0.134168180467109 0.146115521286079 0.262110419899318
0.140299774703937 -0.0601398785896303 0.103647613443306 0.29272993085748
0.147518868768393 -0.000237093938105949 0.0357182962271539 0.32842497686194
0.182083237111514 0.0368920794153395 0.0315061529229039 0.321549825736371
0.185020170098609 0.126039487503599 0.170785141217977 0.267089226018893
0.113235198464131 0.211861596155912 -0.00704231458619974 0.239773777883
0.124815184306859 0.125144779646364 0.0880865502993342 -0.073093873660022
0.0992080778242753 0.0871299392048977 -0.0742448282478838 -0.24313035686796
0.130403810356464 0.0358053197912145 -0.257831725312088 -0.238105840637272
0.14942291772643 -0.0464231754231244 -0.340606211735694 -0.0788019753656787
0.108587915283326 -0.119993032588302 -0.304437894660874 0.0596963154311025
0.0521569418904533 -0.150439596312572 -0.198906442313178 0.134309532614738
0.0235364256283977 -0.184662565429163 -0.068652411625401 0.159951252129964
0.0188777190797972 -0.185240716300991 0.0586438368274815 0.131995544861203
0.0520585462339323 -0.219206892787289 0.163862188784748 0.148488030217419
0.162230084186636 -0.215770121842993 0.210480300168067 0.20065777138612
0.23562551539841 -0.120556060201693 0.177391185304302 0.278404126747769
0.275578792021108 0.0122937895038878 0.0591049210321747 0.331964662508376
0.28460429678466 0.126864682277698 -0.0125465225591993 0.282549671274253
0.242815717948658 0.228354969768224 0.0966917265918572 0.173249702418736
0.10658881211715 0.297551205690718 -0.0397414301325642 0.126169425434841
0.175519935333537 0.236050010608758 0.0742523890962002 -0.156892113300188
0.197205588305771 0.159588806036245 -0.0711962763934714 -0.288315510664045
0.230292493795383 0.0322745808901803 -0.236661147610383 -0.25398551913848
0.220921260857627 -0.0837763521365299 -0.288868324386627 -0.106326069033115
0.154676901216292 -0.168032048591919 -0.260969362846104 0.00255209519458823
0.0791322966657561 -0.195333155460469 -0.177398501047651 0.0684302836615021
0.0494692369599887 -0.225334429136472 -0.0565835846667302 0.083620623560463
0.0456497347125407 -0.221099881989687 0.0667058693367015 0.047478726569041
0.0808225449135266 -0.259562709469456 0.183158213319185 0.057653370557954
0.199252260944925 -0.256191378584919 0.260908432870864 0.119706074494347
0.287721207424919 -0.15446132049717 0.24082010802473 0.24770374487953
0.35380922534812 0.0211745289221562 0.0772111770931282 0.323966637351113
0.339662286633069 0.19469246849472 -0.0647089498962441 0.244037678885417
0.25515616475798 0.299920408003656 0.0130312551529531 0.0630262983521776
0.0890442755701389 0.334686863941482 -0.0809485278735646 -0.0126692992423757
0.202197494216322 0.303972079094698 0.03991124744639 -0.244834934171037
0.267934057846671 0.203180287284835 -0.0674092785689599 -0.319490383245315
0.298536648471951 0.0186575223642989 -0.193537613992274 -0.259426849684037
0.257994318623023 -0.115686969718707 -0.215180356661421 -0.144079955590401
0.175216643314044 -0.196327503890676 -0.205751322363657 -0.0694436358731984
0.0924644784884876 -0.214090990400779 -0.146447505562493 -0.0117294450295667
0.0669639659238296 -0.232091535689008 -0.0345014388311388 -0.00234004684587935
0.0703591756443505 -0.221775307511406 0.082017094572984 -0.0406101033957165
0.109179730528388 -0.254466365366623 0.201440356875352 -0.0278359359412981
0.220764637955366 -0.240981418220829 0.297731055773915 0.0474442366590588
0.30253178008416 -0.139073597617365 0.281735746053176 0.215069208479657
0.370392240806443 0.0533170623576583 0.0812916069140019 0.304837871902537
0.328823885211653 0.249121168663543 -0.111793022479203 0.19486085774695
0.214936118246291 0.332732433459596 -0.0558812790593953 -0.0529382873954495
0.0591539275814153 0.312261526172474 -0.13118015865441 -0.14697186031414
0.190959060456833 0.310526723388055 -0.0172927281473701 -0.311416646124535
0.283549872066218 0.203907940757244 -0.0675376358882118 -0.326648312735158
0.303744402325147 0.000745765699584223 -0.134978661189615 -0.251424327965577
0.243771610354252 -0.124325599866917 -0.133953063223992 -0.189182881565128
0.163587132008656 -0.189046338375718 -0.152449084371076 -0.145952078098464
0.0892714124026031 -0.198673264363569 -0.113110847870965 -0.0944671619968413
0.0739222159449133 -0.205005161875776 -0.00552005132849823 -0.0848913389126529
0.0863714372592722 -0.189774999694306 0.105985652275508 -0.118880180908804
0.128446293546468 -0.210209315739443 0.224326557570578 -0.0916917544138931
0.21996447193502 -0.179220625507997 0.324928717775254 0.00106566806514128
0.282461207912802 -0.0814224613661743 0.298182421012661 0.191905926337327
0.328109260058768 0.10259101517837 0.075104103993109 0.272759284471714
0.258467299122244 0.281622373249461 -0.139669284266463 0.132534345058419
0.134801456645795 0.324241366101196 -0.0918850055906233 -0.164684025844249
0.0130702753899465 0.236740963674216 -0.182434350668205 -0.25195157700224
0.138357732533148 0.259065262187154 -0.0745234910933477 -0.342326545597084
0.236857790245598 0.163646434448731 -0.0660124073761032 -0.315176658080863
0.238714648994274 -0.0131790826444079 -0.0783796272097103 -0.24056178998446
0.178047155297619 -0.0998771479356984 -0.0713403000967476 -0.23154964818397
0.124962711416701 -0.141003419630771 -0.114319188948269 -0.210781190150904
0.0737705679578449 -0.147624188295059 -0.085815075693512 -0.165203307158755
0.068677815010864 -0.148172946869379 0.0242105002313781 -0.152756111296341
0.0871356781867522 -0.133815662194951 0.138372657516409 -0.175884841174935
0.124455875503048 -0.1402050854655 0.255823230526142 -0.125693113605136
0.187340393559689 -0.0990535147519942 0.349006819855078 -0.012966200928161
0.2262716379322 -0.0182155322072695 0.298870637562103 0.181372318782393
0.245489857068646 0.139802854279822 0.0691120719979963 0.234204100998942
0.152055500772857 0.275027349232728 -0.132452293069394 0.0674955134968267
0.036911319801297 0.27092369015604 -0.0880688952290669 -0.255112937332339
-0.0472938650690227 0.127097560406164 -0.219267674792745 -0.307480143261006
0.0519266255842258 0.167161367964841 -0.110334086938092 -0.334795560413334
0.138154844751828 0.0996805185226408 -0.0593095028130089 -0.304105888062464
0.121180085217925 -0.0119466315922902 -0.0443925962775032 -0.242736686074686
0.0819783429838646 -0.0414316516199453 -0.0504081122941649 -0.264386917640401
0.0737303531658239 -0.0583509860239939 -0.101579307706105 -0.246671302005298
0.0531221953630019 -0.0693601739921014 -0.0672403743646578 -0.20943747693585
0.0529284662456445 -0.0715780088145879 0.0496059708812965 -0.195711294308865
0.0677890750686042 -0.063971798675348 0.169745441080018 -0.204824487436864
0.0884810289329424 -0.0653989306631405 0.286753967802655 -0.132351366842369
0.120648714146949 -0.0311332764914312 0.362023850350745 -0.00441330806727099
0.144730583065841 0.0155518559772689 0.290438100324787 0.178553811060955
0.151479895281207 0.136549856479953 0.0773684618043973 0.200862208157211
0.0454148329263736 0.217940289863593 -0.0932793316345654 0.019378023219022
-0.0515875382024009 0.173141089300408 -0.0523657073514276 -0.308752818451109
0.094367996787655 0.00771492859796437 -0.0788724477397021 0.318044885319188
0.0453611146400899 -0.104548499287873 0.107878113844102 0.0549995762980319
-0.0399292523465996 -0.0827623462707749 0.0249386698392577 -0.209681090983516
-0.0513384655289584 -0.00752450796873655 -0.161627608719869 -0.304294280527816
-0.0181932376011064 0.00443036695105424 -0.341020682176237 -0.187889844516569
-0.0137830655614361 -0.0139479183329723 -0.358255952652139 -0.00600937787325798
-0.0163766746840543 -0.0251668067670876 -0.261388620164561 0.113082115692053
-0.0205396277373784 -0.0421394556134152 -0.151302134743601 0.198482548931864
-0.0172648917881389 -0.0410158644112301 -0.0437050944633397 0.23133674151504
-0.00476591987111985 -0.0419974972154684 -0.00215551588748374 0.284544777509743
0.0264115997402975 -0.0320381235505049 -0.0313274764237 0.296250429283988
0.013098115238966 -0.00677342168276163 -0.0688676355159993 0.280758965688653
0.0175206403204475 -0.0376994820369103 -0.0997295342555671 0.306442365490652
0.0862621332419926 -0.0503789453495861 -0.0760448868090384 0.36126583751175
0.100280952173083 0.0372887724006931 0.0691521549182466 0.396546453271586
0.0598959129996639 0.136489916077566 -0.0899235315981038 0.28117361606688
0.0589133608427111 0.0267793410924153 0.0984969154539853 0.0214002217809665
0.00423923952044881 0.0107768421404303 0.0209534647064258 -0.221817770790097
0.0188561748636184 0.0392247164929973 -0.15255082887522 -0.311871566500104
0.069551900800247 0.0144331296267719 -0.317129539983169 -0.203909636330193
0.0682760941744062 -0.0414580898261721 -0.342196787065191 -0.0388837184433976
0.0477906629973635 -0.0763975339394849 -0.260885435992317 0.0843887921374468
0.0391175013404452 -0.11070315346659 -0.149419894794839 0.170302181555704
0.0409340878080234 -0.112240567820193 -0.0269971412382611 0.199972835824393
0.0735524505896676 -0.122076207322107 0.0419522995117749 0.258187452607447
0.148165129231587 -0.088776263084469 0.0325966830382801 0.294837458738938
0.158116693599316 -0.00267731934666289 -0.0200690561076666 0.309517819842013
0.145969907783363 0.0569458305504173 -0.0964475710775075 0.318646094199834
0.158389439071079 0.102307707213063 -0.0931185104760181 0.318394157316036
0.130973108398787 0.187944624704673 0.0423176958819864 0.3189195286019
0.0128750886405991 0.250579333450714 -0.078556185002344 0.199957905991671
0.0599240077781027 0.165433447320119 0.118408841459278 -0.041401933261132
0.0558219588528446 0.121781443579785 0.0380576298130341 -0.260842882883569
0.102909809116417 0.0880668272194928 -0.141062461358403 -0.328891333402258
0.158442184016149 0.0197539754100167 -0.2809729673999 -0.215422046734765
0.146797574821731 -0.0674979613671602 -0.304017587378033 -0.0716858644780487
0.106080914076735 -0.119252873721142 -0.236504092893613 0.0429634850950756
0.0919450629607347 -0.163234176335998 -0.125935786701625 0.121012406148223
0.0900716126562908 -0.164799910125203 0.00466595534143077 0.1413235132646
0.132362630578289 -0.184401627707378 0.0976988042782355 0.198687414572277
0.233918131341191 -0.14394973190905 0.116513387009597 0.262103391604629
0.268834141060353 -0.0243220665317481 0.0550863663307176 0.325811651516968
0.26242842405719 0.113995691399512 -0.0758493366940396 0.33325853418689
0.222741462101025 0.221398190192241 -0.121766476761884 0.272639315223678
0.147782388858659 0.30373672637266 0.00475543111242792 0.204943551190137
-0.0313211093940754 0.329086856673038 -0.0536462602750363 0.0816750475014314
0.0606707024705416 0.287490121953528 0.145750355134393 -0.127316879442086
0.116146444021091 0.227522485811417 0.0665070333818868 -0.30678021136006
0.194491555819059 0.126071533697259 -0.112321794922537 -0.343474520477467
0.236771749873134 0.0141054480941934 -0.223238138798844 -0.225813282888104
0.208011498643739 -0.0929261978441625 -0.242897262446365 -0.110373531500372
0.149366075944084 -0.149345518980831 -0.19104148255829 -0.0102624920782194
0.131293747973276 -0.190232292032724 -0.085532126831419 0.0547491382131142
0.128490965539071 -0.188153239679447 0.045303191306334 0.0668112435909794
0.172254946136852 -0.211787865879576 0.151644970168969 0.122270294739303
0.28202360663609 -0.168824632935774 0.194607026131454 0.208306756185241
0.328355966922382 -0.0373544190591117 0.127492722879373 0.3221711792885
0.33279443332979 0.149004789171782 -0.0552928465004005 0.334678024468228
0.250254867234063 0.304443701151925 -0.158529335438984 0.219945527226258
0.133111525732815 0.373798844488395 -0.0326572220218176 0.0712818627325383
-0.0632513344017403 0.356236731347933 -0.0328253742448829 -0.0624189369662617
0.0568756404351778 0.360071926584575 0.150708518338156 -0.221587771489975
0.163187439941049 0.29616810296861 0.0847952146084279 -0.339677546914612
0.261519395479567 0.141263578640138 -0.0696860347137659 -0.335535782197203
0.28278226636967 -4.96839668330867E-05 -0.140505132693632 -0.233957631784245
0.237362650183892 -0.110588174078178 -0.164855307161525 -0.155829342461668
0.168653462719798 -0.16047890031117 -0.129917831615453 -0.0722140110120271
0.151032951783457 -0.18980536491605 -0.0315734699300921 -0.0161752633103224
0.151239413182011 -0.179675663471309 0.0936342253781314 -0.00849160679121753
0.195093339305307 -0.197226420971778 0.200880099165806 0.0512384889360931
0.295642875815112 -0.147708976376791 0.256326984776957 0.156291080805866
0.336902092242189 -0.0175033080907595 0.178635765781892 0.308449543331333
0.336827362419043 0.184848523126422 -0.0438925241886082 0.318352535876363
0.220294661983046 0.349897364133389 -0.186636076216201 0.156438262801734
0.0825249645039009 0.389455979618957 -0.0514785562334202 -0.065047832654863
-0.0814859851028202 0.321633882930504 -0.0275650215715568 -0.203482146324828
0.0441275591814248 0.361177828491105 0.126053223509433 -0.304830755502536
0.177590594479274 0.302723960906846 0.0874040539578344 -0.346732567325683
0.273592312583846 0.126738626891646 -0.0181374512735587 -0.305316391102528
0.271590448499544 -0.0138295777421086 -0.0488694336007722 -0.242161403779312
0.224036796339125 -0.107872578790955 -0.0838080027109061 -0.205221320949324
0.159934594262323 -0.147080764848492 -0.0668941968200708 -0.13473304830589
0.146668644374742 -0.161981413525695 0.0269984887103125 -0.0821047119394806
0.153799625333733 -0.144361287880135 0.145592591702891 -0.0706887208597214
0.19567284174871 -0.148794718399059 0.247197870592967 0.0018980955150656
0.272685347276861 -0.0900028216226944 0.300423538571925 0.126341422911687
0.295912500851312 0.0279949878206948 0.202673465232105 0.293785581831363
0.277067084634146 0.215353798443581 -0.0392623080111519 0.285346245367922
0.141704180905258 0.354966211160484 -0.190772863863785 0.086689116433673
0.00939359773069703 0.351747750738054 -0.0395370602835011 -0.184977951911118
-0.0914181889657347 0.230648481906654 -0.040424795255903 -0.313534364044292
0.017896247471497 0.291831392443259 0.0821471324489703 -0.352777005102844
0.150760968115062 0.244343865779787 0.0807061079754097 -0.333066310756525
0.219034473160738 0.0857994855364114 0.0291273618522692 -0.269747935695374
0.201143071669974 -0.0172971521231318 0.0270214870430784 -0.254324720127091
0.169715763897101 -0.0796809367216786 -0.0231360191926471 -0.247210640277134
0.12599999306 -0.10713491763015 -0.0128097249385852 -0.188137505374794
0.119818300875442 -0.111418297192086 0.081344010910093 -0.133060721869782
0.132487174339092 -0.0922606044733135 0.195691858168441 -0.110379615555806
0.165821254942288 -0.086950003501229 0.288274909472801 -0.0163221255764892
0.212007825080514 -0.0269353255902183 0.325135129722531 0.122892474329401
0.21852078284443 0.0656908598228994 0.204848343942216 0.284546846754905
0.183724191534205 0.220554661298583 -0.0306344770985867 0.247011317827806
0.0437133686058908 0.311015786288262 -0.15986174016736 0.0240202508775437
-0.0637092070459052 0.265094626975399 0.00404849862175746 -0.270970929806173
-0.100098074138934 0.100543330362853 -0.0629130205621312 -0.369834766830861
-0.0223843311656076 0.173040768950312 0.0395691140756678 -0.355072421598257
0.085890591426217 0.144127282317063 0.0764403656683088 -0.314792734856654
0.111652573846574 0.0384617655818379 0.0592929697515482 -0.251953320968831
0.0894391591194699 -0.00228199119039076 0.059648198461315 -0.270185070827842
0.0900667658565272 -0.0239014006928519 0.00398624211383411 -0.270971236678451
0.0764376094626337 -0.0424553799206111 0.0219805287100786 -0.220473658332979
0.0753398784269667 -0.0455799850971266 0.121522973481324 -0.163203354853112
0.086964397988842 -0.034830026104849 0.235658624836685 -0.124886326086538
0.104695864325939 -0.0296455876373506 0.31874596909068 -0.0106317505930547
0.124728815821071 0.0118189898109252 0.333911799194494 0.136545913528763
0.130936184744479 0.0666721962528006 0.19748767104769 0.27879277747371
0.0966335054293205 0.182302381430316 -0.0108265186023298 0.216727433622986
-0.0355253277411011 0.219263072645877 -0.104753625720241 -0.0108392489236194
-0.111509792406957 0.141649545199386 0.0635071796905203 -0.309237948091897
0.095294273401572 0.00373978637569981 -0.0660609258091443 0.323918602527696
0.040881285776083 -0.10650707005856 0.111134989141456 0.0489986527470574
-0.0424270111638998 -0.081812866475301 0.0186836730910846 -0.213293510704818
-0.0519819026913283 -0.00579815379379925 -0.173491018294984 -0.302360703308023
-0.0171349247698033 0.00517722921422945 -0.354242637718354 -0.175803413136559
-0.0144846080006638 -0.0141403835060696 -0.363493146517262 0.010879102309428
-0.0184140067074902 -0.0266736520717117 -0.261888941087619 0.124117576168925
-0.0228978160174248 -0.0427216505578802 -0.145637372471988 0.208031902824149
-0.0189562492743629 -0.04201770904353 -0.0353901151588934 0.236549680393861
-0.00524848320401241 -0.0433023890489025 0.0110810587178147 0.289452118948469
0.026271397437792 -0.0351122442421686 -0.0199756759719647 0.303361478230245
0.0147785915337827 -0.00686214831658172 -0.0631733649721615 0.287632455712437
0.0177251973847413 -0.0386835144677347 -0.0918116671351775 0.317945517968726
0.0829963396943848 -0.0536422283011693 -0.062944409608876 0.371066391819934
0.100687915518331 0.0361860782694608 0.0816481774426156 0.398497717226947
0.0657731805430587 0.137554533333148 -0.0778158288685296 0.287746329419119
0.0598114492524072 0.0254971762958813 0.100109674721298 0.0148871301848102
0.00615757937875462 0.0122670997559596 0.01583901105396 -0.226343054358039
0.0214508615410249 0.0397342850722176 -0.164818793495432 -0.310774354763904
0.071837432193422 0.010772594758835 -0.32859680491811 -0.193311912420639
0.0676968613186059 -0.0461260556990096 -0.349133695708331 -0.0234494863023061
0.0445861276504274 -0.0817307155027862 -0.261944585595571 0.09451549511483
0.0345380076728059 -0.114659733089992 -0.144914400766118 0.17969051281696
0.0379239140804248 -0.117413537146442 -0.0209316963489777 0.203524377952181
0.0711297679062595 -0.128284625489259 0.053231019940074 0.258758425338382
0.146866907888085 -0.098882908412477 0.0445726907329089 0.297474406508867
0.16217881849007 -0.00940432286238351 -0.011505625250557 0.314144611072876
0.151900377548445 0.0516578949299482 -0.0865175955498788 0.32956445414022
0.163658574353119 0.0985015840245967 -0.0820299112589237 0.327234806473051
0.137090112117991 0.187914086274973 0.052417935530993 0.321836640301926
0.0222897642513645 0.256002111024503 -0.0701810176910051 0.204579367449127
0.0675306963704523 0.166142655413558 0.118840024726318 -0.0481815210570656
0.0636516935400689 0.123934532069827 0.0332957901335876 -0.26630939525013
0.108962574215975 0.0867132865695769 -0.151871313861678 -0.329195889612363
0.162161288296058 0.0124727325476676 -0.292889373107311 -0.207244458751673
0.146571348072349 -0.0761329527829747 -0.312495289527935 -0.0590207668559271
0.103335403170794 -0.127873375781096 -0.238758439785715 0.0529927056036263
0.0860577545243375 -0.170536477283227 -0.123678841085381 0.127210502691417
0.0860581327098847 -0.173273664816356 0.00846216435363543 0.141930134336164
0.127135174616124 -0.194292581281718 0.106738499720164 0.195575619853196
0.232864161457635 -0.159389647560774 0.12990303126146 0.260071584636427
0.274172731833877 -0.0355247812269735 0.0661306706267796 0.32606712368084
0.273551166040302 0.103470319826112 -0.0649340947807588 0.343898242140525
0.235545700700379 0.217159499897456 -0.114249601427431 0.281091256302008
0.158743207962515 0.305644014328447 0.0107214861802364 0.207766958278265
-0.0190160400888698 0.338760289025884 -0.0496043533127478 0.0829738980530785
0.0730614475212592 0.289159537659899 0.142579911328988 -0.135957259664076
0.128769157112441 0.228556161639377 0.06094585800415 -0.314752581287113
0.203115426540351 0.121629764061286 -0.124640159615259 -0.342878497786681
0.242013343216972 0.00317479590867437 -0.232818297623513 -0.220332331972972
0.207623179189689 -0.105375055445807 -0.251703767228242 -0.102055558135537
0.146485003555955 -0.160686645590924 -0.193342471352227 -0.00329393472906151
0.124591195145885 -0.200093089091258 -0.0853099422027486 0.0588454884475228
0.124676106450834 -0.198700402498434 0.046390169063656 0.0632216590937465
0.166406245651294 -0.224062844167968 0.157915508006797 0.115556137726348
0.279888343000987 -0.187232569676811 0.206868714376389 0.201514853889523
0.333950415815478 -0.0516494058267167 0.140824289097909 0.31963447319148
0.346752964427098 0.136890130973318 -0.0448824616833176 0.34398739626336
0.267429079967823 0.299146626622905 -0.154348508263734 0.230095234788876
0.145989560938743 0.376761285361921 -0.0320920312647957 0.0738540249776604
-0.0503962212500216 0.367826762355809 -0.0339389012404618 -0.0633371975932288
0.0728675784051636 0.362831375445201 0.145518967268004 -0.231175077136285
0.180064324505058 0.295531463153169 0.0789193203913459 -0.34831699105675
0.271946984469013 0.133380250479317 -0.0796391435333205 -0.336595949981262
0.287065491147137 -0.0132858564660771 -0.148632130422473 -0.232916081555987
0.236454415904036 -0.124431727013463 -0.173771674809298 -0.152340109706884
0.16576823670976 -0.172712437261496 -0.134462215246478 -0.0680538964433828
0.14482493149546 -0.200347530732268 -0.0334505416347078 -0.016248145626914
0.148379621383799 -0.190373324315655 0.0919282048497994 -0.015837219379159
0.190772412875767 -0.209756123122681 0.205984539182823 0.0408301630732175
0.294831186095706 -0.164354215398073 0.267646576762078 0.146089483702846
0.342874021592769 -0.0315652548694967 0.192625345268815 0.302284672639021
0.351073570507904 0.172981220308449 -0.0341649740253406 0.32598509534383
0.239502998957061 0.346418795433952 -0.184932018265931 0.166703013359839
0.0950081594947745 0.394564586582275 -0.0553929518642556 -0.0632462580248426
-0.0699351518750345 0.333045077812265 -0.0339431435810712 -0.206617276379692
0.0600940749470497 0.363917952859197 0.116308075857856 -0.314104526510632
0.194214469314629 0.3005295770014 0.0809208487090492 -0.356629401612951
0.28247266949257 0.117122233150708 -0.0258049157307167 -0.307753671940801
0.2746127974276 -0.0261928749819207 -0.0549305479109687 -0.245876996975767
0.222593619393999 -0.121037236114036 -0.0948505473605165 -0.205486499392367
0.15744052632209 -0.158733182573116 -0.0710708185107417 -0.134308502835907
0.141727037526641 -0.171519289622582 0.0244677794903284 -0.0860497346473771
0.152354776668489 -0.153476114819119 0.142422961123768 -0.0807509068423065
0.192998050143667 -0.16083602193285 0.250375992547983 -0.0105104083368859
0.272701769615362 -0.104223586198467 0.310156636648125 0.113195924260509
0.301242225422032 0.0168873815544389 0.216618061192955 0.287045230574377
0.291018386447214 0.206311247976058 -0.0309385152292856 0.292039581844531
0.158286785171879 0.354763302670291 -0.191906152917937 0.0957919262036715
0.0198801140825931 0.357776952193926 -0.0469710246177479 -0.185027272248409
-0.0833185765696153 0.240439706356519 -0.0505589459809405 -0.318134453097851
0.0308347822036201 0.294548956006123 0.0697416319375293 -0.360439282687323
0.164020529177359 0.240703330738511 0.0729448654601293 -0.342108515498629
0.225027471100891 0.0778268398095044 0.0238524138086636 -0.273769151887049
0.202380114849106 -0.0266752259338955 0.0206593022901054 -0.261799543584344
0.168338543116596 -0.0890950389169731 -0.0343321444787536 -0.250455427370672
0.124405900029925 -0.115455627916664 -0.0186541174309277 -0.190203639918532
0.116966554842593 -0.11820371506546 0.0769919948640599 -0.141451661119786
0.131639435544452 -0.0996928927594745 0.192235539538406 -0.123758824135091
0.164609737781146 -0.0954247001351822 0.291729233170583 -0.03008137152174
0.213347775178628 -0.0368372695895138 0.335952335426903 0.108517881164374
0.224159994946361 0.0590668468107382 0.219656708917938 0.278637753068055
0.195332343831363 0.214907086577731 -0.0233682084394614 0.251293920748997
0.056984239189003 0.313693363894308 -0.163334693180527 0.0315152689898084
-0.0565100120873007 0.272725588700415 -0.00611681575827519 -0.272875581665907
-0.0971511540667531 0.107946844687045 -0.0747019818821075 -0.37477080340158
-0.0158711410866551 0.17532342195501 0.0281254845725924 -0.361636949889068
0.0926593290442481 0.141153363543598 0.06862652874191 -0.322724682037456
0.112888016736454 0.0340708375473365 0.0554150202473987 -0.257492979304409
0.0889780151697648 -0.00557290260274186 0.0525897028664737 -0.278812525504438
0.0903095353448279 -0.0290122124217164 -0.00688045324901262 -0.275113530541026
0.0772049011768244 -0.0478793216323589 0.0146404166459045 -0.225127870518682
0.0735492786851382 -0.0486768754307791 0.11700087373919 -0.173203755764899
0.087232368004804 -0.0386685757589165 0.232503442620989 -0.140371493126493
0.104304916562491 -0.0347784866498706 0.322081049086963 -0.0251009681979954
0.126224519166357 0.00736386960446361 0.345103782259581 0.123575282113695
0.134490081991504 0.0633525062934228 0.211019616086104 0.273018433632971
0.104687402675371 0.179254725955975 -0.00426665066298558 0.220211361194082
-0.0277054356510934 0.224107082661868 -0.108021566034192 -0.00550019563355428
-0.108087947184362 0.148176259178079 0.0521751236328193 -0.314346214474096
0.0969702061074943 -0.00047122937462982 -0.04985748047043 0.333922420620774
0.035320632628135 -0.109941450691688 0.115642664009908 0.0419657528143372
-0.0462899547774729 -0.0809503934429379 0.00929389554105907 -0.219392984942957
-0.0528854917245009 -0.00211579842792368 -0.19165739144272 -0.301656422290497
-0.0163779836438398 0.00528342973061399 -0.372563620450891 -0.160010195853426
-0.0151924895469359 -0.0141611990375561 -0.370517844412093 0.0328260950613
-0.0216385485374032 -0.0279029297778296 -0.263097369715721 0.141402023007349
-0.0266171688615631 -0.0424720998019771 -0.13795070569312 0.222385111481501
-0.0213612712548554 -0.0432788509909227 -0.0248434979704123 0.244852998554382
-0.00633866073702566 -0.0452935736406626 0.0278898573461379 0.296409248015191
0.0253477193730391 -0.038786822343145 -0.00467456148999788 0.31201006325409
0.0165491939574977 -0.00782240262667895 -0.0528728983271748 0.299079482414915
0.0167722419377763 -0.0402920722577808 -0.0774673780691453 0.333473471481845
0.0799633570978985 -0.0573101162408175 -0.0455974586869752 0.383341775038761
0.104438060395812 0.0344448027845518 0.10135002519732 0.402780867058357
0.0739904626442025 0.138995681400027 -0.0638462433106353 0.297555465377431
0.062028588577522 0.0233542017597849 0.102159664628862 0.0083882223443865
0.00866893390316274 0.0134406141902045 0.00666932262131438 -0.233366972939594
0.0250462007508538 0.0399267601979477 -0.183081058124854 -0.310977177353245
0.0750635346877952 0.00579350085146207 -0.347248823083956 -0.181060784590457
0.0671069064821291 -0.0526482089416255 -0.35896148016988 -0.00384412439990874
0.0401671992283037 -0.0883633129057914 -0.264366157013951 0.111664396102308
0.028107727726045 -0.120669893428806 -0.139253189082959 0.193391266036953
0.0331132851332889 -0.123717346544891 -0.0118166228921749 0.209712407914214
0.0665691292499221 -0.136978008115621 0.069030040480058 0.261450235258918
0.145979923465318 -0.112143591485186 0.0621367043650254 0.302830491049608
0.167829360649333 -0.0191698436225016 0.00173821121098252 0.322538033381218
0.160826044079407 0.0447875907583677 -0.0721734416961393 0.345506669225889
0.171855875834943 0.0939598592180961 -0.0680078222667171 0.340177814717861
0.148675304650622 0.189119286195151 0.067768237327587 0.326461373244673
0.0365668818822343 0.263849960759239 -0.0601406519831627 0.211611993575086
0.0783173871389403 0.167187854540157 0.118002740929794 -0.0577574204705189
0.073626304153447 0.124138248285053 0.0234503841643867 -0.276072551814271
0.117262285936235 0.0833876882593009 -0.171403523433466 -0.329460315188702
0.167225729528068 0.00223890019165027 -0.309756972180826 -0.197054859806907
0.145583039268287 -0.0887737242507599 -0.323307775111606 -0.0428507936055166
0.0985535838972399 -0.139435213716806 -0.242357335038043 0.0664173715363912
0.078248475681848 -0.181214001538308 -0.120783236464925 0.138840190728109
0.0800684694022563 -0.184349052078942 0.0139138721273694 0.143769710920395
0.120533124232829 -0.208505064852948 0.12060979785427 0.192880962740369
0.22876377870098 -0.179261506271388 0.147439649348902 0.25869284015317
0.281318525545827 -0.052849975604845 0.0835112223873929 0.330103440503763
0.288701370587515 0.0902965895609162 -0.0504189109987366 0.358377835042057
0.253273738369728 0.210782286250766 -0.104081895780491 0.294817531356638
0.176377760751104 0.308230131553779 0.0194169905894748 0.21281213624592
-0.00134955924016235 0.350771218219255 -0.0465626622873538 0.0865311876607497
0.0912649082459694 0.292357489383301 0.138693579281226 -0.147885367597416
0.146614736268787 0.229055751694974 0.0494408620298217 -0.326174652654978
0.215784541090715 0.114315171156807 -0.14252423950434 -0.344847052942586
0.24885717973606 -0.0118039191083718 -0.247700698912037 -0.213942990666215
0.207059916609146 -0.121435665251136 -0.264010829178083 -0.0907934495935831
0.141486788078783 -0.175691986465876 -0.198202859441333 0.00721965417095262
0.11663579309189 -0.214357701893123 -0.0852853017772 0.064991350321317
0.118632718394403 -0.212897534709379 0.047646039940547 0.0607387539032487
0.159438364739701 -0.240951093730395 0.167597337679921 0.107520599680699
0.276686903488194 -0.211115887622774 0.223829579800798 0.193549464241046
0.341691268578879 -0.0721362905126874 0.159210079066234 0.317134448354198
0.365224877154672 0.120431618849677 -0.0289325214820995 0.356504983213094
0.290854448035693 0.292180262697924 -0.147094200259513 0.244199766498802
0.166035536360743 0.38181265289796 -0.0300968186313428 0.078169916242361
-0.0314507162048071 0.383023580565903 -0.038072709533962 -0.0647961207960267
0.0948326343623534 0.36747271215049 0.135652891785344 -0.245875955530891
0.202818552843983 0.29468821613608 0.0666242869983997 -0.362904969829267
0.286978201498123 0.1220813990476 -0.0955265576948762 -0.340250319420792
0.293598716264557 -0.0304217346818475 -0.161444173784392 -0.232270044426803
0.235023649568123 -0.14366395325335 -0.187385537599743 -0.146639451145374
0.161318529396936 -0.189979757740597 -0.140515982823463 -0.0627675248416162
0.136595692007843 -0.21419534320058 -0.0355909605100802 -0.0154451072260406
0.143490028715302 -0.206091946441191 0.0904066752698535 -0.0235876600918901
0.185019389012684 -0.227879586641105 0.211934161775453 0.0276220194729613
0.292712794454356 -0.188875633173304 0.283282124164061 0.132646196756224
0.351813507571057 -0.0522060707005045 0.21192664306404 0.297090308763846
0.370457473270896 0.15615233882206 -0.0202772207046818 0.33729370338405
0.264414543081618 0.342508803962587 -0.182719346326612 0.182078744122405
0.115109025789881 0.402750265505246 -0.0606357525178648 -0.0606766373331161
-0.052925663809386 0.348626309503196 -0.0444739539671676 -0.212738336606385
0.0824745349512449 0.369807403615433 0.102656660489887 -0.329304040805011
0.217031476478111 0.297880369069069 0.0679496529103591 -0.370214512128043
0.296260764875948 0.104555938418959 -0.0388742192758958 -0.313395510224137
0.279664042504859 -0.0428079216196073 -0.0658676080906536 -0.251823547326081
0.220829390538964 -0.13860427861662 -0.108830740287641 -0.205335724422562
0.152761765573952 -0.174187140617123 -0.0797271627406503 -0.134197549976834
0.135609840968825 -0.184289913987693 0.019718569850814 -0.091166257334131
0.149113421617174 -0.168131533555031 0.138934762682897 -0.0937167706768868
0.188672548991792 -0.176051024789675 0.255625087599086 -0.0271024727796407
0.273819813194617 -0.124437331215818 0.325961990470487 0.0963079818773106
0.310214373058626 0.000983003277229111 0.237180207067373 0.27934127075164
0.309853006916536 0.194125781592784 -0.0189162597699669 0.30128116543196
0.182437997353401 0.354315888937814 -0.193265264579753 0.110666496610312
0.0366170551480982 0.368923620824397 -0.0582849964036881 -0.185911186399339
-0.0712934513658327 0.253351013341225 -0.065816447563366 -0.326727079456941
0.048187659395488 0.298733919190212 0.0528224420517151 -0.373496923387243
0.181552900773144 0.237512653729029 0.0590705048969841 -0.355799855105488
0.234528213117929 0.0669211997268548 0.0143690914724261 -0.282140597582324
0.205080813326625 -0.0383518555269783 0.0102113048613089 -0.272004837052455
0.167411932202896 -0.10223563028024 -0.0488747107254943 -0.255725756584656
0.121519461566608 -0.128649746615914 -0.0279387058424683 -0.195772779300259
0.112316350194737 -0.1272415588721 0.0710970957950169 -0.151584193667646
0.130519954689291 -0.109950959024295 0.188818021156833 -0.140530759109292
0.163010429800907 -0.108141747663549 0.297288025573612 -0.0496333434066029
0.216549591049409 -0.0499134216226429 0.351649588801551 0.0911131763014112
0.233202688055277 0.0484952331670817 0.239346808944118 0.27038008106688
0.212042563339063 0.208264025004903 -0.0131604544879124 0.259097516428809
0.0753030960552692 0.317568256154638 -0.167018055979929 0.0429651586380817
-0.0448289733232232 0.284364150310755 -0.0212093886602167 -0.277865189026389
-0.0922670563846339 0.117333002353593 -0.0928546399852761 -0.383432013759052
-0.00610398051851553 0.17924303117086 0.0111501463015698 -0.372091359587276
0.102571480786321 0.137385657354957 0.0547307980519008 -0.334478483260992
0.116504328207023 0.0287573785994409 0.0472415809389597 -0.267741940941424
0.0895994266579291 -0.0102041560219672 0.041671093256605 -0.291473220056533
0.0906893758476016 -0.0359541452258753 -0.0222031215485906 -0.282078697807981
0.0763878720107312 -0.0543354128810531 0.00442195398296918 -0.232476191328449
0.0723162448708658 -0.0531947189230338 0.109883499659372 -0.186777020275141
0.0878944340260496 -0.0449156995370362 0.229349855061893 -0.159199033053207
0.104230234849484 -0.0407925903952982 0.329533667182853 -0.0443051600125332
0.129488364723267 0.00153042187465175 0.361252997803985 0.105856469901678
0.140568287181042 0.05837493075214 0.229769138585624 0.267451041956801
0.115959276319206 0.176462316521769 0.00583472846516322 0.225798029844402
-0.0170428327181473 0.230988333512443 -0.112357466636053 0.00208341774555988
-0.10390187987226 0.159087238392091 0.0369664990846733 -0.322349158896232
0.0981905735589003 -0.00710386431011818 -0.0252269346338098 0.340855409079453
0.0262762855582949 -0.113194969071837 0.118979332694941 0.0336710119406532
-0.0521571142848348 -0.0785251621801029 -0.00559129202651085 -0.22354993870028
-0.0525676865667133 0.00177858597430986 -0.214380574752365 -0.293653233598723
-0.0157310177126753 0.00575739929567922 -0.388563569843673 -0.132399991551496
-0.016857172231127 -0.0138098961711401 -0.372343783734397 0.0639596437815962
-0.0257299625412282 -0.0271335854996416 -0.257741367911916 0.163883049098611
-0.0311516381767171 -0.04206958179562 -0.123398765081236 0.237410605861007
-0.0254146820015237 -0.0429732377772463 -0.00629461337706021 0.25064971644839
-0.00924452320231865 -0.0463544927196543 0.0518542239608004 0.297158453885967
0.0230278867869919 -0.0423692753624885 0.0185058759336149 0.317950612925929
0.0179320057379428 -0.00979185647513776 -0.035379621198907 0.309233521615184
0.014948866583695 -0.0420873124012668 -0.0536265349395461 0.346506000706711
0.0747958074504038 -0.062073929107474 -0.018030175684363 0.392412450026666
0.107389429737119 0.0298834482849635 0.128762907938513 0.401628766457367
0.0852882066553857 0.136914284948264 -0.0431502070130099 0.305552379393489
0.0643893818964405 0.0193153999817277 0.103167279472189 0.000100372737295803
0.0116363783507954 0.0134626498802806 -0.00760610508228135 -0.237482433351551
0.0296177392742801 0.0390756346561397 -0.206870801842759 -0.301943460021098
0.0768179622740448 -0.00110037686385404 -0.364940622812462 -0.156273511441182
0.0632169998637996 -0.0596512468037004 -0.36197537389548 0.0241693202548208
0.032654469213384 -0.0940817262586106 -0.260945360489489 0.134332673873378
0.0181581118960488 -0.125337114938089 -0.126549407089688 0.207777409099505
0.0239097462304667 -0.129873887628243 0.00330128915594087 0.213997631438945
0.0577257511700129 -0.146114415640589 0.0911421991781036 0.258168753556089
0.138736211599346 -0.127113153604296 0.0862600973478937 0.302322296609164
0.170837629948682 -0.033463531813199 0.0227013412709579 0.328148543176649
0.167827174237634 0.03322442953194 -0.047657158045158 0.358608600885975
0.18066990882475 0.0836111628140115 -0.0454583918546747 0.349203670530826
0.164129960744753 0.183922356218081 0.089294260847101 0.325876081506777
0.0561357453191905 0.266239150479646 -0.0462946333678587 0.21895185092999
0.0913878970689324 0.163184152607457 0.1142595883162 -0.0675944288193029
0.0859532773757184 0.121258029778594 0.00658647381308888 -0.282462219291857
0.126505833194464 0.0767912863046391 -0.195134071196801 -0.322413127536093
0.170437946840734 -0.0125284300649081 -0.327678419057916 -0.177075480744536
0.140313795356582 -0.103098590627267 -0.330762629390414 -0.0190730268366075
0.0882993129976986 -0.150770440767046 -0.241520636972203 0.0865062376704705
0.0644553440979893 -0.191248071974157 -0.112423320557744 0.15073887010323
0.067573243929039 -0.19536950674325 0.0228391792368441 0.144933970467478
0.106550076479043 -0.222614691883605 0.136521773087631 0.184551083999235
0.218549694743465 -0.202685555136695 0.168970521170671 0.250116393369369
0.282803207968621 -0.0764009094737439 0.105879800741458 0.327211564398988
0.300739949332253 0.0689149529490904 -0.0250258450038998 0.369939181219545
0.273482250529814 0.195386194254867 -0.0852725596005861 0.306238956300582
0.199461393015977 0.302904971987749 0.0336807590610803 0.21507818466554
0.0258529612883051 0.358456268761594 -0.0409244856994139 0.0904371650415409
0.114490716688451 0.289139635449848 0.128031984957461 -0.160141519075668
0.168496768671197 0.221719961775792 0.0307242716426965 -0.336179295407836
0.229005585123316 0.0997373179820822 -0.166055698889246 -0.339628369220191
0.251337616885198 -0.0334266333843622 -0.265938424899395 -0.200697046617653
0.199647857091256 -0.142240852693951 -0.2747285346904 -0.0710463197032073
0.129691852331928 -0.191887230854364 -0.200903685339711 0.0223017556600529
0.101299629377381 -0.227197958561353 -0.0820515098758329 0.0726940425423841
0.104550812015712 -0.228601029303003 0.0503128463501424 0.0571686304687421
0.144014510047271 -0.258837793762307 0.177404150729928 0.0936445198190224
0.264146779897729 -0.23846768637789 0.242225204510926 0.177571116409133
0.342904675083516 -0.100910619758875 0.182451407964574 0.30810339368943
0.380406079906547 0.09254863293695 -0.00355675802696071 0.366105641302164
0.318499415228699 0.27471276186111 -0.13324871628929 0.259830429810855
0.194604502499691 0.378493365646165 -0.0266684781879026 0.082979869290759
-0.00235514932117075 0.393367079542674 -0.0432251090885618 -0.0642812734999396
0.124664772093723 0.364353603240663 0.118750026269559 -0.259057559371012
0.230211184495187 0.282378824186035 0.0445237576281909 -0.374183437950795
0.301961489301875 0.102506342531732 -0.117961473886056 -0.338126555189875
0.295984144526602 -0.0545203756736549 -0.178965385028157 -0.226772868651426
0.226257532909132 -0.165736351002104 -0.200990649199701 -0.135080745392943
0.148558004719748 -0.207330232770489 -0.146872248572212 -0.0537588093344283
0.121143008596938 -0.229172707983748 -0.0382650009842751 -0.0136011826363853
0.131543984034471 -0.223317990393306 0.0864144420544636 -0.0327661571256346
0.170045262228445 -0.247533399614792 0.216266816422198 0.0097486763689416
0.281405608663885 -0.217228588615756 0.29748441369212 0.110517357639777
0.35354298402405 -0.0811885671389588 0.235932972629409 0.282449659302587
0.388612699217854 0.128549709302721 0.00333981013971809 0.345193647959924
0.295614425163058 0.327356166961354 -0.173596586366302 0.199696764379388
0.14469814798095 0.403348178580017 -0.0673766250715366 -0.0561356675559112
-0.0261473429165641 0.359500977309376 -0.0594940268746111 -0.214187186495541
0.11183621269862 0.367277226007115 0.0798541942710608 -0.341035671688315
0.244321487337616 0.283663797571356 0.0437239211127738 -0.382386090891294
0.309434200183504 0.0838645956148693 -0.0573540992955367 -0.31507921614688
0.280254909973294 -0.0662430016349063 -0.0830377016670688 -0.253855404137912
0.211998536411244 -0.160200200601373 -0.126541046751531 -0.20082920598376
0.141631574339203 -0.191028684726625 -0.0903129780418526 -0.130840963702657
0.122967351792614 -0.197605141008101 0.012015610188068 -0.0963687477059745
0.139774685117686 -0.184855867983913 0.130731390333497 -0.108137514854615
0.178082196715343 -0.195149495488661 0.255952864004958 -0.0494942357641673
0.267888721593671 -0.14951877600295 0.337303505648218 0.0698380916859825
0.31641727621271 -0.0226951813130578 0.259568050262327 0.262656994623393
0.328706293804838 0.172276599938363 0.0012624119908377 0.308089256240005
0.212062904568749 0.345653575157475 -0.18944887852959 0.127715127327539
0.0625905846280421 0.373863435054362 -0.0730260337772774 -0.183056159165368
-0.0520732899983926 0.263880667329668 -0.0900141193998177 -0.328455318199358
0.0714548939605614 0.298381492598095 0.0273483666684111 -0.382579302442019
0.203123604992912 0.225772442487747 0.0370924523512689 -0.366179370824981
0.24202081258922 0.0499708304647106 -0.00127079206918984 -0.287530898937299
0.204395018044961 -0.0551811211602769 -0.00768998858912631 -0.280597786959866
0.160795718640066 -0.118371402943418 -0.0687384920550282 -0.255584568921789
0.112785218874427 -0.140772388681265 -0.0429370745738682 -0.196851636461572
0.103759652074268 -0.137612329007689 0.0601365302959652 -0.16174189691165
0.124887916941635 -0.124011169043707 0.178437902127131 -0.159563807545049
0.156658961804016 -0.122538067847334 0.296587932351387 -0.0740047774637313
0.215339333212915 -0.0681355913498829 0.364030510472016 0.0629308454936757
0.240237341325073 0.0312110658635903 0.261572451901447 0.254032957318819
0.229299878555635 0.192839494858218 0.00405501579191878 0.264823799262443
0.100734389663171 0.317343313104261 -0.166399764363176 0.0579264278054531
-0.0253182489913715 0.294143755047936 -0.0419260921549926 -0.279279249636659
-0.0837948674212493 0.126951599634065 -0.120644585908651 -0.384410724863477
0.00752588627963483 0.181360637244727 -0.0140186826847878 -0.377558132048868
0.113545242301986 0.129367689233118 0.0330774419742993 -0.344160857534982
0.118273288442143 0.0199980557686466 0.0331737744543317 -0.275708320449227
0.0894326177545754 -0.0170985402493933 0.0215359185108312 -0.302674905581795
0.0887578812225942 -0.0439232436995741 -0.0439636128655696 -0.283913652671111
0.0721819789750946 -0.06219138774479 -0.0124881952409951 -0.236715830431643
0.0689125443895989 -0.0577874984303149 0.0965794438292586 -0.20113335468317
0.0858870804869296 -0.052547422753847 0.217764073090252 -0.181449979458782
0.10128833640016 -0.0489202467357169 0.331293889617862 -0.0716810383388084
0.131337587305517 -0.0080142444638655 0.374700481672039 0.0785641136829048
0.146158106168517 0.0490472929641413 0.252718932336733 0.251991513960043
0.129731085325632 0.167776830140178 0.0208246958692262 0.229273492865234
0.000562198719689071 0.235991733802463 -0.114117672813496 0.0126087697806382
-0.0925319651529948 0.169421966795961 0.0130551060738146 -0.327982363956832
0.0950185365467291 -0.0133295512493769 0.00150590206849388 0.336927472826552
0.0164318578997533 -0.112027489600964 0.119574568247843 0.0245687391550616
-0.0565369542934897 -0.0733243693847938 -0.0198754602156158 -0.219758999330313
-0.0503587068041742 0.0061499493765177 -0.232692312679265 -0.274011322277515
-0.0141693368859092 0.00589016607918117 -0.392992862104166 -0.0998361496293757
-0.0180090151478228 -0.0127644968227235 -0.359780932418615 0.0925483679103653
-0.0289310189784941 -0.0249175495359334 -0.241853699129206 0.18248147027123
-0.0348994760709811 -0.0393855343334416 -0.102469221824671 0.244825772682663
-0.0287558463278139 -0.0414242995859169 0.0126924184840961 0.248228476206475
-0.0115476503320466 -0.0460916612163603 0.0746980534992926 0.287674166134145
0.0196277999329355 -0.0447933250079546 0.042441473679373 0.312561201537487
0.0184362783515148 -0.011313268333015 -0.0134419913639816 0.308954568776135
0.0119070114745199 -0.0421786325730196 -0.0260865234030941 0.347093694789294
0.0677311692167015 -0.0643639916743062 0.0104344747758672 0.387796839332675
0.108731178422507 0.0238088912807877 0.153165905292245 0.385724017675399
0.0942608018895586 0.129967320737869 -0.0195954056760922 0.303773124577715
0.0640789270303791 0.0143913654801383 0.100558135067663 -0.00679151350925135
0.0138682692791577 0.0118933516176739 -0.023081257747176 -0.234984359981189
0.0331657791248715 0.0367039479260062 -0.224915703154427 -0.283743867444921
0.0755347298437581 -0.00849113573127422 -0.370520405692886 -0.126397338014089
0.0572752269924945 -0.0651037944935689 -0.354397934918867 0.0528786768551522
0.0235299658265459 -0.0966760674266885 -0.247173505335442 0.153184521399465
0.00758914201159968 -0.125953860535618 -0.108761305230899 0.216496769027033
0.013529530176847 -0.131773859802273 0.0181924113849051 0.210851436865356
0.0456754748569201 -0.149877553347865 0.109849543848771 0.245778528181452
0.12606382346597 -0.138364050489644 0.109024712211293 0.291595449712339
0.167498858709596 -0.0478052511549426 0.0447847737960128 0.322194968955396
0.16840749787234 0.0190598466729642 -0.0191423486916991 0.359646064611598
0.18402359437268 0.0700697956045594 -0.0196756207790022 0.348093300754734
0.174241231613443 0.17140856042634 0.109240111888862 0.315565448207373
0.0765645429521146 0.260130672063929 -0.0287188127369654 0.219358645699591
0.102456032634297 0.153249217222173 0.106408493587557 -0.0742938797219197
0.0961798232594487 0.112219582702599 -0.0110039799729299 -0.279604611974177
0.131854895317128 0.0666148473013341 -0.213955985343064 -0.30290042690017
0.166442819288607 -0.0274061682804171 -0.335132465397203 -0.150049093374532
0.128959835072033 -0.113860838994088 -0.326957106370917 0.00654117649968917
0.0737020700986353 -0.157859271324837 -0.231242599435254 0.10426833170993
0.0467980860411041 -0.194273248877806 -0.0987262936250993 0.158389384807453
0.0512535190895139 -0.200873599137249 0.0318267506808775 0.140883178411523
0.0876423129012412 -0.230303136116645 0.147928743995585 0.169009139660103
0.198208666768319 -0.219854859208755 0.186307424557478 0.23279428265448
0.274949057606546 -0.0993395790018531 0.127850119857236 0.314961060823318
0.302376103187896 0.0437232380190816 0.00287966885945513 0.368439888217071
0.284990324776873 0.171685226257834 -0.0620863174254741 0.309195768966104
0.218598800339662 0.287048222867306 0.0459009313125653 0.209614192780949
0.0537048151851249 0.353216425681247 -0.0340252594470259 0.0918027606523406
0.13489579141062 0.274918178832575 0.112424310983324 -0.166703308125489
0.185616340979033 0.204173683295495 0.00802420621486117 -0.335751067218483
0.235252722615304 0.0809225713822955 -0.186164528487053 -0.322229980455051
0.244495904816257 -0.053570369555564 -0.275435388166502 -0.178529989114031
0.18403395790331 -0.158073845193859 -0.276274389638919 -0.0497987863591798
0.111171474995624 -0.201873947353884 -0.197062603824059 0.0380171349162571
0.0812365372908192 -0.233292659955542 -0.0750446923254032 0.0790782686411989
0.085561654837645 -0.236349508810009 0.0510505331685856 0.051706595164374
0.12199760048536 -0.268907669740958 0.180824121911049 0.0763284188146273
0.240251807692803 -0.259115233296602 0.252000337307445 0.154428743695876
0.331805397651344 -0.129301597608937 0.201697022841536 0.288351351493537
0.38315564723655 0.0598686561681542 0.0230576697653081 0.36365832441511
0.335130257005946 0.246012513845144 -0.113786680773283 0.266992163885423
0.219058258286181 0.362184246201725 -0.0217436184729212 0.0853027141010932
0.0293240734987492 0.389240605433157 -0.0476646852919684 -0.0597527349184682
0.15070735989518 0.34882759333368 0.095363031298277 -0.263521726505728
0.250757707108926 0.259711962684912 0.0192388106213472 -0.374073600552608
0.306484493402154 0.0772773680467265 -0.137508608762063 -0.324574269923398
0.286256603559063 -0.0794337195873397 -0.191407516679172 -0.21261219671685
0.208655047825931 -0.183324147690202 -0.209659025747883 -0.117771062743892
0.128426111683858 -0.218795723454114 -0.148922557238907 -0.0412126914777178
0.101050738319978 -0.23654072452889 -0.0385538585120654 -0.0104873407982589
0.112058280085787 -0.233375411825535 0.0801695379541453 -0.0393362294711163
0.148218848639029 -0.259682710552384 0.212152047739069 -0.00958284684128251
0.260575940517522 -0.238689254742107 0.302133499089183 0.0832886456946279
0.343775721870131 -0.108692612001085 0.251147792434644 0.258571446551727
0.392647866669654 0.0942925913959187 0.028094218066101 0.342394693192015
0.317540537990431 0.298865130801764 -0.15731498294485 0.211850900505241
0.17259843752002 0.389436691913891 -0.071313887469793 -0.0481405275584048
0.00237924528337479 0.357520214711643 -0.0753486711473873 -0.207057869643066
0.138145678172441 0.351504570737968 0.0512049330084997 -0.341178523933262
0.264316925609797 0.259371674154885 0.0164965920679077 -0.381754155875806
0.311957729523686 0.0578960552143655 -0.075502189003892 -0.307628727154979
0.270231542239953 -0.088375895863089 -0.0984858254573175 -0.248237993112793
0.194612554004621 -0.175959169258081 -0.140901693377362 -0.188952104130695
0.122544384886578 -0.202241866507796 -0.0984526101716235 -0.122471367458989
0.104750293742426 -0.204578692550519 0.00398853004898172 -0.0967233540322795
0.123115160784338 -0.195781781079662 0.117872463342936 -0.11797372628613
0.160180967459267 -0.207774528353616 0.24737313247664 -0.0709793531044301
0.251435917135561 -0.169845832082993 0.338664066522549 0.0399927396334156
0.310267613115151 -0.0481723558401175 0.273898635111183 0.23676109641745
0.335961528158365 0.142502348400407 0.0236501841456624 0.305528920833262
0.236069873332077 0.323674250852216 -0.177399401053507 0.142097160792246
0.0893202210465441 0.367004241808201 -0.085881624018116 -0.173598205617465
-0.0294405278467871 0.265221983387679 -0.112210761135146 -0.318316098308815
0.0934880745567429 0.287163911535546 -0.00234687947697076 -0.378298289683797
0.218308806277314 0.204931149782936 0.010975959151603 -0.365102794218082
0.242110562422496 0.0296585897845089 -0.0181663308348265 -0.284699747178665
0.196015495032648 -0.0706792342664634 -0.0269824262422096 -0.280597063553878
0.148197029895593 -0.130396914267796 -0.0887871031094328 -0.247288098126934
0.0986088027941931 -0.149162356076445 -0.0565722104537308 -0.192161337067466
0.0917411438118435 -0.143362354975108 0.0462973264327436 -0.166022888072595
0.113560821799439 -0.133006988062355 0.160267067087826 -0.172694591705508
0.143731654828054 -0.132638723813525 0.285973554588808 -0.0991826886862707
0.206657980181288 -0.0845195974602194 0.364728244633634 0.0305896282320582
0.238797614971684 0.0129495295047289 0.275867895099074 0.228940762617173
0.23933857402837 0.170776963073791 0.0223327520427083 0.261760889396835
0.124409520585393 0.304391297587094 -0.160393270534646 0.0714003992277329
-0.00368748913195267 0.293599159843386 -0.0621581629774199 -0.269816523068021
-0.0709751794553516 0.132150138519206 -0.145671269574038 -0.372105459786057
0.0210632844497155 0.176848348271568 -0.0404936322012655 -0.370464354003681
0.12095753700417 0.117747009767515 0.00800335412183221 -0.34241054936343
0.117065403177511 0.0103480042250999 0.016426088563362 -0.275883741204036
0.0858635829028369 -0.0231803036202554 -0.000881557948169263 -0.302640608321149
0.0825450430125937 -0.0512478640361179 -0.0652461430884603 -0.277266348319288
0.065478381679879 -0.0684427997189467 -0.0308732120299247 -0.233113380040311
0.0634705345454313 -0.0609894964259233 0.0785247112996413 -0.20779270431646
0.0803438290851613 -0.0584036647281981 0.198206687001435 -0.197747164281088
0.0956713843253299 -0.0557356909752537 0.320889184329776 -0.0976990835081181
0.128661396671391 -0.0177638671911306 0.375575956538866 0.0462751333346752
0.147285023703068 0.0376216451966385 0.266876128824411 0.228296944110412
0.138344862158036 0.153419704425999 0.0357793002336638 0.224970440698054
0.0196479442641526 0.232070184445825 -0.111927609071087 0.0229963817415212
-0.0774993131127076 0.175541625496855 -0.0125283171712092 -0.321031377449182
0.0923052691302557 -0.0251734198466301 0.0433972756642638 0.325407632033247
-9.40768701654075E-05 -0.108447275189096 0.117691053293203 0.00988154645415617
-0.0645340493595032 -0.0628720398276681 -0.0483110142625226 -0.20540076377245
-0.046198224729779 0.011259827656011 -0.265569929993547 -0.225093448513081
-0.0128981290861553 0.00516663600855547 -0.391323956929497 -0.0326196122134904
-0.0188530879658668 -0.00932142260401456 -0.330720192372132 0.141522355853992
-0.0321468372488152 -0.0179273611870885 -0.20965133993608 0.214653283400749
-0.0396718687302193 -0.0320989625510908 -0.0610579116317473 0.250329651216125
-0.0333713890865906 -0.036856129909012 0.0457142135511711 0.235874030686009
-0.0171028350029784 -0.0446700457125754 0.114075664412663 0.261310970704628
0.0129303246849732 -0.0483491331730556 0.0837826168327619 0.293849211902002
0.01955352608041 -0.0155610796465539 0.0290622999770127 0.302100400903099
0.00781573408898907 -0.0432697462561454 0.0251164776382273 0.337154322486282
0.0579296696351495 -0.0698755691011993 0.0674265219059342 0.364220159163198
0.110453878397326 0.0053955119102132 0.203802989026905 0.351601755715038
0.114265022910155 0.115203651862727 0.0153576118526679 0.284090928998298
0.0624224089499954 0.00548706297343042 0.0929443761193939 -0.0208664870840973
0.0144258489083011 0.00821867553871151 -0.0551986884859284 -0.223945287454082
0.0374296155833334 0.0297237908948779 -0.261057379672687 -0.23760811711746
0.0706056668246148 -0.0217459940056101 -0.378114328146177 -0.0641174982141489
0.0443053367054342 -0.0696171492064247 -0.335418773595093 0.102028217385839
0.00697454751196983 -0.0934389186904936 -0.220917927581218 0.184810212064652
-0.0125238964024678 -0.121676847841344 -0.0706967579159336 0.223265954843492
-0.00662508737778221 -0.129942499169274 0.0443898763093811 0.197428234289627
0.0214043265768488 -0.151619292573912 0.138362475799704 0.213450447493467
0.0982260283025399 -0.154673970685526 0.142040978522504 0.259314019726311
0.15470715530369 -0.0727328555422133 0.088360436443567 0.300688518207186
0.165752130709386 -0.0106920788526117 0.0375654131301223 0.344750955512319
0.186452719423774 0.0382784968575871 0.041861455459958 0.332851631521187
0.192827183827272 0.134010163105579 0.153922113563226 0.294395099787769
0.117397687596951 0.245347508235842 -0.00692478047516521 0.19438881621612
0.117388169482049 0.131501406026912 0.0865961002605519 -0.0900820969800506
0.107131163143257 0.0915688241215595 -0.0535397970377057 -0.275173698666185
0.135114876548133 0.0442159297655129 -0.255807858823544 -0.261542676843524
0.154509265083476 -0.0512344210314209 -0.34998050337588 -0.0943994297383468
0.105658530336122 -0.127649567568751 -0.319455862658701 0.0535258644270906
0.0456862103312855 -0.159184314503812 -0.214713252227559 0.132861393697155
0.014967441754117 -0.192900092942383 -0.0709506514741093 0.165254429691822
0.0188470779745541 -0.202429288656329 0.0465892855207012 0.127321820441969
0.0487874398116933 -0.232745122279756 0.163021552293478 0.131984024033381
0.152930626894246 -0.242753162243735 0.20701452814393 0.188385869728137
0.247743353234099 -0.138284616396822 0.166094533085419 0.277279225703786
0.296013368566943 -0.0100091970260945 0.0637120427578389 0.347104166947418
0.294553898439671 0.118544498928003 0.0016045134156942 0.305321945577501
0.250903867090811 0.235787090121061 0.0792965262555941 0.20629184223409
0.110740255876297 0.339926095889115 -0.0299808524976032 0.0636967757902395
0.165924761837992 0.242788759078664 0.0774160743043333 -0.183213167640197
0.205341793516599 0.165692282113252 -0.0466331646459344 -0.334766375428845
0.234870827787513 0.0455116557865591 -0.233948074803602 -0.285977088472765
0.225601674827738 -0.0878245248378079 -0.300457947394619 -0.133525918524662
0.151746844250762 -0.176562110651867 -0.281641802053306 -0.00885378047663907
0.0756228188951462 -0.207509029916249 -0.191564896045827 0.0620657556315969
0.0417229796517185 -0.235131417204766 -0.0600712148677207 0.0852864208760968
0.0459973195404051 -0.241384628181902 0.0521370603468105 0.0393801944423341
0.0744584468247549 -0.274810188480875 0.179572297610762 0.0369777455705153
0.185379567278242 -0.286578504449257 0.257670602563565 0.102443252059101
0.296902338694775 -0.174742222983192 0.234458755644345 0.238575779822126
0.374151874745984 -0.00778264174007711 0.0836792620454719 0.337998638455656
0.353704666590661 0.180873464734761 -0.0490179438907358 0.274723035518302
0.260726917039601 0.306774462994389 -0.00335703790848047 0.0985220261896041
0.0919190018086624 0.378419243733847 -0.0638913317274034 -0.0838362723445054
0.190761385611466 0.311413703354997 0.0461673884090595 -0.275977336177317
0.27601225607906 0.209665109365913 -0.045111967646786 -0.376595620460228
0.302071148611157 0.0319543495103989 -0.190187237975474 -0.298027661649449
0.261914127058362 -0.117367244767504 -0.227813143792405 -0.180198953298229
0.171155974668009 -0.204615586151062 -0.22941778480873 -0.0841973711949602
0.0892239965438108 -0.226609039022974 -0.15726087091343 -0.0237772058957105
0.0611259727887904 -0.24093808334349 -0.0393035422316161 -0.00582643567437999
0.0713418289865933 -0.242526998563315 0.0657520172782483 -0.0535434783516598
0.100228257639696 -0.268521620254019 0.196820658332187 -0.050347933392509
0.206419242443791 -0.269308662249787 0.29570075953523 0.0264614043667575
0.309348980615845 -0.156624672528637 0.278698777850396 0.201841871143713
0.387905592894027 0.0237779048368728 0.0868637236412254 0.317187716982282
0.343139915425325 0.233591091997432 -0.0984767493093419 0.231507514218444
0.219661574343458 0.341394782928036 -0.0725352520590712 -0.0224599854715801
0.0596902889182743 0.350830241681138 -0.108321015318874 -0.218928768119731
0.179133643392994 0.315426398847163 -0.00707501635000886 -0.343996924572825
0.288541305562398 0.207446058572826 -0.0487461105481898 -0.384250687242338
0.303958560735345 0.0126423628733657 -0.127895676805694 -0.291642095702946
0.245111992788702 -0.122652555904255 -0.144296067871328 -0.228784066009916
0.159091051968859 -0.19636571545634 -0.174140098002362 -0.162340867157154
0.0861983617233699 -0.210210115441331 -0.119994368464763 -0.110769714308673
0.0706090144281033 -0.211965994838247 -0.0111504093222021 -0.0954344887593508
0.0874809788246174 -0.207585930025637 0.0910674648477922 -0.134858955389843
0.118060928848088 -0.220759918646957 0.222691581125069 -0.113871735054668
0.208863459771613 -0.201240115234147 0.326434520866754 -0.0198735446167425
0.286522200581183 -0.0938496348225576 0.299836210981416 0.177987009166871
0.341073195422139 0.0780042010716992 0.0760681788040396 0.285388114456306
0.271195910660357 0.268856881386367 -0.130310646529044 0.170862591418855
0.138888304412078 0.33244493830818 -0.106676159325721 -0.141200128359459
0.0129521471649217 0.263682213523638 -0.15564601411782 -0.314169824124961
0.127045347307062 0.259709319817279 -0.0621823614980886 -0.370112243475857
0.235337890574448 0.161970672068946 -0.050668314635807 -0.363612653350176
0.233067336020964 -0.00519014098416127 -0.0668653446732728 -0.27733790910173
0.177703008415459 -0.0951582672158888 -0.0783889347910082 -0.27007654969263
0.121422700702854 -0.145475589100579 -0.128900599512174 -0.225837016369249
0.0706628015213218 -0.156975117280774 -0.0871473439208666 -0.183708296014744
0.0665207907688489 -0.149758219001145 0.0178011960693987 -0.168290259900602
0.0874840078970712 -0.145496015920132 0.124831639693059 -0.192846337673689
0.113923500501539 -0.146695415929605 0.257276489165817 -0.14461306192512
0.179859292993295 -0.113138939579284 0.351975702679215 -0.0303372730620254
0.22677423534844 -0.0255743422041643 0.301087711030593 0.173229573209956
0.252630417463025 0.121457215007233 0.067913445967484 0.245942567688351
0.161915716936241 0.266957229120158 -0.128958428011034 0.10306321400465
0.0401445389383539 0.276704628382617 -0.10078359155739 -0.240757523206076
-0.0497156530101788 0.139617061906053 -0.189369871258837 -0.350234328214573
0.0425050533429186 0.164168535305756 -0.0934155706177251 -0.354223966718991
0.129933368855421 0.0920842755945068 -0.0464107284523742 -0.337211415662644
0.111289098708737 -0.00654799664427814 -0.0294406963482016 -0.272672474812618
0.0793619607950487 -0.0334858518911833 -0.0526331311373855 -0.295354920859804
0.0707348760560556 -0.0608444615657622 -0.106765670863145 -0.258653606867123
0.0501752343237014 -0.075320700764238 -0.0659773934271897 -0.226402682099009
0.0525614435210706 -0.0666971834673902 0.0425633883306073 -0.211744491750156
0.0672287010041189 -0.0674461519498626 0.158767223792868 -0.22061999828461
0.0792863790513911 -0.0652076892608186 0.291270084960473 -0.147241243796578
0.116229264984694 -0.0370500285628057 0.365440939831985 -0.0137907575287344
0.144272708300659 0.0117048353150347 0.291735613741059 0.177733062971496
0.154909053923824 0.121231911778458 0.0723253243064532 0.210820800647759
0.0531552486695004 0.214493062535295 -0.0962448319866349 0.0497280544080934
-0.0480835495488357 0.176566883928369 -0.062264650182204 -0.30119882922936
0.0885467720889374 -0.025132687990336 0.0485707891731682 0.313356483579536
-0.00247752113876161 -0.103274111846252 0.115351726231793 0.0088354962192758
-0.0636944261299598 -0.0597014525235966 -0.0486150666536409 -0.198357094180213
-0.0436389059528491 0.0113874847425974 -0.260023270017944 -0.215258110370403
-0.0119498145109695 0.00470209970871694 -0.377463614867903 -0.0231306203420365
-0.01863044256429 -0.00903646733379637 -0.316339680497995 0.144202505993906
-0.0328580592567418 -0.0164467140548962 -0.198753714478302 0.213258166962229
-0.0399216646728296 -0.0301362909676434 -0.0536360803482642 0.244254875404364
-0.0333022691251597 -0.035902185238657 0.0486618616884931 0.228429566070665
-0.0170363600049263 -0.0449730843534387 0.114458766515124 0.249653866498835
0.0112438422519522 -0.0486706161764286 0.0870978760669198 0.28340481540644
0.0197156180730881 -0.016104501743159 0.0322385650543199 0.294101121728086
0.00775019300327556 -0.0417167005454535 0.0303535886614342 0.326607103775482
0.054444185935033 -0.0672697993447494 0.0699875883034936 0.350838603675396
0.10747431441411 0.00500890491321113 0.200343078183774 0.338269479947891
0.112924801692787 0.11028572754094 0.0204779884217815 0.275379840227667
0.0594474871089041 0.00460247796171188 0.0908520125239402 -0.0200800863506176
0.0138745696840347 0.00717650124146417 -0.0552937846949391 -0.216039964235974
0.0378636314497409 0.0275541619389186 -0.254120040365675 -0.227057586138105
0.0675270031613811 -0.0227990506382876 -0.365246940067161 -0.0531399326501389
0.0408228760760238 -0.0693037958230029 -0.321938139409399 0.105909622206275
0.00382970820433211 -0.0906280096048889 -0.210107001761377 0.184298914918585
-0.0157866229321327 -0.117644499780816 -0.0633980641627127 0.218167218283818
-0.00971850692335122 -0.12731080021908 0.0459963852841766 0.191487917920929
0.0177054000487934 -0.149034436467976 0.137604800379458 0.202842216355901
0.0909723304306203 -0.152959329371237 0.143298231406203 0.248434607027883
0.148652011034854 -0.0746403414942182 0.0895903224819354 0.290823381705053
0.160981781433094 -0.0139718410975645 0.0433030867903507 0.334312362480794
0.181662716147274 0.0346692828952415 0.0438293515211401 0.322480625333267
0.188900473110022 0.128866653336598 0.150798571231027 0.283739135411063
0.118699991265894 0.236478807013355 -0.00318286613358739 0.188881741070813
0.114673250175949 0.125627877034554 0.0821330480336524 -0.085735487536603
0.105209850900442 0.0849797688643111 -0.0547138321355668 -0.265763883927119
0.132625864755858 0.0395217154667136 -0.248849088406998 -0.250051170233157
0.147744943883436 -0.0540841127742751 -0.338975630083647 -0.0848830807441681
0.0983244459676572 -0.12644908134539 -0.308181122481105 0.0584379906593997
0.0394134353213154 -0.156227390867175 -0.20492949271542 0.133786677895451
0.00971229496064049 -0.188109814558648 -0.0645966729103158 0.162577803316628
0.0132297979091297 -0.198717526374109 0.045893067567723 0.123711933268079
0.042497844425635 -0.228578055112784 0.158570936739674 0.123185639568209
0.140491065401194 -0.240180428358365 0.203939728823602 0.177441506589031
0.23675442149187 -0.141069951164712 0.164849729701142 0.265772126136603
0.286521169941291 -0.0161463175967325 0.068967099250884 0.33598618194283
0.28812016264087 0.110171070159279 0.00562477999227855 0.297016035482038
0.24618804064549 0.227194535728948 0.077939915924823 0.200306829025491
0.114042334442389 0.327873281160827 -0.0275618783331878 0.0637691393405018
0.163741941236664 0.232294751024831 0.0717131633014267 -0.175289772803979
0.202457269551537 0.155397763382037 -0.0486838860568074 -0.324594544670278
0.229359515288583 0.0373598272156129 -0.228741305108735 -0.275199951565415
0.21566789939906 -0.0903636497258365 -0.292865963953062 -0.124449729940845
0.141063212314818 -0.175812124856036 -0.274334267756769 -0.00291345246050926
0.0667009448088278 -0.20455129951781 -0.184631202382451 0.064405515974345
0.0344913683271763 -0.229371633414195 -0.0558041935151049 0.0846076787951757
0.0379944212186464 -0.23731242759363 0.048801528547617 0.037554306454878
0.065228232031603 -0.269628045169161 0.171365682852916 0.030968014879734
0.171495814359253 -0.283451493244009 0.251474706568728 0.0923602358062084
0.283449520525297 -0.177092170876499 0.230098317904638 0.226172787131353
0.361266668393801 -0.0159673428114077 0.0865380880674847 0.327236568416752
0.34572847836185 0.167999450887392 -0.0438447888932419 0.269011460466567
0.25813649172589 0.295502589122225 -0.0028073123221004 0.0971354600465845
0.0961946509043221 0.365636472310225 -0.0626837659452178 -0.0782536345241703
0.189530845486762 0.296737426840885 0.039741426803104 -0.264370259285794
0.271141965949879 0.195536802503599 -0.0481265522445193 -0.365845661576772
0.293840157149503 0.0234926717586641 -0.185050479957169 -0.286952218838903
0.250033253410796 -0.119901363207094 -0.223457035531455 -0.172320405501514
0.159003162002941 -0.203214353659311 -0.224587261702653 -0.0766095979764297
0.0795679308731136 -0.222923588199427 -0.152548694651788 -0.0192469050368077
0.0534998966008552 -0.236005714777271 -0.0377161845080147 -0.00582688364898448
0.0630578154447633 -0.238914559545127 0.0601561830642338 -0.0528303336309195
0.091021365774314 -0.264516014466338 0.187068747454497 -0.054277745105417
0.192530062509692 -0.267635236079625 0.286009582774602 0.0172562150015048
0.29610555421516 -0.160308993374671 0.271399150853268 0.188543504597144
0.37512672448662 0.0144704866492235 0.0882412412745376 0.307897021553873
0.337560994613523 0.218850767099137 -0.0918412644744076 0.228291226599071
0.219379760309656 0.329577308703954 -0.0707927013404281 -0.0188287257448484
0.0655650538495125 0.339396440291185 -0.107571100543444 -0.209879821937092
0.179054398543028 0.300995103702726 -0.0130623897434389 -0.330427103712852
0.28275615361433 0.192778429380597 -0.0519516121328512 -0.371648750873231
0.294212835502331 0.00438183587515662 -0.125188257941946 -0.282127973373866
0.23407953268371 -0.12460542231876 -0.144812681597743 -0.22126036645107
0.148380733731733 -0.194131022565951 -0.172061435884664 -0.153204278358768
0.0771383065786073 -0.206196658793878 -0.118505775250127 -0.104993495495111
0.0627802314775146 -0.206549041507633 -0.0132404096181598 -0.0938677038599414
0.0793686600702825 -0.20440105975296 0.0834787066273988 -0.132033675665714
0.109624500967064 -0.217599243085763 0.211269891605046 -0.116141698758943
0.196129135079667 -0.201579810574785 0.314804956821669 -0.0285304199026524
0.274793202307969 -0.0983142059525575 0.291786626849989 0.166300558165398
0.329957058625837 0.0678620014474799 0.0782457898313438 0.276908034358766
0.26661409852695 0.254654682363435 -0.123455387851462 0.169659206885971
0.139402010874902 0.321400715516808 -0.106235265138239 -0.133170345342985
0.0181203581422816 0.255368549217833 -0.154240451440823 -0.302607217441541
0.127689592941336 0.247410004630375 -0.0657312151603568 -0.355146509150585
0.229636055788342 0.149684880996956 -0.0543620872748986 -0.351548265567636
0.225029398358706 -0.0103379773555131 -0.0660931838844825 -0.270072512088677
0.1692131236894 -0.0954564051910318 -0.0815443972537597 -0.2638057020525
0.113089762717252 -0.143639961701254 -0.130277151948951 -0.215902433102979
0.0633527841187566 -0.153922391787654 -0.08881702484448 -0.176310161827656
0.0623195468183177 -0.146566629993612 0.0124472258399963 -0.165132289888077
0.0815068534900192 -0.143213431292514 0.114567306338032 -0.189314443612018
0.107038498493242 -0.144672526404842 0.244048316888979 -0.147421026279618
0.170936216252229 -0.113736789602293 0.338819416432608 -0.0390519281342593
0.218135861849724 -0.0293566976141441 0.293216991025129 0.16037431084285
0.245111560845757 0.111831864457663 0.0681417437218924 0.238970328242954
0.162466953657218 0.254315483088081 -0.123113471985516 0.104697137560504
0.0443611143076297 0.268075711109082 -0.101406944447561 -0.229553252216489
-0.0445102461814943 0.13554038006692 -0.186529796521999 -0.338369008289523
0.0438355667674572 0.157158076186685 -0.0955082663991049 -0.341070333279629
0.126303373851304 0.0854194545557464 -0.050689098180452 -0.325770120627241
0.106128624398617 -0.00821491723266448 -0.0298661685655553 -0.266466397075493
0.0761070715468386 -0.0329859843509431 -0.0574323875005391 -0.286718302148895
0.0666026264508716 -0.0603459288748777 -0.108067278912759 -0.248011603679927
0.0460628772701554 -0.0739140188416991 -0.0687899749009373 -0.218759589840036
0.050266705937229 -0.0653567552005106 0.0357177064754734 -0.208583322370156
0.0637401639531323 -0.0674458764025156 0.146276725918553 -0.217387159714806
0.0750056285863158 -0.0639959109423843 0.277221887558206 -0.150026089430118
0.112160608640648 -0.0389380836559042 0.352351850092929 -0.0227791579714356
0.138166806842637 0.00879008809783135 0.285032958375387 0.165839340301027
0.149535399204804 0.113198205377249 0.0720028299431773 0.204271839200935
0.0558708888423119 0.205190292408898 -0.0921880492785938 0.0519434472085435
-0.0423847436836029 0.171576813962664 -0.0652117133221242 -0.288480202650858
0.0883687679994608 -0.023311995581458 0.0472565705211349 0.311841054686733
-0.00273835019455777 -0.100289646993997 0.115752915490445 0.00963820966871495
-0.0627365039513778 -0.0590891792426463 -0.0458965555532554 -0.197903174851647
-0.0419143972907583 0.0108722404320903 -0.256645393550835 -0.217373727462988
-0.0114758898435169 0.00426104348937942 -0.372812399567821 -0.0235253074856864
-0.0185355571145107 -0.00947794312732957 -0.313850594594493 0.143364176551024
-0.0327559385070531 -0.0159236262758249 -0.197935658354998 0.213291738118607
-0.0400302520775813 -0.0297901206215744 -0.0531421254974866 0.244301101216484
-0.0336970945164287 -0.0363988845601474 0.0465019918573813 0.228548689917273
-0.0162667958545654 -0.0459261263882865 0.112139485777466 0.248242253454625
0.0112714708000917 -0.0488239723929321 0.0857214498689822 0.282889838152948
0.0207278834175774 -0.0170210117318201 0.0292096732573447 0.294766302619164
0.00827008650750111 -0.0409583286644948 0.02878169963787 0.325306344732095
0.0548230341720911 -0.0651953048476862 0.0655120733509423 0.350134096093262
0.108031961081004 0.0068323514228129 0.19290887147709 0.33862022571169
0.112303668203 0.111334099226944 0.0197546559914335 0.274435728733733
0.0582326294616428 0.00639468852628548 0.091103092116253 -0.0180311292567082
0.0139311622366361 0.00613294506137291 -0.05132370314866 -0.216456175647006
0.0386445665943607 0.0270795073350212 -0.250213416355777 -0.228833694398906
0.0672690926981559 -0.0231229798024785 -0.360058521743212 -0.0551017269500092
0.0400260729736177 -0.0692774407247809 -0.320035326351436 0.104919071391229
0.00325457803286686 -0.0904361495974103 -0.209679469211669 0.183755667562058
-0.016646748643431 -0.117305148902186 -0.0633056053369152 0.217814044122672
-0.0106635159848057 -0.128527599398722 0.0436923663959493 0.191840335449414
0.0177424161395933 -0.150060208019238 0.135147172637406 0.201156618477947
0.0896164846463009 -0.153005881449984 0.142277925242118 0.24698697295974
0.148404451037833 -0.0757095419937024 0.0856489820164338 0.291389007734139
0.160303385607754 -0.0135335846350392 0.0414702277157651 0.33369185490821
0.180485804162946 0.0362946000825931 0.0396774986815983 0.322576549763712
0.188310003068971 0.131629173228264 0.145088379586951 0.285164437565501
0.117274906237084 0.236050129849542 -0.00332288399252342 0.189224124375824
0.112158251555691 0.125959324536754 0.0834320740647795 -0.0824407380350034
0.103578579569887 0.0842083643277795 -0.0495351527217417 -0.265468496824426
0.132565483857902 0.0391774543923835 -0.243899118559988 -0.252578925592863
0.146870435185614 -0.0536847922983978 -0.335222556501178 -0.0861125900798747
0.0962832839526205 -0.126162765573384 -0.30665705788114 0.0586692478278675
0.0381374927909341 -0.156215892902709 -0.203933996432145 0.134423574800132
0.00868569290415742 -0.187541873066023 -0.0641330618076337 0.161715690097738
0.0123930320736275 -0.199876608431701 0.0436791815148084 0.124534869007267
0.0421300489882034 -0.230336561359664 0.155426706166677 0.122221197178126
0.138487326075621 -0.240887664568135 0.202478604076369 0.17579621745885
0.235463491813752 -0.141393455806223 0.160572190148593 0.266319619492235
0.285254166383603 -0.0161163156864415 0.066504027620384 0.336056170149213
0.286248539999237 0.111151813912083 0.00183293037666806 0.296753092138486
0.243673147170879 0.229444319801806 0.0741985243170806 0.202277684436783
0.112334460174324 0.326535152020245 -0.0269112296911697 0.0652484874440093
0.159892553324016 0.231298756098054 0.0722229903123551 -0.169902790292348
0.199596660380687 0.153332534677797 -0.044994043701712 -0.323982523224433
0.228125821076976 0.0370504651817309 -0.222240960981523 -0.276507423524702
0.214049172425028 -0.0904110666502816 -0.288821252845933 -0.126050089967229
0.13902022273773 -0.175222148118705 -0.272466302201174 -0.00172898488171907
0.064685262721387 -0.203436806831803 -0.182954377335069 0.0647611535390908
0.0337339176725582 -0.229204752544158 -0.0554856617683647 0.0835237416307898
0.0377405678693505 -0.238417001985216 0.0466960480038762 0.0387012119865296
0.0647048274668571 -0.270388659669838 0.169060934762022 0.0303905311758823
0.168648277441108 -0.283613905777814 0.249569766345075 0.0905807369072145
0.281352306989637 -0.177115648207917 0.224909739560693 0.225908311071741
0.359023385127429 -0.0159212939025044 0.084733705634927 0.328185466871289
0.343237042081297 0.168780039979715 -0.0457049454989306 0.269220585413602
0.254616108604879 0.297988625357017 -0.00475838428664288 0.0996171118460226
0.0949780259825991 0.364610621311047 -0.060305185065531 -0.0768027023845137
0.186061507469929 0.295571374914143 0.0416107530708858 -0.258764197927285
0.268029034701846 0.193926096343389 -0.0429545641307375 -0.364560468288682
0.291548764381333 0.022915451253192 -0.178708270161364 -0.288535377174554
0.248658673443702 -0.119333062874278 -0.220283308772059 -0.174257715591991
0.156488185263143 -0.202411698838918 -0.223801877797496 -0.0750978932373297
0.0774534203404057 -0.222698837878678 -0.151452377476737 -0.0190980802727645
0.0530276963906302 -0.235784707903562 -0.0378603629145846 -0.00682855542896325
0.0618967320620851 -0.240037651208515 0.0583190785109613 -0.0517899589093532
0.0902314706619627 -0.264069086983773 0.184177935596108 -0.0547377093009151
0.189540850170411 -0.267526245402651 0.284439041907768 0.0158954657611834
0.293667544095123 -0.16033472186112 0.26702058239978 0.18770507317302
0.371181497645323 0.0147003546271411 0.0856590087055249 0.308180172348204
0.33472980823767 0.218275419739285 -0.0932249434022331 0.229056016733089
0.216362520275413 0.33023294056238 -0.071161103125055 -0.0163182909754955
0.0652005541470851 0.338406537431596 -0.104593893108505 -0.209462448856852
0.175172315514339 0.299628745714993 -0.0107129663157503 -0.324333026882731
0.278896812879347 0.190994554425504 -0.0482295753680743 -0.370100244520017
0.291682185375958 0.00502385611789269 -0.118507154649254 -0.283462779542423
0.232049621212058 -0.124137594419241 -0.141980055982183 -0.223776530484289
0.14669842781753 -0.193336490026142 -0.171191277630825 -0.151770445954089
0.0752457190658603 -0.20617333914079 -0.117160710206554 -0.104227606833725
0.0633157674178533 -0.206235717262518 -0.0136607146711347 -0.0948210679905114
0.0789150183337994 -0.206057705110972 0.08101673356279 -0.131729429202299
0.108525427673688 -0.217157179284832 0.208160561415898 -0.116870972535659
0.194091185917894 -0.201500318309503 0.311734307915549 -0.0298045703322558
0.272460267912071 -0.0979314689774358 0.287906772882364 0.166049638200384
0.325997676086177 0.0685814613027556 0.0751633416489811 0.277009490764517
0.26495070632816 0.25389684028885 -0.123652685353275 0.170525240049973
0.139126895495739 0.322335478873524 -0.105162151448006 -0.131512874595548
0.0179332783006845 0.253897648638967 -0.150277555228277 -0.301990350267437
0.125062459798029 0.246250288181072 -0.0620312254810511 -0.350976654432608
0.226505226550769 0.14738652460923 -0.0505577702981043 -0.350131870431094
0.22184868368159 -0.00969594758038688 -0.0602535934274644 -0.271489814941352
0.167580593239459 -0.0945478409864097 -0.0799111318111066 -0.264402295933511
0.11149180558577 -0.143445830467867 -0.128596927642843 -0.214401900446319
0.0620021110709853 -0.153408135147358 -0.0880945429181276 -0.176034199560647
0.0621228165268513 -0.146056726308067 0.0123718841588114 -0.166569026009688
0.0806603486985366 -0.143614936904477 0.111599586633747 -0.188645866544524
0.105566157781131 -0.142858601753938 0.241398247737712 -0.147178768555838
0.169664768901769 -0.113596147031605 0.335398170828731 -0.0392516629387972
0.215976939231629 -0.028884882603287 0.289274111353939 0.160077621170402
0.240714379817145 0.111306589826862 0.06569749751715 0.240015113089482
0.160443501518936 0.252214846504385 -0.122359621537221 0.104894844055234
0.0432507800318033 0.267842591065843 -0.0996364619576653 -0.226857200809768
-0.0431537559181565 0.134127929311645 -0.182574948781198 -0.339753429901136
0.042730883526715 0.155652746403885 -0.0925739525977705 -0.338805281782216
0.123342568580722 0.0828083510915699 -0.0471473097377078 -0.324317847748951
0.103938782788806 -0.00730586360075588 -0.0249923384993444 -0.268944875915936
0.0752346055748412 -0.032387325972539 -0.0567350815186378 -0.287580833137135
0.0655714285947121 -0.06028043301615 -0.106873503291831 -0.245912903116715
0.0448884958665889 -0.0729634822892238 -0.0677193346039046 -0.218326602310446
0.0509311664938999 -0.0644852923260442 0.0337557951548787 -0.209529366707449
0.0625698296268744 -0.0671609703183764 0.143734744269304 -0.216109620762944
0.0744436386245416 -0.0622094277316454 0.274229828656808 -0.149751807120923
0.111809712290138 -0.0382076305299151 0.349353072238801 -0.023218086298399
0.136857267384445 0.00958661932473075 0.281394269020411 0.164866144427646
0.146043938981797 0.112844454294091 0.0685568463744948 0.204907955187467
0.0551305090651448 0.202857766833886 -0.0911515525201114 0.0530992843145363
-0.0409704173546849 0.169970654019808 -0.0630458925894017 -0.28514599570461
0.0915559644958434 -0.0227160747962043 0.0477212888770305 0.321263259804293
-0.0021106665328919 -0.101287042891389 0.121893405774499 0.010405764321226
-0.0642611614280511 -0.0614354649800611 -0.0442863256458692 -0.20522733373591
-0.041885175248751 0.00997921486032596 -0.263809377629188 -0.227243891625333
-0.0107828832685603 0.00337046211655159 -0.382062391535854 -0.024543704175917
-0.0194844679752774 -0.0106476922097485 -0.322545644761434 0.147375035719129
-0.0341685644678078 -0.0164667224811684 -0.204606891772854 0.220894351720044
-0.0421944487538074 -0.030831191130075 -0.0551176745178587 0.253388238153367
-0.0353708491240231 -0.0387861969671142 0.0457290790842675 0.237325704091567
-0.0168922165610203 -0.0490956730947462 0.113920015414977 0.255959198971314
0.0114034885811434 -0.0512239896523243 0.087467857806965 0.291280099779303
0.0224991973970523 -0.0178706968442952 0.0276644840371067 0.305875616967557
0.00887757857010463 -0.0415832272849679 0.0278350714703477 0.335483139746264
0.0568387000276232 -0.0650732919275667 0.0637973163490269 0.362165754688672
0.111926334668072 0.00861419182715487 0.193894878299623 0.352843192362222
0.115462237348788 0.116209560997871 0.0200430895234234 0.283735791658105
0.0590592748573934 0.00806233839423517 0.0968009504341417 -0.016831883370092
0.0136782720706009 0.00597583911911687 -0.0502382691244372 -0.224721441182949
0.0403393414922316 0.0269771916089628 -0.255553705835327 -0.239441449359562
0.0696949525841537 -0.0246063484550765 -0.36851030391115 -0.0574799020830181
0.0402750958610154 -0.0719400462081388 -0.329167647486331 0.108770878132613
0.00198976254623926 -0.0934058128279024 -0.216386307015749 0.190824990893121
-0.0177574555635449 -0.121120211076511 -0.065593584653167 0.224894415837462
-0.0111047359665564 -0.133895631861589 0.0436541182374 0.199387501100852
0.0183631154519452 -0.156747542939852 0.1367107917105 0.206663810359999
0.0910581013513454 -0.159413695822873 0.145526114881289 0.253718723613053
0.153957777636944 -0.0787400435712221 0.0863879568807605 0.302635030946277
0.165781169247917 -0.013560229923927 0.0409905152267039 0.345689438345766
0.18609937784164 0.0390945965343261 0.0376025263668318 0.334379380181758
0.193970003391418 0.138034362399979 0.144953710040199 0.29732040376104
0.120767842983908 0.244768225054892 -0.00293032911532633 0.196204905112373
0.114021742726462 0.130367472813739 0.0879716914779492 -0.0818105014664119
0.105312789101898 0.086055561458165 -0.0475322040710158 -0.275721212333973
0.136937148810149 0.0401479337506922 -0.248451354503308 -0.263643074327963
0.150900075201531 -0.0561497001241534 -0.342375311967281 -0.0911954223395031
0.0978872590682564 -0.130355639136773 -0.315116379034665 0.0604558874740642
0.0376021331109191 -0.161318345091061 -0.210585069073024 0.139521559887174
0.0082712505774612 -0.194001004141158 -0.0660758163832999 0.167322313478448
0.0122536981693587 -0.207806031557169 0.0440040316486959 0.129866569114522
0.0426860490557693 -0.239718028320252 0.157241582273749 0.125540962956439
0.141592170320981 -0.249113743690903 0.208139690687229 0.179675756524442
0.243284306294532 -0.147351877736227 0.16280223767106 0.275537616675211
0.294023047300745 -0.0167081224133242 0.0663646279992087 0.348359549034814
0.295552774449167 0.115820389964234 -0.00109434118152396 0.309108547747173
0.250007850246716 0.240863893993138 0.0737211401305842 0.212191461612852
0.115313844463607 0.337852304980483 -0.0262460080330831 0.0688473554586712
0.162990186286626 0.239629598578868 0.0769086987053914 -0.171556647113835
0.203861270027818 0.157634713269483 -0.0418831121002964 -0.335115254456968
0.235206261209663 0.03819233961607 -0.225262955182931 -0.288197697790642
0.220172274251042 -0.0935621453750479 -0.29538919174333 -0.132505304504468
0.141756511558116 -0.18121004058931 -0.280394655445934 -0.00109449664614932
0.0650755246434126 -0.210482131824812 -0.188548009581438 0.0679553789288825
0.0335252494520267 -0.237790385986233 -0.0580605270753178 0.0853179142331525
0.0375177773152933 -0.248958822587632 0.0472895023078432 0.0408529973877334
0.0661885129538967 -0.28065962711497 0.171805347667798 0.0306368388419551
0.171574556875502 -0.293811241721252 0.2563276926245 0.0921359479888921
0.289714932432975 -0.183792721828369 0.228877942904297 0.23410928984704
0.369619033073631 -0.0155773213812933 0.0852541067853622 0.341335278100843
0.354565954139562 0.175510284456302 -0.0494243334036934 0.280384435664637
0.262781384953813 0.311882167486037 -0.00694122649263091 0.105313082163836
0.0972969753767149 0.377305916466355 -0.0602889256335704 -0.0784561161202569
0.189400184179675 0.305617037110575 0.0447360945631096 -0.261893608648233
0.27418518913797 0.199120938822893 -0.0403810869171508 -0.376146615184457
0.300504002817627 0.0240830105573485 -0.179910925677345 -0.301426375219841
0.255257069264163 -0.12347498142854 -0.224840237470803 -0.181623131108537
0.160368023711719 -0.209363254031664 -0.229747504175906 -0.0767004697202726
0.0784117116870733 -0.229847093826654 -0.155902294517238 -0.0185480544136248
0.0537815328516571 -0.244318138879072 -0.0393468333438055 -0.00822523088137015
0.0628822397618742 -0.25009634936446 0.0583063483613926 -0.0530161586309006
0.0916124996219402 -0.274740711458207 0.186779295992982 -0.0568976787771628
0.1928803311834 -0.27672125501034 0.291354420954778 0.0132160051484601
0.302403283379329 -0.16625589037541 0.272792389836264 0.194096415911113
0.381689403969963 0.014801992289718 0.0873503702470493 0.320534838124247
0.345421308649601 0.226136829485628 -0.0976736746627104 0.237954337672788
0.222222770359578 0.345621929606239 -0.0735430991268716 -0.0144866733908233
0.0663319996533511 0.349390758531322 -0.105088907447559 -0.215875882940906
0.179217607960299 0.309238225030717 -0.00795181750775523 -0.330118697264943
0.285661960044021 0.195533558786317 -0.0455950924341068 -0.382539412224387
0.299864629732261 0.00500361782171551 -0.116988641553009 -0.296074335023437
0.239188328368365 -0.127904505059315 -0.146183597118712 -0.232702101050373
0.149918141570079 -0.200092918044485 -0.175728926473562 -0.15612817304928
0.0754563510041734 -0.212681310053976 -0.120318685909404 -0.108016460245961
0.0645396674924152 -0.21376656428708 -0.0150420023100574 -0.0998670147804439
0.0804719812246564 -0.213843636109667 0.081615096503047 -0.135934712653169
0.11102050403848 -0.22471058513014 0.212244858461439 -0.120926351680771
0.198791579610962 -0.20903738174002 0.319971593179762 -0.0329545349680585
0.280142780726506 -0.101260423344743 0.294013853602556 0.170879984639003
0.333474244877242 0.0715177302016638 0.0756647398471473 0.288693275259155
0.273450373375851 0.260947526689521 -0.128181169871877 0.177535512038362
0.142170156631451 0.33532115498139 -0.107966552701706 -0.133870980245091
0.0185872171851887 0.262866581569008 -0.151696061490034 -0.313629286271833
0.127521013584908 0.253135490143702 -0.0613308336323137 -0.35939297284741
0.23169404137772 0.150703442400463 -0.0484860867000803 -0.362813723952981
0.227155689984343 -0.00909698857506849 -0.0585140091601252 -0.284764506124529
0.172839241343435 -0.0971372041178509 -0.0827524264673196 -0.275295432346358
0.114124638303123 -0.148443302456702 -0.131270165815889 -0.220535693786858
0.0626601429845264 -0.157852536820882 -0.0909384555195965 -0.182299972356188
0.0644046616879224 -0.150971002548071 0.0107987819878523 -0.173400164145267
0.0829262374426221 -0.149190208767981 0.113370108328899 -0.194618264743678
0.10860645278129 -0.147570739879667 0.247216624062968 -0.152924833970217
0.17398850359593 -0.117617486982408 0.345034135215718 -0.042415343561301
0.221843460649899 -0.0291787049608181 0.29569258945432 0.164387379588558
0.245414803604293 0.115371925429891 0.0652996089742595 0.249749322426305
0.165000631295438 0.259925080747754 -0.126437533645093 0.109227811391157
0.044752903992804 0.276737614685652 -0.102505342743155 -0.232446879714831
-0.044308203314535 0.137849722172111 -0.184988266624555 -0.354237357475552
0.0433054844468733 0.160154422899922 -0.0916579367564726 -0.348917860454841
0.125261685805104 0.0842818848798225 -0.0460209916308587 -0.33531750288525
0.10631805126866 -0.00706058445622646 -0.0220385661173044 -0.280628143216208
0.0769014220644103 -0.0325676849899907 -0.0582789992691144 -0.298263387797858
0.0671282347826978 -0.0629085641481667 -0.109330545070779 -0.254216596310655
0.0459935732699849 -0.0743235564278167 -0.0697758682382858 -0.22625247969253
0.0536845038076497 -0.0663279521353223 0.0337316058895013 -0.217877824652464
0.0646916496470864 -0.0687958547696062 0.146767551803014 -0.223644051678563
0.077137756214715 -0.0633724142171673 0.280726742781194 -0.154497849220106
0.114716857744427 -0.0396263292296351 0.358257420316238 -0.0246460646268117
0.139833363036213 0.0106292696320711 0.287223471080446 0.170911992962546
0.14828826650782 0.116226996133155 0.0681216626381386 0.213179857992783
0.0562830339293026 0.208127880202994 -0.0943053100545837 0.0556376433402928
-0.0421036293851808 0.174523278267658 -0.0641295519465908 -0.292300264381051
0.0970875762193054 -0.0249131121152934 0.0575830160742807 0.340722756073785
-0.00452117917351123 -0.105640585883801 0.132246223487625 0.00784610558675077
-0.0692992799939705 -0.0630034684296145 -0.0501862975732468 -0.218259025649436
-0.0428739397374646 0.0107747659911508 -0.284899131777149 -0.238268247017063
-0.00997556733819247 0.00270216299509793 -0.403523075765819 -0.0178175548093671
-0.0214656563514309 -0.0114791442976998 -0.337260029122822 0.165990899051507
-0.0364841559292847 -0.0161488176734559 -0.212132000333347 0.240477229058672
-0.0458285214240749 -0.0312945735378283 -0.0515418121230263 0.271243471351428
-0.0394866606371966 -0.0410689684338471 0.0539393350656695 0.252280078428314
-0.0197916970189745 -0.0533692708820481 0.125919297153801 0.267894141964565
0.0108281730279692 -0.0552229536825561 0.098873983311165 0.307157430491769
0.0249653312372622 -0.0200074232797158 0.0351920416481969 0.326061256248601
0.00988708098394229 -0.0436778114189535 0.0364327991913832 0.355909825149414
0.0586136788514234 -0.0690655287894856 0.072939335720849 0.383968850830131
0.120104509695649 0.00784071815558505 0.210300378891378 0.372540262683295
0.12618072071449 0.121310649481305 0.0276817140219343 0.302325736730797
0.0624978730016714 0.00878418937223566 0.10455811811299 -0.0189084007007705
0.0141014280801382 0.00654311627240465 -0.0557923080137774 -0.238449173173999
0.0443668508604341 0.0268953372202671 -0.276271331351419 -0.251256704834916
0.0738602264550271 -0.0292979157523479 -0.390400142146918 -0.0516714451589508
0.0394787002997899 -0.0786239495266526 -0.344889232440904 0.124178909290196
-0.00116421637489735 -0.0994322234640226 -0.22477207130484 0.208929168174917
-0.0227207116905493 -0.128286438428432 -0.0633081318140649 0.241836935469773
-0.0167151336994731 -0.144069059189316 0.0498965765302253 0.213305077913055
0.0144427795493897 -0.168848353708995 0.148355069418873 0.216353547900816
0.0917242487459591 -0.172399968834212 0.160345574397459 0.264120834327932
0.16231341906095 -0.0885421328301249 0.0973897404461342 0.32022958107103
0.175842644996337 -0.0179297573350021 0.0511386025691953 0.366792351762901
0.198746665536505 0.038096803821983 0.0451378520738641 0.356358117543587
0.209622312651642 0.143965824779888 0.15791105283626 0.316133050250178
0.134767358336444 0.257248767166297 0.00262056673600372 0.210494800390781
0.123131160467765 0.137009102911186 0.0941843852498652 -0.0861851223153504
0.112944778180594 0.0886484905943173 -0.0541771521094069 -0.292272766296551
0.14644746355647 0.0382072230168613 -0.267516436424813 -0.275857278359477
0.158986354147338 -0.064460278381452 -0.363381506977737 -0.0892650794138848
0.0988535229958518 -0.1419953782579 -0.331977683654157 0.073544419232237
0.0347104371398155 -0.172233122025832 -0.219924822940604 0.154410984659592
0.0023114803555824 -0.206666083898033 -0.0664511855821555 0.179472794530753
0.00592023212803448 -0.223766454841028 0.0484674401823146 0.13895765153109
0.0382295473188098 -0.257928534010414 0.16719722776902 0.128896581633575
0.14057181166055 -0.270134151110286 0.223811069356077 0.18278514596254
0.253963444372865 -0.16400458819296 0.177189169509295 0.289976724875185
0.311349338111612 -0.0248047226397832 0.0787307355730314 0.370100753159017
0.317194186618225 0.116400518491648 0.00385299880085987 0.330108294448125
0.271561026945683 0.252002440685278 0.0809312231281994 0.227702617773455
0.130958550135011 0.357013362983701 -0.0245530610074224 0.0754114316646013
0.177339730313228 0.251252552939681 0.0807850818691897 -0.179685758424113
0.217893174112551 0.162057111166771 -0.0493354646823675 -0.355557574243169
0.249567193700188 0.0339594743538228 -0.242979749468169 -0.304522827246419
0.23067407456747 -0.105509368225858 -0.314914673687341 -0.135644614598
0.143166698935455 -0.197033122746434 -0.296882879089582 0.00675498995469018
0.0617356868404144 -0.225366839860453 -0.197180797857239 0.0777511207849971
0.0281309493035958 -0.253440002530703 -0.0591271575142885 0.0921833126988716
0.0317971989021656 -0.267914288117253 0.0494142451143228 0.043581930060167
0.062449278693601 -0.30341551540434 0.179721636974548 0.0279748434871144
0.171744689313983 -0.318187773932247 0.272686306288972 0.0876866174322214
0.301881904643024 -0.205057663870848 0.245522782492018 0.243661354230687
0.39123058302941 -0.0264432900172317 0.0984883717857184 0.362620294223233
0.381196946572513 0.177076589382105 -0.0475458486171165 0.301730934009084
0.28446004504588 0.328192245430542 -0.00516737710357792 0.115566969764371
0.113281013369551 0.398905782424464 -0.0634806319187637 -0.0806919497181204
0.207933977198727 0.31950847314307 0.0438924359311176 -0.274091086780959
0.293324139326916 0.204051274240406 -0.0490394900422074 -0.398954443818386
0.318880107344297 0.0174212374341478 -0.194037588700652 -0.319892180734938
0.267962407688302 -0.137616083616775 -0.242450982946755 -0.190505323130873
0.163005632199467 -0.227018875301166 -0.24455657538099 -0.0747339261990887
0.0748473312673469 -0.245910880571199 -0.164147327263484 -0.0154768209871019
0.0491163370702566 -0.262129742362503 -0.0429749222597063 -0.00839830884578981
0.058696675204038 -0.269762448458289 0.0591367983354067 -0.057107918109525
0.089056974839137 -0.296290133165151 0.193527003071124 -0.0656452709254069
0.194912480675342 -0.301195007627969 0.307661230690045 0.00473626293025731
0.315116806418877 -0.185601769168171 0.291136230225639 0.200500853886208
0.403655092080618 0.0061977612973443 0.0997915561558608 0.341110245190626
0.373014861960809 0.231512017631795 -0.0991199634359879 0.257519534345205
0.243810888346253 0.362848401716459 -0.0785181211374083 -0.0102788512879001
0.0792720713433864 0.369484428048975 -0.11422964113225 -0.227003003480028
0.196884128433736 0.323672708549807 -0.0135322051871107 -0.345642086236727
0.305332930618031 0.19994729659132 -0.0548509918284859 -0.405196818367659
0.317519261516802 -0.00225982054979528 -0.128330410798716 -0.31487243705942
0.249785372003569 -0.142098704438043 -0.160102835734408 -0.246549298667828
0.151878180169849 -0.216812539478999 -0.188591144818748 -0.160390902903982
0.0732925605077722 -0.227710882483111 -0.129604566055998 -0.111195149084334
0.0619994608158165 -0.229420132174439 -0.0211224561442169 -0.106792764487576
0.0786797996188881 -0.23077493955519 0.0806254651186977 -0.1459833318589
0.111196507024799 -0.243252314756098 0.218884056726566 -0.134560411473745
0.203345858003853 -0.22822061497142 0.33656586267545 -0.0454496269458485
0.29334009606359 -0.114405402169567 0.312812566946621 0.173903295383346
0.354161380264423 0.0673115545074556 0.0864804089702172 0.308038554673881
0.296684081611424 0.270709266912357 -0.131981471145345 0.193445071520445
0.159223961036928 0.353583450666019 -0.117965867792468 -0.136621617284442
0.0271049781279878 0.278696798707378 -0.166054126032982 -0.330602343954733
0.140944796223082 0.266142521918339 -0.0694741814284871 -0.376939066807193
0.246536249788872 0.153905057970519 -0.0593378811136971 -0.383450524721237
0.240031610539562 -0.0151651451718656 -0.0649143515475942 -0.304216215502839
0.179778439553247 -0.107294919560694 -0.0955908721893507 -0.292988059334719
0.115816151880085 -0.161271189053018 -0.143954512301947 -0.230960940402753
0.061745550536882 -0.168950078162689 -0.100104105279042 -0.192423160983859
0.0647960655979664 -0.162453554774328 0.00428519098936901 -0.186475436796212
0.0832758305037078 -0.161154779766599 0.113184160098425 -0.210718203390466
0.111300851167384 -0.15940735934089 0.255508810460918 -0.169233667605899
0.179911140149512 -0.130001571234435 0.363173115623012 -0.0557784079786537
0.234025840567273 -0.0354229791044835 0.315457243835764 0.167723520402346
0.260873109192824 0.116829391363565 0.0733337888923146 0.265808452419485
0.181072213041254 0.270764249174595 -0.131339727255407 0.121004720778272
0.0543191691433032 0.292804347774246 -0.114070946588454 -0.242368543492939
-0.0423140420508513 0.147390282555498 -0.202592778355795 -0.374896727329563
0.0496567663406564 0.168037301929119 -0.102070762458271 -0.366626354546589
0.132559152685604 0.0853117827102253 -0.0555352265030254 -0.354918208365508
0.111133116156078 -0.00905440247222453 -0.0285657845311358 -0.301807571374893
0.0809798448704113 -0.0358889499962103 -0.0703490257661713 -0.317140779298877
0.0685506826846841 -0.069206897255302 -0.120724015990811 -0.267274325448929
0.0461510592311479 -0.0797145267756188 -0.0802333079156064 -0.239746546252101
0.0559222544444626 -0.0716396446581883 0.0279164372375743 -0.233709533554053
0.0667269642862019 -0.0743860101255503 0.147401353992413 -0.242211654366852
0.0805274311386076 -0.067875842466212 0.2918968191283 -0.17246025752777
0.12013960578296 -0.044743417331188 0.378081150903097 -0.0365989660492981
0.148100593133104 0.00873864089921576 0.307531550303491 0.173701722350229
0.157675510551854 0.119802726656164 0.0755445162417828 0.226605998349623
0.0648614745530999 0.218019900906419 -0.0983071650780231 0.0624667004664949
-0.0397983600167263 0.18498261109195 -0.0746905295083753 -0.307109650399676
0.0964791081649215 -0.0473684515766122 0.126123170387008 0.358447544057879
-0.0230886456227178 -0.108260643376293 0.146741710584883 -0.0151567297044776
-0.0821013475098004 -0.0511220635725459 -0.0878159324185259 -0.222500181873891
-0.0382384663696051 0.015695006488953 -0.347827458457942 -0.191842893151076
-0.00852293737701057 -0.00289983445595586 -0.426418183141005 0.0618102989399147
-0.0238801426104393 -0.0114247398395963 -0.320433396122817 0.240614152607824
-0.0412707581433248 -0.0113381209831573 -0.174819060913041 0.301958081411768
-0.0559868942337245 -0.0251010610659431 -0.00217357810670279 0.295536150730927
-0.0518532591941337 -0.035196005676342 0.10375320111199 0.25912827937888
-0.0339554698897475 -0.0533500042347896 0.181107676882151 0.259090053758722
-0.0028673159242375 -0.0608545931902825 0.159770350822777 0.306903985320896
0.0234339000895493 -0.0287125867769975 0.0954054850703967 0.341472010357532
0.00242476624969881 -0.0472789761214614 0.103390738980401 0.369751233903683
0.0482152552743531 -0.084039496430633 0.143257338635476 0.390105828312618
0.12729207697361 -0.0158107133300753 0.285663868733509 0.359578516931962
0.157798095970466 0.103494595153679 0.0752818338343915 0.316317956938918
0.0674566607965392 0.00118978716505393 0.106973503993322 -0.0391243595678745
0.0174287918085938 0.00662193929560949 -0.104376907423187 -0.243861971978249
0.0559297206599449 0.0184345884502583 -0.345308646066288 -0.20838378217341
0.0734089803073719 -0.0510078497680512 -0.422545022919613 0.0240134970048885
0.0276069859948405 -0.0922349897248077 -0.339828730918611 0.202304377761977
-0.0185104008655335 -0.105197024073059 -0.196405774086086 0.273477445163969
-0.0497380574504375 -0.131278922101662 -0.0201038413570832 0.267573821434396
-0.0474264742443483 -0.147700196021401 0.0915103679666168 0.218479409555129
-0.019220383230071 -0.179694388574576 0.192303907552306 0.200137769610381
0.0595068089177861 -0.19633991061166 0.213718648288316 0.250859446410553
0.152600500549375 -0.124367870054188 0.156539822013334 0.323412665780672
0.17932421522611 -0.0532277998207873 0.119342094466312 0.375891931016483
0.213036051927005 0.00214205181157816 0.110848940149791 0.362712513185484
0.243796014575665 0.109949142419942 0.223319929472076 0.309986235415585
0.196042324310846 0.247971325886853 0.021316966842969 0.215808921485749
0.154614388332965 0.126240374902059 0.0779539338965644 -0.110359294959541
0.136166885883815 0.0762391268649205 -0.121142372280001 -0.302482958424524
0.165024052716733 0.0129254688548153 -0.345301113570933 -0.237431616399106
0.15584312291509 -0.101517953346014 -0.405541228485485 -0.0172691550676555
0.0782452234205262 -0.169080305041546 -0.337398726788402 0.149604582516278
0.00605841549759792 -0.188010890684098 -0.20386861473092 0.215684366511212
-0.0377347752570299 -0.219047911986477 -0.0351196163900238 0.202494613004119
-0.0392977702056064 -0.235815984740664 0.0753856272127932 0.140318846010826
-0.0107218999815388 -0.275652825887394 0.19542881717871 0.104879372710679
0.0913589765103942 -0.305468585222968 0.264189342991139 0.154161689381791
0.233665553940078 -0.219143891872998 0.233408990239021 0.275524767832679
0.317403768277526 -0.0860022866376541 0.148920987324397 0.372875750347188
0.350214511865735 0.0611493899252301 0.0667056407447144 0.341051679991564
0.327887995154034 0.211948891315078 0.127251661564616 0.230572526571344
0.214006405217759 0.354731127732434 -0.0400480371712028 0.0722547154435843
0.233362335729033 0.237415989525906 0.0407434502493677 -0.208199621340379
0.261562784405361 0.134040554068438 -0.136457474984346 -0.370645262420963
0.273305714960841 -0.0085444918339117 -0.329131717748406 -0.27157910547969
0.223546814167695 -0.156309016244986 -0.367612898704818 -0.0732619216145415
0.114520308386881 -0.234514166071794 -0.315336874643509 0.0761491895076019
0.0249187844248907 -0.248478117691591 -0.197426615110201 0.129228858504209
-0.0186437957052639 -0.272530839703288 -0.0450702116608496 0.109376252457711
-0.0208935078136305 -0.286538901137199 0.0580608430476101 0.0391369326318533
0.00581274239162 -0.327046340009642 0.188598621842184 -0.00373627208624198
0.114502084439482 -0.360352281453643 0.297507913392538 0.0442578061699978
0.276080183955955 -0.269451256256595 0.296919301102694 0.214115589865533
0.399140211890018 -0.102929206856683 0.167564660867161 0.360136724264171
0.427601852812344 0.112939075994473 0.00938344720160533 0.319214505173411
0.355598828804554 0.288187023106567 0.0167468399740976 0.128331475692419
0.20508148977885 0.403269979552193 -0.114647287754956 -0.090393226382425
0.278935202413659 0.305382150980126 -0.0182233978474962 -0.302280029445899
0.349490673726021 0.165195983322091 -0.150013620972244 -0.416784067553354
0.341774316542846 -0.0369638311817675 -0.28472421767864 -0.29702228535204
0.257662370737486 -0.194401266878191 -0.305325149420996 -0.144951401550249
0.128771395748681 -0.26934202853326 -0.277563515619385 -0.0186661297870449
0.0349690585913444 -0.27284004593953 -0.183222642054364 0.0228409546546671
0.00285900989546584 -0.284769086293628 -0.0481005296658578 4.71089790145331E-05
0.00732941860744988 -0.293497251487946 0.0482628551598578 -0.0693365713001159
0.0359380647225696 -0.323971161945118 0.185573070130494 -0.105806026430617
0.142332720222307 -0.345812047359187 0.319113889083205 -0.0513497487673777
0.292486676044322 -0.250002056259934 0.336564434323262 0.159213194318609
0.418631130130758 -0.0713496804952958 0.16520432467268 0.336976135545452
0.428680537874496 0.169916335624903 -0.0507231742676326 0.281484907226642
0.319191374242949 0.332136368278101 -0.082376253038668 0.00691118380360519
0.16433963268841 0.379586972034591 -0.193840223244269 -0.236467046293664
0.269014962748566 0.311282054845093 -0.0932366453101322 -0.367372654101085
0.360187875546663 0.158033858625239 -0.158854898810769 -0.420649063974857
0.33667509637777 -0.0561844872645379 -0.214687933463639 -0.305831348281368
0.238349320520174 -0.193925038672723 -0.229930891443494 -0.219359848331385
0.12025382886679 -0.256512108662348 -0.234981584700527 -0.120868943909006
0.0369009630560157 -0.25255134534567 -0.165118037249705 -0.087303392097272
0.0237444938441759 -0.252911806840364 -0.0423105746504664 -0.107175822152729
0.036975038502418 -0.257416178590602 0.053436382863117 -0.168349189238254
0.0702149831849623 -0.271622615646315 0.199282113334495 -0.183547017170161
0.164625208672433 -0.271058558010702 0.340822756075557 -0.110559650671051
0.282261652588672 -0.171517562672966 0.354566151643943 0.125597863011188
0.377955710777487 0.00132158439811871 0.14608978516786 0.304514295672532
0.357461552286794 0.224061959058355 -0.0949484661897808 0.222094887659602
0.230415343966255 0.338254295890609 -0.147917614507048 -0.120088172397047
0.0911077951420459 0.292795041287858 -0.260716944545673 -0.335700272746822
0.20026073781699 0.258655100010305 -0.155876023936336 -0.390384327521457
0.28999250926151 0.119048673083736 -0.154038501354111 -0.395454376749778
0.252817775638203 -0.055010459994657 -0.143064336331423 -0.307751105399851
0.173076728135923 -0.14354066626249 -0.168606032125698 -0.283151839516597
0.0928602331249091 -0.190331504141059 -0.200257491070238 -0.206952799510668
0.0350550890725919 -0.187042541048563 -0.150800731627591 -0.181170772843554
0.0396473456712361 -0.182291328790992 -0.0327976850205938 -0.195335915494172
0.0565045830063919 -0.184145862435142 0.0756141684336655 -0.242604256908472
0.0874134606776797 -0.183997772223689 0.232151485742135 -0.227051091169727
0.159819226533654 -0.164872131509152 0.366748308088295 -0.126514997895912
0.23440970008218 -0.0781135941936339 0.359192061743896 0.117349609848126
0.289900005533443 0.0713229665262919 0.126315077347907 0.263931279237759
0.237098211348752 0.245384231805426 -0.10849282205244 0.147670865071324
0.110020442993462 0.293925333360627 -0.162175641457278 -0.233575736759516
-0.00947379577757766 0.166343383218669 -0.295812549090787 -0.372624969621085
0.0861910227485786 0.170564025836732 -0.182205000013132 -0.373539560530996
0.155973062061644 0.0684130767481778 -0.137076931906216 -0.365586068282636
0.117539610187619 -0.0261475061275952 -0.0976052691377295 -0.313114401111988
0.0827765697642515 -0.0514159706159338 -0.143540435097108 -0.317329886409284
0.0601227249986061 -0.0849595697376877 -0.181397931939378 -0.256100788099271
0.0360199896541427 -0.0910859421602305 -0.138080049362548 -0.237401603737274
0.0480108346325599 -0.0848426912366853 -0.0176348362830274 -0.250440889130769
0.0571384868670497 -0.089179558170247 0.10607099912682 -0.283665027876326
0.0723707687840489 -0.0818869662782527 0.27112058475708 -0.237084358663873
0.11429481652547 -0.0651677757780452 0.387886186915611 -0.108739221575498
0.153235065854486 -0.0167863982913681 0.352883340645176 0.125924101379864
0.18403827868376 0.0943543722108228 0.120857912679419 0.223045386038483
0.107223126375934 0.212547430382348 -0.0853354801485557 0.0830117062590617
-0.00673510832274535 0.198427894886871 -0.133099782473453 -0.308995789539816
0.0953558087716068 -0.0590386564598975 0.170105640476518 0.353522478677738
-0.0342970169100879 -0.106059720909035 0.149886567138255 -0.0341118422567739
-0.0886523397919933 -0.0427455795412244 -0.113742014331099 -0.219727711186865
-0.0360891279796331 0.018863367273986 -0.378030489563565 -0.159436489536087
-0.00955900257247234 -0.00409092252191322 -0.427101052342305 0.109473929263116
-0.0259230972351955 -0.00910643066377339 -0.299474189683551 0.281296311130542
-0.0433375086949843 -0.00696043069479159 -0.143982757291236 0.330764438330121
-0.0599988306423864 -0.0188922333945029 0.0323652039816893 0.304101763707491
-0.057540820231631 -0.0306421093379666 0.135379322607331 0.25556554304415
-0.0422021338861363 -0.0520214137984027 0.211951420551981 0.244960193887791
-0.00957794385179116 -0.06208095280743 0.19590813016048 0.296938515362535
0.0220428322338605 -0.033897224674702 0.134255785009361 0.340998948259671
-0.00101507900416004 -0.0486794117108936 0.14560304671976 0.36589597511899
0.0396729206525978 -0.0895278386779193 0.188438453185615 0.384643423449353
0.129329601559463 -0.0294118997394463 0.329102881002479 0.34002290493769
0.174380658821017 0.0878818900487855 0.114337775997194 0.317050371941091
0.0696174375441028 -0.00467952370639006 0.107880997536453 -0.0526010835243374
0.0184536776880268 0.0065398524280825 -0.131836518171579 -0.240656089093575
0.06002980095138 0.0117169142453947 -0.375941513810514 -0.177509097432307
0.069055807726398 -0.061500328225659 -0.428012584129315 0.069819462402177
0.0171227893706112 -0.0977340515861525 -0.322742565718272 0.245258424527297
-0.0316389012381123 -0.10547173115116 -0.169172776657592 0.303438469280217
-0.0665945687284897 -0.129088148918799 0.0105374043972932 0.277086913708253
-0.0667676844131808 -0.146653013003346 0.118579661000338 0.215362734181276
-0.0417314587361987 -0.182992116100352 0.216507383322912 0.183414277053817
0.0369189937546228 -0.207602196759127 0.244045012712607 0.233657993251577
0.142650227770329 -0.145461370133045 0.194757569843985 0.315334883392025
0.178876073309767 -0.0747200177152052 0.164487682865728 0.37181927838616
0.218528725787765 -0.0201528817100724 0.15344599274201 0.362000079800726
0.261798594996024 0.087297878189106 0.260352626895597 0.297765675487255
0.229144229103474 0.23057730074631 0.0482794466143845 0.220608335558154
0.172502622863401 0.112862418710214 0.0719256651140082 -0.120262909055969
0.146854846479159 0.0639984257537379 -0.154463082845613 -0.298062077624435
0.170616509711001 -0.0057442773987143 -0.379978600545157 -0.207273261416584
0.147158177449811 -0.122777132905393 -0.415772401142705 0.0246192051486232
0.0593511823889819 -0.181817204033884 -0.327711001044392 0.191114651475178
-0.0168999451216968 -0.193394076594239 -0.182939366268675 0.243976562654264
-0.0636205320048042 -0.219196808547014 -0.0129654049015076 0.211766623499667
-0.0695042281213605 -0.238218197516661 0.093071124723163 0.137616886331406
-0.0437584280272986 -0.282755369053008 0.208631378046955 0.0860718517891415
0.057877871370243 -0.323091594033428 0.285373245344587 0.126964935117452
0.21425860056664 -0.251925851414838 0.267532978530143 0.258571008191275
0.316156755143524 -0.12355057290088 0.193900609260121 0.365168460631784
0.365209305249475 0.0233356535696499 0.104862820839294 0.345001758623522
0.359370982448599 0.183073014217327 0.15559914868859 0.224947550578736
0.258730509232685 0.338910498027047 -0.0294508218488924 0.0796813538757263
0.264894386262653 0.21779272587697 0.0242998176205093 -0.214466962788728
0.281120858419791 0.109754794416519 -0.177404310725312 -0.367063138889661
0.27876846866727 -0.0388355852298187 -0.366537655555941 -0.245409591040186
0.211509711655523 -0.185607957090072 -0.383778560935486 -0.0362142430354569
0.0884768044531365 -0.251947552879634 -0.312700834322085 0.112699696779958
-0.00433331042617749 -0.256811661806909 -0.186104941469893 0.154916833127441
-0.051502462934284 -0.277090446377144 -0.0341840632662522 0.11746893377707
-0.0566227332381004 -0.292304030504791 0.0625059600974594 0.0355046937492913
-0.0335190048068778 -0.336493183167728 0.189258769892128 -0.024223230063157
0.0736896336752645 -0.382436843555642 0.305795777932942 0.0100693929439253
0.250440454667449 -0.306865469393389 0.324546178716323 0.187461164333179
0.395993543899841 -0.15007026179567 0.211000529003824 0.351478309427083
0.45016609109392 0.0663848552894182 0.0454970942744359 0.328460870620802
0.396570096616306 0.257728902728405 0.0322672686889903 0.132424678070475
0.256662281932139 0.38870158658557 -0.124123415845435 -0.0787770291790641
0.318760797663379 0.281430358713793 -0.0459708074131699 -0.303425326548746
0.373134907498722 0.131372767053523 -0.197279453782219 -0.41056429109266
0.345430360531417 -0.0766174779269069 -0.323437987326104 -0.275079725073155
0.240888571898597 -0.228856154696526 -0.32941036066205 -0.116073630781877
0.0992290094665991 -0.289918289976782 -0.284914381942961 0.0113102822188086
0.00329597051843787 -0.282635259668917 -0.18416959029863 0.043758243778561
-0.0301126567866934 -0.291956898434205 -0.0502986060531836 0.00673295498192113
-0.0275381453295643 -0.302738260259862 0.0393101783071007 -0.074955160966644
-0.00203256034296555 -0.336880737919789 0.174734905091488 -0.127235350168563
0.103013907301992 -0.370392193624097 0.316322013453081 -0.0906981735557776
0.270216841303406 -0.289302323754864 0.359072257054533 0.126345492490555
0.419095568858739 -0.119752200333988 0.207441663983361 0.329076164209262
0.458037027787804 0.124832191518041 -0.0193743243441694 0.297100146296914
0.365654614016402 0.307203207174564 -0.0826490397867101 0.0192074218903782
0.2121572659844 0.369160329307705 -0.221859739228333 -0.220940852494226
0.309134740077843 0.287859306885809 -0.129820222181084 -0.363701951089412
0.384245151012712 0.121858169238033 -0.205210606408422 -0.413245421028192
0.337169796083846 -0.0956794757569941 -0.252371141862021 -0.293402969187564
0.22211954089656 -0.225369093757532 -0.261217156744432 -0.200795644313819
0.090539367900309 -0.275310105980123 -0.253161501806242 -0.0985791185677243
0.00815926655308389 -0.262109287630044 -0.179699368088571 -0.0713103183486716
-0.00568852673742916 -0.262258522496118 -0.0584981320952101 -0.104832209632553
0.00668891876723648 -0.267159511082376 0.0337100112644207 -0.177026709896014
0.0387140298337578 -0.286523658964443 0.180558764341725 -0.209498613979967
0.135429216434467 -0.296264348509427 0.331484864474034 -0.152571109575687
0.268324125870276 -0.207438038771293 0.374509878894168 0.0899478458897346
0.384012804272248 -0.0392119475847569 0.183315195190786 0.298266234835627
0.390299923680368 0.187500599723446 -0.0720573635922086 0.240094073993461
0.272982246475702 0.321577997911239 -0.162991459604467 -0.104061060518937
0.127137665462243 0.288654732366559 -0.30214940601748 -0.317398948325851
0.233543095780467 0.241840623054065 -0.196128438164724 -0.380449861373946
0.307277735448967 0.0903100594290415 -0.198604285833734 -0.388747634824083
0.250529316994653 -0.0840205275984744 -0.179690621083062 -0.302793589120087
0.160892895468012 -0.165909963779451 -0.205904485104038 -0.271997453265729
0.0706874210948831 -0.205009244755896 -0.227896490178217 -0.191206591354732
0.014540510267777 -0.196150353453109 -0.174938849857771 -0.169862341281987
0.0202770099266671 -0.191741149871513 -0.0581263523919083 -0.197011504054646
0.0364192718793912 -0.194460214540874 0.0469967018490843 -0.256906098084153
0.0669242329249172 -0.197858844769983 0.208501030077434 -0.258145041518885
0.143549008030743 -0.186006708371516 0.357349895899717 -0.171646122074874
0.229992465435659 -0.10497336853249 0.377839276454369 0.0810217660852068
0.302271990096735 0.0416029095137476 0.158432926548833 0.258840204592014
0.269451350712788 0.223612898180169 -0.0928642546259845 0.164729668531412
0.145621832991944 0.288113453599339 -0.191429580141358 -0.217953083676793
0.00988873769185229 0.169727833351919 -0.343022250204801 -0.350766326155215
0.10715760296774 0.164188485057942 -0.223294034578866 -0.362944102956179
0.164486089683233 0.0528579334401585 -0.1788312238552 -0.358819155593692
0.116926699176653 -0.0385373310813737 -0.135142945684224 -0.312952981512066
0.0788438675580825 -0.060935402074717 -0.183927684300751 -0.308454354092624
0.0502397841510968 -0.0933850394506733 -0.214139381068172 -0.24346861558123
0.0261782993479964 -0.0970252632899593 -0.169019086400035 -0.229088708032941
0.0409474129269515 -0.0926601546163535 -0.0487454720952906 -0.254746920415842
0.048436190366184 -0.0965193954701179 0.0735869233702065 -0.301400779050966
0.0653157359821616 -0.0911598344167087 0.248688155017153 -0.272682217122756
0.109398580190765 -0.0788197400224049 0.381823399199606 -0.155717496967002
0.154439170054883 -0.0332344425463999 0.374032345647042 0.0909566854783623
0.196142939021182 0.0769303309831972 0.147076218234394 0.217509481407163
0.132242293954357 0.203585139175469 -0.0772331905594315 0.0950973839569611
0.0150989002351946 0.201485807655041 -0.169956817383937 -0.300380086075297
0.0874264311919657 -0.0675854138413624 0.202904098604011 0.326972024818991
-0.0418661281653402 -0.0982342934322371 0.143198120364917 -0.0501639401479229
-0.088765533052614 -0.0313018046274567 -0.131581315771806 -0.204783173231627
-0.0321537955006106 0.0212696397127439 -0.385115717744591 -0.117686093124294
-0.010067916498587 -0.00484580880837867 -0.402044468927567 0.14849931961948
-0.0263930076605929 -0.00606255909074441 -0.260145451478278 0.304194702608
-0.0427123347925827 -0.00214125659303009 -0.104912961420653 0.338133484739124
-0.0599460369853905 -0.0120130899740948 0.0636096623406743 0.29358821171056
-0.0607038608354911 -0.0239149959880433 0.158546416674338 0.236707166723811
-0.0472544789607031 -0.0468742913368707 0.229084724946198 0.218213436656818
-0.0149827815751611 -0.0595651042560529 0.218865283131615 0.270928631673469
0.0188882954298573 -0.0363599097449062 0.163313170757289 0.321186474917422
-0.00470906774888649 -0.047709509230319 0.176458015023389 0.341050753879106
0.0301173274969715 -0.0888833327689033 0.217515013710132 0.357074816120685
0.123573546091486 -0.0412533836537337 0.350537549830479 0.301745786977107
0.179011234776795 0.06761012727882 0.145761067677947 0.297215469435033
0.0682502813892939 -0.0102162781493822 0.101458768376506 -0.0627402257963514
0.0193861581185413 0.00573890372142397 -0.1505751001082 -0.222713255668938
0.060410545869682 0.00458993697770725 -0.383848017277546 -0.135753073791791
0.0601189280324332 -0.0679679205916134 -0.407263041028882 0.109474302918525
0.00595781909234477 -0.0964816467216713 -0.28723429999333 0.271255867485273
-0.0412229647631413 -0.098675107256648 -0.132458563565664 0.313115489808467
-0.0780424321972019 -0.118259713958799 0.038706087765796 0.269132324733406
-0.0826201035557137 -0.135402001748506 0.137379977010808 0.199408112696146
-0.0605743976630102 -0.174518509721349 0.226967006940037 0.157704918051874
0.0140754722395259 -0.205930608733992 0.258907126258246 0.202082158384263
0.123457071785799 -0.157763821539333 0.220175763076403 0.290016316245639
0.167331791111222 -0.0907638968715861 0.196271243259139 0.345279499007352
0.210043884805761 -0.0407541218281828 0.183339561927203 0.338101492178504
0.264262876744728 0.0602668829912882 0.281091992454469 0.26858814794197
0.246336075391357 0.200643068559975 0.0730045713210519 0.21011074932415
0.178684880250373 0.0936969418151231 0.0620625438849706 -0.123658806560704
0.149161642157664 0.0494345767213868 -0.178628457476069 -0.277354433944022
0.165747852185257 -0.0229960243300144 -0.389123330829951 -0.1657059452788
0.12971271719595 -0.135500968555242 -0.400836841049335 0.0644299456345351
0.0373697938060083 -0.182638737593508 -0.297204552966984 0.218960224380418
-0.0364371470187388 -0.185749284680131 -0.1518534469421 0.256104086531069
-0.0859333218345329 -0.206390801397777 0.00921026764451447 0.208938513578358
-0.0941642941411748 -0.224529630575436 0.104057690452799 0.12647674107188
-0.0739761898178262 -0.271097991433881 0.208695198321726 0.0649337171907373
0.0211302622417974 -0.319690745121946 0.286756262095997 0.0950537861833988
0.182018327500856 -0.266643725770397 0.284589126003348 0.226201691949418
0.294637222996616 -0.152264888708768 0.225622766889098 0.337604146476712
0.356268276121619 -0.0134306305476393 0.13738462098322 0.327387972422061
0.367721848925801 0.14454371759968 0.173213231414336 0.207976842211413
0.286641582009667 0.301937606762845 -0.0166224967732298 0.08114366820647
0.279335074832023 0.185342088877891 0.00785528813109214 -0.209080873102722
0.282503102912865 0.0805904406799352 -0.20598186327806 -0.341665830103737
0.266830837901168 -0.0665627320693641 -0.380709824303356 -0.203447859184987
0.185232527728505 -0.2027648050327 -0.376698583735835 0.00171764505036093
0.0585417343077482 -0.253658939589366 -0.291250931042036 0.141322391528825
-0.0315596550902719 -0.248619128151897 -0.164113540061626 0.16941530243697
-0.0795166904610854 -0.264641151327752 -0.0216846252047404 0.118207252200637
-0.0880775539601098 -0.279051061101037 0.0637759359019716 0.0306527827974072
-0.0690759149687492 -0.324928433197007 0.178958398805139 -0.0405574595939263
0.0302957438227101 -0.379144241145967 0.293940008294216 -0.0211726780514464
0.211436482246568 -0.324340452642566 0.331585121803385 0.152550853251243
0.36991097361231 -0.185260207400303 0.242317139270792 0.321662502287238
0.443636622031141 0.0189217742484593 0.0780413317400962 0.316493438204459
0.412647367029188 0.212888241982942 0.0463972337111997 0.129023895874988
0.288719980774054 0.350926333791199 -0.124462935399965 -0.0645239804205814
0.337955936976709 0.242032819852115 -0.0684485788702364 -0.289196953027833
0.374020126087883 0.0910190020809998 -0.228863553852731 -0.381452323062238
0.327234132573372 -0.108719720519397 -0.341045934197565 -0.238171120346756
0.209347487801949 -0.247839218702619 -0.331293961872829 -0.0808429493139682
0.0636561917722271 -0.290506564207551 -0.27409839302295 0.0394985047143679
-0.0273352282846617 -0.274622546878543 -0.173904491650854 0.0610281826811419
-0.0603153284241346 -0.281538236985786 -0.0494094997134809 0.01141930979372
-0.060784456611923 -0.291577301167619 0.029337234409263 -0.0751429222619631
-0.0386505686801118 -0.328806192771214 0.153723200036519 -0.139300673715095
0.0597274349504424 -0.370864969944572 0.293890905915954 -0.120165467520199
0.232425211041342 -0.309248342306705 0.359218937126363 0.0879509227221872
0.393236402504099 -0.157309380792579 0.235470745318282 0.300544903529748
0.457008649812049 0.0739280975272625 0.0117880890671155 0.29294879193765
0.385521247715741 0.263004285939484 -0.0763142510359784 0.0290977504313028
0.244413312402152 0.336637602242774 -0.234748192036546 -0.193378302409809
0.329416230086273 0.248407479842219 -0.155479031999626 -0.339062389198307
0.38388596677901 0.0808337903156093 -0.238655159704113 -0.382727359380134
0.317600627951302 -0.125547828122252 -0.273833655395453 -0.262317237885997
0.192594131639077 -0.242414661459557 -0.274781003654254 -0.170146308528077
0.0580271646813579 -0.276287651830521 -0.255125647934875 -0.0710199825428967
-0.0207071920973292 -0.25491516625577 -0.182355507496355 -0.0516336660938433
-0.0324996314664545 -0.255438351391856 -0.0695165305196898 -0.0958732783922969
-0.0226819515373063 -0.260242737969183 0.0113941570280918 -0.173984483314811
0.00678464548880322 -0.282509135796338 0.150345662411247 -0.220497013110821
0.0986747657081424 -0.300716846257852 0.303090178892127 -0.1825641021818
0.23835374492012 -0.228328277687331 0.370872713089477 0.0505814706678803
0.368056176443687 -0.0758172846100486 0.209238361434858 0.273493902204194
0.396787252759388 0.141163657690486 -0.044045289861113 0.242378202074642
0.298166736557713 0.285449708470706 -0.16771179219229 -0.0829825132845896
0.15338065642471 0.266307455525952 -0.322830382114845 -0.279979242259089
0.251127374973682 0.211019008004746 -0.223228504189063 -0.350996933880455
0.304838648958185 0.0581668608124983 -0.228678197172228 -0.358275895940567
0.234991185175747 -0.10578457937931 -0.204897422868577 -0.2787064730388
0.139292798299893 -0.178158453784688 -0.228602042391156 -0.244153565044283
0.0456562261540136 -0.205699429428478 -0.24023091114511 -0.16435255027128
-0.00687689761041455 -0.191348586558589 -0.189168931034859 -0.147873937266815
-0.000126654424653375 -0.189370493394862 -0.0789458999098901 -0.185206474017197
0.0142611537222456 -0.192207167447838 0.0164683096665024 -0.252485739871543
0.0447504425662668 -0.199230237892949 0.173723005662876 -0.270172422680061
0.118270597573602 -0.195071378933974 0.326396575925424 -0.203532937898352
0.212860800059267 -0.125492298644072 0.373528314791541 0.0418254000659391
0.295602177141248 0.011905097633767 0.179290796571593 0.236432680832526
0.282564513474012 0.188588014431105 -0.0721669169115154 0.170630241348667
0.170700549401478 0.264660298101564 -0.207505986913093 -0.191499773239639
0.0274698327807951 0.162539246126354 -0.367599223234438 -0.311126413243304
0.11991537556168 0.148048277880853 -0.248131560990399 -0.333022320289381
0.163022877869271 0.0362578767124002 -0.205801781278037 -0.331779643140813
0.109437653976031 -0.0477334949538536 -0.162829423642035 -0.292812070631736
0.0714783594951373 -0.0663287791352521 -0.210058230948871 -0.281928410684155
0.0374111837018208 -0.0955203489492059 -0.232233913847876 -0.216042412218927
0.0159519571370463 -0.096798204018258 -0.188467645514659 -0.206881436831827
0.0313567471075577 -0.0948476388596226 -0.0750404515320262 -0.242982585529379
0.0374610548090727 -0.0982828828094744 0.0376925395100889 -0.298707882131257
0.0547521073812329 -0.094766727437448 0.21109956879654 -0.289783722470641
0.0977311126743274 -0.0874889952575682 0.352830472321947 -0.189348536802436
0.146370997048534 -0.0466801517582758 0.36914350938378 0.0523891751317443
0.19602121811371 0.0561366734519969 0.164345402788491 0.19872800943978
0.14753978038287 0.183157201898008 -0.0642793747997335 0.101395202062667
0.0344281215894092 0.192937100889935 -0.195485009926812 -0.272979781824524
0.0799835013172015 -0.0694712446791039 0.214166874500717 0.297255236969213
-0.0437971557890081 -0.0898632456304534 0.13298903504037 -0.0578507217201
-0.0838809036339741 -0.023822897556638 -0.136940295226208 -0.188724964226197
-0.0290951893636098 0.0203961744316099 -0.372598110081385 -0.0902186284134459
-0.0107749440353874 -0.00519966189015685 -0.372192038629279 0.161992329849789
-0.0249715395116933 -0.00485634209841697 -0.226876329960832 0.304282756390584
-0.0406119158885932 0.000789101125264435 -0.0769293911694619 0.328956151104053
-0.0572188041041869 -0.00718533474596693 0.0797463166437153 0.276618315759486
-0.0599807866391162 -0.0186344887130924 0.165954561134353 0.217283407746393
-0.0494885906962144 -0.0420360498376312 0.228980077953844 0.194074250749653
-0.0174157827859749 -0.0563983125780429 0.222479619772831 0.245393525372291
0.0159090831648429 -0.0372404647431548 0.173473210634755 0.297567789140327
-0.00582043590225562 -0.0450675755985412 0.185526794570637 0.313450798813015
0.0240966393590893 -0.0841145397979897 0.226131269887906 0.328284017849064
0.1156341869754 -0.0461897043786356 0.348692741245373 0.270789821701627
0.173971839167946 0.0531153779467079 0.158555199953237 0.273377040383011
0.0646581326662253 -0.0125504458483524 0.0952214594212331 -0.0666041017880196
0.0202544947993168 0.00565701935222031 -0.155433141000737 -0.204830600728186
0.0579243052812281 -0.000881755859758188 -0.372710807907553 -0.108422905218049
0.0520833379925721 -0.0694435407882437 -0.378969541190488 0.125878522469383
-0.000593338811680652 -0.0917252930096068 -0.254758088431468 0.274368543029409
-0.0455482804687078 -0.0912053188300482 -0.104463887109499 0.306521775784378
-0.0816205500062932 -0.107507712931621 0.0543809553163549 0.25482137932324
-0.0880333596512364 -0.12437713144504 0.143313098383215 0.183161288704663
-0.0705065765645631 -0.16260589291849 0.222761083871819 0.138199722058599
0.00100796687038251 -0.19669912930788 0.255654739711162 0.176961281986956
0.107777085395565 -0.158088533156619 0.224266745082598 0.264283607899127
0.154236275808302 -0.0961643579077298 0.204761115474635 0.316868561163155
0.197282514068249 -0.0497492286821179 0.192736176537931 0.313316827343961
0.254771196574178 0.0437094813285945 0.281781543024443 0.241884658151322
0.246052440795448 0.174812952825638 0.085374196193122 0.195497767159919
0.17553525099235 0.0795127808171296 0.0555025143906601 -0.120950343669434
0.144655473349317 0.0396395071669255 -0.183774934197746 -0.254711503588371
0.155985820855672 -0.0319441009335961 -0.378967259270272 -0.136987031136886
0.114080293911666 -0.137035494351433 -0.3758192806272 0.0817737606193426
0.0233668885866763 -0.174883038478837 -0.267575698264151 0.22553700611688
-0.0467463505264301 -0.172975596848276 -0.12739239187365 0.25327079024864
-0.0948626468871211 -0.191513579434289 0.0219233193499442 0.198150401390262
-0.105482654260738 -0.207534179709827 0.10682808636563 0.116203060541102
-0.0887079266328202 -0.254247283218487 0.200078010215077 0.0513409367958351
0.000199089663047353 -0.305238497813386 0.274362621437665 0.0727447853789462
0.156943623972803 -0.264683084712608 0.282224940186828 0.200787823376248
0.270846520077365 -0.16155918469743 0.233697063307716 0.307821476558752
0.337491683205448 -0.0326801343050622 0.149803459470585 0.30529087576206
0.359030125770973 0.118580963597316 0.17855932928625 0.191218466401923
0.290792454882294 0.26942199393034 -0.00682307961001679 0.077097569099741
0.275345343387369 0.160586476229489 0.00187401666011973 -0.198721219679317
0.272641192357008 0.0618773438140291 -0.212294899052427 -0.314039855402567
0.249810677762682 -0.0799653194143771 -0.372990586989642 -0.174133362108895
0.16207845064181 -0.204797591124144 -0.357024224651659 0.0213773668926953
0.038009539450022 -0.243227845279081 -0.266973582856645 0.151632882688538
-0.0463479649253237 -0.233941558968574 -0.144363274033078 0.170317501395413
-0.0923261366100921 -0.246295772453913 -0.0135724222689287 0.114439414472998
-0.10176981959926 -0.259628337506263 0.0615169003987321 0.0271491908935358
-0.0881284161377481 -0.305384879310737 0.165221070895991 -0.0458363720811751
0.00432088911299485 -0.360516321163502 0.273020050097328 -0.0376979366724707
0.180186911165391 -0.32079241029521 0.322150892528626 0.126609668425873
0.339347861167814 -0.197542882643569 0.249063985794773 0.293317048181224
0.421793778241627 -0.00873905740154227 0.0929853873544485 0.299168413059187
0.404697429770179 0.18177618926701 0.0532663790044298 0.122110347943471
0.295451275910214 0.315572223551873 -0.11812962349013 -0.0548543968715154
0.334047106545255 0.210313386056011 -0.0747304507841865 -0.26995691691167
0.359820126775556 0.0663723013398224 -0.236547450165548 -0.349712357536832
0.304590332005245 -0.122501997649235 -0.337487557478247 -0.208732285298646
0.183654548594329 -0.248971136974122 -0.320200538805273 -0.0585391842270177
0.0412996336532128 -0.278888845516748 -0.257370415214099 0.0532993896248063
-0.0438688020421329 -0.258585824513855 -0.161601528670625 0.067857393875006
-0.0757147355473724 -0.264409051013846 -0.0475625177835702 0.0138349034827039
-0.0782180395829527 -0.273297720993885 0.0220237768830851 -0.0706318934248776
-0.0590742399022469 -0.310522314221949 0.135279798740345 -0.139161583764427
0.0326127791365741 -0.354633990885303 0.266682238849163 -0.131039903282535
0.200875265510774 -0.306352128023643 0.344627097987776 0.0648390387144647
0.363738599753184 -0.171575691536067 0.241509966237861 0.273177131406322
0.436411864443232 0.0427556924334015 0.0305474894685543 0.278360725442382
0.382412506568445 0.2284684199219 -0.0689107861147347 0.0336091944237616
0.252343386169444 0.303745688560391 -0.230673177611792 -0.171914402544321
0.327252105263674 0.216574330151747 -0.160094133092737 -0.313884343754983
0.367320782837521 0.05644254600467 -0.244992062806009 -0.351091607355058
0.29394601725567 -0.137420895630597 -0.275327725880387 -0.235451836870088
0.167700306345444 -0.241791403527492 -0.270720336585063 -0.146013359313561
0.0362932290386624 -0.264075515638766 -0.246224273555938 -0.0530209427183413
-0.0360827726234307 -0.240199128878907 -0.176458401421959 -0.03874561385135
-0.0473737808002875 -0.240738009611193 -0.0733079270860377 -0.0864499856622181
-0.03847349618794 -0.246003618198287 -0.000910874905625324 -0.163477114412694
-0.0117572249536262 -0.269869827148998 0.127313043688843 -0.216054726265036
0.0728559865568695 -0.290769937260373 0.272393513754071 -0.191198819499458
0.212494823913884 -0.230354501559271 0.352739979654135 0.0280068071973659
0.343059131172404 -0.0916270851373067 0.214820460353208 0.249388612155295
0.383711998317083 0.110776512257994 -0.0259326186409164 0.234003955457077
0.298904121079771 0.254904832427588 -0.161897825607834 -0.0677360712752639
0.161827351108531 0.242670617384504 -0.321447100253027 -0.249086270697338
0.249171509316452 0.185642793960938 -0.226499397644836 -0.322432810799013
0.291033879427924 0.0382745607363282 -0.235039578457598 -0.327949686971603
0.216433717990656 -0.113146548840244 -0.210433293022737 -0.255251654862213
0.121360531534515 -0.177722128074702 -0.231824577553027 -0.217453542133893
0.0284569497065893 -0.197004193783047 -0.237848599277914 -0.14223829034826
-0.0193051581121553 -0.181545949127209 -0.189298598869229 -0.128887205595007
-0.0115735823108587 -0.180457770424947 -0.0878225005730063 -0.171865455336319
0.00187956470245324 -0.183095074649321 -0.00255997197840451 -0.238619313043706
0.0295214049545117 -0.190652223530587 0.146663294397548 -0.265557312267943
0.0989138334652909 -0.191674932119326 0.293396356101494 -0.212486014723116
0.193714879421635 -0.130430550334455 0.355125132270627 0.0193293043898815
0.279608739968315 -0.00360794284954195 0.184784736613793 0.216831057471158
0.277477099410899 0.161474331070213 -0.0566383464763139 0.166759484310768
0.176033468488234 0.241432434916558 -0.20694239480379 -0.168873821610362
0.0366388463286609 0.151305949799971 -0.365881586825854 -0.277501266804414
0.122601192182186 0.132324135207063 -0.252256624362657 -0.305232535590172
0.154811455270888 0.0253139538303284 -0.213114557358853 -0.304556357092283
0.101041334592833 -0.0511108768573873 -0.171571544586155 -0.270793485426741
0.0640686407352129 -0.0674108357878738 -0.216137725961935 -0.254251733896497
0.0277426395658079 -0.0917000310409142 -0.233835959531127 -0.192445214527128
0.00814455364288245 -0.0929611270787995 -0.193321839836152 -0.184819655353416
0.0247562756786386 -0.0931175246330189 -0.0889472843384654 -0.226969320593856
0.0305715140747811 -0.0948221945890452 0.0146681504360141 -0.284764112770417
0.0466757017000926 -0.0928979525312843 0.181139248584179 -0.285969217331693
0.0867052077527036 -0.0888839621370075 0.320564070235559 -0.200015288731949
0.136056789835315 -0.0527276822363115 0.352628968229869 0.0291435019903447
0.186955112478633 0.0433125777305935 0.166796626317954 0.181619157623746
0.14918864110756 0.163545486425145 -0.054044898150157 0.100497389138549
0.042525115987814 0.179431341565321 -0.200911338399426 -0.246677929768717
0.0766156029150344 -0.0691501577532075 0.214167846435654 0.282432169324571
-0.0416963414132273 -0.0852893945177181 0.128609238788279 -0.0598261368439005
-0.0789036281379983 -0.0219248853413724 -0.135036228468651 -0.180806112931548
-0.0270969264833439 0.0186758229499449 -0.361691582562659 -0.0805959658613302
-0.0108330974735181 -0.00609918540162447 -0.353946249452251 0.161427761587977
-0.0239871555682564 -0.00438179623453781 -0.209610102745914 0.297215105744448
-0.0383160827992523 0.000902727537983358 -0.0650824034025085 0.318859349221681
-0.0548306333036294 -0.00565481039302037 0.0837941028560675 0.266305805072232
-0.0590886577392693 -0.0160082430690768 0.165658174458734 0.208518834829308
-0.0496584811042422 -0.0395544605785711 0.223177534880487 0.184503359615649
-0.0179477404092216 -0.0550348921677958 0.218933938906924 0.233794784115365
0.0154422131333649 -0.0371860442820293 0.17241474614897 0.286454194908966
-0.00553464553255962 -0.0435505286645379 0.183042159307705 0.298729038147596
0.0227861249679665 -0.0796559609293119 0.221899906975674 0.314223393674627
0.111139153475513 -0.0456839851190552 0.339985682027558 0.259691484218051
0.169863346602439 0.0472925005232045 0.16126986645098 0.260992521159196
0.0636506357609817 -0.0125043728003814 0.0926688982087564 -0.0662279491243846
0.0210412123441153 0.00516015462725018 -0.15259417152838 -0.196547290032553
0.055932919636247 -0.00253458317341019 -0.362231380810654 -0.0986676800220622
0.0475298548829535 -0.06930298266509 -0.361886568528394 0.125261751884052
-0.00297010952722633 -0.0879246524953627 -0.2378986666744 0.269001876831373
-0.0457482203101805 -0.087046856267248 -0.0925873585558886 0.297710717821207
-0.0813691562081848 -0.10201479303712 0.058421659650653 0.246576797187449
-0.0888025032249466 -0.117403141081298 0.143101192323737 0.176578598499698
-0.0727285911200297 -0.156583408238358 0.216552764796433 0.131441487360161
-0.00366497723188663 -0.19029736296399 0.247783253004899 0.166560908040338
0.100692215515847 -0.15560807023584 0.220349322374346 0.252987345278871
0.147667935490222 -0.095666419558612 0.203171729453145 0.302536011230308
0.190128964616573 -0.0500160001080195 0.190894995183016 0.300997577122828
0.247872322122977 0.0399624789572771 0.276735063167484 0.232668849210528
0.240516855951186 0.163748013466102 0.0903976113493746 0.186903560068571
0.171284336047705 0.0740952745020401 0.0558093585377062 -0.117139429465634
0.140684626281526 0.0369266296764428 -0.179862537058193 -0.245479958777854
0.150272130390914 -0.0342206827650346 -0.369245131756978 -0.127442337070691
0.105857640009526 -0.135273333143476 -0.359972136841075 0.0835623634595522
0.0183378559416683 -0.168351087988019 -0.251519790629022 0.222290896556293
-0.0492674423700445 -0.166720508440168 -0.116026336963443 0.246854429200702
-0.0962934209705706 -0.183062399677682 0.0260176582514605 0.192717872222363
-0.107479000467855 -0.198556969771019 0.105807047634094 0.112253026252046
-0.0934540319792478 -0.243933958288575 0.19298935467758 0.0487362871848696
-0.00711188517032967 -0.294987642158384 0.262935255328736 0.0661153003544192
0.145249770884488 -0.259532618168476 0.274774550193831 0.190877364088992
0.258278955725463 -0.160524173821067 0.231607325545828 0.294519237403013
0.325818436155701 -0.0366659973885408 0.150233845852479 0.293627387001134
0.349972120035895 0.110358479572651 0.177443160883314 0.183943739808311
0.285060047727635 0.253102418710301 -0.00147989588334799 0.0742200050257453
0.268408239580971 0.150535503397309 0.0043399762709752 -0.191250514975795
0.263947146510543 0.0563442265382055 -0.208571479704168 -0.301141553476249
0.240236165927539 -0.0817927695192818 -0.362612506012265 -0.163701913782837
0.151014513476354 -0.201516266351196 -0.34385342964929 0.0257616657152534
0.0306485643689377 -0.23433849444736 -0.252523078279836 0.150615229539518
-0.050691009154625 -0.224509800601131 -0.134630602602516 0.167686757584867
-0.095809759564754 -0.236795493618575 -0.010696895626184 0.111859430777049
-0.105913371568057 -0.247720858943426 0.0604820353056285 0.0274891395563053
-0.0941964286841592 -0.293317855394301 0.156735837882173 -0.0446477033897979
-0.00516537883970345 -0.348922816465608 0.258974900007224 -0.0404969171425763
0.167346076918636 -0.313265740167808 0.311922749641111 0.118699682656197
0.323647149995174 -0.196078646212113 0.246028114301612 0.279655821396
0.40674215165691 -0.0151599152720437 0.0966863074687167 0.288007372233105
0.395406007258384 0.171017535643642 0.0559188672918185 0.118684067607251
0.290408973339484 0.297445282315872 -0.110495385534343 -0.0523762468056137
0.325586124869346 0.19647510827272 -0.0702979265315263 -0.259267259123735
0.347624732723158 0.0598626094305439 -0.23150593274763 -0.335774188811359
0.291134980973581 -0.124275236788139 -0.328313538793123 -0.197587747392464
0.171229668702083 -0.244628725619114 -0.309225950012771 -0.0522350057537603
0.0315598702425589 -0.268565676384603 -0.245978940299731 0.0565438534019421
-0.0488694171753523 -0.247785387016417 -0.153739531766152 0.0689478772993802
-0.0795153079770345 -0.254007220129677 -0.0460892925975632 0.0150635346757477
-0.0819688384163522 -0.26158387343361 0.0188663327486485 -0.0661587930849551
-0.0662521851418468 -0.298559016534214 0.126543948357937 -0.134228799986874
0.0214454865252368 -0.343088368701375 0.250260199641388 -0.131066735084965
0.187035882483822 -0.299683643405173 0.331780097258196 0.0590234880218983
0.347371988390597 -0.171026501541345 0.238854479402647 0.26184695211603
0.420590701426665 0.0332316525980199 0.0363359900125997 0.26944148842638
0.374037308337623 0.217290795015585 -0.0641290483896033 0.0347272014167571
0.24859841832775 0.287908581132209 -0.221849359804477 -0.164202220283925
0.318839365657005 0.203587672700234 -0.154631875014653 -0.300588262435715
0.354689198650201 0.0499645389017041 -0.239849755980033 -0.336475425373005
0.281257197223521 -0.137827452784695 -0.270050249569764 -0.223984545840313
0.156544898303531 -0.237459662219603 -0.264279515819403 -0.135756554576189
0.0274438212196276 -0.253667312323563 -0.238369742848416 -0.0462994037302609
-0.0412056196737352 -0.230416065008956 -0.171452170054007 -0.0338682955697689
-0.0510903216724099 -0.232626620471975 -0.0739756418780236 -0.0825017701181898
-0.0433307121939604 -0.236111744882813 -0.00629936251370662 -0.155575438190374
-0.0188595665064212 -0.259793188704366 0.11700949617684 -0.207825540175363
0.0621959161727849 -0.281103224766136 0.254144499741219 -0.189528827338478
0.200033307198667 -0.226492056293178 0.339248952233196 0.0230114437197369
0.328186747323593 -0.0931732224837338 0.212843038484779 0.238852770329697
0.370308819141771 0.0997278427698679 -0.0186446094094532 0.226577004204429
0.292915967059099 0.241905560188778 -0.156500956810477 -0.0617928001298903
0.160607860258607 0.230542254909814 -0.312845208279524 -0.238634987239428
0.243302603103809 0.174202255901531 -0.220027486370259 -0.309841866492919
0.279478862500808 0.0332246975609531 -0.230428536462316 -0.313513919359919
0.207111810239505 -0.113157141471192 -0.206363624319622 -0.243677732182773
0.113640407619907 -0.174402320014754 -0.226778674596756 -0.205405497157267
0.0221707167187849 -0.189207567884293 -0.23295714539574 -0.132279666834987
-0.0234896438183465 -0.173983479667764 -0.186383352379093 -0.121534977240786
-0.0153639414607055 -0.174720759102716 -0.0907908339783459 -0.16440062461271
-0.00188100770815383 -0.17646028339685 -0.00920888490947856 -0.229316587949469
0.0242033402195912 -0.185343061061654 0.134398718539716 -0.257253339999893
0.0904362981381241 -0.18607855530457 0.27552165294678 -0.209475239082195
0.183897729214169 -0.129446220635182 0.341269643129352 0.0146918096651632
0.268759222965974 -0.00691486114151303 0.182317311805303 0.208651657178838
0.268941253251458 0.149729398565314 -0.0499444093124212 0.162226688072569
0.174248351805854 0.229967896059165 -0.202501948126751 -0.158008908454193
0.0385633390842068 0.143819771034036 -0.357501258886906 -0.264736313550587
0.119792155433608 0.125250137386217 -0.24622208719086 -0.292591298565733
0.14796383074905 0.0228710904769162 -0.208442483092437 -0.290309214461825
0.0969192485356245 -0.0504623472601535 -0.170475027531812 -0.260048793635603
0.0611008821404394 -0.0665938639958853 -0.212460898547385 -0.241606834583105
0.0236062382106933 -0.0877208222593764 -0.22965936642159 -0.181651893022124
0.00489241707380728 -0.0894868741021083 -0.191055400014949 -0.175466192313857
0.0229004143811879 -0.0912095817612692 -0.0932374340767504 -0.217774355344225
0.0276968227620513 -0.0915960780752247 0.0058536636016396 -0.272939799217447
0.0436125955618004 -0.0902209185822442 0.167183223880773 -0.278093654869732
0.0809845633382172 -0.0863746368524719 0.30244180019489 -0.198473808937307
0.129707593465271 -0.0528590131071768 0.33949466428263 0.023002698825945
0.179770392410742 0.0401703607798729 0.163737646604674 0.174692897768977
0.144933771847992 0.154443604093789 -0.0489314352035693 0.0981279814103212
0.0425189313758968 0.17199001045122 -0.198301632527667 -0.233007645446799
0.0826179066392176 -0.0604735446176274 0.185319279014953 0.312591000202705
-0.0284514201398521 -0.0886129930942721 0.141441041651164 -0.0440802136124672
-0.0718573781022553 -0.0319859789608293 -0.107408538588371 -0.201208093065155
-0.0283669932231482 0.0117707507756129 -0.345911955355705 -0.123261288901001
-0.0115974511222059 -0.0103994688817437 -0.367877347537274 0.113927367986476
-0.020718328040765 -0.0085735997464529 -0.242521987097132 0.267528939539017
-0.0367918994273816 -0.00322443535959867 -0.0975365523995592 0.31185925437127
-0.0520778083706915 -0.0122842658509242 0.0479012207363554 0.277099404564888
-0.0532023193702795 -0.0232097537463688 0.136679286496226 0.232412231093771
-0.0413787922346172 -0.046104166542583 0.193997900698367 0.217386313102961
-0.00555814839965114 -0.0574101584081792 0.181586539467937 0.26597304242804
0.026031041091535 -0.0371707597952642 0.12947797506299 0.313047303879946
0.00938600109116171 -0.0443314696000532 0.134431874955814 0.32413363529838
0.0397744432455915 -0.0747687460264701 0.170026226399081 0.346290716096387
0.12111832483083 -0.0308818702349853 0.298441123524051 0.316379067149578
0.16085568170952 0.0648800698401345 0.124452549628183 0.286972591512362
0.065119982931866 -0.00328342479550701 0.102742323835108 -0.0521646215926327
0.0219178889471989 0.00909952088229604 -0.127969465880016 -0.21548612766308
0.0562705936007552 0.0035580939949658 -0.346009558090471 -0.139813430911391
0.0542495980620648 -0.0626925093835989 -0.373300462601975 0.0812080191714084
0.0109209065421456 -0.0877292981003387 -0.265272233886939 0.239331102535938
-0.0318855964289785 -0.0916958538219461 -0.124007692941827 0.289439256754448
-0.0655514504101472 -0.112002732946512 0.0251228888671448 0.253093855969218
-0.0686940255823019 -0.126867794516266 0.117757078054546 0.198239170192625
-0.0487737202479693 -0.163604884292714 0.192559632080883 0.164225484447724
0.0265916098331442 -0.188106467324056 0.216632246847276 0.203179807066367
0.126826334445817 -0.14125717635987 0.180796674277184 0.288203356554772
0.165795717803243 -0.0735849620290711 0.153552931189078 0.328271799935152
0.19929645126808 -0.0208076291225058 0.141551005146076 0.324401865260463
0.243367547283171 0.0752977225318704 0.240767263130219 0.276956801217701
0.217629095720674 0.188350938461182 0.0523285012947083 0.204626458220038
0.158942802541146 0.0974844202744055 0.0664289701698954 -0.105964680265601
0.13509788292067 0.0568093255073348 -0.153692295872716 -0.262552647044625
0.153348178536514 -0.0134377052824145 -0.352478924624689 -0.163839442575511
0.121100262658599 -0.118697407389982 -0.367013785283535 0.0438306722179287
0.0420579059847036 -0.162238978941264 -0.272599328288028 0.194857810614478
-0.024946019194928 -0.1713317875742 -0.142483571121031 0.237553576717493
-0.0695580567565676 -0.194390274148092 0.000625945224929742 0.194772438972196
-0.0775683884437589 -0.209213238775546 0.0887338924318986 0.129378560106145
-0.057808434596163 -0.253247113880245 0.178373317213726 0.079395797444255
0.0361071037352854 -0.291064248840657 0.243495646717611 0.106020653349167
0.18486077841176 -0.237534228782494 0.241401764528912 0.234113583022564
0.283597421066166 -0.122272767949486 0.182302080836564 0.322883497578147
0.328823524093074 0.0119090941320462 0.102859271007825 0.308310641076588
0.333105507957335 0.162571651170922 0.148185115006663 0.210476394370505
0.250986236827364 0.283211964167085 -0.0329478009905168 0.0810610031094083
0.244643629991276 0.185223458403876 0.0193125955011445 -0.184002823218497
0.254009806296054 0.0931395576662339 -0.18015940507002 -0.316210550523585
0.248154384173282 -0.0464054386816388 -0.344417084069141 -0.195828309215707
0.175482344651433 -0.176087507113071 -0.344450633983817 -0.00698585134052537
0.0625180579670563 -0.225072701692225 -0.262923381381362 0.126333792724058
-0.01900446895149 -0.228718750529601 -0.15309949815879 0.157183314302663
-0.0620819025527462 -0.247988214537676 -0.02522545196686 0.109586598345738
-0.0697208693698001 -0.25833388650384 0.0543214851901382 0.0384683044255865
-0.0534041756102502 -0.302047263072869 0.155190851979137 -0.0181900305947684
0.0445133448531568 -0.344414549934381 0.253747256039862 -0.000284649693476205
0.213112636829576 -0.287962140485344 0.288801057316192 0.168654182711598
0.35196579368081 -0.148967829389188 0.198164187024279 0.31089980252598
0.404325251660657 0.0453203525561243 0.0512970065951132 0.291621084325776
0.366684165732561 0.230225837435117 0.0378560051883253 0.124677871816733
0.252693006484588 0.327432875913256 -0.130871736635015 -0.059490411876182
0.295832199536588 0.239153979481371 -0.0500247494724842 -0.259963894266599
0.335598865363136 0.10767031579504 -0.20216706097059 -0.34897596632226
0.304942493921296 -0.0798086917654299 -0.308089325908499 -0.222292301249111
0.201815000258562 -0.2149271099727 -0.301945484494286 -0.0767866480513809
0.0678023973518793 -0.257207452849875 -0.244195439332851 0.0343677213430773
-0.0147840964820239 -0.251614917519832 -0.161187513824321 0.0571991865564004
-0.0448018127438031 -0.263888403170258 -0.048072603737625 0.00831120776491378
-0.0451897633560696 -0.268013222910063 0.025274827945599 -0.0611688121686392
-0.0265877670472802 -0.303018102438724 0.137055138842344 -0.111401349324943
0.0678861808296362 -0.334277658506765 0.257310622868698 -0.092059186862719
0.229725557830897 -0.272165953578935 0.316269146934679 0.11026916912416
0.370810533977885 -0.120178481628921 0.195200674899966 0.290940178987176
0.410571358898233 0.0953858456872381 -0.00454736570365172 0.262620584838063
0.336408724161756 0.272356560051694 -0.069513433271633 0.0217407554227715
0.212465158949382 0.313087114397205 -0.227530537639098 -0.186073565707997
0.288050507317714 0.243673787897821 -0.129558758150126 -0.313171400471769
0.343004277197157 0.0984581922782886 -0.210520575719668 -0.349454994643005
0.296873400478483 -0.0954055667571714 -0.245753046784978 -0.240755494678386
0.18688857228654 -0.210459534734261 -0.246415148267167 -0.15413883783844
0.06129694441113 -0.242931728022948 -0.224261132488088 -0.0671851469649307
-0.0102857734113706 -0.233898864002788 -0.168111435438692 -0.0487820098681601
-0.0197088113594882 -0.238601297776139 -0.0631206144070948 -0.0919081148543294
-0.0112688986884177 -0.23884765808802 0.0121384641554815 -0.154613417809509
0.0145255336974939 -0.259203765100538 0.138902481973259 -0.18794684899933
0.0984904975757457 -0.269127261958204 0.270670329095475 -0.149369225806577
0.231443011122238 -0.197905110176576 0.330178615849344 0.0740773307546191
0.340627050089701 -0.0454464537881976 0.173406384017235 0.264619551817696
0.349030535436825 0.152395631833865 -0.0508904225421458 0.213040939260976
0.251132974743939 0.284509285395217 -0.14769087795543 -0.0884504299970675
0.133075663712276 0.246156954175849 -0.301316199058486 -0.27581544408189
0.218360514656864 0.20448420882099 -0.191269173081191 -0.333339944373483
0.271203697012033 0.072440973016176 -0.200285516965263 -0.329188017780204
0.21987869047304 -0.0806936829052679 -0.179271989545549 -0.25670493090335
0.137604059451231 -0.154450912381219 -0.200598999908393 -0.221590956412354
0.0464347834605613 -0.179388064157151 -0.209502805670457 -0.155887829818494
-0.00103554241163975 -0.175587744969099 -0.173305370172066 -0.138381973775719
0.00844149534457152 -0.177463001310716 -0.0686061134384817 -0.175851363358188
0.0205185720076582 -0.175048732430077 0.0190810722659779 -0.226927871262591
0.0475485968784131 -0.180405183428241 0.164068352748639 -0.23540562252169
0.113193647131294 -0.172214793033037 0.296293744603904 -0.16922946409765
0.200760053886611 -0.104818875617836 0.333290020413752 0.0650645650745505
0.26833715033438 0.0314496755434138 0.148726876449841 0.231321439089685
0.241928445473176 0.186828795796283 -0.0707099408463616 0.145260498212659
0.13318368068943 0.254508038284662 -0.178811172804653 -0.191368764720294
0.0225647162552411 0.14637145105382 -0.335618405024507 -0.313887831005792
0.102733017523842 0.138975617647635 -0.217306751527642 -0.324557684115284
0.141817002512987 0.0438055102746155 -0.177056915732829 -0.309656968893334
0.103171144135594 -0.0347970538218669 -0.139361980974524 -0.272801319299499
0.070854738864873 -0.0572582019542018 -0.181266663403882 -0.260333374449388
0.0340028731992072 -0.0791104611279412 -0.204023585320597 -0.208283386710718
0.0155889655182795 -0.0873793621516795 -0.173057757174141 -0.195834458151828
0.034881251155423 -0.0895879958048101 -0.0642873011327522 -0.228986586142958
0.0391341620200166 -0.0871396546999137 0.0412621769397346 -0.270181804078678
0.0551998720496353 -0.0847825186747965 0.201070861003234 -0.253088476368045
0.0907513593909801 -0.0766948210492054 0.323865413099503 -0.154132368943106
0.1365814633157 -0.0378975678729521 0.332310230980398 0.0725826905459179
0.174650438747202 0.0649358736940836 0.136454930541954 0.196262836125676
0.11958765889018 0.172892964519907 -0.059408203397863 0.0846658265370705
0.0120793930774895 0.176653830681597 -0.163404092607119 -0.264405818311548
0.0837425432234668 -0.0640776743106284 0.20075378634197 0.315886666759183
-0.0288641855804423 -0.0907570229300063 0.146137530450166 -0.0495837169126136
-0.0728484367119782 -0.0324971916705069 -0.113115277876324 -0.206422906195638
-0.0294779288988106 0.011905224640851 -0.358957686874021 -0.120485494152905
-0.0132658357223714 -0.0121243093787611 -0.375505554358721 0.122660791011737
-0.0214509001241751 -0.00937417811281456 -0.240425905286915 0.276767714050677
-0.0376947404896997 -0.00265544173586422 -0.089829166179055 0.323021092682118
-0.0536610804247093 -0.012154453305201 0.0585963240558767 0.286474556559258
-0.0554868030022724 -0.0218394044010017 0.148210920107744 0.238952113626316
-0.0450866326841906 -0.0457222797700635 0.203714877196679 0.221842046676649
-0.00714095607467947 -0.0604341641826628 0.192985875777429 0.27110364824711
0.0261725750152065 -0.0402722675253138 0.13959246635268 0.322299911849361
0.00927353075968619 -0.0457794997321129 0.143457611596604 0.332129078674463
0.0404903686052475 -0.0761277075400314 0.179356632373273 0.3551801699957
0.125138206511478 -0.0336441496664493 0.31347767733543 0.324467461168977
0.166356091837917 0.0633291682190905 0.138657991010871 0.290726724344799
0.0678209026477759 -0.00390554461517057 0.107874953822192 -0.056439816540596
0.024057100814526 0.00877520412195742 -0.133381595515217 -0.221084984240684
0.0579671475669634 0.00196176816749637 -0.359029803108072 -0.137146537550003
0.0529618865006952 -0.0671440715169413 -0.381071541315 0.0893306480812134
0.00899245075602802 -0.0908121973561405 -0.264475973608348 0.249203147649701
-0.0352862918264888 -0.0941017939823278 -0.117776244632744 0.300401790339621
-0.0710114358224761 -0.114471108217078 0.03467615701483 0.26266047035895
-0.0750140646792293 -0.12927025564485 0.127279812490116 0.203818582912408
-0.0562131676342723 -0.1675625590131 0.201300023062203 0.167875806482416
0.0225057975938977 -0.195284730011336 0.22556270315279 0.206333589678187
0.126863994969903 -0.149362527420461 0.191170426454019 0.29491666536906
0.170067391961844 -0.0793053352510777 0.165113019568583 0.336027649217206
0.205045472410436 -0.0237252377782898 0.151581670237089 0.3334250861563
0.253579459299866 0.0750351029887082 0.254522164747236 0.285083749271935
0.227006248055497 0.188622707596559 0.0628311301865368 0.207520320699861
0.165795299670433 0.0974674441077886 0.0722411628373063 -0.110523886956364
0.141005394695703 0.057125067085813 -0.161443977455318 -0.269161952412465
0.157127079793451 -0.017637118279139 -0.365333545124659 -0.164440616395794
0.119762437918013 -0.125552266961485 -0.376532506803369 0.0496600973077506
0.0387214993538545 -0.167651486185518 -0.272593978608696 0.205174317323112
-0.0300393165589086 -0.175353501450386 -0.137992148986711 0.246984720095152
-0.0777654881645103 -0.199362249177386 0.00678154571104313 0.202311557154587
-0.086264949535469 -0.21428601057673 0.0956456323273842 0.13251736216374
-0.0688252025306072 -0.260364911982989 0.184932592373335 0.0811113408712454
0.0287517163715223 -0.301102084923697 0.250199290499247 0.105894907491752
0.184428632394986 -0.249369079999844 0.252515427559842 0.238860415240889
0.29003787105456 -0.131593190163598 0.19584094632496 0.330459191645671
0.339420783856395 0.00676950709564389 0.112916161197701 0.316750959362334
0.348642703269406 0.163005344975164 0.159910257027093 0.21639985083039
0.262680626254202 0.285108014300773 -0.0283245445038054 0.081855237010822
0.255624274891558 0.186657476619064 0.022835824788409 -0.189614122055295
0.264264666991017 0.0916631251548202 -0.189114645498218 -0.324444128322956
0.253516648278049 -0.0530077386625262 -0.357912959144938 -0.195332590707904
0.174796964981255 -0.186116951704096 -0.354018334680193 -0.0014820472035473
0.0576145748725155 -0.23183118075149 -0.265135468149322 0.134598831488147
-0.0256805907867538 -0.234822643880446 -0.151993886645271 0.164648213327316
-0.0715969202165655 -0.254536288868589 -0.0234442986088357 0.114652648315053
-0.0801345250606695 -0.264843935326348 0.0575901291358339 0.0401078498799065
-0.0648770695653721 -0.310225487897695 0.158673648445367 -0.0188989978416821
0.0347690472077585 -0.35566720466169 0.256698148755279 -0.00353253361580805
0.212033934122495 -0.302196452314321 0.299619367021646 0.168987048712876
0.359077080228513 -0.159324030698615 0.212903222694041 0.317600093394316
0.418078870090629 0.0390328063502005 0.0604331219520062 0.299665999788205
0.384951246243995 0.232131962356717 0.0443296751480395 0.128994612428692
0.26593485754 0.330707879687236 -0.132211978535389 -0.0612913742569131
0.309828219026719 0.239985290983946 -0.0497327327601359 -0.267340469363018
0.348081063827566 0.10559375876184 -0.212570827314159 -0.357267089446052
0.311555263801702 -0.0899487430813765 -0.319862035603911 -0.223927821375078
0.20134302648823 -0.227091836962928 -0.310623056750448 -0.0744848170901951
0.0623577754482198 -0.263814249282263 -0.24817631325058 0.0397757702913911
-0.0229746909045047 -0.258859425875798 -0.163437298176451 0.0621265281886456
-0.0537874993352948 -0.271477637297991 -0.0497795526309972 0.0102468852572119
-0.0550491021279842 -0.275600837654391 0.0239988641381864 -0.0618470108225779
-0.037408337443736 -0.311838699339048 0.137820306669049 -0.115605131628178
0.0595546797170918 -0.345645253452601 0.258754636873159 -0.0979375162452643
0.229237861740163 -0.285562069130021 0.326989575660892 0.109073828448191
0.378949111181065 -0.12986080845908 0.209224545011808 0.298338022408587
0.42474948742307 0.0898925321546471 0.00258288374071888 0.270338538574941
0.354709062657739 0.277086105400508 -0.0693813751876678 0.0246045573367837
0.22445369104833 0.316324136134854 -0.235418436691751 -0.190243358469684
0.300928888004381 0.2451587992814 -0.134215754286782 -0.321422026561215
0.354757387931979 0.0959149076039402 -0.221476703249024 -0.356859401783096
0.302606207786421 -0.105276685127639 -0.256552666253505 -0.244400151653798
0.186791295615185 -0.221813349638259 -0.254618853215117 -0.154787624934249
0.0554377232141243 -0.249630965490992 -0.230400799809508 -0.0650691081201001
-0.0178803703362412 -0.240284974348283 -0.172831722134574 -0.0456799096888051
-0.0276722086202028 -0.246324378906603 -0.069120038816007 -0.0928855604357968
-0.0185126578310671 -0.245882199667831 0.00761636197449343 -0.156905122722932
0.00625355494930933 -0.267268733570897 0.138104753371028 -0.194347083401932
0.093200759326136 -0.278892149164422 0.270949726342901 -0.158516056311645
0.232331643847902 -0.209069957057059 0.338812071491159 0.0713850412850219
0.349453502818305 -0.0519283191279993 0.18567214836401 0.271559213850146
0.36209407319518 0.149449608016201 -0.0460324896665852 0.21968848301746
0.265387076576143 0.288865969800845 -0.152530945472895 -0.0876034736043487
0.142311351853739 0.248766830560992 -0.316339693200524 -0.28139105670916
0.22837825753623 0.204947657124006 -0.200362998730905 -0.341403061967384
0.279654678329174 0.070716272046109 -0.210337910250908 -0.336959050768102
0.224084532563021 -0.0881201314011618 -0.18900483233191 -0.261596500801661
0.1371594419892 -0.163369536109253 -0.20883110175454 -0.22421407745318
0.0428112048500199 -0.183262790703251 -0.21822935065653 -0.15724719050912
-0.00624947704325656 -0.179821244398461 -0.181497947688687 -0.13893528412247
0.00426309743352724 -0.184614576351749 -0.078405953103572 -0.178990165088349
0.0168279964161156 -0.181120782700884 0.013039536711979 -0.23333513685865
0.0430634442126227 -0.187121341254497 0.161750848574458 -0.244130356824872
0.111034311093529 -0.179305370964273 0.298071127360041 -0.178575291492292
0.204051932296519 -0.112297388237524 0.344296122576325 0.0607588456712956
0.276879549201102 0.0294862835998034 0.158857480930327 0.237776635282387
0.251257715056604 0.18727787505762 -0.067855054143542 0.150941772179869
0.142661647585216 0.260408918673317 -0.187166074047452 -0.192669169959435
0.02602786618461 0.148919043177991 -0.352780781364459 -0.319201482955876
0.108697920652775 0.140610345916729 -0.228610453784466 -0.331831339345298
0.14566490031608 0.0437823068680257 -0.186223675340177 -0.315782601813354
0.104861517899618 -0.0378375983260756 -0.147446843832675 -0.279250419863695
0.0713843876482827 -0.0610278873288648 -0.190931518003031 -0.263935320638865
0.0323147570568567 -0.0803936519903416 -0.214071113837347 -0.210737039979614
0.0121784515433834 -0.0896009913894667 -0.183609044203706 -0.197609618862599
0.0335864851036842 -0.0945396545646177 -0.07451316221102 -0.234678832682203
0.0388598241398908 -0.090828010274151 0.0337789528397712 -0.277607676415869
0.0551729207015661 -0.0879654466303227 0.199715342080587 -0.263830709320873
0.0913087074648023 -0.0799658412721173 0.327800638489366 -0.165031101573
0.138872616223762 -0.0412255121323323 0.342988925547481 0.0690330473133867
0.179318398111469 0.0661168102556217 0.144001394248802 0.202458678848849
0.12444571093865 0.175231133739635 -0.058507498414901 0.0885280686337777
0.0143012960434301 0.182579956361605 -0.174171684029424 -0.267467581070965
0.0829549795151772 -0.0724123099780667 0.228602528602517 0.311743916030719
-0.034571756087532 -0.092183190672625 0.150225201222155 -0.0618198392170634
-0.0764801555552964 -0.0307343817744839 -0.126636570731267 -0.208009016249438
-0.0299205772824549 0.0132950603465185 -0.377470769233685 -0.103508126155268
-0.0163016008860875 -0.0126105748306094 -0.380467237444573 0.147683843260843
-0.0233498862909862 -0.00905547611658184 -0.22857577190117 0.297522617996031
-0.0388831381942831 -0.000677558254919823 -0.0692081837539109 0.337643441758622
-0.0561938362796349 -0.0100397805041436 0.0828024674379253 0.294009296611176
-0.0597522398155773 -0.0187292243325121 0.170711913438664 0.23965407861462
-0.0502213137453884 -0.0441567233325829 0.223955501903961 0.219957892005007
-0.0112386957993346 -0.0632548034991884 0.214354459652513 0.271018729148366
0.024710830081602 -0.0440939059674692 0.163679619257336 0.327245185359047
0.00793254803495413 -0.0487290392066079 0.166277374599011 0.334662055838211
0.0383975350550353 -0.0797113087997236 0.203998091866723 0.359391511541108
0.128753039913631 -0.0413417187591676 0.343402528876786 0.321963820690587
0.174987939132908 0.054999325962965 0.164367646941652 0.289169402487658
0.0701086748114463 -0.00781734601341963 0.112435592529685 -0.0657273953662817
0.0258787178965093 0.00718899875148128 -0.149253337556181 -0.223284630477161
0.0594847939949258 -0.00177246807102396 -0.378920708845423 -0.12268681522771
0.048691211748884 -0.0733415891118741 -0.388612427377132 0.111857365656779
0.00309836811543869 -0.0944333616642804 -0.255335935308725 0.271239398543699
-0.0426507372223695 -0.0948416222526051 -0.1000572353061 0.317152338241238
-0.0813089188298465 -0.114178214501787 0.0560093079480905 0.270380369484105
-0.0871897559249746 -0.128527142656824 0.146306380357513 0.204889677862744
-0.0701503538360977 -0.169782725703517 0.218381741434498 0.164513194527273
0.0107998619314171 -0.204331312780606 0.244172718674962 0.202291755356975
0.122239792306892 -0.162907604860499 0.214973634938285 0.295693810971704
0.172162779741354 -0.0921538585649691 0.189994237321053 0.338667731830781
0.21211685382498 -0.0346300366188926 0.175474631564144 0.337673339235166
0.268949360705856 0.063787447169674 0.280588184719571 0.282237587600278
0.244052521308892 0.181524581593678 0.0804099531857247 0.208140959545955
0.176808919763651 0.090989848675052 0.0736032731584559 -0.119473664660811
0.149740910958227 0.051609105274433 -0.180506497969745 -0.272056380002334
0.161228358003904 -0.0281240496183214 -0.386716789028185 -0.149929033874746
0.114298588823424 -0.137482489876891 -0.384880385070034 0.0723935055916983
0.0287846835584764 -0.175034932691028 -0.266502027108067 0.225281188848099
-0.042360320792044 -0.17920555772407 -0.124641790274482 0.263273739094763
-0.0941684600314567 -0.202091449145901 0.0217870761866044 0.21046115986754
-0.103733454438126 -0.215669642217392 0.109478070749735 0.133851579545653
-0.0899323979011047 -0.264438104060765 0.197241271160474 0.0763338686770834
0.009681793929702 -0.314082095297187 0.262669295892525 0.0975753679444207
0.175147556190417 -0.270492918306011 0.275803134219459 0.234487588976185
0.293450187731168 -0.153680555701936 0.223549216448838 0.330660861442969
0.352484991286084 -0.0110738665170664 0.135436839375795 0.321162391938318
0.373699536415138 0.149872617400612 0.180014675517726 0.215927060833769
0.287609920365559 0.278031288227031 -0.019873769149883 0.0840199230673866
0.274897767198974 0.177365102073224 0.0187975372287964 -0.198890223046691
0.278924739767646 0.0813672534523555 -0.21260261600943 -0.327081378156043
0.258611137390682 -0.0704324685661144 -0.380109421879469 -0.182817398760729
0.167490653780441 -0.203213632242871 -0.364640712734203 0.0161534713274867
0.0448110864307056 -0.241534269375347 -0.263686642566146 0.152793673128432
-0.0423812250029536 -0.240335352346247 -0.144767064713884 0.179826890994117
-0.0916275015036342 -0.260678491633386 -0.0153630085071712 0.121031941759275
-0.101553823640758 -0.269735753844914 0.0624625690686076 0.0401378266201919
-0.0902446317108827 -0.316962224421763 0.163927665930018 -0.026649037759377
0.011489765923926 -0.370430094743137 0.262532950017845 -0.016481966668605
0.20067218903709 -0.325862514273941 0.319317309135103 0.16008655867671
0.363105592501165 -0.185661651867008 0.241298140342379 0.316880184099314
0.435323556744448 0.015676455775594 0.0813340959979526 0.3070882927273
0.415690551177939 0.218429532761269 0.0552792297203284 0.130115341670467
0.292820147511609 0.326067232819512 -0.13661467732857 -0.0575646612807001
0.334608548751915 0.229271895982655 -0.0602335335381759 -0.27501127706267
0.366345329646526 0.0904794638408632 -0.238409328417 -0.359751034751874
0.316339280175721 -0.111536768874642 -0.342535595242737 -0.215132878098544
0.191903286236823 -0.246895409070817 -0.323446141661971 -0.0605887942698969
0.0472395211029958 -0.275255167491205 -0.252374885925075 0.054887756253756
-0.0405779913383146 -0.265527775731388 -0.163235140421027 0.0737310096992938
-0.0740769449769541 -0.278342676666094 -0.0513670864723344 0.0151819632830358
-0.0757771019130907 -0.281456888420649 0.020960284917623 -0.0639081337396148
-0.0617798823358175 -0.319406806367003 0.135619130965251 -0.124982151157188
0.0371749083091633 -0.361298926632967 0.257888482479099 -0.11411404487758
0.218728607358184 -0.310613054818762 0.34334975494733 0.0952422120219064
0.384823522490867 -0.15586883819961 0.236130933234685 0.297320038780515
0.444190908826758 0.068629501277249 0.0208621430406246 0.279309544830926
0.386183349712686 0.265082053146483 -0.0683401232852678 0.0293982694053923
0.250504819410526 0.313709653074572 -0.252096227044744 -0.185433468058856
0.326386016621421 0.234403468049858 -0.152237936440144 -0.325631931747996
0.372930891299091 0.0795502733734134 -0.247755070095309 -0.358946009927532
0.30604363695187 -0.126364827546495 -0.276644710495525 -0.239583267050181
0.178562995996403 -0.241300336548144 -0.27028537355159 -0.146052288819919
0.0420688809913936 -0.258851414105506 -0.241702080495835 -0.0546780222260286
-0.0344552221827459 -0.245587697849943 -0.181454984461776 -0.0366555891219471
-0.0450726309043068 -0.25498269668415 -0.0788245806851727 -0.090842664051661
-0.0354631574167021 -0.253793536475203 -0.00261451485690678 -0.160990781178036
-0.0130958384884203 -0.276519018983201 0.129699408270245 -0.207480763773135
0.0768264130224497 -0.29297517415081 0.267397543117262 -0.176960417111441
0.226444930479559 -0.231019826276494 0.354359797464054 0.0556457949798984
0.359166102825653 -0.0721563917349131 0.21176753318475 0.271525328330177
0.383368812922761 0.133996121992967 -0.0326262720767556 0.228385836004868
0.293177254935112 0.284351408076954 -0.161872690384624 -0.0809168254063432
0.161280557100085 0.247389436983432 -0.34235562473547 -0.274478741581712
0.2485127173642 0.197846740082105 -0.224366077354956 -0.342602886145885
0.292466637818136 0.0580232575282602 -0.236087308931958 -0.337199330531137
0.225738236055699 -0.104578096458274 -0.208395982907111 -0.261454022316532
0.13068978554589 -0.178137026272227 -0.227096969474877 -0.221156135863668
0.0321670953171676 -0.190275600518776 -0.235106551805843 -0.149863756486086
-0.0187885651203913 -0.184013779755124 -0.196752994385761 -0.131771772472105
-0.00839027415338903 -0.192858617001875 -0.0947322993703573 -0.179603696530633
0.00574744614573877 -0.188434341894216 -0.00310804132311456 -0.239952092682538
0.0313390701713551 -0.195347519125748 0.150844662675846 -0.260868121126871
0.101732338266838 -0.19142701749808 0.293902381491379 -0.200640857104701
0.202930076652078 -0.127741985521143 0.357843547868423 0.0441810663234861
0.287938214709916 0.0152776109203653 0.180957610108666 0.239185599738667
0.269929939625919 0.179158836770645 -0.0600329283071124 0.15859998314923
0.162579443640468 0.261139088501874 -0.204300310620186 -0.186308973746413
0.0358100368969129 0.150388781940673 -0.384413150269638 -0.312952795503655
0.120477370752404 0.136993497885422 -0.254859232205057 -0.331728438100628
0.152694627079103 0.0386411125218734 -0.210665532790191 -0.317152179658522
0.105535787985206 -0.0451156673299487 -0.168080058483543 -0.282316202856913
0.069933575012982 -0.0684104195807815 -0.211059685016968 -0.262643129702802
0.0275432804183491 -0.0830971701036684 -0.234382942393771 -0.206543509888353
0.0064498637080564 -0.0923920104275861 -0.203727034209243 -0.192494164784795
0.0290340346756764 -0.101274200566155 -0.0952350666269543 -0.238307431753935
0.0352087379196126 -0.0965936304497133 0.0156824638845175 -0.286813521690247
0.0511096203240609 -0.0948398681756807 0.188601420740673 -0.284416370213084
0.0886779758179146 -0.0882132926901886 0.325663779933315 -0.188656379301673
0.140140637779202 -0.050480804697176 0.357755194680681 0.0525922664490734
0.188884433295177 0.0590767169001737 0.161881987955651 0.20393985784477
0.137903850298758 0.173810010677163 -0.054122553275503 0.0944699038453281
0.026037507572404 0.187620131520871 -0.196793401544368 -0.264144306941532
0.0766988049826316 -0.0795752037238465 0.258041245562782 0.290074924291568
-0.0419742680658575 -0.0896340361835637 0.147690111494671 -0.0766845417020069
-0.0793521132871234 -0.025256878141729 -0.142452575096263 -0.201744841200243
-0.0287975471217354 0.0154634916889304 -0.387950488963809 -0.0738598129112409
-0.0193547161397142 -0.011244947041892 -0.3702791221899 0.177517929169219
-0.0252763920961147 -0.00815209459797049 -0.202255271836519 0.313873796828264
-0.0385628248405191 0.00232354814451023 -0.0382821965436532 0.343746092092136
-0.0576441530216164 -0.00562065837978548 0.112375851736859 0.2884118721067
-0.0616372054225068 -0.0125701575982356 0.194958065695272 0.226629923535297
-0.0543522345270583 -0.03898976404804 0.245467102451964 0.203012608369615
-0.0171429270746916 -0.0634412734474982 0.238508352739301 0.255674976595897
0.0206463449343372 -0.0473557996993932 0.191723628178414 0.316058267491983
0.00442178367473364 -0.0496116574366612 0.193079561920139 0.322365343376163
0.0329693630820583 -0.0816287521823702 0.232317391002509 0.346222694699108
0.127065457495779 -0.0524585841865085 0.372906963267422 0.298211525937357
0.178873246806137 0.0403907284216175 0.191791381707766 0.272329310895947
0.069567465163365 -0.0139351478468087 0.111106304846558 -0.0782315979263492
0.0271332273334159 0.00576179434020682 -0.166913906382029 -0.21425160211944
0.0596753853026954 -0.00712049647556157 -0.390628657747295 -0.092993973248674
0.0409174351269968 -0.0775542226720846 -0.380252470293898 0.14311278771092
-0.00654271631135588 -0.0950799941668569 -0.2311547192264 0.289322974743585
-0.0508040058966968 -0.0914036866563402 -0.0698965869273662 0.32463859970498
-0.0924996358829496 -0.108289808688483 0.0832060982807715 0.267364320039044
-0.0998092831490067 -0.121057153311553 0.168015491191855 0.194475987829
-0.086405410578385 -0.162992607100547 0.234909643097475 0.148553728753622
-0.00890494310295047 -0.206904162430713 0.261177059756091 0.185425098176228
0.108334698956508 -0.174584403533442 0.240809603081812 0.280558146836717
0.166688258999785 -0.107007757418366 0.219651636478483 0.32357948684658
0.211339770003913 -0.0516672219549596 0.203955561165409 0.325808552405437
0.277632045596076 0.0423333441014024 0.307990202778255 0.262807574251683
0.259232415108738 0.161888777430908 0.102037975666256 0.198822849821693
0.184998128189258 0.076773290910278 0.0701019834194905 -0.128848564700763
0.155243366922334 0.0399570712997522 -0.201996981175833 -0.260749029845247
0.159537260371515 -0.0420152983918471 -0.400635865897384 -0.120117462437584
0.100996842044505 -0.147708989444645 -0.38010849416754 0.102414203289397
0.0126200978244222 -0.178014719449738 -0.245709874247147 0.245943483849501
-0.0585960029539368 -0.175603372276136 -0.100193061172124 0.273377314254237
-0.113924588418912 -0.195288207872636 0.04342644301862 0.21035739099555
-0.125208890675082 -0.207653123268847 0.12370315976953 0.126495490575013
-0.115677080240056 -0.25666968761678 0.205935492040594 0.0616766296686093
-0.0202062811339345 -0.317661258745898 0.269588401679169 0.0781473852970312
0.151520913706113 -0.28671578742428 0.296450944986002 0.213697399137316
0.282528906288275 -0.17844972537231 0.253030387939938 0.313605830679408
0.353737740003473 -0.0402997735616684 0.163479350335016 0.312135692431512
0.390130793600883 0.118942139534367 0.201316753708815 0.201893429421726
0.310163273612818 0.255312386540024 -0.00908851316563228 0.0830394032571618
0.291136952144771 0.154262184655397 0.00973044421040417 -0.203954982341389
0.287096601903411 0.0591346412522392 -0.239200026010489 -0.313083519354937
0.253539520055922 -0.0929020121202719 -0.39587469261023 -0.15556876291167
0.148913056085024 -0.218197735651002 -0.363668598623474 0.0446290244469668
0.0230099461117248 -0.244656263437632 -0.249021395298131 0.173354071210082
-0.0639362289118859 -0.236964746500424 -0.127059648250883 0.191531453882135
-0.116057112478884 -0.25332092913756 -0.00290841636237762 0.124518255059482
-0.12730154177267 -0.261376534215431 0.0679213876894773 0.036395217040777
-0.122243205594032 -0.308682155596421 0.16355901399023 -0.0384026850568103
-0.0232476117391736 -0.373076608961601 0.259500334888798 -0.0352123555552104
0.171946585895711 -0.345958108844819 0.334271693981879 0.135835328148554
0.35011299395859 -0.216522202484689 0.270884611872682 0.297541637528241
0.439135227785916 -0.0189121006691998 0.10822306273185 0.299803017661184
0.439360923373942 0.184698043184102 0.0679812819537741 0.126933542425721
0.319726888178408 0.302452966437252 -0.1392427774219 -0.0486295822902896
0.353771504346936 0.20106687815976 -0.0772830524604137 -0.273462567341453
0.376940115378665 0.0610828876058355 -0.267709717491564 -0.343341173780301
0.307630748202267 -0.139809088343209 -0.360297339046125 -0.189930907318645
0.169672106761893 -0.264738632860079 -0.32835222566659 -0.0363404727831299
0.0237279856632479 -0.278564973473797 -0.246950423734872 0.0740117218066909
-0.0654851769691418 -0.261474966200943 -0.156119014599671 0.0871853606171834
-0.101791538700387 -0.273506239124732 -0.0500230888405422 0.0206567776759838
-0.102918889185089 -0.277100831479609 0.01558540515516 -0.0638538847118269
-0.0939574294723594 -0.314704190130705 0.126106814547557 -0.135230353949293
0.00350772977315464 -0.365092028624256 0.245768359791036 -0.132608927122104
0.1906984093216 -0.329909999821678 0.352507420178212 0.0686185042378853
0.374714643558413 -0.187769433626751 0.265830300108739 0.278071811377725
0.452557709065593 0.0319634131108107 0.0462585838374426 0.277352502167921
0.41288776068547 0.234291247414867 -0.0653996315384565 0.0350307651389361
0.27613676493332 0.292992823377046 -0.266934690009379 -0.167300311369144
0.346458552311847 0.207424181611025 -0.174934953271436 -0.317064274573502
0.381559499021232 0.0503990945258049 -0.277208650920356 -0.341398675168426
0.295264634814656 -0.153141193141127 -0.296547239366396 -0.220669139152586
0.156168455742781 -0.258379228392234 -0.282131607840579 -0.126798127399045
0.0200569272135439 -0.261402766321252 -0.245925206987595 -0.0353107163297532
-0.056496702389219 -0.242014489000543 -0.184422276876421 -0.0217089504925942
-0.0702140882183953 -0.252963685647503 -0.0887648788491111 -0.0835565945484894
-0.0591158208461601 -0.252008307305503 -0.0177001090534696 -0.159364403954505
-0.039865154748121 -0.274850031599351 0.111289963755554 -0.217240485375692
0.0495329888109005 -0.30036926342136 0.249289867661304 -0.197409493600345
0.206097496278646 -0.24948384789619 0.360398675136896 0.0271341813151224
0.354853979688471 -0.101572220422795 0.23807356088194 0.25560581297597
0.394901520136007 0.10248173303283 -0.012737676244405 0.230770809131955
0.320444599827535 0.262135351021223 -0.168408134896616 -0.0675655076434557
0.181964930268593 0.233648733085827 -0.366590453955887 -0.250335476447837
0.265519963145124 0.176022088715396 -0.249556429541227 -0.326973817162273
0.298194118592079 0.035145941633907 -0.263658445677893 -0.320274378773564
0.216514909082697 -0.123602707221808 -0.229536344541479 -0.247130532423805
0.114644922386419 -0.190300070419395 -0.244882704537869 -0.204095475560821
0.0161948539743613 -0.192060273978959 -0.248213818710652 -0.130948617541803
-0.036116901374735 -0.181729263591702 -0.209555579452424 -0.115299558895245
-0.0271522998976961 -0.193958618536523 -0.113209909442439 -0.171748123909708
-0.0109017459046517 -0.189757344940436 -0.0262773520113542 -0.237991853583308
0.013046104305146 -0.197880742752747 0.127302553731031 -0.273453774307225
0.0841242426949391 -0.199895044074242 0.274224086649502 -0.224278222985668
0.191048420554858 -0.145710052020249 0.362738972079396 0.015942473151861
0.29132767612932 -0.00708742106396526 0.203750771435541 0.226102671766584
0.285068738679003 0.158090832516758 -0.0458410881263905 0.162507141018695
0.186204569159601 0.249385777815368 -0.220802363688703 -0.168450554755912
0.0483935477920136 0.146552869380829 -0.41335675680636 -0.284666991952513
0.13122621469175 0.126215010089053 -0.281727236284272 -0.313241407398924
0.155609280487325 0.0272637315586745 -0.235429688074843 -0.30191452257261
0.101303320691089 -0.0538031068108775 -0.190264606583482 -0.271529833063614
0.0634781141811935 -0.0752592673116712 -0.232014739559241 -0.248264229961215
0.0213630246767286 -0.0831391818653741 -0.254536543090499 -0.188204196033897
-0.00159717506530634 -0.0915781897555207 -0.222543142778526 -0.175975802914545
0.0197004313254 -0.10611197727122 -0.118626307841104 -0.2305297785856
0.0279096436984497 -0.100437980476935 -0.0111315113813844 -0.287092607965367
0.0424077735528724 -0.098893439616356 0.162680010498946 -0.299017319576209
0.0803983746760681 -0.0951646340541734 0.308064829743689 -0.215051522941862
0.134804835922713 -0.0611777900092374 0.363451954572881 0.0235951284300119
0.195025657544911 0.0453392753941258 0.181655801855901 0.193307861070251
0.15174055716255 0.162407798474771 -0.0466138097538402 0.098024820528009
0.0412079464345782 0.186427000825953 -0.219693252843709 -0.245647655253533
0.0670159176806168 -0.0828125522695976 0.271881951997146 0.256634482126258
-0.0472671171407394 -0.0830804450813549 0.138588342609981 -0.0870407642724575
-0.0782206538762614 -0.0192037905229619 -0.151088701143563 -0.185664659320799
-0.0264095738368615 0.0170778332422358 -0.37989388580169 -0.0438348826269589
-0.0206484408074972 -0.00929110143200692 -0.34363995183214 0.198301719291746
-0.0265917879173175 -0.00638921450416031 -0.170366052546509 0.313980888504409
-0.0362002207879189 0.0044291594138155 -0.00804904611706357 0.332250151552073
-0.0569705441461249 -0.000952939843605123 0.135497026895703 0.269336770673904
-0.0605641885102274 -0.00696726915054278 0.207926076136735 0.205263278909952
-0.0555744896502634 -0.033001842375218 0.252990232600342 0.178739812307067
-0.0223857007624382 -0.0607977919861785 0.249194612700684 0.230889551783938
0.0160434198202985 -0.0475499212366394 0.208698612847091 0.292250037809984
0.00126748060373939 -0.0481049421713378 0.20857786141666 0.298284466919593
0.0276287306097324 -0.0797431572860804 0.24878506514288 0.319786853505062
0.119638157216285 -0.0599958247640661 0.382731461032255 0.263684596704473
0.174285261418843 0.0263629530388784 0.207240432006924 0.245155847757942
0.0658407258240825 -0.0177671645331186 0.104895792876663 -0.0866489874954367
0.0265946090650412 0.00395452973936497 -0.174950905883179 -0.19696248120057
0.0571125156702217 -0.0116362813801254 -0.38354733481111 -0.0627266151036194
0.0322001812643521 -0.0770516199529936 -0.356650598841839 0.164364072941067
-0.0144399418187776 -0.0913632156238837 -0.200063778476031 0.294124220183473
-0.055206514647994 -0.0853058680191144 -0.0401862336074794 0.317155646945095
-0.0988918288346433 -0.0974875127764677 0.105160454455918 0.252378548788675
-0.107019400113204 -0.108633944897861 0.180223793710135 0.175659841340343
-0.097468058452136 -0.149798819087796 0.239880961391311 0.127498216590561
-0.0260390229482579 -0.200002824085408 0.266482001199037 0.161905167854428
0.0904950410519113 -0.177564891505406 0.253110365583922 0.253883285665339
0.153456446937687 -0.116246476081931 0.23564439562637 0.295589604894178
0.201901630063924 -0.064124401520117 0.219948458215431 0.30116694293152
0.273464164444059 0.0199758693133002 0.318858195595997 0.232082740105006
0.261273330386107 0.136769409760907 0.116280642630561 0.180332743675438
0.183481893064007 0.0609301312185873 0.0635648245964883 -0.132671938531843
0.153299028798864 0.0280704300728702 -0.212985409887711 -0.239319218164955
0.150382509884392 -0.0519015086048059 -0.395020659030076 -0.0887366060584018
0.0853805472498628 -0.149004920319379 -0.359733820125627 0.123927273562744
-0.00252894735956001 -0.172086824181767 -0.21748565526839 0.25289685797773
-0.0696936884556683 -0.165219382064598 -0.0733815783629373 0.269058783217654
-0.12736083873202 -0.179422444694375 0.0616436297736342 0.199792111185564
-0.138372387963205 -0.190833616974371 0.131574172519762 0.113313449078436
-0.13373397393953 -0.237332616668036 0.205248008267948 0.045237292881612
-0.0460780409090038 -0.305202301877793 0.265596079901767 0.0590196110224038
0.123239073506146 -0.288867639769819 0.302048890303521 0.185688160654934
0.260657664902747 -0.193746997375984 0.268204450656154 0.282536928633409
0.34141351888353 -0.0638923966675692 0.18076526042977 0.289402778257514
0.388794584895088 0.0855402473877035 0.211225175527899 0.180200567094982
0.318629561900652 0.222806573311705 -0.00015561034083752 0.0774428258264621
0.29143302126276 0.128540099950574 7.10523034939165E-05 -0.201495713399117
0.283033062335978 0.0375792894410877 -0.252703909478015 -0.287600990765641
0.236686735272094 -0.108810404784028 -0.393466340538326 -0.123208514453116
0.125030037028021 -0.221807540166233 -0.347469667465261 0.0673048183041343
0.00387081510584139 -0.237030098673243 -0.22668748583113 0.182893576677244
-0.079649202247648 -0.22288714340331 -0.106379556115111 0.191861005715177
-0.134566421599647 -0.235851945243992 0.00824441657412898 0.120104171330428
-0.145016215795856 -0.242989826255082 0.0697050474960576 0.0306470518864702
-0.144103666285033 -0.286111815288149 0.156330718900382 -0.0478992793533673
-0.0544407235094304 -0.357939715035592 0.246252968757769 -0.0485670465329968
0.138464930672076 -0.345717779362552 0.33232934624908 0.107009524640243
0.323070770055786 -0.235626931335622 0.284996486548003 0.264484417862997
0.424281003194173 -0.051298950755983 0.127767468843152 0.280291343483911
0.439763115606085 0.145314257654504 0.0761085944980281 0.116571272281242
0.330329232298436 0.268225005269268 -0.135817027825506 -0.0397872627977005
0.356231005298274 0.167970068299299 -0.0885862584285471 -0.261730087155083
0.368778632586066 0.0322312154611486 -0.282844954870968 -0.313224018748323
0.28518243165644 -0.157118371757574 -0.360349566308702 -0.158483341242125
0.141861948783761 -0.268168590965413 -0.318003782542673 -0.0134337036495438
0.00155087924776646 -0.269389873862577 -0.232454700830418 0.0883705111036257
-0.0828553457299327 -0.246628651975277 -0.142931962512073 0.0948110156406929
-0.121735175437634 -0.257174735326747 -0.0463244362559473 0.0246874787065319
-0.12297350722988 -0.259709627172177 0.0108767733617112 -0.06155783801691
-0.117382649114648 -0.294465894582403 0.112328071115363 -0.138794346003231
-0.0279625113735517 -0.351362304945029 0.226078813360205 -0.142672594216762
0.158305794098906 -0.333075256279206 0.345928893147106 0.0413080998812744
0.348726223791758 -0.209908094414014 0.279542225486944 0.247866850642745
0.440385505556541 -0.00278884245777539 0.0651591008315653 0.261994714105806
0.417609969804009 0.194663835462782 -0.0595380726983323 0.0374455071012077
0.288534862398223 0.261768195347735 -0.26863613759151 -0.144919701939721
0.348920187884237 0.173496987097173 -0.186585151236271 -0.295072244355707
0.372668589646936 0.0220580984542754 -0.291909588978638 -0.3100241213344
0.272416382752119 -0.170415072179854 -0.30080690645051 -0.193058753617198
0.129286916920672 -0.261232379728575 -0.280055712005902 -0.103938222393977
-0.000464544107036194 -0.252540653455524 -0.239565416659171 -0.0178149882053607
-0.0730534345164841 -0.22836214266102 -0.179688205413513 -0.00731882955362135
-0.0896862840639771 -0.239427916338846 -0.0932088010933487 -0.0727543469972306
-0.0775363660494868 -0.239345094310101 -0.0299382713205386 -0.150741266480382
-0.0626056129173854 -0.259486001011622 0.0917597983939071 -0.216686533245012
0.0222370465388266 -0.292107668504302 0.223761619626087 -0.205308729011388
0.179047616703625 -0.256683828797177 0.349410744605577 0.000584879196221561
0.336955758521377 -0.124274908080125 0.252063518931491 0.228436929624082
0.389978188698694 0.069645682630794 0.00505535616021726 0.220962416464147
0.330603923284839 0.22723070283649 -0.167728270388846 -0.0526500727846108
0.192193959804254 0.211994451173367 -0.372309728147105 -0.216401243085517
0.268119109150947 0.149998324301809 -0.262956354796779 -0.299186728851277
0.291506309701603 0.0125966885200254 -0.277811732838132 -0.289972704001015
0.198744750217257 -0.135740378153502 -0.238006019390571 -0.224727444494132
0.0948437695679659 -0.192623303539803 -0.249339040496333 -0.181383606525113
0.00173141424369684 -0.184824455584385 -0.249638280662255 -0.108429716712341
-0.0487108738641167 -0.170865765991115 -0.211666586062119 -0.095276343913191
-0.0438957400565383 -0.186971834991524 -0.125445852381907 -0.15624424792796
-0.0251490888593106 -0.183307003082398 -0.0447732762501595 -0.225580272366747
-0.00402657484340114 -0.190873981066729 0.101438684573003 -0.271767289125669
0.0645321044785911 -0.198424038659707 0.24620050554067 -0.233258655501383
0.172253382752134 -0.153814786984749 0.35105995851014 -0.0101979090542202
0.281975652143626 -0.0275083715147493 0.216772603824893 0.203292864208679
0.28678973453239 0.131748870434334 -0.0322395017808097 0.158304902814475
0.198341625695969 0.226480442781675 -0.225398187812648 -0.144937984371012
0.0559755260369238 0.136591223169247 -0.421245921779821 -0.245752728039542
0.135231009172037 0.110598572241432 -0.294899868008994 -0.282012791215315
0.152647257267322 0.0159438431099164 -0.249135724174998 -0.2743387940217
0.0928338302478558 -0.0589641835326968 -0.202900390710878 -0.250165913239012
0.0544626539447546 -0.0780316637531465 -0.240731259304574 -0.223474367247759
0.0151597301273431 -0.0808771497574383 -0.259890074958043 -0.162577263780926
-0.00853551091926252 -0.0867801704433261 -0.229709645912772 -0.152097703791296
0.00892154446185907 -0.105817203818348 -0.136475508388141 -0.212787069479069
0.0198857407623291 -0.0998589600501861 -0.0347764034405174 -0.274499177654996
0.0324202407365342 -0.0984140357463523 0.132907610165403 -0.299497267572928
0.06936540862763 -0.0973820555795081 0.279021119856211 -0.227638681292133
0.124517985359492 -0.0681589307681598 0.352081582162298 -0.00302342696368533
0.192523348576952 0.0302209580270097 0.192113072822436 0.174603464504715
0.157440312832616 0.145854930436157 -0.0377017913643328 0.0973311249064489
0.0535301078762142 0.176957516390654 -0.230606965273431 -0.218439121532503
0.0692020595716081 -0.0697896944186578 0.240038380276045 0.260457091259344
-0.0340002741944181 -0.0807448057076063 0.141653109769588 -0.0778401463706778
-0.070187662873224 -0.0263952240207518 -0.124261318426397 -0.193544642835133
-0.0267130424011561 0.0105882341019616 -0.346998806321898 -0.0763925470158229
-0.0192507130714105 -0.0123083723504429 -0.336036917681504 0.15126106039364
-0.0256355222582861 -0.011858285236673 -0.186623490346786 0.274713896566225
-0.0334249140216901 -0.00161533386403537 -0.0330123790429616 0.310474848100149
-0.0541085154510491 -0.00681641692433305 0.106770820072235 0.267723049908813
-0.0570977253160729 -0.0141067712194056 0.183980540172393 0.216312749639872
-0.0501910851087873 -0.0377093624241746 0.226973271258658 0.197012823788696
-0.0167033613933339 -0.0630204806354681 0.218292536711318 0.249341339032644
0.0197071470482563 -0.0500359885342959 0.173843915943195 0.305441332777768
0.00711156970655781 -0.0520170620823065 0.169268910030456 0.309429275448473
0.0351003275159369 -0.0756928907028703 0.20886728711313 0.337266901425673
0.120122094626435 -0.0504583280616656 0.346835880898604 0.301227193903787
0.157678299478897 0.0417937019562476 0.177626434172229 0.25379238121432
0.0627966811062185 -0.0082920149832505 0.111859423838839 -0.0733024654010354
0.0254509338660304 0.00721315311485472 -0.1447122137857 -0.200308876427749
0.0547404119276506 -0.00532700879137354 -0.34769077646101 -0.0915394876387688
0.0383268341117131 -0.069332960174177 -0.343634394006435 0.121413484435425
-0.00433484122131904 -0.0900818432847496 -0.209473562377907 0.253041231343956
-0.0433337628171084 -0.0884738422397634 -0.0615881318604122 0.294246968080672
-0.0859710015807647 -0.102977634353393 0.0791803433497552 0.247997782660091
-0.0913332705868797 -0.115413249456427 0.158497008719971 0.187804854466603
-0.0789225064814023 -0.152779861492739 0.218318432751396 0.149401849352426
-0.00704975434626325 -0.19549546203245 0.238110488171503 0.189479022069962
0.102737954935939 -0.166363786786625 0.219108556994333 0.276338689476674
0.158707216687171 -0.10359670373865 0.190909267055712 0.309919557337079
0.200403273052518 -0.0442580009202473 0.176126368126909 0.315651229454372
0.262227191660791 0.0415044932546414 0.280155644166432 0.263101859644738
0.226171054302108 0.152829991408753 0.0944191567289996 0.194254711663164
0.162941321281915 0.0775499151254851 0.0778387424003428 -0.114001368537618
0.140873593699606 0.0444151409221179 -0.174364205289402 -0.235581096128854
0.147349637391569 -0.0322159969772255 -0.35404248019388 -0.11306612113565
0.0970254680129955 -0.130425656796813 -0.340423725544585 0.0873592818437784
0.0160765246258345 -0.164084511280619 -0.218812879723783 0.213436885555168
-0.0501048618067171 -0.164873468385336 -0.0879876799656544 0.247009032263428
-0.105708177214586 -0.184671740720692 0.0409183184901836 0.195298538420757
-0.11423676978277 -0.195949603037021 0.11678081939056 0.125284498962132
-0.105834660597632 -0.237630554417256 0.193910933780753 0.0716339527769021
-0.0168089523120139 -0.296515280501564 0.246603825186059 0.0958619216770042
0.143399140241493 -0.269229767935745 0.271319637228038 0.217926445518358
0.267177754795839 -0.168908150787419 0.221133550818251 0.301549372360881
0.333708810327223 -0.0327407854863909 0.133130533679069 0.300512667609224
0.368140791873337 0.114989417645445 0.174083319429032 0.201796063958357
0.271543417628315 0.237916005998187 -0.00892078075560563 0.0950235801877873
0.255510091611142 0.151004257126094 0.0251829281211942 -0.176639804463576
0.260993948861273 0.0671520645857131 -0.204488371395038 -0.276397095281186
0.235001663132946 -0.0748772051645877 -0.345664104334326 -0.140683514951474
0.143936160618104 -0.193853811732529 -0.321463375313401 0.0375852996972548
0.0292132982927925 -0.223243951364331 -0.218600114542282 0.147846457015798
-0.0543087930177661 -0.21966800123267 -0.112762753682025 0.172953707854421
-0.109492587148851 -0.23835651675016 -0.00361680294431868 0.115318686497585
-0.116459957074281 -0.246596218233671 0.0645445083127178 0.0417474151029299
-0.111560382440793 -0.284680653630713 0.154806407697516 -0.0203061574152648
-0.0205054640745766 -0.346513844679946 0.237877586480139 -0.00637489225306049
0.162076889933997 -0.32118772561605 0.30805139287035 0.146702859154337
0.330840389117518 -0.20279730635174 0.237149876622133 0.286193471551916
0.412498278659684 -0.0122722013118359 0.0790883568454466 0.286091836465272
0.413229090181943 0.177386814871305 0.0454809525218601 0.124540401791549
0.27790779629681 0.280156330073903 -0.127772272885701 -0.0232624338978238
0.310401819119244 0.194151470055337 -0.0524263090054529 -0.236362729798722
0.341133710886586 0.0712443671390832 -0.227887783874549 -0.299199698314478
0.285415039422188 -0.11400414299021 -0.310340478217127 -0.169772875756426
0.165031977437169 -0.235429892825184 -0.28505433049559 -0.0337795023174843
0.0312740555883271 -0.253465594498165 -0.213995774415772 0.0588789040439683
-0.0550446637698857 -0.241483748908944 -0.139307214899934 0.0788860674905813
-0.0946015795871497 -0.258268415511737 -0.0481757733449029 0.0193534326451971
-0.0925039856038176 -0.259886324719277 0.0145985874409403 -0.0520876360000341
-0.0853146660227943 -0.288254866789058 0.119433644487764 -0.111241014277723
0.00407198291553706 -0.337113816973575 0.225765309875471 -0.097984516615074
0.178220577448847 -0.306040912455453 0.326592764817248 0.0833478182196263
0.3538981450582 -0.175876026706843 0.233055143026244 0.268341364444683
0.422745398670584 0.0356231318393293 0.0195292889942033 0.259251782638908
0.38738014266471 0.22468669788335 -0.0817009276621678 0.0335833489491932
0.239950539441566 0.270053597532493 -0.244151183415664 -0.134516922670378
0.302823817012847 0.197315743049184 -0.143933061958816 -0.275923557619331
0.346006021533027 0.0614806879793068 -0.236134424381723 -0.295436380738912
0.274718812264476 -0.126868435772705 -0.250981407152767 -0.196443996204604
0.152454969942068 -0.229883841976698 -0.240929033922076 -0.115617681942999
0.0286500664981503 -0.236547034884702 -0.213127045589422 -0.0406983090704908
-0.0480087472060622 -0.222235651309141 -0.166189400627874 -0.0204398214504872
-0.0654804566192716 -0.238458085777469 -0.0848648705522983 -0.077089115394836
-0.0521322430023664 -0.235798916630544 -0.0168852493146803 -0.141704759840579
-0.0360897799670053 -0.250222164460389 0.105108048759765 -0.189065503512327
0.0461129366608063 -0.274753040018157 0.228394657712689 -0.161961311027755
0.189998443066956 -0.229660108552674 0.333300139233667 0.0424995407268352
0.333501530291357 -0.0942422374318397 0.209457789293431 0.245044348695209
0.366906739037476 0.100706827066194 -0.0325993655791657 0.211060288862346
0.299049964471046 0.250635208882355 -0.175908829455366 -0.0678503753616254
0.156141888816374 0.213965478362414 -0.335987873024148 -0.217017537773914
0.23171808723839 0.166086775328847 -0.218202835401097 -0.289288302407612
0.271251609178595 0.0449631527012235 -0.225636500257617 -0.280015222846575
0.201365488396686 -0.103283425897911 -0.192179803973096 -0.222954165891862
0.111884051979099 -0.169994103097674 -0.208314720714901 -0.187285809504238
0.0244872387764285 -0.171484021348621 -0.217100480649231 -0.126361932865349
-0.0293655726689486 -0.165298009466444 -0.190374090144605 -0.106038075403012
-0.0264539004593094 -0.183958780752845 -0.108291071619296 -0.158812248939171
-0.00781462996766784 -0.177224204550427 -0.0253679443098627 -0.215193745953033
0.0131713938192926 -0.178530775076957 0.118714041309425 -0.243557486760595
0.0774322970843207 -0.180658552505857 0.251894119119993 -0.190414076248826
0.174501001141148 -0.13067904780212 0.335623264162199 0.0278243016898
0.272689932918847 -0.00502027458967964 0.18175860194912 0.215472128049586
0.262374879215316 0.151004200558294 -0.0585706935065957 0.144276394095781
0.172142503225255 0.236964341913565 -0.218940195149446 -0.163971402497517
0.0379942698911825 0.130748144286267 -0.379065097953434 -0.25859644219698
0.112593726250922 0.115483207138343 -0.253261693883252 -0.282611322610707
0.140572264595916 0.0328930766458463 -0.204414757789424 -0.270335056064004
0.0936477903138156 -0.0432043206554411 -0.160081354180827 -0.247990978535649
0.0608179865541062 -0.0672799159893679 -0.200253550317308 -0.228735635611968
0.026650823317452 -0.0723482402161366 -0.227474141108938 -0.176950309088194
0.0007224982167715 -0.0811541966891078 -0.204745823021834 -0.161338786250767
0.0162653139018521 -0.101228400616034 -0.113831270618688 -0.21370605258597
0.0279601308030222 -0.093218769347644 -0.0112446275109193 -0.262630495042099
0.0397602329893339 -0.0880113850144522 0.149874947094618 -0.269671447572069
0.072868234851453 -0.0849343317159146 0.283177519451456 -0.186490824278827
0.121105005070958 -0.0542423680239262 0.336253072654499 0.0333892663757235
0.181543939221309 0.0421913502714932 0.162601111577305 0.185425867725271
0.136999180140474 0.153941825058117 -0.0535743743413808 0.083667839194153
0.0364546167123983 0.176764646589014 -0.210496075012997 -0.237589898379156
0.0656814923519037 -0.0680096737794304 0.234537441348329 0.247482378030748
-0.032975189015876 -0.0772323697812106 0.138640928879197 -0.0783504521992088
-0.0676098469387317 -0.0251802480609504 -0.119414494884265 -0.189770293749825
-0.0250714294804442 0.0100495824568919 -0.335540847071901 -0.0742464691321714
-0.0190701213551487 -0.0115822382790945 -0.324694639182641 0.14606065616269
-0.0256350856840769 -0.0114102881241437 -0.179781336939059 0.263706530174626
-0.0325921423249027 -0.00253340356511137 -0.0284485489825346 0.298931306773758
-0.0527509490269759 -0.00675811279103338 0.110026040458824 0.257256642957382
-0.0551503276087526 -0.0121011656253877 0.18190005260263 0.209091283276709
-0.0487736675429802 -0.0365756158759212 0.221733019467823 0.189758825037416
-0.0177626701071264 -0.0618724288509781 0.212463340707777 0.2424479265809
0.0192318232408652 -0.0485008274054127 0.169188554914946 0.296532628414762
0.00722563072796949 -0.0503515704016462 0.162879522301505 0.300196328711281
0.0353326795475258 -0.0723221915551911 0.202169680380454 0.329057800713671
0.116770448962651 -0.0487000603942982 0.339068738784379 0.292671779300758
0.151983998342522 0.0401284862840834 0.174706397842091 0.241354274759771
0.0608363151675319 -0.00657771924389557 0.111545578978623 -0.0751070455696093
0.0254376885260469 0.00740519654224344 -0.138859882141252 -0.19602542617432
0.0531541128056851 -0.00568688308769131 -0.336321834636572 -0.0886774996395282
0.0360443411327768 -0.0667661098246694 -0.332008313682968 0.11711284260838
-0.00609127914742266 -0.0867748298866515 -0.200941061530556 0.243098930242809
-0.0425762069787461 -0.0863077245608366 -0.055754113059558 0.283583228389575
-0.0854812356876681 -0.0992801356273289 0.0825000323522229 0.239244711786056
-0.0902253772891237 -0.110734937760716 0.157484347736866 0.18071887244109
-0.0790817100747837 -0.147233055888668 0.214544943688474 0.144494935882961
-0.0104702080555618 -0.189562728702051 0.231683035146228 0.1855825797207
0.09834573331178 -0.162367924490718 0.21270341757574 0.268240604722493
0.154358322912878 -0.101643546608127 0.185245387513783 0.299455155096883
0.196189557005968 -0.0433162610383867 0.170549879775607 0.307923468780486
0.255986479012131 0.0388013724899754 0.274189894498372 0.254896186178697
0.219743830609062 0.1474944813968 0.0939279973952606 0.184088697921604
0.157413169533685 0.0757793776557521 0.0793698076791459 -0.11340634046649
0.137871143815484 0.0427026193614053 -0.167865827485911 -0.229378065170574
0.142330325993532 -0.0315680965260215 -0.342482413427268 -0.109501776236908
0.0923800305057357 -0.126888644298283 -0.329272179995238 0.0838568976070974
0.0138323354789315 -0.157941842768173 -0.210185152628406 0.204935507068218
-0.0497172537391321 -0.160497671627525 -0.0812350940314728 0.238714662245261
-0.105566580336606 -0.17837692638937 0.044730706805102 0.188034236393729
-0.114215343497578 -0.189063888962416 0.116543501889306 0.121080627232226
-0.105666931013489 -0.228765070993907 0.189362311836633 0.0681973132956626
-0.0216111846644972 -0.287320413540165 0.240122653887383 0.094934805272444
0.136776567503232 -0.261896217014689 0.263405755844095 0.211192667917912
0.259697817260853 -0.165297132043688 0.21409063256923 0.289684071446478
0.325213514703832 -0.0322366126497474 0.128439824397001 0.291613928667898
0.358467457597862 0.110300571127364 0.170293901392465 0.195296317308059
0.262364764890261 0.23020783727741 -0.00600551132434413 0.0882941625272493
0.247300535984906 0.145440349567248 0.0289661198246343 -0.174221253016095
0.254433617001962 0.0647684985609174 -0.196875986837702 -0.267895553705439
0.22627045357124 -0.0733687803962754 -0.334675352830266 -0.13788760471924
0.137007915984605 -0.18803603682809 -0.311677835125632 0.0341280836777133
0.0258575379067128 -0.216020840104499 -0.210902520330697 0.141572595220719
-0.0551281849711528 -0.213645677200743 -0.107220991945882 0.167145973644613
-0.109868739491226 -0.231025581624691 -0.000369485019638352 0.111554408380725
-0.116428817460819 -0.237792885144974 0.0637113307107672 0.0408280197772069
-0.112203544398077 -0.273754817390474 0.150945045036972 -0.0205374428588004
-0.0253010565031562 -0.335384465022782 0.230393055536939 -0.00416459757436278
0.153725047791437 -0.312491295149618 0.299073289969047 0.142375133289993
0.320912302293292 -0.200092316411274 0.231561461912991 0.274800271019356
0.400764958060014 -0.014192726010146 0.0760378420684023 0.277757720182434
0.401829945084371 0.169894483645377 0.0436754995990842 0.120924967524286
0.26992526943594 0.270789001596041 -0.121739196788684 -0.0249134366242291
0.301027874715062 0.187117713135957 -0.0469869969609976 -0.23170772038469
0.332805004583449 0.0689150110362969 -0.22028547885102 -0.287661224808723
0.276041523035908 -0.110878881067251 -0.298919960004895 -0.16585009158611
0.157442585618099 -0.228680949214919 -0.276515000721671 -0.0348969443794946
0.0288223994877085 -0.244453629378991 -0.206970030355784 0.056199456082609
-0.0552183214126177 -0.233988080971431 -0.133819967015054 0.0764444479460783
-0.096415932755359 -0.249666389885466 -0.0459938204668477 0.0197462109589907
-0.0945187156257635 -0.251655204406985 0.0143390012037769 -0.0491543428748207
-0.0867890698756447 -0.276270518472195 0.115847941608038 -0.107899127263535
-0.00218146363043461 -0.325617715753032 0.218150243304007 -0.0918227743600947
0.169741820648348 -0.297510174942955 0.31610627431092 0.0811446244292872
0.342349498357827 -0.172370268243406 0.228061651913066 0.257113511000582
0.410837540875627 0.0314591607188409 0.0185327026738735 0.250323808472757
0.377080252315499 0.2156897749052 -0.0795503810030622 0.0326564998558239
0.232094287524221 0.260241492949307 -0.235774298477635 -0.131408183150551
0.29371786622919 0.189561983913421 -0.136568344459988 -0.268619289175673
0.336757496119769 0.0586654894301284 -0.226815731654514 -0.284472520778255
0.264787212729525 -0.123586795840787 -0.24308338903064 -0.192551285131237
0.144756251719124 -0.22352401442718 -0.233227887887906 -0.114785696267642
0.0261652681943722 -0.228455643547011 -0.20655896048446 -0.0396826881306641
-0.0481306352062102 -0.215032538895249 -0.161497960061903 -0.0176045999209616
-0.0682851920983399 -0.231565345520857 -0.0842598209759836 -0.0725667239072195
-0.054280976634578 -0.229116365059111 -0.0183961210401632 -0.135248366550793
-0.0375534132851731 -0.239829243376835 0.100992787751636 -0.182853765642657
0.0399395291372933 -0.264619613910583 0.219882916073597 -0.153260956098081
0.182132284107199 -0.223310170367005 0.322754580000668 0.040703720421237
0.324518392261475 -0.0935068817697871 0.20543865596983 0.23481434038937
0.356476618825756 0.096933258533421 -0.0321222372873384 0.203051397514806
0.291467079191255 0.240608048775827 -0.171247213784665 -0.0639230813480854
0.150483430442239 0.206141650450972 -0.324835848290161 -0.210156750558249
0.223822817582717 0.159294403231567 -0.209101327949724 -0.279839257359683
0.263368342680951 0.0422862122410924 -0.217703948316337 -0.269772456975924
0.193931905106219 -0.0996502185551475 -0.185428725362444 -0.218724197218256
0.105877357673408 -0.165887889210642 -0.201819782135742 -0.184763008170652
0.0226711092751984 -0.165705419149916 -0.211629942211072 -0.122016700976363
-0.0297791771146417 -0.159299264405448 -0.185570531406876 -0.100206273685647
-0.0293820579838685 -0.178549811401804 -0.108649019888929 -0.151507188720291
-0.00966226575007991 -0.173034611304684 -0.0265937910717487 -0.206506185135723
0.0108200834625106 -0.171684347900127 0.112770194320013 -0.23563753749002
0.071812597000806 -0.174377444367989 0.24170556551723 -0.182292487968657
0.167211654327793 -0.127607748780515 0.324753405523428 0.0261596815818562
0.265132797571476 -0.00686292488612696 0.177760984666555 0.208097519154297
0.254323696791288 0.145475662602887 -0.0577698704539531 0.138587320655434
0.167641821086327 0.228563215681347 -0.213387384844601 -0.157004169428223
0.0362809587793419 0.12589720594896 -0.368286686770289 -0.250296053513883
0.10863715615853 0.110945995185751 -0.244203381130515 -0.27269234343543
0.136431918421914 0.0321870350737345 -0.196626540791547 -0.26054060049918
0.0900217797480379 -0.042063084920657 -0.154472980555119 -0.242676644884862
0.0574648866922275 -0.0649031630502349 -0.194093097873066 -0.224256822612674
0.0261928391123812 -0.0693776544409701 -0.22147739456538 -0.170061387945139
0.000152641743272187 -0.0777687762118233 -0.200220383947055 -0.153449163303638
0.0133274697047827 -0.0990036446749711 -0.115453834416724 -0.204766641412019
0.0268610624788037 -0.0918031889765651 -0.0142137340352913 -0.252348959533392
0.0376536200659948 -0.0850095537027175 0.142283063494961 -0.26027851558549
0.0690820347360782 -0.0813898275926233 0.273094896258178 -0.179611279164573
0.115549231497799 -0.0521132209557411 0.324784309042693 0.032160197799166
0.17687217423458 0.0398270212143722 0.159286975768332 0.179882538340505
0.132571986097242 0.148622028785064 -0.0524508308912402 0.0805779996007416
0.0357168236381056 0.171009550819967 -0.206220840497422 -0.227263543458947
0.0653356474347954 -0.0671508850484828 0.233760085616858 0.247456006132363
-0.0317671842244233 -0.0767675266921747 0.140513221312397 -0.0813262842168064
-0.0668112559267253 -0.0259628690551698 -0.116984705246143 -0.194249898293523
-0.0251670642140734 0.00972354198937063 -0.337033489310726 -0.0775010013023153
-0.0196653569545003 -0.0113464921104322 -0.327226570076035 0.144162374933818
-0.0266898001278664 -0.0111902527537835 -0.182607565378088 0.260175324599685
-0.0333048901191259 -0.00427056571661331 -0.027480488401241 0.298518234044286
-0.0535541643061473 -0.00721808411557214 0.113529515276785 0.25697206842998
-0.0546692159733114 -0.0117242456430195 0.185044254890532 0.210533425800415
-0.0490208916231318 -0.0367284978986191 0.222773156086924 0.193008243920155
-0.0181264856051147 -0.0623572094410591 0.212723272429221 0.245746017899267
0.0195519629893193 -0.0497227207382385 0.1674157352226 0.301416673687175
0.00824718891593707 -0.0514927737153253 0.159225267682929 0.304369287303745
0.0376795027699978 -0.0712621111725519 0.200117706956218 0.33518841954682
0.118325699541476 -0.0488139746327753 0.341072741906475 0.299191406109073
0.151332205424756 0.0421121721315976 0.175438119122307 0.239806081956414
0.0618434405815613 -0.00528641316024755 0.114792239040144 -0.0780179937941843
0.0269441627110438 0.00809787597385233 -0.137255604245503 -0.200008882276581
0.0539652846247367 -0.00543995381364756 -0.337278196166222 -0.0917690889079201
0.0361790109708806 -0.0673002854633505 -0.335032046731188 0.11431483161422
-0.00677604232067709 -0.0865713425407416 -0.203189607076112 0.239946957425508
-0.0432382369535433 -0.0885798846102442 -0.0551417841577728 0.283479709197241
-0.0870666980008736 -0.100737506234966 0.0862927216677679 0.239459078640529
-0.0912248488927562 -0.110910731233116 0.160234683397563 0.183093875208347
-0.0798730400773833 -0.146893205134894 0.215553001943906 0.146710837996385
-0.0120155843790662 -0.190779954132693 0.232425679604137 0.188998143005528
0.100132131916185 -0.163500001559413 0.211540985887161 0.272954779117582
0.156910868004637 -0.102013119555773 0.182025113981428 0.301883567862134
0.199533592845909 -0.0422749948531178 0.168404662002764 0.312844452152866
0.257047860017101 0.0398142118315166 0.274906587764983 0.259172393675855
0.219284599880497 0.15018971495351 0.0949941035079161 0.182128240832541
0.15780401718106 0.078106379373196 0.0841102168231217 -0.117081445943098
0.139493842553332 0.0448914129894097 -0.165098058476124 -0.233619604145544
0.143050107415339 -0.0309366959955175 -0.342981982781433 -0.114725845755862
0.0926958762515213 -0.127204202897661 -0.331258954309765 0.0798286562280001
0.0135938816693671 -0.15800631749633 -0.211910101451519 0.201538449374893
-0.0500216839002511 -0.163092988261964 -0.0812541370532082 0.237231841149946
-0.108231365557522 -0.179599724899241 0.0474726841950863 0.188512797906982
-0.115162129905601 -0.189948885172499 0.118285632460455 0.122743605733616
-0.107254859565987 -0.229499617228194 0.191902138078414 0.0698372669121764
-0.0237661241491465 -0.287886608999397 0.241166378114776 0.0995066632392577
0.138281514581532 -0.262483498702179 0.262997426002628 0.21574059236255
0.262544540778612 -0.166059833892464 0.21203877074182 0.291655395379379
0.329562050085306 -0.031423490059129 0.127083101841555 0.29547635860092
0.360669993625979 0.111315781075098 0.169972753523663 0.197480369878882
0.261634757241978 0.233668558216139 -0.00456646325558983 0.0852635393266879
0.246591018554404 0.148567171717331 0.0346928676891091 -0.177340366847235
0.25692702450049 0.067655444774991 -0.193953255579918 -0.272110117621901
0.228107945746103 -0.0722592447265246 -0.335223094323982 -0.142909883545843
0.136956023703445 -0.188343616004514 -0.313070309813229 0.0299154584569891
0.026273918815911 -0.216045034743556 -0.211093555282183 0.138829891261236
-0.0546528187383929 -0.215184527183354 -0.106682812275998 0.1664610112523
-0.112260218721787 -0.232851758863548 0.00168124864244484 0.111694243382309
-0.1183956916521 -0.239643391618411 0.0651046737999394 0.0416027837959927
-0.113718478843747 -0.273688277960793 0.153003204654764 -0.0201214149467736
-0.0275101130983232 -0.335128248138952 0.232274116858383 0.000461174003137735
0.155157874488452 -0.313374550890873 0.298667111457686 0.146984153288498
0.324505837599534 -0.200079899860179 0.229847160736261 0.276463838101851
0.404932478529491 -0.0121691128917913 0.0737795573435166 0.278843956662758
0.403631762132902 0.171736710924837 0.0433712702430567 0.12122751009061
0.268326608044947 0.273022507791924 -0.120548663723315 -0.0287171412971744
0.300509834506645 0.190253786009616 -0.041334372160893 -0.234639912763783
0.335862356772502 0.0709444302403638 -0.21517462604617 -0.291357726127726
0.27749310777409 -0.109377151567982 -0.299166656139499 -0.171760141681352
0.157294088579405 -0.229512486376929 -0.276796737263167 -0.0406460678005447
0.0292968737360967 -0.245410495387257 -0.207319868553355 0.0531337381902098
-0.0557841998599264 -0.235019882514928 -0.133622859959432 0.0759110530274771
-0.0994178085543725 -0.251632223619589 -0.045655638876577 0.0200436149646982
-0.0966192499130613 -0.253528639439881 0.0146911216403605 -0.0476849015332497
-0.0878047509778878 -0.275609342319765 0.117050415325085 -0.108146610380631
-0.00405671564134645 -0.325124676982003 0.220265327380191 -0.0877601273778224
0.170770272992586 -0.297767104792616 0.316491088976374 0.0846048633955145
0.34541207069098 -0.173204060038163 0.226589689251675 0.257656095500688
0.413803061822043 0.0331854195778369 0.0144374023624121 0.251762646527392
0.378591457432855 0.217278446378824 -0.0810539141853917 0.032952575550572
0.230997684643697 0.263720993727867 -0.234398613487411 -0.135729635019435
0.29362088664967 0.192853381946463 -0.130701155497761 -0.271907908310572
0.339994343992362 0.0617678983862611 -0.223169953572357 -0.287533935920795
0.266175120799029 -0.122556383092201 -0.24127127181388 -0.198569516744225
0.144862946346009 -0.224250930780956 -0.234176489501259 -0.120987265466161
0.0273504429293203 -0.228912813888141 -0.206422924330254 -0.0419860323808403
-0.0487519467484641 -0.215290480438803 -0.162005072301369 -0.0183373709558394
-0.0712674400432324 -0.23313106453247 -0.0850079368140149 -0.0718940303689539
-0.0560958410880078 -0.230555020128416 -0.018801014235345 -0.134151113123758
-0.0392125635668394 -0.2388006356723 0.102000788664005 -0.182244650806367
0.0382022611282488 -0.26404286809995 0.222042482115084 -0.150332757026377
0.182585123307366 -0.22245087564733 0.323681314055652 0.0452106638426833
0.326680702187052 -0.0929034981358472 0.204985098748505 0.23625476448716
0.358790251113687 0.0972710244766473 -0.0353580368672524 0.203413200761572
0.291443644718143 0.242972951175207 -0.172382386763803 -0.063645077511706
0.149494998541526 0.209070941767952 -0.325117828312603 -0.216151459171814
0.223237544490627 0.161490189906599 -0.205458417773966 -0.284009019835226
0.265492213219947 0.0451244895266955 -0.213681549800983 -0.271623246157148
0.195115261469853 -0.0981866885213733 -0.183536600960539 -0.22445881174249
0.105592037848216 -0.165734366145364 -0.201490955173056 -0.189992839692389
0.0236811629273151 -0.165874767230644 -0.210981717649065 -0.124524421952079
-0.0293681584672801 -0.160003166627409 -0.186753101062516 -0.100780336661185
-0.0316729231925005 -0.180034136742404 -0.111519554011295 -0.151518874546674
-0.0112289162772183 -0.175031452840455 -0.0282949612698634 -0.20498986430594
0.0110929647971117 -0.171289416073298 0.113300850409177 -0.234816076641947
0.0711394159542205 -0.173119781097637 0.243620799975431 -0.178832908358263
0.167413326689978 -0.126033523275975 0.324753747426812 0.0303464135836977
0.266844429181672 -0.00556150660498027 0.178281069460163 0.209718736967411
0.254051526836647 0.147556324354191 -0.0605803518877814 0.138124712369354
0.167295766539888 0.230159136062125 -0.214306229361288 -0.156787977154471
0.0344045210349276 0.126381270872132 -0.369339326896925 -0.255475191025395
0.106895170086579 0.111566782638229 -0.242672774927092 -0.27559695207068
0.137884616871091 0.0338577902934915 -0.193370493671928 -0.263555842722129
0.0902558242631862 -0.0405541672940095 -0.15201374321031 -0.248659395734278
0.0564472257887465 -0.0647256573899673 -0.193486382037416 -0.230014915738166
0.0270986851443288 -0.0689076379866224 -0.222539010322916 -0.172434126356775
0.000582423937090949 -0.0774077421567802 -0.202302299878553 -0.153590123408566
0.011790579292198 -0.0999471646695165 -0.118598619649943 -0.203050286403729
0.0264973095947565 -0.0934045395518614 -0.0156971394253681 -0.251119412099232
0.0385469722109184 -0.0842240070408052 0.142830467745726 -0.258634319484638
0.0689885000198044 -0.0808870821707068 0.273239780491839 -0.176632444590798
0.116132386697215 -0.0506505465132597 0.325515552045544 0.035868983770956
0.177512079643044 0.0412067566790687 0.159389785870342 0.182168377921774
0.131541241725434 0.150803805595126 -0.0545465229506794 0.0800078241614609
0.0343075857303115 0.171654231549189 -0.206056703868824 -0.227117593546326
