TRXV5
3
4
4
9
string Extension=J
integer IsArchMeasurement=1
integer IsSpherical=1
string Generator=SPM
string GeneratorVersion=1.3.1 Dev
double ArchRadius=0.449999988079071
integer FrequencyAxisIndex=0
integer AzimuthAxisIndex=1
integer ElevationAxisIndex=2
Frequency
5 136 690000000 960000000 LIN
Azimuth
7 8 0 2.74889357189107 LIN
Elevation
7 15 -2.74889357189107 2.74889357189107 LIN
Polar H Real Part
13
Polar H Imaginary Part
14
Polar V Real Part
13
Polar V Imaginary Part
14
Polar H Magnitude (dB)
12 0xC0000002 0 1
Polar H Phase
7 0xC0000003 0 1
Polar V Magnitude (dB)
12 0xC0000002 2 3
Polar V Phase
7 0xC0000003 2 3
-0.00171542167663574 0.0028383731842041 -0.0263671875 -0.0583572387695312
-0.00400781631469727 -0.00326967239379883 -0.00957870483398438 -0.0251846313476562
-0.00821781158447266 0.00225639343261719 0.0140190124511719 0.000914573669433594
-0.00280427932739258 0.00740528106689453 0.0377845764160156 -0.00611114501953125
0.00323724746704102 0.00456142425537109 0.0414886474609375 -0.0207939147949219
0.0032966136932373 0.000583410263061523 0.0354232788085938 -0.0385704040527344
0.00289154052734375 -0.00382041931152344 0.0219879150390625 -0.0465469360351563
0.00194907188415527 -0.00287532806396484 0.0088653564453125 -0.0405807495117188
0.00197362899780273 -0.00312542915344238 0.00174140930175781 -0.0303268432617188
0.00505590438842773 -0.00208425521850586 -0.00247383117675781 -0.0203418731689453
0.00496578216552734 0.00218725204467773 -0.0152750015258789 -0.0129566192626953
-0.000856876373291016 0.00562667846679688 -0.0209865570068359 -0.0106735229492188
-0.00692844390869141 -0.000266551971435547 -0.0273971557617188 -0.0143184661865234
-0.00143146514892578 -0.00602531433105469 -0.0394172668457031 -0.0161361694335938
-0.00137758255004883 -0.0025174617767334 -0.0359687805175781 -0.0148086547851563
0.0100955963134766 0.0213432312011719 -0.02093505859375 -0.0543670654296875
0.00917530059814453 0.0134000778198242 -0.00272178649902343 -0.0208778381347656
0.00534629821777344 0.0129814147949219 0.01824951171875 0.000211715698242188
0.0121908187866211 0.0138235092163086 0.0396041870117188 -0.00629425048828125
0.01708984375 0.00518703460693359 0.0414161682128906 -0.0196609497070313
0.0172338485717773 -0.00723075866699219 0.0353775024414063 -0.0372772216796875
0.0129518508911133 -0.0165634155273438 0.0200424194335937 -0.0429916381835938
0.0105476379394531 -0.0151700973510742 0.00588226318359375 -0.0356407165527344
0.0104846954345703 -0.0174407958984375 -0.00164985656738281 -0.0249137878417969
0.0164337158203125 -0.0154190063476563 -0.00648212432861328 -0.0172262191772461
0.0194339752197266 -0.00695610046386719 -0.0184783935546875 -0.0110187530517578
0.0166473388671875 0.00157260894775391 -0.0216999053955078 -0.0104713439941406
0.010406494140625 0.00477886199951172 -0.027313232421875 -0.0135421752929688
0.0148782730102539 0.0062255859375 -0.0353889465332031 -0.0130500793457031
0.0135946273803711 0.0120916366577148 -0.0316944122314453 -0.00975608825683593
0.0191688537597656 0.0376663208007813 -0.0125083923339844 -0.0447196960449219
0.0216178894042969 0.0293827056884766 0.00534248352050781 -0.0115861892700195
0.0192031860351563 0.0235443115234375 0.0234165191650391 0.00268745422363281
0.0274848937988281 0.0185203552246094 0.0410346984863281 -0.00542449951171875
0.0314807891845703 0.00382614135742188 0.0390548706054687 -0.019195556640625
0.0293979644775391 -0.0146312713623047 0.0306110382080078 -0.0347270965576172
0.0206775665283203 -0.0266933441162109 0.014801025390625 -0.0342941284179688
0.0175266265869141 -0.0245494842529297 0.0015716552734375 -0.0250873565673828
0.01702880859375 -0.0288410186767578 -0.00525856018066406 -0.0143861770629883
0.0245895385742188 -0.0270023345947266 -0.0109786987304687 -0.00908470153808594
0.0303058624267578 -0.014739990234375 -0.0224399566650391 -0.00481796264648437
0.0307483673095703 -0.00403213500976563 -0.0235157012939453 -0.00794410705566407
0.0265579223632813 0.0076904296875 -0.0255985260009766 -0.0128269195556641
0.0294418334960938 0.0158004760742188 -0.0270881652832031 -0.00821685791015625
0.0260162353515625 0.0244102478027344 -0.0231819152832031 -0.00100898742675781
0.0269813537597656 0.04876708984375 -0.00129508972167968 -0.0298290252685547
0.0335121154785156 0.0406837463378906 0.0146942138671875 0.000725746154785159
0.0334529876708984 0.0293731689453125 0.0281143188476563 0.006195068359375
0.040557861328125 0.0187950134277344 0.0399894714355469 -0.00408554077148437
0.0407295227050781 4.57763671875E-05 0.0338726043701172 -0.0164051055908203
0.0361480712890625 -0.0216102600097656 0.0227680206298828 -0.0280246734619141
0.0239849090576172 -0.033416748046875 0.00798797607421875 -0.0218505859375
0.0206584930419922 -0.0301170349121094 -0.00300788879394531 -0.0108308792114258
0.0210189819335937 -0.0360336303710938 -0.00829887390136719 -0.000619411468505862
0.0289726257324219 -0.0340499877929687 -0.0152711868286133 0.00256633758544921
0.0367393493652344 -0.0203437805175781 -0.0257377624511719 0.00349617004394532
0.0398826599121094 -0.00799560546875 -0.0246410369873047 -0.00453758239746094
0.0381698608398438 0.00980758666992188 -0.0231170654296875 -0.0119686126708984
0.0403556823730469 0.022918701171875 -0.0158634185791016 -0.00317859649658203
0.034088134765625 0.0339279174804688 -0.0105257034301758 0.010894775390625
0.0305519104003906 0.0516624450683594 0.0108489990234375 -0.0145473480224609
0.0409202575683594 0.04583740234375 0.0242271423339844 0.0113372802734375
0.0427284240722656 0.0290985107421875 0.0303745269775391 0.00875091552734375
0.0481834411621094 0.0144805908203125 0.0362663269042969 -0.00125503540039062
0.0441818237304688 -0.00507354736328125 0.0261955261230469 -0.0112800598144531
0.0369796752929688 -0.0276985168457031 0.0135040283203125 -0.0183372497558594
0.0231857299804688 -0.0353164672851563 0.000519752502441408 -0.00678777694702149
0.021087646484375 -0.0315437316894531 -0.00711870193481445 0.00536394119262695
0.021514892578125 -0.0366973876953125 -0.0121994018554687 0.0145282745361328
0.0291404724121094 -0.0349330902099609 -0.0194530487060547 0.0141830444335938
0.0380897521972656 -0.0204200744628906 -0.0279750823974609 0.0117912292480469
0.0432395935058594 -0.00822067260742188 -0.0256099700927734 -0.000459671020507811
0.0430335998535156 0.0124359130859375 -0.0195465087890625 -0.0105686187744141
0.0432701110839844 0.0285224914550781 -0.00289869308471679 0.00259685516357422
0.035186767578125 0.0400657653808594 0.00201988220214844 0.0247440338134766
0.0291290283203125 0.0469322204589844 0.0228519439697266 -0.000156402587890622
0.0427398681640625 0.041015625 0.033599853515625 0.0184993743896484
0.0438575744628906 0.0225257873535156 0.0317306518554688 0.0100517272949219
0.0459442138671875 0.0072021484375 0.0290737152099609 0.00130844116210938
0.0394515991210938 -0.0105094909667969 0.0173673629760742 -0.00370883941650391
0.0298042297363281 -0.0282421112060547 0.00461864471435547 -0.0054469108581543
0.0182018280029297 -0.0321292877197266 -0.00456333160400391 0.00934410095214843
0.0173130035400391 -0.0274848937988281 -0.0103778839111328 0.0198974609375
0.0193080902099609 -0.0316352844238281 -0.0152645111083984 0.0274009704589844
0.0257568359375 -0.0296440124511719 -0.0240688323974609 0.0243320465087891
0.0354270935058594 -0.0161476135253906 -0.0312747955322266 0.0180301666259766
0.0403518676757813 -0.005126953125 -0.026397705078125 0.00311088562011719
0.0404129028320313 0.0149497985839844 -0.0152368545532227 -0.0078439712524414
0.0396461486816406 0.0309524536132813 0.00789451599121094 0.0100994110107422
0.0302543640136719 0.0409622192382813 0.0130348205566406 0.0393524169921875
0.0221519470214844 0.0344600677490234 0.0323505401611328 0.00828742980957032
0.0359725952148438 0.030731201171875 0.0394363403320313 0.0210227966308594
0.0362396240234375 0.0135765075683594 0.0301876068115234 0.00956344604492188
0.0356559753417969 5.340576171875E-05 0.0229377746582031 0.00494194030761719
0.0277290344238281 -0.0127525329589844 0.010685920715332 0.00253105163574219
0.0181369781494141 -0.0245723724365234 -0.000609874725341796 0.00623703002929687
0.0104446411132812 -0.0231132507324219 -0.00763320922851563 0.0226001739501953
0.0108928680419922 -0.0193424224853516 -0.0120468139648438 0.0319995880126953
0.0125961303710938 -0.0227508544921875 -0.0188789367675781 0.0372505187988281
0.0189685821533203 -0.0207500457763672 -0.0294094085693359 0.0313606262207031
0.0271377563476562 -0.0102348327636719 -0.0344028472900391 0.0218372344970703
0.0322647094726563 -0.00171279907226562 -0.0273265838623047 0.00574684143066407
0.0314273834228516 0.0160770416259766 -0.0123615264892578 -0.00398921966552734
0.0295085906982422 0.029266357421875 0.0146617889404297 0.0188922882080078
0.0193557739257812 0.0359230041503906 0.0201492309570312 0.05291748046875
0.00954246520996094 0.0186500549316406 0.0376510620117188 0.012054443359375
0.0233955383300781 0.0171451568603516 0.0424995422363281 0.019744873046875
0.0217876434326172 0.00403785705566406 0.0278701782226562 0.00930023193359375
0.0184917449951172 -0.00435447692871094 0.0181560516357422 0.00801849365234375
0.0117864608764648 -0.010340690612793 0.00834465026855469 0.00913429260253906
0.00411605834960937 -0.0147218704223633 -0.00241947174072265 0.0154590606689453
0.00122737884521484 -0.00992488861083984 -0.00679588317871094 0.0308437347412109
0.00263738632202148 -0.00769472122192383 -0.0125007629394531 0.0390434265136719
0.00410270690917969 -0.0103549957275391 -0.0218048095703125 0.0429840087890625
0.00760841369628906 -0.0116157531738281 -0.0343379974365234 0.0346527099609375
0.0145101547241211 -0.00644969940185547 -0.0379829406738281 0.0232086181640625
0.0184822082519531 -0.00143623352050781 -0.0297565460205078 0.0071868896484375
0.0193843841552734 0.0109272003173828 -0.013127326965332 0.000796318054199221
0.0167732238769531 0.0197639465332031 0.0153827667236328 0.0267524719238281
0.00668716430664063 0.0238666534423828 0.0218772888183594 0.0631599426269531
-0.00129795074462891 0.00329661369323731 -0.03009033203125 -0.0571556091308594
-0.00388884544372559 -0.00284671783447266 -0.0109138488769531 -0.0248069763183594
-0.00730991363525391 0.00289440155029297 0.0153493881225586 -0.000192642211914062
-0.00188493728637695 0.00782489776611328 0.0377845764160156 -0.00872421264648437
0.00336599349975586 0.004547119140625 0.0410385131835938 -0.0238189697265625
0.0035555362701416 2.31266021728516E-05 0.033538818359375 -0.0421600341796875
0.0035548210144043 -0.00488042831420899 0.0188140869140625 -0.0491256713867188
0.00227141380310059 -0.00318455696105957 0.00558853149414063 -0.0418167114257813
0.00230550765991211 -0.00394058227539063 -0.000635147094726561 -0.0308418273925781
0.00562000274658203 -0.00256252288818359 -0.00402450561523437 -0.0208206176757813
0.00547170639038086 0.00208711624145508 -0.0161962509155273 -0.0122232437133789
-0.000150680541992187 0.00603055953979492 -0.021575927734375 -0.00975799560546875
-0.00689983367919922 0.000394344329833985 -0.0285625457763672 -0.0138263702392578
-0.00189065933227539 -0.00559282302856445 -0.0414237976074219 -0.0148391723632812
-0.00128436088562012 -0.00231838226318359 -0.038116455078125 -0.0127105712890625
0.0120429992675781 0.021148681640625 -0.0237312316894531 -0.0529518127441406
0.0102901458740234 0.0128269195556641 -0.00359153747558594 -0.0203285217285156
0.00648880004882812 0.013336181640625 0.0188426971435547 -0.000820159912109374
0.0137491226196289 0.0127534866333008 0.0398178100585938 -0.00882339477539063
0.0174589157104492 0.00350379943847656 0.0405921936035156 -0.0230598449707031
0.0173473358154297 -0.00858020782470703 0.0328559875488281 -0.0401496887207031
0.0120506286621094 -0.0178451538085938 0.0169677734375 -0.0446548461914063
0.0102682113647461 -0.0160007476806641 0.0028228759765625 -0.0360450744628906
0.01007080078125 -0.0184745788574219 -0.00376510620117187 -0.0253238677978516
0.0155677795410156 -0.0171804428100586 -0.00792694091796875 -0.0176200866699219
0.0198650360107422 -0.00841712951660156 -0.0194892883300781 -0.0100116729736328
0.0173683166503906 0.00052642822265625 -0.0226917266845703 -0.00937461853027344
0.0111055374145508 0.00457668304443359 -0.0285873413085938 -0.0128993988037109
0.014862060546875 0.00522899627685547 -0.0373344421386719 -0.0113410949707031
0.0151119232177734 0.0115242004394531 -0.034027099609375 -0.00777053833007812
0.0234642028808594 0.0368003845214844 -0.0150032043457031 -0.0434913635253906
0.0242652893066406 0.0281658172607422 0.0049896240234375 -0.0112104415893555
0.0212039947509766 0.0220603942871094 0.0238857269287109 0.00167655944824219
0.0295963287353516 0.0164012908935547 0.0416755676269531 -0.007720947265625
0.0316181182861328 0.00205802917480469 0.0383834838867188 -0.0213546752929688
0.0282020568847656 -0.0170040130615234 0.0282402038574219 -0.0368766784667969
0.0193233489990234 -0.0281620025634766 0.0123291015625 -0.0354499816894531
0.0156707763671875 -0.0264873504638672 -0.000686645507812498 -0.0251979827880859
0.0158958435058594 -0.0306472778320313 -0.00679492950439453 -0.0136432647705078
0.0228614807128906 -0.0295200347900391 -0.0126171112060547 -0.00853443145751953
0.0296897888183594 -0.0176296234130859 -0.0234413146972656 -0.00343704223632813
0.0314769744873047 -0.00667381286621094 -0.0247611999511719 -0.00658607482910157
0.0274982452392578 0.00652313232421875 -0.0278511047363281 -0.0118961334228516
0.0306129455566406 0.0143394470214844 -0.0285549163818359 -0.0069427490234375
0.028167724609375 0.0233478546142578 -0.0239830017089844 0.000858306884765623
0.0313835144042969 0.0469856262207031 -0.00187492370605468 -0.0295467376708984
0.0366668701171875 0.0389518737792969 0.0148639678955078 0.000263214111328127
0.0356636047363281 0.0271797180175781 0.0287437438964844 0.00546836853027344
0.0427093505859375 0.01580810546875 0.0401725769042969 -0.00576019287109375
0.041229248046875 -0.00278472900390625 0.0331497192382813 -0.0183296203613281
0.0353126525878906 -0.0250358581542969 0.0212802886962891 -0.0299243927001953
0.0216999053955078 -0.0349712371826172 0.00613021850585938 -0.0222873687744141
0.0189876556396484 -0.0322055816650391 -0.00409317016601562 -0.0102939605712891
0.0186424255371094 -0.0373916625976563 -0.00891971588134765 0.000507354736328125
0.0263557434082031 -0.0365142822265625 -0.016016960144043 0.00267887115478515
0.0356559753417969 -0.0229644775390625 -0.0262184143066406 0.00535392761230468
0.0406646728515625 -0.0107269287109375 -0.0256404876708984 -0.00298500061035157
0.0394783020019531 0.00744247436523437 -0.0252799987792969 -0.0108165740966797
0.0413856506347656 0.0206413269042969 -0.0172348022460937 -0.00217628479003906
0.0367088317871094 0.031951904296875 -0.0104589462280273 0.0112104415893555
0.0344886779785156 0.0504112243652344 0.00983238220214844 -0.0140419006347656
0.0447883605957031 0.0427970886230469 0.0258674621582031 0.0108871459960938
0.045013427734375 0.0274925231933594 0.0308609008789063 0.00781059265136719
0.0495262145996094 0.0111351013183594 0.0366287231445313 -0.00298690795898437
0.0445365905761719 -0.00873565673828125 0.0252952575683594 -0.0130138397216797
0.0344581604003906 -0.0304355621337891 0.0120849609375 -0.0192718505859375
0.0206718444824219 -0.0369453430175781 0.000547885894775392 -0.00626325607299805
0.0192813873291016 -0.0328178405761719 -0.00718832015991211 0.00601816177368164
0.0193252563476563 -0.0381431579589844 -0.0112380981445312 0.0158052444458008
0.0266685485839844 -0.037109375 -0.018646240234375 0.0152320861816406
0.0376663208007813 -0.0236396789550781 -0.0279827117919922 0.0139598846435547
0.0430450439453125 -0.0113906860351563 -0.0264320373535156 0.00143814086914063
0.0444679260253906 0.009246826171875 -0.0209712982177734 -0.00907516479492188
0.0457572937011719 0.0260467529296875 -0.00358033180236816 0.00284576416015625
0.0390739440917969 0.0381355285644531 0.00342750549316406 0.0247344970703125
0.0331611633300781 0.0447502136230469 0.0239200592041016 -0.00129508972167968
0.0453987121582031 0.0388603210449219 0.0359115600585938 0.017730712890625
0.045440673828125 0.0210685729980469 0.0320301055908203 0.00903701782226563
0.0473594665527344 0.0038909912109375 0.0299739837646484 0.000606536865234375
0.0382003784179688 -0.0131340026855469 0.0174665451049805 -0.0043182373046875
0.028076171875 -0.0310611724853516 0.00431060791015625 -0.00542116165161133
0.0159587860107422 -0.0336818695068359 -0.00370597839355469 0.00989437103271484
0.0154953002929687 -0.0290718078613281 -0.00912857055664062 0.0212554931640625
0.0168819427490234 -0.033447265625 -0.01416015625 0.0294589996337891
0.0242710113525391 -0.0317802429199219 -0.0230064392089844 0.0263633728027344
0.0343055725097656 -0.0196056365966797 -0.030792236328125 0.0207672119140625
0.04071044921875 -0.0082244873046875 -0.0267448425292969 0.00527000427246094
0.0418701171875 0.0130043029785156 -0.0169248580932617 -0.0061197280883789
0.0413589477539063 0.0291404724121094 0.00846576690673828 0.00907707214355469
0.0337257385253906 0.039794921875 0.0151939392089844 0.0388412475585938
0.0245742797851562 0.0330944061279297 0.0338115692138672 0.00721168518066406
0.0392379760742188 0.0286102294921875 0.0423049926757812 0.019134521484375
0.037200927734375 0.0112838745117188 0.0312175750732422 0.00951766967773437
0.0358314514160156 -0.002288818359375 0.0231113433837891 0.00429534912109375
0.0272426605224609 -0.0143413543701172 0.011387825012207 0.00293827056884766
0.0163135528564453 -0.0259075164794922 -0.000597476959228514 0.00704002380371094
0.00853157043457031 -0.0237483978271484 -0.00592041015625 0.0234298706054688
0.00909996032714844 -0.0195293426513672 -0.00979995727539062 0.0333271026611328
0.0114402770996094 -0.0239696502685547 -0.0165977478027344 0.0395889282226563
0.0174674987792969 -0.0222148895263672 -0.0279674530029297 0.0335407257080078
0.0260772705078125 -0.0130195617675781 -0.0339279174804688 0.0247707366943359
0.0322151184082031 -0.00461959838867188 -0.0276584625244141 0.00753593444824219
0.0325050354003906 0.0140628814697266 -0.0137252807617187 -0.00225162506103516
0.0314464569091797 0.0271968841552734 0.0154571533203125 0.0176582336425781
0.0227127075195313 0.0346031188964844 0.0227317810058594 0.0522956848144531
0.0113019943237305 0.0172967910766602 0.0403823852539063 0.0106544494628906
0.0241909027099609 0.0150527954101563 0.0442390441894531 0.0172615051269531
0.0223522186279297 0.00236320495605469 0.0291042327880859 0.008331298828125
0.0183258056640625 -0.00617408752441406 0.0194664001464844 0.00840950012207031
0.0106725692749023 -0.0115261077880859 0.00923061370849609 0.00854206085205078
0.00301361083984375 -0.0151948928833008 -0.00129508972167969 0.0163793563842773
0.000583648681640626 -0.00908184051513672 -0.00430679321289063 0.0318660736083984
0.00221776962280273 -0.00793552398681641 -0.00948715209960937 0.0402183532714844
0.00307846069335938 -0.0104970932006836 -0.0188446044921875 0.0453529357910156
0.00699710845947266 -0.0118837356567383 -0.0328102111816406 0.0376815795898438
0.0140752792358398 -0.00745296478271484 -0.0367774963378906 0.0263900756835938
0.0184268951416016 -0.00294303894042969 -0.0296382904052734 0.00907516479492188
0.0203037261962891 0.00959587097167969 -0.0130910873413086 0.00135707855224609
0.0189113616943359 0.0185890197753906 0.0167713165283203 0.0256366729736328
0.00900650024414063 0.0243911743164062 0.0254898071289063 0.0626602172851563
-0.000497579574584961 0.00408291816711426 -0.0312843322753906 -0.0536041259765625
-0.00373268127441406 -0.00252461433410644 -0.0116195678710938 -0.0233268737792969
-0.00683832168579102 0.00330924987792969 0.0149698257446289 -0.00102424621582031
-0.000730037689208984 0.00737619400024414 0.0371131896972656 -0.0107955932617188
0.00365161895751953 0.00325489044189453 0.0391654968261719 -0.0258102416992188
0.00418376922607422 -0.000121116638183594 0.0311927795410156 -0.0431098937988281
0.00346994400024414 -0.00547599792480469 0.0150566101074219 -0.0485649108886719
0.00234246253967285 -0.00334906578063965 0.00225067138671875 -0.0410842895507813
0.00253558158874512 -0.00436568260192871 -0.00266838073730469 -0.0304107666015625
0.00576019287109375 -0.00282382965087891 -0.00587844848632813 -0.0210628509521484
0.00644874572753906 0.000920772552490234 -0.0169687271118164 -0.0115385055541992
0.000701427459716796 0.00553607940673828 -0.0218505859375 -0.00869369506835938
-0.00641536712646484 0.00127077102661133 -0.0289840698242188 -0.0127468109130859
-0.00197982788085938 -0.00514745712280273 -0.0417213439941406 -0.0130195617675781
-0.0012437105178833 -0.00159728527069092 -0.038360595703125 -0.0104866027832031
0.0140838623046875 0.0201072692871094 -0.0254287719726562 -0.050140380859375
0.0112953186035156 0.0122299194335938 -0.00455093383789063 -0.0199108123779297
0.00756072998046875 0.0122976303100586 0.01873779296875 -0.00173187255859375
0.0146493911743164 0.011408805847168 0.0388336181640625 -0.0106735229492187
0.0181179046630859 0.00196075439453125 0.0391693115234375 -0.0246849060058594
0.0163593292236328 -0.0100622177124023 0.0297660827636719 -0.0414237976074219
0.0107936859130859 -0.0186634063720703 0.0135002136230469 -0.0445823669433594
0.00945472717285156 -0.0166530609130859 0.000591278076171879 -0.0354270935058594
0.00887489318847657 -0.0189533233642578 -0.00562477111816406 -0.0242538452148438
0.0148563385009766 -0.0178070068359375 -0.00891494750976562 -0.0171880722045898
0.0194072723388672 -0.00901412963867187 -0.0201663970947266 -0.00881576538085938
0.0171899795532227 -0.000553131103515625 -0.0231857299804688 -0.00798416137695312
0.0115299224853516 0.00427627563476562 -0.0289955139160156 -0.0111560821533203
0.0146598815917969 0.00489330291748047 -0.037567138671875 -0.00916671752929688
0.015594482421875 0.0106277465820312 -0.033660888671875 -0.00600242614746094
0.0251312255859375 0.0352134704589844 -0.015960693359375 -0.041351318359375
0.0251541137695313 0.0260753631591797 0.00500965118408203 -0.0108098983764648
0.0223808288574219 0.0211658477783203 0.0237522125244141 0.00145149230957031
0.0302295684814453 0.0140571594238281 0.0401268005371094 -0.00966644287109375
0.0311927795410156 -0.000112533569335938 0.0366973876953125 -0.0229568481445313
0.0268783569335937 -0.0183811187744141 0.0253181457519531 -0.0375823974609375
0.0165367126464844 -0.0289974212646484 0.0103759765625 -0.0351905822753906
0.0145130157470703 -0.0276145935058594 -0.00213432312011718 -0.0240974426269531
0.013519287109375 -0.0312290191650391 -0.00747585296630859 -0.013127326965332
0.0205879211425781 -0.0301914215087891 -0.0129404067993164 -0.00801372528076172
0.0290985107421875 -0.0192413330078125 -0.0237789154052734 -0.00205230712890625
0.0303001403808594 -0.00767326354980469 -0.0246448516845703 -0.00562477111816406
0.0274085998535156 0.00489234924316406 -0.0281009674072266 -0.0102138519287109
0.0298576354980469 0.0125885009765625 -0.0291843414306641 -0.00568199157714843
0.0294113159179688 0.0212306976318359 -0.0237445831298828 0.00194168090820313
0.0341072082519531 0.0446548461914063 -0.00321006774902343 -0.0280399322509766
0.0382156372070313 0.0365409851074219 0.0153179168701172 -0.000224113464355467
0.0361480712890625 0.0250167846679688 0.0286865234375 0.00414466857910157
0.0430335998535156 0.0127487182617187 0.0393791198730469 -0.0075531005859375
0.0401649475097656 -0.00510787963867188 0.0315227508544922 -0.0195980072021484
0.0326042175292969 -0.0264129638671875 0.0187149047851563 -0.0300559997558594
0.01934814453125 -0.0357093811035156 0.004364013671875 -0.0223731994628906
0.0170764923095703 -0.0330581665039063 -0.00487232208251953 -0.00905418395996094
0.0159225463867188 -0.0381050109863281 -0.00872898101806641 0.00166273117065429
0.0235671997070312 -0.0379371643066406 -0.0154695510864258 0.00339603424072265
0.0340900421142578 -0.0249786376953125 -0.0254325866699219 0.00655937194824218
0.0384635925292969 -0.0134162902832031 -0.0256214141845703 -0.00193214416503906
0.0387153625488281 0.00518417358398438 -0.0260448455810547 -0.00872230529785156
0.0418472290039063 0.0187721252441406 -0.0172576904296875 -0.00156116485595703
0.038238525390625 0.0295219421386719 -0.0101346969604492 0.0115995407104492
0.0376853942871094 0.0467910766601563 0.0103168487548828 -0.0139741897583008
0.0464630126953125 0.0393753051757813 0.0265350341796875 0.00930595397949219
0.046051025390625 0.0237464904785156 0.0315361022949219 0.00722312927246094
0.0497398376464844 0.008514404296875 0.0358314514160156 -0.0041961669921875
0.0425643920898438 -0.0107955932617188 0.0243511199951172 -0.0139122009277344
0.0324039459228516 -0.0315723419189453 0.0106639862060547 -0.0189743041992188
0.0182418823242187 -0.03717041015625 -0.000300407409667968 -0.00572538375854492
0.0168247222900391 -0.0334033966064453 -0.00687789916992188 0.00698041915893555
0.0162811279296875 -0.0388069152832031 -0.0102090835571289 0.0166635513305664
0.0242500305175781 -0.0379867553710938 -0.0186424255371094 0.0162677764892578
0.03558349609375 -0.0256576538085938 -0.0274391174316406 0.0152072906494141
0.0421028137207031 -0.0141983032226563 -0.0257987976074219 0.00297737121582031
0.0439224243164063 0.00708770751953125 -0.0218067169189453 -0.00737762451171875
0.0458717346191406 0.0237541198730469 -0.00379061698913574 0.00309276580810547
0.0406532287597656 0.0349082946777344 0.00361251831054688 0.0242595672607422
0.0350456237792969 0.0415916442871094 0.0242576599121094 -0.00192642211914062
0.0469970703125 0.0348930358886719 0.0362472534179687 0.0157661437988281
0.0460090637207031 0.0178680419921875 0.032684326171875 0.00873184204101563
0.0468368530273438 0.00184249877929688 0.0292453765869141 -0.000265121459960937
0.0376777648925781 -0.015380859375 0.0163288116455078 -0.00510311126708985
0.0251998901367188 -0.0313739776611328 0.00341367721557617 -0.00467538833618164
0.0136775970458984 -0.0332546234130859 -0.00324153900146484 0.00991535186767578
0.0134944915771484 -0.0295486450195313 -0.00779914855957031 0.0222759246826172
0.0141849517822266 -0.0333137512207031 -0.0115299224853516 0.0298557281494141
0.0213718414306641 -0.0323581695556641 -0.0216484069824219 0.0269660949707031
0.0324497222900391 -0.0213108062744141 -0.0286026000976562 0.0222434997558594
0.0394363403320313 -0.0111923217773438 -0.0261154174804688 0.00677680969238281
0.0411033630371094 0.0103874206542969 -0.0172634124755859 -0.00470924377441406
0.0422096252441406 0.026336669921875 0.0075068473815918 0.00852584838867188
0.0358009338378906 0.0363616943359375 0.0165596008300781 0.0378265380859375
0.0259513854980469 0.0304241180419922 0.0343208312988281 0.00500679016113282
0.0391502380371094 0.0250930786132813 0.0431022644042969 0.0169296264648438
0.0374755859375 0.00888824462890625 0.0319995880126953 0.00731849670410156
0.0343894958496094 -0.004730224609375 0.0235080718994141 0.00372886657714844
0.0250453948974609 -0.0155448913574219 0.0103626251220703 0.00270366668701172
0.0135517120361328 -0.0256614685058594 -0.000298023223876952 0.00716543197631836
0.00693893432617187 -0.0228271484375 -0.00397300720214844 0.0233154296875
0.00812911987304688 -0.0199375152587891 -0.00769805908203125 0.0335121154785156
0.00956535339355469 -0.023284912109375 -0.0141258239746094 0.0402259826660156
0.0150051116943359 -0.0228328704833984 -0.0259380340576172 0.0347080230712891
0.0251731872558594 -0.0142230987548828 -0.0322055816650391 0.0262203216552734
0.0309391021728516 -0.00604248046875 -0.0268707275390625 0.00908088684082032
0.0333957672119141 0.0113372802734375 -0.0141191482543945 -0.001617431640625
0.0323619842529297 0.0250778198242188 0.0153322219848633 0.0164766311645508
0.0243453979492188 0.0319671630859375 0.0249290466308594 0.0498275756835938
0.0127573013305664 0.01568603515625 0.0406951904296875 0.00829696655273438
0.0251655578613281 0.0128192901611328 0.0447883605957031 0.0148773193359375
0.0214557647705078 0.000772476196289063 0.0290756225585938 0.00713729858398438
0.017268180847168 -0.00716018676757812 0.0195655822753906 0.00769805908203125
0.00931549072265625 -0.0118131637573242 0.00927257537841797 0.00827503204345703
0.00135612487792969 -0.0138778686523438 -0.000311851501464845 0.0160541534423828
-0.000109672546386718 -0.0091705322265625 -0.00274658203125 0.0312423706054688
0.00199794769287109 -0.00757598876953125 -0.006622314453125 0.040557861328125
0.00262355804443359 -0.0095376968383789 -0.0159988403320313 0.0452156066894531
0.00540256500244141 -0.0114259719848633 -0.0300712585449219 0.0384902954101562
0.0132761001586914 -0.00844192504882812 -0.0352287292480469 0.0272750854492187
0.0181560516357422 -0.00391197204589844 -0.0285129547119141 0.0111865997314453
0.0204029083251953 0.00788307189941406 -0.0132427215576172 0.00275802612304688
0.0194969177246094 0.0172214508056641 0.0178585052490234 0.0234146118164063
0.0102081298828125 0.0224227905273438 0.0275650024414063 0.0595321655273437
0.000326156616210937 0.00345253944396973 -0.0307121276855469 -0.05133056640625
-0.0033416748046875 -0.00207233428955078 -0.0116653442382812 -0.0221481323242188
-0.00624704360961914 0.00344657897949219 0.0149412155151367 -0.00147438049316406
0.000112056732177734 0.00766563415527344 0.0349864959716797 -0.0108623504638672
0.00450563430786133 0.00291872024536133 0.0373001098632813 -0.0260009765625
0.00404167175292969 -0.000869035720825195 0.0286865234375 -0.0429534912109375
0.00310564041137695 -0.00570297241210938 0.0134925842285156 -0.0476608276367188
0.00276303291320801 -0.00353264808654785 0.00121688842773438 -0.0394744873046875
0.00270795822143555 -0.00372600555419922 -0.00349807739257813 -0.0292987823486328
0.00583839416503906 -0.00334072113037109 -0.00560951232910156 -0.0204563140869141
0.00611066818237305 0.00113677978515625 -0.0167007446289063 -0.0110797882080078
0.00131940841674805 0.00592565536499023 -0.0213050842285156 -0.00882148742675781
-0.00619077682495117 0.00181913375854492 -0.0287570953369141 -0.0121421813964844
-0.00252866744995117 -0.00445890426635742 -0.0406455993652344 -0.0118827819824219
-0.00143063068389893 -0.000900745391845703 -0.0378799438476563 -0.00964355468749999
0.0142688751220703 0.0197772979736328 -0.0248069763183594 -0.0473480224609375
0.011566162109375 0.0118389129638672 -0.00427627563476563 -0.0179405212402344
0.00775051116943359 0.0120334625244141 0.0185298919677734 -0.00134658813476562
0.0147285461425781 0.0105476379394531 0.0370635986328125 -0.0111846923828125
0.0178089141845703 0.00121116638183594 0.036895751953125 -0.02496337890625
0.0155019760131836 -0.0103416442871094 0.0279808044433594 -0.0408515930175781
0.010284423828125 -0.0189247131347656 0.0119247436523438 -0.0433273315429688
0.00908088684082031 -0.0169496536254883 -0.000421524047851565 -0.0337905883789063
0.00835418701171875 -0.0190010070800781 -0.00619316101074219 -0.0234584808349609
0.01416015625 -0.0178642272949219 -0.00965309143066406 -0.0169048309326172
0.0187225341796875 -0.00951194763183594 -0.0195484161376953 -0.00818824768066407
0.0171918869018555 -0.00125217437744141 -0.0221996307373047 -0.00776100158691406
0.011042594909668 0.00423240661621094 -0.0286750793457031 -0.0106582641601563
0.0143461227416992 0.00508880615234375 -0.0370521545410156 -0.00844573974609375
0.0151138305664063 0.0101032257080078 -0.0336284637451172 -0.00535583496093751
0.02569580078125 0.0335407257080078 -0.0154609680175781 -0.0391578674316406
0.0252761840820313 0.024688720703125 0.00490570068359375 -0.0102386474609375
0.0221958160400391 0.0199413299560547 0.0240001678466797 0.00139427185058594
0.0297889709472656 0.0127735137939453 0.0388298034667969 -0.00969314575195313
0.030242919921875 -0.000944137573242188 0.0352783203125 -0.0226325988769531
0.0253486633300781 -0.0185184478759766 0.0237464904785156 -0.0371971130371094
0.0153827667236328 -0.0284271240234375 0.00887107849121094 -0.0333595275878906
0.0133647918701172 -0.0271205902099609 -0.00256729125976563 -0.0218124389648438
0.0124282836914062 -0.0308628082275391 -0.00841999053955078 -0.0119438171386719
0.0196075439453125 -0.0301628112792969 -0.0136423110961914 -0.00778484344482422
0.0278053283691406 -0.0194339752197266 -0.02288818359375 -0.00103950500488281
0.0298881530761719 -0.00819015502929688 -0.0245113372802734 -0.00499916076660157
0.0265922546386719 0.00477027893066406 -0.0273990631103516 -0.00940513610839843
0.0295276641845703 0.0115528106689453 -0.0287036895751953 -0.00476646423339844
0.028564453125 0.0200214385986328 -0.0237064361572266 0.00292015075683594
0.0345191955566406 0.0420112609863281 -0.003021240234375 -0.0265960693359375
0.0376777648925781 0.0343093872070313 0.0153779983520508 0.000241279602050783
0.0360260009765625 0.0239181518554688 0.0279884338378906 0.00430107116699219
0.0424003601074219 0.0112686157226563 0.0382118225097656 -0.00731658935546875
0.03851318359375 -0.00598907470703125 0.030242919921875 -0.0189323425292969
0.0307254791259766 -0.0261306762695313 0.016876220703125 -0.0291957855224609
0.0173931121826172 -0.0349006652832031 0.00417518615722656 -0.0206127166748047
0.0153350830078125 -0.0324630737304688 -0.00490570068359375 -0.00800275802612305
0.0144805908203125 -0.0375862121582031 -0.0089120864868164 0.00224781036376953
0.0219230651855469 -0.0371475219726563 -0.0160140991210938 0.00371170043945312
0.0323257446289062 -0.0252952575683594 -0.0250148773193359 0.00719451904296875
0.0377044677734375 -0.013824462890625 -0.0247974395751953 -0.000604629516601558
0.0375785827636719 0.00472259521484375 -0.0254993438720703 -0.00782966613769531
0.04046630859375 0.0172119140625 -0.0170402526855469 -0.00115299224853516
0.0383377075195313 0.0276870727539063 -0.0106277465820312 0.0118846893310547
0.0380630493164063 0.0442581176757813 0.0108203887939453 -0.013026237487793
0.0454750061035156 0.0370101928710938 0.0259647369384766 0.00946807861328125
0.044342041015625 0.0230789184570313 0.0306720733642578 0.00769996643066406
0.0485191345214844 0.00655746459960938 0.0346565246582031 -0.00444793701171875
0.0410995483398438 -0.011199951171875 0.0228347778320313 -0.0130844116210938
0.0300121307373047 -0.0306129455566406 0.00968170166015626 -0.0178661346435547
0.0161857604980469 -0.0363578796386719 -0.000180244445800781 -0.00528478622436524
0.0156536102294922 -0.0333633422851563 -0.00610494613647461 0.00750875473022461
0.0147323608398437 -0.0383491516113281 -0.00955104827880859 0.0168170928955078
0.0214996337890625 -0.0376739501953125 -0.0178108215332031 0.0164852142333984
0.0335407257080078 -0.0259323120117188 -0.0265769958496094 0.0156497955322266
0.0403785705566406 -0.0152740478515625 -0.0253257751464844 0.00334548950195312
0.042449951171875 0.00628280639648438 -0.0218849182128906 -0.0065765380859375
0.0446205139160156 0.0222434997558594 -0.00435638427734375 0.00256943702697754
0.0405387878417969 0.0328216552734375 0.00346565246582032 0.0235977172851563
0.0352554321289063 0.0381240844726563 0.0237045288085938 -0.00211715698242187
0.04583740234375 0.0320243835449219 0.0358810424804688 0.015594482421875
0.0447845458984375 0.0158653259277344 0.0316543579101563 0.00818634033203125
0.045196533203125 9.918212890625E-05 0.0289497375488281 0.000165939331054688
0.0352401733398438 -0.0154800415039063 0.0157890319824219 -0.00443744659423828
0.0237941741943359 -0.0308055877685547 0.00294208526611328 -0.0042715072631836
0.0123615264892578 -0.0320014953613281 -0.00222015380859375 0.0103311538696289
0.0129356384277344 -0.0283432006835938 -0.006500244140625 0.0218925476074219
0.0123786926269531 -0.0327987670898437 -0.01043701171875 0.0294151306152344
0.0193843841552734 -0.0314960479736328 -0.0207633972167969 0.0274181365966797
0.0310859680175781 -0.0217113494873047 -0.0277996063232422 0.0222377777099609
0.0377235412597656 -0.0113945007324219 -0.0255870819091797 0.00723838806152344
0.0404052734375 0.00857162475585937 -0.0173511505126953 -0.00397682189941406
0.0412864685058594 0.0246505737304688 0.0071415901184082 0.0084223747253418
0.03558349609375 0.0343513488769531 0.0158348083496094 0.0357856750488281
0.0262947082519531 0.0282192230224609 0.0340442657470703 0.00461006164550781
0.038848876953125 0.02294921875 0.0419502258300781 0.0161895751953125
0.0363960266113281 0.00806045532226563 0.0305805206298828 0.0076904296875
0.0331592559814453 -0.00532150268554688 0.0233497619628906 0.00407028198242188
0.0238552093505859 -0.0157642364501953 0.0106897354125977 0.00271797180175781
0.0128536224365234 -0.0243053436279297 -5.38825988769521E-05 0.00737190246582031
0.00611686706542969 -0.0220832824707031 -0.00284576416015625 0.02252197265625
0.00748252868652344 -0.0192661285400391 -0.00605201721191406 0.0329418182373047
0.00815391540527344 -0.0218048095703125 -0.0121955871582031 0.0391807556152344
0.0134944915771484 -0.0218391418457031 -0.0248851776123047 0.0345668792724609
0.0238494873046875 -0.0151939392089844 -0.0310611724853516 0.0263557434082031
0.0300426483154297 -0.0072021484375 -0.0262222290039062 0.0096588134765625
0.0319995880126953 0.0101146697998047 -0.013911247253418 -0.000498771667480466
0.0316600799560547 0.0229053497314453 0.0152807235717773 0.0155916213989258
0.0247173309326172 0.0303440093994141 0.0241508483886719 0.0472526550292969
0.0128917694091797 0.0144262313842773 0.0399894714355469 0.00711441040039063
0.0246105194091797 0.011260986328125 0.0444107055664063 0.0143928527832031
0.0208530426025391 0.00055694580078125 0.0284633636474609 0.00679397583007812
0.0164022445678711 -0.00754737854003906 0.0191249847412109 0.00728607177734375
0.00857162475585938 -0.0115642547607422 0.00950908660888672 0.00862503051757813
0.00125980377197266 -0.0130767822265625 0.000592231750488282 0.0163650512695313
-0.000358104705810547 -0.00853681564331055 -0.00109481811523437 0.0300884246826172
0.00150060653686524 -0.00697851181030273 -0.00474166870117187 0.0392837524414063
0.00219917297363281 -0.00913238525390625 -0.0137825012207031 0.0444221496582031
0.00495529174804687 -0.0107288360595703 -0.0275382995605469 0.038543701171875
0.0119514465332031 -0.00863456726074219 -0.0335502624511719 0.0274715423583984
0.0175104141235352 -0.00449848175048828 -0.0277557373046875 0.0116863250732422
0.0194606781005859 0.00730323791503906 -0.013249397277832 0.00255203247070313
0.0184516906738281 0.015838623046875 0.0172653198242188 0.0221538543701172
0.0106449127197266 0.020538330078125 0.0270118713378906 0.0573577880859375
0.000797748565673828 0.00372433662414551 -0.0286407470703125 -0.0501060485839844
-0.00355124473571777 -0.00193333625793457 -0.0107002258300781 -0.0213184356689453
-0.00606822967529297 0.00293445587158203 0.0144624710083008 -0.00144004821777344
0.000340938568115234 0.00699806213378906 0.0351371765136719 -0.01104736328125
0.00409936904907227 0.00344562530517578 0.0365982055664063 -0.0253486633300781
0.00419020652770996 -0.000695466995239258 0.028564453125 -0.0420036315917969
0.00359439849853516 -0.00586128234863281 0.0136833190917969 -0.046630859375
0.00346708297729492 -0.00391268730163574 0.001434326171875 -0.0379829406738281
0.00281095504760742 -0.00464677810668945 -0.00397491455078125 -0.0292072296142578
0.00664091110229492 -0.00378084182739258 -0.00585174560546875 -0.0197868347167969
0.00672531127929688 0.00075531005859375 -0.016423225402832 -0.0109777450561523
0.00149250030517578 0.00611686706542969 -0.0208625793457031 -0.00892066955566407
-0.00613927841186523 0.00208139419555664 -0.0281810760498047 -0.0134906768798828
-0.00277996063232422 -0.00366020202636719 -0.0404548645019531 -0.0118064880371094
-0.00153696537017822 -0.000226140022277832 -0.037017822265625 -0.00928497314453124
0.0138587951660156 0.0196704864501953 -0.0228767395019531 -0.046844482421875
0.01123046875 0.0114307403564453 -0.00401973724365234 -0.0171890258789063
0.00813388824462891 0.0117168426513672 0.01849365234375 -0.000825881958007812
0.0147151947021484 0.00999164581298828 0.0371589660644531 -0.00988388061523437
0.0171566009521484 0.0006256103515625 0.0364570617675781 -0.0236625671386719
0.015533447265625 -0.00954246520996094 0.0276336669921875 -0.0399398803710938
0.0104179382324219 -0.0182342529296875 0.0124015808105469 -0.042236328125
0.00912952423095703 -0.0164222717285156 -0.000379562377929685 -0.0322647094726563
0.00881767272949219 -0.0186786651611328 -0.00631904602050781 -0.0226554870605469
0.0145473480224609 -0.0178966522216797 -0.00994968414306641 -0.0165281295776367
0.0190391540527344 -0.0096893310546875 -0.0196857452392578 -0.00838088989257813
0.0174283981323242 -0.000348091125488281 -0.0220565795898438 -0.00801658630371093
0.011012077331543 0.00483894348144531 -0.0283184051513672 -0.0111923217773437
0.0136470794677734 0.00515270233154297 -0.0365676879882813 -0.00886154174804687
0.0147724151611328 0.0104713439941406 -0.0334663391113281 -0.00510978698730468
0.0256557464599609 0.0330543518066406 -0.0141944885253906 -0.0382575988769531
0.0241718292236328 0.0249099731445313 0.00604343414306641 -0.00853300094604492
0.0222835540771484 0.0200462341308594 0.0234699249267578 0.00168228149414063
0.0295734405517578 0.0130176544189453 0.038421630859375 -0.00798797607421875
0.0298805236816406 -0.000734329223632813 0.0347728729248047 -0.0217247009277344
0.0251312255859375 -0.0181331634521484 0.0236892700195312 -0.0356254577636719
0.0148468017578125 -0.0280952453613281 0.00824737548828125 -0.0326328277587891
0.0132904052734375 -0.0272369384765625 -0.00276947021484375 -0.0212192535400391
0.0121784210205078 -0.0303382873535156 -0.00736045837402344 -0.0115261077880859
0.0191020965576172 -0.0299453735351563 -0.0135812759399414 -0.0075836181640625
0.0272502899169922 -0.0193500518798828 -0.02264404296875 -0.00121116638183594
0.0294666290283203 -0.00774002075195313 -0.0245075225830078 -0.00485610961914062
0.0262527465820313 0.00518989562988281 -0.0279064178466797 -0.00961875915527344
0.0288810729980469 0.0121726989746094 -0.0283565521240234 -0.00441932678222657
0.0281429290771484 0.0202159881591797 -0.0237636566162109 0.00116539001464844
0.0337371826171875 0.0416603088378906 -0.00165557861328125 -0.0248680114746094
0.0362319946289063 0.0338096618652344 0.0152835845947266 0.00127315521240235
0.0355758666992188 0.02398681640625 0.0275039672851562 0.00549697875976563
0.0421104431152344 0.0113143920898437 0.0377311706542969 -0.00640106201171875
0.0379676818847656 -0.005950927734375 0.0292491912841797 -0.0186328887939453
0.0297374725341797 -0.0250530242919922 0.0165443420410156 -0.0273246765136719
0.0178585052490234 -0.0338706970214844 0.00382614135742188 -0.0198307037353516
0.0159721374511719 -0.0319156646728516 -0.00450992584228515 -0.0073552131652832
0.0138664245605469 -0.0365638732910156 -0.0092010498046875 0.00190448760986328
0.0216255187988281 -0.0367393493652344 -0.0161781311035156 0.00449657440185547
0.0319271087646484 -0.0247650146484375 -0.0252342224121094 0.00728607177734375
0.0378303527832031 -0.0137443542480469 -0.0253505706787109 -0.0012054443359375
0.0362358093261719 0.00525665283203125 -0.0255718231201172 -0.00763893127441406
0.0392646789550781 0.0179176330566406 -0.0179233551025391 -0.00106430053710937
0.0372581481933594 0.02777099609375 -0.0110149383544922 0.0119724273681641
0.0372886657714844 0.0430335998535156 0.0120668411254883 -0.0124187469482422
0.0440521240234375 0.0365486145019531 0.0257911682128906 0.00983810424804688
0.0439491271972656 0.0222206115722656 0.0306816101074219 0.00783157348632813
0.0474967956542969 0.00666427612304687 0.0343551635742188 -0.00246810913085938
0.0413703918457031 -0.0108146667480469 0.0233306884765625 -0.0120372772216797
0.0295524597167969 -0.029327392578125 0.00895404815673828 -0.0175704956054688
0.0167922973632813 -0.0353507995605469 1.09672546386734E-05 -0.00416350364685059
0.0157127380371094 -0.0322971343994141 -0.00597095489501953 0.00797796249389648
0.0142784118652344 -0.037567138671875 -0.00926685333251953 0.0171747207641602
0.0216598510742188 -0.0367622375488281 -0.0187644958496094 0.0167331695556641
0.0335044860839844 -0.0250835418701172 -0.0263099670410156 0.015594482421875
0.0391616821289063 -0.014495849609375 -0.0255317687988281 0.00242996215820313
0.0411033630371094 0.00672149658203125 -0.0217781066894531 -0.00592613220214844
0.0436439514160156 0.0219841003417969 -0.00547647476196289 0.00309514999389649
0.0390739440917969 0.0324363708496094 0.00284957885742188 0.0226840972900391
0.0346450805664063 0.0377998352050781 0.0248775482177734 -0.00165176391601562
0.0445442199707031 0.0314102172851563 0.0348129272460938 0.0158290863037109
0.0435447692871094 0.0163002014160156 0.0318775177001953 0.00993728637695313
0.0442237854003906 8.7738037109375E-05 0.0291404724121094 0.00120735168457031
0.0343551635742188 -0.0155029296875 0.0157108306884766 -0.0039215087890625
0.0228614807128906 -0.0287647247314453 0.00225591659545899 -0.00432324409484863
0.0129013061523438 -0.0310726165771484 -0.00192451477050781 0.0102033615112305
0.012542724609375 -0.0276336669921875 -0.00545883178710937 0.0221080780029297
0.0121536254882813 -0.0318336486816406 -0.0101108551025391 0.0290622711181641
0.0190811157226563 -0.0313587188720703 -0.0212287902832031 0.0266990661621094
0.0303230285644531 -0.0216197967529297 -0.0278377532958984 0.0215358734130859
0.0372734069824219 -0.0114212036132813 -0.0246734619140625 0.00652885437011719
0.0390625 0.00984573364257813 -0.0171651840209961 -0.00357723236083984
0.040802001953125 0.0246047973632813 0.00634145736694336 0.00807094573974609
0.0349044799804688 0.0334682464599609 0.0144443511962891 0.0350914001464844
0.0263500213623047 0.0271034240722656 0.0335197448730469 0.00497627258300781
0.0377769470214844 0.0219459533691406 0.0412063598632813 0.0166816711425781
0.035369873046875 0.0076446533203125 0.0307693481445313 0.00930595397949219
0.0326442718505859 -0.00498390197753906 0.0231609344482422 0.00533103942871094
0.0233955383300781 -0.01544189453125 0.0104732513427734 0.00327587127685547
0.0120887756347656 -0.0234298706054688 0.000307083129882813 0.00789022445678711
0.00583457946777344 -0.0207347869873047 -0.00257492065429688 0.0223789215087891
0.00749588012695313 -0.0176467895507813 -0.00522804260253906 0.0324554443359375
0.00843048095703125 -0.0214462280273438 -0.01220703125 0.0378684997558594
0.0137233734130859 -0.0210399627685547 -0.0245952606201172 0.0344409942626953
0.0224990844726562 -0.0137710571289062 -0.0299339294433594 0.0255241394042969
0.0285129547119141 -0.00690841674804688 -0.0255203247070312 0.00958442687988281
0.0304336547851562 0.0107650756835938 -0.0142040252685547 -0.000893592834472653
0.0310268402099609 0.0228538513183594 0.0147418975830078 0.0154743194580078
0.02435302734375 0.0296306610107422 0.0229034423828125 0.0470390319824219
0.0125093460083008 0.013575553894043 0.0400619506835938 0.00759506225585938
0.0242252349853516 0.010894775390625 0.0430488586425781 0.0144538879394531
0.0204544067382812 -1.52587890625E-05 0.0285320281982422 0.00754928588867188
0.0148305892944336 -0.00763130187988281 0.0188789367675781 0.00805473327636719
0.00784969329833984 -0.0112552642822266 0.00933170318603516 0.00908946990966797
0.00102424621582031 -0.0120573043823242 0.000190734863281248 0.0169868469238281
-0.000512599945068359 -0.0070343017578125 -0.000982284545898439 0.0298900604248047
0.00230121612548828 -0.00600290298461914 -0.00389480590820312 0.0378913879394531
0.00199747085571289 -0.00859975814819336 -0.01336669921875 0.043426513671875
0.00462818145751953 -0.0107059478759766 -0.0275764465332031 0.0375595092773437
0.0116500854492188 -0.00759410858154297 -0.0330066680908203 0.0270729064941406
0.0170316696166992 -0.00434112548828125 -0.0272216796875 0.0107803344726563
0.0193405151367188 0.00786209106445313 -0.0125761032104492 0.00226211547851563
0.0185050964355469 0.0155506134033203 0.0171375274658203 0.0212574005126953
0.0107078552246094 0.0202159881591797 0.0251350402832031 0.0558013916015625
0.000651359558105469 0.00450372695922852 -0.0262107849121094 -0.0519027709960938
-0.00323057174682617 -0.00129127502441406 -0.0101585388183594 -0.0213336944580078
-0.00591278076171875 0.00342416763305664 0.0148410797119141 -0.000479698181152344
0.000594615936279297 0.00652265548706055 0.03521728515625 -0.00978469848632813
0.0039060115814209 0.00327396392822266 0.0383071899414063 -0.0239601135253906
0.00410342216491699 -0.00176334381103516 0.0298690795898438 -0.0418853759765625
0.00366830825805664 -0.00702476501464844 0.01434326171875 -0.0465660095214844
0.00392341613769531 -0.00449085235595703 0.00249099731445313 -0.0378379821777344
0.0034327507019043 -0.00465154647827148 -0.00333595275878907 -0.0294075012207031
0.00619220733642578 -0.00334692001342773 -0.00603866577148438 -0.0212268829345703
0.00743389129638672 0.000813961029052734 -0.0158681869506836 -0.0119009017944336
0.00248003005981445 0.00647211074829102 -0.0212516784667969 -0.0103263854980469
-0.00583553314208984 0.00283241271972656 -0.0285148620605469 -0.0145320892333984
-0.00297260284423828 -0.0037229061126709 -0.0409126281738281 -0.0125350952148437
-0.00150251388549805 0.000176191329956055 -0.0381622314453125 -0.0108566284179687
0.0136451721191406 0.0203647613525391 -0.0214576721191406 -0.0474739074707031
0.0114278793334961 0.0119972229003906 -0.00341320037841797 -0.0172195434570312
0.00783061981201172 0.0125398635864258 0.0181179046630859 -7.62939453124992E-05
0.0153102874755859 0.0106945037841797 0.03778076171875 -0.0087738037109375
0.0175485610961914 0.00192165374755859 0.0373878479003906 -0.023223876953125
0.0160808563232422 -0.0101537704467773 0.0291633605957031 -0.0397109985351563
0.01104736328125 -0.0194110870361328 0.0127754211425781 -0.0413818359375
0.00938701629638672 -0.0172328948974609 -0.000434875488281246 -0.0318565368652344
0.00943374633789063 -0.0195217132568359 -0.00608634948730469 -0.0224037170410156
0.0155525207519531 -0.0180187225341797 -0.0109977722167969 -0.0173501968383789
0.0198307037353516 -0.0095977783203125 -0.0200672149658203 -0.00835609436035156
0.0172405242919922 8.29696655273437E-05 -0.0223922729492188 -0.00877761840820313
0.0107860565185547 0.00581741333007813 -0.0283946990966797 -0.0121746063232422
0.0129194259643555 0.00574111938476563 -0.0366744995117188 -0.00934982299804687
0.0147933959960938 0.0116548538208008 -0.0339813232421875 -0.00623703002929688
0.02520751953125 0.0334949493408203 -0.0126495361328125 -0.0387496948242188
0.0238780975341797 0.0255241394042969 0.00516176223754883 -0.00800609588623047
0.0221900939941406 0.0209865570068359 0.0239429473876953 0.00264739990234375
0.0301456451416016 0.0138473510742188 0.0393600463867188 -0.0074615478515625
0.0300674438476563 -0.000673294067382813 0.035186767578125 -0.0210304260253906
0.0258617401123047 -0.0185108184814453 0.02362060546875 -0.0353736877441406
0.01629638671875 -0.0278377532958984 0.00953865051269532 -0.0317363739013672
0.0150070190429688 -0.0269775390625 -0.00263404846191406 -0.0201663970947266
0.0138587951660156 -0.0306377410888672 -0.00821876525878906 -0.0109844207763672
0.02032470703125 -0.0303287506103516 -0.0145254135131836 -0.00756645202636719
0.0285148620605469 -0.0186405181884766 -0.0232810974121094 -0.00175094604492188
0.0303897857666016 -0.00748634338378906 -0.0244808197021484 -0.00550270080566407
0.0261859893798828 0.006591796875 -0.0280971527099609 -0.00992393493652344
0.0289363861083984 0.0137748718261719 -0.0286197662353516 -0.00571250915527344
0.0284976959228516 0.0217456817626953 -0.0252628326416016 0.001708984375
0.0336685180664063 0.0420722961425781 -7.62939453124665E-06 -0.0253467559814453
0.0362281799316406 0.0348930358886719 0.0165119171142578 0.00206661224365235
0.0350475311279297 0.0258312225341797 0.0285835266113281 0.00721931457519532
0.0425643920898438 0.0119400024414062 0.038299560546875 -0.004638671875
0.0386390686035156 -0.0050506591796875 0.0308685302734375 -0.0169277191162109
0.0312156677246094 -0.0252513885498047 0.0169830322265625 -0.0272960662841797
0.0193595886230469 -0.0341835021972656 0.0048370361328125 -0.0191059112548828
0.0177555084228516 -0.0328273773193359 -0.00402069091796875 -0.00673007965087891
0.0144500732421875 -0.0368309020996094 -0.00933170318603515 0.00247859954833984
0.0222282409667969 -0.0362358093261719 -0.0170869827270508 0.00367355346679687
0.0327205657958984 -0.0246696472167969 -0.026214599609375 0.00703239440917968
0.0378570556640625 -0.0128860473632813 -0.0255680084228516 -0.00125122070312501
0.0365447998046875 0.00689697265625 -0.0264854431152344 -0.0079193115234375
0.0392951965332031 0.0200119018554687 -0.0179691314697266 -0.00147056579589843
0.0373001098632813 0.0289955139160156 -0.0116891860961914 0.0122566223144531
0.0364227294921875 0.0440292358398438 0.0128612518310547 -0.0128555297851562
0.0438003540039063 0.0372390747070313 0.0261325836181641 0.0124263763427734
0.0433158874511719 0.0239334106445313 0.0310649871826172 0.00998687744140625
0.0478134155273438 0.00754928588867187 0.0354118347167969 -0.000698089599609375
0.0408973693847656 -0.00994491577148438 0.0228404998779297 -0.0105552673339844
0.0309581756591797 -0.0285758972167969 0.00937557220458985 -0.0161399841308594
0.0176162719726563 -0.0351066589355469 0.000345230102539063 -0.0042417049407959
0.0167331695556641 -0.0321750640869141 -0.00583648681640625 0.00915241241455078
0.0149726867675781 -0.037353515625 -0.00982856750488281 0.0170192718505859
0.0221595764160156 -0.0369834899902344 -0.0197067260742187 0.0168647766113281
0.0342044830322266 -0.0256061553955078 -0.0273036956787109 0.0148658752441406
0.0400848388671875 -0.0146598815917969 -0.0256252288818359 0.00260353088378907
0.042236328125 0.007843017578125 -0.0223789215087891 -0.00548362731933594
0.044952392578125 0.0235862731933594 -0.0056304931640625 0.00376558303833008
0.0392646789550781 0.03375244140625 0.00182533264160157 0.0239639282226563
0.0340156555175781 0.03912353515625 0.0256290435791016 -0.000562667846679685
0.0443534851074219 0.0328025817871094 0.0355110168457031 0.0164833068847656
0.0437812805175781 0.0188369750976562 0.0312824249267578 0.0104923248291016
0.0448951721191406 0.00133132934570313 0.0294094085693359 0.00314903259277344
0.0356941223144531 -0.0141372680664062 0.0153188705444336 -0.00266933441162109
0.0233592987060547 -0.0284233093261719 0.00220847129821778 -0.00357985496520996
0.0126895904541016 -0.0301704406738281 -0.00195980072021484 0.0104942321777344
0.0131759643554688 -0.0271434783935547 -0.00614166259765625 0.02276611328125
0.0132484436035156 -0.0312309265136719 -0.0108070373535156 0.0289173126220703
0.0193843841552734 -0.0308036804199219 -0.0218391418457031 0.0273818969726563
0.0306739807128906 -0.0201015472412109 -0.0292072296142578 0.0215568542480469
0.0373001098632813 -0.0112571716308594 -0.02557373046875 0.00710868835449218
0.0393562316894531 0.0110359191894531 -0.0173196792602539 -0.00326061248779297
0.0410728454589844 0.0256385803222656 0.00624132156372071 0.0087580680847168
0.0347003936767578 0.0342845916748047 0.0137252807617188 0.0366020202636719
0.0262298583984375 0.0278282165527344 0.0350608825683594 0.00704002380371094
0.0371055603027344 0.0228805541992187 0.0418968200683594 0.0182456970214844
0.0348968505859375 0.00878715515136719 0.0313014984130859 0.0100021362304688
0.0323238372802734 -0.00544166564941406 0.0236186981201172 0.00600433349609375
0.0233020782470703 -0.0148658752441406 0.0109319686889648 0.00423049926757812
0.0132732391357422 -0.0229148864746094 -0.000429153442382811 0.00771045684814453
0.00684738159179687 -0.0201683044433594 -0.00238609313964844 0.0227088928222656
0.00878715515136719 -0.0190238952636719 -0.00577163696289063 0.0333576202392578
0.00851058959960938 -0.0211181640625 -0.0119132995605469 0.0382614135742188
0.0135498046875 -0.02069091796875 -0.0268535614013672 0.0336151123046875
0.0240554809570313 -0.0140552520751953 -0.0325698852539063 0.0259590148925781
0.0297641754150391 -0.00627899169921875 -0.0267772674560547 0.00955200195312501
0.0312137603759766 0.0113124847412109 -0.0138359069824219 -0.00037288665771484
0.0312385559082031 0.0245018005371094 0.0139741897583008 0.0161724090576172
0.0237274169921875 0.0302791595458984 0.0212936401367188 0.0484390258789062
0.0118999481201172 0.013890266418457 0.0404281616210938 0.00913619995117188
0.0239543914794922 0.0106716156005859 0.0435104370117188 0.0160331726074219
0.021209716796875 9.1552734375E-05 0.0282478332519531 0.00976181030273438
0.0156822204589844 -0.00761795043945313 0.0193672180175781 0.0100421905517578
0.00777626037597656 -0.0115451812744141 0.0101804733276367 0.00980567932128906
0.000760078430175781 -0.0119447708129883 0.00024700164794922 0.0170116424560547
6.53266906738287E-05 -0.0065913200378418 -0.000673294067382811 0.0303401947021484
0.00182676315307617 -0.00617599487304687 -0.00424575805664063 0.0382652282714844
0.00225925445556641 -0.00845623016357422 -0.0150413513183594 0.0428657531738281
0.00388431549072266 -0.00947761535644531 -0.0292816162109375 0.03802490234375
0.011103630065918 -0.00800037384033203 -0.0340976715087891 0.0272808074951172
0.0169153213500977 -0.00365829467773438 -0.027587890625 0.0104484558105469
0.0191097259521484 0.00792312622070313 -0.0135583877563477 0.00287532806396485
0.0181846618652344 0.0163612365722656 0.0154132843017578 0.0213203430175781
0.0105857849121094 0.0194969177246094 0.0245170593261719 0.0573005676269531
0.000638961791992187 0.00531911849975586 -0.0270423889160156 -0.0531539916992188
-0.00293231010437012 -0.00128793716430664 -0.0104618072509766 -0.0219745635986328
-0.00553750991821289 0.00394630432128906 0.0152254104614258 -0.000162124633789062
0.0010986328125 0.00597143173217773 0.0367317199707031 -0.00984573364257813
0.00492572784423828 0.0028834342956543 0.039459228515625 -0.0247993469238281
0.00513553619384766 -0.00184202194213867 0.0315093994140625 -0.0432357788085938
0.00417852401733398 -0.00738668441772461 0.0153007507324219 -0.0483856201171875
0.00409889221191406 -0.00591802597045898 0.0022125244140625 -0.0391921997070313
0.0046544075012207 -0.00515031814575195 -0.00415802001953125 -0.0299320220947266
0.00712203979492187 -0.00386667251586914 -0.00676536560058593 -0.0224170684814453
0.00805282592773437 0.000549793243408203 -0.0173120498657227 -0.0126571655273438
0.00280380249023438 0.00672769546508789 -0.0215091705322266 -0.0110378265380859
-0.0059814453125 0.00302362442016602 -0.0297336578369141 -0.0160274505615234
-0.00346088409423828 -0.00298047065734863 -0.0431594848632813 -0.015228271484375
-0.00147783756256104 0.000275611877441407 -0.0401840209960938 -0.0118522644042969
0.0143508911132813 0.0214405059814453 -0.0209426879882813 -0.0497245788574219
0.0116500854492188 0.0126752853393555 -0.00279331207275391 -0.0174589157104492
0.00876998901367188 0.013371467590332 0.0196762084960938 0.000154495239257813
0.0161218643188477 0.0111627578735352 0.0393524169921875 -0.00893020629882813
0.0187454223632813 0.00160789489746094 0.039093017578125 -0.0232086181640625
0.0169763565063477 -0.010523796081543 0.029541015625 -0.0411796569824219
0.0112743377685547 -0.0202960968017578 0.0132560729980469 -0.0428123474121094
0.0105133056640625 -0.0189151763916016 -7.24792480468771E-05 -0.0326442718505859
0.0103034973144531 -0.0208606719970703 -0.00700950622558594 -0.0231475830078125
0.0160369873046875 -0.0190219879150391 -0.0115699768066406 -0.0174312591552734
0.0212173461914063 -0.00943565368652344 -0.0212745666503906 -0.00935554504394531
0.0193767547607422 0.000310897827148437 -0.0234756469726563 -0.00988388061523438
0.0113162994384766 0.00649547576904297 -0.0302925109863281 -0.0133399963378906
0.0138254165649414 0.00724411010742188 -0.0397567749023438 -0.00991058349609374
0.0151329040527344 0.0126972198486328 -0.0360488891601563 -0.00637435913085938
0.0261344909667969 0.0358009338378906 -0.0121231079101562 -0.0397224426269531
0.0251922607421875 0.0268287658691406 0.00588464736938477 -0.00792503356933594
0.0229148864746094 0.0224876403808594 0.0246315002441406 0.00419807434082031
0.0315017700195313 0.0133495330810547 0.0411949157714844 -0.00681304931640625
0.0317974090576172 -0.000604629516601563 0.0368270874023438 -0.0212135314941406
0.0272026062011719 -0.0187282562255859 0.0258369445800781 -0.0363693237304688
0.0165252685546875 -0.0298728942871094 0.00981521606445313 -0.0332698822021484
0.0154342651367188 -0.0289325714111328 -0.00183868408203125 -0.0207290649414063
0.0147418975830078 -0.0320091247558594 -0.00896644592285156 -0.010986328125
0.0211696624755859 -0.0314922332763672 -0.0158195495605469 -0.00757122039794922
0.0303096771240234 -0.0196361541748047 -0.0249862670898437 -0.00203704833984375
0.0323333740234375 -0.00740432739257813 -0.0259895324707031 -0.0059661865234375
0.0275630950927734 0.007781982421875 -0.0300216674804688 -0.0109443664550781
0.0301113128662109 0.0148239135742187 -0.0309772491455078 -0.00529861450195312
0.0290412902832031 0.0223293304443359 -0.0258750915527344 0.00213241577148437
0.0345993041992187 0.0448646545410156 0.000684738159179691 -0.0260810852050781
0.0375900268554688 0.0360870361328125 0.0166473388671875 0.00353813171386719
0.0363273620605469 0.0269241333007813 0.0290927886962891 0.00787925720214844
0.0442962646484375 0.0132408142089844 0.0404815673828125 -0.00395965576171875
0.0404815673828125 -0.00457763671875 0.0317802429199219 -0.0166816711425781
0.032684326171875 -0.0256137847900391 0.0178585052490234 -0.0277595520019531
0.01995849609375 -0.0355300903320313 0.00514411926269531 -0.0195369720458984
0.0178852081298828 -0.0341453552246094 -0.00451135635375976 -0.00548362731933594
0.0159416198730469 -0.0384178161621094 -0.00979995727539062 0.00289440155029297
0.0231704711914062 -0.0381278991699219 -0.0187854766845703 0.00444412231445313
0.0352020263671875 -0.0259590148925781 -0.027130126953125 0.00756072998046875
0.0403022766113281 -0.0135917663574219 -0.0271492004394531 -0.00184059143066406
0.0391159057617188 0.00772857666015625 -0.0285072326660156 -0.00815391540527344
0.041534423828125 0.0213508605957031 -0.0194606781005859 -0.0012359619140625
0.0396614074707031 0.0303421020507812 -0.0128679275512695 0.0129451751708984
0.037750244140625 0.0465202331542969 0.0135612487792969 -0.0123081207275391
0.0450782775878906 0.0388031005859375 0.0268974304199219 0.0128498077392578
0.044769287109375 0.0257644653320313 0.0315284729003906 0.0114421844482422
0.0496749877929687 0.00754547119140625 0.0370216369628906 -7.62939453124954E-06
0.0429306030273438 -0.0103950500488281 0.0239524841308594 -0.0101642608642578
0.0320243835449219 -0.0296421051025391 0.00979232788085938 -0.0158529281616211
0.0182723999023438 -0.0365829467773438 0.000804185867309571 -0.00371718406677246
0.0175437927246094 -0.033905029296875 -0.00552749633789062 0.00917434692382812
0.01556396484375 -0.03887939453125 -0.0103111267089844 0.0188312530517578
0.0230789184570313 -0.0381889343261719 -0.0213871002197266 0.0178298950195312
0.0354232788085938 -0.0268630981445313 -0.0291042327880859 0.0163116455078125
0.0429840087890625 -0.0148582458496094 -0.0270595550537109 0.00303268432617188
0.0441017150878906 0.00897979736328125 -0.0232944488525391 -0.00550270080566406
0.0457267761230469 0.0250473022460938 -0.00657606124877929 0.00355195999145508
0.040740966796875 0.0351715087890625 0.000877380371093752 0.0250205993652344
0.0352401733398438 0.0400428771972656 0.0272216796875 0.00047111511230469
0.0457687377929688 0.0335540771484375 0.0372581481933594 0.019012451171875
0.0450477600097656 0.0191764831542969 0.0336933135986328 0.0128021240234375
0.0463600158691406 0.00164413452148438 0.0310306549072266 0.00369453430175781
0.037353515625 -0.0144195556640625 0.0164651870727539 -0.0020751953125
0.0249786376953125 -0.0293388366699219 0.00252294540405274 -0.00236630439758301
0.0137042999267578 -0.0310096740722656 -0.00206661224365234 0.0118598937988281
0.0135841369628906 -0.0287189483642578 -0.00560188293457031 0.0239105224609375
0.0137615203857422 -0.0323657989501953 -0.0110969543457031 0.0312156677246094
0.019866943359375 -0.0318565368652344 -0.0239200592041016 0.0288124084472656
0.0320072174072266 -0.0216503143310547 -0.0308818817138672 0.0233249664306641
0.0389862060546875 -0.01226806640625 -0.0277996063232422 0.00634574890136719
0.0412673950195313 0.0109367370605469 -0.0186271667480469 -0.00278472900390625
0.0423583984375 0.0263137817382813 0.00525665283203125 0.00849676132202149
0.0364875793457031 0.0360298156738281 0.0130119323730469 0.0388908386230469
0.0260276794433594 0.0277538299560547 0.03631591796875 0.0067596435546875
0.0382804870605469 0.0228919982910156 0.043670654296875 0.0202751159667969
0.0371322631835937 0.0100364685058594 0.031463623046875 0.0124626159667969
0.0344600677490234 -0.00456809997558594 0.0249843597412109 0.00783538818359375
0.0244388580322266 -0.0150985717773438 0.0114545822143555 0.00512123107910156
0.0129718780517578 -0.0234203338623047 -9.15527343749984E-05 0.0100212097167969
0.006805419921875 -0.0214805603027344 -0.00283622741699219 0.0243473052978516
0.00899124145507813 -0.0188350677490234 -0.00537300109863281 0.0342769622802734
0.00878524780273437 -0.0211944580078125 -0.0129241943359375 0.0399894714355469
0.0136127471923828 -0.0209541320800781 -0.0280952453613281 0.0360183715820313
0.0237693786621094 -0.0142135620117188 -0.0334930419921875 0.0268154144287109
0.0297908782958984 -0.00648689270019531 -0.0280742645263672 0.00945472717285156
0.0318012237548828 0.0122890472412109 -0.0149440765380859 -0.000122070312499998
0.0328884124755859 0.0245170593261719 0.0137367248535156 0.0167446136474609
0.0249481201171875 0.0299243927001953 0.0213165283203125 0.0511054992675781
0.0121793746948242 0.0137271881103516 0.0422897338867188 0.00956344604492188
0.0245132446289063 0.0109786987304688 0.0459976196289063 0.0177650451660156
0.0220413208007813 0.001220703125 0.0299186706542969 0.0103778839111328
0.0162448883056641 -0.00761508941650391 0.0206451416015625 0.0108680725097656
0.00827217102050781 -0.0113134384155273 0.0106496810913086 0.0108137130737305
-0.000142097473144531 -0.0115509033203125 0.000606536865234375 0.0180130004882813
-0.000420093536376954 -0.00746011734008789 -0.000549316406249998 0.0310745239257813
0.00172805786132812 -0.00601625442504883 -0.00418853759765625 0.0395660400390625
0.00201320648193359 -0.00782299041748047 -0.0154037475585937 0.0445594787597656
0.00395011901855469 -0.0098419189453125 -0.0305290222167969 0.0394630432128906
0.0114898681640625 -0.00774002075195312 -0.0357017517089844 0.0272369384765625
0.0169162750244141 -0.00418758392333984 -0.0299282073974609 0.0112934112548828
0.0193653106689453 0.00864028930664063 -0.0144729614257813 0.00235080718994141
0.0182228088378906 0.0164737701416016 0.0153789520263672 0.0222129821777344
0.0112171173095703 0.0191001892089844 0.023529052734375 0.0598602294921875
0.00101375579833984 0.00540828704833984 -0.0281181335449219 -0.05621337890625
-0.00374531745910645 -0.000526666641235352 -0.0121498107910156 -0.021484375
-0.00552892684936523 0.003692626953125 0.016026496887207 -0.00140571594238281
0.000842094421386719 0.00601387023925781 0.0392379760742188 -0.0103225708007813
0.00574445724487305 0.0028076171875 0.0419960021972656 -0.0278587341308594
0.00517749786376953 -0.00108671188354492 0.03173828125 -0.0459861755371094
0.00354290008544922 -0.00908660888671875 0.0148086547851563 -0.0509567260742187
0.00409078598022461 -0.00741910934448242 0.00164031982421875 -0.0411109924316406
0.00469398498535156 -0.00610876083374023 -0.0059356689453125 -0.0307598114013672
0.00834274291992188 -0.00539016723632812 -0.00889968872070313 -0.0234355926513672
0.00902843475341797 0.000209808349609375 -0.0180473327636719 -0.0135726928710938
0.00275278091430664 0.00748491287231445 -0.0235157012939453 -0.0114250183105469
-0.00670242309570313 0.00395393371582031 -0.0319137573242188 -0.0170936584472656
-0.00376605987548828 -0.0020439624786377 -0.0461311340332031 -0.0145378112792969
-0.00164675712585449 0.000311017036437989 -0.0435523986816406 -0.011138916015625
0.0158863067626953 0.0216693878173828 -0.0236930847167969 -0.0515174865722656
0.0118608474731445 0.0131950378417969 -0.00380134582519531 -0.0171270370483398
0.0100536346435547 0.0148000717163086 0.0210208892822266 0.000505447387695313
0.0177764892578125 0.0106315612792969 0.0417900085449219 -0.0103683471679688
0.0205612182617188 0.000194549560546875 0.0410385131835938 -0.0252914428710938
0.0177497863769531 -0.0126247406005859 0.0303726196289063 -0.043060302734375
0.0110702514648438 -0.0225925445556641 0.0133132934570312 -0.045440673828125
0.0111026763916016 -0.0214042663574219 -0.000812530517578122 -0.0336818695068359
0.0106124877929687 -0.0226650238037109 -0.00813674926757813 -0.0236186981201172
0.0167388916015625 -0.0204544067382813 -0.0137691497802734 -0.0175895690917969
0.0219554901123047 -0.0106868743896484 -0.0225372314453125 -0.00874519348144532
0.0206031799316406 0.000665664672851563 -0.0251064300537109 -0.0102767944335938
0.0119190216064453 0.00717926025390625 -0.0330066680908203 -0.0142040252685547
0.0139522552490234 0.0074310302734375 -0.0414695739746094 -0.00994873046875
0.0158834457397461 0.0139484405517578 -0.03863525390625 -0.00588989257812499
0.0283775329589844 0.0374908447265625 -0.0126419067382812 -0.0416679382324219
0.0278167724609375 0.0287113189697266 0.00558662414550781 -0.00828981399536133
0.0245609283447266 0.0229835510253906 0.0271816253662109 0.00429534912109375
0.0324306488037109 0.0142860412597656 0.0432777404785156 -0.00705337524414063
0.033782958984375 -0.00134086608886719 0.038818359375 -0.02252197265625
0.0280303955078125 -0.0216026306152344 0.0242538452148438 -0.0392074584960937
0.0173892974853516 -0.0325679779052734 0.0101852416992188 -0.0343647003173828
0.0157756805419922 -0.0322647094726563 -0.00298500061035156 -0.0201053619384766
0.0140876770019531 -0.0350418090820313 -0.00994586944580078 -0.0113296508789063
0.0218257904052734 -0.0335865020751953 -0.0179214477539063 -0.00746917724609375
0.0302295684814453 -0.0212345123291016 -0.0274143218994141 -0.00190544128417969
0.0339088439941406 -0.00836372375488281 -0.0278797149658203 -0.00646781921386718
0.02899169921875 0.00832939147949219 -0.0309696197509766 -0.0100936889648437
0.0316486358642578 0.0159091949462891 -0.033203125 -0.00445556640625
0.0320415496826172 0.0236454010009766 -0.0288105010986328 0.00275421142578125
0.0370712280273437 0.0452651977539062 0.00150871276855469 -0.0280647277832031
0.0400924682617188 0.0389747619628906 0.0200176239013672 0.00426864624023438
0.0399932861328125 0.0276412963867187 0.0311203002929688 0.00835418701171875
0.0463409423828125 0.0125312805175781 0.0420150756835938 -0.00445556640625
0.0432014465332031 -0.00519180297851563 0.0336036682128906 -0.0170726776123047
0.0338726043701172 -0.0278606414794922 0.0178070068359375 -0.0290412902832031
0.0193443298339844 -0.0386009216308594 0.00493431091308594 -0.0191078186035156
0.0182037353515625 -0.0376358032226563 -0.00445699691772461 -0.00518798828125
0.0174293518066406 -0.0408363342285156 -0.0104274749755859 0.00383663177490234
0.0234718322753906 -0.0401077270507813 -0.0203990936279297 0.00596237182617187
0.0367851257324219 -0.0280609130859375 -0.0283794403076172 0.00848770141601562
0.0421104431152344 -0.0147705078125 -0.0294666290283203 -0.000514984130859375
0.0417633056640625 0.0072174072265625 -0.0298328399658203 -0.00716400146484375
0.0435104370117188 0.0220489501953125 -0.0215530395507812 -0.000961303710937498
0.0407829284667969 0.0313148498535156 -0.0153493881225586 0.0137233734130859
0.04266357421875 0.0467987060546875 0.0147495269775391 -0.0129070281982422
0.0478897094726563 0.0393447875976563 0.0293350219726563 0.0147876739501953
0.0472869873046875 0.0269966125488281 0.0336818695068359 0.0121822357177734
0.0528755187988281 0.00627899169921875 0.0391921997070313 -0.00054168701171875
0.0451507568359375 -0.0111160278320313 0.0254364013671875 -0.0109214782714844
0.0338172912597656 -0.0317535400390625 0.00880050659179688 -0.0165462493896484
0.0182266235351563 -0.0389328002929688 0.000238895416259766 -0.00438904762268067
0.0179290771484375 -0.0366172790527344 -0.00489139556884765 0.0114412307739258
0.0142784118652344 -0.0414581298828125 -0.0101299285888672 0.0190811157226563
0.0218315124511719 -0.0400581359863281 -0.0233135223388672 0.0200176239013672
0.0369224548339844 -0.0294456481933594 -0.0300769805908203 0.0184822082519531
0.0448837280273437 -0.016357421875 -0.0297031402587891 0.00293922424316407
0.0463829040527344 0.0102119445800781 -0.0256252288818359 -0.00443458557128906
0.0483016967773438 0.0247077941894531 -0.00710010528564453 0.00456428527832031
0.0437431335449219 0.0348281860351563 0.00153541564941407 0.0264072418212891
0.0392074584960938 0.0406417846679688 0.0286312103271484 -0.000419616699218748
0.0490913391113281 0.0343513488769531 0.039337158203125 0.01910400390625
0.0475807189941406 0.0193405151367188 0.0341873168945313 0.0133743286132813
0.0485572814941406 -0.00105667114257813 0.0325260162353516 0.00432586669921875
0.037841796875 -0.0149574279785156 0.0175838470458984 -0.00225448608398438
0.0249862670898438 -0.0308666229248047 0.00266289710998535 -0.00178408622741699
0.0134563446044922 -0.0326786041259766 -0.00194835662841797 0.0137519836425781
0.0145492553710937 -0.0299587249755859 -0.00649833679199219 0.026031494140625
0.0130577087402344 -0.0352401733398438 -0.0113658905029297 0.0335922241210938
0.0189857482910156 -0.0330753326416016 -0.0236530303955078 0.0312061309814453
0.033660888671875 -0.0233058929443359 -0.0335769653320312 0.0259857177734375
0.0406417846679688 -0.0120964050292969 -0.0293598175048828 0.00861930847167968
0.0442085266113281 0.0115165710449219 -0.0199775695800781 -0.00276565551757812
0.0451469421386719 0.02716064453125 0.00518226623535157 0.00938606262207031
0.0384330749511719 0.0356063842773438 0.0138969421386719 0.0406303405761719
0.0285873413085938 0.0276775360107422 0.0389328002929688 0.00788497924804688
0.0411605834960938 0.0227127075195313 0.0465888977050781 0.020751953125
0.0392112731933594 0.00851058959960938 0.0341224670410156 0.0121593475341797
0.0355453491210937 -0.005157470703125 0.0267925262451172 0.00921821594238281
0.0246295928955078 -0.0171031951904297 0.0121231079101563 0.00573444366455078
0.0142250061035156 -0.0237293243408203 -0.000429153442382812 0.0109949111938477
0.00640106201171875 -0.0205326080322266 -0.00139999389648437 0.0256843566894531
0.00907325744628906 -0.0197086334228516 -0.00480270385742188 0.0364112854003906
0.00965118408203125 -0.0234394073486328 -0.0125656127929688 0.0424728393554687
0.0131454467773437 -0.0208206176757813 -0.0279922485351562 0.0394554138183594
0.0244846343994141 -0.0144424438476563 -0.0344390869140625 0.0301113128662109
0.0321979522705078 -0.00891685485839844 -0.0297508239746094 0.0115089416503906
0.0335636138916016 0.0128097534179687 -0.0169296264648437 0.000252723693847659
0.0340766906738281 0.0241584777832031 0.0141830444335938 0.0171222686767578
0.0270652770996094 0.0298976898193359 0.0222892761230469 0.0527801513671875
0.0128011703491211 0.0132331848144531 0.045257568359375 0.00912857055664062
0.0237865447998047 0.0109767913818359 0.0491905212402344 0.0181121826171875
0.0242290496826172 -0.0001068115234375 0.0319843292236328 0.00933265686035156
0.0158395767211914 -0.00925922393798828 0.0216083526611328 0.0102081298828125
0.0076446533203125 -0.0123472213745117 0.011296272277832 0.0116710662841797
-0.000919342041015626 -0.0118494033813477 0.000816345214843752 0.0196819305419922
-0.0013432502746582 -0.00708341598510742 0.000268936157226564 0.0329780578613281
0.000309467315673828 -0.00698328018188477 -0.00287246704101563 0.0413055419921875
0.00150012969970703 -0.00919628143310547 -0.0144386291503906 0.0470046997070313
0.00382328033447266 -0.00998592376708984 -0.0320968627929688 0.0413589477539063
0.0113067626953125 -0.00914573669433594 -0.0369224548339844 0.0300865173339844
0.0174198150634766 -0.00556182861328125 -0.0321159362792969 0.0117149353027344
0.020111083984375 0.00783157348632813 -0.016077995300293 0.00353431701660156
0.0198688507080078 0.0159530639648438 0.0171623229980469 0.0229339599609375
0.0123348236083984 0.0193347930908203 0.0250282287597656 0.0619354248046875
0.00196552276611328 0.00587654113769531 -0.0319709777832031 -0.0573348999023438
-0.00323557853698731 -0.000606298446655273 -0.0120983123779297 -0.0218696594238281
-0.00429272651672363 0.00387382507324219 0.0180435180664063 -0.00148582458496094
0.00222587585449219 0.00638198852539063 0.0418205261230469 -0.012664794921875
0.00573968887329102 0.000685214996337891 0.0415077209472656 -0.0286674499511719
0.00724554061889649 -0.00283050537109375 0.0296440124511719 -0.0516891479492187
0.00308799743652344 -0.0100936889648437 0.0134544372558594 -0.0517501831054687
0.00344371795654297 -0.00986003875732422 -0.000118255615234376 -0.0432548522949219
0.00577783584594727 -0.00698041915893555 -0.00885391235351562 -0.0317020416259766
0.0070037841796875 -0.00525760650634766 -0.0110893249511719 -0.0221538543701172
0.00983428955078125 -0.000317573547363281 -0.0216407775878906 -0.0145320892333984
0.00531196594238281 0.00751352310180664 -0.0261745452880859 -0.0108413696289063
-0.0045166015625 0.00628948211669922 -0.0340232849121094 -0.0178565979003906
-0.00542259216308594 -0.00268745422363281 -0.0477447509765625 -0.0127983093261719
-0.0020674467086792 0.00158512592315674 -0.0439796447753906 -0.009979248046875
0.0182666778564453 0.0244255065917969 -0.0254554748535156 -0.0508155822753906
0.0150470733642578 0.0137395858764648 -0.00322818756103515 -0.0169572830200195
0.0128068923950195 0.0150127410888672 0.023101806640625 -4.00543212890616E-05
0.0186576843261719 0.0100879669189453 0.0411300659179687 -0.0129966735839844
0.0209140777587891 -0.000659942626953125 0.0401039123535156 -0.0276298522949219
0.0164709091186523 -0.0129556655883789 0.0275955200195313 -0.0463829040527344
0.0104656219482422 -0.0239505767822266 0.0101127624511719 -0.0482406616210937
0.0114688873291016 -0.0241031646728516 -0.000526428222656247 -0.0344715118408203
0.0115585327148438 -0.0240650177001953 -0.0108127593994141 -0.0234107971191406
0.0162143707275391 -0.0228767395019531 -0.0156745910644531 -0.0175971984863281
0.0220851898193359 -0.0124874114990234 -0.0256900787353516 -0.009521484375
0.0221958160400391 0.000339508056640625 -0.0262832641601563 -0.00989913940429688
0.0144481658935547 0.00931262969970703 -0.0353050231933594 -0.010711669921875
0.0154275894165039 0.00821399688720703 -0.0436058044433594 -0.00824356079101563
0.0188808441162109 0.0146007537841797 -0.0404014587402344 -0.00224685668945313
0.0305442810058594 0.0395889282226563 -0.0119895935058594 -0.0412712097167969
0.02984619140625 0.0251235961914063 0.00688314437866211 -0.00761890411376953
0.0259876251220703 0.0219135284423828 0.0245075225830078 0.00478744506835938
0.0364875793457031 0.013092041015625 0.0418281555175781 -0.008819580078125
0.0343170166015625 -0.00327682495117187 0.0387954711914063 -0.0232620239257813
0.0277099609375 -0.0223770141601563 0.0244789123535156 -0.0396614074707031
0.01702880859375 -0.0341930389404297 0.00842666625976563 -0.0363082885742188
0.0157089233398438 -0.0340099334716797 -0.00194358825683593 -0.0200119018554688
0.0125236511230469 -0.0361480712890625 -0.0107450485229492 -0.00713920593261719
0.0207881927490234 -0.0340614318847656 -0.0211582183837891 -0.00603103637695312
0.0317573547363281 -0.0243072509765625 -0.0266666412353516 -0.000308990478515627
0.0344886779785156 -0.00869369506835937 -0.0299415588378906 -0.00621223449707031
0.0303993225097656 0.00525283813476563 -0.0354347229003906 -0.00859832763671875
0.0338592529296875 0.0146446228027344 -0.032806396484375 -0.00432586669921875
0.0338573455810547 0.0240211486816406 -0.0300235748291016 0.00487327575683594
0.0386428833007813 0.0441131591796875 -0.000951766967773438 -0.0279655456542969
0.0452690124511719 0.0362892150878906 0.0197257995605469 0.00259208679199219
0.0435371398925781 0.0282096862792969 0.0321521759033203 0.00947952270507813
0.0485572814941406 0.0122261047363281 0.043121337890625 -0.00711441040039062
0.0431938171386719 -0.00956344604492188 0.0325031280517578 -0.0198516845703125
0.0351238250732422 -0.0287418365478516 0.0174465179443359 -0.0297870635986328
0.0171585083007813 -0.0406036376953125 0.00385093688964844 -0.0185775756835938
0.0151863098144531 -0.0388336181640625 -0.00523948669433594 -0.00570869445800781
0.0147438049316406 -0.0447235107421875 -0.009796142578125 0.00652980804443359
0.022003173828125 -0.0428543090820313 -0.0233993530273438 0.00790977478027343
0.036163330078125 -0.0323143005371094 -0.0291862487792969 0.0106239318847656
0.0398216247558594 -0.0167579650878906 -0.0295639038085938 0.000991821289062493
0.0449066162109375 0.00722122192382813 -0.0305042266845703 -0.00560951232910156
0.0471725463867188 0.0185394287109375 -0.0237407684326172 0.00053024291992188
0.04248046875 0.0283203125 -0.0167207717895508 0.0164890289306641
0.0429115295410156 0.0457420349121094 0.0163936614990234 -0.0147476196289062
0.0523757934570313 0.0366630554199219 0.0309429168701172 0.0138835906982422
0.0507011413574219 0.0290107727050781 0.0356788635253906 0.0118904113769531
0.0558853149414063 0.00313949584960938 0.0395927429199219 -0.00249481201171875
0.0444869995117188 -0.01666259765625 0.0244693756103516 -0.0108966827392578
0.0307865142822266 -0.0341224670410156 0.00890922546386719 -0.015070915222168
0.0158233642578125 -0.0405349731445313 -0.000801563262939452 -0.00454759597778321
0.0175437927246094 -0.0364303588867187 -0.00401115417480469 0.0110654830932617
0.0124168395996094 -0.0429306030273438 -0.0118541717529297 0.0205783843994141
0.0208930969238281 -0.0445899963378906 -0.0232143402099609 0.02490234375
0.0357513427734375 -0.0325469970703125 -0.0331172943115234 0.0189590454101562
0.0449447631835938 -0.0206718444824219 -0.0314044952392578 0.0058135986328125
0.0496444702148438 0.00778579711914063 -0.0266284942626953 -0.00316429138183593
0.0520553588867188 0.023468017578125 -0.00798320770263671 0.00517320632934571
0.0488014221191406 0.0331039428710938 0.000543594360351566 0.0268421173095703
0.0416488647460938 0.0429115295410156 0.0292110443115234 -0.000400543212890622
0.0527915954589844 0.0330543518066406 0.0423049926757813 0.0189208984375
0.0495452880859375 0.017669677734375 0.0356025695800781 0.0138206481933594
0.0519294738769531 -0.0014801025390625 0.0358085632324219 0.00328445434570313
0.0375633239746094 -0.019439697265625 0.0178871154785156 -0.00124740600585938
0.0227622985839844 -0.0317020416259766 0.00242376327514649 -0.000685691833496096
0.0135917663574219 -0.0335063934326172 -0.00119209289550781 0.0133686065673828
0.009918212890625 -0.0335922241210938 -0.00592613220214843 0.0260696411132812
0.0127143859863281 -0.0353012084960938 -0.00960731506347656 0.0347232818603516
0.018524169921875 -0.0361709594726563 -0.0254402160644531 0.0347213745117188
0.0311870574951172 -0.0271472930908203 -0.0324516296386719 0.0299205780029297
0.0414276123046875 -0.015899658203125 -0.032470703125 0.00964164733886719
0.0476951599121094 0.00843048095703125 -0.0216312408447266 -0.00107192993164063
0.0468330383300781 0.0250892639160156 0.0057363510131836 0.00893878936767578
0.0438041687011719 0.0352439880371094 0.0147972106933594 0.0413932800292969
0.0326156616210938 0.027862548828125 0.0404319763183594 0.00610733032226563
0.0427627563476563 0.020843505859375 0.0507087707519531 0.02142333984375
0.0410423278808594 0.00634384155273438 0.0354232788085938 0.0137977600097656
0.0356788635253906 -0.008514404296875 0.0282459259033203 0.00876235961914062
0.0240478515625 -0.0187206268310547 0.0129146575927734 0.00588417053222656
0.0108108520507813 -0.0241260528564453 0.00120830535888672 0.0141324996948242
0.00508689880371094 -0.0220355987548828 -0.00124168395996094 0.0265579223632813
0.00904464721679688 -0.0200786590576172 -0.00304412841796875 0.0380287170410156
0.0067138671875 -0.0235157012939453 -0.0101470947265625 0.0461387634277344
0.0129470825195313 -0.0231266021728516 -0.027252197265625 0.041351318359375
0.0227336883544922 -0.0180206298828125 -0.0360908508300781 0.0318641662597656
0.0325660705566406 -0.0102787017822266 -0.0315437316894531 0.0114860534667969
0.03594970703125 0.0118331909179688 -0.0181369781494141 0.00090408325195313
0.0379447937011719 0.0232734680175781 0.0144767761230469 0.0177078247070312
0.0278453826904297 0.0308494567871094 0.0231513977050781 0.0545806884765625
0.013178825378418 0.0132055282592773 0.0449295043945313 0.00628662109375
0.0272026062011719 0.00679969787597656 0.051177978515625 0.0194473266601563
0.0230216979980469 -0.00264930725097656 0.0331287384033203 0.0114479064941406
0.0164527893066406 -0.0107898712158203 0.0237140655517578 0.0108795166015625
0.00702762603759766 -0.0135612487792969 0.0135354995727539 0.0124549865722656
-0.00269699096679688 -0.0111026763916016 0.00400161743164063 0.0225334167480469
-0.000186920166015624 -0.00792884826660156 0.00188827514648437 0.0322666168212891
0.00282526016235352 -0.00548315048217774 -0.0022125244140625 0.0414466857910156
-3.29017639160156E-05 -0.0068058967590332 -0.01226806640625 0.0498886108398438
0.00381565093994141 -0.0102167129516602 -0.0290107727050781 0.0442581176757813
0.012913703918457 -0.00794792175292969 -0.0376167297363281 0.0338058471679688
0.0162925720214844 -0.00808048248291016 -0.0304050445556641 0.0135993957519531
0.0223407745361328 0.00487518310546875 -0.0154170989990234 0.00405025482177734
0.0238361358642578 0.0151348114013672 0.0172080993652344 0.0212383270263672
0.0129165649414062 0.0179576873779297 0.0276679992675781 0.0616722106933594
0.00175142288208008 0.00851106643676758 -0.0346527099609375 -0.0547370910644531
-0.00295686721801758 0.000955820083618164 -0.0118446350097656 -0.0212516784667969
-0.00337076187133789 0.00462245941162109 0.0173711776733398 -0.00264072418212891
0.00271034240722656 0.0060572624206543 0.0390892028808594 -0.0152206420898438
0.00611066818237305 0.00208806991577148 0.0396499633789063 -0.0320587158203125
0.00565147399902344 -0.00461673736572266 0.02716064453125 -0.0523262023925781
0.00263309478759766 -0.0112648010253906 0.009063720703125 -0.05413818359375
0.00352287292480469 -0.00925827026367188 -0.00304031372070312 -0.0419349670410156
0.00397872924804688 -0.00972557067871094 -0.00968742370605469 -0.0314350128173828
0.00921154022216797 -0.00763225555419922 -0.0126285552978516 -0.02325439453125
0.0104217529296875 -0.00031280517578125 -0.0228157043457031 -0.0123825073242188
0.00532770156860351 0.00691080093383789 -0.0258960723876953 -0.0113124847412109
-0.00456380844116211 0.00520658493041992 -0.035430908203125 -0.0156402587890625
-0.00514698028564453 -0.00108480453491211 -0.0489006042480469 -0.011383056640625
-0.0012047290802002 0.00374555587768555 -0.0461921691894531 -0.00715255737304688
0.0187969207763672 0.0236015319824219 -0.0272560119628906 -0.0506935119628906
0.0145492553710937 0.0134344100952148 -0.00428009033203125 -0.0170564651489258
0.013239860534668 0.0148210525512695 0.0232524871826172 -0.000295639038085937
0.0196418762207031 0.00829315185546875 0.0418968200683594 -0.0139007568359375
0.0209255218505859 -0.00197601318359375 0.0396232604980469 -0.0298652648925781
0.0172691345214844 -0.0150899887084961 0.0258560180664063 -0.0469207763671875
0.00867843627929688 -0.0250682830810547 0.00847244262695312 -0.0471916198730469
0.00750541687011719 -0.02484130859375 -0.00392341613769531 -0.0326747894287109
0.00877761840820313 -0.0258045196533203 -0.0123691558837891 -0.0219001770019531
0.0155162811279297 -0.0242061614990234 -0.017364501953125 -0.0166730880737305
0.02264404296875 -0.0137557983398438 -0.0257110595703125 -0.00750160217285156
0.0227470397949219 -0.00263595581054688 -0.0285930633544922 -0.00827598571777344
0.0143270492553711 0.00805377960205078 -0.0364151000976563 -0.0103950500488281
0.0150051116943359 0.00870990753173828 -0.0453720092773438 -0.00579071044921875
0.0182285308837891 0.0125408172607422 -0.0414314270019531 -0.00107192993164063
0.0332984924316406 0.0372848510742188 -0.0150566101074219 -0.0420265197753906
0.0304832458496094 0.0258579254150391 0.00735235214233399 -0.00779438018798828
0.0289936065673828 0.0217742919921875 0.0284137725830078 0.00358772277832031
0.0370216369628906 0.0098114013671875 0.0432624816894531 -0.0112838745117188
0.0355949401855469 -0.00687408447265625 0.0369911193847656 -0.02685546875
0.0273666381835937 -0.024749755859375 0.0218658447265625 -0.0400123596191406
0.0149650573730469 -0.0358123779296875 0.00652694702148438 -0.0353660583496094
0.0117816925048828 -0.0350608825683594 -0.00407791137695313 -0.0199508666992188
0.0111885070800781 -0.0389404296875 -0.0118255615234375 -0.0082540512084961
0.019012451171875 -0.037811279296875 -0.0200691223144531 -0.00432586669921875
0.0296401977539063 -0.0262050628662109 -0.0305290222167969 0.00144195556640625
0.0358848571777344 -0.0125274658203125 -0.03131103515625 -0.00355148315429687
0.0309658050537109 0.00662803649902344 -0.0341033935546875 -0.00631332397460938
0.0335369110107422 0.0143165588378906 -0.0364151000976563 -0.000301361083984379
0.0341854095458984 0.0213546752929688 -0.0296440124511719 0.00730133056640625
0.0430221557617188 0.0438156127929688 -0.000154495239257813 -0.027557373046875
0.044158935546875 0.0340042114257813 0.0198078155517578 0.00292015075683594
0.0446853637695312 0.0261878967285156 0.0328330993652344 0.00868034362792969
0.0493965148925781 0.0068359375 0.043487548828125 -0.00793075561523438
0.0440025329589844 -0.0115470886230469 0.031890869140625 -0.0197792053222656
0.0324363708496094 -0.0326709747314453 0.015380859375 -0.0295581817626953
0.015594482421875 -0.0423088073730469 0.00298118591308594 -0.01995849609375
0.0141334533691406 -0.0411605834960937 -0.00359463691711426 -0.00413632392883301
0.0110816955566406 -0.0452423095703125 -0.0119333267211914 0.00692176818847656
0.0200614929199219 -0.0440673828125 -0.0207881927490234 0.0102443695068359
0.0336627960205078 -0.0333919525146484 -0.0311164855957031 0.0125694274902344
0.04248046875 -0.0209236145019531 -0.0322608947753906 0.00197410583496094
0.0440750122070313 0.00472259521484375 -0.0322341918945313 -0.00371170043945312
0.0483322143554688 0.0182609558105469 -0.0232944488525391 0.00285911560058594
0.0452957153320313 0.0286865234375 -0.0155849456787109 0.0170278549194336
0.0462799072265625 0.0451126098632813 0.0142087936401367 -0.0144872665405273
0.052459716796875 0.034881591796875 0.0319137573242188 0.0132045745849609
0.052215576171875 0.0246810913085938 0.0369071960449219 0.0117225646972656
0.0560798645019531 0.00095367431640625 0.0409889221191406 -0.00233840942382813
0.0455894470214844 -0.0181808471679688 0.0251922607421875 -0.0116043090820313
0.0299530029296875 -0.0367202758789062 0.00908279418945313 -0.0148134231567383
0.0147666931152344 -0.0418052673339844 0.00135505199432373 -0.00218725204467774
0.0127105712890625 -0.0399284362792969 -0.00281238555908203 0.0119810104370117
0.0119857788085937 -0.0439109802246094 -0.0104923248291016 0.0235824584960937
0.0195198059082031 -0.043853759765625 -0.0223484039306641 0.024749755859375
0.0343208312988281 -0.0333919525146484 -0.0310935974121094 0.0228309631347656
0.0440101623535156 -0.022369384765625 -0.0312519073486328 0.00656890869140625
0.0488319396972656 0.0046234130859375 -0.0275306701660156 -0.0013580322265625
0.0531883239746094 0.0212287902832031 -0.0063629150390625 0.00624227523803711
0.0479888916015625 0.0308380126953125 0.00225067138671875 0.0295810699462891
0.0449485778808594 0.038177490234375 0.0294990539550781 -0.00222969055175781
0.0525703430175781 0.0285491943359375 0.0437278747558594 0.0184707641601563
0.0522575378417969 0.0158004760742188 0.0376129150390625 0.0134162902832031
0.05059814453125 -0.00496673583984375 0.0347747802734375 0.0025634765625
0.0371551513671875 -0.0215835571289062 0.0186653137207031 -0.00169563293457031
0.0212841033935547 -0.0348587036132813 0.00433540344238281 0.000475883483886717
0.00965118408203125 -0.035736083984375 0.000212669372558595 0.0138998031616211
0.0105705261230469 -0.0334854125976562 -0.00238037109375 0.0259819030761719
0.0100364685058594 -0.0353507995605469 -0.00909423828125 0.0373649597167969
0.0158309936523438 -0.0363883972167969 -0.0231475830078125 0.0358619689941406
0.0305099487304687 -0.0275707244873047 -0.0314559936523438 0.0299339294433594
0.0396308898925781 -0.0185050964355469 -0.0294170379638672 0.0120334625244141
0.0457267761230469 0.0063934326171875 -0.0223598480224609 0.00038909912109375
0.0496063232421875 0.0232620239257813 0.00531673431396485 0.00895118713378906
0.043212890625 0.0320625305175781 0.0165252685546875 0.0422477722167969
0.0319900512695312 0.0247306823730469 0.040802001953125 0.00286102294921875
0.0423126220703125 0.0181961059570313 0.0500907897949219 0.0168190002441406
0.0408859252929688 0.00625228881835938 0.0370254516601563 0.0124778747558594
0.0355682373046875 -0.0109405517578125 0.0297641754150391 0.00883865356445313
0.0222377777099609 -0.0204715728759766 0.0140514373779297 0.00701236724853515
0.00964546203613282 -0.0252285003662109 0.0020904541015625 0.0131607055664062
0.00492286682128906 -0.0226593017578125 0.000879287719726562 0.0273990631103516
0.00499153137207031 -0.0210132598876953 -0.000656127929687502 0.0375404357910156
0.00702476501464844 -0.0230484008789062 -0.00971221923828125 0.0464820861816406
0.0110797882080078 -0.0227260589599609 -0.0259857177734375 0.0441093444824219
0.0228061676025391 -0.0184211730957031 -0.0331268310546875 0.0341644287109375
0.0298919677734375 -0.0123996734619141 -0.0306205749511719 0.0147628784179688
0.0344715118408203 0.00896263122558594 -0.0178966522216797 0.00272750854492188
0.0358772277832031 0.0210533142089844 0.0159006118774414 0.0164737701416016
0.0302200317382813 0.0258159637451172 0.0272560119628906 0.0538215637207031
0.0148191452026367 0.0114259719848633 0.0472908020019531 0.00419998168945313
0.0266151428222656 0.00650787353515625 0.0514640808105469 0.0142784118652344
0.0229377746582031 -0.00310897827148437 0.0340290069580078 0.0100231170654297
0.0149698257446289 -0.0120267868041992 0.0254688262939453 0.0109405517578125
0.00620174407958984 -0.0140256881713867 0.0138349533081055 0.0123767852783203
-0.00269985198974609 -0.0108270645141602 0.00482177734375 0.0215587615966797
-0.00150537490844727 -0.0059356689453125 0.00475311279296875 0.03302001953125
0.00117349624633789 -0.00567817687988281 0.00185775756835938 0.0413169860839844
0.000114440917968749 -0.00673437118530273 -0.0117263793945312 0.0485916137695313
0.00278854370117187 -0.00896072387695312 -0.0288505554199219 0.0463447570800781
0.00875091552734375 -0.00956249237060547 -0.0357742309570313 0.0356330871582031
0.0160007476806641 -0.00607109069824219 -0.0318946838378906 0.0159683227539063
0.0217380523681641 0.00543975830078125 -0.0159759521484375 0.0046539306640625
0.0209732055664063 0.0130596160888672 0.0178260803222656 0.020904541015625
0.0138111114501953 0.0164470672607422 0.0310020446777344 0.0619316101074219
0.00199651718139648 0.00853538513183594 -0.034515380859375 -0.0538139343261719
-0.0024564266204834 0.00100898742675781 -0.0133724212646484 -0.0195674896240234
-0.00331783294677734 0.00557851791381836 0.0182132720947266 -0.00203895568847656
0.00346899032592773 0.00596952438354492 0.0380821228027344 -0.0153923034667969
0.0068659782409668 0.000710010528564453 0.0377388000488281 -0.0330696105957031
0.00549459457397461 -0.00532817840576172 0.0261192321777344 -0.0512161254882812
0.00227069854736328 -0.0118570327758789 0.00760269165039063 -0.0535621643066406
0.00250625610351563 -0.0107545852661133 -0.00440597534179687 -0.0407791137695313
0.00470066070556641 -0.0102529525756836 -0.0113906860351563 -0.0293750762939453
0.00860595703125 -0.00840568542480469 -0.01373291015625 -0.0221824645996094
0.0105295181274414 -0.0017547607421875 -0.0223789215087891 -0.0121364593505859
0.00655651092529297 0.00726127624511719 -0.0266933441162109 -0.0102825164794922
-0.00462865829467774 0.00625419616699219 -0.0367355346679688 -0.0147895812988281
-0.00558853149414063 0.000691413879394531 -0.0491371154785156 -0.0102577209472656
-0.00149631500244141 0.00416040420532226 -0.04559326171875 -0.0061187744140625
0.0198249816894531 0.0237140655517578 -0.0271835327148438 -0.049102783203125
0.0148410797119141 0.0130386352539063 -0.00311279296875 -0.0154075622558594
0.0132131576538086 0.0139741897583008 0.0228767395019531 -0.000534057617187499
0.0208606719970703 0.00741386413574219 0.0411911010742188 -0.0143814086914062
0.02117919921875 -0.00351715087890625 0.03802490234375 -0.0295066833496094
0.0170516967773438 -0.0167465209960938 0.0250320434570312 -0.0464363098144531
0.00778388977050781 -0.0259075164794922 0.00710296630859375 -0.045989990234375
0.00757217407226563 -0.0255661010742188 -0.00448036193847656 -0.0320224761962891
0.00785636901855468 -0.0273380279541016 -0.0127811431884766 -0.0205650329589844
0.0146446228027344 -0.0251579284667969 -0.0184497833251953 -0.0155181884765625
0.0227642059326172 -0.0144901275634766 -0.0266666412353516 -0.00617599487304688
0.0228061676025391 -0.0029296875 -0.0292453765869141 -0.00786399841308594
0.0146360397338867 0.00821495056152344 -0.0366668701171875 -0.0102081298828125
0.0154180526733398 0.00927162170410156 -0.04449462890625 -0.00469589233398438
0.0176277160644531 0.01422119140625 -0.040374755859375 -0.000377655029296867
0.0348739624023438 0.0360260009765625 -0.015350341796875 -0.0399322509765625
0.0314712524414063 0.0248069763183594 0.00749444961547852 -0.00635433197021484
0.0299568176269531 0.0218791961669922 0.028900146484375 0.00313758850097656
0.0363235473632813 0.00796890258789063 0.0439834594726563 -0.0112495422363281
0.0345821380615234 -0.00750732421875 0.0362815856933594 -0.0261268615722656
0.0268325805664063 -0.0262069702148438 0.0206794738769531 -0.0389976501464844
0.0130691528320313 -0.036773681640625 0.00541877746582032 -0.0346031188964844
0.0113067626953125 -0.035675048828125 -0.00415229797363281 -0.0192127227783203
0.00943374633789063 -0.0392723083496094 -0.0121803283691406 -0.00726985931396484
0.0180892944335938 -0.0396270751953125 -0.0208320617675781 -0.00271797180175782
0.0305538177490234 -0.0273723602294922 -0.0294208526611328 0.00315475463867187
0.0351753234863281 -0.0134391784667969 -0.0313262939453125 -0.00293159484863281
0.0317630767822266 0.00667381286621094 -0.0354804992675781 -0.00562286376953125
0.0332355499267578 0.0143280029296875 -0.0355186462402344 0.000625610351562502
0.0343894958496094 0.0214633941650391 -0.0295753479003906 0.00790596008300782
0.0444602966308594 0.0430488586425781 -0.000415802001953123 -0.0272617340087891
0.0447158813476562 0.0326271057128906 0.0203952789306641 0.0039215087890625
0.0450515747070313 0.0250663757324219 0.0342845916748047 0.00800704956054688
0.0499992370605469 0.005889892578125 0.0440483093261719 -0.00796890258789063
0.0429344177246094 -0.0126419067382813 0.0314388275146484 -0.0196666717529297
0.0313606262207031 -0.0326461791992188 0.0143165588378906 -0.0282421112060547
0.0147705078125 -0.0431365966796875 0.00278282165527344 -0.0190315246582031
0.0121536254882813 -0.0411567687988281 -0.0040278434753418 -0.00368022918701172
0.0102691650390625 -0.0452117919921875 -0.0106086730957031 0.00829792022705078
0.0178871154785156 -0.0448684692382813 -0.0222206115722656 0.0110683441162109
0.0330600738525391 -0.0340232849121094 -0.0305519104003906 0.0136318206787109
0.041778564453125 -0.0216751098632813 -0.0320854187011719 0.00366020202636718
0.0433311462402344 0.00369644165039063 -0.0324382781982422 -0.00246620178222656
0.0468177795410156 0.0174407958984375 -0.0227737426757812 0.00379562377929688
0.0454444885253906 0.0268363952636719 -0.0143680572509766 0.0183391571044922
0.0472450256347656 0.0425872802734375 0.0145454406738281 -0.0137395858764648
0.0526351928710938 0.0332717895507813 0.0327720642089844 0.0127792358398438
0.0533370971679687 0.0223808288574219 0.037445068359375 0.0117988586425781
0.054473876953125 -1.9073486328125E-05 0.0407295227050781 -0.00215530395507813
0.0432701110839844 -0.0182723999023438 0.0251560211181641 -0.0105361938476563
0.0286331176757813 -0.0361175537109375 0.00814628601074219 -0.0138130187988281
0.0134963989257813 -0.0419425964355469 0.000778317451477052 -0.0018606185913086
0.0119285583496094 -0.0402717590332031 -0.00253582000732422 0.0125732421875
0.00968551635742187 -0.0437469482421875 -0.00855636596679687 0.0243015289306641
0.0170059204101563 -0.0436973571777344 -0.0212879180908203 0.0259895324707031
0.0326671600341797 -0.034454345703125 -0.0313796997070312 0.0244083404541016
0.0429267883300781 -0.0235481262207031 -0.0313091278076172 0.00941848754882813
0.0485916137695312 0.00354766845703125 -0.0271072387695312 -0.000209808349609369
0.0525360107421875 0.0193595886230469 -0.00789833068847656 0.0068206787109375
0.0481643676757813 0.0295524597167969 0.00252532958984375 0.0290927886962891
0.0428695678710938 0.0351142883300781 0.0295391082763672 -0.00333786010742187
0.051727294921875 0.0259742736816406 0.0428237915039063 0.0174636840820313
0.0518951416015625 0.015045166015625 0.0386734008789063 0.0134048461914063
0.0498542785644531 -0.00624847412109375 0.0352745056152344 0.00310516357421875
0.0364112854003906 -0.0216522216796875 0.0188770294189453 -0.00139808654785156
0.0205478668212891 -0.0337200164794922 0.0041043758392334 0.00168848037719726
0.0090484619140625 -0.0351676940917969 0.00132274627685547 0.0140981674194336
0.00934219360351562 -0.0323429107666016 -0.00184059143066406 0.0268993377685547
0.00854492187499999 -0.0355873107910156 -0.00763320922851562 0.0368690490722656
0.0140953063964844 -0.0351943969726563 -0.0216827392578125 0.0368270874023438
0.0286903381347656 -0.0276889801025391 -0.0301017761230469 0.0315322875976563
0.0385360717773438 -0.0188026428222656 -0.0300979614257812 0.0135631561279297
0.0452766418457031 0.00559616088867187 -0.0212802886962891 0.00140380859375
0.0488624572753906 0.0205612182617188 0.00615787506103516 0.0103759765625
0.0429496765136719 0.0300521850585937 0.0168914794921875 0.0408477783203125
0.0320358276367188 0.0233955383300781 0.0399513244628906 0.00239181518554688
0.0425033569335937 0.0163650512695312 0.049652099609375 0.0167427062988281
0.0408248901367187 0.004150390625 0.0371170043945313 0.0118522644042969
0.0349884033203125 -0.0116062164306641 0.0293598175048828 0.00789451599121094
0.0217552185058594 -0.0199508666992188 0.0151939392089844 0.00741195678710937
0.00827217102050781 -0.0246105194091797 0.00336456298828125 0.0140600204467773
0.0035552978515625 -0.021881103515625 0.00277900695800781 0.0267906188964844
0.00518989562988281 -0.0204658508300781 0.000648498535156251 0.0365829467773438
0.00568008422851563 -0.0220184326171875 -0.00762939453125 0.0461845397949219
0.00990104675292969 -0.0224533081054688 -0.0240898132324219 0.0442466735839844
0.0200824737548828 -0.0183982849121094 -0.0325546264648438 0.0358352661132812
0.0289497375488281 -0.0127525329589844 -0.0306663513183594 0.0151691436767578
0.0344047546386719 0.00747299194335938 -0.0175971984863281 0.00324821472167969
0.0364646911621094 0.0188560485839844 0.0145807266235352 0.0157089233398438
0.0309352874755859 0.0252017974853516 0.0276145935058594 0.0523681640625
0.0152950286865234 0.00935554504394531 0.0466499328613281 0.00310516357421875
0.0256481170654297 0.00482749938964844 0.0513267517089844 0.0131111145019531
0.0220489501953125 -0.00415229797363281 0.0346145629882812 0.00979804992675781
0.0144214630126953 -0.0122137069702148 0.0259265899658203 0.0110435485839844
0.00425243377685547 -0.0136194229125977 0.0151138305664063 0.0115518569946289
-0.00359439849853516 -0.0097198486328125 0.00628471374511719 0.0210552215576172
-0.00161409378051758 -0.00503396987915039 0.00591468811035156 0.0322856903076172
0.00110244750976563 -0.00524282455444336 0.00215530395507812 0.0416107177734375
0.00115442276000977 -0.0060577392578125 -0.00910949707031251 0.0507431030273438
0.00169134140014648 -0.00738286972045898 -0.0271148681640625 0.0469474792480469
0.00846481323242188 -0.00868415832519531 -0.0349845886230469 0.0361785888671875
0.0155601501464844 -0.00710964202880859 -0.0306224822998047 0.0166244506835937
0.0199871063232422 0.00447463989257813 -0.0170536041259766 0.00484943389892578
0.0206241607666016 0.0117759704589844 0.0173721313476563 0.0200424194335938
0.0133810043334961 0.0151615142822266 0.0317230224609375 0.0595359802246094
0.00326824188232422 0.0095062255859375 -0.0334815979003906 -0.0535163879394531
-0.00113070011138916 0.0017017126083374 -0.0119915008544922 -0.0188846588134766
-0.00215768814086914 0.0056462287902832 0.0181941986083984 -0.00252914428710937
0.00489091873168945 0.00479412078857422 0.0379257202148438 -0.0157127380371094
0.00676393508911133 -0.000150680541992188 0.03759765625 -0.0327529907226563
0.00594186782836914 -0.0065455436706543 0.0251998901367188 -0.0515899658203125
0.00202751159667969 -0.012730598449707 0.00747299194335938 -0.0530891418457031
0.00265693664550781 -0.0122699737548828 -0.00396728515625 -0.04022216796875
0.00489044189453125 -0.0114917755126953 -0.0116767883300781 -0.0283184051513672
0.00934123992919922 -0.00874805450439453 -0.0147323608398438 -0.0223217010498047
0.0114164352416992 -0.00187778472900391 -0.0230503082275391 -0.0116405487060547
0.00759410858154297 0.00649595260620117 -0.0272426605224609 -0.0104007720947266
-0.00454807281494141 0.00691747665405273 -0.0369300842285156 -0.0153846740722656
-0.00479888916015625 0.00228404998779297 -0.0496177673339844 -0.0102958679199219
-0.00144433975219727 0.00470113754272461 -0.0458106994628906 -0.00638580322265626
0.0206642150878906 0.0244674682617188 -0.0260543823242187 -0.04864501953125
0.0162839889526367 0.013829231262207 -0.00270557403564453 -0.0151424407958984
0.0144023895263672 0.0145101547241211 0.023773193359375 0.000349044799804688
0.0208110809326172 0.00664901733398438 0.041351318359375 -0.0138015747070313
0.0217971801757813 -0.00418853759765625 0.0377960205078125 -0.0296669006347656
0.0170450210571289 -0.0173978805541992 0.0242958068847656 -0.0462074279785156
0.006988525390625 -0.0270729064941406 0.00746536254882812 -0.0454444885253906
0.00741195678710938 -0.0266590118408203 -0.00421524047851562 -0.0316734313964844
0.00798416137695313 -0.0281467437744141 -0.0123519897460938 -0.0199871063232422
0.0152721405029297 -0.0261039733886719 -0.0188503265380859 -0.0146427154541016
0.0231342315673828 -0.0152091979980469 -0.0269966125488281 -0.00631904602050781
0.0236339569091797 -0.00293731689453125 -0.0298233032226562 -0.00753402709960937
0.0152950286865234 0.00862026214599609 -0.0364799499511719 -0.0101432800292969
0.0153093338012695 0.0102777481079102 -0.0448150634765625 -0.00448608398437499
0.0181121826171875 0.0148639678955078 -0.0406455993652344 0.00031280517578125
0.0346336364746094 0.0363845825195313 -0.0141181945800781 -0.0394973754882813
0.0319061279296875 0.0251083374023438 0.00832176208496094 -0.00600433349609375
0.0310230255126953 0.0223255157470703 0.0295696258544922 0.0045623779296875
0.0370368957519531 0.007476806640625 0.0441513061523437 -0.01116943359375
0.0351829528808594 -0.00797271728515625 0.0363197326660156 -0.0251312255859375
0.026397705078125 -0.0271701812744141 0.020751953125 -0.0383567810058594
0.0123367309570313 -0.0379409790039063 0.00607872009277344 -0.0339336395263672
0.0099639892578125 -0.0370368957519531 -0.003326416015625 -0.0188503265380859
0.00942611694335938 -0.0404624938964844 -0.0121927261352539 -0.00623703002929688
0.0181541442871094 -0.0388679504394531 -0.021240234375 -0.00243759155273437
0.0304813385009766 -0.0272693634033203 -0.0301742553710937 0.00374412536621094
0.0356674194335938 -0.0133628845214844 -0.0318984985351563 -0.00177955627441406
0.0322246551513672 0.00726318359375 -0.0354652404785156 -0.0060272216796875
0.0334892272949219 0.0149726867675781 -0.035369873046875 0.00107955932617188
0.0341224670410156 0.0218238830566406 -0.02984619140625 0.00938415527343751
0.0435371398925781 0.0428619384765625 0.000108718872070315 -0.0261363983154297
0.044952392578125 0.0323295593261719 0.020721435546875 0.00514411926269531
0.0450515747070313 0.0257339477539062 0.0353622436523438 0.009613037109375
0.0503082275390625 0.00553131103515625 0.0446128845214844 -0.00630950927734375
0.0431861877441406 -0.0135421752929687 0.0321846008300781 -0.0188007354736328
0.0309715270996094 -0.0329704284667969 0.0147666931152344 -0.0265045166015625
0.0144844055175781 -0.0427742004394531 0.00330924987792969 -0.0182056427001953
0.0121955871582031 -0.0416259765625 -0.00320219993591308 -0.00242972373962403
0.00986862182617188 -0.0459976196289063 -0.0107240676879883 0.00949382781982422
0.0176353454589844 -0.0450286865234375 -0.0220680236816406 0.0126266479492187
0.0331134796142578 -0.0346660614013672 -0.0305919647216797 0.0149497985839844
0.0415840148925781 -0.0217857360839844 -0.0329132080078125 0.00403404235839844
0.043975830078125 0.00458526611328125 -0.0325603485107422 -0.00198554992675781
0.0474052429199219 0.0175743103027344 -0.0222263336181641 0.00423622131347657
0.0448989868164062 0.0267410278320312 -0.0145282745361328 0.0193214416503906
0.0472526550292969 0.0420417785644531 0.0148935317993164 -0.0130138397216797
0.0518341064453125 0.0326042175292969 0.0332622528076172 0.0139255523681641
0.0535049438476563 0.0224571228027344 0.0375289916992188 0.0130538940429688
0.0548553466796875 -0.000377655029296875 0.0412063598632813 -0.001556396484375
0.0441131591796875 -0.0190086364746094 0.0257778167724609 -0.00961112976074219
0.0290412902832031 -0.036651611328125 0.00878143310546875 -0.0127763748168945
0.0129776000976563 -0.04193115234375 0.00179612636566162 -0.00168955326080323
0.0113601684570313 -0.0397491455078125 -0.0019989013671875 0.0132675170898437
0.00970840454101562 -0.0439338684082031 -0.00878143310546875 0.0250701904296875
0.015960693359375 -0.0438041687011719 -0.0213184356689453 0.0268287658691406
0.0321731567382813 -0.0343666076660156 -0.0306682586669922 0.0252571105957031
0.0431442260742188 -0.0235443115234375 -0.0318069458007813 0.00944519042968749
0.0488624572753906 0.00376510620117188 -0.0273799896240234 0.000272750854492183
0.0524711608886719 0.019500732421875 -0.00771379470825195 0.00763750076293945
0.0482444763183594 0.0290412902832031 0.00194168090820313 0.0302143096923828
0.042755126953125 0.0350074768066406 0.0294666290283203 -0.00274848937988281
0.0505409240722656 0.0257835388183594 0.0436859130859375 0.0182533264160156
0.0512771606445313 0.0142784118652344 0.0385856628417969 0.0138969421386719
0.0487785339355469 -0.00672149658203125 0.0359420776367188 0.00378036499023437
0.0357208251953125 -0.0219573974609375 0.0195045471191406 -0.000284194946289064
0.0206241607666016 -0.0335464477539063 0.0046086311340332 0.00255727767944336
0.00911712646484375 -0.0348625183105469 0.001739501953125 0.01470947265625
0.00860595703125 -0.0317363739013672 -0.000795364379882811 0.0274295806884766
0.00858306884765625 -0.0357475280761719 -0.00706481933593749 0.0382575988769531
0.0136470794677734 -0.0348587036132813 -0.0220870971679688 0.0378150939941406
0.0284194946289062 -0.0281906127929688 -0.0304908752441406 0.0324649810791016
0.0381698608398438 -0.0199203491210938 -0.0310096740722656 0.0140743255615234
0.0449180603027344 0.00589752197265625 -0.0214862823486328 0.00199127197265625
0.0478172302246094 0.0203666687011719 0.00581836700439453 0.0102691650390625
0.0425338745117188 0.02886962890625 0.0167427062988281 0.04132080078125
0.0320053100585938 0.0224723815917969 0.0399589538574219 0.00296401977539063
0.0409049987792969 0.0149574279785156 0.0498390197753906 0.0176773071289063
0.0407752990722656 0.00452041625976563 0.0370368957519531 0.0126266479492187
0.0338306427001953 -0.0117073059082031 0.0303745269775391 0.00835609436035156
0.0209236145019531 -0.0204544067382813 0.0153570175170898 0.007781982421875
0.00798225402832031 -0.0232982635498047 0.003875732421875 0.0147390365600586
0.00337791442871094 -0.0211372375488281 0.00332450866699219 0.0265922546386719
0.00510025024414063 -0.0197277069091797 0.00113677978515625 0.0368461608886719
0.00523948669433594 -0.0221824645996094 -0.00799560546875001 0.0470237731933594
0.0090484619140625 -0.0218143463134766 -0.0242919921875 0.0450363159179687
0.0200901031494141 -0.0171871185302734 -0.0316238403320313 0.0360832214355469
0.0284957885742188 -0.0133705139160156 -0.0303478240966797 0.016510009765625
0.0335636138916016 0.00686264038085937 -0.0178985595703125 0.00346565246582031
0.0362815856933594 0.0179214477539063 0.0151529312133789 0.0150556564331055
0.0294628143310547 0.02374267578125 0.0265655517578125 0.0526466369628906
0.0154685974121094 0.00832748413085938 0.0465164184570313 0.00344085693359375
0.0243911743164062 0.00379562377929688 0.0518341064453125 0.0136146545410156
0.0219993591308594 -0.00519371032714844 0.0348377227783203 0.0105705261230469
0.0137319564819336 -0.0122480392456055 0.0266246795654297 0.0117263793945313
0.00275516510009766 -0.0137243270874023 0.0158538818359375 0.0124416351318359
-0.00409507751464844 -0.00879669189453125 0.0076446533203125 0.0210952758789063
-0.00135469436645508 -0.00414896011352539 0.00667953491210938 0.0321102142333984
0.000820875167846679 -0.00420928001403809 0.00240325927734375 0.0405921936035156
0.0017085075378418 -0.00526285171508789 -0.00925445556640625 0.0502357482910156
0.00118637084960937 -0.00670242309570313 -0.0275192260742188 0.0472640991210937
0.00776910781860351 -0.00858306884765625 -0.0345840454101562 0.0362510681152344
0.0141391754150391 -0.00710678100585937 -0.0309047698974609 0.0170383453369141
0.0193138122558594 0.00420761108398438 -0.0172863006591797 0.00488471984863281
0.0194377899169922 0.0108833312988281 0.017120361328125 0.0200176239013672
0.0137796401977539 0.0143060684204102 0.0302848815917969 0.0607643127441406
0.00403404235839844 0.0113143920898438 -0.0326118469238281 -0.05487060546875
-0.000782966613769532 0.00282645225524902 -0.0110645294189453 -0.0197086334228516
-0.00108194351196289 0.0058588981628418 0.0201568603515625 -0.00133895874023437
0.00531721115112305 0.00469636917114258 0.0392875671386719 -0.015380859375
0.00736570358276367 -0.000332832336425781 0.0387115478515625 -0.0332984924316406
0.00619316101074219 -0.00778007507324219 0.0257530212402344 -0.0524635314941406
0.00203132629394531 -0.0145597457885742 0.00774002075195312 -0.0539474487304688
0.00256156921386719 -0.0131959915161133 -0.00405120849609375 -0.0404777526855469
0.00535297393798828 -0.0137310028076172 -0.0110492706298828 -0.0284919738769531
0.0106468200683594 -0.0101242065429688 -0.0153331756591797 -0.0222988128662109
0.0129175186157227 -0.00235462188720703 -0.0242996215820313 -0.0127201080322266
0.00840425491333008 0.00713300704956055 -0.0280323028564453 -0.0113906860351562
-0.00388002395629883 0.00780057907104492 -0.0378532409667969 -0.0162811279296875
-0.00511550903320313 0.00346279144287109 -0.05072021484375 -0.0110321044921875
-0.00151395797729492 0.00569725036621094 -0.0466575622558594 -0.00635528564453125
0.0221672058105469 0.0257778167724609 -0.0252532958984375 -0.0500411987304688
0.0168943405151367 0.0151100158691406 -0.00173568725585937 -0.014470100402832
0.0159215927124023 0.0144929885864258 0.0249748229980469 0.00107955932617188
0.0222854614257813 0.006561279296875 0.0425376892089844 -0.0132522583007813
0.0226192474365234 -0.00479316711425781 0.03912353515625 -0.029205322265625
0.0174465179443359 -0.018829345703125 0.0254096984863281 -0.0463027954101563
0.00728416442871094 -0.0286693572998047 0.00788497924804687 -0.0463104248046875
0.00709915161132812 -0.0279293060302734 -0.00411033630371093 -0.0316753387451172
0.00875473022460938 -0.0302085876464844 -0.0128898620605469 -0.0195121765136719
0.0164146423339844 -0.0276870727539063 -0.0200862884521484 -0.0142097473144531
0.0245094299316406 -0.0159225463867188 -0.0284881591796875 -0.00604438781738282
0.0256805419921875 -0.002838134765625 -0.0306262969970703 -0.00796127319335938
0.0162773132324219 0.0107440948486328 -0.0376548767089844 -0.0109100341796875
0.015594482421875 0.0121440887451172 -0.04559326171875 -0.00461959838867188
0.0183868408203125 0.0162067413330078 -0.0411758422851563 0.000747680664062503
0.0354270935058594 0.0379676818847656 -0.0135231018066406 -0.0399513244628906
0.0320911407470703 0.0262031555175781 0.00996685028076172 -0.00455188751220703
0.0324211120605469 0.0221691131591797 0.0317115783691406 0.0057373046875
0.0385780334472656 0.00808334350585938 0.0452041625976563 -0.0104751586914063
0.0362510681152344 -0.00876998901367188 0.0380821228027344 -0.0249366760253906
0.0275669097900391 -0.0284881591796875 0.0218429565429688 -0.0378799438476563
0.0125732421875 -0.0387954711914063 0.0064697265625 -0.0336685180664063
0.0108108520507812 -0.0380897521972656 -0.00334548950195312 -0.0180644989013672
0.0106201171875 -0.041717529296875 -0.0124549865722656 -0.00550651550292969
0.018768310546875 -0.0405921936035156 -0.0220794677734375 -0.00126075744628907
0.0319366455078125 -0.0280876159667969 -0.0311489105224609 0.00436973571777344
0.0371322631835938 -0.01385498046875 -0.0333366394042969 -0.00190925598144531
0.0334014892578125 0.00878143310546875 -0.036895751953125 -0.00540161132812501
0.0348587036132813 0.0168018341064453 -0.0364341735839844 0.00098419189453125
0.0347080230712891 0.0240154266357422 -0.0303859710693359 0.00984954833984376
0.0451469421386719 0.0448646545410156 0.000751495361328128 -0.0266227722167969
0.045196533203125 0.03375244140625 0.0226669311523438 0.00606346130371094
0.0468940734863281 0.0265007019042969 0.0372161865234375 0.0109710693359375
0.0512428283691406 0.00557708740234375 0.0464706420898438 -0.00555801391601563
0.0442428588867188 -0.0140762329101562 0.0334815979003906 -0.0180320739746094
0.0315570831298828 -0.0348167419433594 0.0159206390380859 -0.0255355834960938
0.0144462585449219 -0.0442886352539062 0.00447750091552734 -0.0169649124145508
0.0124130249023438 -0.0426445007324219 -0.00271439552307129 -0.00148439407348633
0.0105323791503906 -0.0471000671386719 -0.0107221603393555 0.0113925933837891
0.0183944702148438 -0.0463027954101563 -0.0225334167480469 0.0135898590087891
0.0339393615722656 -0.0354499816894531 -0.0327949523925781 0.0166835784912109
0.0432777404785156 -0.0225563049316406 -0.0340023040771484 0.0049896240234375
0.0460891723632813 0.00571823120117188 -0.0333919525146484 -0.00159072875976562
0.0479240417480469 0.0186576843261719 -0.0233116149902344 0.005157470703125
0.0457572937011719 0.0278472900390625 -0.0149135589599609 0.0204086303710938
0.0476455688476562 0.0432853698730469 0.0155963897705078 -0.013336181640625
0.0525856018066406 0.0334892272949219 0.0338153839111328 0.0150966644287109
0.0552177429199219 0.0234832763671875 0.0403823852539063 0.0150718688964844
0.0556373596191406 0.00016021728515625 0.0431976318359375 -0.00026702880859375
0.0446510314941406 -0.0192375183105469 0.0266590118408203 -0.00806045532226563
0.02923583984375 -0.0367507934570313 0.0101690292358398 -0.0113754272460938
0.0132217407226563 -0.0428466796875 0.00265336036682129 -0.000246524810791018
0.0113296508789062 -0.0404052734375 -0.00169181823730469 0.0144338607788086
0.0102653503417969 -0.0436439514160156 -0.00848388671875 0.0264778137207031
0.0168609619140625 -0.0444145202636719 -0.0224456787109375 0.0287189483642578
0.0328350067138672 -0.0348548889160156 -0.0325641632080078 0.0272808074951172
0.0439414978027344 -0.0242424011230469 -0.0326786041259766 0.0104255676269531
0.0499496459960938 0.00423812866210938 -0.0274276733398437 0.00105857849121094
0.0530128479003906 0.0199241638183594 -0.00797414779663085 0.0078420639038086
0.0483894348144531 0.0304298400878906 0.00117111206054688 0.0317039489746094
0.0427436828613281 0.0347442626953125 0.0302925109863281 -0.00222206115722656
0.0506095886230469 0.0263595581054687 0.0446205139160156 0.0199775695800781
0.0529670715332031 0.0151939392089844 0.0402030944824219 0.0163536071777344
0.0500526428222656 -0.00701522827148438 0.0368423461914063 0.004974365234375
0.0357933044433594 -0.021331787109375 0.0206069946289063 0.000288009643554686
0.0209522247314453 -0.0333023071289063 0.00555801391601563 0.00358867645263672
0.0096588134765625 -0.0350379943847656 0.00241470336914063 0.0158147811889648
0.00908851623535157 -0.0327224731445313 -0.000720977783203122 0.0281696319580078
0.00908279418945313 -0.0354423522949219 -0.00726318359375 0.0397109985351563
0.0137939453125 -0.0353355407714844 -0.0227088928222656 0.0400047302246094
0.0285186767578125 -0.0284481048583984 -0.0312156677246094 0.0342617034912109
0.0382843017578125 -0.0199432373046875 -0.0314922332763672 0.0148353576660156
0.0452690124511719 0.00628662109375 -0.0226993560791016 0.00283432006835938
0.0484580993652344 0.020477294921875 0.00532054901123047 0.0116949081420898
0.0430107116699219 0.0292739868164063 0.0158920288085938 0.0437965393066406
0.0320911407470703 0.0220565795898438 0.0411796569824219 0.00349044799804688
0.0407142639160156 0.0153846740722656 0.0507125854492188 0.0186843872070313
0.0413322448730469 0.00394821166992187 0.0388298034667969 0.0141258239746094
0.0341682434082031 -0.0117855072021484 0.0314102172851563 0.00988960266113281
0.0202865600585937 -0.0199298858642578 0.0173072814941406 0.00815010070800781
0.00866889953613281 -0.0230751037597656 0.00583934783935547 0.0156259536743164
0.00358009338378906 -0.0214138031005859 0.00371932983398438 0.0273876190185547
0.0054931640625 -0.0196475982666016 0.00172805786132813 0.0377655029296875
0.00566482543945313 -0.0211181640625 -0.00800704956054688 0.0489006042480469
0.00901222229003906 -0.0205402374267578 -0.024871826171875 0.0468063354492188
0.0197868347167969 -0.0179100036621094 -0.0336418151855469 0.0376930236816406
0.0282974243164063 -0.0127029418945313 -0.0313873291015625 0.0165328979492188
0.0343132019042969 0.00644683837890625 -0.01910400390625 0.00457954406738281
0.0358390808105469 0.0185508728027344 0.0149116516113281 0.0166501998901367
0.0300636291503906 0.0236263275146484 0.0255470275878906 0.0546989440917969
0.0156736373901367 0.00781440734863281 0.0471305847167969 0.00371932983398438
0.0244350433349609 0.0025482177734375 0.0521888732910156 0.0145454406738281
0.0228195190429688 -0.00543975830078125 0.03619384765625 0.0116958618164062
0.0128631591796875 -0.0128383636474609 0.0283851623535156 0.0130100250244141
0.00227451324462891 -0.0135164260864258 0.0171184539794922 0.0124778747558594
-0.00472736358642578 -0.00797080993652344 0.00821495056152344 0.0217857360839844
-0.00179886817932129 -0.00311994552612305 0.00689697265625 0.0320835113525391
0.000946760177612304 -0.00379490852355957 0.00215530395507813 0.0415496826171875
0.00179672241210938 -0.00434350967407227 -0.0095672607421875 0.0512275695800781
0.00137042999267578 -0.00544452667236328 -0.0282363891601563 0.0485382080078125
0.00744962692260742 -0.00844621658325195 -0.0360870361328125 0.0371284484863281
0.0142812728881836 -0.00702953338623047 -0.0321407318115234 0.0170574188232422
0.0188941955566406 0.00466346740722656 -0.0174112319946289 0.00537586212158203
0.0185661315917969 0.0105094909667969 0.0170078277587891 0.0198421478271484
0.0129280090332031 0.0130586624145508 0.0298309326171875 0.0622444152832031
0.00572776794433594 0.0129261016845703 -0.03363037109375 -0.0571327209472656
0.000899314880371094 0.00318551063537598 -0.0101337432861328 -0.0203876495361328
0.00048208236694336 0.00593996047973633 0.0217857360839844 -0.00194549560546875
0.0065464973449707 0.00454282760620117 0.0412330627441406 -0.0167121887207031
0.00863361358642578 -0.00195455551147461 0.0400047302246094 -0.0343971252441406
0.00669384002685547 -0.00929927825927734 0.0261688232421875 -0.0543785095214844
0.00130462646484375 -0.0162458419799805 0.00732803344726563 -0.0556564331054688
0.00219249725341797 -0.0146150588989258 -0.00471115112304688 -0.0415725708007813
0.00487613677978516 -0.0152177810668945 -0.0122623443603516 -0.0290069580078125
0.0115041732788086 -0.0122795104980469 -0.0170326232910156 -0.0228328704833984
0.0142860412597656 -0.00300025939941406 -0.0257587432861328 -0.0122566223144531
0.010258674621582 0.00751018524169922 -0.0307674407958984 -0.0116157531738281
-0.002716064453125 0.009613037109375 -0.0405235290527344 -0.0165214538574219
-0.00475072860717773 0.00575065612792969 -0.0529403686523438 -0.0116615295410156
-0.000504970550537109 0.00811386108398438 -0.0482063293457031 -0.00670242309570313
0.0235042572021484 0.0281162261962891 -0.0253791809082031 -0.0519027709960938
0.0189857482910156 0.0156822204589844 -0.000712394714355467 -0.0144081115722656
0.0180912017822266 0.0153141021728516 0.0270099639892578 0.00102806091308594
0.0242595672607422 0.00623893737792969 0.0448951721191406 -0.0144462585449219
0.0237293243408203 -0.00577735900878906 0.0409889221191406 -0.0300445556640625
0.0180988311767578 -0.0208396911621094 0.0259628295898438 -0.0477409362792969
0.00753974914550782 -0.0309200286865234 0.00762557983398437 -0.0472755432128906
0.00631332397460937 -0.0305995941162109 -0.00397491455078125 -0.0320911407470703
0.00791168212890625 -0.0329647064208984 -0.013427734375 -0.0193462371826172
0.0170059204101563 -0.0301837921142578 -0.0212955474853516 -0.0140380859375
0.0264434814453125 -0.0178394317626953 -0.0299854278564453 -0.00520324707031251
0.0276088714599609 -0.00332832336425781 -0.0327663421630859 -0.00738716125488282
0.0186405181884766 0.01129150390625 -0.0397682189941406 -0.0108489990234375
0.0175685882568359 0.0142812728881836 -0.0467605590820313 -0.0041046142578125
0.0199985504150391 0.0183849334716797 -0.0427818298339844 0.00128173828125
0.0381507873535156 0.03985595703125 -0.0133895874023437 -0.0407867431640625
0.0347156524658203 0.0271053314208984 0.0110712051391602 -0.00489139556884765
0.0352859497070313 0.0238609313964844 0.0337924957275391 0.00645828247070313
0.0409736633300781 0.00741195678710938 0.0488357543945313 -0.0105323791503906
0.037811279296875 -0.010009765625 0.0396156311035156 -0.0248222351074219
0.0277576446533203 -0.0308570861816406 0.022674560546875 -0.03826904296875
0.0122032165527344 -0.0418205261230469 0.00702285766601563 -0.0335483551025391
0.00984573364257813 -0.0409088134765625 -0.00382041931152344 -0.0181179046630859
0.00953292846679687 -0.0454330444335938 -0.012263298034668 -0.00353813171386719
0.0191917419433594 -0.0434226989746094 -0.0234737396240234 0.000295639038085932
0.0336418151855469 -0.0301952362060547 -0.0329914093017578 0.00642013549804687
0.0395393371582031 -0.0149383544921875 -0.0352325439453125 -0.0013580322265625
0.0363616943359375 0.0100555419921875 -0.0384483337402344 -0.00476837158203126
0.0367164611816406 0.0187530517578125 -0.0376205444335938 0.001953125
0.036712646484375 0.0252151489257812 -0.0310707092285156 0.0118865966796875
0.0475044250488281 0.0458793640136719 0.00180816650390625 -0.026397705078125
0.0475120544433594 0.0342330932617188 0.0244846343994141 0.00673294067382813
0.0504646301269531 0.026947021484375 0.039703369140625 0.0120315551757813
0.0541572570800781 0.00487518310546875 0.0494041442871094 -0.00557327270507813
0.0453910827636719 -0.0155029296875 0.0354270935058594 -0.0177154541015625
0.0328788757324219 -0.0369110107421875 0.0172920227050781 -0.0256481170654297
0.0148162841796875 -0.0463104248046875 0.0048675537109375 -0.0170059204101563
0.0113182067871094 -0.044830322265625 -0.00220680236816406 -0.000693559646606448
0.00990676879882812 -0.049102783203125 -0.0103044509887695 0.0135641098022461
0.0182456970214844 -0.0491714477539063 -0.0234107971191406 0.0164203643798828
0.03509521484375 -0.0376663208007813 -0.0336818695068359 0.0186176300048828
0.0447120666503906 -0.02386474609375 -0.0356674194335938 0.00661849975585937
0.0481681823730469 0.00567626953125 -0.0349388122558594 -0.000490188598632813
0.0505180358886719 0.0200157165527344 -0.0236721038818359 0.005889892578125
0.0478172302246094 0.0297088623046875 -0.0152778625488281 0.0228004455566406
0.0498390197753906 0.0446586608886719 0.0170221328735352 -0.0126953125
0.0535812377929687 0.0339088439941406 0.036773681640625 0.0168800354003906
0.0582656860351563 0.0244064331054688 0.0431060791015625 0.0161170959472656
0.0583839416503906 -0.000499725341796875 0.0454826354980469 0.00067138671875
0.0457191467285156 -0.0203819274902344 0.0291595458984375 -0.00858497619628907
0.0300445556640625 -0.03875732421875 0.0117197036743164 -0.0105009078979492
0.0128936767578125 -0.0444755554199219 0.00337290763854981 0.00135946273803711
0.0110359191894531 -0.0421257019042969 -0.000901222229003907 0.0156927108764648
0.0100288391113281 -0.0460319519042969 -0.00817298889160156 0.0299530029296875
0.0164375305175781 -0.0459442138671875 -0.0228843688964844 0.0320758819580078
0.033935546875 -0.0368385314941406 -0.0327701568603516 0.029876708984375
0.0451507568359375 -0.0252571105957031 -0.0346775054931641 0.0126857757568359
0.0521697998046875 0.00463485717773438 -0.0290470123291016 0.00223350524902344
0.05523681640625 0.0208244323730469 -0.00825405120849609 0.0096731185913086
0.0504112243652344 0.0310401916503906 0.00173568725585938 0.034210205078125
0.0450820922851563 0.03521728515625 0.0311355590820313 -0.0012359619140625
0.0516891479492188 0.0263099670410156 0.0469245910644531 0.0214691162109375
0.0554771423339844 0.0148544311523438 0.0432586669921875 0.0177116394042969
0.0511932373046875 -0.0076751708984375 0.0400543212890625 0.0064544677734375
0.0362586975097656 -0.0234146118164063 0.0226249694824219 0.00185966491699219
0.0212917327880859 -0.0338268280029297 0.00780391693115234 0.00484037399291992
0.00914764404296875 -0.0353965759277344 0.00333118438720703 0.0170974731445312
0.00889396667480469 -0.0328903198242188 0.000917434692382814 0.0302906036376953
0.00886154174804687 -0.0365791320800781 -0.00613403320312499 0.0423698425292969
0.0141716003417969 -0.0357818603515625 -0.0227890014648437 0.0431327819824219
0.0288906097412109 -0.0294685363769531 -0.0323562622070312 0.0367622375488281
0.0389060974121094 -0.0213661193847656 -0.0335311889648438 0.0164985656738281
0.0473823547363281 0.00533676147460938 -0.0233440399169922 0.00384140014648437
0.049896240234375 0.0210838317871094 0.00580024719238282 0.012385368347168
0.04449462890625 0.0295944213867188 0.017547607421875 0.0471763610839844
0.0324382781982422 0.0217838287353516 0.0422782897949219 0.00414276123046875
0.0418815612792969 0.0152626037597656 0.052642822265625 0.0203437805175781
0.04248046875 0.00341033935546875 0.0416755676269531 0.0159111022949219
0.0346164703369141 -0.0129890441894531 0.0341167449951172 0.0104846954345703
0.0203704833984375 -0.020965576171875 0.0190505981445313 0.00937271118164062
0.00836944580078125 -0.0228118896484375 0.00702190399169922 0.0167961120605469
0.00397682189941406 -0.02044677734375 0.00488853454589844 0.0284957885742188
0.00539970397949219 -0.0194511413574219 0.0017242431640625 0.0394325256347656
0.00642013549804688 -0.0202045440673828 -0.00674819946289062 0.0512847900390625
0.00931167602539063 -0.0204181671142578 -0.0250701904296875 0.0496025085449219
0.01959228515625 -0.0175514221191406 -0.0338630676269531 0.0407218933105469
0.0281772613525391 -0.0133419036865234 -0.0333766937255859 0.0187091827392578
0.0343952178955078 0.00677490234375 -0.0195121765136719 0.00486946105957031
0.0366706848144531 0.0179862976074219 0.0155792236328125 0.0176963806152344
0.0304355621337891 0.0236358642578125 0.026580810546875 0.0576057434082031
0.0151548385620117 0.0058746337890625 0.0484619140625 0.004180908203125
0.0245876312255859 0.00218772888183594 0.0545539855957031 0.0155982971191406
0.0229377746582031 -0.00659751892089844 0.0387496948242188 0.0131072998046875
0.012359619140625 -0.0141048431396484 0.0300769805908203 0.0135631561279297
0.000893592834472655 -0.0136384963989258 0.01873779296875 0.0130977630615234
-0.0050044059753418 -0.00595569610595703 0.0102062225341797 0.0225238800048828
-0.00148546695709229 -0.00147545337677002 0.00791740417480468 0.0331382751464844
0.000901460647583008 -0.00240612030029297 0.00263595581054687 0.0430107116699219
0.00237178802490234 -0.00313067436218262 -0.00895309448242187 0.0539016723632813
0.00188994407653809 -0.00373148918151856 -0.0286369323730469 0.0515594482421875
0.00715255737304688 -0.00700855255126953 -0.0364494323730469 0.0399589538574219
0.0130252838134766 -0.00684928894042969 -0.0336112976074219 0.0190391540527344
0.0183677673339844 0.00464439392089844 -0.0191440582275391 0.00597381591796875
0.0183811187744141 0.00996971130371094 0.0172767639160156 0.0208835601806641
0.0129327774047852 0.0121841430664063 0.0310707092285156 0.0654983520507813
0.00797176361083984 0.0148591995239258 -0.0360450744628906 -0.0586433410644531
0.0025026798248291 0.00361394882202148 -0.0105571746826172 -0.0203418731689453
0.00199127197265625 0.00529909133911133 0.0233783721923828 -0.00272941589355469
0.00802946090698242 0.00309419631958008 0.0427742004394531 -0.019134521484375
0.00971508026123047 -0.00304985046386719 0.0403556823730469 -0.0373191833496094
0.00613021850585937 -0.0113706588745117 0.0252189636230469 -0.056854248046875
-4.7683715820312E-05 -0.0183544158935547 0.00525665283203125 -0.0581283569335937
0.000821113586425781 -0.0170574188232422 -0.00621795654296875 -0.0426979064941406
0.004241943359375 -0.0183086395263672 -0.0138778686523438 -0.029266357421875
0.0114564895629883 -0.0148200988769531 -0.0189590454101563 -0.0219383239746094
0.0164413452148438 -0.0046844482421875 -0.0279045104980469 -0.0112247467041016
0.0129737854003906 0.00748825073242187 -0.0328178405761719 -0.0108089447021484
-0.00107288360595703 0.0116453170776367 -0.0435295104980469 -0.0154457092285156
-0.00364828109741211 0.00793266296386719 -0.0551719665527344 -0.01019287109375
0.000424385070800781 0.0101718902587891 -0.0496940612792969 -0.00486373901367188
0.0269737243652344 0.0297508239746094 -0.0270004272460938 -0.0526351928710938
0.0212650299072266 0.0160102844238281 0.000398635864257815 -0.0148887634277344
0.0209293365478516 0.0145015716552734 0.0295143127441406 0.000320434570312501
0.0262107849121094 0.00445938110351563 0.0469703674316406 -0.0165481567382813
0.0250110626220703 -0.00842094421386719 0.0421333312988281 -0.0317268371582031
0.0181121826171875 -0.0241508483886719 0.0256233215332031 -0.0492820739746094
0.00540733337402344 -0.0334529876708984 0.00687408447265625 -0.0485153198242188
0.00448799133300781 -0.0326404571533203 -0.0048828125 -0.0323009490966797
0.00634765625 -0.0364837646484375 -0.0137939453125 -0.0181159973144531
0.0164318084716797 -0.0337123870849609 -0.0229415893554688 -0.0116386413574219
0.0282440185546875 -0.0201988220214844 -0.0319023132324219 -0.00312232971191406
0.0301837921142578 -0.0048065185546875 -0.0349998474121094 -0.00616836547851563
0.021148681640625 0.0132560729980469 -0.0423698425292969 -0.00909805297851562
0.019256591796875 0.0160713195800781 -0.0490837097167969 -0.00233840942382813
0.0217399597167969 0.0203762054443359 -0.0437812805175781 0.003692626953125
0.0418815612792969 0.0417594909667969 -0.0143585205078125 -0.0411605834960938
0.0374298095703125 0.027435302734375 0.0131340026855469 -0.0044870376586914
0.03912353515625 0.0227432250976563 0.0373001098632813 0.00526809692382813
0.0432395935058594 0.00560379028320312 0.0508995056152344 -0.0120429992675781
0.0387458801269531 -0.0124664306640625 0.0413246154785156 -0.0265998840332031
0.0277328491210938 -0.0338268280029297 0.0233917236328125 -0.0390777587890625
0.010467529296875 -0.04461669921875 0.00706100463867188 -0.0346031188964844
0.00787734985351563 -0.0431594848632813 -0.00331592559814453 -0.0172271728515625
0.00757598876953125 -0.0482597351074219 -0.0119285583496094 -0.00146961212158204
0.0181388854980469 -0.0468177795410156 -0.0243301391601563 0.00310516357421875
0.0347671508789063 -0.0332107543945313 -0.035064697265625 0.00910949707031249
0.0417060852050781 -0.0174102783203125 -0.0374755859375 0.0018310546875
0.0390701293945313 0.00989532470703125 -0.0403175354003906 -0.00285339355468749
0.0393714904785156 0.0195579528808594 -0.0384063720703125 0.00453567504882813
0.0393447875976563 0.0264778137207031 -0.0311298370361328 0.0144805908203125
0.0516433715820313 0.0468673706054688 0.0020599365234375 -0.0266399383544922
0.0506477355957031 0.0336723327636719 0.0269145965576172 0.00770759582519531
0.054290771484375 0.02630615234375 0.0440521240234375 0.0119781494140625
0.0564117431640625 0.00221633911132813 0.0524406433105469 -0.00656509399414063
0.04693603515625 -0.018768310546875 0.0371055603027344 -0.0185813903808594
0.0324821472167969 -0.0398178100585938 0.0185279846191406 -0.0257320404052734
0.0126190185546875 -0.0487823486328125 0.00601768493652344 -0.0167999267578125
0.00926971435546875 -0.0470848083496094 -0.00104999542236328 0.000203192234039304
0.00836563110351562 -0.0522384643554687 -0.00942325592041016 0.0164299011230469
0.0169448852539062 -0.0520553588867188 -0.0233497619628906 0.0198516845703125
0.0357513427734375 -0.0407867431640625 -0.0342044830322266 0.0228271484375
0.0464706420898438 -0.0267143249511719 -0.0370979309082031 0.00973129272460937
0.0511550903320313 0.00484466552734375 -0.0361480712890625 0.001739501953125
0.0536651611328125 0.0197334289550781 -0.0237236022949219 0.00874137878417969
0.0505943298339844 0.0298805236816406 -0.0145492553710937 0.0258388519287109
0.0531539916992188 0.0446624755859375 0.0180644989013672 -0.0122337341308594
0.0566749572753906 0.0336227416992188 0.0398025512695313 0.0172042846679688
0.0614051818847656 0.0227470397949219 0.0468177795410156 0.0163078308105469
0.0603790283203125 -0.0031585693359375 0.0493927001953125 -0.000148773193359375
0.0465736389160156 -0.0228347778320312 0.0312728881835938 -0.00887680053710938
0.0300102233886719 -0.0408554077148438 0.0132408142089844 -0.0098419189453125
0.0122261047363281 -0.0464553833007813 0.00492286682128906 0.00185441970825195
0.00909423828125 -0.0433082580566406 0.00078392028808594 0.0177764892578125
0.00830459594726563 -0.0476226806640625 -0.00527191162109375 0.0332107543945313
0.0154533386230469 -0.0478324890136719 -0.0222587585449219 0.0361137390136719
0.0336418151855469 -0.0395927429199219 -0.0333213806152344 0.0344829559326172
0.0459327697753906 -0.0287971496582031 -0.0358924865722656 0.0158729553222656
0.0541572570800781 0.00261688232421875 -0.0301742553710937 0.00459671020507813
0.0577545166015625 0.0194892883300781 -0.00763702392578125 0.0114850997924805
0.0530204772949219 0.0305671691894531 0.00372314453125 0.0379104614257813
0.0476799011230469 0.0348167419433594 0.0333843231201172 -0.00102996826171875
0.0542221069335938 0.0251731872558594 0.0507850646972656 0.0218925476074219
0.0577507019042969 0.0137901306152344 0.0473518371582031 0.0176162719726563
0.0522842407226563 -0.00959014892578125 0.0428123474121094 0.00559616088867187
0.0362396240234375 -0.0251693725585938 0.0244140625 0.00144195556640625
0.0209217071533203 -0.0349941253662109 0.00961971282958985 0.00551700592041015
0.008148193359375 -0.035888671875 0.00481224060058594 0.0180110931396484
0.00813865661621094 -0.0339260101318359 0.00294685363769532 0.0321025848388672
0.00741195678710937 -0.0365066528320313 -0.00368118286132812 0.0461387634277344
0.0126266479492188 -0.0363540649414063 -0.021240234375 0.0472030639648438
0.0280838012695313 -0.0307025909423828 -0.0323219299316406 0.04150390625
0.0396499633789063 -0.0228919982910156 -0.0340251922607422 0.0202388763427734
0.0487060546875 0.00430679321289063 -0.0237846374511719 0.00568008422851563
0.0521354675292969 0.0192337036132813 0.00688266754150391 0.0138626098632813
0.0463752746582031 0.02850341796875 0.0196304321289063 0.0497512817382813
0.0339450836181641 0.0200786590576172 0.0439872741699219 0.00417327880859375
0.0421409606933594 0.0129737854003906 0.056884765625 0.0204010009765625
0.0437507629394531 0.00106048583984375 0.0450859069824219 0.0158462524414062
0.0341606140136719 -0.0143604278564453 0.0370559692382813 0.0104331970214844
0.0186843872070312 -0.0215244293212891 0.02117919921875 0.00935935974121094
0.008056640625 -0.0223178863525391 0.00952339172363281 0.0169544219970703
0.00364494323730469 -0.0194416046142578 0.00687217712402343 0.0292778015136719
0.00519180297851562 -0.0184326171875 0.00386810302734375 0.0414886474609375
0.00613594055175781 -0.0205059051513672 -0.00352859497070312 0.0549468994140625
0.00880622863769531 -0.0202445983886719 -0.0235023498535156 0.0546798706054688
0.0192489624023438 -0.0176239013671875 -0.0331954956054687 0.0444068908691406
0.027801513671875 -0.0142745971679687 -0.0335483551025391 0.0219879150390625
0.0350837707519531 0.00562477111816406 -0.0199069976806641 0.00670051574707031
0.0374946594238281 0.0167579650878906 0.0163002014160156 0.0177822113037109
0.0318889617919922 0.0213718414306641 0.0299263000488281 0.0607376098632812
0.0153570175170898 0.0049285888671875 0.0500259399414063 0.0035400390625
0.0237770080566406 0.000150680541992188 0.0572013854980469 0.0152549743652344
0.0220298767089844 -0.00912094116210938 0.0417289733886719 0.01214599609375
0.0110912322998047 -0.0147562026977539 0.0335674285888672 0.0126457214355469
-0.000939369201660156 -0.0123252868652344 0.021575927734375 0.0129985809326172
-0.0047454833984375 -0.0040130615234375 0.0125827789306641 0.0228862762451172
-0.000587403774261475 0.000229001045227051 0.00959014892578125 0.0333957672119141
0.00144815444946289 -0.000947356224060058 0.00506210327148437 0.0441513061523438
0.00308108329772949 -0.00165796279907227 -0.00644683837890625 0.05712890625
0.00160408020019531 -0.00218355655670166 -0.0272254943847656 0.0556373596191406
0.00600004196166992 -0.0055384635925293 -0.0363540649414062 0.0431442260742188
0.011591911315918 -0.00707530975341797 -0.0344600677490234 0.0219898223876953
0.0179920196533203 0.00378608703613281 -0.0202426910400391 0.0070343017578125
0.0178050994873047 0.00860214233398438 0.0178966522216797 0.0214195251464844
0.0123176574707031 0.010624885559082 0.0344085693359375 0.0676803588867188
0.0112628936767578 0.0162010192871094 -0.03875732421875 -0.058258056640625
0.00436735153198242 0.00424957275390625 -0.0102367401123047 -0.0200748443603516
0.00419902801513672 0.00489282608032227 0.024749755859375 -0.00431442260742188
0.00934219360351563 0.00178909301757813 0.0429344177246094 -0.0217132568359375
0.0100088119506836 -0.00491428375244141 0.0389938354492187 -0.0395469665527344
0.00481319427490234 -0.0139484405517578 0.02227783203125 -0.0586013793945313
-0.00236892700195313 -0.0193386077880859 0.00197601318359375 -0.0584754943847656
-0.0014495849609375 -0.0189189910888672 -0.00796127319335937 -0.0417747497558594
0.00265121459960937 -0.0211219787597656 -0.0152015686035156 -0.0279407501220703
0.0109920501708984 -0.0178718566894531 -0.0210933685302734 -0.0203113555908203
0.0169095993041992 -0.00720691680908203 -0.0299148559570313 -0.00930976867675781
0.0153932571411133 0.00550174713134766 -0.0345458984375 -0.00937461853027344
0.00143814086914062 0.0134010314941406 -0.0455894470214844 -0.0137596130371094
-0.00140857696533203 0.0104894638061523 -0.0565605163574219 -0.0076904296875
0.00256061553955078 0.0123863220214844 -0.0504493713378906 -0.00244903564453125
0.0305538177490234 0.0301361083984375 -0.0282325744628906 -0.0512275695800781
0.0239677429199219 0.01531982421875 0.0013427734375 -0.0149631500244141
0.0232124328613281 0.0126075744628906 0.0319328308105469 -0.00133132934570312
0.0275974273681641 0.00176620483398437 0.0478439331054688 -0.0195808410644531
0.0252819061279297 -0.0107345581054688 0.04107666015625 -0.0339851379394531
0.0159797668457031 -0.0270519256591797 0.0236892700195313 -0.0502815246582031
0.002685546875 -0.0354461669921875 0.0047760009765625 -0.0485000610351563
0.00177383422851562 -0.0343513488769531 -0.00555801391601563 -0.0314388275146484
0.00365066528320313 -0.0383186340332031 -0.0143699645996094 -0.0159387588500977
0.0150527954101563 -0.0364227294921875 -0.0236186981201172 -0.00916671752929687
0.0283222198486328 -0.0234584808349609 -0.0334701538085937 0.000164031982421869
0.0319309234619141 -0.00703620910644531 -0.0361862182617188 -0.002838134765625
0.0230255126953125 0.0132617950439453 -0.0440597534179688 -0.00644683837890625
0.0216445922851562 0.0172157287597656 -0.0498886108398438 0.000560760498046878
0.0243148803710938 0.0212821960449219 -0.0433006286621094 0.00684356689453126
0.0453910827636719 0.0403480529785156 -0.0147132873535156 -0.0407142639160156
0.040283203125 0.0259666442871094 0.0150594711303711 -0.00481510162353515
0.0416412353515625 0.0206222534179687 0.039947509765625 0.00390243530273438
0.0447540283203125 0.00224685668945313 0.0522308349609375 -0.0148773193359375
0.0386695861816406 -0.0159492492675781 0.0411796569824219 -0.0284881591796875
0.0254402160644531 -0.0363044738769531 0.0225181579589844 -0.0395050048828125
0.00745010375976563 -0.0458030700683594 0.00613594055175781 -0.034271240234375
0.00463485717773438 -0.0447883605957031 -0.00273609161376953 -0.0158977508544922
0.004669189453125 -0.0505104064941406 -0.0106134414672852 0.000742912292480463
0.0153465270996094 -0.0496139526367188 -0.0242271423339844 0.00697517395019531
0.0340957641601563 -0.0366668701171875 -0.0349941253662109 0.0132923126220703
0.0423774719238281 -0.0202178955078125 -0.0380973815917969 0.00461959838867187
0.0414848327636719 0.00841140747070313 -0.0408973693847656 -4.19616699218674E-05
0.0418663024902344 0.019439697265625 -0.0388221740722656 0.00657272338867188
0.0411758422851563 0.0263557434082031 -0.0301094055175781 0.0175399780273438
0.0543441772460937 0.0454444885253906 0.0018310546875 -0.0261249542236328
0.0521965026855469 0.0320358276367188 0.0292835235595703 0.00641441345214844
0.0571632385253906 0.0233039855957031 0.0467071533203125 0.0102882385253906
0.0575523376464844 -0.000461578369140625 0.0535812377929688 -0.00923919677734375
0.0459632873535156 -0.0214767456054688 0.0381011962890625 -0.0198440551757813
0.0302848815917969 -0.0426445007324219 0.0191802978515625 -0.0256919860839844
0.0101203918457031 -0.0500373840332031 0.00649642944335938 -0.0160598754882813
0.0064849853515625 -0.0479278564453125 0.000500679016113282 0.00159931182861328
0.00487136840820312 -0.0541839599609375 -0.00644302368164062 0.0193862915039062
0.0140724182128906 -0.0539665222167969 -0.0219154357910156 0.0239753723144531
0.0343666076660156 -0.0432510375976562 -0.0333766937255859 0.0274791717529297
0.0461006164550781 -0.0291709899902344 -0.0371551513671875 0.0132369995117187
0.0528335571289063 0.00313186645507813 -0.0365066528320312 0.00489807128906251
0.0556831359863281 0.018218994140625 -0.0229663848876953 0.0106868743896484
0.0526237487792969 0.0282783508300781 -0.0129451751708984 0.0292186737060547
0.0554580688476563 0.0423469543457031 0.0186328887939453 -0.0123825073242187
0.0585403442382813 0.0309982299804688 0.0429420471191406 0.0163459777832031
0.063690185546875 0.0196952819824219 0.0502510070800781 0.0152397155761719
0.0605201721191406 -0.0063018798828125 0.051177978515625 -0.00229644775390625
0.045196533203125 -0.0254287719726563 0.0331153869628906 -0.00977897644042969
0.0281028747558594 -0.0423812866210938 0.0144624710083008 -0.00981426239013672
0.0095672607421875 -0.0459327697753906 0.00618743896484375 0.00201225280761718
0.00681686401367187 -0.04412841796875 0.00325775146484375 0.0189266204833984
0.0053253173828125 -0.0489501953125 -0.00122833251953125 0.0354576110839844
0.012847900390625 -0.0487174987792969 -0.019561767578125 0.0402374267578125
0.0322456359863281 -0.0411949157714844 -0.0314140319824219 0.0389900207519531
0.0442085266113281 -0.0313148498535156 -0.0349864959716797 0.0202770233154297
0.0550498962402344 0.0006561279296875 -0.0304164886474609 0.00750923156738281
0.0595779418945313 0.0173492431640625 -0.00591373443603516 0.0124540328979492
0.0544776916503906 0.0287628173828125 0.00630569458007813 0.0405616760253906
0.049285888671875 0.0325164794921875 0.033843994140625 -0.00133132934570312
0.0537910461425781 0.0228004455566406 0.0532798767089844 0.0210380554199219
0.0587501525878906 0.0105018615722656 0.0503616333007813 0.0161361694335938
0.0514488220214844 -0.0121726989746094 0.0450630187988281 0.00391006469726562
0.0342502593994141 -0.0260715484619141 0.0261325836181641 0.000976562499999999
0.019561767578125 -0.0355453491210938 0.0120124816894531 0.00560474395751953
0.00661468505859375 -0.0353660583496094 0.0072174072265625 0.0183467864990234
0.0058746337890625 -0.0335636138916016 0.00571441650390625 0.0333003997802734
0.00672531127929687 -0.0371322631835938 0.000846862792968753 0.0485877990722656
0.0116043090820312 -0.0360565185546875 -0.0178985595703125 0.0510673522949219
0.0263404846191406 -0.0316619873046875 -0.0295906066894531 0.0461196899414063
0.0373039245605469 -0.0253715515136719 -0.0329875946044922 0.02410888671875
0.0479812622070313 0.00217819213867188 -0.0242214202880859 0.00777435302734375
0.0528373718261719 0.0167922973632813 0.00809478759765625 0.0145626068115234
0.0470733642578125 0.0257034301757813 0.0229606628417969 0.0515632629394531
0.0341720581054688 0.0182685852050781 0.0446853637695313 0.00299835205078125
0.0415267944335938 0.0100593566894531 0.0585136413574219 0.0189018249511719
0.043121337890625 -0.00131607055664063 0.0476493835449219 0.0144920349121094
0.0323276519775391 -0.0154876708984375 0.0393905639648438 0.00918960571289062
0.0171451568603516 -0.0210170745849609 0.0232048034667969 0.00826454162597656
0.00704765319824219 -0.0216331481933594 0.0118589401245117 0.0165023803710938
0.00335311889648438 -0.0184650421142578 0.00890541076660156 0.0295276641845703
0.00490188598632813 -0.0176792144775391 0.00728225708007812 0.0422821044921875
0.006439208984375 -0.019317626953125 0.000106811523437498 0.0564384460449219
0.00848579406738281 -0.0188751220703125 -0.0198516845703125 0.0580062866210937
0.0177326202392578 -0.0173854827880859 -0.0309486389160156 0.0482292175292969
0.0257759094238281 -0.0149555206298828 -0.0330333709716797 0.0250205993652344
0.0343055725097656 0.00445365905761719 -0.0198593139648437 0.00870895385742188
0.0365638732910156 0.0138778686523438 0.0172786712646484 0.0177650451660156
0.0316696166992188 0.0198326110839844 0.0339241027832031 0.0617904663085938
0.0141839981079102 0.00233268737792969 0.0501365661621094 0.00141143798828125
0.0226764678955078 -0.00191307067871094 0.0593147277832031 0.0134048461914063
0.0204925537109375 -0.0110836029052734 0.0437698364257813 0.0110893249511719
0.00827693939208985 -0.0153112411499023 0.0358047485351563 0.0125007629394531
-0.00255107879638672 -0.0105648040771484 0.0228366851806641 0.0115413665771484
-0.0050349235534668 -0.00244283676147461 0.0145473480224609 0.0208778381347656
0.000479817390441895 0.00193262100219727 0.011474609375 0.0333347320556641
0.00193500518798828 0.000414490699768067 0.00727081298828125 0.0443916320800781
0.00397419929504395 0.000145912170410156 -0.00274658203125 0.0587272644042969
0.00232863426208496 -0.000362873077392578 -0.0241508483886719 0.0586395263671875
0.00485515594482422 -0.0038909912109375 -0.0342216491699219 0.0470390319824219
0.0107793807983398 -0.00674343109130859 -0.0338459014892578 0.0252285003662109
0.016453742980957 0.00296115875244141 -0.019805908203125 0.00943183898925781
0.0163707733154297 0.00715255737304688 0.0190696716308594 0.0211238861083984
0.0118570327758789 0.00865936279296875 0.0375823974609375 0.0674247741699219
0.0138740539550781 0.0169754028320313 -0.0392189025878906 -0.0564422607421875
0.00690412521362305 0.00375890731811523 -0.00966262817382813 -0.0200023651123047
0.0055389404296875 0.00381946563720703 0.0249881744384766 -0.00601768493652344
0.00963497161865234 -0.000720977783203125 0.0413017272949219 -0.0228538513183594
0.00962257385253906 -0.00725078582763672 0.0368614196777344 -0.0400848388671875
0.00354576110839844 -0.0159931182861328 0.0193290710449219 -0.0576400756835937
-0.0050506591796875 -0.020721435546875 6.10351562500053E-05 -0.0568618774414063
-0.00403213500976563 -0.0192203521728516 -0.00889205932617188 -0.04071044921875
-0.000171661376953123 -0.0228843688964844 -0.0156631469726563 -0.0255680084228516
0.00977134704589844 -0.0200576782226563 -0.0218772888183594 -0.0174980163574219
0.0174245834350586 -0.00934505462646484 -0.029937744140625 -0.00618553161621095
0.0169887542724609 0.00366973876953125 -0.0348129272460938 -0.00725936889648437
0.00399494171142578 0.0138320922851563 -0.0461273193359375 -0.0121231079101563
0.000866889953613281 0.0127592086791992 -0.0559768676757813 -0.00620651245117188
0.00489521026611328 0.0144023895263672 -0.0482406616210937 -0.000583648681640617
0.0331249237060547 0.0296249389648438 -0.0285491943359375 -0.0494384765625
0.0256919860839844 0.0139598846435547 0.00267982482910156 -0.0144977569580078
0.0249404907226563 0.0104827880859375 0.0324764251708984 -0.00301933288574219
0.0278148651123047 -0.00072479248046875 0.0462417602539063 -0.0207405090332031
0.0236282348632813 -0.0130882263183594 0.0390701293945312 -0.0351371765136719
0.0139846801757813 -0.0289955139160156 0.0221405029296875 -0.0494956970214844
-0.000625610351562502 -0.0355262756347656 0.00375747680664062 -0.0473899841308594
-0.00167465209960937 -0.0350437164306641 -0.00545883178710937 -0.0296268463134766
0.00051116943359375 -0.0396766662597656 -0.013615608215332 -0.0133285522460938
0.0124664306640625 -0.0384559631347656 -0.0236377716064453 -0.00592613220214844
0.027862548828125 -0.0257396697998047 -0.03314208984375 0.00319480895996094
0.0326766967773438 -0.00928306579589844 -0.03662109375 -0.000904083251953122
0.0259342193603516 0.0132255554199219 -0.0438919067382813 -0.00386428833007813
0.0241928100585938 0.0183010101318359 -0.0482978820800781 0.00272750854492187
0.0257740020751953 0.0224323272705078 -0.0412635803222656 0.00889587402343749
0.0474205017089844 0.0390243530273438 -0.0143699645996094 -0.0389556884765625
0.0414810180664063 0.0240097045898438 0.0168218612670898 -0.00544548034667969
0.0425186157226563 0.01800537109375 0.0407600402832031 0.00232696533203125
0.04425048828125 -0.00061798095703125 0.0519180297851563 -0.0163421630859375
0.0364456176757813 -0.0178947448730469 0.0400848388671875 -0.0289688110351563
0.0230064392089844 -0.0381088256835938 0.0213203430175781 -0.0390357971191406
0.00369644165039062 -0.0462799072265625 0.00609779357910156 -0.0328598022460938
0.00123977661132812 -0.04473876953125 -0.00213813781738281 -0.0140533447265625
0.00133132934570313 -0.0505180358886719 -0.00895595550537109 0.00325584411621094
0.0131797790527344 -0.0505180358886719 -0.0224590301513672 0.00997924804687499
0.0323600769042969 -0.0383834838867188 -0.032958984375 0.0163440704345703
0.0418319702148438 -0.0221939086914063 -0.0371742248535156 0.00798416137695313
0.0427055358886719 0.0082855224609375 -0.0409889221191406 0.00279235839843751
0.0428428649902344 0.0189132690429688 -0.0364990234375 0.00886154174804688
0.0424690246582031 0.0261077880859375 -0.0271224975585938 0.0199069976806641
0.055389404296875 0.0430335998535156 0.00306320190429688 -0.0252475738525391
0.0533370971679688 0.0292816162109375 0.0313644409179688 0.00623321533203125
0.0572319030761719 0.0199508666992188 0.048492431640625 0.00809860229492188
0.0564765930175781 -0.003662109375 0.0540428161621094 -0.0103225708007813
0.0440101623535156 -0.0226593017578125 0.0380783081054688 -0.0204277038574219
0.0279922485351563 -0.0431022644042969 0.0195808410644531 -0.0248489379882813
0.00711822509765625 -0.0496330261230469 0.00725173950195313 -0.0150909423828125
0.0035858154296875 -0.0474128723144531 0.00223326683044434 0.00311756134033203
0.00207138061523438 -0.0533027648925781 -0.00259780883789063 0.0202903747558594
0.0110664367675781 -0.0537910461425781 -0.0186920166015625 0.0267963409423828
0.0319976806640625 -0.0446357727050781 -0.0307846069335937 0.0308666229248047
0.0444412231445312 -0.0311050415039062 -0.0359649658203125 0.0162811279296875
0.052764892578125 0.00157546997070313 -0.0354957580566406 0.00775146484375
0.0555229187011719 0.0173149108886719 -0.0211696624755859 0.0123004913330078
0.0524940490722656 0.0272598266601563 -0.00952339172363281 0.0304336547851563
0.05523681640625 0.039337158203125 0.0187492370605469 -0.0111503601074219
0.057220458984375 0.0286941528320313 0.0446815490722656 0.0149688720703125
0.0631866455078125 0.0168075561523438 0.0522270202636719 0.0124359130859375
0.05926513671875 -0.0083160400390625 0.0517044067382813 -0.00405502319335938
0.0429267883300781 -0.0259895324707031 0.0326271057128906 -0.0100612640380859
0.0264167785644531 -0.0425338745117188 0.0156650543212891 -0.00956058502197266
0.00763320922851562 -0.0453720092773437 0.00752687454223633 0.00323915481567383
0.00532913208007812 -0.0424919128417969 0.00598716735839844 0.0196113586425781
0.0037078857421875 -0.0478858947753906 0.0021514892578125 0.0362205505371094
0.0106430053710938 -0.047515869140625 -0.0160675048828125 0.0419425964355469
0.0291557312011719 -0.0409011840820313 -0.0276222229003906 0.0418128967285156
0.0421142578125 -0.0317955017089844 -0.0336418151855469 0.022979736328125
0.0535049438476562 -0.000728607177734375 -0.0288524627685547 0.0101490020751953
0.0584068298339844 0.0153350830078125 -0.00497722625732421 0.0137748718261719
0.0537528991699219 0.0269584655761719 0.00917434692382813 0.0413284301757813
0.0481643676757813 0.0292587280273437 0.0342731475830078 -0.00109100341796875
0.0523872375488281 0.0196800231933594 0.0548553466796875 0.0192794799804688
0.0576171875 0.00823974609375 0.0519790649414063 0.0148544311523438
0.0498123168945313 -0.0134048461914062 0.0463676452636719 0.00282669067382812
0.0320491790771484 -0.0255851745605469 0.0274715423583984 -0.000553131103515627
0.0180644989013672 -0.0348682403564453 0.013916015625 0.00590133666992187
0.0066375732421875 -0.0336894989013672 0.00893974304199219 0.0184555053710938
0.0057373046875 -0.0315532684326172 0.00783729553222656 0.0333137512207031
0.00539779663085937 -0.0352897644042969 0.00516510009765625 0.0486259460449219
0.01031494140625 -0.0342502593994141 -0.0137977600097656 0.0529556274414063
0.0244102478027344 -0.0302467346191406 -0.0260810852050781 0.0483360290527344
0.0348472595214844 -0.0247135162353516 -0.0311603546142578 0.0268058776855469
0.0468711853027344 0.000484466552734375 -0.0228519439697266 0.0105800628662109
0.0500335693359375 0.0144195556640625 0.00861644744873047 0.0148811340332031
0.0457534790039063 0.0232009887695313 0.0255699157714844 0.0519905090332031
0.0331535339355469 0.0151786804199219 0.0442047119140625 0.003173828125
0.039215087890625 0.00795745849609375 0.0592308044433594 0.0174446105957031
0.0410270690917969 -0.00296783447265625 0.04864501953125 0.0134620666503906
0.0295734405517578 -0.0155448913574219 0.0406646728515625 0.0077972412109375
0.0151519775390625 -0.0194873809814453 0.0243587493896484 0.00730323791503906
0.00654029846191406 -0.0194473266601562 0.013636589050293 0.0156383514404297
0.00390148162841797 -0.0165834426879883 0.0112743377685547 0.0290145874023438
0.0055084228515625 -0.0151920318603516 0.00989913940429688 0.0412330627441406
0.00657176971435547 -0.0174465179443359 0.00397109985351563 0.0561790466308594
0.00864505767822265 -0.0165071487426758 -0.0158157348632812 0.0589027404785156
0.0168352127075195 -0.0160045623779297 -0.0274620056152344 0.0506019592285156
0.0240650177001953 -0.0142860412597656 -0.0303916931152344 0.0273017883300781
0.0319118499755859 0.00356864929199219 -0.0192012786865234 0.0107765197753906
0.0346660614013672 0.0126209259033203 0.0180625915527344 0.0178699493408203
0.0296287536621094 0.0170097351074219 0.0361061096191406 0.0610122680664062
0.0123624801635742 0.000104904174804688 0.0489044189453125 0.0015869140625
0.019561767578125 -0.00391387939453125 0.0589752197265625 0.0121841430664063
0.0171709060668945 -0.0119619369506836 0.0444717407226563 0.00999069213867188
0.00632190704345703 -0.0140304565429688 0.0368843078613281 0.0106544494628906
-0.00413131713867187 -0.0086827278137207 0.02392578125 0.00930404663085938
-0.00448274612426758 0.000362873077392578 0.0157356262207031 0.0192928314208984
0.00225615501403809 0.00408244132995605 0.0127639770507812 0.031585693359375
0.00341129302978516 0.0025627613067627 0.00949478149414063 0.0428848266601562
0.00570774078369141 0.00213909149169922 0.000732421875000002 0.0572319030761719
0.00344944000244141 0.00133442878723145 -0.0208396911621094 0.0596847534179688
0.00482368469238281 -0.00169610977172852 -0.0303573608398438 0.0483589172363281
0.00858545303344727 -0.00507354736328125 -0.0318546295166016 0.0269775390625
0.0143947601318359 0.0028228759765625 -0.0197887420654297 0.0106029510498047
0.0133676528930664 0.00646400451660156 0.0186424255371094 0.0200138092041016
0.00897598266601563 0.00706291198730469 0.0391769409179688 0.0664215087890625
0.0166864395141602 0.0169057846069336 -0.0372962951660156 -0.0553436279296875
0.00902843475341797 0.00347900390625 -0.00776481628417969 -0.0203075408935547
0.00766897201538086 0.002532958984375 0.02459716796875 -0.00723648071289062
0.0103273391723633 -0.00250816345214844 0.0396614074707031 -0.0237770080566406
0.00905704498291016 -0.00902462005615234 0.0348625183105469 -0.0392112731933594
0.00126838684082031 -0.0176601409912109 0.0185470581054688 -0.0555000305175781
-0.00714302062988281 -0.0210990905761719 -0.000148773193359373 -0.0550460815429688
-0.00593185424804688 -0.0201148986816406 -0.00861740112304687 -0.0378532409667969
-0.00277900695800781 -0.023651123046875 -0.014984130859375 -0.0236549377441406
0.00806617736816406 -0.0220947265625 -0.0212554931640625 -0.0151576995849609
0.01690673828125 -0.0118341445922852 -0.0295696258544922 -0.00474166870117187
0.0187149047851563 0.00191116333007813 -0.0351486206054688 -0.00585556030273438
0.00690650939941407 0.0144739151000977 -0.0453147888183594 -0.0111541748046875
0.00370311737060547 0.0141696929931641 -0.0551567077636719 -0.00615692138671874
0.00687599182128906 0.0158262252807617 -0.0461692810058594 -0.00139999389648437
0.0347747802734375 0.0296001434326172 -0.0260047912597656 -0.0491561889648437
0.0266895294189453 0.01336669921875 0.00375747680664063 -0.0150594711303711
0.0256366729736328 0.00934219360351563 0.0329265594482422 -0.004241943359375
0.0273628234863281 -0.00280189514160156 0.0457382202148438 -0.0209541320800781
0.0224456787109375 -0.0144615173339844 0.038787841796875 -0.0336952209472656
0.0113048553466797 -0.0295886993408203 0.02252197265625 -0.0480003356933594
-0.00271987915039062 -0.0354385375976563 0.00484848022460937 -0.0454940795898438
-0.00264739990234375 -0.0344638824462891 -0.00443840026855469 -0.0280742645263672
-0.00206375122070312 -0.0403404235839844 -0.0114145278930664 -0.01153564453125
0.0112648010253906 -0.0389060974121094 -0.0222091674804688 -0.0037078857421875
0.0275421142578125 -0.0270709991455078 -0.0314464569091797 0.00568962097167969
0.0336971282958984 -0.0102634429931641 -0.0359001159667969 0.000762939453125004
0.0279216766357422 0.0137958526611328 -0.0427093505859375 -0.00340652465820313
0.0259151458740234 0.0196819305419922 -0.0467491149902344 0.00231170654296874
0.0271396636962891 0.023590087890625 -0.0383758544921875 0.00906372070312501
0.0477638244628906 0.0385932922363281 -0.0114593505859375 -0.0373382568359375
0.0413703918457031 0.0233116149902344 0.0180931091308594 -0.00573348999023437
0.0428199768066406 0.0161895751953125 0.0413665771484375 0.00112533569335938
0.0437431335449219 -0.0021514892578125 0.051483154296875 -0.0164451599121094
0.0347309112548828 -0.0187320709228516 0.039947509765625 -0.0277328491210938
0.0208816528320312 -0.0382080078125 0.0226287841796875 -0.0373992919921875
0.00250244140625 -0.0453300476074219 0.00739288330078125 -0.0315303802490234
-3.43322753906234E-05 -0.0434494018554688 0.000446319580078125 -0.0130167007446289
-0.000614166259765626 -0.0503005981445313 -0.00613546371459961 0.00454616546630859
0.0117073059082031 -0.0503044128417969 -0.0202178955078125 0.0122222900390625
0.0321388244628906 -0.0388755798339844 -0.0313529968261719 0.0191860198974609
0.0422782897949219 -0.0228195190429687 -0.0356941223144531 0.00988388061523437
0.0437088012695313 0.00862503051757813 -0.0391464233398438 0.00420761108398438
0.0443534851074219 0.019805908203125 -0.0342178344726563 0.00916099548339843
0.0424346923828125 0.0275955200195313 -0.0241947174072266 0.0199069976806641
0.0545997619628906 0.042236328125 0.00448608398437501 -0.0235404968261719
0.0516624450683594 0.0288581848144531 0.0331192016601563 0.00565528869628906
0.0564384460449219 0.0196495056152344 0.0487442016601563 0.00763702392578125
0.0550651550292969 -0.00431442260742187 0.0539588928222656 -0.0102806091308594
0.0423965454101563 -0.0225868225097656 0.0382804870605469 -0.0193252563476563
0.0260810852050781 -0.0427932739257813 0.0210933685302734 -0.0241184234619141
0.00611495971679688 -0.0481338500976562 0.00938320159912109 -0.0144252777099609
0.0031890869140625 -0.0460014343261719 0.00463151931762695 0.00347328186035156
0.00130844116210937 -0.05267333984375 -0.000148773193359373 0.0212345123291016
0.0107498168945313 -0.0525550842285156 -0.0166187286376953 0.0290565490722656
0.03143310546875 -0.0437583923339844 -0.0287322998046875 0.0324802398681641
0.043975830078125 -0.0306167602539063 -0.0344181060791016 0.0188655853271484
0.0524024963378906 0.00210952758789063 -0.0338153839111328 0.00908660888671874
0.0550498962402344 0.0177268981933594 -0.0195026397705078 0.0126991271972656
0.0514717102050781 0.0275611877441406 -0.007049560546875 0.0309219360351563
0.0530548095703125 0.0389976501464844 0.0203132629394531 -0.00956153869628906
0.0546531677246094 0.0279502868652344 0.0452232360839844 0.0147438049316406
0.06134033203125 0.0166473388671875 0.0528907775878906 0.0128936767578125
0.0570755004882813 -0.00747299194335938 0.0516700744628906 -0.00389480590820313
0.0412139892578125 -0.0247001647949219 0.0337772369384766 -0.0102100372314453
0.02520751953125 -0.0410728454589844 0.017359733581543 -0.00849342346191406
0.00780105590820312 -0.0437698364257813 0.00935554504394531 0.00344181060791015
0.00569534301757812 -0.0410957336425781 0.00794410705566406 0.0194816589355469
0.00384521484375 -0.0463218688964844 0.00487899780273438 0.0367164611816406
0.0103797912597656 -0.0455665588378906 -0.0126609802246094 0.0434303283691406
0.028900146484375 -0.0396919250488281 -0.0249519348144531 0.0429649353027344
0.0406455993652344 -0.0305900573730469 -0.0313987731933594 0.0245018005371094
0.052093505859375 -0.000385284423828125 -0.0272140502929688 0.0111713409423828
0.056304931640625 0.0155410766601563 -0.00375938415527343 0.0141534805297852
0.0512809753417969 0.0260734558105469 0.0110969543457031 0.0414962768554688
0.0450096130371094 0.0283088684082031 0.0339775085449219 0.000349044799804689
0.0488319396972656 0.0194892883300781 0.0545921325683594 0.0201072692871094
0.0546836853027344 0.00745391845703125 0.0525627136230469 0.0146484375
0.0471267700195313 -0.0118331909179688 0.0470771789550781 0.00275802612304687
0.0303211212158203 -0.0236606597900391 0.0281333923339844 -0.000110626220703126
0.0184478759765625 -0.0323562622070313 0.0149717330932617 0.00508880615234375
0.00736236572265625 -0.0316677093505859 0.0102806091308594 0.0183696746826172
0.00666618347167969 -0.0293312072753906 0.0104579925537109 0.032135009765625
0.006439208984375 -0.0328197479248047 0.00754165649414063 0.0473480224609375
0.0104827880859375 -0.0320091247558594 -0.011077880859375 0.0531387329101563
0.0236396789550781 -0.0283107757568359 -0.0236930847167969 0.0485115051269531
0.0333042144775391 -0.0232563018798828 -0.0287361145019531 0.0277671813964844
0.0442886352539063 0.00161361694335937 -0.022003173828125 0.0114517211914063
0.0476531982421875 0.0145034790039063 0.00942134857177735 0.0150880813598633
0.0425224304199219 0.0225486755371094 0.0262908935546875 0.0526657104492188
0.0297374725341797 0.0133609771728516 0.0427742004394531 0.00426101684570313
0.0352745056152344 0.0076446533203125 0.0578727722167969 0.0179519653320313
0.0374298095703125 -0.00267791748046875 0.0489158630371094 0.0130348205566406
0.0277900695800781 -0.0144996643066406 0.041168212890625 0.00761032104492187
0.013737678527832 -0.0173110961914063 0.0246677398681641 0.00647735595703125
0.00767898559570313 -0.0171346664428711 0.0144586563110352 0.0150575637817383
0.00553703308105469 -0.0143041610717773 0.0112819671630859 0.0276241302490234
0.00696468353271484 -0.0136613845825195 0.0104560852050781 0.0401268005371094
0.00820541381835937 -0.0155315399169922 0.00638198852539062 0.0543785095214844
0.00964832305908203 -0.0143537521362305 -0.0135765075683594 0.058441162109375
0.0163774490356445 -0.0129013061523437 -0.0250053405761719 0.0503196716308594
0.0218086242675781 -0.0118522644042969 -0.0287437438964844 0.0280399322509766
0.0291786193847656 0.00407981872558594 -0.0186882019042969 0.0117340087890625
0.0313968658447266 0.0121707916259766 0.0171852111816406 0.0177097320556641
0.0261363983154297 0.016204833984375 0.0360832214355469 0.060455322265625
0.00974559783935547 -0.000898361206054687 0.0470542907714844 0.002349853515625
0.0161418914794922 -0.00436687469482422 0.0573196411132813 0.01239013671875
0.0137128829956055 -0.0122537612915039 0.0438079833984375 0.0104408264160156
0.00405502319335938 -0.0120468139648438 0.0375747680664063 0.00986099243164063
-0.00472164154052734 -0.0057377815246582 0.0242481231689453 0.00817108154296875
-0.0032966136932373 0.0029451847076416 0.0155467987060547 0.0174551010131836
0.00381088256835938 0.00533676147460938 0.0121822357177734 0.0300445556640625
0.00593137741088867 0.00435686111450195 0.009368896484375 0.0414314270019531
0.00775575637817383 0.00327444076538086 0.00142288208007813 0.0561332702636719
0.00513839721679688 0.00377893447875977 -0.01837158203125 0.0588836669921875
0.00481939315795898 0.00108528137207031 -0.0289382934570313 0.0481071472167969
0.00798702239990234 -0.00197029113769531 -0.0304737091064453 0.0270957946777344
0.0117483139038086 0.00356006622314453 -0.0191783905029297 0.0116405487060547
0.0109224319458008 0.00601100921630859 0.0171298980712891 0.0207366943359375
0.00587987899780273 0.00602054595947266 0.0386276245117188 0.0659904479980469
0.0194511413574219 0.0178089141845703 -0.0345916748046875 -0.0571174621582031
0.0109643936157227 0.00266742706298828 -0.00649642944335938 -0.0214214324951172
0.00877857208251953 0.00116395950317383 0.02532958984375 -0.00744438171386719
0.0103740692138672 -0.00517463684082031 0.039825439453125 -0.0228042602539063
0.00777530670166016 -0.0111045837402344 0.0360603332519531 -0.0380401611328125
-0.00115394592285156 -0.0196685791015625 0.0196037292480469 -0.0539169311523438
-0.00901412963867187 -0.0222206115722656 0.00143814086914062 -0.0540542602539062
-0.00734138488769531 -0.0209770202636719 -0.006500244140625 -0.0376396179199219
-0.00520896911621094 -0.0254688262939453 -0.0128650665283203 -0.023529052734375
0.00661849975585938 -0.0243091583251953 -0.0199947357177734 -0.0142307281494141
0.0180339813232422 -0.0141086578369141 -0.0291404724121094 -0.00395584106445313
0.0195770263671875 0.000398635864257813 -0.0348987579345703 -0.00643157958984376
0.00948715209960938 0.0146903991699219 -0.0456771850585938 -0.0122337341308594
0.00698471069335938 0.0154628753662109 -0.0546531677246094 -0.00852584838867187
0.00950050354003906 0.0177249908447266 -0.0448417663574219 -0.00299835205078125
0.0364418029785156 0.0306510925292969 -0.0228538513183594 -0.0500526428222656
0.0279121398925781 0.0132789611816406 0.00573921203613281 -0.0160675048828125
0.0265522003173828 0.00823020935058594 0.0334300994873047 -0.00436019897460937
0.0268421173095703 -0.00389862060546875 0.0460891723632813 -0.020263671875
0.0219650268554688 -0.0153865814208984 0.0400161743164063 -0.0324287414550781
0.00995254516601563 -0.0306816101074219 0.0240440368652344 -0.0463829040527344
-0.00435256958007812 -0.0359687805175781 0.00652694702148437 -0.0445022583007813
-0.00416183471679687 -0.0352058410644531 -0.00185585021972656 -0.0273494720458984
-0.00318527221679687 -0.0408706665039063 -0.00886917114257813 -0.011204719543457
0.0106468200683594 -0.0406684875488281 -0.020416259765625 -0.00265312194824219
0.028411865234375 -0.0290737152099609 -0.0301113128662109 0.00672340393066406
0.0353355407714844 -0.0113372802734375 -0.0353164672851563 0.00164413452148438
0.0304679870605469 0.0147476196289062 -0.0427169799804688 -0.00308227539062499
0.0280227661132813 0.0216484069824219 -0.0456771850585938 0.000659942626953132
0.0283050537109375 0.026092529296875 -0.0364265441894531 0.00730133056640625
0.0478591918945313 0.0402603149414063 -0.00872039794921875 -0.0381393432617188
0.0409927368164063 0.0239677429199219 0.0208911895751953 -0.005950927734375
0.0426559448242188 0.0163764953613281 0.0428886413574219 0.00112533569335938
0.0431556701660156 -0.00198745727539063 0.052154541015625 -0.0158805847167969
0.0345859527587891 -0.0185317993164063 0.0415992736816406 -0.0263328552246094
0.0203933715820313 -0.0386810302734375 0.0254402160644531 -0.0360984802246094
0.00160598754882812 -0.0451164245605469 0.0101051330566406 -0.0306816101074219
9.53674316406294E-05 -0.0436134338378906 0.00287151336669922 -0.0122613906860352
-0.000923156738281255 -0.0504074096679688 -0.00269985198974609 0.00460672378540039
0.0116767883300781 -0.0508232116699219 -0.0176162719726563 0.0138683319091797
0.0332412719726563 -0.0400123596191406 -0.0295314788818359 0.0202007293701172
0.0436592102050781 -0.0220718383789063 -0.0350627899169922 0.0107555389404297
0.0455856323242188 0.0100898742675781 -0.0387191772460938 0.00449371337890626
0.0452880859375 0.0226631164550781 -0.0330657958984375 0.00853729248046875
0.0425262451171875 0.030029296875 -0.0224094390869141 0.0193824768066406
0.0529289245605469 0.0438804626464844 0.00735092163085938 -0.0228633880615234
0.0491867065429687 0.03009033203125 0.03472900390625 0.00602531433105469
0.0557785034179688 0.0199241638183594 0.0497817993164063 0.00790023803710938
0.0545845031738281 -0.00302505493164063 0.0553054809570312 -0.00913619995117187
0.04156494140625 -0.0215568542480469 0.0397834777832031 -0.0186500549316406
0.026580810546875 -0.0419158935546875 0.0237998962402344 -0.0228786468505859
0.00713348388671875 -0.0469474792480469 0.0112009048461914 -0.0133466720581055
0.00414276123046875 -0.0450515747070313 0.00692844390869141 0.00402450561523437
0.00169754028320313 -0.0519332885742188 0.00301170349121094 0.021575927734375
0.0115089416503906 -0.0524368286132813 -0.0138187408447266 0.02996826171875
0.032623291015625 -0.0436859130859375 -0.0267505645751953 0.0333080291748047
0.0449943542480469 -0.0289077758789063 -0.0333518981933594 0.0197696685791016
0.0534744262695313 0.00440216064453125 -0.0332717895507813 0.00939369201660157
0.0549468994140625 0.0201911926269531 -0.0178356170654297 0.012420654296875
0.0500564575195313 0.0299835205078125 -0.00494766235351562 0.0319652557373047
0.0509300231933594 0.0399513244628906 0.0221424102783203 -0.00800704956054687
0.0515518188476563 0.0301399230957031 0.0468368530273438 0.0165939331054688
0.0597114562988281 0.0177650451660156 0.0534706115722656 0.0133705139160156
0.0571975708007813 -0.00598907470703125 0.0535736083984375 -0.00297164916992188
0.0416069030761719 -0.0224494934082031 0.0353622436523438 -0.00963592529296875
0.0264015197753906 -0.039703369140625 0.0196590423583984 -0.0084381103515625
0.00992584228515625 -0.0425338745117188 0.011591911315918 0.00355434417724609
0.00714874267578125 -0.0399932861328125 0.00975418090820312 0.0197372436523437
0.00499725341796875 -0.045135498046875 0.00752639770507813 0.0370864868164063
0.0118598937988281 -0.04486083984375 -0.0105743408203125 0.0443229675292969
0.0295181274414063 -0.037872314453125 -0.0233116149902344 0.0441932678222656
0.04107666015625 -0.0278816223144531 -0.0300006866455078 0.0255317687988281
0.0518150329589844 0.0022430419921875 -0.0269527435302734 0.0120944976806641
0.0549468994140625 0.0180740356445313 -0.00208663940429687 0.0151758193969727
0.04913330078125 0.0285148620605469 0.0125236511230469 0.0435333251953125
0.0415153503417969 0.0290908813476563 0.03436279296875 0.00329017639160156
0.0457649230957031 0.0214805603027344 0.0555343627929687 0.0219268798828125
0.0521125793457031 0.009521484375 0.0527992248535156 0.0157012939453125
0.0463371276855469 -0.00964736938476563 0.0477790832519531 0.00362777709960938
0.0309543609619141 -0.0202274322509766 0.0298271179199219 0.000154495239257811
0.0194110870361328 -0.0306816101074219 0.0167875289916992 0.0055856704711914
0.00934219360351563 -0.0309066772460938 0.0112476348876953 0.0184402465820312
0.00892448425292969 -0.0281009674072266 0.0110626220703125 0.03240966796875
0.00870132446289063 -0.0315761566162109 0.00925064086914063 0.0474052429199219
0.0128326416015625 -0.03009033203125 -0.00978851318359375 0.0538444519042969
0.0246963500976562 -0.0254745483398438 -0.0219841003417969 0.049285888671875
0.0328140258789063 -0.0198230743408203 -0.0283870697021484 0.0285072326660156
0.0426750183105469 0.00419998168945313 -0.0209426879882813 0.0126476287841797
0.0449752807617188 0.0164031982421875 0.010798454284668 0.0157756805419922
0.0390892028808594 0.0237464904785156 0.026885986328125 0.0543975830078125
0.0266895294189453 0.0145454406738281 0.0429840087890625 0.0074920654296875
0.0320053100585938 0.00887298583984375 0.0585212707519531 0.0213699340820313
0.0347023010253906 -0.00152206420898438 0.0500106811523438 0.0148963928222656
0.0263576507568359 -0.0117015838623047 0.0421066284179688 0.00807571411132813
0.01409912109375 -0.0140485763549805 0.0254859924316406 0.00627899169921875
0.00915718078613281 -0.0151939392089844 0.0151567459106445 0.0144634246826172
0.00826358795166016 -0.0131988525390625 0.0112667083740234 0.0281639099121094
0.00919532775878906 -0.0125541687011719 0.0107650756835938 0.0400352478027344
0.0106925964355469 -0.0143671035766602 0.00650787353515625 0.0538253784179687
0.0112094879150391 -0.0122575759887695 -0.01263427734375 0.0580635070800781
0.0171661376953125 -0.0097055435180664 -0.0242958068847656 0.0506248474121094
0.0213451385498047 -0.00884437561035156 -0.0277347564697266 0.0285968780517578
0.0271530151367188 0.00611495971679688 -0.0179443359375 0.0120086669921875
0.0274620056152344 0.0135746002197266 0.0168628692626953 0.0190086364746094
0.0223350524902344 0.0164623260498047 0.0347976684570313 0.0628929138183594
0.00650453567504883 -0.00212812423706055 0.0458793640136719 0.0059051513671875
0.0131292343139648 -0.00345897674560547 0.0568504333496094 0.0153236389160156
0.0109720230102539 -0.0114345550537109 0.0449066162109375 0.0108299255371094
0.00207901000976563 -0.0100564956665039 0.0384597778320312 0.0101814270019531
-0.00536632537841797 -0.00284051895141602 0.0237216949462891 0.00779151916503906
-0.00142097473144531 0.00494623184204102 0.0155162811279297 0.0166120529174805
0.00677108764648438 0.00675249099731445 0.0111846923828125 0.0297317504882813
0.00802946090698242 0.00586175918579102 0.00800323486328125 0.0414047241210938
0.0103445053100586 0.00502204895019531 0.000621795654296875 0.0550193786621094
0.00733470916748047 0.00571060180664063 -0.0183448791503906 0.05780029296875
0.00610876083374023 0.00398445129394531 -0.0282135009765625 0.04754638671875
0.00695657730102539 0.00043487548828125 -0.0304241180419922 0.0268878936767578
0.00963211059570313 0.00542259216308594 -0.0197811126708984 0.0119094848632813
0.00663185119628906 0.00704431533813477 0.0158004760742188 0.0212039947509766
0.00254631042480469 0.00520849227905273 0.0363540649414063 0.0672950744628906
0.02294921875 0.0190372467041016 -0.03167724609375 -0.0615005493164062
0.0143356323242188 0.00150203704833984 -0.00484657287597656 -0.0241584777832031
0.0106315612792969 -0.00106525421142578 0.0254840850830078 -0.00768852233886719
0.0108480453491211 -0.00779342651367187 0.0409660339355469 -0.0226287841796875
0.00688552856445312 -0.0132780075073242 0.0379981994628906 -0.0367889404296875
-0.00292778015136719 -0.0215301513671875 0.0221519470214844 -0.0544166564941406
-0.0119056701660156 -0.0231266021728516 0.00374603271484375 -0.0546875
-0.00983428955078125 -0.0226306915283203 -0.00393295288085938 -0.0384635925292969
-0.00777816772460937 -0.0273799896240234 -0.00965499877929688 -0.0231399536132813
0.00524520874023437 -0.0271148681640625 -0.0188884735107422 -0.0134429931640625
0.0187797546386719 -0.0165042877197266 -0.028839111328125 -0.0031280517578125
0.0219669342041016 -0.00150871276855469 -0.03582763671875 -0.00609207153320312
0.013463020324707 0.0146560668945313 -0.0474090576171875 -0.0131950378417969
0.00990486145019531 0.0169973373413086 -0.0557823181152344 -0.0115242004394531
0.0125656127929688 0.0201396942138672 -0.0443992614746094 -0.00714874267578124
0.0392646789550781 0.0325927734375 -0.0196037292480469 -0.0530319213867188
0.0300769805908203 0.0133247375488281 0.00741386413574219 -0.0182647705078125
0.0273113250732422 0.00732421875 0.0346508026123047 -0.00468254089355469
0.0276870727539062 -0.00504302978515625 0.0484085083007813 -0.0192527770996094
0.0221652984619141 -0.0164661407470703 0.0419120788574219 -0.031982421875
0.00886344909667969 -0.0321559906005859 0.0280952453613281 -0.0465164184570313
-0.00505828857421875 -0.0374412536621094 0.00960540771484374 -0.0446319580078125
-0.00542831420898438 -0.0361557006835938 0.00116157531738281 -0.0273666381835938
-0.0046844482421875 -0.0434608459472656 -0.00538158416748047 -0.0110788345336914
0.0104560852050781 -0.0429725646972656 -0.0179100036621094 -0.001312255859375
0.029693603515625 -0.0308341979980469 -0.0294647216796875 0.00780677795410156
0.0381660461425781 -0.0126724243164063 -0.0356101989746094 0.00153350830078125
0.0340557098388672 0.0162429809570313 -0.0436363220214844 -0.00452041625976562
0.0314369201660156 0.0241775512695312 -0.0462760925292969 -0.000957489013671884
0.0308284759521484 0.0301609039306641 -0.0350608825683594 0.00523567199707031
0.04888916015625 0.0435371398925781 -0.00483322143554687 -0.03997802734375
0.0422897338867188 0.0255928039550781 0.0233383178710938 -0.00738525390625
0.043426513671875 0.0174407958984375 0.0443458557128906 0.00164031982421875
0.0446891784667969 -0.00208282470703125 0.0543251037597656 -0.0154495239257812
0.0351352691650391 -0.0181388854980469 0.0453681945800781 -0.0256118774414063
0.0202751159667969 -0.03936767578125 0.0293197631835937 -0.0357818603515625
0.00236892700195312 -0.046142578125 0.0143756866455078 -0.0310916900634766
0.000328063964843755 -0.0445594787597656 0.00601768493652344 -0.0131435394287109
-0.0010833740234375 -0.0525588989257813 0.000315189361572266 0.00458955764770507
0.0129013061523437 -0.0535430908203125 -0.0162210464477539 0.0148944854736328
0.0354270935058594 -0.0412521362304688 -0.0284214019775391 0.0219326019287109
0.04693603515625 -0.0227165222167969 -0.0347461700439453 0.0112514495849609
0.0490188598632812 0.0126190185546875 -0.0394744873046875 0.00403594970703125
0.0479164123535156 0.0255699157714844 -0.0331859588623047 0.00701904296875
0.0444908142089844 0.0347328186035156 -0.0206317901611328 0.0192546844482422
0.0527992248535156 0.0480384826660156 0.0112514495849609 -0.0227699279785156
0.0493354797363281 0.0333595275878906 0.0379257202148437 0.00709915161132813
0.0562629699707031 0.0226402282714844 0.052001953125 0.00914764404296875
0.0561561584472656 -0.00106430053710938 0.0588264465332031 -0.00848007202148438
0.0439491271972656 -0.0197944641113281 0.0432548522949219 -0.0176200866699219
0.0280113220214844 -0.0423126220703125 0.0272045135498047 -0.0231895446777344
0.00845718383789063 -0.0487327575683594 0.0145196914672852 -0.0138616561889648
0.00554275512695313 -0.0450630187988281 0.00988483428955078 0.00377368927001953
0.00307083129882813 -0.0533180236816406 0.00646209716796875 0.0217170715332031
0.0134124755859375 -0.0538787841796875 -0.0114383697509766 0.0316810607910156
0.0354537963867187 -0.0438995361328125 -0.025177001953125 0.0358047485351562
0.0480270385742188 -0.0287361145019531 -0.0323543548583984 0.0206680297851563
0.0555763244628906 0.0077056884765625 -0.0328083038330078 0.00996208190917968
0.0568885803222656 0.0241622924804688 -0.016322135925293 0.0118999481201172
0.0509719848632813 0.0347251892089844 -0.00295448303222656 0.0322856903076172
0.0492782592773438 0.0439987182617188 0.0255107879638672 -0.00645637512207031
0.0506744384765625 0.03369140625 0.0508880615234375 0.0186614990234375
0.0596542358398438 0.0210914611816406 0.0554313659667969 0.0153427124023437
0.0579376220703125 -0.00326919555664063 0.0566596984863281 -0.00137710571289063
0.0435829162597656 -0.0202903747558594 0.0378570556640625 -0.00897598266601563
0.0286407470703125 -0.0400276184082031 0.0228652954101563 -0.00785064697265625
0.0122642517089844 -0.0432167053222656 0.013545036315918 0.00372791290283203
0.00959396362304688 -0.0401954650878906 0.0118350982666016 0.0193500518798828
0.00766372680664062 -0.0458412170410156 0.0104446411132813 0.0372810363769531
0.0146636962890625 -0.0450859069824219 -0.00799179077148437 0.0462646484375
0.03253173828125 -0.0373611450195313 -0.0223464965820313 0.045257568359375
0.0437507629394531 -0.026397705078125 -0.0300769805908203 0.0271320343017578
0.0530738830566406 0.00592422485351562 -0.0259590148925781 0.0126514434814453
0.0553741455078125 0.0218887329101563 -0.000600814819335934 0.0155487060546875
0.0480384826660156 0.0323333740234375 0.0145378112792969 0.0460586547851562
0.0391044616699219 0.0311813354492188 0.0378341674804688 0.00554656982421875
0.0427055358886719 0.0254325866699219 0.058441162109375 0.0251846313476562
0.0513076782226563 0.0128440856933594 0.0563545227050781 0.0174636840820313
0.0484619140625 -0.00632476806640625 0.0513267517089844 0.00467300415039063
0.0327949523925781 -0.0182647705078125 0.0305995941162109 0.000818252563476561
0.02288818359375 -0.0296974182128906 0.0177593231201172 0.00574874877929687
0.0137004852294922 -0.0308647155761719 0.0132026672363281 0.0188388824462891
0.0124645233154297 -0.0284442901611328 0.0122585296630859 0.0322628021240234
0.0123062133789062 -0.0311946868896484 0.0103187561035156 0.0482101440429687
0.015594482421875 -0.0295772552490234 -0.00837326049804687 0.0549163818359375
0.0280723571777344 -0.0233745574951172 -0.02099609375 0.0508308410644531
0.0353736877441406 -0.017120361328125 -0.0278224945068359 0.0295467376708984
0.0421600341796875 0.00730133056640625 -0.0202789306640625 0.013580322265625
0.0435791015625 0.0200958251953125 0.0113744735717773 0.0170021057128906
0.0365638732910156 0.0272331237792969 0.0276298522949219 0.0576248168945312
0.0234432220458984 0.01495361328125 0.0443496704101562 0.011871337890625
0.0291004180908203 0.0116825103759766 0.0610084533691406 0.02545166015625
0.0335273742675781 0.00157546997070313 0.0518684387207031 0.0161209106445313
0.0265827178955078 -0.00852394104003906 0.0441856384277344 0.00936126708984375
0.0154266357421875 -0.0109491348266602 0.0263099670410156 0.00596427917480469
0.0122261047363281 -0.0130796432495117 0.0149545669555664 0.0143852233886719
0.0117082595825195 -0.0125799179077148 0.0111198425292969 0.0291805267333984
0.0126943588256836 -0.0113973617553711 0.00927734375 0.0405693054199219
0.0145740509033203 -0.013514518737793 0.00636672973632813 0.0544662475585938
0.0155086517333984 -0.0101137161254883 -0.0126495361328125 0.0598869323730469
0.019256591796875 -0.00716209411621094 -0.0243644714355469 0.050567626953125
0.0225276947021484 -0.00535964965820313 -0.0278663635253906 0.0294418334960938
0.0257415771484375 0.00973701477050781 -0.0182781219482422 0.0137405395507813
0.0248241424560547 0.0164661407470703 0.0176773071289063 0.0206546783447266
0.0189609527587891 0.0188560485839844 0.0358352661132813 0.0672035217285156
0.0036623477935791 -0.00209379196166992 0.046112060546875 0.0099029541015625
0.010096549987793 -0.00343036651611328 0.0582809448242188 0.0188179016113281
0.00860881805419922 -0.0096120834350586 0.0471687316894531 0.0134963989257812
0.0012812614440918 -0.00762224197387695 0.0394248962402344 0.0105056762695313
-0.00516748428344727 -0.000594615936279296 0.0243682861328125 0.00744056701660156
0.000687599182128906 0.0073399543762207 0.0135822296142578 0.0167732238769531
0.00984287261962891 0.00835227966308594 0.00946426391601563 0.0308570861816406
0.0112991333007813 0.00648212432861328 0.00596237182617188 0.0418853759765625
0.0132894515991211 0.00606060028076172 -0.000419616699218753 0.0559921264648438
0.0104551315307617 0.00780582427978516 -0.0193595886230469 0.0589141845703125
0.007568359375 0.00734233856201172 -0.0301589965820313 0.0477027893066406
0.00718975067138672 0.00367069244384766 -0.0314216613769531 0.0273189544677734
0.00702857971191406 0.00804662704467773 -0.0210609436035156 0.0123786926269531
0.00316429138183594 0.00862932205200195 0.0159587860107422 0.0229682922363281
-0.00162982940673828 0.00548028945922852 0.0350494384765625 0.0721282958984375
0.02874755859375 0.0192489624023438 -0.0319747924804688 -0.067535400390625
0.0170516967773438 0.000291824340820313 -0.00424766540527344 -0.0277290344238281
0.0123414993286133 -0.00493240356445313 0.0268192291259766 -0.00948524475097656
0.0101766586303711 -0.0112123489379883 0.043487548828125 -0.0231704711914063
0.006317138671875 -0.0165548324584961 0.0401992797851563 -0.0378379821777344
-0.00695228576660157 -0.0243949890136719 0.0247001647949219 -0.0563621520996094
-0.0150299072265625 -0.0247631072998047 0.0062408447265625 -0.0569725036621094
-0.0130729675292969 -0.0237941741943359 -0.00157928466796875 -0.0410575866699219
-0.0111942291259766 -0.0290317535400391 -0.00889205932617188 -0.0248470306396484
0.00237846374511719 -0.0301570892333984 -0.0171089172363281 -0.013763427734375
0.0190982818603516 -0.0202751159667969 -0.0297031402587891 -0.00263595581054688
0.0241489410400391 -0.00510597229003906 -0.0373992919921875 -0.0067596435546875
0.0176582336425781 0.0135231018066406 -0.050384521484375 -0.0150833129882813
0.0156707763671875 0.0178623199462891 -0.0594291687011719 -0.0147361755371094
0.0171012878417969 0.0225067138671875 -0.0453453063964844 -0.0103569030761719
0.0435104370117188 0.0352897644042969 -0.0169944763183594 -0.058441162109375
0.0333404541015625 0.0129604339599609 0.0107860565185547 -0.0210895538330078
0.0305709838867187 0.00615692138671875 0.0375938415527344 -0.00561141967773437
0.0285682678222656 -0.00767135620117187 0.051116943359375 -0.0199737548828125
0.0216770172119141 -0.0186977386474609 0.0464248657226563 -0.0317611694335938
0.007232666015625 -0.0351982116699219 0.0322990417480469 -0.0480194091796875
-0.00728225708007813 -0.0384750366210938 0.0131759643554688 -0.0467491149902344
-0.00726699829101563 -0.0384025573730469 0.00451469421386718 -0.0302982330322266
-0.00719833374023437 -0.0458335876464844 -0.00261688232421875 -0.0121374130249023
0.00913238525390625 -0.0479660034179688 -0.015934944152832 -0.000621795654296876
0.0316009521484375 -0.0356712341308594 -0.0288295745849609 0.00905227661132812
0.0419769287109375 -0.0153427124023438 -0.0361747741699219 0.0020294189453125
0.0394020080566406 0.0169258117675781 -0.0460090637207031 -0.00489425659179688
0.0368766784667969 0.0266990661621094 -0.0479850769042969 -0.00315475463867186
0.0358390808105469 0.0339088439941406 -0.0349292755126953 0.00323104858398438
0.0526008605957031 0.04754638671875 -0.00095367431640625 -0.0428047180175781
0.0444297790527344 0.02783203125 0.0269069671630859 -0.00919342041015625
0.0460662841796875 0.0183639526367188 0.0484580993652344 0.000930786132812501
0.0466957092285156 -0.00307846069335937 0.0592918395996094 -0.0153732299804688
0.0363006591796875 -0.0190963745117187 0.0495338439941406 -0.0260047912597656
0.0204505920410156 -0.0419273376464844 0.0336494445800781 -0.0376319885253906
0.00171279907226563 -0.0483512878417969 0.0180416107177734 -0.0324287414550781
1.90734863281259E-05 -0.0470123291015625 0.0099334716796875 -0.0146379470825195
-0.002227783203125 -0.0562286376953125 0.0046381950378418 0.00472307205200195
0.01263427734375 -0.0573272705078125 -0.012751579284668 0.0165185928344726
0.0381965637207031 -0.0450553894042969 -0.0274600982666016 0.0246162414550781
0.0517959594726563 -0.0247726440429688 -0.0350608825683594 0.0135688781738281
0.054840087890625 0.0137138366699219 -0.039825439453125 0.00404739379882812
0.0529556274414063 0.0297088623046875 -0.0326690673828125 0.00609779357910156
0.0483322143554688 0.0395545959472656 -0.0187797546386719 0.0184841156005859
0.0548057556152344 0.0536994934082031 0.0160198211669922 -0.0242061614990234
0.0520401000976562 0.0363235473632813 0.0420761108398438 0.006072998046875
0.0590896606445313 0.0252494812011719 0.0564308166503906 0.00971221923828125
0.0593833923339844 9.5367431640625E-05 0.0627250671386719 -0.00926589965820313
0.0460205078125 -0.0199546813964844 0.0477790832519531 -0.0182304382324219
0.0297393798828125 -0.0449028015136719 0.0319538116455078 -0.0239543914794922
0.00982666015625001 -0.0509452819824219 0.0190486907958984 -0.0151195526123047
0.00678253173828125 -0.0486373901367188 0.0139913558959961 0.00312995910644531
0.00494003295898437 -0.0565719604492187 0.0103969573974609 0.0224227905273437
0.0151481628417969 -0.0572395324707031 -0.00853919982910156 0.0332469940185547
0.0390625 -0.0461578369140625 -0.0232772827148438 0.0388603210449219
0.0528945922851563 -0.0301704406738281 -0.0318012237548828 0.0223407745361328
0.0611000061035156 0.009857177734375 -0.0333633422851562 0.0110187530517578
0.0606307983398437 0.0284194946289062 -0.0158061981201172 0.0117740631103516
0.0527610778808594 0.0408935546875 4.0054321289065E-05 0.0337905883789063
0.0493888854980469 0.0500030517578125 0.0305061340332031 -0.00585174560546875
0.051177978515625 0.0391616821289062 0.0561370849609375 0.019805908203125
0.0618782043457031 0.0257301330566406 0.0613784790039063 0.0158920288085938
0.0613174438476562 -0.000995635986328125 0.0613937377929688 -0.0017852783203125
0.0474319458007813 -0.0191917419433594 0.0415840148925781 -0.008758544921875
0.0322494506835938 -0.0409164428710937 0.0266628265380859 -0.0089874267578125
0.0155868530273437 -0.0447959899902344 0.0170402526855469 0.00419139862060547
0.0119857788085937 -0.0419883728027344 0.0152778625488281 0.0196990966796875
0.0109138488769531 -0.0486373901367187 0.0140342712402344 0.0390167236328125
0.0175323486328125 -0.0468368530273437 -0.00558853149414062 0.04931640625
0.0371131896972656 -0.0376968383789063 -0.0203628540039062 0.0486946105957031
0.0478553771972656 -0.0258827209472656 -0.0291194915771484 0.0286750793457031
0.0568046569824219 0.00876235961914063 -0.0253124237060547 0.0140953063964844
0.0576057434082031 0.0261268615722656 0.000562667846679692 0.0165548324584961
0.048736572265625 0.0381813049316406 0.0180244445800781 0.0494003295898437
0.0380363464355469 0.0362014770507813 0.0421218872070313 0.00894546508789063
0.0429000854492188 0.0295982360839844 0.0629234313964844 0.0285568237304688
0.0520477294921875 0.017120361328125 0.0608863830566406 0.0195655822753906
0.0498542785644531 -0.003570556640625 0.05535888671875 0.00547409057617187
0.03643798828125 -0.0158157348632813 0.0338840484619141 0.000108718872070312
0.0268764495849609 -0.0300445556640625 0.02130126953125 0.00508308410644531
0.0172824859619141 -0.0320167541503906 0.0149593353271484 0.0200576782226563
0.0154781341552734 -0.0285320281982422 0.0144271850585938 0.0335121154785156
0.0160446166992187 -0.0331954956054688 0.0127716064453125 0.049835205078125
0.0201168060302734 -0.0299816131591797 -0.006378173828125 0.0577621459960937
0.0323963165283203 -0.0224323272705078 -0.0199508666992187 0.0537376403808594
0.0378570556640625 -0.0148277282714844 -0.0273361206054687 0.03204345703125
0.0439109802246094 0.0114898681640625 -0.020111083984375 0.0149307250976563
0.042816162109375 0.0248374938964844 0.0132617950439453 0.0194873809814453
0.0349006652832031 0.0320816040039063 0.0310096740722656 0.0625686645507813
0.020538330078125 0.0176353454589844 0.0480194091796875 0.0158843994140625
0.0276165008544922 0.0138359069824219 0.0655288696289063 0.0281906127929688
0.0320854187011719 0.00466346740722656 0.0568504333496094 0.0186614990234375
0.0272216796875 -0.00497245788574219 0.0475959777832031 0.0090484619140625
0.0178623199462891 -0.00864219665527344 0.0278072357177734 0.00604629516601562
0.0162630081176758 -0.0115623474121094 0.0154943466186523 0.0148124694824219
0.016179084777832 -0.0129594802856445 0.0115680694580078 0.0299072265625
0.0173358917236328 -0.0115232467651367 0.01043701171875 0.0424079895019531
0.0189723968505859 -0.0133857727050781 0.00764846801757812 0.0566139221191406
0.0194759368896484 -0.00984382629394531 -0.0119705200195312 0.06201171875
0.02276611328125 -0.00414657592773438 -0.0239677429199219 0.05340576171875
0.0241832733154297 -0.00121879577636719 -0.0290641784667969 0.0316524505615234
0.0253696441650391 0.0145969390869141 -0.0181407928466797 0.0143013000488281
0.0218467712402344 0.0205135345458984 0.0191574096679688 0.0236301422119141
0.0152549743652344 0.0219478607177734 0.03765869140625 0.0733871459960938
-0.000392317771911621 -0.00161409378051758 0.0482597351074219 0.0143852233886719
0.00663185119628906 -0.00164604187011719 0.0620803833007813 0.0229606628417969
0.00545358657836914 -0.0072474479675293 0.0509681701660156 0.014373779296875
-0.000570297241210937 -0.00426030158996582 0.0427131652832031 0.0099945068359375
-0.00450277328491211 0.00300359725952149 0.0256366729736328 0.00664710998535156
0.00392055511474609 0.00911903381347656 0.0127172470092773 0.0164766311645508
0.0132551193237305 0.00895786285400391 0.00856590270996094 0.0320987701416016
0.0153017044067383 0.00753879547119141 0.00574111938476563 0.0442543029785156
0.018798828125 0.00683784484863281 -0.000602722167968749 0.0587120056152344
0.014033317565918 0.00924587249755859 -0.0202789306640625 0.0614776611328125
0.0107183456420898 0.0101795196533203 -0.0297775268554688 0.0484580993652344
0.00823545455932617 0.00795841217041016 -0.0326137542724609 0.0285720825195313
0.00481986999511719 0.0117349624633789 -0.0215778350830078 0.0141773223876953
-0.00130558013916016 0.0123043060302734 0.0156917572021484 0.0265026092529297
-0.00642538070678711 0.00690364837646484 0.0364532470703125 0.078460693359375
0.0349502563476563 0.0177326202392578 -0.0337982177734375 -0.0744476318359375
0.0206661224365234 -0.00403404235839844 -0.00535774230957031 -0.03204345703125
0.0143022537231445 -0.0083770751953125 0.0286941528320312 -0.0114707946777344
0.00976467132568359 -0.0154781341552734 0.045196533203125 -0.0266265869140625
0.0027618408203125 -0.0196208953857422 0.0428924560546875 -0.0402793884277344
-0.0107860565185547 -0.0256195068359375 0.0269927978515625 -0.060089111328125
-0.0209064483642578 -0.0249309539794922 0.00736236572265625 -0.060821533203125
-0.0176124572753906 -0.0245285034179688 -0.000251770019531255 -0.0449447631835938
-0.0172481536865234 -0.0301609039306641 -0.00644111633300781 -0.0278797149658203
-0.00118064880371094 -0.0342197418212891 -0.0162363052368164 -0.0144205093383789
0.0179862976074219 -0.0266304016113281 -0.0297355651855469 -0.00159835815429688
0.0263862609863281 -0.00999069213867188 -0.0390243530273438 -0.00580596923828125
0.0231552124023438 0.0113773345947266 -0.0540580749511719 -0.0149269104003906
0.0216197967529297 0.0180721282958984 -0.0635643005371094 -0.0162582397460937
0.0247859954833984 0.0236606597900391 -0.0473823547363281 -0.0140533447265625
0.0499382019042969 0.0360107421875 -0.0166358947753906 -0.0654067993164063
0.0372886657714844 0.0117034912109375 0.0126590728759766 -0.0257511138916016
0.0323925018310547 0.00318717956542969 0.0400199890136719 -0.00833511352539063
0.0294971466064453 -0.0111293792724609 0.0546302795410156 -0.0227088928222656
0.0202426910400391 -0.0218849182128906 0.0497283935546875 -0.0350074768066406
0.00371932983398437 -0.0371131896972656 0.0347175598144531 -0.0518875122070312
-0.0114364624023438 -0.0405921936035156 0.0162239074707031 -0.0506973266601563
-0.0105361938476562 -0.0403366088867188 0.00750923156738281 -0.0336761474609375
-0.0115585327148438 -0.04852294921875 0.000520706176757812 -0.0147714614868164
0.00596237182617188 -0.0522079467773438 -0.0135622024536133 -0.00114631652832032
0.0320930480957031 -0.0414009094238281 -0.0272388458251953 0.0109004974365234
0.0455169677734375 -0.0201606750488281 -0.03704833984375 0.00327301025390624
0.0466079711914063 0.0153541564941406 -0.0480117797851563 -0.00385284423828124
0.0447120666503906 0.0281257629394531 -0.0506973266601563 -0.0045318603515625
0.0431404113769531 0.0372467041015625 -0.0343151092529297 0.000242233276367183
0.0584831237792969 0.0517463684082031 0.00163650512695313 -0.0488052368164062
0.048675537109375 0.0288238525390625 0.0308685302734375 -0.0131015777587891
0.0501785278320313 0.0176506042480469 0.0515899658203125 -0.000995635986328124
0.0483741760253906 -0.00475311279296875 0.0633621215820312 -0.0175552368164063
0.0371818542480469 -0.021636962890625 0.0537452697753906 -0.0288352966308594
0.0194091796875 -0.0448417663574219 0.0387382507324219 -0.0414352416992188
0.000183105468749995 -0.0515365600585938 0.0221939086914062 -0.0364494323730469
-0.00201034545898437 -0.049835205078125 0.0141658782958984 -0.0178718566894531
-0.00504302978515625 -0.0597000122070313 0.00852489471435547 0.00270557403564453
0.0106048583984375 -0.0626296997070313 -0.00881385803222656 0.0170612335205078
0.0398445129394531 -0.0511894226074219 -0.0243740081787109 0.0270252227783203
0.0559120178222656 -0.029876708984375 -0.0343894958496094 0.0152034759521484
0.0624351501464844 0.0131721496582031 -0.0409507751464844 0.00615692138671874
0.0614013671875 0.0322380065917969 -0.0332622528076172 0.00538444519042969
0.0556068420410156 0.0443267822265625 -0.0157155990600586 0.0165672302246094
0.0593795776367188 0.0578689575195313 0.0206089019775391 -0.0275497436523437
0.0549736022949219 0.0402297973632813 0.047698974609375 0.00349807739257813
0.0630378723144531 0.0270919799804688 0.0611724853515625 0.00710678100585938
0.0633659362792969 -0.00074005126953125 0.0681953430175781 -0.0116920471191406
0.0488929748535156 -0.0212669372558594 0.05255126953125 -0.0209312438964844
0.0306968688964844 -0.0475425720214844 0.0362586975097656 -0.0276145935058594
0.0106315612792969 -0.0543327331542969 0.0228252410888672 -0.0181026458740234
0.00705337524414063 -0.0515785217285156 0.0179920196533203 5.14984130859343E-05
0.00364685058593751 -0.0602684020996094 0.0159759521484375 0.0209159851074219
0.0148429870605469 -0.0614814758300781 -0.00283432006835937 0.0352363586425781
0.0415077209472656 -0.0513343811035156 -0.0198211669921875 0.041015625
0.0576019287109375 -0.0338859558105469 -0.0303707122802734 0.0252838134765625
0.0686454772949219 0.0106048583984375 -0.033050537109375 0.0130176544189453
0.0680389404296875 0.0313568115234375 -0.013916015625 0.0118303298950195
0.05902099609375 0.0458793640136719 0.00488090515136719 0.0348243713378906
0.0528144836425781 0.0541534423828125 0.0359344482421875 -0.00623703002929687
0.0543899536132813 0.0426406860351563 0.0618171691894531 0.01904296875
0.0662193298339844 0.0283927917480469 0.0663833618164063 0.015167236328125
0.066558837890625 -0.00023651123046875 0.0663375854492188 -0.00388717651367187
0.0508308410644531 -0.0198593139648438 0.0459022521972656 -0.0115470886230469
0.0351943969726563 -0.043426513671875 0.0303459167480469 -0.0114021301269531
0.017730712890625 -0.0492820739746094 0.0211334228515625 0.00212860107421875
0.0147247314453125 -0.0456657409667969 0.0197525024414062 0.0186843872070312
0.0126876831054688 -0.0523185729980469 0.0191841125488281 0.03814697265625
0.0200538635253906 -0.0502281188964844 -0.000476837158203118 0.0507278442382813
0.0407791137695313 -0.0409889221191406 -0.0168037414550781 0.0520057678222656
0.0528068542480469 -0.0272102355957031 -0.0267009735107422 0.0316200256347656
0.0629501342773438 0.01055908203125 -0.0242977142333984 0.015838623046875
0.0619354248046875 0.0301895141601563 0.00421142578125 0.0163602828979492
0.052215576171875 0.0430183410644531 0.0241241455078125 0.0514068603515625
0.0382728576660156 0.0409812927246094 0.0479278564453125 0.0108375549316406
0.0439720153808594 0.0344390869140625 0.0708236694335938 0.029296875
0.0561981201171875 0.021270751953125 0.0667915344238281 0.0190238952636719
0.0546646118164062 -0.00115966796875 0.0602989196777344 0.00256729125976563
0.0404777526855469 -0.0149955749511719 0.0371437072753906 -0.00133132934570313
0.0314464569091797 -0.0309848785400391 0.0229873657226563 0.00427818298339844
0.0209846496582031 -0.0353546142578125 0.0175437927246094 0.0198097229003906
0.0196151733398438 -0.0316867828369141 0.0174655914306641 0.0344429016113281
0.0200691223144531 -0.0368804931640625 0.0171051025390625 0.0511283874511719
0.0242919921875 -0.0321025848388672 -0.00133895874023437 0.0604286193847656
0.0364265441894531 -0.0220451354980469 -0.0167961120605469 0.05621337890625
0.0423164367675781 -0.0132637023925781 -0.025115966796875 0.0348300933837891
0.047149658203125 0.015411376953125 -0.0186634063720703 0.0164985656738281
0.0450210571289062 0.0295791625976562 0.0169258117675781 0.0199947357177734
0.0358314514160156 0.0368728637695313 0.0377998352050781 0.066497802734375
0.0192279815673828 0.021240234375 0.0536994934082031 0.0195960998535156
0.0264091491699219 0.0192279815673828 0.0725555419921875 0.0318145751953125
0.0325126647949219 0.00869369506835938 0.06201171875 0.0188522338867188
0.0298709869384766 -0.0021209716796875 0.052032470703125 0.0076751708984375
0.0207748413085938 -0.00590133666992188 0.0301876068115234 0.0045928955078125
0.0205249786376953 -0.011688232421875 0.0175352096557617 0.013885498046875
0.0215110778808594 -0.0149974822998047 0.0132923126220703 0.0317344665527344
0.0222244262695313 -0.0142307281494141 0.0125389099121094 0.043975830078125
0.0243663787841797 -0.0155296325683594 0.0100059509277344 0.0592308044433594
0.0247783660888672 -0.00986099243164063 -0.00882720947265625 0.0650138854980469
0.0282478332519531 -0.00202369689941406 -0.0220985412597656 0.0562057495117188
0.0280246734619141 0.001678466796875 -0.0272846221923828 0.0339736938476563
0.0258979797363281 0.0191249847412109 -0.0177154541015625 0.0167598724365234
0.0207042694091797 0.0256938934326172 0.0220355987548828 0.0251541137695313
0.0130519866943359 0.0259838104248047 0.043792724609375 0.0785980224609375
-0.00436806678771973 -0.000663995742797851 0.0530929565429688 0.0189628601074219
0.00324177742004394 0.000243663787841797 0.0674972534179688 0.0258369445800781
0.00342726707458496 -0.00412845611572266 0.0554466247558594 0.0140113830566406
-0.000197172164916992 -0.000431180000305176 0.0457725524902344 0.00798797607421875
-0.00287771224975586 0.00675392150878906 0.0253982543945313 0.00471115112304688
0.00787639617919922 0.0116844177246094 0.0134172439575195 0.017120361328125
0.0189628601074219 0.00825691223144531 0.00797462463378907 0.0347461700439453
0.020751953125 0.00671577453613281 0.00518417358398438 0.0472640991210938
0.0251255035400391 0.00567245483398438 -0.000568389892578129 0.0609359741210938
0.0201778411865234 0.0101070404052734 -0.0184059143066406 0.0634269714355469
0.0152616500854492 0.0133638381958008 -0.0303955078125 0.0517005920410156
0.010350227355957 0.0120916366577148 -0.0329360961914062 0.0309200286865234
0.00441360473632813 0.016789436340332 -0.0221481323242187 0.0165386199951172
-0.00407981872558594 0.0168781280517578 0.0176525115966797 0.0297508239746094
-0.0100984573364258 0.010289192199707 0.0405807495117187 0.0853729248046875
0.0415573120117187 0.0136184692382812 -0.0381622314453125 -0.080535888671875
0.0226631164550781 -0.00812911987304688 -0.00670242309570312 -0.0361785888671875
0.0141029357910156 -0.0136804580688477 0.0277996063232422 -0.0150318145751953
0.00568962097167969 -0.0198574066162109 0.0453720092773438 -0.0288848876953125
-0.000469207763671873 -0.0212516784667969 0.0442314147949219 -0.043121337890625
-0.0176620483398438 -0.025543212890625 0.0273780822753906 -0.0636444091796875
-0.02630615234375 -0.0233917236328125 0.00781249999999999 -0.06591796875
-0.0223426818847656 -0.0241775512695313 -0.000679016113281248 -0.0475959777832031
-0.0228633880615234 -0.0290546417236328 -0.00540924072265625 -0.0310459136962891
-0.0059356689453125 -0.0365524291992188 -0.0152759552001953 -0.015110969543457
0.0139865875244141 -0.0312671661376953 -0.0269737243652344 -0.000167846679687504
0.0259914398193359 -0.0152778625488281 -0.0395393371582031 -0.00410079956054688
0.0270118713378906 0.00760841369628906 -0.0582847595214844 -0.0138282775878906
0.0287952423095703 0.0163288116455078 -0.0688362121582031 -0.0168418884277344
0.0318012237548828 0.0223960876464844 -0.0507926940917969 -0.0173835754394531
0.0575790405273437 0.0343551635742188 -0.0193099975585937 -0.0709762573242188
0.0412483215332031 0.00868606567382812 0.0122356414794922 -0.0311222076416016
0.0345516204833984 2.86102294921875E-05 0.04095458984375 -0.0118637084960938
0.0281143188476563 -0.0150585174560547 0.0569953918457031 -0.0259323120117188
0.0181446075439453 -0.0226001739501953 0.0519065856933594 -0.0387725830078125
-0.000568389892578123 -0.0378303527832031 0.0363845825195313 -0.0559883117675781
-0.0159034729003906 -0.04083251953125 0.0184440612792969 -0.055450439453125
-0.0139389038085938 -0.0406570434570312 0.00957489013671875 -0.0386734008789063
-0.0162544250488281 -0.05023193359375 0.00365066528320312 -0.0189304351806641
0.0013427734375 -0.0553321838378906 -0.0106992721557617 -0.00241374969482422
0.0307693481445312 -0.047515869140625 -0.0247611999511719 0.011749267578125
0.0479621887207031 -0.0270881652832031 -0.0363960266113281 0.00568008422851562
0.0530929565429688 0.0107460021972656 -0.0497207641601563 -0.00279617309570312
0.0526924133300781 0.0258560180664063 -0.0531044006347656 -0.00477981567382812
0.0522270202636719 0.0375823974609375 -0.0349655151367188 -0.0023956298828125
0.0669593811035156 0.0515823364257813 0.00418090820312501 -0.0561943054199219
0.0518455505371094 0.0277786254882813 0.0328521728515625 -0.01806640625
0.05401611328125 0.0153236389160156 0.0549468994140625 -0.00483322143554688
0.0502052307128906 -0.00860977172851563 0.0656814575195313 -0.0219078063964844
0.0378990173339844 -0.0235404968261719 0.0563850402832031 -0.0326194763183594
0.0165596008300781 -0.0468254089355469 0.0414276123046875 -0.0461997985839844
-0.002349853515625 -0.0533256530761719 0.0261878967285156 -0.0423507690429688
-0.00382232666015625 -0.0514602661132812 0.0185642242431641 -0.0237331390380859
-0.0081329345703125 -0.0614051818847656 0.0139551162719727 -0.00150394439697266
0.00709152221679687 -0.0675430297851563 -0.00420761108398437 0.0163698196411133
0.0392875671386719 -0.0570030212402344 -0.0206890106201172 0.02801513671875
0.0590248107910156 -0.0370635986328125 -0.031707763671875 0.0170345306396484
0.0694847106933594 0.00925445556640625 -0.0398101806640625 0.00785064697265624
0.0704803466796875 0.0310287475585937 -0.0340652465820312 0.00407791137695313
0.0637168884277344 0.0454864501953125 -0.0128622055053711 0.0146141052246094
0.0659294128417969 0.060028076171875 0.0242843627929688 -0.0319347381591797
0.0598945617675781 0.0413551330566406 0.0528717041015625 -0.00171279907226562
0.0681419372558594 0.0275650024414063 0.0667343139648438 0.00397872924804688
0.0664443969726563 -0.001800537109375 0.0724334716796875 -0.01519775390625
0.0518569946289062 -0.0227012634277344 0.055419921875 -0.0246238708496094
0.0325050354003906 -0.0497169494628906 0.0396804809570312 -0.031951904296875
0.00915908813476562 -0.0580558776855469 0.0282115936279297 -0.0225601196289063
0.00594711303710938 -0.0548591613769531 0.0230636596679688 -0.00375556945800782
0.0027313232421875 -0.0638580322265625 0.0215034484863281 0.0174198150634766
0.0138320922851563 -0.0664176940917969 0.00271415710449218 0.0344257354736328
0.0432891845703125 -0.0569534301757812 -0.0153999328613281 0.0428428649902344
0.0616035461425781 -0.0379295349121094 -0.0258407592773438 0.0270843505859375
0.074859619140625 0.00925445556640625 -0.0299453735351563 0.0134181976318359
0.0762100219726563 0.0314178466796875 -0.0128717422485352 0.0111246109008789
0.0665512084960938 0.0485992431640625 0.00997352600097657 0.0316352844238281
0.0572395324707031 0.0595779418945313 0.0423049926757813 -0.00849533081054687
0.0573387145996094 0.0454559326171875 0.0678634643554688 0.0155525207519531
0.0720443725585938 0.0301055908203125 0.0719451904296875 0.0103988647460938
0.0719528198242188 -0.0005340576171875 0.0703887939453125 -0.00737762451171875
0.0556755065917969 -0.0215377807617188 0.0488052368164063 -0.0140876770019531
0.0376129150390625 -0.0470733642578125 0.0321922302246094 -0.0155792236328125
0.0186538696289062 -0.0540847778320313 0.0262050628662109 -0.000589370727539066
0.0166549682617187 -0.04803466796875 0.0224475860595703 0.0160789489746094
0.0136756896972656 -0.0566940307617188 0.024993896484375 0.0359268188476562
0.022308349609375 -0.0553474426269531 0.00516891479492188 0.0501251220703125
0.0443077087402344 -0.0458793640136719 -0.011962890625 0.05462646484375
0.0570793151855469 -0.0295906066894531 -0.0229301452636719 0.033905029296875
0.0686531066894531 0.0123291015625 -0.0217552185058594 0.0174217224121094
0.0675315856933594 0.0330886840820313 0.00795173645019532 0.0141267776489258
0.0558280944824219 0.0481414794921875 0.0301742553710938 0.0500373840332031
0.0401802062988281 0.0485877990722656 0.0555839538574219 0.0119476318359375
0.0469970703125 0.0393562316894531 0.0781402587890625 0.0280609130859375
0.0604324340820313 0.0237846374511719 0.0730438232421875 0.016387939453125
0.058837890625 -0.000782012939453125 0.0647773742675781 -0.00014495849609375
0.0450973510742188 -0.0155982971191406 0.0387001037597656 -0.00445938110351563
0.03607177734375 -0.0341606140136719 0.0243549346923828 0.00160408020019531
0.0251121520996094 -0.0395278930664063 0.0208206176757813 0.0191440582275391
0.024261474609375 -0.0353736877441406 0.0197353363037109 0.0336856842041016
0.0234336853027344 -0.0415611267089844 0.0222320556640625 0.0496635437011719
0.0278129577636719 -0.0362625122070313 0.00330734252929688 0.0616607666015625
0.0410614013671875 -0.0235786437988281 -0.0118904113769531 0.0569725036621094
0.0471000671386719 -0.0138435363769531 -0.0217132568359375 0.0372734069824219
0.051605224609375 0.01947021484375 -0.0165309906005859 0.0185508728027344
0.0474052429199219 0.0347366333007813 0.02154541015625 0.0188713073730469
0.0368614196777344 0.0420646667480469 0.0458946228027344 0.0687255859375
0.0167522430419922 0.0253582000732422 0.061676025390625 0.0221023559570313
0.0256061553955078 0.0233249664306641 0.0800857543945313 0.0326080322265625
0.035400390625 0.0123138427734375 0.06817626953125 0.016448974609375
0.0342884063720703 0.000360488891601563 0.0558509826660156 0.0046539306640625
0.0248069763183594 -0.00451278686523438 0.0297031402587891 0.00297164916992187
0.0260429382324219 -0.0120906829833984 0.0181846618652344 0.0141525268554688
0.0256137847900391 -0.0176830291748047 0.0157966613769531 0.0325202941894531
0.0262050628662109 -0.0169868469238281 0.0146903991699219 0.0462913513183594
0.03106689453125 -0.0203475952148438 0.013885498046875 0.0610275268554687
0.0292720794677734 -0.0122699737548828 -0.00570297241210937 0.0666961669921875
0.0343818664550781 -0.00275611877441406 -0.0185470581054687 0.0585861206054687
0.0333118438720703 0.00399398803710938 -0.0265617370605469 0.0365829467773438
0.0281753540039062 0.0246696472167969 -0.0154705047607422 0.0180034637451172
0.0220317840576172 0.0321521759033203 0.025848388671875 0.0266857147216797
0.0105781555175781 0.031982421875 0.0523300170898437 0.0825653076171875
-0.00903129577636719 0.00335693359375 0.0586662292480469 0.0220222473144531
0.000200271606445312 0.00271821022033691 0.0741195678710938 0.026702880859375
0.00156283378601074 -4.42266464233398E-05 0.0593185424804688 0.0123786926269531
0.000657558441162109 0.00396990776062012 0.0483169555664063 0.00582122802734375
0.0016632080078125 0.0100193023681641 0.0251064300537109 0.00423049926757813
0.0144977569580078 0.0127553939819336 0.0131540298461914 0.0168161392211914
0.0241813659667969 0.00486373901367188 0.00975418090820313 0.036376953125
0.0255203247070313 0.0029296875 0.007720947265625 0.049407958984375
0.0302581787109375 0.00311660766601563 0.00180816650390625 0.0637893676757813
0.0258979797363281 0.00934982299804688 -0.0162582397460938 0.0667228698730469
0.0214004516601562 0.0145435333251953 -0.0286712646484375 0.0538139343261719
0.0141773223876953 0.0161943435668945 -0.0312290191650391 0.0324325561523438
0.00552558898925781 0.0235252380371094 -0.0212879180908203 0.0180721282958984
-0.00454139709472656 0.0228672027587891 0.0197906494140625 0.0320358276367188
-0.0136775970458984 0.0146636962890625 0.0468902587890625 0.0891952514648438
0.0459823608398437 0.00733184814453125 -0.0437774658203125 -0.08544921875
0.0255813598632812 -0.0140209197998047 -0.00894927978515625 -0.0389556884765625
0.0119190216064453 -0.0186996459960938 0.0287399291992188 -0.0186595916748047
0.00283622741699219 -0.02264404296875 0.0457496643066406 -0.0315475463867187
-0.0059814453125 -0.0214328765869141 0.0439605712890625 -0.0439834594726563
-0.0226078033447266 -0.0236682891845703 0.0285224914550781 -0.0670928955078125
-0.0306930541992188 -0.0197868347167969 0.00603866577148437 -0.0688438415527344
-0.0265350341796875 -0.0206012725830078 0.00128173828125 -0.0521430969238281
-0.0291156768798828 -0.0276775360107422 -0.00473594665527344 -0.0320720672607422
-0.0135326385498047 -0.0340480804443359 -0.0142068862915039 -0.0164966583251953
0.0110721588134766 -0.0346527099609375 -0.0266571044921875 0.00188827514648437
0.0237789154052734 -0.0210952758789063 -0.0396575927734375 -0.00246810913085937
0.031707763671875 0.00191307067871094 -0.0587005615234375 -0.0127830505371094
0.0342063903808594 0.0102214813232422 -0.0723800659179688 -0.0185699462890625
0.0412559509277344 0.0169754028320313 -0.0540313720703125 -0.0219001770019531
0.0633201599121094 0.0312767028808594 -0.021484375 -0.07806396484375
0.0412712097167969 0.00384521484375 0.0121631622314453 -0.0349807739257813
0.0345344543457031 -0.00276565551757813 0.0419769287109375 -0.01446533203125
0.0259723663330078 -0.0180130004882813 0.0572395324707031 -0.0293769836425781
0.0144004821777344 -0.0247306823730469 0.0524024963378906 -0.0398597717285156
-0.00529098510742188 -0.0377349853515625 0.0379600524902344 -0.0606498718261719
-0.0184364318847656 -0.0396652221679688 0.0180473327636719 -0.0616302490234375
-0.0187416076660156 -0.0407829284667969 0.0109024047851562 -0.044158935546875
-0.0230827331542969 -0.0503578186035156 0.00582695007324219 -0.0233669281005859
-0.00506210327148437 -0.0587387084960938 -0.00725507736206055 -0.00353193283081055
0.0265121459960937 -0.05194091796875 -0.0220222473144531 0.0122299194335937
0.0476875305175781 -0.0333404541015625 -0.0353813171386719 0.00569915771484375
0.0574302673339844 0.00545501708984375 -0.0503044128417969 -0.000873565673828125
0.0603218078613281 0.0225715637207031 -0.0543861389160156 -0.00750732421875001
0.0615310668945313 0.0355186462402344 -0.0364189147949219 -0.00708007812499999
0.0719375610351562 0.051055908203125 0.00391769409179688 -0.0626640319824219
0.0573310852050781 0.0269126892089844 0.0337982177734375 -0.0242881774902344
0.0536537170410156 0.0150489807128906 0.0549812316894531 -0.0070037841796875
0.0504074096679688 -0.0108146667480469 0.0665855407714844 -0.0244522094726563
0.03668212890625 -0.0274009704589844 0.0579376220703125 -0.0378646850585938
0.0134201049804688 -0.048095703125 0.0444869995117187 -0.0526657104492188
-0.00534439086914063 -0.0545463562011719 0.0279464721679688 -0.0482063293457031
-0.008087158203125 -0.0546035766601563 0.0172901153564453 -0.0278282165527344
-0.0131301879882812 -0.064483642578125 0.0167264938354492 -0.00445270538330079
0.00434112548828125 -0.0707015991210938 -0.00146579742431641 0.0149879455566406
0.0367088317871094 -0.0627288818359375 -0.0151119232177734 0.0263347625732422
0.0591621398925781 -0.0441131591796875 -0.0287647247314453 0.01763916015625
0.0759735107421875 0.0059967041015625 -0.0387153625488281 0.0103607177734375
0.0781784057617188 0.0270309448242188 -0.0317630767822266 0.00210952758789063
0.0713043212890625 0.0469970703125 -0.012054443359375 0.00951576232910157
0.0735397338867188 0.0636825561523438 0.0237083435058594 -0.0375595092773437
0.0626258850097656 0.0441169738769531 0.0561332702636719 -0.00736236572265625
0.0721359252929688 0.0262832641601562 0.066558837890625 -0.000453948974609373
0.0696754455566406 -0.00387191772460938 0.0761260986328125 -0.019989013671875
0.0546035766601563 -0.0267105102539063 0.0572662353515625 -0.029632568359375
0.0298957824707031 -0.0538291931152344 0.0414886474609375 -0.0360183715820313
0.0100746154785156 -0.0606956481933594 0.0293617248535156 -0.0275363922119141
0.00502395629882812 -0.0581245422363281 0.0253658294677734 -0.00692939758300782
9.15527343749926E-05 -0.0697975158691406 0.0258522033691406 0.0122032165527344
0.0135498046875 -0.0696754455566406 0.00763130187988281 0.0324115753173828
0.0440177917480469 -0.0632247924804688 -0.00924301147460937 0.0408973693847656
0.0640106201171875 -0.0444488525390625 -0.0217514038085938 0.0257511138916016
0.0831451416015625 0.0053253173828125 -0.0286521911621094 0.0130062103271484
0.0834121704101563 0.0303955078125 -0.0114049911499023 0.00910663604736328
0.0748672485351563 0.052886962890625 0.0138320922851563 0.0300216674804688
0.0614776611328125 0.0646743774414063 0.044464111328125 -0.013641357421875
0.0634498596191406 0.0480384826660156 0.0733489990234375 0.0115509033203125
0.0765609741210938 0.0313262939453125 0.0733566284179687 0.006866455078125
0.078948974609375 -0.00223541259765625 0.0737762451171875 -0.0126800537109375
0.0571212768554687 -0.021697998046875 0.0503273010253906 -0.0199966430664063
0.0389633178710938 -0.0490150451660156 0.0341663360595703 -0.0184402465820313
0.0184593200683594 -0.0571861267089844 0.0277805328369141 -0.0032806396484375
0.0165519714355469 -0.0535850524902344 0.0269336700439453 0.0112628936767578
0.0123291015625 -0.0632896423339844 0.0284805297851562 0.0327301025390625
0.0214042663574219 -0.05950927734375 0.0111007690429688 0.0496368408203125
0.047821044921875 -0.0491294860839844 -0.00554656982421875 0.0539436340332031
0.0612144470214844 -0.0351219177246094 -0.017303466796875 0.0339450836181641
0.0735702514648437 0.011566162109375 -0.0180110931396484 0.0144901275634766
0.0760421752929688 0.0334701538085937 0.00920581817626954 0.0130100250244141
0.0621261596679688 0.0510063171386719 0.0375404357910156 0.0487251281738281
0.0411186218261719 0.0508460998535156 0.0626106262207031 0.0110015869140625
0.0499153137207031 0.0425033569335938 0.0847625732421875 0.0265579223632813
0.064544677734375 0.0283317565917969 0.0767059326171875 0.01251220703125
0.0661582946777344 0.00148391723632813 0.0660476684570313 -0.00513839721679688
0.05010986328125 -0.0159111022949219 0.0410079956054688 -0.00629806518554688
0.0390625 -0.0391883850097656 0.0263385772705078 0.000877380371093747
0.0262908935546875 -0.0462684631347656 0.0244827270507813 0.0173835754394531
0.0269317626953125 -0.0413703918457031 0.0213565826416016 0.0312919616699219
0.0249366760253906 -0.0467720031738281 0.0266647338867188 0.0478324890136719
0.0301895141601563 -0.0371742248535156 0.00934982299804687 0.0607376098632813
0.0474891662597656 -0.0280685424804688 -0.00701904296875 0.0580177307128906
0.0522270202636719 -0.0134010314941406 -0.018646240234375 0.0367927551269531
0.0575103759765625 0.0228614807128906 -0.0125637054443359 0.0170364379882812
0.0517005920410156 0.0369110107421875 0.0245990753173828 0.0191707611083984
0.0398216247558594 0.0470657348632813 0.0528106689453125 0.0654792785644531
0.0183601379394531 0.0297985076904297 0.0686073303222656 0.0234527587890625
0.0264453887939453 0.0260868072509766 0.0872955322265625 0.0297164916992188
0.0360832214355469 0.0182380676269531 0.0715713500976563 0.012786865234375
0.0384140014648438 0.00193405151367188 0.0596656799316406 0.00175094604492188
0.0300159454345703 -0.00316619873046875 0.0292072296142578 0.000406265258789062
0.0281200408935547 -0.0169544219970703 0.0192623138427734 0.0116138458251953
0.0279788970947266 -0.0237388610839844 0.0170536041259766 0.0335445404052734
0.0288028717041016 -0.0230560302734375 0.0163192749023438 0.0467147827148438
0.0350208282470703 -0.0275611877441406 0.0166549682617188 0.05926513671875
0.0358810424804688 -0.0185966491699219 -0.00123214721679688 0.0668258666992188
0.04168701171875 -0.00580596923828125 -0.01580810546875 0.0588188171386719
0.0360908508300781 0.00613784790039063 -0.0207710266113281 0.036895751953125
0.0330734252929688 0.0285491943359375 -0.0125637054443359 0.0224266052246094
0.0252151489257813 0.0379066467285156 0.0315532684326172 0.0264911651611328
0.0130271911621094 0.0380401611328125 0.06036376953125 0.0802688598632813
-0.0117177963256836 0.00527095794677734 0.0655746459960938 0.0254669189453125
-0.00188255310058594 0.0111989974975586 0.0824813842773438 0.0241775512695313
0.00105381011962891 0.00697755813598633 0.063873291015625 0.0095062255859375
0.0064544677734375 0.0106515884399414 0.0497169494628906 0.00508880615234375
0.00594902038574219 0.013575553894043 0.0249977111816406 0.00199127197265625
0.0194244384765625 0.0110950469970703 0.0110931396484375 0.0187206268310547
0.0296154022216797 0.00472831726074219 0.00976181030273437 0.0396804809570313
0.0308647155761719 3.62396240234375E-05 0.0087890625 0.052154541015625
0.0352516174316406 -0.00218582153320313 0.001617431640625 0.0660781860351563
0.0333290100097656 0.00581169128417969 -0.01409912109375 0.0659904479980469
0.0282974243164063 0.0140457153320313 -0.027252197265625 0.0555458068847656
0.0203189849853516 0.0180091857910156 -0.028900146484375 0.0357704162597656
0.00849723815917969 0.0280799865722656 -0.0200309753417969 0.0207786560058594
-0.00588035583496094 0.0276241302490234 0.0239696502685547 0.0341529846191406
-0.0168209075927734 0.0206508636474609 0.0503616333007813 0.0921249389648438
0.0495796203613281 0.00311279296875 -0.047943115234375 -0.0902481079101563
0.0242919921875 -0.019683837890625 -0.0131263732910156 -0.0436515808105469
0.0101757049560547 -0.0227603912353516 0.0259876251220703 -0.0186958312988281
-0.00223731994628906 -0.0243301391601563 0.0462760925292969 -0.0317420959472656
-0.00898361206054688 -0.0219478607177734 0.0455207824707031 -0.0471115112304687
-0.0276126861572266 -0.0197105407714844 0.0275344848632813 -0.068878173828125
-0.0340309143066406 -0.0162315368652344 0.00703430175781249 -0.0725250244140625
-0.0306472778320312 -0.0169944763183594 -0.000232696533203122 -0.0557441711425781
-0.0323085784912109 -0.0238494873046875 -0.00451660156250001 -0.039581298828125
-0.0171909332275391 -0.0344696044921875 -0.0122337341308594 -0.0193538665771484
0.00528717041015625 -0.0374794006347656 -0.0239982604980469 -0.0011749267578125
0.0219039916992188 -0.0255794525146484 -0.0414390563964844 -0.00289916992187499
0.0334930419921875 -0.00393867492675781 -0.061370849609375 -0.00986862182617187
0.0376129150390625 0.00435256958007813 -0.0770416259765625 -0.0166397094726563
0.0442962646484375 0.0136375427246094 -0.0583724975585938 -0.0242385864257812
0.0679168701171875 0.0290451049804688 -0.0236282348632813 -0.0836105346679688
0.0442733764648438 0.00147628784179688 0.00807571411132813 -0.0408935546875
0.0335292816162109 -0.00621223449707031 0.0408973693847656 -0.0168724060058594
0.023651123046875 -0.0194644927978516 0.058074951171875 -0.03155517578125
0.0137424468994141 -0.0260105133056641 0.0548210144042969 -0.0441474914550781
-0.008056640625 -0.0351524353027344 0.0400581359863281 -0.0634384155273438
-0.0224380493164063 -0.0386505126953125 0.019683837890625 -0.0670700073242188
-0.0210494995117187 -0.0384941101074219 0.0104713439941406 -0.0484809875488281
-0.0256805419921875 -0.0474319458007813 0.00597000122070313 -0.0279273986816406
-0.00861740112304688 -0.0580558776855469 -0.00546550750732422 -0.00755882263183594
0.0232276916503906 -0.0560951232910156 -0.0179424285888672 0.00963592529296875
0.0467987060546875 -0.0397682189941406 -0.0337772369384766 0.0048828125
0.0622024536132813 0.000579833984375 -0.0500373840332031 0.000507354736328121
0.0677680969238281 0.0180206298828125 -0.0577392578125 -0.00725555419921874
0.0676803588867188 0.0333213806152344 -0.0383720397949219 -0.0119667053222656
0.0776596069335938 0.0512466430664063 0.00235366821289064 -0.0687370300292969
0.0596275329589844 0.0257987976074219 0.0330982208251953 -0.0288753509521484
0.0576667785644531 0.0128097534179688 0.0567359924316406 -0.0125007629394531
0.0505485534667969 -0.0106163024902344 0.0696144104003906 -0.0291938781738281
0.0371894836425781 -0.026275634765625 0.0601692199707031 -0.03936767578125
0.01470947265625 -0.0479698181152344 0.0443191528320313 -0.0561866760253906
-0.00675201416015625 -0.0544166564941406 0.0276527404785156 -0.0535964965820313
-0.00936126708984375 -0.053985595703125 0.0194282531738281 -0.0335006713867188
-0.0158500671386719 -0.0649452209472656 0.0183086395263672 -0.0121974945068359
-0.000541687011718745 -0.0722274780273437 0.00431251525878906 0.00929164886474609
0.0361785888671875 -0.0677299499511719 -0.0117511749267578 0.0246143341064453
0.0605354309082031 -0.0500907897949219 -0.0261173248291016 0.0158195495605469
0.0821609497070312 0.00189971923828125 -0.0382080078125 0.008392333984375
0.0864028930664062 0.0255279541015625 -0.0340614318847656 0.000616073608398433
0.0793914794921875 0.0468978881835938 -0.011479377746582 0.0040578842163086
0.0782546997070313 0.06463623046875 0.0292625427246094 -0.0448875427246094
0.0683326721191406 0.0445442199707031 0.0566482543945313 -0.012786865234375
0.0775375366210938 0.02764892578125 0.0689468383789063 -0.0032806396484375
0.0737533569335938 -0.00621795654296875 0.0764236450195313 -0.0250473022460937
0.0552482604980469 -0.0271759033203125 0.0588455200195313 -0.0324821472167969
0.0296974182128906 -0.0557670593261719 0.0424385070800781 -0.0418128967285156
0.0075531005859375 -0.0635910034179687 0.0318641662597656 -0.0338478088378906
0.00418472290039062 -0.0623397827148438 0.0251827239990234 -0.0131797790527344
-0.00159454345703124 -0.071929931640625 0.0278873443603516 0.00724983215332031
0.0093841552734375 -0.0726394653320313 0.0107707977294922 0.0271396636962891
0.0442771911621094 -0.0687332153320313 -0.00541305541992188 0.0384559631347656
0.0668487548828125 -0.0506744384765625 -0.0202102661132813 0.0247936248779297
0.0886917114257813 0.00289154052734375 -0.0265712738037109 0.0131092071533203
0.0906143188476562 0.0297775268554688 -0.00933361053466796 0.0059967041015625
0.0801162719726563 0.0535507202148438 0.0169124603271484 0.0228595733642578
0.0671310424804688 0.0674972534179688 0.0504188537597656 -0.0169486999511719
0.0689888000488281 0.0532073974609375 0.0761566162109375 0.00641632080078125
0.0818405151367188 0.0329360961914063 0.0776748657226563 0.00406646728515625
0.0820693969726562 -0.0027618408203125 0.0760269165039063 -0.0162277221679688
0.0625877380371094 -0.0256500244140625 0.0505714416503906 -0.0213432312011719
0.0411033630371094 -0.0546150207519531 0.0369377136230469 -0.02166748046875
0.0198402404785156 -0.0627784729003906 0.0287704467773438 -0.00943374633789063
0.0179023742675781 -0.0579833984375 0.0271778106689453 0.00934791564941406
0.0130462646484375 -0.066986083984375 0.0324020385742188 0.0275707244873047
0.0216293334960938 -0.0638504028320313 0.0147743225097656 0.0436592102050781
0.0496292114257813 -0.0553817749023438 -0.00113296508789063 0.0508193969726563
0.0665130615234375 -0.0389480590820313 -0.0148963928222656 0.03143310546875
0.0810317993164063 0.0126190185546875 -0.0160942077636719 0.0158529281616211
0.080230712890625 0.0373382568359375 0.0141963958740234 0.0103445053100586
0.0674934387207031 0.05499267578125 0.0420379638671875 0.0442085266113281
0.04608154296875 0.0586166381835938 0.0672035217285156 0.006988525390625
0.0534095764160156 0.0472869873046875 0.0892486572265625 0.02117919921875
0.0703048706054688 0.0309982299804687 0.0791397094726563 0.009002685546875
0.0716094970703125 -0.00151824951171875 0.0679702758789063 -0.00791168212890625
0.0551872253417969 -0.01824951171875 0.0411376953125 -0.00858306884765625
0.0424842834472656 -0.0430030822753906 0.0278091430664063 -0.0026092529296875
0.0293502807617188 -0.0508880615234375 0.0252647399902344 0.0141372680664062
0.0268898010253906 -0.0468788146972656 0.0256385803222656 0.0296669006347656
0.0276298522949219 -0.0537567138671875 0.0283241271972656 0.0449485778808594
0.0320930480957031 -0.0446701049804688 0.0111236572265625 0.0554656982421875
0.0503616333007813 -0.0312309265136719 -0.00479507446289062 0.0563125610351563
0.0601692199707031 -0.0160903930664063 -0.0136566162109375 0.0353050231933594
0.0627288818359375 0.0239906311035156 -0.0103549957275391 0.0183582305908203
0.0570755004882813 0.0429954528808594 0.0287303924560547 0.0146846771240234
0.0431327819824219 0.0527610778808594 0.0597419738769531 0.0642814636230469
0.0190620422363281 0.0376853942871094 0.0739669799804688 0.0221328735351563
0.0286750793457031 0.0324020385742188 0.0931015014648438 0.028961181640625
0.0403709411621094 0.0201644897460937 0.0759048461914063 0.0111541748046875
0.0430717468261719 0.004364013671875 0.0583381652832031 -0.001068115234375
0.0361289978027344 -0.00520706176757813 0.0316047668457031 0.00103378295898437
0.0356864929199219 -0.0213546752929688 0.0183982849121094 0.0131111145019531
0.0313911437988281 -0.0300827026367187 0.0184345245361328 0.0348892211914063
0.0332984924316406 -0.0289516448974609 0.0190658569335938 0.0458259582519531
0.038116455078125 -0.0316505432128906 0.0180282592773438 0.0593719482421875
0.0394325256347656 -0.0223350524902344 0.000217437744140628 0.0647239685058594
0.0479927062988281 -0.00632095336914062 -0.0131111145019531 0.0581932067871094
0.0456123352050781 0.00598907470703125 -0.0189170837402344 0.036407470703125
0.0369606018066406 0.0334701538085938 -0.0103607177734375 0.0199413299560547
0.0261344909667969 0.0453376770019531 0.0338973999023438 0.025543212890625
0.0121688842773437 0.0451927185058594 0.066009521484375 0.0822372436523438
-0.013397216796875 0.0108461380004883 0.071929931640625 0.0274276733398438
-0.00140285491943359 0.0130939483642578 0.0864486694335938 0.0262680053710938
0.00285816192626953 0.0112152099609375 0.0669174194335938 0.00792312622070313
0.00789165496826172 0.0110692977905273 0.0495491027832031 0.00177764892578125
0.0102853775024414 0.0121259689331055 0.0233783721923828 0.003326416015625
0.02484130859375 0.00723838806152344 0.0116119384765625 0.0202407836914063
0.0328121185302734 -0.00293159484863281 0.00910568237304687 0.0420875549316406
0.0334606170654297 -0.0042266845703125 0.00798797607421874 0.054443359375
0.04022216796875 -0.00791168212890625 0.00448989868164062 0.0669364929199219
0.0373420715332031 0.000804901123046875 -0.0150184631347656 0.0669136047363281
0.0350074768066406 0.0135478973388672 -0.026611328125 0.0549278259277344
0.0255584716796875 0.0205364227294922 -0.0270919799804688 0.0370521545410156
0.0108451843261719 0.0353469848632813 -0.0171146392822266 0.0222740173339844
-0.00433349609375 0.0365104675292969 0.0269126892089844 0.0345287322998047
-0.0178108215332031 0.0279827117919922 0.05963134765625 0.0948410034179687
0.0529899597167969 -0.00226974487304688 -0.0532379150390625 -0.095489501953125
0.022979736328125 -0.0243320465087891 -0.0175857543945312 -0.0459251403808594
0.00687217712402344 -0.0264759063720703 0.0258350372314453 -0.0189456939697266
-0.00676345825195313 -0.0261631011962891 0.0469398498535156 -0.0331459045410156
-0.013671875 -0.0207805633544922 0.0479240417480469 -0.0499954223632813
-0.0303916931152344 -0.0153369903564453 0.0294570922851562 -0.0728683471679688
-0.0365142822265625 -0.0122337341308594 0.00687408447265624 -0.0775070190429687
-0.0337066650390625 -0.0143318176269531 -0.00160217285156251 -0.0611839294433594
-0.0370712280273438 -0.0195846557617188 -0.00551223754882813 -0.0432624816894531
-0.0221576690673828 -0.0327568054199219 -0.0110263824462891 -0.0220928192138672
0.000453948974609378 -0.0386276245117188 -0.0233917236328125 -0.00383567810058594
0.0192165374755859 -0.0297813415527344 -0.0410652160644531 -0.00356292724609374
0.0335254669189453 -0.00988006591796875 -0.0637588500976563 -0.00882720947265626
0.0417938232421875 -0.00038909912109375 -0.0833892822265625 -0.0173797607421875
0.0489883422851562 0.00942230224609375 -0.0653762817382812 -0.0296249389648438
0.0732345581054688 0.025970458984375 -0.0270843505859375 -0.0921859741210938
0.04510498046875 -0.0009613037109375 0.00557327270507813 -0.0452232360839844
0.0333347320556641 -0.00826072692871094 0.04095458984375 -0.0188522338867188
0.0216064453125 -0.0210094451904297 0.0593528747558594 -0.0333786010742188
0.0109996795654297 -0.0253639221191406 0.0575904846191406 -0.0474624633789063
-0.0105743408203125 -0.0337429046630859 0.0417556762695313 -0.0688056945800781
-0.0246200561523437 -0.0369300842285156 0.0205078125 -0.072601318359375
-0.0243301391601562 -0.0380058288574219 0.00965118408203125 -0.0544662475585938
-0.0298652648925781 -0.0467910766601563 0.0061492919921875 -0.0345687866210938
-0.0131759643554688 -0.0580673217773438 -0.00341892242431641 -0.0117864608764648
0.01959228515625 -0.0598716735839844 -0.0168027877807617 0.00787258148193359
0.0447616577148438 -0.0454788208007813 -0.0339183807373047 0.00392532348632812
0.066009521484375 -0.00545883178710938 -0.051239013671875 6.48498535156238E-05
0.0730133056640625 0.0129776000976563 -0.0625648498535156 -0.00857543945312501
0.075225830078125 0.0308380126953125 -0.0426292419433594 -0.0177040100097656
0.0849761962890625 0.0509872436523437 0.00186157226562501 -0.076446533203125
0.0631904602050781 0.0250968933105469 0.0313224792480469 -0.0354499816894531
0.0600090026855469 0.0123519897460938 0.0570487976074219 -0.014373779296875
0.0527801513671875 -0.0135116577148437 0.0711746215820313 -0.0324783325195313
0.0378532409667969 -0.0273170471191406 0.0624618530273438 -0.043060302734375
0.0122337341308594 -0.0492210388183594 0.046600341796875 -0.0605926513671875
-0.00867080688476562 -0.0564422607421875 0.0289382934570313 -0.0600967407226563
-0.0114173889160156 -0.0556907653808594 0.0191001892089844 -0.0391159057617188
-0.0189933776855469 -0.0665779113769531 0.018646240234375 -0.0185375213623047
-0.00406646728515625 -0.0747146606445313 0.00519323348999023 0.00493240356445312
0.0337066650390625 -0.0737991333007813 -0.00926589965820312 0.0220584869384766
0.0616874694824219 -0.0563850402832031 -0.0262660980224609 0.0135459899902344
0.0867919921875 -0.00388336181640625 -0.0379753112792969 0.00830841064453124
0.0937957763671875 0.022430419921875 -0.0362167358398437 -0.00222015380859375
0.0883407592773437 0.0458450317382812 -0.0134334564208984 -0.000885963439941405
0.0850982666015625 0.068572998046875 0.0303001403808594 -0.05181884765625
0.0740432739257813 0.0468368530273438 0.0576553344726563 -0.0172538757324219
0.0821533203125 0.0287857055664063 0.0713348388671875 -0.006500244140625
0.0782394409179688 -0.00817108154296875 0.0769577026367188 -0.027313232421875
0.0590057373046875 -0.0300025939941406 0.0608863830566406 -0.0358428955078125
0.0320472717285156 -0.0599594116210937 0.0456085205078125 -0.0461997985839844
0.00677108764648438 -0.0679359436035156 0.0320968627929688 -0.0389595031738281
0.00342941284179688 -0.0652046203613281 0.0255012512207031 -0.0183315277099609
-0.00390624999999999 -0.0762252807617188 0.0283184051513672 0.00150489807128906
0.00789642333984376 -0.07867431640625 0.0131607055664063 0.0229873657226562
0.0440673828125 -0.0732421875 -0.00278472900390625 0.0368576049804687
0.0698776245117187 -0.0562591552734375 -0.0184535980224609 0.0226688385009766
0.0952606201171875 -0.00014495849609375 -0.0254535675048828 0.0125141143798828
0.100204467773437 0.0296783447265625 -0.0099802017211914 0.00254058837890625
0.0893630981445312 0.0556716918945312 0.0173168182373047 0.0187911987304688
0.0738754272460938 0.07354736328125 0.0552482604980469 -0.02276611328125
0.0740127563476563 0.0570755004882813 0.079193115234375 0.00238037109375
0.0900650024414062 0.0364608764648438 0.0799026489257813 0.00218963623046875
0.0887069702148437 -0.00510406494140625 0.0771484375 -0.0191650390625
0.0681076049804688 -0.0282173156738281 0.05255126953125 -0.0239486694335938
0.0438957214355469 -0.0604591369628906 0.0387420654296875 -0.0256538391113281
0.0206031799316406 -0.0691452026367188 0.0301399230957031 -0.0131721496582031
0.0174598693847656 -0.0644798278808594 0.0279808044433594 0.00524520874023437
0.0129241943359375 -0.0736923217773438 0.0331745147705078 0.0232048034667969
0.0224685668945312 -0.0700874328613281 0.0167808532714844 0.0396957397460938
0.052398681640625 -0.0600738525390625 0.000453948974609374 0.0475654602050781
0.071319580078125 -0.0425643920898438 -0.0129299163818359 0.0297756195068359
0.0888595581054688 0.0106658935546875 -0.0144128799438477 0.0145320892333984
0.0892562866210938 0.0386428833007813 0.0151052474975586 0.00631237030029297
0.07464599609375 0.0613327026367188 0.0462722778320313 0.0404396057128906
0.0517616271972656 0.0638961791992188 0.0748443603515625 0.00424957275390625
0.0589561462402344 0.0535812377929688 0.0948715209960938 0.0184402465820313
0.0769195556640625 0.0341949462890625 0.083099365234375 0.0074462890625
0.0792312622070313 -0.0015716552734375 0.0707778930664063 -0.0105133056640625
0.0609054565429688 -0.0217475891113281 0.0416908264160156 -0.0095672607421875
0.045318603515625 -0.0493621826171875 0.0287055969238281 -0.00310516357421875
0.0297775268554688 -0.0576858520507813 0.0262565612792969 0.0133266448974609
0.0294876098632813 -0.054351806640625 0.0255622863769531 0.0277500152587891
0.028472900390625 -0.0617294311523438 0.0299339294433594 0.043487548828125
0.0349884033203125 -0.0522613525390625 0.012237548828125 0.053741455078125
0.0564079284667969 -0.0372734069824219 -0.00292205810546875 0.0543479919433594
0.0663032531738281 -0.0199356079101562 -0.0127029418945312 0.0333003997802734
0.070465087890625 0.0262985229492188 -0.00836849212646484 0.0154123306274414
0.0644798278808594 0.0476455688476563 0.0317115783691406 0.0135822296142578
0.0490074157714844 0.0609016418457031 0.0653724670410156 0.0628433227539063
0.0200920104980469 0.0432701110839844 0.0833969116210938 0.022430419921875
0.0317420959472656 0.0388717651367188 0.0999526977539062 0.0270919799804688
0.04583740234375 0.0253753662109375 0.078948974609375 0.0089569091796875
0.0504035949707031 0.00482559204101562 0.0604896545410156 -0.0027923583984375
0.0420722961425781 -0.00677490234375 0.0307407379150391 9.15527343749996E-05
0.0399208068847656 -0.0269927978515625 0.0195484161376953 0.0143852233886719
0.035003662109375 -0.0360336303710937 0.0198459625244141 0.0343570709228516
0.0354156494140625 -0.0346946716308594 0.0198974609375 0.0465278625488281
0.0398635864257813 -0.0404434204101563 0.0200767517089844 0.0596122741699219
0.0433158874511719 -0.02801513671875 0.001007080078125 0.0641326904296875
0.0538711547851563 -0.0102310180664063 -0.0130653381347656 0.0573348999023438
0.0531654357910156 0.00470352172851563 -0.0175628662109375 0.0354843139648437
0.0442008972167969 0.038604736328125 -0.00779151916503906 0.018524169921875
0.03271484375 0.050811767578125 0.0368728637695313 0.0248947143554688
0.0153427124023438 0.0524444580078125 0.0722427368164063 0.084320068359375
-0.0145273208618164 0.0174655914306641 0.0804290771484375 0.0293350219726563
-0.00264930725097656 0.020416259765625 0.0938568115234375 0.027191162109375
0.00470542907714844 0.0154018402099609 0.0696945190429688 0.0067138671875
0.0129623413085938 0.0135927200317383 0.0504722595214844 7.62939453125008E-05
0.0156240463256836 0.0132999420166016 0.0231208801269531 0.00446510314941406
0.0297164916992188 0.00454139709472656 0.0116958618164063 0.0232734680175781
0.0361785888671875 -0.0078582763671875 0.0116004943847656 0.0463371276855469
0.0368919372558594 -0.0107650756835938 0.0105171203613281 0.0574722290039063
0.0428733825683594 -0.0149383544921875 0.00392532348632812 0.0698890686035156
0.0416946411132813 -0.00472259521484375 -0.0153274536132812 0.0684585571289063
0.0408172607421875 0.0103645324707031 -0.02630615234375 0.0567588806152344
0.0327911376953125 0.0204505920410156 -0.0272674560546875 0.0363349914550781
0.0161819458007813 0.0398216247558594 -0.0155925750732422 0.0219745635986328
-0.00235748291015625 0.0444221496582031 0.0303726196289063 0.0368003845214844
-0.0185184478759766 0.0346889495849609 0.0662918090820313 0.0996170043945313
0.0550003051757813 -0.0081329345703125 -0.0622634887695313 -0.102485656738281
0.0211143493652344 -0.0295047760009766 -0.0231819152832031 -0.0494346618652344
0.00317001342773438 -0.0294017791748047 0.0262851715087891 -0.0198135375976563
-0.0118522644042969 -0.0264148712158203 0.0481452941894531 -0.0355911254882813
-0.0176753997802734 -0.019439697265625 0.0506095886230469 -0.0536422729492188
-0.0339870452880859 -0.0109653472900391 0.0308761596679687 -0.0783538818359375
-0.0389976501464844 -0.0077056884765625 0.00644683837890625 -0.0851898193359375
-0.0363922119140625 -0.0100135803222656 -0.00374221801757813 -0.0675086975097656
-0.0400962829589844 -0.0151748657226562 -0.00802993774414063 -0.0494308471679687
-0.0261077880859375 -0.0299873352050781 -0.0114612579345703 -0.0271110534667969
-0.00496673583984376 -0.0400772094726563 -0.0234203338623047 -0.00623893737792969
0.0153388977050781 -0.0331516265869141 -0.0427131652832031 -0.00343704223632813
0.0341777801513672 -0.0156345367431641 -0.0665702819824219 -0.00791931152343751
0.0450553894042969 -0.00687789916992188 -0.0907821655273438 -0.016510009765625
0.0542526245117187 0.0043487548828125 -0.0748062133789062 -0.0338973999023438
0.0789031982421875 0.0226974487304687 -0.0339736938476562 -0.100860595703125
0.0471611022949219 -0.00482177734375 0.00133132934570312 -0.0498428344726562
0.0334701538085938 -0.0103683471679688 0.0416336059570313 -0.0209121704101562
0.0199031829833984 -0.0220813751220703 0.0621261596679688 -0.0367050170898438
0.00989723205566406 -0.0252914428710938 0.0615997314453125 -0.05133056640625
-0.0125942230224609 -0.032623291015625 0.043182373046875 -0.0760040283203125
-0.0271415710449219 -0.0357513427734375 0.01959228515625 -0.0813369750976562
-0.0268058776855469 -0.0369110107421875 0.00797653198242188 -0.0616340637207031
-0.0331230163574219 -0.0464286804199219 0.00510025024414062 -0.0416145324707031
-0.0182304382324219 -0.0586738586425781 -0.0037679672241211 -0.0169973373413086
0.0162239074707031 -0.0636787414550781 -0.0166072845458984 0.00434780120849609
0.04315185546875 -0.0517501831054688 -0.0346546173095703 0.00307464599609375
0.0695953369140625 -0.0115127563476563 -0.0529708862304687 0.000614166259765626
0.0799102783203125 0.007781982421875 -0.0678634643554688 -0.00964736938476563
0.0835113525390625 0.02734375 -0.0502891540527344 -0.0226211547851563
0.0927658081054688 0.0517807006835938 -0.00218963623046874 -0.0860443115234375
0.0678443908691406 0.0252037048339844 0.0293693542480469 -0.040618896484375
0.0643234252929688 0.0115585327148438 0.0583648681640625 -0.0167884826660156
0.0543975830078125 -0.0151786804199219 0.074432373046875 -0.0360183715820313
0.0393524169921875 -0.0294036865234375 0.0657730102539063 -0.0480270385742188
0.011871337890625 -0.050933837890625 0.0489845275878906 -0.0676422119140625
-0.011322021484375 -0.0590400695800781 0.0282707214355469 -0.0681381225585938
-0.0140533447265625 -0.0577888488769531 0.0178947448730469 -0.0464744567871094
-0.0228385925292969 -0.0699386596679688 0.0177555084228516 -0.02587890625
-0.00739288330078126 -0.0777511596679688 0.00591087341308594 -0.000207424163818364
0.0310516357421875 -0.0801620483398438 -0.00897979736328125 0.0191173553466797
0.0625991821289063 -0.0642242431640625 -0.0262126922607422 0.0122261047363281
0.0936355590820313 -0.0106658935546875 -0.0389060974121094 0.007537841796875
0.103256225585937 0.0180740356445312 -0.0399093627929688 -0.0034027099609375
0.0998077392578125 0.0452651977539063 -0.0179271697998047 -0.00597572326660156
0.0948028564453125 0.072357177734375 0.0307083129882813 -0.0596885681152344
0.0814361572265625 0.0487442016601563 0.05731201171875 -0.0232162475585937
0.0899658203125 0.0291900634765625 0.0740814208984375 -0.0092926025390625
0.084014892578125 -0.0115509033203125 0.0807952880859375 -0.0313568115234375
0.0634765625 -0.0331382751464844 0.0634002685546875 -0.03955078125
0.0323410034179687 -0.0645179748535156 0.0466880798339844 -0.0523262023925781
0.005767822265625 -0.07379150390625 0.0317153930664063 -0.0464439392089844
0.00169372558593749 -0.0704269409179688 0.0247116088867187 -0.0240287780761719
-0.00773620605468751 -0.08209228515625 0.0285625457763672 -0.00473213195800782
0.00534820556640625 -0.084564208984375 0.0143280029296875 0.0187034606933594
0.0437469482421875 -0.0823822021484375 -0.000354766845703124 0.0338268280029297
0.0731582641601563 -0.0644989013671875 -0.0177574157714844 0.0205078125
0.10345458984375 -0.00545501708984375 -0.0252094268798828 0.0114688873291016
0.111404418945313 0.0269317626953125 -0.0108089447021484 -0.000476837158203123
0.100395202636719 0.0575332641601563 0.0172910690307617 0.0138072967529297
0.0839614868164063 0.0788116455078125 0.0587081909179688 -0.0289344787597656
0.0830459594726563 0.0614166259765625 0.082763671875 -0.00264739990234375
0.100082397460937 0.037933349609375 0.0843887329101562 -0.00119781494140625
0.0974502563476563 -0.0085906982421875 0.0803070068359375 -0.0235061645507813
0.0739288330078125 -0.033447265625 0.0547370910644531 -0.0266265869140625
0.045562744140625 -0.067626953125 0.0394515991210937 -0.0299110412597656
0.0197601318359375 -0.0774993896484375 0.0309162139892578 -0.0172004699707031
0.0171661376953125 -0.072479248046875 0.0281600952148438 0.00192070007324218
0.0106201171875 -0.082427978515625 0.0340442657470703 0.0196399688720703
0.0210952758789063 -0.0780410766601563 0.017425537109375 0.0378341674804687
0.0553512573242188 -0.0693473815917969 0.00209045410156251 0.0456314086914062
0.0768585205078125 -0.050384521484375 -0.0125637054443359 0.0274677276611328
0.0988311767578125 0.0083465576171875 -0.0128746032714844 0.0120067596435547
0.100059509277344 0.0394134521484375 0.0155715942382813 0.003143310546875
0.0856552124023438 0.0665817260742188 0.0494880676269531 0.0366630554199219
0.0591201782226563 0.0704116821289063 0.082855224609375 0.000846862792968754
0.0673866271972656 0.058197021484375 0.101493835449219 0.0152511596679688
0.08673095703125 0.0365982055664063 0.0873641967773438 0.00431060791015625
0.0879440307617188 -0.00476837158203125 0.0727386474609375 -0.0130767822265625
0.0685005187988281 -0.0257797241210938 0.0426788330078125 -0.0109405517578125
0.0480270385742188 -0.056671142578125 0.0303764343261719 -0.00458335876464844
0.0296745300292969 -0.0661048889160156 0.0279960632324219 0.0122852325439453
0.0287513732910156 -0.0625228881835938 0.0267829895019531 0.0278396606445312
0.0282363891601562 -0.070587158203125 0.0315666198730469 0.0417671203613281
0.036956787109375 -0.0602684020996094 0.0135459899902344 0.0532112121582031
0.062103271484375 -0.0440788269042969 -0.00109100341796874 0.0537528991699219
0.0737075805664062 -0.0250396728515625 -0.0120410919189453 0.0311870574951172
0.0809173583984375 0.0271224975585937 -0.0069141387939453 0.0141839981079102
0.0741043090820313 0.051605224609375 0.03521728515625 0.0107154846191406
0.0570106506347656 0.0679702758789063 0.0713577270507813 0.061279296875
0.0244865417480469 0.0496292114257812 0.0933456420898437 0.0207672119140625
0.036956787109375 0.0446395874023438 0.10882568359375 0.0245285034179688
0.0535964965820313 0.0290031433105469 0.0831451416015625 0.005859375
0.0584869384765625 0.003204345703125 0.0630149841308594 -0.00414657592773438
0.0481681823730469 -0.0101318359375 0.0316257476806641 0.0010528564453125
0.0430793762207031 -0.0339164733886719 0.0209922790527344 0.0154247283935547
0.0361442565917969 -0.0442276000976563 0.0220527648925781 0.0368270874023438
0.03680419921875 -0.04364013671875 0.0218620300292969 0.0486793518066406
0.0412063598632813 -0.0492897033691406 0.0212669372558594 0.0619468688964844
0.0460166931152344 -0.0356903076171875 0.000717163085937507 0.0651512145996094
0.059661865234375 -0.0166854858398438 -0.0123100280761719 0.0578842163085938
0.0614280700683594 0.0016326904296875 -0.0172576904296875 0.03546142578125
0.0529251098632813 0.0417556762695313 -0.00710678100585937 0.0177326202392578
0.0394210815429687 0.0576133728027344 0.0419654846191406 0.02313232421875
0.0203437805175781 0.0607070922851563 0.0807113647460938 0.0854644775390625
-0.0143852233886719 0.023590087890625 0.0918502807617188 0.0298309326171875
-0.000980377197265623 0.0255870819091797 0.104103088378906 0.0263442993164063
0.00910186767578125 0.0204906463623047 0.0741806030273438 0.00469970703125
0.0189361572265625 0.0153923034667969 0.0525321960449219 -0.000816345214843749
0.0213050842285156 0.0119056701660156 0.0224952697753906 0.00576019287109375
0.0342159271240234 -0.00057220458984375 0.0123577117919922 0.027191162109375
0.0384101867675781 -0.0144386291503906 0.01409912109375 0.0507926940917969
0.03875732421875 -0.0167274475097656 0.0124931335449219 0.0625648498535156
0.0447731018066406 -0.0222854614257813 0.005645751953125 0.0750808715820312
0.044677734375 -0.0114364624023438 -0.0162582397460937 0.0714569091796875
0.0463676452636719 0.0067291259765625 -0.0279045104980469 0.0590057373046875
0.0410957336425781 0.0190467834472656 -0.0267486572265625 0.0370216369628906
0.0228042602539062 0.0443801879882813 -0.0146808624267578 0.0227680206298828
0.00225830078125 0.0510025024414063 0.0355186462402344 0.0373306274414063
-0.0175895690917969 0.0429000854492188 0.075042724609375 0.104415893554687
0.0576820373535156 -0.0155105590820312 -0.0741500854492188 -0.108123779296875
0.018524169921875 -0.0355644226074219 -0.0302963256835938 -0.0512123107910156
-0.00122642517089844 -0.0334205627441406 0.0257587432861328 -0.0213279724121094
-0.0180778503417969 -0.0259437561035156 0.0494003295898438 -0.0383872985839844
-0.0221309661865234 -0.0176792144775391 0.0524253845214844 -0.05914306640625
-0.0367698669433594 -0.00586700439453125 0.0302047729492188 -0.0866470336914063
-0.0406417846679688 -0.00284194946289063 0.00202178955078126 -0.09320068359375
-0.0380859375 -0.00541687011718749 -0.0087890625 -0.0746231079101563
-0.0431594848632813 -0.0100784301757813 -0.0123443603515625 -0.0560684204101563
-0.0315170288085938 -0.0269832611083984 -0.0137119293212891 -0.0313510894775391
-0.0108070373535156 -0.0395393371582031 -0.0255241394042969 -0.00871658325195313
0.0105133056640625 -0.0370864868164062 -0.045806884765625 -0.00262069702148438
0.0336875915527344 -0.0223617553710937 -0.071136474609375 -0.00505065917968751
0.0466766357421875 -0.0146980285644531 -0.100395202636719 -0.013153076171875
0.0586280822753906 -0.00321578979492188 -0.0875091552734375 -0.0348434448242188
0.0866165161132812 0.0184097290039063 -0.0450668334960938 -0.109588623046875
0.0482139587402344 -0.00844192504882812 -0.00440979003906249 -0.0549964904785156
0.0337543487548828 -0.0135993957519531 0.0418701171875 -0.0235176086425781
0.0179347991943359 -0.0235176086425781 0.0642051696777344 -0.041900634765625
0.00820541381835938 -0.0252513885498047 0.0633506774902344 -0.0585212707519531
-0.0151195526123047 -0.0310420989990234 0.04290771484375 -0.0847091674804688
-0.0303478240966797 -0.0344142913818359 0.0157699584960937 -0.0914840698242188
-0.0301361083984375 -0.0357780456542969 0.00345230102539063 -0.0694122314453125
-0.0387306213378906 -0.0451393127441406 0.000751495361328123 -0.0493621826171875
-0.0237541198730469 -0.0591278076171875 -0.00530242919921875 -0.0216407775878906
0.0101127624511719 -0.0684280395507813 -0.0170192718505859 0.00149440765380859
0.0404090881347656 -0.0585289001464844 -0.0364303588867188 0.00281143188476562
0.0726776123046875 -0.02056884765625 -0.0556488037109375 0.00183868408203126
0.0868072509765625 -0.0007476806640625 -0.0754623413085937 -0.0081634521484375
0.0925827026367188 0.0212936401367188 -0.0608062744140625 -0.0254859924316406
0.103912353515625 0.0504302978515625 -0.00977325439453124 -0.0955276489257813
0.074493408203125 0.0225372314453125 0.0254592895507813 -0.0473289489746094
0.0698051452636719 0.00928878784179688 0.0599632263183594 -0.0202827453613281
0.0565757751464844 -0.0191764831542969 0.07666015625 -0.0424423217773438
0.0408515930175781 -0.0323715209960938 0.0680732727050781 -0.0549125671386719
0.0101585388183594 -0.0542640686035156 0.04876708984375 -0.0772323608398438
-0.0151100158691406 -0.062103271484375 0.02484130859375 -0.0784378051757813
-0.0181732177734375 -0.0607490539550781 0.0146560668945312 -0.0537109375
-0.0293121337890625 -0.0725021362304688 0.0153694152832031 -0.0326290130615234
-0.0137557983398437 -0.0816268920898438 0.00501203536987305 -0.00459480285644532
0.0264816284179687 -0.0879135131835938 -0.00784492492675781 0.0161075592041016
0.0607757568359375 -0.0745010375976563 -0.0272712707519531 0.0107364654541016
0.100006103515625 -0.0194473266601563 -0.0401611328125 0.0075225830078125
0.113487243652344 0.0095367431640625 -0.0449333190917969 -0.00497817993164062
0.112297058105469 0.041046142578125 -0.0237293243408203 -0.0105800628662109
0.108322143554688 0.0727767944335938 0.0275726318359375 -0.070465087890625
0.0917129516601563 0.0489654541015625 0.0570755004882813 -0.0302238464355469
0.100151062011719 0.0273971557617188 0.0761871337890625 -0.0134506225585938
0.0901412963867188 -0.017608642578125 0.0837860107421875 -0.0381011962890625
0.0664443969726563 -0.0390815734863281 0.0659027099609375 -0.0454673767089844
0.0318222045898438 -0.0713424682617188 0.0467605590820313 -0.0604171752929688
0.00142669677734375 -0.0816116333007813 0.0296554565429688 -0.0547943115234375
-0.00234222412109376 -0.076873779296875 0.0227203369140625 -0.0297966003417969
-0.0137939453125 -0.0887374877929688 0.0276050567626953 -0.0109596252441406
2.28881835937483E-05 -0.0912704467773438 0.0148181915283203 0.0144281387329102
0.0408706665039062 -0.0924606323242188 0.000261306762695315 0.0311565399169922
0.0735015869140625 -0.0764007568359375 -0.0183124542236328 0.0186691284179687
0.112640380859375 -0.0136260986328125 -0.0253562927246094 0.0100803375244141
0.123245239257813 0.0204849243164063 -0.012639045715332 -0.00341129302978516
0.115165710449219 0.0568695068359375 0.0157613754272461 0.00805759429931641
0.0971755981445312 0.0819854736328125 0.0621910095214844 -0.0380630493164062
0.09490966796875 0.0632476806640625 0.0864486694335938 -0.008636474609375
0.112930297851563 0.0357131958007813 0.0876541137695313 -0.00605010986328125
0.105789184570313 -0.0161285400390625 0.0828704833984375 -0.0286407470703125
0.0789794921875 -0.040924072265625 0.05633544921875 -0.0308303833007813
0.044830322265625 -0.0768356323242188 0.0401458740234375 -0.0356101989746094
0.0163650512695312 -0.0869369506835938 0.0313282012939453 -0.0229244232177734
0.0123825073242188 -0.0804977416992187 0.0277233123779297 -0.00138092041015625
0.00521087646484375 -0.0920867919921875 0.0353622436523438 0.0143013000488281
0.0173568725585938 -0.0869369506835938 0.0193557739257813 0.0348739624023437
0.05535888671875 -0.0803375244140625 0.00452423095703125 0.0439186096191406
0.080657958984375 -0.061798095703125 -0.0126838684082031 0.0250434875488281
0.109428405761719 0.0031280517578125 -0.0132818222045898 0.0103979110717773
0.113426208496094 0.0364913940429688 0.0166349411010742 -0.00137996673583984
0.0998764038085938 0.06817626953125 0.0526008605957031 0.0321311950683594
0.070404052734375 0.0755767822265625 0.0901107788085938 -0.00670623779296875
0.0778427124023438 0.061981201171875 0.109123229980469 0.00872039794921876
0.0990447998046875 0.03582763671875 0.0926895141601563 -0.000701904296874998
0.0971527099609375 -0.0112762451171875 0.0765533447265625 -0.0180587768554688
0.0738906860351563 -0.0337753295898438 0.0448455810546875 -0.0129318237304688
0.0489997863769531 -0.0670089721679688 0.0314960479736328 -0.00718307495117188
0.0270004272460937 -0.0773773193359375 0.029876708984375 0.0106315612792969
0.02630615234375 -0.0723037719726563 0.0283756256103516 0.0268764495849609
0.024261474609375 -0.081878662109375 0.0339164733886719 0.0405502319335937
0.0352058410644531 -0.0700759887695313 0.0149269104003906 0.0529708862304687
0.0651931762695313 -0.0556411743164062 0.000518798828125008 0.0539588928222656
0.0807266235351562 -0.0340576171875 -0.0117282867431641 0.0305938720703125
0.0928192138671875 0.0247421264648438 -0.00567245483398437 0.0124025344848633
0.0867462158203125 0.0527801513671875 0.0386276245117188 0.00599288940429688
0.069244384765625 0.0737075805664063 0.0795974731445313 0.0583953857421875
0.0320167541503906 0.0569801330566406 0.105522155761719 0.0154647827148438
0.0451431274414062 0.0497703552246094 0.119407653808594 0.019073486328125
0.0634307861328125 0.0301475524902344 0.0888214111328125 0.0016326904296875
0.0663414001464844 -0.00140762329101562 0.0655670166015625 -0.00764083862304688
0.0533447265625 -0.0155563354492188 0.0333251953125 0.000677108764648437
0.0451812744140625 -0.0428619384765625 0.0229148864746094 0.0162067413330078
0.0350189208984375 -0.0549850463867188 0.0259895324707031 0.0383567810058594
0.0354766845703125 -0.0523338317871094 0.0246505737304688 0.0516433715820313
0.0389366149902344 -0.0608406066894531 0.0242462158203125 0.063934326171875
0.0465049743652344 -0.0460357666015625 0.00205612182617188 0.0674324035644531
0.0654144287109375 -0.0257301330566406 -0.0114059448242187 0.0599212646484375
0.0698013305664063 -0.00488662719726563 -0.0167388916015625 0.0354385375976562
0.0641098022460938 0.0436515808105469 -0.0051279067993164 0.0169944763183594
0.0493583679199219 0.0626678466796875 0.0476951599121094 0.0209922790527344
0.0286102294921875 0.0688705444335938 0.0921249389648437 0.0849990844726562
-0.0131816864013672 0.0305423736572266 0.104804992675781 0.0276565551757813
0.00214385986328125 0.0322151184082031 0.115127563476563 0.02191162109375
0.0144786834716797 0.0246906280517578 0.0793838500976562 0.0010833740234375
0.0248146057128906 0.0149478912353516 0.0544242858886719 -0.00179290771484375
0.0255336761474609 0.00989151000976563 0.023651123046875 0.007293701171875
0.0376014709472656 -0.00814056396484375 0.0152072906494141 0.0305385589599609
0.0392303466796875 -0.0220489501953125 0.0192337036132813 0.0555381774902344
0.0394668579101563 -0.0248489379882812 0.0169754028320313 0.0667800903320313
0.04608154296875 -0.0317306518554688 0.0102310180664063 0.0802001953125
0.0465965270996094 -0.0193862915039063 -0.0155715942382812 0.0772323608398438
0.053802490234375 0.0003509521484375 -0.0278701782226562 0.0623397827148438
0.0489501953125 0.016357421875 -0.026947021484375 0.0385894775390625
0.03070068359375 0.0478782653808594 -0.0137710571289063 0.0239658355712891
0.00819778442382812 0.0580787658691406 0.0423240661621094 0.0384902954101563
-0.0142936706542969 0.0510673522949219 0.08795166015625 0.107109069824219
0.0576133728027344 -0.023590087890625 -0.0901641845703125 -0.108192443847656
0.0131187438964844 -0.0401496887207031 -0.0396080017089844 -0.0506324768066406
-0.00730133056640625 -0.0348949432373047 0.0240516662597656 -0.0232601165771484
-0.0235996246337891 -0.0232219696044922 0.0496406555175781 -0.0435256958007813
-0.0257110595703125 -0.0136470794677734 0.0517959594726563 -0.0669822692871094
-0.0378532409667969 0.000564575195312501 0.0260543823242187 -0.0938339233398438
-0.0415802001953125 0.00327682495117188 -0.00633239746093751 -0.100959777832031
-0.0385246276855469 0.000881195068359371 -0.0162811279296875 -0.0798492431640625
-0.0447769165039063 -0.00295257568359374 -0.0200119018554688 -0.0605049133300781
-0.0350456237792969 -0.0227642059326172 -0.0178489685058594 -0.0351715087890625
-0.0175666809082031 -0.0384788513183594 -0.0270709991455078 -0.00933647155761719
0.00408935546875 -0.0394554138183594 -0.0479736328125 -0.000816345214843745
0.0304832458496094 -0.0293445587158203 -0.0753402709960938 -0.000785827636718737
0.0460548400878906 -0.0241127014160156 -0.109848022460937 -0.00624847412109375
0.0608482360839844 -0.0129585266113281 -0.101066589355469 -0.03057861328125
0.0921554565429688 0.00962066650390625 -0.0598526000976563 -0.113983154296875
0.0488243103027344 -0.0139884948730469 -0.0131301879882812 -0.0577812194824219
0.0329742431640625 -0.0168704986572266 0.0411949157714844 -0.0268707275390625
0.0150146484375 -0.0245189666748047 0.0640373229980469 -0.0484733581542969
0.00622749328613281 -0.0253677368164063 0.0623092651367188 -0.0665130615234375
-0.0173473358154297 -0.0286769866943359 0.038665771484375 -0.094512939453125
-0.0336036682128906 -0.0318832397460938 0.00788116455078124 -0.100608825683594
-0.0339908599853516 -0.0328273773193359 -0.00398254394531249 -0.0758895874023438
-0.0438461303710938 -0.0414581298828125 -0.0063018798828125 -0.0554237365722656
-0.0299758911132812 -0.05780029296875 -0.00868606567382813 -0.0265693664550781
0.00208282470703126 -0.0715789794921875 -0.0186309814453125 -0.000417709350585941
0.0344200134277344 -0.0658760070800781 -0.0382766723632812 0.00313949584960937
0.0733566284179688 -0.0305633544921875 -0.05853271484375 0.00491714477539062
0.0908966064453125 -0.0127182006835938 -0.0828475952148437 -0.00364685058593751
0.100555419921875 0.010711669921875 -0.072174072265625 -0.0241165161132813
0.114845275878906 0.0425567626953125 -0.0213851928710938 -0.102798461914063
0.0797653198242188 0.017730712890625 0.0190238952636719 -0.0524368286132813
0.0754318237304688 0.00470733642578125 0.0598602294921875 -0.0256080627441406
0.0579910278320312 -0.02435302734375 0.07666015625 -0.0501327514648437
0.0402145385742188 -0.0364570617675781 0.0671157836914063 -0.0629501342773438
0.00660324096679687 -0.0572090148925781 0.0447006225585937 -0.0873870849609375
-0.0206794738769531 -0.0641098022460938 0.0179214477539063 -0.0872573852539063
-0.0237770080566406 -0.0619125366210938 0.00791931152343749 -0.0601043701171875
-0.0370025634765625 -0.073150634765625 0.0100593566894531 -0.0395469665527344
-0.02239990234375 -0.0839767456054688 0.00307655334472656 -0.0102777481079102
0.01812744140625 -0.0953216552734375 -0.00833034515380859 0.0131092071533203
0.0555343627929688 -0.0849456787109375 -0.0288829803466797 0.0102806091308594
0.103652954101563 -0.031494140625 -0.0414581298828125 0.00887680053710938
0.12152099609375 -0.0033111572265625 -0.0506210327148438 -0.00366592407226562
0.124786376953125 0.0314178466796875 -0.03216552734375 -0.0128841400146484
0.123039245605469 0.06884765625 0.0212478637695313 -0.0792388916015625
0.102188110351563 0.044189453125 0.0541572570800781 -0.0373115539550781
0.110786437988281 0.0204315185546875 0.0775146484375 -0.0202178955078125
0.0940322875976563 -0.0266494750976562 0.0838851928710937 -0.0461044311523438
0.0684089660644531 -0.0466346740722656 0.0653457641601563 -0.0529022216796875
0.027374267578125 -0.07806396484375 0.0443305969238281 -0.0691184997558594
-0.00580596923828125 -0.0865631103515625 0.0246353149414063 -0.0617485046386719
-0.00959014892578125 -0.0814590454101562 0.0184974670410156 -0.0355873107910156
-0.0240097045898437 -0.0932693481445313 0.0256538391113281 -0.0174922943115234
-0.00922393798828126 -0.0965499877929687 0.0140047073364258 0.009796142578125
0.0338211059570312 -0.102149963378906 0.00163078308105469 0.0281867980957031
0.0697402954101563 -0.089263916015625 -0.0191478729248047 0.0177898406982422
0.119064331054687 -0.0266189575195312 -0.0261135101318359 0.009063720703125
0.134086608886719 0.009307861328125 -0.015904426574707 -0.00543403625488281
0.130546569824219 0.0494308471679688 0.0122308731079102 0.00417137145996094
0.113250732421875 0.0799636840820312 0.0615005493164063 -0.0480995178222656
0.10809326171875 0.0590057373046875 0.0881118774414062 -0.0185317993164062
0.126144409179687 0.028472900390625 0.0899658203125 -0.0129928588867187
0.112190246582031 -0.0279006958007813 0.0834808349609375 -0.03662109375
0.0818328857421875 -0.0514907836914063 0.0574722290039063 -0.0364799499511719
0.0405426025390625 -0.0868301391601563 0.0390357971191406 -0.0418701171875
0.00787353515625 -0.0952987670898438 0.0287265777587891 -0.0285148620605469
0.00553131103515625 -0.0883636474609375 0.0265541076660156 -0.00519371032714844
-0.00494384765625 -0.100128173828125 0.0352249145507813 0.0102348327636719
0.00987243652343749 -0.0944442749023438 0.0197257995605469 0.0315837860107422
0.0504913330078125 -0.0932693481445313 0.0063018798828125 0.0420646667480469
0.0802459716796875 -0.0754623413085937 -0.0129108428955078 0.0238628387451172
0.119194030761719 -0.00823974609375 -0.01318359375 0.00891017913818359
0.126762390136719 0.0276641845703125 0.0160655975341797 -0.00635147094726562
0.11566162109375 0.0649948120117187 0.0549087524414063 0.0248908996582031
0.08416748046875 0.0767364501953125 0.0960693359375 -0.0175094604492187
0.090850830078125 0.0604324340820313 0.114768981933594 -0.0017242431640625
0.112159729003906 0.0303802490234375 0.0961380004882812 -0.007232666015625
0.103858947753906 -0.0225067138671875 0.0769805908203125 -0.0236663818359375
0.076904296875 -0.0441131591796875 0.04541015625 -0.0163345336914063
0.0455169677734375 -0.0785980224609375 0.0324344635009766 -0.0109767913818359
0.0203704833984375 -0.0875244140625 0.0305557250976563 0.00760650634765624
0.0198516845703125 -0.0816421508789062 0.0303821563720703 0.0259685516357422
0.0155258178710938 -0.0923080444335937 0.0367889404296875 0.03826904296875
0.0294876098632812 -0.080108642578125 0.0167732238769531 0.0521087646484375
0.0642433166503906 -0.0684242248535156 0.00262451171875 0.0532341003417969
0.0836639404296875 -0.0468292236328125 -0.0113105773925781 0.0295658111572266
0.103919982910156 0.0174636840820313 -0.00504589080810546 0.0101985931396484
0.100715637207031 0.0493011474609375 0.0405044555664063 0.000553131103515628
0.08392333984375 0.073944091796875 0.0871353149414062 0.0517044067382813
0.0419273376464844 0.0598640441894531 0.115554809570312 0.00653076171875
0.0551719665527344 0.0509452819824219 0.127998352050781 0.0089569091796875
0.0734786987304688 0.0280914306640625 0.0930862426757813 -0.00614166259765625
0.0733413696289063 -0.00875091552734375 0.0670204162597656 -0.0127983093261719
0.056671142578125 -0.0240097045898438 0.0344715118408203 6.86645507812485E-05
0.0426216125488281 -0.0530166625976563 0.0254859924316406 0.016204833984375
0.0302696228027344 -0.0643234252929688 0.0306129455566406 0.0390472412109375
0.03131103515625 -0.0617866516113281 0.0299491882324219 0.0528945922851563
0.03265380859375 -0.071685791015625 0.0301551818847656 0.0646858215332031
0.0440101623535156 -0.056427001953125 0.00471496582031251 0.0696220397949219
0.0680732727050781 -0.0373573303222656 -0.00942230224609374 0.061767578125
0.0757064819335937 -0.0143356323242187 -0.0162200927734375 0.0349159240722656
0.0757980346679687 0.0402374267578125 -0.00390815734863281 0.0160198211669922
0.0621604919433594 0.0639572143554688 0.0525741577148438 0.0154991149902344
0.040191650390625 0.0728607177734375 0.103805541992188 0.079803466796875
-0.00901031494140625 0.0377006530761719 0.117454528808594 0.020111083984375
0.00823593139648438 0.03729248046875 0.125648498535156 0.0135040283203125
0.0209465026855469 0.0275287628173828 0.0827484130859375 -0.00597381591796875
0.0314750671386719 0.0120868682861328 0.056060791015625 -0.0054931640625
0.0310611724853516 0.00572967529296875 0.0247077941894531 0.00850868225097656
0.0386238098144531 -0.0156593322753906 0.0193386077880859 0.0330142974853516
0.0382270812988281 -0.0307121276855469 0.025848388671875 0.0591659545898437
0.0370445251464844 -0.0333213806152344 0.0237274169921875 0.0703506469726563
0.0426445007324219 -0.0416984558105469 0.0167160034179688 0.0840835571289063
0.0467033386230469 -0.0288925170898438 -0.0125732421875 0.0817794799804688
0.0577850341796875 -0.00906753540039063 -0.0257759094238281 0.0666084289550781
0.0557785034179688 0.009521484375 -0.026336669921875 0.0401992797851563
0.0412940979003906 0.0479774475097656 -0.0115718841552734 0.0247993469238281
0.0180511474609375 0.0633773803710938 0.0493202209472656 0.0345420837402344
-0.00689697265625 0.0583152770996094 0.102455139160156 0.105278015136719
0.0545310974121094 -0.0315895080566406 -0.104606628417969 -0.102828979492188
0.00638580322265625 -0.0431175231933594 -0.047271728515625 -0.0472373962402344
-0.0142612457275391 -0.0346088409423828 0.0228080749511719 -0.0249156951904297
-0.0281562805175781 -0.0189266204833984 0.0475616455078125 -0.0472908020019531
-0.0276374816894531 -0.00904655456542968 0.047515869140625 -0.07232666015625
-0.0371780395507812 0.00703811645507813 0.018829345703125 -0.0994491577148438
-0.0400276184082031 0.00956726074218749 -0.0167770385742188 -0.10455322265625
-0.0373268127441406 0.00650787353515624 -0.0257797241210938 -0.0819168090820313
-0.0437812805175781 0.00401687622070312 -0.0282478332519531 -0.0620384216308594
-0.0375404357910156 -0.0163307189941406 -0.0232124328613281 -0.0369110107421875
-0.0226078033447266 -0.0342140197753906 -0.0299530029296875 -0.00930595397949218
-0.00208663940429688 -0.039581298828125 -0.0487022399902344 0.001861572265625
0.0249900817871094 -0.0354843139648438 -0.0761260986328125 0.00432586669921876
0.0426063537597656 -0.0319328308105469 -0.114662170410156 0.00386047363281248
0.0598487854003906 -0.0219993591308594 -0.112220764160156 -0.0219879150390625
0.0946731567382813 0.00022125244140625 -0.075042724609375 -0.111763000488281
0.0462493896484375 -0.0194892883300781 -0.0222206115722656 -0.0571136474609375
0.0311355590820313 -0.0203056335449219 0.0388107299804688 -0.0295829772949219
0.0121688842773437 -0.0249195098876953 0.0612220764160156 -0.0535926818847656
0.0041046142578125 -0.0251922607421875 0.05828857421875 -0.07354736328125
-0.0191421508789063 -0.0263462066650391 0.0314788818359375 -0.101318359375
-0.0362739562988281 -0.0285568237304687 -0.00287628173828126 -0.105392456054688
-0.0363311767578125 -0.0293693542480469 -0.0136337280273438 -0.0792770385742188
-0.0477409362792969 -0.0364570617675781 -0.0151405334472656 -0.0587539672851563
-0.0358657836914062 -0.0538864135742188 -0.0136604309082031 -0.0295791625976563
-0.00640106201171876 -0.0712127685546875 -0.02020263671875 -0.0022125244140625
0.0256156921386719 -0.0702285766601563 -0.0394859313964844 0.00441360473632812
0.0704498291015625 -0.0406951904296875 -0.0587882995605469 0.00803375244140624
0.0908203125 -0.0252227783203125 -0.0878982543945312 0.00269317626953124
0.104248046875 -0.00133514404296875 -0.082366943359375 -0.0190658569335937
0.123031616210938 0.0328598022460938 -0.0347824096679687 -0.104995727539062
0.0839080810546875 0.0105667114257813 0.0106239318847656 -0.0551490783691406
0.0779342651367188 -0.00286102294921875 0.0567855834960938 -0.029876708984375
0.0564994812011719 -0.0295448303222656 0.0731201171875 -0.05670166015625
0.0389518737792969 -0.0405769348144531 0.063629150390625 -0.0706787109375
0.00265121459960937 -0.0577430725097656 0.0375595092773437 -0.0947952270507813
-0.0272636413574219 -0.0636672973632813 0.00775909423828124 -0.093353271484375
-0.0294418334960938 -0.0611381530761719 -0.000427246093749995 -0.0632400512695312
-0.0449676513671875 -0.0704498291015625 0.00222396850585937 -0.0441436767578125
-0.0311813354492188 -0.0823593139648438 -0.00111103057861328 -0.0139131546020508
0.00769042968749999 -0.0981369018554688 -0.00961208343505859 0.0108280181884766
0.0466156005859375 -0.0922775268554688 -0.0297374725341797 0.0103931427001953
0.10223388671875 -0.0449676513671875 -0.0416755676269531 0.00957489013671875
0.124504089355469 -0.0177841186523438 -0.054962158203125 -0.000988006591796873
0.132003784179688 0.0186920166015625 -0.0397377014160156 -0.0116958618164062
0.134841918945313 0.0587997436523437 0.0112991333007813 -0.0852508544921875
0.110183715820313 0.0357437133789063 0.0483055114746094 -0.0433464050292969
0.11798095703125 0.0105133056640625 0.0756988525390625 -0.0259323120117188
0.0945968627929688 -0.0366058349609375 0.0802841186523437 -0.0533599853515625
0.0664558410644531 -0.05487060546875 0.0622024536132813 -0.0593376159667969
0.0213775634765625 -0.082733154296875 0.0378189086914063 -0.0758895874023437
-0.0147476196289062 -0.0890960693359375 0.01678466796875 -0.0673866271972656
-0.0180816650390625 -0.082550048828125 0.01318359375 -0.0384025573730469
-0.0346298217773438 -0.0936050415039063 0.0195446014404297 -0.0228195190429688
-0.0196151733398438 -0.0973663330078125 0.0119409561157227 0.00574684143066406
0.0229721069335937 -0.108551025390625 0.00143623352050781 0.0248756408691406
0.0614089965820313 -0.0994110107421875 -0.0202713012695312 0.0164070129394531
0.120002746582031 -0.0400009155273438 -0.026214599609375 0.00891685485839844
0.139778137207031 -0.00567626953125 -0.0196609497070312 -0.00714111328125
0.141082763671875 0.0373077392578125 0.00737953186035157 0.00093650817871094
0.12603759765625 0.0726089477539063 0.0570220947265625 -0.0574417114257813
0.11895751953125 0.0518112182617188 0.0854873657226563 -0.0273895263671875
0.13494873046875 0.0172271728515625 0.0899505615234375 -0.0206832885742187
0.113395690917969 -0.0403900146484375 0.0807342529296875 -0.0436553955078125
0.0801162719726563 -0.0617446899414063 0.055145263671875 -0.0410614013671875
0.0327072143554688 -0.094268798828125 0.0348625183105469 -0.0470695495605469
-0.00235748291015625 -0.100509643554688 0.0248527526855469 -0.0328941345214844
-0.00440979003906249 -0.0923843383789063 0.0237503051757812 -0.00745964050292969
-0.0170669555664062 -0.103836059570312 0.0325927734375 0.00532913208007812
-0.000709533691406242 -0.0990066528320313 0.0199451446533203 0.0281581878662109
0.041656494140625 -0.101882934570313 0.00717926025390625 0.0392494201660156
0.0743408203125 -0.0874404907226563 -0.0131092071533203 0.0227642059326172
0.123931884765625 -0.0219879150390625 -0.01336669921875 0.00723075866699219
0.134918212890625 0.015472412109375 0.0138416290283203 -0.0109348297119141
0.129241943359375 0.0551223754882813 0.0540962219238281 0.0186691284179688
0.0973663330078125 0.07183837890625 0.097076416015625 -0.0281295776367187
0.102180480957031 0.0543365478515625 0.116363525390625 -0.0131378173828125
0.121917724609375 0.020294189453125 0.0957489013671875 -0.0157470703125
0.10589599609375 -0.0347976684570313 0.0748748779296875 -0.0303497314453125
0.0758819580078125 -0.0545425415039063 0.0449752807617188 -0.0190010070800781
0.0382919311523438 -0.0868682861328125 0.0318279266357422 -0.0135879516601563
0.00968170166015625 -0.0941085815429688 0.0310344696044922 0.00474357604980468
0.0104522705078125 -0.0877685546875 0.0322437286376953 0.0240802764892578
0.00382232666015625 -0.0979080200195313 0.038299560546875 0.0347404479980469
0.0210494995117188 -0.0872421264648437 0.0187492370605469 0.0496864318847656
0.05859375 -0.0795135498046875 0.00452423095703125 0.0513458251953125
0.08233642578125 -0.059600830078125 -0.0110797882080078 0.0286579132080078
0.112045288085938 0.0067138671875 -0.0051884651184082 0.00832223892211914
0.111648559570313 0.0410308837890625 0.0399703979492188 -0.006591796875
0.0970535278320312 0.0695877075195312 0.0914459228515625 0.0421676635742188
0.0517959594726563 0.0597801208496094 0.121078491210938 -0.0057525634765625
0.064453125 0.0485916137695312 0.132186889648438 -0.00328826904296875
0.08197021484375 0.0222625732421875 0.0935440063476563 -0.0135498046875
0.0767288208007813 -0.0186004638671875 0.0659294128417969 -0.0174217224121094
0.0582199096679688 -0.0322074890136719 0.0351676940917969 -0.000968933105468752
0.0375442504882813 -0.0608978271484375 0.0281658172607422 0.0150871276855469
0.0214691162109375 -0.071990966796875 0.0352706909179688 0.0374069213867187
0.0232925415039063 -0.0691642761230469 0.0347557067871094 0.0521583557128906
0.02325439453125 -0.080078125 0.035064697265625 0.0626564025878906
0.0377769470214844 -0.0647201538085938 0.00851440429687501 0.0703048706054688
0.0654716491699219 -0.0485420227050781 -0.006195068359375 0.0617141723632813
0.0781021118164063 -0.026214599609375 -0.0147438049316406 0.0348262786865234
0.086090087890625 0.0340499877929688 -0.00271797180175781 0.0139179229736328
0.0739288330078125 0.0605850219726562 0.0550155639648438 0.0084228515625
0.0524749755859375 0.0732955932617187 0.112823486328125 0.0704421997070313
-0.00252151489257813 0.0409393310546875 0.126617431640625 0.00849151611328125
0.0147018432617188 0.0398521423339844 0.131393432617188 0.00127410888671875
0.0283222198486328 0.02679443359375 0.08294677734375 -0.0133132934570312
0.0364990234375 0.007354736328125 0.05609130859375 -0.008697509765625
0.0337276458740234 0.000780105590820312 0.0261039733886719 0.00855445861816406
0.0366554260253906 -0.0229377746582031 0.0240230560302734 0.0336112976074219
0.0333442687988281 -0.0381965637207031 0.0340385437011719 0.0589332580566406
0.0323104858398438 -0.0403289794921875 0.0313034057617188 0.0714340209960938
0.0363922119140625 -0.0498924255371094 0.0241470336914063 0.085723876953125
0.0431365966796875 -0.0369911193847656 -0.00751495361328124 0.0853729248046875
0.0586166381835938 -0.0188331604003906 -0.02227783203125 0.0691490173339844
0.0596771240234375 0.00106430053710937 -0.0237998962402344 0.041473388671875
0.0509567260742188 0.0457382202148438 -0.00904083251953125 0.0238914489746094
0.0284194946289063 0.0642814636230469 0.0550079345703125 0.0290031433105469
0.00145339965820313 0.0631904602050781 0.115386962890625 0.0973587036132812
0.0495986938476563 -0.0375099182128906 -0.114234924316406 -0.0950851440429688
0.000301361083984373 -0.0440025329589844 -0.0528373718261719 -0.0418891906738281
-0.0189685821533203 -0.0329494476318359 0.0206546783447266 -0.0247974395751953
-0.0308094024658203 -0.0149974822998047 0.0447349548339844 -0.0495643615722656
-0.0282878875732422 -0.00464820861816406 0.0437393188476563 -0.07574462890625
-0.0344638824462891 0.0112800598144531 0.0125732421875 -0.100975036621094
-0.0372734069824219 0.0138778686523438 -0.0252456665039063 -0.104446411132813
-0.0347442626953125 0.00971031188964843 -0.033782958984375 -0.0814285278320313
-0.0411109924316406 0.0089569091796875 -0.0357894897460938 -0.0617561340332031
-0.0370712280273437 -0.0111160278320313 -0.0272102355957031 -0.0373344421386719
-0.0260963439941406 -0.0297279357910156 -0.0311813354492187 -0.00983238220214844
-0.00812530517578125 -0.0378990173339844 -0.048828125 0.00373077392578124
0.0193443298339844 -0.0384941101074219 -0.0761184692382812 0.00878906250000001
0.0377960205078125 -0.0380325317382813 -0.1160888671875 0.0122833251953125
0.0565185546875 -0.0288963317871094 -0.118667602539062 -0.0129013061523437
0.0941162109375 -0.00799560546875 -0.0862503051757812 -0.106590270996094
0.0435829162597656 -0.022674560546875 -0.0297508239746094 -0.0543861389160156
0.0282516479492187 -0.0223007202148438 0.0358734130859375 -0.0310592651367188
0.0096435546875 -0.0241737365722656 0.0571632385253906 -0.0568199157714844
0.00322151184082031 -0.0235366821289063 0.0541305541992188 -0.0772323608398438
-0.0192642211914062 -0.0235080718994141 0.0242080688476562 -0.104690551757813
-0.0377197265625 -0.0249290466308594 -0.0126953125 -0.106796264648438
-0.0371627807617187 -0.0263214111328125 -0.0220718383789062 -0.0789031982421875
-0.0488319396972656 -0.0312995910644531 -0.0226860046386719 -0.0590744018554687
-0.0393714904785156 -0.0492477416992188 -0.0179805755615234 -0.0310459136962891
-0.01300048828125 -0.0683059692382813 -0.0220756530761719 -0.00345039367675781
0.0184555053710937 -0.07159423828125 -0.0398139953613281 0.00543212890625
0.0651969909667969 -0.0478630065917969 -0.0582771301269531 0.0100669860839844
0.0875396728515625 -0.0351715087890625 -0.0902481079101563 0.00885772705078127
0.103935241699219 -0.0114517211914062 -0.0892486572265625 -0.0129013061523437
0.126213073730469 0.022857666015625 -0.045654296875 -0.103065490722656
0.0838088989257813 0.00478363037109375 0.00336837768554688 -0.0548477172851563
0.07867431640625 -0.00806427001953125 0.0543403625488281 -0.0324325561523438
0.0540008544921875 -0.0333290100097656 0.0689163208007813 -0.0605430603027344
0.0372505187988281 -0.0426406860351563 0.0584716796875 -0.0750656127929688
-0.000541687011718748 -0.0572929382324219 0.0304107666015625 -0.098480224609375
-0.0318794250488281 -0.0615272521972656 -0.00137329101562501 -0.0942764282226563
-0.0330085754394531 -0.0592994689941406 -0.00767898559570313 -0.0642051696777344
-0.0504150390625 -0.06640625 -0.00511550903320313 -0.0457878112792969
-0.0371246337890625 -0.079132080078125 -0.00509262084960938 -0.0164422988891602
-0.000892639160156251 -0.097320556640625 -0.0105867385864258 0.00829887390136718
0.0369033813476563 -0.0959243774414063 -0.0303783416748047 0.0104618072509766
0.0981903076171875 -0.05413818359375 -0.0415267944335937 0.0104141235351563
0.122772216796875 -0.03033447265625 -0.0574989318847656 0.00204849243164062
0.135177612304688 0.0064239501953125 -0.04656982421875 -0.00920486450195313
0.141525268554688 0.0485992431640625 0.00284576416015626 -0.0876235961914062
0.114143371582031 0.028167724609375 0.0417976379394531 -0.046356201171875
0.120635986328125 0.00093841552734375 0.072509765625 -0.0295867919921875
0.0917510986328125 -0.0443191528320313 0.0757293701171875 -0.057647705078125
0.064117431640625 -0.0601348876953125 0.0579414367675781 -0.063323974609375
0.015045166015625 -0.0847091674804688 0.03179931640625 -0.0795440673828125
-0.0230560302734375 -0.08807373046875 0.00923538208007813 -0.0693206787109375
-0.0248947143554687 -0.08184814453125 0.00732040405273437 -0.0395355224609375
-0.0429916381835938 -0.09136962890625 0.0142478942871094 -0.0250968933105469
-0.0274810791015625 -0.0955581665039063 0.00863361358642578 0.0029301643371582
0.0129241943359375 -0.110992431640625 0.000572204589843752 0.0217151641845703
0.052154541015625 -0.105491638183594 -0.0213336944580078 0.0157394409179687
0.117691040039062 -0.0513153076171875 -0.0264091491699219 0.00798606872558593
0.140884399414063 -0.0189666748046875 -0.023284912109375 -0.00771522521972656
0.14727783203125 0.0252838134765625 0.00231385231018067 -0.000275135040283202
0.135017395019531 0.0636062622070312 0.0518150329589844 -0.0633583068847656
0.124313354492188 0.0425491333007813 0.081146240234375 -0.0343780517578125
0.139701843261719 0.00661468505859375 0.0865402221679688 -0.0251541137695313
0.111404418945313 -0.0505523681640625 0.0772628784179688 -0.0478363037109375
0.077301025390625 -0.0691375732421875 0.0521087646484375 -0.0439109802246094
0.025360107421875 -0.097808837890625 0.0308990478515625 -0.0501136779785156
-0.0124740600585938 -0.101615905761719 0.0200080871582031 -0.0349197387695313
-0.0121078491210937 -0.0937347412109375 0.0220680236816406 -0.00909996032714844
-0.0275039672851563 -0.102706909179688 0.0299186706542969 0.00123214721679687
-0.00922393798828125 -0.100021362304688 0.018798828125 0.0247058868408203
0.0318222045898438 -0.107452392578125 0.00755691528320312 0.035919189453125
0.0674667358398438 -0.0954055786132813 -0.013641357421875 0.0212783813476562
0.124000549316406 -0.0330886840820312 -0.0135774612426758 0.00517845153808593
0.139244079589844 0.00351715087890625 0.0104837417602539 -0.014312744140625
0.136734008789063 0.0455245971679688 0.0508155822753906 0.0132713317871094
0.106269836425781 0.0658721923828125 0.09490966796875 -0.0378494262695312
0.108818054199219 0.046783447265625 0.113548278808594 -0.022216796875
0.127342224121094 0.0104904174804688 0.0938034057617188 -0.0211868286132812
0.104263305664062 -0.0450363159179688 0.0719833374023438 -0.0339584350585938
0.0731658935546875 -0.0621261596679688 0.0440177917480469 -0.0205039978027344
0.0299301147460938 -0.0923080444335938 0.0305538177490234 -0.0152301788330078
-0.000259399414062493 -0.09661865234375 0.0305843353271484 0.00238800048828124
0.001678466796875 -0.0896072387695313 0.0333518981933594 0.0221958160400391
-0.0068511962890625 -0.100502014160156 0.0380134582519531 0.0309715270996094
0.0118331909179688 -0.0902557373046875 0.0196418762207031 0.0477104187011719
0.0506439208984375 -0.0869140625 0.00617218017578126 0.0491256713867187
0.0778350830078125 -0.0694732666015625 -0.0113677978515625 0.0271453857421875
0.116157531738281 -0.002899169921875 -0.00494337081909179 0.00600576400756836
0.11859130859375 0.0314788818359375 0.0381851196289063 -0.0119171142578125
0.106552124023437 0.062530517578125 0.0912246704101563 0.0341262817382813
0.0599708557128906 0.0563087463378906 0.123146057128906 -0.0169219970703125
0.0714263916015625 0.0446548461914063 0.131866455078125 -0.0140838623046875
0.0881271362304688 0.0156326293945313 0.0907745361328125 -0.019256591796875
0.07672119140625 -0.0260391235351562 0.0646095275878906 -0.0202713012695313
0.0575942993164063 -0.0391197204589844 0.0355720520019531 -0.00119400024414063
0.0319900512695312 -0.0668869018554688 0.0298500061035156 0.0141048431396484
0.01312255859375 -0.0758895874023438 0.0378952026367188 0.0352554321289062
0.0157470703125 -0.07269287109375 0.0384979248046875 0.0503273010253906
0.0137481689453125 -0.083343505859375 0.0377311706542969 0.0600662231445312
0.0301513671875 -0.0699958801269531 0.0110359191894531 0.0691795349121094
0.060882568359375 -0.0568695068359375 -0.00447082519531249 0.0606803894042969
0.0771331787109375 -0.0354461669921875 -0.0146160125732422 0.0338516235351563
0.0917510986328125 0.0263137817382812 -0.00212383270263671 0.0120859146118164
0.0818099975585938 0.0551910400390625 0.055084228515625 0.00229263305664063
0.0616683959960938 0.0699920654296875 0.116508483886719 0.0606307983398438
0.00289535522460938 0.0427742004394531 0.130645751953125 -0.0027923583984375
0.0210800170898438 0.0398788452148438 0.13287353515625 -0.009124755859375
0.0342769622802734 0.0251312255859375 0.0819244384765625 -0.0189361572265625
0.0392379760742188 0.00299072265625 0.0548896789550781 -0.0108528137207031
0.0349979400634766 -0.00434684753417969 0.027313232421875 0.00972938537597656
0.0336151123046875 -0.0284652709960938 0.0274829864501953 0.0331783294677734
0.0277862548828125 -0.0429000854492188 0.0399246215820313 0.0574798583984375
0.0268707275390625 -0.0443878173828125 0.03778076171875 0.0698165893554688
0.0289688110351563 -0.0545692443847656 0.0307083129882813 0.0840988159179688
0.0375213623046875 -0.0422477722167969 -0.00258636474609374 0.0865631103515625
0.0558204650878906 -0.0264091491699219 -0.0192146301269531 0.0692138671875
0.0608596801757813 -0.00673294067382813 -0.02301025390625 0.0411911010742188
0.0572280883789063 0.0412025451660156 -0.00757408142089843 0.0229854583740234
0.036468505859375 0.0625038146972656 0.0575637817382813 0.02337646484375
0.00957107543945313 0.0647125244140625 0.12249755859375 0.0870285034179687
0.0457496643066406 -0.0409736633300781 -0.12054443359375 -0.0882186889648438
-0.00411987304687501 -0.0427742004394531 -0.0563735961914063 -0.0372200012207031
-0.022796630859375 -0.0311050415039063 0.0195178985595703 -0.0242652893066406
-0.0321331024169922 -0.0107307434082031 0.0431442260742188 -0.0506248474121094
-0.0281047821044922 -0.001800537109375 0.0402679443359375 -0.0774612426757813
-0.0318546295166016 0.0146827697753906 0.00868225097656249 -0.102432250976563
-0.0340919494628906 0.0164985656738281 -0.031768798828125 -0.103981018066406
-0.0320777893066406 0.0121974945068359 -0.0392684936523438 -0.0800552368164063
-0.0377922058105469 0.0121231079101563 -0.0409812927246094 -0.0602493286132813
-0.0359764099121094 -0.00738525390625 -0.0307502746582031 -0.0379447937011719
-0.02734375 -0.0258083343505859 -0.0327377319335937 -0.0106029510498047
-0.0117301940917969 -0.0356216430664063 -0.04852294921875 0.00408935546875
0.0149650573730469 -0.0403938293457031 -0.0751113891601563 0.0111312866210937
0.0326042175292969 -0.0422172546386719 -0.116561889648438 0.0185394287109375
0.0531120300292969 -0.0340499877929688 -0.123519897460938 -0.00559234619140626
0.0932693481445313 -0.0137939453125 -0.0937652587890625 -0.10150146484375
0.0408134460449219 -0.02423095703125 -0.0344161987304688 -0.0509719848632812
0.0264625549316406 -0.0231742858886719 0.0340290069580078 -0.0312786102294922
0.00833511352539063 -0.0231056213378906 0.0548439025878906 -0.0580291748046875
0.00297355651855469 -0.0232124328613281 0.0507354736328125 -0.0798492431640625
-0.0189571380615234 -0.0218830108642578 0.019012451171875 -0.106773376464844
-0.0373573303222656 -0.0225715637207031 -0.020294189453125 -0.106834411621094
-0.0370330810546875 -0.0242996215820313 -0.02825927734375 -0.0784530639648438
-0.0490264892578125 -0.02813720703125 -0.0291404724121094 -0.0580978393554688
-0.0407485961914063 -0.0455169677734375 -0.0220928192138672 -0.0320777893066406
-0.0168342590332031 -0.0655021667480469 -0.0241756439208984 -0.00452232360839844
0.0121078491210938 -0.0712738037109375 -0.0400123596191406 0.00520706176757811
0.0605239868164063 -0.052764892578125 -0.0580787658691406 0.0110130310058594
0.0834426879882813 -0.0419235229492188 -0.09149169921875 0.0131607055664062
0.103019714355469 -0.0190505981445313 -0.0948715209960938 -0.00731658935546876
0.127662658691406 0.0161285400390625 -0.0536956787109375 -0.100906372070313
0.0837326049804688 0.0006256103515625 -0.00240707397460938 -0.0536422729492188
0.0785980224609375 -0.012420654296875 0.0521469116210938 -0.0330238342285156
0.052154541015625 -0.0357208251953125 0.06549072265625 -0.0622215270996094
0.0356597900390625 -0.04473876953125 0.0559005737304688 -0.0770111083984375
-0.00274276733398438 -0.0576553344726563 0.0246734619140625 -0.100234985351563
-0.0350761413574219 -0.0600662231445312 -0.00872802734374999 -0.0949478149414063
-0.0358657836914062 -0.0578155517578125 -0.0128517150878906 -0.0636787414550781
-0.0537109375 -0.0630912780761719 -0.01104736328125 -0.0462570190429688
-0.0413436889648438 -0.0756072998046875 -0.00888633728027344 -0.018096923828125
-0.00754547119140625 -0.0960540771484375 -0.0126333236694336 0.00631046295166015
0.0301742553710938 -0.0974273681640625 -0.0307788848876953 0.00969314575195313
0.094146728515625 -0.06060791015625 -0.04156494140625 0.00915908813476563
0.120635986328125 -0.03936767578125 -0.06060791015625 0.00406265258789062
0.136497497558594 -0.00243377685546875 -0.0522041320800781 -0.00623321533203125
0.145675659179688 0.0414276123046875 -0.00422668457031249 -0.0876922607421875
0.116775512695313 0.0217971801757813 0.0360145568847656 -0.0476493835449219
0.121665954589844 -0.00617218017578125 0.0698356628417969 -0.0311813354492188
0.0896148681640625 -0.0494842529296875 0.0725479125976563 -0.059478759765625
0.0617485046386719 -0.0645713806152344 0.0549507141113281 -0.0652389526367188
0.0102996826171875 -0.0857696533203125 0.0270233154296875 -0.081634521484375
-0.028594970703125 -0.0877761840820313 0.00429534912109375 -0.0701789855957031
-0.0291671752929687 -0.082122802734375 0.00356674194335937 -0.0397720336914063
-0.0491790771484375 -0.0887603759765625 0.00911712646484374 -0.025970458984375
-0.0333633422851563 -0.0938034057617188 0.00548458099365234 0.00103282928466796
0.00598907470703125 -0.111595153808594 -0.00150108337402344 0.0194244384765625
0.0453109741210938 -0.108558654785156 -0.02239990234375 0.0144882202148437
0.115119934082031 -0.059844970703125 -0.0269393920898437 0.00655746459960937
0.140007019042969 -0.029144287109375 -0.026580810546875 -0.00760269165039062
0.149887084960938 0.0164794921875 -0.00257658958435058 -0.000404357910156248
0.141494750976563 0.055816650390625 0.0469398498535156 -0.0661506652832031
0.128433227539063 0.0350265502929687 0.0763397216796875 -0.0373306274414063
0.142562866210938 -0.002227783203125 0.0839691162109375 -0.0270843505859375
0.108451843261719 -0.0574417114257813 0.0739059448242188 -0.0493545532226563
0.0742340087890625 -0.0749053955078125 0.0507316589355469 -0.0452957153320313
0.01947021484375 -0.100090026855469 0.0275039672851563 -0.0514869689941406
-0.0196304321289063 -0.101509094238281 0.01654052734375 -0.0357017517089844
-0.0185394287109375 -0.0938262939453125 0.0201129913330078 -0.009613037109375
-0.0352859497070312 -0.101211547851563 0.0265522003173828 -0.000234603881835944
-0.0166549682617187 -0.099212646484375 0.0165939331054688 0.0231494903564453
0.0245895385742188 -0.110076904296875 0.00537300109863281 0.0335464477539062
0.0610198974609375 -0.100494384765625 -0.0145206451416016 0.0196437835693359
0.124031066894531 -0.0414199829101563 -0.0144004821777344 0.00346946716308593
0.141204833984375 -0.00567626953125 0.00720787048339845 -0.0162153244018555
0.141921997070313 0.0376129150390625 0.0481605529785156 0.0100288391113281
0.113258361816406 0.0599746704101563 0.092742919921875 -0.0442657470703125
0.113410949707031 0.0413894653320312 0.111167907714844 -0.0277862548828125
0.130325317382813 0.0027923583984375 0.0911483764648438 -0.0244979858398438
0.103233337402344 -0.0530776977539063 0.0702133178710938 -0.035400390625
0.0708236694335938 -0.0681838989257813 0.0435333251953125 -0.0214500427246094
0.0238418579101562 -0.0944366455078125 0.0296134948730469 -0.0170688629150391
-0.00844573974609376 -0.0977859497070313 0.0303077697753906 0.000968933105468744
-0.00460052490234376 -0.0914230346679688 0.0334091186523438 0.0212478637695312
-0.0153045654296875 -0.100593566894531 0.0371780395507812 0.0289459228515625
0.0055084228515625 -0.0919570922851562 0.0186233520507812 0.0462608337402344
0.0447006225585938 -0.0912857055664063 0.00534820556640626 0.0474319458007813
0.0731964111328125 -0.075775146484375 -0.0115146636962891 0.0260181427001953
0.117935180664063 -0.0107879638671875 -0.00597381591796874 0.00383949279785156
0.123176574707031 0.0237045288085938 0.0358200073242188 -0.0158462524414063
0.113052368164063 0.0567855834960938 0.0901947021484375 0.0288925170898438
0.0657196044921875 0.0542755126953125 0.123405456542969 -0.0252761840820312
0.0759429931640625 0.041046142578125 0.130508422851563 -0.0212860107421875
0.0916213989257813 0.0105819702148438 0.0890655517578125 -0.0224761962890625
0.0769805908203125 -0.0327301025390625 0.0631256103515625 -0.0214691162109375
0.0553741455078125 -0.044342041015625 0.035797119140625 -0.00164794921875
0.0265922546386719 -0.0700531005859375 0.0306911468505859 0.0132083892822266
0.00650787353515626 -0.077789306640625 0.0401344299316406 0.0332794189453125
0.00941467285156251 -0.0747909545898438 0.0412673950195313 0.0487632751464844
0.005706787109375 -0.0851211547851562 0.039398193359375 0.0583953857421875
0.0248184204101562 -0.0728073120117188 0.0122642517089844 0.0684928894042969
0.05621337890625 -0.062896728515625 -0.00374984741210937 0.05963134765625
0.0747451782226563 -0.0427322387695313 -0.0140953063964844 0.0326042175292969
0.0960845947265625 0.0199432373046875 -0.00187873840332031 0.0103673934936523
0.088714599609375 0.0495529174804688 0.0550270080566406 -0.0030364990234375
0.0687599182128906 0.0675621032714844 0.117568969726563 0.0538177490234375
0.00798416137695313 0.0438652038574219 0.133323669433594 -0.0116195678710937
0.0262298583984375 0.0395088195800781 0.1336669921875 -0.0173110961914062
0.0393867492675781 0.0233268737792969 0.080047607421875 -0.021728515625
0.0406951904296875 -0.00151824951171875 0.0546188354492188 -0.0114517211914063
0.0353126525878906 -0.0082244873046875 0.0290546417236328 0.010009765625
0.030792236328125 -0.0320491790771484 0.0308017730712891 0.0332603454589844
0.022979736328125 -0.0459213256835938 0.044464111328125 0.0551681518554688
0.0220069885253906 -0.0468063354492188 0.0423851013183594 0.0688896179199219
0.0231399536132813 -0.0575637817382812 0.0340347290039063 0.0822982788085938
0.0328407287597656 -0.0466156005859375 -0.000419616699218757 0.086517333984375
0.0533790588378906 -0.0322074890136719 -0.0177497863769531 0.0696945190429688
0.0607223510742187 -0.0126953125 -0.02215576171875 0.04107666015625
0.062347412109375 0.0367889404296875 -0.00626182556152343 0.0218715667724609
0.0432662963867188 0.0603599548339844 0.0589599609375 0.0186271667480469
0.0159835815429688 0.0646629333496094 0.125885009765625 0.0801315307617188
0.0435714721679688 -0.04388427734375 -0.126678466796875 -0.084197998046875
-0.0071868896484375 -0.0422096252441406 -0.0599327087402344 -0.033233642578125
-0.0261421203613281 -0.0301570892333984 0.0194511413574219 -0.0236282348632813
-0.0331859588623047 -0.00755500793457032 0.0430679321289063 -0.0510978698730469
-0.0277137756347656 0.000724792480468755 0.0396041870117187 -0.080291748046875
-0.02960205078125 0.0176124572753906 0.00595855712890625 -0.104324340820313
-0.0322494506835938 0.0191135406494141 -0.0368728637695313 -0.104499816894531
-0.0303401947021484 0.0135974884033203 -0.0442428588867188 -0.08056640625
-0.0354385375976563 0.0142936706542969 -0.04638671875 -0.0594100952148437
-0.0349807739257813 -0.00388717651367188 -0.0342445373535156 -0.0392341613769531
-0.0284557342529297 -0.0229034423828125 -0.0343666076660156 -0.0115566253662109
-0.0144557952880859 -0.0341358184814453 -0.0501251220703125 0.00398254394531249
0.0109176635742187 -0.0418434143066406 -0.0758209228515625 0.0118942260742188
0.0295639038085938 -0.04486083984375 -0.119430541992188 0.023101806640625
0.0508232116699219 -0.0382423400878906 -0.129318237304688 0.000427246093750001
0.0933609008789063 -0.0178604125976563 -0.100990295410156 -0.098785400390625
0.0396270751953125 -0.0253219604492187 -0.0390815734863281 -0.0484199523925781
0.0257778167724609 -0.0244636535644531 0.0336799621582031 -0.0311813354492188
0.00696372985839844 -0.0222797393798828 0.0536842346191406 -0.059906005859375
0.0027313232421875 -0.0225238800048828 0.0498123168945313 -0.08209228515625
-0.0188465118408203 -0.0203495025634766 0.0164031982421875 -0.109603881835937
-0.0377616882324219 -0.0208930969238281 -0.0260238647460938 -0.107948303222656
-0.0370101928710938 -0.0234107971191406 -0.0335540771484375 -0.0785446166992188
-0.0493545532226563 -0.0259361267089844 -0.034454345703125 -0.0583000183105469
-0.0418777465820313 -0.0427398681640625 -0.0258674621582031 -0.0330715179443359
-0.0194892883300781 -0.0638961791992188 -0.0263957977294922 -0.00578880310058595
0.00844573974609375 -0.0709381103515625 -0.041534423828125 0.00453948974609374
0.0573387145996094 -0.0562973022460938 -0.0587005615234375 0.0112648010253906
0.0810775756835938 -0.0477066040039063 -0.094818115234375 0.0163497924804687
0.103233337402344 -0.025421142578125 -0.100547790527344 -0.00299835205078124
0.131362915039062 0.0111312866210937 -0.0600204467773437 -0.0999908447265625
0.0847091674804688 -0.001800537109375 -0.00772857666015624 -0.0522422790527344
0.080047607421875 -0.0163040161132813 0.0515365600585938 -0.0331459045410156
0.0518798828125 -0.0375442504882812 0.0647163391113281 -0.0637397766113281
0.035888671875 -0.0471343994140625 0.0546417236328125 -0.0792236328125
-0.00448608398437501 -0.0577201843261719 0.02197265625 -0.103622436523437
-0.0374679565429688 -0.0591201782226562 -0.0146942138671875 -0.0966110229492187
-0.0381355285644531 -0.0573616027832031 -0.0173301696777344 -0.0640983581542969
-0.0560188293457031 -0.0612602233886719 -0.01617431640625 -0.0466651916503906
-0.04425048828125 -0.0741424560546875 -0.0123367309570313 -0.01959228515625
-0.01104736328125 -0.0962295532226562 -0.0149936676025391 0.00513839721679687
0.0255966186523438 -0.0994949340820313 -0.0328769683837891 0.00875091552734374
0.0927734375 -0.0667877197265625 -0.0427474975585937 0.00911331176757812
0.120071411132813 -0.0468673706054688 -0.0641250610351562 0.00561904907226563
0.138984680175781 -0.00914764404296875 -0.057403564453125 -0.00330352783203125
0.15106201171875 0.0357513427734375 -0.00914001464843749 -0.0887985229492188
0.119606018066406 0.018096923828125 0.0323143005371094 -0.0479049682617187
0.125312805175781 -0.0114212036132813 0.0690269470214844 -0.0313529968261719
0.0892181396484375 -0.05389404296875 0.0718841552734375 -0.0607833862304688
0.0612373352050781 -0.069183349609375 0.05474853515625 -0.0673294067382813
0.00775909423828126 -0.0881195068359375 0.0239639282226563 -0.0837249755859375
-0.0333633422851563 -0.087615966796875 -0.000518798828124999 -0.07086181640625
-0.0334014892578125 -0.0824432373046875 0.000610351562499994 -0.0401649475097656
-0.0540313720703125 -0.0876693725585938 0.00468826293945312 -0.0269050598144531
-0.037750244140625 -0.093231201171875 0.00226807594299316 -0.000277757644653326
0.000709533691406255 -0.113029479980469 -0.00324249267578125 0.0186080932617187
0.040863037109375 -0.112632751464844 -0.0240402221679688 0.0137519836425781
0.11480712890625 -0.0665664672851563 -0.0282211303710937 0.00502967834472656
0.141006469726563 -0.037109375 -0.0299873352050781 -0.00753402709960938
0.154647827148438 0.0099334716796875 -0.00617790222167968 0.000362873077392579
0.147262573242188 0.05108642578125 0.0444221496582031 -0.06951904296875
0.132919311523438 0.0314712524414063 0.07366943359375 -0.0397567749023438
0.14678955078125 -0.00836181640625 0.08367919921875 -0.0279998779296875
0.108436584472656 -0.0635986328125 0.073516845703125 -0.050445556640625
0.0739517211914063 -0.0806427001953125 0.0505867004394531 -0.0463752746582031
0.0155792236328125 -0.103378295898438 0.0261154174804688 -0.0532379150390625
-0.0254898071289062 -0.102767944335937 0.0141410827636719 -0.0366706848144531
-0.0237655639648438 -0.0948638916015625 0.0192909240722656 -0.0101680755615234
-0.04150390625 -0.101448059082031 0.0233097076416016 -0.000732421875000006
-0.021453857421875 -0.100234985351563 0.0140762329101562 0.0226249694824219
0.0199508666992187 -0.112945556640625 0.00481033325195313 0.0326766967773437
0.056732177734375 -0.106048583984375 -0.0159549713134766 0.0189037322998047
0.125679016113281 -0.0484237670898437 -0.0161619186401367 0.00170516967773437
0.14410400390625 -0.0140838623046875 0.00397491455078126 -0.0181865692138672
0.147781372070313 0.032012939453125 0.0454826354980469 0.0089263916015625
0.119056701660156 0.0558853149414063 0.0926437377929688 -0.048858642578125
0.118484497070312 0.0370101928710937 0.109954833984375 -0.0322647094726563
0.135261535644531 -0.003570556640625 0.0909194946289063 -0.025726318359375
0.102531433105469 -0.05853271484375 0.0703506469726563 -0.0355911254882813
0.0701141357421875 -0.0740585327148438 0.044708251953125 -0.0217666625976563
0.0192108154296875 -0.0984344482421875 0.0291099548339844 -0.0179309844970703
-0.0140304565429687 -0.0995559692382813 0.0304412841796875 0.000160217285156244
-0.0106582641601562 -0.0935897827148438 0.0346107482910156 0.0208606719970703
-0.02203369140625 -0.101768493652344 0.0364532470703125 0.02874755859375
0.000205993652343756 -0.093902587890625 0.0181846618652344 0.0461692810058594
0.0404129028320313 -0.0958023071289063 0.004791259765625 0.0467033386230469
0.071380615234375 -0.081024169921875 -0.0128860473632812 0.0251960754394531
0.1219482421875 -0.0176162719726563 -0.00642967224121093 0.00184345245361328
0.128082275390625 0.0174942016601563 0.0340614318847656 -0.0189971923828125
0.120529174804688 0.0532684326171875 0.0902099609375 0.025848388671875
0.0711288452148438 0.0522689819335938 0.125083923339844 -0.0314559936523438
0.0816192626953125 0.0386123657226563 0.131500244140625 -0.02679443359375
0.0963516235351563 0.00634765625 0.089324951171875 -0.0246200561523438
0.0771102905273438 -0.03790283203125 0.0637283325195313 -0.0219650268554688
0.0550155639648438 -0.0494270324707031 0.0375022888183594 -0.00141525268554688
0.023101806640625 -0.0737228393554688 0.0327606201171875 0.0130424499511719
0.000694274902343754 -0.0802764892578125 0.042724609375 0.0326004028320312
0.00421905517578125 -0.0765609741210938 0.0440788269042969 0.048126220703125
-0.000701904296875007 -0.0869827270507813 0.0410995483398437 0.0587501525878906
0.0194168090820312 -0.0760498046875 0.0127677917480469 0.0695724487304688
0.05322265625 -0.0678367614746094 -0.00426101684570312 0.05987548828125
0.0737991333007813 -0.0483856201171875 -0.0150737762451172 0.0322036743164063
0.101425170898438 0.0146484375 -0.00169849395751953 0.00903797149658203
0.0940322875976563 0.0457916259765625 0.0542755126953125 -0.0067901611328125
0.0754852294921875 0.0660400390625 0.119804382324219 0.0498199462890625
0.0118484497070312 0.0440635681152344 0.137985229492187 -0.0184402465820312
0.03009033203125 0.039276123046875 0.135986328125 -0.0233383178710937
0.04376220703125 0.0214767456054688 0.0796890258789063 -0.0232467651367187
0.0423431396484375 -0.00515365600585937 0.0550613403320313 -0.0115165710449219
0.0365142822265625 -0.0121231079101563 0.0309581756591797 0.0113086700439453
0.0280914306640625 -0.0360794067382813 0.0341968536376953 0.0329818725585938
0.0193862915039062 -0.0482864379882812 0.0492172241210938 0.0545310974121094
0.0182342529296875 -0.04931640625 0.0465621948242188 0.0684356689453125
0.01800537109375 -0.0597343444824219 0.0378646850585937 0.082672119140625
0.0292778015136719 -0.0492744445800781 0.00157165527343749 0.0890350341796875
0.0512123107910156 -0.03692626953125 -0.0174484252929688 0.0709228515625
0.0607109069824219 -0.0174446105957031 -0.0222511291503906 0.0409126281738281
0.0670623779296875 0.0340347290039063 -0.0048675537109375 0.0204582214355469
0.0480918884277344 0.0591506958007813 0.0605506896972656 0.0148811340332031
0.0210113525390625 0.06475830078125 0.130393981933594 0.076263427734375
0.0415992736816406 -0.0471954345703125 -0.134902954101563 -0.0803604125976562
-0.0107574462890625 -0.0427436828613281 -0.0640754699707031 -0.0294723510742188
-0.0296077728271484 -0.0292015075683594 0.0202560424804687 -0.0241146087646484
-0.0351600646972656 -0.00439071655273438 0.0434761047363281 -0.054351806640625
-0.0284957885742188 0.00337791442871094 0.0387725830078125 -0.0836410522460938
-0.0278186798095703 0.0201759338378906 0.0026397705078125 -0.108489990234375
-0.0299835205078125 0.0221347808837891 -0.0430908203125 -0.107086181640625
-0.0289268493652344 0.0155773162841797 -0.0508956909179688 -0.0812606811523437
-0.0335712432861328 0.0166034698486328 -0.0524978637695312 -0.0599784851074219
-0.0343723297119141 -0.00165748596191406 -0.0390243530273438 -0.0402717590332031
-0.0298576354980469 -0.0204696655273437 -0.0378684997558594 -0.0120315551757813
-0.0177345275878906 -0.0330829620361328 -0.0520896911621094 0.00428390502929686
0.00695419311523437 -0.0437545776367188 -0.0785369873046875 0.0139007568359375
0.0261077880859375 -0.0493087768554687 -0.123313903808594 0.0294952392578125
0.04937744140625 -0.043426513671875 -0.137054443359375 0.00730133056640627
0.0953369140625 -0.0228271484375 -0.110107421875 -0.0970611572265625
0.0397796630859375 -0.0274467468261719 -0.0441970825195313 -0.0456314086914062
0.0246810913085938 -0.0260562896728516 0.0341129302978516 -0.0323505401611328
0.00624275207519531 -0.0224151611328125 0.0543785095214844 -0.0629692077636719
0.00224876403808594 -0.0227794647216797 0.0485763549804688 -0.0867767333984375
-0.0189590454101563 -0.0194721221923828 0.0121841430664062 -0.114265441894531
-0.0389251708984375 -0.0191993713378906 -0.0332717895507813 -0.1102294921875
-0.0384674072265625 -0.0230026245117187 -0.0391159057617188 -0.0792083740234375
-0.0509719848632813 -0.0239830017089844 -0.0408477783203125 -0.0586967468261719
-0.043548583984375 -0.0413818359375 -0.0303363800048828 -0.034820556640625
-0.0229835510253906 -0.063446044921875 -0.0294246673583984 -0.00659370422363281
0.00463867187500001 -0.0724334716796875 -0.0441398620605469 0.00482559204101561
0.0551872253417969 -0.061065673828125 -0.0611038208007813 0.0119476318359375
0.0801010131835938 -0.054443359375 -0.09912109375 0.0213623046875
0.105239868164063 -0.0318679809570313 -0.108314514160156 0.00321960449218749
0.136848449707031 0.0048980712890625 -0.0676116943359375 -0.10003662109375
0.0883407592773438 -0.00559234619140625 -0.0123825073242187 -0.0513877868652344
0.0823745727539062 -0.0203933715820312 0.0515403747558594 -0.0347900390625
0.051727294921875 -0.0409164428710938 0.0647964477539063 -0.0666389465332031
0.0356101989746094 -0.0500755310058594 0.0541000366210937 -0.084136962890625
-0.00632476806640624 -0.059295654296875 0.0172119140625 -0.108116149902344
-0.0416259765625 -0.0589141845703125 -0.0208358764648438 -0.0989151000976562
-0.0420150756835938 -0.0582160949707031 -0.0222358703613281 -0.0651054382324219
-0.0612449645996094 -0.0604362487792969 -0.0214576721191406 -0.0471038818359375
-0.048004150390625 -0.0739517211914062 -0.0162868499755859 -0.0207309722900391
-0.0164947509765625 -0.0978240966796875 -0.0178737640380859 0.00404930114746093
0.0212249755859375 -0.103874206542969 -0.0351676940917969 0.00832748413085937
0.0919189453125 -0.0745620727539063 -0.0447044372558594 0.00880050659179686
0.121101379394531 -0.0561370849609375 -0.068634033203125 0.0086212158203125
0.144256591796875 -0.0178070068359375 -0.0634384155273437 0.000732421875000005
0.158843994140625 0.0296173095703125 -0.0147323608398437 -0.0912628173828125
0.1251220703125 0.012847900390625 0.0283851623535156 -0.0486030578613281
0.130256652832031 -0.0184097290039063 0.0705337524414063 -0.0329055786132812
0.0896835327148438 -0.0599441528320313 0.07208251953125 -0.0639419555664063
0.0614776611328125 -0.07513427734375 0.054901123046875 -0.0708160400390625
0.0041351318359375 -0.0912628173828125 0.0207290649414062 -0.0879058837890625
-0.0397567749023437 -0.0892868041992188 -0.004852294921875 -0.0730667114257813
-0.0391998291015625 -0.0843658447265625 -0.00243377685546875 -0.0407867431640625
-0.0607528686523438 -0.087615966796875 0.000669479370117182 -0.0271587371826172
-0.0436553955078125 -0.0943679809570313 -0.000434756278991702 -0.000680506229400641
-0.0053253173828125 -0.116119384765625 -0.005340576171875 0.0177116394042969
0.0361328125 -0.118370056152344 -0.0256938934326172 0.0130653381347656
0.116134643554688 -0.0760040283203125 -0.0307178497314453 0.0041351318359375
0.144256591796875 -0.0469512939453125 -0.0340919494628906 -0.00703430175781251
0.162017822265625 0.0019683837890625 -0.0103244781494141 0.00186347961425781
0.156768798828125 0.0452117919921875 0.0414047241210938 -0.07391357421875
0.140365600585938 0.0262451171875 0.0727386474609375 -0.0427322387695312
0.152938842773438 -0.016998291015625 0.0850067138671875 -0.0299148559570313
0.109161376953125 -0.0714645385742188 0.0740509033203125 -0.0529403686523438
0.0735321044921875 -0.0883865356445313 0.0520172119140625 -0.0490760803222656
0.0101165771484375 -0.108322143554688 0.0240669250488281 -0.0556144714355469
-0.0333175659179688 -0.104896545410156 0.0122528076171875 -0.0369415283203125
-0.0306472778320313 -0.0980758666992187 0.0186424255371094 -0.0104770660400391
-0.0492477416992188 -0.1025390625 0.0221023559570312 -0.00102806091308594
-0.0280532836914063 -0.102325439453125 0.0128135681152344 0.0223865509033203
0.0137786865234375 -0.118049621582031 0.00325584411621094 0.0323848724365234
0.0534820556640625 -0.113273620605469 -0.0176315307617187 0.0187015533447266
0.129020690917969 -0.05877685546875 -0.0176067352294922 -2.28881835937503E-05
0.14947509765625 -0.0232086181640625 0.000726699829101572 -0.0200252532958984
0.157150268554688 0.02569580078125 0.0441932678222656 0.00799942016601563
0.128036499023437 0.0517578125 0.0934829711914063 -0.0556793212890625
0.125968933105469 0.0330581665039063 0.110771179199219 -0.0371322631835938
0.141937255859375 -0.011138916015625 0.092803955078125 -0.0277633666992187
0.103996276855469 -0.067169189453125 0.0712890625 -0.0380096435546875
0.0696258544921875 -0.0817947387695313 0.04669189453125 -0.0228424072265625
0.0140228271484375 -0.103599548339844 0.0297756195068359 -0.0196170806884766
-0.0219345092773438 -0.102142333984375 0.0308551788330078 -0.000366210937500006
-0.016815185546875 -0.0963668823242188 0.0365829467773438 0.0206832885742187
-0.0301971435546875 -0.103591918945313 0.0372886657714844 0.0288009643554687
-0.00565338134765625 -0.0978546142578125 0.0188827514648437 0.0480384826660156
0.0355682373046875 -0.102249145507813 0.00439071655273438 0.0476837158203125
0.0692672729492187 -0.0885238647460938 -0.0141506195068359 0.0246143341064453
0.126716613769531 -0.026092529296875 -0.00783681869506835 -9.20295715332041E-05
0.134971618652344 0.010162353515625 0.0317783355712891 -0.0226535797119141
0.129508972167969 0.0493850708007813 0.09185791015625 0.0235977172851563
0.0785675048828125 0.0506515502929687 0.128746032714844 -0.0393295288085938
0.0875778198242188 0.0357513427734375 0.133987426757813 -0.033721923828125
0.102973937988281 0.00113677978515625 0.0910720825195313 -0.0272750854492188
0.0788116455078125 -0.044219970703125 0.0649299621582031 -0.0235671997070313
0.0554313659667969 -0.0557212829589844 0.0406303405761719 -0.00168609619140625
0.0183181762695313 -0.0788040161132813 0.03472900390625 0.0125007629394531
-0.00569152832031249 -0.0835342407226563 0.0463447570800781 0.0317420959472656
-0.000801086425781242 -0.080474853515625 0.0482444763183594 0.04901123046875
-0.00715637207031249 -0.0901107788085938 0.044036865234375 0.0588417053222656
0.0145645141601563 -0.0793991088867188 0.01422119140625 0.0725936889648438
0.0503158569335937 -0.0745162963867188 -0.0038299560546875 0.0617599487304688
0.0740203857421875 -0.0550689697265625 -0.0161209106445312 0.0327377319335938
0.107513427734375 0.0088958740234375 -0.00230932235717773 0.00704383850097656
0.101936340332031 0.0417098999023438 0.054962158203125 -0.0107688903808594
0.0838088989257813 0.0646896362304688 0.124526977539063 0.0460891723632813
0.0159950256347656 0.0453605651855469 0.14337158203125 -0.0268707275390625
0.0349922180175781 0.0394706726074219 0.139930725097656 -0.0315780639648438
0.0492820739746094 0.0196952819824219 0.0812606811523438 -0.0264511108398438
0.0445594787597656 -0.00922012329101563 0.057159423828125 -0.01239013671875
0.0377388000488281 -0.0167694091796875 0.0343189239501953 0.0121002197265625
0.0261573791503906 -0.0400428771972656 0.0380973815917969 0.0335578918457031
0.0150413513183594 -0.0520439147949219 0.0545387268066406 0.0545997619628906
0.0149345397949219 -0.0525779724121094 0.0526313781738281 0.0687217712402344
0.0132255554199219 -0.0626258850097656 0.042266845703125 0.0845870971679688
0.025970458984375 -0.053009033203125 0.00376129150390625 0.0923690795898438
0.0498390197753906 -0.0422401428222656 -0.017486572265625 0.0736236572265625
0.0621261596679687 -0.0229759216308594 -0.0228691101074219 0.0418586730957031
0.0726318359375 0.0307388305664063 -0.00444793701171875 0.0194206237792969
0.0551834106445313 0.0584182739257813 0.0630226135253906 0.011260986328125
0.0275459289550781 0.06658935546875 0.137138366699219 0.0726776123046875
0.038848876953125 -0.0521316528320313 -0.145919799804688 -0.0742034912109375
-0.0145454406738281 -0.0425453186035156 -0.0685081481933594 -0.0240592956542969
-0.0341053009033203 -0.02630615234375 0.0200080871582031 -0.025665283203125
-0.0366744995117188 -0.00087738037109375 0.0420913696289063 -0.0581855773925781
-0.0288066864013672 0.00666427612304688 0.0358810424804688 -0.0887985229492188
-0.0253391265869141 0.0231208801269531 -0.003021240234375 -0.113883972167969
-0.0278968811035156 0.0247287750244141 -0.05279541015625 -0.108108520507812
-0.027130126953125 0.0179176330566406 -0.0598068237304687 -0.081024169921875
-0.0313854217529297 0.0194950103759766 -0.06036376953125 -0.0587692260742188
-0.0337562561035156 0.00123214721679688 -0.0446205139160156 -0.0410881042480469
-0.0313568115234375 -0.0175075531005859 -0.0411605834960938 -0.01165771484375
-0.0208797454833984 -0.0313014984130859 -0.0551033020019531 0.00660324096679688
0.0021514892578125 -0.0456390380859375 -0.081085205078125 0.018280029296875
0.0210342407226562 -0.0536003112792969 -0.127578735351563 0.0395050048828125
0.0469093322753906 -0.0498428344726563 -0.144882202148438 0.0192413330078125
0.0975418090820312 -0.0308380126953125 -0.121345520019531 -0.0923233032226563
0.0389747619628906 -0.0304069519042969 -0.0502471923828125 -0.0414695739746094
0.0229873657226563 -0.0280952453613281 0.0334072113037109 -0.0339641571044922
0.00497055053710938 -0.0223255157470703 0.0525665283203125 -0.0674896240234375
0.00171089172363281 -0.0231304168701172 0.0461807250976562 -0.092987060546875
-0.0195751190185547 -0.0182838439941406 0.00547027587890624 -0.119606018066406
-0.0403480529785156 -0.0171470642089844 -0.0429458618164062 -0.112075805664062
-0.0407142639160156 -0.0212020874023437 -0.0480117797851563 -0.0791168212890625
-0.0531997680664063 -0.0213508605957031 -0.0489845275878906 -0.0577735900878906
-0.0468101501464844 -0.0390167236328125 -0.0359611511230469 -0.0347251892089844
-0.0280876159667969 -0.0628623962402344 -0.0326099395751953 -0.00661087036132813
-0.000816345214843742 -0.0739288330078125 -0.046844482421875 0.00634384155273438
0.0509147644042969 -0.0680389404296875 -0.0637321472167969 0.01446533203125
0.0772628784179688 -0.0633392333984375 -0.103103637695312 0.0291900634765625
0.106414794921875 -0.0413665771484375 -0.1153564453125 0.0125274658203125
0.143081665039063 -0.0044403076171875 -0.0791549682617187 -0.098785400390625
0.0913009643554688 -0.0116195678710937 -0.0180015563964844 -0.0490264892578125
0.0845184326171875 -0.027618408203125 0.0518646240234375 -0.0371551513671875
0.0508956909179688 -0.0451164245605469 0.0636672973632813 -0.0720672607421875
0.034088134765625 -0.054656982421875 0.0522537231445313 -0.0903701782226563
-0.0098419189453125 -0.061065673828125 0.0105667114257812 -0.11309814453125
-0.0464515686035156 -0.0576324462890625 -0.0292205810546875 -0.100662231445312
-0.0471839904785156 -0.0574760437011719 -0.0294151306152344 -0.0651473999023438
-0.0671539306640625 -0.05816650390625 -0.0280952453613281 -0.0468368530273438
-0.0543975830078125 -0.0720291137695313 -0.0211772918701172 -0.0205364227294922
-0.0240859985351563 -0.0989151000976563 -0.0208454132080078 0.00434684753417968
0.0133132934570313 -0.108352661132812 -0.0377311706542969 0.009124755859375
0.0892105102539063 -0.0846176147460938 -0.0478782653808594 0.0100250244140625
0.1199951171875 -0.0679931640625 -0.0729293823242187 0.0135879516601563
0.148635864257813 -0.029144287109375 -0.0694084167480469 0.00692367553710938
0.168609619140625 0.020263671875 -0.0231170654296875 -0.0927810668945313
0.131546020507813 0.00518798828125 0.0245361328125 -0.0498008728027344
0.135093688964844 -0.0289306640625 0.0710372924804688 -0.0357513427734375
0.0895614624023438 -0.0683212280273438 0.0714797973632813 -0.0685501098632813
0.0592498779296875 -0.083160400390625 0.0532760620117188 -0.0769805908203125
-0.00202178955078124 -0.095306396484375 0.0150222778320313 -0.0924530029296875
-0.0477142333984375 -0.0889129638671875 -0.0115585327148437 -0.0745697021484375
-0.046875 -0.0853500366210938 -0.00586700439453125 -0.0415077209472656
-0.0699996948242188 -0.0858917236328125 -0.00357627868652344 -0.0276165008544922
-0.0515213012695313 -0.0940933227539063 -0.00280952453613282 -0.00073456764221192
-0.0141754150390625 -0.119827270507813 -0.00704669952392578 0.0173206329345703
0.0286178588867187 -0.125579833984375 -0.0277347564697266 0.0140628814697266
0.115020751953125 -0.0888595581054688 -0.0332317352294922 0.0040740966796875
0.145538330078125 -0.060699462890625 -0.0387496948242187 -0.00541687011718751
0.170074462890625 -0.01025390625 -0.0135593414306641 0.00382709503173828
0.167404174804688 0.0367889404296875 0.03778076171875 -0.0794906616210938
0.148162841796875 0.0175323486328125 0.0695648193359375 -0.046844482421875
0.159210205078125 -0.029571533203125 0.086669921875 -0.0339126586914063
0.108238220214844 -0.0828475952148437 0.0744781494140625 -0.0576095581054688
0.0705795288085938 -0.0986785888671875 0.0521392822265625 -0.0537033081054688
0.00286102294921876 -0.113121032714844 0.0209007263183594 -0.0591163635253906
-0.0434188842773437 -0.106101989746094 0.00989151000976562 -0.0388679504394531
-0.0398330688476563 -0.0999374389648438 0.0179214477539062 -0.0109729766845703
-0.0597686767578125 -0.102264404296875 0.0207538604736328 -0.00171852111816407
-0.0362930297851563 -0.103721618652344 0.0123863220214844 0.0230007171630859
0.00506591796874999 -0.123123168945312 0.00303268432617187 0.0328426361083984
0.046783447265625 -0.1217041015625 -0.0193996429443359 0.0187320709228516
0.130722045898438 -0.0718154907226563 -0.0201549530029297 -0.000980377197265628
0.153778076171875 -0.0362548828125 -0.00304031372070311 -0.0212497711181641
0.16754150390625 0.0151519775390625 0.0443801879882813 0.00626754760742188
0.138023376464844 0.04541015625 0.092681884765625 -0.0644378662109375
0.133621215820313 0.0254669189453125 0.110496520996094 -0.0443649291992187
0.14825439453125 -0.0237579345703125 0.0951309204101563 -0.0325393676757813
0.103050231933594 -0.0774307250976563 0.0732879638671875 -0.04180908203125
0.0671615600585938 -0.092132568359375 0.0481681823730469 -0.0268707275390625
0.00672149658203126 -0.108673095703125 0.029144287109375 -0.0212440490722656
-0.0321044921875 -0.104866027832031 0.0321121215820313 -0.00139427185058594
-0.0260848999023437 -0.099365234375 0.0398292541503906 0.0196495056152344
-0.0398635864257813 -0.104148864746094 0.0387001037597656 0.0281333923339844
-0.01361083984375 -0.100433349609375 0.0204505920410156 0.0492630004882812
0.028717041015625 -0.109199523925781 0.004791259765625 0.0484161376953125
0.0652542114257813 -0.0984268188476563 -0.0149669647216797 0.0259799957275391
0.131072998046875 -0.03802490234375 -0.00962829589843749 -0.00168895721435547
0.141937255859375 -0.00115966796875 0.0296688079833985 -0.0261402130126953
0.140609741210938 0.0419158935546875 0.0949249267578125 0.0184860229492188
0.08648681640625 0.0466156005859375 0.131515502929688 -0.0509109497070313
0.0943984985351563 0.0317764282226563 0.136344909667969 -0.0441131591796875
0.108955383300781 -0.0072479248046875 0.0929336547851563 -0.0322418212890625
0.0786972045898438 -0.0524978637695312 0.06756591796875 -0.0268287658691406
0.0541191101074219 -0.0639495849609375 0.0437278747558594 -0.00366973876953125
0.01220703125 -0.0837936401367188 0.0374412536621094 0.0110626220703125
-0.0143356323242187 -0.0854339599609375 0.0506629943847656 0.0304946899414062
-0.00912475585937501 -0.0832748413085938 0.054443359375 0.0475006103515625
-0.0159225463867188 -0.0919647216796875 0.0490760803222656 0.0590629577636719
0.00830841064453125 -0.0834884643554688 0.017974853515625 0.0749740600585938
0.0460052490234375 -0.0816879272460938 -0.00237274169921874 0.0638275146484375
0.0724868774414063 -0.0640716552734375 -0.0160541534423828 0.033975601196289
0.114166259765625 -0.00054168701171875 -0.00209045410156249 0.0050969123840332
0.109886169433594 0.03497314453125 0.0550422668457031 -0.0165443420410156
0.0940399169921875 0.0614471435546875 0.1312255859375 0.0395660400390625
0.0212516784667969 0.0463333129882812 0.149078369140625 -0.0394134521484375
0.04119873046875 0.0385780334472656 0.143966674804687 -0.041900634765625
0.0547218322753906 0.0164260864257813 0.0825958251953125 -0.0306549072265625
0.0461044311523438 -0.0139045715332031 0.0602760314941406 -0.0151023864746094
0.0378952026367188 -0.0215377807617188 0.0380859375 0.01129150390625
0.0229377746582031 -0.0440788269042969 0.0430107116699219 0.0324630737304688
0.00890731811523438 -0.0546379089355469 0.0621910095214844 0.0526771545410156
0.00941848754882812 -0.0556144714355469 0.0602760314941406 0.0672225952148437
0.00685501098632813 -0.0657730102539063 0.0493316650390625 0.0856246948242187
0.0215530395507812 -0.0564651489257813 0.0088958740234375 0.0965118408203125
0.0473289489746094 -0.0487098693847656 -0.0143966674804687 0.0769195556640625
0.0623359680175781 -0.0290412902832031 -0.0222663879394531 0.043731689453125
0.079681396484375 0.0254745483398437 -0.00356483459472656 0.0181121826171875
0.0630569458007813 0.0556983947753906 0.0653038024902344 0.00560760498046875
0.0344696044921875 0.0674934387207031 0.147491455078125 0.066314697265625
0.0340118408203125 -0.0565986633300781 -0.154891967773438 -0.06195068359375
-0.0193862915039063 -0.041351318359375 -0.0717086791992187 -0.0157928466796875
-0.0381011962890625 -0.0223731994628906 0.0182743072509766 -0.0268421173095703
-0.0373039245605469 0.00390243530273438 0.0388565063476563 -0.0618171691894531
-0.0279369354248047 0.0110073089599609 0.03033447265625 -0.0935440063476563
-0.0216255187988281 0.0262565612792969 -0.0119247436523437 -0.115921020507813
-0.0243549346923828 0.0275516510009766 -0.063690185546875 -0.105857849121094
-0.0252246856689453 0.0199394226074219 -0.0693893432617188 -0.07733154296875
-0.0285491943359375 0.0216560363769531 -0.0680427551269531 -0.0541229248046875
-0.0322933197021484 0.00457191467285157 -0.0510063171386719 -0.0392646789550781
-0.0325679779052734 -0.0134658813476563 -0.0442581176757813 -0.00946426391601562
-0.0246067047119141 -0.0286617279052734 -0.0568008422851563 0.00949859619140625
-0.00420379638671875 -0.0463371276855469 -0.0824737548828125 0.0246124267578125
0.0145797729492187 -0.0562019348144531 -0.126899719238281 0.0518112182617188
0.04180908203125 -0.0554771423339844 -0.149093627929688 0.034576416015625
0.0962600708007813 -0.0401687622070313 -0.132888793945312 -0.082611083984375
0.0367622375488281 -0.0336952209472656 -0.0557289123535156 -0.0351753234863281
0.0211219787597656 -0.0299015045166016 0.031646728515625 -0.0362968444824219
0.00313568115234375 -0.0219058990478516 0.049346923828125 -0.0721969604492188
-8.96453857421889E-05 -0.0237350463867188 0.04022216796875 -0.0982284545898438
-0.0196456909179688 -0.0168361663818359 -0.00460815429687501 -0.122764587402344
-0.0414886474609375 -0.0134086608886719 -0.0547103881835937 -0.110267639160156
-0.0427284240722656 -0.0185508728027344 -0.0570220947265625 -0.0764846801757812
-0.0551490783691406 -0.0169258117675781 -0.0567245483398438 -0.0538749694824219
-0.0498237609863281 -0.0349807739257813 -0.0420570373535156 -0.03338623046875
-0.0335159301757813 -0.05987548828125 -0.0356483459472656 -0.00528335571289063
-0.00855255126953125 -0.07452392578125 -0.04888916015625 0.00889587402343749
0.04412841796875 -0.073822021484375 -0.0654525756835938 0.0192489624023437
0.0704345703125 -0.072479248046875 -0.104148864746094 0.03997802734375
0.104103088378906 -0.0530014038085938 -0.119422912597656 0.0255966186523438
0.146514892578125 -0.017608642578125 -0.0905609130859375 -0.092041015625
0.0923233032226563 -0.0194015502929688 -0.0244140625 -0.045166015625
0.0838775634765625 -0.0361251831054688 0.0512809753417969 -0.0400962829589844
0.048095703125 -0.0497817993164063 0.0597610473632813 -0.0771026611328125
0.0304985046386719 -0.0591316223144531 0.0464553833007813 -0.0963897705078125
-0.0145835876464844 -0.0611915588378906 0.0006256103515625 -0.116653442382813
-0.0529937744140625 -0.05364990234375 -0.039825439453125 -0.0986175537109375
-0.0536918640136719 -0.0548782348632813 -0.0362281799316406 -0.063751220703125
-0.0735549926757813 -0.0527572631835938 -0.0352783203125 -0.0440177917480469
-0.0607528686523438 -0.0679512023925781 -0.0260086059570313 -0.0194530487060547
-0.0333633422851562 -0.09783935546875 -0.0228672027587891 0.00506591796874999
0.00336456298828125 -0.110862731933594 -0.0395317077636719 0.0113029479980469
0.082489013671875 -0.0951614379882813 -0.0500411987304687 0.0121917724609375
0.113960266113281 -0.0817108154296875 -0.0753173828125 0.02081298828125
0.14971923828125 -0.0439453125 -0.0731658935546875 0.0151824951171875
0.175003051757813 0.0052642822265625 -0.0323104858398437 -0.0918960571289063
0.135452270507813 -0.00595855712890625 0.0184097290039063 -0.0495643615722656
0.136428833007813 -0.04296875 0.070770263671875 -0.0402908325195313
0.0850601196289062 -0.0782623291015625 0.06793212890625 -0.0746917724609375
0.0532302856445313 -0.0912399291992188 0.0494537353515625 -0.08306884765625
-0.0106582641601563 -0.096923828125 0.00721740722656249 -0.0947189331054688
-0.0573272705078125 -0.0862884521484375 -0.0192337036132812 -0.0736846923828125
-0.0564346313476563 -0.0831756591796875 -0.00953674316406251 -0.0411605834960938
-0.0799407958984375 -0.080841064453125 -0.00818824768066407 -0.0264053344726563
-0.060943603515625 -0.0906219482421875 -0.00561094284057618 -0.000538349151611334
-0.0261001586914063 -0.120330810546875 -0.00854110717773438 0.0180549621582031
0.0168075561523438 -0.130134582519531 -0.0293846130371094 0.0154075622558594
0.108718872070313 -0.101882934570313 -0.0354080200195312 0.00493240356445312
0.14227294921875 -0.076446533203125 -0.042388916015625 -0.00127792358398439
0.174087524414063 -0.0267791748046875 -0.0163612365722656 0.00702857971191406
0.175704956054688 0.022247314453125 0.0305557250976563 -0.0843582153320313
0.153305053710938 0.0049591064453125 0.0656509399414063 -0.0508575439453125
0.1612548828125 -0.0458984375 0.0868682861328125 -0.0394973754882812
0.102653503417969 -0.0940704345703125 0.0728912353515625 -0.0634613037109375
0.0631790161132813 -0.108451843261719 0.0493812561035156 -0.0588569641113281
-0.00807952880859376 -0.115753173828125 0.0157814025878906 -0.0608062744140625
-0.0551910400390625 -0.103012084960938 0.00572586059570313 -0.0396461486816406
-0.0503768920898437 -0.0989151000976563 0.0176525115966797 -0.0126590728759766
-0.0717086791992188 -0.098388671875 0.0191745758056641 -0.00260543823242188
-0.047393798828125 -0.102195739746094 0.0126361846923828 0.0231857299804687
-0.00644683837890626 -0.126014709472656 0.00257492065429688 0.0328578948974609
0.0354461669921875 -0.128654479980469 -0.0203800201416016 0.0192623138427734
0.126922607421875 -0.086944580078125 -0.0226955413818359 -0.00127601623535157
0.153076171875 -0.052398681640625 -0.0073719024658203 -0.0214920043945313
0.174179077148437 -0.000518798828125 0.0437164306640625 0.00386428833007813
0.146942138671875 0.0336761474609375 0.0890579223632813 -0.0744400024414063
0.139801025390625 0.0143508911132813 0.107620239257813 -0.0535964965820313
0.151214599609375 -0.0384368896484375 0.094635009765625 -0.0390777587890625
0.0982589721679688 -0.0890731811523438 0.0728302001953125 -0.04766845703125
0.0601959228515625 -0.101707458496094 0.0479698181152344 -0.0304794311523438
-0.00446319580078125 -0.111412048339844 0.0277462005615234 -0.0231113433837891
-0.0438690185546875 -0.102462768554688 0.032318115234375 -0.00391197204589844
-0.03717041015625 -0.0988006591796875 0.0426712036132813 0.0171432495117187
-0.0520553588867187 -0.101593017578125 0.041168212890625 0.0266685485839844
-0.0245361328125 -0.100494384765625 0.0228691101074219 0.0493278503417969
0.0179290771484375 -0.1142578125 0.006927490234375 0.0488510131835937
0.056304931640625 -0.106758117675781 -0.0150928497314453 0.0265712738037109
0.132003784179688 -0.0526885986328125 -0.0110921859741211 -0.0025787353515625
0.145156860351563 -0.015045166015625 0.0258083343505859 -0.0302505493164063
0.149581909179688 0.0291290283203125 0.0968399047851563 0.010650634765625
0.0937347412109375 0.0402297973632813 0.130363464355469 -0.0644607543945312
0.100387573242188 0.0241775512695313 0.13397216796875 -0.0565261840820313
0.112701416015625 -0.0189895629882813 0.092681884765625 -0.0386123657226563
0.07550048828125 -0.0621566772460938 0.0682334899902344 -0.0318679809570313
0.049102783203125 -0.0722732543945313 0.04541015625 -0.00668716430664063
0.00305938720703125 -0.0867233276367188 0.0398902893066406 0.00896072387695312
-0.0247421264648438 -0.0854949951171875 0.0557060241699219 0.0263137817382812
-0.0186004638671875 -0.0839996337890625 0.0607376098632812 0.0435523986816406
-0.0264129638671875 -0.0911407470703125 0.0541915893554688 0.0568466186523437
-0.000816345214843749 -0.0853195190429688 0.0233612060546875 0.0762786865234375
0.0382003784179688 -0.0881195068359375 0.0011138916015625 0.0657157897949219
0.0675048828125 -0.07220458984375 -0.0150203704833984 0.0350971221923828
0.117530822753906 -0.011871337890625 -0.00337791442871093 0.00382542610168457
0.116523742675781 0.0245132446289062 0.0528221130371094 -0.0227127075195313
0.103347778320313 0.0536727905273438 0.136001586914063 0.02923583984375
0.02734375 0.0453109741210938 0.148880004882813 -0.055450439453125
0.0464324951171875 0.0358924865722656 0.142318725585938 -0.056549072265625
0.0593147277832031 0.0101852416992188 0.0823745727539063 -0.0371170043945313
0.04632568359375 -0.0201873779296875 0.0611915588378906 -0.0190925598144531
0.0363082885742188 -0.0272331237792969 0.0415878295898438 0.00939178466796875
0.0166549682617188 -0.0477523803710938 0.0479164123535156 0.0296401977539062
0.00176239013671874 -0.0563278198242188 0.0692253112792969 0.0478363037109375
0.00307083129882812 -0.057373046875 0.0685882568359375 0.0637283325195313
-0.00073623657226563 -0.0668869018554688 0.058319091796875 0.0833511352539063
0.014984130859375 -0.0595932006835938 0.0164642333984375 0.099090576171875
0.0426063537597656 -0.0550346374511719 -0.00996398925781249 0.0802383422851563
0.0602912902832031 -0.036956787109375 -0.0200729370117188 0.0460853576660156
0.0850830078125 0.0177383422851563 -0.00254631042480468 0.0174617767333984
0.0704803466796875 0.0506210327148437 0.066375732421875 -0.00207901000976562
0.0435562133789063 0.0651473999023438 0.155532836914063 0.0542755126953125
0.0274734497070313 -0.0593376159667969 -0.158538818359375 -0.0469207763671875
-0.0231895446777344 -0.0384140014648438 -0.0718994140625 -0.00701904296875
-0.0403976440429688 -0.01708984375 0.0159988403320313 -0.0270919799804688
-0.0361442565917969 0.00900650024414062 0.0347404479980469 -0.0631599426269531
-0.0260524749755859 0.0143413543701172 0.0233078002929688 -0.0944137573242188
-0.0174751281738281 0.0277214050292969 -0.0206985473632812 -0.114341735839844
-0.0192222595214844 0.0286674499511719 -0.073211669921875 -0.098846435546875
-0.0219306945800781 0.0212116241455078 -0.0764083862304687 -0.0699920654296875
-0.0247268676757813 0.0229778289794922 -0.0739212036132813 -0.0466384887695312
-0.0293312072753906 0.00745391845703125 -0.0558395385742187 -0.0347213745117187
-0.0323429107666016 -0.00892257690429688 -0.0460968017578125 -0.00734710693359376
-0.0274620056152344 -0.0241870880126953 -0.0568084716796875 0.0134963989257812
-0.0103187561035156 -0.0445137023925781 -0.080230712890625 0.0306549072265625
0.00724029541015625 -0.0562820434570313 -0.121185302734375 0.06256103515625
0.0345649719238281 -0.0588798522949219 -0.145675659179688 0.0493316650390625
0.0913848876953125 -0.048736572265625 -0.138763427734375 -0.0687484741210937
0.033416748046875 -0.0361976623535156 -0.05792236328125 -0.026092529296875
0.0179710388183594 -0.0307273864746094 0.0286369323730469 -0.0371665954589844
0.00109291076660156 -0.0209102630615234 0.0435256958007812 -0.0745315551757813
-0.0016021728515625 -0.0225868225097656 0.0325851440429687 -0.100555419921875
-0.0200042724609375 -0.0146503448486328 -0.0145492553710938 -0.121269226074219
-0.0409660339355469 -0.0100250244140625 -0.0650253295898437 -0.103294372558594
-0.0433578491210938 -0.0151901245117188 -0.0639839172363281 -0.0697784423828125
-0.0549087524414063 -0.0126800537109375 -0.0627975463867188 -0.0471649169921875
-0.0504493713378906 -0.0298538208007812 -0.0471725463867187 -0.0295066833496094
-0.0373344421386719 -0.0550575256347656 -0.0379257202148437 -0.00309753417968751
-0.0151824951171875 -0.0717544555664063 -0.0493507385253906 0.01153564453125
0.0358505249023438 -0.076873779296875 -0.0646018981933594 0.0236549377441406
0.060882568359375 -0.0775146484375 -0.101127624511719 0.0490875244140625
0.0970230102539063 -0.0627517700195313 -0.118270874023438 0.0379257202148437
0.14361572265625 -0.0306549072265625 -0.097564697265625 -0.0823898315429687
0.0896835327148438 -0.026824951171875 -0.0286712646484375 -0.0397911071777344
0.0800399780273438 -0.0430450439453125 0.0471305847167969 -0.0423774719238281
0.0430412292480469 -0.0528945922851563 0.0537338256835938 -0.0809402465820313
0.0248756408691406 -0.0618019104003906 0.0385208129882813 -0.0987472534179688
-0.0192298889160156 -0.0592384338378906 -0.00897979736328126 -0.115058898925781
-0.0564613342285156 -0.0481948852539063 -0.0487747192382812 -0.0934906005859375
-0.0578269958496094 -0.04974365234375 -0.041778564453125 -0.0592613220214844
-0.0768966674804688 -0.0461196899414063 -0.0403671264648438 -0.0394783020019531
-0.0651779174804688 -0.0605278015136719 -0.0300769805908203 -0.0169658660888672
-0.0413055419921875 -0.092742919921875 -0.02423095703125 0.00643730163574218
-0.00713348388671875 -0.108535766601563 -0.0400390625 0.0134124755859375
0.0711669921875 -0.101661682128906 -0.0499801635742187 0.0157051086425781
0.103179931640625 -0.0910873413085938 -0.0738449096679688 0.0283050537109375
0.14422607421875 -0.058074951171875 -0.0734405517578125 0.0238037109375
0.174758911132812 -0.0106658935546875 -0.04058837890625 -0.0867919921875
0.133621215820313 -0.01751708984375 0.0130844116210938 -0.0472412109375
0.131568908691406 -0.056060791015625 0.0675468444824219 -0.044464111328125
0.077056884765625 -0.084381103515625 0.062255859375 -0.0778961181640625
0.044219970703125 -0.0961990356445313 0.0425796508789062 -0.0858612060546875
-0.0187301635742187 -0.0943984985351563 -0.00160980224609375 -0.0936126708984375
-0.0645904541015625 -0.0786209106445313 -0.0258331298828125 -0.0699386596679688
-0.06365966796875 -0.0770187377929688 -0.0135879516601563 -0.0392951965332031
-0.0864334106445312 -0.072235107421875 -0.0118389129638672 -0.0243854522705078
-0.0675888061523437 -0.0833587646484375 -0.00810337066650391 0.00102567672729492
-0.0363998413085938 -0.116073608398438 -0.00913143157958984 0.0174121856689453
0.00399780273437499 -0.129653930664063 -0.0305118560791016 0.0164890289306641
0.0977706909179688 -0.11175537109375 -0.0370254516601562 0.00706863403320312
0.13153076171875 -0.0888214111328125 -0.0440330505371094 0.00289916992187499
0.170944213867188 -0.043121337890625 -0.0180244445800781 0.0104274749755859
0.17724609375 0.0059051513671875 0.0224075317382813 -0.0848770141601563
0.15264892578125 -0.007965087890625 0.0594558715820313 -0.0533256530761719
0.156265258789063 -0.0612640380859375 0.0838775634765625 -0.0444183349609375
0.09307861328125 -0.102554321289063 0.0675239562988281 -0.0674629211425781
0.0522842407226563 -0.114410400390625 0.0451202392578125 -0.0621070861816406
-0.0186386108398438 -0.113227844238281 0.0103111267089844 -0.0604400634765625
-0.06396484375 -0.0955810546875 0.00232696533203125 -0.0386314392089844
-0.05987548828125 -0.0924758911132813 0.0169076919555664 -0.0140514373779297
-0.080322265625 -0.0893020629882813 0.0178165435791016 -0.00279808044433594
-0.0556488037109375 -0.095428466796875 0.0121021270751953 0.0221786499023437
-0.018463134765625 -0.123291015625 0.00343894958496094 0.0325126647949219
0.0230636596679688 -0.130073547363281 -0.0211544036865234 0.0203800201416016
0.11761474609375 -0.0988235473632812 -0.0247917175292969 -0.000288009643554697
0.1456298828125 -0.0670166015625 -0.0114860534667969 -0.0203399658203125
0.1737060546875 -0.017059326171875 0.0410270690917969 0.00144577026367187
0.149490356445313 0.0201568603515625 0.0813217163085938 -0.081390380859375
0.139839172363281 0.002044677734375 0.100776672363281 -0.0602874755859375
0.147323608398438 -0.053131103515625 0.0911712646484375 -0.0448989868164062
0.0890274047851563 -0.0973968505859375 0.0690345764160156 -0.0524177551269531
0.0498123168945313 -0.107635498046875 0.0459518432617188 -0.0339698791503906
-0.0151901245117188 -0.109657287597656 0.0257568359375 -0.0242843627929688
-0.0541305541992188 -0.0960617065429687 0.0323505401611328 -0.00600242614746094
-0.046966552734375 -0.093597412109375 0.0438423156738281 0.0130653381347656
-0.0621566772460937 -0.0945510864257813 0.0421028137207031 0.0232429504394531
-0.033233642578125 -0.0953445434570313 0.0254096984863281 0.0479621887207031
0.00662231445312501 -0.1146240234375 0.00931549072265626 0.0483589172363281
0.0451202392578125 -0.11138916015625 -0.0148468017578125 0.0261478424072266
0.126052856445313 -0.064666748046875 -0.0129165649414062 -0.00334167480468751
0.141769409179688 -0.0287017822265625 0.0211677551269531 -0.0321121215820312
0.152374267578125 0.0149383544921875 0.0942916870117188 0.00350189208984375
0.0978012084960938 0.0313796997070313 0.124015808105469 -0.0758590698242188
0.102279663085938 0.015289306640625 0.126846313476563 -0.0659866333007813
0.111541748046875 -0.02911376953125 0.0889663696289063 -0.044189453125
0.0693016052246094 -0.0690422058105469 0.0661964416503906 -0.0363845825195313
0.0413284301757812 -0.0768585205078125 0.0453071594238281 -0.00987243652343751
-0.00624084472656251 -0.0858917236328125 0.0405693054199219 0.00609588623046874
-0.0336761474609375 -0.0806732177734375 0.0583572387695313 0.0216217041015625
-0.0274810791015625 -0.0806961059570313 0.0646171569824219 0.0370674133300781
-0.0363616943359375 -0.0861282348632813 0.0585060119628906 0.0520553588867187
-0.00927734375000001 -0.0834197998046875 0.0286331176757813 0.0743560791015625
0.0280380249023438 -0.0905532836914063 0.00497817993164062 0.0653419494628906
0.059722900390625 -0.0786209106445313 -0.0137443542480469 0.0351715087890625
0.115867614746094 -0.0242156982421875 -0.00418734550476074 0.00229883193969726
0.11761474609375 0.0123138427734375 0.04852294921875 -0.0278816223144531
0.10833740234375 0.0434799194335938 0.135498046875 0.0170974731445313
0.0325050354003906 0.0423774719238281 0.143234252929688 -0.0692291259765625
0.0499038696289063 0.0307693481445313 0.135269165039062 -0.0679931640625
0.0611381530761719 0.00392532348632813 0.0788803100585938 -0.0414657592773438
0.0436553955078125 -0.0250434875488281 0.0603523254394531 -0.023284912109375
0.033111572265625 -0.0316638946533203 0.0428810119628906 0.00635528564453125
0.0107078552246094 -0.0482330322265625 0.0509147644042969 0.0257301330566406
-0.00476837158203125 -0.0553092956542969 0.0738754272460937 0.0409011840820313
-0.00406646728515626 -0.0560111999511719 0.074615478515625 0.0565719604492188
-0.00836944580078125 -0.0647354125976562 0.0647201538085938 0.0776748657226563
0.00763320922851563 -0.0591354370117188 0.024200439453125 0.0978469848632813
0.035430908203125 -0.0581703186035156 -0.00492095947265624 0.0806427001953125
0.0557670593261719 -0.042938232421875 -0.0171165466308594 0.0462570190429688
0.0863189697265625 0.0085906982421875 -0.00210189819335937 0.0150613784790039
0.0748519897460938 0.0427398681640625 0.0643272399902344 -0.00931167602539062
0.0499649047851563 0.0594367980957031 0.157699584960938 0.04058837890625
0.0218124389648437 -0.0594367980957031 -0.155746459960937 -0.0352325439453125
-0.0251712799072266 -0.0350151062011719 -0.0695991516113281 -0.000453948974609371
-0.0403060913085938 -0.0129623413085937 0.0139961242675781 -0.0263309478759766
-0.0340232849121094 0.0123519897460938 0.0309181213378906 -0.062164306640625
-0.0237236022949219 0.0159816741943359 0.0183181762695313 -0.0926132202148438
-0.0132865905761719 0.0272636413574219 -0.025970458984375 -0.110748291015625
-0.0156459808349609 0.0283660888671875 -0.0771408081054687 -0.0911865234375
-0.0192527770996094 0.02142333984375 -0.0788345336914063 -0.0624618530273437
-0.02197265625 0.0230541229248047 -0.0753097534179687 -0.0403823852539063
-0.0264358520507812 0.00853729248046875 -0.0580406188964844 -0.0308723449707031
-0.030487060546875 -0.00558280944824219 -0.0468177795410156 -0.00571441650390624
-0.0286865234375 -0.0203857421875 -0.0553932189941406 0.0157661437988281
-0.0137786865234375 -0.0412063598632813 -0.0759811401367188 0.0337066650390625
0.00216293334960938 -0.0545196533203125 -0.114280700683594 0.068511962890625
0.0290565490722656 -0.0592155456542969 -0.139732360839844 0.0586929321289063
0.08563232421875 -0.0527877807617188 -0.138725280761719 -0.057586669921875
0.0301780700683594 -0.0362396240234375 -0.0570335388183594 -0.0197715759277344
0.0151824951171875 -0.0309028625488281 0.0266342163085938 -0.036407470703125
-0.000356674194335938 -0.0191726684570313 0.0384979248046875 -0.0735397338867188
-0.00274085998535156 -0.0218353271484375 0.027130126953125 -0.0993118286132813
-0.0186901092529297 -0.0132808685302734 -0.0209808349609375 -0.117446899414063
-0.0384254455566406 -0.00695037841796875 -0.0690536499023437 -0.0958404541015625
-0.0424308776855469 -0.01226806640625 -0.0672569274902344 -0.0634498596191406
-0.0536003112792969 -0.00888061523437499 -0.0649833679199219 -0.0414161682128906
-0.0491676330566406 -0.0258331298828125 -0.0494880676269531 -0.0263404846191406
-0.0388565063476563 -0.0499076843261719 -0.0384140014648437 -0.001983642578125
-0.0195808410644531 -0.0668907165527344 -0.0488777160644531 0.0132637023925781
0.0283355712890625 -0.0758743286132812 -0.0619773864746094 0.0259246826171875
0.05218505859375 -0.0786056518554688 -0.0962371826171875 0.054595947265625
0.0900955200195312 -0.0670547485351562 -0.114372253417969 0.0464096069335937
0.137992858886719 -0.0389633178710937 -0.100395202636719 -0.0726776123046875
0.0860671997070313 -0.0311279296875 -0.0302352905273437 -0.0332469940185547
0.0758056640625 -0.0473098754882813 0.0445289611816406 -0.0425605773925781
0.0385055541992187 -0.05328369140625 0.0479507446289063 -0.0802459716796875
0.0205574035644531 -0.0616989135742187 0.0322799682617188 -0.09796142578125
-0.0212821960449219 -0.0559844970703125 -0.0154342651367188 -0.110786437988281
-0.0568885803222656 -0.0430450439453125 -0.0535125732421875 -0.0868377685546875
-0.0595626831054688 -0.0450096130371094 -0.0447425842285156 -0.0543327331542969
-0.077606201171875 -0.038848876953125 -0.0429229736328125 -0.0345382690429688
-0.0661048889160156 -0.0550193786621094 -0.0318870544433594 -0.0146007537841797
-0.0447845458984375 -0.08599853515625 -0.0255165100097656 0.00668144226074218
-0.0142364501953125 -0.104011535644531 -0.040313720703125 0.0144844055175781
0.061492919921875 -0.10296630859375 -0.048919677734375 0.0176277160644531
0.0920639038085938 -0.094970703125 -0.0717544555664063 0.0332107543945312
0.136016845703125 -0.0655670166015625 -0.0716171264648437 0.0301132202148438
0.169586181640625 -0.021881103515625 -0.04510498046875 -0.0812530517578125
0.129737854003906 -0.0248031616210937 0.00904083251953126 -0.043212890625
0.125213623046875 -0.0628509521484375 0.0641212463378906 -0.045135498046875
0.069671630859375 -0.0860671997070313 0.0568695068359375 -0.0785446166992188
0.036651611328125 -0.0969467163085938 0.0375900268554688 -0.084869384765625
-0.023681640625 -0.0910263061523438 -0.00699615478515626 -0.0897979736328125
-0.0674972534179688 -0.071868896484375 -0.0290641784667969 -0.0656013488769531
-0.0667877197265625 -0.07049560546875 -0.0159263610839844 -0.0368232727050781
-0.0882568359375 -0.0638504028320313 -0.0143280029296875 -0.0222187042236328
-0.0702285766601563 -0.0756988525390625 -0.00921916961669922 0.00176620483398437
-0.0423583984375 -0.10906982421875 -0.00930976867675782 0.0171842575073242
-0.00438690185546874 -0.125495910644531 -0.0301265716552734 0.0165061950683594
0.08697509765625 -0.114791870117188 -0.0375709533691406 0.00809097290039062
0.120750427246094 -0.0945205688476563 -0.0442771911621094 0.0063018798828125
0.163482666015625 -0.05291748046875 -0.0192832946777344 0.0131893157958984
0.173492431640625 -0.0057220458984375 0.0161514282226563 -0.0833282470703125
0.148361206054688 -0.017364501953125 0.0531883239746094 -0.0524520874023437
0.148818969726563 -0.0707244873046875 0.0799560546875 -0.0467605590820313
0.0837860107421875 -0.105384826660156 0.06256103515625 -0.0686073303222656
0.043182373046875 -0.115135192871094 0.0407676696777344 -0.0625381469726563
-0.0254898071289063 -0.108283996582031 0.00649261474609375 -0.05816650390625
-0.0688858032226562 -0.0873565673828125 0.000473022460937495 -0.0369224548339844
-0.064483642578125 -0.0860443115234375 0.0153579711914062 -0.0143165588378906
-0.0841140747070313 -0.0803756713867188 0.0156412124633789 -0.0029449462890625
-0.0600967407226563 -0.0885162353515625 0.0120162963867187 0.022552490234375
-0.02642822265625 -0.118637084960937 0.00373649597167969 0.0306529998779297
0.0134353637695313 -0.127830505371094 -0.0210380554199219 0.0200996398925781
0.10772705078125 -0.104209899902344 -0.0261974334716797 0.000123977661132801
0.136184692382813 -0.074310302734375 -0.0139675140380859 -0.0181694030761719
0.168930053710938 -0.0284271240234375 0.03802490234375 0.000602722167968748
0.1475830078125 0.0101470947265625 0.0736541748046875 -0.083251953125
0.136703491210938 -0.00673675537109375 0.0930252075195313 -0.0623245239257813
0.140731811523438 -0.0612335205078125 0.087371826171875 -0.0477066040039063
0.0797119140625 -0.0999755859375 0.0648193359375 -0.0535774230957031
0.04132080078125 -0.108230590820312 0.0443229675292969 -0.0349617004394531
-0.0228805541992187 -0.104896545410156 0.0242938995361328 -0.0237083435058594
-0.0595245361328125 -0.08770751953125 0.0313453674316406 -0.00733184814453125
-0.0527267456054688 -0.0877304077148437 0.0439834594726563 0.0100669860839844
-0.0670852661132813 -0.0871505737304688 0.0413856506347656 0.020660400390625
-0.0391693115234375 -0.0905075073242188 0.0266265869140625 0.0460090637207031
-0.001953125 -0.110809326171875 0.00996017456054688 0.0461578369140625
0.0367507934570313 -0.111167907714844 -0.0144557952880859 0.0257701873779297
0.118034362792969 -0.072235107421875 -0.0150384902954101 -0.00318622589111329
0.135566711425781 -0.0373077392578125 0.0166473388671875 -0.032073974609375
0.150482177734375 0.0042572021484375 0.0904617309570313 -0.00121307373046875
0.0980987548828125 0.0240631103515625 0.115074157714844 -0.080841064453125
0.100616455078125 0.0079498291015625 0.118339538574219 -0.070556640625
0.107131958007813 -0.0365753173828125 0.0850372314453125 -0.0472488403320312
0.0628585815429688 -0.0723724365234375 0.0627670288085938 -0.0383758544921875
0.034576416015625 -0.0783462524414063 0.0452537536621094 -0.0111351013183594
-0.0121307373046875 -0.0820846557617188 0.0403213500976562 0.00469207763671874
-0.0395660400390625 -0.0748825073242187 0.0581779479980469 0.017578125
-0.0329360961914063 -0.0762481689453125 0.0652809143066406 0.0318870544433594
-0.0418853759765625 -0.0804367065429688 0.0591964721679687 0.0475997924804687
-0.0151901245117187 -0.0794906616210938 0.0318603515625 0.07177734375
0.020660400390625 -0.0893630981445313 0.00729751586914062 0.0634765625
0.052581787109375 -0.08099365234375 -0.0129280090332031 0.0341091156005859
0.112205505371094 -0.0323562622070313 -0.00569486618041991 0.000900268554687499
0.115280151367188 0.004547119140625 0.0437736511230469 -0.0302810668945313
0.109504699707031 0.0342178344726563 0.131324768066406 0.00939178466796875
0.034881591796875 0.0387611389160156 0.13494873046875 -0.0764236450195313
0.0514640808105469 0.026641845703125 0.126014709472656 -0.0748519897460938
0.0606803894042969 -0.0011444091796875 0.075286865234375 -0.0435562133789062
0.04071044921875 -0.0282211303710938 0.0581626892089844 -0.025115966796875
0.029205322265625 -0.0337142944335937 0.0433349609375 0.00469970703125
0.00639724731445313 -0.0472526550292969 0.0518302917480469 0.0224075317382812
-0.01019287109375 -0.0512886047363281 0.0754013061523438 0.034393310546875
-0.00862503051757813 -0.0537071228027344 0.0759506225585938 0.049102783203125
-0.0137405395507813 -0.0617828369140625 0.0674362182617187 0.0712203979492187
0.00280380249023438 -0.057098388671875 0.0292587280273437 0.0943527221679688
0.0296592712402344 -0.0591087341308594 -0.00116729736328124 0.0790023803710938
0.0508956909179688 -0.0454025268554687 -0.01580810546875 0.0451698303222656
0.0854644775390625 0.0018768310546875 -0.00238609313964843 0.0137519836425781
0.0760650634765625 0.0358352661132813 0.0609474182128906 -0.0140533447265625
0.0533828735351563 0.0538978576660156 0.1539306640625 0.0296783447265625
0.0182304382324219 -0.0578804016113281 -0.152938842773438 -0.029052734375
-0.0257015228271484 -0.0331802368164063 -0.06640625 0.0030517578125
-0.0398712158203125 -0.0102500915527344 0.0135326385498047 -0.0251121520996094
-0.0324993133544922 0.0141696929931641 0.029144287109375 -0.0602340698242188
-0.0215587615966797 0.0170555114746094 0.0162734985351563 -0.0910415649414063
-0.0109691619873047 0.0261745452880859 -0.0284957885742187 -0.108047485351563
-0.0126819610595703 0.0270919799804688 -0.0782623291015625 -0.0855331420898437
-0.0176792144775391 0.0206565856933594 -0.0805511474609375 -0.0582962036132813
-0.0197582244873047 0.0218925476074219 -0.0757827758789062 -0.0364456176757813
-0.0243854522705078 0.00854873657226563 -0.0597801208496094 -0.0284919738769531
-0.0286693572998047 -0.00426292419433593 -0.0472869873046875 -0.0051116943359375
-0.0283946990966797 -0.0181427001953125 -0.0544204711914062 0.0159225463867188
-0.0161323547363281 -0.0387382507324219 -0.0735397338867188 0.0341720581054688
-0.00116729736328125 -0.0525665283203125 -0.109367370605469 0.0702896118164063
0.0251502990722656 -0.0590400695800781 -0.135726928710937 0.0632781982421875
0.0812835693359375 -0.0544662475585938 -0.136985778808594 -0.0505218505859375
0.028289794921875 -0.0362739562988281 -0.0557212829589844 -0.014892578125
0.0137348175048828 -0.03057861328125 0.0252151489257813 -0.0351123809814453
-0.000381469726562501 -0.0176734924316406 0.036224365234375 -0.071624755859375
-0.00259590148925781 -0.020599365234375 0.0241928100585938 -0.0974349975585937
-0.0172920227050781 -0.0129833221435547 -0.0240478515625 -0.1138916015625
-0.0367240905761719 -0.00574874877929688 -0.0706329345703125 -0.0906295776367188
-0.0415191650390625 -0.0110321044921875 -0.0685043334960937 -0.0586166381835938
-0.0520248413085938 -0.00763702392578124 -0.0658111572265625 -0.0375900268554688
-0.0476036071777344 -0.0239372253417969 -0.0508270263671875 -0.0242118835449219
-0.0384750366210938 -0.0466766357421875 -0.039398193359375 -0.00117874145507812
-0.0211639404296875 -0.0636253356933594 -0.0487823486328125 0.0138130187988281
0.0239944458007813 -0.0744781494140625 -0.06085205078125 0.0265235900878906
0.0465621948242188 -0.0779266357421875 -0.091888427734375 0.0567703247070313
0.084320068359375 -0.068450927734375 -0.111518859863281 0.0509262084960937
0.133293151855469 -0.04339599609375 -0.0999832153320312 -0.0669403076171875
0.0828170776367188 -0.0331954956054688 -0.0302734375 -0.0285167694091797
0.0725173950195313 -0.0492782592773438 0.0432510375976563 -0.0411529541015625
0.0365219116210938 -0.0527992248535156 0.0457916259765625 -0.078338623046875
0.017822265625 -0.0609092712402344 0.0298538208007813 -0.096405029296875
-0.0220069885253906 -0.0541725158691406 -0.0183029174804688 -0.107162475585938
-0.0558662414550781 -0.0397186279296875 -0.0549697875976562 -0.0821762084960938
-0.0590744018554688 -0.0417289733886719 -0.0462989807128906 -0.0506515502929688
-0.0763626098632813 -0.03533935546875 -0.044525146484375 -0.0315589904785156
-0.0648765563964844 -0.0509757995605469 -0.0333919525146484 -0.0134696960449219
-0.04608154296875 -0.0814208984375 -0.0263347625732422 0.00670433044433593
-0.0175018310546875 -0.100234985351563 -0.040863037109375 0.0143966674804687
0.0554046630859375 -0.102302551269531 -0.0489578247070313 0.0177955627441406
0.0851669311523438 -0.09454345703125 -0.0696830749511719 0.03497314453125
0.13079833984375 -0.0692825317382813 -0.0711746215820312 0.0331497192382812
0.16619873046875 -0.0277099609375 -0.0470809936523437 -0.0762786865234375
0.125625610351563 -0.027984619140625 0.00743865966796876 -0.0388946533203125
0.119880676269531 -0.0671539306640625 0.0630111694335938 -0.0447578430175781
0.0648727416992188 -0.08648681640625 0.054046630859375 -0.0772171020507813
0.0322723388671875 -0.0964126586914062 0.0345993041992188 -0.08392333984375
-0.0256729125976563 -0.0875778198242188 -0.00939178466796875 -0.086669921875
-0.0677871704101563 -0.0662117004394531 -0.0309410095214844 -0.0618400573730469
-0.067962646484375 -0.0668220520019531 -0.0166969299316406 -0.0351009368896484
-0.088470458984375 -0.0582046508789063 -0.0155582427978516 -0.0200843811035156
-0.07049560546875 -0.0712890625 -0.0111427307128906 0.00236797332763672
-0.045166015625 -0.104049682617188 -0.0107107162475586 0.0168561935424805
-0.00890350341796875 -0.122261047363281 -0.0312252044677734 0.0167255401611328
0.0802383422851563 -0.115379333496094 -0.0380439758300781 0.00856781005859374
0.113197326660156 -0.0960311889648438 -0.0443115234375 0.00861740112304686
0.158706665039062 -0.0579833984375 -0.0199489593505859 0.0152091979980469
0.16986083984375 -0.0117340087890625 0.0131301879882813 -0.0807952880859375
0.144119262695313 -0.0215911865234375 0.0500602722167969 -0.0495948791503906
0.142929077148438 -0.0749969482421875 0.0778121948242188 -0.04632568359375
0.0781707763671875 -0.105842590332031 0.06005859375 -0.0674057006835938
0.0378799438476563 -0.114654541015625 0.0392303466796875 -0.0613632202148438
-0.0286865234375 -0.104698181152344 0.00526046752929688 -0.0559158325195313
-0.0703353881835938 -0.0819854736328125 -0.00040435791015625 -0.03533935546875
-0.0666885375976563 -0.0813674926757812 0.0149402618408203 -0.0138702392578125
-0.0848922729492188 -0.0745697021484375 0.0141239166259766 -0.00230121612548829
-0.0612945556640625 -0.0832977294921875 0.0109825134277344 0.0217552185058594
-0.0302200317382813 -0.114280700683594 0.00297927856445312 0.029510498046875
0.00830841064453126 -0.125770568847656 -0.0221633911132813 0.0195446014404297
0.100982666015625 -0.106185913085938 -0.0274906158447266 0.000133514404296864
0.129241943359375 -0.0770339965820313 -0.0157403945922851 -0.0168771743774414
0.164886474609375 -0.0339202880859375 0.0346317291259766 0.00118827819824219
0.145233154296875 0.0043182373046875 0.0692291259765625 -0.0830230712890625
0.133285522460937 -0.01080322265625 0.087860107421875 -0.0613937377929687
0.135673522949219 -0.0660552978515625 0.0856170654296875 -0.0476913452148438
0.0742111206054688 -0.100250244140625 0.0623664855957031 -0.053466796875
0.0355377197265625 -0.107986450195312 0.0433273315429688 -0.0348777770996094
-0.0259475708007813 -0.101768493652344 0.023468017578125 -0.0228233337402344
-0.0615692138671875 -0.0824356079101563 0.0310745239257812 -0.00761985778808594
-0.0550689697265625 -0.082916259765625 0.0435714721679688 0.00774002075195312
-0.0684890747070313 -0.0812454223632813 0.0404586791992187 0.0195579528808594
-0.0409927368164063 -0.085357666015625 0.0264205932617187 0.0449562072753906
-0.00636291503906251 -0.107925415039063 0.00978469848632813 0.0446929931640625
0.0311660766601562 -0.109245300292969 -0.01611328125 0.0243034362792969
0.1129150390625 -0.0755691528320313 -0.0169143676757812 -0.00354766845703126
0.130203247070313 -0.04180908203125 0.0136222839355469 -0.0319309234619141
0.148178100585937 -0.00164794921875 0.0859756469726563 -0.00263214111328125
0.0976791381835938 0.0199127197265625 0.109390258789063 -0.0825881958007813
0.0991897583007813 0.0046844482421875 0.112571716308594 -0.0710296630859375
0.104110717773437 -0.0407333374023438 0.0821380615234375 -0.047332763671875
0.0582656860351563 -0.0723495483398438 0.0609817504882813 -0.038482666015625
0.0306167602539063 -0.0787353515625 0.0443267822265625 -0.0114479064941406
-0.0154800415039062 -0.0787734985351563 0.0408668518066406 0.00457000732421874
-0.0418281555175781 -0.0700569152832031 0.0582008361816406 0.0154571533203125
-0.0355072021484375 -0.072052001953125 0.0655517578125 0.0286483764648438
-0.0440292358398438 -0.075775146484375 0.0590705871582031 0.0449142456054687
-0.0181503295898438 -0.0760650634765625 0.0327377319335938 0.0696449279785156
0.0156021118164063 -0.0882034301757813 0.0074615478515625 0.06170654296875
0.0475082397460937 -0.0806045532226562 -0.0136795043945312 0.0326519012451172
0.107955932617188 -0.0363388061523438 -0.00727701187133788 0.000320911407470701
0.112319946289063 -0.0002288818359375 0.039581298828125 -0.0309982299804688
0.109245300292969 0.0289688110351562 0.126556396484375 0.00585174560546875
0.0359306335449219 0.03692626953125 0.129585266113281 -0.0787353515625
0.0515060424804688 0.0239753723144531 0.119781494140625 -0.0758895874023438
0.0604019165039062 -0.005126953125 0.0724411010742188 -0.0439605712890625
0.038726806640625 -0.0300216674804688 0.0564422607421875 -0.0256385803222656
0.0268173217773438 -0.0352096557617188 0.0436477661132813 0.00410842895507812
0.00310134887695312 -0.0461845397949219 0.0523490905761719 0.020904541015625
-0.0132865905761719 -0.0485382080078125 0.0748367309570313 0.030548095703125
-0.0113296508789063 -0.0511322021484375 0.076751708984375 0.0445785522460938
-0.0165138244628906 -0.0580062866210938 0.0678977966308594 0.0680160522460938
-0.000282287597656252 -0.0554008483886719 0.031402587890625 0.0918960571289062
0.025787353515625 -0.058563232421875 -0.000244140625000004 0.07720947265625
0.0477066040039063 -0.0465850830078125 -0.0154876708984375 0.0437507629394531
0.08349609375 -0.00209808349609375 -0.00326251983642578 0.0116138458251953
0.07525634765625 0.032501220703125 0.0569038391113281 -0.0164871215820312
0.0543899536132812 0.0501251220703125 0.149993896484375 0.0244140625
0.0165519714355469 -0.0575065612792969 -0.151901245117188 -0.026275634765625
-0.0261497497558594 -0.0323448181152344 -0.0644683837890625 0.00585556030273436
-0.0402030944824219 -0.00914382934570312 0.0135231018066406 -0.023468017578125
-0.0313739776611328 0.0154132843017578 0.0298118591308594 -0.0596847534179687
-0.0206966400146484 0.0186481475830078 0.0164413452148437 -0.0909347534179688
-0.00932502746582031 0.0258579254150391 -0.02923583984375 -0.107963562011719
-0.01104736328125 0.0256977081298828 -0.0797653198242188 -0.0839385986328125
-0.0169258117675781 0.0204811096191406 -0.0815582275390625 -0.0559234619140625
-0.0187320709228516 0.0218505859375 -0.0774002075195313 -0.0345230102539063
-0.0229473114013672 0.00811195373535156 -0.061370849609375 -0.0282821655273437
-0.0275440216064453 -0.00343132019042969 -0.0491294860839844 -0.00540924072265625
-0.0282135009765625 -0.0157814025878906 -0.0552825927734375 0.0159835815429687
-0.0177383422851563 -0.0370635986328125 -0.0726242065429688 0.0342254638671875
-0.00348663330078125 -0.0519065856933594 -0.107337951660156 0.0715713500976562
0.0230560302734375 -0.0589637756347656 -0.134864807128906 0.0664749145507812
0.079833984375 -0.0555419921875 -0.137130737304688 -0.04754638671875
0.0277328491210938 -0.0365219116210938 -0.0550384521484375 -0.0115966796875
0.0126724243164063 -0.0304927825927734 0.0256061553955078 -0.03460693359375
-6.1035156249999E-05 -0.0171699523925781 0.0364990234375 -0.0712814331054688
-0.00284385681152344 -0.0202808380126953 0.0239334106445312 -0.0973358154296875
-0.0167102813720703 -0.0132369995117187 -0.0245513916015625 -0.113349914550781
-0.0354843139648438 -0.00621032714843749 -0.071929931640625 -0.0883560180664063
-0.0412864685058594 -0.0100555419921875 -0.0695343017578125 -0.0573692321777344
-0.0514030456542969 -0.00680541992187501 -0.0677452087402344 -0.0357704162597656
-0.0467567443847656 -0.0240478515625 -0.0528297424316406 -0.0234718322753906
-0.0382041931152344 -0.04541015625 -0.0412254333496094 -0.00201416015625
-0.0221786499023438 -0.0620193481445313 -0.0497055053710938 0.0131378173828125
0.0214309692382812 -0.0734176635742188 -0.0606803894042969 0.0268020629882812
0.0438385009765625 -0.0775985717773438 -0.0913543701171875 0.058380126953125
0.0828094482421875 -0.06988525390625 -0.111557006835938 0.0544281005859375
0.132522583007813 -0.0452346801757813 -0.100433349609375 -0.0638427734375
0.08221435546875 -0.0338821411132813 -0.0297603607177734 -0.0246944427490234
0.0712203979492188 -0.0505905151367188 0.0434303283691406 -0.0409393310546875
0.0348777770996094 -0.0527458190917969 0.0454940795898438 -0.077301025390625
0.0169792175292969 -0.0617752075195313 0.0297470092773438 -0.0963897705078125
-0.02203369140625 -0.0536956787109375 -0.0190658569335938 -0.106605529785156
-0.0554313659667969 -0.0384330749511719 -0.0556411743164063 -0.0797882080078125
-0.0593032836914063 -0.0414505004882813 -0.0467338562011719 -0.0497627258300781
-0.076873779296875 -0.033599853515625 -0.0461387634277344 -0.0304374694824219
-0.0646171569824219 -0.0500221252441406 -0.0352058410644531 -0.0125694274902344
-0.0462722778320313 -0.07952880859375 -0.0280952453613281 0.00609397888183593
-0.0188064575195313 -0.0986404418945313 -0.0424461364746094 0.0139961242675781
0.05291748046875 -0.102279663085938 -0.0493583679199219 0.0180778503417969
0.0820083618164063 -0.0947418212890625 -0.0693397521972656 0.0370254516601562
0.128990173339844 -0.0714645385742187 -0.0718154907226562 0.0365524291992188
0.165176391601563 -0.0303802490234375 -0.0479049682617188 -0.0745086669921875
0.124664306640625 -0.029876708984375 0.00694274902343751 -0.035614013671875
0.118499755859375 -0.0701980590820313 0.0630340576171875 -0.0443496704101563
0.0631027221679688 -0.0868453979492188 0.0537185668945313 -0.0760498046875
0.030487060546875 -0.0970001220703125 0.0345535278320313 -0.0835342407226563
-0.0274734497070313 -0.0865554809570313 -0.0096282958984375 -0.0851974487304687
-0.0678291320800781 -0.064788818359375 -0.0309677124023438 -0.0608329772949219
-0.0691184997558594 -0.0653648376464844 -0.0172824859619141 -0.0346527099609375
-0.08892822265625 -0.0563430786132813 -0.0172595977783203 -0.0191421508789063
-0.0704116821289062 -0.069610595703125 -0.0122537612915039 0.00306320190429687
-0.04608154296875 -0.102455139160156 -0.0122013092041016 0.0167474746704102
-0.0110092163085937 -0.120948791503906 -0.0331230163574219 0.0160446166992188
0.0779571533203125 -0.116172790527344 -0.0391197204589844 0.00900268554687499
0.1102294921875 -0.0965805053710938 -0.0446014404296875 0.00980758666992188
0.157867431640625 -0.0609893798828125 -0.0210418701171875 0.0175266265869141
0.170272827148438 -0.01470947265625 0.011199951171875 -0.080322265625
0.1441650390625 -0.0234222412109375 0.049163818359375 -0.0474777221679688
0.141738891601563 -0.078582763671875 0.0784759521484375 -0.04571533203125
0.0761566162109375 -0.106254577636719 0.059906005859375 -0.0662117004394531
0.0355148315429687 -0.115898132324219 0.0396614074707031 -0.0615577697753906
-0.030029296875 -0.103630065917969 0.00524520874023438 -0.0546722412109375
-0.0707244873046875 -0.0790786743164063 -0.000587463378906252 -0.0346584320068359
-0.06842041015625 -0.07965087890625 0.0146684646606445 -0.0148534774780273
-0.0859451293945312 -0.072265625 0.0133638381958008 -0.00171852111816407
-0.061370849609375 -0.08184814453125 0.0106258392333984 0.0216884613037109
-0.0322189331054687 -0.112785339355469 0.00145721435546875 0.0290927886962891
0.00621032714843749 -0.124885559082031 -0.0238838195800781 0.018890380859375
0.0987777709960937 -0.107612609863281 -0.0290966033935547 0.000755310058593744
0.127151489257813 -0.0782241821289063 -0.0173664093017578 -0.0151872634887695
0.164993286132813 -0.037261962890625 0.0335731506347656 0.002197265625
0.146102905273438 0.00164794921875 0.0677642822265625 -0.0834121704101563
0.133171081542969 -0.012451171875 0.0867462158203125 -0.0596847534179688
0.134925842285156 -0.06884765625 0.0853118896484375 -0.0477981567382813
0.0718460083007813 -0.101676940917969 0.0625038146972656 -0.053009033203125
0.0330352783203125 -0.108795166015625 0.0436820983886719 -0.0348052978515625
-0.0277938842773438 -0.0997390747070313 0.0240192413330078 -0.0220203399658203
-0.062896728515625 -0.079742431640625 0.0316944122314453 -0.00774002075195313
-0.0572738647460938 -0.0814743041992188 0.044036865234375 0.00679397583007812
-0.07080078125 -0.078948974609375 0.039947509765625 0.0197372436523437
-0.042327880859375 -0.0846023559570313 0.0264091491699219 0.0448455810546875
-0.009185791015625 -0.107131958007813 0.00897598266601563 0.0440673828125
0.028411865234375 -0.110519409179688 -0.0179462432861328 0.0240840911865234
0.110870361328125 -0.0780410766601563 -0.0185871124267578 -0.00392913818359375
0.128868103027344 -0.0428848266601563 0.0116825103759766 -0.0315208435058594
0.14849853515625 -0.0045928955078125 0.0848388671875 -0.00264739990234375
0.09881591796875 0.0184249877929688 0.1085205078125 -0.0838241577148438
0.099365234375 0.00370025634765625 0.110466003417969 -0.0709686279296875
0.103889465332031 -0.0433883666992188 0.0826797485351563 -0.04754638671875
0.0568008422851562 -0.0738754272460938 0.0607109069824219 -0.0377197265625
0.0281524658203125 -0.0799026489257813 0.0456466674804687 -0.0116844177246094
-0.0175323486328125 -0.077423095703125 0.0413475036621094 0.00499343872070312
-0.0433464050292969 -0.0670928955078125 0.0592117309570312 0.0139656066894531
-0.0374298095703125 -0.0707626342773437 0.066162109375 0.0267066955566406
-0.0461502075195313 -0.0733795166015625 0.0597991943359375 0.0440330505371094
-0.019561767578125 -0.0746841430664063 0.033477783203125 0.069549560546875
0.01318359375 -0.0878448486328125 0.00780487060546875 0.0612373352050781
0.04534912109375 -0.0816650390625 -0.0149288177490234 0.0326862335205078
0.107383728027344 -0.0390167236328125 -0.00877809524536132 -0.000705242156982426
0.111915588378906 -0.00212860107421875 0.0374794006347656 -0.0317344665527344
0.110198974609375 0.0264358520507813 0.125328063964844 0.0048980712890625
0.037139892578125 0.03594970703125 0.128746032714844 -0.08123779296875
0.0525398254394531 0.0229301452636719 0.118415832519531 -0.0771102905273438
0.0612449645996094 -0.006927490234375 0.0726089477539063 -0.043914794921875
0.0376129150390625 -0.0311775207519531 0.0564422607421875 -0.0257949829101563
0.0256271362304688 -0.0364112854003906 0.044708251953125 0.00409698486328125
0.00142288208007812 -0.0452117919921875 0.0533294677734375 0.0212478637695312
-0.0146331787109375 -0.0468177795410156 0.0762557983398438 0.0286102294921875
-0.0133590698242187 -0.049957275390625 0.077728271484375 0.0432052612304688
-0.0183906555175781 -0.0566596984863281 0.0689506530761719 0.0664939880371094
-0.00154495239257812 -0.0538063049316406 0.0317306518554688 0.09136962890625
0.0233116149902344 -0.0586624145507813 -0.000190734863281252 0.077239990234375
0.0462760925292969 -0.0476455688476563 -0.0164527893066406 0.0429763793945312
0.083465576171875 -0.0042266845703125 -0.00481033325195312 0.0105457305908203
0.07598876953125 0.0305709838867188 0.0549240112304688 -0.0177841186523437
0.055450439453125 0.0484542846679687 0.148529052734375 0.022735595703125
0.0151634216308594 -0.0589942932128906 -0.154769897460938 -0.0233306884765625
-0.0275497436523437 -0.0322418212890625 -0.0650558471679688 0.00847625732421874
-0.0409202575683594 -0.00783538818359375 0.0145053863525391 -0.0231914520263672
-0.0307197570800781 0.0174732208251953 0.0307121276855469 -0.0609703063964844
-0.0199337005615234 0.0195789337158203 0.016357421875 -0.0935821533203125
-0.00781631469726563 0.0254154205322266 -0.0309066772460937 -0.110527038574219
-0.0098876953125 0.0250358581542969 -0.0840911865234375 -0.0841598510742188
-0.0163974761962891 0.0205650329589844 -0.0848770141601562 -0.0551376342773438
-0.0189456939697266 0.0216693878173828 -0.0806427001953125 -0.0340499877929688
-0.0225200653076172 0.0076904296875 -0.0654869079589844 -0.0283546447753906
-0.0265598297119141 -0.00241661071777344 -0.0523643493652344 -0.00512313842773437
-0.0287246704101563 -0.0153255462646484 -0.0568389892578125 0.0163078308105469
-0.0193405151367187 -0.0370254516601563 -0.0734329223632813 0.0351791381835937
-0.00463485717773438 -0.0518646240234375 -0.109321594238281 0.0748138427734375
0.0216636657714844 -0.0605850219726563 -0.138420104980469 0.0723800659179688
0.080535888671875 -0.0583114624023437 -0.139884948730469 -0.0454330444335938
0.027252197265625 -0.0373039245605469 -0.0552177429199219 -0.00887680053710937
0.0127105712890625 -0.0316047668457031 0.0261745452880859 -0.0346298217773438
2.6702880859376E-05 -0.0165071487426758 0.037261962890625 -0.0727081298828125
-0.00253677368164063 -0.0205802917480469 0.02374267578125 -0.100090026855469
-0.0165319442749023 -0.0133810043334961 -0.0265579223632813 -0.115486145019531
-0.0352668762207031 -0.0062408447265625 -0.0756072998046875 -0.08831787109375
-0.04205322265625 -0.0108413696289063 -0.07281494140625 -0.0563507080078125
-0.0522689819335937 -0.00639724731445313 -0.0711746215820313 -0.03460693359375
-0.0465278625488281 -0.0239753723144531 -0.056549072265625 -0.0233001708984375
-0.0388641357421875 -0.0455131530761719 -0.0441856384277344 -0.00164794921875
-0.0237045288085937 -0.0619125366210938 -0.0521469116210938 0.0142059326171875
0.0202255249023438 -0.0746917724609375 -0.0615386962890625 0.0273170471191406
0.0423583984375 -0.0789337158203125 -0.0922088623046875 0.0618057250976562
0.0829925537109375 -0.0731048583984375 -0.114608764648438 0.059112548828125
0.135162353515625 -0.0493316650390625 -0.103897094726562 -0.062835693359375
0.0833816528320313 -0.0357284545898438 -0.0304336547851562 -0.0227584838867188
0.0715255737304688 -0.0544052124023438 0.0450668334960938 -0.0417289733886719
0.0353622436523438 -0.0538825988769531 0.04620361328125 -0.0783767700195313
0.0158767700195313 -0.0634346008300781 0.0290679931640625 -0.0987777709960938
-0.0231513977050781 -0.0553436279296875 -0.0209197998046875 -0.10809326171875
-0.0564498901367188 -0.0390968322753906 -0.0582809448242187 -0.08013916015625
-0.0619354248046875 -0.0407333374023438 -0.0494728088378906 -0.0495986938476563
-0.0789871215820313 -0.0325775146484375 -0.0489578247070313 -0.0288887023925781
-0.0663337707519531 -0.0500068664550781 -0.0380783081054688 -0.0118179321289062
-0.0481719970703125 -0.0800628662109375 -0.0307292938232422 0.00607872009277343
-0.0208892822265625 -0.0999679565429688 -0.0449600219726562 0.0148544311523437
0.0516204833984375 -0.105514526367188 -0.0510787963867188 0.0184745788574219
0.08087158203125 -0.0977096557617188 -0.0706253051757813 0.0394515991210937
0.131103515625 -0.07623291015625 -0.07440185546875 0.0409469604492188
0.169082641601563 -0.034820556640625 -0.0502243041992187 -0.0742340087890625
0.127616882324219 -0.0332717895507812 0.00716209411621095 -0.0336360931396484
0.119895935058594 -0.074951171875 0.0648269653320313 -0.0450820922851563
0.06304931640625 -0.0895767211914062 0.0548782348632813 -0.07720947265625
0.028778076171875 -0.100372314453125 0.0350189208984375 -0.0857925415039063
-0.0294036865234375 -0.087860107421875 -0.0109024047851563 -0.0865249633789062
-0.0699920654296875 -0.0648765563964844 -0.03271484375 -0.060638427734375
-0.0725173950195313 -0.0654830932617187 -0.01873779296875 -0.0349044799804688
-0.0918731689453125 -0.0552749633789063 -0.0191631317138672 -0.0179500579833984
-0.072509765625 -0.0692901611328125 -0.0140504837036133 0.00354671478271484
-0.0492019653320313 -0.103424072265625 -0.0141315460205078 0.0166482925415039
-0.0144729614257813 -0.122810363769531 -0.0357818603515625 0.01654052734375
0.0762863159179687 -0.120704650878906 -0.0408096313476562 0.009613037109375
0.109375 -0.1007080078125 -0.0459480285644531 0.0115013122558594
0.161117553710938 -0.06640625 -0.0221843719482422 0.0203285217285156
0.17449951171875 -0.0186309814453125 0.0105056762695313 -0.0813217163085938
0.147140502929688 -0.0263214111328125 0.0495414733886719 -0.0463790893554688
0.143157958984375 -0.0851287841796875 0.080322265625 -0.0473175048828125
0.075225830078125 -0.110008239746094 0.0616531372070313 -0.0676231384277344
0.0334320068359375 -0.119338989257813 0.0400924682617187 -0.06329345703125
-0.032684326171875 -0.104393005371094 0.0057220458984375 -0.0549087524414063
-0.0739822387695312 -0.0783615112304688 -1.1444091796876E-05 -0.0352821350097656
-0.0719757080078125 -0.0798187255859375 0.0149574279785156 -0.0163030624389648
-0.0899276733398438 -0.071075439453125 0.0128593444824219 -0.00133895874023438
-0.0642776489257813 -0.0819931030273438 0.00993537902832031 0.0221443176269531
-0.03546142578125 -0.113571166992188 -0.000253677368164066 0.0289955139160156
0.00305175781249999 -0.128227233886719 -0.026611328125 0.0195293426513672
0.09844970703125 -0.112556457519531 -0.0308113098144531 0.000305175781249988
0.127540588378906 -0.082122802734375 -0.0190715789794922 -0.014862060546875
0.168685913085938 -0.0423736572265625 0.0331745147705078 0.00415992736816406
0.150436401367188 -0.0016021728515625 0.0682296752929688 -0.0855712890625
0.137046813964844 -0.0146102905273437 0.0875015258789063 -0.0604248046875
0.1363525390625 -0.0747756958007813 0.0871505737304688 -0.0491867065429688
0.071380615234375 -0.105018615722656 0.0635986328125 -0.0531158447265625
0.0307159423828125 -0.113273620605469 0.0453109741210938 -0.0362091064453125
-0.0305328369140625 -0.10107421875 0.0251884460449219 -0.0217914581298828
-0.0658416748046875 -0.0789871215820313 0.0327987670898437 -0.00897789001464844
-0.0608444213867188 -0.0813217163085938 0.0449295043945312 0.00488662719726562
-0.0741729736328125 -0.0775909423828125 0.0408821105957031 0.0205154418945312
-0.044891357421875 -0.0845260620117187 0.0274925231933594 0.0458984375
-0.0116806030273438 -0.1087646484375 0.00799560546875 0.0447807312011719
0.0268020629882813 -0.113471984863281 -0.0190677642822266 0.024688720703125
0.112678527832031 -0.08251953125 -0.0200767517089844 -0.00330734252929688
0.130973815917969 -0.0463790893554688 0.00986862182617188 -0.0321922302246094
0.15277099609375 -0.0090789794921875 0.0858306884765625 -0.0026092529296875
0.101676940917969 0.0169219970703125 0.110221862792969 -0.0879745483398438
0.102363586425781 0.0014190673828125 0.111068725585938 -0.0730361938476563
0.105522155761719 -0.0475692749023438 0.0838775634765625 -0.0492095947265625
0.0559463500976563 -0.076629638671875 0.0622711181640625 -0.0390357971191406
0.0266571044921875 -0.0829620361328125 0.0475349426269531 -0.0123710632324219
-0.019805908203125 -0.0786056518554688 0.0435638427734375 0.00490951538085937
-0.045684814453125 -0.0664558410644531 0.0614280700683594 0.0126190185546875
-0.0405349731445312 -0.0707321166992188 0.0684013366699219 0.0247535705566406
-0.0487747192382813 -0.073333740234375 0.0612869262695312 0.044219970703125
-0.0211944580078125 -0.07550048828125 0.0346755981445312 0.0711288452148438
0.0107345581054688 -0.089996337890625 0.00697708129882813 0.0624008178710937
0.0442123413085937 -0.0841598510742188 -0.0160350799560547 0.0325908660888672
0.10931396484375 -0.0430221557617188 -0.0105752944946289 -0.00046157836914063
0.113754272460938 -0.00443267822265625 0.0370635986328125 -0.03302001953125
0.114540100097656 0.0241546630859375 0.127494812011719 0.00414276123046875
0.0398101806640625 0.035736083984375 0.131065368652344 -0.0858612060546875
0.0541152954101562 0.0225753784179688 0.118934631347656 -0.079193115234375
0.0629920959472656 -0.009307861328125 0.0736160278320313 -0.045013427734375
0.0371208190917969 -0.0333480834960938 0.0583534240722656 -0.0264892578125
0.024932861328125 -0.038543701171875 0.0475883483886719 0.00371170043945312
-6.10351562500037E-05 -0.0456733703613281 0.05609130859375 0.0209388732910156
-0.0168190002441406 -0.0457611083984375 0.0793991088867188 0.0270309448242188
-0.0153274536132813 -0.049407958984375 0.0805816650390625 0.0409164428710938
-0.0207443237304688 -0.0565986633300781 0.0719757080078125 0.0665512084960938
-0.00314712524414062 -0.0538444519042969 0.03399658203125 0.0938186645507813
0.0217514038085938 -0.0598602294921875 0.0002288818359375 0.0782470703125
0.0461006164550781 -0.0495262145996094 -0.0178909301757813 0.043731689453125
0.08599853515625 -0.0070037841796875 -0.00557994842529296 0.0102882385253906
0.0788803100585938 0.0293655395507813 0.0546035766601563 -0.0199394226074219
0.0582504272460938 0.0484199523925781 0.151611328125 0.0209197998046875
0.0127220153808594 -0.0615730285644531 -0.159957885742187 -0.018096923828125
-0.0299072265625 -0.0321712493896484 -0.0651664733886719 0.0125465393066406
-0.0426025390625 -0.0059356689453125 0.0141773223876953 -0.0234870910644531
-0.0302772521972656 0.0201053619384766 0.0300369262695312 -0.0635910034179688
-0.0188655853271484 0.0215129852294922 0.013885498046875 -0.0970230102539063
-0.00636482238769531 0.0256595611572266 -0.0361099243164063 -0.113838195800781
-0.00860023498535156 0.0253391265869141 -0.0895462036132813 -0.0827789306640625
-0.0153255462646484 0.0215091705322266 -0.0904388427734375 -0.0521774291992188
-0.018402099609375 0.0225315093994141 -0.0861358642578125 -0.0308074951171875
-0.0225563049316406 0.00803756713867188 -0.0704116821289063 -0.0264511108398437
-0.0268287658691406 -0.00162887573242187 -0.0559844970703125 -0.00394058227539061
-0.0302085876464844 -0.0137939453125 -0.0588836669921875 0.0188522338867188
-0.0219650268554687 -0.0368423461914063 -0.07427978515625 0.037506103515625
-0.00821685791015626 -0.0531578063964844 -0.108963012695312 0.0818328857421875
0.01904296875 -0.0636711120605469 -0.140396118164063 0.0819091796875
0.0794906616210938 -0.063812255859375 -0.145751953125 -0.0400543212890625
0.0270576477050781 -0.0396728515625 -0.0556602478027344 -0.0048980712890625
0.0114841461181641 -0.0332984924316406 0.0265655517578125 -0.0358200073242188
-0.000294685363769531 -0.0162439346313477 0.0365829467773438 -0.0746383666992188
-0.00290489196777344 -0.0206947326660156 0.0213241577148438 -0.103775024414062
-0.0167531967163086 -0.0140714645385742 -0.0317306518554688 -0.118576049804688
-0.0362510681152344 -0.00588607788085938 -0.081695556640625 -0.087432861328125
-0.0436210632324219 -0.00910186767578124 -0.0784378051757813 -0.0546188354492188
-0.0540618896484375 -0.00407409667968751 -0.0766372680664063 -0.03179931640625
-0.0485420227050781 -0.0231666564941406 -0.0613212585449219 -0.021636962890625
-0.0400581359863281 -0.0447273254394531 -0.0476608276367188 -0.000614166259765624
-0.0267105102539062 -0.0621452331542969 -0.054534912109375 0.0158920288085938
0.0165939331054688 -0.0770492553710937 -0.0622634887695313 0.0295677185058594
0.0394515991210937 -0.0823898315429688 -0.0926513671875 0.06805419921875
0.0824356079101563 -0.0798873901367188 -0.116676330566406 0.0679702758789063
0.137466430664063 -0.057403564453125 -0.109466552734375 -0.0587692260742187
0.085662841796875 -0.0409698486328125 -0.0313930511474609 -0.0188541412353516
0.0714645385742188 -0.0597381591796875 0.0454978942871094 -0.043548583984375
0.03424072265625 -0.0568618774414063 0.0460128784179688 -0.0816802978515625
0.0134315490722656 -0.0661239624023438 0.0274810791015625 -0.102676391601563
-0.025604248046875 -0.0558967590332031 -0.0258026123046875 -0.110260009765625
-0.0596160888671875 -0.0377464294433594 -0.0638656616210938 -0.0791244506835938
-0.0656661987304688 -0.0401458740234375 -0.05328369140625 -0.0486564636230469
-0.0827102661132813 -0.02972412109375 -0.0530128479003906 -0.026702880859375
-0.0690155029296875 -0.0489463806152344 -0.0416297912597656 -0.0106620788574219
-0.0523300170898438 -0.080169677734375 -0.0334091186523438 0.00725936889648438
-0.0269317626953125 -0.101432800292969 -0.0477828979492188 0.0165367126464844
0.0480422973632813 -0.110755920410156 -0.0519447326660156 0.0207862854003906
0.0786285400390625 -0.103546142578125 -0.0715713500976562 0.0445480346679688
0.132637023925781 -0.0853652954101563 -0.0755767822265625 0.0473175048828125
0.173431396484375 -0.0447998046875 -0.0548171997070312 -0.073028564453125
0.131278991699219 -0.0390625 0.00634765625000001 -0.0327415466308594
0.120529174804688 -0.0841445922851562 0.0656929016113281 -0.0489921569824219
0.0606689453125 -0.0956192016601563 0.05474853515625 -0.0802383422851563
0.024749755859375 -0.105445861816406 0.033233642578125 -0.0895614624023438
-0.033477783203125 -0.0897293090820312 -0.0134735107421875 -0.087799072265625
-0.0743789672851563 -0.063201904296875 -0.0357780456542969 -0.0608406066894531
-0.077301025390625 -0.0641708374023438 -0.0211143493652344 -0.0357742309570313
-0.096923828125 -0.0519866943359375 -0.0218086242675781 -0.0163555145263672
-0.076690673828125 -0.0687179565429688 -0.0157623291015625 0.0044260025024414
-0.0551681518554688 -0.104354858398438 -0.016423225402832 0.016876220703125
-0.0199203491210937 -0.126213073730469 -0.0383186340332031 0.0185279846191406
0.0735092163085938 -0.128334045410156 -0.0422134399414062 0.0107765197753906
0.108413696289063 -0.107566833496094 -0.0473556518554687 0.0150985717773438
0.164169311523438 -0.076690673828125 -0.0226383209228516 0.0244426727294922
0.180084228515625 -0.027923583984375 0.00750732421875002 -0.0830230712890625
0.151611328125 -0.03369140625 0.0492134094238281 -0.0478019714355469
0.144241333007813 -0.09478759765625 0.0816192626953125 -0.0518264770507813
0.0731048583984375 -0.116340637207031 0.0614776611328125 -0.07098388671875
0.0279388427734375 -0.125686645507813 0.0400238037109375 -0.0666389465332031
-0.0385513305664063 -0.106605529785156 0.00458145141601562 -0.0561904907226563
-0.0789871215820313 -0.0774002075195312 -0.000778198242187506 -0.0361328125
-0.0782012939453125 -0.0788345336914063 0.0147075653076172 -0.0173435211181641
-0.0961380004882813 -0.0683441162109375 0.0127086639404297 -0.000948905944824223
-0.0688629150390625 -0.0813980102539063 0.0103015899658203 0.0232906341552734
-0.0420608520507813 -0.115562438964844 -0.000926971435546877 0.0298213958740234
-0.00328826904296876 -0.132301330566406 -0.0285129547119141 0.0208091735839844
0.0969467163085938 -0.121437072753906 -0.0325775146484375 0.00181198120117187
0.128509521484375 -0.0897293090820313 -0.0204067230224609 -0.0138435363769531
0.173736572265625 -0.0521087646484375 0.0340385437011719 0.00403594970703125
0.15655517578125 -0.00848388671875 0.0674285888671875 -0.090789794921875
0.141494750976563 -0.0211029052734375 0.0880203247070313 -0.0639801025390625
0.137374877929688 -0.0842437744140625 0.0888824462890625 -0.0538864135742188
0.0687179565429687 -0.111518859863281 0.0647201538085938 -0.0570602416992188
0.0262527465820313 -0.118736267089844 0.0461997985839844 -0.0383338928222656
-0.036041259765625 -0.102226257324219 0.0266609191894531 -0.0231056213378906
-0.0708541870117187 -0.0776214599609375 0.0348033905029297 -0.0107707977294922
-0.0674591064453125 -0.0810775756835938 0.0466041564941406 0.00211715698242187
-0.08050537109375 -0.075897216796875 0.0430831909179687 0.0196380615234375
-0.0495376586914063 -0.0852737426757812 0.02935791015625 0.0464973449707031
-0.0176544189453125 -0.111305236816406 0.00790786743164063 0.0455780029296875
0.02215576171875 -0.11846923828125 -0.0208377838134766 0.0257701873779297
0.112495422363281 -0.091583251953125 -0.0213985443115234 -0.00291061401367188
0.132591247558594 -0.0536575317382813 0.00834846496582032 -0.0325450897216797
0.158920288085938 -0.01690673828125 0.0875396728515625 -0.00460052490234375
0.106483459472656 0.0120849609375 0.110733032226563 -0.0958786010742188
0.1064453125 -0.00225067138671875 0.112113952636719 -0.078094482421875
0.107185363769531 -0.0549697875976563 0.0852203369140625 -0.0539016723632813
0.0540771484375 -0.0815658569335937 0.0633888244628906 -0.0420989990234375
0.0231475830078125 -0.086944580078125 0.0496902465820313 -0.0140609741210938
-0.0238189697265625 -0.0800247192382813 0.0466461181640625 0.00439071655273437
-0.0502967834472656 -0.064849853515625 0.0649032592773437 0.0102691650390625
-0.0456008911132812 -0.07049560546875 0.071807861328125 0.0214920043945312
-0.0544891357421875 -0.0725479125976563 0.0653877258300781 0.0432052612304687
-0.0254745483398437 -0.076141357421875 0.0386962890625 0.0721969604492188
0.00666809082031251 -0.09283447265625 0.008392333984375 0.0636100769042969
0.0416793823242188 -0.089752197265625 -0.0174102783203125 0.0336570739746094
0.111862182617188 -0.0497283935546875 -0.0116109848022461 -0.000999450683593755
0.117469787597656 -0.008697509765625 0.0356178283691406 -0.0355415344238281
0.119430541992188 0.019378662109375 0.1309814453125 -0.000648498535156249
0.0436973571777344 0.0352859497070313 0.132087707519531 -0.0955352783203125
0.0580787658691406 0.0206947326660156 0.118789672851563 -0.0861740112304688
0.0650901794433594 -0.0133094787597656 0.0749969482421875 -0.048797607421875
0.0367012023925781 -0.036224365234375 0.0593833923339844 -0.0290908813476563
0.0230674743652344 -0.0412101745605469 0.0506057739257813 0.0024871826171875
-0.00243759155273438 -0.04681396484375 0.0605239868164063 0.0200424194335937
-0.0195465087890625 -0.0456504821777344 0.083770751953125 0.0239639282226562
-0.0185203552246094 -0.0496940612792969 0.0853042602539062 0.0379791259765625
-0.024383544921875 -0.0562171936035156 0.0778045654296875 0.0658187866210938
-0.00578689575195313 -0.0548057556152344 0.038818359375 0.0954666137695312
0.0185470581054687 -0.06219482421875 0.00157165527343751 0.0811309814453125
0.0443191528320313 -0.0535430908203125 -0.0179405212402344 0.0450668334960938
0.0888519287109375 -0.0119400024414063 -0.00714015960693359 0.0101356506347656
0.0827560424804688 0.0266799926757813 0.0541152954101563 -0.0231781005859375
0.0627365112304688 0.0470848083496094 0.1571044921875 0.0155792236328125
0.00824737548828125 -0.0632133483886719 -0.163482666015625 -0.00811767578124999
-0.0328407287597656 -0.0300750732421875 -0.0637969970703125 0.0174064636230469
-0.0437278747558594 -0.00284576416015624 0.0140151977539062 -0.0237998962402344
-0.0293998718261719 0.0229282379150391 0.02801513671875 -0.0657539367675781
-0.0163993835449219 0.0236568450927734 0.00946807861328126 -0.0996627807617188
-0.00361251831054688 0.026092529296875 -0.043609619140625 -0.114334106445313
-0.0071563720703125 0.0247993469238281 -0.09661865234375 -0.0784378051757812
-0.0143642425537109 0.0220012664794922 -0.0960845947265625 -0.046295166015625
-0.0168228149414062 0.0237045288085938 -0.0916519165039063 -0.0247650146484375
-0.0221748352050781 0.00876426696777344 -0.0756683349609375 -0.022491455078125
-0.0266799926757813 0.00020408630371094 -0.0587501525878906 -0.000625610351562509
-0.0317058563232422 -0.0107402801513672 -0.0600700378417969 0.02197265625
-0.0252208709716797 -0.0349311828613281 -0.0740280151367188 0.0416183471679687
-0.0120620727539063 -0.0527153015136719 -0.1064453125 0.0896759033203125
0.0148429870605469 -0.066009521484375 -0.13958740234375 0.0941009521484375
0.0770950317382813 -0.070770263671875 -0.15081787109375 -0.0309600830078125
0.0252799987792969 -0.0421714782714844 -0.0554580688476562 0.00049972534179687
0.00946426391601563 -0.0344047546386719 0.0259552001953125 -0.0372314453125
-0.000586509704589844 -0.0160732269287109 0.0341339111328125 -0.0775146484375
-0.0039215087890625 -0.0203990936279297 0.016510009765625 -0.106956481933594
-0.0173587799072266 -0.0137605667114258 -0.0394973754882813 -0.119255065917969
-0.0366249084472656 -0.00500106811523437 -0.08892822265625 -0.0832443237304687
-0.0454940795898438 -0.00737380981445312 -0.0839385986328125 -0.049835205078125
-0.0548133850097656 -0.00104904174804689 -0.08135986328125 -0.026123046875
-0.0507354736328125 -0.0213050842285156 -0.0657539367675781 -0.0184745788574219
-0.04339599609375 -0.0429573059082031 -0.05047607421875 0.00185394287109374
-0.0311698913574219 -0.0610389709472656 -0.0561332702636719 0.0195121765136719
0.0120925903320313 -0.0793304443359375 -0.0627098083496094 0.0329399108886719
0.0345840454101563 -0.0855560302734375 -0.090545654296875 0.0753936767578125
0.0791091918945313 -0.0868377685546875 -0.115737915039062 0.0795516967773438
0.136558532714844 -0.0682296752929688 -0.11517333984375 -0.0514144897460938
0.0844192504882813 -0.0475311279296875 -0.0307903289794922 -0.0149593353271484
0.068145751953125 -0.0665550231933594 0.0445594787597656 -0.0469779968261719
0.0311393737792969 -0.0599594116210937 0.0431442260742187 -0.0855560302734375
0.00984191894531251 -0.0687904357910156 0.0223464965820313 -0.105934143066406
-0.0293922424316406 -0.0554695129394531 -0.0323562622070313 -0.110877990722656
-0.0624809265136719 -0.0350494384765625 -0.0695419311523438 -0.0766143798828125
-0.0700798034667969 -0.03643798828125 -0.0585403442382813 -0.0451278686523438
-0.085540771484375 -0.0249862670898437 -0.0565147399902344 -0.0224075317382813
-0.07281494140625 -0.046234130859375 -0.0451126098632813 -0.0080413818359375
-0.0579605102539062 -0.0774765014648437 -0.0359344482421875 0.00879669189453125
-0.0338134765625 -0.10089111328125 -0.0494461059570313 0.0195808410644531
0.0412826538085938 -0.116264343261719 -0.0522918701171875 0.0234489440917969
0.0734405517578125 -0.109611511230469 -0.07049560546875 0.0506210327148437
0.129852294921875 -0.0962677001953125 -0.0747833251953125 0.05560302734375
0.174942016601563 -0.0576934814453125 -0.0603828430175781 -0.0695533752441406
0.1322021484375 -0.0486984252929688 0.00589179992675782 -0.0301914215087891
0.116622924804687 -0.0949172973632812 0.0648765563964844 -0.0532341003417969
0.0558547973632812 -0.101181030273438 0.0526199340820312 -0.0843429565429687
0.017669677734375 -0.109390258789062 0.0298004150390625 -0.09326171875
-0.0400390625 -0.0897369384765625 -0.0189208984375 -0.0883560180664063
-0.0799789428710937 -0.0598831176757813 -0.0399360656738281 -0.0598220825195313
-0.0844497680664063 -0.0603256225585938 -0.0246200561523438 -0.0351829528808594
-0.1026611328125 -0.0461883544921875 -0.0239772796630859 -0.0145835876464844
-0.082489013671875 -0.0658493041992188 -0.01763916015625 0.00597381591796874
-0.0625381469726563 -0.102027893066406 -0.0185260772705078 0.0182456970214844
-0.0293960571289063 -0.126449584960938 -0.0398101806640625 0.0208358764648437
0.066253662109375 -0.135787963867188 -0.0429344177246094 0.0129356384277344
0.103561401367188 -0.116432189941406 -0.0481300354003906 0.0188674926757813
0.163558959960938 -0.0898590087890625 -0.0228385925292969 0.0281486511230469
0.183090209960938 -0.0412139892578125 0.00328826904296876 -0.0842437744140625
0.153060913085938 -0.044036865234375 0.0482177734375 -0.0486869812011719
0.140945434570313 -0.107330322265625 0.0803375244140625 -0.0575714111328125
0.0665435791015625 -0.123497009277344 0.0601119995117188 -0.0750274658203125
0.0196762084960938 -0.130485534667969 0.038604736328125 -0.0700836181640625
-0.046356201171875 -0.10601806640625 0.0023040771484375 -0.0569419860839844
-0.0855636596679687 -0.0734786987304688 -0.00305557250976563 -0.0368614196777344
-0.0860443115234375 -0.0748291015625 0.0131778717041016 -0.0195560455322266
-0.102951049804688 -0.0626754760742187 0.0125255584716797 -0.00135040283203125
-0.0752716064453125 -0.0787506103515625 0.0106353759765625 0.0235462188720703
-0.0500564575195313 -0.114028930664063 -0.00156211853027344 0.0303821563720703
-0.0122222900390625 -0.13470458984375 -0.0298671722412109 0.0229606628417969
0.0910415649414063 -0.13104248046875 -0.0335063934326172 0.00312042236328125
0.125091552734375 -0.09954833984375 -0.0221900939941406 -0.0126895904541016
0.175750732421875 -0.0655670166015625 0.0347576141357422 0.0042266845703125
0.159866333007812 -0.0205230712890625 0.0634078979492188 -0.0961837768554688
0.14324951171875 -0.0305633544921875 0.085723876953125 -0.0681991577148438
0.134475708007812 -0.096343994140625 0.0874404907226563 -0.0598297119140625
0.063079833984375 -0.117813110351563 0.0637550354003906 -0.0613327026367188
0.018096923828125 -0.123176574707031 0.0460929870605469 -0.0416526794433594
-0.0437088012695313 -0.101951599121094 0.0269565582275391 -0.0239944458007813
-0.0768814086914063 -0.0735015869140625 0.0349941253662109 -0.0137367248535156
-0.07470703125 -0.0772018432617188 0.0482521057128906 -0.00199127197265625
-0.0873565673828125 -0.071075439453125 0.0448036193847656 0.0171546936035156
-0.0556182861328125 -0.083038330078125 0.0322799682617188 0.0462875366210937
-0.0257034301757813 -0.111801147460938 0.00917434692382813 0.046173095703125
0.0137100219726563 -0.122886657714844 -0.0220432281494141 0.0272331237792969
0.109260559082031 -0.101905822753906 -0.0229339599609375 -0.00229263305664063
0.132537841796875 -0.0631942749023438 0.00579071044921876 -0.0342063903808594
0.161453247070313 -0.0286407470703125 0.0889968872070313 -0.0094757080078125
0.111381530761719 0.00487518310546875 0.107673645019531 -0.104606628417969
0.10894775390625 -0.0092315673828125 0.109657287597656 -0.0846710205078125
0.105873107910156 -0.0638427734375 0.0838088989257813 -0.0591201782226563
0.050262451171875 -0.0863037109375 0.0628776550292969 -0.0458641052246094
0.0168685913085937 -0.090789794921875 0.0513458251953125 -0.01690673828125
-0.0300140380859375 -0.0795669555664063 0.0490379333496094 0.001983642578125
-0.054901123046875 -0.0623931884765625 0.0678329467773437 0.00528717041015625
-0.0522346496582031 -0.06842041015625 0.0743484497070313 0.0164337158203125
-0.06085205078125 -0.0688743591308594 0.0702476501464844 0.0396537780761719
-0.0303497314453125 -0.0756683349609375 0.0437088012695313 0.071502685546875
-5.34057617187515E-05 -0.0936660766601563 0.0108451843261719 0.0650062561035156
0.0360260009765625 -0.0945892333984375 -0.0176010131835937 0.0358848571777344
0.11126708984375 -0.0591583251953125 -0.0129489898681641 -0.00037765502929688
0.120475769042969 -0.0171661376953125 0.0330467224121094 -0.0386695861816406
0.124420166015625 0.0115203857421875 0.133079528808594 -0.0084228515625
0.0476799011230469 0.0329093933105469 0.12982177734375 -0.106246948242188
0.0611572265625 0.0179367065429688 0.116416931152344 -0.094268798828125
0.0659561157226563 -0.0182151794433594 0.0735931396484375 -0.05328369140625
0.0343818664550781 -0.0392341613769531 0.0596046447753906 -0.0321197509765625
0.0198745727539063 -0.0437202453613281 0.0530548095703125 0.000560760498046872
-0.00648117065429687 -0.0474433898925781 0.0643882751464844 0.0168952941894531
-0.0225906372070313 -0.043701171875 0.0881118774414063 0.0179519653320313
-0.0225906372070312 -0.0488128662109375 0.0893783569335938 0.0315093994140625
-0.029144287109375 -0.055572509765625 0.0837860107421875 0.0612716674804688
-0.00926208496093751 -0.0551300048828125 0.0458526611328125 0.0956497192382813
0.0147476196289063 -0.064361572265625 0.00524139404296876 0.0832748413085938
0.0411872863769531 -0.0580101013183594 -0.017333984375 0.0470085144042969
0.0907135009765625 -0.0187759399414063 -0.00730895996093749 0.0100212097167969
0.0862350463867188 0.02239990234375 0.0530548095703125 -0.0275077819824219
0.0673446655273437 0.0438804626464844 0.160385131835938 0.006256103515625
0.00356292724609375 -0.0633926391601563 -0.161849975585938 0.0026702880859375
-0.0339946746826172 -0.0282363891601563 -0.0606117248535156 0.0215187072753906
-0.0433769226074219 0.000312805175781246 0.0134906768798828 -0.0234375
-0.0263671875 0.0247840881347656 0.0247879028320313 -0.0658340454101563
-0.0138969421386719 0.0251598358154297 0.00421142578124999 -0.0994415283203125
-0.00123405456542969 0.0246868133544922 -0.0505447387695313 -0.111732482910156
-0.00531578063964844 0.0235118865966797 -0.101364135742188 -0.0706634521484375
-0.0126457214355469 0.0223121643066406 -0.0984725952148438 -0.0386123657226563
-0.0142002105712891 0.0241832733154297 -0.0936737060546875 -0.0172042846679688
-0.0212936401367188 0.00926017761230468 -0.0784988403320312 -0.0170516967773437
-0.0251846313476563 0.00154495239257813 -0.0597457885742188 0.00301361083984375
-0.0313377380371094 -0.00838279724121094 -0.0593414306640625 0.0249176025390625
-0.0280475616455078 -0.03228759765625 -0.071044921875 0.0444107055664063
-0.0157546997070313 -0.0510940551757813 -0.0997161865234375 0.095672607421875
0.0100860595703125 -0.0665512084960937 -0.132499694824219 0.105110168457031
0.0716781616210938 -0.07562255859375 -0.150985717773438 -0.0204010009765625
0.0225105285644531 -0.0431861877441406 -0.0533370971679687 0.00500106811523436
0.00682830810546875 -0.0349273681640625 0.0241546630859375 -0.0374794006347656
-0.0010833740234375 -0.0158376693725586 0.03021240234375 -0.078125
-0.00479888916015625 -0.0200862884521484 0.01055908203125 -0.107231140136719
-0.0170774459838867 -0.0134801864624023 -0.04638671875 -0.116294860839844
-0.0370445251464844 -0.00315475463867188 -0.09405517578125 -0.0762405395507812
-0.0457267761230469 -0.00458526611328125 -0.08648681640625 -0.042572021484375
-0.0541152954101563 0.0028533935546875 -0.0837326049804688 -0.0189590454101562
-0.0509529113769531 -0.0183792114257812 -0.0685997009277344 -0.0131034851074219
-0.0446929931640625 -0.0401458740234375 -0.0517349243164063 0.00537109375
-0.0349044799804687 -0.0575523376464844 -0.0556564331054687 0.0224075317382813
0.006439208984375 -0.0790786743164063 -0.0601081848144531 0.034759521484375
0.0282135009765625 -0.0867691040039062 -0.0847091674804688 0.0805892944335937
0.072509765625 -0.0919342041015625 -0.109771728515625 0.0885848999023438
0.130912780761719 -0.077484130859375 -0.11651611328125 -0.0429611206054688
0.0815048217773438 -0.0524063110351563 -0.0300369262695312 -0.0109291076660156
0.0628128051757813 -0.0713653564453125 0.04150390625 -0.048187255859375
0.027496337890625 -0.0612754821777344 0.0388336181640625 -0.0858917236328125
0.00488662719726562 -0.0690231323242188 0.0166397094726563 -0.106666564941406
-0.0323486328125 -0.0539970397949219 -0.0389633178710938 -0.107963562011719
-0.064239501953125 -0.0315589904785156 -0.0747451782226562 -0.0708465576171875
-0.0723953247070313 -0.03216552734375 -0.061309814453125 -0.0407524108886719
-0.0862884521484375 -0.0185546875 -0.058929443359375 -0.0173759460449219
-0.0750045776367188 -0.041229248046875 -0.0471916198730469 -0.00419616699218751
-0.0620803833007813 -0.0738677978515625 -0.0375251770019531 0.0111236572265625
-0.0398635864257813 -0.0972518920898438 -0.0490570068359375 0.0225906372070312
0.0337066650390625 -0.117950439453125 -0.0503311157226563 0.0251121520996094
0.06494140625 -0.113296508789063 -0.0666389465332031 0.0548248291015625
0.122917175292969 -0.105735778808594 -0.0709152221679687 0.0621795654296875
0.169647216796875 -0.0698394775390625 -0.063507080078125 -0.0641098022460938
0.128166198730469 -0.0571060180664063 0.0056133270263672 -0.0279827117919922
0.108627319335938 -0.103302001953125 0.0610542297363281 -0.0562705993652344
0.0492019653320313 -0.103828430175781 0.0481796264648438 -0.0857620239257813
0.0092010498046875 -0.110099792480469 0.0248641967773437 -0.094635009765625
-0.0460662841796875 -0.0862884521484375 -0.0231781005859375 -0.0857772827148438
-0.0829849243164062 -0.0537490844726563 -0.0438957214355469 -0.0565986633300781
-0.08892822265625 -0.0540390014648438 -0.0271587371826172 -0.0331039428710938
-0.1051025390625 -0.037872314453125 -0.0251827239990234 -0.0120067596435547
-0.0855636596679687 -0.0595321655273438 -0.0187644958496094 0.00750923156738281
-0.0680084228515625 -0.0970001220703125 -0.0190258026123047 0.0197734832763672
-0.038421630859375 -0.123634338378906 -0.04046630859375 0.0231361389160156
0.0572052001953125 -0.139633178710937 -0.0420608520507812 0.0144119262695312
0.0953216552734375 -0.122100830078125 -0.0463600158691406 0.0218772888183594
0.157150268554688 -0.101455688476563 -0.0202922821044922 0.0321140289306641
0.179580688476562 -0.0539703369140625 -0.0016326904296875 -0.0829238891601563
0.150360107421875 -0.0533294677734375 0.0460853576660156 -0.0482368469238281
0.131965637207031 -0.117095947265625 0.0765304565429688 -0.0611495971679688
0.0579757690429688 -0.126693725585938 0.0565338134765625 -0.07733154296875
0.00939178466796874 -0.131240844726563 0.0351104736328125 -0.0717544555664063
-0.05303955078125 -0.102149963378906 0.000240325927734371 -0.055633544921875
-0.0895767211914062 -0.066650390625 -0.00494766235351563 -0.0363807678222656
-0.0913619995117188 -0.0684967041015625 0.0112648010253906 -0.0199985504150391
-0.10662841796875 -0.0541000366210937 0.0114030838012695 -0.00145435333251953
-0.0797805786132812 -0.073486328125 0.0110931396484375 0.0234050750732422
-0.057586669921875 -0.109786987304688 -0.00158882141113282 0.0300979614257812
-0.0220947265625 -0.132041931152344 -0.0297470092773438 0.0249843597412109
0.0818328857421875 -0.137283325195313 -0.0333633422851562 0.00417900085449218
0.11749267578125 -0.107597351074219 -0.0233097076416016 -0.0108814239501953
0.169998168945312 -0.0784759521484375 0.0342807769775391 0.00356101989746093
0.158218383789063 -0.031524658203125 0.0569000244140625 -0.0995025634765625
0.14111328125 -0.0395355224609375 0.081756591796875 -0.0706787109375
0.127609252929688 -0.104927062988281 0.0829010009765625 -0.0638809204101563
0.0547332763671875 -0.121040344238281 0.0603485107421875 -0.0639266967773438
0.00864410400390625 -0.123809814453125 0.0443916320800781 -0.0445060729980469
-0.05047607421875 -0.09808349609375 0.0270481109619141 -0.0251064300537109
-0.0811691284179688 -0.0674667358398438 0.0351791381835937 -0.0160675048828125
-0.080078125 -0.0720672607421875 0.0458946228027344 -0.00528717041015625
-0.0920639038085938 -0.063690185546875 0.0459938049316406 0.0139999389648437
-0.060272216796875 -0.078826904296875 0.0343208312988281 0.0442848205566406
-0.0330734252929688 -0.108871459960938 0.0102500915527344 0.0454254150390625
0.004913330078125 -0.122779846191406 -0.0220413208007812 0.0290050506591797
0.102195739746094 -0.109542846679688 -0.0235824584960937 -0.00228881835937501
0.127609252929688 -0.0713119506835938 0.00258636474609376 -0.03399658203125
0.159622192382813 -0.0406494140625 0.08673095703125 -0.0141372680664063
0.111328125 -0.00330352783203125 0.100288391113281 -0.110702514648438
0.108238220214844 -0.0158462524414063 0.103660583496094 -0.0896987915039063
0.101165771484375 -0.0711135864257813 0.0794525146484375 -0.063079833984375
0.0438003540039063 -0.0889358520507813 0.0602569580078125 -0.0484962463378906
0.00978851318359376 -0.0915145874023438 0.0506973266601562 -0.0200309753417969
-0.035552978515625 -0.0767745971679688 0.0506668090820313 -0.000526428222656255
-0.0587501525878906 -0.0573463439941406 0.0681991577148438 0.000366210937499996
-0.0569076538085938 -0.0636405944824219 0.074462890625 0.0100631713867187
-0.0659103393554687 -0.0630989074707031 0.0720443725585938 0.034027099609375
-0.03533935546875 -0.0725555419921875 0.0483741760253906 0.0687637329101563
-0.0066375732421875 -0.0926055908203125 0.0133056640625 0.064239501953125
0.0284652709960938 -0.0962753295898438 -0.0167083740234375 0.0360755920410156
0.106605529785156 -0.0673294067382812 -0.0133523941040039 -0.00047397613525391
0.118621826171875 -0.0249252319335938 0.0298538208007813 -0.0405769348144531
0.125282287597656 0.0017242431640625 0.1309814453125 -0.0164642333984375
0.0498313903808594 0.0289840698242188 0.122291564941406 -0.114410400390625
0.0617294311523438 0.0137062072753906 0.108734130859375 -0.0998382568359375
0.0644416809082031 -0.0234832763671875 0.0700149536132813 -0.0565452575683594
0.0313949584960938 -0.0414886474609375 0.0584259033203125 -0.0351371765136719
0.0161476135253906 -0.0455207824707031 0.053680419921875 -0.0028076171875
-0.00999069213867188 -0.0454597473144531 0.0667839050292969 0.0132408142089844
-0.0256423950195312 -0.0406875610351563 0.08892822265625 0.0112686157226563
-0.0258598327636719 -0.0462493896484375 0.0907440185546875 0.0244369506835938
-0.0334892272949219 -0.0517616271972656 0.0872726440429688 0.0545730590820313
-0.0131645202636719 -0.0533027648925781 0.0520477294921875 0.0922698974609375
0.00984954833984376 -0.0643501281738281 0.009490966796875 0.0825881958007813
0.0363540649414063 -0.0604705810546875 -0.0159149169921875 0.0471000671386719
0.0887222290039063 -0.025604248046875 -0.00738334655761718 0.00916767120361328
0.087615966796875 0.0157241821289062 0.0495529174804688 -0.0310478210449219
0.0703887939453125 0.038330078125 0.158660888671875 -0.00396728515625
0.000366210937499996 -0.0615463256835937 -0.15716552734375 0.009735107421875
-0.0346755981445313 -0.0262889862060547 -0.0572433471679687 0.024383544921875
-0.0429649353027344 0.00269317626953126 0.0127220153808594 -0.0220699310302734
-0.0238761901855469 0.0262413024902344 0.0229721069335937 -0.0646934509277344
-0.0115909576416016 0.0251674652099609 0.00094604492187499 -0.0970535278320312
3.81469726562494E-05 0.0235233306884766 -0.05401611328125 -0.107856750488281
-0.004150390625 0.0222225189208984 -0.102043151855469 -0.0644912719726563
-0.0117092132568359 0.022064208984375 -0.0983352661132813 -0.0322265625
-0.0127067565917969 0.0231685638427734 -0.0931777954101563 -0.0113754272460937
-0.01971435546875 0.00919723510742187 -0.079132080078125 -0.0124130249023438
-0.023681640625 0.002288818359375 -0.0595855712890625 0.0054168701171875
-0.0308132171630859 -0.00568962097167969 -0.0580253601074219 0.026397705078125
-0.0287227630615234 -0.0294837951660156 -0.0683250427246094 0.0451316833496094
-0.0181541442871094 -0.04876708984375 -0.0933380126953125 0.0979843139648438
0.0069427490234375 -0.0654411315917969 -0.125267028808594 0.110359191894531
0.066619873046875 -0.0768356323242188 -0.147048950195313 -0.0125274658203125
0.0204315185546875 -0.0435829162597656 -0.0505714416503906 0.00798797607421874
0.00468635559082032 -0.0347061157226563 0.0224952697753906 -0.0370292663574219
-0.00121021270751953 -0.0150833129882812 0.02777099609375 -0.0767593383789063
-0.0055389404296875 -0.0191364288330078 0.00675201416015624 -0.10498046875
-0.0172710418701172 -0.0133047103881836 -0.0503387451171875 -0.111534118652344
-0.0367240905761719 -0.00251388549804688 -0.095428466796875 -0.0692901611328125
-0.0452117919921875 -0.00288009643554688 -0.0872344970703125 -0.0367584228515625
-0.0524330139160156 0.00487136840820312 -0.0830078125 -0.013275146484375
-0.0504379272460938 -0.0166091918945312 -0.0693473815917969 -0.0091094970703125
-0.044830322265625 -0.0371627807617187 -0.0523948669433594 0.00703048706054687
-0.0361557006835938 -0.0538520812988281 -0.0547218322753906 0.023590087890625
0.00273895263671876 -0.077056884765625 -0.0582656860351562 0.0358619689941406
0.0236968994140625 -0.0852813720703125 -0.0793838500976563 0.0826187133789062
0.0665817260742187 -0.0939102172851562 -0.103843688964844 0.093902587890625
0.124107360839844 -0.0821075439453125 -0.114646911621094 -0.0357284545898438
0.0779571533203125 -0.0551986694335937 -0.0278396606445313 -0.00728797912597657
0.0578765869140625 -0.0726776123046875 0.0396385192871094 -0.0483016967773438
0.0246429443359375 -0.0610847473144531 0.0358810424804688 -0.0846023559570313
0.00146484374999999 -0.0670318603515625 0.0129470825195312 -0.104881286621094
-0.0339736938476562 -0.051483154296875 -0.0412521362304687 -0.103485107421875
-0.0644035339355469 -0.0280799865722656 -0.0759506225585937 -0.0656967163085938
-0.07305908203125 -0.028167724609375 -0.0625534057617188 -0.0362892150878906
-0.0852737426757813 -0.0138778686523437 -0.0591354370117188 -0.0132484436035156
-0.0746841430664063 -0.0370254516601562 -0.0473518371582031 -0.00135803222656251
-0.0628662109375 -0.0689849853515625 -0.0380134582519531 0.0127105712890625
-0.0435333251953125 -0.0925140380859375 -0.0487136840820313 0.0241165161132813
0.0274505615234375 -0.11669921875 -0.0491256713867188 0.0252113342285156
0.0587539672851563 -0.113075256347656 -0.0626564025878906 0.0572891235351563
0.116165161132813 -0.109580993652344 -0.0664710998535156 0.0662307739257812
0.1627197265625 -0.076690673828125 -0.0637321472167968 -0.0584602355957031
0.123298645019531 -0.0616073608398438 0.00640869140625001 -0.0252742767333984
0.100608825683594 -0.106239318847656 0.057525634765625 -0.0559616088867188
0.043304443359375 -0.103530883789063 0.0455093383789062 -0.084930419921875
0.00376129150390625 -0.108322143554688 0.0217819213867188 -0.092926025390625
-0.0481796264648437 -0.0824432373046875 -0.0248947143554688 -0.0828781127929688
-0.0835952758789062 -0.0491409301757813 -0.0451583862304687 -0.0526504516601563
-0.089874267578125 -0.0488967895507813 -0.0286121368408203 -0.0306644439697266
-0.103752136230469 -0.0314178466796875 -0.0259723663330078 -0.00908851623535156
-0.0857162475585937 -0.054901123046875 -0.0190982818603516 0.00890159606933593
-0.0709686279296875 -0.0916061401367188 -0.0200786590576172 0.0202350616455078
-0.0430145263671875 -0.118354797363281 -0.0405311584472656 0.0245437622070312
0.0493011474609375 -0.139938354492188 -0.0415878295898438 0.0141792297363281
0.0875473022460938 -0.123092651367188 -0.0445404052734375 0.024017333984375
0.14923095703125 -0.1080322265625 -0.0188808441162109 0.0340805053710937
0.172943115234375 -0.0625152587890625 -0.00389862060546874 -0.0801925659179688
0.144866943359375 -0.0588226318359375 0.0445289611816406 -0.0472869873046875
0.123001098632813 -0.120925903320313 0.0719985961914063 -0.0617294311523438
0.0507431030273437 -0.126396179199219 0.0532913208007813 -0.07696533203125
0.00242614746093749 -0.1285400390625 0.0323410034179688 -0.0713119506835938
-0.0570526123046875 -0.0969696044921875 -0.00069808959960938 -0.0535354614257813
-0.0904159545898438 -0.0606689453125 -0.00621795654296875 -0.0351905822753906
-0.0930709838867187 -0.0626449584960938 0.00937652587890625 -0.0206794738769531
-0.106887817382812 -0.0466537475585938 0.011021614074707 -0.00131797790527344
-0.0812225341796875 -0.0678634643554687 0.0105552673339844 0.0229206085205078
-0.0613174438476562 -0.104537963867188 -0.00243949890136719 0.0299053192138672
-0.0276641845703125 -0.127479553222656 -0.0305252075195313 0.0256690979003906
0.0736312866210937 -0.138893127441406 -0.0331306457519531 0.00368118286132811
0.110519409179687 -0.110107421875 -0.0244655609130859 -0.00938796997070313
0.163665771484375 -0.085723876953125 0.0337734222412109 0.00350379943847656
0.153427124023438 -0.038604736328125 0.0525894165039063 -0.0990447998046875
0.136787414550781 -0.0444488525390625 0.0786209106445313 -0.07049560546875
0.119171142578125 -0.109336853027344 0.078369140625 -0.0645065307617188
0.047821044921875 -0.120437622070313 0.0578727722167969 -0.0638809204101563
0.00231933593749999 -0.121841430664063 0.0430183410644531 -0.0450630187988281
-0.053863525390625 -0.0929336547851562 0.027557373046875 -0.0250282287597656
-0.0821380615234375 -0.0613937377929688 0.0337123870849609 -0.0177211761474609
-0.0819168090820313 -0.0656661987304688 0.0449714660644531 -0.00770187377929688
-0.0932388305664063 -0.05670166015625 0.0451393127441406 0.0117454528808594
-0.0624160766601562 -0.0736770629882813 0.0352668762207031 0.0418968200683594
-0.0374832153320313 -0.104087829589844 0.00965118408203125 0.0445709228515625
-0.000953674316406239 -0.120010375976563 -0.0221233367919922 0.0287704467773437
0.094879150390625 -0.113395690917969 -0.0236968994140625 -0.00216293334960938
0.122344970703125 -0.0758819580078125 0.000431060791015629 -0.0334186553955078
0.154815673828125 -0.0478668212890625 0.0838775634765625 -0.0162734985351563
0.108634948730469 -0.00894927978515625 0.0934906005859375 -0.112892150878906
0.105621337890625 -0.0200119018554688 0.0979690551757813 -0.09014892578125
0.0957870483398438 -0.0749588012695313 0.07574462890625 -0.0634536743164063
0.0387115478515625 -0.089141845703125 0.0584564208984375 -0.0490608215332031
0.004852294921875 -0.089935302734375 0.0501289367675781 -0.0215110778808594
-0.0384140014648438 -0.0728302001953125 0.0517539978027344 -0.0026092529296875
-0.0594558715820313 -0.053070068359375 0.0673370361328125 -0.00368118286132813
-0.05950927734375 -0.0590438842773437 0.0728759765625 0.00595855712890625
-0.0678176879882813 -0.0575180053710938 0.071380615234375 0.0296630859375
-0.0382423400878906 -0.0691795349121094 0.0500869750976562 0.0652351379394531
-0.0110931396484375 -0.0897674560546875 0.0137062072753906 0.0628623962402344
0.0231857299804688 -0.095306396484375 -0.0168685913085937 0.0358390808105469
0.101844787597656 -0.0718307495117188 -0.0138559341430664 -0.00133991241455079
0.115318298339844 -0.0299301147460938 0.0257415771484375 -0.0410308837890625
0.123054504394531 -0.00420379638671875 0.126655578613281 -0.0206222534179688
0.0501708984375 0.0254058837890625 0.115150451660156 -0.117721557617188
0.06121826171875 0.010894775390625 0.102798461914063 -0.101356506347656
0.062530517578125 -0.0264167785644531 0.0662345886230469 -0.0574684143066406
0.0287818908691406 -0.0419082641601563 0.0566978454589844 -0.03558349609375
0.0134429931640625 -0.0453605651855469 0.0539779663085938 -0.00514984130859375
-0.0122871398925781 -0.0438919067382813 0.0673141479492188 0.0103759765625
-0.0266380310058594 -0.03790283203125 0.0881729125976563 0.006103515625
-0.0279655456542969 -0.043548583984375 0.0892105102539063 0.0186691284179687
-0.0356101989746094 -0.0475273132324219 0.08770751953125 0.0487289428710938
-0.0151519775390625 -0.0514106750488281 0.0553054809570312 0.0882568359375
0.00606155395507812 -0.0630607604980469 0.010528564453125 0.0808868408203125
0.0325851440429688 -0.0609016418457031 -0.0153617858886719 0.04656982421875
0.0858383178710938 -0.029998779296875 -0.00763130187988281 0.0089569091796875
0.0865859985351563 0.0117874145507813 0.0457420349121094 -0.03326416015625
0.0709991455078125 0.034576416015625 0.15411376953125 -0.009979248046875
-0.00190353393554687 -0.060211181640625 -0.15411376953125 0.012603759765625
-0.0342731475830078 -0.0253524780273437 -0.0550651550292969 0.0250282287597656
-0.0419578552246094 0.00382995605468751 0.013214111328125 -0.0206298828125
-0.0223598480224609 0.0266590118408203 0.0226325988769531 -0.06280517578125
-0.0101089477539063 0.0255031585693359 0.00116729736328125 -0.0955657958984375
0.000974655151367187 0.0217552185058594 -0.0552291870117188 -0.105491638183594
-0.00432395935058594 0.0216140747070312 -0.101539611816406 -0.0602874755859375
-0.0112667083740234 0.0222187042236328 -0.0978012084960938 -0.0289764404296875
-0.0122871398925781 0.0226058959960937 -0.0920333862304688 -0.007843017578125
-0.01947021484375 0.00857353210449219 -0.0799407958984375 -0.010498046875
-0.0231208801269531 0.0015106201171875 -0.0603141784667969 0.00586318969726563
-0.0304737091064453 -0.00459098815917968 -0.057861328125 0.0267601013183594
-0.0290489196777344 -0.0277652740478516 -0.0671768188476563 0.0444793701171875
-0.0189132690429687 -0.0470657348632812 -0.090179443359375 0.0974578857421875
0.00432205200195312 -0.0649147033691406 -0.121917724609375 0.112991333007813
0.06304931640625 -0.0769500732421875 -0.14404296875 -0.00949096679687499
0.0194778442382812 -0.0432090759277344 -0.0481681823730469 0.00991439819335938
0.00359344482421875 -0.0345401763916016 0.0221710205078125 -0.0352020263671875
-0.000897407531738282 -0.0139341354370117 0.0275497436523437 -0.075164794921875
-0.00533866882324219 -0.0186748504638672 0.00638580322265624 -0.103271484375
-0.0172262191772461 -0.0134191513061523 -0.0509719848632812 -0.109474182128906
-0.0360336303710938 -0.00163650512695313 -0.0949935913085937 -0.0658721923828125
-0.0450248718261719 -0.00193786621093749 -0.0867385864257813 -0.03375244140625
-0.0516204833984375 0.00546646118164062 -0.0826416015625 -0.00972747802734375
-0.0496826171875 -0.0157737731933594 -0.07061767578125 -0.00676727294921877
-0.044342041015625 -0.0366172790527344 -0.05316162109375 0.00780487060546875
-0.0361175537109375 -0.0515594482421875 -0.0548439025878906 0.0241279602050781
0.000991821289062499 -0.0753631591796875 -0.0571937561035156 0.0347442626953125
0.0217514038085938 -0.083831787109375 -0.0766448974609375 0.0829010009765625
0.0635147094726563 -0.0943756103515625 -0.100906372070312 0.0957489013671875
0.120262145996094 -0.0830764770507813 -0.112876892089844 -0.0322189331054687
0.0759353637695313 -0.0558547973632813 -0.0264663696289063 -0.00542831420898438
0.0544967651367188 -0.0734710693359375 0.0379447937011719 -0.0464057922363281
0.0231246948242188 -0.0604667663574219 0.0356063842773438 -0.08343505859375
2.67028808593772E-05 -0.0660629272460937 0.0124282836914062 -0.102996826171875
-0.0342140197753906 -0.050079345703125 -0.0415115356445312 -0.100936889648438
-0.0637741088867188 -0.0263710021972656 -0.076171875 -0.0621871948242188
-0.0732421875 -0.0256805419921875 -0.0622100830078125 -0.0341682434082031
-0.0836257934570313 -0.0116958618164063 -0.059173583984375 -0.0105552673339844
-0.0738906860351563 -0.0356216430664063 -0.0488319396972656 0.000503540039062491
-0.0635452270507813 -0.0666389465332031 -0.038970947265625 0.0129890441894531
-0.0446929931640625 -0.0894775390625 -0.0499343872070313 0.024139404296875
0.0241165161132812 -0.115470886230469 -0.0492477416992187 0.0241317749023438
0.05511474609375 -0.111900329589844 -0.0604782104492187 0.0574607849121094
0.111740112304687 -0.111244201660156 -0.0643081665039063 0.0688209533691406
0.158843994140625 -0.07977294921875 -0.0627021789550781 -0.0557327270507813
0.121246337890625 -0.0633697509765625 0.00694465637207032 -0.0231990814208984
0.0966796875 -0.107757568359375 0.0557670593261719 -0.0543899536132813
0.0405349731445313 -0.102729797363281 0.0446243286132813 -0.08380126953125
0.000831604003906239 -0.106338500976562 0.021087646484375 -0.0914688110351563
-0.0494842529296875 -0.0799407958984375 -0.0246124267578125 -0.0809097290039063
-0.0834197998046875 -0.0462265014648438 -0.0453300476074219 -0.0502777099609375
-0.090850830078125 -0.0457916259765625 -0.0292644500732422 -0.0292110443115234
-0.103240966796875 -0.0281219482421875 -0.0262165069580078 -0.00815200805664063
-0.0852203369140625 -0.052032470703125 -0.0205287933349609 0.00986480712890625
-0.0712432861328125 -0.08880615234375 -0.0217552185058594 0.0202121734619141
-0.0452880859375 -0.113876342773438 -0.0410041809082031 0.0250129699707031
0.0457305908203125 -0.139533996582031 -0.0415420532226563 0.0131568908691406
0.0833663940429687 -0.122894287109375 -0.0435676574707031 0.0247955322265625
0.145431518554688 -0.11090087890625 -0.0179176330566406 0.0358238220214844
0.169174194335938 -0.0653533935546875 -0.00439453124999999 -0.0780181884765625
0.142349243164063 -0.061187744140625 0.0446815490722656 -0.0450172424316406
0.118293762207031 -0.122474670410156 0.0700225830078125 -0.0602836608886719
0.0477676391601563 -0.1253662109375 0.0529556274414063 -0.0758438110351563
-0.000907897949218756 -0.126701354980469 0.0320205688476563 -0.0710830688476563
-0.0579833984375 -0.0943527221679687 2.67028808593735E-05 -0.0528450012207031
-0.0905990600585937 -0.0573577880859375 -0.00620651245117188 -0.0343170166015625
-0.0942840576171875 -0.0592575073242187 0.00777244567871093 -0.0204944610595703
-0.106185913085937 -0.0429840087890625 0.010284423828125 -0.00152397155761719
-0.0814208984375 -0.0658035278320312 0.0095672607421875 0.0229434967041016
-0.06219482421875 -0.10107421875 -0.00374031066894532 0.0299243927001953
-0.031219482421875 -0.124717712402344 -0.0322780609130859 0.0257759094238281
0.0695877075195313 -0.139328002929688 -0.0338668823242187 0.00262832641601562
0.106330871582031 -0.110633850097656 -0.0243263244628906 -0.00828361511230469
0.159988403320313 -0.08984375 0.0330314636230469 0.00413894653320312
0.150054931640625 -0.0425872802734375 0.050262451171875 -0.0983657836914063
0.134597778320313 -0.0461044311523438 0.0768508911132813 -0.0688934326171875
0.115013122558594 -0.111007690429688 0.0761337280273438 -0.0632553100585938
0.04486083984375 -0.11993408203125 0.0574073791503906 -0.0629920959472656
-0.001251220703125 -0.120071411132813 0.0427742004394531 -0.0451622009277344
-0.0543594360351562 -0.0895538330078125 0.0281600952148438 -0.0250148773193359
-0.0822830200195313 -0.05853271484375 0.0332050323486328 -0.0187206268310547
-0.0832061767578125 -0.0621337890625 0.0428047180175781 -0.008697509765625
-0.0932235717773437 -0.0530548095703125 0.0434112548828125 0.010589599609375
-0.06317138671875 -0.0714187622070312 0.0346260070800781 0.0407943725585937
-0.0394210815429688 -0.101493835449219 0.00866317749023438 0.0439987182617187
-0.00480651855468749 -0.117469787597656 -0.0236339569091797 0.0285568237304687
0.0908737182617188 -0.114707946777344 -0.0242786407470703 -0.00362586975097657
0.118751525878906 -0.0765914916992188 -0.000822067260742183 -0.0326862335205078
0.152587890625 -0.0514984130859375 0.0821533203125 -0.016693115234375
0.107131958007813 -0.011322021484375 0.0908660888671875 -0.112846374511719
0.104347229003906 -0.0209197998046875 0.0954055786132813 -0.0894241333007813
0.0931549072265625 -0.0759124755859375 0.0736465454101563 -0.0624008178710938
0.0362625122070313 -0.0876388549804688 0.0577011108398438 -0.0487098693847656
0.00189208984375 -0.0894851684570313 0.0502166748046875 -0.0217132568359375
-0.0397262573242187 -0.0710296630859375 0.0529937744140625 -0.00342941284179688
-0.0600929260253906 -0.0498199462890625 0.0665321350097656 -0.00580978393554688
-0.06048583984375 -0.0565643310546875 0.0713119506835938 0.0037689208984375
-0.0686912536621094 -0.0544509887695313 0.07012939453125 0.0271644592285156
-0.0388565063476562 -0.0667572021484375 0.0502433776855469 0.0632972717285156
-0.0122299194335937 -0.0878982543945313 0.0134429931640625 0.0617218017578125
0.020263671875 -0.0940017700195313 -0.0179290771484375 0.0352745056152344
0.097869873046875 -0.0743637084960938 -0.0145730972290039 -0.00229930877685548
0.113021850585938 -0.0318756103515625 0.0232086181640625 -0.0413742065429688
0.121284484863281 -0.007568359375 0.123908996582031 -0.0223007202148438
0.0495452880859375 0.0232925415039062 0.110549926757813 -0.119155883789063
0.061187744140625 0.0104408264160156 0.0996627807617188 -0.10040283203125
0.0616874694824219 -0.0276412963867188 0.0650177001953125 -0.0559768676757813
0.0271110534667969 -0.041656494140625 0.0561790466308594 -0.0355300903320313
0.0113716125488281 -0.0450172424316406 0.0539741516113281 -0.00555419921875
-0.0131568908691406 -0.0422935485839844 0.0687675476074219 0.00883865356445312
-0.0268287658691406 -0.0362892150878906 0.087615966796875 0.0031585693359375
-0.0286216735839844 -0.0415496826171875 0.0875930786132813 0.0151824951171875
-0.0366744995117188 -0.0457191467285156 0.0865631103515625 0.045196533203125
-0.0159683227539063 -0.0492515563964844 0.0556793212890625 0.0855941772460938
0.00416946411132812 -0.0617523193359375 0.011260986328125 0.0803146362304688
0.0302162170410156 -0.0602455139160156 -0.0157012939453125 0.0458908081054687
0.0839462280273438 -0.0323104858398438 -0.00845670700073242 0.00771188735961914
0.0858993530273438 0.0095672607421875 0.0433235168457031 -0.0334396362304688
0.0710372924804687 0.0318374633789062 0.150833129882813 -0.0121307373046875
-0.00297546386718751 -0.0604209899902344 -0.15447998046875 0.01336669921875
-0.0353927612304688 -0.025177001953125 -0.0542449951171875 0.0257492065429688
-0.0426826477050781 0.00440979003906251 0.0138301849365234 -0.0195941925048828
-0.0210971832275391 0.0276908874511719 0.0244369506835937 -0.063018798828125
-0.00899887084960938 0.0252780914306641 0.00193023681640626 -0.0967483520507812
0.00146675109863281 0.020843505859375 -0.055938720703125 -0.106269836425781
-0.00488853454589843 0.0212860107421875 -0.103370666503906 -0.0589981079101562
-0.0111026763916016 0.0217838287353516 -0.098419189453125 -0.0270004272460937
-0.011932373046875 0.0228233337402344 -0.092926025390625 -0.00565338134765625
-0.0193672180175781 0.00864028930664063 -0.082794189453125 -0.00912475585937499
-0.0227584838867188 0.00162696838378906 -0.0620613098144531 0.00599288940429687
-0.0300540924072266 -0.00365829467773438 -0.0591011047363281 0.0273933410644531
-0.0294780731201172 -0.0271720886230469 -0.0685615539550781 0.0446357727050781
-0.0196189880371094 -0.0471115112304688 -0.0902099609375 0.0986480712890625
0.00279617309570313 -0.0656318664550781 -0.121932983398438 0.116142272949219
0.0625076293945313 -0.0778121948242188 -0.144500732421875 -0.00825500488281253
0.019622802734375 -0.0442466735839844 -0.0471725463867187 0.0107078552246094
0.00293731689453125 -0.0347785949707031 0.0229988098144531 -0.0342044830322266
-0.000334739685058594 -0.013702392578125 0.0292282104492188 -0.0748977661132813
-0.00531768798828125 -0.0185680389404297 0.00730895996093751 -0.104087829589844
-0.0169677734375 -0.0136375427246094 -0.0516204833984375 -0.10986328125
-0.0370750427246094 -0.00190353393554687 -0.0964889526367188 -0.0641937255859375
-0.045989990234375 -0.00122070312500001 -0.0877914428710938 -0.03192138671875
-0.0511665344238281 0.006500244140625 -0.0838088989257813 -0.00788116455078124
-0.0501976013183594 -0.0158309936523438 -0.0726547241210937 -0.00556945800781249
-0.0445976257324219 -0.0364761352539063 -0.0549545288085938 0.00811004638671875
-0.0365219116210938 -0.0510635375976563 -0.05682373046875 0.0240325927734375
0.000671386718750004 -0.07611083984375 -0.058624267578125 0.0338668823242187
0.0206222534179688 -0.08380126953125 -0.0761032104492187 0.0840072631835938
0.0625839233398437 -0.096038818359375 -0.100570678710938 0.0994949340820313
0.120124816894531 -0.08489990234375 -0.112640380859375 -0.0310287475585937
0.0761871337890625 -0.0572357177734375 -0.0251312255859375 -0.00435447692871094
0.0530242919921875 -0.0748214721679688 0.0385589599609375 -0.0450973510742188
0.0226974487304688 -0.0605697631835938 0.0369949340820313 -0.083038330078125
-0.000900268554687502 -0.0660285949707031 0.0136489868164063 -0.104019165039062
-0.0348434448242188 -0.050201416015625 -0.0420074462890625 -0.101844787597656
-0.06500244140625 -0.0259590148925781 -0.07684326171875 -0.0611419677734375
-0.0749435424804688 -0.02435302734375 -0.0639762878417969 -0.0323104858398437
-0.084014892578125 -0.0102081298828125 -0.0603370666503906 -0.00832748413085936
-0.0743255615234375 -0.035797119140625 -0.0504035949707031 0.00144958496093749
-0.0640716552734375 -0.0666999816894531 -0.0415115356445313 0.0134239196777344
-0.0453872680664062 -0.0887451171875 -0.0512199401855469 0.0250434875488281
0.0229110717773438 -0.116996765136719 -0.0506172180175781 0.0232505798339844
0.0548019409179688 -0.112419128417969 -0.0603713989257813 0.0578994750976563
0.11126708984375 -0.1143798828125 -0.0637054443359375 0.0710678100585937
0.158554077148438 -0.08135986328125 -0.0630912780761719 -0.0547943115234375
0.12200927734375 -0.0647659301757813 0.00869941711425782 -0.0214824676513672
0.0953369140625 -0.10955810546875 0.0563468933105469 -0.0530471801757813
0.040069580078125 -0.103500366210938 0.0461349487304688 -0.08367919921875
-0.000778198242187509 -0.106575012207031 0.0222320556640625 -0.0926971435546875
-0.0499725341796875 -0.0798492431640625 -0.0236053466796875 -0.0808029174804688
-0.0843582153320312 -0.0456085205078125 -0.0455474853515625 -0.0495223999023438
-0.0929489135742188 -0.0439987182617187 -0.0299453735351563 -0.0283794403076172
-0.103912353515625 -0.0266036987304688 -0.027130126953125 -0.00646209716796875
-0.08599853515625 -0.0519866943359375 -0.0218791961669922 0.0105533599853516
-0.0728759765625 -0.087890625 -0.0241985321044922 0.0207653045654297
-0.0467300415039062 -0.114036560058594 -0.0430221557617187 0.0253219604492187
0.0437164306640625 -0.141571044921875 -0.043548583984375 0.0120735168457031
0.0828094482421875 -0.123565673828125 -0.0438270568847656 0.025634765625
0.145233154296875 -0.114395141601563 -0.0174217224121094 0.037384033203125
0.169265747070313 -0.0685272216796875 -0.00445556640625 -0.07763671875
0.14361572265625 -0.062255859375 0.046142578125 -0.0439262390136719
0.117034912109375 -0.125350952148438 0.070465087890625 -0.0590896606445313
0.0464248657226562 -0.126609802246094 0.0535964965820313 -0.0758132934570313
-0.00300598144531249 -0.127822875976563 0.0333251953125 -0.0716094970703125
-0.059295654296875 -0.0940093994140625 0.00146865844726563 -0.053985595703125
-0.0915603637695312 -0.0561065673828125 -0.00644302368164063 -0.0347385406494141
-0.0966796875 -0.05694580078125 0.00720024108886718 -0.0202808380126953
-0.107307434082031 -0.041229248046875 0.00909233093261718 -0.000574111938476565
-0.0821304321289063 -0.0645980834960938 0.00889205932617187 0.0231170654296875
-0.0638885498046875 -0.100540161132812 -0.00593566894531251 0.030426025390625
-0.0330657958984375 -0.124549865722656 -0.0346088409423828 0.0264415740966797
0.0675201416015625 -0.142333984375 -0.0357933044433594 0.00120544433593749
0.105728149414063 -0.111961364746094 -0.0247573852539062 -0.00834274291992188
0.160552978515625 -0.093292236328125 0.0328788757324219 0.00496482849121093
0.150894165039063 -0.044158935546875 0.0512237548828125 -0.0993881225585938
0.135772705078125 -0.0477066040039063 0.0778732299804688 -0.0684967041015625
0.114715576171875 -0.112922668457031 0.0767822265625 -0.062103271484375
0.0441436767578125 -0.120216369628906 0.0585060119628906 -0.0637016296386719
-0.00340270996093751 -0.120697021484375 0.0437240600585937 -0.0453910827636719
-0.0566558837890625 -0.0898666381835937 0.0306415557861328 -0.0259342193603516
-0.0833206176757812 -0.0569229125976563 0.0339221954345703 -0.0192127227783203
-0.0857315063476563 -0.0610122680664062 0.0427970886230469 -0.00969696044921875
-0.094879150390625 -0.0510101318359375 0.0431861877441406 0.00992584228515624
-0.0640487670898438 -0.0712356567382813 0.0341224670410156 0.040802001953125
-0.0406036376953125 -0.101463317871094 0.00698089599609375 0.0447120666503906
-0.00608062744140625 -0.117378234863281 -0.0260295867919922 0.0292797088623047
0.0899200439453125 -0.117744445800781 -0.0264606475830078 -0.00519752502441407
0.118934631347656 -0.0783157348632813 -0.00178909301757812 -0.0330581665039063
0.15313720703125 -0.0551605224609375 0.08233642578125 -0.0168609619140625
0.107376098632813 -0.0129547119140625 0.0911483764648438 -0.114944458007812
0.105453491210938 -0.022064208984375 0.0965652465820313 -0.0896148681640625
0.0932388305664063 -0.0778579711914063 0.07366943359375 -0.0615310668945313
0.0358810424804687 -0.08917236328125 0.058380126953125 -0.0486984252929688
0.000663757324218759 -0.0898895263671875 0.0517921447753906 -0.0221138000488281
-0.0404396057128906 -0.0701560974121094 0.0553398132324219 -0.0038604736328125
-0.0604782104492187 -0.0487747192382813 0.06768798828125 -0.00712203979492188
-0.0615768432617188 -0.05511474609375 0.0706405639648438 0.00223541259765625
-0.069427490234375 -0.0528793334960938 0.0700721740722656 0.0269279479980469
-0.0398750305175781 -0.0666542053222656 0.0505218505859375 0.0636024475097656
-0.0139312744140625 -0.0878753662109375 0.0123062133789062 0.0629119873046875
0.0188827514648438 -0.0944061279296875 -0.0202560424804687 0.0354461669921875
0.0981369018554688 -0.0765151977539063 -0.0161323547363281 -0.00390625
0.1136474609375 -0.0329132080078125 0.0222129821777344 -0.041534423828125
0.123146057128906 -0.00958251953125 0.123985290527344 -0.0226821899414063
0.0504646301269531 0.0232734680175781 0.111656188964844 -0.120704650878906
0.0625572204589844 0.01025390625 0.0998687744140625 -0.101043701171875
0.0619354248046875 -0.0289955139160156 0.0660171508789063 -0.0555610656738281
0.0270652770996094 -0.0417060852050781 0.056884765625 -0.0350456237792969
0.010833740234375 -0.0457572937011719 0.0554313659667969 -0.00583648681640625
-0.0145683288574219 -0.0422744750976563 0.07110595703125 0.0079193115234375
-0.0272445678710938 -0.0354118347167969 0.0886001586914062 0.000831604003906248
-0.0298500061035156 -0.0411796569824219 0.08758544921875 0.0139236450195313
-0.0377998352050781 -0.0436897277832031 0.0871047973632812 0.0443496704101563
-0.0168228149414063 -0.0494613647460938 0.0572662353515625 0.085784912109375
0.00360107421875 -0.0611991882324219 0.01031494140625 0.081085205078125
0.0289573669433594 -0.0611991882324219 -0.0175018310546875 0.0461502075195313
0.0842361450195313 -0.03411865234375 -0.0100011825561523 0.00603485107421875
0.087005615234375 0.008941650390625 0.0416679382324219 -0.0342254638671875
0.0715484619140625 0.0314407348632813 0.150543212890625 -0.0131683349609375
-0.00428009033203126 -0.0612144470214844 -0.158889770507813 0.0164642333984375
-0.0368118286132812 -0.0257453918457031 -0.0552902221679688 0.0282783508300781
-0.0444564819335938 0.00527572631835938 0.015777587890625 -0.01934814453125
-0.0207538604736328 0.0288257598876953 0.0257148742675781 -0.064239501953125
-0.00765800476074219 0.0264644622802734 0.00213623046875001 -0.100074768066406
0.000669479370117189 0.0205574035644531 -0.0593338012695312 -0.109077453613281
-0.00489616394042969 0.0217914581298828 -0.107986450195313 -0.05816650390625
-0.0112152099609375 0.0231075286865234 -0.102134704589844 -0.0248870849609375
-0.0116157531738281 0.0234050750732422 -0.0968475341796875 -0.00336456298828124
-0.0203418731689453 0.00891304016113281 -0.0868453979492188 -0.00678253173828123
-0.0233860015869141 0.002227783203125 -0.0659980773925781 0.00723266601562499
-0.0304012298583984 -0.00268745422363281 -0.0616302490234375 0.0280990600585938
-0.0309333801269531 -0.0272274017333984 -0.070648193359375 0.0457763671875
-0.0214767456054688 -0.0480155944824219 -0.0913314819335937 0.102775573730469
0.00164031982421875 -0.0677070617675781 -0.123565673828125 0.12353515625
0.0628204345703125 -0.0814666748046875 -0.148193359375 -0.00527954101562498
0.0189437866210937 -0.0465965270996094 -0.0474090576171875 0.0125541687011719
0.00149154663085937 -0.0366363525390625 0.0239677429199219 -0.0341243743896484
-0.000192642211914062 -0.0144548416137695 0.030609130859375 -0.0770187377929688
-0.00517082214355469 -0.0189247131347656 0.00772857666015625 -0.107902526855469
-0.0180072784423828 -0.0145530700683594 -0.0551376342773438 -0.113113403320313
-0.0386505126953125 -0.00136947631835938 -0.100425720214844 -0.0632858276367187
-0.047943115234375 0.000457763671875008 -0.0911483764648438 -0.0301284790039062
-0.0528678894042969 0.00695419311523437 -0.086700439453125 -0.00515747070312502
-0.0519676208496094 -0.0158729553222656 -0.0771942138671875 -0.00284576416015626
-0.0460891723632813 -0.0369300842285156 -0.0585746765136719 0.0090789794921875
-0.038299560546875 -0.0515861511230469 -0.0593681335449219 0.0255241394042969
-0.00135040283203125 -0.0783843994140625 -0.0611114501953125 0.0343475341796875
0.0198974609375 -0.086822509765625 -0.0769805908203125 0.0878143310546875
0.0619354248046875 -0.100639343261719 -0.101959228515625 0.106307983398438
0.122360229492188 -0.090087890625 -0.116043090820312 -0.029296875
0.0779876708984375 -0.0611801147460938 -0.0247707366943359 -0.00253677368164063
0.0531539916992187 -0.0784988403320313 0.0401573181152344 -0.0452728271484375
0.0224990844726563 -0.0624046325683594 0.0382308959960937 -0.085662841796875
-0.00238418579101563 -0.06719970703125 0.0136871337890625 -0.1080322265625
-0.036468505859375 -0.0519676208496094 -0.0443954467773437 -0.104972839355469
-0.067596435546875 -0.0248603820800781 -0.0804901123046875 -0.0601348876953125
-0.0781936645507813 -0.0230255126953125 -0.0663909912109375 -0.0318260192871094
-0.0868759155273438 -0.00920867919921875 -0.0629692077636719 -0.00638198852539061
-0.0778045654296875 -0.0355606079101563 -0.0545883178710938 0.00272750854492186
-0.0667533874511719 -0.0677604675292969 -0.0449562072753906 0.0148200988769531
-0.0486679077148438 -0.0901412963867188 -0.0543594360351563 0.0263595581054687
0.0214462280273438 -0.122032165527344 -0.053192138671875 0.0231857299804688
0.054046630859375 -0.116584777832031 -0.0609512329101562 0.0612297058105469
0.111991882324219 -0.121269226074219 -0.0643692016601562 0.07696533203125
0.162399291992188 -0.0872650146484375 -0.0642623901367187 -0.0548095703125
0.125236511230469 -0.069671630859375 0.00983047485351563 -0.0210800170898438
0.0947952270507813 -0.114967346191406 0.058197021484375 -0.0534439086914063
0.0387115478515625 -0.106666564941406 0.0471954345703125 -0.0863189697265625
-0.00386810302734375 -0.109825134277344 0.0225067138671875 -0.0965576171875
-0.053375244140625 -0.0813751220703125 -0.0247421264648438 -0.0841140747070312
-0.088470458984375 -0.0452880859375 -0.0474700927734375 -0.0496978759765625
-0.0974960327148437 -0.042694091796875 -0.0322246551513672 -0.0279617309570312
-0.107902526855469 -0.0245742797851562 -0.0292587280273438 -0.00568199157714844
-0.089996337890625 -0.051605224609375 -0.0237293243408203 0.0118904113769531
-0.0764007568359375 -0.0896682739257813 -0.0261154174804688 0.0223255157470703
-0.0502395629882813 -0.116355895996094 -0.0470390319824219 0.0276565551757812
0.041900634765625 -0.147781372070313 -0.0460700988769531 0.0113258361816406
0.083038330078125 -0.129486083984375 -0.0447349548339844 0.0265159606933594
0.147232055664063 -0.121749877929688 -0.0174484252929687 0.040374755859375
0.173583984375 -0.073699951171875 -0.00495910644531249 -0.0797805786132813
0.147674560546875 -0.067657470703125 0.0479888916015625 -0.044769287109375
0.117843627929687 -0.132034301757813 0.072967529296875 -0.05999755859375
0.0449371337890625 -0.13140869140625 0.0558395385742188 -0.0786972045898438
-0.00636291503906249 -0.130897521972656 0.03485107421875 -0.0744171142578125
-0.0619583129882812 -0.0954437255859375 0.002593994140625 -0.0558891296386719
-0.0956878662109375 -0.055755615234375 -0.00681304931640626 -0.0356178283691406
-0.102119445800781 -0.0557174682617187 0.00632286071777343 -0.0206584930419922
-0.111579895019531 -0.0389404296875 0.00835323333740234 -0.000791072845458987
-0.0857772827148438 -0.0651473999023438 0.00848197937011718 0.0244712829589844
-0.067901611328125 -0.102523803710937 -0.00831985473632813 0.0319671630859375
-0.0361251831054687 -0.127525329589844 -0.0372734069824219 0.0282096862792969
0.066162109375 -0.149505615234375 -0.0386085510253906 0.000183105468749995
0.1072998046875 -0.117446899414062 -0.0261573791503906 -0.00832176208496094
0.1634521484375 -0.101531982421875 0.0342197418212891 0.00588798522949218
0.155410766601563 -0.048583984375 0.0511093139648438 -0.103157043457031
0.140472412109375 -0.0522384643554688 0.0808792114257813 -0.0711746215820313
0.115951538085937 -0.119171142578125 0.0788421630859375 -0.06378173828125
0.042694091796875 -0.124565124511719 0.0599746704101563 -0.0660438537597656
-0.00675201416015625 -0.124504089355469 0.0461959838867188 -0.0481719970703125
-0.0599822998046875 -0.0911712646484375 0.0328998565673828 -0.0277976989746094
-0.087432861328125 -0.0565872192382813 0.0346469879150391 -0.0210189819335938
-0.0906982421875 -0.060455322265625 0.0424575805664062 -0.01092529296875
-0.0989913940429688 -0.0496978759765625 0.0440444946289063 0.00930023193359375
-0.0675506591796875 -0.0721588134765625 0.0355072021484375 0.0415420532226562
-0.0442123413085938 -0.103622436523438 0.00608062744140624 0.0467338562011719
-0.00864410400390626 -0.120582580566406 -0.0292186737060547 0.0302791595458984
0.08984375 -0.125106811523438 -0.028778076171875 -0.00667762756347657
0.120559692382813 -0.0835113525390625 -0.00320053100585937 -0.0342864990234375
0.157257080078125 -0.06146240234375 0.0841140747070313 -0.0181503295898438
0.110504150390625 -0.01507568359375 0.0924911499023438 -0.120018005371094
0.10943603515625 -0.0245285034179688 0.0992584228515625 -0.0934982299804687
0.0955657958984375 -0.0826873779296875 0.0762481689453125 -0.0627670288085938
0.0357131958007812 -0.0920181274414063 0.0604972839355469 -0.0499153137207031
-0.00145721435546876 -0.0930938720703125 0.0539779663085938 -0.0234413146972656
-0.043365478515625 -0.0712738037109375 0.0590362548828125 -0.00576400756835938
-0.0632476806640625 -0.0488052368164063 0.0699386596679688 -0.00977325439453125
-0.0658416748046875 -0.0550117492675781 0.0724258422851563 0.000350952148437497
-0.0735397338867187 -0.0519943237304688 0.0724029541015625 0.025970458984375
-0.0419692993164062 -0.0678977966308594 0.0536422729492188 0.0645179748535156
-0.0159454345703125 -0.0898208618164063 0.0117759704589844 0.0656852722167969
0.0184097290039062 -0.0974197387695313 -0.0229988098144531 0.0370521545410156
0.0988006591796875 -0.0827560424804688 -0.0183753967285156 -0.00518989562988282
0.116828918457031 -0.0364151000976563 0.02166748046875 -0.0435218811035156
0.1265869140625 -0.01275634765625 0.127143859863281 -0.0252151489257812
0.0517730712890625 0.0229988098144531 0.112808227539063 -0.127250671386719
0.0653190612792969 0.00952529907226563 0.10162353515625 -0.105621337890625
0.0639495849609375 -0.0316429138183594 0.0681686401367188 -0.0562210083007812
0.0263328552246094 -0.0433120727539063 0.0589256286621094 -0.0364418029785156
0.009063720703125 -0.0474052429199219 0.058074951171875 -0.00683975219726563
-0.0157318115234375 -0.0427055358886719 0.0751800537109375 0.006439208984375
-0.0283851623535156 -0.0351715087890625 0.091339111328125 -0.00191497802734375
-0.0320854187011719 -0.0420112609863281 0.0899810791015625 0.0118179321289062
-0.0401420593261719 -0.0439796447753906 0.0898284912109375 0.0430679321289062
-0.0178184509277344 -0.0504264831542969 0.0596389770507813 0.0869979858398438
0.00246047973632813 -0.0631561279296875 0.0105514526367188 0.0843429565429688
0.0290565490722656 -0.0629348754882812 -0.0198173522949219 0.047515869140625
0.0858535766601563 -0.0381393432617188 -0.0118036270141602 0.00564098358154297
0.089691162109375 0.00698089599609375 0.0416755676269531 -0.0363807678222656
0.0749740600585938 0.0299224853515625 0.154510498046875 -0.0162353515625
-0.00684738159179688 -0.0624809265136719 -0.163482666015625 0.0240020751953125
-0.0403594970703125 -0.0249176025390625 -0.0551948547363281 0.0323944091796875
-0.0462646484375 0.00730514526367188 0.0168228149414062 -0.0191879272460938
-0.019439697265625 0.0302963256835938 0.0264739990234375 -0.0670089721679688
-0.00617218017578125 0.02752685546875 -0.000114440917968753 -0.105209350585938
0.00224113464355469 0.0211677551269531 -0.0666122436523438 -0.111366271972656
-0.00470161437988281 0.0225467681884766 -0.113395690917969 -0.0544357299804687
-0.0104351043701172 0.0247097015380859 -0.106773376464844 -0.0202255249023438
-0.0111579895019531 0.0242633819580078 -0.100578308105469 0.00311279296874998
-0.0205726623535156 0.00926017761230469 -0.0926055908203125 -0.00258636474609374
-0.0238780975341797 0.00272560119628907 -0.0697135925292969 0.0101318359375
-0.0317230224609375 -0.000917434692382807 -0.0631446838378906 0.0315895080566406
-0.0333423614501953 -0.0268020629882812 -0.0721435546875 0.0494308471679687
-0.0242500305175781 -0.0493812561035156 -0.0903091430664063 0.1109619140625
-0.00257492065429688 -0.069915771484375 -0.122665405273438 0.135360717773438
0.0615463256835938 -0.0864486694335938 -0.153366088867188 0.001495361328125
0.0176124572753906 -0.0490989685058594 -0.047271728515625 0.0164985656738281
-0.0010833740234375 -0.0377616882324219 0.0250949859619141 -0.0341854095458984
-0.000461578369140626 -0.0145263671875 0.0301742553710938 -0.0802536010742188
-0.00529861450195313 -0.0192813873291016 0.00439453124999999 -0.113182067871094
-0.0192546844482422 -0.0149955749511719 -0.0609588623046875 -0.115974426269531
-0.0400428771972656 1.90734863281215E-05 -0.106346130371094 -0.0604400634765625
-0.0497283935546875 0.00279235839843749 -0.0959091186523438 -0.0256500244140625
-0.0547218322753906 0.00970840454101562 -0.0911178588867188 7.62939453125161E-05
-0.0546989440917969 -0.0148239135742188 -0.082122802734375 0.00094604492187501
-0.0499153137207031 -0.0366897583007813 -0.0627021789550781 0.0117416381835937
-0.0418701171875 -0.0510940551757812 -0.061920166015625 0.029052734375
-0.00522613525390626 -0.0815353393554688 -0.0628242492675781 0.0373611450195312
0.0166015625 -0.090850830078125 -0.0756149291992187 0.0945663452148438
0.0589828491210937 -0.108131408691406 -0.100814819335937 0.116729736328125
0.123176574707031 -0.0992202758789063 -0.119941711425781 -0.025146484375
0.0785598754882813 -0.067230224609375 -0.0239391326904297 -0.000160217285156258
0.0502395629882813 -0.08416748046875 0.0411720275878906 -0.0466041564941406
0.0201416015625 -0.0660629272460938 0.03802490234375 -0.0894088745117188
-0.00552368164062501 -0.0704498291015625 0.01129150390625 -0.112991333007812
-0.0396766662597656 -0.0520553588867188 -0.0499114990234375 -0.107383728027344
-0.0710067749023438 -0.0230255126953125 -0.0848922729492187 -0.05816650390625
-0.08233642578125 -0.0195083618164062 -0.0706100463867188 -0.0285797119140625
-0.0904769897460938 -0.00486755371093749 -0.0668373107910156 -0.00250244140625001
-0.0817184448242188 -0.0339813232421875 -0.0578117370605469 0.00684356689453125
-0.0726242065429688 -0.0677566528320313 -0.0483932495117188 0.017486572265625
-0.05377197265625 -0.0913848876953125 -0.0574722290039062 0.0301971435546875
0.0159759521484375 -0.127769470214844 -0.0555877685546875 0.02496337890625
0.0510330200195313 -0.123420715332031 -0.0605888366699219 0.0657958984375
0.110275268554688 -0.132072448730469 -0.063323974609375 0.0841522216796875
0.1644287109375 -0.0978546142578125 -0.0683631896972656 -0.0532417297363281
0.126693725585938 -0.0784912109375 0.0108814239501953 -0.0207099914550781
0.093017578125 -0.125221252441406 0.0595893859863281 -0.0558815002441406
0.03509521484375 -0.112442016601562 0.0474777221679687 -0.0904541015625
-0.00951385498046876 -0.114013671875 0.0210342407226562 -0.101829528808594
-0.0579757690429688 -0.0824737548828125 -0.0282745361328125 -0.0872039794921875
-0.0935211181640625 -0.0420379638671875 -0.0506515502929688 -0.049072265625
-0.103744506835938 -0.03814697265625 -0.0349369049072266 -0.0274639129638672
-0.113189697265625 -0.0195388793945313 -0.0312423706054688 -0.00323104858398438
-0.0956649780273437 -0.050140380859375 -0.0258922576904297 0.0144138336181641
-0.0835647583007813 -0.0895309448242187 -0.0293483734130859 0.0249538421630859
-0.0568313598632812 -0.117881774902344 -0.0497894287109375 0.0312614440917969
0.0357208251953125 -0.156509399414063 -0.0499153137207031 0.0121002197265625
0.0806732177734375 -0.137199401855469 -0.0452194213867188 0.029449462890625
0.14654541015625 -0.135330200195313 -0.0166206359863281 0.0443572998046875
0.177490234375 -0.0845184326171875 -0.00759124755859373 -0.0825653076171875
0.151123046875 -0.0773773193359375 0.0497322082519531 -0.0474090576171875
0.116165161132813 -0.14306640625 0.0741500854492188 -0.0630264282226563
0.0409622192382812 -0.137702941894531 0.05609130859375 -0.0832138061523438
-0.012908935546875 -0.135719299316406 0.0338668823242188 -0.0790939331054688
-0.0693435668945313 -0.09661865234375 0.00149917602539062 -0.0593719482421875
-0.10137939453125 -0.053375244140625 -0.00785446166992188 -0.0361366271972656
-0.109352111816406 -0.0509185791015625 0.0052356719970703 -0.0219764709472656
-0.117996215820313 -0.0344696044921875 0.00750541687011718 -0.000503063201904299
-0.0918960571289063 -0.06396484375 0.00832557678222656 0.0250225067138672
-0.0751724243164063 -0.103042602539062 -0.00957870483398438 0.0344142913818359
-0.0432510375976562 -0.129768371582031 -0.0401878356933594 0.031097412109375
0.06072998046875 -0.15899658203125 -0.04254150390625 -0.000404357910156267
0.10589599609375 -0.126716613769531 -0.0278129577636719 -0.00726318359375
0.164840698242188 -0.113861083984375 0.0352935791015625 0.00537872314453124
0.158432006835938 -0.057708740234375 0.0496749877929688 -0.109420776367188
0.14471435546875 -0.0603485107421875 0.082366943359375 -0.0763397216796875
0.115371704101563 -0.129966735839844 0.0802459716796875 -0.0672836303710938
0.0397186279296875 -0.131446838378906 0.0604171752929688 -0.0699005126953125
-0.0128631591796875 -0.128250122070313 0.0464210510253906 -0.0520362854003906
-0.0659637451171875 -0.0922012329101563 0.0346546173095703 -0.0312614440917969
-0.092437744140625 -0.05474853515625 0.0360031127929687 -0.0237846374511719
-0.0974960327148438 -0.0564727783203125 0.0432281494140625 -0.0139846801757813
-0.10479736328125 -0.0456771850585937 0.04425048828125 0.00814437866210937
-0.073394775390625 -0.0714950561523438 0.03802490234375 0.041290283203125
-0.0501022338867187 -0.105018615722656 0.0060272216796875 0.0486564636230469
-0.0151596069335937 -0.12469482421875 -0.031463623046875 0.0336647033691406
0.0861740112304688 -0.134590148925781 -0.0323238372802734 -0.00788497924804688
0.121978759765625 -0.0915298461914062 -0.00572204589843749 -0.0353012084960938
0.16009521484375 -0.071990966796875 0.08636474609375 -0.0207901000976563
0.11468505859375 -0.02093505859375 0.091156005859375 -0.128898620605469
0.113204956054688 -0.0305862426757813 0.0997238159179688 -0.100845336914063
0.09588623046875 -0.0906982421875 0.0776443481445313 -0.0666961669921875
0.0326690673828125 -0.0965423583984375 0.061431884765625 -0.0549049377441406
-0.0065765380859375 -0.0965347290039063 0.0561027526855469 -0.0268821716308594
-0.04827880859375 -0.0720138549804688 0.0628089904785156 -0.00977325439453126
-0.0680084228515625 -0.0475273132324219 0.0720062255859375 -0.0142135620117188
-0.0714492797851563 -0.0529327392578125 0.0738143920898438 -0.0037384033203125
-0.0788421630859375 -0.0493392944335937 0.0746612548828125 0.0231170654296875
-0.0470466613769531 -0.0690689086914062 0.0574607849121094 0.0640449523925781
-0.02056884765625 -0.0926513671875 0.0132102966308594 0.0675201416015625
0.01361083984375 -0.102104187011719 -0.02398681640625 0.0392875671386719
0.09881591796875 -0.0912551879882812 -0.0214328765869141 -0.00622558593750001
0.119384765625 -0.0427093505859375 0.0196914672851563 -0.04632568359375
0.130714416503906 -0.020660400390625 0.129684448242187 -0.0307464599609375
0.0552635192871094 0.0217781066894531 0.112014770507813 -0.137992858886719
0.069091796875 0.0069580078125 0.101776123046875 -0.113777160644531
0.0653877258300781 -0.0365524291992187 0.0689544677734375 -0.0605621337890625
0.0264816284179688 -0.0465278625488281 0.0607147216796875 -0.0396804809570313
0.00642776489257812 -0.0496788024902344 0.0615158081054688 -0.0093994140625
-0.0184898376464844 -0.0436248779296875 0.080078125 0.00262451171875
-0.0312786102294922 -0.0346431732177734 0.09515380859375 -0.00777435302734375
-0.0359268188476562 -0.0404701232910156 0.0927963256835938 0.0070648193359375
-0.0438346862792969 -0.0421257019042969 0.0941162109375 0.0403900146484375
-0.0213279724121094 -0.0513496398925781 0.0655746459960938 0.086700439453125
-4.57763671875064E-05 -0.0654983520507813 0.0129165649414062 0.0874557495117188
0.0274658203125 -0.0664291381835937 -0.0205917358398438 0.050140380859375
0.0871200561523438 -0.0436019897460938 -0.0135469436645508 0.00460624694824218
0.0935134887695313 0.00333404541015625 0.0401611328125 -0.0399971008300781
0.07916259765625 0.027130126953125 0.159225463867188 -0.02288818359375
-0.0111122131347656 -0.0631103515625 -0.164794921875 0.0353546142578125
-0.0431098937988281 -0.0228767395019531 -0.053497314453125 0.0374870300292969
-0.0478515625 0.010528564453125 0.0175647735595703 -0.0199356079101562
-0.0173091888427734 0.0322952270507813 0.0249137878417969 -0.0695724487304688
-0.00416183471679688 0.0280742645263672 -0.0062255859375 -0.108245849609375
0.00255203247070313 0.0206260681152344 -0.0753326416015625 -0.110443115234375
-0.00347709655761719 0.0232448577880859 -0.118446350097656 -0.0474319458007813
-0.00896644592285156 0.0259628295898438 -0.109687805175781 -0.0112533569335938
-0.0101585388183594 0.0250568389892578 -0.103012084960938 0.0111846923828125
-0.0207405090332031 0.0104999542236328 -0.0968475341796875 0.00473785400390623
-0.0239353179931641 0.00388908386230469 -0.0728759765625 0.0146408081054687
-0.0322532653808594 0.00153541564941406 -0.0635719299316406 0.0357589721679688
-0.0365867614746094 -0.024688720703125 -0.0710296630859375 0.0537948608398438
-0.0283203125 -0.0488777160644531 -0.0851974487304687 0.118515014648438
-0.00786590576171874 -0.0713653564453125 -0.116470336914063 0.149139404296875
0.0574264526367187 -0.0925369262695313 -0.155410766601562 0.0118255615234375
0.0145759582519531 -0.0511398315429688 -0.0460128784179687 0.0212059020996094
-0.00436782836914063 -0.0386695861816406 0.0251731872558594 -0.0357284545898438
-0.00102329254150391 -0.0153846740722656 0.0275802612304687 -0.083587646484375
-0.00677490234375 -0.0190906524658203 -0.00144195556640624 -0.116539001464844
-0.0208473205566406 -0.0143108367919922 -0.0704116821289063 -0.115036010742188
-0.0411262512207031 0.00301742553710938 -0.111663818359375 -0.0539093017578125
-0.0504837036132812 0.00632476806640626 -0.0992584228515625 -0.0184402465820312
-0.0548820495605469 0.0134048461914063 -0.0931396484375 0.00787353515624999
-0.0568389892578125 -0.011474609375 -0.0854873657226563 0.00738525390624999
-0.0527114868164062 -0.03466796875 -0.0659637451171875 0.0164451599121094
-0.0457115173339844 -0.0487442016601563 -0.0631256103515625 0.0331954956054687
-0.0109786987304687 -0.0833511352539063 -0.0633888244628906 0.0405158996582031
0.0113449096679688 -0.0936660766601563 -0.0710220336914062 0.101356506347656
0.0527420043945313 -0.114921569824219 -0.0943756103515625 0.127998352050781
0.119239807128906 -0.109481811523437 -0.123222351074219 -0.017486572265625
0.07537841796875 -0.07403564453125 -0.0228385925292969 0.00315856933593749
0.0445556640625 -0.0897903442382813 0.0408706665039063 -0.0485305786132813
0.0167388916015625 -0.0684890747070313 0.0350265502929688 -0.09344482421875
-0.0100021362304687 -0.07080078125 0.00511169433593749 -0.117301940917969
-0.044158935546875 -0.0510406494140625 -0.0573577880859375 -0.107215881347656
-0.0743560791015625 -0.0191802978515625 -0.0900955200195313 -0.0536117553710937
-0.0859451293945312 -0.01324462890625 -0.0737838745117188 -0.0232925415039062
-0.0928878784179688 0.00113677978515626 -0.068359375 0.00383758544921875
-0.0858688354492187 -0.0301666259765625 -0.0605545043945313 0.0121078491210937
-0.07904052734375 -0.0643539428710938 -0.0505142211914063 0.0218734741210937
-0.0606307983398438 -0.0890731811523437 -0.0585899353027344 0.0348014831542969
0.00675201416015626 -0.132209777832031 -0.0578880310058594 0.0271644592285156
0.0436630249023437 -0.128890991210938 -0.0570907592773437 0.0717010498046875
0.1031494140625 -0.1434326171875 -0.0586471557617188 0.0919036865234375
0.161788940429688 -0.111862182617188 -0.072357177734375 -0.0498275756835938
0.124137878417969 -0.0899734497070312 0.0108280181884766 -0.0202770233154297
0.0856094360351563 -0.134124755859375 0.0591659545898438 -0.0586395263671875
0.02850341796875 -0.117576599121094 0.04449462890625 -0.09490966796875
-0.0171585083007813 -0.114822387695313 0.0159835815429688 -0.10546875
-0.0650558471679687 -0.0801849365234375 -0.0340576171875 -0.08807373046875
-0.0982666015625 -0.036834716796875 -0.0544090270996094 -0.0465965270996094
-0.108963012695312 -0.0309066772460938 -0.0380630493164063 -0.0247840881347656
-0.116722106933594 -0.0117568969726563 -0.0334320068359375 -0.000186920166015625
-0.100845336914063 -0.0454330444335937 -0.0268630981445313 0.0171566009521484
-0.0911941528320312 -0.086212158203125 -0.0308685302734375 0.0285549163818359
-0.0662918090820312 -0.116050720214844 -0.051300048828125 0.035858154296875
0.02496337890625 -0.163314819335938 -0.0528335571289063 0.013458251953125
0.0729827880859375 -0.14569091796875 -0.0447044372558594 0.0332756042480469
0.140304565429688 -0.1495361328125 -0.0129508972167969 0.0475006103515625
0.17572021484375 -0.098846435546875 -0.0121078491210937 -0.0837326049804687
0.149444580078125 -0.089996337890625 0.0485153198242188 -0.0501632690429688
0.108047485351563 -0.154891967773438 0.0732040405273438 -0.0668182373046875
0.032806396484375 -0.142913818359375 0.0533905029296875 -0.087799072265625
-0.0228958129882812 -0.136909484863281 0.0304412841796875 -0.0839462280273438
-0.0769500732421875 -0.0942153930664063 -0.000827789306640636 -0.0617790222167969
-0.107200622558594 -0.04766845703125 -0.00987625122070313 -0.0369529724121094
-0.1151123046875 -0.0438385009765625 0.00260162353515624 -0.0228805541992188
-0.122291564941406 -0.0260467529296875 0.00604581832885741 0.000195980072021483
-0.097991943359375 -0.0592727661132812 0.00918960571289062 0.0257339477539062
-0.083526611328125 -0.100013732910156 -0.0101318359375 0.0370101928710937
-0.053131103515625 -0.129295349121094 -0.0416946411132812 0.0352783203125
0.0502777099609375 -0.167694091796875 -0.0456314086914063 0.00101852416992186
0.100273132324219 -0.136337280273438 -0.0294075012207031 -0.00589942932128907
0.159896850585938 -0.1287841796875 0.0364952087402344 0.00455856323242187
0.158233642578125 -0.069732666015625 0.0439453125 -0.115272521972656
0.143753051757813 -0.072052001953125 0.0797042846679688 -0.0820693969726563
0.10833740234375 -0.14166259765625 0.079193115234375 -0.0724563598632813
0.0319290161132813 -0.136611938476563 0.0591812133789063 -0.0747909545898438
-0.0224227905273437 -0.130393981933594 0.0452232360839844 -0.056060791015625
-0.0728530883789063 -0.0900344848632813 0.0352249145507812 -0.0354080200195313
-0.098480224609375 -0.0496978759765625 0.0352592468261719 -0.0279769897460938
-0.103927612304688 -0.0499114990234375 0.041961669921875 -0.0170822143554688
-0.110313415527344 -0.0376739501953125 0.0447731018066406 0.00603485107421875
-0.0797805786132812 -0.0680084228515625 0.0403327941894531 0.0401115417480469
-0.0582199096679688 -0.103950500488281 0.00704193115234375 0.0505332946777344
-0.0234222412109375 -0.125495910644531 -0.0321464538574219 0.03656005859375
0.0777740478515625 -0.144760131835938 -0.0362586975097656 -0.00687408447265626
0.118904113769531 -0.101814270019531 -0.00896453857421874 -0.0361213684082031
0.158004760742188 -0.0858001708984375 0.0863189697265625 -0.0265350341796875
0.115646362304688 -0.0294113159179688 0.0849761962890625 -0.13848876953125
0.114891052246094 -0.0393142700195313 0.0959854125976563 -0.1085205078125
0.0912933349609375 -0.100181579589844 0.0762863159179687 -0.072174072265625
0.0275802612304687 -0.100837707519531 0.0604667663574219 -0.0586471557617188
-0.014129638671875 -0.0981903076171875 0.05682373046875 -0.0307083129882813
-0.0542449951171875 -0.0703277587890625 0.0650482177734375 -0.0150566101074219
-0.0725860595703125 -0.0436630249023437 0.07281494140625 -0.0205917358398438
-0.077117919921875 -0.0478439331054688 0.0742263793945313 -0.00911712646484376
-0.0837478637695312 -0.043731689453125 0.0762939453125 0.0179367065429687
-0.0532341003417969 -0.0667495727539063 0.0618133544921875 0.0611991882324219
-0.0272369384765625 -0.0930709838867187 0.0163803100585937 0.0694198608398438
0.0074005126953125 -0.104637145996094 -0.024688720703125 0.0427436828613281
0.0935287475585938 -0.100814819335938 -0.0242557525634766 -0.00670051574707032
0.119422912597656 -0.0524063110351563 0.0159492492675781 -0.0488662719726563
0.131851196289063 -0.0311355590820313 0.129585266113281 -0.0392608642578125
0.057952880859375 0.01873779296875 0.104598999023438 -0.149200439453125
0.0714569091796875 0.00293731689453125 0.09619140625 -0.122718811035156
0.0646476745605469 -0.043121337890625 0.0679359436035156 -0.0649299621582031
0.0238571166992187 -0.0494766235351563 0.0600929260253906 -0.0436058044433594
0.00251388549804687 -0.0514183044433594 0.0634651184082031 -0.0132484436035156
-0.0219688415527344 -0.0436363220214844 0.0837326049804687 -0.0034027099609375
-0.0340290069580078 -0.033233642578125 0.0964584350585938 -0.0157394409179688
-0.0393943786621094 -0.0383338928222656 0.0937728881835938 -0.000373840332031252
-0.0477752685546875 -0.038909912109375 0.0975265502929688 0.034423828125
-0.0255889892578125 -0.0510139465332031 0.0720977783203125 0.0837020874023438
-0.00467300415039063 -0.066497802734375 0.0176849365234375 0.0893020629882812
0.023406982421875 -0.0701484680175781 -0.0207138061523437 0.0528945922851562
0.0852737426757812 -0.0512466430664062 -0.0157356262207031 0.00444889068603515
0.0961837768554688 -0.00254058837890625 0.0365982055664063 -0.0441017150878906
0.0823593139648437 0.022125244140625 0.159744262695313 -0.0332183837890625
-0.0151214599609375 -0.0627403259277344 -0.16119384765625 0.0461578369140625
-0.0452423095703125 -0.0200996398925781 -0.050048828125 0.0415534973144531
-0.0474319458007813 0.0150337219238281 0.0178947448730469 -0.0198917388916016
-0.0144538879394531 0.0324535369873047 0.0225448608398437 -0.0711898803710938
-0.00141525268554688 0.0278205871582031 -0.0113372802734375 -0.108200073242188
0.0037689208984375 0.0197391510009766 -0.082061767578125 -0.105293273925781
-0.00221633911132813 0.0232868194580078 -0.120590209960938 -0.0386505126953125
-0.00658988952636719 0.0259990692138672 -0.109336853027344 -0.00301361083984376
-0.00846481323242188 0.0251636505126953 -0.101165771484375 0.0191116333007813
-0.0203723907470703 0.0115203857421875 -0.097503662109375 0.0129241943359375
-0.0238189697265625 0.00547599792480469 -0.0738143920898438 0.0201263427734375
-0.0314464569091797 0.00373077392578125 -0.062103271484375 0.0393524169921875
-0.037445068359375 -0.0223007202148438 -0.068145751953125 0.0564956665039063
-0.0318336486816406 -0.0466461181640625 -0.0767059326171875 0.123458862304688
-0.0133438110351562 -0.0701065063476563 -0.1046142578125 0.157440185546875
0.0512466430664062 -0.0960006713867188 -0.15301513671875 0.02197265625
0.010711669921875 -0.0523872375488281 -0.0431900024414063 0.0247344970703125
-0.00786972045898437 -0.0377883911132813 0.0246429443359375 -0.0361557006835938
-0.00184917449951172 -0.0151023864746094 0.0244674682617187 -0.0849075317382813
-0.007293701171875 -0.0189189910888672 -0.00818634033203126 -0.117164611816406
-0.0217742919921875 -0.0137691497802734 -0.0776214599609375 -0.110252380371094
-0.0411338806152344 0.00535964965820313 -0.113777160644531 -0.0448379516601562
-0.0500564575195313 0.00991439819335937 -0.0993576049804688 -0.0105209350585937
-0.0539474487304687 0.016632080078125 -0.0919342041015625 0.0157470703125
-0.0576629638671875 -0.00899505615234374 -0.0861740112304688 0.0145492553710937
-0.0552101135253906 -0.0313949584960938 -0.0668983459472656 0.0213775634765625
-0.0482826232910156 -0.0454330444335937 -0.0617256164550781 0.0373725891113281
-0.0170669555664062 -0.081878662109375 -0.0616645812988281 0.0433464050292969
0.0051116943359375 -0.0937957763671875 -0.06390380859375 0.105155944824219
0.0440750122070313 -0.118431091308594 -0.0843963623046875 0.134849548339844
0.111564636230469 -0.117683410644531 -0.122047424316406 -0.00875091552734377
0.0694656372070312 -0.0793533325195313 -0.0205135345458984 0.00502777099609374
0.03692626953125 -0.09228515625 0.0399703979492187 -0.0500297546386719
0.0120010375976562 -0.069061279296875 0.0307083129882813 -0.0946502685546875
-0.0152168273925781 -0.0699310302734375 -0.00174713134765625 -0.117874145507812
-0.0475502014160156 -0.0487403869628906 -0.0638961791992187 -0.103401184082031
-0.0759429931640625 -0.0140533447265625 -0.092071533203125 -0.0467758178710937
-0.0866012573242188 -0.0066986083984375 -0.0745315551757813 -0.0171966552734375
-0.0921554565429688 0.00780487060546876 -0.0680923461914063 0.0102424621582031
-0.0875473022460938 -0.0244216918945312 -0.0607223510742188 0.0174064636230469
-0.0826644897460938 -0.0594863891601562 -0.0520095825195313 0.0261764526367188
-0.0661163330078125 -0.0838088989257812 -0.0577774047851563 0.0389595031738281
-0.00318908691406249 -0.132186889648438 -0.0580177307128906 0.0296897888183594
0.0351943969726562 -0.130516052246094 -0.0517578125 0.0746383666992187
0.092254638671875 -0.151153564453125 -0.0510330200195312 0.0966339111328125
0.153717041015625 -0.122268676757813 -0.0739822387695312 -0.0443649291992188
0.118125915527344 -0.0978546142578125 0.0115833282470703 -0.0199508666992188
0.0748825073242188 -0.140373229980469 0.05718994140625 -0.060638427734375
0.02081298828125 -0.118095397949219 0.0403900146484375 -0.0962677001953125
-0.0251007080078125 -0.113395690917969 0.0103912353515625 -0.107246398925781
-0.0705642700195312 -0.0756072998046875 -0.0388946533203125 -0.086334228515625
-0.100395202636719 -0.0302352905273438 -0.0566749572753906 -0.0429458618164062
-0.110710144042969 -0.021942138671875 -0.0396232604980469 -0.0208969116210937
-0.115837097167969 -0.00299072265625 -0.0338134765625 0.00388526916503906
-0.103500366210938 -0.0385284423828125 -0.0269851684570313 0.0201644897460937
-0.0964736938476563 -0.07952880859375 -0.0312404632568359 0.0314159393310547
-0.0734481811523438 -0.110847473144531 -0.0502662658691406 0.0392990112304687
0.011871337890625 -0.163803100585938 -0.0544815063476562 0.0164337158203125
0.063323974609375 -0.149551391601563 -0.0421218872070312 0.0358428955078125
0.128189086914063 -0.1591796875 -0.00923538208007811 0.0494728088378906
0.168441772460938 -0.110702514648437 -0.0170211791992187 -0.081634521484375
0.142959594726563 -0.100448608398438 0.0469741821289063 -0.0522270202636719
0.0964508056640625 -0.162384033203125 0.0704116821289062 -0.0694122314453125
0.0236968994140625 -0.14422607421875 0.0493850708007813 -0.0898208618164063
-0.0331039428710938 -0.134910583496094 0.0263595581054687 -0.085601806640625
-0.0828399658203125 -0.08892822265625 -0.00388717651367187 -0.0623359680175781
-0.109970092773438 -0.0404815673828125 -0.0124473571777344 -0.0369110107421875
-0.117774963378906 -0.0348434448242188 0.00125694274902343 -0.0219516754150391
-0.123023986816406 -0.0161666870117188 0.00557994842529296 0.00106287002563476
-0.101966857910156 -0.0526275634765625 0.00921630859374999 0.0256328582763672
-0.0901031494140625 -0.093719482421875 -0.00976181030273438 0.0386161804199219
-0.0611190795898437 -0.124473571777344 -0.0406265258789063 0.0388298034667969
0.036590576171875 -0.171066284179688 -0.048919677734375 0.00326156616210937
0.091156005859375 -0.142181396484375 -0.0301990509033203 -0.00452041625976563
0.14959716796875 -0.140609741210938 0.0370597839355469 0.00329589843749999
0.153274536132813 -0.081085205078125 0.0365447998046875 -0.117240905761719
0.139053344726563 -0.0821456909179687 0.0746994018554688 -0.0862579345703125
0.098236083984375 -0.148956298828125 0.0755538940429688 -0.0754165649414063
0.022979736328125 -0.13751220703125 0.0554580688476562 -0.0772247314453125
-0.032257080078125 -0.128097534179688 0.0424423217773438 -0.0590553283691406
-0.0797653198242188 -0.0849990844726562 0.03369140625 -0.0387344360351563
-0.10162353515625 -0.042724609375 0.0332565307617188 -0.030792236328125
-0.10723876953125 -0.0408096313476563 0.0401725769042969 -0.019622802734375
-0.112472534179688 -0.0285797119140625 0.0437507629394531 0.003570556640625
-0.0839614868164063 -0.062347412109375 0.0416908264160156 0.0372161865234375
-0.065338134765625 -0.0996627807617187 0.00825119018554687 0.0509872436523437
-0.0320968627929687 -0.123085021972656 -0.03204345703125 0.0398330688476562
0.0658721923828125 -0.149734497070313 -0.0398483276367188 -0.00584793090820314
0.111862182617188 -0.109565734863281 -0.0120697021484375 -0.0357208251953125
0.15087890625 -0.09735107421875 0.0835952758789063 -0.0314712524414063
0.113189697265625 -0.0374374389648438 0.0759124755859375 -0.1431884765625
0.112342834472656 -0.046966552734375 0.0889129638671875 -0.113655090332031
0.084625244140625 -0.107414245605469 0.0726242065429688 -0.0755996704101563
0.0213165283203125 -0.102561950683594 0.0576744079589844 -0.0616226196289063
-0.0213241577148437 -0.0970001220703125 0.0554656982421875 -0.0348625183105469
-0.0588836669921875 -0.0661392211914063 0.0652084350585938 -0.020294189453125
-0.0747833251953125 -0.038330078125 0.071258544921875 -0.0262527465820313
-0.0805740356445312 -0.04119873046875 0.0721054077148438 -0.0145645141601563
-0.0857315063476563 -0.0366592407226562 0.0757598876953125 0.0132904052734375
-0.0569496154785156 -0.0632667541503906 0.0644416809082031 0.0565071105957031
-0.0338821411132813 -0.0907516479492188 0.0191154479980469 0.0686912536621094
0.000289916992187509 -0.104087829589844 -0.0246200561523438 0.044647216796875
0.0854339599609375 -0.107383728027344 -0.0272140502929687 -0.00590896606445314
0.116249084472656 -0.0599441528320313 0.0111427307128906 -0.0502433776855469
0.128578186035156 -0.0405654907226563 0.12579345703125 -0.0467453002929687
0.0592231750488281 0.0147476196289063 0.0948028564453125 -0.156173706054688
0.0718994140625 -0.002685546875 0.0875244140625 -0.128181457519531
0.0614700317382813 -0.0488929748535156 0.0645675659179688 -0.0689506530761719
0.0205917358398437 -0.0513725280761719 0.057830810546875 -0.0468406677246094
-0.00101470947265625 -0.0517387390136719 0.0634803771972656 -0.0170974731445313
-0.0250511169433594 -0.041839599609375 0.0847702026367188 -0.0104827880859375
-0.0363502502441406 -0.0305747985839844 0.0945587158203125 -0.02337646484375
-0.0419502258300781 -0.0345230102539062 0.0925064086914063 -0.00745391845703125
-0.0502204895019531 -0.0346717834472656 0.0979232788085938 0.0269699096679687
-0.0287361145019531 -0.0489692687988281 0.076873779296875 0.078338623046875
-0.00896453857421875 -0.0662422180175781 0.0223236083984375 0.0880050659179687
0.0189056396484375 -0.0711288452148437 -0.018890380859375 0.0546379089355469
0.0813064575195313 -0.0572357177734375 -0.0175838470458984 0.00388717651367187
0.0961151123046875 -0.009429931640625 0.032684326171875 -0.0464820861816406
0.0831680297851563 0.0159530639648438 0.156158447265625 -0.0424957275390625
-0.0175132751464844 -0.0603370666503906 -0.15460205078125 0.052703857421875
-0.0455856323242188 -0.0170173645019531 -0.0458793640136719 0.0441741943359375
-0.0462188720703125 0.0177383422851563 0.0191555023193359 -0.0198497772216797
-0.0124835968017578 0.0324878692626953 0.0211181640625 -0.0711593627929688
0.000484466552734375 0.0271968841552734 -0.0157928466796875 -0.106834411621094
0.00440216064453125 0.0192890167236328 -0.0858688354492187 -0.099884033203125
-0.00140190124511719 0.0230484008789063 -0.119026184082031 -0.03082275390625
-0.00544548034667969 0.0261306762695313 -0.106071472167969 0.00312042236328124
-0.0071563720703125 0.0249977111816406 -0.09796142578125 0.0245208740234375
-0.0196018218994141 0.0118961334228516 -0.0959091186523438 0.0185546875
-0.023101806640625 0.00629234313964844 -0.0729522705078125 0.0239715576171875
-0.0304298400878906 0.00519943237304687 -0.0606155395507813 0.0409698486328125
-0.0383110046386719 -0.019561767578125 -0.0650901794433594 0.0576057434082031
-0.0338287353515625 -0.0438766479492188 -0.0692672729492187 0.124107360839844
-0.0165176391601562 -0.0679435729980469 -0.094512939453125 0.16015625
0.0458221435546875 -0.0976028442382813 -0.147567749023438 0.028533935546875
0.007110595703125 -0.0521087646484375 -0.0395469665527344 0.0268363952636719
-0.0100135803222656 -0.0358390808105469 0.0251502990722656 -0.0360946655273437
-0.00267601013183594 -0.0144691467285156 0.0224456787109375 -0.0846633911132813
-0.00793647766113281 -0.0184841156005859 -0.0125579833984375 -0.115516662597656
-0.0223007202148438 -0.0127048492431641 -0.081695556640625 -0.1051025390625
-0.0402984619140625 0.00748825073242188 -0.113349914550781 -0.0386199951171875
-0.0483016967773438 0.0134735107421875 -0.0970382690429688 -0.00456237792968751
-0.0524139404296875 0.0193519592285156 -0.089447021484375 0.0212249755859375
-0.0573234558105469 -0.00622177124023438 -0.085174560546875 0.0201568603515625
-0.0558624267578125 -0.0283279418945313 -0.0667762756347656 0.0249595642089844
-0.0489921569824219 -0.041839599609375 -0.0599594116210938 0.0390243530273437
-0.0215911865234375 -0.0796127319335938 -0.0596466064453125 0.0439262390136719
0.000175476074218759 -0.0918960571289062 -0.0570907592773438 0.105628967285156
0.03656005859375 -0.11871337890625 -0.0753326416015625 0.137702941894531
0.103378295898438 -0.121612548828125 -0.119003295898438 -0.002410888671875
0.0643844604492188 -0.0818023681640625 -0.0188713073730469 0.00714302062988281
0.030853271484375 -0.0924911499023438 0.0387344360351563 -0.0495223999023438
0.00846099853515625 -0.0682411193847656 0.0274810791015625 -0.0941925048828125
-0.0179634094238281 -0.0677947998046875 -0.00592041015625001 -0.116195678710938
-0.0495529174804688 -0.0462226867675781 -0.0679092407226563 -0.0986557006835938
-0.0748443603515625 -0.009521484375 -0.0916366577148437 -0.0408172607421875
-0.0847244262695313 -0.00105285644531251 -0.0736923217773438 -0.0121002197265625
-0.0895462036132813 0.0127639770507812 -0.0661659240722656 0.0148277282714844
-0.0875473022460938 -0.019989013671875 -0.05963134765625 0.0220603942871094
-0.0839080810546875 -0.0543670654296875 -0.0519828796386719 0.0292510986328125
-0.0684356689453125 -0.0789871215820313 -0.0560188293457031 0.0411834716796875
-0.0105514526367187 -0.129058837890625 -0.0578231811523438 0.0313873291015625
0.0286788940429688 -0.130020141601563 -0.0473175048828125 0.0749740600585937
0.0826873779296875 -0.152618408203125 -0.0445709228515625 0.0981979370117187
0.145065307617188 -0.129074096679688 -0.0732650756835937 -0.0397262573242188
0.111061096191406 -0.102851867675781 0.0122432708740234 -0.0189876556396484
0.0657806396484375 -0.141372680664063 0.0554885864257813 -0.0605735778808594
0.0148849487304688 -0.11639404296875 0.0373382568359375 -0.0964126586914063
-0.0305404663085938 -0.109443664550781 0.00627136230468749 -0.10565185546875
-0.07342529296875 -0.0715866088867188 -0.0417938232421875 -0.0835723876953125
-0.100212097167969 -0.02471923828125 -0.0570144653320313 -0.0392341613769531
-0.10943603515625 -0.0147247314453125 -0.0397300720214844 -0.0177574157714844
-0.114013671875 0.00360107421875001 -0.0333061218261719 0.00707054138183594
-0.103446960449219 -0.0324783325195313 -0.0267181396484375 0.0220870971679687
-0.0983428955078125 -0.073333740234375 -0.0317916870117188 0.0336704254150391
-0.0769805908203125 -0.104148864746094 -0.0494422912597656 0.0422554016113281
0.00210571289062501 -0.161224365234375 -0.055450439453125 0.0178260803222656
0.0549774169921875 -0.149307250976563 -0.03948974609375 0.0364799499511719
0.116439819335938 -0.163833618164063 -0.0056610107421875 0.0499763488769531
0.160110473632813 -0.118179321289063 -0.0189895629882812 -0.079681396484375
0.135353088378906 -0.105819702148438 0.0452117919921875 -0.0521163940429688
0.08538818359375 -0.164794921875 0.0681304931640625 -0.0704727172851563
0.0160980224609375 -0.142669677734375 0.0461349487304687 -0.0901947021484375
-0.039306640625 -0.130348205566406 0.0230865478515625 -0.0854568481445313
-0.0863571166992188 -0.0836105346679688 -0.00620269775390626 -0.0617103576660156
-0.1103515625 -0.033447265625 -0.0133934020996094 -0.0362968444824219
-0.11712646484375 -0.0263824462890625 -0.000162124633789071 -0.0205287933349609
-0.120742797851563 -0.00849151611328123 0.00480937957763671 0.00237083435058594
-0.102249145507813 -0.0462493896484375 0.00891685485839843 0.0254421234130859
-0.0930328369140625 -0.0878372192382813 -0.0100479125976563 0.0400619506835937
-0.0656814575195313 -0.118736267089844 -0.0405654907226563 0.0414276123046875
0.026519775390625 -0.1693115234375 -0.0512657165527344 0.00464630126953124
0.0825042724609375 -0.145034790039063 -0.0302333831787109 -0.00328445434570313
0.138809204101563 -0.146011352539063 0.0374069213867188 0.00238800048828124
0.147064208984375 -0.0876617431640625 0.0318603515625 -0.117515563964844
0.132423400878906 -0.0880355834960938 0.0702362060546875 -0.0873947143554688
0.08837890625 -0.15191650390625 0.0723876953125 -0.0763931274414063
0.0163345336914062 -0.135307312011719 0.0518112182617188 -0.0777359008789063
-0.0379257202148437 -0.124176025390625 0.0404586791992188 -0.0600662231445313
-0.0828399658203125 -0.0794448852539062 0.0322990417480469 -0.0403099060058594
-0.101608276367188 -0.03668212890625 0.0311756134033203 -0.0325202941894531
-0.107322692871094 -0.0340499877929688 0.0377464294433594 -0.0206451416015625
-0.110076904296875 -0.02142333984375 0.0414619445800781 0.00264358520507812
-0.085693359375 -0.0574493408203125 0.0417289733886719 0.0348930358886719
-0.069427490234375 -0.0943069458007812 0.00870132446289063 0.050994873046875
-0.036773681640625 -0.119071960449219 -0.0317192077636719 0.0415306091308594
0.056427001953125 -0.1505126953125 -0.0419235229492188 -0.00412750244140626
0.105178833007813 -0.1134033203125 -0.0144329071044922 -0.0348644256591797
0.141708374023438 -0.103790283203125 0.0809097290039063 -0.0335922241210938
0.110382080078125 -0.0426254272460938 0.0680694580078125 -0.144500732421875
0.108451843261719 -0.0524063110351563 0.0820159912109375 -0.114830017089844
0.07696533203125 -0.110443115234375 0.0692062377929687 -0.0766448974609375
0.0162124633789062 -0.101837158203125 0.055023193359375 -0.0626792907714844
-0.02618408203125 -0.0942764282226563 0.0541305541992188 -0.036376953125
-0.0611953735351563 -0.0624771118164063 0.063873291015625 -0.0237655639648438
-0.0756683349609375 -0.0332717895507812 0.0683441162109375 -0.0310935974121094
-0.080413818359375 -0.0357894897460937 0.0687942504882813 -0.0177154541015625
-0.0856857299804688 -0.0304794311523438 0.0737686157226563 0.00982666015625
-0.0590095520019531 -0.0588531494140625 0.0649185180664063 0.0522880554199219
-0.0377655029296875 -0.0875930786132813 0.0199165344238281 0.0676956176757813
-0.00465393066406249 -0.102142333984375 -0.0242462158203125 0.0460662841796875
0.0775299072265625 -0.109893798828125 -0.0300121307373047 -0.00540351867675781
0.11175537109375 -0.0649337768554688 0.00754928588867188 -0.0498619079589844
0.123306274414062 -0.0462417602539062 0.121047973632813 -0.05059814453125
0.0593643188476563 0.0120849609375 0.085540771484375 -0.158157348632813
0.0710296630859375 -0.0062103271484375 0.0797348022460937 -0.129722595214844
0.0582466125488281 -0.0512542724609375 0.0615348815917969 -0.0692825317382813
0.0184745788574219 -0.051300048828125 0.0563888549804688 -0.0481452941894531
-0.004119873046875 -0.0505943298339844 0.06304931640625 -0.019775390625
-0.0273094177246094 -0.0390625 0.084228515625 -0.0157394409179688
-0.0368614196777344 -0.0279464721679688 0.0912399291992188 -0.0288772583007813
-0.0433349609375 -0.0311088562011719 0.0886383056640625 -0.0116806030273438
-0.0502471923828125 -0.030548095703125 0.09600830078125 0.0215835571289062
-0.0304183959960937 -0.0467033386230469 0.0781478881835937 0.072174072265625
-0.0123023986816406 -0.0649871826171875 0.024169921875 0.0864334106445313
0.0148849487304687 -0.0710906982421875 -0.0185508728027344 0.055419921875
0.0766448974609375 -0.0604705810546875 -0.0193996429443359 0.00412368774414062
0.093994140625 -0.0140609741210938 0.02789306640625 -0.0470848083496094
0.0819549560546875 0.01177978515625 0.150466918945313 -0.0484771728515625
-0.0187644958496094 -0.0589675903320313 -0.150863647460938 0.05572509765625
-0.0454368591308594 -0.0156173706054688 -0.0432014465332031 0.0450668334960938
-0.0454177856445313 0.0192413330078125 0.0205249786376953 -0.0193920135498047
-0.0113849639892578 0.0323886871337891 0.0214157104492187 -0.0707244873046875
0.00219154357910156 0.0266742706298828 -0.0176544189453125 -0.106681823730469
0.00471878051757813 0.0183868408203125 -0.0877532958984375 -0.096710205078125
-0.00095176696777344 0.0226116180419922 -0.117027282714844 -0.026458740234375
-0.00475692749023437 0.0261631011962891 -0.103172302246094 0.00737762451171877
-0.00665855407714844 0.0242347717285156 -0.095245361328125 0.0281982421875
-0.0197982788085937 0.0118865966796875 -0.0952529907226562 0.0224838256835938
-0.0227832794189453 0.00639533996582031 -0.0732803344726563 0.025909423828125
-0.0291080474853516 0.00636482238769532 -0.0594978332519531 0.0409927368164062
-0.0385284423828125 -0.01873779296875 -0.0635223388671875 0.0566024780273438
-0.0350837707519531 -0.0425682067871094 -0.0646209716796875 0.124031066894531
-0.0189628601074219 -0.0662918090820313 -0.087249755859375 0.16180419921875
0.0423355102539063 -0.09796142578125 -0.143310546875 0.0322265625
0.00561141967773437 -0.0520706176757812 -0.0368080139160156 0.0279541015625
-0.0117835998535156 -0.0343990325927734 0.0255813598632813 -0.0353813171386719
-0.0025482177734375 -0.0139894485473633 0.0220184326171875 -0.083953857421875
-0.00803184509277344 -0.0178966522216797 -0.0137939453125 -0.115104675292969
-0.0228710174560547 -0.0125808715820313 -0.0832443237304688 -0.100852966308594
-0.0398330688476562 0.00880050659179688 -0.111602783203125 -0.0339584350585938
-0.0473709106445313 0.0150146484375 -0.0945053100585938 -0.00117492675781251
-0.0509910583496094 0.0207748413085937 -0.0869064331054687 0.0253753662109375
-0.0569419860839844 -0.0048980712890625 -0.084381103515625 0.0240478515625
-0.0564231872558594 -0.0265846252441406 -0.0670089721679688 0.0277366638183594
-0.0492515563964844 -0.0398330688476563 -0.0598068237304688 0.04034423828125
-0.02410888671875 -0.0778274536132813 -0.0598678588867188 0.0439071655273438
-0.00291442871093751 -0.0910720825195313 -0.0527877807617187 0.105514526367188
0.0322036743164063 -0.117515563964844 -0.0691757202148437 0.138778686523438
0.09869384765625 -0.123634338378906 -0.116119384765625 0.000663757324218729
0.060516357421875 -0.08343505859375 -0.0161352157592773 0.00852584838867187
0.0264892578125 -0.0920257568359375 0.0394859313964844 -0.049102783203125
0.00679779052734374 -0.0671730041503906 0.0274124145507813 -0.0938186645507813
-0.0193519592285156 -0.0656242370605469 -0.00823974609375 -0.115791320800781
-0.0505790710449219 -0.0439796447753906 -0.06915283203125 -0.095977783203125
-0.074676513671875 -0.00697326660156249 -0.0910491943359375 -0.037872314453125
-0.0837783813476563 0.002410888671875 -0.07171630859375 -0.00862884521484375
-0.0876998901367188 0.0160751342773438 -0.0641517639160156 0.0180778503417969
-0.0866241455078125 -0.0171127319335938 -0.0593833923339844 0.0248870849609375
-0.08465576171875 -0.0509262084960937 -0.0528411865234375 0.0317268371582031
-0.06927490234375 -0.0755844116210938 -0.0559196472167969 0.0424537658691406
-0.01513671875 -0.127105712890625 -0.058135986328125 0.0312881469726563
0.0244979858398437 -0.129219055175781 -0.0439071655273437 0.0750656127929688
0.07568359375 -0.15338134765625 -0.039642333984375 0.0985946655273437
0.139495849609375 -0.13287353515625 -0.0711593627929687 -0.0374679565429687
0.105941772460937 -0.105438232421875 0.0135955810546875 -0.0182895660400391
0.0593109130859375 -0.141510009765625 0.0552291870117188 -0.0604515075683594
0.0110244750976562 -0.115013122558594 0.0364303588867188 -0.095550537109375
-0.0331344604492188 -0.10638427734375 0.00497436523437499 -0.106185913085938
-0.07470703125 -0.0683364868164063 -0.0426712036132813 -0.0814743041992187
-0.099761962890625 -0.0205307006835938 -0.0568771362304688 -0.0374832153320313
-0.107795715332031 -0.00997161865234376 -0.0393142700195313 -0.0156478881835938
-0.111595153808594 0.00836181640624999 -0.0320854187011719 0.0100975036621094
-0.102989196777344 -0.0293197631835938 -0.0272960662841797 0.0238189697265625
-0.0995941162109375 -0.0689620971679688 -0.0324478149414063 0.0360679626464844
-0.078643798828125 -0.100471496582031 -0.0489578247070313 0.0435638427734375
-0.00375366210937499 -0.158981323242187 -0.0567550659179688 0.0183372497558594
0.05023193359375 -0.149505615234375 -0.0382537841796875 0.0365753173828125
0.1094970703125 -0.1654052734375 -0.00304412841796875 0.0499191284179687
0.154708862304688 -0.121902465820313 -0.0202255249023437 -0.0783233642578125
0.129600524902344 -0.109321594238281 0.044342041015625 -0.0514755249023438
0.0775604248046875 -0.16534423828125 0.0675392150878906 -0.0695838928222656
0.01214599609375 -0.140792846679688 0.0454254150390625 -0.0890579223632813
-0.0430831909179687 -0.127723693847656 0.0217971801757812 -0.086334228515625
-0.0873489379882813 -0.0793991088867187 -0.00667190551757814 -0.0615043640136719
-0.110092163085938 -0.02911376953125 -0.0140228271484375 -0.0355186462402344
-0.116477966308594 -0.0215606689453125 -0.00119972229003907 -0.0198612213134766
-0.118576049804687 -0.00330352783203126 0.0046391487121582 0.00331544876098633
-0.10211181640625 -0.04266357421875 0.00805854797363281 0.0260124206542969
-0.0942916870117188 -0.0831451416015625 -0.0110206604003906 0.0414657592773438
-0.06817626953125 -0.115379333496094 -0.0407257080078125 0.0432929992675781
0.019744873046875 -0.1676025390625 -0.052734375 0.00582122802734375
0.07769775390625 -0.144866943359375 -0.0302314758300781 -0.00257873535156251
0.131942749023437 -0.148574829101563 0.0370597839355469 0.00190353393554687
0.142379760742188 -0.0916748046875 0.0287933349609375 -0.1171875
0.128303527832031 -0.0916595458984375 0.0676193237304688 -0.086639404296875
0.0814056396484375 -0.153411865234375 0.0713424682617188 -0.0760116577148438
0.0128097534179688 -0.134201049804688 0.0511703491210938 -0.077423095703125
-0.0420150756835937 -0.120750427246094 0.0398902893066406 -0.0611610412597656
-0.0841217041015625 -0.0759658813476562 0.0315017700195312 -0.0420799255371094
-0.101768493652344 -0.0324783325195312 0.0296611785888672 -0.0343780517578125
-0.106681823730469 -0.0291671752929688 0.035369873046875 -0.02105712890625
-0.109077453613281 -0.01678466796875 0.0412368774414062 0.00243377685546875
-0.0855941772460937 -0.05413818359375 0.0397720336914063 0.0341453552246094
-0.0712051391601563 -0.0907516479492188 0.00788879394531249 0.05181884765625
-0.0396652221679688 -0.116462707519531 -0.0317916870117188 0.0434303283691406
0.050201416015625 -0.149795532226563 -0.0442924499511719 -0.00336074829101564
0.100456237792969 -0.115158081054688 -0.0158405303955078 -0.0342483520507813
0.13629150390625 -0.106819152832031 0.0786361694335938 -0.0343170166015625
0.10711669921875 -0.0455703735351563 0.063079833984375 -0.144973754882812
0.105926513671875 -0.0548858642578125 0.0788421630859375 -0.115013122558594
0.0723953247070313 -0.111808776855469 0.0673065185546875 -0.0762557983398437
0.0137100219726562 -0.100662231445313 0.0540618896484375 -0.0623703002929688
-0.0294418334960938 -0.0914535522460938 0.0541839599609375 -0.0376319885253906
-0.0631294250488281 -0.0591468811035156 0.0640830993652344 -0.0272331237792969
-0.0755615234375 -0.0307464599609375 0.0657310485839844 -0.0333518981933594
-0.0806503295898438 -0.0315933227539062 0.0659217834472656 -0.0194969177246094
-0.0847625732421875 -0.0259857177734375 0.0719680786132812 0.00807952880859375
-0.0597496032714844 -0.0562744140625 0.0638809204101563 0.0498580932617188
-0.0400772094726563 -0.0855560302734375 0.0199470520019531 0.0678253173828125
-0.00725555419921875 -0.100883483886719 -0.0242271423339844 0.0473709106445312
0.072296142578125 -0.110603332519531 -0.0323619842529297 -0.00486373901367188
0.108268737792969 -0.0673446655273438 0.00471878051757813 -0.0494041442871094
0.120002746582031 -0.0494384765625 0.117813110351563 -0.0523529052734375
0.0589332580566406 0.00954055786132813 0.0800323486328125 -0.158340454101563
0.070648193359375 -0.0086669921875 0.0751953125 -0.128959655761719
0.0555801391601562 -0.0528945922851563 0.0600357055664063 -0.0689353942871094
0.0170135498046875 -0.0511016845703125 0.0553550720214844 -0.0483970642089844
-0.00628662109374999 -0.05023193359375 0.0632896423339844 -0.0210075378417969
-0.0283622741699219 -0.0375480651855469 0.0840377807617188 -0.018768310546875
-0.0369644165039062 -0.0266380310058594 0.0888290405273438 -0.032867431640625
-0.0435600280761719 -0.0282173156738281 0.0858840942382813 -0.0142440795898438
-0.0497474670410156 -0.0278587341308594 0.0937728881835938 0.018402099609375
-0.0311737060546875 -0.0450248718261719 0.077972412109375 0.0689620971679688
-0.0135917663574219 -0.0634765625 0.0253372192382812 0.0856781005859375
0.013336181640625 -0.0702476501464844 -0.0185317993164063 0.0558624267578125
0.0736160278320313 -0.062255859375 -0.0209522247314453 0.00403785705566406
0.09259033203125 -0.0170211791992188 0.024932861328125 -0.04742431640625
0.0814361572265625 0.009063720703125 0.146453857421875 -0.0506591796875
-0.0199203491210938 -0.059173583984375 -0.148513793945313 0.0589141845703125
-0.0460700988769531 -0.01446533203125 -0.0414352416992188 0.0466041564941406
-0.0446510314941406 0.0213851928710938 0.0219058990478516 -0.0192031860351563
-0.0107803344726563 0.0328655242919922 0.0221710205078125 -0.0719833374023438
0.00316047668457032 0.0260467529296875 -0.01873779296875 -0.107612609863281
0.00527381896972656 0.0179557800292969 -0.090087890625 -0.095672607421875
-6.67572021484357E-05 0.0231227874755859 -0.116714477539063 -0.0235214233398437
-0.00402641296386719 0.0261325836181641 -0.101806640625 0.00996398925781251
-0.00651931762695312 0.0248489379882813 -0.0942611694335938 0.0311813354492187
-0.0201606750488281 0.0125541687011719 -0.0958099365234375 0.0263137817382813
-0.0228404998779297 0.00698471069335938 -0.0741043090820313 0.0286331176757813
-0.0286006927490234 0.00730133056640625 -0.060302734375 0.0418624877929688
-0.0399093627929688 -0.0176277160644531 -0.0638847351074219 0.0566215515136719
-0.0368995666503906 -0.0421485900878906 -0.061431884765625 0.124755859375
-0.0205802917480469 -0.0657463073730469 -0.0829315185546875 0.164154052734375
0.0409469604492188 -0.0997695922851563 -0.141937255859375 0.035003662109375
0.00408554077148438 -0.0525016784667969 -0.0344257354736328 0.0301666259765625
-0.0132560729980469 -0.0338668823242188 0.0273895263671875 -0.0353317260742188
-0.00274562835693359 -0.0139780044555664 0.0224456787109375 -0.0850677490234375
-0.00787734985351563 -0.0176582336425781 -0.016143798828125 -0.115951538085937
-0.0232582092285156 -0.0120677947998047 -0.0854339599609375 -0.0996475219726563
-0.0396003723144531 0.0101318359375 -0.111427307128906 -0.0311813354492188
-0.0469131469726563 0.0167808532714844 -0.0935516357421875 0.00227355957031249
-0.0505943298339844 0.022552490234375 -0.0856399536132813 0.0281829833984375
-0.0574417114257813 -0.00367736816406249 -0.0849456787109375 0.0277862548828125
-0.0566139221191406 -0.0256195068359375 -0.06878662109375 0.0302925109863281
-0.0491752624511719 -0.0389785766601563 -0.0604476928710938 0.041259765625
-0.0266494750976562 -0.0771942138671875 -0.0605316162109375 0.0443344116210938
-0.00501251220703125 -0.0905609130859375 -0.0502243041992188 0.105934143066406
0.029388427734375 -0.118499755859375 -0.0654983520507812 0.140525817871094
0.0967025756835937 -0.127082824707031 -0.114021301269531 0.00248718261718747
0.0588912963867187 -0.0853195190429688 -0.0141277313232422 0.0102005004882812
0.0236434936523437 -0.0925674438476562 0.0409355163574219 -0.0490455627441406
0.00591278076171875 -0.0668411254882813 0.027801513671875 -0.0941619873046875
-0.0202751159667969 -0.0654487609863281 -0.00925445556640626 -0.117111206054688
-0.0514907836914062 -0.0430717468261719 -0.07122802734375 -0.0951385498046875
-0.074981689453125 -0.00478363037109374 -0.0916061401367188 -0.0352706909179688
-0.0836105346679688 0.00521850585937499 -0.071136474609375 -0.00630187988281249
-0.0874099731445312 0.0185546875 -0.0632286071777344 0.0209465026855469
-0.0873336791992187 -0.0158615112304688 -0.0604362487792969 0.0277175903320313
-0.0858154296875 -0.0489349365234375 -0.0548591613769531 0.0346641540527344
-0.0701370239257813 -0.0742034912109375 -0.0569801330566406 0.0439949035644531
-0.0187835693359375 -0.126327514648438 -0.0598907470703125 0.032135009765625
0.0220947265625 -0.1297607421875 -0.042510986328125 0.07525634765625
0.0721893310546875 -0.155654907226563 -0.037017822265625 0.100257873535156
0.136322021484375 -0.136924743652344 -0.0708084106445313 -0.03619384765625
0.103401184082031 -0.108261108398437 0.0148639678955078 -0.0171842575073242
0.0549163818359375 -0.143081665039063 0.0569610595703125 -0.0604705810546875
0.0096435546875 -0.11505126953125 0.0366058349609375 -0.0962600708007813
-0.0359954833984375 -0.105857849121094 0.0035552978515625 -0.107490539550781
-0.0765151977539063 -0.0666122436523437 -0.043731689453125 -0.0814361572265625
-0.100868225097656 -0.0178070068359375 -0.057220458984375 -0.0364761352539063
-0.108245849609375 -0.00667572021484373 -0.0393905639648438 -0.0138816833496094
-0.111587524414063 0.0112228393554688 -0.0315704345703125 0.0122203826904297
-0.103904724121094 -0.0275497436523437 -0.027984619140625 0.0260086059570313
-0.100936889648438 -0.0668869018554688 -0.0340118408203125 0.0385475158691406
-0.0801925659179688 -0.0993576049804687 -0.0496864318847656 0.0460700988769531
-0.0081634521484375 -0.158782958984375 -0.0593338012695313 0.019073486328125
0.0471343994140625 -0.150787353515625 -0.0376167297363281 0.0369758605957031
0.105514526367188 -0.167739868164063 -0.00149917602539062 0.0510177612304687
0.152297973632813 -0.126190185546875 -0.0201950073242187 -0.0785751342773438
0.127853393554688 -0.112541198730469 0.0447540283203125 -0.0511550903320313
0.073150634765625 -0.167037963867188 0.0684051513671875 -0.0704421997070313
0.00991821289062501 -0.140625 0.045684814453125 -0.0902023315429688
-0.0460128784179688 -0.12615966796875 0.0213699340820312 -0.0876617431640625
-0.0901031494140625 -0.0779342651367188 -0.007293701171875 -0.0623931884765625
-0.110580444335938 -0.0265350341796875 -0.0154838562011719 -0.0359878540039063
-0.116424560546875 -0.0167922973632813 -0.00181388854980469 -0.0191688537597656
-0.118309020996094 -0.000274658203124997 0.00498342514038085 0.00475549697875977
-0.103256225585938 -0.0408477783203125 0.00710868835449218 0.0266647338867188
-0.0966339111328125 -0.0813217163085938 -0.0115699768066406 0.0437736511230469
-0.0702056884765625 -0.113998413085938 -0.0414505004882813 0.0452232360839844
0.014556884765625 -0.1680908203125 -0.0555610656738281 0.00632095336914062
0.0744476318359375 -0.146881103515625 -0.0312061309814453 -0.00201034545898439
0.128219604492188 -0.152130126953125 0.0378379821777344 0.00162887573242187
0.14093017578125 -0.095306396484375 0.0271682739257813 -0.117301940917969
0.126258850097656 -0.09417724609375 0.0675888061523438 -0.086395263671875
0.0776824951171875 -0.155288696289063 0.0721969604492188 -0.076080322265625
0.01092529296875 -0.134780883789063 0.0518264770507813 -0.077850341796875
-0.044769287109375 -0.119560241699219 0.0401229858398438 -0.0623588562011719
-0.0865325927734375 -0.0739059448242188 0.0321502685546875 -0.0436363220214844
-0.102546691894531 -0.0294570922851563 0.0283660888671875 -0.0356597900390625
-0.107322692871094 -0.0250167846679688 0.0353355407714844 -0.0216331481933594
-0.10858154296875 -0.013641357421875 0.0408363342285156 0.0027923583984375
-0.0872726440429688 -0.0523529052734375 0.0395774841308594 0.033782958984375
-0.0732269287109375 -0.0889205932617188 0.0073394775390625 0.0536575317382812
-0.0416641235351563 -0.115447998046875 -0.032806396484375 0.0454292297363281
0.0456085205078125 -0.151351928710937 -0.0475692749023437 -0.00295257568359377
0.0988845825195312 -0.11773681640625 -0.0177383422851562 -0.0339546203613281
0.133865356445313 -0.109992980957031 0.0785293579101563 -0.0352783203125
0.107040405273438 -0.0485153198242188 0.0611724853515625 -0.146835327148438
0.104629516601563 -0.0577163696289063 0.0772552490234375 -0.115318298339844
0.069580078125 -0.113784790039063 0.06805419921875 -0.076324462890625
0.0125045776367188 -0.101226806640625 0.0546684265136719 -0.0626907348632813
-0.0315933227539063 -0.0911178588867188 0.0553855895996094 -0.0391921997070313
-0.0648651123046875 -0.0579299926757812 0.0646705627441406 -0.0288810729980469
-0.0766677856445313 -0.028350830078125 0.0652198791503906 -0.0365104675292969
-0.08154296875 -0.0289230346679688 0.0650825500488281 -0.0206184387207031
-0.0844497680664063 -0.0233917236328125 0.0714569091796875 0.00749969482421875
-0.0615425109863281 -0.0550804138183594 0.0633583068847656 0.0491180419921875
-0.0425491333007813 -0.0844192504882813 0.02001953125 0.0693473815917969
-0.00937652587890625 -0.1009521484375 -0.0256576538085938 0.04888916015625
0.0695037841796875 -0.112480163574219 -0.0351047515869141 -0.00424957275390626
0.1080322265625 -0.0701065063476562 0.00267028808593751 -0.0494041442871094
0.118728637695312 -0.0519561767578125 0.116645812988281 -0.0540313720703125
0.0597000122070313 0.008453369140625 0.07672119140625 -0.160507202148437
0.0708389282226563 -0.0102462768554688 0.0736770629882812 -0.129585266113281
0.0538711547851563 -0.0548477172851563 0.0599479675292969 -0.0690422058105469
0.0161552429199219 -0.0516586303710937 0.0557899475097656 -0.0486946105957031
-0.0078125 -0.0499191284179688 0.0650177001953125 -0.0227508544921875
-0.029541015625 -0.0365219116210937 0.0850753784179688 -0.0216293334960938
-0.0377044677734375 -0.0253334045410156 0.0875778198242188 -0.0355453491210938
-0.0441436767578125 -0.0269660949707031 0.0846939086914063 -0.01605224609375
-0.0501289367675781 -0.0258407592773438 0.0937347412109375 0.01678466796875
-0.0326728820800781 -0.04443359375 0.078125 0.0670547485351563
-0.0152168273925781 -0.0636100769042969 0.0267410278320312 0.0871734619140625
0.011810302734375 -0.0706634521484375 -0.0193824768066406 0.0574569702148437
0.0720901489257813 -0.06414794921875 -0.0239753723144531 0.00411796569824219
0.09271240234375 -0.0194091796875 0.0220069885253906 -0.0478744506835938
0.0812454223632813 0.0079193115234375 0.145278930664063 -0.0526885986328125
-0.0218887329101562 -0.0599212646484375 -0.148101806640625 0.0640411376953125
-0.0472755432128906 -0.0129547119140625 -0.0392379760742188 0.0489768981933594
-0.04498291015625 0.0234451293945312 0.0236454010009766 -0.0202827453613281
-0.00986671447753906 0.0334644317626953 0.0223464965820313 -0.074462890625
0.00514984130859375 0.0261802673339844 -0.0221939086914063 -0.109626770019531
0.00572013854980469 0.0180320739746094 -0.0950775146484375 -0.0943603515625
0.000665664672851562 0.0235157012939453 -0.118408203125 -0.0198516845703125
-0.002655029296875 0.0268974304199219 -0.101333618164063 0.0138778686523438
-0.00619316101074219 0.0258655548095703 -0.0949935913085938 0.0358123779296875
-0.0205097198486328 0.0129241943359375 -0.0974197387695313 0.0316925048828125
-0.0229892730712891 0.00783157348632812 -0.0760574340820313 0.0323028564453125
-0.0282497406005859 0.00831794738769531 -0.0622787475585938 0.043548583984375
-0.0409927368164062 -0.0169219970703125 -0.0646553039550781 0.05792236328125
-0.0388412475585938 -0.0409164428710937 -0.0576705932617188 0.127120971679687
-0.0229911804199219 -0.0661811828613281 -0.078643798828125 0.1697998046875
0.037506103515625 -0.103347778320313 -0.141738891601563 0.03912353515625
0.00191497802734375 -0.0533256530761719 -0.0326786041259766 0.0317783355712891
-0.0151615142822266 -0.0336818695068359 0.0285148620605469 -0.036376953125
-0.00266456604003906 -0.0141897201538086 0.0221405029296875 -0.0870132446289063
-0.00788497924804688 -0.0178718566894531 -0.0193557739257812 -0.118629455566406
-0.0239315032958984 -0.0118541717529297 -0.0904159545898437 -0.0990753173828125
-0.0398597717285156 0.0117988586425781 -0.11285400390625 -0.0280532836914062
-0.0462875366210938 0.019317626953125 -0.093109130859375 0.00603485107421873
-0.0506210327148437 0.0251197814941406 -0.0855484008789062 0.0322799682617188
-0.05914306640625 -0.00214767456054687 -0.085845947265625 0.0327301025390625
-0.0588951110839844 -0.0240325927734375 -0.070404052734375 0.0342254638671875
-0.0507087707519531 -0.0380020141601563 -0.0620880126953125 0.0439605712890625
-0.0299072265625 -0.0769195556640625 -0.0622215270996094 0.0454750061035156
-0.00767517089843749 -0.0917205810546875 -0.0472412109375 0.108016967773438
0.0261993408203125 -0.120941162109375 -0.0610504150390625 0.1458740234375
0.0934524536132812 -0.133003234863281 -0.114631652832031 0.00569152832031249
0.056060791015625 -0.0885772705078125 -0.0124683380126953 0.0114307403564453
0.02044677734375 -0.0944595336914063 0.0427093505859375 -0.0507011413574219
0.00413894653320312 -0.0681495666503906 0.0279693603515625 -0.0970230102539063
-0.022552490234375 -0.0660858154296875 -0.0123214721679688 -0.119735717773437
-0.0537300109863281 -0.0420036315917969 -0.074798583984375 -0.0940170288085938
-0.0765914916992188 -0.00195312500000001 -0.0928497314453125 -0.03253173828125
-0.0841445922851563 0.00931549072265626 -0.071044921875 -0.0035552978515625
-0.087860107421875 0.0226211547851563 -0.0628929138183594 0.0245513916015625
-0.0895767211914063 -0.0133514404296875 -0.0618896484375 0.0317916870117188
-0.088714599609375 -0.0469818115234375 -0.05584716796875 0.0386161804199219
-0.0732955932617188 -0.0734939575195312 -0.0575447082519531 0.0464630126953125
-0.02410888671875 -0.127006530761719 -0.0619926452636719 0.0335197448730469
0.0185089111328125 -0.132682800292969 -0.0404815673828125 0.0767288208007813
0.0675506591796875 -0.160369873046875 -0.0334625244140625 0.103836059570312
0.134307861328125 -0.144790649414063 -0.0719985961914062 -0.0353012084960938
0.101310729980469 -0.113273620605469 0.016230583190918 -0.0165328979492188
0.04962158203125 -0.147171020507813 0.0588188171386719 -0.0619544982910156
0.0062103271484375 -0.117469787597656 0.0369949340820312 -0.0989761352539063
-0.0399627685546875 -0.106056213378906 0.00098419189453124 -0.1103515625
-0.0799713134765625 -0.06573486328125 -0.0467605590820313 -0.0815353393554688
-0.102798461914063 -0.0140762329101562 -0.0592384338378906 -0.0351371765136719
-0.109664916992188 -0.00139617919921874 -0.0393905639648438 -0.0122718811035156
-0.111602783203125 0.0162811279296875 -0.0315876007080078 0.0146961212158203
-0.106391906738281 -0.0246047973632813 -0.028717041015625 0.0292530059814453
-0.105422973632813 -0.0640335083007813 -0.0350189208984375 0.0428619384765625
-0.0842666625976562 -0.0979385375976563 -0.0510177612304688 0.0485572814941406
-0.013946533203125 -0.160675048828125 -0.0621528625488281 0.02093505859375
0.0434722900390625 -0.154647827148438 -0.0371437072753906 0.0377922058105469
0.10076904296875 -0.173843383789063 0.00102233886718751 0.0524673461914062
0.149993896484375 -0.134613037109375 -0.0216827392578125 -0.079925537109375
0.125 -0.119117736816406 0.0460853576660156 -0.0514068603515625
0.0677032470703125 -0.171676635742188 0.0699691772460938 -0.071685791015625
0.00642395019531251 -0.143417358398438 0.0465011596679688 -0.0929412841796875
-0.0514450073242188 -0.126182556152344 0.0201187133789062 -0.0911331176757813
-0.0939483642578125 -0.075927734375 -0.00861740112304688 -0.0644950866699219
-0.113357543945313 -0.0217056274414063 -0.0165519714355469 -0.0365829467773438
-0.118576049804688 -0.012451171875 -0.00251960754394532 -0.0190944671630859
-0.11944580078125 0.00466156005859373 0.0049138069152832 0.0061488151550293
-0.106338500976563 -0.0380477905273438 0.00692176818847656 0.0286846160888672
-0.100990295410156 -0.0793075561523438 -0.0128173828125 0.047027587890625
-0.0743255615234375 -0.113304138183594 -0.0428657531738281 0.0484123229980469
0.00874328613281249 -0.170867919921875 -0.0596237182617187 0.00802993774414062
0.071044921875 -0.151702880859375 -0.0320224761962891 -0.002044677734375
0.124740600585938 -0.158615112304688 0.0391044616699219 0.00149917602539062
0.139625549316406 -0.101791381835937 0.0252151489257813 -0.120986938476563
0.125503540039063 -0.0996170043945313 0.067169189453125 -0.0890884399414063
0.0727081298828125 -0.160263061523438 0.07318115234375 -0.078369140625
0.00728607177734376 -0.137321472167969 0.0521163940429687 -0.0802993774414063
-0.0501480102539062 -0.119705200195313 0.0403060913085938 -0.0659866333007813
-0.0903778076171875 -0.0714492797851563 0.0326080322265625 -0.04681396484375
-0.105400085449219 -0.0257034301757812 0.0275726318359375 -0.0378761291503906
-0.109817504882813 -0.0208740234375 0.0348663330078125 -0.0223731994628906
-0.1104736328125 -0.009063720703125 0.0410194396972656 0.0027313232421875
-0.0901031494140625 -0.0503921508789062 0.0401687622070312 0.0340652465820313
-0.0773239135742187 -0.0884170532226563 0.00724029541015624 0.0562057495117187
-0.0454330444335937 -0.116065979003906 -0.0339469909667969 0.0480079650878906
0.040435791015625 -0.154708862304688 -0.05145263671875 -0.00176620483398438
0.09625244140625 -0.122406005859375 -0.0204544067382812 -0.0338478088378906
0.132400512695313 -0.116065979003906 0.0792160034179688 -0.038116455078125
0.107070922851563 -0.053131103515625 0.057647705078125 -0.151214599609375
0.104423522949219 -0.0621490478515625 0.07586669921875 -0.118019104003906
0.0660018920898438 -0.118087768554688 0.0691299438476563 -0.078369140625
0.009857177734375 -0.103485107421875 0.0553512573242188 -0.0645904541015625
-0.0353775024414062 -0.0908203125 0.0566444396972656 -0.0425529479980469
-0.0677986145019531 -0.0559005737304687 0.0663299560546875 -0.0332984924316406
-0.0786666870117187 -0.0259475708007813 0.0639190673828125 -0.0396041870117188
-0.0834884643554688 -0.025146484375 0.0644149780273438 -0.0224876403808594
-0.0862579345703125 -0.0201873779296875 0.0721435546875 0.00620269775390625
-0.0631294250488281 -0.0543327331542969 0.065155029296875 0.0484848022460938
-0.0455169677734375 -0.0843505859375 0.0213241577148437 0.07122802734375
-0.0118560791015625 -0.102188110351563 -0.0257492065429688 0.0513153076171875
0.0662918090820313 -0.116531372070312 -0.0387725830078125 -0.00340652465820314
0.107208251953125 -0.0748825073242187 1.52587890625109E-05 -0.0499725341796875
0.118667602539063 -0.0563507080078125 0.117454528808594 -0.0572128295898438
0.0612754821777344 0.006561279296875 0.0729217529296875 -0.165618896484375
0.071807861328125 -0.0130081176757813 0.0705947875976563 -0.132713317871094
0.05242919921875 -0.0578842163085938 0.060699462890625 -0.0709075927734375
0.0152206420898437 -0.0533676147460938 0.0572395324707031 -0.0503807067871094
-0.0102157592773438 -0.0498428344726563 0.067169189453125 -0.0253067016601563
-0.0316104888916016 -0.0349807739257813 0.0871353149414063 -0.0264129638671875
-0.0396995544433594 -0.0243415832519531 0.0868148803710938 -0.0401077270507813
-0.0454978942871094 -0.0255622863769531 0.0839614868164063 -0.0194854736328125
-0.0509109497070313 -0.0239105224609375 0.0944442749023438 0.014404296875
-0.0347023010253906 -0.044189453125 0.0809402465820313 0.0658416748046875
-0.018341064453125 -0.0646247863769531 0.028411865234375 0.088592529296875
0.0106124877929687 -0.0725555419921875 -0.0204658508300781 0.0598793029785156
0.0706634521484375 -0.0670166015625 -0.0270423889160156 0.00465583801269531
0.0942764282226563 -0.0224533081054688 0.0199508666992188 -0.0486984252929688
0.082489013671875 0.0055999755859375 0.145721435546875 -0.0569610595703125
-0.0211890554155931 0.040697607633693 -0.129231026883143 -0.0871364736101375
0.0228637628401413 0.0413147037901147 -0.0579319821656455 -0.0163658645782324
0.0455145745440953 0.0255032533488994 0.0321117458848746 6.22238958401642E-05
0.0343694393549583 -0.00883731994253768 0.0725320940262272 -0.0231415036001711
0.0185088549461572 -0.0123346288778247 0.0856572649695026 -0.0831930587021322
0.0187896280891687 -0.0041822457072808 0.0379729715997846 -0.128601720381503
0.0275138306748658 -0.012211756208829 -0.0262308268266244 -0.120385022719915
0.0277468393301261 -0.0177055914095747 -0.0650700580692502 -0.0905131458616586
0.0327116763394924 -0.0107484223856549 -0.0758378787798658 -0.0745404141520896
0.0292788006273796 0.00390991831130263 -0.0743628748208973 -0.0705808595705461
0.0256607443352164 0.0103784764468032 -0.0678955702071004 -0.0583529716729213
0.0286463999830758 0.016193783276455 -0.06963129678142 -0.0408965685976
0.0251064810882447 0.0368439785654607 -0.0797642169999629 -0.0249215799072105
-0.00351835243152305 0.0467298804845175 -0.131941144440512 0.0155918828895829
-0.0363929793697293 0.0419195311073926 -0.173141480527975 0.0497995451288886
-0.0888300516640577 0.0185803853155877 -0.103171178438747 -0.0840380815442984
-0.0424004438168031 0.0292066500047195 -0.0379266739104028 -0.00548599958293413
-0.0193950794220604 0.036992224172957 0.0597278728647111 0.0093599558307923
-0.0107498601226001 0.0201247688828975 0.0959756126546484 -0.0217532346748752
-0.00388823922305723 0.0303904712520264 0.102519653326335 -0.0862300813017367
0.0144008627833681 0.0373739996695494 0.0506496606945087 -0.128343499863642
0.0389980852142425 0.0302890494499335 -0.0108264127811024 -0.121171394182247
0.0502026411243386 0.0191722549868788 -0.0503796787727706 -0.0901155422114869
0.0581659653329086 0.0279923524404616 -0.0649389917318762 -0.0715165947254675
0.0416470579468569 0.0444625305329492 -0.0641556486951809 -0.0625049869842747
0.0264739412872115 0.0577849825819204 -0.0608803798498881 -0.0518328441782534
0.00291809980983579 0.0645135209566042 -0.0619157210743006 -0.0372133381760798
-0.0233846134976757 0.0741351654419934 -0.06480881352648 -0.0247784406800133
-0.0612773411437221 0.0551614733913598 -0.110271264867616 0.022129852452737
-0.104703870604912 0.0336606745612416 -0.148807968587546 0.0540174994875251
-0.144828956973018 -0.00549121650710103 -0.0598585113944807 -0.0704487135363322
-0.107477999734492 0.0107733156836149 -0.00945332612553254 0.0164309715212734
-0.091606996540791 0.0465408707091552 0.0906664699635876 0.0292042937588624
-0.0627053914953405 0.0536869740582059 0.120329544976984 -0.0133070182490067
-0.0277240249607954 0.0770773511769857 0.114943248930743 -0.081269353234708
0.00889447920970619 0.0787752477499794 0.0601302337377305 -0.115040049215518
0.0456621051829843 0.0703854716222493 0.006885303810319 -0.106510193030506
0.0662130512804978 0.0533278493362183 -0.0287340535338801 -0.0765541251417683
0.0762923435413692 0.0609364060885156 -0.0444913807257291 -0.0561871803684047
0.0510889428155696 0.0755928043887121 -0.0475269852937121 -0.0432205951676213
0.0302192550946135 0.0959475288930617 -0.0526698249172544 -0.0365806907585681
-0.0136324506721663 0.106028840218628 -0.0561328409795274 -0.0297058601467551
-0.0609919229103918 0.107654921145425 -0.0518615202110035 -0.0280695821972487
-0.107476933510509 0.0619402697712098 -0.0807579798314658 0.018182096025743
-0.156292542080123 0.0237221210844048 -0.104875512089833 0.054358639376091
-0.179686060824991 -0.0266534962717169 -0.0023500154992975 -0.0510376660676661
-0.158048384005722 -0.00555696553672891 0.029670566892841 0.0402477465825066
-0.153800776712996 0.0552479244182589 0.118749779766969 0.0509170294666041
-0.106866288923395 0.0875652191158206 0.13930941582282 0.000699689738003903
-0.0448942067832171 0.118678342107795 0.120631596403769 -0.0654185448144445
0.005293473215945 0.111761339812984 0.0669883838784083 -0.085929261656097
0.0475869149788676 0.100631965695573 0.0263634735994365 -0.0771898938304334
0.0729700086265048 0.0794917103423477 -0.00292821202834866 -0.052768922028428
0.0828874796218095 0.0848605765262193 -0.019710856567521 -0.0324015500454714
0.0511255434713575 0.0968661793306422 -0.0261391380475331 -0.0170276545072626
0.0276158641075011 0.119265476020011 -0.0426134293065063 -0.0155570234665185
-0.0283067078088095 0.130486002172379 -0.0510427530084916 -0.0205850036115631
-0.0902680711526635 0.125958531702536 -0.0407082119417676 -0.031671148515639
-0.139775907403416 0.0582380832227092 -0.0476575613278117 0.00467008575581203
-0.184636545612976 0.0076581639879032 -0.0489355370713554 0.0509755598953775
-0.184782770238189 -0.038972094849222 0.0608768385715807 -0.032444865062414
-0.180416403968569 -0.017945752880324 0.0747861212401324 0.0546361503221576
-0.187388100580078 0.0564338952410903 0.138241342993834 0.0636047700221233
-0.130493019122274 0.106228794609541 0.145869447639331 0.0155274486377828
-0.0533974401151033 0.140036734180828 0.117463474455346 -0.0373081661583013
0.00266870964976129 0.126617651285603 0.0717602588296618 -0.0449533420740846
0.0429359569033349 0.114643520786926 0.045195349242795 -0.0375839313769999
0.0686933775569647 0.0935205317553455 0.0231165005493856 -0.0212014724831895
0.0745252910534714 0.0977781751922648 0.00567665342716919 -0.00249052404574275
0.0384712678301811 0.106765736932863 -0.0068660046159867 0.0143306679401836
0.012609785037856 0.125839390203471 -0.034455266763868 0.0102672342529744
-0.047950835897518 0.131877881657271 -0.0463064821846295 -0.0095886639870017
-0.114222257201605 0.11915181932466 -0.0294953616491725 -0.0339800336049663
-0.154744028760082 0.0379874526255037 -0.013957074042494 -0.0102793005130975
-0.186198164817332 -0.0154632610322512 0.0103306066180074 0.0481111928231894
-0.158402721961842 -0.0427578799174136 0.119257960010928 -0.0205386775568951
-0.166947355572699 -0.0263842940587589 0.116805830788597 0.0534380547728458
-0.181017322969561 0.0454696406959973 0.141922484837441 0.0633338674721978
-0.126639568364248 0.0994778198090316 0.135256445768839 0.0272797170290364
-0.0516460385848687 0.132588139616953 0.10534184963743 -0.00428381977112892
-0.000953645130900579 0.118393739798347 0.0739978934434409 -0.000314989570327963
0.0334096022852509 0.109221907102772 0.0614809110559651 0.00429100645411151
0.0544053878324115 0.0929414113244948 0.0441573055260738 0.0131318631574764
0.0552520061195962 0.0975813587065603 0.0248727572392333 0.0310423855118847
0.0173533800515707 0.102372562227069 0.00338466094534597 0.0477528036628745
-0.0106058763069076 0.114495974207656 -0.0342617509213533 0.0363771042399437
-0.0689212052562339 0.108640641349955 -0.0453858634331299 0.00147023272955244
-0.128024507839113 0.0869991610270883 -0.0198684461075882 -0.0313522944690177
-0.149351184699024 0.00330438216831709 0.0153758841796585 -0.0177374065223882
-0.158876971969517 -0.0403326905387232 0.0626522126292947 0.0507486528366964
-0.104512553585344 -0.0393026503331474 0.160697679384323 -0.0188807464713121
-0.122444377892313 -0.0315773202495893 0.144847554991761 0.0370677308036885
-0.142255195061716 0.0255649507343709 0.131061721447975 0.0521870391747335
-0.100278563940042 0.0720180918128994 0.113538092139317 0.0340221748090177
-0.0440453932364444 0.0980689312191362 0.0874886557758853 0.0263732591212614
-0.00612837635888467 0.0891919709076211 0.0741656349266833 0.0380245972693739
0.0163977662048994 0.0861482678313894 0.0733744624031718 0.0400175466822962
0.0321632882585761 0.0780520849542182 0.0585765111087066 0.044398232026252
0.0291652393388939 0.0827563004554994 0.033281383513708 0.06379974087064
-0.0048766162123658 0.0835116043390304 0.001186598637386 0.0779062472370848
-0.0305343174702065 0.0881629420605001 -0.0443089694638905 0.0595629313489098
-0.079010079933436 0.0714115623187872 -0.050382281805313 0.0118115896821812
-0.121820471424657 0.0421000176326256 -0.0159472058503435 -0.0229893772737067
-0.121089465369031 -0.032214928484137 0.0354988602354515 -0.0130818626936743
-0.108262829503988 -0.0592104329938314 0.101700579375646 0.0614061172720474
-0.0326835029346966 -0.0325230657709259 0.176928350820883 -0.0254579182997061
-0.0603451110866879 -0.0358344267500831 0.151853762237284 0.0137809867880346
-0.0841299795915875 -0.000160455737823023 0.107130692239546 0.0387259965862835
-0.0616210848114039 0.0304752653942368 0.0876523893049467 0.0385344241420729
-0.0342158997012625 0.0479909222967833 0.0715757681452859 0.0486951702892899
-0.0157053490369963 0.0474668413883828 0.0723802157039517 0.0637561396572679
-0.00521896843584446 0.0507118215358344 0.0775335480889907 0.0655064472569188
0.00608846536785153 0.0509458226439251 0.0631024251743271 0.0680390777381242
0.00371135637800639 0.0547845987691422 0.0325118914969916 0.090590261721788
-0.0172235387872724 0.0533345887392738 -0.0100722751262899 0.101470526237414
-0.0348363019623974 0.0530658895644087 -0.0618054820760101 0.0753957497565119
-0.0682153330964926 0.0332088760403422 -0.060387350558683 0.0204257010871553
-0.093842489240764 0.00244919686702857 -0.0197211519293276 -0.0114599938404068
-0.0744828782571955 -0.0543313000310021 0.0423939841810711 -0.00169169954683157
-0.0431406254865728 -0.0629861011021191 0.121627599739239 0.0767189133282627
-0.0191948363808655 0.0425620078568074 -0.133119318834847 -0.0793877548721894
0.0254468971708427 0.0399058120466454 -0.0585166942965073 -0.0113561231214397
0.0473253875277654 0.0229505406213421 0.0328398559847299 -0.000334896375108795
0.0339954058410508 -0.0111662412683849 0.0727398721381902 -0.0258419975721876
0.0167351805036334 -0.0127778643331379 0.0818062369015366 -0.0879294190009292
0.0184547199463223 -0.00563168215684095 0.0297960120081749 -0.13042668646425
0.0270971849044867 -0.0138623192296588 -0.0326273767206554 -0.11756103022335
0.0264256888421611 -0.0198128598211019 -0.0690723237003919 -0.0848733052173825
0.0321518973707951 -0.0131738030704709 -0.0810862798626875 -0.0694270627043033
0.0298491944320413 0.00228716394641021 -0.0802316904688636 -0.0658934707140841
0.026121540783834 0.00900135825901815 -0.0728483273384335 -0.0553639096259539
0.0293070585186096 0.0142650419003089 -0.0727217956625651 -0.0387859154821776
0.0284899507192302 0.0358312836859264 -0.081120380933316 -0.0229836930188651
-0.000765779034106311 0.0472404830352255 -0.129442241610587 0.0224199652294984
-0.0341798738138373 0.0443360920914569 -0.170473445337214 0.0602061908035024
-0.087817434483447 0.0253414650604177 -0.106856946567002 -0.0773645682296888
-0.040355468195982 0.0317610602426257 -0.0379008113983409 -0.00152084503031668
-0.016585816568151 0.038520330472699 0.0613629895406151 0.00737866492791566
-0.00987616752050582 0.0204554382100733 0.0958526125636376 -0.0254234750033659
-0.00307730754207205 0.0307251443804309 0.097941338072423 -0.0918993347402238
0.0164833335522876 0.0369847831084063 0.0425438089271439 -0.131066705588463
0.0408906843985831 0.0273188680579808 -0.017724600597533 -0.11928611679317
0.0515946264988163 0.0152873817461771 -0.0551975466725474 -0.0852372247151272
0.0600732887276157 0.0240637083365611 -0.0698435740417579 -0.0664511561306173
0.0448490054872142 0.0417916912898019 -0.0697316448988712 -0.0580872695426771
0.0299496752744229 0.0562053532808134 -0.0659841121064514 -0.049712050403007
0.00656542384553078 0.0642053438856578 -0.0648810810107695 -0.0355056284828488
-0.0179097080019959 0.0756090523944326 -0.0667956899292516 -0.0232895664679117
-0.0579869772618772 0.0584326430515183 -0.107585952751084 0.0274761578383517
-0.102409178360579 0.0403425806422801 -0.145004891512683 0.0631911022093573
-0.145383101245677 0.00406896691510151 -0.0623920698512709 -0.066561599062493
-0.106264248430541 0.0175476872057111 -0.00752246267201681 0.0193563711413881
-0.0878256824383794 0.0524574270917798 0.0932914708416089 0.0259718971955165
-0.0597423326817441 0.0569072933996466 0.120677283282842 -0.0185024349301317
-0.0231672142629168 0.0783083216174448 0.110786227110388 -0.0885432915552533
0.0136776878262709 0.078534265346671 0.0537634358928006 -0.117620751841316
0.0504229332700151 0.0666261737075342 0.000482541061233816 -0.105846790406526
0.0697473615695028 0.047721883541713 -0.0328599969438367 -0.0733839877216438
0.080064309008774 0.054799421032539 -0.0492118173818668 -0.0525256335710252
0.0560090401588809 0.0731175872492052 -0.0519261130382306 -0.0397475175887278
0.0357702754831274 0.0929263891825159 -0.0579076110788013 -0.0345590221331147
-0.00732032429311672 0.10656688641962 -0.0593163454849937 -0.0284058177523411
-0.0538336080937242 0.111050403067891 -0.0545855502762895 -0.0271186374475536
-0.104270761111032 0.0677624124461939 -0.0786272716442396 0.0219249295763744
-0.154570504786826 0.0338639334035188 -0.10072614448123 0.0610921751765693
-0.181334144069207 -0.0144898889564731 -0.00411066135890468 -0.0506260340982522
-0.158226307495745 0.00359679293711375 0.0318520312442866 0.0408645722322247
-0.149769696668205 0.0648199871337239 0.122249424719683 0.047158260377749
-0.101937456879606 0.0933952541507941 0.140711164026792 -0.00517950406845264
-0.037396278713853 0.120904844101924 0.117684270308648 -0.0723748964947073
0.0120516067883079 0.111794699623918 0.0626710803977368 -0.0893380186821116
0.0541562476614924 0.0963393253996016 0.0214247134006701 -0.0779228101350813
0.0779996240887357 0.0732965462471442 -0.00615335495405478 -0.0510623994034343
0.0876666030898426 0.078656137395919 -0.0223425346583139 -0.0304075426449606
0.0570935265887589 0.0942895012681613 -0.0293837421775168 -0.0153018066931269
0.0351046941118876 0.116756553068289 -0.0467347882963038 -0.0129336461494023
-0.0205292294290296 0.132085577735821 -0.0544827024486062 -0.0189361792395213
-0.0813405425207738 0.130987021495317 -0.0442081464371849 -0.0316297476262353
-0.136363873005492 0.0665179622944132 -0.0463490892785659 0.00621046823353111
-0.184496631750835 0.0189971299229877 -0.0453130245964427 0.0544486796631729
-0.187233054103183 -0.0264613542610554 0.0602717256927307 -0.0358530997527867
-0.181334106296802 -0.00736370439691286 0.077990473979599 0.0518164755859701
-0.18211358326795 0.0679490106804203 0.14199800870982 0.0582027642823602
-0.12481734992224 0.112965926436196 0.147146645004933 0.00956098060880545
-0.043886655069934 0.142426514536334 0.116383901437716 -0.0443614703495363
0.0104020915535082 0.126324307736435 0.07015168429846 -0.0489502797609029
0.0507915523704437 0.110932105125036 0.0425627869642465 -0.0404064618959132
0.0748048643927204 0.0874522114644447 0.0212412831647753 -0.0217270958543911
0.0804132593995795 0.0911104655434546 0.00460382498837136 -0.00240304734761018
0.0450196489564637 0.104493861565365 -0.00785818656975949 0.0148772598631482
0.0208627771177444 0.124137942638293 -0.0370380775589483 0.011927126069568
-0.0399149607661805 0.134331827722937 -0.0488401470752501 -0.00850144547741105
-0.10570057443447 0.125656430923746 -0.033320406156214 -0.0347675543012267
-0.152639321295633 0.0473554620045329 -0.0144841676347193 -0.0105770809727125
-0.186671152797667 -0.00399674315798851 0.0132538221096569 0.0479019187777705
-0.160749311768287 -0.0326003266114756 0.118690367102402 -0.0278146846984996
-0.167452147779109 -0.0166244904953784 0.119718089392777 0.0483466359346674
-0.177566616321775 0.0568752198951902 0.146449704011252 0.0575989859041587
-0.121775492621943 0.106449102875068 0.137642913649736 0.021220389360718
-0.0429985060793517 0.134919822803881 0.105954236229002 -0.0102059696259164
0.00699883615856412 0.118621572684046 0.0757158233141376 -0.00447581808358607
0.0405597316925344 0.106581697206278 0.0617175563686945 -0.000346857851615821
0.0604737289657963 0.0876210674113859 0.0446768679198929 0.0104024241930703
0.0613296899312083 0.0927101725068021 0.0250498964264573 0.0299393039281552
0.0231633569389231 0.101593641429328 0.00458853585802065 0.0466237296738689
-0.00332398890209157 0.114075740176181 -0.0350728933192993 0.0385875194934383
-0.0626657916933706 0.113042013875095 -0.0469322235310675 0.00275872560501698
-0.121433149311099 0.0943897707769749 -0.0240639953417832 -0.0323662570465153
-0.148619083931029 0.0124308108192294 0.0142374576319523 -0.0194672076090378
-0.161035228807144 -0.0309025744689207 0.0655345564217923 0.0472970941794447
-0.107245274737749 -0.0328189487064287 0.159328230672595 -0.028040966242393
-0.123746414276256 -0.025055389179685 0.146070558185244 0.0304211543693323
-0.140862299279658 0.0346324362584139 0.134265410015209 0.0471876617564503
-0.0966696759578038 0.0775635669263538 0.115594476237281 0.0291385120294651
-0.0373492557834594 0.100514853543368 0.0911044565276247 0.0213441391341664
-0.000334933796896411 0.0894886012666254 0.0781467799887401 0.0336565821173556
0.0219264972046734 0.0844776011605418 0.0753229993080543 0.0348531015946418
0.0370684237262582 0.0746230186714508 0.0603155684053468 0.0407303984667897
0.0346495854621712 0.0797797515998267 0.0356383049384013 0.0612541580868255
0.0006334498220268 0.084558739117352 0.00472346554142627 0.0772922233080607
-0.0252078274914963 0.0893640885858066 -0.0436218811619972 0.0620995578250881
-0.0752765573998541 0.0759194187572003 -0.0510871531546206 0.0137376973962656
-0.118694349337126 0.0491158575620619 -0.0191364470228324 -0.0242240598379757
-0.122531529105602 -0.0250847206082673 0.0344739371182161 -0.0162148904520856
-0.111466217942671 -0.052501882070007 0.104710226091239 0.0558126182548147
-0.0352908993009364 -0.0307754595663057 0.17570473253516 -0.0356508550123406
-0.0623926321139659 -0.0329345720482024 0.151362962043531 0.00562088585985536
-0.0836201859004573 0.00508487439975859 0.109416373361699 0.0343823457952602
-0.0601613215957578 0.0336698860363636 0.0900976828465032 0.0350699617892261
-0.0308363955372153 0.0496145908378605 0.0756154070225994 0.0450677919370425
-0.0126016979458508 0.0484613683435904 0.078132808827916 0.0588486736909903
-0.00198795601683373 0.050131203649653 0.0810806639169776 0.0594110327209233
0.00959049875426922 0.0498377890700607 0.0664020284929965 0.063145176597757
0.00766570995464868 0.0536695759247713 0.0364825945511229 0.0877285629231949
-0.0138827900291566 0.0545551568026502 -0.00468974119025355 0.100912767027137
-0.0316630237968198 0.0551492994325757 -0.0583136575256659 0.0789712291534681
-0.0666801837231455 0.0372427106392433 -0.0610476368999569 0.0229862007704398
-0.0931017422563995 0.00834198128931922 -0.0215059075835874 -0.0120774231940472
-0.077759604694499 -0.0498598568467099 0.0415007998711197 -0.00500576367189404
-0.046525061477718 -0.060280672363698 0.125723865007465 0.0697522592441103
-0.0164172905335913 0.0434218364142599 -0.133177567087055 -0.0703864161503255
0.0266809874498493 0.0382133681829971 -0.057221743846618 -0.00639264688121631
0.0478030907114186 0.0197840938010777 0.0328669596822215 -6.25808215127121E-05
0.0323475734378528 -0.0121415148620139 0.0723238201744854 -0.0274936892225066
0.0148704532888831 -0.0128879768807682 0.0762402572699497 -0.0900983909383507
0.0180243591302203 -0.00559132200282541 0.0227246592469546 -0.129010677035053
0.0259588740994655 -0.0151678417728377 -0.0367761556798342 -0.112140912930625
0.0243143561800278 -0.0207046563320405 -0.070548165791754 -0.0783354650017207
0.030822220754353 -0.0146769515948223 -0.0826976058637053 -0.0631900119088251
0.0296883754859341 0.000821294005026708 -0.0832135792269447 -0.0598210235170744
0.0260609980418445 0.00770331425360134 -0.0752265970022154 -0.0512152489539721
0.0296834012152649 0.0123434313502359 -0.0741854872177257 -0.0357328872766914
0.0304524151238449 0.0337939948752257 -0.0802986969304615 -0.0212193325916198
0.00192579210206401 0.0462442206614137 -0.1239475049419 0.027029453239322
-0.0306945831042086 0.0457480787712431 -0.16304842140623 0.0674616074192393
-0.0843282625558958 0.0299446356945491 -0.107038017719974 -0.0705933059231367
-0.0376083730346829 0.0335600379206971 -0.0360953249279934 0.00173737996340998
-0.0134917454660408 0.0387844822248011 0.0612182374673984 0.005667262156809
-0.00882156773044023 0.0204223737175314 0.0939722650325129 -0.0285581704371761
-0.00215934429389999 0.0302879306454854 0.0921102823455469 -0.0945979249543145
0.0180763256201905 0.0355765409420927 0.0355365300774038 -0.129989732919538
0.0418899171254223 0.0244175237907909 -0.0225611590095676 -0.114661147819048
0.0506628876499044 0.0121116621969827 -0.0566871993273401 -0.0791886527754765
0.0595470695313816 0.0192911940131712 -0.0719113329270738 -0.0599807927639721
0.0462399678208291 0.0389269591412561 -0.0724102817044458 -0.0528660558328744
0.0326746295049506 0.0535295662078063 -0.0690960021550459 -0.045612985486803
0.00954750427370616 0.0624458028760947 -0.0665523211684944 -0.0333801040342429
-0.0126562383587073 0.0749868838161533 -0.0669570769102173 -0.0225841659085498
-0.0539947120612655 0.0600859303362689 -0.102532509458544 0.0316030219799912
-0.0982504099326059 0.0449994089882914 -0.138185444516292 0.0695271926973281
-0.141980686719027 0.0127810709569236 -0.0628248202033447 -0.0620135731711449
-0.102731989523404 0.0227478777940337 -0.00611961022637343 0.0207065409206671
-0.0822497508754016 0.0558972191236922 0.0934331631876125 0.0231082838935955
-0.0562411072030607 0.0585844421501105 0.119029636961197 -0.0224027167106506
-0.0189890038284096 0.0778812592872615 0.104979388888646 -0.0917242481428654
0.0173015435466043 0.0766423877963853 0.0468273795801131 -0.117969757480199
0.0524359644114399 0.0622169720568782 -0.00473902330028258 -0.102590363820174
0.0702409439707157 0.0423192988047438 -0.0351236933685749 -0.0686300544594946
0.0810542992686803 0.048675254848682 -0.0511260197538837 -0.0472109118278088
0.0587246752974074 0.0686332190443834 -0.0544857388758967 -0.035937979643624
0.0403664000397553 0.0892469229468245 -0.0606399323538618 -0.0308619058289223
-0.00205349016931032 0.104021296499312 -0.06137437047383 -0.0264938233234549
-0.0456895573020382 0.111085411802323 -0.0563607681791852 -0.0258423260048064
-0.0987163858729681 0.0714776981240065 -0.0742633683594571 0.0242423605091408
-0.149818884244649 0.0410011937037096 -0.0950007234533045 0.065130016811131
-0.177947557509326 -0.00403709000660319 -0.00489438773026693 -0.0492472847903278
-0.154380620236975 0.0119462834860604 0.0341008872665792 0.0400970290084198
-0.141586826457506 0.0714089779979016 0.123335959451502 0.0421177344773705
-0.0959317678588374 0.0964017266906102 0.139017504238628 -0.0101773263977312
-0.0300784594875939 0.119464278067707 0.112134504470944 -0.0772259522476022
0.0170899250071931 0.108660767461003 0.0578618130387757 -0.0904197988739147
0.0580510212346492 0.0906530089973056 0.0163775133589419 -0.0768417799453714
0.0798230517313629 0.0659723233770417 -0.0083797566431972 -0.0486311050637351
0.0899153432202961 0.0707246215599118 -0.0241362993350195 -0.0277116702019104
0.0604093456405976 0.0890776040742744 -0.0313540793765103 -0.0128171069633541
0.0405611769229998 0.112285776319624 -0.0489674748845879 -0.0103996744025993
-0.0133940255522153 0.130168874804601 -0.0554548855303181 -0.0174492466683281
-0.0718840411249125 0.132091687896428 -0.0463735454254337 -0.0307653646096129
-0.130247765753089 0.0715930164201199 -0.0444738431540552 0.00747475017149431
-0.179361771639993 0.0293177244579889 -0.0409664878799732 0.0559541891727995
-0.184707073856456 -0.0158309730010912 0.0579382325527261 -0.0380734089181999
-0.177147131670849 0.00182769918292225 0.0792319808530441 0.0491249584472551
-0.173985884577606 0.0764568267192985 0.142822308904593 0.0533674057436479
-0.117153818581382 0.117110081896647 0.1460904576793 0.00431365813810799
-0.0352818996874755 0.141453162557383 0.112231736133048 -0.0494239196659321
0.0168578253132456 0.122990514806201 0.0674864240097448 -0.0517336517206596
0.0560720645524245 0.104801159329466 0.0392243506484938 -0.0416939805349683
0.077881074661286 0.0798156709711258 0.019177628189089 -0.0216877407778345
0.0839806661879847 0.084085508488478 0.00349141901796353 -0.00173775136653071
0.0495963151366821 0.0997573788613593 -0.0087787577645196 0.0151252383582775
0.0274439490519085 0.120048981452499 -0.0386887253306437 0.0137267482391126
-0.0324401423863913 0.133704484357319 -0.0502730870990274 -0.00703303730082939
-0.0956054975867072 0.128053210534468 -0.036359804453657 -0.0339920951643422
-0.147110621895683 0.0540260007086528 -0.0143037189661339 -0.0103080925434974
-0.183067298556574 0.00662642945036093 0.0154650532848126 0.0465127893266993
-0.159344311485486 -0.0229338549020187 0.115465343310991 -0.0328026720495355
-0.164811024949245 -0.00863077589054478 0.119388354585853 0.0432387901707471
-0.17014441870087 0.0649598514070546 0.146837020536558 0.0520491554477162
-0.114806999778226 0.110230395275965 0.136797216189733 0.0168613084239563
-0.0345197088100343 0.13347464601376 0.104019736199332 -0.0156790358819776
0.0127496880844883 0.115192410277664 0.0749703259050448 -0.00846273338149448
0.0455992894705714 0.101012543487016 0.0596140205927103 -0.00381708139188654
0.0640181065752421 0.0818043352966882 0.0439196902505113 0.00774660250967047
0.064660986732912 0.0859997378398578 0.0253339726092777 0.0283648943114675
0.027942927354936 0.0979947038848465 0.00562173388699871 0.0452934140335289
0.00325752348874618 0.111652362386636 -0.0345059845863936 0.0391759422132494
-0.0557090400254854 0.11335109159465 -0.0480979292403471 0.0038518050016326
-0.11329264575451 0.0985478673674575 -0.0270341848027725 -0.0326304708652124
-0.145142234908291 0.0198527087470301 0.0126604163576107 -0.0200866088712496
-0.158973801540061 -0.0217626228049799 0.0668963014861322 0.0438183832820333
-0.106766096285044 -0.0256313742245492 0.155160945975208 -0.0353671154219069
-0.122716257683167 -0.0186889206082924 0.14408893186009 0.0242592315065347
-0.135341226221428 0.0407699162758405 0.134191743891734 0.0419367015604088
-0.0918830141798879 0.0805592492358629 0.115441412759629 0.0254682552089354
-0.0312045128562061 0.0993952286466461 0.090401348636463 0.0169131767070291
0.00390590602457337 0.0876924546795765 0.0799569847502768 0.0284327985449341
0.0258829130561128 0.0809233746434743 0.0751937682740834 0.0296849612909062
0.0410237093122364 0.0700624965909877 0.0601719275013411 0.0354235879055287
0.0379493299474241 0.0755198308523346 0.0373868001547858 0.0580337395947659
0.00514658321703728 0.0826266519008094 0.00707530032258214 0.0750506529644414
-0.0195464145959686 0.0884814254924186 -0.0411622154353339 0.0629895702865094
-0.0699116745387076 0.0786042914264767 -0.0521068896541071 0.0148851825595045
-0.113397280732772 0.0544763760410094 -0.0214284391446966 -0.0246028844650732
-0.121270124098186 -0.01875370856363 0.0314801480602001 -0.0178107396669431
-0.111511863016119 -0.0455645617484684 0.105286211268714 0.0499478447229676
-0.0358144927907278 -0.0282328251948904 0.170064189944536 -0.0437540185620135
-0.0629147222153181 -0.0290402216329855 0.147714017638576 -0.000677964259324686
-0.0815082706639056 0.010093891259364 0.109251595087186 0.0302413258145011
-0.0578877377791044 0.0358402088375602 0.0904841634604248 0.0319073782900707
-0.0275026355515541 0.0500418448384508 0.0779007160360516 0.0410299526089426
-0.00972058253806737 0.0474174176465887 0.080606295450007 0.0536401690906646
0.000658892095071111 0.0491919419069817 0.0821784268669807 0.0529923160679952
0.0122769304973355 0.0475352175473783 0.0669774492263838 0.0575707217644318
0.0104011882482284 0.0518789866508479 0.0399543924316717 0.0833789951450741
-0.0102767171561063 0.05429645551434 -0.000810262413059708 0.098120341670154
-0.0276739751427788 0.05571865904306 -0.0549453953568357 0.0796380498382835
-0.0641697218215832 0.0402511572542993 -0.0608329029044973 0.0247283971618271
-0.0904205608224244 0.012764384832144 -0.0235858483857748 -0.0125169793039921
-0.0786737825165816 -0.0447654540566947 0.0393126135579022 -0.00794326582287646
-0.0484147568680399 -0.0567167322598811 0.125772227025188 0.062772230512922
-0.0010955588255577 0.0480483876907617 -0.145287526983155 -0.0243087919490266
0.0375037894380311 0.0266377662219104 -0.0566805988944795 0.013832819360225
0.0512770077683223 0.000721603382014884 0.0301039023641089 -0.00729532560616779
0.024850744601811 -0.0228295618070476 0.0601313488281714 -0.0461939967278975
0.00933580660155585 -0.0162130655959677 0.043274156133041 -0.106284921053313
0.0147887021520046 -0.0123093617713576 -0.0214481331705365 -0.124642399962692
0.0185024736116308 -0.0234681823726954 -0.0704557989083944 -0.0887107880934547
0.0145298983040449 -0.0265747771457813 -0.0879540647237168 -0.0469674513186299
0.0230000277178299 -0.0237353371880422 -0.0958086575053133 -0.0296882785178234
0.0278941679984904 -0.00861091942548933 -0.09654989247856 -0.027936816795729
0.0263042186089053 -0.0016125419549813 -0.0871553999683126 -0.0217527595137392
0.0311424622493018 0.00208246489028919 -0.0806407500055615 -0.0110598079804768
0.0393167657828473 0.0212038845693694 -0.0822323095767839 0.00271912783575838
0.0178331024444503 0.0416353013759545 -0.104174249045609 0.0607892804467795
-0.0140169798525841 0.0514735710276462 -0.126259222317363 0.11005707576754
-0.0699485534339231 0.059181973282349 -0.11875464031457 -0.0339333365382022
-0.0235285037065063 0.0445333521204988 -0.0314421969191782 0.012416834769893
0.00188171519741342 0.0392844034085049 0.0578491556398752 -0.0143392247179633
-0.000509555950266637 0.0219639611106302 0.0792440924260494 -0.0569032523375485
0.0086340925946907 0.0277914913268239 0.0538555478862292 -0.116979048126223
0.0288565691879477 0.0251418410232925 -0.0112194101589826 -0.130213875348531
0.0463393755297537 0.00706491295110612 -0.059983114553477 -0.096631856177266
0.0482305876539745 -0.00653868436239889 -0.077491865944915 -0.0515810722667973
0.0600318617453164 -0.00255687681399132 -0.0850867682253043 -0.0299420835002787
0.0550362666134165 0.0210139293415844 -0.0860862058048196 -0.0246620811385353
0.0467361757343377 0.0380173561570248 -0.0807779661875309 -0.0192854526712197
0.0284030248509273 0.0541608536180404 -0.0734068251460595 -0.0118165255891054
0.0130566945721624 0.0719207702642264 -0.0692428481352013 -0.0027408164092154
-0.0292024802444142 0.0725905616700459 -0.0817110621105936 0.059270661129404
-0.0764987676338424 0.0725445799078005 -0.101442198802191 0.106225177223336
-0.128913381504522 0.0623703948638412 -0.0737655465668143 -0.0421700461594511
-0.0868629742884953 0.0571318950326526 0.00450835887007444 0.0176217073849826
-0.0545401509859003 0.0787701319283475 0.0937183323777634 -0.0128885013626273
-0.0301317646387028 0.0733027734078675 0.103388929028482 -0.0619867060273431
0.00880857426432049 0.0756476672198631 0.0646908127118596 -0.120119787795806
0.0408913986595934 0.0627928295895218 0.00194139681499039 -0.123387485126747
0.0693432274050714 0.0386871957996297 -0.0404095533591479 -0.0927969364693237
0.0758054853089278 0.0146723068708713 -0.0550976142626826 -0.0487357364208924
0.0884551160657048 0.0169247276768559 -0.0627893624825307 -0.0251432231475701
0.0758917713980902 0.0446978951493513 -0.0646705520738495 -0.0152686574798388
0.0656226959775957 0.0675709207997123 -0.0694057773242654 -0.00920553024189968
0.0312677830319764 0.0965592340450792 -0.0670806637791288 -0.00815991921233868
-0.0056411347240943 0.115637022341818 -0.0603226614779534 -0.00953852937926061
-0.0669260310839178 0.0976217158894127 -0.0580445428886846 0.0446074851013201
-0.125966307346334 0.0848799406994455 -0.0628469868426006 0.090383346973767
-0.168095345394502 0.0590770689283692 -0.0149221769198565 -0.049893936889145
-0.138199010261888 0.0648676554632027 0.0494178779779599 0.0210162928813515
-0.104007883204543 0.113923044840425 0.127399494744636 -0.0079500682798504
-0.0521612896529101 0.121490566663825 0.124357062038486 -0.059944695686192
0.0126565627079838 0.1181822817461 0.0752440555861831 -0.109593789808813
0.0520623497126101 0.092283328930759 0.0199655960347556 -0.102526080927422
0.0845705640644111 0.0639393602439579 -0.013202356922409 -0.0777389389757131
0.0924951063281334 0.0332782660554021 -0.0253424763851567 -0.0397744286147281
0.103954310287584 0.033741422254981 -0.0318220976100118 -0.0155699661947536
0.0842950649787781 0.0622142834064632 -0.0363927020626215 -0.00161994212465357
0.0731508917079822 0.0883936507040125 -0.0526605821258231 0.00594380830534029
0.0293255902418036 0.123608284172662 -0.0589399433763735 -0.00191971082308017
-0.0228269261009761 0.143574923348514 -0.0519388282008345 -0.0172342716641117
-0.0962723802374234 0.108265182228417 -0.0354684819991159 0.0207350134709643
-0.15765360732539 0.0827451741829129 -0.0157683529851015 0.0670976629766109
-0.178274208474218 0.0494756124823859 0.0472645852953396 -0.059496120439496
-0.163178017608309 0.0630128396206873 0.0947112032786375 0.0142504589428361
-0.132097296342547 0.12936255472504 0.14982894770873 -0.00644114068012607
-0.0647590417902553 0.147760272277577 0.134657059003343 -0.0501429399848622
0.0153340942752449 0.139514290553129 0.082994601209884 -0.0851093004598038
0.0560849601332578 0.105534543950655 0.0412052841641836 -0.0706870403281134
0.0875150074740382 0.0777380554029037 0.0182714361314641 -0.0534908089350717
0.0954793122670907 0.0460602395560687 0.0080980611003237 -0.0251356106612484
0.102722641876072 0.047898832282596 0.00127056464921573 -0.00113791781137425
0.0774941272268444 0.0752262139511093 -0.00717849972525222 0.015983620576147
0.0634338416756278 0.0998761404887297 -0.0355055079018113 0.0241392985886524
0.0129834686674595 0.133456459877257 -0.0507719174082478 0.00553094446631462
-0.045899671603345 0.147275944898515 -0.0436185063893535 -0.0227490317286502
-0.117578086724505 0.0976552626547982 -0.0136272736092904 -0.00434296757015554
-0.167747101653984 0.0625816483598123 0.0317808344924685 0.0423172557708568
-0.156772638286751 0.0335038129718188 0.10098976251622 -0.0719957353800512
-0.154773218977486 0.0489124142976645 0.129390206650537 -0.00325748325792011
-0.13248168781524 0.1174763585615 0.153031431422332 -0.00801274716672007
-0.0650418377726621 0.141683761873696 0.130303104737389 -0.0358150486811653
0.0132251471584366 0.13304607637013 0.0869442243606522 -0.0507265222261134
0.0497970307655333 0.100470122697646 0.0633246936736545 -0.0339157243041214
0.0765031964072609 0.0785115999030229 0.0507258578224801 -0.0260621510288343
0.0838384918903671 0.0514374596072322 0.0396408513201857 -0.00657990396967544
0.086461979033923 0.0560641994680678 0.0301579462488498 0.0185310198858148
0.0579471438216328 0.0806837110271165 0.0158608547008298 0.0391262882192752
0.0391463762162832 0.100075150196598 -0.0231721482358916 0.0460183349496082
-0.0145578993616075 0.122411973049745 -0.0448720657489437 0.0152291466039764
-0.0711733803030916 0.125773273380856 -0.0346837092938267 -0.0238440301301005
-0.126883627113944 0.0652496384809022 0.00667731976741328 -0.0218145171712001
-0.154346675654017 0.029063207961679 0.0764138566405769 0.0238155400999332
-0.108316049032631 0.0117701586184008 0.135040056427327 -0.0853591775803293
-0.119700233408897 0.0239133760778542 0.144792053803634 -0.0269776315928941
-0.110044137570046 0.0835631554635531 0.139091003029432 -0.0104997868197997
-0.0549237312106085 0.106300264786907 0.114183614963907 -0.0188718034243646
0.00576776815147837 0.10076211459092 0.0860112029833307 -0.0165107893015996
0.032854100167741 0.0785590919441542 0.0807511890409926 -0.00183056540982894
0.0520793904630345 0.0660509271864029 0.0766894754815909 -0.00121803034058992
0.0596404244294994 0.0491511945125586 0.0640593570039243 0.0130287040917944
0.0585937024476745 0.0550368795686565 0.0507235428667126 0.0410682709645061
0.0316924947036406 0.0735771922626498 0.0276150947259959 0.0649689356857225
0.0109288730344164 0.0871305051429271 -0.0200464513480221 0.0688735029109581
-0.0395012956156811 0.0948794935524533 -0.0447400577602995 0.0275269631680048
-0.085434901939118 0.0851038092730616 -0.027271050600488 -0.017025234640686
-0.117564461456362 0.022426056564123 0.0242832994164259 -0.0247147752413088
-0.118070305523422 -0.00805184816178865 0.111241202242706 0.0181585729954745
-0.0431301422356641 -0.0156816621801089 0.144253844048064 -0.0947132540445148
-0.0679404970620605 -0.00663862128638036 0.139042654759201 -0.0483497248788812
-0.0713033135335435 0.0366583405541597 0.11286809129836 -0.00992523764116774
-0.0398871410375906 0.0540461364236683 0.0951483555222692 -0.0024573882671455
-0.00778945969967142 0.0545774996194124 0.0847037006487231 0.0115584212479005
0.00714209220141036 0.0472094776766192 0.0918769132484355 0.0205601441368451
0.0179338925719132 0.0452833298764335 0.0925257995782457 0.0180710196272799
0.0268721556829629 0.0386097801531228 0.0778239695257172 0.0293972765145648
0.0256400885876921 0.0425038136828882 0.0608338143185502 0.0628436511596221
0.00862736327977851 0.0531098339179608 0.0284126634698342 0.0884703022988513
-0.00736654194516287 0.0596888540620337 -0.0257878105826644 0.0885291193988188
-0.0459758516853002 0.0578244740384752 -0.0491346677496672 0.0398092300494814
-0.078313381201189 0.0405884285851734 -0.0257703143191833 -0.00469012656621681
-0.087281533142146 -0.0157213683106986 0.0326306136396613 -0.0178769805527048
-0.0637948105550714 -0.038526142426639 0.132148183222308 0.0221438179711741
0.000516707061390201 0.0475273336258852 -0.141980213934209 -0.0224687150047238
0.0373803263441299 0.0261472926877927 -0.0539708438019774 0.0153850371062519
0.0506144691258497 0.000229234688989489 0.0305984778971185 -0.00631707245653654
0.0243655979009057 -0.0227094046144835 0.0610725205780306 -0.0453557319786879
0.00848595783770249 -0.0154263987184535 0.0424914762490211 -0.105206002684149
0.014471666895443 -0.0118524339180841 -0.0222912265716296 -0.121296363542709
0.0176983441339706 -0.0238462270945373 -0.069348863703711 -0.0854348680849626
0.0129945005341833 -0.0262809090341256 -0.0852189008340743 -0.044535540340962
0.0214285552629489 -0.0236371492163448 -0.0947023302855165 -0.0269485732711741
0.0273526803126345 -0.00913866813072233 -0.0963642892572131 -0.024880241801136
0.0260351137252514 -0.00162010782253831 -0.0871328846397709 -0.0208294022013518
0.0296941794401574 0.00119443524835837 -0.0808583380455837 -0.0108567706015081
0.0396521614056567 0.0202039216950336 -0.081856678853075 0.00184344655077424
0.018196830419555 0.0410957673994846 -0.100758328178935 0.0598106987493501
-0.0130389100658143 0.0516602555270477 -0.12267541167765 0.109583307320834
-0.0669382082049033 0.059338686616807 -0.115961036641737 -0.0330763784910784
-0.0224522830121521 0.0445524632428883 -0.0299603050312956 0.0135590647769513
0.00285894748421542 0.0380815443664744 0.0583468429121644 -0.0133855944631621
-0.000552657708788406 0.0213289636319142 0.0792425629963829 -0.056025788567975
0.00893365777465086 0.0280098387655076 0.0523407584874658 -0.115927109195462
0.0285703513473697 0.024485199328595 -0.0120812441753438 -0.12756035632235
0.0455959360928867 0.00633243069675169 -0.0591322182823998 -0.0931806289431916
0.0469632977024827 -0.0072070775021564 -0.0749762550645744 -0.0495535685335247
0.0585373993778745 -0.00375672570256375 -0.0842622381540645 -0.027308208374539
0.0543897541818807 0.0198053645111503 -0.0859213792874589 -0.0219519599892291
0.0464942185349582 0.0365598427546237 -0.081673973717297 -0.0175853783445782
0.0287489071758127 0.052645996683179 -0.0743067596943408 -0.0121172409564933
0.0148101252406095 0.070479245708611 -0.0697678797092451 -0.00390437309038408
-0.0278573723406482 0.071733371269572 -0.0788057100237988 0.0573692495097664
-0.0740815716850131 0.0728537815427851 -0.0984104784670524 0.105542022120464
-0.124992222845011 0.0643147406903284 -0.0714475421562964 -0.0408498995966321
-0.084499091972996 0.057676788472159 0.00592843794752319 0.0186651722862163
-0.0514718820495497 0.0774300304137994 0.0935402868964968 -0.0122565786183664
-0.0284996881129888 0.072213072287834 0.103032310629843 -0.0615532931046254
0.00962167687029375 0.0748506317307331 0.0633576194333403 -0.119130879240712
0.041490292492894 0.0611935351248121 0.00115723225127561 -0.12132117975381
0.0687895096343588 0.0364107406056621 -0.0401581588587776 -0.0898370471364233
0.0740394604602349 0.0124421494619935 -0.0534895090276048 -0.0473072136092823
0.0865023002304842 0.0144389642258503 -0.0619067059446595 -0.0227450782025542
0.0752187598345969 0.042276923491998 -0.0650825905490734 -0.012695054658352
0.0652853503178343 0.0657186154799805 -0.0709379061004083 -0.00682807526901885
0.0318026360116379 0.09383706397672 -0.068416988063841 -0.00798243590030836
-0.00291514811689221 0.113639141858247 -0.0610645558788406 -0.0103630621056778
-0.064913069183498 0.0972192060899535 -0.0559046438801805 0.042959422635706
-0.122413056953038 0.085656906574334 -0.060132142883623 0.0896495509522814
-0.163577702970602 0.0613814724411281 -0.0138373228308936 -0.0488291383541329
-0.135169078611221 0.0651588667617847 0.0503069564989191 0.0216061875522497
-0.0993737137373307 0.113021431648659 0.127578760165419 -0.00749369972181476
-0.0504612465303445 0.120190566443943 0.124378702771818 -0.0589886273165786
0.0133368612326301 0.115265762952708 0.0730507534648731 -0.108036114626093
0.0525836097018017 0.0900587154840909 0.0190968006769282 -0.10055293663728
0.0834536145918419 0.0604475488937121 -0.0135388696751023 -0.074662145726982
0.0903964145858096 0.0302154925971289 -0.0238547867421863 -0.0382045350231917
0.10176004530742 0.0306615551167115 -0.0320139773038634 -0.0139897713348587
0.0838163218295622 0.0598733349868699 -0.0374582439031965 -2.75434916152358E-05
0.0729420939877991 0.0851423860543531 -0.0541720679231416 0.00813891335475207
0.0303375666918096 0.121235097213433 -0.0608822040073913 -0.00182070568340929
-0.0200546858903622 0.140384906002504 -0.0541796605487055 -0.0172357674909774
-0.0932311916705012 0.108125524045751 -0.0336179057687767 0.0191442905723403
-0.153661274493332 0.0837962660499598 -0.0148229822469494 0.066380673418702
-0.173867303943418 0.0520765377344035 0.046429466763883 -0.0595978616528786
-0.159040925588724 0.0640239736276988 0.094144542875234 0.0148293878469386
-0.126669169929402 0.128304026050876 0.148702083085412 -0.00613236091163023
-0.0621338341901445 0.146382423019654 0.133900768870322 -0.0492755855349769
0.0166753054770533 0.136392383683736 0.0812895268727355 -0.084651729356832
0.0565793869640937 0.103291324924604 0.0408695867745939 -0.0700170418546844
0.0867298133966002 0.074271459992878 0.0173831671447145 -0.0520640613693766
0.0939187236764535 0.0426225997311688 0.00830629358291431 -0.0239605325943708
0.100885462258609 0.044514621470984 0.000836320608182136 -0.000549227369183453
0.0773682084984861 0.0728818947504139 -0.0081130060703381 0.0167663074058815
0.0635457058409985 0.0963358156205868 -0.0362129903500312 0.0257905036331237
0.0143393144744535 0.130660545852478 -0.0529120037960732 0.00582229643120242
-0.0421153549207674 0.144654754429531 -0.0459654029370081 -0.0228405595565301
-0.114418771555852 0.0973945322128491 -0.0134178942857362 -0.00516091303627281
-0.164041401009886 0.0643821599975924 0.0324974881645298 0.0414448211060711
-0.153367270503633 0.036701337526166 0.0992586459478852 -0.0716368797701909
-0.152225524907287 0.0496237886021778 0.128308986854202 -0.00324668813765788
-0.128212225071999 0.117055504670099 0.152475572790667 -0.00758874733249666
-0.0633096319824271 0.140012378054188 0.130213707898651 -0.035057799431226
0.0144517457097178 0.130089717024943 0.0854437551747269 -0.0510550612395462
0.0503800516685502 0.0979426983709929 0.062596422712667 -0.0348211179916076
0.0763651128197294 0.0743384507870386 0.0490186598963507 -0.0256230221276328
0.082361154496616 0.0485278834017078 0.0389835733182149 -0.00637070412268057
0.0851703393693294 0.0524677774111589 0.0291668027387456 0.0179726592714477
0.0579317113817086 0.0787388034736088 0.0149253330680041 0.0387110659563887
0.0399124034107426 0.096974665351395 -0.0242218698475923 0.0465079491403643
-0.0128641676951697 0.120736797822885 -0.047409570338835 0.0155302288618445
-0.0678239555782758 0.12458734378878 -0.0367113740583946 -0.0237979540542658
-0.124290164255448 0.0653597944555328 0.00583007431889532 -0.0219023439995521
-0.151476720720666 0.0313790394744668 0.0753240869906028 0.0229891618450982
-0.106050721743008 0.0134253702594226 0.132140864573481 -0.0850035680854043
-0.117897597538475 0.0248648782221195 0.143027716316764 -0.026611213150099
-0.106096877488621 0.0837555218249081 0.138170460221329 -0.0105481459687837
-0.0535079116148568 0.105836955547629 0.114325597172659 -0.0184155411616096
0.00678390331999478 0.0988652771610682 0.0859075703550298 -0.0172608639214414
0.0335513039448978 0.0762664734806559 0.0805326619437755 -0.00299113359628808
0.0517394979801057 0.0633524297073095 0.0750406552316164 -0.00200233314867943
0.0591768322072824 0.0467454072887042 0.062056799243137 0.0118781980939707
0.0581243524597671 0.0521427134446458 0.0494127709483328 0.0399046098024749
0.0324616944862762 0.0715641171812316 0.0267120440465984 0.0632954233765688
0.0121659719310899 0.0846396815743288 -0.0207818870995385 0.0681597769663106
-0.0372830118347435 0.0939054681791536 -0.0457811762612292 0.0269186623065947
-0.082873234082458 0.0850453961539935 -0.0291346017153038 -0.0174171010850842
-0.115490821469481 0.0232616256134062 0.0230579809660864 -0.0253380822283341
-0.11620509283641 -0.00631705066707539 0.109938082534075 0.0159088284739077
-0.0424493319646622 -0.0142155707217684 0.140769661847337 -0.0949829365689073
-0.067863132313077 -0.00626765094675473 0.136471004566876 -0.0472561144019946
-0.0697624829295307 0.0372738058241856 0.11228440602626 -0.0092150781228574
-0.0389136429406515 0.0535735981228081 0.0950542275989187 -0.00145883428253279
-0.00632262888240606 0.0540714993321293 0.0844251967692027 0.00962725440410242
0.00817599610565811 0.0455552695525154 0.0913702649829804 0.018396370001248
0.0183181176727975 0.0442481359788985 0.0904266871370403 0.0158480474025919
0.0268741300074704 0.0366911304555509 0.0759062179342394 0.0279410170207344
0.0262779285304912 0.0413361110920613 0.0594570917022544 0.0609837037958765
0.00954643404444764 0.0516656444757211 0.0282101848865675 0.0865565201820313
-0.00597053981481433 0.058737985831166 -0.0262764311031616 0.0876374373473498
-0.0446124984946875 0.0584289932768092 -0.0502460123760058 0.0390824730905108
-0.0762775855860182 0.0407074296044614 -0.0277418165635794 -0.00528171532345394
-0.0862423957823679 -0.0143916404126182 0.0313583011641972 -0.0182798925516536
-0.0631332530617412 -0.0374595821514939 0.129918263362874 0.020755328893129
0.000720158667569435 0.0481078236363173 -0.141720997376836 -0.0217382757805086
0.0374316349715974 0.0259953780607058 -0.0522424527775004 0.0174655047453693
0.0506492940261972 -0.000736771960549973 0.0322897764159593 -0.00519334233457855
0.0239109600529322 -0.0224007673341813 0.062824526489 -0.0454589433863069
0.0083662934171912 -0.0145510155198997 0.0428674923364168 -0.105468458905415
0.0145471048246851 -0.0122503515527031 -0.0222453833547074 -0.120983481550262
0.017004322991037 -0.0243211959600364 -0.0683190797502406 -0.0845662823767536
0.0120904801069612 -0.0265787600037808 -0.0847403346004244 -0.0439443498111156
0.0211310656250795 -0.0238277378306934 -0.0951336564642807 -0.0252422400252559
0.027819251619085 -0.00996797479734054 -0.0978282428076806 -0.0229145797462455
0.0259084340807786 -0.00202438930496643 -0.0894155349484561 -0.0196447457708401
0.030226262494899 0.00128897280239515 -0.0826227631829205 -0.0111086569674866
0.0406544336989075 0.0192837303700574 -0.0838406201328802 0.0005093473010429
0.0184381603596841 0.0419818781215412 -0.0996588049450029 0.0586222820166322
-0.0121710821963357 0.0522861109802074 -0.121750662680713 0.11152692620196
-0.0660767119602474 0.0611798462476223 -0.115192122145508 -0.0326074752787777
-0.022119474283773 0.0448006144395288 -0.0283089081954755 0.0149076410492784
0.00296239164214792 0.0378429932814 0.060138213415565 -0.0125085304172384
-0.000614317952056478 0.0213486085607422 0.0809268300453671 -0.0561741859865916
0.00862315887107506 0.0288735348125749 0.0532630709665838 -0.116324448231046
0.0282848976909199 0.0246420568226216 -0.0121658420797016 -0.127122610657554
0.045755294287517 0.00530734355503443 -0.0589682509245511 -0.0924260994060343
0.0459504970993143 -0.00807309230056155 -0.0738400491025486 -0.0485667844709656
0.0577305044523461 -0.00496393823327576 -0.0847611946209472 -0.0257351646615386
0.0547268152190923 0.0189048620206137 -0.087169214905148 -0.0198414712598599
0.0472074736656256 0.0361580677727616 -0.0837975145536293 -0.0167306852434156
0.0287476632161006 0.0523670898384629 -0.0766001128421962 -0.0119328814031314
0.0154783040665507 0.069694047579281 -0.0716527110115096 -0.00474464023873035
-0.0279806500960178 0.0729738066050438 -0.0774249830064896 0.056511108060168
-0.0732571846715109 0.0745139822845195 -0.0980716141192843 0.106779516288907
-0.124163459092203 0.0662406725204556 -0.0702759692284355 -0.0405511147547047
-0.084683634760736 0.0584634744923675 0.00800001443676838 0.0198545008640481
-0.0503179104671241 0.0784022595929054 0.0959472098478985 -0.0117202752443498
-0.0283073075907985 0.0727597077388793 0.104781621995476 -0.0613630270142742
0.010143260847447 0.0752571463222035 0.0630504383291888 -0.119354886006671
0.0426231363614912 0.0608805057892257 0.000677355378636369 -0.121191743825963
0.0688853157845602 0.0347961263825304 -0.0401338689347913 -0.0882477251155594
0.0734124517716695 0.0109937983707782 -0.0525317962450672 -0.0462540536183335
0.0859423869448971 0.012299066698368 -0.06193840268086 -0.0209962249171551
0.0759705802951688 0.0420361023235287 -0.0664723292668428 -0.0102209895173941
0.0659296545051581 0.064687474343906 -0.072707660828008 -0.00504045885497529
0.03285592775161 0.0941668357500862 -0.070714793737491 -0.00778370633857207
-0.00141489129463156 0.112907359704734 -0.063437738990048 -0.0111356125233074
-0.0639823960211657 0.0982873484783086 -0.0539397490544243 0.0411074056916472
-0.121825991709682 0.0881122805087386 -0.0590243360572995 0.0909201322988703
-0.162895820732978 0.0637403652444283 -0.0134774818772692 -0.0492039072375935
-0.135160988832154 0.0669443802412356 0.05217449419386 0.0226114317958996
-0.097279866935897 0.112860993366071 0.129142927569098 -0.00671343693555658
-0.04975281284979 0.121539241972611 0.126450990196856 -0.0587526707298525
0.0148044087297838 0.115749190190237 0.0730946609734794 -0.109210062688461
0.0536327834090996 0.0897776519524066 0.019180802516012 -0.101284612286884
0.084246914772964 0.058861538136512 -0.013771776790483 -0.0734975884978495
0.0898483637259442 0.0282594710813076 -0.0236617461744621 -0.0378046081041129
0.101375089429231 0.0286281553547886 -0.0316120298302929 -0.0128410444854102
0.0846867745442544 0.0594689184512701 -0.038514512012542 0.00164911610541348
0.0734611715605634 0.084105029827531 -0.0562261361695009 0.0100547726000616
0.0315556373596622 0.121225511867089 -0.0635890549857245 -0.00143871748028948
-0.0177660292268968 0.140153622221833 -0.0563789714132295 -0.0179243070766887
-0.0933016043088134 0.109396799740867 -0.0337860563445516 0.0181380453759047
-0.152397407483856 0.0863936492435542 -0.0133842100061957 0.0661586578573522
-0.173046848634399 0.0548616992662397 0.0473514709069194 -0.0599523756914108
-0.159572389522628 0.0651164529096789 0.0952813583740212 0.0152005739252164
-0.124832838871353 0.129066152716824 0.151366807742664 -0.00537586795649636
-0.0620901452907803 0.147096034361107 0.136546692164786 -0.0491072695366012
0.0182702063623064 0.136180338826512 0.0817815119763195 -0.0848440514897519
0.0581766545369613 0.102780684668283 0.0414843033176624 -0.0708058411914869
0.0876251109388686 0.0724487264051418 0.0170619768161082 -0.0514874313874341
0.0934013728159842 0.0407017708783533 0.0086923764720288 -0.0242659409911663
0.100516689485817 0.0416827372472731 6.71135877958673E-05 0.00055194830590474
0.0787695258844293 0.0725075077700325 -0.0089243462075239 0.0181304836161835
0.0646096239229222 0.0954523003338442 -0.0382758587516468 0.0269304230891477
0.0159884918152413 0.130756161665613 -0.0557529041026402 0.0063171817511991
-0.0404300745172405 0.145473213183705 -0.0485606994922069 -0.0239061480789454
-0.113862723533843 0.0989465742160227 -0.0132834553822367 -0.00643715444043777
-0.163888017476739 0.0665430702061329 0.033499256938533 0.0410540016522708
-0.152228289377752 0.0384731492793404 0.0994820452041532 -0.0727901068792646
-0.152304688315586 0.051069857088743 0.129300160470361 -0.00287873983655274
-0.12680283363411 0.117755449645924 0.154496743390859 -0.00778573949968209
-0.0626713419314058 0.141023289516451 0.132925379704672 -0.0346425884922789
0.0161132342547745 0.129300323195518 0.0859017674393825 -0.0517544499655196
0.051615961591844 0.0976637053247636 0.0634507865858538 -0.0360623653100002
0.0771231159123159 0.0735198487652737 0.0487806622274608 -0.0263308056404568
0.0822337914375018 0.0463220806848807 0.0383123543930942 -0.00586450338964913
0.0850212643218011 0.050366802854548 0.0287085289968513 0.0185952969716495
0.0591336581937417 0.0777846383506934 0.0138217833105586 0.039059291903729
0.0400012141938816 0.0968161312645415 -0.0254392559177182 0.0478045983580231
-0.0117944955221333 0.121929505021792 -0.0500920076779156 0.0156492113899184
-0.0658471292343384 0.124724991625434 -0.0395694301402203 -0.0245844844217946
-0.12429998356272 0.0670944836610324 0.00584041249116828 -0.0230225889591942
-0.151593367148026 0.0331212945254176 0.0764924168732352 0.0222223095451491
-0.10529736479416 0.0150410153988083 0.132008559574261 -0.086145565424581
-0.118705230960262 0.0253812291620531 0.143528698844306 -0.0259321241244394
-0.105623392248091 0.0845066267445365 0.140021330949533 -0.00975328111987482
-0.0535676635881798 0.106123027957551 0.116360718153555 -0.0178203584540845
0.00735321492183887 0.0991334135289507 0.0878275157344037 -0.0175550023280149
0.0343112388588963 0.0757863195185224 0.0817568726437235 -0.0049705480841373
0.0524384306742019 0.0621489489051147 0.0745196079450371 -0.00281907677576949
0.0589549628600059 0.0449062397221345 0.0619947651955981 0.0113203148487261
0.058663059308766 0.0505047158821135 0.0485967307207772 0.0395121308400345
0.0333818483283518 0.0715975298169317 0.0253120099546336 0.063454901422879
0.0126849185502555 0.0844111220433645 -0.0221814310145122 0.0697444446601931
-0.0370677051111529 0.0950414899704505 -0.0486319336688226 0.0276076654783712
-0.0819032588512649 0.0857936263080524 -0.0317749549205776 -0.0179404221939636
-0.116160498831914 0.0247814340244048 0.0216297084207716 -0.0261377897433205
-0.116941861064455 -0.00506548315496098 0.110443012125572 0.0157081538986099
-0.0425263970127346 -0.0137404590937005 0.140805817933039 -0.0959553887234877
-0.0685703280180193 -0.0055886540711552 0.136953492635489 -0.0463333614374907
-0.0695856669283709 0.0380618009161864 0.113682346849894 -0.00845116846323025
-0.0392491494776014 0.0544648296853565 0.0969085752217629 -0.0015668074992018
-0.00569547258384146 0.0537058604084898 0.0863643483688213 0.00937295570190167
0.008131474085992 0.0454604107973692 0.093163871125995 0.0172489929552675
0.0186775110785054 0.0438493540362701 0.0904779348636651 0.0145901245085223
0.0274300838609334 0.0358964907802234 0.0753371701674744 0.0272219311085401
0.027093338778527 0.0400127798426331 0.0587335571438728 0.0603849961135607
0.0101523522433611 0.0512323882581971 0.0276660629099454 0.0858908357600013
-0.00481089974631751 0.0589073298177121 -0.0265290991674882 0.0881353091906259
-0.0441980346515727 0.0594040647705709 -0.0523532089070061 0.0397299244959991
-0.0758426024386696 0.0417495738758369 -0.0295666472378555 -0.006196639855191
-0.0869282037655678 -0.0138280650760291 0.0305158260251029 -0.0186326427701496
-0.0641720318591839 -0.0369411449689279 0.130574622848158 0.0199530310580566
0.00203724383389843 0.0489525523832242 -0.142875971061481 -0.0188906709119991
0.0384812775679864 0.0261068683332088 -0.0509827109891779 0.0196446726587169
0.051015417447397 -0.00231272524171874 0.0342952979604804 -0.00439413100980292
0.0234273139026817 -0.0234323966536965 0.0644858099384051 -0.0462348327614381
0.00777012541555388 -0.0136721853649655 0.0425722573360721 -0.108040302384435
0.0145114211656079 -0.0123216565396006 -0.024857517143065 -0.121521639773691
0.0161320369904615 -0.0250273085539843 -0.0695796467689357 -0.084020655515386
0.0112022074546905 -0.0266164055897123 -0.0847338134246632 -0.0429296129908455
0.0197974952767179 -0.0252755602385281 -0.0969980282423238 -0.0223209236106771
0.0278013268935808 -0.0107929486841363 -0.0997950898491183 -0.0196752728413577
0.0262097616687431 -0.00268011797191002 -0.0923669425092007 -0.0177212875370257
0.0304003075100946 0.000383879548370237 -0.0853080245754191 -0.0100294223133361
0.0422736632813379 0.0176437202791595 -0.0862573156278051 0.000882709713671362
0.0191284952881218 0.0425537956902427 -0.0993749283625842 0.0596470133589893
-0.00982938735292593 0.0536641697480716 -0.120512263223482 0.116083527105168
-0.0650323464733638 0.064258920614638 -0.116272677528458 -0.031091982673409
-0.0211614239287853 0.0466193877472188 -0.0267336034638628 0.0165571364024797
0.00487205491581609 0.0375998297838367 0.061976489851974 -0.0131040890949111
-0.000765968838084431 0.0218492313079199 0.0832806808979238 -0.0579105020414432
0.00947413744022971 0.0293383947006907 0.0515576515202151 -0.118919410679721
0.030335550263669 0.0242089604511458 -0.014826762758919 -0.128126133022834
0.0459179208351996 0.00381472819884491 -0.0600467850495188 -0.0917206543874803
0.0449043394445577 -0.00940445443210557 -0.0740321111514292 -0.0476414137524022
0.0576260773471235 -0.0069204663186289 -0.085841296742433 -0.0228319766850209
0.056163703495264 0.0176697671546008 -0.089654562614733 -0.0162892299515638
0.0486529049450594 0.034885493594609 -0.0872791943211513 -0.0139290125086496
0.0303655182012098 0.0526613946559528 -0.0796550660637562 -0.0106422184383949
0.0185866250846946 0.0696057437985032 -0.0742878086171095 -0.00448662121025505
-0.0265590445150674 0.0753066368353272 -0.0763811684158882 0.0568500197764268
-0.0717730437384467 0.077703161146662 -0.0958518871998267 0.110954568349281
-0.123479160425914 0.0708061625560621 -0.0711384814418917 -0.0399365868323752
-0.0841973579998737 0.0614175925215499 0.0104843321826836 0.0209650621432877
-0.0483113047892794 0.0791507085652567 0.0987630158256494 -0.0121790739762196
-0.0273784023669391 0.0746630738870407 0.107471416497486 -0.0635687747290757
0.0118431584693041 0.0763738269283133 0.061814645871599 -0.122055330093283
0.044313683775194 0.0608868897255125 -0.00087781398278209 -0.12244551154469
0.0703471823915791 0.0332373207129788 -0.0412615159352518 -0.0881325022286671
0.073406579804484 0.0089860710963922 -0.0530998109483968 -0.0457844452625868
0.0866827371897432 0.00979546973632379 -0.0626885111301323 -0.0187731961791969
0.0778784346403361 0.0404901781236794 -0.0678999177857296 -0.00776886929135931
0.0679004550407839 0.063530542422748 -0.0759395035923724 -0.00250341272772308
0.0349683641988529 0.0948048302635914 -0.0744354367855968 -0.00598563961904291
0.00205503039278311 0.113199972142751 -0.066706262698597 -0.0109043563407846
-0.0633069289553079 0.101332830705115 -0.0538394388372052 0.0415768865680207
-0.120656363957364 0.0926561228482139 -0.0566142241765178 0.0932955873166479
-0.162732618066594 0.0704779212966515 -0.0131208254421367 -0.050214302389574
-0.135213249925328 0.0705774073635919 0.0545457638696041 0.0232737618770236
-0.0951824603390494 0.115945819065609 0.133532137405466 -0.00823707560759305
-0.0485962190844957 0.123756413772686 0.129486815828533 -0.0616354096522437
0.0173061238415956 0.116404389405672 0.0721517773604296 -0.111539588149793
0.0567268542677619 0.0889318706796387 0.0180587772764407 -0.103190582578745
0.0864546032613021 0.0567214385286834 -0.0145801193296132 -0.073359153696003
0.0904657449891144 0.0253347389350061 -0.0232520302661363 -0.037971615383934
0.101958778541608 0.0247773025131465 -0.0324675672978943 -0.0106414099558327
0.0876981068931879 0.0583080114532429 -0.0396242751439822 0.00395358711084456
0.0762079383941186 0.0826124780180315 -0.0583785167894882 0.0125386907337076
0.0345701236531393 0.122507151885956 -0.0671680961721066 0.000438585958012541
-0.0133850801269151 0.142285040586461 -0.0596847497563724 -0.0179094605626235
-0.0923401115654129 0.113529030812111 -0.0326492716372412 0.0179504513136676
-0.1522593817036 0.092064438930349 -0.0113892852566434 0.067379747066108
-0.172748006624583 0.0606011779232569 0.0475197819924004 -0.061989133865559
-0.160330012219301 0.069530789864562 0.0985506559549717 0.0148153884991668
-0.122844209835566 0.133197703464038 0.155195891879973 -0.00709321822183533
-0.059933731811917 0.150810199994532 0.140346321625698 -0.0521365347741395
0.0217121010471222 0.137128040629757 0.0817696369313975 -0.0873331692214136
0.0615568244729295 0.10236569387894 0.0415382130919265 -0.0732358964838768
0.090502645048145 0.0699063826358524 0.0167376820168721 -0.0524826515918976
0.0941589889463513 0.0375490692856607 0.00852175700194557 -0.0243427153843237
0.10175451035854 0.0382760775870416 0.000107416701785913 0.00137980261192848
0.0822289624757832 0.071455365833036 -0.0100477655528127 0.0195927666740372
0.0672659257662121 0.0948180096812046 -0.0406298315097508 0.0303320983470501
0.0189685678484073 0.132458670359904 -0.059758377957149 0.00756865551454156
-0.0363929154580155 0.14739245439411 -0.0522991765188712 -0.0237909372461455
-0.113694598974321 0.103653661227316 -0.0130642265873865 -0.00771394087279186
-0.164351384473961 0.0725694381233547 0.0356049715000433 0.0406641021253582
-0.152638104022462 0.0427287670063716 0.0994521025518855 -0.0762538654235279
-0.153688252214406 0.0547200571599973 0.131903747306745 -0.00383833808520717
-0.125168162591802 0.121841075478238 0.158422130614662 -0.00924743764295888
-0.0614840736474735 0.144964835114422 0.136172284064703 -0.0371351698291935
0.0191492192368832 0.130038653313237 0.087459109704743 -0.0541653289764496
0.054596727122647 0.0970533231296169 0.0649774563514014 -0.0388029066969356
0.0798026565039916 0.0708810316014327 0.0490554798829908 -0.0271707056727827
0.0839328166495087 0.0436413727270141 0.0392750791092205 -0.00712582850893094
0.0862958514586526 0.0474523422019941 0.0282351732813801 0.0180491941742363
0.0622692131304054 0.0775487982406984 0.0139039304687976 0.0404019641174141
0.0432624999828704 0.0964811134743403 -0.026672336234233 0.0503549086796789
-0.00947249307676322 0.12406681233385 -0.0531616364819627 0.0178152440316919
-0.0635508161429905 0.126986110962481 -0.0431413145124455 -0.0244864791119489
-0.124516701082265 0.0715106139311919 0.0055624895056515 -0.0247199965686508
-0.152991416860615 0.0380055009307125 0.0778538627141101 0.0207810354042766
-0.106227345325789 0.017915806408062 0.132771799934272 -0.09008625578876
-0.12032591374047 0.0274300963082159 0.144744739639272 -0.0282211646743808
-0.104623802738528 0.0874379398063331 0.143292542426285 -0.0116695429263516
-0.0531078222502913 0.108856755418151 0.119826962519687 -0.0192682414171967
0.0101057377059234 0.0998789335713334 0.0889300801966189 -0.0199265473396982
0.0364117749707897 0.0757703542553161 0.0836879011558689 -0.00733622844539929
0.0552209656506965 0.061166201169357 0.0755927011147073 -0.00462226283690924
0.0605329862697026 0.0429179990013589 0.062369148818966 0.0105343345934333
0.059548512812872 0.0486541330556668 0.0491347344717449 0.039759488406409
0.036385912557139 0.0715270619724058 0.0268455847636456 0.063568909917914
0.0156147384925981 0.0851453515563204 -0.0225390451407726 0.0715673881749611
-0.0355836975714273 0.0975202695146544 -0.0513392798239123 0.0296620698611038
-0.0806457258843718 0.0884486720066843 -0.0349734267696206 -0.018727669459743
-0.117721395532084 0.0274847877771806 0.0211044920964838 -0.0278019974834966
-0.118637060999462 -0.00186510303350362 0.112000097314551 0.0135088789596332
-0.0433102067701281 -0.0132920628684635 0.140215164653809 -0.100014823135557
-0.0702265379769586 -0.00472306452864662 0.137745815240564 -0.0490415964026699
-0.0695334123486192 0.0398822889927183 0.116183941438452 -0.00963495956938903
-0.039040317215101 0.0561178448998996 0.100115122296186 -0.00241737396376456
-0.00467142339429051 0.0539519660957681 0.0893119984976781 0.00738573839656896
0.00959341464203241 0.0453297180888746 0.0956795181347543 0.0145059087565094
0.0204160635993702 0.0434752412485102 0.0911788656495955 0.0121405520988461
0.0279948134555188 0.0347890656708173 0.0756515943503573 0.0257200556109436
0.0274455194048048 0.0393124769411955 0.0597256337431766 0.0596522715140241
0.0115775491251781 0.0517415671614312 0.0287627545569672 0.0863489293202018
-0.00370093378230649 0.0597423956239447 -0.0264625798403926 0.090277006377888
-0.0440981529062662 0.0619183513615907 -0.0548317044697018 0.0417193886874655
-0.0762188925871571 0.0438802867754588 -0.0319346619857762 -0.00617908982698299
-0.0889363502443617 -0.0118498176980565 0.0292866511361309 -0.0202358557596171
-0.0663521391930729 -0.0356813673784928 0.133161499647435 0.0174075343648888
0.00471783210012446 0.0492909690270283 -0.143111445886845 -0.0141749440396667
0.039664457569115 0.0253664367478509 -0.0489226679681957 0.0219756375363964
0.0510318688780436 -0.0046461016415132 0.0364994026895783 -0.00430397237815244
0.0230387764022279 -0.0246010030529754 0.0657339015954332 -0.0488147845744612
0.00788210884768692 -0.0134756957165452 0.0399725093680538 -0.109997151924828
0.0136845954068863 -0.0133092055412731 -0.0291425552704345 -0.121236183071993
0.0148696228148631 -0.0265901241059411 -0.0723596311861106 -0.0817824405781217
0.00952158084527777 -0.0270454771412561 -0.0855245987729184 -0.0403121144617036
0.0190060575370797 -0.0257773075556891 -0.0974736963041927 -0.0177318677483684
0.027477317019804 -0.0125099442542318 -0.102080934979815 -0.0154437846471577
0.026770660376398 -0.0039449225014621 -0.095115710669947 -0.0138874267304774
0.0305191093069963 -0.000662149135678313 -0.0876201481053737 -0.00718017090416762
0.0435988201668403 0.0160358990922081 -0.0880921484305174 0.00276131779938284
0.0221030751238441 0.0426520063015696 -0.0975332074288049 0.0615664866236562
-0.00722621249745691 0.054272908897812 -0.115815950938669 0.121253607438718
-0.0617022705197063 0.06800176165841 -0.116698758087246 -0.0274045809925592
-0.019796151193126 0.0482243320683589 -0.0241822666150503 0.0184856653717337
0.00638758090940468 0.0371997829789446 0.0645633153568587 -0.0136491889762948
-0.000233516472037938 0.0221552178162199 0.0843418798777833 -0.0601797744112083
0.0103218173754534 0.0293584715812669 0.0490285575918756 -0.121299615729671
0.0311541414558198 0.0236418233949491 -0.0192204337154255 -0.12843961322303
0.0460395633749073 0.00128251817203167 -0.0628320912368635 -0.0895557706838795
0.0438439984636694 -0.0114295446543412 -0.0749516261266299 -0.0453161030300615
0.0565955279490199 -0.00974786885264153 -0.0869341840331633 -0.0184723172117149
0.0575793723715259 0.0153285427558553 -0.0912364697237715 -0.0119845365694667
0.049935132772988 0.0334210805923182 -0.0899082124246191 -0.00976575987178899
0.0322756758643648 0.0517209739534535 -0.0821940679600316 -0.0084815788949831
0.0217622083482428 0.068210261355575 -0.0767496373724118 -0.00329219299933288
-0.0230052421137328 0.077237282048369 -0.0743271270479582 0.0578036808678175
-0.0681369243668024 0.0814814319232891 -0.09118411540514 0.115610492988457
-0.120414188957529 0.0771277294311201 -0.0717206150413299 -0.0385417210842145
-0.0822409590973038 0.0650561778110444 0.0127730700984429 0.0212802923303982
-0.0450890387811705 0.0808563150311044 0.101084650918686 -0.0146821846760144
-0.0250147564378109 0.0762047555495131 0.10908085178082 -0.0670494542466961
0.0148302182642968 0.0761734395893763 0.0584056357818758 -0.124204620893544
0.0473777285743356 0.0596503250896433 -0.00486398533899754 -0.123111182352615
0.0712807094692548 0.0293869969261562 -0.0444039823057142 -0.0862840708063888
0.0724281657957179 0.0055627335977587 -0.0530159143411431 -0.043826743852213
0.0860023828887615 0.00553370205487365 -0.0632868554414725 -0.0151522993047127
0.0804863923141232 0.0374657181353842 -0.0694695184807165 -0.00356899405537042
0.0706138641011576 0.0611600382522948 -0.0781223352209042 0.00207714842426847
0.0390729997043066 0.0939727524662264 -0.0774759414922899 -0.00404012322101477
0.00667587001174955 0.112638598319629 -0.0695404058690439 -0.00974471081265569
-0.0595363862352865 0.105735212111475 -0.051960490156766 0.0410608137995937
-0.116824749294396 0.0991970152791287 -0.0527701916388124 0.0961893160333523
-0.159610414780748 0.0770968862577577 -0.01423628304893 -0.0503572236911879
-0.133251758115348 0.0760023192189162 0.0574276744532876 0.0220547228477409
-0.0905759028580516 0.119342789848676 0.136376616970711 -0.0117944561915026
-0.0445679537264166 0.126074650015414 0.130527459349436 -0.065635048581561
0.0224055525227183 0.115832890051253 0.0698838714745222 -0.115306476274615
0.0608871630310295 0.0872448946149341 0.0150064114240226 -0.104740468704733
0.0886386251244018 0.0519962894364846 -0.0171231457378525 -0.0731691674847976
0.0906795163388995 0.0207512360797442 -0.0237750348067413 -0.0362714159247536
0.102069104631421 0.0193672193385372 -0.0330055313441679 -0.00822418190516948
0.0903812370816905 0.0541738292151032 -0.0406988771014135 0.00722101665598283
0.079455523646187 0.0800482664254065 -0.0603856894636127 0.0167470993149754
0.039041501134474 0.121391222370722 -0.0705463151485188 0.00364815078527317
-0.00749562097000122 0.142296343385797 -0.0637686790228583 -0.0166382564427055
-0.0880819668711495 0.119075316674304 -0.0317871107280284 0.0169486486433487
-0.149479238675622 0.0996428920231297 -0.00855667653138212 0.0683726626027257
-0.169968580270436 0.0686964081732658 0.0470335812106583 -0.0650196062394625
-0.158729992774058 0.0760987529097048 0.101381030630433 0.0129066633004111
-0.117691202719231 0.137727345432571 0.158515639033317 -0.010961637597134
-0.0551234119413329 0.154639250025737 0.141727132107566 -0.0566348066850809
0.0267500895261078 0.135892902880976 0.0799317570297846 -0.0912254910969594
0.0659069921733468 0.0999122325990995 0.0396451805170801 -0.0759090625628047
0.0938448576010214 0.0651881639535818 0.0153480912172739 -0.0522967359887953
0.0947293610244261 0.033173784636993 0.00852421622217778 -0.0244001070427066
0.102394138198802 0.0330868239399538 -0.000286348703216316 0.00198335210660138
0.0853331395816573 0.0686680135553259 -0.0100923072180755 0.0212304139810188
0.0707473590899714 0.0915093072677197 -0.0416716949418016 0.0338314351962323
0.0244902324341899 0.132244382495011 -0.062934017869953 0.0112611211261568
-0.0302327516531932 0.148811755127329 -0.0560590945082875 -0.0224100423975533
-0.11017655146975 0.108921735844618 -0.0139151746540868 -0.00897875184567482
-0.161351184547479 0.0804344331771044 0.0373659506505436 0.0395014179391305
-0.150948238252349 0.0504387764532088 0.098750340609333 -0.0807561798485605
-0.152884155613119 0.0603339787531481 0.133353411885799 -0.00771949306447752
-0.121230880014907 0.126588279284434 0.16086922938714 -0.0138306377028526
-0.0568121228873466 0.14818415352178 0.138392942439982 -0.0417038902342205
0.0235263664510097 0.129823682278074 0.0866392257757856 -0.0575518025536012
0.0590792862682158 0.0948481445494248 0.064848657212004 -0.0416570839973889
0.0830031783609204 0.0675947294549158 0.048677745033502 -0.0291410031883778
0.0846688557241654 0.0394490140160198 0.0389039284248121 -0.00846312228845661
0.0877219755710522 0.0429261060088158 0.0293656175857776 0.0179103015735079
0.0655056743424058 0.0750441097205678 0.0140153593266172 0.0406867863036104
0.0468752086125427 0.0948025884789914 -0.0269748858574233 0.0535433803255271
-0.00448017230231562 0.125761194783031 -0.0553432990671898 0.0205985891799484
-0.0583712545562183 0.130250826245855 -0.0470724479477872 -0.0231507058772391
-0.123110001157613 0.0770368350131322 0.00432027883540003 -0.0257100335958582
-0.151928626343985 0.0447618069996971 0.0795485137074065 0.0182430173337427
-0.105606952289889 0.0226303282936468 0.131022463277243 -0.09593351448128
-0.120514573564822 0.0320541397031123 0.145925196407018 -0.0321779057835422
-0.10221093913921 0.091513797960879 0.145000699263278 -0.0159994435611062
-0.0501160076986699 0.112213160142988 0.122069974395064 -0.0233288054553221
0.0135020601286988 0.0990698529242946 0.0898896791229887 -0.0233704241329842
0.0398894277515145 0.0742751862728837 0.0853969352433893 -0.0113416704906498
0.0579858264217352 0.0584833298018118 0.0752837793869976 -0.00776246826098666
0.0613970145088844 0.0395800448446791 0.0622561867234524 0.00840287974953145
0.0607084316529664 0.0452737022752478 0.0499855031430157 0.0378983035239913
0.0386875145106854 0.0706365835711378 0.0281115850903854 0.0642246519917049
0.0189197430651265 0.0841975177962154 -0.0218103280778423 0.0735782036393019
-0.0318240155890576 0.100267249712257 -0.0534172317662457 0.0319583097703381
-0.0771670747078054 0.092069789634333 -0.0383435764654235 -0.0178960603594168
-0.117180301874106 0.0326547677223387 0.0201300325064047 -0.0292052621249333
-0.119184758787595 0.00277287976514694 0.113489321276278 0.0090835975763029
-0.0436572218849111 -0.0122663453887514 0.137737379984187 -0.105718946938291
-0.0713719857931674 -0.0033441526141036 0.137116094105158 -0.0533027158661949
-0.0690029013363794 0.0416998471635276 0.118062761562373 -0.0132703716086924
-0.0386778173680949 0.0585256269304864 0.10331188145717 -0.005239041148195
-0.00331783644090013 0.0551196869915189 0.0914469616912934 0.00412305857218736
0.0111903657496493 0.0448832634698602 0.09830910360097 0.0101583514212079
0.0222147252314808 0.0420214156288966 0.0921878402400134 0.00813896117472194
0.0291969724165969 0.0333694385883982 0.0761199771856212 0.0233729412320662
0.0286935356608028 0.0372965147905133 0.0605641351195766 0.0579662883311179
0.0143114124579188 0.0513259976780499 0.0307848258397545 0.0857859783566542
-0.000392707792379946 0.0599602347083344 -0.0245728437742427 0.0927743164507945
-0.0417195194962858 0.0647507588957381 -0.0559324467363985 0.0444287548975216
-0.0752079992114846 0.0470664818576786 -0.035215180246902 -0.00480777762096743
-0.089668421405719 -0.00831575910288905 0.0278751627132445 -0.0220136417220969
-0.067895849933304 -0.033859070578162 0.134280519401886 0.0124581543385291
0.0112757510305978 0.0490940616823458 -0.142501767166909 0.00469099078202883
0.0424234582207284 0.0199728816938744 -0.044217105300605 0.0302296911426317
0.049870338928088 -0.0134849983527815 0.0359495918564084 -0.00566898794973518
0.018838350928881 -0.0294774652135228 0.059936574950246 -0.0548615802406019
0.00608772664582649 -0.0164202073675386 0.0250547848519605 -0.113805774178078
0.00923785421800951 -0.0168883968500598 -0.0445036862293913 -0.112143856927748
0.00811328377150208 -0.0290146356305751 -0.0811358228760961 -0.0680961702419854
0.00391723633587078 -0.0264144514244919 -0.0871254719034271 -0.0280130856191551
0.0131267045621034 -0.0269343247692701 -0.0968671924517793 -0.003791600366407
0.0248375304246432 -0.0152976751407314 -0.102921740017841 -0.00120493346377405
0.0255394793479227 -0.00725199595106858 -0.0964409662462785 -0.0016857256543753
0.0302429508910917 -0.0041359090521239 -0.0890806479769791 0.00230594430056907
0.0454263979252603 0.0100437303649899 -0.0897622349168264 0.0110295297236157
0.0294489060468552 0.0396023836354616 -0.0878645573673233 0.0689788501695619
0.00158994051070774 0.0552268290264238 -0.0977981223546152 0.13083964562693
-0.0501336156991056 0.0776891705600991 -0.116614578264009 -0.0145668883295056
-0.0111592852933756 0.0514852363131685 -0.0212096586674538 0.0196457442705751
0.013239518948363 0.0336706068696723 0.0606875858341055 -0.0226073863649718
0.00432529260862543 0.0197699704781708 0.0752303578110393 -0.071586339681927
0.0147042108294743 0.0243950947778571 0.0301640473113661 -0.1256917138098
0.0315903880334651 0.0158472587676541 -0.0377112950182674 -0.120110901198976
0.0429724796290333 -0.00739308005097412 -0.0744554775503392 -0.0772436507742046
0.0391307531648433 -0.0164291736038544 -0.0775581158929188 -0.0337185808779387
0.0525943271408805 -0.0171507197095489 -0.0865004273482025 -0.00593472539060506
0.0581240795614897 0.00750126379846469 -0.0927613781082486 0.000703458610208754
0.0531128266191964 0.026099674918916 -0.091115132347562 0.00197285413591486
0.0398208219345799 0.0481097918123274 -0.0841450890144092 -2.86988543777641E-05
0.0310028359309434 0.0641765502903514 -0.0776840960972478 0.00303884434717386
-0.0105013780664929 0.0793649535554571 -0.064441656693778 0.0634401713683177
-0.0543450890066903 0.0896909477174009 -0.0729949545598146 0.123383560238988
-0.104520762989222 0.0961175778844198 -0.0736421853202177 -0.0350570141878411
-0.0676766154993989 0.077937982584606 0.0158769264926243 0.0142876357660567
-0.0291704344261496 0.0844412023277709 0.095792260783268 -0.0316239441672246
-0.010455486855824 0.0759958988781487 0.0967454782700259 -0.0842244180283351
0.0261054621026694 0.0683781681298565 0.0373843494744556 -0.130025138560913
0.0527776707875779 0.0478040652917132 -0.0236850081282847 -0.117681287828597
0.0734455816490807 0.0158365196341663 -0.0578023839539738 -0.0774428942514598
0.0687247867985883 -0.00386265690644218 -0.0564429991853738 -0.0349279824432542
0.0835501498771022 -0.0072481572152622 -0.0635244892753405 -0.00583573812852317
0.0847959361943719 0.0255274162068364 -0.0709134537307344 0.00600490884345514
0.0768854734977044 0.0496437096502683 -0.0787225967569389 0.0128730021403464
0.0523273565439288 0.0881753305864386 -0.0798098056665815 0.00302669789181659
0.0224710724111224 0.109969884781811 -0.0707863554446857 -0.00523624840746961
-0.0429276484507022 0.111784805579731 -0.0435915138736537 0.0452962076939983
-0.100390247079578 0.113496676769568 -0.0366457555328487 0.101130352908949
-0.141596564198877 0.101918495815726 -0.0186380561174639 -0.0557535596753059
-0.115229736998099 0.0963426254229421 0.0602010667342214 0.00690069663328049
-0.0667484615955887 0.128805682294261 0.129453105530178 -0.0372227655633858
-0.0202814555349055 0.128705080482377 0.117097170862195 -0.0889677216964818
0.0389897255424449 0.106287405912116 0.0479153324375634 -0.121991297999217
0.0700616222794303 0.0727169726451027 -0.00322451265921552 -0.102995485418019
0.0946212266571371 0.0358015352679437 -0.030261850599577 -0.0692204371319943
0.0882055484193417 0.00771061000547215 -0.027814832543019 -0.0311443472166622
0.101916963117037 0.00396634723315909 -0.0329530792707238 -0.00319037964443834
0.0973980318067929 0.0405407131173989 -0.0414271009181804 0.012960661930375
0.0883432969551342 0.0664749947297968 -0.0603837954873279 0.0253698460071523
0.0576900226912878 0.115567924579426 -0.0729389774086689 0.00877976122009666
0.012873872313177 0.139859810968882 -0.065181087985198 -0.0127548197281743
-0.0697633027517879 0.128714248527884 -0.0266165015388699 0.0190886857881402
-0.132231596579433 0.117795096773432 0.00413796827677982 0.0697737011983382
-0.15332195918375 0.0940344871048044 0.0385079534218765 -0.0783493627539662
-0.13959793515695 0.0988223489176248 0.101775472348699 -0.00965177606042912
-0.0900613019674754 0.150875321711451 0.150456524462074 -0.0415662878972931
-0.0261665133318579 0.157977806463001 0.127610680346665 -0.0827713798020546
0.0462092921772519 0.124899518358857 0.0603274345329829 -0.100546887229043
0.0781109866175347 0.0849624775514516 0.0240021521269318 -0.0786449768081483
0.102307469600412 0.0477077269155022 0.00362785524518237 -0.0545792055339856
0.0946270586218777 0.0183006226717192 0.00452726551830593 -0.0236379368742209
0.104042102603159 0.0166508966137895 0.000237081168997337 0.00356040846897741
0.0940026654430926 0.0541537272250083 -0.0105810833442946 0.0229833146119276
0.0824867565122414 0.079675948648039 -0.0396345735921292 0.0391886940349336
0.0442151278414155 0.128097713814745 -0.0643065607853369 0.0159089384685749
-0.00852985664240403 0.149746829228827 -0.0580906668581396 -0.0189267296747473
-0.0933370856073105 0.122493539159871 -0.0113047152676051 -0.00673401855666636
-0.148035827603305 0.100391744394152 0.0457369235918521 0.0371239226057737
-0.136982687131884 0.070745156479185 0.0860940911253345 -0.0996720084794724
-0.136561784279598 0.081949666611728 0.130464074625354 -0.0336277181762987
-0.0951789205855487 0.140022988979478 0.153166815026094 -0.0443110794896917
-0.0297725292482573 0.152414294484156 0.126084343831459 -0.0675649149847006
0.0434240874191375 0.120270852914219 0.0716227594429025 -0.0689785454574739
0.0717941666373578 0.0812885244475495 0.053642907652645 -0.0496747217337243
0.0927785445574115 0.0511474319512047 0.0393706212143991 -0.0366896875106229
0.0861334458561717 0.0257970507408384 0.0358711169512576 -0.012743224793294
0.0914688024440689 0.027974624784184 0.0299573248340397 0.0158981477516179
0.0764070820105948 0.0633386915827703 0.0162356368501884 0.038316911039085
0.0595946163862129 0.0852669592029153 -0.0230967900264096 0.0560503415545344
0.0152204321835624 0.125626908210149 -0.0555873687926459 0.0246000016429204
-0.0385483062196408 0.13520921601409 -0.0488898764570039 -0.0201315778069513
-0.110159795552944 0.0923004282457 0.00370515657260617 -0.0246570476909765
-0.143052590421661 0.0635604427181756 0.0829985865169606 0.0118506886002211
-0.0969529564660974 0.0359626581979137 0.114891282532229 -0.115928035120995
-0.11028742336338 0.0488656526804604 0.139912702827781 -0.0571635425482277
-0.0837050159859646 0.10302076806945 0.138302273760528 -0.0419463931907592
-0.0292956603854043 0.11741774273785 0.114573341072125 -0.0455838571624982
0.0288058669497695 0.0930780410056396 0.0816673484353917 -0.0358486236673182
0.0503013070493417 0.0642735799506259 0.0792302356050114 -0.0232308723964212
0.0672535695417787 0.0470487012676242 0.0694771137454299 -0.019998924679524
0.0646185010850032 0.0292427053898166 0.0604015434884194 0.00077666366572086
0.0668079674842259 0.0342933778812813 0.0523266128850872 0.0320526639577881
0.0500986639624962 0.0622425849105476 0.0328232281692401 0.0592088582624487
0.0307590090807712 0.0791068588840132 -0.0154295264332802 0.0754577841794637
-0.0153240146830046 0.105764037301829 -0.0512361710967529 0.0362488282095495
-0.0622019721204665 0.100622216409489 -0.0394145648573797 -0.0146124041209678
-0.110667741402552 0.0482162556258109 0.0175249898664123 -0.0293877756724107
-0.117403689994394 0.0172166487586826 0.113641143981082 0.00015874214166592
-0.0429648250263012 -0.00805509249481636 0.120299428624169 -0.122946551061662
-0.0690935799610652 0.00582325380985772 0.127660718801631 -0.0729023488783543
-0.0591590341459955 0.0509393530300697 0.113911398066603 -0.0324263422810873
-0.0263500256967102 0.0627778025985792 0.0999492047047893 -0.0229781419440824
0.00692319316280606 0.0533711884231848 0.0892529962523831 -0.0101956274795736
0.019016292646849 0.0402788357224891 0.0957911272830713 -0.00541099732094932
0.0295525737761367 0.0375093335341311 0.0893881750178479 -0.00668739824478967
0.0332815472426699 0.0272588743663147 0.075937751811242 0.013581567250359
0.0347022686800641 0.0312384847337129 0.0650874039363615 0.0492797541774626
0.0227984862264776 0.0476580325643224 0.0389986149842072 0.0802855078566279
0.00892615502495863 0.0582241709315846 -0.0155441138734088 0.0936871542891964
-0.0304399604059739 0.0712514229469533 -0.0516621019297648 0.0492770894047241
-0.0663639962750863 0.0569499580035759 -0.0350538167697179 -0.00190052041689652
-0.0898645252860507 0.00389159678384458 0.0239357386582818 -0.0230200576355508
-0.0717449010889635 -0.0259449119113125 0.131785943171799 -0.000117851102248359
0.0125294730819068 0.0475969400196441 -0.137829265834569 0.00697755473788763
0.0425941736772661 0.0188980721278866 -0.0415605897028128 0.0305728915147409
0.0482826607651055 -0.0143718472721156 0.0377060368840355 -0.00568404786344136
0.0176909080129796 -0.0287505125429419 0.0609079634414435 -0.0550748776808899
0.00595472691043256 -0.0153358784446131 0.0240643053963502 -0.112123635530388
0.00923984774315098 -0.0162346592206705 -0.0447131508290256 -0.107772837498069
0.00619843857171851 -0.02878628862154 -0.0794034356844958 -0.0644548579413512
0.0026536600568079 -0.025309525212634 -0.084208276470979 -0.0263310826467996
0.0116372420900697 -0.0265467513441127 -0.0934798596878587 -0.00114484188541842
0.0234208956074851 -0.0154408218079455 -0.100633651314543 0.00220527027652938
0.0249681895701171 -0.007753668919408 -0.0953786689354456 0.00114914055628036
0.0292817824519813 -0.0048909245015792 -0.0878456163507701 0.0033517292558905
0.0448012903065117 0.0081657464329007 -0.0883756473135456 0.0108405433432485
0.0300382332488486 0.0376103138555222 -0.0852501542547354 0.067616808126245
0.00390725659261877 0.0530216361905048 -0.0920200489153357 0.129753910890574
-0.0455520544502601 0.0772083712467899 -0.113401374477518 -0.0127385793653514
-0.00843287953169893 0.0507300887885822 -0.0181872840106126 0.0190877485118174
0.0138062209123016 0.0321436806518956 0.0612327472448352 -0.0222743709221198
0.00468559078363818 0.0190106444009623 0.0750021520283641 -0.0716803795111713
0.0153423865652787 0.0239140508349972 0.0284477762285369 -0.122803013323292
0.0312919316159202 0.0147890734058887 -0.038134185179515 -0.115779556593793
0.040608156017627 -0.00891905572571269 -0.0735263107754692 -0.0729703556432406
0.0369638933471824 -0.0168079017975098 -0.0752032604116252 -0.0320035264684999
0.0499433197326328 -0.0179782391306346 -0.0835936164034146 -0.00258851592394436
0.0570152678466258 0.00561995426383606 -0.0905130546801114 0.00415007330572081
0.0520269401844647 0.0236039085905782 -0.0901598506943352 0.00530054892086417
0.040047694706835 0.045417888062858 -0.0840830656732384 0.00129260020937098
0.0320363139772608 0.060872876969725 -0.0776458436837695 0.00321836854186087
-0.0078043574535264 0.0776568897509268 -0.0620853848400691 0.0612240174242993
-0.0500076058419685 0.0885822657181694 -0.067345281991257 0.121287994935682
-0.0975348240715472 0.0962163704283227 -0.0719957660431867 -0.0339990289468699
-0.0640818046389955 0.0779214035898583 0.0177414002943092 0.0144825442964667
-0.0262542834109142 0.0816399710601609 0.095062276653643 -0.0317045181273448
-0.00854729989497551 0.0749100382071166 0.0956560878393813 -0.0843787666654684
0.0268296950296192 0.0663606709525178 0.0351793093784394 -0.12750261791519
0.0524687978099318 0.0454528027997245 -0.0252333425977414 -0.113500265346555
0.0711772611966437 0.0131998090664529 -0.0566353281803208 -0.0734861244363573
0.0656438504794123 -0.00568131208353815 -0.0551492372251716 -0.0338242537706704
0.0802839636688395 -0.00913111939800267 -0.0612100112902004 -0.00347311499342086
0.0828694903830244 0.0225852583511991 -0.0691074267024187 0.00882693193196093
0.0757490023225242 0.0462192105511906 -0.0777690242967039 0.015622381020006
0.0534460998306972 0.0844600693077495 -0.0801078658367417 0.0054251174186115
0.0250336048684355 0.105293945386767 -0.0711842262421219 -0.00394554513310958
-0.0385308520211775 0.110388838158441 -0.0420575533477606 0.0428724644702228
-0.094173512375426 0.112676884987878 -0.0328159557245415 0.0993123049900833
-0.133423078666454 0.102502620883681 -0.0188502944431177 -0.0553508867715715
-0.109428581292145 0.0970255093187416 0.0600086923979729 0.00598685742337643
-0.0619540986281422 0.126026011959653 0.128007427779256 -0.0375792064795449
-0.0172540248095016 0.126390203690637 0.114998757738267 -0.0893293444879916
0.0401092518736414 0.102291532372878 0.0452449516498597 -0.119788031653908
0.0697869594926233 0.0690565694359131 -0.0042192162310752 -0.0998170395158849
0.0917613685327812 0.0314795703096829 -0.0300036894923071 -0.0656956261715908
0.0848177473765338 0.00530694946870762 -0.0269767327453901 -0.0306257870801633
0.0974442905958814 0.00105990988590244 -0.0316638414428367 -0.00134716558086217
0.0961824455032258 0.0369389374547524 -0.04095307685335 0.0151630704767219
0.0870976344142321 0.0628938547112469 -0.0598679435617037 0.0276989434243404
0.0590459545099554 0.110818019579536 -0.0734872362701947 0.0115794181245282
0.0155298514221031 0.135481326921199 -0.0664255667008638 -0.0116332040518352
-0.0643835814535164 0.127212083679971 -0.0256496535758563 0.0173436007117885
-0.124668885465489 0.117680002600063 0.00628417624169459 0.0675646475239162
-0.145030402937946 0.0948360722063392 0.0364010045916639 -0.0780027736614509
-0.133890627838703 0.099374811477659 0.0999275557748472 -0.0107037771531364
-0.0844011825966431 0.147839724516431 0.149029939601218 -0.0425610238135853
-0.0225044907506533 0.155322429329579 0.12602644426028 -0.0838416082676266
0.0481111582509005 0.121180819614133 0.0573019737659048 -0.0991202486219084
0.0773217461448386 0.080626436754806 0.022923366879228 -0.0774541555614066
0.100036848104082 0.0429525331460186 0.00268330665330366 -0.0520004389430554
0.0909880080275747 0.015328279567613 0.00476945066265548 -0.0236180117937454
0.0997825191531728 0.0130498083518598 -0.000160567509512299 0.00434697620812213
0.0927663513843927 0.050549883671248 -0.0100349822183406 0.0242069481301696
0.0812234371802795 0.074690642952754 -0.0394442438829965 0.0413453372892416
0.0465268604387416 0.124169194351476 -0.0645925099346241 0.0179561883599561
-0.00477889084075572 0.145103719185462 -0.0598358687873575 -0.0172822520756718
-0.0874968407603127 0.121685534059147 -0.0117349945101528 -0.00878284434170168
-0.140377727168651 0.101285506945046 0.0457074021116848 0.0351215455293424
-0.130886581918873 0.0721343125546904 0.0824571991044711 -0.0997766373557737
-0.13203514023788 0.0829638755992468 0.128070787744326 -0.0344760230123936
-0.0905682928638482 0.137811343739529 0.150906954231467 -0.04471020373628
-0.0257351385322177 0.150829965531151 0.124265953767179 -0.0683448498184118
0.0448271440781582 0.116277460461489 0.0698683780803649 -0.0682747824828832
0.0712687408386893 0.0773232579876103 0.0523056402269295 -0.0507196264527221
0.0911936476519808 0.0468433804905006 0.0375883572681931 -0.0360338551224987
0.0833698147244396 0.0229461597674467 0.0351058308464837 -0.0126237650936659
0.0881524667179869 0.0243677772315907 0.0287201258679363 0.014925147708518
0.0759541874676439 0.0593809257342781 0.0156971258387348 0.0382834473319729
0.0594399425817698 0.0811921672536734 -0.0227662489317182 0.0570773429970916
0.0180451438884483 0.122011252015798 -0.0563638578970691 0.0264418421299973
-0.0344915097347759 0.131646224624875 -0.050719962229823 -0.0189934061178237
-0.104652891635326 0.0928428769491256 0.00214450064845563 -0.0254576707215543
-0.136873141588154 0.0655288982325242 0.0815505437793917 0.00941402552422698
-0.0927924204913554 0.0371445660917995 0.110025471891888 -0.116055208458906
-0.107388192910927 0.0496590959935098 0.135526181824756 -0.0579359556620267
-0.0793278326456495 0.101883260481607 0.136125857491027 -0.0419995105822899
-0.0264869908680025 0.115778004087388 0.113072924608972 -0.0466625358022534
0.0297941303368435 0.0902714610530032 0.0803418529364084 -0.036632409137483
0.0498190344600029 0.0611218478521925 0.0773646352374453 -0.0256600386551203
0.0665614172704178 0.0431034115528661 0.067068238659011 -0.0212479045284574
0.0627466636148456 0.0264641682907587 0.0595257822480735 -0.000113987490335185
0.0647246526053364 0.0309698038566433 0.0503392060379385 0.0309231456765958
0.0503090044903261 0.0593495049529462 0.0318204169524093 0.057400046113931
0.0317398414399409 0.0759193426610395 -0.0143437757108272 0.0753207661697556
-0.0123413272205649 0.103419818975844 -0.0512356594309441 0.0374374461113214
-0.0580377855437415 0.0986873133631058 -0.0405387814609079 -0.0134043487311214
-0.106642376977436 0.0494949031000913 0.0155392682323093 -0.0298752963321373
-0.113089240167145 0.0197100639127292 0.110521323545348 -0.00251681907596678
-0.0414098798299884 -0.00723237398068817 0.114275010269084 -0.122446924872905
-0.0678924125817341 0.00664659527051809 0.123406769392578 -0.0723929123075631
-0.0572449279852245 0.0502692527334115 0.112571934515601 -0.0320962609046583
-0.0251025553720499 0.0629875634734191 0.0994706941312879 -0.023661228293542
0.00762234139884785 0.0515471018665664 0.087790249820176 -0.011584663531492
0.0189441349140209 0.0385455866724004 0.0942742872579085 -0.00829176021991563
0.0300348097693505 0.0348291122068713 0.086049331225905 -0.00870381654014995
0.0325889824171967 0.0255338949918464 0.0735030335451407 0.0118274029697958
0.0341509653951963 0.02898796036278 0.0632475428181948 0.0471451767030742
0.0236346190681294 0.0455979544179051 0.0381352409117717 0.0777716839738829
0.0103267785942883 0.056233858649962 -0.014895700896904 0.093054580206693
-0.0271528225054486 0.0706170408277582 -0.0514222499143016 0.0501913590857751
-0.0641877184490377 0.0562011013347085 -0.0360309982919939 -0.000594648737476619
-0.0871223739122652 0.00629245678378485 0.0226520413822654 -0.0231336353810836
-0.0698169435236258 -0.0235920098760841 0.127986938815706 -0.00267683794656592
0.013490910804917 0.0462549306823722 -0.135361966406089 0.00569840571093794
0.0427684107712234 0.0189805649211027 -0.0402634503565434 0.0298694034995155
0.047594639480801 -0.0137845567998255 0.0394721630263533 -0.00472033537891295
0.0172317263053601 -0.0287828850374129 0.0625250022784289 -0.0545991828622146
0.00643998167848777 -0.0151904998066537 0.0253096650604218 -0.110078603132256
0.00917672582931692 -0.0158098745304703 -0.0431821837544425 -0.105630948833101
0.00485055373666715 -0.0277596295976402 -0.0767009980440068 -0.0634001681439566
0.00244322590079547 -0.0243281234118617 -0.0821060282060014 -0.0264305296661998
0.0117145304906123 -0.0257876654866258 -0.0912565564913843 -0.0010964422826374
0.0230873699046611 -0.015484626395068 -0.0990741840270302 0.00288097429447303
0.0243248963490819 -0.00793011501926019 -0.0943469807520473 0.00151080401992702
0.0287892666648397 -0.00490722870747066 -0.0877986743998086 0.00232219865373839
0.0441742937700163 0.00725662625598003 -0.0894757830077868 0.00923707968187304
0.0304528644960699 0.0368667495689054 -0.084500642572687 0.0640714875161668
0.00431095208678298 0.0517630050532866 -0.0898589154411332 0.127180918889944
-0.0436102792567109 0.0751711648708814 -0.110846187553531 -0.0139313931178059
-0.00767432038433142 0.0500684610065832 -0.0174488668870454 0.0191639006147146
0.0138173894565028 0.0312486986243864 0.0624042077290519 -0.0211785823056968
0.00439812985240641 0.0190775709962109 0.076946469961813 -0.0709844200655289
0.0150517941333141 0.0239517395276955 0.0296743493783709 -0.121005139779521
0.0311380422806722 0.0145332471756229 -0.0366496808070196 -0.113585543380833
0.0387212665924953 -0.00891979449877985 -0.0705896386023991 -0.0713171780682346
0.0359066639184616 -0.0163472643432197 -0.0733320606420402 -0.0326390486817743
0.0486210155689832 -0.0175987339944006 -0.0808920898804824 -0.00280123805497195
0.0556992790370895 0.0053158129510958 -0.0890170794799388 0.00508844761153183
0.0508693595981261 0.0229713134812811 -0.0899175229919128 0.0058937844174717
0.0391343227108513 0.0442301250184397 -0.083996528634222 0.0006732849580546
0.0310752636504284 0.059409497244365 -0.0785768615605627 0.00151686049388863
-0.00735077945451248 0.0759736261417863 -0.0618295262172115 0.057894426748453
-0.0486335220251372 0.0865604181081986 -0.0653356899016035 0.118968373925249
-0.0942273014425598 0.0941261662452151 -0.0699040256867954 -0.0349010077333854
-0.062166184285354 0.0760033194272294 0.0177017453811867 0.0136208328045002
-0.0254983912273039 0.079084210957044 0.0957224945299073 -0.0303904339029288
-0.00897713574301773 0.0738927191397225 0.0972775407404855 -0.0835321953030879
0.0263165640194215 0.0649526745221312 0.0365529436351412 -0.124831736560788
0.0519300696257042 0.0452955800841321 -0.0239740779546518 -0.11170979546154
0.068017312456503 0.0121101468290729 -0.0540374862606055 -0.0713220036400537
0.0639827793783531 -0.00564192061874387 -0.0532314552306851 -0.034230277053503
0.0775853707809082 -0.00889455127797562 -0.0593960345105885 -0.00310457983266963
0.0817845065823707 0.0221180076422037 -0.0682258884146622 0.00931672649004384
0.0736479106480389 0.0457202076663262 -0.0778137347067815 0.0166391404107554
0.0522864349477219 0.0829974720031022 -0.0804977279280283 0.00553290260320398
0.024222932587605 0.102705475385326 -0.0729005710695761 -0.00557101412593405
-0.0374254916657347 0.108603938852586 -0.0421519062914456 0.0397790484222825
-0.0913233835668678 0.110365478744231 -0.0314489854966043 0.0968826673260663
-0.129372552965535 0.100571262724619 -0.0178618660762388 -0.055667102867607
-0.107464481861483 0.0950784452167327 0.0603277676790644 0.00615836323650615
-0.0612709699237586 0.122415509637273 0.128612247983635 -0.0352553296313087
-0.0175184569700937 0.124781900975204 0.116924306436659 -0.0880833457141317
0.0388293464912073 0.10047118845469 0.046541816505632 -0.117550884505345
0.0688177843434934 0.0678884350439413 -0.00318041566061738 -0.0989698258707729
0.0887571989064786 0.0301125723006227 -0.0283768160609852 -0.0634082671218546
0.082437028065684 0.00503664265303916 -0.0263101931059112 -0.0310092822034661
0.0936014753442209 0.00112613674464901 -0.0306303623801378 -0.00135790526077465
0.0942111158775598 0.0357631591314127 -0.0405708616014265 0.015545028892032
0.0848011938204948 0.0613174450032706 -0.0599316521128255 0.0289835393221695
0.057969317318658 0.108699774848513 -0.0746748724719771 0.0122808839161902
0.0148485838693042 0.131899185893326 -0.0672616601690226 -0.011804074789237
-0.0624702973311339 0.124967828978564 -0.0264535295110809 0.0146985657053254
-0.121310493521221 0.115287494795521 0.00682911019859297 0.0653387276691374
-0.140517337014356 0.0925346725841643 0.0357753937140953 -0.0774568151772042
-0.131902691954701 0.098026660076038 0.0994504872417106 -0.00954952612010802
-0.0837037325181017 0.144065963925748 0.149150165451229 -0.0397571713301133
-0.0223686775807516 0.153276377552547 0.126934390976637 -0.0827514858287407
0.0465276820104228 0.118969646326121 0.0590714770210731 -0.0966490876862756
0.0761141029015406 0.078953184878657 0.0232453986858445 -0.0770866797875417
0.0965825149250576 0.0412908559215667 0.00335282339342959 -0.0503905664554889
0.0881872763686309 0.0153751585048917 0.00490237364613784 -0.0235715512805651
0.0961304426139173 0.0125085998763614 -0.000280020060574048 0.00481497794932704
0.0913137294122165 0.0485038864179092 -0.0111228712860434 0.0245751406568859
0.0789106883670785 0.0738735395047874 -0.0397281428872795 0.0424563349793395
0.045270070790823 0.121584283830337 -0.0663964465896111 0.0194086443736631
-0.00534238318645783 0.14084957101666 -0.0612766123544869 -0.0175105182280156
-0.0854619067857334 0.119897625894215 -0.0122261472449154 -0.0102351933777411
-0.136601623137935 0.0988756298652396 0.0450813869692346 0.03408238304611
-0.126043520663756 0.0706759108484381 0.0811646923180975 -0.0989767963178827
-0.130314735378481 0.0809383359757824 0.126531442701489 -0.0326220876292363
-0.0896798567002019 0.134339075217677 0.151031128571608 -0.0418714961656433
-0.025341010396298 0.148613291294012 0.124996796788896 -0.0674630267699469
0.0434563139678325 0.114030968957744 0.0702537317344559 -0.066970163374068
0.0690606481104844 0.0755614693912448 0.0521392435974487 -0.0501116418035202
0.0886979354039745 0.0448982453703314 0.0371798313788104 -0.0347301636110512
0.0809686193658768 0.0221609329275346 0.0345944305826012 -0.012751283646499
0.0847371529295247 0.0230797736714495 0.0275607595984306 0.0157486606405862
0.0751094696644436 0.0574694554535015 0.0141844822764393 0.0379208888173331
0.0579204053403126 0.0803136837286396 -0.0236088624515524 0.0579838152034917
0.0181042604295971 0.119763129474346 -0.0576369490639995 0.0275688333586544
-0.0336551654295337 0.128498219586872 -0.0515286384858858 -0.0190118690124108
-0.102589505574427 0.0912889359513242 0.00167177472482429 -0.0266146335556599
-0.133652012615474 0.0633720222930289 0.0800445231874524 0.00929738187885812
-0.0900593922839987 0.0359723742745229 0.107822237808762 -0.113732005400318
-0.106065105720831 0.0486937670243681 0.134544160055559 -0.0553760643524621
-0.078921340977961 0.0998424526390019 0.136225499422528 -0.039785759571639
-0.0264751477854601 0.114937602542293 0.113364689061435 -0.0459661250760999
0.0290894085091731 0.0887892516436234 0.0800412656011199 -0.03607053007632
0.0481421190087373 0.0598712330033969 0.0766668252476102 -0.0257761458554484
0.0644259476229062 0.0416096258664678 0.0654030535521403 -0.0201194182211036
0.0605779578096439 0.0257182527578029 0.0583263107064063 -0.000105148782789492
0.0622159110493318 0.0299542010998034 0.0485342178717557 0.0311498298727424
0.0497793039795876 0.057404744962537 0.0301531044619744 0.0569845511511442
0.0309004298713322 0.0745872470732215 -0.0157973801428826 0.0754394047687478
-0.0114217243473167 0.101149257578372 -0.0528844496250237 0.038153781164473
-0.0575062420796293 0.096241527296323 -0.0424251024308314 -0.0135021494125486
-0.104942130930705 0.0485750684119204 0.0148133629932006 -0.0303174639120504
-0.110633026037871 0.0183771152437337 0.108895896040167 -0.0023380333649015
-0.0410410697709818 -0.00774599108872567 0.112719223760109 -0.1196341964551
-0.0679013620492558 0.00692245694174617 0.121730809639501 -0.0703582839566657
-0.0572386161744658 0.0493851399276114 0.112843759959326 -0.0295636950274836
-0.0247173780558122 0.0626246582587839 0.0998803597325832 -0.0235807252342811
0.00754903964113354 0.0508749745933491 0.0874949002233762 -0.0114965103543751
0.0178970281317884 0.0377608907827416 0.0929447755562592 -0.0090329454592614
0.0293596179919672 0.0336557391418324 0.0839220664277707 -0.00843876812602033
0.0316452892936639 0.0249390845502713 0.0712214722833329 0.0118768322178946
0.032440827749583 0.0278113323469833 0.0610368037016744 0.0475193036182745
0.0232658686610561 0.0443454847293955 0.0355584442696371 0.0764693426177944
0.0103330422586649 0.0549594447930622 -0.0161385025332948 0.0925209091890717
-0.026468496647398 0.0705721867359023 -0.0525369866663427 0.0499317994355733
-0.0627400849341692 0.0550578594766193 -0.0374380760704202 -0.00112130887743298
-0.0856912956078341 0.00617027749347356 0.0210620275605511 -0.0232898832260059
-0.0690364410867466 -0.0239604121509366 0.125389903258967 -0.00179034291415008
0.0133263788643768 0.0464891438949795 -0.135132614465942 0.00372348040709983
0.0433643707567713 0.0192837073011246 -0.0402158766420179 0.0299081828290571
0.0484799724317991 -0.0132133428023827 0.0417695945510834 -0.00422055636320475
0.017738523742807 -0.0283940671204608 0.0668245264042357 -0.0552378717679205
0.00683742925657135 -0.0147335625428485 0.0287593541406757 -0.110950689792119
0.00976788305962377 -0.0156212295232508 -0.0411438995793066 -0.106492713768333
0.0044677660021511 -0.0273393890611953 -0.07435748340413 -0.0647151273336648
0.00235690631533745 -0.0242242872612742 -0.0814599257396057 -0.0286610889880566
0.0117180076664301 -0.0254027684315483 -0.0905056785206485 -0.00222421074281298
0.022860676179364 -0.015522348920539 -0.0992038332907638 0.002388523448778
0.0245140723278518 -0.00772484162943324 -0.0958363578757848 0.000402091912906493
0.0286916768868805 -0.00438348112337949 -0.0896229789110535 0.000154850818936071
0.0448012253831137 0.00746284126776707 -0.0931254018237978 0.00711649107582559
0.0303695172077242 0.0368893755995642 -0.0857258533285522 0.0617890321701815
0.00351040086871695 0.0515685673430134 -0.0912881335237636 0.125804901035861
-0.0434348367238124 0.0747763568386785 -0.110946293515619 -0.0166396173318311
-0.00788767239105848 0.0499307563546275 -0.0174462661340723 0.0194564346900808
0.0142403483055199 0.031335958118994 0.0653210084339111 -0.0199372664962273
0.00368328794203632 0.019346658208791 0.0808424451386518 -0.0711290630240921
0.0148978625362323 0.0241048084764945 0.03313092854846 -0.121374859744125
0.0311866476072474 0.0152133180341215 -0.0341705186773018 -0.114274497371516
0.0380309930298954 -0.00832308423413988 -0.0681499001232427 -0.0720856658039001
0.0355866786063447 -0.0155303637536637 -0.0726212884879557 -0.0347563644479505
0.0477249149630963 -0.0167384315037155 -0.0802939971419781 -0.00385818222464106
0.0558616415150697 0.00601682935790928 -0.0895663390846447 0.00452197353567414
0.0507254467923952 0.0238431063314992 -0.0917040535074557 0.00579876093683004
0.0383833296926425 0.0450252632199122 -0.0867483266540547 -0.000681545928644551
0.0305475235006059 0.0590231178612192 -0.0814946042066773 -0.000266568548609678
-0.00807654480194758 0.0759896987215009 -0.0636371295759123 0.0551396469286978
-0.0490753841256649 0.0859357177457183 -0.0668955631244209 0.117929082895402
-0.0939583164183561 0.0926407998775119 -0.0699955832437979 -0.0368585851193826
-0.0624230016877446 0.0755228456954143 0.0189332682691092 0.0143449144722361
-0.0265018289963736 0.07904932356981 0.0993812879536786 -0.0291758415373621
-0.00981464249718257 0.0741524476325822 0.101277150516957 -0.0837571130259238
0.0257929694211483 0.0661338835123542 0.0399072505872395 -0.125433126283164
0.0518485517938209 0.0456018692691396 -0.0215687323175421 -0.112002760535835
0.0672987752797617 0.0124587746765887 -0.0521335512252559 -0.0713570831222552
0.0632098645493017 -0.00466887029218795 -0.0522265436676677 -0.0363093923968531
0.0765192135648013 -0.00799223342615111 -0.0587076682152276 -0.00352293043883106
0.0811320196370287 0.0225322421121426 -0.0689740126343703 0.0103279165459118
0.0729982485690402 0.0466609182396437 -0.0795122921653942 0.017099008577712
0.0515857407734414 0.0840563155707008 -0.0830574375953473 0.00479767736778033
0.0228372195993427 0.102979070421621 -0.0753698507371909 -0.00714815521788642
-0.0380868350973008 0.108084542446884 -0.0435737451496598 0.0372761403286154
-0.0920264603277293 0.10911866389051 -0.0321667285478517 0.0957063977772668
-0.128863685997899 0.0981354451497911 -0.0176150382369051 -0.0570947757526977
-0.108480272976229 0.0939650506377769 0.0610562646365503 0.00721912441430515
-0.0624297539882223 0.121358124547216 0.132806814899623 -0.033620905424857
-0.0184610052528051 0.125721329835917 0.121097745292454 -0.0886887178440691
0.0380618406162709 0.101176933377166 0.0495317493769984 -0.117320118295949
0.0684019679716515 0.0688243222771696 -0.00101353306297335 -0.0992059376569785
0.0876872051069611 0.0298326220532769 -0.0269396037386568 -0.0632930764834884
0.081482785010496 0.00681552400505692 -0.0250847008795008 -0.0324103602069412
0.0923358938594072 0.00231343978841604 -0.0306337288088535 -0.000999753180855151
0.0942784007848939 0.0363173777989483 -0.041859742955741 0.0166679074171932
0.0839517678386775 0.062985248396077 -0.0612809522996604 0.0301564557160551
0.0572304205429511 0.109371443171772 -0.0772237819278846 0.0121204282758802
0.0134761100772976 0.131684796364875 -0.0700712162743158 -0.0139588727861724
-0.0640202262752152 0.124430140491778 -0.0276997614805152 0.012472752612269
-0.122474130555141 0.113873115898601 0.0066305979628278 0.0651710950677149
-0.140441872855039 0.0906603545650316 0.036667759509797 -0.0787403025837192
-0.133242643797067 0.0961213022895215 0.10091289917959 -0.00796619080896943
-0.0862855506897073 0.142775659164841 0.153498994462244 -0.0373497119531085
-0.0249105392747767 0.154151373276465 0.131811020082762 -0.0820065648352155
0.0449780263094132 0.119787828952384 0.0620831684298705 -0.0963856719024377
0.0749165114894341 0.080260612701473 0.0251217585975918 -0.0775156170197585
0.0953132276610715 0.0415319438017298 0.00515364606360756 -0.0496871402776472
0.0874409012659722 0.0160582014544904 0.00559832085918005 -0.024397767391309
0.0947352695512002 0.0137231617068605 -9.31562361512608E-05 0.00527146181784119
0.0913933783025643 0.049155364543879 -0.0122352344955688 0.0252641125020617
0.0778640129091069 0.0747621755980558 -0.0421260367185742 0.0443322442956919
0.0443302286726293 0.12234580440084 -0.0689470162997418 0.0201478173147014
-0.00674397657366214 0.140886093225427 -0.0636089523071452 -0.0191932730507313
-0.0868417388406412 0.118799173330994 -0.013505956850214 -0.0120161568532992
-0.137182400606632 0.0973242477017889 0.0450601904122176 0.0338368821433888
-0.126179098493892 0.0681410898147689 0.0820045031898988 -0.0985894770656238
-0.132127150971072 0.0794974943185685 0.128489598604392 -0.0307348806754141
-0.0925795798822734 0.13386272347937 0.155478595064595 -0.0389606869184489
-0.0274892081205723 0.150465779377741 0.129627445738369 -0.0671811866638367
0.0420641012989551 0.11582809877052 0.0734539684535202 -0.067018230392267
0.0681404555725232 0.0771964049190764 0.0539848399481011 -0.0507759886972799
0.0873183441388202 0.0448090058259209 0.0376435719929385 -0.0334746210890157
0.0798677579987053 0.0231302262746057 0.0348248521224439 -0.0126787676425191
0.0831466645255034 0.0241565035576952 0.0274347996893905 0.0167623635131221
0.0741530063474279 0.0580896028688733 0.0122590268881099 0.0393360633842464
0.0567856076176429 0.0804856492271013 -0.0259665088443441 0.059917655476658
0.0164071084053219 0.120340688352286 -0.0609713237027147 0.0289137210601823
-0.0356930292353444 0.128142631202429 -0.0544583156583121 -0.0207521325164959
-0.103430195951262 0.090322665688011 0.000426139012351991 -0.0283137416016515
-0.133828148686939 0.061612803153766 0.0806193091253271 0.0100320901143861
-0.0904996710620275 0.033971317606544 0.109953637314341 -0.113065432195204
-0.107786105403159 0.0477358239089189 0.136510341012041 -0.0531364483842209
-0.082289554311822 0.0987620722984539 0.139935948041135 -0.0370225266954946
-0.0282225278154052 0.116203755580381 0.117118565937716 -0.0451672365653776
0.0280542756926959 0.0896401926929283 0.0824350947405202 -0.0351305464021935
0.0473533376662877 0.0613734359179078 0.0778784942473389 -0.0264134820966985
0.0641041295980097 0.0416205867749876 0.0654935841426525 -0.0187092607503501
0.0599279940776723 0.0262325070402438 0.0580554391722919 6.61952305785568E-05
0.0607709512530808 0.0302268726134715 0.0480187529111103 0.0325869397385166
0.0492664399536779 0.0578657253099351 0.0276880285981587 0.0579354210129186
0.0301462724689765 0.0747551370387551 -0.0185038338213309 0.0772664793182578
-0.0124017902143459 0.101497247481799 -0.0561201199748343 0.0390597396525607
-0.0593924768612399 0.0959425505225759 -0.0445373026336354 -0.015236872753196
-0.105113491162502 0.0476575706491949 0.0144575096485053 -0.0315686130549664
-0.110069108787211 0.0172687173079137 0.109126715537178 -0.000939779881125163
-0.040537924254905 -0.00898947501839187 0.11467333322336 -0.118423566256388
-0.068501563086035 0.00566029155581288 0.124094773208878 -0.0677020239528831
-0.0586758843574792 0.048933584725123 0.115156993081417 -0.0271880123195859
-0.0257753353205425 0.0637051770052205 0.102654016594261 -0.0220234753781487
0.00680606477644463 0.0513597577180887 0.0894760542420487 -0.0107735300788985
0.0164363981068218 0.0381575960885845 0.0941558438561583 -0.00900125282966116
0.02887528252567 0.0335481203976636 0.0835304545763532 -0.00745302181510517
0.0312387141530651 0.0251248045410862 0.0712683785662233 0.013334859517424
0.0310287722355377 0.0283107287607607 0.0593040844766446 0.0494228771228176
0.0236764877444928 0.0439566582483201 0.0325817775663904 0.0772172619500354
0.0100509134903281 0.0548316787963075 -0.0192139040239484 0.0935163944612425
-0.0271280930408123 0.0703400913300585 -0.0558337497966313 0.0507441860821182
-0.0641911165588423 0.0548515394005289 -0.0393543947842226 -0.0018848099627677
-0.0852469886407197 0.0046408994777112 0.020641857748948 -0.0236679153309451
-0.0684732527245945 -0.0255408705741189 0.125939897838217 -0.000340834931923932
0.0136359971730671 0.0476360796016151 -0.139097939933461 0.00255020605771515
0.0457871958097891 0.020240275602203 -0.0409808723485696 0.0313570924333907
0.0508120895734552 -0.0137219679048604 0.045680257027968 -0.00442250687637604
0.0185112819751297 -0.0291113916383979 0.0719506285289763 -0.0577043955297525
0.00793120746592455 -0.0146800517800844 0.0314400788692439 -0.115405657658671
0.010128782240276 -0.0161578255482379 -0.0399902507677208 -0.109544754190481
0.00449292659209769 -0.027508549482816 -0.0750761734179228 -0.0680051730052116
0.00271024140634007 -0.0244624709152127 -0.0837089718046302 -0.0312259242757383
0.0119459572707539 -0.0258380050190698 -0.0925531757165265 -0.00241181734622682
0.0234247515410428 -0.0160765776156582 -0.103042890443445 0.0029107558289751
0.0253718079639215 -0.00806575804391882 -0.0997047253779337 0.000299650070001152
0.0301351440050056 -0.00458706659835304 -0.0942051759931404 -0.00115146155258325
0.0465857749267877 0.00768106157702876 -0.098453143283111 0.00540934364845413
0.0312574519462697 0.038202256323683 -0.0897633952453711 0.0615650694164377
0.00357683118376245 0.05298546300991 -0.0944759474935077 0.128357860979038
-0.0441305218200533 0.0763692579558925 -0.114076606910753 -0.0185470945917008
-0.00728950534073208 0.0517322402924207 -0.0169535846696268 0.020637608258409
0.014458695815291 0.0316742298225305 0.0707203697347699 -0.0202058641579669
0.00412873857533963 0.0204279677740836 0.0864701765279809 -0.0745304245537786
0.0157002617432005 0.0255257813354928 0.0364348399808058 -0.12578033904802
0.0327245158531731 0.0157654451573004 -0.0334708762760221 -0.117304244138074
0.0383532321121153 -0.00838006467409598 -0.0686695267286437 -0.0749126980951241
0.0359535839743954 -0.0153358205090847 -0.0738906734200622 -0.0374929208716564
0.0490865214354473 -0.0166782125619591 -0.0821427500477323 -0.00435703119486128
0.0574265635361219 0.00596358385894608 -0.0930422203574479 0.00540576705414823
0.0517933390240525 0.0246977303779464 -0.094954901550255 0.00624760056250385
0.0396680141862079 0.0473130051001263 -0.0912911630895462 -0.00196104553697912
0.0310464207166193 0.0605514209652008 -0.0873103887383985 -0.00169678958608084
-0.00818627700462382 0.078141345420151 -0.0661491596084771 0.0546338050205543
-0.0504554271260472 0.0881341680193377 -0.06853728362263 0.119971519937849
-0.0960830428114618 0.0945486484648762 -0.0720072705945387 -0.0395319026096608
-0.064119505438086 0.0776533690934528 0.020119835648827 0.0158439648098708
-0.0273121248655486 0.0805238413915325 0.105979395693336 -0.029434933341652
-0.00985708366545489 0.0767305110958213 0.10763314385217 -0.0877322089122502
0.0257600273534065 0.0686447343522686 0.0431591846232995 -0.129347466381791
0.0536514931889167 0.0473236411547002 -0.020381139528247 -0.115727861364146
0.067375936652516 0.0131987890702095 -0.05163517503503 -0.0735435821888612
0.0645508225435726 -0.00456241570524965 -0.0538517134948387 -0.0383360615519004
0.0780504160421252 -0.00774088215935542 -0.0601084142453491 -0.00382311372687993
0.0837681016666706 0.0235890695804922 -0.0716809963153874 0.0112292400306297
0.0747094809343763 0.0481476712715515 -0.0833738391396068 0.0184347346106529
0.0526004450333476 0.0869315949102804 -0.0881267264811489 0.00441931139551534
0.0228483986898695 0.105001910161705 -0.0812301199075234 -0.00896235489280894
-0.0396530304977575 0.110931726888074 -0.0462545000468081 0.0359310878536273
-0.0949348036293593 0.112035070717949 -0.0323916576643878 0.0977332263721661
-0.131843599541599 0.0996192021494091 -0.0177395129492861 -0.0604932924681938
-0.111600414705068 0.0960118595177302 0.0636832038903533 0.00873392599830576
-0.0653066769102449 0.124491034340294 0.140566708803172 -0.0334297828003589
-0.0197307184330025 0.129937130817574 0.128250772034111 -0.092253975688136
0.0387175238679694 0.104890866148582 0.0539011993071978 -0.121700969597834
0.0705766082381123 0.0713997901730033 0.000307402756641682 -0.102408299295772
0.0890017252325308 0.031147231071099 -0.0257924145662947 -0.0645043397221548
0.0833041265250874 0.00645525778478417 -0.0259255677764626 -0.0349974886873443
0.0942040589692197 0.00271569219515523 -0.0313030530170483 -0.00131930848539935
0.0967763762291274 0.0378632030550017 -0.0435636809537337 0.017936725763403
0.0859121544404476 0.0653654868839234 -0.0646395843465001 0.032735180577315
0.0580042121745898 0.113515914010356 -0.08227645027922 0.0130132873940084
0.0128737648011925 0.134958369366174 -0.0753671962898704 -0.0152572893975279
-0.0656451028286103 0.128017764383599 -0.0298900140049571 0.0104655920894897
-0.125592061766438 0.116488613952955 0.00694185766804648 0.0663534283015513
-0.143699098584273 0.0914774357042781 0.0378777686552943 -0.0812866128796814
-0.137692940595855 0.0984738934806089 0.104911698772109 -0.00696358381286917
-0.090221739974444 0.146317687152135 0.161854024198018 -0.0364610719439211
-0.0252288559870203 0.160193772834963 0.138951709288791 -0.0858819250823498
0.0461022732914986 0.124085064966411 0.066266575167871 -0.100016408327992
0.0768135946200586 0.0831757401335912 0.0275825326914843 -0.0806376322538425
0.0968900627852324 0.0423719709867197 0.00643362168906328 -0.0500923273249772
0.0888065923561348 0.0164802760088694 0.00532368030200609 -0.025722580030703
0.0961410034284796 0.0148151421836639 0.000124483677453323 0.00576542797410803
0.0930902829874818 0.0512755463291402 -0.0135893893236782 0.0274233707937979
0.0798421121534774 0.0769927180973613 -0.0444148154284678 0.0473554346953365
0.0453091938330295 0.126678865340447 -0.0735334538249315 0.0217341338998071
-0.00838535446789295 0.144589983966783 -0.0690506565582876 -0.0211358775008883
-0.0892340930036936 0.121633616050065 -0.0155485582626108 -0.0147283525863238
-0.141046227412267 0.0986533917489123 0.0468766346933602 0.0346379967021933
-0.129189030990307 0.0683416594612278 0.0844293865736356 -0.101457813020257
-0.136662840583457 0.0812537404611004 0.133681947853326 -0.0297107168436799
-0.0973715987779785 0.136961114445025 0.163821273278055 -0.0384696575221294
-0.0295248177060767 0.155710895100687 0.13695733602723 -0.0697405705029407
0.0422561040105095 0.118888944199701 0.0775438580952258 -0.0689360993885667
0.0696479811701671 0.0794458377685596 0.0562033388786914 -0.0530691720231869
0.0888440685910546 0.0460390212080706 0.039997457097581 -0.0335253234474311
0.0817362869527614 0.0242380663531057 0.0359312572950449 -0.0139751075518733
0.0843108725734694 0.0254733921363251 0.0276369812658173 0.0181676319148381
0.0760755692329549 0.0594962932472377 0.0111543675843024 0.0416613539891552
0.0577988415182275 0.0832968402137644 -0.0283717561301804 0.0636450620617598
0.0166614100016333 0.124527994114698 -0.0651551898121916 0.0300458426139833
-0.0381300207547237 0.131996079538169 -0.0590329395160775 -0.0221123756563404
-0.106745491654182 0.0919887108930986 -0.000624584761700328 -0.0310972281723272
-0.13783083100933 0.0624603765034721 0.0827262842018493 0.0102548344323971
-0.0922707265318364 0.0337221215127222 0.113440382168348 -0.116292336116577
-0.112055708152097 0.0481487890608165 0.141289816582954 -0.0528696269468497
-0.0865207910773252 0.102354323680955 0.14782889884859 -0.0365822611149471
-0.0293837853503555 0.120690620898124 0.12364863461815 -0.0470781701788959
0.0280608847962898 0.0924300208941024 0.0864010943612275 -0.0359040830143682
0.047916917641421 0.0633541002509383 0.0812802422389088 -0.0276680803033617
0.0651840762577323 0.0420984797866101 0.0677673977363178 -0.0186616140131984
0.0608929131466904 0.0272147159257528 0.0595101110590993 0.000880576131808043
0.0612739556785955 0.0318076668820943 0.0482719680611502 0.0347936587780719
0.0510205813004564 0.0594385131992651 0.0266112868953227 0.0607691834676985
0.0304637961828164 0.0769265536149407 -0.0210663647041604 0.0817569503421266
-0.01300541966371 0.105491230722409 -0.0601580388630447 0.0413948050445249
-0.0620345070593732 0.0984858390574367 -0.0485351512763704 -0.0159469674278222
-0.108344775831499 0.0481583237395602 0.0131472204094457 -0.0338140602689139
-0.114309370789704 0.0160155985438817 0.112554321758536 -0.000600491575211247
-0.0418194149005819 -0.0107034485068654 0.117895340590986 -0.120369974091346
-0.0720936683614183 0.00528232895206153 0.128927554310447 -0.0683585332795801
-0.0615911166326855 0.0502347582916541 0.121012111433743 -0.0258425754621768
-0.027514336054296 0.0662864896749951 0.108472678437877 -0.0227873103291871
0.00714734495723468 0.0525703139796459 0.0935039493133129 -0.011136076449365
0.0167989022452052 0.0396892097376815 0.097584767630478 -0.0100295620249702
0.029810611373024 0.0342102566599161 0.0855880576726794 -0.00677347164689563
0.0320803498870855 0.0260107651899035 0.0723621450881234 0.0143528540985169
0.0312500262831368 0.0285022693456604 0.0597574247489076 0.0518298508215465
0.0236150861761035 0.0454365447938354 0.0315274837163598 0.0804385107663268
0.0104496213961 0.0564836696992462 -0.0217871001556709 0.0977751111632767
-0.027753577224113 0.0727833440108376 -0.0599629457213843 0.0535430958093288
-0.0664858542997044 0.0562473714428599 -0.043037302216749 -0.00271990415639431
-0.0883055132533811 0.00416110378404652 0.0208387322827557 -0.024675660756701
-0.0708791443405913 -0.0272048226593298 0.129873227677834 0.000653343856203569
0.0188221416801627 0.0482980482752235 -0.147370806649993 0.0101555927189468
0.0491700969792927 0.0165247113819317 -0.0407310571631703 0.0388762192194992
0.0509098798095574 -0.0214450435235235 0.0498888693745204 -0.00313967944725707
0.0158680927136642 -0.0332445398593872 0.0738756449449041 -0.0643130090393738
0.00631429312344418 -0.0175312472205026 0.0263161205512534 -0.122588859806322
0.00798110166725371 -0.0179028945158232 -0.0473108777744918 -0.10960077045557
-0.000122209848850097 -0.0287040354081625 -0.0805717007278992 -0.0630714235591344
0.00019146660561875 -0.0244858152352586 -0.0889763739656014 -0.0264158504829432
0.00985266264029782 -0.0278365516865555 -0.0986159889142674 0.00474079543614552
0.0232591173932849 -0.0199130028552466 -0.109788958779326 0.0122410116382509
0.0255427966860563 -0.0122589532943167 -0.107830892729818 0.00883500675638676
0.0308644257294699 -0.00927360624093078 -0.104105197412922 0.00650080919858983
0.0498388931136576 0.00105092156172851 -0.109464711662169 0.0133596043822682
0.0364043511559481 0.0351148490645294 -0.0925803466103472 0.0676512449622372
0.00693705715871924 0.054348574401872 -0.0896499566430496 0.137528054667063
-0.0364793736119376 0.0834153326224443 -0.124605838877715 -0.0169497977235401
-0.000594223101328138 0.053339872954541 -0.0186564320362332 0.0220054562188744
0.0194013627129513 0.0291042423365648 0.0707568653583572 -0.0257157105383697
0.00728387930061621 0.0183102324216246 0.0840686078266417 -0.0851540159982198
0.0181661905319308 0.0221920040464803 0.0284183537329749 -0.132474330427417
0.0330664473746023 0.0121923893068814 -0.041987914282042 -0.117740147627908
0.0365879453951046 -0.0125863617439586 -0.0764832866779598 -0.0695407851085555
0.0346249725976692 -0.0179734205363427 -0.0792655126338966 -0.0333823067511593
0.0479397442733673 -0.0221270004612385 -0.0869399945119636 0.00223022145660112
0.0599403613934974 1.54172043587359E-05 -0.0997309671733885 0.0144323386764834
0.0552675271023251 0.0189693505990426 -0.103374730911738 0.0152019854942529
0.0463295441035344 0.0427179393758107 -0.102258705537504 0.00424826996154319
0.0386084983202904 0.0572318279327454 -0.098298119509144 0.00199752156374864
-0.00200447176062979 0.0812412957108099 -0.0652379666327685 0.0571046065977752
-0.047750849860374 0.0965277351476211 -0.0590660438317291 0.127089424572156
-0.0864929074284577 0.10616462055299 -0.0831299804428328 -0.0456385807316855
-0.0556305075943012 0.0846678668311728 0.0186223522541369 0.0115274761230002
-0.018250763529503 0.0836766473410584 0.103805346816932 -0.0419050314568736
0.000345213001211405 0.0777216610986928 0.101706928133905 -0.102775697662107
0.0324495572801349 0.0647692474747043 0.0319345580054076 -0.136676185317498
0.0574010036427211 0.0425821689425499 -0.0308928665724859 -0.114971235863348
0.0699074831622704 0.00566731825716825 -0.0615374098408559 -0.0689471705768407
0.064141446161021 -0.00906781273234711 -0.0584476688250869 -0.035371320104287
0.0778538401413821 -0.0154850249621976 -0.0634780138318297 0.000899743229699861
0.0889714859088535 0.0151327260761713 -0.0773907497215006 0.0192072290708937
0.0813152749629475 0.041070952694245 -0.0904057936291878 0.027724892223816
0.0643145937169466 0.0825874222371472 -0.0997868034504976 0.0102272906186227
0.0342816100401058 0.104854318994318 -0.0929113746924669 -0.00799250951874788
-0.0322653002691804 0.119262270314339 -0.0422737944406382 0.0355917922138224
-0.0933353500770079 0.125965137355177 -0.0191568104154547 0.1016434491792
-0.121935801059595 0.114777148081311 -0.0284880849491553 -0.0724933452127607
-0.102824556691363 0.108264579337916 0.062300062834914 -0.0015672337114441
-0.0520534457026101 0.131956008406523 0.136139231216889 -0.0519850155331705
-0.00358323601647167 0.133339903697724 0.118033711826062 -0.110643806277255
0.0492940036589182 0.100660580602746 0.0411923301404114 -0.128177212516207
0.0772487225146519 0.0657890887826049 -0.0103755226390376 -0.103326776136623
0.0942838576036859 0.021450537512481 -0.0362563896439577 -0.0609119152823138
0.0841124996066011 0.000593137705432906 -0.0292244299691521 -0.0332884827598658
0.0958910464157947 -0.00643325978715335 -0.0332134535631839 0.00165011233200356
0.103326735607696 0.0285047172979964 -0.0483200414102838 0.0249335301828614
0.0932026894347778 0.0576378273982959 -0.0696244140132642 0.0423127659870559
0.0718035090696508 0.109689550427157 -0.0933007705113381 0.0192729625667298
0.0266836142776793 0.136958409927606 -0.087813180257569 -0.0166709419478231
-0.0576443689969454 0.139592083934158 -0.0248213310405327 0.00636576656741438
-0.125169033384653 0.133333767943893 0.0228531669565329 0.0668387555424599
-0.13528644089952 0.107196318378641 0.0282602254556209 -0.0983855733066905
-0.128781335942726 0.112526683970494 0.103714436958629 -0.0221328133905415
-0.0751838000976289 0.158303204778609 0.155897640439199 -0.0597643318059361
-0.00561467313286659 0.164499816385213 0.127480952707321 -0.106248354881786
0.0592877082651821 0.119689660074757 0.0546105167911881 -0.10689281963652
0.0855576635976258 0.0767266415152199 0.0184245258606812 -0.0819800096440599
0.103716707708439 0.0318020779133658 -0.00284021767471137 -0.0487892587096715
0.0907535400791397 0.0100634159119524 0.00385235272409183 -0.026206005780653
0.0988770299685565 0.00525453390480838 0.000225796207861362 0.00654699681802922
0.101955555234815 0.0430470972615576 -0.0159008410672597 0.0321081102922552
0.087791198765178 0.071059870269199 -0.0475765247105785 0.0559900300099347
0.0602338412336939 0.124705439986721 -0.083465225565189 0.0273800278379785
0.0057171944496523 0.149341023464784 -0.0796046882359727 -0.0233221528207829
-0.0829804910911296 0.135449125921355 -0.0106559428528655 -0.0198813107750434
-0.142899048655663 0.116698324774622 0.0634377764503826 0.0325899970759304
-0.123779644453401 0.0808988602449515 0.0775377270080799 -0.119762592247032
-0.130501313629781 0.0948607695918331 0.132373584426914 -0.0476940610814664
-0.0835531796738412 0.14932951585397 0.15869456330944 -0.0616532871508476
-0.0105581224878452 0.161440074946828 0.126059335420501 -0.0889960699858686
0.0555100119704238 0.115578401573092 0.0688056932794586 -0.0755002335937193
0.0780048098384334 0.0742156642594286 0.0508343097410811 -0.0569148962082415
0.0964329106541181 0.0359840661964791 0.032634988768514 -0.0350497347308579
0.0842974093342984 0.0177626013950464 0.0354009606432312 -0.0165591407430602
0.0881600784278246 0.0178411641787622 0.0296980711676522 0.017298209061398
0.0845634691725007 0.0535751570941135 0.0114789831059112 0.0449172918654566
0.0663220624213706 0.0787105604890654 -0.0282436525651512 0.0719128750363161
0.0306173011944013 0.125782732380294 -0.0730430577584489 0.0358352737808115
-0.0260937786676146 0.139048424116646 -0.0677457123754899 -0.0251638265384716
-0.103310789929857 0.10634914491331 0.00433902012034767 -0.0363949088684607
-0.142056288114686 0.0779708936460487 0.0987111558524166 0.00696494201260268
-0.0908339817703737 0.0411663782260744 0.108099783660569 -0.133492410599582
-0.10932498576177 0.0579318149979525 0.141380221528811 -0.0704731924679513
-0.0765385617711253 0.112773065311782 0.144290664676576 -0.0568692278575294
-0.0141862261761842 0.126147679013149 0.116910043194062 -0.0632863320459641
0.038592599620708 0.0901008316945257 0.0823789727275237 -0.0430048566543305
0.0553995610800612 0.0602893316585784 0.0795175034951098 -0.033693272247803
0.0720004798537249 0.0357940416015455 0.0631681005530447 -0.0229920639959614
0.0644998249468279 0.0226721830251072 0.0613550986146022 -0.00292795262651821
0.0648134076837322 0.0259315785100213 0.0533115163399829 0.0339534273256369
0.0574213095411564 0.05523250664755 0.0290435969265117 0.0637496942387013
0.0376663190071097 0.0751095696295823 -0.0189848371755561 0.0896133912211766
-0.00290275125824283 0.10901910094308 -0.0651994510389457 0.0464683835003634
-0.054704378337953 0.107383576568385 -0.054069504675033 -0.0189075726947843
-0.109627821046366 0.0605712072840411 0.0177953883616061 -0.0368732207034628
-0.120641554978145 0.0271676070680383 0.12619346122118 -0.00377686651716548
-0.0444234892246106 -0.0097316442183851 0.116131802281968 -0.134903805694182
-0.0736295708903906 0.0103535252817944 0.130221665127567 -0.082296754988402
-0.0583124513407951 0.0575117685252529 0.122721255969247 -0.040679285729301
-0.0192356054544779 0.0704574143184059 0.107544435678541 -0.0358602514358942
0.0135868114093528 0.0517784752382735 0.093982026987795 -0.0186976721726892
0.0212850518567411 0.0385613770873825 0.0986879829385201 -0.018196898533149
0.0350356488734567 0.0309986556969593 0.0836865379944171 -0.014109836872085
0.0348016229025097 0.0236065180587612 0.0758637398854108 0.0102853204158753
0.0353195052385928 0.0262836100696551 0.0659032956585684 0.0506395090613027
0.0290641587694797 0.0438773209025148 0.0367515067841888 0.0832917206943489
0.0145472090358521 0.0557892779512702 -0.0179490487279872 0.107051103160814
-0.020658511444547 0.0778794739795056 -0.0627346195604181 0.0596890837011791
-0.0637886456239793 0.064424435771244 -0.045931338905786 -0.00313777525346778
-0.0921175070556576 0.012752943639105 0.0238993365819148 -0.0265163705362704
-0.0785180276993937 -0.0220764290939918 0.140076532821793 -0.00221342459300852
0.0215924676537635 0.0487845885759318 -0.150408521691031 0.0171225548693633
0.0517516486731342 0.0143404588515993 -0.0384917863320134 0.0427334777507128
0.0515426347616156 -0.0249571389793323 0.0541533922385699 -0.00646189571951674
0.0148887240876052 -0.0353213866295329 0.0751544582420604 -0.0717594352006566
0.00622873783318123 -0.0182444430956004 0.0225570710426416 -0.128898038121123
0.00762767625460046 -0.019089479046635 -0.052221941323931 -0.110978629555007
-0.00216275351786508 -0.028645964785427 -0.0848106334069196 -0.0623139179065721
-0.00146575118984557 -0.0245637541512887 -0.0926068760103131 -0.0235557224973687
0.00882255631883948 -0.0290936661772365 -0.100521631783955 0.00993334273895977
0.0227814395074252 -0.0220000236222157 -0.113044745113382 0.0186848324945997
0.0255401645378765 -0.0146971955383856 -0.112377373809121 0.0148665515672288
0.0324632837787019 -0.0113598077955496 -0.10942061122499 0.0112266019093446
0.0508994520192466 -0.00284032372575501 -0.114779617641746 0.0195937679598777
0.039716920915247 0.0345950991665961 -0.0920292393979346 0.072491033649673
0.00979230274872048 0.0555572129188414 -0.0853818101678051 0.145027069816955
-0.0326722842716905 0.0867910429427923 -0.128672561826128 -0.0128477787149215
0.00199278875879704 0.0542312768469829 -0.0161240061443984 0.0249254325677835
0.0209181069358324 0.0283653261621912 0.0744296898772129 -0.0305059679276975
0.00854559943379392 0.0183142556557506 0.0840177754581265 -0.0933994387469528
0.0202320946985927 0.0221416861545536 0.0245524115006236 -0.139032141098333
0.0355333323127855 0.0107387625936032 -0.0480141663113826 -0.119113703111803
0.0361568076585759 -0.0143798922912481 -0.0797969641711385 -0.0690784112711127
0.0341217051437153 -0.0197535755254651 -0.0831420649110907 -0.0307533029193718
0.048436607613228 -0.0248688815952605 -0.0884338955208124 0.00612349053989962
0.0622002017216761 -0.00367112346746058 -0.102016675830637 0.0207210491298312
0.0578621723038558 0.0166185521399327 -0.106906768955569 0.0213149165718975
0.0501424121375651 0.0422284252875918 -0.108374881820356 0.010059330550367
0.0425328973454846 0.0562895633209032 -0.104278358064557 0.0070903613070333
0.00195615469020458 0.0837806804198288 -0.0651250263219794 0.0600909049504961
-0.0439872241403751 0.101289624154936 -0.0535003494551718 0.132817533833886
-0.0827352000387082 0.112497279876628 -0.087501526898311 -0.0434470356803263
-0.0523323235034065 0.0898835400499563 0.020824450043561 0.0116690565944442
-0.0146895812062146 0.0865407114305037 0.107047355410903 -0.0488946829833855
0.00402544994398852 0.0800590524096125 0.101591728557137 -0.112230780882046
0.0373804013468685 0.0651737117425075 0.0277133632418595 -0.143110277583352
0.0615583731484641 0.0404958590626856 -0.0361778751126443 -0.118135006821792
0.0706524481547232 0.00249219287728198 -0.0642312694754399 -0.0684890940869583
0.0645472931565522 -0.0130382294207854 -0.062178628461775 -0.0348276676889642
0.0791912905155448 -0.0194534172958275 -0.0651832029352155 0.00365899078932065
0.0918338870916934 0.0111149846719146 -0.079027071729344 0.0249088549173759
0.0850588470337908 0.0385903156313401 -0.0928596476787843 0.0349876021602638
0.0703697280812964 0.0821662400463825 -0.105128482210106 0.0164738427872176
0.0403861907843077 0.105229831521841 -0.0997008959093899 -0.00346454192456863
-0.0271098708155919 0.124086060821666 -0.0433852211466167 0.0360688776141889
-0.0889506901101971 0.133953361844489 -0.0138103886463584 0.104051992421158
-0.118822499581715 0.123114483303734 -0.0338466700966137 -0.0738137255231658
-0.0994727486667122 0.115975786837843 0.0652944196945758 -0.00380683704122614
-0.0469137075569169 0.138745293259949 0.140351908763189 -0.0613451099899767
0.00425133271456621 0.136834840562841 0.117486509359866 -0.122272337720395
0.0555921261271008 0.100991614479189 0.037498897375209 -0.135165908949254
0.082704016300963 0.0632896685088608 -0.0144892196498595 -0.106576503643627
0.0956306241613783 0.0171352804385474 -0.0374886506796472 -0.061504948460176
0.0855313573350449 -0.00324784743784226 -0.0320544178970882 -0.0339560893939947
0.0976448671479297 -0.0112701417603186 -0.0337582717735214 0.00302271614953094
0.10780347569989 0.024130989401774 -0.0485015886708817 0.0294620785817144
0.099012094493493 0.0548095356254685 -0.0703656740142873 0.0488734655233571
0.0800141811872733 0.109152903468961 -0.097617708094116 0.0261945248752589
0.0338747803965992 0.138863891495438 -0.0951757467474678 -0.0124588812276027
-0.0525560489024072 0.14660667102161 -0.0274779303765194 0.00612273602524787
-0.122234280647039 0.143450848267807 0.0270430581630775 0.0665385468028107
-0.132257334938498 0.115386039911066 0.0233198007243158 -0.103215401666043
-0.12686100712347 0.121564612982057 0.106392745488329 -0.026725374439249
-0.0699285714945681 0.166389941411697 0.161025783812314 -0.0701035562300857
0.00269195486567962 0.169996636658706 0.127820730185776 -0.117676398770415
0.0665969829272127 0.120414726685296 0.0523707642944811 -0.11337493683715
0.0921259639316586 0.0745329184143953 0.0157957168834387 -0.0867760073209491
0.106916355215055 0.027087389059771 -0.00299284347764861 -0.0500300321368673
0.093409005032914 0.00563855290769158 0.00184177957619658 -0.0281363108607078
0.101090273951545 0.00073895531521281 -0.000199160278835413 0.00681742052600898
0.106080119316899 0.038072795285209 -0.0155864272919855 0.0357278863051987
0.0939872338803233 0.0682005743529508 -0.0465022805263388 0.0625290313919562
0.0687365302869419 0.12580118002837 -0.0869751206121067 0.0340336314838314
0.0128653397838545 0.153135789498916 -0.087793820271383 -0.019926911667217
-0.0785324924447826 0.143229788535799 -0.0138816438652957 -0.0217249722603309
-0.140604233801707 0.126695884492303 0.0669585453271873 0.029212848018013
-0.122666227073734 0.0879059323850083 0.0732772796090536 -0.12740883721437
-0.129487277134313 0.103528689439927 0.135061525570584 -0.0544773891805109
-0.0791181519300168 0.158628577093463 0.162897241130914 -0.0719826273342537
-0.00192837426157182 0.16759617491996 0.127538667676403 -0.100075259057786
0.0621809341185426 0.116511417752188 0.0686019271060474 -0.082254370714648
0.0843541856593041 0.0730199975797839 0.0498463154164884 -0.0622423842012191
0.0995544377392133 0.0320090978757284 0.033379455771314 -0.0372040693496741
0.0870110579127059 0.0135753271009369 0.0354796455002805 -0.0187558432504367
0.0905818351457565 0.0136371086085479 0.0311732627713836 0.0168281565984531
0.0891584642995762 0.0501511649483403 0.0127762763199706 0.0478111837612955
0.0711906644005944 0.0778006556570921 -0.0264479486168937 0.0777895564205535
0.0379964840282679 0.128396509344139 -0.0755495283795218 0.0427964865789935
-0.0196970276975097 0.143655803994619 -0.0748519317741817 -0.0222628240866448
-0.101550944658352 0.11448740822263 0.000483554795091147 -0.0385315682705575
-0.14199001305477 0.087145186517195 0.101545359049742 0.00131059547767931
-0.0915217720340412 0.0455239788930642 0.104539053809543 -0.142203328307417
-0.110499872438984 0.0649030928341086 0.142301693737827 -0.0789090049415888
-0.0737422283214129 0.120902721637373 0.148438732867707 -0.0657605199858208
-0.00829223259503769 0.131591508553415 0.119018496578379 -0.072628589556871
0.0445055596507104 0.0910560362376086 0.0836055028546996 -0.0489732725718251
0.0594959604648964 0.0590580283300748 0.0801586222155045 -0.040060943796059
0.0747491784730576 0.032165547186392 0.0646662677733323 -0.0261562761796166
0.0669415111665788 0.0193882720935761 0.0614263910826657 -0.00611446425694998
0.0677376588776728 0.0240413391710201 0.0557969865355786 0.03357503489267
0.0617397508565387 0.0534267506183206 0.0321174406869879 0.0652325807194887
0.0423470513263777 0.0749826536593683 -0.0155092176169098 0.0955765866836354
0.00363315439868518 0.11354424212635 -0.066793605723368 0.0530130053525498
-0.0510004175774405 0.113541952195808 -0.0597469328902976 -0.0163204096744719
-0.110084478584311 0.0665120518671597 0.0139288760532929 -0.0398910576423667
-0.122898041710022 0.0338199163780945 0.129211368800609 -0.0113980038048325
-0.0471137094650832 -0.00878864746569759 0.112595380345451 -0.142970040368363
-0.0761726714389742 0.0144659766825898 0.129862281035943 -0.089938060166896
-0.0571198947121409 0.0629843729021595 0.126470866107435 -0.0478235175329789
-0.0160422815519854 0.0742935731183764 0.110509893619573 -0.0430666257614439
0.0164981735725337 0.0523630219298249 0.0972108922980975 -0.0250502052962872
0.023620943134473 0.0385103730896467 0.100584260899586 -0.0252672826712433
0.0369089952988362 0.0301180588269073 0.0857967067994602 -0.0181557570990722
0.0371820489279723 0.0222487861682074 0.078441286854043 0.00623967509702529
0.0369147382042631 0.025707093373361 0.0705057021715736 0.050092728614108
0.0318088628298421 0.0423142803809321 0.0398373802407882 0.0859669762684465
0.0181359734659853 0.0561389866793544 -0.0143567201284296 0.112607615704875
-0.0166816675492998 0.0816030115016916 -0.063160121496302 0.0658547733695012
-0.0622265242019097 0.0702613095190246 -0.0504537322097144 -0.00058679224465309
-0.0948042079217526 0.0170013105496216 0.021452768739064 -0.0286377463754092
-0.0823642126465337 -0.0191302355760392 0.143772433347352 -0.0096681760444125
0.024353844661099 0.0472255813281182 -0.149213933573394 0.0249266771503547
0.0528542350726012 0.0115197559320228 -0.0341318736951378 0.0450378268125311
0.0505693277471421 -0.0282680268777355 0.0558470446752421 -0.0103141779746491
0.0126959101760803 -0.0366592915816729 0.0731356042717955 -0.0782174843512593
0.00604726940484257 -0.0194422802434001 0.0165735255614819 -0.13200196217871
0.00624358657778233 -0.0200175082756719 -0.0569448947185085 -0.108769214138693
-0.00420743022992807 -0.0277234700463301 -0.087369795132947 -0.0589123610476536
-0.0033599133558791 -0.0237778927542043 -0.0935020606538153 -0.0190760809048869
0.00664753651286306 -0.0293048974620411 -0.0990261097329536 0.0152306254972821
0.0216860593512468 -0.0230660164433882 -0.111806744402967 0.0260905404448751
0.0243251506622356 -0.0163584391096228 -0.113158750534047 0.0217908901498042
0.0319642663454175 -0.0132913438256319 -0.111350655396893 0.0177557261878608
0.0510474797651175 -0.00648526608809839 -0.115774444816063 0.0269854142455702
0.0415046837174103 0.0328146419765378 -0.0889483985374352 0.075992505710558
0.0141360859603939 0.0547932485609202 -0.0762546833532453 0.148139041944736
-0.0270858067004601 0.0887183637557572 -0.129333480197394 -0.00672415954264803
0.00616368028939056 0.0540707509177045 -0.0131891403594583 0.0260587253665097
0.0233701717422694 0.0267558676475329 0.0744908976356024 -0.0358485270909098
0.00973715037792582 0.0175690894367086 0.080772310476219 -0.0997510494473444
0.0215261029257105 0.0210485499443815 0.0175128102176556 -0.141622886396085
0.0357822374370176 0.00817964909578817 -0.0532423041421493 -0.11714646044746
0.0341474711945394 -0.0157784911159419 -0.082627158805284 -0.0655292212262351
0.0319879668089811 -0.0216080594833945 -0.085071156759175 -0.0270577508950307
0.0455972635694865 -0.0273704186594492 -0.0878892903302859 0.0117566731271211
0.0614723198214051 -0.00714427280122682 -0.10054285592554 0.0281033753257348
0.0584072300605488 0.0134661313449975 -0.106825931301771 0.0284435292007806
0.0528614949358254 0.0391495490648617 -0.110132444417454 0.0163564892838738
0.0452685960505648 0.0527071635028755 -0.106676754641168 0.0136438040482301
0.00698359000552553 0.0840323568032846 -0.0630135652553525 0.061542864194586
-0.0374307309160523 0.10328995356143 -0.0454521541721172 0.134047475076732
-0.0747550746913823 0.116390611379596 -0.0907702261787729 -0.0392858339530041
-0.0470419238310626 0.0924236720289806 0.0234753771952484 0.0114769844958233
-0.00965022593044697 0.0867514373810656 0.107249800475038 -0.0560726190986642
0.00901757872263971 0.0798146671201635 0.096114324254046 -0.120075628848386
0.0405882148107828 0.0626510725541415 0.0217747677595574 -0.146257088672174
0.0636487541587583 0.0362976623302025 -0.0415351101838355 -0.116527515046637
0.069197573477938 -0.00136419554946934 -0.0661852848514038 -0.0653552837505582
0.0627637944198699 -0.015947840297389 -0.0646377315325653 -0.031627016393745
0.076719604256465 -0.0239459039867386 -0.0643309897066439 0.00752775391207455
0.092407337164754 0.00494545568907718 -0.0774430792873488 0.031648211155975
0.0871077131270694 0.0337112510419931 -0.0915745407724874 0.041363678033335
0.0755780111334843 0.0780284440673216 -0.10662225106527 0.0236457281660536
0.045698875466265 0.102544593711152 -0.102899521756414 0.00294129825748676
-0.0197269947699155 0.125608657731464 -0.0428351465444691 0.0367584475924613
-0.0801475676290004 0.138189609230094 -0.00818570235158427 0.103308560639328
-0.110259407694637 0.128136390811904 -0.0384085227477648 -0.072789206780526
-0.0927030753622553 0.120864583234399 0.0675444140601026 -0.00630181780684655
-0.0388145236426208 0.140900815987963 0.140358221871851 -0.07095679149661
0.0129008631324566 0.136623296463612 0.112578593276726 -0.131552394937538
0.0615874935831773 0.0978392965663224 0.0317589765217977 -0.138343360784153
0.086633282578396 0.0580999343908418 -0.0193762132300115 -0.106584603851939
0.0951507951361357 0.0116840288759105 -0.0387658691095083 -0.060096622304477
0.0839430292801756 -0.00859386633733494 -0.0346622414249872 -0.032661805516972
0.0954744590664388 -0.0165357236851032 -0.0333238832110099 0.00538169389227089
0.108489165890047 0.0172825713328067 -0.0467068751599661 0.0336792597795853
0.101530785417348 0.0492032029157494 -0.0678535478796517 0.05505550608611
0.0869093199199705 0.104872836888347 -0.0992322316737602 0.0331727503055555
0.0414570561787692 0.136215241727977 -0.0992189888974782 -0.00528210779265907
-0.0440404362840466 0.149285146260416 -0.0290328782287511 0.00580464410323363
-0.112447385319812 0.150153529117606 0.0312128276952561 0.0636106220133271
-0.125284157449378 0.120582874681059 0.0171590372533106 -0.104151504095216
-0.12084095913815 0.128438652792914 0.106331345189919 -0.0315743021429773
-0.0600992638861038 0.170089655365153 0.160030119263411 -0.0798405484145349
0.0131467518853397 0.170274504995362 0.123346821160918 -0.126913595211279
0.0730442439047055 0.116456279743887 0.0479085800168281 -0.117770081602046
0.096161736212337 0.0689921338237265 0.0111209613047752 -0.0888023991089658
0.106737998205048 0.021118533316883 -0.00387877610525936 -0.0501924835729421
0.0921772021468368 0.00043050644808354 3.94621638266095E-05 -0.0285229884460563
0.100001821204662 -0.0051165832012563 0.000463785976589852 0.00767430489755415
0.107605100769324 0.0312459533289632 -0.0136690839179362 0.038911307550492
0.0968550680927106 0.0632454554431672 -0.0427468764178952 0.0670989391204173
0.0765355015202976 0.121647809535589 -0.0873311526364674 0.0416708908227669
0.0218294074668212 0.15142802311027 -0.0926822247624528 -0.0133222846702065
-0.0698598483765306 0.146776810903758 -0.0174317182507656 -0.0225334710098567
-0.132560573225198 0.134611432463654 0.0682444476576444 0.0239555139534077
-0.116855274428198 0.0936099377976733 0.0653624315652937 -0.131380294224934
-0.124864410996327 0.110417882075367 0.132844164780515 -0.0608646504562529
-0.0705539153479477 0.163463310614408 0.16266219628974 -0.0816853715405233
0.00785097766859701 0.168259894864687 0.123194002717347 -0.108859303500049
0.0686207946522875 0.113100916045574 0.0652611421681845 -0.0868617618577663
0.0888458412100473 0.0677994986872044 0.0463870326772984 -0.0666895024295791
0.0995287911807273 0.0259561872002126 0.0334075505078061 -0.0393555245896076
0.0863751844967601 0.00844636701933669 0.0334292585368588 -0.0208922814617121
0.0904763917450576 0.00911133472865646 0.0319493969131781 0.016298957899118
0.0916544129397707 0.0446752760886737 0.0151360960275635 0.0488352129369391
0.0756564748343707 0.0738093757253685 -0.0223458969027352 0.0818363456384453
0.0465479823614229 0.126381842735961 -0.0756208851033297 0.0492667294785366
-0.0124229902656049 0.145432607662086 -0.0797213081352675 -0.0167417039494887
-0.0949258444610859 0.119827330104725 -0.00393064257049401 -0.0400020288613736
-0.137030163102594 0.0949964780854505 0.101522022482407 -0.00574796171457973
-0.0891754965471961 0.0491433227435668 0.0965401462731034 -0.147203611786109
-0.107743420887959 0.0712210219256088 0.139002336771331 -0.0853606880405346
-0.0679075864883386 0.125779647601711 0.14832101492568 -0.0737116941202105
-0.00142761017713465 0.132758975167887 0.116414453100251 -0.0805158058955589
0.0488476396212352 0.0891961265119316 0.0823847885844324 -0.0552306754916668
0.0632664248694804 0.0562670208895311 0.0779460164524061 -0.044983658494379
0.0752060817483325 0.0276556308283513 0.0642939723563867 -0.0295879347572147
0.0669570691860499 0.015173896138106 0.0606930888041837 -0.00984483664600785
0.0684271571690858 0.0200731406698351 0.0572835075516505 0.0307077077433391
0.064767077710703 0.0496663772498567 0.0349912788441039 0.0661582932895061
0.0462407541587863 0.0727839445949316 -0.0107089730958815 0.0984811667875672
0.0111112905011149 0.113495961387021 -0.0655655738449533 0.0591854694945359
-0.0446856017991845 0.116050233161891 -0.0649091094433483 -0.0116280216273322
-0.106879768145689 0.0726114975610036 0.0105802606757229 -0.0414953089105359
-0.121359889506679 0.0406243729000636 0.127970990739098 -0.018598985088391
-0.0484246377423536 -0.00733070248320864 0.104456564653352 -0.14815934002717
-0.0764078241447548 0.0191164510339979 0.125531675234641 -0.0952634184519938
-0.0541660134057623 0.0669033238106945 0.127309065334056 -0.0543452103385232
-0.0117961782535852 0.0768225087714761 0.109512242301776 -0.0501816975142711
0.0189530094777792 0.0516795727267444 0.0966681339563519 -0.0311257020561448
0.0255510204757017 0.0381866339779326 0.0994123908096385 -0.0317015427041089
0.0380607801220469 0.0272529696986136 0.0844921471342981 -0.0226027577932666
0.0385229963411435 0.019215127652248 0.078135188617704 0.00230511313151512
0.038086973545105 0.0231615854453039 0.0723429949793689 0.0470397164691178
0.0341220363149346 0.0400845850977494 0.0436280926806049 0.0854299844592821
0.0216421098075279 0.0548866000927178 -0.0088352016547353 0.115307189067662
-0.0112626445412979 0.0831116643445457 -0.0611470414483367 0.071477524868071
-0.0580253642295274 0.0739011020747535 -0.0532900850588269 0.00220028690611745
-0.0943946957994581 0.0212589044381462 0.0185333627381471 -0.0301761123803517
-0.0838318137376035 -0.0145220801361042 0.143008768717904 -0.01811995816975
0.0255070022322809 0.0459044589736366 -0.144424276704129 0.0283591409316322
0.0527362296815194 0.00907329381537267 -0.0299372644118692 0.0454692769891583
0.0484379265019818 -0.0300914349240363 0.056024922076624 -0.0130331287155875
0.0112885264290656 -0.0360409570342968 0.0697597743388998 -0.0815459704820106
0.00561794239877184 -0.0195415361820849 0.0124604964858219 -0.130428414856357
0.00551569025459604 -0.0198276127409461 -0.0578705133156135 -0.10553730085975
-0.00528500247312982 -0.0256896696207521 -0.0871468448561966 -0.0555489602940358
-0.00424591094166546 -0.0226779887906877 -0.0922950743341687 -0.0162738220759158
0.00532403513093748 -0.0283999692213737 -0.0956123481886713 0.0187244748523046
0.0197896532997497 -0.0234686496301671 -0.108358728278548 0.0305381316248963
0.0231756481330138 -0.0168925844753885 -0.111324050701788 0.0270154497841132
0.0310395408319031 -0.0145723120188593 -0.111167218250705 0.0221336935821813
0.0493823551380002 -0.00907948587690955 -0.11495448953876 0.0313845877513144
0.0420997945474322 0.030420526648731 -0.0854402246854703 0.0753906440572703
0.0157987032277926 0.0527710651580792 -0.0689206392710597 0.14630854976116
-0.0227276473848781 0.087463728582195 -0.12642514332846 -0.00325465298057029
0.00786597240297155 0.0521032885430233 -0.00984928911089786 0.0261708504913586
0.0239690178813217 0.0243168151366949 0.0738621576026545 -0.0391360625255432
0.0108214950972021 0.0164711608413632 0.0763509477999478 -0.103219787890592
0.0224208873043514 0.0195322760062626 0.0137672725335556 -0.140800896071257
0.0351537066473523 0.00601567553924126 -0.0547273941093293 -0.113306144832204
0.0320007515610129 -0.015319010744606 -0.0817511748208329 -0.0626413991400701
0.0298959692804934 -0.0214426903502137 -0.0839309150262404 -0.0246348797194671
0.0435517209611639 -0.0286350152464578 -0.0851256666357901 0.0146481979971123
0.0593022503220588 -0.00939821656930715 -0.0973094367589786 0.0322492248544515
0.0575105003659053 0.0108631504005155 -0.104912606809411 0.0337651600203608
0.0537034077866714 0.0360836886131782 -0.109956307228427 0.0217451408605078
0.0458431043113422 0.0489571066730241 -0.106622631743904 0.0185596133555265
0.00991422159325422 0.081537929103158 -0.0604401586608661 0.0607819641568514
-0.0327526670058518 0.102188188613171 -0.0396148878947816 0.13103325189277
-0.0680316927572258 0.115835401772692 -0.0905766055562179 -0.036273456847037
-0.0424476014636676 0.0919379667678837 0.0251359328227783 0.0103704352108859
-0.0057595898068187 0.0845097806787061 0.104961324866367 -0.0601138007821468
0.0122795088837586 0.0771671601015862 0.0909409185759884 -0.123979227855202
0.0424745891388036 0.0600331420976755 0.0179008032010253 -0.145395615665735
0.0639191686851552 0.0327459435299734 -0.0438330570321514 -0.113419734721288
0.0666805333832451 -0.00283938079110835 -0.0644612582710138 -0.0632335458808691
0.0598649757821405 -0.0170610780158983 -0.0644089888269966 -0.0293251920634487
0.0735208154592358 -0.0261398508630221 -0.0619482544482209 0.0099550055928698
0.0896505157800014 0.00127588444843054 -0.0738533925486783 0.0344765019507106
0.0861521827375593 0.0300457283728046 -0.088549232751612 0.0461812745198076
0.077104979447839 0.0735045240992412 -0.105944234658567 0.0290576052630828
0.0472573706403771 0.0977167273670763 -0.10292056776556 0.00841074873538984
-0.0151045447344926 0.123409468028646 -0.0426067497132418 0.0354685885895312
-0.072798618511555 0.137626017806645 -0.00363440980178851 0.0993140382310666
-0.10243398885149 0.128060520554508 -0.04049658257592 -0.0698611614556131
-0.0865293353247083 0.120966058484929 0.06648161183161 -0.00769087401550302
-0.0326968397921448 0.139214290286899 0.136810605659458 -0.0757251846320048
0.0179740781099304 0.132873536296774 0.107112668905598 -0.134762955424425
0.0633307264607907 0.0936773841643529 0.0281921101483733 -0.138421909910136
0.0867497085051482 0.0530216755593239 -0.0227409233423068 -0.10472514669267
0.0918331719725231 0.00863162367054891 -0.0373371881975523 -0.0591550387584327
0.0804182219949162 -0.0101026337989239 -0.035388105684301 -0.0308436418644282
0.091758988076703 -0.0198674346926283 -0.0324357843724673 0.00704752887262419
0.106182239693462 0.0117914368510354 -0.0441764582162421 0.0370190478380683
0.10054350905689 0.0446641682224017 -0.0646661120461966 0.0580637091070978
0.0893229867394355 0.0990556813924797 -0.0980249041346279 0.0389427314758317
0.0447665023071262 0.131590542938788 -0.100557745007521 0.000489155536221268
-0.0376404374474626 0.147219369773842 -0.0304820729923574 0.00498524304608215
-0.104105648935987 0.150580316766985 0.032875921409861 0.058747194451259
-0.117171533445208 0.120659454697612 0.0128773584886715 -0.102446964073974
-0.113428598286161 0.129602165497572 0.104710234184814 -0.0337648628486971
-0.0529818029794595 0.169146060306607 0.157341292268773 -0.0858326308490554
0.0198197137949048 0.165846659150534 0.116813402920659 -0.131378647549602
0.0750175091450383 0.111465254762749 0.0436108788263772 -0.11880081328908
0.0968325665290524 0.0636337198428169 0.00773910321564387 -0.0885511512066717
0.103334066125261 0.0172270609854452 -0.00314760161716179 -0.0501887535974346
0.0886516952463082 -0.00251090898445152 -0.00211239617577615 -0.0276036489546483
0.0965591823616379 -0.00797690741144634 0.000892747124813427 0.00829385828299316
0.105971180989046 0.0266837125148197 -0.0119671093005295 0.0404195706012087
0.0967034731788691 0.0586111619890508 -0.0396488284141525 0.0694466403656837
0.0801202456707814 0.116043168860032 -0.0866393221567247 0.0459411164372742
0.0260071471178054 0.146952354787609 -0.0941748256005217 -0.00758968687934542
-0.0632138158273277 0.146003056645935 -0.0204811891614113 -0.0223940420739814
-0.12410091148415 0.136228714244989 0.0671678528249607 0.0193269192706936
-0.111530766735494 0.0936966303695188 0.0591155261182688 -0.129506964058098
-0.118486464334047 0.112342863002111 0.129350060956887 -0.062989210912743
-0.0625846253579343 0.163742830654631 0.159053720113961 -0.0877681284780932
0.0138308376268385 0.164768772936104 0.118033398012548 -0.113427255811702
0.0705440867620298 0.108838843123513 0.0619562389748975 -0.0888498825371838
0.0888220938840186 0.0637160489965447 0.0429471470164154 -0.067905053165082
0.0968472387255185 0.0219180067291912 0.0327148395203269 -0.0403288441458702
0.0835956467245814 0.00477684766419258 0.0314481767505821 -0.0208867008090862
0.087570698145378 0.00519587439101563 0.0316426508877767 0.0151618666398713
0.0905026152504453 0.039457637001698 0.0161277057807524 0.0494285629905384
0.076532319711177 0.0694497544468994 -0.018444853982162 0.0830603363289712
0.0503353800111776 0.121570811980651 -0.0741988041274719 0.0538061006918835
-0.0065479574433873 0.1419344655687 -0.0821736166514154 -0.0114963132527516
-0.0885595090904672 0.11980047521933 -0.0072429064158569 -0.0404114320734789
-0.129903564148015 0.0974201313599946 0.0984219783981115 -0.0104507001455284
-0.0855610368037756 0.0499401703351395 0.0885592959690064 -0.146507876852459
-0.10445954694523 0.0738813708965481 0.134063199689381 -0.0869728704603409
-0.0616006336515827 0.126068374327556 0.145526588021884 -0.0787119372303557
0.00406977175052338 0.130899345689113 0.112056315917162 -0.084381243720823
0.0507438949109488 0.0854461494062608 0.0796526245245242 -0.0580227032992005
0.0634150432267908 0.0526069822830655 0.0747157720464346 -0.048300007988774
0.073453910797344 0.0237403076626063 0.0634117667567634 -0.0314715826869918
0.0658562304052025 0.0119577810160908 0.0586392157849657 -0.0111569775981565
0.0668425380733482 0.0164274255658551 0.0562844789439345 0.029218718761251
0.0642730925376531 0.0452772289796539 0.0356973398743584 0.0652012294516406
0.0476918982401008 0.0693228810144016 -0.00670099827930281 0.0991048152887668
0.0154798549281954 0.110865032988582 -0.0640076054200913 0.0625336139474983
-0.0392298817390492 0.115412567033071 -0.0668716814234442 -0.00785062523659051
-0.102333161521991 0.0745179476893413 0.0065774149352766 -0.0418508485111118
-0.117318446284059 0.0439725761301396 0.124213569295265 -0.0240694800881951
-0.0485997838516053 -0.00567392010538146 0.0974497038916914 -0.147756568100577
-0.0752313390076922 0.0216795206989268 0.120458180604704 -0.0969139285200337
-0.0505494980028641 0.0686226068832655 0.124935872788971 -0.0583864967055947
-0.00838566235965159 0.0761083509638446 0.106427493485746 -0.0552999933999967
0.020181680647055 0.0501700157898701 0.0951772752507909 -0.034992992454798
0.0266673254721355 0.0365157812235175 0.0964456248607376 -0.0357044496812553
0.0375183161662772 0.025233298879831 0.0827765928644676 -0.0243961579766125
0.0381051853840611 0.0172338673331918 0.0752061394084593 0.000348713127454578
0.0375645379232258 0.0207986238642926 0.0722354109971916 0.0445183422250678
0.0346379774210277 0.0375510853956831 0.0441831038062536 0.0838805640310901
0.0226791634723467 0.0527156694031148 -0.0046980272729558 0.115128447407178
-0.00708219622942207 0.0824743847720659 -0.0589258275843582 0.0744456939642303
-0.0539523741898149 0.0748018237197335 -0.055060297011552 0.00521419589509565
-0.0924982875607037 0.0246879955184206 0.0151590401595149 -0.0304361370158237
-0.0828559506056722 -0.011382868997464 0.138561173864366 -0.0234435031133304
0.0261417462047149 0.0455157380946708 -0.141662367707518 0.0282069093566358
0.0524166039010449 0.00858308293050892 -0.0271020156258086 0.0444589633043946
0.047389385246716 -0.030612818961915 0.0569242701961691 -0.0142036100440437
0.0107030977294014 -0.0367797311316902 0.0685442157023458 -0.0820534302052343
0.005987394937252 -0.0198965997576205 0.0120584571530106 -0.130316503266298
0.00544396634361219 -0.019536835097336 -0.05666320567139 -0.103689348466195
-0.00568708994249519 -0.0247477619457547 -0.0858907062480733 -0.054994949624833
-0.00476341060563791 -0.0216559384457646 -0.0905665130098612 -0.0158439926221497
0.00418191363324699 -0.0279717621367693 -0.0929801210033635 0.0189428182750955
0.0188462326957718 -0.0231486212560092 -0.105790849127362 0.0316818687446998
0.0219150335209204 -0.0175011496771047 -0.110415383129251 0.0289922801218229
0.0306392064155327 -0.0152430627032131 -0.111173046140317 0.0237322586153076
0.0479262055100813 -0.0105481773828163 -0.113853430053695 0.0325897856360056
0.0423037950623918 0.0295865631612768 -0.0839670915461957 0.0730726386293168
0.0160405713205524 0.0509523875890321 -0.0659626591407989 0.143243823372182
-0.020916966368659 0.085212324075733 -0.124607891113141 -0.00269246454925922
0.00872687790551861 0.0510852774915806 -0.00751748089169151 0.0256486035029207
0.0240807044110204 0.023117000817433 0.0739288601821912 -0.0402732315394764
0.0102651948287837 0.015429634771805 0.0754066473351088 -0.103893722914208
0.022439772479598 0.0186753196649734 0.013320158613105 -0.140367746829976
0.0346789650688022 0.0051625767483184 -0.0533996977483216 -0.111078935416961
0.0307541953072549 -0.0147500343977772 -0.0798550533790028 -0.0619272752247091
0.0283225493847072 -0.0204426018414854 -0.0830511310445489 -0.0232019279252627
0.0415988106477071 -0.0280939052219388 -0.0824268192591092 0.0146463574693371
0.0582158105446422 -0.0101196329852736 -0.0948640521052735 0.0331527954162484
0.0563550703196784 0.0100267449859999 -0.103813363239675 0.0355030482195473
0.0535698720151454 0.0343788978566392 -0.110215631124992 0.0236124754072219
0.0446106668737368 0.0473290789856995 -0.106591569087606 0.0202715728134853
0.0109302374642916 0.0801057353686064 -0.0602829457969144 0.0582037074737187
-0.0303387171619661 0.0999191449867049 -0.037320812928963 0.127392171677428
-0.0653857222586744 0.112860376884369 -0.0892078898144836 -0.0351390188440921
-0.0405243184917754 0.0901901705887865 0.0268849090899463 0.0104834615871839
-0.00440274977231789 0.0824655737414428 0.104602250203979 -0.0623810766154034
0.0130438794664665 0.0749813033344397 0.0892159918994279 -0.124414471956879
0.0421520121738592 0.0581941156255223 0.0169574064095789 -0.144457025212926
0.0629389695550832 0.0303901428531089 -0.0434057452735335 -0.111493081843728
0.0640312075222168 -0.00285129265226154 -0.0629940933177552 -0.0632236154324597
0.0572396064439955 -0.0166525053001234 -0.0636818874187152 -0.0284439052150766
0.0710681568255485 -0.0263691023473276 -0.0606718466759876 0.0105493228999025
0.0879725720768713 0.000176450807627694 -0.0720144294565656 0.0359844260638248
0.0842911021775118 0.0287311515713773 -0.087214818549282 0.0477009088229333
0.0765235072528278 0.0711297339243762 -0.106791510237798 0.0320999835831097
0.047252104640651 0.0949075142201273 -0.103982816896575 0.0109250775176461
-0.0126072352221451 0.121069676845361 -0.0434779353772796 0.0330366193062244
-0.0697190361729388 0.135305419127486 -0.0029305947342423 0.0962060969318165
-0.0987958401439566 0.125129432897426 -0.041029930395925 -0.0686401992104169
-0.0837441790794413 0.119242560560087 0.0673942241100951 -0.00805945229958347
-0.0301998959911447 0.136211801538879 0.136044101780348 -0.0773565346079664
0.0191593974421466 0.129934864406141 0.104590759118791 -0.135640808146559
0.0632768622282871 0.0910485660684178 0.0269447332291998 -0.13855494275515
0.0854200255193616 0.05046278972989 -0.022863348544666 -0.103280151013165
0.0888648361793915 0.00832582618944739 -0.036105906894716 -0.0589909479420719
0.0774049697964543 -0.0106020823564282 -0.0356491389895251 -0.0295534914742142
0.0885776196339738 -0.0199580368592612 -0.0314439200277545 0.00765471679763925
0.10392047234531 0.0106663508031374 -0.0424983972140659 0.0378174968136236
0.0990315666507306 0.0430228183669175 -0.063398709011271 0.0598890568036999
0.0885797206062946 0.0957021407261771 -0.0979426397337119 0.0417929217742851
0.0449121212336717 0.127663100962341 -0.101424530887819 0.00314351290676705
-0.0349967503408588 0.144203726856649 -0.0326001773095453 0.00399155352318715
-0.0995581250200639 0.14806541158386 0.0321130218741738 0.0557549521904607
-0.113881945342155 0.118308122756387 0.0108105533397469 -0.100644664455126
-0.110600575840369 0.127970729475656 0.104138742649948 -0.0334889381867401
-0.0502261390603236 0.166377409937383 0.156148891859521 -0.0879946213228384
0.0215696344405656 0.162535731763259 0.114413818165427 -0.132367595977926
0.075195988353743 0.108379323233057 0.04221794143074 -0.118882103281192
0.0953147516728372 0.0606807843181044 0.00689487935701536 -0.0878577181260091
0.100119765304814 0.0159425539914018 -0.00229040673296336 -0.0508695672800627
0.0858893519509135 -0.00343917196931036 -0.0024703233347315 -0.0273085133970215
0.093659326729877 -0.00909463658624637 0.000228377183421375 0.00841367526963072
0.10349544579139 0.0246321586352496 -0.0112306520639583 0.0411226174641132
0.0954178029674362 0.0569257002352134 -0.0383263775830093 0.0707141260529769
0.0797628434987753 0.112710791595408 -0.0866661880599056 0.0495345764160278
0.0265526778810174 0.143264007561876 -0.0961064509883472 -0.00390718805203091
-0.0609979144578375 0.143682124686078 -0.0227129180954424 -0.0231777910865871
-0.12001989220028 0.134452450875057 0.0655990850815837 0.0166347976169293
-0.108629823245325 0.0917884972875753 0.0565411382015142 -0.127111999910201
-0.116710162641627 0.112494697537291 0.127808005867765 -0.0627340827374404
-0.0607440621971694 0.161069981866868 0.157995469629817 -0.0892370672403233
0.0160055238753889 0.16236462912717 0.115016903796396 -0.114178149189009
0.0706127344163985 0.106453462653569 0.0603065221087198 -0.0899271547223346
0.0877036047449297 0.0610068436137456 0.040708165339668 -0.0675299917279782
0.0934791154065428 0.0211052120895915 0.0334573552414901 -0.0408833047963281
0.0804590222811755 0.00386644559773905 0.0297352104805714 -0.0205763948610493
0.0849356317282381 0.00464124916136932 0.0310543497059099 0.0152567970803616
0.088604513649708 0.0375791616757979 0.0166448414510038 0.0502687726871358
0.075340365948449 0.0678270781750175 -0.0177916237929021 0.0838543430042273
0.0516364626396835 0.118284389909391 -0.0744452277857518 0.0559317094178757
-0.00558331160929865 0.138695296668099 -0.0839607977750537 -0.00814439332787916
-0.0857546034945135 0.117823818101493 -0.0104945334058931 -0.0403825801658963
-0.126130141025081 0.0964914827980207 0.0955369316413641 -0.0118265651242416
-0.0846269835549391 0.0489868925562298 0.0865645073799222 -0.143088810425055
-0.102910280591293 0.0736624688750451 0.132065410805655 -0.0854926304093089
-0.0594597791747075 0.125538791298757 0.144554893600723 -0.08050463857252
0.00554780530410522 0.129158334503759 0.109949851660881 -0.0858479783550603
0.0505448399754487 0.0841887950105245 0.0782844467987783 -0.0584606603790039
0.0630669968211157 0.0511975023712058 0.072358588592209 -0.0494438467745511
0.0713675247844276 0.0232835197215505 0.0629405528212244 -0.0321046655569209
0.0632725024949925 0.0108459063980878 0.0564205901701634 -0.0106899769851886
0.0651016232972308 0.0148383126257318 0.055176755308268 0.0289528690288822
0.0632243961586222 0.0424922618658283 0.0346961172007036 0.0660734422111909
0.0470947576537816 0.0678288687841077 -0.00609251274021544 0.0991464667422765
0.017723968919937 0.108625336582763 -0.0646330562544342 0.0643608244756457
-0.0374681902103453 0.113513075244877 -0.0687337411998315 -0.00562239569153594
-0.0999726485554467 0.0743282035238354 0.00362726545219217 -0.041859327340449
-0.114452335881939 0.0439545147675516 0.120562123820937 -0.0249902025676102
-0.0485478145704437 -0.00560079966087911 0.0950556735693439 -0.144635392876381
-0.0749980171239323 0.0222430983149851 0.118937707312187 -0.0951416285820889
-0.0496024803939014 0.0678893682050114 0.12490534378968 -0.0598397946250537
-0.00724762785173336 0.075912761699734 0.105266115138548 -0.0560407115459926
0.020175532828788 0.0492882959954761 0.0933955821498413 -0.0362354187557227
0.0265560012247727 0.0360809492393274 0.0941301753281795 -0.0374326249981675
0.0366680677688424 0.0238362383287867 0.0816964569737797 -0.0247587459687576
0.0369388478389226 0.0160517909033398 0.0732865538236791 0.000276119080134272
0.0367652973436834 0.0198521460843687 0.0707807519088536 0.0437666081110369
0.0343325229163381 0.0359945944782799 0.0433160913183054 0.0837915665169776
0.0225713037591184 0.0508447771884066 -0.00350369815568478 0.114824740878156
-0.00468501988825307 0.0806695372284969 -0.0596736358523517 0.0751320752023445
-0.0519713012198562 0.0743341917958796 -0.0569996127569931 0.00689048530976713
-0.0904986126833031 0.0250464443633997 0.0123194404772922 -0.0304422871302586
-0.0820858249093465 -0.0106673536670733 0.134850095418569 -0.0241101560432776
0.0325509498337787 0.0382227769164915 -0.140969875805909 0.0577802466916439
0.0532954735019046 -0.00177548664163778 -0.0167882233758983 0.0520271239518058
0.0396582562784426 -0.0393039175034842 0.0605743455037379 -0.0245767691151132
0.00194290057837907 -0.0390524586397812 0.0581458702047048 -0.0971273385203648
0.000578135962080272 -0.022279658788316 -0.0102452998133935 -0.13519778180118
0.000505341185965176 -0.0197060182220306 -0.0728870551602356 -0.0950822427703638
-0.0112216606062649 -0.0211456090358573 -0.0922658295124277 -0.0413020476679523
-0.0080204322307744 -0.0190398122479915 -0.0928304525536875 0.000339451839266279
-0.00162992612482771 -0.0274560510607968 -0.0896002086819043 0.036551081538607
0.0130129464130904 -0.0263547073979572 -0.101125235928156 0.0543688509214231
0.0158710494713927 -0.0202404676865434 -0.105885895485359 0.0537610263334383
0.0251446420433776 -0.0221296810010632 -0.109406278459393 0.0484692364850125
0.0414554783333878 -0.0196746017519844 -0.11055801102134 0.0591753412733266
0.045612885559901 0.0206424310312589 -0.0744311480790819 0.0895999257284933
0.0235880974776539 0.0482340051478505 -0.0423740596352403 0.152979867911993
-0.00416859790136885 0.0837263400438074 -0.13358926952011 0.0227522133087645
0.0189824488853463 0.0467945640945043 -0.0033448558554215 0.0287184918638749
0.0275337920255765 0.0162860542499752 0.0676603458499929 -0.0531655935904641
0.0125197806534162 0.0105049885272951 0.0566874416521839 -0.118761421497378
0.0232848045320541 0.0118680698255672 -0.0122555194670315 -0.142579110403084
0.0324174755052391 -0.00132487567054629 -0.0716880579122502 -0.101065856427936
0.0251648583491058 -0.0191534960168061 -0.0877973114046067 -0.0473229358109403
0.023357735854767 -0.0232216971788696 -0.0864303159718914 -0.00876557039087983
0.0335689599182617 -0.0343291253123421 -0.0804194631119039 0.0305639068627408
0.0534104160542839 -0.0202477100080617 -0.0900775717017365 0.0542881388959436
0.0535083356234588 0.000574923409496159 -0.0986222026402151 0.0588537327421
0.0554256441249484 0.0222104119718427 -0.109582964553423 0.0490562629868637
0.0493078619080799 0.0357707528898261 -0.107798203260751 0.0440272970511732
0.0250401431690979 0.0758289929886156 -0.0542908900306239 0.0662608819132363
-0.012100445858707 0.105258291536091 -0.0167185891413049 0.127463065813499
-0.0419109931300162 0.116971665948466 -0.106496056135633 -0.0180547307222253
-0.0211696802538321 0.0931517945083834 0.0257239780423229 0.00605283864528555
0.0121711325263907 0.0777205031551773 0.089243532206992 -0.0798314710454953
0.0268313794753759 0.0660500559511183 0.0629039951953275 -0.139676794454367
0.0497616805516468 0.0465448295542762 -0.0105686775901521 -0.145157342687265
0.0644252120656961 0.0182604967520076 -0.0614257483370685 -0.10089852529612
0.0594624685731279 -0.0144746461774938 -0.0713388271535513 -0.048626930905197
0.0516705063059073 -0.0244181489371517 -0.0680648353977981 -0.0166976626489584
0.0623987932707931 -0.0370914223026 -0.0599618640803889 0.0221858115800205
0.084145240553244 -0.0153592166951092 -0.0669390222883785 0.0532021417282981
0.0838114026882463 0.0138769833498529 -0.0789403764119966 0.0691131680161788
0.0851000197035624 0.0531815366871577 -0.105075299906384 0.0569407276091408
0.0600159841702103 0.0812741932738039 -0.109699716262492 0.0349100251344531
0.00991979841104742 0.12035144110578 -0.0425847733028428 0.0355374841520211
-0.0430335701554277 0.147485653115104 0.0132379357676273 0.0866277398521904
-0.07186845406949 0.133584251077528 -0.0655043760662429 -0.0617697513475721
-0.0577604458245248 0.129295896163951 0.0618504363417568 -0.0208681009196722
-0.00285396485716762 0.133653628679736 0.11376276331595 -0.100816394685988
0.0439734987125793 0.116571686028129 0.0717497942306187 -0.151858437709033
0.0762162427881653 0.0746313683056221 -0.000212023341038258 -0.137680361168886
0.0898922914536391 0.0333051326360276 -0.0404249451197697 -0.0942744406926734
0.0853503329003033 -0.00924388253560055 -0.0439947137374947 -0.046603989378069
0.0720384076017331 -0.0222140475554146 -0.0406087792559559 -0.0224551182369103
0.0806179730842519 -0.0343050887674968 -0.0314012559683969 0.0143575516314413
0.101705668470331 -0.00735912980099508 -0.0370720298157348 0.0495612282180292
0.100095324261501 0.0251863439871002 -0.0531902037690167 0.0763676738183767
0.100594547280433 0.0752936451950603 -0.0958952730642629 0.0660496189984302
0.0639049799571303 0.112967666712738 -0.11050918754772 0.0265265982534354
-0.00682245499581684 0.147011399848996 -0.0376761070637561 0.00219674700326037
-0.0694971345305099 0.165289628550034 0.0416658341133105 0.0387735820517608
-0.088300249509017 0.129731233458402 -0.0183404423568023 -0.104409639085643
-0.0825338347721026 0.142769905881424 0.0935487942126921 -0.0539203504348963
-0.0156744230990764 0.166513823293322 0.128984252970269 -0.114891154491938
0.0531802400875869 0.147736245582457 0.079400371845046 -0.148897422320807
0.0912194105365138 0.0893744722065784 0.018537175869759 -0.120068135723943
0.101363645180633 0.041446836963441 -0.00829495184752986 -0.0826780519743103
0.0973564716242608 -0.00389514634771449 -0.00966429758448269 -0.0436070891021303
0.0810029183559029 -0.0167236582282978 -0.00767572841685657 -0.025927596585074
0.0871994798653307 -0.0244578028403729 0.000500942403121853 0.00917295800834748
0.103683429737603 0.00567499579179319 -0.00497016736815053 0.0473039910503249
0.0994541885509626 0.0389538951726272 -0.0253734527297114 0.0830171176427085
0.0952483243934814 0.0933083958220067 -0.0820541841539129 0.0713497165952144
0.049902437822565 0.130841147573946 -0.107102754255064 0.0170448689385544
-0.0318084433739048 0.150808269761469 -0.03253103705351 -0.0277058100260599
-0.0914635358045688 0.155291499535984 0.0690703134929082 -0.00663509039964376
-0.0875826464133791 0.104683752130854 0.0250625686930694 -0.141373736543104
-0.0917138629420617 0.128961867398057 0.112655065787589 -0.0884396715941242
-0.0265508845467508 0.164127215688478 0.129890015112053 -0.116988906804792
0.0479618344798696 0.149509819491995 0.0840793444348104 -0.131318021888481
0.087134227367822 0.0883477970708101 0.0418772648956078 -0.0940379305299347
0.0948639602374893 0.0425262101256071 0.0288653346632492 -0.0695174508106439
0.0927117649931878 0.00134261615176995 0.0266957314716807 -0.0403409456920514
0.0779184501386424 -0.00885273040284654 0.0257751458208686 -0.0243367650117744
0.0819277100785746 -0.0102089603371388 0.032444470025464 0.0111764196212726
0.0919049643481652 0.0207258420128989 0.0240757440023047 0.0509199633739404
0.0822102672773498 0.0529272006853959 -0.00228707548888836 0.0910057966467111
0.0694408737754381 0.104673515256588 -0.0683056981417017 0.0745829588335215
0.0186509144403262 0.133048751832158 -0.0946209614152657 0.00929945609213982
-0.0610269331894869 0.131161453547196 -0.02126042423211 -0.0466690127693841
-0.104924104034102 0.119160186644964 0.0962297551906979 -0.0389568821574516
-0.0727930812676675 0.059837168366942 0.0554804297085328 -0.164391595220084
-0.0863007387167228 0.0900633300442041 0.114405873327984 -0.113898529342858
-0.0331200077382221 0.130360042943595 0.120972664912507 -0.107150151157807
0.0319696043901825 0.121361928240532 0.0852434927148945 -0.103123055082916
0.0642534068169109 0.0703791572277891 0.0656751762605762 -0.0680637404711988
0.0697420630941394 0.0375002944398986 0.0627620351805765 -0.0582253859773566
0.0720367442706285 0.00763447246053689 0.0570644442602615 -0.0376047430779756
0.0624515014919734 0.000228091872208527 0.0540039130864763 -0.0201460650515689
0.0646761827922497 0.00378841487662972 0.0594789249529206 0.0195151462315487
0.0682181464498383 0.0306468095223101 0.0461092170131819 0.0625211481455267
0.0554478650211634 0.0575292568435973 0.0122499745620271 0.103732452986275
0.0358794511733611 0.100744365497746 -0.0562251664885631 0.080151255457138
-0.0159433701600101 0.114614397020905 -0.0778007285240556 0.00748418536783448
-0.0828702110011673 0.0918155366958709 -0.00487285984547057 -0.0496925939177603
-0.102726955810471 0.0650465621977115 0.120116524634408 -0.05377109476739
-0.0478911478929215 0.00256162568056618 0.0683882051219739 -0.167833911832743
-0.0691895454871221 0.0358890487604132 0.101511784026668 -0.120941525578415
-0.0344072887828955 0.0741627465993565 0.109993449742371 -0.0839012460484253
0.00864079999520375 0.0727142834038939 0.090468879581935 -0.074266856337187
0.0285862731791297 0.0423394574366702 0.0862813230923203 -0.0511700726942835
0.031891557345784 0.0292909592669905 0.0867897801818282 -0.0518572882732113
0.039890026816343 0.0151856239315901 0.0755839145144148 -0.0352713472083419
0.0378586002902417 0.00874540002721475 0.0723123503333391 -0.011956245101023
0.0384968055725665 0.0126622040689839 0.078164736870568 0.0320326979800849
0.0389590544398494 0.0290789643596349 0.0586401653388407 0.078701178719742
0.0290885537217054 0.0460796725813744 0.0177714042171258 0.118599009193376
0.00942929637024122 0.0780726637746447 -0.0481893437986278 0.0892493001389027
-0.0365962148582643 0.0802921610790222 -0.0611935646480409 0.0176148814276394
-0.0836205118235978 0.0416928364184284 0.00748587236105739 -0.0370250552786205
-0.0816732538393116 0.00541308483313856 0.135705620432442 -0.0507584549355382
0.0348918541526198 0.038808721689538 -0.145177892937259 0.0594854162090472
0.0550382578819813 -0.00273195725348321 -0.0154491183185305 0.0527909470298587
0.0404923201912719 -0.0413011100119514 0.0627925147945922 -0.0272300014699909
0.00144489473882983 -0.0401965747780556 0.0598098836145335 -0.102542784298266
5.17077766955792E-05 -0.0232893984124284 -0.0106658121690801 -0.14034597488507
0.000525990638428401 -0.0208511523169374 -0.0740979090909636 -0.0984785153093384
-0.0108495011213723 -0.0209076648823637 -0.0950697977634447 -0.0428183875655164
-0.00806422716327204 -0.0189413974231964 -0.0954668307059822 -0.000222019323798748
-0.0022353044146664 -0.0280600767663502 -0.0918115148157617 0.0374620984073773
0.0126516614169011 -0.0270562031580882 -0.102855867062492 0.0570941390311707
0.0157910344443391 -0.0213042393397822 -0.109223211558038 0.0569857001626886
0.0256204986575495 -0.0232390773686944 -0.113288778817863 0.0530865508953434
0.0417301941798092 -0.0213823681715289 -0.114111878916082 0.0616976201888471
0.0475125060118212 0.0208152423018095 -0.0774998752941734 0.0901980575668695
0.0250108456699187 0.048651912574445 -0.04370146756764 0.155451009165722
-0.00324588245894027 0.0848327321849594 -0.137412990291229 0.0236617527387146
0.0198544740542118 0.0469354378740184 -0.00219859787871064 0.0286314689847036
0.0287749847718285 0.0152887956244264 0.0694159953502649 -0.0561613968345739
0.0126796546149586 0.0100671443072762 0.0578315634575304 -0.124036806515901
0.0239912761730618 0.0114611381736965 -0.0128525596085856 -0.147991397631157
0.0333477204559235 -0.00143858619485122 -0.073098614303141 -0.104169517166076
0.0257500504187823 -0.0186976572516973 -0.0901728805355547 -0.0490845670083141
0.0237851833726512 -0.0232919378085797 -0.0892934753278174 -0.00924744446334701
0.0340783302506938 -0.0344777920612795 -0.0821950217617853 0.0311826942520001
0.0543170656875827 -0.0211704199097633 -0.0913710364667695 0.0569494496116991
0.0543623374027379 4.44934521527636E-05 -0.101052858975201 0.0633154707373089
0.0571788241549183 0.0212185952567916 -0.114420513893687 0.0537826217707023
0.0497271732697383 0.0361310338768179 -0.112023829012778 0.047912477329447
0.0263218231499148 0.0775040655037206 -0.0575019104329796 0.0667560168723381
-0.011625815702135 0.107590515054377 -0.0172815608739853 0.12897738571158
-0.041273065123319 0.118650173507922 -0.109973602900449 -0.0183809353530113
-0.0209015193063912 0.0944258071057766 0.0284918269483306 0.00529432919986056
0.0130985216561887 0.0786763546563558 0.0918101212615972 -0.0843321770106187
0.0272137782904075 0.0666993573259644 0.0634005275181248 -0.144977002763951
0.0510755697274529 0.0469388643030549 -0.0119249823949767 -0.150321065610371
0.0654821718719351 0.0181114084739948 -0.0629554080614054 -0.103655440842692
0.0602207690176106 -0.0139632479859019 -0.0733270118855316 -0.0512417590462324
0.0525015536861053 -0.0241417647723434 -0.0703454834195013 -0.0174716382149911
0.0624844361146397 -0.0378983327738076 -0.0612074820518215 0.0230863628364105
0.0856969574900118 -0.0163443285941568 -0.0676005775780647 0.0558176411503702
0.085950616670677 0.013755558218164 -0.0805840429625141 0.0733293191902682
0.0869789420695973 0.0528691837405792 -0.109537724213949 0.0627719241852393
0.0609297666504706 0.0823680757988497 -0.114631538890019 0.0382508589417
0.0110694282181354 0.123057317896406 -0.0464805230116107 0.0353759502167016
-0.0428468721576533 0.150535827068516 0.0123054832624493 0.0867474558592885
-0.0726794225737845 0.135600501746329 -0.0680634573571214 -0.0628346878177513
-0.0581438486635559 0.131858749142074 0.0651640419823864 -0.0223384928718569
-0.00123400468507003 0.136507726783423 0.116208350111206 -0.10612845843786
0.0456678841259866 0.118458486647073 0.0723306611521971 -0.157690441111869
0.0781381610347548 0.0752561360772304 -0.00115923713077588 -0.143113961872404
0.0920653319494273 0.0331420186194355 -0.0418934905897538 -0.096739206384058
0.0864444972272148 -0.00864236882034866 -0.0447548673650945 -0.0498814144444657
0.0730495008650648 -0.0220216606144346 -0.0423314885525711 -0.0229667601717051
0.0813007950439222 -0.0349384073219645 -0.0324493275494727 0.015036758887469
0.103219048682476 -0.00820952237830786 -0.036764075792791 0.0525139648458741
0.102813585799624 0.0254016455508524 -0.0538705250760353 0.0811359583860033
0.103901274436852 0.0763066568261004 -0.0988612723988331 0.0716125844047633
0.0655288411071481 0.115331376803947 -0.115409375948829 0.0300524175031497
-0.00645654715883878 0.15058131662792 -0.0416926951511127 0.0020303783869163
-0.0700108377924124 0.168746455821057 0.0415498774017687 0.0376867992676599
-0.0898237866114443 0.131988907655719 -0.0199578067904396 -0.106792478860901
-0.0841825761838106 0.146225647511097 0.0974976738885367 -0.0567221533339721
-0.0145185689739531 0.170485559241555 0.132091581316803 -0.120339867897646
0.0557698797959185 0.151401296419101 0.0803411828747985 -0.155104843925346
0.0940540508304278 0.0908013217843172 0.0174346360998641 -0.124339545149698
0.103945264362596 0.0419703969921215 -0.00969479105843168 -0.0852376484430884
0.0985711870098757 -0.00367561957893513 -0.00931013250963519 -0.0465148545005904
0.0822526496221271 -0.0165653654683209 -0.00855932534250997 -0.0258409498614352
0.0879054636010359 -0.0242562395464274 0.000662548458513578 0.010018504526824
0.105423089853308 0.00534184730153984 -0.00423469226119188 0.050041150273617
0.101732218041263 0.0396631442945078 -0.0255953030657936 0.0871701797659206
0.0984220266594376 0.0942208878147407 -0.0852714016863346 0.0780299820881882
0.0513864794811858 0.133940245558277 -0.111300375247134 0.0207284407855963
-0.0316311016092784 0.154231839705067 -0.0365711412016945 -0.027792126693436
-0.0925666298876759 0.159109246769287 0.0696915193336089 -0.00821179404993761
-0.0901143781891877 0.10651214552202 0.0248628266136895 -0.144699044698884
-0.0939975290251628 0.132966256789865 0.116788288832948 -0.0914446978379977
-0.0265262826559597 0.169060709480689 0.133718080019726 -0.123761943629666
0.050299724762637 0.152881614959207 0.0852404252288742 -0.136446556321904
0.0899024100007804 0.0901471642429298 0.0420724470552906 -0.0978452324384198
0.0970012167832809 0.0433522459433193 0.0288255774628034 -0.0715623242972189
0.0938789618230167 0.00193465441820193 0.0273281808185429 -0.0428905230145651
0.07866462248902 -0.00868054407361973 0.0260417696413566 -0.024777879992079
0.0822588921574261 -0.010325681449781 0.0330862268091742 0.012448339106592
0.0933555056783412 0.0208976564026006 0.0253893796670146 0.054272030708253
0.0848815742364618 0.0539396261169672 -0.00163448327360879 0.0956727136572573
0.0722010215558612 0.105620966869696 -0.0713825370411171 0.0808454700109363
0.0197521673924188 0.135660276741621 -0.0996987954795353 0.0127365810379055
-0.0619015184119562 0.134324616989639 -0.0250861142916401 -0.0474141975899183
-0.106256285875632 0.122141586202044 0.0970718114260526 -0.0412843846930194
-0.0752944529609191 0.0613539557709005 0.0558622292391397 -0.167913048404672
-0.088696195722012 0.0934345333030425 0.117835849498786 -0.117255699530899
-0.0334977089708821 0.134966015044019 0.124353158853515 -0.112253768248766
0.0338684922049165 0.124530766275985 0.0870941226988171 -0.107226311010257
0.0666260337544191 0.0724573323795161 0.0675916261357448 -0.0709193951221456
0.0712404977784702 0.0384250119982526 0.063493404907545 -0.0602733075492078
0.0729435634125507 0.00870238820014147 0.0584417199123057 -0.0396264446111964
0.063356460606596 -0.000366025916790112 0.0547324969332633 -0.0198645718124791
0.0653556362836343 0.00365343135910766 0.0609836934409445 0.0208184098731911
0.0693810997922453 0.030888595839013 0.0477888569133528 0.0662254938404888
0.0573495677918437 0.059208460026077 0.0130803202213971 0.107962284322917
0.0377271108687576 0.102059174397286 -0.0588733523067941 0.0858916601351106
-0.0158062121941934 0.117608727010988 -0.0818089559197931 0.0109434416927947
-0.0848447848412763 0.0940644648971225 -0.00780797404458282 -0.0502306805403663
-0.104899368945897 0.0672132850982997 0.122536275162076 -0.0555588978299412
-0.050328235027695 0.00273958603018079 0.069832250691246 -0.171145190304167
-0.0719324969689078 0.0379366220302323 0.10464843749964 -0.12415197328574
-0.0347429246738314 0.0776072154483361 0.113413602647439 -0.0885767505011996
0.0104573039026876 0.0745680877880202 0.0926919627091623 -0.0772306864420572
0.029911699535172 0.0439916192671451 0.0881930432623077 -0.053877056893942
0.0325790004042801 0.0299775833545124 0.0877959464710424 -0.0545836577907408
0.0401671992840725 0.0158266361754589 0.0780546014548091 -0.0368127660163354
0.0381132964743463 0.00893546515899974 0.0740968797383848 -0.0119639021420959
0.0387071093536631 0.0134052551607588 0.0799603485460829 0.0336400582965221
0.0395964267128046 0.0289349547037263 0.0602703668259755 0.0827463639816231
0.030160715399943 0.0470080232946504 0.0188791936896779 0.123420473159758
0.0112513159128517 0.0795934508764911 -0.0500204587052692 0.0945603123385953
-0.037098280793838 0.0820759217967676 -0.0648048804127983 0.0203299932345972
-0.0857579511816646 0.0433554582371341 0.00546124106472502 -0.0375271394645284
-0.0842061130030903 0.00665342619275162 0.138277774531255 -0.0524966829185173
0.0381592863171582 0.0386912039198151 -0.147610584167426 0.0655764917525902
0.057396394230405 -0.00486269378960762 -0.0136041837872775 0.0539686462740544
0.0404366949971077 -0.0453733365283442 0.0640132034077441 -0.0303613057613448
-0.000529574247409202 -0.0419413116728682 0.058440798586356 -0.108429969533029
-0.00112933124629094 -0.0251035263292082 -0.0149577253957161 -0.145836750050518
-0.00042726589919106 -0.0217585481450725 -0.0789797657532529 -0.100389371461953
-0.0115120976305343 -0.020266323579584 -0.0991171208626642 -0.0424831933355066
-0.00884904302183887 -0.0187519691959572 -0.0991761750935214 0.00204186154234931
-0.00358882348969039 -0.028388635511417 -0.0935701214204078 0.0415691085712028
0.012062191047185 -0.0287465353475669 -0.104238511605704 0.0624058091066856
0.01522663666709 -0.0223325009635685 -0.110869559286516 0.0636810107017556
0.0247258784064289 -0.0259200255636757 -0.11636004468087 0.0602884470331993
0.0417326082019704 -0.0239701576243476 -0.116676527973861 0.0688263470909124
0.0503785068204759 0.0192087297375659 -0.0793028916007626 0.0940117045510654
0.0275742470161606 0.0487618901337578 -0.0412057280341323 0.159779489607922
0.000348189035655788 0.0863253795819411 -0.141544388111886 0.0282789874410384
0.022674097648107 0.0465530240356263 -0.000430532966754536 0.0287038331738513
0.0300995241642427 0.0137221102380336 0.0702694543597894 -0.0609971642984076
0.0128380596206251 0.00934419854485881 0.0551256603349787 -0.130871647329741
0.0246128627659439 0.0105025245512161 -0.0181129639935523 -0.153414771443697
0.0342978440397481 -0.00334217418885819 -0.0781953249924326 -0.106593942691906
0.02610981884081 -0.0189557963617585 -0.0947360157024432 -0.0492824159051369
0.0239526025849376 -0.0236377065387333 -0.0931525537576895 -0.00666666957388908
0.0330029433722306 -0.036157355724557 -0.0842765963171209 0.0347689218240841
0.0544117025074017 -0.0239596634310148 -0.0919406122856373 0.0626418528362076
0.0560156323947982 -0.00189932607621022 -0.101949018761188 0.0702607492800792
0.0593308827815471 0.0187450957343764 -0.117753225150863 0.0624626239841279
0.0514513959320988 0.0351271787413756 -0.115570001366508 0.0544491143247214
0.0304883016940041 0.0785544814382579 -0.0604460585402238 0.0696871601766951
-0.00741574451785348 0.110381746315488 -0.0152061527109732 0.131256200843469
-0.0385330258479187 0.121177074428107 -0.114977674561941 -0.0154028067620213
-0.0178653461538117 0.0966121382231692 0.0303138558909524 0.0035742334777638
0.0167994845173158 0.0790431447730075 0.091768376267417 -0.0912809405304352
0.0302943299592718 0.067143875453127 0.0599000959793424 -0.153156143442698
0.0542176968463702 0.0464174800651454 -0.0173675814117635 -0.155686532632258
0.0677802948828969 0.0159787958399477 -0.0680923233459795 -0.105671468700812
0.0615017846843312 -0.0153831454456064 -0.0773715384979524 -0.0522384236252287
0.0528513040759915 -0.0253035397014096 -0.0737476984048527 -0.0160183564794661
0.0624764626832126 -0.0402577717783937 -0.0624004987576909 0.0257127747915606
0.0872778616635905 -0.019806345640989 -0.0674444809444909 0.0611115240704339
0.088743315278932 0.0116472777097581 -0.0811297676137263 0.080164874490612
0.0908486773262129 0.0510464344375641 -0.112259676154148 0.0721926053699414
0.0652554119161303 0.0827311827948113 -0.118173163340505 0.0452009365512791
0.0161814497476733 0.126137227862561 -0.0495926069864904 0.0373048606610732
-0.0381140587962389 0.156036363528733 0.0142536389580386 0.087404376629738
-0.0706349375402957 0.140093334257537 -0.0728031535790185 -0.0625211753123654
-0.0553972613820388 0.136983268430062 0.0673688457443681 -0.0259378652725361
0.00369354890927678 0.139482035903496 0.116480469879212 -0.115296514205785
0.0507834707897728 0.120455615556857 0.069000201232456 -0.166343382218233
0.0832234659137939 0.0749538781777619 -0.00670565264838205 -0.148367189686036
0.0946909935763596 0.0311075061309925 -0.0460800190042322 -0.0993393564137604
0.0882302939225626 -0.0101395504422938 -0.0485128418603528 -0.0518989215572876
0.0738423662090484 -0.0236474414966158 -0.0446804921306164 -0.0224896733348297
0.0813622199758539 -0.0377036768858213 -0.0329609503980283 0.0169416379939647
0.105949770211228 -0.0121633254832489 -0.0354896209465382 0.0564488976690979
0.106653308706543 0.0227854720835734 -0.0526375482369581 0.0876933483059329
0.10897086104635 0.0735559227192375 -0.100850915600192 0.081863047184051
0.0708984552124317 0.116902597059632 -0.119338985553801 0.0375146412177565
-0.000943503340225454 0.155122586123435 -0.0468106556088505 0.00345513620596816
-0.0654066740779347 0.175494046774782 0.0422929536364202 0.0358891958514959
-0.0885998423400158 0.136985902385784 -0.0242850786071493 -0.109412384142286
-0.0813970194239107 0.153273760384572 0.0993044315732288 -0.0622823941033452
-0.00865755370277225 0.175667002131611 0.131834088012739 -0.130631080418251
0.0619270179426704 0.153161476451968 0.0770995145318673 -0.163916257018963
0.100019293256363 0.0905703328839014 0.0141728271464531 -0.130031545312366
0.107754578400906 0.0395752947706275 -0.0127252158577405 -0.0882186804509441
0.10091421101814 -0.00557116903339616 -0.0114400147505825 -0.0489806486167459
0.0832096736118546 -0.0187528433091342 -0.00958136290498817 -0.0263844998517288
0.0882974776935708 -0.0273473811856598 0.000591134034788815 0.0111859374302406
0.108447072667744 0.00136134900737633 -0.00188904867671467 0.0533281473651992
0.106118494469754 0.038039433995636 -0.0230380925847016 0.0927626558967807
0.104560784740435 0.0926268390960774 -0.0852102643907975 0.0873465029985484
0.0573418753275381 0.136125543976693 -0.116461698957167 0.0281287744334811
-0.0273628206691899 0.159677253140502 -0.0418355405752043 -0.0276893568518998
-0.0892293613389109 0.16679027191161 0.0699517184992431 -0.0119051096700632
-0.0902930992272893 0.111103995847543 0.0202558427972371 -0.149946782090732
-0.0927885801459067 0.140097627525924 0.117615227486843 -0.0984086309422273
-0.0210102506252597 0.174881454032963 0.13359843099554 -0.133167287181594
0.0576370475680116 0.155811107449795 0.0824418782699975 -0.144754957259273
0.0962867639753584 0.0898124772967695 0.0402338142080716 -0.10298167562527
0.101443596935091 0.041562655411933 0.0267766349954993 -0.0752854217457351
0.096140443884663 0.000123073171509051 0.0269283299545126 -0.0468359854666151
0.0797909262937877 -0.0106706484622526 0.0253974377796401 -0.0261599693955564
0.0837709612807806 -0.0128371720093862 0.0344338334138742 0.0120555086457646
0.0960887464219893 0.0182627477075117 0.0286294358922819 0.0561337340268211
0.0885079971205317 0.0532372821153317 0.00167594508533659 0.100537307700236
0.0783311806131343 0.105431308139442 -0.0713829646167294 0.0903803139352011
0.0247815411456828 0.139342475769486 -0.104604346437399 0.018740288742833
-0.0594422576248766 0.139643142581573 -0.030878466504861 -0.0472483313923248
-0.1047585295101 0.128825145642022 0.0975027808056566 -0.0461338714432736
-0.0764197598790594 0.0652422905876871 0.0526606072566679 -0.174044827988694
-0.08863470457303 0.0999605064390169 0.118342101415522 -0.124824208690535
-0.0297415295722162 0.140944491835951 0.124921234001406 -0.121494870783258
0.0390930956465992 0.127430333258735 0.0863941044910053 -0.114644766087405
0.0714010868066755 0.0728382314512843 0.0669738954941835 -0.0760193731841116
0.074892292149142 0.0378068946574844 0.0638123340887275 -0.0648114828540289
0.074850840783527 0.00717309434152035 0.0591148352557359 -0.0435392388882259
0.0640607068098581 -0.00157776309471162 0.0557303068517531 -0.0214965455738262
0.0668504655262993 0.00199858961896285 0.0629571909132124 0.0209453245934166
0.0717738293509096 0.0293106149416276 0.0516098344992022 0.0681317076272357
0.0605034451292127 0.0587828017506125 0.0174081242616404 0.113123242062436
0.04313468373867 0.103389514464478 -0.0587031971698932 0.0941449470347117
-0.012184306033706 0.121739550006148 -0.0857797103183346 0.0166173518270209
-0.0843201541175534 0.0991495735894732 -0.0127068625317576 -0.0504613910997377
-0.106309647530872 0.0722116954701742 0.123105795908493 -0.0618148733754117
-0.0529656280069983 0.00510814150135615 0.0676439380655744 -0.177510358406217
-0.0731061603698391 0.0426395331230657 0.10436877125643 -0.131317088994907
-0.0328048579030272 0.0827017141476298 0.115020106703446 -0.0969977077607431
0.0131560707428725 0.0778730190798691 0.0930584913326538 -0.0838743976767117
0.0324220505024617 0.0448111206046132 0.0899067928838631 -0.059095335016155
0.0355166916811902 0.0307796058595824 0.0880948058459597 -0.0598663594340999
0.0418863144539466 0.0157137656203924 0.0796649523236551 -0.0408809159673837
0.0393266202552933 0.00763360683777801 0.076048953631519 -0.0139390672570457
0.0402252841165519 0.0118099495271426 0.0831534399565733 0.033400612908383
0.0408530105285568 0.0281563550670249 0.0650193592771381 0.0851360856531833
0.0325856646418037 0.0474182948129428 0.0237076327774573 0.128437989943989
0.0145552112715292 0.0808076571366215 -0.0491568702416333 0.102229525547652
-0.0351513615795254 0.086479880060701 -0.0676983459926144 0.0245805942085753
-0.0874410949542248 0.0472240721542674 0.00260660938500257 -0.0380464898568008
-0.0875431208237668 0.00969701721939857 0.140594874097938 -0.0584287147809656
0.040801420744953 0.0364262623107105 -0.145529263019441 0.0734409937290338
0.0576022158533673 -0.00902155701210624 -0.0101972053003613 0.0542849382883333
0.037768909312133 -0.049066488088513 0.0637657186193749 -0.0351532610200729
-0.0033477659661873 -0.0425339113843844 0.0534137503533798 -0.114195109758188
-0.00310463200431316 -0.0259209038061889 -0.0230895212847433 -0.147565296011515
-0.00159760510944341 -0.0221740165688371 -0.0838422516447599 -0.0990631513473722
-0.0120263107549575 -0.0190115540839193 -0.102202064138721 -0.038204960310153
-0.0092786737144489 -0.0178248521289907 -0.100122310732703 0.00707456847217471
-0.00531402799805154 -0.0275693622068964 -0.0918882439771033 0.0459729061273969
0.0104348917215766 -0.0299341084725357 -0.101278146189966 0.0692047512980622
0.0139208251727008 -0.0236063106584126 -0.10855352668392 0.0716118844785168
0.0224391963656767 -0.027829775200479 -0.114256037763212 0.0689480309662414
0.0403256393177582 -0.0265273428100756 -0.11535630609447 0.0761857050958949
0.0520472895146168 0.0165439551372129 -0.077146857260067 0.0975775776405019
0.0309013784497323 0.047209304219561 -0.0339314301489768 0.161060029618307
0.0052366824998481 0.0858141991882024 -0.141954587898405 0.0354368596731204
0.0260746015708778 0.0447993944967028 0.00168217254004172 0.027887474838901
0.0312003491530832 0.0104362715226735 0.0676633111411675 -0.0661198088982788
0.0129969233064907 0.00832999891391226 0.0484443115354441 -0.135615822245099
0.0247885142836435 0.00889404547234354 -0.0261627537070894 -0.155259317909599
0.0339291858297323 -0.00526310615764185 -0.0837702974203962 -0.104174918556192
0.0258478115957941 -0.0190501960225425 -0.0978776372405869 -0.0454247420693242
0.0228717654476223 -0.0241163906283984 -0.0948030184354993 -0.00260023219255838
0.0308782420678016 -0.0374344864590997 -0.0827646841672685 0.0388320447665716
0.0528731381957691 -0.0266139362910285 -0.0887805800281727 0.0680490169157977
0.056053520041041 -0.00449511197849255 -0.0990624350249096 0.0772444999237199
0.0591470509216791 0.0157423907158883 -0.114736175608713 0.0718211731804747
0.0528714347552225 0.0326556132753118 -0.114479613895541 0.0617812558813004
0.0355343776289396 0.0768222418970849 -0.059483571866731 0.0714839065027031
-0.000651816661076639 0.110486987088163 -0.0100495020315815 0.130999368148522
-0.0325360528359515 0.12251629215976 -0.117740708090841 -0.0095193356585772
-0.0130864561016392 0.0969505197949319 0.0316345624812571 0.00128593575816543
0.0212752862707942 0.0772782375086158 0.0878707705185443 -0.0976000816464992
0.0339833321243984 0.065297713744088 0.0519503470678156 -0.158205969857933
0.0563621719369836 0.0432824062489412 -0.02586838797245 -0.157193092506232
0.068472772001777 0.0122766329436307 -0.0734115965695402 -0.103266928104829
0.0612263867969422 -0.0173848060421947 -0.0808721459415657 -0.0497191210241438
0.0519254355086483 -0.0270160448811169 -0.0755131122347397 -0.0123675228402281
0.0595511490653435 -0.0431625578840056 -0.0615073021194503 0.0290567723639498
0.0865993128208483 -0.0244707909033075 -0.0636560761372244 0.0651273688553167
0.089749533593061 0.00733174947401827 -0.0770947372720274 0.0865344714215318
0.0936631792305585 0.046028461338557 -0.108891389674604 0.0828065325256932
0.0691609272821796 0.080065548333986 -0.118339130536874 0.0542211528327968
0.0227314900535916 0.124957107545835 -0.0515151629977335 0.0394989508580609
-0.0283905762601807 0.157111848186899 0.0165565354987698 0.085181182897631
-0.064529771696613 0.142626831718155 -0.0777019290467575 -0.0592849156616083
-0.0484873977400656 0.139183527815626 0.0673318017287934 -0.0308651885877674
0.0112438155675789 0.138902783821239 0.110695752447364 -0.12339793202847
0.0573955910525273 0.117522967887685 0.0600481903848866 -0.171900118367547
0.0877810773087984 0.0706546854237711 -0.0150304111439802 -0.149900468423746
0.0963979791878903 0.0258508515636565 -0.0516035770085117 -0.097865406005148
0.088305483594192 -0.0141668043311905 -0.0512939963497584 -0.0509890095434905
0.0726374315062779 -0.0263459711334205 -0.0466240564606039 -0.0205176355587455
0.0788499696062371 -0.0408316284073327 -0.0321955275179182 0.0192544282154187
0.10536898880731 -0.0175813464118548 -0.0317256055365406 0.0590645010907867
0.108233859770695 0.0180981359540217 -0.0474765200636486 0.0926127959597565
0.113391122906845 0.0673723390167827 -0.0969844901476145 0.0924385326439591
0.0767597851833927 0.113540527301817 -0.120771368576108 0.0466625467185888
0.00709397535903276 0.154858235311626 -0.0499586719864396 0.00599591272122963
-0.0545835059773372 0.178713232085323 0.0422855475106712 0.0325755352003191
-0.0825404843084084 0.141417938160469 -0.0313779468897525 -0.108426572254011
-0.0742319303196438 0.157288396616398 0.0973337794464134 -0.0686349861347495
0.000874701711366327 0.1758883852684 0.12552837406993 -0.139709117958826
0.070601413280107 0.150780088198154 0.0686796637898469 -0.170025644222579
0.105839215815947 0.0852104033590163 0.00693295277453255 -0.132334146181876
0.109866997584557 0.0345979557575633 -0.017570485524013 -0.0885126903885972
0.100842511336554 -0.00938235151559628 -0.0144575495890447 -0.0508661347278728
0.0824655105353208 -0.0213680436567195 -0.0114081226342823 -0.0256654370546503
0.0862813255120475 -0.0314025956795875 0.00149053044328112 0.0122076418522932
0.108536196617268 -0.00412607963659124 0.00168382133399742 0.0544613433618802
0.10862091988924 0.032506855879267 -0.0180919025295697 0.0967102207799963
0.109704559229793 0.0867543816441556 -0.0822226261410677 0.0975069396481169
0.0645293817580861 0.133472365008226 -0.117103535193373 0.0371607526204059
-0.019133338504907 0.161892942397783 -0.0470077837215421 -0.0246259133985305
-0.0796990959691003 0.171150896623151 0.0680482624249133 -0.0161386223293327
-0.086058500964326 0.115865595498943 0.0123630355652506 -0.151003466909861
-0.0858878795160639 0.145929940837336 0.113410735082296 -0.105792488631888
-0.0113535555306892 0.177201088628217 0.127372781472001 -0.142570575936055
0.0668383755905154 0.153761645369975 0.0750595753790054 -0.151247330307803
0.10163980444209 0.0854155528355127 0.0342172314998386 -0.106671085739496
0.103980729270216 0.0366952635180933 0.0231237991419816 -0.0770539989473548
0.0963052943876941 -0.00407233236438903 0.0245240865343706 -0.0497009311695018
0.0788983258710699 -0.0138144750733172 0.0238867858532252 -0.0272150845895931
0.0824540993162822 -0.0166081815026087 0.0356173209844643 0.0120041409065022
0.0971432509111844 0.0133257055182954 0.0324872672394658 0.0563988966383967
0.0921975920338379 0.0490333747754182 0.00759818218120035 0.103258837348089
0.0842519504765933 0.101055070110646 -0.0672316638356756 0.0986032108898211
0.0325883455882618 0.138434437306122 -0.106111585511384 0.0274804019339953
-0.0527847998028874 0.143350006874868 -0.03658424161589 -0.044551760284541
-0.0976487903538081 0.134626528982559 0.094334647386592 -0.0521509572408177
-0.0745956933548115 0.0697878563381517 0.0437143054958588 -0.176764091585756
-0.0841397859972278 0.105831174347113 0.112273191674481 -0.132310132466481
-0.021057037367724 0.143928921383006 0.118663044919934 -0.130015778296907
0.0470769676175409 0.126957060425275 0.0805075329790111 -0.120515766630852
0.0761579364949606 0.0699552498799183 0.0632551871042064 -0.0810017153064569
0.0780197928606444 0.0339576141820033 0.0602695600955141 -0.0685863086607692
0.0758143767611268 0.00363755903429232 0.0575198664418199 -0.0480684805645907
0.0636064756795681 -0.00449706463592306 0.0546730774068138 -0.0240827150813244
0.0661463617934547 -0.00087579370378683 0.0651434053457731 0.0190364274010808
0.0733703557362519 0.0258754618229222 0.0560088172941123 0.067877283366348
0.0641092527699652 0.0562001377250531 0.0239955022288459 0.115139434740345
0.0491212904214037 0.100704618141654 -0.0540779744061773 0.101659097213324
-0.00559263148762411 0.122709225302597 -0.0875182807792834 0.0238418392087778
-0.0797866189449239 0.103867163398756 -0.0180081622099173 -0.0490288545120572
-0.10265564133736 0.0786503564644458 0.120035592754815 -0.0683545142601142
-0.0535525516848496 0.00847236886601489 0.0590086882184465 -0.181655919953539
-0.0709489281477814 0.048378508732372 0.0983647511446804 -0.137191852328978
-0.0284643598893011 0.0856655710502153 0.111287389839962 -0.104487113707555
0.0183389176145622 0.0786376074727033 0.0899223663188625 -0.0905220965562768
0.0350119369628846 0.0435565267522288 0.0874210821587944 -0.0651654919266299
0.0374736604893024 0.0294982357422624 0.0856032122899227 -0.0651445496646125
0.0428812736775285 0.013926458452027 0.0782032561538329 -0.0462275553304848
0.0391985542930983 0.00551623818160883 0.0757542578651512 -0.0170349820235368
0.0405274873063509 0.0102900561643139 0.0856000473411443 0.0303732741188308
0.0423885129925952 0.026111673569464 0.0701191835365559 0.0833736452730371
0.0352910736238171 0.0461600844550084 0.0307787850249902 0.129749083036292
0.0197685771570178 0.0797768559863193 -0.0450209031257597 0.108292740684895
-0.030478631490091 0.0891322421959667 -0.0685182547577044 0.030557853884205
-0.0862340454064492 0.0520762278488254 -0.00153871127437284 -0.0366577978175158
-0.0878495890482157 0.0148046735672939 0.13759694792663 -0.0658979828583998
0.0424663987505964 0.0329608669812632 -0.138884022752913 0.0768538889372004
0.0560142780452727 -0.0117554073411897 -0.00652310735465145 0.0526258444410842
0.0342059684600848 -0.050523032373167 0.0615269550627738 -0.0373232140250872
-0.00587744799989901 -0.0411315108134431 0.0474098227687032 -0.114692592474981
-0.00474077833239785 -0.0251264348372881 -0.0284202681277659 -0.143911755735797
-0.00267524239054167 -0.0214689933743982 -0.0855916106719753 -0.0949081713258306
-0.011452925587145 -0.0179801337897363 -0.101220060219259 -0.0334379475910852
-0.00935677751280158 -0.0162692073680167 -0.0975909928250665 0.0110555579817077
-0.0062264513731786 -0.0259512665284546 -0.0873163605401194 0.0483673359398837
0.00864627341775365 -0.0295019493693491 -0.0958589682507258 0.0713158659766161
0.0117172304738158 -0.0231857204058794 -0.101606631299196 0.0756579931417001
0.0198863411087733 -0.0286003925908622 -0.108395666663551 0.0735597148029642
0.0373339257277891 -0.0274047477217901 -0.10939177044884 0.0800629524553985
0.0521610483231159 0.0131826257975232 -0.0737646303077304 0.096492725780199
0.0322922978163005 0.0431438016378985 -0.0280067390573953 0.156224325395591
0.00919593028238559 0.0816109543937872 -0.136922678047803 0.0400131591062574
0.0267196187638435 0.0410428651449534 0.00347507979199658 0.0261803847516429
0.0301616670784468 0.00715167962222141 0.0631881070271865 -0.0678947088298382
0.0123302840771789 0.00716551885768581 0.0417716737936152 -0.134941048984461
0.0240985808228658 0.00759454855503203 -0.0324738101910798 -0.150814244743188
0.032023983329065 -0.00627497216972745 -0.0847842258302405 -0.0993559071374078
0.0245334905600039 -0.0191385055580402 -0.0969748745538041 -0.0416209233428087
0.0215329915683272 -0.0234900322197948 -0.0927309478936771 0.000792399561607436
0.027911602713978 -0.0365495052581867 -0.0790776752763614 0.0411524430649663
0.0503099666746756 -0.0280710589161838 -0.0830823080236256 0.0699300110326125
0.0543113815201315 -0.00667860890291947 -0.0928667721408163 0.0814980781929695
0.0578846437572669 0.0122511928847465 -0.108673523026395 0.0770093883123123
0.0525289663086368 0.0299595363262117 -0.110636982102853 0.0665703334739327
0.0383617033391402 0.0721818071623367 -0.0581159850291296 0.0716220169544818
0.00516652793622104 0.106093515845852 -0.00615167087727965 0.126173277800812
-0.0267110585316941 0.119179281676728 -0.115818426651593 -0.00481059320960011
-0.00885313161225339 0.0937063573773364 0.030604728089546 -0.0013822244504796
0.0231361438156385 0.0723795791992834 0.0808703131270613 -0.0992373133479981
0.0351557712233541 0.0612388872222378 0.0431911469246207 -0.156767653942559
0.0564917217416736 0.039537562364068 -0.0315819434815059 -0.15246047721896
0.0663631843092837 0.00896690818416655 -0.0750270545263328 -0.0984275640161086
0.0591070133825356 -0.0182768686557086 -0.0805593116127157 -0.046472620968064
0.0491159779046817 -0.0270194836560103 -0.0742826541352652 -0.00888470895659058
0.0555800444500116 -0.0424252265157644 -0.0588245844725367 0.0308463416110727
0.0821032440810234 -0.0274303409603819 -0.0589102555817193 0.0662141451005052
0.0873726010649405 0.00369896522980918 -0.0705126638828693 0.0896280746658555
0.0918839424907551 0.0402586129049519 -0.101989154888609 0.0879401547042777
0.0702418387001468 0.0749420957427658 -0.114227664072118 0.0590535893451101
0.028415293792552 0.119756347461649 -0.0520883913277617 0.0401622623934949
-0.0201815489119672 0.152462697543804 0.0173905406389698 0.0808035874613643
-0.0574478334710811 0.140288800473756 -0.0790659175529218 -0.0538975150472001
-0.0415631131079548 0.135987798949537 0.0636493833104607 -0.0331673057939751
0.0171025659232982 0.132376730208616 0.101791260342401 -0.125148525749665
0.0604213882370441 0.111134522138496 0.0503110334396081 -0.171241235857066
0.0879853975059594 0.0646186979260561 -0.0210626895311919 -0.146263786335356
0.0946507128192129 0.0212153101561902 -0.0538301579259111 -0.0933173475174822
0.08484426480106 -0.0159263752012404 -0.0522323988660932 -0.0489922565170739
0.0692315027375319 -0.0270535033300346 -0.0464462286164113 -0.0182462588371713
0.0738094186547963 -0.041679866618311 -0.0303576334066747 0.0202668047171979
0.101034408872247 -0.0211798561386081 -0.0282941994110519 0.0593125615622368
0.105961331667519 0.0134677704187873 -0.041755515949259 0.0941324286373207
0.112211107551192 0.0602880510577391 -0.0894760210255116 0.097148722813521
0.0789541169031508 0.107257870705527 -0.116325539325044 0.053011290617816
0.0133873325304205 0.149649981342332 -0.0518803478437707 0.00849041689867175
-0.0443508191276334 0.174469839587225 0.0401947090128836 0.0284782788008673
-0.075857827650158 0.139869273232394 -0.0357962561120446 -0.103267812841892
-0.0654708581296372 0.155538917242494 0.0908847283826505 -0.0708174618814174
0.00844628305947189 0.170250682591533 0.11536128035899 -0.142362107396506
0.0749301747765676 0.143128827973185 0.0583851989929582 -0.168799675155041
0.106042522039312 0.0787681761772285 -0.000252715545240437 -0.129716286331504
0.108090832905797 0.0285103195567383 -0.0203086432915235 -0.0849746496182335
0.0975850847459834 -0.0123582900123743 -0.01643099886715 -0.0503654269533323
0.0784936064805213 -0.0230215458433255 -0.0129406548625526 -0.0246719352633865
0.0815279935129924 -0.0331057770128372 0.00227918586651421 0.0127698708038551
0.104816559322638 -0.00853851809601981 0.00457111523934879 0.0536507506778346
0.107186375277609 0.0276471779951136 -0.0124283602031378 0.0965727038664481
0.109383103683661 0.0794831740782842 -0.0742441115324114 0.10200775389485
0.0680430797514012 0.127347103964791 -0.113950511196674 0.044191607879637
-0.0116372718900594 0.156611605315292 -0.0502379831743475 -0.0210254073922942
-0.0690617816148152 0.167809788851752 0.0633091375471524 -0.0199343624482399
-0.0795553241654515 0.116057159333399 0.00484285044131455 -0.146031842589672
-0.0774906122963553 0.14533297712907 0.105214878286718 -0.107775313822827
-0.00281876585273101 0.172758995938965 0.117150338470436 -0.145040506609828
0.0711380213598828 0.147733976135403 0.0653361994858827 -0.150732496116411
0.102401351057779 0.078521421331888 0.0283985903083699 -0.105247294268507
0.102493010036323 0.0316438086004957 0.0190125137295468 -0.0762352451075913
0.0927266350660963 -0.00695474961609015 0.021109681065979 -0.0506891864619704
0.0760154471508163 -0.0154504699560599 0.0218601439853442 -0.0270316202511394
0.0779271942717129 -0.0182449830105154 0.0353994758590675 0.011461637772186
0.0936606381745271 0.00912866444359449 0.0344170169431873 0.0550140131407551
0.0914444017383877 0.0441396556017471 0.0123413968167425 0.101486862994859
0.0853388936557862 0.0938877425224665 -0.059932355671285 0.102880196610323
0.0369873391206143 0.133218758091363 -0.103288088731684 0.0343332408009689
-0.0447872480263016 0.140904527383777 -0.040279364306723 -0.0406792694489434
-0.0885655354901782 0.134375979301019 0.087783661591346 -0.0552362391729835
-0.0700535570005824 0.0710280792874941 0.0352128803309318 -0.172878164362702
-0.0774498822237009 0.107425205468946 0.103109831964817 -0.132470299081309
-0.0142213332366616 0.141137004542246 0.110112974564366 -0.132727789513697
0.051637363934732 0.122135302693299 0.0730859454633538 -0.121404747490936
0.0771924148916046 0.0649106605522025 0.0580524954380731 -0.0823156413089626
0.0774616303001883 0.0306693193718898 0.0554958738505529 -0.0694073618355103
0.0734994203092605 0.00114874202037968 0.0534255502884535 -0.0504073328286595
0.0610723905486131 -0.00613753962430968 0.0521245864772431 -0.0249114125347034
0.0635153026066218 -0.00318348489975209 0.064118772990517 0.0169275307951768
0.0714166708237393 0.0220178117397932 0.0579711173245476 0.0648157650982966
0.0650263895443442 0.0522942684700126 0.0287418404479069 0.112345043939179
0.0520269975237694 0.0949606842952503 -0.0479941570853485 0.104664706516006
-3.88574277215598E-05 0.119570439881406 -0.0852422740182589 0.0291918758916681
-0.073599733625773 0.103835539477585 -0.0217173454805973 -0.0450572537084569
-0.0965933846889336 0.0807965342909457 0.11294943810993 -0.071724463079547
-0.0528017015472933 0.0109971100483946 0.0508910106251529 -0.177753864209921
-0.0673796869393998 0.050877520648929 0.0900087620023388 -0.136985509806217
-0.0235168232358624 0.0850244483478101 0.103641559079139 -0.107330124862229
0.0219110255402439 0.0770601177784345 0.0838430096044147 -0.0931870847427098
0.0365473334945078 0.0409818294961235 0.0826175764535254 -0.0677978917598258
0.0378771901265183 0.0274392756461429 0.0800995509973875 -0.0670842813701834
0.0420032282371917 0.0118585887372943 0.0741142239596124 -0.0486676452087299
0.0376814212887168 0.00389933774387653 0.0727255733454696 -0.0191215521155051
0.0394581816641777 0.00846018384526526 0.0842123061173924 0.0269112137099692
0.0416608708478993 0.0235717387445385 0.0715612848030364 0.0800595426961634
0.0366474280841692 0.0435340100241011 0.0353613737281294 0.126046919231854
0.0232982563678994 0.0758913507193874 -0.0390636611580554 0.109740123266464
-0.0252869974757641 0.0873031136336886 -0.0666594226347802 0.0347719831350112
-0.0813668889458078 0.0544616584813735 -0.00448566177827177 -0.0340985979180177
-0.0845456285727248 0.0192406690423382 0.130819138336362 -0.0697987981939076
0.0424687922412391 0.0289644393797386 -0.119087494017778 0.0953638237925208
0.0519826725735965 -0.0179048148684871 0.00396398504264832 0.0504655014938407
0.0249590074165611 -0.0527825629691882 0.0574443934330691 -0.0479555324279026
-0.0130165241740478 -0.0393488102416363 0.0310088331375102 -0.12086212985985
-0.010877901673614 -0.023141949807238 -0.0483111289632419 -0.137481936928942
-0.00635812847551781 -0.0190059779154869 -0.0950587697873882 -0.0824644453794499
-0.0125077790190326 -0.013944652801774 -0.103240279202489 -0.0220262982951403
-0.0101510174363321 -0.013512106017215 -0.0928914889926818 0.0228252573025609
-0.00881663899831584 -0.0221087480667202 -0.0778148844577892 0.0584894406281403
0.0038471118596971 -0.0273348543380905 -0.0808178469713912 0.0836919139520921
0.0085645472853617 -0.0219346921213449 -0.0858777223424409 0.0885038722680628
0.0135283484441695 -0.0285724026540606 -0.0926407031047658 0.086795597519554
0.0306126897392972 -0.0286518633761659 -0.0931228967856535 0.0936307115303967
0.0494977918829632 0.00625925809688652 -0.0591208427516737 0.102696923567124
0.0357658957775732 0.0396123567394069 -0.00935778613524713 0.150657119701359
0.0159395105205148 0.0770365583841466 -0.124567801521321 0.0617742450435831
0.0300809952978755 0.0340940823481024 0.00824399478435477 0.0255442138305168
0.0272532489780719 0.000670719668915678 0.053202816624431 -0.0733115149783248
0.00925120405224166 0.00306697912075211 0.0214263255432626 -0.135706583871378
0.0199475653972003 0.00413093898292944 -0.051318159224558 -0.140321239977701
0.0281226408196237 -0.00850349816703754 -0.0935673944759889 -0.0861652709295335
0.0211771460943835 -0.0198303746324866 -0.0985606457010481 -0.0295746347954037
0.0185522069558649 -0.0228754305605922 -0.0889398230280885 0.0126162732334888
0.0219742687320355 -0.0358832962281162 -0.0709274802283277 0.0510840199504095
0.044205228531866 -0.0314078394839592 -0.0694500080452366 0.0813953880371479
0.0502408529573963 -0.0100031231170543 -0.0768771286045694 0.0930380401621861
0.0541364440386225 0.00641036106454907 -0.0932679460574045 0.0912311599909546
0.0502777094538166 0.0233032106605544 -0.0960938562700211 0.0821451898291114
0.0438661018970266 0.0633882757500513 -0.0488501480240405 0.0759242097009196
0.0164301095554738 0.101428032709247 0.00646401343148035 0.1195811886973
-0.0151516917493767 0.114936271584889 -0.113269517026806 0.018726498953317
0.00245221383794016 0.0869728907116687 0.02818234743065 -0.00307059173350334
0.0282170457330776 0.0612053778489359 0.0634246200760503 -0.102397984946656
0.0369548315484623 0.0497314198572645 0.0195811453540528 -0.152947120746315
0.0533885673149342 0.0302027760629145 -0.0492872855832781 -0.140200054468991
0.0623357370740749 0.00225197314572431 -0.0825280449526277 -0.085340988211863
0.0535525576398519 -0.0231403819897517 -0.0818655449580283 -0.0351183067862642
0.044221236751667 -0.028598017431814 -0.0730918458613798 0.00101626404436461
0.0478532620655602 -0.0447502594034586 -0.052773421089442 0.0389583415255333
0.0747518776493978 -0.0340784384787734 -0.0462194308977807 0.0747148221714706
0.083224278217125 -0.003607331875612 -0.0545360232919762 0.097098471422703
0.0896036556274501 0.02932152426317 -0.085181704973206 0.100655736993591
0.0717794005491456 0.0639943648808 -0.101992833543998 0.0771302072982267
0.0401852923879826 0.108973385022975 -0.0487930005492731 0.0457222028439047
-0.00273512446021914 0.147643370467573 0.0228459333573305 0.0726149425325024
-0.0417164576015065 0.136073192358369 -0.0872213546079163 -0.0320399660390692
-0.0231838811875366 0.130151346289059 0.0539540287851163 -0.0369567595688676
0.0292078331277258 0.117438532207316 0.0776479643541858 -0.126206836037488
0.0667969430333077 0.0923001505948167 0.0233829681733163 -0.162941304196816
0.0861381978042281 0.0498471975558545 -0.0363206375996355 -0.13306987581013
0.0906145393891447 0.0106122893511035 -0.059772625463942 -0.082109059160381
0.0775582030911399 -0.023899963413251 -0.0536930894957518 -0.0405232651913247
0.0633058862990563 -0.0308594492044867 -0.0472850483033013 -0.0106792903529048
0.0651065094198429 -0.0458916046010949 -0.0273548361770902 0.0259373932531063
0.0937001612997427 -0.031081010420683 -0.018222558157293 0.0638800560452761
0.101471153424987 0.00382142317778448 -0.0260865041840773 0.098742288583201
0.111562214505839 0.0458592055341816 -0.0726073344899813 0.108527169908313
0.0830311540733664 0.0932296417940008 -0.105172351894333 0.0724508674446123
0.0296124177653775 0.138027523068257 -0.0536185515795086 0.0153647189305444
-0.0234399513089221 0.170305554219259 0.0380836408894651 0.0206629851555982
-0.0591440843852248 0.137135531657234 -0.0550400944996623 -0.0855021353625885
-0.0438610593240533 0.150773401406139 0.0726321567620287 -0.0762900417704904
0.0258246196318668 0.153047880377284 0.0868374775268697 -0.142073455122291
0.0844490241387712 0.120426660064361 0.0307233849757667 -0.159993360597572
0.105784999129787 0.0603977121986473 -0.0130456433528161 -0.118820119147863
0.104583578722343 0.0154573962710231 -0.0260088089885251 -0.0781745295207344
0.0893180965118094 -0.0222137008841855 -0.0185013670014492 -0.0459869573239486
0.0725666960951214 -0.0283783162090469 -0.0151385877024157 -0.0213294899074688
0.0735892210773583 -0.0386913598402388 0.00324041242419851 0.0142617952034232
0.0989347826351516 -0.0191383420380627 0.0121899111143903 0.054691420660176
0.103760483217403 0.0175402961320507 0.00285133010320117 0.0961979260137471
0.111617863842562 0.0638318793576666 -0.0570907407014911 0.11051667343745
0.0750254904605477 0.11308848097157 -0.10417295793395 0.0639731392871229
0.00674206370120972 0.148475197210019 -0.0558611039313105 -0.0126955313936773
-0.0471534291563877 0.165711188615081 0.0539253612606618 -0.0282506555371549
-0.0653639478037819 0.114574190954303 -0.0225588547120352 -0.133346199672907
-0.05692488490273 0.14298398547039 0.0805011900540897 -0.113618119920179
0.0159126542278433 0.157214547656097 0.0868824780319682 -0.144685103898115
0.0829842101809743 0.125047972038219 0.0400230475648205 -0.143388834327432
0.103329003229132 0.0608327219190959 0.0179243905079813 -0.0996572597757455
0.0999644639675372 0.0186566824866526 0.0129503609939197 -0.0749271451030323
0.0860861200891791 -0.0171362364724687 0.0177620807314892 -0.0510418018163284
0.0697596747280998 -0.0217346424102513 0.0178853278141208 -0.0275957403951901
0.0720327239368169 -0.0250918125910643 0.0346286670571863 0.00821490468363833
0.0906560824863172 -0.00137087984811665 0.0404178571800239 0.0510038989911659
0.0907526127950526 0.0344869390491726 0.0271351640191866 0.0974563288130693
0.0911132917791393 0.0811248338345788 -0.0431250432509918 0.108583435351119
0.0470932709496247 0.121079840144068 -0.0962232227280079 0.052578752119837
-0.0268487797374614 0.137284726543903 -0.0477983280500279 -0.0330632234874068
-0.0696119044652904 0.135565742930503 0.0739580047005546 -0.0645014429507767
-0.061578593431269 0.0713883125727763 0.00346477698505122 -0.165209882323203
-0.0609840343385433 0.107837466695838 0.0752029857490823 -0.138301943374666
0.00279190845452222 0.129667971618555 0.0818409778110696 -0.134185636761036
0.0629164395390531 0.104945173951838 0.0508618560277657 -0.11809066199869
0.0789241862900197 0.0505711316841352 0.0480149806084364 -0.082430254347664
0.0762593919362523 0.0203096905020662 0.0474450076456157 -0.0732628438225008
0.0689186206905783 -0.00735664911265493 0.0485932066001072 -0.0549962133604707
0.0570362675932503 -0.011194550173252 0.0476435535422086 -0.0297862886862781
0.0603022346310797 -0.00937100128428646 0.0635574776092109 0.00924195483154956
0.070645291769921 0.0133078827017109 0.064720588832079 0.0570172764885326
0.0671704330593333 0.0441179039106039 0.0440161477716915 0.104695103710836
0.0592008122872105 0.0854951717463337 -0.0317225461003596 0.107978221905619
0.0114110048231997 0.112607247968853 -0.0801654608931366 0.0438297599749887
-0.057850966490307 0.106154775126152 -0.0297321579415268 -0.0405630582417189
-0.082328029200079 0.0854575727935554 0.0965773280243854 -0.0832491328275709
-0.0500734849713327 0.0133408893964441 0.0191733539766214 -0.174976186130691
-0.0580143802956953 0.0548900590150074 0.063292144874274 -0.142840727844434
-0.0112964851353243 0.0799922978728497 0.0808366021652135 -0.113115444211674
0.0302600109414351 0.0665260362360464 0.0657481859776183 -0.0962695860694191
0.0381998289650181 0.0329012082755248 0.0712342523445601 -0.0748233164398234
0.0387734214902568 0.0208935727185613 0.070099724442086 -0.0751622122616078
0.0411062215525869 0.00523251110572649 0.0674665964359576 -0.0560393211795422
0.035764620607917 -0.000229390099959267 0.0680512133023535 -0.0267899301713438
0.0381749105796624 0.00354327493361398 0.0851958076238038 0.0153486598955005
0.0428262452796426 0.017529072407759 0.0807226064304463 0.0687937261233761
0.0394593538635331 0.0384958962734506 0.0527500708629287 0.11660606366425
0.029821715549876 0.0705300236745625 -0.0219084351062171 0.111401292646433
-0.0154827531729351 0.0852896522149678 -0.06071665459274 0.0458771088467162
-0.0707471095254147 0.0616056602763112 -0.00979414645692099 -0.0323270061280674
-0.0775936627445322 0.0262616603843221 0.115185332147172 -0.0836026269333936
0.0416935940989266 0.0289445287569907 -0.120142011239237 0.0888675403975068
0.0512512086535872 -0.0166387885489988 0.00275816840857863 0.049505738662384
0.0252615027412685 -0.0515581135825856 0.0588214515012456 -0.0456814740940502
-0.0120599056253366 -0.0383160614500104 0.0345088873530206 -0.118155730029324
-0.0103189303564326 -0.0225680902646841 -0.0428622147645122 -0.138236596566498
-0.00595359112693615 -0.0188390435747225 -0.0903271553014875 -0.085529313648216
-0.0106394777030175 -0.014217977738504 -0.0994817430362426 -0.0254206247560357
-0.00858193105302019 -0.0134011897176843 -0.0921158366951502 0.0186077552262071
-0.00697680160920116 -0.0210951187346723 -0.0785290589269192 0.0540256790391466
0.00450480505278487 -0.0267073731425802 -0.0817165046261946 0.0795476354020263
0.00911160013498142 -0.0209379002612285 -0.0863183831073173 0.084357000376909
0.0137781093358019 -0.0275462849050079 -0.0932640365880134 0.0826416565645364
0.0303437237606592 -0.0268785324571349 -0.0943135418518201 0.0888268959238325
0.0482778827640641 0.00703158461533633 -0.0633359902977242 0.0987007846327672
0.0336914577523896 0.0395377714094599 -0.0162924318410797 0.14592866332446
0.0127986489113416 0.0750959612169599 -0.124781719894092 0.0564085757490657
0.0280341425539443 0.033911943117221 0.007247318884535 0.0245499531458685
0.0258080961510737 0.00105761796767337 0.0551677565486078 -0.0707496355968787
0.00834170329176482 0.00350912831597772 0.0258394617060134 -0.132895333869699
0.0186802678073372 0.00500640915058426 -0.0454201443334954 -0.140473948163135
0.0276358146089247 -0.00751765678263259 -0.0882517001239177 -0.088505668609149
0.0217301017733643 -0.0181417900432677 -0.0955879715684953 -0.0326954352170583
0.0195551211240919 -0.0206391044071936 -0.08784007429001 0.00884714634259661
0.0236522693837737 -0.0328390289169271 -0.0713853385535088 0.046795303445296
0.0440059856469359 -0.0287607405531581 -0.0707865011039134 0.0771006403793249
0.0489469961515328 -0.00765675391903545 -0.077276203150376 0.0894646598140815
0.0516683896618903 0.00821900742502359 -0.0937961422901227 0.0870160447599348
0.0481342141330982 0.0251329583898384 -0.0982400755782544 0.0783529075299933
0.0403772604578947 0.0625383434451734 -0.0535520976150728 0.073030312913957
0.0123242250650093 0.0982567450373827 -6.81409603816844E-05 0.115568794927744
-0.0186436878111707 0.110634504512965 -0.112060206314996 0.0145259882226261
-0.000966146191904235 0.0845212284246725 0.0282125059421287 -0.00271626744216003
0.0242665764860876 0.0594525797549227 0.0653826417942046 -0.098010739325904
0.0341755020984326 0.0502033418504221 0.0237217755898618 -0.149863222255721
0.0511700580201142 0.0319384532292521 -0.0430048402982148 -0.139317826318387
0.060360520181996 0.00470784943593316 -0.0769689027004578 -0.0877088012796059
0.0528489480193801 -0.0194609672813912 -0.0788907285322184 -0.0385609817111392
0.0448121937506217 -0.0254100246242137 -0.0716428223131832 -0.00206685703906043
0.0481327587858904 -0.0404450278650885 -0.0531563454396921 0.0365572249123292
0.0742874395185091 -0.0299142190828838 -0.0480050647637928 0.0716244747533323
0.0810093086042178 -0.000520684975802636 -0.0554151145521056 0.0948840427094167
0.0861991551714888 0.0320570523644321 -0.0857072792881002 0.0975030836433614
0.0676763056764812 0.0654516871850828 -0.10298808502276 0.0737818228108481
0.0346027714400343 0.106622924321652 -0.0521427054990451 0.0438341554303137
-0.00752308918432303 0.142174161501015 0.0174768242452563 0.0712725973063019
-0.0461050542203543 0.130356088164815 -0.0857241676593856 -0.0341982508039794
-0.0281682520417556 0.125680472233533 0.0532550985129719 -0.034825028030145
0.0235025144997196 0.114321684537365 0.0792950234581322 -0.121340446216771
0.0614614988777805 0.0924987023820572 0.0271948202191863 -0.159154636100278
0.0821939404063819 0.0515061941413607 -0.0313794192104174 -0.13175313817721
0.0876384114719462 0.0137895170271822 -0.0547281225423651 -0.0834773711885208
0.0770565067074609 -0.019066530026552 -0.0518874383134637 -0.0428255633265522
0.0635480559998331 -0.0267034660670428 -0.0463136470871505 -0.0124716863705494
0.0649065883869727 -0.0406352167218574 -0.0272449498704333 0.0244109582634638
0.0920427565673491 -0.0258374759806275 -0.019434500259229 0.0625993790085874
0.099264070103986 0.00765313899899578 -0.0280034285920773 0.0961329675206772
0.106379441105677 0.049121943236305 -0.0726420127021525 0.105147911592992
0.077508006877462 0.0941183026626845 -0.105914242965261 0.0695602655422205
0.0237800287066151 0.134806307864993 -0.0555360107534039 0.0146781972861037
-0.0290977969575789 0.163368790341555 0.0342571276246825 0.0210397374105993
-0.0630935037184159 0.130907079901156 -0.0514784532990887 -0.0841242101305722
-0.0489141464562142 0.145640882845492 0.0739646445129104 -0.0719437967693933
0.0197550776713257 0.149697495794694 0.0892463277727049 -0.136131250472812
0.0787855565661469 0.120349527445764 0.0345370297730666 -0.155611777736801
0.101304727235762 0.0634037487547173 -0.00911271298786048 -0.117261229263203
0.101401062858427 0.0192743248860905 -0.0221281623746915 -0.0775289372251716
0.0879999297665968 -0.0174035266677827 -0.017132877065762 -0.0469316479943656
0.0716542666344486 -0.0240180350028037 -0.0141914757288989 -0.0212699303695243
0.0728581206917426 -0.0335272579872966 0.00293393159816433 0.0141201707427556
0.0964315162090098 -0.0142801825990877 0.0105559662810412 0.0545329646416111
0.101286895360097 0.0208529625020833 0.000218331321090843 0.0958829089432332
0.105616361900014 0.0669544640957612 -0.0576718834962218 0.108339374171374
0.0694087229748257 0.112675011774088 -0.104855653461827 0.0624439052658027
0.000954309144399635 0.143700292798516 -0.056393944125512 -0.0124870267864557
-0.0520526693969504 0.15861622898354 0.052167377435488 -0.0262159111771737
-0.0683946014815444 0.109604543049467 -0.0178930652924215 -0.129170622392676
-0.0605817168325914 0.137999187825817 0.0821403733524155 -0.107785461522206
0.0105030747297136 0.153655743669409 0.0892586483626316 -0.138884048556182
0.0772582286090291 0.124872706742158 0.0431449251402303 -0.139356349718822
0.0993152242896836 0.0634275443475457 0.020926723672411 -0.0977137625683484
0.0975683234721928 0.0218398739016678 0.0153849971964824 -0.0730572917117107
0.0846239819213161 -0.012586099094187 0.0190047148948486 -0.0504688292041218
0.0690179269557428 -0.0175490082549898 0.0183806508819647 -0.0265969372025039
0.0703677361954974 -0.0201649639442903 0.0343833939369526 0.00930021224003459
0.088198248941395 0.00235151662729102 0.0387270564612746 0.0520637068312696
0.0883246449575284 0.0373477339671551 0.0249537765214857 0.0974602114776663
0.0855659035595824 0.0822754755849919 -0.0441711927346124 0.107519652765884
0.0415127188686204 0.11964553901649 -0.0967228405290557 0.0515900127540018
-0.0314825684928583 0.132648714912401 -0.047477420777947 -0.0323204749671622
-0.0724512603922959 0.12888072636611 0.0725899197914948 -0.0605494409751974
-0.0625637030821252 0.0678768671685007 0.00953868788111304 -0.15982386380977
-0.0632310481875396 0.103544478484051 0.0783299424834249 -0.130989248228163
-0.00131734287051627 0.127538942895588 0.0844599676365898 -0.128499633034985
0.0589469305372406 0.104676834211107 0.0531840766429732 -0.114587987590112
0.0759461110132157 0.0523249996972584 0.0496615262717218 -0.079697144123663
0.0738097705855854 0.0219544786018275 0.0490970583435677 -0.0703525719153348
0.0674895520665578 -0.00406951277847581 0.048758154626497 -0.0529242164518337
0.0556974799579961 -0.00847993097618427 0.0479741291515254 -0.0273129026694029
0.0581996235607927 -0.00615879392007976 0.0626721688534796 0.0120466889541145
0.0682922731231086 0.0154784690111171 0.0621148106700027 0.0593045512272824
0.064007736053694 0.0454529227054288 0.0400154620437446 0.105174878629158
0.054450265131535 0.0850244397848098 -0.0326139639229912 0.107037945471603
0.0076007365940424 0.110335864514072 -0.08077411766451 0.0431070420653671
-0.0606225344511876 0.101492829144358 -0.0288979937143243 -0.0387883046308462
-0.0831997329477608 0.0799215552512785 0.0959163362732705 -0.0781830667533001
-0.0500645253737121 0.0123571018740418 0.0252947726461127 -0.168822435951591
-0.0577509389127571 0.0522047489584692 0.0673051119781767 -0.13500956550805
-0.0133705630278881 0.0783416146007584 0.0822406023489965 -0.108205937533113
0.0282041414806026 0.0663234851052346 0.0672962875673527 -0.092588005340613
0.0372598812637957 0.0331602602216365 0.0723587021345506 -0.0710633682315329
0.0377840881208049 0.0219388111223141 0.0707273892937372 -0.0714210967174543
0.0390908278234498 0.00683801202013977 0.0679355780642383 -0.0530292899212826
0.0348012975839355 0.00137770879149389 0.068112232648072 -0.0241378139722509
0.0372248260133995 0.00515896964193753 0.0828680248919289 0.0193852933225355
0.0403991971130258 0.0189328901661821 0.0770244293302227 0.0715593583283064
0.0374144044681089 0.0386769805628081 0.0482387156294322 0.116329927802432
0.0271797159496174 0.0692088382402563 -0.02476590805182 0.109923720458826
-0.0175249141845115 0.0827984027232032 -0.0622261676562691 0.0447813380323289
-0.0716345064102852 0.058082998594621 -0.00970357377858108 -0.0306547305737164
-0.076168437186733 0.0236284337896656 0.115034273274491 -0.0776525760004003
0.0412837229682259 0.0309109448842968 -0.127232867353884 0.0839426780558551
0.0530640913846715 -0.0145891731708246 0.000786425884155744 0.0498386184118495
0.0271586314057529 -0.0514508286691247 0.0634038337103399 -0.0442289895963665
-0.0106739796697243 -0.0392362415992629 0.041686518666651 -0.119867179108164
-0.00953727900207452 -0.0231243950774115 -0.0368810580568245 -0.143703571880879
-0.00552094750733139 -0.0197044507811119 -0.0871080435320555 -0.0937364621520151
-0.0100799119197231 -0.0146708952579322 -0.099810016128023 -0.0323580471472268
-0.00762888862252532 -0.0137315054991877 -0.0957550053562471 0.0134902901679946
-0.00594880712061469 -0.0211957995425613 -0.0834011019260071 0.050514685912099
0.00604456238179995 -0.0263476339049855 -0.0871526775238253 0.076365815970901
0.00958368495155411 -0.020703248756682 -0.0918998058468051 0.0817658086642757
0.014900812230089 -0.0270026337119397 -0.0994866984006805 0.0793261491042511
0.0323622397075122 -0.0253393067692246 -0.101023010851469 0.0863626176981542
0.0489063053677913 0.00916118759017783 -0.0717188292448761 0.0960854212642226
0.0316457981288603 0.0412607384161071 -0.0259524691700787 0.146181623715704
0.00963007847449938 0.0754036590234147 -0.13159335785373 0.0510280999913785
0.0265624319264142 0.0357685331132409 0.00667132719968428 0.0252329471530513
0.0247764867557752 0.00145429603916426 0.060233599853456 -0.0695022249140229
0.0079084954870841 0.0042944259496843 0.0327743342039265 -0.134679686971066
0.0186023067595352 0.00658495050498512 -0.038873641047503 -0.146810770847587
0.027724450635547 -0.00593323732886152 -0.084994023424414 -0.0966884388171701
0.0236313368237364 -0.0161033499122745 -0.0956551891942249 -0.0395984451195884
0.0217552221690495 -0.0193082108397899 -0.0909220663601234 0.00423515545523159
0.0258759035598565 -0.0307900822409068 -0.0756880130142105 0.0438071087548474
0.0458606453270894 -0.0266113871242638 -0.0759362615536281 0.0753049800719603
0.0504317564631212 -0.00472356232575846 -0.0832173034473845 0.0876241991251096
0.0520476833643406 0.0113445223877126 -0.0992398972003691 0.0845812411939272
0.0469443317001702 0.0281062101301889 -0.104824119154334 0.0759206591453866
0.0374977077551027 0.0646141554484994 -0.0601941241433134 0.0719068514012844
0.00695214531546526 0.0994012308011405 -0.00819925549669382 0.116761011189917
-0.0242916110067518 0.109744718888894 -0.116433971974459 0.00981043542471208
-0.00585179613067844 0.08489628280262 0.0283914613403294 -0.00151582117332119
0.0207047783899704 0.0608148484629912 0.0718040527766135 -0.0968384836658427
0.031226673105564 0.052688364770732 0.0313103172534982 -0.151701351294675
0.0503862590489769 0.0353622084958218 -0.0365672502372989 -0.14541205318114
0.0609942099215997 0.00811454455062246 -0.073769365327004 -0.0943746810261529
0.055351139973448 -0.0161582146126432 -0.0786896614965857 -0.0448348800984415
0.0476623788027504 -0.0226519747499548 -0.0737991944326284 -0.00572292315967855
0.0513668631856529 -0.0367453495772081 -0.0565476615531714 0.0338751717854557
0.0765738574040979 -0.0261572433319029 -0.052290027798767 0.0707586609774454
0.0822599808585764 0.00423894401704065 -0.0603570900130114 0.0948926146119313
0.0849727818887543 0.0372651670094962 -0.0913909831189458 0.0966141893270488
0.0650142717391155 0.0705740015763118 -0.109465787171445 0.0718028971629553
0.0293203924700941 0.109448736935837 -0.0575196599904772 0.0427371281450277
-0.0158365599811123 0.142697427084444 0.0112852604244652 0.0727124010098709
-0.053994385931797 0.129718324423151 -0.0865574720391561 -0.0376053456644943
-0.0358580884739294 0.125889317114307 0.0563535277961702 -0.0324562886316288
0.0180385811377618 0.116621272274176 0.0874649315424181 -0.119713510900209
0.0571826367508524 0.096990456995865 0.0356438602533625 -0.161333197960552
0.0810102866737309 0.0572022824964491 -0.0252538201924909 -0.136914554122357
0.0880636310124976 0.0184707117629179 -0.0511595702829352 -0.0885287521077086
0.0788833358278742 -0.014689429564156 -0.0507442567103891 -0.0476271284925419
0.0661749453491965 -0.0224351049763159 -0.046578061582474 -0.0154308310354433
0.0686482566127255 -0.03602043485821 -0.0291550079581582 0.0227015137487529
0.0943325037530104 -0.0213102747538466 -0.0229470408946331 0.0637094644750178
0.100339829548554 0.0136561301437229 -0.0320649931534019 0.0977566288853889
0.104637164730231 0.0559853816599778 -0.0779092975125769 0.105489843777004
0.0737988038865377 0.0998855273814986 -0.112413897553352 0.0681508286792196
0.0162875726340833 0.137151451387785 -0.0595288154940707 0.013475723657834
-0.0382990228378099 0.1630627742355 0.0311746938550684 0.022510038644403
-0.0717101335487148 0.129576454026729 -0.0483982919488502 -0.0867647466110919
-0.0575620830309441 0.144899921346051 0.0781582409450193 -0.068797748814944
0.0120846813184123 0.152496080713821 0.0973583540814539 -0.133947724427913
0.0734198288732682 0.126445725357036 0.0426317240697238 -0.157344660432235
0.0999489768627629 0.069602033840952 -0.00298570882315922 -0.12035315059821
0.101941668557773 0.0249969907247842 -0.0179721244118037 -0.0813159287642088
0.090527946798715 -0.0122730067510528 -0.0156262700869365 -0.0498673182451926
0.0744991187070528 -0.0192535015087877 -0.0139396652931366 -0.0220710126164492
0.0756540521554848 -0.0282633252923135 0.00253909202056872 0.014456041723005
0.0986356514573762 -0.00855284455850623 0.00818864421521669 0.0566883690058472
0.101969310200514 0.0270121988211432 -0.00369560454669869 0.0988212995765676
0.102948934847837 0.0736314485968572 -0.0623384251785958 0.109539842931901
0.0641581116177582 0.118366415646443 -0.111249576365422 0.0609330031749711
-0.00758188989451075 0.145523927283898 -0.0589545893952007 -0.0138198872104971
-0.0612592105774267 0.157264828315277 0.0521610922025525 -0.0236938863990207
-0.0762555948097128 0.10792496835358 -0.0115144968074546 -0.130551322599591
-0.0698108340782574 0.137168021499903 0.0889825000974182 -0.103747706144713
0.0024109844702437 0.156753048416536 0.0974294065300449 -0.136599308200951
0.072670144071611 0.131643828722461 0.049911923522201 -0.140116956590862
0.0977906123617767 0.0697604694421414 0.0263828337224438 -0.0983817606887082
0.0973699335068235 0.0276230003325914 0.0194810204208643 -0.0740410716074856
0.0866171128900085 -0.00721673173559134 0.0214541397151681 -0.0512339656395848
0.0713517996700816 -0.0129499823645951 0.0204297700522556 -0.0260467902313258
0.0727421411325805 -0.0157308646400129 0.0345164065203067 0.0119464818139881
0.089141489770656 0.00780273024242514 0.0372551656148172 0.0566420908802508
0.0877160411574797 0.0422795090171946 0.0204885674904643 0.101869339951845
0.0818882778850255 0.0884791784390137 -0.0488503132235348 0.109366488317385
0.0362732012155152 0.124057729798878 -0.102260577108945 0.0506694068411177
-0.0399852047073651 0.132386034193356 -0.0487384537633995 -0.0332627099764339
-0.0804051156700951 0.126781980931887 0.0757687340629016 -0.0580298914735231
-0.0675616567864287 0.0665111560430915 0.0178142580861584 -0.159896588152663
-0.0698517195808453 0.102915957234534 0.0862499422376472 -0.127838534120376
-0.00759907192887496 0.129333478643013 0.0930069309242745 -0.126600320822885
0.055936115992808 0.110156722338985 0.0596436787071799 -0.114168836191996
0.0749851000483861 0.0575638689636534 0.0550342390607305 -0.0785905020212271
0.0745215107649061 0.0262711601844913 0.0537634323705565 -0.0691600800054022
0.068383039698821 -0.000194707455623757 0.0524571561292705 -0.0518390907897382
0.0573086709594847 -0.00472626482632563 0.0503965697913972 -0.0256380597678496
0.0592193344998455 -0.00191003572127015 0.063357141465246 0.016070851111164
0.0679976423725626 0.0205266114669757 0.0607106627166709 0.064626042479487
0.0630789701806492 0.0495969119574731 0.0362134801506182 0.110541424902968
0.0505986991995151 0.0895494042443032 -0.038303788640712 0.109070944456
0.00170611795822678 0.112161898223114 -0.0856411814302875 0.0429614247102044
-0.0675199623311965 0.100022070508822 -0.0287421607575161 -0.0395417476455835
-0.0889663385865062 0.0773530243963349 0.100832413408865 -0.0744112132784248
-0.0513111589080074 0.010937834199217 0.035945234661688 -0.169348775916823
-0.0618866831583918 0.0512381898304218 0.0752770616377022 -0.132738569332559
-0.0169045698839973 0.0790607808826048 0.0899190402348504 -0.10619907371208
0.02689722623645 0.0697123167456737 0.0731358258601146 -0.0909739774010061
0.0369161536689702 0.0358594606921391 0.0774330398148756 -0.0692343963813401
0.0378604879668848 0.0243540611850324 0.0756676327360755 -0.0692344957957158
0.0396931341354948 0.00946805935170274 0.0722096792279809 -0.0508901255410126
0.0346493836072529 0.00377695456191967 0.0710966399864659 -0.0205602469648208
0.0370365458749231 0.00774207987808506 0.0832967734269861 0.0249913446497873
0.0398051690307293 0.0218374794919944 0.0749899642333858 0.0781954830014381
0.0358667641401155 0.041176411895514 0.043437456085278 0.123014227997109
0.0241927604114376 0.0713384323946316 -0.029796840392418 0.112514765525396
-0.0218467562984891 0.0826929100208844 -0.0665339106234835 0.0450426880471225
-0.0760371357718193 0.0552738115740215 -0.00928516920615971 -0.0306447506101183
-0.0783792811602585 0.0210591778560199 0.120207579366072 -0.0728105558809274
0.0434282777922481 0.033156953905252 -0.138938277180447 0.0843133623220102
0.0573393343094767 -0.0140790506538112 -0.000275471106186251 0.0527232999496824
0.0297220538322694 -0.0539589494829971 0.0705668418872145 -0.045222071768553
-0.0101381425921313 -0.0415518712920676 0.0492379836259149 -0.126399980538878
-0.00964190816740763 -0.0247589683701237 -0.033931446177121 -0.156277330911189
-0.00536564693882634 -0.0211811454176984 -0.0892217714547157 -0.105522050662288
-0.00908583903431733 -0.0158085986527958 -0.104965338096924 -0.0394030906555371
-0.00678039447479865 -0.0140496902137695 -0.102747807772106 0.0103239666424292
-0.00480696056345104 -0.0220455686208537 -0.0918528059365512 0.0499976112400932
0.00703736795177257 -0.0273816695645838 -0.0960811537990706 0.0788934892042067
0.0104567418461831 -0.0210201485570904 -0.100216777716226 0.0838972900334103
0.0160393866934715 -0.0278185639826144 -0.108772107976097 0.0811644868160218
0.035004991719879 -0.0256455043500947 -0.111553730867928 0.0878488058435836
0.0513307837440299 0.010934278542169 -0.0817839497673444 0.0988911031453168
0.0311159317038207 0.0446064146701608 -0.035505065932937 0.153054766351677
0.0077880812164667 0.0790140547131083 -0.142385316216842 0.0492703854361055
0.0262861937915624 0.0385779395625921 0.00622944746312488 0.0260844498806311
0.0255562544297474 0.00171507086096873 0.067477686626608 -0.0721626211042785
0.00749515232825399 0.00478802524365598 0.040645253330161 -0.14265693728937
0.0194107875085613 0.0080327862990779 -0.03555490466057 -0.158797949698966
0.0294674710368851 -0.00520488538208686 -0.0858361388238035 -0.107946120367316
0.0261821536205871 -0.0157572803559873 -0.100001907994819 -0.0472196576663682
0.0241609350441289 -0.018785273757868 -0.0978546908923292 1.00522355616534E-05
0.0295778440609716 -0.0305690620167659 -0.0829713056887931 0.0430376469350229
0.0501944975045939 -0.0254377428137823 -0.0837895860991924 0.0768215462738385
0.0527732581827289 -0.00278565941323954 -0.0914578267005004 0.0901139853901445
0.0531983006966424 0.0147791673035491 -0.108871179159338 0.0867882408367218
0.0489326297835038 0.031817390607308 -0.115065985655903 0.0779694575180567
0.0366520908682381 0.0694868549962959 -0.069102455251739 0.0743266970059448
0.00302979480017827 0.105006659406101 -0.0161033386288955 0.122490905300736
-0.0307328957799274 0.114381248035124 -0.124985599184139 0.00650781993230704
-0.0104336708334403 0.0894489878260909 0.0305954701283446 -0.000905939887893584
0.0187234470555664 0.0646122972857949 0.0803424796159114 -0.100300519145665
0.030545570998191 0.0571417095234293 0.0393316276979826 -0.161019142218963
0.0518340617388889 0.0397241182495956 -0.0334031857510963 -0.157537399990937
0.0640678611699795 0.0115778449557827 -0.0735532639932171 -0.104814285131695
0.0594581578299122 -0.0140675903813159 -0.0816769649283463 -0.0523903007873211
0.0520779859568725 -0.0210100007194033 -0.079408279061741 -0.00963609961847715
0.0563825074329408 -0.0350068686700705 -0.0618374136501465 0.0337410355342172
0.0823838488846188 -0.0239741421215446 -0.0583897650821103 0.0735935740467576
0.087082153209478 0.00842730862687395 -0.0681234008643122 0.0992268667337459
0.087695958208902 0.0439481519678023 -0.0996764961577942 0.100392159426051
0.0656502784904997 0.077737447389603 -0.120424068459521 0.0740849884120613
0.0254512276373211 0.116131577464838 -0.0649467824952116 0.0445560121290609
-0.0232726465434025 0.149386231441996 0.00649212461248051 0.0768997838600057
-0.0623831684218102 0.134090537159509 -0.090743545988487 -0.0420278027179986
-0.0438082766622519 0.131535210831389 0.0611129842554608 -0.0315643577232969
0.0135103976020709 0.123936508687617 0.0972897871286538 -0.124036973957641
0.0567567274541967 0.105248590503986 0.0432975729775664 -0.170080688494057
0.0836964620404068 0.0640836920511025 -0.021370609653757 -0.147539948500047
0.0921492098502166 0.0238066551567348 -0.0503743085106036 -0.0973895646119487
0.0845141854089794 -0.0113077694360943 -0.0522033650130467 -0.0542648394559927
0.071782248762771 -0.020067720673649 -0.0499262753424226 -0.018191006452052
0.0744470627089807 -0.0336671621208041 -0.0322033817266423 0.0234172717843994
0.101491998860416 -0.018068950277919 -0.0272831095025077 0.0667123624271259
0.105887635366013 0.0191341133173575 -0.0369024804073623 0.10374376688118
0.108064503570915 0.0646272862525319 -0.0848370155677542 0.111080242466553
0.0745357103034433 0.109231602829232 -0.123156101845125 0.0706386345666128
0.0100576984115747 0.145525182683137 -0.0660128042936922 0.0138364746803252
-0.0475987329976881 0.170114695983842 0.0293944473073064 0.0249427395206955
-0.0817069545166655 0.133906338356851 -0.0489157595986631 -0.0921878439968197
-0.0676384598655425 0.152654227803662 0.0860953610671228 -0.0684748274034481
0.00623768307825339 0.161259734646291 0.108375221890187 -0.1383883080873
0.0731912352644815 0.136819279643887 0.051201122539953 -0.165832266585212
0.103354903006905 0.0784990730906219 0.00166072694969083 -0.129240428599503
0.107332605050939 0.0309438060720092 -0.0155023789994496 -0.0881118185762046
0.0963849266836952 -0.00754074993111497 -0.0151349074913004 -0.0549060609378571
0.0805687917787175 -0.0156927180549018 -0.0142867617836593 -0.0245678069956088
0.0815259464783906 -0.0251353611715487 0.0022513346606268 0.0159223879046249
0.105200330110669 -0.00437917105116793 0.00679470023536771 0.061655623522091
0.106779014697769 0.033241103960308 -0.00622134079947819 0.105877705736328
0.106145737041413 0.0833885573816879 -0.068808452065648 0.11571095002594
0.0633460255802571 0.128134335715792 -0.120905660613195 0.0634944226208568
-0.0155159410671394 0.153432243882811 -0.0635741684371223 -0.0147668487859987
-0.072318396338632 0.163400681257162 0.0541198801710193 -0.0232304616149209
-0.0854862900836105 0.111285756857421 -0.00652256462269137 -0.136801917357036
-0.0793549690177931 0.143138126506817 0.0986922570283147 -0.104464502453914
-0.00350889815016037 0.165682011406303 0.108767880861319 -0.140936183704039
0.0720704067027538 0.143046193856299 0.0584320635380251 -0.146536200041888
0.101473810400329 0.0780584366782326 0.0322820559265697 -0.104374864846294
0.102930050416529 0.0333635602930166 0.0245425955589654 -0.0787529184709501
0.0924375304858218 -0.0028507575900274 0.0242435972699465 -0.054602315066206
0.0763924523920599 -0.0101318309336828 0.0221835048779215 -0.0266442494567752
0.0777364988593682 -0.0117827269719554 0.0366724692925498 0.0141510959307217
0.0940590598726552 0.012833730145371 0.0378226225123173 0.0623188889030975
0.0913588116882054 0.0489935917871158 0.0187882630994796 0.110124386492411
0.0831831923214801 0.0975751206149867 -0.0544298304976485 0.116056160508738
0.0334325587339862 0.133333118176934 -0.111305147121547 0.052665257761637
-0.0484983270700399 0.139078073203014 -0.0516883483319974 -0.0349683036000798
-0.0906889463217865 0.129831775939447 0.0814659651938491 -0.0581921575911704
-0.0748367116925966 0.067917884467543 0.0267653694316014 -0.167622088581942
-0.0783139874453264 0.107340537285342 0.0983088221691183 -0.130141763431967
-0.0124816519942346 0.13708636497775 0.103570035919415 -0.130491053558376
0.0556047587109935 0.119686575576429 0.0671860684771617 -0.118899060846153
0.0780606197178434 0.0638953349142925 0.0618423123436112 -0.0824622934938565
0.078233296516065 0.0313726490463851 0.0605137979799378 -0.0725322895289792
0.0726050782398572 0.00389835674022704 0.0577565640010846 -0.0537710271910633
0.0608665726210698 -0.00191474826217751 0.0539239409442519 -0.0252077149550065
0.0630121387981246 0.00164763469997657 0.0675259440472908 0.0201299153920642
0.0713301081184813 0.0249646030960726 0.0627745634269157 0.0729155155262064
0.0649669964972999 0.0556446894712361 0.0351842265199054 0.119670545282752
0.0499086388479027 0.0970707068388381 -0.0436057213579995 0.116481059963413
-0.00224364930338675 0.119223442212467 -0.0933283741454885 0.0454470853912717
-0.0763212870815528 0.103660740705755 -0.0302624200174333 -0.0408993483841202
-0.097370443838738 0.0782773929135843 0.109395139423362 -0.0752799726422815
-0.0553554029146136 0.00988236707636583 0.0465018649250928 -0.176738174357149
-0.0670917935367257 0.0526277818898975 0.0862713890363037 -0.135636207784053
-0.0202877753678884 0.0835353492956724 0.100496939850088 -0.109471802578604
0.0268469042985704 0.0752136007561692 0.0812552965163441 -0.0946168560836204
0.0379719556411874 0.0399441727857491 0.0856925555283302 -0.0707319222379123
0.0397220007281643 0.0273280519150252 0.0831728354290387 -0.0708503000296357
0.0412540152635051 0.0122678560977014 0.0785334516197186 -0.051671667358518
0.0362992307906563 0.00559233373345572 0.0768644968314925 -0.0193499285018178
0.0389600563422908 0.0101460727492099 0.0879690595138154 0.0305104732341606
0.0409700152359075 0.0252338519969949 0.0773644387679464 0.0874030830253807
0.0366066712725743 0.044957669226099 0.0417610351675643 0.13333682794083
0.0232411827404231 0.0766126442198278 -0.0360031741050388 0.120026719449173
-0.0259388910974172 0.0871277899313639 -0.0733273514355871 0.0475419115251666
-0.0831249039809424 0.0568379126514341 -0.00946167783494254 -0.0314293142458964
-0.0841843904409674 0.0197613461019968 0.13025274200677 -0.0731450981473366
0.0478336322213175 0.0343412020158938 -0.151946372207215 0.0920025290257356
0.0619592309197472 -0.0156910005281618 0.000479475407971566 0.0565993634764657
0.0314375117586681 -0.0589971002106452 0.0785966371685129 -0.0504221596143326
-0.0117455725081683 -0.0448950605112538 0.0537168439810026 -0.139040300984402
-0.0106812616185403 -0.026258143637699 -0.0380435590007775 -0.172077655220968
-0.00629852219875279 -0.0230727826333832 -0.0974538608495354 -0.1172826289507
-0.00924231975223337 -0.0169948272358838 -0.114611742139287 -0.043647110606389
-0.00651021305827559 -0.0151867774354997 -0.11246006411295 0.0109220828086116
-0.0039543721077762 -0.0236152829407319 -0.101161512102592 0.0543387627818403
0.0077188546649173 -0.0291953763942334 -0.104482579674018 0.0867513111477029
0.0109012668924356 -0.0231625420897354 -0.109065875493762 0.0915109561780489
0.0171377511269378 -0.0304453240702745 -0.119083403314454 0.0893162431402112
0.0382205944239074 -0.0282798455123112 -0.121912466663428 0.0971819193252337
0.0554355500181288 0.0118851364647309 -0.0907897499585115 0.107217059230049
0.0349409164051167 0.0484038120038528 -0.0410054990794086 0.165341948400385
0.00814607178324117 0.0836981294164062 -0.155970502735985 0.0547535264639825
0.0283742415722128 0.0409464777846551 0.00752688592485215 0.0281494507743102
0.026522639407264 0.00177025210354703 0.0749086751228927 -0.0789438941472669
0.00749945825562858 0.00561388828192352 0.0444409163475919 -0.156684459226259
0.0210708801060015 0.00936672136397898 -0.0395302266985815 -0.175137773171216
0.0314551370104719 -0.00502463065880127 -0.0933291807189268 -0.120028717175135
0.0291613227128383 -0.016643166666007 -0.109200540269688 -0.05274719595786
0.0274657237741676 -0.0197419744592977 -0.107750401886692 0.000699180241280564
0.0326045670985278 -0.0320378631159739 -0.0912829430405193 0.0471449309977485
0.0543215230140603 -0.027338371883817 -0.0910684912402032 0.0845962568201016
0.0571650224789352 -0.0023842664964692 -0.0988428962482084 0.0993342573424878
0.0578741981439356 0.0163510634215688 -0.118111373576239 0.0960460652457596
0.0530573808167416 0.0347259248510991 -0.126271270152446 0.0864379596109885
0.0388758797758844 0.0750943945793864 -0.0779458406130086 0.0811503387904791
0.00329879191007552 0.113780446382795 -0.0201111173227166 0.132375344875339
-0.033913933715343 0.122397998585036 -0.13698425134031 0.00870337612552112
-0.0119425708488851 0.0969024851456543 0.0337672783992859 -0.000770924269661621
0.0196372012598328 0.069635432034968 0.0884042255132377 -0.109851203625191
0.0328209819685335 0.0625091239337912 0.0427877232203774 -0.175661204361791
0.0560791575056873 0.0436578990533474 -0.0366864629961888 -0.172917143310289
0.069114268917672 0.0126532771556401 -0.0801594941650627 -0.116523761372053
0.0655190929094623 -0.0141154158552657 -0.0901433816244878 -0.05844615667886
0.0575071793905603 -0.0214686751238597 -0.0875481997082917 -0.0101967127662524
0.0622558657602392 -0.036873673061552 -0.0679162624395213 0.0366750105039879
0.0899697589134894 -0.0255135052596445 -0.0632099436173377 0.0809267069208768
0.094552644717593 0.0100966712967713 -0.0727896944331386 0.108937366860859
0.095302766449639 0.0482369812855181 -0.107834621425257 0.111214111272287
0.0720089454108507 0.0847104216913391 -0.131229263738047 0.0832987020239669
0.026437278077012 0.125650088916691 -0.0735554912544614 0.0498128882675286
-0.0253907144941436 0.161737523522162 0.00449463698617847 0.0828913719949304
-0.0682070658813639 0.144317061324813 -0.099782172803749 -0.0435026801650944
-0.0479405040123733 0.142562433759117 0.066741834876335 -0.0339031351824302
0.0136079578997727 0.133589031915703 0.106474409874315 -0.135320220016011
0.060746183424371 0.11466951258584 0.0472720623280162 -0.18636870092068
0.0913371946366436 0.0703512160863481 -0.0236275567648062 -0.161935220124926
0.0999762273739358 0.0262147066843523 -0.0541501337429591 -0.108036408247324
0.0922964282738522 -0.0110997617585524 -0.0581447562750428 -0.0609951975551025
0.0790355008250736 -0.0206674890340308 -0.0557368351500601 -0.0200078658700019
0.0820451651865264 -0.0348114878900419 -0.0357190458876179 0.0259145051066964
0.110101454482737 -0.0183863050136335 -0.0286019036647129 0.0741301977168226
0.11503402472206 0.0213031370251714 -0.0392475809588822 0.114263096946218
0.117502785300976 0.0715146423773049 -0.0908141577187775 0.122556417633478
0.0811115181832412 0.119113842353388 -0.134395831415078 0.0811806851446644
0.0102990419839426 0.157513750881012 -0.0740465267841057 0.0167586894449928
-0.0524075056285018 0.184309892346687 0.0298552823908018 0.0270200744101208
-0.0890280494170747 0.144819474537278 -0.0528809450053191 -0.0981260929129846
-0.074231303948926 0.16519596860138 0.0942701004571095 -0.0734851671474858
0.0060205078293153 0.17483995249844 0.11810490140891 -0.150848218088498
0.0795464291418481 0.149158415733487 0.0544877364772536 -0.181093112395553
0.1127927832941 0.0854827868036817 0.00128734883230992 -0.141922416515214
0.116911501989573 0.0341811248013213 -0.0163014121925223 -0.097257335580164
0.105577472550131 -0.00686881825883619 -0.0174830524585198 -0.0611151778512447
0.0880228391036389 -0.01605449944036 -0.0166225151424911 -0.0269089645037124
0.0896837230232345 -0.0251878473481795 0.00222407672603046 0.0175071605988647
0.114132618957775 -0.00363822340764928 0.00826118949881133 0.0682522258415794
0.116015422694722 0.0368805112230745 -0.00545823584602104 0.116856333308075
0.114555548740713 0.0924053985791369 -0.0725206230307509 0.128063435180292
0.0689303798652719 0.140006054816232 -0.131605498630351 0.0731806319976893
-0.0184981735557549 0.166883229597749 -0.0713013419470403 -0.0136233396238054
-0.0787003147421826 0.17659983726774 0.0570718345761389 -0.0253424299699542
-0.093431539278199 0.121046413709584 -0.00668384189630497 -0.146771735990727
-0.086454308361345 0.156124593513275 0.108765018812646 -0.112098445976353
-0.00341451495776229 0.180375905474201 0.118113484929262 -0.154112811088148
0.0795977620608604 0.155954704491381 0.0620472193766715 -0.160336544757596
0.11133905426063 0.0856684053249596 0.0343972098111682 -0.114889116869802
0.112438891419929 0.036582571232999 0.0268419928775354 -0.0869242725393998
0.100918875189428 -0.00167278549854304 0.0255500373161966 -0.0606417931685146
0.0833701449658956 -0.00980053622756113 0.0237731438924437 -0.0294263106667319
0.0849865997527191 -0.0113345839230778 0.0397770831522355 0.0161124614813877
0.101902779856142 0.0150508653548403 0.0423423248828914 0.0700242980655108
0.0992856483707822 0.0536316220124059 0.0219008165744642 0.121878368303158
0.0900693426811076 0.106954160606413 -0.0571995220639772 0.128276723431289
0.0365834094023153 0.145116252214062 -0.121066861664308 0.0616339755821758
-0.0538969273661871 0.151024045376314 -0.0578074712306174 -0.0358359524987323
-0.0993769534193034 0.140917048248012 0.0870949637484733 -0.0634499521351278
-0.0818356461812824 0.0740393702071376 0.0302980403085832 -0.180281296120945
-0.0850274466865541 0.117098826835264 0.108037007653902 -0.13940515741839
-0.0136461036526007 0.149499698414262 0.112681929928375 -0.141990600765514
0.0624039231578607 0.130746781327121 0.0723730671337018 -0.130598237995798
0.0860143170906614 0.0695465129423358 0.0677317561569879 -0.0906458059983282
0.086164877409674 0.0339260069792239 0.0661418016023637 -0.0793984160823818
0.0794414081401589 0.00482455689592511 0.0617504410938331 -0.0593249671776801
0.0665489268500693 -0.00139700873488571 0.0590884231463579 -0.0272867976813915
0.0686805422952104 0.00269344447239112 0.0736701104716216 0.0225058573470734
0.0770497491270949 0.0277219798714664 0.0690615672719451 0.0809864308292699
0.0704296873801405 0.0605977048462868 0.0384935273739522 0.132225868198076
0.0546855318526222 0.106307847316367 -0.046225832447714 0.129156542350001
-0.00205359854161439 0.129530086425977 -0.101907751929461 0.0528160341082789
-0.083986042827425 0.113035601216178 -0.0336009881866516 -0.0429137281954989
-0.105753124955606 0.0857802557694361 0.11787663114177 -0.0818480729398296
-0.0601464548851588 0.0117425030339027 0.0524386591297531 -0.1906149594555
-0.0723712189114146 0.0579275278569906 0.0955691897458721 -0.145272145031973
-0.0216177539406962 0.0912771310965351 0.109080120178494 -0.118774792905021
0.031630565078306 0.0816754931205534 0.0879221387217307 -0.103569745437588
0.042322391749836 0.0436813927767721 0.0937403418443477 -0.0777443642661464
0.0435650420153574 0.0296616244831714 0.0910743121834382 -0.0779546242280876
0.0454130007999808 0.0136841874134226 0.0852716643172354 -0.0575515174280476
0.0393541663031806 0.00659425079758274 0.083393140316844 -0.0211377805768575
0.0417469820906262 0.0113604929708429 0.0964122818078207 0.0339985579115703
0.0436724370541977 0.0271961923483349 0.0849433662976667 0.0971943354223961
0.0400629282488322 0.0485046613384884 0.0456193433061392 0.146057032279828
0.025836507288597 0.0831740335284645 -0.0385032820486869 0.132895270274857
-0.0273063035453881 0.0946158401705386 -0.080522577705728 0.0546805359737048
-0.0910368393139159 0.0622474641853925 -0.0113568353622247 -0.0328158053700111
-0.0909193135864587 0.0220537979441004 0.141332198678036 -0.0792991266075874
0.0429414131916313 0.0472903725050558 -0.175485927684362 0.0702903696747527
0.0693199486111595 -0.00518507597426758 -0.00625405931195454 0.0591497572757968
0.0428416357692384 -0.0568737234119126 0.0963141330781911 -0.0448802796944682
-0.00667110541737684 -0.0498445751441172 0.0837345852096744 -0.144666542954258
-0.00997992552842156 -0.0293752439481171 -0.0119001502256045 -0.194886306446529
-0.00460326015743723 -0.0248706568216688 -0.0841493370984978 -0.146226003223128
-0.00615617390203174 -0.0196037825845371 -0.115059345498879 -0.0698732461370078
-0.00336496899861325 -0.0160350166748472 -0.123322766214288 -0.00931081798586964
0.000896979063496925 -0.0252076625507673 -0.11975388458628 0.0413954240642846
0.0135615186396472 -0.0289727526827128 -0.12651366525577 0.076218383924097
0.0149072080499729 -0.0204022872279293 -0.132422923959079 0.0797072875598779
0.0218053278113939 -0.0286795440349254 -0.143873161990412 0.0755316610403817
0.0445259397474478 -0.0219527757786008 -0.149134731130276 0.0838858424602441
0.0547369907905039 0.0244950069637363 -0.120395412138674 0.0955021500347946
0.0274248257212012 0.0621620447566358 -0.0795888621614957 0.163500780086257
-0.00942258561528307 0.090795034033919 -0.175152869202046 0.0324975522528541
0.0221191045694726 0.0471746251263347 0.00467275143694522 0.0318225563455077
0.0257503082870908 0.00475925995734195 0.0973876201648648 -0.0716641555651076
0.00372061185364507 0.00591129996937521 0.0767460199691442 -0.160745325334724
0.0162662349005142 0.0141464714855457 -0.0109644899688281 -0.19605864132333
0.0316780265559039 0.0015373437270357 -0.0786641947350385 -0.147974195250583
0.0341855124248777 -0.0114107817551135 -0.107662321482431 -0.0779674530784516
0.0339608267765123 -0.0132730030835116 -0.116709092401338 -0.0196669231870485
0.041641967460067 -0.0265595031608181 -0.108147925264735 0.0358988605449668
0.0630918608911959 -0.0167751119055924 -0.112940351912209 0.0770269151376477
0.060415905301673 0.0120592161189712 -0.123874694239766 0.0893361855682404
0.0556945894198321 0.0296197785144247 -0.14746039547338 0.0822677150449987
0.0469097547313146 0.0489868210798624 -0.151781571458327 0.0708701861286652
0.0230233812075212 0.0884070113102749 -0.10071657100134 0.0679691679958517
-0.0210256708807154 0.126881087036164 -0.0476259146656877 0.129924620804962
-0.0618946661071533 0.121286615920938 -0.147820976590168 -0.0104611237644024
-0.0310159230397098 0.0975948039510417 0.0361997467847787 0.00778186782425511
0.00464869312662274 0.0731933358492317 0.11451509339044 -0.0973621740746284
0.019242796591614 0.0687756739075611 0.0776492957099516 -0.176432251401714
0.0464704497623746 0.0566739885318988 -0.00648566091273834 -0.191458567892648
0.0684946386198068 0.0277769178395456 -0.0632403996952584 -0.140410244238236
0.0708130997959856 -0.00148660194972963 -0.0855387849774003 -0.0791333206886385
0.0664829219621884 -0.00813477050829129 -0.0924294492239898 -0.0272393952796703
0.0744964970349837 -0.0245265890828969 -0.0815621202374681 0.0291095521652182
0.100615361804055 -0.00731330844749296 -0.0834947000446902 0.0786651821820114
0.0974808339959769 0.0343657714778618 -0.0992724614838053 0.103999997405422
0.0894266200966394 0.0721069138482865 -0.140627113977577 0.0993375794477845
0.0548425593174215 0.106072418714378 -0.157596641772866 0.0659747302438392
-0.000988446642450977 0.139908819558001 -0.0896669557476317 0.0343050547048763
-0.0629947550574513 0.172078930630117 -0.00947714788920228 0.0806386776231993
-0.103457191978247 0.136171279052441 -0.100883592674509 -0.0568181205343736
-0.078067151494147 0.137982004213203 0.076006462827125 -0.0195996708696621
-0.0146144016094423 0.138288016385636 0.137949555561178 -0.116228391022181
0.0382694173148983 0.127557617253289 0.0852499704078797 -0.183269298115765
0.0780508974544107 0.0909202692394764 0.00845324401877918 -0.17569530528928
0.0985550619432415 0.0476751400980411 -0.035922201311304 -0.126297190949352
0.0994887108501999 0.00753444221011595 -0.0495935039739715 -0.0744382819383937
0.0884113694283111 -0.00233342572167012 -0.0567691476531275 -0.0309642304740414
0.0943368448766452 -0.0180853292127691 -0.0443156202690485 0.023366633748612
0.121290678112356 0.00434844679430565 -0.0444091702313489 0.0780517903580107
0.117888824790439 0.051032817777546 -0.0645838021135119 0.115477707823015
0.108957694037887 0.101389087098073 -0.126125216728486 0.114800153340668
0.0567730243630325 0.144819771136803 -0.159086061801796 0.0621237491057403
-0.0257183452332362 0.170402496138602 -0.0830115025587297 -0.00169568766036809
-0.098133317323532 0.189654145550439 0.0309736199131913 0.0258046355886851
-0.125343758682539 0.131826219336591 -0.0416527432634614 -0.104729549831322
-0.109639359904143 0.155940715621532 0.111404239513166 -0.0554073034288541
-0.0300842361675102 0.179980970973093 0.152503571944106 -0.128086499622051
0.052129314837907 0.167606186017753 0.0919448355400861 -0.173412662819595
0.0985929058852566 0.110255048847433 0.0332315942804839 -0.148846181056571
0.115789339825851 0.0593190021071734 0.00259461846561118 -0.107457391009993
0.112397000602659 0.0135614219383361 -0.00555093270675425 -0.0680657861692334
0.0970741908581296 0.00383821863211294 -0.0134266148574629 -0.0317701232427627
0.100276487420818 -0.00688512727052522 -0.00216029313553387 0.0213556748420851
0.122212275826008 0.0208236738871531 -0.00432694642757256 0.0788001587588612
0.115093757841082 0.067568051653127 -0.0291781775958324 0.122983699852661
0.102530811469925 0.122584494423121 -0.107867921931703 0.122257455933099
0.0397227893422239 0.164199968139071 -0.155363019780479 0.0546322053057655
-0.0569094147738737 0.173024662063152 -0.073538317128691 -0.0336700313793319
-0.12472434048375 0.175467437341148 0.0716158617687585 -0.0233844991807531
-0.125233928002309 0.104879007293778 0.016388483117155 -0.148794306029387
-0.121416884649402 0.144202669784397 0.133424437428155 -0.0932542333071773
-0.0411897489571038 0.184088160893233 0.152551834216377 -0.13014035688632
0.0523711942083303 0.173655006690718 0.0963746441509014 -0.148939684254236
0.0977086677852546 0.109710251692115 0.0634310516405756 -0.11440867847741
0.111462696936594 0.0601347796276375 0.0475991911448641 -0.0879670583074279
0.107295461045896 0.0180209857051426 0.0400831613159795 -0.0593832670029147
0.0908717657559223 0.00941269142160623 0.0299875482632174 -0.0269016996578857
0.0925891852906605 0.00713497040051996 0.0388779118045966 0.0264677245740069
0.105874312526164 0.0377844438973671 0.0320827966029334 0.0853982050729393
0.0933692165768454 0.0819078910160618 7.69581275020386E-06 0.133103562917079
0.074219356986295 0.133645671023545 -0.0904742358562909 0.124009624814856
0.00375360312868439 0.162384765180132 -0.140408746586845 0.0442948087835677
-0.0917778367511536 0.149281783107276 -0.0528873742439192 -0.0535126236412899
-0.139091080832265 0.131977794862869 0.112566849638556 -0.0555454067042772
-0.102645886072668 0.0580300470882963 0.0629819618873297 -0.179202508609014
-0.112612644688482 0.103931475645077 0.138193759596083 -0.122601805116021
-0.0446235446222782 0.150019704807681 0.144398358761945 -0.12140578567114
0.040139354801328 0.145191250673573 0.101608299564752 -0.11666915293401
0.07507963583342 0.0878884787777903 0.0941702347037799 -0.0829138405470152
0.0836677437937442 0.0519721918342585 0.0872379168939573 -0.0729595062534479
0.0836224544306448 0.0207215100840044 0.0789995887700615 -0.0517948751326586
0.0707220604224782 0.0137720631255801 0.0672215784419205 -0.0188041579335194
0.07202025813329 0.0177214395953286 0.0735110268357156 0.0394498120909473
0.0760234570648639 0.0463372290763033 0.0591887830623322 0.101523732814581
0.0616279224934776 0.0818661392982052 0.0166155943699575 0.147022294204811
0.0374027535307044 0.125563931796962 -0.0766787366607101 0.126168433399048
-0.0330560195313087 0.136743359338585 -0.11814605346568 0.0386007355942501
-0.114720691564482 0.103244946518774 -0.0246953973644779 -0.0549448700046616
-0.133800433175362 0.0700577670590692 0.148154400494101 -0.065303639300043
-0.0679528933421099 -0.00302082977492358 0.0901206272269501 -0.188991887873722
-0.0878129002523234 0.0448225717292379 0.127563259930922 -0.133493074966053
-0.0404757201028083 0.0885889499788088 0.137178773103277 -0.101263212407916
0.0181476154672452 0.0883270407685985 0.11335276179711 -0.0888066677694678
0.034836681765598 0.051517458437433 0.117249496149888 -0.0661856958191562
0.0404268082863213 0.0383718221596114 0.112408688131568 -0.0677600495643051
0.0459162323974883 0.022708153890564 0.103181513654847 -0.045812942922041
0.0399673279490814 0.0157588319231709 0.0934176170903716 -0.0070847649149811
0.0417637131538206 0.0212832465649446 0.0970722744761856 0.0554020129122412
0.0410104186602983 0.0393783862037983 0.0745589053713946 0.121510484077028
0.0318587371468243 0.0624495657072317 0.0224260760258032 0.16334895743097
0.0104162079641776 0.0951706720255509 -0.068101869359369 0.132494459583332
-0.0516023526131925 0.0937676480595277 -0.0945798066183609 0.0452006690630582
-0.110557732327957 0.0474809164670987 -0.00213449580624649 -0.0378029094955474
-0.102342850845297 0.00374746638675503 0.170894498701994 -0.0557938131466147
0.0478833130250597 0.0442306995430902 -0.17713956104954 0.085619630610502
0.0708990469526573 -0.0110432290492843 -0.00129732437752612 0.0604656071302786
0.0392206866316258 -0.0625931833230247 0.0978197363109842 -0.0556319177252285
-0.0110871821463708 -0.0511983855095547 0.0764806414909722 -0.158223206611791
-0.0125749659594199 -0.0292570184270613 -0.0279322545909821 -0.202889787697514
-0.00749067562197829 -0.0249534723782377 -0.0997898150228424 -0.147803885777523
-0.00726534884081782 -0.0197197856918237 -0.125131218292106 -0.0651845907225533
-0.00359885191251438 -0.0163783065795391 -0.129997194073812 0.000283784060830576
-5.70603536554585E-05 -0.0263356688253343 -0.121804819876843 0.0530005507014928
0.0117056455697898 -0.0304761928489993 -0.125384699986628 0.0887633637820627
0.0140360386198455 -0.0214754770885644 -0.131192190436294 0.092802181488644
0.0195830987413867 -0.0313760418518846 -0.144321132789539 0.0900269881383493
0.0445352958202775 -0.026652197517 -0.14843994459246 0.09827895462747
0.0585107611719131 0.0212761168746027 -0.119634614437791 0.106569900923342
0.0333072367757215 0.0622985054640182 -0.0737128848357375 0.174215344234471
-0.00382275969709249 0.0929010653874496 -0.179461997357667 0.0471945391176046
0.0259277688690833 0.0464152143521933 0.00766813102793864 0.032138670654749
0.0255600058527897 0.00269475056078522 0.0959938092690659 -0.0827364771598138
0.00390760927851589 0.00607205909915346 0.0670126574140288 -0.172823993004731
0.0179663413832817 0.0138555765937057 -0.0266932255526623 -0.203865658042618
0.0325648688247088 -0.000154943160735846 -0.093029137584593 -0.149803490900535
0.0352882673730336 -0.014042654407502 -0.117903548816831 -0.0740418317662967
0.035380521940477 -0.0154251160735634 -0.123276190472464 -0.010809052874353
0.042342434914671 -0.0295950556305818 -0.110579530372796 0.0462202286816606
0.0635565248155252 -0.0212664066103153 -0.110751714993622 0.0890652574009594
0.0631275390801442 0.00907353338643093 -0.122175837325158 0.102221556066258
0.0590600818906047 0.0271939547094157 -0.14652685623792 0.0975820493582184
0.051561151929454 0.0466413954274714 -0.152410163471487 0.0860791795903527
0.029826076730231 0.0895172678779133 -0.101211965936507 0.0776388718181001
-0.0128880779027604 0.131168845315852 -0.0428863444659661 0.137124101076315
-0.0556982673424872 0.128388575418132 -0.154940010456714 0.00152528748679662
-0.0255716649227681 0.10247017629782 0.0383061603969363 0.0052047526843213
0.00858585608828927 0.0749520570136857 0.113027940945809 -0.110593906329904
0.0240628900594128 0.0693949901585642 0.0674472304801514 -0.189397369079628
0.0523068063755977 0.0553246203865573 -0.0214924385884608 -0.199260341834165
0.0721409957502263 0.0240955591326295 -0.0762918559652479 -0.143355241000423
0.0745707507650655 -0.00608295444249562 -0.095230580246119 -0.0765890996350458
0.0693597621342621 -0.0123480963017593 -0.0994874633063607 -0.020669755938787
0.0760226608617767 -0.0297666054722714 -0.0834003893414047 0.0372107774396935
0.103960886139731 -0.0142343438034408 -0.0798490308363485 0.0888630719121077
0.103791094143957 0.0292199616069724 -0.094146653273804 0.116126172975264
0.0973884097935651 0.0689621785329104 -0.138039788912437 0.114815013076664
0.0644543988059601 0.105876266748771 -0.158343239279115 0.0825750324315874
0.00781854052676739 0.144399129840848 -0.0921487970080433 0.0427579076230645
-0.0523814958926684 0.181464599419909 -0.00672124745306513 0.0834635675047159
-0.0981546568789668 0.147378349291187 -0.108544872916353 -0.0496499668909972
-0.0712216767230501 0.148071582691873 0.0776391758906738 -0.0254000723994651
-0.00568845000336976 0.143484005362576 0.135073112299084 -0.131467676602455
0.0494777191308793 0.129202308374172 0.0732564743030784 -0.196310790578599
0.0876152273628447 0.0886763068804594 -0.00556185897818146 -0.18444367073564
0.1055367987051 0.043027037625924 -0.0467078912230332 -0.130036314878105
0.104554136291774 0.00136460713855635 -0.0582691700389527 -0.0754932318014295
0.092407789012127 -0.00786325088149263 -0.0619004326244264 -0.0274580519861969
0.0972215857739945 -0.0245427684283837 -0.0453119550074878 0.0287237817751739
0.125763483593602 -0.00332888379261028 -0.0400263024570339 0.0853970246568703
0.125506908109266 0.045322589613597 -0.0577833172684285 0.125832453283775
0.119447059631501 0.0978975162045642 -0.120734741809182 0.129640615040386
0.0691481719139377 0.145639298224352 -0.160661893302189 0.0796510028869842
-0.0156221007750576 0.177629561092956 -0.0876020859466586 0.00599805607641715
-0.0874455366698958 0.202645413999042 0.0312763738094676 0.0236492324532039
-0.121103097424201 0.14449886682475 -0.0505389045153546 -0.10326516127067
-0.102544335540215 0.169297270671444 0.112688378148383 -0.0641882428669771
-0.0186958559718165 0.187661892773252 0.14868315152893 -0.14401069709684
0.0666364038286985 0.169302370248399 0.0813551344937 -0.186015338289212
0.109791683185788 0.107134351738148 0.0219825633118798 -0.158257518440154
0.123963503201111 0.0529832487460769 -0.00470149327877053 -0.113052953658268
0.118360319680114 0.00738694214719771 -0.0120842483464267 -0.0704826916524348
0.101594186853837 -0.00201590325018017 -0.0173215241169926 -0.0309694563979699
0.104280361787428 -0.0126734242411278 -0.00145853396100058 0.0236179489473906
0.128444911018445 0.0135797808665452 0.00253007550354908 0.0835638964893156
0.124413585363927 0.0628831803582849 -0.02033982121906 0.131978128978442
0.115880124103424 0.120068914901757 -0.100788848253096 0.136575248607425
0.0524579461361796 0.166789953217238 -0.156107929585703 0.0721540461717039
-0.0481333584317298 0.183866951523005 -0.0793784875393705 -0.027259117245439
-0.116562621668305 0.189631159894804 0.0704884369683165 -0.0295610653531178
-0.12250571763611 0.116923254028197 0.00764897724757419 -0.152872554157964
-0.115746275593884 0.158376057030615 0.133475518308665 -0.105061348332058
-0.0298080444190999 0.193657987431492 0.149017582877545 -0.146322333851919
0.0675447686472449 0.176747744944847 0.0878732942156093 -0.161418183206118
0.109476168032041 0.106244151789281 0.0566676343826573 -0.124188460097267
0.119514281315916 0.0546413828136117 0.0426952734332526 -0.0961997796292231
0.113037917934128 0.0117488184406707 0.0362397975332039 -0.0653076909003746
0.0950760801654392 0.00417253342746721 0.0278197872019414 -0.0298670043552332
0.0966372306045344 0.00186755843886848 0.0417163087450909 0.0259671878630025
0.112271599984732 0.032291649928742 0.0412634777771818 0.0877625473058988
0.103512108235027 0.07848978178707 0.0100832455962895 0.139115149354106
0.0872545336020533 0.134145080708883 -0.0828263964234807 0.137736912979984
0.0160159709808968 0.166970448460943 -0.141670030646775 0.0608019615872123
-0.0849532668494393 0.16100695849586 -0.0601704999893871 -0.0490940268950162
-0.13354342249819 0.146311013322625 0.110914238548763 -0.0661052632146478
-0.103083624035449 0.0677433818123894 0.0539815819158082 -0.188788183273518
-0.109007142370356 0.116497925832727 0.135823051586553 -0.135627319201448
-0.0351116580545612 0.159263541434492 0.141426359491993 -0.136164838758938
0.0539038795162331 0.146838310040904 0.0960362675196706 -0.128223879613952
0.0847844194409435 0.0852544384342243 0.0914365814894312 -0.0941968805611272
0.0913123386881017 0.0478501154743383 0.0851077575824636 -0.0839385257633282
0.0886822839689527 0.0160087388392652 0.0774443168022308 -0.0603109765556953
0.0740567267243208 0.00966999188450467 0.0678867347814698 -0.0237716394042506
0.076479322641434 0.0138133722628421 0.0794527222001042 0.0358045713188854
0.0821598607800871 0.0432365734518341 0.0702969672365495 0.102378369462706
0.0703798327294071 0.080942231315004 0.0286458111005998 0.152603647496179
0.04821983001711 0.127211173118203 -0.0690133741635292 0.139065158341269
-0.0235931658153806 0.144113728679199 -0.119347686670145 0.0521011739958814
-0.111706313058348 0.116091500648978 -0.0307876212036581 -0.0527912966702676
-0.131895367146767 0.0825553048812147 0.147882018707309 -0.0792157340968249
-0.0708648894881509 0.00243135972543687 0.0815091260122114 -0.201051802648973
-0.0870111119255571 0.0537258617164032 0.125209799461339 -0.145143011737521
-0.034998463571977 0.0953299440261407 0.135762569611594 -0.11509132651179
0.0265857036081618 0.0900368334539644 0.11051238490077 -0.101066728882344
0.0403550212020708 0.0507690465965484 0.117676814570226 -0.0786740461550522
0.0452209656561842 0.0367919166752718 0.112042627150991 -0.079753870241052
0.0493269489118662 0.0207919726361405 0.103404212581951 -0.0549176773834888
0.0423523520506567 0.0136639938408977 0.0955004112101877 -0.0139689860035428
0.0450833146772995 0.0190599400223684 0.104762523873738 0.0509803756658208
0.0447829993697592 0.0380986205956115 0.0874066787785057 0.121901826901963
0.0377125039239331 0.0619555085842996 0.035099545438039 0.169468834742634
0.0185483746238421 0.0966976867867026 -0.0606808499444373 0.144723413748684
-0.0467082028777047 0.101075795281913 -0.0947268036463924 0.0565334426095086
-0.11104187329498 0.0585819878833895 -0.00583471646736027 -0.0374815810836132
-0.104712414181896 0.0126706780023282 0.172109766873328 -0.070604822972958
0.0495967857012844 0.0401923013106537 -0.172490810950366 0.096547632088016
0.0699310460150003 -0.015578626707188 0.00269342310927557 0.0592780578482167
0.0342311482990422 -0.0642447235977186 0.0960915659281297 -0.0630632124692669
-0.0145268064340754 -0.0498859369132092 0.0676517491470978 -0.163186633548841
-0.0148227750166278 -0.0279936426119359 -0.0403455919439074 -0.202330416085208
-0.0091244558606313 -0.0241350509820626 -0.109695868428583 -0.144567032039933
-0.00746301947529715 -0.019626054871444 -0.129201516110375 -0.0597510424260382
-0.00347846988788134 -0.0160516670689871 -0.130062409988317 0.00741007004864335
-0.000505822480487301 -0.0262170441180925 -0.119235979349889 0.0607180637501604
0.00985266701595867 -0.0305309294442942 -0.119570509446562 0.0958805293814899
0.0124880534549338 -0.0218584939510867 -0.125528348124635 0.100712953491781
0.0168089469059718 -0.0326726054105263 -0.140088147573707 0.0992806821224809
0.042274668972265 -0.0291601584343892 -0.142656438546783 0.107416260033502
0.0594514846017673 0.0179179174054088 -0.11559682770271 0.112509429732329
0.0371789545461364 0.0596166642941204 -0.0665526215304072 0.176377544389472
0.000302873531491886 0.0914927248877754 -0.176947923191696 0.0583197919428405
0.0278559540474768 0.0445199680440989 0.00969780274296349 0.0307030343698893
0.0241728014257948 0.000950168718644463 0.0916702109414883 -0.0894884318418131
0.00344636321599514 0.00607240085043891 0.0577892721019528 -0.177173665639812
0.018125777309669 0.0131251160625877 -0.0395290550513124 -0.203418666436822
0.0321903445668213 -0.0014629082656782 -0.102445502169891 -0.146987550121578
0.0351262007276519 -0.0157351869099263 -0.12249088814571 -0.068483451585119
0.0359814005396508 -0.0171431098537154 -0.124287781640202 -0.0033231810509199
0.0416083559206935 -0.0314951946438446 -0.108285830023046 0.0535817718378106
0.062733150963779 -0.0240089486979614 -0.105638190182335 0.0960395096869199
0.0639448878303561 0.00634885495753416 -0.116223716167577 0.110209190758415
0.0597928922533867 0.02443648693481 -0.140899724955017 0.106684814944059
0.0532306392743036 0.043520429667263 -0.14780077563788 0.0961705672290634
0.0339430373952933 0.0875550618394843 -0.0985777944703508 0.0834132184931697
-0.00517121806213317 0.130702360770171 -0.0384528593805641 0.138008218749416
-0.0497377614319282 0.129624554184895 -0.154712977184378 0.0113068034500821
-0.0205613922501348 0.103162113027105 0.038324135300396 0.0022556580139716
0.0113883828588412 0.0739702066185583 0.107040094586724 -0.117592507431411
0.0273166847891584 0.0685159748348932 0.056671040332433 -0.1930713084323
0.0554516384855051 0.052967106466935 -0.0335116964281713 -0.199083454862144
0.0726198097153118 0.0211621404590714 -0.0851434798482662 -0.14060133528276
0.0750900523552805 -0.00945905784934029 -0.100330812251263 -0.0721982259685793
0.0702106706121809 -0.0151256750102787 -0.101240673538241 -0.0139014744315393
0.0754593548815912 -0.0331871467496082 -0.0820649831754214 0.043475160130403
0.103170258566159 -0.0189616487992159 -0.0744547839057452 0.0942826300460232
0.105579642391019 0.0241606676584781 -0.0873753497080098 0.122608208305243
0.100872993202863 0.0646659853518375 -0.13071759766457 0.123562491007608
0.0695744952605627 0.101599434883516 -0.153269723708473 0.09382122728928
0.0146232341303547 0.14403632524671 -0.0917607850382763 0.0489129786024727
-0.0427079420328779 0.182705103885752 -0.00546427863648128 0.0832589715403668
-0.090565431104773 0.151113953846601 -0.110683914081815 -0.0414076433150582
-0.0636254346334096 0.150661548104633 0.0768593305781169 -0.0301059976825092
0.00114057090458794 0.142996497367013 0.127923502495911 -0.139131179019324
0.0556991118364155 0.126097501763054 0.0623631092067163 -0.20002736463404
0.0920893902600171 0.0838873355014055 -0.0170300522540759 -0.185087781734587
0.107465086622875 0.0374878884608712 -0.0548822331406446 -0.129516606298388
0.104997681084332 -0.0034042504274154 -0.0634268456849242 -0.0729243365851043
0.093217673539948 -0.0117644549621832 -0.0645063302466077 -0.0228933984822025
0.096753405857666 -0.0286300965515448 -0.0442482853342387 0.0325409348300363
0.125716698991623 -0.00915837887678482 -0.0340359431650776 0.0888744261241436
0.128410576023187 0.0387988916876951 -0.0499370086568683 0.130145470542041
0.124776313861424 0.0922563524951934 -0.11212268758282 0.137652059191105
0.0764898783203062 0.141081670830857 -0.15572319197169 0.0919254182716749
-0.00688225838651093 0.178275281433721 -0.0889990537159659 0.0128547033631721
-0.0757266665922646 0.205783877849192 0.029078254474145 0.0218627748024036
-0.114475434317225 0.149850778878525 -0.0549443729474992 -0.0980519579437314
-0.0942871806724831 0.174283274548025 0.110260696937285 -0.0692814598716131
-0.00858246929416691 0.187914959324423 0.140550312608454 -0.152993893703175
0.0755546549716695 0.164802244061647 0.0703889230292346 -0.190446624092583
0.115768235987379 0.101230302687682 0.0121451672916335 -0.160404571852492
0.126087472111173 0.0467806112880839 -0.0117559620683924 -0.114670964270787
0.119730533102689 0.00140852742034272 -0.0168051691593345 -0.0709615560784843
0.102281449344192 -0.00647466069406621 -0.0201411852013312 -0.0288123823403308
0.104021846664501 -0.0177487098101308 -0.000674660620086218 0.0250656344579983
0.129008806695095 0.00723474438149466 0.00823448964068858 0.0843473862145501
0.128602814609395 0.0569731083811017 -0.0116130601301098 0.13404072654521
0.122221747228408 0.115022568020873 -0.0914307957753907 0.143789862203239
0.0615222020074682 0.163239485320599 -0.151423140166338 0.0846292891172089
-0.0396975231071118 0.186367784609506 -0.0816993877109118 -0.0201776702697266
-0.10542708872578 0.19454841931985 0.0667157562375021 -0.033318614348078
-0.117049979691245 0.12357778756302 0.000216488163081227 -0.151692576731244
-0.107470086037301 0.164824012531811 0.129471701485728 -0.111152961999643
-0.0184397578111232 0.194443328728703 0.140941993768739 -0.15399110423743
0.0781841162440266 0.171933778972898 0.0776586258652044 -0.165139944960362
0.11529416738118 0.100042803483684 0.0492610328138839 -0.12831052933722
0.122564780562844 0.0483163245270291 0.0370393544457031 -0.100243927823324
0.1144139034222 0.00586994709052593 0.0312141913371229 -0.0679479933001589
0.096099965274847 0.000111115479764444 0.025788722049138 -0.0299222435726596
0.0972746392367034 -0.00252441890259032 0.0436633738625221 0.0249097129209174
0.113727604059674 0.0271385306193858 0.0473930113934009 0.0872141812255997
0.108302571877703 0.0732471523644827 0.0188723218356222 0.140998637907832
0.0942925150998539 0.128835376462606 -0.0734906103091725 0.144583503199724
0.0247524576108838 0.165083322645785 -0.137949062430059 0.0719012100478362
-0.0776187917052561 0.166188106243392 -0.0634057078355544 -0.0436342222740566
-0.124689346567864 0.152375208674299 0.104967446386748 -0.0723780469407641
-0.100048658507581 0.0738710909881646 0.0454804442171706 -0.189842309307437
-0.102851227606481 0.122801958022804 0.130955491144087 -0.141946336196455
-0.0254482978711358 0.161455427289869 0.133826970250189 -0.143161512763471
0.0634291109753834 0.143430266936722 0.0880903530454145 -0.132849778163066
0.089702431332902 0.0802484153040161 0.0847749958319485 -0.100078015131239
0.0949195274610805 0.0431040021069415 0.0806283128472684 -0.0896785470375082
0.0901749623225614 0.0112335437617231 0.0734962957532952 -0.0650286546874288
0.0750034323079889 0.00642075160125539 0.0661178238107395 -0.0265952336594235
0.0775937992797754 0.00989377567655372 0.0814611488298596 0.0334066030680903
0.0844527460108447 0.0396911776877715 0.0773468024435258 0.0999547213778885
0.0749320366780002 0.0776398256096876 0.0376848164961628 0.152952720630488
0.0555027783897401 0.124182401316782 -0.0603303957764968 0.145428627408436
-0.0160761092319201 0.144412402071218 -0.115841270025161 0.0625847636949752
-0.105998098861493 0.122388936656601 -0.0341641413654257 -0.0499782316170062
-0.126647817863517 0.0888959260965314 0.142475914575932 -0.0872607041210037
-0.0709427816466834 0.00663643160777738 0.0731670108402037 -0.204939242498895
-0.0840555288508536 0.0589781960979633 0.119541353506345 -0.150743387306543
-0.0291647809049089 0.098093973909446 0.130008043527223 -0.122587855068422
0.0340148451451706 0.0874180353364033 0.103967470931049 -0.106876480541886
0.0432445076091035 0.0483230164121771 0.112529000246253 -0.0862320798258371
0.0477460217183365 0.0339168682628418 0.107486991375998 -0.0867893906682288
0.0512859793518244 0.0172354767136796 0.100350513964305 -0.0613217458483754
0.042531870783797 0.0111982502327351 0.0944245975742442 -0.0188466799967149
0.0457412617451867 0.0164998091950558 0.108030055546155 0.0473486616788418
0.0467063465422358 0.0357003430939055 0.0954804149479462 0.118392866118745
0.0413537549364528 0.0595099778325684 0.0454421447002213 0.169346767886316
0.0241536979554635 0.0950376657811952 -0.050891922853804 0.149659845431469
-0.0410324810004425 0.103230967490717 -0.0917984889143291 0.0640781905273284
-0.107515729414015 0.065439356912389 -0.00785583441474114 -0.035679383063178
-0.102991749728972 0.0185938432764863 0.168200029675475 -0.0803120913921781
0.0497081744461152 0.0373159818504002 -0.16951173171416 0.0993989231589918
0.0688471170169207 -0.0174709472715014 0.00447045872378029 0.0581094846923979
0.0312298334928211 -0.0644504344818648 0.0946643894425837 -0.0670575643907037
-0.0161272516771778 -0.0487879025120733 0.0636742676754432 -0.165435150922449
-0.0155382553558626 -0.0268132404565313 -0.0462985128948617 -0.201263065874782
-0.00961268772765976 -0.0225766355833843 -0.113807605922138 -0.142983053716868
-0.00753905048514027 -0.0197603701748816 -0.129957260830443 -0.0575884891339604
-0.00311155986232731 -0.0161530784954229 -0.129821349696276 0.0102440350488845
-0.000733010584459877 -0.0257859754433921 -0.11724292269612 0.0639552824733078
0.00965535828316282 -0.0303036279451092 -0.117142880687228 0.0983230873682057
0.0113965617281343 -0.0209395322476593 -0.123262645439284 0.103232050937056
0.0152703024971489 -0.0321323267337415 -0.137450661960407 0.102584316770806
0.0407990053329218 -0.0305666395979937 -0.139280492509461 0.109966956299075
0.0591221675802794 0.016364979355545 -0.114364922680477 0.113573651043877
0.0382183886202217 0.0570421193915262 -0.0658571594309181 0.175986886459389
0.00154748775213412 0.0889863053602242 -0.175037467086917 0.0632185595362498
0.0285352847068639 0.0434511549531186 0.0105488187515423 0.029638840853473
0.0230344300575861 0.000559173056870246 0.0896971202430792 -0.0921266996019676
0.00299222727146251 0.00610127696367701 0.0537041726179988 -0.178444819516231
0.0182547316671149 0.0134065400340367 -0.0445866970358676 -0.202256831219788
0.0314012698840286 -0.000994919734466247 -0.106427862071944 -0.145235310923769
0.0349796325163317 -0.0158513572695367 -0.123918261540062 -0.0673036959022926
0.0365311991239324 -0.0170142577241646 -0.1244842831602 -0.000300015381288159
0.0412153719898829 -0.0320480349042797 -0.107015361476286 0.0567718798085454
0.0623513426709202 -0.0245674836207912 -0.102339725742755 0.0980439772405329
0.0636241759365335 0.00572844600172328 -0.112882953900201 0.113042670126858
0.0590238005880454 0.0238877148776867 -0.137564703714787 0.110784559742819
0.0531668870722176 0.0419110183621104 -0.144639622386405 0.100054367213694
0.0348744632292935 0.0865440282013913 -0.0983137281752261 0.0846782420916996
-0.00269845674859614 0.127960197327099 -0.0388536974529633 0.137675636644287
-0.0481656465502297 0.128742781527488 -0.153192656244487 0.0167591857629009
-0.0186780343874325 0.10222974282647 0.0385226565455142 0.00143203721608035
0.0119422630540599 0.0732018567164465 0.103717045064313 -0.12015096346475
0.0280045169841748 0.0670827501457712 0.0518433257856128 -0.193201748540366
0.0561708271506511 0.0515153993399429 -0.0390259118248588 -0.197639298588115
0.0724451442355053 0.0206489134228121 -0.0887422836762188 -0.139578875196302
0.0750307306991889 -0.0105483498157867 -0.101888957495379 -0.0708476607291293
0.0702101025728463 -0.0160133654581235 -0.101042964640938 -0.0109931828527291
0.0750744829361077 -0.0337813887596463 -0.0805775553261619 0.0467380724409578
0.102548016464874 -0.0200077887904652 -0.0714809928667688 0.09583990830008
0.105509370033421 0.0231384748337956 -0.0839146661417603 0.124900570102173
0.101233960841775 0.0630232921181064 -0.126255210821098 0.127315484739327
0.070480779244302 0.0991250738957241 -0.150158748180288 0.0986556027034485
0.0163378724877424 0.142346274918856 -0.0910613509577536 0.0510733035283547
-0.0389062403566034 0.180356495870954 -0.00671100554446771 0.0827291623018874
-0.0885975841243193 0.150932736530936 -0.110115142580627 -0.037296602406732
-0.0608005384741447 0.150939964838667 0.0761148645200788 -0.0308079505602648
0.00347622423531561 0.14176221656787 0.124421623528449 -0.142116422592111
0.056924882929371 0.12389871694746 0.0571014122627308 -0.199299725592275
0.0929324101375829 0.0814360085833969 -0.0225997390874402 -0.184289405060409
0.107444217926107 0.0359268335572731 -0.058139348241467 -0.128765617750841
0.104854520064989 -0.00541185337943023 -0.0658862969148606 -0.0716572257925201
0.0933083269398256 -0.0127635154894192 -0.0649582507917226 -0.020213847923939
0.0963926419162942 -0.0295972142850859 -0.0429539399633798 0.0355804283077302
0.12544589395267 -0.0109860412740474 -0.0312293864971096 0.0900078169911647
0.128969221751838 0.0371091375474822 -0.0456257962656522 0.13218157341905
0.125947590315564 0.0903998433423713 -0.106901761462942 0.141116063762566
0.0776048245143793 0.13810459839366 -0.151471347961944 0.0981933704822712
-0.00520268386953105 0.177616736036871 -0.0889319873303073 0.0157569643795392
-0.071266635286869 0.203791334180426 0.0269367597331464 0.020962246009488
-0.111761991557973 0.151034903540468 -0.055485313516989 -0.0946343686626428
-0.0903720129683219 0.174958380155383 0.108692265340219 -0.0708418710615738
-0.005365614011427 0.186187013448472 0.137469623786979 -0.154727646926609
0.0785190348839046 0.161787396976523 0.0651682362472299 -0.189331954703156
0.116806873643275 0.0975613852592063 0.00728528313222097 -0.160201190514367
0.126780113397125 0.0447180432604845 -0.0151327080860207 -0.114962470986708
0.119856092164639 -0.000591112281657798 -0.0191161199251115 -0.0703005643146413
0.102107093902731 -0.00751112703846243 -0.0209103970676111 -0.026794703045129
0.104061768782339 -0.0188667173686096 -2.06134620585214E-05 0.0270439373149443
0.129007019628725 0.00549691245342262 0.0117022157129654 0.0849231359395549
0.129513911399746 0.0545506691854681 -0.0078434672432804 0.135516856528573
0.124485766882482 0.111924205431368 -0.0859893428221496 0.146694250859464
0.0633851578763288 0.160299054076477 -0.147146993623759 0.090913721064554
-0.0370496469747521 0.186382124960495 -0.0826735921832652 -0.0169547714787231
-0.100924079001897 0.192825612469218 0.0631670504407002 -0.0341972079262558
-0.114737980608906 0.125401562168092 -0.00162632212825966 -0.148619508987561
-0.103783110321507 0.165882318243932 0.127876538872385 -0.112289222574087
-0.014512705064266 0.192871364185553 0.137289440742764 -0.15625954766139
0.0815030060768179 0.16835427767486 0.0736040689870593 -0.164693211438365
0.116855041956742 0.0971200014636419 0.0444007306181843 -0.129614413331955
0.123099704826725 0.045685996260077 0.0337377342646676 -0.101440920349286
0.11451973430535 0.0041961478127993 0.0296017660786216 -0.0687768921776734
0.0957571677649907 -0.00141170015006788 0.0248670660690023 -0.0296742440497538
0.0976826338417908 -0.00422647765240435 0.0441476263889132 0.0260859416930601
0.114292636169782 0.0260297331995728 0.0511561982725767 0.0870547040773076
0.109507068258864 0.0709593446652147 0.0232182947149059 0.141287373814577
0.0965292526332816 0.126100825835675 -0.0684501636644422 0.147809133391807
0.0271278890092499 0.163079184333501 -0.134142606321 0.078165551301365
-0.0737976435556512 0.167307531658033 -0.0642107768277459 -0.0400895040838527
-0.120732966266156 0.152797411551267 0.10149452805756 -0.0739024269537027
-0.0982617800377372 0.0755548554736581 0.0433275749185391 -0.188342456295179
-0.0995198942849062 0.124767905755334 0.12991576918483 -0.14260390130714
-0.0216583389188021 0.160815838135941 0.130781834998516 -0.145626778369351
0.0669877776800519 0.140259236067237 0.0845327945181993 -0.133110037654342
0.0917998602534007 0.0780414687833398 0.0818923959673418 -0.102163007335459
0.0949216858457343 0.0405758251025976 0.0772148687084807 -0.0922420194323145
0.0901280297168844 0.0097541380742301 0.0717400228113758 -0.0666548056418986
0.073829121624661 0.00534760037590527 0.0650520856678485 -0.026503835807261
0.0770329893992235 0.0084878602394557 0.0823405969934121 0.0331740351236286
0.0845860853089415 0.0383418249282958 0.0816710560610783 0.0989975876320159
0.0768041673486531 0.0753070030201932 0.0422971735958424 0.153025910127011
0.0580142781865574 0.121517898379061 -0.0556182549281697 0.148452879414148
-0.0131675140821106 0.143553994422348 -0.112888956911214 0.0675351127255059
-0.102679008976998 0.124152650518052 -0.0359253507577532 -0.0475864465194002
-0.122619780721708 0.0897756211397624 0.138192448044981 -0.0898384455759894
-0.0703931658444666 0.00929344863077928 0.0704475257800521 -0.203651676968493
-0.0818271495450416 0.0614928754547707 0.118442780357735 -0.151804432828921
-0.0258296775633539 0.0977067904816842 0.12736655371652 -0.124884673679648
0.036597332381902 0.0853426505023978 0.101102561784214 -0.108283580409356
0.0450055391405483 0.0466855711848258 0.109458803895246 -0.0895048018047609
0.0487569899613216 0.0324001763238906 0.104255352320755 -0.0901375856273157
0.0514932239532664 0.0158655226640117 0.098433418061009 -0.0629914428510533
0.042315685622038 0.010768871536934 0.0926816049891009 -0.0202278103888002
0.0453650582731782 0.0152717204940177 0.108859620108362 0.0461425513827248
0.0466074841785912 0.0351574335218049 0.0991929977935643 0.117304678711561
0.0427662222438078 0.0580726468640936 0.0484627941644004 0.169077560656202
0.0270698361677028 0.093308525502011 -0.0470761237975838 0.152288783978549
-0.0384039872744101 0.103221917567425 -0.0893324480061026 0.0686814082105968
-0.104648285968394 0.0678256302265995 -0.00940290951523889 -0.0346365494752031
-0.100715905214178 0.0201193118432611 0.164338979672654 -0.0830712559643275
0.0497347820088677 0.0368825213117054 -0.171745566346344 0.101854477764477
0.069996199505578 -0.0181954506294608 0.00462603479784657 0.0577561254048112
0.0307647429000895 -0.0649452305655598 0.0969692921311271 -0.0699246813333603
-0.0168295682860136 -0.0491032292155039 0.0655804112803478 -0.169779475381561
-0.0156443092218017 -0.0263884860178825 -0.047899774846785 -0.204372911389071
-0.0100577606136215 -0.0221866416248557 -0.11732653041883 -0.146277378339521
-0.00792018092437234 -0.0204344424268999 -0.132307236624866 -0.0598185528490522
-0.00192460956337265 -0.0164008612751811 -0.132287032326056 0.0106591128018241
-0.000305827579348247 -0.0261354221123339 -0.11880685549059 0.0662035289300326
0.010013734926217 -0.0303816324122163 -0.118698656608832 0.0995668691071107
0.0120149956672372 -0.0210225687936257 -0.124957393942986 0.104847702162906
0.0143717103245893 -0.0326211987167604 -0.139679928277576 0.10575022288897
0.0405347717207234 -0.0311109789276808 -0.141645066960163 0.111736583264853
0.0606249919642356 0.0166481680388794 -0.118044839144384 0.113971918953442
0.0388240842597588 0.0572314925322045 -0.0703977916215595 0.178061072720449
0.00017727230867144 0.0895646843214636 -0.17688568600829 0.0645336115672044
0.0284677004851824 0.0436582910159182 0.0104430386236506 0.0293729237609158
0.0225182722287029 0.000814943885036465 0.0918302257062476 -0.0951861076579987
0.00177407590766797 0.00654711882475515 0.0549148815533541 -0.181960929049598
0.0189196282969223 0.0140339172177148 -0.0466630489828875 -0.206091581171377
0.0318200825232713 -0.000147236823128302 -0.109262946915241 -0.148795693103208
0.0355377452315 -0.0160764339102162 -0.127152799372132 -0.0686761636515757
0.0381351270382224 -0.0171838342203518 -0.126173768089084 0.000747317589986751
0.0424721679826791 -0.0316538462293845 -0.108620166122974 0.0592152268978663
0.063772879519056 -0.0243452888148811 -0.103707439024762 0.100114191391528
0.0650176985851709 0.00670879929528966 -0.11388035129502 0.115805229189075
0.0592052593809501 0.0252253010544369 -0.13924956784063 0.114140773897831
0.0531376946043729 0.04229081419885 -0.146046096152104 0.102563864037346
0.0342746665122784 0.0881952374235853 -0.101119132687606 0.0855593169778136
-0.00342738768689081 0.128561529978597 -0.0429950740613156 0.139926225760688
-0.0503910030631988 0.129667658197768 -0.154989242362252 0.0179999034722398
-0.0198982150217821 0.103409869168962 0.0392163564834296 0.00121193269681544
0.0110459586215888 0.0737882289492142 0.106032289603461 -0.122777811196795
0.0272372499062552 0.0685395421331705 0.0524106292072075 -0.196311934386983
0.0566626431727943 0.0526454264981997 -0.040514089978994 -0.200848870029518
0.0734217199250715 0.022141476541543 -0.0909376942154723 -0.143685709636004
0.0765940343296227 -0.00997846204927118 -0.104690185333627 -0.0726506754932149
0.0725559640443394 -0.0158104584179847 -0.102882747121754 -0.0100724828266214
0.0769269276143141 -0.0337036118039472 -0.0813448485276146 0.0489541583602965
0.105067035092367 -0.0193330391576587 -0.0717731090370994 0.0980318531028031
0.107299098034744 0.0240205945633213 -0.0841547913355417 0.128591435469235
0.102182071020996 0.0655080711715369 -0.126825909156172 0.131146164387527
0.0704796010947968 0.100280122566383 -0.152062056998763 0.102822226356059
0.0150513150107307 0.145052050961699 -0.0942458726404616 0.0521169386488742
-0.0401447785082991 0.180935780891881 -0.0103098705681048 0.0839485590200449
-0.091087988343572 0.152764449126479 -0.111191359363803 -0.0359623344369975
-0.0631446171263233 0.152522477078621 0.0776156189715431 -0.031410524373339
0.00220587444606609 0.143250617171867 0.126290214956057 -0.143784843744831
0.0571702603139698 0.125516299381244 0.0577851336907101 -0.201982736570281
0.0939958512654896 0.08274181324619 -0.0241175186335728 -0.187217873726736
0.108839268692352 0.0374899421042393 -0.0600131383970476 -0.131378653308861
0.106838464591637 -0.00461095771305261 -0.0674580632160591 -0.0725688123072741
0.0958459347603668 -0.0123007492207394 -0.0662288516962613 -0.0192601734590548
0.0988140852185987 -0.028768200723952 -0.0433164329198377 0.0373889331171536
0.128128212075144 -0.0100384105532196 -0.030154884596326 0.092028704476745
0.130870640957119 0.0385553347997785 -0.044912113528561 0.136235209634713
0.127828458728497 0.0923730114935326 -0.106892604308332 0.14416734874376
0.0779668011631941 0.139993217106953 -0.153034812432338 0.102484489586834
-0.00715987933295931 0.18069525820216 -0.0913267620166724 0.0173431024477842
-0.0728011158687281 0.205033952062209 0.0247620957383026 0.0217766985024216
-0.11541153261856 0.15295614751151 -0.0546409650406389 -0.0943697282277035
-0.0928791716902908 0.177235919303673 0.11174089693211 -0.0706621578139274
-0.00658001698977061 0.188532740046635 0.139720019049324 -0.157191517947675
0.0790623658955408 0.16425983641813 0.066033379213548 -0.19167115374706
0.118437233716107 0.0998187847046402 0.00581310643238777 -0.163101029225251
0.128504449489985 0.0459418193134168 -0.0162687032704608 -0.117518316937293
0.122282536805944 -9.68970530727167E-05 -0.0208648291814727 -0.071324591242522
0.104786984937884 -0.00655883616966947 -0.0207267117238725 -0.0262999688789141
0.10630726552737 -0.017957801047255 0.000840949213995171 0.02954898443183
0.131707412610348 0.00701266822474923 0.0137542298312777 0.0874648023183029
0.131823996493407 0.0562316955367587 -0.00601045795532741 0.140023903444355
0.125983081226774 0.114262627973511 -0.0851555956886795 0.150939831479804
0.0630656895517041 0.162049781173751 -0.148267943943373 0.0959004343122817
-0.0395060183719635 0.189853337788972 -0.0847268090694543 -0.0158669186120293
-0.102159302426529 0.194237753212996 0.0615240878328467 -0.0347568502759641
-0.117103104936232 0.127356953271217 0.00111710324607191 -0.149129987048063
-0.106309210854126 0.168572748183695 0.131386679179268 -0.112705072336619
-0.0151408208080596 0.196205946849719 0.140094787320799 -0.159197543846833
0.0830066025861944 0.170405906413457 0.0743039618800492 -0.166434891800893
0.118832115331182 0.0985706678330422 0.043701300706673 -0.13167606776114
0.125599112882011 0.046548886597474 0.0334236794808893 -0.103637224262184
0.116875085382423 0.00461875521295535 0.0293744350829963 -0.069461819369574
0.0976132358981643 -6.38930292911851E-06 0.0257019507377661 -0.0283161768096623
0.099145253199714 -0.00402988665552576 0.045887000659291 0.028615795334746
0.116677786451013 0.0269374910830974 0.0537981984367757 0.0894185315914964
0.111706588961611 0.0727217730756473 0.0248111313059551 0.145444917792233
0.0987301860339732 0.128467148020736 -0.0675249669013739 0.15122189038309
0.0271569076337144 0.165455800539244 -0.134828949826052 0.082537094459495
-0.0767394151597536 0.169752812190244 -0.0661177599961315 -0.039288927866291
-0.122212293346625 0.15289721338878 0.101599801897185 -0.0745905613023836
-0.100247887510974 0.0776834667916758 0.0460791194994148 -0.19009715716942
-0.101463670914111 0.127168855128211 0.133499225329122 -0.144319641709197
-0.0213892543658429 0.163159007143846 0.133681236359734 -0.147634716689611
0.0683984625998586 0.141520759122856 0.0860960422398805 -0.134148092073172
0.0933294108545652 0.0795563216494619 0.0818219921077751 -0.104283523737618
0.0970750225586622 0.0410679769583985 0.0772110316535023 -0.0939000815453381
0.0920198202266344 0.00967676821758703 0.0722483696859702 -0.0680413845271046
0.075507734270948 0.0064350241551904 0.0661948116234881 -0.0258048921741002
0.0780835477150533 0.00936352172941135 0.0847470969653423 0.0357993434744028
0.0864464046077241 0.0399541804313192 0.0843581629889646 0.101588067912549
0.0777405181008171 0.0763014557062042 0.0435679475269975 0.157288293163355
0.0595854332094263 0.123039812540446 -0.0551822774877331 0.152248507993002
-0.013573608275739 0.14524061446731 -0.114012523117325 0.0715016974732988
-0.104781098792187 0.126575884901107 -0.0366585116100853 -0.0464509813282936
-0.124212923025443 0.0897417528464191 0.138976175291001 -0.0913153557415538
-0.0716366108369861 0.0104628914762768 0.0736928440139471 -0.205718466564066
-0.0826495451847578 0.0631794951560923 0.123396981178755 -0.153587416785406
-0.0253692153306065 0.0995541730007307 0.12989655320941 -0.126811921514217
0.0388975789902826 0.0855606872759638 0.10230456847436 -0.109604689891021
0.0458999691762306 0.0471813911881812 0.110487656455344 -0.0910491348261637
0.0498943750663007 0.0325860498460386 0.104929670770083 -0.0916436675715799
0.0523104995475385 0.0157725862084955 0.0998441962598516 -0.0653690577175807
0.0425721388944322 0.0115962965701124 0.0949138947327332 -0.019157742704357
0.0458665600394322 0.0157709029766577 0.111633332011399 0.048205932723678
0.0476221801942458 0.0365288413568752 0.102277189497743 0.120198267640646
0.0436562165782413 0.0586016945765239 0.0501912389125964 0.173118765559342
0.0276321162035881 0.093644911563906 -0.0471375095698747 0.155988685281008
-0.039042422625204 0.1043075333733 -0.0901600068095126 0.0717926032215251
-0.106066376540674 0.06931291677736 -0.00968554902512309 -0.0340554309455341
-0.101134458171414 0.0193622095354076 0.166109255391909 -0.0845374235562627
0.0650062616260644 0.0152158728356884 -0.116138897490566 0.170605844962573
0.0582900614098306 -0.0470953175168963 0.0300383522302965 0.0497256283690645
-0.000423422929027587 -0.0734272354447475 0.0559894420263502 -0.112798240382617
-0.0391655077686722 -0.0359545270669207 -0.0176264556487103 -0.192418610493918
-0.0273661415499327 -0.014618536133082 -0.140954486156819 -0.170215617382425
-0.0190148982792423 -0.0144075317600209 -0.179388910991813 -0.0848860153726868
-0.0159707654418138 -0.0162003571481187 -0.154278273447831 0.00168461836032956
-0.00752365692134409 -0.0154136640180083 -0.120311734505559 0.0702929286116666
-0.0112569870235721 -0.025133252186324 -0.0813640734670734 0.117117005711255
-0.00318806373119132 -0.0323906780307857 -0.0655187430481035 0.147787930639216
0.00224982417169337 -0.0236769000365867 -0.0689865275367212 0.154107783085559
-0.00306898955788508 -0.0338533172874248 -0.0809955387235293 0.162000033491837
0.022563538021101 -0.0470125689801666 -0.0804762036477738 0.168679425904301
0.0631598599662487 -0.0101907385476436 -0.0641391569347546 0.162166732759039
0.0636616962360663 0.037430923049482 0.00397218790148116 0.202184016143347
0.0382744197517327 0.0856847782187449 -0.136574352920208 0.141485411564089
0.0442307771203996 0.0282722738006637 0.0244771832159863 0.0220638013023939
0.0185597680248742 -0.00811468792152693 0.0436841691515271 -0.1323130524241
0.00138241997573037 0.00760827165865184 -0.030011805388537 -0.197129099684587
0.0220734057694079 0.00857537885778626 -0.138082412027413 -0.172471534119026
0.0303729904586112 -0.0114368830818208 -0.171098927253367 -0.09165106412302
0.0269586079193166 -0.030122743521143 -0.150413239846218 -0.0100511948322108
0.0316629534384315 -0.0324868808399903 -0.118386889781381 0.0583016656786649
0.0274662384384964 -0.0485985543874401 -0.074010055881905 0.10631004110532
0.0515062999229288 -0.050275126043581 -0.0500299596979603 0.142760432860226
0.0665940710876269 -0.0199589185948267 -0.0537641604214102 0.163141250517836
0.0650757335612953 0.000388847679323589 -0.0793082989079378 0.175364405719454
0.0665884171341339 0.018328927689057 -0.0913642007369059 0.164751419244244
0.0700370877055823 0.0691829481070779 -0.0645658961382752 0.127701759545486
0.0565531078377437 0.126346653866514 0.00975737655635187 0.151014328542681
0.00603594964107832 0.14484610380408 -0.134463061673721 0.0902512737806733
0.0228964939277047 0.104502087898258 0.0396966897270192 -0.0156403943049608
0.0374309251952604 0.0650941022070943 0.0485571212897765 -0.162291524571016
0.0504973717678079 0.0537101618727941 -0.0348927274397525 -0.208056302940845
0.0733357247467242 0.0292895615672821 -0.127893469708458 -0.170503613855239
0.0791775408213538 -0.009006165730721 -0.150159560665421 -0.0952594508304916
0.0678485324782462 -0.0421011614373874 -0.130283038790041 -0.0238540302220645
0.0658613562269864 -0.0457821008001955 -0.100744402090004 0.0378168098819493
0.0601417405096187 -0.0652445102157539 -0.0528510354087837 0.0855638395868271
0.0934058369180479 -0.0637036870214197 -0.0199482015418759 0.126892579113545
0.115682708390152 -0.0218991411518139 -0.0203033035675295 0.163416195636436
0.124146742471141 0.0190806990951809 -0.0604155774822955 0.189515224977614
0.108476857007268 0.0674222794117242 -0.097871151264397 0.168505204482291
0.0765001221367729 0.133528857365423 -0.0749114573442204 0.092873118414261
0.045109982440671 0.19392210889063 0.0143448740658981 0.0813917146268096
-0.0248418332711125 0.184443220533221 -0.115882655786845 0.0217850048153282
0.00233422640309059 0.168210365074965 0.0637532493279696 -0.0613858628918564
0.0572610262938415 0.133823081775507 0.0612427612326818 -0.189146057407864
0.102218651357837 0.0943789949547129 -0.0298290246551956 -0.214744505665573
0.121110903584529 0.0409311260705784 -0.10343463843504 -0.166536663142957
0.119297791525318 -0.0096902886229453 -0.114751679092128 -0.0990092942200657
0.0994387619518079 -0.0504099618425288 -0.0941308520975456 -0.040320259452031
0.0899325015281034 -0.0521312616311269 -0.0698807883855673 0.0125248215392101
0.0829872100220827 -0.0699180088152229 -0.0206652468751945 0.0579180521324833
0.119622365521865 -0.0648856965059897 0.0172870024282773 0.103450367837341
0.144969418292972 -0.0182731626888823 0.0203169328128443 0.154458829548594
0.160813211712895 0.0337293116276002 -0.0356573774389546 0.196580965142735
0.133064468350973 0.102564601149866 -0.0999262059027882 0.170418761731355
0.0709413480936751 0.176991609599056 -0.0888301025958967 0.0576388546670135
0.0243411078186388 0.232346957934862 0.019260160739072 0.00435622619022205
-0.0483874738769095 0.194082503745598 -0.0880201208632642 -0.0570193053409759
-0.0164748292032201 0.204265364318934 0.0790328980248232 -0.113540406423996
0.0679684258725793 0.180093932528393 0.070700525802038 -0.206345368278049
0.138343025215939 0.119406237298763 -0.0148762522472893 -0.208056203515708
0.151277567407891 0.0451579748759445 -0.0639524948769615 -0.157747897637549
0.141410290051699 -0.0109790510858379 -0.0663507698019894 -0.105402787495391
0.115494301651804 -0.0520635086478493 -0.0482746490106785 -0.0606069491760381
0.100077911218046 -0.0504191397311681 -0.0299614963813815 -0.0139160774794855
0.0946363290714329 -0.0623317369468931 0.0173454899420367 0.0300887819979942
0.130999337215753 -0.0502078436516697 0.0564835107146459 0.0792509244591992
0.153112740970052 -0.00213374984907625 0.0575904983967124 0.140804635843253
0.169243040467048 0.05444589273135 -0.0137858240566952 0.193543438726157
0.128658083236702 0.130189635898506 -0.0993848036867119 0.161805900828341
0.0447566332570691 0.198983768046602 -0.0970144435859563 0.022069530631039
-0.00828091752841992 0.234655110030947 0.0314739316392615 -0.0671871299936784
-0.0619659642397568 0.171120291888232 -0.0596830908545471 -0.134735414588697
-0.0323758744385038 0.202625542849252 0.0793199830645485 -0.161699576961031
0.063320574907821 0.190864753637202 0.0705570431927734 -0.207609275718507
0.146087858467619 0.123406078525715 0.00498718951835147 -0.1879674919265
0.151315560196987 0.0430003568738968 -0.0136584697566656 -0.145569752580865
0.138072666908221 -0.00958607138461636 -0.0136095972739899 -0.114621803497966
0.112586547163791 -0.0462601905057168 0.000301354371759355 -0.0815772947905025
0.0956369443012644 -0.0405531673611549 0.0126912807935662 -0.0370313967107804
0.0944826868820021 -0.0456502227591493 0.0587818520711478 0.00834772502301395
0.124819248527962 -0.0243215834002527 0.0944133904246011 0.0629038764950637
0.141081182048072 0.0217722801085203 0.0884586988650741 0.132195209810099
0.149631878348347 0.0788178611115796 0.00122772891175453 0.185079012349138
0.0961398423213722 0.148704355942675 -0.0933687229144975 0.142606462655722
0.00169875898108621 0.196454269728229 -0.0887815099897171 -0.0103152583120157
-0.0463857512072968 0.204271526051546 0.0548659677622672 -0.123220464408544
-0.0666578132815583 0.117099910549283 -0.0352140808530684 -0.194737545577246
-0.0450133135312986 0.162305697053645 0.0668353352066649 -0.193215938389165
0.0448373269090158 0.162786688448703 0.0672727872907191 -0.194408737383794
0.121497785002724 0.101367846674195 0.0287805925733687 -0.163138954317076
0.11844562373525 0.0344276347846498 0.033338248264716 -0.136481385361684
0.108972844314456 -0.00370831612097177 0.0320456023567288 -0.124697699322674
0.0913519075430388 -0.0305233012126882 0.0407634663283875 -0.0987273902419459
0.0763562448184574 -0.0250345566196842 0.0522778343775555 -0.0531388978834343
0.0792411063871538 -0.0241046761785896 0.0985110940585925 -0.00300568404408402
0.101317470968836 0.000439059642672148 0.127954422124404 0.0600635085661689
0.110051296923506 0.0400366308308549 0.109839096373328 0.133703326564112
0.110699394138589 0.0908701467210427 0.0120345450167359 0.176787176238024
0.0487440727729491 0.147142917921606 -0.0784592056606269 0.120176438305493
-0.0438279937503572 0.167256544759719 -0.0617762543518089 -0.0315396755313025
-0.0773490471055247 0.143831632698844 0.0879362929317384 -0.155648474437732
-0.0666376647818172 0.0412699486327922 -0.0175451188329069 -0.225690905968323
-0.0537833281358995 0.0945121881805941 0.0514805452824114 -0.198687634476468
0.0155611426459685 0.103604601483045 0.0704763385912188 -0.174059329902522
0.0702553118867375 0.0608701671893921 0.0527349092723992 -0.147952056586172
0.0610840644759635 0.023901331617711 0.0641334186416222 -0.137232429816157
0.0607544492312338 0.00843794976162454 0.0581945207257872 -0.134470757396985
0.0562281407647869 -0.0079707002395624 0.0672295762752863 -0.107733652041316
0.045372213575978 -0.00589809003800806 0.081811822302347 -0.0604856600958146
0.0501850555672245 -0.00415866996735853 0.129479930458736 -0.0036853297521601
0.062740698976244 0.0147049493036616 0.153113640588434 0.0684463717381214
0.0680107251670447 0.0368059005380291 0.124436005038442 0.144537649390635
0.0669372987355915 0.0774609965798351 0.0221353192876547 0.174192741578041
0.00735209361241131 0.118689396405814 -0.0559406669220902 0.108075851721723
-0.0694529149447899 0.112931629231247 -0.0282762172299388 -0.0319499330667492
-0.0876715097113192 0.065170955584119 0.120766363135657 -0.158743203237103
0.0678925088015413 0.0137099968337678 -0.116751709702061 0.184784362198859
0.0600411948907486 -0.0521896911777268 0.0331286400575853 0.0510398176396309
-0.00329791011503921 -0.0770419892623422 0.0552827484346916 -0.122643912029683
-0.0432687909176962 -0.0358764094696238 -0.0252431640498637 -0.204591629480059
-0.0286276601544904 -0.0138567210437195 -0.155587019910385 -0.176264678386058
-0.0197903440334966 -0.014384423800713 -0.194708945041557 -0.0846562160840249
-0.0172373686754514 -0.016413515425439 -0.164660430322664 0.00541404476156526
-0.00779260745453108 -0.0170524189034727 -0.125226519931097 0.0781772304851947
-0.0125399761591333 -0.0259687225980638 -0.0821803309116153 0.126782250220044
-0.00407985966195465 -0.0341434849217538 -0.0640464979639882 0.157773937336901
0.00190212736057532 -0.0244265654132136 -0.0682821690985344 0.165748814995965
-0.00504779281976334 -0.034907491493279 -0.0795495602628263 0.17472299852388
0.0210950248850137 -0.0496802015492818 -0.0799462795617103 0.180398687879907
0.0662965039271094 -0.0128857297201521 -0.065720291116724 0.174138823285117
0.0669922548738273 0.0368412861143215 0.00797114589494432 0.215839139355458
0.0419132451989497 0.0893634567046626 -0.138896525785014 0.154773314458807
0.0470424651007955 0.0281002369633098 0.0258443920567156 0.02237140525909
0.0188839167590856 -0.00868416824392146 0.0417810297688653 -0.142223055524979
0.00124889642270671 0.00873589153083925 -0.0376411177764594 -0.208759679843311
0.0236871146766077 0.00860672644619517 -0.151722383955896 -0.177911330022931
0.0328437873927875 -0.0120842328944138 -0.185509726487793 -0.0918604600693089
0.0280333702145799 -0.0328834248076696 -0.16107052817139 -0.00590555765799846
0.0334559158310745 -0.0363900585816967 -0.123949030635713 0.0655593590792031
0.0286227909787383 -0.0518601826556481 -0.0739554442743143 0.115520265205873
0.0537351430800288 -0.0547263824165528 -0.0477290056490699 0.152346813621876
0.0702277013461985 -0.0223746541545333 -0.0513266392383472 0.174692869327952
0.0690423989134199 -4.92209387345909E-05 -0.0762360067492775 0.188339881782257
0.0695972693063066 0.0180687341895312 -0.0904372359860396 0.177554866847235
0.0756998267453112 0.0717702808265346 -0.0662620643837099 0.137821020257487
0.0615938899870321 0.130655960317802 0.0117840011950654 0.161422537197965
0.00928319607904164 0.153149756481216 -0.138170754001738 0.100538619495255
0.0268112033028331 0.109149758608074 0.0420637015387384 -0.0172730247746974
0.0409367188427027 0.0678501227591637 0.0463215861886632 -0.172859839484781
0.0542448047489054 0.05634738678834 -0.0427953437003226 -0.218958708212692
0.0787434163384827 0.0287951362128211 -0.14174702551498 -0.176033031365758
0.0841664250148973 -0.0116546756962822 -0.163624934216523 -0.0966068204924219
0.0712509446034486 -0.0463513451587604 -0.139356380124929 -0.0210022526114179
0.0696564507246076 -0.0507503177435819 -0.104727851065497 0.0436082024262377
0.0625134906037081 -0.0704730421006518 -0.0511840746370954 0.0925131185951565
0.0980568033216846 -0.0700942538255073 -0.0161206108145721 0.135239456719108
0.122590752800101 -0.026094819357896 -0.0147232879996692 0.174717478878496
0.131764775194801 0.0181639296366407 -0.0558576173184778 0.203227713161109
0.115586120735313 0.0691059723127945 -0.0965397658011065 0.182593910286638
0.084050348482513 0.139891644436623 -0.0779137141540038 0.10151971478665
0.0517370909940392 0.20250849808454 0.0148465241023782 0.0873028269559367
-0.0222876247290014 0.195784119037597 -0.120202844165734 0.0277209083608596
0.00647190452518927 0.177855166030799 0.0661890660569966 -0.0661307377087103
0.0639601039006908 0.13938688772448 0.0592431302105534 -0.2024862738408
0.109790000886844 0.0968373983682283 -0.0375182774810155 -0.22554057226298
0.129116870202776 0.0399297181356707 -0.116137132660485 -0.171503819949022
0.126711301133575 -0.0129765094346054 -0.124970343340268 -0.101070846717918
0.104895820969301 -0.0562841715782701 -0.101570452898247 -0.0400965676165546
0.0954241096252791 -0.0580973203301265 -0.072623579681925 0.0161588779061309
0.0870428880390206 -0.0759707673260584 -0.0185009614219641 0.0627773219540906
0.126438631942621 -0.0726073923004399 0.0233439695628305 0.10901313886676
0.153671818597287 -0.0233516438754331 0.0277308327897113 0.163530252488956
0.171989852086534 0.0313136763604139 -0.0299470539359897 0.209306128972131
0.142998019477911 0.105540081164783 -0.0971805234995049 0.185193687749383
0.0798232263314857 0.185873999370498 -0.0929841296912977 0.0661620790161133
0.031650371509754 0.243792174331087 0.0185156175044281 0.00576749266776085
-0.0457427269649647 0.20722823068959 -0.0925870197814297 -0.0569151261693627
-0.011791732006055 0.216828643511888 0.0811433504961225 -0.122677204628817
0.0771510067385677 0.188610488130836 0.0682455981687563 -0.220250461224205
0.149948432158314 0.122563888344596 -0.0219633283578161 -0.218693620549106
0.16101477542008 0.0439000122205293 -0.0741089612538678 -0.163757297937093
0.149658957833555 -0.0154827157499357 -0.0744511360149099 -0.108694500936417
0.121620287817482 -0.0589321074231785 -0.0533180880821044 -0.0626440108004697
0.106172836889125 -0.0561567667951488 -0.0309416908468332 -0.0132757480467748
0.0997361286579584 -0.0683666974153404 0.0218973138940072 0.0323092811021112
0.138256956285759 -0.0572029255613353 0.0642725013391909 0.0823525677894519
0.163183146185163 -0.00660212246321325 0.0679131227976526 0.148085468216478
0.181879703393246 0.0530331276165809 -0.00686645921931995 0.205094198702735
0.139051785500167 0.135089253057435 -0.0965831529452574 0.176015581554609
0.05266179015954 0.210164566834921 -0.102176727207744 0.0287332036262888
-0.00322482222406719 0.247907487292973 0.0292245051356881 -0.0708636687448421
-0.0598972228632734 0.183734473300528 -0.0644356748921111 -0.139964378012925
-0.0285270165988964 0.215301093026038 0.0803332759050457 -0.173665933752188
0.0726203322206999 0.199328445372383 0.068673342130428 -0.221976452758686
0.157970911324797 0.125463511826561 0.000297170949486136 -0.197855681668743
0.161569237532611 0.0411140372364922 -0.0204921629244845 -0.152795818653112
0.146910286728688 -0.0144184580664329 -0.0184312032967039 -0.120876569682761
0.118519811180422 -0.0524380794233598 -0.00317338586485076 -0.085481547213921
0.1010184492198 -0.0454928544076004 0.0133727844823365 -0.0390014510215577
0.0989688693251114 -0.0502441302129443 0.0648281133353503 0.00815380125830447
0.132681237445219 -0.0299823243825503 0.103666488098501 0.0633202675822558
0.150151366563168 0.0190562920757403 0.100290609304517 0.138030279659218
0.161655783348763 0.0788554566565893 0.00924462020714212 0.196154595820751
0.105210783345179 0.154752449600241 -0.0912469090579486 0.155795691467642
0.00721187726454055 0.208864129451022 -0.0936529930732557 -0.00631300687541001
-0.0440321735502411 0.216294384091501 0.0526846521247453 -0.13148596743832
-0.0665271510545193 0.126948402470635 -0.0412491083682089 -0.20517103232745
-0.042242666177831 0.173521377742226 0.0664561762269101 -0.206816618954699
0.052861808321304 0.17046253086388 0.0662829785691387 -0.207671643950002
0.13187839513705 0.102095027991815 0.0253125889175397 -0.172746622526417
0.127363678011119 0.0327777990902285 0.0303861217150372 -0.145029552053234
0.115646357847032 -0.00767847251903687 0.0295237674683137 -0.133000388581805
0.0962829881384606 -0.0358081237605781 0.039804917571422 -0.105665163127426
0.0805576060736914 -0.0282972497663541 0.0543265605931762 -0.057573059049597
0.0832566385756034 -0.0271961319608422 0.106590548531876 -0.00550491825077312
0.108328026716224 -0.00226553773450528 0.139512454829076 0.0595100454543884
0.117529091211371 0.0386999600011428 0.123361528362973 0.139826914314577
0.119956151076422 0.0924890739609986 0.0204794314295804 0.187902048108321
0.0556724547761129 0.154421064589127 -0.0769372888262395 0.132201130266277
-0.0415214640195552 0.179058443540364 -0.066139814735285 -0.0298403611413501
-0.078191257916631 0.153722225198219 0.0868332955918193 -0.166970739648278
-0.0682566873911108 0.046671646923464 -0.0229180197812663 -0.23889447951696
-0.0526903538692934 0.102600317913008 0.0499299153828059 -0.212780653169759
0.0208885327024478 0.10910683986751 0.0695941392509024 -0.187008387799185
0.0767552861054503 0.0609364304583819 0.0511246470116036 -0.158489482416805
0.0662126395430693 0.0235130043581774 0.0634154112933353 -0.147361807857008
0.0646519655490647 0.00639908208366195 0.0571514760760149 -0.143754388029819
0.0589335344887751 -0.0101958317798666 0.0673739992198407 -0.116446668398406
0.0479714848999559 -0.00712565566041853 0.0857003086060436 -0.0662081251264966
0.0528492819122759 -0.00535166836271929 0.138788630640339 -0.00786610205772457
0.067317381898317 0.0134956648586705 0.165040340339646 0.0675360983550172
0.0726364075064784 0.0366473786161551 0.137991171201419 0.1501583838525
0.0729556411574728 0.0788412433965901 0.0304629421599435 0.184979035315325
0.0117418553439038 0.125474355833621 -0.0540987448518011 0.118087586006754
-0.070268344949965 0.121734566410887 -0.0308327407357007 -0.0317537133409715
-0.0901319345410641 0.0707015737763865 0.121300052114867 -0.172026580285805
0.07062345046286 0.009531005723521 -0.109566759088598 0.200610257563898
0.0588270415288501 -0.0590388389824099 0.0374505970085195 0.0501052229219194
-0.00877598347153927 -0.0789795434932787 0.049321299277064 -0.132398262864286
-0.0473497378247963 -0.0336039013905946 -0.0393277840276103 -0.213619164119821
-0.0307768956063252 -0.0134158442849014 -0.173556621846501 -0.1742239480128
-0.0211007255160422 -0.0137258100779604 -0.210104196834174 -0.0760790194703918
-0.0191049786620721 -0.0156637859221288 -0.173265569898228 0.0148238467858279
-0.00868915120568193 -0.0178668897252174 -0.126071520233927 0.0892190140598746
-0.013972704446924 -0.0262131093738927 -0.0772451659151824 0.137511085112099
-0.00600245486735576 -0.0349995616585982 -0.0572660518889785 0.169166359820766
0.00089513694832812 -0.0242752870019656 -0.0605511746828471 0.176946794986176
-0.00831515528703012 -0.0348315272933033 -0.0714060778113994 0.187571380981104
0.018244325366206 -0.0527637902607235 -0.0725833483591315 0.193062923791076
0.0684200542337238 -0.0180813245267938 -0.0611063917554988 0.185694896533352
0.0702698624310378 0.0336286346680551 0.0185394665164902 0.226191115610717
0.0479283032271311 0.0901579115237263 -0.134042198847004 0.170373981112411
0.0502541345337202 0.0258949446818514 0.0287906067081779 0.0221749941267895
0.0184472620321175 -0.00972290982231141 0.0341665065529153 -0.151687125254051
0.00130072909650576 0.0102724171790329 -0.0517171011546023 -0.21564821526617
0.0254207577828178 0.00777014435485939 -0.170067345404635 -0.175801634364799
0.0342611744150141 -0.0146320995863239 -0.201185205649846 -0.0847542160268216
0.0277152332783812 -0.0356183228941415 -0.170068719687081 0.00301924981295885
0.0339447295742069 -0.0407688303115401 -0.124937894791522 0.0762866225053368
0.0272623545442652 -0.0557332070087834 -0.0687226959050282 0.125519113394465
0.0533423882226959 -0.0603739991320677 -0.0401320448131633 0.162395273096442
0.0723538221354877 -0.0262683340877408 -0.0421311797983594 0.185863448643906
0.0719053965807052 -0.0030858976801101 -0.0669465160089765 0.201368350140167
0.072402854490682 0.0156710742275793 -0.0827482416792384 0.190871726653067
0.0820920372813286 0.0710351015238816 -0.0628487707645246 0.149158619365444
0.069811313079188 0.132092429465741 0.0194096175114217 0.170262345732709
0.0175448305392301 0.158839491502452 -0.136712677367436 0.113957470398203
0.0332008456245699 0.112439141446492 0.0435169011911042 -0.0201231826469208
0.0455696245920128 0.0684728496390804 0.0373639497030684 -0.18441210860611
0.0590821754489228 0.0564667056667587 -0.0578816275252794 -0.226408869859555
0.0835961624362753 0.0254804448606232 -0.158994416575444 -0.17436154343292
0.0882051823322065 -0.016595147352303 -0.177626305453058 -0.0908827191278377
0.0723029480529446 -0.0527218687402645 -0.147855122025758 -0.0136577040831
0.0709335196614482 -0.0577516338576432 -0.106311381089657 0.0520877958551866
0.0620791370147269 -0.0771224895502945 -0.0461425868866247 0.100127036952096
0.0990809277849627 -0.0794185658290485 -0.00735355599307295 0.142179278499894
0.127176793332584 -0.0336472313670342 -0.00346828272003533 0.18411191125898
0.13973960869152 0.0116642170811037 -0.0440576359064252 0.215764395553149
0.123334856672763 0.0665529369656157 -0.0868141833672389 0.197527342360649
0.0947815195252285 0.141603759142248 -0.0759273108779312 0.112471174468366
0.0632387116029824 0.207482006241509 0.0182411559940901 0.0931226829716728
-0.0118979018235641 0.205078506115732 -0.121811130871729 0.0371210343179138
0.015971704513616 0.185402225061785 0.0656017649261969 -0.0728095588355997
0.0736480682446518 0.141581670115738 0.0498706350554166 -0.215185007572882
0.118889802882775 0.0950782051128879 -0.051615700334117 -0.23292425295457
0.13723673227436 0.0344487955533726 -0.131532777459051 -0.170604926086785
0.131734524320327 -0.0211656539486839 -0.137682790979144 -0.0978048444071961
0.106313354057646 -0.0643212698699486 -0.109112492825564 -0.0356439088012378
0.097611596626934 -0.0667503369071399 -0.0740318222987614 0.0213164167334784
0.0871912627853347 -0.0842964611405979 -0.0127071329088174 0.0674814301254766
0.128238047443187 -0.0838155618110089 0.0321567823644266 0.112915504978176
0.160526630830469 -0.032845349049144 0.0416269694582684 0.169258770507895
0.182105945298036 0.023492606253737 -0.0165092513697421 0.219823791099851
0.153856174397838 0.102939572080522 -0.0876433569887613 0.199919825043941
0.0927846263438684 0.191028334907902 -0.0929933191088556 0.0763837891703023
0.0447248858499364 0.250657289207377 0.0166131305979472 0.00767526676963611
-0.0361395698732887 0.21866462198533 -0.0981375230836936 -0.0530809384286686
-0.000939484502457887 0.227493609042969 0.0778970197745998 -0.132071357073926
0.091222803053283 0.191179246005816 0.0583395518149023 -0.234145123554118
0.162640625517928 0.119095615229512 -0.0347931029842859 -0.226099302175114
0.171408966936464 0.0361133546273449 -0.0870778210246932 -0.164772840661179
0.156454953524277 -0.0248962929960027 -0.0845192075506807 -0.108778399704557
0.123877302569267 -0.0682430488936307 -0.0597265844637409 -0.0615956350043178
0.109254212800197 -0.0652993637430324 -0.0323867661117593 -0.0119842329368953
0.100501295171183 -0.0765553135826466 0.0272308421501794 0.0323603630763806
0.142426167108719 -0.0687595676572598 0.0734344166335776 0.0812689421102706
0.170996284587781 -0.0162517785937891 0.0826256205046979 0.151293818784226
0.193318922955789 0.0446213698175601 0.00783143019206902 0.21475712042389
0.152111630010729 0.133681837870123 -0.0863543198586775 0.190766517583947
0.0669288872421012 0.217698460682863 -0.104401751756092 0.0387254103691747
0.00885404694108588 0.257959252782343 0.0243106786887969 -0.0737260303610882
-0.0515898286049879 0.195109798649792 -0.0731698229359912 -0.141915028273268
-0.0173725015835035 0.226946250464056 0.07456152127797 -0.186487371990178
0.0875950218261315 0.203364311495736 0.0586784110285371 -0.235527493665615
0.172138560515925 0.121418421945108 -0.011317559240415 -0.205814716744436
0.171288758846571 0.0332355590799591 -0.0306595012085716 -0.156713649966586
0.153189130379574 -0.0237654843552375 -0.0266101829366246 -0.124034190792218
0.121053181983517 -0.0621875921460755 -0.00891348908536583 -0.0894178443407839
0.104360334229699 -0.0533524318318209 0.0126200175345649 -0.0413527087917878
0.100669000278942 -0.0580208394498337 0.0707459002447234 0.00460402518523079
0.138014196198615 -0.0394651650294066 0.113841444647991 0.0599393046211984
0.158344456389598 0.0116148139735998 0.115433629754759 0.138355738792537
0.173361479483391 0.0726285349881297 0.024036491839618 0.203853262373138
0.11842335859939 0.156702764318696 -0.0817767406331887 0.168906739900756
0.018582574993217 0.218937182996336 -0.0976067435680392 0.001093832433895
-0.0345506300936735 0.227163824545879 0.0447072005078119 -0.139236488991521
-0.0610658112896254 0.136678834247793 -0.0531398156547717 -0.211958562404932
-0.0336286447127348 0.183875092542845 0.058247334108682 -0.220416332024683
0.0660051594870131 0.173716481367018 0.0571214363501976 -0.221647679735355
0.143142503690922 0.0974118800075293 0.016830337249446 -0.181379972270875
0.135283851492643 0.0264780029233167 0.0223808161347144 -0.153140022798324
0.12067520173991 -0.0152278033748542 0.0229621287316001 -0.140071541264237
0.0981735381504843 -0.0433715867497011 0.0350852516343847 -0.112822705041342
0.0837360103593867 -0.0338557793403275 0.0544643084917917 -0.0631107265359269
0.0854253715133796 -0.0330907802977853 0.112994522297719 -0.011897362970894
0.113921471745469 -0.00923732885194634 0.150597305300288 0.0535297749324644
0.125102620503393 0.0333830922945372 0.140331640031325 0.139619582992454
0.130883976449345 0.0885076033501835 0.0345646393379392 0.195044340040685
0.0666440940345605 0.157806080902646 -0.0695252695658068 0.144313921644875
-0.0327243461436527 0.189518630358701 -0.070609732202095 -0.0256327438678916
-0.0729784563615602 0.164033897389674 0.0785109935675139 -0.179089137100899
-0.0674837167629349 0.0529970891947974 -0.036406442214184 -0.248825644606872
-0.0482466274986914 0.109850902154566 0.0413172181764063 -0.226026582223804
0.0285287959494205 0.111271336150627 0.0623640622025745 -0.199821546274841
0.0833780055109657 0.0570407415912653 0.0437634850416465 -0.168921895487997
0.0707898400386785 0.0195236052869668 0.0571193486223267 -0.15723253010162
0.0683257096654383 0.00197241651804489 0.0512078320753532 -0.153147887019013
0.0604570111048405 -0.0145164327537555 0.0633343380737932 -0.12656723249493
0.0501154791752552 -0.00916151811280112 0.0863689588622303 -0.0739061553188892
0.0550015526066465 -0.00815119121227207 0.146274437364416 -0.0164925584953186
0.0715215790779543 0.0100290702027037 0.177873023159153 0.0602634188802891
0.0770618413699102 0.0338852317711855 0.156268115803265 0.149512836606852
0.0807764932971828 0.076588678756449 0.0442570475571155 0.191274845859438
0.0204043528650555 0.129929642639514 -0.0478538026213889 0.128004124335891
-0.064877026429797 0.131281005678812 -0.0337089861839321 -0.0296942674585858
-0.0902005592842436 0.0786384191114308 0.115107080216222 -0.187460863972167
0.0704280003760506 0.00398043574758303 -0.0969123394684526 0.208926509619582
0.054977396919264 -0.0639469312222123 0.0406935890964954 0.0479848679304016
-0.0142665289784083 -0.0790636933534312 0.0402968493641729 -0.138060623646118
-0.0503013208989844 -0.0297732702757707 -0.0545633288729319 -0.21438309377589
-0.0320966490985746 -0.0109708622515259 -0.187199222026978 -0.163941884804655
-0.0217547078091853 -0.0124356321665325 -0.219638098621788 -0.0634084417257301
-0.0203456960679417 -0.0144092058073776 -0.176128931272766 0.0260425715020945
-0.0102903397614595 -0.0184294040285088 -0.122190032555979 0.0992304679993151
-0.0156435286339234 -0.0259961732859234 -0.0677535747572257 0.144352437151712
-0.00829471510877262 -0.0347993076025133 -0.0469102973515915 0.175244157862108
-0.000458132027687318 -0.0240453633873859 -0.0495487903592459 0.183325066986067
-0.0109938070782138 -0.0332537635500015 -0.0589966191068516 0.193504132619439
0.0135508899613257 -0.0539573048995677 -0.0607327373869663 0.199060733942284
0.0672996096444568 -0.0227353405899444 -0.0518257982493638 0.192320568205071
0.071848726382892 0.0293407269223192 0.0307716357427036 0.230508632277637
0.05298470198106 0.0874093716184271 -0.122995850586217 0.181374727274354
0.0514477601639047 0.0227354590472641 0.0304245525294324 0.0203370068129614
0.0173576206502572 -0.0108472445666777 0.0242827665299871 -0.156517467607993
0.00158697716050198 0.0119455946059941 -0.0663948937636455 -0.215789990328185
0.0259963934770878 0.00676546658103969 -0.183535889560949 -0.16578745828102
0.0342222199042327 -0.0174980957917983 -0.211043849629583 -0.0725546843293197
0.0265686011848155 -0.0380273668663456 -0.173701948365627 0.0138498410337102
0.0321635224911789 -0.0443147627150303 -0.121283780515824 0.0855784260827368
0.0248371732015302 -0.0586792293933136 -0.060618853811394 0.131998722101237
0.0507422063129458 -0.0650431237550865 -0.0297590229638954 0.167271825262907
0.072914693338438 -0.0305263636690991 -0.0295181416360044 0.191026133254583
0.0727420932948244 -0.00644937048188409 -0.0535211382555141 0.207697006119432
0.0729739212578372 0.0128022543884375 -0.0695920281428064 0.198779825320887
0.0867242672269986 0.0669662357540893 -0.0556545479499813 0.156478234454664
0.0772338711685444 0.128187261752495 0.0284474950979448 0.173866927157134
0.0272262096974075 0.159343637352334 -0.129504175995743 0.124735873419626
0.0401674616268747 0.111176595761248 0.0424985540589658 -0.0227145669465063
0.0501232382440397 0.0661232248773157 0.0257986972091566 -0.188753829711693
0.0626633812332953 0.0541307017227012 -0.0728834572830901 -0.225356287812175
0.0863817561662288 0.0206557009201495 -0.17221047747435 -0.165384491233538
0.0886229947786237 -0.0225822994824791 -0.186359487392241 -0.080342645119982
0.0706720173115497 -0.05800654819212 -0.152112059127413 -0.00371204224401485
0.0697709419361771 -0.0642026901499471 -0.103821525893657 0.0599025617303197
0.0592037189687838 -0.0820567513666152 -0.0387467433083322 0.104761746415868
0.0961675201455878 -0.0876255387652228 0.00282441388932409 0.145008070559421
0.128312232976386 -0.0417892947617889 0.0103280601174588 0.186070146177193
0.142419767402214 0.00383260036483525 -0.0291863909596588 0.220584123102071
0.128085449413078 0.0608016038648092 -0.0727036270820703 0.20543446939993
0.104427494090197 0.138614957713208 -0.0707174644567077 0.12057023494166
0.0750521637670153 0.205159910959575 0.022232971400887 0.0957543453394122
-1.68042166495317E-05 0.208208046494485 -0.118736067644725 0.0455585622630122
0.0268012683877031 0.186472568280475 0.0617625501482058 -0.0775721708548577
0.0825826665496292 0.138232031345724 0.0363280536112652 -0.22082501297136
0.126203631612505 0.0896010073333129 -0.0669379006358657 -0.231427239317534
0.140735547572906 0.0260223899579501 -0.144939988074195 -0.162661782696729
0.133379242207618 -0.030113915661653 -0.146689961814954 -0.0897917022094072
0.104297407242722 -0.0724323585297547 -0.113765840588345 -0.0285602231475103
0.0960328288862495 -0.0747144695503754 -0.0730593948337126 0.0265436349282731
0.0838097639863469 -0.0909149217861454 -0.00637516088586175 0.0684871802108367
0.125414902693075 -0.093956134557952 0.041343805386381 0.111775471222516
0.161455983245033 -0.0432304773761615 0.0552993829156474 0.169119034727424
0.186616276643397 0.0128131532581668 0.000445702287140627 0.223449313613134
0.161581635649344 0.0957292573795952 -0.0718095377413846 0.20832107837395
0.105220358554646 0.188762025124924 -0.089524664140132 0.0852650814625032
0.0589553754045338 0.250288504929342 0.015514265782302 0.00925226679995746
-0.0222093653326529 0.223161965377782 -0.100262752366073 -0.0473067289486164
0.0131681155621748 0.230548792846779 0.0714528588699874 -0.138419981501998
0.103108571539093 0.187491948108456 0.0440074365915953 -0.240877459306979
0.17193622973044 0.110497267415662 -0.049316043736301 -0.226297947286765
0.175401191184025 0.0258188746858004 -0.098639457483579 -0.159432663743364
0.157718302539042 -0.0356882788836991 -0.0926910964483631 -0.104335438989179
0.121775878787687 -0.0774603474626357 -0.0651988328948719 -0.0581486267731364
0.107953828776419 -0.0734705799508985 -0.0329655722440924 -0.00939379219982649
0.0979484019114106 -0.0840769650241692 0.0317097952705442 0.0308312846451536
0.140240173769494 -0.0791345185531256 0.080835582804006 0.0778069133974561
0.172821680338117 -0.0271584351735094 0.0961690179487941 0.147800584057734
0.198939413349951 0.032662346481631 0.0240113277872209 0.216647475639631
0.16188972295531 0.127140376509034 -0.0709447112614956 0.198793701102277
0.0805107430497292 0.217249658262407 -0.10274661601209 0.0472196687415216
0.0240813037509552 0.258883704190017 0.0176514837021961 -0.0737631199001027
-0.0396553855757736 0.200646308767784 -0.0807157878807878 -0.138226275941048
-0.00356981902344577 0.231575709240271 0.0644224718284201 -0.193787063827793
0.10096678671032 0.19940350639699 0.0443603205577801 -0.242464572321548
0.180746336449921 0.111334262791075 -0.0242440915609881 -0.207164173314676
0.176084791532712 0.0228831982931767 -0.0417877205561544 -0.154993321259856
0.15430845216175 -0.0351174602363908 -0.034879719159473 -0.12325966328919
0.119274122251599 -0.0708357052916606 -0.0145533082991965 -0.0898178147963825
0.103722031061833 -0.0609921017548734 0.0109954436731576 -0.0424681574696884
0.0989845490984707 -0.064730945159946 0.0747016327701821 -0.000707423293915398
0.137885882380182 -0.0493247123842011 0.121287053170754 0.0527276385857957
0.161904298442868 0.00128556040856299 0.129359316228245 0.133050489683265
0.180664182305637 0.0621390086396771 0.038981102997218 0.205175070016655
0.130019215335428 0.151163543763847 -0.0684728376308604 0.1772570841659
0.0327868593782087 0.220864452736831 -0.0981898050598902 0.00909531871516812
-0.0219038422060527 0.231260651548535 0.0347937221047079 -0.141772086737841
-0.0519711388336305 0.14219606823078 -0.0643138520055693 -0.212176364472938
-0.0215476392852891 0.189236039734415 0.0459703261077273 -0.227745063131972
0.0777972697287519 0.171070010266766 0.0435875734307653 -0.228076460567084
0.150622621427195 0.0884872295515971 0.0053264071355702 -0.183957344554288
0.139779416866139 0.0176287324646446 0.012567422621875 -0.1551661316506
0.121781247493313 -0.024024589966276 0.0146172650552849 -0.143239159224536
0.0969551137917828 -0.0502219705487753 0.0279822961331376 -0.116543966247679
0.0832444776848669 -0.0393584115195458 0.0517166411433639 -0.0671028519107696
0.0845836327545047 -0.0382949836707754 0.115928975198259 -0.0197977363190369
0.115070778116578 -0.0173036947904081 0.157664324117692 0.0437418444383929
0.128264603739314 0.0256139548336924 0.153691433634743 0.131850673343956
0.138267521902339 0.0803098580849123 0.0493160301944481 0.195307257258143
0.0780170248867212 0.155827823658624 -0.0581106643842598 0.151263591069667
-0.0211196184760974 0.193969967489609 -0.0723501185723847 -0.0198075605613518
-0.0642276041197778 0.169790116680671 0.0667978217856783 -0.185371362986146
-0.0638750403319427 0.0580699813809805 -0.0511695528324802 -0.250857038275585
-0.0414902682557895 0.114684106631039 0.0284804897065327 -0.232768031151591
0.0364634628848738 0.110178511277807 0.0510358182438346 -0.206715281855503
0.0876968736860337 0.0513107020592986 0.0332350087789826 -0.173106510164448
0.0732012084340105 0.0143990294146465 0.0466234014344845 -0.16304220444402
0.0692122704083746 -0.00330527012125204 0.0420274900433115 -0.158377061632507
0.06005263862741 -0.0186482501511213 0.0554969763200823 -0.132805699671527
0.0508083515964234 -0.012019683652995 0.0832156354262866 -0.0803422728276008
0.0545712277584839 -0.0109570986050292 0.14877868374141 -0.0269611826325668
0.0727549836708899 0.00475188935921421 0.185966322276382 0.0496470070947511
0.0798470966314652 0.0290967568472112 0.16973101338925 0.141667094744912
0.086172935410344 0.0717768930862403 0.0586612712062221 0.191855590558611
0.0294584533352326 0.130509687401355 -0.0372496034745653 0.133699057730565
-0.0571031246638784 0.136725413876221 -0.0355887971436474 -0.0268262818205467
-0.0863941243595254 0.0855332444892991 0.103262604914079 -0.196572882038026
0.0684502698163051 0.000571909977314768 -0.0856043051538035 0.210595757606181
0.0506597989827155 -0.0663134931046999 0.0416277384003604 0.0454041531114362
-0.0179899786277229 -0.0771725235319394 0.0333971783674601 -0.139183372691887
-0.0512897192531987 -0.0264730944786946 -0.0639139714940948 -0.211059672978892
-0.0324133521642356 -0.00912060171132857 -0.192023587852309 -0.153716528369742
-0.02235692892866 -0.0113637128245904 -0.221925230171901 -0.0521772553540784
-0.020804199889862 -0.0131621274234754 -0.175462592903866 0.0337117499122565
-0.0113421312819308 -0.0184011779805728 -0.11663351264363 0.103942043376515
-0.0165695695932187 -0.0257449483351003 -0.0602906667154747 0.145821865091235
-0.00966527625322599 -0.0345093118830401 -0.0386841394250901 0.175624055301016
-0.000786409454425324 -0.0226923856282097 -0.0410093599335891 0.183843346136681
-0.0126432629265986 -0.0306846243038516 -0.0493856302562318 0.194643291863375
0.0100864934598913 -0.0525398612701692 -0.0514339208570613 0.198526968878405
0.0650114794677007 -0.0254189427309313 -0.0451193966143973 0.194327365995794
0.070385958103852 0.0255440691597315 0.038804092762893 0.228776532213832
0.0544281603927983 0.0836125223606078 -0.112843626124539 0.184570665998743
0.0500680280957958 0.0197585773131311 0.0306883902930968 0.0190437647633689
0.0160537898021723 -0.0115481769492545 0.0172580556257633 -0.156268757517639
0.00188820450264415 0.0131535845758958 -0.075081331983071 -0.212081066956912
0.0259115836881901 0.00592319199815698 -0.188056533015863 -0.155603471854477
0.0334226441527234 -0.0187690157586059 -0.213213761908445 -0.0620321097862493
0.0248466117222203 -0.0386885021855113 -0.172522779614389 0.0215673058496304
0.0303154616516035 -0.0461849818404483 -0.116978214644795 0.0907033520532983
0.0226468373645483 -0.0594219718575785 -0.0525525051801939 0.132967646016313
0.0478644280754714 -0.0671427027675478 -0.0220163012077429 0.167207593264858
0.0718269436164508 -0.0331756271657477 -0.0201879986658897 0.190564566487644
0.0723229761180897 -0.00805795312858902 -0.043114251982662 0.207653324932491
0.071639745109497 0.0106053586428261 -0.0593287581401403 0.199374944952469
0.0883421492868681 0.0631416412578626 -0.0498703297593752 0.1584622597695
0.0797695259640835 0.123460400114614 0.0341955666739252 0.173139468219763
0.0320747098343124 0.155795419862801 -0.120676216022519 0.128829412399129
0.0423996856838098 0.107940699131645 0.0408519876549826 -0.0241807679554105
0.051231943937715 0.0627127506884881 0.0169186866035625 -0.188114866003883
0.0636581794382796 0.0524395049981924 -0.0810908244355794 -0.220278215005167
0.0861440060354243 0.0168387553275228 -0.17643409234376 -0.154726524371369
0.0876935210143907 -0.0260438449391441 -0.189114126092892 -0.0709533125754789
0.0683717063614444 -0.0604467670827673 -0.151862952769267 0.00378873981585012
0.0671862018374865 -0.0676228959873191 -0.10031434742734 0.0642733595883334
0.0559354797780236 -0.0839914198495806 -0.0314999663018108 0.105084686859916
0.091603715581531 -0.0919297911068909 0.00990390029106216 0.143739804942154
0.126606862808322 -0.0460632787758555 0.0204002768466873 0.184031899599167
0.14219383224383 -0.000906107952198227 -0.0183660588982915 0.21946923657037
0.128668318226045 0.0565116442782389 -0.0608166195336569 0.206048433483291
0.108319704447225 0.133839839108849 -0.0653116754854143 0.123961531060006
0.0806658112151119 0.19926146271793 0.0240761496404552 0.0964269552648118
0.00801129497139229 0.205376390740717 -0.112738966718522 0.0507872249382553
0.0330815052196926 0.183300452046505 0.0580314560266879 -0.0794588716120184
0.0861214444590763 0.132579693380656 0.0262444063265875 -0.22053796488861
0.128045404508439 0.0847038138979641 -0.076117288006301 -0.226522498493952
0.140175850586121 0.0204740842536798 -0.14981936968733 -0.153722486812704
0.131459623235719 -0.0363191176276204 -0.149343706684107 -0.0821407288960121
0.101316493140999 -0.0761292995134921 -0.114240386602519 -0.0231336169276074
0.0931337585053044 -0.0792014765575457 -0.0710405846105926 0.0298952175749501
0.0803160128986246 -0.0939363040621338 -0.00170878874981756 0.0679424336057309
0.120938315439447 -0.0989522112861716 0.0468788762027429 0.108943624668842
0.15943373733145 -0.0495356369005808 0.0648790385143994 0.164442367960896
0.186092501244649 0.00500065289683477 0.011041243351054 0.220719312066886
0.163914725639285 0.0895066590321374 -0.0592198297574805 0.208397870888549
0.111447807633779 0.183871286070589 -0.0845075800879231 0.0899436572361763
0.0665743397864753 0.24485860025782 0.0144330790687726 0.0110203858147966
-0.0121506833494734 0.221452055758804 -0.0991499612256 -0.0418378649125403
0.021451402596239 0.227856926539566 0.0650376717679007 -0.139743904785533
0.108714700581792 0.180294695711363 0.0328646003756301 -0.240064874924048
0.173912141559874 0.102940275380116 -0.0581075893520335 -0.220904430955306
0.174769122459215 0.0183082746711801 -0.104957753775089 -0.151987149888966
0.154880557352366 -0.0430048594313177 -0.0963619803388609 -0.0991771129742805
0.117846484731955 -0.0828724661904849 -0.0671529904918671 -0.054971731946318
0.105479977910399 -0.0782597935214127 -0.0321710106031156 -0.0078355936741091
0.0945104064220299 -0.0873695754504478 0.0355365272818529 0.0286289822188899
0.136326235545887 -0.0854013982609912 0.0851769400623804 0.0732920457239436
0.171765494189561 -0.0336495141678897 0.104320795255876 0.141583647638451
0.199278717625413 0.024096851070976 0.0348243485384785 0.213399830982049
0.165578189611439 0.120018113399969 -0.0580446157569917 0.199461549056045
0.0876517646490171 0.213145374031045 -0.0992806100938545 0.0528418786282863
0.032040454682441 0.254947885661668 0.0127029965152407 -0.0711683841675852
-0.0298647341308389 0.199822408011905 -0.0841948924431703 -0.133468971358796
0.00575688782389925 0.229632548075554 0.0563862112931708 -0.193891664765077
0.108319486752628 0.192213343154613 0.0327255743417322 -0.241730964914245
0.183558085749649 0.102330540477778 -0.0328776881686551 -0.203249271093304
0.175998025451507 0.0146196577265082 -0.0479554683383982 -0.150026344243265
0.151680603080141 -0.0415534765936902 -0.0396634256592871 -0.120133745710619
0.115601684480896 -0.0757214417761746 -0.0182455252579971 -0.0886463799663439
0.101220444922813 -0.0656432707946457 0.00974325266961624 -0.0423052575024487
0.0958057520020559 -0.067791180433091 0.07600483229256 -0.00430563825119647
0.134640753616518 -0.0552504332432816 0.123820622993806 0.0465621951499575
0.1607871686525 -0.00519895750672941 0.136781182777034 0.125809174893479
0.181760898615523 0.0528806568424041 0.0495179725084825 0.201515937487392
0.134804113611475 0.145072735817514 -0.0561036469233063 0.177791504857588
0.0414189972904934 0.218366747125934 -0.0955753781950595 0.0150906326787999
-0.0136195060535417 0.229571758088123 0.0264842190450287 -0.140284655338185
-0.045037786778394 0.142787453424108 -0.0711857244567384 -0.207129901959477
-0.0134098568038234 0.188500684663407 0.0367911089316984 -0.227599094663978
0.0843303967952534 0.164760145784619 0.0328510575616532 -0.227349086648202
0.152780221140297 0.080740743599785 -0.00296652590866043 -0.181660142180838
0.13902224414038 0.0106747674393936 0.0052493961922096 -0.152904799390554
0.120019666528077 -0.0303027204054182 0.00880006588412437 -0.142675598469321
0.0940850157901766 -0.0543373208935734 0.0226968984104483 -0.117106111291259
0.0821188088219552 -0.0423863499353518 0.0484603497328647 -0.0683894207073368
0.0826255814802335 -0.041064673559509 0.115924752278166 -0.0258737663552859
0.11359094081106 -0.0227688456240794 0.159666199435012 0.0362229704035573
0.128605617284473 0.019859154864231 0.161081384997421 0.1240106355962
0.139693301475769 0.0726588854771172 0.0595277266137668 0.191887496042258
0.0842076758123803 0.151005163555224 -0.0480309241116082 0.152031408463888
-0.0122697809707974 0.19336268238786 -0.0718244141757584 -0.0144381571940121
-0.0566147747053172 0.17085395753862 0.0558918377065925 -0.184849851432467
-0.0598914316682683 0.0602232424875547 -0.0593838842327022 -0.247029544396866
-0.0349099365882595 0.114946816509661 0.0187188464540915 -0.231876058769667
0.0409373289916707 0.106942301330076 0.0411260654639991 -0.207400149269505
0.0877738706509567 0.0458904856806302 0.0250490588389553 -0.172053944612607
0.0735863176543143 0.0104774825287765 0.0381902350064653 -0.163247406332696
0.0682035168917284 -0.00685465201416609 0.0354068457536051 -0.159529889601268
0.0584396143380254 -0.0210663881918308 0.0485610777915529 -0.134911526359779
0.0505093502669878 -0.0136328525643396 0.079209965257683 -0.0828958177844434
0.0534930682776666 -0.0122190090476027 0.148129664819855 -0.0335882449725037
0.0726403537395911 0.00128435630572097 0.187090981029217 0.0407003977914604
0.0799076552694198 0.0249705142931532 0.176595780146781 0.132648533317596
0.087980337397406 0.0658614158040468 0.0672918821661535 0.187937997630725
0.0351615664318806 0.127196188127269 -0.0299805350272457 0.134450116875087
-0.0508572713248218 0.137559522998491 -0.0358968195887169 -0.0241166170573558
-0.0817792384483748 0.0880615572398919 0.0921631590803574 -0.198773614538332
0.0700747190919161 0.00448746696833921 -0.0927404230849353 0.201959910273239
0.0524510561487913 -0.0646025873218918 0.0370404017407541 0.0457282316954651
-0.0163411207636391 -0.0776781057911909 0.0352381804639552 -0.135065387491953
-0.0507171444094129 -0.0252013501122383 -0.0579535226580903 -0.210886951585054
-0.0321808768510768 -0.00678593743311445 -0.185038131096581 -0.156002444603407
-0.0221326118923217 -0.0104716846797202 -0.217699902973375 -0.0573988484714193
-0.0214140021245484 -0.0136822081196591 -0.177266175346845 0.0289663514611503
-0.0108674588008484 -0.0192448365408883 -0.118102736320597 0.10028925640011
-0.0163537940818482 -0.0250610272041634 -0.0623675242553681 0.143274518584909
-0.00852493635453129 -0.0335074342095915 -0.0410915520110148 0.173169173578975
0.00068847579858017 -0.0210837834700056 -0.0452360264411766 0.17934052571632
-0.0116587704913846 -0.0259686256100579 -0.0545856626804463 0.18854863490405
0.00980344077998903 -0.0485201754195625 -0.0569172371120494 0.191379066517063
0.0638088017042146 -0.0208800546820648 -0.0539188636129096 0.19197780601126
0.0697988806794852 0.0286187822972785 0.0244408297858774 0.230175917475405
0.0506969336015255 0.0877744949870038 -0.115111996178804 0.176758974510216
0.0479492778832924 0.0217822623500147 0.0296982325028878 0.018502699760611
0.0135502817765398 -0.0102345052387998 0.0227328572764514 -0.153573006232067
-0.000442811348853204 0.0153384424159692 -0.0659469449712222 -0.2123742145806
0.0247394804700367 0.0107126028281703 -0.178648433768915 -0.159531845507083
0.0340355647140375 -0.0158223586387225 -0.207718790200103 -0.0681101213882296
0.0257001676388249 -0.0366904519434475 -0.17308168083908 0.0161903421319652
0.0330784136511453 -0.0457101236578828 -0.116838820074614 0.0869836792251018
0.0247815120464683 -0.0581450551557239 -0.0537688556082628 0.131100038721843
0.050482581431484 -0.0650194693052572 -0.0230478095756072 0.165677318008839
0.0752755548836802 -0.0292144287756219 -0.0220807295181167 0.189575521306803
0.0724739888757266 -0.00019305297563191 -0.0452882644585035 0.204897409855117
0.0693896738063671 0.0177373811708579 -0.0643923417097581 0.194355738379675
0.0840449666929678 0.0682265208559427 -0.0589415036933253 0.157870696912596
0.0767027420948113 0.125463268664217 0.0201082927328226 0.177380976390385
0.0237935760240939 0.159203585961285 -0.117027728991904 0.123611944978093
0.0345212666198374 0.110027518905173 0.0446528951926212 -0.023537202709283
0.0441240279791136 0.0660443983311834 0.0274398390598756 -0.186056337645312
0.05850303569595 0.0571169515012081 -0.0680088360675265 -0.221058204300561
0.083309594676987 0.024787922132859 -0.165704606086895 -0.159991073135546
0.0881208630932451 -0.0210519139336453 -0.182897882725337 -0.0781705732824791
0.0700021103920143 -0.0571984478226569 -0.150567140422354 -0.00369783520017596
0.0717348887939499 -0.0660805218524925 -0.0991082348015046 0.0614184981322922
0.0594585336361244 -0.0817926722772764 -0.0313350569635773 0.10355524094669
0.0960756392556507 -0.0894718651204848 0.0100174550282048 0.143132186899589
0.130903459171923 -0.0409534617563425 0.019555237293075 0.185830624945615
0.142477229759206 0.00812116142674469 -0.0191385717973318 0.220285622116604
0.124390683593625 0.0655723032326288 -0.0652025155554591 0.203712388014826
0.102121426477467 0.139696005259523 -0.0739088875168031 0.124459169279719
0.0760981954473977 0.201104419333851 0.0123665595025655 0.10208577445859
-0.00342303726329205 0.207288122484268 -0.104662363140218 0.0477135027359503
0.0200566374971132 0.18492777552343 0.066471705290148 -0.0773662813440267
0.0746450624796861 0.137062590264119 0.0405754119969022 -0.217828801108386
0.119635459430356 0.0915167803311715 -0.0595869357549633 -0.22824473304565
0.136776070125653 0.0301958622846653 -0.137182268071022 -0.159756837100811
0.131665217632815 -0.0291733785507279 -0.14265613822207 -0.0892352570927036
0.104194377658574 -0.0716883891908118 -0.112249183327556 -0.0292557803659808
0.0988840673807447 -0.0765910149247949 -0.0694603181918778 0.0277420539638996
0.0848221523167597 -0.091185365623564 -7.32725327042619E-05 0.0673217399457597
0.125462445868023 -0.0967908747271972 0.0485430418039851 0.110280333942209
0.165089252847405 -0.0435295855299759 0.0650491002810303 0.167971285757449
0.186959236840677 0.0152398844440079 0.0117919443451666 0.224309263792533
0.159392560908971 0.0998992755555806 -0.0634787324595529 0.207642134675095
0.103406571889813 0.189058791888755 -0.0921509730111499 0.0907649539999926
0.0601410513922378 0.244775215945575 0.00532079966049619 0.0180267578827415
-0.0259162720173104 0.223304152979402 -0.085271863758474 -0.0426363704793144
0.00570771905118012 0.229155504420175 0.0775673092739961 -0.136606758555026
0.0940316930473127 0.186007964528158 0.0505347216126091 -0.238167584562021
0.163619702960523 0.111111722453862 -0.0409337530634594 -0.222579517065777
0.170799483436608 0.0295350492485965 -0.091970554766783 -0.157115065219266
0.155762456887358 -0.0359503530046377 -0.0900799925879409 -0.104724775513359
0.121771014760962 -0.077829424359856 -0.0643094529495829 -0.0604583092727244
0.111515105574759 -0.0753772197330161 -0.0304461246276586 -0.00874461092802183
0.0994340022727696 -0.0840692709295487 0.0379467206412575 0.0296310973496571
0.141133177038907 -0.0827205509984148 0.0875193573443272 0.0753092457804365
0.176880706272435 -0.0284595516100092 0.104838999615249 0.147367781589137
0.199239640421336 0.0335696298556997 0.0348461560115065 0.218551720046549
0.160189606592573 0.130323725718585 -0.0623912714486733 0.19976880176174
0.0794475315806974 0.216978273903072 -0.105163216104502 0.0530508555289444
0.0264748164504373 0.253528053331797 0.00770543300388477 -0.0645938126473325
-0.0431153624703058 0.200590916067937 -0.067211888450142 -0.13252144798985
-0.00957284170799849 0.231144115903387 0.0709418388458073 -0.190761870138248
0.0934160176030522 0.198363477969969 0.051864864196587 -0.239377982168342
0.173138755937136 0.110804820611884 -0.0160243430160453 -0.204221136882149
0.171193051881284 0.0247415275861495 -0.0372500770162843 -0.154107876477236
0.152077529631477 -0.03548978973257 -0.0329898208727567 -0.123887764831341
0.118704668604171 -0.0714943408507047 -0.0149058771707051 -0.0921156879813135
0.106978921096562 -0.0622751818017483 0.0120016513905114 -0.0420115924533572
0.0999423751581225 -0.0641253896470408 0.078783364109171 -0.00243757376152254
0.138764268097614 -0.0529759748639728 0.125895434499319 0.0501978476369433
0.165443886085705 0.000129318911507375 0.136562630277632 0.132395523565042
0.180175833821431 0.0611868758569375 0.0486974812035157 0.207986752471653
0.128653213238848 0.152636050664361 -0.0617482635443323 0.179051759254811
0.0323706931153896 0.220252598098776 -0.10078397714664 0.0144619965626558
-0.0187225460461137 0.226382426197245 0.0253808720790836 -0.133446619334458
-0.0552244446989725 0.142970568773693 -0.0538752898877022 -0.205564787940668
-0.0260820068086322 0.189232960442997 0.0515459682643054 -0.224674707625733
0.0716109655546088 0.169429287966006 0.0500280036431831 -0.224470070709025
0.144699569841296 0.0863940608393928 0.0113423985730699 -0.181448403492515
0.135403607047744 0.0176895471350957 0.0135470905000239 -0.15379649672561
0.11981377914465 -0.0254771082694612 0.014543379244485 -0.143408847712423
0.0960777632198745 -0.0512533370625414 0.026483513338541 -0.119514211414829
0.0866544775089184 -0.0397469520385329 0.0511119457463038 -0.0668037012760217
0.0855037695305007 -0.0380597265133223 0.11822667737731 -0.0227852595581714
0.116648787511494 -0.0204717195059242 0.16060521145685 0.0403094720024542
0.130723502652097 0.02457001848424 0.158995226620393 0.130654378705262
0.138218668799016 0.078529673404081 0.0558531024556401 0.199170278001901
0.0783428134634629 0.15577455885547 -0.0531859031204901 0.152593226780927
-0.0192957962382368 0.193046569908309 -0.0750304737786575 -0.0158895816920296
-0.0603602700922556 0.167132411379189 0.0581381459188852 -0.178350931841109
-0.0655900527604643 0.0588132711552777 -0.0451224505908433 -0.245879563091986
-0.0426577538281931 0.114288461832207 0.0315835228469906 -0.229413672623877
0.0328761026599538 0.109155472121334 0.0544279070033689 -0.203479198978549
0.082146712528277 0.0485219241851447 0.0350786805935618 -0.169983780355428
0.0698686207175906 0.0134410179883886 0.0445095861681199 -0.160530089010794
0.0667682642431233 -0.00457922200256033 0.0408282124449365 -0.15720869373039
0.0593500375945339 -0.0195593003714672 0.0529035919232524 -0.13446889710248
0.0526733956263888 -0.0116393388512861 0.0813291847119929 -0.0801584192991796
0.0558690284253453 -0.0101929382657564 0.14952689305152 -0.0302569204024117
0.0750548584381981 0.00272277252781767 0.18658719417762 0.044994451687195
0.0809520244241437 0.0286084396715049 0.172930817336685 0.138987654487305
0.086908644618005 0.0699023141261016 0.0625317727374396 0.194106753514895
0.0310107478642255 0.129396473186568 -0.0360064122040699 0.134516126876621
-0.0547900489655792 0.135861954968353 -0.0381027669224661 -0.0251146079856709
-0.0828830364607082 0.0843469503815409 0.096505173776375 -0.191607688089658
0.0690871145050858 0.00466636273768072 -0.0948412887341691 0.204434232935163
0.0525059105410837 -0.0652118436385788 0.0368269732668558 0.0469807806511859
-0.0171948889286509 -0.0782012623320076 0.0364434928847459 -0.138467090800899
-0.0506252224349978 -0.0243883314472984 -0.0588443792576027 -0.215795098914937
-0.0324140999801124 -0.0058775698946254 -0.187437642260102 -0.160131949015538
-0.0225221729538431 -0.0101306783032927 -0.222467000365764 -0.0577895236687331
-0.0210708891516572 -0.0137772365543881 -0.18200246934464 0.0292402090694428
-0.0110634859533406 -0.0198676378837962 -0.120446927729542 0.101672604823964
-0.0165063317428151 -0.0259172449131565 -0.0637090379655307 0.1452794650766
-0.00891615857864986 -0.0344566601063777 -0.0432771749803343 0.176528324895252
0.00173309880646571 -0.0207871241649103 -0.0466382961364629 0.182442716705052
-0.0118080435361826 -0.0245525655109725 -0.0556555138692717 0.190544856004057
0.00942648902554322 -0.0477268110104648 -0.0592105871915461 0.193053720058471
0.0644978221652742 -0.0212926658456119 -0.0581193825015708 0.194854233740014
0.0697197343419833 0.0302347780966814 0.0222640563898446 0.236990159455152
0.0496040917274551 0.0892755663501878 -0.116615935790624 0.178359602500011
0.0467782273223332 0.0231365700675623 0.0296829822957364 0.0197757933734553
0.0127495958630563 -0.0106694955168558 0.0236453517128107 -0.156082924039303
3.39486074858271E-05 0.01706472599545 -0.0656626217655079 -0.216712542657843
0.0248486104487623 0.0118246489763372 -0.18042663437616 -0.162798671342765
0.0347121100156713 -0.0153704721269974 -0.212385164308565 -0.0694523577147072
0.0270964240204097 -0.0375610313648411 -0.177275613340038 0.0159534126226569
0.0344488243940203 -0.0468872406449452 -0.119019102583006 0.0885249663994025
0.0258707209826682 -0.0592399469272228 -0.0544467979583376 0.132928267207016
0.0518722662282327 -0.0665289070262604 -0.0237132702766277 0.169159888060009
0.0779749984277923 -0.0289931668164982 -0.022841123890156 0.192245772070762
0.0741263613910293 0.00128083944478916 -0.0464431010652152 0.207880545580462
0.0695589497890779 0.01982349793767 -0.0658646890102892 0.196114587124868
0.0840728378005615 0.0708403618361156 -0.0618262320940724 0.161520746991375
0.0756214960965149 0.128803836113017 0.0179502671582625 0.18301188043969
0.022145928339133 0.161066351796086 -0.118179459254286 0.124973749073045
0.032538872094748 0.112462112986587 0.0450850571514114 -0.0226115009165191
0.0431023251197596 0.0667103476818822 0.0286686003488738 -0.188457977858245
0.0593757438218612 0.0594804572112422 -0.0679131955048588 -0.226153511337713
0.0846517372614223 0.026793903076914 -0.166945145747139 -0.162789778630734
0.0897439133284049 -0.0209014867805134 -0.186669463669775 -0.0801473337584334
0.0723014114056236 -0.0576701141378094 -0.154088840745184 -0.00371838285477628
0.0741368405079629 -0.0680609785668894 -0.101144769178532 0.0621294889215922
0.0622313570994345 -0.0829063226812655 -0.0310320716573028 0.104839476176998
0.0982081223942776 -0.0910138689047845 0.0101975919451747 0.14608652331351
0.135412301561416 -0.0411200504560411 0.0199882887999716 0.188363780314919
0.145848139625921 0.00997842948616566 -0.0192668000536287 0.224093397752829
0.12605802595871 0.0691569257227908 -0.06650296277293 0.205669231388286
0.102217762132518 0.14353977506194 -0.0764122932194402 0.127323838458979
0.0735396032502973 0.204898490832874 0.0108172694080423 0.106805200807075
-0.00561414965782321 0.209417699170158 -0.10425409410826 0.0476114589491751
0.0175980709400085 0.188887849563577 0.0683039174422712 -0.076748527977559
0.0731337637101186 0.139274173149785 0.0421866037166796 -0.220860224828998
0.120743316736024 0.0948478795242033 -0.0590816984907162 -0.23182795107003
0.13897285791314 0.0327719770472383 -0.13840942267031 -0.161476893456283
0.134837213707101 -0.0293811691551502 -0.14541712215625 -0.0915122992298595
0.107111036357846 -0.072902955222241 -0.114289997851614 -0.0302357836344497
0.102596104131604 -0.0787342428854764 -0.0701159976749945 0.0282446778942685
0.0880318239708507 -0.0920847947890548 0.0011413876408688 0.0679400122098211
0.128887816332555 -0.0986330579866147 0.0501007081107815 0.112012856184827
0.170313449828603 -0.043280322203601 0.0671016947931857 0.170888829699453
0.190719856568895 0.015988842211026 0.0108269142551846 0.228709138305728
0.160981063578493 0.104020391245047 -0.0634827269300652 0.209285649984188
0.102963931334039 0.194813653108244 -0.0936100337682645 0.0931491244870276
0.0577830310392048 0.249088507450444 0.00438525699262191 0.0203299069231482
-0.0279327575474989 0.225161664981261 -0.0847621197835101 -0.0432009372304434
0.00353561419924141 0.23386061472037 0.0799302855414812 -0.137451348237542
0.0931833038232389 0.189960740605933 0.0515141026395246 -0.241139916617278
0.166068230532074 0.114827888514239 -0.0397055848250314 -0.225957612671594
0.173671939748503 0.031896431465667 -0.0934558079234807 -0.158438190628918
0.158725009505257 -0.0354180990366692 -0.0915973559643687 -0.10755455840808
0.12474737983583 -0.0785783744716787 -0.0649353222146678 -0.0618777833188385
0.115042481783885 -0.0774366985432032 -0.0301290723931907 -0.00826854808694149
0.10286331470437 -0.0848791701280615 0.0400613728376699 0.0292899300447021
0.144106486998766 -0.0838731955309193 0.0899907796725676 0.0769649823861583
0.181260298498281 -0.0277717135533736 0.107950731418315 0.149945476595148
0.203232510591425 0.0351245189863573 0.0357452250516918 0.223004962558869
0.162337421994241 0.13436375181201 -0.0623475557398152 0.20158362195367
0.0791340976397553 0.222699453069846 -0.106612186546912 0.0545880867099019
0.0231423549430719 0.257197882526317 0.00694743333244907 -0.063447079628708
-0.0448486932478084 0.203077553922015 -0.0659357950451404 -0.135064254308879
-0.0120746856204624 0.235807859070455 0.0736848449666859 -0.192249177111461
0.0924693423820757 0.20141065981798 0.0528334700927112 -0.241844647460128
0.175842084701723 0.113324690899886 -0.0144410713765166 -0.206083590098988
0.174889967399121 0.026692392460633 -0.0368625195628497 -0.154565909617331
0.15449397971075 -0.035885392337853 -0.0337104789299341 -0.126424593101152
0.12161539098309 -0.0726911499510523 -0.0148296013244134 -0.0948014519708536
0.110356968965562 -0.0637243491267309 0.0130295790496114 -0.0418897387938042
0.1039069212634 -0.0647000405858193 0.0814110621673228 -0.00293135886176249
0.141826186304373 -0.0536609204750666 0.129282752443775 0.0512654265156433
0.169512099042553 0.000976935765871215 0.140660099823765 0.13485035779989
0.183645898921211 0.0623096755600461 0.0492814528063927 0.212805873742317
0.130250262627897 0.156849304008503 -0.0606955647979788 0.180374781408163
0.0320104347076026 0.22505562756338 -0.101309542367521 0.0152669072858289
-0.0211681798099781 0.23022034907082 0.0254086134601306 -0.134234313906028
-0.0562618623357385 0.143752298723388 -0.0514399724168231 -0.209437853238218
-0.0271374522654493 0.192590369989032 0.0542174441642806 -0.22705079997139
0.0715178159971697 0.172578689463299 0.0515165803495162 -0.227790032591621
0.145847404250252 0.088441164572763 0.0125558590616494 -0.182462168853121
0.137773255175587 0.0188852519515942 0.0142706711900418 -0.154344762975728
0.121908134082559 -0.0261165786058222 0.0151161782994754 -0.14609518570305
0.0983578979802636 -0.0520870947038683 0.0268920969741125 -0.122444305697421
0.0893333207880791 -0.0404255942071967 0.0531558808183267 -0.0672608108802185
0.0884194399046566 -0.0374969429191391 0.121771908651145 -0.0235934584952133
0.118867795960171 -0.0205850166685655 0.164245558994898 0.0415907946257409
0.13363342507933 0.0256374884066171 0.16329804460041 0.133596603671771
0.140018810691891 0.0795491475698901 0.0574871768005505 0.203935924610528
0.0788403324759342 0.158464467977522 -0.052450709552803 0.155111259869103
-0.0205003518651357 0.196515853038378 -0.0757070569650283 -0.0155182282086339
-0.0628155320180303 0.169031454025769 0.0583426531027427 -0.180063050307452
-0.0661313223091598 0.0590776876728999 -0.0432224839304001 -0.250561375329562
-0.0434758379046428 0.115732022288135 0.0337523020949893 -0.232313859420892
0.0330334273475642 0.110405839528725 0.0559706179794123 -0.206455544641287
0.0829345525335488 0.0484848338651547 0.0365478067226 -0.171454048223734
0.0715569054318023 0.0129303031733944 0.0455787998546505 -0.162467138283576
0.0671448726244161 -0.00546336719964531 0.0416343042951915 -0.160833007657238
0.0606368829633143 -0.0196791882160483 0.053446006852047 -0.137537219865155
0.0544331881886404 -0.0113517660421447 0.0842189186300561 -0.0808682595217215
0.0570962426291306 -0.00938411367261774 0.15336576964946 -0.0306773026693297
0.075820230170804 0.00273017971035203 0.191213596505209 0.0466202224646358
0.0820602046096923 0.0291905234942337 0.177512003555062 0.141811889384223
0.0875538555696195 0.0705204901710524 0.0640225635787564 0.198094843822325
0.0308409390483919 0.131474366243487 -0.0356173765371528 0.136958166264647
-0.0561315916386163 0.137555054322993 -0.038111419292053 -0.0247085024828159
-0.0838605137164934 0.0848603405744777 0.0972847924620944 -0.194243590742182
0.0705403558659762 0.00545847685923034 -0.0994803573335913 0.21240596563423
0.0537135119430707 -0.0678730852317853 0.0386081671864793 0.0494609119926141
-0.0186387073124327 -0.0811639296586499 0.0377994939343947 -0.145704151093575
-0.052472548985676 -0.0242826524152788 -0.0621883106709313 -0.227358983696825
-0.0335698091463976 -0.0053035170471569 -0.195300416705289 -0.168204828294563
-0.0231483543780175 -0.00967796887187985 -0.233489188726055 -0.0595792636227247
-0.0218161361708239 -0.0140743895461765 -0.192036042829618 0.0313877101297212
-0.011120916706019 -0.0211392864451681 -0.12598478991126 0.10696058550271
-0.0174701370104431 -0.0270898020568129 -0.0666907050922939 0.152045506876414
-0.00916486591863375 -0.0350708944634176 -0.0451399443676815 0.184880786239039
0.00287777304710841 -0.0211386145661056 -0.0491334378910011 0.190184903891016
-0.012077259016186 -0.0246212556479979 -0.0578562608683552 0.199007643573835
0.00929905727768837 -0.0489024832845524 -0.0629608323897815 0.200695447600769
0.0675200052368203 -0.0217767491888179 -0.06289887130134 0.204571413511
0.0717675442949906 0.0327310540736072 0.0213228897002742 0.249433495865911
0.0498482923439016 0.0931320380792203 -0.12174430408293 0.185794152063412
0.0473590723443537 0.0245888129157274 0.0306077380760236 0.0212025261845903
0.0114502367515672 -0.0106286786386395 0.0254089072820592 -0.163701579499762
0.000221157087343569 0.0190855695146475 -0.0686499941382966 -0.227739407818414
0.026793101981076 0.0136201935853373 -0.187272633181337 -0.171457229660887
0.0367691485966376 -0.0152855345556073 -0.222856332984447 -0.0721658254831842
0.0294728254672819 -0.0395251523746977 -0.186970333186421 0.0175645249286882
0.0368118691225592 -0.049768321113637 -0.124384540839131 0.0921637086719934
0.028340272729098 -0.0617787669115739 -0.0562981072564053 0.138866552860763
0.0547658804569753 -0.0693746191267532 -0.0249591380617404 0.177260874731784
0.0829354884244984 -0.0294123233704275 -0.0237660162808862 0.200312025118266
0.0787236091527916 0.00299746296905772 -0.0481144114300307 0.216982357197604
0.0719573445451864 0.022974510400554 -0.0693514846613141 0.203691034587749
0.0869744346108539 0.075044883711657 -0.0663718757872494 0.169654789173906
0.0770807834682185 0.135389305770016 0.0170133683385139 0.193923697624298
0.0210401508172 0.167911114685668 -0.122303059223071 0.130287398822884
0.0317810312208606 0.118759275179471 0.0472842108035568 -0.0222421451255222
0.042010043236671 0.0695626586003066 0.0298843380371907 -0.196467211047726
0.0619081667142593 0.0636749416906128 -0.0695833504452036 -0.236700312664653
0.0889890994717243 0.0297209747546426 -0.173142505357169 -0.170598501430613
0.0950942811091621 -0.021313920415324 -0.19625189493302 -0.0838549283434402
0.076945163744863 -0.0606344620226502 -0.161811833096658 -0.00362152552633589
0.0790634144957302 -0.0722193522444467 -0.10537353418791 0.0651936209757887
0.0663345508702659 -0.0866136592000488 -0.031717562624182 0.109426035931775
0.103529922172702 -0.0954048558546191 0.0115202303106012 0.153202353218424
0.14397947011733 -0.0423183763832126 0.0218883757640605 0.196566328141607
0.153963387004891 0.0115956558894542 -0.0204369056368858 0.234133120929825
0.131766231346462 0.0747772654274404 -0.0685586500798362 0.213305896644589
0.105622583118309 0.152286364121967 -0.0805083675135487 0.13421435387714
0.0747566247909331 0.215048641453408 0.0096909453490268 0.113928608518086
-0.00791095452702624 0.218170383582438 -0.107437135045567 0.0502822352057918
0.0165444897592991 0.198847453662194 0.0711126079343989 -0.0787293349952576
0.0741192934076399 0.145562413198175 0.0437771270761471 -0.229988685359602
0.12662748681256 0.100568907056722 -0.0605124734911664 -0.242866030994164
0.146085477827628 0.0356287180007256 -0.143546289666899 -0.168149158293723
0.141096188340974 -0.030254690262074 -0.152946667613226 -0.0952437265232369
0.112729100523735 -0.0766996201609525 -0.119925322826066 -0.0319527706400814
0.108844563390039 -0.0834298960042311 -0.0731805163628547 0.0293452249006044
0.0936903726130471 -0.0957485902446636 0.00281555689534668 0.070382069485391
0.135814818364684 -0.103032223411373 0.0531756424415147 0.11763593630312
0.18026902959148 -0.0449940111538937 0.072014961482773 0.178569743779186
0.200883350794862 0.0184764581065887 0.0124868194135207 0.239211853065498
0.168111399135821 0.111443652979203 -0.0651131612201172 0.217936161046567
0.107300727336107 0.205778297876676 -0.098306773529987 0.0984011166500471
0.0579557990609391 0.261404771127164 0.00346480572627081 0.0238432740308475
-0.0313539407966563 0.233888787001069 -0.08613894077441 -0.045040453768346
0.00208084016368964 0.246335686609176 0.0839132155879563 -0.14161834672766
0.0946395983206978 0.198299344337283 0.0542104352948127 -0.250989368203603
0.173190842330489 0.121452188557541 -0.0401133566293149 -0.235390646096744
0.182231039053393 0.0342672205123818 -0.0968550400108643 -0.164209155906006
0.166436551185062 -0.0372615874317916 -0.0967948238067163 -0.111858848300308
0.131356081095989 -0.0830344451402742 -0.0689337850648275 -0.0653847248626864
0.121833188947138 -0.0820621985861084 -0.0305433548739186 -0.00847719567045877
0.109896555208705 -0.088268118993737 0.0435359610392895 0.0298968531135428
0.151563062902911 -0.0881612224003858 0.0954741101076673 0.0803832258686118
0.192310580931061 -0.0282569728965214 0.114654883395411 0.155797512453218
0.213380207793947 0.0370337967116125 0.0383815059949618 0.233476300239934
0.169085048163448 0.141776463004022 -0.0632525594746904 0.209236648208945
0.0812609007500388 0.234710539539144 -0.110153503042205 0.0580223587656494
0.0218751987007862 0.269430325693133 0.00621720128430951 -0.0644182890386681
-0.0479092589868641 0.210478975867794 -0.066280726408127 -0.140750446715329
-0.0128013632458726 0.247896908079523 0.0778171150989646 -0.199734850564568
0.0950947840574196 0.211337741339926 0.0552732553147887 -0.252134518062759
0.183963066474995 0.119315967551706 -0.0141604103976928 -0.214794658299502
0.183657043415005 0.0276059448068506 -0.0381716852505088 -0.159209777964073
0.162372959760114 -0.0381720227989619 -0.0355892254365081 -0.132737841229453
0.127657333777585 -0.07594696042403 -0.0168504708678164 -0.100210976840625
0.117527858996076 -0.067446042987885 0.014535069462523 -0.0435814870911372
0.11047746816012 -0.067133459186028 0.0870079198818179 -0.00378706670818314
0.149247313725242 -0.0568027564128086 0.136665187392417 0.0539121629212008
0.178083771975137 0.00194169463653247 0.148774190697622 0.140785628919496
0.192024170339915 0.0643866868573922 0.0531844211744932 0.223523202095075
0.135477402790733 0.164896045518705 -0.0619227918707707 0.188341837600848
0.0325346616292964 0.237378436039416 -0.105113780285633 0.0167895052286651
-0.0236819187409048 0.240271732345833 0.0250031681038978 -0.138864412293447
-0.0589706342706489 0.149652785633199 -0.0516541352107457 -0.218543029262815
-0.0282680270513209 0.201862009914618 0.057230758560159 -0.236562921713466
0.0745608683383487 0.179705553024261 0.0541675020680919 -0.236811348595774
0.152751013273658 0.0924838689409136 0.0141690956021539 -0.190072142424102
0.144860905515954 0.0190739864078772 0.0154300657855068 -0.159573096153733
0.127012145691818 -0.0279304079090084 0.0156592470765125 -0.153156528049547
0.103353953343623 -0.0545110015081174 0.0273262837142078 -0.129035573021733
0.0946392143178835 -0.0425866839222845 0.0562260913079283 -0.0702484391534296
0.0935281890964998 -0.0384826839874427 0.128855108203308 -0.0250695181528019
0.124342932296924 -0.0216006795580459 0.173578824040066 0.0437435719659993
0.140243246721687 0.02697952329989 0.172944041168506 0.1394509402788
0.146048950969327 0.0822306712088983 0.0608556513411497 0.214148156144152
0.0820238935462336 0.166057913044377 -0.0540938585421328 0.161961922305388
-0.0222762007684742 0.206533385940587 -0.0783694633202161 -0.0155888124881397
-0.0654419549836007 0.176426731621787 0.0601350276584069 -0.187374437127001
-0.0681717761832251 0.0611985650180929 -0.0420476724151718 -0.261855918551732
-0.0450739326874725 0.121384921333699 0.0362998498656056 -0.242427938489845
0.0346019046518126 0.114955650020151 0.0592414431405814 -0.2150259263573
0.0861442969420729 0.0499917177480366 0.0389073161788045 -0.178509477206047
0.0743146637718825 0.0129213626147522 0.047711896583954 -0.167805628329507
0.0698242537807444 -0.00609636491131382 0.0434304980484961 -0.169320547063039
0.0629151979617514 -0.0209827911916274 0.0547962941739864 -0.145301188774915
0.0578434976026468 -0.0119601262678449 0.0884853952478429 -0.0847809732232365
0.0603249229131372 -0.00907263551115503 0.16158162744392 -0.0325808058330071
0.0790403557732535 0.00276573440737314 0.201658202608402 0.0489782160801392
0.0856111970476314 0.0303090645874353 0.187004619911404 0.148633767555203
0.0907990886745444 0.0728938392756848 0.0675491145330325 0.209165012162918
0.0319779419047303 0.136767932484305 -0.0361635541202112 0.14380921359685
-0.0584650154924797 0.143870282011709 -0.0399131903846016 -0.0255959019690413
-0.0874226156751098 0.0881854257494222 0.100754460411405 -0.202966759571757
0.0736635948506336 0.0049000133702127 -0.100190213220634 0.227088446026087
0.0547347197414253 -0.072260056647529 0.0421296254443094 0.0527050290410428
-0.0233308541027959 -0.0852236635410541 0.036619060149734 -0.156623068620595
-0.0552052084060484 -0.0235593578369841 -0.0717646817927629 -0.241536866700158
-0.0349603478845777 -0.00394579246499915 -0.210748701144941 -0.176018979950961
-0.0247064042028144 -0.00935005466672328 -0.25119391439803 -0.0575320290170355
-0.0229111168630254 -0.0144166408601906 -0.205069576847156 0.0400487288657043
-0.0126152553542844 -0.0222406750125685 -0.132157580312462 0.116547756624586
-0.0185082399514906 -0.028253198053264 -0.0675422141277778 0.163357506307398
-0.0107436786591621 -0.0371651284541911 -0.0440313822294749 0.198253823738801
0.00323339505130027 -0.022281720942309 -0.0491432169335089 0.202950577917524
-0.0130020913390791 -0.0242274601226915 -0.0574011871276506 0.21207786175834
0.00849870811640924 -0.0505653753763403 -0.064640944922843 0.214067025511778
0.0707255638743991 -0.0250458483660765 -0.0653954220481983 0.219936687254257
0.0760421598468003 0.0336971343204514 0.0277247242392805 0.267549174225972
0.0533331553905719 0.0979009223704084 -0.124780776506327 0.199538656792126
0.0501777793667572 0.026120417136357 0.0329789081747496 0.0232601629159752
0.0106062939322145 -0.0106150538107435 0.0225563319764933 -0.175456106751631
0.00180639735561782 0.0216199840275709 -0.0785719016216264 -0.242326750845132
0.0295203919411442 0.015284425410032 -0.203040577779092 -0.178637882568052
0.0394088088366211 -0.0162528609644651 -0.239913996076292 -0.0715523160782585
0.0306054803638073 -0.0427352139735959 -0.199556765084533 0.0235068646187668
0.0388638837518041 -0.0549976644675766 -0.130343261283118 0.101783552560085
0.0293888578716022 -0.0666404894067299 -0.0560254090967489 0.148913773323441
0.0565075274588295 -0.0756915616143059 -0.0223708704451028 0.190203444251559
0.0896040627305823 -0.0327063051303404 -0.0211898315613227 0.2142983005402
0.0852496053197774 0.00252545419834702 -0.0463338506606248 0.232821483027279
0.0770102677337422 0.0248934276925453 -0.0700880947584201 0.217226031182838
0.0941356967242851 0.0790851663588389 -0.0691161506305583 0.182953164588314
0.0830151603812782 0.143490476379582 0.0216575726342379 0.208588385090658
0.0241329508744971 0.177445152397209 -0.126521646550438 0.141256715140296
0.035829459772773 0.126863111449297 0.0497733477608653 -0.0234206738296066
0.0444481276332949 0.0735168572862844 0.0270971739728607 -0.210012259091935
0.0682192455003564 0.0674657036197398 -0.0789280417762485 -0.251236566197635
0.0962763090039579 0.0306185632158898 -0.18754351771246 -0.177626477726768
0.100960662896411 -0.0243753361058492 -0.211735939724004 -0.0838742371492107
0.0814549276255704 -0.0667989648725928 -0.173150375193122 -6.0279218277563E-05
0.0832954879697527 -0.0801206856797552 -0.110633472477405 0.0724091251639325
0.0698362534058298 -0.0938369131868654 -0.0299904740825693 0.116220844982589
0.108476122063512 -0.104476474599556 0.0164483851446541 0.163542194855472
0.154719955840357 -0.0480563615988995 0.0285084712233589 0.208730828067785
0.166038671222371 0.00988659928798297 -0.0158269936678673 0.250016140662461
0.141640818559162 0.0785245182691518 -0.0685688554973961 0.22744209005944
0.115064264882335 0.16146664533191 -0.0840527442100037 0.14597630350087
0.0824378782788582 0.228177220737118 0.011940846722553 0.123832473014115
-0.00549836369963182 0.230952856695502 -0.111259321672288 0.0556509062953092
0.0203953823473014 0.212511042433565 0.0743001330020637 -0.0834115931069771
0.0791774026749585 0.153955115356024 0.041191967367285 -0.24466249891427
0.137416233872798 0.105311726266349 -0.0691139750398947 -0.257132842012873
0.157257801499035 0.0364126833831828 -0.156153691687138 -0.174643737210739
0.150538626985251 -0.0351848385214434 -0.166066603475276 -0.097787799528978
0.119586137437447 -0.0846408978355177 -0.129564722509148 -0.0322050549617796
0.11536422461735 -0.0928836318489887 -0.0760776140651292 0.0334542732855347
0.100225605595951 -0.104314914254088 0.00608474009491636 0.0740402645300939
0.14287197690782 -0.113161784422136 0.060576576399781 0.124308846779594
0.193619682809851 -0.0514757064903201 0.0813892832799159 0.187751563263678
0.216287214105662 0.015038956902804 0.0198721141111581 0.25503601583008
0.182364038429166 0.116953286940026 -0.0638197845578759 0.231688988782389
0.117115773776253 0.219383521782072 -0.102825292797053 0.107970221175764
0.0649748798139415 0.277615584367287 0.00297999522164151 0.0275198606859471
-0.0298185122884452 0.248126763364205 -0.0900302558515728 -0.0459879046125699
0.00620847320572309 0.263707329722836 0.0864819071159621 -0.150677864783687
0.102481563929678 0.20934441071188 0.0513536308498995 -0.266094487006101
0.187386717493784 0.125956844116638 -0.0470127355997565 -0.24887786072532
0.196346370813338 0.0334642238250487 -0.105442691658264 -0.170249730588138
0.177025510484652 -0.0437224944165237 -0.105758642222472 -0.116577057215407
0.139068672377613 -0.09147076277394 -0.075932575171491 -0.0689874214432131
0.129513678080703 -0.0914268334704797 -0.0325548610278264 -0.00800055347619091
0.116974761253379 -0.0968388150071014 0.048843334857961 0.0297754300312111
0.160631962937148 -0.0981038848503557 0.10545276452352 0.0834838640913941
0.206402759799633 -0.0346844714602301 0.127981058379673 0.162796698106159
0.229160040753538 0.0347504233649902 0.0469082466446251 0.248849520764433
0.183747935687299 0.149139177395204 -0.0615673242432098 0.223197597534423
0.0911385724760243 0.250800359814417 -0.116052395129617 0.0653152780639643
0.0269645382190071 0.287153627780359 0.00415789052746217 -0.0668755929068762
-0.04709206674822 0.223723901473765 -0.0705094800434356 -0.148341537219903
-0.00903365656898603 0.265425361590532 0.0789718283102403 -0.212411905939477
0.104281116645707 0.222971702733696 0.0534613492327783 -0.268341164213301
0.19899698492717 0.123440463574341 -0.0186234772244004 -0.227328683647947
0.197468495807539 0.0261883090701978 -0.0427585254268975 -0.166643053210512
0.172249776007811 -0.0443439927671271 -0.0415518584227071 -0.139496653102317
0.134518566371137 -0.0845049148121761 -0.0210441924430077 -0.106867052512957
0.124755900848149 -0.0761109141628152 0.0152843116474041 -0.0463328082145787
0.117663377934879 -0.0739975078857542 0.0944979042642412 -0.00722620986023792
0.158278097597748 -0.0637463106553313 0.148387687528691 0.0535911062377461
0.191556733815359 -0.00286239250740567 0.164035707470127 0.145739081854756
0.20644795831114 0.0643246600721168 0.0632065989354637 0.238292878590104
0.147997124578627 0.173380767596961 -0.0595829875135762 0.200425306643246
0.0397722313100366 0.2529803807461 -0.111295762387066 0.0206569816018492
-0.0211925610419565 0.256382318468318 0.0223097813211396 -0.146978853050439
-0.0596228099704171 0.159094852526454 -0.0574234697642703 -0.231686456346872
-0.025624317526975 0.2167097343353 0.0565454297222932 -0.251373216682733
0.0827099934313297 0.190253794855399 0.0528529938417457 -0.252332630591926
0.164674564582944 0.0945253685614726 0.0123061246198462 -0.201802568167047
0.15539203761001 0.0165386565967487 0.0140473874197422 -0.16800329392462
0.134425641194155 -0.0331128415394706 0.0124562961325558 -0.163804339320503
0.108719311261793 -0.0612864711884987 0.0241826174304723 -0.139122059545088
0.101321495199892 -0.04835874064325 0.0595526864397591 -0.0759813754712149
0.100638398436762 -0.0427721192704535 0.138310370475882 -0.0306904155649299
0.132489766741773 -0.026012715328425 0.187948844739041 0.0423263705807492
0.151402554095634 0.0253950492367635 0.189597726880052 0.144225759982236
0.157380141224727 0.0839014158197808 0.0714778339879981 0.227626480406894
0.0913137273770935 0.175009516243211 -0.0517647043314646 0.173611035571608
-0.0188855758477761 0.221072826566683 -0.0831884820374079 -0.0144886251361808
-0.0665168100183783 0.188735583808225 0.0577215462182048 -0.200846664921961
-0.0709206934320708 0.0656969325225295 -0.0485262376237048 -0.278922595065395
-0.0441657050942572 0.13031308327266 0.0340876748371007 -0.258509390376141
0.0395355157142742 0.120496375169526 0.0588983232533529 -0.230502498457226
0.0923786409652584 0.0499948774596474 0.0387659344200692 -0.189315833716245
0.0795540324664963 0.0113108381499503 0.0477053534421487 -0.178500550230909
0.0733654193904879 -0.00871124752438675 0.0418816552882359 -0.181526181628117
0.0662953736081958 -0.0238484047755109 0.0532793113036968 -0.156762866632462
0.0622667512792271 -0.0142847994348495 0.0932288614959686 -0.0922017780842552
0.0652911363369832 -0.010348291162326 0.172897989178428 -0.0392252231903713
0.0838889426622713 0.00143127672762475 0.217473381277856 0.0463142721102101
0.0916866749987112 0.0301336152932589 0.204736900037276 0.154264145227932
0.0975217352844775 0.0747738088866818 0.077721744734225 0.221829948498449
0.0373612934845926 0.144583474580741 -0.0347547609940859 0.154117519705768
-0.0587268413869867 0.15461424659626 -0.042564413317489 -0.0265230416097042
-0.0905253014736205 0.0951068037516127 0.100113672907996 -0.218387340993644
0.0765365175572846 0.00199210164721291 -0.0943579530981252 0.246472178756974
0.0542862928187629 -0.0791526262551664 0.0469230778784588 0.0551947780659738
-0.0300267656550667 -0.0871966286626981 0.0287653704422672 -0.169101788199916
-0.058904736149743 -0.0210162537740202 -0.091105411568327 -0.253932881343056
-0.0362258066135986 -0.00152852217344801 -0.233431076548531 -0.175914153103043
-0.025882391949303 -0.00700632312092106 -0.27021878010754 -0.045875487989703
-0.0245234781214288 -0.0136711404879901 -0.216829186851349 0.0552094290088528
-0.0142677809660974 -0.0234016026393271 -0.133819409534402 0.131038049497037
-0.0212758142272144 -0.0292493870120272 -0.0624509504293983 0.17730913908348
-0.0128539868554782 -0.0387379893538271 -0.0362100166201371 0.213618104897184
0.00388458769063925 -0.0240034096148841 -0.0417457220956911 0.218794261954095
-0.0145181191725118 -0.0231693518840362 -0.0492499727795363 0.227107673991969
0.00533399914155329 -0.0521775597327399 -0.058378307741058 0.229300104619814
0.0737114910848897 -0.0298566531440132 -0.0601619812363022 0.23850365609383
0.0819422155973085 0.0325898194157143 0.0431021457217525 0.28421732970599
0.0598645021602206 0.10154854297308 -0.120640410630077 0.218169364195
0.054030533704599 0.0262582278483523 0.0362463485523072 0.0245670378355099
0.00869878412491842 -0.0109511259040116 0.0128239681798995 -0.187774015442504
0.00411846501595138 0.0237925920119583 -0.0965877618777596 -0.253659353383619
0.0339005363406871 0.0156296191324031 -0.224664474012865 -0.179381937188264
0.0418626520096555 -0.0188546861569734 -0.259339889584957 -0.0620172699654536
0.0311652229857985 -0.0471577979376269 -0.212175693461119 0.0376650539892534
0.0388057026759843 -0.0616827242010432 -0.132767542946373 0.1152800094952
0.0287584945053736 -0.072451029262918 -0.0512063923302021 0.160937602741667
0.0568546674723416 -0.0834171498883628 -0.0125689879031104 0.203605043533716
0.0954855297242201 -0.0399796444367741 -0.0111732387535202 0.228798481269738
0.0915026703599316 -0.000508684597148953 -0.0365768459753105 0.248877139165376
0.0834420986612414 0.0241091329958434 -0.0630690226013213 0.232995707957835
0.103755049804738 0.0801037665670258 -0.0652351370599035 0.199481184470002
0.0951717557137287 0.148533027757579 0.0333526469305985 0.222545278998594
0.0330037121884771 0.1868304861971 -0.125165320577867 0.156120790262273
0.0439852264854373 0.134526275834678 0.05158040016881 -0.0258311157673439
0.0493067588444307 0.076803054194671 0.0165208841602838 -0.223951176886484
0.0767857354567036 0.0686247634277438 -0.0976401685834546 -0.262761380298527
0.105497663287058 0.0280186673938051 -0.207483159135992 -0.178663629303225
0.10680228832219 -0.0312705221840928 -0.230112656838566 -0.0766276269630518
0.083462290437343 -0.0759656979965751 -0.184405145420238 0.00935916808525138
0.0855043770434459 -0.0911680503747198 -0.113212885077805 0.0831980452011627
0.070909644277598 -0.104668731604997 -0.0247891434154028 0.124645258777339
0.110922688031071 -0.117443000448506 0.0273966234607922 0.173316485474897
0.164260468189454 -0.0595973544301308 0.0419305582485794 0.21958336567378
0.178238830488105 0.00210666367199865 -0.00209360836611542 0.266583488512331
0.155309950291241 0.0781666478654492 -0.0604793232980786 0.243768383413304
0.130625970844522 0.167604889177178 -0.0825154798717175 0.16093104567181
0.0975144982242185 0.238720762101098 0.0187590928158342 0.133559552058919
0.00422031203108282 0.244925967670982 -0.112895112040581 0.0649098568695623
0.0322052735774179 0.226488785665287 0.0746062793500698 -0.0905402662698351
0.0898247335494635 0.159671851788056 0.0304245351245895 -0.261139626433426
0.151994922928786 0.105067167678068 -0.0863020752244052 -0.269406550802737
0.170652075004751 0.0306514746416964 -0.173343907101724 -0.176059811194801
0.159042793155785 -0.0452331256201832 -0.182153610237369 -0.0938162123640718
0.122978134268663 -0.0969194347284332 -0.140312750969378 -0.0266280339603279
0.11816786351464 -0.106946167560577 -0.0786483663150279 0.039979280300423
0.102688917800345 -0.116832758631761 0.0116791166251694 0.0770851067062631
0.146931230731608 -0.128738782127159 0.0727149359989099 0.128511047613068
0.205859395052621 -0.065791072619022 0.0977185554368885 0.194459711605374
0.231715969760641 0.00456385636577244 0.0360202203099918 0.270471898952263
0.200268504178199 0.116486700692735 -0.0542531255548255 0.247554339794254
0.137197628716167 0.228765646677454 -0.103291958515417 0.121463672403539
0.0827614706910559 0.292029106653887 0.00360806870502624 0.0315664185574753
-0.0200419015670493 0.264338316590845 -0.0950893083482288 -0.0443690011004465
0.0199653937075689 0.281533049805199 0.085115743946587 -0.162706655800442
0.118444152127167 0.218257455126264 0.0409414610214951 -0.284567950650986
0.206565587371153 0.12479336630704 -0.0628996628781916 -0.262006679442307
0.211566102262939 0.0255393582117496 -0.119877671719141 -0.173717123288796
0.185962554574942 -0.0562633393022073 -0.119405059928122 -0.117428427646752
0.142446793119024 -0.106138886551785 -0.0857773351614642 -0.0691460243139073
0.133733411195588 -0.106042377169134 -0.0340413203022254 -0.00674658371276246
0.12057654284365 -0.109767815864574 0.0549858014589151 0.0276908881724634
0.165612889687705 -0.113443509622864 0.11805268743331 0.0827289383099583
0.219852944459719 -0.0481164691457114 0.146014416370489 0.165486194147027
0.246570876009046 0.0237179517847702 0.0651264645984444 0.262716975784488
0.203937970816941 0.15065863671803 -0.0516519309068042 0.238303237097611
0.110366212328961 0.263916325603049 -0.119137357712169 0.0761935046377942
0.0427367928154046 0.303384154875769 -0.000844858859772168 -0.0691769757132625
-0.039319023441934 0.238939642733245 -0.0800339151878401 -0.15435311416688
0.00513265280508115 0.283444158283313 0.0738740598055552 -0.227526477311379
0.121524001869496 0.231749457810413 0.0433246369059289 -0.285906969351947
0.217642567627538 0.120079284737584 -0.0308591577112707 -0.239393103699814
0.212047227789413 0.01682222370004 -0.0525631912923461 -0.172416312333249
0.180401291097203 -0.0571691780509811 -0.051989467192677 -0.145605959326864
0.138320930627432 -0.0982549880284523 -0.0300292638223925 -0.113158097170284
0.129408787142783 -0.0891915414198308 0.0142911096952134 -0.04960554947834
0.122842410849165 -0.0853647170925106 0.101760279253599 -0.0141811178643615
0.165318055259053 -0.0771804383784928 0.162954980894816 0.0485685199828963
0.205326436042733 -0.0138147345850692 0.184244064375655 0.145512126287613
0.223211306141366 0.056632752548904 0.0822315100138495 0.250026396548141
0.167438188378235 0.177640358372462 -0.0508374948643726 0.214229879014076
0.0560905477556615 0.26842197032872 -0.116046174206781 0.0289390236896195
-0.00982496736451044 0.273384260466351 0.0136111565988025 -0.15596865470511
-0.0550958543475506 0.170752967442947 -0.0705010160794349 -0.243151517079437
-0.0147322292135054 0.232157684104903 0.0475187308887991 -0.267983273375925
0.0971349158083355 0.197678481269739 0.0426509058586743 -0.269307311711083
0.180048134638529 0.0912253879876904 0.00280072889669028 -0.213364432080179
0.166299591555288 0.00836671642579598 0.00758351683927265 -0.177050110622621
0.140676075395167 -0.0432991899315077 0.0041540687979915 -0.174569045838516
0.111701254587038 -0.0719588911146934 0.0163321730490665 -0.149304507658544
0.105130649947783 -0.0582211780065392 0.0595111534439414 -0.0835654047932354
0.10564868073404 -0.0508009877549934 0.146095696264739 -0.0417714789929507
0.139564183100138 -0.0350970298443143 0.203313011596295 0.0338295160554977
0.16231237417689 0.0177176333408535 0.211066940153893 0.142160258040442
0.171476303565325 0.0796737463835073 0.0899985773035489 0.239403537152445
0.106926194774104 0.180873791318289 -0.0440080345319007 0.186767950397282
-0.00757257363585864 0.236649272152497 -0.0890680276572467 -0.0102412763020549
-0.0608815359810639 0.203902781999608 0.0479162203988898 -0.214899542908527
-0.0714187295586761 0.0724186864279696 -0.0640635893540362 -0.293390904366775
-0.0388454325955125 0.140508089122109 0.0232565551434404 -0.27460804445503
0.0487095421708912 0.125954794952319 0.0505039165314091 -0.246604238279445
0.0999828613447425 0.0476013841038318 0.0312604878637432 -0.201818141041686
0.0847559741471469 0.00659360723979398 0.0424518117222669 -0.190603395127766
0.0765884623601392 -0.0137330391138122 0.0343386533881995 -0.195188049075553
0.0684987500019154 -0.029044053993687 0.0462702024629756 -0.169907119777771
0.0658427222421701 -0.0193472544108639 0.094523292874655 -0.103491638685713
0.0693659564723321 -0.0145347828909614 0.182302286424333 -0.0519960340546476
0.0895192781932419 -0.00288796786564209 0.235413797464978 0.0378578260492439
0.0988242769143094 0.0267061257174346 0.227725778983059 0.151449961257435
0.107339272428257 0.0723641113968707 0.0963588389480642 0.233176491900227
0.0482118394759734 0.150293924869601 -0.0269349635707479 0.166132869676462
-0.0531901190928125 0.166735175736384 -0.0467619146756996 -0.0254646292475366
-0.0905243585351644 0.104674198158053 0.0919793483969653 -0.236433293228284
0.0739728566746174 0.0362855022002929 -0.201044551203544 0.188075774418346
0.0858581186112614 -0.0510031832839969 0.0171417863821808 0.0748365721539272
0.00765023248774701 -0.093346347032758 0.0998324649941946 -0.144456362296848
-0.046501747827819 -0.0407809769228919 0.0247145626847917 -0.280194888160117
-0.0333372175566339 -0.0120835062302681 -0.141898246466652 -0.26949937509089
-0.0209124782534058 -0.0150739556639854 -0.233731865349964 -0.164387419335301
-0.01832111571295 -0.0218715260423672 -0.2298153679776 -0.043599333755892
-0.0029275418750671 -0.0276771241444248 -0.183096481822707 0.0642922787680839
-0.0063476893250906 -0.0346526450064067 -0.135057094079968 0.138847656975464
0.00556536825972087 -0.0395505445622945 -0.125936248031007 0.183646709336628
0.0147740753256862 -0.0190885303081901 -0.136160469462763 0.186099565268115
-0.00262853565825552 -0.0224275654533206 -0.14816407999224 0.188190605473867
0.0271116946233584 -0.0427289419869248 -0.159054848566967 0.186911298353523
0.0814899380012238 0.0074473281020285 -0.171103194885611 0.200148634746707
0.0634912512113297 0.0668972862214007 -0.0995479154689137 0.289973064223777
0.0133246813866373 0.122569932736101 -0.209816934000483 0.150998416001152
0.0381750857971221 0.0495303289812694 0.022015383936355 0.0399339321908814
0.00900123355414521 -0.00365199135727283 0.0945104966940365 -0.170082525320731
-0.00681441931735702 0.0283965946181808 0.0212222413768473 -0.284769187962571
0.0253017697035114 0.035314766362283 -0.131044553552847 -0.271667345180321
0.0481356246713169 0.00355651243518798 -0.217502306908469 -0.176236030178834
0.0496782595182377 -0.029767174361432 -0.216119484470924 -0.0599062637821467
0.0658168210311347 -0.0411843130228341 -0.17361672168566 0.0488182978668119
0.0609627373389106 -0.054431178929404 -0.116787461329687 0.12856786051873
0.0915455815633296 -0.0527577716800684 -0.0989987661548676 0.185643985480956
0.111079286624148 0.00617870486801694 -0.107674788748807 0.211373446415978
0.0875453528107868 0.0454610242271478 -0.142617962099947 0.218262766593137
0.0657716401087748 0.0654052518594678 -0.166301645117068 0.190024553584025
0.0602343462010307 0.124881468277347 -0.160152992552936 0.160321855504303
0.0232074803029815 0.181963529535975 -0.0804577484025199 0.226666622573644
-0.0529483749435785 0.190972709160654 -0.182930063889819 0.0905750457609552
-0.0201686981930262 0.147769332074333 0.0608812297504367 -0.00356731701702109
0.00671596133117915 0.0970504553603408 0.115865113872591 -0.204912794056179
0.0399282442692528 0.102993705721696 0.0264227058215445 -0.294955719526686
0.0866630792726903 0.0787830127650042 -0.113817343703785 -0.265737975457529
0.115031880429895 0.0211962158518291 -0.183591135865419 -0.178388591050799
0.112329215954524 -0.0343772734618253 -0.179158534723693 -0.0747921295274166
0.123145282719638 -0.0484879363819922 -0.1406006951194 0.0274018007233838
0.114513869646839 -0.0659800304029025 -0.0750155417658272 0.105962388139507
0.156680465672279 -0.0628257854464459 -0.0467142657640557 0.174274115223589
0.185562161748709 0.0164808602048615 -0.0530185306609309 0.228062275431176
0.167744718554101 0.0853962594481429 -0.116659499507112 0.251924926121562
0.109177292481459 0.148789023907333 -0.168201374993885 0.204134475173275
0.0468397160994105 0.219562822702747 -0.159411115600772 0.116684380631109
-0.0144274119314899 0.267641168706569 -0.0530182932816988 0.13526965697484
-0.106747319180234 0.232098840965469 -0.128530742817126 0.0108623068084336
-0.0731134957836589 0.230156211633976 0.114561870839589 -0.0553608626413055
0.00726953248797795 0.194950891450626 0.147455474312977 -0.236153907816311
0.0934696568952057 0.168732130237457 0.0418980583035948 -0.296913689983927
0.146012448938373 0.110336370200076 -0.0819727888396722 -0.250273707640544
0.169492255818571 0.0301135912345785 -0.131172158424824 -0.174528325846039
0.159494951864097 -0.0374386897505985 -0.121292334955693 -0.089686128758131
0.162339419269446 -0.0495142531051297 -0.0906938219377295 0.0023198024396808
0.150007888111463 -0.0648517952386432 -0.0196145272076124 0.0769814630871139
0.196773843336378 -0.0589987076073411 0.0157886697942306 0.15299970827608
0.22847862884807 0.0290425747583353 0.012291846562355 0.229257601511645
0.21724243790407 0.109884295807619 -0.0820271609219687 0.274781535310274
0.134454075647788 0.204796056028908 -0.164263559666964 0.212320887496276
0.024305723663013 0.279419337395665 -0.161844865332486 0.0674144068741278
-0.0526416714171834 0.31145731543316 -0.0188014555176691 0.0307538684719846
-0.140282507116495 0.240689977056792 -0.0611469679208992 -0.0838333662150111
-0.109985649605324 0.278311178814175 0.158023635052251 -0.120210752038797
0.00848277562179822 0.263341432130692 0.168746017658502 -0.255263049134599
0.135851977981818 0.21135436088726 0.0625953738674079 -0.280178246376239
0.186558069182095 0.122589075747088 -0.0313807363638124 -0.225039659335161
0.199708750114084 0.0311976292067494 -0.0614029056461572 -0.168246174227286
0.182124059789426 -0.0380557011573298 -0.0509073779691431 -0.105922244152346
0.177141369497184 -0.0419447951557657 -0.0277146767641825 -0.021697035280304
0.163976254020042 -0.0510575235298934 0.042349416366055 0.0494234457604323
0.20751904163646 -0.036123479228898 0.078497683602804 0.130348597149641
0.233794356915964 0.0504019688088954 0.0708774337073185 0.224615337540083
0.222307430652609 0.133547614561649 -0.0503568835320617 0.282230064956985
0.122350386848496 0.238291078631995 -0.157561520501854 0.205320753298195
-0.0157548958991445 0.299830036031348 -0.155386282928591 0.0167523607743034
-0.0942694015215336 0.304628349523227 0.02577383696679 -0.0665007278384246
-0.147977675589759 0.208759444239888 0.00256432274765315 -0.180134320075851
-0.125415327418296 0.274419410095305 0.176587354362084 -0.186625035825321
0.00596275342676988 0.278020684964869 0.172724539943318 -0.254832227669573
0.148541754487899 0.21162575237585 0.0820876103589632 -0.244985361330055
0.190284797525724 0.113168976032056 0.0314104580500521 -0.194239662930478
0.194866708796255 0.0265430126308499 0.0147811896160659 -0.164401847521601
0.17374210229789 -0.0326152022430665 0.0205253726084198 -0.122006002365284
0.164908986514043 -0.0275877981795259 0.0361226728697535 -0.0413908029180174
0.154673754939598 -0.0275711149908888 0.103470001445802 0.0308213992182422
0.191452890004106 -0.00271580122651714 0.134570773278693 0.117354934870469
0.203798594550033 0.0762559983459626 0.114814126852817 0.22311725975785
0.186392941449581 0.152379084336849 -0.0301477191562347 0.279252632006289
0.0764299325499703 0.245875411593783 -0.146657533478929 0.18434409615278
-0.0689470834392428 0.279306279201064 -0.130496037058 -0.0278092133920286
-0.130973841458584 0.252481358730795 0.0818983212229821 -0.142250845948502
-0.131986886062263 0.138354296887567 0.0507535052258021 -0.260810845581983
-0.120305932292671 0.217416637632216 0.170267681150304 -0.236560810537294
-0.000685274121596116 0.234868251939593 0.164847961677319 -0.2384925726922
0.126220095275088 0.166180860729446 0.101896606708842 -0.204574029702624
0.150088031261511 0.0832806512499921 0.0886955599194998 -0.169353492194384
0.149719661417062 0.0209878948142839 0.0809909303478744 -0.164192874994785
0.137665824383544 -0.020492396194146 0.079965865446608 -0.134100668467257
0.128147210652678 -0.00912216680994573 0.0939671738888045 -0.0529359505436266
0.123393455448811 -0.00344476841547751 0.157085666418529 0.0249190111472338
0.149286988703798 0.0262880526167339 0.177457190058345 0.121336939865904
0.148762120880483 0.0878936909931997 0.13890859046701 0.230508454564426
0.127650426444161 0.15126046129111 -0.0189264589922615 0.271867286833268
0.0179965549135402 0.22077586723179 -0.127794557487968 0.16004059901849
-0.113217929781992 0.220135474292783 -0.0848662091312554 -0.0539392762990191
-0.147253969221563 0.164343314207983 0.143756919173491 -0.180695702145701
-0.103064807523392 0.039596351790463 0.0760223513052839 -0.305608192295466
-0.100849168330738 0.119574260039731 0.148982033310411 -0.25007219914841
-0.0134794960458152 0.143684222975004 0.160252900350163 -0.211051733672681
0.069242528337929 0.088386556087854 0.121051927338709 -0.179298399228021
0.0735860920791463 0.0442075813044135 0.127038482918527 -0.162943686723178
0.0754254111790091 0.0205601997651175 0.119882363213473 -0.16982096218663
0.0775535151550047 0.00029955611695182 0.117933632010815 -0.139713120697414
0.0724520237667536 0.0103975011893059 0.133937970982161 -0.0551081075160343
0.0721043153470841 0.0157108866432253 0.194634748337035 0.030796937188876
0.0874273557838846 0.0344137229346808 0.204833515769325 0.138385289457369
0.0829748184101397 0.0681955657994014 0.149560008879996 0.245679565345808
0.0701386020768917 0.115456120962507 -0.0115976725406365 0.267324144756879
-0.0228764518684112 0.165006970325759 -0.103407306526491 0.147629362960859
-0.124226047107199 0.133920131598001 -0.0361399616099599 -0.0482598912144286
-0.131190442065469 0.0580198431918711 0.196974855646255 -0.180420515979676
0.0755900737191241 0.0325014717120829 -0.19132403338227 0.204093137446311
0.0833970113607145 -0.0575236217106235 0.0217113793400557 0.0775842026504911
0.000231093723454997 -0.0931803368017529 0.0899267964708606 -0.153177433963847
-0.0492179046703339 -0.0377662917474521 0.00521135692836454 -0.287490211444262
-0.0330148203705849 -0.0092720321052523 -0.162165952860647 -0.266538628283314
-0.0211836991498538 -0.0125454561085123 -0.24985497271009 -0.150189633487194
-0.0191243922179298 -0.0203731822933279 -0.237832723899555 -0.0283048882628782
-0.00451285503762552 -0.0281820015555635 -0.182270628297963 0.0769769740561134
-0.00870933045211883 -0.0352275873559017 -0.127785849403812 0.150579171236194
0.00347777442124711 -0.0404386383623114 -0.116273587603768 0.196364232213931
0.0152812183390066 -0.0191283123543655 -0.126126177871643 0.197780899844379
-0.00410910274546119 -0.0201270600679178 -0.137152351927692 0.199775125618632
0.0243199818335633 -0.0437018550461212 -0.150683795132003 0.198655931627341
0.0831096789595666 0.00224647237453649 -0.162635984393005 0.214311804554901
0.0683819869521363 0.0641064099200508 -0.0836407870947748 0.302483221117549
0.0192172600164946 0.123336661542171 -0.202374699810238 0.167036961926275
0.0416863584359393 0.0481666608796113 0.0245303439096574 0.0413957328637767
0.00797875801274442 -0.00326613431956387 0.083505460198352 -0.177983671192398
-0.00468126599112813 0.0301336120197395 0.00217410383398968 -0.290508716863846
0.029424924203675 0.035206427159139 -0.149869384785727 -0.268482816117042
0.0504609151325455 0.00134405073792206 -0.233099275464888 -0.16410124832638
0.0494581384133704 -0.033024715929397 -0.225173981088908 -0.0451567735478395
0.0649167322744519 -0.0468425563382214 -0.173658922696148 0.0616434763349232
0.058749263955239 -0.0596104315932948 -0.109134555363687 0.138531967127287
0.0899951318496485 -0.0594727283809883 -0.0874415225884708 0.196531509361252
0.114894116700739 -0.000718039790003564 -0.096408534208848 0.22227224872818
0.092859692808323 0.042406156949149 -0.130969653729067 0.230617748437335
0.0705702324795131 0.0640853066406319 -0.157277615402008 0.201926951842553
0.0693623765732704 0.124036732350612 -0.153909244705749 0.174067214657882
0.0345990040816102 0.183723455882986 -0.0677196087061973 0.236727813653864
-0.0426193612049553 0.195915336738517 -0.178758848659666 0.10444353946483
-0.0113241031669544 0.152438722952967 0.062114950616829 -0.00385213067854339
0.0110048712257096 0.0991259302116701 0.103238532519463 -0.214633723752359
0.0479648943762974 0.102304660932359 0.00803899821951809 -0.301818572132579
0.0948688508621182 0.0756926493755577 -0.132331006846401 -0.262652173162885
0.118996494298365 0.0141860377704307 -0.198863694318555 -0.168865267576214
0.112547773016215 -0.0421729150622661 -0.187981245095223 -0.0639890418786291
0.123284732451941 -0.0591181353161529 -0.141016850569407 0.0370963434540452
0.114246770965981 -0.075578871653607 -0.0686265184022832 0.112406973861983
0.156149243971934 -0.0741578942941727 -0.034455464357765 0.181886616886415
0.192594029926597 0.00466438429404335 -0.0379828651010352 0.235868538623266
0.178027757801855 0.0768198988619944 -0.10099291681443 0.264623414301167
0.12095995457782 0.14635524286309 -0.157487177482636 0.216781555612261
0.0610195465909447 0.2218507059087 -0.155857155184123 0.129491591849102
0.00192991046947521 0.274125775815425 -0.0463932813701742 0.141903233023099
-0.0950629795993158 0.24128314910331 -0.127456965623614 0.0196598825417954
-0.0602610730777986 0.240411529372008 0.113040345888051 -0.0609495221971285
0.0178697776062314 0.198764933708348 0.133189388430379 -0.247507623881799
0.10598057997025 0.16742417223876 0.0235616295147331 -0.30519574954301
0.157335929789326 0.103481509786891 -0.0980165627034626 -0.247333027038628
0.175231309279661 0.0198640793175894 -0.144413776463425 -0.167562791285198
0.159800109472694 -0.0484817157206988 -0.130287326561567 -0.0839574705348438
0.163146295215052 -0.0618332806451783 -0.0906763838371568 0.00817905330888185
0.150322584678572 -0.0768015522024632 -0.0138408290992243 0.0786637013591587
0.196145573632584 -0.0738307277282533 0.0284378110845997 0.155132754649895
0.236989640512813 0.0138271990886243 0.0297628124403801 0.233130336184635
0.229418508161762 0.0986697131176686 -0.06289041053164 0.286350894391625
0.150575728658804 0.202255133184784 -0.152209197545177 0.224353712680347
0.0429411988294807 0.285353986662889 -0.160969034476899 0.0803904593019675
-0.0345659780145988 0.320047398982909 -0.0184577885905809 0.0343334625858126
-0.128122738426178 0.251670364643976 -0.0646051822830317 -0.0808204636665171
-0.0940025365325364 0.291136642935656 0.152956241056502 -0.12960620623696
0.0226443443431478 0.267885195032281 0.154079591352969 -0.267516204799348
0.152060496343776 0.206542759360451 0.0456600203269103 -0.28876364761101
0.199765304612605 0.113167586689549 -0.0447048138317116 -0.224577700958727
0.206047044873261 0.0183965937003418 -0.0734694581331528 -0.165001765840326
0.182385863444522 -0.051067341429967 -0.0606268127891183 -0.104705359708966
0.177795432429543 -0.055255891845693 -0.0291561890521281 -0.0200415592041906
0.164940934413867 -0.0628528252696669 0.0479072843733895 0.0462357675263825
0.209377291681711 -0.0512966803807508 0.0908598692521614 0.127836099148339
0.243562997827375 0.0350266275753396 0.0892840645411928 0.224054322083594
0.235958837822345 0.121340043073973 -0.02989409600706 0.29196744723092
0.141290969372738 0.235785154813929 -0.144906364205019 0.217605404896795
0.00383858177792394 0.308955976519041 -0.157273602915477 0.0279062726220146
-0.0774958011652385 0.316408124133684 0.0197720506506529 -0.0684480186654193
-0.137414848369161 0.220318712330576 -0.00557061254997619 -0.182964136077814
-0.108769445033658 0.288272342163519 0.168011496796678 -0.198535286790561
0.0228126977495764 0.282638410950897 0.158241661115788 -0.268846549987819
0.165032780036917 0.205192908683645 0.0675219091591767 -0.253878609101734
0.201985218393299 0.102488398742802 0.0202809668871153 -0.196084824469771
0.199740626096877 0.0142996034934149 0.00491733531566974 -0.166444598937825
0.174598943261747 -0.0459126266829861 0.0106867100259355 -0.125209461137784
0.166403156216195 -0.0401183919249729 0.035099382803384 -0.0439631578866304
0.157022772225871 -0.0384226312379875 0.109608042934647 0.023163490401132
0.195077332575531 -0.0154357459010804 0.147350128943003 0.110743930537257
0.215369631067242 0.0635260282302717 0.133163032823715 0.218519272150875
0.200122201246924 0.142584175614513 -0.00972035866575151 0.287434676454766
0.0944895723435844 0.246055618397869 -0.13448031318375 0.195775956715042
-0.0510911387117781 0.290384202022516 -0.134373623994844 -0.0197177335536828
-0.116706721082794 0.264429120877555 0.0709703441086485 -0.147715053623086
-0.125514533676294 0.148369209239227 0.0367727605148704 -0.268054755169443
-0.106894938495661 0.228777241150156 0.15858370792793 -0.247879005470874
0.0149305734051007 0.237779342354756 0.152405371467083 -0.251544555915378
0.138887580563189 0.159815352774599 0.0902646741254342 -0.213164519445398
0.158925729521207 0.0735740338214876 0.0810823497322415 -0.175211876751627
0.153362799086655 0.0113816362975789 0.0722139898882747 -0.172590073116614
0.13741285117554 -0.0296684543139275 0.0711690328796538 -0.14208853367596
0.130255879378527 -0.018616811498825 0.0924206616170891 -0.0594246354903446
0.126026327772626 -0.0116126813812089 0.163097866813907 0.0136769994873033
0.153413993564444 0.0159543484498472 0.191343139329056 0.111218538080896
0.158175674507043 0.0782340777409638 0.158576006458948 0.225221966393025
0.139941566944308 0.143490564196329 0.000577058717425619 0.279982837134986
0.0332326034100676 0.222662846850642 -0.117444366156142 0.171394862556305
-0.0993172246181358 0.232217053529315 -0.0897901218772029 -0.048897818840567
-0.138513543721729 0.175910603872789 0.131253068766156 -0.192416254659532
-0.101715929459076 0.0455069635512896 0.05990033050978 -0.315660284050982
-0.0938849299746937 0.127833285051916 0.136092480124712 -0.261821440951916
-0.00313649469335639 0.146356302169502 0.150474517276047 -0.224450863880377
0.0758533242170026 0.0848750525044344 0.112285106627249 -0.188501890701591
0.0768103684177417 0.039178765186992 0.119120015211232 -0.171912259046453
0.0771399633573032 0.0155518343649131 0.110664423422352 -0.179778766350648
0.0775662779494835 -0.00448872115614825 0.109426375290036 -0.149128066440772
0.0748412999240061 0.00575289950475496 0.132863852825289 -0.0646032373092097
0.0756732640801467 0.0108890971364155 0.200966930119961 0.0173976685584007
0.0909309106441498 0.0291088081549304 0.219911596571793 0.126504499726071
0.0890490165115992 0.0630106669173066 0.170451179243674 0.239382099308368
0.0791472523898745 0.111368266254307 0.00732324294202018 0.274310550656488
-0.0116830170438915 0.168159727408025 -0.0931978964612155 0.156840481702432
-0.116627266595727 0.144196283509308 -0.0407867528967901 -0.047620623338589
-0.128505124344063 0.066325130011393 0.184716174157457 -0.19558232640256
0.0770128742726887 0.0301349755608877 -0.182355912037248 0.214860458071047
0.0813660873520645 -0.0614364949778786 0.0263936393746607 0.0790515544415463
-0.00462272071781452 -0.0922820871901487 0.0815488273498566 -0.158162349170333
-0.0507933327166958 -0.0342659878251069 -0.0114600799631764 -0.290501750298192
-0.0323451662784837 -0.00683052138262282 -0.177820286861289 -0.26231289939952
-0.0207824365350065 -0.0106186567041475 -0.261064732342527 -0.137505493110019
-0.0197224746307438 -0.0194274449020512 -0.242364585884433 -0.0138124578379655
-0.00474556455943137 -0.0282629741446344 -0.180576301749494 0.0871052537158681
-0.0100288087148928 -0.0343887587962651 -0.121414537236516 0.159130953766796
0.00121302983484532 -0.0405510700433064 -0.106783789789144 0.205243956188502
0.0156925960262177 -0.0200369776636249 -0.118125732532224 0.206859024148675
-0.00399420221887364 -0.0184273684754922 -0.128392034590725 0.20735953126913
0.021854308230532 -0.0441297876008106 -0.143790632467776 0.205835637814372
0.0838059024611665 -0.00227602811179433 -0.155695665670357 0.224866446546393
0.0718312883926495 0.0615292747752955 -0.0695945188999082 0.31026339892125
0.0243952331601939 0.123800567348406 -0.194612379663884 0.178698731064603
0.0445872186982848 0.0467962912438763 0.0274086668306817 0.0432845937995868
0.00652494522934235 -0.00210110264533945 0.0739176500640955 -0.182968837871751
-0.00254441496512939 0.0309938517043201 -0.0141928362251423 -0.293353518508536
0.0328495578332244 0.0347347417480135 -0.16515845115622 -0.26379314203484
0.0522307888356272 -0.000476649072288885 -0.244337302413843 -0.152260268022171
0.049331411866329 -0.035551817706076 -0.230624744796231 -0.0329452970090298
0.064013814352506 -0.0513015896927421 -0.172224106547626 0.0705115984346649
0.0574413971977102 -0.0630971677203296 -0.102398270123962 0.144855722120539
0.0883574863088068 -0.0648479300583896 -0.0772755509064119 0.203679843451192
0.118259292381386 -0.00741105104166422 -0.086005687262242 0.229432301149902
0.0971182749021806 0.0399231046721989 -0.119241362608795 0.239266244151073
0.0744093196312128 0.0629273983093055 -0.149737608498509 0.210324115418313
0.0755810991466725 0.122547897676557 -0.148189726983105 0.183672835693067
0.0431791921095734 0.183969891219188 -0.0579087391971154 0.243326165861102
-0.0351538792543259 0.198936537085773 -0.173115471931437 0.114047635979235
-0.00412313291704212 0.155139888499344 0.0629312744866322 -0.00412073851319433
0.0139593740891712 0.100587685947993 0.091826844932006 -0.219576243033141
0.0540998787985069 0.101206809702768 -0.00795123120892452 -0.304064347301291
0.100788805500509 0.0722128592232666 -0.146003155439568 -0.257760872560987
0.122210986534042 0.00872693930229289 -0.210261786089808 -0.158721506324955
0.111996075383897 -0.048235470218411 -0.193568469641985 -0.0537646057963159
0.122522221201083 -0.0672690911769765 -0.140336849689313 0.0446024156761253
0.112569936254242 -0.0820105474977062 -0.0622746214255551 0.115801715816116
0.154409573530373 -0.0839160422894843 -0.0237832703132045 0.186316734282807
0.1975452241355 -0.0061963065472199 -0.0244805919947184 0.240097342699829
0.185547339439629 0.0696866707228736 -0.0864861127442767 0.272831383786456
0.130223272176367 0.144094148823249 -0.147774381730649 0.224377866185433
0.0723832522234993 0.222458840586404 -0.151383128902384 0.138761109754423
0.0141481251177673 0.276611949848181 -0.0410051704939123 0.147320643919749
-0.0864587682560442 0.246678723406562 -0.125322068795661 0.0265518667032811
-0.049244010616674 0.24625268354221 0.111984394657757 -0.0635566629003363
0.0248278267621256 0.200645315538409 0.120989238304153 -0.254547214778523
0.116007546654664 0.163884249480317 0.00782679339178049 -0.307987225956086
0.165716766101353 0.0970863781738907 -0.110781497442463 -0.24382177764499
0.178426075876996 0.0112605766989501 -0.15461619903439 -0.160076418742791
0.15873957207301 -0.0576006108142197 -0.13671248570494 -0.0773020886093351
0.162173002777661 -0.072432716152089 -0.0905901514805302 0.0130948819301397
0.148861585290971 -0.0854872406287323 -0.00856801305482578 0.0792533008755323
0.195336119533636 -0.0841187637443116 0.0385500154397965 0.155621549660871
0.24270507827437 7.54307892162145E-06 0.0432876704104706 0.233609066360019
0.238370614095702 0.0880977159371887 -0.0464819101176307 0.2927645286981
0.163128276735272 0.198394175015057 -0.141228614292847 0.231950837126192
0.0580705841237713 0.288029492646378 -0.157789943063461 0.0901933929155904
-0.0196113116840113 0.324993037244384 -0.018968038825763 0.0371082585417101
-0.118631684676188 0.258859167418154 -0.0667384261212194 -0.0773672133662476
-0.0805864213907298 0.29905579441567 0.148872631607896 -0.134417206560432
0.0349180371789821 0.269853660806957 0.1414269886506 -0.276095210201229
0.164737399462787 0.20062209899128 0.0311297597826326 -0.292521612882996
0.208973594622578 0.104103821200646 -0.0556722476029932 -0.222030604826561
0.209105865566709 0.00806888134282616 -0.0817314177992538 -0.161992691480017
0.181277450744602 -0.0610644292430024 -0.0673270448920268 -0.102081350126771
0.177776836734205 -0.0667446146707927 -0.0291011424726438 -0.0182872840632946
0.165202960877441 -0.0724002936472899 0.0523477386925572 0.0426904733097192
0.209512060989394 -0.0629928199303875 0.10113148723188 0.12376253104759
0.250319768267384 0.0216261084939847 0.103560512406356 0.220530397526162
0.245602456871492 0.110440388150163 -0.0121646826365388 0.297524739060511
0.155152122987351 0.232559299780695 -0.134037509991965 0.224770767974796
0.0188466377254219 0.313644897538561 -0.156665674646639 0.0373673258737236
-0.0631981191975551 0.322912361967692 0.0140772007808629 -0.0676367463172568
-0.129306497819262 0.227665254776734 -0.012478423627871 -0.1838566596999
-0.0949093620391248 0.297408553634735 0.161784029557232 -0.204897949309746
0.0359638460474081 0.284119417473405 0.145887706342016 -0.277338245087377
0.177183596743185 0.199460361666923 0.0547083770844584 -0.25784930426583
0.210705148427296 0.0933811271025443 0.0125325030361991 -0.19660643900469
0.201993448495472 0.00375041724764281 -0.0022854156497035 -0.167586696756277
0.173511811594892 -0.0552860311289097 0.00331636017136572 -0.127097697083529
0.166891048700053 -0.0504642300673426 0.03429262719952 -0.0452051980839436
0.157599713441964 -0.0474951410278183 0.112987160535786 0.0161663404976967
0.19636377813763 -0.0264841045898626 0.156836204316441 0.103586574557996
0.222239959059962 0.0516525562481406 0.148480172582292 0.213325981255992
0.209830920782228 0.132780806813892 0.00796734041041265 0.291973728394056
0.108820262711678 0.24391320909928 -0.124600037433773 0.202457940994284
-0.036094032903867 0.297317145515864 -0.135928109230304 -0.0118278397885498
-0.104277559264208 0.272784877742691 0.061334885194081 -0.151424715798853
-0.120000375734015 0.155006147721259 0.0262775051515944 -0.271512334570446
-0.0950066632928252 0.236536821022995 0.149116395730426 -0.254301973734703
0.0267752311361364 0.239316207888385 0.140460648773859 -0.2599331967589
0.148379407391452 0.153898353623929 0.0801168782435904 -0.218371378887814
0.164439021853421 0.0658594889458263 0.0745883584254317 -0.178624619317534
0.154806469865719 0.00298096083644272 0.0645553729462743 -0.177646862989901
0.136430792193917 -0.037587700261219 0.0635140577877102 -0.146943707237549
0.130847202888624 -0.0265890720874787 0.0907199406033549 -0.0636629791964924
0.127471072004165 -0.0183050679640255 0.167061517770371 0.00398387395674911
0.155235521890432 0.00759604018913609 0.201039107883024 0.102023664989418
0.163916471338486 0.0697888641308425 0.174965777024701 0.218639269799778
0.148140955242971 0.136470341255281 0.0178424385673785 0.283352866330997
0.0457465433978548 0.222490690195729 -0.108058394845993 0.177554279958561
-0.0876313127942887 0.239803068046268 -0.0938107006571515 -0.043716891959404
-0.130351335384689 0.183179868404083 0.119152779901908 -0.198760634455604
-0.100560211164417 0.0502844324391794 0.046148739840755 -0.321119311361619
-0.0864300563041002 0.132928640761764 0.12567678591848 -0.268188163287232
0.00451381190557804 0.146585931086463 0.140877127701729 -0.232633985462563
0.0806154360917875 0.0808347140667291 0.103232532403104 -0.194351677990626
0.0790806204593726 0.0341881891612822 0.113389608850597 -0.178128928729759
0.0777663241862003 0.0120056966381183 0.102864370649904 -0.18745173723129
0.077049860474034 -0.00812286489979799 0.101271462847942 -0.155872414268629
0.0761610871356138 0.00200304938813088 0.131572645623832 -0.0712703347622131
0.0769768396325938 0.00650910179160036 0.205167873340285 0.00642673280658356
0.0925829131330985 0.0243541728512319 0.230284287046671 0.114671129117145
0.0924248622789027 0.0579344526790721 0.186472599035914 0.232074800997233
0.0849359481483333 0.106525115127082 0.0236636648043477 0.277982634717974
-0.0020540900023551 0.168908301898424 -0.0847807018992988 0.162601154538092
-0.10918125655241 0.151339135252566 -0.043982061951815 -0.046056536931586
-0.125124885217466 0.0727458197222898 0.173008667922169 -0.205893311823015
0.0789142058638801 0.0281230941804741 -0.175711740255433 0.225650025319207
0.0803490577812412 -0.0657414454952143 0.0319051537387854 0.0816810657277157
-0.00830933823552459 -0.0911209029476577 0.0754326905782542 -0.161512255733546
-0.0518821268700878 -0.0319772615297386 -0.0257432748032445 -0.293823251242498
-0.0315973975771625 -0.00524246798841753 -0.191888357007034 -0.259875367666168
-0.0196667809410181 -0.00922235877558537 -0.270755944750916 -0.128166693342954
-0.0193910487850529 -0.0184143426789523 -0.246557466518238 -0.00208075309815666
-0.00523158328679992 -0.0288838074898534 -0.17996982285238 0.0962841949502447
-0.0109164316157782 -0.0332987369763427 -0.116311876955285 0.166483324789753
-1.12153487729482E-05 -0.0412870400589693 -0.0998010441152151 0.213932873454948
0.0164082884698508 -0.0207197321293765 -0.112051954153727 0.21394313093983
-0.00359313139694171 -0.0165165834713326 -0.122004152865085 0.213578134655848
0.019934389672231 -0.0437775752149784 -0.139542608527158 0.213156084844967
0.0851962592020687 -0.00583119717380354 -0.149931141060468 0.233961689755104
0.0747496783608465 0.058946176141635 -0.0589820853338311 0.318042022467697
0.0286653140295198 0.124512045438613 -0.189152545652495 0.189018156874445
0.047470300855702 0.045984182941893 0.0314900900291164 0.0457546071547166
0.00591211745356874 -0.000980586816162022 0.0669090459994332 -0.185910614365965
-0.00047278702238044 0.0321349473602372 -0.0275251960022161 -0.296145041793
0.0364884292271119 0.0338714884748495 -0.178936502598023 -0.261013724964712
0.0548904835341527 -0.00175197934285654 -0.253785916132744 -0.142837884593483
0.0495105323013345 -0.0382858148650494 -0.235516042050914 -0.0221040489162279
0.0638067200064934 -0.055800490288843 -0.171921589728193 0.0791321978986649
0.0567032993207427 -0.0659523102936862 -0.0975159904012465 0.151257436217379
0.0876835425790088 -0.0696556842662719 -0.0690201126146273 0.211130267132991
0.121728189657872 -0.0127169154894441 -0.076976643495615 0.23658307840748
0.10200959415949 0.0376270148919421 -0.110160448961255 0.246359972532619
0.0783470207636809 0.0627474541210741 -0.144764828139527 0.217387323979644
0.0817126380910439 0.12213563164416 -0.143921196006339 0.193009622425126
0.0510253405901634 0.184735768872338 -0.0500073430010434 0.250701061558045
-0.0295589591784288 0.202498519485934 -0.169715492180898 0.122880420926675
0.00192981066800718 0.157577778160473 0.0655392291800344 -0.00334955322065211
0.0171046129890701 0.102522646491044 0.0833976377208104 -0.223629739836422
0.0591050945010292 0.101337416094753 -0.0209704131264177 -0.307176306230143
0.107135765692782 0.0694459473423812 -0.158201672039552 -0.255354377758489
0.125438555891743 0.00377934399294126 -0.218704246802915 -0.150632686818486
0.112195552588409 -0.0539493547894448 -0.199804558716572 -0.0456814129063115
0.122661052299956 -0.0746357218174437 -0.140415260640669 0.0517343348507646
0.112054157092649 -0.0883402298127087 -0.0577627525475519 0.11962121528586
0.153820239038949 -0.0917544298147598 -0.0148954073995945 0.190195316983749
0.202523606782472 -0.0155477729199383 -0.0141358891261558 0.244596638955151
0.192619799736429 0.0641326813708255 -0.0750704573657411 0.279828133939073
0.138606542351517 0.142789889378317 -0.142334922087437 0.231137470454754
0.0825799651729723 0.224324169788265 -0.148132199014635 0.147405432933192
0.0254891752265439 0.280124701689245 -0.037343941816621 0.152366528926024
-0.0804393354986438 0.252932069724598 -0.124169601228317 0.0325033322057336
-0.0401738020317619 0.252854531336789 0.112965289980827 -0.0649969532084772
0.0320671187881414 0.203756756038168 0.111194100622187 -0.259786173233446
0.124827190251616 0.161683028047869 -0.00460524696401305 -0.311598045607126
0.174027390216709 0.0917646753993913 -0.120742459686709 -0.241733901409348
0.182800690555834 0.00407186693159513 -0.162251489526041 -0.154848274146421
0.158969296812717 -0.0650164811936899 -0.142790110915491 -0.0724351019059547
0.162206531198849 -0.0821626296961205 -0.0907640358761188 0.0179358771430833
0.149190915210717 -0.093617258401388 -0.00421243852072827 0.0793170445654382
0.195487584940096 -0.0943740575422229 0.0481640399570119 0.156456289934158
0.248670229615574 -0.0108771482396508 0.055901453849208 0.234986657921144
0.246841195182692 0.0799147388932653 -0.0322052440722961 0.299111502947229
0.174889513541244 0.195958268386059 -0.134549281552116 0.239421224412877
0.0703452235649027 0.291973451566747 -0.156323083890051 0.0984516366599444
-0.00735645035097037 0.330077037107587 -0.0196238790900086 0.0406378097636472
-0.112359621390432 0.265941187065155 -0.0686421060335837 -0.0755941956483786
-0.069257059406429 0.308491345821183 0.147972554578494 -0.139147156768004
0.0443264106927045 0.273299493986995 0.131416502098036 -0.282663120548354
0.17483475216089 0.197503743590605 0.0189473758484911 -0.296185611480143
0.217415785034329 0.0971004869335247 -0.0627932332247488 -0.220872165065039
0.213086480446297 -0.000375418478356458 -0.0879729793075624 -0.159752971357758
0.181115461175865 -0.0692491168717328 -0.073762145774681 -0.100429572031106
0.17864069214128 -0.0766747938573324 -0.0294461738185477 -0.0169210814806317
0.165524504673493 -0.0811972754165918 0.0559050222648612 0.0396946521797219
0.210878823650929 -0.0730300789542701 0.109771225501707 0.120775268679355
0.257317103061866 0.00966516029596261 0.117134429613539 0.218775837663426
0.254484461537073 0.10078323599838 0.00300161172109058 0.302794327575527
0.168163101501106 0.230477461494078 -0.12673975641696 0.231079554008503
0.0327715214212273 0.319807835154935 -0.157398580802337 0.0449902448218294
-0.0506450177164882 0.329240697528932 0.0097318523479474 -0.0672925290650409
-0.123327204416452 0.235302904872032 -0.0175777394110307 -0.185282680029792
-0.0844421383444075 0.306525150405054 0.157539354699741 -0.210837115467549
0.0462895843663422 0.287833593625432 0.136885978484513 -0.284512464286534
0.188074724360139 0.194936496015681 0.0455964740810782 -0.261887085126625
0.218999460834433 0.0846883628142615 0.0067874948583411 -0.197631047838288
0.205684466991522 -0.00464135455318969 -0.00750035114276498 -0.169303473676472
0.173138451655419 -0.063374292505317 -0.00272849454504838 -0.128663406919936
0.167486881870899 -0.0593150848978364 0.0343749391408155 -0.0467368512090971
0.158568993024555 -0.0556731287240269 0.116762690609185 0.0104116251151412
0.198103208245268 -0.0355463164611098 0.165865635145943 0.0978296470132936
0.228330847796732 0.0412572948517657 0.16250801776113 0.209224709158109
0.218043168257289 0.125231369083752 0.0241273538256598 0.296638889871865
0.12139147695513 0.243079788488241 -0.117051470174502 0.208911832791701
-0.0233931809635647 0.304580100751873 -0.138156103921122 -0.00599886899862588
-0.0946912059742929 0.278836700260329 0.0537521892905241 -0.153162078745212
-0.115857427793025 0.161068475455599 0.0173066966180821 -0.275655504949231
-0.0859945315668417 0.244488820691048 0.143151155411959 -0.261130034592682
0.0364566575704608 0.241835614663041 0.131974636770453 -0.26761959584509
0.157069069069941 0.149513481893787 0.0725573112191018 -0.222648255989948
0.170489386343502 0.0588797203685401 0.0709570516247505 -0.18280694742865
0.156729550884738 -0.00310893558911482 0.0598125416220975 -0.182735029865911
0.136278533981155 -0.0436969743798289 0.0573109124664332 -0.151709651035931
0.131990353098532 -0.0328916499607314 0.0908031754392191 -0.0676407900546615
0.129032503726067 -0.0246664971122376 0.170858451780275 -0.00354108474697785
0.158127761603394 0.000888134414445777 0.210339164395495 0.0939276439984696
0.169528104024371 0.0624223901699204 0.188917336467072 0.213551329015137
0.155522732336053 0.130162025071211 0.0332415766900745 0.287714214653418
0.0564192723814998 0.22305043067924 -0.10058025673028 0.183548124134575
-0.0786165282711906 0.24687420547341 -0.0971254954703836 -0.0397105326422299
-0.124452799493029 0.189300901749535 0.110068623886978 -0.203816083812718
-0.0997790345061683 0.0551665808146794 0.0357824322903738 -0.327882994372609
-0.0815867939873042 0.137580027841036 0.118350343937451 -0.274210258295903
0.0108197880491921 0.147842683411857 0.134435306961638 -0.240600317496039
0.0843752015532626 0.0775545734708498 0.0970269331336804 -0.199692499866564
0.0811983258405717 0.0306001513781164 0.110009874629796 -0.183981839063985
0.0787972258219249 0.00901313828242956 0.0977836171706209 -0.194971604356079
0.0769404866038136 -0.0115259717826696 0.0952188305259531 -0.162494958449497
0.0774445106797052 -0.00204516327447444 0.13186748630903 -0.0763725666156505
0.0785946928424092 0.00337248543736418 0.209085002075519 -0.0026478984380341
0.0944864379356614 0.0205915367383337 0.239563499205869 0.105798965912482
0.0954037760584325 0.0537315586255722 0.201033331326086 0.226577193857311
0.0895716074778813 0.10269558776402 0.0383206125245041 0.281249054612633
0.0053536248013064 0.170727284477692 -0.0772075534000784 0.167974582694994
-0.102998492707603 0.158082979557423 -0.0473760206208805 -0.0441896503155955
-0.123309326747007 0.0767945110750792 0.164365416366906 -0.213628688330744
0.0812832895268599 0.0265207434949564 -0.169922317462229 0.237015731912563
0.080197883601312 -0.0713933379015377 0.0381770883970408 0.0841608654870715
-0.0117092538690593 -0.091279577158323 0.0700301907644277 -0.166677915313073
-0.0535443937008876 -0.029166310908616 -0.0401605310188049 -0.297946034274314
-0.0311850166400236 -0.00363372977835635 -0.20835547731061 -0.25779731049859
-0.0186091609817197 -0.0082976481708662 -0.282253766899357 -0.117265578666065
-0.0195745320688278 -0.0174901211357613 -0.252398691362756 0.0112859511964421
-0.00623066090611037 -0.0294589444808882 -0.181266098292902 0.1055682700181
-0.0109251636970036 -0.0332342448725174 -0.111208408765034 0.175681459897752
-0.00153052223865109 -0.0416665323570747 -0.0914847016817514 0.224260198740753
0.0168422875618165 -0.0220525883743481 -0.106711540631713 0.224193656912541
-0.00277310741114007 -0.0153558333715881 -0.115223599229757 0.222082320402338
0.0180464326621436 -0.04415770893984 -0.135707013708235 0.221336490586395
0.086065174217932 -0.0100285227663068 -0.145851463311899 0.24473296272278
0.0789527973872818 0.056498131193641 -0.0473915982021608 0.326866967587454
0.0327808564461445 0.125901813055173 -0.184934168402938 0.200347888851657
0.0507234726264471 0.0441840448443326 0.0363831549767017 0.0477337979909217
0.00553742375025509 6.08207031337505E-05 0.0599759776288034 -0.190320190911696
0.00136641725602227 0.0334444977820891 -0.0405982521150707 -0.300621721925658
0.0405222961781353 0.0327006157836691 -0.19390245572507 -0.259687949894924
0.0579284859796632 -0.00405718526823512 -0.265769849562905 -0.133929500654333
0.0505923934881892 -0.041321706322857 -0.241407266355611 -0.00999602278013726
0.0633238484469632 -0.0608986797639265 -0.172851307741822 0.0890310022397327
0.0564815378699868 -0.0701930243447406 -0.092743964466002 0.158903141304871
0.0865202789128212 -0.0749264612381371 -0.0602289854514047 0.219436750633364
0.125559023557995 -0.0193692381797012 -0.0683051415352784 0.245082260822151
0.107375886201869 0.0354813375521924 -0.101701132618662 0.255202741075409
0.083175654231366 0.0629480595105491 -0.1412621158999 0.226580112956817
0.0880785441265516 0.122021361264356 -0.140902363007611 0.203030914873736
0.0593412072385017 0.186296083414814 -0.0411190350705536 0.259230162650342
-0.024165785662192 0.207706803319769 -0.166742386230814 0.133176480839475
0.00788766377129566 0.161349861666739 0.0692002069254685 -0.00263772555590031
0.0203931101157805 0.105757198943056 0.0748711562127688 -0.228585043838063
0.0650006685771156 0.101069042712022 -0.0351966420291187 -0.311643807768304
0.114418452454063 0.065914405551656 -0.171510323728167 -0.254033018563519
0.129820916495033 -0.000671653836293254 -0.229031529118611 -0.143872394022142
0.113374726490581 -0.0597272000008935 -0.205582791651893 -0.0366015527704268
0.122822272516244 -0.0830349479709568 -0.141415740645978 0.0586973725028427
0.111820938636061 -0.0959962739643292 -0.0526843400237123 0.12461979549206
0.154090506913798 -0.101066860816685 -0.00472552539447086 0.195607413138831
0.208840406987209 -0.0262915432061734 -0.00320321793746675 0.25041393755822
0.201525343770274 0.0581559812849141 -0.062422755269695 0.288848549800838
0.148428646128402 0.141897380241454 -0.137445040210536 0.240616417545874
0.0934431604640935 0.22816150199846 -0.145638244415766 0.157186954617936
0.0375039608414744 0.284166590240109 -0.0333799910434034 0.159020846916749
-0.0738155124425051 0.260685310083039 -0.122991687380826 0.0381640501709564
-0.031089365448578 0.260473336293454 0.114661758881892 -0.0680577406558077
0.0391313748532601 0.207758704028949 0.103069852725459 -0.266411928621555
0.133843281396565 0.160189606741631 -0.0172185564563681 -0.316140597482859
0.183584331862196 0.085830352364107 -0.132196612263636 -0.240567590804127
0.188401394919643 -0.00305644638540519 -0.171079238969173 -0.150482839994749
0.160092385673072 -0.0731986209237821 -0.150157456450516 -0.0666048619996369
0.163595070444551 -0.0921357789821394 -0.0910839718952915 0.0220475982188073
0.149528755551341 -0.10259689095626 -0.000294546791039086 0.0800522958595565
0.196239498793492 -0.105497545043251 0.0582116854423292 0.156840429921287
0.255998032610425 -0.0246062892677118 0.0689827384359067 0.237343194823931
0.257675545577092 0.0705191594798469 -0.0172114852498358 0.306588794305864
0.188669557036831 0.194485381724907 -0.128002849110581 0.248057624743567
0.0837830395442157 0.297836357129341 -0.155088471773199 0.107681805779421
0.00524908829747943 0.3368570256676 -0.0198220866716313 0.0450388744695847
-0.106053839436154 0.275481954172846 -0.0707736148354471 -0.0740188707367486
-0.0581938543203206 0.318422332547422 0.148555392642793 -0.144779990111261
0.054851954126639 0.278981782622317 0.122637038105087 -0.290754603911682
0.187334539036018 0.194761505611096 0.00716431917314211 -0.301279005794808
0.228631046877067 0.0889407371870468 -0.0707222317204568 -0.221157552074461
0.218612503099184 -0.00891960932499857 -0.0944472739063261 -0.159437421438657
0.182232753656888 -0.0792197530740596 -0.0806465484358133 -0.0992875178185524
0.179159998784855 -0.0878559142617715 -0.0293170575286068 -0.0155352082663365
0.166623484199364 -0.0912088902290489 0.059682493233521 0.0372690383400739
0.212875044570844 -0.0840228305745013 0.12081734704318 0.117912828307801
0.265015214915984 -0.00257986705588454 0.131445125205831 0.217690003052897
0.26543017339057 0.0918312668561119 0.018602961806324 0.309496396501877
0.182883206495932 0.229758774120388 -0.119960154193577 0.239617722005675
0.0472974781805451 0.326399652045042 -0.157848935956125 0.0524277648891156
-0.0390692050142553 0.336601731025128 0.00490763622895777 -0.066207370257773
-0.117616732859421 0.244328474261877 -0.0233500283165963 -0.187938841437376
-0.0732993117412374 0.316988644312735 0.155328769432863 -0.218385493684918
0.0594662946133947 0.293101066845428 0.127493167681833 -0.29381808468789
0.201353926852662 0.190651415032102 0.0361815486852977 -0.266590022637994
0.228355083543296 0.0768058263505891 0.002119538919227 -0.200317355000947
0.210415690984044 -0.0132574696910108 -0.0129710625509993 -0.173043729465488
0.174380822063347 -0.0718891316448041 -0.00934074181424349 -0.130694420127027
0.169450515103125 -0.0696713323119712 0.0347995085070511 -0.0485835370588976
0.160460018464596 -0.0641834400980154 0.121051973726885 0.00452011924409265
0.201970968601215 -0.0457402835763873 0.175692608534246 0.0912178018970359
0.235859284039929 0.0307508279704946 0.177255238270913 0.206097166029066
0.228363287179272 0.117469538667122 0.0401343079088433 0.301847626947668
0.135105165824463 0.242946988497954 -0.109411007248687 0.216797643328939
-0.0111875168523278 0.313647971554796 -0.140676461372073 0.000417574374807777
-0.085217676835409 0.287525148071003 0.0461855387453816 -0.156563333486764
-0.112632764331245 0.1693661793432 0.00844836652815426 -0.281623282967516
-0.0773164487613531 0.253573959401185 0.138962138141862 -0.269246438922679
0.0471139465622827 0.245221902531029 0.124668806618909 -0.275731920614167
0.166393575839011 0.145737415683411 0.0647130070371375 -0.227289828909125
0.176666350196802 0.0518512519194599 0.0678375138485785 -0.187634993095634
0.159965883303023 -0.00991074344435275 0.0547777469866874 -0.189616017081869
0.136938984795335 -0.0504062105383104 0.0510631889715872 -0.156514502388463
0.134326419988533 -0.0406168037051626 0.0918709463700163 -0.0722911688047912
0.130851684013977 -0.0310531567878796 0.175372048490847 -0.0122726812375973
0.16248184875775 -0.00650499130720664 0.2208765003002 0.0855927162444909
0.175934620549955 0.0548585547955984 0.204431780097186 0.209127404916951
0.162798714270902 0.125586197644711 0.0487146726640296 0.293305465043781
0.0682892397092154 0.224768559244055 -0.0942649109472876 0.190152275929714
-0.0689180020724729 0.25581754032516 -0.101310570408063 -0.0361854558454645
-0.118788360928031 0.196727547929099 0.100966504893032 -0.210613526306632
-0.0996578548324568 0.0604603145964665 0.0244858429160518 -0.334681719756229
-0.0769784918303327 0.143844493561645 0.112293584035594 -0.282931659379619
0.0176653574339033 0.149902667143087 0.127060661800419 -0.250363224343318
0.0885465769855268 0.0753740838008948 0.090683871125721 -0.205442555506614
0.0836877775234495 0.02685305403592 0.107190731703849 -0.191029137926059
0.0799736394495839 0.00685833848662917 0.0922149138788701 -0.204403143747825
0.0775683834817439 -0.0144185786337096 0.0898843271434823 -0.16996128247738
0.0794551411435689 -0.00588110880550493 0.132962448641843 -0.0831839666019694
0.0800219116337424 0.000519443060764509 0.214766544086568 -0.0131232841244782
0.0973015021846366 0.016477654719712 0.250661822615865 0.0969428155388093
0.0987300838943708 0.0503739982768553 0.216369114789226 0.220542176192728
0.0941189166986804 0.099814429759251 0.0533738982649432 0.285789162662328
0.0136936215534354 0.172071772594027 -0.0708659753893473 0.174448730969713
-0.0977332967565974 0.165128134763391 -0.0512904411497278 -0.0419890023044109
-0.122988653025976 0.0821889794625279 0.156231941682177 -0.223522950267528
0.0743175895105237 0.0364001130568399 -0.209328740590323 0.212626723063362
0.0888778593573329 -0.0588116392289112 0.0293398304942188 0.096431779474151
0.00514540696963491 -0.0890609988385582 0.101313814193864 -0.15261294316952
-0.0430728550638094 -0.0339425591974578 0.00861592597533976 -0.305185297979167
-0.0242515901751551 -0.00673539721888803 -0.168045034905831 -0.294185522092614
-0.0125218078708758 -0.00995919839156549 -0.264476413991663 -0.166936283160955
-0.0151262818174354 -0.0192449171649272 -0.257308756080313 -0.031899054741693
0.000984844596241183 -0.0318154290102855 -0.20102989417352 0.0748140522394163
-0.00295570545085984 -0.0355134201442847 -0.142312661397323 0.157179637312225
0.00712813711777169 -0.0415241124292771 -0.131619797687677 0.205714768135839
0.0223129675578622 -0.0189126102962274 -0.147132309805253 0.204369627428454
0.0029664483865175 -0.0128941631360477 -0.158901090487437 0.200036867834869
0.0271763597608853 -0.0373982303273141 -0.178696484148477 0.197644816161784
0.0894411582084364 0.00794000836022139 -0.194517083363462 0.225781152023251
0.0691745850738433 0.0708841082439266 -0.113866440095633 0.330186564542989
0.00914629235033949 0.125798631945239 -0.21948560909942 0.173503013904144
0.0424736819563689 0.0510816294774934 0.0296051399185457 0.0588731193761873
0.00681121854231309 0.00402402930361787 0.0932263503760593 -0.176797711062606
-0.000816251748387534 0.0362114313730646 0.00803818615930215 -0.307169764089234
0.0405795991166373 0.0415475197339427 -0.15412992638503 -0.293209239280402
0.0626962190019137 0.00688650551036202 -0.245938834262819 -0.179709710838098
0.058134215123976 -0.031263121793665 -0.242357915754686 -0.0522393664153511
0.0770870953495958 -0.0516965390857715 -0.189465837866219 0.0582096943400981
0.0713499651094726 -0.0603014986643493 -0.119932027359389 0.143156201010012
0.101296652816426 -0.0592693805416296 -0.0964360438086613 0.208045293473635
0.131288272905213 0.00404616517650897 -0.108187680684148 0.232841347957747
0.103711264262447 0.0582338121485093 -0.145767625047146 0.23835708600969
0.0716204863894725 0.0841317988109676 -0.182182005034852 0.205468152004596
0.0658346226133573 0.142083265795957 -0.183851573340142 0.185429099316982
0.0242314529168178 0.197861169879458 -0.0940253579008341 0.262422210578317
-0.0617678189705061 0.196221569384572 -0.190955374635811 0.109936621366296
-0.0181085011520801 0.160696923503298 0.0669342529027164 0.0108491631891589
0.00365436963940383 0.111682199145545 0.110630529518373 -0.212140986703308
0.049706214303989 0.112639679411173 0.0151780244657219 -0.315316146862633
0.107552735259211 0.0869783700352647 -0.132581759703935 -0.283636569051589
0.13325131702172 0.0228677421756518 -0.207239277975458 -0.182448185229992
0.124345523274756 -0.039923573969376 -0.201177786387357 -0.0729190627809522
0.140911496167918 -0.0641878525515095 -0.152703451387175 0.0342052779522203
0.131953334578309 -0.0759213912600807 -0.0733201530380124 0.116044196025818
0.172819316467837 -0.0734025898345675 -0.0357116513984817 0.193144436414743
0.216369127927715 0.0116240483499806 -0.0393478558435535 0.249557911533108
0.192708157666624 0.0980870196236644 -0.108455119657973 0.279828507729233
0.121798270615527 0.177268998797878 -0.178134138079332 0.222983676630575
0.0508338114076766 0.250607066385126 -0.181151433494422 0.139065883087603
-0.0168618897721129 0.292540672416423 -0.0666095966171999 0.160810176468575
-0.119316897801273 0.242328312005703 -0.132328017362787 0.0223570942040976
-0.0717814029425807 0.254203454983585 0.120119418926513 -0.0488906362697555
0.00539568534885491 0.217609013246991 0.141698572753498 -0.244042120844787
0.107148949151647 0.181761154263102 0.0321439143373042 -0.315381086289865
0.172357283325477 0.118390374374786 -0.0954750215805801 -0.264006307095618
0.191025885910772 0.0305207742280359 -0.147808833375129 -0.177774985676799
0.172360968035695 -0.0458207232565102 -0.138698249129734 -0.0923383997666445
0.183689347253958 -0.0666750342880894 -0.0945489188798231 0.00647653112541895
0.170826165595826 -0.0761692053318639 -0.0121960225419457 0.0809591778360511
0.215454347956868 -0.071410018443095 0.036247603282596 0.166434546019117
0.263338039676316 0.021320197448022 0.0374475256957088 0.248957975089072
0.245194098928266 0.120553608462781 -0.0636943827541618 0.307230653162847
0.151167537136053 0.238548073769125 -0.16750371033116 0.234036844335787
0.0281096711701575 0.319224165972858 -0.182766019230731 0.0870614425174057
-0.0591749448106963 0.339497954428452 -0.030103234634886 0.04561744930682
-0.153210084441331 0.252262842770603 -0.060327029826452 -0.082688658050282
-0.107880184589235 0.308671095252871 0.16408835098884 -0.121945494583082
0.0101602983237867 0.291280414166139 0.16267109853407 -0.265357222705557
0.15304016153538 0.223916480087594 0.0533457478678348 -0.294827383003527
0.214496842899661 0.129567775962607 -0.0364376783393332 -0.233855666286854
0.221812993694242 0.0299327512059435 -0.0695515619791514 -0.173248670449993
0.194887677596586 -0.0480985904224747 -0.0623781004119664 -0.112664574479159
0.198653943282258 -0.0592089573198507 -0.0257489881883786 -0.0204148347499413
0.184448347303688 -0.0611786608067804 0.0562525649153535 0.0487851937525126
0.228114996281301 -0.0470680659746711 0.105370490770185 0.138639721223412
0.267469540209257 0.0442684324976235 0.104082194531217 0.240479192662805
0.248079508129925 0.141708562873499 -0.0247995732910712 0.317130364195772
0.139797298613033 0.271941286125594 -0.156990927205286 0.228179050718188
-0.01439745506946 0.340773842411889 -0.176141900860569 0.0300161344056591
-0.104162244215141 0.330630662999011 0.0167554333070519 -0.0639743672222285
-0.157924882003455 0.222135470438721 0.00628734679467245 -0.190688411151442
-0.120366630542586 0.304734566654862 0.183443210774141 -0.196509411374186
0.0117295251888682 0.305470558175614 0.167937638337586 -0.267459458719275
0.166723437426749 0.222164411868378 0.0762674977153574 -0.254779926644011
0.215221152203204 0.116626768192237 0.0330768790585287 -0.200521885576172
0.212190608157327 0.02420818942088 0.0155869885044987 -0.173940620802676
0.185338580414532 -0.0432086107815774 0.0147624270596316 -0.132495161762739
0.184826700384953 -0.0425220287423548 0.0449701515575478 -0.0419695889032503
0.173000387438918 -0.0350526584530984 0.122730511356271 0.0265917462834096
0.210194916932732 -0.0106594264013265 0.1639724771977 0.123031943355972
0.231227824610745 0.0730446098130354 0.151301976063609 0.238021382339778
0.206006395591643 0.159477895107216 -0.00413360023462069 0.315853609545541
0.0887430065318555 0.27441855214386 -0.144178474391429 0.207166761275433
-0.0700607421479479 0.314186007618352 -0.150228725468578 -0.0208142486434263
-0.140950279518091 0.271973001379666 0.0770812034129981 -0.149910267134619
-0.138273473065317 0.149355524790174 0.0549331317076126 -0.28141080383002
-0.113227919380866 0.241658693877871 0.177612061250821 -0.251110849353224
0.00877048040987221 0.255304208619879 0.163876448166868 -0.251507005213272
0.139695965052035 0.171941486017529 0.0995610166895812 -0.21139427058006
0.166743025286818 0.0837635890734374 0.0984522068625428 -0.177085481671673
0.16114755613733 0.0198921069331365 0.0880691693003796 -0.180484147082921
0.143767985884013 -0.0276488852393618 0.0803342094151701 -0.148314067888539
0.143899680070339 -0.019142610952867 0.106615826277714 -0.055544394694039
0.136640607195899 -0.00700039251444375 0.179966220868516 0.019450654371046
0.162509134530208 0.02151397831739 0.209180781405895 0.125952732680098
0.165728992311401 0.0861553498581442 0.175461374268174 0.246182281006798
0.138572560697609 0.154264972464247 0.00419032897096723 0.309262374322975
0.023826322767566 0.242435446560382 -0.124646719663209 0.182497450679253
-0.117614295442669 0.244790547476386 -0.102158574372837 -0.0526086247707446
-0.157682830670842 0.17354617843306 0.143812126639879 -0.195597620046761
-0.104927143959728 0.045425027484061 0.0801023957338541 -0.332945937517145
-0.0949271917106979 0.132559008819652 0.15744544472955 -0.268759658182144
-0.00531342626336394 0.154798547648117 0.166565240747938 -0.226849291811712
0.0753593464525659 0.0901210393237821 0.123709155336915 -0.186640833336142
0.0776789647887134 0.0434382774499354 0.139306171641977 -0.174734993553334
0.0777102025936875 0.0222175194054737 0.128264874703224 -0.191268395463202
0.0787726203547053 -0.00172756978445438 0.121897698373951 -0.155074636030791
0.0819111110048291 0.00719641297177961 0.149706180718524 -0.0591628893724116
0.0797471896872946 0.0152941152468525 0.21968760935526 0.0257664418247162
0.0940567055385339 0.0329036121634086 0.235151829825578 0.141360425929148
0.0882717387780055 0.0672308326032043 0.182378314239003 0.260618917562894
0.0750225112602974 0.115116548899574 0.00746527743061064 0.302111265983092
-0.0203565689086615 0.176823958081747 -0.100652950035868 0.169316803914766
-0.129074904721794 0.146349693679182 -0.0498121838913674 -0.0515382960416326
-0.140209977927143 0.0577984472019212 0.202864339732865 -0.198831760006317
0.0762791689983952 0.03327247089104 -0.201078779969563 0.224678748221122
0.0867217785992724 -0.0645895024901768 0.036865519619715 0.0978855404864349
0.00142411599338988 -0.0897211715663438 0.0962016043802693 -0.157370266287559
-0.0440178672973429 -0.0312052778755925 -0.00578377772551469 -0.306345121966635
-0.0233455867647011 -0.00585494861492845 -0.185064335903847 -0.289363763563511
-0.0110403898059223 -0.0104128163284736 -0.275915852145602 -0.155763503818519
-0.0139121776617703 -0.0186152455599215 -0.260267733427146 -0.0179349194276306
0.000460973764647256 -0.03253850581271 -0.200038514121722 0.0859553835568547
-0.00343007398003347 -0.0355976314899862 -0.1359349360571 0.165959408489252
0.00556717242027127 -0.0415466304827826 -0.122923168685932 0.215071681927725
0.0223195563950135 -0.0200124966926705 -0.140172314045799 0.21327820949597
0.00371121354441073 -0.0120807734994158 -0.151675230795909 0.207932755582838
0.0252260124915164 -0.0375265464703267 -0.173196236551542 0.206145320389783
0.0903583606696194 0.00378003270946147 -0.188863117463106 0.235857707682529
0.0725610756767531 0.0674977912779026 -0.100590447266754 0.33832501362625
0.013964367890745 0.126319363482872 -0.213164121550236 0.186059896511033
0.0446250697815955 0.0490629770522056 0.0354463466707006 0.0601421050424888
0.00653100668738685 0.00425413656341485 0.0858511282598606 -0.180243071305066
0.00176575814037263 0.0366774105670653 -0.00548944662907381 -0.308872148339863
0.0445686942696045 0.0395675824670865 -0.17016474492657 -0.289133923612248
0.0655498199441544 0.0032138030540571 -0.25636751612231 -0.168947321760893
0.0586713644951461 -0.0344175662796284 -0.246807675283769 -0.0391792145691994
0.0759060798389486 -0.0574800406375859 -0.188703462833808 0.0687883990117782
0.0710837065449322 -0.0649463462342623 -0.113393467744545 0.15046190360606
0.0996845918300453 -0.065053742799603 -0.0862843648787869 0.215044946955141
0.13451704599886 -0.00369581605909756 -0.0983565444898989 0.239780738614783
0.109534527492472 0.0547527038174812 -0.135074535537648 0.24675647132739
0.0759421491530987 0.0834753223497872 -0.176044082542754 0.215251384871606
0.0737223119000177 0.140908614839927 -0.178801938257318 0.195498801340691
0.0335095772666118 0.196771946024564 -0.0851324485811844 0.269991470750034
-0.0550337370991325 0.200987157052497 -0.186271625764614 0.119530600527895
-0.0112151888466872 0.162716885919101 0.0711369537968141 0.0103131504882463
0.00784176932507986 0.113741628873059 0.102157055749535 -0.216012739259116
0.0560176045665908 0.111203239524452 0.0016416925501522 -0.3169613128443
0.114041128796324 0.0819067134757362 -0.145818815650783 -0.279258644473321
0.137904980413482 0.0159418359386569 -0.217267023141393 -0.173337171026289
0.124670873303925 -0.0456116595868997 -0.206559792005803 -0.0624733380581872
0.140336787062051 -0.0732995083091672 -0.151769849407971 0.042790933614565
0.130668635068803 -0.0838612014411411 -0.0673872733524471 0.12005603610261
0.171947141161818 -0.0828697245585222 -0.0243949705219449 0.197588077783354
0.220802612253804 9.35578913035615E-05 -0.0272395644228337 0.253884245467603
0.20056954728629 0.09003234133949 -0.0945033467132841 0.287123076960619
0.131755398884062 0.174918460184011 -0.170909888595792 0.232466925580266
0.06369784572604 0.252261289742696 -0.17741809193572 0.148329224904092
-0.00369303610120127 0.294630089438528 -0.0607547263849495 0.16767586106486
-0.111772670626586 0.248999656074907 -0.130860466264985 0.0292874198254982
-0.0609588115215308 0.260229917917244 0.122127506313563 -0.0522879496655281
0.0139828968411381 0.220606920610231 0.131008040925074 -0.249290013679225
0.117029455407671 0.178793693479644 0.0189060885468716 -0.316768719421984
0.18078371812969 0.110388166913142 -0.106554806173263 -0.260335255126499
0.196266892948374 0.0209057482635127 -0.15609818304997 -0.172219381179403
0.172748462392325 -0.0542445354990793 -0.14516641172678 -0.0863900700466356
0.182800183204393 -0.0780909989962495 -0.0942495765782058 0.0118798776235016
0.170119541064793 -0.0864448581110279 -0.00756753905885617 0.0818074690735702
0.2145284429758 -0.0825067369928175 0.0473238957036747 0.166122191691913
0.268955750095637 0.00721425747504676 0.0513839949679925 0.24883545515567
0.255518609522342 0.109297545555305 -0.0466246184524375 0.312624983196493
0.166145158110335 0.234822674385754 -0.15909758640875 0.242387234461103
0.0438688464143329 0.322412344024529 -0.180424033752654 0.0960436370255873
-0.0444611050941576 0.343666405185147 -0.0295203203914491 0.0503338299944469
-0.144337860301862 0.260703267944823 -0.0624391234037352 -0.0796526082123928
-0.0951992119616971 0.318514398004324 0.163867840342816 -0.127437441507988
0.0224031251284879 0.294492343757231 0.151619794043322 -0.270609270609738
0.165145235873117 0.219735162599022 0.0417040984143004 -0.296990601182082
0.223791249165316 0.120153990596298 -0.0456560723681083 -0.232202173836773
0.226345059482289 0.0192206010800239 -0.0767103252635681 -0.172138239838997
0.19509890078554 -0.0577700597913857 -0.0694081123289463 -0.110735917816021
0.198525452829868 -0.0709285325334333 -0.0252102439709374 -0.0186263419307063
0.184649776963728 -0.0708049645248351 0.0604863758625981 0.0448356924142463
0.228662571393915 -0.0589524460026355 0.115803031203482 0.133788230154456
0.274148651612422 0.030469948155008 0.118997520361533 0.237633876314045
0.25835946327351 0.131075283468309 -0.00743806241799616 0.321777326813387
0.154692570835724 0.268074236833414 -0.148087701479897 0.2358192080456
0.00251078134817136 0.346913721402707 -0.176236230127897 0.0388848355923398
-0.0897775213475507 0.336258319340604 0.0124637228826408 -0.0627470863140576
-0.150573923037917 0.229794403740179 0.000291059003846379 -0.191210212241529
-0.107463561680762 0.314835289892885 0.178873152002081 -0.20342754625203
0.0262247489781291 0.309162831746918 0.157744673957451 -0.274200252881543
0.179164282815752 0.21605003556507 0.0664346148359939 -0.256992537077848
0.223966096510308 0.106142791067446 0.0276463236031518 -0.202605169133251
0.216899011031885 0.01511841360372 0.00919604920820526 -0.177161493170564
0.184556807926959 -0.0522675027828876 0.0075821703951669 -0.134236251451491
0.184484122471673 -0.0532410319488136 0.0456733320223855 -0.0444760697659473
0.173214163486894 -0.0442126958329257 0.127289886820953 0.0196211555497586
0.211883093273413 -0.0211551301043464 0.174634431259012 0.114550740162444
0.237855230652151 0.060505225972447 0.166163329240961 0.231866137512227
0.21556835192124 0.149544546963808 0.0148034560411927 0.319732870004436
0.102891155458953 0.27307934674707 -0.13451074029717 0.214449514091693
-0.0554317490313999 0.321663539528441 -0.152002648406534 -0.0137215621950934
-0.130155100120709 0.278271825569803 0.0683446700490267 -0.151719852183397
-0.132431950728335 0.156154005792528 0.0444828722760338 -0.284636374600692
-0.102546883308266 0.250090249751388 0.171335532647555 -0.259167044878942
0.0210050058300211 0.258270713578742 0.153330036760799 -0.259169256728292
0.149027926356715 0.166017748273598 0.09226497065609 -0.214677716578222
0.172020804772782 0.0755000915991688 0.0937532080523116 -0.18213374892342
0.163558956834043 0.0125847499785374 0.0810844528272226 -0.189025632185536
0.14322268267455 -0.0348935661359747 0.0733636223217048 -0.153807454211429
0.144724292334592 -0.0274084511941222 0.106835891251919 -0.0607590746375006
0.13768654812483 -0.0138193803831215 0.184395185157036 0.0103805920850988
0.165458368847876 0.0131604806802507 0.219345451231847 0.115378112829163
0.171340848172298 0.0775271525243276 0.191883085007631 0.239152355880801
0.145893066453354 0.147363409935872 0.022444509913126 0.31214586470291
0.0366626469657519 0.24182566216156 -0.116644725458389 0.188707903217913
-0.106490009355993 0.252703351186301 -0.105416178662639 -0.0473247437663423
-0.152101992628615 0.180243941957077 0.133947653197995 -0.202215790455014
-0.103141670878919 0.0500478328281994 0.0677431870129434 -0.33824775701984
-0.0892539875137627 0.138310422143398 0.149012033118023 -0.276253194713175
0.00225370789407406 0.156667863645457 0.157381778595378 -0.235839306423785
0.0800403017550053 0.0868589728600007 0.116684783022009 -0.191283428977821
0.0797844016533019 0.040363543844801 0.13414149419564 -0.182664611526002
0.0796138556392677 0.01937797918497 0.120244497468168 -0.200908146410775
0.0786111988971036 -0.00464228262461689 0.116091706276714 -0.162400188661056
0.0835017078413982 0.00218312295951434 0.150043026576592 -0.0663610523600817
0.0815424924482082 0.0112164600233602 0.224635948610976 0.0147464158014229
0.0959307062942542 0.0281257357804793 0.24559052780436 0.130439651799667
0.0915380421339327 0.0632547333274565 0.198331009636689 0.252602142557713
0.0801122117524304 0.1110927757801 0.0246886907855226 0.304502652756741
-0.0127733272127273 0.178161687822075 -0.0923208471198321 0.174514733841449
-0.123035601119787 0.153065579381812 -0.0529729383372241 -0.0486224269350148
-0.139318260085614 0.0631460034541654 0.192686229630809 -0.208502152663433
0.0772480884221066 0.0307821042287026 -0.194647187158639 0.234255551895585
0.0844106836566612 -0.069529517263693 0.0439022789702204 0.0977294577561824
-0.00210276808868551 -0.0895091137682885 0.0921177038295963 -0.16034732030362
-0.0445734074729712 -0.0294200657351456 -0.0162725500072921 -0.307592266510369
-0.0221103388339152 -0.00531128691888319 -0.197984352405465 -0.284592695153675
-0.00955630447572314 -0.0108505995612051 -0.283571239311689 -0.145936353766968
-0.0126833514893016 -0.0180602395208513 -0.261491708143652 -0.00667692443828443
-0.00029858778197704 -0.0339118897721597 -0.19904931726975 0.0951684542852752
-0.00284175286432213 -0.035959578525373 -0.130190970524881 0.171728530979326
0.0045432137067897 -0.0415866760112091 -0.114556606579404 0.22131528728807
0.0227253208584932 -0.0203999385777596 -0.134284601620496 0.220540148595036
0.00430181629140658 -0.011298426071269 -0.145643900436963 0.212744825273011
0.0237745826380742 -0.0365602545069282 -0.169888404246883 0.21207713780789
0.0913679761399745 -0.000463946155252308 -0.185289003763867 0.243398461721839
0.0744243160528748 0.0640204685503229 -0.0908344181408277 0.344163619519504
0.0169005060164006 0.125861263151732 -0.206877448729073 0.195136327257611
0.0460265876392216 0.0468214844473615 0.0412735750315982 0.0609683453007602
0.00579770860912545 0.00473132190838976 0.0806058541181063 -0.181391559549136
0.00359721401137224 0.0373706342981259 -0.0162485704459716 -0.308279069918872
0.0477329931547819 0.0373292414250921 -0.181574596616874 -0.284332740217882
0.0684048155162958 0.000163769426951355 -0.263795181570465 -0.160305445991308
0.0595997942605248 -0.0369308025890218 -0.248862435039759 -0.0293008733092216
0.0752036229085708 -0.0617004757218639 -0.187155585529437 0.0769802224837568
0.0709533099330349 -0.0686123381519078 -0.107409290873997 0.154869493569341
0.0983553840078546 -0.069085846731205 -0.0772449858003792 0.220061334335796
0.136371106732448 -0.00928931553869379 -0.0905347852029244 0.246125952173425
0.113693695496946 0.0512967122278354 -0.12733311329927 0.251700709278503
0.079977888237467 0.0836145655876659 -0.171561106499853 0.220932602181516
0.0794020152257936 0.14018720441994 -0.175399040400515 0.202538863421767
0.0398642706654288 0.19537450351113 -0.0766243033352289 0.27535342825089
-0.0499793868126198 0.203320390040986 -0.182286828234867 0.127582425378337
-0.0060260367637402 0.164067773851235 0.0748434301507516 0.00994548536391783
0.010864927192847 0.1144530365107 0.096082932076126 -0.217780685826736
0.0601882722632647 0.110454905296377 -0.0085336027537553 -0.317057814212267
0.119507600530612 0.0776016615671652 -0.155730223920887 -0.27578861242813
0.141199063676881 0.0102438558758363 -0.223795334807069 -0.167092969925202
0.125534973604797 -0.0505971415842309 -0.209220264500696 -0.0539749878075545
0.139286183240619 -0.0813181381373694 -0.150453771788309 0.0491963499109135
0.129692986013034 -0.0904792901279998 -0.0625215456396298 0.123011790198931
0.169880524635069 -0.0899189223325989 -0.0148058127861471 0.199120657435858
0.223988734292587 -0.0092911219840479 -0.0168641645087052 0.255961982296
0.207852988702134 0.0828463556541389 -0.083302048346601 0.291405899844023
0.140120186907512 0.173565405794704 -0.164125841974685 0.238973155092316
0.0732210094532636 0.253254116496925 -0.174337646064862 0.155580696585195
0.00537262115615837 0.294506658241844 -0.0560852505507092 0.172536023012694
-0.105931533998555 0.253403441535278 -0.128670934371515 0.0345640556242615
-0.0530864808384212 0.265197820202178 0.125024370303302 -0.0541425856086261
0.0213976604023684 0.222320323706674 0.123227005582978 -0.251356252058978
0.124631272595366 0.176144754394966 0.00952514099069882 -0.317407927390987
0.187431349708677 0.103945870828414 -0.114247581635637 -0.257367149882419
0.1998984536736 0.013739261439977 -0.162548144172188 -0.168257275250589
0.17301054025072 -0.0603708859812808 -0.148951614415861 -0.0807428187935578
0.181783208312764 -0.0879361268204992 -0.0929909377575955 0.0154496020072384
0.169268009920152 -0.0941681847078501 -0.00311138990634946 0.0815989740979136
0.213720536966587 -0.0917045354142295 0.0558719343141321 0.163910662283012
0.273275080242796 -0.0045236543346161 0.0632647030517502 0.247551936329452
0.263089126206332 0.100553089861157 -0.032652117172465 0.316018186023672
0.176706035197502 0.231535025447879 -0.152396928085632 0.248520351561298
0.0571312286442278 0.324956608387597 -0.17889346620673 0.10243773130121
-0.0343869350168439 0.345325301587438 -0.0294835635673141 0.0539467780608713
-0.138626832809095 0.266696420812629 -0.0632670589346071 -0.0771628468381161
-0.0842586395615409 0.324478313025568 0.163738202532593 -0.131445559986022
0.0322483614007206 0.296765209646191 0.143448870777288 -0.273164635528725
0.174269383335033 0.21487963741956 0.0326230932140382 -0.297734648271263
0.230944274456838 0.111438506752737 -0.0508314772497428 -0.231387941906986
0.230567992827409 0.0109406863626356 -0.0822990008926485 -0.171674044613357
0.194554325804504 -0.0646256556602828 -0.0745314569562783 -0.108420160019942
0.197188327835141 -0.0815840710828205 -0.0238696760838625 -0.0179496864361714
0.184239710249465 -0.078784287855948 0.0639791982012573 0.0423776548727931
0.228310653040778 -0.0681189162861714 0.124285275585394 0.129257190661105
0.278096011062264 0.0179945025353047 0.1306752296997 0.232976505685322
0.26575822848505 0.121320933778792 0.00751902468226539 0.32311657891765
0.16681797967498 0.266175570878851 -0.139904532685262 0.240920301092494
0.0163081704484378 0.350392106011478 -0.176091111918339 0.0448185627804253
-0.079666672474009 0.339124857000554 0.00891760246490336 -0.0608403885488256
-0.144854868805617 0.235536876993666 -0.00371590326946291 -0.191178677132686
-0.0965531546250099 0.32198761682639 0.177657971172261 -0.20854498790824
0.0367065654826936 0.311331568976918 0.147931855884708 -0.277167024666087
0.188371861027074 0.210627249142571 0.059158007585344 -0.257647571060432
0.229846466688717 0.0982766728255463 0.0234422384291642 -0.203251217959648
0.219278115877069 0.0061746848197706 0.00327394635283637 -0.180291849604118
0.183926346126971 -0.0585890296852457 0.00179493448897828 -0.135505439377611
0.183647988835146 -0.0625720244882935 0.0465876706498044 -0.0464166526732098
0.17384728610049 -0.0508774823003458 0.130340454387005 0.0140044508516442
0.212268577617459 -0.0299535848647432 0.182758434425206 0.107752071601687
0.24227628389625 0.0505131301553301 0.177805272437557 0.225875651631042
0.221893410278923 0.141578923845115 0.0303160226530397 0.319991375401366
0.115089586535219 0.270790955020029 -0.128029377873545 0.21814973294578
-0.0429563238619341 0.326256364132629 -0.153103433741852 -0.00761884033228254
-0.122911488221608 0.282568492854628 0.0621192592825023 -0.152494487584411
-0.129154647889495 0.160977432761493 0.0377155035264435 -0.286167870103189
-0.0933225307122102 0.255727126144976 0.166901369307251 -0.263886878543612
0.0305343424360079 0.259352632294401 0.145750109000404 -0.262880883483617
0.156414975426507 0.161353962967097 0.0863664596745996 -0.215966703258523
0.176316422484369 0.0692717079256315 0.0906671008210814 -0.185618369618938
0.165966003085596 0.00665423268329781 0.0745931539125615 -0.194031245285618
0.142735180914513 -0.0394446939153266 0.0671411978288498 -0.157311871773604
0.144781557163618 -0.0346096881202264 0.107940587537576 -0.0654762844582404
0.138116120908732 -0.0191343061647519 0.187647060224232 0.00238411037034157
0.166752544189494 0.00660362633802914 0.226327145114645 0.106511827548297
0.173821569805025 0.0702913714645542 0.203219929655263 0.232065220990881
0.151478654042867 0.141759710092493 0.0373447025359331 0.312639149310432
0.0458242099912621 0.241114114349963 -0.109954812811351 0.192385042146036
-0.0963500953305614 0.257913300115015 -0.107521447994271 -0.0431771232385675
-0.147151968014202 0.185207147311447 0.125766827650831 -0.206419242115958
-0.1022742217958 0.0532068310271971 0.0589482946848376 -0.341684731153513
-0.085023205525425 0.142133185732512 0.143827904815129 -0.281403833029514
0.00887592142696267 0.157978457976554 0.150905198350329 -0.24042924785498
0.0835481359424994 0.0837687287931487 0.111399082303297 -0.193650351498733
0.0811348864600409 0.0367269984889224 0.131066391548896 -0.187807599420896
0.080883321757691 0.0170086225420756 0.113144802562347 -0.208531841712356
0.0790708428879345 -0.00703050923402382 0.109140342387687 -0.168420580621229
0.0836408808725136 -0.00227735789540871 0.151029834463911 -0.0725903148617039
0.0821089677925356 0.00794145134621238 0.227747821869796 0.00609691970626997
0.097186457752628 0.0243051303821518 0.252186661730401 0.120829438653625
0.0928649035478261 0.0594550011890394 0.210044460319841 0.245767536765714
0.0827934281644812 0.107215414257263 0.0386517251218749 0.304977430366453
-0.0054865597554804 0.178497089884638 -0.0855752987660009 0.178050931049966
-0.116995860561886 0.15747692328661 -0.056094204214126 -0.0462964040304304
-0.138653196705276 0.0670240414100765 0.183953203827656 -0.215079668010937
0.0782489947431709 0.0298648269711717 -0.191404029150799 0.242110148028084
0.0818527225007639 -0.0735055180803546 0.0496233743396817 0.0979212590792162
-0.00467670692045205 -0.0897722861679482 0.0911052950418316 -0.164301938669652
-0.0454070622278167 -0.0282199644441491 -0.0239350419795384 -0.309515740111125
-0.0215322623972517 -0.00525240913677054 -0.209966873533435 -0.284115923957631
-0.00859661059166374 -0.0120857528873098 -0.291229616464691 -0.139924953151792
-0.0112081566713936 -0.0189042255199229 -0.26302412987793 0.000759287366330955
-0.000325165938141047 -0.0354151083648983 -0.19958400495645 0.102785392919073
-0.00279467086851897 -0.037186757574469 -0.126543171969812 0.177003608985895
0.0044234254638828 -0.0412595715378484 -0.110815873353764 0.227084932030505
0.0228504074280289 -0.0209441000351318 -0.131776718512132 0.227295269136601
0.00591813759038054 -0.0108501826029966 -0.143249789520224 0.217141352451813
0.0237284231216435 -0.0355312325870695 -0.169621411946384 0.217400642093002
0.0922200204412517 -0.00259698414661219 -0.18501487832394 0.250489885663062
0.0756366061369417 0.0611435671985232 -0.0839045521850811 0.350999802881305
0.0187780054878306 0.126778032575535 -0.204545337612928 0.20287450777873
0.0469057485664906 0.0457386269632847 0.0465218133972245 0.0612400340681076
0.00504261365201291 0.00511725007632067 0.0795296188374461 -0.184207476076748
0.00482581562150449 0.0379204598122421 -0.0225480705164957 -0.311015821179934
0.0501572955604751 0.0360966320979143 -0.190576321036419 -0.28324570923302
0.0708891270141249 -0.00375031103463675 -0.271876210973867 -0.155472999157843
0.0616646491769115 -0.0393355069295005 -0.25149054165656 -0.0226094360478793
0.0751641593342137 -0.0662282979776419 -0.187580789013812 0.0835948795466184
0.0709529830111314 -0.0723298422560098 -0.10432060955495 0.159744388942032
0.098765205901964 -0.0721005131610222 -0.0711927922047992 0.2244224354428
0.139875404820339 -0.0124814681111967 -0.0851588605268128 0.251863783301067
0.11844578432277 0.0493246360335399 -0.121726707444178 0.25660296788523
0.0839553491047997 0.084397064798645 -0.171251175185552 0.226925589741657
0.0837599167108432 0.14068688779845 -0.175719945418604 0.208799259647416
0.0433665951388167 0.194839012463609 -0.0712297454069042 0.28196731664078
-0.0481439817972775 0.206453959026241 -0.18075554861594 0.13383331900428
-0.00283900699837685 0.166245056767184 0.0802812719176412 0.00990558923526308
0.0123276413480646 0.116348637381729 0.0934129822782566 -0.219049703428684
0.0639112353083381 0.110764305925792 -0.0143085848486535 -0.319561064057915
0.124454428127916 0.0754532669203431 -0.163262646045059 -0.275121867815147
0.145310752460182 0.00580679363354354 -0.231197390949994 -0.163419952966134
0.127233606001375 -0.0548097984592366 -0.21343271733264 -0.0495453346372191
0.138520445623063 -0.0878634351503104 -0.150689403201562 0.0534690551137495
0.13103349024862 -0.0961751494742424 -0.0594822804483956 0.125433608860356
0.171021428907846 -0.0952178574246162 -0.00766493647552716 0.201265843729356
0.228776192792302 -0.0171081586391407 -0.0104861441637294 0.259430647129639
0.214573104398451 0.0786155076319244 -0.0754566783008162 0.295904426971145
0.147701652958959 0.173727541937228 -0.163064437270013 0.244471620294126
0.0812257685643151 0.256679885455523 -0.175327046773022 0.161555911562926
0.0105689230060588 0.295783196279647 -0.0541949247722746 0.177724665480369
-0.103295615948952 0.258906399260498 -0.127719844058926 0.0377418102238498
-0.0476072457339995 0.270791055538142 0.129379146145389 -0.0560664383101386
0.0251831810317371 0.225532372755456 0.120692812250679 -0.252948062235462
0.129972453249211 0.175781231082754 0.00474054503195815 -0.319634041758718
0.193514155797331 0.100086804098269 -0.119838086578133 -0.25742989890858
0.205240049077559 0.00774577380012241 -0.167613462069946 -0.16671369699125
0.175426962096256 -0.0660642413363698 -0.153503541753009 -0.0776177367903511
0.181826430212383 -0.0961978273141872 -0.0927520627517204 0.0178133826309271
0.170454751566831 -0.101423815612315 0.000475073526864024 0.0824315819543493
0.214571481906009 -0.0986267813103455 0.0635333656534883 0.164530311534686
0.277876742251343 -0.0141092416031388 0.0706329176116506 0.248503904174375
0.270453912438803 0.0936272507001503 -0.021847754254634 0.319689111491764
0.186602079993255 0.231908691122452 -0.149533360981429 0.253720303390263
0.0664821456671029 0.33027255057469 -0.179728235428953 0.108126560377762
-0.0279016469164498 0.348237903892569 -0.029185598071284 0.0568318079162082
-0.136778738227406 0.27194450555276 -0.0634450709153387 -0.0761860074911973
-0.076831309459779 0.331521394708429 0.167240168336703 -0.135334303676607
0.0395458389181448 0.301325044694768 0.139883451957075 -0.276229160555777
0.18206302400535 0.213602084383346 0.0285363023883123 -0.299612240221537
0.238347957084475 0.107156678799884 -0.0542134328762704 -0.232288078229397
0.2357216429764 0.00457642830473866 -0.086786560727106 -0.173433222686555
0.196549617212636 -0.0703312771785954 -0.0790502513882062 -0.107532563586857
0.197344217617812 -0.0893122728552297 -0.0229127078161559 -0.018204474698313
0.185515372648432 -0.0852471012449972 0.0676669425595046 0.0405953722251807
0.230477084412341 -0.0761477002660412 0.131865744757065 0.125959751727072
0.284039490237946 0.00908697689460527 0.139447781501279 0.231305329102402
0.273732526663695 0.114627812338468 0.0195821244200439 0.325864922506309
0.177549799757438 0.264684254425913 -0.137501648375887 0.245218349578447
0.0257453421437634 0.356521425900962 -0.176995228486901 0.0501640763774916
-0.0748102124865605 0.343708982825819 0.00670128344207919 -0.0598066030223044
-0.143200688337926 0.240501954102234 -0.00482324951100327 -0.193302528429241
-0.0893830633895566 0.329111306522612 0.179627674831295 -0.214212830128171
0.0448244676357556 0.315103348584 0.144849940881696 -0.280377937440874
0.196753874228559 0.208923277151327 0.0559886902952862 -0.259871624593972
0.236448975696813 0.0925203033826577 0.0219875567424456 -0.206081908990302
0.224404269358021 0.000785799719499982 -0.000361092332001374 -0.184145072023778
0.185999349244156 -0.0635180039263499 -0.00228746393566492 -0.13689568850854
0.184237356249968 -0.06955201814849 0.0479992301660247 -0.0488507652246823
0.175720027250792 -0.0571823436890415 0.134323727699705 0.00955277112368324
0.214678435670222 -0.03610689859665 0.189796263446195 0.102363626895538
0.246976708760285 0.0436590864489726 0.187851124355644 0.222292568089587
0.227666768779649 0.136896643639037 0.0422767769060949 0.322008230665752
0.123417360528836 0.270810112378882 -0.124203438849517 0.222665198229801
-0.0350574855581518 0.332395855434279 -0.155094065300622 -0.00384731052585591
-0.119761027104178 0.287435838231347 0.0579564415211406 -0.153865584960089
-0.12788927681186 0.164797939577403 0.0348495355809977 -0.289856146340181
-0.0882032171916786 0.26231870366121 0.167592331551106 -0.270414355616252
0.0376856953526249 0.262239698464487 0.141954327935791 -0.265864133396666
0.162618771211979 0.159120911031197 0.084049972945211 -0.21712181356102
0.180090249383075 0.0641431531639224 0.0902230767125258 -0.189588293921179
0.1696431353123 0.00225148815604612 0.0705898785499918 -0.199911889711747
0.144299783251609 -0.0434399355903889 0.0629651931754236 -0.160446895441967
0.144812689103118 -0.040122377755176 0.109967270609595 -0.0696895101519436
0.140538814259137 -0.0235850357429363 0.191778575699291 -0.00382054223339251
0.168818832838645 0.00187214039288196 0.233616786422923 0.100286317462035
0.177109745675132 0.0661964036233258 0.213505393717242 0.228089008529629
0.155434822634286 0.138299814649664 0.0492684171035275 0.31481115639894
0.0522074836587084 0.242020202281766 -0.105886813867267 0.195845691101088
-0.0910147182254112 0.262841511003972 -0.110685929351118 -0.0403740370600658
-0.146382409461893 0.189936952749116 0.120406803973304 -0.209083140923907
-0.102698504870963 0.0554416456028552 0.05396664046519 -0.345716135001173
-0.0818710265525229 0.146175634872282 0.142593927590592 -0.2875492873835
0.013376141515885 0.159531866877481 0.147239880486881 -0.246315782109657
0.0860325328673173 0.0823708833761595 0.110090585672611 -0.195579732440776
0.0825791987320617 0.0345514419369742 0.130507288946228 -0.193115092717964
0.0828304793138878 0.0157153609148626 0.108448544516781 -0.215756807935213
0.0797069191867957 -0.00845284472556873 0.105364675414532 -0.173532750138265
0.0842421074200341 -0.0052202994528543 0.153789298078485 -0.0788959474208151
0.083411149826021 0.00619230552737049 0.232335104127205 -0.00149590508347919
0.0982612068412933 0.022283724727815 0.259257131865806 0.11437575191428
0.0938949596303483 0.058415350433982 0.219112376735443 0.241968081838839
0.0853220803939797 0.105401810302914 0.0486233473113354 0.307135255319287
-0.000558803037930577 0.179588338886945 -0.0827908143432449 0.180671144610466
-0.114486230729305 0.161130783497477 -0.0576387529664074 -0.0450920500481463
-0.139754780069178 0.0712146222140249 0.179331186444033 -0.220400928585891
0.0808150454747276 0.0292176766836808 -0.191840258331643 0.254434237647377
0.0812175604707291 -0.0779425090757249 0.056427881571345 0.100301117034911
-0.00736208570941971 -0.0917982616737389 0.0921556546743742 -0.170550198223105
-0.0460577087265066 -0.0273363223559559 -0.0308834571180674 -0.31891894244353
-0.0212949253520875 -0.00565080872718147 -0.223120937989937 -0.286329434182776
-0.0075726225802782 -0.013724164751573 -0.303765698236641 -0.13650834535883
-0.00979733001738028 -0.0202143062736622 -0.269363811329158 0.00693594453725386
-0.000608280448578686 -0.0373266607191567 -0.203866847019073 0.111045172251886
-0.00283377272276233 -0.0395271856999029 -0.125601332447627 0.185118830378017
0.00397467966905353 -0.042105180546374 -0.108725359771026 0.236663142668923
0.0245287637964522 -0.0214422592815115 -0.13210880007188 0.238159283744534
0.00710455616189153 -0.0102724466069437 -0.143899782852367 0.225322110717692
0.0243061958798399 -0.0352513061061057 -0.173174168060095 0.225169071019414
0.095423004088925 -0.00581686078252172 -0.189432335439776 0.263196922342174
0.0774068575905784 0.0601711073485718 -0.0799687072884901 0.363009706233288
0.0201805208784731 0.130403860960308 -0.205568495165852 0.214814342809268
0.0478774032989177 0.0457653401667593 0.0527958922323428 0.062900716083409
0.0041130050724506 0.0059289707219487 0.0796216634273215 -0.189274941539843
0.00616443589570031 0.0393218057447667 -0.0280227525374923 -0.31920050901699
0.0535876320154497 0.0353680808688474 -0.202815495599831 -0.288106163548024
0.0740777335718866 -0.0067070511601524 -0.283277563765084 -0.153289925295368
0.0643757299414753 -0.0431711794127963 -0.258756631240962 -0.0172348010900696
0.0764810115605689 -0.0715584606902393 -0.191429599314272 0.0908435315476826
0.0725790921802518 -0.0776271816740243 -0.103098562687734 0.166572749163858
0.100753980127017 -0.076659661095944 -0.0672410749348412 0.233089280995998
0.145290183699835 -0.0176384921148385 -0.0830875160394 0.26224130205797
0.12494622469199 0.0483511244049994 -0.119797677907802 0.265217976807532
0.089577398949501 0.0875434877236402 -0.174323343879185 0.235327592868729
0.089632861986389 0.143567810829288 -0.179766152155167 0.219495551912365
0.0465741652380873 0.198352115697768 -0.0681533397638286 0.293362957241424
-0.0475879069278311 0.213660390992543 -0.182304564763797 0.142263414208603
0.000396786536938345 0.171507420500865 0.0867939411949872 0.00943625515365308
0.0135463412543549 0.121280941465726 0.0929888629238173 -0.224110417282072
0.0685634127388521 0.112514367222955 -0.0197204580986946 -0.328344869333824
0.130338147390995 0.073924896818454 -0.173771829047832 -0.280602415247359
0.151692452273555 0.000500915343585152 -0.240843460988458 -0.163450393274201
0.131727642650152 -0.0599368420360091 -0.221167300560817 -0.0455388279743771
0.141481475773167 -0.0960746162175843 -0.153304740268469 0.0586932191638691
0.13382914286654 -0.10409385308155 -0.0570973208370514 0.129495275921917
0.174779353565758 -0.102994894235035 -0.00131935240523478 0.20677053979587
0.237674132215971 -0.0240561818336255 -0.00407605311730148 0.268210289055672
0.224851165108466 0.0754952734194162 -0.0700409244812247 0.304844544216035
0.158271129177107 0.177641583108519 -0.16461203114015 0.253836594527291
0.0903949590747121 0.263493198631203 -0.178926493114517 0.171098375865531
0.0146459407273848 0.303023943517275 -0.0520884532759858 0.186575648603932
-0.104166715215293 0.267816657792837 -0.129152026702793 0.04287441032454
-0.0429964773144459 0.280655665575491 0.13629383153986 -0.0594312547432168
0.0297540848133147 0.233672416585381 0.120638804545618 -0.259546695507642
0.138223094517368 0.179418672411477 -0.000251044498541979 -0.329094103922269
0.203144822270138 0.0986623602348717 -0.12705482547077 -0.263166278241351
0.213504030230088 0.0020567159698631 -0.176582897699532 -0.169405652462311
0.180847394286951 -0.0725616870769817 -0.160218442657104 -0.0757534989716509
0.185163105328171 -0.10427763621831 -0.0943646531462544 0.0198964780316008
0.173994033406394 -0.10949505889698 0.00463258546843753 0.083023739431294
0.220430568425385 -0.107221063030719 0.0713857341324678 0.165880463616391
0.288503118409696 -0.0227020478380288 0.0797218493726409 0.254358470243805
0.282081936084052 0.0897995680379342 -0.0139249481679961 0.328083002373137
0.199560321833948 0.23632641155644 -0.14955220477929 0.263377467246679
0.0769454104245985 0.3406749856062 -0.183748537370668 0.114985677256751
-0.0237725880905424 0.357025521904405 -0.0297817089569414 0.06188613307706
-0.138091417481661 0.282559315307682 -0.0641934394996095 -0.0767936654881596
-0.0716110682641503 0.344086137077551 0.174822589192773 -0.142267311676723
0.0460678039505168 0.310618987939913 0.139567856836678 -0.282804565169451
0.192551579703963 0.216849213169115 0.025581009112116 -0.307523473167062
0.249508288373743 0.103797730810607 -0.0581353821363732 -0.238493808134692
0.245293465891305 -0.00190295611134624 -0.0927354895149907 -0.176763664104741
0.20214646673101 -0.077255293228957 -0.0848486945611913 -0.10843709932432
0.201351886505572 -0.0979587133138079 -0.0225415136118939 -0.0194651104320321
0.1899629577944 -0.0940779649194505 0.0719754509412812 0.0390354340764895
0.236967052056913 -0.0838381302404369 0.141198244478312 0.124312867875736
0.29385870083608 0.00114734001403109 0.150663781548418 0.234196619465864
0.284585591449882 0.111472251642995 0.0301574873212317 0.33370994364605
0.190396459423721 0.269979235965002 -0.137068002133717 0.254237034333629
0.0354479225342972 0.368322494242722 -0.181804280182326 0.0546334351644522
-0.0713172466316144 0.354067939309754 0.00443054928014457 -0.0594472422106613
-0.145120644658476 0.25009322348091 -0.00584533170122937 -0.19846110461136
-0.08398342560302 0.342213649809162 0.18551230557728 -0.224302764110172
0.0534159090305714 0.324487318155857 0.144709157319353 -0.287305950972528
0.207456971518439 0.210724159055822 0.0545488244203513 -0.265740649180426
0.246728428373501 0.0888696268225814 0.0216695136444814 -0.212140510204548
0.232624429129211 -0.00577419193689684 -0.00395707021110313 -0.191008437857395
0.191030123528578 -0.0696237548470579 -0.00701847866037979 -0.140161917932852
0.188222203404798 -0.0773588677225384 0.0503190456905107 -0.0522532707832621
0.179682716522798 -0.0635561936420785 0.140661383506989 0.00558625902399612
0.221087662534147 -0.0425160977108519 0.199828039273857 0.0986067888955569
0.255729999662694 0.0381003570493878 0.200136211750912 0.223399020109344
0.237159379579604 0.134446798546961 0.0537139416417857 0.329348653325891
0.134538987358723 0.27634088131686 -0.123807206388441 0.230060148669299
-0.0284305261794645 0.343864497982393 -0.160292900535473 -0.00101297040674209
-0.118218558906234 0.296433175545238 0.0544892996502499 -0.157564147324412
-0.130391721824594 0.170938935652225 0.0334545445547324 -0.298685082079781
-0.0839484545103594 0.272365157207438 0.171368825934847 -0.281626883288844
0.0458621511428424 0.269552216477214 0.14227044609903 -0.273952151907157
0.172149515223568 0.159806980687719 0.0839769070639347 -0.22304998227632
0.188243239516998 0.0617980700796686 0.0918097909590508 -0.197354864098374
0.175991456413994 -0.0017960631461096 0.0677195599453021 -0.208816674971485
0.14809606105933 -0.0475708968009083 0.0597733052990896 -0.166358382973543
0.147953442133333 -0.0455584899959506 0.114005218447593 -0.0758967908344854
0.14383565631141 -0.0279195993109214 0.199851991120346 -0.00946497109257752
0.173982980512795 -0.0019095243748009 0.244878975831787 0.0964384215327535
0.183124663634801 0.0640960258014673 0.225727710298315 0.228532905582037
0.162189182128263 0.138395892905919 0.060249780869668 0.322163152806445
0.0601698800439937 0.247852894167587 -0.105352466562939 0.202758664288495
-0.0872135022811591 0.272500818126107 -0.114571207001963 -0.0386176464977994
-0.148142191460018 0.19702781636937 0.117434687367051 -0.215854571403745
-0.105410126923708 0.0582708360434708 0.052896795280573 -0.35625983574138
-0.0796926292907766 0.151880911785661 0.145500009531922 -0.298605896155133
0.0193106220415901 0.163931545095875 0.147226436530844 -0.254151290937302
0.0909002020713667 0.082339837388425 0.111427887242446 -0.200515008079098
0.0858912561406532 0.033598692470966 0.132502791394879 -0.201680348748373
0.086605845275617 0.0141887591197888 0.105670084365705 -0.225557956738629
0.081994102539894 -0.0106434683644818 0.103750584090991 -0.18124249392391
0.0855277394404271 -0.00800998323433685 0.158966304753381 -0.0856714708942465
0.0858896115964649 0.00408518199635115 0.241455256927099 -0.00788254157440657
0.101656314426006 0.0206541291054865 0.271113805314884 0.111005923714071
0.0969950195783833 0.0585493785498025 0.231472240399518 0.243253321849627
0.0878513725075954 0.106041782710113 0.0592822161980446 0.314416024197706
0.00435928305334157 0.18410949906347 -0.0810632343722692 0.18584746164134
-0.113481479816019 0.168765447005767 -0.0612446251540762 -0.0448019093389678
-0.143318909074159 0.0754376193358969 0.177891631607036 -0.230050213057503
0.0851180188539658 -0.0215667234077183 0.0109902976776468 0.324902134282831
0.0176435334062336 -0.111943119127137 0.112970715613125 0.0375924572238816
-0.0631334806465892 -0.0701823655432892 -0.0368030361827129 -0.202309445477025
-0.0548795513517033 0.00545648694882753 -0.234177046064101 -0.241988740873468
-0.0214238302101604 0.00932526138972385 -0.367674252458569 -0.0877716369979658
-0.0150953138497163 -0.00638133112996645 -0.334738081517911 0.0875796629650352
-0.0191673641909151 -0.0109622655213552 -0.215911528178454 0.18274038399258
-0.024921753561204 -0.0311635921875386 -0.0931553539507902 0.224250170256871
-0.0274373827408882 -0.0305498184379325 0.0193941486773067 0.233439861634339
-0.0225903418902299 -0.0366409327838314 0.0658951144640866 0.266184133332114
0.00839286661582712 -0.0330017694532057 0.0482819504190002 0.281059210667788
0.00208851873251379 -0.011020114663691 0.0280310998006159 0.278210894327085
-0.000265552651241296 -0.0416309350935839 0.00508678599269357 0.299691018036849
0.0754765611067701 -0.0653562737202146 0.0225988879495939 0.34870897371033
0.103936953809849 0.00391262925260957 0.175002652832893 0.356207496771782
0.0949831658713044 0.0997800469986282 -0.0182082983819223 0.304304644690908
0.0655492439104469 0.00817134205302508 0.0893935354973082 0.0148503328597989
0.0056675831779199 0.00277659571444406 -0.0533917978796059 -0.20676148201536
0.027640674302431 0.0277524258821956 -0.228022438328604 -0.245751678665679
0.0650926737617339 -0.00396552747909017 -0.349746331459045 -0.103195756418872
0.0557892863626409 -0.0527045631897642 -0.327554488772405 0.0582569647292865
0.025942772017274 -0.0764979880249933 -0.222501202405442 0.15491978841748
0.0151863209541313 -0.109619365324125 -0.096056540787299 0.199347808432238
0.00945008991813806 -0.112080005691151 0.0259519746692176 0.203204147559203
0.0350740017418825 -0.130039784688311 0.0980633856307172 0.236077739134103
0.112088754935673 -0.110152942065594 0.102945070894817 0.266443235417246
0.1403781887285 -0.0399633728844589 0.0735819081039339 0.29435270109007
0.139226908320055 0.0182698041022128 0.0107905778742448 0.307268550546811
0.173527700527649 0.0635343950900942 -0.00279001770682009 0.306643989205285
0.171462276907614 0.140690727225502 0.133345386573563 0.287260269194294
0.0866268131248385 0.210155412916728 -0.0383532078139775 0.233544105538064
0.10415419116458 0.138411911753019 0.0857246160005666 -0.0457358139456023
0.0844782898226157 0.0910489188610147 -0.0581107483289499 -0.240720779067743
0.122211493424407 0.0499650070406496 -0.221864913858 -0.258670583546586
0.151914115253777 -0.0212869194814662 -0.318486383911524 -0.11750758881133
0.123695295481801 -0.0956693808573989 -0.298175722256052 0.0217157053263143
0.0695113777906348 -0.133236086844355 -0.210617940924546 0.105859101581862
0.0524396408650815 -0.172001976631467 -0.0864892343438636 0.147798571388796
0.0431955380072337 -0.174147363289217 0.0398203951840085 0.143436240250734
0.0783797006082125 -0.201735938360771 0.134646251243182 0.171206943137308
0.183102498567414 -0.179502877152525 0.169681747621404 0.218503159093039
0.242204146312611 -0.0837267967911033 0.140359694913557 0.293475493267282
0.259676318874454 0.0496370335270674 0.0297739436284646 0.314504594081353
0.255415082137793 0.163540613511752 -0.0394600943485398 0.266498194064417
0.21683536145663 0.248536974895565 0.0706454050672688 0.184543278238127
0.0711093965131508 0.290421297651616 -0.0548926585515272 0.120923368227287
0.135464668200451 0.252393076916763 0.0840763466096014 -0.1295274893845
0.16800588349891 0.173548307935164 -0.0519202149363024 -0.284706012236156
0.218583838523136 0.0609780397652133 -0.200812917192073 -0.27111310518994
0.225910851715221 -0.0467901641490071 -0.267222307023609 -0.135351331859369
0.174973317759635 -0.13453091315147 -0.2472268627258 -0.0256645848625151
0.101181952463024 -0.173661010346453 -0.180980559151358 0.0406205800582115
0.0821057566525615 -0.207766756629485 -0.0637226178156 0.077692201759824
0.0727542061187896 -0.206335331265371 0.0588508409486018 0.0653673400064868
0.112157279150208 -0.23600905949252 0.16754108893003 0.0886534263435423
0.226825386178839 -0.212305952064535 0.228857868391961 0.150245213500542
0.299381957384993 -0.10933636428333 0.202065061900404 0.274349193934398
0.334354587256307 0.0703559733844276 0.0472161185826577 0.311944100220371
0.296693067423027 0.236746431812304 -0.083647780555489 0.224274932493053
0.220544501256347 0.319728355246127 0.00276965302140332 0.0635027697829611
0.0512125361663736 0.322074792486172 -0.0772812571466838 -0.0162149326113205
0.15160783297328 0.321271932408176 0.0628577921192506 -0.219420479184159
0.230528309016005 0.225494133405617 -0.0467163277573232 -0.314880631045071
0.286136287932139 0.0581335392664599 -0.16219278468841 -0.27207842506121
0.266897187538088 -0.0714438917695108 -0.194071243698313 -0.161036482684128
0.198129635208773 -0.157576779614089 -0.184243990769643 -0.0880309774025591
0.114745715479771 -0.191455129216841 -0.140407406775913 -0.0357746879969816
0.100191185281483 -0.212424759899864 -0.0309035706398995 -0.00225144317204233
0.0960843570320198 -0.203947895573841 0.0858904431759471 -0.0163156937653248
0.14124285036203 -0.227752435379621 0.196988613894139 0.00923817685025745
0.247582574144934 -0.195946348565767 0.273170507166637 0.0863518480656808
0.315269859233327 -0.0937098925213565 0.242464541595999 0.250055931831026
0.348281843344822 0.104578565050941 0.0523472204417632 0.295292231677865
0.278701999538397 0.287242550660409 -0.122917145545282 0.171239452025764
0.178136670003357 0.347273953520612 -0.0502984347117291 -0.0617978922582221
0.0258081149550337 0.297892629703172 -0.110404122269007 -0.152160696494522
0.140317510960881 0.326249521174351 0.018310420577368 -0.292727211546132
0.244136494975152 0.231579831026143 -0.0455461577670536 -0.321605613749396
0.29444393084208 0.0436082473336419 -0.109902290363435 -0.257044022085789
0.254921761385964 -0.0812836151157175 -0.112938583980091 -0.191455379339195
0.185716143175333 -0.153072364546586 -0.121933397854404 -0.156049670858536
0.109516965049668 -0.178008651930313 -0.0976690463912087 -0.112891378549518
0.102792414633842 -0.186457966264145 0.0072213155515728 -0.0770732229490723
0.107887462700783 -0.17228212985405 0.119612756314251 -0.0884941929194827
0.155133836321265 -0.183334452189833 0.229091074425616 -0.0508314506788459
0.24003814085062 -0.139534167127148 0.307005829225187 0.0458633400337786
0.289371181738498 -0.0424302975921723 0.259793410329102 0.230587955178074
0.303598459991148 0.146863669351611 0.0487014438660017 0.266515566933828
0.208779984036569 0.308157381418225 -0.141970037589082 0.108230317014641
0.101148484202625 0.329665931547405 -0.0714495984847759 -0.17720286339347
-0.00904273847000851 0.221504292272566 -0.148697792687999 -0.259833104700279
0.0976162539650066 0.269591380945063 -0.0333850769824759 -0.332074621321735
0.204606202300324 0.189535453622105 -0.042184064786782 -0.310402167462168
0.23466030392698 0.0234711272842921 -0.060860919592367 -0.240080158296111
0.189688377313059 -0.0678374028759287 -0.0472298360530773 -0.223864091947558
0.141363058450452 -0.113280562519478 -0.0764906413075115 -0.216740080334922
0.0884568185360616 -0.132353588452994 -0.0600814314722729 -0.178477700809987
0.0903848119904268 -0.134131501079088 0.0438253026839096 -0.137518260047027
0.101870757709095 -0.11941256280757 0.157466841767225 -0.140048043580538
0.14250872507439 -0.118686088363829 0.26418907768222 -0.0816225939295237
0.197048247542462 -0.0687064337722227 0.332482907492159 0.0339200081733547
0.227541675862967 0.0107710115761748 0.260937729107175 0.220169587201285
0.220033984278164 0.171935684635847 0.0460490659304791 0.231134500306253
0.11006104938913 0.28790422411967 -0.128751152385395 0.0443961317418891
0.00922330465725164 0.264907266395223 -0.0547959406158333 -0.266251168942037
-0.0559380606679361 0.110979639447019 -0.178659469428943 -0.319296124984325
0.0271236757791513 0.169293142527109 -0.0701252743644493 -0.332895123695937
0.116861701336453 0.119242304666544 -0.0312011095248763 -0.299384335518835
0.121875425807966 0.00929847514099689 -0.0300215778139578 -0.238235899300772
0.0891314011272775 -0.02623257567461 -0.0194121224368172 -0.251883112521326
0.0786803481057249 -0.0429809352694477 -0.0593197308754186 -0.252603149689419
0.0585767519430065 -0.0602638776164916 -0.0345706970638387 -0.217812146110901
0.0637954169524103 -0.0633467679973198 0.073861019214823 -0.174847590108387
0.0750835607340082 -0.0540973028701437 0.192412913174801 -0.166324309738324
0.0979432437423417 -0.0514460779956434 0.294916548238024 -0.0875314659516097
0.122188677841009 -0.015143161235353 0.34695541792654 0.042582023213542
0.144427053923785 0.0325761401249313 0.25548685524645 0.214706398346177
0.128917580524932 0.156193779094127 0.0562157555599884 0.201667564959826
0.0168642148525604 0.216626465990748 -0.0858199233444465 0.00372092936731199
-0.0677691107220773 0.158670600054225 -0.0103715407980424 -0.316730807649322
0.0884029190550928 -0.0272302511799104 0.0331758562321186 0.341343681594167
0.0104308909151192 -0.117661938884913 0.124008406591933 0.0304505079834982
-0.0696946528484914 -0.0682358339524103 -0.0503751202109291 -0.20991527581357
-0.056480395923741 0.00881165490678843 -0.260536680687793 -0.239833562355198
-0.021695362859854 0.0106459825567349 -0.392797979629535 -0.0676960549275445
-0.0170021357198156 -0.0069135774283096 -0.347573872716391 0.113317253770471
-0.0213709901058451 -0.0123801388334023 -0.214453431928456 0.204538385947036
-0.0289574207157377 -0.0319101135394082 -0.0838603591134056 0.242586772977116
-0.0306852305796602 -0.0310508045440561 0.0351573169535432 0.243381925964241
-0.0245861370429389 -0.0371671868739984 0.0866104363113955 0.276011360685428
0.00782408207612136 -0.03575612221944 0.0681309890353904 0.29378709767823
0.00319845746838679 -0.0115923953546833 0.0432506129955521 0.289931418766289
-0.0012029709585385 -0.0430948568035385 0.0201681523904989 0.317308105750436
0.0736058512957224 -0.073987772897684 0.0435704092379106 0.369083119685378
0.107154502112225 -0.000794536744044526 0.204783768700688 0.36371608185273
0.104817394522606 0.101009111487644 0.00174194364359592 0.321481020151144
0.0685538236341292 0.00555623674800666 0.0976049782129156 0.00745922891687393
0.00655862351250299 0.00484865133340927 -0.0657961394907495 -0.213456677132624
0.0311512243295713 0.0280629184917065 -0.253613885780371 -0.244088086925674
0.0685080493522043 -0.00965288211580582 -0.37348081049902 -0.086108636771499
0.054673757311859 -0.0604796823718246 -0.340719214057187 0.0817721956045327
0.0225254369299152 -0.0841257061127496 -0.223664472034968 0.176171618825911
0.00795462899326101 -0.117402857702218 -0.0890317206572668 0.215860176364656
0.00310696932391709 -0.120146687696241 0.0397117750592638 0.210680774266108
0.0292067455373733 -0.139239519300221 0.1176377562102 0.240522076787019
0.111571140536835 -0.125073887786258 0.125713332545564 0.274516208797775
0.146012693511803 -0.0514611671209974 0.0936912016325534 0.304008301837293
0.149582091135446 0.0107518567955242 0.0261907790735177 0.323942569338614
0.18572445541614 0.0561932870615525 0.0144956837476136 0.325917814558149
0.185763796285368 0.138224522840421 0.157558930715211 0.292886213323321
0.101995532706571 0.218255184640181 -0.0242361031762384 0.246903805532579
0.117274859139216 0.139950786901725 0.0900032672735052 -0.0554653238497289
0.0942711487731306 0.0928319036340714 -0.0716775367334494 -0.249280128921766
0.131770857849126 0.0457023428603449 -0.247306862713746 -0.258974804645647
0.158162945934156 -0.0329770715166404 -0.341525763838862 -0.104207116049079
0.123708793679611 -0.110395949352158 -0.311140524763278 0.0413170486767252
0.0651560890399942 -0.146112889603148 -0.214334419121115 0.124627797395387
0.0434379768262281 -0.185366559370209 -0.0816025448300934 0.159912096896507
0.0341290042147764 -0.187396786065056 0.0506073754907612 0.146307947286166
0.0703749267690527 -0.217969373596953 0.152409348964701 0.169002660659258
0.182147827621428 -0.201830303561965 0.19266425503638 0.218970311228336
0.250295237940641 -0.104212627988211 0.164796510145694 0.298016854169832
0.277894957394475 0.0351299064061842 0.047041933247454 0.330778813623282
0.280643627522286 0.156491307886848 -0.0257852771707688 0.284388257319778
0.23920420751271 0.249424261522341 0.085686788060958 0.190096235696459
0.089450071023885 0.303248656377916 -0.0487749917973502 0.129333336846793
0.15797741322829 0.258051830411427 0.0831035589746068 -0.144447714576869
0.187151828332763 0.174084183871715 -0.0660605883071863 -0.294276400112252
0.234588695834433 0.0517463397129351 -0.225100097163316 -0.274164566980557
0.234740762971496 -0.0642957839259264 -0.289046822328473 -0.126938732394045
0.175199578469283 -0.15470777337966 -0.261380379122987 -0.0131066114911446
0.0959974155917644 -0.190904453505102 -0.187581347750246 0.0549317397651635
0.0727640432056362 -0.224619115505761 -0.0624076367199272 0.0834992528246536
0.0633856211696682 -0.223119800543952 0.0657464628690032 0.0621424672209144
0.104184269546085 -0.256795529840856 0.181749486994978 0.0795494459060426
0.225677064200778 -0.239520930522595 0.250219304197025 0.142927241121798
0.308615117108496 -0.134975237173886 0.22898318113329 0.273054807527214
0.357786816657396 0.0520679904874241 0.066254305358548 0.325678394765392
0.328591090152864 0.230498009198147 -0.0751110127337339 0.241492246752987
0.247744886679762 0.32321550863915 0.007275213790971 0.0682293659944227
0.0701542983029137 0.338926532786797 -0.0801096305242078 -0.0144051663632413
0.179154924498282 0.328642468705366 0.0557266056370776 -0.237391535820293
0.255801465281838 0.224842088990535 -0.0624647693585873 -0.326501915355523
0.30475545504665 0.0430981702033485 -0.184073361405258 -0.276632803631118
0.275987429695533 -0.0928567321780765 -0.212681220132962 -0.158587431903779
0.198777415302012 -0.180567448699932 -0.199354493957032 -0.0819917354645776
0.109513391704461 -0.209562221805007 -0.149449677162814 -0.0269924567247855
0.091288505280803 -0.230714313380857 -0.032473274911884 -0.00159073829518703
0.0880938874299436 -0.222141744921134 0.0896215222607574 -0.0255033291533306
0.134262491572259 -0.2503507704609 0.20795234252976 -0.00595586337606871
0.247949591183811 -0.223883436542771 0.292887574531641 0.0729526592704426
0.324863531435003 -0.118449314829475 0.270023867703797 0.244007110659143
0.374111128679959 0.0879338408851567 0.0711388446991227 0.307108087753412
0.313383678630925 0.284069025605988 -0.120107500738985 0.188587402645225
0.205085535232124 0.355182197782928 -0.0555893398809645 -0.059543432741284
0.0421658368359029 0.314096946288828 -0.12224142476046 -0.155788663982919
0.168300161104825 0.334767793902659 0.00387117018413478 -0.311896072840004
0.271968016831692 0.228079759517267 -0.0617557827348994 -0.334410379581004
0.312311226542719 0.0274809834620945 -0.128039622527382 -0.26391432889359
0.263161983430453 -0.103935983497699 -0.128375364289739 -0.195931879827286
0.185521802063345 -0.174744005593349 -0.138290815897723 -0.157026359293635
0.105313581789376 -0.194846895693966 -0.109451545649984 -0.110895632495576
0.095651005948287 -0.203738072615982 0.00328285604655182 -0.0837873617311893
0.103060382144303 -0.188079538299897 0.120278942916874 -0.103458893244191
0.151477840008661 -0.20386638141064 0.237094599067679 -0.0705968926796281
0.24261690969437 -0.162597925143845 0.326014942373018 0.027920739662001
0.300151186873447 -0.0627303014705218 0.287501956796436 0.222560624718803
0.328724998490402 0.135492215393182 0.06458656684692 0.275923194902771
0.239353219362547 0.310530864871796 -0.143729422361144 0.122594983126361
0.122955366102368 0.340264917068259 -0.0851127727107536 -0.178912679730831
0.00165707996745457 0.235053736083946 -0.169208517913313 -0.266779960364598
0.119847927961276 0.276484404723062 -0.0531991237986004 -0.350734859190908
0.227392278809313 0.186398868464956 -0.0587544889041629 -0.323091330234475
0.248105603071951 0.00870702855175241 -0.0739140736418678 -0.248306872534715
0.194631774762948 -0.0847692320581372 -0.0608594519713771 -0.233640276883458
0.141295747647099 -0.129633193016229 -0.094234818854162 -0.223303600592091
0.0851756166014696 -0.144924062440698 -0.0746218396569602 -0.181564598122916
0.0857997399815659 -0.14717347684776 0.0385484177151614 -0.150244662773609
0.0993740862878064 -0.131428491060133 0.156931172687549 -0.160315767636622
0.142293013608006 -0.133791918506359 0.271894781324782 -0.104760679827281
0.202513061798795 -0.0846502494823048 0.351301025330569 0.0143805203406633
0.237849621354515 -0.00250103902145063 0.289168554003834 0.211712421589724
0.240922030583995 0.166171640351093 0.0602502774470196 0.238705644828822
0.133434744219034 0.295205795003378 -0.133216781174293 0.0550445462069214
0.0241661980742309 0.278653365247998 -0.0739511469222006 -0.274127861438404
-0.0529750730512192 0.120262494201509 -0.202912659298767 -0.327746349870132
0.0394140722486353 0.175463429095723 -0.0916270788257936 -0.348543089754872
0.130995656095459 0.11641973337442 -0.0479401921794763 -0.312315230204043
0.12816865469895 0.00141357968951046 -0.0408611671837955 -0.247715991445233
0.0910522215204983 -0.0341507861628857 -0.0338456066067801 -0.265208379954384
0.080009785711541 -0.0511140006450447 -0.0794333711625349 -0.261216593308132
0.0583678104731807 -0.066281343129218 -0.0501824877692178 -0.22524867267289
0.062599234944993 -0.069949636947483 0.0671450887443594 -0.19112897924667
0.0750722674465448 -0.0614482070856746 0.191831420468049 -0.189164427240196
0.0986032431427653 -0.0599544703093166 0.304183989200261 -0.111699123293351
0.12684157327768 -0.0224070228504225 0.366638183729209 0.0232103105339768
0.151471759108746 0.0255601422559277 0.281707622218379 0.207923644927513
0.144357671505925 0.154337194472331 0.0699098893989711 0.207454078218036
0.0304656008613162 0.225973847620738 -0.0911448071475188 0.00915516589079309
-0.061955707990354 0.171020678357251 -0.0308326667673108 -0.328557769509217
0.0882615353983926 -0.0350521437080282 0.0640456525817202 0.350262326205905
-0.000405218923061878 -0.121060220534303 0.132121932904819 0.0182696574177616
-0.0758608134558899 -0.0629025640536196 -0.0672277057711173 -0.21281980893543
-0.0562257751847893 0.0141784091897924 -0.287470736617599 -0.224739564470388
-0.0210805871119345 0.012560021038367 -0.411056305839348 -0.0357005507578326
-0.0190213803137513 -0.00673636267503194 -0.348205099111344 0.146253320371505
-0.0240842751653589 -0.0126436162337192 -0.203455599727239 0.227099472311361
-0.0339080487940569 -0.0315664060772633 -0.0658237376077617 0.258262920230475
-0.0341091574653581 -0.0308321454577144 0.0559818536441474 0.247631353801237
-0.0278087069713949 -0.036899549318927 0.113571483648787 0.277412968478758
0.00665483084132979 -0.0385845266203521 0.0944170021008549 0.29924235949009
0.00356492002079718 -0.012553336316572 0.0650990102363756 0.296101930087796
-0.00338492543588663 -0.0437192271385944 0.0428038324663815 0.328762666949466
0.0675125101053362 -0.0830414201893371 0.0748183015004911 0.380662954614734
0.108508137104346 -0.007984924906707 0.239906512731972 0.357584266491784
0.115083215483625 0.0968244792083696 0.0294627479090733 0.33066939171737
0.0704197475354568 0.00066993339354889 0.104108815668687 -0.00395452366182058
0.00810321653798652 0.00627611724129718 -0.0823482925477394 -0.215062006231977
0.0354258271697075 0.0263600764665643 -0.281177007780251 -0.230371896388138
0.070119452001518 -0.0161615602300851 -0.392650217373174 -0.0570678032068963
0.0504794922415143 -0.0684163561463362 -0.344340259411956 0.112639358107774
0.015965164318269 -0.0909049056968491 -0.214925552456016 0.199255224519728
-0.00310339485215704 -0.123425527803599 -0.0734123025797646 0.229766802124682
-0.00706218740531819 -0.12508826224216 0.0579718507353078 0.213248313059544
0.0192168479950009 -0.14708274935384 0.142879727298715 0.237566569713562
0.105394785067621 -0.140581902055599 0.15294464128081 0.273265104053134
0.147558113262222 -0.066023878172398 0.119035102038292 0.304544985970512
0.156982183155589 -0.000667877478671749 0.0508863922439261 0.33573888035763
0.196547156046086 0.0425770805267875 0.0421319267018783 0.338398794070114
0.200193079597441 0.130055327235894 0.186719464742732 0.288922868063723
0.12171934814325 0.219272228750437 -0.00367536488654818 0.256205215936635
0.132691414492144 0.135558337318791 0.0906703429310073 -0.0677725794495946
0.10597415703897 0.0906073250939397 -0.0893848798921442 -0.250418827071834
0.140685862110566 0.0368821242609476 -0.275202347631674 -0.247147127048755
0.160713179787914 -0.0483931954679733 -0.360706010118906 -0.0795934164497383
0.117760783381093 -0.126610277276993 -0.317897106326041 0.0675808321910258
0.0549493622729323 -0.15845916988491 -0.210237904746936 0.147045913649068
0.028130917302437 -0.195956858443871 -0.0713361343071446 0.171288029464958
0.0198302361915945 -0.196984666749932 0.0637589787147606 0.144433657599026
0.0544333884422189 -0.232563205679231 0.171140751981378 0.159367145959952
0.171828468717797 -0.226836694993333 0.21786825101419 0.208809166251917
0.250226206317484 -0.129300922022156 0.193563519495378 0.2913136244695
0.291859156830651 0.0126499002334478 0.073276337666138 0.339984920481212
0.30309084629703 0.138530696672586 -0.00442652479449524 0.297841588841286
0.263982661008616 0.239943252783737 0.10441710950694 0.189782238929391
0.11507932209429 0.30977682079579 -0.0381512065165048 0.135469995536275
0.185479235766005 0.253999151735582 0.0757859443437497 -0.158545305513313
0.208652455281225 0.167250805310654 -0.0871919867457754 -0.297699484328395
0.246580022618962 0.0337578545920498 -0.253239843145188 -0.264643213238147
0.237345362680888 -0.0879339283580402 -0.307227059126033 -0.107560198098401
0.167900586408566 -0.176923237835283 -0.272041706060018 0.0068702966901059
0.0836902693537213 -0.206995820973021 -0.188754355309104 0.0733466653514088
0.0548820015460779 -0.239095095558976 -0.0581006587334667 0.090190490855308
0.047236793164455 -0.235954478045686 0.0728457039641551 0.056013730920297
0.0855657797710109 -0.275399019825784 0.193057981623619 0.0642819655666054
0.212647408883826 -0.268154784913251 0.270852689503475 0.125582767831516
0.306555947643172 -0.166610316350705 0.258580368020061 0.260356799409779
0.375380932545539 0.0226784023952171 0.091966025398301 0.332477640171833
0.360608181641504 0.210476859145285 -0.0589742004683189 0.255965212145002
0.278860333047997 0.315287274551547 0.0139031252268315 0.0707508354879419
0.0977269664524702 0.347343396753645 -0.0829312676237315 -0.0104838590787627
0.213516832847509 0.325323642684994 0.0390888868302025 -0.253550616854671
0.284241869795037 0.212365744085976 -0.0849707501682851 -0.330541330690041
0.318297449399987 0.019243874895917 -0.210559885581578 -0.270480577530892
0.277657285741628 -0.121150573623172 -0.230379386577145 -0.146828062936448
0.189372381310017 -0.205463731695826 -0.212700252667228 -0.0690828386150553
0.0965136180170353 -0.226745556532668 -0.156354979024408 -0.0139386322520708
0.0734867687739721 -0.247063081480837 -0.0345756950554434 -0.000934790871217382
0.0736070386419324 -0.236663129911853 0.0890752577650083 -0.0373564388173124
0.117066301420177 -0.270995527545492 0.212188208327893 -0.0272246498285949
0.23617904305254 -0.253587558746986 0.309190066254338 0.0495882974327002
0.324678556404707 -0.149409342831872 0.299047965258976 0.225933393630989
0.394322881889062 0.0575655629002362 0.0958068657488785 0.312017013806493
0.348498926527035 0.267241028332321 -0.109380179015363 0.204053013872915
0.238089300096925 0.351286757737517 -0.0613879719012939 -0.0548655117288112
0.0669225993099115 0.324940867471746 -0.136525861337006 -0.154525003599436
0.20286966102042 0.33103235828644 -0.0215579483332257 -0.325374290836228
0.300108066028878 0.214501156718609 -0.0851695195033847 -0.338706025312865
0.324705111335674 0.000329045301717917 -0.149813769750521 -0.261632200657168
0.261842385604959 -0.129755195530739 -0.145768357557522 -0.193252856452667
0.176564170516128 -0.197945698759538 -0.155921566853062 -0.152152546689699
0.0925701601248726 -0.210123339211616 -0.121676165873907 -0.103098789410372
0.0808352457509339 -0.218902593640188 -0.00433040612740603 -0.0886053112710108
0.0904342063024736 -0.203430061284363 0.114473926214969 -0.120536356807916
0.138360112652974 -0.22375366948404 0.237529083520074 -0.0961011494253729
0.2366969395759 -0.189469205240023 0.338950981405146 0.000455942984494485
0.303268648827112 -0.0888705160274838 0.315196364438441 0.202328504315703
0.350320972058474 0.11073681411659 0.0873655016917239 0.28073066900539
0.274084194491001 0.300364376136838 -0.138763760868827 0.138536282361292
0.151606394203681 0.342360346322017 -0.101529462851695 -0.175312050291001
0.0194141667517878 0.244978547081452 -0.193064696326878 -0.265363256088459
0.148092860983439 0.275041376753845 -0.0835803339105153 -0.360289291407888
0.250585249374139 0.172457312739283 -0.0818825271302311 -0.327912945566711
0.25558799813181 -0.0130687283067788 -0.0925182712112282 -0.250572579216575
0.192405369168243 -0.104813783220418 -0.0795881792626239 -0.238089681555355
0.134650962334101 -0.147572498311514 -0.116973608636564 -0.222678599880582
0.0764433779148307 -0.157135089179022 -0.0910887120322451 -0.17930105405189
0.0757935403669049 -0.159035214961766 0.0270071285190238 -0.160440201381971
0.0921033027040122 -0.144184605012612 0.148224963706504 -0.181596629923238
0.134827629342318 -0.150752449819721 0.271136653541187 -0.132746535837087
0.202029608943301 -0.104939296236558 0.363407272143408 -0.0165327808157616
0.24405692408368 -0.0204999850918928 0.315672795043506 0.192263024317719
0.26170377689805 0.149823600007853 0.0803840096504164 0.241665575490047
0.161632417867713 0.292241197482958 -0.133749544156836 0.0682497225986121
0.0457005647230256 0.285868320258429 -0.0975173455309614 -0.273388176370925
-0.0463860558707338 0.130230209599496 -0.233593427642265 -0.324663063170269
0.0555507180439667 0.177291788032358 -0.123242501890782 -0.354209123299691
0.144700855079759 0.107435326711938 -0.0722911486636349 -0.318764505025688
0.130650608600543 -0.0100393734865789 -0.0578935869261949 -0.252067113196079
0.0903457179985809 -0.0430200210078894 -0.0543848392674727 -0.272438621597596
0.0783816360771907 -0.0600039503186469 -0.102830146218429 -0.261688202387146
0.0552462249366245 -0.0737239535180019 -0.0698359821959709 -0.227095506790856
0.0587394938206725 -0.0772771584264613 0.0539842803025866 -0.205244194806349
0.0719725091557964 -0.0692767603868906 0.181912674551198 -0.214176682520214
0.0960186040095999 -0.0700983477998487 0.30332558718324 -0.141395897826599
0.128885552797397 -0.0332769971015866 0.380611835903788 -0.00675839519439944
0.156756689316565 0.0153428997161487 0.307821626136105 0.188770006645044
0.160235873949991 0.146219560563626 0.0874200984506396 0.208193353876132
0.049457879892162 0.229857269506122 -0.0937023872005234 0.0170367605464336
-0.0499739958326222 0.181953785012025 -0.0590647446857987 -0.332805245770693
0.0858226448975719 -0.0421499700419841 0.0961465159308004 0.34539252668159
-0.0112809108418938 -0.120599023528548 0.13563572461211 0.00280875561108819
-0.0798977653405416 -0.0562737030059109 -0.0848167947886528 -0.208400855518945
-0.0540553366624492 0.0189981299445783 -0.30613391884504 -0.201521031120021
-0.0202116860130521 0.0140257193107137 -0.416080268459887 -0.000305406745528095
-0.0205217869051093 -0.0051982915805534 -0.338590024845184 0.177855227442343
-0.0260706600061677 -0.0125574555926818 -0.185766262842767 0.244753189980237
-0.0376622989333981 -0.0295655176093635 -0.0444363385481777 0.265168021524637
-0.0372734302529932 -0.0291793561105771 0.0761770593930761 0.244169903262533
-0.0298677885068992 -0.0355117561291987 0.138298197624218 0.270057680225327
0.00469441906885807 -0.0404614985374668 0.121097083591856 0.294017688109098
0.0040222423256975 -0.0131032211545287 0.0867027430808301 0.292324298692726
-0.00545330657902674 -0.0434840508162386 0.0681016670348847 0.331776988552224
0.0591715978500218 -0.0888890547624995 0.106926815212003 0.378886675502708
0.10714447267126 -0.0145879639081017 0.268954000637672 0.338493482347176
0.123203838792414 0.0897062986797236 0.0588731710583861 0.329594862137456
0.0704291051340509 -0.00430082210892095 0.105475050569198 -0.0164175651217136
0.00995059830868281 0.00772237381301359 -0.0980589158705615 -0.20970160902942
0.0384983995424602 0.0238665991950196 -0.30010177863946 -0.208899883356368
0.0696583008633415 -0.0228654488150921 -0.399074786096131 -0.0239942466892877
0.0442543825649744 -0.0743991355194843 -0.337617326080858 0.142530596806758
0.0077039706654115 -0.0943042878238878 -0.199687781912148 0.217594463980927
-0.0151535009266647 -0.12482279572635 -0.0552024941214559 0.23867815024373
-0.0179268459998603 -0.12587371470862 0.0751496065150146 0.207978340297321
0.00749667765900265 -0.150984216304035 0.164050338115252 0.226240215818916
0.0948027021865499 -0.152744546572307 0.17729026230713 0.261918629881193
0.144487380126506 -0.0801754019544158 0.14206591836208 0.296213930423941
0.160341653280376 -0.0138576813339391 0.0760384510306523 0.337932929150208
0.200101052079857 0.0258251834923447 0.0699310827103494 0.338421659201521
0.209896276684505 0.116668821547537 0.210274664270073 0.273978485074409
0.138873102416822 0.213912753540317 0.0193592098074161 0.257427923762845
0.144821506159269 0.126250316131284 0.0868723721814832 -0.0790284508160993
0.115568504221318 0.0843793600630093 -0.106158566262136 -0.245492083992098
0.145306688921964 0.0250392146135707 -0.296408444975614 -0.225705808295943
0.157283851887261 -0.0636651150948313 -0.368251621065639 -0.049058241402095
0.106615937118662 -0.138562032929208 -0.314954557433084 0.09413482754792
0.0417721587564839 -0.16582550353102 -0.197745873524756 0.165119826588621
0.0107929598766889 -0.201479088966882 -0.0577931834909988 0.178481843891391
0.00329631905911042 -0.200826484715231 0.0747480411303231 0.13780831494243
0.0362332847891553 -0.23953154825976 0.185163500471707 0.14458110618017
0.153198306781745 -0.244890614298452 0.23773320301981 0.190805451419077
0.241736903140944 -0.152737252963061 0.216159566350287 0.274744854311968
0.296907161241723 -0.0126184907509543 0.0990950505583615 0.338863275493844
0.317597218787499 0.112877471122265 0.0203123385946969 0.301579282838463
0.282625234995295 0.222452109476349 0.120554413752599 0.181278693240286
0.140292623259456 0.306005375118685 -0.0256274646304727 0.138149452768094
0.208481679555156 0.240482256163148 0.0639102822378844 -0.168513468534553
0.225207783789993 0.152764484376036 -0.106423189670687 -0.292406751166435
0.251514065585205 0.0135243473470272 -0.274598030378289 -0.245032819974932
0.231253297707024 -0.109585879898697 -0.315624905134954 -0.0824246112609294
0.153094852699592 -0.194609701436427 -0.273756923773018 0.029531655420647
0.0671146014378544 -0.217437953132111 -0.181867392905312 0.0909954514287415
0.0332134970070832 -0.246552811966087 -0.051196854256914 0.0957398893028667
0.0273967332379757 -0.242403658704979 0.0763317716614663 0.0469093894487524
0.0630673373153904 -0.285977540533437 0.198773863629523 0.0456933120904647
0.190424062659894 -0.291364165024007 0.283653588260792 0.102257750935981
0.294445034071572 -0.193853248527455 0.279277509400439 0.236955125661196
0.38184084519439 -0.0090604839187241 0.118161586717678 0.328934386445583
0.381319541191975 0.181337042691623 -0.038647902415765 0.263433026288276
0.302980034930466 0.29557191323868 0.0206093899881447 0.0704176886011122
0.126097940559096 0.345992996972085 -0.0832834971522397 -0.00631999752111797
0.24360606566906 0.309870176508516 0.0186023873003251 -0.259514788149209
0.304885134692037 0.191675887580504 -0.106202809815002 -0.326471400701152
0.322028756290758 -0.00766428325481051 -0.230709035453002 -0.254553908477201
0.268042200585757 -0.147592505240692 -0.241669459757411 -0.129528698734438
0.172251221163813 -0.22556425677219 -0.220852869578336 -0.0523458353295507
0.0784196901126124 -0.237955479358607 -0.156391443845226 0.000826263849386692
0.0518779249416072 -0.256156668558534 -0.0358021435591483 0.0013910025288377
0.0544013843999508 -0.245079045584196 0.0847390672687149 -0.0483637233611535
0.0950645824736979 -0.283654949975087 0.209617231047555 -0.0475500025879008
0.21614923655761 -0.277346087398033 0.314956545209444 0.0219071562306475
0.313107106627084 -0.178059632587321 0.318548275792263 0.199377624076416
0.402653333311987 0.0237648447560612 0.119832336553748 0.307192155770545
0.374426092061519 0.238891287825349 -0.0950580291078171 0.215349309102705
0.264113365681943 0.335728317395829 -0.065252882034762 -0.0484851142638357
0.0934485495504169 0.324546118942316 -0.149441537028608 -0.147357111719145
0.232679280677833 0.316023601566807 -0.0481749547069524 -0.32760076526822
0.321291945419661 0.19010929810878 -0.10681600152617 -0.335085447357862
0.326615405247754 -0.0275816646821337 -0.168466890372021 -0.25055900389147
0.251579484299948 -0.155050362771361 -0.159353309534832 -0.182993473402814
0.159621080822367 -0.216577435137009 -0.170313752424288 -0.14046660638353
0.0766165583385003 -0.220963602952959 -0.128278341627062 -0.0919174492169935
0.0615783246832669 -0.227683283172733 -0.0124947302033163 -0.0906097984049885
0.0751389866485259 -0.21229975841032 0.103407360815265 -0.134638623714168
0.119774254928841 -0.238228656479963 0.228952685147277 -0.118387930824499
0.221709082771133 -0.212325562213387 0.342036777629842 -0.0294031940724817
0.297018380854104 -0.11458407095234 0.333579869612924 0.173075791050165
0.361202470485 0.0806379113499237 0.108647182740501 0.274846014593608
0.302143394654081 0.278051946623111 -0.129579943361773 0.151145445146855
0.178668321674973 0.334205734423807 -0.115305531869415 -0.165516729081692
0.03901350969661 0.247709697614006 -0.214766711592962 -0.25383520939338
0.172445877814782 0.263236211952806 -0.113273346971786 -0.356734217644911
0.267199219956922 0.151308077945453 -0.104611272508898 -0.324008967591966
0.254954240015018 -0.0353919260707936 -0.108549149231061 -0.245271207989074
0.183442575051504 -0.123173517680247 -0.0966182196272309 -0.235668041301131
0.121941397072471 -0.161251481346213 -0.135887511013031 -0.214643913340698
0.0646752773764942 -0.165462451408562 -0.10507507435202 -0.171259167347145
0.0618794989715892 -0.167028785269446 0.0136178987879323 -0.166605969990576
0.0810618194757588 -0.152913763971926 0.132496423601971 -0.199422078866203
0.122360179376374 -0.162761181953841 0.260127146036945 -0.157998546609827
0.193685740843621 -0.122251999488909 0.364973603023006 -0.0477276803875142
0.241876397093569 -0.0403364500368048 0.332972933960816 0.163498179860834
0.274703520562648 0.128528960600604 0.0986883490918212 0.236490376952895
0.187390412455059 0.279748520283229 -0.129669023991645 0.0802288396529432
0.0677858085005111 0.284618017743426 -0.120022215523095 -0.263639083220321
-0.0363040408542098 0.136261143974339 -0.260750940387944 -0.310490883693179
0.0709581355982507 0.172177039397773 -0.152714564495574 -0.346782349651036
0.154018696635491 0.093695896169834 -0.0958350487352107 -0.314559984945999
0.128924467753701 -0.0223583520962867 -0.0744768259192578 -0.249731469988716
0.0853091010953725 -0.0510465595568117 -0.0752247984135026 -0.271829633047883
0.0737355827641732 -0.0680061598007554 -0.125839336233926 -0.254774036474118
0.0500412592742754 -0.0786935626917084 -0.0886253149475859 -0.221038764387374
0.0515539017718654 -0.0825707665129693 0.0369470027988396 -0.213840591448449
0.0669237636485736 -0.0753908430772208 0.164226691408683 -0.234781032976504
0.0904606301672438 -0.0778726068004578 0.292928475898698 -0.168971558877857
0.127061715896931 -0.0436788179375376 0.382075023711526 -0.0392002436751526
0.157407835769781 0.00346602300910369 0.324373768828749 0.161984455554262
0.171910491857825 0.13250260828976 0.103358157213751 0.202623017938778
0.0684863490280312 0.226502544364543 -0.0935196908520586 0.0259420308812798
-0.0361439994731308 0.187600726901714 -0.0874713203949423 -0.326343208413248
0.0817609890679419 -0.0468718589283326 0.119236540730566 0.333634502850555
-0.0202321224227795 -0.116841681738503 0.134541411137934 -0.0101583199905005
-0.0811821102338331 -0.0495895764949305 -0.0959980451940911 -0.201388336607266
-0.0512179291519676 0.0214595196718581 -0.313590156482428 -0.179658019322743
-0.018266765120124 0.0148959251693179 -0.410416946150141 0.0293759301482155
-0.0211855547700944 -0.00402327250265086 -0.322416760182356 0.199594176525669
-0.0274245600311103 -0.0120569554386065 -0.167559272234155 0.252961370191357
-0.0405537445157667 -0.0267975069194328 -0.0252050943125992 0.266327337655164
-0.0392921197685819 -0.0268559667686337 0.090993318944503 0.236545975877007
-0.0304584788851943 -0.0343460652587538 0.155738460433425 0.258520050646174
0.00260556020318144 -0.0423321717813 0.138473963709908 0.283973671331214
0.00430958416815082 -0.0140531946181525 0.100999355137651 0.285021657646801
-0.00704625314282822 -0.0427268329360634 0.0881311831421475 0.327765890981994
0.0498768719641576 -0.0908239525478965 0.13098795746781 0.369802772828689
0.103044321006062 -0.0186318707438431 0.285390898532956 0.317667295832593
0.127290264806156 0.0824485308802805 0.0819120997183254 0.320174236612425
0.0689074007775098 -0.00790761164279758 0.102559666274154 -0.0269766511085155
0.0123412674631401 0.00792334914033816 -0.107377074100891 -0.202256833691029
0.0410087224447967 0.0211183709027231 -0.308515922407211 -0.186514995293188
0.067259611490266 -0.0282180755570159 -0.3950607150216 0.00304958676121019
0.0381206653297185 -0.0770788184591708 -0.324485001147093 0.164178528925585
0.000584717632109568 -0.0962172308388321 -0.18281014915775 0.227450438413449
-0.0243317835438391 -0.123142239545352 -0.0386719988294296 0.240007034678586
-0.0263578527274953 -0.124795684574624 0.0867409652939299 0.200284599360269
-0.00186050395767681 -0.151027797079857 0.176817606110191 0.211819050861946
0.0835044728053787 -0.159971895148925 0.193769387881293 0.247562667496875
0.138659032358918 -0.0896066374891248 0.156896805753555 0.283054438967025
0.159443806030645 -0.025099333848952 0.0965271437629271 0.332563381159371
0.198682340613477 0.012985764191955 0.0917837509794897 0.331661936074311
0.212955472722204 0.104178378455017 0.224010376776869 0.25803220642974
0.151662044101987 0.205797000467342 0.0368073582569123 0.251131875480197
0.152020310561428 0.115370102134602 0.0808141032829305 -0.0879591518826763
0.122267599814185 0.0778944822213131 -0.116083841687696 -0.236148903414649
0.146247460293637 0.0162070844506386 -0.304727477713157 -0.204296419653222
0.152387955425961 -0.0746632026230214 -0.366371748266164 -0.0246681151248006
0.0953422589386318 -0.145647307100664 -0.306376947882594 0.114508501504534
0.0299860177571341 -0.168864374311609 -0.184391384894001 0.176179437282564
-0.00471683889490657 -0.200930922581154 -0.0466192608184172 0.180879554895765
-0.0101850736082018 -0.200568353847265 0.0805450433786885 0.130194956116395
0.0190832322482391 -0.24096896853263 0.192102066271319 0.128777226599652
0.135177967031871 -0.255881750873776 0.247964941709585 0.172214803196645
0.229508920825088 -0.167914697884319 0.229169035348237 0.255828946376817
0.295253531548142 -0.0330998782201525 0.11924836548074 0.332032726531755
0.322493268155926 0.0908348133437518 0.0394821083438604 0.297766727612273
0.291011081643998 0.204104466059345 0.129838074931714 0.171938582959738
0.159651921429093 0.297852500622223 -0.0160787854035328 0.136308573705046
0.222703955132015 0.223225015945863 0.0523827448150691 -0.173120277427848
0.235425757436299 0.137576692801272 -0.118430440285028 -0.283829303298393
0.25068353649233 -0.00333444229641427 -0.284680683712805 -0.224375011155604
0.221498329295423 -0.125676009563486 -0.316173876998234 -0.0615951379002127
0.137462417652727 -0.204331180218304 -0.26978389899582 0.0466540262064334
0.0523611864897986 -0.220920899930831 -0.172977552296727 0.101826806314424
0.0154968032175535 -0.247557885937994 -0.0461520167276916 0.0975704606541339
0.0123396423986426 -0.24294541017129 0.0760253321885095 0.0394966568974389
0.0433828876005192 -0.288546914135195 0.197659061493293 0.0296985168621025
0.169068924306861 -0.303707184607033 0.288095988418484 0.0803579172648269
0.27987173703179 -0.212530626906999 0.289400156775068 0.213238459259015
0.378623477149376 -0.036314256225388 0.136517795697645 0.320320200292755
0.390896069057198 0.153081733104667 -0.022144393194384 0.264333373681751
0.316386139053529 0.275629374309638 0.024872876512402 0.070178220631167
0.147616198893845 0.338592525484036 -0.0814875276101036 -0.00260509923447673
0.261906154251206 0.288685381405826 0.000948271975455072 -0.260488690095104
0.316341974757414 0.170383502519819 -0.120195849622038 -0.317162013622434
0.319287391575404 -0.0292150160571385 -0.241638864731828 -0.236897512012944
0.255190477899364 -0.164553982271384 -0.24437692482215 -0.114487172074744
0.153696228605287 -0.23675921299416 -0.222726401111736 -0.0377824741663934
0.0623992975020731 -0.242822650214215 -0.152907615415164 0.0111925676018019
0.0333422695361565 -0.257814892691989 -0.0365902376483794 0.00273564564268728
0.0391782881371405 -0.247051015923916 0.0776536201271962 -0.0568312313887183
0.0749252403025963 -0.288582222021818 0.201952507720973 -0.0629668802131127
0.19452705393856 -0.291893525852237 0.313199720906582 -0.00110795312831571
0.298220237374818 -0.196670915215403 0.32626922916129 0.172732213298938
0.399880636086028 -0.00399599142701903 0.136779305346212 0.297655737658944
0.388466294663315 0.209951151342896 -0.0805143220059037 0.220026959575179
0.280466805708762 0.31704124808288 -0.067049816663673 -0.0419089118945659
0.114045482953056 0.318733423848405 -0.156812232239034 -0.137757922611869
0.252481254029992 0.294889444428344 -0.0690244875868597 -0.322561016211488
0.331834800948322 0.167413527214401 -0.12089162891286 -0.325809645153191
0.320165075251561 -0.0496491830991612 -0.178851343203597 -0.237071802045537
0.237918187210319 -0.17120607449321 -0.166979828459087 -0.173996992423751
0.142488191012863 -0.227002190215555 -0.178592007863148 -0.128320321181084
0.0611114690624434 -0.225676450263095 -0.131446829495395 -0.0815006441931049
0.0445091737677158 -0.22978868561161 -0.0191938793586881 -0.0906270617951677
0.0610794036779761 -0.215792408528727 0.0907774433816591 -0.144015188351997
0.102231831939367 -0.244236525803852 0.217175908341782 -0.134410095964677
0.205174763570531 -0.226697422083351 0.336644558573132 -0.0550765335891883
0.285732499683515 -0.132405631662434 0.339880515953953 0.146519695368824
0.362824897083936 0.0552941810076583 0.123804672973168 0.266364045691243
0.317819006140939 0.253738662429131 -0.119822486641422 0.159207684551251
0.195956356921711 0.320246944598261 -0.123444685724496 -0.153436963574927
0.0548981521664735 0.245701014447899 -0.227678484168885 -0.240511821792629
0.188729613225435 0.246865096553924 -0.134783043815631 -0.346396522933075
0.27434018053873 0.131513808315717 -0.119060375059388 -0.315072379204558
0.248841090477441 -0.0526223939359944 -0.119151239404281 -0.235990441268671
0.171304236323617 -0.134362310788296 -0.107888286021539 -0.229532776833354
0.109305248290316 -0.16989651489787 -0.14883417341089 -0.203840779215472
0.0535256076058012 -0.168690189392818 -0.112842101761466 -0.161464091533772
0.0489247929907876 -0.169279642354863 0.00129491711326788 -0.167847688808615
0.0705434668905254 -0.156355398375183 0.11520525480695 -0.209470754560942
0.1091963705292 -0.17037995579387 0.245217116293131 -0.17517009065757
0.183306517036974 -0.134399577412919 0.358718009920053 -0.0732118515126684
0.235756310679465 -0.0544351835758215 0.33852199952944 0.137262052037126
0.279029575202808 0.108043434172297 0.110350362771852 0.227697219041232
0.203367681195017 0.26364452345054 -0.123798281472816 0.0890760798559515
0.0839833514649328 0.277531998502937 -0.133928803066987 -0.250036397774691
-0.0264995586271906 0.139318870203891 -0.276158981904624 -0.294469452076984
0.081450753474085 0.164141210656877 -0.172461218896218 -0.333613265042143
0.157937539856157 0.0812828233872476 -0.111777261801975 -0.306257000071678
0.124050320013773 -0.0308512321934993 -0.0846180256076451 -0.244199168643455
0.0795225534335035 -0.0560519039661081 -0.091493601179371 -0.267186128265144
0.0679781619256364 -0.0729816359221316 -0.141345290112935 -0.244016655981289
0.045018346993077 -0.0819566441816825 -0.10058078203486 -0.21195396191055
0.0443918704219906 -0.083971414259874 0.0218745366898321 -0.217476164094627
0.0610141357843159 -0.0790715048949714 0.144854854033041 -0.245326637678062
0.0837271639359814 -0.0830047903581062 0.27754770446415 -0.187570029137173
0.122474632663205 -0.0508764759039113 0.37592379227643 -0.0655434686489869
0.154726538949549 -0.00482417314999979 0.330296391208775 0.136979451146543
0.177495633948808 0.118447325246489 0.113536433128957 0.193193610730744
0.0814009444805069 0.219240804317141 -0.0919039468307097 0.0332899643348775
-0.0231915371963101 0.187839693528599 -0.105986668097524 -0.313607396022059
0.0962449186173031 -0.00732143809051634 -0.0234814137034882 0.343370177839449
0.0285916012408141 -0.112561167170849 0.120961008990757 0.0394396941746969
-0.0531742295413859 -0.0775072597040059 -0.011795046460426 -0.218854917368233
-0.053128004409024 -5.40900751976118E-05 -0.220639766497114 -0.284924422083521
-0.0180034502741351 0.00642290444181839 -0.387364054753595 -0.131296550991062
-0.0163440900798631 -0.0129486017122771 -0.372607629486738 0.0600680535458681
-0.0211980586792725 -0.0236797798085378 -0.253051413651764 0.166355482226935
-0.0280850545606826 -0.0406607596175079 -0.124565160034802 0.235561169948744
-0.0245961375941533 -0.0402519184322782 -0.0084847161301882 0.250303984757507
-0.0119322776396035 -0.043719029488086 0.0445260802133083 0.296707531296813
0.0224923355678777 -0.0395099224676445 0.0168147234905672 0.312169267674797
0.0152438556697399 -0.0107651445458363 -0.0219465077561152 0.299841676853011
0.0155304686610638 -0.0403806588361435 -0.0469567093063936 0.334007008126716
0.0810836025976262 -0.063072158890367 -0.0133227129520904 0.390952353381758
0.1072732142199 0.0228628073588852 0.136836750414858 0.406229760068843
0.083021191928927 0.134026828034364 -0.0412303581474524 0.309572695776948
0.06460428646226 0.02215585810684 0.105333448100963 0.0079889196022733
0.00923245380470019 0.0140407688408867 -0.01604591499945 -0.229689695861469
0.0290994401184356 0.037122203100165 -0.211333103867763 -0.295417054563015
0.0762500094853646 0.00131249958726064 -0.364538107676124 -0.154509820063703
0.0654049988463838 -0.0565495172771576 -0.362866882438227 0.0219746881836622
0.0369518741788161 -0.0886181640500979 -0.257664697886692 0.136075597131138
0.0226284837114673 -0.123313350488063 -0.127550426537624 0.205523210251723
0.0246484036131088 -0.125585612361076 0.0029224082114037 0.214584852503075
0.0559635267153028 -0.141777822178208 0.0846852786251137 0.261088395488219
0.139942356880037 -0.119928047974609 0.0819571560589607 0.298801421991738
0.166751688992819 -0.0323946474754821 0.0325039168124714 0.320726637469296
0.165905159042554 0.0350180850452069 -0.039858821323788 0.345041960146833
0.183430576633607 0.0848338606135271 -0.0374352224613764 0.348576325809234
0.165761729774903 0.175967902007902 0.0954302187668445 0.331385398347407
0.0532504255253447 0.260810839612287 -0.0422436863899455 0.222644692825941
0.0893491672322835 0.167471448367056 0.116335909539689 -0.0597124548488545
0.0810254735087398 0.121712509802663 -0.00324180932488599 -0.27223188084321
0.125719305468214 0.0758634736479691 -0.198588737737788 -0.316653203530198
0.171229889552344 -0.00664997321284123 -0.326947841729197 -0.17424644560225
0.144061605619848 -0.0971758547900308 -0.327416447957715 -0.0214194100002506
0.0925554831572318 -0.143974477832355 -0.23826642368374 0.0867205798270783
0.0701166669245467 -0.187395607628038 -0.112448868043613 0.148905943798058
0.0677478317237162 -0.189821755388862 0.0258396462247977 0.148029670739115
0.107816558294261 -0.217125143123245 0.131193805213337 0.189731907382167
0.221456789148602 -0.191970121255874 0.161447198905399 0.249559648155724
0.279132157582376 -0.0719846373590503 0.111728893228786 0.323326924160562
0.297045457063755 0.0749696945890138 -0.0179753035526469 0.355975393868593
0.271736592814252 0.198953899518069 -0.0760535995642165 0.305342512767178
0.203654874447517 0.295633349206297 0.0373360276155989 0.218534343818097
0.0204071871125232 0.350978348404361 -0.0363984540036589 0.0937361710361206
0.109465786237326 0.293474673056857 0.129571896081281 -0.152950958989055
0.160229897655908 0.222669320928328 0.0192596813328958 -0.323878278898867
0.227221334037567 0.101186769318737 -0.17137982995096 -0.334139749840647
0.253245562896705 -0.0253556817921253 -0.267482146476957 -0.193999468121202
0.204078074832863 -0.133781283496781 -0.268259890390483 -0.0727464669453664
0.133070968666329 -0.183149590671088 -0.198977708252687 0.0220863528763279
0.107041673847239 -0.223602519802333 -0.0805473704702688 0.0720389823616583
0.103909725163171 -0.221051675150183 0.0559265025375495 0.06225460629354
0.145717672269738 -0.253073960319382 0.175151719090838 0.100969254714917
0.269621525300873 -0.22642008783161 0.23365197698771 0.180330322576902
0.341228900192575 -0.0955791696516292 0.186270277294402 0.307242038202421
0.375621877046526 0.101295389139636 0.00323262601609685 0.352809760844923
0.313352337274662 0.280732101871534 -0.122388384653495 0.254968635248012
0.200409239267246 0.37045820443942 -0.0234194850334615 0.0849258491090746
-0.00811077934157574 0.38343429958146 -0.03842326692864 -0.0605065107966398
0.118810874410106 0.369275290058419 0.120075023620015 -0.253481328845042
0.221386491314149 0.284122706685171 0.0339444406253512 -0.361038503310545
0.298620554718578 0.105187011270289 -0.125255148532961 -0.332816429539562
0.298421344113698 -0.0471773495272688 -0.182040081987283 -0.216964652240694
0.232081724056982 -0.156537325061531 -0.192960518787122 -0.133912381757577
0.151291884164755 -0.198808150514523 -0.144979390242226 -0.0525787081923014
0.127770424926118 -0.226473895286283 -0.035428648884743 -0.012454539169548
0.129540281027154 -0.215639504071782 0.0942441268387502 -0.0255578632141335
0.174375410298094 -0.241400673423493 0.214693255251249 0.0170936883685593
0.287282684473279 -0.205369790645633 0.290342269115878 0.115463769770663
0.351977395819659 -0.0749692758883531 0.2364451338847 0.284740108444086
0.384525428410494 0.13794946121825 0.0106902280537732 0.331964476059898
0.289889765516537 0.332086469800221 -0.163001706716725 0.192945301156323
0.151016014029806 0.395236390609404 -0.0661506268469515 -0.0556171511580046
-0.0312002175570589 0.350377717135552 -0.0560917357191032 -0.210431879682374
0.106935019441982 0.370700033220744 0.0799994657475398 -0.337091347565303
0.236740767984738 0.285654603964211 0.034528662673114 -0.371034613944041
0.307770816458554 0.086374924874864 -0.0670011710443883 -0.309907350276058
0.283598947591333 -0.0597794061806284 -0.087318420178676 -0.241241592298392
0.217561707530987 -0.1519271299468 -0.117868748571612 -0.199090731661036
0.143558277941467 -0.182301281052717 -0.0890552437510082 -0.129836707961419
0.12777304840766 -0.1962218167416 0.0159551752726329 -0.0916664503055062
0.138441117460036 -0.178597421218669 0.139612683710996 -0.100342905840413
0.18236479583491 -0.190868715233776 0.255153834485945 -0.0421429914803868
0.272129187436179 -0.140750194769068 0.330099958184377 0.0770883698553371
0.315870179513069 -0.0186584358777392 0.258221003117958 0.265936908406296
0.327746530547097 0.180413890577796 0.0100470408402419 0.296621271668693
0.206728224943532 0.347917073940017 -0.179287621041807 0.120831997678354
0.0687873834843078 0.367415933205777 -0.0730825650541808 -0.183870023629042
-0.0549331173220354 0.256316529914776 -0.0873405510683571 -0.325322710236575
0.0688633354776073 0.300323445530426 0.0256178287078807 -0.380808941509466
0.197335536434794 0.228359591695614 0.0283989259613439 -0.356488506230808
0.242230249164256 0.0536370927912447 -0.0130088615874688 -0.282143721507726
0.207958299646296 -0.0515663603561066 -0.0108269539585744 -0.266039605871094
0.16538006759825 -0.111829851420674 -0.0606385822979427 -0.252883934795985
0.114989095081804 -0.133619285240552 -0.0401523429607438 -0.195847160898461
0.108971637300426 -0.138141645015012 0.0644417974955601 -0.155762733057319
0.124578769837907 -0.120291321121621 0.185678180174864 -0.1498717923775
0.160808941456257 -0.11912618703999 0.29621236746433 -0.0681115544304223
0.219096137150436 -0.0625778490814035 0.357411376491967 0.069705666025417
0.239711580211701 0.0346103125033809 0.259867365523762 0.257476063556426
0.227462133060367 0.19977417784702 0.0113280148336259 0.256047110843179
0.0968097451463457 0.316867732743353 -0.158819512283196 0.0492638901208152
-0.021174353316758 0.287105900949199 -0.0417099093520253 -0.280868523441749
-0.0851053397432119 0.120455307901402 -0.12048942609339 -0.379929656846542
0.006219436757081 0.181520076798532 -0.018332324126657 -0.378684489971704
0.111222004858124 0.134824898623579 0.0266550229483645 -0.336828184300594
0.121926508039685 0.0228692605137622 0.0213641851132512 -0.269316498151294
0.092910197701985 -0.0163342849740713 0.0221248944076544 -0.288473929878155
0.0900430833556293 -0.0395900718130088 -0.0353317591374806 -0.282653444944792
0.0729904129745186 -0.0574438090033241 -0.00926836288041756 -0.235786135305916
0.0718379432996749 -0.0605188156219669 0.102449309118549 -0.193481928030698
0.0853912594820257 -0.0513190594016085 0.226096630693404 -0.171839989985143
0.105279877150209 -0.0482024824649033 0.32992501218291 -0.065861527981543
0.133166158738904 -0.00665527523866021 0.368169392945732 0.0843717596855754
0.146941789740668 0.0502854385612379 0.24969522258042 0.254546897729377
0.127595949557086 0.173180585734068 0.0258212394808655 0.223672635356996
-0.0020033504939884 0.232743229979771 -0.108188586019333 0.00413810970929076
-0.0897349739701717 0.165140563244061 0.0137892020718327 -0.331225589206803
0.0965770206329129 -0.0113856511310252 -0.00736609209635391 0.346622690166765
0.022883110592181 -0.113432485773324 0.123181543925628 0.0318442903489337
-0.055695518843675 -0.0752124447501547 -0.0191787274462513 -0.220176179759634
-0.0526787111920603 0.00227058791906282 -0.232427365383031 -0.278998496269339
-0.0167259436339388 0.00707142130100995 -0.396158358420252 -0.114845150483655
-0.0175374347382437 -0.0127110528089751 -0.373035658954513 0.0789592704438396
-0.0234738443209496 -0.0246314770737523 -0.248608288518195 0.178153066074345
-0.0310192783070016 -0.0398845641144039 -0.115801012998399 0.244546051541716
-0.0268563016919325 -0.0405512242583627 0.00229840635285712 0.25399208519756
-0.0128222697177824 -0.0444579840246304 0.0595150437416769 0.297547829845176
0.0216701950236048 -0.0421506717787544 0.0304996599225222 0.31442632234777
0.0160538628521745 -0.0115664656625493 -0.0130177272594183 0.30492443633127
0.0147833142912124 -0.0415572578200767 -0.0352123766235709 0.342580785166838
0.0768807244629388 -0.0652557833815165 0.00409553371318161 0.39546792044634
0.107592769350366 0.0217927735830463 0.151767936545896 0.403003600982257
0.0892750431272053 0.132989042117307 -0.0261996939523239 0.311027906614219
0.0662075364212795 0.0207465963001861 0.106436189351638 0.000337294836004748
0.0114595007478601 0.0148653183796111 -0.0224094236946645 -0.232247328891107
0.0323080912844774 0.0364631082835926 -0.222678348458668 -0.289699628127491
0.0776042806162374 -0.00278123694779313 -0.3733793758093 -0.13947209686551
0.0633881228054274 -0.061331361909765 -0.364447900325174 0.0390812260224383
0.0329168812199273 -0.0933507830031476 -0.253774595907653 0.148102304140525
0.0164433865176403 -0.126607845544877 -0.119408574373181 0.214553680001105
0.0194395054002173 -0.129365413081469 0.0114527634471156 0.216445592687671
0.0516274392939527 -0.146940293881121 0.0971728433560139 0.258923455513104
0.136013844195232 -0.129911076375918 0.0962390960135435 0.297653291124343
0.168325985178922 -0.0404125928539134 0.0431502677077974 0.321566503697384
0.17069474169045 0.0274478182396015 -0.0264727161291486 0.353285845326203
0.188047459161288 0.0785384762799108 -0.0235247657573763 0.354405251140767
0.172585524816894 0.173633753868486 0.108382488830225 0.329709156388462
0.0646795823070544 0.263605708256992 -0.0323893382556192 0.22474520895125
0.0974026868453629 0.165533569411008 0.113940900553178 -0.0675426490651411
0.0889884425581078 0.120904946165988 -0.0102000665996262 -0.275786213836356
0.131257304121946 0.0712998357603626 -0.211283828327916 -0.311758592372642
0.173101195308592 -0.0155808917486137 -0.33594981170905 -0.162041368229706
0.140913745641074 -0.106038366071831 -0.331534370922467 -0.00644308936581706
0.0868140868775535 -0.152229872160854 -0.236896086124508 0.0980040400944619
0.0615551990465274 -0.193650910150679 -0.107879919685433 0.155566263835888
0.0605538385163664 -0.196417813183235 0.0305052937883961 0.14704286152662
0.0998749388442893 -0.225667401992929 0.140762690782779 0.183611099677918
0.215182016263609 -0.206974931804252 0.175138526080313 0.244211090437807
0.280670348795321 -0.0862213760161215 0.123841601927062 0.319995793156347
0.305833766614771 0.0616628583475168 -0.00412748081472098 0.362482781331924
0.283210454097643 0.189484556822299 -0.0648347746601296 0.31136888013626
0.213942234665612 0.29357081611371 0.0440987594204081 0.218903117142336
0.0362954119022085 0.356695602920283 -0.0325708258698267 0.0933278503717002
0.123934129883023 0.29150650463435 0.123825502088367 -0.161311960730729
0.173787622494527 0.218456688042393 0.0106654969540562 -0.329570104516106
0.234207398190861 0.0928427078785604 -0.183720000302051 -0.330267362074052
0.254861424114519 -0.0393479403182594 -0.27590113678271 -0.184518225769624
0.199932134049504 -0.1462495983599 -0.275034315854847 -0.0611926101594534
0.127026501154843 -0.193502856378494 -0.199591312481267 0.0314658814927086
0.0971806983977123 -0.231565137912578 -0.0785800633550556 0.0761059999566091
0.0968252431779262 -0.230005894339709 0.0566309388234101 0.0583740249467499
0.136420553016524 -0.263425499615534 0.180449886022747 0.0916963571944324
0.260844815660577 -0.244188670285921 0.244886502941673 0.169820585113414
0.341328176724271 -0.113048786392593 0.199288361256861 0.299547040573803
0.386013230809677 0.0847655585487189 0.0165126223261387 0.357869465621601
0.329982893957892 0.26958014097448 -0.113914239194775 0.263177866877817
0.213941607904661 0.368731550253273 -0.0211551007370629 0.0874393008907587
0.00951705350319089 0.391387247909418 -0.0411413320563482 -0.0615581787396275
0.137336380223784 0.367030787344836 0.110140792247893 -0.2621025523695
0.238792476941405 0.277592678568978 0.0233771033777126 -0.368166309919168
0.306887674578936 0.0929910856518114 -0.137017308688058 -0.330726436968378
0.29871174421459 -0.0625893318456542 -0.189385010982994 -0.213866429909647
0.22662943579894 -0.170497339780934 -0.202403314654143 -0.12727621070621
0.144584369432663 -0.209926644706696 -0.147689849166369 -0.0472816608329351
0.117342977508926 -0.235336057332311 -0.0367903520038886 -0.0120299225835469
0.123196683628137 -0.225564860102348 0.0909126436157965 -0.0328625806050037
0.165224376599514 -0.253069707989069 0.216431564790364 0.00512884750959726
0.280398452418863 -0.223468492108051 0.297892197688731 0.101441510821629
0.353713702500556 -0.0917015028755145 0.249309709552231 0.272859546840124
0.396158067465506 0.12113872271399 0.0232518672061736 0.336427532516464
0.308352332713839 0.322013744233325 -0.158520247710495 0.20314014648334
0.165012653558367 0.395075676418988 -0.068697888067033 -0.05220429672155
-0.0151069912172452 0.358821104574246 -0.0648626787050365 -0.212476580978369
0.125165717762413 0.36845955025826 0.066259040774272 -0.344257125898223
0.252942067478747 0.27850736359183 0.0242799102198399 -0.377617376288879
0.313804286007278 0.073418410910697 -0.0764135178834078 -0.309825939199339
0.283020802107927 -0.0739858748418839 -0.0949514091337663 -0.242416555121277
0.212299304855683 -0.16553568888778 -0.128334139584859 -0.195984409234552
0.137722565884658 -0.193257997429001 -0.0939831170145317 -0.12774983165441
0.119125611240199 -0.204533430533026 0.0115506966240405 -0.094664801819558
0.133509336755999 -0.18779800279502 0.132907325316487 -0.11018264065556
0.175779134329068 -0.202017072879436 0.254926096180539 -0.0563555117847396
0.268875405527806 -0.156156707277075 0.337512889139623 0.0605770770867863
0.318598243276936 -0.0328349654710911 0.271240341984291 0.254078048257209
0.338215466271879 0.16691106137261 0.0199374862150059 0.300617652580662
0.224600489322946 0.342344993601773 -0.177167778818761 0.130744719756369
0.0821230297656093 0.370510911384107 -0.0809655311129831 -0.180630408951351
-0.043721704058685 0.263615785287764 -0.100264602688687 -0.325683310480486
0.0834986156377305 0.299335677224705 0.00995916165348049 -0.385476411165639
0.210235364803052 0.220471972336813 0.017615748714817 -0.362230843012078
0.246411789011294 0.0427565989012384 -0.0205051805067581 -0.283811892279244
0.205927279442881 -0.0620918407116116 -0.01925023808907 -0.27143048596119
0.160435685931099 -0.121980007540605 -0.072857896306011 -0.253683861324687
0.11049907209572 -0.14182697921498 -0.0483307026889622 -0.195312729777748
0.102376807542103 -0.144367331753146 0.0581482536630032 -0.161826253890104
0.120872956219237 -0.127442256922722 0.178540003345208 -0.163163478558841
0.156552118259403 -0.12803754744107 0.295674070680089 -0.0837202111568876
0.217948839610565 -0.0734899619506291 0.363938224968025 0.0521158137976004
0.243376921800549 0.025309845722528 0.272286065840898 0.245885367977149
0.237569431253183 0.190595795266239 0.0198352720191764 0.258401091883566
0.110996341364297 0.31493617531372 -0.159939468038766 0.0580925389610739
-0.0118031277133881 0.292019722081117 -0.0530782236358297 -0.279111151187447
-0.0793780731533012 0.127299883519418 -0.134725304441186 -0.381533642955605
0.0145390524563126 0.181907855136657 -0.0332257303260805 -0.380681903475944
0.117907391063851 0.128524990402939 0.0155951592445172 -0.342733934050329
0.121813579629312 0.0170791648921618 0.013996697477675 -0.272970355533091
0.0911388584220606 -0.020484709950435 0.0117345358931256 -0.294580728225118
0.0885026915262968 -0.0453467412649059 -0.0479925908020419 -0.284062139351944
0.0714191455924715 -0.0623261093279001 -0.0182685403509722 -0.238541094963382
0.0687385374156898 -0.0634104878381012 0.0943563690987488 -0.202482527909012
0.0845514366223508 -0.0558238551622946 0.218411508183825 -0.187168325794217
0.10319925765411 -0.0531890866291406 0.329656524573505 -0.0823602843032452
0.13284564480364 -0.0120935811141128 0.376214235522644 0.0670186815419567
0.149909161446223 0.0459690277355601 0.262029098432911 0.244333992570051
0.135428557144492 0.167764846903653 0.0339110645504667 0.224256957557432
0.0079030821070875 0.234612940296349 -0.110276642653727 0.0111163691311835
-0.0845231418841932 0.17059054453077 -3.79946310194081E-05 -0.331856095941864
0.0966222287042396 -0.0164681973508778 0.0123337430591493 0.351723849282667
0.0161437322823797 -0.115382325732128 0.12634237324548 0.0232464154084354
-0.0598837044918408 -0.0730487373597909 -0.0307667300492402 -0.223624661965445
-0.0529588906214318 0.00549228630315455 -0.250767722199293 -0.271868245198375
-0.0154159374085867 0.00724476003939126 -0.409354638617759 -0.0926131058960947
-0.0185936735054667 -0.0124333558361139 -0.373965230833249 0.104318970260708
-0.0269249040378505 -0.0245131197498 -0.243488251326748 0.195490982001239
-0.0348810070619994 -0.039451149121429 -0.103331785685144 0.257334061450983
-0.0296485372895885 -0.0403098120658729 0.0170301831976854 0.259175958182708
-0.0146710899099231 -0.0463063229209287 0.0793702477990449 0.299093991618081
0.0198095974555644 -0.0453885711634817 0.0495450455343236 0.319857883266391
0.0178088798880948 -0.0130929520604919 9.65531070211067E-05 0.313168567475628
0.0135938278675086 -0.0426896089181809 -0.0161415325079844 0.354283944391829
0.0716984299091138 -0.0685391242786061 0.0256199138843118 0.402551561833703
0.110170233535953 0.0190053530243016 0.174317216443038 0.401953249511413
0.0977233873949769 0.131947516762231 -0.00957565128207915 0.317229545107866
0.0676049119088466 0.0176545102955123 0.107114245068302 -0.00691810992262464
0.0143406638215768 0.0151127902294977 -0.0328623252029606 -0.23637833562836
0.0356491400353645 0.0358030126168476 -0.241648995461526 -0.284329330846764
0.0797951545636993 -0.00887725939383005 -0.386708874678096 -0.121043519326588
0.0606589549219981 -0.0676352474486313 -0.367710035408412 0.0626819265115472
0.0266212780509348 -0.0990570703134887 -0.25126743514003 0.165483577417726
0.00857544073683019 -0.130386845403915 -0.109872601550227 0.226553998636745
0.0117847654464602 -0.134782831928616 0.0234685512600365 0.220127900859547
0.0448933596876727 -0.154560430946549 0.114659337249461 0.257207712035354
0.131089822387972 -0.143116877437813 0.115182919098892 0.297273619539267
0.171164459969585 -0.0521972215060164 0.0591653160928645 0.326006124709341
0.177275288177874 0.0175266793845547 -0.0081615737792093 0.364364575413833
0.195424446621152 0.0705338721467983 -0.00493086935782411 0.362277487330757
0.183802727617256 0.170715300243028 0.125581021969929 0.330025915631444
0.0811897336313905 0.266861668610267 -0.0202066099767815 0.228861608061908
0.109306164318848 0.162516329661776 0.111277341623966 -0.0767179538735461
0.100357768066126 0.11861076103576 -0.0222413868912082 -0.282051090573918
0.139093704480641 0.0656845694114314 -0.230240267679857 -0.305770533034441
0.1752804551979 -0.0279568923716519 -0.349375357772926 -0.146704881545661
0.136449082053544 -0.118421815939451 -0.337654450288892 0.0138247501650724
0.0789300337806923 -0.163051581899684 -0.23665407860378 0.113130031067918
0.0501294292812222 -0.202454201957623 -0.100455358702913 0.165562428118547
0.0508000147808511 -0.206209779852552 0.0374321285356862 0.146991606601357
0.0890647492667795 -0.238133672402666 0.153636025927432 0.177226990907169
0.20603408136019 -0.227507107572214 0.192427142000992 0.237907332665127
0.282016545505082 -0.106269529162255 0.141338930422051 0.31779386285238
0.316869460838617 0.0435844491876874 0.0152174563499114 0.37195411303645
0.299975285141948 0.177451622550822 -0.0500587920476774 0.321336064632158
0.233016111407772 0.289978111837412 0.0557607421170502 0.221517680835039
0.0583292759984146 0.364011030525369 -0.0279627474857573 0.0959148426078129
0.143644212322776 0.289410419753037 0.116394236787535 -0.172342035568073
0.192719392611114 0.214196038964171 -0.00293969245154767 -0.338431959760238
0.24593715070992 0.0810399467409631 -0.201918257581653 -0.326532484211324
0.257409632494588 -0.0565448909457376 -0.288865349424714 -0.174400321900923
0.194154925024575 -0.163756325451707 -0.284201673113489 -0.0464908196993664
0.116701149818963 -0.207985134277048 -0.201450598061488 0.0426862551062388
0.0837315597827 -0.243233818266155 -0.0766371567633065 0.0822949869228169
0.0860962571863358 -0.243028338457275 0.0580940429272868 0.0547930347692714
0.124130568005026 -0.278207954501766 0.187924114229688 0.0804686498857301
0.250798731265575 -0.267068904995229 0.259178650648275 0.157170286280712
0.342948868380817 -0.136089200770893 0.217013784025334 0.292066706355287
0.400679330970028 0.0617848717096226 0.0353668058946006 0.365339408112752
0.353229602883762 0.255556833881872 -0.10320839057362 0.27631299238334
0.237205818381506 0.367800727460468 -0.0186688483568277 0.0911623862444077
0.0335378789639933 0.401071340811723 -0.0447722405341614 -0.0622204375208972
0.161423346344587 0.365067342634809 0.0964604765069517 -0.273838247052864
0.261745343031351 0.270130155931363 0.00791647440214335 -0.378515636673628
0.319242524992924 0.0770094211275341 -0.154189375094853 -0.329878043755973
0.300302621067979 -0.0830931097314653 -0.202005202796169 -0.209643460465739
0.219753623974078 -0.190272574725564 -0.214047436851705 -0.11816040295192
0.134856802470739 -0.225755721006217 -0.152857150816635 -0.0403099993480007
0.105245865434759 -0.247940880441839 -0.0393200028687165 -0.0101883915242025
0.113778253756663 -0.239944615200982 0.0873537239402354 -0.0408546989612918
0.153318045868799 -0.269906676896589 0.21944359516063 -0.00960278834762798
0.272309848741717 -0.246879640121925 0.310269533486574 0.0838353170831806
0.356132268120994 -0.114981027202365 0.26750161319075 0.261335571661264
0.411408850014368 0.09819891904566 0.0398455121480533 0.34342196585698
0.333471256313581 0.309999670751017 -0.152103425548883 0.217549557137956
0.187789581552015 0.397422530256118 -0.0737178315737492 -0.0479383723046009
0.00661487936388896 0.369574373643861 -0.0766834998356381 -0.215215034760933
0.149304913689954 0.366608550964958 0.0481426034344347 -0.354275887674044
0.275840192067329 0.268694749665045 0.00682759404920396 -0.387240548387584
0.325250330424857 0.0566805113465146 -0.0904906079391043 -0.312092550145843
0.283401545586469 -0.0938901860601406 -0.107232423511068 -0.24521258503525
0.205170412411615 -0.183196289956373 -0.142990504152992 -0.192726122882368
0.128921616157218 -0.208040594087013 -0.101921135686849 -0.125471306531931
0.108346878144841 -0.215368982111398 0.00561363953721747 -0.0997665994620619
0.126205855924452 -0.202289025577401 0.126443880981287 -0.122636558104046
0.166332819140124 -0.217387386769768 0.25575822225707 -0.0739395336145109
0.263318600827616 -0.176982962956708 0.347860994020968 0.0398984479495268
0.323122064741246 -0.0517678617677387 0.288927864944803 0.2399954734322
0.353624670772823 0.147664857631787 0.0350551730680146 0.306215480117985
0.249618230087644 0.335305356232439 -0.174677664657242 0.144931492616887
0.102501453314433 0.375298477464437 -0.0927580955165429 -0.177799557756632
-0.0276641227429558 0.273361744643872 -0.119336628139379 -0.32931310625207
0.103186038331095 0.298126043381575 -0.0110699303703911 -0.393524235018567
0.2277663105019 0.211292738667926 0.000456539467513655 -0.371728088387479
0.253212379409559 0.0289287742754245 -0.0319514902391933 -0.288997551631554
0.205291555031215 -0.0753025735334514 -0.0321805237636272 -0.279569233671416
0.155310735229739 -0.135307141070427 -0.0895897003910483 -0.255049297733886
0.103598109086145 -0.153659777036193 -0.0587728820033519 -0.197986100234377
0.0949351127441239 -0.15228752379391 0.0485330296662086 -0.171334772944899
0.116324771597828 -0.138288355564606 0.169872597625135 -0.179137903746745
0.151009412119538 -0.140641936965546 0.295724835194001 -0.104313009779515
0.217540250406558 -0.0886785378312505 0.375038750250898 0.0295682069345936
0.250020487135629 0.012712582042805 0.290084279970698 0.232049042434395
0.252717191595231 0.178190161986339 0.0324780725725484 0.262363502695305
0.132020187200325 0.314009680723186 -0.160441711956457 0.070855534828523
0.00405378771919875 0.300428735926217 -0.0699145017657879 -0.279712112705692
-0.0726199189377488 0.135588122708066 -0.156772142706424 -0.383670735753547
0.0252255238559384 0.183204296711692 -0.0537604293238421 -0.386166996838934
0.126422027492393 0.122289425738099 -0.00160664444285506 -0.351111277928209
0.123473925556327 0.0102060839231889 0.00392925155112871 -0.28009628043368
0.0908801143028889 -0.0253795666503969 -0.00340620055687454 -0.304708657107848
0.0866958158755139 -0.0519927535356095 -0.0652348925908972 -0.286703933512799
0.0694386671486309 -0.069245100879196 -0.0315163402316217 -0.242547169165563
0.0656391267757085 -0.0678522206965021 0.0838516354619154 -0.214611384672709
0.0830754195360941 -0.061791078350619 0.209052086937673 -0.205233428016589
0.100970291266494 -0.060109067288204 0.331002475496623 -0.104156705585623
0.134622663176542 -0.019619580386597 0.387485905159958 0.0451765627443497
0.154137800512131 0.0384493206582121 0.280576166430993 0.232732086371057
0.145830848708859 0.161697053858139 0.0446267524574465 0.227032930334153
0.0216860835109001 0.238617696874086 -0.112751712305128 0.0195949752468048
-0.0770641247411857 0.179347805656041 -0.0182634347078846 -0.336365919544
0.0954746290806891 -0.0230997959948037 0.0401411889575583 0.351788300029687
0.00682763764129602 -0.116258301735309 0.127143367037302 0.01350004566212
-0.0644103654808359 -0.0688548781915534 -0.0462711541899105 -0.223784751194848
-0.0518079628768537 0.00992526143017295 -0.271830188317447 -0.256855944577238
-0.01454888800904 0.00757787301023856 -0.419547408716558 -0.061078630502624
-0.0198492683180648 -0.0113715616710431 -0.36621616554932 0.135520650565872
-0.0308362968725565 -0.0233522333305528 -0.231031160069396 0.217933028230271
-0.0391408357826764 -0.0369211175224678 -0.0836444338377894 0.268490990000542
-0.0334502874919094 -0.0393888892301961 0.0377046708506832 0.260266245072578
-0.0177350491574547 -0.0460943340739349 0.104218807264176 0.29405597853625
0.0158883173402957 -0.0486531330766875 0.0747319482492357 0.319238065860093
0.0180852238521232 -0.015147501790336 0.0206736230423589 0.317379357819677
0.0113164684500858 -0.0445439856496694 0.0113220699507571 0.360689694159921
0.0657299191931803 -0.0721329248735487 0.0557926126975524 0.403349459727929
0.11266743773864 0.0133586151917043 0.202403571730036 0.392347255282255
0.108747205158126 0.126610074958449 0.0157905599753209 0.318713607233614
0.0693744536019143 0.0129424805285596 0.105541162341844 -0.0161403472426278
0.0172576586585648 0.01396066429662 -0.0483243074557515 -0.236594123847492
0.0395808839195822 0.0336082917860349 -0.263389485189329 -0.268619005256485
0.0796109051892832 -0.0165037917326245 -0.397979399031603 -0.0908732079182338
0.0550694717627228 -0.0738524775122208 -0.364375004757008 0.0941276819397698
0.0170561370428067 -0.103671134180722 -0.240982826333286 0.186295966827363
-0.00298322999976993 -0.132932885894798 -0.0926048485764662 0.237618845917715
0.00175703585401638 -0.137581733797154 0.0392918496443339 0.220871214181601
0.0331629117635848 -0.160941183085276 0.136357693668145 0.247951259131484
0.119756076209593 -0.157083805311783 0.14040563046031 0.290158687504682
0.170217661648803 -0.0678783523634196 0.0823088435378292 0.325138644168646
0.181701710235884 0.0032253680193841 0.0202182234705221 0.370485157514767
0.201933742486273 0.0572386393374083 0.0207679745780978 0.365296215670725
0.197529181676412 0.160991179389884 0.148658765366581 0.323228718342783
0.103124412480398 0.26408520699743 -0.00319811103860743 0.231219633490309
0.12296650489609 0.154609654992095 0.104719593917223 -0.0861793620381822
0.11268145408651 0.111645070651094 -0.0403256491449428 -0.284386152996987
0.146112000019235 0.0556022835864603 -0.252813445151594 -0.290826894813276
0.17458411579145 -0.0437846519579244 -0.36223849374245 -0.121247258909962
0.126436589815922 -0.13187273296644 -0.338641488755948 0.0401158668083107
0.0644420407846383 -0.172640164663365 -0.230137346767624 0.132517707261187
0.0330400871906279 -0.208580727079316 -0.0891018427783646 0.175436281205383
0.0351268481566312 -0.213932305128862 0.0471286526762913 0.145209156284429
0.0706534492897508 -0.249106094775574 0.168010111043487 0.163643374166305
0.188056505288457 -0.248783464988081 0.212072898455069 0.222344985477978
0.278349777916595 -0.131142232960314 0.16418875458977 0.309373873963883
0.324377315051131 0.0176938885379158 0.0436056943869368 0.376217329312453
0.316431683150207 0.155342591722963 -0.0272121778063446 0.328057369226423
0.255937023095335 0.277687914368883 0.0711211373751418 0.218973631126823
0.0876801503594253 0.364052996262323 -0.0210571413288097 0.0980962023639073
0.168067381151219 0.279048596442751 0.102708024863837 -0.18244258011482
0.212911054456777 0.199680316258388 -0.0256407334776571 -0.342563383686667
0.254898705720232 0.0623805324614598 -0.225742389766194 -0.31332604619282
0.254607650711253 -0.0794168554559176 -0.30278323224305 -0.155313125481442
0.180844243951475 -0.182336019626478 -0.289388686361786 -0.0239021724284841
0.100280579375272 -0.221523854271115 -0.199876522066793 0.0590766664254629
0.0645774191762755 -0.252594446926929 -0.0708121541135681 0.0892762348538422
0.0674616686605581 -0.254846060378616 0.0596208901715291 0.0501316158635612
0.102009595190514 -0.292891396366683 0.194045276085909 0.0637885918660534
0.229738874581807 -0.292954551049644 0.273611266721046 0.135664143275789
0.336245885720519 -0.166249763321473 0.238642929513796 0.275809506863865
0.409171518616172 0.0281906477005304 0.0627462660698724 0.368769865707162
0.37652368854075 0.229501507730669 -0.0846198967535825 0.286618409396599
0.26464446470543 0.355126593507879 -0.0127459996622876 0.094540101127827
0.0668994519612951 0.404094860997271 -0.0503637357459142 -0.0602943057118486
0.191563892973169 0.353578852475955 0.075686763615237 -0.282737251978681
0.287071441619826 0.250781834166075 -0.0169863116669528 -0.383607773918597
0.328860662960406 0.0518549238592667 -0.176464540286093 -0.321370359634473
0.295563665813694 -0.109492101934248 -0.217263859556507 -0.197819975273167
0.204627066570062 -0.211895626476287 -0.225533220268497 -0.102836113317008
0.115772901945423 -0.241362841393694 -0.15721794332802 -0.0289504814875699
0.0846321691731273 -0.258883240220457 -0.0407893159298536 -0.0076024733777103
0.0960368592426466 -0.254366020269878 0.0814834551652179 -0.0487625350150987
0.132513634305713 -0.285926198087023 0.21870668683612 -0.029615482403758
0.253455381178446 -0.273486037769786 0.318472499160626 0.0576274114394155
0.349763844578484 -0.145596358178169 0.285935041024534 0.2401483810214
0.422718332483302 0.0640708967107815 0.0651630748463798 0.344675893978189
0.361364666789318 0.285673949346798 -0.137431227017029 0.232177884942762
0.218582241213082 0.388911758197213 -0.078783221998524 -0.0409112076816066
0.0373866193348588 0.373123373663515 -0.0939633359929042 -0.212340525060254
0.179083865026226 0.356109611095995 0.0213347639070537 -0.360304798252851
0.300426485321348 0.246864411485049 -0.0198617580582416 -0.393438012948716
0.332089282870555 0.0310901033713013 -0.110699679388753 -0.308122801826237
0.277040164131709 -0.117931754643628 -0.124685225638418 -0.24255484362927
0.189876094951434 -0.202428434218968 -0.159863152819383 -0.183229144979559
0.11135052568919 -0.222844712647268 -0.11226269565631 -0.119457115162112
0.0917917019992881 -0.225857203089232 -0.00371229994999649 -0.101723767713669
0.111210469872673 -0.216051597655982 0.11394010180811 -0.135652817337608
0.149746365388329 -0.233829814256699 0.24990497125176 -0.0970615372632511
0.250162457210762 -0.201108001599728 0.353810186900162 0.00943192567593976
0.321691461680795 -0.0787739784422679 0.308304029986566 0.216482461857729
0.366825611386214 0.118878456740521 0.0572203573310244 0.308135021230186
0.277486418005499 0.31728690591906 -0.165978007963571 0.161195747565973
0.13115047877458 0.373428163232106 -0.106983839509576 -0.170772970575081
-0.00514350452765498 0.278351136546589 -0.14475152957485 -0.324734950151297
0.127261572518126 0.290444586493276 -0.040747739273957 -0.394556883180566
0.245669168877941 0.193500451242645 -0.0259798717991078 -0.375712208475221
0.256204033423466 0.00917623204001127 -0.0490187954058926 -0.290440087168367
0.199931145783827 -0.0929469128564008 -0.0521121580304437 -0.283204972011334
0.144202262875007 -0.150059256342125 -0.110998558470551 -0.250072091000148
0.0912562458862148 -0.164625868800999 -0.074422678041723 -0.195728724524246
0.0833801464644425 -0.160391811485133 0.0342954483054922 -0.178622536007397
0.107038037582722 -0.149875616433192 0.153899455848328 -0.196190616013558
0.140150002109648 -0.153687240571938 0.289025898045116 -0.130211037947077
0.210394186408058 -0.107385225487038 0.380008305519729 -0.00191149381763134
0.252321680959017 -0.00714615245692472 0.308695534815724 0.209191295517594
0.26660476848789 0.158359009388621 0.0514324954796764 0.263568416818141
0.157207539634096 0.306028832081779 -0.156451101570333 0.0852561656912869
0.0265271282841162 0.304238181139542 -0.0918979059001092 -0.275025736033746
-0.0606523739681382 0.142538298958331 -0.185761279007514 -0.377258479390537
0.0395184437085045 0.180631419616326 -0.0827849165605662 -0.38311988443912
0.136164398122752 0.111280449321924 -0.0270859551137997 -0.354634175921269
0.123773464075531 0.000175091247181911 -0.0131468552090605 -0.284463892469448
0.0884206806027864 -0.0325036047133205 -0.0258196779650337 -0.309750186534583
0.0827195805887077 -0.0603933795177545 -0.088697836391229 -0.284063504660575
0.0634133834871452 -0.0768281835526391 -0.0508200659968106 -0.242669679549989
0.0608025635462714 -0.0721241093742634 0.0655040550205268 -0.225755176893707
0.0784350757313492 -0.0694556259736217 0.191492547529225 -0.226243050078891
0.0960982281364858 -0.0674715108097303 0.324243403185748 -0.132199972377844
0.133935915771433 -0.0301453679121319 0.393199091307488 0.0119525937580154
0.157551518222083 0.0272446768502442 0.298541666723906 0.211477731666425
0.157974522844271 0.149323237680133 0.06040104771733 0.22651881651288
0.0409162868241218 0.238210144319814 -0.112238055244343 0.0307867086654753
-0.0629040523686616 0.187145154572427 -0.0444863924515768 -0.334593364872044
0.0914323054147177 -0.0287657212622585 0.066777623341458 0.339221758159207
-0.00340581401559158 -0.113243475984615 0.124824476581987 0.00408719308963563
-0.067392917055155 -0.062498412327366 -0.0601580518228381 -0.215152630092876
-0.0486066442914239 0.0132990229095692 -0.283857061991012 -0.231381823060197
-0.0136781285797106 0.00748993541178246 -0.412661409844062 -0.0255531113521795
-0.0206227598341667 -0.00994338094623446 -0.3452666112065 0.162117698453774
-0.0334572077009228 -0.0202043435938754 -0.209723461206466 0.231676247905874
-0.0421047563990918 -0.0332139281205109 -0.0588628000457755 0.270484652335599
-0.0363513635125236 -0.036967742350386 0.0568126337486851 0.251567911354151
-0.0203693980309137 -0.0452925524946172 0.12611387331708 0.277755332138248
0.0115204942957909 -0.0501515795978177 0.0986467419105088 0.306793154167638
0.0174138873116089 -0.0164771331623413 0.0429593716334131 0.311093089239274
0.00796160932548778 -0.0438913187199795 0.0405064217863961 0.352978551059944
0.0575907540756321 -0.0739179465231413 0.0839948484502129 0.389371540511234
0.11138149549659 0.00628332386992997 0.223798181789659 0.367892504946982
0.116066980229636 0.116661411316228 0.0396170875080533 0.30998527781325
0.0680442708441483 0.00717232660973737 0.101156317487454 -0.0226916517801659
0.0192276952520365 0.011125070107781 -0.0634154061756778 -0.229515111797064
0.0427500341038156 0.0295632145333155 -0.276074690408723 -0.243731781227381
0.076333531903554 -0.0238221720924901 -0.395538069227514 -0.0574652994956402
0.0471022847596328 -0.0774425330032484 -0.347019277762017 0.120196307405812
0.0062478066104503 -0.103080587369711 -0.220765237071908 0.202430454506915
-0.0150031243936956 -0.130231797058062 -0.0706706453866711 0.241069905158369
-0.00974136110694656 -0.137047640593493 0.0553006193139167 0.212238568955108
0.0192076620856272 -0.161734275833019 0.15250770197502 0.229889308453569
0.103345117764667 -0.165263255930369 0.160148690696035 0.272807060239916
0.162018170228825 -0.0817030640743244 0.103119401669651 0.312614333988404
0.178314395532296 -0.0124408968925296 0.0492155524167868 0.362155240907431
0.201887736480698 0.0411497226061669 0.0471959159783264 0.35497054218501
0.206181027842776 0.14508499903467 0.168070043571095 0.304033992672341
0.122184402100294 0.251527628258962 0.0141492787695622 0.226093876287885
0.131741335522762 0.140789389231087 0.0948071835301683 -0.0908955569739837
0.120250862908352 0.0985958663010141 -0.0582956626718661 -0.276855203310827
0.149028975767577 0.0428743466287501 -0.267138194035561 -0.266219199101096
0.166323687950663 -0.0586483800675812 -0.3628800147431 -0.0909279642802975
0.111826348174763 -0.141091535411639 -0.326826007937545 0.0661035032947676
0.0470297766769069 -0.175144227772764 -0.214611955447705 0.149249421444953
0.0142696698454765 -0.207572560548527 -0.0727924398497249 0.179991311471559
0.0165837522635057 -0.214935288705836 0.0556404081506475 0.138542647442418
0.0491033769963578 -0.251046687228644 0.176051119846827 0.145287164198071
0.162314217961234 -0.260717914108206 0.225848163247607 0.200138517302491
0.261535888282887 -0.153027899971632 0.182455258246748 0.290415543410771
0.318761725191248 -0.0105661320580889 0.0721766427062869 0.366134285391175
0.322062225364299 0.127272580708237 -0.00295851163624485 0.323814337701674
0.270757401885146 0.25486090811763 0.0841563114728829 0.209973877750023
0.116269019663459 0.350521822292942 -0.0134933280868722 0.0975315897631157
0.185796774069071 0.258372056382035 0.0847174240302099 -0.185324368055851
0.226425991297354 0.177179111943037 -0.048122188555462 -0.334856734559996
0.25615089313331 0.0408109630857703 -0.240839212091687 -0.289829234703762
0.241452968427151 -0.0993285055889166 -0.307303835198531 -0.130403429043624
0.159868923617474 -0.194601115292821 -0.285318830248388 -0.00112560837058942
0.0783533144723169 -0.226571657378893 -0.191216888723077 0.0739775271581204
0.0413895985544032 -0.253384040319151 -0.0622198808867315 0.0939963959513291
0.0451039550035935 -0.257388316982702 0.0597688589551803 0.0444118217879223
0.0759244148817257 -0.296902899096787 0.192968287456317 0.0452130330627829
0.198990530685744 -0.308122988064576 0.27796520584563 0.10931098967244
0.315674169659371 -0.191609578599298 0.251684299881868 0.250237289222618
0.402095514078447 -0.00733754894178416 0.0901374530316847 0.356830110533201
0.386890915903959 0.193115659413229 -0.0619501336715526 0.288254543017034
0.286428255323728 0.330511920658241 -0.00628455808243236 0.0943740996057615
0.0982074043438164 0.391651650439669 -0.0535182808763218 -0.055074907278597
0.215666991707662 0.329011561881396 0.0502083211313882 -0.281566700951585
0.301795937588866 0.220113846779142 -0.0438135303580369 -0.376505149268868
0.326019816165925 0.0246536842763966 -0.193035948700179 -0.300975893668568
0.279006428443272 -0.132449266879539 -0.226990693131629 -0.180380369442743
0.180716731934179 -0.22498853114498 -0.229053456145216 -0.0822338456375311
0.0920318916533836 -0.247280686771152 -0.155358161886237 -0.0159531598613803
0.0611639416977689 -0.260687112220428 -0.040753515435163 -0.00453281807685078
0.0730385499337419 -0.259460588382594 0.0721814504055955 -0.0546497762116689
0.1061246166093 -0.292270162061112 0.209374051376401 -0.0483317534309446
0.223034464297757 -0.290919386558675 0.315251753308953 0.0294643269453779
0.330977085402136 -0.172131019324671 0.296725079056338 0.211434535067068
0.417568623790466 0.0266612821349368 0.0900764254283984 0.333913604069851
0.375360740818455 0.250039464401449 -0.11805104386112 0.239374452329407
0.244043574116526 0.366483802441062 -0.080890454799397 -0.0324950467109968
0.0669527408510415 0.363335849587952 -0.107404761140496 -0.200828424095191
0.203510392613908 0.332570671407627 -0.00827420365751205 -0.352627652481275
0.314517664674338 0.21591342315148 -0.0466309644280109 -0.385256486183432
0.327719015724859 0.00276353169594739 -0.127012504189222 -0.294650576496624
0.260583288461502 -0.138368565657278 -0.139724318951057 -0.231694070542418
0.167268800572566 -0.215125706380433 -0.171814118573467 -0.166930757219583
0.0895647386525118 -0.228768939679908 -0.118589903054358 -0.108701426853548
0.0710661000831502 -0.228766352499087 -0.0118302619421632 -0.100670529207068
0.0912682493399012 -0.223093494995115 0.0970610656486296 -0.142517666657435
0.126657429209884 -0.241493456780587 0.234761606521744 -0.116498623180067
0.227772419334857 -0.218710768440828 0.345831911957458 -0.0222671830231663
0.308791280452876 -0.104079786996784 0.315649119668596 0.186227332884607
0.367335935533588 0.0854028294932674 0.0786358855156571 0.297826883784162
0.296802501351194 0.287786763925797 -0.151205495871202 0.17252966355811
0.157094366633057 0.357243818168704 -0.118005854551688 -0.157125837679917
0.0190920755475558 0.27344515855522 -0.165742384639062 -0.307846889317509
0.146866234174828 0.272531735131767 -0.0698654586183056 -0.381883577840734
0.255295553917944 0.167241361785136 -0.0520919054369624 -0.367035393832401
0.250444436459365 -0.0121022769881956 -0.0660257696976494 -0.281476934229515
0.186979206946276 -0.106826173001513 -0.07220704571663 -0.277623976566203
0.127513777086212 -0.159517248839275 -0.128357243710171 -0.236180153970291
0.0740945909079598 -0.170763759634433 -0.0884118964418149 -0.186678745221268
0.0684420581155718 -0.163363104526372 0.0184908143624872 -0.179225878782843
0.0922568444897175 -0.156695201512877 0.131021907122229 -0.204802926264305
0.124520722874115 -0.16113340699449 0.271136458776648 -0.152916650646603
0.19658859821281 -0.122413077956866 0.37089953092631 -0.0343423238758172
0.24597000963912 -0.0275387136222376 0.316639743955646 0.179309884360486
0.270708919855992 0.132130079632176 0.0688215456906174 0.255302177385998
0.178595258708837 0.285999096099981 -0.146968278262529 0.0976688438324125
0.049405779970049 0.296932091434439 -0.110818594488649 -0.259994153642511
-0.0464609200934378 0.144743211266802 -0.208439680891067 -0.357649609385092
0.0520364845542436 0.172376722290389 -0.108176960364576 -0.368969158399197
0.140302770022717 0.0967187586671043 -0.0525467688486758 -0.345697031177962
0.119806096909694 -0.00931489308833769 -0.0306002750293459 -0.28006319292913
0.0828724752655396 -0.0380617925748729 -0.0496658774355509 -0.305179705593298
0.0749092554273476 -0.0664440886118356 -0.110276291599884 -0.27056062232868
0.0546053175274341 -0.0807653099471805 -0.0689469605300063 -0.234360381452332
0.0539149795941662 -0.0741592641145 0.0447688801678699 -0.227834331252955
0.0712709057910556 -0.0736728533585553 0.16620698083761 -0.23750772077568
0.0876859578177267 -0.0729406044709442 0.305661459676874 -0.157052136244186
0.128663926003379 -0.040064233447127 0.385095243834975 -0.0209308784021674
0.15584175624963 0.0145637831310329 0.307680033593349 0.182263536583674
0.164137131179761 0.132342329386161 0.0749239139472314 0.217406066428258
0.0593892976333544 0.229500407554999 -0.107340907260555 0.0402601435644748
-0.0463362689127478 0.188929408345132 -0.0691109743391992 -0.321298070113943
0.0858189608810542 -0.0399095974767968 0.106988981926835 0.316521553851198
-0.0186786056047071 -0.105607432603418 0.119967211123812 -0.0103561481555779
-0.0734836582133607 -0.0502465604308019 -0.0857255818788436 -0.193307340653949
-0.0438025549424247 0.0182197342915906 -0.305302598784811 -0.174095338092177
-0.0124547918140061 0.00651934024303111 -0.395035166038824 0.0417807973842215
-0.0207972389748443 -0.00593932182025624 -0.30338168613373 0.206075300398669
-0.0356018215876717 -0.0121374767448422 -0.168637632011579 0.256071906438187
-0.0450317405856573 -0.0250983365385369 -0.0148442972738937 0.264590512534412
-0.0399074323117961 -0.0317558193793685 0.0889069675274409 0.2306079085052
-0.0252361964661719 -0.0422971023121999 0.160216178792471 0.241973811509376
0.00375281517440317 -0.0523738367458862 0.136944370938937 0.27771791724178
0.0174767381260635 -0.02166180187088 0.0845753032520346 0.293358610868559
0.00367040485648158 -0.0452281396011651 0.088510088934479 0.330675190141327
0.0474424306061443 -0.0777068897849256 0.137522458696843 0.351593819070142
0.109325249222086 -0.0123735183247444 0.268672367378914 0.320291016705261
0.133811299285515 0.0972884028854596 0.0711535416196683 0.280685110771623
0.0649795607129738 -0.00246118625368314 0.090502348873625 -0.0354373914594848
0.0193420430275708 0.00689995938402761 -0.0936513316466615 -0.21103509766353
0.0449071886800733 0.0217250574436294 -0.301515830563625 -0.190481990600126
0.0670331408259801 -0.0362080072458319 -0.387701504353306 0.00663895601137263
0.0320346660286988 -0.0792393394637052 -0.316220398472672 0.165208016426495
-0.0100282129840935 -0.0963378883503896 -0.186229269967182 0.22802752819714
-0.0342189600098223 -0.121338192667528 -0.030068719762236 0.238523800572896
-0.0304193294014216 -0.130287582594164 0.0801972969072039 0.192529378145505
-0.00619047125639011 -0.157183268708594 0.175841520300924 0.190636277533272
0.0707606490687103 -0.175119861052968 0.18709343326582 0.232685699182981
0.142439667957478 -0.104036607749721 0.141876031056989 0.281323715817124
0.168737832053812 -0.0424201654870416 0.102635216074295 0.334447219864851
0.196757733160635 0.00771807001443911 0.105289362240016 0.325798527308607
0.216812192978573 0.102995613955261 0.209065640331785 0.27231254549126
0.160757405806164 0.22750980141614 0.0319565897330516 0.194375641174656
0.143107073225579 0.115582895178012 0.0714010219461073 -0.103521577265117
0.127089788234871 0.0745895771560246 -0.0997197106129433 -0.261743008647226
0.146225449092502 0.0198648801204075 -0.299856892225174 -0.215538694033078
0.147188803746838 -0.0808802706686389 -0.365303965783421 -0.0325563557350619
0.0842186738587923 -0.148561901697053 -0.3080574268831 0.110831104875648
0.0180074222604929 -0.171083927737075 -0.190223193662783 0.173363053714946
-0.0182948743504401 -0.199214984520017 -0.0417510278457632 0.180794136022995
-0.0169706938965813 -0.208138970065716 0.0681599699079364 0.121797922710613
0.00739493722154721 -0.245180626377853 0.183259392922991 0.10460186170153
0.110623508691821 -0.273933857299205 0.237027420993522 0.151089524065718
0.224781762971578 -0.186232884101674 0.213545174130515 0.243542819508791
0.29944710208191 -0.0646129776747219 0.127833258005462 0.331104021667178
0.320734819980511 0.0691479877972347 0.060645049366629 0.304539865508333
0.29296418691388 0.195641432555825 0.117395977524312 0.198554240317367
0.170082906504264 0.324031115773006 -0.0149829907452614 0.0675473729342285
0.210324239380746 0.218304057042577 0.0464155410964585 -0.194190869571766
0.238296286616456 0.132381421821422 -0.10321702593975 -0.323541426958812
0.247233967635917 0.00355948347933114 -0.281791299882153 -0.24430808487415
0.212966965741505 -0.130344566797916 -0.322655254827157 -0.0790828516135914
0.121926403202891 -0.206887626474136 -0.281630534010799 0.0412791302075741
0.0397945147449483 -0.223943862317002 -0.179487886889915 0.0961446878079789
0.000639546270637714 -0.246856050108347 -0.0449680881034064 0.0972839723972189
0.00236895898967237 -0.253406817146877 0.0578056227855148 0.0310274009745774
0.025536028465941 -0.291496092644733 0.183112068149788 0.00554957217744708
0.136160745173061 -0.323125702948177 0.272180568212895 0.0555912128225551
0.269425829914509 -0.230287098710361 0.273862284111532 0.19237930807191
0.377834807341225 -0.074819878259942 0.145258295632972 0.317770265112558
0.389967130639811 0.122013611054638 0.00384419486599192 0.281216858361532
0.317254312684582 0.264750362283838 0.0149581983419388 0.102982153747308
0.158777298915197 0.365616383985729 -0.0753364537089762 -0.0760568431937828
0.247515570375657 0.281205541412845 -0.00173354049594381 -0.28221370373126
0.316659565980185 0.16322878256569 -0.10845573359931 -0.365529269242538
0.31167685600659 -0.0217372652287641 -0.239324426223014 -0.263897833804723
0.244910748067462 -0.165980471295746 -0.255692482924556 -0.139882862414083
0.136823179194675 -0.238425076371953 -0.241784695909914 -0.0442690666706039
0.0496347504733713 -0.24646059572732 -0.159980153787181 0.0039202959842918
0.0181471981369383 -0.25622775635004 -0.0401449308245286 0.000304236025056892
0.0283564294553482 -0.259232805549176 0.0553673510543105 -0.0653067421245218
0.053372798082439 -0.2909066238251 0.184986625709609 -0.0853802133402418
0.161404928633562 -0.309861917464234 0.296319835600259 -0.0273104345049181
0.285824424633856 -0.214199746941873 0.311520816231425 0.147245658762503
0.396548629015455 -0.0445647137623575 0.14238953428128 0.296112654391018
0.388555589965889 0.175785655416899 -0.0546788071534657 0.246869413686532
0.282735185219849 0.305821347313073 -0.0754086379379649 -0.00638268852694933
0.123728459041443 0.342763825890529 -0.144295504681545 -0.205667262096414
0.236760668311789 0.284962963263521 -0.0681012536571164 -0.34181520300948
0.327183869169008 0.156559218804276 -0.113485342082563 -0.373244014826087
0.308588350938163 -0.0421459492330092 -0.176506128968848 -0.267469367285109
0.226101760393742 -0.168239109934237 -0.181377067587576 -0.203146650151306
0.125869315638706 -0.226994265679002 -0.199344603822387 -0.133460318887725
0.0496191784459877 -0.228818040679992 -0.137920154700701 -0.091710994941536
0.0329664215441265 -0.227517093654331 -0.0281601336266326 -0.0950931229888471
0.0512938063229213 -0.226226240864919 0.0662068559233824 -0.152290859993507
0.0805786259809188 -0.245762771936863 0.200453737629205 -0.154772756031155
0.175634340423361 -0.24168113116174 0.319411949246047 -0.0794960679498183
0.273335229899369 -0.145612711180452 0.328122637142682 0.122120465548356
0.35747634862987 0.0194020279193534 0.126484373539232 0.266446144406541
0.319743166156534 0.222615717760177 -0.0973695488106472 0.191115799418639
0.199031181931443 0.310530156061442 -0.131856232352543 -0.120441267926357
0.0610359829922644 0.262407975484552 -0.208870290219191 -0.29306357711041
0.174186127085796 0.23652885714516 -0.128127250106825 -0.360231245443666
0.264337851149453 0.119233704376792 -0.113265416110847 -0.35199775913065
0.2334173650102 -0.0455875640529444 -0.11357729843527 -0.264481799026412
0.162226324744537 -0.12730607815315 -0.121592954354407 -0.256379467215032
0.0959055364452332 -0.168901685327556 -0.166118948880444 -0.205916582707582
0.0431435380126952 -0.171837038841953 -0.118173282785529 -0.17150554703127
0.0409678854307054 -0.164009326353083 -0.0114466387147713 -0.174747092465339
0.0624407960758599 -0.162639054029945 0.0902306520306079 -0.217318673577065
0.0899725838544333 -0.168994221450734 0.230221625387121 -0.192423618498888
0.162513603215745 -0.145978812661585 0.34331158325177 -0.0939569426704091
0.225248521845644 -0.0642753593964805 0.329469683092854 0.117482789737709
0.274222302637608 0.0781988063420566 0.110333655142169 0.22950745618055
0.208181426578022 0.23928388173907 -0.108581499680476 0.123440733312793
0.0900872741644887 0.269900208884347 -0.142831149921746 -0.221301220542704
-0.0231540962607334 0.14713690121804 -0.248704623062959 -0.324657449920096
0.0708516493426811 0.154523235877204 -0.158477651269642 -0.339992825254669
0.144207439561159 0.0695198103827117 -0.10616849830159 -0.326717343148403
0.109950187465929 -0.0252563560773963 -0.0759986431690878 -0.266309755650534
0.0741299679111537 -0.0471722500293372 -0.0990087541519551 -0.286841275366309
0.0599658946567509 -0.0734418512492706 -0.147697485295156 -0.242129323485327
0.0373847519867737 -0.0851032344699846 -0.103415691217684 -0.219198560284471
0.0408048022334401 -0.077567777708763 0.00629096249188147 -0.223932670531317
0.0552995815843523 -0.0802933505167061 0.120574489137342 -0.252265034499794
0.0688734117524846 -0.0804630840069343 0.264288260112486 -0.199751097738116
0.111936062307814 -0.0572206965970589 0.361711111290456 -0.0802175724201779
0.146690306376184 -0.0112755883122982 0.321230166672114 0.12521983998789
0.174207716620426 0.0958481711742309 0.108319124372154 0.195829771359465
0.0890384350095173 0.203900921014418 -0.0866682451986755 0.0645325804673671
-0.0161105987183404 0.18271137549613 -0.11437796026149 -0.288992319591934
0.0812797629058074 -0.0393431587965573 0.108657530180963 0.301547213798215
-0.020527240085091 -0.0989629126579473 0.116002253278828 -0.0118481596575163
-0.0711688757679418 -0.0470354914358116 -0.0838415994314299 -0.185586916251174
-0.0404910942157313 0.0178618328268967 -0.295398376912363 -0.163557798076193
-0.0117155960340048 0.00606189329837286 -0.376274726678706 0.0483344957211233
-0.0205359691827357 -0.00584211481342238 -0.284971636787419 0.203147639047598
-0.0355043699196173 -0.0103005486564546 -0.155847377953426 0.251107050504678
-0.0447338504896675 -0.0227630916988015 -0.00756791195197218 0.25515683752503
-0.0400007040093653 -0.0298623699968338 0.0889311096695232 0.220710516147582
-0.0249471659940126 -0.0415429905041355 0.157738910258098 0.228585017765999
0.00212254433604466 -0.0515337573834216 0.136671155508806 0.265141168082443
0.016678154174873 -0.0221823883219063 0.0849431974634416 0.282911123019555
0.00303311620136539 -0.0430416215095319 0.090983385895082 0.315699077598466
0.044258279295886 -0.0737509934875931 0.136146950326241 0.335257045633463
0.105997179814913 -0.0122479564067739 0.260684122852062 0.304612532864359
0.130678548505699 0.0919802947547921 0.0737579083187778 0.268390568586115
0.0614812722598682 -0.00241343376293184 0.0873855911140808 -0.034803759319036
0.018101651638784 0.00523952196416422 -0.0911769603862267 -0.202679382193025
0.0438413887055489 0.018822486067358 -0.291724060845131 -0.178279823516439
0.0634288513530821 -0.036460007531274 -0.370142059607085 0.0146085809244938
0.0280656991839644 -0.0775486549103634 -0.298951129559538 0.164936066169311
-0.0129374672852811 -0.0922003038365274 -0.174033942167006 0.223949003780827
-0.0368982016582492 -0.115914046163773 -0.0236677890004302 0.230906182246045
-0.0329805052988567 -0.125874686274353 0.079730352133259 0.184237703830902
-0.00961381755329501 -0.152272347060088 0.171617112132176 0.17751806818056
0.0624592553163939 -0.170720333301145 0.184808710150043 0.219232595659512
0.135112988444881 -0.104188800331807 0.139862779682971 0.269273045588476
0.1607380542168 -0.0442810272984167 0.105272089965234 0.3200471122152
0.189327235601673 0.00490190757918425 0.105516683039089 0.31173043264825
0.210697076142127 0.0966787643245804 0.20152332503652 0.259902258620837
0.159360495207098 0.215842693647447 0.0347009456210305 0.186345067977258
0.138474719930486 0.107980801675467 0.0672758187946463 -0.0987832797158424
0.123292918012576 0.0672480179447361 -0.0981290960180859 -0.251017885037701
0.141871471235968 0.0148684698476806 -0.289030412112329 -0.202544382060423
0.139123033506644 -0.0813361330860337 -0.349628413340189 -0.0233944145641282
0.0756555838494903 -0.144831467242857 -0.294258084628195 0.113279270540206
0.0117864362776312 -0.164608427430082 -0.178083262539115 0.17148812351887
-0.0233586638749595 -0.190873534972646 -0.0353721398407092 0.174958490643329
-0.0222247951128174 -0.201962272019033 0.066407363757648 0.116906162737297
0.00151186944680692 -0.236960578806467 0.176473754043981 0.0955408134136719
0.0975458256086132 -0.266706473618387 0.230457003750071 0.139453052282959
0.21144758096864 -0.184674038727 0.207687464172084 0.230463683567307
0.285984806653111 -0.0688703583896574 0.129163354003993 0.317129872010155
0.309465447254811 0.0605084994888976 0.0620168593104397 0.292274865895495
0.284139331548911 0.185454469001386 0.114176624051459 0.191035056007727
0.170507666926317 0.308642647548271 -0.0125890913302334 0.0660099752782503
0.204446533275035 0.205547317695567 0.0405081986255506 -0.184539650052505
0.231395834245261 0.120590213364986 -0.102167173229948 -0.310635389614867
0.237581821605388 -0.00299434329203359 -0.271011686998585 -0.23148528351114
0.200842112011815 -0.130036353889494 -0.309521193271772 -0.0710616469334024
0.110008330063056 -0.201904495546417 -0.270158118667348 0.0463570085557911
0.0309470691587962 -0.217138817517052 -0.170314711457589 0.0970395380153323
-0.0066071192406542 -0.23665043557439 -0.0405769792509059 0.0943201556556483
-0.00416903736035186 -0.245554316004079 0.0543958298552349 0.0293005368741798
0.0177198747455514 -0.282350089573551 0.173393938676582 0.00135568900256511
0.121193300848183 -0.31499176105203 0.262369718996065 0.0462446687724365
0.252416890803255 -0.229556629992031 0.264149382722823 0.179922872093403
0.360098187697174 -0.0804303669550578 0.144408878164145 0.304462166011244
0.377437012112829 0.109216912164969 0.00758789752404883 0.272858139300082
0.309502997819209 0.251170489581159 0.0155353732921697 0.101543625621353
0.161166616420346 0.347707600560303 -0.0726782092152551 -0.0703724774150645
0.241736278182502 0.264015698972635 -0.006969494016071 -0.268133596614133
0.306550041631023 0.147735553493376 -0.108191762353814 -0.350589126241432
0.298142385494768 -0.0282496013088517 -0.230949106050234 -0.250341701563138
0.229759429160441 -0.164979988311403 -0.248075744136518 -0.132158407801751
0.123476495946676 -0.232717848385678 -0.233960684621593 -0.0375349595161794
0.0399793590900531 -0.238618772918479 -0.153588311785699 0.00676496692318489
0.0115769318612753 -0.247234065600738 -0.0385195369071424 -0.000242849260852794
0.0204381564884434 -0.251586296199965 0.049190329862071 -0.0630950613299718
0.0443850983923247 -0.282048339700387 0.173162856992504 -0.0874257844754411
0.145783215987987 -0.302657031759287 0.282717177853879 -0.034319650650574
0.268615692835053 -0.213454655354323 0.299888825099097 0.135689508055454
0.378171440148189 -0.0517463231168774 0.141722029463719 0.283619582511375
0.376419096152938 0.160217353923564 -0.0484321006005817 0.239642677035883
0.27672959634718 0.290818227342199 -0.0724104217933741 -0.00248461347386315
0.126012413640851 0.326027022963382 -0.141524156112325 -0.194068120149528
0.231199440601437 0.268097533972962 -0.0704454347759462 -0.32391017624996
0.315988619814575 0.141466257616572 -0.114310186294499 -0.357573897622028
0.294966257465991 -0.047518131422454 -0.169963162102112 -0.256545952803181
0.212687143930848 -0.166796844649382 -0.178125255048225 -0.195070843467809
0.114132033549397 -0.221265139249178 -0.194765173594277 -0.122902374686859
0.0404002047766785 -0.221088562645452 -0.134048712605572 -0.08567330849293
0.0266856571986535 -0.219245067868962 -0.0296371916503936 -0.0924958245880855
0.0433118505734114 -0.219953854587656 0.0580065582204172 -0.147230390092221
0.0713122103176074 -0.238662045991145 0.186742070754015 -0.153641044899437
0.161584099245106 -0.237114150870521 0.304063142233027 -0.0847054237355235
0.258413226433508 -0.146654316650239 0.314930380232982 0.10998849442526
0.341083350160752 0.0104621438220714 0.124949873372363 0.25516147328644
0.311768304254616 0.206685614388513 -0.0899690724524617 0.187399620510252
0.197167120036345 0.296661524133045 -0.128220929128679 -0.111551456722654
0.0650085160784779 0.250096707290786 -0.203941888880237 -0.279245917356363
0.171498123012784 0.222257184271261 -0.128895698293058 -0.341111308144874
0.25448075901136 0.107746210651072 -0.113942393693316 -0.337133841838117
0.221675433866673 -0.0490235098595033 -0.110623899850671 -0.254678333350456
0.152043143689469 -0.125960369192997 -0.122941955139544 -0.247493247613846
0.0871980980140217 -0.164215696788735 -0.163610313173883 -0.193995307361151
0.0360602278203674 -0.165582809608984 -0.117011644029834 -0.162846158434607
0.0360431434936428 -0.1588966899619 -0.0159815859392599 -0.169256774769363
0.0558661297261267 -0.158498428555078 0.0798788843711433 -0.209872912451521
0.0817960703025345 -0.164277986452091 0.215689372766412 -0.190485291165104
0.152397926872598 -0.144117881609565 0.326056478398969 -0.0985973842333219
0.214110217717023 -0.0663296840302146 0.316956639716017 0.105829531904433
0.262252449672023 0.069952185388395 0.109081630913433 0.220615662673717
0.204352010751362 0.224328621941322 -0.102064373687997 0.122113981359517
0.0915474843926224 0.258442446627475 -0.140803945645067 -0.208243013510922
-0.0186666793270357 0.140426450002237 -0.243281406161964 -0.309634059226823
0.0705271060505398 0.146201405003922 -0.15660456953424 -0.322650860600995
0.138257788348492 0.0626191242030411 -0.10581921449151 -0.31237560092029
0.103855620174889 -0.025842350016541 -0.0746117908333899 -0.257058402259989
0.0695863599561282 -0.0461484154402001 -0.102682454799956 -0.274812867489689
0.0552453308463396 -0.0720710230145138 -0.147095493456074 -0.229496591674651
0.0335018247158631 -0.0818083742734833 -0.103924450757954 -0.20895951699114
0.0382769476728968 -0.0745160609716176 0.00019567508961248 -0.21663737462442
0.0511593734419716 -0.0785255588215167 0.107397326034602 -0.244026107549397
0.0641786718464743 -0.0775488740855549 0.247908678653995 -0.198344673036931
0.106259308103662 -0.057564352040521 0.343329441229684 -0.0843932258767906
0.139456371620935 -0.0133338577617609 0.309525662222542 0.113132621847209
0.166342396956507 0.0883377121908763 0.10540178477577 0.186911379404125
0.0902047772111401 0.192755514719132 -0.0814698710676475 0.0652246024743551
-0.010797346594155 0.175360988012042 -0.11483901170644 -0.273854570254869
0.0811095904659019 -0.0370536050926177 0.104821208546671 0.296775090824194
-0.0195067884806516 -0.0959658364235468 0.11603517942749 -0.010129591990592
-0.0700746968891292 -0.0474133605165235 -0.0805392572853342 -0.184207784134229
-0.0388679461437321 0.0165913289635761 -0.289801556365487 -0.16493734020602
-0.0105883594224081 0.00534395225715737 -0.368660459924813 0.0461142364486255
-0.0205891537777057 -0.00667749687268449 -0.280550633359609 0.199419554734014
-0.035061844168011 -0.010271850662553 -0.1550529178069 0.247399191249938
-0.0447064636256596 -0.022400441657453 -0.00811930799290012 0.252870012877743
-0.0399750761846143 -0.0303393677547658 0.0862536934490487 0.218901785490604
-0.0247627511392041 -0.0425282419399132 0.154124747109383 0.22528470056544
0.00175694602109247 -0.0514909599769193 0.133318473825845 0.262011593506834
0.0179260548360114 -0.0218408277407363 0.0813666157482086 0.28215873839688
0.00374070609273049 -0.0422687198477597 0.0881804389686715 0.312409370170427
0.0440520993726061 -0.0707295185455274 0.130272496647207 0.33212098279908
0.106049598763616 -0.00980263941212348 0.251011818561774 0.304146952034785
0.128475830938211 0.0920868445388403 0.0714919531726906 0.265046710476755
0.059575013791914 -0.00103685460345639 0.0872754986551226 -0.032367050685724
0.0171930173082789 0.00442263440644801 -0.0865702490518292 -0.200323985637263
0.0441011942907097 0.018126432856166 -0.284945781049778 -0.179422279140913
0.0625841146827874 -0.0360900349278271 -0.361670764294519 0.0120830733023485
0.0272029047654213 -0.076772206577402 -0.294807907224616 0.161987910185912
-0.0131060480161588 -0.0907402388555541 -0.171961602006711 0.22034580751464
-0.0370930277005116 -0.114117404780932 -0.0228193413111319 0.227934330584768
-0.0329980392875115 -0.12567800474101 0.0770719861946189 0.18362617439327
-0.00956899690613315 -0.152263839617899 0.166638831761927 0.174976866997488
0.0602151176745677 -0.169050457253414 0.181486283038775 0.216373298744113
0.133523890796201 -0.103611792726047 0.13507048029445 0.267402992596873
0.159049500799962 -0.0440489214303843 0.101728936637425 0.317422341625727
0.187178950689887 0.00604705504488997 0.0995242908270076 0.310061424849152
0.207936482895365 0.0986571351872856 0.194886162777745 0.259468435671986
0.156371587714825 0.214410816771551 0.0340971072223628 0.185437921866401
0.133984031524757 0.107847547208447 0.0681848335903859 -0.0941094415377419
0.120123145841604 0.0660225122130477 -0.0931501368058741 -0.249505454322313
0.139748903960787 0.0141747662986994 -0.28170091500463 -0.20395508760185
0.136091700727272 -0.0802004831211371 -0.342280385446715 -0.0262845249344645
0.073509025413366 -0.143167149902562 -0.289889562903079 0.111843000623871
0.010408756372735 -0.162447184256823 -0.176127154698856 0.169499244545266
-0.023927816181786 -0.189224304566235 -0.0349940013400896 0.172600211557639
-0.0225922068298968 -0.201364363429605 0.0642248643119269 0.117500457382071
0.000526117474743335 -0.236181207909988 0.170980473183994 0.0944096073616724
0.0943868519525448 -0.264279892714681 0.226164800809173 0.13762001545268
0.208310724302811 -0.183038835452798 0.201465888175745 0.229739345669122
0.281590250399879 -0.0671952747233134 0.125113273879785 0.315141080817809
0.305319450443703 0.0615166050988695 0.0570645616155035 0.291199210614645
0.280242193467562 0.187219341087699 0.109625392280969 0.191212268940955
0.167268190768297 0.305086529204389 -0.0117514414916801 0.0667824086155718
0.199547870420158 0.203364224111226 0.0428297015853673 -0.177814156169595
0.226001300096634 0.117770195046086 -0.0970998690359683 -0.307718133540292
0.234116245223273 -0.00288670122625783 -0.263780136972124 -0.231919988940613
0.197106592602601 -0.128452538493656 -0.303510269619978 -0.0732896629257267
0.106897300284711 -0.199173589724174 -0.266607701814541 0.0459676624045462
0.0289534872982968 -0.214349835911331 -0.167301945372966 0.0958976807023792
-0.00657339764566343 -0.234697019753706 -0.0401361732569054 0.0921380623910787
-0.00465454196314825 -0.244863030672831 0.0519287203663443 0.0312101970276
0.0163162262795922 -0.280098148152599 0.168972744135202 0.00107237142290712
0.117413152088489 -0.31185308433153 0.257974598465188 0.0447948080105724
0.248944507464575 -0.22785071621407 0.257058187176205 0.17959938603288
0.354228372886512 -0.0795371587894628 0.140671347746481 0.30245493397886
0.371290118636526 0.108675487146045 0.00535147153765403 0.270940251855521
0.304070586795266 0.252014498282695 0.0137785672716823 0.1024524921794
0.157806967990654 0.344631112336157 -0.0696241474209931 -0.0691408836861623
0.235928532037648 0.261303637276365 -0.0043286062254862 -0.259575853054657
0.299840831553722 0.145134857877345 -0.102847708443942 -0.347338177395337
0.294110156972699 -0.0276720202000949 -0.222180484196668 -0.251589978985357
0.226225513898983 -0.162850064351445 -0.243504699466654 -0.133047495106738
0.12071598887957 -0.229030732863226 -0.23081586880565 -0.0366045872601786
0.0377315832210111 -0.236064789086516 -0.151182402613737 0.00618917462194059
0.0106899448709415 -0.244633277284418 -0.0381568875178367 -0.000898708772414536
0.0190619703079851 -0.250361436385824 0.0474305141390811 -0.0609870753791102
0.042544725181225 -0.27955262149149 0.16851400034226 -0.0858924971702226
0.141782193476606 -0.29986049871367 0.277933943436395 -0.0352307618035971
0.264476238958102 -0.210559039008241 0.292603974397366 0.135127216316159
0.371178845306493 -0.0501799165026095 0.137465039631746 0.283173124109693
0.371313977879885 0.15901369762298 -0.0498340553449447 0.238946102849135
0.272227918967708 0.290417067090058 -0.0721603155309149 -0.000682672343650155
0.123575722787942 0.323094879560782 -0.136361724682308 -0.192498724964027
0.225810109858922 0.265252213444642 -0.0668342862888666 -0.316135308645461
0.309440045391166 0.140552166223665 -0.108449725982544 -0.352942927900127
0.289658618253225 -0.0463181216204069 -0.163312116867877 -0.256928547375095
0.208911952871163 -0.164080015259943 -0.175173687639156 -0.195374789063993
0.111444889771038 -0.217876088937177 -0.191490639739208 -0.12164645868961
0.0386463468993771 -0.217990067056675 -0.131799480020131 -0.0843668777614443
0.02622475006675 -0.217413831920181 -0.0297341949655495 -0.0930276026113347
0.0420086060890316 -0.218806395674876 0.0555920625974838 -0.144973151003085
0.0695283152641134 -0.235846148511625 0.181892135258668 -0.151827735818238
0.158415298269962 -0.235045429910402 0.298724870793658 -0.084265064942839
0.253928448462926 -0.144362144189991 0.307848490007123 0.109600873223113
0.334993150184529 0.0118323586544325 0.120907807258387 0.25488718399113
0.306165964343295 0.204903389002602 -0.0896078739632271 0.186993090271488
0.193611579582682 0.295090482414111 -0.125620281614497 -0.108376305492057
0.0635560790594339 0.246800231099395 -0.198576790909181 -0.277035237651882
0.166459788415342 0.219228169653644 -0.123599671860188 -0.334195571223686
0.248377477952603 0.10484472597552 -0.108596689177487 -0.334226456735844
0.217512139481973 -0.0471501389446473 -0.104325626110069 -0.255564128380103
0.149539596286214 -0.123362452641326 -0.121563139765977 -0.246591891708334
0.0855373253695552 -0.161881513108228 -0.16037041901172 -0.190858464197979
0.0343970904006393 -0.163074883796342 -0.114905170521053 -0.161199824799196
0.0363924708209505 -0.156881671656557 -0.0170070072120697 -0.168625225958125
0.0549156951815093 -0.15765367855874 0.0768935223092666 -0.207026872556622
0.0804502138500675 -0.161068527741391 0.20986842686769 -0.187205960175119
0.149146517518708 -0.14238723895456 0.320853193009444 -0.0981031661259438
0.210225685376689 -0.064883886453359 0.309223998163057 0.105247744632066
0.255641521131183 0.0696961584775615 0.104703131412909 0.21994812387278
0.200622695849085 0.22153005920027 -0.100595375605207 0.121657591264106
0.0895410086884287 0.256420649108797 -0.136702336764519 -0.204872635275947
-0.0180413923681194 0.138158113204565 -0.236369163687655 -0.310082686701892
0.0682670142288457 0.1436328626954 -0.150704999363069 -0.319054812227929
0.134190041996966 0.0604880630540397 -0.101223089510169 -0.30987862202728
0.100948177953297 -0.0242750587431493 -0.0696213013044241 -0.258230935006308
0.0683472686967604 -0.0447086099129552 -0.101250415043404 -0.274152357168137
0.0541510340885666 -0.0710553029472097 -0.144511962811032 -0.226431625755866
0.0320044043770703 -0.0793892841762635 -0.102256074244642 -0.206860943230508
0.0387321064705787 -0.0735087901078574 -0.00136864161667997 -0.21601899838605
0.0502963070734037 -0.0771805894096368 0.10414018247061 -0.240491821527302
0.0628544100009824 -0.0750377398657365 0.243668805180176 -0.195464224501404
0.104361530306486 -0.0565528995685906 0.337439419323639 -0.0834156535263728
0.136948117396347 -0.0125871164460403 0.302916501876077 0.112841484899537
0.16134674710332 0.0870482882726095 0.101392942096205 0.187295920591388
0.0876945677777251 0.189218223303242 -0.0791995513420748 0.065868374940959
-0.010958459619708 0.17252811491324 -0.11091272865227 -0.268473109536397
0.0837373102284402 -0.0362358261374656 0.105851525618456 0.303985297617272
-0.0189888342127458 -0.0961249349306717 0.121177072867284 -0.0100481063980037
-0.0710007502786699 -0.0485174398425933 -0.0786747228373071 -0.190365910085101
-0.0383367124711379 0.0155508324316235 -0.295368503866534 -0.173097579555166
-0.0102740930155027 0.00424780001243953 -0.374801848697636 0.0451130147743186
-0.0210630243282569 -0.00730657412673403 -0.286523084585578 0.203122219051798
-0.0355503591964196 -0.0100185846174355 -0.15967638543521 0.252955746828033
-0.0459524027041911 -0.0232620785034832 -0.00876566236636337 0.259424789243626
-0.0410693155439755 -0.0318752265354722 0.0863978177621087 0.22604569551653
-0.0255049731382478 -0.0452195309492366 0.154575035079597 0.23022289718191
0.0017921625033284 -0.0530103911080687 0.135215165573219 0.267969296633714
0.0195178006994308 -0.0228359590718647 0.0806484857268979 0.291362726132907
0.0050008877415666 -0.0424880076290019 0.0877898117716956 0.320332110831195
0.0457698593624801 -0.0707716127179107 0.128084613155411 0.341012515064726
0.109579329764487 -0.00859542133595688 0.251629134393758 0.315356274693308
0.131864717412251 0.0953969227868149 0.0715913941354697 0.272441270412492
0.0610996388037666 0.000703500768459829 0.0918511721810595 -0.0312363036163023
0.0174225640424651 0.00421562119809936 -0.0857782467482266 -0.207606903438918
0.0456862800244582 0.0180051213270973 -0.288629198520383 -0.188000133970922
0.0641327930595992 -0.0374986948145836 -0.367610522954427 0.00965825600412735
0.0268796193927325 -0.0790393925575163 -0.300225032913814 0.165347181955524
-0.0136517725855304 -0.0930182207422014 -0.176277447754664 0.226352682734888
-0.0385378255493559 -0.117085982598849 -0.0243016982579731 0.234134066650997
-0.0346687111767296 -0.130357669773424 0.0772892170183764 0.190495880716428
-0.0100274619405963 -0.157919746094246 0.167620333915208 0.17955789641718
0.0612809612292623 -0.173410777038015 0.183791821509223 0.221578264126012
0.137117435337172 -0.106508634086748 0.135306106477116 0.276933086896565
0.162680676433091 -0.0443720189808603 0.101799369251845 0.325648930710239
0.191397668253742 0.00839964068382055 0.0978334975405269 0.31940125760731
0.212788176211867 0.104220775930254 0.194688186807512 0.270354639077924
0.159519258508821 0.22083108056508 0.0347157917490965 0.1909394510908
0.135447242733165 0.11143265357426 0.0729744039946305 -0.0931091210349041
0.120794474706608 0.0675526797330227 -0.0905121018474605 -0.257076181031973
0.14308307147993 0.0147929303683467 -0.284889391068104 -0.213702696634522
0.1391966204782 -0.0827072778792124 -0.347400537594052 -0.0289511156780015
0.07418412056299 -0.146583625354412 -0.296132997437119 0.113537998281805
0.00992070230784588 -0.166197383285482 -0.179115808738111 0.173437288395359
-0.0249978077968412 -0.193415893464489 -0.0354150304729829 0.176240392417826
-0.0240039802993597 -0.208143954194056 0.0640648078451567 0.121536784338896
0.000829075186724466 -0.243790710139799 0.172598345017263 0.0969611388351682
0.0953490694802774 -0.270517243444589 0.231083764080213 0.138956104651092
0.213191457987987 -0.188539326077225 0.203145083451247 0.237462346726498
0.288044223093333 -0.0681196245531019 0.126053626179587 0.324689254828445
0.31170785755972 0.0648989692030425 0.0561736407347288 0.300793113982768
0.286514462651483 0.196004990382081 0.109630300474323 0.199206215520197
0.169105923277599 0.313986669797754 -0.0104242033989903 0.0697701155628414
0.201691571832971 0.208839730921981 0.0470129150301319 -0.178298424239604
0.228326709752543 0.1210698301277 -0.0939391676438442 -0.31612497003805
0.239590995171358 -0.0027878756869812 -0.265273225712953 -0.241847035225354
0.201196305181764 -0.131040938049609 -0.308302587568657 -0.0782480700530984
0.108590564638619 -0.204185395633323 -0.272457543806721 0.0463177587270087
0.0283497331958171 -0.219539692970029 -0.170489372057503 0.0982529595398332
-0.00815398635328442 -0.240504045933996 -0.0413661489900793 0.0934436489235171
-0.00618569669350422 -0.252706000853369 0.0520625267498123 0.0337270335738139
0.0171255402458258 -0.288846947780194 0.170345571953277 0.00157278300503357
0.118819726896548 -0.319864287780394 0.26217573824368 0.0445827269721762
0.253764778220008 -0.233223110194567 0.259742236757089 0.185347829945218
0.361658629616908 -0.0793249612786354 0.142517250969669 0.313482309337266
0.379697938870083 0.112684128144023 0.00261762985457938 0.279902610248191
0.310642205204927 0.26299401632186 0.0131041480719218 0.108449021423564
0.160027151933082 0.353510486303559 -0.069119878751048 -0.0697558640680292
0.239150847191971 0.268587767107379 -0.00029523374046288 -0.261585239619645
0.304165814005776 0.148078778513074 -0.10058660173663 -0.357210236272937
0.300113063234703 -0.0279525320601436 -0.22307036974203 -0.262289208295395
0.230907921591776 -0.166411249356541 -0.247125993971224 -0.139658174807238
0.122290984680851 -0.234724279081029 -0.235116173736149 -0.0373455829537764
0.0373642352540647 -0.240921689421448 -0.153725345269825 0.00699124234456401
0.0107858446585231 -0.251101560144083 -0.0400851108852503 -0.00209019764280938
0.0187459905528271 -0.257997428860316 0.0469976152975678 -0.0613812590033453
0.0426105223703552 -0.287675621150357 0.170213478032501 -0.0880094218459924
0.14314939436929 -0.307489744187214 0.283022882822162 -0.0369174158502865
0.269580246697606 -0.216443169373743 0.295737796453911 0.139351746388915
0.378286250782893 -0.0504294873183541 0.139328242734198 0.293039846013562
0.379564254162136 0.16380586003709 -0.052783771888352 0.24652719245521
0.27662822808224 0.301533832106778 -0.0737173974046427 0.00186755510963179
0.125133694221675 0.331122475554682 -0.136375128749396 -0.19839600387313
0.228624491698553 0.272498566672264 -0.0637692048987689 -0.319771183881182
0.313688209195478 0.142224710029021 -0.10734919967334 -0.363368404776082
0.295329674669574 -0.046877294812448 -0.161410281879099 -0.267906215492898
0.213555093052751 -0.166592235641006 -0.17812578886736 -0.203720781336403
0.112961691005727 -0.222479217934376 -0.195131207634023 -0.12438091953445
0.0381561190522117 -0.222914839393091 -0.134108371063873 -0.0864695405080703
0.0265638550511562 -0.223019470476508 -0.031752951928745 -0.0964414634004363
0.0419755521978519 -0.225541546294758 0.0555704993551561 -0.147867714028163
0.0705831088926792 -0.242386437475563 0.184564952636595 -0.154596116256511
0.15978134963593 -0.240929801282804 0.304305762173789 -0.0874830905160728
0.258225320088501 -0.14728927374326 0.312037271785837 0.114008056254876
0.340141804616119 0.013341891010539 0.122273142300719 0.26471113914414
0.312463132164681 0.209926258669417 -0.0924773051309224 0.192804145350421
0.196573881381726 0.304120389548247 -0.12808285284746 -0.110001362635097
0.0634430767691832 0.252673074862241 -0.199658733227813 -0.286000848915482
0.168982023701547 0.224616791158975 -0.121154164442939 -0.340204562543568
0.250725291556569 0.107591274071397 -0.107757500356701 -0.342106251321507
0.221049822589556 -0.0475205572360922 -0.102155692583723 -0.265751183866703
0.152385902397688 -0.125112105582959 -0.123953362494609 -0.254565175997198
0.0868691057003861 -0.166059625887763 -0.163230501783701 -0.195714368218775
0.0348277529476712 -0.166609359469513 -0.117019938459559 -0.165873356497285
0.0374961982795061 -0.160494178365785 -0.018663385321724 -0.174232143830749
0.0554681720438645 -0.161171660232239 0.0769909966913297 -0.211614532007607
0.0821799078029168 -0.164428100351524 0.213426244178491 -0.192401903642166
0.151696389998711 -0.145404772719213 0.326444929332841 -0.100592488400672
0.214028502643062 -0.0648650761364653 0.313787231331929 0.108653584049775
0.258840151368895 0.0721510746887536 0.104792310053818 0.22826591605289
0.20356104957784 0.226199702276771 -0.103246974173953 0.125292943838472
0.0911281274821714 0.262721301534581 -0.138657510055444 -0.208106309759148
-0.0189020491523605 0.140907716192061 -0.238667016181899 -0.320306535219222
0.0682763314218359 0.146674943978893 -0.149737990548627 -0.326568681985892
0.134283922384235 0.0611808356211824 -0.100491968638297 -0.317478329430079
0.102071460683218 -0.0238997482657412 -0.067139939786892 -0.268292471312946
0.0701152847432153 -0.0450848410795084 -0.103652631315399 -0.281956235621939
0.0549889231573414 -0.0732208495073998 -0.145251641785161 -0.23210373112247
0.0322682073292344 -0.0807508396762516 -0.104028266988211 -0.212758164113232
0.0409345505712849 -0.0748711378265427 -0.00259868531958031 -0.221328735727223
0.051194708084957 -0.079064922490958 0.105807893096837 -0.246200928305873
0.0649668203398778 -0.0753439582927122 0.247358808241835 -0.200010978851534
0.106902303706836 -0.0573571914241568 0.34357460375705 -0.0847006497865096
0.139178747049835 -0.0107992107474879 0.307061271405408 0.116765767766462
0.162202574191817 0.0898153914305756 0.100483172063656 0.193738538736883
0.0889005932223925 0.192614326966293 -0.0811259533956166 0.0679223241270321
-0.0112097113268116 0.175136811642067 -0.112053375770308 -0.273197557707883
0.0887674659162073 -0.0390817408546641 0.117997280810624 0.317729421666604
-0.0210842528479959 -0.0991609584799099 0.129757740814077 -0.0148715755294202
-0.0749821758553282 -0.0491348291959201 -0.0847074100783251 -0.200654677528037
-0.0398444692662741 0.0164819436216693 -0.315811464041827 -0.179480075222409
-0.00995694728112164 0.00298785660912563 -0.391186997409201 0.0541579244037137
-0.0229068097791959 -0.0077092529119243 -0.296067779498442 0.220614650240563
-0.0380117125031236 -0.00978704463949147 -0.162018460834533 0.271255872317093
-0.0494451671090864 -0.0227946492428349 -0.00254315049356526 0.27473585774142
-0.0449430866883207 -0.0336883852095314 0.0956571950542114 0.238458871616713
-0.0285518334561018 -0.0495104119627952 0.1667920149535 0.240051793985686
0.00066174915507478 -0.0566359533840253 0.146967414215755 0.280180957377866
0.0216782484613165 -0.0254987995071754 0.0894864332517405 0.307339588043354
0.00503309908595947 -0.0445803644943559 0.0978075210298828 0.335735280946979
0.0469954075960179 -0.0744810877086507 0.138125517042 0.358475035123657
0.116902031653047 -0.0107225636106205 0.268571709770141 0.33037338329796
0.141259694633822 0.0994292273945641 0.0820181796369992 0.286578627849279
0.0639388993993337 0.000983475900634345 0.0987917464667989 -0.0345237639657232
0.0179361829080718 0.00454965321920463 -0.092248788620447 -0.219277141412097
0.0490522970783928 0.0166965004564268 -0.308907479813155 -0.195483669665822
0.0672047006834861 -0.0424561441069998 -0.385044536735466 0.0163084081243452
0.0252922060415008 -0.0842298761859291 -0.311388225564678 0.180879504011189
-0.0173835911704483 -0.0974533936917713 -0.180032437289055 0.243109690506829
-0.0440759930779435 -0.122203468886567 -0.0195018753794023 0.247910158557482
-0.0402773691772472 -0.138178758336074 0.0843749925352938 0.200289369904888
-0.015086363101142 -0.167478673024289 0.178528184405686 0.185903485269182
0.0596809515942113 -0.1846631256873 0.198312231255259 0.228651699669473
0.142346873040904 -0.11661101003633 0.147025688599449 0.291199431959171
0.170873132201243 -0.0495708062101841 0.113228161467643 0.342373210593348
0.202647281960654 0.00593925171021865 0.107534438958632 0.336499852846703
0.226945898419867 0.107033327943219 0.208258790338024 0.284427494857815
0.173416333611765 0.230032925791427 0.0414136872996869 0.201717581531938
0.144781260583465 0.115726231961581 0.0781804380994569 -0.0973339742789593
0.127164090707842 0.0689544558486632 -0.0977428827656021 -0.271104700503856
0.151209005777962 0.0114823248054083 -0.302533388768217 -0.222171518101757
0.144450365380707 -0.0912112347181232 -0.364404155427864 -0.0261660537145425
0.0728256177655659 -0.156543239068635 -0.30790612010985 0.126404085995961
0.00540818686493188 -0.175900854883517 -0.185072822342497 0.187658100529269
-0.0323227740968705 -0.203681049902841 -0.0336842342532804 0.187293364376365
-0.0317927601856397 -0.220288324551275 0.0692946684622387 0.128935118610061
-0.00601290075419386 -0.258777804729743 0.181979657294487 0.0988134217052659
0.0919758967968868 -0.287573748674791 0.244347726029249 0.140383829198649
0.219613308613169 -0.205044232120539 0.216509868017439 0.247508082984702
0.302074644892293 -0.0781799319537974 0.139874724652857 0.341596840572115
0.331221611635296 0.0618440502760988 0.0631351456578404 0.318100361982822
0.305527224739351 0.203063250319252 0.118397949479835 0.212413746305983
0.186084513063539 0.327649008125365 -0.0080906982531225 0.0744997849344539
0.215629278337665 0.217956988794162 0.0499959975481992 -0.184488412988975
0.241289331582498 0.123475957802729 -0.102304106970129 -0.333319578056797
0.251065867322785 -0.00925117378326354 -0.281794975622101 -0.253686306740421
0.208426916898082 -0.143858526003657 -0.324024811984208 -0.0785853325993621
0.107746418543591 -0.217560802644947 -0.284634474273938 0.0560696876426124
0.0229524899166114 -0.231882261574875 -0.176246671345279 0.10826390587673
-0.0152207894214524 -0.253763722205009 -0.0419182426220148 0.0998784534903805
-0.0149472367554065 -0.268164613741528 0.0541919487292718 0.0352225549473816
0.00955976005955999 -0.306888352996176 0.177029712781817 -0.00151518116529912
0.114752973951965 -0.340179127873837 0.275755118091019 0.0393383808159542
0.261119506062423 -0.252911045879489 0.275330050940108 0.191894671125793
0.378254715203713 -0.0924274705018009 0.155899599673813 0.329197860926989
0.4039308216103 0.110827634133832 0.00796022323052226 0.29774863694962
0.332430816418911 0.2738385160796 0.015522645957022 0.117190419986325
0.176295920568594 0.369599984210121 -0.0724701686071092 -0.0715954412962602
0.256185096998523 0.277983280139644 -0.00200865344631691 -0.271623146983775
0.320769284621225 0.149847396381672 -0.110069078925028 -0.375635741597361
0.314369843391993 -0.0368881717889271 -0.237543018810802 -0.275926244267996
0.238665744477896 -0.180497859977695 -0.262792090563692 -0.144872311887471
0.120944942863471 -0.250371617776744 -0.247204472955181 -0.0329347687811301
0.0311510728523911 -0.255150786955199 -0.160235986352486 0.0109933206496717
0.00376828952725753 -0.265734719675879 -0.0434653245944555 -0.00200250057592558
0.0118551792806353 -0.274720724979924 0.0463179654292866 -0.0646048453093669
0.0377479541804662 -0.306303230595481 0.174616598779216 -0.0958700975427104
0.14082317591028 -0.327593389391099 0.294684886201664 -0.0471893359171672
0.277986829532899 -0.234786448348774 0.312293612441352 0.142436764761528
0.396369933248804 -0.060440584091102 0.152460087840083 0.308464795788679
0.403787052876405 0.164499944233056 -0.0506201957648527 0.262917196253636
0.298825864730387 0.314560458221619 -0.0767838716978621 0.00632747444885735
0.139413675064831 0.346973986251242 -0.14610972540894 -0.20611345312336
0.245557086995657 0.282351287842404 -0.0701913133208741 -0.332133162521738
0.330571292535427 0.143014947980777 -0.11742547016368 -0.381963574797188
0.309056133661373 -0.0553497235710201 -0.173421360972181 -0.283683837985958
0.220232661318221 -0.181238634213193 -0.192036602157427 -0.212933587554499
0.111606932207714 -0.238090868810739 -0.206866772119969 -0.126452572032061
0.0340686821093754 -0.23564190316945 -0.142660381477483 -0.0892084558736111
0.02193259333625 -0.236093815414581 -0.0377012671677377 -0.101954314878941
0.0373990240233289 -0.239770951776744 0.0527744364074991 -0.1560696098895
0.0678979355113756 -0.257592573028272 0.187711557026127 -0.167175553724373
0.160819126134309 -0.257727968013035 0.315651713788228 -0.100855055584296
0.26815005358994 -0.160559977421715 0.328286809886721 0.113305127252543
0.356722483196208 0.00763006749375823 0.134491977051994 0.278501716880663
0.333934698629167 0.214155842583382 -0.0938939663352635 0.207251123044516
0.214267914312273 0.318511890441093 -0.136803306556874 -0.110999979906544
0.0738029321829606 0.265373511385831 -0.214664896498259 -0.299199716224548
0.182001586653049 0.23399585332134 -0.130754418272571 -0.353608234273963
0.263851053790806 0.106892025296031 -0.118842213659128 -0.359486335605253
0.230703102211078 -0.0539822675403723 -0.11078328394273 -0.282966006271545
0.15724434406248 -0.134564888454243 -0.136560699872846 -0.26797252726095
0.0859463058046067 -0.177243986199185 -0.175034318980915 -0.202742135981224
0.0321672904984321 -0.175249345528825 -0.126428807137529 -0.172392429541983
0.0358827231108936 -0.170593828096882 -0.0258687066732498 -0.184057914291779
0.0535405133885749 -0.172200821669614 0.0738392172895613 -0.224919464762373
0.0824742351320076 -0.174579509683821 0.218005270839717 -0.207321787830595
0.154961699074039 -0.156999457648778 0.339662940351203 -0.114442144567844
0.222923843012297 -0.0727131758586082 0.330359656235269 0.108423968574387
0.271973147564832 0.0714150924282205 0.11398686514396 0.241669008794663
0.219664343681899 0.23370911009994 -0.106033726212283 0.135652929909166
0.101496200908554 0.274815464921747 -0.149593201050451 -0.215257176143739
-0.0152654304511961 0.147772069439935 -0.256337677793669 -0.33605573571305
0.0746166828121605 0.153090679916469 -0.160343695052581 -0.339457925859562
0.140266112298859 0.0609841525106754 -0.111050748613883 -0.333320002743554
0.105665495643223 -0.026415460518117 -0.0749803418212042 -0.28646412533738
0.0726280768814506 -0.0479873841805877 -0.115919090111803 -0.296784541842333
0.0552989615072183 -0.0787520710789708 -0.157927558545037 -0.242007595036317
0.0313851156414072 -0.0851494621969632 -0.115266383533379 -0.222972317956958
0.042668037786214 -0.0795695700980289 -0.0106195694925842 -0.235145810127236
0.0523952699748015 -0.0842732830087149 0.102683177708711 -0.261761375268865
0.0670815642933787 -0.0794918992121271 0.254100052575957 -0.216077251220791
0.110522434995788 -0.0633804192749865 0.358173340096347 -0.0976024837089278
0.145913586050377 -0.0137896184195835 0.32397489821488 0.117391606853989
0.170241386308348 0.091668650123606 0.108931484566839 0.20504072782595
0.097554346333378 0.199834241165055 -0.0842916246398554 0.0746004837842268
-0.00734832909623372 0.183644691211649 -0.122433051165334 -0.283856824452691
0.0841719202836483 -0.0594408377550105 0.183927521293729 0.320793158480889
-0.0384976898168926 -0.0978705210286492 0.138614253607664 -0.0385192882981247
-0.0852159782404403 -0.0366804052105138 -0.121014706268192 -0.197591550990334
-0.0340738437463896 0.0198996756674753 -0.36523828690423 -0.125607711872961
-0.0098326900097841 -0.00205452773101492 -0.396603442034699 0.132955713975371
-0.0248540836442181 -0.00715813632682655 -0.266642313626258 0.286159731123659
-0.0417125800286958 -0.00451805310046808 -0.115897637742726 0.322527915752243
-0.0580741400588083 -0.0155346510211413 0.04943372761404 0.287294377274795
-0.0554508306018149 -0.0256687028887111 0.143852241769635 0.235110588983172
-0.0415242683099939 -0.0461433652544418 0.216694992928715 0.221090152018521
-0.0136391032436607 -0.0588185896051907 0.203776551839833 0.269261046265285
0.0178538732006508 -0.0338225222675373 0.147638756326879 0.310142170486972
-0.0028016814591281 -0.047421325901537 0.161752109521573 0.334985663873476
0.0345105438784509 -0.0863458748909619 0.205747481116588 0.350352943549463
0.118814962003879 -0.0334562394031397 0.336143178815766 0.303506274561348
0.168570565432385 0.0767617443156891 0.128268357551236 0.2909426885707
0.0674863140795715 -0.00756261886313712 0.0979230728002426 -0.054192303648267
0.0210702482223959 0.00370699498155115 -0.138244988515377 -0.215584362870292
0.05832627012807 0.00645740104033317 -0.364007391049523 -0.143110512229192
0.0621663710609499 -0.0625477317694876 -0.400684856514901 0.0946914010724979
0.0113024466717349 -0.095256285981761 -0.291363439358181 0.253129184239918
-0.035593084681343 -0.0993178837554445 -0.142220358959972 0.297737741496291
-0.0699896451992848 -0.120045426986919 0.0261908480617746 0.26339061438755
-0.0704726740284831 -0.136007310916148 0.124974864098118 0.197879264931043
-0.0485489978005635 -0.171062472947745 0.217687491152245 0.162347267538564
0.023166647953847 -0.200894367948273 0.244979911088 0.206670674403068
0.126565164698991 -0.148513098507946 0.202132390553006 0.282549804376702
0.167069744615456 -0.0836944518261571 0.178485988223149 0.337494773499243
0.209695727211477 -0.0307688753421037 0.1712098871183 0.329567097440234
0.253167882944841 0.0692327017275417 0.26820308307612 0.266766323580208
0.229308259170915 0.209459462786195 0.0591868976657179 0.202973147799666
0.173041510801077 0.099575134876818 0.0582838945447175 -0.116952057619614
0.147477300177298 0.0517897016361586 -0.161726033439441 -0.269379574930556
0.163385620948964 -0.0156383095913117 -0.367771408413138 -0.172053750095162
0.134856377309129 -0.125369431616605 -0.391544640298238 0.0488541649412472
0.0479248278048384 -0.17851549374877 -0.299947402299375 0.199654899066238
-0.0251460808142398 -0.184785286581493 -0.15960415103202 0.241619649426186
-0.0720180970340074 -0.206988698744076 0.000265609410832565 0.202695045942299
-0.0766326326097197 -0.223366243387359 0.0951399679565514 0.12508849598502
-0.0556689947770555 -0.266829599246485 0.203472505177297 0.0715451943833449
0.0381633619956552 -0.312383567910893 0.27675336779277 0.106390054920405
0.191127015842414 -0.252651897896599 0.266130037551642 0.224963833390048
0.296648618529067 -0.136819975040054 0.20466182088514 0.331030164491561
0.351777884955476 0.00421695893624489 0.123717156781519 0.315746221508358
0.351752794652561 0.154637461299022 0.1624854604706 0.206587582877985
0.263621580051286 0.310786644093464 -0.0241580609408103 0.0727318891352073
0.265658906921578 0.194569762447169 0.00811618210101294 -0.203935798054478
0.276714634499287 0.0886306251859641 -0.186290744730153 -0.333545705555792
0.26523770870719 -0.0534434447521427 -0.356870857421218 -0.208287471452959
0.192517896719341 -0.18946705249616 -0.364277819645674 -0.0108576486309185
0.0737625643354662 -0.247458204759275 -0.289709298481102 0.123246852904793
-0.0166027568672591 -0.246028613671322 -0.167824282522011 0.156433423756953
-0.06316023318071 -0.262880901024866 -0.0256734078943822 0.113480708863103
-0.0671806932595174 -0.276319654858156 0.0619263217728313 0.0299520180667836
-0.048047985383343 -0.318690664018838 0.179106496338159 -0.0324888523574026
0.0525613697732079 -0.370037302603021 0.289849333905512 -0.00501436536569864
0.223982868294023 -0.308416425362348 0.315509998734593 0.155586057713726
0.371539624558573 -0.165921709542949 0.218114011624882 0.314580439042393
0.435782162648823 0.040037143989306 0.0632998287094353 0.302035668163949
0.39179555149987 0.223165138847506 0.0391200728632233 0.124551669279274
0.263567927335743 0.357899163490831 -0.122983684424224 -0.0727212096023201
0.319914660512286 0.252224994410025 -0.0652590157046139 -0.286268791535082
0.366022199797877 0.103398886224762 -0.207724348585494 -0.374118249437195
0.327055791857663 -0.0920541954722992 -0.317901118345451 -0.239632280127986
0.218544141611819 -0.232097790324162 -0.31416520492184 -0.090393273205586
0.0819327275292184 -0.283614950532827 -0.268234550939381 0.0250490741847337
-0.0115131728189191 -0.271612743964065 -0.170918090011733 0.0505978965971183
-0.0438358467110935 -0.278747101984784 -0.0463292236387149 0.00755674276520483
-0.040877964725772 -0.287527121095525 0.0341167889593428 -0.0744714296914705
-0.0173992922841276 -0.32263396629786 0.159212757512823 -0.13098399867407
0.0816409905776848 -0.361097680493069 0.294627444528335 -0.100494604920177
0.244651502424417 -0.292089403107371 0.344934780873892 0.0957819022129316
0.39646181294288 -0.136831496765141 0.211046677831413 0.293301814105611
0.446109993711111 0.0950833732942461 -0.00166945831672016 0.276543807273338
0.364072518374364 0.272271338592619 -0.0773312637885672 0.022678382750498
0.221717800149318 0.340759462616868 -0.224490845599289 -0.202300526338765
0.311286084418016 0.257062842543635 -0.148057228428361 -0.338621535506365
0.374873396819798 0.0937794358463489 -0.21608073737787 -0.378118669885113
0.317104396516774 -0.109150759365339 -0.25183104856159 -0.260148117909864
0.201354050443524 -0.227941867529179 -0.253990740144805 -0.17608273711295
0.0747108632134839 -0.268721595586476 -0.244037221251761 -0.0814794333446041
-0.00525479971366645 -0.252618684767743 -0.173641527588562 -0.0600621722655278
-0.0183502934849861 -0.251232782073694 -0.0594544450708334 -0.0983704509043242
-0.00635564036838859 -0.25655672776308 0.0235140549557172 -0.172481480261431
0.0233837985487416 -0.276847880093556 0.159999073152028 -0.209124399707449
0.116153302220509 -0.291016075372122 0.307573003330657 -0.160886740097864
0.246889473744603 -0.212775606545414 0.358464541511069 0.0607117730383245
0.36657766911844 -0.0588807017379214 0.187698405660897 0.265388173896452
0.382521036894025 0.159496649319657 -0.0547916145858623 0.226206531495664
0.278653626486436 0.290319334160887 -0.161049510365044 -0.0898148228392945
0.136754944063265 0.266669235550159 -0.305800280031225 -0.287971733325297
0.235558662934479 0.215885297505216 -0.213538886517955 -0.350878518424004
0.298404229461504 0.0679135255135126 -0.209467119900503 -0.354436460659457
0.234922278360363 -0.0938972353768955 -0.183608501227505 -0.273032067457996
0.143826218140089 -0.167538236156172 -0.204553281408054 -0.246676683027625
0.0583835324315874 -0.200223706586416 -0.223984558842857 -0.172018081520421
0.003630481335827 -0.188235837064881 -0.173194804718136 -0.153951259164316
0.0083419906318308 -0.184617978354505 -0.0628269617201062 -0.186171201818721
0.0241163874590473 -0.188272782899259 0.0324193355173869 -0.248713819044724
0.0547245288760563 -0.192943808835911 0.185890145854275 -0.256812775644
0.129328327022112 -0.186165268140319 0.330034382585311 -0.181188885538661
0.215610899454478 -0.11313657263872 0.360880522039289 0.0543946520337576
0.291377816286508 0.0243737054501529 0.161059450181201 0.229628958837683
0.267559530601685 0.20006853866341 -0.0801927906270492 0.156704045993449
0.15440638505726 0.265893735107175 -0.193212251558663 -0.197898181719637
0.018798474887707 0.159999562301748 -0.345024418221703 -0.317783612854715
0.109517045010341 0.148740475466675 -0.237348607492514 -0.331829917247452
0.159284158609829 0.0417775261651815 -0.189026723365368 -0.32912636380812
0.108846860913069 -0.0430659720682513 -0.141402461834532 -0.284591266386967
0.0714920545536465 -0.062484098644832 -0.184860980171228 -0.284639212881032
0.0445203096561586 -0.0919673699450254 -0.212377675094313 -0.221530741633509
0.0200600784298051 -0.0938961090702743 -0.169999058696567 -0.212160169368924
0.032910998476787 -0.0902897721169682 -0.0566831476798097 -0.242209383376113
0.0409937062760595 -0.0953975580717419 0.0557720287905094 -0.292929845629771
0.0571473571145759 -0.0910683880654045 0.222012026302748 -0.272805779759271
0.101762124149023 -0.0809416845957801 0.35437625262272 -0.167220033906161
0.14653318760001 -0.0387175554308238 0.357260198617331 0.0645107383852304
0.190687155086807 0.0636262069820512 0.150042642866029 0.19408061673267
0.135142112533836 0.187501476224269 -0.0687630924111494 0.0911195775522387
0.0252476172686807 0.190359905606345 -0.177935122213628 -0.27535081750397
0.0805805273599889 -0.0696992581183195 0.222763272870324 0.308361282242075
-0.047684640694743 -0.0942232582295848 0.13825789965253 -0.056447049385589
-0.0897081616659212 -0.0266405027256332 -0.142897687359435 -0.190265982539701
-0.0315196667970027 0.022990515499899 -0.386178201570813 -0.0886866599375093
-0.0103914618808582 -0.00287427906863437 -0.388585918465391 0.17613054978882
-0.0267073853918028 -0.0046967708804571 -0.238380849714709 0.320439858689547
-0.0425552611042209 -0.000112954937518596 -0.0814688823603436 0.342050168127722
-0.0600990132116184 -0.00928666079940084 0.0818823648525686 0.288739401895692
-0.0609470637953531 -0.020457963169301 0.173262718822281 0.226129278575088
-0.0489678058888922 -0.0435394654350636 0.24300654624623 0.202682293137028
-0.0201543880180745 -0.0585067505872241 0.23497328861096 0.253768630873319
0.0152310696915365 -0.0378096361975473 0.181958661978456 0.303051588613173
-0.00611577034828458 -0.0479491149226066 0.199250441131701 0.324228290589411
0.0266289021590131 -0.0899069164010475 0.244329209361349 0.336234416411627
0.118662086911013 -0.0465154189449527 0.372587148587446 0.277730214298641
0.180093226426537 0.0593153371865142 0.163492290283235 0.283052855001156
0.0688895758958226 -0.0134714675043261 0.0966666388762199 -0.0664705649742292
0.0219561294820452 0.0029009189815686 -0.162131609141316 -0.208005389565455
0.0601861700720063 -8.53181555412613E-05 -0.386240440909206 -0.108852054491138
0.0563379147143123 -0.0714655481789706 -0.396595465077018 0.137227754784975
0.000330356171087143 -0.0978935693156187 -0.268876572881443 0.288347594174989
-0.0473531457635067 -0.0973683016076077 -0.11163129380607 0.319258488442291
-0.0857826441256768 -0.11442555822866 0.055338433338684 0.265797589221627
-0.088523156686009 -0.130947669102687 0.149414657884268 0.190461780980564
-0.070198339797054 -0.169900050354814 0.237291662756918 0.14334412971066
0.00140398768306922 -0.2073020466499 0.269358529326484 0.184357236209207
0.112667135356181 -0.165867464569767 0.234609557482222 0.269204651887211
0.16227258013334 -0.103261719919168 0.216903279522505 0.324773707891629
0.209917124646254 -0.0536836658956066 0.208404522202424 0.320482907902375
0.266147294762369 0.0445047376632419 0.300237877543791 0.248675484962827
0.256962480516172 0.188040591200173 0.0849914092550087 0.201194618054887
0.186213731719159 0.0840852083473925 0.0515981480614733 -0.124532617571003
0.154920316902954 0.0384470243851847 -0.19166646186494 -0.260311210188165
0.165410750591019 -0.0338706769291188 -0.392649597825525 -0.138920796102137
0.122639777078868 -0.142685352371747 -0.392831098003089 0.0897997167111865
0.0281774498481792 -0.186127199019465 -0.282778539356582 0.235447009878942
-0.0468883163294519 -0.184693889926245 -0.135156240697527 0.26361380947449
-0.0974924320353356 -0.20280323261132 0.0222261698012243 0.207217640158414
-0.105009335544327 -0.219492933241023 0.110267352786924 0.12001539522908
-0.0877158700244408 -0.267212930756239 0.211981439744837 0.0523877450204948
0.00300787487411849 -0.321908113279788 0.290048123854068 0.0777709242728333
0.166195430797967 -0.278210820973531 0.293055166597895 0.203586148190548
0.287232492309103 -0.171344418504185 0.24349725303147 0.315865709686901
0.359065449805209 -0.0345408579860465 0.158945444763878 0.31176035960964
0.375177769282425 0.122704553307695 0.187530397376166 0.196782434385746
0.303275544848606 0.287299054638753 -0.0138582987415154 0.0777645486118925
0.29043008993601 0.169937711758394 -0.00856769390044738 -0.207163045727461
0.290469962619725 0.062684790272061 -0.222201597162102 -0.322927615034711
0.264408639288373 -0.0830332968116901 -0.385797526452322 -0.177702420539594
0.174761760991965 -0.214442694881021 -0.372136145753181 0.0250611508899345
0.0457695943337775 -0.259012922419447 -0.280406043339868 0.156253743420243
-0.0448480168060007 -0.248565213472085 -0.152899804595323 0.1766500207807
-0.0947246054752728 -0.261047345780516 -0.0140172892959015 0.118540382946211
-0.101750877573532 -0.274698703236072 0.0653809397816194 0.0262052173683889
-0.0862840761845753 -0.321328696700524 0.175607814346511 -0.0503733702248333
0.0106980374315471 -0.381214906207664 0.291302518474242 -0.037427258462632
0.193359621353824 -0.338688515362703 0.336612101520567 0.126812384183756
0.36036268027669 -0.208260911235334 0.256909601461661 0.298809803832517
0.447584074124383 -0.00662741142768978 0.0972752502333728 0.304615235045259
0.423119867147995 0.187711283591168 0.0546821119714037 0.126115733068339
0.3082888731809 0.335199155769832 -0.129856083098804 -0.0607169880693666
0.352582080311957 0.222371510221139 -0.0901488508289865 -0.282704648370047
0.381838706510991 0.0670476400071281 -0.247660089578252 -0.360815637172231
0.322197734640412 -0.128725744071936 -0.34959246967614 -0.213533211959914
0.197049792666007 -0.260115946204995 -0.330363698903383 -0.0610819470835733
0.0493406864235936 -0.296953236580629 -0.269283219385544 0.0537485602790025
-0.0421635549884982 -0.27515934754351 -0.168117170977218 0.0689962423306843
-0.0770056224424977 -0.278932583502526 -0.0474900228321106 0.0128770554154281
-0.0749333443765683 -0.288715695660762 0.0250063732776614 -0.0779769587190969
-0.0555895785534329 -0.328030496247663 0.144911087255185 -0.148432825203931
0.0411314116729383 -0.376117473100241 0.28524002239419 -0.13495172397148
0.216142879130997 -0.322916621289045 0.358633553540748 0.062198327279951
0.386916888735758 -0.181347205650012 0.24717128492535 0.2781254294355
0.462869783454663 0.0491206709752539 0.0289214728081883 0.284299331335147
0.4004852594848 0.239822133938516 -0.0744943222587393 0.0341149826619304
0.262362811817986 0.322436603723041 -0.246517940766596 -0.182931299533226
0.344328037414103 0.229361467664824 -0.179739774183963 -0.327447964094773
0.389509098503832 0.0566660197787968 -0.258455557452611 -0.363193972187035
0.310732600806224 -0.145070751188413 -0.284051770557314 -0.241028816014708
0.179071876520306 -0.253773554571845 -0.278959552410255 -0.153422525877815
0.0437475793464862 -0.281045593184926 -0.256295798298019 -0.0574600941301131
-0.0344306381864792 -0.255631050560714 -0.182737461269353 -0.0432992483398509
-0.0472675388808681 -0.254253346126713 -0.0730612236048265 -0.0933965691250083
-0.0363710474293424 -0.260321860490552 0.00214942693586538 -0.176258892725004
-0.00760628949254943 -0.284601031155254 0.137631073784136 -0.228310286210118
0.084089133729614 -0.308401711618324 0.291075147247285 -0.198872623839437
0.227982012339495 -0.242330749516348 0.36848272391586 0.0258381842554057
0.365292795486809 -0.0979251278816043 0.220466795664157 0.252365902125675
0.405839532232803 0.119957983276756 -0.0302961815059283 0.238362950824028
0.314530176974652 0.266793784028279 -0.171364633797887 -0.0725289665785624
0.168008501636875 0.256570262793143 -0.339716003742062 -0.263346439234676
0.26214953129549 0.193894674086123 -0.248285539404692 -0.334287153997613
0.307921043248912 0.0385361684336604 -0.247474848850722 -0.338882644346748
0.228588613166835 -0.119442064114655 -0.215799328618316 -0.262118804516282
0.128850732160711 -0.186093692549588 -0.235839577204373 -0.230020655838973
0.0356242718783331 -0.209209327587864 -0.246626340522064 -0.151066213204392
-0.0165731619322019 -0.19187661230483 -0.194155650196522 -0.139635996634297
-0.0109868760808223 -0.189142446688441 -0.0871088425957647 -0.182900395805425
0.00366909462015994 -0.194039343052182 0.00371973801217832 -0.254928044305877
0.0345653875148451 -0.2027884012807 0.158638708556877 -0.280155233422154
0.109674259566654 -0.202417157881843 0.313482938108077 -0.219845343375847
0.207151886372246 -0.136682634735924 0.371500839238382 0.0178173760812175
0.297116216663646 -0.00490055794135767 0.189462694514512 0.21960906863927
0.293592716421917 0.173326708774337 -0.0634987782365859 0.169620457471461
0.185259583941099 0.25343160518384 -0.21710453083476 -0.178787460499888
0.0370864780990511 0.159108548896085 -0.383867315456006 -0.290775656076888
0.126321285850866 0.139002616287438 -0.271788553650699 -0.314597949581115
0.16465082498078 0.0261225630975512 -0.224555031530006 -0.315581358473714
0.105887216100008 -0.0541745171910797 -0.175644519651355 -0.278372581981259
0.0664944347974941 -0.0706293142358531 -0.219506898274566 -0.269922517932231
0.0330071015610257 -0.0975907065603605 -0.24064366967465 -0.203794523994548
0.010719047867451 -0.0976389637423204 -0.197308830032814 -0.198767654254848
0.0242940128942692 -0.0962788953446203 -0.0865565269091998 -0.240106731497531
0.0311917048720134 -0.101117947143788 0.0227359432783364 -0.303409876750624
0.0492257272893663 -0.0982132018187492 0.19469912462086 -0.300550882955237
0.0938790433609705 -0.0931104370437899 0.34000930721017 -0.208086065713084
0.144757947029896 -0.0539615693118058 0.369197593372019 0.0284593412435585
0.198360250395351 0.045030523652613 0.172622747819109 0.184579613816054
0.156467581106103 0.174899448781682 -0.059590080800524 0.101179651350223
0.0456225889285329 0.189436770374847 -0.20963458977636 -0.260117612833934
0.072085526992016 -0.0761506300639268 0.246919369150771 0.277425570289746
-0.0533124718127162 -0.0862127861017243 0.129242205801641 -0.0694793924868109
-0.0880098585994351 -0.0171383984807829 -0.156755094129115 -0.172648144796529
-0.0275903470738185 0.0239482455285082 -0.384027979278435 -0.050232362474101
-0.0107803345001284 -0.0029935272568463 -0.35763761845909 0.205900142879982
-0.0262382629403877 -0.00177486603033892 -0.197789879304052 0.331996729939474
-0.0408987262500883 0.0044235845682652 -0.0437679391668368 0.340059025717764
-0.0590110396324765 -0.00219907650615097 0.109411692480818 0.272658208278113
-0.0614490765576178 -0.0136612958365026 0.190273706747865 0.20376792043158
-0.0528827026166551 -0.03777374234324 0.252852482657446 0.174008252980778
-0.0246040737061389 -0.055463727022235 0.250454520704839 0.223798258876113
0.0118143962699577 -0.0395206234766232 0.205178502568769 0.277587617096959
-0.00942614532614221 -0.046357881534726 0.222904959687752 0.294592747393311
0.017646621648147 -0.0882497132118805 0.266831640500819 0.304617233299667
0.111408258829065 -0.0560720348865423 0.385906951221903 0.237652598811341
0.18146868845329 0.0396188761372615 0.18850552405691 0.258829497484659
0.0663580331300791 -0.0185063263932363 0.0886372664482025 -0.0747961723132022
0.021958192207704 0.00162864394521199 -0.176409126415204 -0.187893381812187
0.0589916512074868 -0.00680560206294847 -0.38541600419251 -0.0697271387414087
0.0461500018724389 -0.075951681654057 -0.369957606883306 0.16877773700114
-0.00986675461040246 -0.0945229511195895 -0.230501726406643 0.304876509563905
-0.055163821922539 -0.0895851030375048 -0.074549244518418 0.320932791397795
-0.0939871581181522 -0.102231379484735 0.0812103979999966 0.25300283834425
-0.100619193920943 -0.118296610514347 0.163422421689511 0.172199615105892
-0.0861239191616 -0.158669890948593 0.240953140847177 0.117574728403616
-0.0192625136685856 -0.200478802054282 0.276755163006377 0.152779177228917
0.0930669728872675 -0.172317359934199 0.252128798261486 0.240521713201059
0.147602635847505 -0.115814658686349 0.241614647519563 0.294726686174052
0.198428659372676 -0.0708213668135203 0.231118966000696 0.293140075715896
0.262253361526563 0.01880758301294 0.313909950519004 0.216178199450495
0.267229064930503 0.157008889878081 0.105199774805165 0.186869824794027
0.188444748308153 0.0641687795733186 0.042067353287827 -0.126003501727347
0.153020885408879 0.0240043907865548 -0.20929599667154 -0.236293020301484
0.156502955274579 -0.0491189522362879 -0.394841547079218 -0.100073490413423
0.10373710690405 -0.150975318168505 -0.371183511084846 0.122717397814986
0.00731430378097101 -0.182189894904995 -0.249067730587523 0.254811350456311
-0.0644141898703975 -0.174097708197421 -0.103337243658491 0.268502044455272
-0.114915858187947 -0.187096903424876 0.0427653258178274 0.19885936659741
-0.125867846498682 -0.202571709127529 0.11940143634693 0.106977763313924
-0.113709043341905 -0.25118206370217 0.208294590260917 0.0320933959925721
-0.0295035732645655 -0.31187450541882 0.286130087704718 0.0478743355156928
0.132975277061221 -0.285490883307059 0.302267450855828 0.170990030882172
0.26132111556547 -0.193686709703723 0.265971079143278 0.283959993552743
0.343870670300561 -0.0675968654403371 0.183821562137483 0.288962145396655
0.376468082762971 0.0842337304289207 0.201564460687832 0.176411649554527
0.321805795569368 0.248681127953524 -0.00169045075748234 0.0766675029347446
0.297716888910461 0.137585313181406 -0.0220220916311433 -0.199367139176479
0.285906995499604 0.0343693488226739 -0.243226386228145 -0.293640283607413
0.247651745421101 -0.105803780000827 -0.390770401712694 -0.136863600853317
0.147008344748951 -0.225392543929692 -0.356991517797592 0.0585552444232637
0.0165078281743848 -0.254000520135383 -0.254723108934877 0.178603987002537
-0.0691123910174609 -0.235418818515476 -0.130270690031196 0.186383221419879
-0.118240483355066 -0.242954541840382 -0.00229105490664397 0.11672343801302
-0.128135426119541 -0.256460911701199 0.0655779782113301 0.021288069045448
-0.117447890856633 -0.302536412242654 0.162966974938121 -0.0635027801124571
-0.029385311152784 -0.369940315514189 0.27449901259397 -0.064272555601851
0.152465400063333 -0.346716093037516 0.336123334805238 0.0932572199502948
0.327792463650565 -0.236834342239998 0.278731159979363 0.266295202536045
0.432656692429691 -0.0496984215881156 0.12498863257277 0.288116424919285
0.428749877925466 0.143810153586607 0.0668269877831236 0.119497634746407
0.331716461079347 0.293516928185292 -0.127781693535042 -0.0472964834864486
0.362612875185276 0.181521367900737 -0.108297908591393 -0.263869133899428
0.374414708008007 0.03036950109826 -0.271873425081689 -0.328038693096612
0.299756493048258 -0.155424047091305 -0.358525189184301 -0.176317310317334
0.163746044565469 -0.271503475573644 -0.326692924642373 -0.0283833520097561
0.0167833896468236 -0.290954495967242 -0.254519500092223 0.0774431026688335
-0.0695446065478771 -0.261880781036329 -0.156186179887254 0.0827495925719529
-0.103043255149056 -0.262323917067022 -0.0450782473164036 0.0175718284327086
-0.104089393588874 -0.27159405839861 0.0155336161944993 -0.0758943719465442
-0.0892574759592328 -0.311483801795062 0.123194097721461 -0.156009221970125
0.000203106959863174 -0.367725407232281 0.258730407859302 -0.158372040083234
0.175877692970682 -0.334280647668532 0.351891812363748 0.0291868144088284
0.355950895286025 -0.212134895881086 0.267562651941914 0.247193143317341
0.451609555211255 0.000460917051538518 0.0568314860463156 0.274785555112661
0.411518891301908 0.194426591894981 -0.0669956939085191 0.0417672253484871
0.286544174407537 0.285861608704541 -0.253348748224425 -0.15496572756512
0.353755357635301 0.1874253355892 -0.198946710240614 -0.299830351010288
0.381143295104579 0.0192958674549215 -0.282469525483874 -0.329001867795623
0.285749113948995 -0.169728411009059 -0.298315059511782 -0.208809521390199
0.148418759031357 -0.263575795473803 -0.286040766468653 -0.122203638528813
0.0127033774625579 -0.275592018664775 -0.252942560640066 -0.0318549090677956
-0.0591958575591562 -0.243474898313591 -0.182061117522897 -0.024895806698877
-0.0714963415612303 -0.241341544865877 -0.0819639697094654 -0.0830346607235118
-0.0628582459535341 -0.247999985650451 -0.016943385311537 -0.168431157986436
-0.0374733680272837 -0.275343483365671 0.108139355214934 -0.232554991900109
0.0493802625515697 -0.306248731440064 0.258204044040826 -0.219236595474098
0.196097655832818 -0.256630698414199 0.357271679987426 -0.00890515407076647
0.341980039532315 -0.128808622854481 0.23847963062086 0.225561206277871
0.401566392536132 0.075236510778446 -0.00382996721739809 0.235524256940179
0.330641900028805 0.228746605695781 -0.171647020661375 -0.0527880195328478
0.188402003062515 0.230565970072529 -0.353083130074143 -0.224250142506728
0.272054564555565 0.161721993473277 -0.266994140990194 -0.300975498599108
0.299901307580081 0.00880392343821742 -0.269443276379362 -0.30613105457756
0.209283349301788 -0.13655511448 -0.235099409307959 -0.235336298578997
0.106283197568776 -0.192864044004763 -0.252159610689506 -0.20034260172676
0.0115953526111647 -0.205659122497083 -0.253402201847981 -0.123488673495145
-0.0363721159309787 -0.183831763652384 -0.202692878546159 -0.115959165727926
-0.0301194466786366 -0.182896270612764 -0.103753816404974 -0.168589588954
-0.0160210759713895 -0.188037085074893 -0.0239867060494838 -0.245495003985811
0.0128556615564628 -0.199013201646064 0.123543262078061 -0.285752528068539
0.0849409822007402 -0.206377046338737 0.277532189453259 -0.244040618324301
0.186342097134404 -0.152340004061739 0.358703481093007 -0.0165980078392895
0.285588425891712 -0.0320737987704538 0.204905250079993 0.196897331308763
0.298041206845524 0.138127252162763 -0.0434313942868575 0.171206578910675
0.202913126211612 0.226867317897893 -0.226208751765804 -0.150764952302715
0.0520016474020121 0.149613127486365 -0.399886473437047 -0.248800218960009
0.135472604930488 0.122033530002136 -0.289132430989596 -0.281136844292931
0.15936364294608 0.0109143831887889 -0.246045747365023 -0.285008249068292
0.0976920452957605 -0.0614559436791211 -0.196907510542598 -0.255967465431468
0.0578342951365097 -0.0746513113589773 -0.240469370957829 -0.240177469210843
0.021428581555095 -0.0971086181935737 -0.253631343051055 -0.175834796592245
-0.000103822879870548 -0.0954480640052382 -0.211833208515788 -0.173825874581573
0.0151931789895698 -0.0959554017065772 -0.109198932904908 -0.224747997433471
0.0207199324472771 -0.0999616289283656 -0.0101669147452875 -0.294219418050228
0.0385748205197673 -0.0996610753574972 0.157128448854173 -0.308850852336842
0.0810688954036061 -0.0987042580198802 0.306219586434485 -0.233653593645126
0.134702336876432 -0.066171394464756 0.358962298656604 -0.00611204080642391
0.194648883104787 0.0254443626774643 0.18428634568653 0.164557421369069
0.167944515301922 0.152124738951946 -0.0465145830130854 0.104420642729496
0.0612905092887984 0.177643650674008 -0.226759520581046 -0.230403870913992
0.065387028376555 -0.0760632792999573 0.251057657280334 0.247706720582923
-0.0533499700382693 -0.0773376735348504 0.117993131213457 -0.0746700288873007
-0.082400637431254 -0.0107789284611084 -0.157444589865058 -0.156640777339887
-0.0246676646367301 0.0224794045041496 -0.366491507535209 -0.0270619385939061
-0.0112634692600707 -0.00350308740460622 -0.325727724325368 0.211636977412987
-0.024848332771158 -0.000510030398797155 -0.166617336349838 0.325327372246687
-0.0380909673711225 0.00593790497988704 -0.0200757066434994 0.32630502310086
-0.0553415778765934 0.00144981801382931 0.120230066756792 0.253157180110589
-0.0599572917204688 -0.00886701949689673 0.192782338632458 0.183774520472768
-0.0536492662049454 -0.033037140342152 0.247732789264436 0.151660904216037
-0.0263392625193224 -0.0518619077043785 0.248362778958117 0.199236018856091
0.0094240639160701 -0.0395934829025045 0.208853268823743 0.255598971735972
-0.0103938752519636 -0.0442009986797877 0.225068704328191 0.267741560212969
0.012992704341044 -0.0826546812116417 0.267139635095264 0.275951996889811
0.10295037550476 -0.058928495964839 0.376582711808886 0.20890226646633
0.174549944215262 0.0265597300993648 0.195028924603443 0.233989065263101
0.0626206498262573 -0.0199856211422966 0.082143310963934 -0.0761635917750276
0.0221435847913968 0.00158197337824276 -0.176675130702191 -0.170663663713667
0.0555189223139263 -0.0109811439555686 -0.369568831021367 -0.0464011617522673
0.038235265936576 -0.0752734319659346 -0.339942936955595 0.177284906181091
-0.0150836463883582 -0.0884687557619516 -0.198815794144033 0.300528984828413
-0.0575671280842178 -0.0809963178190546 -0.0508671396762627 0.308515095462548
-0.0949940964203653 -0.091088576594557 0.0917518214584318 0.236273055406464
-0.103135442517589 -0.106242707819886 0.165956914535377 0.155118048634165
-0.0923285034688705 -0.145302922024881 0.233197288490286 0.099862979474955
-0.030123605894428 -0.189140608208262 0.268174399127289 0.13015420222153
0.0777666201218412 -0.168922493051891 0.250800039483933 0.215801463518717
0.133846188595018 -0.118210319866173 0.243200948067162 0.265663344029239
0.184435185385301 -0.0761145442209551 0.233634123488358 0.2677756040187
0.250688268972126 0.00589175864280336 0.308975827243628 0.191363679908674
0.261168422044046 0.1323194605457 0.113470944734417 0.170514593000589
0.181887460710136 0.0515160604869981 0.0369502573388211 -0.121568989756632
0.146909066449566 0.0159928527864291 -0.209374665107916 -0.214542780083457
0.14560853745148 -0.0556078366791116 -0.379088288687653 -0.074434470326725
0.0887000636403251 -0.149644680121918 -0.343714437252885 0.13276532238811
-0.00431907524504667 -0.171809565010165 -0.21960288887648 0.25438279769798
-0.0710092127326507 -0.160754604233652 -0.0812859268362606 0.260466695042985
-0.119817384108173 -0.170295476418633 0.0518441927561749 0.187255769348219
-0.13266500776282 -0.184040464450334 0.119364693154222 0.0966655098461548
-0.124822349650397 -0.230449891723135 0.197286218889508 0.0213599480679209
-0.0475670110269283 -0.292878006585562 0.27000272903648 0.0304765175686251
0.109150314448306 -0.277481954816711 0.294723416535914 0.147364938746611
0.236227209833916 -0.197663186547397 0.268362798572205 0.25568019184702
0.321075299746827 -0.0817059186633868 0.189689641930945 0.266158693235584
0.361758199847652 0.0616343205861008 0.202356955167488 0.159065748238109
0.318413050399313 0.215998384983164 0.0061110239263278 0.0716954063720185
0.288857558926653 0.114342454936088 -0.0259040811872322 -0.187672649470356
0.272188965091038 0.0180545219454731 -0.244945991343581 -0.266277022633573
0.228371480169409 -0.114596904787023 -0.377683962934966 -0.111278876713787
0.124911875646358 -0.222266762729029 -0.334830420986295 0.0725337603369352
-0.000592146327436732 -0.240035801558541 -0.230205918923306 0.182813625740525
-0.0804584050750427 -0.218513167007293 -0.111486142540741 0.183511847562355
-0.126735202645295 -0.223755982603086 0.00510711662122434 0.111544765410872
-0.138022288783999 -0.234542743208872 0.0631661962470742 0.0182007532659899
-0.130841081061244 -0.279989864173486 0.148833517897474 -0.0670024497964048
-0.0508872418649555 -0.347449089407861 0.252021745827408 -0.0760006665473941
0.124564445950078 -0.335442997869872 0.321895532361238 0.0717496850363196
0.296320652084764 -0.24081202513027 0.279134348621388 0.237956074185027
0.40504641709792 -0.0708344198174483 0.135551825403986 0.266937480089883
0.414926948719905 0.114387987423942 0.0724703896721516 0.110376585886069
0.329954715438702 0.258582983598852 -0.120219667220309 -0.0392846318602335
0.352956724724985 0.151715108400662 -0.109822021122032 -0.24497175481118
0.355589182869534 0.00974045233276027 -0.273414742284163 -0.298269467667211
0.273950102360613 -0.16385141753524 -0.34887869525383 -0.149036232911121
0.138907876255864 -0.267371657718719 -0.310526408151923 -0.0102694583529774
-0.00258020629702534 -0.27466236494276 -0.2356918148457 0.087401560193697
-0.0823288224976865 -0.242500761662883 -0.142775073339927 0.0868707473259164
-0.11386928968207 -0.242853482685381 -0.0430468016214151 0.0199773955482414
-0.116102249897719 -0.251415720486675 0.00955514780692307 -0.0702528447077357
-0.104258579662133 -0.289784274534069 0.105778560093231 -0.152024410323126
-0.0226659437714953 -0.346215439195399 0.232057132528758 -0.163546844543814
0.147159712361917 -0.325148206503662 0.332859202537164 0.00865856816778539
0.323533860939045 -0.219476871709749 0.267700846451117 0.221262388904225
0.426732460434526 -0.0253651335059217 0.0701979641204639 0.258433886538963
0.401261612078154 0.164029171487649 -0.0586589522854489 0.0446114402593852
0.287120379733243 0.253596397343913 -0.245553108850957 -0.134770770716875
0.344606245618662 0.158737389940476 -0.198602875172122 -0.274386826705408
0.359954671544496 -0.000844823097219652 -0.281568045508125 -0.297365827141365
0.260780186269952 -0.176617355586922 -0.293890796139902 -0.184181138684728
0.124453712810848 -0.258520336701219 -0.278015554305672 -0.100682069030819
-0.0055663316021632 -0.258937995383035 -0.241372329102422 -0.0166046119796625
-0.0709630754988798 -0.226109374142451 -0.173989290937383 -0.013782141807782
-0.0825267718899598 -0.224635286949324 -0.0840559781581837 -0.0735049231443085
-0.0745931544218237 -0.230659057918809 -0.0272823763319641 -0.156445791765813
-0.0539942793180893 -0.258103685687608 0.0878432644491073 -0.223590763738336
0.026858946879551 -0.291270113211819 0.227834305141188 -0.221582033352622
0.17010355664105 -0.253335688798586 0.335619942717243 -0.0255461754401248
0.315807663870551 -0.139032956687591 0.239376682338884 0.202597779588492
0.383542694497626 0.0489648282192407 0.0100466415502219 0.224281188971904
0.324448589111539 0.199399612155644 -0.163244694313482 -0.0388577649359821
0.191702478782719 0.206642224492458 -0.344535587818545 -0.195422355166398
0.266062814041373 0.138659959174257 -0.26439835346623 -0.273508882415915
0.282145497714683 -0.00674091416880493 -0.26976417550434 -0.276771260433617
0.19042106946771 -0.140491093388299 -0.235272554258171 -0.21261817350226
0.0895596797571391 -0.188017939122503 -0.250150995812203 -0.175210786814091
-0.00236517866489804 -0.193279821764405 -0.246843430386662 -0.103656109725253
-0.0460805982027548 -0.171666336047091 -0.199657407523251 -0.09876528290983
-0.0386469335447059 -0.172296059108097 -0.110632995310485 -0.153515165622116
-0.0262863842986342 -0.176436749993038 -0.0389752227216233 -0.228015871308238
-7.91600417978256E-05 -0.18844463561466 0.0993747725775093 -0.274912203382837
0.0674025245765207 -0.199067844303443 0.246204205425257 -0.245372150927508
0.167463189954321 -0.152817529321147 0.337240235099702 -0.0335108966598744
0.267185289073407 -0.0437867238392104 0.205068477045227 0.176891925833383
0.288051171308706 0.114053083705933 -0.0301162398552384 0.164860276811665
0.203805032784503 0.203366308394377 -0.221237138556619 -0.129636996560043
0.0570859186696834 0.137234843129558 -0.391385702968552 -0.216796209931956
0.133739198481634 0.106697038792284 -0.286407705787426 -0.25348990910685
0.14955562011493 0.00262547680094119 -0.246364169595011 -0.256692072804131
0.0893580154055464 -0.0623589225564914 -0.200484388969108 -0.232824854308807
0.051321821690635 -0.0735749437500046 -0.240253166228984 -0.213237315083098
0.0130083730974906 -0.0917121153172752 -0.24980553921381 -0.152751647758213
-0.00659900082116772 -0.0896886317313107 -0.211952814919172 -0.152294884525803
0.00974207160924249 -0.0923642949499233 -0.118835614160533 -0.206249732726539
0.0145961467629887 -0.0952875825823795 -0.0285483454746475 -0.275503512416653
0.0318550455057124 -0.0958705673857315 0.129464875378741 -0.299545169326374
0.0708525260976023 -0.0976006874315935 0.274476796702648 -0.237565969704851
0.123714011186579 -0.0691155087764784 0.338533861014276 -0.0237503248556704
0.184038054730893 0.0161350116639758 0.183043205408818 0.147569973965573
0.164790085545849 0.134033350249081 -0.0375824613591029 0.101642540531008
0.0666036500380253 0.163427289970646 -0.226918015302038 -0.205297565010623
0.0615870591842633 -0.0750663704711418 0.247965177419324 0.233914666139405
-0.0504005363332767 -0.073402767798019 0.112728356760864 -0.075433115702014
-0.076895625572854 -0.00949070245082824 -0.153923625162001 -0.150592105229011
-0.0237550607816106 0.0205731165682155 -0.353010736447991 -0.0218260180697868
-0.0116567772588052 -0.00437265758927577 -0.30926601876307 0.206250568797713
-0.0236919862236069 -0.000662548513831939 -0.151455920191345 0.31366458156433
-0.0363004474154188 0.0063017877017531 -0.0112860848684127 0.313750236771055
-0.0524176143482641 0.00167075728955273 0.12129442241858 0.242536400642473
-0.0583620476020318 -0.00708944570928927 0.191040996217702 0.175342494593197
-0.0529316338061694 -0.0307584078942997 0.240056518934234 0.143651571810553
-0.0260342941008838 -0.0503642641295555 0.241455856280177 0.189305088834849
0.00850935232663112 -0.0395497200262669 0.204812195313224 0.244221215563749
-0.0101727643545706 -0.0425266125419328 0.218058732536332 0.253970346889344
0.0124604920300121 -0.0780250740942709 0.258935016228689 0.264100878091647
0.0993573826990469 -0.0575087136313257 0.364528175593549 0.198931651520972
0.167911690001397 0.0223527914783914 0.194755424568378 0.220743952584143
0.0609079544011113 -0.0199475324206399 0.0804524129632306 -0.0759959707633674
0.0233530573320011 0.00177517436430791 -0.171431154962652 -0.163858132485534
0.0530311227757606 -0.0124753979912926 -0.356191628154677 -0.0407961869485022
0.0343732704965776 -0.0739033066287003 -0.322809752109358 0.173278550867102
-0.0162991728716845 -0.084577592174857 -0.184072836329681 0.29218066877252
-0.0568377380441066 -0.0769630738586503 -0.041949981598716 0.298060979436666
-0.0933362171844973 -0.0863509348209509 0.0945008646333795 0.226700741601923
-0.102806626244968 -0.0994174910190533 0.163393960786348 0.148589150376204
-0.0936265303786342 -0.138406514168017 0.22500386695016 0.0948660640059669
-0.0325881921383027 -0.181507896355758 0.258133045925506 0.122487818062966
0.07201951152642 -0.164805080212997 0.244385904666601 0.206358689592843
0.127373001631512 -0.115913655497228 0.237430831951956 0.253700513316704
0.176499046966814 -0.0752955124682603 0.228212138513556 0.256160745162124
0.242510772944669 0.00382305476323436 0.301056745811397 0.183653078023128
0.253782006047723 0.122226373781573 0.11560446440246 0.161303314288792
0.17584713707308 0.0467080554539667 0.0382325089842165 -0.119070163945688
0.142356524320118 0.0144353021234671 -0.203538329493772 -0.205532207317099
0.138560746173871 -0.0563279814937814 -0.366021248048913 -0.0679580171641062
0.0810677094798242 -0.145417728979468 -0.328046151411987 0.131549337974886
-0.00802576181098657 -0.164203557813082 -0.204583977426032 0.247341876589821
-0.0719393590375516 -0.153306086850949 -0.0722022790546676 0.251670354294797
-0.119612065477571 -0.161755139214973 0.0540289134465275 0.180365032236801
-0.132753559739355 -0.17450758842208 0.117795832024879 0.0930577527572294
-0.125705468531956 -0.22014220905001 0.189264156742893 0.0200242282748843
-0.0514647193502759 -0.281387288014442 0.256948849385655 0.0260672083758638
0.0992090382919579 -0.270129571925486 0.285107359925172 0.140661044107312
0.224219820615045 -0.193447018720537 0.261260241207972 0.242549946212777
0.308058431000715 -0.0824898628924582 0.187862196109552 0.254960543521399
0.350609612598092 0.0562680610375798 0.198220401610259 0.152230813361272
0.308936478198518 0.201631312551327 0.0114653231499815 0.0674552176900177
0.279392554968467 0.105705519656289 -0.0216876523680074 -0.180489950546581
0.262265792906802 0.0157979692005568 -0.237324187279856 -0.255732104142148
0.217423770765236 -0.113741563868514 -0.363961319753956 -0.103213173212959
0.115591724046795 -0.21666649507219 -0.320793868865752 0.0730121280811955
-0.0061552244838941 -0.229769561841551 -0.216174671605715 0.179056896928619
-0.0819568969846189 -0.208054221203178 -0.103362387019035 0.178991400923484
-0.126957752022548 -0.213451156615621 0.00684534388932303 0.107750425155095
-0.138780754460467 -0.222848726454793 0.061036981204689 0.0184250723846553
-0.133594940342223 -0.267466704336582 0.141546196618222 -0.0633181036451065
-0.0564934991711196 -0.333909659892217 0.237328410420762 -0.0752074648135046
0.113736892622216 -0.325749597289138 0.309936804101232 0.0667262055381973
0.280801486848119 -0.236101376112757 0.273151681618624 0.226164609503869
0.388783341500226 -0.0735734007566122 0.135343360786538 0.256768945941754
0.403235933160601 0.106633566362884 0.0738714072242767 0.106750565717006
0.321114781815134 0.242496401064131 -0.111967430750061 -0.0379035688838787
0.34057551105537 0.141026778540256 -0.102661759193444 -0.23473173012048
0.342346092070601 0.00589347960050568 -0.265076685832614 -0.284786401534893
0.260922349404323 -0.162250048692268 -0.337938240126135 -0.140759862214206
0.127584465265037 -0.260208325885126 -0.298616077348281 -0.00686607051860916
-0.00926690784218973 -0.26237827339212 -0.224783040828779 0.0877199131358168
-0.0847915074528953 -0.23116716163554 -0.135549229420342 0.0863032146210167
-0.114915050303096 -0.232152791948151 -0.0416568325595052 0.0198730370011058
-0.117675490390536 -0.238941113020165 0.00782119911453425 -0.0653697812659856
-0.108191247433564 -0.277577934469053 0.0990587019518876 -0.145091409415782
-0.0302011527147422 -0.33208416296444 0.215468092928023 -0.159825168096684
0.135038033645423 -0.315812171532062 0.31937403035491 0.00650681607162411
0.30762298875203 -0.213618005120893 0.262215536798198 0.210332049942671
0.408693969480547 -0.0298307973393134 0.0742432443560259 0.248196641264878
0.389239902973668 0.154374637284738 -0.0534095668137187 0.0447878996498283
0.279728841347576 0.237514111205847 -0.2358353798766 -0.128504275200289
0.332914860869506 0.146646594922696 -0.188881231282676 -0.262074188954848
0.345554487234284 -0.00467720821163235 -0.273327927197425 -0.284230908295519
0.247744148940705 -0.173673016206573 -0.285272364225558 -0.174846639361661
0.11434000595389 -0.250907647807844 -0.268220359970084 -0.0928568495024235
-0.0113922143388365 -0.247546016681697 -0.231908416689449 -0.011573767979976
-0.0739829598202671 -0.215300385288307 -0.167923607233673 -0.0102832754266073
-0.0849516856081387 -0.215702532901276 -0.0834646219059773 -0.0685059754596827
-0.0768094696747551 -0.220235727113826 -0.0293607551351833 -0.148215182159271
-0.0572782681422549 -0.247041906028044 0.0796962019272399 -0.214721162089307
0.0182969104841884 -0.27912677044726 0.211680397043986 -0.216006542647368
0.159177919980778 -0.245851745627708 0.321666462103392 -0.0281945741582135
0.301037064392734 -0.137288241127342 0.233670408888992 0.193678803558016
0.368070503768267 0.0413291578316196 0.0149690626684728 0.215492711432618
0.315480841996446 0.18859076683332 -0.156105201593242 -0.0344411231557474
0.187471424512953 0.19453965077775 -0.33375759095001 -0.186552099789664
0.256968275538951 0.129466307757145 -0.25347284537366 -0.260809143242597
0.270409969882682 -0.00901722121773697 -0.261179723535977 -0.264647670052128
0.180740481492201 -0.138052482285767 -0.229251561585851 -0.202849405780766
0.0829961929728071 -0.183089778431051 -0.24310774557433 -0.164724485375158
-0.00677281384205922 -0.184143052495315 -0.239543984341678 -0.0957657654827951
-0.0485851811407334 -0.163358505436488 -0.194963074286253 -0.0919496774140932
-0.040554189740862 -0.16542769857903 -0.111281220633623 -0.145237679647032
-0.0281552822037955 -0.169110936262012 -0.0423840392902232 -0.217278054174629
-0.00358457806700818 -0.181695215160716 0.0896220276787161 -0.26400341968795
0.0601423229326258 -0.191686112879492 0.229304181200084 -0.238310867726298
0.158569587925019 -0.149567739693397 0.323633726145586 -0.0357545165401562
0.254951798147971 -0.0440769321316709 0.200212178484231 0.170009509653356
0.277113560485912 0.104522323202729 -0.02501907964478 0.159232416916217
0.197739151284095 0.193726153993762 -0.214349136887915 -0.120635201190139
0.0572267151298669 0.129949153956075 -0.379628236186889 -0.205887389961378
0.130562617589288 0.100634517177823 -0.277969111723824 -0.243496871132152
0.142300262388443 0.00172695019485923 -0.238995666786986 -0.245946079127771
0.0844180019771834 -0.0608452683738616 -0.19715512837848 -0.222479396014169
0.0487884972747692 -0.0720336101445158 -0.234333087985673 -0.200826462385072
0.00980254959016862 -0.086607434380862 -0.243212288505951 -0.143693210523682
-0.00869111061644004 -0.0857222741162312 -0.207763353246512 -0.14346848225679
0.00780122476707272 -0.0905741756290222 -0.120543053689871 -0.196419705222086
0.0134126041871108 -0.0917330657098106 -0.034371657340049 -0.262555790860023
0.0288946097967694 -0.0925402785549345 0.118725963894269 -0.288562170001022
0.06550419508538 -0.0944084160089541 0.256711607376266 -0.231356203392874
0.117585389859091 -0.0676923725933701 0.324577127536728 -0.0261191556097929
0.176070312091379 0.0145061228479434 0.178531689324568 0.141768897664702
0.15818396841655 0.126695956387401 -0.0329726051643901 0.098763285235548
0.0649086644956141 0.155824147511727 -0.221256463779573 -0.19271932078126
0.0692338909311803 -0.0673629477955424 0.22377960473209 0.267471133287279
-0.0378271905179646 -0.078092390654049 0.127547193344356 -0.0628042644331887
-0.0712979311921969 -0.0204491326863415 -0.129621518291305 -0.173587909261712
-0.0255276876909981 0.0140773322815591 -0.343151696281398 -0.0647874695652209
-0.0132201177325433 -0.00879561305366897 -0.328832441698678 0.163362964928372
-0.0209150432824939 -0.00499366410582435 -0.188158477759043 0.28936570097164
-0.0353916931627329 0.00190044369784445 -0.044121549823039 0.311762991419191
-0.0511114023448156 -0.00480863859590649 0.0883486680199514 0.25762182359428
-0.0538272391162983 -0.0145051151762514 0.165388036052021 0.202595941474693
-0.0464454623132455 -0.0374466511267055 0.215208698167561 0.178193194169118
-0.0142933043276379 -0.0540421915778721 0.210816018737676 0.225408623929489
0.0184217859184352 -0.040743386817906 0.167606513768561 0.276375607819321
0.00422462923605694 -0.0440489222130839 0.176048651716904 0.284898802451945
0.0289030429976385 -0.0756590359327293 0.213677089201999 0.302524274358161
0.110492158140827 -0.0450388631928973 0.332521845440733 0.259857959380179
0.161689646458649 0.040711140034118 0.161232288514921 0.251369273569796
0.0636543901367898 -0.00996287448736869 0.0908960421135291 -0.0635549865574234
0.0249026345618759 0.00487075622410206 -0.14981895504098 -0.184662711894205
0.0542574692883813 -0.00621554386358085 -0.346775600233993 -0.0817287856649315
0.0420001083088692 -0.0689978314781195 -0.33999029952979 0.132012803231976
-0.00248154952275532 -0.0860045518164363 -0.214896623473879 0.266691857413193
-0.0443159581607673 -0.0837146295482945 -0.0726426629510142 0.293224805727613
-0.0790990276426197 -0.0979292586335342 0.0625751855545122 0.237340497669302
-0.0844787811790383 -0.111457037348279 0.141613173075666 0.172849739990825
-0.0713383205204123 -0.148410123280922 0.20559487524064 0.129768244872515
-0.00356785518434654 -0.183427261737882 0.233442848578201 0.160853740866209
0.0992431840387638 -0.154555435263264 0.211131128362556 0.245545171058933
0.148022058286937 -0.0964529018145775 0.193713011714939 0.285339268100638
0.188729071804508 -0.0477115464067197 0.183182764829971 0.28562284203446
0.242406409234628 0.0387631431344511 0.271978801051546 0.231328189836438
0.234019575009632 0.149531069437801 0.0815922259712046 0.184385795607861
0.166708264996773 0.0715010200186077 0.0500796214434494 -0.108189483523319
0.13906308553874 0.0349751534014086 -0.179639500286234 -0.224795651680743
0.145025458897633 -0.0360961655742424 -0.35497824231987 -0.105864540899755
0.0985553969357957 -0.131139624522919 -0.339346455650864 0.0935968877416599
0.0163242766319438 -0.161897700143745 -0.228392111327292 0.222980055113479
-0.0489503182589076 -0.160970807460525 -0.0989294375470405 0.245504514651289
-0.095592803284869 -0.176891340619116 0.0292208115512843 0.185552411941823
-0.104634886837754 -0.189239651300749 0.102553657792342 0.111811447318543
-0.0927062402441493 -0.233495253440444 0.179387656574556 0.0517909788117202
-0.0089786626265906 -0.283408624070186 0.243651795270886 0.0670440847029887
0.141575131256693 -0.254244491585473 0.258676321004087 0.18612224526391
0.253509086198049 -0.159601388792503 0.218509892995046 0.276788511522336
0.317279504404951 -0.0358881556121822 0.143324156340238 0.27446595801909
0.340230655854461 0.108755452958571 0.174592213975192 0.182187314219782
0.279190871860915 0.234278238607326 -0.0176504882372253 0.0784547277502679
0.260682678361352 0.143390568070978 -0.0054741270953837 -0.17457264446576
0.256352467190758 0.0520309789951891 -0.212135448030587 -0.273241644582675
0.230648724615907 -0.0805588547607568 -0.351276400522492 -0.136631142022548
0.142660760672595 -0.194525446604723 -0.325277115786857 0.0417575753431724
0.0267179654404472 -0.224789693820417 -0.229740608411261 0.156501689095154
-0.0515412688289731 -0.216850903940749 -0.121661830759258 0.170059968985424
-0.0961939813213411 -0.228767038917321 -0.00828099365661555 0.10751605606427
-0.104885477449168 -0.237913226290426 0.0567336843396406 0.0297675737316014
-0.0955183854187498 -0.281353626205648 0.14314588338351 -0.0370796588978504
-0.00824162093451605 -0.33517558582958 0.237033356343894 -0.0356634341499637
0.161638826082003 -0.307078217379395 0.293405752430852 0.117286895882009
0.314182794751177 -0.192399608737692 0.231435435793805 0.262165553059061
0.394102703382402 -0.0144314638619991 0.0915615272531643 0.266419496975315
0.382837872737907 0.167889015632468 0.0566049185493338 0.115194446356828
0.287270501149197 0.276239578127597 -0.13126604003065 -0.0415145264274231
0.316805898603064 0.185754001244438 -0.0829065111856096 -0.23796910755221
0.335860524780913 0.0537850461027021 -0.237587046841711 -0.300671503310014
0.279722616772123 -0.12079546773575 -0.320128278660821 -0.167754101941903
0.161346568075659 -0.23436621468836 -0.294473302266245 -0.0309524827960398
0.0276432235128437 -0.256324429034031 -0.224626949101839 0.0662560348246081
-0.0518682353381715 -0.23968880889396 -0.143660649368801 0.0750170322023523
-0.082190461608311 -0.246469252147221 -0.0445473750448794 0.0137631547960203
-0.0829176621631831 -0.25010251157344 0.0147655176091224 -0.0617617678541403
-0.0695368653147943 -0.286428915711005 0.112221542334973 -0.124389611439504
0.0160087399278204 -0.329320236504743 0.227727336050253 -0.122819123736469
0.180995150123442 -0.293605144958098 0.31150676859292 0.0581892596659878
0.337524546312246 -0.167992628210931 0.223124023930709 0.244416020268874
0.407117931929027 0.0314522806318053 0.033170278456318 0.247115484838178
0.360260728998037 0.212251132817432 -0.0611805888743886 0.0325072268270625
0.247329936760969 0.266649466359468 -0.241691577823225 -0.149129723719458
0.308482053662253 0.190550125945995 -0.166377670424583 -0.277674612297082
0.340643056033078 0.0440943164931779 -0.245593680597927 -0.300502151444953
0.267998502973463 -0.133649171160703 -0.26410187321061 -0.193457244646596
0.148187310399211 -0.228112986579243 -0.253049638833061 -0.112445148015995
0.0223966861161398 -0.240897765230398 -0.220162026084043 -0.0343323532355812
-0.0439646476483829 -0.222697814119524 -0.165514587301996 -0.0241743257085106
-0.0537404518580692 -0.22561944653005 -0.073994062330463 -0.0801912025772954
-0.0462204187677951 -0.22644728165481 -0.0114877819629875 -0.148737538418153
-0.0244982397844196 -0.250081566306983 0.103273237451339 -0.197082442217472
0.0559224072966439 -0.27206229714517 0.232478695615317 -0.180393536840749
0.192437055987207 -0.222132629938605 0.318510738744723 0.0226685250474428
0.318234901177929 -0.0912696202557399 0.199598363852634 0.223227387519077
0.354308551255601 0.095690528164806 -0.0169856593202368 0.206106252950033
0.280516617143075 0.235335837795544 -0.15150290381997 -0.0621886413625541
0.162480105668596 0.213934644268061 -0.326961285541411 -0.223429333072562
0.236503760851975 0.16198584064007 -0.230212746865553 -0.287760062824955
0.266283734073447 0.0296001862521626 -0.233274023404851 -0.281802270382823
0.197628528471849 -0.107849936658269 -0.204083877443679 -0.217352158244726
0.108652932899957 -0.167372350851278 -0.218392939777983 -0.183047381392543
0.0178346441086557 -0.178125415298989 -0.219346693985727 -0.120769033915227
-0.0267346281894121 -0.167825869285134 -0.183796762072139 -0.110733533920875
-0.0179094496937649 -0.17150528814586 -0.0915270367354433 -0.158989695713302
-0.00610589124397197 -0.169938281578684 -0.0154351195768128 -0.220053655319712
0.0197222546035535 -0.179559596179819 0.120686368095119 -0.246562467111153
0.0834509580260625 -0.180058721519655 0.255230471848416 -0.201426471785791
0.177956699486763 -0.127998545289557 0.322325815370441 0.0132314352657044
0.259531629887665 -0.0064350738558839 0.170619386574501 0.195791834486476
0.25534654183321 0.143988255326684 -0.0469565946725836 0.145726995304766
0.161617991521081 0.222487422200713 -0.195114517221676 -0.155309669361812
0.0422701694502791 0.134458123093332 -0.36286632338774 -0.254750763370355
0.115529290165996 0.115923759920984 -0.252445709425729 -0.277685115771993
0.139963283844642 0.0226374297874864 -0.20945188777189 -0.267106859267469
0.0930052048691376 -0.0467418864826759 -0.168837329515892 -0.239372747358829
0.0588669041416421 -0.0640379424777597 -0.205676508735492 -0.222775891851803
0.020993747858218 -0.0799902696658843 -0.220843893338247 -0.172523139543856
0.00168490294001809 -0.0845754422088381 -0.191885015290028 -0.166035008649704
0.0199701625417529 -0.0900901634648773 -0.0941434313511298 -0.212062781187659
0.0244760084320523 -0.0885049018311623 0.000448364322622131 -0.263499242429381
0.0407400136060862 -0.0887026851347553 0.154566178477261 -0.268162431721684
0.0762291799268651 -0.0856714466476662 0.283929844219277 -0.191152791660512
0.125531064465679 -0.053713980595487 0.323111440786281 0.0221655302500485
0.17297764809044 0.0395024857896587 0.154237233559928 0.16624938147226
0.135726013186323 0.147399791954838 -0.0447247351443068 0.0871512501408933
0.0353682045788732 0.16468404747592 -0.191983663369268 -0.227208054419377
0.0690033576703344 -0.0712157873224508 0.236833320661251 0.267140007895341
-0.0389410112451892 -0.0802361258837883 0.131072650149852 -0.0671258410999739
-0.072332912816422 -0.0207927521651722 -0.13475101484447 -0.177259000206498
-0.0260697213026425 0.0142564899483466 -0.354716079806794 -0.0604469576546602
-0.0151305253240258 -0.00929183569247524 -0.334667834799397 0.1705419672684
-0.0217393416094431 -0.00563798027181642 -0.1834239681968 0.296977247586676
-0.0361394752015069 0.00246410106467069 -0.0362689367152537 0.3193568022622
-0.0523618469320785 -0.00481026537824577 0.0997074288277724 0.264298321998007
-0.055450228833949 -0.0131081220668348 0.176198823548243 0.206603940397785
-0.0495145887700479 -0.0371843354392277 0.224844387129784 0.181568607880258
-0.0159794134763062 -0.0563459518879197 0.219806937959205 0.228431470129135
0.0186448844441611 -0.0431539042552895 0.177432384311206 0.281778734975724
0.00449710708335987 -0.0459963193172749 0.183528554896326 0.289953255227417
0.0295302114325502 -0.0766770171143969 0.222724036424531 0.307429634820976
0.113419573992533 -0.0475166822875238 0.345628866834612 0.265181892344467
0.166034185614582 0.0380625450538331 0.174660993724949 0.252575931867834
0.0658964873985267 -0.0116931853049925 0.0947953980879876 -0.0677759506450609
0.0261861463930696 0.00422219599229277 -0.155771788295176 -0.188669383051171
0.0552873549789357 -0.00785943465360625 -0.356920393373448 -0.0782954555475086
0.0400556882923512 -0.0723928624292128 -0.345585312397419 0.138619842096339
-0.00516121560450739 -0.0880558489227023 -0.212202954115756 0.274732549966851
-0.047616421338393 -0.0845439047459214 -0.0660463595808719 0.301571822494817
-0.083882979297068 -0.0992300498892342 0.0718945540087684 0.244013362801499
-0.0901953821104262 -0.11249403276483 0.150848978217432 0.176720780598169
-0.0783657254559647 -0.151322266675191 0.214107794518441 0.131528758387038
-0.00769453768995439 -0.189535420121224 0.241013218666171 0.162283804482158
0.0979333523092015 -0.161883166388101 0.220775347441536 0.249890125112643
0.151156463836298 -0.102292673853865 0.204498888562436 0.290688237226389
0.193943951286364 -0.0514832865829115 0.193570820734513 0.291737618693403
0.2511315401757 0.0367337494041156 0.284282581722268 0.236033608991864
0.242088179378523 0.148497567819436 0.0905027061182133 0.18513627535682
0.173461230933404 0.0704903378908368 0.0547839415475367 -0.11234240389433
0.144335956916361 0.0339780040141603 -0.1875012949106 -0.230317702401875
0.14768452466497 -0.0400274890342551 -0.365784745975104 -0.103955043813607
0.0960477778979388 -0.137098793359867 -0.346532108516756 0.100451475327236
0.0124064024265892 -0.165753449957012 -0.226803248798091 0.231746732974418
-0.0531415571000656 -0.163729004605453 -0.093602111704384 0.253092459529338
-0.102976896542073 -0.179550349276676 0.0361023585511864 0.191025643262395
-0.11292407340644 -0.192430699371198 0.109023792549537 0.114035768460888
-0.102842281306307 -0.237849352106709 0.185849283098732 0.0524051355187668
-0.0163321052476546 -0.291026575237031 0.248436719589825 0.0654282618552692
0.138774229434819 -0.264149833543862 0.268811347374607 0.188564554543107
0.257896037564189 -0.168717833058719 0.23015850136157 0.281718952730195
0.326058653832707 -0.0414248945576819 0.152815522006792 0.281704687001024
0.353678405745787 0.107790774057194 0.184453986080103 0.185533257806583
0.290431974777183 0.233829577599386 -0.0133357373069075 0.0786936717760746
0.270688363488324 0.141940080696446 -0.00362863645616137 -0.180701706760929
0.265158681697696 0.0508340288179143 -0.220470164900514 -0.279250546826156
0.234504097811853 -0.0873438444432436 -0.360649422532498 -0.135837025447626
0.139929985884177 -0.203243860900658 -0.332372972806854 0.0477987485817686
0.0216562167550883 -0.229982027673001 -0.229913159370656 0.163640230879257
-0.05895423120329 -0.220446973026911 -0.118521330372936 0.176891532116984
-0.105143171294242 -0.233358797289343 -0.00519855838817147 0.11201236972289
-0.114385996658676 -0.241828813097277 0.0593425691372305 0.0308529901541839
-0.107096796938643 -0.286355785538732 0.146264376183992 -0.0382367279412648
-0.0173752882395197 -0.343253382712458 0.239736290214037 -0.0383167541824575
0.158416551182487 -0.318603663926784 0.302032450423758 0.117066227580611
0.319977639500963 -0.20317470900906 0.243877699042822 0.265985578723908
0.403985254461299 -0.0219220448008064 0.101407920166292 0.272488385746597
0.398665196708232 0.166355730985459 0.061966698361391 0.118327501247046
0.298976392405391 0.276964672474371 -0.132821564353752 -0.0422554575983541
0.32818252729472 0.184831130658277 -0.0833120161521019 -0.244455769159628
0.345726912490828 0.0512800764522361 -0.246730705330519 -0.307152341776132
0.284040314665394 -0.13035396989356 -0.331067329285438 -0.167146423498397
0.159468413936448 -0.244623086055064 -0.301473449086945 -0.0275874272299188
0.0220233269862867 -0.260867940727753 -0.227811968670679 0.0710953795051818
-0.0591424439257254 -0.243606246682562 -0.144461606712683 0.0801475238667378
-0.0910385807035869 -0.251986056616316 -0.0459909774018992 0.0164384447747129
-0.0917282352861144 -0.255697763155713 0.0135047907827407 -0.0615474896950513
-0.0806742792200596 -0.292936549272399 0.112103853981362 -0.127228011201017
0.00718961476545518 -0.339175011966805 0.227372246474658 -0.127422518348052
0.178706346280126 -0.304887363876493 0.319960455349106 0.0555953987206414
0.342736135076418 -0.177140095848983 0.235926859881479 0.249288184103892
0.417596043627275 0.024979355037345 0.0408339192436538 0.253131934396552
0.376294940791227 0.212940983802093 -0.0604116536540904 0.0346285408836745
0.257978598218727 0.268442362612907 -0.248978473232692 -0.151081016095133
0.320865059398254 0.18944917923079 -0.170236249340304 -0.283797838996253
0.350376589313452 0.0405133436111508 -0.255140665969089 -0.306001672473443
0.272883204454154 -0.142718457381957 -0.273093471927321 -0.195508296362614
0.146010567268823 -0.238313500578377 -0.260356557255518 -0.111974369885288
0.0169681224980299 -0.245860744822422 -0.225585051585558 -0.0316166454597409
-0.0513122255579543 -0.226492501770445 -0.170402152257759 -0.0215705229318882
-0.061875051328737 -0.231618139606145 -0.0793707491061538 -0.0796984231796657
-0.0529893563075278 -0.232003105756769 -0.015965158864147 -0.150935391327362
-0.0324286202030939 -0.25591849303533 0.101264056736249 -0.202840405171165
0.0498930946471152 -0.279577453078943 0.23114824513635 -0.186752313885196
0.192151046306903 -0.232286689768146 0.327253346110196 0.019836038066454
0.325209654942552 -0.0982782034481262 0.211039114890914 0.228621268248255
0.36484871146771 0.0911741165928125 -0.0125873418291911 0.210964903917712
0.29367532208411 0.237859457097044 -0.155244852042954 -0.0603059600838642
0.170668803971805 0.214812524797719 -0.339368662383152 -0.226246069809512
0.245482720462224 0.16122563977019 -0.237332992755238 -0.294376228672274
0.273043171007512 0.0271351515432251 -0.242844298758335 -0.287176338211666
0.199871744462985 -0.114384453970835 -0.212108441881328 -0.221334055604926
0.107195203489427 -0.174437267276339 -0.226371430917962 -0.184323905846579
0.0141533477139991 -0.180726602937151 -0.227008661198217 -0.120919112655396
-0.032252706193347 -0.170291363641727 -0.191030143886072 -0.108748065013398
-0.0226639631976669 -0.176057242662462 -0.0998029591500066 -0.161583887539686
-0.0103146373152559 -0.175062851528188 -0.0218475685200279 -0.222911900725424
0.0147692208701045 -0.184305054476447 0.117504113854561 -0.253692036425985
0.0806480876632155 -0.186116491360167 0.254252091680072 -0.209778347395148
0.179279628648579 -0.134459856652001 0.329974655347736 0.0093905136248233
0.265270553720849 -0.00970488784663898 0.181393910439141 0.200126891586328
0.263672222557891 0.143085446538554 -0.0440690496039286 0.150084244639038
0.170949845984483 0.225929855904148 -0.202928537819808 -0.154787821659299
0.0458643144024996 0.135484802713552 -0.378831776523124 -0.25919236341429
0.12041320895612 0.116267978049409 -0.262768915657223 -0.282909761159253
0.142316712603702 0.0218475299711628 -0.218336522304069 -0.27249552069649
0.0938206319831033 -0.0500027170459591 -0.175711774201159 -0.243670626870499
0.0596027364132871 -0.0678232776068981 -0.213815936198295 -0.225239134613377
0.0191349977645743 -0.0808634834577511 -0.230722289772903 -0.173429339912657
-0.000797728449123314 -0.0865858987469665 -0.201373468742908 -0.165456743912966
0.0184487342403907 -0.0944686612639094 -0.103395974133027 -0.21462653395383
0.0237866649732035 -0.091872024663678 -0.00698220883934905 -0.269100109631582
0.0395579071201625 -0.0919796994000272 0.151484917372168 -0.277379103860968
0.0759646555133277 -0.0886033020351968 0.285679822138655 -0.200243341993217
0.126623511043792 -0.0563781893555928 0.331638671981808 0.0184027211583187
0.178018645090836 0.039051682628729 0.161775250424731 0.171141473786394
0.140626899976273 0.148263679831526 -0.0439451824550402 0.090280143429849
0.038794331722997 0.168468530086578 -0.201065479248143 -0.228129240437409
0.0678065006419611 -0.0772795319435305 0.262002550758568 0.257828946999349
-0.0440593777714802 -0.0810876855275659 0.133087089812728 -0.0783378127831746
-0.0752615436607586 -0.0188906904258554 -0.147383884963042 -0.176815400770204
-0.0265854409131283 0.0156883750287092 -0.368215152201548 -0.0434906806875358
-0.017492154385317 -0.00951417637028906 -0.334587473587482 0.193079649814165
-0.0233671662266535 -0.00533327863263694 -0.170022317313129 0.313483817880116
-0.036111324958596 0.00460339535038107 -0.0149969073255117 0.329625250794518
-0.0547222983465623 -0.0017553675839704 0.122467894382527 0.266536396321213
-0.0586445295570179 -0.0096589106069402 0.19645978053626 0.203518966934711
-0.0536727919788704 -0.0348371365952483 0.242260164708352 0.17580577746305
-0.0200810113006495 -0.0581527327932064 0.239085990435168 0.224309803468135
0.0164065609940271 -0.0465917293695968 0.19869425958083 0.283125286455183
0.00238535445706083 -0.0482700513991682 0.205174951661437 0.289403778555033
0.0270033084321665 -0.0794676461103858 0.245362677348596 0.307695383094995
0.115265776011632 -0.0553796310678615 0.371936380274316 0.25814405773781
0.172462350388557 0.0297760481326159 0.196545328652115 0.246378494438438
0.0671476890055598 -0.0158926912238311 0.098550513968071 -0.0772927748141405
0.0274676442429262 0.00311203596998212 -0.169338222270245 -0.187973041472762
0.0561776269982759 -0.0117252031028312 -0.372267899058727 -0.0619345113730496
0.0349784894829764 -0.0769200047782479 -0.347927248986931 0.160651880193677
-0.0108585327741844 -0.0905581172861229 -0.200449059199742 0.292618086417369
-0.0536408115111179 -0.0844295044157768 -0.0468137385847253 0.313414903498541
-0.0933436241688012 -0.0979756182603116 0.0926619404928089 0.248157822566784
-0.101194388020152 -0.109919833384194 0.168598443091453 0.173858219270308
-0.0910740326190152 -0.150730389048364 0.229110032848259 0.125670020411679
-0.0205189260816634 -0.19532262764395 0.257280832714978 0.156286330306188
0.0916659137200817 -0.173668653042271 0.241165807956958 0.246218249539006
0.151061181280386 -0.114197849975084 0.226655736103549 0.287755254819208
0.197654119739314 -0.0631317983264757 0.215265305527423 0.291443385910075
0.264115324964834 0.0251525116983602 0.308661564254832 0.230316187464969
0.256639040777156 0.139061439180293 0.108165858488941 0.18207463276347
0.181950215675394 0.0626237905724308 0.0553738269051982 -0.121562187332123
0.151127602600875 0.0271625309204627 -0.204820550818014 -0.229683248235507
0.149798135491163 -0.0500597938526759 -0.3818506252629 -0.0883983747634968
0.0892125561968939 -0.147040066166234 -0.351035411776858 0.12059076121181
0.00244749081444786 -0.171062117484207 -0.218392386461622 0.24912767356564
-0.0656764461418838 -0.16487452383799 -0.0789165109039419 0.26539146944938
-0.118321199739086 -0.179345428230915 0.0512796982981478 0.196388168605104
-0.12975240298426 -0.190744062033449 0.121870435389865 0.112590596228722
-0.122747407934098 -0.238361768051213 0.195288328302423 0.0461042769394418
-0.0373248001729806 -0.299937599256059 0.258322618879085 0.0565407253736254
0.127265286652021 -0.281435481649745 0.288088495186998 0.181004683936084
0.257339857150819 -0.187759305905401 0.255031121184217 0.27705313073779
0.334297029950315 -0.0603073542327027 0.17492377267251 0.281796594049298
0.374667107117271 0.0918986293233892 0.202996181610075 0.181600203552407
0.31173916382683 0.224891325346898 -0.00582986813469597 0.0789414592916335
0.286700825346701 0.131242795820736 -0.00646704172644911 -0.187928784791586
0.276896352636658 0.0380057294558826 -0.241258626307543 -0.277976436943313
0.235952158756843 -0.103321301585686 -0.380309251306293 -0.120882959315693
0.130279134745958 -0.217543957586458 -0.339719828256548 0.064985900843526
0.00764019026115328 -0.236307406129853 -0.225650909711972 0.179718377269645
-0.0740248580910898 -0.222868306375467 -0.109706545977668 0.188129149827735
-0.124494316915266 -0.233740991379938 0.00294976986431058 0.116768068761025
-0.134334555777285 -0.242499396252461 0.06443553323748 0.0299737267758235
-0.13089803647264 -0.287947081075816 0.149468139471257 -0.0456660519250601
-0.04062366008367 -0.353167074182006 0.242321668682777 -0.0504273316980856
0.143773907867938 -0.339101106034584 0.319058886292691 0.105789194481145
0.318789812124098 -0.227005608288557 0.268972678062569 0.261028035557492
0.416477379354214 -0.0449931007208881 0.121400852097391 0.274990312447144
0.424284711043629 0.149520922151245 0.0729299242309162 0.117963549515172
0.322298405906321 0.267385021010698 -0.136647069016091 -0.0389457104495283
0.348263091709892 0.171346020408633 -0.0930264374247037 -0.249106990693697
0.360699128503525 0.0345157606263533 -0.269492980478741 -0.305280178827284
0.284989001393617 -0.150489829642676 -0.348972918744574 -0.156846515845214
0.147578960367837 -0.261869013503167 -0.310449772102971 -0.0144230277880824
0.00596259416343385 -0.268527564215996 -0.228586963833081 0.0843738572162318
-0.0769222675184415 -0.246642437197064 -0.142885173930811 0.0909605451572465
-0.110965801265906 -0.254521421894426 -0.0464629605432637 0.0208285439875983
-0.112367255902476 -0.257948594493173 0.0109535248632421 -0.0626862888196524
-0.103688559119411 -0.296371568930375 0.108754896536439 -0.136095055994873
-0.0151972069267891 -0.348734671197828 0.223694526757877 -0.141847699242886
0.164507437778209 -0.325554931039309 0.332745663653345 0.041546854575709
0.343412426178961 -0.201499901689192 0.261289827281029 0.244554638113337
0.431985947803243 0.00276259003567226 0.0589029593756315 0.257824212561832
0.403072873866941 0.199930482001613 -0.0583271242000152 0.0388129993284878
0.280399680363657 0.261607598037795 -0.263938494197024 -0.144126354428872
0.34077275661983 0.176400560316867 -0.186719941397496 -0.284753541725211
0.363218851229661 0.0238196903074366 -0.27941546584611 -0.303731133632305
0.272130969643202 -0.163004461166854 -0.290653665751298 -0.188471194067234
0.134520290558974 -0.254385378606373 -0.272987450975735 -0.102543446824601
0.00242932475871973 -0.251795312856544 -0.233715932336332 -0.0210232485941171
-0.0676114170873113 -0.228963283015907 -0.175832618457943 -0.0115319590031004
-0.0797508072002117 -0.236178635494934 -0.0882458828651514 -0.0765225732742262
-0.069539394677676 -0.235660208488389 -0.0264080976605894 -0.152663499571087
-0.0514656125828172 -0.260722729734807 0.0922205854776955 -0.212428757719016
0.0317261057712658 -0.290320351997589 0.224105034963126 -0.202940185901216
0.183447007320588 -0.249651613986275 0.337836968551234 0.00285649658503629
0.330033198030123 -0.118579027453604 0.23346408750639 0.224705131739734
0.380676755876854 0.0737539172772426 0.00101395610093108 0.21713870720709
0.317271893577852 0.228534180262368 -0.16255898560315 -0.0531482731858512
0.186928868353199 0.210779115440625 -0.362169268238064 -0.21660143976965
0.261602480741121 0.151176024780272 -0.258473671196554 -0.290944553299883
0.283359871174339 0.0142838435292501 -0.264309869804971 -0.284516469357133
0.199166650400187 -0.129684495653829 -0.229820331278349 -0.217857975732781
0.0986685705479187 -0.187068914191864 -0.241923554433938 -0.178821724418465
0.00381171417798541 -0.184293641559349 -0.240813895684002 -0.112811357486949
-0.0443386739022994 -0.172314210889233 -0.20317049616784 -0.100441555648639
-0.0358704523603766 -0.181861308524101 -0.115343416226128 -0.159305431620284
-0.0211164903695443 -0.179452135274681 -0.0375641084221862 -0.226783309953056
0.00335337655568771 -0.190229677692116 0.105841536243984 -0.267337053599996
0.0709309201260293 -0.19602737025805 0.246601325096238 -0.228738333597854
0.175957299623309 -0.148540913124491 0.340606531314795 -0.00778226192039022
0.274597567916884 -0.0238092833482139 0.200818658628172 0.198576684169082
0.278091002006196 0.132535180885427 -0.0352498493045092 0.155439173844572
0.189423046761767 0.224385212694256 -0.217833786390886 -0.147395822333774
0.0545599244389768 0.135544188466358 -0.405462648946595 -0.248112787943762
0.130709367939164 0.111983893571092 -0.286163033890649 -0.278049581749905
0.147667918611482 0.0159031526612612 -0.239180124692714 -0.269630116079641
0.093744123953999 -0.056297955047129 -0.19427108124894 -0.24314519612316
0.0569240883933364 -0.0735187380808622 -0.232166423218948 -0.221677025390465
0.0152909204498764 -0.0815556393361073 -0.248166657170653 -0.166112861160787
-0.00658429732775982 -0.0878651563452582 -0.218809482750675 -0.157856705362108
0.0130136267636299 -0.100224624804246 -0.123064752359998 -0.214386672918618
0.0197779541966332 -0.0958881522363168 -0.0260025937688189 -0.274419835548839
0.0351927618793024 -0.0966748232569518 0.138190851795671 -0.293788755973477
0.0729439637442626 -0.0954231776130617 0.27945809849949 -0.221402001305229
0.12609292764956 -0.0654594234644441 0.341838118498195 0.0014133371957645
0.185206030768051 0.0318830007037284 0.177581322867529 0.169952756255714
0.151316806187999 0.145237051619819 -0.0390451542105251 0.0944259445881351
0.0493608131967797 0.172060366399356 -0.220488606134274 -0.221631135029021
0.0603009605164681 -0.0832718994483468 0.283896283728473 0.233326763888152
-0.0502710358856684 -0.0779348935463842 0.127952698264929 -0.0918230877061977
-0.0766959430771291 -0.0139005713612125 -0.16116201717452 -0.167422159343975
-0.0247564825815314 0.0179728937218971 -0.372552183425619 -0.0147289725421992
-0.0196368366494683 -0.00771264243842439 -0.319272203176067 0.218473534373847
-0.0248391297311784 -0.00444552454597021 -0.143008296131142 0.323039467848107
-0.0357690492391102 0.00699900399556408 0.0152343118523556 0.327683674746438
-0.055160917057686 0.0024428628643971 0.148342254409096 0.256525736843091
-0.0600517936556646 -0.00432988439705322 0.216675779154304 0.187679946133263
-0.0568173557183635 -0.0293962651263514 0.258499690590164 0.157501041656141
-0.0256222682946087 -0.0576489929521206 0.258742572080734 0.206571454441577
0.0126201700658676 -0.0486544898350924 0.222131980325735 0.267940708638837
-0.00119845003598525 -0.0486373121638482 0.22642947576877 0.2732430936601
0.0219755231072718 -0.0808413976609748 0.268551096614706 0.290584408265997
0.111927318356818 -0.0648880780995891 0.395312224828194 0.231792402563062
0.174411758791839 0.0154352701316359 0.219176087304965 0.22625768190187
0.0661111730603079 -0.0212423010878106 0.0950003577935798 -0.0879496589417737
0.0281013598028127 0.000977658794906017 -0.183591722521066 -0.176973063584508
0.055323839410251 -0.0165376064651836 -0.376981679109713 -0.0338293214157394
0.0269882461407366 -0.0794371415681463 -0.334902027047654 0.186053406250046
-0.0193626283514036 -0.089955364980606 -0.174888146701886 0.305511498044103
-0.0609488703418987 -0.0803405273115619 -0.0178665971653819 0.315040085631276
-0.102576600662792 -0.0903071187924558 0.117244394284977 0.24040062685451
-0.111975716727572 -0.101308177073469 0.186068165640664 0.160708832902492
-0.105419571721054 -0.141617854551762 0.24130890066203 0.108550718333055
-0.0379648337936532 -0.194486649258449 0.269492859008702 0.137757884457545
0.0762920539644842 -0.181767367374655 0.262131294736773 0.228614884380894
0.142285401612252 -0.127033219672624 0.250843201268836 0.270126292134555
0.194025951282784 -0.0778077763071633 0.238381201608893 0.275628657877634
0.267844145516812 0.00266087122903276 0.328587967838117 0.20628819984472
0.266356153719999 0.118401232620958 0.125817892119618 0.169708441834883
0.18709212716099 0.0476722826629116 0.0499958489861383 -0.12884877823224
0.15401440549547 0.0158507491956402 -0.222080181373669 -0.216678818776956
0.144965186906981 -0.0629654006401794 -0.389165452950533 -0.0591111092643363
0.0751432094194167 -0.154252897909333 -0.3420077152363 0.147250721689572
-0.0131040635883014 -0.169982040401526 -0.196278058145978 0.263475534874219
-0.0799020745438524 -0.159397348696957 -0.054087132426047 0.269838124724148
-0.135074267943972 -0.169369445089245 0.0704313460887904 0.192681617616296
-0.147504676882223 -0.179386956523976 0.134145608300743 0.103711408183869
-0.145100168471024 -0.227358234429206 0.201220352144316 0.0314478961490881
-0.0640891901057446 -0.297259808506588 0.261820828773839 0.0379346668149327
0.102459534378312 -0.292099686672953 0.303676192838651 0.159468879425744
0.242584496053075 -0.209115955702714 0.278993588099117 0.255763324401664
0.331205942904769 -0.0868724155815633 0.197957608724203 0.268061189449522
0.385123624627748 0.0608878891673474 0.219712279481659 0.1655772304337
0.329004369098253 0.199494709188016 0.0030754851845498 0.0761885475459939
0.297089804674307 0.107268458121835 -0.0169543114908415 -0.19090666536191
0.281316614297012 0.0164751199231876 -0.262689645780641 -0.261202517236807
0.227074158271413 -0.12349343811872 -0.389590509317143 -0.0929359412833685
0.11053962066674 -0.228061464159375 -0.333473324248623 0.0896983548085823
-0.0119438942591499 -0.23581065659092 -0.209065202503807 0.195458213479742
-0.0936361273954232 -0.215687376092144 -0.0925039498750685 0.194954251037405
-0.147198574979659 -0.224022264326988 0.0151066868931514 0.11701915406545
-0.15736748025267 -0.230783261984643 0.0692119837732626 0.0256724767607039
-0.158540059746509 -0.275193669943572 0.147581181119879 -0.0561939784747229
-0.0734149600749271 -0.34945186388382 0.236686535275137 -0.0661721945528013
0.113978638746506 -0.351329938308131 0.327993139007152 0.0819663626997989
0.301530464292263 -0.253681000944949 0.292887273336339 0.2385280859039
0.414114448027596 -0.0785111416687968 0.144430702341849 0.264561833312177
0.439538053204769 0.115125161230862 0.0845483541104954 0.110858077352918
0.343026360215813 0.241356724166843 -0.137553841066871 -0.030568053715332
0.362272223745801 0.14283679834735 -0.107644290210758 -0.24559719451234
0.364807232950388 0.00622618653551827 -0.293257635170699 -0.285835649412442
0.271574527111468 -0.174535575330575 -0.360414185965491 -0.129764204578628
0.124092752730385 -0.274435666211712 -0.310725735234651 0.00876674817226762
-0.0161523450612523 -0.267588542529647 -0.221070249477471 0.101279730341425
-0.0984743127807499 -0.238983506031764 -0.134241778348026 0.101550652230169
-0.135145824793091 -0.245518034918615 -0.0442013875270397 0.0255899929423376
-0.135480651777648 -0.248540211331033 0.00587784305445698 -0.0619475103005743
-0.132443024402254 -0.285477377259859 0.0987557730050444 -0.142984618117078
-0.0478836047274642 -0.34633711043862 0.209862812813197 -0.155719886279079
0.136141543161557 -0.33883214695722 0.336354988020212 0.016718103270862
0.329363067672017 -0.229244202558586 0.284169101870782 0.222721223899901
0.432538970741354 -0.0323261725517785 0.0807648220818893 0.251006244253001
0.421449390914421 0.165923033985634 -0.0543663216434557 0.0428894411989665
0.301760100281701 0.23811622857442 -0.274978086875037 -0.12621763508603
0.35538165592191 0.147227068111355 -0.20553741172513 -0.272639571549919
0.366377929244963 -0.00483730500305142 -0.30336060326795 -0.282905411822863
0.256859929263696 -0.185633134402227 -0.30422885625812 -0.168311529320066
0.111926907207208 -0.265565834190451 -0.279849787161753 -0.082460194822263
-0.0183663668454114 -0.250398197851158 -0.23463648121939 -0.00278409136490611
-0.0871597040607397 -0.221453215938814 -0.17658092986945 0.00176352245535534
-0.101700268416747 -0.229922992926281 -0.0955335022157753 -0.0677557355238154
-0.0908796242951024 -0.230106192138833 -0.0394440096675797 -0.148137506918565
-0.0761774556563585 -0.255008541115312 0.0746063611638573 -0.21839048146352
0.0055750796231497 -0.291160848996648 0.205234964743739 -0.217957024715106
0.159886887905924 -0.264783599811852 0.338068749926612 -0.0227729417778414
0.321468086434492 -0.144180427211671 0.255829172403243 0.205387401416678
0.387307399080664 0.043232220051436 0.0201558435655063 0.215517633452497
0.337854664997755 0.201913766981952 -0.16684527643743 -0.039603206973387
0.203827003547974 0.194762027736616 -0.379847918163532 -0.18978674915272
0.273670405334199 0.128503155459855 -0.279022683907799 -0.273060107580359
0.285092000579304 -0.00778247395756465 -0.288348531593803 -0.264569601191114
0.187247984726648 -0.146075044022817 -0.246036314588019 -0.202135193168902
0.0812785232249033 -0.195284108760423 -0.254445520320887 -0.16067147444385
-0.011133479203407 -0.183212537499682 -0.25074740543083 -0.0925629198092139
-0.0593597747232573 -0.167098586042929 -0.213034538151088 -0.0834031844654713
-0.0526032393987098 -0.180211071453014 -0.130474667498579 -0.148417602122659
-0.0366692273238279 -0.178575446818178 -0.0576730155217721 -0.221484290033238
-0.0148298689629535 -0.189175183059547 0.0825010769959797 -0.274404570346025
0.0530309963427149 -0.20072555318052 0.225701370706437 -0.24566230664894
0.162264048508924 -0.16244651346052 0.340284479152233 -0.0337052029557678
0.272705146317259 -0.0444671167082478 0.219674825717856 0.183444017298416
0.289287959235067 0.110841000676504 -0.0222399364918398 0.156133529141174
0.208825254819698 0.208841586638419 -0.229955233965147 -0.127964020018805
0.0651100244446799 0.129968211867221 -0.429462625833863 -0.217173260173592
0.138956014014335 0.0998219456187759 -0.308012237421577 -0.256299732169797
0.149101777365172 0.00562373212030179 -0.260421956372355 -0.251764818870358
0.0878798967024502 -0.0635704649894612 -0.2122417464399 -0.229772604258005
0.0497769557559012 -0.0791293742604869 -0.249667675693433 -0.204465526446387
0.00900298828641814 -0.0810956804196042 -0.263307930350949 -0.146973800238333
-0.0140151862197728 -0.0858231513949802 -0.233754500045667 -0.138712148311709
0.0026978375782566 -0.102290798186828 -0.143887828858465 -0.203607527085107
0.011971346859194 -0.0983378960610678 -0.0501498144398235 -0.269872141441745
0.0263503135595717 -0.0993981434392333 0.111984598705925 -0.302656252230215
0.0638352167145516 -0.10074061068205 0.259603567001372 -0.241156968391822
0.119914016453256 -0.075196554017882 0.342219720571659 -0.0246177485818446
0.18840046150374 0.0179370476111582 0.193970123550882 0.157308725166701
0.162619943462958 0.133196121336835 -0.0313124854898048 0.0969538250623613
0.0631398209626187 0.16789185788161 -0.238685379352527 -0.201518960305854
0.0514434826828374 -0.0848287224643408 0.290880674372439 0.200414001881956
-0.053796848699805 -0.0704954087125888 0.118373030269123 -0.100527887582463
-0.0751361127456538 -0.0077571365611119 -0.165820161234761 -0.151612230731668
-0.0230001907538564 0.018579119976573 -0.359333591857764 0.0119925832996246
-0.0209781062117922 -0.00587738574850498 -0.291809335380588 0.232754010116539
-0.0258567538060322 -0.00204567677546865 -0.113956077025674 0.317407453488301
-0.0333398662072489 0.00860777084445555 0.0405816212710641 0.311864986858362
-0.0531331158608159 0.00610048895779521 0.166267807581963 0.23417891848715
-0.0579712264120004 0.00110182017497959 0.225109070388052 0.164018660853703
-0.0567359000838939 -0.0236290075460369 0.261587966122192 0.133577413455415
-0.0301777806351425 -0.054044357722503 0.264030839669491 0.181749201448088
0.00803605363150482 -0.047988735668594 0.233452304916761 0.243956728415838
-0.00423895686967412 -0.0468132208648648 0.235850002684664 0.247591927756719
0.0173229001815402 -0.0774909032925885 0.277759540660078 0.262811500094231
0.104130538058521 -0.0702867369463556 0.398259191310211 0.196942583379234
0.167672806581715 0.00254699965826365 0.229114538510335 0.198609601811795
0.0613722052639084 -0.0243312237657733 0.0877102220268157 -0.0946263830649826
0.0277512908529186 -0.000583268522508394 -0.188486881372405 -0.160603243846161
0.0517898527790922 -0.0201138551294312 -0.365783046387406 -0.00676144636173804
0.0191336066438087 -0.0774766951833564 -0.309639795282143 0.201871749851686
-0.0265428861254016 -0.0844374368239792 -0.145457302036496 0.302510550528582
-0.064107643303789 -0.0727681825849165 0.00709815779212102 0.302099877010475
-0.106927969043207 -0.0788480928288389 0.134446132765111 0.222498641742209
-0.115854384746036 -0.0882223105995219 0.194264717439045 0.140922060963833
-0.112506698155137 -0.127370815181162 0.241477580100461 0.087815249881576
-0.0532404127110168 -0.184365797375769 0.269875242798304 0.115643713222871
0.0596633036519358 -0.180669001329261 0.269643512267312 0.202455812822252
0.128578969324988 -0.132209890588158 0.260660871932037 0.241545590258668
0.182842904573351 -0.0876104628362789 0.248557168908611 0.250575467568215
0.259565958414774 -0.0172818521446684 0.333665330646956 0.17627097738754
0.263872327729764 0.0946472251507646 0.13546213583028 0.150186102125949
0.182204264608324 0.0334154736715465 0.0430671163184394 -0.132058324766916
0.149960287560839 0.00519578810490742 -0.228373013807144 -0.195144478511883
0.135121783017222 -0.0709005394666115 -0.379052020388319 -0.0309735146939598
0.0594979874300488 -0.153001670507775 -0.318254415998433 0.163515318131387
-0.0260213909179694 -0.162077819953969 -0.16861476929578 0.264445569561391
-0.0884420593353591 -0.147704097604635 -0.0307648683323973 0.26091731089905
-0.144967806073373 -0.152645132041294 0.0861872617544749 0.179224461823324
-0.157445256333336 -0.160988333742419 0.139165438961904 0.0900483763381422
-0.158891057230911 -0.205658295121795 0.198223086913655 0.0165480583467113
-0.0858002011811901 -0.280807495127627 0.254917057673179 0.0215325546196356
0.0762970617254394 -0.28852911762771 0.303573071018767 0.132581014137319
0.219431174789555 -0.219572900959807 0.287675469416858 0.225378543917299
0.313976123291207 -0.106771119029285 0.209580568333795 0.243353644360853
0.37725853442158 0.0306249500067538 0.225056527423772 0.143476836813909
0.329227519640413 0.16902634660216 0.0113648864249733 0.0695638520252013
0.29206202031848 0.0827291354421465 -0.0243439566377362 -0.187196917244384
0.272342364693869 -0.00279717948836911 -0.270799255866537 -0.234780906579024
0.208529700942778 -0.135444751771977 -0.380060834630716 -0.0634381078244826
0.0877122122752233 -0.227003720582985 -0.314584997511707 0.107976420936497
-0.0295067258389005 -0.224883440860678 -0.18610218134215 0.201008690650798
-0.106598341893461 -0.199885013462151 -0.0731147002094211 0.194034901756772
-0.160445768751497 -0.204223220189943 0.0244710007484518 0.111689312741374
-0.170565119282568 -0.209730238209037 0.0698212035381769 0.0207610894170095
-0.175601639725797 -0.251113820452939 0.139178142028584 -0.0637298010048756
-0.0998952832515855 -0.330388603754246 0.222172154117287 -0.0764950113272719
0.0822308100810946 -0.345268639787911 0.322459305201097 0.055846607201664
0.272800282889192 -0.265944427182516 0.300746155528753 0.206769629352356
0.3932443355404 -0.105309705404142 0.157745297573168 0.243002160714299
0.433958214123756 0.0781570997321242 0.0900818894953703 0.100067954574214
0.347263989060529 0.207938998568978 -0.132258722457024 -0.022889133246191
0.357332363737702 0.111203401411885 -0.116177789009461 -0.231939686964659
0.352316587307326 -0.0195596129596603 -0.302904998092257 -0.255449470718681
0.247541910428324 -0.187318782911774 -0.355710225636411 -0.102507415128445
0.0977199325422451 -0.272510628544629 -0.297979513100461 0.0274822672728183
-0.0350406421774575 -0.254515794529052 -0.20454200910026 0.111573872507668
-0.112401382365809 -0.221355284400214 -0.120831686104921 0.106265454404964
-0.151209671135557 -0.22547163999698 -0.039905186722174 0.0283310424885397
-0.150426857172533 -0.229021673108124 0.00132599344555322 -0.0591143423445884
-0.150983827186009 -0.262026924925931 0.0851955468993167 -0.143584340457854
-0.0745473946424427 -0.328958888049532 0.189890126309151 -0.160984823535202
0.103628819228641 -0.335730364148898 0.32476298661788 -0.00709165963468385
0.300289134535602 -0.243944960534381 0.291402343207257 0.191901657061359
0.414937522768238 -0.0623747010231272 0.0948524432397913 0.234586776333507
0.41982901573629 0.129224428009566 -0.0493102144990904 0.0441023163862861
0.306152375263813 0.207313688381606 -0.272233460223652 -0.103635367445424
0.350749709732498 0.115138056809054 -0.212943104249399 -0.250691289544031
0.352983237826626 -0.0302762506496329 -0.310650211851908 -0.251173843619791
0.232511693953989 -0.196960985439054 -0.303908345279419 -0.142094308330872
0.0860954868023685 -0.263900445350784 -0.274154986751837 -0.0623276574106774
-0.035849642538147 -0.238191493124729 -0.226156111653492 0.0127919423635087
-0.100781411124291 -0.205270469245918 -0.169727419587792 0.014409098742434
-0.116923466156725 -0.2134841195782 -0.0981281741803877 -0.0569755711836824
-0.105641030046793 -0.21573919388705 -0.0490834727186833 -0.137974646674496
-0.0943757123371988 -0.23709573264665 0.0558521846797275 -0.213542435027846
-0.0181520840776219 -0.278785130125867 0.179837961571795 -0.220549110941197
0.133673780991539 -0.265795743463524 0.323843325568057 -0.0455704796342603
0.299796319654758 -0.162050361468617 0.262890061875719 0.17829283286398
0.375344254307729 0.0134439002358983 0.0335759457658511 0.203830803867052
0.34190721934834 0.170385008146202 -0.16284983224488 -0.0265157640050528
0.209152807913139 0.171982415421716 -0.379456934025178 -0.156717172533513
0.271243429507799 0.102964708357721 -0.286586401161525 -0.244556348610392
0.273666583180119 -0.0266370464962559 -0.294969168256154 -0.234463723571818
0.168371078723906 -0.153413830723189 -0.249985189934387 -0.179677875668017
0.0626239251440661 -0.194409261265074 -0.255623532639691 -0.13920773467701
-0.0237616225182886 -0.173835718772315 -0.247970665322888 -0.0720445319324985
-0.0696210771893675 -0.154571198086325 -0.211787359214046 -0.0644777495075074
-0.0668160696727357 -0.169960129450902 -0.139552329648391 -0.131885308548465
-0.048754526097009 -0.169591331045311 -0.0731314559128073 -0.206470718254056
-0.0294172917071279 -0.179015506457817 0.0583926513137808 -0.267932610435098
0.034544089432244 -0.195907409408374 0.197112790233582 -0.249653820361931
0.142344272635203 -0.167323757407804 0.324519885303119 -0.0563354654038173
0.260384525875491 -0.0620031141263764 0.226912537552944 0.160206313773404
0.285449602255481 0.0860288565297619 -0.0100431776412583 0.150672476495753
0.215796552712288 0.185198568366487 -0.229585251451044 -0.105629621243214
0.0712227424079669 0.119110246664195 -0.428970170951089 -0.179305296631805
0.139626271129331 0.0850323688428697 -0.313799041791291 -0.225680726205406
0.143639805542449 -0.00428162025708788 -0.267558344588396 -0.224899504457714
0.0786254816149275 -0.0671717771121828 -0.219189874516136 -0.208376636804481
0.0408205957837315 -0.0799385372201998 -0.252597205175911 -0.18052755084556
0.00372873493830643 -0.0774113289800119 -0.264551791687197 -0.122720864917087
-0.0196874070666781 -0.0800769112736265 -0.23661818798775 -0.115562660625127
-0.00646217345386125 -0.100184656538642 -0.15734569370238 -0.183371309950645
0.00478644028335766 -0.0968781754569479 -0.070291665786777 -0.253434287876443
0.0176413968163994 -0.0970338125801567 0.0839750538322954 -0.297380006850098
0.0527533566644311 -0.10066443845366 0.229824584719445 -0.248616514228486
0.109325505358058 -0.0803365837043187 0.326252249154503 -0.0476638684166077
0.183712366668899 0.00464056804875097 0.199749139647402 0.138284136647396
0.165050351012647 0.116993661510927 -0.0232711566805487 0.0942282808535747
0.072868176762314 0.157056043495139 -0.244515641187389 -0.174257044264991
0.0544602983341678 -0.0728023543646667 0.260181847742405 0.208242948882215
-0.0411765187142828 -0.0701491650226713 0.121798702696934 -0.0904158220758441
-0.0672740885760084 -0.0156918461915981 -0.140431186000565 -0.162797430588224
-0.0236327977387026 0.0126497818658795 -0.330904761805932 -0.0246997800290024
-0.0201325347082299 -0.00839732128643189 -0.289673372108677 0.186258841976481
-0.0253508214902044 -0.00828357806775065 -0.134687320307082 0.281117418812245
-0.0313667705170557 0.00269254149982863 0.0131891089724179 0.2942443001963
-0.0510027858539913 -7.40666994850751E-05 0.138449058514639 0.236182741960058
-0.0550050750110784 -0.0056919927138684 0.202455117181484 0.178706669591745
-0.0519253734237696 -0.0294393107822594 0.238110395560371 0.154086415867525
-0.0247329418692341 -0.0569562402741708 0.235518122862884 0.204009804059334
0.0106271036008609 -0.0501669675570442 0.201220193652393 0.260555546976728
0.00191340430117544 -0.050423952401887 0.198905259680513 0.263561451076959
0.0251743583321445 -0.0741120821938152 0.24128437739639 0.285401587734074
0.105196867521726 -0.0607244020586221 0.367995031964985 0.236557671402248
0.152790696928967 0.0200757002749178 0.200883001547128 0.210299109389052
0.0592977976565678 -0.0147027553211932 0.0958270367676732 -0.0826722648293565
0.0267295877515057 0.00290236161141728 -0.158952749487535 -0.167154868757622
0.0505798051349752 -0.01384252575794 -0.33379631767631 -0.0395725489072314
0.0262187602208893 -0.0704693687961303 -0.302358185416633 0.158319664916808
-0.0168717265635275 -0.0843950211946266 -0.159242755356312 0.26446454986495
-0.0528238719429659 -0.0774550030255543 -0.0156149450211397 0.281851896753262
-0.0940512615866682 -0.0852309179878115 0.109060201916136 0.222263138069526
-0.101433554982232 -0.0962915793453803 0.174713126516274 0.15468403583157
-0.0948433600930168 -0.131971296770629 0.224616898461341 0.112035485622667
-0.033829283919997 -0.182720964344269 0.245897314466393 0.145852218748354
0.0727413847881022 -0.170730295244707 0.237820374537845 0.227654253682606
0.13526871057826 -0.120590094617598 0.21935991398399 0.260168988151018
0.183502731676639 -0.0681308324175855 0.208379440781388 0.269700323688446
0.250685227561885 0.00515766446762017 0.299581937021068 0.210206957759247
0.232517518239778 0.114825018740194 0.115480929337568 0.165966206863565
0.163698012014134 0.0516343160660277 0.0593332986315893 -0.114970304688115
0.139796239861721 0.0220538081903565 -0.190059994039432 -0.195725340711504
0.133972002782624 -0.0507952211007646 -0.341259388888588 -0.0594180879241014
0.073701463324044 -0.13523936132966 -0.303733078996176 0.124276316293693
-0.00694560585832905 -0.156011495160606 -0.174313369302563 0.226517957989871
-0.0688982190111127 -0.148826321316699 -0.0476215658566545 0.241810167955758
-0.123598500625027 -0.159106461566682 0.0654779745578965 0.176832361572614
-0.133625920665856 -0.16969355212888 0.126297451737234 0.103083247001604
-0.130914439356223 -0.209317248488205 0.189135652683948 0.0431676401049376
-0.05587388656963 -0.275828328707009 0.240414280378297 0.0590301269490465
0.0978552482499569 -0.271786359838434 0.277887467082114 0.166784807407794
0.228637093574822 -0.19527795320199 0.244190647075914 0.249203717973502
0.309879978893616 -0.0748011373621038 0.165862374525222 0.260535885970735
0.359763543477566 0.0616083750308656 0.192508412725152 0.168279178739381
0.285819639610117 0.188320145406005 0.00512235566428304 0.0870967734712674
0.259571964572362 0.108422648164377 0.00304010329583745 -0.166202472226262
0.253948935994473 0.0281917001932732 -0.222996040243785 -0.23054463326941
0.211268472749281 -0.101817096202486 -0.337872062576382 -0.0874151846287064
0.109083989110389 -0.201544627900366 -0.293068259442273 0.0757930780028043
-0.00283173918599122 -0.214433351148991 -0.182701907710106 0.165533730792529
-0.0802936276359208 -0.200279885092758 -0.0811354877066304 0.174496241968009
-0.134377433299286 -0.20998118938085 0.012314962939728 0.107624743790161
-0.142799733077904 -0.216576001182188 0.0655763406227866 0.0313019554738257
-0.14316145072107 -0.252606371178814 0.140831281423521 -0.0378092969668316
-0.065718362648364 -0.322524331556912 0.218983238113647 -0.0348084701033442
0.108676409391672 -0.323796299869721 0.30287991452667 0.0952617668445817
0.283576503004617 -0.234401888428099 0.256906483536029 0.232604120173199
0.385797290352122 -0.0663097052649167 0.112042314456085 0.253829039462723
0.410294331095609 0.112497720180909 0.0611660215767807 0.111822679684458
0.297566048466496 0.226755856003205 -0.122363490509514 -0.00826106758361209
0.316144561826629 0.141473560519986 -0.077891369478041 -0.211838788014847
0.329557943744702 0.0211521270669103 -0.247326139266578 -0.247983733973046
0.252743930738921 -0.144905691746266 -0.309065330469355 -0.118354621955192
0.123477259259161 -0.242953632924472 -0.268659369555966 0.00408449096752204
-0.00376486191784592 -0.242075270916528 -0.190910300657833 0.0807553742306193
-0.0844372259451253 -0.219270019734625 -0.119079237528287 0.0900721464840353
-0.124340006734787 -0.230060428856653 -0.0423043298724847 0.0238102412174403
-0.122277239034157 -0.231926990782224 0.00694788635665624 -0.0498726993454596
-0.118448894893762 -0.259965461163118 0.0953798981881514 -0.118866761636677
-0.0410524329902057 -0.317433018125093 0.194712836970419 -0.119353855889813
0.127295655840476 -0.311543534239807 0.311270295796904 0.0347147492387217
0.308574297708036 -0.210712279362486 0.249118964492199 0.216822988541395
0.401432891722632 -0.0236862351747459 0.0514625739338405 0.237709836111425
0.392106460675229 0.160623553951496 -0.0701810238265081 0.0428616770460936
0.260701515449276 0.22101722204659 -0.245587533938376 -0.0971653204827464
0.309469425411137 0.143732657447663 -0.16864394440736 -0.237415068052101
0.331702832681753 0.0126111914593648 -0.255091461741907 -0.244463994369907
0.23988748248376 -0.155175063560422 -0.256873940027996 -0.151453057153681
0.112221643112441 -0.236068487702356 -0.238133622979864 -0.0778991477578876
-0.00540858481311789 -0.226139853743166 -0.203250656974884 -0.0125302164452127
-0.075082728325189 -0.202745670374675 -0.158268164227232 0.00110426447929386
-0.0935345304493608 -0.21566266145995 -0.090069146919846 -0.0622889573130572
-0.081012809409108 -0.214180662196226 -0.0356222673458997 -0.13045906472167
-0.0672128572375982 -0.230264905476499 0.0718983035510459 -0.189389849484303
0.00679145681561365 -0.264462233587645 0.18993580526076 -0.179175389900389
0.148762445188919 -0.241043076319586 0.312813318093061 -0.00383085080771902
0.300565883421681 -0.131601918882669 0.225040342986154 0.198891695394736
0.356734035710894 0.0465359440754935 -0.00274361612880828 0.198787911562804
0.313394834245528 0.194443636028547 -0.171883640036922 -0.0388215201766462
0.174217754982933 0.178557453712942 -0.342216620367365 -0.161291921154472
0.237629404584172 0.12351027113574 -0.23991482708635 -0.240999100463891
0.25757330249981 0.00630775666282824 -0.243789334126928 -0.230441647957287
0.174953364410845 -0.122340782956969 -0.205632427286876 -0.183513184054818
0.0821481296303777 -0.174201687740121 -0.216015582663024 -0.148888271105425
-0.00017761931952698 -0.164322731276504 -0.218911201647222 -0.0920068753876486
-0.0500522171660953 -0.151420591511054 -0.192127714119806 -0.0766106554331468
-0.0496180747105068 -0.168579377512063 -0.122554363283102 -0.135873358166679
-0.0308904785840009 -0.165570709160874 -0.053039771705141 -0.198232877861761
-0.0108792359082527 -0.169728116635938 0.0783761494286811 -0.242356030174136
0.0491267377718294 -0.179616455089331 0.208335240113671 -0.209081362870644
0.147455784538341 -0.145491416348681 0.314118751279326 -0.0171341129679638
0.254318281249234 -0.0395641139906927 0.194183405334874 0.175973569159298
0.263360138920255 0.107643730569011 -0.0374263900735229 0.13975828181548
0.191407751397167 0.198899708668907 -0.225043429109678 -0.124714923334129
0.052340719238848 0.115401287556377 -0.388515926324479 -0.19610604233709
0.118659011061287 0.0929093910160394 -0.272565902571748 -0.230774351694561
0.133926770624635 0.0132831638008834 -0.223022089555343 -0.224514132274342
0.0817640718732496 -0.0523058408137157 -0.178629274119783 -0.210793039574814
0.0480101915139984 -0.070290546237976 -0.214202681196597 -0.190120940842921
0.0148581260761009 -0.0708307809916153 -0.234329322786517 -0.138065170645897
-0.0105372054803244 -0.0758840043395263 -0.212924046443097 -0.127407949471993
0.00151174427511878 -0.0967768223564608 -0.134880887681074 -0.187248045093099
0.013562050108028 -0.0907445852012875 -0.0453988384057545 -0.244247368283013
0.0256762908854778 -0.0879110103031189 0.104721545222478 -0.270589351146434
0.0573047731409982 -0.0886206395233235 0.238761522255219 -0.209871341727722
0.106299324000689 -0.065288446032223 0.315563114175426 -0.0112165262127845
0.174661584641529 0.0177710914336667 0.173203700316767 0.151301525805148
0.145650160136199 0.126040229046415 -0.0396667255405241 0.0835739376286701
0.0558757041503696 0.158558341343864 -0.227186109195476 -0.194021950755849
0.0514189268338999 -0.0697836917013936 0.251052074399129 0.196462455807334
-0.0392461725814803 -0.0664890207785291 0.11873531257655 -0.0907093712949932
-0.064775553131834 -0.0149438869714512 -0.134418120030397 -0.159717660386117
-0.0224143100155202 0.0118773942668716 -0.318875391156428 -0.0244077203255016
-0.0198964180440429 -0.00822334879313343 -0.279448988679191 0.17823852329064
-0.0258333474595035 -0.00721603896098547 -0.129512823909542 0.268698292548495
-0.0302277899011351 0.00184525994043606 0.0153697572672749 0.281318730242136
-0.04978898699037 -7.33555954708781E-05 0.137870928073133 0.22542569704989
-0.0525355759652818 -0.00451408178591489 0.198581483044789 0.171018405809709
-0.0503230521491892 -0.0279514180076533 0.230993682065307 0.148713054989163
-0.0246827383707688 -0.0553387482252449 0.228161709949313 0.196512054484325
0.0107317834117935 -0.0489002710170032 0.194299058271637 0.251474552447227
0.00202118067950782 -0.0493486577175304 0.189934856166312 0.2552396807053
0.0253089955230431 -0.0709200052669701 0.23254742008817 0.277833868999496
0.10257271381067 -0.0587175556333528 0.356249323917627 0.23065042955731
0.146408970728202 0.0194528456586927 0.195296084508462 0.199166140828227
0.0572987735375285 -0.0134038111218962 0.0947401946674648 -0.0834440671798871
0.0263296104031363 0.00334052229144427 -0.151919170259203 -0.163433839221601
0.0487816088628462 -0.0135649130121964 -0.322671030635618 -0.0390831503795896
0.0246061682267157 -0.0678215568766436 -0.290860950204511 0.151291535301882
-0.0171586079415177 -0.0804166940339288 -0.153578076088689 0.252429302949365
-0.0517623791739266 -0.0754754189858863 -0.0127473799254627 0.270406577506771
-0.0927242111060509 -0.0824661222570929 0.110001270308121 0.211844507782161
-0.0991981032417902 -0.0914752142678532 0.171338792568233 0.148448450394245
-0.0930099334021353 -0.126711402753755 0.218020848980937 0.107727088400371
-0.0356197868077086 -0.176180580085121 0.238088951731815 0.1418876679613
0.0693060395789667 -0.165183643040389 0.230262719289327 0.220329711103048
0.131061934394234 -0.116922141538502 0.210081991802279 0.251029282481014
0.179414960296389 -0.0657717991355976 0.200171048021489 0.26194477200774
0.243244728824967 0.00433502495129774 0.290517500563953 0.204111803207507
0.223406451340531 0.110692548445743 0.113470878128699 0.156862544440263
0.158400001701756 0.0508712211378256 0.0605919703198402 -0.11470787735865
0.135948306304375 0.0218614334250652 -0.182012867606054 -0.190996716155785
0.129228758668469 -0.04933361717845 -0.330196792327621 -0.0599395327317058
0.0699456304667833 -0.130906453812947 -0.293878863118718 0.118988577470975
-0.00815162200708072 -0.149640658243882 -0.167646518018912 0.21641499839861
-0.0671850944909339 -0.144609327171422 -0.0437299353620278 0.231628209138728
-0.122095204406016 -0.153686839851377 0.0668493997325973 0.169381916665906
-0.131334429347635 -0.162060243772165 0.124123093240062 0.0983266383921141
-0.129112811996635 -0.200638339575278 0.184509580082254 0.0411025785203244
-0.0581681725594959 -0.265103978814973 0.233726250745702 0.0592550723763927
0.0926891354816329 -0.262901762998812 0.268716632636386 0.162362531532703
0.221190845854407 -0.189298711251412 0.233967656702558 0.239670598744428
0.30106615116389 -0.0721433775697777 0.158855699671273 0.252077831810359
0.348572822706064 0.0578120658488259 0.185962081276433 0.161408471539806
0.274639345489482 0.181982750069861 0.00710154062781832 0.0806847978079396
0.250084724627281 0.104997985627615 0.00645502269263639 -0.164022652578655
0.246895493436133 0.0273555920317818 -0.213771386125213 -0.223806120319043
0.202718283128429 -0.0979985107478805 -0.325197588843977 -0.0858684621843478
0.103664192348675 -0.194449646575381 -0.282861266600782 0.0710707477581259
-0.00408048849668793 -0.205637273562098 -0.175330585930489 0.157841910082773
-0.0790983290175772 -0.193045193860102 -0.0770859237979968 0.167621111481673
-0.133353369540596 -0.201944355603061 0.0146132826864488 0.103783846196076
-0.139932496886279 -0.207393737410149 0.0648513901861954 0.0299871359950321
-0.141042010707822 -0.241384279895248 0.137544921844161 -0.0368907354066716
-0.0674639773108734 -0.309411572360432 0.212120286636244 -0.0310798885674883
0.102681801127866 -0.312445565012529 0.29199899438327 0.0942306499754561
0.274045272707523 -0.228455593801843 0.247939059845482 0.223031586426737
0.37423817117542 -0.0644318266067316 0.106667972681037 0.244606117846104
0.397461354634738 0.106916792088781 0.0581999297101712 0.107838540746855
0.286560024981774 0.218461271516985 -0.115965282842259 -0.0110965619241712
0.304468417723836 0.137093094299697 -0.0715224118197768 -0.207775497571248
0.320130944279147 0.0211082530659664 -0.237520287200989 -0.239855551557602
0.242830926920403 -0.140307377918834 -0.2969124055238 -0.117178791651193
0.117248769485973 -0.235175626809501 -0.258549849390386 0.000901580641136509
-0.00511044949828578 -0.232575341201217 -0.18402959926641 0.0768892555975924
-0.0829418206827048 -0.211743903536293 -0.113852534429322 0.0869132989201516
-0.123522336568465 -0.221294766952395 -0.0402473727975536 0.0228935455055979
-0.121246716474026 -0.223515574765429 0.0068288844578849 -0.0471825594711924
-0.116789556358137 -0.247841465571265 0.0925530043413307 -0.114183884301835
-0.0435334457431177 -0.304449252040686 0.188473026355523 -0.11169786875588
0.120982144075202 -0.29952736198711 0.300699795034501 0.035201732353561
0.298638288576736 -0.20526498061925 0.24091890469656 0.206633270261679
0.388079254713015 -0.0239005539872749 0.04872353698429 0.228117789452229
0.379637589646392 0.153227187913757 -0.0681867510608291 0.041399948329015
0.250388329816875 0.212859837904133 -0.235998456372638 -0.0957387332696745
0.297623856111426 0.138682379904658 -0.159468002207874 -0.231120771449918
0.321611193903398 0.0109967102268485 -0.244284680704326 -0.235101522350377
0.230893189530531 -0.150110082006574 -0.246596154105615 -0.149526088785821
0.105857741582989 -0.22793207332149 -0.229756578039404 -0.0785367423581258
-0.00585791849881458 -0.217364334055628 -0.195443373124249 -0.0125049245743483
-0.0735208868377999 -0.194388876435346 -0.152272929993412 0.00128984533959445
-0.0943090252404565 -0.207080205912859 -0.0879758597283484 -0.0577797958454978
-0.0806543520243952 -0.207082804733349 -0.0355595445475159 -0.123870229297036
-0.0669391038832903 -0.220009045198719 0.0693975397872845 -0.181668383768186
0.00305446384233467 -0.253249595997484 0.182764507400798 -0.169534326840916
0.141377655171468 -0.231940837104449 0.3019048375236 -0.00332528571026644
0.290717665493075 -0.128571376293788 0.217936132481737 0.189728430063749
0.344494817223301 0.0434539216867356 -0.00360579233892076 0.19097491034815
0.303213263284147 0.187124434067857 -0.166827447354865 -0.0365817993552403
0.167988592006104 0.172733367513896 -0.330329823130466 -0.158023903351211
0.228279062009385 0.118446671044156 -0.229789179638775 -0.233329738491824
0.24972440802232 0.00690268295759794 -0.233701765548733 -0.22209385511692
0.167614045968907 -0.117912443583905 -0.197422029674178 -0.180217678198716
0.0773207710856901 -0.167951439371269 -0.208571330626658 -0.147501575986029
-0.000663325131323941 -0.157827728679424 -0.211643465865367 -0.0886786237090161
-0.0492335935087125 -0.145173963140496 -0.186077039737715 -0.0728286994202328
-0.0510510529539833 -0.16270659002889 -0.121264709104323 -0.129199015386542
-0.0319792442830645 -0.160688122575217 -0.0525696455170634 -0.18924846082663
-0.0115267438564591 -0.162177430297886 0.0740032340530424 -0.23313722295145
0.0454531292527067 -0.172570661335049 0.199606821091129 -0.19825760133732
0.140727881617141 -0.139794369855563 0.301922566279041 -0.0159063510935997
0.246353760602754 -0.0389852838824543 0.188255501567932 0.169570567512929
0.254963332688409 0.103968171061443 -0.0371109909818688 0.13450609615585
0.185378015431016 0.190846905344123 -0.217892548526405 -0.118067473237549
0.0497322749606489 0.111808545398071 -0.375433078558379 -0.190315635989422
0.113269794807574 0.0887003121290606 -0.262280566758004 -0.222715212524488
0.130355069121694 0.0134469669319915 -0.214341002778513 -0.216820754249019
0.0781496004970829 -0.049477095692089 -0.171887397435316 -0.206960954389121
0.0449654017601653 -0.0678064976974171 -0.205816329045759 -0.186165186664569
0.0146609167188821 -0.0674926576290753 -0.226898636650136 -0.133798559767115
-0.0102503202299996 -0.0723341488987719 -0.20700526625408 -0.121198983898603
-0.000748687819479922 -0.0939266703674755 -0.133907264155501 -0.177913734192912
0.0131346656691388 -0.0893340977478817 -0.0461537102256784 -0.233601420030517
0.0246320052341137 -0.0838401677439459 0.0992380303988504 -0.259584518948848
0.0548599151144591 -0.0851725876096279 0.228987766139357 -0.200329233665598
0.102430087036511 -0.0622995139551083 0.302725134320568 -0.0095821683031453
0.168838435349485 0.0168388728844943 0.168198697112652 0.146117221431253
0.139886829661759 0.12215255016743 -0.0397514872390416 0.0803324161333188
0.0543667937092005 0.153160453627967 -0.219400698207543 -0.184463805672042
0.0515676868076249 -0.0687611387461827 0.249365518935614 0.195578207067006
-0.0379307217868728 -0.0656366676895029 0.120033785147745 -0.0927777220890348
-0.0645013591169104 -0.0159572454148522 -0.131354898072636 -0.163959158663277
-0.0221100433517017 0.0113435226459122 -0.319769733292098 -0.0284756663672368
-0.0202516706209188 -0.00862433447438794 -0.281661982455943 0.17533914987812
-0.0254966174398901 -0.00679993786494411 -0.132908964080116 0.264002381918035
-0.0310378270085645 -1.05733818090981E-05 0.0148256745873879 0.279168490971777
-0.0500956605720782 -0.000490078407907296 0.140219479969872 0.224166784712282
-0.0523207922842157 -0.00427313256905078 0.199317317564904 0.172498856923514
-0.050721454666444 -0.0285072623169462 0.230198578900432 0.150757674493563
-0.0251998523269573 -0.0556144269063283 0.22672787276206 0.200191636380972
0.0119766848888824 -0.0496384046216032 0.191873621967057 0.255282853850546
0.00278550996029013 -0.0497108894456028 0.185638325917809 0.259039551975775
0.0282490611659973 -0.0704140877428224 0.228793800306047 0.282866556480997
0.103195877715283 -0.0580685876577363 0.355362299922963 0.235494052689584
0.145304175785716 0.0219410382129849 0.1943482412765 0.197818340433864
0.0582338835379684 -0.0119282866886975 0.0977195191256382 -0.086292873273233
0.0270373645369277 0.00398924307235708 -0.149316037880982 -0.167365155538169
0.0498424024387231 -0.0127606592194521 -0.321975265501944 -0.0432810582110613
0.0244416553583803 -0.0675640089045345 -0.293040963164034 0.147335740748456
-0.0171181089578808 -0.0801310242943394 -0.156356532757519 0.247822375469681
-0.0518684333731882 -0.077176337912018 -0.0131759647165362 0.268461787882549
-0.0934149757791449 -0.0825540010584182 0.111836290326246 0.210616662942902
-0.0987566032972496 -0.091995485075109 0.172527278214554 0.149529988796124
-0.0929210516138264 -0.126892373123941 0.218301914551542 0.109967989696573
-0.0358361529862789 -0.175683691217581 0.237953349798568 0.14687938488073
0.0705663704857389 -0.165375672723801 0.228000999345563 0.224258841678689
0.132700100029262 -0.116349087183053 0.205765939930913 0.253595541783556
0.181642540053735 -0.0643509767595049 0.196539003280812 0.266486053944052
0.24392828462866 0.0062572215977121 0.29041084421516 0.206557972717689
0.221806696548255 0.113406917625855 0.112424207685066 0.154058077658842
0.157711878207922 0.0534422136766489 0.0648194859228602 -0.117520376905584
0.136984089013172 0.0236625097359854 -0.178790001160675 -0.194695883939836
0.129348008813538 -0.04727369427046 -0.329190834507452 -0.0644244080054156
0.0701983434545402 -0.130302653480052 -0.294519531217097 0.113921209095898
-0.00796228341993133 -0.149356313893484 -0.169573924261585 0.212483463119556
-0.0674379717716494 -0.146024175670212 -0.043525783143856 0.229884608759045
-0.1233158448972 -0.154161938044908 0.0685418842308489 0.168922167943741
-0.131449130851489 -0.162800889980691 0.124943514106289 0.0997963686074181
-0.128425103918261 -0.200469253507054 0.185290296531514 0.0425258325016128
-0.0590377111363523 -0.264777398544941 0.233859313525539 0.0636356655229134
0.094607585648923 -0.26188292683159 0.26624525501255 0.167143207431965
0.223479210501606 -0.18803298001724 0.231066926976639 0.240809762786783
0.30359348809441 -0.0703777341982414 0.155846127388068 0.255373734164718
0.349587925600565 0.0598969991795371 0.184997092835533 0.164139505090987
0.272020852415994 0.184818576094772 0.00754203943778204 0.077517646146579
0.248569299109644 0.108260123919855 0.0128543295050044 -0.167229054012245
0.248860640398929 0.0299809685677062 -0.208805151493469 -0.226955959951677
0.203540969214485 -0.0959561944326185 -0.323719233647943 -0.0909717666331546
0.103270218759467 -0.19335305934209 -0.283668063400279 0.0653993138038865
-0.00308685535102617 -0.205308473420245 -0.176788181995517 0.15371940981351
-0.0787371685503989 -0.193902994068302 -0.0774299256644203 0.166129216612736
-0.134704984890885 -0.202526362495778 0.0160064641330818 0.103458330418518
-0.140835989093217 -0.208173001822381 0.065576308596817 0.0316613945669219
-0.140682466369117 -0.239930932044225 0.138630225614396 -0.0358121367043996
-0.0681595611984825 -0.308440166140151 0.213674890180722 -0.0264361655036023
0.103985425257396 -0.311691974492149 0.291264876831815 0.0985538820882596
0.276931246188958 -0.227293187842135 0.244645167346384 0.224257904933734
0.375811688104974 -0.0626424494501907 0.102991081441005 0.246388432784145
0.397377204971955 0.110349294126154 0.0570112583006461 0.108251258371666
0.283627224493534 0.221204557151777 -0.114862573448961 -0.014867885366064
0.30316879626533 0.140079927376982 -0.0655768457780155 -0.211437521750953
0.321339429211737 0.0244073896991297 -0.23160839691707 -0.242229667543031
0.243970678336912 -0.137635031980946 -0.295061783743959 -0.122555541710332
0.117328801121645 -0.233837366531208 -0.259331458241954 -0.00540706089108899
-0.00357801636158517 -0.232325962280342 -0.184215496632762 0.0731645529120274
-0.0824623857401717 -0.211996761437616 -0.113527831185917 0.0854297957801107
-0.125665761160003 -0.221957416286416 -0.0398447867588936 0.0236573786216341
-0.121769030249534 -0.22424769001059 0.00757223409846719 -0.0456889564633935
-0.11693405595845 -0.246707522091382 0.093247539803483 -0.113117713365252
-0.0449535380292539 -0.302440401832981 0.190639425585405 -0.107126005071296
0.12179570898456 -0.298457623478895 0.299959403594158 0.0399712652777248
0.300733554896987 -0.20380869054463 0.23905548382056 0.208159410188876
0.389853529988114 -0.0207039600025666 0.044678665486216 0.229283828069598
0.378933218533267 0.155619188611861 -0.0694904063454339 0.0419608103219637
0.247484798541385 0.215702368160528 -0.234747766519 -0.100723532335315
0.29620911220814 0.141688348614212 -0.153101390367832 -0.234892469884214
0.322661250338668 0.0151140972599561 -0.238892051974145 -0.237919274071163
0.231526514161818 -0.147116105366561 -0.24452633470295 -0.154609545238953
0.106123502551018 -0.226881228770939 -0.229275259839832 -0.0844610924533532
-0.00445180367983536 -0.216572897526141 -0.194945273529741 -0.0160676267002831
-0.0727043310228347 -0.195276163162247 -0.15190864866527 0.000676157457262418
-0.0952815702661395 -0.208140239660838 -0.0884692729955575 -0.0571901493086157
-0.0820712870942352 -0.207541994636547 -0.0346279811930114 -0.122222750682041
-0.0661288995355603 -0.218231153025939 0.0707607582199165 -0.181214345722517
0.00283626602316651 -0.250525987805303 0.184964955262731 -0.165239627339961
0.142247460277711 -0.229361204447964 0.301542376349865 0.00180732843170124
0.292313236150119 -0.126941607465643 0.216394490555046 0.191186675676692
0.344365566015025 0.0467074973313874 -0.0078256847076064 0.19024572112464
0.301267163484947 0.18891144017656 -0.166873394440018 -0.0370079785327142
0.16424820017703 0.173871069237583 -0.327753089658762 -0.163258644205047
0.226680921018604 0.121157282741192 -0.22491657911578 -0.236174647907123
0.250935230227795 0.00873860325506673 -0.228349760802193 -0.224979609090867
0.16850685124518 -0.115233119769431 -0.194803350980353 -0.1859236530674
0.0773079186327653 -0.166673968013307 -0.208130315188147 -0.152945504208692
0.00104327643567714 -0.157685626788747 -0.210263364627733 -0.091588904233489
-0.0481160935841542 -0.145130162438772 -0.185879856729211 -0.0736512680794477
-0.0525218564490395 -0.163435891725309 -0.122334333669481 -0.127216434722331
-0.0321224482783202 -0.161108006194855 -0.0521523008950332 -0.187748999896296
-0.0108467452666283 -0.160968592817252 0.0750855230617986 -0.230888147458245
0.0448816061393336 -0.170466143821347 0.202132114805007 -0.193709366663678
0.141400774913334 -0.137294133367886 0.301961620894866 -0.0114109155439162
0.246021484462632 -0.0368518091298445 0.188211051754046 0.170205258654722
0.254084842893758 0.106455484286958 -0.0404037786804175 0.133272036060747
0.183267071610779 0.192303514760164 -0.217586152075884 -0.118495965519931
0.0472942527552301 0.112041743104538 -0.374327847418164 -0.196246092915676
0.111527636426439 0.0899039902857743 -0.258277245950444 -0.22558914831291
0.130552459137164 0.0147476538320034 -0.208957120384146 -0.219950145195194
0.0786743193512088 -0.0482462326443825 -0.169883269489055 -0.212159893859923
0.044271970113285 -0.0667701686548933 -0.204424725924735 -0.190806970370529
0.0165604677462839 -0.0670642055926805 -0.225894424858979 -0.1356670160637
-0.00959765994792646 -0.0718467396331504 -0.206744861424455 -0.121040247464298
-0.00159952593007577 -0.0940247559175779 -0.135545944649278 -0.175951931477136
0.0130363457432267 -0.0897738263982609 -0.0449841918774699 -0.231547290717594
0.0255867465424591 -0.0831309792383881 0.100552990227138 -0.256460295333445
0.0542318467594996 -0.0838497870684071 0.230246993263665 -0.194498494788423
0.102211463072434 -0.0601012643012017 0.303416402183683 -0.00460654845931995
0.16921963139099 0.018087066093277 0.167850673205218 0.149089064129144
0.138818006832538 0.123904576420079 -0.0421088754676415 0.0797160153380113
0.0524361952003135 0.153044469146428 -0.218023235514418 -0.1846005872162
