TRXV5
3
4
4
9
string Extension=J
integer IsArchMeasurement=1
integer IsSpherical=1
string Generator=SPM
string GeneratorVersion=1.3.1 Dev
double ArchRadius=0.449999988079071
integer FrequencyAxisIndex=0
integer AzimuthAxisIndex=1
integer ElevationAxisIndex=2
Frequency
5 136 690000000 960000000 LIN
Azimuth
7 8 0 2.74889357189107 LIN
Elevation
7 15 -2.74889357189107 2.74889357189107 LIN
Polar H Real Part
13
Polar H Imaginary Part
14
Polar V Real Part
13
Polar V Imaginary Part
14
Polar H Magnitude (dB)
12 0xC0000002 0 1
Polar H Phase
7 0xC0000003 0 1
Polar V Magnitude (dB)
12 0xC0000002 2 3
Polar V Phase
7 0xC0000003 2 3
-0.0231094360351562 -0.051177978515625 0.121261596679688 0.0321884155273438
-0.0363273620605469 -0.0429611206054688 0.0857391357421875 0.0103073120117187
-0.054779052734375 -0.0110549926757812 0.00140094757080078 -0.00959300994873047
-0.04022216796875 0.0209312438964844 -0.0490608215332031 0.0258827209472656
-0.0153083801269531 0.0256843566894531 -0.0586051940917969 0.0654754638671875
0.00178337097167969 0.0282211303710938 -0.0430831909179688 0.128585815429688
0.0113124847412109 0.0304336547851563 -0.00445556640624999 0.166412353515625
0.00560951232910156 0.0263385772705078 0.0185699462890625 0.165267944335938
0.0113601684570313 0.0284023284912109 0.0116424560546875 0.15106201171875
0.00441360473632813 0.0366897583007812 -0.0153961181640625 0.123703002929687
-0.00992202758789062 0.04046630859375 -0.0106124877929688 0.0747222900390625
-0.0324249267578125 0.04150390625 0.0125617980957031 0.0381431579589844
-0.0553321838378906 0.00670623779296875 0.065887451171875 0.0427017211914062
-0.0436630249023437 -0.0238533020019531 0.150482177734375 0.102691650390625
-0.0311508178710938 -0.0193748474121094 0.166015625 0.209854125976563
-0.0837173461914063 -0.106147766113281 0.106353759765625 0.021820068359375
-0.0990982055664063 -0.091400146484375 0.079803466796875 0.00694274902343749
-0.11859130859375 -0.0400314331054687 0.0137310028076172 -0.0117282867431641
-0.10986328125 0.0161590576171875 -0.0398750305175781 0.0116691589355469
-0.0736160278320313 0.0485153198242188 -0.05780029296875 0.0466423034667969
-0.0401840209960937 0.084014892578125 -0.0506591796875 0.114173889160156
-0.00661468505859374 0.0938796997070312 -0.011749267578125 0.14678955078125
-0.0111236572265625 0.0839157104492188 0.01434326171875 0.144058227539063
-0.00643157958984375 0.090240478515625 0.0099029541015625 0.130714416503906
-0.0228805541992187 0.0930938720703125 -0.013214111328125 0.1072998046875
-0.0495834350585937 0.078369140625 -0.00794219970703125 0.0574531555175781
-0.0821380615234375 0.0659332275390625 0.0173625946044922 0.0229644775390625
-0.113426208496094 0.00719451904296877 0.0810012817382812 0.0300674438476563
-0.108978271484375 -0.0484237670898437 0.149993896484375 0.0897979736328125
-0.0986404418945313 -0.0615615844726563 0.156768798828125 0.192840576171875
-0.1329345703125 -0.14764404296875 0.0722198486328125 -0.00833129882812501
-0.14971923828125 -0.128738403320313 0.0583152770996094 -0.00624847412109376
-0.168548583984375 -0.0661163330078125 0.0216751098632812 -0.0113658905029297
-0.1666259765625 0.00819396972656248 -0.0231266021728516 -0.000856399536132808
-0.123153686523438 0.0638198852539062 -0.0437049865722656 0.0216484069824219
-0.0786819458007813 0.127174377441406 -0.0458221435546875 0.08172607421875
-0.0244140625 0.143508911132812 -0.016815185546875 0.102828979492188
-0.0257949829101562 0.128913879394531 0.00702667236328126 0.100288391113281
-0.0214157104492188 0.139785766601562 0.00469207763671876 0.0913925170898438
-0.0438995361328125 0.139801025390625 -0.0115432739257813 0.0767364501953125
-0.0802154541015625 0.112007141113281 -0.00637626647949219 0.0318546295166016
-0.121116638183594 0.08917236328125 0.0198078155517578 0.00575637817382813
-0.160873413085938 0.0121307373046875 0.0855484008789062 0.017822265625
-0.162994384765625 -0.061187744140625 0.127708435058594 0.0737457275390625
-0.154830932617188 -0.092620849609375 0.125335693359375 0.160629272460937
-0.16412353515625 -0.162734985351563 0.0228843688964844 -0.0482559204101563
-0.181045532226562 -0.141357421875 0.023834228515625 -0.0270633697509766
-0.194793701171875 -0.073516845703125 0.0220012664794922 -0.0124263763427734
-0.195343017578125 0.00381469726562499 -0.00327491760253907 -0.0144577026367188
-0.151473999023437 0.0704803466796875 -0.0213031768798828 -0.00699424743652343
-0.104644775390625 0.14990234375 -0.0334739685058594 0.0365562438964844
-0.0390625 0.1702880859375 -0.0175933837890625 0.0435104370117188
-0.03778076171875 0.15484619140625 -0.00218582153320313 0.0414199829101563
-0.0341339111328125 0.16864013671875 -0.00354003906250001 0.0379371643066406
-0.0592803955078125 0.167282104492188 -0.0113334655761719 0.033111572265625
-0.102073669433594 0.130081176757813 -0.0055527687072754 0.00046873092651368
-0.145828247070313 0.100311279296875 0.0193710327148437 -0.0116004943847656
-0.18719482421875 0.0135498046875 0.077362060546875 0.00836944580078125
-0.19195556640625 -0.066925048828125 0.0878829956054687 0.0571060180664063
-0.187271118164063 -0.108108520507813 0.0760116577148437 0.119476318359375
-0.1715087890625 -0.149307250976563 -0.0351104736328125 -0.093353271484375
-0.183563232421875 -0.125534057617188 -0.0192756652832031 -0.0506820678710938
-0.188125610351563 -0.062469482421875 0.0134696960449219 -0.0159082412719727
-0.187713623046875 0.00393676757812502 0.0132675170898437 -0.0294742584228516
-0.149871826171875 0.0674896240234375 0.00185012817382812 -0.0369720458984375
-0.109756469726563 0.148468017578125 -0.0166549682617188 -0.0165319442749023
-0.0469512939453125 0.17059326171875 -0.0164642333984375 -0.0224361419677734
-0.0441741943359375 0.156463623046875 -0.0106735229492188 -0.0236339569091797
-0.04290771484375 0.172943115234375 -0.0119075775146484 -0.0210247039794922
-0.070098876953125 0.167098999023438 -0.00974559783935547 -0.0167732238769531
-0.111366271972656 0.125373840332031 -0.00368309020996094 -0.0327835083007812
-0.152069091796875 0.0922698974609375 0.0186080932617187 -0.0268020629882812
-0.185760498046875 0.00531005859375002 0.0610198974609375 0.00162887573242188
-0.189834594726563 -0.0703887939453125 0.0364227294921875 0.0419540405273437
-0.189224243164063 -0.109634399414062 0.0180511474609375 0.0732345581054688
-0.15130615234375 -0.11163330078125 -0.0920944213867187 -0.132118225097656
-0.154052734375 -0.089447021484375 -0.0625686645507813 -0.0720748901367187
-0.147354125976563 -0.041015625 -0.00183868408203126 -0.0215167999267578
-0.146011352539063 0.00442504882812498 0.0216636657714844 -0.0435409545898438
-0.120903015136719 0.052764892578125 0.0190773010253906 -0.0628547668457031
-0.0966644287109375 0.123565673828125 -0.00187683105468751 -0.066131591796875
-0.0459442138671875 0.144195556640625 -0.0149459838867188 -0.0841751098632812
-0.0430526733398437 0.13580322265625 -0.0181121826171875 -0.0847244262695312
-0.0478973388671875 0.150772094726563 -0.0160903930664063 -0.0773696899414062
-0.07379150390625 0.139183044433594 -0.00307083129882813 -0.0646781921386719
-0.108451843261719 0.0963516235351563 0.00380706787109374 -0.061798095703125
-0.136985778808594 0.0635910034179688 0.0199089050292969 -0.0379371643066406
-0.154541015625 -0.01007080078125 0.0414466857910156 -0.00255584716796875
-0.155960083007813 -0.0674591064453125 -0.0138683319091797 0.0243110656738281
-0.16162109375 -0.0965423583984375 -0.0366020202636719 0.0258560180664063
-0.106513977050781 -0.0575027465820312 -0.139694213867188 -0.158843994140625
-0.0959854125976563 -0.0449981689453125 -0.0983352661132812 -0.0868606567382813
-0.0837631225585937 -0.0203933715820313 -0.0224113464355469 -0.0256175994873047
-0.0837173461914062 -0.00156402587890625 0.0197486877441406 -0.0514564514160156
-0.0763778686523438 0.0273818969726563 0.0261993408203125 -0.0775604248046875
-0.0698623657226562 0.0795059204101563 0.00701141357421875 -0.103729248046875
-0.0389862060546875 0.0973434448242187 -0.0146255493164063 -0.132438659667969
-0.036376953125 0.0949172973632812 -0.0220260620117187 -0.132926940917969
-0.0456695556640625 0.105995178222656 -0.0139312744140625 -0.122840881347656
-0.0652847290039063 0.0901718139648437 0.01080322265625 -0.102806091308594
-0.0855484008789063 0.0531692504882812 0.016937255859375 -0.07977294921875
-0.0985183715820312 0.0255050659179687 0.0246734619140625 -0.0431747436523438
-0.09893798828125 -0.0217819213867187 0.0228271484375 -0.00617408752441406
-0.0975875854492188 -0.0524368286132812 -0.0544395446777344 0.00474929809570313
-0.111335754394531 -0.0656204223632813 -0.07928466796875 -0.0166168212890625
-0.0439186096191406 0.000541687011718758 -0.170730590820313 -0.17156982421875
-0.0221405029296875 -0.00426864624023438 -0.123931884765625 -0.0908966064453125
-0.011474609375 -0.0066680908203125 -0.0438194274902344 -0.0237007141113281
-0.0168952941894531 -0.0144252777099609 0.0109672546386719 -0.049163818359375
-0.02685546875 -0.00569534301757812 0.026092529296875 -0.0797042846679688
-0.0392532348632813 0.0223922729492187 0.0116500854492187 -0.124237060546875
-0.0287628173828125 0.0359077453613281 -0.014434814453125 -0.159820556640625
-0.0242424011230469 0.0392799377441406 -0.023284912109375 -0.161300659179688
-0.0341148376464844 0.0447235107421875 -0.00691223144531252 -0.150543212890625
-0.0411415100097656 0.0299339294433594 0.0280075073242188 -0.123191833496094
-0.0430374145507813 0.006805419921875 0.0325851440429687 -0.0842971801757813
-0.0387611389160156 -0.00621795654296874 0.0310287475585937 -0.0409011840820313
-0.0285511016845703 -0.0167198181152344 0.00720787048339844 -0.00885677337646485
-0.0298690795898438 -0.0178413391113281 -0.0789031982421875 -0.01434326171875
-0.0488929748535156 -0.0185623168945313 -0.105148315429687 -0.0477294921875
-0.0263786315917969 -0.0505027770996094 0.131034851074219 0.0273361206054687
-0.0390968322753906 -0.04217529296875 0.092926025390625 0.00634765625
-0.056060791015625 -0.00834655761718749 0.00203704833984375 -0.00986480712890625
-0.0396995544433594 0.0233421325683594 -0.0487556457519531 0.0311546325683594
-0.0146350860595703 0.0264148712158203 -0.0564956665039063 0.0719451904296875
0.00376129150390625 0.0280418395996094 -0.0359420776367188 0.136634826660156
0.0131912231445313 0.0295600891113281 0.00912475585937502 0.172897338867188
0.00731658935546875 0.0262489318847656 0.03253173828125 0.170074462890625
0.0136146545410156 0.0276165008544922 0.0236663818359375 0.157058715820313
0.00715255737304688 0.0373077392578125 -0.00756835937499999 0.13037109375
-0.00691604614257812 0.0425033569335937 -0.00711822509765625 0.0790863037109375
-0.0290107727050781 0.0447959899902344 0.0147514343261719 0.0390548706054688
-0.0554695129394531 0.0110664367675781 0.070831298828125 0.0398178100585938
-0.046661376953125 -0.0203666687011719 0.16278076171875 0.0946807861328125
-0.032958984375 -0.0167236328125 0.185134887695312 0.2054443359375
-0.09326171875 -0.103645324707031 0.114700317382813 0.018035888671875
-0.107757568359375 -0.0873031616210937 0.0858078002929688 0.00412750244140624
-0.123649597167969 -0.0344772338867187 0.014918327331543 -0.0123758316040039
-0.111785888671875 0.0232925415039063 -0.0403404235839844 0.0157318115234375
-0.0728607177734375 0.0548324584960938 -0.056427001953125 0.052459716796875
-0.0351181030273437 0.0893402099609375 -0.0434646606445313 0.122016906738281
-6.10351562500071E-05 0.0966796875 -0.000717163085937498 0.153778076171875
-0.00534820556640624 0.0876846313476563 0.0273590087890625 0.148681640625
0.000167846679687505 0.093994140625 0.0209884643554687 0.135498046875
-0.0164718627929687 0.0979232788085938 -0.00532531738281251 0.113975524902344
-0.0461044311523438 0.0842208862304688 -0.00433731079101563 0.0614967346191406
-0.0801239013671875 0.0743026733398438 0.0189323425292969 0.0238170623779297
-0.116409301757813 0.014495849609375 0.0854263305664062 0.0261077880859375
-0.11614990234375 -0.0425186157226562 0.1612548828125 0.08221435546875
-0.106361389160156 -0.05615234375 0.1749267578125 0.18914794921875
-0.148208618164063 -0.144088745117187 0.0772171020507812 -0.0104293823242188
-0.163558959960938 -0.123291015625 0.06201171875 -0.00818634033203126
-0.178207397460938 -0.05853271484375 0.0227546691894531 -0.0138912200927734
-0.172348022460938 0.018798828125 -0.0238666534423828 0.00188827514648437
-0.124046325683594 0.0742340087890625 -0.0429573059082031 0.0269088745117188
-0.0718917846679688 0.136466979980469 -0.0399093627929688 0.0885772705078125
-0.0149688720703125 0.149826049804688 -0.00885009765625001 0.108871459960938
-0.0166168212890625 0.136589050292969 0.0158920288085937 0.103782653808594
-0.0112762451171875 0.147262573242188 0.012786865234375 0.095458984375
-0.03509521484375 0.148223876953125 -0.00582885742187501 0.08233642578125
-0.0757904052734375 0.121696472167969 -0.00429534912109375 0.0346145629882813
-0.119316101074219 0.101905822753906 0.0205345153808594 0.00611114501953126
-0.1649169921875 0.0227813720703125 0.089599609375 0.0121307373046875
-0.173141479492188 -0.0532684326171875 0.137245178222656 0.06744384765625
-0.167709350585938 -0.085205078125 0.13958740234375 0.158462524414063
-0.181976318359375 -0.158950805664063 0.0233917236328125 -0.04876708984375
-0.197265625 -0.134628295898437 0.0245094299316406 -0.0274581909179688
-0.205841064453125 -0.0644683837890625 0.0231266021728515 -0.0144634246826172
-0.2027587890625 0.0169525146484375 -0.00427722930908205 -0.0135650634765625
-0.153228759765625 0.0839385986328125 -0.0214385986328125 -0.00379753112792968
-0.0966644287109375 0.162322998046875 -0.0287208557128906 0.0409507751464844
-0.0272369384765625 0.178146362304688 -0.0140533447265625 0.0474357604980469
-0.0266571044921875 0.164581298828125 0.00241470336914062 0.0437088012695313
-0.0218353271484375 0.178756713867188 0.000473022460937499 0.0407142639160156
-0.049102783203125 0.177993774414062 -0.0077972412109375 0.037078857421875
-0.0972747802734375 0.142410278320313 -0.00474357604980469 0.00273084640502931
-0.144821166992188 0.115676879882813 0.0193862915039062 -0.0111465454101562
-0.192657470703125 0.02606201171875 0.0807418823242187 0.00286865234375
-0.204208374023438 -0.058258056640625 0.094146728515625 0.0537796020507812
-0.203094482421875 -0.09979248046875 0.085296630859375 0.119590759277344
-0.188400268554688 -0.144882202148438 -0.04071044921875 -0.0912704467773438
-0.199569702148438 -0.119277954101563 -0.0226974487304688 -0.0489692687988281
-0.199050903320313 -0.053924560546875 0.0138025283813476 -0.0171480178833008
-0.196197509765625 0.017669677734375 0.0117568969726562 -0.0303859710693359
-0.152511596679688 0.081207275390625 0.00110626220703124 -0.0366096496582031
-0.102447509765625 0.161849975585937 -0.0149984359741211 -0.0153884887695312
-0.0349578857421875 0.179290771484375 -0.0179233551025391 -0.0213871002197265
-0.0325469970703125 0.167495727539063 -0.0121688842773438 -0.022857666015625
-0.0311126708984375 0.184249877929687 -0.0122776031494141 -0.019805908203125
-0.0601959228515625 0.179473876953125 -0.00946521759033203 -0.0154123306274414
-0.108253479003906 0.138877868652344 -0.00495529174804688 -0.0318393707275391
-0.152603149414062 0.1075439453125 0.0168876647949219 -0.0272960662841797
-0.192245483398438 0.0177459716796875 0.0633392333984375 -0.0027923583984375
-0.203109741210938 -0.061553955078125 0.0397148132324219 0.041351318359375
-0.206146240234375 -0.102249145507812 0.02166748046875 0.075408935546875
-0.165206909179688 -0.1068115234375 -0.102317810058594 -0.128654479980469
-0.166458129882812 -0.0839691162109375 -0.0689048767089844 -0.0687789916992188
-0.156707763671875 -0.0340423583984375 -0.00303077697753907 -0.0221920013427734
-0.153030395507813 0.0148162841796875 0.0200881958007812 -0.0454483032226563
-0.12384033203125 0.0637969970703125 0.0173416137695312 -0.0650634765625
-0.0904388427734375 0.135246276855469 -0.00365829467773438 -0.0678024291992187
-0.0357666015625 0.152969360351563 -0.021148681640625 -0.0854339599609375
-0.033416748046875 0.145965576171875 -0.0243606567382812 -0.0855560302734375
-0.03717041015625 0.162002563476562 -0.0210494995117188 -0.0785064697265625
-0.066131591796875 0.151321411132813 -0.00619125366210938 -0.0664787292480469
-0.1063232421875 0.109565734863281 0.000442504882812493 -0.062530517578125
-0.138687133789063 0.0773468017578125 0.0180320739746094 -0.0392189025878906
-0.161270141601562 -0.000823974609374976 0.0421257019042969 -0.00652313232421875
-0.167266845703125 -0.0610809326171875 -0.0142097473144531 0.0269012451171875
-0.176559448242188 -0.0902557373046875 -0.0385093688964844 0.0299568176269531
-0.114486694335938 -0.05474853515625 -0.153213500976563 -0.154083251953125
-0.103469848632813 -0.042266845703125 -0.107498168945313 -0.0823593139648437
-0.0894699096679688 -0.0161361694335938 -0.0242805480957031 -0.0247211456298828
-0.0887451171875 0.0044708251953125 0.0175094604492187 -0.0538330078125
-0.078857421875 0.0340042114257813 0.0236587524414063 -0.081878662109375
-0.06634521484375 0.0876235961914062 0.00296783447265625 -0.1080322265625
-0.031829833984375 0.104156494140625 -0.024322509765625 -0.135597229003906
-0.0291671752929688 0.102546691894531 -0.0330123901367188 -0.135650634765625
-0.037872314453125 0.115333557128906 -0.0228652954101563 -0.126296997070313
-0.0604171752929688 0.100112915039063 0.00492858886718749 -0.106948852539063
-0.0854873657226563 0.0625457763671875 0.0133743286132812 -0.082672119140625
-0.1015625 0.035430908203125 0.0227737426757812 -0.0451889038085938
-0.104347229003906 -0.0159454345703125 0.0225105285644531 -0.008758544921875
-0.106727600097656 -0.0490493774414063 -0.0581626892089844 0.00854873657226561
-0.12225341796875 -0.062530517578125 -0.0859451293945313 -0.0116119384765625
-0.0450210571289063 0.00138473510742187 -0.18621826171875 -0.166000366210938
-0.0238056182861328 -0.00499916076660156 -0.13458251953125 -0.0854415893554688
-0.0137147903442383 -0.00733375549316406 -0.0460891723632813 -0.0214691162109375
-0.0203132629394531 -0.0133686065673828 0.0089111328125 -0.0515403747558594
-0.0299167633056641 -0.00326347351074219 0.0227890014648437 -0.0851898193359375
-0.0390739440917969 0.0279808044433594 0.00432586669921874 -0.130165100097656
-0.0256881713867188 0.0399589538574219 -0.0270538330078125 -0.164627075195313
-0.0209007263183594 0.0436935424804688 -0.0371551513671875 -0.16522216796875
-0.0308570861816406 0.0506477355957031 -0.018707275390625 -0.1558837890625
-0.0396270751953125 0.0358009338378906 0.0207138061523438 -0.130348205566406
-0.0446243286132813 0.01171875 0.0289230346679688 -0.0886001586914063
-0.0419769287109375 -0.00149536132812499 0.0292930603027344 -0.0434532165527344
-0.0317878723144531 -0.015167236328125 0.00566959381103515 -0.0107059478759766
-0.0337905883789063 -0.0179328918457031 -0.0851211547851563 -0.00883483886718748
-0.0540695190429688 -0.017913818359375 -0.114311218261719 -0.042816162109375
-0.02874755859375 -0.0476875305175781 0.136184692382813 0.0215835571289062
-0.0401725769042969 -0.0397148132324219 0.0964736938476563 0.00139617919921875
-0.0551872253417969 -0.00580978393554688 0.00249862670898437 -0.0102176666259766
-0.0378379821777344 0.0241851806640625 -0.0463943481445313 0.0344581604003906
-0.0128650665283203 0.0261573791503906 -0.0526962280273438 0.0762252807617188
0.00506210327148438 0.0270843505859375 -0.0270767211914063 0.139244079589844
0.0143775939941406 0.0280742645263672 0.0207977294921875 0.173385620117188
0.0087890625 0.0251216888427734 0.045440673828125 0.168533325195313
0.0156669616699219 0.0265769958496094 0.03424072265625 0.156875610351563
0.00969696044921875 0.0359725952148437 7.62939453125269E-06 0.132492065429688
-0.00420379638671875 0.0423164367675781 -0.003021240234375 0.0803909301757813
-0.0252609252929688 0.0457344055175781 0.0161285400390625 0.0390968322753906
-0.0538825988769531 0.0147438049316406 0.07257080078125 0.0356063842773438
-0.0477867126464844 -0.0166053771972656 0.168807983398438 0.0842437744140625
-0.0322475433349609 -0.0134487152099609 0.196441650390625 0.194732666015625
-0.0998306274414062 -0.0975112915039063 0.118728637695313 0.0137176513671875
-0.112586975097656 -0.0808868408203125 0.088470458984375 0.000396728515624995
-0.124671936035156 -0.0289154052734375 0.0155649185180664 -0.0135126113891602
-0.11083984375 0.0288467407226563 -0.0386466979980469 0.0198707580566406
-0.0698814392089844 0.058502197265625 -0.0526542663574219 0.0571365356445313
-0.0295791625976562 0.0902328491210938 -0.0345230102539063 0.125923156738281
0.005767822265625 0.0961837768554688 0.0100250244140625 0.1541748046875
0.000442504882812502 0.0884933471679688 0.037933349609375 0.147232055664063
0.00665283203125 0.0941085815429688 0.0308761596679688 0.136039733886719
-0.00984191894531251 0.0991363525390625 0.00257110595703124 0.116432189941406
-0.0409011840820312 0.0877609252929687 -0.000827789306640626 0.0634803771972656
-0.0747146606445313 0.0794143676757812 0.0196743011474609 0.0240688323974609
-0.115104675292969 0.0214691162109375 0.0869979858398437 0.0204010009765625
-0.11956787109375 -0.0358428955078125 0.167160034179688 0.0724334716796875
-0.110054016113281 -0.049407958984375 0.185089111328125 0.1793212890625
-0.157394409179688 -0.135879516601562 0.07952880859375 -0.0127487182617188
-0.170852661132813 -0.113204956054688 0.0643730163574219 -0.00984191894531251
-0.180496215820312 -0.04913330078125 0.0229854583740234 -0.0147762298583984
-0.17169189453125 0.0285186767578125 -0.0227546691894531 0.00462722778320313
-0.120468139648438 0.081390380859375 -0.0398368835449219 0.03082275390625
-0.0629501342773438 0.139457702636719 -0.03228759765625 0.0921859741210938
-0.00492858886718748 0.14984130859375 -0.000411987304687492 0.110000610351563
-0.00778961181640625 0.138069152832031 0.024139404296875 0.103073120117188
-0.000961303710937489 0.149093627929688 0.0200576782226563 0.0960235595703125
-0.024658203125 0.151290893554687 0.000534057617187496 0.0844573974609375
-0.068695068359375 0.127960205078125 -0.00134658813476563 0.0373344421386719
-0.113296508789063 0.110633850097656 0.0208015441894531 0.00696563720703126
-0.163665771484375 0.032012939453125 0.089324951171875 0.00714111328125
-0.177490234375 -0.0438690185546875 0.141326904296875 0.05963134765625
-0.17401123046875 -0.0751800537109375 0.147872924804688 0.151611328125
-0.19219970703125 -0.148513793945313 0.0229110717773437 -0.0475654602050781
-0.205551147460938 -0.123779296875 0.0246200561523437 -0.0265388488769531
-0.209579467773438 -0.053924560546875 0.0232028961181641 -0.0157546997070313
-0.203353881835938 0.029571533203125 -0.00462055206298829 -0.0116472244262695
-0.148941040039062 0.093475341796875 -0.0197582244873047 -0.00119400024414062
-0.08636474609375 0.168258666992188 -0.0234832763671875 0.0434074401855469
-0.015472412109375 0.17962646484375 -0.00979232788085938 0.0491790771484375
-0.0149993896484375 0.167465209960938 0.00609970092773438 0.0443115234375
-0.00868225097656251 0.182098388671875 0.00461959838867188 0.0412788391113281
-0.0374908447265625 0.182571411132813 -0.0037384033203125 0.0386123657226563
-0.08953857421875 0.149795532226562 -0.0032334327697754 0.00493621826171876
-0.138885498046875 0.126251220703125 0.0187149047851562 -0.0107631683349609
-0.19171142578125 0.036590576171875 0.080169677734375 -0.00286865234375
-0.209579467773438 -0.0476837158203125 0.09735107421875 0.048828125
-0.210708618164063 -0.0880126953125 0.0908660888671875 0.115890502929688
-0.198760986328125 -0.13592529296875 -0.0434722900390625 -0.0871505737304688
-0.20721435546875 -0.108489990234375 -0.0247344970703125 -0.0458793640136719
-0.203460693359375 -0.04345703125 0.013702392578125 -0.0179996490478516
-0.197418212890625 0.0294342041015625 0.0102424621582031 -0.0292892456054687
-0.14923095703125 0.090850830078125 0.00104141235351562 -0.0366134643554687
-0.0924530029296875 0.168212890625 -0.0134859085083008 -0.0140485763549805
-0.0225677490234375 0.18170166015625 -0.0190505981445313 -0.0191268920898437
-0.021270751953125 0.171676635742188 -0.012786865234375 -0.0214614868164062
-0.017364501953125 0.188720703125 -0.0127811431884766 -0.0187530517578125
-0.04852294921875 0.185134887695312 -0.00850486755371094 -0.013702392578125
-0.101089477539063 0.147628784179687 -0.0047454833984375 -0.0296230316162109
-0.146881103515625 0.118759155273438 0.0160465240478516 -0.0264816284179687
-0.192184448242188 0.02740478515625 0.0623626708984375 -0.0076141357421875
-0.20904541015625 -0.0519256591796875 0.0418243408203125 0.0397987365722656
-0.214614868164063 -0.0906982421875 0.0244293212890625 0.0751113891601562
-0.172744750976563 -0.099945068359375 -0.107841491699219 -0.120918273925781
-0.173065185546875 -0.0760498046875 -0.0732345581054688 -0.0630874633789063
-0.160400390625 -0.0263519287109375 -0.00382614135742189 -0.0214366912841797
-0.154678344726563 0.0246429443359375 0.0172576904296875 -0.0456428527832031
-0.121894836425781 0.0726089477539063 0.0153770446777344 -0.0655517578125
-0.08221435546875 0.141708374023438 -0.00488662719726562 -0.0677375793457031
-0.024932861328125 0.155227661132813 -0.0263137817382812 -0.083587646484375
-0.0227813720703125 0.149948120117188 -0.0291748046875 -0.0832290649414062
-0.02508544921875 0.166824340820313 -0.02557373046875 -0.077545166015625
-0.055816650390625 0.157485961914063 -0.00846481323242188 -0.0654830932617187
-0.100502014160156 0.117416381835937 -0.00177001953125 -0.0606498718261719
-0.135276794433594 0.0876846313476563 0.0159034729003906 -0.0386695861816406
-0.16204833984375 0.00813293457031254 0.0409011840820312 -0.009735107421875
-0.17352294921875 -0.0537567138671875 -0.0138835906982422 0.0287456512451172
-0.184539794921875 -0.08099365234375 -0.0387229919433594 0.032867431640625
-0.119102478027344 -0.05047607421875 -0.161300659179688 -0.144454956054688
-0.10784912109375 -0.0379714965820312 -0.1134033203125 -0.0747756958007813
-0.0923995971679688 -0.0116119384765625 -0.0257320404052734 -0.0238914489746094
-0.0914382934570313 0.0102081298828125 0.0146903991699219 -0.054534912109375
-0.0787124633789063 0.040069580078125 0.0206985473632813 -0.084136962890625
-0.06146240234375 0.0933990478515625 -0.00181579589843751 -0.108963012695313
-0.024322509765625 0.1064453125 -0.0328903198242188 -0.1339111328125
-0.0214385986328125 0.105743408203125 -0.0420608520507813 -0.133209228515625
-0.029266357421875 0.119606018066406 -0.0306930541992188 -0.125572204589844
-0.0538177490234375 0.10565185546875 -0.00054168701171875 -0.107704162597656
-0.08251953125 0.0694808959960938 0.00960540771484375 -0.0824050903320313
-0.100440979003906 0.0434494018554688 0.0200881958007812 -0.0454521179199219
-0.106124877929688 -0.00987243652343752 0.0209445953369141 -0.0113334655761719
-0.111984252929688 -0.0447006225585937 -0.0589866638183594 0.0133628845214844
-0.128303527832031 -0.0562973022460938 -0.0889968872070313 -0.00661468505859376
-0.04547119140625 0.00158309936523437 -0.194915771484375 -0.155075073242187
-0.0256175994873047 -0.00589370727539063 -0.140312194824219 -0.0773696899414063
-0.0152244567871094 -0.00735187530517578 -0.0470542907714844 -0.0187568664550781
-0.0221977233886719 -0.0121860504150391 0.0065155029296875 -0.0526237487792969
-0.0315074920654297 -0.000663757324218752 0.0193862915039063 -0.0878372192382813
-0.0375633239746094 0.0315589904785156 -0.00198364257812499 -0.131584167480469
-0.0221633911132812 0.0418853759765625 -0.03759765625 -0.163726806640625
-0.0169792175292969 0.0465164184570313 -0.0479736328125 -0.162353515625
-0.0269889831542969 0.0545425415039062 -0.0289154052734375 -0.154983520507813
-0.0371017456054688 0.0395927429199219 0.0134735107421875 -0.132431030273438
-0.0440521240234375 0.0157394409179688 0.0244979858398437 -0.0896759033203125
-0.0425682067871094 0.00279235839843751 0.0268020629882812 -0.0450325012207031
-0.033447265625 -0.0128860473632812 0.003387451171875 -0.0113506317138672
-0.0367012023925781 -0.0169448852539063 -0.0879592895507812 -0.00331878662109374
-0.0572395324707031 -0.0159950256347656 -0.119895935058594 -0.0364837646484375
-0.0288619995117188 -0.045135498046875 0.138107299804688 0.0186004638671875
-0.0399818420410156 -0.0379981994628906 0.0982589721679688 -0.000724792480468752
-0.0532875061035156 -0.00556564331054687 0.00392341613769531 -0.00995445251464844
-0.0364112854003906 0.0237197875976562 -0.0441169738769531 0.0361099243164063
-0.0125522613525391 0.0255088806152344 -0.0493240356445313 0.0775985717773438
0.00581741333007813 0.0257968902587891 -0.0225601196289063 0.139862060546875
0.0148849487304687 0.0270500183105469 0.027130126953125 0.170928955078125
0.00918960571289063 0.0242118835449219 0.0513763427734375 0.164764404296875
0.0164394378662109 0.0246429443359375 0.040130615234375 0.154556274414063
0.0107669830322266 0.0350227355957031 0.00463867187499999 0.13287353515625
-0.00231170654296875 0.0416069030761719 -0.00115203857421874 0.0809326171875
-0.022796630859375 0.0455703735351563 0.0167388916015625 0.0388717651367188
-0.0522270202636719 0.0156478881835937 0.0723724365234375 0.0338973999023438
-0.0471305847167969 -0.014068603515625 0.169540405273438 0.077667236328125
-0.0310268402099609 -0.0116462707519531 0.199493408203125 0.186264038085938
-0.101150512695312 -0.0927886962890625 0.121116638183594 0.0120849609375
-0.112274169921875 -0.0768356323242187 0.090301513671875 -0.00115966796875
-0.122840881347656 -0.0260848999023437 0.0163087844848633 -0.013946533203125
-0.108863830566406 0.0306777954101563 -0.0369758605957031 0.0217132568359375
-0.0681381225585938 0.0593032836914063 -0.0500106811523438 0.0593299865722656
-0.0263214111328125 0.0888595581054688 -0.0289306640625 0.126289367675781
0.00836944580078124 0.0946273803710938 0.0168609619140625 0.152999877929688
0.00373077392578126 0.087066650390625 0.043914794921875 0.144271850585938
0.0106048583984375 0.092681884765625 0.0360183715820312 0.134086608886719
-0.00630950927734376 0.0983810424804687 0.0070343017578125 0.116836547851563
-0.038116455078125 0.0884017944335938 0.000778198242187502 0.0644760131835938
-0.0714492797851563 0.081085205078125 0.0200290679931641 0.0247478485107422
-0.112709045410156 0.0235214233398437 0.0858612060546875 0.0174102783203125
-0.119636535644531 -0.031890869140625 0.167144775390625 0.0657958984375
-0.109519958496094 -0.044769287109375 0.187469482421875 0.171920776367188
-0.159988403320313 -0.129486083984375 0.0811767578125 -0.0116424560546875
-0.171234130859375 -0.107620239257813 0.0653266906738281 -0.0105056762695313
-0.17926025390625 -0.0453643798828125 0.0233516693115234 -0.0146942138671875
-0.169189453125 0.032958984375 -0.0219821929931641 0.00672340393066406
-0.117523193359375 0.0838775634765625 -0.0370864868164063 0.0326461791992188
-0.0577163696289063 0.139274597167969 -0.0271530151367188 0.0924606323242188
-0.000274658203125003 0.147628784179688 0.0049896240234375 0.109893798828125
-0.0023651123046875 0.1376953125 0.0284652709960937 0.101425170898438
0.00489807128906249 0.147918701171875 0.0239486694335938 0.094329833984375
-0.019317626953125 0.151153564453125 0.00490570068359374 0.084747314453125
-0.0648345947265625 0.129020690917969 0.000194549560546871 0.0389404296875
-0.10882568359375 0.113510131835937 0.0207328796386719 0.00820732116699219
-0.161041259765625 0.035614013671875 0.0882415771484375 0.0036163330078125
-0.178253173828125 -0.03912353515625 0.141494750976562 0.054840087890625
-0.174346923828125 -0.068450927734375 0.149795532226563 0.146881103515625
-0.1961669921875 -0.142242431640625 0.0240211486816406 -0.0454025268554688
-0.20684814453125 -0.116729736328125 0.0247058868408203 -0.0246620178222656
-0.208831787109375 -0.0488128662109375 0.0231170654296875 -0.0156688690185547
-0.201095581054688 0.03521728515625 -0.00480556488037111 -0.00954723358154297
-0.145660400390625 0.0972137451171875 -0.0181083679199219 0.000516891479492194
-0.0801239013671875 0.168487548828125 -0.0194740295410156 0.0436134338378906
-0.00891113281250001 0.178207397460938 -0.00644683837890625 0.0498886108398438
-0.00886535644531251 0.167037963867187 0.00828170776367187 0.0437469482421875
-0.00143432617187498 0.181640625 0.00670242309570312 0.04107666015625
-0.03082275390625 0.182632446289063 -0.000518798828125003 0.0394401550292969
-0.08502197265625 0.152786254882812 -0.00160884857177735 0.00685262680053712
-0.133613586425781 0.130805969238281 0.0185356140136719 -0.00871658325195312
-0.188201904296875 0.040283203125 0.078155517578125 -0.00559234619140625
-0.210617065429688 -0.0424346923828125 0.0974197387695312 0.0457611083984375
-0.212615966796875 -0.0806732177734376 0.0927200317382812 0.113121032714844
-0.201751708984375 -0.129547119140625 -0.0432891845703125 -0.0824508666992188
-0.210067749023438 -0.102508544921875 -0.0248947143554688 -0.0424537658691406
-0.202835083007812 -0.0387115478515625 0.0135765075683594 -0.0176067352294922
-0.196624755859375 0.0357513427734375 0.00990676879882811 -0.0278682708740234
-0.146316528320313 0.0957183837890625 0.00187110900878906 -0.0348396301269531
-0.086029052734375 0.169631958007813 -0.0107240676879883 -0.013585090637207
-0.0154571533203125 0.180191040039062 -0.0172367095947266 -0.017557144165039
-0.0137176513671875 0.171249389648438 -0.0126190185546875 -0.0201244354248047
-0.0092620849609375 0.189132690429687 -0.0125751495361328 -0.0181598663330078
-0.04107666015625 0.1864013671875 -0.00684165954589844 -0.0130815505981445
-0.09600830078125 0.150421142578125 -0.00471496582031251 -0.0277576446533203
-0.1424560546875 0.123825073242188 0.0156078338623047 -0.0244388580322266
-0.189498901367188 0.03204345703125 0.0606613159179687 -0.00984954833984375
-0.21014404296875 -0.047393798828125 0.0418891906738281 0.0389785766601563
-0.216690063476563 -0.0835723876953125 0.0252151489257812 0.074615478515625
-0.176361083984375 -0.095733642578125 -0.109092712402344 -0.115028381347656
-0.175704956054688 -0.07135009765625 -0.0739898681640625 -0.0585174560546875
-0.160400390625 -0.022491455078125 -0.00383186340332032 -0.0208053588867187
-0.154953002929688 0.0298004150390625 0.0156631469726562 -0.0443305969238281
-0.120147705078125 0.0765304565429688 0.0149345397949219 -0.0650367736816406
-0.07684326171875 0.14398193359375 -0.00466918945312501 -0.0674514770507812
-0.019195556640625 0.154525756835938 -0.0278396606445312 -0.0810699462890625
-0.015899658203125 0.150360107421875 -0.031524658203125 -0.080718994140625
-0.0179290771484375 0.167617797851563 -0.0273361206054687 -0.0753326416015625
-0.0489654541015625 0.159271240234375 -0.0092926025390625 -0.064453125
-0.0961227416992188 0.120750427246094 -0.00168609619140626 -0.0590362548828125
-0.131942749023438 0.0925521850585938 0.0154571533203125 -0.0375518798828125
-0.161117553710938 0.0117034912109375 0.0393867492675781 -0.0115547180175781
-0.175567626953125 -0.0499420166015625 -0.0137825012207031 0.0294876098632813
-0.186721801757813 -0.0751953125 -0.0388565063476563 0.03424072265625
-0.120628356933594 -0.0493850708007813 -0.16204833984375 -0.136734008789063
-0.109771728515625 -0.0364151000976563 -0.114730834960938 -0.0693893432617188
-0.0926589965820313 -0.01025390625 -0.0255222320556641 -0.0218410491943359
-0.0916824340820313 0.0132675170898438 0.0132255554199219 -0.0541229248046875
-0.07806396484375 0.0436325073242188 0.0192184448242187 -0.083831787109375
-0.0576705932617188 0.0959091186523437 -0.00333404541015625 -0.108757019042969
-0.019561767578125 0.106330871582031 -0.0368881225585938 -0.130851745605469
-0.0155410766601563 0.106727600097656 -0.0461044311523438 -0.129562377929688
-0.0231399536132812 0.120735168457031 -0.0347900390625 -0.123291015625
-0.0485992431640625 0.107902526855469 -0.00267028808593751 -0.106620788574219
-0.0796127319335938 0.0728378295898438 0.00839996337890624 -0.08056640625
-0.0987014770507813 0.0483551025390625 0.0195655822753906 -0.0444908142089844
-0.106117248535156 -0.00720977783203126 0.0189361572265625 -0.0125503540039062
-0.114669799804688 -0.042388916015625 -0.0595932006835938 0.0159378051757812
-0.131301879882813 -0.0521774291992188 -0.0901336669921875 -0.00363922119140627
-0.0451431274414063 0.000228881835937503 -0.196609497070313 -0.147293090820313
-0.0268440246582031 -0.00703811645507813 -0.141830444335937 -0.07171630859375
-0.0165519714355469 -0.00688362121582031 -0.0462684631347656 -0.0167579650878906
-0.0244617462158203 -0.0109272003173828 0.00554275512695313 -0.0525169372558594
-0.0326213836669922 0.00211906433105469 0.0179214477539063 -0.0884933471679688
-0.0360641479492188 0.0340499877929687 -0.00515747070312501 -0.131866455078125
-0.02020263671875 0.0428276062011719 -0.0430145263671875 -0.160476684570313
-0.0135726928710938 0.0472335815429688 -0.0538177490234375 -0.15850830078125
-0.02264404296875 0.0559310913085937 -0.0337982177734375 -0.15203857421875
-0.0344657897949219 0.0423393249511719 0.00895690917968751 -0.132247924804688
-0.0429916381835938 0.0180892944335937 0.0223236083984375 -0.0896148681640625
-0.042755126953125 0.00557327270507813 0.0251388549804687 -0.0445289611816406
-0.0343208312988281 -0.0114078521728516 0.00141048431396484 -0.0121889114379883
-0.0393295288085938 -0.0168113708496094 -0.08941650390625 -0.000389099121093748
-0.0588531494140625 -0.0143775939941406 -0.121711730957031 -0.0332489013671875
-0.0278396606445313 -0.0436592102050781 0.141998291015625 0.02056884765625
-0.0387382507324219 -0.0378532409667969 0.100669860839844 -0.000747680664062502
-0.0517425537109375 -0.00679397583007812 0.00556468963623046 -0.0103254318237305
-0.0361747741699219 0.0225639343261719 -0.0424537658691406 0.0374107360839844
-0.0127773284912109 0.0244312286376953 -0.0491561889648438 0.0786209106445312
0.00590133666992187 0.0246982574462891 -0.02239990234375 0.140289306640625
0.0141277313232422 0.0273361206054688 0.0290679931640625 0.1717529296875
0.0090789794921875 0.0240535736083984 0.053466796875 0.1651611328125
0.0162372589111328 0.0237789154052734 0.04168701171875 0.1556396484375
0.0112400054931641 0.034210205078125 0.0052337646484375 0.13507080078125
-0.00214004516601562 0.0419197082519531 -0.00161743164062501 0.0825729370117187
-0.0222663879394531 0.0447120666503906 0.0157394409179687 0.039947509765625
-0.0514869689941406 0.0160713195800781 0.0719451904296875 0.0340118408203125
-0.0465583801269531 -0.01324462890625 0.170547485351563 0.076812744140625
-0.0297374725341797 -0.01068115234375 0.198440551757813 0.187393188476563
-0.101470947265625 -0.0925216674804688 0.124496459960938 0.0147018432617187
-0.111953735351563 -0.077392578125 0.0929031372070313 -0.000549316406250005
-0.122215270996094 -0.0279998779296875 0.0174617767333984 -0.0135259628295898
-0.109016418457031 0.0301666259765625 -0.0355339050292969 0.0226631164550781
-0.0690040588378906 0.0588951110839844 -0.0484733581542969 0.05999755859375
-0.0262527465820313 0.0884780883789063 -0.0282440185546875 0.127883911132813
0.00805664062500001 0.0941162109375 0.018798828125 0.153915405273437
0.0037384033203125 0.0876846313476563 0.0458984375 0.144515991210938
0.0113067626953125 0.0927886962890625 0.0372695922851563 0.134979248046875
-0.00581359863281251 0.0985565185546875 0.00820922851562501 0.118362426757813
-0.038055419921875 0.0888290405273438 0.00127410888671874 0.0658073425292969
-0.0713043212890625 0.0812149047851563 0.0197162628173828 0.0261363983154297
-0.113334655761719 0.0229415893554687 0.0852813720703125 0.018280029296875
-0.120956420898437 -0.0322265625 0.167678833007813 0.0659637451171875
-0.108894348144531 -0.0439224243164063 0.1866455078125 0.17388916015625
-0.160888671875 -0.129730224609375 0.0839309692382812 -0.00953674316406251
-0.171371459960937 -0.10888671875 0.0668830871582031 -0.00854110717773438
-0.178787231445312 -0.047882080078125 0.0243453979492187 -0.0144882202148438
-0.170745849609375 0.032196044921875 -0.0213909149169922 0.00833511352539063
-0.118843078613281 0.0842361450195313 -0.0355072021484375 0.0339469909667969
-0.0580368041992187 0.138931274414063 -0.0252685546875 0.0933990478515625
-0.000244140625000011 0.1480712890625 0.00607299804687499 0.111259460449219
-0.00133514404296876 0.138031005859375 0.0298309326171875 0.101982116699219
0.00628662109374999 0.148727416992188 0.0250778198242188 0.0954666137695313
-0.0188751220703125 0.152603149414063 0.00611877441406249 0.0866546630859375
-0.0652542114257813 0.131149291992188 0.00120544433593749 0.040008544921875
-0.109169006347656 0.114448547363281 0.0212192535400391 0.00965118408203126
-0.162017822265625 0.034393310546875 0.0872268676757812 0.0038909912109375
-0.180526733398438 -0.039947509765625 0.142349243164063 0.0547027587890625
-0.174819946289063 -0.068359375 0.14898681640625 0.148712158203125
-0.19842529296875 -0.14263916015625 0.0258293151855469 -0.04296875
-0.208465576171875 -0.118301391601563 0.025888442993164 -0.0226974487304688
-0.209625244140625 -0.05133056640625 0.0238056182861328 -0.0148181915283203
-0.20257568359375 0.035369873046875 -0.0038890838623047 -0.00787067413330078
-0.147567749023438 0.097869873046875 -0.0164375305175781 0.00189971923828126
-0.079376220703125 0.168991088867188 -0.0174140930175781 0.0445213317871094
-0.00929260253906252 0.178314208984375 -0.00486373901367188 0.0516433715820313
-0.00732421875000001 0.168258666992188 0.00986480712890625 0.0443878173828125
0.000274658203125018 0.183013916015625 0.00782012939453125 0.0416717529296875
-0.0299072265625 0.184722900390625 0.000869750976562499 0.0403633117675781
-0.085784912109375 0.154556274414063 -0.000803947448730473 0.00816583633422852
-0.135063171386719 0.132766723632812 0.0194339752197266 -0.00673675537109374
-0.190887451171875 0.0387725830078125 0.0777511596679687 -0.006439208984375
-0.214035034179687 -0.0439300537109375 0.0976104736328125 0.046417236328125
-0.213821411132813 -0.08099365234375 0.0911331176757812 0.114799499511719
-0.204910278320313 -0.132095336914063 -0.0409927368164063 -0.08026123046875
-0.211532592773438 -0.10418701171875 -0.0242881774902344 -0.0410385131835938
-0.20477294921875 -0.041748046875 0.0134468078613281 -0.016265869140625
-0.19891357421875 0.03619384765625 0.0103721618652344 -0.0257720947265625
-0.14837646484375 0.0967864990234375 0.00370788574218749 -0.0336036682128906
-0.086395263671875 0.171493530273438 -0.008087158203125 -0.0129280090332031
-0.0152740478515625 0.181106567382813 -0.015904426574707 -0.0167026519775391
-0.0120697021484375 0.173049926757813 -0.0124340057373047 -0.0200119018554687
-0.00752258300781251 0.191726684570313 -0.0118751525878906 -0.0177764892578125
-0.0402984619140625 0.188812255859375 -0.005523681640625 -0.0125551223754883
-0.0969696044921875 0.153091430664062 -0.00329017639160157 -0.0269851684570312
-0.143585205078125 0.126602172851563 0.0171604156494141 -0.0229244232177734
-0.192306518554688 0.031005859375 0.0594978332519531 -0.0104751586914062
-0.213668823242187 -0.0494537353515625 0.0410385131835937 0.0399208068847656
-0.218643188476562 -0.084228515625 0.023590087890625 0.0768661499023438
-0.178787231445313 -0.098785400390625 -0.106979370117187 -0.113906860351563
-0.178024291992187 -0.07403564453125 -0.0740203857421875 -0.0564956665039063
-0.16259765625 -0.024688720703125 -0.00382041931152345 -0.0201854705810547
-0.158157348632813 0.03070068359375 0.0164070129394531 -0.0429306030273438
-0.122161865234375 0.0778121948242188 0.0162544250488281 -0.0649299621582031
-0.0769500732421875 0.146224975585938 -0.00261306762695312 -0.0678443908691406
-0.0185546875 0.156082153320313 -0.0271224975585938 -0.0806045532226562
-0.014892578125 0.151763916015625 -0.0315475463867188 -0.0800552368164062
-0.01544189453125 0.1700439453125 -0.0277328491210937 -0.0752639770507812
-0.0484466552734375 0.162261962890625 -0.00806808471679688 -0.0647468566894531
-0.097412109375 0.123069763183594 -0.000110626220703131 -0.0582466125488281
-0.133087158203125 0.09478759765625 0.0163536071777344 -0.0361328125
-0.163131713867188 0.01043701171875 0.0378150939941406 -0.0124015808105469
-0.179122924804688 -0.05169677734375 -0.0155181884765625 0.0306415557861328
-0.18975830078125 -0.0760345458984375 -0.0412025451660156 0.0351829528808594
-0.122894287109375 -0.05279541015625 -0.16094970703125 -0.136367797851563
-0.112533569335938 -0.0381088256835938 -0.114921569824219 -0.0677947998046875
-0.0950393676757812 -0.011749267578125 -0.0253810882568359 -0.0212249755859375
-0.09454345703125 0.0141525268554687 0.0136909484863281 -0.0534133911132812
-0.0800018310546875 0.044891357421875 0.0206832885742188 -0.0844955444335938
-0.0583724975585937 0.0984573364257813 -0.002166748046875 -0.110198974609375
-0.0190582275390625 0.107719421386719 -0.0369338989257813 -0.130729675292969
-0.0144805908203125 0.107772827148437 -0.046600341796875 -0.12872314453125
-0.0210418701171875 0.123588562011719 -0.0354080200195312 -0.122840881347656
-0.0479660034179687 0.110031127929688 -0.00243377685546876 -0.107940673828125
-0.080230712890625 0.074371337890625 0.00983428955078125 -0.0810089111328125
-0.0995330810546875 0.0497512817382813 0.0201911926269531 -0.0438346862792969
-0.107994079589844 -0.00854492187499999 0.0171489715576172 -0.0125179290771484
-0.11749267578125 -0.04388427734375 -0.0615730285644531 0.0171737670898438
-0.133293151855469 -0.0531539916992188 -0.0925750732421875 -0.00291442871093749
-0.047393798828125 -0.00270843505859376 -0.195220947265625 -0.14825439453125
-0.0291252136230469 -0.00818061828613281 -0.142425537109375 -0.0711822509765625
-0.0178775787353516 -0.00776100158691406 -0.04644775390625 -0.0165901184082031
-0.0251655578613281 -0.0107879638671875 0.00562286376953125 -0.0525398254394531
-0.0346260070800781 0.00249099731445313 0.0186233520507812 -0.0892105102539062
-0.0364265441894531 0.0362739562988281 -0.00492095947265625 -0.133834838867188
-0.0200920104980469 0.0435905456542969 -0.043731689453125 -0.161102294921875
-0.012176513671875 0.0474624633789062 -0.054779052734375 -0.157684326171875
-0.020721435546875 0.0579566955566406 -0.035003662109375 -0.152297973632812
-0.0340614318847656 0.043853759765625 0.00923156738281251 -0.133834838867188
-0.0429840087890625 0.0191802978515625 0.02337646484375 -0.0898971557617188
-0.0430488586425781 0.00703048706054688 0.0255546569824219 -0.0441780090332031
-0.0349864959716797 -0.0116214752197266 -0.000118255615234378 -0.0124578475952148
-0.0413017272949219 -0.0176467895507812 -0.0915756225585938 0.000625610351562507
-0.0611953735351563 -0.0156326293945313 -0.124488830566406 -0.0340347290039062
-0.0262527465820312 -0.044464111328125 0.149078369140625 0.0239105224609375
-0.0377388000488281 -0.0397682189941406 0.106880187988281 0.000640869140624998
-0.0524368286132812 -0.00896072387695312 0.00733375549316406 -0.0110301971435547
-0.0377349853515625 0.0223159790039063 -0.0433235168457031 0.0389633178710937
-0.0138053894042969 0.0242176055908203 -0.0514984130859375 0.0813217163085938
0.00510215759277344 0.02349853515625 -0.02374267578125 0.145904541015625
0.0141239166259766 0.0270671844482422 0.0298919677734375 0.178237915039063
0.00826263427734375 0.0247688293457031 0.05487060546875 0.170989990234375
0.0170421600341797 0.024139404296875 0.0426177978515625 0.162124633789063
0.0118217468261719 0.0352020263671875 0.00460815429687499 0.14117431640625
-0.00230026245117187 0.0429611206054688 -0.00325775146484375 0.0864486694335938
-0.0227546691894531 0.0459365844726563 0.0153312683105469 0.0417900085449219
-0.0527877807617188 0.0162506103515625 0.0737533569335938 0.0360488891601563
-0.0478057861328125 -0.0132522583007812 0.175277709960938 0.079620361328125
-0.0291881561279297 -0.0111007690429688 0.202713012695313 0.1961669921875
-0.102485656738281 -0.0951004028320313 0.131607055664063 0.0181808471679687
-0.113853454589844 -0.081512451171875 0.097503662109375 0.00229644775390624
-0.125328063964844 -0.0325469970703125 0.0193653106689453 -0.0127239227294922
-0.114402770996094 0.0290679931640625 -0.0358810424804688 0.0245018005371094
-0.0730361938476562 0.0597000122070313 -0.0495185852050781 0.0625038146972656
-0.0290451049804688 0.0895767211914063 -0.0286636352539063 0.131744384765625
0.00769042968749999 0.0968017578125 0.01934814453125 0.159744262695313
0.00412750244140625 0.0906829833984375 0.0475616455078125 0.149261474609375
0.0111923217773437 0.0955734252929688 0.0385894775390625 0.140052795410156
-0.00653839111328125 0.102287292480469 0.00815582275390626 0.1239013671875
-0.0403900146484375 0.0927276611328125 0.0013885498046875 0.0703353881835937
-0.0748672485351563 0.0837631225585938 0.0196094512939453 0.0284442901611328
-0.117462158203125 0.0223846435546875 0.0870361328125 0.019622802734375
-0.126213073730469 -0.0335464477539063 0.173141479492187 0.0691986083984375
-0.111343383789063 -0.0468978881835937 0.190582275390625 0.183135986328125
-0.165695190429687 -0.134429931640625 0.0902557373046875 -0.00639343261718751
-0.176345825195312 -0.11407470703125 0.0713729858398438 -0.00688171386718751
-0.18487548828125 -0.0534515380859375 0.0266742706298828 -0.0145645141601563
-0.176895141601563 0.03118896484375 -0.0212612152099609 0.0102806091308594
-0.12432861328125 0.0857315063476562 -0.0357170104980469 0.0362396240234375
-0.06201171875 0.143203735351563 -0.0246963500976563 0.0972213745117188
-0.00201416015625002 0.153091430664063 0.00792694091796874 0.115745544433594
-0.00218200683593749 0.144058227539063 0.030609130859375 0.106063842773438
0.00679016113281249 0.154571533203125 0.0260696411132813 0.0997772216796875
-0.0200042724609375 0.158309936523438 0.00692749023437499 0.0901031494140625
-0.0693130493164063 0.1363525390625 0.00233078002929687 0.0436744689941406
-0.115196228027344 0.118560791015625 0.0216312408447266 0.0117473602294922
-0.169204711914063 0.033233642578125 0.0892257690429688 0.00443267822265625
-0.188217163085938 -0.0435638427734375 0.146575927734375 0.05810546875
-0.180496215820313 -0.072418212890625 0.151702880859375 0.157424926757812
-0.204452514648437 -0.149383544921875 0.0305747985839844 -0.0406608581542969
-0.215911865234375 -0.12506103515625 0.0284137725830078 -0.0215892791748047
-0.217025756835937 -0.058929443359375 0.0259857177734375 -0.0140399932861328
-0.212356567382813 0.034698486328125 -0.00277185440063478 -0.00572633743286133
-0.154708862304688 0.100143432617188 -0.0147132873535156 0.00247573852539063
-0.084259033203125 0.174713134765625 -0.0154762268066406 0.0465240478515625
-0.0109710693359375 0.184173583984375 -0.00329971313476562 0.0543899536132813
-0.0079193115234375 0.175643920898438 0.0101318359375 0.0464439392089844
0.000427246093750011 0.191162109375 0.00807952880859375 0.0442276000976563
-0.031585693359375 0.193099975585938 0.00218963623046875 0.0425605773925781
-0.091217041015625 0.161666870117188 0.000503540039062493 0.00994777679443361
-0.141876220703125 0.137771606445312 0.0204868316650391 -0.00548553466796874
-0.199508666992188 0.036712646484375 0.0788421630859375 -0.0058441162109375
-0.224075317382813 -0.04937744140625 0.100212097167969 0.0498580932617188
-0.221633911132813 -0.086639404296875 0.0924453735351563 0.122322082519531
-0.21270751953125 -0.138839721679688 -0.0391464233398438 -0.0814971923828125
-0.220855712890625 -0.111221313476562 -0.0243453979492188 -0.039520263671875
-0.212753295898437 -0.0481719970703125 0.0143823623657226 -0.0158805847167969
-0.208755493164063 0.036590576171875 0.012186050415039 -0.0242786407470703
-0.156158447265625 0.09967041015625 0.00584411621093749 -0.0341873168945312
-0.091217041015625 0.178268432617187 -0.00517082214355469 -0.0138864517211914
-0.017303466796875 0.188308715820313 -0.0148296356201172 -0.0161905288696289
-0.012725830078125 0.180145263671875 -0.0117893218994141 -0.0186710357666016
-0.00714111328124999 0.199798583984375 -0.0125236511230469 -0.0176219940185547
-0.0424041748046875 0.196762084960938 -0.00430488586425781 -0.0129728317260742
-0.10345458984375 0.1600341796875 -0.000911712646484383 -0.0273895263671875
-0.151123046875 0.131195068359375 0.0182170867919922 -0.0216407775878906
-0.200973510742188 0.028045654296875 0.0600242614746094 -0.0108718872070313
-0.224258422851563 -0.05450439453125 0.041534423828125 0.0427017211914063
-0.227279663085938 -0.08984375 0.0225296020507812 0.081390380859375
-0.186492919921875 -0.105239868164062 -0.108039855957031 -0.116661071777344
-0.187240600585938 -0.07916259765625 -0.0756378173828125 -0.0574188232421875
-0.170730590820312 -0.0296478271484375 -0.00292968750000001 -0.0193748474121094
-0.16552734375 0.03082275390625 0.0178070068359375 -0.0428009033203125
-0.129310607910156 0.0819091796875 0.019989013671875 -0.0669441223144531
-0.0805816650390625 0.152587890625 6.86645507812374E-05 -0.0711288452148438
-0.02008056640625 0.16204833984375 -0.0262832641601562 -0.0829696655273438
-0.0148468017578125 0.158416748046875 -0.031829833984375 -0.0819015502929687
-0.01531982421875 0.178054809570313 -0.028289794921875 -0.0778427124023437
-0.0504608154296875 0.169052124023437 -0.00698089599609376 -0.067718505859375
-0.102508544921875 0.129341125488281 0.00197982788085936 -0.0596809387207031
-0.139747619628906 0.0993804931640625 0.0185279846191406 -0.0357742309570312
-0.1707763671875 0.00840759277343748 0.0377655029296875 -0.0128364562988281
-0.188400268554687 -0.0564727783203125 -0.0165576934814453 0.0329971313476563
-0.197418212890625 -0.0809326171875 -0.0443458557128906 0.0374221801757812
-0.128936767578125 -0.0570907592773437 -0.1636962890625 -0.142837524414063
-0.119537353515625 -0.042694091796875 -0.11871337890625 -0.0694046020507813
-0.100196838378906 -0.01446533203125 -0.0264568328857422 -0.0209903717041016
-0.100273132324219 0.0143051147460937 0.0149917602539062 -0.0543479919433594
-0.0854110717773438 0.047943115234375 0.0235214233398437 -0.0874252319335938
-0.06072998046875 0.103599548339844 0.000633239746093738 -0.114891052246094
-0.0210113525390625 0.112617492675781 -0.0367202758789062 -0.135459899902344
-0.0145034790039063 0.112930297851563 -0.0475845336914063 -0.132545471191406
-0.020660400390625 0.129043579101563 -0.036224365234375 -0.127059936523438
-0.0499038696289063 0.115669250488281 -0.000846862792968754 -0.111778259277344
-0.08453369140625 0.0785903930664063 0.011749267578125 -0.0838699340820313
-0.103668212890625 0.0529098510742187 0.0218048095703125 -0.04461669921875
-0.113052368164063 -0.0093536376953125 0.0164604187011719 -0.0136709213256836
-0.125495910644531 -0.0475997924804687 -0.0654144287109375 0.0179252624511719
-0.139495849609375 -0.056671142578125 -0.0982742309570313 -0.00431060791015624
-0.0507087707519531 -0.00557327270507813 -0.199783325195313 -0.1556396484375
-0.0330238342285156 -0.0106735229492187 -0.1470947265625 -0.074493408203125
-0.0201702117919922 -0.00916481018066406 -0.0473442077636719 -0.0178184509277344
-0.0282821655273438 -0.0114612579345703 0.006500244140625 -0.055511474609375
-0.0366897583007813 0.00402069091796875 0.0212783813476562 -0.0936126708984375
-0.0372772216796875 0.0398902893066406 -0.00315856933593749 -0.139923095703125
-0.0201225280761719 0.0466079711914062 -0.0445404052734375 -0.16717529296875
-0.0123176574707031 0.0504608154296875 -0.0565032958984375 -0.162353515625
-0.0208587646484375 0.0611572265625 -0.036407470703125 -0.157669067382813
-0.0353660583496094 0.0465126037597656 0.00999450683593751 -0.138542175292969
-0.0458412170410156 0.021575927734375 0.0259780883789062 -0.0933914184570313
-0.0453224182128906 0.00883865356445312 0.027099609375 -0.0453071594238281
-0.0379486083984375 -0.0116462707519531 -0.00163078308105469 -0.0130100250244141
-0.0463676452636719 -0.0191497802734375 -0.0964736938476563 0.000579833984375
-0.0644683837890625 -0.0168952941894531 -0.131019592285156 -0.0365676879882812
-0.0261192321777344 -0.045928955078125 0.162826538085938 0.0260772705078125
-0.0384559631347656 -0.042724609375 0.116485595703125 0.000419616699218747
-0.0552558898925781 -0.0107955932617188 0.0090188980102539 -0.0117416381835938
-0.0395698547363281 0.0225296020507813 -0.0446853637695313 0.0416107177734375
-0.015380859375 0.0251007080078125 -0.0535812377929688 0.0871353149414062
0.00441741943359375 0.0240459442138672 -0.0237884521484375 0.157608032226563
0.0154438018798828 0.0281887054443359 0.034332275390625 0.18994140625
0.00864410400390625 0.0255470275878906 0.0611114501953125 0.180313110351563
0.0179691314697266 0.024444580078125 0.046905517578125 0.172271728515625
0.0130767822265625 0.0368156433105469 0.0061492919921875 0.151870727539062
-0.00190353393554687 0.0449447631835938 -0.00286865234375001 0.0939483642578125
-0.0230445861816406 0.048095703125 0.0160903930664063 0.0460395812988281
-0.0556259155273438 0.01788330078125 0.078399658203125 0.0382156372070313
-0.0498924255371094 -0.0126075744628906 0.187713623046875 0.08203125
-0.0298404693603516 -0.0103340148925781 0.216873168945313 0.208480834960938
-0.108184814453125 -0.0994415283203125 0.143692016601563 0.0207672119140625
-0.1207275390625 -0.0860748291015625 0.106040954589844 0.00199890136718749
-0.13311767578125 -0.0361862182617188 0.0222930908203125 -0.0146427154541016
-0.120887756347656 0.031646728515625 -0.0362548828125 0.0274085998535156
-0.0785598754882812 0.0626907348632813 -0.0513153076171875 0.067230224609375
-0.0312118530273437 0.09454345703125 -0.0286712646484375 0.141998291015625
0.008270263671875 0.102378845214844 0.023834228515625 0.170669555664062
0.00444030761718751 0.0968475341796875 0.0530242919921875 0.158294677734375
0.013275146484375 0.101341247558594 0.0425872802734375 0.149810791015625
-0.00534057617187501 0.108924865722656 0.010498046875 0.1334228515625
-0.042694091796875 0.0990219116210938 0.00160980224609374 0.076202392578125
-0.0783615112304687 0.0898056030273438 0.0211372375488281 0.0322074890136719
-0.125434875488281 0.0249099731445313 0.0915451049804687 0.0203781127929687
-0.134468078613281 -0.0346527099609375 0.184234619140625 0.0719757080078125
-0.119873046875 -0.0489654541015625 0.20330810546875 0.195053100585938
-0.176849365234375 -0.1414794921875 0.0993270874023437 -0.00426483154296876
-0.188751220703125 -0.120681762695313 0.077789306640625 -0.00538635253906251
-0.197067260742188 -0.0594329833984375 0.029876708984375 -0.0144882202148438
-0.189117431640625 0.0344696044921875 -0.0204010009765625 0.01226806640625
-0.133193969726563 0.0913467407226562 -0.0359611511230469 0.0391502380371094
-0.0652618408203125 0.152252197265625 -0.023162841796875 0.104377746582031
-0.000854492187499999 0.161819458007813 0.0113754272460937 0.124137878417969
-0.000717163085937504 0.1536865234375 0.0349807739257812 0.112266540527344
0.00997924804687501 0.165130615234375 0.0293807983398437 0.106491088867188
-0.0187835693359375 0.169326782226563 0.00975036621093749 0.097503662109375
-0.0735015869140625 0.14703369140625 0.0026397705078125 0.0484123229980469
-0.121612548828125 0.128265380859375 0.0238933563232422 0.0142040252685547
-0.18170166015625 0.03521728515625 0.093841552734375 0.00395965576171875
-0.203048706054688 -0.0457000732421875 0.15557861328125 0.0611114501953125
-0.192962646484375 -0.075927734375 0.161453247070313 0.168716430664063
-0.218795776367188 -0.1575927734375 0.0354423522949219 -0.0409355163574219
-0.231353759765625 -0.132232666015625 0.0308780670166015 -0.020111083984375
-0.232864379882813 -0.0637664794921875 0.0283641815185547 -0.0143470764160156
-0.226837158203125 0.0387115478515625 -0.00204038619995119 -0.00409269332885742
-0.166656494140625 0.108306884765625 -0.0135869979858399 0.00287818908691407
-0.08917236328125 0.18646240234375 -0.0135307312011719 0.0494346618652344
-0.010833740234375 0.196517944335938 -0.00163650512695312 0.058380126953125
-0.00657653808593749 0.1881103515625 0.0122451782226562 0.049957275390625
0.00408935546875001 0.204788208007813 0.0092315673828125 0.0481948852539063
-0.0310211181640625 0.207244873046875 0.0041351318359375 0.0457878112792969
-0.0961456298828125 0.1744384765625 0.00134563446044921 0.0119533538818359
-0.150726318359375 0.149124145507813 0.0227985382080078 -0.00369834899902343
-0.214828491210937 0.038909912109375 0.0821456909179687 -0.0069732666015625
-0.24188232421875 -0.0516357421875 0.106544494628906 0.053009033203125
-0.237075805664063 -0.0904998779296875 0.0982742309570312 0.131744384765625
-0.22845458984375 -0.147216796875 -0.0392684936523438 -0.0825347900390625
-0.2386474609375 -0.116958618164062 -0.0254440307617188 -0.0391769409179688
-0.230148315429687 -0.052703857421875 0.0168123245239258 -0.0154600143432617
-0.223892211914062 0.041473388671875 0.0138874053955078 -0.0237331390380859
-0.16748046875 0.108856201171875 0.00857543945312499 -0.0365562438964844
-0.0951385498046875 0.191131591796875 -0.00391483306884766 -0.0149087905883789
-0.0171356201171875 0.200637817382813 -0.0138368606567383 -0.0165071487426758
-0.0113067626953125 0.1932373046875 -0.0124149322509766 -0.0194377899169922
-0.00370788574218751 0.21356201171875 -0.0128765106201172 -0.0173616409301758
-0.0421295166015625 0.2122802734375 -0.00379180908203125 -0.0135097503662109
-0.109695434570313 0.172760009765625 -0.000219345092773446 -0.0274734497070312
-0.160797119140625 0.143661499023438 0.0202674865722656 -0.0221443176269531
-0.216217041015625 0.0299530029296875 0.0619087219238281 -0.0120468139648437
-0.243057250976563 -0.0569610595703125 0.0442352294921875 0.0469856262207031
-0.243911743164062 -0.094085693359375 0.0236282348632812 0.0882339477539063
-0.201339721679688 -0.11248779296875 -0.112762451171875 -0.121360778808594
-0.203125 -0.084259033203125 -0.0815658569335938 -0.0579299926757812
-0.1851806640625 -0.032684326171875 -0.00303268432617189 -0.0187664031982422
-0.179702758789063 0.03497314453125 0.0194244384765625 -0.0434226989746094
-0.139083862304688 0.0897598266601562 0.0220718383789063 -0.0716552734375
-0.0845794677734375 0.165573120117187 0.00213623046875 -0.0765533447265625
-0.020294189453125 0.17413330078125 -0.0268020629882812 -0.0878143310546875
-0.01385498046875 0.170272827148438 -0.0337295532226563 -0.0855484008789063
-0.0128936767578125 0.19134521484375 -0.0307235717773438 -0.0812835693359375
-0.051361083984375 0.183517456054688 -0.00756835937500001 -0.071990966796875
-0.109909057617188 0.140701293945313 0.00254058837890625 -0.0641212463378906
-0.148178100585938 0.109161376953125 0.0201034545898437 -0.0377349853515625
-0.18408203125 0.00910949707031248 0.0384140014648437 -0.01385498046875
-0.20562744140625 -0.05963134765625 -0.0185165405273438 0.0368499755859375
-0.21234130859375 -0.085296630859375 -0.049163818359375 0.041839599609375
-0.140609741210938 -0.0616607666015625 -0.1739501953125 -0.149429321289063
-0.131179809570313 -0.0453720092773437 -0.127769470214844 -0.0721435546875
-0.109039306640625 -0.0164031982421875 -0.0272350311279297 -0.0208816528320313
-0.109352111816406 0.0168380737304687 0.0159034729003906 -0.0564994812011719
-0.0921173095703125 0.0536727905273437 0.0260162353515625 -0.0944061279296875
-0.0634384155273438 0.11322021484375 0.000862121582031258 -0.123725891113281
-0.020477294921875 0.121589660644531 -0.038970947265625 -0.143646240234375
-0.0134735107421875 0.121284484863281 -0.0510711669921875 -0.139259338378906
-0.0187225341796875 0.139228820800781 -0.0398330688476562 -0.134017944335938
-0.0510940551757812 0.126678466796875 -0.00270843505859376 -0.119422912597656
-0.0900039672851563 0.085845947265625 0.0131072998046875 -0.089996337890625
-0.110916137695313 0.05938720703125 0.0237007141113281 -0.0466346740722656
-0.123077392578125 -0.0105209350585937 0.0152883529663086 -0.0142307281494141
-0.137306213378906 -0.0504913330078125 -0.0699729919433594 0.0210685729980469
-0.150924682617188 -0.0601654052734375 -0.106086730957031 -0.00337219238281248
-0.0565757751464844 -0.00745773315429687 -0.21258544921875 -0.16473388671875
-0.0380592346191406 -0.0125007629394531 -0.158050537109375 -0.07696533203125
-0.0232601165771484 -0.0107440948486328 -0.0501747131347656 -0.017181396484375
-0.0326881408691406 -0.0112895965576172 0.00676345825195312 -0.0585060119628906
-0.0403366088867188 0.0061798095703125 0.0226898193359375 -0.100875854492188
-0.0390625 0.0447006225585938 -0.00442504882812502 -0.150665283203125
-0.0213584899902344 0.0509452819824219 -0.049102783203125 -0.177581787109375
-0.0116348266601562 0.0542335510253906 -0.0609130859375 -0.171737670898437
-0.0197334289550781 0.0669212341308594 -0.040618896484375 -0.166854858398438
-0.0364837646484375 0.0522003173828125 0.008880615234375 -0.148040771484375
-0.0489273071289063 0.0240478515625 0.0272064208984375 -0.099456787109375
-0.0480117797851563 0.0110511779785156 0.0288810729980469 -0.0483779907226563
-0.0420074462890625 -0.0118255615234375 -0.0038137435913086 -0.0132856369018555
-0.0525398254394531 -0.0200309753417969 -0.104690551757813 0.00279998779296876
-0.0712051391601563 -0.0182342529296875 -0.141937255859375 -0.0382080078125
-0.0271453857421875 -0.0469970703125 0.179214477539062 0.021148681640625
-0.0419349670410156 -0.0445709228515625 0.12738037109375 -0.0042877197265625
-0.0584602355957031 -0.0101852416992188 0.011143684387207 -0.0136842727661133
-0.0412063598632813 0.0240821838378906 -0.0446548461914063 0.0459022521972656
-0.0165786743164062 0.0257682800292969 -0.0531387329101563 0.0963287353515625
0.00355148315429688 0.0244522094726563 -0.017578125 0.171371459960938
0.0155200958251953 0.0289211273193359 0.04681396484375 0.201950073242187
0.0112781524658203 0.0261154174804688 0.0734710693359375 0.189849853515625
0.0197658538818359 0.0241622924804688 0.0593414306640625 0.184188842773438
0.0165328979492188 0.0369987487792969 0.01373291015625 0.163909912109375
0.00114822387695312 0.0482139587402344 0.000610351562499993 0.103111267089844
-0.0220260620117188 0.0520362854003906 0.0183448791503906 0.0502052307128906
-0.0580673217773438 0.0209808349609375 0.0841598510742187 0.0375213623046875
-0.0535240173339844 -0.010040283203125 0.20465087890625 0.0785980224609375
-0.030548095703125 -0.00954818725585938 0.240478515625 0.215225219726563
-0.118736267089844 -0.102699279785156 0.159423828125 0.0177764892578125
-0.132209777832031 -0.0879669189453125 0.116981506347656 -0.00116729736328126
-0.144485473632813 -0.036041259765625 0.0245609283447265 -0.0162429809570313
-0.128814697265625 0.0369491577148438 -0.0359764099121094 0.0317955017089844
-0.0825271606445313 0.0697250366210938 -0.0511016845703125 0.0749130249023438
-0.0312118530273438 0.10235595703125 -0.0223541259765625 0.154571533203125
0.011993408203125 0.108589172363281 0.035003662109375 0.181655883789063
0.0085906982421875 0.102897644042969 0.064239501953125 0.167205810546875
0.0190963745117188 0.108283996582031 0.0535430908203125 0.15948486328125
-0.000381469726562498 0.117767333984375 0.0176544189453125 0.1444091796875
-0.0402908325195312 0.109725952148438 0.00618743896484374 0.0833587646484375
-0.0807037353515625 0.100959777832031 0.0247879028320312 0.0353012084960938
-0.134422302246094 0.0303726196289063 0.0969772338867187 0.019073486328125
-0.147506713867188 -0.030914306640625 0.200759887695312 0.0683746337890625
-0.129989624023438 -0.0464553833007812 0.225814819335937 0.202987670898437
-0.193527221679688 -0.145034790039063 0.110740661621094 -0.00571441650390626
-0.206939697265625 -0.121429443359375 0.0850296020507813 -0.00738525390625001
-0.214599609375 -0.058624267578125 0.0327358245849609 -0.015594482421875
-0.2032470703125 0.044219970703125 -0.0194053649902344 0.0163211822509766
-0.141693115234375 0.103759765625 -0.035308837890625 0.0424308776855469
-0.0645751953125 0.165328979492188 -0.017578125 0.113357543945313
0.00418090820312502 0.174041748046875 0.0193023681640625 0.13397216796875
0.00688171386718751 0.165725708007812 0.0427169799804687 0.1192626953125
0.0177764892578125 0.176559448242188 0.0373153686523438 0.1162109375
-0.0115814208984375 0.183853149414063 0.0153274536132813 0.104545593261719
-0.0719757080078125 0.162887573242188 0.00609970092773437 0.05267333984375
-0.125625610351563 0.144378662109375 0.0266189575195312 0.0160083770751953
-0.195465087890625 0.0453948974609375 0.0978469848632812 0.000854492187500003
-0.221466064453125 -0.039093017578125 0.169296264648438 0.05914306640625
-0.210769653320312 -0.073089599609375 0.180999755859375 0.1759033203125
-0.24114990234375 -0.160781860351563 0.0406112670898437 -0.04290771484375
-0.254745483398438 -0.131805419921875 0.0344829559326172 -0.0189228057861328
-0.2557373046875 -0.0622406005859375 0.0310230255126953 -0.0147666931152344
-0.243682861328125 0.0506744384765625 -0.000352144241333023 -0.00270771980285644
-0.175643920898438 0.123886108398437 -0.0131206512451172 0.00371074676513673
-0.0889434814453125 0.204559326171875 -0.00876235961914063 0.0533981323242188
-0.00244140624999998 0.212127685546875 0.00368881225585937 0.0628433227539063
0.0025482177734375 0.203353881835938 0.017303466796875 0.0538787841796875
0.0152435302734375 0.22052001953125 0.0126876831054688 0.0517997741699219
-0.0231170654296875 0.225204467773438 0.00723266601562499 0.0493316650390625
-0.0966033935546875 0.194046020507813 0.00418567657470703 0.014216423034668
-0.155441284179688 0.16748046875 0.0252399444580078 -0.00331115722656249
-0.231369018554688 0.0502471923828125 0.085968017578125 -0.0110015869140625
-0.264572143554688 -0.045166015625 0.116798400878906 0.0536727905273438
-0.259201049804688 -0.08721923828125 0.110504150390625 0.139945983886719
-0.252426147460938 -0.150253295898437 -0.0430068969726563 -0.0835723876953125
-0.264007568359375 -0.115554809570313 -0.0275993347167969 -0.0379981994628906
-0.25213623046875 -0.0493316650390625 0.0199851989746094 -0.0158824920654297
-0.241836547851563 0.053741455078125 0.0151386260986328 -0.0239944458007812
-0.177398681640625 0.125244140625 0.00994110107421874 -0.0399589538574219
-0.09527587890625 0.210540771484375 -0.00169658660888672 -0.0165767669677734
-0.0101776123046875 0.218048095703125 -0.013920783996582 -0.0171356201171875
-0.00221252441406251 0.2091064453125 -0.0118923187255859 -0.0188865661621094
0.00820922851562499 0.230224609375 -0.0139379501342773 -0.015899658203125
-0.0344390869140625 0.231842041015625 -0.0041341781616211 -0.0147333145141601
-0.111129760742187 0.194381713867188 0.00091361999511718 -0.0296173095703125
-0.167236328125 0.163482666015625 0.0221290588378906 -0.0234298706054687
-0.233978271484375 0.0404052734375 0.0633392333984375 -0.0149993896484375
-0.2681884765625 -0.0523529052734374 0.0478401184082031 0.0490798950195313
-0.267608642578125 -0.0912017822265625 0.0279159545898437 0.096099853515625
-0.223052978515625 -0.113754272460937 -0.123603820800781 -0.123832702636719
-0.22576904296875 -0.0808868408203125 -0.0898208618164063 -0.054779052734375
-0.203109741210938 -0.02984619140625 -0.00255393981933595 -0.0181427001953125
-0.194915771484375 0.046783447265625 0.0197715759277344 -0.0450897216796875
-0.14788818359375 0.105133056640625 0.0223312377929687 -0.0786209106445313
-0.0836029052734375 0.182968139648438 0.00110626220703125 -0.0840682983398437
-0.0134429931640625 0.189056396484375 -0.0309295654296875 -0.0925827026367187
-0.00592041015625001 0.184600830078125 -0.0387344360351562 -0.0905685424804687
-0.002227783203125 0.206710815429688 -0.0365066528320313 -0.0845184326171875
-0.045135498046875 0.20208740234375 -0.0109100341796875 -0.077362060546875
-0.112930297851562 0.157379150390625 0.00120925903320311 -0.0684776306152344
-0.155624389648437 0.125381469726563 0.0212516784667969 -0.039794921875
-0.200408935546875 0.017181396484375 0.0385284423828125 -0.016510009765625
-0.227767944335938 -0.0561676025390625 -0.0189247131347656 0.0410881042480469
-0.234024047851563 -0.0828094482421874 -0.0515785217285156 0.0487556457519531
-0.156265258789063 -0.0626983642578125 -0.190139770507812 -0.1527099609375
-0.146530151367187 -0.0432281494140625 -0.139755249023438 -0.0687179565429688
-0.122894287109375 -0.0141525268554688 -0.0282230377197266 -0.02008056640625
-0.120254516601563 0.0235214233398437 0.01605224609375 -0.0606803894042969
-0.0971755981445313 0.063751220703125 0.0248184204101562 -0.103569030761719
-0.0624160766601562 0.127532958984375 -0.00307464599609375 -0.133232116699219
-0.0158233642578125 0.133110046386719 -0.0482635498046875 -0.152923583984375
-0.00787353515624999 0.132392883300781 -0.059661865234375 -0.146484375
-0.01153564453125 0.151641845703125 -0.0485076904296875 -0.140762329101563
-0.0478668212890625 0.13970947265625 -0.0083160400390625 -0.128273010253906
-0.0935592651367188 0.0985641479492187 0.0104141235351563 -0.0973739624023438
-0.117050170898438 0.070587158203125 0.0242538452148437 -0.0502777099609375
-0.134445190429688 -0.00522613525390626 0.0135650634765625 -0.0164957046508789
-0.153289794921875 -0.048309326171875 -0.0759124755859375 0.02740478515625
-0.167205810546875 -0.0580596923828125 -0.116806030273438 0.00207519531249999
-0.0634689331054688 -0.00757217407226564 -0.233917236328125 -0.168289184570312
-0.0455436706542969 -0.0131797790527344 -0.174407958984375 -0.074462890625
-0.027557373046875 -0.0114345550537109 -0.0536880493164063 -0.0149154663085937
-0.0384101867675781 -0.0101966857910156 0.00537872314453125 -0.06329345703125
-0.0437355041503906 0.0101165771484375 0.0204696655273438 -0.110450744628906
-0.0393753051757813 0.05255126953125 -0.0114593505859375 -0.16455078125
-0.0192756652832031 0.0566520690917969 -0.060760498046875 -0.18988037109375
-0.00972366333007813 0.0594062805175781 -0.0734100341796875 -0.180511474609375
-0.0159683227539063 0.0741195678710938 -0.05157470703125 -0.176483154296875
-0.0354156494140625 0.0601615905761719 0.00244140625000002 -0.16015625
-0.0523490905761719 0.0297355651855469 0.0244598388671875 -0.108833312988281
-0.0510101318359375 0.0156288146972656 0.0290489196777344 -0.0530357360839844
-0.0477943420410156 -0.0106849670410156 -0.00615501403808594 -0.0144252777099609
-0.060760498046875 -0.0186309814453125 -0.114898681640625 0.0090789794921875
-0.0790939331054688 -0.0171279907226563 -0.15643310546875 -0.035400390625
-0.028350830078125 -0.04925537109375 0.194488525390625 0.009674072265625
-0.0454025268554687 -0.0457115173339844 0.136032104492188 -0.015106201171875
-0.062164306640625 -0.00910568237304688 0.0110406875610352 -0.0169277191162109
-0.0392341613769531 0.0274162292480469 -0.041656494140625 0.0523452758789063
-0.0156402587890625 0.0267238616943359 -0.0502471923828125 0.105918884277344
0.00498390197753906 0.0242786407470703 -0.0035400390625 0.180343627929687
0.0168533325195313 0.0266437530517578 0.0632476806640625 0.208526611328125
0.0125274658203125 0.0263290405273437 0.0928955078125 0.193267822265625
0.0213642120361328 0.0211982727050781 0.0753021240234375 0.189361572265625
0.0206222534179688 0.0373001098632813 0.027099609375 0.172592163085938
0.0041046142578125 0.0506362915039063 0.008941650390625 0.110374450683594
-0.0177497863769531 0.0555229187011719 0.022796630859375 0.0513153076171875
-0.0578880310058594 0.0259742736816406 0.09075927734375 0.0338821411132813
-0.0572891235351562 -0.00630569458007812 0.219039916992188 0.067138671875
-0.0310859680175781 -0.00707054138183594 0.26617431640625 0.208953857421875
-0.132537841796875 -0.0994949340820312 0.172622680664063 0.00830078124999999
-0.142608642578125 -0.08349609375 0.126556396484375 -0.00827789306640625
-0.155838012695313 -0.030517578125 0.0260696411132812 -0.0179939270019531
-0.13037109375 0.0485687255859375 -0.0337944030761719 0.036651611328125
-0.0829010009765625 0.0780563354492188 -0.046356201171875 0.0825958251953125
-0.0269622802734375 0.109451293945313 -0.010162353515625 0.164703369140625
0.0199966430664063 0.113929748535156 0.0513916015625 0.189056396484375
0.01715087890625 0.107879638671875 0.0801544189453125 0.172775268554687
0.0271148681640625 0.109596252441406 0.0673675537109375 0.163711547851562
0.00933837890625 0.121925354003906 0.029510498046875 0.151626586914063
-0.0335693359375 0.119178771972656 0.0138397216796875 0.0893402099609375
-0.0761947631835938 0.110679626464844 0.0281410217285156 0.0356101989746094
-0.139663696289063 0.0426254272460937 0.103111267089844 0.01214599609375
-0.158111572265625 -0.0207061767578125 0.21429443359375 0.0586090087890625
-0.139091491699219 -0.0382080078125 0.251617431640625 0.198028564453125
-0.213668823242187 -0.13861083984375 0.121292114257813 -0.0141754150390625
-0.225189208984375 -0.111083984375 0.0922622680664063 -0.0109405517578125
-0.231674194335938 -0.0480194091796875 0.0352325439453125 -0.0195236206054688
-0.211349487304688 0.060760498046875 -0.0182762145996094 0.0184192657470703
-0.143539428710937 0.117706298828125 -0.0336380004882813 0.0469474792480469
-0.05706787109375 0.179168701171875 -0.00675201416015625 0.119766235351563
0.0170135498046875 0.182418823242188 0.0318984985351562 0.138946533203125
0.0189056396484375 0.173782348632813 0.0559539794921875 0.122909545898438
0.0333404541015625 0.18572998046875 0.0482711791992188 0.118309020996094
0.000274658203125003 0.193527221679688 0.024322509765625 0.111473083496094
-0.065155029296875 0.17919921875 0.01251220703125 0.055328369140625
-0.12176513671875 0.163421630859375 0.0301532745361328 0.0175342559814453
-0.204360961914063 0.059783935546875 0.102935791015625 -0.00681304931640625
-0.237716674804688 -0.0260772705078125 0.181747436523437 0.0501556396484375
-0.229049682617187 -0.0597381591796875 0.203643798828125 0.173721313476563
-0.265426635742188 -0.153640747070313 0.0449256896972656 -0.04620361328125
-0.279373168945313 -0.120086669921875 0.0375328063964844 -0.0203170776367188
-0.277069091796875 -0.04986572265625 0.0343341827392578 -0.0188236236572266
-0.254196166992188 0.0698699951171875 0.00169503688812254 -0.000627994537353511
-0.177261352539062 0.144851684570313 -0.0121049880981445 0.00407695770263673
-0.0787506103515625 0.222625732421875 -0.0020751953125 0.0554122924804688
0.0113525390625 0.225021362304687 0.0104866027832031 0.066253662109375
0.0194549560546875 0.215667724609375 0.0227813720703125 0.0562019348144531
0.0331573486328125 0.231948852539063 0.0181350708007813 0.0558395385742188
-0.00694274902343751 0.23907470703125 0.012420654296875 0.0528182983398438
-0.08953857421875 0.214340209960937 0.00557804107666015 0.0148162841796875
-0.153411865234375 0.191070556640625 0.0287361145019531 -0.00436210632324218
-0.243118286132812 0.069061279296875 0.0860977172851562 -0.0173492431640625
-0.286285400390625 -0.0293884277343749 0.126365661621094 0.0489349365234375
-0.279388427734375 -0.0724334716796876 0.127555847167969 0.14007568359375
-0.27587890625 -0.142044067382813 -0.0450668334960938 -0.0833663940429688
-0.28741455078125 -0.100860595703125 -0.0302276611328125 -0.0330924987792969
-0.272735595703125 -0.0353546142578125 0.0209484100341797 -0.0180110931396484
-0.253433227539062 0.07513427734375 0.0179615020751953 -0.0258426666259766
-0.17999267578125 0.147781372070313 0.00804901123046874 -0.0428123474121094
-0.0847625732421875 0.23052978515625 0.000520706176757809 -0.0197639465332031
0.00584411621093751 0.2315673828125 -0.0131511688232422 -0.0189113616943359
0.0165557861328125 0.220794677734375 -0.0130558013916016 -0.0193748474121094
0.0268402099609375 0.242233276367188 -0.0150308609008789 -0.013711929321289
-0.0188140869140625 0.247512817382813 -0.00320720672607422 -0.0151271820068359
-0.102447509765625 0.214859008789063 -0.000350952148437505 -0.0307884216308594
-0.16363525390625 0.185302734375 0.0236835479736328 -0.0255489349365234
-0.245437622070313 0.057830810546875 0.0636634826660156 -0.0199241638183594
-0.289276123046875 -0.0349426269531251 0.0533981323242187 0.0499267578125
-0.289520263671875 -0.0755615234374999 0.0368804931640625 0.100845336914063
-0.244003295898438 -0.10498046875 -0.135002136230469 -0.120124816894531
-0.245346069335937 -0.06842041015625 -0.0956497192382813 -0.0491867065429688
-0.220657348632813 -0.0182037353515625 -0.00208473205566408 -0.0184383392333984
-0.203140258789062 0.0646514892578125 0.0200424194335937 -0.0497283935546875
-0.15093994140625 0.12396240234375 0.020416259765625 -0.08673095703125
-0.0731048583984375 0.201309204101563 -0.00226593017578126 -0.0897750854492188
-0.000274658203125004 0.202911376953125 -0.0380477905273438 -0.0941696166992188
0.00935363769531251 0.1973876953125 -0.0460891723632812 -0.0902862548828125
0.015106201171875 0.219039916992187 -0.0432815551757812 -0.0851364135742187
-0.0310211181640625 0.218109130859375 -0.0150680541992188 -0.0802230834960937
-0.107162475585938 0.17840576171875 -0.00278472900390625 -0.0710983276367187
-0.15509033203125 0.144683837890625 0.0192985534667969 -0.043609619140625
-0.213897705078125 0.0312347412109375 0.0364036560058594 -0.0208396911621094
-0.248321533203125 -0.042877197265625 -0.0171127319335938 0.0458717346191406
-0.253890991210938 -0.0699920654296875 -0.0523872375488281 0.0557708740234375
-0.171051025390625 -0.0563812255859375 -0.207870483398437 -0.146270751953125
-0.161102294921875 -0.032318115234375 -0.152236938476563 -0.0585784912109375
-0.134361267089844 -0.00894165039062503 -0.0285263061523438 -0.0170631408691406
-0.127006530761719 0.0349807739257813 0.0134162902832031 -0.0633964538574219
-0.10101318359375 0.0753097534179687 0.0200424194335937 -0.112083435058594
-0.056793212890625 0.141647338867187 -0.012786865234375 -0.143630981445312
-0.00604248046874999 0.142791748046875 -0.0617523193359375 -0.157577514648438
0.00182342529296874 0.139083862304688 -0.072998046875 -0.147506713867188
0.00140380859374999 0.162384033203125 -0.0614776611328125 -0.142990112304688
-0.03765869140625 0.154464721679687 -0.0184707641601562 -0.135688781738281
-0.0915298461914063 0.112907409667969 0.00530242919921875 -0.102455139160156
-0.117485046386719 0.0849380493164063 0.0220413208007812 -0.0541229248046875
-0.143844604492188 0.00318908691406248 0.0115489959716797 -0.0185699462890625
-0.16802978515625 -0.0405731201171875 -0.0783615112304688 0.0353317260742188
-0.182754516601563 -0.050048828125 -0.12469482421875 0.0120849609375
-0.0699424743652344 -0.00378036499023438 -0.256805419921875 -0.160202026367187
-0.0505104064941406 -0.00997543334960937 -0.187576293945313 -0.06475830078125
-0.0329742431640625 -0.0108928680419922 -0.0550003051757813 -0.010467529296875
-0.043792724609375 -0.00732803344726563 0.00309371948242187 -0.0667762756347656
-0.0484085083007813 0.0156631469726562 0.0128250122070312 -0.11993408203125
-0.0362625122070313 0.0599937438964844 -0.0249176025390625 -0.173599243164062
-0.0145912170410156 0.0629653930664062 -0.0782470703125 -0.195220947265625
-0.00380706787109375 0.0660324096679688 -0.089691162109375 -0.185165405273438
-0.00895690917968751 0.0797271728515625 -0.0661773681640625 -0.181015014648438
-0.0312652587890625 0.0664634704589844 -0.0111083984375 -0.167724609375
-0.0520553588867188 0.0374183654785156 0.0177078247070313 -0.115982055664063
-0.0528144836425781 0.0221786499023437 0.0273361206054687 -0.058319091796875
-0.0530204772949219 -0.00707244873046874 -0.00983047485351563 -0.0119085311889648
-0.0688362121582031 -0.0146980285644531 -0.12139892578125 0.0194168090820313
-0.0863494873046875 -0.0138626098632813 -0.169525146484375 -0.024383544921875
-0.0300636291503906 -0.0471916198730469 0.202621459960937 -0.0041961669921875
-0.0470733642578125 -0.0444717407226562 0.141006469726563 -0.02630615234375
-0.062591552734375 -0.00692367553710937 0.0106830596923828 -0.0178031921386719
-0.0402450561523438 0.0279579162597656 -0.0383796691894531 0.0545272827148438
-0.0164680480957031 0.02777099609375 -0.0404205322265625 0.111907958984375
0.00448226928710937 0.0224933624267578 0.00999450683593749 0.186599731445313
0.0180034637451172 0.0267314910888672 0.082122802734375 0.207733154296875
0.0131263732910156 0.0246696472167969 0.10791015625 0.190216064453125
0.0221176147460938 0.0196075439453125 0.09075927734375 0.188247680664062
0.0226249694824219 0.0349655151367188 0.040863037109375 0.176345825195313
0.00962448120117188 0.0503158569335937 0.0161590576171875 0.112625122070312
-0.0144271850585938 0.0570907592773438 0.02569580078125 0.0519027709960938
-0.0560264587402344 0.031524658203125 0.0926361083984375 0.0285491943359375
-0.0561714172363281 -0.00114059448242187 0.227035522460937 0.050384521484375
-0.0306949615478516 -0.00432014465332032 0.28662109375 0.1943359375
-0.138046264648437 -0.0929107666015625 0.180984497070313 -0.00347900390625001
-0.150405883789063 -0.0753936767578125 0.131210327148438 -0.0181350708007813
-0.160720825195313 -0.0228118896484375 0.0267066955566406 -0.0222187042236328
-0.132408142089844 0.0558013916015625 -0.0287666320800781 0.0394401550292969
-0.0807647705078125 0.0852813720703125 -0.0412368774414062 0.087738037109375
-0.0218505859375 0.111991882324219 0.0047454833984375 0.166976928710938
0.0265655517578125 0.113685607910156 0.0679931640625 0.188262939453125
0.0250015258789062 0.107658386230469 0.09515380859375 0.168350219726563
0.035400390625 0.109710693359375 0.0834503173828125 0.1651611328125
0.0178756713867188 0.123374938964844 0.042449951171875 0.153472900390625
-0.026397705078125 0.123558044433594 0.0202560424804688 0.0916748046875
-0.07000732421875 0.119453430175781 0.0319442749023437 0.0363273620605469
-0.139968872070313 0.0527420043945312 0.103958129882812 0.00640869140625
-0.1632080078125 -0.0107574462890625 0.222396850585938 0.0421905517578125
-0.14215087890625 -0.0292205810546875 0.271133422851563 0.184860229492188
-0.227249145507813 -0.128036499023438 0.12652587890625 -0.021087646484375
-0.23822021484375 -0.100051879882813 0.0966415405273437 -0.0170974731445313
-0.241836547851563 -0.0363922119140625 0.036376953125 -0.0223045349121094
-0.211807250976563 0.07452392578125 -0.0132274627685547 0.0211219787597656
-0.138824462890625 0.132476806640625 -0.0273246765136719 0.0500526428222656
-0.0472564697265625 0.186309814453125 0.00409698486328124 0.119979858398438
0.0296630859375 0.185317993164063 0.0457305908203125 0.138450622558594
0.03271484375 0.176254272460937 0.0656661987304688 0.12078857421875
0.047637939453125 0.185577392578125 0.060150146484375 0.119361877441406
0.017303466796875 0.19781494140625 0.0345687866210938 0.112411499023438
-0.05303955078125 0.187423706054688 0.0177574157714844 0.0580787658691406
-0.112930297851563 0.175079345703125 0.0324459075927734 0.0161800384521484
-0.205856323242187 0.0756378173828125 0.1004638671875 -0.01202392578125
-0.247589111328125 -0.00953674316406254 0.18829345703125 0.037567138671875
-0.234603881835938 -0.047515869140625 0.21917724609375 0.164825439453125
-0.282470703125 -0.140228271484375 0.0470504760742187 -0.0481986999511719
-0.2930908203125 -0.10174560546875 0.0400352478027344 -0.0210418701171875
-0.28759765625 -0.0335693359375 0.0361862182617187 -0.0206069946289063
-0.257171630859375 0.09112548828125 0.00559425354003905 0.000165939331054693
-0.172698974609375 0.161087036132812 -0.0086350440979004 0.00453376770019532
-0.0645294189453125 0.233612060546875 0.00444412231445312 0.05499267578125
0.026763916015625 0.229141235351563 0.0190277099609375 0.0660629272460938
0.03558349609375 0.217987060546875 0.0291671752929688 0.0560989379882813
0.0514068603515625 0.233734130859375 0.0250892639160156 0.0582084655761719
0.0127410888671875 0.24578857421875 0.01702880859375 0.0541343688964844
-0.074493408203125 0.226821899414062 0.00960254669189453 0.0160398483276367
-0.141555786132812 0.206314086914063 0.0286750793457031 -0.00516510009765624
-0.245132446289063 0.0873260498046875 0.0853500366210937 -0.02239990234375
-0.29693603515625 -0.00885009765625 0.13134765625 0.04058837890625
-0.2900390625 -0.054229736328125 0.139572143554687 0.136978149414063
-0.29583740234375 -0.12567138671875 -0.047271728515625 -0.080352783203125
-0.3016357421875 -0.0830078125 -0.0310459136962891 -0.0289878845214844
-0.28521728515625 -0.01885986328125 0.0227508544921875 -0.0179500579833984
-0.2552490234375 0.0963287353515625 0.0183010101318359 -0.0242595672607422
-0.175125122070313 0.164932250976562 0.00862884521484374 -0.0457801818847656
-0.070037841796875 0.242095947265625 0.00164794921874999 -0.0216789245605469
0.0229644775390625 0.236343383789063 -0.0125951766967773 -0.0174970626831055
0.0327911376953125 0.225921630859375 -0.0137825012207031 -0.0177440643310547
0.047943115234375 0.247146606445312 -0.0134086608886719 -0.0128545761108398
0.00138854980468747 0.256317138671875 -0.00457668304443359 -0.0127906799316406
-0.0889434814453125 0.229156494140625 -0.00143241882324219 -0.0304889678955078
-0.155670166015625 0.202850341796875 0.0226688385009766 -0.0264701843261719
-0.251922607421875 0.0778656005859376 0.0608291625976562 -0.0239295959472656
-0.30157470703125 -0.0140075683593749 0.0590362548828125 0.0474891662597656
-0.300689697265625 -0.058074951171875 0.0445938110351562 0.102455139160156
-0.260269165039063 -0.0919952392578125 -0.141510009765625 -0.110671997070312
-0.257675170898438 -0.051483154296875 -0.100334167480469 -0.0387725830078125
-0.2310791015625 -0.00337219238281248 -0.000484466552734389 -0.0179100036621094
-0.207427978515625 0.082366943359375 0.0192947387695312 -0.0494880676269531
-0.14581298828125 0.140289306640625 0.0146713256835938 -0.0902786254882812
-0.0591888427734375 0.211868286132813 -0.00730895996093751 -0.0937423706054687
0.015777587890625 0.207992553710938 -0.0435714721679688 -0.0950546264648438
0.02630615234375 0.20037841796875 -0.0523910522460938 -0.0875930786132812
0.0347747802734375 0.222808837890625 -0.048309326171875 -0.082763671875
-0.0133514404296875 0.2259521484375 -0.0234222412109375 -0.080047607421875
-0.0967864990234375 0.192108154296875 -0.00628662109375 -0.0737228393554687
-0.147903442382813 0.162872314453125 0.01898193359375 -0.0450897216796875
-0.218643188476563 0.047943115234375 0.032938003540039 -0.0216732025146484
-0.25958251953125 -0.0251922607421875 -0.0143508911132813 0.0500411987304688
-0.265045166015625 -0.0543670654296875 -0.0498847961425781 0.0629348754882813
-0.181930541992188 -0.046875 -0.220077514648438 -0.1326904296875
-0.169631958007813 -0.0229644775390625 -0.159027099609375 -0.046112060546875
-0.141357421875 0.00138854980468749 -0.0300617218017578 -0.0146694183349609
-0.130630493164063 0.0483322143554688 0.00982666015624999 -0.0654983520507812
-0.09796142578125 0.0887985229492188 0.0126876831054687 -0.117774963378906
-0.0438690185546875 0.149627685546875 -0.0218963623046875 -0.147659301757813
0.00566101074218749 0.14874267578125 -0.0731353759765625 -0.1571044921875
0.015777587890625 0.144943237304688 -0.083587646484375 -0.146575927734375
0.016754150390625 0.16571044921875 -0.0707244873046875 -0.141372680664063
-0.02569580078125 0.1602783203125 -0.02886962890625 -0.135284423828125
-0.0856094360351563 0.124702453613281 -0.00190734863281251 -0.10577392578125
-0.113449096679688 0.0972442626953125 0.0198745727539062 -0.0572891235351562
-0.1497802734375 0.014404296875 0.00905704498291015 -0.0168724060058594
-0.179244995117188 -0.02691650390625 -0.0786590576171875 0.0437240600585938
-0.19134521484375 -0.0384368896484375 -0.126426696777344 0.0207366943359375
-0.0733108520507813 -0.00170135498046875 -0.27099609375 -0.145278930664063
-0.0568275451660156 -0.00625991821289062 -0.196670532226563 -0.049774169921875
-0.0373344421386719 -0.00891494750976563 -0.0556564331054688 -0.008209228515625
-0.0486717224121094 -0.00133514404296875 -0.0023345947265625 -0.068023681640625
-0.0482292175292969 0.0225296020507813 0.005584716796875 -0.124748229980469
-0.0308189392089844 0.0656013488769531 -0.037994384765625 -0.17572021484375
-0.00956344604492188 0.0684432983398438 -0.0946197509765625 -0.193191528320312
0.00206756591796874 0.0665626525878906 -0.103363037109375 -0.180694580078125
-0.00115203857421875 0.0824737548828125 -0.079498291015625 -0.179306030273438
-0.0242538452148438 0.0730438232421875 -0.0230560302734375 -0.171112060546875
-0.0510902404785156 0.0438423156738281 0.00984954833984376 -0.120643615722656
-0.0511817932128906 0.0282936096191406 0.0231246948242187 -0.0598182678222656
-0.0556297302246094 -0.0016021728515625 -0.0129508972167969 -0.0118751525878906
-0.07452392578125 -0.00829315185546876 -0.122398376464844 0.02978515625
-0.0915069580078125 -0.00720214843750002 -0.177383422851563 -0.0136566162109375
-0.0307083129882813 -0.0463485717773437 0.205230712890625 -0.01507568359375
-0.0471954345703125 -0.0445709228515625 0.142562866210938 -0.03497314453125
-0.0631980895996094 -0.00658035278320313 0.011474609375 -0.0189647674560547
-0.0384635925292969 0.0277557373046875 -0.033447265625 0.0556983947753906
-0.0159835815429687 0.0268268585205078 -0.0342025756835938 0.114067077636719
0.00307083129882812 0.0222072601318359 0.02130126953125 0.18682861328125
0.0173320770263672 0.0247116088867188 0.094024658203125 0.2037353515625
0.013153076171875 0.0236606597900391 0.11749267578125 0.185989379882813
0.0210952758789062 0.0172615051269531 0.102066040039063 0.185958862304688
0.0235996246337891 0.0314960479736328 0.05029296875 0.176422119140625
0.0128860473632813 0.0487251281738281 0.0224227905273437 0.113685607910156
-0.0107612609863281 0.0561103820800781 0.0275154113769531 0.0525894165039063
-0.0542106628417969 0.0351486206054688 0.0936050415039063 0.0252838134765625
-0.0541305541992187 0.00218582153320313 0.229354858398438 0.0386810302734375
-0.0284423828125 -0.00242424011230468 0.29547119140625 0.1817626953125
-0.141326904296875 -0.0873565673828125 0.185165405273438 -0.01251220703125
-0.152725219726563 -0.0702667236328125 0.133705139160156 -0.0240097045898438
-0.16278076171875 -0.01751708984375 0.0275154113769531 -0.0239200592041016
-0.130874633789062 0.0605010986328125 -0.0252037048339844 0.0401611328125
-0.07861328125 0.0886306762695313 -0.034881591796875 0.0891952514648437
-0.018096923828125 0.1134033203125 0.014892578125 0.16693115234375
0.0306167602539062 0.112998962402344 0.080078125 0.185287475585938
0.0291900634765625 0.107124328613281 0.104888916015625 0.164749145507813
0.0407180786132812 0.108406066894531 0.0933837890625 0.162490844726563
0.0243377685546875 0.122428894042969 0.05157470703125 0.154937744140625
-0.0194778442382812 0.126312255859375 0.0257034301757812 0.0921096801757813
-0.0637283325195313 0.122787475585938 0.0336189270019531 0.0361671447753906
-0.138519287109375 0.0598983764648438 0.102828979492187 0.00270843505859375
-0.16375732421875 -0.00106811523437497 0.224929809570313 0.0307769775390625
-0.142959594726563 -0.021881103515625 0.280502319335938 0.173995971679688
-0.23388671875 -0.118331909179688 0.130279541015625 -0.0265274047851563
-0.242462158203125 -0.0891418457031251 0.0998153686523437 -0.0203170776367188
-0.246353149414063 -0.0271148681640624 0.037689208984375 -0.0249443054199219
-0.210418701171875 0.0857391357421875 -0.0090312957763672 0.0222434997558594
-0.134841918945312 0.139823913574219 -0.0232658386230469 0.0510749816894531
-0.039642333984375 0.190383911132813 0.0129776000976562 0.119483947753906
0.0382080078125 0.185470581054688 0.05584716796875 0.135276794433594
0.042510986328125 0.175262451171875 0.074310302734375 0.118293762207031
0.0571136474609375 0.183944702148438 0.0691146850585938 0.118705749511719
0.0280914306640625 0.19818115234375 0.0415878295898437 0.113502502441406
-0.043243408203125 0.193191528320313 0.0217208862304688 0.0588531494140625
-0.104873657226563 0.181594848632813 0.0341148376464844 0.0161361694335938
-0.205307006835938 0.086883544921875 0.098846435546875 -0.014984130859375
-0.250625610351563 0.00308227539062503 0.190841674804688 0.0292205810546875
-0.236953735351563 -0.034454345703125 0.228683471679687 0.1568603515625
-0.292327880859375 -0.126922607421875 0.0502586364746094 -0.0497627258300781
-0.29864501953125 -0.088104248046875 0.0435523986816406 -0.02130126953125
-0.294189453125 -0.021453857421875 0.0374412536621094 -0.0225067138671875
-0.2557373046875 0.105026245117187 0.00874757766723631 0.000214576721191413
-0.167449951171875 0.17242431640625 -0.00639247894287111 0.00412702560424806
-0.0543365478515625 0.238372802734375 0.00978851318359374 0.0524177551269531
0.0400390625 0.230010986328125 0.0242271423339844 0.06451416015625
0.0478057861328125 0.217514038085938 0.03399658203125 0.0553970336914063
0.0658416748046875 0.23187255859375 0.0312767028808594 0.0573883056640625
0.0266571044921875 0.247055053710937 0.0211563110351562 0.055084228515625
-0.0630645751953125 0.23431396484375 0.0122499465942383 0.0159873962402344
-0.132858276367187 0.215805053710938 0.0302314758300781 -0.00561904907226561
-0.245681762695313 0.09967041015625 0.0811080932617187 -0.0240707397460937
-0.30218505859375 0.00674438476562498 0.134025573730469 0.0349273681640625
-0.294281005859375 -0.04058837890625 0.146804809570312 0.1334228515625
-0.3055419921875 -0.113494873046875 -0.046600341796875 -0.0770492553710938
-0.30865478515625 -0.06744384765625 -0.0271530151367188 -0.0248165130615234
-0.29180908203125 -0.006378173828125 0.0240192413330078 -0.0190372467041016
-0.2542724609375 0.111007690429688 0.020242691040039 -0.0251617431640625
-0.168426513671875 0.177490234375 0.00762176513671873 -0.04754638671875
-0.0565185546875 0.248489379882813 0.00229263305664062 -0.0240859985351562
0.0366363525390625 0.239059448242188 -0.0116300582885742 -0.0172281265258789
0.0465850830078125 0.226806640625 -0.012303352355957 -0.0163030624389648
0.0626068115234375 0.246307373046875 -0.0115585327148437 -0.011479377746582
0.016998291015625 0.258590698242188 -0.00432968139648437 -0.0116615295410156
-0.0782623291015625 0.237625122070313 -0.000633239746093757 -0.0302314758300781
-0.14532470703125 0.214385986328125 0.0232830047607422 -0.0271472930908203
-0.252120971679688 0.0901947021484375 0.0573463439941406 -0.0249862670898437
-0.307647705078125 0.00106811523437506 0.0618934631347656 0.0455589294433594
-0.306243896484375 -0.0435791015625 0.0490951538085937 0.10357666015625
-0.269363403320313 -0.0809936523437499 -0.142547607421875 -0.103744506835937
-0.263626098632813 -0.0389404296875 -0.09893798828125 -0.030914306640625
-0.237197875976563 0.007598876953125 -0.000131607055664077 -0.0176372528076172
-0.206802368164063 0.096038818359375 0.0201263427734375 -0.0501174926757813
-0.140365600585938 0.151229858398437 0.01171875 -0.0919418334960937
-0.048858642578125 0.218063354492187 -0.0110931396484375 -0.09600830078125
0.02850341796875 0.210617065429687 -0.0475311279296875 -0.0942611694335938
0.0385284423828125 0.201095581054688 -0.0550918579101563 -0.0859832763671875
0.0484466552734375 0.22344970703125 -0.0497665405273437 -0.079986572265625
0.000350952148437501 0.229324340820313 -0.02593994140625 -0.0783233642578125
-0.08673095703125 0.200973510742188 -0.008544921875 -0.0739288330078125
-0.140731811523437 0.17266845703125 0.0179519653320312 -0.0458450317382812
-0.220672607421875 0.0587615966796875 0.0304336547851562 -0.0212574005126953
-0.266983032226563 -0.0110626220703125 -0.0124359130859375 0.0518569946289063
-0.270416259765625 -0.0426788330078126 -0.0466728210449219 0.0672149658203125
-0.18902587890625 -0.039825439453125 -0.223388671875 -0.122604370117188
-0.1744384765625 -0.0150299072265625 -0.159210205078125 -0.035858154296875
-0.145492553710938 0.00798034667968747 -0.0282573699951172 -0.014068603515625
-0.1312255859375 0.0582351684570313 0.00939178466796874 -0.06591796875
-0.0959854125976563 0.0977935791015625 0.007171630859375 -0.119873046875
-0.0356292724609375 0.154495239257813 -0.029632568359375 -0.148681640625
0.0158538818359375 0.151443481445313 -0.0803985595703125 -0.154739379882813
0.025482177734375 0.145309448242188 -0.0901641845703125 -0.1419677734375
0.0276336669921875 0.1656494140625 -0.0762786865234375 -0.138748168945313
-0.0142822265625 0.164566040039063 -0.0347442626953125 -0.134147644042969
-0.07928466796875 0.1324462890625 -0.00621795654296875 -0.105804443359375
-0.109077453613281 0.105216979980469 0.0175285339355469 -0.05853271484375
-0.152664184570313 0.023040771484375 0.0053730010986328 -0.0162696838378906
-0.185684204101562 -0.016357421875 -0.076568603515625 0.0490341186523438
-0.1956787109375 -0.029510498046875 -0.126716613769531 0.029205322265625
-0.0773773193359375 0.00130462646484376 -0.2767333984375 -0.1329345703125
-0.058685302734375 -0.00414276123046876 -0.198577880859375 -0.038177490234375
-0.0410041809082031 -0.00719833374023437 -0.0551872253417969 -0.00495147705078126
-0.0505218505859375 0.00326156616210938 -0.00506591796875 -0.0691146850585938
-0.0483055114746094 0.0280609130859375 -0.00110626220703127 -0.12725830078125
-0.0252571105957031 0.0686569213867188 -0.0471038818359375 -0.175872802734375
-0.00327682495117187 0.0700416564941406 -0.105133056640625 -0.189804077148437
0.00782012939453124 0.0679550170898438 -0.112716674804688 -0.176956176757813
0.00634765625000001 0.0835647583007813 -0.0885162353515625 -0.176162719726563
-0.0187301635742188 0.0757522583007813 -0.032196044921875 -0.17022705078125
-0.0478897094726562 0.04888916015625 0.0038604736328125 -0.12127685546875
-0.0493202209472656 0.0335884094238281 0.0205230712890625 -0.0612068176269531
-0.0582275390625 0.00242996215820312 -0.0155982971191406 -0.0098724365234375
-0.07891845703125 -0.00293731689453124 -0.12200927734375 0.037200927734375
-0.0951766967773438 -0.00276947021484376 -0.180267333984375 -0.00465393066406253
-0.0295562744140625 -0.0466842651367188 0.209213256835938 -0.0219573974609375
-0.0475082397460937 -0.0463294982910156 0.145599365234375 -0.04058837890625
-0.0637092590332031 -0.00747680664062499 0.0123062133789062 -0.0207157135009766
-0.0391502380371094 0.0268898010253906 -0.0311241149902344 0.0559730529785156
-0.0172100067138672 0.0261192321777344 -0.030548095703125 0.115371704101562
0.00084495544433594 0.0223255157470703 0.028961181640625 0.187652587890625
0.0160655975341797 0.0240249633789063 0.102005004882812 0.2034912109375
0.0125980377197266 0.0227165222167969 0.125244140625 0.184738159179688
0.020172119140625 0.0159130096435547 0.109771728515625 0.185546875
0.0241928100585938 0.0300064086914062 0.0572509765625 0.179351806640625
0.0149154663085938 0.047210693359375 0.0256500244140625 0.116004943847656
-0.0082855224609375 0.0555801391601563 0.0292892456054688 0.0539054870605469
-0.0525016784667969 0.037078857421875 0.0948715209960938 0.0241775512695313
-0.0523834228515625 0.00468063354492189 0.231765747070313 0.031768798828125
-0.0256805419921875 -0.00136756896972657 0.302093505859375 0.177886962890625
-0.144180297851562 -0.0851898193359375 0.189895629882813 -0.01776123046875
-0.15576171875 -0.0689544677734375 0.138435363769531 -0.0284957885742188
-0.166976928710938 -0.0162811279296875 0.0289535522460937 -0.0254764556884766
-0.131820678710938 0.0631637573242188 -0.0223579406738281 0.0401229858398438
-0.079376220703125 0.09197998046875 -0.0311965942382813 0.0898818969726563
-0.0175018310546875 0.115623474121094 0.02252197265625 0.166839599609375
0.0325775146484375 0.113510131835938 0.0877685546875 0.184249877929688
0.0322647094726563 0.107521057128906 0.111724853515625 0.163726806640625
0.04302978515625 0.108375549316406 0.101104736328125 0.16375732421875
0.0282211303710938 0.121994018554688 0.057891845703125 0.15740966796875
-0.015625 0.127456665039063 0.0298233032226562 0.0946197509765625
-0.061309814453125 0.125640869140625 0.0348167419433594 0.0373878479003906
-0.138809204101563 0.0645980834960937 0.102554321289063 0.002105712890625
-0.165283203125 0.00427246093750003 0.227828979492187 0.0248565673828125
-0.143569946289062 -0.01922607421875 0.287872314453125 0.171142578125
-0.240432739257813 -0.113906860351562 0.135910034179688 -0.0302505493164063
-0.246505737304688 -0.085174560546875 0.104545593261719 -0.0225601196289063
-0.253036499023438 -0.023956298828125 0.0395011901855469 -0.0267791748046875
-0.21240234375 0.09088134765625 -0.00522994995117189 0.0221347808837891
-0.133926391601562 0.14581298828125 -0.0200538635253906 0.0513839721679688
-0.0366668701171875 0.194671630859375 0.0188522338867187 0.118576049804688
0.0434722900390625 0.188308715820313 0.0627212524414063 0.134712219238281
0.04864501953125 0.17718505859375 0.0807113647460937 0.118354797363281
0.06329345703125 0.185043334960938 0.0754928588867188 0.118186950683594
0.03466796875 0.200881958007812 0.0467147827148438 0.115554809570313
-0.0375823974609375 0.197967529296875 0.0254440307617188 0.0604476928710938
-0.101486206054688 0.187530517578125 0.0356330871582031 0.0169906616210938
-0.207626342773438 0.0939178466796875 0.0975341796875 -0.0150909423828125
-0.256210327148438 0.0113372802734375 0.193389892578125 0.0240325927734375
-0.239883422851562 -0.029510498046875 0.235671997070312 0.155258178710938
-0.3009033203125 -0.12255859375 0.0551223754882812 -0.0512351989746094
-0.3048095703125 -0.081817626953125 0.0478248596191406 -0.0208015441894531
-0.30242919921875 -0.015899658203125 0.0398101806640625 -0.024017333984375
-0.258255004882813 0.113067626953125 0.0122880935668945 -8.58306884765556E-05
-0.166595458984375 0.181076049804688 -0.00433897972106935 0.00249290466308595
-0.0491790771484375 0.244232177734375 0.0132102966308594 0.050323486328125
0.04754638671875 0.233932495117187 0.0286636352539063 0.0637092590332031
0.0558624267578125 0.219589233398438 0.0384941101074219 0.0559463500976563
0.074462890625 0.234420776367188 0.0361480712890625 0.057464599609375
0.035980224609375 0.2509765625 0.0254592895507813 0.0563583374023438
-0.0567626953125 0.241546630859375 0.0147457122802734 0.0167865753173828
-0.129547119140625 0.224624633789063 0.031564712524414 -0.00542259216308592
-0.249740600585938 0.107467651367188 0.0802688598632812 -0.0239410400390625
-0.308319091796875 0.01605224609375 0.136154174804688 0.0328216552734375
-0.298309326171875 -0.034637451171875 0.1533203125 0.133346557617187
-0.31561279296875 -0.10772705078125 -0.0433197021484375 -0.0767745971679688
-0.315887451171875 -0.060577392578125 -0.0239639282226563 -0.0216598510742188
-0.30157470703125 9.15527343749964E-05 0.0262584686279297 -0.0206699371337891
-0.257217407226563 0.121627807617188 0.0237693786621094 -0.02569580078125
-0.166732788085938 0.187698364257813 0.00782394409179687 -0.049835205078125
-0.050384521484375 0.254913330078125 0.0034942626953125 -0.0280055999755859
0.0461273193359375 0.242706298828125 -0.00977134704589843 -0.0180263519287109
0.0555572509765625 0.229141235351563 -0.0098724365234375 -0.0159921646118164
0.0727996826171875 0.248489379882813 -0.00973987579345703 -0.0120315551757812
0.0272216796875 0.26348876953125 -0.00244522094726562 -0.0111293792724609
-0.0720062255859375 0.245880126953125 0.000101089477539058 -0.0306148529052734
-0.142532348632813 0.223434448242187 0.0242538452148437 -0.0274810791015625
-0.257400512695313 0.0988006591796875 0.0554466247558594 -0.0237960815429687
-0.315704345703125 0.010955810546875 0.0636749267578125 0.045867919921875
-0.3115234375 -0.0370483398437501 0.0533218383789062 0.105377197265625
-0.27862548828125 -0.0766448974609375 -0.141860961914063 -0.101791381835938
-0.271026611328125 -0.03216552734375 -0.0969619750976563 -0.0255584716796875
-0.245590209960938 0.0135803222656249 0.0022602081298828 -0.0176868438720703
-0.209747314453125 0.106903076171875 0.0222434997558594 -0.0503387451171875
-0.138885498046875 0.161041259765625 0.01080322265625 -0.0947036743164062
-0.0421142578125 0.224334716796875 -0.0131378173828125 -0.0991897583007812
0.037353515625 0.214553833007813 -0.0490493774414063 -0.094879150390625
0.0469970703125 0.203445434570312 -0.0563888549804688 -0.0853729248046875
0.058013916015625 0.2252197265625 -0.0505142211914062 -0.0805816650390625
0.0102691650390625 0.2337646484375 -0.0268630981445313 -0.0776519775390625
-0.0821380615234375 0.20941162109375 -0.00925445556640626 -0.0749282836914062
-0.138015747070313 0.180755615234375 0.0182952880859375 -0.047119140625
-0.225997924804687 0.066986083984375 0.028594970703125 -0.0195980072021484
-0.274276733398438 -0.00248718261718744 -0.0110244750976563 0.0548171997070313
-0.276718139648438 -0.0366210937499999 -0.0458145141601563 0.0714874267578125
-0.195953369140625 -0.037353515625 -0.225601196289063 -0.119155883789062
-0.180068969726563 -0.00994873046874998 -0.158477783203125 -0.0299835205078125
-0.152420043945313 0.0121917724609375 -0.0271282196044922 -0.0127487182617187
-0.134208679199219 0.06610107421875 0.00971984863281249 -0.0659942626953125
-0.0948410034179688 0.105293273925781 0.00393676757812501 -0.122505187988281
-0.029693603515625 0.159317016601563 -0.03399658203125 -0.151214599609375
0.0234527587890625 0.154937744140625 -0.0856170654296875 -0.154800415039063
0.0322418212890625 0.1470947265625 -0.0941009521484375 -0.141876220703125
0.0360260009765625 0.168258666992188 -0.0797042846679688 -0.138641357421875
-0.00680541992187501 0.168472290039063 -0.0386428833007813 -0.134048461914063
-0.0761337280273438 0.139503479003906 -0.00748443603515625 -0.107749938964844
-0.107330322265625 0.111671447753906 0.0173110961914062 -0.0596771240234375
-0.157623291015625 0.028656005859375 0.00364208221435546 -0.0143795013427734
-0.192306518554688 -0.01019287109375 -0.07623291015625 0.0529632568359375
-0.20184326171875 -0.0255889892578125 -0.128250122070312 0.0337753295898438
-0.0811767578125 0.00168609619140626 -0.280426025390625 -0.128509521484375
-0.0627937316894531 -0.00185012817382813 -0.20037841796875 -0.03167724609375
-0.0448532104492188 -0.005279541015625 -0.0541496276855469 -0.00348281860351562
-0.0532493591308594 0.00774383544921876 -0.00551223754882814 -0.0694503784179688
-0.0484123229980469 0.03289794921875 -0.00500488281250001 -0.130096435546875
-0.0218353271484375 0.0718917846679688 -0.0539398193359375 -0.178329467773437
0.00128936767578124 0.0725555419921875 -0.112472534179687 -0.189773559570313
0.01190185546875 0.0690689086914063 -0.11798095703125 -0.175888061523438
0.011627197265625 0.08465576171875 -0.093536376953125 -0.177093505859375
-0.0141830444335938 0.07843017578125 -0.037811279296875 -0.171249389648438
-0.0461196899414063 0.0532379150390625 0.00135803222656249 -0.122688293457031
-0.0479850769042969 0.0372238159179687 0.0194244384765625 -0.0627212524414063
-0.0609016418457031 0.006622314453125 -0.0170011520385742 -0.0081634521484375
-0.083526611328125 0.00163269042968749 -0.122978210449219 0.0426177978515625
-0.0993423461914063 -9.1552734375022E-05 -0.185104370117188 0.000793457031250009
-0.0283851623535156 -0.0479965209960937 0.21875 -0.02703857421875
-0.0488090515136719 -0.0489578247070313 0.152435302734375 -0.0469207763671875
-0.06597900390625 -0.00908279418945312 0.0140342712402344 -0.0231437683105469
-0.0410079956054688 0.025299072265625 -0.0298423767089844 0.0564994812011719
-0.0193405151367188 0.0263347625732422 -0.0282211303710938 0.119361877441406
-0.000583648681640625 0.0227489471435547 0.03564453125 0.193130493164063
0.0145492553710938 0.0247859954833984 0.111618041992188 0.20770263671875
0.0115108489990234 0.0224685668945313 0.134674072265625 0.188613891601563
0.0187625885009766 0.0154895782470703 0.119766235351563 0.191482543945313
0.0243492126464844 0.0286045074462891 0.0645904541015625 0.18603515625
0.0179367065429687 0.0469245910644531 0.0295562744140625 0.121604919433594
-0.00766754150390626 0.0565605163574219 0.0304718017578125 0.056884765625
-0.0512542724609375 0.0395050048828125 0.0980606079101563 0.0242080688476563
-0.0512466430664063 0.00650405883789063 0.239334106445313 0.02740478515625
-0.0237369537353516 -0.000629425048828129 0.31585693359375 0.178680419921875
-0.150131225585938 -0.085479736328125 0.199447631835938 -0.0220184326171875
-0.16070556640625 -0.0704193115234375 0.1458740234375 -0.0334014892578125
-0.174087524414062 -0.01544189453125 0.0312690734863281 -0.0284919738769531
-0.136634826660156 0.0659332275390625 -0.0201759338378906 0.0411567687988281
-0.0824661254882813 0.0962448120117188 -0.0294265747070313 0.0925369262695313
-0.0171051025390625 0.120742797851562 0.0287628173828125 0.170608520507813
0.0354080200195312 0.118377685546875 0.09722900390625 0.18798828125
0.0354080200195312 0.110366821289062 0.121551513671875 0.16796875
0.0464859008789063 0.111732482910156 0.111328125 0.168212890625
0.0318756103515625 0.125190734863281 0.0665130615234375 0.16400146484375
-0.0129547119140625 0.132644653320312 0.0339813232421875 0.0989532470703125
-0.06005859375 0.131355285644531 0.0372848510742187 0.0402488708496094
-0.14263916015625 0.0708770751953125 0.105270385742187 0.00284576416015625
-0.170761108398437 0.00880432128906252 0.235061645507813 0.02020263671875
-0.146881103515625 -0.0174407958984375 0.301605224609375 0.17303466796875
-0.251022338867188 -0.11383056640625 0.145355224609375 -0.0335540771484375
-0.256683349609375 -0.0849151611328126 0.112907409667969 -0.0259017944335938
-0.265213012695313 -0.0213012695312501 0.0428848266601562 -0.0292930603027344
-0.219314575195313 0.0990447998046875 -0.00199317932128908 0.0217666625976563
-0.137603759765625 0.154510498046875 -0.0184097290039063 0.0520553588867188
-0.034881591796875 0.20306396484375 0.0240325927734375 0.118690490722656
0.049102783203125 0.195343017578125 0.0703964233398438 0.137046813964844
0.0552215576171875 0.1822509765625 0.0892562866210937 0.12152099609375
0.070526123046875 0.19085693359375 0.084320068359375 0.121597290039063
0.041839599609375 0.206817626953125 0.0546035766601562 0.120368957519531
-0.0338287353515625 0.206741333007813 0.0294036865234375 0.0630989074707031
-0.100692749023437 0.197479248046875 0.038848876953125 0.0186767578125
-0.215576171875 0.102828979492187 0.0998001098632812 -0.0143508911132812
-0.265914916992188 0.018829345703125 0.200363159179687 0.02191162109375
-0.248550415039062 -0.026763916015625 0.247833251953125 0.158447265625
-0.316650390625 -0.12017822265625 0.0615806579589844 -0.0536880493164063
-0.317474365234375 -0.0794982910156251 0.0546150207519531 -0.0217704772949219
-0.318450927734375 -0.0113525390625001 0.0430984497070312 -0.0262985229492187
-0.266876220703125 0.123992919921875 0.0163793563842773 -0.00057792663574218
-0.169403076171875 0.193252563476562 -0.00271368026733399 0.00154209136962892
-0.04559326171875 0.256027221679687 0.016845703125 0.0489006042480469
0.0563201904296875 0.242294311523438 0.0338668823242188 0.0641365051269532
0.0652313232421875 0.2264404296875 0.0434303283691406 0.05706787109375
0.0844268798828125 0.24139404296875 0.0421066284179688 0.0587844848632813
0.045440673828125 0.259963989257813 0.0302200317382813 0.0592193603515625
-0.0525054931640625 0.2542724609375 0.0181674957275391 0.0176887512207031
-0.12847900390625 0.237396240234375 0.0344905853271484 -0.00489044189453124
-0.259735107421875 0.119140625 0.0813751220703125 -0.0225372314453125
-0.321197509765625 0.024810791015625 0.141326904296875 0.0320281982421875
-0.310577392578125 -0.03070068359375 0.162384033203125 0.1375732421875
-0.33270263671875 -0.10546875 -0.0406036376953125 -0.0793914794921875
-0.329803466796875 -0.055877685546875 -0.0193405151367188 -0.0212287902832031
-0.31805419921875 0.00665283203125006 0.0293445587158203 -0.0220451354980469
-0.265182495117188 0.1343994140625 0.0275897979736328 -0.0263442993164062
-0.169525146484375 0.2010498046875 0.00864791870117186 -0.0529060363769531
-0.045684814453125 0.26702880859375 0.00478744506835937 -0.0316848754882812
0.055328369140625 0.252182006835938 -0.00847434997558593 -0.0193500518798828
0.0656585693359375 0.236328125 -0.0079498291015625 -0.0159673690795898
0.0840606689453125 0.256393432617187 -0.0067291259765625 -0.0124692916870117
0.0380706787109375 0.27313232421875 -0.000991821289062497 -0.0100584030151367
-0.0684661865234375 0.26043701171875 0.00144004821777343 -0.0320358276367187
-0.142776489257813 0.237747192382812 0.0265712738037109 -0.0285930633544922
-0.269332885742188 0.110336303710937 0.0561141967773437 -0.022186279296875
-0.3309326171875 0.020050048828125 0.0671653747558594 0.0473175048828125
-0.324920654296875 -0.033660888671875 0.0587539672851562 0.11041259765625
-0.29510498046875 -0.074005126953125 -0.143783569335938 -0.1025390625
-0.284393310546875 -0.0273132324218751 -0.0965499877929688 -0.0230941772460938
-0.260330200195312 0.019683837890625 0.00439071655273436 -0.0181617736816406
-0.21685791015625 0.119049072265625 0.0259132385253906 -0.0520362854003906
-0.140060424804687 0.174041748046875 0.00989532470703124 -0.100006103515625
-0.0366363525390625 0.235626220703125 -0.0152816772460938 -0.105117797851562
0.047637939453125 0.222885131835937 -0.051666259765625 -0.0978927612304687
0.056732177734375 0.210357666015625 -0.0578231811523437 -0.0872573852539062
0.0687408447265625 0.232437133789063 -0.0516891479492188 -0.0828018188476562
0.0190277099609375 0.243865966796875 -0.0278778076171875 -0.0796890258789062
-0.0789031982421875 0.222564697265625 -0.009185791015625 -0.077484130859375
-0.138198852539063 0.193893432617187 0.019439697265625 -0.0484695434570312
-0.236679077148438 0.0759124755859375 0.0281867980957031 -0.0181121826171875
-0.288726806640625 0.00543212890625005 -0.00975418090820314 0.0585517883300781
-0.289520263671875 -0.033447265625 -0.0451812744140625 0.0764694213867188
-0.208084106445313 -0.0349884033203125 -0.231292724609375 -0.120376586914062
-0.189788818359375 -0.00645446777343749 -0.161087036132813 -0.025634765625
-0.163360595703125 0.0171966552734375 -0.0256519317626953 -0.0123386383056641
-0.139884948730469 0.074920654296875 0.0119705200195312 -0.0689048767089844
-0.0953598022460938 0.116188049316406 0.00200653076171875 -0.128059387207031
-0.024566650390625 0.167678833007813 -0.0391845703125 -0.157623291015625
0.0316314697265625 0.160934448242187 -0.0910186767578125 -0.159332275390625
0.0401153564453125 0.153060913085937 -0.0986328125 -0.144500732421875
0.044342041015625 0.173965454101563 -0.084136962890625 -0.142868041992188
0.000381469726562492 0.176315307617188 -0.0418014526367187 -0.137886047363281
-0.0738525390625 0.150131225585938 -0.00914001464843749 -0.111579895019531
-0.108428955078125 0.121017456054687 0.017547607421875 -0.06219482421875
-0.165313720703125 0.03570556640625 0.00251483917236327 -0.0123872756958008
-0.203338623046875 -0.00343322753906249 -0.0777435302734375 0.0581436157226563
-0.212677001953125 -0.0223388671875 -0.133232116699219 0.0389785766601562
-0.0886611938476563 0.00185394287109374 -0.290435791015625 -0.129669189453125
-0.0684127807617188 -0.00134658813476561 -0.205825805664063 -0.027008056640625
-0.0504035949707031 -0.00426101684570313 -0.0538139343261719 -0.002197265625
-0.0567054748535156 0.0121345520019531 -0.00583648681640626 -0.0724639892578125
-0.0491218566894531 0.0386085510253906 -0.008453369140625 -0.135536193847656
-0.0192489624023438 0.0765762329101563 -0.0609130859375 -0.1846923828125
0.0067291259765625 0.0764389038085938 -0.121566772460938 -0.194580078125
0.0172882080078125 0.0722579956054688 -0.126739501953125 -0.179595947265625
0.017486572265625 0.0871810913085938 -0.1007080078125 -0.181930541992187
-0.00884246826171875 0.0827789306640625 -0.042999267578125 -0.176727294921875
-0.0449600219726563 0.0596275329589844 -0.000770568847656264 -0.127334594726562
-0.0484390258789063 0.0417518615722656 0.0194320678710938 -0.0650100708007813
-0.0641746520996094 0.01080322265625 -0.019073486328125 -0.0061187744140625
-0.0899276733398438 0.00700378417968749 -0.127067565917969 0.0485763549804687
-0.106521606445312 0.00255584716796873 -0.193115234375 0.00448608398437499
-0.0284652709960938 -0.0497665405273438 0.2322998046875 -0.0373382568359375
-0.0516395568847656 -0.0524978637695313 0.160110473632813 -0.0577545166015625
-0.0702323913574219 -0.0100822448730469 0.0142860412597656 -0.0268192291259766
-0.043914794921875 0.025787353515625 -0.0287399291992188 0.0589523315429688
-0.0221920013427734 0.0268440246582031 -0.0239410400390625 0.126571655273438
-0.00220298767089844 0.0233993530273437 0.047027587890625 0.200637817382813
0.0137100219726563 0.0260162353515625 0.127639770507813 0.213027954101563
0.0108909606933594 0.0233821868896484 0.151123046875 0.193634033203125
0.0186176300048828 0.0150356292724609 0.13665771484375 0.198501586914063
0.02587890625 0.0274791717529297 0.0784912109375 0.196212768554687
0.0204925537109375 0.0462570190429688 0.037017822265625 0.129539489746094
-0.0049285888671875 0.0582656860351563 0.034454345703125 0.0614471435546875
-0.0500335693359375 0.0435562133789062 0.103919982910156 0.0232772827148438
-0.0509834289550781 0.00839996337890624 0.251373291015625 0.0180816650390625
-0.0219497680664063 0.000314712524414063 0.33868408203125 0.1783447265625
-0.16058349609375 -0.0847015380859375 0.214447021484375 -0.03094482421875
-0.170654296875 -0.0693817138671875 0.156051635742188 -0.0425262451171875
-0.186279296875 -0.0120086669921875 0.0330448150634765 -0.0332984924316406
-0.143051147460937 0.073455810546875 -0.01708984375 0.042083740234375
-0.0859146118164063 0.104721069335938 -0.0260391235351563 0.0975341796875
-0.0150909423828125 0.128311157226563 0.039154052734375 0.175949096679687
0.040435791015625 0.124168395996094 0.112655639648437 0.192794799804688
0.0410842895507812 0.114974975585937 0.137588500976563 0.171401977539063
0.0519790649414062 0.115226745605469 0.12762451171875 0.1728515625
0.03875732421875 0.130332946777344 0.08038330078125 0.172637939453125
-0.00702667236328126 0.140007019042969 0.0417022705078125 0.104934692382813
-0.0582122802734375 0.140731811523438 0.0418510437011719 0.0432014465332031
-0.147186279296875 0.08160400390625 0.111190795898437 0.000946044921875005
-0.178680419921875 0.0170440673828125 0.247299194335938 0.0120849609375
-0.1539306640625 -0.0130615234375 0.325531005859375 0.172943115234375
-0.270111083984375 -0.109771728515625 0.156875610351562 -0.040985107421875
-0.272613525390625 -0.080047607421875 0.12255859375 -0.0323486328125
-0.284454345703125 -0.013092041015625 0.0455665588378906 -0.0347251892089844
-0.229598999023438 0.112152099609375 0.0016498565673828 0.0216350555419922
-0.140670776367187 0.169662475585938 -0.0151100158691406 0.0540657043457031
-0.0298004150390625 0.216796875 0.0312576293945313 0.1217041015625
0.0603485107421875 0.204620361328125 0.081878662109375 0.1400146484375
0.0658111572265625 0.190216064453125 0.102729797363281 0.124168395996094
0.0830230712890625 0.198486328125 0.0972671508789063 0.12481689453125
0.05401611328125 0.21649169921875 0.0663909912109375 0.126708984375
-0.0259857177734375 0.221450805664063 0.0361289978027344 0.0672607421875
-0.0979156494140625 0.213836669921875 0.0429611206054687 0.0202140808105469
-0.224655151367188 0.118942260742187 0.1044921875 -0.0157241821289062
-0.280838012695313 0.0318450927734375 0.211593627929687 0.0152740478515625
-0.263046264648438 -0.0190734863281249 0.26934814453125 0.16021728515625
-0.340179443359375 -0.11346435546875 0.06884765625 -0.0600662231445313
-0.338775634765625 -0.071319580078125 0.0624885559082031 -0.0252723693847656
-0.341552734375 0.00112915039062492 0.0463333129882812 -0.030029296875
-0.278076171875 0.143096923828125 0.0211601257324219 -0.00263214111328124
-0.171478271484375 0.213134765625 -0.000878751277923594 3.20076942443979E-05
-0.0380401611328125 0.272674560546875 0.021331787109375 0.0471611022949219
0.0713348388671875 0.254409790039062 0.0412254333496094 0.0648651123046875
0.079925537109375 0.236373901367188 0.0522994995117188 0.0578880310058594
0.101287841796875 0.251815795898437 0.0499839782714844 0.0591163635253906
0.0615386962890625 0.273544311523438 0.0380973815917969 0.0627288818359375
-0.0426788330078125 0.273269653320313 0.0220394134521484 0.0188446044921875
-0.125686645507812 0.2584228515625 0.0380401611328125 -0.00532913208007811
-0.272369384765625 0.138275146484375 0.0851974487304687 -0.0233306884765625
-0.34130859375 0.04168701171875 0.15045166015625 0.0297088623046875
-0.330169677734375 -0.0212402343750001 0.178359985351562 0.1412353515625
-0.358489990234375 -0.09814453125 -0.0398025512695313 -0.0826568603515625
-0.3514404296875 -0.0458984375 -0.0156002044677735 -0.0208396911621094
-0.342437744140625 0.020599365234375 0.033203125 -0.0241966247558594
-0.276580810546875 0.155838012695313 0.0324821472167969 -0.0300178527832031
-0.169403076171875 0.222579956054688 0.00900268554687499 -0.0577850341796875
-0.0362548828125 0.28546142578125 0.00425720214843749 -0.0365219116210937
0.072021484375 0.264541625976563 -0.00714111328125 -0.0211429595947265
0.08221435546875 0.24603271484375 -0.00551795959472656 -0.0174531936645508
0.103073120117187 0.267623901367188 -0.00468921661376953 -0.0140933990478515
0.05474853515625 0.288177490234375 0.00195693969726563 -0.0095701217651367
-0.05926513671875 0.281219482421875 0.00337028503417968 -0.0335426330566406
-0.140670776367187 0.259414672851563 0.0289096832275391 -0.0304336547851562
-0.28265380859375 0.129852294921875 0.0583114624023437 -0.0223388671875
-0.351348876953125 0.0372314453125 0.0730514526367187 0.0486679077148437
-0.34613037109375 -0.0229187011718751 0.0675201416015625 0.11676025390625
-0.31854248046875 -0.066162109375 -0.150131225585938 -0.104476928710937
-0.3037109375 -0.016998291015625 -0.0970230102539063 -0.0190353393554688
-0.28125 0.0343017578125 0.00711822509765623 -0.0189399719238281
-0.225967407226563 0.138626098632812 0.0285224914550781 -0.0564994812011719
-0.139572143554687 0.193939208984375 0.00811004638671873 -0.106582641601562
-0.02642822265625 0.252639770507813 -0.0199203491210938 -0.112548828125
0.0636444091796875 0.233627319335938 -0.0562286376953125 -0.10186767578125
0.07232666015625 0.219650268554688 -0.0617141723632812 -0.08990478515625
0.0865478515625 0.243209838867188 -0.05615234375 -0.087005615234375
0.034759521484375 0.25738525390625 -0.0305862426757812 -0.081817626953125
-0.0713043212890625 0.242477416992188 -0.0108795166015625 -0.0820846557617188
-0.137496948242188 0.213577270507812 0.020751953125 -0.0526580810546875
-0.249862670898438 0.0932769775390625 0.0288639068603515 -0.0168590545654297
-0.307861328125 0.020751953125 -0.00772094726562502 0.0635871887207031
-0.31085205078125 -0.0232543945312501 -0.0437545776367188 0.084716796875
-0.22613525390625 -0.0285797119140625 -0.244888305664062 -0.11968994140625
-0.20452880859375 0.00178527832031249 -0.166900634765625 -0.018524169921875
-0.17803955078125 0.0269317626953125 -0.0246429443359375 -0.0117740631103516
-0.146270751953125 0.0899200439453125 0.0128173828125 -0.0735702514648438
-0.0941619873046875 0.131088256835937 -0.002349853515625 -0.136581420898437
-0.0171356201171875 0.180191040039063 -0.0470733642578125 -0.166641235351563
0.04473876953125 0.169265747070313 -0.101776123046875 -0.16461181640625
0.0525665283203125 0.159713745117188 -0.1090087890625 -0.149368286132813
0.0585174560546875 0.181167602539062 -0.0940399169921875 -0.148452758789063
0.0120086669921875 0.1875 -0.049346923828125 -0.143539428710938
-0.0688018798828125 0.16455078125 -0.01324462890625 -0.118026733398437
-0.108070373535156 0.135887145996094 0.017547607421875 -0.06707763671875
-0.176055908203125 0.0482330322265625 0.00134563446044921 -0.0102128982543945
-0.218612670898437 0.00836181640624997 -0.0802459716796875 0.0660476684570313
-0.228500366210938 -0.0144195556640625 -0.139572143554688 0.0476913452148438
-0.0975189208984375 0.00537109375000001 -0.308624267578125 -0.127685546875
-0.076324462890625 0.00183868408203124 -0.21527099609375 -0.0186767578125
-0.0583000183105469 -0.0013580322265625 -0.0541419982910156 -0.000736236572265625
-0.0608482360839844 0.0192718505859375 -0.00684356689453126 -0.076751708984375
-0.0487823486328125 0.0470733642578125 -0.014495849609375 -0.143890380859375
-0.0146331787109375 0.0831680297851562 -0.0725250244140625 -0.19305419921875
0.0144424438476563 0.080780029296875 -0.136398315429688 -0.199737548828125
0.0243301391601562 0.0754547119140625 -0.140625 -0.1845703125
0.025360107421875 0.0911331176757813 -0.113784790039062 -0.188735961914063
-0.00228118896484374 0.0887603759765625 -0.0527191162109375 -0.183944702148438
-0.0428657531738281 0.0675048828125 -0.0059356689453125 -0.13470458984375
-0.0474472045898437 0.0488700866699219 0.0179901123046875 -0.0699882507324219
-0.0690155029296875 0.0173416137695313 -0.0210132598876953 -0.00267219543457031
-0.0972518920898438 0.0149612426757813 -0.133110046386719 0.0582046508789063
-0.115562438964844 0.00859069824218752 -0.20587158203125 0.013916015625
-0.0294075012207031 -0.0504798889160156 0.244583129882813 -0.0554351806640625
-0.0557785034179688 -0.0544548034667969 0.165298461914063 -0.074188232421875
-0.074432373046875 -0.00845336914062499 0.013275146484375 -0.0310859680175781
-0.0461654663085937 0.0268821716308594 -0.025726318359375 0.0625381469726563
-0.0252876281738281 0.0289764404296875 -0.015960693359375 0.133552551269531
-0.00423812866210938 0.0252094268798828 0.0646514892578125 0.206008911132812
0.0138721466064453 0.0275955200195313 0.15081787109375 0.214187622070313
0.0107593536376953 0.0243453979492187 0.17462158203125 0.191482543945313
0.0172100067138672 0.0147314071655273 0.160919189453125 0.198699951171875
0.0276584625244141 0.0255584716796875 0.0997772216796875 0.202316284179688
0.0245475769042969 0.0446586608886719 0.0496063232421875 0.136009216308594
-0.000595092773437506 0.0597953796386719 0.0405921936035156 0.0646095275878906
-0.0460166931152344 0.0485992431640625 0.110389709472656 0.0174942016601563
-0.0494308471679688 0.0116004943847656 0.262619018554688 0.000549316406250001
-0.0197486877441406 0.000791549682617185 0.36798095703125 0.165130615234375
-0.17095947265625 -0.0770416259765625 0.227371215820313 -0.0485992431640625
-0.1827392578125 -0.0641326904296875 0.164276123046875 -0.0580291748046875
-0.198394775390625 -0.00245666503906248 0.033233642578125 -0.0392723083496094
-0.147247314453125 0.084869384765625 -0.0141067504882813 0.0439796447753906
-0.0844650268554688 0.116249084472656 -0.0187530517578125 0.103286743164063
-0.00952911376953124 0.136734008789063 0.0550384521484375 0.179519653320313
0.0501251220703125 0.128227233886719 0.133316040039063 0.192306518554688
0.0499725341796875 0.118179321289063 0.15972900390625 0.1693115234375
0.0620651245117188 0.117355346679688 0.149978637695312 0.172454833984375
0.0501327514648438 0.132560729980469 0.100692749023437 0.177490234375
0.00262451171874999 0.146759033203125 0.0536041259765625 0.109535217285156
-0.0502471923828125 0.15167236328125 0.0481033325195313 0.0449295043945313
-0.14794921875 0.0971221923828125 0.116844177246094 -0.00429534912109374
-0.185302734375 0.030914306640625 0.258880615234375 -0.0042877197265625
-0.160934448242188 -0.00360107421874997 0.355255126953125 0.1614990234375
-0.290863037109375 -0.095245361328125 0.168121337890625 -0.05511474609375
-0.291168212890625 -0.06640625 0.131378173828125 -0.0450210571289063
-0.30340576171875 0.00482177734375003 0.0471382141113281 -0.0403556823730469
-0.234817504882813 0.13360595703125 0.00630569458007811 0.0206813812255859
-0.136749267578125 0.1893310546875 -0.0101585388183594 0.05584716796875
-0.016693115234375 0.2314453125 0.0426559448242187 0.122360229492188
0.0787506103515625 0.211532592773438 0.09857177734375 0.139129638671875
0.08270263671875 0.194427490234375 0.120460510253906 0.120765686035156
0.10211181640625 0.202560424804688 0.115592956542969 0.123146057128906
0.073760986328125 0.223495483398438 0.0838165283203125 0.129570007324219
-0.0104217529296875 0.23553466796875 0.0457496643066406 0.0691909790039063
-0.0871124267578125 0.232986450195313 0.0488967895507812 0.01995849609375
-0.227706909179688 0.142959594726563 0.109176635742187 -0.0203704833984375
-0.293487548828125 0.055267333984375 0.222824096679688 0.00286865234375
-0.27703857421875 -0.00230407714843752 0.296234130859375 0.1527099609375
-0.3668212890625 -0.0946350097656251 0.074951171875 -0.069183349609375
-0.360595703125 -0.051055908203125 0.0696792602539062 -0.0329170227050781
-0.3636474609375 0.025360107421875 0.0488395690917969 -0.0360069274902344
-0.284088134765625 0.171112060546875 0.0259056091308594 -0.00593948364257811
-0.164581298828125 0.238037109375 0.000640749931335439 -0.0018329620361328
-0.019866943359375 0.29150390625 0.0265464782714844 0.0449905395507813
0.09490966796875 0.263076782226563 0.0503311157226563 0.0630683898925781
0.1031494140625 0.242202758789063 0.0629310607910156 0.0554885864257813
0.126708984375 0.25738525390625 0.0600090026855469 0.0577850341796875
0.087310791015625 0.282257080078125 0.0493240356445313 0.0643424987792969
-0.0235595703125 0.292327880859375 0.0276870727539063 0.0183200836181641
-0.1131591796875 0.28302001953125 0.0420341491699219 -0.00696945190429686
-0.278396606445313 0.168075561523437 0.0886764526367187 -0.0264358520507812
-0.3577880859375 0.070098876953125 0.16046142578125 0.0213165283203125
-0.349517822265625 0.000579833984375032 0.2000732421875 0.139175415039063
-0.387115478515625 -0.076751708984375 -0.0408477783203125 -0.0864486694335937
-0.374755859375 -0.0227661132812501 -0.0119743347167969 -0.0216484069824219
-0.36431884765625 0.0489807128906249 0.035186767578125 -0.0283966064453125
-0.28070068359375 0.186996459960937 0.0367965698242187 -0.0348052978515625
-0.160720825195313 0.249755859375 0.00704193115234374 -0.0632286071777344
-0.0155029296875 0.305450439453125 0.00214385986328125 -0.0413932800292969
0.098388671875 0.273361206054688 -0.00622367858886718 -0.0239276885986328
0.106048583984375 0.252944946289063 -0.00324058532714843 -0.019296646118164
0.130874633789063 0.274002075195313 -0.00395107269287109 -0.0152587890625
0.082763671875 0.2996826171875 0.00515365600585938 -0.00993728637695311
-0.0394287109375 0.3035888671875 0.0036163330078125 -0.0363540649414062
-0.12847900390625 0.2861328125 0.0305042266845703 -0.0338954925537109
-0.290374755859375 0.16033935546875 0.0609512329101562 -0.0239486694335937
-0.370086669921875 0.0669860839843749 0.0811004638671875 0.0483627319335938
-0.36798095703125 4.50631818066108E-17 0.0813827514648437 0.120742797851562
-0.3448486328125 -0.04620361328125 -0.159515380859375 -0.101776123046875
-0.324249267578125 0.00503540039062498 -0.0977706909179688 -0.0130767822265625
-0.299957275390625 0.059356689453125 0.0092506408691406 -0.0207691192626953
-0.228240966796875 0.1673583984375 0.0301284790039062 -0.06207275390625
-0.130203247070312 0.218612670898438 0.001800537109375 -0.114395141601562
-0.00645446777343752 0.269683837890625 -0.0286483764648437 -0.118576049804687
0.0879974365234375 0.241378784179688 -0.06439208984375 -0.104705810546875
0.0953826904296875 0.225112915039062 -0.0685958862304688 -0.091522216796875
0.11260986328125 0.248825073242188 -0.063934326171875 -0.0884170532226562
0.059814453125 0.269027709960938 -0.0349578857421875 -0.083740234375
-0.0545654296875 0.263580322265625 -0.0152053833007813 -0.0865020751953125
-0.128143310546875 0.237457275390625 0.0199089050292969 -0.0570297241210937
-0.259353637695313 0.12042236328125 0.0299224853515625 -0.0162868499755859
-0.32611083984375 0.0475769042968749 -0.00350952148437502 0.0690498352050781
-0.33123779296875 -0.00244140625000006 -0.0395126342773438 0.0939483642578125
-0.2459716796875 -0.0139465332031251 -0.261566162109375 -0.11181640625
-0.220199584960938 0.0179443359375 -0.171722412109375 -0.00813293457031253
-0.1912841796875 0.04443359375 -0.02301025390625 -0.0108108520507812
-0.148284912109375 0.1102294921875 0.0116806030273437 -0.0799331665039063
-0.0877227783203125 0.149002075195313 -0.0118408203125 -0.144866943359375
-0.00154113769531249 0.193038940429688 -0.0626373291015625 -0.172988891601563
0.063690185546875 0.17462158203125 -0.118026733398438 -0.1663818359375
0.069976806640625 0.163528442382813 -0.123489379882812 -0.149734497070313
0.0793609619140625 0.18548583984375 -0.1092529296875 -0.150894165039063
0.030792236328125 0.196853637695313 -0.060577392578125 -0.147430419921875
-0.0571746826171875 0.181625366210938 -0.02154541015625 -0.124046325683594
-0.1019287109375 0.153350830078125 0.014617919921875 -0.0721359252929687
-0.183731079101563 0.0680694580078125 0.00119781494140624 -0.00803756713867187
-0.231857299804687 0.02923583984375 -0.078887939453125 0.0771408081054688
-0.245361328125 0.00204467773437502 -0.1434326171875 0.0616912841796875
-0.10699462890625 0.01220703125 -0.330841064453125 -0.115753173828125
-0.0846176147460938 0.00891876220703126 -0.224411010742188 -0.0039215087890625
-0.066192626953125 0.00566482543945314 -0.0534706115722656 0.001983642578125
-0.063446044921875 0.0291175842285156 -0.0108642578125 -0.0817718505859375
-0.0459327697753906 0.0566062927246094 -0.0260772705078125 -0.151626586914062
-0.00639343261718751 0.0908584594726563 -0.091156005859375 -0.198333740234375
0.0249099731445313 0.0833511352539063 -0.157882690429687 -0.200103759765625
0.0349807739257813 0.07696533203125 -0.160614013671875 -0.18359375
0.0375213623046875 0.0929031372070312 -0.134109497070313 -0.190658569335938
0.00829315185546876 0.0932998657226563 -0.0687255859375 -0.188613891601563
-0.0365447998046875 0.0759811401367188 -0.015350341796875 -0.141494750976562
-0.0432395935058594 0.0576400756835938 0.0143203735351562 -0.0747604370117188
-0.0720138549804688 0.02752685546875 -0.0225677490234375 0.00140380859375
-0.103950500488281 0.02734375 -0.135772705078125 0.0731887817382812
-0.125068664550781 0.0189666748046875 -0.217605590820312 0.0305328369140625
-0.0298652648925781 -0.0508003234863281 0.247634887695313 -0.0792999267578125
-0.0602951049804688 -0.0551834106445312 0.163467407226563 -0.0933990478515625
-0.0776748657226562 -0.00626373291015623 0.0106697082519531 -0.0349445343017578
-0.0482673645019531 0.0288124084472656 -0.0210380554199219 0.0646171569824219
-0.0270881652832031 0.0316295623779297 -0.00322723388671876 0.136238098144531
-0.00602912902832031 0.0273895263671875 0.0855255126953125 0.20263671875
0.0136451721191406 0.027862548828125 0.173141479492188 0.203994750976563
0.0105934143066406 0.024566650390625 0.197006225585938 0.17889404296875
0.0161714553833008 0.013737678527832 0.185562133789062 0.187942504882813
0.0277690887451172 0.0221023559570313 0.124069213867187 0.19830322265625
0.0284461975097656 0.0406150817871094 0.064910888671875 0.137016296386719
0.00498199462890625 0.0589065551757813 0.0480117797851563 0.0654067993164063
-0.0400581359863281 0.0525283813476563 0.113563537597656 0.00898742675781251
-0.0460891723632813 0.0156669616699219 0.265289306640625 -0.02276611328125
-0.0161657333374023 0.00194740295410156 0.3902587890625 0.138580322265625
-0.17816162109375 -0.064544677734375 0.23297119140625 -0.07049560546875
-0.19049072265625 -0.052001953125 0.164718627929688 -0.077301025390625
-0.204925537109375 0.0124664306640625 0.0309906005859375 -0.0445480346679688
-0.146240234375 0.0975341796875 -0.00868988037109376 0.0437469482421875
-0.0797500610351563 0.126190185546875 -0.009368896484375 0.1051025390625
-0.000656127929687486 0.14154052734375 0.072784423828125 0.176116943359375
0.0614089965820313 0.127311706542969 0.155303955078125 0.182815551757813
0.0604171752929688 0.11651611328125 0.18145751953125 0.156219482421875
0.0731124877929688 0.114608764648438 0.172821044921875 0.161544799804688
0.0623626708984375 0.130058288574219 0.124114990234375 0.172042846679688
0.016510009765625 0.14849853515625 0.0674591064453125 0.109382629394531
-0.0373687744140625 0.15899658203125 0.0552711486816406 0.044189453125
-0.141220092773438 0.112625122070313 0.118972778320313 -0.012054443359375
-0.184707641601563 0.0489044189453125 0.26275634765625 -0.026519775390625
-0.162857055664063 0.0101165771484375 0.378631591796875 0.13616943359375
-0.3040771484375 -0.0716857910156251 0.172607421875 -0.0736846923828125
-0.302215576171875 -0.044036865234375 0.134269714355469 -0.0601730346679688
-0.31304931640625 0.0309143066406249 0.0460968017578125 -0.0471038818359375
-0.230484008789063 0.156723022460938 0.0114917755126953 0.0180625915527344
-0.124847412109375 0.205810546875 -0.00462722778320314 0.0555038452148438
0.00210571289062503 0.238876342773438 0.0555038452148438 0.118049621582031
0.0988311767578125 0.209259033203125 0.115623474121094 0.130363464355469
0.10211181640625 0.19097900390625 0.137832641601563 0.110298156738281
0.123809814453125 0.197906494140625 0.13232421875 0.113922119140625
0.0968170166015625 0.220870971679688 0.102340698242188 0.124725341796875
0.01220703125 0.241897583007813 0.0573158264160156 0.0675239562988281
-0.0670013427734375 0.247222900390625 0.0540847778320312 0.0180931091308594
-0.220413208007813 0.168121337890625 0.110084533691406 -0.027313232421875
-0.294586181640625 0.084442138671875 0.227462768554687 -0.015472412109375
-0.2828369140625 0.022125244140625 0.318756103515625 0.13287353515625
-0.38427734375 -0.0620117187500001 0.0765914916992187 -0.0798721313476563
-0.373291015625 -0.02099609375 0.073577880859375 -0.0417327880859375
-0.373931884765625 0.06024169921875 0.0495262145996094 -0.0423431396484375
-0.275650024414062 0.2017822265625 0.0304946899414062 -0.0102863311767578
-0.1470947265625 0.259002685546875 0.0023517608642578 -0.00468540191650389
0.00625610351562502 0.30084228515625 0.0317039489746094 0.0406875610351563
0.122207641601562 0.259841918945313 0.0600852966308594 0.0571098327636719
0.128204345703125 0.237396240234375 0.0734176635742188 0.0478515625
0.155288696289063 0.25152587890625 0.0699424743652344 0.0520248413085938
0.1175537109375 0.281021118164062 0.0612945556640625 0.0606155395507813
0.00524902343749998 0.30340576171875 0.0330314636230469 0.0162944793701172
-0.08880615234375 0.30224609375 0.0451889038085938 -0.00999832153320311
-0.270950317382813 0.199691772460937 0.0898895263671875 -0.031402587890625
-0.361236572265625 0.106353759765625 0.166763305664063 0.00982666015625001
-0.358123779296875 0.031707763671875 0.219802856445313 0.12750244140625
-0.405426025390625 -0.04205322265625 -0.04345703125 -0.0878677368164063
-0.38677978515625 0.01226806640625 -0.00824928283691409 -0.0226688385009766
-0.373626708984375 0.086517333984375 0.0370826721191406 -0.0326766967773437
-0.271072387695312 0.22021484375 0.0387687683105469 -0.0408210754394531
-0.140701293945313 0.272308349609375 0.00322341918945311 -0.0674018859863281
0.013427734375 0.31500244140625 -0.000877380371093746 -0.0448493957519531
0.127944946289063 0.26953125 -0.00609588623046874 -0.0262947082519531
0.134185791015625 0.247650146484375 -0.00173568725585937 -0.02264404296875
0.162490844726562 0.267684936523438 -0.0029764175415039 -0.0173139572143555
0.115570068359375 0.2987060546875 0.00896072387695313 -0.0110845565795898
-0.008880615234375 0.3172607421875 0.0034027099609375 -0.0381927490234375
-0.103759765625 0.3076171875 0.0305671691894531 -0.0381813049316406
-0.285125732421875 0.194671630859375 0.0617713928222656 -0.0256423950195312
-0.3748779296875 0.104583740234375 0.0878448486328125 0.043792724609375
-0.37860107421875 0.0328674316406249 0.0968246459960937 0.118659973144531
-0.36065673828125 -0.0148925781249999 -0.166854858398438 -0.0933074951171875
-0.33465576171875 0.036712646484375 -0.0951614379882813 -0.00521850585937501
-0.307647705078125 0.0942077636718749 0.0116386413574219 -0.0219764709472656
-0.218643188476563 0.195892333984375 0.0296554565429687 -0.0679397583007812
-0.110107421875 0.238296508789062 -0.00733184814453125 -0.118881225585938
0.020172119140625 0.278076171875 -0.0394744873046875 -0.120277404785156
0.115768432617187 0.238204956054688 -0.0733108520507812 -0.103431701660156
0.121063232421875 0.220260620117188 -0.0751571655273437 -0.0902786254882813
0.14208984375 0.243255615234375 -0.0719375610351562 -0.0862350463867187
0.0911865234375 0.26959228515625 -0.039886474609375 -0.0825271606445312
-0.0280609130859375 0.27740478515625 -0.0217971801757813 -0.0880279541015625
-0.107162475585937 0.258071899414063 0.01727294921875 -0.0608329772949219
-0.256637573242188 0.151077270507812 0.0309257507324219 -0.0156574249267578
-0.33233642578125 0.0816650390625 0.00409698486328123 0.0728836059570313
-0.341583251953125 0.028228759765625 -0.0303115844726563 0.102165222167969
-0.25799560546875 0.00999450683593754 -0.273452758789063 -0.094635009765625
-0.227462768554688 0.041046142578125 -0.171371459960938 0.00747680664062503
-0.198013305664062 0.06842041015625 -0.0205879211425781 -0.00982093811035156
-0.141754150390625 0.131301879882812 0.00797271728515624 -0.0840377807617187
-0.0725250244140625 0.164215087890625 -0.025390625 -0.147979736328125
0.0195159912109375 0.19970703125 -0.0802459716796875 -0.172317504882813
0.085601806640625 0.171737670898438 -0.1341552734375 -0.160736083984375
0.0902099609375 0.159088134765625 -0.137985229492188 -0.14373779296875
0.102325439453125 0.181121826171875 -0.124862670898438 -0.144912719726563
0.0548095703125 0.197479248046875 -0.0738372802734375 -0.144485473632813
-0.038238525390625 0.19354248046875 -0.0312728881835938 -0.1263427734375
-0.0875244140625 0.168899536132813 0.00930023193359374 -0.0750885009765625
-0.182479858398438 0.0901031494140625 0.00182342529296874 -0.00466299057006835
-0.237030029296875 0.0548095703125 -0.0728607177734375 0.0878753662109375
-0.25421142578125 0.0262451171875 -0.140899658203125 0.078216552734375
-0.114067077636719 0.0234603881835937 -0.34716796875 -0.09259033203125
-0.0906524658203125 0.0187149047851563 -0.225540161132813 0.015533447265625
-0.072540283203125 0.0161285400390625 -0.0504264831542969 0.00525665283203125
-0.0625991821289063 0.0403785705566406 -0.0164871215820312 -0.084716796875
-0.0391159057617188 0.0654220581054688 -0.041412353515625 -0.153564453125
0.0047760009765625 0.095001220703125 -0.111968994140625 -0.194961547851563
0.0373382568359375 0.082305908203125 -0.178695678710938 -0.190597534179688
0.0457992553710938 0.0745086669921875 -0.180404663085938 -0.174057006835937
0.0508804321289063 0.089996337890625 -0.15484619140625 -0.182449340820313
0.0218887329101562 0.0941543579101563 -0.087310791015625 -0.185867309570313
-0.0261459350585938 0.0829925537109375 -0.0281982421875 -0.143417358398438
-0.0363235473632813 0.065155029296875 0.00823211669921875 -0.0777816772460938
-0.070892333984375 0.0391387939453125 -0.0224246978759766 0.00613975524902344
-0.105415344238281 0.0424346923828125 -0.131706237792969 0.0892257690429687
-0.1292724609375 0.0339813232421875 -0.221023559570312 0.0528564453125
-0.0285873413085938 -0.0510101318359375 0.241592407226563 -0.099945068359375
-0.0628433227539062 -0.0550117492675781 0.154861450195313 -0.10784912109375
-0.07904052734375 -0.0047760009765625 0.00723266601562499 -0.0359992980957031
-0.0492515563964844 0.0295906066894531 -0.0158348083496094 0.0638771057128906
-0.0287990570068359 0.0336799621582031 0.00785064697265625 0.133926391601563
-0.00806045532226563 0.0289993286132813 0.100799560546875 0.191207885742187
0.012481689453125 0.0289115905761719 0.18756103515625 0.187103271484375
0.00974655151367188 0.0252590179443359 0.209503173828125 0.16009521484375
0.0136756896972656 0.0136299133300781 0.200698852539063 0.170013427734375
0.0261383056640625 0.0181503295898438 0.1419677734375 0.186203002929688
0.0297775268554688 0.0354576110839844 0.0785675048828125 0.132637023925781
0.00948715209960938 0.0549774169921875 0.0539169311523438 0.0636100769042969
-0.0321426391601563 0.0527420043945312 0.111793518066406 0.0015869140625
-0.0405006408691406 0.0173530578613281 0.258041381835938 -0.0428924560546875
-0.0118379592895508 0.00164985656738281 0.3963623046875 0.109527587890625
-0.17791748046875 -0.051513671875 0.229461669921875 -0.0902862548828125
-0.191375732421875 -0.0412139892578125 0.158721923828125 -0.09222412109375
-0.204864501953125 0.0262298583984375 0.0280799865722656 -0.0482673645019531
-0.141036987304688 0.106735229492188 -0.00410461425781251 0.0420036315917969
-0.0723342895507812 0.131744384765625 0.000267028808593756 0.1019287109375
0.00752258300781251 0.142303466796875 0.08599853515625 0.165512084960938
0.069091796875 0.122520446777344 0.168701171875 0.166213989257813
0.066619873046875 0.111396789550781 0.193649291992187 0.137924194335937
0.0796279907226563 0.10845947265625 0.1868896484375 0.144058227539063
0.0715713500976562 0.122444152832031 0.141387939453125 0.159820556640625
0.0284576416015625 0.144210815429688 0.0796737670898438 0.103897094726563
-0.02386474609375 0.159347534179688 0.0601921081542969 0.0416221618652344
-0.128936767578125 0.122459411621094 0.117218017578125 -0.0189132690429687
-0.176773071289062 0.062774658203125 0.256683349609375 -0.0453033447265625
-0.157333374023438 0.0218505859375 0.3873291015625 0.107635498046875
-0.3035888671875 -0.047210693359375 0.1707763671875 -0.089324951171875
-0.301116943359375 -0.02252197265625 0.131752014160156 -0.0730972290039062
-0.31048583984375 0.054962158203125 0.04351806640625 -0.051971435546875
-0.218841552734375 0.172927856445313 0.0150585174560547 0.0146017074584961
-0.109405517578125 0.214218139648438 0.000907897949218741 0.0527267456054688
0.0196075439453125 0.237579345703125 0.0647430419921875 0.109649658203125
0.113754272460938 0.199752807617188 0.126304626464844 0.117454528808594
0.115707397460938 0.181289672851563 0.14691162109375 0.09490966796875
0.138595581054687 0.185760498046875 0.143295288085938 0.10028076171875
0.114013671875 0.209930419921875 0.117042541503906 0.114578247070313
0.0327606201171875 0.238525390625 0.0656051635742187 0.0626716613769531
-0.0457305908203125 0.250778198242188 0.0581474304199219 0.0151824951171875
-0.2039794921875 0.18505859375 0.108810424804687 -0.0320205688476562
-0.285186767578125 0.10833740234375 0.223770141601562 -0.0308685302734375
-0.277389526367188 0.044281005859375 0.3299560546875 0.108551025390625
-0.385101318359375 -0.03082275390625 0.075592041015625 -0.0886611938476562
-0.3709716796875 0.00857543945312504 0.07415771484375 -0.0503311157226563
-0.369842529296875 0.0921020507812499 0.0483894348144531 -0.0470123291015625
-0.258880615234375 0.22296142578125 0.0327568054199219 -0.0159797668457031
-0.125137329101562 0.269180297851563 0.00322246551513671 -0.00723838806152342
0.03009033203125 0.2991943359375 0.0349407196044922 0.0345306396484375
0.142364501953125 0.2467041015625 0.0658798217773438 0.0483207702636719
0.1456298828125 0.22467041015625 0.079254150390625 0.0375747680664063
0.17584228515625 0.235733032226563 0.0766830444335938 0.043701171875
0.1416015625 0.268051147460938 0.0710678100585938 0.0541915893554688
0.0316162109375 0.3018798828125 0.0383949279785156 0.0125465393066406
-0.06317138671875 0.30755615234375 0.046905517578125 -0.0130157470703125
-0.252517700195313 0.222030639648437 0.0889816284179688 -0.0344314575195312
-0.350860595703125 0.13604736328125 0.166671752929687 -0.00105285644531249
-0.352874755859375 0.05975341796875 0.231781005859375 0.111465454101562
-0.406341552734375 -0.00656127929687509 -0.0436019897460938 -0.0879974365234375
-0.382965087890625 0.0438232421875 -0.00433731079101565 -0.0237331390380859
-0.3675537109375 0.120391845703125 0.0382652282714844 -0.0369300842285156
-0.250900268554688 0.242538452148438 0.0393104553222656 -0.0466117858886719
-0.1156005859375 0.281494140625 -0.000732421875 -0.0693397521972656
0.040313720703125 0.312103271484375 -0.00396347045898437 -0.0475082397460937
0.150177001953125 0.256118774414063 -0.00603866577148436 -0.0288047790527344
0.154144287109375 0.2327880859375 -0.000354766845703117 -0.0255851745605469
0.185470581054688 0.25103759765625 -0.00215911865234374 -0.0183849334716797
0.142822265625 0.28570556640625 0.0126094818115234 -0.0127773284912109
0.019927978515625 0.316802978515625 0.00345230102539062 -0.0394401550292969
-0.076629638671875 0.315765380859375 0.0299263000488281 -0.0400466918945312
-0.268280029296875 0.218582153320312 0.0621871948242187 -0.0272560119628906
-0.366058349609375 0.13720703125 0.092315673828125 0.0383377075195313
-0.374298095703125 0.0636901855468749 0.10906982421875 0.111885070800781
-0.362762451171875 0.0167236328125 -0.167617797851563 -0.0831756591796875
-0.331146240234375 0.0663146972656249 -0.0890426635742188 0.000389099121093757
-0.302520751953125 0.124786376953125 0.0139884948730469 -0.0245151519775391
-0.2003173828125 0.216827392578125 0.0284576416015625 -0.0727310180664062
-0.087127685546875 0.24688720703125 -0.0157394409179688 -0.118698120117187
0.0457916259765625 0.274551391601563 -0.0486068725585938 -0.1180419921875
0.137420654296875 0.22467041015625 -0.0793533325195313 -0.099212646484375
0.139923095703125 0.206756591796875 -0.0798492431640625 -0.0863494873046875
0.164398193359375 0.228042602539062 -0.0766525268554687 -0.08038330078125
0.116470336914063 0.258865356445313 -0.0423202514648437 -0.0795745849609375
-0.0010528564453125 0.27978515625 -0.0260772705078125 -0.087249755859375
-0.08343505859375 0.266799926757813 0.0141487121582031 -0.0623741149902344
-0.242889404296875 0.17449951171875 0.0318470001220703 -0.0151100158691406
-0.325408935546875 0.1124267578125 0.0115203857421875 0.0735626220703125
-0.338775634765625 0.057037353515625 -0.0190963745117188 0.105262756347656
-0.26007080078125 0.03253173828125 -0.2745361328125 -0.07568359375
-0.226089477539063 0.0626983642578125 -0.164291381835938 0.019622802734375
-0.195526123046875 0.090911865234375 -0.0172080993652344 -0.0101442337036133
-0.129608154296875 0.14727783203125 0.00457000732421875 -0.086761474609375
-0.05523681640625 0.1708984375 -0.036712646484375 -0.145294189453125
0.0392303466796875 0.1976318359375 -0.092681884765625 -0.165756225585937
0.10302734375 0.161575317382813 -0.145004272460938 -0.150115966796875
0.10516357421875 0.1483154296875 -0.146148681640625 -0.132736206054687
0.120346069335938 0.169326782226562 -0.134574890136719 -0.133590698242187
0.0757598876953125 0.1903076171875 -0.0814132690429687 -0.137184143066406
-0.017333984375 0.196762084960937 -0.0401229858398438 -0.123580932617187
-0.07000732421875 0.176376342773438 0.00447845458984375 -0.0758438110351562
-0.17425537109375 0.109054565429688 0.00353050231933593 -0.00250029563903808
-0.232498168945313 0.0789031982421875 -0.0638809204101563 0.0955429077148437
-0.252899169921875 0.0493011474609375 -0.132904052734375 0.0906524658203125
-0.117172241210938 0.0343093872070312 -0.348541259765625 -0.067901611328125
-0.0929183959960938 0.0290069580078125 -0.2186279296875 0.031829833984375
-0.07525634765625 0.0275497436523438 -0.0463066101074219 0.00695419311523438
-0.0585479736328125 0.0497703552246094 -0.0219573974609375 -0.08502197265625
-0.0302505493164063 0.0709609985351563 -0.0544891357421875 -0.149826049804688
0.0165786743164062 0.0948486328125 -0.127609252929688 -0.1845703125
0.0477523803710937 0.0770034790039063 -0.192291259765625 -0.174728393554688
0.0550422668457031 0.0683517456054688 -0.191696166992187 -0.158706665039063
0.0617294311523437 0.0827713012695313 -0.168167114257812 -0.168121337890625
0.0344390869140625 0.0901260375976563 -0.0998382568359375 -0.175735473632812
-0.0148696899414062 0.08563232421875 -0.0396270751953125 -0.140052795410156
-0.0268287658691406 0.0691757202148438 0.00222015380859375 -0.0774688720703125
-0.0664939880371094 0.0496101379394531 -0.0207290649414063 0.0107536315917969
-0.102485656738281 0.0568008422851562 -0.123176574707031 0.101425170898437
-0.128410339355469 0.048095703125 -0.21636962890625 0.0722351074218749
-0.0260162353515625 -0.0529823303222656 0.23394775390625 -0.110885620117187
-0.0638351440429688 -0.0568046569824219 0.146026611328125 -0.115280151367188
-0.0803680419921875 -0.00615692138671874 0.00422668457031249 -0.0373649597167969
-0.0520210266113281 0.02862548828125 -0.0131301879882812 0.0614356994628906
-0.0317878723144531 0.0352745056152344 0.0137863159179687 0.128585815429688
-0.0108242034912109 0.0315513610839844 0.106964111328125 0.18060302734375
0.0104331970214844 0.0302371978759766 0.193084716796875 0.172958374023438
0.00741767883300781 0.0252361297607422 0.213287353515625 0.1451416015625
0.0105409622192383 0.0141267776489258 0.206771850585938 0.154800415039063
0.0228767395019531 0.0153217315673828 0.15057373046875 0.174591064453125
0.0287818908691406 0.0302219390869141 0.085845947265625 0.127304077148438
0.0114631652832031 0.0503616333007812 0.0568428039550781 0.0618782043457031
-0.0259017944335938 0.049896240234375 0.108070373535156 -0.00191497802734375
-0.0343914031982422 0.0163841247558594 0.246826171875 -0.0532989501953125
-0.00723409652709961 -0.000124454498291017 0.391845703125 0.090423583984375
-0.172821044921875 -0.0449371337890625 0.223968505859375 -0.10260009765625
-0.18878173828125 -0.0359344482421875 0.1524658203125 -0.101043701171875
-0.202743530273438 0.03143310546875 0.0250015258789062 -0.0496826171875
-0.136726379394531 0.109161376953125 -0.00117874145507813 0.0383796691894531
-0.0687255859375 0.133010864257813 0.00539398193359376 0.0968475341796875
0.011260986328125 0.141708374023438 0.09197998046875 0.154449462890625
0.0711288452148437 0.118766784667969 0.174026489257813 0.151657104492188
0.0687408447265625 0.107322692871094 0.197555541992188 0.122634887695312
0.0813217163085938 0.102775573730469 0.192535400390625 0.129302978515625
0.0739822387695313 0.114936828613281 0.149795532226563 0.147598266601562
0.034698486328125 0.138809204101563 0.0869522094726562 0.0988235473632813
-0.014984130859375 0.155609130859375 0.0632591247558594 0.0398674011230469
-0.117561340332031 0.124595642089844 0.113700866699219 -0.0215301513671875
-0.16754150390625 0.06939697265625 0.247222900390625 -0.054901123046875
-0.14990234375 0.0280914306640625 0.38543701171875 0.089813232421875
-0.29754638671875 -0.03216552734375 0.16766357421875 -0.0992584228515625
-0.294891357421875 -0.0108642578125 0.127983093261719 -0.0818405151367188
-0.304473876953125 0.068389892578125 0.0418663024902344 -0.0552444458007813
-0.208969116210938 0.178955078125 0.0177745819091797 0.0100860595703125
-0.098785400390625 0.215713500976562 0.00423431396484375 0.0480079650878906
0.028778076171875 0.234527587890625 0.0684967041015625 0.100624084472656
0.120513916015625 0.190902709960938 0.130722045898438 0.104667663574219
0.12078857421875 0.1722412109375 0.15057373046875 0.081787109375
0.144302368164063 0.174758911132813 0.148086547851563 0.08782958984375
0.12286376953125 0.19866943359375 0.125144958496094 0.103729248046875
0.0447845458984375 0.232040405273437 0.0717010498046875 0.0572738647460938
-0.031768798828125 0.247360229492188 0.0602493286132813 0.0130157470703125
-0.190383911132813 0.191482543945313 0.106109619140625 -0.0335235595703125
-0.273056030273438 0.121017456054687 0.217788696289062 -0.03961181640625
-0.267364501953125 0.0555419921875 0.331268310546875 0.092193603515625
-0.37652587890625 -0.0101318359374999 0.0754623413085937 -0.0944747924804688
-0.361114501953125 0.02496337890625 0.0749130249023437 -0.0560150146484375
-0.3602294921875 0.11004638671875 0.0476951599121094 -0.0506134033203125
-0.244155883789063 0.232513427734375 0.034759521484375 -0.0208587646484375
-0.110305786132813 0.270401000976563 0.00437831878662109 -0.0106000900268555
0.043975830078125 0.292938232421875 0.0361213684082031 0.0282936096191406
0.15191650390625 0.234527587890625 0.0687637329101563 0.0398635864257813
0.154281616210938 0.211776733398438 0.0815048217773438 0.0289230346679688
0.185577392578125 0.22137451171875 0.0798797607421875 0.0365753173828125
0.154098510742188 0.25396728515625 0.0773849487304688 0.0469894409179688
0.04827880859375 0.294586181640625 0.0424652099609375 0.00925827026367189
-0.04498291015625 0.306304931640625 0.0483207702636719 -0.0149955749511719
-0.238006591796875 0.231689453125 0.0879974365234375 -0.0347900390625
-0.337799072265625 0.153717041015625 0.164871215820312 -0.00683593749999999
-0.34210205078125 0.0762634277343749 0.236358642578125 0.099090576171875
-0.399566650390625 0.015228271484375 -0.0411529541015625 -0.0881500244140625
-0.373138427734375 0.06378173828125 -0.000268936157226587 -0.0263824462890625
-0.356597900390625 0.1419677734375 0.0394020080566406 -0.0399589538574219
-0.233810424804688 0.25360107421875 0.0407562255859375 -0.051422119140625
-0.097869873046875 0.283111572265625 -0.00253295898437501 -0.0704574584960937
0.056793212890625 0.304779052734375 -0.00573730468749999 -0.0490951538085937
0.161941528320313 0.24151611328125 -0.00528907775878905 -0.0321807861328125
0.16314697265625 0.219589233398438 0.000143051147460948 -0.0291595458984375
0.196945190429688 0.234573364257813 -0.000316619873046863 -0.0199775695800781
0.157974243164062 0.270538330078125 0.0169639587402344 -0.0159282684326172
0.03936767578125 0.311370849609375 0.00460433959960938 -0.0407485961914062
-0.056365966796875 0.31451416015625 0.0295257568359375 -0.0415687561035156
-0.253341674804687 0.230941772460938 0.0627365112304687 -0.0270271301269531
-0.35382080078125 0.15643310546875 0.0949249267578125 0.0351333618164063
-0.364105224609375 0.0815429687500001 0.116249084472656 0.105796813964844
-0.357269287109375 0.037872314453125 -0.1627197265625 -0.077423095703125
-0.322540283203125 0.084442138671875 -0.0812301635742188 0.00248718261718752
-0.29248046875 0.144989013671875 0.0172290802001953 -0.0273609161376953
-0.185089111328125 0.227188110351563 0.0289154052734375 -0.0760574340820312
-0.0706024169921875 0.247833251953125 -0.02020263671875 -0.117012023925781
0.0628204345703125 0.267974853515625 -0.0527191162109375 -0.115333557128906
0.14862060546875 0.210922241210938 -0.0808029174804688 -0.0961837768554687
0.1494140625 0.194091796875 -0.0802688598632812 -0.0838851928710938
0.175933837890625 0.212158203125 -0.0771560668945312 -0.0766448974609375
0.1317138671875 0.2454833984375 -0.041229248046875 -0.0779571533203125
0.0178070068359375 0.2755126953125 -0.027587890625 -0.0860824584960937
-0.06591796875 0.268661499023437 0.0123405456542969 -0.0631294250488281
-0.230484008789063 0.187255859375 0.033294677734375 -0.0139484405517578
-0.315032958984375 0.13116455078125 0.0169906616210937 0.07354736328125
-0.3311767578125 0.074981689453125 -0.0109176635742188 0.1058349609375
-0.25738525390625 0.0485534667968751 -0.268951416015625 -0.0654449462890625
-0.221710205078125 0.0763244628906251 -0.155029296875 0.025390625
-0.190200805664062 0.107376098632812 -0.0130014419555664 -0.0121831893920898
-0.118057250976563 0.156570434570313 0.00315093994140623 -0.0885467529296875
-0.04150390625 0.172393798828125 -0.04254150390625 -0.141952514648438
0.0528564453125 0.19171142578125 -0.0995941162109375 -0.158950805664063
0.11224365234375 0.151473999023438 -0.14892578125 -0.141952514648438
0.113265991210938 0.138519287109375 -0.148651123046875 -0.125213623046875
0.130325317382813 0.156585693359375 -0.137535095214844 -0.124710083007812
0.0890655517578125 0.180252075195313 -0.0839996337890625 -0.131095886230469
-0.00164794921874998 0.194580078125 -0.0442886352539062 -0.119857788085937
-0.056182861328125 0.178695678710938 0.00183868408203125 -0.0751724243164063
-0.164779663085938 0.119979858398437 0.00532484054565429 -0.00052595138549804
-0.225662231445312 0.095245361328125 -0.0565109252929688 0.09857177734375
-0.248031616210937 0.063995361328125 -0.123725891113281 0.0967178344726563
-0.118095397949219 0.0423812866210938 -0.3433837890625 -0.054779052734375
-0.0939483642578125 0.0369949340820313 -0.208663940429688 0.0400390625
-0.0754013061523438 0.03790283203125 -0.0418014526367188 0.00470733642578126
-0.0538864135742188 0.0574150085449219 -0.024444580078125 -0.0853195190429687
-0.0228729248046875 0.0732879638671875 -0.06109619140625 -0.14434814453125
0.025421142578125 0.09271240234375 -0.134963989257813 -0.174468994140625
0.05426025390625 0.0714035034179688 -0.197296142578125 -0.162261962890625
0.0609283447265625 0.0620002746582031 -0.195114135742188 -0.145797729492188
0.0688323974609375 0.0742645263671875 -0.1719970703125 -0.1556396484375
0.04266357421875 0.0840072631835938 -0.10516357421875 -0.166961669921875
-0.00519561767578126 0.0851058959960938 -0.044952392578125 -0.135086059570312
-0.0187911987304688 0.0704879760742188 -0.000862121582031256 -0.07537841796875
-0.0607261657714844 0.0567436218261719 -0.0180416107177734 0.0138721466064453
-0.09832763671875 0.0668563842773438 -0.113937377929687 0.107780456542969
-0.126152038574219 0.0574264526367187 -0.208251953125 0.0836181640625
-0.0228767395019531 -0.0569610595703125 0.231826782226563 -0.11749267578125
-0.0658950805664063 -0.0613441467285156 0.140853881835938 -0.120651245117188
-0.08404541015625 -0.00958251953125002 0.00232696533203124 -0.0383872985839844
-0.0562744140625 0.0279464721679687 -0.0122871398925781 0.0596694946289062
-0.0357856750488281 0.03717041015625 0.0157012939453125 0.124824523925781
-0.0142784118652344 0.0354118347167969 0.110321044921875 0.174285888671875
0.00798606872558594 0.033477783203125 0.195602416992188 0.16546630859375
0.00532913208007813 0.0274639129638672 0.215103149414062 0.13665771484375
0.00745391845703125 0.0159463882446289 0.210189819335937 0.145721435546875
0.0185928344726563 0.014495849609375 0.15692138671875 0.16748046875
0.0264644622802734 0.0263919830322266 0.092437744140625 0.125167846679688
0.0118255615234375 0.0458717346191406 0.0600395202636719 0.0624771118164062
-0.0212554931640625 0.0456466674804688 0.105926513671875 -0.00202178955078125
-0.0298557281494141 0.0134735107421875 0.240249633789063 -0.0572052001953125
-0.00250101089477539 -0.00269174575805664 0.38995361328125 0.084228515625
-0.168350219726563 -0.0442657470703125 0.22296142578125 -0.1107177734375
-0.188583374023438 -0.037078857421875 0.149642944335938 -0.107208251953125
-0.204254150390625 0.032989501953125 0.0243301391601562 -0.0518379211425781
-0.138877868652344 0.110702514648437 0.000978469848632802 0.0346717834472656
-0.0693740844726563 0.135124206542969 0.00738525390625 0.09246826171875
0.0112457275390625 0.1439208984375 0.093963623046875 0.147659301757812
0.07122802734375 0.118461608886719 0.1773681640625 0.1436767578125
0.0685195922851563 0.105728149414063 0.199447631835937 0.113327026367187
0.0810775756835938 0.101348876953125 0.196487426757813 0.120437622070313
0.0737380981445313 0.111396789550781 0.157150268554688 0.1402587890625
0.0369033813476562 0.134262084960938 0.0933609008789063 0.09515380859375
-0.0110015869140625 0.152740478515625 0.066680908203125 0.0400161743164063
-0.1116943359375 0.123893737792969 0.112846374511719 -0.0204086303710937
-0.161544799804687 0.072235107421875 0.242080688476563 -0.0582122802734375
-0.144500732421875 0.02935791015625 0.38623046875 0.081878662109375
-0.292022705078125 -0.0276184082031251 0.169052124023437 -0.107208251953125
-0.29168701171875 -0.00769042968749996 0.127601623535156 -0.08819580078125
-0.30377197265625 0.0747070312499999 0.0415153503417969 -0.0584220886230469
-0.20684814453125 0.1832275390625 0.0198650360107422 0.00484657287597657
-0.0956878662109375 0.21710205078125 0.00586700439453124 0.0440216064453125
0.033447265625 0.234817504882813 0.0702438354492188 0.0938339233398438
0.123306274414063 0.187225341796875 0.13275146484375 0.0969772338867188
0.123077392578125 0.168197631835938 0.15264892578125 0.073089599609375
0.147552490234375 0.169509887695313 0.152511596679688 0.0800018310546875
0.12677001953125 0.19183349609375 0.132026672363281 0.0967254638671875
0.051666259765625 0.228256225585938 0.0776824951171875 0.053924560546875
-0.0240478515625 0.245986938476562 0.0638809204101563 0.0126152038574219
-0.182952880859375 0.194305419921875 0.106971740722656 -0.0323028564453125
-0.2667236328125 0.128005981445312 0.215835571289062 -0.0418853759765625
-0.261199951171875 0.060821533203125 0.334564208984375 0.08575439453125
-0.372955322265625 -0.00119018554687499 0.0789871215820312 -0.101608276367188
-0.356597900390625 0.0324401855468749 0.0770339965820312 -0.0621566772460937
-0.357086181640625 0.121612548828125 0.048980712890625 -0.0547599792480469
-0.237777709960938 0.238174438476562 0.03753662109375 -0.0267448425292969
-0.103836059570312 0.271026611328125 0.00507926940917968 -0.0146741867065429
0.05218505859375 0.29150390625 0.0366020202636719 0.0233268737792969
0.157180786132813 0.228546142578125 0.0700645446777344 0.0333900451660156
0.15789794921875 0.205398559570313 0.08306884765625 0.021942138671875
0.190994262695313 0.21343994140625 0.083465576171875 0.0308914184570313
0.162078857421875 0.245452880859375 0.08355712890625 0.0403900146484375
0.05816650390625 0.290679931640625 0.0465011596679688 0.00568008422851564
-0.035064697265625 0.30548095703125 0.0511627197265625 -0.01617431640625
-0.230056762695313 0.238296508789063 0.0898284912109375 -0.0335006713867187
-0.3316650390625 0.16357421875 0.165481567382812 -0.00851440429687499
-0.336639404296875 0.084014892578125 0.242507934570312 0.0944366455078125
-0.3961181640625 0.027587890625 -0.0370025634765625 -0.09185791015625
-0.368499755859375 0.0726318359375 0.00515174865722654 -0.0306510925292969
-0.351348876953125 0.1558837890625 0.0418930053710937 -0.0442695617675781
-0.225662231445313 0.2601318359375 0.0431251525878906 -0.0570259094238281
-0.089111328125 0.283721923828125 -0.00290679931640626 -0.0731048583984375
0.0675048828125 0.301971435546875 -0.00622940063476562 -0.0522575378417968
0.168319702148438 0.234176635742188 -0.00512313842773436 -0.0359458923339844
0.169189453125 0.2125244140625 0.000888824462890633 -0.0333843231201172
0.204559326171875 0.225204467773438 0.00177574157714845 -0.0229034423828125
0.168411254882812 0.261917114257813 0.0211448669433594 -0.0198783874511719
0.050994873046875 0.308074951171875 0.00656127929687501 -0.04376220703125
-0.0457763671875 0.316162109375 0.0313987731933594 -0.0427589416503906
-0.245941162109375 0.240005493164063 0.0654067993164062 -0.025634765625
-0.348052978515625 0.169708251953125 0.0975799560546875 0.0345001220703125
-0.359954833984375 0.0905151367187501 0.122840881347656 0.103645324707031
-0.356231689453125 0.0494995117187499 -0.15826416015625 -0.0785064697265625
-0.319366455078125 0.095550537109375 -0.0743865966796875 0.000747680664062491
-0.2884521484375 0.15960693359375 0.020456314086914 -0.0308818817138672
-0.176055908203125 0.235671997070312 0.03021240234375 -0.0810928344726562
-0.060821533203125 0.248916625976562 -0.0214996337890625 -0.117866516113281
0.073150634765625 0.2650146484375 -0.0554962158203125 -0.115760803222656
0.156539916992187 0.203750610351563 -0.0817337036132812 -0.09722900390625
0.15582275390625 0.186737060546875 -0.0810394287109375 -0.0844497680664062
0.183853149414063 0.203048706054688 -0.07598876953125 -0.076202392578125
0.143508911132813 0.23681640625 -0.0392684936523438 -0.0792770385742187
0.030120849609375 0.2733154296875 -0.0273513793945312 -0.0875091552734375
-0.0545196533203125 0.27008056640625 0.0128440856933594 -0.0635833740234375
-0.223556518554688 0.197067260742188 0.0360794067382812 -0.012664794921875
-0.310943603515625 0.144622802734375 0.0217514038085937 0.0743331909179688
-0.327911376953125 0.084991455078125 -0.00329589843750001 0.105789184570313
-0.2593994140625 0.0584106445312499 -0.265533447265625 -0.0637054443359375
-0.220657348632812 0.086334228515625 -0.1474609375 0.025634765625
-0.18756103515625 0.120361328125 -0.00930404663085939 -0.0160446166992187
-0.11102294921875 0.164825439453125 0.00351715087890625 -0.0922317504882812
-0.032928466796875 0.173904418945313 -0.045623779296875 -0.140701293945313
0.06292724609375 0.189407348632812 -0.102645874023437 -0.15570068359375
0.119171142578125 0.144210815429688 -0.150741577148438 -0.1390380859375
0.119560241699219 0.1314697265625 -0.14990234375 -0.1224365234375
0.137161254882812 0.147354125976563 -0.138229370117188 -0.121574401855469
0.098724365234375 0.17291259765625 -0.08367919921875 -0.130424499511719
0.00892639160156249 0.193145751953125 -0.0456924438476563 -0.119491577148437
-0.0468292236328125 0.180892944335937 0.00095367431640624 -0.0754623413085937
-0.15887451171875 0.129058837890625 0.00809621810913085 0.0020289421081543
-0.222793579101563 0.107452392578125 -0.0508041381835938 0.100799560546875
-0.246307373046875 0.0743255615234375 -0.118064880371094 0.100807189941406
-0.121597290039063 0.04840087890625 -0.34100341796875 -0.049835205078125
-0.0962600708007813 0.0439605712890625 -0.202194213867188 0.041748046875
-0.0756988525390625 0.0478897094726563 -0.0390205383300781 0.00125503540039063
-0.0496826171875 0.0637969970703125 -0.0256271362304688 -0.0880355834960937
-0.0167770385742188 0.0759048461914063 -0.06573486328125 -0.142471313476563
0.0325775146484375 0.0913543701171875 -0.139358520507813 -0.170242309570313
0.0599899291992188 0.0665016174316406 -0.200439453125 -0.156494140625
0.0651435852050781 0.0568466186523438 -0.197021484375 -0.141128540039062
0.0737762451171875 0.067535400390625 -0.174407958984375 -0.149642944335938
0.0499649047851562 0.0789413452148438 -0.106964111328125 -0.163009643554688
0.00246429443359375 0.0838699340820313 -0.0475006103515625 -0.133033752441406
-0.0123138427734375 0.071502685546875 -0.00245666503906251 -0.0745315551757813
-0.0565643310546875 0.0634994506835937 -0.0152921676635742 0.0168600082397461
-0.0963211059570313 0.0766143798828125 -0.108322143554687 0.112060546875
-0.126609802246094 0.0655670166015625 -0.2041015625 0.090728759765625
-0.0195121765136719 -0.0638885498046875 0.2347412109375 -0.126449584960938
-0.07061767578125 -0.0688400268554688 0.140251159667969 -0.127906799316406
-0.0914382934570312 -0.01324462890625 0.001190185546875 -0.0400428771972656
-0.063690185546875 0.0281295776367188 -0.0125198364257813 0.0592613220214844
-0.0412178039550781 0.0415992736816406 0.0165939331054688 0.124664306640625
-0.0175018310546875 0.0410804748535156 0.114013671875 0.172561645507813
0.00618362426757813 0.0387001037597656 0.20123291015625 0.163116455078125
0.00236701965332031 0.0309867858886719 0.220504760742188 0.133743286132813
0.00371551513671875 0.0188407897949219 0.217742919921875 0.141754150390625
0.0140037536621094 0.01458740234375 0.16448974609375 0.166610717773438
0.0236625671386719 0.0228195190429687 0.0995864868164063 0.125526428222656
0.0108718872070313 0.0424537658691406 0.0640373229980469 0.0653190612792969
-0.0180702209472656 0.0411453247070313 0.106689453125 -0.000816345214843747
-0.0254287719726563 0.00938034057617187 0.238555908203125 -0.0601043701171875
0.00253820419311524 -0.00632429122924805 0.397705078125 0.0826416015625
-0.16717529296875 -0.0467987060546875 0.227920532226563 -0.119949340820313
-0.1929931640625 -0.041412353515625 0.150238037109375 -0.115493774414063
-0.212020874023437 0.0340728759765625 0.0238151550292969 -0.0556449890136719
-0.144668579101563 0.115158081054687 0.000934600830078115 0.0316295623779297
-0.0729217529296875 0.141586303710938 0.00762176513671874 0.0907440185546875
0.0117340087890625 0.14996337890625 0.097503662109375 0.144790649414062
0.0725250244140625 0.12335205078125 0.182708740234375 0.139434814453125
0.069061279296875 0.108848571777344 0.204513549804688 0.1087646484375
0.0815887451171875 0.102699279785156 0.204086303710937 0.115371704101562
0.074371337890625 0.110450744628906 0.166305541992188 0.136871337890625
0.0386810302734375 0.132759094238281 0.100730895996094 0.0929031372070313
-0.00827026367187499 0.152542114257813 0.0719833374023438 0.040802001953125
-0.109046936035156 0.125144958496094 0.115707397460937 -0.0188217163085937
-0.158538818359375 0.073699951171875 0.243865966796875 -0.0615386962890625
-0.141647338867187 0.0299224853515625 0.396087646484375 0.07904052734375
-0.293304443359375 -0.024993896484375 0.1746826171875 -0.117156982421875
-0.2962646484375 -0.00753784179687496 0.130119323730469 -0.0968246459960938
-0.31097412109375 0.08087158203125 0.0423583984375 -0.0631370544433594
-0.210861206054688 0.189926147460938 0.0223350524902344 -0.000392913818359363
-0.0979156494140625 0.22442626953125 0.00683212280273437 0.0396308898925781
0.037078857421875 0.241302490234375 0.0716705322265625 0.0890960693359375
0.12744140625 0.189956665039063 0.137359619140625 0.0915374755859375
0.1268310546875 0.168899536132812 0.157073974609375 0.066925048828125
0.151901245117188 0.169998168945313 0.159133911132813 0.0746612548828125
0.132064819335938 0.191116333007813 0.140609741210938 0.09130859375
0.0575408935546875 0.228851318359375 0.0849990844726563 0.0508804321289063
-0.0191802978515625 0.249404907226562 0.0694198608398437 0.01275634765625
-0.180419921875 0.201065063476562 0.111274719238281 -0.030914306640625
-0.265914916992188 0.136337280273437 0.219558715820312 -0.0435943603515625
-0.261459350585937 0.0648040771484375 0.345916748046875 0.083038330078125
-0.37689208984375 0.00595092773437499 0.0840377807617187 -0.111473083496094
-0.36126708984375 0.0373229980468749 0.08123779296875 -0.070281982421875
-0.361236572265625 0.131988525390625 0.0508499145507812 -0.0606155395507812
-0.239166259765625 0.2484130859375 0.040740966796875 -0.0340156555175781
-0.10125732421875 0.2786865234375 0.00569915771484374 -0.0195980072021484
0.059356689453125 0.297088623046875 0.0370407104492188 0.0180130004882813
0.164459228515625 0.228836059570313 0.0725173950195313 0.0276870727539063
0.164779663085938 0.206741333007812 0.0862960815429688 0.0161285400390625
0.198959350585937 0.212310791015625 0.0882644653320313 0.0252685546875
0.17108154296875 0.243484497070313 0.0909576416015625 0.0343399047851563
0.068084716796875 0.294342041015625 0.0516281127929688 0.00112533569335939
-0.027923583984375 0.311737060546875 0.055419921875 -0.0176315307617187
-0.228622436523437 0.24835205078125 0.0956573486328125 -0.0323944091796875
-0.332427978515625 0.175872802734375 0.17132568359375 -0.0101470947265625
-0.3394775390625 0.089813232421875 0.253692626953125 0.092041015625
-0.40203857421875 0.0375061035156251 -0.03338623046875 -0.0997543334960938
-0.372161865234375 0.082244873046875 0.0100746154785156 -0.036590576171875
-0.353790283203125 0.170928955078125 0.0452766418457031 -0.0503921508789062
-0.223129272460938 0.272598266601562 0.0466957092285156 -0.0648384094238281
-0.083251953125 0.290985107421875 -0.00264739990234375 -0.0789794921875
0.07781982421875 0.3055419921875 -0.00743484497070311 -0.0568466186523437
0.177017211914063 0.232620239257813 -0.00487899780273437 -0.0409431457519531
0.177932739257813 0.210800170898438 0.00134277343750001 -0.0381889343261719
0.214431762695313 0.2215576171875 0.0044384002685547 -0.0271224975585937
0.179779052734375 0.258941650390625 0.0260772705078125 -0.0263538360595703
0.06219482421875 0.31298828125 0.00935745239257813 -0.0479850769042968
-0.0380859375 0.323944091796875 0.0340728759765625 -0.0464096069335937
-0.244766235351563 0.252517700195312 0.0703048706054688 -0.0250625610351562
-0.3515625 0.183990478515625 0.103874206542969 0.0341949462890625
-0.3641357421875 0.1004638671875 0.132957458496094 0.103195190429688
-0.363433837890625 0.061492919921875 -0.15692138671875 -0.0836639404296875
-0.32366943359375 0.1077880859375 -0.0700721740722656 -0.00348663330078123
-0.28863525390625 0.176300048828125 0.0239982604980469 -0.0366439819335937
-0.1700439453125 0.24884033203125 0.0329742431640625 -0.0893096923828125
-0.0536346435546875 0.254898071289063 -0.0227127075195313 -0.123626708984375
0.0842742919921875 0.2669677734375 -0.0574264526367187 -0.119918823242188
0.165542602539063 0.201126098632813 -0.0843124389648437 -0.100868225097656
0.164657592773438 0.1832275390625 -0.082855224609375 -0.0882568359375
0.194015502929688 0.198028564453125 -0.0769882202148437 -0.0786819458007812
0.155364990234375 0.23370361328125 -0.0375900268554688 -0.0845260620117188
0.042449951171875 0.277862548828125 -0.0274658203125 -0.0914535522460938
-0.0457763671875 0.277069091796875 0.0135116577148437 -0.0668106079101562
-0.222488403320312 0.209884643554688 0.0410041809082031 -0.0117568969726562
-0.31390380859375 0.16070556640625 0.027252197265625 0.0766525268554688
-0.33349609375 0.094879150390625 0.00324249267578123 0.108375549316406
-0.267227172851563 0.0690917968750001 -0.268020629882813 -0.0653686523437499
-0.224639892578125 0.0975799560546875 -0.1436767578125 0.024139404296875
-0.187347412109375 0.1363525390625 -0.00635719299316407 -0.0208892822265625
-0.106002807617188 0.176376342773438 0.00459289550781249 -0.09869384765625
-0.025360107421875 0.179351806640625 -0.0486907958984375 -0.145172119140625
0.0736083984375 0.189849853515625 -0.107284545898438 -0.158172607421875
0.128997802734375 0.140068054199219 -0.1558837890625 -0.140853881835938
0.127548217773438 0.128158569335938 -0.154708862304688 -0.1241455078125
0.146484375 0.142013549804688 -0.140838623046875 -0.122817993164063
0.10906982421875 0.169082641601563 -0.0845184326171875 -0.133552551269531
0.0187225341796875 0.195877075195313 -0.0478439331054688 -0.122673034667969
-0.03851318359375 0.186203002929688 0.00122833251953126 -0.0775527954101562
-0.156204223632813 0.140350341796875 0.0126857757568359 0.00369644165039063
-0.223785400390625 0.121780395507813 -0.0460968017578125 0.10498046875
-0.250701904296875 0.08465576171875 -0.114845275878906 0.105178833007813
-0.129234313964844 0.0570144653320313 -0.34649658203125 -0.05072021484375
-0.10101318359375 0.0525665283203125 -0.200180053710938 0.042388916015625
-0.0765151977539062 0.0585556030273438 -0.0373001098632813 -0.0035247802734375
-0.046844482421875 0.072357177734375 -0.0278701782226562 -0.0930404663085937
-0.01129150390625 0.079010009765625 -0.0700836181640625 -0.1446533203125
0.0403823852539063 0.091339111328125 -0.146209716796875 -0.16937255859375
0.0670089721679687 0.0622825622558594 -0.206924438476562 -0.15576171875
0.0708847045898438 0.0529098510742188 -0.20306396484375 -0.139999389648438
0.0797958374023438 0.0624923706054688 -0.178802490234375 -0.14910888671875
0.05731201171875 0.0740585327148438 -0.109649658203125 -0.164260864257812
0.00991821289062501 0.0838775634765625 -0.0498123168945312 -0.134124755859375
-0.00494384765625001 0.0736007690429688 -0.00316619873046876 -0.0753707885742187
-0.0519027709960938 0.0720901489257813 -0.0130062103271484 0.019805908203125
-0.093841552734375 0.0882644653320313 -0.10565185546875 0.118232727050781
-0.129043579101563 0.0751876831054688 -0.204437255859375 0.0981292724609375
-0.0181350708007813 -0.0744476318359375 0.239517211914062 -0.143157958984375
-0.07904052734375 -0.0761871337890625 0.138710021972656 -0.140228271484375
-0.103599548339844 -0.0145797729492188 -0.00185394287109375 -0.0422744750976563
-0.073028564453125 0.0316925048828125 -0.0127105712890625 0.0599861145019531
-0.0474090576171875 0.0479698181152344 0.0194549560546875 0.125724792480469
-0.0209579467773437 0.0498619079589844 0.121673583984375 0.173171997070312
0.00436019897460938 0.0456275939941406 0.2138671875 0.159713745117188
0.000183105468749997 0.0365753173828125 0.232879638671875 0.128494262695313
0.000528335571289062 0.0238933563232422 0.23046875 0.137176513671875
0.00936412811279297 0.0162525177001953 0.179031372070312 0.164016723632812
0.0201358795166016 0.0198554992675781 0.112533569335938 0.125717163085938
0.0105171203613281 0.039276123046875 0.0718765258789063 0.0682830810546875
-0.015899658203125 0.0371818542480469 0.109291076660156 -3.05175781249977E-05
-0.0220451354980469 0.00357246398925781 0.24139404296875 -0.0666351318359375
0.00835990905761719 -0.0117759704589844 0.41412353515625 0.076324462890625
-0.170486450195313 -0.049774169921875 0.234527587890625 -0.138595581054687
-0.20367431640625 -0.04290771484375 0.151412963867187 -0.12969970703125
-0.224411010742188 0.03961181640625 0.021636962890625 -0.0610885620117188
-0.153289794921875 0.124679565429688 0.00218963623046874 0.0285911560058594
-0.0758209228515625 0.152938842773437 0.00934600830078124 0.0892410278320313
0.0149078369140625 0.160324096679687 0.103103637695312 0.142349243164063
0.0772933959960937 0.1290283203125 0.193374633789063 0.135086059570312
0.07257080078125 0.112716674804688 0.21600341796875 0.10101318359375
0.0846481323242188 0.106185913085938 0.216445922851563 0.107833862304688
0.0767745971679688 0.111671447753906 0.180877685546875 0.131912231445313
0.04150390625 0.133575439453125 0.112747192382813 0.0907211303710938
-0.00480651855468751 0.154052734375 0.0803756713867188 0.0414810180664063
-0.105949401855469 0.128822326660156 0.120918273925781 -0.0194320678710937
-0.157852172851563 0.0779266357421875 0.2496337890625 -0.0682525634765625
-0.139854431152344 0.0312728881835937 0.415313720703125 0.07110595703125
-0.2999267578125 -0.019927978515625 0.180755615234375 -0.135269165039063
-0.307159423828125 -0.00357055664062496 0.132575988769531 -0.111007690429688
-0.322113037109375 0.093414306640625 0.0424880981445312 -0.0706253051757813
-0.21649169921875 0.2059326171875 0.023345947265625 -0.00703430175781249
-0.0965728759765625 0.23809814453125 0.00693511962890624 0.0360527038574219
0.0462493896484375 0.25152587890625 0.0749130249023438 0.0847244262695313
0.13720703125 0.19512939453125 0.145111083984375 0.08489990234375
0.1357421875 0.172943115234375 0.165435791015625 0.059326171875
0.162353515625 0.171218872070313 0.168701171875 0.06585693359375
0.14239501953125 0.191162109375 0.154006958007813 0.0833587646484375
0.0665740966796875 0.232818603515625 0.0948867797851563 0.0453567504882813
-0.0107574462890625 0.256240844726563 0.0771636962890625 0.0106735229492188
-0.17852783203125 0.214141845703125 0.118797302246094 -0.031768798828125
-0.267410278320312 0.148406982421875 0.228530883789062 -0.0506439208984375
-0.264617919921875 0.0732727050781251 0.366729736328125 0.075225830078125
-0.386016845703125 0.0181579589843751 0.0883865356445312 -0.127029418945312
-0.37158203125 0.048675537109375 0.084381103515625 -0.08251953125
-0.369659423828125 0.15081787109375 0.0526847839355469 -0.0692863464355469
-0.23974609375 0.267013549804688 0.042572021484375 -0.0438232421875
-0.09649658203125 0.29351806640625 0.00471878051757812 -0.0266571044921875
0.073760986328125 0.306243896484375 0.03759765625 0.0121994018554688
0.178466796875 0.231674194335938 0.0759735107421875 0.020477294921875
0.177383422851563 0.207061767578125 0.0909500122070313 0.00814056396484376
0.214340209960937 0.210845947265625 0.0949935913085938 0.0180435180664063
0.187179565429688 0.242813110351562 0.100135803222656 0.0258255004882813
0.082672119140625 0.30078125 0.0579338073730469 -0.00503158569335936
-0.016632080078125 0.324127197265625 0.0618858337402344 -0.021820068359375
-0.22613525390625 0.266891479492188 0.1038818359375 -0.0343017578125
-0.335052490234375 0.19635009765625 0.181137084960937 -0.01470947265625
-0.345794677734375 0.103851318359375 0.273056030273438 0.0860748291015625
-0.41357421875 0.0552062988281249 -0.0319671630859375 -0.110847473144531
-0.381011962890625 0.0985107421875001 0.0132522583007812 -0.0452690124511719
-0.358734130859375 0.19464111328125 0.0479545593261719 -0.0587692260742187
-0.2181396484375 0.293731689453125 0.0485153198242187 -0.0766067504882812
-0.07513427734375 0.30487060546875 -0.00516510009765625 -0.0868072509765625
0.093841552734375 0.31298828125 -0.0106277465820312 -0.0639839172363281
0.193466186523438 0.2325439453125 -0.00612258911132811 -0.0472259521484375
0.19268798828125 0.209945678710938 0.00177764892578126 -0.0451507568359375
0.232192993164063 0.21856689453125 0.00599288940429689 -0.0336856842041015
0.199264526367188 0.257125854492188 0.0297164916992188 -0.0349235534667969
0.08050537109375 0.320587158203125 0.0109672546386719 -0.0556144714355468
-0.0233154296875 0.337921142578125 0.0373573303222656 -0.0500221252441406
-0.2431640625 0.274444580078125 0.0788726806640625 -0.0269699096679687
-0.354583740234375 0.20806884765625 0.113449096679687 0.032318115234375
-0.3729248046875 0.117767333984375 0.148178100585937 0.100753784179688
-0.375701904296875 0.081939697265625 -0.160797119140625 -0.0900115966796875
-0.3309326171875 0.126922607421875 -0.06689453125 -0.00743484497070312
-0.289398193359375 0.200897216796875 0.0270500183105469 -0.0446929931640625
-0.162124633789063 0.268173217773437 0.0328903198242187 -0.101165771484375
-0.04150390625 0.266891479492188 -0.027191162109375 -0.131355285644531
0.102462768554687 0.271026611328125 -0.0646209716796875 -0.125663757324219
0.18157958984375 0.197967529296875 -0.0909805297851563 -0.105674743652344
0.179306030273438 0.18060302734375 -0.0882644653320312 -0.0916976928710937
0.210494995117188 0.19317626953125 -0.0795364379882812 -0.0838088989257813
0.173507690429688 0.229629516601563 -0.0385055541992187 -0.0923995971679687
0.059326171875 0.284454345703125 -0.0295562744140625 -0.098480224609375
-0.03265380859375 0.290679931640625 0.014739990234375 -0.0712127685546875
-0.219284057617188 0.23138427734375 0.0479545593261719 -0.0127143859863281
-0.3167724609375 0.184600830078125 0.0359268188476562 0.077972412109375
-0.342529296875 0.11370849609375 0.0132369995117187 0.110855102539063
-0.278121948242187 0.0882415771484375 -0.2752685546875 -0.066070556640625
-0.231094360351562 0.115875244140625 -0.143234252929688 0.0237274169921875
-0.186172485351563 0.157058715820313 -0.00384521484375001 -0.0279216766357422
-0.09661865234375 0.192169189453125 0.00179290771484376 -0.109237670898437
-0.0144195556640625 0.187896728515625 -0.05609130859375 -0.151199340820313
0.0896148681640625 0.19171142578125 -0.117889404296875 -0.160980224609375
0.141769409179688 0.135330200195313 -0.165878295898438 -0.142471313476563
0.139999389648438 0.122611999511719 -0.163818359375 -0.125473022460938
0.159713745117188 0.135757446289063 -0.147903442382813 -0.124984741210937
0.1234130859375 0.16357421875 -0.0898284912109375 -0.139335632324219
0.0333251953125 0.200103759765625 -0.0529251098632813 -0.128334045410156
-0.0267486572265625 0.193450927734375 0.000267028808593744 -0.0819549560546875
-0.152511596679687 0.156982421875 0.0177574157714844 0.00434875488281251
-0.224288940429688 0.143844604492188 -0.0394973754882813 0.111007690429688
-0.25799560546875 0.101776123046875 -0.1107177734375 0.113227844238281
-0.137130737304688 0.0704421997070312 -0.360137939453125 -0.046051025390625
-0.106094360351563 0.0650787353515625 -0.202865600585938 0.04510498046875
-0.0759429931640625 0.0727157592773438 -0.0374984741210938 -0.00841140747070311
-0.0400009155273438 0.0828399658203125 -0.0327529907226563 -0.100730895996094
-0.00349426269531249 0.0840988159179688 -0.0791778564453125 -0.148666381835938
0.0515899658203125 0.0921096801757813 -0.15850830078125 -0.171066284179687
0.0763168334960938 0.0572662353515625 -0.220687866210937 -0.1539306640625
0.0791244506835938 0.0467605590820313 -0.2142333984375 -0.138580322265625
0.08837890625 0.0552825927734375 -0.188812255859375 -0.149017333984375
0.0661849975585938 0.0676116943359375 -0.11724853515625 -0.167739868164063
0.0203475952148437 0.0834503173828125 -0.0557632446289062 -0.137519836425781
0.00426483154296876 0.0751876831054688 -0.00480651855468751 -0.077606201171875
-0.0446319580078125 0.0820770263671875 -0.00813102722167969 0.0226783752441406
-0.0903091430664062 0.104217529296875 -0.0999374389648438 0.128746032714844
-0.132164001464844 0.08966064453125 -0.205963134765625 0.111160278320312
-0.0203094482421875 -0.0867233276367188 0.237777709960938 -0.167404174804688
-0.0926589965820312 -0.0821380615234375 0.130966186523438 -0.155227661132813
-0.116722106933594 -0.0111923217773438 -0.00618743896484376 -0.0448799133300781
-0.08319091796875 0.03900146484375 -0.0116424560546875 0.061126708984375
-0.0513954162597656 0.0588531494140625 0.024932861328125 0.12713623046875
-0.0205841064453125 0.0604934692382813 0.13299560546875 0.169326782226563
0.00629043579101563 0.0545692443847656 0.229537963867188 0.1510009765625
0.000171661376953128 0.043670654296875 0.2467041015625 0.115585327148437
-0.00164222717285156 0.0307235717773437 0.245452880859375 0.124298095703125
0.00504875183105469 0.0192718505859375 0.197219848632812 0.155426025390625
0.0152111053466797 0.0178756713867188 0.127815246582031 0.120697021484375
0.00878143310546875 0.0344619750976562 0.0825958251953125 0.0676498413085938
-0.0132656097412109 0.0301895141601563 0.113128662109375 -0.00202178955078125
-0.0195426940917969 -0.00426483154296875 0.240997314453125 -0.0777740478515625
0.0137786865234375 -0.0203075408935547 0.4332275390625 0.059844970703125
-0.174758911132813 -0.0510711669921875 0.234329223632812 -0.165069580078125
-0.216903686523437 -0.0405120849609375 0.146270751953125 -0.147903442382813
-0.236465454101563 0.0523223876953125 0.0179405212402344 -0.0669021606445313
-0.157745361328125 0.139862060546875 0.00223922729492186 0.025421142578125
-0.0738372802734375 0.1671142578125 0.01251220703125 0.0877609252929688
0.0234375 0.171859741210938 0.111495971679688 0.137016296386719
0.0860595703125 0.134803771972656 0.206741333007813 0.123367309570313
0.0797042846679688 0.116943359375 0.228378295898438 0.0867156982421875
0.0920639038085938 0.108848571777344 0.230209350585938 0.0931243896484375
0.082275390625 0.111053466796875 0.197906494140625 0.11871337890625
0.0459671020507812 0.133209228515625 0.12774658203125 0.0825653076171875
0.003082275390625 0.155349731445313 0.0916366577148438 0.038055419921875
-0.0995635986328125 0.133834838867188 0.127304077148438 -0.0230712890625
-0.153762817382813 0.0840911865234375 0.253585815429688 -0.081146240234375
-0.137229919433594 0.034637451171875 0.437896728515625 0.050872802734375
-0.3070068359375 -0.00894165039062496 0.180862426757812 -0.1605224609375
-0.31866455078125 0.00845336914062498 0.129707336425781 -0.129814147949219
-0.3297119140625 0.11383056640625 0.0394363403320312 -0.0801925659179688
-0.214996337890625 0.226272583007813 0.0230331420898437 -0.0158309936523437
-0.0886383056640625 0.255035400390625 0.00722503662109375 0.0304946899414063
0.06280517578125 0.261566162109375 0.0793228149414063 0.07781982421875
0.152801513671875 0.196060180664063 0.15301513671875 0.073699951171875
0.149566650390625 0.172637939453125 0.174270629882813 0.044586181640625
0.176895141601562 0.168670654296875 0.17999267578125 0.052093505859375
0.156005859375 0.186737060546875 0.167678833007813 0.069244384765625
0.08148193359375 0.233810424804688 0.104820251464844 0.0352630615234375
0.00497436523437502 0.263031005859375 0.0867767333984375 0.00554656982421877
-0.168624877929688 0.227584838867188 0.12689208984375 -0.0374832153320312
-0.2620849609375 0.167266845703125 0.235336303710937 -0.063995361328125
-0.264114379882813 0.0868072509765625 0.390228271484375 0.05474853515625
-0.393707275390625 0.039581298828125 0.0867156982421875 -0.147720336914063
-0.38006591796875 0.06884765625 0.0830078125 -0.0987930297851563
-0.3721923828125 0.17889404296875 0.0511016845703125 -0.08074951171875
-0.231170654296875 0.29217529296875 0.0410499572753906 -0.0568275451660156
-0.083099365234375 0.309967041015625 0.00188827514648437 -0.035064697265625
0.09588623046875 0.3131103515625 0.0371246337890625 0.00392532348632814
0.197769165039063 0.22869873046875 0.0785446166992188 0.0105438232421875
0.195480346679688 0.20257568359375 0.0941543579101563 -0.00389862060546874
0.233688354492188 0.202911376953125 0.100723266601563 0.00578308105468751
0.207778930664063 0.234771728515625 0.108695983886719 0.0116119384765625
0.105316162109375 0.302825927734375 0.0626983642578125 -0.01556396484375
0.00531005859374997 0.33477783203125 0.0679969787597656 -0.0278091430664062
-0.215087890625 0.289337158203125 0.113044738769531 -0.0405731201171875
-0.330169677734375 0.2239990234375 0.191131591796875 -0.0263519287109375
-0.348175048828125 0.125885009765625 0.294403076171875 0.070465087890625
-0.421630859375 0.0845947265624999 -0.03564453125 -0.124923706054688
-0.3851318359375 0.1259765625 0.014892578125 -0.0568199157714844
-0.35394287109375 0.226654052734375 0.0479202270507812 -0.0713119506835937
-0.204010009765625 0.318267822265625 0.0461883544921875 -0.0919723510742187
-0.05718994140625 0.31866455078125 -0.01165771484375 -0.0957412719726562
0.119781494140625 0.3153076171875 -0.0162582397460937 -0.07110595703125
0.21392822265625 0.225814819335938 -0.0103836059570312 -0.0543746948242187
0.212677001953125 0.202728271484375 -0.00089645385742186 -0.0527610778808594
0.253372192382813 0.206985473632813 0.00568008422851564 -0.0419082641601562
0.222915649414063 0.2470703125 0.0317764282226563 -0.0463676452636719
0.106689453125 0.32281494140625 0.0100593566894531 -0.0645751953125
0.000213623046874972 0.34991455078125 0.0403213500976563 -0.0575599670410156
-0.230621337890625 0.30078125 0.0873794555664062 -0.032989501953125
-0.349365234375 0.24114990234375 0.125144958496094 0.025482177734375
-0.37628173828125 0.1441650390625 0.16693115234375 0.0919952392578125
-0.382720947265625 0.11273193359375 -0.166549682617188 -0.09320068359375
-0.331817626953125 0.1556396484375 -0.0651702880859375 -0.01214599609375
-0.280853271484375 0.232574462890625 0.0279350280761719 -0.0559120178222656
-0.14373779296875 0.28997802734375 0.029205322265625 -0.115501403808594
-0.021820068359375 0.277511596679687 -0.0368728637695313 -0.139236450195312
0.12774658203125 0.270050048828125 -0.075103759765625 -0.129348754882812
0.201217651367188 0.187484741210938 -0.100296020507812 -0.107818603515625
0.198150634765625 0.170684814453125 -0.0957260131835938 -0.0952606201171875
0.2315673828125 0.180099487304688 -0.0858612060546875 -0.0869369506835937
0.196792602539063 0.218231201171875 -0.0430374145507812 -0.100486755371094
0.0849609375 0.28607177734375 -0.0360488891601562 -0.105262756347656
-0.010650634765625 0.300628662109375 0.0135879516601563 -0.0774688720703125
-0.207763671875 0.255905151367188 0.0559539794921875 -0.0167007446289062
-0.31060791015625 0.217498779296875 0.0472564697265625 0.0764999389648438
-0.345458984375 0.141265869140625 0.0267868041992187 0.110267639160156
-0.2833251953125 0.116668701171875 -0.2860107421875 -0.0594177246093749
-0.231063842773437 0.141250610351563 -0.141311645507813 0.0261077880859375
-0.176773071289062 0.183425903320312 -0.00403213500976563 -0.0363960266113281
-0.0792388916015625 0.2086181640625 -0.00498199462890626 -0.120803833007812
0.00296020507812498 0.193496704101563 -0.0678253173828125 -0.156051635742188
0.111419677734375 0.188156127929688 -0.131973266601562 -0.160873413085938
0.15777587890625 0.124191284179688 -0.180191040039063 -0.139358520507813
0.154037475585938 0.11187744140625 -0.17596435546875 -0.12286376953125
0.17529296875 0.1219482421875 -0.159286499023438 -0.123825073242187
0.141311645507813 0.152267456054687 -0.099334716796875 -0.14361572265625
0.05413818359375 0.199188232421875 -0.061737060546875 -0.132606506347656
-0.00869750976562499 0.200027465820313 -0.0027313232421875 -0.0863571166992187
-0.140548706054687 0.176467895507813 0.0248279571533203 0.00345420837402345
-0.2154541015625 0.170486450195313 -0.0283355712890625 0.115928649902344
-0.258758544921875 0.126998901367188 -0.102279663085938 0.122611999511719
-0.141311645507813 0.0906219482421875 -0.373748779296875 -0.0314636230468749
-0.107429504394531 0.0826187133789062 -0.203231811523438 0.0531158447265625
-0.070770263671875 0.089324951171875 -0.0394668579101563 -0.0141716003417969
-0.0291976928710938 0.0931854248046875 -0.0421142578125 -0.107345581054688
0.00820922851562501 0.0873336791992188 -0.0931243896484375 -0.149856567382813
0.0659255981445313 0.0877456665039063 -0.174026489257812 -0.1650390625
0.08575439453125 0.0472335815429687 -0.236831665039063 -0.14532470703125
0.087158203125 0.0358505249023438 -0.229293823242187 -0.131240844726563
0.0964279174804688 0.0428848266601563 -0.202377319335938 -0.144210815429687
0.0759735107421875 0.0570907592773438 -0.129974365234375 -0.167831420898438
0.0328903198242187 0.07928466796875 -0.0646896362304687 -0.139762878417969
0.0173187255859375 0.0747909545898438 -0.00728607177734375 -0.0802154541015625
-0.032745361328125 0.0919876098632812 -0.00208854675292969 0.0247535705566406
-0.080291748046875 0.122817993164063 -0.0901718139648437 0.138778686523438
-0.130096435546875 0.108741760253906 -0.20184326171875 0.128372192382812
-0.026458740234375 -0.0996780395507813 0.22296142578125 -0.190200805664063
-0.109260559082031 -0.0838165283203125 0.115875244140625 -0.16790771484375
-0.129898071289063 -0.00441741943359375 -0.0115547180175781 -0.0461158752441406
-0.0901641845703125 0.0503692626953125 -0.00982284545898439 0.0621376037597656
-0.0529403686523438 0.071258544921875 0.0305862426757812 0.125205993652344
-0.01776123046875 0.07305908203125 0.14227294921875 0.160614013671875
0.0118179321289063 0.0633659362792969 0.240692138671875 0.134628295898438
0.00204849243164063 0.0513229370117188 0.255111694335938 0.0975341796875
-0.00124359130859375 0.0397491455078125 0.254638671875 0.104461669921875
0.00130653381347656 0.0236358642578125 0.211883544921875 0.138137817382812
0.00821113586425781 0.0173625946044922 0.141693115234375 0.108871459960938
0.00503921508789063 0.0292110443115234 0.0920639038085937 0.0629501342773437
-0.0121994018554688 0.0207748413085937 0.114593505859375 -0.003936767578125
-0.0184364318847656 -0.0145378112792969 0.234344482421875 -0.0895843505859375
0.0171298980712891 -0.03228759765625 0.442413330078125 0.033538818359375
-0.179443359375 -0.050140380859375 0.221099853515625 -0.19134521484375
-0.22882080078125 -0.033416748046875 0.131881713867187 -0.16326904296875
-0.243408203125 0.067718505859375 0.0106277465820312 -0.0712966918945313
-0.155975341796875 0.157089233398438 0.00092887878417968 0.0209999084472656
-0.0666961669921875 0.180999755859375 0.0149917602539063 0.0842742919921875
0.03619384765625 0.17999267578125 0.117973327636719 0.126762390136719
0.0985336303710938 0.137611389160156 0.213348388671875 0.1053466796875
0.0880661010742188 0.117317199707031 0.233474731445313 0.0661163330078125
0.0996322631835937 0.108818054199219 0.237548828125 0.0711212158203125
0.085662841796875 0.108810424804688 0.21075439453125 0.0986175537109375
0.0509033203125 0.130096435546875 0.138694763183594 0.06768798828125
0.00985717773437501 0.152069091796875 0.100677490234375 0.0312881469726563
-0.0903091430664062 0.133903503417969 0.132217407226563 -0.02911376953125
-0.145050048828125 0.0870361328125 0.251068115234375 -0.0969085693359375
-0.130775451660156 0.0351943969726563 0.449737548828125 0.021484375
-0.306671142578125 0.00476074218750003 0.169326782226562 -0.186126708984375
-0.324737548828125 0.024200439453125 0.117080688476562 -0.14801025390625
-0.329681396484375 0.13665771484375 0.032012939453125 -0.0887527465820312
-0.20458984375 0.24603271484375 0.0195980072021484 -0.0250110626220703
-0.07421875 0.268783569335937 0.0063323974609375 0.0243320465087891
0.0826416015625 0.26336669921875 0.0799713134765625 0.0676116943359375
0.168197631835938 0.191802978515625 0.15704345703125 0.0568389892578125
0.162094116210938 0.16607666015625 0.17706298828125 0.0262298583984375
0.188308715820313 0.160079956054688 0.184234619140625 0.032073974609375
0.168777465820313 0.175689697265625 0.175857543945313 0.0483856201171875
0.0963134765625 0.228256225585937 0.111640930175781 0.0208816528320313
0.022613525390625 0.2618408203125 0.093902587890625 -0.00366973876953123
-0.151992797851563 0.2366943359375 0.133262634277344 -0.0454940795898437
-0.24810791015625 0.181625366210938 0.235946655273437 -0.080047607421875
-0.255645751953125 0.0998992919921875 0.404083251953125 0.0245361328125
-0.390380859375 0.064056396484375 0.077056884765625 -0.169830322265625
-0.376678466796875 0.092529296875 0.0752334594726562 -0.115592956542969
-0.36236572265625 0.20672607421875 0.04522705078125 -0.091400146484375
-0.212249755859375 0.311187744140625 0.035400390625 -0.0696334838867188
-0.061981201171875 0.320343017578125 -0.00395965576171875 -0.0422782897949218
0.121185302734375 0.308868408203125 0.0327568054199219 -0.00508689880371092
0.215835571289063 0.217117309570313 0.077392578125 -0.00155639648437499
0.212081909179688 0.189926147460938 0.0943603515625 -0.0176773071289062
0.250289916992188 0.186370849609375 0.101776123046875 -0.0104751586914062
0.225570678710938 0.218673706054688 0.112083435058594 -0.00741577148437499
0.128936767578125 0.2952880859375 0.0643997192382813 -0.0284843444824219
0.031768798828125 0.336151123046875 0.0727081298828125 -0.0381240844726562
-0.19281005859375 0.30487060546875 0.119903564453125 -0.05084228515625
-0.31231689453125 0.24737548828125 0.19659423828125 -0.041656494140625
-0.33770751953125 0.149810791015625 0.30963134765625 0.0443115234375
-0.415374755859375 0.116363525390625 -0.0415420532226563 -0.137687683105469
-0.37689208984375 0.155487060546875 0.0122413635253906 -0.0689697265625
-0.336029052734375 0.256256103515625 0.0436477661132812 -0.08355712890625
-0.176483154296875 0.335968017578125 0.0382766723632812 -0.10638427734375
-0.0313720703125 0.324920654296875 -0.0219650268554687 -0.102630615234375
0.146728515625 0.3067626953125 -0.0246353149414062 -0.075469970703125
0.232467651367188 0.209091186523438 -0.0166053771972656 -0.0615768432617187
0.228424072265625 0.185195922851563 -0.00515747070312499 -0.0604362487792969
0.270523071289063 0.185028076171875 0.00253295898437502 -0.050384521484375
0.243515014648438 0.225479125976563 0.0300941467285156 -0.0594635009765625
0.13592529296875 0.313812255859375 0.00590515136718752 -0.0737457275390625
0.03021240234375 0.3514404296875 0.0407867431640625 -0.0646896362304687
-0.206634521484375 0.32196044921875 0.0937347412109375 -0.0422897338867187
-0.329132080078125 0.27105712890625 0.133575439453125 0.0131149291992188
-0.36602783203125 0.17303466796875 0.1827392578125 0.0742645263671875
-0.374786376953125 0.148193359375 -0.173233032226563 -0.095367431640625
-0.320037841796875 0.186767578125 -0.0629692077636719 -0.0181694030761719
-0.257354736328125 0.25933837890625 0.025787353515625 -0.0667495727539063
-0.11517333984375 0.303131103515625 0.019500732421875 -0.129287719726562
0.00386047363281253 0.277664184570313 -0.04949951171875 -0.143356323242187
0.152908325195312 0.255828857421875 -0.0872879028320313 -0.12896728515625
0.217391967773438 0.168014526367188 -0.110130310058594 -0.106819152832031
0.213043212890625 0.150466918945312 -0.10443115234375 -0.0957489013671875
0.246139526367188 0.15631103515625 -0.093719482421875 -0.08709716796875
0.214630126953125 0.19635009765625 -0.0504074096679687 -0.106742858886719
0.111907958984375 0.277206420898438 -0.0442276000976562 -0.110000610351562
0.01947021484375 0.302276611328125 0.011810302734375 -0.0829238891601562
-0.184112548828125 0.275909423828125 0.0635147094726562 -0.024658203125
-0.2894287109375 0.24755859375 0.0594253540039062 0.070587158203125
-0.33636474609375 0.172271728515625 0.0424118041992187 0.103157043457031
-0.276702880859375 0.148162841796875 -0.28912353515625 -0.048065185546875
-0.220809936523438 0.167861938476563 -0.136795043945313 0.0281524658203125
-0.156524658203125 0.20538330078125 -0.00605773925781251 -0.0452804565429687
-0.0547637939453125 0.218307495117187 -0.0167770385742188 -0.129341125488281
0.025390625 0.192306518554688 -0.081024169921875 -0.155075073242188
0.131591796875 0.174301147460937 -0.146560668945313 -0.154998779296875
0.168930053710938 0.105636596679688 -0.192459106445313 -0.130752563476563
0.164581298828125 0.09368896484375 -0.185867309570312 -0.115234375
0.185516357421875 0.101425170898437 -0.1693115234375 -0.118240356445312
0.154632568359375 0.131912231445312 -0.110565185546875 -0.14306640625
0.0748748779296875 0.188735961914063 -0.0723495483398438 -0.133155822753906
0.013916015625 0.199172973632813 -0.00631713867187501 -0.0892333984375
-0.120193481445313 0.191497802734375 0.0314731597900391 -0.00127792358398436
-0.197235107421875 0.195877075195312 -0.013671875 0.11578369140625
-0.24835205078125 0.154251098632813 -0.087860107421875 0.126815795898438
-0.13818359375 0.11322021484375 -0.378997802734375 -0.0130004882812499
-0.101554870605469 0.102531433105469 -0.20001220703125 0.06207275390625
-0.05780029296875 0.10516357421875 -0.0422096252441406 -0.0191802978515625
-0.013214111328125 0.10015869140625 -0.0545654296875 -0.111122131347656
0.0226058959960937 0.0863418579101563 -0.107620239257813 -0.143386840820312
0.080169677734375 0.077484130859375 -0.188888549804688 -0.153335571289063
0.0923614501953125 0.0321426391601563 -0.249099731445313 -0.129547119140625
0.0911636352539063 0.0207061767578125 -0.240264892578125 -0.117568969726563
0.099700927734375 0.026275634765625 -0.212860107421875 -0.132064819335938
0.0825576782226563 0.0410537719726563 -0.142440795898438 -0.162857055664062
0.0450706481933594 0.069366455078125 -0.074676513671875 -0.137306213378906
0.0311660766601563 0.0688133239746094 -0.0098724365234375 -0.0812911987304688
-0.0158157348632813 0.0980911254882813 0.00557708740234375 0.0248394012451172
-0.0617141723632813 0.138427734375 -0.07525634765625 0.14495849609375
-0.120643615722656 0.128761291503906 -0.188690185546875 0.143890380859375
-0.0337448120117188 -0.10992431640625 0.201644897460938 -0.202377319335938
-0.124549865722656 -0.0807266235351563 0.097442626953125 -0.172653198242188
-0.139930725097656 0.00510406494140628 -0.0159988403320313 -0.0450325012207031
-0.0956497192382813 0.0609664916992188 -0.00830459594726563 0.0606002807617188
-0.0506439208984375 0.0842666625976563 0.034912109375 0.120635986328125
-0.009185791015625 0.081878662109375 0.147079467773438 0.1494140625
0.0197677612304688 0.0711135864257813 0.24188232421875 0.1171875
0.0076904296875 0.0582618713378906 0.255416870117188 0.078338623046875
0.0025482177734375 0.0479621887207031 0.256210327148438 0.08349609375
-0.001708984375 0.0320587158203125 0.21612548828125 0.1177978515625
-0.000223159790039064 0.0193004608154297 0.149200439453125 0.09222412109375
-0.001617431640625 0.0260887145996094 0.10052490234375 0.0567398071289063
-0.0148038864135742 0.0107231140136719 0.114738464355469 -0.006988525390625
-0.0222187042236328 -0.0253334045410156 0.223800659179688 -0.0924224853515625
0.0192298889160156 -0.0464401245117188 0.43865966796875 0.011566162109375
-0.179702758789062 -0.05029296875 0.198928833007813 -0.207931518554688
-0.237075805664063 -0.0258026123046875 0.11212158203125 -0.174102783203125
-0.24615478515625 0.08477783203125 0.00313568115234374 -0.073974609375
-0.151321411132812 0.169403076171875 -0.00284576416015626 0.0186767578125
-0.0557403564453125 0.19024658203125 0.0162734985351562 0.0810317993164063
0.048553466796875 0.183746337890625 0.116416931152344 0.115562438964844
0.106857299804688 0.133888244628906 0.212448120117188 0.0870361328125
0.09173583984375 0.118705749511719 0.229263305664063 0.0466766357421875
0.104347229003906 0.107559204101563 0.235687255859375 0.0483856201171875
0.0870361328125 0.106613159179688 0.213760375976563 0.0758209228515625
0.0508880615234375 0.123573303222656 0.142227172851563 0.0509796142578125
0.01263427734375 0.144805908203125 0.108749389648437 0.0211715698242188
-0.0802993774414063 0.127609252929687 0.135215759277344 -0.0329666137695312
-0.139457702636719 0.083221435546875 0.242507934570313 -0.105682373046875
-0.123870849609375 0.0318756103515625 0.4464111328125 -0.005584716796875
-0.30328369140625 0.01190185546875 0.150054931640625 -0.204803466796875
-0.32403564453125 0.0376586914062501 0.100662231445312 -0.15869140625
-0.3201904296875 0.154571533203125 0.0239486694335937 -0.0930023193359375
-0.191390991210938 0.257720947265625 0.0116519927978516 -0.0324611663818359
-0.0597076416015625 0.274322509765625 0.00143814086914062 0.0186805725097656
0.098724365234375 0.2581787109375 0.0767822265625 0.0592117309570313
0.18017578125 0.18450927734375 0.152877807617188 0.0410003662109375
0.168365478515625 0.156448364257813 0.170639038085938 0.00723266601562501
0.193893432617188 0.148178100585938 0.179702758789063 0.0121917724609375
0.17230224609375 0.164535522460938 0.175338745117188 0.0261688232421875
0.10467529296875 0.217483520507812 0.115104675292969 0.00363159179687501
0.0364990234375 0.25250244140625 0.0981597900390625 -0.015869140625
-0.1351318359375 0.2344970703125 0.137969970703125 -0.0545120239257812
-0.228851318359375 0.184661865234375 0.231170654296875 -0.0931854248046875
-0.242050170898437 0.105758666992187 0.4036865234375 -0.00555419921874999
-0.373870849609375 0.079193115234375 0.0632476806640624 -0.1842041015625
-0.36590576171875 0.109588623046875 0.0618743896484375 -0.125923156738281
-0.34112548828125 0.223602294921875 0.0364913940429687 -0.0992050170898437
-0.18896484375 0.31988525390625 0.0247955322265625 -0.079345703125
-0.042449951171875 0.318206787109375 -0.0128326416015625 -0.0471000671386718
0.138946533203125 0.295684814453125 0.0255489349365234 -0.0122737884521484
0.224212646484375 0.200851440429688 0.0708084106445313 -0.0126876831054687
0.218048095703125 0.17425537109375 0.0866928100585938 -0.0330734252929687
0.255996704101563 0.167678833007813 0.0968399047851563 -0.024627685546875
0.231918334960937 0.198028564453125 0.109771728515625 -0.0251388549804687
0.143402099609375 0.280197143554687 0.0607070922851563 -0.042083740234375
0.051544189453125 0.325225830078125 0.0745468139648438 -0.0485458374023437
-0.169525146484375 0.30810546875 0.123237609863281 -0.0612258911132812
-0.287628173828125 0.259857177734375 0.194412231445312 -0.055816650390625
-0.3187255859375 0.16180419921875 0.31451416015625 0.017822265625
-0.394195556640625 0.139862060546875 -0.0528717041015625 -0.149368286132813
-0.3575439453125 0.17303466796875 0.00716400146484372 -0.0809097290039062
-0.309326171875 0.2701416015625 0.0356979370117187 -0.093353271484375
-0.1488037109375 0.33856201171875 0.0269775390625 -0.117202758789062
-0.010101318359375 0.31854248046875 -0.0308990478515625 -0.107009887695313
0.16583251953125 0.2872314453125 -0.0327606201171875 -0.078399658203125
0.241241455078125 0.187820434570313 -0.0231246948242187 -0.0631370544433594
0.236663818359375 0.1658935546875 -0.0124931335449219 -0.0684547424316406
0.276748657226563 0.161819458007813 -0.00315856933593748 -0.0570106506347656
0.24981689453125 0.201263427734375 0.0243072509765625 -0.0703277587890625
0.152069091796875 0.295501708984375 -0.000297546386718747 -0.0810394287109375
0.05548095703125 0.340087890625 0.0398788452148438 -0.0727615356445312
-0.17852783203125 0.326934814453125 0.0991439819335937 -0.0543212890625
-0.300018310546875 0.2867431640625 0.138839721679687 -0.000396728515624982
-0.345489501953125 0.189971923828125 0.190872192382812 0.0527191162109375
-0.353912353515625 0.173675537109375 -0.173751831054688 -0.097808837890625
-0.296875 0.204681396484375 -0.0591850280761719 -0.0253639221191406
-0.22552490234375 0.27276611328125 0.0202484130859375 -0.075439453125
-0.08673095703125 0.302398681640625 0.00813293457031251 -0.136474609375
0.0241241455078125 0.268646240234375 -0.0610809326171875 -0.143218994140625
0.17022705078125 0.234329223632813 -0.0969924926757813 -0.1258544921875
0.223373413085938 0.1456298828125 -0.117439270019531 -0.10296630859375
0.21728515625 0.130828857421875 -0.109115600585937 -0.0941314697265625
0.249526977539063 0.13165283203125 -0.100624084472656 -0.0874862670898437
0.22113037109375 0.170700073242187 -0.0584640502929687 -0.112648010253906
0.129638671875 0.2576904296875 -0.0517501831054687 -0.113456726074219
0.043426513671875 0.291259765625 0.00739288330078125 -0.0888900756835938
-0.156036376953125 0.283966064453125 0.0671119689941406 -0.0340309143066406
-0.259918212890625 0.264785766601562 0.0672721862792969 0.0601425170898438
-0.314697265625 0.1907958984375 0.0549774169921875 0.0911026000976563
-0.260208129882813 0.1710205078125 -0.287750244140625 -0.045196533203125
-0.19940185546875 0.186233520507813 -0.130119323730469 0.0235214233398438
-0.130691528320313 0.218276977539063 -0.0112075805664063 -0.0540390014648437
-0.0280609130859375 0.215484619140625 -0.028076171875 -0.134368896484375
0.043914794921875 0.182586669921875 -0.0936737060546875 -0.1475830078125
0.1435546875 0.15374755859375 -0.152603149414063 -0.143035888671875
0.171707153320313 0.08441162109375 -0.197265625 -0.11956787109375
0.164657592773438 0.0734710693359375 -0.191070556640625 -0.107284545898438
0.18426513671875 0.079345703125 -0.175048828125 -0.111434936523437
0.15826416015625 0.108154296875 -0.116607666015625 -0.140251159667969
0.08856201171875 0.17266845703125 -0.0806045532226563 -0.130882263183594
0.0334320068359375 0.188247680664063 -0.00966644287109375 -0.0929489135742187
-0.0945587158203125 0.196182250976563 0.03814697265625 -0.00895690917968749
-0.167892456054688 0.207656860351563 -0.000640869140625013 0.10809326171875
-0.22979736328125 0.171783447265625 -0.0732421875 0.125282287597656
-0.127876281738281 0.133766174316406 -0.37200927734375 0.0015869140625
-0.0909042358398438 0.116806030273437 -0.189437866210938 0.06396484375
-0.0413742065429688 0.114227294921875 -0.047119140625 -0.0244522094726562
0.00396728515625 0.100120544433594 -0.0659713745117187 -0.111679077148438
0.0355224609375 0.0803375244140625 -0.118934631347656 -0.134841918945313
0.0887680053710938 0.062225341796875 -0.193984985351563 -0.136337280273437
0.0934295654296875 0.0164337158203125 -0.251937866210938 -0.1116943359375
0.08953857421875 0.00493621826171875 -0.241561889648438 -0.103347778320313
0.0953903198242188 0.00827789306640625 -0.217636108398438 -0.119186401367188
0.081756591796875 0.0234451293945313 -0.1488037109375 -0.153778076171875
0.0529289245605469 0.0541305541992187 -0.07904052734375 -0.131332397460938
0.0418930053710938 0.0573883056640625 -0.0117874145507812 -0.0811386108398438
0.00296783447265626 0.096282958984375 0.0131092071533203 0.0203781127929688
-0.0382537841796875 0.145401000976563 -0.0582427978515625 0.143524169921875
-0.103271484375 0.14495849609375 -0.170242309570313 0.15008544921875
-0.0469970703125 -0.121597290039063 0.180953979492188 -0.204071044921875
-0.13861083984375 -0.075927734375 0.08209228515625 -0.168182373046875
-0.148422241210938 0.016265869140625 -0.022003173828125 -0.0408554077148437
-0.097015380859375 0.0762176513671875 -0.00979995727539063 0.0614089965820313
-0.0461502075195313 0.095855712890625 0.0331802368164063 0.117874145507813
-0.00206756591796875 0.0927047729492188 0.143630981445313 0.14178466796875
0.0273666381835937 0.077606201171875 0.238143920898438 0.106246948242187
0.012359619140625 0.0655250549316406 0.248123168945312 0.0677490234375
0.00590896606445312 0.0557861328125 0.248626708984375 0.07098388671875
-0.00305557250976563 0.0392723083496094 0.214828491210938 0.102874755859375
-0.0069427490234375 0.0238227844238281 0.1505126953125 0.08087158203125
-0.00997161865234375 0.0249958038330078 0.104736328125 0.0506439208984375
-0.0222854614257813 0.00171089172363282 0.118255615234375 -0.00431060791015625
-0.0273399353027344 -0.0380020141601562 0.217453002929688 -0.0892333984375
0.0137138366699219 -0.0599708557128906 0.4342041015625 0.001678466796875
-0.183624267578125 -0.058380126953125 0.177093505859375 -0.214813232421875
-0.243972778320312 -0.020233154296875 0.0961151123046875 -0.172775268554687
-0.246353149414063 0.09344482421875 -0.00328826904296877 -0.072265625
-0.147872924804688 0.180389404296875 -0.00688171386718751 0.0143213272094727
-0.049652099609375 0.197906494140625 0.0109100341796875 0.0747146606445313
0.0587921142578125 0.18524169921875 0.111427307128906 0.108390808105469
0.114959716796875 0.137481689453125 0.20672607421875 0.0762786865234375
0.0981826782226562 0.117927551269531 0.222198486328125 0.0340118408203125
0.106277465820313 0.109138488769531 0.227630615234375 0.03643798828125
0.0851821899414063 0.106369018554688 0.207931518554688 0.05804443359375
0.0465774536132813 0.122871398925781 0.14227294921875 0.036407470703125
0.0115814208984375 0.139350891113281 0.110671997070313 0.012786865234375
-0.0813674926757813 0.117263793945312 0.137382507324219 -0.0378799438476562
-0.134674072265625 0.0738449096679687 0.237258911132813 -0.105575561523437
-0.118133544921875 0.0195770263671875 0.4415283203125 -0.022064208984375
-0.295196533203125 0.010955810546875 0.12847900390625 -0.214431762695313
-0.32073974609375 0.0416259765625 0.08526611328125 -0.16162109375
-0.315093994140625 0.16217041015625 0.0146484375 -0.0954818725585938
-0.18194580078125 0.263641357421875 0.00413894653320311 -0.0378456115722656
-0.049072265625 0.2750244140625 -0.00638294219970703 0.0137910842895508
0.10882568359375 0.254867553710938 0.0679779052734375 0.0515937805175781
0.183761596679688 0.177841186523438 0.144134521484375 0.0315399169921875
0.171051025390625 0.151611328125 0.162429809570313 -0.00495910644531249
0.196624755859375 0.143569946289063 0.17205810546875 -0.000762939453124991
0.169937133789063 0.155502319335937 0.169570922851563 0.00927734375000001
0.104660034179688 0.209121704101563 0.109878540039063 -0.00868988037109374
0.0396728515625 0.242340087890625 0.100967407226563 -0.0251083374023437
-0.1273193359375 0.225326538085937 0.139778137207031 -0.0615234375
-0.219940185546875 0.179550170898438 0.228927612304688 -0.0992279052734375
-0.229278564453125 0.0984039306640625 0.40020751953125 -0.024688720703125
-0.361175537109375 0.084625244140625 0.045806884765625 -0.19598388671875
-0.35516357421875 0.11279296875 0.0505294799804687 -0.134567260742188
-0.3294677734375 0.2266845703125 0.0279922485351562 -0.105781555175781
-0.175384521484375 0.31854248046875 0.0148391723632812 -0.0872344970703125
-0.03204345703125 0.3140869140625 -0.0231742858886719 -0.0521469116210937
0.14739990234375 0.2845458984375 0.0158424377441406 -0.0161333084106445
0.227752685546875 0.189956665039063 0.0617942810058594 -0.020416259765625
0.218521118164063 0.163162231445313 0.077728271484375 -0.0419082641601562
0.254302978515625 0.15643310546875 0.08868408203125 -0.0351409912109375
0.230255126953125 0.182540893554688 0.101249694824219 -0.0396575927734375
0.14794921875 0.266693115234375 0.0563850402832031 -0.052581787109375
0.06103515625 0.312744140625 0.0746841430664063 -0.0577926635742187
-0.1551513671875 0.301513671875 0.126373291015625 -0.0720062255859375
-0.270462036132812 0.255584716796875 0.193801879882812 -0.0660400390625
-0.30328369140625 0.15966796875 0.311676025390625 -0.00399780273437499
-0.37530517578125 0.1478271484375 -0.0622711181640625 -0.159713745117187
-0.337554931640625 0.177825927734375 3.81469726562328E-05 -0.0913238525390625
-0.286895751953125 0.27227783203125 0.0282363891601562 -0.10235595703125
-0.1309814453125 0.331329345703125 0.014495849609375 -0.126045227050781
0.000396728515625022 0.30621337890625 -0.04254150390625 -0.109634399414062
0.170578002929688 0.270675659179687 -0.0428237915039062 -0.0789794921875
0.240631103515625 0.172454833984375 -0.0322227478027344 -0.0700607299804687
0.23284912109375 0.150100708007813 -0.0195388793945312 -0.0728378295898437
0.2724609375 0.145477294921875 -0.00938034057617185 -0.0648307800292969
0.247802734375 0.18072509765625 0.0164566040039063 -0.0812454223632812
0.161300659179688 0.278762817382813 -0.00646972656249999 -0.088775634765625
0.06829833984375 0.325836181640625 0.0391845703125 -0.0816192626953125
-0.158447265625 0.322662353515625 0.0999832153320312 -0.0644607543945312
-0.2774658203125 0.287322998046875 0.138221740722656 -0.0117416381835937
-0.3262939453125 0.194305419921875 0.192474365234375 0.0329437255859375
-0.333251953125 0.187164306640625 -0.178619384765625 -0.1070556640625
-0.275146484375 0.212493896484375 -0.0622978210449219 -0.0373725891113281
-0.202835083007813 0.273681640625 0.0136489868164062 -0.0874099731445312
-0.065277099609375 0.29296875 -0.00494384765625002 -0.144012451171875
0.0359649658203125 0.253921508789062 -0.06982421875 -0.142013549804687
0.17437744140625 0.21490478515625 -0.103111267089844 -0.122657775878906
0.219924926757813 0.128433227539063 -0.122909545898438 -0.103057861328125
0.212814331054688 0.112686157226562 -0.114776611328125 -0.0957717895507813
0.243942260742188 0.113906860351563 -0.103843688964844 -0.0891876220703125
0.218353271484375 0.149200439453125 -0.0645751953125 -0.116813659667969
0.136688232421875 0.239456176757812 -0.0579757690429687 -0.115196228027344
0.05670166015625 0.275527954101562 0.00621032714843751 -0.09405517578125
-0.134521484375 0.279754638671875 0.0691909790039062 -0.0439567565917969
-0.235794067382813 0.267333984375 0.072052001953125 0.0473709106445313
-0.294586181640625 0.1998291015625 0.060211181640625 0.0752334594726563
-0.240264892578125 0.1868896484375 -0.285614013671875 -0.047149658203125
-0.1800537109375 0.195648193359375 -0.127174377441406 0.0140533447265625
-0.107330322265625 0.21875 -0.0166358947753906 -0.0622482299804687
-0.0098114013671875 0.207733154296875 -0.0395584106445312 -0.137062072753906
0.054351806640625 0.169952392578125 -0.100845336914062 -0.144317626953125
0.147857666015625 0.13360595703125 -0.157318115234375 -0.137313842773437
0.16827392578125 0.066680908203125 -0.199203491210938 -0.114059448242187
0.160293579101563 0.057525634765625 -0.192474365234375 -0.102615356445313
0.177841186523438 0.0613555908203125 -0.176361083984375 -0.107147216796875
0.152938842773437 0.089508056640625 -0.1234130859375 -0.140731811523437
0.0950775146484375 0.154388427734375 -0.0844573974609375 -0.129920959472656
0.044952392578125 0.17303466796875 -0.0112152099609375 -0.0941085815429687
-0.074371337890625 0.190872192382813 0.0406837463378906 -0.0167961120605469
-0.144943237304687 0.212203979492188 0.00741577148437498 0.0992507934570313
-0.209548950195313 0.18292236328125 -0.06170654296875 0.1136474609375
-0.1142578125 0.1484375 -0.3681640625 0.00500488281249995
-0.0768280029296875 0.128074645996094 -0.184402465820312 0.0578765869140625
-0.0249481201171875 0.120689392089844 -0.0506134033203125 -0.0306816101074219
0.0185623168945312 0.0951614379882813 -0.0760040283203125 -0.108718872070313
0.0457000732421875 0.0710296630859375 -0.123184204101563 -0.124801635742188
0.0920028686523438 0.0462188720703125 -0.19427490234375 -0.126190185546875
0.0888671875 0.00119781494140625 -0.2490234375 -0.102371215820312
0.0831222534179688 -0.00714111328125 -0.240570068359375 -0.0946044921875
0.0879592895507812 -0.00524139404296875 -0.216354370117187 -0.112899780273438
0.074737548828125 0.00864410400390625 -0.150146484375 -0.149581909179688
0.0538215637207031 0.0404701232910156 -0.0828323364257813 -0.128822326660156
0.0487899780273438 0.0428390502929688 -0.0128250122070313 -0.0822296142578125
0.019805908203125 0.0900421142578125 0.0188255310058594 0.0148334503173828
-0.0177154541015625 0.145904541015625 -0.0465774536132812 0.136947631835938
-0.0874481201171875 0.151962280273437 -0.154983520507813 0.148300170898437
-0.0611343383789062 -0.131500244140625 0.16827392578125 -0.19964599609375
-0.154190063476563 -0.0711212158203125 0.0717010498046875 -0.162261962890625
-0.158416748046875 0.0274810791015625 -0.0246353149414063 -0.038360595703125
-0.0998077392578125 0.0905838012695312 -0.0116653442382813 0.0630645751953125
-0.041259765625 0.1080322265625 0.0316543579101562 0.117889404296875
0.00899505615234376 0.102615356445312 0.141098022460938 0.141937255859375
0.0385360717773437 0.084716796875 0.234756469726563 0.103225708007813
0.019287109375 0.0724945068359375 0.242568969726563 0.0638885498046875
0.0123138427734375 0.0651435852050781 0.243499755859375 0.06646728515625
-0.0025787353515625 0.0492172241210938 0.212142944335938 0.094757080078125
-0.0137138366699219 0.0316677093505859 0.150405883789063 0.0710296630859375
-0.0202102661132813 0.0263519287109375 0.109054565429688 0.046630859375
-0.0336894989013672 -0.00727653503417969 0.123634338378906 -0.00138092041015625
-0.03802490234375 -0.049041748046875 0.217453002929688 -0.0820465087890625
0.00742340087890625 -0.0746841430664063 0.434356689453125 0.00250244140624999
-0.191909790039063 -0.068328857421875 0.161422729492188 -0.21490478515625
-0.255783081054688 -0.0172119140625 0.0840301513671875 -0.169570922851563
-0.254364013671875 0.101577758789063 -0.00861358642578126 -0.0718460083007813
-0.148193359375 0.193115234375 -0.0127134323120117 0.0138225555419922
-0.0447998046875 0.208511352539063 0.0043792724609375 0.0726089477539063
0.0691070556640625 0.1917724609375 0.104766845703125 0.107948303222656
0.124053955078125 0.140838623046875 0.199325561523438 0.072784423828125
0.103958129882813 0.122817993164063 0.214309692382813 0.0287017822265625
0.111045837402344 0.115249633789063 0.21966552734375 0.029541015625
0.0839385986328125 0.110443115234375 0.2030029296875 0.047637939453125
0.0409622192382812 0.127227783203125 0.139625549316406 0.0257720947265625
0.00443267822265624 0.13702392578125 0.114547729492188 0.00521850585937501
-0.0878753662109375 0.107414245605469 0.143310546875 -0.040008544921875
-0.139213562011719 0.0620956420898437 0.237594604492188 -0.105072021484375
-0.119911193847656 0.00566101074218748 0.440673828125 -0.029571533203125
-0.296356201171875 0.00253295898437497 0.111541748046875 -0.21875
-0.326263427734375 0.0414733886718751 0.0725250244140625 -0.163040161132812
-0.318756103515625 0.1654052734375 0.00739288330078122 -0.0985183715820312
-0.18048095703125 0.2705078125 -0.00524902343750001 -0.0408210754394531
-0.0459747314453125 0.28045654296875 -0.0160331726074219 0.0108137130737305
0.1160888671875 0.2554931640625 0.0581398010253906 0.0507049560546875
0.189300537109375 0.178176879882812 0.134559631347656 0.0268402099609375
0.173812866210938 0.153579711914063 0.152587890625 -0.01165771484375
0.197647094726563 0.144439697265625 0.163192749023438 -0.00886535644531249
0.167922973632813 0.1553955078125 0.161788940429688 -0.00311279296874999
0.101470947265625 0.209030151367188 0.105056762695313 -0.0206985473632812
0.0360107421875 0.238113403320312 0.103370666503906 -0.0353775024414062
-0.129684448242187 0.216903686523438 0.14495849609375 -0.0698699951171875
-0.218612670898438 0.170639038085938 0.229827880859375 -0.103408813476562
-0.227798461914063 0.0856933593750001 0.39892578125 -0.036895751953125
-0.3553466796875 0.077850341796875 0.0289154052734375 -0.206405639648438
-0.353271484375 0.1104736328125 0.038665771484375 -0.1400146484375
-0.3267822265625 0.22601318359375 0.0196609497070312 -0.112045288085938
-0.172454833984375 0.31842041015625 0.00278472900390623 -0.092559814453125
-0.029632568359375 0.314239501953125 -0.0335731506347656 -0.0553741455078125
0.149932861328125 0.2811279296875 0.00494098663330079 -0.0173826217651367
0.229232788085938 0.186935424804688 0.0516929626464844 -0.0246124267578125
0.217330932617188 0.161331176757812 0.0679779052734375 -0.04876708984375
0.253875732421875 0.152740478515625 0.0791854858398438 -0.0431976318359375
0.226577758789062 0.176742553710938 0.0919876098632813 -0.0516815185546875
0.146987915039063 0.262435913085938 0.0504684448242188 -0.0631675720214844
0.0616455078125 0.306182861328125 0.0750045776367188 -0.0696792602539063
-0.152069091796875 0.2947998046875 0.129920959472656 -0.0826568603515625
-0.264724731445313 0.250137329101562 0.195083618164062 -0.074920654296875
-0.297943115234375 0.151580810546875 0.31072998046875 -0.019805908203125
-0.363616943359375 0.146484375 -0.0758819580078125 -0.171646118164062
-0.329742431640625 0.176422119140625 -0.0102615356445313 -0.100845336914062
-0.278182983398438 0.267227172851563 0.0210494995117187 -0.111320495605469
-0.1236572265625 0.32525634765625 0.0013885498046875 -0.133522033691406
0.00262451171875001 0.30047607421875 -0.0533294677734375 -0.1119384765625
0.171035766601563 0.260818481445313 -0.0523681640625 -0.0806198120117187
0.237289428710938 0.166183471679687 -0.0400924682617187 -0.072723388671875
0.228240966796875 0.145034790039063 -0.0277633666992187 -0.078704833984375
0.26812744140625 0.138748168945313 -0.0171279907226562 -0.0710220336914062
0.242599487304688 0.171783447265625 0.00726318359375001 -0.0917282104492188
0.161331176757813 0.269638061523438 -0.0133514404296875 -0.0965652465820313
0.071685791015625 0.317474365234375 0.0374603271484375 -0.0925827026367188
-0.1510009765625 0.3162841796875 0.102119445800781 -0.0772018432617187
-0.267059326171875 0.2833251953125 0.138023376464844 -0.0233154296875
-0.31744384765625 0.190338134765625 0.191970825195313 0.01666259765625
-0.318328857421875 0.190704345703125 -0.187591552734375 -0.11962890625
-0.26171875 0.212646484375 -0.0680618286132813 -0.0504798889160156
-0.188385009765625 0.268569946289062 0.00555419921874998 -0.0981369018554687
-0.055328369140625 0.28375244140625 -0.017974853515625 -0.151077270507812
0.0389862060546875 0.243118286132813 -0.078704833984375 -0.142364501953125
0.171630859375 0.201492309570312 -0.108329772949219 -0.122848510742188
0.214279174804688 0.11773681640625 -0.12835693359375 -0.105178833007813
0.205703735351563 0.10455322265625 -0.12060546875 -0.0992584228515625
0.236724853515625 0.10467529296875 -0.110008239746094 -0.0939712524414063
0.211227416992187 0.138198852539063 -0.0721588134765625 -0.123069763183594
0.138290405273438 0.227020263671875 -0.0650405883789062 -0.119895935058594
0.062286376953125 0.264389038085938 0.00415802001953125 -0.102729797363281
-0.123794555664062 0.273452758789062 0.0701828002929688 -0.0561561584472656
-0.220855712890625 0.264602661132813 0.07305908203125 0.0361785888671875
-0.2822265625 0.19989013671875 0.06182861328125 0.0597114562988281
-0.224853515625 0.196075439453125 -0.29034423828125 -0.05816650390625
-0.16510009765625 0.199264526367188 -0.129142761230469 0.00121307373046875
-0.0905609130859375 0.217376708984375 -0.0233001708984375 -0.0723495483398437
0.00222778320312502 0.198699951171875 -0.05157470703125 -0.140571594238281
0.05859375 0.157394409179687 -0.106033325195313 -0.142105102539063
0.146759033203125 0.118759155273438 -0.158950805664063 -0.13568115234375
0.161148071289063 0.0548095703125 -0.201507568359375 -0.114456176757812
0.15216064453125 0.047698974609375 -0.195297241210938 -0.104400634765625
0.168548583984375 0.0513916015625 -0.1805419921875 -0.109237670898438
0.145065307617188 0.07733154296875 -0.1280517578125 -0.144073486328125
0.094329833984375 0.140281677246094 -0.08892822265625 -0.13165283203125
0.048858642578125 0.159255981445313 -0.012969970703125 -0.101295471191406
-0.0611724853515625 0.18341064453125 0.0426750183105469 -0.0254592895507812
-0.126235961914062 0.209609985351563 0.00960540771484374 0.0893478393554688
-0.19512939453125 0.185699462890625 -0.0574722290039062 0.101860046386719
-0.100540161132813 0.1607666015625 -0.369598388671875 0.000152587890624984
-0.0647735595703125 0.136810302734375 -0.185455322265625 0.0472259521484375
-0.00975036621093749 0.122207641601562 -0.0585556030273438 -0.0376319885253906
0.0310211181640625 0.08978271484375 -0.08599853515625 -0.107795715332031
0.0514068603515625 0.060760498046875 -0.1253662109375 -0.118438720703125
0.0914840698242188 0.0316848754882813 -0.191940307617188 -0.121673583984375
0.0817413330078125 -0.0112762451171875 -0.247482299804688 -0.0994720458984375
0.0749053955078125 -0.0172042846679687 -0.239501953125 -0.093170166015625
0.0772247314453125 -0.01495361328125 -0.216873168945313 -0.112655639648438
0.0652618408203125 -0.00281906127929687 -0.151702880859375 -0.150177001953125
0.0513229370117188 0.0259552001953125 -0.083465576171875 -0.129257202148438
0.0512924194335938 0.0291061401367188 -0.0125045776367187 -0.0867767333984375
0.0336074829101563 0.0812606811523438 0.022857666015625 0.00791358947753907
0.000839233398437501 0.143905639648438 -0.0400772094726563 0.128585815429688
-0.072418212890625 0.157821655273437 -0.14727783203125 0.139633178710938
-0.080230712890625 -0.142120361328125 0.160171508789062 -0.195068359375
-0.1724853515625 -0.062957763671875 0.06658935546875 -0.154922485351563
-0.1680908203125 0.04266357421875 -0.0275535583496094 -0.0348339080810547
-0.0998611450195312 0.108253479003906 -0.0131950378417969 0.066802978515625
-0.0338211059570313 0.122077941894531 0.02947998046875 0.120986938476563
0.0234909057617188 0.112030029296875 0.14080810546875 0.146163940429688
0.0526123046875 0.0906753540039063 0.236312866210937 0.104415893554687
0.029144287109375 0.080078125 0.242401123046875 0.0640716552734375
0.02142333984375 0.0742034912109375 0.242355346679687 0.0661163330078125
0.00143814086914062 0.0592536926269531 0.212142944335938 0.0901031494140625
-0.0183448791503906 0.0426406860351563 0.15179443359375 0.0641021728515625
-0.0307102203369141 0.0322456359863281 0.115371704101563 0.0424880981445313
-0.0484390258789063 -0.0127525329589844 0.133369445800781 -4.57763671875008E-05
-0.0535240173339844 -0.0590286254882813 0.226943969726563 -0.0764312744140625
-0.00348663330078125 -0.0904922485351563 0.44744873046875 0.00369262695312499
-0.2086181640625 -0.0785675048828125 0.149276733398438 -0.214279174804687
-0.273345947265625 -0.01104736328125 0.075836181640625 -0.166107177734375
-0.2655029296875 0.114669799804687 -0.0145034790039063 -0.072540283203125
-0.149368286132813 0.209793090820313 -0.0187969207763672 0.0148048400878906
-0.03887939453125 0.222457885742188 -0.00337982177734375 0.0751266479492188
0.0825653076171875 0.199935913085938 0.100227355957031 0.112228393554688
0.1380615234375 0.146575927734375 0.196136474609375 0.07354736328125
0.113288879394531 0.129692077636719 0.209976196289063 0.0255279541015625
0.119941711425781 0.1229248046875 0.216171264648438 0.02618408203125
0.0857696533203125 0.119575500488281 0.19976806640625 0.0394744873046875
0.0370407104492188 0.136611938476563 0.137359619140625 0.0164794921875
-0.00497436523437501 0.140701293945313 0.119277954101563 -0.00346374511718749
-0.101234436035156 0.101890563964844 0.152664184570313 -0.045318603515625
-0.152145385742188 0.0527496337890625 0.246292114257812 -0.10650634765625
-0.129829406738281 -0.00961303710937499 0.451263427734375 -0.0352783203125
-0.308197021484375 -0.00708007812500001 0.0944366455078125 -0.223464965820313
-0.341400146484375 0.044097900390625 0.0606231689453125 -0.163681030273438
-0.32940673828125 0.174591064453125 -0.000419616699218768 -0.101463317871094
-0.182830810546875 0.283966064453125 -0.0161590576171875 -0.0422630310058594
-0.04229736328125 0.2923583984375 -0.0277957916259766 0.011220932006836
0.125335693359375 0.262176513671875 0.0488624572753906 0.0547218322753906
0.199935913085937 0.182037353515625 0.127937316894531 0.02655029296875
0.180770874023438 0.158599853515625 0.145263671875 -0.0153350830078125
0.204971313476563 0.149871826171875 0.156448364257813 -0.014404296875
0.169815063476563 0.160873413085938 0.15557861328125 -0.0135498046875
0.100357055664063 0.215911865234375 0.0999374389648438 -0.0316543579101562
0.031036376953125 0.240966796875 0.104560852050781 -0.0478286743164062
-0.139083862304687 0.213531494140625 0.152191162109375 -0.08038330078125
-0.228668212890625 0.16387939453125 0.235687255859375 -0.111129760742187
-0.235763549804688 0.0733642578125 0.404815673828125 -0.049652099609375
-0.3609619140625 0.0712890625000001 0.00933837890624997 -0.215530395507813
-0.36163330078125 0.1092529296875 0.0257568359375 -0.14599609375
-0.334503173828125 0.22943115234375 0.00932312011718749 -0.118324279785156
-0.1744384765625 0.3253173828125 -0.0108413696289063 -0.0980987548828125
-0.0294189453125 0.319854736328125 -0.0468368530273437 -0.0571403503417969
0.155731201171875 0.283966064453125 -0.00601577758789062 -0.015568733215332
0.235626220703125 0.189300537109375 0.0421257019042969 -0.0268096923828125
0.221481323242188 0.163650512695313 0.0575790405273438 -0.054779052734375
0.259384155273438 0.156021118164063 0.0699462890625 -0.0492744445800781
0.227096557617188 0.178848266601563 0.0827713012695313 -0.0628738403320312
0.148361206054688 0.26544189453125 0.0423126220703125 -0.073822021484375
0.060943603515625 0.307647705078125 0.0734176635742187 -0.0829696655273437
-0.15643310546875 0.29364013671875 0.133216857910156 -0.0966796875
-0.270156860351562 0.247299194335938 0.197830200195313 -0.0856475830078125
-0.30218505859375 0.1439208984375 0.31378173828125 -0.034759521484375
-0.3619384765625 0.1434326171875 -0.0954437255859375 -0.185226440429688
-0.33074951171875 0.174713134765625 -0.023468017578125 -0.111732482910156
-0.278518676757813 0.265625 0.00897216796874999 -0.121261596679688
-0.12347412109375 0.325286865234375 -0.0137176513671875 -0.139617919921875
0.00180053710937502 0.300537109375 -0.0664138793945313 -0.114463806152344
0.172760009765625 0.259201049804688 -0.0630874633789062 -0.0814056396484375
0.23907470703125 0.165267944335937 -0.05120849609375 -0.07623291015625
0.228775024414063 0.144134521484375 -0.0395355224609375 -0.085052490234375
0.26971435546875 0.138687133789062 -0.0281829833984375 -0.0779647827148437
0.24090576171875 0.169158935546875 -0.00437164306640624 -0.102340698242187
0.163711547851562 0.268295288085937 -0.0239181518554687 -0.105422973632813
0.0740966796875 0.31549072265625 0.03302001953125 -0.105262756347656
-0.151275634765625 0.31622314453125 0.102401733398437 -0.0918121337890625
-0.266265869140625 0.283050537109375 0.139129638671875 -0.0351943969726562
-0.31768798828125 0.187255859375 0.192489624023438 0.00112915039062501
-0.31048583984375 0.193389892578125 -0.206146240234375 -0.134170532226563
-0.254867553710938 0.213134765625 -0.080780029296875 -0.0645980834960938
-0.180633544921875 0.265411376953125 -0.00630950927734377 -0.109451293945312
-0.050689697265625 0.27783203125 -0.0329742431640625 -0.156890869140625
0.038909912109375 0.237625122070313 -0.0893402099609375 -0.14447021484375
0.17095947265625 0.194427490234375 -0.117263793945312 -0.124374389648437
0.211212158203125 0.113067626953125 -0.138870239257813 -0.109169006347656
0.202041625976562 0.100997924804687 -0.13128662109375 -0.104835510253906
0.233535766601562 0.101593017578125 -0.120491027832031 -0.0994873046875
0.20556640625 0.132339477539063 -0.0838241577148437 -0.131782531738281
0.138458251953125 0.22186279296875 -0.0752334594726562 -0.126663208007813
0.0652313232421875 0.2586669921875 -0.0014190673828125 -0.113548278808594
-0.117843627929688 0.27081298828125 0.0698699951171875 -0.0691032409667969
-0.212432861328125 0.264236450195313 0.0725250244140625 0.0256576538085938
-0.276901245117188 0.199737548828125 0.0605926513671875 0.0448112487792969
-0.21331787109375 0.204849243164063 -0.306671142578125 -0.069732666015625
-0.153961181640625 0.203811645507813 -0.140045166015625 -0.012359619140625
-0.0767822265625 0.214767456054688 -0.0358352661132813 -0.08245849609375
0.01104736328125 0.190399169921875 -0.0653228759765625 -0.14459228515625
0.0608978271484375 0.148529052734375 -0.113189697265625 -0.142013549804688
0.143753051757813 0.10736083984375 -0.163314819335937 -0.136520385742188
0.154220581054687 0.04705810546875 -0.208908081054687 -0.117263793945313
0.144683837890625 0.0411376953125 -0.204238891601563 -0.107772827148438
0.160400390625 0.0458526611328125 -0.18939208984375 -0.114456176757813
0.135932922363281 0.07086181640625 -0.137939453125 -0.15087890625
0.090972900390625 0.130874633789063 -0.0965347290039062 -0.137214660644531
0.049652099609375 0.148040771484375 -0.0171737670898438 -0.110023498535156
-0.05218505859375 0.176513671875 0.0429458618164063 -0.0363883972167969
-0.112319946289063 0.20745849609375 0.00994110107421875 0.0802688598632813
-0.183975219726562 0.18896484375 -0.0586395263671875 0.0897979736328125
-0.0863800048828125 0.172622680664063 -0.3839111328125 -0.00643920898437503
-0.051483154296875 0.14447021484375 -0.195571899414063 0.03692626953125
0.00704193115234375 0.123390197753906 -0.0709075927734375 -0.04376220703125
0.0423431396484375 0.08221435546875 -0.0975112915039062 -0.107215881347656
0.05657958984375 0.0511016845703125 -0.129592895507813 -0.114791870117187
0.088531494140625 0.018402099609375 -0.19354248046875 -0.120468139648437
0.072601318359375 -0.0214691162109375 -0.251815795898438 -0.101318359375
0.0646133422851563 -0.02496337890625 -0.245925903320313 -0.0949249267578125
0.0655326843261719 -0.022216796875 -0.223312377929687 -0.116546630859375
0.05389404296875 -0.0110054016113281 -0.15771484375 -0.154083251953125
0.0451011657714844 0.0134696960449219 -0.0867767333984375 -0.133155822753906
0.0502700805664062 0.0142898559570312 -0.0142745971679687 -0.0939178466796875
0.0453834533691406 0.0699844360351563 0.0252418518066406 0.000110626220703129
0.0199813842773438 0.13922119140625 -0.037872314453125 0.12115478515625
-0.056060791015625 0.162490844726562 -0.144943237304688 0.131423950195313
-0.105697631835937 -0.148284912109375 0.156585693359375 -0.191238403320313
-0.19219970703125 -0.047515869140625 0.0631256103515625 -0.150100708007812
-0.178085327148438 0.063934326171875 -0.0305614471435547 -0.0306816101074219
-0.095672607421875 0.129974365234375 -0.0126876831054688 0.0730819702148438
-0.0206069946289063 0.137550354003906 0.030303955078125 0.127449035644531
0.0422897338867188 0.118690490722656 0.146896362304688 0.1514892578125
0.070953369140625 0.0927352905273437 0.244094848632813 0.105209350585938
0.043701171875 0.0852432250976563 0.248245239257813 0.0635528564453125
0.0357208251953125 0.0820465087890625 0.247634887695313 0.0653076171875
0.00927734375000001 0.070648193359375 0.215866088867187 0.0848388671875
-0.0190773010253906 0.0567131042480469 0.153289794921875 0.056640625
-0.0399436950683594 0.0414848327636719 0.123764038085937 0.035980224609375
-0.0664443969726563 -0.0132179260253906 0.1470947265625 -0.003509521484375
-0.0742950439453125 -0.0652999877929688 0.241104125976563 -0.07708740234375
-0.0201339721679688 -0.105125427246094 0.469024658203125 -0.00350952148437501
-0.23480224609375 -0.0832366943359375 0.138534545898437 -0.213348388671875
-0.294464111328125 0.00320434570312504 0.06829833984375 -0.163467407226563
-0.278045654296875 0.136566162109375 -0.0220413208007813 -0.070220947265625
-0.145980834960938 0.233352661132812 -0.0249862670898438 0.0189933776855469
-0.0263519287109375 0.239242553710937 -0.00954437255859374 0.0808258056640625
0.102371215820313 0.207427978515625 0.100112915039062 0.11907958984375
0.157989501953125 0.149337768554688 0.197601318359375 0.0747222900390625
0.1285400390625 0.134765625 0.209503173828125 0.0238037109375
0.136680603027344 0.129676818847656 0.215667724609375 0.02239990234375
0.0943450927734375 0.129478454589844 0.197402954101562 0.031402587890625
0.0384368896484375 0.149917602539063 0.134735107421875 0.00632476806640626
-0.011077880859375 0.151046752929688 0.123771667480469 -0.01519775390625
-0.118057250976562 0.103378295898438 0.162200927734375 -0.05609130859375
-0.171051025390625 0.04974365234375 0.2574462890625 -0.114837646484375
-0.148345947265625 -0.0218658447265625 0.4664306640625 -0.050689697265625
-0.32989501953125 -0.011138916015625 0.0765533447265625 -0.226150512695313
-0.361480712890625 0.054107666015625 0.04852294921875 -0.1630859375
-0.343536376953125 0.193328857421875 -0.01165771484375 -0.104171752929687
-0.1810302734375 0.305908203125 -0.0281524658203125 -0.0412483215332031
-0.033355712890625 0.30877685546875 -0.0398674011230469 0.0158882141113281
0.1439208984375 0.269332885742188 0.0426712036132813 0.0610160827636719
0.218338012695313 0.18505859375 0.122413635253906 0.02764892578125
0.195083618164063 0.16278076171875 0.13812255859375 -0.01861572265625
0.221084594726563 0.154922485351563 0.150100708007813 -0.0193023681640625
0.178421020507813 0.168167114257813 0.148239135742188 -0.023590087890625
0.105133056640625 0.227249145507813 0.0927886962890625 -0.0425338745117187
0.0295562744140625 0.25128173828125 0.104415893554688 -0.06292724609375
-0.151504516601562 0.219100952148438 0.157516479492188 -0.0967559814453125
-0.244369506835938 0.166152954101562 0.242507934570313 -0.1246337890625
-0.252197265625 0.0659179687499999 0.414794921875 -0.06805419921875
-0.37615966796875 0.07000732421875 -0.014434814453125 -0.221923828125
-0.37738037109375 0.1160888671875 0.00914001464843749 -0.149856567382812
-0.34600830078125 0.242095947265625 -0.00418090820312501 -0.124168395996094
-0.175933837890625 0.34161376953125 -0.0275955200195313 -0.100044250488281
-0.02520751953125 0.334747314453125 -0.0629005432128906 -0.0552902221679687
0.168975830078125 0.29058837890625 -0.0172996520996094 -0.0108118057250976
0.249038696289063 0.191268920898438 0.0319042205810547 -0.026092529296875
0.231765747070313 0.166549682617187 0.0463447570800781 -0.0580177307128906
0.2725830078125 0.157516479492188 0.0594482421875 -0.0543785095214844
0.234878540039063 0.182098388671875 0.0694503784179688 -0.0727996826171875
0.155624389648438 0.272750854492188 0.0297088623046875 -0.0839080810546875
0.06451416015625 0.315185546875 0.0674819946289062 -0.0994033813476562
-0.164825439453125 0.302825927734375 0.13360595703125 -0.115875244140625
-0.278457641601562 0.253463745117188 0.200592041015625 -0.101776123046875
-0.315155029296875 0.141448974609375 0.31768798828125 -0.05609130859375
-0.3675537109375 0.145965576171875 -0.12396240234375 -0.193618774414062
-0.337432861328125 0.178741455078125 -0.0424728393554688 -0.119766235351562
-0.284088134765625 0.2725830078125 -0.00719451904296875 -0.130111694335937
-0.123809814453125 0.332763671875 -0.032684326171875 -0.144577026367187
0.00283813476562501 0.308349609375 -0.0831451416015625 -0.114891052246094
0.179550170898438 0.261032104492188 -0.0766067504882813 -0.0796051025390625
0.246078491210938 0.16497802734375 -0.0649261474609375 -0.0766220092773437
0.233795166015625 0.1446533203125 -0.0540008544921875 -0.0893936157226563
0.278350830078125 0.137741088867188 -0.042266845703125 -0.08233642578125
0.245773315429688 0.1685791015625 -0.0210189819335937 -0.111373901367187
0.170059204101562 0.27203369140625 -0.038818359375 -0.11322021484375
0.079864501953125 0.31976318359375 0.0232162475585938 -0.120407104492188
-0.151641845703125 0.323883056640625 0.0995864868164062 -0.109840393066406
-0.268157958984375 0.29058837890625 0.138008117675781 -0.049530029296875
-0.3243408203125 0.18878173828125 0.190444946289062 -0.0189971923828125
-0.306304931640625 0.20013427734375 -0.23529052734375 -0.142730712890625
-0.250717163085938 0.217147827148438 -0.100318908691406 -0.07464599609375
-0.176284790039063 0.266647338867188 -0.023345947265625 -0.118408203125
-0.047088623046875 0.276290893554687 -0.0527801513671875 -0.162002563476562
0.0398101806640625 0.236846923828125 -0.104415893554687 -0.14556884765625
0.171676635742187 0.19061279296875 -0.1302490234375 -0.125190734863281
0.211456298828125 0.110733032226563 -0.154159545898438 -0.11090087890625
0.201492309570313 0.099609375 -0.1480712890625 -0.107574462890625
0.23565673828125 0.0992584228515625 -0.136268615722656 -0.102798461914062
0.204498291015625 0.1295166015625 -0.102523803710937 -0.138435363769531
0.141586303710938 0.21942138671875 -0.0908279418945312 -0.131988525390625
0.0681304931640625 0.256271362304688 -0.0123062133789063 -0.126182556152344
-0.114013671875 0.272018432617188 0.064849853515625 -0.08453369140625
-0.206497192382813 0.268722534179687 0.0695075988769531 0.0146369934082031
-0.275558471679688 0.204742431640625 0.0552253723144531 0.029815673828125
-0.200897216796875 0.214889526367188 -0.33441162109375 -0.075347900390625
-0.142074584960937 0.208847045898438 -0.159027099609375 -0.022430419921875
-0.06414794921875 0.213348388671875 -0.0535202026367188 -0.08978271484375
0.0191497802734375 0.183700561523437 -0.0838165283203125 -0.146728515625
0.06231689453125 0.14093017578125 -0.124481201171875 -0.140640258789063
0.140373229980469 0.0978622436523438 -0.17413330078125 -0.13690185546875
0.147491455078125 0.0407257080078125 -0.222946166992188 -0.119110107421875
0.13818359375 0.0371856689453125 -0.2200927734375 -0.109634399414063
0.154144287109375 0.0417938232421875 -0.205169677734375 -0.116119384765625
0.128517150878906 0.0662460327148438 -0.154464721679688 -0.155776977539063
0.087554931640625 0.124092102050781 -0.10986328125 -0.141647338867188
0.0492782592773438 0.139732360839844 -0.0269851684570312 -0.120193481445312
-0.0451812744140625 0.169403076171875 0.039794921875 -0.0488471984863281
-0.098907470703125 0.205673217773438 0.00693511962890624 0.07232666015625
-0.173934936523437 0.193252563476563 -0.0645751953125 0.0794677734375
-0.068084716796875 0.185089111328125 -0.40740966796875 -0.0059814453125
-0.035614013671875 0.151351928710938 -0.213150024414063 0.0325164794921876
0.0247726440429688 0.121047973632813 -0.087799072265625 -0.0455093383789062
0.0528488159179688 0.0720901489257813 -0.112571716308594 -0.103378295898438
0.0592765808105469 0.0392608642578125 -0.135917663574219 -0.110214233398438
0.0830764770507813 0.0054168701171875 -0.20025634765625 -0.119735717773438
0.0604057312011719 -0.0295524597167969 -0.26214599609375 -0.101821899414062
0.0531082153320313 -0.030731201171875 -0.258026123046875 -0.0947113037109375
0.0520706176757813 -0.0261573791503906 -0.236221313476562 -0.11920166015625
0.0403480529785156 -0.0162887573242188 -0.169723510742188 -0.158920288085938
0.0353240966796875 0.00258255004882813 -0.0948944091796875 -0.138168334960938
0.0452384948730469 -0.00081634521484375 -0.0199508666992188 -0.102386474609375
0.0555038452148438 0.0553512573242188 0.0249805450439453 -0.00995826721191406
0.038848876953125 0.130599975585937 -0.0373611450195313 0.115005493164063
-0.0381317138671875 0.165634155273438 -0.147918701171875 0.125518798828125
-0.1353759765625 -0.144668579101563 0.153839111328125 -0.187408447265625
-0.206756591796875 -0.0228729248046875 0.0618438720703125 -0.144683837890625
-0.179031372070313 0.0903472900390625 -0.032644271850586 -0.0254459381103516
-0.0815277099609375 0.151016235351563 -0.00920104980468751 0.0793838500976563
-0.0006561279296875 0.148452758789063 0.0344619750976562 0.133293151855469
0.0657196044921875 0.117835998535156 0.157608032226563 0.153488159179688
0.0920028686523438 0.08697509765625 0.255569458007812 0.101776123046875
0.06103515625 0.0849761962890625 0.254806518554688 0.058624267578125
0.0542068481445312 0.0834274291992187 0.254074096679688 0.05999755859375
0.0215911865234375 0.0784835815429688 0.219207763671875 0.0773162841796875
-0.014312744140625 0.0715484619140625 0.15484619140625 0.0469818115234375
-0.0459060668945312 0.0554695129394531 0.130882263183594 0.02508544921875
-0.0855178833007813 -0.00723266601562502 0.159286499023437 -0.012939453125
-0.098663330078125 -0.0629959106445312 0.255477905273438 -0.0860748291015625
-0.044219970703125 -0.113754272460938 0.49114990234375 -0.022979736328125
-0.2635498046875 -0.0768890380859375 0.125961303710937 -0.21002197265625
-0.311676025390625 0.0281066894531251 0.0614776611328125 -0.158401489257812
-0.2813720703125 0.166961669921875 -0.0294189453125 -0.0669746398925781
-0.131622314453125 0.258575439453125 -0.0288791656494141 0.0254688262939453
-0.00495910644531248 0.253021240234375 -0.0127105712890625 0.0899200439453125
0.12841796875 0.206832885742188 0.103591918945313 0.125419616699219
0.181427001953125 0.14288330078125 0.2021484375 0.0739593505859375
0.147720336914062 0.133377075195313 0.208663940429688 0.01953125
0.15789794921875 0.129562377929688 0.214920043945312 0.01739501953125
0.109268188476562 0.135726928710937 0.194229125976562 0.021240234375
0.046844482421875 0.163070678710938 0.129959106445313 -0.00459289550781249
-0.0125732421875 0.163543701171875 0.123703002929688 -0.029937744140625
-0.133979797363281 0.112411499023438 0.1678466796875 -0.072418212890625
-0.192138671875 0.05645751953125 0.264968872070313 -0.13043212890625
-0.171249389648438 -0.0264892578125 0.479705810546875 -0.07598876953125
-0.3546142578125 -0.00350952148437496 0.055511474609375 -0.222793579101563
-0.377777099609375 0.0770568847656249 0.0356597900390625 -0.159866333007813
-0.34979248046875 0.22149658203125 -0.0245361328125 -0.102195739746094
-0.170013427734375 0.33062744140625 -0.0400466918945313 -0.0357284545898437
-0.015167236328125 0.32470703125 -0.0507698059082031 0.0247993469238281
0.168853759765625 0.270111083984375 0.0397415161132813 0.0694847106933594
0.2408447265625 0.178939819335938 0.12005615234375 0.03021240234375
0.213790893554688 0.16064453125 0.130912780761719 -0.0215606689453125
0.242034912109375 0.152084350585938 0.143951416015625 -0.023529052734375
0.19317626953125 0.170440673828125 0.137428283691406 -0.0333633422851562
0.117843627929688 0.236373901367188 0.0810775756835938 -0.0522308349609375
0.0337371826171875 0.261993408203125 0.0981292724609375 -0.0787734985351562
-0.160324096679688 0.231399536132813 0.155670166015625 -0.1175537109375
-0.258941650390625 0.177459716796875 0.244155883789062 -0.14410400390625
-0.27178955078125 0.0670623779296875 0.418670654296875 -0.09649658203125
-0.39154052734375 0.0780029296874999 -0.0431365966796875 -0.218948364257813
-0.38958740234375 0.13330078125 -0.00953674316406251 -0.148101806640625
-0.3525390625 0.26373291015625 -0.0226974487304688 -0.124946594238281
-0.167755126953125 0.3616943359375 -0.0456619262695312 -0.0958099365234375
-0.012298583984375 0.348541259765625 -0.079010009765625 -0.046783447265625
0.187652587890625 0.290924072265625 -0.0268745422363281 -0.00177764892578123
0.26715087890625 0.186294555664063 0.022024154663086 -0.0223865509033203
0.247085571289062 0.164138793945312 0.0331344604492188 -0.0589027404785156
0.29058837890625 0.152618408203125 0.0470161437988281 -0.0563392639160156
0.247711181640625 0.18096923828125 0.0537490844726563 -0.0797653198242187
0.17041015625 0.277618408203125 0.013427734375 -0.0904693603515625
0.074127197265625 0.323486328125 0.05499267578125 -0.114372253417969
-0.165618896484375 0.316009521484375 0.125831604003906 -0.136825561523437
-0.285614013671875 0.2684326171875 0.19720458984375 -0.120895385742187
-0.328643798828125 0.1473388671875 0.31488037109375 -0.082000732421875
-0.372650146484375 0.153839111328125 -0.156784057617188 -0.190963745117188
-0.3416748046875 0.190155029296875 -0.0654754638671875 -0.120307922363281
-0.285736083984375 0.284393310546875 -0.0280914306640625 -0.132957458496094
-0.11810302734375 0.344024658203125 -0.0550994873046875 -0.142074584960937
0.010101318359375 0.316497802734375 -0.100936889648438 -0.108978271484375
0.190170288085937 0.25970458984375 -0.0901031494140625 -0.0722198486328125
0.256790161132813 0.161331176757813 -0.0799713134765625 -0.0722808837890625
0.243270874023438 0.141983032226563 -0.0718765258789063 -0.087615966796875
0.289764404296875 0.1324462890625 -0.0588760375976562 -0.080810546875
0.254257202148438 0.165176391601563 -0.0415802001953125 -0.113815307617188
0.182464599609375 0.27130126953125 -0.0582962036132813 -0.115577697753906
0.090484619140625 0.3228759765625 0.00711822509765625 -0.132064819335938
-0.147674560546875 0.334686279296875 0.087738037109375 -0.128334045410156
-0.265899658203125 0.3033447265625 0.131340026855469 -0.0653152465820312
-0.33001708984375 0.198028564453125 0.182479858398438 -0.040435791015625
-0.299560546875 0.20819091796875 -0.26971435546875 -0.13897705078125
-0.245071411132812 0.223175048828125 -0.125602722167969 -0.0768585205078125
-0.170425415039062 0.268814086914063 -0.0462570190429688 -0.121955871582031
-0.041717529296875 0.27618408203125 -0.0759735107421875 -0.159194946289063
0.0416107177734375 0.236831665039063 -0.12115478515625 -0.140037536621094
0.1741943359375 0.18524169921875 -0.145233154296875 -0.119918823242187
0.213211059570313 0.1070556640625 -0.171646118164063 -0.105941772460938
0.202865600585938 0.09661865234375 -0.167221069335938 -0.103851318359375
0.238800048828125 0.09454345703125 -0.155746459960937 -0.099090576171875
0.206405639648438 0.125808715820313 -0.124626159667969 -0.13848876953125
0.146591186523438 0.216583251953125 -0.110450744628906 -0.132133483886719
0.074859619140625 0.253707885742187 -0.0289306640625 -0.134307861328125
-0.106964111328125 0.275192260742187 0.0533676147460937 -0.0991668701171875
-0.197433471679687 0.274307250976563 0.0628318786621094 0.00348281860351564
-0.272109985351563 0.211471557617188 0.0449142456054687 0.015045166015625
-0.18341064453125 0.222991943359375 -0.3656005859375 -0.0682678222656249
-0.127593994140625 0.212081909179688 -0.18359375 -0.02239990234375
-0.049957275390625 0.208694458007813 -0.0756301879882813 -0.0905914306640625
0.025726318359375 0.173904418945312 -0.103622436523438 -0.140594482421875
0.0623245239257812 0.132408142089844 -0.1368408203125 -0.135322570800781
0.135765075683594 0.0887908935546875 -0.186660766601563 -0.1331787109375
0.140327453613281 0.0367889404296875 -0.240676879882812 -0.11383056640625
0.130645751953125 0.034759521484375 -0.238922119140625 -0.103500366210937
0.148269653320313 0.0392913818359375 -0.224884033203125 -0.111099243164062
0.121467590332031 0.06329345703125 -0.174972534179688 -0.153610229492188
0.083099365234375 0.118515014648438 -0.1270751953125 -0.141006469726563
0.0472640991210938 0.131195068359375 -0.0417709350585938 -0.126609802246094
-0.03839111328125 0.161972045898438 0.0313301086425781 -0.0608406066894531
-0.08544921875 0.201080322265625 0.00216293334960937 0.0651092529296875
-0.161285400390625 0.197036743164063 -0.0741043090820313 0.0718460083007813
-0.04376220703125 0.191314697265625 -0.43341064453125 0.00698852539062503
-0.016204833984375 0.152984619140625 -0.2342529296875 0.036834716796875
0.042999267578125 0.113037109375 -0.105476379394531 -0.041168212890625
0.060150146484375 0.0582122802734375 -0.127006530761719 -0.0935821533203125
0.0583877563476563 0.0267715454101563 -0.142440795898438 -0.102783203125
0.073150634765625 -0.00615692138671875 -0.208297729492187 -0.115478515625
0.0456008911132813 -0.0338363647460938 -0.275924682617188 -0.0956878662109375
0.03857421875 -0.0322380065917969 -0.272293090820313 -0.0880126953125
0.0369033813476563 -0.0258941650390625 -0.252838134765625 -0.114120483398438
0.0254917144775391 -0.0164890289306641 -0.185745239257812 -0.157119750976563
0.0219440460205078 -0.00459098815917969 -0.106674194335938 -0.139984130859375
0.0349025726318359 -0.0136699676513672 -0.0307769775390625 -0.108299255371094
0.060394287109375 0.0365409851074219 0.0216960906982422 -0.0198554992675781
0.0568008422851563 0.115585327148438 -0.0385818481445313 0.109794616699219
-0.0168609619140625 0.163711547851563 -0.152862548828125 0.12298583984375
-0.160797119140625 -0.130691528320313 0.152862548828125 -0.181594848632813
-0.210601806640625 0.00440979003906253 0.063232421875 -0.138008117675781
-0.170379638671875 0.115325927734375 -0.0318088531494141 -0.0193901062011719
-0.06060791015625 0.165069580078125 -0.00298309326171875 0.083953857421875
0.02178955078125 0.150741577148438 0.0404815673828125 0.137908935546875
0.0879058837890625 0.107711791992188 0.16796875 0.151535034179688
0.108894348144531 0.0732574462890625 0.264236450195313 0.0932464599609375
0.0762481689453125 0.077423095703125 0.259689331054688 0.050567626953125
0.0725631713867188 0.0780487060546875 0.2576904296875 0.05242919921875
0.0365371704101563 0.0810012817382813 0.21905517578125 0.067230224609375
-0.00379943847656249 0.08258056640625 0.1522216796875 0.0365447998046875
-0.0458908081054688 0.0703201293945313 0.133598327636719 0.012359619140625
-0.101226806640625 0.00518035888671875 0.167373657226562 -0.0265350341796875
-0.120018005371094 -0.0519790649414062 0.265090942382813 -0.100555419921875
-0.0694046020507813 -0.113235473632813 0.50384521484375 -0.050323486328125
-0.28704833984375 -0.060516357421875 0.118331909179688 -0.201675415039062
-0.31658935546875 0.057403564453125 0.057220458984375 -0.149612426757813
-0.2734375 0.195968627929688 -0.0347023010253906 -0.0603561401367187
-0.10882568359375 0.275344848632813 -0.0298862457275391 0.0333538055419922
0.020050048828125 0.257095336914062 -0.0127639770507813 0.0991287231445313
0.15362548828125 0.195205688476563 0.109817504882813 0.129776000976563
0.20074462890625 0.127685546875 0.206039428710938 0.0713348388671875
0.165985107421875 0.125167846679688 0.207382202148437 0.0153350830078125
0.1781005859375 0.121047973632812 0.212570190429687 0.0124664306640625
0.125045776367188 0.135688781738281 0.1865234375 0.0134735107421875
0.0602874755859375 0.171768188476563 0.120704650878906 -0.0133132934570312
-0.00936889648437501 0.176467895507813 0.118698120117188 -0.043731689453125
-0.145263671875 0.126571655273438 0.166976928710938 -0.0897064208984375
-0.209457397460938 0.06982421875 0.266128540039063 -0.147918701171875
-0.194869995117187 -0.0220489501953125 0.48101806640625 -0.103515625
-0.372711181640625 0.0121459960937501 0.038909912109375 -0.210540771484375
-0.383514404296875 0.10382080078125 0.02496337890625 -0.150146484375
-0.345306396484375 0.2501220703125 -0.0362625122070313 -0.0948486328125
-0.14971923828125 0.348968505859375 -0.0483589172363281 -0.0255661010742187
0.00765991210937498 0.330963134765625 -0.0576400756835938 0.0383567810058594
0.191909790039063 0.260223388671875 0.0400009155273438 0.0791168212890625
0.260543823242188 0.1654052734375 0.118148803710938 0.0330429077148438
0.230117797851562 0.15203857421875 0.12347412109375 -0.0215835571289062
0.261688232421875 0.140411376953125 0.135818481445313 -0.0251083374023437
0.208221435546875 0.167098999023438 0.124336242675781 -0.0381546020507812
0.1328125 0.240097045898437 0.0669708251953125 -0.0574684143066406
0.0424346923828125 0.271240234375 0.0856399536132813 -0.0916519165039062
-0.164642333984375 0.246414184570312 0.146316528320313 -0.136032104492188
-0.267776489257813 0.193649291992188 0.237808227539062 -0.162429809570313
-0.290008544921875 0.074676513671875 0.411376953125 -0.123870849609375
-0.4031982421875 0.0897216796874999 -0.0676116943359375 -0.204238891601563
-0.393829345703125 0.153656005859375 -0.0259552001953125 -0.137840270996094
-0.350494384765625 0.286834716796875 -0.0394744873046875 -0.11859130859375
-0.15264892578125 0.37750244140625 -0.0607757568359375 -0.0850372314453125
0.00482177734375003 0.355682373046875 -0.0909805297851563 -0.0328750610351562
0.206573486328125 0.28399658203125 -0.032196044921875 0.0103073120117188
0.283050537109375 0.1751708984375 0.0143899917602539 -0.015376091003418
0.259323120117188 0.156280517578125 0.0208587646484375 -0.0548477172851562
0.305999755859375 0.140533447265625 0.0346298217773438 -0.0537872314453125
0.259994506835938 0.173187255859375 0.0354843139648438 -0.0802993774414062
0.185836791992188 0.27679443359375 -0.00457000732421874 -0.0909500122070313
0.087249755859375 0.3267822265625 0.0374069213867188 -0.123443603515625
-0.161956787109375 0.3291015625 0.110519409179687 -0.152755737304688
-0.286041259765625 0.283416748046875 0.185897827148437 -0.136703491210938
-0.338775634765625 0.15728759765625 0.301605224609375 -0.1060791015625
-0.3734130859375 0.161834716796875 -0.186126708984375 -0.175628662109375
-0.339813232421875 0.20111083984375 -0.08721923828125 -0.111526489257813
-0.283203125 0.296783447265625 -0.0486984252929688 -0.126686096191406
-0.109161376953125 0.35198974609375 -0.0747146606445313 -0.131301879882812
0.019195556640625 0.321044921875 -0.116355895996094 -0.0960464477539062
0.200576782226562 0.254470825195313 -0.100296020507812 -0.0602874755859375
0.265579223632813 0.153793334960937 -0.0920181274414062 -0.0623931884765625
0.250335693359375 0.136260986328125 -0.0868988037109375 -0.079925537109375
0.299560546875 0.121795654296875 -0.074371337890625 -0.0735549926757813
0.260818481445313 0.157608032226562 -0.0621414184570313 -0.109115600585938
0.194854736328125 0.267120361328125 -0.0771942138671875 -0.111122131347656
0.101776123046875 0.32171630859375 -0.0130767822265625 -0.136116027832031
-0.1395263671875 0.342803955078125 0.0705718994140625 -0.141006469726562
-0.25860595703125 0.314544677734375 0.119285583496094 -0.0772323608398438
-0.331817626953125 0.20648193359375 0.166656494140625 -0.0574951171875
-0.2891845703125 0.212188720703125 -0.299285888671875 -0.12139892578125
-0.236907958984375 0.226913452148437 -0.149368286132813 -0.0686187744140625
-0.163742065429687 0.26934814453125 -0.0685501098632813 -0.116134643554687
-0.0360107421875 0.274185180664063 -0.09600830078125 -0.148117065429687
0.043731689453125 0.2359619140625 -0.135337829589844 -0.128936767578125
0.174789428710938 0.17889404296875 -0.156936645507812 -0.109298706054688
0.21356201171875 0.102142333984375 -0.185531616210938 -0.09429931640625
0.2027587890625 0.09375 -0.183486938476563 -0.093170166015625
0.240753173828125 0.088134765625 -0.172134399414062 -0.0878143310546875
0.206588745117188 0.120834350585938 -0.145278930664063 -0.128890991210938
0.1514892578125 0.210769653320313 -0.1287841796875 -0.123451232910156
0.0802154541015625 0.248886108398438 -0.0488128662109375 -0.135086059570312
-0.099853515625 0.27490234375 0.0378036499023438 -0.108482360839844
-0.186737060546875 0.2767333984375 0.0514450073242187 -0.00407791137695311
-0.264801025390625 0.21630859375 0.0295600891113281 0.00547790527343751
-0.1636962890625 0.223358154296875 -0.39111328125 -0.0482788085937499
-0.112991333007813 0.209197998046875 -0.206161499023438 -0.0131378173828125
-0.039276123046875 0.198822021484375 -0.095550537109375 -0.0826950073242188
0.029022216796875 0.162918090820313 -0.120903015136719 -0.127861022949219
0.0593414306640625 0.12506103515625 -0.145904541015625 -0.124496459960938
0.128143310546875 0.0821380615234375 -0.196517944335938 -0.123870849609375
0.131629943847656 0.0351638793945313 -0.254531860351563 -0.102294921875
0.123764038085938 0.0351791381835938 -0.253616333007813 -0.0915985107421875
0.141677856445313 0.0393829345703125 -0.240020751953125 -0.0983734130859375
0.113777160644531 0.0633544921875 -0.192657470703125 -0.143524169921875
0.077850341796875 0.114906311035156 -0.142562866210938 -0.133316040039063
0.0423126220703125 0.124519348144531 -0.059173583984375 -0.126327514648438
-0.0357818603515625 0.15191650390625 0.0190582275390625 -0.0685844421386719
-0.0738525390625 0.191558837890625 -0.00440597534179689 0.060302734375
-0.147003173828125 0.194381713867188 -0.0860137939453125 0.0673446655273438
-0.0186614990234375 0.187881469726562 -0.451751708984375 0.0289306640624999
0.00291442871093751 0.147537231445313 -0.250885009765625 0.04864501953125
0.0569686889648437 0.098388671875 -0.120506286621094 -0.0300521850585938
0.0616264343261719 0.0427131652832031 -0.137321472167969 -0.078704833984375
0.052825927734375 0.0143051147460938 -0.145355224609375 -0.0934600830078125
0.0587539672851563 -0.0124435424804688 -0.21417236328125 -0.108047485351562
0.0302791595458984 -0.0319461822509766 -0.28570556640625 -0.0848388671874999
0.0253849029541016 -0.0284214019775391 -0.283203125 -0.076385498046875
0.0227184295654297 -0.0199451446533203 -0.266448974609375 -0.10260009765625
0.0114364624023438 -0.0120248794555664 -0.19952392578125 -0.149612426757812
0.00692224502563477 -0.00568675994873047 -0.119132995605469 -0.136222839355469
0.0204391479492188 -0.0219287872314453 -0.0428543090820313 -0.109466552734375
0.0585899353027344 0.0171890258789063 0.014404296875 -0.0277462005615234
0.0674972534179688 0.094757080078125 -0.0418167114257812 0.104934692382813
0.00189208984375001 0.1531982421875 -0.158721923828125 0.121444702148438
-0.178009033203125 -0.112319946289062 0.157485961914063 -0.174957275390625
-0.20465087890625 0.027801513671875 0.0693817138671875 -0.132461547851563
-0.155517578125 0.132522583007812 -0.0291595458984375 -0.0148487091064453
-0.0396575927734375 0.1697998046875 0.00296783447265626 0.0858993530273438
0.041534423828125 0.14593505859375 0.0456924438476563 0.139862060546875
0.102851867675781 0.0920639038085937 0.174957275390625 0.148422241210938
0.119651794433594 0.0574874877929688 0.269073486328125 0.0872039794921875
0.0873260498046875 0.067169189453125 0.261154174804688 0.045684814453125
0.0858840942382813 0.0677642822265625 0.25885009765625 0.0479583740234375
0.049957275390625 0.0785064697265625 0.214981079101563 0.06231689453125
0.00720977783203126 0.0894699096679687 0.145767211914062 0.029998779296875
-0.0424575805664063 0.0829086303710938 0.1314697265625 0.00146484375
-0.110809326171875 0.0207290649414063 0.170059204101563 -0.038909912109375
-0.135238647460938 -0.0364761352539062 0.271255493164063 -0.112655639648438
-0.0903167724609375 -0.105148315429687 0.50750732421875 -0.072357177734375
-0.3028564453125 -0.041900634765625 0.116912841796875 -0.18914794921875
-0.311248779296875 0.0815429687499999 0.0593109130859375 -0.140838623046875
-0.260147094726563 0.2158203125 -0.0363273620605469 -0.052490234375
-0.08575439453125 0.281463623046875 -0.0282249450683594 0.0396080017089844
0.0403900146484375 0.254074096679688 -0.010894775390625 0.107582092285156
0.169769287109375 0.179901123046875 0.11553955078125 0.132720947265625
0.212966918945313 0.110809326171875 0.208602905273438 0.0701446533203125
0.177169799804688 0.113845825195313 0.204635620117188 0.01470947265625
0.192108154296875 0.10870361328125 0.209304809570313 0.0116424560546875
0.138092041015625 0.131790161132813 0.178070068359375 0.0108184814453125
0.072845458984375 0.176589965820313 0.110305786132813 -0.0168609619140625
-0.00436401367187501 0.186508178710938 0.110099792480469 -0.0529098510742187
-0.152618408203125 0.140884399414062 0.162216186523438 -0.102188110351563
-0.22064208984375 0.085601806640625 0.264404296875 -0.160110473632813
-0.214431762695312 -0.01312255859375 0.474853515625 -0.124969482421875
-0.386016845703125 0.026702880859375 0.031585693359375 -0.194366455078125
-0.38201904296875 0.123870849609375 0.0222091674804687 -0.137962341308594
-0.336181640625 0.27020263671875 -0.0430984497070313 -0.0850830078125
-0.1298828125 0.3570556640625 -0.0517692565917969 -0.0151290893554687
0.026123046875 0.331329345703125 -0.0594367980957031 0.0515022277832032
0.206832885742188 0.246795654296875 0.0427932739257813 0.0873641967773438
0.271194458007813 0.150299072265625 0.117591857910156 0.03753662109375
0.240280151367188 0.141571044921875 0.117279052734375 -0.0179595947265625
0.27410888671875 0.1280517578125 0.12933349609375 -0.0222015380859375
0.21917724609375 0.16015625 0.111625671386719 -0.0367889404296875
0.146102905273437 0.24102783203125 0.0537109375 -0.0572471618652344
0.0498809814453125 0.276840209960938 0.0719985961914063 -0.0974502563476562
-0.167556762695312 0.2591552734375 0.134246826171875 -0.146591186523437
-0.273300170898438 0.2081298828125 0.2288818359375 -0.173370361328125
-0.3045654296875 0.0835876464843751 0.39794921875 -0.1405029296875
-0.410369873046875 0.0994873046875001 -0.081085205078125 -0.18487548828125
-0.393707275390625 0.167083740234375 -0.034912109375 -0.123802185058594
-0.345550537109375 0.301910400390625 -0.0506973266601563 -0.107696533203125
-0.1380615234375 0.384918212890625 -0.0693130493164063 -0.0719070434570312
0.017730712890625 0.3580322265625 -0.096588134765625 -0.017791748046875
0.217544555664062 0.274642944335938 -0.0324230194091797 0.0225334167480469
0.290985107421875 0.16387939453125 0.0110435485839844 -0.00675296783447265
0.267227172851563 0.149063110351562 0.012054443359375 -0.0475997924804688
0.314849853515625 0.1285400390625 0.0261306762695313 -0.0468177795410156
0.267776489257813 0.166152954101563 0.0208740234375 -0.0743942260742187
0.197433471679688 0.272750854492188 -0.0192947387695312 -0.0853500366210937
0.095245361328125 0.32806396484375 0.0207366943359375 -0.124794006347656
-0.159332275390625 0.33837890625 0.09423828125 -0.160430908203125
-0.284942626953125 0.294952392578125 0.172744750976562 -0.14593505859375
-0.347625732421875 0.16497802734375 0.28302001953125 -0.11920166015625
-0.373992919921875 0.1658935546875 -0.204055786132813 -0.154541015625
-0.337738037109375 0.207305908203125 -0.101638793945313 -0.0969772338867188
-0.281402587890625 0.30328369140625 -0.0645904541015625 -0.115585327148438
-0.10174560546875 0.355682373046875 -0.0862884521484375 -0.116539001464844
0.025390625 0.323394775390625 -0.124069213867187 -0.081390380859375
0.20587158203125 0.249099731445313 -0.104194641113281 -0.0475921630859375
0.270233154296875 0.1466064453125 -0.0981521606445312 -0.0511474609375
0.253952026367188 0.131607055664063 -0.0969467163085938 -0.0694732666015625
0.303955078125 0.11346435546875 -0.0839080810546875 -0.0629119873046875
0.263916015625 0.151016235351563 -0.07666015625 -0.099212646484375
0.202163696289063 0.26116943359375 -0.0915374755859375 -0.100730895996094
0.1085205078125 0.3184814453125 -0.0302963256835937 -0.133689880371094
-0.1351318359375 0.346221923828125 0.05316162109375 -0.145523071289062
-0.253662109375 0.31976318359375 0.105384826660156 -0.0816726684570312
-0.332611083984375 0.210968017578125 0.147369384765625 -0.0658416748046875
-0.281829833984375 0.20989990234375 -0.318328857421875 -0.10101318359375
-0.231307983398437 0.223922729492187 -0.166091918945313 -0.0550384521484375
-0.162628173828125 0.264984130859375 -0.0848388671875 -0.10455322265625
-0.0358734130859375 0.270706176757813 -0.108283996582031 -0.133682250976563
0.0414886474609375 0.235397338867188 -0.142257690429687 -0.116455078125
0.172195434570313 0.176864624023438 -0.162826538085938 -0.0981903076171875
0.21240234375 0.101394653320313 -0.194183349609375 -0.0827178955078125
0.202011108398437 0.093536376953125 -0.193588256835938 -0.0810546875
0.240554809570312 0.08538818359375 -0.18182373046875 -0.074859619140625
0.204605102539063 0.1185302734375 -0.157974243164062 -0.116867065429688
0.152359008789063 0.207199096679688 -0.141281127929687 -0.11248779296875
0.080963134765625 0.245071411132812 -0.0646743774414063 -0.129936218261719
-0.0966796875 0.271896362304688 0.0217514038085937 -0.11114501953125
-0.180130004882813 0.2738037109375 0.039581298828125 -0.00647735595703123
-0.260009765625 0.214889526367187 0.0122518539428711 0.000944137573242201
-0.149566650390625 0.21588134765625 -0.40789794921875 -0.0286560058593751
-0.1025390625 0.201187133789063 -0.222976684570313 -0.000762939453125032
-0.03570556640625 0.186614990234375 -0.109298706054688 -0.070281982421875
0.0258636474609375 0.153610229492188 -0.129707336425781 -0.113227844238281
0.0530471801757813 0.120903015136719 -0.148895263671875 -0.11444091796875
0.118453979492188 0.0815582275390625 -0.2015380859375 -0.11572265625
0.124595642089844 0.0384292602539063 -0.261703491210938 -0.0911102294921875
0.117851257324219 0.0395889282226563 -0.261703491210938 -0.07916259765625
0.13623046875 0.043121337890625 -0.24896240234375 -0.084930419921875
0.107261657714844 0.0667800903320313 -0.2041015625 -0.131210327148437
0.0713424682617187 0.114501953125 -0.152542114257813 -0.123367309570313
0.034942626953125 0.121749877929688 -0.07171630859375 -0.121353149414063
-0.037994384765625 0.142486572265625 0.00661468505859374 -0.0713119506835937
-0.0689849853515625 0.179046630859375 -0.0136528015136719 0.0584831237792969
-0.137527465820312 0.185882568359375 -0.0987091064453125 0.0659713745117188
-0.000442504882812509 0.176834106445313 -0.462005615234375 0.049224853515625
0.01611328125 0.137619018554688 -0.263778686523438 0.0621185302734375
0.062896728515625 0.08203125 -0.130081176757813 -0.01708984375
0.05792236328125 0.0298576354980469 -0.141387939453125 -0.0642242431640625
0.0438270568847656 0.00705337524414063 -0.143356323242188 -0.08612060546875
0.0448417663574219 -0.0132942199707031 -0.215911865234375 -0.10296630859375
0.0179538726806641 -0.0247383117675781 -0.291595458984375 -0.0763854980468749
0.0154743194580078 -0.0204677581787109 -0.28826904296875 -0.06585693359375
0.0130081176757813 -0.00946521759033203 -0.2740478515625 -0.0914764404296875
0.000726461410522461 -0.00328803062438965 -0.208038330078125 -0.1409912109375
-0.00670814514160156 -0.00222969055175781 -0.126907348632813 -0.130027770996094
0.00577735900878906 -0.0237808227539062 -0.0526657104492187 -0.107215881347656
0.050628662109375 0.00189590454101562 0.00595664978027344 -0.0328159332275391
0.0692062377929688 0.0740127563476563 -0.0470352172851562 0.101615905761719
0.0138473510742187 0.138107299804688 -0.16595458984375 0.119720458984375
-0.18798828125 -0.095733642578125 0.169326782226563 -0.17034912109375
-0.196212768554688 0.0426177978515625 0.0800247192382813 -0.130584716796875
-0.142105102539063 0.142608642578125 -0.0256500244140625 -0.0119209289550781
-0.0231781005859375 0.170272827148438 0.00872802734375 0.0865478515625
0.0553512573242188 0.138893127441406 0.0500640869140625 0.142990112304688
0.11181640625 0.0776290893554688 0.180221557617188 0.147537231445313
0.124732971191406 0.0429763793945313 0.273956298828125 0.08489990234375
0.0939865112304688 0.0574874877929688 0.264190673828125 0.0455474853515625
0.0948486328125 0.0565567016601563 0.261154174804688 0.0482177734375
0.0599441528320313 0.074371337890625 0.211868286132812 0.0633697509765625
0.0179367065429688 0.0928421020507812 0.140190124511719 0.0283050537109375
-0.0373382568359375 0.0934600830078125 0.129020690917969 -0.00525665283203124
-0.116844177246094 0.03521728515625 0.17266845703125 -0.0476837158203125
-0.145248413085938 -0.02130126953125 0.27783203125 -0.12200927734375
-0.105911254882812 -0.095672607421875 0.512298583984375 -0.084442138671875
-0.314453125 -0.02728271484375 0.124710083007812 -0.179702758789063
-0.3062744140625 0.09625244140625 0.067474365234375 -0.134468078613281
-0.249252319335938 0.228240966796875 -0.0352859497070313 -0.0467071533203125
-0.069732666015625 0.2838134765625 -0.0255813598632813 0.044830322265625
0.054046630859375 0.249893188476562 -0.00815582275390625 0.115196228027344
0.178924560546875 0.166336059570313 0.120628356933594 0.136909484863281
0.21954345703125 0.0969390869140625 0.212539672851563 0.0732574462890625
0.184341430664063 0.10577392578125 0.20513916015625 0.018096923828125
0.202438354492188 0.09808349609375 0.209152221679688 0.0148773193359375
0.148574829101563 0.1280517578125 0.17108154296875 0.014312744140625
0.0831756591796875 0.180007934570313 0.10205078125 -0.0155410766601562
-0.000579833984374998 0.196731567382813 0.103042602539063 -0.05743408203125
-0.159408569335937 0.15545654296875 0.158355712890625 -0.109771728515625
-0.231292724609375 0.100494384765625 0.265106201171875 -0.168136596679688
-0.231292724609375 -0.00469970703125001 0.47247314453125 -0.135009765625
-0.3980712890625 0.037933349609375 0.0342559814453125 -0.179794311523437
-0.38043212890625 0.136627197265625 0.0263671875 -0.127998352050781
-0.33074951171875 0.283477783203125 -0.044525146484375 -0.0767593383789063
-0.116485595703125 0.36151123046875 -0.0521125793457031 -0.00594329833984372
0.0364990234375 0.33056640625 -0.0589256286621094 0.0623245239257813
0.215377807617188 0.237808227539063 0.0466461181640625 0.0963058471679688
0.278717041015625 0.139907836914063 0.1202392578125 0.0439529418945313
0.247817993164063 0.136978149414063 0.114997863769531 -0.0117721557617187
0.283050537109375 0.11871337890625 0.126564025878906 -0.0162429809570312
0.227188110351563 0.156570434570313 0.102828979492188 -0.03125
0.156082153320313 0.24261474609375 0.0431594848632813 -0.053314208984375
0.054473876953125 0.284942626953125 0.0609893798828125 -0.0990829467773437
-0.172805786132812 0.271987915039063 0.12530517578125 -0.152130126953125
-0.28143310546875 0.22119140625 0.2239990234375 -0.179656982421875
-0.3201904296875 0.0909118652343749 0.389312744140625 -0.148040771484375
-0.421539306640625 0.103759765625 -0.0855712890625001 -0.167770385742187
-0.395782470703125 0.175506591796875 -0.0359115600585938 -0.111343383789062
-0.3470458984375 0.312591552734375 -0.0556793212890625 -0.096771240234375
-0.1314697265625 0.391021728515625 -0.0724563598632813 -0.0602340698242188
0.024139404296875 0.361480712890625 -0.098846435546875 -0.00503540039062496
0.223846435546875 0.270263671875 -0.0304832458496094 0.0326023101806641
0.2979736328125 0.1583251953125 0.0109882354736328 0.0017385482788086
0.273361206054688 0.146514892578125 0.00728988647460939 -0.039154052734375
0.32208251953125 0.12188720703125 0.0222396850585938 -0.0388565063476562
0.2734375 0.163665771484375 0.0115547180175781 -0.0660438537597656
0.205352783203125 0.272552490234375 -0.02960205078125 -0.0783233642578125
0.0999755859375 0.33282470703125 0.00800323486328127 -0.122673034667969
-0.162567138671875 0.34808349609375 0.0812835693359375 -0.163528442382812
-0.28936767578125 0.305023193359375 0.164138793945313 -0.147964477539062
-0.3597412109375 0.17034912109375 0.269271850585937 -0.122970581054687
-0.38092041015625 0.1641845703125 -0.21380615234375 -0.137161254882813
-0.34210205078125 0.2091064453125 -0.108306884765625 -0.0833587646484375
-0.2862548828125 0.30780029296875 -0.0724868774414063 -0.103904724121094
-0.101104736328125 0.359954833984375 -0.0923690795898437 -0.104591369628906
0.025482177734375 0.3284912109375 -0.127388000488281 -0.0694503784179687
0.207748413085938 0.250198364257813 -0.104827880859375 -0.0375137329101562
0.274566650390625 0.146499633789063 -0.100875854492187 -0.0423660278320313
0.25726318359375 0.133041381835938 -0.103012084960937 -0.0604400634765625
0.309051513671875 0.110931396484375 -0.0891036987304688 -0.0535430908203125
0.2667236328125 0.150634765625 -0.0857925415039062 -0.0887603759765625
0.205856323242188 0.260986328125 -0.101112365722656 -0.09222412109375
0.110443115234375 0.320770263671875 -0.0430908203125 -0.12896728515625
-0.13677978515625 0.3507080078125 0.039306640625 -0.145172119140625
-0.25531005859375 0.32366943359375 0.09466552734375 -0.082000732421875
-0.3408203125 0.210968017578125 0.131736755371094 -0.0672225952148437
-0.28302001953125 0.203857421875 -0.33209228515625 -0.083404541015625
-0.2332763671875 0.220001220703125 -0.178665161132813 -0.041900634765625
-0.1688232421875 0.262741088867188 -0.0952682495117188 -0.0926055908203125
-0.040679931640625 0.270736694335938 -0.114410400390625 -0.120635986328125
0.0374603271484375 0.239761352539062 -0.14508056640625 -0.107025146484375
0.169219970703125 0.181060791015625 -0.164840698242188 -0.0906524658203125
0.211944580078125 0.105300903320312 -0.198883056640625 -0.0741729736328125
0.202728271484375 0.098907470703125 -0.199874877929687 -0.071563720703125
0.241195678710938 0.0870513916015625 -0.18731689453125 -0.0653839111328125
0.202972412109375 0.121017456054687 -0.16656494140625 -0.106521606445312
0.150894165039063 0.208236694335938 -0.148605346679688 -0.103134155273438
0.0775909423828125 0.24560546875 -0.0756912231445313 -0.123687744140625
-0.100357055664063 0.27044677734375 0.00917816162109374 -0.110069274902344
-0.181716918945312 0.270523071289063 0.0298671722412109 -0.00425529479980467
-0.263198852539063 0.210281372070313 -0.00421357154846193 0.0018601417541504
-0.144424438476562 0.206100463867188 -0.42095947265625 -0.013031005859375
-0.10009765625 0.19232177734375 -0.236480712890625 0.0113067626953125
-0.0396881103515625 0.17742919921875 -0.119216918945313 -0.0586013793945312
0.01910400390625 0.148895263671875 -0.134063720703125 -0.1015625
0.0442733764648438 0.1214599609375 -0.149688720703125 -0.108627319335937
0.110496520996094 0.0855789184570313 -0.20355224609375 -0.111679077148438
0.120414733886719 0.0462722778320312 -0.267364501953125 -0.0847015380859375
0.115364074707031 0.0472869873046875 -0.267044067382812 -0.0714263916015625
0.133872985839844 0.05072021484375 -0.255096435546875 -0.07623291015625
0.10308837890625 0.0738372802734375 -0.2099609375 -0.123397827148438
0.0647735595703125 0.119117736816406 -0.158416748046875 -0.115447998046875
0.0268630981445313 0.122711181640625 -0.0811004638671875 -0.116203308105469
-0.045562744140625 0.136344909667969 -0.00414276123046875 -0.0713882446289063
-0.0714263916015625 0.168319702148438 -0.0230865478515625 0.0597686767578125
-0.136993408203125 0.175567626953125 -0.113746643066406 0.0675201416015625
0.0103607177734375 0.164306640625 -0.47198486328125 0.0623779296875
0.0226364135742187 0.126380920410156 -0.275466918945313 0.0731506347656251
0.0632781982421875 0.0682716369628906 -0.135887145996094 -0.00610351562500001
0.0517768859863281 0.0210914611816406 -0.141265869140625 -0.0541534423828125
0.0341815948486328 0.00386238098144531 -0.13995361328125 -0.0831069946289062
0.0341205596923828 -0.00927162170410156 -0.216812133789062 -0.102127075195313
0.00972175598144531 -0.0143566131591797 -0.29547119140625 -0.072418212890625
0.00973796844482422 -0.0105180740356445 -0.29205322265625 -0.0599975585937501
0.00792551040649414 0.00226211547851563 -0.279388427734375 -0.08526611328125
-0.00544643402099609 0.00753688812255859 -0.212890625 -0.13641357421875
-0.0172328948974609 0.00506591796875 -0.131263732910156 -0.126121520996094
-0.007354736328125 -0.0219955444335938 -0.0597686767578125 -0.104705810546875
0.0399398803710938 -0.00860595703125 -0.00238800048828125 -0.0351486206054687
0.0654945373535156 0.0572700500488281 -0.0558319091796875 0.100349426269531
0.0186080932617188 0.123458862304688 -0.177810668945312 0.118927001953125
-0.197891235351563 -0.08343505859375 0.18695068359375 -0.1717529296875
-0.190155029296875 0.053192138671875 0.093475341796875 -0.134269714355469
-0.13323974609375 0.151397705078125 -0.0219364166259766 -0.0104179382324219
-0.010772705078125 0.170303344726563 0.0132064819335938 0.0885772705078125
0.0661468505859375 0.1341552734375 0.0544891357421875 0.149017333984375
0.118782043457031 0.0652542114257813 0.187515258789063 0.151229858398438
0.128593444824219 0.030548095703125 0.284393310546875 0.08660888671875
0.0995330810546875 0.0501174926757813 0.27294921875 0.0484466552734375
0.102203369140625 0.0479736328125 0.270431518554688 0.0521240234375
0.0682525634765625 0.0707855224609375 0.214019775390625 0.068023681640625
0.0280380249023437 0.0963134765625 0.137519836425781 0.0310592651367188
-0.0326156616210938 0.103561401367188 0.127822875976563 -0.00906372070312499
-0.122367858886719 0.0494003295898438 0.178115844726563 -0.0563201904296875
-0.154373168945312 -0.00769042968749997 0.29095458984375 -0.132568359375
-0.119338989257813 -0.0866012573242187 0.527252197265625 -0.092864990234375
-0.329437255859375 -0.0157470703125 0.139053344726562 -0.176162719726563
-0.30609130859375 0.10784912109375 0.0795745849609375 -0.134376525878906
-0.245285034179688 0.24102783203125 -0.0331802368164063 -0.0427398681640625
-0.059112548828125 0.288330078125 -0.0232009887695313 0.04962158203125
0.0642547607421875 0.250091552734375 -0.0054473876953125 0.124481201171875
0.187286376953125 0.158050537109375 0.127639770507813 0.143844604492188
0.227401733398438 0.08770751953125 0.221405029296875 0.077667236328125
0.194076538085938 0.1011962890625 0.210342407226563 0.0238037109375
0.21270751953125 0.0909423828125 0.21539306640625 0.020355224609375
0.159042358398438 0.12738037109375 0.17138671875 0.020843505859375
0.0939788818359375 0.185958862304688 0.096771240234375 -0.0120468139648437
0.00360107421874999 0.2108154296875 0.0988845825195313 -0.060394287109375
-0.1688232421875 0.173263549804687 0.158905029296875 -0.117218017578125
-0.24334716796875 0.11676025390625 0.272552490234375 -0.176925659179687
-0.249954223632813 0.00479125976562504 0.48211669921875 -0.13983154296875
-0.417449951171875 0.0471496582031251 0.0421600341796875 -0.17266845703125
-0.386810302734375 0.147216796875 0.0348434448242187 -0.123497009277344
-0.334564208984375 0.298309326171875 -0.0446929931640625 -0.0707855224609375
-0.110260009765625 0.370941162109375 -0.0515060424804688 0.000835418701171903
0.044586181640625 0.337127685546875 -0.0586776733398437 0.0741119384765625
0.224517822265625 0.235382080078125 0.0531158447265625 0.105690002441406
0.289642333984375 0.134857177734375 0.126655578613281 0.0504913330078125
0.259063720703125 0.135498046875 0.116783142089844 -0.00498199462890624
0.295867919921875 0.114288330078125 0.129165649414063 -0.00940704345703124
0.238800048828125 0.158157348632813 0.100105285644531 -0.0246658325195312
0.16693115234375 0.250244140625 0.0367660522460938 -0.0482368469238281
0.0592041015625 0.299163818359375 0.0540924072265625 -0.0997772216796875
-0.182159423828125 0.29083251953125 0.120712280273437 -0.157394409179687
-0.294586181640625 0.23822021484375 0.226165771484375 -0.18603515625
-0.34228515625 0.100250244140625 0.391326904296875 -0.1527099609375
-0.442596435546875 0.10906982421875 -0.0850830078125 -0.157333374023438
-0.40802001953125 0.182708740234375 -0.0335769653320313 -0.103591918945312
-0.35809326171875 0.327728271484375 -0.0587539672851563 -0.0892868041992187
-0.130401611328125 0.4031982421875 -0.074310302734375 -0.0518417358398437
0.02789306640625 0.373138427734375 -0.10040283203125 0.00597381591796875
0.23211669921875 0.274398803710937 -0.0267753601074219 0.0420150756835938
0.3087158203125 0.157928466796875 0.013702392578125 0.00894546508789064
0.284881591796875 0.14984130859375 0.0059337615966797 -0.0327186584472656
0.335113525390625 0.120269775390625 0.02154541015625 -0.0318984985351562
0.283355712890625 0.166259765625 0.00608444213867189 -0.0586509704589844
0.2147216796875 0.280364990234375 -0.0372543334960937 -0.0718841552734375
0.10382080078125 0.346343994140625 -0.000755310058593736 -0.121231079101562
-0.17034912109375 0.366058349609375 0.0740203857421875 -0.165863037109375
-0.301513671875 0.32073974609375 0.1617431640625 -0.150283813476562
-0.380645751953125 0.177093505859375 0.2646484375 -0.124420166015625
-0.398651123046875 0.1650390625 -0.222579956054688 -0.125076293945313
-0.355255126953125 0.212005615234375 -0.113494873046875 -0.0730743408203125
-0.300872802734375 0.318817138671875 -0.0785446166992188 -0.0951690673828125
-0.105224609375 0.37249755859375 -0.0960235595703125 -0.0948104858398437
0.024810791015625 0.3427734375 -0.130409240722656 -0.0604400634765625
0.21307373046875 0.258331298828125 -0.104354858398438 -0.0304794311523437
0.283355712890625 0.151763916015625 -0.103424072265625 -0.0359115600585937
0.267242431640625 0.139724731445313 -0.10833740234375 -0.0538330078125
0.31951904296875 0.113067626953125 -0.0931854248046875 -0.0470428466796875
0.27392578125 0.155548095703125 -0.0935821533203125 -0.0818557739257813
0.211593627929688 0.269256591796875 -0.108802795410156 -0.0848770141601563
0.1129150390625 0.332000732421875 -0.0526962280273437 -0.124534606933594
-0.144073486328125 0.3642578125 0.030059814453125 -0.145767211914062
-0.265533447265625 0.33538818359375 0.0897140502929687 -0.080352783203125
-0.358856201171875 0.215545654296875 0.120849609375 -0.06512451171875
-0.29461669921875 0.200775146484375 -0.347320556640625 -0.0712280273437499
-0.2435302734375 0.218673706054688 -0.189834594726563 -0.0305633544921875
-0.181808471679688 0.267288208007813 -0.103141784667969 -0.0832901000976563
-0.0474853515625 0.279327392578125 -0.119468688964844 -0.112518310546875
0.0324859619140625 0.251052856445313 -0.148147583007813 -0.102127075195312
0.170013427734375 0.191299438476563 -0.167556762695312 -0.08709716796875
0.218719482421875 0.113739013671875 -0.205581665039063 -0.06927490234375
0.208709716796875 0.106582641601563 -0.208084106445313 -0.0667724609375
0.248947143554688 0.093292236328125 -0.194381713867187 -0.058837890625
0.20697021484375 0.128829956054688 -0.174057006835938 -0.100448608398437
0.152145385742188 0.21673583984375 -0.155929565429688 -0.09637451171875
0.075927734375 0.254440307617188 -0.0850067138671875 -0.119956970214844
-0.109527587890625 0.276763916015625 -2.28881835937555E-05 -0.108795166015625
-0.189865112304688 0.273605346679687 0.0220241546630859 -0.000167846679687483
-0.276016235351563 0.209823608398438 -0.0186882019042969 0.0066814422607422
-0.147201538085938 0.199691772460938 -0.439971923828125 -0.000274658203125063
-0.104705810546875 0.18743896484375 -0.251815795898438 0.0233612060546876
-0.0479736328125 0.174514770507813 -0.127166748046875 -0.049407958984375
0.0118255615234375 0.150039672851562 -0.13775634765625 -0.0936965942382812
0.0377197265625 0.127830505371094 -0.15155029296875 -0.107589721679688
0.106925964355469 0.0951080322265625 -0.207855224609375 -0.111831665039063
0.121734619140625 0.0562667846679688 -0.276229858398438 -0.0826110839843751
0.116966247558594 0.0570449829101563 -0.276397705078125 -0.0677490234375
0.137077331542969 0.0605087280273438 -0.263916015625 -0.07183837890625
0.103302001953125 0.08343505859375 -0.218338012695313 -0.119949340820313
0.0610427856445312 0.127716064453125 -0.1654052734375 -0.111541748046875
0.0195770263671875 0.129096984863281 -0.0884475708007812 -0.113075256347656
-0.0557708740234375 0.1351318359375 -0.0127944946289063 -0.0705795288085937
-0.07940673828125 0.163803100585938 -0.0324325561523438 0.0650405883789063
-0.1439208984375 0.168914794921875 -0.130088806152344 0.0725173950195313
0.0154571533203125 0.155014038085938 -0.491455078125 0.073455810546875
0.025421142578125 0.119239807128906 -0.290924072265625 0.085174560546875
0.0615119934082031 0.0582427978515625 -0.142135620117188 0.00396728515625003
0.0449790954589844 0.0159454345703125 -0.14263916015625 -0.0474395751953125
0.0261039733886719 0.00368690490722656 -0.139511108398438 -0.0847702026367187
0.0263519287109375 -0.00220680236816406 -0.221694946289063 -0.105560302734375
0.00596094131469727 -0.0039830207824707 -0.305877685546875 -0.072906494140625
0.00670862197875977 -0.00104475021362305 -0.302337646484375 -0.05975341796875
0.00673484802246094 0.0143976211547852 -0.289276123046875 -0.083953857421875
-0.00922775268554688 0.0188465118408203 -0.219955444335938 -0.13690185546875
-0.0252418518066406 0.0135555267333984 -0.13677978515625 -0.125740051269531
-0.0179061889648438 -0.0185050964355469 -0.066009521484375 -0.103729248046875
0.0296230316162109 -0.0157108306884766 -0.0106925964355469 -0.0357818603515625
0.0591773986816406 0.0457534790039062 -0.0655136108398438 0.103866577148438
0.018157958984375 0.112098693847656 -0.19427490234375 0.121185302734375
-0.210296630859375 -0.071441650390625 0.207138061523438 -0.182510375976563
-0.18743896484375 0.0638427734375 0.10687255859375 -0.145095825195313
-0.124984741210938 0.16290283203125 -0.0194683074951172 -0.00908851623535155
0.00172424316406252 0.1727294921875 0.0190887451171875 0.0914459228515625
0.0783157348632813 0.13031005859375 0.0622406005859375 0.156326293945313
0.125709533691406 0.0528030395507813 0.201309204101563 0.15594482421875
0.133560180664063 0.018707275390625 0.302703857421875 0.086883544921875
0.106590270996094 0.0430145263671875 0.290557861328125 0.048370361328125
0.109359741210938 0.0389175415039063 0.28656005859375 0.05401611328125
0.0779037475585938 0.0671005249023438 0.223495483398438 0.0736846923828125
0.0393829345703125 0.0998687744140625 0.139381408691406 0.033447265625
-0.026641845703125 0.115806579589844 0.130294799804688 -0.0135726928710937
-0.12713623046875 0.06689453125 0.186431884765625 -0.0677032470703125
-0.164031982421875 0.00871276855468752 0.3076171875 -0.1507568359375
-0.134193420410156 -0.0774765014648438 0.555023193359375 -0.111358642578125
-0.349853515625 -0.000213623046874968 0.156005859375 -0.182403564453125
-0.31121826171875 0.122283935546875 0.0924072265625 -0.14141845703125
-0.244308471679687 0.260330200195313 -0.0317153930664063 -0.0401687622070312
-0.04754638671875 0.29833984375 -0.0194053649902344 0.0547142028808594
0.0770416259765625 0.254623413085938 -0.000457763671874982 0.136131286621094
0.200424194335938 0.151153564453125 0.140579223632813 0.152084350585938
0.239395141601563 0.077728271484375 0.237472534179688 0.0811767578125
0.207839965820313 0.0965423583984375 0.223831176757813 0.026397705078125
0.228042602539063 0.0827789306640625 0.228286743164063 0.0236358642578125
0.173294067382813 0.12615966796875 0.177032470703125 0.026611328125
0.109710693359375 0.19384765625 0.09539794921875 -0.00870513916015624
0.011932373046875 0.22784423828125 0.0971603393554688 -0.0636062622070312
-0.176666259765625 0.197052001953125 0.162063598632813 -0.12841796875
-0.256973266601563 0.13958740234375 0.2850341796875 -0.194244384765625
-0.272216796875 0.0192413330078124 0.50286865234375 -0.156036376953125
-0.44476318359375 0.06298828125 0.051513671875 -0.172088623046875
-0.400360107421875 0.164154052734375 0.0441665649414062 -0.125511169433594
-0.342376708984375 0.32379150390625 -0.0454635620117188 -0.0667610168457031
-0.1036376953125 0.388397216796875 -0.0507469177246094 0.00772857666015626
0.0555419921875 0.351043701171875 -0.05682373046875 0.0868988037109375
0.240753173828125 0.235443115234375 0.063201904296875 0.115631103515625
0.306793212890625 0.129058837890625 0.138015747070313 0.0555801391601563
0.277999877929688 0.134597778320313 0.12384033203125 -0.000434875488281242
0.3162841796875 0.108184814453125 0.136924743652344 -0.00544738769531249
0.256072998046875 0.159042358398438 0.101158142089844 -0.0186004638671875
0.184860229492188 0.2603759765625 0.03173828125 -0.0434341430664062
0.070281982421875 0.318634033203125 0.048126220703125 -0.101371765136719
-0.189971923828125 0.31951904296875 0.118911743164062 -0.166107177734375
-0.308319091796875 0.26580810546875 0.232406616210937 -0.19915771484375
-0.369903564453125 0.11761474609375 0.4017333984375 -0.1632080078125
-0.471221923828125 0.123870849609375 -0.0861663818359375 -0.151016235351563
-0.4266357421875 0.19952392578125 -0.030517578125 -0.0999908447265625
-0.371795654296875 0.355194091796875 -0.0627670288085938 -0.0836181640625
-0.1275634765625 0.42633056640625 -0.0764007568359375 -0.0439071655273437
0.036407470703125 0.393951416015625 -0.102523803710938 0.0177383422851563
0.249542236328125 0.2813720703125 -0.0215225219726562 0.0509567260742188
0.32904052734375 0.157928466796875 0.0175209045410156 0.0154647827148438
0.304595947265625 0.151885986328125 0.00488471984863283 -0.0269336700439453
0.35650634765625 0.116943359375 0.0222454071044922 -0.0266590118408203
0.301910400390625 0.169097900390625 0.00226974487304689 -0.0527610778808594
0.23321533203125 0.291473388671875 -0.0445137023925781 -0.0657615661621094
0.116851806640625 0.36590576171875 -0.0099334716796875 -0.120742797851562
-0.177215576171875 0.3953857421875 0.0670928955078125 -0.171646118164062
-0.31427001953125 0.348388671875 0.162551879882812 -0.158248901367187
-0.408843994140625 0.19586181640625 0.265472412109375 -0.130538940429688
-0.424407958984375 0.17584228515625 -0.2349853515625 -0.1131591796875
-0.37420654296875 0.225738525390625 -0.118934631347656 -0.06427001953125
-0.31817626953125 0.3441162109375 -0.0853805541992188 -0.0880203247070312
-0.107177734375 0.395355224609375 -0.101234436035156 -0.0883941650390625
0.030364990234375 0.365875244140625 -0.135978698730469 -0.0522003173828125
0.228790283203125 0.270370483398438 -0.105049133300781 -0.0236968994140625
0.302886962890625 0.15606689453125 -0.107521057128906 -0.0297164916992188
0.28619384765625 0.14532470703125 -0.11663818359375 -0.0481033325195312
0.339599609375 0.11273193359375 -0.0982513427734375 -0.0404281616210937
0.2906494140625 0.16064453125 -0.101020812988281 -0.0753173828125
0.227615356445313 0.280624389648438 -0.118156433105469 -0.0780868530273437
0.12249755859375 0.349609375 -0.063079833984375 -0.122459411621094
-0.14959716796875 0.38861083984375 0.0213623046875 -0.147201538085937
-0.276885986328125 0.357452392578125 0.086639404296875 -0.08062744140625
-0.383819580078125 0.23187255859375 0.113349914550781 -0.0639266967773437
-0.312225341796875 0.2071533203125 -0.368743896484375 -0.055328369140625
-0.257675170898438 0.226730346679687 -0.203414916992188 -0.0176239013671875
-0.196624755859375 0.282867431640625 -0.112548828125 -0.0748825073242188
-0.051483154296875 0.295684814453125 -0.126548767089844 -0.105857849121094
0.0345001220703125 0.270843505859375 -0.155288696289063 -0.097930908203125
0.180374145507812 0.203582763671875 -0.173583984375 -0.0840606689453125
0.233505249023438 0.12078857421875 -0.217193603515625 -0.064422607421875
0.223037719726563 0.1148681640625 -0.221405029296875 -0.060211181640625
0.264663696289063 0.097564697265625 -0.204879760742187 -0.0521697998046875
0.219085693359375 0.136383056640625 -0.185714721679687 -0.0949859619140625
0.161026000976563 0.22857666015625 -0.1661376953125 -0.0898590087890625
0.0797271728515625 0.269073486328125 -0.0954666137695313 -0.116477966308594
-0.116973876953125 0.293243408203125 -0.00978851318359375 -0.108062744140625
-0.200927734375 0.287445068359375 0.0165004730224609 0.0055360794067383
-0.29443359375 0.218536376953125 -0.0324020385742188 0.0139255523681641
-0.153549194335938 0.200454711914062 -0.467132568359375 0.017669677734375
-0.111236572265625 0.190216064453125 -0.270065307617188 0.0401611328125
-0.056732177734375 0.178390502929688 -0.137344360351563 -0.0392227172851562
0.00634765624999999 0.156417846679688 -0.145004272460938 -0.0869140625
0.0338897705078125 0.138771057128906 -0.1573486328125 -0.10687255859375
0.109695434570312 0.106056213378906 -0.218292236328125 -0.112945556640625
0.129562377929688 0.0660247802734375 -0.29315185546875 -0.07855224609375
0.124229431152344 0.0667343139648438 -0.2938232421875 -0.0631713867187499
0.146514892578125 0.0687408447265625 -0.278717041015625 -0.0656585693359375
0.108642578125 0.0942153930664063 -0.231796264648438 -0.116958618164063
0.0617752075195312 0.139930725097656 -0.174880981445313 -0.108078002929687
0.016021728515625 0.139633178710938 -0.098663330078125 -0.110641479492188
-0.0655975341796875 0.140525817871094 -0.0222549438476563 -0.0687675476074219
-0.088043212890625 0.165725708007813 -0.0397415161132813 0.0740280151367188
-0.154296875 0.169631958007813 -0.14825439453125 0.0835418701171875
0.0202484130859375 0.150283813476563 -0.518890380859375 0.093841552734375
0.0277633666992188 0.114730834960938 -0.310516357421875 0.103729248046875
0.0589027404785156 0.0504646301269531 -0.15020751953125 0.0149383544921875
0.0396766662597656 0.0126190185546875 -0.146896362304688 -0.0406646728515625
0.0201358795166016 0.00499343872070312 -0.142654418945312 -0.0875396728515625
0.0219249725341797 0.0055694580078125 -0.233062744140625 -0.1090087890625
0.00522470474243164 0.0062413215637207 -0.324493408203125 -0.0705566406250001
0.00666999816894531 0.00880908966064453 -0.320465087890625 -0.056365966796875
0.0080413818359375 0.0255336761474609 -0.306488037109375 -0.0805053710937499
-0.0100746154785156 0.0296401977539063 -0.234100341796875 -0.138290405273437
-0.0310039520263672 0.0244045257568359 -0.145843505859375 -0.126800537109375
-0.027740478515625 -0.0133953094482422 -0.0743560791015625 -0.104354858398438
0.0191268920898438 -0.0216732025146484 -0.019012451171875 -0.0354118347167969
0.0533981323242188 0.0367240905761719 -0.075439453125 0.112541198730469
0.0163726806640625 0.104461669921875 -0.213851928710938 0.132614135742187
-0.224594116210937 -0.053131103515625 0.222518920898438 -0.202896118164062
-0.18511962890625 0.077484130859375 0.115402221679687 -0.163101196289063
-0.113754272460937 0.17626953125 -0.0169258117675781 -0.00863933563232421
0.0174407958984375 0.175323486328125 0.0274429321289062 0.093017578125
0.09295654296875 0.12548828125 0.0753631591796875 0.162979125976563
0.132171630859375 0.0379791259765625 0.22125244140625 0.155319213867188
0.137374877929688 0.003997802734375 0.326568603515625 0.076751708984375
0.113761901855469 0.033050537109375 0.311767578125 0.04058837890625
0.117263793945312 0.0265426635742188 0.30889892578125 0.047210693359375
0.0877532958984375 0.0615310668945313 0.2388916015625 0.074310302734375
0.0533065795898438 0.101081848144531 0.144744873046875 0.0335540771484375
-0.0159378051757813 0.128181457519531 0.133354187011719 -0.020721435546875
-0.128433227539063 0.0872268676757813 0.193878173828125 -0.0854034423828125
-0.170486450195313 0.029937744140625 0.32061767578125 -0.180023193359375
-0.149093627929688 -0.064208984375 0.58502197265625 -0.14593505859375
-0.372772216796875 0.0264892578125001 0.169143676757812 -0.196670532226563
-0.3160400390625 0.145050048828125 0.101348876953125 -0.15509033203125
-0.2379150390625 0.286865234375 -0.0315284729003906 -0.038116455078125
-0.03009033203125 0.311553955078125 -0.0140266418457031 0.0601577758789063
0.0966644287109375 0.259613037109375 0.00967407226562501 0.148208618164063
0.216506958007813 0.139892578125 0.15997314453125 0.156707763671875
0.254150390625 0.0623931884765625 0.259246826171875 0.076629638671875
0.224533081054688 0.0865478515625 0.240875244140625 0.0220794677734375
0.245025634765625 0.069000244140625 0.246597290039063 0.019561767578125
0.191925048828125 0.121246337890625 0.187026977539063 0.027679443359375
0.13037109375 0.198944091796875 0.096038818359375 -0.00687408447265624
0.02801513671875 0.24591064453125 0.0948410034179688 -0.0695953369140625
-0.177291870117188 0.22882080078125 0.162445068359375 -0.14447021484375
-0.26458740234375 0.171707153320313 0.292633056640625 -0.2213134765625
-0.294891357421875 0.043426513671875 0.522125244140625 -0.186676025390625
-0.47357177734375 0.0926513671875 0.0583343505859375 -0.177658081054688
-0.4124755859375 0.19232177734375 0.05084228515625 -0.132469177246094
-0.342803955078125 0.360931396484375 -0.0478706359863282 -0.0624961853027343
-0.0861206054687501 0.412994384765625 -0.0494155883789063 0.0152778625488281
0.078033447265625 0.366546630859375 -0.0513916015625 0.101730346679688
0.26470947265625 0.230880737304688 0.0786209106445313 0.123794555664063
0.329559326171875 0.115692138671875 0.152496337890625 0.056671142578125
0.301910400390625 0.12603759765625 0.132392883300781 0.000244140625000008
0.341094970703125 0.093017578125 0.147567749023438 -0.006195068359375
0.280776977539063 0.153671264648437 0.104820251464844 -0.0157852172851562
0.211837768554688 0.267059326171875 0.0283050537109375 -0.0394096374511719
0.0921630859375 0.33929443359375 0.0413055419921875 -0.104461669921875
-0.186676025390625 0.358306884765625 0.11346435546875 -0.179183959960937
-0.314910888671875 0.306304931640625 0.23504638671875 -0.220916748046875
-0.395294189453125 0.149871826171875 0.412689208984375 -0.186737060546875
-0.5020751953125 0.155181884765625 -0.0898284912109375 -0.145645141601563
-0.444244384765625 0.230712890625 -0.0301437377929688 -0.0984344482421875
-0.37786865234375 0.3983154296875 -0.068267822265625 -0.0773773193359375
-0.11431884765625 0.45709228515625 -0.079132080078125 -0.034912109375
0.058258056640625 0.417999267578125 -0.103172302246094 0.0324478149414063
0.27606201171875 0.2838134765625 -0.0135269165039062 0.06036376953125
0.35699462890625 0.148712158203125 0.0232982635498047 0.0201492309570313
0.332122802734375 0.147064208984375 0.00489234924316408 -0.0217781066894531
0.38458251953125 0.103729248046875 0.0247802734375 -0.0231781005859375
0.328338623046875 0.16387939453125 -0.000659942626953102 -0.0466690063476563
0.262664794921875 0.29803466796875 -0.0525436401367187 -0.0586471557617187
0.1412353515625 0.38580322265625 -0.0201797485351563 -0.119697570800781
-0.1700439453125 0.434417724609375 0.057525634765625 -0.179046630859375
-0.317474365234375 0.389617919921875 0.161041259765625 -0.170639038085938
-0.433929443359375 0.2303466796875 0.267227172851563 -0.142440795898437
-0.450775146484375 0.2030029296875 -0.249649047851562 -0.0971832275390625
-0.392669677734375 0.253875732421875 -0.126251220703125 -0.0534210205078125
-0.328216552734375 0.3828125 -0.0945816040039063 -0.0793838500976562
-0.0975341796875 0.42510986328125 -0.108268737792969 -0.079010009765625
0.0479736328125 0.391357421875 -0.141860961914063 -0.0403594970703125
0.25347900390625 0.27740478515625 -0.10565185546875 -0.0161895751953125
0.330169677734375 0.15167236328125 -0.113273620605469 -0.0213851928710937
0.312591552734375 0.142730712890625 -0.125564575195312 -0.0390853881835937
0.36651611328125 0.103485107421875 -0.104133605957031 -0.0323333740234375
0.31500244140625 0.157867431640625 -0.110328674316406 -0.067108154296875
0.2537841796875 0.288177490234375 -0.129783630371094 -0.06781005859375
0.144256591796875 0.367645263671875 -0.0754241943359375 -0.118270874023437
-0.14453125 0.42236328125 0.0102386474609375 -0.149337768554687
-0.279083251953125 0.392852783203125 0.0838165283203125 -0.0827407836914062
-0.405303955078125 0.26263427734375 0.107032775878906 -0.063934326171875
-0.328765869140625 0.22674560546875 -0.392913818359375 -0.02960205078125
-0.27032470703125 0.246856689453125 -0.217254638671875 0.00186157226562502
-0.2054443359375 0.31036376953125 -0.12384033203125 -0.0634689331054687
-0.0467529296875 0.3179931640625 -0.135848999023438 -0.0959243774414063
0.044708251953125 0.292877197265625 -0.164398193359375 -0.0904998779296875
0.198959350585938 0.2142333984375 -0.183029174804688 -0.0791778564453125
0.255233764648438 0.121994018554688 -0.2318115234375 -0.05352783203125
0.244277954101563 0.116851806640625 -0.238235473632812 -0.0479278564453125
0.2867431640625 0.094696044921875 -0.218658447265625 -0.0404510498046874
0.238067626953125 0.138626098632813 -0.2003173828125 -0.085601806640625
0.1796875 0.239410400390625 -0.178924560546875 -0.0802001953125
0.0926513671875 0.2847900390625 -0.108566284179688 -0.110801696777344
-0.116912841796875 0.31719970703125 -0.020233154296875 -0.106155395507812
-0.203643798828125 0.310455322265625 0.0130805969238281 0.0122785568237305
-0.311614990234375 0.240997314453125 -0.0445671081542969 0.0252418518066406
-0.159011840820313 0.2086181640625 -0.4962158203125 0.050567626953125
-0.11578369140625 0.198471069335938 -0.286712646484375 0.0656433105468751
-0.0619354248046875 0.18890380859375 -0.148056030273438 -0.0251007080078125
0.00587463378906251 0.166915893554688 -0.154067993164062 -0.07708740234375
0.0374755859375 0.151565551757813 -0.16717529296875 -0.104263305664063
0.118812561035156 0.115425109863281 -0.2332763671875 -0.109298706054687
0.14300537109375 0.0719451904296875 -0.314849853515625 -0.0668640136718751
0.137519836425781 0.072723388671875 -0.315093994140625 -0.0491943359375
0.1605224609375 0.0730743408203125 -0.298004150390625 -0.053466796875
0.119667053222656 0.101997375488281 -0.250152587890625 -0.109542846679687
0.06976318359375 0.152816772460938 -0.189041137695313 -0.10107421875
0.0171051025390625 0.151992797851563 -0.111228942871094 -0.105819702148437
-0.0729522705078125 0.150985717773438 -0.031890869140625 -0.0656166076660156
-0.0938873291015625 0.173370361328125 -0.04449462890625 0.0860595703125
-0.163833618164063 0.17791748046875 -0.164215087890625 0.102035522460937
0.0265350341796875 0.145721435546875 -0.5474853515625 0.130218505859375
0.0315933227539062 0.111297607421875 -0.32781982421875 0.13446044921875
0.0573348999023438 0.0443916320800781 -0.158309936523438 0.031158447265625
0.0342178344726562 0.0104846954345703 -0.153167724609375 -0.030181884765625
0.0146083831787109 0.00790977478027344 -0.151168823242188 -0.087554931640625
0.0200462341308594 0.0131759643554688 -0.250091552734375 -0.107208251953125
0.00798320770263672 0.015986442565918 -0.348358154296875 -0.0599365234375
0.00889015197753906 0.0176887512207031 -0.342864990234375 -0.0434570312499999
0.0129127502441406 0.0365066528320313 -0.329254150390625 -0.069122314453125
-0.00768280029296875 0.0413398742675781 -0.253875732421875 -0.134475708007813
-0.0343093872070313 0.0365943908691406 -0.159347534179688 -0.125244140625
-0.0368766784667969 -0.00569534301757813 -0.08526611328125 -0.102760314941406
0.00725364685058594 -0.0244197845458984 -0.0276432037353516 -0.03271484375
0.0472564697265625 0.0292167663574219 -0.0822525024414063 0.126754760742188
0.0155563354492188 0.0989837646484375 -0.23150634765625 0.15362548828125
-0.23394775390625 -0.0279693603515625 0.227706909179687 -0.230804443359375
-0.177474975585938 0.09307861328125 0.115127563476563 -0.18463134765625
-0.0967559814453125 0.188339233398438 -0.0134696960449219 -0.00761795043945312
0.0364837646484375 0.17352294921875 0.03753662109375 0.0918121337890625
0.107688903808594 0.114715576171875 0.092071533203125 0.164703369140625
0.135185241699219 0.0203857421875 0.242172241210938 0.146194458007813
0.136421203613281 -0.0134124755859375 0.348175048828125 0.05645751953125
0.118156433105469 0.0199508666992188 0.330810546875 0.0213623046875
0.121803283691406 0.0115432739257813 0.329681396484375 0.02899169921875
0.0976791381835938 0.0521697998046875 0.2548828125 0.0662689208984375
0.0685806274414063 0.0978317260742188 0.149826049804687 0.030181884765625
-0.000564575195312504 0.137336730957031 0.13421630859375 -0.0312347412109375
-0.122001647949219 0.109100341796875 0.194320678710937 -0.107086181640625
-0.170623779296875 0.0540924072265625 0.32244873046875 -0.21722412109375
-0.1610107421875 -0.0457611083984375 0.59649658203125 -0.19818115234375
-0.386627197265625 0.064300537109375 0.174072265625 -0.216201782226563
-0.311859130859375 0.173583984375 0.102828979492188 -0.172073364257813
-0.2198486328125 0.31573486328125 -0.0308570861816406 -0.0348777770996094
-0.00366210937499998 0.3197021484375 -0.00701522827148437 0.0638046264648438
0.121963500976563 0.257080078125 0.0248565673828125 0.157318115234375
0.231338500976563 0.12103271484375 0.1812744140625 0.153411865234375
0.264511108398438 0.0392608642578125 0.279006958007812 0.062408447265625
0.239990234375 0.0692138671875 0.255279541015625 0.0095672607421875
0.259567260742188 0.04669189453125 0.262008666992188 0.0062103271484375
0.210403442382813 0.107986450195313 0.19775390625 0.0228271484375
0.155426025390625 0.195877075195313 0.0968399047851563 -0.00725555419921874
0.052520751953125 0.258346557617187 0.0907440185546875 -0.0763778686523437
-0.164932250976563 0.260879516601562 0.156967163085937 -0.162796020507812
-0.260116577148438 0.209304809570312 0.28887939453125 -0.254669189453125
-0.308624267578125 0.0762634277343751 0.52862548828125 -0.231689453125
-0.491363525390625 0.138946533203125 0.0598602294921875 -0.18377685546875
-0.413970947265625 0.229400634765625 0.0522613525390625 -0.141082763671875
-0.326080322265625 0.4034423828125 -0.0501823425292969 -0.0562515258789062
-0.0565185546875 0.431488037109375 -0.0460700988769531 0.0236129760742188
0.109832763671875 0.37420654296875 -0.0404739379882812 0.115455627441406
0.2890625 0.2152099609375 0.0969009399414063 0.124954223632813
0.349517822265625 0.091094970703125 0.167816162109375 0.05059814453125
0.32421875 0.1065673828125 0.14068603515625 -0.00393676757812499
0.361785888671875 0.06689453125 0.156143188476563 -0.012420654296875
0.3048095703125 0.13702392578125 0.108879089355469 -0.0156631469726562
0.244613647460937 0.261184692382812 0.0251846313476563 -0.0349845886230469
0.124755859375 0.350189208984375 0.0322799682617187 -0.10614013671875
-0.166778564453125 0.39605712890625 0.102401733398438 -0.191650390625
-0.303619384765625 0.349822998046875 0.227279663085938 -0.246749877929688
-0.408233642578125 0.19317626953125 0.412078857421875 -0.2198486328125
-0.5206298828125 0.200347900390625 -0.0941314697265625 -0.136146545410156
-0.448944091796875 0.271148681640625 -0.031005859375 -0.0964279174804687
-0.367034912109375 0.447418212890625 -0.0741424560546875 -0.0670623779296875
-0.0849609375 0.485137939453125 -0.0803985595703125 -0.02398681640625
0.09271240234375 0.434051513671875 -0.097991943359375 0.048583984375
0.307464599609375 0.27325439453125 -0.00267028808593748 0.0654640197753906
0.38232421875 0.1260986328125 0.030202865600586 0.0229225158691406
0.359710693359375 0.1285400390625 0.0046815872192383 -0.0165529251098633
0.40924072265625 0.07666015625 0.0271797180175781 -0.0210399627685547
0.354278564453125 0.14599609375 -0.00350952148437498 -0.0410003662109375
0.29815673828125 0.29150390625 -0.0592460632324219 -0.0488929748535156
0.17730712890625 0.3946533203125 -0.03192138671875 -0.115753173828125
-0.14581298828125 0.471954345703125 0.0441741943359375 -0.184417724609375
-0.30096435546875 0.434356689453125 0.1539306640625 -0.18548583984375
-0.4447021484375 0.278045654296875 0.26251220703125 -0.159881591796875
-0.46527099609375 0.243133544921875 -0.2603759765625 -0.0719757080078125
-0.39794921875 0.290313720703125 -0.130477905273438 -0.0392837524414062
-0.32049560546875 0.43048095703125 -0.102882385253906 -0.0656204223632812
-0.0728759765625 0.4534912109375 -0.113731384277344 -0.065216064453125
0.07763671875 0.41156005859375 -0.144683837890625 -0.0255737304687499
0.284515380859375 0.27301025390625 -0.105026245117187 -0.00769042968749999
0.357513427734375 0.133636474609375 -0.115776062011719 -0.0105438232421875
0.339447021484375 0.128448486328125 -0.133255004882812 -0.0252532958984375
0.390899658203125 0.080474853515625 -0.1090087890625 -0.0218582153320312
0.339630126953125 0.14300537109375 -0.118881225585937 -0.0550918579101562
0.286376953125 0.283721923828125 -0.138389587402344 -0.0535507202148437
0.176727294921875 0.375640869140625 -0.08856201171875 -0.109359741210937
-0.122833251953125 0.45562744140625 -0.00279235839843751 -0.1485595703125
-0.263916015625 0.432159423828125 0.0791091918945312 -0.0862960815429687
-0.41357421875 0.305328369140625 0.10028076171875 -0.064483642578125
-0.336456298828125 0.254638671875 -0.4080810546875 0.00912475585937495
-0.272842407226562 0.272796630859375 -0.224746704101563 0.027374267578125
-0.2008056640625 0.341796875 -0.133071899414063 -0.0462188720703125
-0.03118896484375 0.33935546875 -0.143630981445313 -0.0808563232421875
0.0662841796875 0.309234619140625 -0.172943115234375 -0.0780487060546875
0.223052978515625 0.213775634765625 -0.191909790039063 -0.0689697265625
0.278549194335938 0.111602783203125 -0.243484497070312 -0.0357666015625
0.267044067382813 0.109146118164062 -0.251968383789063 -0.0274505615234375
0.308563232421875 0.080596923828125 -0.22900390625 -0.022613525390625
0.258758544921875 0.131118774414063 -0.213760375976563 -0.0694122314453125
0.204742431640625 0.240325927734375 -0.19024658203125 -0.064483642578125
0.11444091796875 0.293975830078125 -0.1214599609375 -0.0992202758789063
-0.105072021484375 0.341339111328125 -0.0320281982421875 -0.101188659667969
-0.194488525390625 0.336517333984375 0.0122604370117187 0.0187778472900391
-0.3165283203125 0.271759033203125 -0.0526008605957031 0.0398063659667969
-0.157760620117187 0.220184326171875 -0.513031005859375 0.09820556640625
-0.113754272460937 0.209564208984375 -0.295654296875 0.10028076171875
-0.061248779296875 0.201171875 -0.155838012695313 -0.0052947998046875
0.0111236572265625 0.1766357421875 -0.161117553710938 -0.0612335205078124
0.045989990234375 0.162567138671875 -0.1773681640625 -0.0949249267578125
0.132011413574219 0.119239807128906 -0.248367309570312 -0.0995330810546875
0.157150268554688 0.0701751708984375 -0.3323974609375 -0.045135498046875
0.15228271484375 0.0724029541015625 -0.332275390625 -0.024871826171875
0.176803588867188 0.0702362060546875 -0.31341552734375 -0.03070068359375
0.133857727050781 0.103439331054688 -0.268402099609375 -0.0926971435546875
0.08306884765625 0.160720825195313 -0.201995849609375 -0.08721923828125
0.02496337890625 0.163314819335938 -0.123504638671875 -0.0959854125976562
-0.0745086669921875 0.164688110351563 -0.0408744812011719 -0.0589218139648438
-0.0933837890625 0.184524536132812 -0.0434722900390625 0.0998916625976563
-0.167831420898437 0.192367553710937 -0.172592163085938 0.126846313476563
0.0344467163085937 0.139419555664063 -0.56243896484375 0.183837890625
0.0361862182617187 0.107170104980469 -0.3331298828125 0.173919677734375
0.0543479919433594 0.0383949279785156 -0.1614990234375 0.0513763427734375
0.0289573669433594 0.00964736938476563 -0.15631103515625 -0.0157470703125
0.0109872817993164 0.0113697052001953 -0.159698486328125 -0.082733154296875
0.0207080841064453 0.0203170776367187 -0.267135620117188 -0.0972442626953125
0.0128269195556641 0.0241718292236328 -0.369598388671875 -0.035491943359375
0.0138092041015625 0.0255794525146484 -0.36187744140625 -0.0190429687500001
0.0206718444824219 0.0452728271484375 -0.3492431640625 -0.0458679199218751
-0.00199127197265625 0.0510520935058594 -0.27532958984375 -0.120376586914062
-0.03338623046875 0.04937744140625 -0.174209594726563 -0.1168212890625
-0.0429191589355469 0.00427627563476563 -0.0979080200195313 -0.096710205078125
-0.00546455383300781 -0.0245151519775391 -0.035858154296875 -0.0270004272460937
0.0400657653808594 0.0228958129882813 -0.0814971923828125 0.143585205078125
0.014434814453125 0.0942230224609375 -0.239578247070313 0.182510375976563
-0.234100341796875 -0.000595092773437511 0.222091674804687 -0.254364013671875
-0.164810180664062 0.105682373046875 0.106597900390625 -0.2010498046875
-0.0759124755859375 0.193511962890625 -0.00987625122070313 -0.00735473632812499
0.05303955078125 0.16351318359375 0.0460128784179688 0.0866851806640625
0.117469787597656 0.0998001098632813 0.10662841796875 0.158950805664063
0.131340026855469 0.00279998779296875 0.25555419921875 0.129959106445312
0.130439758300781 -0.0289382934570313 0.3572998046875 0.02996826171875
0.117866516113281 0.00665283203125 0.33917236328125 -0.003143310546875
0.120025634765625 -0.00324249267578125 0.338653564453125 0.005035400390625
0.102531433105469 0.0401153564453125 0.264175415039062 0.053253173828125
0.0803298950195312 0.0891342163085938 0.15191650390625 0.02459716796875
0.0162429809570313 0.13970947265625 0.130615234375 -0.040985107421875
-0.108879089355469 0.126220703125 0.185684204101563 -0.126998901367187
-0.16143798828125 0.076385498046875 0.307373046875 -0.249847412109375
-0.16571044921875 -0.0239715576171875 0.58673095703125 -0.24761962890625
-0.3837890625 0.1029052734375 0.17041015625 -0.232330322265625
-0.296844482421875 0.19720458984375 0.09814453125 -0.185745239257813
-0.1920166015625 0.333343505859375 -0.0291671752929688 -0.0307846069335937
0.02349853515625 0.3157958984375 0.000473022460937495 0.0651321411132813
0.143569946289063 0.244522094726562 0.041046142578125 0.158660888671875
0.236434936523437 0.09765625 0.198623657226563 0.141555786132813
0.264251708984375 0.013671875 0.290618896484375 0.04229736328125
0.245819091796875 0.0475311279296875 0.262222290039063 -0.0066375732421875
0.263076782226563 0.0212554931640625 0.26873779296875 -0.0116424560546875
0.221176147460938 0.0889129638671875 0.203384399414063 0.0151824951171875
0.175765991210937 0.182601928710938 0.0960693359375 -0.00746917724609374
0.0777130126953125 0.259307861328125 0.083526611328125 -0.0801239013671875
-0.141876220703125 0.283843994140625 0.144317626953125 -0.176849365234375
-0.241424560546875 0.238754272460938 0.270416259765625 -0.281402587890625
-0.3092041015625 0.11053466796875 0.515777587890625 -0.271575927734375
-0.48944091796875 0.18603515625 0.0581512451171875 -0.187454223632813
-0.398712158203125 0.263031005859375 0.0500335693359375 -0.1474609375
-0.29669189453125 0.434478759765625 -0.0499763488769531 -0.0476951599121094
-0.02178955078125 0.436767578125 -0.0396804809570312 0.0303535461425782
0.1412353515625 0.367828369140625 -0.0259475708007812 0.124114990234375
0.304779052734375 0.19073486328125 0.112861633300781 0.118881225585938
0.3563232421875 0.060943603515625 0.178497314453125 0.0394744873046875
0.336212158203125 0.0806884765625 0.145263671875 -0.0099945068359375
0.3690185546875 0.03515625 0.160903930664063 -0.0212554931640625
0.31854248046875 0.112152099609375 0.110458374023438 -0.0173797607421875
0.270050048828125 0.243499755859375 0.0217247009277344 -0.0293331146240234
0.155914306640625 0.347991943359375 0.0235366821289063 -0.10406494140625
-0.135040283203125 0.42059326171875 0.0869903564453125 -0.19818115234375
-0.275726318359375 0.382843017578125 0.209503173828125 -0.265167236328125
-0.402923583984375 0.23541259765625 0.398101806640625 -0.24835205078125
-0.518585205078125 0.247802734375 -0.0945892333984375 -0.124282836914063
-0.436920166015625 0.308135986328125 -0.0318069458007813 -0.0922775268554687
-0.336212158203125 0.48406982421875 -0.0755615234375 -0.0540390014648437
-0.0487060546875 0.49493408203125 -0.077056884765625 -0.0121612548828125
0.128082275390625 0.433685302734375 -0.0884857177734375 0.0616378784179688
0.33026123046875 0.2518310546875 0.00890350341796878 0.0665473937988281
0.395111083984375 0.095306396484375 0.0368499755859375 0.0228118896484375
0.374359130859375 0.101715087890625 0.00587558746337893 -0.011906623840332
0.4185791015625 0.04315185546875 0.0286235809326172 -0.0194911956787109
0.369171142578125 0.119293212890625 -0.00483894348144529 -0.0348148345947265
0.32513427734375 0.271820068359375 -0.0626220703125 -0.0370750427246094
0.211517333984375 0.38836669921875 -0.0411148071289062 -0.107322692871094
-0.11090087890625 0.49407958984375 0.0294189453125 -0.183868408203125
-0.268890380859375 0.465118408203125 0.139862060546875 -0.195037841796875
-0.435882568359375 0.3204345703125 0.249313354492187 -0.173049926757813
-0.461029052734375 0.28289794921875 -0.260589599609375 -0.04461669921875
-0.387237548828125 0.3228759765625 -0.129631042480469 -0.0236282348632812
-0.295074462890625 0.463623046875 -0.105949401855469 -0.0480575561523437
-0.041015625 0.46624755859375 -0.113014221191406 -0.0494918823242187
0.111907958984375 0.4150390625 -0.14117431640625 -0.00981140136718746
0.30804443359375 0.2564697265625 -0.100761413574219 -0.000373840332031238
0.373016357421875 0.106536865234375 -0.11456298828125 0.000778198242187529
0.356170654296875 0.1055908203125 -0.13482666015625 -0.00946044921874999
0.402801513671875 0.050201416015625 -0.109039306640625 -0.00916290283203125
0.353607177734375 0.11871337890625 -0.122230529785156 -0.0405654907226562
0.311767578125 0.26611328125 -0.14190673828125 -0.036834716796875
0.207366943359375 0.3695068359375 -0.09686279296875 -0.095550537109375
-0.091339111328125 0.474273681640625 -0.014617919921875 -0.142410278320312
-0.234649658203125 0.456329345703125 0.0726089477539062 -0.0874404907226562
-0.402252197265625 0.343170166015625 0.0913619995117187 -0.0626983642578125
-0.329498291015625 0.27972412109375 -0.40667724609375 0.0492858886718749
-0.26409912109375 0.294891357421875 -0.222274780273438 0.0531158447265625
-0.184173583984375 0.366363525390625 -0.135818481445313 -0.0256271362304688
-0.00982666015624998 0.349945068359375 -0.144912719726563 -0.0629272460937499
0.09051513671875 0.3145751953125 -0.174835205078125 -0.0626373291015625
0.24298095703125 0.203811645507813 -0.195022583007812 -0.05670166015625
0.292694091796875 0.09307861328125 -0.247314453125 -0.0157928466796875
0.282073974609375 0.093048095703125 -0.255645751953125 -0.00323486328124998
0.320709228515625 0.05926513671875 -0.231338500976562 -0.0011138916015625
0.272048950195313 0.115875244140625 -0.219772338867188 -0.049896240234375
0.225723266601563 0.230361938476562 -0.1951904296875 -0.0449676513671875
0.136016845703125 0.293212890625 -0.129493713378906 -0.0839309692382812
-0.084747314453125 0.3570556640625 -0.0402374267578125 -0.092254638671875
-0.175262451171875 0.354522705078125 0.0130119323730469 0.0245361328125
-0.30914306640625 0.299224853515625 -0.0553092956542969 0.0546073913574219
-0.151412963867187 0.228012084960938 -0.50604248046875 0.146026611328125
-0.107711791992188 0.216873168945313 -0.290283203125 0.132904052734375
-0.0550994873046875 0.210220336914063 -0.1558837890625 0.01568603515625
0.018890380859375 0.181900024414063 -0.160903930664063 -0.043609619140625
0.0568389892578125 0.1669921875 -0.18212890625 -0.0830535888671875
0.143478393554688 0.1171875 -0.25634765625 -0.0841369628906249
0.16851806640625 0.0628814697265625 -0.339324951171875 -0.01776123046875
0.1634521484375 0.066375732421875 -0.3387451171875 0.00454711914062507
0.188446044921875 0.061431884765625 -0.31878662109375 -0.00350952148437493
0.145492553710938 0.09869384765625 -0.277557373046875 -0.07080078125
0.096954345703125 0.161758422851563 -0.208663940429688 -0.069671630859375
0.03521728515625 0.169540405273437 -0.131553649902344 -0.0819091796875
-0.070220947265625 0.1754150390625 -0.0471458435058594 -0.0496139526367187
-0.0884552001953125 0.19189453125 -0.03814697265625 0.110336303710938
-0.1649169921875 0.203750610351563 -0.170654296875 0.150726318359375
0.0395126342773437 0.130020141601562 -0.552642822265625 0.23291015625
0.0392913818359375 0.101104736328125 -0.3223876953125 0.20947265625
0.0499458312988281 0.0335311889648438 -0.156570434570313 0.0711212158203125
0.0241775512695312 0.00975799560546875 -0.152938842773438 -0.000427246093749998
0.00815391540527344 0.0155143737792969 -0.164657592773438 -0.074920654296875
0.0227928161621094 0.0259246826171875 -0.278045654296875 -0.0823211669921875
0.0193309783935547 0.0288066864013672 -0.377777099609375 -0.00753784179687503
0.0202064514160156 0.0309906005859375 -0.368377685546875 0.0102233886718749
0.0299911499023437 0.0497703552246094 -0.357330322265625 -0.017425537109375
0.0055694580078125 0.0582199096679688 -0.287261962890625 -0.1005859375
-0.0281219482421875 0.0599708557128906 -0.1837158203125 -0.103302001953125
-0.0457077026367187 0.0153617858886719 -0.106529235839844 -0.0860366821289063
-0.0175228118896484 -0.0206928253173828 -0.04058837890625 -0.0190391540527344
0.0311298370361328 0.0187339782714844 -0.0750579833984375 0.156768798828125
0.0122833251953125 0.0886611938476563 -0.23577880859375 0.209304809570313
-0.225555419921875 0.01947021484375 0.214874267578125 -0.267379760742188
-0.152206420898438 0.110519409179687 0.0983123779296875 -0.210983276367188
-0.0594635009765625 0.190902709960937 -0.00682926177978516 -0.00842332839965819
0.06298828125 0.152420043945313 0.0502853393554688 0.0808258056640625
0.120536804199219 0.0857772827148437 0.114791870117188 0.151947021484375
0.123268127441406 -0.0095367431640625 0.259979248046875 0.115676879882813
0.120277404785156 -0.0383682250976563 0.35797119140625 0.010284423828125
0.113998413085937 -0.0025634765625 0.339080810546875 -0.020294189453125
0.115005493164062 -0.0138702392578125 0.339599609375 -0.012481689453125
0.102432250976562 0.030303955078125 0.26776123046875 0.0433197021484375
0.0862045288085938 0.080108642578125 0.150985717773437 0.0217132568359375
0.0292205810546875 0.137977600097656 0.125526428222656 -0.046417236328125
-0.0943374633789062 0.134559631347656 0.17474365234375 -0.139404296875
-0.149215698242188 0.089599609375 0.2896728515625 -0.269134521484375
-0.1639404296875 -0.00701904296874999 0.56744384765625 -0.27825927734375
-0.373260498046875 0.130401611328125 0.166976928710937 -0.241363525390625
-0.279739379882813 0.209228515625 0.092620849609375 -0.193206787109375
-0.167816162109375 0.338287353515625 -0.025930404663086 -0.0276260375976562
0.04150390625 0.305328369140625 0.0070343017578125 0.0642471313476563
0.155548095703125 0.23016357421875 0.0529022216796875 0.156158447265625
0.23370361328125 0.07965087890625 0.2064208984375 0.1298828125
0.256637573242188 -0.0039215087890625 0.2938232421875 0.026214599609375
0.24468994140625 0.0315399169921875 0.263626098632813 -0.0182952880859375
0.259185791015625 0.00299072265625 0.270294189453125 -0.0236358642578125
0.223129272460938 0.07293701171875 0.205215454101563 0.00959777832031251
0.1868896484375 0.16876220703125 0.0947647094726563 -0.00617980957031249
0.0961761474609375 0.255020141601563 0.0772933959960938 -0.0810470581054687
-0.12127685546875 0.295440673828125 0.13232421875 -0.183120727539062
-0.220687866210938 0.255706787109375 0.25274658203125 -0.295806884765625
-0.301849365234375 0.135162353515625 0.494537353515625 -0.295135498046875
-0.47589111328125 0.218048095703125 0.059234619140625 -0.187789916992187
-0.381317138671875 0.28155517578125 0.0483245849609375 -0.151016235351563
-0.267547607421875 0.448028564453125 -0.0472526550292969 -0.0403327941894531
0.001708984375 0.42913818359375 -0.0325164794921875 0.0340061187744141
0.161468505859375 0.355560302734375 -0.0132293701171875 0.127159118652344
0.307647705078125 0.16961669921875 0.122116088867188 0.111557006835938
0.3526611328125 0.0380859375 0.1834716796875 0.03009033203125
0.337921142578125 0.0604248046875 0.146652221679688 -0.013916015625
0.3670654296875 0.011322021484375 0.161941528320313 -0.0263824462890625
0.32073974609375 0.09185791015625 0.110649108886719 -0.0168991088867187
0.283111572265625 0.22552490234375 0.0206108093261719 -0.0231838226318359
0.177520751953125 0.339141845703125 0.0177001953125 -0.0989761352539062
-0.10882568359375 0.430328369140625 0.0749053955078125 -0.198760986328125
-0.248779296875 0.398834228515625 0.192794799804687 -0.272979736328125
-0.39105224609375 0.26312255859375 0.37945556640625 -0.2623291015625
-0.505615234375 0.277801513671875 -0.08978271484375 -0.114784240722656
-0.42041015625 0.33026123046875 -0.02923583984375 -0.088836669921875
-0.308868408203125 0.50579833984375 -0.0728683471679688 -0.0429000854492187
-0.022308349609375 0.49359130859375 -0.0702705383300781 -0.00406646728515621
0.15277099609375 0.42523193359375 -0.0775375366210937 0.0693435668945313
0.33880615234375 0.231109619140625 0.01666259765625 0.0645866394042969
0.3948974609375 0.0718994140625 0.0419540405273438 0.0212135314941406
0.378875732421875 0.080413818359375 0.00790643692016604 -0.0067305564880371
0.4169921875 0.018096923828125 0.0310535430908203 -0.0170879364013672
0.37158203125 0.0982666015625 -0.00460624694824216 -0.0286712646484375
0.33880615234375 0.251068115234375 -0.0632286071777344 -0.0259437561035156
0.231964111328125 0.37689208984375 -0.0455474853515625 -0.0982666015625
-0.082611083984375 0.501922607421875 0.0197296142578125 -0.179672241210937
-0.241058349609375 0.478424072265625 0.128219604492187 -0.197738647460937
-0.421234130859375 0.3486328125 0.235977172851562 -0.176910400390625
-0.45001220703125 0.307037353515625 -0.252487182617188 -0.0250091552734374
-0.371917724609375 0.34228515625 -0.124443054199219 -0.0123825073242188
-0.2708740234375 0.483428955078125 -0.103042602539063 -0.0325698852539062
-0.017333984375 0.4683837890625 -0.107429504394531 -0.03778076171875
0.136627197265625 0.410888671875 -0.133468627929687 0.000473022460937555
0.3194580078125 0.2396240234375 -0.0961227416992188 0.00307464599609377
0.37652587890625 0.085693359375 -0.109764099121094 0.00795745849609378
0.361724853515625 0.08746337890625 -0.132637023925781 0.00286865234375
0.402740478515625 0.027862548828125 -0.106315612792969 1.52587890625071E-05
0.356658935546875 0.100433349609375 -0.122123718261719 -0.0293197631835938
0.32476806640625 0.2490234375 -0.140487670898437 -0.0229644775390625
0.22589111328125 0.358489990234375 -0.0990829467773437 -0.0829086303710937
-0.0655517578125 0.4794921875 -0.0215835571289063 -0.134849548339844
-0.20855712890625 0.466156005859375 0.0674209594726563 -0.0857086181640625
-0.3892822265625 0.367156982421875 0.0848541259765625 -0.058197021484375
-0.321685791015625 0.294464111328125 -0.394927978515625 0.07659912109375
-0.25457763671875 0.307159423828125 -0.213546752929688 0.07147216796875
-0.17010498046875 0.380096435546875 -0.13140869140625 -0.00794219970703122
0.00579833984375001 0.35223388671875 -0.139495849609375 -0.049468994140625
0.107452392578125 0.3140869140625 -0.171127319335938 -0.05120849609375
0.253158569335937 0.193389892578125 -0.194778442382812 -0.0487365722656249
0.298309326171875 0.0777587890625 -0.244598388671875 -0.000305175781249947
0.289093017578125 0.080352783203125 -0.253097534179687 0.0148468017578125
0.3236083984375 0.04229736328125 -0.227584838867188 0.014801025390625
0.276412963867188 0.102386474609375 -0.219680786132812 -0.0340423583984375
0.237289428710938 0.219635009765625 -0.193344116210937 -0.0294342041015625
0.1497802734375 0.28759765625 -0.129959106445313 -0.0699005126953125
-0.069244384765625 0.36199951171875 -0.0432205200195313 -0.0833511352539062
-0.1591796875 0.36029052734375 0.0144100189208984 0.0293636322021485
-0.299468994140625 0.3140869140625 -0.0552177429199219 0.0666847229003906
-0.146514892578125 0.230667114257813 -0.493316650390625 0.17816162109375
-0.102813720703125 0.220352172851563 -0.278289794921875 0.155471801757813
-0.0507049560546875 0.21563720703125 -0.149871826171875 0.0327606201171875
0.0243988037109375 0.183746337890625 -0.15521240234375 -0.030487060546875
0.0645904541015625 0.168502807617187 -0.1812744140625 -0.07373046875
0.149795532226563 0.113677978515625 -0.2589111328125 -0.0734100341796874
0.17498779296875 0.0560455322265625 -0.3380126953125 0.00167846679687495
0.1705322265625 0.06085205078125 -0.335357666015625 0.0249633789062501
0.194290161132813 0.053436279296875 -0.3148193359375 0.0156249999999999
0.15203857421875 0.094207763671875 -0.278228759765625 -0.0530548095703125
0.106903076171875 0.160430908203125 -0.208724975585937 -0.0550994873046875
0.042877197265625 0.171920776367188 -0.13323974609375 -0.0687484741210937
-0.0670013427734375 0.182403564453125 -0.0485877990722656 -0.0411148071289062
-0.0843658447265625 0.194854736328125 -0.032012939453125 0.117546081542969
-0.162139892578125 0.2100830078125 -0.165130615234375 0.16680908203125
0.0392532348632813 0.120445251464844 -0.534759521484375 0.265472412109375
0.0390243530273437 0.095062255859375 -0.307281494140625 0.2327880859375
0.0446052551269531 0.0306510925292969 -0.147567749023438 0.0855865478515625
0.0197334289550781 0.0113754272460937 -0.145828247070313 0.00997924804687499
0.0059356689453125 0.0192050933837891 -0.165191650390625 -0.0694122314453125
0.0254287719726563 0.0302219390869141 -0.28094482421875 -0.0706024169921875
0.0250606536865234 0.0320758819580078 -0.376678466796875 0.0126037597656251
0.0265750885009766 0.0338668823242188 -0.3656005859375 0.031036376953125
0.0380706787109375 0.0519142150878906 -0.355865478515625 0.00296020507812507
0.0130157470703125 0.0621261596679688 -0.291961669921875 -0.084075927734375
-0.0221939086914063 0.0673141479492188 -0.1865234375 -0.0913543701171875
-0.0459480285644531 0.0246505737304687 -0.110038757324219 -0.07574462890625
-0.0261440277099609 -0.0142593383789062 -0.0423393249511719 -0.012115478515625
0.0224323272705078 0.0177440643310547 -0.0677337646484375 0.164764404296875
0.00834655761718749 0.0843048095703125 -0.22869873046875 0.22625732421875
-0.217864990234375 0.0317230224609375 0.2149658203125 -0.276641845703125
-0.143753051757813 0.111724853515625 0.0941162109375 -0.217971801757813
-0.04974365234375 0.186752319335938 -0.00404644012451172 -0.00963306427001952
0.0676422119140625 0.143280029296875 0.0519256591796875 0.0764999389648438
0.120742797851563 0.0758209228515625 0.119674682617188 0.147781372070313
0.115486145019531 -0.0165023803710938 0.263076782226563 0.109542846679688
0.111953735351563 -0.0434494018554688 0.35809326171875 -0.001129150390625
0.110267639160156 -0.00772857666015625 0.340850830078125 -0.029510498046875
0.110610961914063 -0.0198745727539063 0.341217041015625 -0.021728515625
0.101737976074219 0.0243988037109375 0.27081298828125 0.0396270751953125
0.0891189575195313 0.0738906860351563 0.151458740234375 0.0222625732421875
0.0373382568359375 0.136199951171875 0.122001647949219 -0.0487518310546875
-0.0851364135742188 0.139739990234375 0.166671752929688 -0.14642333984375
-0.138504028320312 0.09722900390625 0.277664184570313 -0.279067993164063
-0.160934448242188 0.00506591796875003 0.555511474609375 -0.294525146484375
-0.363555908203125 0.1468505859375 0.169448852539062 -0.248031616210938
-0.270721435546875 0.21435546875 0.090423583984375 -0.199813842773438
-0.1539306640625 0.33984375 -0.0224418640136719 -0.0260391235351562
0.0499267578125 0.297515869140625 0.0112533569335938 0.0626068115234375
0.160858154296875 0.220230102539063 0.0602569580078125 0.154876708984375
0.228683471679687 0.0693206787109375 0.211029052734375 0.123748779296875
0.248916625976562 -0.0133056640625 0.296905517578125 0.017181396484375
0.24273681640625 0.0217132568359375 0.265716552734375 -0.02362060546875
0.255416870117188 -0.0081329345703125 0.272506713867188 -0.0291595458984375
0.223114013671875 0.06390380859375 0.20794677734375 0.0086212158203125
0.1922607421875 0.16058349609375 0.0951614379882813 -0.00230407714843749
0.107101440429688 0.252548217773438 0.074432373046875 -0.0802536010742187
-0.10784912109375 0.30224609375 0.124359130859375 -0.186416625976563
-0.206588745117188 0.26397705078125 0.241912841796875 -0.303436279296875
-0.297882080078125 0.1510009765625 0.485076904296875 -0.306243896484375
-0.46875 0.237945556640625 0.064666748046875 -0.189605712890625
-0.372100830078125 0.29058837890625 0.0494232177734375 -0.154647827148437
-0.250579833984375 0.455780029296875 -0.0433311462402344 -0.0350189208984375
0.013671875 0.42523193359375 -0.0265541076660156 0.0356369018554688
0.1717529296875 0.347808837890625 -0.00400543212890623 0.128021240234375
0.30706787109375 0.158660888671875 0.127983093261719 0.107475280761719
0.347991943359375 0.02520751953125 0.18719482421875 0.024169921875
0.339019775390625 0.048797607421875 0.149322509765625 -0.014739990234375
0.3636474609375 -0.002410888671875 0.164779663085938 -0.0284271240234375
0.320831298828125 0.08184814453125 0.112442016601563 -0.01483154296875
0.28936767578125 0.2152099609375 0.0211830139160156 -0.01708984375
0.18896484375 0.33453369140625 0.0156707763671875 -0.095306396484375
-0.093048095703125 0.43719482421875 0.068511962890625 -0.198074340820312
-0.232513427734375 0.40673828125 0.1829833984375 -0.27685546875
-0.3863525390625 0.280914306640625 0.37066650390625 -0.26715087890625
-0.500762939453125 0.297882080078125 -0.0822296142578125 -0.11016845703125
-0.411468505859375 0.34197998046875 -0.0259170532226563 -0.0877151489257812
-0.2928466796875 0.516693115234375 -0.0678024291992188 -0.0336570739746093
-0.00741577148437501 0.4932861328125 -0.0633811950683594 0.000209808349609417
0.167388916015625 0.421234130859375 -0.0687255859375 0.0729598999023438
0.3421630859375 0.22021484375 0.0217132568359375 0.0622749328613281
0.394073486328125 0.058441162109375 0.0454902648925782 0.0206756591796875
0.382415771484375 0.069549560546875 0.0105466842651367 -0.00298213958740234
0.415740966796875 0.003570556640625 0.0335884094238282 -0.0157451629638672
0.371673583984375 0.0867919921875 -0.00352096557617185 -0.023101806640625
0.34619140625 0.239898681640625 -0.0617523193359375 -0.0178718566894531
0.24420166015625 0.37078857421875 -0.046234130859375 -0.0913543701171875
-0.067901611328125 0.5067138671875 0.0148162841796875 -0.175628662109375
-0.224212646484375 0.4844970703125 0.121734619140625 -0.198257446289062
-0.41571044921875 0.366180419921875 0.228439331054688 -0.176376342773437
-0.44696044921875 0.32281494140625 -0.243728637695313 -0.01373291015625
-0.367584228515625 0.35430908203125 -0.119300842285156 -0.00535583496093746
-0.2591552734375 0.4991455078125 -0.097320556640625 -0.0211944580078125
-0.00408935546874997 0.470611572265625 -0.100440979003906 -0.0309066772460937
0.149261474609375 0.410186767578125 -0.127365112304688 0.005950927734375
0.32635498046875 0.231689453125 -0.0930023193359375 0.00386810302734378
0.377166748046875 0.07330322265625 -0.107559204101562 0.0114898681640625
0.36700439453125 0.0771484375 -0.129867553710937 0.011260986328125
0.4034423828125 0.014801025390625 -0.103195190429687 0.00548553466796877
0.35791015625 0.09075927734375 -0.121315002441406 -0.0213623046875
0.332000732421875 0.2393798828125 -0.138442993164062 -0.0132293701171875
0.236480712890625 0.3538818359375 -0.0982284545898437 -0.0748291015625
-0.054473876953125 0.4840087890625 -0.0237274169921875 -0.129623413085937
-0.195892333984375 0.469940185546875 0.0654373168945312 -0.0832901000976562
-0.3836669921875 0.380828857421875 0.0809555053710937 -0.0521621704101562
-0.321258544921875 0.30322265625 -0.385772705078125 0.0924072265625
-0.25262451171875 0.31402587890625 -0.207061767578125 0.082763671875
-0.16302490234375 0.390960693359375 -0.125823974609375 0.004364013671875
0.014068603515625 0.355438232421875 -0.133201599121094 -0.041778564453125
0.117828369140625 0.31591796875 -0.167724609375 -0.0474090576171874
0.259201049804688 0.188796997070313 -0.194198608398437 -0.0454559326171875
0.302490234375 0.069610595703125 -0.24310302734375 0.00759887695312503
0.294586181640625 0.073944091796875 -0.250686645507813 0.025909423828125
0.32562255859375 0.033355712890625 -0.22412109375 0.022735595703125
0.279006958007813 0.0960540771484375 -0.219223022460937 -0.0244598388671875
0.244415283203125 0.214691162109375 -0.190658569335937 -0.0194549560546875
0.15740966796875 0.28643798828125 -0.128204345703125 -0.061553955078125
-0.06268310546875 0.367645263671875 -0.0435943603515625 -0.0777740478515625
-0.151947021484375 0.363067626953125 0.0157642364501953 0.0333213806152344
-0.29766845703125 0.323638916015625 -0.0555419921875 0.075958251953125
-0.148178100585937 0.231277465820312 -0.48297119140625 0.19610595703125
-0.103408813476562 0.222442626953125 -0.270401000976563 0.168746948242187
-0.0496826171875 0.221359252929688 -0.1429443359375 0.044525146484375
0.0263519287109375 0.188034057617188 -0.148666381835938 -0.023529052734375
0.0690765380859375 0.172195434570313 -0.180328369140625 -0.0699615478515625
0.1546630859375 0.113739013671875 -0.260330200195313 -0.0691833496093749
0.179244995117188 0.0523681640625 -0.33758544921875 0.0123596191406249
0.176300048828125 0.0594482421875 -0.332733154296875 0.038177490234375
0.1988525390625 0.049774169921875 -0.313232421875 0.0267333984374999
0.156387329101563 0.0928192138671875 -0.278717041015625 -0.0428466796875
0.113143920898438 0.160903930664063 -0.20697021484375 -0.045928955078125
0.0471954345703125 0.17529296875 -0.132011413574219 -0.0604324340820312
-0.0667266845703125 0.188125610351563 -0.0482635498046875 -0.0354766845703125
-0.0848236083984375 0.196182250976563 -0.027923583984375 0.122474670410156
-0.164520263671875 0.213577270507813 -0.163619995117188 0.178146362304688
0.0360031127929687 0.113761901855469 -0.523284912109375 0.283782958984375
0.0365066528320312 0.0921249389648438 -0.297607421875 0.247100830078125
0.0396919250488281 0.0302467346191406 -0.139976501464844 0.0948410034179687
0.0169792175292969 0.0144548416137695 -0.139541625976563 0.0148391723632813
0.00404167175292969 0.0230369567871094 -0.165802001953125 -0.068572998046875
0.0280227661132813 0.0340023040771484 -0.283905029296875 -0.0661315917968751
0.0301265716552734 0.0337181091308594 -0.377197265625 0.02471923828125
0.031646728515625 0.0368270874023438 -0.36480712890625 0.04345703125
0.0444297790527344 0.0538368225097656 -0.3543701171875 0.0146789550781251
0.0190811157226563 0.064788818359375 -0.29339599609375 -0.0744934082031251
-0.0169296264648438 0.0727615356445313 -0.187362670898438 -0.08477783203125
-0.0452499389648438 0.0319061279296875 -0.110664367675781 -0.0688705444335938
-0.0327816009521484 -0.00823211669921875 -0.0423011779785156 -0.00682449340820313
0.01458740234375 0.0178585052490234 -0.0630950927734375 0.170303344726563
0.00214385986328124 0.0817184448242188 -0.226150512695312 0.2376708984375
-0.214874267578125 0.0402984619140625 0.222808837890625 -0.289764404296875
-0.14111328125 0.112701416015625 0.0937957763671875 -0.228012084960938
-0.0452880859375 0.18609619140625 -0.0021514892578125 -0.0117502212524414
0.0691299438476563 0.138908386230469 0.0536651611328125 0.0752182006835938
0.122222900390625 0.0697784423828125 0.124725341796875 0.1492919921875
0.110824584960937 -0.0206375122070312 0.269210815429687 0.1094970703125
0.106971740722656 -0.04571533203125 0.366607666015625 -0.00653076171875
0.1094970703125 -0.0114898681640625 0.3494873046875 -0.035491943359375
0.108978271484375 -0.0249710083007813 0.35089111328125 -0.025787353515625
0.102241516113281 0.020843505859375 0.279800415039063 0.0401611328125
0.0923004150390625 0.0709762573242188 0.155120849609375 0.024322509765625
0.04425048828125 0.137397766113281 0.122169494628906 -0.050933837890625
-0.07958984375 0.144943237304688 0.164642333984375 -0.153671264648438
-0.133026123046875 0.102920532226562 0.27587890625 -0.290557861328125
-0.161102294921875 0.0140228271484375 0.56097412109375 -0.308013916015625
-0.364654541015625 0.160125732421875 0.178680419921875 -0.258697509765625
-0.269577026367187 0.220672607421875 0.0914154052734375 -0.209304809570313
-0.148651123046875 0.346099853515625 -0.0188484191894531 -0.0249309539794922
0.054290771484375 0.2972412109375 0.0143241882324219 0.0623626708984375
0.166259765625 0.217926025390625 0.0667877197265625 0.157272338867188
0.227493286132813 0.0646820068359375 0.218551635742188 0.124435424804688
0.247406005859375 -0.018218994140625 0.30517578125 0.012451171875
0.246124267578125 0.0170440673828125 0.274169921875 -0.027008056640625
0.257110595703125 -0.0146331787109375 0.282379150390625 -0.033111572265625
0.226226806640625 0.06036376953125 0.215362548828125 0.0107879638671875
0.198532104492188 0.158447265625 0.097564697265625 0.00195312500000001
0.117202758789063 0.25714111328125 0.0755767822265625 -0.0804977416992187
-0.101531982421875 0.3125 0.122406005859375 -0.192581176757813
-0.201828002929688 0.273025512695313 0.24029541015625 -0.313385009765625
-0.300445556640625 0.165802001953125 0.490570068359375 -0.31805419921875
-0.4747314453125 0.25433349609375 0.0737762451171875 -0.196243286132812
-0.374359130859375 0.30059814453125 0.052947998046875 -0.160202026367187
-0.246551513671875 0.470245361328125 -0.0385322570800781 -0.0312995910644531
0.0201416015625 0.429901123046875 -0.0216178894042969 0.0362510681152344
0.181304931640625 0.350616455078125 0.00305175781250002 0.131439208984375
0.3106689453125 0.154693603515625 0.134727478027344 0.107215881347656
0.350341796875 0.01959228515625 0.193710327148438 0.0213775634765625
0.345916748046875 0.04400634765625 0.155532836914063 -0.014434814453125
0.367645263671875 -0.01092529296875 0.1715087890625 -0.030059814453125
0.32647705078125 0.07708740234375 0.117301940917969 -0.0116195678710937
0.2994384765625 0.213134765625 0.0232295989990235 -0.010995864868164
0.201812744140625 0.3406982421875 0.01611328125 -0.0940399169921875
-0.086273193359375 0.45068359375 0.0658721923828125 -0.201751708984375
-0.22723388671875 0.4185791015625 0.181671142578125 -0.283843994140625
-0.391357421875 0.299835205078125 0.3731689453125 -0.273406982421875
-0.50897216796875 0.315643310546875 -0.0752487182617188 -0.11090087890625
-0.416778564453125 0.35565185546875 -0.02215576171875 -0.0891952514648437
-0.289459228515625 0.536346435546875 -0.062896728515625 -0.026947021484375
0.000183105468749961 0.503448486328125 -0.0579986572265625 0.00252532958984379
0.1793212890625 0.428253173828125 -0.06341552734375 0.0762863159179688
0.349334716796875 0.219146728515625 0.0255889892578125 0.0613327026367188
0.39898681640625 0.05230712890625 0.0490837097167969 0.0204620361328125
0.392730712890625 0.06475830078125 0.0138368606567383 0.00064945220947266
0.423828125 -0.0047607421875 0.037384033203125 -0.0146369934082031
0.378387451171875 0.08294677734375 -0.00178527832031248 -0.0188694000244141
0.357666015625 0.23846435546875 -0.060638427734375 -0.0107078552246094
0.25616455078125 0.377685546875 -0.0455474853515625 -0.0885696411132812
-0.060699462890625 0.5218505859375 0.01312255859375 -0.1771240234375
-0.220062255859375 0.4971923828125 0.120315551757812 -0.2008056640625
-0.423614501953125 0.385467529296875 0.229888916015625 -0.177322387695313
-0.45751953125 0.3408203125 -0.240264892578125 -0.00851440429687496
-0.376495361328125 0.367401123046875 -0.116539001464844 -0.00151824951171875
-0.256072998046875 0.518463134765625 -0.092437744140625 -0.0126113891601562
0.00207519531250003 0.48297119140625 -0.0960464477539062 -0.0282440185546875
0.16143798828125 0.4212646484375 -0.124153137207031 0.00890350341796876
0.335357666015625 0.232330322265625 -0.09326171875 0.0031585693359375
0.385162353515625 0.0697021484375 -0.107414245605469 0.0146255493164062
0.3785400390625 0.07421875 -0.129768371582031 0.0179443359375
0.411041259765625 0.008026123046875 -0.1025390625 0.00881958007812499
0.364959716796875 0.087890625 -0.122589111328125 -0.0157623291015625
0.3433837890625 0.23895263671875 -0.137992858886719 -0.00546264648437501
0.247314453125 0.36041259765625 -0.0974502563476562 -0.0706710815429687
-0.049774169921875 0.497528076171875 -0.0245895385742188 -0.128448486328125
-0.193359375 0.4818115234375 0.0656890869140625 -0.082366943359375
-0.39337158203125 0.398406982421875 0.08013916015625 -0.047149658203125
-0.330108642578125 0.314727783203125 -0.385833740234375 0.103485107421875
-0.259307861328125 0.325408935546875 -0.205642700195313 0.092071533203125
-0.1630859375 0.407989501953125 -0.121360778808594 0.014251708984375
0.01873779296875 0.367095947265625 -0.129104614257813 -0.0384368896484375
0.1265869140625 0.326202392578125 -0.168197631835937 -0.04534912109375
0.268508911132813 0.191574096679688 -0.198013305664063 -0.045806884765625
0.309600830078125 0.06646728515625 -0.247482299804687 0.0135650634765625
0.3057861328125 0.07244873046875 -0.253326416015625 0.035064697265625
0.334747314453125 0.029541015625 -0.226791381835937 0.02838134765625
0.285797119140625 0.095947265625 -0.222503662109375 -0.01873779296875
0.25390625 0.216537475585937 -0.191177368164062 -0.0129547119140625
0.165130615234375 0.2935791015625 -0.128128051757813 -0.0566406249999999
-0.06146240234375 0.379669189453125 -0.04412841796875 -0.075164794921875
-0.15264892578125 0.3717041015625 0.0175971984863281 0.0375709533691406
-0.307525634765625 0.3365478515625 -0.05780029296875 0.0861053466796875
-0.155075073242187 0.23602294921875 -0.48565673828125 0.210296630859375
-0.108413696289063 0.227890014648438 -0.268829345703125 0.182586669921875
-0.0511932373046875 0.230926513671875 -0.138954162597656 0.053741455078125
0.0283966064453125 0.195327758789063 -0.14532470703125 -0.0205535888671875
0.073333740234375 0.180145263671875 -0.182723999023438 -0.0706329345703125
0.160736083984375 0.117691040039062 -0.267822265625 -0.0688323974609374
0.186752319335938 0.051971435546875 -0.34515380859375 0.01947021484375
0.184921264648438 0.0596923828125 -0.33856201171875 0.0476074218749999
0.206634521484375 0.0499114990234375 -0.318328857421875 0.0336608886718749
0.16241455078125 0.094696044921875 -0.284332275390625 -0.0377197265625
0.1199951171875 0.164306640625 -0.20941162109375 -0.0415802001953125
0.05078125 0.182281494140625 -0.132575988769531 -0.0561752319335938
-0.0695648193359375 0.197662353515625 -0.0483970642089844 -0.032318115234375
-0.0894012451171875 0.201644897460938 -0.0259323120117188 0.128913879394531
-0.17291259765625 0.22076416015625 -0.167266845703125 0.191482543945313
0.0318984985351562 0.111564636230469 -0.526580810546875 0.299163818359375
0.0342788696289063 0.0922622680664063 -0.29681396484375 0.261138916015625
0.0366668701171875 0.0316429138183594 -0.13580322265625 0.10235595703125
0.0148563385009766 0.0175800323486328 -0.136627197265625 0.0171585083007812
0.00292587280273438 0.0280323028564453 -0.17010498046875 -0.0703125
0.0304718017578125 0.0387153625488281 -0.2926025390625 -0.066864013671875
0.0349884033203125 0.035858154296875 -0.3857421875 0.0325012207031249
0.0373039245605469 0.0392227172851563 -0.37127685546875 0.0517883300781251
0.0510520935058594 0.0566596984863281 -0.3623046875 0.0215454101562499
0.0238838195800781 0.0678367614746094 -0.30078125 -0.07122802734375
-0.0129852294921875 0.0776596069335938 -0.190399169921875 -0.0825042724609375
-0.0450325012207031 0.0388755798339844 -0.112281799316406 -0.065460205078125
-0.0384635925292969 -0.00228500366210937 -0.0429725646972656 -0.00374984741210937
0.00835609436035156 0.0205593109130859 -0.0626678466796875 0.178070068359375
-0.00483703613281249 0.0826568603515625 -0.231719970703125 0.252090454101563
-0.216705322265625 0.0509185791015625 0.231689453125 -0.313873291015625
-0.141586303710938 0.118392944335938 0.093353271484375 -0.244674682617188
-0.040924072265625 0.190505981445313 -0.000119209289550785 -0.0133571624755859
0.07391357421875 0.137969970703125 0.0574493408203125 0.0753250122070313
0.12628173828125 0.0648574829101563 0.134536743164063 0.15240478515625
0.108207702636719 -0.0257949829101563 0.28411865234375 0.10919189453125
0.105331420898438 -0.0492401123046875 0.3837890625 -0.017303466796875
0.111824035644531 -0.0158538818359375 0.366546630859375 -0.046783447265625
0.109550476074219 -0.0307235717773438 0.370086669921875 -0.03607177734375
0.105232238769531 0.017730712890625 0.2969970703125 0.038421630859375
0.0980148315429687 0.0697860717773438 0.162796020507813 0.0258941650390625
0.053253173828125 0.141830444335938 0.125343322753906 -0.05523681640625
-0.0752410888671875 0.15386962890625 0.165084838867188 -0.165176391601563
-0.131355285644531 0.111328125 0.2794189453125 -0.3115234375
-0.164535522460938 0.0237884521484375 0.57843017578125 -0.336181640625
-0.373504638671875 0.181396484375 0.188568115234375 -0.279769897460938
-0.273956298828125 0.234146118164063 0.093414306640625 -0.2239990234375
-0.14471435546875 0.362213134765625 -0.0159091949462891 -0.024627685546875
0.061920166015625 0.3045654296875 0.0182723999023438 0.0626411437988281
0.17779541015625 0.220169067382813 0.07623291015625 0.1622314453125
0.232330322265625 0.061065673828125 0.23223876953125 0.124969482421875
0.2523193359375 -0.0244598388671875 0.321044921875 0.0048828125
0.256744384765625 0.0110931396484375 0.289093017578125 -0.03521728515625
0.264328002929688 -0.024658203125 0.29827880859375 -0.040802001953125
0.236099243164063 0.0566253662109375 0.228668212890625 0.0101318359375
0.211471557617187 0.158935546875 0.103523254394531 0.00503540039062501
0.13201904296875 0.266510009765625 0.0763092041015625 -0.0843963623046875
-0.0953369140625 0.33160400390625 0.120590209960938 -0.204025268554687
-0.2000732421875 0.2899169921875 0.239990234375 -0.333770751953125
-0.310211181640625 0.187408447265625 0.503265380859375 -0.342071533203125
-0.4893798828125 0.28338623046875 0.08172607421875 -0.2108154296875
-0.38311767578125 0.323516845703125 0.0557098388671875 -0.171707153320312
-0.242950439453125 0.49853515625 -0.0340385437011719 -0.0282669067382812
0.031463623046875 0.446258544921875 -0.0177536010742187 0.0375747680664063
0.1986083984375 0.3609619140625 0.0107421875 0.136802673339844
0.323333740234375 0.1536865234375 0.145721435546875 0.108047485351563
0.36212158203125 0.012298583984375 0.205780029296875 0.0169525146484375
0.363250732421875 0.03668212890625 0.166336059570313 -0.016754150390625
0.382720947265625 -0.02215576171875 0.18292236328125 -0.03564453125
0.34100341796875 0.07293701171875 0.125953674316406 -0.0101394653320312
0.31829833984375 0.214874267578125 0.0265331268310547 -0.00589942932128905
0.221588134765625 0.35235595703125 0.01629638671875 -0.0965728759765625
-0.07745361328125 0.477020263671875 0.063232421875 -0.211578369140625
-0.22515869140625 0.442596435546875 0.180816650390625 -0.299591064453125
-0.4039306640625 0.330841064453125 0.38348388671875 -0.290771484375
-0.527679443359375 0.35003662109375 -0.0721359252929688 -0.115577697753906
-0.43035888671875 0.382171630859375 -0.0203857421875 -0.09356689453125
-0.28765869140625 0.573974609375 -0.057861328125 -0.0207939147949218
0.0125732421875 0.525787353515625 -0.0547752380371094 0.00421905517578127
0.200439453125 0.444854736328125 -0.0589141845703125 0.0816268920898438
0.368621826171875 0.22088623046875 0.0306434631347657 0.062835693359375
0.41571044921875 0.044281005859375 0.054412841796875 0.0198860168457031
0.414398193359375 0.058319091796875 0.0187187194824219 0.00374603271484375
0.441162109375 -0.016998291015625 0.0415992736816407 -0.0155448913574219
0.396575927734375 0.078369140625 0.000942230224609398 -0.0152664184570312
0.380035400390625 0.24072265625 -0.0598068237304687 -0.00402069091796874
0.279510498046875 0.3907470703125 -0.0469512939453125 -0.0883712768554687
-0.04962158203125 0.55084228515625 0.00900268554687498 -0.183151245117188
-0.218658447265625 0.52471923828125 0.120025634765625 -0.21026611328125
-0.439117431640625 0.4215087890625 0.23486328125 -0.185089111328125
-0.47576904296875 0.3717041015625 -0.243087768554688 -0.00157165527343749
-0.388153076171875 0.395263671875 -0.116065979003906 0.00328826904296876
-0.25408935546875 0.5562744140625 -0.0879745483398438 -0.0040054321289062
0.0157470703125 0.508148193359375 -0.0941314697265625 -0.0259017944335937
0.18255615234375 0.4395751953125 -0.124862670898437 0.0123367309570313
0.356048583984375 0.237152099609375 -0.0958099365234375 0.00426483154296876
0.403076171875 0.063262939453125 -0.110481262207031 0.0190200805664063
0.401397705078125 0.06817626953125 -0.132621765136719 0.0263595581054687
0.4302978515625 -0.003448486328125 -0.105316162109375 0.0130538940429687
0.382476806640625 0.0845947265625 -0.126258850097656 -0.00971984863281251
0.365234375 0.24114990234375 -0.139869689941406 0.00258636474609377
0.267974853515625 0.373199462890625 -0.100059509277344 -0.06842041015625
-0.0408935546875 0.5262451171875 -0.0285263061523438 -0.131736755371094
-0.192535400390625 0.5068359375 0.0664825439453125 -0.084259033203125
-0.407867431640625 0.4327392578125 0.08099365234375 -0.0433425903320312
-0.345367431640625 0.338592529296875 -0.394622802734375 0.1199951171875
-0.2691650390625 0.348419189453125 -0.207656860351563 0.105850219726563
-0.16180419921875 0.43731689453125 -0.117790222167969 0.0242385864257813
0.028656005859375 0.386688232421875 -0.129127502441406 -0.0357666015625
0.143280029296875 0.342926025390625 -0.173507690429688 -0.043731689453125
0.286590576171875 0.197174072265625 -0.208084106445312 -0.0450897216796875
0.326324462890625 0.06231689453125 -0.257400512695313 0.0209503173828125
0.3248291015625 0.0693359375 -0.261932373046875 0.04669189453125
0.35186767578125 0.02301025390625 -0.235275268554688 0.0369873046875001
0.30126953125 0.09552001953125 -0.231033325195312 -0.0103912353515625
0.271804809570313 0.221145629882813 -0.19549560546875 -0.00508117675781252
0.1805419921875 0.306549072265625 -0.131660461425781 -0.0531845092773437
-0.05755615234375 0.402557373046875 -0.046478271484375 -0.0756912231445312
-0.15472412109375 0.3909912109375 0.0199089050292969 0.0427017211914063
-0.3206787109375 0.36419677734375 -0.0600662231445313 0.0995254516601563
-0.164108276367188 0.249420166015625 -0.497802734375 0.23541259765625
-0.112747192382813 0.2420654296875 -0.272979736328125 0.201950073242188
-0.050750732421875 0.246932983398438 -0.136123657226562 0.0642471313476563
0.03375244140625 0.207122802734375 -0.1466064453125 -0.016998291015625
0.0820770263671875 0.191497802734375 -0.191604614257812 -0.071380615234375
0.173110961914063 0.123123168945313 -0.282470703125 -0.068023681640625
0.198135375976563 0.051116943359375 -0.360137939453125 0.03057861328125
0.198928833007813 0.0595550537109375 -0.3514404296875 0.061553955078125
0.221038818359375 0.047821044921875 -0.331817626953125 0.043853759765625
0.173995971679688 0.097320556640625 -0.297332763671875 -0.030517578125
0.131881713867188 0.1705322265625 -0.215972900390625 -0.0359344482421875
0.05853271484375 0.194183349609375 -0.136604309082031 -0.0526046752929688
-0.0715484619140625 0.213973999023437 -0.0505561828613281 -0.0308990478515625
-0.0946044921875 0.214431762695312 -0.0236663818359375 0.138809204101563
-0.18328857421875 0.237289428710938 -0.17303466796875 0.211746215820313
0.0290908813476562 0.112770080566406 -0.541412353515625 0.328277587890625
0.0340118408203125 0.0948257446289063 -0.29998779296875 0.284515380859375
0.0357093811035156 0.0336532592773438 -0.133056640625 0.113067626953125
0.0149345397949219 0.0204830169677734 -0.137443542480469 0.0210113525390625
0.00308609008789063 0.0336685180664063 -0.17962646484375 -0.072052001953125
0.0350799560546875 0.0436820983886719 -0.30987548828125 -0.064910888671875
0.0409660339355469 0.0378646850585938 -0.404327392578125 0.0446166992187501
0.0440521240234375 0.0420951843261719 -0.386810302734375 0.0658569335937501
0.0596847534179688 0.0598335266113281 -0.3792724609375 0.0332031250000001
0.0294952392578125 0.0721054077148437 -0.316925048828125 -0.06683349609375
-0.00837707519531249 0.083984375 -0.199111938476563 -0.0814361572265625
-0.044525146484375 0.0462760925292969 -0.117446899414062 -0.063507080078125
-0.0435752868652344 0.00491714477539063 -0.0446891784667969 -0.000370025634765628
0.00257110595703125 0.0238723754882813 -0.0617218017578125 0.190765380859375
-0.0102462768554687 0.086639404296875 -0.23968505859375 0.274993896484375
-0.21875 0.06719970703125 0.2335205078125 -0.34906005859375
-0.140129089355469 0.129104614257813 0.0855560302734375 -0.266036987304688
-0.0318450927734375 0.198287963867188 0.00146675109863281 -0.0155563354492187
0.0824356079101562 0.138015747070313 0.0638961791992187 0.0744552612304688
0.132980346679688 0.057525634765625 0.149612426757813 0.152862548828125
0.105972290039063 -0.0334930419921875 0.30560302734375 0.102783203125
0.103065490722656 -0.0560379028320313 0.40374755859375 -0.03948974609375
0.114089965820313 -0.0231552124023438 0.38568115234375 -0.070281982421875
0.108955383300781 -0.040130615234375 0.39288330078125 -0.058990478515625
0.110572814941406 0.0117568969726562 0.319000244140625 0.027496337890625
0.10650634765625 0.066619873046875 0.174072265625 0.0230712890625
0.06634521484375 0.145523071289063 0.127754211425781 -0.0648117065429687
-0.06756591796875 0.165679931640625 0.16217041015625 -0.183273315429688
-0.127525329589844 0.123664855957031 0.275146484375 -0.34307861328125
-0.168655395507813 0.0388641357421875 0.59014892578125 -0.3851318359375
-0.37896728515625 0.214569091796875 0.191131591796875 -0.31085205078125
-0.275009155273438 0.258544921875 0.0886077880859375 -0.245132446289062
-0.130218505859375 0.386383056640625 -0.0133934020996094 -0.02496337890625
0.079315185546875 0.3135986328125 0.0243759155273438 0.0637092590332031
0.196640014648438 0.21905517578125 0.0907440185546875 0.16619873046875
0.241546630859375 0.05206298828125 0.251861572265625 0.120147705078125
0.25897216796875 -0.0373687744140625 0.33953857421875 -0.013458251953125
0.26885986328125 -0.0027923583984375 0.30615234375 -0.051422119140625
0.273880004882813 -0.0416107177734375 0.316436767578125 -0.06011962890625
0.249557495117188 0.04718017578125 0.246429443359375 0.0025177001953125
0.231536865234375 0.1553955078125 0.1112060546875 0.00518798828125001
0.15582275390625 0.2742919921875 0.0764007568359375 -0.092315673828125
-0.080780029296875 0.35626220703125 0.11370849609375 -0.220779418945312
-0.19281005859375 0.31585693359375 0.233245849609375 -0.363067626953125
-0.315521240234375 0.219940185546875 0.51336669921875 -0.38482666015625
-0.499237060546875 0.328521728515625 0.0841979980468749 -0.2318115234375
-0.386993408203125 0.36083984375 0.0523223876953125 -0.187362670898437
-0.2274169921875 0.537384033203125 -0.0294895172119141 -0.025665283203125
0.054718017578125 0.46575927734375 -0.0130691528320312 0.0396919250488282
0.22930908203125 0.367767333984375 0.02276611328125 0.143646240234375
0.3441162109375 0.145751953125 0.16070556640625 0.106033325195313
0.377044677734375 -0.00494384765625 0.220016479492188 0.0060577392578125
0.38494873046875 0.0191650390625 0.178695678710938 -0.0251922607421875
0.398895263671875 -0.046051025390625 0.194168090820313 -0.0476226806640625
0.36181640625 0.0599365234375 0.136360168457031 -0.0137557983398437
0.34735107421875 0.208709716796875 0.0308513641357422 -0.00216484069824217
0.25506591796875 0.361602783203125 0.0134201049804688 -0.101036071777344
-0.054290771484375 0.5103759765625 0.0531005859375 -0.223876953125
-0.21307373046875 0.477142333984375 0.173095703125 -0.323333740234375
-0.41229248046875 0.377410888671875 0.387420654296875 -0.323211669921875
-0.5384521484375 0.400482177734375 -0.0730361938476563 -0.120536804199219
-0.434539794921875 0.427032470703125 -0.0213623046875 -0.09942626953125
-0.26812744140625 0.62255859375 -0.0521583557128906 -0.0145034790039062
0.04046630859375 0.55316162109375 -0.051849365234375 0.0075035095214844
0.23675537109375 0.459808349609375 -0.0528488159179687 0.0887985229492188
0.3978271484375 0.214569091796875 0.0376777648925782 0.0628128051757813
0.437591552734375 0.027069091796875 0.0607070922851563 0.0179443359375
0.441802978515625 0.038787841796875 0.023712158203125 0.0058441162109375
0.462860107421875 -0.042205810546875 0.0451431274414063 -0.0181503295898438
0.41998291015625 0.06390380859375 0.0032768249511719 -0.0118532180786133
0.41339111328125 0.231781005859375 -0.0588188171386718 0.00427246093750002
0.31817626953125 0.39813232421875 -0.0516510009765625 -0.0886993408203125
-0.0233764648437499 0.5882568359375 -0.001312255859375 -0.190963745117187
-0.203460693359375 0.5616455078125 0.11474609375 -0.224594116210937
-0.44219970703125 0.474853515625 0.23681640625 -0.201187133789062
-0.4871826171875 0.4205322265625 -0.248504638671875 0.0101776123046876
-0.392547607421875 0.4395751953125 -0.117362976074219 0.00978851318359376
-0.23797607421875 0.6044921875 -0.0814743041992188 0.00585937500000002
0.04296875 0.536468505859375 -0.0942306518554688 -0.0219955444335937
0.220489501953125 0.45599365234375 -0.12677001953125 0.0201187133789063
0.3875732421875 0.2330322265625 -0.0994644165039062 0.00736999511718751
0.427764892578125 0.045989990234375 -0.113960266113281 0.0264892578125
0.429107666015625 0.05194091796875 -0.134063720703125 0.038177490234375
0.45416259765625 -0.026580810546875 -0.108963012695312 0.0204391479492188
0.40655517578125 0.07122802734375 -0.13079833984375 -0.000274658203125015
0.399078369140625 0.23443603515625 -0.141845703125 0.013885498046875
0.30517578125 0.38128662109375 -0.10595703125 -0.0649032592773437
-0.016510009765625 0.5616455078125 -0.037017822265625 -0.134429931640625
-0.1787109375 0.542938232421875 0.0660324096679687 -0.088165283203125
-0.41168212890625 0.484222412109375 0.0819015502929687 -0.04248046875
-0.35296630859375 0.376953125 -0.40264892578125 0.14886474609375
-0.270477294921875 0.38348388671875 -0.208343505859375 0.123855590820313
-0.147674560546875 0.474090576171875 -0.112571716308594 0.0364456176757813
0.049468994140625 0.40948486328125 -0.130950927734375 -0.0302047729492187
0.173065185546875 0.358306884765625 -0.181838989257813 -0.03704833984375
0.313995361328125 0.196319580078125 -0.221542358398437 -0.0381164550781249
0.347625732421875 0.0498046875 -0.269195556640625 0.03753662109375
0.349761962890625 0.055816650390625 -0.269989013671875 0.0667266845703125
0.37518310546875 0.00555419921875 -0.246414184570312 0.0532989501953126
0.322662353515625 0.087493896484375 -0.2425537109375 0.00309753417968748
0.29888916015625 0.21929931640625 -0.201324462890625 0.00738525390625
0.208343505859375 0.316558837890625 -0.138114929199219 -0.0472564697265625
-0.041656494140625 0.43243408203125 -0.0533447265625 -0.0749435424804687
-0.14715576171875 0.420166015625 0.024261474609375 0.0473365783691407
-0.32452392578125 0.405517578125 -0.0596847534179688 0.116302490234375
-0.167892456054688 0.272293090820312 -0.508453369140625 0.276580810546875
-0.111312866210937 0.26226806640625 -0.272415161132813 0.23016357421875
-0.042724609375 0.266433715820313 -0.131584167480469 0.0779037475585938
0.045074462890625 0.2188720703125 -0.149017333984375 -0.0102996826171875
0.0983123779296875 0.202438354492188 -0.203765869140625 -0.0659027099609375
0.190948486328125 0.124740600585937 -0.303436279296875 -0.05902099609375
0.213394165039063 0.044281005859375 -0.378753662109375 0.052490234375
0.217178344726563 0.0532379150390625 -0.3646240234375 0.08642578125
0.239547729492187 0.039947509765625 -0.347412109375 0.066802978515625
0.1895751953125 0.0954742431640625 -0.314056396484375 -0.0160217285156251
0.149795532226563 0.174423217773438 -0.225006103515625 -0.025390625
0.0734405517578125 0.205215454101562 -0.144134521484375 -0.046722412109375
-0.066558837890625 0.234786987304688 -0.0548286437988281 -0.0283203125
-0.093841552734375 0.231491088867187 -0.0168304443359375 0.151077270507813
-0.187744140625 0.262542724609375 -0.172348022460938 0.24029541015625
0.0296096801757813 0.11529541015625 -0.5499267578125 0.37701416015625
0.037353515625 0.0979537963867188 -0.29827880859375 0.320068359375
0.0363540649414063 0.0344505310058594 -0.128456115722656 0.126502990722656
0.0158977508544922 0.0225734710693359 -0.138938903808594 0.0283432006835937
0.00494384765625 0.0391578674316406 -0.19293212890625 -0.06878662109375
0.0418243408203125 0.0481071472167969 -0.331787109375 -0.05517578125
0.0477943420410156 0.0393943786621094 -0.424896240234375 0.06915283203125
0.052276611328125 0.0430717468261719 -0.403350830078125 0.0921630859375
0.071624755859375 0.0611572265625 -0.39892578125 0.057952880859375
0.0385055541992188 0.0760498046875 -0.33782958984375 -0.0531005859375
-0.0010833740234375 0.0907974243164063 -0.211166381835938 -0.075439453125
-0.0428886413574219 0.0553703308105469 -0.125267028808594 -0.0580978393554688
-0.048309326171875 0.0135307312011719 -0.0468368530273438 0.0036773681640625
-0.00215339660644531 0.0279769897460937 -0.0547027587890625 0.207763671875
-0.0137939453125 0.093414306640625 -0.241424560546875 0.30877685546875
-0.21551513671875 0.0877838134765625 0.21875 -0.388397216796875
-0.13287353515625 0.141754150390625 0.067535400390625 -0.286041259765625
-0.017242431640625 0.205078125 0.00267791748046875 -0.0173072814941406
0.0936050415039063 0.133712768554688 0.0705718994140625 0.0703353881835938
0.138908386230469 0.0451889038085938 0.16693115234375 0.146728515625
0.101043701171875 -0.042144775390625 0.326507568359375 0.084625244140625
0.0985946655273438 -0.0634841918945313 0.41717529296875 -0.07403564453125
0.114120483398438 -0.033966064453125 0.397125244140625 -0.104339599609375
0.106307983398438 -0.0508346557617187 0.406982421875 -0.0948486328125
0.113479614257812 0.00287628173828125 0.33843994140625 0.005523681640625
0.115699768066406 0.0598068237304687 0.183380126953125 0.01483154296875
0.0825042724609375 0.144622802734375 0.12548828125 -0.0766067504882812
-0.0547637939453125 0.1766357421875 0.151290893554687 -0.203079223632812
-0.119064331054687 0.137275695800781 0.25604248046875 -0.37786865234375
-0.167892456054688 0.0570831298828125 0.58062744140625 -0.44793701171875
-0.3719482421875 0.255767822265625 0.17919921875 -0.34503173828125
-0.26409912109375 0.287384033203125 0.0737457275390625 -0.265167236328125
-0.103271484375 0.409393310546875 -0.00972366333007813 -0.0253582000732422
0.1043701171875 0.317047119140625 0.0311470031738281 0.062286376953125
0.219711303710938 0.208786010742188 0.108795166015625 0.1646728515625
0.248992919921875 0.0365753173828125 0.272918701171875 0.1058349609375
0.261764526367187 -0.05657958984375 0.353424072265625 -0.0411376953125
0.278350830078125 -0.0242919921875 0.316986083984375 -0.07806396484375
0.27734375 -0.0657196044921875 0.327392578125 -0.0897216796875
0.261489868164063 0.02984619140625 0.260894775390625 -0.014495849609375
0.252761840820313 0.142074584960938 0.118942260742188 0.00164031982421876
0.186798095703125 0.272903442382812 0.0718765258789063 -0.100936889648437
-0.0540771484375 0.378448486328125 0.0985870361328125 -0.23626708984375
-0.17388916015625 0.341583251953125 0.212005615234375 -0.39373779296875
-0.309478759765625 0.259613037109375 0.501556396484375 -0.439117431640625
-0.489990234375 0.386016845703125 0.07574462890625 -0.253372192382813
-0.37249755859375 0.4027099609375 0.042633056640625 -0.202606201171875
-0.1917724609375 0.57586669921875 -0.0232067108154297 -0.023294448852539
0.091796875 0.47711181640625 -0.00670242309570312 0.0404586791992188
0.267242431640625 0.362030029296875 0.037994384765625 0.146484375
0.365081787109375 0.125579833984375 0.17706298828125 0.09649658203125
0.3876953125 -0.0323486328125 0.23095703125 -0.01171875
0.401947021484375 -0.010772705078125 0.187789916992188 -0.03948974609375
0.407623291015625 -0.080780029296875 0.200576782226563 -0.0650177001953125
0.37884521484375 0.03515625 0.145126342773438 -0.021820068359375
0.376800537109375 0.188446044921875 0.0360603332519532 -0.000358581542968739
0.296844482421875 0.356109619140625 0.00690460205078128 -0.104866027832031
-0.01446533203125 0.538787841796875 0.0360107421875 -0.234405517578125
-0.185089111328125 0.5103759765625 0.15277099609375 -0.3466796875
-0.39837646484375 0.432342529296875 0.375732421875 -0.36285400390625
-0.529571533203125 0.465240478515625 -0.077880859375 -0.124427795410156
-0.417999267578125 0.47833251953125 -0.0265350341796875 -0.104148864746094
-0.22698974609375 0.669189453125 -0.043365478515625 -0.00956344604492184
0.08447265625 0.57147216796875 -0.04803466796875 0.0103759765625
0.285614013671875 0.457855224609375 -0.0438232421875 0.0959701538085938
0.42828369140625 0.1944580078125 0.0454254150390625 0.0604209899902344
0.454833984375 -0.0050048828125 0.0663223266601563 0.0138587951660156
0.463775634765625 0.00518798828125 0.0300521850585938 0.00610733032226563
0.4759521484375 -0.08270263671875 0.0475120544433594 -0.0215377807617188
0.4398193359375 0.034759521484375 0.00611114501953128 -0.00957679748535156
0.447296142578125 0.208343505859375 -0.0555191040039062 0.0124549865722656
0.364349365234375 0.38970947265625 -0.0583724975585937 -0.0866851806640625
0.02288818359375 0.6175537109375 -0.017333984375 -0.194717407226562
-0.16766357421875 0.6016845703125 0.101654052734375 -0.2386474609375
-0.425506591796875 0.535888671875 0.22998046875 -0.221038818359375
-0.47705078125 0.480621337890625 -0.249893188476563 0.028076171875
-0.37762451171875 0.488861083984375 -0.116714477539063 0.0181884765625001
-0.19708251953125 0.65228271484375 -0.0721664428710938 0.0145721435546875
0.086517333984375 0.554840087890625 -0.0929489135742188 -0.0156936645507812
0.269317626953125 0.45941162109375 -0.125625610351562 0.0302047729492188
0.421478271484375 0.2138671875 -0.102531433105469 0.0132675170898437
0.447784423828125 0.016754150390625 -0.114631652832031 0.0374908447265625
0.453033447265625 0.019500732421875 -0.13153076171875 0.0530471801757813
0.47064208984375 -0.0638427734375 -0.110206604003906 0.0320663452148437
0.427093505859375 0.044403076171875 -0.132888793945312 0.0127105712890625
0.432403564453125 0.21240234375 -0.141189575195312 0.0283660888671875
0.349212646484375 0.3740234375 -0.112472534179687 -0.0576400756835937
0.027587890625 0.59033203125 -0.04986572265625 -0.132987976074219
-0.14630126953125 0.57891845703125 0.061981201171875 -0.0924148559570312
-0.394195556640625 0.54327392578125 0.0813751220703125 -0.0427169799804687
-0.343292236328125 0.42510986328125 -0.401031494140625 0.18603515625
-0.255523681640625 0.42236328125 -0.20196533203125 0.146255493164063
-0.115447998046875 0.50958251953125 -0.102638244628906 0.04827880859375
0.083587646484375 0.4244384765625 -0.132095336914063 -0.0217132568359375
0.21185302734375 0.36163330078125 -0.187881469726562 -0.025146484375
0.34375 0.18194580078125 -0.23419189453125 -0.025665283203125
0.36578369140625 0.027435302734375 -0.276168823242187 0.06097412109375
0.3726806640625 0.031707763671875 -0.270889282226563 0.0938568115234375
0.392822265625 -0.024322509765625 -0.250228881835937 0.077911376953125
0.342529296875 0.067901611328125 -0.250228881835938 0.024627685546875
0.3280029296875 0.205230712890625 -0.203857421875 0.0247344970703125
0.2430419921875 0.3140869140625 -0.144195556640625 -0.0366058349609375
-0.0113525390625 0.4576416015625 -0.0613288879394531 -0.0701828002929687
-0.125213623046875 0.44891357421875 0.0302276611328125 0.0513191223144532
-0.311187744140625 0.451629638671875 -0.0525970458984375 0.133110046386719
-0.16015625 0.297821044921875 -0.501068115234375 0.3282470703125
-0.10015869140625 0.282745361328125 -0.26055908203125 0.262771606445312
-0.0255126953125 0.283599853515625 -0.122116088867188 0.091094970703125
0.0633392333984375 0.226318359375 -0.150100708007813 -0.000335693359374976
0.120315551757812 0.206268310546875 -0.214996337890625 -0.0541076660156249
0.211654663085938 0.117721557617188 -0.32110595703125 -0.040740966796875
0.227951049804687 0.031341552734375 -0.389373779296875 0.0862731933593749
0.234649658203125 0.0387725830078125 -0.368804931640625 0.12054443359375
0.256256103515625 0.022613525390625 -0.35528564453125 0.10052490234375
0.206375122070313 0.0868988037109375 -0.327606201171875 0.01025390625
0.170608520507813 0.170608520507813 -0.23199462890625 -0.00898742675781246
0.0940704345703125 0.210647583007812 -0.150375366210938 -0.03485107421875
-0.0526275634765625 0.254959106445313 -0.0584373474121094 -0.0226097106933594
-0.08502197265625 0.250030517578125 -0.00424194335937502 0.161148071289063
-0.180877685546875 0.291259765625 -0.161102294921875 0.270645141601563
0.0327835083007813 0.11688232421875 -0.53839111328125 0.43524169921875
0.0428009033203125 0.0988235473632813 -0.279693603515625 0.35662841796875
0.0370712280273438 0.0339927673339844 -0.118255615234375 0.139930725097656
0.0173168182373047 0.0238723754882813 -0.137596130371094 0.0384521484375
0.00838851928710937 0.0442886352539062 -0.205596923828125 -0.0584869384765625
0.0506591796875 0.0495376586914062 -0.352294921875 -0.0341796875
0.0560722351074219 0.0377998352050781 -0.437255859375 0.1065673828125
0.0617256164550781 0.0410957336425781 -0.4110107421875 0.128875732421875
0.084869384765625 0.0575942993164063 -0.41021728515625 0.0957031249999999
0.0494537353515625 0.0771255493164063 -0.356414794921875 -0.0275573730468751
0.00833129882812501 0.0956802368164063 -0.22332763671875 -0.062347412109375
-0.0378608703613281 0.0644493103027344 -0.132736206054688 -0.04876708984375
-0.0504341125488281 0.0239677429199219 -0.0480918884277344 0.00897216796874999
-0.00514030456542968 0.0334396362304688 -0.0401458740234375 0.222320556640625
-0.0133743286132813 0.0999069213867188 -0.22796630859375 0.34710693359375
-0.203582763671875 0.106063842773438 0.191131591796875 -0.41558837890625
-0.120635986328125 0.151046752929688 0.04443359375 -0.296722412109375
4.57763671874875E-05 0.20513916015625 0.00326156616210938 -0.0192222595214844
0.102859497070313 0.124168395996094 0.0760726928710937 0.063201904296875
0.139808654785156 0.0310897827148437 0.17962646484375 0.133468627929688
0.0922698974609375 -0.04876708984375 0.336822509765625 0.06121826171875
0.0907745361328125 -0.0694427490234375 0.415191650390625 -0.11004638671875
0.110298156738281 -0.043487548828125 0.39263916015625 -0.139739990234375
0.0984649658203125 -0.0595779418945312 0.403778076171875 -0.1326904296875
0.113204956054688 -0.007537841796875 0.346832275390625 -0.022064208984375
0.120864868164063 0.049835205078125 0.187393188476563 0.0037841796875
0.0974655151367188 0.137222290039063 0.118881225585938 -0.0864944458007812
-0.0384063720703125 0.182037353515625 0.133010864257812 -0.216079711914063
-0.105239868164063 0.146102905273438 0.2242431640625 -0.40167236328125
-0.160675048828125 0.0745697021484375 0.546875 -0.49896240234375
-0.349212646484375 0.289794921875 0.15509033203125 -0.368865966796875
-0.242156982421875 0.308258056640625 0.0526275634765625 -0.275909423828125
-0.06903076171875 0.41961669921875 -0.00613594055175782 -0.0258808135986328
0.1282958984375 0.308135986328125 0.0374946594238281 0.0578193664550781
0.236785888671875 0.188812255859375 0.124588012695313 0.15582275390625
0.248367309570313 0.017486572265625 0.285552978515625 0.0855712890625
0.255722045898438 -0.075103759765625 0.3543701171875 -0.0718994140625
0.277908325195313 -0.047637939453125 0.3154296875 -0.1064453125
0.270233154296875 -0.0897216796875 0.324493408203125 -0.1197509765625
0.26434326171875 0.0085906982421875 0.267410278320313 -0.034576416015625
0.265533447265625 0.122177124023437 0.122688293457031 -0.00411224365234374
0.213455200195313 0.259109497070313 0.063629150390625 -0.1060791015625
-0.020965576171875 0.38787841796875 0.0776824951171875 -0.244354248046875
-0.14544677734375 0.358184814453125 0.179351806640625 -0.4124755859375
-0.28839111328125 0.292572021484375 0.466796875 -0.483428955078125
-0.457244873046875 0.432708740234375 0.05987548828125 -0.26824951171875
-0.344573974609375 0.43524169921875 0.0270843505859375 -0.210723876953125
-0.14154052734375 0.59613037109375 -0.0162525177001953 -0.0227165222167968
0.1307373046875 0.47344970703125 -0.000732421874999995 0.0387001037597657
0.299346923828125 0.340545654296875 0.0526580810546875 0.143264770507813
0.374237060546875 0.098388671875 0.1873779296875 0.0818634033203125
0.386077880859375 -0.06170654296875 0.233810424804687 -0.03204345703125
0.4053955078125 -0.044464111328125 0.189529418945313 -0.05572509765625
0.4012451171875 -0.11602783203125 0.198654174804688 -0.0828857421875
0.383514404296875 0.0052490234375 0.149154663085938 -0.031829833984375
0.394134521484375 0.1588134765625 0.0405235290527344 0.00081634521484376
0.332122802734375 0.335296630859375 -0.000923156738281227 -0.104507446289062
0.0303955078125 0.547454833984375 0.0156402587890625 -0.23577880859375
-0.14453125 0.52978515625 0.1256103515625 -0.3583984375
-0.36480712890625 0.475921630859375 0.350189208984375 -0.391845703125
-0.493927001953125 0.51751708984375 -0.08343505859375 -0.123878479003906
-0.38458251953125 0.517242431640625 -0.0331802368164063 -0.104965209960937
-0.1695556640625 0.69659423828125 -0.0332412719726563 -0.00738143920898434
0.13311767578125 0.56866455078125 -0.0425376892089844 0.0120429992675782
0.328582763671875 0.43634033203125 -0.0322647094726562 0.0993576049804688
0.4462890625 0.1611328125 0.0510940551757813 0.0557403564453125
0.457183837890625 -0.04095458984375 0.06976318359375 0.00800704956054687
0.470611572265625 -0.033935546875 0.0351409912109375 0.00387954711914062
0.470947265625 -0.123291015625 0.0478744506835938 -0.0247611999511719
0.445953369140625 0.000732421875 0.00914382934570315 -0.00794219970703125
0.468780517578125 0.174346923828125 -0.0500984191894531 0.0200538635253906
0.4031982421875 0.3634033203125 -0.0644302368164062 -0.0811233520507812
0.07574462890625 0.626220703125 -0.0337677001953125 -0.190689086914062
-0.123046875 0.6197509765625 0.083221435546875 -0.244705200195312
-0.38616943359375 0.58343505859375 0.214340209960938 -0.234893798828125
-0.4423828125 0.5308837890625 -0.244552612304688 0.0458984375000001
-0.341827392578125 0.52764892578125 -0.113021850585938 0.0271530151367188
-0.14251708984375 0.6767578125 -0.0599021911621094 0.0193672180175782
0.133270263671875 0.5545654296875 -0.0887527465820312 -0.0100021362304687
0.313140869140625 0.439849853515625 -0.119941711425781 0.0399017333984375
0.44342041015625 0.18170166015625 -0.103126525878906 0.0198898315429688
0.453033447265625 -0.0179443359375 -0.110923767089844 0.0472488403320313
0.46221923828125 -0.0189208984375 -0.123481750488281 0.0655441284179688
0.4693603515625 -0.104827880859375 -0.10699462890625 0.0439453125
0.4351806640625 0.01226806640625 -0.130401611328125 0.0266647338867187
0.452484130859375 0.17822265625 -0.134819030761719 0.0417251586914063
0.3846435546875 0.3480224609375 -0.115379333496094 -0.0472030639648438
0.0756225585937499 0.5982666015625 -0.060821533203125 -0.125106811523437
-0.1029052734375 0.5960693359375 0.056793212890625 -0.0947189331054687
-0.3548583984375 0.58697509765625 0.079803466796875 -0.0417633056640625
-0.3150634765625 0.460418701171875 -0.38372802734375 0.219696044921875
-0.226806640625 0.449066162109375 -0.1878662109375 0.1644287109375
-0.072418212890625 0.52874755859375 -0.0893478393554688 0.0558090209960938
0.120025634765625 0.4234619140625 -0.129318237304688 -0.0128250122070312
0.247222900390625 0.34918212890625 -0.188461303710937 -0.0108489990234375
0.3646240234375 0.15673828125 -0.240432739257812 -0.00785827636718749
0.3731689453125 -0.0018310546875 -0.272216796875 0.085662841796875
0.382781982421875 -0.00018310546875 -0.26171875 0.11798095703125
0.395538330078125 -0.05780029296875 -0.243865966796875 0.102371215820312
0.351898193359375 0.04278564453125 -0.248519897460937 0.048126220703125
0.347625732421875 0.179443359375 -0.198760986328125 0.0417938232421875
0.272796630859375 0.297088623046875 -0.145050048828125 -0.0238494873046875
0.025848388671875 0.46832275390625 -0.0672378540039063 -0.0618438720703125
-0.093597412109375 0.46429443359375 0.0370407104492187 0.0524139404296875
-0.280303955078125 0.488128662109375 -0.0404510498046875 0.147125244140625
-0.14312744140625 0.315948486328125 -0.47381591796875 0.372650146484375
-0.081756591796875 0.295135498046875 -0.237457275390625 0.2872314453125
-0.00354003906249998 0.29119873046875 -0.108070373535156 0.100227355957031
0.0818328857421875 0.2254638671875 -0.14599609375 0.010467529296875
0.141265869140625 0.201263427734375 -0.21905517578125 -0.0378570556640624
0.227005004882813 0.103485107421875 -0.330078125 -0.016326904296875
0.234405517578125 0.013702392578125 -0.385040283203125 0.1209716796875
0.243453979492188 0.0194549560546875 -0.358795166015625 0.15374755859375
0.264602661132813 0.000396728515625 -0.347442626953125 0.134307861328125
0.217620849609375 0.0718994140625 -0.32830810546875 0.0387878417968751
0.186614990234375 0.158340454101562 -0.231155395507813 0.00912475585937497
0.114654541015625 0.205963134765625 -0.151535034179688 -0.0218353271484375
-0.0323944091796875 0.26776123046875 -0.0606346130371094 -0.0146331787109375
-0.069091796875 0.26177978515625 0.0109405517578125 0.165817260742188
-0.16436767578125 0.312896728515625 -0.138153076171875 0.292938232421875
0.0366668701171875 0.115898132324219 -0.501953125 0.483612060546875
0.0485763549804687 0.0961837768554688 -0.249114990234375 0.38372802734375
0.0364265441894531 0.0321159362792969 -0.103958129882813 0.1485595703125
0.0182437896728516 0.0241565704345703 -0.131507873535156 0.0478668212890625
0.0131721496582031 0.0475921630859375 -0.210845947265625 -0.04388427734375
0.0590019226074219 0.0479888916015625 -0.36151123046875 -0.00640869140624995
0.0625190734863281 0.0340385437011719 -0.433380126953125 0.146514892578125
0.0693778991699219 0.0368576049804688 -0.4024658203125 0.16510009765625
0.0953598022460938 0.0503387451171875 -0.4039306640625 0.133941650390625
0.0597305297851562 0.0743789672851563 -0.362548828125 0.00305175781249998
0.0186920166015625 0.0966720581054688 -0.22900390625 -0.045684814453125
-0.0298995971679687 0.07073974609375 -0.135337829589844 -0.0360946655273438
-0.0489349365234375 0.0342216491699219 -0.0474739074707031 0.0154953002929687
-0.00625991821289063 0.0375938415527344 -0.020782470703125 0.230453491210938
-0.0108566284179687 0.104438781738281 -0.200836181640625 0.374664306640625
-0.190582275390625 0.116867065429688 0.165130615234375 -0.428314208984375
-0.10943603515625 0.153579711914063 0.025421142578125 -0.297882080078125
0.012939453125 0.200408935546875 0.00528526306152344 -0.0210247039794922
0.107223510742187 0.114715576171875 0.0772857666015625 0.0558700561523438
0.136253356933594 0.0195846557617188 0.184738159179688 0.12078857421875
0.0836029052734375 -0.0517044067382813 0.340606689453125 0.04193115234375
0.0829925537109375 -0.0714340209960938 0.40557861328125 -0.134979248046875
0.104682922363281 -0.049285888671875 0.380615234375 -0.164215087890625
0.09051513671875 -0.064422607421875 0.391876220703125 -0.1602783203125
0.110755920410156 -0.0145797729492188 0.3463134765625 -0.043121337890625
0.122489929199219 0.040802001953125 0.187744140625 -0.0041961669921875
0.106521606445312 0.128860473632813 0.111167907714844 -0.0918655395507813
-0.0261993408203125 0.181976318359375 0.115585327148438 -0.22100830078125
-0.0931549072265625 0.149566650390625 0.195068359375 -0.41046142578125
-0.150665283203125 0.086822509765625 0.50714111328125 -0.526580810546875
-0.324249267578125 0.30889892578125 0.133209228515625 -0.380645751953125
-0.220703125 0.31756591796875 0.0351104736328125 -0.278793334960937
-0.04052734375 0.417938232421875 -0.00152397155761719 -0.0279426574707031
0.144439697265625 0.295928955078125 0.0409317016601563 0.0519447326660157
0.243301391601563 0.170074462890625 0.13238525390625 0.145339965820313
0.242034912109375 0.004852294921875 0.2886962890625 0.067535400390625
0.246307373046875 -0.0870208740234375 0.347991943359375 -0.095458984375
0.27166748046875 -0.0642852783203125 0.307952880859375 -0.126373291015625
0.2587890625 -0.104690551757812 0.3155517578125 -0.1405029296875
0.261383056640625 -0.0076904296875 0.26751708984375 -0.051116943359375
0.27044677734375 0.104385375976563 0.124313354492188 -0.00827026367187499
0.229690551757812 0.2430419921875 0.0560073852539063 -0.107994079589844
0.00421142578124997 0.38775634765625 0.061126708984375 -0.244552612304687
-0.121429443359375 0.36181640625 0.150848388671875 -0.417633056640625
-0.264892578125 0.311553955078125 0.432647705078125 -0.50390625
-0.4224853515625 0.458526611328125 0.045379638671875 -0.274810791015625
-0.314727783203125 0.451080322265625 0.0145416259765625 -0.212738037109375
-0.0999145507812499 0.597412109375 -0.00881195068359376 -0.0250701904296875
0.15740966796875 0.4586181640625 0.00430297851562501 0.0360679626464844
0.317291259765625 0.316009521484375 0.0628585815429688 0.136932373046875
0.3729248046875 0.075714111328125 0.190887451171875 0.06939697265625
0.376495361328125 -0.0821533203125 0.23138427734375 -0.047760009765625
0.399749755859375 -0.069793701171875 0.187088012695313 -0.068267822265625
0.38763427734375 -0.1392822265625 0.19390869140625 -0.0951080322265625
0.3802490234375 -0.0169677734375 0.150711059570313 -0.0397491455078125
0.400360107421875 0.13348388671875 0.0442543029785157 0.000835418701171883
0.351348876953125 0.31036376953125 -0.00630950927734372 -0.102035522460938
0.065216064453125 0.54571533203125 0.00115966796874998 -0.2303466796875
-0.110198974609375 0.533721923828125 0.10162353515625 -0.36016845703125
-0.329315185546875 0.49847412109375 0.32098388671875 -0.40521240234375
-0.455474853515625 0.5460205078125 -0.0866165161132813 -0.122367858886719
-0.35150146484375 0.536224365234375 -0.0377426147460938 -0.103858947753906
-0.120849609375 0.70050048828125 -0.0235633850097656 -0.00862312316894526
0.166412353515625 0.555572509765625 -0.0372276306152344 0.0121536254882813
0.354461669921875 0.4110107421875 -0.0224685668945312 0.0987930297851563
0.449127197265625 0.13299560546875 0.0535240173339844 0.0507316589355469
0.448883056640625 -0.066070556640625 0.071258544921875 0.0026702880859375
0.466766357421875 -0.064239501953125 0.0391731262207032 0.00137710571289062
0.45721435546875 -0.15240478515625 0.048675537109375 -0.0260505676269531
0.4415283203125 -0.02447509765625 0.0129842758178711 -0.0065450668334961
0.473907470703125 0.14324951171875 -0.0439567565917968 0.0252723693847656
0.424102783203125 0.33270263671875 -0.0662918090820312 -0.07513427734375
0.11419677734375 0.620361328125 -0.044219970703125 -0.181167602539062
-0.0850830078125 0.62030029296875 0.0683746337890625 -0.243881225585938
-0.34429931640625 0.60882568359375 0.198226928710937 -0.239959716796875
-0.407073974609375 0.555633544921875 -0.234970092773438 0.0576019287109375
-0.3092041015625 0.545501708984375 -0.108161926269531 0.0332717895507813
-0.0963134765624999 0.68212890625 -0.0481147766113281 0.0196495056152344
0.166534423828125 0.5423583984375 -0.08380126953125 -0.0066604614257812
0.339569091796875 0.417999267578125 -0.112396240234375 0.0455322265625
0.451080322265625 0.154327392578125 -0.102455139160156 0.0245208740234375
0.447723388671875 -0.04486083984375 -0.105613708496094 0.0538101196289062
0.460540771484375 -0.04803466796875 -0.114501953125 0.07244873046875
0.457763671875 -0.133331298828125 -0.099945068359375 0.05206298828125
0.43145751953125 -0.0130615234375 -0.124382019042969 0.0365676879882812
0.458343505859375 0.150115966796875 -0.125839233398437 0.0503997802734375
0.403533935546875 0.320953369140625 -0.11395263671875 -0.0390243530273437
0.114501953125 0.59222412109375 -0.0664825439453125 -0.11505126953125
-0.0687255859374999 0.59771728515625 0.0526199340820312 -0.0935592651367187
-0.31719970703125 0.6097412109375 0.0784378051757812 -0.0388259887695312
-0.286895751953125 0.47955322265625 -0.362518310546875 0.239501953125
-0.201873779296875 0.461517333984375 -0.172943115234375 0.17376708984375
-0.039642333984375 0.5308837890625 -0.0770797729492187 0.0572280883789063
0.14453125 0.41400146484375 -0.124031066894531 -0.00648498535156245
0.26904296875 0.333343505859375 -0.184005737304687 -0.000183105468749994
0.372222900390625 0.13470458984375 -0.241470336914062 0.00511169433593752
0.370819091796875 -0.023223876953125 -0.263656616210938 0.102935791015625
0.382293701171875 -0.023956298828125 -0.248306274414062 0.134063720703125
0.389801025390625 -0.082763671875 -0.231765747070312 0.119400024414063
0.351715087890625 0.0233154296875 -0.241180419921875 0.065155029296875
0.354705810546875 0.1578369140625 -0.189834594726563 0.0540008544921875
0.28973388671875 0.278289794921875 -0.141815185546875 -0.013671875
0.05657958984375 0.467803955078125 -0.0686836242675781 -0.0526123046875
-0.0670166015625 0.46697998046875 0.0425376892089844 0.0523452758789063
-0.25048828125 0.50604248046875 -0.028961181640625 0.15496826171875
-0.127349853515625 0.32403564453125 -0.4429931640625 0.397918701171875
-0.0667724609375 0.298736572265625 -0.21405029296875 0.29913330078125
0.01251220703125 0.291778564453125 -0.0960235595703125 0.103034973144531
0.0950469970703125 0.22100830078125 -0.139846801757813 0.016571044921875
0.155029296875 0.193954467773438 -0.21728515625 -0.025909423828125
0.23419189453125 0.0901641845703125 -0.33172607421875 0.00265502929687497
0.236038208007813 7.62939453125E-05 -0.374176025390625 0.1453857421875
0.246322631835938 0.0041656494140625 -0.343505859375 0.175323486328125
0.265060424804688 -0.01727294921875 -0.332733154296875 0.15765380859375
0.221389770507812 0.060150146484375 -0.322235107421875 0.0612792968749999
0.196075439453125 0.146408081054687 -0.2255859375 0.02288818359375
0.127944946289063 0.198028564453125 -0.148529052734375 -0.0108184814453125
-0.0146636962890625 0.272506713867188 -0.0597038269042969 -0.00740814208984373
-0.0559844970703125 0.26629638671875 0.0230712890625 0.165496826171875
-0.1473388671875 0.324859619140625 -0.117218017578125 0.305267333984375
0.0384140014648437 0.113914489746094 -0.46612548828125 0.5084228515625
0.0512619018554687 0.0928192138671875 -0.220123291015625 0.395477294921875
0.0349788665771484 0.0316734313964844 -0.0916595458984375 0.150543212890625
0.0183906555175781 0.0244541168212891 -0.123924255371094 0.0531845092773437
0.0172462463378906 0.0497856140136719 -0.211349487304688 -0.032562255859375
0.0648307800292969 0.0451202392578125 -0.362518310546875 0.01416015625
0.0667304992675781 0.0301361083984375 -0.420745849609375 0.174102783203125
0.074066162109375 0.0320281982421875 -0.3870849609375 0.189971923828125
0.101654052734375 0.042205810546875 -0.38909912109375 0.160003662109375
0.0662460327148438 0.0704574584960938 -0.35931396484375 0.0272216796875
0.0262832641601563 0.0950927734375 -0.228469848632813 -0.0332794189453125
-0.0233917236328125 0.0736236572265625 -0.1343994140625 -0.0263214111328125
-0.0451622009277344 0.0417327880859375 -0.0459136962890625 0.0210113525390625
-0.007049560546875 0.042205810546875 -0.00457763671874998 0.231170654296875
-0.00904083251953126 0.107368469238281 -0.176177978515625 0.38873291015625
-0.179885864257812 0.122421264648438 0.149200439453125 -0.436981201171875
-0.101776123046875 0.154586791992188 0.0142822265625 -0.29901123046875
0.020965576171875 0.195526123046875 0.007415771484375 -0.0236663818359375
0.108612060546875 0.107978820800781 0.0774154663085938 0.0515518188476563
0.131790161132813 0.0118408203125 0.185867309570313 0.114089965820313
0.0771408081054688 -0.0518646240234375 0.342041015625 0.03009033203125
0.078460693359375 -0.0713272094726563 0.3983154296875 -0.152740478515625
0.100227355957031 -0.0529022216796875 0.3719482421875 -0.178863525390625
0.083770751953125 -0.0662155151367188 0.3846435546875 -0.175872802734375
0.107978820800781 -0.0193634033203125 0.34637451171875 -0.056884765625
0.12353515625 0.0352706909179687 0.188613891601563 -0.0073394775390625
0.112686157226563 0.122596740722656 0.105239868164063 -0.0946044921875
-0.01800537109375 0.181671142578125 0.103958129882813 -0.223434448242188
-0.0852813720703125 0.150924682617188 0.1761474609375 -0.41387939453125
-0.142349243164063 0.0937347412109375 0.480987548828125 -0.540802001953125
-0.305450439453125 0.319580078125 0.11956787109375 -0.388671875
-0.207489013671875 0.322418212890625 0.025054931640625 -0.280502319335938
-0.02276611328125 0.413543701171875 0.00275039672851563 -0.0318546295166015
0.15264892578125 0.28619384765625 0.041961669921875 0.0485649108886719
0.245223999023438 0.15704345703125 0.137382507324219 0.139450073242188
0.236602783203125 -0.001861572265625 0.291168212890625 0.05670166015625
0.239822387695313 -0.0935211181640625 0.34271240234375 -0.1104736328125
0.267135620117188 -0.07513427734375 0.302581787109375 -0.1387939453125
0.250411987304688 -0.1134033203125 0.308868408203125 -0.153656005859375
0.258834838867187 -0.01666259765625 0.26837158203125 -0.060760498046875
0.27325439453125 0.09326171875 0.126602172851563 -0.00935363769531249
0.239547729492188 0.232040405273438 0.051361083984375 -0.108657836914062
0.0203857421875 0.387420654296875 0.050537109375 -0.2427978515625
-0.10711669921875 0.363800048828125 0.133941650390625 -0.41925048828125
-0.248870849609375 0.32452392578125 0.40875244140625 -0.51446533203125
-0.399871826171875 0.473968505859375 0.0366058349609375 -0.2799072265625
-0.296722412109375 0.458465576171875 0.00718688964843748 -0.213577270507812
-0.0736083984375 0.59710693359375 -0.00224494934082032 -0.0293159484863281
0.174041748046875 0.448394775390625 0.00732040405273439 0.0326194763183594
0.3255615234375 0.2996826171875 0.069122314453125 0.132804870605469
0.369598388671875 0.063018798828125 0.192596435546875 0.0615386962890625
0.370452880859375 -0.093902587890625 0.22894287109375 -0.059112548828125
0.39642333984375 -0.08673095703125 0.185623168945313 -0.0763397216796875
0.377166748046875 -0.15325927734375 0.1915283203125 -0.1031494140625
0.37646484375 -0.030792236328125 0.152481079101563 -0.044952392578125
0.403228759765625 0.117767333984375 0.0481452941894532 0.00243759155273438
0.36322021484375 0.2950439453125 -0.00913238525390623 -0.1011962890625
0.088165283203125 0.543487548828125 -0.00660705566406252 -0.224899291992187
-0.089508056640625 0.533416748046875 0.088287353515625 -0.3585205078125
-0.307586669921875 0.5155029296875 0.3037109375 -0.409942626953125
-0.4288330078125 0.5626220703125 -0.0881271362304688 -0.122177124023437
-0.33099365234375 0.548553466796875 -0.0398406982421875 -0.103141784667969
-0.08892822265625 0.70123291015625 -0.0147542953491211 -0.013197898864746
0.186859130859375 0.545623779296875 -0.0330696105957031 0.0109806060791016
0.369598388671875 0.39215087890625 -0.0157546997070312 0.0974349975585938
0.4505615234375 0.115814208984375 0.054229736328125 0.0481414794921875
0.443939208984375 -0.081207275390625 0.0718917846679688 -0.0015411376953125
0.463623046875 -0.083831787109375 0.0416374206542969 -0.00133132934570313
0.446563720703125 -0.169097900390625 0.0501899719238282 -0.0275611877441406
0.437042236328125 -0.039947509765625 0.0163965225219727 -0.00583171844482422
0.47723388671875 0.124114990234375 -0.03753662109375 0.0283317565917969
0.435943603515625 0.3150634765625 -0.066619873046875 -0.0718536376953125
0.1409912109375 0.6173095703125 -0.0477752685546875 -0.173568725585937
-0.06231689453125 0.61865234375 0.0611114501953125 -0.241607666015625
-0.319091796875 0.6248779296875 0.188873291015625 -0.240402221679687
-0.38336181640625 0.57171630859375 -0.22796630859375 0.0635375976562501
-0.29010009765625 0.5556640625 -0.104286193847656 0.0368270874023438
-0.0673217773437501 0.68341064453125 -0.0389060974121094 0.0161666870117188
0.185638427734375 0.5325927734375 -0.0788116455078125 -0.00565338134765623
0.3572998046875 0.402099609375 -0.106636047363281 0.0482101440429688
0.453765869140625 0.136322021484375 -0.102874755859375 0.0277786254882812
0.44439697265625 -0.060028076171875 -0.101631164550781 0.0573501586914062
0.4600830078125 -0.067779541015625 -0.107704162597656 0.076171875
0.450439453125 -0.151763916015625 -0.0934295654296875 0.0573577880859375
0.42779541015625 -0.027252197265625 -0.1190185546875 0.042694091796875
0.461761474609375 0.13140869140625 -0.11871337890625 0.0553665161132812
0.415191650390625 0.30364990234375 -0.111801147460937 -0.0344390869140625
0.13824462890625 0.59051513671875 -0.0672454833984375 -0.107246398925781
-0.0485229492187499 0.5972900390625 0.0513992309570313 -0.092437744140625
-0.29327392578125 0.62701416015625 0.0786285400390625 -0.0352935791015625
-0.269989013671875 0.4912109375 -0.347198486328125 0.250946044921875
-0.18878173828125 0.468170166015625 -0.163772583007813 0.180267333984375
-0.019775390625 0.5311279296875 -0.06787109375 0.0556602478027344
0.161224365234375 0.407806396484375 -0.118614196777344 -0.00394439697265622
0.284088134765625 0.3216552734375 -0.179550170898437 0.00439453125000002
0.376800537109375 0.120086669921875 -0.2420654296875 0.014556884765625
0.369873046875 -0.03662109375 -0.257278442382813 0.113845825195312
0.38397216796875 -0.0406494140625 -0.238204956054687 0.14300537109375
0.38623046875 -0.09869384765625 -0.221847534179687 0.129608154296875
0.351654052734375 0.0107421875 -0.235031127929688 0.075897216796875
0.359710693359375 0.143829345703125 -0.18292236328125 0.0599212646484375
0.29962158203125 0.26593017578125 -0.138168334960937 -0.00760650634765626
0.0752563476562501 0.468048095703125 -0.0674934387207031 -0.04541015625
-0.052703857421875 0.468658447265625 0.0469741821289063 0.0525779724121094
-0.232269287109375 0.519439697265625 -0.0200042724609375 0.161209106445313
-0.11749267578125 0.32977294921875 -0.42144775390625 0.410491943359375
-0.059173583984375 0.30194091796875 -0.1993408203125 0.306243896484375
0.02130126953125 0.29248046875 -0.0878219604492187 0.102920532226563
0.101821899414063 0.218490600585938 -0.134017944335938 0.0199203491210938
0.164901733398438 0.189727783203125 -0.21435546875 -0.0200958251953125
0.239028930664063 0.0818023681640625 -0.333038330078125 0.015167236328125
0.236907958984375 -0.008392333984375 -0.365966796875 0.1617431640625
0.249404907226563 -0.00592041015625 -0.332275390625 0.188140869140625
0.265670776367188 -0.029449462890625 -0.320526123046875 0.171356201171875
0.224578857421875 0.0521697998046875 -0.317138671875 0.074676513671875
0.201583862304688 0.139556884765625 -0.220962524414063 0.0296783447265625
0.135696411132812 0.19287109375 -0.14495849609375 -0.00460815429687501
-0.00279235839843752 0.2763671875 -0.0577926635742188 -0.00201416015624997
-0.0489349365234375 0.270111083984375 0.031982421875 0.165054321289063
-0.137908935546875 0.333648681640625 -0.10247802734375 0.313385009765625
0.03753662109375 0.112602233886719 -0.440399169921875 0.522613525390625
0.0514450073242188 0.0903167724609375 -0.201385498046875 0.401702880859375
0.0323410034179688 0.0318794250488281 -0.084320068359375 0.151229858398438
0.0181751251220703 0.0251502990722656 -0.118492126464844 0.0547332763671875
0.0216407775878906 0.0516166687011719 -0.210540771484375 -0.0268096923828125
0.0692710876464844 0.0427894592285156 -0.36370849609375 0.0264892578124999
0.0704803466796875 0.0271682739257813 -0.41143798828125 0.1917724609375
0.0786209106445313 0.0292739868164062 -0.37664794921875 0.205047607421875
0.106689453125 0.0357818603515625 -0.377471923828125 0.175567626953125
0.0706253051757813 0.0680465698242188 -0.356170654296875 0.0418701171875
0.0312271118164063 0.09454345703125 -0.226943969726562 -0.0250244140625
-0.0182113647460938 0.0753326416015625 -0.1322021484375 -0.0195770263671875
-0.0420265197753906 0.0475959777832031 -0.043609619140625 0.0244712829589844
-0.00782012939453125 0.0460777282714844 0.00503540039062499 0.231292724609375
-0.0092620849609375 0.1107177734375 -0.158599853515625 0.39752197265625
-0.174911499023438 0.128128051757812 0.140716552734375 -0.452484130859375
-0.0979156494140625 0.156982421875 0.00714111328125002 -0.3060302734375
0.0273895263671875 0.194625854492187 0.0089263916015625 -0.0276908874511719
0.110519409179687 0.104362487792969 0.0776901245117188 0.0479888916015625
0.129127502441406 0.00677490234375 0.190353393554688 0.1121826171875
0.0727157592773438 -0.0518112182617188 0.3497314453125 0.022125244140625
0.07623291015625 -0.0722503662109375 0.39862060546875 -0.1680908203125
0.0986557006835938 -0.0564422607421875 0.372467041015625 -0.19439697265625
0.080535888671875 -0.067626953125 0.38531494140625 -0.1907958984375
0.107444763183594 -0.0227508544921875 0.35382080078125 -0.0684814453125
0.126075744628906 0.0313262939453125 0.19317626953125 -0.0088043212890625
0.119400024414063 0.120109558105469 0.102363586425781 -0.09771728515625
-0.012420654296875 0.185089111328125 0.0972137451171875 -0.227981567382813
-0.080596923828125 0.153579711914063 0.16583251953125 -0.42181396484375
-0.137664794921875 0.100143432617187 0.471771240234375 -0.55902099609375
-0.29730224609375 0.331756591796875 0.11187744140625 -0.40155029296875
-0.201446533203125 0.3316650390625 0.01788330078125 -0.287017822265625
-0.010833740234375 0.416595458984375 0.00669097900390625 -0.0373191833496093
0.160491943359375 0.2841796875 0.0440254211425781 0.0455398559570313
0.248458862304687 0.149810791015625 0.1424560546875 0.138290405273438
0.23504638671875 -0.005279541015625 0.298126220703125 0.049896240234375
0.239044189453125 -0.099273681640625 0.34423828125 -0.124420166015625
0.269180297851562 -0.0848388671875 0.303863525390625 -0.151397705078125
0.247604370117188 -0.12060546875 0.310577392578125 -0.16705322265625
0.260955810546875 -0.02392578125 0.273971557617188 -0.0703125
0.279388427734375 0.0868377685546875 0.132217407226563 -0.00956726074218749
0.251083374023438 0.228012084960937 0.0490036010742188 -0.110664367675781
0.03289794921875 0.3951416015625 0.044586181640625 -0.245361328125
-0.09814453125 0.370574951171875 0.123443603515625 -0.425994873046875
-0.240264892578125 0.3385009765625 0.399749755859375 -0.529052734375
-0.388519287109375 0.491851806640625 0.03094482421875 -0.288116455078125
-0.2886962890625 0.473846435546875 0.00238037109374999 -0.218429565429687
-0.05535888671875 0.60321044921875 0.00327682495117187 -0.03656005859375
0.186981201171875 0.447265625 0.0100364685058594 0.029632568359375
0.337005615234375 0.292236328125 0.0749359130859375 0.131668090820313
0.372467041015625 0.055938720703125 0.19757080078125 0.05743408203125
0.37127685546875 -0.10345458984375 0.230789184570313 -0.0685272216796875
0.400665283203125 -0.101165771484375 0.187973022460938 -0.0846710205078125
0.37652587890625 -0.166107177734375 0.193557739257813 -0.111068725585938
0.380126953125 -0.040252685546875 0.156997680664063 -0.0502166748046875
0.411590576171875 0.10784912109375 0.0535812377929688 0.00291061401367188
0.378509521484375 0.288238525390625 -0.0103912353515625 -0.101905822753906
0.107177734375 0.551116943359375 -0.0101776123046875 -0.224853515625
-0.0782470703125 0.54266357421875 0.080230712890625 -0.36285400390625
-0.294952392578125 0.535888671875 0.298309326171875 -0.418548583984375
-0.41815185546875 0.58367919921875 -0.0901336669921875 -0.124641418457031
-0.32244873046875 0.5645751953125 -0.0420303344726563 -0.103988647460937
-0.06781005859375 0.71160888671875 -0.00850868225097656 -0.0203075408935546
0.203460693359375 0.54595947265625 -0.0295696258544922 0.00908470153808598
0.38671875 0.38665771484375 -0.0109024047851562 0.098114013671875
0.457000732421875 0.10675048828125 0.0556755065917969 0.0477409362792969
0.447296142578125 -0.092864990234375 0.0732421875 -0.00501251220703126
0.47015380859375 -0.10089111328125 0.044921875 -0.00339508056640626
0.448486328125 -0.184478759765625 0.0532073974609375 -0.029754638671875
0.441802978515625 -0.050750732421875 0.0200271606445313 -0.00638771057128907
0.48663330078125 0.112762451171875 -0.032501220703125 0.0307083129882813
0.45074462890625 0.306427001953125 -0.0669403076171875 -0.071075439453125
0.16326904296875 0.6248779296875 -0.0491943359375 -0.171142578125
-0.04827880859375 0.629638671875 0.056884765625 -0.24383544921875
-0.304931640625 0.64862060546875 0.187423706054688 -0.2427978515625
-0.37335205078125 0.5914306640625 -0.225112915039063 0.0686950683593751
-0.28271484375 0.57391357421875 -0.102470397949219 0.0397109985351563
-0.0476684570312499 0.696533203125 -0.0322914123535156 0.0115528106689454
0.20367431640625 0.534820556640625 -0.0758514404296875 -0.00666046142578122
0.375823974609375 0.397613525390625 -0.103652954101562 0.0499114990234375
0.46282958984375 0.1275634765625 -0.105194091796875 0.0316848754882813
0.4486083984375 -0.07208251953125 -0.100730895996094 0.0611572265625
0.467620849609375 -0.08575439453125 -0.104209899902344 0.080047607421875
0.450836181640625 -0.167083740234375 -0.0895538330078125 0.06103515625
0.43304443359375 -0.0377197265625 -0.116661071777344 0.0473098754882812
0.47039794921875 0.12103271484375 -0.114219665527344 0.059356689453125
0.429779052734375 0.295684814453125 -0.110740661621094 -0.031890869140625
0.15972900390625 0.5975341796875 -0.0665206909179688 -0.102775573730469
-0.0347900390625 0.60638427734375 0.0522079467773437 -0.0925216674804687
-0.27850341796875 0.6480712890625 0.081878662109375 -0.0321121215820312
-0.2635498046875 0.506103515625 -0.34112548828125 0.262176513671875
-0.181854248046875 0.4832763671875 -0.158782958984375 0.187515258789063
-0.004241943359375 0.542633056640625 -0.0626564025878906 0.0537757873535157
0.17352294921875 0.410552978515625 -0.1158447265625 -0.0032806396484375
0.300079345703125 0.318817138671875 -0.17889404296875 0.00770568847656255
0.386688232421875 0.11285400390625 -0.24761962890625 0.0218658447265625
0.3758544921875 -0.04638671875 -0.256195068359375 0.124038696289063
0.391815185546875 -0.05389404296875 -0.23468017578125 0.151382446289063
0.389404296875 -0.113555908203125 -0.216827392578125 0.137863159179687
0.357574462890625 0.003509521484375 -0.23406982421875 0.08428955078125
0.368194580078125 0.136077880859375 -0.179901123046875 0.06500244140625
0.311676025390625 0.260833740234375 -0.1370849609375 -0.00449371337890626
0.092132568359375 0.476959228515625 -0.0653152465820313 -0.0409698486328125
-0.043182373046875 0.477996826171875 0.0513420104980469 0.0536422729492188
-0.22259521484375 0.53948974609375 -0.0122222900390625 0.169097900390625
-0.11407470703125 0.338623046875 -0.412872314453125 0.428802490234375
-0.055694580078125 0.308990478515625 -0.192108154296875 0.317474365234375
0.02813720703125 0.29925537109375 -0.0833587646484375 0.103950500488281
0.108932495117187 0.219894409179688 -0.1319580078125 0.0212478637695312
0.175506591796875 0.189712524414063 -0.21630859375 -0.0169830322265625
0.246994018554688 0.0767364501953125 -0.340850830078125 0.0242919921875
0.242385864257813 -0.014068603515625 -0.3651123046875 0.177154541015625
0.25689697265625 -0.014617919921875 -0.32830810546875 0.200408935546875
0.271392822265625 -0.0391845703125 -0.31658935546875 0.183441162109375
0.230789184570313 0.0478515625 -0.317962646484375 0.08673095703125
0.209121704101563 0.1363525390625 -0.220809936523437 0.035003662109375
0.143753051757812 0.1917724609375 -0.143875122070313 -0.000503540039062503
0.006805419921875 0.283416748046875 -0.055908203125 0.00231170654296877
-0.0444488525390625 0.276992797851563 0.0388031005859375 0.167572021484375
-0.1329345703125 0.3468017578125 -0.09246826171875 0.325225830078125
0.037109375 0.114120483398438 -0.4283447265625 0.54150390625
0.0515365600585937 0.090789794921875 -0.191680908203125 0.413330078125
0.0306854248046875 0.0340785980224609 -0.080810546875 0.154312133789062
0.0185222625732422 0.0262928009033203 -0.115867614746094 0.0565414428710938
0.0260772705078125 0.0539283752441406 -0.21380615234375 -0.025054931640625
0.074615478515625 0.0419540405273438 -0.37188720703125 0.036651611328125
0.0743408203125 0.02606201171875 -0.410675048828125 0.209014892578125
0.0834503173828125 0.0268173217773438 -0.373504638671875 0.219482421875
0.112380981445312 0.0309600830078125 -0.37506103515625 0.190032958984375
0.0759658813476563 0.0674667358398438 -0.36016845703125 0.05474853515625
0.0362091064453125 0.0957565307617188 -0.229949951171875 -0.0210723876953125
-0.015228271484375 0.078094482421875 -0.131912231445312 -0.015625
-0.0398063659667969 0.0529403686523438 -0.0420761108398438 0.0281906127929688
-0.00851821899414062 0.050537109375 0.0128173828125 0.234970092773438
-0.0102691650390625 0.115715026855469 -0.148956298828125 0.4112548828125
-0.172271728515625 0.137237548828125 0.130096435546875 -0.478424072265625
-0.094482421875 0.163497924804688 -0.00457763671875004 -0.32049560546875
0.035797119140625 0.197662353515625 0.0101757049560547 -0.0339775085449219
0.116157531738281 0.102104187011719 0.0801544189453125 0.0456161499023438
0.129051208496094 0.00160980224609375 0.200286865234375 0.110870361328125
0.0701255798339844 -0.0527687072753906 0.365570068359375 0.010498046875
0.0755157470703125 -0.0755844116210938 0.406005859375 -0.1923828125
0.0985107421875 -0.0624160766601563 0.3775634765625 -0.218597412109375
0.0785751342773438 -0.0709457397460938 0.39154052734375 -0.214935302734375
0.108711242675781 -0.0276107788085938 0.3673095703125 -0.086029052734375
0.131629943847656 0.0269775390625 0.203536987304688 -0.0128021240234375
0.129302978515625 0.118179321289063 0.101226806640625 -0.103996276855469
-0.00547790527343751 0.192352294921875 0.089324951171875 -0.2388916015625
-0.0764617919921875 0.160858154296875 0.155303955078125 -0.44268798828125
-0.135047912597656 0.109268188476563 0.4652099609375 -0.59515380859375
-0.29278564453125 0.353668212890625 0.100860595703125 -0.423675537109375
-0.196075439453125 0.34857177734375 0.00851440429687496 -0.300567626953125
0.00527954101562497 0.42889404296875 0.00850677490234375 -0.0453338623046875
0.174468994140625 0.2850341796875 0.0465965270996094 0.0426063537597656
0.259017944335938 0.144882202148438 0.152175903320313 0.138458251953125
0.239532470703125 -0.0117340087890625 0.31298828125 0.04150390625
0.243118286132813 -0.109466552734375 0.3509521484375 -0.143463134765625
0.274703979492188 -0.0990447998046875 0.308563232421875 -0.17095947265625
0.2503662109375 -0.131942749023438 0.3167724609375 -0.1865234375
0.26849365234375 -0.0343475341796875 0.284942626953125 -0.0850830078125
0.292388916015625 0.0789794921875 0.140541076660156 -0.0120010375976562
0.270050048828125 0.22552490234375 0.0463714599609375 -0.116783142089844
0.051666259765625 0.40960693359375 0.03753662109375 -0.253631591796875
-0.088592529296875 0.38592529296875 0.11236572265625 -0.4434814453125
-0.232818603515625 0.36328125 0.39385986328125 -0.5599365234375
-0.38323974609375 0.523223876953125 0.022796630859375 -0.30450439453125
-0.282440185546875 0.501251220703125 -0.00468444824218753 -0.228485107421875
-0.033203125 0.62432861328125 0.00630569458007812 -0.0456886291503906
0.2091064453125 0.453765869140625 0.0126838684082031 0.027151107788086
0.357666015625 0.286834716796875 0.0835342407226563 0.133384704589844
0.384429931640625 0.0474853515625 0.207595825195313 0.0528564453125
0.38006591796875 -0.1195068359375 0.23516845703125 -0.0819549560546875
0.411712646484375 -0.122161865234375 0.192718505859375 -0.0965118408203125
0.38189697265625 -0.185150146484375 0.198959350585938 -0.124237060546875
0.39111328125 -0.05499267578125 0.164031982421875 -0.0592041015625
0.430633544921875 0.09576416015625 0.0604591369628907 0.00317001342773438
0.4044189453125 0.28277587890625 -0.0138702392578125 -0.105537414550781
0.135009765625 0.56939697265625 -0.016326904296875 -0.23046875
-0.06182861328125 0.56500244140625 0.0709228515625 -0.3768310546875
-0.2818603515625 0.56964111328125 0.293487548828125 -0.441619873046875
-0.41033935546875 0.6212158203125 -0.0954971313476563 -0.128959655761719
-0.31524658203125 0.59912109375 -0.0459060668945313 -0.107154846191406
-0.0416259765625001 0.738525390625 -0.00481796264648438 -0.0279121398925781
0.2308349609375 0.555389404296875 -0.0274314880371094 0.00619506835937504
0.414459228515625 0.382843017578125 -0.00488281249999997 0.100379943847656
0.47467041015625 0.096405029296875 0.0593757629394532 0.0481376647949219
0.459869384765625 -0.11151123046875 0.0760650634765625 -0.00909423828125001
0.485260009765625 -0.126312255859375 0.0484962463378907 -0.00627899169921876
0.455078125 -0.207916259765625 0.0574760437011719 -0.0343551635742188
0.455810546875 -0.067413330078125 0.0237216949462891 -0.007568359375
0.506805419921875 0.099029541015625 -0.0274887084960937 0.0333175659179688
0.4793701171875 0.30059814453125 -0.070159912109375 -0.0725326538085938
0.196533203125 0.64471435546875 -0.052642822265625 -0.173095703125
-0.02813720703125 0.65374755859375 0.0520782470703125 -0.25286865234375
-0.2882080078125 0.6890869140625 0.187210083007812 -0.25390625
-0.3675537109375 0.62872314453125 -0.227096557617188 0.0769195556640625
-0.2735595703125 0.6070556640625 -0.1026611328125 0.0455169677734375
-0.021728515625 0.72247314453125 -0.0289993286132813 0.00652503967285161
0.23065185546875 0.54632568359375 -0.0740585327148438 -0.00746917724609372
0.40606689453125 0.39556884765625 -0.1024169921875 0.0533065795898438
0.48419189453125 0.1170654296875 -0.108627319335937 0.0382080078125
0.464324951171875 -0.090087890625 -0.100997924804687 0.0673370361328125
0.483734130859375 -0.1090087890625 -0.102432250976562 0.0862350463867188
0.46051025390625 -0.19134521484375 -0.0862884521484375 0.0655593872070312
0.447967529296875 -0.05242919921875 -0.115982055664062 0.0546188354492188
0.49261474609375 0.1070556640625 -0.11224365234375 0.0647964477539063
0.4547119140625 0.289215087890625 -0.11370849609375 -0.0302658081054687
0.19171142578125 0.61639404296875 -0.0673446655273437 -0.101974487304687
-0.0169067382812501 0.63140869140625 0.0535812377929688 -0.0959930419921875
-0.26385498046875 0.6890869140625 0.08740234375 -0.0311965942382812
-0.2569580078125 0.53570556640625 -0.3394775390625 0.283294677734375
-0.171722412109375 0.5108642578125 -0.15509033203125 0.201431274414063
0.016357421875 0.5657958984375 -0.0595550537109375 0.053863525390625
0.194305419921875 0.418914794921875 -0.115036010742188 -0.00218200683593746
0.327056884765625 0.319732666015625 -0.182022094726562 0.0111541748046875
0.406158447265625 0.1043701171875 -0.258056640625 0.0328216552734375
0.388916015625 -0.0615234375 -0.25921630859375 0.14007568359375
0.407440185546875 -0.074676513671875 -0.234054565429687 0.165863037109375
0.399993896484375 -0.13348388671875 -0.215103149414062 0.150665283203125
0.37139892578125 -0.00762939453125 -0.236740112304687 0.09814453125
0.38665771484375 0.12701416015625 -0.180252075195312 0.0721282958984375
0.332489013671875 0.258544921875 -0.138946533203125 -0.000633239746093746
0.11651611328125 0.4940185546875 -0.0645866394042968 -0.0374946594238281
-0.030059814453125 0.4981689453125 0.0583992004394531 0.0547332763671875
-0.20977783203125 0.57159423828125 -0.00292968750000001 0.18048095703125
-0.109832763671875 0.357635498046875 -0.407073974609375 0.456878662109375
-0.049896240234375 0.325225830078125 -0.184478759765625 0.336669921875
0.038421630859375 0.3126220703125 -0.08038330078125 0.108436584472656
0.119766235351563 0.225509643554688 -0.13177490234375 0.0243072509765625
0.1923828125 0.190750122070313 -0.22296142578125 -0.0132293701171875
0.26080322265625 0.0710601806640625 -0.354888916015625 0.039520263671875
0.253219604492188 -0.02362060546875 -0.369903564453125 0.19964599609375
0.26898193359375 -0.0273284912109375 -0.330230712890625 0.221160888671875
0.28167724609375 -0.053375244140625 -0.3170166015625 0.202392578125
0.242889404296875 0.04241943359375 -0.3251953125 0.103302001953125
0.222381591796875 0.134017944335937 -0.225387573242187 0.042572021484375
0.156631469726563 0.19403076171875 -0.14593505859375 0.00424194335937499
0.0201416015625 0.2969970703125 -0.0538978576660156 0.00677871704101565
-0.038360595703125 0.291595458984375 0.0489044189453125 0.172988891601563
-0.127197265625 0.36962890625 -0.080169677734375 0.344024658203125
0.03802490234375 0.118003845214844 -0.41998291015625 0.57403564453125
0.0531463623046875 0.092987060546875 -0.180999755859375 0.436676025390625
0.0302658081054688 0.0374794006347656 -0.077850341796875 0.162765502929688
0.0190582275390625 0.0279636383056641 -0.115501403808594 0.0600662231445312
0.0313568115234375 0.0564651489257812 -0.222213745117188 -0.02215576171875
0.0817794799804688 0.0404052734375 -0.38739013671875 0.052642822265625
0.0806121826171875 0.0244064331054688 -0.41632080078125 0.235870361328125
0.0902862548828125 0.0235519409179688 -0.37652587890625 0.24261474609375
0.1202392578125 0.024566650390625 -0.378021240234375 0.21234130859375
0.0836334228515625 0.0666351318359375 -0.370941162109375 0.07275390625
0.0430679321289062 0.0981521606445313 -0.238723754882813 -0.01434326171875
-0.0112991333007813 0.0823287963867188 -0.134124755859375 -0.010833740234375
-0.0377235412597656 0.059295654296875 -0.0407180786132813 0.0327987670898438
-0.008575439453125 0.0568580627441406 0.0239715576171875 0.2440185546875
-0.0093536376953125 0.124053955078125 -0.137939453125 0.435546875
-0.1671142578125 0.151641845703125 0.1041259765625 -0.50982666015625
-0.08636474609375 0.1729736328125 -0.025787353515625 -0.335784912109375
0.0502777099609375 0.198638916015625 0.00884628295898438 -0.0410079956054687
0.124755859375 0.0971527099609375 0.083740234375 0.0410385131835938
0.129440307617188 -0.00609588623046875 0.215240478515625 0.104736328125
0.0670089721679688 -0.0563621520996094 0.382568359375 -0.011199951171875
0.07318115234375 -0.0820159912109375 0.40802001953125 -0.2261962890625
0.097259521484375 -0.0708541870117187 0.377105712890625 -0.251678466796875
0.0756454467773438 -0.0763702392578125 0.392547607421875 -0.2515869140625
0.109550476074219 -0.03546142578125 0.378814697265625 -0.11553955078125
0.138290405273438 0.0188369750976563 0.21478271484375 -0.0241546630859375
0.143569946289063 0.112823486328125 0.096923828125 -0.113700866699219
0.00781249999999998 0.200454711914063 0.07696533203125 -0.25189208984375
-0.0681304931640625 0.169921875 0.13250732421875 -0.468017578125
-0.1292724609375 0.122817993164063 0.4442138671875 -0.6451416015625
-0.27960205078125 0.384765625 0.079620361328125 -0.450836181640625
-0.181640625 0.371734619140625 -0.011016845703125 -0.315185546875
0.034332275390625 0.441436767578125 0.00703048706054688 -0.0542144775390625
0.197174072265625 0.283233642578125 0.0499382019042969 0.0383415222167969
0.274459838867188 0.13275146484375 0.168121337890625 0.135391235351563
0.24456787109375 -0.0226287841796875 0.32977294921875 0.024139404296875
0.245254516601563 -0.126693725585938 0.35369873046875 -0.173858642578125
0.278961181640625 -0.121994018554688 0.31005859375 -0.19921875
0.250228881835938 -0.151565551757813 0.318634033203125 -0.21673583984375
0.275283813476563 -0.0515899658203125 0.294189453125 -0.108856201171875
0.3095703125 0.0633544921875 0.150405883789063 -0.01910400390625
0.296356201171875 0.216644287109375 0.0403213500976563 -0.12451171875
0.082366943359375 0.4246826171875 0.0240631103515625 -0.264312744140625
-0.068359375 0.4052734375 0.0885009765625 -0.464874267578125
-0.215606689453125 0.394439697265625 0.37176513671875 -0.60302734375
-0.36334228515625 0.567626953125 0.00573730468749996 -0.3214111328125
-0.26220703125 0.537353515625 -0.01861572265625 -0.239120483398437
0.00646972656250006 0.647216796875 0.00624465942382812 -0.0552864074707031
0.2413330078125 0.455413818359375 0.0155677795410156 0.0234107971191407
0.387054443359375 0.274566650390625 0.0972824096679688 0.133155822753906
0.39935302734375 0.029937744140625 0.22113037109375 0.042755126953125
0.38702392578125 -0.144866943359375 0.238632202148438 -0.101303100585938
0.41998291015625 -0.1572265625 0.194976806640625 -0.1146240234375
0.38433837890625 -0.215301513671875 0.200668334960938 -0.144561767578125
0.40283203125 -0.080352783203125 0.170425415039063 -0.073577880859375
0.453582763671875 0.07269287109375 0.0679740905761719 -0.000160217285156246
0.438720703125 0.26861572265625 -0.0210113525390625 -0.110343933105469
0.18072509765625 0.58612060546875 -0.02734375 -0.23699951171875
-0.0296630859374999 0.5902099609375 0.052154541015625 -0.39398193359375
-0.25384521484375 0.61431884765625 0.280426025390625 -0.472259521484375
-0.38787841796875 0.67333984375 -0.104423522949219 -0.131263732910156
-0.290771484375 0.6412353515625 -0.0528564453125 -0.109939575195312
0.00610351562500003 0.77032470703125 -0.00379562377929688 -0.0355453491210937
0.273651123046875 0.560638427734375 -0.0251636505126953 0.00375175476074223
0.454132080078125 0.3697509765625 0.00393676757812503 0.102630615234375
0.49749755859375 0.07415771484375 0.0657730102539063 0.0473365783691406
0.471923828125 -0.14276123046875 0.0780487060546875 -0.0147705078125
0.497100830078125 -0.16595458984375 0.0514488220214844 -0.0110664367675781
0.45928955078125 -0.24542236328125 0.06085205078125 -0.0421981811523438
0.468353271484375 -0.09619140625 0.0273227691650391 -0.00992202758789063
0.53216552734375 0.070526123046875 -0.0215682983398437 0.0359039306640625
0.5164794921875 0.282470703125 -0.076171875 -0.0728073120117188
0.2491455078125 0.66046142578125 -0.060546875 -0.1756591796875
0.00964355468749993 0.6802978515625 0.0414581298828125 -0.263916015625
-0.25421142578125 0.739013671875 0.181900024414062 -0.271163940429687
-0.3447265625 0.67889404296875 -0.227630615234375 0.091461181640625
-0.24755859375 0.65142822265625 -0.101707458496094 0.0538711547851563
0.0250244140625 0.7550048828125 -0.026458740234375 0.00301551818847661
0.273193359375 0.552276611328125 -0.0738143920898437 -0.00759887695312497
0.447967529296875 0.384979248046875 -0.0998001098632812 0.058563232421875
0.510284423828125 0.093963623046875 -0.110649108886719 0.0471878051757812
0.478057861328125 -0.1212158203125 -0.100067138671875 0.0766372680664062
0.49700927734375 -0.14910888671875 -0.0981216430664062 0.0949783325195312
0.466949462890625 -0.229583740234375 -0.0813522338867187 0.0712738037109375
0.462860107421875 -0.08074951171875 -0.11431884765625 0.0641021728515625
0.516815185546875 0.080810546875 -0.10797119140625 0.0728225708007813
0.491363525390625 0.271942138671875 -0.11785888671875 -0.0264358520507812
0.24169921875 0.63189697265625 -0.0703811645507812 -0.100929260253906
0.0203857421875 0.6561279296875 0.0529327392578125 -0.101951599121094
-0.2291259765625 0.73736572265625 0.0931015014648437 -0.0340499877929687
-0.2376708984375 0.57684326171875 -0.3311767578125 0.312744140625
-0.150421142578125 0.5435791015625 -0.14569091796875 0.220672607421875
0.0521240234375 0.58966064453125 -0.0560989379882812 0.0558052062988282
0.227508544921875 0.424407958984375 -0.115913391113281 0.000495910644531255
0.360748291015625 0.3114013671875 -0.186203002929687 0.0195465087890625
0.42962646484375 0.08489990234375 -0.267440795898437 0.0509490966796875
0.40277099609375 -0.086456298828125 -0.25872802734375 0.162445068359375
0.42083740234375 -0.10687255859375 -0.229476928710937 0.186477661132813
0.40777587890625 -0.1666259765625 -0.209732055664062 0.168975830078125
0.387786865234375 -0.029144287109375 -0.237136840820313 0.118179321289062
0.4097900390625 0.109344482421875 -0.18060302734375 0.08380126953125
0.361083984375 0.2479248046875 -0.14154052734375 0.00607299804687499
0.155853271484375 0.50799560546875 -0.0640830993652343 -0.0345306396484375
-0.00115966796875001 0.521759033203125 0.0666542053222656 0.0541152954101563
-0.18255615234375 0.61285400390625 0.0121002197265625 0.1910400390625
-0.096649169921875 0.38165283203125 -0.389495849609375 0.49755859375
-0.034454345703125 0.34423828125 -0.168060302734375 0.362518310546875
0.0584716796875 0.327301025390625 -0.0754928588867188 0.116111755371094
0.137741088867188 0.228469848632813 -0.1317138671875 0.0300369262695313
0.214218139648438 0.186660766601563 -0.231613159179688 -0.00405883789062499
0.27789306640625 0.0587005615234375 -0.369140625 0.063812255859375
0.264404296875 -0.0396270751953125 -0.369415283203125 0.2318115234375
0.28009033203125 -0.0478668212890625 -0.325958251953125 0.2503662109375
0.29022216796875 -0.075836181640625 -0.3123779296875 0.2288818359375
0.2574462890625 0.0298919677734375 -0.32904052734375 0.129669189453125
0.240020751953125 0.12579345703125 -0.230178833007812 0.055908203125
0.175750732421875 0.192657470703125 -0.1484375 0.01239013671875
0.042572021484375 0.310150146484375 -0.0513877868652344 0.0115547180175781
-0.022705078125 0.30828857421875 0.0637664794921875 0.177154541015625
-0.109619140625 0.39691162109375 -0.05938720703125 0.365264892578125
0.0428466796875 0.122383117675781 -0.39697265625 0.6207275390625
0.05865478515625 0.0946044921875 -0.158203125 0.4656982421875
0.0312652587890625 0.04150390625 -0.0702056884765625 0.173431396484375
0.0207080841064453 0.0297164916992188 -0.113693237304688 0.0668258666992188
0.03863525390625 0.0577964782714844 -0.23309326171875 -0.0133209228515624
0.0894088745117187 0.0365447998046875 -0.403076171875 0.0792846679687499
0.0874862670898438 0.019989013671875 -0.4151611328125 0.27325439453125
0.0984039306640625 0.0177078247070313 -0.372772216796875 0.2763671875
0.128059387207031 0.0157394409179688 -0.375335693359375 0.24468994140625
0.0939254760742188 0.063812255859375 -0.37896728515625 0.10107421875
0.0527877807617187 0.0995101928710938 -0.2486572265625 -0.00204467773437496
-0.0045013427734375 0.0872573852539063 -0.137077331542969 -0.00249481201171872
-0.0330085754394531 0.0662689208984375 -0.0378189086914063 0.0373458862304688
-0.00594711303710938 0.0628013610839844 0.0424346923828125 0.252685546875
-0.00452423095703125 0.133857727050781 -0.113800048828125 0.463897705078125
-0.154891967773438 0.165985107421875 0.06427001953125 -0.5316162109375
-0.0732269287109375 0.179306030273438 -0.055267333984375 -0.343780517578125
0.0670318603515625 0.194229125976563 0.004058837890625 -0.047698974609375
0.133026123046875 0.0872344970703125 0.0849761962890625 0.034149169921875
0.1275634765625 -0.0167236328125 0.228118896484375 0.0918121337890625
0.0617256164550781 -0.0600204467773437 0.393768310546875 -0.04449462890625
0.0672607421875 -0.0880661010742188 0.39599609375 -0.265869140625
0.0923538208007813 -0.08038330078125 0.36236572265625 -0.2900390625
0.070465087890625 -0.0821609497070313 0.378875732421875 -0.2918701171875
0.107780456542969 -0.0452804565429688 0.379791259765625 -0.152435302734375
0.142684936523438 0.0067291259765625 0.222000122070313 -0.039459228515625
0.156845092773438 0.1015625 0.0875701904296875 -0.122299194335938
0.02606201171875 0.204544067382813 0.055389404296875 -0.261871337890625
-0.05499267578125 0.177993774414062 0.09515380859375 -0.4862060546875
-0.118087768554687 0.135696411132813 0.39794921875 -0.69049072265625
-0.2513427734375 0.4149169921875 0.0439453124999999 -0.47015380859375
-0.15423583984375 0.392913818359375 -0.03790283203125 -0.3226318359375
0.071563720703125 0.443359375 0.00264358520507814 -0.0624008178710937
0.221038818359375 0.270553588867187 0.0522613525390625 0.0328330993652344
0.286590576171875 0.112396240234375 0.183441162109375 0.125564575195313
0.246078491210938 -0.039093017578125 0.341156005859375 -0.002197265625
0.24017333984375 -0.14697265625 0.34521484375 -0.207000732421875
0.273544311523438 -0.148941040039063 0.29901123046875 -0.231231689453125
0.242874145507813 -0.1741943359375 0.30645751953125 -0.251312255859375
0.2767333984375 -0.073638916015625 0.29376220703125 -0.137969970703125
0.320709228515625 0.038970947265625 0.15716552734375 -0.0311126708984375
0.3216552734375 0.1953125 0.0295028686523438 -0.1298828125
0.122344970703125 0.42828369140625 0.00382995605468751 -0.271774291992188
-0.037445068359375 0.41925048828125 0.052947998046875 -0.48138427734375
-0.183258056640625 0.421966552734375 0.3316650390625 -0.643798828125
-0.32293701171875 0.60931396484375 -0.018707275390625 -0.33172607421875
-0.2244873046875 0.568115234375 -0.0384674072265625 -0.2440185546875
0.06048583984375 0.6572265625 0.00209045410156251 -0.0637741088867187
0.281219482421875 0.441650390625 0.01776123046875 0.0185337066650391
0.414886474609375 0.246917724609375 0.111495971679688 0.127052307128906
0.40802001953125 0.001800537109375 0.232009887695313 0.0259246826171875
0.384246826171875 -0.177001953125 0.233566284179688 -0.123184204101563
0.415313720703125 -0.19775390625 0.189849853515625 -0.135025024414063
0.374603271484375 -0.251220703125 0.193878173828125 -0.168304443359375
0.404632568359375 -0.113555908203125 0.170578002929688 -0.0911865234375
0.46923828125 0.03729248046875 0.074737548828125 -0.00557708740234375
0.47100830078125 0.23736572265625 -0.0312423706054687 -0.112442016601562
0.23822021484375 0.58587646484375 -0.0442352294921875 -0.239486694335937
0.0153808593750001 0.6029052734375 0.022216796875 -0.40521240234375
-0.204833984375 0.649658203125 0.248321533203125 -0.50262451171875
-0.34185791015625 0.72125244140625 -0.115104675292969 -0.129158020019531
-0.24407958984375 0.6802978515625 -0.0610580444335938 -0.108612060546875
0.0723876953125001 0.7828369140625 -0.00550079345703125 -0.0430908203125
0.321990966796875 0.5474853515625 -0.0238304138183594 0.000797271728515658
0.492706298828125 0.339080810546875 0.0142898559570313 0.101829528808594
0.512420654296875 0.040283203125 0.0725860595703125 0.0431060791015625
0.471405029296875 -0.18304443359375 0.0780181884765625 -0.0215835571289063
0.493804931640625 -0.215606689453125 0.0533370971679688 -0.0176239013671875
0.447418212890625 -0.2901611328125 0.0605430603027344 -0.0517997741699219
0.471282958984375 -0.1358642578125 0.0304641723632813 -0.013397216796875
0.54974365234375 0.0284423828125 -0.0143203735351562 0.0369300842285156
0.55133056640625 0.244873046875 -0.0836944580078125 -0.0705108642578125
0.31402587890625 0.65435791015625 -0.07086181640625 -0.174819946289062
0.0623779296875 0.69342041015625 0.02337646484375 -0.272537231445312
-0.1953125 0.77850341796875 0.166961669921875 -0.288421630859375
-0.2969970703125 0.72314453125 -0.22216796875 0.109024047851563
-0.2012939453125 0.687744140625 -0.0957260131835938 0.062957763671875
0.0888671875 0.7703857421875 -0.0242671966552734 0.0001296997070313
0.322479248046875 0.541656494140625 -0.0726165771484375 -0.0070114135742187
0.489166259765625 0.35382080078125 -0.0949172973632812 0.06390380859375
0.5299072265625 0.0577392578125 -0.108894348144531 0.058319091796875
0.481475830078125 -0.16168212890625 -0.0946197509765625 0.087554931640625
0.49560546875 -0.195953369140625 -0.0894851684570312 0.103080749511719
0.4569091796875 -0.27587890625 -0.074310302734375 0.0760955810546875
0.467315673828125 -0.118682861328125 -0.108322143554687 0.0751266479492187
0.534637451171875 0.0416259765625 -0.100509643554687 0.0803604125976562
0.523834228515625 0.23895263671875 -0.121391296386719 -0.0199966430664062
0.30377197265625 0.6270751953125 -0.0740814208984375 -0.0983428955078125
0.0695800781249999 0.6697998046875 0.048614501953125 -0.10845947265625
-0.16876220703125 0.77557373046875 0.0964202880859375 -0.03955078125
-0.1981201171875 0.61248779296875 -0.308685302734375 0.3436279296875
-0.1119384765625 0.57232666015625 -0.126708984375 0.23748779296875
0.10272216796875 0.60198974609375 -0.0500946044921875 0.0587654113769532
0.26556396484375 0.41644287109375 -0.114753723144531 0.00542449951171877
0.3970947265625 0.287811279296875 -0.187728881835938 0.031005859375
0.4481201171875 0.053802490234375 -0.26959228515625 0.0752716064453125
0.407684326171875 -0.1209716796875 -0.248382568359375 0.188949584960938
0.421966552734375 -0.148223876953125 -0.2158203125 0.208206176757813
0.40264892578125 -0.206451416015625 -0.196807861328125 0.1868896484375
0.394683837890625 -0.06024169921875 -0.229171752929687 0.140487670898438
0.427154541015625 0.0791015625 -0.174697875976562 0.097991943359375
0.3885498046875 0.223846435546875 -0.14239501953125 0.01519775390625
0.2047119140625 0.507598876953125 -0.0626144409179687 -0.0304756164550781
0.037689208984375 0.532989501953125 0.0758819580078125 0.0492172241210938
-0.1351318359375 0.644775390625 0.0323333740234375 0.19610595703125
-0.07049560546875 0.40142822265625 -0.354095458984375 0.5379638671875
-0.00921630859375 0.3575439453125 -0.138153076171875 0.385467529296875
0.08685302734375 0.334503173828125 -0.065216064453125 0.123611450195313
0.158676147460938 0.224090576171875 -0.128974914550781 0.0371170043945313
0.23712158203125 0.173187255859375 -0.23748779296875 0.010345458984375
0.291656494140625 0.038116455078125 -0.37457275390625 0.097015380859375
0.270095825195313 -0.061737060546875 -0.355316162109375 0.2685546875
0.284027099609375 -0.07550048828125 -0.308502197265625 0.281646728515625
0.29052734375 -0.104949951171875 -0.296417236328125 0.2576904296875
0.26788330078125 0.0098876953125 -0.3223876953125 0.161041259765625
0.256378173828125 0.109512329101563 -0.22967529296875 0.0742340087890625
0.1949462890625 0.183090209960938 -0.14764404296875 0.02288818359375
0.072052001953125 0.314910888671875 -0.046905517578125 0.0152587890625
-0.000122070312500005 0.318572998046875 0.0826873779296875 0.175064086914063
-0.080596923828125 0.41876220703125 -0.026885986328125 0.379669189453125
0.0501632690429687 0.123832702636719 -0.35052490234375 0.66290283203125
0.065216064453125 0.0940475463867188 -0.12005615234375 0.488433837890625
0.03466796875 0.0440177917480469 -0.0558319091796875 0.183364868164063
0.0230216979980469 0.0309581756591797 -0.108047485351563 0.0743789672851563
0.0461273193359375 0.0562858581542969 -0.241317749023437 0.00210571289062503
0.0971145629882813 0.0297775268554688 -0.408416748046875 0.114898681640625
0.0942840576171875 0.0128097534179688 -0.39892578125 0.315216064453125
0.104202270507813 0.0084686279296875 -0.35406494140625 0.312896728515625
0.133316040039063 0.001800537109375 -0.36041259765625 0.279144287109375
0.10369873046875 0.0572280883789062 -0.3768310546875 0.136474609375
0.0638504028320313 0.0981903076171875 -0.254608154296875 0.01690673828125
0.00380706787109376 0.0901260375976563 -0.136947631835938 0.00782012939453127
-0.0262374877929688 0.0723953247070313 -0.0325355529785156 0.0417022705078125
-0.00178146362304687 0.0678291320800781 0.065704345703125 0.25469970703125
0.00450134277343749 0.140884399414063 -0.0755615234375 0.484588623046875
-0.138687133789063 0.175643920898438 0.0201416015625 -0.5382080078125
-0.058441162109375 0.180709838867188 -0.084442138671875 -0.339019775390625
0.080780029296875 0.183502197265625 -0.00160598754882812 -0.0510787963867187
0.136360168457031 0.0749969482421875 0.0846786499023438 0.0269241333007813
0.12213134765625 -0.0261077880859375 0.235977172851562 0.0753021240234375
0.0547409057617187 -0.061553955078125 0.390899658203125 -0.07623291015625
0.0591964721679688 -0.0916595458984375 0.369873046875 -0.296234130859375
0.0844345092773438 -0.087982177734375 0.33465576171875 -0.318878173828125
0.0638885498046875 -0.0855712890625 0.35162353515625 -0.322784423828125
0.102470397949219 -0.052825927734375 0.366973876953125 -0.185272216796875
0.142608642578125 -0.00537109375 0.222305297851563 -0.0564422607421875
0.164535522460938 0.0859222412109375 0.0757675170898438 -0.126640319824219
0.043792724609375 0.201248168945313 0.032440185546875 -0.262908935546875
-0.0391998291015625 0.179962158203125 0.055816650390625 -0.49017333984375
-0.103073120117188 0.14306640625 0.33740234375 -0.7158203125
-0.214691162109375 0.43145751953125 0.00665283203125002 -0.473968505859375
-0.1224365234375 0.400390625 -0.064666748046875 -0.319091796875
0.10687255859375 0.432220458984375 -0.00374603271484375 -0.0671043395996094
0.238067626953125 0.249404907226563 0.0522727966308594 0.0264816284179688
0.290771484375 0.08892822265625 0.193801879882813 0.111114501953125
0.240570068359375 -0.0539703369140625 0.34234619140625 -0.0302734375
0.22747802734375 -0.164505004882813 0.324981689453125 -0.233367919921875
0.25921630859375 -0.171722412109375 0.27734375 -0.254684448242188
0.227493286132813 -0.192520141601563 0.28363037109375 -0.278533935546875
0.26873779296875 -0.09454345703125 0.283111572265625 -0.164093017578125
0.32366943359375 0.013031005859375 0.159149169921875 -0.043548583984375
0.336669921875 0.16766357421875 0.0174789428710938 -0.131118774414063
0.15936279296875 0.41595458984375 -0.0166473388671875 -0.270278930664063
-0.00418090820312497 0.419342041015625 0.014678955078125 -0.482177734375
-0.1453857421875 0.435333251953125 0.2777099609375 -0.6627197265625
-0.27056884765625 0.632080078125 -0.045166015625 -0.33148193359375
-0.17706298828125 0.5821533203125 -0.057586669921875 -0.240264892578125
0.11492919921875 0.6466064453125 -0.00339126586914061 -0.0690689086914062
0.312774658203125 0.414520263671875 0.018056869506836 0.0133075714111328
0.429443359375 0.21240234375 0.122520446777344 0.116462707519531
0.405548095703125 -0.026275634765625 0.234725952148438 0.0062713623046875
0.369720458984375 -0.206146240234375 0.22216796875 -0.140853881835938
0.396148681640625 -0.233062744140625 0.177703857421875 -0.151092529296875
0.351043701171875 -0.280303955078125 0.17852783203125 -0.187240600585938
0.393157958984375 -0.14373779296875 0.164566040039063 -0.106948852539063
0.470703125 -0.000579833984375 0.0791854858398438 -0.0126495361328125
0.48870849609375 0.197998046875 -0.040802001953125 -0.109939575195313
0.288482666015625 0.561859130859375 -0.0599822998046875 -0.236663818359375
0.0594482421875 0.60009765625 -0.00839233398437496 -0.40380859375
-0.14691162109375 0.6650390625 0.206573486328125 -0.516876220703125
-0.2825927734375 0.745849609375 -0.123558044433594 -0.122413635253906
-0.1890869140625 0.69769287109375 -0.067413330078125 -0.104049682617187
0.1351318359375 0.77362060546875 -0.00794219970703124 -0.0479660034179687
0.361114501953125 0.51678466796875 -0.0231437683105469 -0.00240516662597653
0.5159912109375 0.296630859375 0.0236663818359375 0.097442626953125
0.51470947265625 0.0018310546875 0.0773468017578125 0.0368576049804688
0.45660400390625 -0.218292236328125 0.0767669677734375 -0.0272369384765625
0.473175048828125 -0.256744384765625 0.0525245666503907 -0.0236930847167969
0.422027587890625 -0.326507568359375 0.0564537048339844 -0.0610580444335938
0.45941162109375 -0.17047119140625 0.031637191772461 -0.017242431640625
0.548980712890625 -0.01483154296875 -0.00687026977539059 0.0359840393066406
0.56756591796875 0.19915771484375 -0.0900039672851562 -0.06524658203125
0.36920166015625 0.625732421875 -0.07989501953125 -0.170745849609375
0.1138916015625 0.68548583984375 0.00405883789062502 -0.27239990234375
-0.1295166015625 0.7921142578125 0.145751953125 -0.2978515625
-0.23736572265625 0.74713134765625 -0.208984375 0.122604370117187
-0.1453857421875 0.70391845703125 -0.0867919921875 0.0695953369140625
0.1531982421875 0.75958251953125 -0.0224552154541016 -0.00235366821289058
0.361785888671875 0.513427734375 -0.071136474609375 -0.00693511962890621
0.5150146484375 0.313873291015625 -0.088836669921875 0.0676040649414063
0.53271484375 0.018218994140625 -0.103103637695312 0.06689453125
0.469757080078125 -0.198822021484375 -0.0853195190429688 0.095458984375
0.476837158203125 -0.240081787109375 -0.0783615112304687 0.107719421386719
0.43212890625 -0.312469482421875 -0.0657577514648437 0.0774993896484375
0.456329345703125 -0.1531982421875 -0.098114013671875 0.0823745727539062
0.535614013671875 -0.001373291015625 -0.0901260375976562 0.0856475830078125
0.539520263671875 0.1947021484375 -0.12298583984375 -0.0125503540039062
0.3565673828125 0.59930419921875 -0.0762176513671875 -0.0946502685546875
0.119384765625 0.6605224609375 0.0431442260742188 -0.112167358398437
-0.1048583984375 0.78802490234375 0.0960235595703125 -0.0455932617187499
-0.14910888671875 0.6278076171875 -0.2763671875 0.362701416015625
-0.0654907226562501 0.58135986328125 -0.103134155273438 0.246292114257812
0.15185546875 0.5946044921875 -0.0419998168945313 0.0592918395996094
0.29644775390625 0.39398193359375 -0.110832214355469 0.00916290283203125
0.4200439453125 0.254425048828125 -0.1842041015625 0.041107177734375
0.45257568359375 0.019989013671875 -0.262969970703125 0.09735107421875
0.40020751953125 -0.152923583984375 -0.229446411132813 0.208145141601562
0.408233642578125 -0.183990478515625 -0.195114135742187 0.222702026367188
0.383148193359375 -0.239593505859375 -0.177993774414062 0.197952270507812
0.390106201171875 -0.09039306640625 -0.213592529296875 0.158218383789062
0.43096923828125 0.04620361328125 -0.163894653320313 0.109024047851562
0.403472900390625 0.19281005859375 -0.139823913574219 0.0240631103515625
0.249298095703125 0.48828125 -0.0601387023925781 -0.0281791687011718
0.0762939453125001 0.530303955078125 0.0826263427734375 0.0418930053710938
-0.0801391601562501 0.6561279296875 0.0516357421875 0.193862915039063
-0.04107666015625 0.408050537109375 -0.30572509765625 0.558258056640625
0.0177001953125 0.359466552734375 -0.10235595703125 0.39422607421875
0.11407470703125 0.330657958984375 -0.0523147583007812 0.126663208007813
0.175048828125 0.212432861328125 -0.122512817382813 0.0423965454101562
0.252395629882813 0.153457641601563 -0.236648559570312 0.0247802734375001
0.296630859375 0.01629638671875 -0.366424560546875 0.126434326171875
0.2681884765625 -0.0836181640625 -0.32830810546875 0.297027587890625
0.278411865234375 -0.10040283203125 -0.28125 0.303253173828125
0.27996826171875 -0.13067626953125 -0.27032470703125 0.277191162109375
0.268905639648438 -0.011474609375 -0.304351806640625 0.186614990234375
0.264984130859375 0.0892486572265625 -0.221389770507812 0.0899505615234374
0.20867919921875 0.1671142578125 -0.143630981445313 0.0326080322265625
0.099945068359375 0.30804443359375 -0.0412559509277344 0.0172500610351563
0.0228271484375 0.3194580078125 0.0989532470703125 0.166244506835938
-0.045501708984375 0.427001953125 0.00662231445312502 0.380615234375
0.0569000244140625 0.121574401855469 -0.2939453125 0.68316650390625
0.0711288452148438 0.0899200439453125 -0.0762939453125 0.49578857421875
0.0381088256835938 0.0452690124511719 -0.038726806640625 0.185882568359375
0.0246734619140625 0.031005859375 -0.0993499755859375 0.078704833984375
0.0530319213867188 0.0526313781738281 -0.24212646484375 0.01708984375
0.101509094238281 0.0214309692382813 -0.400482177734375 0.148651123046875
0.09765625 0.00435638427734375 -0.368377685546875 0.345977783203125
0.106109619140625 -0.00170135498046875 -0.3236083984375 0.338592529296875
0.13336181640625 -0.0115585327148438 -0.331817626953125 0.305816650390625
0.109642028808594 0.0479888916015625 -0.3616943359375 0.167327880859375
0.0724639892578125 0.0925674438476563 -0.252105712890625 0.03656005859375
0.0119781494140625 0.090301513671875 -0.133613586425781 0.0178680419921875
-0.0181350708007812 0.0757827758789062 -0.0267715454101563 0.0432014465332031
0.0030975341796875 0.0707168579101562 0.087738037109375 0.2470703125
0.014434814453125 0.143707275390625 -0.0357666015625 0.490386962890625
-0.123123168945313 0.178466796875 -0.012847900390625 -0.528564453125
-0.0467987060546875 0.176971435546875 -0.105377197265625 -0.3280029296875
0.087677001953125 0.171783447265625 -0.00716781616210937 -0.0522384643554687
0.135894775390625 0.0643997192382813 0.081878662109375 0.0223159790039063
0.114646911621094 -0.03167724609375 0.237548828125 0.061798095703125
0.0487174987792969 -0.06011962890625 0.38201904296875 -0.09912109375
0.05267333984375 -0.0930023193359375 0.342987060546875 -0.314056396484375
0.076873779296875 -0.0916213989257813 0.306549072265625 -0.332489013671875
0.0576553344726562 -0.0872879028320313 0.323089599609375 -0.339141845703125
0.0968170166015625 -0.0579833984375 0.34918212890625 -0.20574951171875
0.139717102050781 -0.0149917602539063 0.219192504882813 -0.0685577392578125
0.166824340820313 0.072601318359375 0.0658035278320313 -0.126434326171875
0.056671142578125 0.194610595703125 0.0145416259765625 -0.257522583007813
-0.0276947021484375 0.176925659179688 0.024169921875 -0.4803466796875
-0.0894622802734375 0.145263671875 0.2890625 -0.7169189453125
-0.1822509765625 0.43548583984375 -0.0223388671875 -0.467010498046875
-0.097015380859375 0.39788818359375 -0.082733154296875 -0.3104248046875
0.129608154296875 0.413330078125 -0.00930404663085938 -0.0687217712402343
0.244903564453125 0.22955322265625 0.0507316589355469 0.0218505859375
0.286407470703125 0.0712890625 0.198699951171875 0.09771728515625
0.23187255859375 -0.06243896484375 0.3363037109375 -0.051361083984375
0.213623046875 -0.174163818359375 0.304046630859375 -0.24908447265625
0.243133544921875 -0.185134887695312 0.25439453125 -0.266555786132813
0.21246337890625 -0.20147705078125 0.260040283203125 -0.29278564453125
0.257858276367188 -0.1075439453125 0.269210815429688 -0.180404663085938
0.318359375 -0.00701904296875 0.158462524414063 -0.0533599853515625
0.34149169921875 0.14312744140625 0.00791931152343751 -0.128883361816406
0.1839599609375 0.39788818359375 -0.0322113037109375 -0.263717651367188
0.019622802734375 0.410980224609375 -0.013336181640625 -0.47119140625
-0.1126708984375 0.4345703125 0.23211669921875 -0.66107177734375
-0.22735595703125 0.6376953125 -0.063323974609375 -0.32476806640625
-0.13922119140625 0.58050537109375 -0.0697174072265625 -0.233856201171875
0.152099609375 0.62457275390625 -0.00766754150390624 -0.0721359252929687
0.326202392578125 0.3865966796875 0.0171213150024414 0.00910282135009768
0.43145751953125 0.182037353515625 0.129180908203125 0.10662841796875
0.39617919921875 -0.045623779296875 0.232620239257813 -0.00921630859375
0.35223388671875 -0.22412109375 0.20928955078125 -0.151626586914063
0.37396240234375 -0.2540283203125 0.164291381835938 -0.15960693359375
0.327972412109375 -0.296844482421875 0.161651611328125 -0.198333740234375
0.377593994140625 -0.162353515625 0.156814575195313 -0.116653442382813
0.46270751953125 -0.02911376953125 0.0818939208984375 -0.0192718505859375
0.49078369140625 0.1656494140625 -0.0487442016601562 -0.10540771484375
0.3201904296875 0.533843994140625 -0.0701446533203125 -0.2301025390625
0.0936279296875001 0.58599853515625 -0.029815673828125 -0.39453125
-0.1011962890625 0.66162109375 0.1761474609375 -0.514801025390625
-0.23236083984375 0.75030517578125 -0.126960754394531 -0.115570068359375
-0.14251708984375 0.69647216796875 -0.0701217651367188 -0.0987548828125
0.1827392578125 0.74847412109375 -0.00925827026367186 -0.0514907836914062
0.38092041015625 0.485076904296875 -0.0229701995849609 -0.00562858581542966
0.523712158203125 0.260528564453125 0.02996826171875 0.0924758911132813
0.50634765625 -0.0250244140625 0.07928466796875 0.0307540893554688
0.43841552734375 -0.241546630859375 0.0753173828125 -0.0308914184570313
0.447845458984375 -0.282379150390625 0.0511932373046875 -0.0280494689941406
0.39385986328125 -0.345611572265625 0.0511627197265625 -0.0672073364257813
0.43988037109375 -0.193634033203125 0.0325393676757813 -0.0210342407226563
0.539215087890625 -0.046234130859375 -0.000890731811523406 0.0327644348144531
0.5693359375 0.16290283203125 -0.093841552734375 -0.0595703125
0.4027099609375 0.5904541015625 -0.0850067138671875 -0.166107177734375
0.14947509765625 0.66729736328125 -0.00970458984375001 -0.267501831054687
-0.074951171875 0.7852783203125 0.12823486328125 -0.298004150390625
-0.1895751953125 0.74951171875 -0.195785522460938 0.129440307617188
-0.1029052734375 0.6998291015625 -0.0781478881835938 0.0723037719726563
0.1978759765625 0.73822021484375 -0.0201225280761719 -0.00590705871582026
0.38128662109375 0.481719970703125 -0.069732666015625 -0.0083351135253906
0.526336669921875 0.275054931640625 -0.0829925537109375 0.0686111450195313
0.526519775390625 -0.011688232421875 -0.0967864990234375 0.0714492797851563
0.4547119140625 -0.2232666015625 -0.0750045776367187 0.0993270874023437
0.45355224609375 -0.26751708984375 -0.0686569213867187 0.108695983886719
0.40325927734375 -0.3336181640625 -0.0598831176757812 0.0756683349609375
0.440155029296875 -0.17578125 -0.0885696411132812 0.0853271484375
0.52728271484375 -0.031982421875 -0.0811080932617187 0.0865478515625
0.5400390625 0.1597900390625 -0.122459411621094 -0.00698852539062501
0.388671875 0.564208984375 -0.076690673828125 -0.0922927856445312
0.15411376953125 0.6441650390625 0.03802490234375 -0.113533020019531
-0.0535278320312501 0.780517578125 0.0954360961914063 -0.0487289428710937
-0.1112060546875 0.62994384765625 -0.247528076171875 0.368316650390625
-0.030029296875 0.57684326171875 -0.0823211669921875 0.246170043945313
0.18817138671875 0.5771484375 -0.0353469848632812 0.0566673278808594
0.312591552734375 0.371795654296875 -0.107101440429687 0.00990295410156254
0.429718017578125 0.22515869140625 -0.180130004882812 0.0477447509765625
0.449066162109375 -0.006439208984375 -0.252975463867188 0.111846923828125
0.388763427734375 -0.174896240234375 -0.2093505859375 0.219100952148438
0.390899658203125 -0.2071533203125 -0.175750732421875 0.227737426757813
0.360198974609375 -0.2598876953125 -0.161941528320312 0.200927734375
0.378448486328125 -0.1112060546875 -0.197021484375 0.16741943359375
0.42706298828125 0.01922607421875 -0.15277099609375 0.113388061523438
0.407318115234375 0.1666259765625 -0.136123657226562 0.0297317504882813
0.276580810546875 0.463592529296875 -0.0563774108886719 -0.0273208618164062
0.1043701171875 0.51751708984375 0.08642578125 0.0349502563476563
-0.03851318359375 0.65057373046875 0.065216064453125 0.187698364257813
-0.01812744140625 0.40606689453125 -0.264556884765625 0.561492919921875
0.037384033203125 0.3551025390625 -0.07275390625 0.391815185546875
0.134033203125 0.321502685546875 -0.0416107177734375 0.124702453613281
0.1832275390625 0.201187133789062 -0.116600036621094 0.044036865234375
0.25933837890625 0.136154174804688 -0.233505249023437 0.0353393554687501
0.29571533203125 -0.002532958984375 -0.35528564453125 0.147979736328125
0.261917114257813 -0.0996551513671875 -0.301666259765625 0.311492919921875
0.268234252929688 -0.117279052734375 -0.2547607421875 0.311248779296875
0.266891479492188 -0.147293090820313 -0.246795654296875 0.285125732421875
0.2652587890625 -0.0265960693359375 -0.284698486328125 0.20111083984375
0.266448974609375 0.072540283203125 -0.2110595703125 0.099456787109375
0.214935302734375 0.15313720703125 -0.138038635253906 0.038299560546875
0.118438720703125 0.296478271484375 -0.0368080139160156 0.0170021057128906
0.039886474609375 0.31494140625 0.109207153320312 0.155868530273438
-0.0186767578125 0.424774169921875 0.0308837890625 0.372344970703125
0.0604782104492187 0.118522644042969 -0.24627685546875 0.6834716796875
0.0738983154296875 0.0858535766601563 -0.0419616699218749 0.489654541015625
0.0411911010742187 0.0456161499023438 -0.025146484375 0.183837890625
0.026123046875 0.0312519073486328 -0.09210205078125 0.0788192749023438
0.056884765625 0.048187255859375 -0.24005126953125 0.0279693603515625
0.102767944335938 0.0142669677734375 -0.38751220703125 0.172271728515625
0.0991897583007813 -0.002593994140625 -0.3375244140625 0.361663818359375
0.105812072753906 -0.0094757080078125 -0.2952880859375 0.34893798828125
0.130081176757813 -0.0212631225585938 -0.30438232421875 0.318145751953125
0.112327575683594 0.0397109985351563 -0.3426513671875 0.186614990234375
0.0783309936523438 0.0868301391601563 -0.24609375 0.05072021484375
0.0184783935546875 0.0884017944335937 -0.128097534179687 0.02392578125
-0.0114212036132813 0.07635498046875 -0.0216293334960938 0.0422706604003906
0.00710296630859376 0.0718841552734375 0.102401733398438 0.235702514648437
0.021881103515625 0.144180297851563 -0.00418090820312499 0.48211669921875
-0.112579345703125 0.178924560546875 -0.03350830078125 -0.525543212890625
-0.040618896484375 0.173690795898438 -0.118255615234375 -0.31964111328125
0.09124755859375 0.16387939453125 -0.01055908203125 -0.0525932312011719
0.133750915527344 0.0582504272460938 0.0802536010742188 0.0205917358398438
0.108589172363281 -0.0338363647460938 0.240447998046875 0.0536346435546875
0.0448417663574219 -0.0576210021972656 0.376312255859375 -0.113922119140625
0.0474929809570312 -0.092742919921875 0.325775146484375 -0.322967529296875
0.0710830688476563 -0.0938262939453125 0.28765869140625 -0.339813232421875
0.0541915893554687 -0.0880966186523438 0.303985595703125 -0.34820556640625
0.0926742553710938 -0.0600509643554688 0.3385009765625 -0.219818115234375
0.136711120605469 -0.0216827392578125 0.218460083007813 -0.0760498046875
0.16839599609375 0.06378173828125 0.059814453125 -0.125244140625
0.065338134765625 0.189590454101563 0.00399780273437499 -0.252365112304688
-0.01953125 0.173858642578125 0.00607299804687496 -0.474456787109375
-0.080230712890625 0.14459228515625 0.2567138671875 -0.713623046875
-0.16168212890625 0.43658447265625 -0.04034423828125 -0.461761474609375
-0.079864501953125 0.394561767578125 -0.09442138671875 -0.30352783203125
0.142333984375 0.400299072265625 -0.0128555297851562 -0.070770263671875
0.247024536132813 0.216217041015625 0.04925537109375 0.0189781188964844
0.282745361328125 0.060394287109375 0.202301025390625 0.0894775390625
0.226058959960938 -0.0665435791015625 0.333831787109375 -0.066192626953125
0.20452880859375 -0.179336547851562 0.2904052734375 -0.258026123046875
0.231613159179688 -0.194107055664062 0.239105224609375 -0.274093627929688
0.201507568359375 -0.20751953125 0.24200439453125 -0.301513671875
0.250961303710938 -0.115203857421875 0.259918212890625 -0.19146728515625
0.315093994140625 -0.02001953125 0.159133911132813 -0.0602569580078125
0.343841552734375 0.12689208984375 0.00132751464843752 -0.126144409179688
0.199676513671875 0.385528564453125 -0.041473388671875 -0.258758544921875
0.034637451171875 0.404876708984375 -0.030517578125 -0.463714599609375
-0.092041015625 0.43243408203125 0.20635986328125 -0.65814208984375
-0.19696044921875 0.63916015625 -0.074951171875 -0.3199462890625
-0.11395263671875 0.57696533203125 -0.0781402587890625 -0.228652954101563
0.1746826171875 0.60772705078125 -0.0106430053710937 -0.0749664306640624
0.333587646484375 0.36895751953125 0.0155258178710938 0.00572395324707033
0.430633544921875 0.164703369140625 0.133125305175781 0.09930419921875
0.390716552734375 -0.055938720703125 0.232101440429688 -0.02032470703125
0.3404541015625 -0.235443115234375 0.201873779296875 -0.158615112304688
0.357269287109375 -0.26788330078125 0.155242919921875 -0.165115356445313
0.310791015625 -0.306182861328125 0.14984130859375 -0.204116821289063
0.36639404296875 -0.173309326171875 0.151885986328125 -0.124053955078125
0.45635986328125 -0.046783447265625 0.0835952758789063 -0.0246047973632813
0.4920654296875 0.144622802734375 -0.0540924072265625 -0.101394653320312
0.34014892578125 0.5137939453125 -0.0772247314453125 -0.226715087890625
0.11199951171875 0.57568359375 -0.0433349609375 -0.387451171875
-0.07257080078125 0.65570068359375 0.15594482421875 -0.512664794921875
-0.1962890625 0.75164794921875 -0.128097534179688 -0.112213134765625
-0.11297607421875 0.6922607421875 -0.0718536376953125 -0.0966567993164062
0.2098388671875 0.7305908203125 -0.0110435485839844 -0.0555496215820312
0.391326904296875 0.46490478515625 -0.0242595672607422 -0.00880241394042966
0.5260009765625 0.23724365234375 0.0347061157226563 0.0885772705078125
0.50128173828125 -0.040283203125 0.080413818359375 0.026214599609375
0.42559814453125 -0.25616455078125 0.075592041015625 -0.0337600708007813
0.429412841796875 -0.29974365234375 0.0495185852050782 -0.0312309265136719
0.373748779296875 -0.357391357421875 0.0454330444335938 -0.0717697143554688
0.4281005859375 -0.20623779296875 0.0335330963134766 -0.0237483978271485
0.530914306640625 -0.068115234375 0.0035037994384766 0.0293388366699219
0.56817626953125 0.138916015625 -0.0971145629882812 -0.0551681518554687
0.42303466796875 0.565185546875 -0.0884094238281249 -0.164794921875
0.16998291015625 0.655029296875 -0.0180511474609375 -0.2642822265625
-0.0415039062499999 0.779296875 0.1181640625 -0.2974853515625
-0.1571044921875 0.7515869140625 -0.185791015625 0.132125854492188
-0.07183837890625 0.69635009765625 -0.071685791015625 0.0728073120117188
0.2269287109375 0.72052001953125 -0.0186347961425781 -0.00997161865234371
0.3934326171875 0.4627685546875 -0.0693130493164062 -0.0103378295898437
0.531494140625 0.250274658203125 -0.0799636840820312 0.069366455078125
0.523406982421875 -0.02972412109375 -0.0928955078125 0.0747451782226563
0.44219970703125 -0.2410888671875 -0.0670013427734375 0.100425720214844
0.4366455078125 -0.284881591796875 -0.0623626708984375 0.108161926269531
0.3839111328125 -0.345947265625 -0.0576705932617187 0.073638916015625
0.428680419921875 -0.18890380859375 -0.0815200805664062 0.0861587524414062
0.519195556640625 -0.05194091796875 -0.0744781494140625 0.0851516723632813
0.539581298828125 0.138275146484375 -0.122879028320312 -0.00282287597656249
0.408447265625 0.5408935546875 -0.0764846801757812 -0.0922317504882812
0.17498779296875 0.63165283203125 0.0357437133789063 -0.115310668945312
-0.01983642578125 0.7733154296875 0.0941009521484375 -0.050872802734375
-0.0848999023437501 0.62939453125 -0.226959228515625 0.369720458984375
-0.00793457031250006 0.57391357421875 -0.068878173828125 0.244857788085938
0.21124267578125 0.56591796875 -0.03076171875 0.0530776977539063
0.321258544921875 0.357666015625 -0.1060791015625 0.00861358642578127
0.435394287109375 0.205657958984375 -0.177459716796875 0.05157470703125
0.447662353515625 -0.0238037109375 -0.2470703125 0.12158203125
0.38079833984375 -0.190185546875 -0.194305419921875 0.223556518554687
0.37799072265625 -0.2235107421875 -0.162338256835937 0.229049682617188
0.3441162109375 -0.27130126953125 -0.151779174804688 0.20086669921875
0.371429443359375 -0.12310791015625 -0.184494018554688 0.171844482421875
0.423248291015625 0.003662109375 -0.145782470703125 0.115402221679688
0.408111572265625 0.149749755859375 -0.133712768554687 0.0333938598632813
0.29083251953125 0.445465087890625 -0.0546112060546875 -0.0294609069824218
0.12030029296875 0.51025390625 0.0881423950195313 0.0287094116210938
-0.01153564453125 0.64691162109375 0.0734100341796875 0.182540893554688
-0.00421142578124999 0.4052734375 -0.237335205078125 0.560821533203125
0.050811767578125 0.35089111328125 -0.053619384765625 0.38800048828125
0.14697265625 0.315032958984375 -0.0345687866210937 0.121978759765625
0.18829345703125 0.194259643554687 -0.113319396972656 0.0429611206054688
0.26361083984375 0.124343872070313 -0.232208251953125 0.04150390625
0.29498291015625 -0.014373779296875 -0.346649169921875 0.16253662109375
0.2584228515625 -0.111221313476563 -0.281829833984375 0.31854248046875
0.261917114257812 -0.128768920898437 -0.2371826171875 0.314788818359375
0.256790161132813 -0.156753540039062 -0.231536865234375 0.28826904296875
0.263168334960938 -0.0356903076171875 -0.270553588867188 0.208236694335937
0.267547607421875 0.06207275390625 -0.204727172851562 0.104965209960938
0.218246459960938 0.144134521484375 -0.134811401367188 0.0420074462890625
0.130584716796875 0.287445068359375 -0.0335617065429687 0.0143718719482422
0.04998779296875 0.312042236328125 0.115158081054688 0.147537231445313
-0.00149536132812499 0.422607421875 0.046295166015625 0.36590576171875
0.061676025390625 0.117401123046875 -0.2144775390625 0.67974853515625
0.0750808715820313 0.083526611328125 -0.020355224609375 0.483184814453125
0.0437583923339844 0.0462493896484375 -0.0164794921875 0.181167602539063
0.0269699096679687 0.0315704345703125 -0.087860107421875 0.0774154663085937
0.0603904724121094 0.045562744140625 -0.240158081054687 0.0352020263671875
0.104232788085938 0.00821685791015625 -0.378692626953125 0.188720703125
0.100776672363281 -0.00824737548828125 -0.315948486328125 0.370758056640625
0.106071472167969 -0.0146102905273437 -0.274749755859375 0.35382080078125
0.127792358398438 -0.0274658203125 -0.287017822265625 0.32373046875
0.114524841308594 0.0348663330078125 -0.329193115234375 0.196685791015625
0.0821151733398438 0.0833816528320312 -0.241607666015625 0.058563232421875
0.0227432250976563 0.0877304077148438 -0.124412536621094 0.0275039672851563
-0.00689697265625001 0.0767593383789063 -0.0185813903808594 0.0410232543945313
0.00899505615234374 0.0741119384765625 0.111099243164063 0.227371215820313
0.02685546875 0.144989013671875 0.01397705078125 0.4764404296875
-0.1053466796875 0.181777954101563 -0.04925537109375 -0.52850341796875
-0.0369873046875 0.173324584960938 -0.129913330078125 -0.317718505859375
0.094268798828125 0.159896850585938 -0.0131301879882812 -0.0537834167480469
0.1339111328125 0.0544509887695313 0.0802993774414063 0.0193939208984375
0.105003356933594 -0.0354766845703125 0.246536254882813 0.0468902587890625
0.0427093505859375 -0.0554122924804688 0.37762451171875 -0.128936767578125
0.04388427734375 -0.0932464599609375 0.315399169921875 -0.334716796875
0.0674209594726563 -0.096923828125 0.2760009765625 -0.349700927734375
0.0521621704101563 -0.089996337890625 0.2928466796875 -0.36004638671875
0.091033935546875 -0.062713623046875 0.3323974609375 -0.23382568359375
0.136550903320312 -0.0268783569335937 0.221038818359375 -0.0850067138671875
0.171585083007812 0.0575408935546875 0.0554885864257813 -0.125358581542969
0.0725860595703125 0.188095092773437 -0.00415039062499999 -0.250564575195312
-0.013763427734375 0.173492431640625 -0.009429931640625 -0.4747314453125
-0.074249267578125 0.146591186523438 0.23687744140625 -0.7205810546875
-0.146697998046875 0.4420166015625 -0.05352783203125 -0.464141845703125
-0.068145751953125 0.39715576171875 -0.1046142578125 -0.302337646484375
0.155487060546875 0.395416259765625 -0.0155487060546875 -0.0731201171875
0.251678466796875 0.210662841796875 0.0483322143554688 0.0171890258789063
0.2833251953125 0.052520751953125 0.209564208984375 0.083648681640625
0.225692749023438 -0.0695343017578125 0.335784912109375 -0.078582763671875
0.199920654296875 -0.186355590820313 0.283203125 -0.26873779296875
0.22528076171875 -0.20367431640625 0.23114013671875 -0.28265380859375
0.196151733398438 -0.215408325195313 0.231536865234375 -0.31121826171875
0.24884033203125 -0.122177124023437 0.2564697265625 -0.20263671875
0.31591796875 -0.03076171875 0.162384033203125 -0.0673980712890625
0.350830078125 0.117034912109375 -0.00370025634765623 -0.124649047851562
0.214691162109375 0.380767822265625 -0.0493011474609375 -0.258895874023438
0.0455322265625 0.40582275390625 -0.044708251953125 -0.462860107421875
-0.07818603515625 0.43707275390625 0.1900634765625 -0.66485595703125
-0.1759033203125 0.6483154296875 -0.083221435546875 -0.320892333984375
-0.0966186523437499 0.58251953125 -0.08526611328125 -0.228118896484375
0.19500732421875 0.60205078125 -0.0136260986328125 -0.0792846679687499
0.34246826171875 0.3614501953125 0.0134973526000977 0.00321102142333987
0.4361572265625 0.152313232421875 0.139244079589844 0.0955886840820313
0.39208984375 -0.06512451171875 0.234146118164063 -0.0284271240234375
0.33544921875 -0.247161865234375 0.199066162109375 -0.166183471679688
0.34979248046875 -0.28271484375 0.150650024414063 -0.171646118164063
0.30279541015625 -0.318115234375 0.141494750976563 -0.211273193359375
0.3642578125 -0.183349609375 0.150253295898438 -0.13214111328125
0.457244873046875 -0.0614013671875 0.0870437622070313 -0.0306167602539063
0.500885009765625 0.13055419921875 -0.0593338012695312 -0.0986099243164062
0.359375 0.50518798828125 -0.083404541015625 -0.227508544921875
0.12860107421875 0.57562255859375 -0.053375244140625 -0.388458251953125
-0.0501708984375 0.66375732421875 0.142974853515625 -0.5159912109375
-0.17413330078125 0.76287841796875 -0.130744934082031 -0.1103515625
-0.091552734375 0.6981201171875 -0.0741806030273437 -0.0958023071289062
0.23614501953125 0.72412109375 -0.0125541687011719 -0.0596580505371093
0.404541015625 0.457427978515625 -0.0262584686279297 -0.0117053985595703
0.535736083984375 0.221282958984375 0.0389404296875 0.0873184204101563
0.504852294921875 -0.053375244140625 0.0828704833984375 0.0234375
0.423187255859375 -0.27337646484375 0.0772628784179688 -0.0375595092773438
0.4222412109375 -0.31634521484375 0.0488014221191406 -0.0341796875
0.36285400390625 -0.371826171875 0.0411148071289063 -0.07525634765625
0.426177978515625 -0.217498779296875 0.0346012115478516 -0.0275936126708985
0.531982421875 -0.084747314453125 0.00675010681152347 0.0261192321777344
0.57647705078125 0.1246337890625 -0.101318359375 -0.0518646240234375
0.4462890625 0.554656982421875 -0.0923767089843749 -0.166275024414063
0.188720703125 0.65582275390625 -0.02410888671875 -0.265701293945312
-0.0155029296875001 0.78424072265625 0.111602783203125 -0.300537109375
-0.135009765625 0.7626953125 -0.180694580078125 0.1358642578125
-0.0523681640625 0.70343017578125 -0.0678787231445312 0.0740280151367188
0.25408935546875 0.71649169921875 -0.0181007385253906 -0.0134029388427734
0.4061279296875 0.456329345703125 -0.07122802734375 -0.0121688842773437
0.54266357421875 0.236236572265625 -0.0775299072265625 0.0711517333984375
0.5281982421875 -0.04486083984375 -0.0907516479492187 0.0785293579101563
0.4400634765625 -0.258270263671875 -0.0602340698242187 0.1014404296875
0.4302978515625 -0.302886962890625 -0.0585403442382812 0.108192443847656
0.374267578125 -0.360260009765625 -0.057342529296875 0.073150634765625
0.4273681640625 -0.200836181640625 -0.07672119140625 0.0869064331054687
0.5196533203125 -0.0679931640625 -0.0709075927734375 0.0846328735351563
0.54730224609375 0.12457275390625 -0.12579345703125 0.00157928466796878
0.4300537109375 0.530120849609375 -0.078582763671875 -0.0948257446289062
0.19073486328125 0.6318359375 0.0338592529296875 -0.118804931640625
0.00451660156249997 0.781005859375 0.095306396484375 -0.0527954101562499
-0.06689453125 0.63824462890625 -0.21551513671875 0.375274658203125
0.0104980468749999 0.578125 -0.0592498779296875 0.24676513671875
0.232421875 0.56317138671875 -0.0284233093261719 0.0508880615234375
0.33135986328125 0.353729248046875 -0.1065673828125 0.00723266601562502
0.44561767578125 0.191680908203125 -0.178207397460937 0.0573883056640625
0.45233154296875 -0.03741455078125 -0.245819091796875 0.131668090820312
0.380218505859375 -0.206207275390625 -0.184646606445312 0.229507446289063
0.373504638671875 -0.239349365234375 -0.154739379882813 0.232467651367187
0.337371826171875 -0.285186767578125 -0.147796630859375 0.203994750976562
0.372283935546875 -0.1328125 -0.178253173828125 0.175704956054688
0.4268798828125 -0.009490966796875 -0.14288330078125 0.117843627929687
0.414459228515625 0.140228271484375 -0.134490966796875 0.037841796875
0.307830810546875 0.43902587890625 -0.0543632507324219 -0.0316848754882812
0.134307861328125 0.51171875 0.0911178588867188 0.0237884521484375
0.00897216796875003 0.651611328125 0.08050537109375 0.181640625
0.00778198242187497 0.410919189453125 -0.21966552734375 0.56573486328125
0.060821533203125 0.35284423828125 -0.039215087890625 0.389984130859375
0.159759521484375 0.314361572265625 -0.0297698974609375 0.1212158203125
0.194671630859375 0.192779541015625 -0.113395690917969 0.0426177978515625
0.270797729492187 0.115829467773437 -0.235336303710937 0.047943115234375
0.299346923828125 -0.02569580078125 -0.344879150390625 0.17694091796875
0.260513305664063 -0.122940063476563 -0.269500732421875 0.32794189453125
0.260833740234375 -0.139678955078125 -0.226776123046875 0.321258544921875
0.252883911132812 -0.166671752929688 -0.2232666015625 0.293853759765625
0.26580810546875 -0.04327392578125 -0.263595581054687 0.2174072265625
0.27191162109375 0.05450439453125 -0.203125 0.109878540039063
0.22412109375 0.139480590820313 -0.133964538574219 0.0459442138671875
0.14154052734375 0.285186767578125 -0.0324077606201172 0.011871337890625
0.058868408203125 0.31494140625 0.121414184570313 0.1422119140625
0.0120849609375 0.428863525390625 0.05792236328125 0.366607666015625
0.0632400512695313 0.119010925292969 -0.1949462890625 0.68377685546875
0.0773544311523438 0.0826568603515625 -0.00399780273437501 0.484588623046875
0.0469207763671875 0.047332763671875 -0.0096893310546875 0.180862426757812
0.0281658172607422 0.0331325531005859 -0.0869293212890625 0.0772933959960938
0.063873291015625 0.0431480407714844 -0.244842529296875 0.0422515869140625
0.106903076171875 0.00359344482421875 -0.377838134765625 0.20489501953125
0.103919982910156 -0.0135498046875 -0.30322265625 0.38201904296875
0.108055114746094 -0.0186843872070313 -0.263427734375 0.36138916015625
0.128005981445313 -0.0328598022460938 -0.27667236328125 0.33172607421875
0.118240356445313 0.030609130859375 -0.3221435546875 0.20806884765625
0.0872344970703125 0.0811004638671875 -0.241836547851562 0.0663452148437499
0.0264892578125 0.0885009765625 -0.122795104980469 0.0308609008789063
-0.00307464599609375 0.078094482421875 -0.0165252685546875 0.0392646789550781
0.0117950439453125 0.0775299072265625 0.119155883789062 0.223236083984375
0.0316619873046875 0.148696899414063 0.02764892578125 0.478759765625
-0.0976104736328125 0.188690185546875 -0.072052001953125 -0.53875732421875
-0.031097412109375 0.176681518554688 -0.1466064453125 -0.319122314453125
0.10089111328125 0.157333374023438 -0.0171623229980469 -0.0554656982421875
0.137077331542969 0.0503311157226563 0.0818634033203125 0.0174942016601563
0.10302734375 -0.0377349853515625 0.256988525390625 0.036376953125
0.0418930053710937 -0.0547981262207031 0.382415771484375 -0.151031494140625
0.0407562255859375 -0.0953826904296875 0.306427001953125 -0.35498046875
0.062774658203125 -0.102149963378906 0.265411376953125 -0.3671875
0.0493621826171875 -0.09503173828125 0.28240966796875 -0.380828857421875
0.0896453857421875 -0.0671234130859375 0.329833984375 -0.2542724609375
0.137596130371094 -0.03436279296875 0.225830078125 -0.097381591796875
0.177749633789063 0.049530029296875 0.0511016845703125 -0.127670288085937
0.083587646484375 0.1884765625 -0.0147705078125 -0.252410888671875
-0.00747680664062501 0.175949096679688 -0.02825927734375 -0.480255126953125
-0.0687255859375 0.151138305664063 0.21527099609375 -0.73956298828125
-0.128875732421875 0.4581298828125 -0.073577880859375 -0.47259521484375
-0.053192138671875 0.405548095703125 -0.120086669921875 -0.304473876953125
0.174835205078125 0.39398193359375 -0.0200958251953125 -0.0765609741210937
0.262054443359375 0.204727172851562 0.0484237670898438 0.0153007507324219
0.288818359375 0.044097900390625 0.220550537109375 0.0759429931640625
0.229110717773437 -0.0759429931640625 0.34112548828125 -0.09735107421875
0.196060180664063 -0.197433471679688 0.277435302734375 -0.287445068359375
0.219482421875 -0.218536376953125 0.22216796875 -0.29730224609375
0.191207885742188 -0.228439331054688 0.22039794921875 -0.327362060546875
0.249465942382813 -0.133438110351563 0.25372314453125 -0.221160888671875
0.3212890625 -0.0460205078125 0.166122436523438 -0.0782318115234375
0.363250732421875 0.10443115234375 -0.00930023193359374 -0.124801635742187
0.236175537109375 0.3787841796875 -0.0602874755859375 -0.26177978515625
0.06231689453125 0.412689208984375 -0.063568115234375 -0.46893310546875
-0.059844970703125 0.44793701171875 0.16864013671875 -0.6827392578125
-0.14990234375 0.671142578125 -0.0980224609375 -0.32476806640625
-0.073486328125 0.59649658203125 -0.0958404541015625 -0.228805541992187
0.22454833984375 0.60272216796875 -0.0181121826171875 -0.08355712890625
0.361480712890625 0.3563232421875 0.0119895935058594 0.00052928924560549
0.449432373046875 0.138458251953125 0.149276733398438 0.0907135009765625
0.40008544921875 -0.07879638671875 0.238937377929688 -0.0411376953125
0.333282470703125 -0.266265869140625 0.196701049804688 -0.180419921875
0.34295654296875 -0.305084228515625 0.145431518554688 -0.18121337890625
0.29583740234375 -0.338409423828125 0.132110595703125 -0.22308349609375
0.365478515625 -0.200531005859375 0.148544311523438 -0.143585205078125
0.46435546875 -0.08306884765625 0.0902633666992188 -0.038116455078125
0.518157958984375 0.11285400390625 -0.06597900390625 -0.09588623046875
0.389251708984375 0.50018310546875 -0.0944061279296874 -0.230728149414062
0.1531982421875 0.5849609375 -0.07012939453125 -0.393310546875
-0.02349853515625 0.679931640625 0.12744140625 -0.531402587890625
-0.142333984375 0.78851318359375 -0.136573791503906 -0.109474182128906
-0.06341552734375 0.715087890625 -0.0781021118164063 -0.0950088500976562
0.27197265625 0.72711181640625 -0.0151863098144531 -0.064605712890625
0.4271240234375 0.4515380859375 -0.0289630889892578 -0.0139694213867187
0.5552978515625 0.2037353515625 0.0456466674804688 0.0862655639648438
0.51611328125 -0.07305908203125 0.0863265991210938 0.0197067260742188
0.4217529296875 -0.298583984375 0.0795516967773438 -0.0442276000976563
0.414947509765625 -0.3448486328125 0.0481681823730469 -0.0380401611328125
0.35382080078125 -0.3955078125 0.0360488891601563 -0.07977294921875
0.427978515625 -0.2374267578125 0.0350208282470703 -0.0319938659667969
0.539947509765625 -0.1085205078125 0.00983619689941409 0.0229587554931641
0.5946044921875 0.1046142578125 -0.106948852539062 -0.0465469360351563
0.4798583984375 0.54559326171875 -0.101043701171875 -0.1695556640625
0.21820068359375 0.66455078125 -0.034912109375 -0.271469116210937
0.0167236328124999 0.80364990234375 0.104095458984375 -0.3092041015625
-0.103515625 0.786376953125 -0.177230834960938 0.143310546875
-0.0230712890625001 0.71881103515625 -0.0638580322265625 0.0779495239257813
0.2913818359375 0.71929931640625 -0.0186061859130859 -0.0176506042480468
0.431304931640625 0.452667236328125 -0.0750579833984375 -0.0135955810546875
0.5648193359375 0.2174072265625 -0.0747451782226562 0.0748443603515625
0.540496826171875 -0.06573486328125 -0.0892333984375 0.0847930908203125
0.440948486328125 -0.284820556640625 -0.0544586181640625 0.103271484375
0.42608642578125 -0.33123779296875 -0.0548171997070312 0.110588073730469
0.3662109375 -0.384857177734375 -0.0577392578125 0.0755615234375
0.430694580078125 -0.220550537109375 -0.0739593505859375 0.089447021484375
0.528961181640625 -0.09136962890625 -0.0688629150390625 0.08642578125
0.56390380859375 0.10638427734375 -0.128944396972656 0.00839996337890625
0.46038818359375 0.521759033203125 -0.0838394165039062 -0.0982513427734375
0.21990966796875 0.6409912109375 0.0303726196289063 -0.12457275390625
0.0381469726562501 0.79852294921875 0.0972061157226562 -0.0567092895507812
-0.04327392578125 0.6583251953125 -0.20379638671875 0.387542724609375
0.03375244140625 0.59002685546875 -0.048004150390625 0.253463745117188
0.26361083984375 0.56390380859375 -0.0260200500488281 0.0496406555175782
0.353240966796875 0.351531982421875 -0.109443664550781 0.00797271728515627
0.464202880859375 0.176666259765625 -0.18023681640625 0.064666748046875
0.463653564453125 -0.057586669921875 -0.2457275390625 0.147415161132813
0.382293701171875 -0.231353759765625 -0.174850463867188 0.238967895507812
0.371826171875 -0.2633056640625 -0.147506713867187 0.240997314453125
0.3319091796875 -0.306671142578125 -0.143569946289063 0.212295532226562
0.37677001953125 -0.14996337890625 -0.173690795898438 0.18524169921875
0.4361572265625 -0.027069091796875 -0.140594482421875 0.12420654296875
0.4302978515625 0.12957763671875 -0.135780334472656 0.0451507568359375
0.33453369140625 0.4342041015625 -0.0566139221191406 -0.0349197387695312
0.15728759765625 0.52069091796875 0.09429931640625 0.0179367065429688
0.03717041015625 0.6673583984375 0.0904541015625 0.182708740234375
0.022918701171875 0.4227294921875 -0.201416015625 0.58380126953125
0.076629638671875 0.358734130859375 -0.02294921875 0.398956298828125
0.178253173828125 0.3148193359375 -0.0242996215820312 0.123191833496094
0.206680297851563 0.19281005859375 -0.114654541015625 0.044830322265625
0.2838134765625 0.105682373046875 -0.240707397460937 0.0590057373046875
0.30694580078125 -0.039703369140625 -0.3465576171875 0.198333740234375
0.263458251953125 -0.139907836914063 -0.258514404296875 0.34381103515625
0.261734008789063 -0.155776977539063 -0.217041015625 0.334014892578125
0.251312255859375 -0.181869506835938 -0.216339111328125 0.307403564453125
0.272216796875 -0.0545501708984375 -0.258026123046875 0.231201171875
0.280960083007813 0.0441131591796875 -0.20269775390625 0.1192626953125
0.236007690429688 0.135986328125 -0.134109497070312 0.052093505859375
0.157684326171875 0.285736083984375 -0.0326271057128906 0.0101127624511719
0.073150634765625 0.3226318359375 0.130111694335937 0.137527465820313
0.03021240234375 0.44036865234375 0.072967529296875 0.372467041015625
0.0671310424804687 0.121589660644531 -0.17169189453125 0.7008056640625
0.0809249877929688 0.0822830200195313 0.018280029296875 0.494049072265625
0.0509147644042969 0.0478515625 -0.00202941894531252 0.184432983398438
0.0303249359130859 0.0347270965576172 -0.0863189697265625 0.0794525146484375
0.0686111450195313 0.0401725769042969 -0.252471923828125 0.0542144775390625
0.110206604003906 -0.00279998779296875 -0.378265380859375 0.22918701171875
0.107551574707031 -0.0210113525390625 -0.28985595703125 0.400360107421875
0.111724853515625 -0.0251922607421875 -0.253936767578125 0.3770751953125
0.129432678222656 -0.03961181640625 -0.26788330078125 0.348175048828125
0.124267578125 0.0263290405273438 -0.31951904296875 0.225494384765625
0.0942306518554687 0.079315185546875 -0.2449951171875 0.0774688720703125
0.031707763671875 0.0910110473632813 -0.122505187988281 0.0357513427734375
0.00138092041015624 0.0806655883789063 -0.0156097412109375 0.0383186340332031
0.0156707763671875 0.0815582275390625 0.130905151367187 0.220809936523437
0.038970947265625 0.153640747070313 0.047576904296875 0.48785400390625
0.220895971603861 0.0332447509924443 0.401791526276084 -0.407433143920623
0.18533919861188 -0.0621868505722646 0.197900764577202 -0.332254116360176
0.0726089105143483 -0.173398829582919 -0.00454011432673894 -0.0422733878033331
-0.0628047509507259 -0.152332117652842 -0.00329194202317732 0.113021407610021
-0.127692431353303 -0.0450530906688051 0.122794697014343 0.276088314389007
-0.107848591238266 0.0122073010107489 0.323893039485724 0.280883981733208
-0.123861477356334 0.0374218770785905 0.455937207185305 0.172399255838903
-0.128117180422993 0.0512318087602301 0.491425610092003 0.0803379002161495
-0.137570382780198 0.0357282353380769 0.48114212904779 0.106575664338857
-0.125627918765989 -0.00429574344066984 0.378011196220522 0.169014002611121
-0.132934689126458 -0.071559273900904 0.198987519426572 0.178998518576818
-0.0762295410701511 -0.175248373133481 0.115229953025284 -0.00417847538042933
0.058036287652625 -0.176848721390147 0.175686061031552 -0.16099184203312
0.134628138640053 -0.0750397827704476 0.390172827181378 -0.289815381073166
0.14636148200041 0.0120629170302926 0.696708634596257 -0.304648442682381
0.454332410335749 -0.097595359963208 0.312923057317064 -0.39698496857685
0.38194677904322 -0.197164970575988 0.164018866567975 -0.331204357532567
0.223180976926581 -0.377650212588995 -0.048172153686034 -0.0660849947370747
-0.0176959521017514 -0.372181352607383 -0.0739205750610179 0.0946130785762421
-0.206058959481471 -0.245073813743549 0.0475941013126399 0.292435264713955
-0.241963079313227 -0.12173590935628 0.246879368553317 0.297511940254765
-0.29907169604109 -0.0485304382996159 0.37210823864262 0.19896557959398
-0.31358590106138 0.0108924003086489 0.407709764322227 0.0917739570634012
-0.333114060425438 -0.00675284668735027 0.404843608022023 0.0951748624503158
-0.280681861438673 -0.0892427319167974 0.298863339375147 0.143358303234022
-0.267732429757276 -0.198783496657378 0.133497339732734 0.152421081034492
-0.144996007161404 -0.370897923683475 0.0509896336980149 -0.0461073869608341
0.0726276872735841 -0.41759481365395 0.133222580805725 -0.206431305580778
0.272552884140385 -0.272740047933532 0.343495449672879 -0.335293104657619
0.373234561012046 -0.151568453165628 0.621459351579676 -0.335104046866306
0.63726200228607 -0.213839489126872 0.147104191513225 -0.350951136610598
0.544634461501708 -0.314684253490446 0.078979440573201 -0.296831058743042
0.363636106674268 -0.548286027211233 -0.0933393390213453 -0.0783900207820985
0.0421994410290932 -0.567841603841403 -0.131440023802469 0.0618211642413245
-0.254672620272536 -0.434246193049012 -0.0264299594259849 0.257271365722111
-0.344984764452539 -0.254989826110425 0.137329923970723 0.258370301334526
-0.432781530419782 -0.137788466085595 0.23117344075824 0.187559355050505
-0.453823775658619 -0.0291258839049373 0.26100029060068 0.0916953588465519
-0.482107750177752 -0.0354766330611848 0.268029478723898 0.0778963067386575
-0.406168949821269 -0.142417581967864 0.175094589430788 0.110832422681005
-0.391007566532275 -0.278312529219989 0.0457926632939075 0.119650259752717
-0.232351211193598 -0.509541387595912 -0.0250464581538713 -0.0678550677310343
0.0440602153192768 -0.607945652781665 0.0706862724740766 -0.214951060717056
0.347777311366309 -0.450244804778975 0.258119702238711 -0.315971734604034
0.531398447170946 -0.305241556255404 0.478494185339291 -0.296637526897618
0.72897246778702 -0.310629862878493 -0.0755204997242745 -0.266449277011538
0.629683485426965 -0.414389143292921 -0.0572004790240131 -0.223928904319929
0.438367977508449 -0.666667393215366 -0.143576629930789 -0.0682900455530857
0.0792452417900884 -0.695598017117525 -0.173358713682158 0.0229374584309925
-0.278074010007031 -0.561178144895286 -0.0970235925624396 0.173807606022621
-0.401787272603929 -0.350453091149721 0.00192305038483563 0.16710992125847
-0.504258484460738 -0.20634888586728 0.0516104447353185 0.14129388103238
-0.526148404336872 -0.0658865108304435 0.0758243233596503 0.0794667359663738
-0.557860862641338 -0.0573573172746539 0.0926065932629318 0.0606515881447765
-0.473361800392666 -0.175160847668129 0.01936809048844 0.0804385241864423
-0.456941159038339 -0.319197926202689 -0.058619663232062 0.0848239662829373
-0.285756196249937 -0.574267215688457 -0.101381377808302 -0.0702075709121953
0.00833095344400491 -0.705883099144941 0.00802753976035775 -0.182715096544178
0.366027360485958 -0.554952919484208 0.160872045649153 -0.226905577154832
0.606935713805932 -0.410623180769025 0.293013274170831 -0.19233510430564
0.708940362170507 -0.370597306557994 -0.31776585432345 -0.148664358249993
0.601685382367503 -0.465897040271203 -0.217326231557132 -0.114593178178366
0.419237847725625 -0.684240658279723 -0.190158891527339 -0.0387844316912697
0.0796482911088285 -0.702993957259735 -0.198312509724227 -0.0163776061168213
-0.265087806653333 -0.579144302634948 -0.160525076177831 0.0566851813284594
-0.395121453271649 -0.377379382356496 -0.142770947825941 0.044272516604045
-0.497594406635374 -0.239854326394112 -0.141534754319294 0.0706717609487313
-0.516367591019878 -0.0939288617549085 -0.120566640859274 0.0549714852674862
-0.54504748401843 -0.0845033669013051 -0.0949195843263577 0.0416300308345718
-0.458069985398734 -0.196634317297803 -0.139862524555173 0.0468165055994902
-0.433178570446069 -0.326577684246922 -0.159133904702803 0.0420046746915994
-0.261175942200724 -0.55286132138568 -0.158734015998293 -0.0659533305610664
0.00626226292641842 -0.681990339103985 -0.0370748838146688 -0.127836241113556
0.344113447077339 -0.551582399855539 0.0696686347197628 -0.0934086752876538
0.590614099579695 -0.438593965887975 0.0946065432030417 -0.0425679380089653
0.57009094443342 -0.37581348109393 -0.529389368280041 -0.00894442379487649
0.454431229872336 -0.443253020444381 -0.359492324442067 0.0176524761143447
0.30907800144201 -0.571315479472116 -0.218365790500396 0.00194158957289209
0.0547145986204917 -0.564275812213009 -0.199968899244074 -0.0450643998609444
-0.209107019780625 -0.479416478154972 -0.2060436290141 -0.0609324186036515
-0.321012090040606 -0.328532609339239 -0.270199650693073 -0.0774449982948902
-0.410875703927305 -0.226395618571573 -0.313620556830235 -0.0045632957181443
-0.428817220222219 -0.109807105233658 -0.296386223612421 0.0232880941740798
-0.450114506520033 -0.110512717091453 -0.262763117209322 0.0130174567208727
-0.363536112637666 -0.209899008574713 -0.270905461639333 -0.00219530889583273
-0.317903761629362 -0.304361853239776 -0.228373693443805 -0.0220290114238124
-0.156010207862903 -0.455134147050842 -0.180593274528117 -0.0712329770860496
0.0412475702665113 -0.538074474892382 -0.0581210685720701 -0.0733776594923093
0.288597792496054 -0.438273878134694 -0.00779200278710848 0.0445091500048713
0.490172089318464 -0.381677829180065 -0.0903046122605639 0.112273453639493
0.342838300623071 -0.321127787958252 -0.670535921995681 0.134673900652893
0.23303479161459 -0.338157736995138 -0.450381379327737 0.154050274795331
0.151775738501131 -0.355279897982024 -0.219420287177824 0.0527328652470161
0.0246689585678975 -0.326420596328527 -0.175759846875272 -0.0503764351214067
-0.116930888813004 -0.294267893321778 -0.221223814458189 -0.148149825121823
-0.193455494962201 -0.224327468689681 -0.357723316710217 -0.168152264008412
-0.259034260122597 -0.176569584534294 -0.438608331566268 -0.0692103772434821
-0.276132038522424 -0.109317922411914 -0.42527461307175 -0.0113747930581951
-0.287803148981114 -0.121952094015537 -0.386199811874087 -0.0307136250346606
-0.216365103863839 -0.194738280131989 -0.349289693041311 -0.0726106980556975
-0.15434377733662 -0.241383027964367 -0.248985501127888 -0.104599939546936
-0.0263698424247751 -0.292679381046697 -0.161242933536309 -0.0867396690379084
0.0736834434124151 -0.315423738532452 -0.0580920722115582 -0.0308476672904128
0.192144285239336 -0.26081900177842 -0.0732047984898322 0.152211156276264
0.31737785043087 -0.268548417485904 -0.242920547514308 0.239071494702944
0.0710738921482791 -0.203180152311728 -0.716566927138971 0.25871210328693
-0.000490073235535038 -0.16651723539904 -0.474276778148461 0.276185894340303
0.00431641640757308 -0.0900002609498462 -0.189631864484074 0.107739060529023
0.0152882396911472 -0.0613825349506292 -0.129508254097437 -0.0340036664721228
0.000931634423902882 -0.0894045687772093 -0.208922228364791 -0.193885973327522
-0.0335024999287086 -0.100911352738638 -0.393489156282516 -0.213875338378232
-0.0645673913411031 -0.108178411158858 -0.497839026304263 -0.110078669181643
-0.0809859865288011 -0.0914170539788136 -0.490337043192283 -0.0435753496127646
-0.0892535284020107 -0.10536964596316 -0.448584353130964 -0.0825823582628922
-0.0510428171388473 -0.13376455526479 -0.365647824609713 -0.149430235350234
0.00346548164182423 -0.127982108794991 -0.21641737865744 -0.186591475501906
0.0640743702193209 -0.0899879359901116 -0.109115243112738 -0.101131592824831
0.0540547712132651 -0.0646274072348591 -0.0461973688852207 0.00170789553601999
0.0466320020650755 -0.0763241431971906 -0.126651427510686 0.21855240597112
0.0938353672518869 -0.133062676333228 -0.347790877812154 0.318286391319463
0.221427410771221 0.0172077443661288 0.377494270242379 -0.438949131774216
0.180522993449769 -0.0745809375035549 0.174523768385004 -0.349511066501568
0.0602399411833655 -0.177222976433458 -0.00658761148105945 -0.0433473513871537
-0.0725871886476231 -0.146917427167302 0.00479198204144693 0.112836463130086
-0.128353525475079 -0.0365528916947486 0.146840090863243 0.269374987146789
-0.106613906127114 0.0177322131880723 0.349910145972387 0.257019166397809
-0.120890642859089 0.0459438687022296 0.469410517015237 0.137884814902783
-0.123538182144543 0.0619328137349335 0.496878875722854 0.0436764445123924
-0.13466615259055 0.0475731732139529 0.49153179103542 0.0701060860348092
-0.125766438318505 0.00523831394767984 0.39482291530971 0.140401895802742
-0.138933064684756 -0.0607028391958162 0.216870955274237 0.166246381402546
-0.0912555681416104 -0.168750156400853 0.112966756750602 -0.0113204549773661
0.0442599711687579 -0.182401690014898 0.163658635033647 -0.172365579682468
0.129374059472588 -0.0840109247382905 0.369515444104939 -0.318698908652567
0.146526582009649 0.00034498738598196 0.675544761353654 -0.353665451204321
0.446631380179168 -0.132426638545157 0.287490783660191 -0.420649817182319
0.367750874810538 -0.223849359664987 0.14063148206214 -0.344516777363611
0.195433449662447 -0.393108855193396 -0.0512112536101798 -0.0649086232083996
-0.0419228435780612 -0.371218856736799 -0.0673954487591262 0.0984709622231173
-0.222854610125756 -0.230832898149799 0.0726602836901392 0.290888625537395
-0.251129666896619 -0.108725017099984 0.272768108566289 0.279773211054042
-0.304688557232845 -0.0271201500623838 0.389403325336287 0.170843366165222
-0.313429472643777 0.0359959826226799 0.414364614601738 0.061846189456622
-0.334959618701535 0.0197377546995347 0.412311442351389 0.0643811196701378
-0.289009610754942 -0.0707357428523537 0.313552996834403 0.120432895409219
-0.283400059372843 -0.178977483033215 0.149614747885184 0.143172062401994
-0.174567503637959 -0.362774222225729 0.0456850930332262 -0.0486694300580082
0.041945880798817 -0.424954497330043 0.119352695295101 -0.217249190362489
0.255638339892855 -0.293815226581548 0.320055133907179 -0.361107959294957
0.363985441232456 -0.181137313656953 0.601239530800239 -0.379060669352251
0.6213773471519 -0.263810361323939 0.124792430640871 -0.362113681499731
0.522053781279375 -0.352324171680996 0.0587698058747302 -0.302023083198251
0.322757106920405 -0.574632735986687 -0.0957541507264128 -0.0748011405926926
0.00592401305894983 -0.573378682441605 -0.12765395217569 0.0680221768165651
-0.285702001843548 -0.416504606464431 -0.00340917265055276 0.261298684239366
-0.36570652945934 -0.234680411887282 0.1586918311166 0.249123549446687
-0.446916354126419 -0.107006008502461 0.248579138781104 0.169354834896173
-0.45808759771414 0.00707532430000242 0.268294361596142 0.07171171455744
-0.486919173249227 0.000718094517954175 0.274175620861207 0.0557743993151045
-0.420348163986726 -0.11672001999576 0.185400318061817 0.0972362784846546
-0.41366097093803 -0.251626956270864 0.0584599323809899 0.116065617812774
-0.272694207224099 -0.496678450775158 -0.0324863750100624 -0.0644248711138973
-0.00321989179362903 -0.614920970696659 0.0566385317423745 -0.222623384066758
0.319640266500907 -0.477380013656257 0.235999346568586 -0.33546456140285
0.513237715136299 -0.347900000340631 0.459759932242839 -0.330934510634904
0.710869633024134 -0.368180522063975 -0.092569728556841 -0.261794249409265
0.601596211327077 -0.459899278826185 -0.0724555035066428 -0.218442514743001
0.388626021410667 -0.700122600985029 -0.145271851061937 -0.0606563043552412
0.0356279703216382 -0.705284789685637 -0.17187493552284 0.0309364045719868
-0.320527944008521 -0.544380009750792 -0.0807720486689376 0.182356202239228
-0.431562317741894 -0.32756178837033 0.014679717132847 0.168848634095095
-0.525240668274624 -0.168750864411513 0.0665471261151424 0.137130355973346
-0.533603814008774 -0.0238097746922503 0.0825703139865298 0.072378474396326
-0.565297351284597 -0.01601605219333 0.096536788178811 0.0512826788654224
-0.488470011351959 -0.144937114154245 0.02699199913844 0.0780106045016086
-0.482437905650852 -0.286783948509184 -0.049535029805919 0.0883431144133524
-0.3292140095275 -0.557691628208698 -0.10905462876833 -0.0616944871828949
-0.0431903230123187 -0.710774476880483 -0.00375556742062136 -0.187474488368549
0.329842301331414 -0.584847096937173 0.14549542766127 -0.240680887408384
0.582457949042874 -0.461580153268206 0.280005095909395 -0.212587554534825
0.686255188658778 -0.424447667635007 -0.326811926138874 -0.126439718504648
0.570319729080429 -0.510181959764588 -0.223771958666744 -0.0971735181393195
0.369926427600401 -0.717431411154886 -0.189989599679083 -0.0278674523570912
0.0338150552595514 -0.714393404723709 -0.199668662898335 -0.00673968228662761
-0.308511443205559 -0.563738556889066 -0.154483562821737 0.0687752598282705
-0.428011322057276 -0.354880175349479 -0.140779788319292 0.0570078678855975
-0.521563689734429 -0.203664949268007 -0.131954779928597 0.0806567093523166
-0.528174621921402 -0.0530019217864538 -0.115151974031961 0.0629065039713307
-0.556289528567931 -0.0427295776091025 -0.092680623125508 0.0464932932437345
-0.476383374838372 -0.168834338209146 -0.136270645110029 0.0566935191401584
-0.459470768217862 -0.295191940714025 -0.154408051570115 0.0519992901086146
-0.303659123168746 -0.540754351162195 -0.166138864884297 -0.0531372971731172
-0.044185946566913 -0.684616355732294 -0.0449204459076944 -0.129674960682195
0.308223137120072 -0.5798467490192 0.0642055718069941 -0.100165186082799
0.563024213916803 -0.486157101093191 0.0913247093760024 -0.0485191605891935
0.548800426969104 -0.421164744830364 -0.52961214452415 0.0282782811698078
0.425383121890536 -0.477754092796972 -0.356917945969298 0.0458940979906273
0.267000693350719 -0.599314221768979 -0.216414807186874 0.0164419984085926
0.0170706231124836 -0.574738342249054 -0.203001228637971 -0.034492387710028
-0.247485657661507 -0.46668293686715 -0.210183927587351 -0.0461419022967571
-0.34971265690565 -0.309041698793631 -0.278846370419321 -0.055658940132747
-0.434091572164727 -0.195412015159348 -0.310623874178222 0.0177506648581138
-0.441729001416129 -0.0758832764803108 -0.293528473343104 0.0440859930046482
-0.462117970122671 -0.0758075228260262 -0.263027782130003 0.0304403843294638
-0.38368472452649 -0.187604167020688 -0.271884818053015 0.0170070586337269
-0.341763003857603 -0.28240982826377 -0.230296032409685 -0.00717863074743115
-0.191022900555639 -0.448611395516475 -0.186843122890114 -0.0569251423352529
0.0033091965993148 -0.544611791486577 -0.0626113608330935 -0.0735579852649098
0.260177399884321 -0.463616343150374 -0.00386350274466433 0.0431172011698425
0.467598660337008 -0.421652182109008 -0.0835812384869083 0.119537691061942
0.325280462142864 -0.348336068340825 -0.661566795795847 0.181279262722653
0.212795819063276 -0.355412059891978 -0.438357196464012 0.187356874759485
0.127531241101277 -0.370002758187874 -0.214649456798978 0.0669648628210435
0.0033395182560021 -0.333499686661626 -0.179748044624862 -0.0410440115667624
-0.139812181417182 -0.287790847103783 -0.234235449843602 -0.133457994774707
-0.213319480536644 -0.212417495705653 -0.374270099759142 -0.140539983869535
-0.277617915406304 -0.15703835576883 -0.44165811257467 -0.0359398750809462
-0.28871656791136 -0.0877067343533058 -0.42470778476309 0.0186258039007113
-0.300573860176284 -0.100806323554075 -0.389955430789598 -0.0034953759521306
-0.234559419134963 -0.182620619434498 -0.355982752122782 -0.0464574022004908
-0.173428158973001 -0.231673128404671 -0.25754464766725 -0.0881228101182332
-0.0479022492657229 -0.296538397795421 -0.16808535244888 -0.0743542767135307
0.0508072921455686 -0.323335854568923 -0.0596759537250978 -0.0303287556887525
0.175460027084865 -0.278541405845277 -0.0619982415834081 0.155937067493377
0.301277533724128 -0.295649899114905 -0.229724551011422 0.257276173098455
0.0610394359800448 -0.210238435130581 -0.701273674119631 0.308834460202038
-0.00984816668054069 -0.166378979597227 -0.453622243935701 0.312670510314481
-0.00102905513303556 -0.0924516174438514 -0.182374586687769 0.121572616524047
0.0115997686063068 -0.0651097241514597 -0.131582742206641 -0.0265629121050567
-0.00643779896153469 -0.0897147570475318 -0.226568327631957 -0.180661090070471
-0.0422985916283119 -0.0987322934221294 -0.414589458569727 -0.183672046098829
-0.0754533689228368 -0.102760837075314 -0.505344324284422 -0.0724968723042449
-0.0903875184959949 -0.085573543493636 -0.492717699664832 -0.00917024125716073
-0.0991617534075299 -0.0989943975808187 -0.455659605188877 -0.0513245268200813
-0.0635433731150823 -0.1318717405841 -0.378624414499269 -0.121862309526646
-0.00742436612743298 -0.129791637146913 -0.232713824445019 -0.171574263452837
0.0577138118176837 -0.0976267204066523 -0.115517209389689 -0.0928382750243751
0.049480640958281 -0.070338116430169 -0.0465550392339324 0.00267705892707793
0.0422834955583189 -0.0824589341724727 -0.111302731237192 0.226229739654174
0.0867716277989068 -0.14247177670364 -0.328975903477354 0.345771274938581
0.215100279039312 0.00249231495983287 0.344043249620322 -0.456906084143807
0.171672492099515 -0.0833254334782541 0.148264081567163 -0.355033097725698
0.0476532529062189 -0.175117766977226 -0.00787466265528958 -0.0441217635580152
-0.07902136706306 -0.138530940430017 0.0122124648466137 0.110103469802511
-0.125829041442466 -0.0288865759308222 0.164949041853765 0.25402740066753
-0.1028943517167 0.0223247963851895 0.363987436225566 0.227165686235739
-0.115529367462092 0.0528685832002114 0.469748774141701 0.102722336972528
-0.115931750872552 0.0700448400531185 0.488981234590229 0.00949791221757443
-0.12884388286395 0.0572352541965141 0.488394331021218 0.0346225550139138
-0.123075329428407 0.0132962077668759 0.400252564597445 0.109445162913609
-0.140392964739315 -0.0494397902800196 0.228839718253111 0.149898749290524
-0.102115058132022 -0.158509125535168 0.109143234015668 -0.0169326269352422
0.0301629003682453 -0.182583789640613 0.149120468405653 -0.178153927822283
0.122363669020511 -0.0897458159168584 0.341199460463243 -0.335309235231134
0.142718671545001 -0.0104355109911828 0.640820333364435 -0.389628429938131
0.428153890000356 -0.161084247925936 0.258659060366774 -0.431818885402135
0.345303843078299 -0.242071905720626 0.116321715068176 -0.3466676634681
0.164468804250977 -0.396969200141848 -0.0518029804376386 -0.0626569662413354
-0.0619271635389454 -0.36230311031416 -0.060602912925332 0.0984275726206804
-0.231686283336339 -0.21274118984891 0.0943073821992554 0.280857099998787
-0.254917740673804 -0.0935700292755385 0.289602072599458 0.257019520722299
-0.302087343765264 -0.00685900360437259 0.394125537832251 0.139968526287965
-0.305219583202464 0.0584692170424799 0.409847952663791 0.0322897422377551
-0.328061715100216 0.0434835848496628 0.409388940144123 0.0334595587437252
-0.289353603064393 -0.0520302186660731 0.31816745962209 0.0957385701346231
-0.290780425480085 -0.156418600021557 0.160582793507754 0.131075066278109
-0.197944091498809 -0.345052285878804 0.0398385906144843 -0.0488456579459922
0.0122831342056814 -0.4218668639889 0.10299492290361 -0.222064422274315
0.234184760673696 -0.305679132757198 0.290986901064037 -0.374450658421329
0.345311927062245 -0.203951416934691 0.567980073290711 -0.409305588765984
0.593963141015273 -0.303524517438997 0.10082319318696 -0.364563091935775
0.49145873952322 -0.377779313895348 0.0398153076537992 -0.30012491757794
0.277688330789113 -0.584612876828889 -0.0964321566864673 -0.0696822390366638
-0.0274938367182302 -0.564969985596577 -0.120958331830324 0.071003805947043
-0.306322237484572 -0.391734256827228 0.0178838787802472 0.256178784393232
-0.377294349830644 -0.210878366901367 0.173942466426774 0.234984253285302
-0.447719849566776 -0.0744763492361784 0.257812931916833 0.147401575518989
-0.450289673550776 0.0397688067862186 0.267247056324694 0.052054066675713
-0.47989341432932 0.0365616472712533 0.272326859423448 0.0347121126392705
-0.422317484132102 -0.0896836738572437 0.190000405977651 0.0812172544640802
-0.42358405711633 -0.219879563477681 0.0686514053038467 0.109083872840392
-0.302989652407212 -0.47410994031739 -0.0385251124640591 -0.0594053696299812
-0.0442609196492866 -0.606472463791649 0.0409530717406981 -0.224476311126235
0.285754175851586 -0.492847759568028 0.209539836004834 -0.344933036444834
0.482816498683134 -0.379336576902905 0.431121926522811 -0.353003155629523
0.674580423030067 -0.410824117085792 -0.105084786030966 -0.252110736110747
0.561420696747579 -0.488827711555791 -0.0825681227111537 -0.208583789463348
0.332501591947499 -0.713221118201387 -0.143641110058943 -0.0523183178497909
-0.00927656769434516 -0.700367769421198 -0.167549709442889 0.0377576312159535
-0.351102029603169 -0.51241751420074 -0.0630458156702401 0.184003899276527
-0.447707965315867 -0.296269898648248 0.026694891596005 0.165983595669537
-0.531381783040304 -0.130253908976302 0.0777029947140321 0.127309555079366
-0.527721456202129 0.0145515390287413 0.0858753227591574 0.0647560384703549
-0.558845712725716 0.0249082607726941 0.0970235950441179 0.0418855390143946
-0.493437899081329 -0.113252433837617 0.0323308371107945 0.07350800835382
-0.494679696644493 -0.250176510158955 -0.0403982882051021 0.0887774050138313
-0.363781508281171 -0.531479315856085 -0.112650956165128 -0.051470617716408
-0.0902285390258205 -0.697578842620526 -0.0154542247484089 -0.187541986417009
0.291261744084494 -0.599265361385802 0.126972466128444 -0.247074064874338
0.542728518038092 -0.494057058039196 0.26135486648999 -0.225559041230809
0.648716216441878 -0.466199440830517 -0.326846976247114 -0.103481636551245
0.527828121534577 -0.537459047058206 -0.223412746290273 -0.0789926891557822
0.315903799436961 -0.730929238048884 -0.186270663517094 -0.0176610117697853
-0.0102880275817554 -0.711084382251127 -0.197443063504878 0.0025794963958821
-0.342149893590554 -0.532629500707833 -0.14353272866309 0.0775160152372899
-0.447172577164807 -0.323625311121735 -0.135196165501778 0.0672512725775784
-0.529292722158002 -0.162280478840498 -0.120010059676317 0.0856931931277135
-0.525636702170516 -0.0142213088658674 -0.108009644046875 0.0680995403866531
-0.550044703262549 -0.00244362895211269 -0.0895039327518058 0.0502397691839221
-0.482279671939124 -0.138318660443233 -0.129969167014947 0.0637224101868529
-0.472129754935648 -0.26144205569954 -0.147901673971721 0.059341224116976
-0.336949206037504 -0.515134502955059 -0.167414115104094 -0.0398156136902247
-0.0885859092672178 -0.672285326441877 -0.0524246898344967 -0.128410340266209
0.267429871482971 -0.591876896531273 0.0563444069211167 -0.104774384241652
0.523438612349743 -0.519180985948192 0.0859830759159504 -0.0521650232056983
0.515112355662436 -0.455601875243612 -0.517123613351776 0.0611127091298244
0.390679773959606 -0.496406291962625 -0.344820389231505 0.0693671732053904
0.222606278598429 -0.607956137473251 -0.209540821107055 0.0284916485360125
-0.0186331688618464 -0.57115433886629 -0.20237679033329 -0.0245745798671283
-0.274671235763072 -0.442233446086906 -0.207956918077571 -0.032156305964647
-0.367655556858964 -0.283817026304816 -0.279813609327414 -0.0334581326575432
-0.444168392195795 -0.161621460527553 -0.299942756430152 0.0361967977769093
-0.441321004609003 -0.042376086758429 -0.283211903856703 0.0608101039495734
-0.460777096287201 -0.0418775565726766 -0.257237321855769 0.0458889923872908
-0.393677050724551 -0.162177079848331 -0.266356375673491 0.0347712254695166
-0.355444525610451 -0.256496385357795 -0.226737428919392 0.00631414766233245
-0.218548266446296 -0.433180016472078 -0.187653739483276 -0.0422531969010386
-0.0333130776436912 -0.537881361810309 -0.0666204691259519 -0.0719910157860653
0.227300203420736 -0.475116088485151 -0.00103411617435466 0.0402640789023745
0.433595141751043 -0.450244973140901 -0.0763397122032509 0.124424263496936
0.300868624544037 -0.366681841019142 -0.63710673612335 0.21908000126117
0.189262556990542 -0.362803341500276 -0.41533170590369 0.213149416271964
0.101365835071004 -0.37464086424312 -0.206039345441565 0.0788586596818214
-0.0165952944385907 -0.332541489398205 -0.17964896081958 -0.0312591745000861
-0.158047094503436 -0.273180748571156 -0.239281739465421 -0.116549279559264
-0.226933712237881 -0.195847645711052 -0.379818702060415 -0.110102636641794
-0.287030195861075 -0.13441329329368 -0.43346011939453 -0.00736048677353309
-0.291429870235931 -0.0645661747856697 -0.414404292613264 0.0443183993178665
-0.304383457862096 -0.0769060108076211 -0.383255801982187 0.0217197882267871
-0.246421420516141 -0.165864209728242 -0.353587429496333 -0.0214865109392859
-0.18645340130887 -0.217377534003555 -0.260125290650356 -0.070480728902253
-0.0676257409054547 -0.291707610251259 -0.168682147725504 -0.0610373537732923
0.0283050230033257 -0.32253380077382 -0.0613964274971685 -0.0286934862558472
0.15582769659925 -0.287685943535276 -0.0505113740442016 0.155651261724141
0.279496804847574 -0.31293486326471 -0.211584950811426 0.26889589114207
0.0500780379830848 -0.211551715520323 -0.667995876186748 0.345806990886684
-0.0184270598764868 -0.162546523798607 -0.421964816460422 0.336478402276755
-0.00582577579197877 -0.0926911676956718 -0.171578767324744 0.130651145942115
0.00779358522722361 -0.0672703723283015 -0.131577950053064 -0.0194617889619123
-0.0131185562573242 -0.0871202425990437 -0.237416344361674 -0.163074077350187
-0.0490356510779161 -0.0943047249230658 -0.422323210871741 -0.15160065569798
-0.0839297682717008 -0.0951287998922584 -0.499512002767934 -0.0384947233799435
-0.0973342300938469 -0.077214133826636 -0.482666091794962 0.0216231493783719
-0.106490895940089 -0.0902072637073923 -0.450382880472979 -0.0205840564540689
-0.0744979812126072 -0.12643122247644 -0.380854698769686 -0.0941768523581624
-0.0170293606809308 -0.128236499034147 -0.241005964877063 -0.153593014695549
0.049205968517994 -0.102587869681178 -0.117906771133105 -0.0825894517556982
0.0438931132249269 -0.0744428121227597 -0.0465483660683101 0.004026730539149
0.0371587185257883 -0.0858204762785334 -0.0945306146968085 0.227965787804433
0.0781567424259319 -0.147579079538792 -0.304669626615736 0.36251405402895
0.197624087763067 -0.0797784990976771 0.157515210679331 -0.534500595596357
0.126025664598238 -0.141566976509465 0.0141914699430582 -0.369308947645375
-0.0187897598955264 -0.176495565358344 -0.0122266958548388 -0.0343082967489034
-0.12120116516689 -0.0958580845925289 0.0576446203202513 0.0943312765127069
-0.121345777442514 0.0176124958977595 0.243432430543158 0.172118939704615
-0.0818652591692073 0.0563693083395132 0.415754611632153 0.0746896642881413
-0.0844887130570118 0.0898426769502393 0.468346460145333 -0.0768844287509404
-0.0769257847035818 0.101572611334135 0.444932124446208 -0.164897678144553
-0.0951162054942582 0.0963249205818339 0.455899231805684 -0.138076432733737
-0.107841196061439 0.0520215175484431 0.406390206450435 -0.0368524429262745
-0.144013271488037 0.00537331780562721 0.266191939242656 0.0551931580309165
-0.147886625188087 -0.108793571299164 0.0967290282091399 -0.0474404793931002
-0.0352151701911816 -0.176694172369342 0.0750634054462426 -0.208176024445962
0.0784352172658183 -0.121020134913789 0.201222051267205 -0.418417265038564
0.1254247930307 -0.0531787033225521 0.458984666007622 -0.559668604220241
0.336282298208593 -0.311722764592767 0.0878362218469097 -0.470151997264004
0.228334703201428 -0.352339315157168 -0.00849097190774989 -0.338395091635132
0.00715438322160383 -0.422076424703289 -0.0475363229038903 -0.0268775419511047
-0.189925015326603 -0.30652376688355 -0.00183137335265281 0.112149375123151
-0.281818272309516 -0.112296637989422 0.197031604587744 0.21708259387919
-0.261741632064398 0.00394211408432729 0.363263575500026 0.12352822953023
-0.280983607644554 0.101247509501959 0.420341017182527 -0.0184918548271395
-0.252824843466357 0.155437972581984 0.38315112942233 -0.120246241396861
-0.281654496632285 0.153465622480161 0.38412644136006 -0.114540229597061
-0.284227612638458 0.048553453186925 0.330218001969985 -0.0242761508653818
-0.318054239899031 -0.0419836326137932 0.202350032880902 0.0595716098841804
-0.299688222466481 -0.248234900436167 0.0258298553663519 -0.0508927345428515
-0.132345940962086 -0.389791753193925 0.0161606144485262 -0.229538756741008
0.108107048209238 -0.359256758498636 0.136809091382073 -0.437936252748323
0.251221476918949 -0.300847102170791 0.375323537028526 -0.554998580709378
0.441176288594947 -0.504908987283146 -0.0332043572653208 -0.344998954482202
0.313148411371321 -0.53132499624465 -0.0599274124044303 -0.25789145372771
0.0432025879769195 -0.633915444532543 -0.0820560694516179 -0.00874716037796936
-0.234886802569123 -0.505235154177454 -0.0566761809906341 0.11265298689444
-0.413767370451147 -0.248805894014718 0.127239238050489 0.219947889566966
-0.414639927602385 -0.0625423952500507 0.254746438140315 0.142491040788138
-0.441776861923034 0.0895138615052593 0.304197706601688 0.0376712422729245
-0.390672927309829 0.188742595465862 0.262898024530345 -0.0562269264821298
-0.421859524092578 0.199169008070343 0.25891409137927 -0.0690968996159163
-0.419478421094979 0.0591116367226545 0.210330831397326 0.00486962229392468
-0.46086259504302 -0.0538184187995062 0.113654367708285 0.0699050345820397
-0.440933541772667 -0.330232232038122 -0.04558543622537 -0.0324748221418169
-0.244703986185602 -0.540258442370387 -0.0424846837438843 -0.208831299731709
0.0926596049571617 -0.548867588086766 0.0685158531507978 -0.384860238452979
0.322635011323564 -0.509961487702028 0.260932838829244 -0.461204764812081
0.475986451232775 -0.633476800439935 -0.182496159008453 -0.165249740012542
0.339571596371372 -0.65893527806993 -0.138397207330432 -0.12623783560119
0.0463198836581967 -0.773465195869325 -0.11332457897155 0.0289495078555978
-0.270029374251186 -0.636494828978738 -0.104066665428481 0.101082345691683
-0.498873749756154 -0.343486571598296 0.0345474381844299 0.180498301265115
-0.513447736410095 -0.116382147851159 0.0999848149572711 0.13058216631851
-0.541848469683649 0.0670399430008886 0.135554122251607 0.0835992958892374
-0.470921670058464 0.193748834992064 0.104429036257028 0.0161270931321501
-0.496465597528857 0.216174742823986 0.102136155634046 -0.00288748760663928
-0.493426250403528 0.0608728033442438 0.064768483320292 0.0505134654971508
-0.535761568216588 -0.0579099365469743 0.00855702817786571 0.0878497076461819
-0.517346891711943 -0.364408972771587 -0.109588077797728 7.41987951499766E-05
-0.319274017687498 -0.608947119895246 -0.0821954971411034 -0.154480158109239
0.061179032992291 -0.650073446814609 0.0231541785074367 -0.26681129067113
0.339969452339616 -0.637992353167881 0.144304063137935 -0.289862544963494
0.432901077955062 -0.674692296143899 -0.333899273231609 0.0465930769096676
0.291814669476804 -0.690344014944092 -0.221311232541519 0.0405575344188609
0.0226887780432328 -0.781960333293237 -0.138605409467052 0.0755758170569892
-0.275163751474889 -0.645911294649973 -0.142352148935544 0.0786443164273695
-0.498812148600669 -0.366240810900935 -0.0761140089572981 0.110957087145867
-0.52276045308255 -0.141351468653029 -0.0822585264861596 0.0977408458794016
-0.552310097723656 0.0392804759869956 -0.0586153042026259 0.116585327850381
-0.479712100449819 0.166764728424154 -0.0692165538263382 0.0875144198647665
-0.501013738695587 0.189816641692239 -0.0642912200564073 0.0681560658817928
-0.493365055856935 0.0370818056671471 -0.0870398505333201 0.0976256315938161
-0.519307111398537 -0.0766812438287774 -0.0994128074896218 0.0994210066984318
-0.485845991102857 -0.359261116533918 -0.155247623940676 0.0280064638278954
-0.308923868228965 -0.585619040903109 -0.0969803040786533 -0.0891323866353917
0.0430278524316244 -0.638012772186242 0.00535691596737487 -0.113013995515881
0.316871890317444 -0.655913180413322 0.0386338446064032 -0.075935039930697
0.315215379089241 -0.613097397814623 -0.45139813938157 0.257538232816603
0.180105805983804 -0.60164001938926 -0.281102470133681 0.211739078305564
-0.0176558101876521 -0.639820394657867 -0.151776477604323 0.119817100896931
-0.231048179778601 -0.516932097656728 -0.1641016139312 0.0530610643350331
-0.407802672466414 -0.307536938922209 -0.178402938215862 0.0342015437938212
-0.438557894538789 -0.132580458842834 -0.252958266497916 0.0586385057180439
-0.475498092568787 0.00942204094247507 -0.243944103372116 0.136779054242469
-0.415834287225546 0.113676607614142 -0.230784962385444 0.143576180646992
-0.433779996244384 0.121757026346368 -0.218557691683338 0.123167139714648
-0.417996274623947 -0.01407362390619 -0.222093154727363 0.118743248291176
-0.410945131405943 -0.112606305060806 -0.192665463268889 0.0807801500020905
-0.34953770220441 -0.324394005728 -0.176790260750909 0.0310163934863722
-0.212712797712472 -0.480955354144351 -0.0906172367629862 -0.0355400552915488
0.0477625382705817 -0.517151689110496 0.00212799317759444 0.0375712914777992
0.255068797221327 -0.56370502142441 -0.0502458946911701 0.137307013616175
0.148116774538191 -0.45057099965484 -0.507220152561782 0.437190405829177
0.0432055151127852 -0.402953120317085 -0.297720349569596 0.356059463606546
-0.0433834651180224 -0.381647404059327 -0.143162017770361 0.154928618772869
-0.141627830688997 -0.299394451422024 -0.159008231945389 0.0355043938938504
-0.242566600578946 -0.194825453565616 -0.246254328729285 -0.029686973268856
-0.281139044329994 -0.102155324103855 -0.377105355063881 0.0282259944908079
-0.320176165626124 -0.0214988517588676 -0.3866262250409 0.14583112575035
-0.289291378274008 0.042969786271386 -0.356939088786375 0.177488797891302
-0.305115372986384 0.0364083408602178 -0.341227549553727 0.145104708792985
-0.284593536444144 -0.0668218764527979 -0.323273234501575 0.0987899962603903
-0.245230025440766 -0.135648126523493 -0.252632813888523 0.025272551648444
-0.162610090021582 -0.246635202737961 -0.169571217016161 0.00524881029431371
-0.0836189771827896 -0.305095662764753 -0.0707399744561229 -0.00156750233606411
0.0452660928351496 -0.320717050104739 -0.00166967419014119 0.159021719899539
0.15810697155652 -0.386567505426336 -0.121581612922939 0.313362721201446
-0.0278075509032857 -0.211826694243112 -0.492238835553438 0.550485041340958
-0.0743117311794817 -0.139458585214649 -0.266370980073201 0.455474909057893
-0.0391092056639451 -0.0835294973590866 -0.108454970592223 0.180781040405869
-0.0188153688951435 -0.0654635821078563 -0.125960606910226 0.0274778176444095
-0.0447923132492013 -0.0753465918653872 -0.272154758166411 -0.0695821231095648
-0.0837609017555662 -0.0702570639066037 -0.437440343047647 0.0107417726957696
-0.117179541930773 -0.057369354937043 -0.465183066908945 0.145104330078449
-0.117908839744673 -0.0343977798146495 -0.4275683270158 0.184491195760499
-0.129869800880643 -0.0440097849668555 -0.416056436892391 0.132810795419849
-0.113122146962895 -0.0885581710149362 -0.37568023903503 0.0437178178264938
-0.0607398992654655 -0.11228224569058 -0.269178670278974 -0.0542617288635004
0.00869653681221408 -0.1123042300942 -0.133403133873556 -0.0347354992035692
0.0140877902032284 -0.0839890485483524 -0.0442444761260731 0.0193091127702423
0.00530246421632161 -0.0955186845055399 -0.0142301517348873 0.239832285665857
0.0259043018592495 -0.16744109710146 -0.169935957203614 0.43011250964466
0.190123241246529 -0.0838636308268579 0.139677217437016 -0.535284436283075
0.120413623009528 -0.141273188638946 0.00197254673181943 -0.36535081833978
-0.0226512590574915 -0.172014899215473 -0.0129170639622406 -0.0359362935972387
-0.120783959484267 -0.090786905435 0.0597957929695955 0.0895841686837999
-0.118061757339783 0.019481045102815 0.247959175282079 0.159641978366069
-0.0788555766025735 0.056252367315228 0.413562715229976 0.0574309982569189
-0.0797829073656075 0.0913126502875101 0.458463421394516 -0.0918471001695297
-0.0707354582769832 0.102733140142354 0.432452854203188 -0.17606632651307
-0.089207107303388 0.0989761344069717 0.44534163711853 -0.152199138368552
-0.104131925595591 0.0550267599087115 0.400854030315887 -0.0544892178344581
-0.14120798752201 0.0103485091252217 0.267086555103207 0.0439761974807664
-0.149318638340268 -0.101304662877738 0.0934062989248481 -0.0480585702308919
-0.0416231745797241 -0.172955006484903 0.0679798699207636 -0.206472078461612
0.0740783211823849 -0.121548226532223 0.184720201568085 -0.418087335788647
0.120334463851815 -0.0572266909074853 0.436719395842422 -0.566244380340505
0.318740814146535 -0.318341481129742 0.0727682241887121 -0.467630576852934
0.214409728143459 -0.352886862428646 -0.0186674236831222 -0.333828168354962
-0.00582504883094426 -0.413143950692976 -0.0468631875314702 -0.0282279317876521
-0.195792664562524 -0.297443283921095 0.000736874899565426 0.108718480174913
-0.280960882961312 -0.103452510498818 0.204185696044175 0.205005263993057
-0.259749683110656 0.00980966083560667 0.363837646766665 0.10826146059394
-0.274462042190491 0.109597672463978 0.412444779680713 -0.0328509378141739
-0.242827469669254 0.163350210605943 0.372444320624909 -0.130599643246947
-0.271221729906583 0.162229100419977 0.374527883635301 -0.12729348587818
-0.280596741924999 0.0563511323177734 0.325289075749235 -0.0376449747871726
-0.315388984339748 -0.030439618574656 0.20348667151094 0.0501073168430856
-0.305820339474164 -0.235077827073815 0.0237650823852865 -0.0486463749664741
-0.144817852474402 -0.381141639386805 0.00819386090035574 -0.22692305480464
0.0972612803793425 -0.359352592214524 0.119844335033169 -0.436153179904528
0.236971463288421 -0.307507094238241 0.353877927800372 -0.558785866157179
0.413477962716362 -0.512904638550274 -0.0412439480502258 -0.340011690783116
0.292328394302307 -0.532978606390274 -0.0654237731148192 -0.252808964063669
0.0201222383801912 -0.623610202775531 -0.079704107070099 -0.00935423640110798
-0.246686237910079 -0.492966360763045 -0.0548314717584128 0.110576574786314
-0.415219424491705 -0.233421633988563 0.135720863726029 0.209656292816143
-0.415315788778626 -0.0493962881987205 0.258004488910673 0.131282588062227
-0.434930475122498 0.104737451558118 0.299618806151425 0.0246891980788414
-0.377849537843217 0.201709515139361 0.255563916456307 -0.0641184509472468
-0.408074207586423 0.213360520393586 0.251413971799884 -0.0772545525683439
-0.415611535901224 0.0711799431864303 0.207672141739758 -0.00424338026906497
-0.456418090477525 -0.0379004358208613 0.115845118265293 0.0623616086290693
-0.448984492305751 -0.312808628790911 -0.0462542304953545 -0.0285059334654246
-0.261949435025026 -0.527269791591917 -0.0499095253786651 -0.206489906750481
0.0749866271733518 -0.548061835299991 0.0543090877305743 -0.381481047205519
0.300194364283446 -0.518052582871997 0.244045846798564 -0.462531283175363
0.446047036104656 -0.644176020761841 -0.183677616740713 -0.157878150106708
0.315415894024135 -0.65905626098883 -0.137148438370227 -0.120592456693726
0.0179468587586209 -0.761632337212337 -0.109519127627556 0.0290522972219939
-0.284894562222763 -0.621119411161545 -0.101707190128449 0.0994799811064595
-0.502308434113394 -0.323242016791088 0.0424493459612378 0.173460959572211
-0.513576281970247 -0.0994577091167921 0.103769992985168 0.126055124853134
-0.53408284028583 0.0867968909011725 0.13604138191457 0.0747148856026414
-0.457112127972804 0.209398442541939 0.102393377864752 0.011940539563851
-0.482667222738761 0.232353053531149 0.0986675445546205 -0.0065276044797093
-0.489347862576269 0.0765625782320602 0.0654853589116544 0.0463568882323715
-0.530480275234726 -0.0394297245598485 0.0118097311407317 0.083946936769477
-0.526424557160335 -0.342155584207482 -0.106974070751653 0.00526352150664509
-0.336486020384958 -0.590413933489684 -0.0876987548604676 -0.152271519150385
0.0407034988901958 -0.646164924848582 0.0135503826726386 -0.264015583800245
0.314868936883169 -0.646205175324042 0.13324006301285 -0.289314650472329
0.403327411040301 -0.683939103571876 -0.326450059570583 0.0557754128785683
0.267434282273769 -0.691399604319397 -0.214253755577222 0.0472229920879441
-0.00605499488178229 -0.773233284861467 -0.13361395895083 0.0768482102509387
-0.292314574869873 -0.633460403988019 -0.140528187662004 0.0800684980583978
-0.505322456193268 -0.34585225695834 -0.0697053592595101 0.108812164722032
-0.525249341763322 -0.122297050479769 -0.0771949919166982 0.100351301101619
-0.547915758671507 0.059906300541811 -0.0539929393286739 0.113448730009924
-0.466409678530683 0.185010983335627 -0.0656724643141244 0.0868050404769355
-0.487508728480403 0.206638931828364 -0.0626859063534871 0.0693986645050709
-0.489490201351276 0.0524634956872774 -0.0822138376905354 0.0986596903218351
-0.515016285858961 -0.0580910523291265 -0.0949918524182875 0.0993569745336285
-0.494831151091143 -0.33867026523524 -0.151027242436991 0.0338194772060361
-0.32642764137899 -0.570389282507187 -0.100760360635057 -0.0871951702015557
0.0236555943927598 -0.634502706928401 -0.000235918900706357 -0.112261463780785
0.28926342782506 -0.662984483520503 0.0354416906419937 -0.0737150153884218
0.289641390215167 -0.620674703393204 -0.436493379121255 0.269079282420307
0.16162984940337 -0.600946021335085 -0.267507814495045 0.217223201553149
-0.0380710062932621 -0.631802285404355 -0.145286027370611 0.121629557312151
-0.247285412484309 -0.506878976266126 -0.162085359744247 0.0566439484264871
-0.413899483626276 -0.289824031917645 -0.173895241115185 0.0375320269268045
-0.441441851972259 -0.116065709651985 -0.24799310505026 0.0674543248355453
-0.471106827595872 0.0288617928322871 -0.235337823224523 0.139072403476847
-0.406063890034363 0.130414272329715 -0.223165677946217 0.147347537168364
-0.424097070228251 0.136973757843615 -0.21204463553118 0.128586076893061
-0.417538121912231 -0.000913214660672689 -0.215320651077792 0.12497432555112
-0.409880769856851 -0.0984775497045775 -0.187738899091091 0.0853904719141302
-0.358216806152097 -0.310327774853946 -0.171867395535404 0.0369716589743076
-0.228131410960591 -0.468985721809102 -0.0923689609886305 -0.0340339634777245
0.0303640780095849 -0.513627500118403 0.00247227788288229 0.0355176531335101
0.233583966270176 -0.569048746778212 -0.0463788983511749 0.139817234843967
0.132307568912793 -0.454077753989641 -0.485756951580405 0.444736350835628
0.032157780940839 -0.400317568978397 -0.280294066322692 0.360860216354828
-0.0568026976696014 -0.376998352241313 -0.136021946561556 0.157622612967797
-0.150327648133835 -0.293931875652334 -0.157360520175861 0.0394136884319025
-0.24608514297644 -0.184427938298443 -0.245197410733957 -0.0221018316001951
-0.283731921770647 -0.0902751006206657 -0.371962022722459 0.0423481673661674
-0.319058906518839 -0.00668563452768891 -0.375049454110079 0.153984937318711
-0.285320461248173 0.0556315409799284 -0.345918764915726 0.184598536229459
-0.300625076517096 0.0482015358232611 -0.332130581522893 0.154511768060807
-0.28681308097304 -0.0564639887267713 -0.315527627738754 0.109295959125627
-0.247689118516272 -0.125850564879774 -0.249099868523139 0.0341555526587865
-0.172354662944811 -0.239496708738743 -0.165118855263665 0.0106307370629586
-0.0941536875112716 -0.300307269723819 -0.0718489020510444 -0.000982875747870646
0.0349466698405704 -0.319883336966662 0.00226779828996882 0.1553879745985
0.144267834721255 -0.390627056863566 -0.111324579602082 0.316722142223134
-0.0336896288158518 -0.21106454358241 -0.469247152379495 0.556929193336777
-0.0764640776587847 -0.136441298423957 -0.246884358608494 0.457370055508873
-0.0416139011974182 -0.0826910395913341 -0.100831832409345 0.18298461121631
-0.0215935964658709 -0.0655116598999042 -0.123312781703626 0.0312373260083336
-0.0470466104507132 -0.0728328032274355 -0.272306822272642 -0.0592446445451201
-0.0866572774654101 -0.065790553491627 -0.431289414210996 0.0269712964155011
-0.119756531123575 -0.0502105300668218 -0.45276522689603 0.15645792789633
-0.119582648999651 -0.0277557949894351 -0.415793626950278 0.193563592176979
-0.131569660091755 -0.0373918976637097 -0.4059962072681 0.145282364261549
-0.117504650691722 -0.082240188455182 -0.369510653702666 0.0571597078072899
-0.065595527118937 -0.109285319633534 -0.267516787216056 -0.0433590533008819
0.00225484846774257 -0.112604240351477 -0.13104292523801 -0.0304508815953716
0.00980892102525762 -0.0850807275631326 -0.0452168941010101 0.0199638092481554
0.00245048249939022 -0.0962698247745857 -0.0069963629982101 0.236168471920688
0.0215440491155456 -0.16913676179897 -0.155550422439407 0.433538686165913
0.185970495732093 -0.0884102039620198 0.124023421057683 -0.544682544189443
0.11724636887181 -0.143478886129638 -0.0105584097308974 -0.367656703842153
-0.0267093334933418 -0.170186190077961 -0.0137524733421212 -0.0384596039683814
-0.12288944463399 -0.087843064528649 0.0626622592833995 0.085917769731181
-0.117744476366412 0.0212626385763244 0.255211588898385 0.150156015697073
-0.077676970129908 0.0574862000490683 0.418743839831412 0.0418299074743577
-0.0766793894868411 0.0941848181408652 0.455684160071048 -0.106939765974063
-0.0663333173144367 0.105190356203535 0.426604526201802 -0.187343924187494
-0.0848301681609507 0.102224029686978 0.440816615307054 -0.168258030621028
-0.102883087800015 0.058773354529679 0.400999279812447 -0.0691078690552126
-0.140885722414475 0.0153792054232683 0.271893368897774 0.0335761211198221
-0.153412282620362 -0.0951889403514062 0.0920908892761148 -0.049429484631838
-0.0486171787317621 -0.172146297128981 0.0619737231244261 -0.208170290198634
0.0708356694150689 -0.124358850850804 0.171454351506908 -0.424281489090359
0.116732513801951 -0.0609580213954385 0.421639260698044 -0.581372033700613
0.306476331185156 -0.329180583804018 0.060774371731841 -0.473011722409902
0.204909306009494 -0.359784167918786 -0.0280094129119604 -0.33499241099821
-0.0191807028287267 -0.411994747376543 -0.0476966689999859 -0.0304405569101813
-0.204322244603399 -0.29365442768753 0.00181938340738118 0.106677891402509
-0.284642173285095 -0.0964890110132371 0.213851453414172 0.195607999496354
-0.262299160311556 0.0166689289820783 0.370394374831762 0.0951717659142579
-0.272233096609077 0.120110898153636 0.411426675135828 -0.048221927667788
-0.236173328753616 0.172962784488603 0.368729627504083 -0.140747714933884
-0.265403523955313 0.173445468516511 0.370009684594827 -0.140335564830698
-0.282636564975877 0.0648090745143751 0.324588536950702 -0.0505399834603647
-0.317278486539797 -0.0206171813464602 0.208362378027022 0.0412697164709304
-0.315746084341852 -0.225760706484606 0.0227293535067895 -0.0489304307615827
-0.159589462731566 -0.378870542047508 0.000640514551437644 -0.228757250972193
0.087110299758297 -0.365754463894742 0.106569025197256 -0.440396226499913
0.226439256350648 -0.318627486461685 0.33893082187896 -0.571641486795715
0.395251183086261 -0.530568376878898 -0.0506171897381884 -0.340613688067298
0.277648887196513 -0.542606480566269 -0.0714159343935149 -0.252457973621484
0.000442203756760705 -0.624448808506886 -0.0799910888000573 -0.0103989459992307
-0.261945231090144 -0.490087774265224 -0.0546337942103404 0.110029761287595
-0.423339649975801 -0.222303145669732 0.144700091350969 0.202084820961088
-0.42213610301784 -0.0382911030156888 0.264510532923998 0.123153772417918
-0.435412377218404 0.120950073893708 0.300237531653583 0.0123535752120108
-0.371146018790272 0.216739266605224 0.253480903502031 -0.0717827246460801
-0.400836564051744 0.229415012198031 0.247885133379777 -0.0865451166110732
-0.419142973507437 0.0845656304663234 0.207487474396718 -0.0133554002862566
-0.459112434646431 -0.0237708188433678 0.119125837213686 0.0567807223530282
-0.463963456588453 -0.299648207359577 -0.0466981721711427 -0.025997005196313
-0.282040718035199 -0.521951345441125 -0.0580264311786815 -0.207208134810479
0.0596464952790019 -0.5560229491305 0.0422777045478445 -0.383468789608989
0.284229712542731 -0.53406429754458 0.23147162726989 -0.471573308983622
0.425586707438909 -0.663389490854886 -0.187367884499345 -0.152933443985231
0.298114343963349 -0.671854533610644 -0.138641654424225 -0.11676874601311
-0.00639901384662793 -0.763294620265757 -0.107880971733723 0.0295077932395666
-0.307260911057353 -0.620343943967886 -0.102405499224008 0.101893935440492
-0.513486423928524 -0.309310778534853 0.0492729277210187 0.168478119450374
-0.523138163043096 -0.0833937655509698 0.109212869928363 0.122746702478453
-0.535487460602405 0.106534394495385 0.137658416989195 0.0675751529175036
-0.451168254436488 0.227675378949345 0.10210165470898 0.00886310054437762
-0.474310949488339 0.252101657749215 0.0968516380187973 -0.00956060755852812
-0.494322360421857 0.0918686531432789 0.0665642615966804 0.0438020171650159
-0.533028387751624 -0.0224291393900641 0.0149159276603205 0.0822432027615468
-0.541514509020998 -0.328839847380342 -0.106455291329511 0.00939868849457134
-0.359492564971103 -0.585228047254826 -0.0955215002396779 -0.152259074359158
0.0227120988094656 -0.655071943257568 0.00384982627164643 -0.265587349853846
0.294636727152463 -0.66281735456175 0.125305197217268 -0.293299035459656
0.380245720112167 -0.703583629036962 -0.324492336160456 0.0659898582843763
0.251023445998862 -0.702263118672651 -0.210170019842267 0.0527436030742779
-0.0305457691967584 -0.776102583655723 -0.130477048309501 0.0792278925837977
-0.314106156832549 -0.631353639798524 -0.141125511785172 0.0835009957492972
-0.518388270992746 -0.33165392571479 -0.0653818538611214 0.107881806757084
-0.53700270655383 -0.105723117970968 -0.0737287633931411 0.104388982416524
-0.551227051930795 0.0819046404198022 -0.0508152983380027 0.112142798099552
-0.461769455691391 0.205061764712011 -0.0643408354946164 0.0880047368508854
-0.482485782687052 0.227293394423626 -0.0624483967360203 0.0719751019301559
-0.495360149931509 0.0691698997143416 -0.0797555070219014 0.101584305161194
-0.518045740585304 -0.0442842508264832 -0.0927091073519999 0.10197676249921
-0.509767228514925 -0.327426470333353 -0.149704483263259 0.0388287801802033
-0.348708795171951 -0.562334586813043 -0.106626143443509 -0.0868036025597243
0.00532041854611943 -0.641324615146015 -0.00521070466970597 -0.113268032759328
0.268427553837836 -0.680663659105504 0.0330264454586753 -0.0726203502610564
0.270231773503155 -0.635674978307296 -0.427750653156277 0.282068462207293
0.145898151200783 -0.60881116298677 -0.259549454182291 0.225133496247544
-0.0596169910531123 -0.633384274634361 -0.140709647661809 0.125520851544011
-0.263979436816592 -0.506864880442086 -0.163406949762036 0.0611460224565997
-0.424243697270664 -0.278124462399212 -0.174193640184071 0.0405806034157483
-0.451818861187052 -0.101816339966743 -0.246697010882975 0.0783016325576434
-0.47476150799657 0.0485522205638932 -0.231808958174028 0.143867770625966
-0.403890167609984 0.147799780934983 -0.220493131399511 0.153250634565801
-0.421163263222319 0.154741380964457 -0.209222743688952 0.135865922009024
-0.424455978088892 0.0135027125620703 -0.211899087769788 0.132809779411751
-0.414756365835271 -0.0858592179949277 -0.18554171498661 0.091474017264728
-0.372770645489579 -0.302527927747492 -0.169940877056682 0.0420444229361287
-0.246698977103825 -0.46501696834524 -0.0966830042325343 -0.0332090076945176
0.0159437411954129 -0.520405684366743 0.00134837346027536 0.0353055235679744
0.216976406279845 -0.584433941110339 -0.0424670742056535 0.144477131946496
0.117527435662376 -0.463433693783651 -0.473525200760735 0.460252677540692
0.0224616195624018 -0.40563514663832 -0.268227763402418 0.369498692450922
-0.0681887293437153 -0.378856309924978 -0.131058010353236 0.162858671096529
-0.160087536095017 -0.294395832590332 -0.157303365378595 0.0447231249623495
-0.25331957936645 -0.176959677723513 -0.248071837143795 -0.0153964598111096
-0.291150477627402 -0.0806518458777807 -0.372604896682031 0.0560955805000706
-0.323143246041029 0.00707134038096301 -0.372116375036871 0.164240463297836
-0.284990969809635 0.0684314306896625 -0.342109790215896 0.193210153387935
-0.301285239195435 0.0609668178095902 -0.327458591941516 0.166565074571988
-0.294196803138567 -0.0463671842165753 -0.31225165519751 0.120358919411542
-0.254220759249893 -0.119524421225271 -0.248328251525149 0.042180323232385
-0.182690043586179 -0.23603037997755 -0.163735956647407 0.0145722890322734
-0.106403928726505 -0.299744367403444 -0.0743713015597698 0.000164473926303545
0.0262107593052457 -0.325665245254752 0.00531175966387777 0.155151267913243
0.133013611456922 -0.402523072008976 -0.103496727616697 0.324931064445154
-0.0393679395095104 -0.213409611715607 -0.453404652559654 0.570871077455995
-0.0796538305081837 -0.135980428266218 -0.231252628888955 0.466509365510231
-0.0448844953740112 -0.0829172226934017 -0.0949438226531534 0.187608150157421
-0.0235515354636913 -0.0663764287515293 -0.122982286596566 0.0352700286738078
-0.0485410355117529 -0.071380911484401 -0.277658584248073 -0.0505844773036556
-0.0903015312688313 -0.0623039992272757 -0.433737906443406 0.0436250885141895
-0.122991599245733 -0.0442796411869336 -0.448836294193533 0.169880408460528
-0.122349890548929 -0.0216447595128426 -0.410520989403764 0.206155753448084
-0.135016582475887 -0.0309008273588931 -0.401830291214971 0.158597332779248
-0.124071288427221 -0.0777642439027132 -0.36771437600852 0.0709436695885185
-0.0711235208425952 -0.107731241949003 -0.26933834153322 -0.0331404563719752
-0.00381393397493103 -0.113911938733122 -0.130588265016654 -0.0273692513271134
0.00557749182124965 -0.0868247813828021 -0.0462047028267025 0.0212438599307622
0.000111527942845286 -0.0990231087426079 -0.000441798536666729 0.236151393562279
0.0170127132102278 -0.174457114967871 -0.144404060556295 0.444853705263952
0.182116779241657 -0.0971200024148244 0.0998061080762927 -0.558161022736684
0.112573423159872 -0.150416567617435 -0.029044639691535 -0.372202751724687
-0.0332262629071065 -0.169968356473228 -0.0169007597592592 -0.0409920217324032
-0.127588820350774 -0.0835214052755976 0.0654453843563789 0.0816117463702777
-0.117877109768942 0.0257521415040298 0.26671695320659 0.136657869198435
-0.0767636420423332 0.0595943275713815 0.427668463618064 0.0191995417667507
-0.0720932922619006 0.0992563759621143 0.455574539655146 -0.129802153840342
-0.0605857128957201 0.10884011866579 0.422532322157744 -0.206777231926227
-0.0789181506070965 0.107452558674301 0.4364484922176 -0.193717760380218
-0.100967739981445 0.0642307878158606 0.401642480163801 -0.0924871421025418
-0.141103314662585 0.022747922251717 0.278010113745285 0.0188070583958036
-0.159743726065717 -0.0879441449262675 0.0902200294194815 -0.05341699169175
-0.0585882892523972 -0.171438448949465 0.0538970372919638 -0.211394740793129
0.0654300657877862 -0.129149951475547 0.154320934380648 -0.43566347444584
0.11285032682888 -0.0667299768267391 0.397999852423981 -0.608819394186788
0.291324908028434 -0.348741044216408 0.0388115669821168 -0.482972666676281
0.190988379358371 -0.372051259310302 -0.043483763726962 -0.337961693111705
-0.0374076588598046 -0.413490959515318 -0.0498691551732023 -0.0315699241034905
-0.21951438309229 -0.289432352311918 0.0038932633294115 0.105460871068592
-0.292061142409106 -0.085000011084398 0.225882574500442 0.184649043704174
-0.267427267832588 0.0277760383250193 0.381142076303324 0.0762794421347058
-0.269752882572048 0.135717558424666 0.414162969917968 -0.0686857430130557
-0.228722328075268 0.186869859309543 0.365010295147561 -0.157476096131273
-0.257772256948022 0.189011562717803 0.365157589015104 -0.160802771015918
-0.285298140177963 0.0801982918172715 0.325670129584694 -0.0696038143276611
-0.321328201943155 -0.00519836932630021 0.212650041790936 0.0294866124523306
-0.332125501600854 -0.213406623026518 0.0202689396654043 -0.0490919854603374
-0.181652572747493 -0.376538942197042 -0.0103195419442134 -0.230936328868311
0.0715292401044422 -0.376510835300492 0.0870581743561877 -0.44831089151917
0.211091582432245 -0.335398709933217 0.315638873782109 -0.595040789764967
0.3703024212388 -0.556481883461966 -0.0656395059071429 -0.341488636588334
0.258558357696297 -0.560053007128528 -0.0819589064183098 -0.253131673240931
-0.0294727128573719 -0.627728629015657 -0.0808712349925864 -0.0101024499804742
-0.286513372520035 -0.486703585305312 -0.0540895337169631 0.112083847868748
-0.43871783474842 -0.205258883667762 0.156475977206565 0.193265280476338
-0.432125827552736 -0.0187667746821973 0.274950956081379 0.110129717761148
-0.435416539859869 0.1465533130821 0.303787316423749 -0.00304266855868235
-0.362979998310503 0.238690451010791 0.252118141530541 -0.0830744354570944
-0.391607213539186 0.254714348576871 0.245010320316899 -0.0997622486551219
-0.424708978839784 0.105850924157637 0.208593492417272 -0.0248724339446322
-0.465888432234518 -0.00280591234966234 0.123566561417986 0.050036887509446
-0.486442909940534 -0.280865767772795 -0.0480620931003854 -0.0235554323796848
-0.313600540131107 -0.514658903145883 -0.0704794626066313 -0.207414162103894
0.034928177080937 -0.569092886156784 0.0232146199636907 -0.388478141783476
0.259705964817283 -0.557484157162533 0.212061815466584 -0.487919735264467
0.392789895679401 -0.694544458237636 -0.19517023270154 -0.146147306857398
0.271679549117097 -0.695084558417032 -0.143352126116625 -0.112723060712582
-0.0441588098020686 -0.769015502882574 -0.106774819349233 0.0318499757097464
-0.338386408141355 -0.616525069182858 -0.103132445401921 0.10669783529563
-0.53634425605238 -0.289540887102828 0.0581177945990626 0.164133784035592
-0.538478784436945 -0.0598903498724027 0.117275741683827 0.119613178547567
-0.538232213130925 0.139012519169674 0.141963522309073 0.0591255070598764
-0.44300159972442 0.254731726513899 0.1024312045266 0.00491521094747746
-0.465459459312211 0.280431117765175 0.095725822031116 -0.014269765462781
-0.501200634236336 0.118582426032673 0.0686913259346839 0.0403483931777539
-0.5406117223153 0.00101297322093252 0.0183577759770567 0.0807443316473496
-0.566924472738382 -0.30698730191958 -0.106847317495482 0.0145545093338054
-0.395706502282472 -0.575781776238576 -0.106239250128877 -0.150571223602124
-0.00767579205048016 -0.668270517485543 -0.00999381188298529 -0.266532858323486
0.264429733446767 -0.690800953069111 0.112677234593373 -0.301743570862192
0.347250718659855 -0.733070762029547 -0.323471754804703 0.0810657473971114
0.222612431110969 -0.724037791295243 -0.207259364614302 0.0626084400686222
-0.0675937806104615 -0.781840369989381 -0.127767716232747 0.0838852746883842
-0.348794438180824 -0.630877952637036 -0.142150380826056 0.091519219906776
-0.540477848320109 -0.310615373606206 -0.0613815155048325 0.108622584942185
-0.553115124680356 -0.0810829313124194 -0.0694524995982189 0.110662026842698
-0.556336792897971 0.11457765368578 -0.0468424040160765 0.113323608712972
-0.454828483806877 0.232240966557618 -0.0623644573143427 0.0916045009178039
-0.474082041879081 0.255469851301898 -0.0605193607054554 0.0765292694445964
-0.503209301528689 0.0940071399342658 -0.0766025353815241 0.107111924994176
-0.526635786207286 -0.0202114442912575 -0.0891274188009194 0.106398492234744
-0.536077303132437 -0.308462437322895 -0.149052692592506 0.0462143852628853
-0.383164857451793 -0.555384116153701 -0.115052575002682 -0.0843258597265794
-0.0241453801684418 -0.65330518335002 -0.0128809737599404 -0.112823432072143
0.237598207326794 -0.707810839733258 0.0302056306496365 -0.0733595910708427
0.240581239492062 -0.659495950375307 -0.418609537069539 0.304407558425601
0.121866436311457 -0.62627670205121 -0.249012764498221 0.239435436378704
-0.0911139128109658 -0.63986711688348 -0.135908400468907 0.13258591373339
-0.29235919252828 -0.505612960421325 -0.16421893455416 0.0703845079215511
-0.443203670517302 -0.262622577105835 -0.17513760005825 0.0469413887827384
-0.467050329553033 -0.079881691378718 -0.24631405531299 0.0933675583716878
-0.480681824161115 0.0766584254502533 -0.228633103497559 0.154437894221841
-0.400294271789736 0.171419493292776 -0.216616209248717 0.16417456469387
-0.417715834261197 0.180534583949607 -0.206198620820953 0.148429988669124
-0.434247439542843 0.0354313003179512 -0.207899795256127 0.14549117882515
-0.424352176687527 -0.0685713760847691 -0.184151336372059 0.101019384338017
-0.395313366508371 -0.289557666833707 -0.168993565945641 0.0499165635331427
-0.274494114013085 -0.458475911929295 -0.102013260146942 -0.0303882671653523
-0.0088237300078153 -0.531322757620856 0.00102624191278264 0.0361509444900627
0.189463153585267 -0.608275741755654 -0.0358932527998602 0.151623470553876
0.0968354795745588 -0.477965138015698 -0.45600542807251 0.485268761427055
0.00507456828806862 -0.412466683596491 -0.25143754711428 0.38562235805536
-0.088529306086608 -0.38117352365331 -0.123679046522336 0.170686522472069
-0.177399623201127 -0.29519974758453 -0.15782897423337 0.0538987119941225
-0.264088011917891 -0.168119270461184 -0.253650242555986 -0.00430515007665009
-0.301390778636579 -0.0658633955460644 -0.375842711448218 0.0783780713426935
-0.328878395284117 0.0261482699817534 -0.369009613483367 0.182093051944817
-0.284742948529482 0.0854244252968328 -0.337810315874693 0.210520504966285
-0.301620175868595 0.0790643723968414 -0.323295402859506 0.184492102268815
-0.304338022535196 -0.0312658037821128 -0.309327149855879 0.138520506766565
-0.263692336993778 -0.109367091845195 -0.249080799264846 0.0548926703932692
-0.198656954805129 -0.231827052549107 -0.16407956458873 0.0219087727041752
-0.124535425897712 -0.299098979928548 -0.077475772463914 0.00284072983934269
0.0114233444117533 -0.3344395610941 0.0111559643527575 0.156822018775524
0.11338200192565 -0.418626100924274 -0.0890617827680553 0.337474105389711
-0.0497482430933982 -0.216563455295839 -0.433258149570046 0.598447011926835
-0.0856905352229848 -0.134474673763327 -0.21001485075503 0.481751725564999
-0.0497376575959623 -0.0830834830551625 -0.0860508595227115 0.195665857224107
-0.0267924626558394 -0.0675011194384625 -0.121987756490291 0.042106676410645
-0.0519644643676957 -0.0704611172586277 -0.285306483614827 -0.0369713223697348
-0.0954618382422253 -0.0569234512980166 -0.438147507478704 0.067345142559088
-0.128242839148522 -0.0373195795095886 -0.446570399130223 0.190556313491663
-0.125480859441745 -0.0137260410259286 -0.40718692731013 0.225092985239582
-0.139169774493285 -0.0221609421556158 -0.398266458263681 0.180215176556605
-0.131753914933322 -0.0713244053033863 -0.367016748021146 0.091014329069822
-0.0790576689021753 -0.105579134130216 -0.272887676446924 -0.019808762175846
-0.0119325235729957 -0.115777613274881 -0.132363506971749 -0.0226520208719644
-0.000329920131588334 -0.0896648206703922 -0.0478744193100447 0.0235390813758879
-0.00481598156535582 -0.102952709544803 0.00904528618639671 0.238648930558645
0.00894786679325861 -0.181448243195597 -0.125498339523904 0.460782142823128
0.173855296723821 -0.106962174547222 0.0678057365309725 -0.565692642555012
0.10368185605858 -0.156636863890017 -0.0531743969709286 -0.369673888459607
-0.0427486133798468 -0.167115348135082 -0.0204858796546634 -0.0422359220934927
-0.132349805863586 -0.0757301606511835 0.0677107209615811 0.0759404509895623
-0.116665292803396 0.0320645594407699 0.275807643311704 0.116689245467204
-0.0742920581863639 0.062844008528975 0.429853987033055 -0.0116401220148153
-0.0655154427742096 0.104066814869769 0.448358000346639 -0.159412832298767
-0.0528496612690232 0.111739204345044 0.410080708527288 -0.230756272170348
-0.0702468251597841 0.112162535314666 0.422549839111446 -0.222697527492041
-0.0970454064530109 0.0707609884516567 0.395119171547494 -0.120268447880636
-0.139039158900661 0.0321425448909071 0.280924445250929 -0.000439582565892554
-0.165030563959699 -0.0769066421232521 0.0867715770198795 -0.0574640896063765
-0.0704155999148458 -0.167358222029785 0.0412102820102549 -0.214117084658467
0.0568508018863801 -0.132989856468413 0.128100279363676 -0.443769379758583
0.10690727354724 -0.0730527854485154 0.359452413790826 -0.634540354947516
0.26597994736114 -0.366822674817874 0.010239823901779 -0.486177217714488
0.168912389228237 -0.384294145135369 -0.0640038367630049 -0.336568577259897
-0.0620966066937939 -0.409452650597598 -0.0526923711256387 -0.0312306619789276
-0.236698346144808 -0.277478877717997 0.0066242523112323 0.104250207507085
-0.297297214883591 -0.0680881546249157 0.237234329311929 0.166676918320763
-0.269133110110378 0.0435263861862318 0.388342535334809 0.0501261895342679
-0.261552863135626 0.155036115935925 0.408771311338519 -0.0959921157982047
-0.215916449232968 0.201173602035776 0.355131433399235 -0.178022013876802
-0.244105242620569 0.205995205606558 0.35325445157743 -0.184856229206994
-0.282151780165293 0.098844040109717 0.320030394418341 -0.0924621400598414
-0.32224810201073 0.0140599366189453 0.215258546714468 0.0147550954650955
-0.347932818307264 -0.192243416132076 0.0171974415670719 -0.0494762551052396
-0.207426278608951 -0.365143420157714 -0.0256166267393521 -0.229902332669892
0.0472696532391033 -0.383618968322687 0.0589917096543197 -0.451660796686313
0.18814030321843 -0.350834446623352 0.277203638873335 -0.616240244858501
0.331185307516995 -0.581264492630585 -0.0851174062929272 -0.338847447194594
0.223081449746458 -0.578113957377609 -0.0961632849255536 -0.248115120235153
-0.0677490400501029 -0.624399040203499 -0.0816854034767714 -0.00859274899607728
-0.317932766418907 -0.47271810839207 -0.0510437522191163 0.11562204161629
-0.451968679186185 -0.179467541802995 0.168038091967131 0.180177885114143
-0.438389643297051 0.00772638353851575 0.28416392075179 0.0925780637497692
-0.427084064923461 0.177027903538984 0.303152230392597 -0.024142797676118
-0.346510808089941 0.262897616473004 0.24600803520534 -0.0961701056637516
-0.373339547640253 0.28068384260357 0.236873556734137 -0.114942956893943
-0.421938215196903 0.134567856926383 0.205498563706344 -0.0391674135948975
-0.465805576617367 0.0265075775870745 0.127000714156175 0.0404144188554124
-0.508033487244458 -0.252673850456116 -0.0504252047968515 -0.0201275649844434
-0.348808503503201 -0.496002828465112 -0.0849035006917057 -0.203208207812906
-0.000476814750428937 -0.577060745167014 -0.00153459030088593 -0.387125262185719
0.219992723862813 -0.579309399774731 0.180386098905564 -0.501177640115168
0.344674150722336 -0.721637012603179 -0.202519030783486 -0.133461169484044
0.229464663033943 -0.712820815156038 -0.148375675796415 -0.104667172393688
-0.0915191800583289 -0.765369083269577 -0.104893126961728 0.0354357767709478
-0.377775291134673 -0.602279664058438 -0.100242341598148 0.113626521815128
-0.553858073105047 -0.257151238422437 0.0672113481186153 0.157335191095799
-0.547361336373136 -0.0253424084185549 0.12663447473457 0.11316096565174
-0.531753921316385 0.17633930915527 0.144904956897988 0.0484476216225242
-0.425933029385371 0.284308302705892 0.101540450440025 0.000465076114228594
-0.445158240949311 0.313667816890455 0.0934289555967434 -0.0198779146544622
-0.498221595270032 0.151804295771809 0.0699322322596262 0.0361329963767481
-0.542087642597 0.0335791871012785 0.0229797424766117 0.0785909460133411
-0.592270856443878 -0.272883641602902 -0.106183207723651 0.0214973063639079
-0.436767747139141 -0.551864799197465 -0.11919200281824 -0.144592477546718
-0.0487399074582622 -0.674220976802907 -0.0275275266403683 -0.264003702427393
0.217360761561636 -0.713295718584033 0.0935575417224497 -0.308699620169115
0.297055223396983 -0.757468465388511 -0.31690915642662 0.101345144894094
0.178540360165117 -0.741618764254818 -0.201298782842594 0.0745457137127694
-0.118024583697716 -0.778391241899234 -0.122200737407237 0.0897979376048085
-0.388703065105881 -0.614743831107359 -0.139865312277914 0.100665495398561
-0.562327398265704 -0.278822176545066 -0.0558491976556587 0.110967628521102
-0.56362306659912 -0.0455266660764272 -0.061632153905136 0.117313090161023
-0.551412411956753 0.154987097360994 -0.0413644837386594 0.114347847780645
-0.43815605847662 0.263129383651916 -0.0580141733854317 0.0966675521052366
-0.455687608264833 0.288990342476123 -0.0563453116055323 0.081022950956477
-0.503954709506122 0.129171788037052 -0.0702108134911759 0.112845196638423
-0.527057484629254 0.0110596963452114 -0.0832296058390744 0.111374493576296
-0.561374320424764 -0.275481444510944 -0.145697560141361 0.0552385599093509
-0.421995704942039 -0.531035246736174 -0.124044531746359 -0.0776192664907137
-0.0646999416910971 -0.657289968314679 -0.0205185523345284 -0.110676474325339
0.188974624297012 -0.72864035124883 0.0256276748322481 -0.0736435717992979
0.1961653103452 -0.678308247942537 -0.399500572249542 0.330759689015629
0.0857065128260105 -0.636591765917816 -0.232418791866409 0.253860644779476
-0.131289166535406 -0.636554654858117 -0.127387713044973 0.139536957522947
-0.326387436422236 -0.495287117034959 -0.161631810441319 0.0814457831243613
-0.460289576043446 -0.236021186219621 -0.174154102458419 0.0571414242680797
-0.476013715992709 -0.0483866883141851 -0.240147294428377 0.111740438017294
-0.477588798402485 0.112170717915062 -0.221035200829799 0.167012915106841
-0.388454226226465 0.199926405889032 -0.208430417747499 0.177017984193106
-0.404250717069121 0.209960830084272 -0.19673265778867 0.161980603291756
-0.436991965683464 0.0658425199558427 -0.198578215529414 0.160649534395397
-0.429987442360392 -0.0442319274834159 -0.177979164944737 0.112656916614433
-0.417380467782671 -0.266365293918276 -0.165511472926307 0.0592591970190657
-0.305552063409177 -0.443220025859854 -0.107981644908194 -0.0246128732712128
-0.0412009389290498 -0.536952928749676 0.00230847128888722 0.0374519535135237
0.146641922494111 -0.625214560243368 -0.026250336463538 0.156594656862035
0.0654181508335774 -0.486653084434305 -0.427567775372474 0.513724307497697
-0.0172335207957997 -0.416426611136164 -0.227601588129122 0.399516675531619
-0.112394266305687 -0.379120196263736 -0.112478398408137 0.17792818646031
-0.19748030165733 -0.290123073654464 -0.154692303313797 0.0645387099843056
-0.27527453565806 -0.152736197430953 -0.255560432704092 0.012393959846634
-0.307289078406528 -0.0454064344732005 -0.371886054254747 0.10523044807626
-0.328880916322849 0.0510306610445937 -0.359855036583696 0.203716529549693
-0.279157241190084 0.106716685616779 -0.326862678114611 0.229482232340225
-0.296767423974882 0.101501828641445 -0.311305744179996 0.205198661646297
-0.310850468843875 -0.00896686083297639 -0.300094243252751 0.159830856111184
-0.272397224310351 -0.0945179513430952 -0.245669491748313 0.0714010508030795
-0.21718618351696 -0.220940604028907 -0.161747639217412 0.0305086152056687
-0.146203287039978 -0.29159636516163 -0.080764123715804 0.00765463568600149
-0.0102045366275671 -0.338870183342494 0.0196768081605856 0.156501070187421
0.0847352724328803 -0.430697171812495 -0.0672196190530795 0.346808307289356
-0.0626308958349585 -0.215538948189946 -0.396345692354082 0.623505541641123
-0.0926172504587554 -0.130436559045227 -0.180091359219968 0.49494097666553
-0.0554297185055705 -0.0817985461731813 -0.0725330983536176 0.201364960189983
-0.0320229451683044 -0.0691319271954895 -0.118326950613672 0.0500622479070617
-0.0559593248034413 -0.0682815725770599 -0.289892600247284 -0.0178339372482313
-0.0994606269678345 -0.0502263549253209 -0.435445311267209 0.0992554372615826
-0.132069262230568 -0.0262400979548305 -0.436354448557748 0.220140378084063
-0.126970244968995 -0.00357378369874786 -0.393989065811564 0.248116339747522
-0.141716261364204 -0.0104541367992102 -0.38646768041032 0.205669348583789
-0.139696397720225 -0.0614083316163265 -0.361819431650664 0.11575989736801
-0.0879455263278 -0.101151419503424 -0.27451142840794 -0.00201338183537902
-0.0220127323642513 -0.115599770768781 -0.13328354840711 -0.0151499038691898
-0.00778057396823944 -0.0905920448351938 -0.0490962590257233 0.0270481701509375
-0.0110666039117814 -0.105350224417989 0.0231952063190402 0.238350717925221
-0.00333304597767744 -0.185470479405348 -0.0967986038237576 0.472924441850774
0.140794064115382 -0.144632664910976 -0.0287168362383598 -0.545379342808216
0.0634115461645436 -0.174503718853935 -0.108791844033745 -0.33995842559061
-0.0721128876832689 -0.154537250338829 -0.0188722930812053 -0.0364983863797448
-0.138654221747688 -0.0472902698184214 0.0820191508703695 0.0571156069005763
-0.100065856562515 0.0500751246722657 0.285359151116705 0.0592485795238209
-0.053232710034593 0.065185560702914 0.410057369595822 -0.0889544823597092
-0.0401063449562271 0.107890253541328 0.407545595305884 -0.23261265614065
-0.0303688414594857 0.107824850395394 0.356779973007426 -0.285685608727348
-0.0478388159103574 0.113345423290276 0.377052351705398 -0.278180082270367
-0.0838363652145279 0.0799185073066968 0.368599251453614 -0.177099949315465
-0.128138591945436 0.0514487026828847 0.274309403824263 -0.0433011899965066
-0.17483053327004 -0.0469209931683032 0.0811812668397895 -0.0642167074235024
-0.0985362319240888 -0.14886180133303 0.0123395671543216 -0.208006795317685
0.0289433944488731 -0.134127332366766 0.059675580724043 -0.451688852481087
0.0851310512405455 -0.0881070864198731 0.260453288086091 -0.661073138355097
0.178230536880464 -0.411293913106318 -0.0597236137448201 -0.450630114606042
0.0831066076832925 -0.405032198685681 -0.104466837797059 -0.298835201599054
-0.136512790612575 -0.382449921805741 -0.0350071406041673 -0.0175324696129202
-0.278940703699148 -0.222540089313135 0.0397255089407628 0.0965797756056253
-0.290730949881192 -0.0150394884122275 0.262587264561362 0.107450205880267
-0.244752806823128 0.0818919331608847 0.38182427875749 -0.0275329490778599
-0.223447070937271 0.196613685062707 0.386153175733538 -0.170559604775688
-0.173071208366929 0.221015051332749 0.311583618425949 -0.228214951345932
-0.19981799561319 0.237135742170311 0.314410690529293 -0.233027600205837
-0.261289432084539 0.14147848101448 0.302159553644532 -0.139858681047867
-0.307899116631671 0.0648604303063495 0.21599199872486 -0.02058252284051
-0.374703644681133 -0.127908402657119 0.0193370515346072 -0.0450691926141098
-0.264596402148242 -0.317858853255783 -0.0546224623078451 -0.208450333667549
-0.019766229219172 -0.378043156007222 -0.0135884459430463 -0.446445500406082
0.12127172869348 -0.373155620608282 0.175641721050982 -0.6315796871792
0.199857935155079 -0.62828103790451 -0.120606308403293 -0.284416032974101
0.100644938494201 -0.601563386035791 -0.11197619163724 -0.204255340323003
-0.182025788868696 -0.58969406210844 -0.0475449907100399 0.0134671613214934
-0.395511821504848 -0.395189909446821 -0.00222847956842162 0.119112141026516
-0.459801277411021 -0.093694769537279 0.203310925328393 0.126445142521088
-0.41586261738126 0.079595693231351 0.292971001817456 0.0258847010902635
-0.383609500335104 0.253297037585751 0.300925751788523 -0.0869183917323491
-0.289075497000699 0.302588762886653 0.218311383215109 -0.134635748321658
-0.313835530823846 0.334717679833023 0.210337302743964 -0.147473186885196
-0.391574698285242 0.202680009045005 0.199979847753163 -0.0723718658017955
-0.44648896410655 0.100320421392103 0.134691735819681 0.0167204436575484
-0.54319077416931 -0.15902110085046 -0.0381470427097368 -0.00661841888693619
-0.423068504402896 -0.421170432014328 -0.107893854762937 -0.170004571649291
-0.0961107673403982 -0.558804995538225 -0.0686615774840008 -0.372204506834581
0.118148867083053 -0.601105560902602 0.0912897140476348 -0.504929462575117
0.187485526444149 -0.761832690538253 -0.194024976391181 -0.0650069374989588
0.0834401770253591 -0.728988028491315 -0.131675097951124 -0.0547604854874958
-0.22901997204595 -0.721487657653142 -0.0542022253008942 0.0616280182449787
-0.480862629061836 -0.510136820630106 -0.0412201232620531 0.126388910837632
-0.574125550054582 -0.151104352881336 0.106793869295464 0.117586566948514
-0.528854210438448 0.0690636010491835 0.147903483681584 0.0693462561839083
-0.48653090452045 0.274211231601167 0.163495334249702 0.00806131320688449
-0.361821029090856 0.338368519193446 0.0941542941607321 -0.0210865698857009
-0.377421988161546 0.381808871126734 0.0850536271347478 -0.0349512399355793
-0.463521293891212 0.235289236020975 0.0804565748586279 0.020066191079365
-0.517035439966808 0.12120062227491 0.0404654510185641 0.0676088781218232
-0.628488271239893 -0.163634644804015 -0.0848692039329509 0.0411378701868949
-0.51489121904276 -0.460498988526125 -0.131616643161176 -0.106096798855846
-0.1584753459249 -0.647942221225549 -0.0808064140800474 -0.245467411586828
0.0945132054031885 -0.734353724111763 0.0293591379846056 -0.304303741699634
0.135062622890671 -0.78165952875719 -0.26306195415597 0.177915989962491
0.0304213373505367 -0.744587168317864 -0.151036583225664 0.1255619509656
-0.257215841166548 -0.728810500406455 -0.0606213459976449 0.115960466924432
-0.498331746079771 -0.522164100282 -0.0794322395499162 0.12118566211869
-0.589903210199823 -0.171108469034275 -0.0198717945495659 0.0942926980196547
-0.551244857301544 0.0560048471137858 -0.0308230271289211 0.105884651057242
-0.511896469561581 0.259292969012274 -0.00468922602301256 0.102776199528244
-0.379473609887209 0.32420312050827 -0.0441121895152829 0.0954789469546894
-0.391453239365252 0.361521402721984 -0.045158017694775 0.0849386706637636
-0.471066276178687 0.215117464321835 -0.0454278110724448 0.115470499159674
-0.507183002514461 0.0982416176472716 -0.0580631762105091 0.114835419370746
-0.597243476947254 -0.170757066402689 -0.119794649731747 0.0788391261004842
-0.496815817413603 -0.444245865912995 -0.128072239099506 -0.0404533672823543
-0.170518591795813 -0.631895510588219 -0.0520966362269346 -0.0956711234508651
0.0682249642498157 -0.745574671600643 -0.00527909847521103 -0.0667898889581277
0.0562827310128898 -0.681649773289747 -0.305510813991688 0.40506726146493
-0.0366823126848168 -0.622365661748631 -0.154913624483002 0.2976336515125
-0.244980734713831 -0.589712310879795 -0.0638733778872693 0.162186290974269
-0.415544907609193 -0.417968528602707 -0.109846079993704 0.104807834563902
-0.487261662870314 -0.148073390380256 -0.145690499756755 0.066697557755951
-0.471245800982895 0.0413851251250402 -0.203843147977104 0.13431405902232
-0.449292028317994 0.207806288002686 -0.170935977773837 0.186303141579827
-0.341619106075726 0.258137255657798 -0.17534505097469 0.197018216215134
-0.355269299435081 0.279675557207016 -0.168526197289895 0.183366590142269
-0.416532379650138 0.144792987657514 -0.163752297941041 0.182232429193012
-0.423173664944012 0.0302014927602731 -0.150778562925712 0.131468740051823
-0.456316297452563 -0.186162417933975 -0.141826954878457 0.0854880731725152
-0.370365225142089 -0.375980013067616 -0.107217778008577 0.00593315747952119
-0.125870829695207 -0.517804876755313 -0.00625623782550907 0.044124539456531
0.0468626342797088 -0.638077834446702 -0.0220989949788382 0.16252189975056
-0.0314968772491408 -0.470456368814859 -0.306812951768302 0.576104137842178
-0.093233784774237 -0.389112161488555 -0.131910795936872 0.430176225352839
-0.179140451339869 -0.343725763442245 -0.0559096967359686 0.192475873997829
-0.25151216191439 -0.243303054158919 -0.118104506535983 0.086620097216369
-0.297996467717996 -0.0988856229051057 -0.237118237418361 0.0453253261425585
-0.31087921792942 0.016519027482556 -0.332990985950873 0.155905041602134
-0.316332824180217 0.120997397359921 -0.303066813908346 0.249246759983768
-0.251977185216193 0.153261656059807 -0.279878697076043 0.267813086952226
-0.270518831355312 0.157026924493223 -0.272702644435965 0.242299368219801
-0.304826120250784 0.0510138048496034 -0.264306298019625 0.197551332306719
-0.279844525283949 -0.0435446782276417 -0.223468712149968 0.102595252643437
-0.252781349111566 -0.175488463743729 -0.147067561307979 0.0554057360283878
-0.189862109753003 -0.257087738639501 -0.0790853308410212 0.0282845092471046
-0.0640652954373857 -0.332243251176288 0.0320444994391256 0.155524352532747
0.0181573739552698 -0.438700618103968 -0.0304916987812163 0.351001262809921
-0.100422722406493 -0.183583735338505 -0.268879576149325 0.663358453676332
-0.10845082435469 -0.0983239948291974 -0.0832968842155874 0.504246405048276
-0.0677902284974918 -0.0668520955335875 -0.0297328483717267 0.204891364352003
-0.0475183894720337 -0.060720376737083 -0.0992975771959287 0.0677783253176903
-0.0717078147947139 -0.0550425491682386 -0.281344061121546 0.0305576041738282
-0.111775560368181 -0.0225888833820698 -0.398062179059373 0.167112564590289
-0.138385752205243 0.00794846713409872 -0.379648266444202 0.282430354223102
-0.12421618181747 0.0248173025493969 -0.341711019100628 0.296972019074449
-0.140185773471855 0.0221207709528071 -0.344917550860802 0.253787089220996
-0.14655989932628 -0.0287275792420336 -0.332498888454072 0.164430776947451
-0.104157797531257 -0.0798713156373675 -0.263623196280408 0.0380836552248987
-0.044297402870624 -0.107350341360328 -0.129888486092156 0.0050002718503857
-0.0235247469859684 -0.0860275197007111 -0.0471153908534157 0.0368453738374665
-0.0270813310704064 -0.105704971077247 0.0526942861236392 0.23217355196259
-0.0281990172011216 -0.185058439247643 -0.0336801963382245 0.475911353984233
0.127574543185011 -0.143400891573377 -0.0526035946108168 -0.526498430246818
0.0526602761356016 -0.16950275317962 -0.119714717313592 -0.322221177193499
-0.0758043358683918 -0.145287873344591 -0.0208314037935325 -0.0350905411951565
-0.133921268582925 -0.0402648123035997 0.0787914437167352 0.052328607937597
-0.0937647124594328 0.0518071897445844 0.277292429780495 0.0430848041960762
-0.0506666974382713 0.0644534850981515 0.390111707847769 -0.107923183232271
-0.0319569615252324 0.10530032461933 0.381810049510764 -0.243984036632662
-0.0240139347695867 0.104929802491409 0.333986032182033 -0.288671496019226
-0.0404696011437875 0.110635406855727 0.349365344624475 -0.284643319457064
-0.0768493450304631 0.0807915946883015 0.346793201343209 -0.189271339781451
-0.120593982238614 0.055237891376508 0.263568834342954 -0.0556275634886263
-0.170137001456199 -0.0369522115760605 0.0757886953820088 -0.0638010296744698
-0.102825531223317 -0.138467467210389 0.00527696089537206 -0.200906679474571
0.0217281372553024 -0.129664097152813 0.0395045691510253 -0.435999879077917
0.0771931587720354 -0.08734105093442 0.221488996052194 -0.648709837082818
0.149240536027428 -0.401924824578984 -0.07667076061552 -0.432781345921863
0.0622443669261146 -0.392896551685954 -0.112271883575416 -0.284632986061558
-0.146837883727832 -0.362174679286993 -0.0359013744877685 -0.0171264353537491
-0.278599771156356 -0.204938829071601 0.0390384519014891 0.0930772263414065
-0.281529358216595 -0.00351617635670039 0.256175260341131 0.0898966509377508
-0.23566913676761 0.0897404814930032 0.367733633031119 -0.0465843017029768
-0.204961528333471 0.200976261284901 0.362569167336259 -0.183776924758292
-0.156279195399749 0.220970019767241 0.292459237481648 -0.230547002244714
-0.181350441652416 0.236574828247445 0.290887539720399 -0.237081252683936
-0.24737038318764 0.14983590278199 0.284109596577697 -0.148793927210542
-0.295714043234267 0.0759502346885587 0.207957793754768 -0.0304764244656268
-0.368485435355576 -0.105930736779342 0.0162369503860804 -0.0431146963918585
-0.270534390519138 -0.294153894297159 -0.0610131568880806 -0.198671364474474
-0.0372721235807673 -0.364619331901338 -0.0313139496490833 -0.428922449760187
0.0970165245608997 -0.364843509480743 0.139054525923012 -0.616210519346225
0.159765952316821 -0.61255116776471 -0.125811531489616 -0.26908864661097
0.0698464151877137 -0.584408534126796 -0.115018922634629 -0.192316549787606
-0.199934310556467 -0.558226720301758 -0.0462102615861859 0.0129140842689032
-0.400127546202335 -0.369143941973924 -0.000336502549854429 0.117493181557294
-0.448463434633916 -0.072568822152986 0.199467779529009 0.111847795281751
-0.401096500308124 0.0958105067880109 0.284648468209479 0.0106521547856917
-0.355940766897752 0.263661924235364 0.283854509714118 -0.0996861981022726
-0.264524468897621 0.305670317530061 0.205842941646812 -0.136680984117563
-0.284868291898843 0.335930377918763 0.194645660312502 -0.150438039752056
-0.370883438769135 0.215427940628081 0.188662943317427 -0.0786651514029203
-0.428247831445964 0.115553337485201 0.130614739364242 0.00907783993252134
-0.533548698562199 -0.12874824663476 -0.0378690323435599 -0.00420227396895912
-0.428386717848948 -0.386336953683398 -0.112482566807166 -0.158319768104103
-0.118331229841894 -0.538133719531692 -0.0808092455294765 -0.354522788123186
0.0835490270536842 -0.587239624545699 0.0645314595854438 -0.489325571867085
0.140725581313124 -0.741263294454989 -0.186410310354336 -0.0537099506277516
0.0492479692237319 -0.709213369473565 -0.127726488245093 -0.0479251383807546
-0.252486168414606 -0.685365557895239 -0.0510440944679105 0.0597962328261995
-0.491258612782901 -0.475849899281075 -0.0361941152378389 0.126960948778022
-0.562399944244697 -0.123366606784035 0.105565590171114 0.108274426277501
-0.511479941321467 0.0914837707660358 0.147422421219162 0.0608747287417643
-0.455160798657448 0.29156501467567 0.155338830712123 -0.00216668931361487
-0.332909641336409 0.344459960713943 0.090332214866735 -0.0215981631432949
-0.34344661364695 0.384195925208732 0.0789592211770282 -0.03598948894508
-0.43914004435151 0.251149441051045 0.0775451831660685 0.0167878864772402
-0.496402664812486 0.137853611184958 0.041501719039354 0.0633348680752469
-0.617165284581214 -0.127139465194863 -0.0808506633661043 0.0435359046073849
-0.520189959045056 -0.42146844969138 -0.134341778542956 -0.094786109234834
-0.184271933240278 -0.622186697809307 -0.0864395667386195 -0.231668128784622
0.0539735480908544 -0.712866884794115 0.0135978543508905 -0.29249586954014
0.0930230808404857 -0.760695667235234 -0.242862773815295 0.183675706089405
-0.00125281511422559 -0.722508653826425 -0.138449116223152 0.12685440667532
-0.27909383486755 -0.693421195114726 -0.054182003933325 0.112831856501088
-0.509898932371532 -0.487747723236738 -0.0723934574026769 0.122795617861818
-0.578693186543077 -0.141503983234598 -0.0169460755218593 0.0915413733243366
-0.533956172166811 0.0797369026526473 -0.0232734114658702 0.105099629024033
-0.479685817271251 0.27893644791174 -0.00295538174475033 0.0974980485855755
-0.350294020224921 0.330916182094834 -0.0388585854194853 0.0965407771836631
-0.357836177644158 0.367222774421921 -0.0406352806446013 0.0844977304218445
-0.447051990832592 0.233166331204832 -0.0381674848812193 0.114406478143683
-0.488474564449641 0.115520453999897 -0.0523103962605747 0.11363477278224
-0.588874040847609 -0.137149882175275 -0.112659472309039 0.0809647857110029
-0.500687695077831 -0.404610009932957 -0.128699444823066 -0.0316525583700807
-0.195231843465763 -0.605685412000732 -0.05306976628536 -0.0878207398940096
0.0265250618365901 -0.724774744064288 -0.00891470310908929 -0.0623916634208618
0.0195904353212732 -0.661497382838073 -0.274358791616538 0.404296224886178
-0.0614130919833231 -0.603953753906047 -0.135379314569681 0.293803674981434
-0.262234538160071 -0.561138908324254 -0.0547102370094891 0.158507078043212
-0.425114004999836 -0.391161059310928 -0.101828637812304 0.107394570202421
-0.48035446614281 -0.122952184582229 -0.139010803415818 0.0709972024840197
-0.454622436974095 0.0621806333933277 -0.189272153288952 0.141215079408606
-0.422903893423134 0.225371855737746 -0.158978508322754 0.186130519593149
-0.317103845161804 0.266202640726971 -0.162432056693363 0.199002227144758
-0.327395877802233 0.286651688290409 -0.154875749037333 0.184190759651423
-0.397093822765049 0.162581475701867 -0.148714889887727 0.183523546661214
-0.408964870742996 0.0467153205559974 -0.140089435322265 0.13356963605841
-0.453003448717772 -0.157948212797299 -0.133373315118471 0.0878096516506673
-0.375760347338621 -0.345829020481264 -0.106471301174903 0.0124528321935145
-0.147424564687627 -0.498037241316325 -0.00371746825162852 0.0441056989218572
0.0114863861424911 -0.619084548141107 -0.0135935010841386 0.159568863168241
-0.0531839622417909 -0.453205614738012 -0.269680564563576 0.568994015350292
-0.105314544665812 -0.375337400929805 -0.109181560391013 0.419702072568013
-0.187777124305963 -0.326474887466616 -0.0460660299026235 0.187677981345154
-0.25793877779517 -0.227626180424073 -0.110172576319571 0.0885480487658654
-0.293180104566435 -0.0846454273074999 -0.228617743358153 0.0550618087123965
-0.30062523204166 0.0308987297202144 -0.313388434663806 0.16863060832021
-0.298906450138729 0.13565337448749 -0.283217959124383 0.25408973846049
-0.236494354258932 0.160971779791746 -0.261284258221663 0.270496731952831
-0.251467323945821 0.16581200743595 -0.252287455949444 0.244062027680346
-0.294420596892531 0.0665154632570672 -0.244381280651243 0.203689538225603
-0.274231791348111 -0.0300638460051207 -0.211141535826971 0.108617813005762
-0.255575490190079 -0.157047241971382 -0.139487818692429 0.0583989923333812
-0.195697068990308 -0.23939248641768 -0.0780896782552235 0.0329880175378044
-0.0784312031341582 -0.320476953424271 0.0375777615275633 0.149595129655488
-0.00614508332220277 -0.425796312723977 -0.0133459462073038 0.342247045687653
-0.105302310185845 -0.174394224438951 -0.230726093291266 0.651040857477349
-0.107599253721222 -0.0926053025344192 -0.0585820982681627 0.490187625017224
-0.0684324738088078 -0.0631117389856324 -0.0195819699545887 0.19928801700899
-0.051228063964821 -0.0582712780577093 -0.0917122354731212 0.068575837919004
-0.0727125663789583 -0.0521171464935163 -0.270553739096227 0.0435686614756516
-0.108403524782117 -0.0166788177331416 -0.375700316162148 0.182961888330098
-0.133917137958573 0.0165488682737831 -0.354906071961212 0.2905716846221
-0.119027520189706 0.0311881157745657 -0.319302741567215 0.300544945893067
-0.133539755550031 0.0299488880072525 -0.321020441875263 0.259032703905151
-0.144402982008646 -0.0178423425884602 -0.311017065666212 0.174324066468959
-0.106216829603908 -0.0719863315348342 -0.252550565740342 0.0482895126292638
-0.0501917424389235 -0.100546555807804 -0.125548924377225 0.00882231753865167
-0.0278129890255239 -0.0824213369787781 -0.0457242673221491 0.0398123295509467
-0.0328646615827453 -0.103220294469118 0.0602783915789637 0.222629220222113
-0.0372717569430067 -0.17968588589033 -0.0114277376165633 0.462166099134739
0.120258511167031 -0.139272870061114 -0.0619333578247427 -0.513435127865661
0.0479775832234627 -0.163174657294413 -0.122202152732387 -0.311255135504607
-0.0757668975356285 -0.139116841232584 -0.0224139612680741 -0.0344474711998604
-0.130597111891695 -0.037780909107049 0.0756333904376944 0.0513738104455643
-0.0898904389964184 0.0511196901845114 0.269186553032224 0.0349892793507735
-0.0505908394424801 0.0637097589194814 0.376171823909727 -0.116180344598063
-0.0269406364447942 0.101654538369307 0.364203662972538 -0.246121364769481
-0.0201231163107857 0.102364883665187 0.321658362703879 -0.285059818580481
-0.0364751568496126 0.106613586659281 0.332204976239332 -0.282452733443067
-0.072141596418381 0.0794788775394146 0.331007125816906 -0.191727706486079
-0.115158497981854 0.0559935391966664 0.255429307528639 -0.0601451985654302
-0.165586353711373 -0.0326008305088509 0.0724752564869259 -0.0612016809983042
-0.10294489270728 -0.131673703022751 0.00340967911428755 -0.196078144735431
0.0191359944919574 -0.125072588401512 0.0321859944098626 -0.425572841364256
0.0726813100299082 -0.0849367087991971 0.203101928789618 -0.632892117620129
0.133859868211243 -0.391429057643422 -0.0805978686796141 -0.418953121587642
0.0521416325133104 -0.381889142800217 -0.11288746278693 -0.274753559890815
-0.147890326588204 -0.348097350623422 -0.0371011878043673 -0.0169625740174028
-0.275776576885255 -0.196973442756556 0.0377956364018513 0.0921813186739816
-0.27411151848548 0.0004116767500996 0.249048989385337 0.0816664513752817
-0.230694616261581 0.0931600353933817 0.356242238992222 -0.0547795748686857
-0.1926418878355 0.199732834040656 0.346484311524916 -0.186376010686046
-0.146248603668348 0.218228823564033 0.283009036821443 -0.227332245232692
-0.169831254359015 0.2328979361677 0.276736916992641 -0.234484590165448
-0.237909105252178 0.150833078703154 0.271654207843074 -0.150570759634775
-0.286142048136612 0.0783501032193286 0.201053764933166 -0.0350276994085102
-0.361242904815819 -0.0952050948826923 0.0147964003036518 -0.0408467843576518
-0.269481154215386 -0.28033366101938 -0.0626993287206221 -0.191458906214549
-0.0432992581223549 -0.354224561729211 -0.0359224704863977 -0.416566358874918
0.0842736182914174 -0.355417509229652 0.123393199474211 -0.59948034600462
0.137072280039475 -0.595445987112535 -0.123235176466874 -0.258796023904972
0.0562081855635844 -0.568341831493726 -0.113413644378086 -0.185714186700241
-0.204481347615498 -0.539897455908132 -0.0470973104373827 0.0121598100175476
-0.400729818592912 -0.35341193530817 0.000204859506962685 0.117320548260096
-0.438766628987694 -0.0647524671466262 0.193514319727068 0.104536897237798
-0.391415168349374 0.102432136501148 0.277986374381755 0.00366044110461703
-0.338623184314581 0.266254060303012 0.270581321082778 -0.103883323497662
-0.250242611198582 0.303535275419767 0.200222260922243 -0.13395111764669
-0.267986792649141 0.331351903546891 0.18502408323801 -0.14826941465041
-0.358121330492445 0.219312481294991 0.180954317456935 -0.0795751924144917
-0.4150752985112 0.119858931428386 0.126845164021554 0.00579453095210501
-0.523778356273601 -0.112879581516858 -0.0377023520634408 -0.00239824989190417
-0.425863733784137 -0.367455753808628 -0.113013465599032 -0.151032802174397
-0.12813295976192 -0.52199472890803 -0.0821144636012896 -0.342080307833744
0.0660642433894186 -0.570748717286189 0.0523484618221432 -0.476565333351241
0.117061262019758 -0.719859900438621 -0.177763147238575 -0.0484008835289985
0.0338275182919534 -0.691214919778002 -0.122446493581083 -0.0449322913090587
-0.255873384432135 -0.661787976357673 -0.050703875018992 0.0574645412546739
-0.492234758438697 -0.458551148220091 -0.0341274466456899 0.127207803783124
-0.551636782391137 -0.112572526606823 0.102638725244559 0.103481888591453
-0.498056519216036 0.101372860841625 0.146064969733162 0.0563291721846792
-0.433565618626883 0.295324465719003 0.146651420047643 -0.0067523484647983
-0.315277293215994 0.343600154876279 0.0888551311891772 -0.0201542337461597
-0.323489029229138 0.37882345774221 0.0750803968095511 -0.0350417250117146
-0.423855794670571 0.255452934732788 0.0755555196496842 0.0157049292711924
-0.481871472294255 0.142585442730732 0.040436371345141 0.0606446098580686
-0.607246836964079 -0.111197208420987 -0.07916575188566 0.0442890408689137
-0.514282324478891 -0.399380627950802 -0.134635119150543 -0.0881497777560893
-0.193577603434509 -0.602981564012737 -0.0858338053227252 -0.222356170042156
0.033504915603914 -0.694312478919895 0.00715048047373493 -0.282395924301536
0.0692319724941236 -0.739270802853059 -0.228244363160872 0.183551065081275
-0.0149217489720167 -0.704534923584475 -0.129724276655468 0.125796953993672
-0.284484095543135 -0.671352317976846 -0.0525346555189271 0.110531401210881
-0.511691241267249 -0.468129082471459 -0.0686713124754016 0.123519781607451
-0.56715723493585 -0.130218661778877 -0.01703853082744 0.0897972900857888
-0.519646559686107 0.0902545213258365 -0.0184973509563333 0.104137091993171
-0.4578471806229 0.284750645831747 -0.00468160899408726 0.0927877693639139
-0.334356140506538 0.330753249371067 -0.035638044751857 0.0971213942212082
-0.337085009876296 0.362606063917605 -0.039086766526802 0.0840094101806467
-0.431638675161046 0.239680604753979 -0.0340210911270779 0.113388330355378
-0.474917318810145 0.120906754827504 -0.0492196796925059 0.111552826363857
-0.577372699747219 -0.119312597220223 -0.10960334252111 0.0800329841875903
-0.496081390470166 -0.382360430791272 -0.127301915243782 -0.0255852023828989
-0.204563114983761 -0.586937141750145 -0.0519763409175097 -0.0834713153361837
0.00833026738621863 -0.70383342385634 -0.0097869333254461 -0.0578286124731458
0.00378113558158446 -0.641489435151422 -0.256179077361402 0.397388254055161
-0.070700743921572 -0.589348720616525 -0.124619884160699 0.288047623602924
-0.265458663488803 -0.542792277552956 -0.0520324503754539 0.154879229465917
-0.427402871454627 -0.376015170430592 -0.0968127838033371 0.107752618106572
-0.471801414379227 -0.11193886807458 -0.135612331477988 0.0736087482485712
-0.444130302220301 0.071239868021987 -0.178839203480621 0.143784668741227
-0.404084897975149 0.23235242277461 -0.154303484623581 0.183456684954439
-0.302859825894339 0.2670912975939 -0.15448795860364 0.198764606233398
-0.310340665896123 0.284907945419032 -0.147621188272089 0.182205392974433
-0.384329860698706 0.169822358074346 -0.13926617298334 0.182009471470965
-0.399156207623684 0.0519448143277191 -0.134588447251868 0.132514631639389
-0.445864943301349 -0.142147130073985 -0.129570008381319 0.0869101652776514
-0.373131282895532 -0.328696882905188 -0.105641620907169 0.0173066427881971
-0.15647917512086 -0.484268462389808 -0.00144465287692079 0.044626788549358
-0.00571918092394236 -0.602919266961944 -0.0101169112805633 0.158455138924249
-0.0623366246707787 -0.439958752767195 -0.250069039653038 0.556250396093072
-0.108672884719613 -0.366872710131252 -0.0974497849838712 0.410087716716252
-0.188989193247738 -0.317885586526365 -0.0417783739310134 0.183952779751162
-0.260527253355873 -0.219010849477364 -0.105045700827488 0.0884573491937981
-0.289957039566019 -0.0779461090512497 -0.222079997586569 0.0593834726744938
-0.292544408859333 0.0359983145864936 -0.299381921573155 0.173257178159971
-0.286585420629663 0.14157988563601 -0.272617927129074 0.252149074506134
-0.226223585174387 0.163144239835999 -0.250331085876841 0.268920713651436
-0.239283852575699 0.166677006719385 -0.241355048107231 0.24189061295622
-0.285302680359566 0.0746835819761788 -0.231215618048721 0.202702893319404
-0.269532541875547 -0.0239733748916989 -0.203963117143185 0.109979002550995
-0.253592742567932 -0.146041463514085 -0.135697701617247 0.0578941773360892
-0.196397575269511 -0.228289628329522 -0.0769020807970324 0.0362788706467312
-0.0857879789867971 -0.311941206419763 0.040037155399059 0.146218209799373
-0.0175559221239825 -0.414872010431995 -0.00528487288038301 0.335523755802133
-0.10562985805508 -0.168882646423023 -0.211499541616293 0.634674476612735
-0.10569633052102 -0.090860235915949 -0.047547221476368 0.477401486653618
-0.0678996454092295 -0.0624701553977305 -0.0147898914810357 0.194596575455136
-0.0528047309750914 -0.0563943080314442 -0.0872373167230336 0.0668716420366262
-0.0725761390071191 -0.0498497629786558 -0.262718259141587 0.0492023012606839
-0.105375312592283 -0.0147271998504416 -0.36066270728402 0.188116330211385
-0.130215948776972 0.0213443717381318 -0.33997451083999 0.288726089437849
-0.115329810724828 0.0335374281476041 -0.307613807831641 0.298786867566536
-0.128531087004946 0.032827553694719 -0.307996130982599 0.257341172080582
-0.141830935682911 -0.0115172340816885 -0.296297581592443 0.17497796948389
-0.106731579902008 -0.0666845400534224 -0.244451241026413 0.0515645804148752
-0.0528984626526369 -0.0953103244275267 -0.122004851791476 0.00938804444979666
-0.0300125914057961 -0.0799920150690302 -0.0455435088977297 0.0422875145936532
-0.0364149885709352 -0.10182049878808 0.0629941167603361 0.216144322419129
-0.0414455518040802 -0.175947938725059 -0.000546757387316759 0.452790801829322
0.117394018660476 -0.136595962010187 -0.0648144032665762 -0.509102335224805
0.0472095468012789 -0.159942341777386 -0.122841563580351 -0.309294977019415
-0.0753405600364694 -0.136609037398361 -0.0237787897941549 -0.0341660296041717
-0.128732970617138 -0.0382054706297343 0.0732081499399464 0.0514336123095471
-0.0892543556298125 0.0497698760616923 0.265770835160619 0.0317504957884085
-0.051121198704788 0.0641104258321639 0.37084234633539 -0.121119336210081
-0.024625410983252 0.0992236624609525 0.357758449476142 -0.247636814390807
-0.0183478263961702 0.101691978420772 0.32113629491484 -0.284813826240707
-0.0349676668170494 0.105771414343796 0.327481773850272 -0.281533795400603
-0.0710210391666443 0.0787778098773529 0.325164932388977 -0.193889800799115
-0.113433141419053 0.0563165724907649 0.253533289813801 -0.0621143570764546
-0.164458435050834 -0.031016013757616 0.0727255501785937 -0.0590304094998253
-0.103548713691311 -0.128929381550322 0.00393254363937018 -0.195988791435181
0.0193557925992001 -0.122970214763046 0.0305190221845251 -0.42446843077454
0.071359619347771 -0.0834501882051403 0.196974200937427 -0.628076450253096
0.12797657140272 -0.385000695020985 -0.0813562605715209 -0.416483934386528
0.0494570407454533 -0.377278609145968 -0.112224572870003 -0.273341434930023
-0.148344374632892 -0.34437857446383 -0.0383795014290678 -0.0169540512560677
-0.277187775828184 -0.195414925780738 0.0369101449900021 0.0940098206926233
-0.273073263911415 0.000370916688887276 0.246458859877361 0.0794945919034382
-0.231018862390216 0.0958505992337419 0.352593691718753 -0.0596095791503593
-0.187100856518269 0.199829375997148 0.338882318661881 -0.188394909272503
-0.142758723506854 0.218469946823386 0.282338708465408 -0.226137971959205
-0.166164749621969 0.231027962871117 0.272576142808364 -0.232752063547599
-0.235566512828966 0.153264093415425 0.267206169104037 -0.151715597880567
-0.284336080929437 0.079650103406191 0.199676929340285 -0.0364362022744879
-0.361257472871514 -0.092042930420509 0.0144599817212141 -0.0389193113883213
-0.270803539298873 -0.275570534704373 -0.0619777692425765 -0.190486694840043
-0.0456827412573271 -0.351408820412593 -0.0365125901353236 -0.413808305967317
0.0802604854966888 -0.352228411459982 0.117916183883592 -0.593730331014582
0.128428900518383 -0.587581045988136 -0.120355278588906 -0.256257332940872
0.0514079405414607 -0.56456128301974 -0.111034919398739 -0.184485163453371
-0.203504950897449 -0.532439859256915 -0.0479176264956757 0.0107168179062175
-0.40377006696518 -0.351904977836802 0.00024282977185279 0.119557636554377
-0.43837432638537 -0.063295779673749 0.191649856557251 0.102802799864865
-0.392202928301781 0.107480861939008 0.27660617421591 0.000128483997174432
-0.3306947608015 0.267887607244147 0.263278350911028 -0.105399439521641
-0.245039203451199 0.305179748676877 0.201586786648983 -0.13218520087109
-0.261839861982189 0.329867928030962 0.181968071922605 -0.145981453653849
-0.354871709028398 0.222978425682115 0.17853691531996 -0.0800501967555522
-0.412804329488542 0.120671409419556 0.124765838813906 0.00493695312526248
-0.522825988303032 -0.106640428197158 -0.0380245081485191 -0.00106709365003942
-0.42619173211011 -0.361859732596514 -0.113134877422186 -0.148941505308312
-0.133968256121966 -0.518706683523203 -0.0817914865241562 -0.339868528426454
0.0583285569947322 -0.567240137113917 0.048994023222851 -0.470830286180204
0.107827666106447 -0.71116211540346 -0.171834372935961 -0.047733069416902
0.0278599322830082 -0.685818307253851 -0.118486049593321 -0.045153678239015
-0.259068705379783 -0.657139409828641 -0.0511612879520711 0.0574726296188375
-0.496920080101959 -0.45341164924836 -0.0331787278315939 0.129069108275371
-0.552210304108562 -0.108467369598047 0.10094173268598 0.103173817902599
-0.500177642130435 0.106759540020087 0.147240169210671 0.0551295533378906
-0.425056675925693 0.30073146190469 0.140653092704514 -0.00861318814207557
-0.310812446071634 0.34546346558081 0.0909549540937467 -0.0184273188827422
-0.317836341484459 0.377480133274475 0.0735261551953155 -0.0331117192298087
-0.420223064462605 0.260557271761705 0.0753392134751033 0.0158030771456996
-0.479722614202404 0.143718886743899 0.0396923284144379 0.0602904388689626
-0.605143384161788 -0.104912679901326 -0.0797439634128292 0.0454638808051946
-0.515240023934205 -0.391621366242662 -0.134323474685187 -0.0848871029104545
-0.198826054254182 -0.600301019286811 -0.0841586816988832 -0.220170940243727
0.0261334569464361 -0.68912868745338 0.00472902080862559 -0.278488193444589
0.0605693356034367 -0.731290120591745 -0.219822769646543 0.182263595465918
-0.0189060780039834 -0.701275611091271 -0.125944933176442 0.124422725989037
-0.28662683832865 -0.668010752465579 -0.052862634153731 0.110279550947459
-0.518450469302349 -0.464571772229542 -0.06653364648785 0.125638499571587
-0.569087911058316 -0.125122650064435 -0.0169186372893566 0.0911260175298475
-0.519203563137452 0.097174722450645 -0.0149929170761585 0.104527834281393
-0.449622618539076 0.289940699645663 -0.0087808633150451 0.0925150406569904
-0.328582372740154 0.333752344939503 -0.0330218600359369 0.0985347657569724
-0.331034781414733 0.362052827816175 -0.039097048094039 0.0853256222228249
-0.427084198846869 0.245205240643762 -0.0317229500400061 0.113234711659263
-0.473251142918947 0.123057160059795 -0.0491435413400619 0.111694699553314
-0.577324991244936 -0.112124103164764 -0.110368141778585 0.0806519408661498
-0.497005117225953 -0.37704407692151 -0.128405025851348 -0.0223248910276218
-0.210662360886679 -0.582068931497815 -0.0495512357896605 -0.0821166779236979
-0.00141165079989234 -0.698243343034542 -0.0102210236329726 -0.0547674421107829
-0.00382157030742733 -0.634308189523889 -0.247468869188853 0.39488179582271
-0.0748743965139526 -0.588999621646686 -0.120270540679779 0.28701106054168
-0.268396337241573 -0.541796278038628 -0.0514626253463232 0.155349689985826
-0.43461547337048 -0.371824682438689 -0.0943680403543886 0.109468601192103
-0.474287303603855 -0.107591547271807 -0.134257782829916 0.0755338792175209
-0.44295084219274 0.0755142728019202 -0.173983259413149 0.145618641195334
-0.397235685221326 0.237127392544707 -0.156055079920872 0.182752357673167
-0.298202230790763 0.270589580746167 -0.152381906124938 0.200289725718237
-0.303818126009858 0.284515545619954 -0.146152903505689 0.182572403085854
-0.381962049117682 0.175189003486624 -0.135426044912 0.182487788327057
-0.398657330902615 0.0533905868813902 -0.133956608411093 0.13304526850647
-0.445533579951099 -0.137440509768625 -0.130217898072876 0.0865480048689899
-0.374243094930588 -0.323605484842008 -0.105791047513195 0.0208506323123669
-0.162442456622432 -0.480136129163648 0.000236091465526948 0.0450705504156454
-0.013076738030929 -0.59918732815757 -0.00908119959114638 0.159567143101514
-0.0666245660234265 -0.43616491197533 -0.242349877367414 0.55340657705441
-0.110035875326436 -0.3662468889769 -0.0931401424324916 0.408265559733316
-0.191655306645489 -0.317770687584046 -0.0408602137601716 0.183960633785457
-0.26556936693633 -0.216416182582042 -0.102534290660493 0.0888761787914793
-0.291175222376495 -0.07602622885467 -0.220095452838803 0.0627416734424843
-0.292264306899822 0.039176143997702 -0.294171092958352 0.176480542818499
-0.282159395842433 0.146203487154616 -0.270669862178324 0.252194624543161
-0.223227121298405 0.166066225039996 -0.248293925475434 0.26951970460734
-0.235588596306379 0.167192228095394 -0.238868936885469 0.242274494281538
-0.284055845031404 0.0792089440730663 -0.226404258111119 0.202784370064037
-0.27077997672805 -0.0213363694421334 -0.20168334355729 0.11065183995864
-0.25453890817011 -0.14167782486666 -0.135979674238075 0.0572588435054168
-0.197678914436154 -0.225708812055897 -0.0772954513750419 0.0402101002170218
-0.0903292184256771 -0.310661906788071 0.0420582889374931 0.145548496624103
-0.022969127250347 -0.413153452256027 -0.00319837964054268 0.335253108896817
-0.106705226358284 -0.168308284037827 -0.206011693942313 0.629179158482877
-0.105303932059406 -0.0923352256672589 -0.0442947816266207 0.474740323507352
-0.0692251433394725 -0.0642715764246172 -0.013104597241364 0.194676406864405
-0.0548313439364307 -0.0554754989051683 -0.0857196649923311 0.0658399945395114
-0.0737399742500603 -0.04924920407418 -0.260509339027598 0.0522055052005498
-0.104598165377851 -0.0141512517134572 -0.355304408709745 0.19148265585514
-0.12823045795319 0.0250104271103237 -0.336577338193689 0.290094753733687
-0.114876576541412 0.0361820987454916 -0.306118881729939 0.298605562412822
-0.126484095192155 0.0347223516521346 -0.304793578893419 0.256134004012467
-0.141138509685581 -0.00726358422389302 -0.291075857659248 0.175714584141366
-0.108357014617847 -0.0640768482658567 -0.242114303522744 0.0521404261846208
-0.0545049222480607 -0.0928309409681298 -0.121946326313343 0.00868961257824883
-0.0321405783194166 -0.0800896928622798 -0.0452697579406008 0.0456062471388686
-0.0392681687139084 -0.102729122052113 0.0645076977394979 0.214898596201521
-0.04398160703737 -0.176604340152369 0.00372982606871706 0.451120381432898
0.117825264496122 -0.138196255353973 -0.0722954210288537 -0.518136578370051
0.0469645896401693 -0.161021416408845 -0.129834031794006 -0.31450929918446
-0.076948664578086 -0.136853994238328 -0.0258914533816421 -0.0349079841737999
-0.13255922964234 -0.0390277117131881 0.0742787987043612 0.0535945148517659
-0.0905968123337849 0.0505112983461465 0.270561879475315 0.0278970325555251
-0.0531118470398403 0.066936996258192 0.37417174497882 -0.131056404726845
-0.0226957382067224 0.0997158119992906 0.359139256214841 -0.256604952543474
-0.015770899010363 0.103517465646065 0.326734239395654 -0.295425418924482
-0.0340050029684289 0.107553895640983 0.33027786259434 -0.290649262041046
-0.0714059724933283 0.0803669854351617 0.3271696993342 -0.201962720614869
-0.114196109698785 0.0580698228828022 0.257985159418787 -0.067668427089591
-0.167792361743468 -0.0297158828784713 0.074658265136318 -0.0601551474544451
-0.107065082967067 -0.128682352582615 0.0031456916792418 -0.201447400140786
0.0192915970431126 -0.124929626027356 0.0257381721511544 -0.432947785464838
0.0714507297708079 -0.0844095217789458 0.190466851588558 -0.642097351687424
0.123635166971616 -0.39022670558332 -0.0872453118872479 -0.423912059034735
0.0458655851359408 -0.382396447541235 -0.118279452844096 -0.278677263427967
-0.154372023734181 -0.34851382650948 -0.0411640840389817 -0.0173372138856965
-0.286805423034973 -0.196960117754037 0.0375906811597522 0.0976026363145193
-0.279432669612154 0.00216029542638622 0.250713224589397 0.0774113433423632
-0.237067570563817 0.103177603847436 0.358094446582142 -0.0673322597987197
-0.185651474566342 0.205215600942764 0.338956547964365 -0.196054853931399
-0.141226186172189 0.225338143191239 0.289228173205717 -0.233661956133749
-0.16600576227453 0.237374135895239 0.274735471840845 -0.239250707020188
-0.238187328971477 0.159824225162169 0.268199761490505 -0.15787846799748
-0.290163643377546 0.0836228338308606 0.201749662059657 -0.0400445190636586
-0.371106621451436 -0.088831117865859 0.0147349715813471 -0.0385631324534415
-0.279818734286239 -0.277475390884456 -0.0649445490065627 -0.194479092961328
-0.0511761306962166 -0.358045714401913 -0.0407233516755113 -0.422672003058765
0.075603929523566 -0.359073994799385 0.112032067431433 -0.606107131977989
0.121444967953679 -0.59559964194134 -0.121414770719076 -0.261265342294886
0.0459094312939007 -0.573311882227847 -0.114154078719208 -0.189125760160944
-0.213696127433524 -0.541781247380453 -0.0505680749009288 0.0125366875613169
-0.421260337082491 -0.354999853412551 0.00232771181375736 0.124969543294705
-0.450079663232204 -0.060065665675942 0.195013216940693 0.102706168756398
-0.401816324769572 0.117860300368425 0.28283611493466 -0.00460690502825303
-0.330764132537672 0.277928025018787 0.261631247948676 -0.110319295532114
-0.243302978853322 0.316062365484333 0.20789265213107 -0.136855047319105
-0.262433331699005 0.339072569355813 0.183018828818079 -0.148825096785338
-0.360274834396736 0.234047111692047 0.180259578601254 -0.0834607553188542
-0.422041919405019 0.127434741604343 0.126421669624413 0.00378399382764554
-0.536792229983797 -0.101751351979573 -0.0400365988885929 0.000804273174551889
-0.440641589810995 -0.363321495840513 -0.117266516817247 -0.15027968028171
-0.143497772050405 -0.528131049449521 -0.0854583475258282 -0.346218696388291
0.0500312497128404 -0.579995820015391 0.0406710539056696 -0.477710466444376
0.0965216115603427 -0.72139201477757 -0.169990797954264 -0.048858058064718
0.0205687530550781 -0.69999427026961 -0.119103928763005 -0.0466406661108392
-0.272645934156491 -0.668742802278238 -0.0521578941606202 0.060139104213633
-0.519670461355641 -0.457848784848764 -0.0311976170705473 0.135220431278735
-0.568399111532401 -0.103978844055818 0.103647677191282 0.105541009505399
-0.511869947501786 0.117794332015377 0.153025806151841 0.0546354228180906
-0.426370690413598 0.313457488668255 0.137369601715374 -0.00971653229462234
-0.30965633679883 0.35977197224754 0.0959003033070378 -0.0188487940966
-0.317181155941922 0.388927570958565 0.0742770448777742 -0.0323710250315132
-0.424649395678592 0.274591055697284 0.0768807259313813 0.014995067618113
-0.489861467944274 0.152758717956165 0.0398305948723166 0.0621361211768878
-0.622246548045594 -0.0963926451644745 -0.0826062381368842 0.0485244151183014
-0.531836396029166 -0.392911374947166 -0.138307018186134 -0.0838042758055466
-0.214248581259556 -0.609528700811069 -0.0868634311358722 -0.223927407571611
0.0145859972803311 -0.701633219326577 0.00144600638950461 -0.280938146693143
0.0484806536988383 -0.741076693006753 -0.216634715970224 0.185723287437872
-0.0288770869407165 -0.718691761182224 -0.123404741619296 0.127246480064954
-0.303604532962169 -0.681254159322824 -0.0529760311636897 0.115128674295276
-0.540650782951711 -0.467941658754741 -0.0652660041054572 0.130874705659301
-0.585287974144764 -0.120774633937094 -0.01654554715986 0.095059385651459
-0.532964114990633 0.10773468851485 -0.0108601781548902 0.108199249585973
-0.450777465911222 0.304988215561636 -0.0135364416665381 0.0944053603445392
-0.328422342589214 0.348094455362018 -0.0301279610971143 0.102472948208088
-0.332142235693996 0.372295578724503 -0.0392806258931072 0.0893503491585856
-0.43347324630163 0.259740792403351 -0.0304212736058837 0.115561775553445
-0.484966415528461 0.130376317911159 -0.0502207971975683 0.116106921083264
-0.591997006707686 -0.105643463658086 -0.114001730830742 0.0846405188178581
-0.512549942985032 -0.378078660483135 -0.131291209022456 -0.019118409861195
-0.224498198456058 -0.59233974535921 -0.0495818500831186 -0.0832919371754154
-0.0142738252472977 -0.71241724096021 -0.0114350052164883 -0.0526928784824084
-0.0142159132241995 -0.645648987452108 -0.242831122749128 0.402505439364471
-0.0828280354666213 -0.600864392016224 -0.115268387728053 0.293091175535134
-0.283088903209367 -0.552299103739231 -0.0504745897026431 0.160484266989213
-0.455500752768283 -0.376708926343669 -0.0938211934575005 0.114570758971968
-0.488266262366164 -0.104046945329293 -0.13610079059647 0.0804206617865924
-0.454765894856414 0.0854813310387779 -0.172001744956993 0.152823581007968
-0.398315087618092 0.250824667840068 -0.160497936846752 0.1892658681938
-0.299735014519964 0.283192073745259 -0.151582826240658 0.207586115440325
-0.30589270111341 0.293846505497997 -0.147641248061885 0.189664068795729
-0.386716774547644 0.186946467917506 -0.134609354801171 0.187126593361096
-0.408824482009308 0.0610850171010861 -0.135757195142559 0.138092523804981
-0.458267613592267 -0.132161498194744 -0.13378579887542 0.0898500950432343
-0.386435488153321 -0.325334292181168 -0.107479684037019 0.0252883622758247
-0.174975142247817 -0.487598156923979 0.00337112172474107 0.0461111570554842
-0.0244856087110261 -0.611824604793737 -0.00665577626177624 0.16596099002745
-0.0750021646696744 -0.443549858534668 -0.237408286447573 0.562656892577354
-0.117399306514501 -0.375219551837421 -0.0873569195629525 0.417679418450111
-0.202090045475574 -0.325761495178082 -0.0385727758066462 0.189741015137718
-0.278147325606028 -0.217514108047525 -0.102323807066416 0.0919262963950401
-0.300216816165891 -0.0733539132201248 -0.223784590191885 0.0680344260348147
-0.299452936437347 0.0449506885035115 -0.294018974932761 0.185546096662787
-0.28314091738895 0.155990917841588 -0.275570466671552 0.261358465742308
-0.225208715485264 0.175659336664862 -0.250418192569866 0.280027614370997
-0.237393082229174 0.174669004010449 -0.241814282659785 0.249987782248641
-0.288504850961377 0.0880619145104973 -0.226417531145787 0.208338197631488
-0.278219897516117 -0.017686604994738 -0.205352389793494 0.115758823426178
-0.263605959580691 -0.139394933049249 -0.139750364080375 0.0600024935020851
-0.20612064875313 -0.22799610248552 -0.0784006362404197 0.0449686924061299
-0.09921482422808 -0.315964266820208 0.0462918916123422 0.147849039483805
-0.0315781936270699 -0.42227368585559 0.00162290303325555 0.344419912083407
-0.111421722063603 -0.171308333686121 -0.202707430514571 0.640706972397833
-0.10838417147389 -0.0947157038351542 -0.0373578373378003 0.485080531859473
-0.0736966570146788 -0.0677785813023944 -0.00984308217045885 0.199151244087593
-0.0577175235879487 -0.0561177155434985 -0.0858834534111956 0.0673680621650884
-0.0758232050662228 -0.0494953647582399 -0.264223907789576 0.0575671472488356
-0.10798783470805 -0.0136025846111143 -0.357104924742766 0.201583190678805
-0.12913424262385 0.0299611561708097 -0.338991584727478 0.299017555363904
-0.11670118121686 0.0410140412770396 -0.310358010654304 0.310275514647128
-0.128169549457119 0.0384239207886105 -0.309031779845512 0.265044847716258
-0.14395822665516 -0.00300745458182433 -0.293405358254345 0.181609404667633
-0.112901570374735 -0.0624469186158809 -0.246616247453656 0.0566379599247862
-0.0586416966483864 -0.0923378055931779 -0.125766062817483 0.00949296548949539
-0.0358923878598845 -0.0820146739396624 -0.0457831917229087 0.050207403868446
-0.0439062605224475 -0.104755116406581 0.0698614498776504 0.219023492424088
-0.0492002189813498 -0.181366139474243 0.0105165739622731 0.462487755975138
0.0925169872253538 -0.153626738874985 -0.104434799315431 -0.515616788674911
0.0223803362237033 -0.166286273837011 -0.151269908179584 -0.307746527197866
-0.0948419471157029 -0.127691832979065 -0.0174549081714277 -0.0382472261029971
-0.1382518414026 -0.0219106416391865 0.0857818023768521 0.0391037533184661
-0.0829640717201628 0.0576242988509995 0.273636381031434 -0.00405776742466784
-0.0462795419326337 0.068132666302017 0.364683598808244 -0.172134141356094
-0.00855222546082807 0.0991830601814202 0.335988503720628 -0.30335131354935
-0.0056646153592325 0.102023069367814 0.307393722399633 -0.335863053292329
-0.0209842757664867 0.112994923876347 0.318189518296912 -0.335399987979926
-0.0636422851552184 0.093222450505152 0.324546146469223 -0.244929054958746
-0.108515167047111 0.0746985494216867 0.265793939664594 -0.0983414373908726
-0.174235772351985 -0.00809100786678057 0.0804870254665303 -0.0717392568723411
-0.120065185165475 -0.11831667558319 -0.00941582282818789 -0.209640864303137
0.0164630567448447 -0.127554171698342 -0.0175129787913638 -0.454537836007027
0.0760099152680112 -0.0905756317492076 0.144028271228806 -0.681454570153442
0.0650435058009312 -0.402630382677201 -0.090170884121614 -0.417506529363416
-0.00594250059426744 -0.38786087742815 -0.120981423488549 -0.272428052991573
-0.200597530186506 -0.331355771783255 -0.0128391164312481 -0.0236506506261585
-0.317520209814594 -0.159012758692753 0.069335549595195 0.0785270575889297
-0.279440654428428 0.031656693006213 0.261889944316977 0.036591051331244
-0.228591013423089 0.126064933393155 0.353841993061964 -0.11545458683977
-0.160416558509356 0.230332895480904 0.322653705290784 -0.251359674883455
-0.119769225771825 0.238838996700563 0.2727967130912 -0.269719996251364
-0.138672820627059 0.260621076483731 0.265233568426298 -0.275405116345361
-0.225517730641931 0.194068616140824 0.27016291105983 -0.196928667221135
-0.284959016497742 0.120194784420764 0.212464132630289 -0.0674932991706961
-0.390210186846937 -0.0441931648147804 0.0255857389628135 -0.0450993963430054
-0.31401642852197 -0.252584157237991 -0.0704150541549675 -0.191256461510129
-0.0832476978502037 -0.365909174190617 -0.089880494523877 -0.422718135800984
0.0539160276483036 -0.381370519599363 0.0517107331568649 -0.622130407042553
0.0377176571181006 -0.605948724911498 -0.0978144913424417 -0.249549177049027
-0.0272502219627581 -0.57984190532129 -0.0962310152071719 -0.182408164575241
-0.285823893271833 -0.519728045106431 -0.00138855061009343 0.00418790802832402
-0.475419246399419 -0.299154584961201 0.0512526887137873 0.101547414212382
-0.460141283701336 -0.00946494662149658 0.211629987078801 0.0570928809626327
-0.39472485912707 0.161211789608662 0.283635945188287 -0.0521754956597223
-0.298178076517709 0.327086626819923 0.254145791626155 -0.168086702118677
-0.215374969043036 0.342266265876776 0.196592587788793 -0.161906348458365
-0.224236678598473 0.374730376593473 0.177498224694847 -0.172092557945941
-0.340550679876419 0.285007921355643 0.185587289972573 -0.112151640562713
-0.415168487642173 0.178144659391235 0.138191411934365 -0.0166256544980595
-0.562413966229826 -0.0367289216646586 -0.0231406015928634 -0.00137425226390589
-0.48924679554527 -0.32535685654503 -0.113850691503413 -0.135822027348274
-0.199200810689158 -0.534217715726798 -0.129944471671929 -0.326432538644584
0.00279396569305429 -0.610370852445449 -0.0165237317031319 -0.470238099495327
0.000119023874560064 -0.727923199941922 -0.121344571687146 -0.0302623613452764
-0.0681517228280882 -0.703782277688303 -0.080674408321727 -0.0362571923502167
-0.363913304924574 -0.640798762039463 0.0127652436280847 0.0491819976473652
-0.591326018245418 -0.389639909099949 0.0298966816920658 0.108404398691631
-0.584742310217612 -0.0376201216406852 0.121435428856739 0.0598642473917888
-0.507307445697462 0.17756608776244 0.15893227118549 0.014409418370574
-0.390963950580662 0.377837129856841 0.139398490929372 -0.0594378364539333
-0.276951020064579 0.392493047917083 0.0917655916396336 -0.0303043246416584
-0.2755769157525 0.432714972962707 0.0759328176093121 -0.0394857775435356
-0.404227734420552 0.333103492076671 0.0876437196978178 -0.000289256613936203
-0.48195237541796 0.210235681790328 0.0529494145737393 0.051766836763363
-0.647784087927081 -0.0236033936139212 -0.0629123920321027 0.0512069071234526
-0.588038748919142 -0.347223467681163 -0.125443249105369 -0.0625810189595762
-0.284126700969253 -0.612990182429465 -0.118356830731294 -0.19065405708552
-0.0491035348197829 -0.740693410732108 -0.0475497193702094 -0.252864281998106
-0.048108598140913 -0.740859079221485 -0.150070135215679 0.20935402994635
-0.118571641075585 -0.715173221337077 -0.0692090843523705 0.139529036511609
-0.397490051269993 -0.648333089126349 0.0195429546007177 0.102740334976216
-0.616969857336055 -0.395992590578239 -0.0034545953739295 0.105201726479286
-0.607188375678228 -0.0506252110700719 -0.000851848194456143 0.0597055922767478
-0.530315704149655 0.171645306621382 -0.0017652285355663 0.0837599849587878
-0.417901204048164 0.372491005687038 -0.00255947759850938 0.0616939672228744
-0.296918110744833 0.385769989453242 -0.0263211819581294 0.106810386478584
-0.291210876238334 0.417717507462506 -0.0314310577337558 0.0981808251953351
-0.414504422793885 0.317049766620692 -0.0155481881618664 0.115395288353549
-0.478217644310365 0.186235065795709 -0.0365303808167811 0.117155630423855
-0.619690820602452 -0.0357506843722205 -0.0933737144016092 0.093054825612765
-0.568381225352169 -0.332614878191018 -0.112681515991149 0.00539743830529729
-0.296690736632353 -0.594376076440372 -0.0648378199692412 -0.0455841213660403
-0.0831568943996309 -0.7498767704781 -0.0410209965013484 -0.0122284017050414
-0.0959649768147359 -0.63666597755946 -0.168978919187912 0.427557365303555
-0.15465216913188 -0.592634669288231 -0.0542105134939107 0.305441086040046
-0.359427768448623 -0.524672488354287 0.0150801810563897 0.150040653725176
-0.515879551638564 -0.314000635947075 -0.0438063815142608 0.0946806569488423
-0.507685301069461 -0.0451771178001781 -0.125186938381699 0.0629637673821918
-0.454956666571554 0.140986974473045 -0.161767328494591 0.148067344454231
-0.371578709504617 0.314168385149303 -0.143379589568152 0.177715888394218
-0.273660986609894 0.31915600235165 -0.140823380191247 0.226986880536095
-0.274560437017394 0.336246907179512 -0.135871960301717 0.213268970071225
-0.373535997801336 0.236592710272589 -0.118342843216649 0.201015532289584
-0.410890018787371 0.106372908370797 -0.124471691856259 0.151281434539783
-0.486865886397913 -0.0804423267466928 -0.11765588246126 0.103774351936701
-0.435607934470071 -0.291314041724716 -0.089429052983973 0.0489282716181217
-0.236243467666248 -0.490954861591129 0.0033577027737324 0.0796159216723379
-0.0888901507515477 -0.643683088901705 -0.0152896014768531 0.210929362894642
-0.127228879702977 -0.426640306706799 -0.167447714633087 0.587664244681646
-0.158015809083076 -0.360623014381468 -0.0289664144377605 0.427980683924313
-0.248574702367466 -0.303512175536499 0.00966930608549621 0.183217819791385
-0.314766983728686 -0.179846911373762 -0.0722898917932212 0.0836387255655633
-0.314324604912789 -0.0355003770290267 -0.217783223825423 0.0704956832809492
-0.300827669270786 0.0848874813027444 -0.282492772565594 0.201923710746985
-0.267962086338445 0.202850883075829 -0.252869364746903 0.272864495280861
-0.209433793054954 0.203847229203045 -0.234446910386158 0.312289595910519
-0.219516096023639 0.206634844900728 -0.228680807246746 0.285582666342451
-0.284264226944049 0.123745303209644 -0.213742699587291 0.234964591780031
-0.286506020349765 0.0118372572104335 -0.200762213109711 0.137597227110035
-0.287100645398721 -0.111733913159462 -0.132660201035488 0.0763380973805728
-0.239717287672502 -0.213194262294986 -0.0655767160374518 0.0657177274292229
-0.141560438073847 -0.319283952481012 0.0597824119267185 0.172347795172061
-0.080559717710161 -0.443086742985345 0.0155621340591868 0.386700042449525
-0.126508374974189 -0.150681524931892 -0.148009474116699 0.660950239699797
-0.113397359308782 -0.0797993882192983 0.00947500134846665 0.492943281565414
-0.083235269414731 -0.0580842478495965 0.0158188399963481 0.198321211779027
-0.0675622404066673 -0.0468556605251231 -0.0755031350975203 0.0707112990537221
-0.0850725655021361 -0.0371921705844381 -0.261199522184678 0.0788687866038703
-0.112284494240472 0.00448106562663441 -0.34387755761049 0.233381423883278
-0.12727826772506 0.0535592072528557 -0.312477643567428 0.329715456056516
-0.113367604140898 0.0578501652784393 -0.29151830393856 0.349614594775967
-0.125327851277574 0.0559277589570711 -0.298434188815472 0.307406365951462
-0.146780807191002 0.013466262084958 -0.288734858882684 0.215774137961222
-0.1225038718247 -0.0524456414947472 -0.251907083388114 0.0815768108490168
-0.0708339228645589 -0.08783492786255 -0.129725975638012 0.0234819110153452
-0.0493247350360417 -0.0812347835878651 -0.0399864988700453 0.0632262737889159
-0.0633610820296256 -0.105292742143785 0.09485971023938 0.231433164177244
-0.0772289725465081 -0.188974847231767 0.0434948669592377 0.496795472902483
0.0845528807468375 -0.160661683319993 -0.140245104114465 -0.517437175260312
0.0133203414578393 -0.16928349741719 -0.176153170493087 -0.303441985561222
-0.104147175229599 -0.123804783467218 -0.0196605569749749 -0.0367964839059346
-0.143452765351083 -0.013242170485068 0.0899373808145194 0.0354449742723755
-0.0819966411335986 0.0639955530725561 0.276641777467264 -0.0221385220420566
-0.0429966722132732 0.0739314011691557 0.357267758930024 -0.201194354646435
-0.00247865054171429 0.0999433093359056 0.321383924880057 -0.328921856577639
0.00251602140213871 0.103406996565113 0.292750367284267 -0.364219662894974
-0.0132812142391139 0.11584631779163 0.301985881025646 -0.363251224726621
-0.0587755471848718 0.0987008628752464 0.313313040584459 -0.270876383297143
-0.106090386369439 0.0824614332369376 0.265095393078337 -0.118937692531342
-0.178719745168367 0.00387684651129484 0.0786739325114436 -0.0780336526273069
-0.12887225424254 -0.11110974023525 -0.0232593275269128 -0.215839202927047
0.00954104131675675 -0.131175816805922 -0.0487976263206486 -0.46271616608436
0.0712850069433685 -0.0962677490632173 0.0998196383149335 -0.700941788317186
0.0388586076696024 -0.411473669925575 -0.117427029300362 -0.420530983949517
-0.0310716841621682 -0.39226862052547 -0.142174089831802 -0.270512131981339
-0.226923271194145 -0.323914408605399 -0.013353006506235 -0.0223104764247926
-0.337472294772195 -0.140639692430164 0.0765715460998076 0.0770499414814348
-0.284584354785167 0.0509527035337247 0.267642093003574 0.0213770907986008
-0.22509588086293 0.147324310398824 0.351941439947225 -0.141986352838318
-0.146782168748912 0.244712090332676 0.309564775292363 -0.274400827878398
-0.103674663106472 0.251473136474561 0.262956240457888 -0.295065141025961
-0.123704361219634 0.275809960074032 0.252526769747103 -0.297710464148083
-0.21713659733406 0.214212794314302 0.261022230392592 -0.217362052531718
-0.284009471550294 0.141045051360014 0.212510483183612 -0.0824467551852645
-0.402335842807117 -0.0179643473762421 0.0236322206668325 -0.0468045494717569
-0.337753538916192 -0.237190062465197 -0.0853835131910202 -0.19202070321812
-0.108723410324882 -0.367793373985437 -0.119631367174608 -0.4266746890928
0.0274340863893741 -0.392639002752377 0.0109967982419176 -0.633797360359264
-0.00312133337101154 -0.615447994841198 -0.112429833953599 -0.250324482697714
-0.0666513400662567 -0.585753751593515 -0.110012338060326 -0.18150215519013
-0.329103745296473 -0.510419372849397 0.000366745574399731 0.00481395885253269
-0.509562494300734 -0.271320192848455 0.0605925543027628 0.100729923285556
-0.470926909027774 0.0207941802101523 0.218572738424154 0.0456455058721492
-0.392417087552833 0.196030435967692 0.287179492386629 -0.0730277009631808
-0.279681545069441 0.352366658066895 0.244121268511296 -0.182273087484754
-0.192676687262552 0.363841318861768 0.192205986382117 -0.180363380938901
-0.202980106296463 0.398108776872637 0.17133250684639 -0.185729660321755
-0.329093305623283 0.315355236620526 0.181310563705564 -0.12618971699308
-0.413527993796856 0.209624207293276 0.139750340606972 -0.0245613064601305
-0.577377434749265 0.00148857478216055 -0.0244216381183844 0.00241288494075523
-0.522480836468321 -0.29896559223961 -0.125420549467248 -0.133167020253418
-0.239825361913492 -0.530238136869305 -0.152727395757344 -0.327023197852507
-0.0391444013666321 -0.622385517258179 -0.0486291306540484 -0.473138505758175
-0.0501354621699743 -0.735815569981329 -0.122424194826089 -0.0269156097378314
-0.116463312817641 -0.712460318346689 -0.0833533179560955 -0.0349165588222352
-0.416177384262863 -0.629150691268732 0.0181165061462063 0.0499306233993671
-0.636185710345134 -0.355755883769662 0.0400390441066893 0.109533423428184
-0.601568048543413 -0.000157079754580531 0.127934673728561 0.0554204187210796
-0.505313132560517 0.218641932173353 0.165400721124879 0.00313982183666213
-0.368831682523754 0.411107438174036 0.133620690070884 -0.0636601816295112
-0.251461888554582 0.420867925075726 0.0943519436803068 -0.0384843615523285
-0.250427100508246 0.460694286629607 0.0762656294541105 -0.0434125697041223
-0.388875851454234 0.369195581341727 0.0884853448537634 -0.00553563425271755
-0.480823308887778 0.247325397234828 0.0578439993970595 0.0520310968801947
-0.665267665552944 0.0225356173378958 -0.0612557309878879 0.0590968704276965
-0.62523815872877 -0.313644055124168 -0.132319424776158 -0.0557235491296191
-0.330267750372631 -0.606717163212485 -0.132216493973145 -0.188762151434242
-0.104028894558432 -0.75230314847766 -0.0658908522200507 -0.251416392371174
-0.100149057597043 -0.744624880092503 -0.135715999647867 0.217566503221066
-0.167662350872676 -0.722212032980341 -0.0586423608101998 0.14306036280477
-0.452841705593901 -0.637344070180769 0.028848253777546 0.104546163416849
-0.661757457379628 -0.361345590127896 0.00520453109825542 0.10750428865817
-0.624575634087798 -0.0125946531379058 0.00377359544233104 0.0630528219748093
-0.530554476325915 0.215390316592699 0.00789480796052818 0.0850095174706289
-0.39623906713473 0.41043120624833 -0.00313507795444942 0.0686173751536492
-0.27276429110271 0.415212643397539 -0.0174363145944098 0.109240357862834
-0.267685087028382 0.447051293003995 -0.0239928326416035 0.103850227356496
-0.399250551294005 0.35524469840424 -0.00820759590182138 0.118710717914702
-0.479546501910174 0.223211232336656 -0.0294898046605753 0.124621715643594
-0.637062263967867 0.00773944054902771 -0.0895134030182036 0.103924581515712
-0.603331915349703 -0.300504251999931 -0.11390772062602 0.0136798849678776
-0.344200655320805 -0.585749544462985 -0.0677733069238149 -0.0444539107068532
-0.139769251476596 -0.758884083969225 -0.0420057414601372 -0.00627138604690994
-0.141615895637183 -0.636795957732995 -0.14136055447127 0.440964159101018
-0.197294610876231 -0.596475306621227 -0.0326052044494891 0.311457018910824
-0.406572285645513 -0.511625328328285 0.027794462807214 0.153168955683941
-0.552336771118377 -0.284274942261397 -0.036701289994777 0.0992273686536061
-0.523049797072605 -0.0118581356131322 -0.122001601150477 0.0741246116503545
-0.45508047005506 0.178243764577841 -0.150706943727179 0.161799122529913
-0.354920505561387 0.346349130496833 -0.137666989988926 0.19521793554163
-0.25341219521193 0.346280322156228 -0.12776936876716 0.240025119542555
-0.256290199847601 0.362541892556782 -0.122943543995075 0.227649641207533
-0.364056110213899 0.270826141474739 -0.10689387182372 0.212277588638799
-0.413958354945955 0.136442279487401 -0.117157351053902 0.164890303794612
-0.503817017058431 -0.0465459327027628 -0.114580989806993 0.115615552895678
-0.464825176909614 -0.268304709099352 -0.0869642212750331 0.0573384409784563
-0.275832265937923 -0.483652213694745 0.0102442369264146 0.0790291720021027
-0.137822518886733 -0.649164372120729 0.000498354024664102 0.218475327053231
-0.15949043001564 -0.424202266270026 -0.131978347692894 0.604495400066345
-0.185459867598949 -0.359315042630204 0.00136974377891785 0.435062863236785
-0.278605837350092 -0.294672001486557 0.0242582942293987 0.186662887673615
-0.336831936085007 -0.162448739055769 -0.0670415014131165 0.0889811383991071
-0.324767100691298 -0.0162313269357527 -0.215226798454157 0.0870287098922908
-0.302724232146985 0.109047322415681 -0.270242629185946 0.224242004562989
-0.255309711936834 0.225768384188474 -0.242722257370965 0.298018985926816
-0.196412976126951 0.224660387185423 -0.218100717007325 0.334301402652913
-0.208969451221855 0.227154424958118 -0.21422469436966 0.307213447248176
-0.280500631692436 0.148899175408141 -0.201846009229955 0.252717796113712
-0.293484115999569 0.0331955654403923 -0.195720919995206 0.155042590751731
-0.30147246850473 -0.0925178099446851 -0.131662486070684 0.0877166305119896
-0.260983811160363 -0.200242221006196 -0.0608944781313637 0.0726732876337264
-0.167206654666148 -0.314972945558947 0.0746878941554298 0.170433264634308
-0.115093532116062 -0.44752131956458 0.0435245831913995 0.394760801811037
-0.13986903385617 -0.144820374705322 -0.107561040417014 0.678926381654761
-0.120876039629567 -0.0758820949448669 0.0449087356091079 0.499197746015837
-0.0913761916462693 -0.0543389596770256 0.03068533098036 0.200971787573911
-0.0732427950272757 -0.0427815923814122 -0.0721796739683194 0.0759454011481001
-0.0895474163009829 -0.033403414059424 -0.258905046196888 0.0977254671602501
-0.114989012275503 0.0123415434757428 -0.332040067486251 0.262225489984314
-0.124449711318353 0.0651513258243558 -0.298061350590334 0.35832173167883
-0.110396471560524 0.0688820535303364 -0.274415402667431 0.377130527830686
-0.123762871459075 0.0670700033351329 -0.283619925359579 0.334647365066005
-0.147903247996016 0.026078374995437 -0.27942175838786 0.238080089652469
-0.12972954816877 -0.0430604798041328 -0.251932637624748 0.100231662585062
-0.0793749647207012 -0.0833482657327877 -0.131344631871106 0.0332317806742055
-0.0586208666769649 -0.0790757185792932 -0.0345534586372584 0.0698060318014782
-0.0732618612776411 -0.102550671594206 0.11348747487238 0.228520404527378
-0.094238172404601 -0.189117996859884 0.0781952741426602 0.503889874944324
0.0722703982340062 -0.163996376284712 -0.172812132118847 -0.501565024457153
0.00242643559707233 -0.166686046242712 -0.19788116557251 -0.285879768418692
-0.111469881774777 -0.115746836800784 -0.0208574066784653 -0.0345243092372794
-0.143571981258053 -0.00215676630279476 0.0912988260065822 0.0295635660987973
-0.0778739705062906 0.069613722804395 0.270727649924433 -0.0410668058321403
-0.0373059091968101 0.0776886588941832 0.335990125041284 -0.226058585390972
0.00421369682486538 0.0977278841110572 0.29494645829056 -0.346716991245852
0.0106051933595501 0.1003571615455 0.264629527290813 -0.382422224721416
-0.00466951122367073 0.11470067664078 0.271756595449344 -0.380572079662348
-0.051209787296117 0.100765438292017 0.289228087839865 -0.290842404539402
-0.0990753508148377 0.0887662964241481 0.254920121104498 -0.137569298524722
-0.175808463960352 0.0182920962561639 0.0730904937212298 -0.0829094441880848
-0.134211538261792 -0.100867497783625 -0.0404751783821917 -0.214048463568537
0.000569466541335713 -0.130393626429847 -0.0824472234103496 -0.454285350049544
0.0636233597842051 -0.0998952784120034 0.0466370059379672 -0.697665614236835
0.0082306024594937 -0.406593880480762 -0.144759927726841 -0.408000477698651
-0.057473965647425 -0.383417180217133 -0.160508867064782 -0.258255334579573
-0.248216846171543 -0.303798165035336 -0.0136241466546932 -0.0212794631107989
-0.346212099731014 -0.112653081499201 0.0816042282093598 0.0722020070431822
-0.279702205869127 0.0712649000951299 0.265662545725373 0.00320564578777014
-0.211970763369815 0.16586086752972 0.337397071419867 -0.167424451830884
-0.127396422271038 0.251221670883129 0.286427792793803 -0.288312843144661
-0.0815771814786644 0.255834404885795 0.240462448230274 -0.312599070279223
-0.10101311446614 0.281412577556212 0.228395282063324 -0.312807670807625
-0.200193994487974 0.229665930036323 0.242377446784375 -0.232977010770649
-0.272811738493879 0.160572149610556 0.205506599946448 -0.0961853765946781
-0.400500199732556 0.0143051021081697 0.0207399556764979 -0.0471549224326394
-0.351760685755625 -0.209529072931357 -0.0997380312326007 -0.185272899998145
-0.134176842779296 -0.35653449642914 -0.149296250269697 -0.41370906055707
-0.00245349934984989 -0.388997115920331 -0.0336463728009719 -0.623967582888836
-0.0483884260984402 -0.601938350622016 -0.126760634069656 -0.242706245228582
-0.107370153720972 -0.574376598025058 -0.121888550477499 -0.17360414354287
-0.365185887348306 -0.479764151891716 0.00294389207288704 0.00484372693613291
-0.526295213830781 -0.229453565420655 0.0685372869579487 0.096435485521322
-0.467677662160946 0.0553664544045792 0.220380735763826 0.0316094099366168
-0.374741615844886 0.227089850363854 0.280160494065891 -0.094596828503456
-0.249701759885643 0.368731970941233 0.227435176942574 -0.191481548443963
-0.160893285132969 0.3741958409693 0.179596376194176 -0.19478764334454
-0.170521435644602 0.41028620628955 0.157368243918455 -0.195615834112213
-0.302284476458281 0.339318185732231 0.169388261495144 -0.13617434880797
-0.397516362019079 0.238052934663671 0.137887679933783 -0.0326641973369822
-0.573875101347503 0.0469773826446589 -0.023292596469749 0.00603636521960345
-0.540431180625186 -0.257229017618948 -0.135363206973198 -0.123138437483125
-0.277084722852694 -0.509610677908237 -0.176086127530569 -0.313700549997917
-0.087823598469656 -0.613420019606242 -0.0835171736546527 -0.461635186097618
-0.104255006266602 -0.717616601689591 -0.11991899095421 -0.0227933070369782
-0.165218110445651 -0.696250983247379 -0.0846268941283195 -0.0318981045020607
-0.460908118243074 -0.593892191699375 0.0239904540877892 0.0486112173155259
-0.660158845023243 -0.300537570112668 0.0494030420699028 0.106057392426896
-0.598984356632309 0.0430474361386218 0.131948986849633 0.0484795792226812
-0.484425163409851 0.260767559811769 0.167257423094922 -0.0107341809131713
-0.331779212198131 0.433477122520108 0.126078310380318 -0.0646396013720882
-0.213362201105339 0.436121233239904 0.0925642275158089 -0.0476539127094247
-0.212216816822922 0.474945630979579 0.0733520269603066 -0.0480672516346653
-0.356758696771716 0.39813269648292 0.0872019941550571 -0.0107271337226796
-0.461549537647193 0.280919898494759 0.0618208822258858 0.0495432559975924
-0.659591313126221 0.0739726147311513 -0.0564613155860422 0.0654864274183959
-0.644244388147471 -0.262828032484929 -0.135681916927526 -0.0462594258768238
-0.373139220091233 -0.57456200879013 -0.143833655839359 -0.17946753501487
-0.162632948822831 -0.735056846145932 -0.08229321737831 -0.239201341023508
-0.154306382625357 -0.725142825418818 -0.11692856019124 0.219518478219692
-0.216587594958361 -0.704194131163288 -0.0476366303832443 0.14175841459879
-0.497903498014576 -0.597555448567636 0.0393460296782076 0.101955159956621
-0.6870020411862 -0.306513099484972 0.0149425039895333 0.105738692664737
-0.622224330729897 0.0337719054138549 0.0105019788184896 0.0644165796693451
-0.509573834965562 0.258483993694129 0.0178813763325423 0.0816280609889421
-0.360156415529149 0.434031710384438 0.000205021021862767 0.0759534806910589
-0.234314555727914 0.432811992893679 -0.00818455572453423 0.107731875563335
-0.230732263063378 0.463767433985729 -0.0141985308002011 0.105128402786075
-0.36832831485979 0.383537027014763 0.000418689735482152 0.11828622290842
-0.462775823763073 0.25592630200407 -0.0189949665724984 0.128971359282834
-0.631320853702389 0.0582170055778736 -0.0812492461284968 0.112117072488916
-0.623843620276286 -0.252063563019279 -0.111560574676404 0.0221133157220276
-0.385452470696845 -0.552506749586764 -0.0692615469363318 -0.0410215655262977
-0.200256641002812 -0.741441349058544 -0.0406951987972936 0.000188882433118726
-0.184766570014534 -0.6153571665386 -0.108441288797462 0.44096353318522
-0.239095547483031 -0.577376803815442 -0.0084095550327968 0.307015214261065
-0.445793829096739 -0.478404490273909 0.0413280263742282 0.150019505319329
-0.573292313966313 -0.240464161119579 -0.0273014115053858 0.10107206063815
-0.522475362715394 0.0243867732432323 -0.113444592841488 0.0834980995351461
-0.438798306229266 0.214066742093192 -0.132934817473079 0.169952099809686
-0.322428251143399 0.369382299501594 -0.123523763409225 0.209850618597715
-0.221753974244157 0.362308542684186 -0.1079401345656 0.246286511788228
-0.224313453651574 0.380756328270111 -0.103670962751786 0.234375234734305
-0.339193163833028 0.298239808664262 -0.0912597341219987 0.21817529897948
-0.403422323034696 0.16668464932402 -0.103553294267424 0.175164200963239
-0.503509578362508 -0.00620709463156961 -0.105346161292698 0.125237140384275
-0.48304203724735 -0.22978545860002 -0.0806430148388403 0.0640858674412715
-0.308051533371582 -0.458210906754036 0.0167861311385735 0.0746474419875152
-0.191806015581459 -0.631535200749035 0.0182103846542865 0.219127803978712
-0.187775866116517 -0.404605694620373 -0.0883101147902725 0.601806568457473
-0.210646672362418 -0.344868721097954 0.0344967675090078 0.427626226966394
-0.300119743753652 -0.272625336549062 0.039159128921649 0.183045563322238
-0.348994834020436 -0.134999644467111 -0.0585782649465106 0.0922687419450133
-0.324799607945782 0.00643355805798708 -0.204971983960683 0.102640915167859
-0.292447165086515 0.132264041630289 -0.247859548474364 0.240742482616622
-0.233970981336348 0.243264653335212 -0.220283235458361 0.316700410168206
-0.174928586047775 0.238333946108885 -0.191665639321928 0.346621306694264
-0.188042019104659 0.242927423662785 -0.1885878310618 0.320195824559276
-0.264904819552933 0.171565784150276 -0.182142250570507 0.264235083812219
-0.289809374017501 0.0556856556402845 -0.182611542892783 0.169884499015006
-0.306329384576721 -0.0670755488632038 -0.124562398069887 0.0974845115218933
-0.275664894984752 -0.177242989788762 -0.0530966418719018 0.0773559638575419
-0.190586832484073 -0.298942942194401 0.0876872648171066 0.160552268401717
-0.152623005144035 -0.434615151160202 0.074226220672024 0.389549097296085
-0.148940886392914 -0.132063637720639 -0.0599080603681842 0.675049909332173
-0.1258202192205 -0.0679395641758337 0.0832320330203604 0.487809369624828
-0.0968453811832 -0.047378371372962 0.0469013466329595 0.196338530868395
-0.0763332289566142 -0.037491484729917 -0.0654072711188987 0.0788599516528394
-0.0918866589714211 -0.0283417529185672 -0.248360813171311 0.115450201672682
-0.113585325627309 0.0207937634384634 -0.307534373422768 0.282920325365903
-0.116475390685484 0.074351202374863 -0.27003806452339 0.376597186825056
-0.102651057097926 0.0774880520960218 -0.245841100995009 0.394025866075175
-0.116024037791649 0.0777636072456257 -0.256226708162781 0.351857078893743
-0.143377807058348 0.0394599699944213 -0.260134801309278 0.255489908950348
-0.13282551675112 -0.031757442553862 -0.241971982565246 0.119335442013237
-0.0855540329990641 -0.0747256689695429 -0.128206057505304 0.0430817860780158
-0.0669373152066004 -0.0727348280620039 -0.0268218347311028 0.0726697679747666
-0.0823042004205743 -0.0965178523764811 0.129721666633068 0.216465346317216
-0.111015360983785 -0.181068638292914 0.1175413662066 0.4936480109393
0.0606210784286459 -0.162251343255687 -0.193643143814099 -0.475489594976537
-0.00471616176637135 -0.160477654968408 -0.205833144992918 -0.265226175913373
-0.113635936101803 -0.106321188256205 -0.0211888176122896 -0.0334603530014045
-0.13951690198708 0.00596320490817997 0.0904591823971294 0.0255290943556631
-0.0731539927662283 0.0724661062964631 0.259515596489209 -0.0529121984190962
-0.0321492956753017 0.0786273958383336 0.311638676299645 -0.237230617298927
0.0086939025595685 0.0928977102117406 0.268886755604119 -0.35055004897311
0.0158020496464696 0.095556703696798 0.238200054121978 -0.386432500833538
0.00143074600343011 0.110682669275129 0.242739246407313 -0.382976322826624
-0.044974277435716 0.100284313271962 0.265159535030532 -0.295734362217075
-0.0920923801036994 0.0911392092991853 0.241077115196145 -0.14840044996283
-0.169240276619005 0.0272239589747729 0.067627777525694 -0.0841079507189213
-0.134119710015349 -0.0907755450610963 -0.0520494157668857 -0.20637365911537
-0.00515986731973009 -0.126160898787325 -0.104191617620867 -0.435974427170107
0.0570115070269374 -0.0998448454992649 0.00811047467940813 -0.67298852448561
-0.0141119289601327 -0.390198860128836 -0.157855067478851 -0.388928726149281
-0.0748469048674424 -0.366632768045711 -0.169270161117194 -0.241487851424388
-0.257295332265244 -0.280748666257652 -0.0121471114206133 -0.0205546781234005
-0.343432720095938 -0.0888477982247791 0.0844113094539263 0.0661949842145106
-0.269286294550354 0.0834532385662679 0.257915448243277 -0.0087670544424634
-0.196413342860121 0.174704916839276 0.317217106897887 -0.181469518654583
-0.109802576910712 0.249294888275691 0.264535715442216 -0.29086343469611
-0.0643545885829745 0.250497694943883 0.21857356648895 -0.317188350658718
-0.0816410165453381 0.278635080012834 0.204851606689434 -0.314732905675699
-0.181662901491483 0.233922444880149 0.221856445843153 -0.237943440681678
-0.258587793295653 0.171184288585036 0.196245869853687 -0.104085771703489
-0.388344644727985 0.0371141901902418 0.0185808987332673 -0.0457642778060241
-0.352556020183675 -0.184627645082806 -0.108992279841478 -0.175862813254757
-0.149139040056482 -0.337981753054161 -0.166938413214996 -0.393788497162677
-0.0246906277534621 -0.3755448167439 -0.0675964924109399 -0.59793762625434
-0.0797427387559503 -0.57592243804506 -0.132271335965671 -0.232106121469565
-0.133907066424119 -0.548750781384596 -0.128717843347077 -0.163258147707297
-0.381513889358421 -0.445104372272249 0.00550122963698341 0.0038579591426459
-0.525676152568091 -0.191652655871028 0.072834785212197 0.0908898799053479
-0.452819225014346 0.0782553330801716 0.217339088387554 0.0214717030398668
-0.349838930972028 0.244230018045935 0.26844899762793 -0.108735687840095
-0.220952982602289 0.368657881245708 0.21250504044967 -0.191464237959213
-0.132857733318526 0.370113370431241 0.165410217367042 -0.199937669227729
-0.141060749942375 0.407747745606343 0.143057819621894 -0.197821853200695
-0.274250883137682 0.346883222477118 0.157402743185755 -0.140058336390265
-0.376236498867076 0.254244519003654 0.134097012363008 -0.0380205601610808
-0.554720380489953 0.0809522701870954 -0.0214302826119419 0.00781969836665498
-0.538097775497193 -0.220467377788541 -0.139483692301161 -0.113126752884895
-0.296400833401573 -0.480186317913661 -0.188086305234165 -0.295789236974447
-0.121210227971917 -0.588113329519577 -0.103942338619241 -0.437499606921711
-0.137947116582786 -0.683221486882759 -0.115794907328884 -0.0206189278303389
-0.19584220032667 -0.664245043451151 -0.084478194377037 -0.0295049662320012
-0.482602305436143 -0.54746864345072 0.0300040020304717 0.0445979942117674
-0.659408107012786 -0.254389554562516 0.0551041496821756 0.100590700998859
-0.581479996420915 0.0739776960826556 0.133519535115908 0.0421639079827274
-0.455700794268826 0.283634370149352 0.16469190083276 -0.0217220159592564
-0.298948069613952 0.438373048693442 0.121502849483418 -0.0615125336327034
-0.179959656087555 0.432970455087728 0.0881891715876549 -0.0525039315413425
-0.17783959986189 0.471380417910467 0.0700334629010133 -0.0499889125531768
-0.323137608147622 0.406359746907046 0.0844127240963407 -0.0139408363023634
-0.436093230320203 0.298415284032187 0.0649807334773186 0.0464630838005206
-0.636493131441025 0.111982460286556 -0.0500354530951187 0.0685006382369091
-0.641273236984549 -0.220555005708805 -0.134991537726135 -0.0373756240843269
-0.393653376143967 -0.535918582940585 -0.149253712081828 -0.168072178094371
-0.201397272085408 -0.702184583229293 -0.0910458094027259 -0.223660043313699
-0.186156972434764 -0.687983895852255 -0.101285913203959 0.213225433674974
-0.247545398565095 -0.672063420781675 -0.039200984188353 0.136817305936963
-0.51874078991024 -0.552484885014186 0.0469412066439816 0.0960012098129364
-0.687200228984514 -0.256606564832056 0.0225607079427069 0.10203272358241
-0.60669093118807 0.0674453753614882 0.0176555655386866 0.063451331356365
-0.480519230384735 0.281683459902273 0.0258207890968501 0.0755395521164432
-0.323057496664847 0.440417843266441 0.00566118556051846 0.0816085611081198
-0.200261092512333 0.431108804902178 -0.00223149515434742 0.103260049806283
-0.19424246635432 0.464339976288136 -0.00730469323680182 0.102490168585413
-0.33477115200946 0.395695680551661 0.00715883458956545 0.115841343411295
-0.438228491629473 0.276141564746426 -0.00866489286320885 0.128674941168466
-0.610198152136534 0.0939231677600451 -0.0716411483820671 0.114930414984355
-0.620109397762993 -0.210631226370393 -0.107528443563762 0.0276417214763732
-0.404799132546437 -0.515554573458918 -0.069381794448416 -0.0384142339694138
-0.239051005319057 -0.704867976885277 -0.0379869032351689 0.00598781598606168
-0.210081555201914 -0.582808595200683 -0.0825259915512762 0.427887784942567
-0.262837086147456 -0.550457858151348 0.00768094234226678 0.295570446565356
-0.462043168015395 -0.440412802259222 0.0516663740173221 0.143363884628633
-0.575478257600468 -0.200117805710944 -0.0189392548930779 0.0988187730734465
-0.509374956420775 0.0523722185465825 -0.10190177756308 0.0875602012465874
-0.414716912172764 0.235217583442409 -0.115830160535696 0.169222309779837
-0.289779388786507 0.375679754984773 -0.108440048364899 0.217047025624921
-0.192110813297827 0.362980785936717 -0.0920904792625142 0.243875833467823
-0.19477914323616 0.38229167511541 -0.0874661496880579 0.232282600579849
-0.31048379676936 0.310437070202857 -0.0758219641805869 0.216737381989255
-0.38492209173006 0.185249268627425 -0.0890168776590358 0.177987134238095
-0.489861861676396 0.0248196951798725 -0.0944433949763467 0.129082517176372
-0.483547395881002 -0.196265273172014 -0.074008046780014 0.0666945875892867
-0.324517291121802 -0.42594994702501 0.0210480866939284 0.0695998394890353
-0.223808014762252 -0.600922383797499 0.0318436371333767 0.212955712554145
-0.202528057933017 -0.379874841755337 -0.0568904121882527 0.582720380216428
-0.22324584541337 -0.326036373215024 0.0556205872359874 0.409986624058899
-0.309993809496055 -0.247814671108423 0.050261174181783 0.175098015197108
-0.34936633912342 -0.110723193387946 -0.0505128984433709 0.0917396269389373
-0.31831060945776 0.0233965303755215 -0.19055606844304 0.11006288242096
-0.277465659675465 0.145985845865978 -0.224634308268111 0.245899621181216
-0.210833728046214 0.248843405208914 -0.19613006490197 0.323198280036504
-0.153788277349311 0.240533438694436 -0.168885558707351 0.346486816385711
-0.167175385891141 0.247037493921231 -0.165241069771411 0.319719728284406
-0.246294268965637 0.182914564509025 -0.16229057933027 0.2655947374577
-0.280992789104928 0.0713182939681146 -0.167042145537606 0.176772250016319
-0.301380847618527 -0.0463247086947162 -0.114766209897407 0.102607265366758
-0.27948224451865 -0.155109729419691 -0.0458226443416137 0.0780754275492159
-0.202426522187633 -0.279293299629733 0.094008591932747 0.148850923037101
-0.175507201647226 -0.411205549945485 0.0946195681354921 0.373878721649765
-0.150381247098391 -0.119769649223437 -0.0267835466636238 0.654042107369085
-0.126448411147986 -0.0609522834024284 0.104790390417567 0.465686431006448
-0.0981889578139434 -0.0409485905177074 0.0567491147600892 0.188203739141372
-0.0778268454332542 -0.0321293560418013 -0.0587971406282306 0.0781682196719446
-0.0918401685295103 -0.0242318423877612 -0.234123670793722 0.123950490610315
-0.11030665904009 0.0265353281367308 -0.280798419815039 0.290138214457585
-0.107655324796816 0.0791808598729591 -0.24497465119908 0.383183712251638
-0.0933254885510663 0.0817923180074811 -0.219182138413926 0.395862331158911
-0.106596155167351 0.082788785427311 -0.229395237851102 0.355247848553387
-0.13512044311917 0.0475112524799555 -0.238530946976005 0.260621395518291
-0.131094038917001 -0.0214854479022471 -0.228075926635233 0.130360452733022
-0.0875396162156378 -0.0662558940191278 -0.122276245466238 0.0491205222799239
-0.0715717303916622 -0.0649137786629399 -0.0196806667734872 0.0730823304032203
-0.0869761634702804 -0.0885390858973919 0.13873869502799 0.200719953876205
-0.120913738667316 -0.169547341730432 0.140813491626096 0.472095979933066
0.0533198792053469 -0.158374822859248 -0.197128849379243 -0.457725359138021
-0.00793829251243603 -0.154379248370034 -0.207647731389027 -0.251101064532914
-0.113486223047699 -0.0999951298292056 -0.0202990353225117 -0.033234368634878
-0.135623263038671 0.0103371937389041 0.089132435112777 0.0231967939082572
-0.0696009870372496 0.0731703313947703 0.250822477249641 -0.0571491197137247
-0.0288725393304833 0.0782130673324109 0.294703467382732 -0.239838771741061
0.0100658282548252 0.0893337976490531 0.254707588576301 -0.346728626833457
0.0182484874637266 0.0904610769013198 0.224612605282213 -0.383280776694928
0.00475419541365069 0.106699421136281 0.22586574829482 -0.378540534305072
-0.0420956113651923 0.0988177000268711 0.249495317213805 -0.294478604870592
-0.087007110838556 0.0909059534473726 0.230735608301545 -0.152515915175913
-0.163490950531482 0.0313563961189607 0.0645035645350754 -0.0838251596551326
-0.131865716986739 -0.0851436047823915 -0.0585573410121267 -0.199904001395325
-0.0075412328936845 -0.122747579453848 -0.115254452437726 -0.419550504483369
0.0529786232153934 -0.0981240335299261 -0.0108865114036095 -0.650521296808525
-0.0249072040919754 -0.37525136528171 -0.162052366114384 -0.376124129903974
-0.0810908433450271 -0.352172221155772 -0.172581211070774 -0.230165855020759
-0.259795377990613 -0.264872707863322 -0.0106310499519774 -0.0216292694134672
-0.337607395153121 -0.0752043007382931 0.0853146344675666 0.0633594597402682
-0.262004571228605 0.091120875345784 0.253371402469674 -0.0143078295878344
-0.184822033745028 0.178218795491439 0.303514710156086 -0.18673009512298
-0.0987673174046219 0.244760573864864 0.252479825057514 -0.287778986324981
-0.053568960054654 0.244691583353904 0.205588572610779 -0.316408100621794
-0.0710208270137153 0.273426126275917 0.191788621188455 -0.311468049348923
-0.170859570136409 0.233878452655651 0.208624270661685 -0.236202944945138
-0.248149854913539 0.174294272939191 0.189061790139085 -0.10753080680613
-0.376718048934481 0.0489980515069894 0.0175465516795719 -0.044513867095891
-0.348138738527123 -0.170149820048641 -0.112787627204043 -0.168470882117485
-0.154799177078482 -0.324934553647527 -0.174291951990939 -0.378609605072613
-0.0352982735020661 -0.364041738094278 -0.0800330178620616 -0.575115774335811
-0.0934063732648218 -0.551293110919137 -0.132396437989161 -0.2249219177791
-0.143230241546721 -0.528991132737204 -0.129495493052832 -0.15699539547056
-0.383982621609811 -0.421082935264681 0.00770628601440964 0.0015039472344101
-0.518616973950545 -0.167381084117775 0.076329949425359 0.0866164504215606
-0.441703110125318 0.0912431394677395 0.215773756387549 0.0161556881259651
-0.332138965221831 0.251701719683813 0.259196246145213 -0.116213959587845
-0.202946219377601 0.364545613380599 0.205603829960526 -0.18733778472318
-0.116522363072596 0.362841219512781 0.15657226851724 -0.200657100797127
-0.123157733475605 0.400711654272462 0.134378024958811 -0.195759256091145
-0.257831827704373 0.347182519579761 0.149381300741369 -0.139618484942037
-0.361449422513986 0.260286321679926 0.131787869358931 -0.0404099639989631
-0.538205404581189 0.0975663781560011 -0.0193967985069975 0.00963027770332531
-0.532808093853144 -0.200172599806807 -0.141094464441447 -0.106363778119728
-0.301688658034337 -0.459005969153351 -0.191368706929616 -0.284680240873465
-0.136883891293851 -0.568208193921405 -0.111847092852112 -0.418715695410162
-0.151534451339127 -0.654313032300345 -0.111362219075916 -0.0217518287238819
-0.208745205118471 -0.642127885139139 -0.0837853308288473 -0.0278720158184208
-0.488575456385097 -0.518561065552816 0.0338324632822547 0.0407226793787056
-0.652574171937063 -0.224496858611078 0.0595311467511159 0.0963544090098572
-0.568133472246113 0.0905216785964676 0.135665139318864 0.0380891389711374
-0.433848139682289 0.293094344686502 0.162578054773132 -0.0295871578565674
-0.274853485550116 0.434588782219974 0.120275714729971 -0.0577669312308975
-0.159455782754024 0.425450952127189 0.0845218278580874 -0.0550163755819268
-0.155551146694588 0.465593529666389 0.0677884895959732 -0.0509188328527407
-0.303322980201029 0.408159342718229 0.0825620210339742 -0.0149737592552429
-0.42005382268026 0.306090978235631 0.067932340735663 0.0447259171128663
-0.61662265710503 0.129662539358119 -0.0453258950610331 0.0691488294819147
-0.631272364532962 -0.197119988817148 -0.134287932936873 -0.0321304681882331
-0.400960316692423 -0.510765282328098 -0.150478882997515 -0.160562121757262
-0.219472932151924 -0.675705493900914 -0.0927329460880855 -0.211454536690151
-0.196930566369583 -0.658596363971939 -0.092476266595767 0.205630601553202
-0.257598854375285 -0.64776159276775 -0.0349252364889005 0.131979309043989
-0.526020413103684 -0.522711034190791 0.0522949792949477 0.0907370754468902
-0.680935014114859 -0.227000459872176 0.027961959866737 0.0980782638444319
-0.593642309329461 0.0836664183280151 0.0238099754910375 0.0611478502762989
-0.458856616403616 0.292357002115048 0.0306489742890361 0.0688416802402944
-0.300179275969249 0.438459378551917 0.0116984289684961 0.0855922627872295
-0.180579624022415 0.42315355792639 5.67433569624084E-05 0.100331630488492
-0.17341387124379 0.456870261109041 -0.0035491194882091 0.0986939715517114
-0.313126973472729 0.396349674422777 0.0111347027780945 0.11312426204502
-0.421959315451666 0.283435248099228 -0.00199775314016424 0.127022061540953
-0.591285837983788 0.111881369376627 -0.0659247630234979 0.115207171730004
-0.612858329799101 -0.185707380436952 -0.104094488708387 0.030283509800421
-0.408862185727615 -0.490593557584438 -0.069813097351347 -0.0377061726261696
-0.255915943316126 -0.675792145914516 -0.0342971745018122 0.0093180155367444
-0.219398163545228 -0.556147354151211 -0.0697433667785628 0.414940370061676
-0.270621876363854 -0.530832194313579 0.0150312268074805 0.285190904450304
-0.466367442186027 -0.41397175006229 0.0579046926662208 0.13644461231398
-0.570726695295358 -0.175249811353457 -0.013352296202244 0.09567105638609
-0.499998624800072 0.0656908875945052 -0.0931508820315452 0.0874493879385231
-0.395931543737861 0.245265868457651 -0.104785627367403 0.164960080646742
-0.268836840995755 0.373444580954601 -0.0967713331470176 0.220484171840941
-0.172147539537296 0.357951143625947 -0.0842785525366649 0.23944578354582
-0.175768442789513 0.377828321202268 -0.0785359240497515 0.227861997019767
-0.292329304434934 0.312244511333976 -0.067433001195369 0.213140124089442
-0.372536917053232 0.194028385420299 -0.0787821537788367 0.177333367923737
-0.475688938758913 0.0399268288868401 -0.0875762723491479 0.129077269429209
-0.477521368556352 -0.175317904100027 -0.070037822921158 0.0671926877264739
-0.329888523079009 -0.405020357276458 0.0227591610424448 0.0642876444068922
-0.238902035895137 -0.574660798489969 0.0384706625347408 0.208033024988981
-0.205064436665934 -0.361460048291553 -0.0422193679313021 0.565047344810989
-0.227443640139874 -0.313986239935159 0.0648731737585679 0.395853528226316
-0.312887381604987 -0.232625300291836 0.0564561534317657 0.169127658614175
-0.347486165878376 -0.0965282105241609 -0.0450922751650204 0.0894711781548476
-0.313591156096428 0.0314203545002878 -0.179981009972881 0.111346815743104
-0.265727348133308 0.151946993408563 -0.208759121474532 0.243130598580929
-0.195829835512483 0.248028609453859 -0.181497876222261 0.325114408385115
-0.14029892694726 0.238459541077182 -0.156695815771819 0.343228338273186
-0.152862909024712 0.245669009689827 -0.15232587974986 0.31532134140782
-0.232587310328629 0.186369200070142 -0.149934863662878 0.262809442607414
-0.27243883931275 0.0794509479175012 -0.155108474244448 0.178028761062324
-0.295265798268751 -0.0342569884861196 -0.108828113190801 0.104340027199201
-0.278796957336816 -0.140698643078321 -0.0410367404883328 0.077196717451784
-0.20653574704507 -0.264978349245998 0.0961598950878261 0.1394292593472
-0.186704981703737 -0.393477038049822 0.103441479984796 0.361275491862132
-0.148080135004744 -0.111519724240546 -0.00974497146610931 0.634768819804248
-0.125497216503968 -0.0581575256015142 0.115283272832238 0.449100900369472
-0.0984005979285356 -0.0375311281405411 0.0617714349521988 0.181058610680039
-0.078097476229368 -0.029305697432828 -0.055039931381602 0.0764296705472863
-0.0921419457772877 -0.0219087098607804 -0.223505437737527 0.125494646879243
-0.107050102111141 0.0292266608206383 -0.26349732592776 0.289276698664169
-0.100786432135481 0.0804816261602393 -0.227837421291325 0.381807101392168
-0.0876627317236716 0.0827985335466468 -0.204035275516247 0.393415115719183
-0.0996610977968023 0.0846322963586261 -0.213509451218988 0.351418350379253
-0.128686779323001 0.0516043072754724 -0.225191937603673 0.260568901295472
-0.128850910278303 -0.015112875137873 -0.217593850414027 0.134727821000462
-0.0876352337926845 -0.0602300232194805 -0.117750795176908 0.0522102774198187
-0.0737191028014798 -0.059195302445509 -0.0155066120119442 0.0715789541993291
-0.0884297102020824 -0.0836053279761368 0.140398168835329 0.188968282625126
-0.125528288003672 -0.160376523556201 0.150712059817517 0.455088443535346
0.0187328785720995 -0.158690767994207 -0.282894135602588 -0.426973357331069
-0.0395964188535852 -0.14113419118402 -0.253425346495822 -0.214260129261102
-0.128301832843454 -0.0695351667704325 -0.025504728016328 -0.0431927549981517
-0.124128723476221 0.0391716306817965 0.0887333452096939 -0.00416102123158889
-0.0503075560955734 0.0813358523949371 0.231026166111704 -0.106216598053619
-0.0143651666927212 0.0779160206159307 0.238368673784519 -0.292638190050515
0.0271758892710386 0.0776429985104346 0.177818741943284 -0.387469563216571
0.0333651705400442 0.0799480874097116 0.143291183460831 -0.422000897623632
0.0261759256370023 0.0970661104831178 0.148960909270433 -0.423653665627579
-0.0187827452588046 0.100664859501605 0.185960945575978 -0.350161648980971
-0.062318241871277 0.100996490562059 0.195583380082094 -0.204054074122569
-0.147171698569537 0.0617597941056727 0.0473733796358791 -0.101408452284765
-0.140216770346836 -0.0575246370990758 -0.0982960998280395 -0.192142918615279
-0.0280067514754579 -0.123287202984338 -0.205679938732201 -0.38629431719009
0.0356470324578293 -0.115250896105686 -0.139688576228388 -0.634416530422273
-0.0939905761984092 -0.344517377520061 -0.224837388535509 -0.366665628296864
-0.149778758204336 -0.314207090827173 -0.208774602072063 -0.210717526858807
-0.299542361961792 -0.193112174838336 -0.0102420702564591 -0.0521762496827274
-0.332062357851101 0.0052975395823104 0.093214658313806 0.0174317296431645
-0.229792979003776 0.138086683267178 0.233211352949327 -0.0745447741512029
-0.14262001958635 0.204015294259943 0.247938845507916 -0.247732079984995
-0.0406232743265942 0.249040218649166 0.175028168965661 -0.332649744418382
-0.00664731029921059 0.240583515975573 0.137918178680126 -0.352700162735629
-0.012307342073123 0.270681867231017 0.129438620182148 -0.351925883869215
-0.115994463542355 0.256864345010717 0.159482454026665 -0.288955284802092
-0.200237117546532 0.211436023641394 0.163941986555559 -0.152988497642249
-0.348749677439756 0.121544522074366 0.0112053301115679 -0.0567259817930729
-0.363128064130257 -0.0948116504940345 -0.140205180887552 -0.15682246584664
-0.215301624958275 -0.287524527796663 -0.242836862999198 -0.328249639097791
-0.108262805664175 -0.354582571427921 -0.180013637071377 -0.534695587391844
-0.19038247564695 -0.495760686973295 -0.160212614241393 -0.232490166414554
-0.24514606994437 -0.4683742073232 -0.146273926525344 -0.153579359471817
-0.450859688654588 -0.312570691307135 0.0175621558630348 -0.0500183938227295
-0.525452143317951 -0.0403210546226412 0.0904430776193254 0.0253255607973944
-0.401641548780525 0.176290061215564 0.194116770735556 -0.0465398727525464
-0.266955882926929 0.305326743379703 0.209942944731737 -0.175215639131116
-0.111071173687846 0.385940067168284 0.13879851502062 -0.229464217558618
-0.0445496524761562 0.365180712928915 0.11101584749378 -0.229396101430786
-0.0377845108609535 0.402310274258717 0.0973287314969488 -0.228904448083287
-0.177786923370909 0.383342357329821 0.119732340966864 -0.182136609948013
-0.292160840994233 0.314942408617282 0.121280578743724 -0.0755257684897583
-0.4935792006946 0.199328869133092 -0.0136138104140497 0.00135766949260171
-0.545696489686613 -0.0858653971608403 -0.151268695196112 -0.0952579849758647
-0.387197000988723 -0.385321467933655 -0.22766971284014 -0.229464983811112
-0.250876911469726 -0.529660050243121 -0.169483691183962 -0.367475397695556
-0.263720211042051 -0.580153176565308 -0.0955793689938477 -0.0382146215133464
-0.329060165943806 -0.562524762151304 -0.0713773038135967 -0.0400717431805148
-0.568572120777592 -0.383585840970377 0.0523610203475961 -0.0271918629662053
-0.662959860643231 -0.0631898261139039 0.0749900469683102 0.0251628131952732
-0.523739909777221 0.202564257101042 0.113481659285112 -0.0159997601906396
-0.355377430754555 0.366588791859512 0.126782944006212 -0.0746292960957278
-0.163424096554365 0.469403102591548 0.0731660187722533 -0.0890624386123161
-0.0730594835443766 0.434358871487322 0.0691193514485942 -0.0721831733104497
-0.0567274285446753 0.471727178986261 0.0608065873549823 -0.0718875633452909
-0.209007474164986 0.451531644526722 0.0785551779295105 -0.0453143417160322
-0.339309769960208 0.370732759511213 0.0763191640500127 0.0220615986236533
-0.563293774747045 0.246039858534669 -0.0263432413823535 0.0647861430875236
-0.641208194814418 -0.0604073759636393 -0.126578697269026 -0.0274877845677377
-0.493037529226547 -0.411618721310053 -0.152940661612772 -0.11763183329335
-0.356656211283256 -0.61366527674298 -0.0994612863017908 -0.163619619916693
-0.306387392488221 -0.576161290503542 -0.0318791642154221 0.185520757934519
-0.378439258866673 -0.560276248969239 0.0093424310860147 0.109006927592594
-0.6053084002783 -0.379606782375569 0.0798591594889545 0.0164448174473298
-0.692336674191755 -0.0582947182443651 0.0432256464780113 0.0305148219282762
-0.549534179154897 0.2036711466541 0.00531080579419989 0.0274740802839194
-0.378508440337599 0.372597303520959 0.0154884621761236 0.0470878410037844
-0.186080266245161 0.479009131543337 -0.00642814020362903 0.0710842880958298
-0.0930952713945786 0.438226249895045 0.0169834546602495 0.0967373941838709
-0.0749466173703449 0.468140802321317 0.0198503750803777 0.0921436625731399
-0.221227188327331 0.44113085990066 0.0342671901219723 0.0980405003051748
-0.346430611174315 0.349903434870927 0.0252914174532723 0.119169620880496
-0.54385891149494 0.224998300658154 -0.0359161424675481 0.116097805093111
-0.619344930935829 -0.0532868169343363 -0.0834605746492172 0.0290162581355848
-0.499773206786569 -0.387918649578012 -0.0438035901925134 -0.014600086590169
-0.393299776699301 -0.603582569544201 0.00501550622095942 0.0419283875614625
-0.308294322836975 -0.476142626457809 0.0281049768697442 0.396757116273284
-0.364995634052134 -0.44754465914232 0.0852552287178454 0.255716849130382
-0.528627799435209 -0.291845707077155 0.0910145211810625 0.0710081766095492
-0.577871880835618 -0.0348052877443376 0.00102154509014409 0.0471406128956287
-0.464941179726335 0.168755850794879 -0.100318105244887 0.0810149430526503
-0.328136803582232 0.315446306267466 -0.094447827810857 0.170180488673503
-0.169742481141152 0.413264738031525 -0.0826251080065677 0.224863681598323
-0.097320100452582 0.375066423068949 -0.0379866377555447 0.251316170231763
-0.0925178468616578 0.393701060374719 -0.0288539745572027 0.237123445129549
-0.218986891375534 0.35984000278473 -0.0213820595515005 0.216680628219063
-0.317277640939288 0.256613331720218 -0.0396991728835607 0.18709328856816
-0.447738121772373 0.133803048611225 -0.054677784540528 0.137088510665298
-0.489293541999852 -0.0679887092734983 -0.0423952601119425 0.0634753776680188
-0.405186347512844 -0.319660486960417 0.063797882131262 0.0650632092518115
-0.355494782891565 -0.504301910650516 0.112616649160433 0.220315996812007
-0.258818114338017 -0.296837193104588 0.0802727970753406 0.554963247673804
-0.277404167109846 -0.252321128030032 0.150988378348847 0.364919478990719
-0.344967632185079 -0.15309873027291 0.0915578043578779 0.122951616843934
-0.34999649401444 -0.0106995939770152 -0.0313774127116399 0.0671209188365984
-0.294287715107733 0.0981237639260809 -0.172616316894628 0.130697733396098
-0.221957815189273 0.203139881440268 -0.17366676050458 0.271954325351897
-0.128431582898718 0.280733797252684 -0.135639097533358 0.347019927108883
-0.0885571032360278 0.255995715815457 -0.0875934046177668 0.367365762550507
-0.096882948188403 0.265316131771023 -0.0847929765696095 0.340481856114856
-0.187256485459839 0.226694718421025 -0.0929956247339946 0.2879646078966
-0.245271742438515 0.13043347059128 -0.115101239293603 0.206598230295762
-0.290163364526308 0.0269229480748553 -0.0813189181765245 0.121661955648669
-0.293743566933215 -0.07453507898537 -0.0141387111128871 0.0754087153954771
-0.256706658801509 -0.208666943292635 0.144354140631185 0.120210014141285
-0.267093276927135 -0.336471299027711 0.199826578114615 0.352215378517234
-0.158854130280263 -0.0748606723780044 0.116549407786934 0.631001638772715
-0.127993163565632 -0.0315520427811969 0.204103071758893 0.420809712813003
-0.100465971132047 -0.0151289620376438 0.0965759350806062 0.159126743043179
-0.0810704182199469 -0.00921790357273712 -0.0405716392565754 0.0782819026221874
-0.094333107210988 0.00134697459393614 -0.200308637637516 0.162728553895944
-0.0944222473504559 0.0535270156195335 -0.207403683396714 0.333144757887855
-0.0756438999055015 0.101673435207248 -0.157307119933505 0.415553510082931
-0.0673947404203781 0.0975895207674856 -0.123091572977755 0.427818292985389
-0.0787104828640049 0.102656360941357 -0.140247884629822 0.392071272767864
-0.114547198505067 0.077172238856329 -0.16819741214549 0.30569876335363
-0.126906988446017 0.0126127117731816 -0.186249959150929 0.178958484166132
-0.0970328446618553 -0.0394334624525792 -0.103532187369324 0.0763719957454713
-0.0833938063824989 -0.0378919690257683 0.00494476922569677 0.0723992189254123
-0.105894705519779 -0.0572525411995164 0.188889411528317 0.154959650521756
-0.158625068058426 -0.121553496487293 0.254996741172328 0.425805989615731
0.0138896058328984 -0.158774156500685 -0.296315427379727 -0.429205502537213
-0.0417221939367356 -0.140903732921375 -0.26359733729248 -0.210225306687864
-0.131205010917452 -0.0654327511512231 -0.0272557194291787 -0.0450332346095999
-0.124245543044603 0.0437134399629794 0.0911603267256392 -0.00680406068107315
-0.0485520012689798 0.0849782631291679 0.233484727947668 -0.114088610840866
-0.0117190650595429 0.0804240094022955 0.232502210087363 -0.303095840748424
0.0288400424049399 0.0776443928006399 0.170531855903581 -0.399546665198699
0.0356432746630651 0.0797260215109032 0.136794135506015 -0.434599230045019
0.02941447220039 0.0974729650216354 0.139999009748834 -0.434564068226139
-0.0171368931091802 0.103159103342113 0.179720827414648 -0.360561975325493
-0.0608979423884907 0.104494825744759 0.192758222040617 -0.213799638942988
-0.146935315870403 0.0665489329521986 0.0457858777687543 -0.10480840432567
-0.143525108478971 -0.0557416658850934 -0.107090321582941 -0.192273465911884
-0.0309625929338365 -0.124921602136648 -0.219405581072215 -0.383516069947749
0.0321426690764737 -0.117508724369748 -0.154480065144225 -0.637215022903292
-0.103570657436079 -0.343079779918751 -0.235711094108462 -0.368395477576754
-0.157512335426405 -0.313099831322956 -0.217840683766189 -0.207803957871537
-0.309391165944526 -0.184880810253659 -0.0118729854708712 -0.0561011931417289
-0.336784096045631 0.0161922287924474 0.0964178632968521 0.0141210556482645
-0.230117588930506 0.148499621589689 0.237043596599549 -0.0833626512922942
-0.137045234132768 0.212972025050825 0.244381716336003 -0.260142605196979
-0.0341375113742757 0.253161308438739 0.172283329867479 -0.343268032183436
0.000174084100148393 0.242367768241411 0.132751797076568 -0.363938133405346
-0.00393429132813737 0.274699097950964 0.123265587887976 -0.361409049168851
-0.110612274271547 0.264959633561771 0.154226431646636 -0.296149651837018
-0.198085167907921 0.222515414654174 0.163439868103743 -0.161043452416662
-0.349776479247553 0.133727261214391 0.0100999942858789 -0.0590421236773074
-0.372640119253743 -0.0872114407954167 -0.148648261141309 -0.154810520658392
-0.225568342024489 -0.28675852723806 -0.255498951900581 -0.326292310946617
-0.121708282006619 -0.355492863618268 -0.193750747115891 -0.535418337681948
-0.202916635820577 -0.493418585100536 -0.16764922384004 -0.235114331560361
-0.25943687984634 -0.467291395986046 -0.153356301855757 -0.151759175010408
-0.466993542869203 -0.301006416326854 0.0167087335707446 -0.0553063772867978
-0.534017552322471 -0.0222640397958872 0.0936914379061294 0.0208182959348435
-0.405230302169492 0.193198475851047 0.199476082349721 -0.0553643604173286
-0.259657219600419 0.319010157982679 0.208330604050615 -0.187947876507416
-0.101563509578074 0.393705085958993 0.13930070375025 -0.237044383634916
-0.033329428191845 0.370127839666341 0.108117400502009 -0.237530892227959
-0.0247378017662201 0.408817154682963 0.093376710931387 -0.235042739487793
-0.169051614234233 0.395874589131361 0.117600809976973 -0.187351426631812
-0.288579208363305 0.330896343631562 0.123613160541402 -0.0812451210335874
-0.495085989928483 0.218901927748546 -0.0134391828552016 0.00129098533070958
-0.559636779211911 -0.0707129494960977 -0.158359757050254 -0.092124817822606
-0.404625791813874 -0.379916122055779 -0.237811919245251 -0.226361094046436
-0.272488530121214 -0.52741707773285 -0.175172138640816 -0.36499420613234
-0.278961962429343 -0.576095104135367 -0.0972825362852163 -0.0400327318000758
-0.347675992678434 -0.561511130792949 -0.0736116667060411 -0.0393894198792417
-0.589382385137971 -0.368812889753979 0.0535311235593094 -0.0337173111916196
-0.675971698009886 -0.0405234791985076 0.0790915280225161 0.0209027383659385
-0.528536271654339 0.224910211944558 0.11860498003986 -0.0228759202047781
-0.347542010774443 0.384566176733276 0.12710817232209 -0.0848744065133361
-0.150928170754152 0.479638831526243 0.0785227558196507 -0.0913830874222836
-0.0620125851069614 0.439714758713945 0.0688159841875818 -0.0756659166790572
-0.0422788727593129 0.479385364437789 0.0603259232667218 -0.0751917198730386
-0.198930545933039 0.466054596025295 0.0798821456177462 -0.0473423165458949
-0.336351401994098 0.390306891878754 0.081298300511185 0.0188584887407184
-0.564034728081817 0.269393958629174 -0.0242706967063468 0.0655683051497061
-0.655283481001275 -0.0418067771867567 -0.130603778227964 -0.0239863354448337
-0.514994568191903 -0.405482173937325 -0.160201705003462 -0.115391776113839
-0.383204421819534 -0.607223897164638 -0.100317873333725 -0.160844926070397
-0.320419218504517 -0.574145605453835 -0.0278705996447499 0.185287907366071
-0.399445648919175 -0.559814791917026 0.0121577418299997 0.109684923992571
-0.627911876785021 -0.36453052003172 0.0830414003223042 0.0100349512024609
-0.706502790758749 -0.0338476002782977 0.0462769430532685 0.0278125614990617
-0.556334626698386 0.225254903823258 0.00937902284187982 0.0240977241780227
-0.372620582339099 0.392738331781128 0.0176562375982888 0.0411605885193873
-0.173056175744563 0.490942359557509 0.00172529916017652 0.0739154148217984
-0.0802479207755711 0.443694575326853 0.0199551548007572 0.0989746618898041
-0.0589871404831893 0.475208392654039 0.0223518452107704 0.092263535793176
-0.212313480684822 0.456656109755767 0.0389236938257822 0.09964314740241
-0.342538536643602 0.369191978018554 0.0323782607271696 0.119115522491128
-0.545212053110072 0.246094131870709 -0.0325409046597456 0.118172802157139
-0.631697211879089 -0.0336400306100902 -0.0841791996014752 0.0323442636875212
-0.5196609706527 -0.378545049051149 -0.0466087087196461 -0.0146468966613989
-0.420947109593971 -0.594996065214268 0.00998476718287869 0.0445483198085156
-0.320198285368664 -0.473756953475878 0.0379371266498258 0.399109241480616
-0.383029459311864 -0.445319593970989 0.0937339857481565 0.25645154761008
-0.546973546742897 -0.279784480658805 0.095877412557214 0.0667321688995089
-0.590098721083679 -0.0157592632502475 0.0033697790970972 0.0456645394136081
-0.471818652055504 0.188083206605829 -0.0975227370249497 0.081517652195601
-0.322477808766063 0.332138689923992 -0.0912225485594313 0.170494402945908
-0.159224870662272 0.423521623566313 -0.0716710298700935 0.233199766790607
-0.0871367724925081 0.38149676954184 -0.031379586628987 0.258335933508197
-0.0794434665574446 0.40138883545219 -0.0235947550692337 0.241151412904985
-0.210608648314095 0.372472813497109 -0.0150723641904348 0.221275810042685
-0.316013802805052 0.273440848222218 -0.0310958282755546 0.189881170525999
-0.45052508654533 0.151933278019199 -0.0507718775358973 0.140654060991482
-0.500676071125957 -0.0515907129591022 -0.0408499571616779 0.0656913208477182
-0.422060723897414 -0.312439643373985 0.0651399072921977 0.0619407554319138
-0.379473227100313 -0.497097673278789 0.122775272293603 0.221353147193932
-0.266265842003154 -0.29505112406593 0.0916284158581074 0.558962794414841
-0.290592525325697 -0.251112169974886 0.163487208943904 0.366169177857347
-0.357830053253643 -0.144879354382 0.0978486912661018 0.120754819723187
-0.358486111846189 0.00134239967587323 -0.0302591002198466 0.0669665057475769
-0.299974903749149 0.110014940519322 -0.171602831670026 0.134666520325685
-0.219453663253144 0.213534661552951 -0.168825296578996 0.277752740087364
-0.120851961863796 0.287309804380206 -0.124881597505196 0.358807372905016
-0.0816830610453006 0.260892132822547 -0.0791401895159836 0.378380336749803
-0.089427814687997 0.27106616456995 -0.078548978558334 0.350047165477397
-0.181857374442407 0.236443022478368 -0.0866220866905209 0.295308843417561
-0.245472043586201 0.141961385147009 -0.108533946613604 0.212542966399892
-0.293231829755378 0.0379544268855265 -0.0788788962239007 0.125837874947113
-0.301124701930204 -0.0645084010938933 -0.0117227697761643 0.076664310979011
-0.268093833880789 -0.203012957450568 0.148095438455149 0.115427213615376
-0.28303808985309 -0.330111043873287 0.213763787833012 0.351960332295039
-0.160885903342204 -0.07302059726895 0.13129258459573 0.638231332146463
-0.132400367373601 -0.0300060099407421 0.217978716805974 0.419754739185656
-0.105341914795808 -0.0124421509880933 0.104353859092919 0.157823244442086
-0.083854422568544 -0.00609860878638189 -0.0398545456117139 0.0797122994229066
-0.0984574461428924 0.00380133068152273 -0.20062966041978 0.169085136185292
-0.0951470177870849 0.057186001650658 -0.201092767633374 0.342598689765872
-0.0726080233482602 0.104577538377676 -0.148736873499164 0.428582914405709
-0.0642627571441666 0.100893232554027 -0.114043463680121 0.440655687625365
-0.0758435826550684 0.106706842926859 -0.132805684955411 0.404079212800201
-0.112814167596353 0.0820820441824697 -0.163210103642211 0.315314507508518
-0.128266960716532 0.0183850623584189 -0.182076963526989 0.187241396906124
-0.099753879212407 -0.0357948806150183 -0.102783530836274 0.0811961358251506
-0.0865822415374769 -0.0333113821362822 0.00787597243525257 0.0730537077638773
-0.110081681915156 -0.054573116200645 0.194913894676349 0.149649664599667
-0.165994973756589 -0.117200809065487 0.269816250864055 0.425281673073439
0.00566231604303658 -0.160030542401391 -0.325378889960065 -0.421763627371819
-0.0472018165947345 -0.139816598111581 -0.280017447492493 -0.197771626857249
-0.135439900494596 -0.0576587733307977 -0.0317700872351759 -0.0465955780940185
-0.12389936709318 0.0523944012767659 0.0924965792924405 -0.0132108901323831
-0.0435362193296857 0.0904069847434918 0.232280839204616 -0.130575652473019
-0.00633292060823304 0.0836044239932992 0.2185651725817 -0.320893491729521
0.0326280429238112 0.0770461339879129 0.15213513680417 -0.418831188439681
0.0402345714418513 0.0779676951470369 0.116290249143321 -0.453963622358849
0.0360771159267299 0.0970258833338853 0.118667269956156 -0.44999320204664
-0.0120607078932506 0.106071589699725 0.161863399948587 -0.376312241417873
-0.0563862135469542 0.110349375027362 0.183134869727286 -0.229671606836563
-0.145350852559105 0.0755838036656936 0.0408482423916789 -0.109849200684907
-0.148923451221775 -0.0497024489052811 -0.121381970170298 -0.189140874132509
-0.0382779664656702 -0.126066957265324 -0.243729787100681 -0.375290641150885
0.0257395713586568 -0.120718998672845 -0.189615829549524 -0.638146469272918
-0.121059212086468 -0.339441817688626 -0.25934007624965 -0.365229275848043
-0.173964706060021 -0.307622639125024 -0.234148421742864 -0.197875739241285
-0.323143328536141 -0.167183165078532 -0.0160062756232532 -0.0602799981799684
-0.34120862854519 0.0386967473161797 0.0995549694439548 0.00678638646474275
-0.226060933404638 0.167156816584843 0.239413612398479 -0.100567245809231
-0.125140686225469 0.225549646669385 0.232434278829966 -0.281523378421199
-0.021569499664845 0.258483976273722 0.15873151658685 -0.360635329682146
0.0131109325068679 0.24533086618435 0.116005871274028 -0.380815294043932
0.01293265233041 0.2781661276447 0.106345430473333 -0.375714982132878
-0.0973254765996226 0.27796626239927 0.140821453643868 -0.309900489372353
-0.189352777354186 0.240792426294175 0.158153877353401 -0.175152334764968
-0.347544793004671 0.157686427190658 0.00685877203737042 -0.0616640424725328
-0.385871168918185 -0.067106937089666 -0.162339809272283 -0.14902431110407
-0.246725803571045 -0.279434586350574 -0.277856662076006 -0.316176899699158
-0.145808428587507 -0.352294276087521 -0.221224670915607 -0.53298612264437
-0.228553858693323 -0.48672720217179 -0.183124802784304 -0.234385832522185
-0.286649807044717 -0.458785407582215 -0.164743706546623 -0.146051912153965
-0.490493203624687 -0.274275008142101 0.0128086381822489 -0.0614819041697618
-0.544526492739548 0.0112467497889112 0.0974271937178144 0.0132078590152455
-0.40229982525227 0.223499943319799 0.202379580290946 -0.0714132000859316
-0.244721269744189 0.341739608203827 0.200220507341574 -0.20751013101322
-0.080894343097667 0.406069754448573 0.133618328142211 -0.250626080482103
-0.013243565914725 0.376714854067296 0.0985076705852835 -0.249533597972377
0.000122187321796557 0.416057712786378 0.0833995856601361 -0.245418180868948
-0.148177563749753 0.414651457970538 0.110138695370273 -0.196352800821304
-0.276201927708048 0.356611764360867 0.123819791849036 -0.0920928694050727
-0.491425291199242 0.253058453165261 -0.0136374575049271 0.0014942460218932
-0.574048557081919 -0.0389111307092521 -0.167606099638493 -0.0839237250606601
-0.433657466588207 -0.363977617352624 -0.255516152590282 -0.217704712009027
-0.310231831130247 -0.517018709392146 -0.195278359108861 -0.35967364191309
-0.309879934726582 -0.569888994809265 -0.100945184781127 -0.0398906506000966
-0.383953649846036 -0.550164882701775 -0.0774816787924745 -0.0364049539582588
-0.622276917179706 -0.338084805306908 0.0528268728265689 -0.0416189463781454
-0.692079599546662 0.00219932432195349 0.0824674203765692 0.0137147229831406
-0.528102749734399 0.263172658468341 0.121480827333176 -0.0347991865348206
-0.330481417250094 0.413596944334628 0.122906149670437 -0.0991213422854146
-0.126220677928545 0.496656844051111 0.0806227027801299 -0.0990505984851468
-0.037478266333847 0.448812150917823 0.0673314596744806 -0.0812849142492683
-0.0119176247961762 0.488229599659065 0.057369059299967 -0.0805576167381738
-0.174861799400182 0.48849126910548 0.0802768194822312 -0.0515965896268793
-0.319654781738905 0.420673865522684 0.0873391456487415 0.0123224079218807
-0.555020356444599 0.309259218146859 -0.02145454586444 0.0673467710801149
-0.670914214008519 -0.00199336124566274 -0.135325092225934 -0.0155402503453794
-0.548723134965749 -0.382314241552258 -0.170403984923665 -0.109393984379375
-0.429319360874356 -0.59223571060768 -0.107459683083106 -0.156028376307279
-0.35411873833129 -0.564317191081177 -0.0183453093602003 0.186068945346236
-0.438122641904492 -0.546436703935038 0.0191024672683019 0.110213879189751
-0.663649832057362 -0.330438771180657 0.0866902116719269 0.00139922981743126
-0.72266738829528 0.0104267801601284 0.0496839978856751 0.0224522998829673
-0.558271751455755 0.26788362810887 0.0126600101150143 0.0187944052384158
-0.355126854963839 0.422254920126735 0.0184542472660964 0.03541419527727
-0.146043887136687 0.508160864247541 0.0120517387349445 0.0747336934627382
-0.0552873445767298 0.454370549302511 0.0268780728636223 0.100576775565992
-0.0303190427076391 0.48584849283922 0.0281157837406726 0.0928042143769693
-0.186815199444736 0.480008218251713 0.0469507388205602 0.0997844826597362
-0.329043206240362 0.399142103816503 0.0431366921498495 0.117299663014877
-0.539885384559441 0.285110892981322 -0.0266959611614659 0.121446422728786
-0.647305281126428 0.0056898143139175 -0.0846408601427342 0.0382516088259779
-0.552839908787641 -0.354038955096998 -0.0496807955523029 -0.0133769746074313
-0.466139339030344 -0.574525042438256 0.0164642878193954 0.045791977687451
-0.347374538291318 -0.465622743623554 0.0591973989835929 0.400920703012067
-0.416052911921343 -0.433575517903496 0.110415545926467 0.254685594845063
-0.577832364537034 -0.251090163672625 0.102788765471529 0.0590692653459511
-0.604368461256266 0.0231353427932992 0.00661848924442903 0.0441429253180211
-0.473266334922046 0.223048129677382 -0.0943162374412868 0.0847430822410684
-0.309986613293501 0.358995172506389 -0.0842877273659866 0.173795904158955
-0.13576628393721 0.438355842016796 -0.054824389541304 0.241961919369028
-0.0659062714073099 0.391441645918487 -0.0170134658266793 0.266827810237607
-0.0556120105125929 0.411289151977907 -0.0110887094132628 0.2470796564908
-0.190712621726569 0.392474859179131 -0.00111429938304309 0.226514071811263
-0.305825739585259 0.300693982032033 -0.0175611509173346 0.193277365367058
-0.447846080527102 0.182017569697213 -0.0438187529650831 0.145381450985777
-0.513557675801926 -0.0211711805009231 -0.0377323640627698 0.0695813182105866
-0.446952568585676 -0.291341010389202 0.0676157003178068 0.0564658084897426
-0.417519073926101 -0.478699533041632 0.14007397886194 0.219590139873221
-0.283788407766826 -0.287330866538316 0.125137391013948 0.561791676594419
-0.311774351231095 -0.239443875712719 0.187138145196202 0.361726022133897
-0.376203213104081 -0.124916330297188 0.107392851565785 0.114898251317119
-0.366633452253881 0.0246021408137537 -0.0264164483606532 0.069230934739192
-0.302636880445738 0.131783038691763 -0.167936437012827 0.144449762261287
-0.210985268808224 0.231226792008119 -0.157120107973869 0.289359478896724
-0.104707888260194 0.298805431643987 -0.103171727103925 0.373692692005709
-0.0677862241457858 0.269212807318995 -0.0590624834200151 0.393024171820003
-0.0733519478116504 0.280246841749676 -0.0608115878006788 0.360606306768933
-0.170162375101762 0.252185986324934 -0.0701078048965128 0.305323564979157
-0.24117742792213 0.161070023114666 -0.0958555640080527 0.221395801724623
-0.295333121026126 0.0576540730350656 -0.0729855414558434 0.132448772613099
-0.310949386805094 -0.0449574153158021 -0.00672861947307261 0.0783763161520009
-0.285010336128224 -0.190191718582944 0.154939453921057 0.106522234785255
-0.30918862815701 -0.314738095033326 0.237995988252913 0.347268513398077
-0.166196519798789 -0.067875900945049 0.166921570334142 0.641292243856938
-0.138783125733789 -0.0241502137756357 0.247331845848242 0.413960477588183
-0.110863770647695 -0.00658565710119965 0.116192133862859 0.153898932349867
-0.0874422609407052 -0.00108458089840901 -0.0364554225715683 0.0832076763728316
-0.102573231943006 0.0101722993554407 -0.196438995212098 0.183689643215812
-0.0945578738187104 0.0648297742482507 -0.185652977383157 0.358934812550699
-0.0669097186215877 0.110365743761244 -0.124924017936519 0.447585684690374
-0.0588444953118335 0.106482686045415 -0.0921935122657047 0.459515611203905
-0.0693171955754256 0.112451081176365 -0.112857272238597 0.42059972733364
-0.108622093928095 0.0906537590985966 -0.147933283331008 0.330371018922593
-0.128835758343347 0.0277037451455203 -0.174087965519604 0.200949022133176
-0.103127910302251 -0.0285739832710375 -0.099076717285753 0.088808334312354
-0.0905833112294221 -0.0258352327086997 0.0137598074967209 0.0735709712295908
-0.116121857441625 -0.0485230564160406 0.204042949847705 0.138905883140078
-0.176827832979331 -0.108267050602972 0.297615530219455 0.418396886128401
-0.00598370717623521 -0.15642024084483 -0.353500570478994 -0.394751835474107
-0.0535410178168488 -0.134713342180225 -0.292579030052758 -0.17346999443472
-0.135614596846725 -0.0457790531102513 -0.0366169052039086 -0.0458756742443221
-0.11766398321055 0.0619188956197425 0.0903591009771456 -0.0211323921195763
-0.0346260859960568 0.0932210578224044 0.221022013261584 -0.148588578280495
0.00163027705537273 0.0836030979630246 0.190965226417804 -0.335759023415633
0.0371350360424423 0.0734811235120198 0.117757753130052 -0.428336717344549
0.0454166753807619 0.0732789436123227 0.0805981484239586 -0.4632197232263
0.0434956325223043 0.0926299645446053 0.0838892296098662 -0.45709772867466
-0.00401930683009699 0.106633894279922 0.132290987549563 -0.385336614791865
-0.0469904077867301 0.114407997869785 0.163877489413409 -0.242844957712134
-0.137717956182647 0.0855360492616312 0.0312401278920518 -0.112639404873645
-0.151976051602564 -0.0390430039313512 -0.136653133648376 -0.176852276107901
-0.0463012324530268 -0.122136360989528 -0.268428870826172 -0.352364191928826
0.0156738559392489 -0.119484037831971 -0.232331420743978 -0.616184464702447
-0.14364444478832 -0.324787104325534 -0.283729342230152 -0.344622178610789
-0.191762659344717 -0.289916422506415 -0.246664238739535 -0.176988445316402
-0.330451934478287 -0.13766538855466 -0.0230132605148267 -0.0612410994776127
-0.333487539198354 0.0660916114220855 0.0987564398943717 -0.00250131115324969
-0.210747987179161 0.185156499253344 0.229614615793645 -0.12168342486026
-0.104423715773234 0.234345068138081 0.206593471138587 -0.298071405222557
-0.00154371958243972 0.257681745472723 0.131682843860033 -0.37272511331785
0.0314531163433535 0.24064559693199 0.0875214892701522 -0.389461941501426
0.0356024927081872 0.272897058295416 0.0769849789730523 -0.38181146768211
-0.0743913107191765 0.284596133016733 0.116906496012719 -0.317403353058991
-0.169260084467107 0.255202803259052 0.143494927333608 -0.187921069261341
-0.331336775601344 0.184319501322244 0.000532489219233837 -0.0618921447965072
-0.3895844064961 -0.0366163271781711 -0.1739224450615 -0.133571302189383
-0.26617070323616 -0.25766048628263 -0.298973037171043 -0.290955135448797
-0.172533581578425 -0.332992407761568 -0.255341888100539 -0.510767276809188
-0.25875023321867 -0.462605944554521 -0.197974777121289 -0.222183219225773
-0.314249426474804 -0.43051181094154 -0.174077049937648 -0.131115742387659
-0.504881139496688 -0.230139762168577 0.00644895123092667 -0.0659735909013954
-0.537161099265282 0.0566374418739602 0.0973819344830803 0.00330066872721827
-0.381328261789943 0.256079733618179 0.195711526531412 -0.0911589380821794
-0.213806586312788 0.359091627422194 0.179351352026489 -0.224899156485698
-0.0490267715666339 0.408137652072565 0.116500634646453 -0.261511170843483
0.0153796849887329 0.372241568390563 0.0797917080338456 -0.257822497536827
0.0350294161524807 0.409597625468658 0.0638748990000048 -0.250630831694414
-0.113948023478843 0.425042030926216 0.0965300065193282 -0.203165055665631
-0.245385982553759 0.378357388519263 0.116921503339548 -0.10410106608094
-0.464598371101252 0.290549756135626 -0.0148843755021505 0.00134687317000506
-0.57433480759187 0.00785686190994911 -0.173628362844752 -0.0688927727829793
-0.459948408676389 -0.325455230079858 -0.269798886421116 -0.196172033857932
-0.350113044137009 -0.480288357386215 -0.214990808463843 -0.342185112034143
-0.344299625519833 -0.539586507871552 -0.10260198388381 -0.0366097457989507
-0.419809442104923 -0.515418790147611 -0.0782532234062419 -0.0301647595599188
-0.640883078035633 -0.280990479306997 0.0482455007722625 -0.0499655611561078
-0.68231455866369 0.0602247845231173 0.0824927120516724 0.00484058518202221
-0.503196871670683 0.307197729824908 0.118293874767671 -0.0490464280219578
-0.292636158495399 0.437880071806294 0.110774943534196 -0.112755938925455
-0.0862252428658623 0.502051808600445 0.0773469229240218 -0.106666824369303
-0.00362979143581204 0.448066418368032 0.0620712271238168 -0.0869890734842809
0.0283652058709501 0.481126920499684 0.0506080330067805 -0.0844288275881842
-0.132738037882762 0.499539849612471 0.0778758335277041 -0.0572043323658335
-0.2849890708733 0.445253511211137 0.0897636953844703 0.00213042022645201
-0.525490827941884 0.352120746978428 -0.0171244533167659 0.0680138357691448
-0.667513031997909 0.053545157335217 -0.135381099259574 -0.00414319202952705
-0.57339495237051 -0.334735591507252 -0.17790082647842 -0.0957181962565693
-0.471474904085458 -0.544564566210419 -0.113529522298898 -0.146729502484772
-0.387759512149541 -0.534184451891077 -0.00415378053758146 0.181704811648094
-0.474430633101848 -0.507419095731414 0.0284677495850442 0.106730828720215
-0.682948289932282 -0.271823045273051 0.0861297374468298 -0.00931572892842257
-0.714872989210716 0.0704299840074477 0.0516136876402747 0.016312892332769
-0.533190525912889 0.31509050684452 0.0138570805165422 0.0130085022028537
-0.317583752632738 0.448500753547769 0.0178368402933925 0.028590185705876
-0.105198436563303 0.514561600562664 0.0233820637371109 0.07163578800033
-0.0201776614628574 0.453520215255656 0.0362421878320643 0.0978350283789326
0.00857522602002323 0.480463814119729 0.0346399460495864 0.090435534664379
-0.147318667780915 0.491306086716466 0.0563086936613238 0.0958488109069507
-0.293870383721707 0.424822924086186 0.0543069198956872 0.109451640400373
-0.510086534374608 0.326548008230908 -0.0178893937041694 0.12244988800271
-0.641900149254447 0.0597622649548324 -0.0803666537253075 0.0454608200171258
-0.575399095326899 -0.306139138521619 -0.0518443508166322 -0.0106687359006349
-0.507775402293849 -0.525765185937405 0.0237543655779723 0.0449915548327489
-0.376423823513378 -0.436317575402824 0.0890637556969461 0.389518824608687
-0.448089998145926 -0.396859240072898 0.130942831293655 0.242203062488601
-0.595388734096608 -0.199291820607256 0.107533788467108 0.0472917004483971
-0.597937215763052 0.0748469748461046 0.010929574780311 0.0410508909148326
-0.453417047624256 0.263699520019438 -0.087563710478048 0.0877617074518795
-0.27802780746664 0.381629058708862 -0.072829070477609 0.175691687252523
-0.099228159087396 0.445063305090622 -0.0304986305630866 0.243417171369634
-0.0349954534613864 0.391940288634371 0.00526200630924236 0.267709354675297
-0.0214804491103826 0.409723981068868 0.00778824084482174 0.247505994218622
-0.157799142459665 0.40450477200416 0.0180790100535594 0.224975438930133
-0.279127711854335 0.324548698347333 -0.000179952133866522 0.190177658616712
-0.427945507367112 0.2184932639906 -0.0328096884308085 0.146865257812985
-0.510418433429783 0.0242084008090249 -0.0312975191495422 0.0718243591960988
-0.467509572441791 -0.25181482010957 0.0695072997462505 0.0499123710794187
-0.451220309812981 -0.434668661170593 0.158503968530873 0.206934814030467
-0.301027842275487 -0.266025331511766 0.165074645909684 0.545518484831533
-0.329610133883309 -0.213355859027805 0.214401508297511 0.341864388431572
-0.38608782022156 -0.0917313928952165 0.117472205742623 0.103655387135675
-0.363684985710348 0.0560408091340939 -0.0202811456000532 0.0686977293691608
-0.292421801995185 0.157912227485554 -0.156120725337091 0.155012995421219
-0.191798815036897 0.247569874096749 -0.134652155790518 0.296723675911266
-0.0796035059800339 0.303387626703786 -0.068954431847503 0.37900699029431
-0.0458794540124218 0.271062881027819 -0.0269145320064545 0.396877211727786
-0.049174353672056 0.281972885441187 -0.0322991854326911 0.364173861700643
-0.14696318888548 0.263537636345834 -0.0446856522142754 0.308520102044617
-0.226003919415234 0.180433628700447 -0.0756296783026821 0.224748568301462
-0.287335720379467 0.082640571125031 -0.0618037139941743 0.136223097274313
-0.311288875829971 -0.0162234655003531 0.000538564497502366 0.0779190064421087
-0.297239734250733 -0.163943274046525 0.159600278093678 0.0917555409968771
-0.332278689139657 -0.282658577355665 0.263792802990694 0.326624047670919
-0.168553769436847 -0.0574714583827816 0.211011428367432 0.621911105278815
-0.141089266739571 -0.014081611422323 0.275228561126928 0.388058634479848
-0.113343490562263 0.00277516553171205 0.128488307027958 0.142420020265105
-0.0881084343292839 0.00694428257705734 -0.0294927842402064 0.0843428549615403
-0.103504977360434 0.0197179752129472 -0.181652917755653 0.196936292921765
-0.0896506953939046 0.0719626030025323 -0.157020908260667 0.368822173705015
-0.0568725049315035 0.113883339096006 -0.0874190058506319 0.454664289987065
-0.0495910066370653 0.109775416082524 -0.0546099092029434 0.466102231135506
-0.0590460291459649 0.116815705064522 -0.0795398973933671 0.427812351135352
-0.0989221094624285 0.0983134055810644 -0.12122863397811 0.339865231840209
-0.124755029570622 0.0388500140637327 -0.155650852740612 0.211978686731624
-0.103129255195925 -0.018750254249075 -0.0909664487691444 0.0962291668810319
-0.0919648367586451 -0.0151915439222195 0.0208921915619097 0.0712169773061327
-0.119871836533615 -0.0381692111471165 0.209590876060339 0.120931405647124
-0.184537800461007 -0.0914276710657025 0.327717207632724 0.394351260876114
-0.0149959636709378 -0.14638473320205 -0.361733534295342 -0.355737331024921
-0.0561235771062138 -0.125418492682582 -0.290007260234029 -0.144237908854708
-0.129575388120463 -0.0350360220566997 -0.04038865012908 -0.042591828800947
-0.106739638995856 0.0671023420691227 0.0837547340922982 -0.0270773902492092
-0.0256299372778107 0.0908631943652206 0.20103479721539 -0.157593558650516
0.00888394331647794 0.0804711614675526 0.159155629953151 -0.333359408185275
0.0394305697445734 0.0682705013508536 0.0837874042083384 -0.418897937642232
0.0473155095720975 0.0663084859234809 0.0465494754882655 -0.4506909345178
0.0474705735580208 0.084587358087958 0.0504833697703302 -0.443026155343602
0.00240173415999033 0.102796613546289 0.10112035501314 -0.37548558105576
-0.0372460026767085 0.112564623642699 0.139176673828309 -0.243089607173235
-0.125183917055244 0.0901343902483927 0.0212438061974048 -0.108952256377292
-0.148075248125247 -0.0281315398977373 -0.144172966656959 -0.158476910027122
-0.0515817232001308 -0.113080874448714 -0.277483291839022 -0.317860533326888
0.00742914152322954 -0.113129707206076 -0.256625213402613 -0.573324724074237
-0.155267492569106 -0.297635076642432 -0.291590841750502 -0.314346590202298
-0.197210814692824 -0.264212011566775 -0.245950650000019 -0.151953974896477
-0.320592131242273 -0.108267927829971 -0.0284364174381263 -0.0590018619006727
-0.312077841025332 0.0869489310562101 0.0928367674784202 -0.010465622585522
-0.188060828109235 0.191858486969302 0.211156141575409 -0.134224613852132
-0.0823934805625863 0.231096222431134 0.175217561729268 -0.300584749103574
0.0149494701792015 0.245881196743232 0.10234895116483 -0.367155357104696
0.0454692117625548 0.226900678296112 0.0579578962898822 -0.382491111081951
0.0527787970134989 0.256885016127299 0.0492425604476528 -0.370757031683595
-0.0515045093398073 0.277413003783451 0.0918562479783635 -0.310511448535992
-0.143847329894111 0.25614675921788 0.124656438580731 -0.190712626100079
-0.302909723962233 0.198386610944954 -0.00498342813759583 -0.0587408938907516
-0.375135551544931 -0.00855787292281748 -0.175570407239064 -0.114060114683192
-0.270051326638127 -0.227174346326259 -0.302324940602496 -0.257932279491109
-0.186873854446591 -0.302038518426944 -0.273026915442371 -0.469968074182113
-0.274446865107238 -0.423766037364376 -0.202318204300133 -0.203485602919502
-0.324195683319908 -0.390002218441839 -0.173080991833728 -0.113207835738839
-0.494258656665385 -0.183595160991423 -0.000392256580765071 -0.0663362068460732
-0.507973866764612 0.0925443113291658 0.0921672548881442 -0.00518603918673124
-0.347300469521531 0.272983973882517 0.180404252257823 -0.103761822709319
-0.178299932798276 0.357639883687935 0.152393239246412 -0.228838268228487
-0.0195474509600035 0.392765762424682 0.0964379721230594 -0.260523176367024
0.0379941811161881 0.354147524700141 0.0608797005587145 -0.254518684776187
0.0615325432581219 0.386204668254981 0.0449590869809243 -0.243866624223292
-0.0796022451845405 0.414939835785467 0.0808318954908775 -0.200596084871926
-0.208811476554479 0.380654511370719 0.105753333530996 -0.109856453803917
-0.423644174621769 0.309348125267003 -0.0156211084590307 0.00344559085388951
-0.548200770705486 0.0488141872800532 -0.171027845595951 -0.0533709443344351
-0.460013812103712 -0.278299976273958 -0.269780544116357 -0.16911686937328
-0.365461777569256 -0.427831957934692 -0.222200987486919 -0.311469666728608
-0.36037690431483 -0.491326172943991 -0.100388283100622 -0.0333566855136254
-0.431149678445969 -0.464072089007501 -0.0749216366106372 -0.0245099914222744
-0.627708195348133 -0.221201872666428 0.0412313216861794 -0.0549490229841118
-0.64747705092123 0.106328534718593 0.0795498507318254 -0.00378067334799348
-0.459856157792969 0.332559622495722 0.109059335710949 -0.0587127324296629
-0.247525614581756 0.438781304724585 0.0939796449293779 -0.117841006056275
-0.0479155555334016 0.483242833594032 0.0706328052213307 -0.109743762581344
0.0256524640120118 0.426804053551485 0.0550536747320397 -0.0891521580807222
0.0596692792970989 0.453824050556694 0.0430887947158 -0.0837602564088165
-0.0931041309531363 0.486329599896417 0.0732026980104412 -0.0597531255272503
-0.240769247960855 0.44739166792288 0.0872709789176171 -0.00720976166009216
-0.475743879315601 0.371937898582227 -0.0135614267897999 0.0669949542616582
-0.634459385839583 0.0974464197634371 -0.129603728556304 0.00600622538902391
-0.56888100702575 -0.278276490771815 -0.176584258026746 -0.0807499792936739
-0.485953914498189 -0.479646611847011 -0.112917943002985 -0.131895374201385
-0.400923801406413 -0.486043787603757 0.00723700797156876 0.168358841477983
-0.48502111048031 -0.453755926856593 0.0357163678147485 0.0981279849698198
-0.670884643102395 -0.208812926793933 0.0814127045532319 -0.0186131059475137
-0.677269856061762 0.120612457238548 0.0509007053099404 0.00946029435850945
-0.490196559062013 0.341046911889851 0.0136589963983592 0.00785192727586732
-0.271890688145566 0.451418861880424 0.0148649296723751 0.0230864042629235
-0.0644938518687375 0.497000650247123 0.0309749864079398 0.0644928790886776
0.0102200960169591 0.433786300375201 0.0426284129930418 0.0906605845663493
0.0421559384503614 0.454921765554451 0.0390782785653975 0.0847280254511623
-0.106925799952828 0.479676907455422 0.062543426618627 0.0869585995468556
-0.251229803907382 0.429063051600402 0.061026747076817 0.0971013768039599
-0.463613153593288 0.347544842324164 -0.010256140547066 0.117817177951247
-0.608357729528379 0.105519526166325 -0.0730075127382306 0.0480570408738166
-0.568144651564833 -0.250797911787103 -0.0515521142392062 -0.00819499511146817
-0.517753959599171 -0.458614758529215 0.029224254217847 0.0406746160804541
-0.383499256571574 -0.395308033494604 0.108235042952026 0.361892641523361
-0.452904737284078 -0.350611231621941 0.14123562277743 0.219969286858256
-0.581901931681356 -0.147023232743923 0.106679328908535 0.0346575246335758
-0.565649223461845 0.115579930877203 0.0142896933187447 0.036102465793006
-0.416745399476737 0.287558690090877 -0.0782306510545513 0.0873363228906564
-0.239441419042752 0.385540099224159 -0.0612716624084073 0.169731528330391
-0.0637528748060066 0.430428267264322 -0.00861948699821564 0.23345655391511
-0.00804194898534999 0.375832879492579 0.0246410056468791 0.256667719134124
0.00856537536807163 0.389596801123624 0.0237021591930974 0.236909391487922
-0.12077513108329 0.396427774744499 0.0335024063777392 0.212927730820567
-0.244009127769701 0.330605876338336 0.0138362045377783 0.178695817332417
-0.392042826441906 0.23853933896508 -0.0224601967779649 0.142780048712003
-0.483937720742531 0.0611836446609829 -0.0246053171204754 0.0701502502248947
-0.461552549335358 -0.206568782141187 0.0675836977030888 0.0415430963481713
-0.459306946482818 -0.375389458243652 0.167718409540187 0.187172590032667
-0.302853445099239 -0.238362223436594 0.190520402300055 0.507786136458429
-0.32988346198156 -0.183645781295082 0.22659477020159 0.309713065450109
-0.377393926067404 -0.0583041824926998 0.120174415357153 0.088761687386343
-0.345171383791541 0.0808407449638924 -0.0134120465582349 0.0656988258063141
-0.270190064359237 0.174381263559586 -0.139340756346232 0.156727200040921
-0.16714641589928 0.251046212663191 -0.110530050701717 0.290966189273378
-0.055100810193671 0.293270276297366 -0.0372337359227255 0.366540013632115
-0.026101178423572 0.261904991706245 0.00227860479442553 0.38344665865689
-0.026679039981462 0.271053817934364 -0.00676745793580389 0.351402241143939
-0.12114260947101 0.261623870899147 -0.0213349901179485 0.297268569906714
-0.203153652613968 0.18963932267059 -0.0558129428754994 0.217606952450432
-0.266224519404342 0.099434620112421 -0.0504127083724469 0.133828308190642
-0.296678932340297 0.00895796685815039 0.00649781270279367 0.0736355099366092
-0.294939398533547 -0.134881170992501 0.155259119438866 0.0758358050582458
-0.334983519424183 -0.24316213482859 0.274638929108772 0.294408977997853
-0.164619865649314 -0.0471301692090806 0.238177474654165 0.581306217328251
-0.137379242749406 -0.00453779760198017 0.287574170078781 0.35033149055741
-0.111080923434368 0.012595537778325 0.133535852466152 0.12599298643949
-0.0852381996617423 0.0142624827979356 -0.0219735677593511 0.0817424167866047
-0.0998985532790119 0.0275023617695893 -0.161608759532753 0.200499721040207
-0.0821044604260932 0.0760790806040862 -0.125574794962553 0.362208298650943
-0.0461004753432859 0.111686872865884 -0.0512963007698019 0.440878724928119
-0.0397265451165341 0.107964156209387 -0.0201881448386944 0.45239745387182
-0.0476323932849061 0.114860426041894 -0.0474220087049258 0.414858971733495
-0.0866063472544603 0.100713882887933 -0.093050261272477 0.332516301810202
-0.115694334756818 0.0465966058399867 -0.133142726586469 0.211856928403241
-0.098910050413295 -0.00945464215706305 -0.0797771367434119 0.0973734934877092
-0.0879750610479828 -0.00522445229240524 0.026043707283861 0.0658518249529558
-0.118166336882149 -0.027727350707026 0.205601821142752 0.101017056828937
-0.182995123546429 -0.073554833431024 0.338356113822336 0.35585144257137
-0.0411242025044652 -0.130450230886627 -0.39385684483149 -0.275143714698435
-0.0691515489830348 -0.103704524300961 -0.295705185823403 -0.0887324583116421
-0.120899628450953 -0.0150339748478759 -0.0549024310282272 -0.0380842121976363
-0.0854404844436759 0.0737993126468828 0.0643591881946736 -0.0390258007337582
-0.0124951277043214 0.0809498008862435 0.159881903009622 -0.175978632873543
0.0162066591069192 0.0708229509318591 0.0964556764110772 -0.335202550936911
0.0417820591188331 0.0565157107998847 0.017440438359529 -0.408832085570388
0.0492132370012707 0.0536370320851677 -0.0259493676597593 -0.433241208850313
0.0518648977285333 0.0704919161276848 -0.0255459887700997 -0.428005119949551
0.015537396359547 0.0931841088033311 0.0293707390692557 -0.371479554807755
-0.020869539578517 0.106141329909484 0.0881657160479493 -0.25215716928523
-0.10518907102656 0.0993529707772542 0.00335160106890967 -0.106776999819547
-0.141228288190706 -0.0106473819661958 -0.162807230101761 -0.123888209193864
-0.0646817046894081 -0.102440156010112 -0.304734574534459 -0.244321096075346
-0.0123159190620683 -0.111935092319397 -0.318231701045424 -0.491527803089807
-0.185640948502448 -0.253109430110024 -0.329057678615088 -0.257523451147734
-0.2167372169199 -0.211564008435849 -0.2606153993584 -0.110337642227002
-0.303957634989317 -0.0542578176223852 -0.0580589700804747 -0.064193185816508
-0.267506329921511 0.123706341885659 0.0625427365575619 -0.0319597513548967
-0.145394448087775 0.19722138167749 0.161397835577802 -0.151235675111461
-0.047746831522877 0.222882908945112 0.111853445901694 -0.300866299271728
0.0449226307144969 0.222356171323726 0.037592269902006 -0.356901207070691
0.066905088365941 0.203184343471848 -0.00553755581521633 -0.370080845939221
0.0805927710982435 0.229007853941944 -0.0170547261839449 -0.362705312929399
-0.0100995916381411 0.264529673603249 0.0297401230695234 -0.312500651642674
-0.103744482342626 0.25381058340659 0.0844733111176125 -0.202599177044545
-0.256180138071594 0.225368809770033 -0.0107903635639266 -0.058817974010405
-0.347722023138779 0.037212208026282 -0.187811745853582 -0.080958383033913
-0.283084501224063 -0.175663867634451 -0.31508349693179 -0.189644395013228
-0.216463940813202 -0.260170243683734 -0.314795005537418 -0.395984460730009
-0.305554453314092 -0.353612753331908 -0.233240260961512 -0.178187869047307
-0.350010090378869 -0.308745930126145 -0.190179651839934 -0.0941789442716649
-0.472109072645652 -0.0969841355178145 -0.0436198020082943 -0.0843778689506151
-0.443318378789107 0.160113094259708 0.0506623933597197 -0.0354483309594806
-0.278916410958572 0.295726426258581 0.126095332817092 -0.114209093690597
-0.117939083499264 0.353878261769739 0.0960892567980204 -0.225480250367255
0.035769750318513 0.36182689194792 0.0444238334831153 -0.249441196446169
0.0768077750116598 0.322007779876186 0.0151411923160572 -0.248290675227242
0.107581728490762 0.347928148791359 -0.00224507183335236 -0.243680343709807
-0.01585877145095 0.396956394607223 0.0344182390518994 -0.20842687201124
-0.148442348789463 0.378020219704439 0.0805350028620606 -0.125300373471087
-0.352264027577776 0.346618916482719 -0.00951865933219399 -0.00163296556546303
-0.500375950084677 0.112265123661278 -0.174820614761491 -0.0263348658650079
-0.464760393322861 -0.194516867547 -0.267432007869111 -0.116869529892244
-0.398408731947159 -0.352802382070502 -0.243564816944639 -0.259849889569591
-0.391791333121158 -0.406047728638868 -0.11466052639016 -0.0428486164016419
-0.456202466348579 -0.36196101859889 -0.0869789215979209 -0.0322321450743813
-0.59862720837111 -0.112138451036012 -0.0101317845084649 -0.0859214090035956
-0.567674306856565 0.194140532619257 0.0302773364913219 -0.0364920905083026
-0.37314195597761 0.367776209278625 0.0585859262681743 -0.057397954568386
-0.171429718712509 0.439964466275073 0.0546268166700445 -0.108290222528657
0.0251149178064212 0.448607410056638 0.0392246750702684 -0.0988362212283671
0.0751044555649128 0.391183610332517 0.0356019399209441 -0.0912418065946108
0.117383003031398 0.412026054889126 0.0211713045470942 -0.0928489193780159
-0.0180499423358721 0.468512401216457 0.0501649383004611 -0.0760249394207135
-0.170702567771982 0.444951068013091 0.0806610393101864 -0.0274273241023329
-0.391777756973248 0.413706765128966 0.00383247734415178 0.0555607509536855
-0.571117257702991 0.17014930445486 -0.127062286893745 0.0209754148836352
-0.565513945390885 -0.176859522023657 -0.166022967116412 -0.052187723132871
-0.514846971887851 -0.382100115556878 -0.114979355258358 -0.109435876609608
-0.423621347252723 -0.394814155535338 0.0170048084372184 0.126710715077947
-0.502733746061406 -0.347279282036291 0.0353205298164607 0.0621709493139422
-0.635790812672877 -0.0957868512726555 0.031365299738212 -0.0590235069455457
-0.593673431151194 0.213073397224125 0.00354290536390226 -0.0212299063437377
-0.398341414665031 0.384163299554803 -0.0213941924055778 0.0210979073625844
-0.189076577412377 0.45588229898061 0.00188103682702164 0.0379928909651825
0.0130265455761115 0.465636419111189 0.0274922301520887 0.0734516166335915
0.0622393063390923 0.401116895185412 0.0518339452028434 0.0801611030229374
0.10193189720955 0.414198052665484 0.0444464908461339 0.0676650691471074
-0.0300762815987176 0.463766482391864 0.0649411934878435 0.0637554168963611
-0.181179008029399 0.42907421565264 0.0743850761202628 0.0748023933786575
-0.384070816144376 0.389484584264015 0.0147811990143819 0.102801740858858
-0.545307213302496 0.174219600281416 -0.0677666693391982 0.050808345637894
-0.558260284900595 -0.149691760520836 -0.0394920090618809 -0.00669344845723245
-0.539474233463467 -0.356646381161999 0.042168566144945 0.0295320978998955
-0.393124946212507 -0.31404620066874 0.1436842422696 0.293129403599986
-0.458954925202414 -0.258900561205074 0.154916267932693 0.162462441513199
-0.548318484014721 -0.0505790910063478 0.0690082145563331 -0.00810573389285729
-0.494437604435084 0.193311628705752 -0.0193092932158913 0.0144591116326529
-0.339002910757089 0.326953782188346 -0.0900713878299261 0.107719256155682
-0.167434016708455 0.392516216410062 -0.0446884990893307 0.185018087301375
0.00462056229735749 0.403892274792424 0.0169769300815113 0.237166323842065
0.0397254757432236 0.350643306192406 0.0612272125092472 0.239186529929522
0.0623126541535955 0.359867337882113 0.0559101990670844 0.215424004832715
-0.0552247095539144 0.388335942816998 0.0606692898607684 0.187796368276303
-0.186076185630907 0.338592089872863 0.043986817375124 0.159380020198129
-0.33248609279628 0.27799427867146 0.00789079680681668 0.129573465363573
-0.43572572462215 0.119057649622224 -0.0166131280184874 0.0627104610895735
-0.454803614688495 -0.122477020293593 0.0765407619578184 0.0204410564457562
-0.471485979434411 -0.287995427078723 0.189903714594965 0.145456842390072
-0.297988712598937 -0.178997384609733 0.247285811338281 0.424272556076537
-0.321413086919926 -0.123967922381327 0.2529189098629 0.239048685223074
-0.349955915938971 0.000661572467164825 0.103195123811802 0.0499218744408854
-0.299104824364327 0.129983954657038 -0.0260412161896602 0.0530018674224296
-0.220212029734105 0.204349546694141 -0.124907116441824 0.178578534841037
-0.117031296985587 0.258084101582909 -0.068176104082856 0.301894770363653
-0.00530556522652109 0.27736830425308 0.0127175498910794 0.364655865782223
0.0103400268216266 0.247455310181484 0.0612264447119951 0.363025019008291
0.0152337007013495 0.255055678057792 0.0476300775931833 0.330492314119404
-0.0745746407495519 0.262900842911607 0.0256150941970326 0.277776552602105
-0.1643303729995 0.202790747812908 -0.0148745087004177 0.209804990070291
-0.23448851738322 0.131230802287366 -0.0212504998784735 0.128971574880231
-0.269580150044203 0.0481647960704862 0.0154177919452662 0.0622858180155656
-0.289050669422675 -0.0803336447706412 0.159634255431931 0.0395268642953912
-0.337760672887859 -0.178391632020139 0.303115089928226 0.231399949747671
-0.146267328133842 -0.0206835602904721 0.309844507144423 0.493828254628589
-0.120940924102042 0.0122446271502826 0.321353531761536 0.276776356857785
-0.0978773437700791 0.0276603567805347 0.138989389565203 0.0929767709131773
-0.0743091433934567 0.028635714704851 -0.0136854776394624 0.0759445395287343
-0.0847958754370333 0.0457252728157728 -0.125849060903047 0.21559013837621
-0.0617058924461768 0.0843223540602073 -0.0661055251498751 0.364197719158295
-0.0223972539976988 0.109098584119224 0.0141963431227391 0.43105364235771
-0.0200739990482146 0.107130488891604 0.0507259403882408 0.430044457921827
-0.0245116835504113 0.114100871237074 0.0221172038094056 0.399237756924402
-0.0645368083557229 0.108117827015848 -0.032592826559471 0.325861553451263
-0.100694110089808 0.0598651774355872 -0.0885984023922949 0.219489100013202
-0.0933944740296245 0.00706707136523928 -0.0561952453462799 0.102764851353165
-0.0797184165563504 0.00912732782473052 0.0350638276481315 0.0545344764815093
-0.111735036466841 -0.00585704994218685 0.206530426852085 0.0569999821833762
-0.174628587260563 -0.0406718272830743 0.368800499874963 0.279855295936078
-0.0362676118054991 -0.122735698800752 -0.373146448055064 -0.269513930434814
-0.0624283889673182 -0.101322678652919 -0.279732668995432 -0.0856283037632894
-0.113547109876689 -0.0174411466299016 -0.0539712621831256 -0.0366630717618025
-0.0814853551658234 0.0689911223264821 0.0609821679458306 -0.0367114210112489
-0.0125383645901962 0.0768780310095637 0.154955035440135 -0.167623384817922
0.0154120905051852 0.0675653202250041 0.0946446580736382 -0.31915592420868
0.0394636539360245 0.0553292389070357 0.0186547568911245 -0.392106856119813
0.0455955462695216 0.0513703844371258 -0.0228194280141415 -0.417224613808113
0.04827875000379 0.0672829331321081 -0.0195666133257332 -0.410110426942288
0.0134099739304637 0.0899974184486602 0.0327038431651773 -0.353879693034713
-0.0209174995745856 0.101034757874914 0.0860552572608699 -0.239533834074327
-0.10142354303559 0.093290773491243 0.0038893857744629 -0.100782950322115
-0.135686446331327 -0.0117267282297849 -0.154534410026837 -0.118189953131441
-0.0589296793254972 -0.0988851970551256 -0.288155910218565 -0.2365045310496
-0.0088983552968073 -0.106827106104538 -0.296857967012819 -0.473652799961999
-0.172899493523488 -0.241729010137765 -0.310536970584846 -0.25354430828466
-0.202158602334045 -0.205370293430253 -0.24542870205672 -0.107043758491713
-0.287721245654884 -0.0550826949192994 -0.0568194503277768 -0.0620300041590392
-0.255048662380085 0.116053293993146 0.0590285839766023 -0.030519727402853
-0.14074208278402 0.187972628000985 0.155166414766547 -0.143960191718567
-0.0461215402617515 0.21257290069292 0.10745807649628 -0.286087853940246
0.041215584931233 0.213581052108043 0.0384799826190795 -0.342316804872014
0.0611868835675166 0.194990486747522 -0.00281925846544189 -0.356838582216926
0.0750165729099189 0.218013855840033 -0.0122506593797266 -0.347600070484323
-0.0119390287421047 0.253867211798577 0.0322381733371639 -0.299040201507895
-0.100320279213897 0.242813802461892 0.0826771646704977 -0.194000367085762
-0.246405520595924 0.212926948911484 -0.0101646151596952 -0.0545502118236257
-0.333157359867598 0.0332768954954372 -0.178798486779773 -0.077280676229816
-0.267055520290852 -0.170265369499759 -0.298801083388522 -0.183961419452578
-0.201231831747117 -0.248603488527012 -0.293488926614618 -0.383041418326454
-0.287233224443812 -0.339679244906498 -0.222056608630009 -0.177828429200018
-0.32800505757184 -0.300315908031738 -0.178310162895734 -0.0924817729912387
-0.4468177686588 -0.0953484776821681 -0.0425682566394301 -0.0828208549205521
-0.421601840188334 0.149773392592324 0.0477665765000726 -0.0342003593752052
-0.268120918651707 0.282806222404955 0.120526548602643 -0.109881749000953
-0.113704665060658 0.337490312668308 0.090728504942976 -0.213841095222328
0.0317319148772128 0.345687530713369 0.0458930129533025 -0.240736659852776
0.0691442721677447 0.309253664103246 0.017531616581407 -0.241045164992687
0.09861104168864 0.330771968731669 0.000340914152344731 -0.233533165947307
-0.0177006548800209 0.381290046497351 0.0372255607077515 -0.200312232358839
-0.144059327212575 0.361462852353683 0.0777730213157069 -0.12138310100267
-0.339680649511661 0.327799193914423 -0.00945326434617094 0.000712347907096122
-0.479383556019892 0.104905923098304 -0.166424152056507 -0.0263010110788443
-0.440605604687868 -0.187809989116296 -0.25554485942494 -0.114472057780001
-0.372086105747983 -0.335115495949093 -0.227097257084715 -0.251925648326655
-0.36651661386774 -0.392015112074377 -0.111129195672093 -0.0469054237735533
-0.430863773665411 -0.352339376847056 -0.0815363777422401 -0.0335095583879282
-0.568372577136194 -0.109036602456739 -0.0104032619860234 -0.0846948103997885
-0.540425277001173 0.185184488198192 0.0286237167852586 -0.0363532755083486
-0.358095578620425 0.35435005906819 0.0558575022539132 -0.0565631237525392
-0.165967160476893 0.420637480497257 0.0497345761922253 -0.102895909916683
0.0210805766766626 0.427630148407654 0.0405471502341803 -0.0968017090770203
0.0675792942740809 0.375451963748551 0.0357773770524724 -0.08919436205769
0.1070759067724 0.391737233371625 0.022146796895937 -0.0883381301490563
-0.0205503556482534 0.447128517717966 0.0505848163343826 -0.0735674108013177
-0.16521015857931 0.425863640624022 0.0767753571872067 -0.0284326478295046
-0.377785464933292 0.392544154676167 0.00290286798584183 0.0552243488872891
-0.546126033217688 0.160539755069115 -0.122411182043689 0.0184245279630281
-0.535669851669023 -0.172411244101446 -0.159196904406396 -0.052432314642929
-0.483598752936069 -0.364649645118513 -0.105220567537071 -0.107563585831462
-0.399492227637967 -0.383172776754901 0.0118744166348081 0.115493288508393
-0.476717336381298 -0.33814107609597 0.0330974768515135 0.0573270229764154
-0.605666566232121 -0.092980614326114 0.0297349854406883 -0.0593778940488705
-0.566882866656842 0.202995233984996 0.0034226783394676 -0.0221596602582978
-0.381599280425513 0.368042075007355 -0.021352684181684 0.0183292505170699
-0.183578837743037 0.435909491998356 -0.00179790323649914 0.0359946688632754
0.00828626955716522 0.443530194659267 0.029020183581808 0.0675574796738212
0.0554456178884368 0.38410403319493 0.0503374574008254 0.075822062537054
0.0936547975323844 0.393394848248388 0.0429823116702216 0.0664369976063254
-0.0316608366206966 0.442426466681126 0.0630445777778118 0.0597238527371484
-0.175427011764865 0.41076018173324 0.0694774758345405 0.0689207037938317
-0.367914790679697 0.367096417514068 0.0121902895408673 0.100365826435296
-0.521167502438214 0.164097571230911 -0.0653817996528783 0.0464691330211442
-0.530300805423003 -0.146113114763298 -0.0394298965759814 -0.00741438004408057
-0.506537676295715 -0.339340387080193 0.0427677024295465 0.0273548473892829
-0.372551248343274 -0.307271000993086 0.130636563562753 0.277359536438874
-0.43634214572371 -0.253402099276651 0.145117074513818 0.153826071463795
-0.523294524223929 -0.047840161982703 0.0659991315905824 -0.0108540567766595
-0.471842729147076 0.184718593626035 -0.0183598548662619 0.0109084821758348
-0.326167973121145 0.31413421804427 -0.0873050551444106 0.100872266500393
-0.162739368137228 0.375959896480951 -0.046839565909519 0.176335921577629
0.00160948134887308 0.384542889004444 0.0171588052615571 0.225278978477303
0.035263322974647 0.335831271129568 0.0584955425293138 0.229509174172067
0.0560705810699346 0.341982285723895 0.0527961265620663 0.207784455494349
-0.0555710979809296 0.370596942144811 0.057345502840512 0.178164398543359
-0.179451669855513 0.323446252239778 0.0407405442774316 0.149392380691949
-0.318194221146947 0.262599170288567 0.00492193117955953 0.12475428700569
-0.415317906268052 0.112167152534753 -0.0166807139467695 0.0589228974363489
-0.431788826093354 -0.119956078608431 0.0711970680803036 0.0198790671925614
-0.44327179939295 -0.272807357851038 0.181548872870563 0.139555417662382
-0.283359838720635 -0.17687984181503 0.22823596398311 0.406359185788839
-0.307443770280742 -0.12214034167951 0.237440707094569 0.228814764830243
-0.335340029386037 0.00218292140600241 0.0984869569481835 0.0453711819582062
-0.286552699188303 0.12512911461552 -0.0250653419773758 0.0482798376672057
-0.211636757290766 0.1970588410778 -0.121787423789386 0.168893550108819
-0.114013210581333 0.248461949647296 -0.0692482447685585 0.287198634912994
-0.00708343091898725 0.263796772488537 0.0120335388273522 0.34712483363328
0.00891410513367022 0.23675513353466 0.0573088010241788 0.348428233248035
0.01202383610902 0.241623709863757 0.0437299480884657 0.318069074331664
-0.0723043242969139 0.250011210832166 0.0223125396929796 0.265067624129258
-0.157412047335488 0.194305425770395 -0.0162723927715757 0.198037971993064
-0.223798488994835 0.123823379429747 -0.0219859508136327 0.123583091415839
-0.256057475237004 0.0457944004518672 0.0139510955821653 0.0580746013132545
-0.275054663303707 -0.0773203901773494 0.149732771850408 0.0389849428000813
-0.319228080123363 -0.16994102917577 0.287978972842515 0.223629600752017
-0.141292294901701 -0.024216828348344 0.287371456867913 0.475326832158273
-0.117180455680832 0.0103038786207959 0.302018931145023 0.265615316211828
-0.0950990160540247 0.0286273847058047 0.132562658018353 0.0875532767648673
-0.0716117489460604 0.0289802211733988 -0.0135603300427613 0.0711499476886508
-0.0812070906620211 0.0447876520926659 -0.123125412163785 0.205560143507951
-0.059800331652708 0.0816777551523842 -0.0669321930984112 0.347106703359417
-0.0219797160703257 0.10322341972631 0.0130431240464858 0.411396433325466
-0.0192385862695027 0.102540272936698 0.0475872112548826 0.413542764227143
-0.0235406784766482 0.108127308841471 0.0181442571884441 0.383082836331466
-0.0614434072556473 0.10249860729039 -0.0336129147905206 0.311165542259209
-0.0960009210733342 0.0576269256768021 -0.0862787165315076 0.207843398700987
-0.0874858227955495 0.00637041114026325 -0.0545024085709151 0.097391623422259
-0.0747593307593016 0.00984731943676064 0.0332502730394631 0.0510300522684108
-0.108243320593374 -0.00490352723465102 0.194989988039706 0.0564110182129701
-0.166226023372538 -0.0385626496027646 0.350265155003135 0.271682458807262
-0.0311257732503966 -0.119858429239389 -0.360122114435542 -0.281200760424749
-0.0569187533739958 -0.104344972561036 -0.271792226364743 -0.0909009689244103
-0.111423865346487 -0.0223312333666476 -0.0537152868300121 -0.0369540713794939
-0.0824896295748947 0.0657336000116033 0.0611940255538318 -0.034599502438631
-0.0148735663947819 0.0754002676164506 0.158326394047467 -0.163905305291656
0.0149530616273538 0.0667271893299913 0.101542923268617 -0.313279644612131
0.0372428378811502 0.0564169866614642 0.0280258692942759 -0.389640416565913
0.0432628715918749 0.052346324808517 -0.0132161340756215 -0.418187094002326
0.0453187671047055 0.0672714391694159 -0.00868822836302683 -0.408977807254165
0.0104010798871878 0.0905765149510305 0.0426710525753664 -0.351012675718605
-0.0232489285136383 0.0992071309724911 0.090836749561651 -0.234258334928255
-0.103985034457536 0.0891867890678535 0.00674253423217591 -0.0986147117141757
-0.135655788877476 -0.0155385440355307 -0.150285557693553 -0.11962561323982
-0.0540223555783012 -0.100919408187049 -0.276716507953617 -0.241794605599912
-0.00527677218181529 -0.105857780595201 -0.278528084967581 -0.477460347026167
-0.162210241717302 -0.241928563811184 -0.300817748331678 -0.262627083693923
-0.191607733126655 -0.212119872397059 -0.237781604794178 -0.112312894789634
-0.281146985399917 -0.0622047228672286 -0.0561965381044476 -0.0629970764495745
-0.254792333419898 0.108758143673467 0.0587879779068875 -0.0290284783815395
-0.14413830227926 0.183946012869918 0.15821573091041 -0.140697665377045
-0.049962232555476 0.209582459094782 0.112439349903231 -0.280488894051921
0.0350791303823674 0.212337633729454 0.0480931559736808 -0.340533213056059
0.0548207478625562 0.195016933896045 0.00548831465569382 -0.358073900320921
0.0668990307186548 0.216603423647753 -0.00239645853231992 -0.34672060303815
-0.0185309753413623 0.253043242919931 0.0417374086248789 -0.296753283104446
-0.105321479907613 0.238736895565915 0.0865265345144901 -0.190548767570289
-0.250217987327159 0.203850284210601 -0.00889412997554204 -0.0520788388474768
-0.332749821235329 0.025363643822763 -0.175356717088824 -0.080899594974868
-0.257617457963219 -0.176596669836599 -0.291456601241024 -0.191241157010583
-0.190565346919433 -0.250116020769464 -0.276570138857187 -0.388579388487219
-0.273041405139538 -0.342776233893179 -0.215821816109052 -0.187463612514664
-0.315259242455388 -0.309474288283413 -0.17216126600797 -0.096822903672596
-0.43836484722668 -0.105933327982863 -0.0415614801988935 -0.0843999863325755
-0.418625951461905 0.139352831137872 0.0475169218532509 -0.0330186310496598
-0.272590220150156 0.275707789940912 0.122829482192751 -0.107750092170733
-0.120553456732159 0.332669661072852 0.0940816722341379 -0.209200284312051
0.0225094845279022 0.343420152355043 0.0530948008842485 -0.239511800179621
0.0604664717912202 0.309367894342009 0.0227437771149989 -0.241799111447178
0.0879843002533381 0.328633903174316 0.00835870425937298 -0.231870314790646
-0.0278982308255174 0.378111189624696 0.0440626082298134 -0.199142008520858
-0.150984614618567 0.356517319529141 0.0800889914772615 -0.119995336902563
-0.345485919375541 0.315843932792506 -0.00932197729247778 0.00276112450850058
-0.478330775843733 0.0937764354049025 -0.165148074877873 -0.0299652792379722
-0.429613999728173 -0.198975713185974 -0.250105514518715 -0.119853212404843
-0.355609097313739 -0.339970581673912 -0.214810860444108 -0.257383999124875
-0.3510883235858 -0.399454007745981 -0.11114100518578 -0.054715127638295
-0.416654590896864 -0.362170475888933 -0.0787467803387623 -0.0372509831495734
-0.559001542697462 -0.120720337102028 -0.00919617755078225 -0.0871951913055613
-0.539364325531469 0.171985806660275 0.0292054417016044 -0.0370089528205439
-0.362984855776007 0.343952032230991 0.0567789491634706 -0.0561240871070362
-0.173567211685101 0.41342600074833 0.0498491578096128 -0.100218002454239
0.00866569057283594 0.424480711488372 0.0452529525841796 -0.0976298056904025
0.0569548722303428 0.374261399174087 0.0385331559128614 -0.0896035469099626
0.0946137664625211 0.389128612519656 0.0254691963451577 -0.0867770851156261
-0.0321185175879066 0.444648934407074 0.0539468115823939 -0.0738996530027325
-0.173556824337384 0.419528216512755 0.076699476896578 -0.0285781559533743
-0.384809027113196 0.378055781078765 0.00102715368626916 0.0580241361421084
-0.544622070608017 0.148151560099279 -0.122499240764866 0.0147411419869237
-0.523794122059732 -0.185325876605331 -0.158308232822292 -0.0564477812298023
-0.464143016605746 -0.370087598887627 -0.0977905422367139 -0.110677261690177
-0.384979561605285 -0.39160624187573 0.00501155467885717 0.11074048360594
-0.463830275452468 -0.349759430591843 0.0312195649939039 0.0556420385671421
-0.595952132225222 -0.10485450592581 0.0304094320785586 -0.0614670475807052
-0.565759386488299 0.19035874542108 0.00380453438819846 -0.0242390172667285
-0.386367909314832 0.359017649052818 -0.0216503682303543 0.015724356827732
-0.191532141234447 0.431119188108513 -0.0051381685753964 0.0355952462493297
-0.00411343469114429 0.437950699347436 0.0299856408007881 0.065380145515993
0.0458317750552356 0.383743062229233 0.0499169723688107 0.0753049646846563
0.0806743433792708 0.390559474486156 0.0426012191729925 0.0679788863087542
-0.0429057716559454 0.438195053558144 0.0628172420573726 0.0591207826036282
-0.183433763615789 0.406069962229492 0.067053979652068 0.0669144448641048
-0.375012845204044 0.356306635125374 0.0099019957498702 0.102298004404309
-0.518692937161835 0.153550723784807 -0.0670699090145516 0.0437956958811383
-0.519734534349326 -0.15818307448042 -0.0409464758339047 -0.00872579429879377
-0.488986218875954 -0.34628329067866 0.0437057988910262 0.0270133590597487
-0.361316386982637 -0.315147047497665 0.117595923241683 0.275746468154816
-0.42660252208833 -0.263740229484469 0.138714522070919 0.154185210092541
-0.517492492902932 -0.0575592533399905 0.0654482390849921 -0.0125999948748401
-0.470978031917482 0.175431203205938 -0.0187770414656003 0.00818758133059154
-0.330224221501223 0.307076661827818 -0.0897777487793119 0.0965824014169814
-0.169662422014007 0.371109495082799 -0.0532996446791943 0.173497599610568
-0.00847251470947492 0.379617359733665 0.0145852296801055 0.221690540363002
0.0266829496750034 0.334581918914777 0.0543652699712538 0.229031422971918
0.0456585850419141 0.33746826045113 0.0487330832730199 0.209015169123213
-0.0640748131838124 0.36636269339324 0.0529375468120449 0.17715005241992
-0.184484737711271 0.31851094751961 0.0357191375841432 0.146677221219001
-0.321241771750711 0.252421866591829 0.00159818379061049 0.125928187461165
-0.412446747347501 0.103270382229605 -0.0189377111072585 0.0568581873460104
-0.422229342015756 -0.129288604905594 0.0674743741986402 0.0209957619839238
-0.428967608976168 -0.27802293920568 0.178356726521818 0.143352284535643
-0.277607289541184 -0.185468270043544 0.210327135926554 0.408234518925983
-0.303796379986069 -0.130256562502292 0.226622273341105 0.23132748333116
-0.333697686298539 -0.00410487785512282 0.096834614866012 0.0445472878331344
-0.286582118256986 0.120454935488193 -0.0266544860877268 0.0449593008298985
-0.21435209966177 0.193303045833086 -0.125711417512303 0.164326670904432
-0.118396092103886 0.245444165964513 -0.0773400380754058 0.282872125378176
-0.0141327313890369 0.260551801268582 0.00519707682377132 0.342912196175085
0.00304133949892504 0.235695820264782 0.0511446182029389 0.348389842687691
0.00570099127629997 0.238553247867564 0.0365047590902143 0.319350015667837
-0.0769683787497468 0.245872241923459 0.0153263115533553 0.262602926464222
-0.159949923904595 0.190180933693062 -0.021453183879391 0.193303694361461
-0.223838920735885 0.117085497134996 -0.0255538302074928 0.122860260763605
-0.252709404793403 0.0412697019922037 0.0122453257222002 0.0568956540604895
-0.270382964735555 -0.0828118850040137 0.145327464634415 0.0424711598578016
-0.308965704511514 -0.174220013462544 0.280563434546123 0.229968462336451
-0.14107300279792 -0.0305009217987871 0.268656800934929 0.48130666573312
-0.118121113127244 0.00754752870088634 0.289151118505831 0.26997637804737
-0.0961402019167645 0.0292153368764059 0.12903423414311 0.0873988760731574
-0.0711207917014128 0.02907596603609 -0.0158377709359955 0.0687343643661218
-0.081502305861411 0.0438426494921728 -0.128529251250561 0.200818102468551
-0.0618404727880839 0.0812779609481323 -0.0767521310173273 0.342201778728987
-0.0244667025483216 0.100982389621762 0.00375234115159193 0.410335114431373
-0.0207614550239041 0.101121765780189 0.0393551360096822 0.41400472691776
-0.0257538549683555 0.105195095172699 0.00875956277097372 0.38242437332755
-0.0630738824591459 0.0996209790403437 -0.0415584741550186 0.307731618686891
-0.0951903198130493 0.0554501671560233 -0.0912789361012865 0.202745706789302
-0.0857566105617794 0.00452027395214261 -0.0568579188217787 0.0955123192931261
-0.0723715099073762 0.00946991744703238 0.0320653914363237 0.0504253541693932
-0.108381794423798 -0.00608736036901515 0.190405756889669 0.0610053108312113
-0.162917217328387 -0.041431047529915 0.340180431342516 0.279674744290722
-0.0275939787921672 -0.122304062084499 -0.365491894892282 -0.299752988383339
-0.0552898758705462 -0.11111726080215 -0.274820410674987 -0.0974390192724235
-0.113951748618054 -0.0263880087297246 -0.0562256869336425 -0.0379341220810036
-0.0859488829404959 0.0656279613839268 0.0628979990857163 -0.0343049886534695
-0.0170064416217758 0.0773564805028959 0.166516855272646 -0.168601687379151
0.0149022725059388 0.0681668758416799 0.109651015422946 -0.322194926537023
0.0381260324377945 0.0590795431775016 0.0336637108459481 -0.402345147242497
0.0429195190688707 0.0549247049626897 -0.00949327922354936 -0.435670672152665
0.0445833231696604 0.0703333785673725 -0.00201668952797793 -0.424168105847907
0.00884025363612857 0.0943619309295861 0.0507844332849671 -0.361712884888603
-0.025875798221486 0.10171094771805 0.0978064154172273 -0.239838884319827
-0.109961312941034 0.0899125523965144 0.00912640458009592 -0.100112406190525
-0.140098397310717 -0.018428134238363 -0.152938390638811 -0.124638318758959
-0.0518360631713806 -0.106966544914691 -0.280777487021091 -0.253232018117611
-0.00248093030979063 -0.109154925286806 -0.275381156176319 -0.498051288998798
-0.160875460475808 -0.25082296139533 -0.306517462664782 -0.282749112089065
-0.192907186804505 -0.224500526381757 -0.239039725754834 -0.119689903473622
-0.288034649262364 -0.0692567791868216 -0.0586275836574525 -0.0658649500410013
-0.263516507595154 0.108119070764604 0.0604301087029014 -0.0292014142095913
-0.151362494516365 0.188706650503014 0.165477470854939 -0.144759975382916
-0.0538488486389996 0.215089353328978 0.11985243891063 -0.287139815828081
0.0330014044414633 0.219736426403033 0.0555437855453128 -0.352864067021318
0.0524556514277273 0.20286837761451 0.0093444990597027 -0.372700255957096
0.0642671183849055 0.223991279029881 0.00402610545104032 -0.359238748229264
-0.0234285397727652 0.262261444667989 0.0493529681427754 -0.307130104326028
-0.112645694687545 0.245423633916621 0.0919226831117293 -0.196139507658485
-0.262686996124721 0.206404126645351 -0.00820801371649839 -0.0518384670797796
-0.344068910623669 0.0218014423917285 -0.180390239491288 -0.0852110765158441
-0.260513957259986 -0.188647916284921 -0.297195276141521 -0.200980964948832
-0.189621390264735 -0.2605347506764 -0.276390290616074 -0.406230039433184
-0.273959827099136 -0.358003817630485 -0.222086026057797 -0.202019792643671
-0.319017859381474 -0.325061087039572 -0.173278272422409 -0.103387517422883
-0.448029952227408 -0.114270016659545 -0.0427190089018664 -0.0893099203946875
-0.433191508016831 0.138231427107388 0.0494593706197655 -0.0344987010255086
-0.284700553259139 0.28381384308296 0.128929097288511 -0.11038709124004
-0.127545800145822 0.342456456825366 0.098488746435555 -0.21358462512487
0.0175967067548072 0.35425455292909 0.0604144963172562 -0.248738968308834
0.0574394856891939 0.320845083312501 0.0268657674614274 -0.252247261425934
0.0832860314389592 0.339305304596894 0.0133864704979525 -0.240456574363252
-0.0346054410999819 0.391881159099485 0.0501749298386694 -0.206813157857461
-0.160742245028674 0.366876230814232 0.0842223903951577 -0.124101813119529
-0.362791974748657 0.320254915616484 -0.00967082394197321 0.00591517803843426
-0.49484614145953 0.0912352615217498 -0.171171135826739 -0.0330538245654237
-0.437249363607241 -0.213130583389488 -0.257658051027269 -0.128315501782886
-0.358432410819749 -0.354732037124473 -0.213454921343778 -0.269531208638593
-0.353169854387679 -0.416631100043921 -0.117713476483977 -0.0632756986131358
-0.423040808956336 -0.382596389215849 -0.0794120234808449 -0.0411855799652117
-0.571534308451256 -0.130273755740354 -0.00913628492298366 -0.0926736787930408
-0.55620717401287 0.172300917526355 0.0303471902903013 -0.0389223588817534
-0.377635127527251 0.353110209107475 0.0601878134837097 -0.0593121459322903
-0.183544915907072 0.424820328401454 0.0509714099124867 -0.101730775542337
0.00287702855536435 0.437080255136049 0.0506655712056679 -0.102988031601906
0.0526228962050294 0.388651379430129 0.0419202768373912 -0.0944873375268163
0.0895905494241284 0.401301316517235 0.0294172367390774 -0.0889175010372162
-0.0379168939593881 0.45971704045521 0.0583036699482332 -0.0778789361759265
-0.183140748259446 0.432131000005632 0.078876827583335 -0.0305178340862822
-0.4042041761409 0.384104617087652 0.000234840517497645 0.063411963886668
-0.562817107224433 0.146834011147549 -0.128263760431868 0.013659554824731
-0.534923933435254 -0.200433434772047 -0.163702257286648 -0.0603678189279869
-0.468355890730135 -0.387464039917472 -0.0969718142927914 -0.11697407201764
-0.389095983197734 -0.411113335125892 -0.00136462993985796 0.111659488507118
-0.472603043452922 -0.370494433090454 0.0312272714513596 0.0561469822273558
-0.611675994811411 -0.113981411088765 0.0313868320559795 -0.0666089226926348
-0.583781040171576 0.191141520766703 0.00485409728888591 -0.0266255953885273
-0.40242214865023 0.368933937126044 -0.0226700752171142 0.0145944374044702
-0.202644288281223 0.443214172867687 -0.00838345148501406 0.0379045302487204
-0.0103483037529151 0.45062790632201 0.032556937163437 0.0649218356793415
0.0414842514733256 0.397502587747269 0.0525986127717834 0.0770595319418904
0.0747086201024717 0.402816749242287 0.0448273030561601 0.0712538536740299
-0.0511476801387808 0.45258087319939 0.0649326066968588 0.0601773755678218
-0.194457166753293 0.41599353790781 0.0669860188315082 0.0679474294752224
-0.393687543640161 0.359721714675619 0.00888710494787645 0.10949733654119
-0.535673221781711 0.151613891879036 -0.0713994847313895 0.044090987733219
-0.530440702110714 -0.17178738189469 -0.0441003301946423 -0.0103019464012575
-0.494042647437551 -0.362382080561867 0.0472373477732821 0.0275916732421982
-0.368040123033026 -0.333592563011154 0.112398107293938 0.285822156268361
-0.437019010341629 -0.280481301002743 0.139402600909262 0.16028733463161
-0.531930366338156 -0.0645477886511404 0.0672718037871648 -0.0151063766574059
-0.487529047787057 0.176892303319735 -0.0191914430477273 0.00563180470381235
-0.344272196018598 0.316074084536202 -0.0941472202356678 0.0974736795369797
-0.179968909928051 0.382093085818877 -0.0591715710963964 0.178833388056238
-0.015875028551964 0.390928060468168 0.0143050705626384 0.226053928766082
0.0224878297695813 0.346104667889693 0.0554796898688403 0.236669121282666
0.0401539114863549 0.347665062344219 0.0486562630450884 0.218171485651718
-0.0717058828289265 0.377451097731899 0.0526316436286928 0.181615843718933
-0.194511175645495 0.327315888178014 0.0336105808987362 0.149939494706334
-0.336550100877378 0.25417225134281 -0.000708941579757656 0.132807597820258
-0.424645725850518 0.101655429811469 -0.0217800105418582 0.0574639815290751
-0.431022501572597 -0.139603994589225 0.0665751064992567 0.0222196108655143
-0.434014725195949 -0.291890464879724 0.183231826791666 0.151255409781094
-0.284529398688598 -0.19881648658894 0.205578855599623 0.424192927510884
-0.313808062362399 -0.140037739449944 0.227405763562766 0.241628404764428
-0.343612515433823 -0.0058220012466602 0.0985149390031588 0.0441226426327982
-0.296125469732994 0.122889145248275 -0.0278897807875132 0.0440455017177499
-0.223257048064897 0.199363348192232 -0.133076432108995 0.167305327983263
-0.125523213296524 0.25391167058886 -0.0862894897767483 0.291544930144428
-0.01956885470188 0.267453607394047 0.00245493436259764 0.352614844348709
0.000578348038997718 0.243308595511875 0.0503218827977775 0.360171045483236
0.00142232949963019 0.245192182081487 0.0345456264150476 0.331188913657503
-0.0829946901442591 0.252764086744662 0.0121012713903487 0.270163849487536
-0.166761169212504 0.194572941982589 -0.0263039330373754 0.197743733360681
-0.23175336834685 0.117710326063582 -0.028906980101589 0.127498441920901
-0.258939324139625 0.040158563954528 0.0104895625045787 0.0579492051907249
-0.276444122125628 -0.0874006072744769 0.147330108990961 0.0449532587300063
-0.313453554460216 -0.182872004981682 0.287363791285979 0.242966724187299
-0.147822661078257 -0.0357840985851141 0.265630680419614 0.502121755817626
-0.124049281147729 0.00602082271463638 0.291099307133766 0.283716381271855
-0.0998270792631911 0.0310986790302073 0.131992231082761 0.0896302855510967
-0.0728772869043869 0.0308798139682345 -0.0176447932015286 0.0689928489665124
-0.0848048351247904 0.0452079638758037 -0.136103584463587 0.206377100479066
-0.0648388077535812 0.0844762256239961 -0.0855777055605681 0.352156011217782
-0.0276830042880347 0.103040175189043 -0.00126072749182398 0.422189660466716
-0.0221636126093924 0.1037563978153 0.0372908025395468 0.429589889859809
-0.0279813410910741 0.107148824316261 0.00526346145140024 0.397094868044272
-0.0653692023167214 0.101387688713984 -0.0478770198564955 0.317510244327129
-0.0977510700338157 0.056597445591717 -0.0981083351930068 0.206704961303604
-0.0871621060242558 0.00373515359625197 -0.0606290839010191 0.0978632704707645
-0.0732138439049286 0.0102249016724741 0.0317738723290765 0.0516132887052942
-0.112390802786145 -0.00606580783504992 0.193080328501819 0.0654121808802343
-0.16720241829862 -0.0442187189988968 0.348606975227786 0.29634360749287
-0.0293784701936676 -0.126441522250398 -0.392191756226852 -0.312761430288057
-0.0586824827241926 -0.119128127770381 -0.28780139869135 -0.0972894033993267
-0.120507806407596 -0.0271193851997697 -0.0607875682625776 -0.0374955519902436
-0.0901447126969731 0.069627863756227 0.0648686518756087 -0.036968982743051
-0.0164785299464562 0.0821358282452136 0.171388455628645 -0.1832017647063
0.0177013160768205 0.0707697827781217 0.108886816944965 -0.342485718144956
0.0416056812994399 0.0619929830324345 0.0261962687243066 -0.42532509183873
0.0460067843084956 0.0572706948355505 -0.0237244483186897 -0.461958547815078
0.0479353465912902 0.0737161804165469 -0.0109176018034683 -0.449936072561153
0.0112495090921982 0.100851866406226 0.0469306423354737 -0.383141541095968
-0.0261104569326349 0.107659833595027 0.0988913468482846 -0.254152678130927
-0.114583870277544 0.0971061833189973 0.00787950123443932 -0.104671428469654
-0.14943900429821 -0.0163454199629868 -0.164563344781741 -0.126340962004217
-0.0559730209506116 -0.11438729135757 -0.29894359443154 -0.259572500021033
-0.00436547861968474 -0.115393084418781 -0.296241051660506 -0.521322989699334
-0.171834187040956 -0.259982161430933 -0.331413482847836 -0.296557878901714
-0.206739843259582 -0.234998480416658 -0.250612317141249 -0.121581732613006
-0.303946225677817 -0.0670854178942938 -0.0640808316519241 -0.0676574827385452
-0.274527537236575 0.12038652499007 0.0626538373681899 -0.0324136073330656
-0.155457883940975 0.204257795303119 0.170918367519948 -0.158263502124074
-0.0510052608435326 0.228019880707865 0.119701397233981 -0.305070845682321
0.039375187005897 0.231370362379869 0.0503204225230141 -0.374688852403203
0.0602681146282965 0.213925412920763 -0.000681661041769202 -0.397168813634217
0.071255598428539 0.234988322306667 -0.00279695989866106 -0.380871482169078
-0.0190149648817252 0.278621187866837 0.0468304642848456 -0.327201199654612
-0.112904530449951 0.261574218186849 0.093187226897946 -0.209247291235149
-0.274754993564369 0.22309675613998 -0.00904054605000304 -0.0517316673567755
-0.363858521901992 0.0319257592030596 -0.192939378821585 -0.0848712900133628
-0.277068362885791 -0.195671389651888 -0.317500912087435 -0.204649625519791
-0.204041909172675 -0.271210960202354 -0.297300960427838 -0.424617156735588
-0.292466103124537 -0.371446004506819 -0.240970685516 -0.212672895060538
-0.342122598878936 -0.339284113648616 -0.18220461083834 -0.107194631231702
-0.472385355297037 -0.109623186337436 -0.0486958391555014 -0.0937829271327717
-0.452823459089813 0.156743796902767 0.0510746567583082 -0.0384321821763415
-0.292746486964079 0.308141018948305 0.133923781192334 -0.122094927780867
-0.125594702282009 0.364464611917123 0.0977399353492553 -0.226784095201265
0.0261803131257634 0.372822735454249 0.0596307889089038 -0.267287137046832
0.0673121762986239 0.338526390119567 0.0218068292526842 -0.27020321777923
0.0928049165870646 0.355715418230621 0.009838718252464 -0.255403859296741
-0.027379417588819 0.415931467380593 0.0492267591372128 -0.221558699599568
-0.160904430184311 0.391673616185423 0.0859085541325114 -0.13397837841662
-0.376418425986326 0.344413032769117 -0.00935183974102099 0.0103799767503187
-0.519098633867599 0.110540860638654 -0.182233513709003 -0.0300651925168621
-0.463024501547702 -0.21808072373797 -0.275404757379992 -0.12861786908425
-0.382379060861337 -0.365617077537754 -0.227734353019469 -0.28195889458145
-0.379292425334189 -0.432720771310855 -0.129276895558191 -0.0671178072967855
-0.455307917469924 -0.397175839375586 -0.0830110835168597 -0.0438577444957787
-0.602240022855732 -0.122193360065669 -0.0138828391858627 -0.0998133643602222
-0.580464547104243 0.195079857841285 0.0310581065060289 -0.0429440435421267
-0.389482910487829 0.383955435265421 0.0629845904595593 -0.0666114381926007
-0.183031523792726 0.454124382600875 0.0501970835833591 -0.107715495869714
0.0110591837468545 0.46135504675934 0.0535621849885359 -0.113511780199038
0.0660306964298975 0.409981321088546 0.0423603864036224 -0.103942930422187
0.100968352238852 0.419890493411944 0.0311017048078838 -0.095258733024561
-0.0299606384771811 0.486545325498429 0.0610022369866775 -0.0855730553329501
-0.184348024492112 0.461039728967125 0.082238887261134 -0.0355679024674721
-0.419726759433421 0.414181430565763 0.00343459144010033 0.0709001863556875
-0.589005641302833 0.170127403186722 -0.136529875265391 0.017595538199236
-0.566240748921522 -0.201169583535076 -0.176175034159306 -0.059543443028385
-0.498326042169706 -0.396145910497819 -0.101915321526781 -0.12271604092932
-0.418646860448938 -0.426271165906314 -0.00365206848311248 0.115357261639456
-0.508378830942903 -0.381562395865284 0.0345426950252843 0.057057246607171
-0.645899345314917 -0.103493730426688 0.0298496431533304 -0.0744818732360206
-0.607786511399077 0.216473969156926 0.00448830185369816 -0.0307835057476945
-0.415603019300067 0.401614018476302 -0.022196538569311 0.0135218430909696
-0.201954797343712 0.474421928641093 -0.00951281336190548 0.0409819775539653
-0.00189259507692969 0.475607534565601 0.0384255287483689 0.0637369897833113
0.0526691033776286 0.418584197216517 0.0586462127303852 0.0774168598339463
0.0857640895904511 0.421616260137419 0.0515176761541722 0.0746115210532815
-0.041993073928668 0.480522398557464 0.0704212902985876 0.0594428395424739
-0.193877585758968 0.444036130582961 0.070929511473125 0.0684256210291162
-0.407892199663934 0.388265036639652 0.0123337659421361 0.118881790265434
-0.560628291191697 0.174812688973886 -0.0764762713512718 0.0484742848477104
-0.560538203421218 -0.169824124591658 -0.0488989626043188 -0.00961435187087944
-0.524079197140151 -0.369214843555263 0.052737999319558 0.0280310191281862
-0.396512275874099 -0.34530546894612 0.119830191392328 0.298874165372928
-0.468313153552402 -0.287858886727489 0.148613562492807 0.164562687977123
-0.561382054667498 -0.0525527785029174 0.0689453620506382 -0.0216322165506129
-0.507940356571217 0.200785162283454 -0.019920787755398 0.00324537352033802
-0.354003626850674 0.345347183123872 -0.0969225424566047 0.103209100006225
-0.178697140804702 0.409588634103984 -0.0607034047579782 0.191121748227151
-0.00969427654397478 0.41205587407414 0.0225814729024524 0.235412907254859
0.0323935592234871 0.365267105617324 0.0669651627257558 0.246500289888905
0.0481805867513367 0.365392335850759 0.0584945358059057 0.229560289871816
-0.0673223057865243 0.400113333701715 0.0600517839789164 0.189641092784117
-0.197336096636439 0.350449404766107 0.0370683069817138 0.155117152496422
-0.348794810537643 0.275995773513233 0.00258770619859531 0.143303293227225
-0.443685499183597 0.119286845709001 -0.0242167042594145 0.0614322770219088
-0.455715278791094 -0.137052158085229 0.0679072367620275 0.0219481553604001
-0.459044055477277 -0.296189479102969 0.19815678179068 0.155003723041073
-0.307145693771964 -0.205300902005812 0.222723916495277 0.44471338335825
-0.33564937235187 -0.140786844810144 0.243279002572365 0.250031017039756
-0.362795944331365 0.00599359287091685 0.103744728147192 0.0407647324856661
-0.307952291997009 0.138816934571665 -0.0288249729863141 0.0445067219598291
-0.229705968440044 0.217877210354512 -0.136602807377908 0.179617431619669
-0.125651104140072 0.272954422916343 -0.0866042410863749 0.310102781838369
-0.0160530916582624 0.282300533025163 0.0125539151641464 0.369692840883055
0.00648678409175975 0.256531028884624 0.0650522269452236 0.378885187536666
0.00589276651114405 0.257413476449929 0.0467503321352594 0.350320140514714
-0.0814612495283399 0.268642742127248 0.0180763751520436 0.284679279593448
-0.170185907408496 0.20957423583351 -0.0250338034527896 0.207744289772938
-0.241276581519152 0.128816902257064 -0.027730551506934 0.13733878915936
-0.269458902072417 0.0499242424105534 0.0105241532103324 0.0605432084322338
-0.292043250242896 -0.0856849949144179 0.152911203536443 0.0440343744108196
-0.332684862207283 -0.184754569283678 0.309120537357939 0.251614085849193
-0.159535618230423 -0.0363811700051281 0.288784342570298 0.527804825293858
-0.132512370529515 0.00972686095340215 0.309702915657875 0.293656856003756
-0.104527982353332 0.0378513121627619 0.139832381692195 0.0886348902044053
-0.0747331221348991 0.0356729149769495 -0.0178526449688439 0.0714114559362817
-0.0881851646162329 0.0511022008987149 -0.14010324118948 0.221584528904049
-0.0659627799481758 0.0923247970346078 -0.0846809711448137 0.37450676662861
-0.0276770547660214 0.109419394759157 0.00954381111015821 0.446046913260184
-0.020932728630266 0.109364882450763 0.0529512900920604 0.453379080278013
-0.0272787361227272 0.113047348682442 0.0160117222197345 0.420853187002599
-0.0663254556932585 0.107963997959216 -0.0432897008978186 0.337022566918321
-0.100546686873024 0.0625217298125628 -0.100653854126885 0.219702740991022
-0.0902845981773848 0.0061893899904902 -0.0619942439456681 0.105121099134564
-0.0751359396869269 0.0140337745904819 0.0339576973543119 0.0533769938098618
-0.118583051196269 -0.00151578911062179 0.202195024936468 0.0645545827999895
-0.17684353860642 -0.0424343952554876 0.374872724550769 0.306015995180241
-0.0152697463634596 -0.129300526703378 -0.346792644050027 -0.392739928536167
-0.0407259227320101 -0.128418039256321 -0.27947682064293 -0.148983770772989
-0.117534496918122 -0.0501856435270383 -0.0637828950136401 -0.0484354662758121
-0.102474558570494 0.0536551433570675 0.0653593946962301 -0.0250301890296342
-0.0339645939600824 0.0763501563882184 0.205395139358118 -0.161488982513896
0.00392588452127161 0.0711585152255299 0.166336774792972 -0.337329178488059
0.0323794364524414 0.0681686667907741 0.0924038515540887 -0.439321708405402
0.0337988324965591 0.0653585207788407 0.0458981008975731 -0.487141158339158
0.0359838842340467 0.0844352757636598 0.054912252394398 -0.47416998443391
-0.00661281724121499 0.104770187263135 0.106079122735423 -0.394549069542286
-0.0479675071979458 0.104522812022965 0.143033375755975 -0.250557773856272
-0.1364373328964 0.0797993816855288 0.0298725947182434 -0.113213209361787
-0.152773960056875 -0.0503213521376402 -0.14712014805956 -0.153309149450238
-0.0371906829379799 -0.1374772113017 -0.261045283442328 -0.307396234511149
0.0147762789310533 -0.129086768534938 -0.214904076247538 -0.58889507243257
-0.134677178475743 -0.290825600313223 -0.292562880450879 -0.371291589372182
-0.170343255896751 -0.270363713836687 -0.241351683013636 -0.173535213276555
-0.295084884537631 -0.121358319696901 -0.0746619727525068 -0.0841952204531644
-0.294865140174466 0.0753647173492971 0.0491819551312048 -0.0218617526354827
-0.195272480198622 0.177429534704614 0.19537734098064 -0.128633919409346
-0.0940183579173737 0.222367482594349 0.16890402025759 -0.293450033334153
0.00202344037744037 0.240866561594729 0.107586848245002 -0.380120429773425
0.0180800305419275 0.229659007953973 0.0601705098260378 -0.415781622145849
0.0296856915327682 0.254224897069293 0.05116570782179 -0.402999076762049
-0.0692431985804387 0.284694967955436 0.0945220346088704 -0.339552014740465
-0.169242335038294 0.248684037643616 0.133613804383905 -0.211342044258405
-0.324761876786347 0.183948104761026 0.0102324271072675 -0.0702908385750085
-0.385443328872774 -0.0417747371167823 -0.177716935392529 -0.115102222255227
-0.252352662557842 -0.263043206478874 -0.279701386045562 -0.249438949148948
-0.166084706941069 -0.331889207605855 -0.224089234724398 -0.475568158720837
-0.235938281031005 -0.426152516672765 -0.221001731795093 -0.277879123757417
-0.289026239801596 -0.399343386247573 -0.177942058301718 -0.151227764340291
-0.455542299778278 -0.191743050055308 -0.0654071776662219 -0.111984851332572
-0.476500663815839 0.0856237854956057 0.0260560281646689 -0.0331310966256724
-0.351015904846783 0.260807827800819 0.144540002202883 -0.089599931112056
-0.193179911957389 0.350044398676044 0.13181403354926 -0.211444972599906
-0.0352066388929947 0.383895578858881 0.0965284232037734 -0.264189698706912
0.00193931304899702 0.359953096534899 0.0641088597936736 -0.28096413840822
0.0300651336678771 0.382234463043295 0.0446392299429611 -0.271288282488133
-0.101693739548779 0.425989242591987 0.0797346913530307 -0.233559893284433
-0.245265109536501 0.374827711640192 0.115941098625092 -0.140423634718984
-0.453530425385 0.295965274825478 0.00430927325176152 -0.0149331333832111
-0.562703862956917 0.00806972414857005 -0.170880819686196 -0.0587568958148282
-0.440406555537175 -0.320610211645133 -0.241962430014647 -0.16318608898017
-0.33632933616099 -0.466822750564129 -0.172827985089774 -0.305195035784202
-0.308454376419168 -0.504550653056444 -0.135262112607801 -0.113184520347672
-0.392020023306782 -0.4755971312868 -0.0905545612523802 -0.0722231737877914
-0.584664762139356 -0.228790161631985 -0.0365021300087787 -0.114900307565949
-0.611901926957133 0.103616926322259 -0.00254168321660093 -0.0432641268246126
-0.461093386482682 0.324476250211959 0.0579615299048931 -0.0377104501091908
-0.266203583916457 0.434404343291309 0.0616222007068913 -0.0929709912321868
-0.0660649207767407 0.470783550900353 0.0650832446877322 -0.102531872880496
-0.0129967204496435 0.434889707220592 0.0602964042033554 -0.103741375379466
0.0249208426531513 0.449818955377562 0.0420714514668658 -0.100696693617536
-0.116508157431176 0.50034769043996 0.0695267440969718 -0.0914848359959742
-0.283435543728652 0.444039668818611 0.0975461050707376 -0.0426059445715335
-0.50875346986532 0.360884886777852 0.00880540666154615 0.0449218173318895
-0.646341371967953 0.0577921674811234 -0.129518786264828 -0.00299052220168345
-0.54919523935584 -0.318077636950144 -0.147042622833973 -0.0785961991204713
-0.45121990762761 -0.521534436710956 -0.0650421885738004 -0.114405096124088
-0.346644092027663 -0.505832746465002 -0.0387928699998247 0.0950139081822899
-0.448624804596902 -0.471779139159087 0.0121534012437764 0.0500137734371198
-0.632594084828189 -0.21752135543349 0.00192669307144568 -0.0818694315835182
-0.643786156510446 0.123240136139869 -0.0338029935527922 -0.0344249546730875
-0.489362964738534 0.340495139224348 -0.0442317648451444 0.033340018386004
-0.28906316623865 0.453518496664338 -0.0240228497781008 0.0529071618086895
-0.0826956103973688 0.486566085284062 0.0210892159044201 0.081665830965327
-0.0268687446179092 0.441880771044322 0.048795895046742 0.0886070009782125
0.00976655771560065 0.448496097272569 0.0380683035060252 0.0802862168722542
-0.129404887931597 0.490010906090223 0.0571279148678308 0.0616458206495874
-0.291331401940272 0.42423134043635 0.0699739511054819 0.0643337600118614
-0.493626447862281 0.337136358092837 0.0103568712627777 0.0976641354321777
-0.614738873691243 0.0684600984658376 -0.0730229218004701 0.0376205703480507
-0.547811129516736 -0.284010041257906 -0.0264477238586803 -0.0082284072662084
-0.481602944717155 -0.49434142938223 0.0694657253121903 0.0690567985270993
-0.333121228010757 -0.420458509585319 0.0571581190668578 0.306488263662213
-0.423843914777437 -0.372663961750479 0.113782118311026 0.183297241270461
-0.555310860475228 -0.150162383323791 0.0387954212817444 -0.0182996597402269
-0.541277087779978 0.12442853962 -0.05778256157673 -0.00189168100855642
-0.415556971129709 0.294239527216955 -0.131928011620387 0.112834929589934
-0.253469639050238 0.394613274701728 -0.0995751254563694 0.199961901501816
-0.0792385218394499 0.420562084759446 -0.020797428942818 0.256946237234194
-0.0374854454612446 0.382939741010172 0.0316870758263414 0.266013729289563
-0.0185633596943491 0.383316490490727 0.0241185891639008 0.244991386186477
-0.139709160431795 0.404780193189564 0.0283960842226118 0.196807386358987
-0.27485271051985 0.327557568308362 0.0217116295687133 0.152048379818982
-0.411543004478104 0.228792568415991 -0.00489918561442609 0.128188243930123
-0.48103535496136 0.0352708665426223 -0.0241351684767883 0.0597976794951123
-0.444458057738538 -0.226531098005522 0.0831726385466358 0.0401110885156148
-0.427025345974245 -0.402943094046768 0.195982340724661 0.222214987150215
-0.265971126226174 -0.262139845258854 0.14021198847008 0.480921881801881
-0.312507447176833 -0.201382710954216 0.200029587099845 0.29086489079033
-0.365749473458748 -0.0564462862852644 0.0766290925776235 0.0548637921545128
-0.328542756309879 0.093730379886684 -0.0595902814313214 0.0403512100116368
-0.266547954731608 0.187397646353847 -0.179515201896434 0.178284453938343
-0.174092396891332 0.263890441685351 -0.143205105690572 0.317441613871905
-0.0642489319329382 0.287574746402543 -0.0500275646932713 0.394272439923013
-0.041709169789835 0.267088730627479 0.00904578258793229 0.404564187155618
-0.0418765335841845 0.265790378820037 -0.00580269461218975 0.370112616849806
-0.131246893027736 0.265273770372678 -0.0268590014982351 0.29295835499913
-0.219298551042834 0.186563857501499 -0.0519970875051695 0.203025686772508
-0.273732211535154 0.0951279926959167 -0.0385595441254564 0.126496003823656
-0.287262046037516 -0.000497663679706257 0.00774135231320768 0.0640087313833193
-0.284429089242855 -0.140294788667976 0.159846974909324 0.0735291076233065
-0.312490943370677 -0.2587362942321 0.289741084215442 0.333357647398644
-0.145179687705072 -0.0643591756344759 0.198944104167084 0.584841388565374
-0.131395291969977 -0.0152170408478457 0.26788814678829 0.352421208626893
-0.110052509111325 0.0217646735376869 0.122518206718136 0.112316541556463
-0.0778934034136688 0.0263850825014108 -0.0354216808021636 0.0697378184599314
-0.0940832672619798 0.041586661273727 -0.183632990066011 0.213003418665831
-0.0803951301195822 0.08857425681874 -0.147776475873907 0.380516706012995
-0.0462772741420098 0.109288774184562 -0.0614525838641925 0.469280443603813
-0.0403818278846918 0.11085461433339 -0.0155042221347814 0.480695227444553
-0.04842904426435 0.111029487376819 -0.0469318217050468 0.441727827847436
-0.0872423610945214 0.101561267896722 -0.0967743950678269 0.342779201206394
-0.117386126013248 0.0470840134665333 -0.135086413426977 0.209970208645032
-0.0948273443037448 -0.00783039265155226 -0.0757524112337263 0.0971475519920899
-0.0789941615361681 0.00152991730819243 0.0290379760556678 0.0597345075795
-0.120846621847726 -0.018663157862172 0.199767508779875 0.0978097538591819
-0.175059209802864 -0.0766790913369593 0.342190842911693 0.391565354232024
-0.0230913715842768 -0.127436990997702 -0.381195447033049 -0.367219265641863
-0.0506699453029725 -0.127719116465881 -0.287595284368286 -0.127431508626031
-0.121634946768818 -0.0421365225085393 -0.0672684959105528 -0.0424433065800321
-0.0988506634344544 0.0619390692327838 0.062717856793777 -0.029496527492822
-0.0277797543154396 0.079745733985473 0.1902254841988 -0.181650115925707
0.0108356561798695 0.0699246562701231 0.137568001807306 -0.353711540840804
0.0386223483617937 0.0650683682931604 0.0544263871249493 -0.448824128466543
0.0396646122708351 0.0628327305511557 0.00177532957552253 -0.492258630238499
0.042632717068141 0.081688776462325 0.0134724181811563 -0.481459339190864
0.00246637545869874 0.106623090081396 0.0732122330458469 -0.404206212267299
-0.0393220517131661 0.107665030512786 0.122463099395271 -0.262301255885761
-0.130885023757434 0.0918352903930244 0.0209661046589385 -0.114806341740884
-0.157648541525121 -0.0370600238938261 -0.160907425897657 -0.138986531071978
-0.0489133861203428 -0.137248863590727 -0.284207037254509 -0.28371395152762
0.00352009888106933 -0.130539509318617 -0.262249905802251 -0.572466067117155
-0.156200016416724 -0.27886412267539 -0.326489036425143 -0.352666613336429
-0.192498840761767 -0.258435551510658 -0.252893201655842 -0.155024026846928
-0.303602729086481 -0.0963562205874941 -0.0824291239593779 -0.0775555587099344
-0.288272645031438 0.100428368632141 0.0471093007186454 -0.0263937271094262
-0.179034297658355 0.196476281675315 0.183404273363843 -0.147993242997973
-0.0730861213199794 0.229681102390705 0.143376066636307 -0.308556018438904
0.0228214067855093 0.240537130403279 0.0760057992339483 -0.39318062626933
0.0382360674724555 0.229034253878249 0.0205246285736838 -0.423703669292373
0.0506920194307045 0.25226104944877 0.0159058215928035 -0.410623574850272
-0.0443803620142911 0.292835661132453 0.0665787472958206 -0.349867215997013
-0.149114509178772 0.263929325746328 0.115975235754358 -0.224126017436099
-0.311240608287774 0.21278441782003 0.00577641817633912 -0.0688299678714211
-0.388865907988358 -0.00797748141152589 -0.189158361262901 -0.0981977754281196
-0.274095216179204 -0.245294456095165 -0.300111193597144 -0.224797137510366
-0.193093589944356 -0.317255193402007 -0.261648977863392 -0.458664437420489
-0.26877690967337 -0.405883066401527 -0.247965698945198 -0.262313705462508
-0.323199449344033 -0.375255101362643 -0.187705707468955 -0.139375575131232
-0.470332176786328 -0.153124849774665 -0.0763483182392685 -0.107741376551638
-0.468419969849169 0.125646705174237 0.0227322712627838 -0.0360791883633864
-0.327308622086063 0.294489417727977 0.136779371071608 -0.105967155737539
-0.161554614388851 0.366850333099239 0.11343657072677 -0.223375492362385
-0.0024546708133047 0.386986260953631 0.0748967773347352 -0.276465237838633
0.0333999578750737 0.360897562473941 0.037478549695293 -0.288325843758415
0.0617290813210421 0.380909289350508 0.0222716361540172 -0.277578891852576
-0.0642578438306512 0.437103261014622 0.0604320952932984 -0.242820667177771
-0.213691044494366 0.397727984557626 0.104152217584351 -0.152144648774135
-0.429862242149999 0.33604616964915 0.00473112415608412 -0.01164945351199
-0.560540579369649 0.0589789562401719 -0.178535589829308 -0.0427565202203917
-0.467408708169028 -0.286294219821335 -0.25603615047614 -0.141990522426237
-0.374264083847352 -0.438620105752709 -0.195993841220577 -0.2914519283192
-0.350036668295361 -0.478547473411335 -0.148963742102996 -0.104406819966108
-0.43299894916377 -0.444423055566074 -0.0950133136327735 -0.0672855464240562
-0.602171145505864 -0.176961279246987 -0.0481421126277661 -0.113623106179331
-0.599920622774308 0.157616234036784 -0.00663830573813841 -0.0447457854608197
-0.432017496806482 0.367853162620559 0.0555317691088598 -0.0464928115548328
-0.226942201588062 0.45987038549978 0.0533750663144811 -0.0982295152762068
-0.0251548128883607 0.477833799269818 0.0571745329323413 -0.1132574404846
0.024468508606426 0.436316540357838 0.0504213603555143 -0.111311798299547
0.0620164198501734 0.447873073611277 0.0352490328190448 -0.10597624266938
-0.0737373019260935 0.512217477034715 0.0614710817885051 -0.0996072807087922
-0.244883082626 0.469304931143855 0.0931451296350687 -0.052622450592135
-0.480650577578536 0.405395356381268 0.0148231596071811 0.0487958617603046
-0.63986157746585 0.115137349069233 -0.13165789952235 0.00984530506305104
-0.574333148962926 -0.275649678467128 -0.156488973061561 -0.0641589013607661
-0.492888836088525 -0.479380003186758 -0.0724521516646504 -0.109517862455715
-0.388348376002933 -0.476295915843871 -0.0347958769219035 0.0968035058071139
-0.488836951765816 -0.434363292322122 0.0165252459641593 0.0468612533665761
-0.648762318231098 -0.160457150523519 -0.00713676984052884 -0.0846394621704069
-0.630948272875966 0.179548667310719 -0.0372330158126506 -0.0346485521307193
-0.456891847550257 0.385098948142596 -0.0403675407216854 0.0333092589278954
-0.247568435380555 0.482932012506995 -0.0199410453729667 0.0554787340271813
-0.0404868843887276 0.492976746759666 0.0296070094987255 0.0750700569115742
0.0109227440881793 0.443908230777468 0.0566256303789928 0.0818157889949278
0.0446076836639622 0.447972258830136 0.0475146482157265 0.0765447991507242
-0.0855163315884962 0.503670889138445 0.0623176895095426 0.0551667092640932
-0.254387504894542 0.452194780169994 0.0745533454207634 0.0558752313417377
-0.464902394572429 0.380641661472652 0.0213355058696771 0.100679564314789
-0.60642728843095 0.123598871579912 -0.0722940275721588 0.0451144003032882
-0.569803032925399 -0.239927546202704 -0.0304817321371188 -0.00456547429496819
-0.520985920041024 -0.45140572612598 0.0777349825622703 0.0634067159279852
-0.370895459071141 -0.393353845915175 0.0800883285720527 0.302152672138403
-0.456816394788725 -0.336197642378477 0.128368581246546 0.172482201417677
-0.568511655028903 -0.0983534591823389 0.0346254411455536 -0.0243296474627725
-0.528555975920374 0.172731052911339 -0.0585906795100847 -0.000402888542978531
-0.389360683666694 0.332657173979915 -0.121602934471973 0.120874792042832
-0.217816194735598 0.418846378747518 -0.0832538022165079 0.210053808939041
-0.0438822163398404 0.428612587992776 0.00257006641242328 0.255842970464302
-0.00337181399816162 0.386660744827778 0.0554950694886302 0.26101085952629
0.0136546379017489 0.385363455279066 0.0473040462449731 0.243004928896885
-0.104658983445141 0.418162772764684 0.0445433914931128 0.193813283388264
-0.24622058959912 0.352533367419099 0.0324786103746761 0.149296486243911
-0.392526518012067 0.26569167467692 0.00786427133500328 0.131960934011778
-0.475244442939907 0.0784246520776089 -0.0212947002821895 0.0623013970216262
-0.461491797641378 -0.190074165224044 0.082747590004005 0.0338534353041233
-0.456803987380471 -0.364777579201876 0.21703576625542 0.206376076158775
-0.29079176301878 -0.241203731455872 0.1802133240633 0.470463092745544
-0.331487476730217 -0.175156670686549 0.223661335823993 0.275351131597032
-0.37017341446204 -0.0206234600280233 0.0785715989381992 0.0462782020691126
-0.318770426197049 0.123019005452281 -0.056604173328269 0.0423440178572895
-0.249169273592846 0.21244849920318 -0.164364296300519 0.192367353601193
-0.149308520625635 0.281605242606058 -0.116935277950936 0.3311686330843
-0.0399774136840314 0.294051338409775 -0.0151225066987302 0.397104365402819
-0.0183166860736153 0.270589734158783 0.0458045856071284 0.403393034315603
-0.0193574135200444 0.26919567998185 0.0281229218890117 0.372397193195979
-0.10830391667669 0.276676975413258 -0.00198875506250023 0.2960753211781
-0.202661422485475 0.206863934024672 -0.0371518505022695 0.206816781391724
-0.264895563702356 0.119046693764201 -0.0271360424683239 0.132403999935264
-0.284549496074135 0.0259427385806471 0.0119252214891601 0.063530692338316
-0.294908290303668 -0.114719767475038 0.162237739056713 0.0599540379832611
-0.332828251792879 -0.230053839819315 0.320632349038052 0.310402101761993
-0.153989339538682 -0.0526358496446451 0.248122774320351 0.572057570150543
-0.134282642533174 -0.00283514462458748 0.295775927672138 0.332112428042442
-0.107642709492509 0.0343451802495106 0.130002502072544 0.100237189197909
-0.074258744188932 0.034121507703002 -0.0305503185849389 0.0704856713437668
-0.0901374234743085 0.0501784726663869 -0.164961945656884 0.228862130240759
-0.0720930904254523 0.0970172096377478 -0.116470614940594 0.394498189858866
-0.0374369596999082 0.1139913327946 -0.0218300074921002 0.474381355387461
-0.0307726833736456 0.113574455785214 0.0292223067043024 0.482945242449749
-0.0393199819389636 0.114539258842961 -0.0064139233715551 0.448081147082639
-0.0781909974873123 0.10879027076437 -0.0681406274731486 0.353436366150989
-0.112220094708471 0.0579394485354082 -0.119559368860306 0.222270524167653
-0.0942993725179538 0.000742345713857226 -0.0673673348380477 0.104721645154142
-0.0769608213663333 0.00946333714926126 0.0333633165477522 0.056544583817842
-0.121776912889946 -0.00615966164518565 0.204088852904714 0.080449932335612
-0.181438942655685 -0.0611967342973233 0.378033803801683 0.364094981233225
-0.0273859203680533 -0.121029461396389 -0.394372415819097 -0.335838648287653
-0.0565180655749061 -0.122337829822529 -0.282904213706122 -0.108277641426121
-0.1204010145024 -0.0345430783689745 -0.0673760312924646 -0.0358366723960224
-0.0923667750382741 0.0658290525870301 0.0580396637051102 -0.0325715972418667
-0.0214456023382001 0.0793337438521694 0.170030151137257 -0.189063022979821
0.0148950564839437 0.0651627240445545 0.109059256940378 -0.352214184182838
0.0421700174665851 0.0599884780635633 0.0229440155147427 -0.43832712305065
0.042497126601669 0.057939249854077 -0.0328394393277668 -0.47668678586939
0.047172750026223 0.0765785082293689 -0.0191955839900979 -0.46754536034236
0.00962208288448193 0.103940893571568 0.0462676620812489 -0.396539367714253
-0.0317529731698589 0.106558849533563 0.10283643595499 -0.261657370539265
-0.121796780791606 0.097112759393168 0.0137032075621775 -0.110323775589479
-0.155047341214303 -0.0256245796470656 -0.165314787545869 -0.122398703462921
-0.0560103543733962 -0.132717100232746 -0.289937466205955 -0.255508427561253
-0.00446746226837343 -0.126058203428648 -0.287638672097384 -0.53659742149065
-0.16503494050197 -0.259381488283428 -0.33995901536868 -0.323599909939793
-0.201665077182497 -0.239155543732155 -0.251402829866269 -0.137132446951817
-0.297942187855676 -0.0738186889005524 -0.085059571217309 -0.0693623785669286
-0.270858577354591 0.1158946772696 0.0426739594977337 -0.0283743287402593
-0.158303923368157 0.202210194214277 0.166309294651126 -0.156468042898563
-0.0546671774217674 0.225329980339342 0.118316741298508 -0.308712307718779
0.0380083436920443 0.230417610724648 0.0467111758289262 -0.387161847747807
0.0518114094512008 0.218809852649996 -0.0103685391960014 -0.411861048870398
0.0655113683407722 0.241002771294816 -0.011047328905401 -0.399165329966863
-0.0226720861587368 0.286920121499162 0.0410499792398933 -0.343820067453058
-0.127737801112307 0.265119612319404 0.0982634598861439 -0.22520626420342
-0.28879532743397 0.227089825937461 0.00315274202249911 -0.0644043557716248
-0.375269377005933 0.0191370920222671 -0.190368227205785 -0.080945046544255
-0.280462948774416 -0.223513010200505 -0.30237903318472 -0.196733255261277
-0.20481058156839 -0.293792427661551 -0.280003990601845 -0.427000334187491
-0.282226090313991 -0.37402727727388 -0.259492950958625 -0.239986276408472
-0.333997443191346 -0.343117191480584 -0.188960639783462 -0.126108519708208
-0.460153356464085 -0.116660775111908 -0.0821984063311499 -0.0992802880692059
-0.442365166691847 0.152338773387493 0.0187467924284387 -0.0372759076729967
-0.294401173980113 0.30769137397295 0.124590054859169 -0.114352247667274
-0.130798072220651 0.364254158762647 0.0947771969030456 -0.223731676097923
0.0228410110250932 0.373516758151983 0.0542164049094174 -0.276243644561505
0.0565014656319022 0.347065220229293 0.0151090975597331 -0.282892715836032
0.0834814263519336 0.364335340019828 0.00311756774612536 -0.271389431592013
-0.0334137008409078 0.428286088921493 0.0421744508291964 -0.24031409231126
-0.181018497671314 0.398408608618449 0.0906872148042413 -0.155760390206263
-0.395043778246402 0.35274839362302 0.00611334616278166 -0.00855193924022496
-0.536039739553052 0.0935761322037689 -0.177193129145224 -0.0272853833973901
-0.467974856634168 -0.250559404817856 -0.256409901924981 -0.119356830928374
-0.384760630658545 -0.396988692628671 -0.205235059752255 -0.271767409659948
-0.364846685670836 -0.439915742267288 -0.153539154077095 -0.0926402285296045
-0.443947187616532 -0.403447396830248 -0.0952590270377841 -0.0619679342840793
-0.589630784945391 -0.129707529025147 -0.0559484794125459 -0.107661424171837
-0.56702960935408 0.19079048298831 -0.00975914669632785 -0.0451410498385696
-0.388918950473767 0.385895889981051 0.0499893868490737 -0.0521072324779299
-0.186047106627506 0.458891103102379 0.0447265879144804 -0.0985434808265223
0.00580309923300986 0.463001508743312 0.0480319308422226 -0.117607781163159
0.05230256051403 0.420737871071106 0.0393987415284228 -0.112709476208215
0.0882024555136896 0.428048964002526 0.0273494489053892 -0.106289326341086
-0.0374575312815031 0.501028229922186 0.052774608765529 -0.102167518352751
-0.205932139006019 0.470864282289623 0.0853086066278768 -0.0592726819507339
-0.438555714738035 0.42425135888217 0.0203397867634365 0.0492782835172331
-0.606705368568393 0.155241209314596 -0.129374839685326 0.0195662426047595
-0.569597415173704 -0.232508398643118 -0.157015042964473 -0.0504798105115349
-0.501906086832088 -0.429177485609926 -0.0740443330158122 -0.101821987952615
-0.404140561768887 -0.436108460869563 -0.0309892347274029 0.0952981100969079
-0.499314517247418 -0.388624042630224 0.019149615282417 0.0424091851682055
-0.633856642751048 -0.109371247495035 -0.0153254028340938 -0.082918092358779
-0.594357615683009 0.215218247661161 -0.0391643434977032 -0.0340212576807468
-0.413718540365275 0.404853937861434 -0.0375492145093321 0.0307531094203647
-0.206040383025648 0.483633993250144 -0.0163647581942387 0.0547599954899718
-0.00821219317397932 0.480552063713401 0.0337490429735349 0.0658147249748929
0.0405787889744243 0.428189208885683 0.0590523175189426 0.073097352113022
0.0729878487205175 0.43017400816018 0.0519461631881318 0.0692351114698894
-0.0511105052756744 0.491892666335198 0.0631801509078854 0.0485174827983749
-0.216451989024939 0.455338094075409 0.0737256137966003 0.0474004032915743
-0.426058622579855 0.399894573271992 0.0302421107845124 0.0991863995570645
-0.573800429055755 0.158809347354468 -0.0691920764542109 0.0502984235726106
-0.563999822882139 -0.197210796385895 -0.032252159553049 -0.000733612917078767
-0.525766206644197 -0.400130493588905 0.0811505024440703 0.0556505118361482
-0.384520010312596 -0.355732294178072 0.0938312262162188 0.286979525021698
-0.463623469747826 -0.297067997463139 0.134112157028928 0.157673649171299
-0.553839883446923 -0.0551161865724199 0.0292781759242219 -0.026928039945387
-0.4961142896025 0.203250464759864 -0.0575070833877478 -0.00035531225111301
-0.351135921194129 0.349295220767765 -0.109859338640522 0.121597034493065
-0.181730029268361 0.421029570231436 -0.0671616375294618 0.208277491947889
-0.0146390981570777 0.417928723069007 0.0190551654679202 0.242908580344783
0.0220611887436606 0.373758257697264 0.0710115480889343 0.247093960746767
0.0372828801704184 0.372232586204622 0.0632403047039485 0.230206038470541
-0.0732567607429482 0.410856241697422 0.0548398843399766 0.184441592308699
-0.214576177095243 0.357070299864058 0.0394262560457604 0.141316821868972
-0.36248061023545 0.284104204689298 0.0180557597277627 0.129324950905041
-0.450646253597341 0.106867101823288 -0.0183942948676881 0.0628727132212171
-0.455515984017191 -0.154279187439605 0.0787825880776766 0.028397015485934
-0.461149434160387 -0.32133181730059 0.225308362068237 0.18617446672236
-0.298305446189948 -0.214093007941673 0.202830935944684 0.444846858475023
-0.332934262013916 -0.147787601052031 0.23164957777634 0.252271945018125
-0.357956760318007 0.00702252262560767 0.0761096393840616 0.0377935238834088
-0.297827686299856 0.14076506288602 -0.0533578001670036 0.0415032337243043
-0.225630550074465 0.223416561852625 -0.146475892448438 0.194259915839734
-0.124004210433771 0.283435136178019 -0.0916751889824812 0.328402448995701
-0.0202170883591863 0.288022221237454 0.0107811218669552 0.382634583076447
-0.000600619322484406 0.262146581906058 0.070995203766061 0.385011189922511
-0.00190006519063502 0.261031607219106 0.0543026197367085 0.357215965734706
-0.0864923235395027 0.274752698008988 0.0160820674607 0.287198362787209
-0.180959949564541 0.214013251283819 -0.0246944392983625 0.202409892909832
-0.247247535316656 0.132736504861032 -0.0167263078340017 0.131731672838854
-0.270377620412402 0.0440849227210127 0.0140688213021272 0.0603721404187989
-0.289805128408826 -0.091483487579427 0.156653755429536 0.04803423122425
-0.333857374816916 -0.199002046144008 0.332689023554223 0.280427542413342
-0.154498029946738 -0.0405539642496886 0.275037812861236 0.539521734740424
-0.130601545202456 0.00673341650956791 0.306079293882942 0.303341473411344
-0.100814272363644 0.042991501132131 0.129426484926238 0.0873135855828668
-0.0679389110656796 0.0381260496739375 -0.0258159315691959 0.0681625790800249
-0.0834541841008968 0.0551962270385035 -0.144751376407311 0.231929522508915
-0.0624654113259974 0.100027609216816 -0.0875753836068841 0.389913855210756
-0.0291162742815968 0.11352560699184 0.0114051014338879 0.459832388472497
-0.02201003697516 0.111262204867911 0.0608968485968406 0.463430194110208
-0.0304451274856275 0.113014061976235 0.0253202920266134 0.433176923085037
-0.06786487526268 0.110002863978343 -0.0422622657230289 0.347225777542016
-0.103306893576594 0.0636602534024866 -0.102203967331527 0.223675162318236
-0.0890930366411495 0.00656484428319978 -0.0580913753085497 0.106712840500312
-0.0720535778172756 0.0147856868514744 0.0351702649372657 0.0518851865599977
-0.117015256744288 0.00363452259608394 0.19889644200797 0.0653411397516808
-0.178681557068459 -0.0464947822803762 0.390224215076813 0.329175872997249
-0.0267260292854277 -0.115864064104013 -0.391877202270262 -0.313989869659575
-0.0571918291647018 -0.11837639123785 -0.273503033503428 -0.0997136190698582
-0.116448759602925 -0.0311569914728779 -0.0652162687061302 -0.0325862872111246
-0.0874426237723445 0.0659283347929833 0.0545926118363903 -0.0320205835003643
-0.0182170870459603 0.0775647715579397 0.155865443388069 -0.188378265054173
0.0160991722907587 0.0610657464869446 0.0928131204977018 -0.342787671824913
0.0429074167003058 0.0552617038464029 0.00778933025938679 -0.42464143743843
0.0429681844492836 0.0547123750382532 -0.0493912063037333 -0.457809517176078
0.0473781169943567 0.0722755099255709 -0.0339350527074928 -0.450236502271406
0.0127404505758565 0.100627510703779 0.0327616100600568 -0.384751788429865
-0.0283436760968444 0.103143605352034 0.0924093343984386 -0.254702932862779
-0.11498154869236 0.0971712253301757 0.0105356783963715 -0.106223781125192
-0.149979478187619 -0.0197624735805467 -0.162359773505647 -0.110357248724892
-0.058271623397344 -0.128173218724828 -0.282816452034862 -0.237002296601713
-0.00712772077760154 -0.120597899068056 -0.291177550764698 -0.51087672941553
-0.162603182592811 -0.244734683666243 -0.340633913745614 -0.305119075954705
-0.199530015374365 -0.225724147198771 -0.243897566392798 -0.12872008229017
-0.286905551680364 -0.0632411206471572 -0.0838484802239849 -0.0638038093414756
-0.256120414633388 0.119693121170972 0.0393687586390872 -0.0281879098698502
-0.145211942323402 0.200623322394362 0.153253116494781 -0.158082085170637
-0.0461279182488347 0.217643642269891 0.10292509880945 -0.301462536144919
0.0435203220111914 0.21965518222576 0.0326287297793274 -0.377275510961873
0.0569130360853938 0.208955817312272 -0.025492407946004 -0.396787140460223
0.0700285024551098 0.230320558144275 -0.0242402570617143 -0.385224200012995
-0.0130399131421336 0.278421144514592 0.0298160075738869 -0.334291741514873
-0.11536973367254 0.259174155508883 0.0877669412684531 -0.220900416418646
-0.271372857527014 0.228754529549007 0.00223896994133475 -0.060396841626904
-0.359268844834879 0.0293249232536148 -0.186364506942997 -0.0696213889094338
-0.275788176132195 -0.209460023738406 -0.294961772116957 -0.178985555213469
-0.203336500289343 -0.275456031006554 -0.278380083407269 -0.404009111315947
-0.279938601401576 -0.353040295384387 -0.259176318391943 -0.225830846880439
-0.328743286607966 -0.322313770723176 -0.184019730368568 -0.119220469683356
-0.443005074452691 -0.0977559477391164 -0.0829368397077396 -0.0928335723384263
-0.417571041259965 0.16053945326298 0.0158292019666341 -0.0369027736573408
-0.270355101287979 0.305678168441847 0.114743280071344 -0.116699275256772
-0.113551073692751 0.353706570647715 0.0831467977100333 -0.218944798803968
0.0319027696116556 0.35802597346499 0.0429953521733226 -0.271523719860369
0.0654777172972268 0.331621775622644 0.00409934116409886 -0.273860699282804
0.0915035560644291 0.348545182632298 -0.00611826974377671 -0.262652330683391
-0.0180974822348561 0.414048009217851 0.0323850550055715 -0.23348304239408
-0.162499867676087 0.390101485529991 0.0805659218645085 -0.154357015022694
-0.371468459493051 0.353373437621038 0.00850122314136168 -0.00613740665459561
-0.509615657577566 0.106650276723012 -0.173288503451852 -0.0190110084162053
-0.456949816016851 -0.230028506513752 -0.249540226338355 -0.105818008275331
-0.379347813009575 -0.370029476209438 -0.201873160284139 -0.256657398208989
-0.361080027994474 -0.412758069908636 -0.153363699239071 -0.0860636461056569
-0.438322420343535 -0.374940958529337 -0.0927188728463737 -0.0600928191459476
-0.565534084938638 -0.106189409213908 -0.0585224033479455 -0.102377988788001
-0.536176453453949 0.200603822602854 -0.0121687024531358 -0.0451460064106346
-0.359850812789015 0.384485038081257 0.0455689492275319 -0.0557860531119853
-0.164516912216735 0.446397779584457 0.0391490851307529 -0.0964701500159905
0.0195064705005434 0.444422303490218 0.0416632004977312 -0.118970108579936
0.0631392787946004 0.401243661408498 0.0327855049329498 -0.110346284424707
0.0960344146329681 0.411085311339001 0.0230555960500176 -0.104961806019442
-0.0204052107838377 0.484472845962448 0.0467869378509331 -0.100076150824064
-0.185056864338371 0.459169353521907 0.0780607443528753 -0.0612307569576759
-0.411097276337902 0.422591866646552 0.0247995651749019 0.0493112332247369
-0.575834252912917 0.166219624257569 -0.126270666315486 0.0250091900642416
-0.554117259669735 -0.210309452105509 -0.153008671791753 -0.0418276301901072
-0.489890482863959 -0.398535827092131 -0.071643596767603 -0.0963515874648215
-0.400068323142349 -0.408437121614636 -0.0295364922505089 0.0921503001322877
-0.490440618504171 -0.360522241823209 0.0195297312034282 0.0380100128271837
-0.607309573139364 -0.0850409938013751 -0.0189687727379541 -0.0792446054114793
-0.562795540052845 0.224530765701488 -0.0401209514551049 -0.0344231048101693
-0.38203144945553 0.403364058695778 -0.0358512240674447 0.0267112040337967
-0.181630144299015 0.470761087095855 -0.0146884563607096 0.0524205935622867
0.00634974187191143 0.463290220756251 0.0334015433587267 0.05800702194811
0.0524177526280297 0.410262661488094 0.0577225012199441 0.0673849280908567
0.0821961505312022 0.411539599245454 0.0522245606056688 0.0637224489782469
-0.0330025793698586 0.476711664188675 0.0615763072594857 0.0443295812222907
-0.193493404115805 0.445055358144514 0.0695402566637659 0.041890102477255
-0.39886718781331 0.398970709305816 0.0350403466539952 0.0969618342100007
-0.544737382500824 0.169410951600967 -0.067081786007646 0.0520161007390513
-0.546010158928091 -0.17655207425349 -0.0334819752942428 0.00200211991171289
-0.512858006181201 -0.367776838288918 0.0826656551862433 0.0510141639929943
-0.37849374248714 -0.332427688540244 0.0965702437000971 0.273621931671387
-0.454522383831111 -0.271461989323338 0.133652598845909 0.146947808757751
-0.530867156672741 -0.0363560347090364 0.025229415835988 -0.0275981956677655
-0.468101982826387 0.210926232232805 -0.0572852898807191 -0.0016225123447963
-0.325811994750894 0.347690976212612 -0.103152644261195 0.116480774843362
-0.160344003935135 0.410407458374781 -0.0587096325216418 0.20193896093671
-0.00222832537163451 0.403029925553383 0.0248752963614206 0.229559090149826
0.0320777242385 0.358495892295862 0.0751930119386896 0.234221475506623
0.0462436757996455 0.356394899837683 0.0691191847874034 0.218634096315599
-0.057858231379446 0.398587483436498 0.0574083785987191 0.176287149244066
-0.195516819090392 0.351741857102284 0.0395529631086156 0.134052939042997
-0.339832142804028 0.285537563183779 0.023972450964259 0.125997323936898
-0.426959804974176 0.116015888460113 -0.017846131248459 0.0622006473991132
-0.440265863770478 -0.136988172606959 0.0733663470991879 0.0268963523861811
-0.448050573225459 -0.293845938227408 0.224922198804609 0.17308486929476
-0.294507483903984 -0.197213508610982 0.206730207118148 0.422762193822788
-0.324891712431266 -0.13183142394601 0.23021154494567 0.236019477350034
-0.341212052047774 0.0196285702191676 0.072083444848959 0.033934092840192
-0.280203946899153 0.145697790274432 -0.0520159542630906 0.0386920818491325
-0.208752263344101 0.222598951472826 -0.135450554404732 0.189126567530253
-0.109140593273052 0.277920650455948 -0.0783935737208898 0.31914337190851
-0.0108218531139259 0.279020670042892 0.0218775276687175 0.36571906379709
0.00692102000118059 0.25169410434066 0.0810018927649954 0.367241360637206
0.00523051431868533 0.251483221138077 0.0644408431114561 0.34117053606753
-0.0745087067375842 0.267431309830657 0.0240752986001546 0.27737635715576
-0.167179914417609 0.211812893255292 -0.0190150375506205 0.195588225458295
-0.232991197558731 0.135705796301189 -0.0107119133782921 0.128653266240216
-0.25572577257956 0.0499656649930273 0.0135084508636468 0.0583268353825495
-0.27932952774565 -0.079856679959186 0.148174908707084 0.0430991732569327
-0.324203973214709 -0.180845563552076 0.330568099908308 0.260974935269756
-0.152266585704374 -0.0345517102253111 0.279616077530294 0.511041303003174
-0.126229080218882 0.0107116362649847 0.301972707262621 0.283412403044638
-0.0938846776133807 0.0465022773822217 0.124739372484243 0.0795614384235321
-0.0624020855221378 0.0385632071891807 -0.0238788613149286 0.064490403483827
-0.0781249982435203 0.055681598883748 -0.132284574834036 0.226174569833263
-0.0558047200382126 0.099337943352428 -0.0730211962066711 0.379033642752188
-0.0247707095786518 0.111631963229163 0.0245189695551731 0.442285548482877
-0.0185263795110451 0.107569385939852 0.0739972891016254 0.443531951442828
-0.0261843382645633 0.109711540882326 0.0396128961337627 0.416443856721792
-0.0616597444592844 0.107710505058308 -0.0288146247748827 0.336575713129235
-0.0959566851711097 0.0647415336678136 -0.0924328293140863 0.22037259034445
-0.0841627622244698 0.00925309936892776 -0.051642973463506 0.105271758212111
-0.0671678492250528 0.0171292331422943 0.0349024341156455 0.0482085772813731
-0.111074620893044 0.00853415594275899 0.18971174459805 0.0577759640527702
-0.173025952331711 -0.0393482155152595 0.387728988840252 0.30692568649754
-0.0247198040128162 -0.114188737619169 -0.389432359172846 -0.309279038088424
-0.0561054422749789 -0.117464966435715 -0.269117856462756 -0.0994173279579684
-0.115318043372617 -0.0316138555176167 -0.0634103395646011 -0.0318437539424886
-0.0858486685375003 0.0655342389280257 0.0532246111106856 -0.0310583951550959
-0.0170381400964197 0.076526054712995 0.150293721930251 -0.186246973500533
0.0158564481028548 0.0586243236774282 0.0873049930672566 -0.338410966475019
0.0425896716462122 0.0531787350315086 0.00383726016875022 -0.418187827380204
0.0430972553354968 0.0534592336372303 -0.0541980947768164 -0.449353397534256
0.0472652311279016 0.0710701095348669 -0.0374865462625565 -0.443209515550431
0.0139392427079178 0.100095942978505 0.0293908282017637 -0.379940851746695
-0.0278707562985943 0.101883699542154 0.0900464536416262 -0.251820120952897
-0.113244756861339 0.0969276443840227 0.00980651589801341 -0.103722781166435
-0.147101886228813 -0.0187709340612271 -0.15987138361233 -0.105651091490603
-0.0586878094401893 -0.127530254860758 -0.276561019359685 -0.231066468656275
-0.0071512863649636 -0.117795598056273 -0.286249391041288 -0.501316992872958
-0.158667688913332 -0.239815199866301 -0.339370905304699 -0.300195786644689
-0.196139717566018 -0.222648932633776 -0.240374051159123 -0.128165730977699
-0.280467644565373 -0.0605241050539776 -0.0829664152540457 -0.0620659728644931
-0.25020268683678 0.119302068323574 0.0377023361049044 -0.0282708293548841
-0.139380512872805 0.19916740186116 0.147688207300434 -0.158254587500442
-0.0430693879574802 0.213377072148552 0.0975264882357809 -0.297671014049894
0.0442793281154223 0.21556472394576 0.026990733479435 -0.374317553910698
0.0578631675962787 0.205533195018035 -0.0295529247019324 -0.390463023292669
0.0708825676398752 0.225863866790899 -0.0288559360074429 -0.381168174255673
-0.00949213632597097 0.275515522316501 0.0257201031913892 -0.330363048475705
-0.112064925508208 0.256019471240458 0.0837430691715034 -0.218834024011204
-0.266365971348352 0.227502795809873 0.00305571684459119 -0.0580957296364883
-0.351233169922833 0.031161875279387 -0.185265170558269 -0.0652972942994255
-0.273298577301708 -0.20790011153758 -0.290248827796656 -0.173409798239427
-0.2000548957685 -0.269359427658874 -0.275137229647737 -0.396068903839564
-0.273875210486589 -0.345494247586446 -0.259108981473213 -0.221590724772828
-0.3240419253427 -0.314682525114294 -0.181515223740994 -0.119000808583934
-0.431167640993459 -0.0936548070167657 -0.0824029762419445 -0.090808991095992
-0.406852150927663 0.160267200873771 0.0138818529245345 -0.0373749716295944
-0.260985359038388 0.303750388368791 0.109890111144756 -0.118120960977056
-0.107752642461098 0.348083426833443 0.0791860019512705 -0.217019892039397
0.0348645373184978 0.351756520137411 0.0377938384530842 -0.270994193128641
0.0670207316946671 0.325550863507208 -0.00049430861004614 -0.269215396739266
0.092014924376736 0.341300668645595 -0.00931509592331286 -0.259855871302836
-0.0131469790925679 0.408489195396757 0.0297109097219723 -0.231447849687892
-0.157038408013498 0.385279574634324 0.076693225598196 -0.153970077916434
-0.362289041867428 0.35211606875536 0.0108100384213647 -0.00427074238146055
-0.499155897592368 0.107912187794366 -0.172928909632844 -0.0145478353494573
-0.451397231306084 -0.227855676157355 -0.245781575104747 -0.100711467340317
-0.372151616841243 -0.360193218397139 -0.197239600319727 -0.251745095628796
-0.356089510459917 -0.40372217529806 -0.153783508465041 -0.0847793161374541
-0.432993753524806 -0.367957700524724 -0.0919703084660865 -0.0612397858381309
-0.552917660709248 -0.100833289051463 -0.0595878061852355 -0.100443211176087
-0.520966146427293 0.199742810378421 -0.014148361744185 -0.0452396321413594
-0.347558885101884 0.380999240582649 0.0426822971734947 -0.0590918167893222
-0.157967270469674 0.440747327425847 0.0365138599334104 -0.0969188993612694
0.0225334387788846 0.436950180268575 0.0379032226839476 -0.121187204643139
0.0655140348202007 0.394810173988393 0.0293644368849089 -0.110018893841684
0.0987796146794549 0.402855441803275 0.0207840423276042 -0.104551568818078
-0.014624791252185 0.47737232648997 0.0447978181254553 -0.0992882391571089
-0.177451058004407 0.455295604803571 0.0735190234776624 -0.0619508967244149
-0.402045393681534 0.422735930378492 0.028141706964303 0.0502295973462854
-0.563289993745599 0.166059665650543 -0.125911284040911 0.0285745505608556
-0.545215979335321 -0.20585035464157 -0.151455916156923 -0.0383459277848842
-0.481369680492659 -0.386051845484623 -0.0681647600698563 -0.0951534918217308
-0.393667031081874 -0.398602212124884 -0.0303248851784011 0.089669811691717
-0.484562623753017 -0.352376334613541 0.0193888315022391 0.0350893715606643
-0.596238877029286 -0.0783903879093549 -0.0204559221163939 -0.0783053211979519
-0.547773610849881 0.224441707828153 -0.0416819929291114 -0.0358524345277714
-0.369894680082318 0.399032029558377 -0.0365858509012959 0.0225318966408957
-0.173209322244768 0.464932559416671 -0.0150758368553179 0.0509109763341647
0.00954216945564398 0.456971367116788 0.0321552215202574 0.0530003959552005
0.0533404128524282 0.404685247507935 0.0563320894481392 0.0649434337462166
0.0840199651012724 0.404145968603348 0.0516317224362232 0.0609126157519309
-0.0275546401081106 0.47095110771207 0.0604511632359747 0.0426838608112799
-0.187898874811281 0.440593258593056 0.0656800470150499 0.0401636582565079
-0.388133680934937 0.396164780805968 0.0384852389940301 0.0965283232137828
-0.530687769628499 0.169195049508645 -0.0683100515774492 0.054361237034561
-0.536796269554001 -0.172714437118315 -0.0350139225473841 0.00448975179382788
-0.501125900450372 -0.357116983325419 0.0842578124770236 0.0491810216828081
-0.375063765194139 -0.324893179097084 0.0951669045867801 0.267762001312599
-0.448938646274887 -0.26450192102057 0.131743411493576 0.142447886516551
-0.518851977403828 -0.0286260586738515 0.0226139614121484 -0.0281816595770076
-0.456753196765385 0.210783314556478 -0.058502091363897 -0.00401109271495861
-0.315307584615033 0.344849892221325 -0.101873731317587 0.111957639940543
-0.151337377699292 0.40631158925635 -0.057370185107859 0.198710387333165
0.000791924286226106 0.398681443372057 0.0253614006372716 0.222796376046591
0.0333578792836874 0.352333389707159 0.0751876921125944 0.229182510861975
0.0482786685630788 0.349840526379819 0.0697564717976232 0.213579301165719
-0.054228646192115 0.393504386193456 0.0582600639226334 0.173559249145827
-0.187951253622006 0.348654866161292 0.0366445679764451 0.131264444684091
-0.331757176492579 0.28422442214034 0.0274312155885334 0.124845811533662
-0.41568259598932 0.116816007406004 -0.0194046591259254 0.062800416757975
-0.432339967656005 -0.133629535691178 0.0695775557517161 0.0281388677183709
-0.43909243688899 -0.284686507137974 0.225164018192691 0.168412457413881
-0.29213570644638 -0.191760506982339 0.205676509118671 0.414483102063125
-0.321019439291893 -0.126536019303935 0.227618174869636 0.230491819782317
-0.333400668128427 0.0239607162462347 0.069242402599803 0.0321076121779817
-0.272377784701302 0.145175926393015 -0.0532660573623866 0.0360510229919002
-0.202166019613053 0.220423868709823 -0.133312115755928 0.184894215455619
-0.103159851662564 0.274885092971615 -0.0751854607942797 0.313948062643066
-0.00870703265601515 0.275444941864899 0.0247193814964924 0.358124067689789
0.00820427121766006 0.2474737995211 0.0829610975628348 0.359267049369168
0.00684995593024211 0.247054953921404 0.0673099114350273 0.335004262707129
-0.0709021203666424 0.264689845540017 0.0265327975644192 0.273520786300113
-0.161202236257651 0.209985916766294 -0.0192997298091045 0.192923211947435
-0.227459182215731 0.135975520918494 -0.0070184319291433 0.127569633501028
-0.248814441933527 0.0512987944939372 0.0119659150064168 0.0578526944963814
-0.273503885246877 -0.0768286177959773 0.142773283139274 0.0431345699913025
-0.31815654576341 -0.174809355911783 0.329375217920442 0.254820726671384
-0.151886991745704 -0.0314194794402463 0.278869554160334 0.499742978168682
-0.125208082850203 0.0124522289935875 0.299071239845022 0.277703020198528
-0.0904545935902699 0.0488883903821657 0.121167001634598 0.0771648323064493
-0.0592989283424879 0.0384487713388911 -0.0246828599404059 0.0613689884978372
-0.0764283147074914 0.0555876603139321 -0.128953637526046 0.222658240496844
-0.0524992104308232 0.098820679903128 -0.0690736877619729 0.373941615357183
-0.0231704871146212 0.110419447320339 0.0281793391711973 0.432985472737965
-0.018161317798953 0.105632210203908 0.0782697225457031 0.434928933851461
-0.0252557126496152 0.107846982929826 0.0436372636151733 0.409052990742337
-0.0595124552573077 0.106506476367959 -0.0254717756850438 0.33293648769375
-0.0925960183268466 0.0644262910115019 -0.0900228041072781 0.218206083524324
-0.0817731840076702 0.00947959711436858 -0.0485508718020129 0.104475958721369
-0.0649734208488852 0.0182545327928804 0.0340957208488301 0.0468888440066617
-0.10802079418536 0.00992781873783341 0.183326599119353 0.0569341387923838
-0.170216280555971 -0.0368628980928187 0.386273486486214 0.299740712152564
-0.0660089992647547 -0.0875986791850879 -0.49771743026767 -0.120282826903075
-0.0963801391595959 -0.0814746269388886 -0.294501911172943 0.0254401227647835
-0.118402641936896 0.0181350330985289 -0.0741380279003677 0.0028636724527239
-0.051041157922044 0.0941127095476286 0.0345059350359897 -0.0463174451269587
0.0130670243418371 0.0773736620505425 0.0538504120476291 -0.234767261721967
0.035570187207845 0.0477724020487341 -0.0709282045403872 -0.346093823702639
0.0613080173548601 0.0289683162784016 -0.181973667677595 -0.384914448362508
0.0623061145211406 0.0345386322152092 -0.251607948157651 -0.384949652468366
0.0748310192372325 0.0442453147540234 -0.235183868077253 -0.385987931429175
0.0560155668446731 0.0858641730454579 -0.145205433138897 -0.357596123514544
0.0164604165958687 0.10702826829569 -0.0331158681571535 -0.269346955729987
-0.0615508261341726 0.13694173974038 -0.0453343727892924 -0.101456619802825
-0.146410663063084 0.043325963557445 -0.19031527010464 -0.0293625272460272
-0.114539751874703 -0.0969935642355829 -0.342900367667962 -0.0971937061860749
-0.063774602245579 -0.110917479424045 -0.470498069348385 -0.338587031980753
-0.239817679335368 -0.150100241773594 -0.455482418235422 -0.130440792164207
-0.26617327816312 -0.118737513416707 -0.284579520855102 -0.01012792134728
-0.279281297651022 0.0592432402551848 -0.108986635427655 -0.00821602752680024
-0.174193301628989 0.20940644352737 0.0181868454022018 -0.0284942530287986
-0.0448483964040618 0.238021364159882 0.0663720897548044 -0.20228128173663
0.0483139270740607 0.213801664347285 -0.0412705826785638 -0.309544730692317
0.130719141362314 0.176138048026888 -0.138523058281671 -0.348727348804907
0.14008371338835 0.16997791412817 -0.204230790648412 -0.339903198057558
0.163150144294524 0.178468330186334 -0.201138857727488 -0.331198861913849
0.110412972015576 0.258625225893621 -0.130947661346867 -0.308048658904663
0.00497068722515557 0.288655053838804 -0.0327730164809523 -0.238826318240115
-0.143440894892908 0.324269795357351 -0.0445357575881101 -0.0621491139708363
-0.315476570897751 0.177613558798227 -0.19985375925571 0.0103122454867557
-0.348178761522974 -0.076748498915441 -0.326240824885672 -0.0500402065288113
-0.312691589461221 -0.161992955509474 -0.403385510814085 -0.25807695012643
-0.387658745538116 -0.202554765591981 -0.354531019905834 -0.0919759334395485
-0.419880965401107 -0.151745122577784 -0.229677784186627 -0.0250288868077479
-0.429097977074574 0.0923121487529835 -0.125654002473456 -0.0278700238105653
-0.295272484608351 0.311488862022854 -0.0127449442272916 -0.0202698154740222
-0.109657388914163 0.383094795399215 0.0515374989641021 -0.143742410870791
0.0477885844104998 0.364855113670184 -0.0198210762900773 -0.223702006733148
0.179613504220838 0.304524112273972 -0.0810724453477378 -0.255394179415028
0.198959763628773 0.278605985902664 -0.124091490386109 -0.242058178839055
0.231543479993509 0.276628445467438 -0.130525598543926 -0.228997752345743
0.164150609901277 0.38414355440484 -0.0869209551155641 -0.21741170091908
0.0198653118350003 0.428343641346827 -0.0181781933401017 -0.176856889663206
-0.176892428926414 0.481520474981917 -0.0247444584946432 -0.0189536389240655
-0.419962859475867 0.314567839936833 -0.170912778154909 0.0464036394021844
-0.521844791238661 -0.0164491997880037 -0.255708007459552 -0.00971992321786822
-0.514409209998606 -0.16681898359479 -0.26331688129477 -0.165276854659004
-0.487179393278519 -0.226172789752516 -0.202554793644246 -0.00830356149702269
-0.539184934594864 -0.155880270716568 -0.124538543069597 -0.0087588346489125
-0.542062243334611 0.134745900028922 -0.111492200114075 -0.0412119361977117
-0.381067901277939 0.395228467805111 -0.0446171007049793 -0.00975396635503264
-0.153405353275829 0.488587535498794 0.0178687460943598 -0.0555674826969254
0.0426707212022603 0.468791589243047 -0.0046422169137379 -0.0933085677127794
0.205105339898787 0.388476199358418 -0.0140354451965252 -0.116064948604341
0.22610767798374 0.343952356135222 -0.02519064365254 -0.110090728680477
0.262830112836606 0.33086882179755 -0.0340039893909537 -0.100855129606756
0.192768374041981 0.449089524203969 -0.0155524226724462 -0.103132116887709
0.0304497231920985 0.5028780206399 0.0163808917771135 -0.0921642407310721
-0.179847952427039 0.560797264780037 0.00904019857352251 0.022730981524621
-0.453847377516213 0.396019645996587 -0.113142941409065 0.0627496325195448
-0.599048327976572 0.0448490771829977 -0.144292412623631 0.00313985261487153
-0.626294535215247 -0.139824391120972 -0.0739787310506642 -0.0830120053038334
-0.520114554335845 -0.209593897620578 -0.015105664980863 0.101123473876441
-0.582205797874843 -0.122541139685021 0.019726339763024 0.0324858803588418
-0.570407909788093 0.172782027626258 -0.0664332788651373 -0.0359529380728086
-0.393396186479572 0.427545478524498 -0.0663215326466909 0.0123223898556664
-0.163724613670296 0.515485368882503 -0.0168666662514455 0.0547295178466491
0.0420023249243678 0.496555070392287 0.0146008737459289 0.0644045412446419
0.201101642103584 0.412146553172127 0.0579311277776259 0.0475289205238532
0.219036604694819 0.354986098269672 0.0772883518252158 0.0375094796151263
0.24851356475684 0.339188500624684 0.0686325425263028 0.0354671062116402
0.177558154329734 0.449734829501693 0.0628168027042074 0.0195053115653578
0.0166661616819142 0.494064298651531 0.0546383905500666 0.00383820741070045
-0.178149453999379 0.534449680227618 0.0416281007980362 0.0597737863516292
-0.420810437609067 0.385133249520071 -0.0502787334069539 0.0619278597540075
-0.57239749057546 0.0741675672139033 -0.0225321663847527 -0.00665353598298066
-0.632179183985081 -0.101709042961619 0.127361189460452 -0.0168504815498916
-0.471689319845019 -0.150671514749368 0.18061667231281 0.211414205630094
-0.515997181893127 -0.0602711347860961 0.172247753298719 0.0817527813136568
-0.480997247582516 0.186478052260021 -0.00236386905614695 -0.0115954654554246
-0.317815776677775 0.376997030110546 -0.065182578005173 0.0451386378659618
-0.135241816781503 0.443633942200839 -0.0370428135813876 0.163152695030114
0.0383890371906352 0.434215368657523 0.0415489174281587 0.216601768554008
0.169524441227604 0.36352188721421 0.126460472787225 0.204708548442292
0.178290921547579 0.314450143047659 0.168259811873506 0.177759241930704
0.192899960198368 0.304974764047077 0.154297832619953 0.165729459901622
0.121189478125794 0.389302235895555 0.120964614281939 0.137934785613301
-0.0238847997151188 0.408502119281878 0.0730837401721069 0.0990616602887249
-0.175484605427398 0.406048778195843 0.0525204268907926 0.0896270252289853
-0.336550515400307 0.288352990407993 0.000610455117441331 0.0517679784387671
-0.456770329608273 0.0659920088787113 0.0801573071946511 -0.0244618755433858
-0.537978865127129 -0.0607472504096431 0.303036489046896 0.0351938653648543
-0.343231040274026 -0.0651570565077054 0.352306158370755 0.29976587986381
-0.344431822452708 0.0114745661220597 0.30424488762542 0.118076031323446
-0.29094925411005 0.157927198637294 0.0712139597044847 0.0156385262199277
-0.179635675903861 0.242148981503834 -0.038868044444671 0.0702733736073122
-0.0857068145915725 0.283717886453822 -0.034961984058639 0.237703157696463
0.0271044804095813 0.293755557505452 0.0744821786183277 0.326909638609724
0.109229291363776 0.256401936895463 0.184313995067792 0.32490788169212
0.110674865483525 0.226860105096374 0.234951865660105 0.292003419431259
0.110723682749001 0.22721877701527 0.207971423220477 0.276218467199925
0.0498144447317956 0.276535093052406 0.14014922809261 0.239687768152518
-0.0575278834086941 0.267558630316764 0.0559207336320689 0.180310900393369
-0.145647665655711 0.225125818212373 0.03458432351555 0.108675759077836
-0.207865011177681 0.155042443022038 0.0305405440113657 0.0387139480678271
-0.283845447961346 0.0494250845547978 0.149920606883424 -0.0335011579172669
-0.374433575871328 -0.0141096493453539 0.428516694626469 0.0752201450001945
-0.150024327132874 0.0237909373719322 0.466414162104536 0.343595596127568
-0.110017725064496 0.05703010828607 0.395559320900987 0.125939366965704
-0.0600896969082777 0.0802566838734279 0.143179919356856 0.0229945747850466
-0.0350323817405197 0.0576878145434235 0.00192993620985892 0.0694251419741196
-0.0417172468528088 0.0810394965514318 -0.0177764505894594 0.263064189579771
-0.0015355438250464 0.110918629296859 0.104802093495384 0.373471402222605
0.0260797950162668 0.112260135867282 0.22033374214959 0.388299750589159
0.0270188343592315 0.104969852361974 0.265596855384653 0.361369723021228
0.0214602951936664 0.112211174877347 0.223347674365992 0.35190814889844
-0.00826530684287068 0.124990629579473 0.124357518614285 0.31512423689384
-0.0568181984178336 0.101040290554199 0.011197684914492 0.2361951537024
-0.069298850365329 0.0453370495409327 -0.000728781371502898 0.110565516299952
-0.050893102430059 0.0462219352821611 0.0489855215847673 0.0246871908397918
-0.0920711364406463 0.0583315663431325 0.189344169805732 -0.0294860104818146
-0.172787240995797 0.0465461361625246 0.48978362169389 0.100570633019766
-0.0693796352537663 -0.0889294553522945 -0.518669160386042 -0.105881380391902
-0.101617526826051 -0.0820964268835893 -0.302640264665115 0.0354442605893232
-0.1227875858731 0.0221130582509654 -0.0757029767797331 0.00477643224849554
-0.0492764107697687 0.0986228991664006 0.0336080574961334 -0.0483701122876321
0.0173075759817594 0.0792805733849821 0.0450200499619934 -0.243415802333527
0.0372846406378153 0.0481343740525339 -0.0868663243833433 -0.352512556659378
0.0628015971175212 0.0266200443344304 -0.202728936614794 -0.388324680146246
0.0661477635695998 0.0322286791444067 -0.273900786397338 -0.384894237100967
0.0796799289738143 0.0426639147019788 -0.257311965752231 -0.387449006805581
0.0613827735382655 0.0863830039626893 -0.162567631240564 -0.363096050495447
0.0198658437717584 0.110072341296433 -0.0428993161911801 -0.276875329970081
-0.0587240678063812 0.144062154237643 -0.0498546613779766 -0.100917144201453
-0.148646755642395 0.0485828705622395 -0.194849045117261 -0.0213083092157771
-0.122024851820035 -0.0961268437610452 -0.352442574481901 -0.0906245353416982
-0.0684770630518786 -0.111248463641273 -0.495097003451972 -0.332388941719271
-0.249779640439894 -0.147125340430644 -0.475137346644915 -0.118899607761871
-0.275989914441285 -0.115335165195644 -0.293741660834031 -0.00264240715832761
-0.284126635047801 0.0697756340929959 -0.112192428658743 -0.00555696829080694
-0.170773802355908 0.220175555186277 0.0165487134549024 -0.02993587822786
-0.0357907103883205 0.246460382254249 0.0575912283684857 -0.210672929667353
0.0562974566319352 0.217913259320093 -0.0551612396428811 -0.316238128423739
0.141002190012084 0.176118448130977 -0.158538433476735 -0.354815892828469
0.150779407083153 0.169344816058988 -0.223258695272111 -0.340585833203082
0.174041509013879 0.177028559794804 -0.219714276368494 -0.332679048935568
0.124673340357207 0.262623089261836 -0.146255123645534 -0.312820209674363
0.0154393735355749 0.296936444863622 -0.0433683886834025 -0.24438556699696
-0.135025917432218 0.339912140377264 -0.0461930631141532 -0.061407830716534
-0.317690618728405 0.192202394105965 -0.203764214288455 0.0220387749902114
-0.362134482323204 -0.0680035699912672 -0.334613796218096 -0.0410779707915267
-0.324813578798249 -0.155650802943561 -0.423793332055536 -0.253516558361629
-0.402538494464921 -0.194683573684984 -0.370282498178447 -0.0816589501763291
-0.434936135257638 -0.142989050959803 -0.238165611537312 -0.0202405650111168
-0.433843919330939 0.108312252530707 -0.129845698874871 -0.0248598380302639
-0.290465993284397 0.326958964478581 -0.0150524184693742 -0.0201034914395548
-0.0959636623215551 0.395894532396918 0.0438008211330199 -0.151087393394782
0.0627867448627426 0.372237953877913 -0.0311368592353445 -0.229300048443094
0.196093362570107 0.306547409886939 -0.0978727308605676 -0.261148779421905
0.214528847679292 0.279232269054318 -0.137035904015371 -0.243429359302547
0.248412549188567 0.275332674457203 -0.144296813072559 -0.229946708569766
0.18526929712376 0.390404024775475 -0.0976016390874608 -0.221291981078463
0.0356545586135919 0.441033410265215 -0.026378298835429 -0.180498679737376
-0.161794679063283 0.503047959787197 -0.0233860795363801 -0.0184751485826048
-0.419322096617445 0.33413041485728 -0.173480794377171 0.0587331400395201
-0.536442024926064 -0.00182137312246564 -0.261948020090976 -0.000792319804541801
-0.529441028900832 -0.153142579423111 -0.275068103036394 -0.162945577493258
-0.506550910116217 -0.215105042098848 -0.211339951383719 -0.00242698603929443
-0.557397247821396 -0.143007169133623 -0.129503688202748 -0.00704958386687599
-0.54754515983286 0.156798391507584 -0.116068518336239 -0.0393270048079346
-0.374253665161504 0.417007282374147 -0.0486512364516441 -0.00905997308626957
-0.138175917732037 0.506548467899423 0.0123245907722224 -0.0604256868254916
0.0634078476871214 0.479491579169023 -0.0103689899960605 -0.095399886337771
0.225420016101436 0.392261653446126 -0.0228646164259453 -0.12003975803056
0.244976123547062 0.344921139138454 -0.0309955897854497 -0.1114911321475
0.281375145762767 0.328855974321418 -0.0397994405766738 -0.101790330159324
0.217622024334395 0.45485135947751 -0.0199941992435691 -0.105920129838442
0.051030857619755 0.515374482782425 0.0110963867673036 -0.0937531651294891
-0.164242266208214 0.585305619743576 0.013960873779975 0.022355594878596
-0.450225246523674 0.419792710664635 -0.114488320848542 0.0738789365677018
-0.614066917144861 0.0653610452737023 -0.148039161893316 0.00917275201388782
-0.643597721355096 -0.122887899713252 -0.0767645397490264 -0.0854904819193046
-0.540556132464493 -0.195686605269628 -0.0146911437088124 0.102750843196838
-0.601201501305122 -0.10621939935949 0.0192940661892458 0.0309906043930399
-0.575068194892465 0.196732983956153 -0.0706461970532608 -0.0350652284989827
-0.386353465904555 0.450953631830559 -0.0703050485113801 0.0145866568881923
-0.148388945750742 0.534527886172609 -0.0198642498960559 0.0543957193028093
0.0625988845551051 0.509790118766877 0.0146779295351271 0.0659147242198866
0.223563462021475 0.415702618749553 0.0570217974700665 0.0452600676195196
0.237697904917855 0.359319563326251 0.080617010045913 0.0349349336909202
0.267303079701682 0.339267257497289 0.0707522347207102 0.0340221364326004
0.200954645710366 0.455571559637042 0.0651721832033897 0.0166722013514061
0.035569748561464 0.507459179722976 0.0541662541274711 0.00402753186997855
-0.163099814899969 0.55634264872262 0.0481437609262183 0.0585999383900107
-0.416175718887226 0.409474214807401 -0.049463898917506 0.070175211744291
-0.585537984328382 0.0938558871509494 -0.0238891600182282 -0.00439226356940415
-0.647547814791865 -0.0824885224461189 0.132306780684529 -0.0251986790554604
-0.49048211100265 -0.136081433209611 0.19000500132544 0.209250474058806
-0.530749782358826 -0.0431659641044833 0.17836012872183 0.0762508416203868
-0.483948146257367 0.210135865536849 -0.00354415881063157 -0.0120517582919955
-0.311207269599871 0.396754249640931 -0.0684232250223556 0.0478311622574921
-0.121727804012051 0.459340056346792 -0.0356189120599018 0.166759668480034
0.0579340293260042 0.445239917366051 0.0480160949364106 0.221420837069786
0.189143541283578 0.368628497607367 0.135087129563181 0.203855505052382
0.194209916825543 0.319146948411879 0.178985766814 0.17544588667818
0.208589546127772 0.305172184896494 0.165081975648364 0.164396905363304
0.140491033666973 0.396134160686885 0.129806271767832 0.136164541141203
-0.00842203601923897 0.42037646803545 0.07670406259574 0.101340977966868
-0.163979456401604 0.424791270481372 0.0599240330709887 0.0892505829419534
-0.333921516617054 0.305692718700072 0.0020353564211171 0.056719896250031
-0.466857349779869 0.0802113789276152 0.0799862618008812 -0.0245018828750045
-0.552304622715424 -0.0451556849663043 0.314213264798414 0.0228998228255204
-0.35517636176442 -0.0525907742083106 0.368523859721717 0.292422521636329
-0.353775571843953 0.0240742117972724 0.315438936413326 0.109047800625097
-0.289612775121603 0.172678189565051 0.0726647980064603 0.014172799248202
-0.173616105101787 0.25385617585492 -0.0400838179072388 0.0727967035678839
-0.077220956850186 0.294205723265202 -0.0294980724230637 0.244220440736932
0.0402489018361925 0.299495619958951 0.0872322633370706 0.333261432887601
0.123066830679367 0.260154907257612 0.200016833482794 0.32643374039952
0.122038647024011 0.23071654832403 0.25220008981574 0.290352417570971
0.121760816445037 0.228936672801079 0.225461375368966 0.275371567534103
0.0627803607939728 0.282344640953373 0.15428424974413 0.240833982907371
-0.047909865387715 0.276248709409121 0.0637457591709898 0.185455397774721
-0.139840229501266 0.236331381882652 0.0415958681406875 0.109086987761637
-0.206174597630064 0.166054853846746 0.0316586859063408 0.0403791734624155
-0.289018589686103 0.0593979835481566 0.150773649069374 -0.0365390994917592
-0.383168904848917 -0.00141556260294155 0.445224285065259 0.0596204490301516
-0.154062754588469 0.0315641839605553 0.488162207339183 0.335925298578869
-0.111149843175949 0.0634768219746597 0.410155970644298 0.11553692403929
-0.0562570737311794 0.0850212196920867 0.14695339272822 0.0194738210727419
-0.0330076450262932 0.0600040270861235 0.00258518524465854 0.0705902710730592
-0.0401203076627452 0.0853843226008579 -0.00965137323291782 0.270663460307224
0.00382252932245174 0.113799043140897 0.120610051737934 0.379910553436369
0.0320147471762521 0.114794952646395 0.239975433598103 0.390304001391479
0.0309766794299463 0.10842360745044 0.2872369280971 0.360696907394277
0.0258620392717456 0.1147423957524 0.244350261508286 0.352025474704841
-0.00322951455215835 0.129033627569786 0.141365088175479 0.31816258997238
-0.0530902649130644 0.105170896071681 0.0212239632307317 0.243780320403662
-0.0682556269614268 0.048434392839826 0.00454418874843074 0.112052674577715
-0.0487495802184446 0.0500431503236631 0.0504099899640098 0.0233716720885216
-0.0913798517764579 0.0637671925324414 0.191737189726277 -0.0341188112545504
-0.176129166442867 0.0550646840513241 0.508602384001315 0.083693620403646
-0.0744696138869846 -0.0868525618511552 -0.533730945974594 -0.0742081872178752
-0.108127026394705 -0.0791620410558424 -0.305289018841657 0.0533983534160248
-0.124769197463422 0.0300079853559274 -0.0758930992088625 0.0075078835432911
-0.0442370870116928 0.103158930106295 0.0306718655226186 -0.0509616498417646
0.0239291332690367 0.0790961595960845 0.0273622870567217 -0.249508498948529
0.0405673674696381 0.0468927808003707 -0.112105574378428 -0.351377055423555
0.0647449836906852 0.0223300893795982 -0.233230237026792 -0.380925987281403
0.0695980077030224 0.0272919097343608 -0.304342537056409 -0.370496465274462
0.0836384001686254 0.037816437552495 -0.287393803778143 -0.374754765454363
0.068848260357991 0.0838346070585392 -0.18857487595286 -0.358179614051294
0.0265760415815904 0.111496533901912 -0.060976549250422 -0.278261809196362
-0.0506529610850682 0.150848243022704 -0.0556455800585436 -0.0981206781291936
-0.148096914353268 0.0571549703814133 -0.196473299875981 -0.00768456847403416
-0.130940539625625 -0.0901752406115328 -0.360241666334919 -0.0726728641255916
-0.0745766750399628 -0.108261642694086 -0.521894937623153 -0.307079453957652
-0.260616436229887 -0.133359075682588 -0.492092091801671 -0.0892293449412623
-0.285832646892345 -0.101355179343839 -0.299329545516152 0.0138650973427929
-0.282115203078136 0.0886680953841596 -0.11368662389505 -0.000599301377085038
-0.158485276316634 0.23287018536981 0.013592674798293 -0.0308244627780243
-0.0185555768957999 0.25021789818776 0.0406405736696239 -0.217730362646776
0.0714689291184008 0.217919208859348 -0.0780146467048631 -0.316517905651879
0.154046986059087 0.169339246351948 -0.187559461714718 -0.349068762308634
0.164178258962016 0.161512994234755 -0.249688518328487 -0.329412647450555
0.188348021560698 0.167707730211157 -0.246559682743552 -0.32191931386533
0.145293266908586 0.258081046006606 -0.169066225053234 -0.308149164492874
0.0348957880908748 0.301791459594869 -0.0600791598996356 -0.245414281635725
-0.114715566768655 0.354989261880027 -0.0486686727539025 -0.0586111802891203
-0.309124942177632 0.212146317368174 -0.204170816003643 0.0382324816028409
-0.372480504601462 -0.0472879234016198 -0.340188918234207 -0.0231710059375014
-0.335765448901524 -0.137073505667776 -0.444441691984647 -0.230245447956169
-0.418897403844822 -0.171003719178155 -0.383885832757035 -0.0601514302599382
-0.448625734194168 -0.120434957594304 -0.244353344598964 -0.00711129494602636
-0.429555301071385 0.136189498966723 -0.133136379411717 -0.0191988467967372
-0.27253886490585 0.347509586817509 -0.0180561989849738 -0.0188358211625377
-0.0698299491509731 0.405659947333957 0.0297119164512537 -0.157128187682204
0.0878088334398182 0.37295156240049 -0.0485559679828289 -0.229990239076027
0.218596706851276 0.298013314258157 -0.11995618113799 -0.258108486825605
0.236115139996028 0.269216296545685 -0.155988525749392 -0.23729409591406
0.268878585006482 0.261942695930509 -0.162541895889118 -0.22229685130327
0.215569215073423 0.382938226333902 -0.113924393424812 -0.218200118268712
0.0656157341284419 0.44574336184251 -0.0401906732870757 -0.180434834650997
-0.131090093093927 0.520650813532756 -0.0216202451435989 -0.0172805469319561
-0.402554984109468 0.362012162486737 -0.170820660516221 0.0749581785968465
-0.545301292102321 0.0317788889326925 -0.265115102565369 0.0139909394875083
-0.541447083243826 -0.123244939767692 -0.287265656847407 -0.150528597618752
-0.525385962790331 -0.184780171161711 -0.218006151567502 0.0106570557766706
-0.571830914503013 -0.111567483106657 -0.134158475298042 -0.000964604970900774
-0.540464647038644 0.192305924947346 -0.120296488334113 -0.034090528694075
-0.350369199372892 0.442184369794199 -0.051796484487446 -0.00642073865712087
-0.105606645811177 0.519155256365575 0.00332278780794033 -0.0641993019194758
0.0957717762238365 0.481763557332683 -0.0194180419025829 -0.0954121935332704
0.254691886924054 0.383970699809864 -0.0358518906126891 -0.120833217712611
0.270550015402951 0.335330731683283 -0.0393221055390234 -0.110943762787597
0.306121756944537 0.315898110116824 -0.0478205425027617 -0.100354400710597
0.252612568347248 0.446937254685541 -0.0280356460572189 -0.107383190203187
0.0857066638438862 0.52013278147917 0.00324409745663115 -0.0939021378943532
-0.126526231195204 0.604208616987655 0.0187010971328646 0.0206106175447113
-0.427504499290267 0.451143621596805 -0.110037753317433 0.0878349871339208
-0.618965091364821 0.100758196603926 -0.149726892470837 0.0196508443017085
-0.655079536829764 -0.0844571699558311 -0.0821244048722607 -0.0854325849938537
-0.559262144327579 -0.161876081416899 -0.0127284821335877 0.104188666089595
-0.615788657841864 -0.0717057633038668 0.019333684591579 0.0281183291189115
-0.565496032593958 0.234478004468073 -0.0739475786219038 -0.0325513522834851
-0.36110356952244 0.479442088505359 -0.0728497994827041 0.0182893763366807
-0.11333690058021 0.549622804581927 -0.0212158520272117 0.0540999776995748
0.0979173425034698 0.511069936236755 0.0164613978049769 0.0669093042282923
0.254866190584349 0.408680048200989 0.0558979791391108 0.0415715759669729
0.264497850777236 0.350061916348357 0.0832032773244653 0.0302108813525142
0.291628700284014 0.326513722693267 0.0736721441268832 0.0297750177575744
0.234957584992059 0.449032695917666 0.0667404353176946 0.0118135474696754
0.0691539185358539 0.512148033897791 0.0532953649055333 0.00311300886089009
-0.126325349593701 0.577073013482436 0.0553289607465842 0.0536039853809966
-0.395788561647181 0.437640301070923 -0.0441907188743126 0.0792222609354602
-0.587814428490937 0.1280193850946 -0.0262453330591708 -7.33318752931941E-05
-0.657976087298996 -0.0440640658119431 0.133995751550687 -0.0374674145082916
-0.503870301353543 -0.106089172099001 0.201703843053752 0.198955183033582
-0.541139942549874 -0.010568610226876 0.183377307579236 0.0648314237239657
-0.472462664681388 0.24231103718458 -0.00497082307379401 -0.0130494227343614
-0.288294432855257 0.420001517729542 -0.0691025309464186 0.0522035994985357
-0.0929346965243757 0.472874916745061 -0.0292745904508366 0.169566011571499
0.0874775097485036 0.445964828556606 0.0613375083804737 0.222380773668552
0.217114599918146 0.361333906246581 0.146536296309683 0.197112278718332
0.217368039720066 0.312573338830306 0.193049657111736 0.165619795287035
0.22930851982698 0.296402903350697 0.177724782390359 0.154982000149288
0.170222911930303 0.392556790775846 0.140576062153878 0.128654841375273
0.0193524959802775 0.427141405146326 0.0832433051170795 0.100265523800215
-0.137087611859533 0.44129947700767 0.0682464059928409 0.0843896157400995
-0.316571531086027 0.329031376643045 0.00517123416922272 0.0615173485323782
-0.467714463804442 0.109717532992082 0.0779303138961673 -0.0269277750964477
-0.557859776093589 -0.0109052515632075 0.321785451709515 -0.000470079555218356
-0.363246510806658 -0.0290383760085351 0.388248786119764 0.272058953559034
-0.357356685806279 0.0471825414809832 0.324931933851118 0.0903356264106317
-0.278418734826594 0.193803846184649 0.073991570781504 0.00995632595838145
-0.158835133270111 0.267404768871198 -0.0382262380988086 0.0752197224435386
-0.0593473925730288 0.302593555967628 -0.0161546149738808 0.247797014911888
0.0609479957490164 0.301618690715432 0.109349607997856 0.333715185602132
0.144117049231879 0.256045672175037 0.222404997583952 0.317138429840431
0.137777422811293 0.228174399695335 0.275248221470176 0.276068634370358
0.136751125348178 0.225223697831522 0.246218276749766 0.262892614882659
0.0832745162157868 0.281957702208369 0.173166623652432 0.23350491353832
-0.0295530800209535 0.282574199624622 0.076774766367829 0.185452315152876
-0.124695039889264 0.248401538024091 0.0502155439619136 0.105652953272503
-0.196194531450731 0.180836899636252 0.0340096801914582 0.04059285806631
-0.287978558213804 0.0782350982646709 0.149376284523451 -0.0429689437805738
-0.385458408820109 0.023619529574919 0.457104085453734 0.0286863289895436
-0.154533324394483 0.0440993849125446 0.51418452274059 0.3083176100966
-0.108953411917009 0.0729688716864504 0.421349802403419 0.0904561227862186
-0.0490139804124179 0.0894844413956182 0.149664033483107 0.011459897742941
-0.0283307749528199 0.0617218343630835 0.00483204769662943 0.0703205431131718
-0.0357341101136399 0.0895432655155122 0.00732894779317466 0.273831441517713
0.0117850024102321 0.114930293674977 0.146738453241713 0.378727299782799
0.041375702416089 0.114324764916911 0.26836607964086 0.379818911438592
0.0380415100015415 0.10964910667313 0.315008654139221 0.344699375812254
0.032928051894618 0.114987132082124 0.271040027561146 0.339674344746224
0.00553991174802624 0.130871123382886 0.165311789719124 0.312381543172399
-0.0459110368865817 0.10904893833868 0.0388626355798577 0.246741921503719
-0.0648134718629819 0.0527665701698679 0.0123199989714219 0.111378201934469
-0.0440630478750765 0.0549080439675224 0.0515192918044847 0.0206669140031508
-0.0876397844866888 0.0704629896897545 0.190526708818014 -0.0435854239433682
-0.175076643125896 0.0680957120177325 0.523937341009164 0.0483690279482682
-0.0778510911475553 -0.0809163719081925 -0.531981833880023 -0.0346602524689591
-0.112102463742388 -0.07258491377809 -0.297213918674705 0.0718281567923812
-0.121535462110696 0.0386053258707678 -0.0747794670551721 0.0109375229602839
-0.0366609691545277 0.104907543117646 0.026099480855705 -0.0519275691431165
0.0298081730528837 0.0757772983669949 0.00677087423723928 -0.245974664743383
0.0428619978910046 0.0438235971334736 -0.136628964935459 -0.337548627837022
0.0644832376659149 0.0173785991727073 -0.258199527198987 -0.358286543330334
0.0703096959948166 0.02077797602762 -0.325601518777499 -0.341954516034096
0.0858445338874445 0.0308802463499303 -0.308572197806349 -0.347286410454416
0.0745538639428509 0.07839146660353 -0.209334919018038 -0.339357244823094
0.0336743126866602 0.10948734150617 -0.0786141468453848 -0.270396444163086
-0.0391648131697676 0.152010867141732 -0.0596646753858143 -0.0912680596300214
-0.142554293542978 0.0647216493297187 -0.191826744618558 0.00765862876808257
-0.135103184209124 -0.0806789592679808 -0.357755831132297 -0.0502732865635808
-0.0784245933155873 -0.101610772220986 -0.533075293580794 -0.267453791541795
-0.26306372326689 -0.113493897066914 -0.491047671649207 -0.053056190390865
-0.287279034508764 -0.0825484079067794 -0.294074616363748 0.0323132037971827
-0.269514436893293 0.105254995131565 -0.112280358873537 0.00548702039668573
-0.14000182499557 0.238824792310001 0.0107026675850733 -0.0306170625127279
0.000751755018489134 0.246073277046065 0.0210558540105381 -0.216150426417415
0.0853752176434144 0.209603308502042 -0.100924486115637 -0.305306728592748
0.161929767993639 0.155540165221158 -0.212165025715339 -0.330382738076119
0.173343224305335 0.146813542384317 -0.269156126217548 -0.306193547141331
0.196989690864612 0.151142602734855 -0.264372067063663 -0.297391751407963
0.162478700486462 0.243275521029106 -0.187695908833617 -0.291790360303026
0.0559510290284048 0.2951907910627 -0.0766085121092882 -0.236415150792306
-0.0878479444468137 0.357732653325132 -0.0488934984255704 -0.0536675853380119
-0.290275220911916 0.227673020067337 -0.194862712982107 0.0554875913087767
-0.370512772161869 -0.0223455315698524 -0.33509671100104 -0.00139472454498219
-0.335391509379215 -0.112729986928836 -0.451453020120872 -0.198727046851859
-0.420605576414901 -0.139308527281779 -0.384105273672074 -0.0314116708264338
-0.446447969159333 -0.0892571744847301 -0.24186482440654 0.00768461917674099
-0.409006567171421 0.162202042856241 -0.132872154891789 -0.0119120501944526
-0.243636844694987 0.359094102888573 -0.0203447721859996 -0.0173821110925814
-0.0385821784986174 0.401330761986438 0.0135639207704561 -0.156195309236706
0.113045405047819 0.361476613383664 -0.0666204801935539 -0.221642968700087
0.235470802740837 0.278301926123965 -0.140425994425782 -0.244813938737799
0.251813154408639 0.248534060902305 -0.17036760592454 -0.221920382659716
0.281762675523778 0.238384023776481 -0.174871337473853 -0.206594881980718
0.240987980693075 0.361766177439295 -0.127857499022492 -0.208298963700031
0.096201349888408 0.434762695001199 -0.0529381002899648 -0.173168738943761
-0.0907709935910733 0.523287872248584 -0.0192689264645355 -0.0164308921518692
-0.372406329857828 0.381408344262038 -0.159340594042714 0.0900525915290278
-0.534908739939508 0.0660560361179364 -0.25839580685513 0.0317669570688886
-0.536304518153577 -0.085978623986327 -0.29336417773525 -0.131478253680473
-0.525766610107644 -0.144692353478873 -0.217525295016527 0.0251333901429611
-0.568928494923697 -0.0727283677030227 -0.133445851692263 0.00698171164006292
-0.511532880231368 0.223002736981082 -0.120872375654962 -0.0278842263829431
-0.313523226727948 0.456632035573519 -0.0534420104643181 -0.00327866555961532
-0.0644405128943095 0.514948949909697 -0.00626452497255044 -0.063506037848425
0.129616685899689 0.467203488078456 -0.0279295931692578 -0.0910398050184142
0.277872775346788 0.359460113666128 -0.0484685455392211 -0.115450064926734
0.290666154560498 0.311556711821444 -0.0465746795802241 -0.107212112810104
0.321571047382632 0.288509439168851 -0.0541363054165073 -0.094612096913146
0.28194082889926 0.421907715450372 -0.0361477295313319 -0.10448511720234
0.121164603656446 0.506079385483401 -0.00441852267500735 -0.0907398849554035
-0.0803258446664956 0.604811226788375 0.0223055189149598 0.0164685419624548
-0.390062386315931 0.470394883111758 -0.0991797032874633 0.0980675894505257
-0.602314885684235 0.141119615773881 -0.145769467680819 0.0304541092254693
-0.644367814775997 -0.0401334149237411 -0.0862831866802627 -0.0827286892201042
-0.55790248287608 -0.119476170886733 -0.00973718232981537 0.102932108888467
-0.607825956066866 -0.0304941455252557 0.0189695875411203 0.0252284040637561
-0.533381103166126 0.266459049207424 -0.0756028556688247 -0.029387476670119
-0.321121068663195 0.493472645393181 -0.0724626574531119 0.021958042348096
-0.0733147800949579 0.546636310531838 -0.022310981851596 0.0533509150252636
0.132052790903166 0.496534800851151 0.0189470640650161 0.0664938338268058
0.279934966540685 0.38246272391986 0.0540871267699679 0.0379522220117009
0.284507033180532 0.327360738231628 0.0833181402154147 0.0224868350090445
0.306603992873126 0.300940234157867 0.0742968842245768 0.0246525382541529
0.265861591354542 0.42440623870053 0.0655241495400843 0.00610668679707021
0.104092070277551 0.499896885129964 0.0521162406585044 0.00128166123104243
-0.0821676578391303 0.575550012582636 0.0598677365290818 0.0471006484689155
-0.358057784235826 0.454634678545308 -0.036057574138701 0.0856587578284613
-0.568019990205074 0.164709654635256 -0.0261862718566189 0.00411846646532725
-0.641561351957457 0.000718129012509722 0.129060757209 -0.0504522066273468
-0.501622620381393 -0.0682515800567015 0.206917113312739 0.180560075145986
-0.533530120513263 0.0253963084714844 0.182465716565368 0.0505450874861833
-0.442281499568958 0.269291355262496 -0.00643952813579216 -0.0137262807082459
-0.252366819253806 0.431088885951829 -0.0665799047070336 0.0547905647649218
-0.0570556315795925 0.469695578827668 -0.0203440282419592 0.166854788127331
0.118154283552522 0.433103072943927 0.0748543769457501 0.216074280691659
0.23932685939245 0.340426095532921 0.154748501581383 0.184288976533242
0.236277470576548 0.293752688437605 0.201317247596067 0.148060010978004
0.244050433595328 0.275575491214884 0.185225805073494 0.139835476926969
0.196192552600915 0.372579880951532 0.146481198129063 0.115934082768816
0.0497130196165677 0.418163736926224 0.0891936268877172 0.0946789196385868
-0.101141892063008 0.443744899869902 0.0744571980829555 0.0751048469809021
-0.288242270851737 0.343513878228489 0.0103887297025535 0.0635745859974668
-0.450867394986516 0.137635829908611 0.0735382719541067 -0.0279413068301356
-0.545191423442368 0.0274907623995193 0.316676685028754 -0.0267744146422889
-0.357325217241997 -0.00169041992602824 0.39623106772003 0.240138788736506
-0.348732725784573 0.0718529824101203 0.32344132287767 0.0664949676763244
-0.257156269988466 0.208488755658042 0.0733001389801349 0.0041378700146043
-0.1365691060248 0.272447324984161 -0.034817689905491 0.0756095572278997
-0.0369738561462874 0.301799906339022 -0.000979166361924975 0.243003042458583
0.0819798836818312 0.292206013579066 0.131030495236039 0.321479257507252
0.160413793547867 0.242150208199414 0.238566968128392 0.296785793673251
0.152263894906131 0.217215665809472 0.288761669277906 0.250657484425164
0.148755610240889 0.211722908387237 0.260574501459117 0.239054216456136
0.102778144004665 0.270909734283653 0.186674162697726 0.215958038862671
-0.00846405049411024 0.279519947368485 0.0891361662471676 0.178478493810814
-0.1035155368624 0.251717987025701 0.0570960817031468 0.0977194109292036
-0.17782038899756 0.19131205459429 0.0360336442250813 0.0400384150811214
-0.276964091991073 0.0958270527536423 0.143066501611227 -0.0487070796305845
-0.374559044497649 0.049812589622082 0.451066592307738 -0.00654797281421618
-0.149019022116758 0.0553320169898895 0.521366483638508 0.266734096404378
-0.10239119812881 0.081251736588804 0.419082331695118 0.0599944713438814
-0.0398006499763703 0.0905660829780451 0.147929489404906 0.00150538250070045
-0.0229603988264495 0.0618158273251899 0.0075440384682876 0.0672078775322643
-0.0290461841991826 0.0913986037619902 0.025272970102034 0.267359097338861
0.0201227522982898 0.111652935337011 0.171099445350559 0.362901449587922
0.0493810497024206 0.109660386010153 0.290076193813677 0.35457828051456
0.045604117073999 0.10690804538625 0.332827292122765 0.315139330402839
0.0394439186780485 0.111768188702376 0.290956095244911 0.312366155608079
0.0149653245317826 0.127439591137233 0.185256498253897 0.294438113899112
-0.0368545331519869 0.109683529777895 0.0576938920320243 0.240514792752273
-0.058657390612384 0.0553363523569608 0.0200285461264535 0.106652582171775
-0.0368585287138203 0.0580758997996796 0.0507946594911996 0.0170584109074666
-0.0806442214282282 0.0752451605817424 0.184101925568718 -0.0523265755664559
-0.167235702046894 0.080463513198074 0.519639237084884 0.0097530862896243
-0.0775582369142236 -0.0754462395817862 -0.513308196506967 -0.00557604282274998
-0.111804848582695 -0.0668570397075793 -0.282257769294955 0.0830111835471662
-0.115926222244967 0.0431092765292182 -0.0722146342478596 0.0122916117463073
-0.0311162827557895 0.103426724698059 0.0221781537440776 -0.0502517100834759
0.0332093874180762 0.0703013915891471 -0.00809844914141166 -0.234434888822561
0.0434212007666601 0.0402728268434055 -0.150102209851847 -0.31674769467434
0.0621494579809564 0.0133489611916446 -0.267678875262161 -0.330776271351528
0.0682724045142783 0.0154047302497372 -0.329759910818299 -0.312121451210635
0.0848693997052511 0.0244791287383736 -0.313393286722328 -0.318344812129121
0.0762909085588806 0.0712726000231552 -0.217540244391129 -0.316728115489703
0.0378200935666713 0.104702667834897 -0.0888216153256494 -0.256222328762453
-0.0309555444369531 0.148611903373748 -0.0590945320096837 -0.0836035039731719
-0.135705685314884 0.0671466662124913 -0.180744949440126 0.0168935969815161
-0.133896540213514 -0.0712557475268351 -0.345210822817891 -0.0352555785405506
-0.078355154654102 -0.0944752385110998 -0.523968435314456 -0.232527850268649
-0.256092514672097 -0.0963579430462007 -0.476464759519566 -0.0255799490881979
-0.280029484011589 -0.0682876544814118 -0.282357530633376 0.0441271753066858
-0.252476348889766 0.11249656468167 -0.108280361324503 0.00811363485290402
-0.122685025576383 0.235929860231088 0.00782924615801409 -0.0293328383968914
0.0134283020694762 0.234691247590697 0.00614322640401312 -0.207024663750069
0.0932328931053739 0.197325893638482 -0.114613977244298 -0.286923115167377
0.163676484341489 0.141519441600092 -0.222950615830267 -0.305269493616657
0.173801320817345 0.132286753218028 -0.2742943128418 -0.279806877258401
0.19603757423841 0.134559141219153 -0.268402476047724 -0.271814150038604
0.169626741290197 0.225633119240863 -0.195509586756439 -0.272186798175999
0.0682821693893164 0.28237624761912 -0.0857653200867502 -0.223611147032976
-0.0662692374589997 0.349233170032022 -0.0468744316039329 -0.0497390351878101
-0.269193167191707 0.231102749589593 -0.180973612472873 0.064013081229739
-0.357107786810792 -0.00494327560147485 -0.321832033586715 0.0123037531945769
-0.323846279387196 -0.093998088120808 -0.442582577905443 -0.171448299423292
-0.406108297337379 -0.112181043088136 -0.373517418039641 -0.0112942311902862
-0.433599606135609 -0.0677972002998357 -0.233148113169358 0.0178319614717584
-0.382028428084762 0.172653819470055 -0.129010633292812 -0.00827539710147139
-0.216787928206931 0.355114429358373 -0.0218340579357979 -0.0157620812735081
-0.0167697525239407 0.385444664832031 0.00114347058776367 -0.149831433083817
0.127818166349538 0.34194704988095 -0.0760274742391381 -0.208345171662837
0.239717101333164 0.255957592234149 -0.150327173441696 -0.226538252875792
0.254366273428701 0.227164412947475 -0.175468218267589 -0.205013494302738
0.281115158601037 0.214920198464162 -0.177870695997339 -0.189042617757794
0.250759719839811 0.335183531030916 -0.134010457276431 -0.194716960027703
0.112864936642261 0.414237984363195 -0.059636722442795 -0.162452496253633
-0.0618747430116197 0.507834281705363 -0.0165667752899892 -0.0165617391774787
-0.340771642828355 0.382788662965493 -0.145187738833248 0.0968061081877225
-0.510610682006883 0.0875556535502679 -0.246685579393849 0.0415011542782066
-0.513659082330059 -0.0586107334379097 -0.286977104340189 -0.115373074346192
-0.507039001991049 -0.112595663776055 -0.211170374892226 0.0349981893254306
-0.547587536270192 -0.0457038263977928 -0.129542826881583 0.010891107205498
-0.476015506495692 0.234756780157125 -0.118850295447957 -0.0238177503086597
-0.280008501637582 0.452101553019505 -0.0534675221692259 -0.00109338632260164
-0.0366697042157475 0.495189617463235 -0.0139973434538633 -0.061347342696
0.148629668005163 0.44341711678565 -0.032692746074566 -0.0839324991940528
0.285071771755837 0.331841782715585 -0.0553687404044456 -0.106271472925896
0.295025797560891 0.28598421176377 -0.0503015613772475 -0.101280854830069
0.320649187751753 0.260195490021874 -0.0562647302138771 -0.0877121673000902
0.292098256781748 0.391068160209531 -0.0401239955854768 -0.099191465588581
0.139235621474604 0.482245630490217 -0.00882184562742414 -0.0850814859942718
-0.0471110348791078 0.586678640420227 0.0252365299545924 0.012290916045459
-0.351735084133448 0.468903883061167 -0.0868027377675367 0.102821226409524
-0.571922232309131 0.161059534786191 -0.13859562184975 0.0374060127049991
-0.613454086902529 -0.0119374253584703 -0.087484256233769 -0.0788976601955593
-0.53705239259874 -0.0873598871813545 -0.00885071271652133 0.099762415824999
-0.586150346346934 -0.00310388745785437 0.0176486484994869 0.0223635229286001
-0.495342228809781 0.278791878753378 -0.0749704682751769 -0.0274380933016004
-0.285228168596662 0.486239838004684 -0.0715593796571855 0.0238440620450771
-0.0430993956548843 0.525955002280788 -0.0236231676318005 0.0509503944434856
0.151787981635534 0.47086188323915 0.0206590686625625 0.0646596109359818
0.28849509412116 0.353688177448033 0.0510152908046985 0.0356245342865883
0.2906978153047 0.302111280796207 0.080955557159851 0.016293997149621
0.307888830432609 0.27464155908 0.0726835483108152 0.0198119358476395
0.277490644115766 0.394677340419964 0.062410740763414 0.00213475052451423
0.124639599765248 0.476488482769917 0.0504704948626338 0.000603503031652493
-0.0494699875147869 0.556974724398431 0.0614314768443662 0.0390417513526564
-0.321126239145535 0.45209689208784 -0.0277658461893341 0.0875533872842579
-0.537779036879391 0.183114316433099 -0.0250617644101121 0.00740374671550546
-0.610321006151244 0.0280229601223463 0.120355583024649 -0.0585185407002653
-0.482106777478698 -0.0399054119296615 0.20190673772449 0.163910319447778
-0.509998828515358 0.0496572581411264 0.17591990540993 0.039109729096082
-0.409032031560255 0.276562572417457 -0.00753029870419368 -0.0150282022422872
-0.222166076333081 0.423079979319826 -0.0644002037508608 0.0550693535885642
-0.0325141155864017 0.454819461509726 -0.0156793160665036 0.15948046319957
0.136239952742873 0.410512440771191 0.082338586957567 0.205530629160083
0.247641694323747 0.315382591443452 0.155490350637767 0.171477417745092
0.242632186428723 0.272575204645765 0.19962055165324 0.130126471003175
0.246709028213828 0.253628298544531 0.185072558109576 0.12467296208592
0.207668759757149 0.347868675338134 0.1461966092501 0.103894645715933
0.0692205813928724 0.399683161821296 0.0904393578083612 0.0881320957008399
-0.0737629001821866 0.430585307504102 0.0758235640844054 0.0663649651100332
-0.257891148227435 0.342370615543171 0.0148144071321274 0.064046425424996
-0.426710880250424 0.151728436348725 0.0693137576611089 -0.0269983872764938
-0.516700751450382 0.0511225722657349 0.302167826568169 -0.0443200272149527
-0.342467507663197 0.0174294090105401 0.386169822055832 0.210581400604765
-0.331764545578124 0.0865548128112777 0.312363532127559 0.0481199199188946
-0.234104886088364 0.211272820991778 0.0704714962502989 -0.000456499754027305
-0.116947189168686 0.266093653236298 -0.0322398027391023 0.0730823501489718
-0.0208075118003747 0.291801814721178 0.00838977108362863 0.23168488221727
0.0937870025292829 0.276933545695997 0.141492945776678 0.303402192411279
0.166842248229341 0.224545941509923 0.243857361403221 0.274633069109579
0.157825210653368 0.203381235517951 0.289265063848993 0.225074976927882
0.151716117915984 0.197797974114282 0.262253007482615 0.21570993419107
0.112329965294979 0.254822585448746 0.190285436360193 0.198231489736346
0.00579800881887237 0.268024508929039 0.0953436496463026 0.168262777471517
-0.0852624362091346 0.24626382343668 0.0595932356570468 0.0893601894580067
-0.159495503278387 0.191158914542625 0.0367013696885712 0.039119016646792
-0.261112369722239 0.103944144787674 0.134494014763883 -0.050026140887149
-0.354912155411914 0.0655866692435301 0.433027658326379 -0.0318030579895602
-0.140538356621087 0.0624042072894914 0.50960896222695 0.230851799240625
-0.0946034483109862 0.084841304043354 0.404028696443712 0.038299925739992
-0.0323766953845554 0.0880038393915001 0.142276080428278 -0.00609540975643044
-0.0184847436143511 0.0590707826969694 0.00826479322958777 0.0633188001241442
-0.0233076593674598 0.0902624999452671 0.0361692498149121 0.2534804863544
0.0247662098956755 0.106502124661529 0.183339923360683 0.340698932976606
0.0537780148354026 0.102841821643012 0.296438619303619 0.326834384348257
0.0500736089362426 0.102233381542851 0.335250646889695 0.284933531022382
0.0421690684244821 0.106780069176481 0.294977464676429 0.284549093722928
0.0205850533482836 0.121000839147553 0.193468070672799 0.272827953602174
-0.0296106713727806 0.105695936543697 0.0690489527886932 0.228757624973368
-0.0521175801145767 0.0553816176295572 0.0238367514788216 0.0993958381412891
-0.0296976645085751 0.0575172968729128 0.0486316565462391 0.0149857936881062
-0.0738788335941137 0.0765113343622481 0.174471566692057 -0.055703213260989
-0.15617724884699 0.0864723229230161 0.499861220715814 -0.0181143730700921
-0.0671632759911785 -0.0736939131765566 -0.497429297123822 -0.0238009419507609
-0.10330017585097 -0.0707107687906084 -0.27606225508641 0.0723734144795528
-0.114783542773673 0.0375272594263625 -0.0685364917329415 0.0129308050682393
-0.0349089625586076 0.0981940247888974 0.0256414255469708 -0.0426754271646073
0.0269162156552669 0.0694083037086617 -0.000904902604816274 -0.221114578370911
0.0386815741159738 0.0417354748122269 -0.135524302294499 -0.304459630218736
0.0567666921747543 0.0122191115383397 -0.251142665797554 -0.323514874442843
0.0654209952353221 0.0153766577807098 -0.311245434107304 -0.302431016701939
0.079535401226598 0.0219015790902002 -0.296742122847983 -0.309362123234866
0.071632158649799 0.0694475099764245 -0.205587863210105 -0.305091703128476
0.0332820872367789 0.103311709683707 -0.0815157701909247 -0.245164265024647
-0.0349068954193229 0.141820282846798 -0.0578705511318365 -0.0765047746243744
-0.137936746878255 0.0604014867386247 -0.174040443434419 0.00848156336314138
-0.133015156621699 -0.0744671229586267 -0.326667265790628 -0.0515746264344445
-0.0783893644199569 -0.0920453629849558 -0.484496681462981 -0.247724992282212
-0.240744038108282 -0.103470151927369 -0.465915225620443 -0.0353014351782532
-0.264820618120784 -0.0794203531142883 -0.273210086792397 0.0394550386216218
-0.24838106721668 0.0974332953657441 -0.100081834347651 0.0124277249036289
-0.127092271222234 0.219950733323492 0.0123674547812153 -0.0172007497937928
0.00207781910639041 0.225381857384637 0.016820960245691 -0.189525512211375
0.0813895499004423 0.194563209451642 -0.0972001209607707 -0.273774607501439
0.150471108285189 0.140274906925319 -0.205309188125683 -0.296914454034262
0.165127364797184 0.134778857618087 -0.257685955643773 -0.270804615351378
0.185356259029337 0.132906435661221 -0.255057049034284 -0.2625635775272
0.160356657587916 0.222257226744993 -0.186458292065462 -0.259430744060803
0.0592581057879256 0.278133016892453 -0.0859489884592591 -0.20896549139329
-0.0726394688821187 0.333651390567013 -0.0539717148220449 -0.0382475305836191
-0.272350404372326 0.216072024299234 -0.182448645791929 0.0537328510838914
-0.351156279198942 -0.0151285414719043 -0.30874213479689 -0.0112628203525854
-0.312932940236374 -0.0949299942294409 -0.412076162201602 -0.195004458383468
-0.386849956814708 -0.126918787945023 -0.370424439954839 -0.01084724157757
-0.412249723963955 -0.0879821463973814 -0.225822259462282 0.0196734355916845
-0.375475068695417 0.147107974419964 -0.117547398262632 0.00089937411715273
-0.220105003651113 0.327569811862354 -0.0159634564444364 0.000498334214091287
-0.0328091200764491 0.367544714863131 0.0153313821266022 -0.131446892775026
0.110477824546852 0.334255897920662 -0.0585301322113846 -0.195839966435423
0.22132422143576 0.254137596136635 -0.133716527688909 -0.218746173190622
0.24117838818622 0.231745451371534 -0.162472839732847 -0.197243868113297
0.266514457455452 0.215147899442827 -0.168723485790638 -0.180362461908091
0.238525061261656 0.330670432585751 -0.128960932054896 -0.181750994740414
0.101493743930103 0.408832063074218 -0.0657753052200164 -0.146844952592279
-0.0706931433007428 0.486276009341272 -0.0305208081777847 -0.00117260918577432
-0.343612846014482 0.361949961622222 -0.154290096624534 0.0874750842028835
-0.501059399374601 0.0705856481194397 -0.241816543909842 0.0175746689258704
-0.493919609577599 -0.0640131417354265 -0.270256992499664 -0.140364932470085
-0.483850132688094 -0.133812482386946 -0.218698726090375 0.0439241950211141
-0.525913461497105 -0.0719457048237117 -0.125081564984464 0.0210050906512043
-0.46876137351842 0.202646639668317 -0.104928006723944 -0.00981895450969754
-0.28260995191639 0.415780518527694 -0.0463616622192096 0.0176981083898083
-0.0567436359860248 0.472024044912253 0.00125579056282277 -0.044673237543969
0.127247964839782 0.432110633498474 -0.0168806897808518 -0.0763113739425483
0.262056574632197 0.329932988023961 -0.0415816035736024 -0.100255123244904
0.279412143001424 0.292402519196541 -0.0440448690905045 -0.0955545044317919
0.304137019118205 0.262773408303118 -0.0542540302338018 -0.0802425001415785
0.279662814580408 0.386867091184539 -0.0416428835460309 -0.0879190293266514
0.127586771075311 0.475441926916517 -0.0199776121606228 -0.0695850185503533
-0.0563358057718436 0.561138534959394 0.00569634102276135 0.0297745553152088
-0.35641766797929 0.443124667916735 -0.101380120708347 0.0964029092955676
-0.560148694837855 0.140055579622401 -0.140948469709019 0.0167701002077749
-0.589543510172267 -0.0201920376485505 -0.0836091380285576 -0.0984316820233402
-0.516733015311884 -0.11297053644149 -0.0273649517301946 0.115967339027043
-0.564495353219757 -0.0319557613823952 0.0166837768113636 0.0383509569890248
-0.491682082586831 0.243652701676807 -0.0616207936226898 -0.0102657700225348
-0.289311559821634 0.449635637591952 -0.0636556468564831 0.0418650813244135
-0.0608194407014246 0.500210240748156 -0.00915446095639935 0.0621432968625873
0.132121109708359 0.458015133086178 0.0310201954011839 0.0664810590202219
0.266034191860338 0.351657533466889 0.0588923887522892 0.0384473465597072
0.27582784223784 0.308808575206856 0.0799491875297405 0.0187388998441301
0.292579231545645 0.277081947893708 0.067929624233888 0.0247909446109377
0.26432287747711 0.390354309713398 0.0557199122554868 0.0107793676625548
0.112067812469909 0.469414550420682 0.0350191933835815 0.0139160214527955
-0.0571089932849907 0.532954703565737 0.0400676630853678 0.0550916016953939
-0.325567551355549 0.428698208371544 -0.0437326907634095 0.0844926819456066
-0.526527644936535 0.162273872883223 -0.0309187061323018 -0.00525169683179141
-0.585643619915925 0.017392704365018 0.112517304599584 -0.0695984833470259
-0.465291887858344 -0.0647465390704776 0.175021183007064 0.184309815289652
-0.497778650704106 0.0214146352330873 0.169839292517313 0.0580889946790907
-0.407187742781673 0.246927615372008 0.0034326731334021 0.0011138709563477
-0.227683184874141 0.393252121494486 -0.0580740100179076 0.0683330556153875
-0.046938864824467 0.431710371637376 -0.00593680223765436 0.162961067009652
0.119319253634105 0.399277329420725 0.0850051511844797 0.200587375815349
0.230301507624048 0.314458587843078 0.155419271600813 0.170859745688702
0.229573614482556 0.279234718153399 0.192031726710183 0.13001473342123
0.234428034515635 0.25650430948006 0.174199401536715 0.126046947667878
0.198169113079957 0.343927793350983 0.134885864633201 0.10846513107726
0.0592138534263903 0.393559031229302 0.0736543498031402 0.0954218964894057
-0.0763786664655815 0.411296042107864 0.0548125095982428 0.076322521318317
-0.257753563906929 0.324725038818383 -0.000236715861522389 0.0631424282154528
-0.414762043922932 0.136375155945998 0.061253611691674 -0.031923604336545
-0.493939258315275 0.0404728208314466 0.284719972161644 -0.0460506464911537
-0.333955064101714 -0.00465256843599645 0.355276275642518 0.232053539299981
-0.326995168700853 0.0663810120367546 0.300382532935437 0.0661135365841731
-0.235335446382377 0.19106192279955 0.0746185330218211 0.010768918094497
-0.120749132129957 0.247477756873297 -0.0304424459172957 0.0793622845230342
-0.0289776803786839 0.276949498811481 0.00991094913160287 0.227557749429727
0.0830396792930266 0.267440909811567 0.135599454199839 0.293406918937196
0.156027998285299 0.225504014794608 0.235436363566318 0.270510309473099
0.149671261127608 0.207483501226806 0.275048006826489 0.220495601649295
0.144816853045444 0.199843652826433 0.247312724139628 0.213376694721801
0.106960248521825 0.251306873583163 0.177336202313383 0.196195685676444
0.00179327809463864 0.263633311090647 0.080745820470838 0.167571144213964
-0.0842715013809012 0.234255827075761 0.043900013017082 0.0917180874809145
-0.156297338070087 0.180700634150116 0.0258883971888628 0.0397005749377439
-0.252845970381068 0.094037833538815 0.126230651690801 -0.0468232836739332
-0.336905042113991 0.0579414287775263 0.409980476577679 -0.0234942855092751
-0.140731899678923 0.0486153726228888 0.477110617753962 0.248717848090483
-0.0979649085543389 0.0757876403264723 0.388142668432222 0.0527937615923614
-0.0349645714999159 0.081575359141796 0.138863138936077 0.00073920710171102
-0.0189446516585914 0.0539557015015742 0.00474806458180671 0.062312935338041
-0.0232697348757968 0.0841964163380378 0.0291899038058701 0.244059994188016
0.0225174828721725 0.101632180988771 0.168991907787326 0.328609920714227
0.0509283956197711 0.104274852432497 0.281812049373789 0.321237301157448
0.0470577355142269 0.104203912389454 0.317984880120385 0.277196620158968
0.041024932435706 0.109071753080368 0.278249426540631 0.277314722721369
0.0195441279058002 0.119849775881295 0.181467421261006 0.265210938406554
-0.0300316654173087 0.103008015038277 0.060115113973005 0.220421459425893
-0.0491957304516504 0.0521592274287374 0.016049363024404 0.0951598715559461
-0.0265182409197961 0.0549300535042489 0.0430068492750496 0.0167799164315584
-0.0696953836125198 0.0729888218591691 0.166543686103125 -0.0465503950347871
-0.146508891726298 0.0807369462535377 0.473754783174302 -0.00110761398332064
-0.0645657434005668 -0.0735587135536645 -0.489093189539526 -0.0231728893592197
-0.102950615096745 -0.0720968270852117 -0.271834469471632 0.0701359638088266
-0.113098902627274 0.0371626873157431 -0.0687903796292732 0.0112134251277208
-0.0350059882234361 0.0975891536032148 0.0249956241054126 -0.0418702598928931
0.0263883626209953 0.0679295370580082 -0.00302680195520094 -0.215037196075833
0.0379377053887939 0.0413289675879191 -0.135992172226176 -0.298561049062645
0.054990195214262 0.0119771696666685 -0.250090501197746 -0.317097005820241
0.063459065564085 0.0141352172713934 -0.307615955247412 -0.296656956671441
0.0784312282624455 0.020064588943775 -0.291607696686629 -0.303358290000457
0.0716882581270439 0.0681824303986983 -0.20228735610421 -0.302041264508819
0.0331336208510837 0.10275867950252 -0.0797502200156376 -0.241478190307615
-0.0347351320151862 0.140977920959183 -0.054873652270022 -0.0748283353392916
-0.137583767272354 0.0586567178514199 -0.168560294437847 0.00841247006698892
-0.131077456901449 -0.074742395529985 -0.321078219381781 -0.0539212265621206
-0.0753332419979117 -0.0921312245685743 -0.476855664636544 -0.243840518553954
-0.232937075670213 -0.102244516903515 -0.459289818688628 -0.0332012334168414
-0.261074221023394 -0.0815387735530373 -0.270436601494327 0.0376951702761417
-0.242816503932525 0.0945263654128446 -0.100030343460812 0.00990735820637737
-0.12502696758296 0.216166187177703 0.0115149008850395 -0.0165302956886099
0.00192651242989223 0.220651941800817 0.0139963892095857 -0.184457317781747
0.0810679498904892 0.191810193629411 -0.0972865917312498 -0.267884536953516
0.148035253700006 0.138090846933575 -0.204858509010507 -0.289900989176622
0.162690562984317 0.131561696158439 -0.253908749062928 -0.266147322519936
0.182419083683287 0.130105776632583 -0.250309981073452 -0.257766292996277
0.159188949478369 0.218220467646865 -0.183518794896562 -0.256348339366008
0.0591526817867917 0.274794127781273 -0.0840884747805856 -0.205210166321351
-0.0706268955422827 0.329952923424633 -0.0508729041835227 -0.038743613519271
-0.269746414136442 0.211729643311117 -0.176189119207861 0.0540658454666042
-0.346279249251565 -0.0169131094658796 -0.303725274812966 -0.012591855944761
-0.305485044047328 -0.0958054160467983 -0.405562722863082 -0.192896138036217
-0.375150422553803 -0.126041598637714 -0.365760574075924 -0.0104776632530675
-0.405295276526088 -0.0881463094592791 -0.223364478630849 0.0176860637133447
-0.365764012083107 0.142486105763693 -0.1176401896387 -0.00208442275580332
-0.216212458686585 0.322382127932015 -0.0175662044338134 0.00077756842643826
-0.0322340336657611 0.359432889575995 0.0113719022337837 -0.12806055028561
0.110200099989096 0.329502113616527 -0.0585955900273628 -0.191934927282978
0.218550174734158 0.249422929424714 -0.133530249700684 -0.212321832390721
0.237950067252603 0.227915663125216 -0.16082020177625 -0.193905669279613
0.261027650375334 0.211579609359164 -0.165785093498105 -0.17691216950482
0.236478702908515 0.324955723948599 -0.128018059171577 -0.179439879346051
0.0999773907756698 0.403364745377211 -0.0637465896287446 -0.143739403417284
-0.0664140288367459 0.479849505934259 -0.028137899402618 -0.00335820077249393
-0.338709535492852 0.35453480781787 -0.147937037286416 0.0876990719299834
-0.495018486947123 0.0674209626966637 -0.237540869396695 0.0168386970657339
-0.481262672668282 -0.0678749285607802 -0.265824934328713 -0.141199428296264
-0.470397006862403 -0.132744908021583 -0.217998969438721 0.0445896237126452
-0.515337591757366 -0.0734858907648324 -0.124466537512874 0.0189513560674018
-0.457738983641346 0.195973185487113 -0.105753463033562 -0.0131513176189742
-0.279445531103713 0.408472354415006 -0.0478110298145613 0.017557202911059
-0.0531841844737029 0.46247545285997 -0.00264417800186324 -0.0438682044476493
0.127505845621968 0.425546043500443 -0.0175984605524425 -0.0746017249322938
0.259414843270444 0.324163340204152 -0.0425943608195805 -0.0963809330368984
0.276633598000969 0.288525373381437 -0.0447011820164388 -0.0951229471877205
0.297815967228358 0.259625650366424 -0.0527758691487536 -0.079558396158762
0.27524384483552 0.379996415283111 -0.0416137419883605 -0.0869294874381469
0.124509760384383 0.469734676311171 -0.0188556737889146 -0.0669893889361554
-0.0538142134327743 0.553277340393893 0.00747847893401954 0.0265666704862082
-0.352870219782284 0.435388299585796 -0.0951011307962784 0.0969776682997389
-0.551782693385032 0.135267544697048 -0.138060488473552 0.0182631953200484
-0.574307993300195 -0.0221269875515398 -0.0824873445570405 -0.100041756221027
-0.501708370583492 -0.110241703496287 -0.0306662310100807 0.114655428032348
-0.554511239519531 -0.0337420449066389 0.0150770782635856 0.0359270351181762
-0.478926729927886 0.235760836984043 -0.0633231821122753 -0.0138238717114577
-0.285266403011189 0.440267987706819 -0.0653906054085211 0.0407592813798481
-0.0610097153533893 0.490511934660545 -0.0138859402924393 0.0599860617947075
0.131580640099305 0.450760023417569 0.0302727588734471 0.0650824226245899
0.264609815451471 0.3461252917561 0.0570831633345352 0.0398058412125038
0.2720644423365 0.304634012749534 0.0776114552429893 0.0171148981179616
0.28622521038208 0.274179845089995 0.0673535729928167 0.0236699701184921
0.260404089929553 0.383576841038526 0.0541281635406525 0.0103896080053295
0.10975529661293 0.463840319827394 0.035763350562714 0.0142017195839754
-0.053275048002291 0.52604380196648 0.0401254885402965 0.0517166912960203
-0.318481295008349 0.420659404464884 -0.0397370253734951 0.0861391250595893
-0.518080001498007 0.157677434325137 -0.0304421949263603 -0.00280776802793169
-0.569773920132028 0.0132601457217143 0.109623969111441 -0.0713303599826022
-0.45395338082094 -0.0639330638758381 0.167348102926168 0.183657136590174
-0.487760208920641 0.0199972429383049 0.165557500148088 0.0559904612439122
-0.397519629832789 0.239862516583861 0.000897397558234599 -0.00170392041058238
-0.2223346434197 0.38504737042106 -0.0607084956828438 0.0666337817377092
-0.0461528748756427 0.424322240501823 -0.0104669374547499 0.158512174544877
0.119552743511847 0.392613749466707 0.0839916715279941 0.197213212754004
0.228865193841249 0.309827299043409 0.153890960270443 0.168743371051769
0.228408268792006 0.275497152278521 0.187472595691961 0.126083345617565
0.230220205998822 0.254061942855841 0.171353905884083 0.12283785383527
0.195769784967651 0.337766568354173 0.132881877187959 0.10639089455255
0.0588577971056508 0.387422043490566 0.0741139667406846 0.0944139511229898
-0.0728817506155753 0.404310494857951 0.0543015638413346 0.0730852492853013
-0.252830147893774 0.318404656520567 0.00291281149768341 0.0642556447504997
-0.407969705603533 0.132525448665171 0.0607550899157124 -0.0281537980524522
-0.481027001333494 0.0379811588019902 0.279335535113281 -0.0483190803135103
-0.325841712693877 -0.00338711086926303 0.344098646568632 0.22853498399524
-0.320086671761496 0.0662427420216535 0.294145219380999 0.0646024603044365
-0.229052061633822 0.186765577184984 0.072396426991198 0.00907262672439909
-0.117911760632945 0.242108881033905 -0.0336116192286212 0.0778265123475206
-0.0281641473087914 0.273302036728345 0.00650051245153466 0.222045377913608
0.0835328429755834 0.263678382882874 0.134189319210845 0.288437388363369
0.154544366000891 0.221091265617061 0.233258884690166 0.26595983029462
0.149362091901487 0.204788796400373 0.270602698809906 0.215195316850602
0.142169591875314 0.19884830884605 0.243329824397514 0.208471592058335
0.105094894327808 0.247040474536036 0.175290659485087 0.192672019839275
0.00187907102823447 0.258178536001618 0.081375334181432 0.165000090558179
-0.0801978806248019 0.229331324448462 0.0426073693020486 0.0889609794076519
-0.151201641505986 0.176300474905038 0.0269239773888666 0.0411117686176384
-0.248472180042819 0.0918531302028813 0.124549280330114 -0.0425716601085519
-0.328321263237702 0.0565279160351234 0.402790029387833 -0.0262687536043397
-0.137642670756184 0.0493657676749134 0.464701617192241 0.246149185861006
-0.0949501950673163 0.0764947926538031 0.380760446060168 0.0520015306929886
-0.0333913384273905 0.0804115610038587 0.136256820049481 -0.00031621111485451
-0.0184039144397573 0.0512611984365723 0.00207179257749833 0.0608018459461359
-0.0225804206290522 0.0837298203076712 0.0262170771722526 0.238553553474737
0.0231518509463355 0.0998132362311885 0.167248056326893 0.32294641171919
0.0513183731380759 0.102078379633655 0.279818292174979 0.314027005090875
0.0479601599885394 0.1038795062272 0.31175059022736 0.270941761929329
0.0408018960063456 0.108878219607018 0.274750881646978 0.270800081155876
0.0194550817073103 0.117929166609849 0.180949693589506 0.260009782993521
-0.0291313284438249 0.100399772075515 0.0610838906880462 0.216066721340771
-0.047063688296245 0.0495922447810032 0.0151442443227392 0.092577877342407
-0.0229418681719536 0.0540249574771054 0.0419792706253095 0.0178548313116406
-0.0684310742466777 0.0727684930500424 0.163712508748797 -0.0433004047986687
-0.142918201801545 0.0804253828887517 0.465924598172592 -0.00389954763833449
-0.0641806913926703 -0.0757447419727435 -0.493962392328659 -0.0215973389917869
-0.106001470854466 -0.0749980159583381 -0.274846672463036 0.0714633696978894
-0.114937501064714 0.0377073137955889 -0.0706341501685836 0.0109064899422707
-0.0353715295587435 0.10052560961701 0.0252613949144731 -0.0421489893824375
0.0268709542293227 0.0679765881586221 -0.00467082449828895 -0.213884257787161
0.0379489567187786 0.0419942013412984 -0.140314953561601 -0.298570035542267
0.0548560415042552 0.0122390947004265 -0.257393688343494 -0.317451691245303
0.0632283135571713 0.0134140100880746 -0.311311007709707 -0.298114388317394
0.0787967472225368 0.0186451251319537 -0.294891036088988 -0.305546558232736
0.0739000049594896 0.0680363042604313 -0.205105371960198 -0.304900414246701
0.034075787582499 0.104804809542631 -0.0805731135640445 -0.244598147269024
-0.0347229580158297 0.144100330286946 -0.0529066202687948 -0.0759197564618894
-0.140906621866113 0.0592699039351587 -0.168155703059635 0.00899296309904299
-0.133346012155604 -0.0768448106503386 -0.324825932744059 -0.0564825875647856
-0.0753972325912144 -0.0947927041241746 -0.480593916028019 -0.246635706506845
-0.232162940144776 -0.103718533719624 -0.463036561504322 -0.0323256967449898
-0.264237250899535 -0.0849559162676879 -0.274135054070033 0.0382144507466149
-0.243350677174462 0.0945259257633074 -0.103192307465272 0.00809245964166845
-0.125408084473438 0.219398841255562 0.010628519537033 -0.0165753422177246
0.00221880863242442 0.221805796933443 0.0115565404827185 -0.184407000813739
0.0832759667996671 0.193646729226667 -0.101103326434653 -0.269124504698303
0.150180804751459 0.139435223079945 -0.210333577370585 -0.290063048380672
0.16452700284238 0.132647834241892 -0.258266527549299 -0.2675867757664
0.183782349365148 0.130444150331314 -0.253727692436032 -0.260229725274303
0.163220011274149 0.219750008869164 -0.187159265029758 -0.259883180995485
0.0609320727757082 0.279141270760823 -0.0844528481348207 -0.206946674881045
-0.0695780807398599 0.33453670118499 -0.0491404123782143 -0.0401231787674181
-0.274065910593944 0.214145309873597 -0.174619676622554 0.0556417060541564
-0.350413329693533 -0.0186987477071337 -0.306701875740654 -0.0145115538078745
-0.306232412847974 -0.0991564355191462 -0.409893708945932 -0.195578737963132
-0.374949114430372 -0.125936807927488 -0.370374529282503 -0.00899997993609459
-0.410616323044557 -0.09195398401209 -0.226889842393613 0.0163654980437267
-0.366278268028862 0.141930802721662 -0.121737531252362 -0.00476578356277603
-0.218121475056689 0.325374357607002 -0.0193640015714247 0.00125383822227766
-0.0317916201820426 0.362948689023531 0.00761439710468863 -0.128538241582856
0.113049159329797 0.333129379317078 -0.0619163070556628 -0.192648824125761
0.222109968779241 0.252175840606812 -0.137144277151227 -0.211901435912218
0.241563366642289 0.22955340542386 -0.164342900447153 -0.196008452775365
0.263797410656397 0.213245069194049 -0.167655610886634 -0.17878363571024
0.241039392409702 0.327626724133032 -0.130985150739258 -0.181783538955897
0.101922979992626 0.409249725656487 -0.0642464803792155 -0.144291599090874
-0.0661244594930263 0.486090531530318 -0.026749496242153 -0.00546926625460444
-0.343780099213841 0.358346979557094 -0.144755966233677 0.0906571229540174
-0.500494316624639 0.066016920196872 -0.239905803508878 0.0168899397741039
-0.484183248428971 -0.0712272997497443 -0.268580699217733 -0.142531859540927
-0.469049044975711 -0.132765014409569 -0.222533807691293 0.0456650989164334
-0.521000254903872 -0.0759445479473797 -0.12787828935874 0.0171450991963802
-0.458869330732213 0.194579919565076 -0.110635373025047 -0.0170845753526141
-0.281906221355062 0.411949374673574 -0.0505144227726904 0.0177723757764725
-0.0554705542282905 0.467078867398473 -0.00749873348379146 -0.043986511984895
0.131217008872196 0.428386488517445 -0.0192928729599633 -0.075317193602821
0.263481208861666 0.326690902773397 -0.0438728247669289 -0.0953592563533043
0.281426355694292 0.290149549973368 -0.047321284268514 -0.0972969538013587
0.30048767418337 0.262901084985815 -0.0530602344636759 -0.0803532000160562
0.279420205364892 0.382666286099703 -0.0427806546282952 -0.0883778782169672
0.126789211390923 0.47516430202743 -0.0179442488768072 -0.0669705176771696
-0.050345925748098 0.558760993508977 0.00821626602046677 0.02379242545351
-0.355998346301466 0.439238618434727 -0.091467505972822 0.100684346991878
-0.559316946733269 0.13505431473468 -0.13954388620971 0.0192802224626535
-0.57594776990248 -0.0260550554746304 -0.0835342659753525 -0.103292123643875
-0.501337168229482 -0.11085336881079 -0.0354749659556773 0.117244671979359
-0.560147555687707 -0.0361091270058785 0.0125748929592566 0.035059031921515
-0.479777542226252 0.235242283570528 -0.0672937742151447 -0.0168604240897579
-0.287252262672461 0.444375786859147 -0.0689319831723287 0.041416672257795
-0.0593711091438793 0.495022228835565 -0.0190431640442055 0.0597486365714332
0.136664228526663 0.454260939087425 0.0301636902550629 0.0656118331605878
0.269116247610444 0.349949104920718 0.0583410444020082 0.0407452896343019
0.277647994488939 0.308462155577182 0.0764716265324745 0.0153498972511246
0.289686784143687 0.279412812508482 0.0681565686261794 0.0224962695690673
0.265990923899782 0.386553570975083 0.0540460799155361 0.00947219664965655
0.112910168491213 0.46932116463387 0.0367517831305729 0.0154213628715175
-0.0513135380340774 0.531181055913416 0.0409033373758514 0.049152882770448
-0.32170217786801 0.423583850687174 -0.0356298914514573 0.0889522599277515
-0.524389386708121 0.156921152274848 -0.0301680944390947 0.000359970220387025
-0.571551065379313 0.0111749597340535 0.110379796487775 -0.0746860386431118
-0.454147562155676 -0.0635006927699106 0.164711689974657 0.186503426360585
-0.492661227142653 0.0200426758609118 0.164682937598393 0.0553227020408731
-0.398125170475947 0.240298925970731 -0.00229530069222689 -0.00397924834844735
-0.224558849461686 0.387704938492885 -0.0647161919655462 0.0677531814217099
-0.0457241335618358 0.42831389553695 -0.0153450192435224 0.158746531499326
0.122732514772853 0.39578315428508 0.0849093705380723 0.198261611349462
0.232775448355605 0.311452554653424 0.157543646728559 0.170115258537032
0.234383750425606 0.278470123275529 0.187908375702848 0.124957719894133
0.232806901653574 0.258820138740876 0.17373704366264 0.122826505102145
0.199094973482314 0.340321142639265 0.134899786435362 0.106334803899131
0.060933537566754 0.392483921755457 0.0759298150120269 0.0959204355323091
-0.070960235987909 0.407149765416685 0.0545500192609957 0.0713784653683301
-0.252404845158849 0.32018287274252 0.00543675223424126 0.0673294530006733
-0.412345161426824 0.133090878249203 0.0615846412889059 -0.0255563831507139
-0.482950102206801 0.0382975569036823 0.282212970532459 -0.0523848946363055
-0.326413034251036 -0.00160844007954429 0.342369992995865 0.234548703001614
-0.323092239105331 0.0675098399996214 0.295498627527111 0.0646848770679413
-0.228589565738822 0.188589183671606 0.0707386656870265 0.00755441173340173
-0.118344293414097 0.243190150056652 -0.0364418678795583 0.078912595510414
-0.0276118106179589 0.276718998683492 0.00266272342188417 0.222913311343692
0.0866318179395538 0.265631207552974 0.135997318763784 0.289383624702701
0.157638111617068 0.222778921073835 0.238242442489609 0.267310999482999
0.1535497510143 0.207760694770101 0.272464642699171 0.214679414053214
0.144369774268266 0.202548403690663 0.246489108910744 0.209178009278974
0.10732572517151 0.249599130241944 0.178626348757021 0.193436805940174
0.00222077178951241 0.2611555388572 0.0842114777583106 0.166785146348995
-0.0791118584641988 0.229779377455459 0.0432079150811331 0.0884884824729265
-0.14966461806964 0.176837116111862 0.0284692430637889 0.0434840962464495
-0.251077793181802 0.0932455679302283 0.12636928401113 -0.0402796617580998
-0.329427426191303 0.057488594188171 0.406165654072589 -0.0300615908814081
-0.138037321583785 0.0512637710105947 0.464057856253867 0.249237092166176
-0.0944162531136825 0.0788661046201169 0.383119540602372 0.0525780456455091
-0.032070229344522 0.0810878021316044 0.136998123521919 -0.000744075904776581
-0.0182903095098291 0.0500668255253093 -0.00104624957339245 0.0614970422443311
-0.0220966872502408 0.0849976974255566 0.0244123773035772 0.239774675586468
0.0239279199712261 0.100491527525316 0.169571587460848 0.32493444876306
0.0526196488985018 0.102993928125928 0.284816034961149 0.31557874313575
0.0501892408419905 0.105417298939357 0.31510035295945 0.271433984789034
0.041823774497584 0.112014093871754 0.27833152626865 0.271508966935988
0.0194175810225154 0.118731238900633 0.184713355016638 0.260636772002327
-0.0291691029840854 0.100496675694015 0.0636001808607054 0.218021299861456
-0.0465308078318872 0.0475048271847958 0.0157126337424156 0.0931659279949734
-0.0197495470547113 0.0534354999935166 0.0420531681892437 0.018815335568551
-0.0678355288945897 0.0743171776193639 0.165852693512488 -0.0406002516150552
-0.143082047646347 0.0835012693607221 0.469986512225787 -0.00931708646069668
-0.0665042050647262 -0.0780404281066895 -0.506121594341237 -0.0102666983473312
-0.112467097515109 -0.0767404694832942 -0.281073080559139 0.0791563879144731
-0.117888362194947 0.0417143464687598 -0.0738260063439468 0.0106567312274231
-0.0339951105263956 0.105857967530202 0.0249644615686806 -0.043710074461487
0.0287184019796435 0.0691137882454327 -0.00982113237651176 -0.217406219380414
0.0400102098795286 0.042739019724949 -0.153523164911768 -0.300499712358672
0.0561146617023948 0.0115916687965768 -0.274194028540889 -0.317312554474593
0.0643942322806489 0.0113015525314025 -0.327170315553049 -0.29689725751438
0.0809688840298736 0.015612957709637 -0.308975162980977 -0.308074973733267
0.0783536154961232 0.0679174897980064 -0.218595289886375 -0.310050724424143
0.0378167306063774 0.107630482601976 -0.0873898600597835 -0.250439669894529
-0.0324586494350383 0.150276808581806 -0.0536902603849081 -0.0766314086000745
-0.145716483423692 0.0642677595485942 -0.169055672661152 0.0128874649663094
-0.139307957402743 -0.0781193522996341 -0.335277941149018 -0.0538862773965752
-0.0789971151623179 -0.0975946566476979 -0.498738555354313 -0.242648404845368
-0.237481926563785 -0.102975071860902 -0.475982736668859 -0.0228967405129895
-0.27537289556753 -0.0839084401545781 -0.281658377550698 0.0435805392664539
-0.246625691411275 0.100871287975568 -0.108613940484585 0.00865036576761267
-0.124297522287579 0.230137980893665 0.0102149945609589 -0.0168626770322988
0.00759036555093577 0.227835448324344 0.00542595328422123 -0.1880123569993
0.0906454599173387 0.197920402903126 -0.11212185159749 -0.271920420074616
0.158043807533918 0.139367871855201 -0.225042373426534 -0.290513896176161
0.172341040056098 0.132055410959939 -0.272606372390117 -0.26769906136789
0.190964311620549 0.12848859704916 -0.265497856094335 -0.260040803481281
0.174748422799988 0.221208555015506 -0.198716725919889 -0.263368902681693
0.0682290339847203 0.286787427254279 -0.0905361862400568 -0.211430850853166
-0.0627234957593653 0.346955230889964 -0.0496848150746282 -0.0417131990227617
-0.278935224182806 0.225741368726278 -0.173737753631183 0.061832444418802
-0.362731220572357 -0.0137079452898806 -0.315947344622994 -0.0101528109605759
-0.314674398553745 -0.0980390399667519 -0.42446875455827 -0.192790364729448
-0.382073202523552 -0.122857382808334 -0.3822172485327 -0.000884993233263222
-0.424440256045806 -0.0881296405680183 -0.23435651574141 0.0199610175223934
-0.370307887358787 0.149367032022019 -0.129443508735914 -0.00486754238886502
-0.217205701346274 0.339051591544448 -0.0207419938682255 0.00219513165551763
-0.0248083507711678 0.372642804045792 0.00180374018461699 -0.131022055461259
0.125718443392534 0.339152113120596 -0.0693368407442849 -0.195994709210436
0.234842987341903 0.253500185510825 -0.146517442161757 -0.212568593991006
0.254781297716811 0.229636922542381 -0.175261889981828 -0.197611290369351
0.274327621353321 0.213821622095651 -0.175853469905906 -0.179272718957329
0.256295598229963 0.329688572028599 -0.139317393549341 -0.185007284543953
0.114068287965158 0.419949816747265 -0.0676133855915001 -0.147216212195734
-0.0539498911068534 0.501553739973209 -0.0267963654720622 -0.00662738917194344
-0.347412008675324 0.375840878718317 -0.14158206278594 0.0966449858329658
-0.515794688550414 0.0768194148514319 -0.245538948513919 0.0222534666899378
-0.495061177630731 -0.0644134332365136 -0.278661286881039 -0.142517463408424
-0.479391570572271 -0.127201026536131 -0.229963714776875 0.0532319415580071
-0.537415124946774 -0.0696285538986856 -0.13345032755584 0.0184433813876796
-0.46283767235999 0.206357574606193 -0.118443929846928 -0.0171214875867249
-0.279624311768906 0.427782723516064 -0.0536207247613233 0.0199180358871414
-0.0468998057949305 0.480844452242828 -0.0135978612933185 -0.0444112544342061
0.147351151849628 0.436907317576731 -0.0232442115531843 -0.0762070857582506
0.279319999307943 0.328919261157978 -0.0468587073554811 -0.0955542747115358
0.297696863824528 0.292137600224996 -0.0525415025806595 -0.0992198381493192
0.313075066312974 0.265080078721532 -0.0555862012292834 -0.0815057607064958
0.299019519318136 0.38666695450003 -0.0475195053969821 -0.0907512584305724
0.141257933366673 0.487276282659568 -0.0188472897146085 -0.068246322257333
-0.0365845027960026 0.575542147493658 0.00896700124969784 0.022594372641292
-0.356263836650696 0.45825346037765 -0.0865503471400926 0.106430178753285
-0.573583325125214 0.149965219249732 -0.141591339763136 0.0243157043323338
-0.588675297801362 -0.0175007954014064 -0.0889432448110401 -0.106726119580102
-0.512457510709148 -0.103571053983333 -0.0372138902509126 0.123535400499474
-0.575712872927612 -0.025823268357544 0.011143282922386 0.0337496979204621
-0.483822591995183 0.247779268931912 -0.0738068545805911 -0.0178687526167847
-0.284830333777902 0.460285248222563 -0.0728203679227469 0.0445805127533776
-0.0505944463894231 0.511223278990135 -0.023935788977175 0.0617590699744955
0.15262198581769 0.464053665845296 0.0306715102787501 0.0663242788165445
0.285749035083908 0.352329341554368 0.0619999505133031 0.0403460180440409
0.295461900523986 0.309400825026685 0.0769414821688123 0.0130043120288399
0.303269743960716 0.282569613896026 0.0708671729084342 0.0218423667484754
0.283078062368249 0.390353277137154 0.0550266919098633 0.00846486148047275
0.125890965172551 0.481673174189547 0.0397940351992422 0.0152158724543828
-0.0392238390580318 0.54526482530835 0.0425809440650878 0.0473150005083727
-0.320607413813225 0.441934263441628 -0.0300145440377018 0.0936023398402648
-0.538019843498529 0.171665907452013 -0.0294470861200238 0.00329140012303294
-0.584340125983372 0.0210686819947794 0.110947276165111 -0.0824315644834457
-0.463437543067628 -0.0554105792714601 0.168284623345776 0.190685068695132
-0.50522718349266 0.0301607908145036 0.168106186409612 0.0526972501686819
-0.401131152881336 0.252054143264563 -0.00648949914262127 -0.00580885528532855
-0.22155997278211 0.40169497898443 -0.0673006936014301 0.0715856646886278
-0.0374089304047811 0.440995916016126 -0.0181787896823144 0.163075017233793
0.137656754029924 0.40428783633233 0.0905992892202167 0.200575166770656
0.247640066208551 0.313405350831631 0.166508189434926 0.170479442932851
0.249044086436155 0.281567584104424 0.193831361054446 0.122220418964284
0.244039838263732 0.262821434574345 0.182081342595045 0.122191250708016
0.213416255935455 0.345869092963258 0.140765593476123 0.105114719588213
0.0718619291390866 0.402505502062655 0.0817335973868228 0.0975977195943921
-0.0614655189405267 0.418369024279946 0.0571129258330365 0.0705827660985962
-0.251625953352247 0.332416566717245 0.0106866261545059 0.0709561568890936
-0.422062271084032 0.144609306136923 0.0638646344000279 -0.0239170517003767
-0.491680915668285 0.046752241986561 0.287133172703488 -0.0631895206245783
-0.331895533065001 0.00579974507298936 0.35068362312558 0.234285061745226
-0.329645541675679 0.0771811649730676 0.3023223823213 0.0598961524197427
-0.228228872832868 0.197317403224076 0.0701150917940042 0.0058240450949367
-0.116417100171709 0.25098792860981 -0.038239176252965 0.0824226907572583
-0.021513696726151 0.285287899694659 0.00315878680369073 0.227496460253006
0.095909077275619 0.270280232841504 0.145652901339601 0.293170446569299
0.169282480122951 0.224325933267776 0.252191402514792 0.266901626476717
0.16458119305303 0.210770938874554 0.283519685403021 0.213070258820904
0.153108910408142 0.206851931281842 0.258508964273769 0.208298070447163
0.116509580658867 0.253258792046795 0.188873974140549 0.193961073847209
0.00930034253800155 0.268701843377613 0.0915748846498815 0.169402863744368
-0.0740649160535524 0.235466081118607 0.0456196295002021 0.0894636745900524
-0.147313500780593 0.183558179393809 0.0314254106153395 0.0455060905185133
-0.254784876165308 0.101452762784312 0.12988263143231 -0.041385273239534
-0.334091581396483 0.0657884017687438 0.415771180814877 -0.0443717242714409
-0.140090361052563 0.0568340603642498 0.47576179462966 0.248109144994328
-0.0938306412693556 0.0846139808264405 0.392443010561556 0.0461136536091884
-0.0296155877172954 0.0838520661908597 0.139071625914838 -0.00397016111240498
-0.0177630832264102 0.0499804412551027 -0.00185413460074159 0.0639636869627955
-0.0204855776376446 0.0881463523209004 0.0272597959271296 0.245032803612193
0.0280524126155102 0.102271072989784 0.181235274355681 0.329252019412619
0.0574122056588562 0.103777222523182 0.300965082579207 0.315724761734712
0.0556080517550373 0.107803649089621 0.32916501286187 0.270121248126643
0.0462274588034566 0.115303422950092 0.292030452587367 0.270410738731138
0.0225099996715312 0.121941381549612 0.19748096560192 0.263085673361508
-0.0276322703641987 0.102698151216925 0.0727460104857661 0.221787423024458
-0.0462727955579788 0.0476004077197598 0.0177714600244561 0.0945648148891936
-0.0159691661417475 0.0539960771890729 0.0432849377173745 0.019800391099333
-0.0674302997410465 0.079487057912732 0.170114237208875 -0.0435179633953108
-0.14314426093269 0.0895529583666084 0.483299828209968 -0.0243238278787849
-0.0714413060484128 -0.0782167748691451 -0.517178433828368 0.0148500386918202
-0.122098678050425 -0.0747272868946473 -0.283069169725492 0.0941640941215868
-0.11929688986999 0.0488234179309061 -0.0765216406939341 0.0134365145375158
-0.0290463289034732 0.112584066758267 0.0231315442918642 -0.0458926454664538
0.0330084681627167 0.069323685571436 -0.0217049476173787 -0.218984648233729
0.042913820997158 0.042229954210721 -0.17401491990354 -0.295949171264786
0.0573660015999393 0.00944826281181989 -0.299579148832577 -0.306229573274097
0.065353037097151 0.00762130637442526 -0.349838851598554 -0.286073226758993
0.081989107706666 0.0101653837604261 -0.331524906798999 -0.296844199102254
0.0847478625353615 0.0650452429719031 -0.240136393854447 -0.30693024398112
0.0444602097148754 0.109617515194485 -0.101985215964487 -0.252902182870551
-0.0251418548586965 0.156773770630197 -0.0563252525470741 -0.0760829807695324
-0.148146481549647 0.0737341516927199 -0.169282573248352 0.0213301304341489
-0.147869178611902 -0.0737279670744825 -0.34654977985495 -0.0397142271221997
-0.085138189064333 -0.097402985553977 -0.521262644941998 -0.22117365652745
-0.244682882729936 -0.0953908652493495 -0.487980866960696 0.0019670426908329
-0.287601487046278 -0.0737585987475538 -0.285966068272251 0.0579333744047967
-0.245524443873397 0.113762416272589 -0.113165135527929 0.0127300981442487
-0.113969830245504 0.242909705480751 0.00926216372705643 -0.0169624265220193
0.0196379700831552 0.232603943591805 -0.00557515546986026 -0.18986391409406
0.104036661317666 0.197624594377388 -0.130820653472232 -0.269850218891244
0.16866813616687 0.134417970989381 -0.246802746138705 -0.281744069513008
0.182822997834597 0.125556485950198 -0.292717661513383 -0.258619414780248
0.200890395361705 0.1215719664873 -0.284639217476538 -0.25279358724488
0.19128399086227 0.215932865790624 -0.2183418411355 -0.259637228584201
0.0860403210847268 0.29147287228409 -0.102619814066361 -0.212429181969761
-0.0451867180351592 0.359234401262509 -0.0518327808250657 -0.040673936017836
-0.275625553704598 0.24549204733165 -0.170286382405319 0.0714134909492672
-0.373312461059043 0.00279062739710761 -0.323784907490207 0.00512322126207942
-0.324816727454562 -0.0877260284057485 -0.444226926582381 -0.175636822313839
-0.392344449895483 -0.10834936197088 -0.391783759936491 0.0204186268432559
-0.438883538907734 -0.0720578265927163 -0.240422496194805 0.0313313918311885
-0.367308333420654 0.168329589199466 -0.136260035183915 0.000139554058697902
-0.203675741468905 0.357544314995747 -0.0227247514612542 0.00413510846298423
-0.00605938046413958 0.38283968431504 -0.00841986026932867 -0.13146647604239
0.147359391934071 0.339092669024075 -0.0836991741395438 -0.194938156275446
0.254490401247012 0.246371349635613 -0.161331099346723 -0.207471055251762
0.273570497903042 0.221120713104498 -0.190924730081044 -0.192337959798595
0.290944176747126 0.204686929846073 -0.188011586132843 -0.174046225757993
0.280928621105749 0.322393222718122 -0.153632300173951 -0.18216385256475
0.138980566191712 0.426541731666996 -0.0761952462288829 -0.147289567460063
-0.0274271913754385 0.516437356913485 -0.0272030202519034 -0.0072567206180829
-0.337360454899257 0.401585772985448 -0.134419807989588 0.106581919148141
-0.524862544764315 0.102196362737661 -0.250581503711115 0.0356852054010329
-0.507148920997635 -0.0449940678881994 -0.292301112828373 -0.133004494125048
-0.490290388767099 -0.107168866064247 -0.234607421736806 0.0680272108625494
-0.553537881565933 -0.0466087908610058 -0.137993971918061 0.0245363709209936
-0.460369726362543 0.227965489684312 -0.126311578467293 -0.0127473282168006
-0.26403303999959 0.451797951691271 -0.055595374856419 0.0240837316699889
-0.0223680582172663 0.492853098646261 -0.020956705276889 -0.0439170198458963
0.174546074319952 0.437849135386959 -0.0299676165117003 -0.0756367967143784
0.304914500491287 0.32187524007341 -0.0531466578417069 -0.0948493721611915
0.321900986293194 0.282723141622952 -0.0602492372951093 -0.0987997870083718
0.334204838362046 0.256020077779496 -0.0602613135582505 -0.0803299088444747
0.327042751744408 0.378283807348059 -0.0541197203733528 -0.0906810899448309
0.1712822565024 0.495802598697411 -0.0215333380941756 -0.0692316887994099
-0.00635505118569954 0.590262927101989 0.010441935580307 0.0203560933392959
-0.342225893823363 0.487348469484251 -0.0777117223416421 0.11292862136877
-0.582151868816327 0.180097702799483 -0.142403120973762 0.0338919499695032
-0.60095619136353 0.00645387697899309 -0.096735217844058 -0.106856270844268
-0.522405578729859 -0.0816367512650115 -0.0347439104998874 0.131063686299594
-0.591343325511893 0.000361490687028509 0.0103056562008411 0.0338371674029531
-0.478906416997536 0.272679761372879 -0.080971521465718 -0.0154156761186331
-0.267793433255726 0.484760374176549 -0.0741171110706081 0.0501676834610321
-0.0266460979559673 0.524769259031605 -0.0275671215888471 0.0652177667785985
0.182187233423685 0.464931913050397 0.0323120921590743 0.0670121715063248
0.31069958363454 0.344126130061863 0.0658174652744488 0.0378336902905298
0.319854420534369 0.30207280499019 0.0772607215243301 0.00854567704833242
0.324171313520038 0.274224964684975 0.0746563940025644 0.0189276621885228
0.309926927917395 0.384011406126545 0.0566982771430364 0.00514775189772345
0.154828802707622 0.488656896397582 0.0430697629005597 0.0133382205668705
-0.009582426990853 0.55927621732372 0.0454633107635821 0.0449461239009676
-0.304667560776033 0.466084747429247 -0.0211484931116392 0.0981920743087538
-0.542862274030887 0.200863779022503 -0.0292216150096956 0.00757800137711239
-0.591616583318823 0.0476456495413564 0.107837950852568 -0.0928980148444805
-0.471321131192537 -0.0341599816054659 0.177388085311593 0.190101685601061
-0.51594472873812 0.0574401982983204 0.171443818852631 0.0460374159150321
-0.393175637515892 0.274032990451439 -0.0104934429147252 -0.00539735827906228
-0.205868197288562 0.420151316134291 -0.0675673094286836 0.0775063188851584
-0.0154753259282804 0.454081306077245 -0.0162597707372008 0.16850135819129
0.164055064415085 0.405139328085719 0.100471741239176 0.200439540204187
0.270642687987429 0.306671679754826 0.179870336664891 0.163769864527218
0.271578565301595 0.274423543490916 0.202766521110378 0.114286045515418
0.264802823665266 0.258087236996574 0.192825309688595 0.115037081847843
0.237360819941525 0.341775675810737 0.149477555620259 0.0997977932788191
0.0951642825974807 0.40968495935999 0.0904481503768248 0.0955305926389157
-0.0400557350135084 0.428720819897647 0.0609693419326627 0.0686628219789235
-0.238366469556358 0.350114855525149 0.0184502980989958 0.0736966446141354
-0.425183471969203 0.168182593735228 0.0660334110704018 -0.0249523473960531
-0.496923995796561 0.0707806876266747 0.288640293369828 -0.0832574655728366
-0.33628218096586 0.023273880647695 0.366001820927381 0.225546604823766
-0.332332410230624 0.0958555975119097 0.310205837734625 0.0471750543811377
-0.220163526642546 0.211292876151447 0.0693133409395266 0.00284436632363819
-0.106419886787017 0.260770688007893 -0.0372801526784439 0.0873606333609292
-0.0072516981879397 0.293492553313235 0.00945967055480251 0.233179767829624
0.113900601242161 0.270981707407833 0.162072626448225 0.292563948421712
0.185918219583204 0.21918318481682 0.271981276254772 0.256918975557914
0.182133467791511 0.20620982464932 0.298939130400455 0.201432176854883
0.169111344318806 0.205550755781085 0.27505637173228 0.19855495382392
0.132854635734282 0.252537276314636 0.203854656482042 0.187324657947493
0.0240511137332768 0.274754278445471 0.104419178588711 0.168641378714921
-0.0630345416692531 0.242018367258274 0.0503089790699561 0.0882547803000827
-0.139062551835319 0.192693881721373 0.0364262369298681 0.046946369161278
-0.254824324610536 0.117077423457102 0.132101249961575 -0.0461676369407389
-0.33485036880632 0.0841658911570871 0.421197063033948 -0.0709859887368898
-0.138712553286988 0.0667120457593552 0.493482062756433 0.232869288245245
-0.0891367972861551 0.0922068811208362 0.401964496428884 0.0289696456058695
-0.0235437356258278 0.0866082268176393 0.140985714214931 -0.0102418442653496
-0.0162878839908954 0.0499672176851994 -0.00115053476309248 0.0661565976001917
-0.0158427158626745 0.0910089584398414 0.0372192877810145 0.248954720494884
0.0345714287361195 0.10208782110938 0.201458387915424 0.326621726390864
0.0645935779714063 0.102477648137562 0.324680274025172 0.304195699066089
0.0640270182167207 0.107384954981763 0.348499283143037 0.257778391662584
0.054723402445146 0.117226904950094 0.313159263754328 0.260520649133879
0.0292966375758479 0.12302735216384 0.217163744598301 0.256476578834055
-0.0226902252498588 0.105871618264985 0.087318714363604 0.222716989270014
-0.0445413884874579 0.0486084619444173 0.0228887028376973 0.0956185850577534
-0.0105874853249885 0.0539618219434983 0.0450314403464233 0.0195441103952272
-0.0632666728143594 0.0853212874633024 0.173003082369912 -0.0511579304187545
-0.140095815843833 0.100034792864549 0.49173666583953 -0.0528196430797775
-0.024649656970796 -0.0987238296915241 -0.478714628250141 -0.212544238257898
-0.0768830702104705 -0.121638927675779 -0.295766056427645 -0.0341950295041033
-0.130029872247866 -0.00675022640743186 -0.072044697338144 -0.0207088573305613
-0.0743934477378095 0.0917569532345051 0.0431208494386339 -0.031117048007265
-0.00343118028618842 0.0791495700550336 0.0781599491832669 -0.207499531361109
0.0183609818169148 0.0589730562714816 -0.0266205325254583 -0.34230492317987
0.0445994968524198 0.031553051542067 -0.138408948581415 -0.402601613166346
0.053113155945126 0.0344707841554489 -0.193020998430236 -0.401942602980543
0.0656506764709409 0.0427326245096586 -0.173616329280728 -0.40595163134377
0.0478649103317597 0.0931731247378963 -0.0874021640360365 -0.374705625871243
-0.00743341536268532 0.119395679669767 0.0154990927867099 -0.268837575969074
-0.0903886371861821 0.130581167497152 -0.0185403367070361 -0.0893742294494757
-0.170549078453442 0.001279237628449 -0.161785353897111 -0.0582852993874142
-0.106810563225308 -0.133101923714814 -0.29387106822038 -0.196973703405124
-0.0352942378198145 -0.125453383821116 -0.362406442962375 -0.441222511427103
-0.17341379922356 -0.1891548685009 -0.446338452162576 -0.20458166280657
-0.226636669021545 -0.192164093602398 -0.278696008863586 -0.0660037186306891
-0.271073269933241 -0.00439483717819327 -0.101978632213111 -0.0353637910216958
-0.205983045206989 0.170522166635949 0.0214057457489874 -0.00793416461706279
-0.0852358744780827 0.219585593070917 0.0870919778896454 -0.172040013683649
0.00866905126007141 0.225199266466149 0.00348164028089872 -0.302604856139082
0.0934150033748649 0.193103160430915 -0.0990223812112111 -0.35834788760694
0.110662305240512 0.194490421612977 -0.152176398479721 -0.354563160418856
0.126762019338106 0.195123934778359 -0.149450982757455 -0.345376889685126
0.0814466363521146 0.275381996747678 -0.0888502271003977 -0.320674640995882
-0.0465398359633367 0.303171995489561 -0.00829635439891425 -0.228764085938577
-0.192581309831575 0.303910014469981 -0.0356340790954274 -0.0525722803361475
-0.359980998554596 0.100892818985702 -0.18967651637264 -0.0143817030536797
-0.34366984506329 -0.160283373416098 -0.292478826758298 -0.151985506039599
-0.255086033070381 -0.219500527419946 -0.311816242666218 -0.36892379622042
-0.298717982212062 -0.266798385731351 -0.369914217884178 -0.142662597270391
-0.365139763639185 -0.254706039725272 -0.22284530115568 -0.0681432629741056
-0.403732404535235 -0.00962515376513176 -0.114254846390535 -0.054881399781335
-0.334523605230631 0.234778684428907 -0.0135903460985254 5.29707443386692E-05
-0.17291759715748 0.342664942359745 0.0640964219281382 -0.119171000309513
-0.0126538258512569 0.372076846935342 0.0166562435612809 -0.216596225741077
0.124069163126431 0.331269765073682 -0.0525834898856239 -0.256937343301815
0.153504216991286 0.322683588212699 -0.087370210137999 -0.25197489013568
0.173099667722268 0.309545236143209 -0.0958961663858873 -0.234126466890781
0.119159490175916 0.409360398905213 -0.0646275473062913 -0.222935375846477
-0.0553792256406338 0.448676255187137 -0.0142779840643671 -0.155801221079029
-0.242845429721411 0.45171109314071 -0.0322374394283039 -0.00870468857906521
-0.482672645288088 0.213299176859344 -0.176450427637767 0.0340063209803356
-0.52370992508845 -0.135040946561991 -0.239988801927792 -0.0936218283683271
-0.435152027776621 -0.259761677915143 -0.194358560307764 -0.263923006133455
-0.390216116568838 -0.311750536856248 -0.249481326125001 -0.0270202853024812
-0.480902791454252 -0.284220744807686 -0.124951614769235 -0.0276686805580314
-0.513205335806794 0.00482839669291381 -0.0971871067529291 -0.060641719063542
-0.425956051825571 0.291498797988097 -0.0501237065346491 0.00625423944328804
-0.23535917085367 0.43487286949943 0.0184259124871061 -0.0444196582956175
-0.0296161252560795 0.472641173330436 0.0149847834702708 -0.0875953157129129
0.138819026305608 0.422720215274368 -0.00203513161152674 -0.110579552249398
0.171424082761317 0.400839261218005 -0.00962344974163326 -0.114090479703259
0.19141596857653 0.374725065928308 -0.0210547050954189 -0.0962122671881657
0.138331354413408 0.479272182140044 -0.0143937845899934 -0.0985596262481976
-0.0548289972877813 0.525968105081619 -0.00046341253772226 -0.0603455690495208
-0.253078612970071 0.525909187217707 -0.0125527827773677 0.0343893751493123
-0.522954183948109 0.288267601505053 -0.13013116708823 0.0664890227639973
-0.605102307913698 -0.0912454370744946 -0.142543216859943 -0.0470879475092686
-0.539256918526498 -0.253343492956626 -0.0308176538775625 -0.150299552783887
-0.429843373717384 -0.304456931961157 -0.095450059356243 0.119180735738512
-0.536405424086297 -0.257491569183966 0.00760048832381688 0.044460996676395
-0.549931116582596 0.03674144565993 -0.0536635239742669 -0.0425196143384284
-0.446303284261993 0.318799827384153 -0.0770905180546024 0.0221567328939933
-0.25169704656421 0.460672078870877 -0.0335359597270218 0.0515861811171166
-0.0330766412176081 0.499305811138682 0.00959223773408892 0.0676170986660218
0.136069415802717 0.445835162857609 0.0472663903764649 0.0595662785738966
0.163992536101684 0.417525791033603 0.0675720557045875 0.0397529932937341
0.175294009853786 0.387603478135485 0.0584453577913674 0.0501238491170488
0.121968624375486 0.478552830876375 0.0444031724431379 0.0336517492520408
-0.0661773481664301 0.513506564022321 0.0229285020573056 0.0407869066453159
-0.242787325516071 0.495470258545214 0.00842993036769692 0.0711006578765642
-0.479599512716407 0.2864207108204 -0.0724369635217924 0.0785198108789475
-0.57644825749349 -0.0532733176584178 -0.0271670413526316 -0.018404906365859
-0.550076103971869 -0.211405411355098 0.146374696322474 -0.0435926636352874
-0.406973532038255 -0.240418540646512 0.0720978950896077 0.265462474808105
-0.493874856740122 -0.174601217155498 0.147290259822912 0.123386284067349
-0.474299529808936 0.0759686730723887 0.00545360838731857 -0.00449648405534965
-0.362302949268386 0.288157870548856 -0.0842824341295113 0.0476592140180568
-0.209705079720928 0.401521589895253 -0.0714437398148291 0.147776833896563
-0.0218894419752253 0.435474043358411 0.01085176724564 0.217958826635137
0.117574153582692 0.39471491383583 0.0947894308195621 0.221799213614729
0.131495180673934 0.371930251229224 0.135605878460835 0.18658854405027
0.131250654349147 0.347384076886875 0.123778719099597 0.185332745352121
0.0744706706352931 0.409348131671233 0.088433439736997 0.155626975049986
-0.0855148408340144 0.415383443570852 0.0323132579017652 0.132667691525434
-0.214543015324039 0.366159910192631 0.014825194459959 0.095411525702815
-0.365845948729375 0.210344766806162 -0.0231316276751468 0.07525584297025
-0.455339791163943 -0.031615527085274 0.0724825821556676 -0.00118760462892561
-0.474122524534444 -0.149793390119079 0.303702360535893 0.0502249460941822
-0.313334130083265 -0.131449485479783 0.228462136506351 0.378303967267846
-0.34630845331924 -0.0588108375002365 0.269733314889248 0.180523377715659
-0.290907490838362 0.0940339227286864 0.0695896437934685 0.0351804559493399
-0.205752346847978 0.185747204336392 -0.0661788348082576 0.0661728185843624
-0.131167805390691 0.259256625358989 -0.0831622690571397 0.217409536101642
-0.0102184236988854 0.292028439638386 0.0232666868661259 0.329168714171623
0.0782074329052511 0.279660206136235 0.136471203873548 0.346739110136362
0.0799874643490546 0.270137996370651 0.182988757504583 0.305400564685657
0.0685355854966326 0.258819159825568 0.163644817057591 0.294253441110499
0.0176070124140277 0.285723843872128 0.102383199500112 0.255519223202419
-0.0925812227345397 0.260014204491202 0.0174323965234051 0.199881465585755
-0.156325688038282 0.188849606649554 -0.000157007404189414 0.104623679759192
-0.206754694444199 0.112021699209315 0.00763534313714447 0.059873840775768
-0.277019459182058 -0.00372248675737341 0.140692705638061 0.0139982196231182
-0.335261370577545 -0.0674387009931252 0.414295398985145 0.124087248089424
-0.156228370089245 -0.0055277125134394 0.345911684057543 0.434256601046859
-0.124080188136194 0.0427236736609482 0.355140835829914 0.200777062050158
-0.0582504795078713 0.0676294266991496 0.133065395432241 0.0517415772931593
-0.0354063486796596 0.0346634371899651 -0.030512885035705 0.0598495978823017
-0.0510002762843054 0.0727379934294999 -0.0736952322999868 0.241819451120756
-0.0100665243825519 0.105043029351419 0.0395640950503368 0.380577260906311
0.018697925401545 0.122188257075871 0.160567001098437 0.411711985288642
0.0149370391998326 0.127392844457716 0.204208065381777 0.377463667725968
0.00349431278586429 0.130343794922249 0.170673991606864 0.363979045743653
-0.02208768429326 0.124547630329466 0.0866827190884043 0.320120187497983
-0.0635170383917392 0.0860121360217127 -0.0174288000252906 0.237920898025732
-0.0586882778496583 0.0232694168378465 -0.023641183345198 0.095981455610469
-0.0291620196909362 0.0434575643517478 0.0302407007690029 0.0396136486955767
-0.0900809617745456 0.050598438829543 0.179075897763585 0.0316409593168693
-0.166652464107702 0.031053284887796 0.467671240410076 0.17399095622976
-0.0296948339489251 -0.0962922877506889 -0.479114961879475 -0.181362164426587
-0.0854553107573544 -0.116518850140987 -0.290170363456683 -0.0171293193080986
-0.129028464090659 0.000821331710455161 -0.0729810821354756 -0.0190360835966293
-0.0671873811915859 0.0964182294273489 0.0397738165020307 -0.0330063203328268
0.00147040019985361 0.0778997025567869 0.0633938707698213 -0.205595271598341
0.0213431745638654 0.0575546708073838 -0.0474135856499247 -0.330644448716252
0.0445066480964728 0.0285040632197526 -0.158897382948791 -0.382487018428273
0.0528715953133582 0.0296391235196265 -0.210729554896482 -0.380511598946498
0.0650628668539453 0.0369379849951955 -0.191173398533363 -0.387211272677377
0.0529195893537076 0.0879830538136013 -0.106151865356557 -0.36213991082605
-0.000707982007865848 0.118776435094915 0.000511682264437407 -0.265019370292974
-0.0808294196354927 0.134010429792755 -0.0211424893380001 -0.0857194729438824
-0.169081691396743 0.0107198573942716 -0.158206221535832 -0.0478680246710119
-0.11313481603735 -0.125988937300487 -0.298142301881562 -0.177828109313093
-0.0414441068923779 -0.122417135491544 -0.375499926241718 -0.410911557926648
-0.176694160911705 -0.176256761385484 -0.447242376891222 -0.174819334694127
-0.23427485553728 -0.1774399497821 -0.276605353452262 -0.0496403235283425
-0.264299606270864 0.00859571720596116 -0.103836289312916 -0.0313727185554389
-0.190298289116564 0.179882433164399 0.0193522174544239 -0.00906943370006915
-0.070677404270129 0.220006734805939 0.0730954467672993 -0.172414436371866
0.0221799009314209 0.219806407456084 -0.0153385822855284 -0.294032190702228
0.102137715717919 0.183038493588869 -0.118302230550848 -0.342367363237807
0.119390533478632 0.182576175557179 -0.169003458882203 -0.336578337887571
0.133329456653745 0.182858457849739 -0.164550019977375 -0.328085511054375
0.0966427769780796 0.263632081733541 -0.105795113943781 -0.310224370520392
-0.0274684439667928 0.301538596284769 -0.0200941394455401 -0.223873581051072
-0.170482233005198 0.308148066312769 -0.0361752783914251 -0.0494227609527409
-0.348862059734731 0.118593388064762 -0.18142805383396 -0.00295693984040793
-0.346269413991642 -0.139793650218817 -0.294488944941132 -0.13201384449519
-0.260211495463201 -0.203047013038812 -0.323364190868544 -0.342336115912993
-0.301905252494304 -0.244695796630338 -0.369423449648065 -0.117041881938742
-0.371576044310986 -0.232483156643306 -0.222815711261552 -0.0548888168501928
-0.392944422945027 0.00969789654562192 -0.117781941209687 -0.0491762247061142
-0.312950773068935 0.248601241591098 -0.0147743470175762 0.00139995530096255
-0.149518996528005 0.344771037243481 0.0522897711869982 -0.119496981856427
0.0107627753837804 0.363201427177759 0.00192580655560923 -0.210452766405757
0.140807422011761 0.315678280318334 -0.0664842822740132 -0.246055278756878
0.168910672859619 0.305431485427464 -0.100362084824862 -0.240649006941869
0.185841509584193 0.291979963474355 -0.105431211910599 -0.223288978827219
0.141579877909694 0.392261720462212 -0.0769932516218324 -0.215251620226823
-0.0276571732964348 0.445991404223575 -0.0223436201637442 -0.151869657509289
-0.210570205604686 0.454846845511071 -0.0305658215994099 -0.00656741581832319
-0.462432214223724 0.236090320728367 -0.165541464772458 0.0437273621092031
-0.52003079689982 -0.105570571102148 -0.239453354436816 -0.076744202571395
-0.436763446679682 -0.233602691390098 -0.202635376108293 -0.248830673455153
-0.391219327505523 -0.284342874248323 -0.24687542763239 -0.0109951894539398
-0.485301424515733 -0.252872199175967 -0.124830338463515 -0.0208013991877866
-0.497403322864622 0.0277031327344601 -0.101580806236862 -0.0557208227257465
-0.400375879711607 0.306766510967549 -0.0504084221841081 0.00904385425123539
-0.205737038772262 0.438661423383388 0.0104026287617409 -0.0442461910246293
0.000131971445520924 0.463721741186597 0.00720047028320131 -0.0847838797812576
0.160715687503011 0.40365016778238 -0.0084517416381389 -0.107100735146748
0.192205922897646 0.38080466041083 -0.0177511670744548 -0.111023537124427
0.208668659880804 0.356100659500812 -0.0242500215835622 -0.0926636984767351
0.162541106739701 0.459765592111286 -0.0209412410064939 -0.0957740725770323
-0.0236893381970187 0.519918926002012 -0.00261045390196892 -0.0594405436779424
-0.216107202648731 0.530096093716517 -0.009932450439615 0.0340919733322895
-0.497227268467453 0.309449395106186 -0.118206351727898 0.0736783777108582
-0.597291541137969 -0.056884727109718 -0.141217963494691 -0.0359077932050153
-0.538657280338777 -0.221105549442429 -0.0377212423017672 -0.147543651527092
-0.43121286676329 -0.273261064449253 -0.0900425769387057 0.124273279058614
-0.538176106749121 -0.22337571854646 0.0074997929363838 0.0434014465556242
-0.533599696469043 0.060300456734871 -0.0570023380586046 -0.0399046148620251
-0.41771081693116 0.335512901434176 -0.0760312557255147 0.026115061066189
-0.219064831182698 0.466587392512714 -0.0361485477248487 0.051823081500892
-0.00163175971953556 0.488384382703694 0.0105069710384302 0.0672250524212503
0.159296375576276 0.426886392452094 0.0499399451585673 0.055201008931522
0.186109105625314 0.39803467933401 0.0667186247567963 0.0348690225361251
0.194030607181869 0.371182424862933 0.0616270966833606 0.0451975810783733
0.146153772433695 0.460168223053861 0.0444719240220531 0.0302143291684498
-0.0330845126829644 0.509071749591008 0.0250083807115057 0.0388637395296928
-0.20789525689828 0.497090406830323 0.0126649438957169 0.0688964871782365
-0.454277872944628 0.304841033661094 -0.0611348713093601 0.083171943668122
-0.568088994857704 -0.0227880545041364 -0.0274103797603978 -0.0129181810779582
-0.546372837449734 -0.180491377593272 0.140182854684227 -0.0536444762267878
-0.406583183994851 -0.21332005293087 0.0807237547477874 0.257656864959577
-0.491333259449338 -0.143653587942851 0.14875876342657 0.113098014124164
-0.455699704126411 0.0966320716564741 0.00335758352334251 -0.00554611506438393
-0.337755901700714 0.300239922289638 -0.0820258555115913 0.0512523792669693
-0.182262557646005 0.405127240891929 -0.0681506238830903 0.148718213952879
0.00400863539584549 0.425637937221785 0.0202069434204116 0.214171052470327
0.138378412852777 0.377886341201049 0.105426473955679 0.21055173379738
0.152467116708005 0.35572922072268 0.140474510627407 0.174056033878131
0.148571250032645 0.334323285903671 0.133092259184209 0.173754799825954
0.0959477263561355 0.395411052094286 0.0960553729181968 0.147766401776642
-0.0585336330719351 0.412843976448953 0.039606336284477 0.127847164376285
-0.187929017541129 0.367335161844892 0.019488859074375 0.0928604511686968
-0.34521722478035 0.225114372115528 -0.0154879102947647 0.0766709275648352
-0.445681110788403 -0.00670560867976018 0.0710070835338775 -0.00156786958119178
-0.467311622382444 -0.120693323038984 0.29779761507848 0.0283976627323883
-0.310213344927072 -0.110157475730627 0.240082298214129 0.358927145215398
-0.339586156692988 -0.0391956225397024 0.271320823734138 0.162602060863497
-0.275646418179914 0.106311188134638 0.0693317769053013 0.0300912057610553
-0.190082909014361 0.191116038365589 -0.0624700483778324 0.0686425587939114
-0.112882530698734 0.261393444599217 -0.0743435614016983 0.216410408780062
0.00780268159242662 0.28450016349178 0.0397687179760527 0.321682473017282
0.0934975522445385 0.267682942561875 0.153127827088438 0.32880373536498
0.0956554621777124 0.259174665744718 0.194193749148377 0.287531013442357
0.0831720614018869 0.250987694816992 0.176806900049282 0.278062335030629
0.0333379916973084 0.277710707821371 0.115569742575236 0.242622007093553
-0.07385170598009 0.260014383361053 0.029222068830349 0.195404673749662
-0.141024286494854 0.190576517086506 0.00571614769928381 0.102456000073067
-0.192264459131205 0.119944645548755 0.0119019776826736 0.0600812123497232
-0.27057555846475 0.0120928589673004 0.138571919825716 0.00795669271143417
-0.328199518863842 -0.0468812636367024 0.410471153078814 0.0936517533092512
-0.151491215103291 0.00419742345582057 0.356016143765706 0.408932025925404
-0.116588434188103 0.0490592671076718 0.356235305966685 0.17759236193767
-0.0500209014602521 0.0688895792340187 0.133019144192623 0.0436955316781763
-0.0333653501945955 0.0338324298325328 -0.0279667095007333 0.0605151432010633
-0.0454055501704313 0.0739611890945482 -0.0617131984226101 0.240304107107248
-0.00331831827191902 0.102359690210089 0.0587966907030312 0.370181618921139
0.0258650109146024 0.117694380986223 0.181098745743457 0.392188114833905
0.0237083963200793 0.124324822216111 0.218312858032511 0.356248036374021
0.0125389898924599 0.128516200059493 0.188719729732166 0.345245354228982
-0.0152875374081612 0.123465140012412 0.105503115003637 0.306734639111966
-0.0570656376331832 0.0865155736529878 -0.00124107495474962 0.233968344871471
-0.0552178963855956 0.0228593127746459 -0.0173128443728755 0.0950631143494729
-0.0227277337953994 0.0431679063296619 0.0316082861946364 0.038825989714398
-0.0838503573363707 0.0561032005197605 0.176522048144145 0.0230648276988958
-0.159642774427653 0.040436670479237 0.465354342026439 0.140383647425706
-0.0318805328241374 -0.0933963556814783 -0.469416652325435 -0.15746437062812
-0.0903256655861788 -0.110578992808795 -0.281742225555145 -0.00600561553499147
-0.126457570618779 0.00632455322759945 -0.0737964062849475 -0.0172949445482533
-0.0599154978797641 0.0983300725229787 0.0360317908376919 -0.0331562339726792
0.00476269640102762 0.0764742894243605 0.0537270832730862 -0.201042315601138
0.0234621454613041 0.0554357988693497 -0.0604038092937197 -0.316608510300408
0.0435720311669836 0.0263787640118544 -0.170124424728362 -0.361811632576343
0.0511740496476784 0.0264020369245139 -0.218536130269333 -0.359854417281305
0.0631517749269176 0.0318303397786487 -0.199828720432118 -0.367537883298011
0.0552633630997805 0.0826018591370025 -0.118568466753362 -0.347966865965362
0.00414325778748383 0.11705927484978 -0.00910067375769139 -0.257979676716302
-0.0737261111453215 0.134806191929299 -0.0214447244145378 -0.0818291308388258
-0.16601204026835 0.0171834562794872 -0.151994293752485 -0.0410017611996946
-0.115443304476963 -0.119809322482661 -0.295950093089525 -0.161625293591742
-0.0449025882276074 -0.119124091520316 -0.375272754348862 -0.383055807786296
-0.174824417817107 -0.165338395576698 -0.440954725164107 -0.15364396728154
-0.235313168731554 -0.164440698263648 -0.270402741554107 -0.0390469984422006
-0.256000266819774 0.0166410305754766 -0.104620296184818 -0.0284690909441445
-0.175677823946619 0.183073523932844 0.0173560482118733 -0.00924154837064711
-0.0591614554975391 0.217251006525675 0.062411196553178 -0.169070664110494
0.0310076089857257 0.213072726777538 -0.0286167303026885 -0.282610001095281
0.106378073196827 0.173155339984083 -0.128497155868998 -0.325358155959202
0.122822544787763 0.172007438972652 -0.176698741520467 -0.319763914012572
0.135008393135345 0.171216568760661 -0.17126730475702 -0.312371151100143
0.105022740121955 0.250872604214189 -0.115602850074788 -0.297559498963641
-0.0146410793493515 0.295907197971637 -0.0280013621158952 -0.217402063587337
-0.152834946131318 0.306526238414567 -0.0352021554888948 -0.0459500875470585
-0.336175911792949 0.129172416924238 -0.172034857784057 0.00416546364687377
-0.342345946867258 -0.125647130896246 -0.290768506044235 -0.116625472738985
-0.258147534422553 -0.189655414847848 -0.321896576737371 -0.32030516994123
-0.296785338836535 -0.227883330212407 -0.363427185686117 -0.0992533954681072
-0.370137375307943 -0.21308073480745 -0.219366990070391 -0.0457395782479331
-0.378789783861791 0.0199877995360141 -0.119335894790015 -0.0454280178499032
-0.291863494966698 0.252202403100079 -0.0158774608743244 0.0028336712154992
-0.131038966836881 0.341398760702126 0.0431060159204429 -0.117174787797024
0.0265631801797398 0.351757939618918 -0.00833109996359823 -0.202032784419251
0.149994319448125 0.299692218850739 -0.0738589151608357 -0.235472859203931
0.176426039150226 0.290024604123819 -0.10680959507786 -0.228861241178221
0.190507296570563 0.277084135356186 -0.1088574902989 -0.213121704369127
0.152612629631847 0.374304673934377 -0.0843830000110371 -0.206522056217342
-0.00844981339351668 0.435047050454646 -0.0268675795969872 -0.146451575200701
-0.185611409152099 0.450104822408124 -0.0292159190949153 -0.00484090998580179
-0.44025233688899 0.246477448262483 -0.154779554581916 0.0488648831498012
-0.510419207168687 -0.0854133223375239 -0.234965857394979 -0.0642156686809261
-0.431306150451797 -0.212954690071081 -0.203904026283218 -0.236016019044318
-0.383964703528392 -0.262494205779609 -0.241331906464609 -0.000144997319303384
-0.480396881003015 -0.229062159462872 -0.123650848396803 -0.0160574233710666
-0.479961271213236 0.0398027114334563 -0.10318434664912 -0.0522685748726802
-0.37562406581984 0.312964087960854 -0.0502028012053452 0.0110454901166657
-0.181566958778244 0.433190862688655 0.00352250627158959 -0.0422931063213476
0.0200697973866379 0.447170270261616 0.00160776907472313 -0.0798509893511797
0.171704828689539 0.382945634714077 -0.0121804657445948 -0.103129061163774
0.203021958682062 0.361167529422897 -0.0224269109045227 -0.106611516952036
0.215447526483252 0.339116348798096 -0.0249337268338166 -0.089761086247031
0.175897694271905 0.440967193481701 -0.025138942707373 -0.0927939498261405
-0.00161564240665395 0.508567553817213 -0.00466446892018201 -0.0573045768398345
-0.189541195032283 0.521411199204364 -0.00755013689604211 0.0337057324751347
-0.470467698385852 0.318767424828567 -0.107156313810916 0.076912089972564
-0.585289238308338 -0.0352114563358686 -0.137586435410992 -0.0272864271020453
-0.52789524750394 -0.196984541021111 -0.0420090996750292 -0.144591720389286
-0.422364118243135 -0.252797774753811 -0.0851880041656503 0.125520243776672
-0.530472208056153 -0.198756035939782 0.00702480357389763 0.0419181769175501
-0.511853877408742 0.0750766708238976 -0.0588661478366668 -0.0382978397786036
-0.391168974048731 0.339836684883723 -0.0747300211985807 0.0275124327961847
-0.194464804753281 0.461002743836695 -0.0392289907365417 0.0520538635736523
0.0167537530742541 0.472752341124665 0.0104267350847605 0.0667802947556527
0.1717766042408 0.406157703021978 0.0510816251514786 0.051352802538102
0.197576272963234 0.378468933818777 0.0639286987310957 0.0312313043217772
0.203711576247819 0.354713816858515 0.0630509407215854 0.0408478891656637
0.159901980409131 0.441068102282194 0.0440079141988268 0.0277373678711214
-0.0105768030009692 0.496333980789783 0.0263188925755725 0.0374256554294453
-0.180363766632143 0.488757764820786 0.0145496583560827 0.0666728191705636
-0.428344938194035 0.312452130682377 -0.0516165287985155 0.0841292403926857
-0.553022517098181 -0.00308550740064368 -0.0260175180251062 -0.00850917368291686
-0.532947675764439 -0.15630408103836 0.133346647988351 -0.0601203691445949
-0.396842319632494 -0.193329171583656 0.0843556622719063 0.250256616372449
-0.483050912013481 -0.12292384591831 0.147304226566681 0.10452751894712
-0.435644371309448 0.10808449911651 0.00108181933207008 -0.00673808886322249
-0.315479054495871 0.301777175139616 -0.079587585835203 0.0526764766025983
-0.15991279168744 0.40050045039487 -0.0664716437019936 0.147163825346362
0.021438417767534 0.411104945093009 0.0262979096263219 0.208832288371967
0.149931856283219 0.360001786931635 0.111039070328579 0.198761239191149
0.163504779520398 0.338576182156126 0.140603132594023 0.163858749452615
0.158743881249759 0.320786682613389 0.137019190670974 0.162829891000301
0.107645950662564 0.380136191856832 0.0992469739378758 0.138866158201395
-0.0388285187653918 0.404073460327744 0.0448207674537177 0.123078354669433
-0.1665890673373 0.362333273212798 0.022267053282185 0.0899965138781928
-0.326024900435016 0.230343409506527 -0.00861848452051468 0.0769087254672175
-0.43275654137915 0.00885491628494709 0.0700141278138637 -0.00159491839761508
-0.455400227655272 -0.101350682019467 0.288302034700034 0.0131084215072298
-0.301740927773633 -0.0953734612663356 0.242294806344263 0.343056255933319
-0.329645294137609 -0.0260080324133561 0.267515569629948 0.148640431154358
-0.259979113737917 0.111162078536376 0.0676832512330065 0.0262005061890161
-0.177799386867937 0.191372951122628 -0.0602027968463855 0.0687133145153452
-0.0996485470117917 0.25794928818992 -0.0689383368455917 0.213947781540535
0.0192264417575371 0.273837743867954 0.0503143516913006 0.31213787874194
0.101190835074339 0.254067540089726 0.161291956489398 0.311047095803337
0.105012878176122 0.247517557970252 0.197218404008973 0.271185123169438
0.0922135290093157 0.241529641565991 0.183367576378836 0.260851001944139
0.0426536722644277 0.26842669810456 0.123513234875526 0.230070887553546
-0.0606044547442389 0.254744867077099 0.0377604682632092 0.188269252504525
-0.128464919511451 0.187061598425599 0.00923909959271546 0.0996393740246218
-0.179725974154433 0.12158835490287 0.0156190485086686 0.0600607381086006
-0.260320847402805 0.0223472016164952 0.135324267593443 0.00516923937331726
-0.316249725279754 -0.0334623061696497 0.399511426535321 0.0715502207962882
-0.145300455491605 0.0106016929793878 0.357136851714381 0.387479466266812
-0.109233084769283 0.0514018711626612 0.351082954818716 0.159133072843709
-0.0438567611135786 0.067650115214919 0.130694450041417 0.0375797352718125
-0.0322592803888919 0.0318967232061039 -0.0265106193446031 0.0596530029739809
-0.0412006867729655 0.0731790645030449 -0.0543925466090606 0.236085953138598
0.000794902114546955 0.0979237883322671 0.0716130252054268 0.357571952664686
0.0297007645413858 0.111963150531543 0.189729223998237 0.371566801125908
0.0292011472398903 0.119619837955365 0.22330351350881 0.336617656171046
0.0195828664830569 0.124962214875334 0.196151880816557 0.325940068097686
-0.009806055174356 0.120852657046895 0.116247546775114 0.292537653363089
-0.0517295441058232 0.0846036581109044 0.0106080131773913 0.226393192665697
-0.052653302809032 0.0216972131030575 -0.0131009350038524 0.0926747156691396
-0.01706324041007 0.0409327332176454 0.0315030534555793 0.038763634010636
-0.0773954981253086 0.0586150351605102 0.17267130829077 0.0177386968063339
-0.151174102275683 0.0458918059150351 0.453886590524231 0.113480146484073
-0.0328736309601684 -0.0917114542464607 -0.462585845873499 -0.142981185931996
-0.0941215040237849 -0.106296165093777 -0.275216480241533 0.000213709463526682
-0.124504324064646 0.0106999308096044 -0.0747145947165816 -0.0169171069114168
-0.0544692342875632 0.0996488726532646 0.0329777392986561 -0.0326395884902307
0.0074695551510986 0.0751296891680219 0.0462109985692361 -0.196815186479691
0.0254085883678025 0.054505669834261 -0.0672815396613575 -0.305639750354549
0.0432819000492854 0.0245718733415912 -0.175690977792529 -0.346805471110916
0.0495753985883526 0.0239422807740965 -0.220869984288016 -0.345406240093413
0.0603689477281257 0.0285814340569172 -0.203361322323431 -0.35460797601311
0.0567372477115441 0.0787331110124554 -0.125710507146969 -0.337730351589613
0.0078750532801793 0.11593230291585 -0.0155257673973886 -0.252997354416705
-0.0684687462643724 0.135426344484947 -0.0210033195038284 -0.0793180611400111
-0.163924269758743 0.0219666692704594 -0.146473260191416 -0.0379614938516198
-0.117425319225575 -0.116378018746704 -0.292219873526446 -0.14972119845361
-0.0475948242471643 -0.116723007772758 -0.373064414135828 -0.365241902582548
-0.171456626249889 -0.159450789461267 -0.433440971797353 -0.139214923477868
-0.235771560933899 -0.155741343822331 -0.265094542983991 -0.0310453670425977
-0.249115068399224 0.0212904836310593 -0.105802335077989 -0.0270368248388707
-0.165138970672641 0.18421135392763 0.0151142066902597 -0.00846467241269186
-0.0506840184715547 0.213986932588968 0.0539632696604951 -0.165147082457371
0.0372473993018108 0.206741752567563 -0.0362482230833818 -0.272896873220562
0.108541764452831 0.165107889820916 -0.1336422650008 -0.312255999527016
0.123983123579746 0.163701889905402 -0.17990801670837 -0.306812422240481
0.134939638453212 0.163500605939077 -0.173907220229331 -0.301994142010067
0.109625263388564 0.241396293477672 -0.122738234849143 -0.28717716283876
-0.00528807723811792 0.291751373021527 -0.0320529397296795 -0.2119473356279
-0.140846476942537 0.304675141241262 -0.0339919912215191 -0.0437818556949233
-0.326668603463223 0.134834897852341 -0.164559826632737 0.00717834001563565
-0.340825446486866 -0.116686999022399 -0.28639491326819 -0.105818175805408
-0.256444967016395 -0.181570366341924 -0.320300975492813 -0.308061837548679
-0.290829890299396 -0.217798715207593 -0.357830266900436 -0.0870918761769811
-0.366885911795573 -0.201434152492578 -0.216422739314781 -0.0398111682213918
-0.368576466923998 0.0252032158904848 -0.120875729125176 -0.0436310324888867
-0.277736288625857 0.253619522412196 -0.0170510294227315 0.00322277321336867
-0.118039180043398 0.33728930596905 0.0355354664913172 -0.114334028774781
0.036028418873003 0.342283988147645 -0.0148779452300032 -0.1945118867239
0.154426507338317 0.287586785345456 -0.0789787168395439 -0.227033751871571
0.180196866723242 0.277530753603931 -0.109965272520606 -0.220944339703031
0.192461245943081 0.26596482329178 -0.110236277242088 -0.206754917848473
0.158260401512483 0.361333024420273 -0.0894235147300626 -0.199443650862301
0.00435551869206772 0.427474114278326 -0.0300357769289722 -0.143058478616543
-0.170451981658137 0.444350801162298 -0.0268446199881019 -0.00362233208389676
-0.425242673155985 0.252183137894126 -0.14555116743394 0.0510212956618185
-0.503574648851281 -0.0740862309503924 -0.22978239782552 -0.0555602519759928
-0.424486948401737 -0.199550410313924 -0.203303819957003 -0.226954085077582
-0.375187479469957 -0.250037057757736 -0.237043873875875 0.00783997634881629
-0.475378910897415 -0.214445324239725 -0.122685131163599 -0.012794189820277
-0.466151399351426 0.0459284762906403 -0.105298591234409 -0.0504015237028745
-0.35928480972867 0.313967504907031 -0.0504776506601629 0.0124184340932875
-0.166024077399345 0.429391013007743 -0.00309940121549398 -0.0401240315647274
0.0319191209035593 0.435426426892185 -0.00211180407847349 -0.0757021386803946
0.177559791958123 0.369058352168805 -0.0143306594497963 -0.100189723874763
0.207770085272063 0.346557225311691 -0.0259576636942622 -0.103649027875944
0.219440829612216 0.32548981363351 -0.025304656982889 -0.0882886785833905
0.184041531155126 0.425380198190491 -0.0281922744707828 -0.0893795702274427
0.012357545716471 0.498066461823361 -0.00547834554990661 -0.0559773232278511
-0.172347494178493 0.512884961310117 -0.00565678386228356 0.0337986255347574
-0.454547191247905 0.323053603589383 -0.0979461941599163 0.0769334883440155
-0.575536351735817 -0.0233770388673066 -0.134002175756093 -0.0203876705493958
-0.51690570756011 -0.182120451589255 -0.0441887789550777 -0.142933783978926
-0.413578546196136 -0.23901686826616 -0.0830036109342098 0.127466669106902
-0.523154365372275 -0.183500201730854 0.00677413889062702 0.0411826071122256
-0.496707356832888 0.0801071190621703 -0.0612040895314989 -0.0377590319988907
-0.374533954411231 0.340903692717548 -0.0740297835390724 0.0288785352546809
-0.177045718788311 0.456268803521915 -0.0434418029243319 0.0533621972218844
0.0297287755063842 0.460051629015902 0.0103723103089191 0.0679213600035984
0.178989062523039 0.39056938230327 0.0517015211402702 0.0483728800666009
0.204595670244736 0.363017622079099 0.0609811206580634 0.0295922691084624
0.209397810383638 0.340599971966731 0.0639775666877711 0.0371305914578963
0.167861766351309 0.427226792149685 0.0429595025631996 0.0257957344025975
0.00320982418703322 0.486989522128089 0.0274017662593361 0.0363441767380266
-0.164065510504095 0.481944885910952 0.0164664682352315 0.0654512282319233
-0.411526747957464 0.314101853795668 -0.0443759045689617 0.0844395841500768
-0.542186391076004 0.00795333948812943 -0.0247668004751483 -0.00432817933858146
-0.520760234178944 -0.142157667067152 0.12722344594739 -0.0650846176659411
-0.387283933674171 -0.180545056080245 0.0852464433467259 0.245150480272577
-0.47282985838079 -0.111366719066022 0.144967191630286 0.100267316638809
-0.420398316332541 0.110933587270442 -0.000882265252438655 -0.00781894831186451
-0.301908479186699 0.30200042005559 -0.0786104972613428 0.0534025392436015
-0.146118039357196 0.39621085507319 -0.0671389015862087 0.147246924215344
0.0329588140006654 0.398815599269009 0.0296947482805383 0.205156169164775
0.155440889183247 0.345326351358684 0.113952632801306 0.190927249973941
0.170323085685904 0.325090545495026 0.139176212001067 0.157130534256795
0.164701355636938 0.309433141437199 0.139233870686689 0.154495537349851
0.115873213307237 0.369192529966295 0.100771759653413 0.133132885669514
-0.0256288965174933 0.396535480315769 0.0476692300075562 0.119318423997368
-0.15287773008072 0.355847259875011 0.0242876995721802 0.0875236801495221
-0.310901932908569 0.231378171583088 -0.00332676683054503 0.077067575695527
-0.424060139771736 0.0182240115895675 0.0694529525034247 -0.000289527923389077
-0.442112637445651 -0.0892862306385758 0.27943805163038 0.00261411757665747
-0.29306740722595 -0.0867798250167931 0.241189052788372 0.332336579539582
-0.322557477508393 -0.0187311311980277 0.264003849626418 0.140128139698873
-0.2487365323954 0.111602488651785 0.0657418588167372 0.023031759345272
-0.168820015151491 0.189649150610076 -0.058763640716814 0.0685385618274092
-0.0898932269002301 0.254107164073486 -0.0671474339342578 0.211782287312585
0.0258600023732736 0.266042340127459 0.0559206384056631 0.305587057644735
0.105415752961249 0.24458757832639 0.165245022090776 0.299500968845356
0.110342491896565 0.238111062239065 0.197206893739481 0.260007792143248
0.0986550065550258 0.234208077094636 0.18651370837758 0.250039248621691
0.0491650845714431 0.261397672725486 0.127754312377451 0.220692374543356
-0.0520042982309537 0.249717906359522 0.0437640050904904 0.182905998021434
-0.120252449925163 0.18303423124602 0.0117757066597803 0.0968648680853001
-0.170549443823041 0.12172712273381 0.0185862480515953 0.0599929544154869
-0.253018265122044 0.0278876836344278 0.13296094772977 0.00403803044922053
-0.306402176222437 -0.0250976518280803 0.388593400512287 0.056344335734725
-0.140189831917305 0.0145975162850167 0.35248718085021 0.372174992894035
-0.103889329413779 0.0523809294327091 0.346401233378347 0.148259304752102
-0.0383683826206234 0.0651314597902196 0.128346451383756 0.0332669469079041
-0.031719594581745 0.0304936821480145 -0.0264805693826678 0.058593574661257
-0.0388603812350764 0.072251493400013 -0.0510093850053649 0.233462727009894
0.00294134331809209 0.0945973502091279 0.0783393392376871 0.348483690798133
0.0318098485617657 0.108139200162817 0.194700795082132 0.358571261931413
0.0330992968117502 0.115819087835585 0.224403289761762 0.323569105583089
0.0240796932702835 0.122088377976653 0.199859392244292 0.313022727987796
-0.0065575391955444 0.118228302978762 0.122508568853073 0.281007843883258
-0.0489880889244842 0.0822874628040384 0.0181149859649789 0.220764753242821
-0.0514009658210163 0.0196209832280504 -0.0100565704633388 0.0910080842345758
-0.0125666600852949 0.0382118942956453 0.0322746307445519 0.039390350100898
-0.0724242186461994 0.0601250797765319 0.168787721568777 0.014209029597098
-0.144071988566448 0.0485355021210463 0.443034475650698 0.0967610033144832
-0.03374804566727 -0.0906141782095827 -0.457925411064994 -0.12888526910975
-0.0970684588831301 -0.102122115067095 -0.271512322893981 0.00591500325518612
-0.123397469330929 0.0144939907594403 -0.0774877463754659 -0.0161317307717983
-0.0496120290825219 0.100772022323363 0.0309187198823366 -0.0318194433066578
0.0103503690380276 0.0745642710814371 0.0409624656404853 -0.194659484096719
0.0271387970227143 0.053831312866739 -0.0753319911049423 -0.298542481320592
0.0431931586202648 0.0231089668501376 -0.18197901115262 -0.335635618890932
0.0481034588691736 0.0220584724107527 -0.224575916641102 -0.336859781842192
0.0588655342675178 0.0267923542759147 -0.207914052681171 -0.346473852944778
0.0583820092890118 0.0753781246082964 -0.132415281214697 -0.329828726796721
0.0115831948091662 0.115820408866334 -0.0207471870924078 -0.25040408611002
-0.0634010129954684 0.137240641550973 -0.0204040447609027 -0.0779609279771578
-0.163511560949576 0.0266195413079629 -0.142766077719276 -0.0348030557864468
-0.120277030472419 -0.1133363246476 -0.291103221706194 -0.141364506540588
-0.0502001522974851 -0.114597699047195 -0.372823051525304 -0.35151379326728
-0.169805843305428 -0.155689771488053 -0.430751625860689 -0.125948813784352
-0.238091713816835 -0.150003723966995 -0.26298018312611 -0.0250386945566507
-0.245438373578856 0.0256533999594402 -0.108392608443909 -0.0257101433125512
-0.156519245302678 0.186991196866709 0.0132516415402717 -0.00792224250283287
-0.0435430433885838 0.212419306114887 0.0476039217277992 -0.163217167691394
0.0431080500272428 0.20358890431508 -0.0433609157809937 -0.265820055256711
0.11107992765851 0.159624362923942 -0.139909470305979 -0.303642957382405
0.126221830312009 0.158499832774125 -0.183977645446166 -0.298704806702459
0.135931373919848 0.157757734950022 -0.17714896529679 -0.294169778115844
0.114236394769015 0.234901526748052 -0.128976163854736 -0.280512500349445
0.00303230187048433 0.289275685487261 -0.0363446823414495 -0.209557711849639
-0.130995166944723 0.305073692087007 -0.0332391402240298 -0.0420220246038203
-0.321653565820009 0.141890574058482 -0.159578398861582 0.00921325034511688
-0.34151975236511 -0.109812267487895 -0.284929847296747 -0.0967913078718169
-0.256489966927508 -0.174120991520377 -0.320797092151914 -0.296460411874524
-0.286458855926527 -0.211568104519353 -0.355268862243936 -0.0767470322733683
-0.368591486434458 -0.192168079325344 -0.215605154751146 -0.0341798047226691
-0.362419335025364 0.0301848454710253 -0.123844386645533 -0.0421560961471197
-0.265506264714307 0.256169935352757 -0.018655559913668 0.00415439912193166
-0.106189071580555 0.335273933698845 0.027760765527795 -0.111960940085728
0.0452047029772504 0.336821593491347 -0.0210612509161505 -0.189510146867322
0.159302478029585 0.27875099883074 -0.0824213755648912 -0.221419135637801
0.184285812098356 0.268434112815767 -0.113826992033514 -0.215142134550175
0.196149526157175 0.258193480936483 -0.112662644572917 -0.202877309241585
0.165620493868946 0.353220334984045 -0.0941006798352848 -0.194099995797029
0.0153583705688037 0.42388971682819 -0.0329105806102149 -0.14063502518228
-0.15609377283118 0.442463698595181 -0.0256162431738492 -0.00296812140660439
-0.416322518961816 0.258196263589854 -0.139009812284003 0.0520575152831662
-0.501648457167604 -0.0643772204383057 -0.227345035550149 -0.0479399847702917
-0.421841985333111 -0.190518398668697 -0.20524670856182 -0.22146639618614
-0.370526069599137 -0.241411358421362 -0.235171067454259 0.0147993906468328
-0.473609545183858 -0.204542699269066 -0.12293823208373 -0.00940177652493988
-0.456682226490675 0.050851011417248 -0.108904188579607 -0.0491932360394982
-0.346080473683602 0.317146494507367 -0.0518099931676035 0.0136795588042541
-0.15196156348598 0.427929639952147 -0.00943774549072798 -0.037846970590963
0.0418272246049397 0.426565989045661 -0.00523576400739242 -0.0723185891353318
0.183211659473168 0.357159189000274 -0.0160737140213234 -0.0981207754757415
0.213166862809613 0.336075162452361 -0.0291457889353992 -0.100681921414214
0.22376343748175 0.31802218829356 -0.0260267488417628 -0.0880174558574451
0.19192532442765 0.415965626359858 -0.0306856331630176 -0.0871913304060011
0.0255550302047914 0.495114402955409 -0.00680523514440739 -0.0552451222073965
-0.156066708776607 0.509409035826758 -0.00399641022337721 0.0338208604313557
-0.441041109287362 0.328167752132412 -0.0914245560183209 0.0784743407026802
-0.570528765945956 -0.0134872069297064 -0.130988957615144 -0.0143295581832852
-0.511552961310718 -0.171172918182112 -0.0480750600952445 -0.143120130210238
-0.406927026068326 -0.231487848176019 -0.0820611325391644 0.13037784159363
-0.519780872158343 -0.173030564116398 0.00605512893806295 0.0413739942069015
-0.487582942755597 0.0849651042297918 -0.0641732550002532 -0.0383830856058625
-0.360608515455703 0.34194214709117 -0.0752176804268915 0.0302817826154352
-0.16428785825593 0.454642107742101 -0.0476269785427746 0.0564222839235055
0.0418606392885362 0.449918922161142 0.0107125438523206 0.0693871825418622
0.185271324911721 0.378667728405899 0.052094848737181 0.0460912449751314
0.211708540549823 0.353067952089928 0.0589960488043934 0.028963662552613
0.214756938669393 0.332270042744494 0.0648764423188469 0.0340853157812744
0.176967104304835 0.416751145878784 0.0422406422034027 0.0245747445749134
0.0166998039193503 0.482635375729371 0.0282899319173135 0.0355211913441274
-0.150297342185054 0.477676955718837 0.0184059509727209 0.0649653479168276
-0.39821693941859 0.319826671085405 -0.0381084445570254 0.0842436838662799
-0.536537202102055 0.0190570032844847 -0.0232846604811734 -0.000893870200795863
-0.513152780535234 -0.131170496002939 0.121889058410416 -0.06973582116881
-0.381698745875289 -0.17239773094545 0.0862306459666926 0.243985835115901
-0.468289865422102 -0.101857570717966 0.143911141871062 0.0961766104479441
-0.410984865605463 0.113923284435469 -0.00303260510865022 -0.00935288518626191
-0.290973772815903 0.301640090610614 -0.0784027761547665 0.0541250712398586
-0.134135100469779 0.394059075175642 -0.0688400831915035 0.149159384205849
0.0400339946701641 0.390738426974981 0.0336312111522072 0.204000610873338
0.161759278540107 0.335653857863837 0.117417519576503 0.183916274326736
0.177007355702155 0.316427481095828 0.138845117945101 0.153052277127713
0.17114127494299 0.300493849985699 0.141771630315315 0.148346868171238
0.124422692270379 0.362258615889029 0.102578244717093 0.128163010192239
-0.0144316450375438 0.392313513758324 0.0511096014830744 0.11675330690185
-0.14269116849253 0.352191270329067 0.0257339203963864 0.0867169655184155
-0.300499344373724 0.234353515620128 0.00182973551527286 0.0768592406025243
-0.417231975513392 0.025152221833664 0.0692101525543972 0.00118291990388065
-0.433498455685783 -0.0810626774054074 0.272656986585677 -0.00678342338574572
-0.288535161785639 -0.0795041885477231 0.238925977596813 0.327149729182673
-0.317842715382476 -0.0128571005436997 0.262248568716332 0.132737244848573
-0.241321485275916 0.112495348549596 0.0641822627368327 0.020533443625903
-0.163108302812952 0.189757705390069 -0.0583132732149897 0.068761752719079
-0.0825004189321165 0.252802824790182 -0.0661850428082317 0.213195639743494
0.0305342012535537 0.26005118040489 0.0617333345239125 0.300684412184665
0.109383307327565 0.236635602355936 0.170688357814345 0.28978136684269
0.1160194764264 0.231646717507359 0.198585936423022 0.253671734575062
0.104581293336207 0.228565391124573 0.19028778471542 0.240948836893955
0.0548833831056188 0.257914747340326 0.131866244129378 0.213810758043272
-0.0449104031596756 0.247337219444632 0.0488824972748975 0.179208707538253
-0.114807288623964 0.181008434178805 0.0137049461467298 0.0962677628705559
-0.162590213008387 0.121702873105225 0.0214612297335332 0.0616402756016738
-0.247711393131541 0.0321374136288895 0.131696651676558 0.00340377330912396
-0.299970642437818 -0.0194888015845998 0.380579984548377 0.0449707242687838
-0.136419014300286 0.0176194940686274 0.352002713051229 0.362271425847468
-0.100945060110052 0.0530971657578292 0.343622471546266 0.139686306033169
-0.0346781202550643 0.0624903202987635 0.127320397368804 0.0296431759729829
-0.0316735209379645 0.0291265498225198 -0.0267371759639821 0.058107634616138
-0.036864952991321 0.0716779211680846 -0.0479994521044396 0.23317965820742
0.00451723168139012 0.0921446026134779 0.0859832869229775 0.342673369016352
0.0337217071852823 0.104913576107378 0.201001517023466 0.346998278680391
0.0365956391261851 0.112995308366488 0.227759036456627 0.31572480683307
0.0284036594251257 0.119970768645279 0.203629352510164 0.302741601927472
-0.00370476783872596 0.117724675797054 0.128811058950838 0.272192847666678
-0.0470182091201513 0.0807884089906638 0.0253072151387811 0.216636316901747
-0.0511003417683438 0.0178668131258601 -0.00836201668465498 0.0899552701615542
-0.00865130827915992 0.0355193720199539 0.0337010934518796 0.0405861360409577
-0.0677193809804614 0.0615632338239864 0.166972858481158 0.0122247563909993
-0.139015812125735 0.0509458573925606 0.435285733184601 0.0826153044304372
-0.00843444469100181 -0.097195012101688 -0.423655374141643 -0.208511153886837
-0.0742714477868072 -0.117057113259346 -0.261019902273504 -0.0455082735399193
-0.120102876848289 -0.00736580471222602 -0.0743050664693834 -0.0348622253711557
-0.0627355943145388 0.0886488259716262 0.0319894002725047 -0.026229571570313
-0.00183980049820792 0.0765303200305499 0.0720039530431179 -0.182928787927225
0.0180389142086177 0.05994252280235 -0.0210029339755655 -0.303728093256331
0.0359691140092892 0.0315256572138563 -0.113243623338982 -0.362766302268093
0.0420897887861916 0.0309637496942351 -0.151844213825918 -0.368007969164768
0.0507406328086933 0.0384333172599438 -0.135079749710872 -0.37679717844599
0.0412251936900209 0.0838657596775116 -0.0633483093402503 -0.341983462805757
-0.0109614206343668 0.115472601166244 0.028901896231681 -0.243478009201079
-0.0890979288209551 0.119820124193627 -0.00350466611662752 -0.0748633062643613
-0.16793494019851 -0.00815310091553321 -0.13647607515185 -0.0621423179084265
-0.0974262054104958 -0.134888719289917 -0.259970620147551 -0.200395837395487
-0.0252173473320769 -0.121246141242653 -0.29622746970461 -0.431779471572045
-0.124051696343323 -0.185140752602129 -0.39945686824222 -0.202043403338735
-0.198942692319163 -0.186632402199144 -0.244834640576671 -0.078551689242786
-0.238289275555201 -0.0213710211751203 -0.103227425914831 -0.0543947532947743
-0.178924198570616 0.148505643632796 0.00834680112109207 -0.00767660044747262
-0.0784742221925757 0.198375269144063 0.0728675681700079 -0.152983501945605
0.00521909979829812 0.205441468426407 0.00154561881901831 -0.268042542860145
0.0766084412592129 0.174639875968416 -0.0792855664860005 -0.321323345555868
0.0932780962866891 0.179659096717316 -0.119404030347178 -0.324365784468644
0.0986481927242816 0.180339326103988 -0.115634103014667 -0.319059686233588
0.063906101781436 0.247666635286465 -0.07047585867942 -0.290514244170021
-0.0541006948864035 0.281806899887478 0.00408639363814697 -0.200262347063176
-0.187940617585286 0.265103592278949 -0.0251467441707504 -0.036968412217621
-0.346174104205713 0.0691931284088549 -0.165537578468002 -0.0175717316018552
-0.311640869841202 -0.176184514671854 -0.26375011066703 -0.156930032077693
-0.212740897339792 -0.222639291988973 -0.258571330297154 -0.366403589503926
-0.223756972829707 -0.261412109596759 -0.336108386073603 -0.141448291090795
-0.314751171817797 -0.249956985361369 -0.195228577949063 -0.0831046473893856
-0.349550753001891 -0.0396185727750413 -0.114643722276351 -0.0767094444893778
-0.293369031087432 0.191961790361624 -0.0263088236504124 -0.0042567619983457
-0.160561232491348 0.303036187226006 0.0442326935018985 -0.108059848769176
-0.0182635231247934 0.333110698807612 0.00732110517272079 -0.190691088108635
0.101580777024135 0.29671709412496 -0.0401302277458744 -0.22989612584876
0.130377403815412 0.29856274052945 -0.068494825855435 -0.230249174199532
0.137309490309495 0.288823736345868 -0.0710881711277502 -0.217379436631388
0.0924551561054641 0.37109205917219 -0.053795224966312 -0.19832840069657
-0.0696525265061643 0.415077464164495 -0.00441967427256692 -0.128511429580946
-0.239545251939079 0.390210185651591 -0.026381222660665 0.00760551568454095
-0.463082900380248 0.163060773038645 -0.156096064990659 0.0334999886224768
-0.476926686310383 -0.16599355071459 -0.219342980042626 -0.0978795316877092
-0.369472911185444 -0.272616458887773 -0.159293137573157 -0.267805822817444
-0.299337902563102 -0.304899371262139 -0.237267321868668 -0.0311329345161719
-0.41440544285714 -0.280148583943618 -0.107949366096064 -0.0463169353806645
-0.443598471076622 -0.0385565272077377 -0.0984686474420108 -0.0840723251967933
-0.380622756910157 0.234605486696964 -0.0616360837973885 -0.00333526780237142
-0.223588436802277 0.379828890189938 -0.00553880596611056 -0.0436140743679148
-0.0388321220407671 0.41851715087449 -0.00128137817793854 -0.0744298205518031
0.112778164176001 0.376819456310482 0.000548501013631379 -0.0964571306864276
0.1464820360599 0.370568011097239 -0.00922128632145092 -0.103089579744107
0.153115098326366 0.352406408215341 -0.00957124995746784 -0.0894519425724764
0.104562109930616 0.43637070766394 -0.0137966052794558 -0.0819163324287679
-0.0723348856578634 0.485953748648737 0.00466222027347113 -0.0378196567054604
-0.254239520173962 0.454194565728873 -0.012732802386396 0.0496320985511061
-0.50183176616333 0.225456709572982 -0.114298523341292 0.0706322404942072
-0.553290043051525 -0.131255623192601 -0.13195783129927 -0.0451375945607263
-0.459671789077363 -0.273179246216075 -0.0209589192722976 -0.154939770705548
-0.340214962125839 -0.299928686278661 -0.109577819732903 0.109832159090377
-0.464711499966116 -0.256147174827203 0.00741459032151517 0.0243990664560773
-0.478205639039074 -0.0111941410075329 -0.0582880042981014 -0.0662100564433202
-0.39883385969188 0.25442807757103 -0.0874952456067899 0.00807427920517515
-0.239808612543468 0.403393099542954 -0.0599957367161486 0.0405127410381384
-0.0444457342422182 0.43950503925426 -0.012563053509741 0.0654782392512248
0.111032681234601 0.397033638944501 0.0395416519620996 0.0577816301263836
0.142095801739232 0.384565475444239 0.0501465814988869 0.0390012031253603
0.141406415342708 0.364845322709601 0.0550346375826862 0.0464988073812746
0.0901175321913239 0.437009575953867 0.0355109124104203 0.0403630877182541
-0.0782809880057445 0.471966714380262 0.0210379145457625 0.0561611215115111
-0.241084551447756 0.422568571500186 0.0023539670163723 0.0827864161862221
-0.456575364963956 0.22536668763615 -0.0617860599217141 0.087094924098365
-0.525858629293063 -0.0934405993774598 -0.0272266625450737 -0.00984089367473767
-0.467142130290043 -0.233407377406331 0.132257733109694 -0.0460102408284274
-0.330080521493051 -0.238015145757079 0.0328951914086441 0.251795347162799
-0.431777697734898 -0.177562360663774 0.129077424622818 0.103378996918014
-0.413310719502491 0.0312262213670479 -0.00438953970874414 -0.0246351763974012
-0.327488346477293 0.228834008538756 -0.0945697359706614 0.0315138087276818
-0.200267728924946 0.347880206497148 -0.0968788723414681 0.127545959269669
-0.0345601846771661 0.381532174262338 -0.01401792218362 0.202043467316629
0.0963770381823765 0.350393231861731 0.0763970568652878 0.205101417566753
0.115219754940256 0.342121450937334 0.102981143447431 0.174661913409899
0.106196958379294 0.324501321608867 0.107333635758049 0.171845402472311
0.0500858660801845 0.37273938958404 0.073284746891613 0.150203589934042
-0.0913026351865099 0.376432700099439 0.0274307560353966 0.135809191690279
-0.207563134154447 0.304273157776525 0.00499840820257468 0.101898512280984
-0.340287810578353 0.162121993720825 -0.0192991609863542 0.0855496058966264
-0.410153052677382 -0.0632553078838473 0.0641195858294962 0.0115370444686573
-0.40219982656006 -0.167926466575433 0.26982081440637 0.0489275276350664
-0.261765117990782 -0.131390158891646 0.167140894998626 0.362112924847543
-0.30391736300824 -0.0662693814634909 0.233969925766707 0.165123547790402
-0.249631174073835 0.0620321032995082 0.0551875636086365 0.0224119422309726
-0.186737006183803 0.14603912292522 -0.0752481178115574 0.0522286951892526
-0.126122505780718 0.222374434860887 -0.105027425279897 0.192718181180446
-0.0200505485349432 0.252134178505064 -0.00212083164381524 0.302160734554863
0.0643762906311366 0.246129602320142 0.108259544285856 0.318179773635862
0.0713689572259579 0.247597046704129 0.14062980308621 0.284518465540713
0.0564006103786103 0.241156567549988 0.13640448116226 0.269879214882532
0.0045468817281424 0.258151008146672 0.0844339282732293 0.23415875302363
-0.091952734337985 0.228532205583359 0.0129635115880774 0.190632758455997
-0.146532406436001 0.14609595326895 -0.00845879522552809 0.102912682190089
-0.181158692436433 0.0811760726869824 0.00681873751624384 0.0708276744312272
-0.245027397226379 -0.0204074440186056 0.126535458552358 0.0272729933040525
-0.284200265000744 -0.0806789636195431 0.367427207960697 0.122435450740195
-0.139030474997953 -0.00768388155869907 0.272904194095962 0.418856801031126
-0.109373249210702 0.0353714356468809 0.307879197760977 0.192522817358016
-0.0445106093295293 0.0532740910202594 0.115393739362159 0.0497574207509121
-0.0364868788435956 0.018889177274144 -0.0389840645342177 0.0508202799700677
-0.0503215907455831 0.0577975320644415 -0.0906925923980175 0.217813539660724
-0.0145178736178264 0.0861518730725251 0.0171445245221622 0.349296205830419
0.0155605719561943 0.105490211927168 0.128793983288502 0.379266846764835
0.0159639223015983 0.116761570269261 0.157964806347569 0.350607666427405
0.00514779678519108 0.120960009796701 0.138642081211846 0.332319913939919
-0.0246745800931338 0.112069974732288 0.0714627245713084 0.286699418629605
-0.0620943012097775 0.0673931516989999 -0.0157796774062963 0.215852146260889
-0.0525783603143109 0.00385616103277244 -0.0268470142084968 0.087061136371686
-0.0123788580234237 0.0308810304528665 0.0253913382458653 0.0499218096531304
-0.0754545571133965 0.0449461112773103 0.160657397733011 0.0457556445804224
-0.144002978105337 0.0200673205548537 0.415541292325129 0.171264422589779
-0.0104049462653616 -0.0966297194365259 -0.419601064726239 -0.195253899188886
-0.0773387316695798 -0.112837378515125 -0.256614268980762 -0.0375427622314109
-0.118113045443172 -0.00298062203690369 -0.0776074401114632 -0.033582473321229
-0.0579303650762606 0.0898923650229054 0.028676391361476 -0.0249435878142934
0.00172796226257219 0.0757030921352157 0.0646708268036085 -0.18065140485259
0.0209791254426527 0.0591743182433564 -0.0299484617803149 -0.29547630680101
0.0357705914875416 0.030233666066264 -0.122099526036909 -0.350179455148909
0.040921825921616 0.0296543688432982 -0.157128751611352 -0.359144665071678
0.0496250809443708 0.0364779255614166 -0.142418870153586 -0.366520917171195
0.0433353945203186 0.0806998556101493 -0.0721373374166945 -0.334308666034975
-0.00675878684512728 0.11527736183493 0.0220111511646716 -0.240962463993025
-0.0833595586376601 0.121652112532599 -0.00360967254523883 -0.073555514615357
-0.166935912831682 -0.0029069923535824 -0.13437937979956 -0.0589749765036304
-0.100925604994888 -0.132033257050444 -0.259622277472334 -0.190778404972191
-0.0281042311379154 -0.117641535238905 -0.298073765350669 -0.418168136995895
-0.123322703590081 -0.180880422462813 -0.396134700122064 -0.187541937358556
-0.201348064195002 -0.179403002886335 -0.24262170338545 -0.0712351836873925
-0.233410117620433 -0.015696724073366 -0.1067719827935 -0.0525843885790302
-0.169999380224611 0.150390111508953 0.00600760059210872 -0.00622665989979371
-0.0699734372824789 0.196678306139501 0.0646701917119636 -0.150020517673708
0.0123548480983919 0.201448763262012 -0.0069997786615415 -0.26099969258176
0.0795515377473561 0.169248974288964 -0.0868059152493137 -0.312503776577447
0.0955225856763927 0.172933893342994 -0.125056233299545 -0.315967297674828
0.101385139899026 0.174500068959739 -0.120732668302324 -0.311753036161758
0.0697909108110572 0.240706654948717 -0.0778417574486033 -0.282872400237721
-0.0442299776599584 0.279526152646387 -0.000647705347095295 -0.197259300291658
-0.176249888558528 0.266251944206431 -0.024182975244305 -0.0349439560127376
-0.339424443217476 0.0773822473858452 -0.16081796139101 -0.0141304079022694
-0.312936429389091 -0.167230913133239 -0.261370523213277 -0.14732009658283
-0.212409742111312 -0.213335101662705 -0.260469711659621 -0.355569777759759
-0.221795876710253 -0.25319535991691 -0.332746009476632 -0.129669505774683
-0.316266409405709 -0.238632912665843 -0.193702902706562 -0.0766255154271638
-0.343767849236628 -0.0328875324477265 -0.118887216629046 -0.0747968202619247
-0.28201748136837 0.195683008418157 -0.0281114474991941 -0.0017789570297215
-0.150379703951356 0.300575744212327 0.036159067176378 -0.104360235110738
-0.00874121009632989 0.326463275241719 0.000193196627205015 -0.184501444444247
0.107851462958041 0.287758276914514 -0.0457760325065139 -0.224363491814463
0.135891669587619 0.289108147526254 -0.0730553915278821 -0.224363108609496
0.141683484131784 0.280394258815027 -0.0748644142050845 -0.213230069057338
0.100316763177036 0.360700745215184 -0.058692677671067 -0.19240920751553
-0.0557732548612752 0.410610034765143 -0.00767328923719209 -0.126077137757117
-0.224012875206772 0.38939693248037 -0.0243783899525737 0.00899428932416288
-0.451228565366773 0.170680660440744 -0.149509108960766 0.0364144629099507
-0.474228657289095 -0.154743803463478 -0.217275704531679 -0.0902251675016505
-0.365368625964807 -0.260139906267883 -0.165005183019517 -0.261796585315588
-0.29545021632566 -0.294909434294575 -0.234778062085278 -0.0222317314601297
-0.41446667574852 -0.266967478565642 -0.108293194090478 -0.0418669650212192
-0.435418108110582 -0.0307441867713603 -0.103628466093874 -0.0829031273605843
-0.366766393549017 0.238273675534784 -0.062650960606249 -0.000221956487165572
-0.209177307013052 0.378843531625805 -0.0126103842303757 -0.0395624497636817
-0.0270021998468816 0.411500956442425 -0.00471827787478305 -0.070403845569388
0.119684962395907 0.364986290669786 -0.00223044091447761 -0.0952284836989582
0.154097355243539 0.359624548825831 -0.012662145134253 -0.10073385618847
0.159877399634811 0.341681233604377 -0.0111894539695374 -0.0889833360332871
0.113937796024857 0.425278550707842 -0.0162191113190901 -0.0787664624817371
-0.0565035599060569 0.479914341214191 0.00402893022780553 -0.0372437733336638
-0.237153168757516 0.451610445112068 -0.0104061665118776 0.0498833843614439
-0.487694112998829 0.233742307569523 -0.107572877612943 0.0721215622186402
-0.5487468039413 -0.116942947543263 -0.129501370202106 -0.0392586977170506
-0.453478339834396 -0.258541052303649 -0.0264961921569987 -0.154234129493183
-0.335501178160517 -0.289156869335887 -0.107483373176459 0.114129992469999
-0.465113621291538 -0.24353634740558 0.00696182914161011 0.0246639030059071
-0.470227097836779 -0.00262407204364974 -0.0630029301366213 -0.0663180939810036
-0.385509313904643 0.257671391653853 -0.0885163263239902 0.0105074701160134
-0.224611128791543 0.401666426262301 -0.0643577169764386 0.0443339587336729
-0.0321258980436528 0.431197459077714 -0.0119964851835833 0.0676128876941068
0.118385497350208 0.385840566095385 0.0402527342408341 0.0539801732494663
0.150678807567233 0.373117810823316 0.0492764593878705 0.0385725050586026
0.148933499294718 0.353635066062062 0.0549958877867137 0.0428748807595887
0.100943057680727 0.426197791192327 0.0349635694507546 0.0389125780074272
-0.064046985716771 0.466683541679223 0.0230309739237455 0.0545589773776501
-0.226424577577851 0.421244446547744 0.00507265796378178 0.0820222680505997
-0.441304776449891 0.23058707445987 -0.0554927707541746 0.0879894252836171
-0.520288336984306 -0.0801551902830708 -0.0263727543671164 -0.00594379116162263
-0.460879949518591 -0.220656172053624 0.125884738592378 -0.0505490390201734
-0.326140736287246 -0.226990096707347 0.0350594014485709 0.250375983755367
-0.429085347757159 -0.166389982362306 0.128156203266929 0.0996796583323594
-0.403603330106903 0.0370151446631527 -0.00874006455593702 -0.0266469199687376
-0.316001536487552 0.231245230998952 -0.0945952994691628 0.0335141152739863
-0.187475744867779 0.34703698736452 -0.0982479376987592 0.131051735981308
-0.0236829737015914 0.37362509123739 -0.00977339003718191 0.200667756505115
0.102382007552644 0.340291126853167 0.0808997583379796 0.196830067423895
0.122701644278394 0.331978665122476 0.103981370646861 0.170989507752952
0.114366128929192 0.316291001419965 0.109417168663652 0.164617436298252
0.0600763423207558 0.365358062615613 0.0760070658821765 0.145091698278118
-0.078445338980329 0.372004890499969 0.0314765699514443 0.1331355418122
-0.196850069224637 0.302415633027486 0.00834629934114574 0.101018413649917
-0.328846787764982 0.166436945672538 -0.0138766963515601 0.0858926668299306
-0.404097906447352 -0.0528675854954436 0.06343934114608 0.0129370385657202
-0.393879244295961 -0.157561028996484 0.262447707270695 0.0395543880536784
-0.257073260670917 -0.122727614913491 0.171223403267017 0.355050717235928
-0.30085877693549 -0.0583267825376988 0.23253431627009 0.156976384502503
-0.242332538610998 0.0645499133983489 0.0523288324020915 0.0185493589291227
-0.180465080939457 0.145767383594139 -0.0744450623794568 0.0526716257926358
-0.118122481084938 0.222010651911998 -0.103302280110315 0.193791374132166
-0.0145716977885274 0.247473864110113 0.00457579284666781 0.298239114887347
0.0684909130726284 0.239513532874765 0.114330123845618 0.307469653633509
0.077573923634317 0.240745754958563 0.14418577297761 0.27753990847715
0.0631299651418635 0.234652532577992 0.140327569234702 0.261014813802375
0.0123339142558184 0.253343032431234 0.0899856545177858 0.227260501588552
-0.0836558025267369 0.226438034106285 0.01905841194621 0.18621864254515
-0.140306109530466 0.144504568174441 -0.00576184099159733 0.101339993686365
-0.172866873070418 0.0821717192216676 0.010535904257003 0.0714582238324079
-0.239209737748085 -0.0139808875042506 0.124461083630891 0.0266492673908616
-0.277894685255011 -0.073431965453224 0.360066893017644 0.109321705299213
-0.135176875297008 -0.00323331392226289 0.273041994465664 0.406791355326792
-0.106318185645232 0.037182954881278 0.306314969056157 0.182680673619936
-0.040923413068701 0.0514865043981399 0.113845459948637 0.04515899571646
-0.0364962309643435 0.0181200201483062 -0.0392893622735476 0.0500592023397991
-0.0487436018777494 0.0581903651527842 -0.0869219375346657 0.216999082133878
-0.0132969606270867 0.0840106949321943 0.0241281678117049 0.343137678636284
0.0176608682212788 0.102739899151568 0.136134237626072 0.366687910948316
0.0198770645965684 0.113873406428502 0.161835837357673 0.341692113823106
0.00971444262726323 0.118061158299516 0.143939760489841 0.321497719683496
-0.0206809592434645 0.110920679657888 0.0781562480971611 0.277692192968533
-0.0601176159917292 0.0667057034438904 -0.0074740181292894 0.211681991934119
-0.0525694271681205 0.00260790478473894 -0.0237497616975122 0.0860808961898861
-0.00867355688245038 0.0279164468903426 0.0275237061934964 0.0508865045978512
-0.0705877206270923 0.0463179242043815 0.158223234598802 0.0421438502033396
-0.139569341750561 0.0224613266379428 0.408822907117132 0.156691946405101
-0.011098293270398 -0.0961392035097964 -0.412288442352985 -0.184303822755517
-0.078929079447782 -0.109364310493225 -0.252461398942092 -0.033624709195695
-0.115656799184547 0.000323134757241241 -0.079837340444859 -0.0317690788711537
-0.0527506132210324 0.0904715107062807 0.0267932441693794 -0.0235233405084361
0.00451379926952375 0.0739412185049641 0.0589243212916015 -0.176884886546469
0.023079322602278 0.0578966425592706 -0.0351122540800218 -0.288198356757827
0.0355314757134376 0.0294285416339987 -0.125863918179243 -0.339157137163879
0.0394928545413905 0.0282236662651348 -0.159222831133061 -0.351661019665812
0.0483573148553824 0.0350614220181469 -0.143876713067353 -0.360197499533839
0.0435730360202038 0.0779586422398093 -0.0756682705448678 -0.326494601853998
-0.00351991926771732 0.114829802109315 0.0179527863227863 -0.237808005207584
-0.0788168768783097 0.122458358200512 -0.002715525151747 -0.0724417448108817
-0.165888785267342 0.000978157053809214 -0.130448955597867 -0.0571210768428968
-0.102673818830297 -0.129101991805074 -0.255631589943421 -0.184251936867104
-0.0285007876290884 -0.114630531435217 -0.297082584444974 -0.407367053761813
-0.121794363756198 -0.178212160518412 -0.389875953417898 -0.177678456146034
-0.201137341534544 -0.173806924332289 -0.238979719576394 -0.0658036798050057
-0.228510600762282 -0.0126897951097791 -0.110214142795264 -0.0506042364545296
-0.162263455367949 0.150031562580675 0.00423224299794171 -0.00378790284117969
-0.0642437219360517 0.193044557020212 0.0582736613293201 -0.145810003170864
0.0165614451488149 0.197611139441308 -0.0122941622102653 -0.253320955370184
0.0811897610037596 0.164531543058923 -0.0906697347145452 -0.303912314272802
0.0963692002499888 0.16864861260862 -0.127118691742807 -0.309707077123531
0.101385135339451 0.16985053383021 -0.1229660969091 -0.305841869725266
0.0719655630614124 0.234153889335357 -0.0813267689889772 -0.275545718541304
-0.0373553402975503 0.276880934867636 -0.00396430393775059 -0.194036632234065
-0.167926118231606 0.265107945196798 -0.0224648866520182 -0.0333236836641169
-0.333067200751027 0.0812402683835438 -0.156170085521293 -0.0123129870721043
-0.311501058460291 -0.162226697507277 -0.258719049076299 -0.140974115424726
-0.209310329868197 -0.206669865606321 -0.259790875712365 -0.346465917070072
-0.215652705976517 -0.248608420617433 -0.327996703621879 -0.120688004549995
-0.315339325841479 -0.232659949024931 -0.19175278385614 -0.0718430685674051
-0.337298420772664 -0.0299330564913632 -0.123714611411474 -0.0729541819339405
-0.272087285514911 0.195729225338003 -0.0300041828960956 0.00114092509701114
-0.139866216151448 0.297082581424617 0.0302156436513631 -0.100046445074069
-0.00205886838395044 0.320280399403135 -0.0036969777326926 -0.178437878205886
0.109440018317875 0.280279976633014 -0.0482527271106784 -0.219191806813973
0.13861300427005 0.28088917168066 -0.076041677395441 -0.219903736889615
0.142482810023594 0.273355730038551 -0.076510367992815 -0.209854722277562
0.103316800701981 0.352571685885815 -0.0618203707896034 -0.186568694667779
-0.0458823816093856 0.406885333404025 -0.00895386878344731 -0.124097406397766
-0.213363853437494 0.38571172917584 -0.0220971106219692 0.00958996724713085
-0.441738822146714 0.174263817800041 -0.14409760318277 0.0373499284629693
-0.469391395424664 -0.147103909970261 -0.213682934813113 -0.0836701109085567
-0.359959848417847 -0.250210653938094 -0.166360987560329 -0.256005341721528
-0.290230640012625 -0.289246315124636 -0.230542631302905 -0.0156736757629501
-0.412551284433179 -0.257964837777709 -0.107515375448383 -0.03880319346763
-0.427721399770394 -0.0268805560233751 -0.108261856273703 -0.081910063614881
-0.355233906689849 0.236818924569343 -0.064035121209896 0.00189212113454227
-0.197553912093289 0.374468376011089 -0.0173398149987032 -0.0348063412346691
-0.0198225075464273 0.404194448260451 -0.00713341521371093 -0.0665502443514861
0.123031145721909 0.356012855443845 -0.00317864744681978 -0.0947373744216903
0.157453277798025 0.349878015069865 -0.0145018439868009 -0.0979461886306675
0.161387820509415 0.334399634945023 -0.0129891668693939 -0.088935505230818
0.118496784951906 0.416012659923754 -0.0181005429285923 -0.0759303024615735
-0.0479066753053879 0.474658688201797 0.00405589712582091 -0.0369472470781229
-0.225508912502529 0.446842895630898 -0.00791517102056344 0.0498443483504382
-0.475815159148163 0.236463035614239 -0.101540988325834 0.0723400562624428
-0.542269682379442 -0.109748379970622 -0.127031521224731 -0.0342751540573769
-0.445793314505096 -0.249460296605745 -0.029586885240506 -0.15230447579439
-0.327478180402395 -0.282670615225257 -0.104565656599345 0.117244417511068
-0.460159719901344 -0.23360325088928 0.00641577712400651 0.0257802580071909
-0.459867868940664 -0.000743581211466623 -0.0680340165977283 -0.0669984987010748
-0.374790824563916 0.256076276275785 -0.089627005304348 0.0127513720539387
-0.214799905877355 0.397594532029382 -0.0676314375525705 0.0487030825563406
-0.0252715558649626 0.423858114801912 -0.0114986061329245 0.0691452407924302
0.120351212164504 0.37619508955123 0.0404154353004287 0.0502565923867489
0.153941364908974 0.363627246010808 0.0484849891669937 0.0377943268588913
0.152642105839018 0.346108689068388 0.0543074055727054 0.0399819273268398
0.105621365470613 0.416310557179321 0.0345446686986262 0.0390908764235941
-0.0533687728550327 0.460281712029432 0.0241927469454374 0.0529186957111518
-0.215214777296665 0.414828774089326 0.00704050005462918 0.0816828381095799
-0.428070096825155 0.232710667527589 -0.0499355800190985 0.0873726478716371
-0.513882818985451 -0.0732815189962912 -0.0248310828118521 -0.00251764913715373
-0.451447844737025 -0.211788857042378 0.120814345530235 -0.0529745801566808
-0.317698451106954 -0.220963369919023 0.0357956222417971 0.249763242480721
-0.424368974124176 -0.157205578132509 0.12668145817315 0.0973775518377498
-0.394569900144048 0.0398302362031377 -0.0131751284397679 -0.0286397238528449
-0.307522468675644 0.230069568439695 -0.095177263485596 0.0349741758730509
-0.180030160226903 0.343123189568426 -0.0992890912190718 0.13399106897554
-0.0196982650858081 0.367880853615339 -0.00823823756730398 0.199021093102099
0.103861226346275 0.330744943086883 0.0817651594397689 0.189197069166938
0.127693996398489 0.323743800691525 0.103859803776114 0.168123795827878
0.117346559308258 0.308761533712341 0.109195613912888 0.159051000512359
0.0656245075631346 0.35797701025798 0.0768544199747125 0.141766624316419
-0.0701225510192809 0.367970452341758 0.0344546110023997 0.12978669705481
-0.187597550277074 0.298792014247524 0.01019569387029 0.0992926652673484
-0.318413843398401 0.166893544226161 -0.00935418452318712 0.0855258503929169
-0.397552330542573 -0.0461717752583413 0.0632477529708573 0.0146333232916403
-0.385759360590629 -0.1500869518575 0.254813768814923 0.0331467540231019
-0.250234372665591 -0.117883584079497 0.168473242046677 0.351092658029917
-0.296247588587028 -0.0525083922015409 0.229627357727182 0.151830610978398
-0.235815478941906 0.0642370490762866 0.0486187893025031 0.0160404557325022
-0.175815732871784 0.144506892104258 -0.0747390305288895 0.0528552794139934
-0.113914674666319 0.219337323008235 -0.102838298197503 0.194575274737882
-0.0117268554225544 0.242863722078538 0.00771652369227023 0.293320885667139
0.0703818659412826 0.232805357297843 0.115964119422832 0.297076611000882
0.0808644672889816 0.233804922011496 0.144316571977545 0.271715194625158
0.0668537441837343 0.22961171096302 0.141611331482376 0.253716596616744
0.0170588443957193 0.248799279187081 0.0916442275125117 0.220885693419786
-0.0787732005687256 0.223281972910761 0.0237584178657094 0.181950121324116
-0.136155706296727 0.142250922620786 -0.00318317019207732 0.100314178354189
-0.166143454489935 0.0809174815445436 0.0136143698241873 0.0715431545339427
-0.233747536081155 -0.0114750561785112 0.12212101902867 0.0273114741484278
-0.271481336078514 -0.0690358201775322 0.351407459266432 0.100536146176585
-0.130433327889136 -0.000729376793180854 0.269936394227386 0.401020076508767
-0.104018215480065 0.038413056910457 0.302353395337271 0.175509737618882
-0.0387375680843921 0.0497551635984365 0.11169433058273 0.0415043177234643
-0.0371651553294495 0.0176401978368531 -0.0399335336234645 0.0486473150240478
-0.0477747477701745 0.0581867522602657 -0.0848301049780789 0.216028539717244
-0.0132941843800523 0.0829299960566856 0.0283236624141905 0.336606480060318
0.0183461390569774 0.0997575843377206 0.138633211176616 0.356648077488375
0.02258637723994 0.110961751007678 0.163247927712836 0.333968894216587
0.0123166616813903 0.115583630905822 0.145625281792602 0.313417385748439
-0.0174347553500376 0.109646076735345 0.0818352237873759 0.269122877857389
-0.0588274396229105 0.0654937477014326 -0.0009996439219479 0.206100448291137
-0.0530749257789212 0.000939508109036633 -0.0208270428384787 0.0846963885264204
-0.0053421777967644 0.0250636699560914 0.0294697564829046 0.0515934128738885
-0.0667239615121681 0.0462453873210634 0.155690968341118 0.0415287421461743
-0.136112797069446 0.024005270603 0.400539857407358 0.145678574334564
-0.011722314546251 -0.0958902271554897 -0.407540490383435 -0.180564506120003
-0.08051989024253 -0.108354464833112 -0.249540295324245 -0.0319647178080823
-0.113664584327719 0.00124741298788547 -0.0825727880640619 -0.0311618679530768
-0.0492549051894013 0.0911088097725029 0.0253668984393388 -0.0207335416048014
0.00631701474541294 0.0729785049632626 0.0555884285872716 -0.174586613273315
0.0251751883754905 0.0575159788760166 -0.037840155017611 -0.282716683313413
0.0363049904582391 0.0293191281926434 -0.126522364425898 -0.333457490697368
0.0385793875820022 0.0279582251562009 -0.159678419159022 -0.348957170497756
0.0471651107516632 0.0343903005428809 -0.144550423680827 -0.356805408582282
0.0436874430249594 0.0762200959169461 -0.0761604223972406 -0.323136357191198
-0.00121237604082764 0.115498708215334 0.0166820091817764 -0.236558663852424
-0.0759799255660763 0.123171309657894 -0.00161030859947659 -0.0711497684420758
-0.165532521885294 0.00312771506097914 -0.128578480264639 -0.0571892363503218
-0.103809536191087 -0.128685655233559 -0.253294380745043 -0.182521831040469
-0.0270132662561068 -0.112802834586691 -0.292441051276624 -0.401762205977407
-0.118746024271584 -0.178427878649572 -0.383440810565962 -0.173416236268986
-0.201234607704848 -0.171946994859396 -0.236740572333962 -0.0639953174690901
-0.22521603522732 -0.0127719353043825 -0.114103093117848 -0.0495668464609743
-0.157421364975858 0.149977518103236 0.00329816930443062 -0.00115099308575239
-0.0608418046468624 0.190909562248904 0.0543337370284775 -0.142144081004805
0.0194854155490206 0.195710125416632 -0.0147196611364382 -0.248599949775828
0.0812395066711037 0.161825304155028 -0.0919538974937613 -0.300431288186592
0.09614709868562 0.166309394573578 -0.127710504256537 -0.306774862672654
0.100396152716034 0.167888612429988 -0.123384194290825 -0.303797671711867
0.0724202240592068 0.231245782247573 -0.0824846592233619 -0.271780439938246
-0.0341474710663673 0.276020313203233 -0.00492628662987757 -0.193523016815847
-0.162981046448738 0.264612406199719 -0.020501108506319 -0.0324545180476658
-0.330324776505799 0.0831206000034411 -0.153114615364254 -0.0128258197579516
-0.311355444351308 -0.160721357604115 -0.255592563768111 -0.138872569791409
-0.204385593410095 -0.204079092057383 -0.258175387548428 -0.345875890328393
-0.211593713003946 -0.248944147983569 -0.323630992681924 -0.116524482056844
-0.314046346123398 -0.228527852308865 -0.189880930759175 -0.070038385761226
-0.331226965628929 -0.0310536563998056 -0.127787199973575 -0.0726034952058528
-0.266418104677657 0.194235773895927 -0.0306281828658232 0.00385474457063649
-0.137111419534412 0.294378819078871 0.0260174664000729 -0.0950818011341072
0.000676764213217534 0.31745326738627 -0.00512792563886221 -0.174308805164922
0.109458743174383 0.277001582238784 -0.0487607656378356 -0.217297533701453
0.138392256426749 0.277284687517697 -0.0761392122730478 -0.217585307334517
0.141987093819883 0.270372387747737 -0.0773442655237813 -0.209631701104599
0.102357820424807 0.348863864146761 -0.0621247279565937 -0.183581541576511
-0.0418696351321944 0.405271725165267 -0.00921722641104316 -0.123473030198952
-0.207327460162696 0.384432480895777 -0.0203422426522022 0.010286958918351
-0.437954341863888 0.174367992224629 -0.139817653559983 0.0369418398393175
-0.469241534214483 -0.145342839747495 -0.21047820127787 -0.080532956750885
-0.352291930787588 -0.248984704448528 -0.166731471542933 -0.254816074420719
-0.282266322222281 -0.28832498053778 -0.227808042241535 -0.012795300833222
-0.409938327959773 -0.255869448308953 -0.106116574169424 -0.0367138450530173
-0.422523450820847 -0.0296292548972567 -0.11375874471546 -0.0815915170596816
-0.349937635647672 0.23511819890381 -0.0655790800516736 0.00442145256505737
-0.194561898267451 0.371229203225112 -0.021439841255048 -0.030192699752273
-0.0175003150732209 0.399394114232574 -0.00808031559098437 -0.0630601118478627
0.12163518683353 0.35257894044585 -0.00433623836445144 -0.0955933446610035
0.157815919789964 0.344859971549949 -0.0149224724718096 -0.0965892275805464
0.161368860115883 0.331346437030316 -0.0134342661693009 -0.0895810625969036
0.119121100437976 0.413045915232224 -0.0186521709609266 -0.073974812856841
-0.0420282138795442 0.471227943333936 0.00419278702421039 -0.0372179251787626
-0.220267939638408 0.444778697268611 -0.00655231526494745 0.0499709586566135
-0.470070476642849 0.235189065842784 -0.0969809012125122 0.0718562395863208
-0.540412004422451 -0.108489448075473 -0.12434917818854 -0.0311068256801141
-0.437407439387449 -0.248567773097888 -0.0320056795450154 -0.152905028379569
-0.319503122495255 -0.282769601892475 -0.103579442813818 0.120591222732086
-0.458120740117327 -0.231034649979726 0.00666953387902821 0.0268171972463251
-0.455179477135115 -0.00282003485666256 -0.0732067630947314 -0.0670113959593247
-0.370202497421586 0.253964713420879 -0.0908080727537015 0.0146201833876313
-0.210355939263874 0.394427833589746 -0.0710384883862796 0.0533022187593706
-0.0243110353427422 0.421427849234384 -0.0118127595559684 0.0710682494144971
0.120493030694498 0.370942820814705 0.0394281254319212 0.0472496812129885
0.155359777023445 0.358196465542744 0.0473417249496991 0.0391417826816157
0.153364659366843 0.342363710170928 0.0531452692124651 0.0379911397358519
0.106583294301815 0.412853557416526 0.0342708506690672 0.0395507039950373
-0.0490701439885042 0.458256859870626 0.0253143211707322 0.0517847120383791
-0.210738470399283 0.412524994414712 0.00915186256142272 0.081154855062217
-0.422526678608235 0.231450459096516 -0.0461357484945446 0.0876068710785835
-0.510121738733834 -0.07353028023399 -0.0233871336117513 0.000398715466529756
-0.443778117201372 -0.210851116726621 0.116458620447177 -0.0546052605729871
-0.309263980749021 -0.220104381841009 0.034770630075326 0.251682842476071
-0.420609315846842 -0.154537068589988 0.125529483527108 0.0975678835366732
-0.3892391782843 0.038549304483828 -0.0179492212115425 -0.0285462793366234
-0.304285841123579 0.226879728211447 -0.0962224197101527 0.0351616244914556
-0.177107640141058 0.340715203167367 -0.102128539992007 0.1373757802724
-0.0184762314422329 0.363894804415465 -0.00756231141957385 0.199554240380961
0.103862755993151 0.327377032200999 0.080838537773779 0.184145768642377
0.128214756350345 0.318275984691691 0.103275026331567 0.167194740429076
0.118691140983572 0.305696157609655 0.108718169581505 0.156105407024654
0.067273348910907 0.354107282587091 0.0761613727427056 0.140574915526837
-0.0664763535174915 0.365196814465167 0.0357971253343757 0.127590204820439
-0.184419927080188 0.295042471035757 0.0109801582979449 0.0988358916812884
-0.312378647789726 0.163531556028809 -0.00602572993757772 0.0856245240402093
-0.393511996376757 -0.0461357058000115 0.0631200475851796 0.0177915702372705
-0.379041700479245 -0.148230585037569 0.248931578020518 0.0302451276443742
-0.243806162479037 -0.117426953306212 0.165785300481121 0.352418776402522
-0.29447760360871 -0.0508744385702334 0.227209374049883 0.150550154625615
-0.232003783776632 0.0623821292049994 0.0450406394888953 0.0144682195923956
-0.174957670661433 0.142521357022185 -0.0770256836267145 0.0527109036945949
-0.112392891329699 0.218479849896349 -0.104385305269738 0.196195177847148
-0.0119425634441437 0.241315952593316 0.00840453103759015 0.292379809493075
0.0699695159017351 0.229976364499595 0.114840540010398 0.290834698231034
0.0827411259898976 0.230652688293263 0.14409003288394 0.270186711069433
0.068305642851551 0.226497801994048 0.140628986316571 0.250308277480248
0.0193683109412075 0.247121211957384 0.0923045451014222 0.21722615799257
-0.0766961413474702 0.220897223173341 0.0265060828839756 0.178838098821116
-0.135469223230652 0.14006584283498 -0.00170836879641847 0.0993915150463643
-0.16159176042175 0.0778401249041036 0.0164487289757245 0.0723956983914715
-0.231011672961429 -0.0113199673162261 0.121392019033792 0.0295122910440218
-0.266325435584446 -0.0682421496953705 0.344498706313696 0.0958066042361971
-0.126604044184303 -9.15355336715627E-05 0.26488769640561 0.400945546457686
-0.102379178188425 0.039244088440423 0.298818311555835 0.173194327491908
-0.03713179982205 0.0485128034625231 0.109368009216608 0.0399602337780246
-0.0382475681435209 0.0170344584415267 -0.0419362033375346 0.0478218419633975
-0.0478706888947972 0.0584521373143108 -0.0863983642763373 0.216494370320308
-0.0139536069531226 0.0825048173034602 0.0285682880769273 0.333978665047496
0.0182701301157388 0.099195949922893 0.136677229267431 0.350243489901863
0.0233231591150725 0.109218941726522 0.16259748315594 0.332118871205521
0.0143931482607327 0.114276994025083 0.14531652347469 0.308701384307281
-0.0160440633951988 0.108690511804129 0.0831009686574282 0.264255636038135
-0.0589555914515295 0.0641398656304501 0.00143669926169586 0.202263939319595
-0.0536669357213482 -0.000565969093162489 -0.0198338039531331 0.0836837925006469
-0.00280234825908539 0.0220394263509972 0.0311770692829213 0.0528135517735532
-0.0646124575288026 0.04559988724725 0.153813038463401 0.0430160618681511
-0.134584536909185 0.0237095291981497 0.393703446600346 0.141253904198158
-0.0117368819140072 -0.0980661121663108 -0.408705292092258 -0.182845322007948
-0.0829215376660367 -0.109128443942408 -0.250555174178747 -0.0322317845012733
-0.113714309674591 0.0018186109779627 -0.0862891273649549 -0.030936604756294
-0.0471136675711539 0.0922301988477925 0.0255538349702146 -0.0190908703288397
0.00839378719127703 0.0730944243665969 0.0539262865951457 -0.173972710497869
0.0275795874314009 0.0573825489396193 -0.0400826219760003 -0.282363216009873
0.0374544681382364 0.0295291450347961 -0.129744770406207 -0.334180453453664
0.0380989896622815 0.0285625904101545 -0.161808506009323 -0.352892607501763
0.0466536731054631 0.0341753049423197 -0.147091635616296 -0.361033197387376
0.0443871619321167 0.0760290915261421 -0.0782038712650294 -0.325732268948341
0.000961280173588057 0.11789518937898 0.0151005373469296 -0.238929495817917
-0.0745945043917912 0.126038221963794 -7.58745041225227E-05 -0.0721086727573703
-0.168634994201107 0.00498436406861394 -0.128690214376118 -0.0590798096300082
-0.107230115413762 -0.130456500355427 -0.255000374899391 -0.185241836987207
-0.0251680364850719 -0.114027504545072 -0.295283070249198 -0.409570038614954
-0.117975836388818 -0.182928970036862 -0.385512446143815 -0.173885582679688
-0.204489177588888 -0.173521646896721 -0.237967871534469 -0.0639145019540681
-0.226202396456756 -0.0135861484598907 -0.119103030287107 -0.0490442779480235
-0.156115713083411 0.151060923834032 0.00329743838019979 0.00132777549126477
-0.05921174258136 0.192472002352097 0.0520164828157677 -0.140858012057516
0.0219457250312419 0.196968144529056 -0.0166055721535604 -0.247905491363789
0.0827814501083071 0.16287138462904 -0.0945181729546534 -0.301238896393645
0.0973244272109891 0.167820174765948 -0.130465064860714 -0.310588729808802
0.100499901152472 0.169206130484058 -0.125794951555163 -0.308445750036096
0.0732431634145782 0.233011770779219 -0.0839624118990738 -0.272998510879909
-0.0314465402292104 0.280507449079705 -0.00513708446046232 -0.195388226896021
-0.162167674301438 0.267477424863326 -0.0190828247897437 -0.0323306667475466
-0.33409284671416 0.0851370740441873 -0.152242374224964 -0.0130588945610653
-0.316884356466841 -0.163619276716317 -0.257393694759112 -0.139958655388108
-0.203604659933127 -0.206797225072909 -0.260628653291362 -0.34890284157479
-0.209877661533786 -0.256040634295769 -0.324941383124083 -0.115271258202121
-0.318834947531892 -0.231703711503432 -0.190398268966666 -0.0691157106353927
-0.333811089581537 -0.0344102216155646 -0.134759912355512 -0.0725045021679316
-0.267860248489659 0.194807289460552 -0.0313986104816689 0.00610047234932242
-0.13680464301611 0.297267691870127 0.0235800455086443 -0.0926585732762669
0.00293108568614182 0.320764893645253 -0.00627488011868527 -0.173101708024403
0.110528969100499 0.278838538048629 -0.0505236586706471 -0.219650705291631
0.140571258542916 0.279081611447613 -0.0776529881043639 -0.219953251126646
0.143492940932601 0.272705025754705 -0.0791391972921946 -0.2130595234872
0.104589062649154 0.351561942920952 -0.0641567488099 -0.183756392048096
-0.0392972681350674 0.412118992587016 -0.00905397150874663 -0.125756046596978
-0.207406715249472 0.388940963564011 -0.0184412608952141 0.0113867790756981
-0.441675341633275 0.1779922330873 -0.138652198601824 0.0373135217919513
-0.475640936728358 -0.147825371138077 -0.211651699066925 -0.0804195501374984
-0.351742981002949 -0.252006330984965 -0.168904875682862 -0.259845811532095
-0.280316423214007 -0.296206170813763 -0.2283888159185 -0.00913937643456624
-0.415633564494824 -0.258399584019662 -0.106072227806496 -0.0355382740988067
-0.425698772037196 -0.0325547656399486 -0.120616006384156 -0.082751106004168
-0.352624673566272 0.236143313428668 -0.066574158248478 0.00690591051623124
-0.195115362702666 0.376725741928503 -0.0250401396571705 -0.02600194549238
-0.0158526424120902 0.405817651699393 -0.00848298061999545 -0.0598908775015951
0.12389738282826 0.354018082261173 -0.00543983390536124 -0.0978697261548715
0.161316465303963 0.346673200808006 -0.0151161238731511 -0.0975573305383791
0.163904769540821 0.333686467326211 -0.0151114407925191 -0.0920588823973382
0.121238275015887 0.416887602934849 -0.0191577602681467 -0.0739383994234021
-0.0381260835625246 0.477463325121341 0.00460027175320095 -0.038479830311564
-0.22027625485038 0.448112165200192 -0.00427919731454651 0.0509379620178601
-0.47403505866268 0.238658481910754 -0.0949879228555597 0.0727494283836823
-0.547957381775104 -0.110872642415691 -0.124620302662554 -0.0292442060177264
-0.437735817996727 -0.2512856637183 -0.0346532365116334 -0.155933863613942
-0.318171159349384 -0.289298649453671 -0.104157924440724 0.125316650516719
-0.463491446242105 -0.233445616037873 0.00794511838561964 0.0285544294593205
-0.45855238706198 -0.00688870177712617 -0.0800469322648469 -0.0679973682858789
-0.373774559203721 0.254575861488578 -0.0931190266657159 0.0160600958090504
-0.212388176347835 0.399518169392942 -0.07538906834279 0.0585484373793531
-0.023523293537382 0.425655069405464 -0.0125938014475371 0.0748415116418187
0.121832292647806 0.37416265138744 0.039070113746858 0.0447938163734185
0.157738320292271 0.361562208607559 0.0481945140368205 0.0397700437286296
0.156103224662858 0.345308644681162 0.0534881227640272 0.0374270953481878
0.110147801520801 0.418367236817276 0.0349927571404764 0.0408964420517132
-0.0461356047928123 0.463883858337813 0.0259100601251399 0.0511355128313322
-0.210236656163539 0.415728519316224 0.0109193461353243 0.0823167759401828
-0.426948283261887 0.233302944779342 -0.0425738762025597 0.0882114811141705
-0.516986759235323 -0.0745256924702514 -0.0218598775124085 0.00407007756728024
-0.443796478385723 -0.214086767361396 0.114420140480157 -0.0567016430551467
-0.307899689448406 -0.225535508508883 0.0347406993156492 0.258824551528468
-0.425563520079138 -0.156717913883608 0.128240123565387 0.0996187455144951
-0.391965027541094 0.0356197308876898 -0.0229117662012782 -0.0303079925935192
-0.306868152034003 0.228226657635316 -0.0993837736502126 0.0367233049172081
-0.177955634098822 0.345756148889271 -0.106734671201225 0.143250059977398
-0.0193571965709758 0.369050591620954 -0.0074607647398005 0.20386362007357
0.104623534458423 0.330195032068986 0.0803527492945208 0.182787479166744
0.130562804904418 0.319880079750445 0.104498364116892 0.170062908454438
0.121441648765719 0.30836318629706 0.109376072574277 0.156095157314398
0.069696468872889 0.357858795251742 0.0778648381248192 0.141775871251252
-0.0647096460931768 0.368719705739363 0.0373801864421576 0.127119007863993
-0.184944717435608 0.297337507093813 0.0128199152244944 0.100102264690448
-0.313623468676422 0.163807360148009 -0.0028753679504508 0.087764362496759
-0.398017801875825 -0.0478991031272703 0.0651908940817319 0.021617317956606
-0.379333663268616 -0.150397112518108 0.248091000709332 0.0283208912258546
-0.242330230416791 -0.120837802590377 0.166371316467077 0.359822079144948
-0.296488545464325 -0.0501258099310002 0.230046221186495 0.152384164551116
-0.232837701569476 0.0620889089760054 0.042078057530568 0.0140552380746219
-0.176935620550182 0.142982112841794 -0.0795661638383322 0.053614180099027
-0.113769989876363 0.221570647682897 -0.108062457079573 0.201599400719955
-0.0122622588993789 0.244844916483758 0.00893080117969633 0.296895515310838
0.0696898410257448 0.231985801525347 0.115044558711002 0.291314403486976
0.0841966300778533 0.232064377749051 0.14607926410625 0.273329963921702
0.0702469782090317 0.228669997021033 0.142612782019638 0.251836804320002
0.0208848333162679 0.249653503801418 0.0949539410411238 0.217372066594505
-0.0767322167865991 0.223804866603429 0.0280754771514801 0.178762359650751
-0.136707878028347 0.140060195490214 -0.000642769493456431 0.100437515069133
-0.160918540440923 0.0763544026668203 0.0193001594309897 0.0744901153733596
-0.232199992022224 -0.0118263117313359 0.123235297984046 0.0328698669552018
-0.267422622565615 -0.0688720447907808 0.344212114712052 0.0937370126264038
-0.125316536739189 -0.000121611701313869 0.26485701911887 0.407801448670367
-0.102678461644203 0.0400532878563746 0.302249225194514 0.174633431520099
-0.0365404224514503 0.0480653516109643 0.108812272309907 0.0394473927233938
-0.0400307444253572 0.0164313316217937 -0.044744300707836 0.0487695329191817
-0.0487828677421749 0.0602891392297823 -0.089161951649941 0.220792973629163
-0.0151283178057293 0.0843111567470577 0.029297170488699 0.337642323357824
0.0178912018293236 0.100076359947424 0.137370105174078 0.351897742599425
0.024574572283677 0.110087209861546 0.164381554405424 0.336111011488616
0.0159930112383844 0.11529214447226 0.147341770844301 0.311684788664163
-0.0154718127419148 0.109824334573056 0.0855095372970901 0.264463115490566
-0.0608368516487556 0.0648597889065755 0.00429768816636828 0.201901834431782
-0.055896953224832 -0.00149539035409278 -0.0186254164436592 0.0838317368500244
-0.000801397130379773 0.0191668466363698 0.0334147612646917 0.0549028253337124
-0.063208039416672 0.045936135410442 0.15612546692097 0.0462629046348604
-0.135847826878892 0.024893686754286 0.393883640449331 0.139966209018258
-0.0702320249698003 -0.0747292901426321 -0.447704216140556 0.10624821148451
-0.131658256412013 -0.0367242196969049 -0.227944331054963 0.128839791903726
-0.0918895138113695 0.0690428307944538 -0.0934442311850585 0.0343045130901651
0.0171584447369264 0.0993577557015018 0.013001728028827 -0.0260113689432307
0.0499822304596843 0.0527948986233503 -0.0625221318759632 -0.170590020124007
0.0570451959920223 0.0286554354798961 -0.206239459522176 -0.198769987473947
0.0468376507291976 0.00189859460005919 -0.314792944081926 -0.189007295514035
0.0474614452922027 -8.27347554794595E-05 -0.352593769698387 -0.185455733777711
0.0565951434666929 -0.00175074339924899 -0.347615439140871 -0.20090120999409
0.0827603268841232 0.0339660204363501 -0.268068271356027 -0.217555525276419
0.0761223685649337 0.0938906062057448 -0.137140656370829 -0.204795203434057
0.0174402106706028 0.151163669317342 -0.0432224264098664 -0.0608462523204637
-0.141251456812391 0.116528199649674 -0.139508694644438 0.031673288035519
-0.179750747763002 -0.0375222626520785 -0.324460350396983 0.0106813473274298
-0.0994756499065994 -0.0857856805562004 -0.502018298169121 -0.144222598162868
-0.206736389637854 -0.0860899067284962 -0.428295069242384 0.108110850973514
-0.267267375664489 -0.0183057269867717 -0.241950970807463 0.0967786272011199
-0.193828791607531 0.121667754781244 -0.135486653438178 0.044181479238161
-0.0365267504475878 0.210489684886502 0.00677880248554367 0.0105180004298827
0.066473755246953 0.189666013178123 -0.0409428144458968 -0.139435856238782
0.137362411789846 0.14500267341762 -0.163778546791318 -0.181862234376913
0.164801439869064 0.0812606997475936 -0.264046166718577 -0.184756754491045
0.182288782052271 0.0758634747798334 -0.299911334310892 -0.170993728087702
0.186057477969845 0.0761335445264468 -0.299145457271442 -0.170297443581605
0.20589913312272 0.144409771171133 -0.240710624043046 -0.171021884363691
0.153418459461496 0.250291617658702 -0.12438198534972 -0.15736907043241
0.0334942439616223 0.324512673999138 -0.0325620304227018 -0.0184610558645912
-0.229550516743976 0.292515359634508 -0.127584597352777 0.0818648543393881
-0.376304133635227 0.0713547159079978 -0.296075202818312 0.0430130540543787
-0.30885236924202 -0.047673883092202 -0.428622539356608 -0.120178444796346
-0.323489209559259 -0.0970029051130442 -0.346409809458579 0.124896559921076
-0.391734574886203 0.000913908748116456 -0.211632891445709 0.0648547765928762
-0.295153353048574 0.16908224502251 -0.166541463477086 0.0396009413964794
-0.101057272219878 0.309745222683338 -0.0196632322306377 0.0418532648566605
0.066554956884778 0.320294128546823 -0.0337140675059205 -0.0791576858359615
0.197345109078371 0.256677219243756 -0.107669743880654 -0.12459770997384
0.257756749930274 0.156635122145795 -0.176235754839381 -0.145577695726873
0.288293263542662 0.139755294065735 -0.202024578879054 -0.130545332836435
0.287136007833503 0.133938844773686 -0.202917788192302 -0.122212403893287
0.308369431818187 0.222531335532642 -0.16825999998187 -0.111029897828732
0.230780579937312 0.364335251335691 -0.0824497751036673 -0.0993489512711702
0.0714714351783277 0.454485169191475 -0.00414542980114869 0.0150182265803483
-0.260443467286196 0.439380463820029 -0.0823029144067244 0.11222588980232
-0.499959187440865 0.187194246481116 -0.220460869682974 0.0574781276364829
-0.459980329332491 0.0131444666762915 -0.289964956585628 -0.113180428472342
-0.406216612956679 -0.0895755716126283 -0.204993795877412 0.157315630908498
-0.484612370777377 0.0343281450440504 -0.125894611930919 0.041947855540539
-0.369017850044289 0.222129936631364 -0.163628835145519 0.026432187983368
-0.146903796024847 0.392907077581538 -0.0493085511546865 0.0692556207950754
0.0670008179567821 0.419350739457071 -0.0299918734297724 0.00713444386752174
0.233720136518107 0.338334169846383 -0.0385452929044095 -0.0296640077204295
0.313137414859056 0.209405084018233 -0.0622243544938865 -0.0749407132406536
0.347621227451265 0.182039042292407 -0.0745814573716419 -0.0695589389661973
0.343259396972584 0.173219745914541 -0.0748007538591619 -0.0640738589384824
0.364027725295038 0.264648296334196 -0.0627380529372349 -0.048357047562774
0.275467673043785 0.420898341102918 -0.016530126515656 -0.03862708333556
0.0986034075212948 0.512188567164888 0.0321395812747341 0.0374744220235475
-0.246870272946221 0.512300171835661 -0.0240605544116629 0.112122318811207
-0.532483600458327 0.265258364951782 -0.116362330195404 0.0408218392807921
-0.530027452603683 0.0682024461621612 -0.111558085608406 -0.118705421924323
-0.431432251244798 -0.0637511745499401 -0.0194211355426606 0.192202981562994
-0.508120065815733 0.0814360246089433 0.00552370354161399 0.0249009774297139
-0.378297943248886 0.262692496735209 -0.121122256666236 0.0149716607832876
-0.153294520879127 0.42042112854839 -0.0656637482995834 0.0948314382963258
0.0667810390233328 0.448522855266825 -0.0188642340384726 0.107732051959124
0.240803549474039 0.359466184880224 0.0423335946932401 0.0821933880941513
0.325635071716164 0.227123606495539 0.0636089179143148 0.0136732355326208
0.353890968581403 0.194832682851749 0.0628661755269418 0.00244614298791392
0.346069242289683 0.18644318112946 0.0614194082914986 -0.00215410360929734
0.35492793522328 0.274668982659743 0.0527980541470901 0.0106941593371186
0.258985151992013 0.413108008564739 0.0573605473675053 0.0197009765513734
0.0840001119582693 0.477313415426315 0.0640661950484569 0.0540962163976363
-0.21137977398624 0.47379293539581 0.0282833177080093 0.0918022976967854
-0.481526313306612 0.273511635212678 -0.0115845737486225 0.0021528159237202
-0.508544333992323 0.104724392347368 0.073469705784117 -0.134637817141225
-0.384884664251309 -0.0150052404548645 0.179719850572195 0.213821843047605
-0.432050939681566 0.121408211433409 0.14992330623704 0.00907667588989736
-0.299533955134664 0.257382933300933 -0.0479135031464805 0.00921030069594483
-0.116170847076887 0.360921501943144 -0.0579120208189478 0.112172278004479
0.0625124517227551 0.384258837802537 0.00792863387129761 0.193297507709117
0.210105223487421 0.309843239905154 0.125429534721342 0.181334631636756
0.284861702319197 0.201006436078624 0.183481237919302 0.100065760040461
0.306832811086669 0.178988345589581 0.189887572580491 0.0726536725290823
0.295625529235019 0.177725421975321 0.183336658329941 0.0588754297633717
0.285458504523948 0.249523691920098 0.150877468684382 0.0655326556946852
0.183632573553273 0.346621494356631 0.114095338919285 0.0746829070523004
0.0318542303985774 0.363858196383696 0.0762012364450501 0.0682582023186106
-0.159495070219817 0.339632954607352 0.0592501610258347 0.0675601132162716
-0.362200398213054 0.217028023312837 0.0705286207061819 -0.0358353789670273
-0.410740152944375 0.118878480621801 0.233410900451116 -0.15006894900754
-0.267885768101332 0.0368682567584067 0.354701394277121 0.210209949031322
-0.26582352637636 0.130502357475248 0.27133782627314 -0.0121180021644427
-0.152715343585769 0.185979510471808 0.0378648954163766 -0.00110278316951894
-0.0597938494776385 0.217977341055315 -0.0320482896206022 0.106409014232525
0.0412806922109119 0.246656020217606 0.0405166280937113 0.238161492783401
0.139252057229475 0.205823682765485 0.195308313680584 0.241789712040831
0.197537051963305 0.142594609805743 0.278920400797992 0.166871417243905
0.213810311417493 0.136230865922382 0.288382314420565 0.131619435308645
0.204429797553155 0.143731001579627 0.270236606591952 0.114537474846886
0.177255561385323 0.191201676232366 0.212650776470963 0.11645414882443
0.0802708587487988 0.234353216070051 0.138014352915926 0.123006926761698
-0.0276405938796561 0.202229822496748 0.0648896586164536 0.0792543105502921
-0.0863685222612169 0.165528648371413 0.0673874528222713 0.0454612614480066
-0.199000587124571 0.138961243381874 0.123872028165286 -0.0591310310398609
-0.262819153741317 0.116383494565907 0.348862392413564 -0.155673197599991
-0.100755842761274 0.0715200460492472 0.470635959893575 0.179054530313995
-0.0561010366652411 0.0904337162357562 0.350210451334884 -0.0421912232070438
0.000472312371893843 0.0587045315913296 0.112583176101304 -0.0308199134214027
-0.0232582651712601 0.0374307675485961 -0.00895242857285341 0.071971060404815
-0.00264874379251968 0.0783181196765073 0.0644153728644399 0.237330568398324
0.0395689383858855 0.0773732809006238 0.234631541780992 0.258048398173591
0.0760757463882228 0.0678696912470969 0.336025841309648 0.201443398698155
0.0897529567579163 0.0738849761299616 0.342940625438795 0.171123524532957
0.0881298423999654 0.0842946575200751 0.313443059049266 0.159911945363338
0.05883599536007 0.0992588230363477 0.234605408906156 0.160790408030104
-0.00866519068803417 0.0937274909015764 0.131644224955553 0.157693380372185
-0.0496353789482648 0.0339898187139149 0.0382430151159533 0.0791257472622003
0.0121477377867856 0.0125980706449383 0.0642922579910464 0.0225952638109938
-0.0195308276287635 0.0769185570364215 0.157203950913587 -0.0653689335881214
-0.0906041344198574 0.111971347622086 0.41250937364934 -0.147811516240319
-0.0765847703182394 -0.0742349413640299 -0.456708419103025 0.125538026373502
-0.138488927274145 -0.0305258412241079 -0.228741421621813 0.14161819480123
-0.0924671211816437 0.0753855413696915 -0.0963406658942703 0.0416534553532291
0.0235573772529942 0.100297304622774 0.0137737952444884 -0.0270018577610254
0.0540767428250898 0.0510115161534976 -0.0714169471390926 -0.170362098746581
0.0605262918799493 0.0247615731648481 -0.219705544953628 -0.193240845009277
0.0484244575729592 -0.000742391307246236 -0.330963216175777 -0.179386599464373
0.0483282959119235 -0.00168551806411713 -0.372295383939209 -0.176147980406625
0.0568474024556392 -0.00288762876950966 -0.368325501837783 -0.191908599668868
0.0860422898530364 0.0314603175162442 -0.285236594610868 -0.21242123781398
0.0842947459058853 0.092605660718162 -0.14991611711525 -0.205074556365248
0.0264280475108947 0.154738779042014 -0.0444994440875602 -0.0619311837910805
-0.140482619884128 0.128082012003179 -0.142682875452101 0.0366696758296215
-0.188841435740103 -0.0301481410461025 -0.33466636895973 0.0248624982292488
-0.104906021891113 -0.0864681271475648 -0.521943417946046 -0.128702820298399
-0.217606777344133 -0.0832750317928627 -0.434411110280801 0.126815668115282
-0.276922521949174 -0.00654871491541042 -0.243421939418737 0.109760322304441
-0.195790747871008 0.13291914901796 -0.140007922045498 0.0548522556918147
-0.0280690774695634 0.216665175537632 0.00953887809481697 0.0108805100275763
0.0773656341239481 0.191393799362474 -0.0475211195601022 -0.138628756032584
0.148274068145892 0.141469683144396 -0.174868436069272 -0.177855243792259
0.172121798774895 0.0759906689320451 -0.279019588262773 -0.177895119163874
0.190630265333874 0.0703208716397819 -0.316996264389829 -0.164324547351769
0.193849705988414 0.0711832179578983 -0.316966389372252 -0.163366355587035
0.218226760703324 0.139936650996815 -0.254311060104413 -0.165814934971527
0.171741585564041 0.249845114096104 -0.135375201775124 -0.157450393687199
0.0496062984359842 0.331805140201982 -0.0316404257618993 -0.018437825477956
-0.22443589334808 0.311271211703781 -0.127447039359793 0.0878418410132048
-0.387488185664058 0.0907599993266049 -0.302883346697313 0.0568870726218414
-0.319039974581377 -0.0398188798968091 -0.446759684188192 -0.107493967433771
-0.339457196681414 -0.0907548664283445 -0.349761374055344 0.14177828698459
-0.404576563018069 0.0166707960876391 -0.213764060923345 0.0744621507529256
-0.298807523885803 0.182388672135973 -0.173337419340107 0.0513215567246853
-0.0915861653372111 0.321889333119766 -0.0164181328800626 0.0451398610038276
0.0831985855560237 0.326389180098971 -0.036755050207541 -0.0763141743376559
0.215437446406618 0.254608103092999 -0.114227251318258 -0.120531264325484
0.271129265259749 0.15035316172001 -0.189231802940929 -0.142335544954889
0.302965337343195 0.130493560612189 -0.213739211965227 -0.127397777432278
0.301565212457734 0.12717116111669 -0.215700922685957 -0.117785773603164
0.32826562216052 0.216987552209691 -0.177268588208215 -0.106445533031149
0.255462144947564 0.363922175473517 -0.0902697474215266 -0.0997569903696516
0.0933977406568315 0.463524962477589 -0.00175648167793879 0.0147337917708447
-0.249389228182901 0.463109480998195 -0.079365926892569 0.11650163605732
-0.509496389108934 0.216147650227952 -0.222717259318574 0.0691330666802699
-0.472808194930799 0.0252838235136355 -0.305705583901191 -0.103830903150431
-0.422822498312567 -0.0837134326646132 -0.201345212218809 0.17047115075032
-0.498703825596624 0.0570437013509665 -0.126204669395067 0.0460422855354271
-0.373494482813801 0.240975404579452 -0.172020824609903 0.0385702609240168
-0.136034920656127 0.409479584769617 -0.0464040888645482 0.0744937726349649
0.0879143586224973 0.429026085096436 -0.0297216065944305 0.0136362539747124
0.256739902812926 0.336493278240232 -0.0387993405996741 -0.027074596861305
0.332367258489021 0.20320428565774 -0.0701867405781204 -0.0748675294358613
0.365449613418391 0.172084455255618 -0.0800080540123022 -0.069547237007653
0.360704329422311 0.16275700411778 -0.0809729498011701 -0.0630140160068489
0.387999502643158 0.258104493267013 -0.0651516789362608 -0.0467948379424962
0.302382028653049 0.421472463883828 -0.018891399357626 -0.0398693101286628
0.124250969376042 0.523290440705592 0.0364410931636944 0.0359528907576949
-0.234095082816889 0.53850399851348 -0.0174773387512938 0.113556264333759
-0.542026587879764 0.296659793584504 -0.114008646229526 0.0469360122254384
-0.54097146970828 0.0849361707473988 -0.122716794434506 -0.116081529127865
-0.448646292843191 -0.053022596727321 -0.00846653307228482 0.199437936938272
-0.522420545317877 0.10566638255689 0.00833917531426979 0.022847947798235
-0.381142032577665 0.283488822591609 -0.128645696431638 0.0250181321801326
-0.141293853307591 0.438986909100527 -0.0627702225605352 0.101498318252804
0.0889035036618946 0.460567571805543 -0.0134022285724218 0.117003191103436
0.264571332416776 0.360891689838979 0.0497232508664113 0.084647907486154
0.34430392195532 0.220938581141417 0.0623034699950961 0.0115401056178144
0.372540427650683 0.185618410831704 0.0651780409551079 -0.000642184731194351
0.364886872096559 0.176872459922247 0.0631074023775999 -0.00475098055222883
0.380805638122601 0.26682465594504 0.0561769878769067 0.00860789710329433
0.287072770380034 0.414287890872742 0.059607732557513 0.0170441315133107
0.10820110681383 0.487568377449627 0.0693917004770018 0.0524116747844531
-0.196087633702621 0.495508668908679 0.0357181731304322 0.0912409457457051
-0.487928212385191 0.303325317310315 -0.00671832893746535 0.00297474742293051
-0.517695806273784 0.124593741656564 0.066385635170878 -0.139947685869709
-0.398004645252759 -0.00621026848375254 0.197279325066769 0.214207543596159
-0.44028168434715 0.143581355172836 0.155472300025812 0.00156159411297578
-0.2980006927245 0.274014492999609 -0.0523913320278264 0.0155385413876317
-0.104838445880882 0.375434605314526 -0.054974481141571 0.120091501773926
0.082394680534169 0.393627989137821 0.0170418505579172 0.204016669433915
0.230847016720399 0.312262010268577 0.138695242201293 0.18271466927739
0.30149756593455 0.196151648058016 0.189347837699792 0.0952849377223557
0.324136142566538 0.171075635692645 0.199248209356867 0.0677821351883825
0.312053728884247 0.170011366098578 0.191122035378956 0.0528115328775324
0.307581237125159 0.244274795599441 0.15892157550113 0.0603094452033622
0.205498636357538 0.348884621345168 0.119806844637594 0.070922709635578
0.0475356121345481 0.37245236698682 0.0825475909169143 0.0668031043475977
-0.150163157844432 0.35513680925735 0.0675410819727336 0.0648866607063263
-0.365634026408826 0.240924991935269 0.0754750038186386 -0.040116607835104
-0.415822324729106 0.135358813233745 0.229968734551335 -0.16263729476718
-0.275201711251575 0.0443331266198809 0.376680044949787 0.205683670896262
-0.268274155991972 0.145749775117068 0.279214281746868 -0.0251676994297444
-0.150099100284019 0.194893263530134 0.0366047951752704 0.000157314212832053
-0.0540071940974348 0.227021072660703 -0.0294561105512329 0.11273315824115
0.0543544493586816 0.253132743868329 0.052620122626533 0.247769819938622
0.153644603986612 0.20808909442492 0.211861022897478 0.241952296598734
0.209948388806178 0.139679600262971 0.290842206197134 0.159867047550822
0.22665337798044 0.130733130771589 0.30391634734539 0.123988383975918
0.216728962739692 0.138549980376246 0.283076548408363 0.106015483244067
0.192416570614361 0.18799275451796 0.223730381349475 0.109287861951061
0.0933668533199144 0.23847080972776 0.146867815060332 0.118653943166694
-0.0207732979585955 0.208712613358531 0.0704834381368043 0.0777075869365194
-0.082826383684759 0.170663667633243 0.0754340152048079 0.0430835643641084
-0.199394128515081 0.151102049972505 0.128631956209956 -0.0662017238958773
-0.263052945194312 0.129337987657404 0.347532837297018 -0.173319397099432
-0.0999615954880096 0.0758955676007713 0.493439820464689 0.168529331231034
-0.0533324857237842 0.0956730944843174 0.357603528143835 -0.0589019144212526
0.00346404515419716 0.0580272056397779 0.113491991401688 -0.0348726258907849
-0.0230316168251809 0.0400760286854151 -0.00694133225213073 0.0768097383345794
0.00116507499412981 0.0818986072278278 0.0768112370675157 0.245520130596695
0.0446085496006699 0.0797813446570625 0.25271394749951 0.257281024991107
0.0816599942634364 0.0676883132789024 0.351004501815985 0.193862533766485
0.0959746643868683 0.0723417150198877 0.362147724737974 0.162689852715112
0.0956111875111893 0.0825343706855966 0.329925269980703 0.150200063025992
0.06544616887717 0.0986944524890052 0.247285252553602 0.152847141948321
-0.0055345451291541 0.0981258022002928 0.141415867132438 0.153407726027699
-0.0513460583073638 0.0375803874173821 0.043042235333442 0.0782698416350612
0.0117058349480568 0.00925910484996618 0.0711312887408777 0.0196305571007599
-0.0162206330824176 0.0793649616031343 0.162000623610294 -0.0738111403798025
-0.0874662288334279 0.119843709481003 0.413312471320839 -0.169410889729453
-0.0829289666825992 -0.0706187801614857 -0.451889644667606 0.153936881907093
-0.142795855396618 -0.0200934228141405 -0.221213924329474 0.158099427460516
-0.0886656219923441 0.0826548366029419 -0.0962871131485886 0.0505317022250286
0.0309139902649996 0.098407075601196 0.0131454884315159 -0.0282305600036544
0.0575951499042179 0.0465018184335757 -0.0822395510146701 -0.165739798385141
0.0627213428168272 0.01889705834991 -0.231350412888432 -0.178899261340362
0.0482892593580073 -0.00483207653654847 -0.343669559494925 -0.158562233615619
0.0480241650698328 -0.00453661272451581 -0.38795790357562 -0.154478637580462
0.0566184797921865 -0.00618453230253332 -0.386086641539814 -0.170972880407993
0.0895605379804123 0.0256276305843279 -0.301605105761349 -0.19695952476412
0.0930482766029091 0.0865542332340778 -0.164539273827041 -0.19757225111842
0.0388472700523567 0.153573295012197 -0.0470657653695846 -0.0612109470712578
-0.133157119582465 0.14037200896217 -0.142677779591294 0.0441006565864505
-0.194931936376308 -0.0169133991449421 -0.337442474489424 0.0461349748042007
-0.111637999283992 -0.0833433776339708 -0.533282383671815 -0.0963800299427099
-0.226598410334397 -0.0728561626811784 -0.429826893664673 0.152915550613802
-0.282352378236852 0.0116994704700123 -0.237899358067613 0.125042660479612
-0.191185796380003 0.146360255560741 -0.140835805433542 0.0674825387441915
-0.0138379639599203 0.218783185500244 0.0120928539119933 0.0105070958784424
0.0909145139845245 0.187254823730506 -0.0558051995988215 -0.134897445284549
0.159605793594908 0.131069007381127 -0.18585277455531 -0.166886253363069
0.178141770821578 0.0651585519120053 -0.293730262024144 -0.16031770144701
0.197187633640499 0.0588943952257369 -0.332154660810883 -0.146221008811302
0.198976836289959 0.0604422718372822 -0.331823870105738 -0.145063461208479
0.229950427350338 0.12759041360245 -0.266892139646171 -0.151060756119203
0.190888643937739 0.240307323939446 -0.147015327098855 -0.150981276324501
0.0727421942700239 0.330272183433584 -0.0303430615540014 -0.0179396776697428
-0.20641114621223 0.330790104231846 -0.122990215338459 0.0950310663229249
-0.388254417324839 0.119308723405248 -0.301889211618655 0.0769621131131315
-0.324290410438323 -0.0255563609474885 -0.458123387081101 -0.0798892517862369
-0.351000701289568 -0.07378437794782 -0.341849712698017 0.163690507868158
-0.409399751629788 0.0446656565456273 -0.20950460748168 0.0871453675188319
-0.292884063684056 0.202129829595495 -0.174581562705005 0.0676301414615696
-0.0719031356112349 0.329930091705768 -0.012054301482821 0.0465665401672258
0.105913346799407 0.323732345120939 -0.0407463930011913 -0.0712554334196451
0.235203027612637 0.242059169292396 -0.120911765458992 -0.113127976295921
0.283085355960807 0.134401525355427 -0.202004451308311 -0.130363260922502
0.313774745916185 0.11259944042904 -0.225030538147185 -0.115351298656982
0.31135925751576 0.110168309895655 -0.22652371673004 -0.105212317359739
0.345701042580122 0.197870165110828 -0.184351586699518 -0.0963493831902492
0.283558336103599 0.350171325621826 -0.0981016598798661 -0.0958096553891628
0.124397730589376 0.462534529692972 0.00193359955963678 0.0129717373517824
-0.222280227548033 0.485660424081236 -0.0713739756602963 0.120865210777902
-0.5036319104509 0.254829813143457 -0.217748494729792 0.0834062940067792
-0.476008996196804 0.0487677636558708 -0.31585999666805 -0.084598811120682
-0.436777953392387 -0.0632422978732967 -0.190179046195432 0.183348143497357
-0.502629304167571 0.0900942107280914 -0.123478058328141 0.0516923485116926
-0.364352785944735 0.264352313734424 -0.174483186407235 0.0551921636579012
-0.112761381980828 0.422383517595404 -0.0407497164825047 0.0782863387823614
0.117136533745215 0.427076732413559 -0.0283553008470095 0.0195901231158863
0.284051537356125 0.324381444313533 -0.0383154961391778 -0.0229757997397456
0.347857305598327 0.184478455159686 -0.0790617775590938 -0.0702486135258565
0.381762768320615 0.149934166681938 -0.0853123987426023 -0.0664100703685548
0.374252456104218 0.143525400260654 -0.0860712349602716 -0.0586242974231278
0.409552662293661 0.236614935062414 -0.0676808276880722 -0.0439547972202485
0.336662872165123 0.40522860255923 -0.0229358544711216 -0.0399521069473487
0.159674633956189 0.518412342390211 0.0409518470412329 0.0330256824544102
-0.202308246045412 0.556561467073665 -0.00821582840828413 0.113369085678747
-0.531790257097213 0.338636960732464 -0.107946212933348 0.053978466827844
-0.540845755454897 0.116147724751889 -0.133561513260223 -0.107803627831006
-0.459452101079926 -0.0329337060998035 0.00768445403913683 0.201782652519687
-0.522143972857799 0.140440542395629 0.0104049902126593 0.0195183771842196
-0.370094311394228 0.308145425050201 -0.131613134632469 0.0387138519679856
-0.115987900182079 0.452190498167393 -0.0561015299125134 0.107371283079949
0.119688873226798 0.459306927047392 -0.00510423773956157 0.123780081365214
0.292623096290317 0.348018888153246 0.0583576840960753 0.0838330410033343
0.361605471724522 0.20213874903478 0.0597973988337011 0.00814997160829862
0.389547927701873 0.16422190319726 0.0659366350693428 -0.00565983390358899
0.3800000385051 0.155953416591729 0.0630982700505609 -0.00905011868115789
0.402771650715355 0.245510132924739 0.0587122292903873 0.00418198703349071
0.318248758404682 0.400257703004777 0.0604593807181017 0.0125705150834979
0.142149901383194 0.485617918899679 0.0743629864980559 0.0475570108148962
-0.168178191196491 0.512412011774307 0.0454618738468673 0.0869103984624553
-0.475070645171594 0.341753936053008 -0.00236364094429559 0.00209847774930938
-0.515013544856096 0.153732533508361 0.0551168135694232 -0.143523626954857
-0.404525131735354 0.0137169342422078 0.216342464353033 0.204652105800557
-0.436986647479366 0.173751119964194 0.156775239380977 -0.0116774950337942
-0.286678194909179 0.292182403457001 -0.0544209665994272 0.0236094753738009
-0.0830276917562884 0.386451016332218 -0.0471535289638216 0.125302076826913
0.1090488565053 0.394749460413661 0.0313490018217111 0.210001155497355
0.256587017818632 0.301858413439729 0.154171471289995 0.176600955151789
0.317356367078487 0.180843415623098 0.193759020431761 0.0852437749822568
0.338196619119078 0.152142096082296 0.206336345993839 0.0556190117777867
0.325879656598829 0.152053653632852 0.196648832722093 0.0408606196131195
0.327894241094296 0.226162028977018 0.16534488257116 0.0494619636045306
0.230262206639133 0.339571951603172 0.124973646197515 0.062501625657999
0.0706822731537115 0.372439080631177 0.0883968407815048 0.0607894997605542
-0.131396091443998 0.366153799652662 0.0759999612273264 0.0586502822106732
-0.354777568146916 0.267731015347734 0.0781231527544766 -0.0464084175536505
-0.409160554769061 0.159531056654343 0.217232496473853 -0.175716594731147
-0.276337424578413 0.0589783167170563 0.39609161946182 0.185147028784923
-0.261500081116427 0.164801667778759 0.278976579819315 -0.0446255146465332
-0.140342401809968 0.203016124290483 0.035585409224975 0.00142644913106196
-0.0407679620955396 0.23236048531598 -0.0221925447087114 0.11743113551221
0.0719275746675368 0.253155094389733 0.0694577272952719 0.252209268623162
0.170207885201371 0.201357337945029 0.23049718187924 0.232663994995702
0.221560586732003 0.129271664179475 0.300541182531376 0.144321071507015
0.238225557668242 0.118068651188754 0.315904145812148 0.106853086395937
0.228507798686007 0.125088636146922 0.293125425054872 0.0897410473658848
0.207383834087485 0.176603271188842 0.233070322828395 0.0948960946951786
0.109526204462696 0.234890683818568 0.15477206426886 0.108185916093186
-0.00965040616034356 0.212748451817135 0.0765263136115185 0.0735527862300973
-0.0747555592231815 0.174428687511388 0.0825623654190573 0.0365101914000244
-0.191466770829812 0.165121250374552 0.129618589507542 -0.0761459941292481
-0.254733177668025 0.145272898098692 0.334554098417218 -0.195009880539259
-0.0962931585933899 0.0815270608630049 0.511641295516089 0.141166150630676
-0.046837802041343 0.0995725238609062 0.355797285932132 -0.0827729849267341
0.00697727707467324 0.0561111811301375 0.111615160891207 -0.0414123197949112
-0.0216672731254754 0.0422805455655701 -0.00309011501803589 0.0802769240193946
0.00717618070960731 0.0831908219529566 0.0935053956399295 0.246926727494979
0.0509479749982861 0.079516104600037 0.272161448300305 0.245114346738224
0.0872298668517837 0.0640345491029537 0.364869300136342 0.174565013994084
0.102715214751634 0.0668064961581543 0.377665631307951 0.142311487376356
0.10203885668999 0.0753815015483212 0.342212202626646 0.130684068690541
0.0729236994272883 0.0946261258231997 0.258264122631263 0.136190993299493
6.40987053124222E-05 0.100253066537911 0.15234013142826 0.143170704416022
-0.0521828119855488 0.0422300471430535 0.0481060822917332 0.0756214352756202
0.01065993160519 0.00522331844277125 0.0768723935175066 0.0138987194188367
-0.0102188795524927 0.0797138715779873 0.160570534807733 -0.085799209437168
-0.0784027704431111 0.127783294158585 0.401361092835332 -0.195406650192191
-0.0869962619509252 -0.064365134985361 -0.433626256369222 0.17897454854014
-0.142660356971957 -0.00929689303836134 -0.205476902165394 0.169093868267571
-0.0829471973452081 0.0875737064621311 -0.0929414461987954 0.0590378218818198
0.0382045800803504 0.0937185545950324 0.0121509221838332 -0.0281673428873962
0.0593185267219664 0.0412134338166814 -0.0916482114629002 -0.156285990216145
0.0621855548094758 0.0123886700345981 -0.23757280691451 -0.159784785589754
0.0462487978050361 -0.00822046688179418 -0.346038614434655 -0.132792563735382
0.0462589205777913 -0.00651311134928835 -0.393020561112856 -0.127529771331068
0.0535243375201943 -0.00863000056649819 -0.392180742630751 -0.143560687484959
0.0888303276571197 0.0196223694179972 -0.309792482627055 -0.175458029708802
0.0980803897516102 0.0775644048611631 -0.175039617352393 -0.184719348621016
0.0494191314301504 0.147561370769702 -0.0484015899199291 -0.0587322865314718
-0.121391584034947 0.148371317137851 -0.138309082480859 0.0511716028435389
-0.193941627551616 -0.00246692940794093 -0.328273529427927 0.0680105401122732
-0.115996387604925 -0.0773455953140743 -0.528322953164785 -0.0641636185126928
-0.229792956329854 -0.0593337448898503 -0.411597754078863 0.1763960879445
-0.27731379242057 0.0318730971968457 -0.224177105414813 0.136742508382734
-0.180346127419674 0.156290777122844 -0.135641651143379 0.0803226742249484
0.00142915100935511 0.214954842838013 0.0138002147200975 0.00903185100094889
0.101607027595907 0.177008712855961 -0.0632385491540699 -0.126455542223563
0.16552872609807 0.116881495127287 -0.191553412166551 -0.150685405636454
0.178302361696744 0.0524962349227862 -0.299056765907756 -0.137608435994282
0.196564331365347 0.0456523344610738 -0.337554884957987 -0.123789571548042
0.198880889310043 0.0484018190574056 -0.337693762094709 -0.122163051211216
0.234311647318933 0.110416568776815 -0.271772827550245 -0.131918423707258
0.204538942789471 0.222486109388927 -0.154496773286581 -0.13927427100949
0.0939495415223702 0.319022251882399 -0.0289706703827792 -0.0185570702298857
-0.182037835499469 0.339075412725109 -0.114937653489618 0.0997519932147912
-0.376093037532732 0.143499965021481 -0.290410031135663 0.0948487860965542
-0.321505739722107 -0.00856163683523028 -0.45463600529511 -0.0507465892738205
-0.35389773261012 -0.0550016849365812 -0.323434851273998 0.180817626212032
-0.401479172318423 0.0723885023235264 -0.200653157134555 0.096643236785071
-0.278539966711175 0.217137565707906 -0.169474921872106 0.0838001718036168
-0.0500036451037677 0.328090794399834 -0.00756722712075249 0.0459298403077525
0.126148062348152 0.310194186334478 -0.0426802397692441 -0.0653674182310316
0.248161383529078 0.221371502965381 -0.123800957480686 -0.102709836400344
0.285685930179833 0.114361049030101 -0.208685116743429 -0.113642063873308
0.316271891274138 0.0904429056976951 -0.229622507478073 -0.100080714417987
0.312948191360867 0.0902231058491829 -0.22996061792589 -0.0891532377425638
0.354305715306057 0.172310165684033 -0.186478599620839 -0.083832531887096
0.303861942626989 0.325408092712921 -0.103499772116249 -0.0889235934833695
0.152926924493463 0.445352183070596 0.00514390851223578 0.0111323465140251
-0.188359387430848 0.494229684305274 -0.061181394073563 0.120119367025694
-0.480702728452638 0.284307712681494 -0.206372075930798 0.0960282175314312
-0.465414671087211 0.0730573953632513 -0.316659073912411 -0.0614775705694624
-0.436434718797422 -0.0382200391608356 -0.172330263011986 0.189876070075934
-0.49028288574877 0.121935172499023 -0.11753057636053 0.0555155379530919
-0.346519687979607 0.28228069733974 -0.170361892936696 0.0712557308091057
-0.0835923653001395 0.422642053890397 -0.0340166095930299 0.0793467334555415
0.144197139584617 0.412234877182473 -0.0246994942393997 0.0252539645151702
0.302274486395114 0.298763647211593 -0.0357442341819091 -0.019510402489407
0.354355520019253 0.161066359757396 -0.084715723021773 -0.0618348426408762
0.384436042898122 0.123982124825275 -0.0889928352514097 -0.0605008184956472
0.378855165379725 0.118612707995552 -0.0892106565766902 -0.052735564606231
0.420000174070259 0.206112356992021 -0.068444150328354 -0.0396635034785974
0.358888051501233 0.376833829927912 -0.0258161049145273 -0.0379979810393051
0.190024895618697 0.499778903511579 0.0448086339291209 0.0283350540288829
-0.164985243003552 0.563793856911866 0.00117355317159447 0.108477820928441
-0.5041567043739 0.37058053467172 -0.0990729655185407 0.0588443545828975
-0.525069528049227 0.142030976479559 -0.139641725580747 -0.0954484010034283
-0.457985860348254 -0.00659254711528433 0.0233740057900295 0.195930247924276
-0.506448314335643 0.173011978074656 0.0103525420228736 0.0153364822615679
-0.350290237825913 0.32384648181255 -0.128493514254813 0.0523532333097502
-0.0871414599865794 0.452634166879614 -0.0473955523766966 0.108713723182083
0.148346532468125 0.444373817130301 0.00486017039118292 0.127210844662938
0.312950097660742 0.323945034050393 0.0659724528699458 0.0796924766682967
0.368519210181588 0.177626235228747 0.0562935140735528 0.00668877456959422
0.393012011125776 0.135917869864042 0.0640190009265938 -0.00995639347019539
0.382928752754433 0.130304138312754 0.0614844625877338 -0.013383435861007
0.414159578802285 0.215397656666154 0.0589965785467592 -0.00122281005517091
0.341512037072366 0.372333897822333 0.0588690183378094 0.00838112002104792
0.1698260638394 0.470612416769256 0.0777298293103541 0.040369348427603
-0.134482661565263 0.51473979528234 0.0532091734330056 0.0787193042665771
-0.447456531412943 0.367571510523265 0.00191405579573588 0.000806345530313205
-0.495427239706697 0.178045954993888 0.0425271471451352 -0.141170131546759
-0.401470066375504 0.0356581603727525 0.228805070514131 0.187850594963052
-0.418074458266891 0.199859642762207 0.152089438366743 -0.0237812200999893
-0.26665943006352 0.304398171277557 -0.0526564865773429 0.0315965051813655
-0.0595778559946361 0.384753138154166 -0.0382181347281946 0.125993344681776
0.134154571590866 0.381551910922398 0.0463629955799488 0.210020132495754
0.27291537360658 0.281707334929139 0.165430884801814 0.165196404057519
0.324139775714378 0.159045010389698 0.192667832866801 0.0746319552086323
0.343368587717525 0.12826994016878 0.207475404953026 0.0408992165400295
0.330682220460292 0.128837448734678 0.196241411255201 0.027206468772103
0.338878273430362 0.200145076965073 0.166483218594314 0.0361104346023751
0.250983672754731 0.319422113645753 0.125964689132439 0.052625750094601
0.092424108237181 0.362153346689287 0.0924538105710726 0.0535683662985418
-0.107100320810141 0.366525525725665 0.0821040501277601 0.0492158146591976
-0.332500595780359 0.285810589138584 0.077843256643427 -0.0519681604080362
-0.391251753997767 0.177614481932455 0.198537863839166 -0.182764681549312
-0.269851539096379 0.0725081121167724 0.404386421913048 0.157192508638386
-0.245698584925197 0.17947481339832 0.269033616680594 -0.0635996440685934
-0.126922801537986 0.205477485513016 0.0347566566786177 0.00227203747313
-0.0270801034085274 0.230626946997016 -0.0147373611912717 0.117860689011935
0.087844178069513 0.245084233746172 0.0860451751325048 0.247656607781858
0.182452030575474 0.188096009479129 0.243539526342257 0.215627323521847
0.226825905962009 0.114696591564385 0.302196034707151 0.125359011476995
0.242442531075865 0.101214018780839 0.31881317031888 0.0852094056802648
0.232795849611597 0.108338952833114 0.294481269130456 0.0682595362366134
0.21643571340778 0.159403027946565 0.235306465436088 0.0760024305964303
0.123527026016184 0.224710124883815 0.157636284104936 0.0952572604918459
0.00192200134833727 0.210619705067888 0.0802511361937214 0.0668241689263903
-0.0644464827776284 0.173463405066753 0.0868416341542648 0.0267407586726609
-0.177707167874907 0.174390337881793 0.124489400925605 -0.0845623539110013
-0.238780321911762 0.156651919218205 0.312145797512985 -0.208891732030576
-0.0895633116841108 0.0851632760256986 0.516282282291569 0.109523148718602
-0.0390219701878478 0.100867030335008 0.342184487082754 -0.104491575341535
0.00991564668578272 0.051768015625833 0.107254749111825 -0.0458940673583803
-0.0197497407936962 0.0428238163797345 0.00182084042968993 0.0804888372188641
0.0134191102195708 0.0823181934810314 0.109419853038918 0.239665218951689
0.05674539083264 0.0758623906668919 0.284124141423299 0.225487964487904
0.0904788233028008 0.0579667466360902 0.368235466023784 0.149998840092601
0.105922021726902 0.0590135371397112 0.382875251605102 0.116784119322128
0.105497191132696 0.0671869395272454 0.34543157870159 0.106328877626774
0.0780273038893927 0.0874554718710062 0.260995479411295 0.115825515611136
0.00645410704777799 0.100082481137967 0.157720291358595 0.128092988600799
-0.0500160216276656 0.0452732722724882 0.0516333623260485 0.0705551756385251
0.00875710769814434 0.00137427905541223 0.0800113805203011 0.00613619150841448
-0.00475873488737214 0.0787000337419763 0.153703625370834 -0.0961350249081581
-0.0663684300639564 0.129931512955007 0.377195267774527 -0.214368510589945
-0.0876987043081692 -0.0577223482438922 -0.409056885363748 0.191157831988693
-0.139356887041438 -0.000771992732988757 -0.188396991396218 0.172469057964212
-0.0755075926997524 0.0896294093755246 -0.0881779809467356 0.0639558063711159
0.0422566716308903 0.0877609570705821 0.0107693195571952 -0.0269869215940397
0.0584251658751569 0.0360866229140744 -0.0950308284607371 -0.14537047108988
0.059692845817697 0.00733938804330128 -0.235563031367565 -0.142414677458121
0.0432606756628189 -0.0105040440177964 -0.338379382633715 -0.111956549575843
0.0433494163081943 -0.00767959819247127 -0.387143244783856 -0.105957962253764
0.0507272393820144 -0.0091125156772846 -0.387120812012932 -0.120746329850177
0.0862468328669966 0.0147420213570272 -0.307494380086095 -0.155386720994485
0.0985830440333575 0.0686921211505654 -0.177353805381636 -0.170808808856195
0.0558845971969152 0.138884239534878 -0.0471419675469454 -0.05708320135933
-0.10971490716949 0.151046531738831 -0.131688049204593 0.0550922528914513
-0.188724793506727 0.00796512967901938 -0.312652634379982 0.0813795353983194
-0.116719755227463 -0.0724087977991354 -0.511798753415933 -0.0402864114757784
-0.227359949023259 -0.048552796794987 -0.38822683819433 0.186615350048133
-0.268178990627353 0.0451942416532037 -0.210054777351546 0.140574862300252
-0.169084808629716 0.159502868223437 -0.127950809341498 0.0880647271672783
0.0115628986939468 0.206410741489176 0.0142450307252068 0.00819164517242801
0.106685652918774 0.165384775434021 -0.0652269953594949 -0.117012162361138
0.165644165489331 0.103461431908748 -0.189859700729824 -0.13622509306515
0.173860198320989 0.0425135979115071 -0.295099588154612 -0.118042218053362
0.191985481203555 0.0356298003476028 -0.333262230704897 -0.105397796952155
0.193169196098849 0.0395518683631214 -0.332532707562452 -0.102482159948281
0.231107843416424 0.0963148051358075 -0.267392700361933 -0.115959507621732
0.209103342059749 0.205593360839924 -0.156158256103478 -0.128824102828521
0.105675882924719 0.303031431743775 -0.0258957570605788 -0.0185840665675079
-0.160435462372005 0.337999608688935 -0.105794749414299 0.0994358257965799
-0.35862550661548 0.157714009821985 -0.273857830634254 0.105079330560235
-0.311975843864501 0.00121809297176597 -0.440291799045169 -0.0298996759193761
-0.347571266899186 -0.0387100993070041 -0.302450249101801 0.186394063125816
-0.38612573737947 0.0888893568038725 -0.188512045357625 0.0996633724199121
-0.262435213547563 0.222786328122624 -0.161164844728259 0.0935764584138253
-0.0336213637824833 0.318175538935178 -0.00480208625083535 0.0441806717725325
0.13697701505397 0.293913311692469 -0.0427952344337768 -0.0571234803044935
0.251078424644033 0.201207600062334 -0.121347154237522 -0.0932942905419367
0.281680464535231 0.0992808645558741 -0.20772250709278 -0.0978258919601159
0.3091256480588 0.0744824314329017 -0.228261551153202 -0.0876021336211794
0.306122094792079 0.0755004531161358 -0.227761953622949 -0.076728430569318
0.349086423745792 0.150663606961594 -0.183386442918965 -0.0734299104995294
0.309542375698451 0.301622255577688 -0.104776826870232 -0.0807530609622631
0.167326564929089 0.422184341871685 0.00838669506147979 0.0075588239102829
-0.161032318267921 0.4864407396652 -0.0521489999437671 0.116381743494564
-0.455237613815118 0.298414289377887 -0.191406552141522 0.100972684542613
-0.447660360927875 0.0855799162030805 -0.307993021955825 -0.044952434337279
-0.429492311715437 -0.0201473662172312 -0.156015846845634 0.188614870236123
-0.468587868979559 0.141957898596074 -0.112049335450058 0.0556876163506577
-0.32545773095904 0.288111255930452 -0.162168798958868 0.0824001055459762
-0.0630956969008444 0.411762722519938 -0.0290171143945506 0.0776687928503036
0.158085806474564 0.392510014969429 -0.0202839258078686 0.0293937237975667
0.307713040027232 0.275448053078636 -0.0324133737636852 -0.0172880449133371
0.349571082372485 0.141039152568006 -0.0860072699079828 -0.0538021828644877
0.377157553615908 0.103874826474831 -0.0903180138105367 -0.0550872399980579
0.36938010049967 0.0990763109818741 -0.0888661339483636 -0.0475394774406839
0.416067959906143 0.180758068013165 -0.0665784005876689 -0.0366957353857219
0.36592100928047 0.348515958258496 -0.0276141335955795 -0.035851895266678
0.205772483228153 0.472910628061717 0.046966920827047 0.0227799880603539
-0.134914967820764 0.552687658340717 0.00808886271962612 0.100648086020802
-0.470949095765383 0.382498640267811 -0.089105471776209 0.0591912093550993
-0.502577979898792 0.153764057378912 -0.139558808529649 -0.0839018304432401
-0.447477314047178 0.0100924124684361 0.0330199637806028 0.185803235187183
-0.481640974608844 0.191357066372994 0.0100908608049715 0.0117534645077006
-0.329011262868743 0.327824867311163 -0.121834632951671 0.0620207694344201
-0.0652474430367098 0.440903382749258 -0.0413352181225057 0.106641193269399
0.165454551144047 0.422319872065359 0.0129949981547046 0.126403007048378
0.320072456932312 0.297866811785961 0.0706551466065505 0.0738713116677802
0.364848277347004 0.157465982351137 0.052833727312252 0.0064151845118316
0.387491046648538 0.114522161515181 0.0608189624689581 -0.0132655803002092
0.376318016571548 0.11052566399259 0.059450756272191 -0.0168383875813225
0.411393887747714 0.189900522632778 0.0580525286259546 -0.00536375187491502
0.34936138499872 0.343900998749193 0.0568270047906162 0.00516441028044257
0.184189120939396 0.445224537523063 0.0789191503586235 0.033493911797749
-0.106839760868104 0.503535343986971 0.0570553056425855 0.0691001072484193
-0.417189757411066 0.378079428808341 0.00598883100159817 -0.00197684943017086
-0.470830664582997 0.188354744317323 0.0331614520508643 -0.134876469292628
-0.389195629722286 0.0499911792271317 0.231393944653433 0.169284723377976
-0.395920379375359 0.213598046362303 0.143981616149297 -0.0317245520346944
-0.248492105376622 0.303805145104723 -0.0498756821243909 0.0376207018308631
-0.0424008655450055 0.373621666413151 -0.0317500907842391 0.123234891363937
0.146884567048815 0.363192248768885 0.0567032133382332 0.204340708417162
0.279683175513967 0.259369983907945 0.170270476671269 0.152958738250851
0.321487356830059 0.141234304167319 0.187625365810393 0.0663407516034111
0.338087054839983 0.108277711230148 0.2022301616946 0.030548123876108
0.325933568887523 0.110109757000374 0.191032153317634 0.0164141383229765
0.337211969082852 0.177282523698153 0.162709985155716 0.0251418521290746
0.25846550521455 0.29673084266568 0.123356917980359 0.0443971178245392
0.104989592747134 0.34632359603012 0.0920737761907694 0.0461313347789463
-0.0885444355692559 0.358059118924989 0.084166582779471 0.0393039383060398
-0.308420898493496 0.293572653167735 0.0756041651604326 -0.0565506942800155
-0.369066640915031 0.184124671958624 0.181399143722939 -0.181642022278867
-0.259114441824995 0.0806407399803675 0.399631094434184 0.134753204128588
-0.228454748513185 0.184688839919617 0.254868192036532 -0.07369945673458
-0.116114683967113 0.202413727139156 0.0341122649065446 0.00375932083386493
-0.0170957538754846 0.223873291388964 -0.00912219965641691 0.114677196878368
0.097145944135336 0.232695401706831 0.0971104743750945 0.238200700396855
0.186953409091711 0.173905553428341 0.247351805674164 0.198223115650452
0.225922506639611 0.101961517634143 0.29675878291311 0.110018559772707
0.240363225931014 0.0856662432938626 0.31370442748401 0.0687979692308591
0.230127423520632 0.0937752390303834 0.287736909079841 0.0520870947540798
0.217360449876809 0.143162098441927 0.229954456912678 0.0604248508244503
0.130628973931901 0.211499474740332 0.155816425975914 0.0831399971630733
0.01035746920501 0.203904185413717 0.0806890939003877 0.0596225866830153
-0.0564218420681527 0.16861297044945 0.0882165920224731 0.0181708337670144
-0.163590163653585 0.177433709826015 0.118876789197059 -0.0889070091074397
-0.222353497956337 0.158410637545081 0.289040305301429 -0.211452823219215
-0.0826068703974454 0.0856949298350168 0.505025300758159 0.085864309829989
-0.0314777818366931 0.0994106475271671 0.323392579460521 -0.114407696158416
0.0105212403321108 0.0476605127555764 0.101701525055628 -0.0483941607016731
-0.0186446001480012 0.0428827021613445 0.00492038313019683 0.0786357657849456
0.0176268179106152 0.0791795036805868 0.118832951613902 0.229938284559524
0.0599353179946145 0.0713444374443477 0.287060040927638 0.206424367598324
0.0910239277006209 0.0531379770909186 0.362622316623425 0.129907307518036
0.105932818158284 0.0517713392449859 0.376992669051138 0.0963295607723302
0.105277557610305 0.0595505080870798 0.339003789307281 0.0867959288688492
0.0791977072374617 0.0805852727342028 0.257165807926578 0.098084979202921
0.0104523005372926 0.0973386818694743 0.156861863989628 0.114636325586626
-0.0480198361177731 0.0474638277841425 0.0525582503549253 0.0642454310951025
0.00605113712133305 -0.00128366157133603 0.0799543972674623 -0.0012133976840147
-0.000444214289205304 0.0755087382904684 0.144750717458756 -0.100485457353043
-0.0556023541702686 0.128077250856395 0.350759995655774 -0.220007907173855
-0.0547296512501486 -0.0905675201333589 -0.442302333271858 0.0154930323644317
-0.121575245428778 -0.0576732335192921 -0.23471628931269 0.0843169940817823
-0.104710419760545 0.0491369803830878 -0.101380445066466 0.0308652274518013
0.00131790796041903 0.0929718903940546 0.0272312552572521 -0.0205041298040218
0.0366482099025956 0.0564179242152881 -0.0240022675139014 -0.16775910119844
0.0490187713769354 0.0287842251907412 -0.148244080074643 -0.219598173317292
0.0405519018020795 0.00715360870022638 -0.25422670932885 -0.233517760767043
0.0401251358757412 0.0108283653334615 -0.302849317358975 -0.247336738954808
0.0449817788495158 0.0131981071232406 -0.295355882792223 -0.258076353323071
0.0685181279632716 0.0471250547355896 -0.211594541902417 -0.258545778540188
0.0603473700497844 0.0984811090799966 -0.0870233948975137 -0.220238594747797
-0.00225115278619415 0.144807241230542 -0.0181155591617266 -0.0686440754537424
-0.15541590776875 0.100914081685263 -0.141695153798891 -0.00495189454231318
-0.17664941215044 -0.0556186771122676 -0.310651148364185 -0.0562210309485761
-0.0889960303799127 -0.108230985226226 -0.432999329531813 -0.243585415588506
-0.185782030636658 -0.144787846628309 -0.417899490378984 0.0354871892068974
-0.253566313906464 -0.0715606530985393 -0.239768409211239 0.055307350058821
-0.217003651581444 0.0720959330130265 -0.143071472663452 0.0434338912904104
-0.074795070867203 0.183239544596304 0.0225096470236611 0.0166535824957452
0.0263292899584867 0.189382159100464 -0.00108134593425621 -0.130093512926855
0.10395860995764 0.155794448860994 -0.104620582923398 -0.196968548378139
0.133971421628755 0.105841870334986 -0.211445986458133 -0.221722416854604
0.155762435436473 0.107019782328322 -0.25548268983494 -0.225700264285655
0.153652641057021 0.112656989159964 -0.254601244333276 -0.218107111775646
0.16735252873616 0.174136940411048 -0.192057881537749 -0.205769869766388
0.108703269720527 0.261732572274181 -0.0853482816778305 -0.172733265568804
-0.0207381801380064 0.309533691466733 -0.0159608642368641 -0.0244748180321067
-0.270449735640286 0.252136549866595 -0.139693400533929 0.0441885223625616
-0.382411683157816 0.018271629857412 -0.293514949166765 -0.024950443345046
-0.291814246375596 -0.113143361516468 -0.373166303248171 -0.215230779997038
-0.29866666721675 -0.18980511680465 -0.338159317469378 0.0817961445399647
-0.373828984252737 -0.0832572975409763 -0.203752805492729 0.0325460768292762
-0.325976566763456 0.0878785504176371 -0.171327387308411 0.0419688660112339
-0.161508692152187 0.261042158675383 -0.00322064198555562 0.0460719727153624
-0.000821078725630469 0.312917336184257 0.00188007124304948 -0.0677956448968308
0.140071561622755 0.275760295272817 -0.054954238552977 -0.132461427114509
0.20679803762166 0.198421474965605 -0.140862981787412 -0.169040215471382
0.246333267573608 0.187249342382988 -0.168916148746601 -0.169545947117288
0.241296466138458 0.187942675252452 -0.171992537309856 -0.152464799248236
0.253445147607151 0.267682236243229 -0.133335665861932 -0.13259847906451
0.163533530859478 0.385903720199136 -0.0596393895184803 -0.109879643150615
-0.0112099313425844 0.439591788298274 0.00236975499880746 0.0142765474161207
-0.324997611145434 0.387090278365868 -0.100046940164921 0.0805242464932363
-0.517909314360903 0.109643526276567 -0.224604366717594 -0.000644745414217701
-0.443576688283535 -0.0857130809800064 -0.253084972512401 -0.184473279505151
-0.380979156436767 -0.209395245139962 -0.204212848051913 0.150622667257914
-0.470716697140783 -0.0727822661412813 -0.116737173809003 0.029072144919579
-0.410215551969811 0.119324153531216 -0.164057051587913 0.036648252139435
-0.226398716169556 0.328731081562427 -0.0338181416782521 0.0693252682522729
-0.0211795145654051 0.408130547870902 -0.00682875809014747 0.0195957750921221
0.161041971011064 0.362151327585118 -0.00223783511431127 -0.0296821894740439
0.250150589662685 0.263260256711376 -0.0500286057857279 -0.0812480840650491
0.296785429020061 0.239460990057523 -0.0595680648268137 -0.08618193894421
0.290185929201112 0.233143684921637 -0.0605276734845524 -0.071750046633067
0.302248121940905 0.317712796489498 -0.0443612191823775 -0.0524422958192686
0.198876488829233 0.448628603470081 -0.0092197643192453 -0.0385153995995839
0.00341631111398419 0.500627820623666 0.0305785955098644 0.0443079910784546
-0.325795193900589 0.454101123625347 -0.041597119998087 0.0911600826960666
-0.562743261761236 0.178757888041334 -0.120961144568082 0.00064217754927903
-0.514351651013069 -0.0441507188334507 -0.0903101393839895 -0.154777956080484
-0.411275923765101 -0.190299433790194 -0.0318642515914928 0.225889984699467
-0.50114363407652 -0.0355547405845138 0.0115851265540982 0.039330341243888
-0.428320085551805 0.152481790655238 -0.116687470185231 0.0349777796422869
-0.241959558683207 0.354143072559868 -0.0551822399620562 0.0916693022214526
-0.0273011576055795 0.436965906846219 -0.0143623431963402 0.119643118916864
0.161496977851435 0.389469793753036 0.0539501845257735 0.0920239583788647
0.25843681757717 0.283677078424302 0.0492497189152242 0.0278646752054842
0.300562379257825 0.252658497574205 0.0586247551530944 0.0113376704374551
0.293291098678319 0.244970253312965 0.0576754471239878 0.0136211619339822
0.295348776563881 0.321623409413357 0.0538810120236957 0.0244237451796481
0.18531065114288 0.437717440253377 0.048642329848408 0.0306030590258914
-0.00541967939906311 0.466524918026368 0.0538467776362957 0.0667016265532963
-0.281385329819907 0.418989213626047 0.016004120225344 0.0820829992222985
-0.509356931207377 0.191653480405434 -0.0122729204405861 -0.015354796211755
-0.493499169772113 -0.00306505923682229 0.0806766426535382 -0.129636241857664
-0.374416611205996 -0.129208250723835 0.153315060963797 0.284219678246399
-0.435674987575432 0.0207056880569702 0.148366063253727 0.0503933724912057
-0.347463913166276 0.163191776576759 -0.0429632905200789 0.0362419677441008
-0.193830150053519 0.305713939385033 -0.0571823522689154 0.107403887011793
-0.0190677831939376 0.376759526226346 -0.00940644398279106 0.205959956609163
0.141407631970705 0.339533277977234 0.107594704291483 0.202242032277212
0.226118803874396 0.252142874539763 0.145113075108708 0.135054261355483
0.260386523689018 0.229378619247636 0.167217931677712 0.105502219838003
0.24859837476918 0.224242312902502 0.161372506981097 0.0937201242260469
0.235225513076533 0.282841465061624 0.133396937583359 0.0913208585429024
0.121490970810462 0.361225533519025 0.0909285131654438 0.0903937301206398
-0.038821987660532 0.347672889060717 0.0606989895017358 0.081265082656214
-0.211578753402932 0.291423287712517 0.054952289649378 0.0653674832505567
-0.381481984059095 0.152873298654907 0.0749719232690858 -0.0332156107507146
-0.396819844731658 0.0288836975795645 0.228729210753503 -0.10676906284323
-0.269964241919199 -0.0432330330241013 0.316292621998408 0.306701234480781
-0.276622210357957 0.0652076639944814 0.262846059089062 0.0488253358259193
-0.187043759650586 0.128280278213185 0.041057698111107 0.0286145336129268
-0.110063947719821 0.186026962210084 -0.0419853119388136 0.104480474920789
-0.0102325184247029 0.24155859345721 0.00505800869226083 0.252371398643645
0.0945046913397359 0.227895748673094 0.152347097361894 0.273831181573291
0.157884678480669 0.179808622777238 0.222273831445916 0.217485192469973
0.181026746340267 0.170998749214416 0.251072336555968 0.184314345732174
0.171301702705163 0.172302748731768 0.232719598363712 0.162444684448357
0.141270061344913 0.20638438775696 0.178792754484062 0.147376681349502
0.0394791113409868 0.237313567325467 0.103498932638905 0.135876286507495
-0.0683754513396733 0.18579271238306 0.0454958624739874 0.0861986603853587
-0.113295802566597 0.129829567175367 0.0709222045803882 0.047940268516834
-0.209015277290389 0.0979970343114575 0.131313246914886 -0.040553417395722
-0.251885610151274 0.0592603934878594 0.333290563201413 -0.0839033142192101
-0.111059341169013 0.0404178825615786 0.42616689729864 0.287639167359926
-0.0688290357477915 0.072956471616555 0.335885952305703 0.0297523182385951
-0.010356306153941 0.0441878768410806 0.113405619464315 -0.00183246236303828
-0.0350403073567042 0.0291893063879757 -0.0250850511073081 0.0753352937147335
-0.0168742583178287 0.0744107583734453 0.0182939651207109 0.254217623948416
0.0235663600578449 0.0870552669276954 0.176436925360847 0.297492839427822
0.0594657855730453 0.0834463063030403 0.271460634280485 0.262455803167983
0.075905823502016 0.0872488306112656 0.297088879602401 0.234433506733108
0.0735253960128005 0.0912707488083524 0.264518080806214 0.211295594293584
0.0421385769989787 0.0988891679122813 0.188023170872334 0.188086890473437
-0.0249679750996665 0.0907601715061088 0.0909227003828948 0.161736384868189
-0.062376199371694 0.0251986648808137 0.0186310533551276 0.0765991589161029
0.0054141692941674 -0.00233735998270333 0.0743257999406598 0.0281256019139367
-0.0257370608876121 0.0643650430447511 0.16463943786368 -0.0346737759367287
-0.0889855486828918 0.0922637481329707 0.389506264340499 -0.0597613809885467
-0.0560444675067872 -0.0889183311302275 -0.433991602509824 0.0210066705905481
-0.122358260111245 -0.0530345363499702 -0.227530841142729 0.0865361744044295
-0.10303948971931 0.0519743814071394 -0.100223529008235 0.0360597240545386
0.00448848519222106 0.0906781845845047 0.0271780724213942 -0.0191497598008952
0.0374152948172365 0.0547517161647169 -0.0269333871202471 -0.162482314140971
0.047998404913955 0.0262694294144052 -0.149640716734564 -0.211966879033349
0.0394440807158011 0.00590099702823236 -0.253954039130115 -0.224092871991237
0.0391055700059737 0.0110644666433598 -0.304493369235787 -0.238070576258996
0.0431339109260733 0.0137864865105232 -0.297828078662222 -0.249664165877716
0.068301770812769 0.0451026914946693 -0.2136587612423 -0.252315316944863
0.0622015842041734 0.0947923916356154 -0.0892061418072672 -0.216607143389303
0.00107793105112435 0.14165801148952 -0.0163643379139769 -0.0695439916977896
-0.151382681132402 0.104242749353926 -0.139485727730723 -0.00341855255655082
-0.176006460467487 -0.0512683571637408 -0.305046370172088 -0.0485529659285348
-0.0914260366389325 -0.107600194319551 -0.428565877751159 -0.235858884841483
-0.18645724916649 -0.140076137114588 -0.407985129242997 0.0402836168037424
-0.252199589608149 -0.0641477017494486 -0.233634442895631 0.056642124667198
-0.214781928899305 0.0764480327624701 -0.140846955988684 0.0502813270158003
-0.0694654542844408 0.181222089941871 0.0229002440664199 0.0163583533502025
0.0299819408921337 0.186228060804504 -0.00281515077203832 -0.125449344127476
0.105691885938111 0.149960852630533 -0.106102470824694 -0.190762644254637
0.133104764688312 0.101899344154037 -0.212789887355557 -0.21299024600276
0.154622155032121 0.103756003094805 -0.258044518503164 -0.218234653144639
0.152678582232582 0.110480352726545 -0.256744317389767 -0.211607418440099
0.167818983855912 0.168943336675683 -0.192907597764802 -0.200121553711469
0.113490808064142 0.255602140997042 -0.0875877947159515 -0.169252721209144
-0.0140928005472311 0.305087810861034 -0.0126909240171534 -0.025676948750126
-0.262816358206058 0.254765836414268 -0.135674057981347 0.0442641412871882
-0.377900788563879 0.0261523567930998 -0.28614470502719 -0.0196237913220317
-0.290470063170186 -0.111074554781577 -0.370786975336809 -0.205734057291538
-0.301142144954554 -0.184211842835336 -0.328057774313453 0.0839720926692607
-0.372806208427459 -0.0730030219443655 -0.199705387889087 0.0329938889879817
-0.323191838157463 0.0939352600556707 -0.168895716089222 0.0500184703222
-0.154501546542368 0.259896990541331 -0.00163922567830393 0.0457777848167766
0.00719524881392894 0.309070939201999 0.00172753501778066 -0.0627026958467083
0.144686136715643 0.268280190530045 -0.0551229533089054 -0.128416405790587
0.207394867489479 0.192887996036994 -0.142538485931699 -0.162666371895559
0.245983121890359 0.181156518479716 -0.17154092742244 -0.164634167384217
0.240605907122041 0.183760477758824 -0.17342886006561 -0.148392968866861
0.254649053797418 0.259903923950154 -0.133167360891027 -0.129180662674359
0.171781363161985 0.376527727579897 -0.0608383968658107 -0.107311828864921
-0.00224131334229879 0.434404679560225 0.0063588513124608 0.0114299050213018
-0.314276907101119 0.389446008035749 -0.0951192878944918 0.0783553112028488
-0.511908019263616 0.12037382115021 -0.218016644246976 0.00203926615955171
-0.439288418350251 -0.0817845390718653 -0.251547149262004 -0.177189810197603
-0.382584528388654 -0.201825273242042 -0.19640651529979 0.149990374792585
-0.465672752116256 -0.0610920218510852 -0.114081363552144 0.0278154331008997
-0.40657666125517 0.124535222574538 -0.161255325703286 0.0451540265098549
-0.219632607285401 0.328632614522017 -0.0325885241784843 0.0689958991961294
-0.0118555524756192 0.404123590761374 -0.00482818191557527 0.0241082322257223
0.167529335285012 0.354365813374812 -6.93587645720294E-05 -0.0284200855974495
0.252571241678228 0.256879989935799 -0.0518940113513398 -0.0775831080168225
0.297262645378907 0.23266315530929 -0.0613372104795456 -0.084595576334833
0.29052960231269 0.227356046651453 -0.061707021825126 -0.0709552833802937
0.304453056467553 0.30846736834617 -0.043903960036615 -0.0525490713753229
0.206379264117311 0.439848175269093 -0.0102441820540683 -0.0380047115721383
0.0121498347905903 0.494440509651431 0.0334758276894127 0.0408028059879466
-0.313306080523634 0.455663993052638 -0.0363459967745378 0.087156643115688
-0.552948704381629 0.187235487206252 -0.115127515232573 0.00104537806929851
-0.507317253393653 -0.0411067211137203 -0.0922917678601761 -0.14940282314144
-0.411809425979294 -0.181648102334927 -0.0249863549902817 0.221768688332827
-0.494445546716498 -0.0232885325990325 0.0111441451016581 0.0360878696446845
-0.424516859675991 0.156877142316017 -0.114789757917371 0.0414387485658164
-0.234349733764069 0.352665053905235 -0.0536644290016595 0.0910306973525774
-0.0186544447264777 0.432307658808458 -0.010375592509649 0.123081151288821
0.169541249874508 0.380800152001344 0.0577493469151111 0.0898977176606027
0.260196688184504 0.276675369778279 0.0477188334848984 0.0288988760899064
0.302289566629645 0.245959136913797 0.0574350366885581 0.00948761518899474
0.294577526008354 0.23893079254709 0.0574360018269268 0.0113923941919323
0.299881648684711 0.312743713142591 0.0543313821125476 0.0215383888981535
0.193449174350851 0.42937139332026 0.0479729177156931 0.0295588253180707
0.00381076517293397 0.462028015666774 0.0568519357542238 0.0627365733645791
-0.272115286709986 0.41815881056628 0.0203579332420056 0.076146174349299
-0.499470758514563 0.200937691157237 -0.00843747640898155 -0.0171513680816842
-0.488566661078227 -0.000642783363564466 0.0765550583923737 -0.126576020901105
-0.374320176939081 -0.121747220755914 0.157595243321531 0.277316994693832
-0.427454909678936 0.0292363284238061 0.145891357887541 0.0457847994603149
-0.342913861230195 0.166427933667276 -0.0410498186559197 0.0405158899417927
-0.188582716597437 0.304819014646019 -0.0558771437048785 0.106892391093631
-0.0118390917853949 0.372076285659786 -0.00416109929117338 0.20801340461239
0.148457384797289 0.33296557200687 0.113021546718931 0.197547176572026
0.229007447059286 0.246943628603466 0.144144417676662 0.132698351899024
0.262137449714971 0.221963501988935 0.167265684809832 0.10184330175311
0.250339578388317 0.217971646165051 0.161394019259228 0.0889355175623298
0.238169694370351 0.274960294322303 0.13473376032992 0.0859874100724558
0.129581127981049 0.354427680592639 0.0910445158391472 0.0871969631615846
-0.0323180436386577 0.345149192682395 0.0628516808352562 0.077506474005266
-0.204508300008237 0.289777207492126 0.058915349757001 0.0591743523414585
-0.373384244718803 0.158707674133135 0.0762398903706908 -0.0362610123220847
-0.389192198783894 0.0313309150325015 0.221086635372812 -0.105819094661656
-0.267222804372029 -0.0384765541614697 0.317995447911896 0.297559746289546
-0.269434944543919 0.069820761056633 0.257838735187303 0.0445379982148098
-0.184441766159723 0.127839682757256 0.0415381766336835 0.0297545303021561
-0.106743390036126 0.185844748426504 -0.0405218711946133 0.103402712533097
-0.005342942902742 0.238875683134401 0.0106260007843159 0.252630400454638
0.0991066606495019 0.223603381948197 0.15736477041528 0.267486688072047
0.16020581387778 0.175464533575431 0.222314235862176 0.21313503033461
0.183525595864274 0.165572343718308 0.251961961007772 0.177762488113333
0.172379862926687 0.166945396900416 0.233380754525749 0.155308250005553
0.144023151230416 0.200109158453312 0.179111851830514 0.140368468926925
0.0445246558749863 0.234265991330655 0.104575964313908 0.130589958677448
-0.0653068818580316 0.185644224456212 0.0475251792970152 0.0831769446174228
-0.110742809517011 0.128506728341556 0.0740034407966633 0.0416054460527758
-0.202705365971119 0.100954088096226 0.130013629111371 -0.0436254557610958
-0.245311511222728 0.0600452606853643 0.323577157609778 -0.0846310802352639
-0.108426950454717 0.0417622568660051 0.425936829360017 0.279857660749749
-0.0648298269164669 0.0730798099580916 0.328575739770668 0.0245727208453907
-0.0100557492151321 0.0416485949252076 0.111505420107746 -0.0033348100314997
-0.0356675533574206 0.0296858884663746 -0.0250049241777599 0.0749763257781188
-0.0152616485239908 0.0742410456457197 0.0233933478948276 0.253196777855163
0.0262744590707403 0.0860197116236204 0.181126274431787 0.292160962389832
0.0613051163825275 0.0819156095840911 0.272271945344098 0.255431752458445
0.07721408030073 0.0843146918798418 0.299996878139851 0.226952395628125
0.0745693141993092 0.0884770134176868 0.264997199676566 0.203482493454384
0.043424797344117 0.0964722207669949 0.187777405476639 0.180375916064851
-0.0231825371483923 0.0911453725819202 0.0918904928040699 0.155527442150507
-0.0624149155986584 0.0266660119111372 0.0200659577422993 0.0746518906941753
0.00363296993581889 -0.00529672324382395 0.0766420495658127 0.0225486568092417
-0.0225854987321409 0.0636714524474079 0.161628139648134 -0.0377956516489343
-0.0831815972696993 0.0923402692230903 0.377864595893073 -0.0629806523554382
-0.059049096747507 -0.087250529265008 -0.429144908537478 0.0308163179941236
-0.124295411710719 -0.0469276768968971 -0.221959497213071 0.0911884053301763
-0.101615244281738 0.0562726589999327 -0.099825081955213 0.042187484902083
0.00848173327104279 0.089296134153122 0.027334621306585 -0.0190198130443808
0.0393902237754493 0.0533147285302107 -0.0314533572695653 -0.158782293304225
0.0481807468144112 0.0232297057439995 -0.155190435539926 -0.204280741401465
0.0383394024634689 0.00414582398214459 -0.258846395045463 -0.215330960369665
0.0385089683571942 0.0112318752281262 -0.312004398237583 -0.230005502083323
0.0425607958376595 0.0141726535848561 -0.305211682495655 -0.240644275484322
0.069182534775266 0.0432711440230492 -0.220713969071119 -0.245859738672945
0.0657765398642951 0.0914977934834421 -0.0954925953191731 -0.214917186055589
0.00708115078989359 0.139935208359027 -0.0156301950652745 -0.0716018360320327
-0.147224837472727 0.109699915027877 -0.139647915216612 0.000693223244864512
-0.179183559691575 -0.0448005912758259 -0.30313726471625 -0.0391704423412529
-0.0960307886651026 -0.10648754173162 -0.431135612874339 -0.223974158473679
-0.192901453289924 -0.135231047219661 -0.402390747632816 0.0497952898382695
-0.253866644056982 -0.0538839321759255 -0.229124671288784 0.0608117083046457
-0.213327600630584 0.084796176875595 -0.139084679598356 0.0579397834713026
-0.0633719278872526 0.182239527281952 0.024171601600602 0.0161467979385652
0.0367337614042041 0.184266163814811 -0.00531169361152243 -0.122408403394146
0.110041059504256 0.144607547832026 -0.109350673740316 -0.184755379812565
0.135805095718089 0.0985041273937765 -0.217346130852407 -0.204928655226456
0.157301755347451 0.100455165600415 -0.265984738019127 -0.211497144826735
0.155427186642929 0.108104990728084 -0.264022913143186 -0.204058519784689
0.172489706020354 0.164457953825084 -0.197884154628255 -0.195036688529299
0.122108576680164 0.251063825439762 -0.0926858985640866 -0.167156093716274
-0.00458239687857422 0.303674508950963 -0.0107979127371457 -0.028327105443506
-0.254533400020467 0.263490408834211 -0.132594166632863 0.0468236371178637
-0.378286780494731 0.038602950725956 -0.282711094521572 -0.0115115103490498
-0.294937498064784 -0.105974859122565 -0.374639468540968 -0.196972535186614
-0.308010616452039 -0.176530265793113 -0.322210121492783 0.0899923985857365
-0.373454179777904 -0.0597400477869631 -0.197092108723054 0.0366544369081935
-0.322756391995151 0.10555001869136 -0.165945347194281 0.0597390974994678
-0.14723220912118 0.264475807565857 -0.000664044213944679 0.0458367834430964
0.0178022055992663 0.308683573665191 0.00183590372128505 -0.0585183885181292
0.153816349678258 0.261448782536817 -0.056589486614388 -0.125645282263971
0.213212030713839 0.187021462302876 -0.145914449168683 -0.15634734809014
0.251402098342832 0.174945529960016 -0.178906388811213 -0.160004976150345
0.246076173624489 0.179195792427385 -0.178405516386026 -0.144035589156618
0.26338419110625 0.252585607363272 -0.136250824933591 -0.126497388979923
0.184967003659486 0.371776756574467 -0.0642058932514229 -0.105412452820206
0.00945048444272889 0.433377258391458 0.00972318736331129 0.00868461697827874
-0.303035173848288 0.398373138523239 -0.0908239127203829 0.0782598132661827
-0.507231521560508 0.137401468928045 -0.213275036750011 0.00695516904284672
-0.442615021298006 -0.0749591568506012 -0.254653652556802 -0.168444910784566
-0.389320286595441 -0.191776013291818 -0.18918116566064 0.152507736251981
-0.465913054200395 -0.0468514046721669 -0.113201856406129 0.0283584179148791
-0.40668528323423 0.136183450465503 -0.15954625422176 0.0547342399027211
-0.210446349593271 0.334843940851436 -0.0308587251609456 0.0690336151558193
0.00171213212422897 0.404043514562606 -0.00155520965074686 0.0283198566540173
0.179766346711974 0.34795608469917 0.00217100760109246 -0.0283152545533544
0.260607448913949 0.25031897582936 -0.0538498759174621 -0.073973080798296
0.303377750067356 0.22364021287477 -0.0652292837385759 -0.0831694682139579
0.297532503270757 0.222189386426389 -0.0642718238836837 -0.0704607847431487
0.314114031274676 0.29954196640492 -0.0444445901504298 -0.0528833028378596
0.223547961131753 0.433030728237716 -0.0120265194394176 -0.0372097659883255
0.0269201837576806 0.493336876539439 0.0370353418556297 0.0374443842780948
-0.300178653758291 0.465632898456307 -0.030983920914325 0.0833410637077583
-0.546913285002022 0.207445110126034 -0.110892210009795 0.00212883317272011
-0.508087884854769 -0.032430368444063 -0.09638889538911 -0.145094674125852
-0.417422162387039 -0.171230382389053 -0.0164394785250376 0.219980582598442
-0.492636547125343 -0.00879603609579415 0.0116497567200057 0.0336196140692785
-0.42219841491729 0.168977243055795 -0.112258493980003 0.0487767290703
-0.226444699685682 0.360371280487648 -0.0521327118066031 0.0917466443520126
-0.00497934948539932 0.432661742638629 -0.0037427852630292 0.127865663507294
0.182569094169797 0.375115148777887 0.0630690336338027 0.0880879916748938
0.268783438328764 0.269986506017146 0.0480373818010691 0.0295117465098456
0.3097062325693 0.237434439305777 0.057107267766543 0.00786834776080061
0.302160139417269 0.231571576889066 0.0570559961871284 0.00812525799821839
0.309612777667727 0.303353303153115 0.055837340886346 0.017333479423838
0.209413076041775 0.423494561843286 0.048640404212536 0.0283343353300088
0.0154439878841685 0.461776479721913 0.0608584905967076 0.0589178985376492
-0.260379776118365 0.426511746388391 0.0254485292876545 0.0704588069868753
-0.492876753800401 0.216348127754369 -0.00532837096296275 -0.0193837663861664
-0.486460331291499 0.00773778206974668 0.0718245333416903 -0.125869199449481
-0.378706659154004 -0.111538017278785 0.166751171747994 0.272575936494992
-0.424119376084254 0.0415696552269255 0.145801387551722 0.040909518594193
-0.340772084676532 0.175249180652908 -0.038329086056668 0.0445110087931661
-0.180608122614222 0.31083483453846 -0.0544782181401841 0.107159671602339
0.000161197148504327 0.372423408826292 0.0042483421497064 0.211439206189765
0.160608048571019 0.327241366307911 0.120968598412999 0.19359877153756
0.237673582997011 0.241270318235494 0.146833523188354 0.131074740111473
0.26926574527296 0.214578226150367 0.170138510361864 0.0966714910005666
0.257771111149909 0.212118549667691 0.163419459978013 0.0831272784690001
0.247768728828948 0.266803383343732 0.136939058538389 0.0798625629767856
0.141697622151621 0.350613972125584 0.0929639100719861 0.0838849948709091
-0.0232149966782728 0.346335752482562 0.0665545602855918 0.0739319963517815
-0.195995339522461 0.294802382573168 0.0632984009189982 0.0517810602443412
-0.366498818419507 0.170801003587733 0.0773206562187302 -0.0399930684162648
-0.385347641044511 0.0381420038204772 0.216139342509791 -0.108426253558174
-0.26786077259069 -0.0315343757779549 0.326876087987229 0.290174849778006
-0.265474357994898 0.0769850935514327 0.256022836834976 0.0377292832556339
-0.182566551391287 0.131260954001248 0.0430057068814344 0.030461395221006
-0.102784523260877 0.188933192716122 -0.0399733542531162 0.104455440024592
0.00228355334199763 0.238999043494196 0.0201939504478153 0.254981279610858
0.107513252485215 0.219994135428632 0.166842332999582 0.263302526350962
0.166715066343222 0.171628814598085 0.227741851493436 0.20859652425354
0.189177534949328 0.159916620326396 0.25823753599923 0.170942772362359
0.177960633088383 0.162026896982752 0.237546159577416 0.147129304898159
0.150374213522084 0.195368391035978 0.1821172409195 0.132266886418642
0.0527756933651907 0.232989783641669 0.107297232323596 0.126147909719951
-0.0607878786532303 0.188869834090273 0.0504400402675376 0.0809000382048978
-0.1083917439544 0.129647711289652 0.0774328503199144 0.0341376951484561
-0.197425193924364 0.106722235967738 0.129309950488708 -0.0487153621806405
-0.240175846297909 0.0641990673780549 0.317960377625415 -0.0889984969057461
-0.106565098096996 0.0445050316576566 0.432109471075448 0.269258494202121
-0.0609104605053856 0.0740273317004881 0.325853772320736 0.018208940964588
-0.0102897640075417 0.0401018590934333 0.111083071043464 -0.00622242124915117
-0.036201660385749 0.031511982531006 -0.0243837359823593 0.0760978636848024
-0.0126022976511167 0.0746436783684894 0.0322295185038373 0.253595959432968
0.0297754578083609 0.085497065654703 0.190891261808542 0.286498214974056
0.0646758560868882 0.0807911021787275 0.278734677375049 0.248692911841241
0.0805928884765745 0.0812774972114829 0.308597618544542 0.218156196176047
0.077590379890569 0.0854023415824029 0.270871912127635 0.194921420844134
0.0466763054918568 0.0942682506220547 0.191902305784015 0.172721135435088
-0.0203489783949269 0.0926492934564903 0.0955313996758253 0.150983973453577
-0.0624200676121441 0.0305272849516228 0.0221512086732269 0.0731350009748162
0.00172810262589163 -0.00691087174009592 0.0796649142934381 0.0160512307249693
-0.0189301434865991 0.0633229535300865 0.159309417242514 -0.0432444900512087
-0.0769100716145989 0.0934744824364591 0.371433234255712 -0.0698868451147418
-0.063128392060256 -0.0830379548189355 -0.420279825495709 0.046472306248838
-0.125945558306015 -0.038890557985067 -0.213380000222108 0.0977730356263256
-0.0976546507931705 0.0632031724081388 -0.0959110550355474 0.049908985719029
0.0137821284653323 0.0867797936147987 0.0272149834299842 -0.01943503196097
0.0420704760930325 0.0498908952107752 -0.0383612649781385 -0.15321295711153
0.0476748833909372 0.0198940264501029 -0.161356967392343 -0.19235471131846
0.036601004879752 0.0023505383965296 -0.264468654376621 -0.200336450643568
0.0382616414498563 0.0103531121025206 -0.32144844469685 -0.211957128179959
0.0422861711707163 0.013905151856657 -0.314756471431062 -0.223018512855184
0.0697511241717651 0.0398198844887791 -0.229598980745349 -0.233136495582161
0.0702932749039992 0.0863327422652669 -0.104533237540595 -0.208730832934269
0.0144345455438372 0.136889907601569 -0.0172949108900168 -0.0723790883084765
-0.140167258022131 0.11706773902463 -0.137773321112274 0.00716291681183057
-0.181059518598855 -0.0345413596169912 -0.297725917229689 -0.0242887493992996
-0.101932349849453 -0.101595769738952 -0.435668198598405 -0.202641109799464
-0.197644641289701 -0.125181849385927 -0.392822875110512 0.0627770827245183
-0.253413419320417 -0.0388321302765808 -0.222708270524348 0.0681639275261431
-0.207244500330791 0.0962640735161726 -0.133775819491587 0.0681753823599739
-0.0528583446060494 0.182242131279074 0.0255499166202691 0.0150734338448324
0.0469608983006399 0.179457820590801 -0.0100470261728936 -0.117902081218377
0.11595425047872 0.136568252445116 -0.115376200180963 -0.175755702243304
0.138527122722813 0.091094012843778 -0.223553302753983 -0.191074738240591
0.160532016938222 0.0932724651078545 -0.275447133128008 -0.19625905018215
0.15881333786861 0.101997281689732 -0.271932613762636 -0.189719938489339
0.178298184734502 0.155084897810251 -0.20488391775335 -0.184462501656832
0.133978228730966 0.241529813352909 -0.10028250942592 -0.161381279727866
0.0102242079418189 0.299979703321189 -0.00960685534288393 -0.0303537003558879
-0.238683622433939 0.274415081910788 -0.128181986384446 0.0511522846700254
-0.373025023580676 0.0570434365791359 -0.276333002638221 0.000270387422535073
-0.298863897905703 -0.0940337398754286 -0.377650798332469 -0.178539060205043
-0.313708758111186 -0.161030054982994 -0.311830850458291 0.0992587644848493
-0.371604863099791 -0.0395611622300723 -0.192404635160832 0.0417796379694002
-0.315029373244565 0.121737475282811 -0.161114101881706 0.0712983389943505
-0.132676766196124 0.267862992406251 0.00188585921385689 0.044687807283217
0.034031543744104 0.303444410063311 0.0018581480117001 -0.0548152245256186
0.165133313931671 0.249340052449578 -0.0590489966242185 -0.120452579093444
0.220221173835673 0.175638653202788 -0.151990098093854 -0.146603793841873
0.25729664140233 0.161785298901038 -0.18630690622438 -0.150087382211964
0.252620183319243 0.168535783828473 -0.184806705933165 -0.134990893954561
0.273899136625337 0.237369572359426 -0.140586108611148 -0.120234332265873
0.202832794072763 0.358956438338604 -0.0691738882427041 -0.101141506714104
0.0293843044266561 0.427988606356854 0.0122030188472811 0.00471450641358653
-0.279896405987418 0.408217625919738 -0.084874468680774 0.0782341520504205
-0.495344313119616 0.161193154009918 -0.207266518202394 0.0154843718567122
-0.443049311278139 -0.0572580307398429 -0.259258716168451 -0.155024942413648
-0.395875344736013 -0.173215010061332 -0.178147664626011 0.155383703411036
-0.462863470006942 -0.0224062737109853 -0.110572629391916 0.0300737579402209
-0.397224137565314 0.15737596758447 -0.153272373027136 0.0656238758328817
-0.193766958112194 0.3427924214449 -0.0274486753938916 0.0694985251029078
0.0222620923086868 0.398763466170075 0.00301363668728404 0.0319941297475351
0.196554243312247 0.333451297447832 0.00391490409081814 -0.0282563134850218
0.27079461117174 0.235551018609017 -0.0563922695810537 -0.0690850681074268
0.311619301813962 0.207628919637305 -0.0701297174254747 -0.0801134457950908
0.306461391169989 0.20833239120153 -0.0679623072881136 -0.0678214433316422
0.327626868057929 0.282486725554236 -0.0455285244036949 -0.0518647856302871
0.242936177708022 0.417899166182578 -0.0137124865431543 -0.0359601171533596
0.0495330282726235 0.48765320997566 0.0411029245588745 0.0318003098435362
-0.274802290692981 0.475791768054187 -0.0253318991129723 0.0796462436947487
-0.531520395748554 0.231487941935417 -0.106101153103953 0.00522855754503934
-0.506630859175763 -0.0116920661406634 -0.100777077694678 -0.138062392800705
-0.420907181528441 -0.15125180526861 -0.00506152220412385 0.215059555158816
-0.486475317903217 0.0154391367104051 0.0128594373672266 0.0305327869770456
-0.412185718372162 0.188682725886784 -0.107144956069679 0.0574126332287491
-0.207950872497894 0.368637258378806 -0.0488556521598933 0.0927718707151994
0.0178773780178453 0.428188048876884 0.00600765203558793 0.129954477546264
0.200842624992622 0.360287476850854 0.0699184686801763 0.0833640877679533
0.281769549040831 0.256117021450267 0.0488135728320479 0.0286316281564207
0.319300975708052 0.220993045608819 0.0558810633457384 0.00458506395339156
0.31072516372449 0.21849602793242 0.0561371143937545 0.00400959430343832
0.322032794391048 0.285563906510199 0.0563190818259429 0.0123576530410852
0.230173292764843 0.408593623932125 0.0497188093704282 0.0256529607853835
0.0389630307425233 0.457297932883947 0.064814530706452 0.0525938033495469
-0.237928391216964 0.433796365732031 0.0302410348861521 0.0628774876418298
-0.47681109580749 0.239961837015607 -0.0036313392979849 -0.0219020482145765
-0.479882332754296 0.0252417471408201 0.0645306314411835 -0.125666610711814
-0.378842538502533 -0.0942776734620312 0.178193932763516 0.260341742549765
-0.416459763152132 0.0593464211648106 0.144731030983958 0.0333610140829795
-0.331077991991835 0.188967420073901 -0.0342818848959985 0.0488161770726313
-0.165922105223195 0.316239436691541 -0.0504979455506378 0.108680428432993
0.0192392577485283 0.369619342985557 0.0174571184235969 0.212549695768458
0.175850473283963 0.315253949886086 0.131709394991776 0.184994206030999
0.248065694576905 0.22819919271303 0.151559593185801 0.124517170973258
0.277300759572443 0.199728734672781 0.172911200716978 0.0880040581658625
0.265957786484367 0.198490977532013 0.164974164568527 0.0728868543156086
0.258769586524955 0.251393799591326 0.13883745762076 0.0701242657174418
0.160661052100243 0.34104276527924 0.0962461490681247 0.0785835054361356
-0.00632654456162443 0.344972701238625 0.0707985542989183 0.068163091194581
-0.180261096188466 0.300184534908878 0.065968779323563 0.0423099401126963
-0.353274718419467 0.186350072588824 0.0764404155728089 -0.0456192661368894
-0.378636823692017 0.0509818353203133 0.207545735232788 -0.114030079647708
-0.26592328808872 -0.0194215104422643 0.337388225634912 0.272913959440868
-0.256755109886483 0.0879441697219431 0.253903556370591 0.0270612130005905
-0.175750544100554 0.138155669860362 0.0445108445056972 0.0296930503070055
-0.0948558857346152 0.192684302060524 -0.0360786936723408 0.105356755651614
0.0146474183988284 0.236589657093456 0.0341808047611981 0.25349402459081
0.118047756532403 0.212336927622772 0.179350808967344 0.251832394249978
0.174051263447912 0.163258923443556 0.235734477761375 0.197904190522812
0.195297965222872 0.149024338399102 0.264922492549439 0.156689600913118
0.185033583581792 0.151508104002421 0.241645028838178 0.134058034909333
0.158690279429683 0.184493831124192 0.185394290941276 0.120511290356572
0.0645397539688577 0.228130282131255 0.112050560275336 0.118519042657562
-0.0515293252790938 0.190598833934259 0.0537549790830519 0.0761482823669611
-0.101573677497876 0.131977123858244 0.0796905488236784 0.0250438519417467
-0.187945897192314 0.114487497950108 0.126085935311613 -0.0551745272760177
-0.23264909043662 0.0708473284199681 0.307950746804109 -0.0998056819964256
-0.101841401571245 0.0490400683255789 0.441191340963898 0.248404661032961
-0.0552507092040923 0.0753152713343295 0.321433347448318 0.00526314595257784
-0.00932344286270728 0.0382472709710964 0.108910746263269 -0.0112551926662937
-0.0352328203017142 0.0336669235831937 -0.0218492836046674 0.0770640446481595
-0.00845528001744988 0.0750680937878335 0.0446780818980163 0.251616537379587
0.0350367036526436 0.0831347625507369 0.203434265606957 0.273595173888181
0.0689071558566473 0.0771196211427928 0.287962074528653 0.234673404569967
0.0848186182027436 0.076245690060557 0.317855589349538 0.20136669138746
0.0814584629642801 0.0796670577757178 0.277361358675799 0.17974645576396
0.0507398688636078 0.0901276934730089 0.195670264350249 0.158836818342281
-0.0155788103485959 0.0933635336952409 0.101043246838152 0.142475843466888
-0.0615915966665878 0.0344162464632477 0.0252359821206459 0.0705042653564372
-0.000181813051446569 -0.0088252977397771 0.080286905436098 0.00814746411357574
-0.0142744121067639 0.0624895587859094 0.154393734951879 -0.0503458326230761
-0.0691129437351221 0.0943253732980715 0.36016076401898 -0.0816427495531998
-0.06568574824567 -0.0778967839912164 -0.400714534658212 0.0602658964071624
-0.123013018762285 -0.0295152744928199 -0.199667220945553 0.101478875043195
-0.0897684976939081 0.0672926240180678 -0.0888007981529394 0.0554679931924305
0.0182317509211497 0.0815279958066335 0.0263790602220214 -0.0194763634031166
0.0437810936703753 0.0449584495492315 -0.0428218382881361 -0.144286154236492
0.0458110307526652 0.0161815022056128 -0.162615389094756 -0.17559034370613
0.0341154371649395 0.000830854342303886 -0.262311972238433 -0.179837842602183
0.0376798216023123 0.00958301168329051 -0.320379708943992 -0.188864707729574
0.0411077827200499 0.0127132687540853 -0.314486595427007 -0.198527779288962
0.0683171189774269 0.0350893520673564 -0.23236382924023 -0.214000626754776
0.0719261501757004 0.0784688250063849 -0.111626929560277 -0.197446019425882
0.0206964245863125 0.129636589561943 -0.0185780961051754 -0.0714854278463999
-0.128420544966768 0.120285348569676 -0.132278447364414 0.0128045437142872
-0.176725406211774 -0.0235717224386118 -0.285199566671291 -0.0109090702931496
-0.104523585635742 -0.0943118471728497 -0.427648883900912 -0.179537389182332
-0.197069863080164 -0.11200122039617 -0.372757133765884 0.0736687197221354
-0.245291468469755 -0.0234439334511754 -0.210607048570171 0.072329771954879
-0.193774690352636 0.105573780437136 -0.124084930971354 0.0756612586653244
-0.0420837688770662 0.177250642499436 0.0259931234229891 0.0128536646124867
0.0545860530749384 0.169176666122554 -0.013540352873514 -0.111317460590531
0.117962916375072 0.124103508605523 -0.117250712923815 -0.162868069918028
0.137079492634972 0.0817213860595117 -0.223364744907744 -0.172624861676058
0.159850850371438 0.0829719216990612 -0.276521213558036 -0.17587949892436
0.158366809226452 0.0927724918815181 -0.271986372001254 -0.169614476346077
0.179468891784532 0.141806022435845 -0.205686942711457 -0.168801809909659
0.141799076428099 0.225348632193383 -0.104123406565034 -0.151144965408788
0.0236998691735957 0.287832768679688 -0.00954371993778949 -0.0319916187443946
-0.216057379852402 0.275706803291261 -0.120842115281655 0.0529760195381427
-0.357109871064054 0.0740262492078158 -0.262941350955825 0.0119193537480061
-0.293698108139456 -0.0793775646751921 -0.369664916341329 -0.156136590036458
-0.311253203229551 -0.140635138350408 -0.293808940943214 0.105910965297666
-0.358354332120005 -0.0189892711362439 -0.183080337566233 0.0452871399370161
-0.298830056525101 0.134160551414532 -0.149611228423168 0.0801688905723214
-0.114596177060072 0.264191908890761 0.00388831460036491 0.0427241021334742
0.0489418949223594 0.289424825066418 0.00184388805864013 -0.0512436472371456
0.172187140082254 0.230860434395815 -0.060239154686474 -0.113308716008462
0.22050242437951 0.159527054342194 -0.153138556623728 -0.133030006119079
0.256571404084161 0.144920987446907 -0.188166694588833 -0.135447165645423
0.252682480603364 0.153021375246733 -0.185769659765963 -0.121878361324769
0.275046628162264 0.216540736442778 -0.141015817134853 -0.110485075855343
0.214749213973393 0.335920053204299 -0.0716786307025726 -0.0944729620954099
0.0500246259360627 0.410908978495355 0.0135929178512472 0.000718678402136364
-0.249669270635484 0.408618823170757 -0.0773487462434296 0.076273854120493
-0.469679073964305 0.17989611316786 -0.195069798136172 0.021002823170984
-0.431836429519551 -0.0394065531193753 -0.254845888888171 -0.137869266437445
-0.390828397639445 -0.149130297088731 -0.163183022149778 0.153120302669704
-0.443984892325998 0.00189951053519619 -0.104942949790676 0.0308800284952754
-0.37585963813037 0.172358008592958 -0.143039930352472 0.0735718813561935
-0.170438978970336 0.339479349405719 -0.0242062983120362 0.0680514034259306
0.042335833055175 0.383118787227827 0.00797720968996931 0.0329795771199138
0.205549836573813 0.309156245071948 0.00443406675756388 -0.0284278240180907
0.272819872135928 0.214995659014337 -0.0587569945565216 -0.0626775405259876
0.311280453527579 0.186679835382566 -0.0728460239201662 -0.0733484359997194
0.306748482493768 0.187545539192052 -0.0703696932397656 -0.0630196122892428
0.330396747553546 0.256106678043825 -0.0470097716007757 -0.0494469907457779
0.257880284105847 0.390575173669211 -0.0155462660059928 -0.0340426164182535
0.071522018681285 0.4698334251658 0.0423920462836733 0.0256121696667946
-0.24085657599224 0.470382884866203 -0.0199543381541082 0.0737101779221357
-0.500295844430295 0.248919078357586 -0.0988972405411208 0.00634519646989572
-0.491058898172747 0.0075863280700251 -0.103132783797599 -0.127330177757574
-0.414043273063855 -0.127101021960266 0.00569352538702777 0.204381192762657
-0.466424120100556 0.0375446727551244 0.0129979322592711 0.0266024841753681
-0.391340918886055 0.202259385195554 -0.0991370141550949 0.0635608426808223
-0.184689749674179 0.36542413526826 -0.0441196442438936 0.0918133877180942
0.0392434430888508 0.412209499697162 0.0156439532432035 0.127473863263688
0.213112647388636 0.336811246317094 0.0737565141000757 0.0757312751279928
0.285839924243087 0.234344349352224 0.0485571012337771 0.0266056346780184
0.31878565558027 0.196938554069601 0.052858201327771 0.00210730543640937
0.312090264774739 0.197455590364869 0.0530902253156309 0.000852534426335051
0.324707264789616 0.259485285286264 0.0544623424999409 0.00775329941595818
0.244637952814489 0.382776748694249 0.0489012785006423 0.0225443810553411
0.0586361284575251 0.439231454706949 0.066023817588075 0.0451929781865963
-0.207836970009309 0.42905772928022 0.0324283638640484 0.0537770879950006
-0.44759217594172 0.25342404337381 -0.00231716344568915 -0.0239970753592283
-0.463110927166574 0.0419676280324923 0.0568118521656262 -0.121854544356739
-0.371543434192389 -0.0737654471348612 0.184434500125086 0.241281239202824
-0.396201808240725 0.076995881383324 0.140514294237109 0.0239192099443027
-0.311354537653685 0.197686414641861 -0.0291986492586297 0.0505682399164306
-0.147236137294264 0.313513698621336 -0.045586485080474 0.107736768733592
0.0372190369816611 0.355253818713167 0.0303803434864278 0.205389050800311
0.186390870557554 0.294463460526906 0.137448129321322 0.171063622080113
0.252297572504932 0.208725450799355 0.152190309180093 0.1147464175173
0.278174514538578 0.179323315122121 0.17099652119312 0.0771483066804309
0.267533364903467 0.179798726805042 0.161463201604263 0.0617835352238942
0.262299845281969 0.2291881094539 0.136205315817868 0.0592776683996264
0.171988551318694 0.320277571652542 0.0962607433647551 0.0707497777364719
0.0110205199903752 0.334356546799471 0.0720305633749321 0.060283446979295
-0.160522234599381 0.296051065994013 0.0662206841628899 0.0322071195007794
-0.329066768560653 0.195773080684176 0.0727767590045782 -0.0495308319976313
-0.361968116781253 0.0611024077439994 0.19399522074168 -0.11567460555338
-0.256959513880046 -0.00724498621830426 0.338220741898649 0.24680141834334
-0.241528818540672 0.0959561245112334 0.244996223281552 0.0144568301169967
-0.164303787923413 0.140203252125871 0.0453577472862267 0.0272664955953751
-0.0833865537756502 0.190414642463731 -0.0323247599317322 0.103908933446335
0.0255268929681132 0.227507195383567 0.0473605835456792 0.244536057097014
0.125298083316983 0.198125973177037 0.185652090009524 0.232332756114421
0.177530474065182 0.148985856497931 0.237142782082645 0.180962363903077
0.196429113248813 0.134554113434934 0.263346088848125 0.139286899319982
0.186111736745514 0.137050156085189 0.23836812380786 0.117319636471701
0.162147594844803 0.168917059877433 0.182651693322964 0.104872828663002
0.0737333719173889 0.216481700437171 0.113043444203036 0.108551815453997
-0.0409249088799097 0.187482487500245 0.0560489740812733 0.0691841231725075
-0.0927904950098928 0.130143773665053 0.0776624405587074 0.0153975609385897
-0.174806566226763 0.11731002801149 0.118445356270847 -0.0601265381677305
-0.219114130663098 0.0751098503838982 0.290391124952763 -0.10577778105132
-0.0946484816767874 0.0514223503445203 0.437228002299316 0.222210073200491
-0.0484302935293107 0.0742240719675879 0.308238423760881 -0.00735304154905496
-0.00833150383032914 0.0360712737673731 0.104413192849028 -0.0153936286977711
-0.0328356732432656 0.034733339172418 -0.0194622565310998 0.0763932417374593
-0.00454796573749016 0.0732708265766336 0.057088528349815 0.241101061567007
0.0377186394746618 0.0784979029275211 0.208834085092699 0.25407966879395
0.0717076099625168 0.0710952248266507 0.288917481055573 0.21433204597165
0.0854043636553228 0.0689706460769398 0.317314068384622 0.178721534903175
0.0823319251252498 0.072132688355765 0.27556193629885 0.159853051169203
0.0527175652739126 0.083370146750009 0.194302503646058 0.142024048448482
-0.010674560218879 0.0914830519915277 0.102699540177109 0.130963829087651
-0.0583701299753551 0.0372539348070179 0.0272050608651877 0.0660591050641082
-0.00256174124652589 -0.00986624505884977 0.0780512585133269 -0.000174711352953419
-0.00967669554658411 0.0592502524343183 0.1452674386798 -0.0551169872528335
-0.0597098701925838 0.0922223481644124 0.340798781307339 -0.0908665047035365
-0.0760938554796859 -0.0644164142823722 -0.363347712284394 0.1028023695925
-0.119120527468316 -0.0125328076097792 -0.172747912201366 0.116876846853771
-0.0755345307845396 0.0749812046844472 -0.0718407012277243 0.0620605167812131
0.0252217807967357 0.0732333191232562 0.0239777454463661 -0.0246717994929721
0.0464376179899867 0.0363248771587593 -0.0573165264142292 -0.131701687842663
0.0430617707666908 0.0101177804699931 -0.172040102657845 -0.148434937521183
0.0287883764162581 -0.00216159548449767 -0.269244425537473 -0.143804704226
0.0364623415167393 0.00587838936185148 -0.322280307764968 -0.139790018766026
0.0401162834487124 0.0102489412429342 -0.316525865994162 -0.152593407872092
0.0683036220055134 0.0270762883704978 -0.241695830064771 -0.174726824924392
0.0765857870676897 0.0660802092975359 -0.123918409861213 -0.176160354680878
0.032846286779115 0.117427203888575 -0.0217323157357895 -0.067464326884405
-0.102854997851671 0.129339522973909 -0.122362534870261 0.0322208581376503
-0.163815768829471 0.00312077838695606 -0.273797230349188 0.0255056391196887
-0.111313546044956 -0.0687187830712337 -0.4268710394101 -0.125791363591155
-0.207210377084227 -0.0814137717765576 -0.323457124871689 0.113421072450061
-0.232511045189119 0.00544637025024727 -0.181620538947005 0.0898912554480052
-0.16987587185531 0.122591844801701 -0.097254155149791 0.0850755757354063
-0.0208665256142929 0.169076267408251 0.0315316700695343 0.00409658665333394
0.0700661660305564 0.150995670391909 -0.0231009175186337 -0.109105178102066
0.122349875036982 0.103112322798149 -0.125785150095114 -0.146806286033631
0.134761685265012 0.0621804458654335 -0.22824494691712 -0.143208015578442
0.159531612034946 0.0603908567983165 -0.279144353591636 -0.132998247968494
0.159789166472226 0.0721062603515994 -0.272036736639643 -0.129732490097457
0.182863182070525 0.113192912540689 -0.207414183327379 -0.135779069148444
0.159599723582747 0.193151991332003 -0.10884982052323 -0.133986092681007
0.0532486295505018 0.263584491322735 -0.00411050808097477 -0.0293989306531106
-0.165287571181494 0.284926947095326 -0.104805765963389 0.0737081882803968
-0.317882662190964 0.111616516243608 -0.255138256101572 0.0516333970555674
-0.283033267347392 -0.0338146123055591 -0.375100699227328 -0.111283377917304
-0.320454278139306 -0.0950430823288935 -0.236212749342647 0.135229775576162
-0.338401021181374 0.0203903365281712 -0.156750803581328 0.06144351798316
-0.264116972310583 0.161707022261814 -0.115844723586133 0.0916073815328638
-0.0813727303572543 0.258411145629133 0.0176715699077877 0.0343137880084925
0.0779142123101952 0.264841005594708 0.00222220719968805 -0.0585608477990144
0.185554219883453 0.196805811743537 -0.0650136304406819 -0.110678418864127
0.221625188638963 0.126670384347271 -0.154528782899323 -0.114983262017156
0.257089131056412 0.107793449429994 -0.192027651817146 -0.105181211853067
0.256189392091592 0.11672886583168 -0.184587770262583 -0.0947509713526911
0.281018345850326 0.171556856565503 -0.137392391992801 -0.0896617737590173
0.239038747109977 0.28759217103868 -0.0685640301401672 -0.0844741577855031
0.0918579381452379 0.375736582373687 0.0244345588741733 1.0462837783927E-05
-0.180293081839883 0.411296385697305 -0.0585207366031971 0.0923670928548104
-0.410110118764615 0.220089847837634 -0.192454537659171 0.0590267119069414
-0.404113869856961 0.0171217122311444 -0.268751576656194 -0.104599282578061
-0.396779153011469 -0.0950750312172896 -0.101261811404306 0.165896564315066
-0.417301158713522 0.0475305085488346 -0.0825855214834658 0.0376113206226158
-0.334967311833522 0.204872731113883 -0.106656322505627 0.0837139456804439
-0.127125467914284 0.334376010805109 -0.00252573586186077 0.0605311602314873
0.0811341744423803 0.352891399716818 0.0216007856912647 0.0166434625046073
0.226870035689628 0.267407495218078 0.00741773329184296 -0.0417725745176877
0.277343882385552 0.172624425742607 -0.0545129249680713 -0.0597776999824895
0.314125511602222 0.140504503603556 -0.0761285798642915 -0.0598548104507309
0.311540767040388 0.143168718449561 -0.0677138849061892 -0.0526847497949328
0.336185510747637 0.2010416856254 -0.0403540219923811 -0.0437318326106044
0.287281780737557 0.332824257502839 -0.00672284967467152 -0.0344162671962765
0.117691068233959 0.426957787522586 0.0562015595786203 0.0211137041419994
-0.165308108444616 0.46715349687285 -0.00378170267485588 0.0837620798769766
-0.430207662740579 0.284481448985501 -0.103972841518972 0.0373828541062257
-0.453050114475959 0.0635251616695158 -0.126060093680027 -0.109475437231722
-0.415454925025725 -0.0702326535698548 0.0660502615535763 0.193548943303309
-0.434527574637061 0.0840124250858954 0.0293219367437865 0.0189715204214127
-0.346019719007992 0.235811758811483 -0.0650434230157181 0.0670512609118791
-0.137103684599091 0.360605902927676 -0.0177723026024482 0.0844923961318545
0.080644607065324 0.381675639029752 0.0416951843559264 0.10365682758977
0.234503259357657 0.292398247432078 0.0848268254795702 0.0479878479927938
0.291765562579426 0.189310960863736 0.0588938428301202 0.0137829429888898
0.322812807537311 0.150453075454754 0.0517864083486489 -0.00356776410980478
0.316882244362082 0.149169045998027 0.055223157983105 -0.00686169932991428
0.333036933886333 0.203575616912722 0.0608617526349413 -0.0018583343378039
0.273663805153021 0.327409672083646 0.0598944490549782 0.0122953206765417
0.103699698390592 0.401620849981697 0.0798344123397269 0.0370932372565694
-0.140536682708924 0.423742252022792 0.0429127984908369 0.0575395432127159
-0.381387099968718 0.280751233029399 -0.0148590354625521 -0.00298272314898936
-0.421283829124113 0.0905014968929671 0.0265078739251803 -0.119922305012125
-0.364612055775417 -0.0261383947174289 0.23367081117117 0.20557199712986
-0.362633097972309 0.111401084103294 0.146849338922099 0.00231721181073797
-0.273293519338556 0.220463450885193 -0.00492690077220189 0.046091455005836
-0.108097073741711 0.308815438105631 -0.0201250475272847 0.101491181569394
0.072058376884873 0.328987922823078 0.0633822011584744 0.178457762308872
0.206109854572216 0.256138219574588 0.155086480501165 0.132614288070122
0.260131205859554 0.168130967888953 0.167381158139764 0.087037373912447
0.281748042420284 0.137479333000053 0.171205721679604 0.0526902354438997
0.272586844941834 0.137350632816006 0.163887179922584 0.0390794623479004
0.268892326597976 0.180669363987365 0.14192144930692 0.0376462528982178
0.198573445753594 0.276391534181668 0.10787124145771 0.053490479188478
0.0468454306171859 0.308536160760809 0.0836646483353047 0.0517455641546328
-0.112234412249767 0.293649014113929 0.0697589152264643 0.0288724790520066
-0.279916112285783 0.215058803216085 0.0546521163637727 -0.040557904723994
-0.326835780437893 0.0955297656507527 0.159884311573587 -0.127735529487457
-0.244860470211944 0.0237392320390971 0.369578691115662 0.193486011406767
-0.21484164778592 0.113446999855212 0.239840464748634 -0.0178517318418147
-0.139957280151689 0.149444870029982 0.0552639265221091 0.0165484721744744
-0.0608912684066139 0.187040866717951 -0.0116262494349237 0.0990346837309017
0.046995986117078 0.211445835269611 0.0816917006537938 0.21719318618647
0.13929442783955 0.172463681307614 0.206147128249808 0.190372506659492
0.18421406263977 0.120360314377035 0.253806657678587 0.143130248281048
0.199947840706222 0.103203919269185 0.265167194229647 0.0999528288536793
0.190560941005864 0.105883380042132 0.240091133968422 0.0830369208774288
0.168741834404768 0.136484689802279 0.18774941913185 0.0762216790227566
0.0939575714027622 0.191771944520631 0.124239971144091 0.088506180883616
-0.0172157376682264 0.178715424725956 0.0652452565711263 0.0619088701063121
-0.071549708034553 0.130200987429921 0.0760093484203258 0.00694078397245163
-0.147528728723572 0.124634901356485 0.100441371154635 -0.0617167032883548
-0.19196102197321 0.0894497368006842 0.255162097466113 -0.127238837833581
-0.0801694031595088 0.0607274828299083 0.445677131458919 0.157344605657587
-0.035364440976235 0.0728232935239572 0.291163686214104 -0.0433389370579855
-0.00489377114253989 0.0336043420229624 0.0975865805450742 -0.0274611232571353
-0.0282557068693639 0.0365570164760891 -0.00766365043439353 0.0752973235974915
0.00297102847322316 0.0701777912615594 0.0866385034680592 0.21927063908119
0.0453843715289825 0.069615703707717 0.228354089082378 0.21380823894922
0.0772429401513167 0.0588591215636579 0.304271456076135 0.171333449330579
0.0882524970469091 0.0545830056942464 0.319078671735713 0.131219135845174
0.085187229826361 0.0561617050045135 0.278199003812603 0.120003076718377
0.0570496945511796 0.0697335935539412 0.199490686650512 0.110818196876268
0.00041568747935186 0.0859566521830129 0.112501131223266 0.111625106121408
-0.0497264417250432 0.0418732019969183 0.0332445671836798 0.0607572974533613
-0.0060819847257879 -0.0105561102204653 0.0724700039996927 -0.0124188182964275
-0.00292745061024396 0.0523425664661864 0.13064268881913 -0.0658934683701857
-0.0430948163767799 0.0857173913491145 0.308437409844171 -0.117817573684463
-0.0722782035469472 -0.06247037926853 -0.346297910247948 0.0886575540504123
-0.112446883895008 -0.0119091988758877 -0.165484199475951 0.105969169812012
-0.0709611351036781 0.0709487569570729 -0.0677168821228175 0.0594915263320073
0.0236623362203061 0.0687924356221179 0.0239243908125067 -0.0232390363005734
0.0431971070925932 0.0336481676201235 -0.0519478795662862 -0.124202602043462
0.04035677183321 0.00963826812558301 -0.159193524006985 -0.142798991094329
0.0264205760769096 -0.00074470758779856 -0.253410786577371 -0.140099618226849
0.0350150956750585 0.00625141878515841 -0.305582349835987 -0.137203302455006
0.0382837079079163 0.0116595774815791 -0.299589780688265 -0.149216762852498
0.0642896832870538 0.0272345155004476 -0.227389679209872 -0.17019135607252
0.0720307559683307 0.0621535351755534 -0.116442195918173 -0.169982301830902
0.0294763837579717 0.110835465833149 -0.0194793660602402 -0.0667412921190719
-0.0985317604075813 0.122983380901174 -0.116365954794025 0.0285473927166357
-0.155806250289222 0.00176683371313916 -0.257995079808208 0.0178377863248425
-0.105744570146195 -0.0673614735083092 -0.40260962662489 -0.128565197408236
-0.196882015387048 -0.0803380005236599 -0.309149362924331 0.0987615778969336
-0.220279411334132 0.00271192936538542 -0.174967756180365 0.0805508765171309
-0.160716625814142 0.115189356827696 -0.0917936571940069 0.0813564123494573
-0.021132662851263 0.159619427036225 0.0292306226425364 0.00479720647202219
0.0653757406920508 0.142911601471075 -0.0189940421936749 -0.102575853059612
0.114975792343605 0.0978772775321977 -0.116125252832147 -0.141162276363483
0.127032711018683 0.0613656761243241 -0.215415662573245 -0.139155163158235
0.151341320455533 0.0601057505620031 -0.264851227285451 -0.129138514569707
0.152565703089544 0.072619896171561 -0.257810484723025 -0.127582319643547
0.1730422806832 0.110544402971432 -0.196190725995787 -0.133192567995833
0.150282520121777 0.184370726726455 -0.102022026820154 -0.12896778464438
0.0476886132900486 0.250733654858552 -0.00347671857183376 -0.0305915869753464
-0.159334822737063 0.268689553888501 -0.100520355250898 0.0671412316380658
-0.304208037429886 0.102412659432744 -0.241077105670543 0.0426730118793658
-0.27086056287761 -0.0386113911929817 -0.353960565792361 -0.113503361115361
-0.303419612853447 -0.0957248533749897 -0.227865034936288 0.120582106063415
-0.320315734902644 0.0155215294329369 -0.150876449886453 0.0526584087392996
-0.251347987677108 0.151067603175739 -0.109671601268188 0.0875341923660951
-0.0794978893078482 0.244233794016606 0.0160033655539888 0.0329510644536187
0.0711893727972575 0.251059952029997 0.00511504484349617 -0.0543703876747217
0.174127335236168 0.187968324290055 -0.0587263221306142 -0.107605942142915
0.209797613853042 0.123443304760353 -0.145701156671628 -0.111084521137816
0.244249985060625 0.106045251077395 -0.183042015594654 -0.101202384785106
0.243777692441702 0.116392281104437 -0.175556589897852 -0.0929758337754303
0.265596621900735 0.16705419187889 -0.129724140802638 -0.0873468939555715
0.227304192039039 0.275181871692599 -0.0643231232821712 -0.0808105640552437
0.0825960473966213 0.35915625376693 0.0235995743092057 -0.00241492580819221
-0.177027479514097 0.389593678024245 -0.0579047811820162 0.084063506466948
-0.393752935934963 0.204468081971441 -0.182509341517177 0.0503482274838541
-0.386881520375002 0.00663148420784209 -0.254384593598305 -0.104859366216317
-0.377350525477061 -0.0959958010961928 -0.0995545637775984 0.151813597904945
-0.395239592059366 0.0396558845389151 -0.0806159529450918 0.0317075521027604
-0.320586108470838 0.191969504027248 -0.100262834219458 0.0797955064374216
-0.124981206933039 0.316526391032187 -0.00436914004589437 0.0581731191278851
0.0736852087744773 0.3351476406504 0.023056582604009 0.0165640885948156
0.213697367993425 0.255008977761101 0.00886357643081344 -0.0411653887563614
0.263012335938008 0.167487788586873 -0.0515506510964632 -0.0568047476704334
0.297772085270758 0.136952272142357 -0.0730682872282017 -0.05658229453416
0.296130959729641 0.141302350606613 -0.065865788281321 -0.0506461144037475
0.319032653722748 0.19711915190149 -0.038504500079003 -0.0434903817161618
0.271140212823925 0.320214210369686 -0.00612121333315998 -0.0319643982936732
0.107704038335993 0.408407698452522 0.0536289718020921 0.0180622437376786
-0.163312958976744 0.442253852555442 -0.00575140557555379 0.0757068607177449
-0.414376587036039 0.266345906125003 -0.0984012277099439 0.0305729853626382
-0.43305502708583 0.0506620708258589 -0.118459218868 -0.105838169847444
-0.394552472302834 -0.0745210414704695 0.0582984432185212 0.181973584310828
-0.412316644374904 0.0731108022359956 0.0256977413151191 0.0159403115050101
-0.331313945745653 0.218923004926293 -0.0608422464573348 0.0639049248819325
-0.136242219920693 0.341907957987698 -0.0196087044921796 0.0811284321595193
0.0721751232999491 0.363235349360964 0.0410197726139958 0.0998737921027344
0.220500490302206 0.279292572940186 0.081130027143296 0.0448793342700196
0.277184877531238 0.183107599920303 0.0549354562625845 0.0146018601229695
0.307073053143846 0.147381813203349 0.048745661381127 -0.00161164267941681
0.30201712061345 0.147101211855285 0.051189710367652 -0.00491516672641633
0.314383319319967 0.197593474820175 0.0574139320646855 -0.00192385130706773
0.258537119735774 0.314397200521745 0.0567055211738218 0.0128414714562526
0.0942932636023713 0.383318468163698 0.0755489197224847 0.0341771688113898
-0.139422507022614 0.399919125402836 0.0385747142756227 0.0506454333645392
-0.3670646359851 0.262915737118086 -0.0134018962398187 -0.00645855168706728
-0.403739093822387 0.0755136347584097 0.0272509658652014 -0.112497554113722
-0.345649831566532 -0.0306553477868034 0.21813913730285 0.198200485614784
-0.344925143742092 0.0997425319654431 0.138651508818457 0.00302420232800249
-0.262212580277598 0.205661086588607 -0.00359903798709821 0.0444277110954313
-0.108732046761827 0.293132769837227 -0.0221477430268539 0.0972743445492411
0.0638318142848219 0.314014612221401 0.0605830270940343 0.170780775356715
0.193558495141721 0.245223101285527 0.145722950499161 0.127014794315759
0.246167045474019 0.163742863628514 0.157544170568143 0.0860535612293607
0.268086335782895 0.134701131854572 0.162925634599626 0.0537860864739909
0.258882703665745 0.134519821416877 0.154416747891074 0.0405277877892077
0.254362253628479 0.174682577690957 0.133348485435332 0.0368350527346212
0.187149351844878 0.26440075056251 0.100952449633119 0.0522283599366739
0.0421924308698916 0.295032724128175 0.0794045347918678 0.0482169165663914
-0.111670405501467 0.276727761546883 0.0641654163316908 0.0242261795010095
-0.26934818432206 0.199151102961137 0.052702022992228 -0.0395402831997052
-0.312382900864165 0.0816542026888556 0.154402829871823 -0.116754431301813
-0.231717933711348 0.017811445490072 0.347659100209446 0.189412680533842
-0.204379448350583 0.102660672027993 0.226987773929828 -0.0132813520314446
-0.135700944088207 0.13894985033604 0.0530002292846208 0.016985933532445
-0.0610759183753757 0.177183906246812 -0.0142115276333468 0.0949464676661737
0.0428733977471681 0.201865495281103 0.0767743037819625 0.207926869870774
0.130537926994167 0.164810585851867 0.193777029445708 0.183211769520905
0.174638275624353 0.116026777322684 0.240148955590769 0.140693775460357
0.189809244620948 0.100830981107563 0.252130115660111 0.0989032441882535
0.180748493360865 0.102865446317423 0.227295280637845 0.0831277664885204
0.158479883744094 0.131021402880136 0.175677016154155 0.0742559925966692
0.0881137853905617 0.183437953263852 0.116270060924653 0.0849338928298506
-0.0183292858958649 0.169978483342702 0.0607503677791043 0.0588262289160883
-0.0710646576779101 0.121820148708814 0.0708878856650117 0.00363966708191853
-0.141224497253525 0.114556120315706 0.0959227841315119 -0.0574857018193666
-0.183633240572449 0.0788919400387796 0.244711515467734 -0.113573623550243
-0.0754044288492653 0.0554166455816511 0.422636506714644 0.158993406901845
-0.0336394170343582 0.066864274106262 0.277753445178318 -0.0347846227912991
-0.00616944116786096 0.0313348139512544 0.0927574741992364 -0.0243955559913431
-0.0281203048296897 0.0349048534223858 -0.00944552296815428 0.0732134054127598
0.00268348294475693 0.0669257974083028 0.0807182425894222 0.209430971082207
0.0426946075586302 0.0665739011621601 0.215223576973402 0.206461992748818
0.0738959888929324 0.056411861235043 0.288216159421965 0.16799091847889
0.0832003128640173 0.0527211565690152 0.303607320204138 0.128382650766338
0.0797566091705009 0.0540678387096332 0.263804292579789 0.116601038136586
0.0529141252297337 0.0661556573804271 0.18647314251132 0.107329445007007
-0.000295563753479525 0.0818009272712489 0.104608301363924 0.105869272448709
-0.0473330165283087 0.0407336460148315 0.0304808750111203 0.0577037481497123
-0.00693849018503257 -0.0109695647582464 0.0680538451094365 -0.0139345532108548
-0.00295037875244143 0.0478163087663857 0.124529453274731 -0.0597087973852827
-0.0411390861371192 0.0789564435995253 0.294217520596325 -0.102840103121506
-0.0696102993235184 -0.0632838744936838 -0.343533576852463 0.0695301948490118
-0.109668638121062 -0.0140016873047076 -0.166720976311377 0.0960777735398552
-0.0704798546783116 0.0676156724156711 -0.0678773969247774 0.0571298159214349
0.021317539373325 0.0673440994048395 0.024919601154194 -0.0214434869625335
0.0408760120304822 0.0337846005459872 -0.0456313983117925 -0.121518290106061
0.0383325499981177 0.0104472658776821 -0.148648548799623 -0.145737814047339
0.0257145319942257 0.00113770225980247 -0.242562551224157 -0.147251557730074
0.0340855142101727 0.00757206471258455 -0.296731799291132 -0.145385149866455
0.0383746285154542 0.0144337615742546 -0.288618796698809 -0.158139781464902
0.0619471705847347 0.0300794716834751 -0.216873437095685 -0.175768374893064
0.0683613420812973 0.0623358506377757 -0.108756953063536 -0.171377250032704
0.0245066303789272 0.1083877274339 -0.0166976218637516 -0.0681932013827644
-0.0997344647527202 0.117338318240599 -0.114394536605742 0.0233962455534361
-0.153285233322148 -0.00319615993507894 -0.250924216444175 0.0050813366238232
-0.102704399209004 -0.0702708767294995 -0.388781902953144 -0.14419273083303
-0.190626359209146 -0.0862214665373174 -0.308394639739678 0.0802771665968916
-0.215400954588359 -0.00480491433041259 -0.175698798779659 0.0698190428568193
-0.159744756509905 0.107456418837649 -0.0919569894455019 0.0778588781938438
-0.0260625508941284 0.154345261607132 0.028875172635308 0.00574910110114588
0.0592732640262581 0.141054162524232 -0.0135295215408931 -0.0993899070936443
0.108819197247791 0.0993939182814765 -0.107444137938027 -0.143313831234656
0.121816196056793 0.0661814587042704 -0.205585655613713 -0.143926578175384
0.147042542319155 0.0650969164259764 -0.256810443183899 -0.135794906845932
0.148378788584921 0.0782020808101809 -0.248849468440181 -0.134639018046388
0.166114305233355 0.115973230765987 -0.18769226758179 -0.138561133742827
0.140739020250416 0.185457944987073 -0.0960906980050293 -0.129636836170094
0.0368224446204443 0.24701704794207 -0.00154897839248437 -0.0328291382665692
-0.166341927483746 0.257258426738693 -0.101350074332697 0.0599284067771805
-0.303221176803627 0.0893564257453656 -0.236145567965329 0.0296804205024538
-0.26547484405751 -0.0502974803466976 -0.343693408399289 -0.127443273835931
-0.295046468148592 -0.105243032548498 -0.229474037963314 0.104837127302732
-0.312460039369105 0.00288572690811905 -0.151566101287364 0.0431794251604849
-0.250888930365048 0.139506381004926 -0.109871099730854 0.0838200531957967
-0.0860787319910004 0.235845456059324 0.014259239332727 0.0333480677438481
0.0618871722976806 0.247056051518626 0.00871565814113078 -0.0521696616620378
0.163670366953345 0.188928468086317 -0.0525090691805611 -0.108372600245007
0.202379496234813 0.128624510697581 -0.138661062065981 -0.113267229787348
0.237097500945354 0.113050388314368 -0.177025559460561 -0.105207198761781
0.236296645726339 0.124466865957105 -0.169788850605583 -0.0972618267040967
0.255464015728778 0.174324256734194 -0.124943564584083 -0.0922453428900629
0.213599493929743 0.276738040836608 -0.0608745970557858 -0.080900261552962
0.0679332231045218 0.354338967512786 0.0233578709696967 -0.00429933751741268
-0.18706711940036 0.373694704336781 -0.0608688262033287 0.0778882413453396
-0.394093748377466 0.186083042806644 -0.179381767130732 0.0385554575305022
-0.380936284818432 -0.0113787964674115 -0.245937356193779 -0.113819175955616
-0.36645457051089 -0.109192667981755 -0.105693330598268 0.142111128682604
-0.387903919230832 0.0244960153612975 -0.0830368977732353 0.0245213904769006
-0.319306991060295 0.176184839566259 -0.10025220110386 0.0761121252404531
-0.133776202805665 0.306192230086009 -0.0070648172719673 0.0569447143841732
0.0609682402049947 0.32980129644326 0.0242093451745245 0.0180675737644339
0.200137829645296 0.256816120087402 0.0109090076591929 -0.0416463957583892
0.252678245000633 0.174585766019969 -0.0493481870659523 -0.0564861305240762
0.289393947483408 0.145817936503228 -0.0704877412365414 -0.0571318187219356
0.287993285348511 0.15166938676539 -0.0638579318674017 -0.0517689081466404
0.306753667861679 0.204506897781846 -0.0371562614800446 -0.0450075900148147
0.256198916957122 0.322780064370777 -0.00491428911612709 -0.0305498983134805
0.0919163015019097 0.404157460091937 0.0515089849760243 0.0167950105572526
-0.175859967829755 0.426252453854143 -0.0103051744591726 0.0704549320282308
-0.416037647321829 0.246263545344621 -0.0971775859285265 0.0226719668406923
-0.429477682252932 0.0281823033859762 -0.1120003404811 -0.108476673569914
-0.384564383495279 -0.0902185217796351 0.0480779483458588 0.178952420628075
-0.404923626061395 0.0544944208599314 0.0223715189706389 0.0138479722346653
-0.332441229379101 0.202196070982438 -0.0609442765234497 0.0611694472509103
-0.147343054030294 0.330919757287072 -0.0236830181766084 0.0793492152263612
0.0589237846869226 0.358287573802328 0.0389136450120475 0.0999581598839678
0.206371369876459 0.280931582487708 0.078048284352434 0.0457920986134792
0.267360420675278 0.189414352195682 0.0528404298107956 0.0173585376926321
0.297161999665737 0.155874156218378 0.048109737699584 0.00125796142031218
0.292538324839995 0.156181728595147 0.0495178060053324 -0.00258430782925945
0.301869038424376 0.205933042295299 0.0549651633306731 -0.000890858286565795
0.244914304990742 0.315518285277594 0.0550291080990827 0.0152443335455106
0.0799032799866611 0.379371071845668 0.072770398931677 0.0339754218196756
-0.151509923353235 0.385287426112945 0.0338655264150793 0.0476831815439801
-0.369608723023703 0.24246113103232 -0.0128593095759799 -0.00884514475265982
-0.401503157162114 0.0529336776207326 0.0312722127302037 -0.107599979053589
-0.337003875864355 -0.0457156713014131 0.205384681158992 0.202534175215514
-0.340374200907037 0.0826723566655128 0.134548207688314 0.00638669754496216
-0.2657781613822 0.190682755290482 -0.00398722526819558 0.0438590528832748
-0.117062700266895 0.283463397393725 -0.0272627750302607 0.0958179976098035
0.0519013916621479 0.3089462527228 0.0551959288944291 0.170250510368554
0.181708054075776 0.24679358981223 0.139535774404731 0.12860392406631
0.237244816962271 0.169111792664208 0.151918721138854 0.0913730103340435
0.259408682118422 0.141952809844308 0.15842091062833 0.0593978552625426
0.250699645063248 0.14167619400021 0.149718388884003 0.0463462787516063
0.243270948384536 0.180466609649618 0.128080876679042 0.0408289731336345
0.175662480753813 0.265023861446375 0.0974886664537366 0.0550350800040688
0.0313585072447927 0.289207330494034 0.0756495331762483 0.048961838957834
-0.119987462489841 0.26563507479342 0.0596071715699828 0.0226523202785956
-0.271613019471683 0.183262640278068 0.0534183175871622 -0.0381462756663867
-0.310998499462755 0.063852099226098 0.155264914843633 -0.105916658176882
-0.227230185105319 0.00702918724475029 0.33431216927319 0.200965544194484
-0.203016272386952 0.0910349795589395 0.222182153124867 -0.00390577663123614
-0.138639297288958 0.130126662810058 0.0524015169927547 0.0185833721195995
-0.0674432027173428 0.171752038662496 -0.0192477828942878 0.0941213397289843
0.0342160341968047 0.199143296976613 0.0689126383185095 0.207224973774647
0.121915522152518 0.166123023219322 0.183346240937133 0.186835099792739
0.168993184904934 0.120191319604996 0.230730673345823 0.148098292285609
0.183615473141309 0.105411994874711 0.244629624151983 0.107360487185572
0.173539990804012 0.107782228708298 0.219602661498615 0.0910196340440727
0.149861836552557 0.13382259893343 0.168487251290808 0.0791837059177285
0.0807200646328845 0.182621264795259 0.110168739340223 0.0872751958887801
-0.0232877480100474 0.16573625862494 0.0579161691264034 0.0587100776665655
-0.0754288401851484 0.115433150461026 0.0668572092112536 0.00293648682028413
-0.142564306990241 0.105510012817994 0.0962044538941797 -0.052744137269532
-0.183126477665555 0.0665052526847348 0.244197195044274 -0.097761349405103
-0.0742785783141235 0.0499044656209158 0.409246956476476 0.174534624893159
-0.0343671621093835 0.0628733551403518 0.273106176253888 -0.0225661486889994
-0.00791808652072923 0.0296188567714599 0.0923123519476057 -0.0206700200498304
-0.0297063269768301 0.0338378277327174 -0.0134275994040185 0.0723643302564594
0.000287025196790126 0.0657481240944599 0.0725472915544873 0.208929682257836
0.0393108745940464 0.0668996390261014 0.203629142966384 0.211811206910406
0.0705125081090814 0.0573404669510311 0.276907182376595 0.176415635397101
0.0808010717442094 0.054265966978658 0.294556285778758 0.137487163711926
0.0761760482663448 0.0560198511886645 0.254708470211571 0.126345285928379
0.0486745646825083 0.0670110611396403 0.176544644894865 0.112279872276696
-0.00247882334367703 0.0815001316138441 0.097611268273108 0.106962233360593
-0.0483044472867026 0.0382090994694645 0.0276696284295071 0.0574473566066462
-0.0081935865330984 -0.0118984118479936 0.0655179584802249 -0.0141795197000074
-0.00405731726619211 0.0450809278291252 0.124285253198399 -0.052776900656718
-0.0423910807381273 0.0729011715688115 0.292662487313725 -0.085481886074603
-0.069536704992246 -0.0668081626784135 -0.354385013273843 0.0533768844303478
-0.110551395053623 -0.0171828741279973 -0.174173442116107 0.0895520136205782
-0.0732382902844999 0.0670204489228178 -0.0705866240744807 0.0575920373995576
0.0194729492952379 0.068759498812258 0.0269813281380941 -0.0211014513367848
0.0402606380995503 0.0356924490172484 -0.0412636482800259 -0.123966771648374
0.038028352641433 0.0118169513779568 -0.145139289458798 -0.153795978700825
0.0261107265898093 0.00282132213451958 -0.241286575951388 -0.1598193574418
0.0347304113934024 0.0102363598451293 -0.298001412357304 -0.159948781550502
0.0388688020954128 0.0175494118643046 -0.290773376679843 -0.172571662987318
0.0634506306696945 0.0334833173160395 -0.215273001240247 -0.188614902571611
0.0678444457273213 0.0648569427346897 -0.104904044912321 -0.178744015576676
0.021417905807981 0.11083470561115 -0.0145892598198314 -0.0725141978067662
-0.105294880910031 0.115952712288495 -0.11748976649019 0.0186374198794918
-0.156650262379566 -0.00827473467431257 -0.25491953205171 -0.00694303345520553
-0.103058718733177 -0.0763863266940986 -0.392166997000618 -0.166966133353344
-0.191846240229842 -0.0951730599575593 -0.31914407094342 0.0653231648915409
-0.217802169862527 -0.0123848740378279 -0.183079806806285 0.062042774125486
-0.164861659463552 0.104290957772418 -0.0959408449864618 0.0778003590681018
-0.0310216755341647 0.15576973056622 0.0293199019973718 0.00736820391453562
0.0554421724825873 0.145049195180189 -0.00882838863257508 -0.100426890007516
0.107377568236083 0.103958493209582 -0.103085024737464 -0.15010465372206
0.122715843796384 0.0722894466341966 -0.204919864515935 -0.154333698377963
0.148196535939104 0.0720679749984267 -0.258859648416334 -0.147890365774291
0.149775935065464 0.0869611528818356 -0.25053899973807 -0.146938520047205
0.16669865637825 0.124760997625762 -0.186797132149457 -0.149652206291673
0.137454943160428 0.192949454962301 -0.0928907138375787 -0.135560961713134
0.0280093354792831 0.252957287590891 -0.000337944524971842 -0.0363699357048196
-0.178843296145316 0.25616238925979 -0.105931305836886 0.0555510632873917
-0.313139347189654 0.0798773475525618 -0.240333628588969 0.0181545634216797
-0.270637889544371 -0.0632213350056136 -0.345050648091691 -0.146242278456468
-0.297684894337781 -0.119729408089562 -0.240014094914337 0.0942707851814495
-0.31862955771917 -0.00835572587356508 -0.158922799718627 0.0357208216332702
-0.259311857337923 0.13273018422958 -0.113541341480139 0.0829022056779964
-0.0959149914585455 0.23720792701807 0.0122481716966463 0.0352027351550647
0.0545324694959418 0.253529266724732 0.0123859402253002 -0.0510928158912103
0.160430550523505 0.196761966457632 -0.0489049277938212 -0.113539865974475
0.202999065283634 0.139097267630721 -0.13870171352822 -0.120289846958999
0.23888441866135 0.124920130228955 -0.178443838649055 -0.113573170033935
0.239668191420018 0.137827305503605 -0.171097647530713 -0.10535019479481
0.256295687323311 0.188823710571266 -0.124743434602645 -0.0998341774642385
0.208896830324283 0.289277789200725 -0.0584093752651057 -0.083922904701158
0.0567854244490755 0.362994123283533 0.023363651921663 -0.00662555297245817
-0.205959650652632 0.374329203564792 -0.0660850571660459 0.0748308912992986
-0.40922856418665 0.174444494559919 -0.18400856518858 0.0293117063369603
-0.391371149404353 -0.0293211509440876 -0.246413855958856 -0.127786346652993
-0.370382391464383 -0.125957623732722 -0.11556445661571 0.137769205441401
-0.395499229062144 0.00797018418588169 -0.0884372378792 0.0195535250341293
-0.331561187445597 0.168036878654439 -0.103759765577917 0.0753477526114223
-0.147189068758425 0.307186816227014 -0.0105010410605523 0.05926169277467
0.0512505317740262 0.33847266666098 0.0256962737519665 0.0199744455805624
0.194476563535388 0.267915491994586 0.0133699720695401 -0.0433878813010762
0.254003046494182 0.186996867308954 -0.049385461350727 -0.0585272998272613
0.292459982928201 0.159636749623693 -0.0705807738639062 -0.0598963015753007
0.291028125824386 0.166518833109284 -0.0649255869938695 -0.0548262015156301
0.306193593511613 0.22080444177316 -0.0372531401467985 -0.0478813210641494
0.252519553706909 0.337397419255611 -0.00392632183259543 -0.0303674076355621
0.0790464822185985 0.414881554608776 0.0516411752154653 0.0168106970104638
-0.19636422375927 0.42873074569355 -0.0150217305924969 0.0686205638497707
-0.435458043427866 0.235974103044522 -0.099416203670062 0.016497465711473
-0.441679759247968 0.00861028576990952 -0.110913112473171 -0.115194846449768
-0.38857122222638 -0.106110857760464 0.0407492166994722 0.182781420955429
-0.415768670497238 0.0372058932514392 0.0196497000753056 0.0131446642059012
-0.346694163864834 0.192584976819497 -0.0630276782847359 0.0611540376177403
-0.162930572797089 0.332493708344084 -0.0287945028910615 0.0821265221115763
0.0471096499770263 0.367858010935197 0.0381834674994853 0.104053096009078
0.202870071826383 0.293974606529764 0.079238381341055 0.0480642107282012
0.267938305355154 0.204027318797618 0.052654112816215 0.0213609839182334
0.299893093832032 0.169726080276386 0.0488523460158404 0.00392757443155322
0.29515267978606 0.170583199711959 0.050523045259179 0.000177922932623753
0.301748392654092 0.220671375723523 0.0553419911549317 0.000488430013413157
0.240362832240706 0.330727746970986 0.0561679451293152 0.0186495983311229
0.0675525888360097 0.38975660026759 0.0727297158488321 0.0356121311445628
-0.168356777347945 0.387857902619789 0.0303214977352365 0.0459725616212808
-0.386985025094759 0.23313699427072 -0.0127324861483557 -0.0123076786987042
-0.412550701919767 0.035826546197423 0.0350680348018072 -0.107406331990502
-0.341741490994256 -0.0622055369607724 0.200983088253093 0.21467783424251
-0.35026525010026 0.0687597402248761 0.134432066303436 0.0103603224182747
-0.277645437454158 0.183031227358249 -0.00482669814870436 0.0447263896255299
-0.131138279961562 0.285468007779424 -0.0335422355708724 0.0987516174639053
0.0424672030225574 0.317567716246193 0.0518923878316038 0.176197201457485
0.177066919384258 0.257646106821283 0.138406076811395 0.136277128512764
0.237717744018523 0.180815367497383 0.151137616081107 0.101301904955148
0.261712328893315 0.15397025831526 0.161193651218969 0.0676548209641874
0.252502465826447 0.154303229512985 0.15128589257083 0.0536233444087978
0.242371611974045 0.193411351405316 0.12801131970232 0.0457199666294208
0.17154168664832 0.276249367617881 0.0981689246215061 0.0605340895229591
0.0219532358985897 0.296534527028084 0.0752790408861995 0.050877177567127
-0.133528785880346 0.265297126614299 0.0581469830881016 0.021608061417262
-0.284370733527116 0.176030141269915 0.0565026683445795 -0.0390611383280894
-0.321532513387512 0.0494116337334726 0.163529292505912 -0.0991999890239297
-0.231731977493395 -0.00342815451532 0.333641803958116 0.21949983894671
-0.210125781733024 0.0816549158952107 0.225311800818965 0.0040015525124799
-0.146722054701173 0.125782629015975 0.0534048784073758 0.020801338761595
-0.0765492177422714 0.173567864415328 -0.0249305592767792 0.0975458808299071
0.0284158332362417 0.204140035485283 0.0641854821591096 0.21393791871392
0.119400567684111 0.174677032440001 0.181773350965395 0.19811851244992
0.16856085609961 0.128343270933566 0.230627362581866 0.161573043236736
0.184871207152288 0.114143119376797 0.247442443533017 0.119290229337794
0.174468057086414 0.115980353168891 0.222077235648577 0.10237768448008
0.148077228441008 0.142501383866512 0.167640893205174 0.0871479466183367
0.0770994386866312 0.189469253683277 0.108698461527147 0.092255100143626
-0.0293239448854052 0.168121837078172 0.0563145601155957 0.0603817825363617
-0.082458390326369 0.113345679899639 0.0664820442728358 0.002323927717697
-0.149493864411513 0.10074153615534 0.100506461662351 -0.0504440128784528
-0.190039687788203 0.0579122061122635 0.253703857991117 -0.0867983360246237
-0.0766362857762867 0.0463348034067231 0.41253728752396 0.194855770931411
-0.0367760237146017 0.0608613878281011 0.279975350167373 -0.0111972269722763
-0.0100337287783293 0.0293479368623945 0.0945404910997068 -0.0171634704245769
-0.0322238196725922 0.0338673563744999 -0.0179066853049339 0.0752085711864832
-0.00162296860090674 0.0667187660718998 0.0663526341593087 0.216567087869928
0.038215077902365 0.0700324131617758 0.200673442313615 0.224826483044187
0.0710717045186325 0.060769237172351 0.277482751143291 0.191941713187229
0.0811082465786055 0.0578510965216635 0.29719318695575 0.15244685535582
0.0758546171104471 0.0593718177429476 0.257076922791204 0.139504130940728
0.0460468958169021 0.069974516440285 0.174812334749978 0.12118001515866
-0.00520690658721835 0.0836138187817458 0.0942007972431479 0.111507538057832
-0.0508543940405668 0.0375466447590553 0.0259992415410689 0.0582210486125366
-0.00935350503325027 -0.0135811658926582 0.06616168418638 -0.0147953488091269
-0.00623959933387429 0.044432275865563 0.128814621922473 -0.0483690554236586
-0.0448396462989324 0.0704955771388952 0.302148885024019 -0.0712078605527486
-0.0731516340964309 -0.070462413120572 -0.375829603589313 0.0480884576893577
-0.115743680033043 -0.0177915243268538 -0.18522792758221 0.0902704617868667
-0.0764050844980382 0.0712065629469442 -0.0742276465545928 0.0621337524085484
0.0208015689903274 0.0716756597173739 0.029390677130555 -0.0219951611244838
0.0423622244105865 0.0378148725596541 -0.0407856902694126 -0.129623281411099
0.0391682623992349 0.0118777810755881 -0.151220619912482 -0.164801906545534
0.0273038581845804 0.00407193683798918 -0.253277620070975 -0.171591106025479
0.0373038423242381 0.0117462266696994 -0.314907199803882 -0.171479953798503
0.0417019924887624 0.0203866402719601 -0.306534297297201 -0.186236675304487
0.0675982933031559 0.0361670129730484 -0.2263893426851 -0.202548000816771
0.0705559231465778 0.067993238961801 -0.109008082372383 -0.19041336244799
0.0212522785578247 0.116528555633401 -0.0146421133814304 -0.079238270320086
-0.1113663926617 0.122032505630392 -0.12389791251267 0.0178874281488695
-0.165935223514102 -0.00911129160802135 -0.267211601612449 -0.0132311041898168
-0.109214001317284 -0.0815336297939809 -0.411101125143486 -0.183367619094638
-0.202487165104179 -0.102335464507848 -0.340020355233613 0.061463016399607
-0.229167100371454 -0.0137417454235234 -0.194610598093372 0.0613894069385036
-0.172818769790149 0.108350996216754 -0.100999368393742 0.0829259841408727
-0.032885116790362 0.162837789530341 0.030727116823511 0.0084399171174176
0.0576993266952502 0.152883825572487 -0.007233553099668 -0.10450257577107
0.111265174607506 0.109818753869476 -0.106779784172005 -0.160131668521065
0.130128407631154 0.0774731714336782 -0.214903653064576 -0.164513207219698
0.157555498095886 0.0785268429565671 -0.273466798129562 -0.158479443123182
0.159738354585419 0.0955006427594133 -0.265304542155258 -0.158717838822512
0.176213653793983 0.134407925623242 -0.197135524416915 -0.160862677775182
0.1430815908734 0.203610740063675 -0.0970018923630276 -0.144029259223313
0.0277083226014729 0.266174359914281 -0.000270025419770136 -0.0410787825313191
-0.191357363800744 0.268672535065747 -0.112946822186834 0.0559847791439459
-0.332321618088812 0.0833769720341039 -0.253504804803391 0.0128678258186027
-0.287545783507364 -0.0719587860960532 -0.363219646683908 -0.161005323445129
-0.314138124383646 -0.129816290951703 -0.257237360690838 0.0934930580996719
-0.334755962336459 -0.0121950077783366 -0.170513875714614 0.0332837798625335
-0.272873692025595 0.137327672698286 -0.119654226873219 0.088527126200934
-0.101701464305329 0.248746035556191 0.0128295608765848 0.0378107093140122
0.0565844606725014 0.266723999217996 0.0155875103094937 -0.05310362334456
0.167886196112081 0.207800135036081 -0.0504442521469337 -0.121550246211497
0.214909531232172 0.149099389128495 -0.145398847721197 -0.126613372298518
0.253414520458312 0.134534524812085 -0.188412260339418 -0.120318485248586
0.254778979017389 0.148542201546611 -0.181565680844417 -0.113263325353655
0.270103247776825 0.202620505878881 -0.132006079389389 -0.107324058882823
0.219152021953287 0.306344034997153 -0.060653598667947 -0.0883368262331076
0.0569825831424865 0.383254427862768 0.0247420813436999 -0.00981376970454919
-0.220109338104797 0.393225242351058 -0.072034218355478 0.0755365570208166
-0.437019121935562 0.180841251917164 -0.194777901661676 0.025854865985758
-0.41645090774501 -0.0385454651754869 -0.260780538453405 -0.138757186782966
-0.391038835395969 -0.138611628552106 -0.125929166872107 0.141927195527892
-0.417014470586268 0.00334023074198444 -0.0966796695753749 0.0167807565688155
-0.350516505797502 0.172008012616129 -0.108638369307806 0.0800932968257874
-0.157768198234397 0.322686406558399 -0.012871529223472 0.0638856031387143
0.0527005566358393 0.357785638255196 0.0292686451283437 0.0229403130887933
0.204396094591579 0.283379844101997 0.0146252866954286 -0.0468208725463932
0.269165118095552 0.199854540452478 -0.0517303866717599 -0.0601733719865428
0.309878796981151 0.171827182341177 -0.0746571879082632 -0.0633498696880636
0.309346488253423 0.178976633856256 -0.0685706316338097 -0.0577730355153175
0.32533267635847 0.237059509873502 -0.0398885910516584 -0.0516781179327186
0.2655384014155 0.357011751325753 -0.0031200655885278 -0.0308743348297042
0.0814231426656047 0.440617957642558 0.0539889450044955 0.0150734151930516
-0.212343245785499 0.449781280903559 -0.0184972889696586 0.069607243463125
-0.462452557746765 0.242617193721963 -0.105426445046139 0.0132351959724478
-0.470076865951469 -0.000342427486287124 -0.11693725193563 -0.122547043948752
-0.410082954930069 -0.119873540465122 0.0387106564610202 0.192593353236494
-0.43772669796049 0.0333580440417041 0.0170030569815073 0.0104104127441713
-0.369423698029473 0.197717086773783 -0.0658254626945205 0.0657029756281218
-0.175089497339922 0.349640949123944 -0.0330178007489571 0.0881114990009925
0.0472244596755042 0.388638861971637 0.0409814500262803 0.11125050815838
0.212909355365944 0.310451309156155 0.0832330578066109 0.0508088376971813
0.28299612703131 0.21660269296411 0.0548537518321938 0.0252470546256349
0.317702731462196 0.181865473773843 0.0519910590587325 0.00661688143792287
0.31387739832396 0.183783419972578 0.0531222109585745 0.00153006653614053
0.319255369661853 0.235991619760709 0.0571908674909249 0.000728201986635941
0.252842884237629 0.349161770025107 0.0599908254465829 0.0214897535534946
0.0702078912445048 0.41158057562921 0.0760771669608697 0.036203534579676
-0.182262544807707 0.406754170789204 0.0289517691501767 0.0458594881480312
-0.411874837714649 0.243137059820448 -0.0135819562064087 -0.0157257987430021
-0.439691108157448 0.0289101586976763 0.0382628730648824 -0.112205077248776
-0.360767788801133 -0.0718771751443344 0.208683073013518 0.229226708921307
-0.370778234410364 0.0675444271787905 0.138793188209752 0.0108056324518764
-0.295851902961775 0.188823820594674 -0.00515496951234476 0.0477117105831086
-0.142481363334926 0.300336471218555 -0.0374205380904016 0.105937152375891
0.0421947352876643 0.335267562849628 0.0546445200015263 0.186909195648312
0.185134703361427 0.273916471106544 0.145429283869358 0.144977528795069
0.251114886935651 0.192888223414721 0.159078974567424 0.109897463580745
0.277316487984292 0.164352218297449 0.170480220530519 0.0738994169455876
0.267573046400797 0.165025790518245 0.159962820814244 0.0585539690474431
0.25551904045334 0.20603134415083 0.13407008302126 0.049190044305245
0.180496798519084 0.292931749503763 0.102975448351086 0.0651221007578701
0.022034110895132 0.312816424210031 0.0784960523865824 0.0533693616750688
-0.144211078551466 0.277782629661599 0.0577642078884357 0.020716694759871
-0.302363363778998 0.182961872537842 0.0595442931981456 -0.0419495993338962
-0.340695510735048 0.0451375906161914 0.173089691478049 -0.100841072249617
-0.243752386229812 -0.00877300452904554 0.35041216258078 0.237278138524155
-0.222177937390727 0.0815966701463933 0.236716445154566 0.00678275609774511
-0.157274277994965 0.129215547463258 0.055788149906856 0.0230402744880793
-0.0845160879666827 0.182351763204451 -0.0291324128021776 0.104915629684344
0.0278981880337362 0.215605041266962 0.066351607582917 0.226946786426517
0.1252799091445 0.185614295330269 0.190610551313909 0.210870744153169
0.178438194286997 0.136771715817424 0.243382236336397 0.174594191832285
0.195717650431114 0.121982745434703 0.262362026186984 0.129192201097459
0.183735909882893 0.124307848933345 0.235226402515829 0.110926020031191
0.154727782197971 0.151949122947752 0.175448465208304 0.0937962180342676
0.08085855970953 0.20037288849051 0.113458029542633 0.0985976343432325
-0.0323557402260612 0.177022003392375 0.0586956487709097 0.0638252585524252
-0.0898291218895985 0.11773745398963 0.0673983488261149 -8.69895321358056E-05
-0.159456132220409 0.103322775997044 0.107120505559848 -0.0526541600525259
-0.202086776154027 0.0556475343585802 0.269718947676304 -0.085655137252843
-0.0802528800318609 0.0463751906257004 0.435597177618953 0.214934549120092
-0.038937970920659 0.0619976219743892 0.294293506366465 -0.00756287920341533
-0.0113637297595793 0.0294690031872407 0.0998681979335202 -0.0167699275037192
-0.0354613030955612 0.0359710695882295 -0.0206326669457472 0.0814026911026388
-0.00235559483788745 0.0707495121037862 0.0681411270826174 0.229256477209248
0.0403411137846296 0.0748665690020279 0.211334460648117 0.23944454096362
0.075565180727625 0.0641580338657185 0.292805827813353 0.206714075992226
0.0862448146090696 0.0616220247736032 0.315269731825331 0.1634497692901
0.0791665454384029 0.0626684802930682 0.270971102199798 0.150529015516436
0.0473055776751768 0.0748071838679389 0.182056942005103 0.129388297506938
-0.00557134426456262 0.0890463613411796 0.0970099078498537 0.11773868248357
-0.054221406963308 0.0396311026993905 0.026204445978392 0.0615165039391721
-0.0114269135596168 -0.0153394606223075 0.0683565383754337 -0.017503719819975
-0.0071237885185227 0.0450415126024133 0.136858067302572 -0.0495143003001131
-0.0476713730732685 0.0718481712761342 0.320667405305186 -0.0677453877374978
-0.0887795273213179 -0.0655445319744993 -0.385635426520899 0.110730306678511
-0.124078817576753 -0.00253415556836391 -0.176852266752256 0.1223826246382
-0.0677700797045643 0.0851271606259115 -0.0652912729429742 0.074201466559608
0.0324663838942008 0.0719491900366554 0.0250809472356756 -0.0319758623479045
0.0518885142918982 0.0330168551175433 -0.0667705723025555 -0.129350655259235
0.0439386391295055 0.00680427628135207 -0.187329332833449 -0.150462766344756
0.0308290688677345 0.000400594618973895 -0.300834471360643 -0.140958177088957
0.0433532899797463 0.00558681597584549 -0.35883601381506 -0.130565610755869
0.0496226370187563 0.0142141247530837 -0.355525787181223 -0.150491543260289
0.0789204687951841 0.0257581040830609 -0.271222695800208 -0.178782759319919
0.0858799868479589 0.0581965386321103 -0.146133862077465 -0.186586830448054
0.0387200435025272 0.11862699825331 -0.0269069063711209 -0.0863910548490994
-0.0951189439090296 0.144605660125693 -0.124805294794967 0.0375956528033073
-0.170921131984883 0.0166223711928446 -0.282336081429404 0.0287011521647583
-0.125594393207845 -0.0647777243671457 -0.4643502754253 -0.137271075449424
-0.233420685660945 -0.0775413956679493 -0.335416038159353 0.112588143921741
-0.24377754578605 0.017326426917256 -0.188762921272941 0.0895953060693521
-0.164508726887089 0.13908754970564 -0.0851310493052771 0.0953972702427709
-0.0116474263438707 0.175303856292234 0.0349725973569844 -0.00435756785343059
0.0847570619941636 0.150895060476044 -0.0281310455204875 -0.11530225646573
0.134658697511683 0.0987096605975134 -0.144440692710568 -0.157091226105489
0.149212229278801 0.0635114943059686 -0.261216296324671 -0.142392172226047
0.17985780179336 0.057118972254711 -0.314400789524509 -0.123009966785393
0.18510141125762 0.0736699178845697 -0.306559663015441 -0.127234158339003
0.207411908778015 0.11226710050195 -0.23291618585476 -0.141434390021054
0.182369183912493 0.189228284683049 -0.125209398063954 -0.141781236667785
0.0666375986415001 0.273758325367963 -0.00535549478241667 -0.0503413915627125
-0.15516110995666 0.309649430360503 -0.105375324859347 0.0758715055734928
-0.331747002365082 0.136335547238408 -0.262345417788662 0.0575134977282794
-0.310065949076998 -0.0296634792788076 -0.411511228034058 -0.119410518208913
-0.357959547406176 -0.0876012904182895 -0.232303513749234 0.127871862469739
-0.355002721487154 0.0334857800642505 -0.164699452800261 0.0534852379828972
-0.266310293164406 0.183884628622336 -0.0996605947779131 0.0993842704527514
-0.0721504483699155 0.275040815313984 0.0238528564186431 0.0257418764599155
0.0989780709617361 0.270566183894588 0.00420193776965882 -0.0706466594791861
0.208509807369161 0.193655321764657 -0.0820897414597023 -0.129531179059591
0.248645576957658 0.126038657575792 -0.182170361386672 -0.116509225416156
0.289403961450468 0.102303378110435 -0.21927662728765 -0.0963852483051064
0.293282006134029 0.11523339197773 -0.212201691780258 -0.0916235666669296
0.316504185819296 0.170415431570812 -0.155739326854414 -0.0958874202400987
0.276976570727137 0.28337503507807 -0.0791577951645429 -0.0895933279831364
0.113730318796969 0.391512411270199 0.0262984261043052 -0.0238083809415778
-0.166819241049225 0.4442687299016 -0.05739564396178 0.0884418887951673
-0.426007907486576 0.254913683787774 -0.196093687364046 0.0641662088330757
-0.43889520895166 0.023464053437321 -0.299804481020836 -0.10929881281701
-0.443183088412925 -0.0830123123803628 -0.078388750593415 0.153846557399413
-0.44213771847325 0.0631864755609328 -0.0870696265482197 0.0212285806903081
-0.344990475966084 0.233322217797921 -0.0864617615906864 0.0845688886427408
-0.120397145522709 0.361975893399256 0.00427797238127065 0.0539675307228555
0.106233233273224 0.36630185262776 0.0315497872822614 0.00138021463236131
0.258961954290275 0.267354762681956 -0.00346767732718828 -0.065543470172511
0.314001316452921 0.171533463802862 -0.070617552597872 -0.0635952652681085
0.354839891510593 0.132956626730122 -0.0909064170079809 -0.0537869064284661
0.355154781646157 0.137857247417865 -0.0830474725294611 -0.0510544718819809
0.377845479894613 0.197603882848661 -0.0493871602118756 -0.0521092962586209
0.333454797986692 0.329185375047287 -0.00892234324403575 -0.0383720098811296
0.14826076882348 0.44764929883929 0.061246100179975 -0.00236566752780781
-0.149514991657277 0.502010372155353 -0.00207554319672468 0.0724569903568012
-0.445758559020239 0.323954078413571 -0.102806931137371 0.0381708724771983
-0.490127348319562 0.06941918653918 -0.14505738897802 -0.111572216965562
-0.463202267684544 -0.05996284111251 0.106373479709281 0.179373409779366
-0.461349863431062 0.098265665282811 0.0321779148433458 -0.00458686939536578
-0.361653945508136 0.264164218102509 -0.0438093795840381 0.0592474183707378
-0.136528847489057 0.39231479372247 -0.0121000499409806 0.0826613391186904
0.104188963310595 0.400508137042011 0.0589137558701667 0.0907794734560341
0.269448072397612 0.29491834192093 0.0845285826209005 0.0252222049014839
0.331126505643443 0.187745285974906 0.0593117329748016 0.00897814640401326
0.364792928051492 0.142951629345621 0.0536306122985397 -0.00138359771362231
0.359378022013269 0.142854869646589 0.0555795455229575 -0.0074734231138091
0.371242947216647 0.197328709305313 0.0614245334742313 -0.0117617444665099
0.319082548430364 0.32425125286174 0.0661128416228286 0.00752499022261029
0.132606814011843 0.418919243386329 0.0878490228034396 0.0173468751725085
-0.125631512052124 0.452260921252563 0.0432945992485643 0.0400978183000359
-0.391955627902111 0.315167613236725 -0.0107438982488482 -0.00780070002366106
-0.455123483108938 0.0949469372116485 0.0216290221674587 -0.122213802928115
-0.4027831185869 -0.015595065512088 0.288939349384908 0.190700766486895
-0.385343790063828 0.124281405277692 0.158283867550134 -0.0235030744532854
-0.286773739956616 0.242992914518279 0.0140169170815337 0.0326204222343517
-0.110311660965414 0.336645821834065 -0.0157098037353586 0.104936216308875
0.0900622344133463 0.345479289632866 0.0867094613812265 0.17073626258346
0.235503944479057 0.259661562289498 0.166886273258574 0.116437038302981
0.294063576982803 0.166882088092989 0.186664437160429 0.0822116144122693
0.317683583653181 0.13227698305424 0.189406357195506 0.050855267242498
0.306986825674341 0.131072883966665 0.179326560429391 0.0371219943273725
0.297843673078385 0.176846120721326 0.149820599087847 0.0284768867054665
0.233902667035804 0.275518846484923 0.118624097060809 0.0477989024893034
0.067156331811334 0.322940773682148 0.0933197822822836 0.0377598075221828
-0.106617778831763 0.310662423688707 0.0668642591719711 0.00919336017124746
-0.288395272195805 0.235361406385621 0.0604034010461952 -0.0482629020147602
-0.349739468898594 0.0949340345744174 0.167727538672589 -0.12968961070572
-0.267716171177261 0.0316149061089305 0.431447652231143 0.180040658778074
-0.226052868606708 0.118883229222158 0.256685664187633 -0.0390077830355718
-0.149168348691441 0.159753232862114 0.0680658866306208 0.00369910733676592
-0.0650131024697308 0.204729199364279 -0.00860820086676009 0.108629122577641
0.0569672897856821 0.22263460808781 0.107268653572179 0.21719836278779
0.158175058197556 0.176159857196468 0.2297326949613 0.183419701456028
0.208264480075076 0.119452608267905 0.289086675364783 0.139016742471494
0.224099067464183 0.0992661775476098 0.295140430303366 0.0944113863702016
0.211691848948929 0.102010624210129 0.267527158922401 0.0801786399801904
0.183346359531703 0.135591002437314 0.199523573253814 0.0696974304895996
0.115526749481582 0.195799249870007 0.134824473783497 0.0832947448934899
-0.00931903041452826 0.18958211875257 0.0732932303241947 0.0550018891353534
-0.0759013174734836 0.135597840957932 0.0710400514403386 -0.0129122973188678
-0.151508888575593 0.130785713582916 0.106844842865992 -0.0691876210558358
-0.202664894539896 0.0843152940966736 0.272957118817558 -0.126924773792147
-0.0826323087240346 0.0633922187082533 0.504487101664521 0.147796591675594
-0.0344729922713021 0.0721161908640625 0.310526632247756 -0.0575465553188371
-0.00968510565779261 0.032830078568149 0.102262220833408 -0.035975888184409
-0.03337858822667 0.04338431041845 -0.00652383510977808 0.0896165565378026
0.00401796508789189 0.0745575481053006 0.111708733845632 0.22725281711311
0.0522101101787986 0.0723464709640323 0.261377830081291 0.216889219141404
0.0883543301746605 0.0567623440037892 0.350619030662595 0.168025902946011
0.0987499750882604 0.0525697882873721 0.357160314608698 0.122015978057901
0.0916395068698289 0.0549716108304049 0.312161904791503 0.11648596048625
0.058455237896186 0.0725536463520759 0.212217699216946 0.108148054764242
0.00809599217733881 0.0944506568207537 0.120355705015242 0.108248559063751
-0.0509991258532525 0.0498656658844613 0.0376921596700033 0.06075725068873
-0.0163768981091216 -0.0144715860121653 0.0667279982943448 -0.0306129699267403
-0.0023050177961862 0.0471970868481556 0.137289817524238 -0.072141582132081
-0.0400068174521677 0.0782367802380146 0.330618282036939 -0.11528143894493
-0.0973056336123338 -0.0581443962166365 -0.39015512112398 0.142659671890427
-0.126091085617146 0.0094504225927861 -0.172090969133806 0.138105301031641
-0.0607945932566566 0.0922362028604692 -0.0585233701271996 0.0825371639757883
0.0400844301554655 0.0693950237687765 0.0236852597143103 -0.0346827469970171
0.0562254086361041 0.0287618846920945 -0.0776403741577265 -0.125630752210768
0.0446816773200626 0.00357469321288911 -0.204416224543707 -0.138265718655114
0.0314280018307605 -0.00125813386695219 -0.321485658855604 -0.119220912141041
0.0454571102252562 0.00231827496057737 -0.381752212400295 -0.102728519641527
0.0540002022223949 0.0110744718705418 -0.379028897380443 -0.122822759263153
0.0838866395626046 0.0196331562101684 -0.293264381033858 -0.161642283572481
0.0923656825840421 0.0512596097296173 -0.16599205839781 -0.180054307941082
0.049818888459158 0.117763048058977 -0.0357973432048112 -0.0881579139522451
-0.0843792057861919 0.156755006174281 -0.124911295874519 0.0484766826139344
-0.173343978151754 0.0324554579371368 -0.286774039752427 0.0496329676156326
-0.134829145140721 -0.0554874984975261 -0.489751937706631 -0.106105262813609
-0.246647034130433 -0.0581258089128786 -0.33798474250004 0.140086239540707
-0.246403426503611 0.0390225121606638 -0.188750579351113 0.105071924753459
-0.154994577562254 0.155412003482473 -0.0768452160769609 0.106155073567801
0.00403205277703208 0.17891952036798 0.0354806206881846 -0.00717881128292111
0.10052726420678 0.145890764238272 -0.036555968446048 -0.114469869548723
0.145908697859782 0.0888340501152046 -0.160789663198631 -0.149073510159822
0.158480477472635 0.0517946446803217 -0.279862019406624 -0.123383732553426
0.190512936661519 0.0433850964397529 -0.333070361989484 -0.0985042258875307
0.198946434630448 0.0605554115254942 -0.328353518976383 -0.103883422028382
0.224483604124609 0.0971626575237535 -0.251896664670521 -0.125586390850389
0.203120260955487 0.176701707339604 -0.140165517258343 -0.134259523602707
0.0910990515570894 0.273705033736002 -0.0110673302421704 -0.0544795061144352
-0.132896891770491 0.330396145573213 -0.102889330209834 0.0847979180978416
-0.328034443670576 0.169289386334106 -0.26362835351667 0.077082875437083
-0.322506479365298 -0.00500406650634625 -0.434853500940378 -0.0910049483807851
-0.375385462308564 -0.0585607611574124 -0.232000245326926 0.147972213816269
-0.360523412648595 0.0656446233542733 -0.16793919885114 0.0663077426535828
-0.255861640533834 0.209885580020994 -0.0912741248906508 0.11175194152196
-0.0501194067866707 0.2866543430721 0.0263990150743972 0.0250852885719206
0.1257030046739 0.267275732542151 0.000368720914619443 -0.0727601807499896
0.230173972895527 0.17874459938334 -0.0947721922503858 -0.126611961891259
0.267308125559047 0.106854958821748 -0.19587848439225 -0.102559654471972
0.308001544117333 0.0789527130626956 -0.234268120872897 -0.0795560633290352
0.314174248247858 0.0926251707981102 -0.226637408394509 -0.07577534796593
0.342032162088533 0.146795859131881 -0.168532873488922 -0.086087588704133
0.309568198473528 0.264763690490166 -0.0872917938078441 -0.0849937111926431
0.151554798908583 0.390780140657437 0.0240118216013593 -0.0291536124982112
-0.133513943570994 0.468651903280919 -0.0537678977637612 0.0935381296456002
-0.41340870694195 0.297877159236053 -0.196858627435939 0.0781910201692442
-0.451266235080139 0.0582798574475462 -0.3196319402537 -0.0874102000817009
-0.462806530800974 -0.0491438185679496 -0.0716902994042449 0.163110580210095
-0.447242036912611 0.101356857218878 -0.0932304336556571 0.0275049569506661
-0.332765245637683 0.267837264506434 -0.0798896526499894 0.0945580791525628
-0.0926818788272314 0.380624283654587 0.00845505907891472 0.056080361630984
0.141987504402242 0.365928250752074 0.0347284698716592 -0.00115226554553625
0.288146406260434 0.249227183949869 -0.00927005860146439 -0.0678549949990418
0.337865828741802 0.14800503721594 -0.0766775657483509 -0.0571359209542304
0.376879026397005 0.105490884328328 -0.0976920923110483 -0.0466260882992933
0.379126977330642 0.111031518349073 -0.0906643608687121 -0.0448733360521953
0.407285340250539 0.169112586853303 -0.0562108129695276 -0.0501218675471822
0.372621007349431 0.306439900715695 -0.0104198846847768 -0.0380901027608405
0.190077008076565 0.445046932690255 0.0611634180761562 -0.0105238728554154
-0.109999326036405 0.525884372506112 0.000225480475875194 0.0726081379680883
-0.426674614262507 0.371196567367918 -0.104327460475529 0.0439681309071486
-0.499137684201887 0.109883498392913 -0.159966970335248 -0.101239383320877
-0.479649004016975 -0.0233706353738374 0.12155933074226 0.173830216433295
-0.464764872538727 0.138536886506477 0.0276471642474052 -0.00822235078518912
-0.347260334809204 0.298526335549808 -0.0387410726724613 0.0639556393459099
-0.108061575018901 0.416003169113364 -0.00584025233835744 0.0868957660766297
0.142284259661995 0.400348107766862 0.0701415234448029 0.0875246735453595
0.303591487873758 0.277430114737432 0.0893271752001975 0.0167192672838145
0.3576854859739 0.162465639267779 0.0628028005092076 0.00582450642453065
0.388655846237235 0.114175697002132 0.0553553589336336 -0.00550599978614906
0.384321007799301 0.115197292630496 0.0567703492928797 -0.0119156868775192
0.399488216823107 0.169320509027537 0.0609981662384766 -0.01847592428094
0.357021107880983 0.30174416724208 0.0698270190129717 0.00206531925733706
0.172590240052241 0.416592984465615 0.0905409738246285 0.00837525723310291
-0.0900787937233825 0.473889313683807 0.0431623418987839 0.0355614524411235
-0.375051210528848 0.358558384796051 -0.0137199205101483 -0.00986653712042509
-0.461283163839224 0.131302146900459 0.011175572719745 -0.124543512423985
-0.415068163970642 0.0156024239546687 0.311801424052316 0.171370150308581
-0.384732794500293 0.157605868405167 0.15631416207468 -0.03778141774447
-0.274059627278151 0.27129142728006 0.0177593005954674 0.032642200630369
-0.0851326897595725 0.355224062225226 -0.00751014534813083 0.110695344105633
0.12193068427914 0.347740067803919 0.10471711387959 0.168049434559562
0.265136985578161 0.245273532796395 0.182677674741546 0.104575380794797
0.317468593090969 0.144771135685911 0.200151000370456 0.0694347556987217
0.339841869168635 0.106525810675373 0.199811899422895 0.0355613643894722
0.32795476448763 0.107248152641909 0.18827105751793 0.022161177228219
0.321896809663109 0.155047987517645 0.155177630838266 0.0152708997277247
0.265784445147009 0.260486500668012 0.126681470411164 0.0391538994418847
0.0966816458556199 0.323915097113466 0.09737536323323 0.0295856071994294
-0.0842210504289976 0.327413742469226 0.0649202248797385 0.00186639183106322
-0.274646331447424 0.265761277505209 0.0557305792524923 -0.0561796105224744
-0.352958663272533 0.124260516583434 0.161759882698947 -0.144056934765437
-0.271126218874967 0.0526365837385371 0.458942107028972 0.149515252602356
-0.222222600424704 0.138527554258578 0.257531280851778 -0.0602727827033419
-0.140793766298834 0.175206979803267 0.0704164307205345 -0.00215527879045016
-0.0501493320010874 0.216427594358214 -0.000431677296348361 0.114380478415805
0.0766719869752548 0.224080555258074 0.128959409780635 0.213885100831467
0.178823681175822 0.166465991637093 0.25220216085558 0.168473921085928
0.225233344003126 0.103056833526065 0.311140429513647 0.118704235843216
0.240263326410377 0.0816943274440282 0.313040322603466 0.0710480636088814
0.227007505960337 0.0856695126419078 0.283157539715621 0.0580285787131344
0.20021585899983 0.123338091737656 0.209076266772496 0.0545559715973428
0.136460606800255 0.189997228527 0.145416747641156 0.0737082168395524
0.00682435871000731 0.194868345467114 0.07898454658801 0.0496947045812436
-0.0679174870411241 0.14431325126732 0.0674327263271888 -0.0206676104636846
-0.144307373207667 0.146587083384706 0.102444106807317 -0.0797418131037526
-0.202302277916391 0.100615330987594 0.27046954358748 -0.149670327119792
-0.0790427847282062 0.0696284005260319 0.534196202965363 0.111777687092554
-0.0294461120593763 0.0745232095121692 0.313295273390959 -0.0822607696366928
-0.00781609498662371 0.0337345390620196 0.101398866240356 -0.0451354605809249
-0.0309722235720148 0.0487300300876231 0.000888280198202972 0.0944627131911416
0.0101155983050968 0.0759834489027477 0.13427794454065 0.223794610389388
0.0609784469630003 0.0697112639443923 0.288529164618902 0.199823219358737
0.096242037694317 0.0500980550458323 0.376065614866211 0.142455615829966
0.105991832769224 0.0439679108388104 0.379010703861923 0.0946599206829649
0.0983373734372735 0.0481880877367823 0.331514323409735 0.0924310995872515
0.0657139243497591 0.0702739240989886 0.225884225956447 0.09389860852658
0.0177443408940243 0.0960855453108368 0.131276611433196 0.100599411442618
-0.0485064462419507 0.056280779599148 0.0432504789077232 0.0583899980962199
-0.0198693257821527 -0.0138863217724365 0.0626080577912235 -0.0387821388873608
0.00107553156761585 0.0469413115684013 0.133995671951676 -0.0849336559982624
-0.0347910345907143 0.0810964769914281 0.331333306633357 -0.141220653470914
-0.099272925751767 -0.0470667172287593 -0.371479776866731 0.166647169267753
-0.120210241584323 0.0198637051251396 -0.15925324655007 0.144442841018416
-0.0509652091276051 0.0940965048136892 -0.0482960179822813 0.0852220410770531
0.0442224093974868 0.0632229936222781 0.0205031794114519 -0.0358617777370923
0.0573971263252416 0.0234145487450865 -0.0829211514539685 -0.115037601889165
0.0427734995852582 3.07239153179829E-05 -0.209567410585698 -0.118911301654901
0.0299970420353766 -0.00340887677810537 -0.322840411525962 -0.0910329748487022
0.0452030727564845 -0.000865183833089053 -0.381057897665817 -0.0697319507013277
0.0552731403858312 0.00684468481882689 -0.380832031353285 -0.0894382705176979
0.084119189463293 0.0118827562544076 -0.298909077144878 -0.134863840399452
0.0933028648361665 0.0414225275876663 -0.176509478154967 -0.162893333635219
0.0571905382270973 0.109849207733807 -0.0428526086341101 -0.0850194310052737
-0.0687196011717531 0.159062829596097 -0.117389470067851 0.0559424691281393
-0.165254425350521 0.0467131994780129 -0.275358734945877 0.0671606085787006
-0.137324206080535 -0.0431141535999414 -0.488302924892831 -0.0684320178467936
-0.244667975803917 -0.0358791432189642 -0.322911160523355 0.161207421004674
-0.234712883048052 0.0574502217788998 -0.178575494847047 0.114351698269294
-0.137544604384811 0.162085147905326 -0.0642203999358384 0.109708679999472
0.0180813777645237 0.172247790013788 0.0341510376692807 -0.00971222152581869
0.109702567160878 0.133151116024068 -0.0428316075768897 -0.10778291339962
0.148360620055411 0.074005149679475 -0.16836816169677 -0.133090791397228
0.158404901929181 0.0379602784866384 -0.282895134302636 -0.0977810509705896
0.190800488469851 0.0272402087904525 -0.334499651130522 -0.0692666606634734
0.201070171627456 0.0433581863449502 -0.329370617618343 -0.0749056741411895
0.227419267949838 0.0768145796306561 -0.255641923516293 -0.103458566022439
0.211274827333709 0.154366777160801 -0.146723337405946 -0.120825594022828
0.109915937528615 0.258935390811112 -0.0159429512311757 -0.0540776485597793
-0.102855765668974 0.332330480601232 -0.094416092981934 0.0892591741672747
-0.305603650349604 0.191453365124189 -0.252053895192934 0.0923902959002873
-0.316996593279602 0.0196167722321475 -0.433815667331748 -0.0556880364619791
-0.370482811240745 -0.0270818701326293 -0.218551385295204 0.160040281070951
-0.344069143541974 0.091805150868393 -0.163315875540175 0.0761092191523965
-0.231125712856958 0.222442127926671 -0.0781302404326558 0.115801123008423
-0.0255971656775567 0.281709012657854 0.0275425019705369 0.0228055652866242
0.144513692649791 0.24892009171888 -0.00281233314854709 -0.0706668256349247
0.238164573961306 0.154043566442008 -0.10344756685146 -0.117194327237378
0.269225517619929 0.0816536083000943 -0.199176481271542 -0.0835783923264135
0.308216374506494 0.0527161036924653 -0.235960835082975 -0.057786146934265
0.315820565470759 0.0658561951937778 -0.228702817976487 -0.0548160839611662
0.346761877942984 0.114704141631498 -0.172738481185466 -0.0706088220627251
0.323022024067016 0.232076184905914 -0.0905204614068735 -0.0763097576374203
0.177964358744305 0.367166647593718 0.0192904567197858 -0.0326199865782005
-0.0931403015161278 0.467299912402788 -0.0478384435087958 0.0939795170682871
-0.378635927388746 0.323418174302534 -0.187415553560846 0.0887314516079422
-0.438385561036474 0.0909313292522545 -0.320697575213737 -0.0603200208847354
-0.45311196921096 -0.0101877988340732 -0.0604876272616415 0.162825870743445
-0.42541960449128 0.133331827510997 -0.0937978162283428 0.0333256147834306
-0.303222291285646 0.284389216891776 -0.068247384059826 0.0983377424431104
-0.0603263495036768 0.378035418158336 0.0127357803276434 0.0544066718681894
0.168182842898239 0.343808059778981 0.0357095242793154 -0.00472561458269716
0.300749169038898 0.218860986452798 -0.0143970263693435 -0.0666121109568741
0.342551407167808 0.115102987006875 -0.0786415129571915 -0.0482496314446794
0.378095640248031 0.0708168540045209 -0.0990499469706259 -0.0365173021140082
0.381563545327816 0.0772556387048602 -0.092456500053307 -0.0356981937540702
0.413822643171113 0.131663280318044 -0.060597396421894 -0.0451672065685572
0.389060546498645 0.267795476012383 -0.0117187203385363 -0.0368699562654374
0.220951692480484 0.415463750220566 0.0572710102099494 -0.0161873122210355
-0.0656310830157556 0.52102586562345 0.00268377922929098 0.0689618926737068
-0.386825216952545 0.397622819448243 -0.100354638018791 0.0488118121350129
-0.481427744519558 0.144853506151856 -0.165636064470701 -0.0845952328901786
-0.469725451381802 0.0156348861088623 0.129849477883054 0.159462922920941
-0.441310343655734 0.169746081741996 0.020438163273298 -0.00986127585210749
-0.31671235464979 0.317000789528783 -0.0316443359082554 0.0656434892040374
-0.07124714539148 0.412952254212505 0.000889901106891032 0.0860270899224132
0.171250921301151 0.378777334886684 0.0774313558420591 0.0788947688271546
0.317620953751483 0.243968772399629 0.0877628036611371 0.00843638900901951
0.362190867654604 0.127692390946805 0.0630970805442717 0.0014136423975983
0.389531419223399 0.0788806988148262 0.0541035395972003 -0.0095435898711822
0.386043603281151 0.080709439088171 0.0543671123788253 -0.0166326528855102
0.405600504287763 0.132404444351156 0.05661408886493 -0.0229378499402877
0.374723635092383 0.262426699599533 0.069779314119649 -0.00447767652972215
0.201694946916138 0.392267824193026 0.0875765414043349 -0.000725491545292022
-0.052328950303425 0.466119960991861 0.0404792397207358 0.030288237544149
-0.335568725737941 0.378505606151683 -0.0168295617602857 -0.0102325137938458
-0.442229133330607 0.161974530338227 0.000320289424786305 -0.120221793803014
-0.403511111573805 0.0466142683034923 0.316829923475059 0.142877910493318
-0.363022086650458 0.180209028270448 0.145226060455876 -0.0468653903053826
-0.247382589870746 0.284069349371478 0.0199241365735327 0.030213943977506
-0.055115483161002 0.354103834789469 0.000891423603402487 0.110109306316406
0.147468870663245 0.329122093915713 0.116735674670622 0.154019813477466
0.278763734321307 0.21642235545039 0.186951373047944 0.0853965926268893
0.32214593787705 0.114613157403459 0.202361593952424 0.0524098881745364
0.341589610156628 0.0752436300645087 0.199514780978468 0.0193058348962122
0.329888291497581 0.0776788209777682 0.185863946920496 0.00638862060169418
0.327942424745697 0.124227180227051 0.150860974625286 0.00214953074802734
0.281622918298256 0.229286863185537 0.128046128904318 0.026772892646938
0.120341502274525 0.308139244832693 0.0964750976277483 0.0196185439594279
-0.0578889095723029 0.323760225644805 0.0588423226545365 -0.00393515504772996
-0.245720304757528 0.280953590041743 0.0477474749348725 -0.0600428032074226
-0.336249295108132 0.145462330827019 0.146813774063441 -0.15042963737997
-0.260862509740663 0.0704183090295643 0.459938658654268 0.110072499792852
-0.206341131445582 0.149661341165343 0.244499942318599 -0.0759127051828641
-0.124832082264861 0.179624967833293 0.0678149645325264 -0.00725518696459528
-0.0327842439121074 0.215250501064256 0.00833184534792534 0.112494540984856
0.0936924861965075 0.212931457293537 0.143391384820671 0.197679281078289
0.188547607214261 0.147313276420824 0.260486562050721 0.142838688676671
0.228550242775396 0.0812916543357797 0.314852165832163 0.0905618872295652
0.241824201935929 0.0588447700251157 0.313100698497786 0.0441492976518287
0.228417853297322 0.0652124876629372 0.281591824753408 0.0337576482906574
0.205331044305044 0.104352073320942 0.207265404545706 0.0369332414841575
0.150276110248328 0.172666829008966 0.14754875867803 0.0594068275105205
0.022259550856162 0.188946180896031 0.0800659086407519 0.0411107601673553
-0.0565967075136614 0.145602371107599 0.0602050360863948 -0.0260727224467554
-0.128535105085052 0.15245124754004 0.091881963429522 -0.0851284028952993
-0.19010843734141 0.110700471582493 0.253273338151365 -0.163706802560081
-0.0713318260834369 0.0720558317966219 0.530653915518715 0.0661990968352037
-0.0235183564547161 0.0731122102426899 0.299446968354029 -0.101783664186848
-0.00610855015689967 0.0324554509212205 0.0945269499401238 -0.0505894882083747
-0.0265868218717482 0.0503355100762935 0.00815145327811286 0.0931344676673611
0.0159648375705232 0.0738459995784992 0.148428256179401 0.207664891963522
0.065968229821426 0.0624691899292892 0.298674918703396 0.170528901301776
0.0987392469373125 0.0398727483315635 0.379863294320397 0.109010455367455
0.107285683517249 0.0337855773834362 0.379403857278705 0.0617961054257581
0.0993531322068139 0.0388919139747735 0.332163230729903 0.0623736053515264
0.069862271714403 0.0641784325512451 0.226190022732857 0.0738492175163473
0.0259847191447016 0.0917709788195126 0.13506057188396 0.0871427714864519
-0.0423895607976786 0.0596313524762717 0.0458843598476254 0.0534563872138698
-0.0226491867107222 -0.0119676437607701 0.0546162163160698 -0.0437187902650003
0.00434100255228308 0.0447474945184298 0.123907626848216 -0.0922309274588032
-0.0273999439098828 0.0793582259282457 0.314605671070525 -0.161119834705188
-0.0954184928664555 -0.0392964540573146 -0.350367669906146 0.171140780810783
-0.111718535251107 0.0250324147326463 -0.148123742547552 0.140944459579624
-0.0438263796256074 0.0912311548208777 -0.0414641551714481 0.0826231214371878
0.0442988977515282 0.056788548424042 0.0182219266153115 -0.0348065776884839
0.0558087061332942 0.0187816311102336 -0.0823651641299423 -0.105107462122663
0.0396385197970612 -0.00107917233578329 -0.203791273881616 -0.104052770339525
0.0277460575959408 -0.00355057329813718 -0.31093403167537 -0.0736096462304423
0.0434519037290783 -0.00262790230734182 -0.366715876928886 -0.0505943299258775
0.0544820188739402 0.00463998491250952 -0.367800315833188 -0.0690276528794325
0.0807004712477108 0.00731304628533741 -0.290291567077834 -0.116706316916177
0.088590999510546 0.0350131987402292 -0.174749018202317 -0.148132419676791
0.0580593355043929 0.101648702838612 -0.0454801992259561 -0.0808694861979425
-0.0570484654733387 0.153588518670155 -0.109492212625419 0.0569918067503036
-0.154129301258986 0.0509505520080867 -0.258965465277494 0.0709781881366732
-0.132945574861908 -0.0351843141231919 -0.467764372600133 -0.0471073480322227
-0.232737371204046 -0.0234480707489015 -0.304533979416512 0.163792695888449
-0.218674957785214 0.0650455939070978 -0.168829135643323 0.114194492331292
-0.123012940695643 0.158460507437595 -0.0542649536456133 0.105996420516015
0.0238112114807293 0.160937555639655 0.0319943418919745 -0.00990441493286633
0.110528559938214 0.120538517296084 -0.0427307213460116 -0.100640634516065
0.143245891794744 0.0640485826935868 -0.165375189240557 -0.119883941665329
0.151739535341805 0.0298944836166633 -0.272552156489527 -0.0808401857854171
0.182855994675522 0.0177515149601787 -0.322592633394095 -0.0510036387785693
0.195123129852927 0.0322827670052553 -0.317549923176692 -0.0565911194691426
0.220790641519635 0.0632850420837263 -0.248039929668848 -0.0888765675301929
0.205735765348097 0.137588781743462 -0.143864040699621 -0.109163304333019
0.11343349790588 0.24051156324567 -0.0186206699935497 -0.0529497747624496
-0.0843124461452077 0.319118638932751 -0.0871551227532532 0.0877230621718001
-0.281541362374817 0.193599859583395 -0.236761336768857 0.0942371079435109
-0.303298787444995 0.030123538961903 -0.417153314057271 -0.0365091794294501
-0.351670135038318 -0.0097554609497297 -0.205235739341986 0.159524039174169
-0.321935044199924 0.101026705072457 -0.156805106219553 0.0781090796745263
-0.210166810799208 0.219686837646577 -0.0674951390156285 0.112483840040558
-0.01259487206464 0.266911193179133 0.0269683759484547 0.0207878281139189
0.148252334751153 0.228788558620791 -0.00394087408849036 -0.0669067269257928
0.232318338051125 0.135502336692242 -0.102744717208296 -0.107743005778891
0.259373179642523 0.0658103613619157 -0.19183942324547 -0.070492691014406
0.296229317441326 0.0360903090509122 -0.227692332889593 -0.0449719041142692
0.306045813715308 0.0483723417075722 -0.220133713043276 -0.042458798512385
0.336119155245829 0.0943091660829158 -0.168075664471766 -0.0619204521377645
0.316501961174963 0.205704713783795 -0.0883936857583534 -0.0694341562945833
0.182867072646919 0.341940052461969 0.0151577607058023 -0.033546664629816
-0.0685056732785815 0.446997740474956 -0.0447141134667458 0.0902028735575574
-0.346107503008776 0.322709085505023 -0.176487807143775 0.0889218438466932
-0.416112342075721 0.101857658209314 -0.309078369787433 -0.0436197387722077
-0.431234895170783 0.00883556487765797 -0.054197552289652 0.156291850808427
-0.397172696635136 0.143237976760892 -0.0929547670046238 0.0357286510141914
-0.275803959469383 0.280416080359756 -0.0599438845167602 0.0956136756086582
-0.0420089983923055 0.359666219825818 0.0132011860795608 0.0519105801162768
0.17543976755059 0.317119326582853 0.0354729717809654 -0.00679837525480051
0.294642241958556 0.193738387074401 -0.0166462112412582 -0.0644340822621364
0.329976305314773 0.0941524618073351 -0.0759941765252988 -0.0423231649883555
0.364665782210107 0.0509522061215206 -0.0960456812510559 -0.0309003133943517
0.367666694287005 0.0562846308335486 -0.0893064312069306 -0.029848368992258
0.399320318920933 0.107049752426836 -0.0609617257612428 -0.0412755973291124
0.381320749375618 0.234666562887372 -0.0113053844749723 -0.0358130507759016
0.225611576642102 0.385448637507915 0.0518617361210894 -0.0200500728613795
-0.0420985856198976 0.496743264284731 0.00115275022463042 0.0641924791272445
-0.349696367736808 0.391236090582185 -0.0964094238265249 0.0485289287606719
-0.454898923770757 0.155690910412675 -0.162144986892571 -0.0719115215525166
-0.4449532897573 0.0321691334857077 0.126922873297202 0.145626873579567
-0.411334100781643 0.17758351671718 0.0145076421018656 -0.00927723954235956
-0.28859069850396 0.311945260306526 -0.0265840962409511 0.0636929412178724
-0.0518271076796876 0.394258651982585 0.00421858894694674 0.0824001859894016
0.179433745789236 0.351873227545238 0.0775579726378694 0.0704125128509451
0.312527689535019 0.216601250481988 0.0836871310604271 0.00216833147653731
0.350160541494714 0.105003790928589 0.060853319412162 -0.00162191750674608
0.375618524389168 0.0568410175559058 0.0520577922307297 -0.0113274633468671
0.372126319413657 0.059455891778714 0.0514446270285475 -0.0178742624068263
0.39250317399862 0.107095196194486 0.0509867907555522 -0.025263584263529
0.368212441062445 0.229991537332871 0.0678409188752917 -0.00848048773078749
0.208623264356459 0.362713902333392 0.0814060953589315 -0.00553979024170354
-0.0314527134997579 0.444774794562672 0.0356967809960403 0.0266458160527281
-0.302364602760927 0.372087785322609 -0.0187461828030514 -0.00940405293629468
-0.416373707273792 0.169797558326679 -0.00484522032880075 -0.111630497361211
-0.380148054554691 0.0595254484153495 0.305345453848848 0.12235205782055
-0.338218207068546 0.184189166404955 0.132414407860918 -0.0481696046538686
-0.225610332336233 0.2773472415247 0.0206785577342754 0.0280201451648331
-0.0392436104577786 0.338735663754953 0.00495953452740033 0.1057666035212
0.153542728271518 0.305914660843945 0.117787071868808 0.140643738632755
0.274677437246565 0.192488692871455 0.181203207809263 0.0716035774783289
0.311085111651132 0.0935951256727033 0.196692319845906 0.0409244843856807
0.328315667546343 0.0556794473922691 0.191943733596076 0.00899193062730061
0.317882127580955 0.0594691240356501 0.177708453765574 -0.00269027478131203
0.318415108945374 0.103966634109916 0.141469194082217 -0.00431419249882757
0.278056689667207 0.203749242254986 0.123460707034533 0.0187707249128508
0.127135700845005 0.287037273362689 0.0909721573781626 0.0138347405167484
-0.042694222377191 0.309011209761524 0.0510021972082018 -0.00606358639330013
-0.22204494957708 0.275402437862872 0.0411809506933591 -0.0584646570257929
-0.316553811635709 0.149320195162537 0.13436171744942 -0.146080070744222
-0.24544667443427 0.0752691425467198 0.442682138516311 0.0866721513094772
-0.190810466720438 0.148060177704574 0.227133717785814 -0.0800388076152452
-0.113296676497428 0.173528116839636 0.0642953660104173 -0.00868852792967163
-0.0230757730581161 0.207305303861219 0.0123440860324005 0.108468235646732
0.0976789243110838 0.198495806162509 0.144122809643637 0.181655196104788
0.185776557850948 0.130971182021705 0.254101407125056 0.123178903787084
0.221016847400649 0.065775156440277 0.304937729030761 0.0727931422348157
0.23282175255864 0.0449576572732463 0.301577731423628 0.0279062099661025
0.220298053774131 0.051813608917506 0.269602543637357 0.0195221996587304
0.200438939305283 0.0903813510031377 0.196521324047208 0.026558506111424
0.15073537943289 0.155596252098921 0.142212799321697 0.0495028238675523
0.0291724431921085 0.179128296273556 0.0767248259748484 0.0359782049826793
-0.049881318620602 0.139939178255178 0.0524517326745131 -0.0272958277192717
-0.116005000022324 0.149002683413781 0.0825158316026021 -0.0838192960263376
-0.177973293333589 0.110574905288234 0.236267653148293 -0.162790878457774
-0.0653448068820967 0.068716655793579 0.51079933185895 0.0428111334140261
-0.0209187198720873 0.0684373565513246 0.281317169626697 -0.105978366768177
-0.0057144990842274 0.0295736472958114 0.087662916302823 -0.0506128831428909
-0.0235377504044156 0.0499536837906273 0.0109255015937936 0.0907920825907147
0.0181896480237953 0.0698652830720307 0.149306511605105 0.191604483233909
0.065783536122609 0.0553271027751489 0.292657807542347 0.14922229930245
0.0962605286041324 0.0324777689879721 0.36736419414624 0.0866215083133207
0.103574564716297 0.0264641429688324 0.365250263869098 0.0424838254601207
0.0959535152012483 0.0327571743106768 0.319214523119023 0.0438643079924651
0.0690744994881079 0.0585670181926429 0.216644327819731 0.0612577483428723
0.0297641777989261 0.0852867425017017 0.130259472202067 0.0771432021063944
-0.0374278289775178 0.0592488661660168 0.0452185599269819 0.0481716860964308
-0.0235545660565317 -0.0101646018453658 0.0473735180785 -0.0438693063749094
0.0057342099425445 0.0409818615550477 0.113594301507647 -0.0912368499767837
-0.0234649045949759 0.073981918247922 0.295288059359152 -0.162337803507848
-0.090576222283292 -0.0360186488279127 -0.342286669073294 0.162350502578314
-0.105527966134948 0.024303675410528 -0.146519030237458 0.134182856198308
-0.0414573459292586 0.0877636668519539 -0.0380817122363652 0.0798959165472529
0.0426066568674748 0.0538833664365903 0.0178822332847309 -0.0333312338523408
0.0542370508227026 0.0172518459936339 -0.0768064667184297 -0.100036714172724
0.0379223547283712 -3.56799414980924E-05 -0.196301072833171 -0.0992788945712276
0.0270237724582033 -0.00258741672845996 -0.301068359513071 -0.0698102151746386
0.0423670625786823 -0.00206525322870418 -0.35523602437813 -0.0475707343422553
0.0537317341550965 0.00387611404352322 -0.354759586686338 -0.0652626675002818
0.0782074218291609 0.00675875866164206 -0.280680749329487 -0.112522273365405
0.0843287021345364 0.033244353077248 -0.168685608060493 -0.142527685517447
0.0553773585032478 0.0973328735277691 -0.0446878079129218 -0.0793650929028104
-0.0537539768274934 0.147330364023924 -0.105192286891382 0.0535875728366679
-0.147775563717687 0.0497387444104698 -0.249658072370617 0.0645779452658159
-0.128537350235614 -0.0331221054009044 -0.454038498036435 -0.0471462051802426
-0.222914473436404 -0.0207694018483146 -0.297282687680365 0.156677326747153
-0.20852028405591 0.0630470197182158 -0.166316112291777 0.109226087827229
-0.117515372239499 0.151850572338536 -0.0513194496539042 0.101956936270015
0.0232512840143258 0.153836116674874 0.0310057988171604 -0.0091744760468393
0.107044556378822 0.113946246986711 -0.0389670097226604 -0.0963020001582338
0.137490180010187 0.0611319936805065 -0.159941462164943 -0.11538171164343
0.146382994320609 0.0287978043084601 -0.262968255256619 -0.0761276526096064
0.17744049440745 0.0166640652076441 -0.311668959007848 -0.0476252673475447
0.19029172762143 0.0308021540707665 -0.307135922814905 -0.0535186183355504
0.213725487909258 0.0598880711900013 -0.240937091284646 -0.0864253904060873
0.198125255225675 0.131985081583011 -0.138062546725059 -0.105648364236924
0.109003350066359 0.231194265862489 -0.0202406485575209 -0.0527744312315469
-0.0794064956340268 0.306639922232182 -0.0857172029721725 0.083319396154063
-0.270020980342056 0.186992611943261 -0.228881907555269 0.0879249695799665
-0.293799214026664 0.0291757331509632 -0.404772743270942 -0.0349823759469644
-0.337585056132901 -0.00740124959860408 -0.20111618571153 0.152789835481628
-0.307707156500401 0.0977182761461297 -0.15543087238447 0.075620326982106
-0.200990540985896 0.210080795295196 -0.0642286377580808 0.107983676858626
-0.0114951641770936 0.255602566910741 0.0256857816470709 0.0201395972697344
0.144116867892433 0.217619352393947 -0.00253003510452309 -0.0652631386359076
0.223401892651031 0.128897296488967 -0.0999388625664988 -0.104143187868006
0.249864870066439 0.0619822042737799 -0.184937946062478 -0.0668688982183352
0.286698890960585 0.0332397105561723 -0.219411547426035 -0.0414400096062084
0.297596934957567 0.0451431097671171 -0.213389474688807 -0.0393766040806494
0.326119714306685 0.0892523410256144 -0.16441687620562 -0.0596035666708272
0.305838977711562 0.196182639554297 -0.083916788929665 -0.068037897762205
0.175716056811059 0.328795080228973 0.013387031733811 -0.0344046396261339
-0.0672519932593023 0.428549349535621 -0.0456115967589252 0.0863981011729367
-0.333141964780502 0.310853539982592 -0.171915787239053 0.0840464901455135
-0.404276124727733 0.0972765935082041 -0.299744748269661 -0.0400592466343986
-0.413987788365589 0.00968973457486273 -0.0550854479950103 0.149099449269847
-0.381000928347168 0.137154205941572 -0.0942880864063664 0.0354591768260834
-0.267185356441256 0.268103993498903 -0.0560371803190342 0.0925148306740876
-0.0397196104121727 0.346536146832795 0.0127871140989323 0.0503088168878448
0.169624592653747 0.303158059671238 0.0347773684312615 -0.0074854140586207
0.28325488793118 0.183702664828201 -0.0169584105015605 -0.0634779574906927
0.318503768188788 0.0884096493321176 -0.0727359613797621 -0.0399918411605351
0.352275749628963 0.0464251307542267 -0.0927425153514369 -0.028760846009048
0.35685004538104 0.0525496498003478 -0.0872750026923614 -0.0280751620723057
0.38685755120363 0.100059830505166 -0.0602711264631061 -0.0402636355940531
0.368740152315348 0.223562144221047 -0.00951589873597775 -0.0361546801126654
0.217251619612071 0.371832217484795 0.0484600358961131 -0.0210613317798602
-0.0401255043089025 0.477455760959459 -0.00227080983958204 0.0621707640536409
-0.336029265633959 0.3775875530256 -0.095135452174054 0.0454875063693068
-0.442584462688305 0.148139940547933 -0.156751800903759 -0.0663374161934634
-0.428161891327309 0.0325906597457657 0.120595432128437 0.139999767402995
-0.395644765218035 0.169578660191942 0.00943154166594703 -0.00741072486158204
-0.279163412025688 0.298684344973921 -0.0248127185834429 0.0611320202341127
-0.0494348271207269 0.381239714087638 0.00299652532026568 0.080618205181919
0.175399777894491 0.337484746973961 0.0751314008179443 0.066899089451908
0.301553005340441 0.206129729174736 0.0803690398879669 -0.000297145814131623
0.338204873846102 0.098157763355989 0.0595947701835245 -0.0014390083279865
0.363236936517192 0.0517326549581901 0.0509832978631464 -0.0112499039255357
0.360848127195254 0.0554269018346863 0.0491333471654099 -0.0173949955187744
0.380410595120349 0.101168678636498 0.0471584952480231 -0.0247534251895272
0.356095646767405 0.219879460095348 0.0669469802229137 -0.0102903784766168
0.20044796413862 0.348279099526599 0.0766562228897521 -0.00674124562641032
-0.0290285104685401 0.426924852166236 0.029906726948689 0.026034707529715
-0.290621677391522 0.357245037444051 -0.0209873000143558 -0.00953421399936999
-0.405885052740356 0.162805596724258 -0.00441988244743287 -0.104759707671138
-0.366078371399942 0.0556867175467343 0.293502323292857 0.117969077636385
-0.324752440541437 0.176481333684078 0.12437509662676 -0.0443605648214219
-0.21924728547786 0.265751555823181 0.0204857332433052 0.0268319580933969
-0.0382040150542562 0.327455809430621 0.00416302270195586 0.10303675828815
0.14961356161572 0.294336975425627 0.113386022036054 0.134728899753772
0.264548165923429 0.183287155484252 0.17403224084178 0.0661947745425889
0.300710706581969 0.0879145446930478 0.191082486724442 0.0383314557708264
0.318440722167856 0.050678653600721 0.186155470778371 0.00731622036599512
0.307527897654685 0.0556558456873429 0.17125826319717 -0.00386159840433643
0.308477626330958 0.0979234382517479 0.134917372741121 -0.00464795089205338
0.269875591815563 0.193281549942453 0.119736090567592 0.0163481792126246
0.122774622457486 0.275574777139249 0.0864907636532642 0.0120923181613004
-0.042726983743685 0.296297111038679 0.0456036204023351 -0.00518908977265964
-0.211875824835316 0.264169747380708 0.0373540685077029 -0.0551788901021327
-0.307930231526311 0.142353011105971 0.130548954531869 -0.138119315800344
-0.236180893215837 0.0702397384609964 0.427021446265441 0.0829224032177655
-0.185019941409253 0.140389911232745 0.218386793864622 -0.0744538025778559
-0.111474173116942 0.166059776172721 0.0624577856754675 -0.00763949423923873
-0.0222928278550479 0.200642778366728 0.0114359680714136 0.106065701118316
0.0942767842185476 0.190868404665866 0.138426530422863 0.174921966365157
0.179713882874695 0.124174312920093 0.245523649034576 0.115729622034128
0.213434860191332 0.0620042047093314 0.295730590363698 0.0670200083203321
0.225671855209884 0.0409807029083977 0.292725605221159 0.0254042007389471
0.213070897487919 0.0494055757945969 0.261182063711617 0.0167789208324865
0.193922641017072 0.0861025187852819 0.188558228516651 0.0254343090271387
0.146869075299898 0.148078225900288 0.136974498512494 0.0456482941715229
0.0291723818897641 0.172418084843346 0.0732971064017217 0.0333452004758955
-0.0493540994963603 0.134571449792887 0.0467040259767814 -0.0262008357289911
-0.111548433150329 0.142456318530292 0.0781793510714846 -0.0795274552162398
-0.173219613137036 0.104387693291303 0.230089000994071 -0.154934457476918
-0.0633782455928762 0.0638416564334419 0.493467651912121 0.0410386335006828
-0.0214365506521138 0.0640828727834962 0.272614345547958 -0.10024663069992
-0.00682494152639417 0.0274200798244723 0.084056073954203 -0.0478230466370809
-0.0225837645079209 0.049342137708143 0.0108685777953519 0.0887328918951973
0.0180082951866931 0.0670744941699801 0.143838145336815 0.184966599332038
0.063588760792081 0.0521174285469917 0.283037719043057 0.140934060186159
0.0927179403118281 0.0299676736219965 0.356383777170893 0.080142773045174
0.0997216475038138 0.0243461964756039 0.354663656316454 0.0381105628383422
0.0923193319545279 0.0317336546100044 0.309439173113805 0.0409456400400279
0.0672555651933177 0.0568243596045186 0.20857383674763 0.0593819542058227
0.0299781627164474 0.0811545909636385 0.125084385880154 0.0732798392916256
-0.035287165222055 0.0574793222962139 0.0429541751410139 0.0458999644965691
-0.0249551768363018 -0.00936055644289189 0.0424830173449861 -0.0424971843234078
0.00452649656496155 0.0388386057946613 0.109576642414531 -0.0864374805517214
-0.0232954665703227 0.0690188184540212 0.287260625464685 -0.154762347171112
-0.0824280015584647 -0.046677367874558 -0.358796167757701 0.109249361558926
-0.105528631785938 0.008270826940342 -0.164808064685444 0.106836846070784
-0.052081464456595 0.0798031653667025 -0.0512679943402396 0.0686647185544703
0.0327491838906879 0.0582054354410101 0.0191709861510464 -0.0307162139677076
0.0501521068438095 0.0239718587875455 -0.0620936602103699 -0.108082090917784
0.037383493957189 0.00772260947517349 -0.181099247386257 -0.124393494736145
0.0254367445387279 0.00394598745960284 -0.290548932641267 -0.108321697966837
0.0404450089399925 0.00551910866284612 -0.343521794295027 -0.101040991923789
0.0498076554959719 0.014279700285224 -0.341571939522227 -0.119003373552895
0.0729442140229342 0.0191547555836327 -0.259806223871338 -0.156748861796032
0.0725631062664417 0.0466205179651585 -0.143650244881547 -0.169100740018457
0.0355129050864794 0.104206987215762 -0.0323789616312155 -0.0891220848113137
-0.0748202863249225 0.136676437637354 -0.109014465501322 0.0349358449670372
-0.150956457991141 0.0280176272917952 -0.253158150783544 0.0231936648320697
-0.123533702842389 -0.0472572674650605 -0.445115633178269 -0.122019898297329
-0.213779869266909 -0.049902226630604 -0.309644197322731 0.0998739297098949
-0.211659448489036 0.0296108813828546 -0.181045086722339 0.0740544565116631
-0.136158515287751 0.130003917431229 -0.0675103423659432 0.0822769207084587
-0.00188842501134206 0.151858617947782 0.0269641894627813 -0.0107040174296532
0.0856365326786301 0.125509717160574 -0.0297812212418933 -0.102529184413686
0.124976704015199 0.0815301442645385 -0.1480458441058 -0.134741841738179
0.138832033930024 0.0528467508628268 -0.253290011041373 -0.11140086489534
0.170966818755901 0.0450870411410493 -0.300028473424091 -0.0946341026187565
0.178859493106987 0.061147054018724 -0.295879974485098 -0.101704967052667
0.197503616866071 0.091920643419154 -0.224021527024586 -0.127063889499954
0.168690647120122 0.159185789775225 -0.118181605548182 -0.130969632093826
0.0660794005168836 0.243623413466939 -0.0113919757866202 -0.0617418555172344
-0.124694988030818 0.286681544703013 -0.0932108853067649 0.0661647648286867
-0.292647964842289 0.141187998559158 -0.233830147136196 0.0517372458474628
-0.296074558334263 -0.0152274825046183 -0.397408897521019 -0.100527315439133
-0.328384715459811 -0.05249777717027 -0.210208002736546 0.101313456429594
-0.313201124031114 0.048357528292821 -0.164687160299172 0.0380870407687641
-0.227458095368605 0.17397593606749 -0.0810413946319147 0.0795158661765673
-0.0522726710888161 0.246261748680415 0.0168283561419965 0.0131524596593245
0.104214115904729 0.231582540251574 -0.00173733759034353 -0.0712787121584044
0.198516566728198 0.15982877857633 -0.095545178512027 -0.11642572600172
0.236970913917438 0.101942708596511 -0.179405698454456 -0.0926865328238219
0.276368374583412 0.0768830558868758 -0.210092489872036 -0.073280009688263
0.281086934706248 0.0913114277819174 -0.204942164671573 -0.0737055007647877
0.303131268703483 0.136056601288818 -0.151675509850141 -0.0913294982010733
0.262670911450459 0.237474670435276 -0.0691674008547056 -0.0873905822065832
0.116399805759155 0.349523278627777 0.0176016791998856 -0.040331916159385
-0.130807715240253 0.407277691008372 -0.0529759792301856 0.0758097887567308
-0.372969918738988 0.251017828169012 -0.173037513269654 0.0586574221344627
-0.415976557182019 0.0319745657671925 -0.290384963658742 -0.0856210450956342
-0.405526817762239 -0.0460929085576511 -0.0626233192226328 0.112509137040803
-0.392792096914802 0.074893950624993 -0.0984070361478984 0.00318478598778687
-0.300142673858029 0.221861820161398 -0.0718706633867687 0.0595010827146938
-0.0946852606986551 0.329187459706487 -0.00154355309567186 0.0368141591167265
0.114818115893623 0.320139329654658 0.0243109602045118 -0.013608068483522
0.248141025451886 0.221877154959252 -0.0237456111581451 -0.0651399060028535
0.300519715061614 0.137397065751775 -0.0729990842292789 -0.0526635497207858
0.340790690203081 0.100225791340001 -0.0858908083101398 -0.0412721033155663
0.339834818409224 0.106784618067619 -0.0808148839563568 -0.0437703565518131
0.362871466797384 0.156431260830976 -0.0536124588431329 -0.0571515421054018
0.32237108028074 0.273238400117953 -0.000616700034596856 -0.0466047023180634
0.151309341815235 0.39714428965017 0.0505618224105969 -0.0218902213863498
-0.113116816937981 0.458264772462882 -0.00737660714141789 0.0580248973701198
-0.387521483191419 0.312972303047225 -0.0897768580483168 0.0342941352738699
-0.461740518601191 0.0720140266644277 -0.141422638751082 -0.0874474278506064
-0.422614326590078 -0.0265420098536954 0.113306883596791 0.124188792496584
-0.41340865006372 0.10538397733948 0.0111605678078076 -0.0249505828368803
-0.319123243371882 0.249041160706919 -0.0373746225166664 0.0316354249129142
-0.109786669637934 0.362943723060324 -0.0152111020741432 0.0633581003060307
0.113165329684139 0.354542567485736 0.0524379266527193 0.0635397084875834
0.261914901566214 0.245258594945236 0.0618588335513803 0.0108244211158445
0.319580524215701 0.149013971035442 0.0526946923799901 0.00202057443017699
0.350810649783659 0.106647653938573 0.0535938417568514 -0.00284565004715704
0.343610158297439 0.109177560195147 0.0529705150185995 -0.012663534741922
0.356215228658445 0.155541307893623 0.050579364733683 -0.024561409313952
0.311798031755723 0.265282925252973 0.0701855515159693 -0.0087233922654833
0.139064081752105 0.372313460192598 0.0764282935404545 -0.00254103496481164
-0.0971698801595202 0.410720405356958 0.0290282335722031 0.028247641821384
-0.341059298756636 0.300729674143786 -0.00875535078721312 -0.00859429800800163
-0.427987151788122 0.0894761631687273 0.0189704603752585 -0.0996726631329444
-0.367403751449031 0.00420110624143553 0.284913054391655 0.12978212361467
-0.346472743363683 0.121702795023352 0.130014925813681 -0.0429782282065129
-0.255927356892097 0.225654888058402 0.0114648158560963 0.00896040548698153
-0.0909336205422722 0.313302467594759 -0.0154615851302534 0.0885077129704799
0.0957430355024795 0.309882811437841 0.0814172939815609 0.137090600002044
0.230197513938495 0.216648987894167 0.147645620012424 0.0895071238756417
0.284730022316592 0.132904875988342 0.178795086568497 0.0580793191190112
0.307458385005753 0.0981018008806015 0.184317076937685 0.036317101977486
0.292777787745141 0.100447382041511 0.171441888130466 0.0202090721530698
0.286159232263668 0.140749321475548 0.133399265574919 0.0104657759214344
0.232736858929305 0.225342309355428 0.117773190765178 0.0274536004529297
0.0754063965004038 0.288169923925446 0.0839966819853442 0.0198552934875052
-0.0884727119095931 0.280576847564744 0.0469971548349664 0.00097633816417518
-0.249260074237002 0.221115353592771 0.0535761256211431 -0.0454736326394296
-0.327661297205012 0.0832866029816143 0.158656982549183 -0.111854817989164
-0.243746031364331 0.0358438540885107 0.41718934300036 0.120845158460778
-0.204418540739614 0.109271196067606 0.226622865107391 -0.053712915026485
-0.135776710688825 0.144136139625794 0.058605725263014 -0.0104444667162274
-0.0554372051004702 0.192377104556853 -0.00705245099456997 0.0980259298990961
0.0590828524393131 0.201751563156265 0.104662152628098 0.183821388652824
0.155433660085261 0.146980437101565 0.215624491438128 0.149033774095187
0.203346599079235 0.0928344441576734 0.280859925538269 0.102321674695083
0.217844268192013 0.0740374112619029 0.286685861650543 0.0693468711604669
0.202686078497137 0.0791610211858759 0.256335868522262 0.0544604974797179
0.177216738676563 0.112269581164807 0.18217728266682 0.0513289780800959
0.121217509285395 0.163252913153473 0.129287759374362 0.0620980002803784
0.00110711051429753 0.172772236112312 0.0680284611967062 0.0410838493306024
-0.0705578876866055 0.121909732223825 0.0494663459403529 -0.0185545044041197
-0.131920194138363 0.118013198197283 0.0942783735363264 -0.0634519311729124
-0.189371544054096 0.0673323847837334 0.259619392626218 -0.113415148973836
-0.0729820417333295 0.0523070445503765 0.482942121482414 0.100607388080063
-0.0322587295055389 0.0588808085367666 0.284357744583875 -0.0623565123200024
-0.0127543804720449 0.0251868826790979 0.0894027432276803 -0.0358055805416063
-0.030410496248169 0.045207089537864 -0.00155373636621645 0.0876070624538697
0.00530680020630664 0.0694885248264809 0.114366859603535 0.198737686107861
0.0534141411932163 0.0581821774048827 0.256871317514243 0.17930335080884
0.0887573484538594 0.041984121783314 0.342028046215392 0.124012883629536
0.0964085612753019 0.0383560715390778 0.34562403353427 0.0911127241664489
0.0873844183232814 0.0427075344048141 0.300354346193997 0.0870943855364177
0.0583588460500325 0.065265220073569 0.196286633861833 0.089947370186208
0.0184875880337451 0.0820962248886521 0.11199890109752 0.0900366663050457
-0.0423791239440262 0.0507283547102122 0.0362654217294259 0.0515022503207609
-0.0244325776231834 -0.0140727201900157 0.0461164819410465 -0.0346688933020819
-0.00296378336730666 0.035712078857825 0.123071067516282 -0.0668465210811247
-0.0356978953291761 0.0570762715715644 0.315932055183299 -0.105462591978991
-0.0829700463455028 -0.0462999179919697 -0.37084963818951 0.113017258365396
-0.10542232932912 0.00914087982306423 -0.171491320629375 0.109582925576716
-0.0512991403199857 0.0817945257641443 -0.0512834620931652 0.0700429010172314
0.0336100196455836 0.0580784839337369 0.0203465866776862 -0.0314572643967318
0.0521751746515263 0.023193287256159 -0.0614534212926807 -0.109225447742118
0.0384966035253747 0.00840327659488704 -0.185665258471601 -0.124688186387608
0.0260692881104574 0.00440584453869047 -0.298779017432109 -0.108693676606086
0.0421874786652476 0.00540513427054296 -0.354991429667059 -0.101387755171267
0.0524111169662445 0.0138239605827799 -0.352327732394959 -0.119815205253106
0.0747299671856052 0.0184727613310498 -0.267331312325186 -0.160664602221347
0.0736767917035574 0.0474798812837796 -0.148476933854366 -0.173018401409516
0.0362490885231238 0.106291787000006 -0.0340395000673408 -0.09272584745432
-0.0749928481150718 0.13920809199771 -0.111564099739645 0.0355871733530874
-0.154370393250918 0.029281309635032 -0.259559380720404 0.0210848659563493
-0.127337849492002 -0.0475648757432747 -0.459277711584302 -0.123773459069108
-0.217055925186446 -0.0500944591261257 -0.320924870945292 0.102862823490206
-0.2140327157269 0.0311430265954512 -0.189758559787006 0.0764467323532555
-0.137698807396181 0.132699912105251 -0.067615643360682 0.0842322889915218
-0.00132974311869997 0.153985315594212 0.0279494995326457 -0.0101211934503206
0.0883150280824305 0.125968401844485 -0.0288549333810703 -0.104108019198442
0.128351242367699 0.082845148718832 -0.152684605567237 -0.135794560622088
0.142937871187184 0.0537730835013403 -0.261175560189427 -0.112140395378087
0.176343300452105 0.0447698343612754 -0.309777627352044 -0.0943279987712626
0.185247107846866 0.0612535792958086 -0.305185458172824 -0.101403988625498
0.203689423124734 0.0922257133692297 -0.231819296120122 -0.1303227543878
0.172153686502266 0.162353660763554 -0.121178038344179 -0.135526997182602
0.0674029808889406 0.249117667349076 -0.0134288534872287 -0.0643587642659952
-0.127349088022494 0.29374013257227 -0.0965704691316256 0.0681855286468882
-0.298776433841753 0.144110444732716 -0.239934371940919 0.0509446627135549
-0.305864882787067 -0.0139292940719419 -0.407799057738002 -0.100060120878853
-0.333271788914619 -0.0530012433867128 -0.218615606334262 0.104204701420842
-0.318221215719038 0.0498714445641096 -0.172781191714576 0.04008644560775
-0.231748442627198 0.17768435609796 -0.081094822265244 0.081978919806033
-0.0521876662713826 0.250467473542369 0.0174451272691184 0.0144240195832431
0.108083145260606 0.234107164963066 -9.09015665274858E-05 -0.0726021062117374
0.202994543091969 0.161224527839232 -0.0989145704024992 -0.118445887155598
0.242716643399244 0.102124808995587 -0.183768209371976 -0.0937287143772259
0.285268468203143 0.0769185553848235 -0.21592976295949 -0.0742143477912854
0.290569385531519 0.0920660077466337 -0.211338957710194 -0.0741656205172737
0.313647612736744 0.137800536834378 -0.158608772043852 -0.093501909996828
0.270361571116718 0.241407541922871 -0.0712320419877501 -0.0917378885925354
0.119028776473985 0.356813068679257 0.0162375112171817 -0.042559980763627
-0.134042385021076 0.416086671911076 -0.0568354597703005 0.0777300923550826
-0.381676548490853 0.258201486009872 -0.178650046851657 0.0590996018005522
-0.429471154846027 0.0337044289987944 -0.298481002356329 -0.0839643076666185
-0.41306452757323 -0.0469448338971066 -0.0674323654276721 0.115276794651939
-0.400316659057553 0.0776488930505199 -0.104477876797487 0.0057839730662581
-0.30727430695143 0.226206376918421 -0.0718145597407597 0.0609986297024261
-0.0961277859848325 0.337685455407019 -0.00148021180936825 0.03857782660131
0.118654169394482 0.324666183583896 0.025741463161451 -0.0135202616419345
0.254321732224129 0.223373012757409 -0.0262580739789725 -0.0669944742866679
0.309060982309803 0.137117593796374 -0.0753525080053461 -0.0533080216777156
0.35042743488496 0.0990394001387523 -0.0881027313243433 -0.0424458265848451
0.350216697258013 0.107982462287751 -0.0835649552373785 -0.043978394002423
0.374084076261386 0.157584213406792 -0.0570682766523775 -0.058147757174604
0.331479820623748 0.275338005360696 0.000285482856707729 -0.0497697828150006
0.155918406481381 0.405508940476537 0.0494578934586653 -0.0234270388039979
-0.11567572975659 0.467665526405616 -0.0108268510258814 0.0604507560952583
-0.39467193769562 0.321225104916731 -0.094146511707627 0.035066005881835
-0.477236283377318 0.0759450345551748 -0.144505966972066 -0.084635744365641
-0.431129399700006 -0.0287638612742225 0.113412270751374 0.127072259484904
-0.421642777072521 0.107262613374502 0.00748639325356646 -0.023173907253763
-0.327702647958693 0.254019463761162 -0.037319240515334 0.0318265086007906
-0.110267872715958 0.371222245485949 -0.0160944168821372 0.0666190127833996
0.117917036911837 0.361278631846408 0.0538903076294946 0.0659624628848622
0.267783859691251 0.247313701063008 0.0622820562724566 0.00931510924433798
0.327600454963292 0.149883350164907 0.0543637221917682 0.00156771222072866
0.360560167241394 0.105982328649841 0.05573263474124 -0.00357251712123082
0.353598965272034 0.109075986334421 0.0538174153899738 -0.0124840160322706
0.367645887843753 0.155267892762294 0.0492525524760568 -0.0249624495226103
0.320913419066532 0.267546654932798 0.0723534192003187 -0.012025831757313
0.144768502314642 0.380855452415323 0.0765866887471068 -0.0042138529719932
-0.0980888360323569 0.418911400512515 0.0255006996650636 0.0301832742147987
-0.346506872506618 0.306805770791426 -0.0110001727303421 -0.00775459166088426
-0.441663614689728 0.0926478328995098 0.0198947404931805 -0.0981669358174039
-0.37499056209095 0.00300928942872028 0.290470643708424 0.131469686631659
-0.355024702847954 0.124729645574166 0.130780544603468 -0.0423766113744578
-0.264435755902623 0.229410934764564 0.0125688668359419 0.00853598692346913
-0.0917836246597305 0.322111310210075 -0.0167799626538145 0.0927539893371918
0.0993821275014588 0.316414698730729 0.0839372353360442 0.141173166575464
0.234869430060288 0.21858838849947 0.149856435261862 0.0892652667414561
0.292451078792868 0.133043359965978 0.18335317172294 0.0579673332550335
0.3159348192147 0.0978930346597913 0.19085051274721 0.0342963552878496
0.301813246926643 0.100965532483647 0.175758176891092 0.0200183141679335
0.295488943126511 0.141400715111394 0.135215501760413 0.0110443961370594
0.239839215792828 0.226798141349934 0.12040758190445 0.0248573122082722
0.0789231915814246 0.29471399196225 0.0853916980742833 0.0192559413107676
-0.0914923787837604 0.286555859464036 0.0442488170563978 0.00222322676618862
-0.25485280998867 0.225534602452521 0.053035622003857 -0.0443399849541957
-0.337706825311245 0.0852759725717661 0.163618148669036 -0.111565832215443
-0.249509156505099 0.034320113290308 0.427047385030883 0.122454688300038
-0.210458506704923 0.110364828683168 0.231593087921579 -0.0532277214696256
-0.142043493682436 0.145947444750113 0.0610477306545858 -0.0111230821894891
-0.0562825283664928 0.198232669020292 -0.00718925919631339 0.102944038895376
0.0612040458485883 0.206847994687804 0.106883164965377 0.188767282579383
0.158611679974489 0.148339038949204 0.220677474857668 0.150066823540072
0.208881986254948 0.0928175621609442 0.288688931832331 0.101872167207426
0.223609117318079 0.0736315419915574 0.296047885310288 0.0672427271314735
0.2083483900359 0.0798804263438929 0.264593665763121 0.0536033796859179
0.183417412285221 0.112953391879453 0.185610066388833 0.0526224770049189
0.124954779313391 0.164482481351043 0.132164757151129 0.0614618657061117
0.00208405040077151 0.176511997579233 0.0690649602080937 0.0408817308027477
-0.0737062469642056 0.124869664721049 0.0471477228102722 -0.0181973390731456
-0.135887206972904 0.120403258647389 0.0960526663287986 -0.0628037014888269
-0.19550594231437 0.067683178621598 0.268433784019709 -0.114176359858238
-0.075530353761265 0.051914222576199 0.497224261609291 0.100243335922991
-0.0346991153920736 0.0594118636495805 0.29209689755452 -0.0633458878793944
-0.0149870093939835 0.0246611609534159 0.0922817152001088 -0.0366037513016287
-0.0306895112077047 0.0472343080823005 -0.00157247582597221 0.0918600096664097
0.0052785507553125 0.0717683260032696 0.116604543320791 0.204835558214525
0.0542155075937061 0.0585267741597816 0.263026719395023 0.179464908008909
0.0910668613023562 0.040733966049372 0.351769444463057 0.123529166123921
0.0987256369244905 0.0377166280623047 0.356379612983565 0.0897359171540576
0.0899281751309311 0.0438516599301893 0.309502758452599 0.0854255258279607
0.0606494559010996 0.0665152789316827 0.20163124309708 0.0920084000990685
0.0195922385905765 0.0829949581565424 0.114235750853786 0.0908788522418865
-0.0423908680128508 0.0524164699016756 0.0365202605638847 0.0525256264564117
-0.0272218243499632 -0.0137188752101378 0.0444741635557033 -0.0354579810295477
-0.00360501968315797 0.035693311416985 0.125993670105266 -0.0666674618017757
-0.036968383083819 0.0563885091915708 0.326370557796861 -0.107677971166053
-0.0859713842157701 -0.0443398867581532 -0.380649968803833 0.131434999063651
-0.105837649371345 0.0131335099374176 -0.175592833205272 0.120897857526385
-0.0478638208036033 0.085509041774809 -0.0496842766502564 0.0749418134985408
0.0364981945846529 0.0574736345798673 0.0202604568968038 -0.0330168542564394
0.0545750672993947 0.0203637270145531 -0.065079861130501 -0.109877094881418
0.0407556777214097 0.00750907984648713 -0.194675234108754 -0.11921483650261
0.0272890477815839 0.00465829962280906 -0.311806623809794 -0.0975175447510964
0.0442166672559803 0.00378156431052471 -0.371813451887261 -0.0877873562451992
0.0555693185295219 0.0113860343946355 -0.368146493697036 -0.108058877087773
0.0774121802509267 0.0148086889059177 -0.283856436552625 -0.154166974256446
0.0766093604924823 0.0459697549010255 -0.159257413867784 -0.172062686091048
0.0409959403431952 0.107584374514242 -0.039839129234949 -0.0953665236613621
-0.0707230220129188 0.144973543833456 -0.112725547734954 0.0401043504291141
-0.156895099023189 0.0354838359933258 -0.26643010249333 0.0289355560245829
-0.132965462515262 -0.0428715944397096 -0.47973231712689 -0.108738515710394
-0.223289087287105 -0.0428899529305452 -0.329798873730044 0.118964639673095
-0.216122134362795 0.0396724373429544 -0.195059214291929 0.087853888607986
-0.134778950596434 0.140427083261742 -0.0657983281008895 0.0893291744625192
0.00466521684232964 0.156587507917491 0.0286744491818197 -0.010528313305847
0.0961252518641501 0.123564246823524 -0.0315729447738904 -0.105419740162822
0.134635671163836 0.0792381094559364 -0.161995758691836 -0.132646969281937
0.149199562500268 0.0488353572566868 -0.272265051612976 -0.103044920392067
0.183835576399563 0.0377829535995774 -0.325262489107566 -0.0842678543908459
0.194335898151899 0.0542366744361938 -0.320199562736301 -0.0908073442105813
0.214319592687478 0.0848433007654626 -0.245343038844761 -0.124802471329176
0.183733285961104 0.159457005462988 -0.129643037485563 -0.13526880572492
0.0784954279024002 0.253619985482705 -0.0181220514611746 -0.0670365516313114
-0.119410106573817 0.305301959310188 -0.0977989645759621 0.0746860130592956
-0.302097578402781 0.159825996192283 -0.245188111973823 0.0605425002612668
-0.316908026636103 -0.00174530095312896 -0.425150585190345 -0.0833316071327319
-0.342798270299533 -0.0423481938455038 -0.224412987254056 0.116346495273253
-0.322841209053407 0.0629928348287364 -0.180184588057773 0.0505882188185986
-0.230136182577964 0.190175284762732 -0.0788567313597314 0.0872087298228307
-0.0432359746117426 0.258134777042865 0.0183089962453845 0.0147758591403669
0.120707128597678 0.233534977929684 -0.00114664173768192 -0.0736198638335107
0.213693918759399 0.156087965029117 -0.107046448277882 -0.116830269559312
0.253255047232437 0.0938312450321181 -0.193156778281164 -0.0865875129101493
0.297443964503421 0.065773784626783 -0.226718269374327 -0.0669881931402727
0.304075625344991 0.0822345163027269 -0.221772197682674 -0.0662926068593178
0.329211843860407 0.126087142492406 -0.169162441201008 -0.0893438566345552
0.288313795194927 0.235943616848104 -0.0759953185334596 -0.0932891739280464
0.136283836603158 0.362579727043798 0.0129491048501408 -0.0459496844954036
-0.123440133042719 0.432089571428131 -0.0578350452409801 0.0837181159885649
-0.382274021501345 0.278488388793873 -0.182403299229964 0.0677334545334748
-0.443572295081558 0.0520850262804529 -0.30917061754431 -0.0706616663779256
-0.424005646245309 -0.0341448525985287 -0.0678006800929476 0.12062517771458
-0.40702959366411 0.0946192808774573 -0.111105718254347 0.0129701237961244
-0.308619340710786 0.241916082938724 -0.0705747414695032 0.0654166776862701
-0.084027519634655 0.349267982923841 -0.000162687812707526 0.0414147606555902
0.136276909437275 0.327169384334377 0.0272249409805622 -0.0141642675546726
0.268977175768904 0.21808954497556 -0.0304138166916149 -0.0678546348236346
0.323856785858419 0.127357130802997 -0.0790842019199268 -0.0504886981532065
0.365236266516882 0.0862782954289582 -0.0932302470840959 -0.0399851747718902
0.366772714206547 0.0953186034790684 -0.0888156209018238 -0.0405077456260935
0.39410811597994 0.142987849957933 -0.0635112685098497 -0.0569637155352408
0.353312566146523 0.267923423557903 -0.00162339880136544 -0.0540903618179452
0.177063245934353 0.41094477142136 0.0484775681780714 -0.0278388995539011
-0.102928971445034 0.486748411329095 -0.0122467311852788 0.0654961438915334
-0.39355042799874 0.344590454734133 -0.0965931910603491 0.0404414347085329
-0.490781553177018 0.0969275263280234 -0.151036611843201 -0.0772021286498892
-0.444092045128448 -0.0146627635722014 0.11916760840399 0.126011972818532
-0.429908863594329 0.126394430723583 0.00378202254994229 -0.0211397268766848
-0.329236304744532 0.271667209942268 -0.0354933106770392 0.0339315463660636
-0.0983078192861665 0.386935748381848 -0.0139334750520413 0.0706202732189531
0.135513542540547 0.365094989077859 0.0586760100435039 0.0662895864663743
0.283281586391773 0.242116716850431 0.0628865280559039 0.00626513561679275
0.343661383241798 0.139095656197525 0.0558198170276158 -4.94975030755717E-05
0.375929720513758 0.0924221591066296 0.0572574663369052 -0.00739491876401764
0.370707897502022 0.0969946937560285 0.055407718693651 -0.0157562617125616
0.385839224277408 0.141062042790786 0.0478794055429793 -0.0272477355426212
0.342104866940885 0.257927528231427 0.0732901542606444 -0.0178029022407083
0.163683694662581 0.383661082812827 0.0771307885413761 -0.0081593059636879
-0.0874524276918141 0.434334428618636 0.0235976240646255 0.0321903760155769
-0.345552067577179 0.330127448889019 -0.0121854421786926 -0.00527892484029291
-0.452276335586744 0.11249852981117 0.0187429503981496 -0.0977674938782001
-0.384901051552231 0.0143987072126719 0.301671424837607 0.122674195311302
-0.361271393797415 0.140164723574444 0.131035635169392 -0.0463983706174029
-0.266386602104277 0.245189886042172 0.0140870711445835 0.00750479824742155
-0.0814488351692483 0.335192058926096 -0.0133785154772374 0.0973265235936206
0.115668660641881 0.320963047011223 0.0916866319824031 0.143238796761149
0.248944868981971 0.214853175770387 0.156022062065997 0.0841535484543656
0.306493501498932 0.123064662679998 0.190332987982961 0.0512504452735983
0.32910445538098 0.0856921989239832 0.198455302937392 0.0258336918223594
0.315998068495507 0.0909411482486019 0.182254976254297 0.0119464629662862
0.311315220559626 0.131311217518611 0.13784486177071 0.00607078160115962
0.2567821398683 0.220387568376798 0.124138891442502 0.0183392402205232
0.0939641074129966 0.298802142983132 0.0865414042426287 0.0154602195006675
-0.0842546963597107 0.298059052935263 0.0416759128888463 0.00261382582891819
-0.253183713407364 0.241167751989035 0.0524984586770807 -0.0456342835895138
-0.346428873722615 0.100536741523417 0.166325727786273 -0.117879630769655
-0.255093256486698 0.0426921969218359 0.443349674177617 0.107550268698032
-0.213898755174806 0.120096144955075 0.235968357171356 -0.0624672583519086
-0.144444078468747 0.154978165628994 0.0637015848222175 -0.0144057136593937
-0.0494897581222355 0.206813835078332 -0.00360794576447301 0.107945776604725
0.0712204826982474 0.211064531702767 0.117724800031703 0.19128692379622
0.168119909968151 0.145523800338755 0.232039935122261 0.143281281732392
0.218810208935289 0.0853130898010723 0.300431075853531 0.0907294332148941
0.233418338182742 0.0654215818139036 0.309072319617573 0.0545133808705991
0.218693508527988 0.0735608132007533 0.275352043929694 0.042773095185745
0.194137563092664 0.108374222165597 0.192171041726515 0.046825433648058
0.135316510803608 0.161929798326178 0.137155353187767 0.0557814223766674
0.0104134293240811 0.180866078628337 0.0713553996116426 0.0384377189961341
-0.0730399467078836 0.131658441543067 0.0440559466731094 -0.0191180566694637
-0.134726429829047 0.127797067220246 0.0964020179067367 -0.0661300560033792
-0.199718373171771 0.0761777383379409 0.274013513827982 -0.126325998163897
-0.076954134982824 0.054438978631706 0.514938854770359 0.0830348023855271
-0.0351132893343706 0.0617887690566304 0.299452658664908 -0.0772172342680711
-0.017137124828162 0.0259373898052349 0.0935855354593775 -0.0412631526731618
-0.0287327111738533 0.0509067304250057 0.00229475822704715 0.0960777928174599
0.0081802777083213 0.0743203605280147 0.127758468470785 0.206921268786404
0.0572769314464737 0.0578230453414219 0.277230313984754 0.173562473807501
0.0958235318763336 0.0370123563557655 0.366827355862953 0.111021679437171
0.102898711914814 0.0348371152807968 0.372596626297008 0.0750874975510518
0.0948859917748359 0.041214971482932 0.323602954583613 0.0730516209926285
0.0657652603398771 0.0656354355749805 0.210924618883457 0.0863709735530081
0.0240765002560472 0.0834034641973343 0.119146646111316 0.0882763922842332
-0.0407728749552772 0.0559373486490556 0.0387735687368725 0.0514175704948638
-0.0300523381813747 -0.0120065621210863 0.0419118562289402 -0.0378680395900668
-0.00339183735297682 0.036375325061574 0.128033433983478 -0.0715029897198657
-0.0367395370814803 0.0574754563284392 0.334807045525301 -0.123194552996977
-0.0866590885895174 -0.0384400242914816 -0.374548655337482 0.155945581588006
-0.102699010196888 0.0193813259493115 -0.17011044654064 0.133644507118694
-0.0406972623805109 0.0874662750792982 -0.0443744634306415 0.0786917783604946
0.0396280157938259 0.0539833559931355 0.0189637383361594 -0.0335535791287227
0.0553300463174276 0.0149011849513742 -0.0690450343147704 -0.104907679263189
0.0417382501127709 0.0044387666544093 -0.19985751257003 -0.105025924114353
0.0277809094371752 0.00382639895776351 -0.31725455179353 -0.0760262481432087
0.0447136637157992 0.000791886187545143 -0.379097881243329 -0.061780219173653
0.0571876910844698 0.00685700520159298 -0.376554174198899 -0.0825483562617385
0.0783999447686887 0.00967226730629751 -0.29476743648857 -0.135929397751301
0.0792343642636518 0.0409851784341805 -0.170726147930099 -0.162424169208417
0.0473933326575844 0.104510912946979 -0.0467842399320582 -0.0931108166379064
-0.0611274562946395 0.148189464667763 -0.110081443148181 0.0467810290170668
-0.154093803330114 0.0443854833600165 -0.265526622077482 0.0420306529718623
-0.136399363128788 -0.0335723487663106 -0.486090486606462 -0.0772114022621971
-0.223784644678386 -0.0301872930948748 -0.324264818141497 0.140487514854406
-0.210752525663844 0.052305844110245 -0.192324011041779 0.102514631562299
-0.124260533709994 0.147153476193417 -0.0590780807237043 0.0933000874616138
0.0143806749288709 0.154641075288811 0.0288996666462467 -0.0118532222440556
0.10330057194229 0.114353223834176 -0.0355087733508227 -0.103173763299412
0.139844962392141 0.0693144713541464 -0.168840441779707 -0.120389886267311
0.152062056217854 0.0399703619312211 -0.278105092897123 -0.0841579075572581
0.186902685677224 0.0251078645389207 -0.332338451021012 -0.0615843596001987
0.198853358309783 0.0412656929804131 -0.326909685364031 -0.0683873982639753
0.219995175780642 0.0700429043752599 -0.255593594402277 -0.108077103177946
0.192985261232018 0.147521640940378 -0.138763081181384 -0.128335410342313
0.093428775572884 0.248041812197737 -0.0238813476766165 -0.0667919323366045
-0.101339803965817 0.310900823713896 -0.0943416860660619 0.081714887639282
-0.291910163039917 0.177321405580434 -0.243313586263261 0.0731570844267344
-0.318404824860373 0.0189453759946041 -0.430542110170064 -0.0549563759393668
-0.343228837656663 -0.0221421717192139 -0.220118832474623 0.130756443332803
-0.316016500758804 0.0810358473656831 -0.179362733552285 0.0652689874166865
-0.217614627666423 0.202084433694827 -0.0729083180081912 0.0920037781897116
-0.0270047209503593 0.258883326702231 0.019955925780686 0.0145240167453202
0.134426355137691 0.222768579548501 -0.0038200454244679 -0.0735730424659839
0.222623328494497 0.140234241527748 -0.113971556745554 -0.108661968913312
0.258436498078266 0.0774904891597018 -0.198027866517162 -0.0725470490624673
0.301836635578929 0.0456814850133056 -0.232869230380926 -0.0508308272040227
0.311415275409493 0.0610242621057108 -0.225743121361322 -0.0500932039116232
0.337721715708685 0.102093411313307 -0.177620859822003 -0.0768251459748628
0.303976601772724 0.216380917731754 -0.082435124680786 -0.0905994531001966
0.158407269293629 0.352900125804736 0.00860345332762665 -0.0472583935884515
-0.0969516048762026 0.439215275665984 -0.0545681407086898 0.0894032669385853
-0.364811198537203 0.301077436417733 -0.178676480565459 0.0786987958870669
-0.441658126290831 0.0813145148746179 -0.31186586188069 -0.0465108678721003
-0.424278948723082 -0.0099511166988153 -0.0635761640606876 0.125611669384984
-0.399026796296006 0.117641353143396 -0.113313514963013 0.0234860465830381
-0.292405138184531 0.259927885955037 -0.0648749179744251 0.0686118486308263
-0.0609157398159245 0.353360355440571 0.00258300661872666 0.0425755289032161
0.156292746898674 0.315515681640945 0.0282313086333627 -0.0153505041881782
0.281082004947456 0.198498136053387 -0.0352755109182058 -0.0655755082937672
0.330032017034718 0.105262669878974 -0.0817928229066371 -0.0439104625855439
0.370267835717915 0.0606350814061578 -0.096980666065563 -0.0334681338888447
0.374448038450538 0.070090696705088 -0.0913568004476732 -0.0341583592550824
0.403473802695418 0.114152880945563 -0.0697024520371872 -0.0517305573201462
0.370683245526905 0.242787572995828 -0.00614248015775209 -0.056631436480772
0.203499004550396 0.398183375716709 0.0447170892226065 -0.0313836837005561
-0.0736909193140102 0.492127272107512 -0.0103204163003092 0.0686475815572006
-0.372957428001173 0.368612452574487 -0.0931000190563169 0.047837286092844
-0.485345033037926 0.128167937437116 -0.152908055508303 -0.0630142342114188
-0.443029532605676 0.0110427031887177 0.123585509496737 0.117905788951312
-0.419962939813612 0.150390756289835 0.000127826384008824 -0.0182613087157829
-0.314338731147678 0.291507286373708 -0.0323436409128486 0.0347150199381707
-0.0723698629021532 0.391219629343594 -0.0088514671786169 0.0728121550455493
0.157861410513029 0.354341057283173 0.0641391272836515 0.0640302799041894
0.29738159001856 0.221644240983691 0.0611906666658437 0.00205122681964912
0.350867463269048 0.115235576607603 0.0558414621655033 -0.00325759221971249
0.381922331033435 0.065935828107654 0.0560982404814024 -0.0112430571119255
0.378440881888933 0.0715704994019494 0.0541408429363066 -0.0189504898667678
0.395562757137594 0.113021955739636 0.0437642692116785 -0.0287209106261339
0.357559885749673 0.233290662446445 0.07097760781711 -0.0252356467365695
0.188525359436064 0.372034082883152 0.074705103079737 -0.0136546580487073
-0.0627342753762336 0.439715027580907 0.0232608352368844 0.034540735026666
-0.323509443842032 0.35007771654008 -0.0126585527341314 -0.00308027293109583
-0.447272452352543 0.141796236785973 0.0159531483910109 -0.0950867567554529
-0.383811824330634 0.0355933241192255 0.307013882177109 0.104322328292717
-0.352853304804253 0.16140389369814 0.126819053186021 -0.05165160709606
-0.254180977914671 0.261711107765888 0.0155125901379196 0.00458790006568957
-0.0598180092141235 0.339554011315083 -0.00737452261435626 0.100269004873966
0.135440299070528 0.313125376425667 0.101398332509399 0.139109008470659
0.26031895313251 0.197847583876304 0.159542793201651 0.0733353010748093
0.312963431995364 0.101369460001031 0.193373213450712 0.0387013341669184
0.335119243240359 0.0628410047459654 0.199738185824452 0.0113114749103403
0.322728009344739 0.0698004025224677 0.183465836643767 -0.00120198822583159
0.319737260665014 0.10763947007312 0.136652744130615 -0.00153302107817652
0.269857904493927 0.201623231660186 0.123536255028315 0.00779527594401203
0.113150742123085 0.290671672534781 0.0862929142587339 0.00917248041225257
-0.0678078026124712 0.303577610486106 0.0386976654508408 0.00293123157488317
-0.238076138623055 0.255644295494757 0.050321711194756 -0.0461463629049845
-0.34106892204486 0.122112189404363 0.162564228297749 -0.1257316310638
-0.252507582992947 0.0559611584465452 0.448313931743611 0.079845730217141
-0.207942552169613 0.133107337041002 0.231515775350768 -0.0759470986131227
-0.137380814707495 0.164509275477025 0.0629034636188964 -0.0195483865345873
-0.0359758835911582 0.210218153679603 0.00348211780124971 0.109170584451853
0.0852614882577178 0.20650598795418 0.130124733441852 0.184722475173125
0.17482140014479 0.134504988381455 0.238487129412269 0.127649517207962
0.223365058710655 0.0694744543766096 0.305052893547959 0.0707400203133844
0.237965757227118 0.0494429701621311 0.31300700442716 0.0318897794051859
0.223514745702198 0.0590262883255047 0.277799198282463 0.0232158262461635
0.201474352526017 0.093754311849907 0.194604699619622 0.0347352966968223
0.145625272944218 0.151147803799482 0.138687505842214 0.0455029376076986
0.0225611865660395 0.180260636039178 0.0724720322747815 0.0335854176978409
-0.0661491475496381 0.137304534714175 0.040061132927679 -0.0195833786846243
-0.126937106875784 0.135548156554944 0.0932345212608388 -0.0698827554669059
-0.195570363528686 0.0872924971610654 0.268676563935944 -0.142843088690898
-0.0746756222484294 0.057547916095061 0.518982550883083 0.0491824378922395
-0.0331092685081401 0.0641861195317115 0.295182531317761 -0.0958869511129902
-0.0183560657983469 0.0277166447648268 0.0911739739818432 -0.0470688024255377
-0.0248556550751855 0.0527225581156105 0.00860679593439148 0.0978079776848608
0.0139891222339102 0.0748998619137965 0.140450681451608 0.200319258722507
0.0599936339835585 0.0542688415421416 0.286959980740342 0.15439452014244
0.0971223866339668 0.0293423493627201 0.37348358130741 0.0849121004493295
0.105021482894023 0.0271624915101632 0.379325217890801 0.0478736210706564
0.0977396738922736 0.0351240532914891 0.328493757945101 0.0496816022590364
0.0706483139413382 0.061494157769254 0.216869975081565 0.0729281776406137
0.029649955448757 0.0808603766778511 0.123290910016881 0.0797330474428244
-0.0363412719016133 0.0588958839542643 0.0413672630526654 0.0479742024557918
-0.0325273023906749 -0.00865260893061082 0.0369277716699442 -0.0398863423106873
-0.00136143086172762 0.0360571338435694 0.124589943401007 -0.0784846376197336
-0.0340856114154673 0.0577783971372334 0.328347796672688 -0.144347188536978
-0.0838648676014622 -0.0321970020705637 -0.354079556577243 0.170665471495148
-0.0963427708749068 0.0227778256375013 -0.158253309520492 0.140026782785052
-0.0328298170669012 0.085111076632133 -0.0374978898303494 0.0782903214409613
0.0402478680977578 0.0492529887692596 0.0175013679844977 -0.0336156474810842
0.0530466817551086 0.0100394795910703 -0.0698188566485902 -0.0979192025922326
0.0413536640844372 0.00177712796372427 -0.195778191402577 -0.0886737759702251
0.0274871595267494 0.00329488474433536 -0.307864378499031 -0.0545405084517573
0.0432946308181422 -0.00144812484512593 -0.370203459597302 -0.0373041296522203
0.0560595675052609 0.00268138918584134 -0.366825056713331 -0.0577389808011482
0.0757076307282655 0.00459364080378818 -0.291946262237844 -0.114726258830692
0.0779300959584653 0.0357147730423967 -0.173142024880655 -0.147216517744726
0.05018977185086 0.0978916153251635 -0.0507004109612503 -0.0878922501855584
-0.0514032956013139 0.144108536902822 -0.102767734712339 0.0499494637225575
-0.146028929996197 0.0502545980901129 -0.25455943077857 0.0509624447123881
-0.13277756959949 -0.0239369422850979 -0.47281601777125 -0.0477458799051253
-0.215049405551437 -0.0177468480599475 -0.306189965002985 0.153451483357945
-0.198307323433485 0.0594219639171735 -0.181019735836224 0.111412000634913
-0.110856649002228 0.145960607633573 -0.0512556831675971 0.0933550281879981
0.0214783084104415 0.146745165883221 0.0281230899446313 -0.0123090107770866
0.103578202672572 0.103144900276462 -0.0374076481400886 -0.097705314637128
0.137122356418205 0.0581677572465804 -0.16715783061751 -0.105770958963307
0.147873774527612 0.0306168649523675 -0.27119901414528 -0.0641470362890837
0.180947105124669 0.0137364101289452 -0.324671464093019 -0.0391627089407647
0.194695816139683 0.0275421189203163 -0.318225337759793 -0.046323489116719
0.214816684432988 0.0543756446047628 -0.253158333361989 -0.0891380971836409
0.193498748300659 0.131162311768459 -0.140583643557062 -0.116724175173152
0.10230584120551 0.233218387616506 -0.0269652494975722 -0.0632359815790581
-0.0827821832167737 0.303525055726464 -0.0861866749554237 0.0842521361100125
-0.271963911461575 0.184910692519483 -0.230086251862717 0.082060976776979
-0.305881411333236 0.0361932736404307 -0.414243223245276 -0.0273373891495192
-0.329564243428773 -0.00559716839596542 -0.207213926342701 0.138286558326148
-0.297884263336654 0.0931563607129186 -0.170949640445508 0.0748785213446587
-0.198754404194464 0.204118370891903 -0.064326007861098 0.0908931719588668
-0.0121030166220311 0.24831278392108 0.0208352191017475 0.0135898568182093
0.140504285601335 0.205451574618143 -0.00546335176047022 -0.0707124463832806
0.220156392226335 0.121826683743866 -0.114949960439048 -0.0975866819332135
0.252486409140353 0.0602904243991509 -0.19285456236438 -0.0581746786421883
0.292811430790557 0.0264903895374191 -0.228801877583156 -0.0345344971014353
0.304409934480825 0.0405131985139339 -0.220305666528736 -0.0346365746185931
0.330673366630827 0.0779785666673677 -0.175923113077012 -0.0631768905275851
0.303897641672466 0.190739211144186 -0.0855999044888486 -0.0849221284260947
0.170611939904628 0.330772281174964 0.0042594473862066 -0.0462390518155901
-0.0723035946998448 0.427397910454315 -0.0485869805815596 0.0917324076852712
-0.337309258429659 0.307455939896348 -0.167398844384133 0.0845671158794623
-0.422601074003858 0.102441860413977 -0.29923678941219 -0.0255662479086102
-0.407905945568082 0.0113817405471347 -0.0570469827671438 0.12505230008737
-0.37634394911344 0.132438060543313 -0.109274381663067 0.0319308182473484
-0.269485215516948 0.26367382401361 -0.0581964195022167 0.0682351475550896
-0.039673456787151 0.341869037402986 0.00576867059783766 0.0414141519942551
0.166095607213787 0.293118757175255 0.0279588297952443 -0.0154174003169716
0.278621893110627 0.174505696154281 -0.0379936929848559 -0.0606893368714125
0.32205201520953 0.0826425260115954 -0.0801494998300641 -0.0370416236609448
0.360048355870598 0.0367941372841763 -0.0963447984673828 -0.0260185658649094
0.364729986593201 0.046258720861785 -0.0894882436251282 -0.027182149161706
0.393514417437553 0.0839019548594453 -0.0715717856929176 -0.0435997609732071
0.368444847985509 0.209900340453156 -0.0105746529497972 -0.0563841408687943
0.214993831056898 0.370842122813666 0.0398186305164794 -0.0324535966192839
-0.047627015173102 0.476313481609875 -0.00699309606364053 0.0703462755412145
-0.34039113953255 0.373148683107378 -0.0866402281005638 0.051828619528511
-0.460975660514813 0.149903176507829 -0.14592578075759 -0.0496480864276703
-0.425412810382652 0.0299850408720031 0.122760445867417 0.108523091185311
-0.395647820988404 0.16604660355108 -0.0027445000686297 -0.0143797573989534
-0.289520691459419 0.295767115721573 -0.0286793055707055 0.0332571052977427
-0.0504995709189052 0.380084178636155 -0.00420689864411858 0.0716868973454057
0.170436958172451 0.33057691236703 0.0668448656344804 0.0586497505566386
0.295837842511765 0.198751851923224 0.0575873803596312 -0.00130984645684601
0.34233291602631 0.0905428798835839 0.053959053859638 -0.0058858988662482
0.370696144296327 0.0414976371064836 0.0527330754223429 -0.0150714839161769
0.36911163942508 0.0479856184234488 0.0511942709984617 -0.0216625676857366
0.386001119873453 0.08377208129384 0.039108392423832 -0.0284345462162396
0.356196871284125 0.202260882931537 0.0650493509034228 -0.0305572933232455
0.200677161759502 0.344649543279686 0.0700087845251016 -0.0173048877802832
-0.0369176202188256 0.426090335787105 0.0231711774906074 0.0355358961993857
-0.294231179064629 0.35320957635194 -0.010454436410305 -0.000649012867756318
-0.423533642091065 0.160435710200448 0.0154831902256795 -0.0903306381971815
-0.368379390288915 0.0527625239879485 0.298943981705945 0.0838292523291859
-0.331937827549191 0.172748089904574 0.118334564607669 -0.054686054677714
-0.233703868791703 0.265329941500472 0.0151228813332129 0.00199216072916168
-0.0389659818741165 0.329952850863475 -0.00146722288846142 0.0981273233823688
0.14687176473014 0.29394475350484 0.106198669894488 0.129009225564515
0.258813869280534 0.177302761813511 0.155134193720175 0.0617311372612331
0.305599406533116 0.0795843396966114 0.188005291224419 0.0265072160296764
0.325997308146236 0.0416063587518988 0.193001928898083 -0.00125416685056228
0.315266706447321 0.0483492187756551 0.176606718903447 -0.0124826794837203
0.312125177410471 0.0829017427413019 0.130315408727029 -0.00719719129205406
0.269737183727148 0.176503612180583 0.11681456889226 -0.000523294691010006
0.124608981451102 0.273368919291062 0.0817771042955767 0.00378049091403524
-0.0503245133042087 0.296269850866947 0.0361934936564872 0.00480004385269424
-0.21579197908845 0.257451252488381 0.0474481681915945 -0.0453539703390534
-0.322538963755872 0.135045982702979 0.154321938657272 -0.128899885060402
-0.241261628770772 0.0655186719175518 0.434258807425593 0.0529448613405768
-0.193952298680821 0.138020285554138 0.21844091802492 -0.0839182155505151
-0.127167492491464 0.165950910716946 0.059762993022822 -0.0229946036789614
-0.0231443104274464 0.204036823744804 0.00925732544073224 0.10668245114146
0.0933149234031299 0.194528895122155 0.134752329120358 0.173332541527584
0.174107955535407 0.121418149481098 0.234337311892364 0.109095542815888
0.217967407856814 0.0532883150104559 0.29704500971774 0.0508488191600543
0.231145343459086 0.0338869001030601 0.304047005603864 0.0117853994159435
0.219164041273504 0.0437512431159478 0.268906368313008 0.00521974650629716
0.198367060796489 0.077387261553145 0.187981372829687 0.0229609538744573
0.14786447121686 0.136058166319704 0.13365312308992 0.03553256342282
0.0320770884454126 0.17159520274961 0.0698477837043942 0.0278775231277544
-0.0579315161218587 0.136238269837977 0.0356958977844195 -0.0185086494233044
-0.115744445147581 0.136152948685342 0.0877306186026537 -0.0705673844306065
-0.184915894697747 0.0930480505420146 0.254286255037438 -0.151466341429732
-0.0699620058769686 0.0581408262488477 0.502040333306287 0.0196491851742325
-0.0295369278995819 0.0638192466528858 0.27893136413819 -0.107762412144497
-0.0179789124179481 0.0285155706292782 0.0855753168757941 -0.0504694145790293
-0.0206337125587742 0.0520194037713808 0.0137908303936398 0.0951042736617353
0.0179223983285867 0.0717858752816893 0.146643901771992 0.186801592021779
0.0596969446563337 0.0496924348987066 0.281695363381165 0.132336042741545
0.0943202171266855 0.021905379786086 0.362835704837736 0.0597621701471331
0.102410365912896 0.0198692674958773 0.368391791230383 0.0221235238781515
0.0956792477647318 0.028930938465418 0.318422006695175 0.0277608868385749
0.0713618896919933 0.05513776604443 0.211497492462881 0.0581051707195183
0.0329076144584078 0.0756232544568836 0.120612324361248 0.0697075631663497
-0.0310945478500911 0.0578815216387277 0.0414303383186214 0.0434056981404545
-0.032312952198243 -0.00483394650579747 0.0314611794158958 -0.0388457023953177
0.000106931215494726 0.0343707217252962 0.117681497025792 -0.0810684623495334
-0.0311691803388859 0.0561187497897431 0.309650155837834 -0.156791540934539
-0.0721605302318664 -0.0400972924588227 -0.346414445210916 0.115644567823862
-0.0900372016991261 0.00667553457487759 -0.166877510530497 0.111959783445866
-0.040340944303042 0.0724208623578212 -0.047957497266825 0.0699843852687695
0.0303502314601644 0.0506460329381532 0.018608449990154 -0.0274623258946257
0.0470847235251192 0.0157265034369117 -0.0531156955390495 -0.0973200022233132
0.0400313470442157 0.00617208701232815 -0.170277715231194 -0.1016327339557
0.0261888709942019 0.00863286716764274 -0.282976137340136 -0.0829406902616212
0.0404873147143616 0.00472285672109969 -0.346217082972553 -0.0760613634740855
0.0538184544404508 0.0108194754557017 -0.343409209904723 -0.0966371480349271
0.071364704674785 0.0143008952782625 -0.266596221269859 -0.14301541644732
0.0688971002750885 0.0450499089278979 -0.149805815953332 -0.163164558122572
0.0350869539511568 0.100030654034831 -0.0405949762169517 -0.093778417654546
-0.0634543760948491 0.131011588580088 -0.100703430850351 0.0306301514336528
-0.14268777286012 0.0315120591455874 -0.244380616560381 0.0152471739942456
-0.121734254947724 -0.0352209254066318 -0.446306565216206 -0.10254697625755
-0.194327774967379 -0.0432392073002366 -0.305195153561288 0.0962323011958154
-0.188250448349562 0.0276767740250208 -0.189865334161753 0.0800327373678761
-0.120119273247458 0.117906839706677 -0.0671187074506987 0.0780478042080397
-0.00100360648713891 0.1372665430704 0.0215904648040961 -0.00822901219262843
0.0807168034653558 0.10900114997298 -0.0274353974876748 -0.0926515589260488
0.121605352319075 0.0712380314908411 -0.143802328761932 -0.10975870248771
0.136370488589787 0.0478062333240649 -0.248200130530874 -0.0869642655550718
0.169788416299912 0.0347402796415515 -0.302243530201524 -0.0732130340840239
0.182340763040428 0.051193972059371 -0.29909669010247 -0.0825818020502641
0.196266738018921 0.0772733546792134 -0.236280507199529 -0.117190483697804
0.166054725903948 0.149405564122369 -0.125728482351589 -0.136228818778357
0.0672005581143629 0.235395610331812 -0.0226558009485426 -0.0715050772062667
-0.111486182630122 0.27775855728522 -0.0873341485369428 0.0619454913417501
-0.278748408975772 0.144065526174277 -0.218952838790083 0.0410427122739092
-0.294952819658226 0.00287122330082479 -0.386158913725529 -0.0811926908880204
-0.300978944135027 -0.0460867952142586 -0.216046639176718 0.0866995658516899
-0.284046327981775 0.0457242227946217 -0.181413756901974 0.0447075987499543
-0.209463854988309 0.159744932033357 -0.0830972265023714 0.0712840701789964
-0.0467517068781671 0.227002342056206 0.00791277539727817 0.0132369873143366
0.0994407851368246 0.20967701148782 -0.0056847489468715 -0.0646078795972681
0.189202727797841 0.141363215643134 -0.0989989525863284 -0.0931890803289514
0.230816540330366 0.0876049787864798 -0.17752297679988 -0.0728068001725827
0.274863928623766 0.0603000559404117 -0.211339207210347 -0.0596673059993795
0.284280991791691 0.0759107686644296 -0.209206267510361 -0.0613615280347608
0.301491385561484 0.112589641723116 -0.168407021145706 -0.0850760524948787
0.26258782329787 0.217863283011086 -0.0806894002199101 -0.102654404560971
0.120072789458241 0.336470956630674 0.00290788793567459 -0.0540485889410406
-0.117139525764602 0.397923179281576 -0.0512890875808455 0.0700666976899774
-0.353434039757533 0.253304836196897 -0.156522478671709 0.0469757260738417
-0.41409202790742 0.0526779698074746 -0.271188869825931 -0.0702542210339782
-0.376319083998402 -0.0416675035703069 -0.0786866090809603 0.0852189141054864
-0.36085493509393 0.071276464847845 -0.122790297151116 0.00902265141413082
-0.283476013877279 0.206875494051696 -0.0801991141523048 0.0472023727171088
-0.086202018878415 0.308588924231267 -0.0123734151610209 0.0363649646350763
0.110013399950049 0.296151658511271 0.015089621642393 -0.0107314572230845
0.235547386170488 0.1989731079628 -0.0339089514087111 -0.0482326869097974
0.293175484661829 0.116012230419095 -0.0749639450005703 -0.040852520999507
0.338151867396162 0.0774203950401365 -0.0864358093579907 -0.0376689600707952
0.341008082257689 0.0876141839533818 -0.0859416376031447 -0.0402252888108032
0.359499182969701 0.125815044773695 -0.0729083691881126 -0.0560266733601418
0.323480212761397 0.244593608154537 -0.0151016608918546 -0.0689336087518248
0.158370711933354 0.378926550914047 0.0341680010759916 -0.0378521354569667
-0.0980833739504456 0.446233244582947 -0.00934149788076097 0.053918121482567
-0.365388648107419 0.31567942166404 -0.074179575223698 0.0225404754298481
-0.458928284470226 0.0921878568307598 -0.117707909499109 -0.0780952879903487
-0.394381334887067 -0.0249562955801767 0.0872037759482122 0.0875850539356894
-0.385393567302163 0.0997786828913009 -0.0198830454109521 -0.0232146460192574
-0.305957804294692 0.234663311839032 -0.0521643637725974 0.0170891751721972
-0.100342593400668 0.343684738007104 -0.026589101069118 0.0624539405718384
0.109141359934421 0.333064951655527 0.0406118674335039 0.0621798593363463
0.246494037009655 0.222869792902619 0.0472107542575394 0.0180438472708308
0.311151413646411 0.124849743368166 0.0463246722632669 0.0024627226534941
0.349059380413309 0.0826742498599667 0.0532591277394954 -0.0108058989178047
0.343797685176656 0.0889479050875861 0.0474055787556928 -0.0199440426834834
0.352021906274247 0.123703670816244 0.0305434194517757 -0.0287379052203703
0.311041018597902 0.233382067009024 0.0541132003337915 -0.0350714989290793
0.147869589511762 0.352938058256461 0.0611392756902863 -0.0182326475390338
-0.0837081299366134 0.399916346890275 0.0226986988926103 0.0270234854686859
-0.319319684798873 0.301694700748012 0.00270952950430811 -0.0175650580485961
-0.424417090796294 0.105969907613241 0.0413962107868027 -0.0992326455755145
-0.344852950881611 0.00154033874801873 0.253073918152589 0.0882607272920649
-0.327758025658333 0.114160203215606 0.0985602929722544 -0.0456987533926344
-0.252605335369189 0.212728640611521 -0.00545075851607892 -0.00436990867964062
-0.084133452617109 0.298914917093906 -0.0250597682679147 0.087718046241466
0.0924302224056082 0.295602381799838 0.0709114635053866 0.132377248048494
0.214513615191653 0.199412302161499 0.131767544876789 0.0858997515976356
0.278035035893955 0.109407558990179 0.168173240959082 0.0462915877883405
0.305662053646167 0.0768018300254151 0.184526546804548 0.0173265972944125
0.2929358798397 0.0829734340328272 0.165815951804543 0.00326648762736949
0.283350809966641 0.114475246136442 0.116872984725306 0.0019249526511558
0.232407910885643 0.197329243883869 0.102251490134217 0.00177086853724065
0.0844497375610751 0.27334922542018 0.0724437275721425 0.00526379846876002
-0.0821213061707618 0.275483366796762 0.0375814274014941 0.00258523029327955
-0.234556837887933 0.21895543300183 0.0607987757648179 -0.0490340053127876
-0.325904753425359 0.0924071346070467 0.176569336356608 -0.118648930328069
-0.230774740422875 0.029553572815859 0.384522183140637 0.0814003709548274
-0.196517207187888 0.102027841129175 0.200723038736385 -0.0594373864490591
-0.140201476954167 0.13655156672924 0.0457508246313787 -0.0188880444194197
-0.0515863557954426 0.185688596991117 -0.0111213483280333 0.098088899139549
0.0574136999177625 0.195202772019469 0.097362033365041 0.176550847236462
0.143786516468244 0.136662088068687 0.200869070364785 0.13541073976569
0.197979420333149 0.0743466978800494 0.27004863867711 0.0792100374748239
0.216597185041003 0.0581930183922965 0.286746222500455 0.0427010890379448
0.202189197760833 0.0669829581520076 0.252872538768376 0.0311344501473169
0.175385450816289 0.0952948370367599 0.171947869087083 0.0396769455809804
0.121857954571863 0.143987351603271 0.117829659267069 0.0422590859075123
0.00941047112548611 0.16526368641387 0.0619147307066508 0.0298702522002521
-0.0713708751019959 0.123854120190734 0.0379714185520153 -0.014984706103688
-0.126094508470929 0.115598104135506 0.0982989191629727 -0.062971929978023
-0.190453799712908 0.0667332477376911 0.270670167402081 -0.125330390804451
-0.0727811764676794 0.0441438398155564 0.456913217968307 0.0676343192205193
-0.0365508641039296 0.0553921140424729 0.267795126046866 -0.0709248913825538
-0.0220187175137589 0.0250177985053246 0.0830313394349086 -0.0383181066417925
-0.0267809035961578 0.0454555817399608 0.00080404296628016 0.0893161897286061
0.00635303193652609 0.0699413694123287 0.111655709869911 0.189520631401041
0.0455344218149548 0.0549999103153635 0.245542807044192 0.156408796355619
0.084843448334151 0.0291419994479607 0.331621250119311 0.0943759469119961
0.0956048722927777 0.0298763318214264 0.345487898141496 0.0603122204018034
0.0863403430737653 0.0376723579690412 0.29928102676907 0.0596064530467266
0.0598597596790926 0.0595429193850912 0.19253099787595 0.0763435598358531
0.0211142902508202 0.0739319715375626 0.105045787036002 0.0767877444779113
-0.0361734521863598 0.0508382829358821 0.0344703136606585 0.0442355934588173
-0.0312082869884019 -0.00680851089185454 0.0342098826788422 -0.0322861447720931
-0.00560002873258151 0.0316667845453077 0.122726901340111 -0.0649592213891506
-0.0395830862125253 0.0479048069984146 0.319356964215378 -0.119847311783925
-0.068025204927727 -0.0402536729902467 -0.338575231168535 0.105163934487109
-0.0860738821533661 0.00405415459908249 -0.163473112280497 0.106749364399567
-0.03905460269682 0.0681090547699172 -0.0465639788799472 0.0672722887915701
0.0282688954207932 0.0491156396072526 0.0190510265720159 -0.0269821526850514
0.044439907291575 0.0157468251215367 -0.0482541000228957 -0.09589891545189
0.03877359332667 0.00608281075543159 -0.160077560340436 -0.101108668257329
0.0258079085903943 0.00976000864482535 -0.271582595199984 -0.0850477180474499
0.0394541420043393 0.00511250400246385 -0.33537644241375 -0.0775206700182979
0.0520737045973136 0.0102889065095966 -0.331052359285743 -0.0992444873310365
0.0688106664428494 0.0145523475768092 -0.255545528107225 -0.143448709939469
0.066151851811306 0.0450357771455385 -0.141454862713188 -0.161589244227115
0.0311294943037686 0.0977786282014079 -0.0377664509875235 -0.0922457733029055
-0.0643889082951323 0.123850828338185 -0.0978390374358249 0.0265860495038764
-0.138647399579349 0.0277174813068747 -0.237260564921419 0.00612396872425752
-0.116488703295228 -0.0357338652527325 -0.430294238217616 -0.106700513415547
-0.186341305657221 -0.0463781513120182 -0.299008082441916 0.0877639122992315
-0.180958827362927 0.0216626148899448 -0.186763632412057 0.0759081643383501
-0.118258543876223 0.110230000031825 -0.0659283038381932 0.073522613768174
-0.00392617067178533 0.131446871720451 0.0219675350625081 -0.00776277610913329
0.0749054634413561 0.105733367296651 -0.0231981823948561 -0.0907911960257291
0.115584608850638 0.0705844577909544 -0.135129110072355 -0.108765265978494
0.131241051263926 0.0502064701264555 -0.237594294637217 -0.0881479944607246
0.164457493115525 0.03712979904813 -0.292866872303969 -0.074343394786642
0.176306960367797 0.052871788154025 -0.288202102673184 -0.0847187220854119
0.188857871751115 0.0777236753310342 -0.227097795117932 -0.117076113826873
0.158526536928309 0.147180132978147 -0.119632865160467 -0.135359489924119
0.0595959926061471 0.22917169948889 -0.0212032030177512 -0.0703347132467213
-0.115052481014547 0.266267177638518 -0.0844551715037692 0.0587452686655759
-0.273159750890122 0.133594315256445 -0.212951304298308 0.0329074404507773
-0.285744379298998 -0.0030794411508732 -0.370618567951691 -0.0858171884292697
-0.289456082969073 -0.0520019772790187 -0.212098997432571 0.0796245058212259
-0.27345731652953 0.0363985008190328 -0.176871937278025 0.0419729974002084
-0.206109530952484 0.149303782271928 -0.0819478976836412 0.0661754718106286
-0.0498957534881064 0.21697001351045 0.00841158390146857 0.013052469378904
0.0911104992709716 0.203499686634788 -0.00284083125637128 -0.062981201467183
0.179582170972268 0.139877497028522 -0.092881536839352 -0.0914196680966309
0.221072967572532 0.0892429320257669 -0.168706980684895 -0.0728320721899553
0.265913932186788 0.0628072313798147 -0.204792830884209 -0.0596326181908482
0.274785754667701 0.078179011789028 -0.201798484178184 -0.0619104085866465
0.289704474058414 0.113206300758048 -0.16276851021318 -0.0843010231927369
0.250569804391781 0.215044604872201 -0.0775729349817909 -0.101779558707958
0.108613509504059 0.327093720284508 0.0033000497420616 -0.052898168272965
-0.122097011433854 0.381262326301511 -0.0496587902604224 0.0686741123403267
-0.349407381730437 0.23809780696884 -0.151878957305784 0.0398171341651687
-0.402347815208048 0.0431086361058832 -0.257296931032166 -0.071738770742043
-0.361336457568135 -0.0493203234420607 -0.0802135659817808 0.0818959176833875
-0.348721388674986 0.0599492359816149 -0.120884907937372 0.00857698668526777
-0.27900967667926 0.193253096313011 -0.0789650286247682 0.0424499956356581
-0.0890793474099469 0.295350852270999 -0.0121064642359334 0.0348874879556174
0.100122298178379 0.286921421176837 0.016678700722813 -0.00971573148122433
0.22226992567064 0.196581278936824 -0.0324594210312245 -0.0463571527775181
0.281395598350664 0.11791421519623 -0.0711622733396171 -0.040397798810797
0.326623151592314 0.0801185286021652 -0.0842978070833935 -0.0371910532535634
0.330433528472635 0.0908700446951288 -0.0826657167231065 -0.0400588604547299
0.345432374201892 0.126453086017033 -0.0702750241335985 -0.0534978641122908
0.307637707704494 0.240442296705299 -0.0154416598427281 -0.0673181574535606
0.14572304507027 0.36951970363268 0.0325834289104023 -0.0364508198475452
-0.106309770815901 0.430396050215293 -0.00974967914694931 0.0547657010422387
-0.361933220631212 0.298551920573143 -0.070519953854243 0.0190973581465012
-0.446441207173991 0.0803954132425741 -0.107937580880219 -0.0773919446485994
-0.379993368655018 -0.0337337083268557 0.0807086957096628 0.0878414126366579
-0.3722610440797 0.0866535399186237 -0.0206178712954545 -0.0207972679453537
-0.303006719956733 0.220626858951137 -0.0517972477469813 0.0135701610564243
-0.104271840547678 0.329211991500769 -0.0265715081106308 0.0608084635117055
0.0996557319308249 0.323363932036313 0.0402849519909596 0.0616008751158157
0.233120646349127 0.220438741739617 0.0442354982270821 0.0186358695571172
0.298616842463619 0.126213080174465 0.0449670362642061 0.00303044034642395
0.337111004195126 0.0853887614045293 0.0507271719914945 -0.0096237318241978
0.332258478745101 0.0919310899668752 0.046197437474804 -0.0183807918029814
0.337613029063797 0.123711604611926 0.0289850357549771 -0.0251032248329451
0.297866030612503 0.228073820799052 0.0497072863456474 -0.0332415706604128
0.136113099080549 0.342035485576395 0.0579848698603169 -0.0167866170327223
-0.0909146070556265 0.385464908991629 0.0215901265367917 0.0291955348188959
-0.315456262495325 0.284744321186725 0.00535582966273451 -0.0171119317528494
-0.412106770069727 0.0944911067524026 0.0461003518138083 -0.0952020435897525
-0.333460045745713 -0.00795314777216838 0.241378826654392 0.0904349305537448
-0.318475486846587 0.102521584065954 0.094790309308509 -0.0407620220391519
-0.251047836373717 0.201084903161568 -0.00605825794562421 -0.00617670741444801
-0.0876849920243939 0.286651403299227 -0.0257888636663549 0.0853320567886912
0.0839948209805105 0.286900808093552 0.0676742729824981 0.130299696765353
0.203663445697152 0.197806078531251 0.123908601555513 0.0859452601445389
0.26598790225396 0.11068666080205 0.16125402856658 0.0470032013066068
0.294800406038979 0.0788212406324627 0.177183113145392 0.0181524558000164
0.283144490781569 0.084917098091296 0.160551745758556 0.00506508659715222
0.270701074338645 0.113719860412018 0.112436520489246 0.00601682119699223
0.21992534192744 0.193110967596079 0.0961366674501136 0.0034080155740054
0.0763366720575935 0.264195943636828 0.0692019843088411 0.00653561984246283
-0.0861160497869005 0.266213096100691 0.0362198574198915 0.0060598413972576
-0.231900071130551 0.20757118420047 0.0622152248620567 -0.0459353476930816
-0.318628525659172 0.0823595592457329 0.176436625454894 -0.111687629971761
-0.224158950725856 0.0219879847113331 0.368683847748751 0.0868637777060326
-0.193046681411113 0.0935798661661851 0.194468815037477 -0.0530167885629858
-0.141149833154238 0.130052624017862 0.0435373454898726 -0.0192921739047151
-0.0539169204759369 0.177940837494722 -0.0123721483303146 0.0962254593361972
0.0525600975424004 0.190541235495178 0.09180832869695 0.173728379436081
0.135718383962544 0.135534222708259 0.189911244444872 0.134922957073095
0.189051893821247 0.0752413094431355 0.257939755822086 0.0810527588195106
0.208960673409114 0.0597080923432631 0.276918117488536 0.0434938826919655
0.195119811567721 0.0678562809266918 0.244638638761541 0.0329263953617424
0.167735059995995 0.0946910277438485 0.164682471103735 0.041837149101256
0.114920434590727 0.140054758539277 0.111141340848639 0.0422346550337613
0.0068150867723476 0.159273205586599 0.0580143554578701 0.0296654085612476
-0.0716915839946709 0.11944879906767 0.0364795373098804 -0.0118480234357011
-0.124369125883518 0.109079662639325 0.0989624764891709 -0.0578972393812515
-0.186454022977191 0.0594530588624093 0.266592053443983 -0.115866880492961
-0.0722283052827109 0.0398879384849724 0.438804394024282 0.0745859675458985
-0.0364737617179518 0.0530524871308547 0.25985131640004 -0.0634810158024046
-0.0230941726222625 0.0246544542837049 0.0804716853549052 -0.0352832382575627
-0.02676531154513 0.0435568297339708 -0.000487171382191364 0.0876695635481447
0.00512929252346115 0.067845067312848 0.105507389581518 0.186586547968542
0.0428805208558052 0.0549641330097311 0.233025506228612 0.156405468386192
0.0805489595484187 0.029462844634898 0.318211686601985 0.0963754289962535
0.0921469604519443 0.0303269770172546 0.334057842724024 0.061282060232387
0.0839766300689947 0.0382205871188531 0.288261807920822 0.0608657921369999
0.056131171989251 0.0585216561857942 0.184540383941074 0.0772204890212057
0.019057627014542 0.0712141876126195 0.0986733667764176 0.0761397262280982
-0.0356811547732145 0.0478985443433031 0.0316975767845191 0.0433948116390443
-0.0307313014842838 -0.00574597255684624 0.0323960448287266 -0.0293582115893991
-0.00663699149030798 0.0302536773892569 0.121941536321397 -0.0599214253852701
-0.0404926891822008 0.0443443802777066 0.312046509400226 -0.110774640139394
-0.0660252505599114 -0.0424459580817653 -0.344977232519773 0.0948245965334029
-0.0856420520257203 0.000751125702346118 -0.168170288981772 0.103107252216104
-0.0404940935058918 0.0655684705489766 -0.0482849031171586 0.0667757713956509
0.0262732783697006 0.0491967098937888 0.0203850277164412 -0.0271237761106219
0.0436406972379594 0.0168428425232019 -0.0442003833071743 -0.0985927485240253
0.0385851883218388 0.00639313722088602 -0.155509728617843 -0.106371633342274
0.0264937915556797 0.0113485130278203 -0.26902678120983 -0.0921648400137081
0.0403956264073705 0.00712852451062676 -0.336394765072499 -0.0847279774330819
0.0517295545946563 0.012006747662364 -0.330627874183848 -0.108222188503232
0.0692519081470838 0.0167081370192174 -0.253151381424006 -0.151027046755079
0.0647952969483786 0.0475194568457477 -0.13771839949993 -0.167047356670837
0.0276639541259198 0.0995593539565595 -0.0354281598543994 -0.0955257967402713
-0.0694705987022099 0.121833458553568 -0.0983131251587769 0.022911078330062
-0.1408843884223 0.0231583774212585 -0.240455492515477 -0.00497582233001107
-0.11584419007266 -0.0384856705808044 -0.426357379108838 -0.120145074420114
-0.184538549844533 -0.0524323695880775 -0.304457749567021 0.0781540182898638
-0.181391114785552 0.0147399092617705 -0.190355377790775 0.0717363599912378
-0.121826170947789 0.105655079932758 -0.0677209132117343 0.071828412310467
-0.00830428067751304 0.13061993680679 0.0225537956787611 -0.00811784464331973
0.0709020415326446 0.108090588239587 -0.0190978719196971 -0.092485688742102
0.113408137305483 0.0733699540022087 -0.130743674919802 -0.112546703553679
0.130992314148099 0.0549728633571126 -0.235363443630587 -0.0942285732924157
0.165235196490695 0.0427215009417712 -0.293474815359727 -0.07976178062595
0.175843172043999 0.0571326748104211 -0.287913647027136 -0.0918427431327588
0.187139107399002 0.0832036063495732 -0.225960803477921 -0.122708623612316
0.154295035511607 0.15238509941328 -0.117381386950201 -0.139480463950011
0.0515678855013187 0.232229601949256 -0.0196330741284999 -0.0722859853121458
-0.125952092946549 0.263772843442581 -0.0860546472090623 0.056442680639546
-0.280264882836804 0.125868115396443 -0.215187568668182 0.023645475056385
-0.286504661659146 -0.0115874471576947 -0.366588200875301 -0.0956641074490608
-0.288329101749155 -0.061446162085122 -0.217511998330987 0.0737610449288471
-0.275210914824235 0.0257854805139729 -0.180577015146696 0.0377438794841988
-0.211522511580776 0.141556664392995 -0.0847408414922962 0.063029560219795
-0.0570822821871902 0.214702038646087 0.00814939457508929 0.0134210337318066
0.0844159616258422 0.206176985310222 0.00115940219100659 -0.063439007154842
0.175061617638038 0.145330337134499 -0.0896740927579254 -0.0942024573696783
0.22004544606723 0.0979700608316901 -0.167249559407833 -0.0774852807572875
0.266743195001354 0.0709050805772617 -0.205346500199989 -0.0634548124325732
0.274944675271562 0.0864667219699328 -0.200833922795337 -0.0676556860596949
0.287099373258899 0.121602953626595 -0.16143905428669 -0.0873012923840908
0.245606915688503 0.222059791266738 -0.0764511918524774 -0.104747427242645
0.0979232921421482 0.332520710910754 0.00397167324568533 -0.0541004497168824
-0.137747075602847 0.380564292715144 -0.0504120894048537 0.0683120933518914
-0.359873131529458 0.227731105172207 -0.153102420442651 0.0331030892498534
-0.406206499210556 0.0307718726527168 -0.253054093654388 -0.0800393954364016
-0.361327525627661 -0.0634315594339229 -0.0843717321743809 0.0799570129268853
-0.352032277852403 0.0480028713952466 -0.122879532955875 0.00700723019556502
-0.287704094670986 0.183819352967128 -0.081638347363277 0.0383330663073845
-0.0997700565744502 0.292324401360142 -0.0130028073768999 0.0348746001932565
0.0916578491029474 0.290568433961183 0.019456460295138 -0.00963090878908154
0.216813444660715 0.204567941613979 -0.0311527421453221 -0.0477133394655497
0.279327863330994 0.127931430941735 -0.0700255445156317 -0.042248607035614
0.327387729146745 0.0895695213759705 -0.0846013942663234 -0.0383328428215717
0.330894435587198 0.100370500674763 -0.0818756205146827 -0.0428545147465839
0.342558958921136 0.135678424010244 -0.0696810938051273 -0.0534553071602295
0.302119691659322 0.248322420071563 -0.0155609297249871 -0.0685882864538199
0.133610638200825 0.373818838600877 0.032581396092658 -0.0355988219142872
-0.121066796103075 0.430581890946799 -0.0101798493203958 0.0566359079941366
-0.373255402751164 0.288180548847669 -0.0704900133874155 0.0153688490946484
-0.450911785487947 0.0672939315966277 -0.102419472179778 -0.0805538420164808
-0.381123111262344 -0.0488949243017991 0.0767546122247197 0.0909772093396478
-0.377364320041977 0.0723797928697873 -0.021895401997368 -0.0193580081199417
-0.313387691576703 0.211214484018359 -0.0536263906974599 0.0108100930543775
-0.11534485021028 0.326227046543096 -0.0283014574613122 0.0603286886917046
0.0893569749855739 0.327989466910903 0.0401648207399342 0.063248608811861
0.226993487951898 0.229760107181029 0.042928011104457 0.0208695251915628
0.29580843034012 0.136771268596572 0.0452424151959874 0.00492713534888458
0.336479643659724 0.095090233378371 0.0505985340887188 -0.00830368827780228
0.333064373360906 0.100985770229272 0.0468734163169998 -0.0178433631601283
0.334842288219844 0.133021342745395 0.0297856252412812 -0.0223356758140817
0.29059736559879 0.236410859550634 0.0486184282452064 -0.0319216145502648
0.125297159317867 0.346371125681262 0.058593830496287 -0.0152886412617309
-0.103830429883111 0.386624837614801 0.0220342478647385 0.0323060268730335
-0.327095557317808 0.276610131958784 0.00772016235508807 -0.0180897826740549
-0.418145384056217 0.0814420975096753 0.0525610515144358 -0.0948553631061935
-0.335496197404708 -0.0207272346646679 0.237995896869303 0.0992632676115387
-0.322604542257194 0.090923399955133 0.0946338384851815 -0.0361378931632307
-0.261170278881562 0.194532718610494 -0.0073199861513581 -0.00794124235605318
-0.0985024966479033 0.285244628884335 -0.0283068844414301 0.0862349123283206
0.075999633459346 0.291862874237315 0.0656101860149951 0.133156997451433
0.197984810238774 0.206603966440821 0.120518292621637 0.0905937010374212
0.262389658344955 0.119145490227154 0.160234673973314 0.0524335697585164
0.294857406146225 0.0873549746044825 0.177084801388165 0.0224692668899263
0.283425656036386 0.093238553688393 0.161227360356369 0.00880800878432199
0.267324172139688 0.121171238637575 0.112495641995448 0.0107755392167566
0.21507762157491 0.197549562221744 0.0935655674540948 0.00628266438099115
0.0688167649645476 0.266055460709635 0.0683343918550482 0.00886585898807349
-0.0945578830134284 0.265161504354859 0.0368048680960765 0.00930409390409014
-0.239137027271155 0.200533216539454 0.0659744610022017 -0.0447549054907765
-0.322651493081563 0.0707237247124026 0.183419892642648 -0.107173423896766
-0.226757073503481 0.0130552441889512 0.36623592926039 0.0991571814055541
-0.197417210048164 0.0867978284942854 0.195480818388127 -0.04528442010452
-0.148176769793 0.126720051313567 0.0431139756769796 -0.0187430705062382
-0.0605101283656805 0.177155165249188 -0.0146916322295907 0.0978773514196089
0.0471925510521929 0.193374331966665 0.0878805405571966 0.17776353138286
0.132688605617346 0.142432664108341 0.184994879993378 0.142595169740097
0.186907497707396 0.0806575373894823 0.255898936688684 0.0890928233841208
0.208792452113223 0.0654343066945955 0.276749755220995 0.0496595459955118
0.195288651965044 0.0734387234805658 0.243927679391142 0.0385834267613919
0.165157206006648 0.0996336100377152 0.163577039945158 0.047568913543596
0.110949981047695 0.142131627531669 0.10828135524017 0.0462089306450185
0.00165876807514951 0.158527018509828 0.0565641957061691 0.0314760385045317
-0.0764985371412761 0.118684534288407 0.0369740407108526 -0.00868725526202205
-0.128648318444295 0.10518407208168 0.103043312313192 -0.055535288654225
-0.190043906666414 0.052460654582793 0.27265366773395 -0.109744756480074
-0.0747566700422244 0.0366702242794845 0.439036557211221 0.0886565821904724
-0.039102064244773 0.0519570534313944 0.261879852958465 -0.0546237150033706
-0.0252529874882646 0.0249034651858735 0.0812238915121439 -0.0331499004463671
-0.0285404781949355 0.0423094398009669 -0.00239423118510994 0.0900075435793514
0.00368748466737235 0.0684539497273736 0.101087236300909 0.191853928820801
0.0422839884097921 0.0575460869100327 0.228236790696796 0.164957150477001
0.078836325438249 0.0314535536378038 0.315515024866662 0.106547131068426
0.0914519497627325 0.0329905702471223 0.333894269395267 0.0689444175768285
0.0834546687836196 0.0406476865357019 0.287742762996649 0.0671885913235924
0.0545744467346993 0.0612319155898531 0.182947796668965 0.0824779764431074
0.0169514406453875 0.0716359327189728 0.0951934667642671 0.0798509797123745
-0.0373010433798954 0.0468735731755772 0.0301202234084775 0.0439667288163772
-0.0304572643539333 -0.00572209788493061 0.0320966507691738 -0.0273798026355601
-0.0078706535839956 0.0301057782242637 0.126961347812771 -0.056147359114901
-0.0432128702175845 0.0419248843653919 0.317597159807518 -0.102547685951552
