TRXV5
3
4
4
9
string Extension=J
integer IsArchMeasurement=1
integer IsSpherical=1
string Generator=SPM
string GeneratorVersion=1.3.1 Dev
double ArchRadius=0.449999988079071
integer FrequencyAxisIndex=0
integer AzimuthAxisIndex=1
integer ElevationAxisIndex=2
Frequency
5 136 690000000 960000000 LIN
Azimuth
7 8 0 2.74889357189107 LIN
Elevation
7 15 -2.74889357189107 2.74889357189107 LIN
Polar H Real Part
13
Polar H Imaginary Part
14
Polar V Real Part
13
Polar V Imaginary Part
14
Polar H Magnitude (dB)
12 0xC0000002 0 1
Polar H Phase
7 0xC0000003 0 1
Polar V Magnitude (dB)
12 0xC0000002 2 3
Polar V Phase
7 0xC0000003 2 3
0.00535392761230469 0.00342988967895508 -0.0688705444335938 -0.0899276733398437
-0.00291061401367188 -0.00916385650634766 -0.0251731872558594 -0.0354270935058594
-0.0132732391357422 -0.00092601776123047 0.0312271118164062 -0.00502777099609375
-0.00640869140625 0.00926017761230469 0.0693359375 -0.0307884216308594
0.00264501571655273 0.00704622268676758 0.0683059692382813 -0.0615692138671875
0.00284218788146973 0.00194382667541504 0.0442962646484375 -0.0936279296875
0.00131988525390625 -0.00687265396118164 0.00992584228515625 -0.100257873535156
-0.000696659088134765 -0.00622129440307617 -0.014556884765625 -0.080352783203125
-0.000926494598388672 -0.0054478645324707 -0.0243759155273438 -0.0566940307617188
0.00399303436279297 -0.0045313835144043 -0.0265998840332031 -0.0390434265136719
0.00386428833007813 0.000685930252075195 -0.0417137145996094 -0.0212974548339844
-0.00629472732543945 0.00470876693725586 -0.0477714538574219 -0.0110435485839844
-0.0135917663574219 -0.00768852233886719 -0.0648422241210937 -0.0100898742675781
-0.00086212158203125 -0.0162830352783203 -0.0976333618164063 -0.00239562988281252
0.00136852264404297 -0.008514404296875 -0.104255676269531 0.000457763671874987
0.0417442321777344 0.0296211242675781 -0.0543594360351563 -0.0852813720703125
0.03564453125 0.0124320983886719 -0.0106163024902344 -0.0293369293212891
0.0224075317382813 0.00911521911621094 0.0392684936523438 -0.00470733642578125
0.0272674560546875 0.00770187377929688 0.0753326416015625 -0.0296707153320313
0.0294246673583984 -0.00535202026367188 0.0709152221679688 -0.0583114624023438
0.0216712951660156 -0.0245189666748047 0.0455245971679688 -0.0919570922851563
0.0083160400390625 -0.037506103515625 0.00974273681640625 -0.09222412109375
0.00564002990722657 -0.0342292785644531 -0.0157585144042969 -0.0699234008789063
0.00465774536132813 -0.0376815795898438 -0.0267448425292969 -0.0463905334472656
0.014739990234375 -0.0365867614746094 -0.0308074951171875 -0.032470703125
0.0234909057617188 -0.0234737396240234 -0.0449600219726563 -0.0152816772460938
0.0218868255615234 -0.0138397216796875 -0.0470123291015625 -0.00809860229492188
0.0207786560058594 -0.0100879669189453 -0.063140869140625 -0.00566101074218749
0.0356292724609375 -0.00685882568359375 -0.0876693725585938 0.00358581542968751
0.0397491455078125 0.006317138671875 -0.092864990234375 0.00762939453125001
0.07183837890625 0.052032470703125 -0.0301284790039062 -0.0708847045898438
0.0699615478515625 0.0335845947265625 0.010798454284668 -0.0158462524414062
0.0576515197753906 0.0184173583984375 0.0494041442871094 -0.000873565673828124
0.0604057312011719 0.00483322143554687 0.07891845703125 -0.0257949829101563
0.0542488098144531 -0.0176849365234375 0.0684890747070313 -0.0524177551269531
0.0381546020507813 -0.0489883422851563 0.0419692993164063 -0.0820388793945313
0.0149879455566406 -0.0619773864746094 0.00746917724609374 -0.0737686157226563
0.0107688903808594 -0.0570068359375 -0.0158271789550781 -0.0495223999023438
0.007965087890625 -0.0637550354003906 -0.0252799987792969 -0.0259876251220703
0.0210075378417969 -0.0642471313476563 -0.0326442718505859 -0.01568603515625
0.03802490234375 -0.0467491149902344 -0.0468063354492188 -0.00314712524414062
0.0442962646484375 -0.0324249267578125 -0.0474472045898438 -0.00228500366210937
0.051361083984375 -0.0151786804199219 -0.0598030090332031 -0.00378036499023438
0.0682907104492188 0.0003204345703125 -0.0699653625488281 0.00786590576171874
0.0717849731445313 0.0193252563476563 -0.0698623657226563 0.01806640625
0.0909347534179688 0.0659637451171875 0.00111007690429688 -0.0520896911621094
0.096099853515625 0.0482330322265625 0.0355949401855469 0.000408172607421878
0.0860366821289063 0.0226287841796875 0.0592575073242188 0.00484848022460938
0.0862808227539063 -0.0018463134765625 0.077728271484375 -0.0193405151367188
0.0714340209960938 -0.0306472778320313 0.0611228942871094 -0.042022705078125
0.0472450256347656 -0.0675163269042969 0.0336074829101563 -0.064178466796875
0.0166091918945313 -0.0779647827148438 0.0054168701171875 -0.0472412109375
0.0132598876953125 -0.0705795288085938 -0.0135135650634766 -0.0213279724121094
0.00968933105468751 -0.080078125 -0.0210094451904297 -0.000158309936523444
0.0245513916015625 -0.0812911987304687 -0.0319271087646484 0.00566864013671874
0.0471267700195312 -0.0624046325683594 -0.0454254150390625 0.013763427734375
0.061187744140625 -0.0460357666015625 -0.0464668273925781 0.00469207763671875
0.0751190185546875 -0.0171585083007813 -0.0545120239257812 -0.00258636474609375
0.0918502807617188 0.0081787109375 -0.0459136962890625 0.00851821899414061
0.0931015014648438 0.0315399169921875 -0.0378341674804687 0.0311622619628906
0.095794677734375 0.0688323974609375 0.0352439880371094 -0.032684326171875
0.10797119140625 0.0530014038085937 0.0615158081054688 0.0132789611816406
0.0995254516601563 0.0213470458984375 0.0648880004882813 0.00867462158203125
0.09619140625 -0.00997161865234375 0.0718307495117188 -0.0108413696289063
0.0758743286132813 -0.041107177734375 0.0507583618164063 -0.0264244079589844
0.0461502075195313 -0.0772552490234375 0.0251121520996094 -0.0389251708984375
0.014801025390625 -0.0820999145507813 0.00435829162597657 -0.014434814453125
0.0130996704101563 -0.07354736328125 -0.00881290435791016 0.0100736618041992
0.0108566284179687 -0.083740234375 -0.0162887573242188 0.0286540985107422
0.0269241333007812 -0.085235595703125 -0.0310478210449219 0.0303630828857422
0.0524635314941406 -0.066009521484375 -0.0441093444824219 0.0303955078125
0.0705413818359375 -0.0494232177734375 -0.0449905395507813 0.0126457214355469
0.0883026123046875 -0.013092041015625 -0.0453910827636719 -0.00276565551757812
0.101570129394531 0.0188751220703125 -0.0178546905517578 0.0106258392333984
0.0972900390625 0.0428009033203125 -0.00355911254882812 0.0470504760742187
0.0840225219726563 0.0609207153320313 0.0667915344238281 -0.0173492431640625
0.10223388671875 0.0482559204101563 0.0829849243164063 0.0191879272460938
0.0943069458007813 0.0151214599609375 0.0684089660644531 0.00923919677734375
0.089324951171875 -0.0154647827148437 0.0627403259277344 -0.002655029296875
0.065948486328125 -0.0445480346679688 0.0405654907226563 -0.00931930541992188
0.0357742309570313 -0.0746307373046875 0.0185470581054688 -0.011322021484375
0.00896453857421874 -0.0732650756835938 0.00568962097167969 0.0170698165893555
0.0100822448730469 -0.0647392272949219 -0.0030059814453125 0.0394477844238281
0.0099639892578125 -0.0752182006835938 -0.0121078491210938 0.0558624267578125
0.0268707275390625 -0.0764617919921875 -0.0312156677246094 0.0537567138671875
0.0533943176269531 -0.0580253601074219 -0.0457267761230469 0.045806884765625
0.0723114013671875 -0.042022705078125 -0.0445671081542969 0.0200653076171875
0.08819580078125 -0.00225830078125 -0.0353965759277344 -0.0010223388671875
0.096343994140625 0.0300369262695313 0.00874805450439454 0.015955924987793
0.0859756469726563 0.0501022338867188 0.0287246704101563 0.0658111572265625
0.0595703125 0.044952392578125 0.09112548828125 -0.0098724365234375
0.0807876586914063 0.0371170043945313 0.0967636108398437 0.0168380737304688
0.0741958618164063 0.00732421875 0.067230224609375 0.0058441162109375
0.0668258666992188 -0.0176811218261719 0.0529365539550781 0.00471878051757812
0.0454788208007813 -0.0388984680175781 0.033050537109375 0.00671005249023437
0.0194091796875 -0.0596961975097656 0.0155735015869141 0.0140142440795898
0.00222015380859375 -0.0530319213867188 0.0103874206542969 0.0434150695800781
0.00505447387695312 -0.0462417602539063 0.00315475463867187 0.0640373229980469
0.00701141357421874 -0.0550460815429688 -0.0107879638671875 0.0779495239257813
0.0219039916992188 -0.0574569702148437 -0.0358810424804688 0.0725936889648437
0.0456352233886719 -0.0420455932617188 -0.0499496459960937 0.0570526123046875
0.0623092651367188 -0.0273628234863281 -0.0462875366210937 0.0264396667480469
0.0729827880859375 0.00919342041015625 -0.0284099578857422 0.00338554382324219
0.075286865234375 0.0369949340820312 0.0290069580078125 0.0256385803222656
0.0603599548339844 0.048919677734375 0.0522842407226563 0.0861282348632813
0.0240478515625 0.0258293151855469 0.104660034179688 -0.008392333984375
0.0461807250976562 0.0239067077636719 0.101348876953125 0.00939178466796875
0.0426597595214844 0.00226593017578125 0.0622940063476562 0.00122833251953125
0.0350894927978516 -0.0137729644775391 0.04510498046875 0.0100021362304688
0.0207061767578125 -0.0249786376953125 0.0298328399658203 0.0171489715576172
0.00270652770996094 -0.0329132080078125 0.0180587768554687 0.0310878753662109
-0.00302505493164063 -0.0231876373291016 0.01611328125 0.0593452453613281
-0.00126075744628906 -0.0196933746337891 0.008697509765625 0.0776519775390625
0.000804901123046873 -0.0278434753417969 -0.0112533569335938 0.0911178588867188
0.0101585388183594 -0.0312557220458984 -0.0419845581054688 0.0838394165039063
0.0277309417724609 -0.0233173370361328 -0.0564537048339844 0.0628623962402344
0.0404891967773438 -0.0141944885253906 -0.0507774353027344 0.0305252075195313
0.0467300415039062 0.0130653381347656 -0.02593994140625 0.009124755859375
0.0429916381835938 0.0315208435058594 0.0368156433105469 0.0375289916992188
0.0259437561035156 0.0372581481933594 0.063873291015625 0.102973937988281
0.00711774826049805 0.00401067733764649 -0.0756912231445313 -0.085968017578125
-0.00335502624511719 -0.00904655456542969 -0.0277862548828125 -0.0333499908447266
-0.0129632949829102 -1.23977661132822E-05 0.0325489044189453 -0.00757217407226562
-0.00520896911621094 0.00976085662841797 0.068695068359375 -0.0366096496582031
0.00309085845947266 0.00643539428710937 0.064788818359375 -0.0674057006835938
0.00382447242736816 0.000486135482788086 0.0385055541992188 -0.0990829467773438
0.00177383422851563 -0.00883674621582031 0.00079345703125001 -0.102699279785156
-0.000371932983398437 -0.00629806518554688 -0.0225448608398437 -0.079345703125
-0.000147819519042968 -0.00624847412109375 -0.0305023193359375 -0.0553779602050781
0.00478792190551758 -0.00514316558837891 -0.0314064025878906 -0.0384635925292969
0.00485324859619141 0.000896930694580078 -0.0452117919921875 -0.0185661315917969
-0.00660562515258789 0.00606250762939453 -0.0501747131347656 -0.00816726684570312
-0.0143833160400391 -0.00597763061523437 -0.0667610168457031 -0.00690078735351563
-0.0027627944946289 -0.0162410736083984 -0.099884033203125 0.00453186035156249
0.000552177429199219 -0.00814580917358398 -0.10772705078125 0.0104598999023438
0.0463905334472656 0.0270271301269531 -0.0603866577148437 -0.08197021484375
0.0377311706542969 0.00917816162109375 -0.0120029449462891 -0.0278244018554688
0.02398681640625 0.00713729858398438 0.0402984619140625 -0.00732803344726562
0.0290565490722656 0.00491523742675781 0.0749435424804688 -0.035858154296875
0.0297222137451172 -0.00853157043457031 0.0679054260253906 -0.065460205078125
0.0203838348388672 -0.0274105072021484 0.0384597778320312 -0.0967178344726563
0.005950927734375 -0.0388298034667969 0.00116729736328126 -0.0942230224609375
0.00352859497070313 -0.0355911254882813 -0.0234870910644531 -0.0682907104492188
0.00183486938476562 -0.0386772155761719 -0.0321884155273438 -0.0443954467773438
0.0119476318359375 -0.0385818481445313 -0.0357437133789062 -0.0309181213378906
0.0227165222167969 -0.0263462066650391 -0.0486717224121094 -0.01220703125
0.0214576721191406 -0.014862060546875 -0.0500144958496094 -0.00530624389648437
0.0202465057373047 -0.0110340118408203 -0.0654563903808594 -0.00212097167968751
0.03546142578125 -0.00919723510742188 -0.0898590087890625 0.0104522705078125
0.0410346984863281 0.00342941284179688 -0.0957412719726563 0.0172653198242188
0.0785903930664063 0.0470123291015625 -0.0344123840332031 -0.0691795349121094
0.0746612548828125 0.0285415649414063 0.0105075836181641 -0.0156278610229492
0.0604438781738281 0.0143775939941406 0.0513343811035156 -0.00271224975585937
0.0620574951171875 -4.1961669921875E-05 0.079315185546875 -0.0323486328125
0.0538711547851563 -0.0228500366210938 0.0659713745117188 -0.0587272644042969
0.0339927673339844 -0.0531768798828125 0.035186767578125 -0.0865554809570313
0.00952148437500001 -0.0641517639160156 0.000915527343749993 -0.0751266479492188
0.00597000122070313 -0.0592727661132813 -0.0212135314941406 -0.0475082397460938
0.0025177001953125 -0.0655174255371094 -0.0295219421386719 -0.0236034393310547
0.0156326293945313 -0.0669937133789063 -0.0368881225585937 -0.0143585205078125
0.0348892211914063 -0.0511360168457031 -0.0495262145996094 0.00137710571289063
0.0424156188964844 -0.0369110107421875 -0.0497360229492188 0.00101852416992187
0.0504531860351563 -0.0183753967285156 -0.0619392395019531 0.000949859619140621
0.0692062377929687 -0.00464248657226562 -0.071563720703125 0.0134124755859375
0.0746078491210937 0.013519287109375 -0.07147216796875 0.0258560180664063
0.099395751953125 0.0592880249023438 -0.00154113769531249 -0.0519218444824219
0.102264404296875 0.0407791137695313 0.0367851257324219 -0.000713348388671873
0.08941650390625 0.0160446166992188 0.0611915588378906 0.0030364990234375
0.0877532958984375 -0.0095367431640625 0.0786895751953125 -0.0249176025390625
0.0700454711914063 -0.0380401611328125 0.0594558715820313 -0.0471534729003906
0.0410385131835937 -0.07281494140625 0.0285835266113281 -0.0672416687011719
0.00969696044921875 -0.0804672241210938 0.000942230224609373 -0.0470352172851563
0.00675964355468751 -0.0732269287109375 -0.0155010223388672 -0.0184707641601563
0.00260162353515626 -0.0822677612304687 -0.0231494903564453 0.00291252136230468
0.0171966552734375 -0.0852737426757813 -0.03399658203125 0.008514404296875
0.0426559448242188 -0.06768798828125 -0.0472373962402344 0.0177536010742188
0.0578079223632813 -0.0521659851074219 -0.0483436584472656 0.00871658325195313
0.07464599609375 -0.023529052734375 -0.0562210083007813 0.00170516967773437
0.0939178466796875 0.0012054443359375 -0.0471763610839844 0.0128135681152344
0.0975189208984375 0.02410888671875 -0.0383567810058594 0.036041259765625
0.103904724121094 0.0614547729492188 0.0352363586425781 -0.0353965759277344
0.114227294921875 0.0443344116210938 0.0636024475097656 0.0101509094238281
0.103073120117187 0.0135955810546875 0.0681686401367187 0.00601959228515625
0.0973968505859375 -0.0186004638671875 0.073486328125 -0.0149459838867188
0.07342529296875 -0.0478363037109375 0.0508270263671875 -0.0302505493164062
0.0388870239257812 -0.08172607421875 0.0218505859375 -0.0406303405761719
0.00759124755859375 -0.0833511352539063 0.00348186492919922 -0.0151071548461914
0.00647735595703125 -0.0756683349609375 -0.00833988189697265 0.0118074417114258
0.00268554687499999 -0.0863723754882812 -0.0147380828857422 0.0317268371582031
0.0187149047851562 -0.089111328125 -0.0305347442626953 0.0334014892578125
0.0474395751953125 -0.0722122192382813 -0.0444984436035156 0.0346794128417969
0.0671501159667969 -0.0571708679199219 -0.0463294982910156 0.0167770385742187
0.0884246826171875 -0.0205230712890625 -0.0475425720214844 0.00175094604492186
0.105239868164062 0.0107421875 -0.0182132720947266 0.0123348236083984
0.103721618652344 0.0350799560546875 -0.00185012817382812 0.0493736267089844
0.0916290283203125 0.0541000366210938 0.0680580139160156 -0.0218734741210938
0.107734680175781 0.0400009155273438 0.0865936279296875 0.01470947265625
0.0971145629882813 0.0081329345703125 0.0714645385742188 0.0064544677734375
0.0894851684570313 -0.024078369140625 0.0648078918457031 -0.00508499145507813
0.0628929138183594 -0.0505180358886719 0.0408248901367188 -0.0116386413574219
0.0288162231445313 -0.0781478881835938 0.0173892974853516 -0.0122995376586914
0.00238800048828124 -0.073822021484375 0.00756263732910156 0.017064094543457
0.00400543212890624 -0.0661048889160156 0.000190734863281252 0.0413932800292969
0.002777099609375 -0.07647705078125 -0.00828933715820312 0.0588722229003906
0.0192413330078125 -0.0798187255859375 -0.0284957885742187 0.0579032897949219
0.04852294921875 -0.0640449523925781 -0.0436515808105469 0.0505447387695313
0.0696983337402344 -0.0493736267089844 -0.0447502136230469 0.0239830017089844
0.0887832641601563 -0.00981903076171875 -0.0374183654785156 0.00197601318359374
0.100212097167969 0.0226974487304688 0.00943470001220704 0.0154695510864258
0.0924606323242188 0.0428009033203125 0.0328788757324219 0.0660972595214844
0.0644760131835938 0.0393333435058594 0.09307861328125 -0.016510009765625
0.0853118896484375 0.030029296875 0.100959777832031 0.0106277465820313
0.0759429931640625 0.00125885009765625 0.0689773559570313 0.0028228759765625
0.0663299560546875 -0.0243453979492187 0.0552749633789062 0.00270843505859375
0.0428581237792969 -0.0439872741699219 0.034576416015625 0.00444602966308593
0.0137367248535156 -0.06121826171875 0.0173282623291016 0.0125532150268555
-0.00343704223632812 -0.0524330139160156 0.0149307250976563 0.0433425903320313
0.000728607177734374 -0.046356201171875 0.00925064086914063 0.064697265625
0.0015716552734375 -0.0562248229980469 -0.00433349609375 0.0804901123046875
0.0154495239257813 -0.0597686767578125 -0.0312881469726563 0.0772323608398438
0.0418777465820313 -0.0473709106445313 -0.0469970703125 0.0617561340332031
0.0605354309082031 -0.03399658203125 -0.0463905334472656 0.0303993225097656
0.0750045776367188 0.002593994140625 -0.0291004180908203 0.00586318969726563
0.0788345336914063 0.0308456420898438 0.0301685333251953 0.0234165191650391
0.0657920837402344 0.0444908142089844 0.0589218139648438 0.0845184326171875
0.0268268585205078 0.0230503082275391 0.106903076171875 -0.0172195434570313
0.0494842529296875 0.020172119140625 0.104751586914063 0.00241851806640625
0.0436592102050781 -0.0012969970703125 0.0642242431640625 -0.00159072875976562
0.0350799560546875 -0.0172767639160156 0.047821044921875 0.00783920288085937
0.0181007385253906 -0.0277690887451172 0.0325145721435547 0.0158576965332031
-0.00131988525390625 -0.0330562591552734 0.0212554931640625 0.030364990234375
-0.00582313537597657 -0.0218524932861328 0.0228080749511719 0.0584487915039063
-0.0032196044921875 -0.0191173553466797 0.016204833984375 0.0781021118164063
-0.00230216979980469 -0.0274124145507813 -0.00389862060546875 0.0941314697265625
0.00692176818847657 -0.0322914123535156 -0.0367202758789062 0.0885543823242187
0.0256500244140625 -0.0268840789794922 -0.0531044006347656 0.0683174133300781
0.0390892028808594 -0.0178298950195313 -0.0504989624023437 0.0353736877441406
0.0477180480957031 0.00905609130859375 -0.0261287689208984 0.0110435485839844
0.0462646484375 0.0286140441894531 0.0392837524414063 0.0342903137207031
0.0301589965820313 0.0347900390625 0.0714263916015625 0.0996627807617187
0.00779390335083008 0.00384044647216797 -0.0783767700195313 -0.0790252685546875
-0.00274658203125 -0.00894355773925781 -0.0290508270263672 -0.0301227569580078
-0.012110710144043 0.00101566314697266 0.0319747924804688 -0.00933456420898438
-0.00376605987548828 0.00965976715087891 0.0654449462890625 -0.0409812927246094
0.00449752807617188 0.00522947311401367 0.0606155395507813 -0.07171630859375
0.00407838821411133 -6.103515625E-05 0.03045654296875 -0.100547790527344
0.00160694122314453 -0.00940799713134766 -0.00714874267578125 -0.0998764038085938
0.000227451324462891 -0.00717496871948242 -0.0289764404296875 -0.0745849609375
0.000211715698242188 -0.00661134719848633 -0.0348663330078125 -0.0520477294921875
0.00518798828125 -0.00580835342407227 -0.0350303649902344 -0.0357818603515625
0.00561904907226563 0.000773906707763672 -0.0467529296875 -0.0151519775390625
-0.00494003295898438 0.00694084167480469 -0.050811767578125 -0.00559234619140626
-0.0144510269165039 -0.00429916381835938 -0.0672340393066406 -0.00369262695312501
-0.00354385375976563 -0.0153923034667969 -0.098846435546875 0.0111007690429688
-0.000112056732177734 -0.00768232345581055 -0.106361389160156 0.0187454223632813
0.0485382080078125 0.0235557556152344 -0.0632095336914063 -0.0759124755859375
0.0384445190429688 0.00604629516601563 -0.013214111328125 -0.0252189636230469
0.0245494842529297 0.00516319274902344 0.0410041809082031 -0.0088653564453125
0.0290870666503906 0.0027923583984375 0.0721054077148438 -0.0398712158203125
0.0289382934570313 -0.0107574462890625 0.0627098083496094 -0.0688323974609375
0.0178756713867188 -0.0287666320800781 0.030914306640625 -0.0972747802734375
0.00336074829101562 -0.0395393371582031 -0.00626373291015626 -0.0915985107421875
0.00115585327148438 -0.0360336303710938 -0.0286865234375 -0.0642242431640625
-0.000297546386718751 -0.0387191772460938 -0.0359916687011719 -0.040313720703125
0.00960922241210938 -0.0391159057617188 -0.0388717651367188 -0.0277175903320312
0.0212345123291016 -0.0275192260742187 -0.0497894287109375 -0.00911331176757814
0.0203666687011719 -0.0161495208740234 -0.0500755310058594 -0.00252532958984375
0.0186920166015625 -0.01104736328125 -0.0651512145996094 0.00123214721679688
0.0334587097167969 -0.0116977691650391 -0.08831787109375 0.016754150390625
0.0409774780273438 0.000804901123046875 -0.094451904296875 0.0248336791992187
0.08184814453125 0.040435791015625 -0.0367546081542969 -0.0656585693359375
0.075927734375 0.0218048095703125 0.00995063781738282 -0.0140933990478516
0.0605316162109375 0.00953292846679688 0.0514335632324219 -0.004730224609375
0.0619163513183594 -0.0057830810546875 0.0764999389648438 -0.0361862182617188
0.0510482788085938 -0.0271492004394531 0.0618095397949219 -0.0616378784179688
0.0290946960449219 -0.0542831420898438 0.0282974243164063 -0.0868377685546875
0.00424575805664062 -0.0641098022460938 -0.00521087646484375 -0.0728836059570313
0.00160980224609375 -0.058807373046875 -0.0249519348144531 -0.0429649353027344
-0.00262069702148438 -0.0649261474609375 -0.0315628051757813 -0.0198802947998047
0.0103569030761719 -0.0673904418945313 -0.0385093688964844 -0.0108489990234375
0.0312843322753906 -0.05316162109375 -0.04974365234375 0.00424194335937499
0.0394287109375 -0.0384407043457031 -0.0498886108398437 0.00386428833007813
0.0480766296386719 -0.0205307006835938 -0.0617828369140625 0.00511932373046875
0.0671005249023438 -0.0093231201171875 -0.0698471069335938 0.018463134765625
0.0749740600585938 0.00814056396484375 -0.0700035095214844 0.0325355529785156
0.103172302246094 0.0508880615234375 -0.00316238403320311 -0.0504112243652344
0.103965759277344 0.0317535400390625 0.0377883911132813 -0.00181961059570312
0.08966064453125 0.009490966796875 0.061737060546875 0.000461578369140626
0.0860748291015625 -0.0168075561523438 0.0769195556640625 -0.0288162231445313
0.0649147033691406 -0.0427017211914063 0.0561485290527344 -0.0498924255371094
0.0342559814453125 -0.0739288330078125 0.0230369567871094 -0.0667343139648438
0.00365447998046876 -0.078765869140625 -0.00244903564453124 -0.0456428527832031
0.00143432617187499 -0.0725479125976563 -0.017054557800293 -0.0158758163452148
-0.00390624999999999 -0.0806045532226563 -0.0232505798339844 0.00608634948730469
0.00991058349609375 -0.0845947265625 -0.0350017547607422 0.0108566284179687
0.0372200012207031 -0.0700111389160156 -0.0468215942382813 0.0209884643554688
0.0528106689453125 -0.0560035705566406 -0.0488357543945313 0.0116615295410156
0.0711135864257813 -0.0282135009765625 -0.0566024780273437 0.00580215454101562
0.0920639038085938 -0.00522613525390625 -0.0461997985839844 0.0163497924804688
0.0978851318359375 0.0169296264648438 -0.0368309020996094 0.0404891967773438
0.106689453125 0.0519485473632812 0.0338897705078125 -0.0367660522460938
0.114791870117187 0.0343017578125 0.0650711059570313 0.00774383544921875
0.102348327636719 0.00632476806640625 0.0687637329101563 0.00432205200195313
0.0946197509765625 -0.0253448486328125 0.0731964111328125 -0.0178451538085938
0.0681304931640625 -0.05279541015625 0.0480194091796875 -0.0326271057128906
0.0317230224609375 -0.0825424194335938 0.0183029174804688 -0.0408744812011719
0.000633239746093753 -0.0816192626953125 0.00176525115966797 -0.0144615173339844
0.000396728515625005 -0.0747222900390625 -0.00738239288330078 0.0135364532470703
-0.00434875488281249 -0.084442138671875 -0.0131034851074219 0.0331573486328125
0.01092529296875 -0.08868408203125 -0.0298194885253906 0.0355987548828125
0.0407562255859375 -0.0751190185546875 -0.0437126159667969 0.0377044677734375
0.06207275390625 -0.06182861328125 -0.0457572937011719 0.01947021484375
0.0849761962890625 -0.02655029296875 -0.0475196838378906 0.00550460815429686
0.104270935058594 0.00311279296875 -0.0182838439941406 0.0138282775878906
0.104629516601563 0.0262527465820313 0.000164031982421877 0.0507240295410156
0.0948944091796875 0.0454788208007813 0.0674705505371094 -0.0264244079589844
0.108543395996094 0.0300979614257813 0.0870513916015625 0.0101318359375
0.096221923828125 0.0010833740234375 0.0718917846679688 0.003997802734375
0.085906982421875 -0.0308990478515625 0.0648536682128906 -0.00819015502929688
0.0576400756835938 -0.0551567077636719 0.039947509765625 -0.0130233764648438
0.0218048095703125 -0.0774688720703125 0.0162620544433594 -0.0124359130859375
-0.00372314453125001 -0.0711898803710938 0.00867652893066406 0.0168361663818359
-0.00145339965820313 -0.064361572265625 0.00402450561523438 0.0419921875
-0.00402069091796876 -0.0749130249023438 -0.00388717651367187 0.0595283508300781
0.0118255615234375 -0.07904052734375 -0.0259132385253906 0.0592880249023437
0.042327880859375 -0.0675010681152344 -0.0407981872558594 0.0535392761230469
0.0642051696777344 -0.0544700622558594 -0.0435104370117188 0.0266647338867187
0.0862655639648438 -0.0163116455078125 -0.0374984741210938 0.00523757934570312
0.100860595703125 0.0147705078125 0.00917720794677735 0.0148286819458008
0.0946731567382813 0.034515380859375 0.0353240966796875 0.0642509460449219
0.0668983459472656 0.0334358215332031 0.0925140380859375 -0.0229110717773438
0.085540771484375 0.0228042602539063 0.101463317871094 0.00472259521484375
0.0751266479492187 -0.00376129150390625 0.0692481994628906 0.00019073486328125
0.0638275146484375 -0.0294837951660156 0.0555343627929688 0.000473022460937498
0.0379066467285156 -0.0463142395019531 0.0346603393554688 0.00368881225585937
0.00781631469726562 -0.0597686767578125 0.0177974700927734 0.0129852294921875
-0.0074920654296875 -0.0495796203613281 0.0177116394042969 0.0409049987792969
-0.00375747680664063 -0.0447959899902344 0.0141029357910156 0.0632400512695313
-0.00345993041992187 -0.0547027587890625 0.0018768310546875 0.0794219970703125
0.0103721618652344 -0.0590782165527344 -0.0259857177734375 0.0779190063476563
0.0369148254394531 -0.0500640869140625 -0.0435409545898438 0.0650177001953125
0.0558395385742188 -0.0387687683105469 -0.04376220703125 0.0330314636230469
0.0732498168945313 -0.0026397705078125 -0.0289783477783203 0.00824737548828125
0.0804443359375 0.02392578125 0.03009033203125 0.0205841064453125
0.0687751770019531 0.0376052856445313 0.0618972778320313 0.0798721313476563
0.0283298492431641 0.0201778411865234 0.105300903320313 -0.02447509765625
0.0502586364746094 0.0151710510253906 0.104347229003906 -0.00397491455078125
0.0430259704589844 -0.00439834594726563 0.064208984375 -0.00389480590820313
0.0328483581542969 -0.0208187103271484 0.0489578247070313 0.00638961791992187
0.0145893096923828 -0.0280227661132813 0.0344715118408203 0.0138130187988281
-0.00450325012207031 -0.0308895111083984 0.0236663818359375 0.0282459259033203
-0.00797462463378906 -0.0200138092041016 0.0273170471191406 0.0556144714355469
-0.00474929809570313 -0.0179042816162109 0.0220108032226562 0.073822021484375
-0.00526618957519531 -0.0254230499267578 0.00400543212890626 0.0920867919921875
0.00323486328125 -0.0314235687255859 -0.029815673828125 0.0904006958007813
0.02215576171875 -0.0280952453613281 -0.0481719970703125 0.0720138549804687
0.0365676879882812 -0.0211448669433594 -0.0478401184082031 0.0381851196289063
0.0477142333984375 0.00550079345703125 -0.0260391235351562 0.0128364562988281
0.0469779968261719 0.0237541198730469 0.0400199890136719 0.0302238464355469
0.0320224761962891 0.0311985015869141 0.07623291015625 0.0936126708984375
0.0082097053527832 0.00390481948852539 -0.0772247314453125 -0.0743865966796875
-0.00255489349365234 -0.00859260559082031 -0.0285682678222656 -0.027191162109375
-0.0109434127807617 0.00150585174560547 0.0314826965332031 -0.00995254516601562
-0.00248336791992187 0.00976753234863281 0.0623130798339844 -0.0422172546386719
0.00496435165405273 0.00479030609130859 0.0556564331054688 -0.0722503662109375
0.00465965270996094 -0.000856876373291016 0.026092529296875 -0.0989532470703125
0.00164890289306641 -0.0104055404663086 -0.0118255615234375 -0.0958938598632813
0.00116395950317383 -0.00813531875610352 -0.0319595336914063 -0.0698928833007813
0.00108671188354492 -0.00707912445068359 -0.0370330810546875 -0.0482368469238281
0.00522136688232422 -0.00594902038574219 -0.0372428894042969 -0.0336151123046875
0.00630617141723633 0.000502586364746094 -0.0470809936523438 -0.013641357421875
-0.0036630630493164 0.00758028030395508 -0.0505638122558594 -0.00441741943359376
-0.0137224197387695 -0.002838134765625 -0.0659675598144531 -0.00270462036132813
-0.00488185882568359 -0.0146636962890625 -0.0960540771484375 0.0145950317382812
-0.00059652328491211 -0.00595474243164063 -0.103828430175781 0.0236968994140625
0.0486679077148438 0.0209007263183594 -0.0622940063476562 -0.0713729858398438
0.0381507873535156 0.004119873046875 -0.0125503540039062 -0.0230140686035156
0.0244331359863281 0.00415992736816406 0.0399093627929688 -0.00908660888671875
0.0290641784667969 0.000875473022460937 0.0686874389648438 -0.0414695739746094
0.0275154113769531 -0.0117549896240234 0.05841064453125 -0.069580078125
0.0159988403320313 -0.028961181640625 0.02618408203125 -0.0954360961914063
0.0014495849609375 -0.038818359375 -0.0101318359375 -0.0875244140625
0.000308990478515627 -0.0357551574707031 -0.0308494567871094 -0.0586509704589844
-0.00128173828125 -0.03802490234375 -0.0377311706542969 -0.0365638732910156
0.00853729248046875 -0.0389060974121094 -0.0404739379882813 -0.0253982543945313
0.0204124450683594 -0.0274581909179687 -0.0494956970214844 -0.00629425048828125
0.0200157165527344 -0.0158367156982422 -0.0499725341796875 -0.00117492675781249
0.0179996490478516 -0.0107784271240234 -0.0634193420410156 0.00283050537109375
0.0313243865966797 -0.0116748809814453 -0.0859298706054688 0.0198822021484375
0.0396614074707031 -0.00023651123046875 -0.0915603637695313 0.0298233032226562
0.082305908203125 0.0356674194335938 -0.035858154296875 -0.06170654296875
0.0753021240234375 0.017242431640625 0.010441780090332 -0.0126190185546875
0.0597610473632812 0.00717544555664063 0.0509109497070313 -0.00506210327148437
0.0597991943359375 -0.008453369140625 0.07379150390625 -0.0368499755859375
0.0481948852539062 -0.0293502807617187 0.0574531555175781 -0.062164306640625
0.02581787109375 -0.0536880493164063 0.0240707397460937 -0.0845718383789062
0.00112533569335937 -0.0625686645507812 -0.00775146484375 -0.0692291259765625
-0.000782012939453122 -0.0576820373535156 -0.0261306762695313 -0.0389404296875
-0.00512313842773437 -0.0630264282226563 -0.0325508117675781 -0.0164566040039062
0.00726318359375 -0.0659103393554688 -0.0402565002441406 -0.00848388671875
0.0282821655273438 -0.0526046752929688 -0.0496635437011719 0.00664901733398436
0.0369720458984375 -0.0394973754882813 -0.0497665405273438 0.00480651855468751
0.045379638671875 -0.0207862854003906 -0.0607948303222656 0.00667953491210937
0.0642204284667969 -0.0112152099609375 -0.0681076049804688 0.0216293334960937
0.0729522705078125 0.00501251220703125 -0.0679359436035156 0.0360374450683594
0.102821350097656 0.0442962646484375 -0.00266647338867186 -0.0485076904296875
0.101448059082031 0.0261001586914062 0.0375328063964844 -0.00105667114257812
0.0871353149414063 0.0057525634765625 0.0618324279785156 5.72204589843754E-05
0.08270263671875 -0.0208663940429687 0.0748443603515625 -0.0291824340820313
0.0615653991699219 -0.0448341369628906 0.0527000427246094 -0.0498008728027344
0.0298233032226563 -0.0726547241210938 0.0198783874511719 -0.0654754638671875
-0.000602722167968745 -0.0760116577148438 -0.00449371337890625 -0.0430946350097656
-0.00196075439453125 -0.0703201293945313 -0.0174751281738281 -0.0128107070922852
-0.00777435302734374 -0.0778579711914062 -0.0229949951171875 0.00806808471679687
0.005401611328125 -0.0821151733398438 -0.0352630615234375 0.0130653381347656
0.0334053039550781 -0.0696640014648437 -0.0468368530273438 0.0228424072265625
0.0488548278808594 -0.0566062927246094 -0.0480308532714844 0.01312255859375
0.0679779052734375 -0.0287208557128906 -0.0550003051757812 0.0077972412109375
0.08868408203125 -0.00801849365234375 -0.0450057983398437 0.0185089111328125
0.0958328247070313 0.011993408203125 -0.0354423522949219 0.0427513122558594
0.106475830078125 0.04559326171875 0.0333633422851563 -0.0364608764648438
0.112335205078125 0.0279617309570312 0.064422607421875 0.00677490234375
0.0990066528320313 0.00206756591796875 0.0684013366699219 0.0037841796875
0.0910263061523438 -0.0290451049804688 0.0712661743164063 -0.0184707641601563
0.0632247924804688 -0.0542755126953125 0.04595947265625 -0.0321083068847656
0.0265579223632813 -0.08013916015625 0.0157546997070313 -0.0390434265136719
-0.003387451171875 -0.077789306640625 0.00155544281005859 -0.0129890441894531
-0.00322723388671874 -0.0719146728515625 -0.00649833679199219 0.0150966644287109
-0.00887298583984375 -0.08099365234375 -0.0116615295410156 0.0341854095458984
0.00576019287109374 -0.08612060546875 -0.0291671752929687 0.0368995666503906
0.0360946655273438 -0.0745086669921875 -0.0420608520507812 0.0392532348632812
0.0566177368164062 -0.0628814697265625 -0.0448570251464844 0.0207366943359375
0.0814208984375 -0.0279388427734375 -0.0466232299804688 0.00783157348632812
0.10089111328125 -0.00072479248046875 -0.0186672210693359 0.0149936676025391
0.102821350097656 0.020721435546875 0.000579833984375005 0.0516891479492188
0.0939712524414063 0.0392684936523438 0.0659255981445313 -0.0283775329589844
0.105659484863281 0.0243072509765625 0.0861587524414063 0.00742340087890625
0.0934677124023438 -0.00279998779296875 0.07086181640625 0.00370025634765625
0.0821914672851563 -0.0341110229492188 0.064117431640625 -0.00852584838867188
0.0531959533691406 -0.0556869506835938 0.0391693115234375 -0.0133895874023438
0.0168228149414063 -0.0754852294921875 0.0152816772460938 -0.0113954544067383
-0.00706100463867188 -0.06768798828125 0.00991344451904297 0.0160083770751953
-0.00468063354492188 -0.0619735717773438 0.005645751953125 0.0404243469238281
-0.00822448730468751 -0.071441650390625 -0.00179672241210938 0.0586166381835937
0.00683593749999999 -0.0766143798828125 -0.0239906311035156 0.0595741271972656
0.0374259948730469 -0.0678634643554688 -0.0390243530273438 0.0541458129882812
0.05926513671875 -0.0564117431640625 -0.0425262451171875 0.0274620056152344
0.0829544067382813 -0.0191802978515625 -0.0366973876953125 0.00771713256835937
0.0980072021484375 0.00945281982421875 0.00852108001708985 0.0144844055175781
0.0933380126953125 0.0289535522460938 0.0348930358886719 0.0624847412109375
0.0665626525878906 0.0281639099121094 0.0901412963867188 -0.0264358520507813
0.0835037231445313 0.0178604125976563 0.0999526977539063 0.001617431640625
0.072723388671875 -0.006591796875 0.0687599182128906 9.91821289062496E-05
0.0601539611816406 -0.0318145751953125 0.0560073852539063 9.15527343749981E-05
0.0343780517578125 -0.0470428466796875 0.0351486206054687 0.00319290161132812
0.00424575805664062 -0.0571746826171875 0.0186920166015625 0.0126724243164062
-0.00974655151367188 -0.0462760925292969 0.0194892883300781 0.0390548706054688
-0.00520706176757813 -0.042205810546875 0.0172462463378906 0.0599288940429688
-0.0070037841796875 -0.0509376525878906 0.0045318603515625 0.0777511596679688
0.00600814819335938 -0.056121826171875 -0.0231857299804688 0.0775909423828125
0.03314208984375 -0.0505752563476562 -0.0405960083007813 0.0654754638671875
0.052398681640625 -0.0404281616210937 -0.0424995422363281 0.0338249206542969
0.0704803466796875 -0.00521087646484375 -0.0282001495361328 0.00983238220214843
0.0786056518554688 0.0200042724609375 0.0291099548339844 0.0189800262451172
0.0686721801757813 0.0319786071777344 0.061431884765625 0.0768814086914063
0.0284214019775391 0.0170154571533203 0.102386474609375 -0.0288925170898437
0.0490913391113281 0.0117683410644531 0.102066040039063 -0.00730133056640625
0.041961669921875 -0.00645828247070313 0.0631217956542969 -0.00467300415039063
0.0307579040527344 -0.0216274261474609 0.0494422912597656 0.00564956665039062
0.0129337310791016 -0.0285778045654297 0.0342369079589844 0.0137653350830078
-0.00665855407714844 -0.0290908813476563 0.0247268676757813 0.027313232421875
-0.0086984634399414 -0.0174703598022461 0.0296287536621094 0.0518302917480469
-0.00510978698730469 -0.0157127380371094 0.0250473022460938 0.070343017578125
-0.0066070556640625 -0.0234413146972656 0.00827789306640625 0.0892105102539063
0.000635147094726562 -0.0294208526611328 -0.026031494140625 0.0892333984375
0.0193538665771484 -0.0289783477783203 -0.0448455810546875 0.07122802734375
0.0342903137207031 -0.0224456787109375 -0.0454673767089844 0.0390243530273438
0.0456962585449219 0.00315475463867188 -0.0251007080078125 0.0136775970458984
0.0470352172851562 0.0207672119140625 0.0390548706054688 0.0266876220703125
0.0327529907226563 0.0278568267822266 0.0754776000976563 0.088836669921875
0.00894641876220703 0.00484561920166016 -0.0749893188476562 -0.07330322265625
-0.00255966186523437 -0.00768899917602539 -0.0272064208984375 -0.0252399444580078
-0.0109386444091797 0.00187110900878906 0.0318412780761719 -0.00935173034667968
-0.00203990936279297 0.00953006744384766 0.0619010925292969 -0.0422935485839844
0.00478363037109375 0.00433874130249023 0.0544586181640625 -0.0717086791992188
0.00468063354492188 -0.00170230865478516 0.0252304077148438 -0.0978775024414062
0.00164127349853516 -0.0114145278930664 -0.01226806640625 -0.0935821533203125
0.00152015686035156 -0.00924777984619141 -0.0318794250488281 -0.0674896240234375
0.00210475921630859 -0.00730609893798828 -0.0378875732421875 -0.04632568359375
0.00679826736450195 -0.00666570663452148 -0.0376625061035156 -0.0333442687988281
0.00735616683959961 -8.44001770019531E-05 -0.0471343994140625 -0.0128135681152344
-0.0032954216003418 0.00810956954956055 -0.0503425598144531 -0.00529479980468751
-0.0138921737670898 -0.00199985504150391 -0.0656013488769531 -0.00364303588867188
-0.00539112091064453 -0.0135040283203125 -0.0954360961914063 0.0143585205078125
-0.000345706939697266 -0.00498247146606445 -0.102981567382812 0.0252227783203125
0.0487060546875 0.0207481384277344 -0.0596771240234375 -0.0705032348632813
0.0372734069824219 0.00344467163085938 -0.0116558074951172 -0.021392822265625
0.0248928070068359 0.00402069091796875 0.0403213500976563 -0.00815200805664063
0.0293846130371094 -0.000400543212890625 0.0679893493652344 -0.0405044555664063
0.0272674560546875 -0.0124473571777344 0.0571937561035156 -0.0682907104492188
0.0153369903564453 -0.0286903381347656 0.0250701904296875 -0.0946502685546875
0.00146484375 -0.0393714904785156 -0.0106658935546875 -0.0841827392578125
0.000610351562499999 -0.0359344482421875 -0.0315017700195313 -0.05535888671875
-0.000862121582031254 -0.0377235412597656 -0.0383453369140625 -0.0344696044921875
0.00869369506835937 -0.0383377075195313 -0.0418128967285156 -0.0244598388671875
0.0200519561767578 -0.0275363922119141 -0.05035400390625 -0.00605773925781249
0.0199909210205078 -0.0147018432617188 -0.049652099609375 -0.00196456909179687
0.0172615051269531 -0.0093832015991211 -0.0631980895996094 0.00244903564453126
0.0308570861816406 -0.0109405517578125 -0.0847244262695313 0.0203933715820313
0.0380477905273438 0.00074005126953125 -0.0913543701171875 0.031982421875
0.0821075439453125 0.034820556640625 -0.0341720581054688 -0.0602378845214844
0.0735855102539063 0.0152969360351563 0.0110654830932617 -0.0104618072509766
0.0591545104980469 0.00669479370117188 0.0515861511230469 -0.00335311889648438
0.0587654113769531 -0.00996017456054688 0.07379150390625 -0.0356216430664062
0.046600341796875 -0.028717041015625 0.0564537048339844 -0.0607070922851563
0.0251426696777344 -0.0532073974609375 0.0226058959960938 -0.0823211669921875
0.000980377197265619 -0.0613632202148438 -0.00898742675781251 -0.0669288635253906
-0.00105667114257812 -0.0570106506347656 -0.0256805419921875 -0.0357093811035156
-0.00548171997070312 -0.0615348815917969 -0.0325813293457031 -0.0143947601318359
0.00672149658203125 -0.0650177001953125 -0.0414886474609375 -0.00668334960937501
0.0281486511230469 -0.0519065856933594 -0.0502586364746094 0.00772857666015624
0.0366401672363281 -0.0379714965820313 -0.0504837036132812 0.00424575805664062
0.044586181640625 -0.0200653076171875 -0.0599861145019531 0.00650024414062499
0.0628890991210938 -0.0112648010253906 -0.0679473876953125 0.0226097106933594
0.0715484619140625 0.00443267822265625 -0.0678977966308594 0.038543701171875
0.101921081542969 0.0416183471679688 -0.000118255615234364 -0.0482139587402344
0.100837707519531 0.02386474609375 0.0376701354980469 0.000404357910156251
0.085662841796875 0.0052947998046875 0.062103271484375 0.00231170654296875
0.0814437866210938 -0.0214996337890625 0.0748443603515625 -0.0276870727539063
0.0592460632324219 -0.044677734375 0.0526313781738281 -0.0477943420410156
0.0282516479492188 -0.0707550048828125 0.0181427001953125 -0.0630035400390625
-0.00168609619140626 -0.0742416381835937 -0.0050506591796875 -0.0411911010742188
-0.0027923583984375 -0.0685386657714844 -0.0166416168212891 -0.0103988647460938
-0.00888061523437499 -0.0763015747070312 -0.0237808227539063 0.0103073120117187
0.00393676757812501 -0.08135986328125 -0.0367240905761719 0.0144729614257813
0.0321922302246094 -0.0691642761230469 -0.0470199584960938 0.0234260559082031
0.0480117797851563 -0.05584716796875 -0.0483207702636719 0.0122299194335938
0.0661659240722656 -0.0280609130859375 -0.0551071166992187 0.00863265991210938
0.0877227783203125 -0.00848388671875 -0.0447578430175781 0.0199394226074219
0.093902587890625 0.0106048583984375 -0.0362205505371094 0.0442581176757813
0.105781555175781 0.0424041748046875 0.0341300964355469 -0.0361289978027344
0.110809326171875 0.0262374877929688 0.0653190612792969 0.00781631469726563
0.0972747802734375 0.0018463134765625 0.0693626403808594 0.00466156005859375
0.0896072387695313 -0.0296478271484375 0.0715713500976562 -0.0172958374023438
0.0613937377929688 -0.0535354614257813 0.046112060546875 -0.0301856994628906
0.0247726440429687 -0.0786209106445313 0.0156898498535156 -0.0372848510742188
-0.00420379638671875 -0.0756683349609375 0.00138282775878906 -0.0117855072021484
-0.0040130615234375 -0.0703125 -0.00565528869628906 0.0160503387451172
-0.00968170166015625 -0.0781021118164063 -0.0115203857421875 0.0351753234863281
0.00405120849609375 -0.0841827392578125 -0.0303878784179687 0.037750244140625
0.0346832275390625 -0.0742111206054688 -0.0428848266601562 0.03948974609375
0.0548057556152344 -0.0626296997070313 -0.0454025268554688 0.0207061767578125
0.0794830322265625 -0.02813720703125 -0.0466079711914063 0.00855255126953124
0.0999755859375 -0.00183868408203125 -0.0187110900878906 0.0152435302734375
0.101150512695313 0.018218994140625 -0.000270843505859367 0.0530014038085937
0.092742919921875 0.0368118286132812 0.0657310485839844 -0.0288047790527344
0.104164123535156 0.0219879150390625 0.0857391357421875 0.0086822509765625
0.0920486450195312 -0.00254058837890625 0.07110595703125 0.004791259765625
0.0803680419921875 -0.0342636108398438 0.0644760131835937 -0.00645065307617188
0.0513420104980469 -0.0548820495605469 0.0396995544433594 -0.0123062133789063
0.0151901245117188 -0.0730514526367188 0.015660285949707 -0.00960540771484376
-0.007904052734375 -0.0653724670410156 0.0105438232421875 0.0167179107666016
-0.00524520874023437 -0.0605201721191406 0.0065765380859375 0.0409927368164062
-0.00959396362304688 -0.0682334899902344 -0.000904083251953126 0.0578994750976562
0.00471496582031249 -0.0750656127929687 -0.0245857238769531 0.0600357055664063
0.0357780456542969 -0.0672187805175781 -0.0394058227539063 0.0545272827148437
0.0569229125976562 -0.0569076538085938 -0.0430908203125 0.0272216796875
0.080902099609375 -0.0191497802734375 -0.0367774963378906 0.00848007202148438
0.0965347290039063 0.0081787109375 0.00757884979248047 0.0146312713623047
0.0919342041015625 0.0261764526367187 0.0335464477539063 0.0635147094726563
0.0660743713378906 0.0253067016601562 0.0904006958007813 -0.0276947021484375
0.0818252563476562 0.01556396484375 0.0991363525390625 0.00235748291015625
0.071136474609375 -0.0067901611328125 0.0687980651855469 0.000873565673828124
0.0590019226074219 -0.0326461791992188 0.0569419860839844 0.00160980224609375
0.0326271057128906 -0.0461006164550781 0.0356521606445313 0.0036773681640625
0.00331878662109375 -0.0553245544433594 0.0187759399414063 0.0132827758789062
-0.0101165771484375 -0.0438041687011719 0.0206756591796875 0.0381927490234375
-0.0057373046875 -0.040374755859375 0.0183677673339844 0.0589714050292969
-0.0077056884765625 -0.048309326171875 0.00516510009765625 0.0761184692382813
0.00443267822265625 -0.0551376342773438 -0.0233917236328125 0.0771408081054688
0.030853271484375 -0.0500259399414062 -0.0406646728515625 0.0649757385253906
0.0501785278320313 -0.0407257080078125 -0.0419883728027344 0.0339469909667969
0.069122314453125 -0.0061492919921875 -0.028350830078125 0.00985908508300781
0.0778045654296875 0.0183258056640625 0.0276679992675781 0.0190467834472656
0.0677261352539063 0.0297737121582031 0.0594863891601563 0.0763397216796875
0.0280933380126953 0.0153846740722656 0.101753234863281 -0.0303192138671875
0.0485877990722656 0.0105934143066406 0.101547241210938 -0.00738525390625
0.0414772033691406 -0.00643539428710937 0.0633277893066406 -0.0030364990234375
0.0297641754150391 -0.0223484039306641 0.05035400390625 0.00739288330078125
0.0115299224853516 -0.0278682708740234 0.0357894897460938 0.0136260986328125
-0.00806999206542969 -0.0272483825683594 0.0258445739746094 0.0273303985595703
-0.00861358642578125 -0.0158929824829102 0.0303993225097656 0.0501174926757813
-0.00554656982421875 -0.0144720077514648 0.026397705078125 0.0691070556640625
-0.00691986083984375 -0.0211544036865234 0.00884246826171876 0.0867156982421875
-0.000726699829101563 -0.0277309417724609 -0.0252914428710937 0.087554931640625
0.0183162689208984 -0.0286617279052734 -0.0437088012695313 0.0714035034179688
0.0328731536865234 -0.0221595764160156 -0.0452537536621094 0.0387077331542969
0.0453224182128906 0.002593994140625 -0.0248775482177734 0.0125675201416016
0.0466651916503906 0.0193939208984375 0.0374908447265625 0.0254058837890625
0.0321693420410156 0.0256767272949219 0.0735855102539063 0.0875396728515625
0.00892257690429688 0.0057525634765625 -0.0740890502929688 -0.0741653442382813
-0.00268030166625976 -0.00823450088500977 -0.0264663696289063 -0.0248889923095703
-0.00990390777587891 0.00187015533447265 0.0326194763183594 -0.00894355773925781
-0.000857353210449219 0.00904941558837891 0.0633735656738281 -0.0415191650390625
0.00589990615844727 0.00393295288085938 0.0558547973632812 -0.0722274780273438
0.00547409057617188 -0.00210809707641602 0.0254440307617188 -0.0996627807617188
0.00235939025878906 -0.0128631591796875 -0.0125961303710938 -0.0937881469726563
0.00218391418457031 -0.0100011825561523 -0.0317955017089844 -0.0661888122558594
0.00288534164428711 -0.0087738037109375 -0.0398178100585938 -0.0455398559570313
0.00679731369018555 -0.0074000358581543 -0.0409507751464844 -0.0338554382324219
0.00782108306884766 0.000103473663330078 -0.0492210388183594 -0.0139579772949219
-0.00207901000976563 0.00906276702880859 -0.0517921447753906 -0.00638961791992188
-0.014491081237793 -0.00121212005615234 -0.0679397583007813 -0.00574493408203124
-0.00617694854736328 -0.0124330520629883 -0.0966720581054688 0.014434814453125
-0.000926017761230469 -0.00397968292236328 -0.104949951171875 0.0272140502929688
0.0497398376464844 0.0213470458984375 -0.0579833984375 -0.0712203979492188
0.0384559631347656 0.00339126586914063 -0.0101280212402344 -0.0205268859863281
0.0253143310546875 0.00349617004394531 0.0417671203613281 -0.00725173950195313
0.03021240234375 -0.00055694580078125 0.0702438354492188 -0.0400428771972656
0.0278053283691406 -0.0131988525390625 0.0590972900390625 -0.0685920715332031
0.0160083770751953 -0.0297470092773437 0.0258331298828125 -0.0945587158203125
0.00169754028320312 -0.0404167175292969 -0.0110397338867188 -0.0850448608398438
0.001190185546875 -0.0378189086914063 -0.03082275390625 -0.0550155639648438
-0.000740051269531248 -0.0391197204589844 -0.0396499633789063 -0.0331382751464844
0.00934982299804687 -0.0392646789550781 -0.0445976257324219 -0.0238151550292969
0.0212364196777344 -0.028533935546875 -0.0520248413085938 -0.0064544677734375
0.02081298828125 -0.0146751403808594 -0.0524368286132813 -0.00262451171875
0.0174570083618164 -0.00827503204345703 -0.0653915405273438 0.00101470947265624
0.0304775238037109 -0.0101032257080078 -0.0868911743164062 0.0202789306640625
0.0397377014160156 0.00186538696289063 -0.0938644409179688 0.0341720581054688
0.0819549560546875 0.034637451171875 -0.0320091247558594 -0.0611152648925781
0.0745468139648438 0.0167160034179688 0.0126552581787109 -0.00919914245605469
0.0599327087402344 0.00702285766601563 0.0535125732421875 -0.00149917602539062
0.0601081848144531 -0.0107879638671875 0.0761184692382813 -0.0350341796875
0.0478439331054688 -0.0295143127441406 0.0584564208984375 -0.0607643127441406
0.0254096984863281 -0.0534019470214844 0.0232009887695313 -0.0832061767578125
0.00116348266601563 -0.06243896484375 -0.00838088989257812 -0.0664405822753906
-0.00049972534179688 -0.0583953857421875 -0.0254573822021484 -0.0341110229492188
-0.00551605224609375 -0.0638275146484375 -0.0343761444091797 -0.0130252838134766
0.0070648193359375 -0.065948486328125 -0.0443992614746094 -0.00641250610351563
0.0290870666503906 -0.0531806945800781 -0.0538215637207031 0.00800704956054688
0.0378303527832031 -0.0381317138671875 -0.0533981323242188 0.00424575805664063
0.0454788208007813 -0.0179977416992188 -0.06231689453125 0.00698089599609374
0.0627593994140625 -0.009979248046875 -0.0696144104003906 0.0233116149902344
0.0729598999023438 0.00623321533203125 -0.0702171325683594 0.0409736633300781
0.103240966796875 0.0423126220703125 0.00167083740234376 -0.0484046936035156
0.101234436035156 0.024749755859375 0.0405235290527344 0.00244522094726563
0.0873489379882813 0.00604248046875 0.0645179748535156 0.00339126586914063
0.0831298828125 -0.0222320556640625 0.0784072875976563 -0.0261459350585938
0.0606956481933594 -0.0446243286132813 0.0540695190429688 -0.0476341247558594
0.0290603637695313 -0.0718917846679688 0.0183525085449219 -0.0628089904785156
-0.000793457031249995 -0.074737548828125 -0.004058837890625 -0.0400352478027344
-0.0023651123046875 -0.0706100463867187 -0.0162925720214844 -0.00915336608886719
-0.00939941406250001 -0.0766754150390625 -0.0242328643798828 0.0108470916748047
0.00379943847656249 -0.081695556640625 -0.0397987365722656 0.0169029235839844
0.0312728881835938 -0.0710525512695313 -0.0499191284179688 0.0246162414550781
0.0483856201171875 -0.0563507080078125 -0.0513343811035156 0.0125465393066406
0.0668144226074219 -0.0268211364746094 -0.0564689636230469 0.00823211669921875
0.0881881713867188 -0.0089263916015625 -0.04638671875 0.0208969116210938
0.0955429077148438 0.0115814208984375 -0.0381507873535156 0.0473098754882813
0.106201171875 0.0425872802734375 0.0370903015136719 -0.03656005859375
0.111991882324219 0.0257034301757813 0.0663185119628906 0.0094146728515625
0.09857177734375 0.00217437744140625 0.0714874267578125 0.00827789306640625
0.0897140502929688 -0.0304412841796875 0.074859619140625 -0.0156631469726563
0.0621337890625 -0.0549888610839844 0.0475044250488281 -0.0290756225585938
0.0243606567382813 -0.0786056518554688 0.0159416198730469 -0.0364608764648438
-0.0043792724609375 -0.0760955810546875 0.00207901000976562 -0.0108432769775391
-0.00403594970703126 -0.0710525512695313 -0.00556373596191406 0.0178451538085937
-0.0106048583984375 -0.0789947509765625 -0.0122299194335938 0.0370750427246094
0.00243377685546875 -0.0849838256835937 -0.0321922302246094 0.0396995544433594
0.0342559814453125 -0.0755081176757813 -0.0452003479003906 0.0420036315917969
0.0557975769042969 -0.0635490417480469 -0.0478668212890625 0.0210380554199219
0.0810165405273438 -0.027557373046875 -0.0475387573242187 0.0094146728515625
0.101516723632813 -0.0018768310546875 -0.0202808380126953 0.0169467926025391
0.102806091308594 0.0181503295898438 -0.00217056274414062 0.0564956665039063
0.0939865112304688 0.0359115600585938 0.0689468383789063 -0.028961181640625
0.105125427246094 0.02178955078125 0.0880126953125 0.0101470947265625
0.0930557250976563 -0.00281524658203125 0.0734329223632813 0.007965087890625
0.081939697265625 -0.0349655151367188 0.0676612854003906 -0.00534439086914063
0.0512275695800781 -0.0555038452148438 0.04034423828125 -0.0106468200683594
0.0144805908203125 -0.0730056762695312 0.0162134170532227 -0.00896358489990235
-0.00753402709960938 -0.0652351379394531 0.0108861923217773 0.0174884796142578
-0.00570678710937501 -0.0598793029785156 0.00724029541015625 0.0418510437011719
-0.0101432800292969 -0.0687103271484375 -0.00118637084960938 0.0595588684082031
0.00336456298828125 -0.0752639770507813 -0.0266304016113281 0.0615730285644531
0.0348968505859375 -0.068817138671875 -0.0419425964355469 0.0558929443359375
0.0568695068359375 -0.0577850341796875 -0.0450668334960938 0.0275077819824219
0.081878662109375 -0.0185775756835938 -0.0379562377929687 0.00893020629882812
0.0992279052734375 0.00775146484375 0.00636482238769532 0.0157508850097656
0.0934906005859375 0.0253067016601563 0.0318984985351563 0.0672531127929688
0.0662193298339844 0.0246467590332031 0.0929183959960937 -0.0271987915039062
0.0831680297851563 0.0150070190429688 0.100212097167969 0.0039825439453125
0.0724105834960938 -0.0063934326171875 0.070526123046875 0.0029449462890625
0.0599098205566406 -0.0330390930175781 0.059417724609375 0.00284194946289062
0.0327301025390625 -0.0469398498535156 0.037353515625 0.005126953125
0.00131607055664063 -0.0546951293945312 0.01934814453125 0.0143032073974609
-0.0102005004882812 -0.0436019897460938 0.0213279724121094 0.0386123657226563
-0.0064849853515625 -0.0398902893066406 0.0185279846191406 0.0592994689941406
-0.00890350341796874 -0.0476341247558594 0.00543212890624999 0.07733154296875
0.00270462036132812 -0.0546073913574219 -0.0250473022460938 0.0790786743164063
0.03009033203125 -0.0503311157226563 -0.0421867370605469 0.0671958923339844
0.0493278503417969 -0.0420455932617188 -0.0443229675292969 0.0337066650390625
0.0698127746582031 -0.00620269775390625 -0.0300540924072266 0.0100784301757812
0.0788040161132812 0.0174942016601562 0.0275783538818359 0.019439697265625
0.0681915283203125 0.02850341796875 0.0582656860351563 0.0793533325195313
0.0283527374267578 0.0147876739501953 0.105003356933594 -0.0308456420898438
0.04913330078125 0.0089569091796875 0.103744506835938 -0.007049560546875
0.0421714782714844 -0.00713348388671875 0.0652236938476563 -0.0014190673828125
0.0298957824707031 -0.0235729217529297 0.0525245666503906 0.00844573974609375
0.0110530853271484 -0.0289096832275391 0.0375900268554687 0.0151557922363281
-0.0085601806640625 -0.02667236328125 0.0274868011474609 0.0282688140869141
-0.00913143157958984 -0.0145635604858398 0.0316543579101563 0.0501556396484375
-0.00607967376708984 -0.0133266448974609 0.0273704528808594 0.0686378479003906
-0.00719642639160156 -0.019683837890625 0.00917816162109375 0.0872650146484375
-0.00165367126464844 -0.0275363922119141 -0.0256423950195313 0.0891189575195313
0.0167751312255859 -0.0286960601806641 -0.045379638671875 0.0728607177734375
0.032745361328125 -0.0233364105224609 -0.0469093322753906 0.0393791198730469
0.045318603515625 0.00283432006835938 -0.0264434814453125 0.0122966766357422
0.0464324951171875 0.0184135437011719 0.0368003845214844 0.02642822265625
0.0325927734375 0.0248908996582031 0.0724105834960938 0.090484619140625
0.00998401641845703 0.00699901580810547 -0.0749130249023438 -0.0778732299804688
-0.00244617462158203 -0.00776147842407226 -0.0269412994384766 -0.0251731872558594
-0.00972461700439453 0.0024862289428711 0.0348052978515625 -0.00905609130859375
-0.000844955444335937 0.00851964950561523 0.0665397644042969 -0.043914794921875
0.00637674331665039 0.0033564567565918 0.0581130981445312 -0.0753936767578125
0.00663518905639648 -0.00305414199829102 0.0249710083007813 -0.103599548339844
0.00210952758789062 -0.0152111053466797 -0.0138320922851563 -0.09698486328125
0.00269985198974609 -0.0122098922729492 -0.0346908569335937 -0.0673904418945313
0.0041351318359375 -0.0104169845581055 -0.0430068969726562 -0.0456657409667969
0.00856304168701172 -0.00854682922363281 -0.0444450378417969 -0.0345497131347656
0.00935745239257812 -0.000103950500488281 -0.0526351928710937 -0.0143013000488281
-0.000884056091308595 0.0105266571044922 -0.0553321838378906 -0.00767135620117188
-0.0148611068725586 0.000393867492675781 -0.07171630859375 -0.00743103027343749
-0.00753974914550781 -0.0124073028564453 -0.101394653320313 0.0157546997070312
-0.000762581825256348 -0.00177204608917236 -0.110450744628906 0.0313796997070312
0.051849365234375 0.0225486755371094 -0.0591964721679688 -0.0744400024414063
0.0404701232910156 0.00328826904296875 -0.0100746154785156 -0.0197124481201172
0.027191162109375 0.00422477722167969 0.0452003479003906 -0.0064239501953125
0.0315399169921875 -0.00194358825683594 0.07366943359375 -0.0419235229492188
0.0291576385498047 -0.0142974853515625 0.0613479614257813 -0.071685791015625
0.0170936584472656 -0.031707763671875 0.025238037109375 -0.0981979370117188
0.00124359130859375 -0.0430145263671875 -0.0120620727539063 -0.0871124267578125
0.000469207763671873 -0.0403556823730469 -0.033172607421875 -0.0542106628417969
-0.00102996826171875 -0.0419425964355469 -0.0435409545898437 -0.0325965881347656
0.00933456420898437 -0.0416412353515625 -0.0491600036621094 -0.0236587524414062
0.0228271484375 -0.02947998046875 -0.0565948486328125 -0.00555419921875
0.0228462219238281 -0.0142631530761719 -0.0562782287597656 -0.0033111572265625
0.0177650451660156 -0.00734329223632813 -0.0694694519042969 0.000167846679687491
0.0311183929443359 -0.00955009460449219 -0.0905685424804688 0.022705078125
0.0404510498046875 0.00223159790039063 -0.0983200073242188 0.038482666015625
0.0869522094726563 0.036041259765625 -0.0317611694335937 -0.0644798278808594
0.078582763671875 0.015625 0.0148544311523438 -0.00860404968261719
0.0634078979492188 0.00662994384765625 0.0575103759765625 -0.000926971435546874
0.0627021789550781 -0.0128936767578125 0.0804214477539063 -0.0356674194335938
0.0494842529296875 -0.0315361022949219 0.06036376953125 -0.0629348754882813
0.025543212890625 -0.0560493469238281 0.02252197265625 -0.0850906372070313
0.000259399414062494 -0.065155029296875 -0.00942230224609375 -0.0672874450683594
-0.00188064575195312 -0.0622215270996094 -0.0269756317138672 -0.0333080291748047
-0.00641632080078125 -0.0662155151367188 -0.0369682312011719 -0.0110397338867188
0.00590133666992188 -0.0687522888183594 -0.0489349365234375 -0.00448226928710939
0.0296096801757813 -0.0560455322265625 -0.0575637817382813 0.00960159301757812
0.0393524169921875 -0.0395965576171875 -0.0568885803222656 0.00506210327148437
0.0472793579101562 -0.018890380859375 -0.0655479431152344 0.00689697265625
0.0654983520507812 -0.0104560852050781 -0.0727920532226563 0.0257415771484375
0.075286865234375 0.005889892578125 -0.0736083984375 0.0458602905273437
0.107658386230469 0.0432586669921875 0.00303268432617188 -0.0506591796875
0.106025695800781 0.022796630859375 0.0437126159667969 0.0037384033203125
0.09130859375 0.0051422119140625 0.0693893432617188 0.00621414184570313
0.0850067138671875 -0.0241470336914063 0.082672119140625 -0.0259780883789063
0.0623092651367187 -0.0478897094726562 0.0567817687988281 -0.0486068725585938
0.0283889770507812 -0.0738983154296875 0.01837158203125 -0.0629768371582031
-0.00191497802734374 -0.0779571533203125 -0.00463485717773438 -0.0399513244628906
-0.00351715087890625 -0.0732040405273438 -0.0166149139404297 -0.00775527954101563
-0.0101470947265625 -0.079132080078125 -0.0263099670410156 0.0137710571289063
0.00266265869140626 -0.0851211547851563 -0.0432586669921875 0.0196266174316406
0.032440185546875 -0.0741424560546875 -0.0539970397949219 0.0269355773925781
0.04986572265625 -0.05938720703125 -0.0554733276367188 0.0141067504882813
0.0702590942382813 -0.0282173156738281 -0.0598793029785156 0.00969314575195313
0.0918121337890625 -0.0100631713867187 -0.0492973327636719 0.0233039855957031
0.0988845825195313 0.0106277465820313 -0.0405235290527344 0.0530357360839844
0.111343383789063 0.0423812866210938 0.0406532287597656 -0.0385894775390625
0.116195678710938 0.0242691040039063 0.07098388671875 0.0114059448242188
0.102981567382813 0.002777099609375 0.0760498046875 0.0104217529296875
0.0928192138671875 -0.033905029296875 0.0801010131835937 -0.014923095703125
0.0634574890136719 -0.0575180053710937 0.0507087707519531 -0.0293693542480469
0.0241165161132813 -0.0809478759765625 0.0159835815429687 -0.0354232788085938
-0.0048828125 -0.0783615112304688 0.00254917144775391 -0.0101451873779297
-0.00566864013671875 -0.0733184814453125 -0.00455665588378906 0.0194969177246094
-0.0131378173828125 -0.0806121826171875 -0.0135574340820313 0.0393905639648437
0.000900268554687495 -0.0882034301757813 -0.0350685119628906 0.0434036254882812
0.0343246459960938 -0.0795059204101563 -0.0489578247070313 0.0446624755859375
0.0567855834960938 -0.0673065185546875 -0.0520439147949219 0.0225868225097656
0.0843048095703125 -0.0293502807617188 -0.0506782531738281 0.0106735229492188
0.105972290039063 -0.00467681884765625 -0.0209445953369141 0.0188274383544922
0.107513427734375 0.0170059204101563 -0.00344085693359375 0.0611419677734375
0.097381591796875 0.0355300903320313 0.0727462768554688 -0.0313186645507813
0.109001159667969 0.0201873779296875 0.0928421020507813 0.0116348266601563
0.0965194702148438 -0.00290679931640625 0.0785598754882813 0.00942230224609375
0.0839996337890625 -0.0370025634765625 0.0723419189453125 -0.00449371337890625
0.0516510009765625 -0.0588226318359375 0.0444068908691406 -0.0105743408203125
0.01373291015625 -0.0750045776367188 0.0167341232299805 -0.00775814056396485
-0.0085601806640625 -0.0668601989746094 0.0122566223144531 0.0182342529296875
-0.007293701171875 -0.0612640380859375 0.008697509765625 0.0442276000976562
-0.0119552612304687 -0.0696945190429688 -0.00184249877929688 0.0628585815429687
0.000999450683593755 -0.0767745971679688 -0.0279541015625 0.0662841796875
0.0340576171875 -0.072174072265625 -0.0440216064453125 0.0598335266113281
0.0574569702148437 -0.0615119934082031 -0.0483436584472656 0.0299072265625
0.08544921875 -0.021270751953125 -0.0397491455078125 0.0100631713867188
0.102516174316406 0.0055694580078125 0.00642967224121094 0.0171794891357422
0.0973663330078125 0.0240020751953125 0.0328445434570313 0.0721359252929688
0.06884765625 0.0241203308105469 0.0968551635742188 -0.030609130859375
0.0858001708984375 0.0130691528320313 0.105735778808594 0.00319671630859375
0.0748367309570313 -0.00757598876953125 0.0755157470703125 0.00543212890625
0.0609130859375 -0.03594970703125 0.0641403198242188 0.00493240356445312
0.0320510864257813 -0.0494041442871094 0.0402908325195313 0.00609970092773437
0.000499725341796877 -0.0555953979492188 0.0216522216796875 0.0158786773681641
-0.0113563537597656 -0.0442428588867188 0.0237350463867187 0.0401153564453125
-0.00762939453125 -0.0403518676757813 0.0205078125 0.0618247985839844
-0.0102005004882812 -0.0474472045898438 0.0066375732421875 0.0801773071289063
0.000652313232421881 -0.0556907653808594 -0.0251846313476562 0.0831527709960937
0.0289726257324219 -0.0528068542480469 -0.0441131591796875 0.0710830688476563
0.0503349304199219 -0.0446586608886719 -0.0472068786621094 0.0366592407226563
0.07183837890625 -0.00769805908203125 -0.0308818817138672 0.010955810546875
0.0827407836914063 0.0154647827148437 0.0278568267822266 0.0203495025634766
0.0714263916015625 0.0274581909179688 0.0601959228515625 0.0847854614257813
0.0296974182128906 0.0136146545410156 0.109687805175781 -0.0348358154296875
0.0508270263671875 0.00800323486328125 0.10797119140625 -0.0067596435546875
0.0442428588867188 -0.00827407836914063 0.0687637329101562 0.000156402587890624
0.0309600830078125 -0.0252971649169922 0.0569229125976563 0.0100860595703125
0.00964546203613281 -0.0307121276855469 0.0406112670898438 0.0157852172851562
-0.0107536315917969 -0.0266761779785156 0.0296573638916016 0.0294303894042969
-0.0102939605712891 -0.0139293670654297 0.0344047546386719 0.0510101318359375
-0.00625896453857422 -0.0123052597045898 0.0294265747070312 0.0689888000488281
-0.00864410400390625 -0.0182418823242188 0.00975799560546875 0.0903244018554688
-0.00380325317382813 -0.0274810791015625 -0.0269012451171875 0.093017578125
0.0166530609130859 -0.0301303863525391 -0.0476150512695312 0.0766830444335938
0.0321884155273437 -0.0254058837890625 -0.0490646362304688 0.0414314270019531
0.0465240478515625 0.00185012817382813 -0.0279541015625 0.0133399963378906
0.0481414794921875 0.017791748046875 0.03717041015625 0.0262451171875
0.0339088439941406 0.0230045318603516 0.0750961303710938 0.0948333740234375
0.0112838745117188 0.00864601135253906 -0.0806427001953125 -0.0802764892578125
-0.00175857543945312 -0.00740480422973633 -0.0291595458984375 -0.0245361328125
-0.0101518630981445 0.00280570983886719 0.0376739501953125 -0.0101242065429688
-0.000382423400878906 0.00922393798828125 0.0680885314941406 -0.0493927001953125
0.00801706314086914 0.00227689743041992 0.0582656860351563 -0.0830841064453125
0.00813865661621094 -0.00508546829223633 0.0221633911132812 -0.1103515625
0.00143241882324219 -0.017242431640625 -0.0190582275390625 -0.1005859375
0.00245571136474609 -0.0150766372680664 -0.038818359375 -0.0676155090332031
0.00441932678222656 -0.0132236480712891 -0.0487709045410156 -0.0455322265625
0.0103836059570313 -0.0106725692749023 -0.0509529113769531 -0.0333747863769531
0.0117835998535156 -0.00135040283203125 -0.0580863952636719 -0.0136032104492187
0.00100517272949219 0.0118198394775391 -0.0605964660644531 -0.00696945190429688
-0.0151071548461914 0.00186443328857422 -0.0774917602539063 -0.00631713867187499
-0.00930595397949219 -0.0114278793334961 -0.106178283691406 0.020355224609375
9.76324081420898E-05 -0.000495046377182007 -0.114288330078125 0.0391006469726563
0.0562858581542969 0.0235748291015625 -0.0634613037109375 -0.076416015625
0.042205810546875 0.00160598754882812 -0.00984764099121093 -0.0192298889160156
0.0294456481933594 0.00325393676757813 0.0486488342285156 -0.00736236572265625
0.0336952209472656 -0.00304794311523438 0.0769805908203125 -0.0456466674804688
0.0302982330322266 -0.0176200866699219 0.0616683959960938 -0.0773849487304688
0.0166378021240234 -0.03485107421875 0.0217819213867187 -0.103034973144531
-0.00104522705078125 -0.0463104248046875 -0.0161895751953125 -0.089111328125
-0.00151443481445313 -0.0440711975097656 -0.0363121032714844 -0.0532455444335938
-0.00131607055664062 -0.0456008911132813 -0.048126220703125 -0.0310211181640625
0.00948715209960938 -0.0448455810546875 -0.0552864074707031 -0.0209236145019531
0.0239200592041016 -0.0317783355712891 -0.0623626708984375 -0.003326416015625
0.0246849060058594 -0.0151214599609375 -0.0615043640136719 -0.00107574462890624
0.0189990997314453 -0.0068817138671875 -0.0739669799804688 0.00316619873046874
0.0306186676025391 -0.0104808807373047 -0.0941390991210937 0.0288543701171875
0.0424346923828125 0.00249862670898437 -0.102691650390625 0.0471954345703125
0.09283447265625 0.0348892211914063 -0.0346717834472656 -0.0661392211914063
0.0829391479492187 0.011383056640625 0.0170679092407227 -0.00676536560058594
0.067718505859375 0.00463104248046875 0.06292724609375 -0.00081634521484375
0.0648384094238281 -0.0163040161132813 0.0842971801757813 -0.0402450561523438
0.0503273010253906 -0.0365180969238281 0.0622215270996094 -0.0674209594726563
0.0247611999511719 -0.0610847473144531 0.02008056640625 -0.0882339477539063
-0.00363159179687501 -0.0692138671875 -0.0122756958007813 -0.0682144165039063
-0.00479507446289063 -0.0655364990234375 -0.0289249420166016 -0.032003402709961
-0.00892257690429688 -0.0700759887695313 -0.0405197143554688 -0.00817489624023438
0.00417327880859375 -0.0733413696289062 -0.0534019470214844 -0.0014495849609375
0.02911376953125 -0.0602836608886719 -0.0631523132324219 0.0133438110351563
0.0401802062988281 -0.0421562194824219 -0.0626945495605469 0.00786209106445311
0.0485610961914063 -0.0203399658203125 -0.0705642700195313 0.010101318359375
0.0664863586425781 -0.0126113891601563 -0.0754776000976563 0.0313796997070313
0.0794143676757813 0.004425048828125 -0.0759201049804687 0.054534912109375
0.114341735839844 0.0402450561523438 0.00223922729492188 -0.0529022216796875
0.112022399902344 0.0180892944335938 0.0475959777832031 0.0050201416015625
0.0962295532226563 0.002471923828125 0.0746688842773438 0.006744384765625
0.088165283203125 -0.02984619140625 0.0872344970703125 -0.0292282104492188
0.0632286071777344 -0.0527572631835938 0.0582084655761719 -0.0518684387207031
0.0262527465820313 -0.077880859375 0.0175666809082031 -0.0653457641601563
-0.00457000732421874 -0.081939697265625 -0.00641632080078125 -0.0413398742675781
-0.00753784179687499 -0.0771255493164063 -0.0163412094116211 -0.00511837005615235
-0.0143203735351563 -0.0831756591796875 -0.0276050567626953 0.0169601440429687
-0.00134277343750001 -0.08892822265625 -0.0464591979980469 0.024200439453125
0.0303955078125 -0.0801162719726562 -0.0583648681640625 0.031890869140625
0.0511894226074219 -0.06494140625 -0.0600357055664062 0.0183753967285156
0.0722579956054687 -0.031951904296875 -0.0637130737304688 0.01324462890625
0.09539794921875 -0.0143508911132813 -0.0508308410644531 0.0286827087402344
0.103530883789062 0.0072784423828125 -0.0415687561035156 0.0612297058105469
0.119209289550781 0.0390472412109375 0.0416755676269531 -0.0425529479980469
0.122245788574219 0.0189590454101563 0.0761566162109375 0.0115432739257813
0.108085632324219 -0.000946044921875 0.0827560424804688 0.0102081298828125
0.0960235595703125 -0.0393753051757812 0.085723876953125 -0.0172576904296875
0.0638427734375 -0.0633583068847656 0.0524864196777344 -0.0318717956542969
0.0216751098632812 -0.085205078125 0.0161056518554687 -0.0360031127929688
-0.00950622558593749 -0.0816268920898438 0.00349044799804688 -0.00936508178710938
-0.00968170166015625 -0.0759124755859375 -0.00300788879394532 0.02276611328125
-0.016693115234375 -0.0829849243164063 -0.0133781433105469 0.0441627502441406
-0.00495147705078125 -0.0912933349609375 -0.0365486145019531 0.0498619079589844
0.0314483642578125 -0.0857009887695313 -0.0513458251953125 0.0509910583496094
0.0554885864257813 -0.0731201171875 -0.0549240112304687 0.0265350341796875
0.0875778198242188 -0.0337753295898438 -0.0539283752441406 0.0133895874023438
0.110366821289063 -0.010406494140625 -0.0224952697753906 0.0228099822998047
0.111129760742188 0.0120468139648438 -0.00111770629882812 0.0683212280273438
0.103790283203125 0.0313339233398438 0.0762710571289063 -0.0363845825195313
0.113113403320313 0.014862060546875 0.098876953125 0.00975799560546875
0.101982116699219 -0.00698089599609375 0.0838775634765625 0.01092529296875
0.0865097045898438 -0.0446624755859375 0.0788040161132812 -0.00562286376953125
0.0512809753417969 -0.0642776489257813 0.0483131408691406 -0.0112266540527344
0.0109710693359375 -0.0792465209960938 0.0182514190673828 -0.00673675537109376
-0.0121269226074219 -0.0686264038085938 0.0140056610107422 0.01934814453125
-0.0106773376464844 -0.0643081665039063 0.0105705261230469 0.0472640991210937
-0.0170516967773437 -0.0705795288085937 -0.000255584716796878 0.0667724609375
-0.00431060791015626 -0.0800628662109375 -0.0282135009765625 0.0713424682617187
0.0306854248046875 -0.075958251953125 -0.0459403991699219 0.0667839050292969
0.0561866760253906 -0.0675239562988281 -0.0515289306640625 0.0343551635742187
0.0885162353515625 -0.027252197265625 -0.0421066284179687 0.0131340026855469
0.107231140136719 -4.57763671875E-05 0.0077800750732422 0.0184650421142578
0.102592468261719 0.01959228515625 0.03692626953125 0.076934814453125
0.0733413696289063 0.0208663940429688 0.101638793945313 -0.03668212890625
0.0899810791015625 0.00792694091796875 0.111518859863281 0.00061798095703125
0.0793228149414063 -0.01165771484375 0.0800857543945312 0.0034332275390625
0.0617179870605469 -0.0403671264648438 0.0685806274414063 0.00388336181640625
0.0302619934082031 -0.0536041259765625 0.0447044372558594 0.006011962890625
-0.003082275390625 -0.0574111938476563 0.0248012542724609 0.0172977447509766
-0.0142135620117188 -0.04351806640625 0.0272560119628906 0.0410881042480469
-0.0098419189453125 -0.040802001953125 0.0249671936035156 0.0639419555664063
-0.0138969421386719 -0.0475349426269531 0.00976562500000001 0.0862274169921875
-0.00362014770507812 -0.0561180114746094 -0.0236053466796875 0.0899124145507813
0.026397705078125 -0.0580024719238281 -0.0442276000976563 0.078399658203125
0.0488700866699219 -0.0496902465820313 -0.0495071411132812 0.0412483215332031
0.0756454467773438 -0.0128326416015625 -0.0331249237060547 0.0119819641113281
0.0869216918945313 0.00946807861328125 0.0283737182617188 0.0200271606445313
0.0755386352539063 0.023651123046875 0.0653762817382813 0.0874862670898438
0.0305976867675781 0.0115299224853516 0.114616394042969 -0.04296875
0.0534744262695313 0.00437164306640625 0.113090515136719 -0.01153564453125
0.045379638671875 -0.012359619140625 0.0724411010742188 -0.000869750976562501
0.0301399230957031 -0.0287551879882813 0.0630035400390625 0.00933456420898437
0.00719070434570313 -0.0328292846679688 0.046051025390625 0.0151863098144531
-0.0146427154541016 -0.0254726409912109 0.0341892242431641 0.03057861328125
-0.011998176574707 -0.013484001159668 0.0391044616699219 0.0513992309570312
-0.00738620758056641 -0.0112276077270508 0.033843994140625 0.0702590942382813
-0.0101985931396484 -0.0171699523925781 0.0138931274414063 0.0942153930664063
-0.00641632080078125 -0.0262584686279297 -0.0252914428710937 0.0990447998046875
0.0133838653564453 -0.0316658020019531 -0.0470199584960938 0.0820083618164063
0.0309104919433594 -0.0280494689941406 -0.0523033142089844 0.0454216003417969
0.048614501953125 -0.00048065185546875 -0.0300464630126953 0.0153465270996094
0.0505409240722656 0.0139694213867188 0.0385932922363281 0.0253944396972656
0.0364837646484375 0.0213851928710938 0.0813522338867188 0.0985031127929688
0.0123186111450195 0.0117216110229492 -0.0879287719726562 -0.0786285400390625
-0.00128793716430664 -0.00471401214599609 -0.0292301177978516 -0.0221195220947266
-0.00922298431396485 0.00302219390869141 0.0405769348144531 -0.0123367309570313
0.00242996215820312 0.00837373733520508 0.0684661865234375 -0.0541419982910156
0.008941650390625 -0.000276565551757812 0.0552749633789062 -0.0893783569335938
0.00895214080810547 -0.00763702392578125 0.01434326171875 -0.11480712890625
-0.000307083129882813 -0.0215549468994141 -0.0269851684570313 -0.100784301757812
0.000814437866210937 -0.0200214385986328 -0.0459060668945313 -0.0652732849121094
0.00478744506835938 -0.0167779922485352 -0.0539169311523438 -0.0399436950683594
0.0107517242431641 -0.0120296478271484 -0.0569076538085938 -0.0313148498535156
0.0147209167480469 -0.00148391723632813 -0.061981201171875 -0.00977325439453126
0.00375652313232422 0.0123367309570313 -0.0662574768066406 -0.00467300415039063
-0.0159235000610352 0.0052499771118164 -0.0829010009765625 -0.00140380859375
-0.0117416381835938 -0.00728702545166015 -0.108314514160156 0.0282745361328125
0.000386476516723633 0.0023956298828125 -0.114509582519531 0.05084228515625
0.0596733093261719 0.022796630859375 -0.068145751953125 -0.0757293701171875
0.0440216064453125 -0.00113296508789063 -0.00884056091308594 -0.0165348052978516
0.0299930572509766 0.00206565856933594 0.050506591796875 -0.00918197631835937
0.0353660583496094 -0.00770187377929687 0.077880859375 -0.0520706176757813
0.0312442779541016 -0.0214614868164063 0.0583877563476563 -0.0830154418945313
0.01629638671875 -0.0379714965820313 0.0164718627929687 -0.108451843261719
-0.00456237792968749 -0.04937744140625 -0.0224761962890625 -0.0901336669921875
-0.00407791137695313 -0.0477714538574219 -0.0411911010742188 -0.0517349243164062
-0.00507736206054688 -0.0488815307617188 -0.0517082214355469 -0.0247230529785156
0.0077972412109375 -0.0485076904296875 -0.0605354309082031 -0.0158653259277344
0.0240631103515625 -0.0353202819824219 -0.066375732421875 0.001434326171875
0.0263290405273438 -0.0165424346923828 -0.0660934448242188 0.00184631347656249
0.019012451171875 -0.00597572326660156 -0.0785598754882813 0.00700378417968748
0.0297508239746094 -0.0110492706298828 -0.0964889526367187 0.0359344482421875
0.0442428588867188 0.00190353393554687 -0.101295471191406 0.0570068359375
0.0976104736328125 0.0316848754882813 -0.0374679565429687 -0.06573486328125
0.085235595703125 0.00628662109375 0.020721435546875 -0.0077056884765625
0.0705642700195313 -0.0013580322265625 0.0661582946777344 -0.00347137451171875
0.0667152404785156 -0.0225715637207031 0.0858154296875 -0.0443649291992188
0.0490798950195312 -0.0410041809082031 0.0596542358398437 -0.0733795166015625
0.0211334228515625 -0.0637779235839844 0.0160064697265625 -0.090240478515625
-0.00967407226562501 -0.071502685546875 -0.0158233642578125 -0.068756103515625
-0.0102119445800781 -0.068206787109375 -0.0306320190429687 -0.0303630828857422
-0.0150299072265625 -0.0729446411132813 -0.0430717468261719 -0.00390625
0.00202178955078124 -0.0762405395507813 -0.057342529296875 0.00533676147460938
0.0260047912597656 -0.06378173828125 -0.0676651000976563 0.0206336975097656
0.0405921936035156 -0.0463943481445313 -0.0661125183105469 0.0126113891601562
0.048736572265625 -0.0228195190429688 -0.0729904174804688 0.0151443481445313
0.0662078857421875 -0.0166816711425781 -0.075958251953125 0.0379791259765625
0.0825958251953125 0.0006866455078125 -0.074676513671875 0.0641632080078125
0.121452331542969 0.03369140625 0.00104141235351563 -0.0549812316894531
0.115676879882813 0.011566162109375 0.0504875183105469 0.00355148315429688
0.0987472534179688 -0.0035552978515625 0.0808792114257813 0.00457763671875
0.0913314819335938 -0.037750244140625 0.0898590087890625 -0.037994384765625
0.0590972900390625 -0.0617446899414063 0.061004638671875 -0.0545539855957031
0.0219650268554688 -0.0813064575195313 0.0138931274414062 -0.0659866333007813
-0.012664794921875 -0.08441162109375 -0.00859832763671875 -0.0401840209960938
-0.0158157348632812 -0.0788497924804688 -0.0166845321655273 -0.00246715545654298
-0.0209274291992188 -0.0853424072265625 -0.0264472961425781 0.0229015350341797
-0.0100021362304687 -0.0928421020507813 -0.0489387512207031 0.0333480834960938
0.02490234375 -0.0850067138671875 -0.0600357055664062 0.0404129028320312
0.0473136901855469 -0.0699920654296875 -0.0645751953125 0.0214691162109375
0.0732040405273438 -0.0354690551757813 -0.0675239562988281 0.0191230773925781
0.0984725952148438 -0.02117919921875 -0.0518455505371094 0.0341758728027344
0.105751037597656 -0.00110626220703125 -0.0383872985839844 0.0697135925292969
0.123565673828125 0.0330276489257813 0.0401420593261719 -0.0482292175292969
0.124679565429688 0.0107040405273438 0.0827102661132813 0.00980377197265625
0.112739562988281 -0.00890350341796875 0.0890350341796875 0.0077972412109375
0.0953903198242188 -0.0481491088867188 0.0901412963867188 -0.023834228515625
0.0619659423828125 -0.0712814331054688 0.0553932189941406 -0.0333442687988281
0.0170135498046875 -0.0883407592773438 0.0161361694335938 -0.0354270935058594
-0.01519775390625 -0.081939697265625 0.00368833541870117 -0.00821590423583985
-0.0161209106445312 -0.0771636962890625 -0.000541687011718752 0.0242786407470703
-0.0247268676757812 -0.0835647583007813 -0.0107002258300781 0.0462226867675781
-0.0119857788085937 -0.092193603515625 -0.0363807678222656 0.0561141967773438
0.0242156982421875 -0.0892562866210938 -0.0517501831054688 0.0579643249511719
0.05157470703125 -0.0786666870117188 -0.0556564331054688 0.0319023132324219
0.0884323120117188 -0.0399398803710938 -0.0549468994140625 0.0177040100097656
0.1102294921875 -0.0176849365234375 -0.0218391418457031 0.0270252227783203
0.116226196289063 0.004730224609375 0.00233459472656251 0.0734329223632813
0.108314514160156 0.0253372192382812 0.0770034790039063 -0.0435562133789063
0.116462707519531 0.007049560546875 0.102310180664063 0.004669189453125
0.105300903320313 -0.0125503540039063 0.0883255004882813 0.0098419189453125
0.084136962890625 -0.0505447387695313 0.0825576782226563 -0.0100784301757813
0.04876708984375 -0.0704879760742188 0.051177978515625 -0.0129241943359375
0.00447845458984375 -0.0798110961914062 0.0193576812744141 -0.00559997558593751
-0.0185127258300781 -0.06744384765625 0.0154743194580078 0.0195484161376953
-0.0171890258789062 -0.0637435913085938 0.0170478820800781 0.0476837158203125
-0.02374267578125 -0.0694313049316406 0.00371551513671875 0.0703811645507813
-0.0088348388671875 -0.078155517578125 -0.0233230590820313 0.079071044921875
0.0255813598632813 -0.0800628662109375 -0.0451736450195313 0.0736541748046875
0.0526199340820313 -0.0735321044921875 -0.0525741577148438 0.03973388671875
0.0895004272460937 -0.032928466796875 -0.0422172546386719 0.0172348022460938
0.109970092773437 -0.00921630859375 0.00655746459960938 0.0212516784667969
0.105804443359375 0.00969696044921875 0.0403289794921875 0.0799331665039062
0.0751266479492187 0.0144424438476562 0.101921081542969 -0.0451583862304688
0.0907516479492188 0.0017852783203125 0.116836547851562 -0.00650787353515625
0.0800399780273438 -0.0181350708007813 0.0854034423828125 0.000541687011718749
0.05926513671875 -0.048736572265625 0.0756607055664063 -0.000595092773437503
0.0262336730957031 -0.0578651428222656 0.0473823547363281 0.00360107421875
-0.0104637145996094 -0.0570068359375 0.0295257568359375 0.0161819458007813
-0.019195556640625 -0.0420341491699219 0.0345993041992187 0.0407562255859375
-0.0136489868164062 -0.0413932800292969 0.0303306579589844 0.0613250732421875
-0.0162086486816406 -0.0445327758789063 0.01556396484375 0.0855560302734375
-0.0105667114257812 -0.0532951354980469 -0.0174102783203125 0.094818115234375
0.0215950012207031 -0.059356689453125 -0.0419540405273437 0.0847320556640625
0.0480308532714844 -0.0552215576171875 -0.0500640869140625 0.0455703735351563
0.0739669799804688 -0.0185317993164063 -0.0329380035400391 0.0147781372070312
0.0885848999023438 0.0016632080078125 0.0301570892333984 0.0185070037841797
0.0796279907226562 0.016937255859375 0.0733642578125 0.0888442993164063
0.032196044921875 0.00811958312988281 0.113883972167969 -0.0540313720703125
0.0533218383789062 -0.00099945068359375 0.115608215332031 -0.019012451171875
0.0459518432617188 -0.0171165466308594 0.0758209228515625 -0.00356292724609375
0.0279293060302734 -0.0344963073730469 0.0673370361328125 0.00455474853515625
0.00316429138183593 -0.0343208312988281 0.0503425598144531 0.0133705139160156
-0.0188331604003906 -0.0219039916992188 0.0379638671875 0.0287361145019531
-0.0129404067993164 -0.0104103088378906 0.044586181640625 0.0486068725585938
-0.00810432434082031 -0.010502815246582 0.0380935668945313 0.068603515625
-0.0140237808227539 -0.0136375427246094 0.0181503295898437 0.0964279174804688
-0.0102825164794922 -0.0239505767822266 -0.0203704833984375 0.105125427246094
0.00971412658691406 -0.0336399078369141 -0.04345703125 0.089141845703125
0.0282440185546875 -0.0315494537353516 -0.0519485473632813 0.0510330200195312
0.0475387573242187 -0.00484085083007812 -0.0312652587890625 0.0155124664306641
0.0531425476074219 0.0093536376953125 0.0391502380371094 0.0222282409667969
0.0378074645996094 0.0162315368652344 0.0868606567382813 0.0965576171875
0.014958381652832 0.0122098922729492 -0.090728759765625 -0.074859619140625
-0.000791549682617188 -0.00526332855224609 -0.0283699035644531 -0.0192604064941406
-0.00663566589355469 0.00536823272705078 0.040557861328125 -0.0141105651855469
0.00384330749511719 0.00748062133789063 0.0666084289550781 -0.0588874816894531
0.00991630554199219 -0.000376701354980469 0.0490951538085937 -0.092620849609375
0.00840663909912109 -0.0105571746826172 0.00773620605468751 -0.114830017089844
-0.00278663635253906 -0.0232601165771484 -0.0331268310546875 -0.0986480712890625
-0.000898361206054689 -0.0206985473632813 -0.0473709106445313 -0.0616073608398437
0.00495719909667969 -0.0208568572998047 -0.0574455261230469 -0.0352592468261719
0.0109834671020508 -0.0157880783081055 -0.0605125427246094 -0.0247306823730469
0.0140504837036133 -0.00328540802001953 -0.06640625 -0.00510787963867187
0.00674343109130859 0.0128965377807617 -0.0671653747558594 -0.000888824462890619
-0.0145683288574219 0.00777530670166016 -0.083648681640625 0.00169372558593749
-0.0122394561767578 -0.00588226318359375 -0.106109619140625 0.033966064453125
0.00055551528930664 0.00537014007568359 -0.111297607421875 0.0605926513671875
0.0627174377441406 0.0194053649902344 -0.0716171264648438 -0.0715103149414063
0.04534912109375 -0.002960205078125 -0.00768566131591797 -0.0156526565551758
0.0325202941894531 0.000535964965820313 0.0537185668945313 -0.0120353698730469
0.0345001220703125 -0.0101795196533203 0.0750808715820313 -0.0560836791992187
0.0290317535400391 -0.0241851806640625 0.0541534423828125 -0.086395263671875
0.0135116577148437 -0.0425262451171875 0.00914764404296875 -0.106315612792969
-0.00789260864257812 -0.0504684448242188 -0.028472900390625 -0.0863494873046875
-0.00891494750976562 -0.0492782592773438 -0.0429878234863281 -0.0463447570800781
-0.00704574584960937 -0.0506248474121094 -0.052886962890625 -0.0197868347167969
0.00551223754882812 -0.0502662658691406 -0.0633430480957031 -0.00917434692382812
0.0228958129882813 -0.0367164611816406 -0.068817138671875 0.00695037841796876
0.0270252227783203 -0.0180263519287109 -0.0678329467773438 0.00680923461914062
0.0197544097900391 -0.0051422119140625 -0.0792922973632813 0.0110931396484375
0.0289382934570313 -0.0108165740966797 -0.0926284790039062 0.0427169799804688
0.0441932678222656 0.0003814697265625 -0.09722900390625 0.0684051513671875
0.100013732910156 0.0250396728515625 -0.0403175354003906 -0.0646400451660156
0.0861587524414063 -2.288818359375E-05 0.0203952789306641 -0.00662040710449219
0.0709457397460938 -0.00412750244140625 0.0690803527832031 -0.00628280639648438
0.0645256042480469 -0.0272178649902344 0.0843124389648438 -0.050628662109375
0.0463218688964844 -0.0462913513183594 0.0564498901367188 -0.0762939453125
0.0172348022460938 -0.0666847229003906 0.0102386474609375 -0.0896224975585938
-0.0125579833984375 -0.0723648071289062 -0.0203437805175781 -0.0650978088378906
-0.0150489807128906 -0.0684280395507812 -0.0315189361572266 -0.0240631103515625
-0.0188980102539063 -0.0728912353515625 -0.0427932739257813 0.00379562377929686
-0.00586700439453125 -0.075439453125 -0.0589828491210938 0.0137252807617188
0.0228538513183594 -0.0663299560546875 -0.0673446655273438 0.02532958984375
0.0377159118652344 -0.0485115051269531 -0.0678443908691406 0.0169029235839844
0.04852294921875 -0.0233345031738281 -0.0735244750976563 0.0191650390625
0.0647201538085938 -0.0201148986816406 -0.072723388671875 0.0445709228515625
0.0799942016601563 -0.00412750244140625 -0.0703048706054688 0.0739974975585937
0.122688293457031 0.0264739990234375 -0.000263214111328121 -0.0558128356933594
0.114837646484375 0.001800537109375 0.0531120300292969 0.00164031982421875
0.100639343261719 -0.0107955932617188 0.0843734741210937 0.000587463378906249
0.0871810913085938 -0.0448150634765625 0.090118408203125 -0.0388870239257813
0.0564842224121094 -0.0646438598632813 0.0563240051269531 -0.0582695007324219
0.016571044921875 -0.0841598510742188 0.0117835998535156 -0.0640411376953125
-0.0169143676757813 -0.08349609375 -0.00928497314453126 -0.0367507934570313
-0.0195388793945313 -0.0780410766601563 -0.0171165466308594 0.00101852416992187
-0.0270538330078125 -0.0828933715820313 -0.0270614624023438 0.0292243957519531
-0.0141220092773437 -0.0894775390625 -0.0475311279296875 0.0377197265625
0.020294189453125 -0.0844268798828125 -0.0590362548828125 0.0464820861816406
0.0430831909179688 -0.071685791015625 -0.0636367797851563 0.0290260314941406
0.0700874328613281 -0.0396995544433594 -0.0647125244140625 0.0239067077636719
0.0933303833007813 -0.0263137817382812 -0.04718017578125 0.0386085510253906
0.105224609375 -0.0056915283203125 -0.0333328247070312 0.076385498046875
0.124366760253906 0.0232162475585938 0.0392799377441406 -0.0494384765625
0.124008178710937 0.00086212158203125 0.0824127197265625 0.00482940673828125
0.112236022949219 -0.0165328979492188 0.09228515625 0.0050201416015625
0.0916824340820312 -0.0546722412109375 0.0897293090820312 -0.02606201171875
0.0546035766601563 -0.0736083984375 0.0551261901855469 -0.0367660522460938
0.00966644287109376 -0.0878372192382813 0.0158176422119141 -0.0344486236572266
-0.0207366943359375 -0.0802688598632813 0.00402545928955078 -0.00635147094726563
-0.0221099853515625 -0.07537841796875 0.00167465209960938 0.0261859893798828
-0.0300750732421875 -0.0796432495117188 -0.00743484497070312 0.0520744323730469
-0.019256591796875 -0.0895309448242188 -0.0333900451660156 0.0614166259765625
0.0177841186523437 -0.0896835327148438 -0.0498085021972656 0.0637092590332031
0.0452423095703125 -0.0828781127929688 -0.0577507019042969 0.0382804870605469
0.0841217041015625 -0.04644775390625 -0.0556678771972656 0.0224761962890625
0.1090087890625 -0.0263214111328125 -0.0194969177246094 0.0294132232666016
0.113937377929687 -0.00341033935546875 0.00775146484375001 0.077911376953125
0.10748291015625 0.0160064697265625 0.0742721557617188 -0.0479736328125
0.112815856933594 -0.0033721923828125 0.103897094726563 -0.0001220703125
0.10308837890625 -0.0204086303710938 0.0932388305664063 0.003936767578125
0.0799102783203125 -0.0572586059570313 0.0841293334960937 -0.0133285522460938
0.0412750244140625 -0.0723495483398438 0.0518074035644531 -0.0156402587890625
-0.0017852783203125 -0.0781097412109375 0.0214557647705078 -0.00584983825683594
-0.0230026245117188 -0.0657958984375 0.0199356079101563 0.0195884704589844
-0.0206375122070313 -0.0605545043945313 0.02032470703125 0.0470352172851562
-0.0275039672851563 -0.0655670166015625 0.00917816162109375 0.0726165771484375
-0.0169296264648437 -0.0766754150390625 -0.0205459594726563 0.082794189453125
0.0165328979492188 -0.0806045532226562 -0.0402603149414063 0.078460693359375
0.0450057983398438 -0.0775680541992188 -0.0517807006835938 0.0450668334960937
0.0854339599609375 -0.04022216796875 -0.042694091796875 0.01947021484375
0.107345581054688 -0.0174789428710938 0.00903129577636719 0.0216274261474609
0.104415893554687 0.00313568115234375 0.0461807250976563 0.0807571411132813
0.075958251953125 0.00707244873046875 0.098297119140625 -0.0538330078125
0.0882644653320313 -0.006805419921875 0.115684509277344 -0.0113067626953125
0.07855224609375 -0.0246429443359375 0.0875091552734375 0.000106811523437499
0.0556259155273438 -0.0506858825683594 0.076507568359375 -0.00331878662109375
0.0205612182617188 -0.0579071044921875 0.0511703491210938 0.000892639160156246
-0.0134773254394531 -0.0529708862304687 0.0323982238769531 0.0167598724365234
-0.020660400390625 -0.0389366149902344 0.0347099304199219 0.0381011962890625
-0.0164527893066406 -0.0371131896972656 0.0332183837890625 0.0611724853515625
-0.0203819274902344 -0.0414237976074219 0.0195083618164062 0.088470458984375
-0.013336181640625 -0.051849365234375 -0.012542724609375 0.0983123779296875
0.0138740539550781 -0.0598640441894531 -0.0376968383789063 0.0881729125976563
0.0388412475585937 -0.0571517944335937 -0.0476951599121094 0.0502510070800781
0.073089599609375 -0.0236892700195313 -0.0334892272949219 0.0179882049560547
0.0860671997070313 -0.0045623779296875 0.031036376953125 0.0181503295898438
0.0772323608398438 0.00933074951171875 0.0768508911132813 0.0878524780273438
0.0321273803710938 0.0031890869140625 0.10931396484375 -0.0624237060546875
0.0515518188476563 -0.00712203979492188 0.115180969238281 -0.025909423828125
0.0444145202636719 -0.0209808349609375 0.0788497924804688 -0.00627899169921875
0.0240669250488281 -0.0358848571777344 0.0698661804199219 0.00430679321289062
-0.00222396850585937 -0.0341949462890625 0.0531005859375 0.00986862182617187
-0.0211982727050781 -0.0188159942626953 0.0428009033203125 0.0258255004882813
-0.0138626098632813 -0.00657749176025391 0.0481185913085938 0.0434417724609375
-0.00885009765625 -0.00783443450927734 0.0441665649414063 0.0646514892578125
-0.0128860473632813 -0.0100688934326172 0.0252151489257812 0.0937881469726562
-0.0126667022705078 -0.0205841064453125 -0.0136566162109375 0.10546875
0.00587081909179687 -0.0313053131103516 -0.0396194458007813 0.0926132202148438
0.0241680145263672 -0.0332412719726563 -0.0484809875488281 0.0542259216308594
0.0470314025878906 -0.00916671752929688 -0.0318851470947266 0.0179252624511719
0.050079345703125 0.00361251831054688 0.0398521423339844 0.0210342407226563
0.0361824035644531 0.0118598937988281 0.0927810668945312 0.0936965942382813
0.0177326202392578 0.0143489837646484 -0.0900115966796875 -0.0718917846679688
0.000806808471679688 -0.00451135635375977 -0.0260887145996094 -0.0180492401123047
-0.00464105606079101 0.00529766082763672 0.0420150756835938 -0.0155258178710938
0.00538063049316406 0.00670099258422852 0.0641021728515625 -0.0605125427246094
0.0102291107177734 -0.00314521789550781 0.0450439453125 -0.0931777954101563
0.00820827484130859 -0.0145168304443359 0.00252532958984376 -0.113380432128906
-0.0040435791015625 -0.0251903533935547 -0.0359115600585938 -0.0952606201171875
-0.00213813781738282 -0.023101806640625 -0.0490379333496094 -0.0569114685058594
0.00333595275878906 -0.0232944488525391 -0.0574455261230469 -0.0294456481933594
0.0119838714599609 -0.0184974670410156 -0.0622634887695313 -0.0197982788085937
0.0166664123535156 -0.00468540191650391 -0.0672454833984375 -0.0015716552734375
0.00966835021972656 0.0122137069702148 -0.0685043334960938 0.00194931030273436
-0.0129270553588867 0.0108308792114258 -0.0849685668945312 0.00298309326171875
-0.0118522644042969 -0.00167274475097656 -0.102767944335938 0.036834716796875
0.00156402587890625 0.00713062286376953 -0.105949401855469 0.0650482177734375
0.0642127990722656 0.0183906555175781 -0.0709304809570313 -0.0680770874023437
0.0455474853515625 -0.00481796264648437 -0.00546550750732422 -0.0138835906982422
0.0335655212402344 -0.00135612487792969 0.0553245544433594 -0.0129165649414063
0.0347518920898438 -0.0120964050292969 0.0737075805664063 -0.0579071044921875
0.0281181335449219 -0.0263023376464844 0.05029296875 -0.0866165161132812
0.0118446350097656 -0.0437355041503906 0.00547027587890625 -0.102951049804688
-0.0108833312988281 -0.051483154296875 -0.0304183959960938 -0.0818862915039063
-0.0112800598144531 -0.049591064453125 -0.042388916015625 -0.0420188903808594
-0.00894927978515625 -0.0517997741699219 -0.0535087585449219 -0.0136337280273437
0.00423431396484375 -0.0509910583496094 -0.0634765625 -0.00414657592773437
0.0225715637207031 -0.0381622314453125 -0.0702438354492188 0.0117912292480469
0.0279865264892578 -0.0183525085449219 -0.0694618225097656 0.00917053222656251
0.0202293395996094 -0.0035247802734375 -0.0788726806640625 0.01336669921875
0.0275154113769531 -0.00853919982910156 -0.0889205932617188 0.0456390380859375
0.0435867309570313 0.00146865844726563 -0.091064453125 0.0740280151367188
0.100273132324219 0.0214385986328125 -0.0398139953613281 -0.0611915588378906
0.0847091674804687 -0.00278472900390625 0.0236549377441406 -0.00622940063476562
0.0717926025390625 -0.00689697265625 0.0715255737304688 -0.0067291259765625
0.0627708435058594 -0.0298843383789063 0.0840682983398437 -0.0522079467773437
0.0443229675292969 -0.0483970642089844 0.0538177490234375 -0.0757827758789063
0.0143470764160156 -0.0681724548339844 0.00823211669921874 -0.0858917236328125
-0.0164413452148437 -0.0715866088867187 -0.0213661193847656 -0.0607528686523438
-0.0187301635742187 -0.0685462951660156 -0.0309410095214844 -0.0210704803466797
-0.0213470458984375 -0.0716323852539063 -0.0415573120117188 0.00905227661132813
-0.00707244873046875 -0.07525634765625 -0.0579566955566406 0.0183601379394531
0.0211830139160156 -0.0666961669921875 -0.0673561096191406 0.0312576293945312
0.0370292663574219 -0.0490989685058594 -0.0682411193847656 0.0210037231445312
0.0478668212890625 -0.0232429504394531 -0.0722732543945313 0.0221481323242188
0.0631942749023437 -0.0197677612304688 -0.0693435668945313 0.0482254028320313
0.0784225463867188 -0.0055999755859375 -0.0644912719726562 0.0794525146484375
0.121353149414063 0.0211563110351562 -0.00119781494140625 -0.0543861389160156
0.111602783203125 -0.00254058837890625 0.0555648803710938 0.00169754028320312
0.0985260009765625 -0.014190673828125 0.0860977172851563 0.000595092773437499
0.0823593139648437 -0.0467910766601562 0.09075927734375 -0.0413894653320313
0.0517539978027344 -0.0661888122558594 0.0549278259277344 -0.0585861206054688
0.0120086669921875 -0.083831787109375 0.0109634399414062 -0.0607261657714844
-0.0208206176757813 -0.081268310546875 -0.00967025756835938 -0.0337200164794922
-0.0235214233398437 -0.0757522583007813 -0.0143680572509766 0.00375843048095702
-0.0296859741210937 -0.07977294921875 -0.0237846374511719 0.0327281951904297
-0.0175857543945313 -0.0874862670898438 -0.0458869934082031 0.0430641174316406
0.0166549682617188 -0.0845718383789063 -0.0585136413574219 0.0510826110839844
0.0393905639648438 -0.0728302001953125 -0.0640068054199219 0.0327606201171875
0.0681419372558594 -0.0407257080078125 -0.0644645690917969 0.0257225036621094
0.0906295776367188 -0.0283432006835937 -0.044769287109375 0.0418777465820313
0.10272216796875 -0.0092315673828125 -0.0294647216796875 0.0807418823242188
0.122085571289063 0.01788330078125 0.0382537841796875 -0.0493927001953125
0.119285583496094 -0.00530242919921875 0.0843353271484375 0.00408935546875
0.109779357910156 -0.0200729370117187 0.0944061279296875 0.00469207763671875
0.0865249633789063 -0.0566787719726563 0.0908584594726563 -0.0277938842773438
0.0493850708007813 -0.0750656127929688 0.0540885925292969 -0.037139892578125
0.00562286376953125 -0.0862350463867188 0.0162525177001953 -0.0315895080566406
-0.0236968994140625 -0.0778579711914063 0.00550508499145508 -0.00492668151855469
-0.0247421264648438 -0.0723800659179688 0.00391769409179687 0.0268878936767578
-0.032440185546875 -0.0765609741210938 -0.00528335571289063 0.0556297302246094
-0.022430419921875 -0.0858917236328125 -0.0311660766601562 0.0661392211914063
0.01275634765625 -0.0887222290039062 -0.047637939453125 0.0682449340820312
0.0403060913085937 -0.0827407836914063 -0.0570068359375 0.0418243408203125
0.0795516967773438 -0.0482864379882813 -0.0537071228027344 0.0253715515136719
0.104644775390625 -0.0299301147460937 -0.0175533294677734 0.0313987731933594
0.110542297363281 -0.00824737548828125 0.0110549926757813 0.081207275390625
0.105278015136719 0.0100326538085937 0.0713424682617188 -0.0501022338867187
0.109390258789063 -0.00829315185546875 0.104133605957031 -0.0013885498046875
0.100753784179687 -0.0247344970703125 0.0948944091796875 0.0038909912109375
0.0750732421875 -0.0596694946289062 0.0859603881835938 -0.0149154663085938
0.03533935546875 -0.0722274780273438 0.053253173828125 -0.0165634155273438
-0.00533294677734375 -0.0743255615234375 0.0241489410400391 -0.00428962707519532
-0.0245323181152344 -0.0610504150390625 0.0212516784667969 0.0193977355957031
-0.023284912109375 -0.0570068359375 0.0217399597167969 0.0468597412109375
-0.028350830078125 -0.0612220764160156 0.0118560791015625 0.0740127563476563
-0.0212631225585937 -0.0717086791992188 -0.0177383422851563 0.0847091674804688
0.0115890502929688 -0.0788040161132813 -0.0381698608398437 0.080841064453125
0.0395278930664062 -0.0767440795898437 -0.0500602722167969 0.0483245849609375
0.0808944702148438 -0.0425567626953125 -0.0429534912109375 0.021728515625
0.102249145507813 -0.02239990234375 0.00941467285156251 0.0224857330322266
0.101509094238281 -0.0020599365234375 0.049072265625 0.0827865600585937
0.0727691650390625 0.00417327880859375 0.094024658203125 -0.0565032958984375
0.0840072631835938 -0.0118865966796875 0.113677978515625 -0.0139617919921875
0.07635498046875 -0.0272598266601563 0.0892105102539063 -0.0010223388671875
0.0503311157226563 -0.0532379150390625 0.0786514282226563 -0.00518798828125
0.0151023864746094 -0.0570144653320312 0.052459716796875 -0.000263214111328128
-0.0160903930664063 -0.0484542846679688 0.0341930389404297 0.0151939392089844
-0.0227375030517578 -0.0348701477050781 0.0367584228515625 0.0353813171386719
-0.0177555084228516 -0.03326416015625 0.037078857421875 0.058685302734375
-0.0210723876953125 -0.0369758605957031 0.0226898193359375 0.0864181518554688
-0.0164756774902344 -0.0471115112304688 -0.0105514526367188 0.0985260009765625
0.00989151000976563 -0.0569877624511719 -0.0348052978515625 0.09002685546875
0.034149169921875 -0.0571517944335938 -0.0467071533203125 0.05267333984375
0.0694656372070313 -0.0271720886230469 -0.0343666076660156 0.0202980041503906
0.0822525024414063 -0.0094451904296875 0.0299091339111328 0.0184421539306641
0.0746231079101563 0.00421142578125 0.0789337158203125 0.0861968994140625
0.0306682586669922 5.53131103515625E-05 0.104057312011719 -0.066619873046875
0.0484886169433594 -0.0108604431152344 0.111190795898437 -0.0284957885742187
0.0423088073730469 -0.023681640625 0.0795135498046875 -0.00658416748046875
0.0195770263671875 -0.0372352600097656 0.0719451904296875 0.00162506103515625
-0.00569343566894532 -0.0333232879638672 0.0557479858398437 0.0074920654296875
-0.0226230621337891 -0.0145149230957031 0.0462150573730469 0.022918701171875
-0.0142536163330078 -0.00328159332275391 0.0495986938476563 0.0392341613769531
-0.0093231201171875 -0.0048675537109375 0.0448989868164063 0.0609817504882813
-0.0116205215454102 -0.00680828094482422 0.02764892578125 0.0921554565429688
-0.0131311416625977 -0.016392707824707 -0.00999450683593749 0.105316162109375
0.00211715698242188 -0.0293064117431641 -0.0350494384765625 0.0938568115234375
0.0204887390136719 -0.0326690673828125 -0.0472755432128906 0.0560417175292969
0.0441207885742187 -0.0114021301269531 -0.0325717926025391 0.0203151702880859
0.0462226867675781 -0.000301361083984375 0.0382537841796875 0.018890380859375
0.0341510772705078 0.00811576843261719 0.0936660766601563 0.0907821655273438
0.0211048126220703 0.0165596008300781 -0.0886688232421875 -0.0721359252929687
0.00323843955993652 -0.0033259391784668 -0.0235023498535156 -0.0170421600341797
-0.00249719619750977 0.00530576705932617 0.0440559387207031 -0.0161170959472656
0.00791168212890625 0.00569963455200195 0.064361572265625 -0.0616416931152344
0.0111598968505859 -0.00470542907714844 0.0438308715820312 -0.0928268432617188
0.00745201110839844 -0.0176944732666016 0.000740051269531251 -0.112503051757813
-0.00523757934570312 -0.0271930694580078 -0.0368804931640625 -0.0931015014648438
-0.00365447998046875 -0.0261936187744141 -0.0485153198242188 -0.054534912109375
0.0031585693359375 -0.0267620086669922 -0.0572967529296875 -0.0260353088378906
0.0127906799316406 -0.0212917327880859 -0.06317138671875 -0.0169677734375
0.0188636779785156 -0.00631904602050781 -0.0695075988769531 0.000957489013671862
0.012944221496582 0.0115451812744141 -0.0708847045898437 0.00277709960937501
-0.0113525390625 0.0135316848754883 -0.0864181518554688 0.00315856933593749
-0.0112056732177734 0.00208854675292969 -0.101707458496094 0.0367279052734375
0.003143310546875 0.0104227066040039 -0.10247802734375 0.0678329467773438
0.0661354064941406 0.0197715759277344 -0.06854248046875 -0.0677413940429688
0.04632568359375 -0.00528717041015625 -0.00193309783935547 -0.0133581161499023
0.0355453491210938 -0.0021209716796875 0.0579452514648438 -0.0130805969238281
0.0354080200195313 -0.0138664245605469 0.07476806640625 -0.0588607788085938
0.0277824401855469 -0.0279273986816406 0.0499343872070312 -0.085693359375
0.0108261108398437 -0.0460472106933594 0.00464630126953125 -0.101211547851563
-0.0124931335449219 -0.0534477233886719 -0.0300445556640625 -0.0788116455078125
-0.0130386352539063 -0.0513801574707031 -0.040924072265625 -0.0391159057617188
-0.00987243652343751 -0.0543746948242188 -0.0519561767578125 -0.00878906250000001
0.00486373901367188 -0.05316162109375 -0.0644645690917969 7.62939453125032E-05
0.0242385864257813 -0.0391311645507812 -0.0716323852539063 0.0154800415039062
0.0302200317382813 -0.0183982849121094 -0.07061767578125 0.0111541748046875
0.021820068359375 -0.00102424621582031 -0.0797042846679688 0.0140838623046875
0.0279216766357422 -0.00522994995117188 -0.08697509765625 0.046905517578125
0.0439529418945313 0.00352096557617188 -0.0879440307617188 0.077850341796875
0.1014404296875 0.0214309692382813 -0.0376396179199219 -0.0610160827636719
0.08416748046875 -0.00431060791015625 0.0279884338378906 -0.00497245788574219
0.0724334716796875 -0.00812530517578125 0.0752716064453125 -0.00643157958984375
0.0621528625488281 -0.0314559936523438 0.0860748291015625 -0.0514984130859375
0.0431709289550781 -0.0493049621582031 0.0547561645507813 -0.0743789672851563
0.01312255859375 -0.0690383911132813 0.009033203125 -0.0829086303710938
-0.0174026489257813 -0.07269287109375 -0.0202713012695313 -0.0576210021972656
-0.020233154296875 -0.0690078735351563 -0.0289955139160156 -0.0175762176513672
-0.0223159790039062 -0.07257080078125 -0.040130615234375 0.0136299133300781
-0.007415771484375 -0.0756607055664063 -0.0580825805664062 0.0235023498535156
0.0219993591308594 -0.0668106079101562 -0.0680809020996094 0.0349807739257812
0.0371856689453125 -0.0494003295898438 -0.0697669982910156 0.0235328674316406
0.0483055114746094 -0.021331787109375 -0.0724334716796875 0.0232772827148438
0.0621414184570313 -0.0176239013671875 -0.0670280456542969 0.0495071411132813
0.0779571533203125 -0.00432586669921875 -0.06060791015625 0.08453369140625
0.120964050292969 0.0192108154296875 -0.000167846679687498 -0.0536613464355469
0.110069274902344 -0.00460052490234375 0.0591888427734375 0.00296401977539062
0.0987548828125 -0.0155105590820313 0.0897979736328125 0.0016326904296875
0.08087158203125 -0.0481414794921875 0.0927505493164063 -0.0406646728515625
0.0503959655761719 -0.0667915344238281 0.0561103820800781 -0.0572013854980469
0.0108261108398438 -0.0828018188476563 0.0127105712890625 -0.0577049255371094
-0.021942138671875 -0.0801010131835938 -0.0075836181640625 -0.0311050415039063
-0.025054931640625 -0.0753631591796875 -0.0118618011474609 0.00601673126220703
-0.0307998657226563 -0.0795059204101563 -0.0221672058105469 0.0369491577148437
-0.0186080932617187 -0.0856552124023438 -0.0458984375 0.0480384826660156
0.0155792236328125 -0.0836257934570312 -0.0590553283691406 0.0552940368652344
0.0391616821289062 -0.0726776123046875 -0.0649642944335938 0.0357017517089844
0.0676155090332031 -0.0401725769042969 -0.064849853515625 0.0276641845703125
0.088409423828125 -0.0287933349609375 -0.0428581237792969 0.0441741943359375
0.100624084472656 -0.009307861328125 -0.0265045166015625 0.0853729248046875
0.120231628417969 0.0152130126953125 0.03851318359375 -0.0492019653320313
0.116600036621094 -0.00634765625 0.0869903564453125 0.00518798828125
0.108589172363281 -0.0216827392578125 0.0986709594726563 0.0054473876953125
0.0846176147460938 -0.0579757690429687 0.0937271118164063 -0.0275344848632813
0.0469818115234375 -0.0742340087890625 0.0562705993652344 -0.0365982055664063
0.00378417968750001 -0.0845718383789063 0.0184535980224609 -0.0298919677734375
-0.024566650390625 -0.0755157470703125 0.00728273391723633 -0.00354290008544922
-0.0259933471679688 -0.0700798034667969 0.005767822265625 0.0288639068603516
-0.032745361328125 -0.0739669799804688 -0.0035552978515625 0.0591926574707031
-0.0236892700195313 -0.0830917358398437 -0.0300827026367187 0.0704345703125
0.0108718872070313 -0.0868759155273437 -0.046783447265625 0.071746826171875
0.03814697265625 -0.0823593139648437 -0.057647705078125 0.044921875
0.0775604248046875 -0.048553466796875 -0.0544662475585937 0.02679443359375
0.101493835449219 -0.0308914184570313 -0.0158920288085937 0.0335464477539063
0.107978820800781 -0.0098419189453125 0.0134811401367188 0.0852127075195313
0.102676391601563 0.00737762451171875 0.070648193359375 -0.049652099609375
0.105926513671875 -0.0104522705078125 0.10565185546875 -0.000648498535156251
0.099090576171875 -0.0261459350585938 0.0987472534179688 0.00519561767578125
0.0728073120117188 -0.0602035522460938 0.088104248046875 -0.0147323608398438
0.032928466796875 -0.0710296630859375 0.0547828674316406 -0.0160713195800781
-0.0070037841796875 -0.0706863403320313 0.0269775390625 -0.00344276428222657
-0.0257453918457031 -0.0574722290039062 0.0229320526123047 0.0198345184326172
-0.0233535766601562 -0.0539283752441406 0.0233840942382812 0.0474357604980469
-0.0288009643554687 -0.0577049255371094 0.0138168334960937 0.0766677856445312
-0.0225791931152344 -0.0679588317871094 -0.0163955688476563 0.0882415771484375
0.00876617431640624 -0.0768966674804688 -0.0372467041015625 0.0845489501953125
0.03643798828125 -0.0761871337890625 -0.050445556640625 0.05133056640625
0.07763671875 -0.0437393188476563 -0.0429725646972656 0.0238380432128906
0.098846435546875 -0.024383544921875 0.00986671447753907 0.0235538482666016
0.0983505249023438 -0.00547027587890625 0.0506591796875 0.0859527587890625
0.0705490112304688 -0.0005035400390625 0.0915756225585938 -0.0574569702148438
0.0806884765625 -0.0147552490234375 0.113525390625 -0.0131378173828125
0.0745925903320313 -0.02935791015625 0.0920257568359375 -0.000503540039062502
0.0468788146972656 -0.0535850524902344 0.0808944702148438 -0.00498199462890625
0.0119972229003906 -0.0558967590332031 0.0549430847167969 -0.00181198120117188
-0.0176506042480469 -0.0447196960449219 0.0371360778808594 0.0151634216308594
-0.0224571228027344 -0.0310459136962891 0.0381355285644531 0.0338363647460937
-0.0174274444580078 -0.0303421020507813 0.0371665954589844 0.0582122802734375
-0.0210952758789062 -0.0330657958984375 0.0249557495117188 0.087646484375
-0.0169181823730469 -0.0426979064941406 -0.00956726074218751 0.0999984741210937
0.00673675537109374 -0.0546302795410156 -0.0331649780273438 0.0918426513671875
0.0310173034667969 -0.0564994812011719 -0.0465087890625 0.0549125671386719
0.0657501220703125 -0.0282859802246094 -0.0349407196044922 0.0209903717041016
0.0787429809570313 -0.0125656127929688 0.029083251953125 0.0184822082519531
0.0715179443359375 0.0013885498046875 0.0789642333984375 0.0887222290039063
0.0286941528320313 -0.00322723388671875 0.1009521484375 -0.0684585571289063
0.0461349487304688 -0.0137214660644531 0.11004638671875 -0.0282440185546875
0.0401420593261719 -0.0264472961425781 0.0820465087890625 -0.0064544677734375
0.0166015625 -0.0378799438476563 0.0746612548828125 0.00109100341796875
-0.00942611694335937 -0.0312614440917969 0.0578842163085938 0.004913330078125
-0.0233592987060547 -0.00978279113769531 0.0485305786132813 0.0211410522460938
-0.0142574310302734 0.000543594360351565 0.04962158203125 0.0364837646484375
-0.00889301300048828 -0.00123882293701172 0.0446205139160156 0.059356689453125
-0.0111751556396484 -0.00329017639160156 0.0288848876953125 0.0915298461914063
-0.0133514404296875 -0.0119113922119141 -0.00925445556640624 0.105819702148438
6.29425048828143E-05 -0.0269374847412109 -0.0349273681640625 0.0943374633789063
0.0179119110107422 -0.0317955017089844 -0.0472450256347656 0.0572357177734375
0.0411605834960938 -0.0127487182617187 -0.0335350036621094 0.0211067199707031
0.043365478515625 -0.00249099731445313 0.0366630554199219 0.0189628601074219
0.0323543548583984 0.00524520874023438 0.0932083129882813 0.09185791015625
0.0244903564453125 0.0186710357666016 -0.0880508422851562 -0.0752639770507813
0.00617504119873047 -0.00328922271728516 -0.0205802917480469 -0.0171470642089844
0.000844478607177735 0.00499439239501953 0.0478286743164063 -0.0163917541503906
0.00996208190917969 0.00372505187988281 0.0664215087890625 -0.0630416870117188
0.0127172470092773 -0.00740528106689453 0.0448684692382812 -0.0950469970703125
0.00772857666015625 -0.0212917327880859 0.000740051269531258 -0.113479614257813
-0.00697898864746094 -0.0311203002929687 -0.0371551513671875 -0.0934906005859375
-0.00571441650390625 -0.0298919677734375 -0.0477981567382813 -0.0535316467285156
0.00149726867675781 -0.0319728851318359 -0.0573692321777344 -0.0240402221679688
0.0139503479003906 -0.0263843536376953 -0.0655441284179688 -0.0142707824707031
0.0210437774658203 -0.00914192199707031 -0.0725173950195313 0.0033111572265625
0.0170211791992188 0.01177978515625 -0.074310302734375 0.00311279296874999
-0.00886058807373047 0.0172452926635742 -0.0904312133789063 0.00332641601562501
-0.00993251800537109 0.00687694549560547 -0.103569030761719 0.0366058349609375
0.00551319122314453 0.0141134262084961 -0.102088928222656 0.0707473754882813
0.0694808959960938 0.0212173461914063 -0.0673599243164063 -0.0699958801269531
0.0492134094238281 -0.005126953125 0.00198173522949219 -0.0129880905151367
0.0387001037597656 -0.00330734252929688 0.0633316040039063 -0.0135536193847656
0.0373497009277344 -0.0152778625488281 0.0780410766601563 -0.060028076171875
0.0285892486572266 -0.0306949615478516 0.0516510009765625 -0.0871200561523437
0.0101814270019531 -0.0496292114257812 0.00571441650390625 -0.100967407226563
-0.0150527954101562 -0.0565872192382813 -0.0291748046875 -0.0785598754882813
-0.0147666931152344 -0.0542373657226562 -0.0407676696777344 -0.0367546081542969
-0.0114250183105469 -0.0583763122558594 -0.0515365600585937 -0.00530624389648439
0.0054931640625 -0.0570297241210938 -0.0662574768066406 0.00437927246093749
0.02703857421875 -0.0413894653320313 -0.074188232421875 0.0190582275390625
0.0338687896728516 -0.0189990997314453 -0.0743026733398438 0.0131378173828125
0.0240211486816406 0.00235748291015625 -0.0828170776367188 0.014495849609375
0.0296707153320312 -0.00141334533691406 -0.0873794555664063 0.0476608276367188
0.0457115173339844 0.00740432739257813 -0.0856170654296875 0.0825653076171875
0.104263305664063 0.0221405029296875 -0.0358047485351563 -0.0620956420898438
0.086029052734375 -0.00495147705078125 0.0320110321044922 -0.0037689208984375
0.074951171875 -0.0095977783203125 0.081512451171875 -0.0059967041015625
0.0637855529785156 -0.0333747863769531 0.090240478515625 -0.0536422729492188
0.0427703857421875 -0.0514717102050781 0.05694580078125 -0.075225830078125
0.0119476318359375 -0.0716400146484375 0.010650634765625 -0.0822830200195313
-0.0199050903320312 -0.07427978515625 -0.0182952880859375 -0.0559616088867188
-0.0222015380859375 -0.0705795288085937 -0.0269622802734375 -0.0152988433837891
-0.023651123046875 -0.0754928588867188 -0.0384101867675781 0.018463134765625
-0.00778961181640625 -0.0787200927734375 -0.0591468811035156 0.0292701721191406
0.0236892700195313 -0.0683708190917969 -0.0700187683105469 0.0397262573242187
0.0404510498046875 -0.0508575439453125 -0.0734024047851563 0.0268478393554688
0.0506019592285156 -0.0189781188964844 -0.0755844116210938 0.0246734619140625
0.0636215209960938 -0.0149955749511719 -0.0664215087890625 0.0519218444824219
0.0793914794921875 -0.00185394287109375 -0.058990478515625 0.0898208618164063
0.123031616210938 0.0194931030273438 0.00309371948242188 -0.0532722473144531
0.110542297363281 -0.00507354736328125 0.0637283325195313 0.00497817993164063
0.101486206054688 -0.0168533325195313 0.0973587036132813 0.0017852783203125
0.0811996459960938 -0.0503616333007813 0.0987930297851563 -0.0416946411132813
0.0494842529296875 -0.0684394836425781 0.0595893859863281 -0.0580368041992188
0.01019287109375 -0.0845947265625 0.0156135559082031 -0.05621337890625
-0.0229034423828125 -0.0814056396484375 -0.00450515747070313 -0.0288047790527344
-0.0262908935546875 -0.075714111328125 -0.00956058502197266 0.00912094116210937
-0.0312042236328125 -0.0806427001953125 -0.0197296142578125 0.0426406860351563
-0.019287109375 -0.0867843627929688 -0.0461273193359375 0.0543251037597656
0.0156631469726562 -0.0849761962890625 -0.0603065490722656 0.061279296875
0.0398406982421875 -0.0735244750976562 -0.0680389404296875 0.0398025512695312
0.0691642761230469 -0.0396156311035156 -0.0666694641113281 0.0301513671875
0.0901260375976563 -0.0268707275390625 -0.0418624877929687 0.0467185974121094
0.101356506347656 -0.0081939697265625 -0.023590087890625 0.0919418334960938
0.121147155761719 0.013580322265625 0.0404586791992188 -0.0488319396972656
0.115653991699219 -0.00748443603515625 0.0914154052734375 0.0073699951171875
0.109855651855469 -0.0232772827148438 0.105499267578125 0.00699615478515625
0.0843276977539063 -0.0594253540039063 0.099365234375 -0.0271224975585938
0.0452423095703125 -0.0749588012695312 0.0599937438964844 -0.036285400390625
0.00347900390625001 -0.084442138671875 0.0223178863525391 -0.0280818939208984
-0.0254135131835937 -0.074615478515625 0.0101890563964844 -0.00197315216064454
-0.0270347595214844 -0.0690650939941406 0.00811958312988281 0.0317516326904297
-0.0334701538085938 -0.0737762451171875 -0.0002899169921875 0.0645790100097656
-0.0246505737304688 -0.0823898315429688 -0.0304412841796875 0.07684326171875
0.009307861328125 -0.0871200561523438 -0.0477676391601563 0.077972412109375
0.0370101928710937 -0.0829315185546875 -0.0597610473632812 0.0493965148925781
0.0780258178710938 -0.0493545532226563 -0.0555229187011719 0.0294609069824219
0.101173400878906 -0.0320053100585938 -0.0151214599609375 0.0362548828125
0.108085632324219 -0.0098114013671875 0.01629638671875 0.0923309326171875
0.102035522460938 0.005096435546875 0.0715866088867188 -0.0494461059570313
0.104850769042969 -0.0123062133789063 0.109336853027344 0.002044677734375
0.100608825683594 -0.0280075073242188 0.104888916015625 0.007080078125
0.071441650390625 -0.0606689453125 0.0943069458007813 -0.0145797729492188
0.0306549072265625 -0.0718307495117188 0.0587043762207031 -0.0166435241699219
-0.00693511962890625 -0.0689239501953125 0.0309352874755859 -0.00260162353515625
-0.0258674621582031 -0.0560455322265625 0.0261192321777344 0.0213718414306641
-0.0234107971191406 -0.0523605346679688 0.0253639221191406 0.04949951171875
-0.0284309387207031 -0.0552978515625 0.0164108276367187 0.08087158203125
-0.0234756469726563 -0.0652542114257813 -0.0166473388671875 0.0941314697265625
0.007080078125 -0.0754852294921875 -0.03765869140625 0.0906143188476563
0.0343780517578125 -0.0763092041015625 -0.0522270202636719 0.0552864074707031
0.0774917602539063 -0.0449981689453125 -0.0448837280273437 0.0260696411132813
0.0977935791015625 -0.02703857421875 0.0110111236572266 0.0259132385253906
0.0977401733398438 -0.0058135986328125 0.052703857421875 0.0916366577148438
0.0690345764160156 -0.00313186645507813 0.0925064086914063 -0.05718994140625
0.07879638671875 -0.0166168212890625 0.116432189941406 -0.01141357421875
0.073974609375 -0.031036376953125 0.0972366333007813 0.00127410888671875
0.0448875427246094 -0.0546836853027344 0.0858535766601562 -0.00457000732421875
0.00915908813476563 -0.054443359375 0.0593032836914063 -0.00184249877929688
-0.0173263549804688 -0.0409812927246094 0.040771484375 0.0140228271484375
-0.0214710235595703 -0.0274925231933594 0.0404129028320313 0.0339508056640625
-0.0176677703857422 -0.0264873504638672 0.0379638671875 0.0593681335449219
-0.0196361541748047 -0.029541015625 0.02764892578125 0.0910873413085938
-0.0170860290527344 -0.0388526916503906 -0.00910186767578126 0.10467529296875
0.00452804565429687 -0.0521659851074219 -0.03350830078125 0.0971221923828125
0.0280914306640625 -0.0563507080078125 -0.0488014221191406 0.0586891174316406
0.0639190673828125 -0.0301246643066406 -0.0367240905761719 0.0230445861816406
0.0758056640625 -0.0147476196289063 0.02972412109375 0.0197639465332031
0.0695457458496094 -0.000682830810546875 0.0813369750976563 0.0934600830078125
0.0272178649902344 -0.00648117065429688 0.100700378417969 -0.0700454711914063
0.0433578491210938 -0.0165901184082031 0.112503051757813 -0.0274200439453125
0.0393943786621094 -0.0291748046875 0.086700439453125 -0.00565338134765625
0.0131034851074219 -0.0384521484375 0.0795364379882813 0.000839233398437498
-0.0128326416015625 -0.0291175842285156 0.0618324279785156 0.00391006469726562
-0.0237712860107422 -0.00567626953125 0.0519371032714844 0.0185470581054687
-0.0128812789916992 0.00487327575683594 0.0511360168457031 0.0350379943847656
-0.00774240493774414 0.00239992141723633 0.045196533203125 0.059112548828125
-0.00913619995117188 0.00159931182861328 0.0300445556640625 0.0941543579101562
-0.0128211975097656 -0.00776195526123047 -0.0096435546875 0.109291076660156
-0.00246047973632813 -0.0241680145263672 -0.0353851318359375 0.0977249145507813
0.0150127410888672 -0.0306625366210938 -0.0493049621582031 0.0601959228515625
0.0394058227539063 -0.013031005859375 -0.0366439819335938 0.0219039916992187
0.0398368835449219 -0.00418472290039063 0.0358047485351563 0.0198860168457031
0.0291996002197266 0.00219345092773438 0.0950469970703125 0.0958175659179688
0.0304832458496094 0.0223102569580078 -0.0914382934570312 -0.078948974609375
0.00970363616943359 -0.00288486480712891 -0.0182590484619141 -0.0189933776855469
0.00418233871459961 0.00431251525878906 0.0526847839355469 -0.0195960998535156
0.0131158828735352 0.00131416320800781 0.0700569152832031 -0.0682601928710938
0.0140523910522461 -0.0110960006713867 0.0450973510742188 -0.0993270874023438
0.00612258911132812 -0.0263862609863281 -0.00126647949218751 -0.117271423339844
-0.0111465454101563 -0.0352935791015625 -0.0394363403320313 -0.09527587890625
-0.00876426696777343 -0.034423828125 -0.0493202209472656 -0.0535354614257812
-0.0008087158203125 -0.0381202697753906 -0.0587158203125 -0.0207366943359375
0.0143756866455078 -0.0317783355712891 -0.0697364807128906 -0.00972366333007811
0.0256576538085938 -0.0122489929199219 -0.077423095703125 0.0072021484375
0.0217247009277344 0.0104446411132813 -0.0797653198242188 0.00550079345703125
-0.00535964965820312 0.0213088989257813 -0.0962905883789063 0.00460052490234375
-0.00710678100585937 0.0119390487670898 -0.106216430664063 0.038787841796875
0.00876235961914063 0.0184993743896484 -0.101593017578125 0.07684326171875
0.0761184692382813 0.023101806640625 -0.0688934326171875 -0.0725479125976563
0.0535354614257813 -0.0064697265625 0.00601291656494141 -0.0143146514892578
0.0428047180175781 -0.00577545166015625 0.0695915222167969 -0.01593017578125
0.040283203125 -0.0194549560546875 0.0823287963867188 -0.064483642578125
0.0294399261474609 -0.0347118377685547 0.0536346435546875 -0.0904922485351563
0.00826644897460938 -0.0550193786621094 0.0055389404296875 -0.103363037109375
-0.01904296875 -0.0610198974609375 -0.0290374755859375 -0.07891845703125
-0.018646240234375 -0.05853271484375 -0.0403938293457031 -0.034942626953125
-0.0145912170410156 -0.0644264221191406 -0.0506553649902344 -0.000667572021484384
0.00513839721679687 -0.0632057189941406 -0.0692367553710938 0.0107307434082031
0.0303001403808594 -0.0464515686035156 -0.0783004760742188 0.0253829956054687
0.0387077331542969 -0.0211601257324219 -0.0796279907226562 0.0169754028320312
0.028900146484375 0.00541496276855469 -0.087982177734375 0.0175247192382813
0.0327110290527344 0.00298118591308594 -0.0887527465820313 0.0510635375976563
0.0494232177734375 0.011077880859375 -0.0842666625976563 0.0898971557617188
0.110176086425781 0.0226593017578125 -0.0349884033203125 -0.0642852783203125
0.0903778076171875 -0.00589752197265625 0.0387077331542969 -0.00419235229492187
0.0792083740234375 -0.0130462646484375 0.0900650024414063 -0.00774383544921875
0.065704345703125 -0.0373802185058594 0.0963287353515625 -0.0566787719726563
0.0431175231933594 -0.056060791015625 0.060394287109375 -0.0776596069335938
0.0105361938476563 -0.0764007568359375 0.013214111328125 -0.083587646484375
-0.0236282348632813 -0.0782699584960938 -0.016876220703125 -0.0554389953613281
-0.02593994140625 -0.0736770629882812 -0.0251274108886719 -0.0124588012695313
-0.027313232421875 -0.0803375244140625 -0.035980224609375 0.0251121520996094
-0.00906372070312501 -0.0829086303710938 -0.0607185363769531 0.0375480651855469
0.0247802734375 -0.0730667114257813 -0.0731201171875 0.048828125
0.0439414978027344 -0.0532455444335938 -0.0771484375 0.0326080322265625
0.0550384521484375 -0.0181961059570313 -0.079376220703125 0.0284500122070313
0.06707763671875 -0.0127677917480469 -0.0662956237792969 0.0562667846679687
0.0823287963867188 0.000518798828125 -0.0549545288085938 0.0984344482421875
0.126884460449219 0.0189437866210938 0.00465393066406251 -0.0556373596191406
0.113235473632813 -0.0075225830078125 0.071929931640625 0.00536346435546875
0.105445861816406 -0.0202560424804688 0.106857299804688 0.000740051269531249
0.0834884643554688 -0.0540924072265625 0.10552978515625 -0.0443649291992188
0.0492401123046875 -0.0719146728515625 0.0646171569824219 -0.0591506958007813
0.00861358642578125 -0.0875701904296875 0.0199394226074219 -0.0567398071289063
-0.0264511108398437 -0.08331298828125 -0.00171470642089844 -0.0279788970947266
-0.0301742553710938 -0.0780487060546875 -0.00662803649902344 0.0129384994506836
-0.034637451171875 -0.0832977294921875 -0.0159759521484375 0.0501022338867187
-0.0214385986328125 -0.0897140502929688 -0.0452690124511719 0.0638275146484375
0.0154571533203125 -0.0879974365234375 -0.0616607666015625 0.0707931518554688
0.0411758422851563 -0.0770721435546875 -0.0709152221679688 0.0471878051757813
0.0715866088867188 -0.0399398803710938 -0.0694503784179687 0.0345420837402344
0.0915069580078125 -0.0274581909179688 -0.0405349731445313 0.0509719848632812
0.104354858398438 -0.0078582763671875 -0.01849365234375 0.101669311523438
0.123573303222656 0.0122451782226563 0.0432777404785156 -0.0499458312988281
0.117195129394531 -0.0101470947265625 0.0997772216796875 0.00838470458984375
0.1136474609375 -0.0263671875 0.115631103515625 0.00665283203125
0.0855560302734375 -0.06280517578125 0.107070922851563 -0.0292510986328125
0.04461669921875 -0.0779190063476563 0.0652084350585938 -0.0378150939941406
0.0019073486328125 -0.0852279663085938 0.0275688171386719 -0.0285587310791016
-0.027679443359375 -0.0747833251953125 0.0143165588378906 -6.67572021484833E-06
-0.02899169921875 -0.0692024230957031 0.0126228332519531 0.0359992980957031
-0.0351333618164063 -0.0741958618164063 0.00463867187499999 0.0719070434570312
-0.0265655517578125 -0.0819473266601562 -0.0283660888671875 0.0863876342773438
0.00771331787109376 -0.0888671875 -0.0481643676757812 0.08758544921875
0.03570556640625 -0.0854873657226563 -0.0620307922363281 0.0570602416992188
0.079315185546875 -0.0513534545898437 -0.0577507019042969 0.0342063903808594
0.102622985839844 -0.0341110229492188 -0.0130043029785156 0.0402259826660156
0.110061645507813 -0.0117721557617188 0.022247314453125 0.101188659667969
0.103080749511719 0.0026397705078125 0.0737762451171875 -0.0505752563476563
0.104164123535156 -0.0150222778320313 0.117538452148438 0.00312042236328125
0.101959228515625 -0.0314559936523438 0.114845275878906 0.00653076171875
0.071014404296875 -0.0634765625 0.101982116699219 -0.0157394409179688
0.02838134765625 -0.0719070434570313 0.0642356872558594 -0.0178604125976563
-0.00750350952148438 -0.0681381225585938 0.0356407165527344 -0.00269699096679688
-0.0256500244140625 -0.0537643432617188 0.0298576354980469 0.0222377777099609
-0.024688720703125 -0.0499191284179688 0.0298194885253906 0.0529022216796875
-0.0291481018066406 -0.0539474487304687 0.0229644775390625 0.08782958984375
-0.0247421264648437 -0.0629043579101563 -0.0133514404296875 0.103157043457031
0.00416564941406249 -0.0749893188476563 -0.0368804931640625 0.0992813110351563
0.0319671630859375 -0.0776214599609375 -0.0539360046386719 0.0621566772460938
0.0768203735351563 -0.0472412109375 -0.0464439392089844 0.0305557250976562
0.0971755981445313 -0.0298309326171875 0.0131378173828125 0.0282363891601562
0.0975723266601563 -0.0091552734375 0.0590362548828125 0.100135803222656
0.068328857421875 -0.00612258911132813 0.093536376953125 -0.059478759765625
0.0767669677734375 -0.01959228515625 0.122833251953125 -0.010498046875
0.0740280151367187 -0.0350494384765625 0.105941772460938 0.00131988525390625
0.0425224304199219 -0.0564308166503906 0.093597412109375 -0.00632476806640625
0.00487518310546875 -0.0532951354980469 0.0644950866699219 -0.00397491455078125
-0.0184211730957031 -0.0374832153320313 0.0459518432617188 0.0127296447753906
-0.0208034515380859 -0.023956298828125 0.0437049865722656 0.0344200134277344
-0.0160655975341797 -0.0235576629638672 0.0419807434082031 0.0612373352050781
-0.0181541442871094 -0.0265979766845703 0.0315017700195312 0.0968399047851563
-0.0181369781494141 -0.0347938537597656 -0.00653839111328125 0.113067626953125
0.00206375122070313 -0.0500831604003906 -0.0326461791992187 0.104904174804688
0.0251007080078125 -0.056243896484375 -0.0490760803222656 0.0646553039550781
0.0626373291015625 -0.0314598083496094 -0.0387802124023438 0.0262870788574219
0.0745086669921875 -0.0178604125976563 0.0310440063476563 0.0217800140380859
0.0686073303222656 -0.00385665893554688 0.0871734619140625 0.10076904296875
0.0242176055908203 -0.0104598999023438 0.10089111328125 -0.073516845703125
0.0411872863769531 -0.0204277038574219 0.116775512695313 -0.02813720703125
0.0368232727050781 -0.0331268310546875 0.0941238403320313 -0.0054779052734375
0.00882339477539063 -0.0396614074707031 0.0868911743164063 -0.000663757324218752
-0.0174407958984375 -0.0268096923828125 0.0665130615234375 0.000465393066406248
-0.0240573883056641 -0.000291824340820317 0.0563888549804688 0.0161552429199219
-0.0107593536376953 0.0104837417602539 0.0532913208007813 0.0332870483398438
-0.00566720962524414 0.00729799270629883 0.0478363037109375 0.0604095458984375
-0.0066533088684082 0.00543880462646484 0.0338287353515625 0.0977325439453125
-0.0124292373657227 -0.0027008056640625 -0.0076751708984375 0.115768432617188
-0.00431442260742187 -0.0200328826904297 -0.0348434448242188 0.104927062988281
0.0123062133789063 -0.0296840667724609 -0.0508689880371094 0.0656166076660156
0.0367240905761719 -0.0136756896972656 -0.0389976501464844 0.0255279541015625
0.0367622375488281 -0.00699996948242188 0.0360565185546875 0.0208969116210938
0.0262012481689453 -0.000829696655273437 0.100044250488281 0.101631164550781
0.0385169982910156 0.0245895385742187 -0.0963592529296875 -0.0812759399414063
0.0141630172729492 -0.00381565093994141 -0.0161380767822266 -0.0206012725830078
0.00813961029052734 0.00202465057373047 0.0569000244140625 -0.02484130859375
0.0157308578491211 -0.00338077545166016 0.0709152221679688 -0.0752487182617188
0.0142841339111328 -0.0160865783691406 0.0431060791015625 -0.104881286621094
0.00289535522460937 -0.0325489044189453 -0.00603485107421874 -0.120635986328125
-0.0170707702636719 -0.0396690368652344 -0.0438690185546875 -0.09613037109375
-0.0144004821777344 -0.0386505126953125 -0.0515403747558594 -0.0507965087890625
-0.00625228881835937 -0.04510498046875 -0.0597190856933594 -0.0163002014160156
0.0132331848144531 -0.039520263671875 -0.072845458984375 -0.00308227539062501
0.0292510986328125 -0.0184116363525391 -0.0811996459960938 0.0147705078125
0.0276336669921875 0.00792121887207031 -0.0859909057617188 0.0111007690429688
0.00113677978515625 0.0248851776123047 -0.102203369140625 0.00968933105468748
-0.00290107727050781 0.017822265625 -0.1090087890625 0.0428390502929688
0.0141277313232422 0.0235500335693359 -0.0986557006835938 0.0838088989257812
0.08380126953125 0.023468017578125 -0.0714569091796875 -0.0740966796875
0.0578651428222656 -0.00917816162109375 0.0106515884399414 -0.0153474807739258
0.0464553833007813 -0.00954818725585938 0.0759811401367188 -0.0213165283203125
0.0420265197753906 -0.024810791015625 0.0856704711914063 -0.0717086791992188
0.0284042358398438 -0.0403938293457031 0.0535812377929688 -0.095947265625
0.0037384033203125 -0.0608673095703125 0.00394439697265625 -0.10601806640625
-0.0252304077148437 -0.0643272399902344 -0.0310440063476562 -0.0789871215820313
-0.0249099731445312 -0.0619277954101563 -0.0393829345703125 -0.0322532653808594
-0.0210113525390625 -0.0699691772460937 -0.0495338439941406 0.00599670410156249
0.00230026245117187 -0.0695915222167969 -0.070159912109375 0.0197601318359375
0.032073974609375 -0.0522651672363281 -0.0811004638671875 0.0345611572265625
0.0434074401855469 -0.0254249572753906 -0.0840835571289062 0.0243911743164063
0.0351200103759766 0.00764656066894531 -0.0923538208007812 0.023529052734375
0.0379524230957031 0.00620651245117187 -0.0885772705078125 0.0567398071289063
0.0547447204589844 0.0141143798828125 -0.0785369873046875 0.09918212890625
0.117149353027344 0.0207901000976562 -0.03564453125 -0.0655441284179688
0.0936737060546875 -0.010009765625 0.045501708984375 -0.005828857421875
0.08355712890625 -0.0179672241210938 0.098236083984375 -0.0138473510742188
0.0672874450683594 -0.0434913635253906 0.101593017578125 -0.0637893676757813
0.0416679382324219 -0.0617866516113281 0.0624160766601563 -0.0828704833984375
0.0058746337890625 -0.08148193359375 0.0140609741210938 -0.0856246948242188
-0.030303955078125 -0.0807723999023437 -0.0155525207519531 -0.055084228515625
-0.0315933227539063 -0.0758209228515625 -0.0223522186279297 -0.00866699218750001
-0.0334701538085937 -0.0842819213867188 -0.0315799713134766 0.0317955017089844
-0.013092041015625 -0.08843994140625 -0.0590896606445313 0.0487594604492187
0.0247421264648437 -0.0790557861328125 -0.073760986328125 0.0602798461914063
0.0463371276855469 -0.0582466125488281 -0.080078125 0.0418167114257812
0.0602645874023438 -0.0181846618652344 -0.082611083984375 0.035491943359375
0.0712203979492187 -0.011810302734375 -0.0641059875488281 0.061767578125
0.086822509765625 0.00107574462890625 -0.0474929809570312 0.108238220214844
0.132057189941406 0.0153427124023438 0.00629043579101563 -0.0568466186523438
0.115982055664062 -0.0115814208984375 0.0807571411132813 0.0029754638671875
0.108680725097656 -0.0264053344726563 0.117691040039063 -0.0047760009765625
0.083740234375 -0.0604019165039062 0.112220764160156 -0.05126953125
0.046234130859375 -0.0767059326171875 0.0678749084472656 -0.0639991760253906
0.00446319580078125 -0.0916824340820313 0.0229530334472656 -0.0582695007324219
-0.031890869140625 -0.0844879150390625 0.0013275146484375 -0.0269432067871094
-0.0346145629882813 -0.0785980224609375 -0.00107097625732422 0.0159149169921875
-0.0400924682617187 -0.0851669311523438 -0.00849914550781251 0.0571517944335937
-0.0252456665039062 -0.0920944213867188 -0.04083251953125 0.0755386352539063
0.0128173828125 -0.0919952392578125 -0.059539794921875 0.0831756591796875
0.0402297973632812 -0.081329345703125 -0.0721435546875 0.057159423828125
0.0745391845703125 -0.0427169799804687 -0.07147216796875 0.0417251586914063
0.09423828125 -0.0294189453125 -0.0369644165039062 0.056365966796875
0.107658386230469 -0.010162353515625 -0.00933837890625001 0.11175537109375
0.126762390136719 0.008148193359375 0.0453910827636719 -0.0524024963378906
0.118049621582031 -0.0144805908203125 0.109359741210938 0.0063018798828125
0.116012573242188 -0.0328292846679688 0.127334594726563 0.0019378662109375
0.0847930908203125 -0.0671539306640625 0.114875793457031 -0.0354156494140625
0.0417098999023438 -0.0803985595703125 0.0707931518554687 -0.0418014526367188
-0.0009918212890625 -0.086761474609375 0.0321636199951172 -0.0293350219726563
-0.030242919921875 -0.0740966796875 0.0186233520507813 0.000772476196289058
-0.0323905944824219 -0.068603515625 0.0190391540527344 0.0388832092285156
-0.0381851196289062 -0.0731964111328125 0.0137176513671875 0.0785369873046875
-0.0303802490234375 -0.081512451171875 -0.0222244262695312 0.097625732421875
0.00361633300781249 -0.0899658203125 -0.0436630249023438 0.0996017456054688
0.0330429077148437 -0.088531494140625 -0.0617332458496094 0.0671043395996094
0.0792999267578125 -0.05511474609375 -0.0584030151367187 0.0415382385253906
0.102935791015625 -0.03802490234375 -0.00885391235351562 0.0441398620605469
0.110847473144531 -0.0159149169921875 0.0319747924804687 0.109611511230469
0.103271484375 -0.00235748291015625 0.0767135620117187 -0.0538787841796875
0.102531433105469 -0.0188217163085938 0.126319885253906 0.00107574462890625
0.101829528808594 -0.0376968383789063 0.12548828125 0.003173828125
0.0682792663574219 -0.066864013671875 0.109970092773438 -0.0210113525390625
0.0247344970703125 -0.0726470947265625 0.0696983337402344 -0.0212020874023438
-0.00979232788085938 -0.0660171508789062 0.0413780212402344 -0.00445556640625
-0.0264244079589844 -0.0511207580566406 0.0345706939697266 0.0222454071044922
-0.0253410339355469 -0.0473289489746094 0.0369987487792969 0.0556488037109375
-0.0295257568359375 -0.05126953125 0.0318984985351563 0.0933303833007813
-0.0264244079589844 -0.0591278076171875 -0.00630950927734376 0.113250732421875
0.000160217285156247 -0.0737152099609375 -0.0315017700195312 0.110588073730469
0.0271072387695313 -0.0786590576171875 -0.05279541015625 0.0717086791992187
0.07476806640625 -0.0510025024414063 -0.0469741821289063 0.0368576049804687
0.0955352783203125 -0.034912109375 0.0160636901855469 0.0308284759521484
0.0969772338867188 -0.0145950317382813 0.0702972412109375 0.107460021972656
0.0654373168945313 -0.0114402770996094 0.0941848754882813 -0.0636520385742188
0.0735321044921875 -0.0243453979492188 0.129676818847656 -0.01361083984375
0.0719985961914063 -0.0406723022460937 0.114776611328125 -0.002471923828125
0.037994384765625 -0.05804443359375 0.101150512695313 -0.00991058349609375
0.000553131103515619 -0.0510444641113281 0.0699958801269531 -0.0081329345703125
-0.0188961029052734 -0.0327892303466797 0.0519142150878906 0.0098724365234375
-0.0189208984375 -0.0189571380615234 0.0487861633300781 0.033050537109375
-0.0147914886474609 -0.0192680358886719 0.0481147766113281 0.0619659423828125
-0.0165767669677734 -0.0217876434326172 0.0411376953125 0.10076904296875
-0.0180683135986328 -0.029327392578125 0.000122070312500012 0.121360778808594
-0.001251220703125 -0.0466461181640625 -0.0272598266601563 0.114028930664062
0.0205879211425781 -0.0555610656738281 -0.0483856201171875 0.0729522705078125
0.0594825744628906 -0.0343742370605469 -0.0398979187011719 0.0322418212890625
0.0708160400390625 -0.022064208984375 0.0334091186523438 0.0229740142822266
0.0655441284179688 -0.00873565673828125 0.0973892211914063 0.105690002441406
0.0206813812255859 -0.0141258239746094 0.099334716796875 -0.0787582397460938
0.0368270874023438 -0.0246925354003906 0.121681213378906 -0.0314788818359375
0.0325927734375 -0.0380630493164063 0.100837707519531 -0.00901031494140625
0.00279617309570313 -0.0396537780761719 0.093963623046875 -0.005523681640625
-0.0223808288574219 -0.0215587615966797 0.0711822509765625 -0.00504302978515625
-0.0231227874755859 0.00694084167480469 0.0603294372558594 0.0110511779785156
-0.00624275207519531 0.016448974609375 0.055816650390625 0.0306892395019531
-0.00202465057373047 0.011958122253418 0.0518989562988281 0.0602569580078125
-0.00215530395507812 0.0105295181274414 0.0410537719726563 0.100997924804688
-0.0101003646850586 0.00405597686767578 -0.00180053710937501 0.1229248046875
-0.00660514831542969 -0.0152072906494141 -0.0309219360351563 0.113380432128906
0.00782394409179687 -0.0279579162597656 -0.049774169921875 0.0729217529296875
0.0330944061279297 -0.0146617889404297 -0.0410041809082031 0.0300102233886719
0.0319709777832031 -0.0089874267578125 0.0360946655273438 0.021514892578125
0.0214004516601563 -0.00463485717773438 0.108627319335938 0.104850769042969
0.0478897094726562 0.0243263244628906 -0.101150512695312 -0.07989501953125
0.019561767578125 -0.00589942932128906 -0.01416015625 -0.0228843688964844
0.0121469497680664 -0.00147533416748047 0.05902099609375 -0.0314521789550781
0.0173978805541992 -0.00896358489990234 0.0681838989257813 -0.0830001831054688
0.0125770568847656 -0.0218257904052734 0.0380096435546875 -0.109596252441406
-0.00319290161132812 -0.0379180908203125 -0.0122451782226563 -0.120849609375
-0.0248947143554688 -0.0418891906738281 -0.0486679077148438 -0.0940322875976563
-0.0216331481933594 -0.041168212890625 -0.0528373718261719 -0.0474815368652344
-0.0142631530761719 -0.04986572265625 -0.0587387084960938 -0.0098724365234375
0.00908279418945313 -0.0469398498535156 -0.0730972290039063 0.00595092773437501
0.0306453704833984 -0.0259380340576172 -0.0821914672851563 0.023895263671875
0.0333938598632813 0.00310707092285156 -0.088714599609375 0.0192413330078125
0.00971031188964844 0.0274658203125 -0.105903625488281 0.016265869140625
0.00505256652832031 0.0222835540771484 -0.108322143554688 0.0479583740234375
0.0212249755859375 0.0275173187255859 -0.0910797119140625 0.0906753540039062
0.0918045043945313 0.0206527709960938 -0.0733108520507812 -0.0732650756835938
0.0620002746582031 -0.0133552551269531 0.0148906707763672 -0.0189285278320313
0.0498008728027344 -0.0153923034667969 0.0797653198242188 -0.0290679931640625
0.0423393249511719 -0.031219482421875 0.0848159790039063 -0.0795822143554688
0.0252304077148438 -0.0462989807128906 0.0503311157226563 -0.100616455078125
-0.00283050537109374 -0.0652389526367188 0.000968933105468739 -0.106376647949219
-0.0341758728027344 -0.0660743713378906 -0.0326309204101563 -0.07684326171875
-0.0332069396972656 -0.0631256103515625 -0.037750244140625 -0.028533935546875
-0.0296859741210937 -0.073455810546875 -0.0451698303222656 0.0126609802246094
-0.00360870361328125 -0.0757369995117187 -0.0670433044433594 0.03021240234375
0.03125 -0.0594253540039063 -0.0791473388671875 0.0457305908203125
0.0469970703125 -0.0311965942382813 -0.0853118896484375 0.0337448120117187
0.0424079895019531 0.0082855224609375 -0.0938873291015625 0.0309524536132813
0.044189453125 0.00905990600585938 -0.0853652954101563 0.0618438720703125
0.06048583984375 0.0160179138183594 -0.06817626953125 0.106918334960938
0.12310791015625 0.0160903930664063 -0.0352287292480469 -0.0656318664550781
0.0958328247070313 -0.0166549682617188 0.0518302917480469 -0.0104789733886719
0.0849151611328125 -0.025299072265625 0.104545593261719 -0.0220794677734375
0.0656089782714844 -0.0498924255371094 0.102615356445313 -0.0718536376953125
0.0372657775878906 -0.0663375854492188 0.0621566772460938 -0.0871429443359375
-0.00113677978515625 -0.0849380493164063 0.0140609741210938 -0.0861740112304687
-0.0376205444335938 -0.080718994140625 -0.0140419006347656 -0.0541305541992188
-0.0386734008789063 -0.076263427734375 -0.0169134140014648 -0.00530242919921875
-0.0417251586914062 -0.0854644775390625 -0.0231857299804688 0.0385818481445312
-0.0190200805664063 -0.0917282104492188 -0.052734375 0.0594520568847656
0.022125244140625 -0.0844497680664063 -0.0686874389648438 0.072784423828125
0.04705810546875 -0.0630035400390625 -0.0787734985351563 0.052459716796875
0.0647087097167969 -0.0196266174316406 -0.0820159912109375 0.0438461303710938
0.0754623413085938 -0.0117874145507813 -0.058441162109375 0.0668601989746094
0.0908432006835937 0.000518798828125 -0.0350112915039062 0.115737915039062
0.134834289550781 0.009674072265625 0.00781631469726563 -0.0573081970214844
0.1158447265625 -0.018035888671875 0.089324951171875 -0.00218963623046875
0.108818054199219 -0.0339584350585938 0.125373840332031 -0.0140228271484375
0.0807266235351563 -0.0660247802734375 0.11614990234375 -0.0598068237304688
0.0409698486328125 -0.0800552368164062 0.0700912475585937 -0.06878662109375
-0.00146484375000001 -0.0932235717773438 0.025665283203125 -0.0596199035644531
-0.0373916625976562 -0.0826339721679688 0.00509643554687499 -0.02679443359375
-0.03997802734375 -0.0764007568359375 0.00583267211914062 0.0185966491699219
-0.0460891723632812 -0.0839920043945313 0.00277709960937499 0.0621070861816406
-0.0307464599609375 -0.0915756225585938 -0.0317001342773438 0.0859451293945313
0.00885772705078126 -0.0946884155273438 -0.05194091796875 0.0946121215820313
0.0373916625976563 -0.0845565795898438 -0.0687675476074219 0.0678901672363281
0.0753707885742188 -0.0449371337890625 -0.0696029663085938 0.05072021484375
0.0944061279296875 -0.0319900512695313 -0.0309677124023438 0.0605278015136719
0.108612060546875 -0.0135955810546875 0.00506591796875 0.117607116699219
0.125762939453125 0.00183868408203125 0.0472450256347656 -0.0541152954101563
0.114891052246094 -0.0200653076171875 0.117851257324219 0.000915527343749999
0.114334106445313 -0.0395278930664063 0.135444641113281 -0.00653076171875
0.0809097290039062 -0.0719680786132813 0.120620727539063 -0.0439453125
0.0366363525390625 -0.0815582275390625 0.073974609375 -0.047027587890625
-0.00477600097656251 -0.0860595703125 0.0365982055664063 -0.0321159362792969
-0.0334014892578125 -0.0716094970703125 0.0243167877197266 0.000268936157226558
-0.0349349975585937 -0.065032958984375 0.0272178649902344 0.0402107238769531
-0.042022705078125 -0.0704574584960937 0.0262451171875 0.08172607421875
-0.0339431762695313 -0.0783309936523437 -0.0106048583984375 0.107269287109375
-0.000511169433593749 -0.0890731811523438 -0.0347061157226562 0.110420227050781
0.028076171875 -0.089508056640625 -0.0569229125976562 0.0777053833007813
0.07623291015625 -0.0580978393554688 -0.0557022094726563 0.0495719909667969
0.0993423461914063 -0.0418472290039063 -0.00336074829101562 0.0471649169921875
0.109237670898438 -0.020294189453125 0.0456924438476562 0.114578247070312
0.099822998046875 -0.00782012939453125 0.076629638671875 -0.0564956665039063
0.0980453491210938 -0.0237655639648438 0.133255004882813 -0.004913330078125
0.0983734130859375 -0.0425949096679688 0.133995056152344 -0.00457763671875
0.0629806518554687 -0.0688056945800781 0.115936279296875 -0.0282135009765625
0.0198554992675781 -0.0698471069335938 0.0739898681640625 -0.0276336669921875
-0.011322021484375 -0.0627174377441406 0.0458946228027344 -0.00828170776367188
-0.0260429382324219 -0.0469779968261719 0.04034423828125 0.0204353332519531
-0.0247077941894531 -0.0433082580566406 0.0443229675292969 0.0547409057617187
-0.029510498046875 -0.0468177795410156 0.044097900390625 0.0950851440429687
-0.0273590087890625 -0.0538864135742188 0.00575256347656249 0.1207275390625
-0.00323486328125 -0.0698509216308594 -0.022216796875 0.11859130859375
0.0209884643554687 -0.0776290893554688 -0.0472183227539062 0.0813217163085937
0.0695724487304688 -0.0534439086914063 -0.0444450378417969 0.0437431335449219
0.0897216796875 -0.0395278930664063 0.0207653045654297 0.0323486328125
0.0922012329101563 -0.0196380615234375 0.082733154296875 0.11016845703125
0.0606613159179688 -0.0160789489746094 0.092529296875 -0.0673294067382813
0.0671119689941406 -0.0283927917480469 0.134185791015625 -0.018646240234375
0.0659446716308594 -0.0447502136230469 0.121932983398438 -0.00902557373046875
0.0319099426269531 -0.0571098327636719 0.10675048828125 -0.0177383422851563
-0.00347137451171875 -0.0460853576660156 0.073577880859375 -0.0144195556640625
-0.0176429748535156 -0.0276927947998047 0.0553207397460937 0.00450515747070312
-0.0143918991088867 -0.0137338638305664 0.0521202087402344 0.0298805236816406
-0.0112771987915039 -0.0145816802978516 0.0546150207519531 0.0609130859375
-0.012939453125 -0.0169429779052734 0.0511856079101563 0.100410461425781
-0.0159435272216797 -0.0233001708984375 0.0117111206054688 0.127639770507812
-0.0036163330078125 -0.0405044555664063 -0.0183334350585937 0.121726989746094
0.0149917602539062 -0.0524215698242188 -0.0438003540039063 0.080780029296875
0.0542831420898438 -0.0355186462402344 -0.0385169982910156 0.0380783081054688
0.0642776489257813 -0.0257034301757813 0.0354118347167969 0.023345947265625
0.0594291687011719 -0.0135383605957031 0.108123779296875 0.106651306152344
0.0149402618408203 -0.017669677734375 0.0938949584960938 -0.0838851928710938
0.0286426544189453 -0.0281524658203125 0.122749328613281 -0.0360870361328125
0.024444580078125 -0.0413665771484375 0.105690002441406 -0.0148391723632813
-0.00371170043945313 -0.0371208190917969 0.0990066528320313 -0.0128326416015625
-0.0258617401123047 -0.0134963989257813 0.0739517211914063 -0.0120086669921875
-0.0197029113769531 0.0141201019287109 0.0621833801269531 0.00381851196289063
0.000432968139648439 0.0216312408447266 0.0575065612792969 0.0267829895019531
0.00389957427978516 0.0163173675537109 0.0560684204101563 0.0573616027832031
0.00478553771972656 0.0155296325683594 0.0488204956054687 0.0995101928710937
-0.00546741485595703 0.0101699829101563 0.00757598876953125 0.127716064453125
-0.00680971145629883 -0.0081019401550293 -0.02288818359375 0.119552612304687
0.00446701049804688 -0.022918701171875 -0.0460281372070313 0.0798721313476563
0.0279159545898437 -0.0143527984619141 -0.0415840148925781 0.0355072021484375
0.0247859954833984 -0.0102691650390625 0.0364303588867188 0.0214576721191406
0.0143070220947266 -0.00735950469970703 0.117118835449219 0.104568481445313
0.0569801330566406 0.0232200622558594 -0.101692199707031 -0.0778274536132813
0.0246009826660156 -0.009765625 -0.0123004913330078 -0.0257644653320313
0.0154962539672852 -0.00657272338867188 0.0582122802734375 -0.0374183654785156
0.0176658630371094 -0.0156764984130859 0.06396484375 -0.0872268676757813
0.00979423522949219 -0.0270957946777344 0.0326461791992188 -0.109931945800781
-0.0103607177734375 -0.0419578552246094 -0.0163726806640625 -0.118919372558594
-0.0328445434570313 -0.0424537658691406 -0.0511322021484375 -0.0900115966796875
-0.0293731689453125 -0.0417938232421875 -0.0513992309570313 -0.0433006286621094
-0.0234642028808594 -0.0521469116210938 -0.0546607971191406 -0.00508499145507813
0.00268173217773437 -0.0529937744140625 -0.0693168640136719 0.0139312744140625
0.0296173095703125 -0.0338344573974609 -0.0800247192382813 0.0325927734375
0.0375442504882812 -0.00388336181640625 -0.0882797241210938 0.0262374877929687
0.0184574127197266 0.0267753601074219 -0.106513977050781 0.0219192504882812
0.0136547088623047 0.0244216918945312 -0.105743408203125 0.050323486328125
0.0298290252685547 0.0298576354980469 -0.0819778442382812 0.0919952392578125
0.098052978515625 0.017364501953125 -0.0725479125976562 -0.0722808837890625
0.0634078979492188 -0.0180587768554688 0.0187892913818359 -0.023040771484375
0.0504264831542969 -0.0211334228515625 0.080780029296875 -0.0364303588867187
0.0400466918945312 -0.0370635986328125 0.0817108154296875 -0.0841445922851563
0.0205802917480469 -0.0506706237792969 0.0473098754882813 -0.101325988769531
-0.0105171203613281 -0.0674667358398437 -0.000648498535156251 -0.104721069335937
-0.04156494140625 -0.0650367736816406 -0.0322418212890625 -0.0741653442382813
-0.0397872924804688 -0.0620956420898438 -0.0330371856689453 -0.0253200531005859
-0.0384368896484375 -0.074462890625 -0.0375938415527344 0.0167884826660156
-0.00989532470703125 -0.079742431640625 -0.0602264404296875 0.0381927490234375
0.0294303894042969 -0.0662040710449219 -0.073638916015625 0.0552825927734375
0.0496330261230469 -0.0367050170898438 -0.0829391479492188 0.0421524047851563
0.0495719909667969 0.00735855102539063 -0.0925750732421875 0.0371475219726563
0.0511436462402344 0.0108261108398438 -0.0802154541015625 0.0638275146484375
0.0667648315429687 0.0176467895507813 -0.0564804077148437 0.108512878417969
0.124755859375 0.0120620727539063 -0.0330581665039062 -0.0642013549804688
0.0948562622070313 -0.0206527709960938 0.0572166442871094 -0.0160369873046875
0.0835800170898438 -0.0312423706054688 0.107231140136719 -0.0303726196289063
0.0624618530273438 -0.0550460815429688 0.101837158203125 -0.0782928466796875
0.0318756103515625 -0.0687408447265625 0.0607757568359375 -0.0894546508789063
-0.0080108642578125 -0.08575439453125 0.0146026611328125 -0.0855255126953125
-0.0433197021484375 -0.0786590576171875 -0.0109481811523438 -0.0521202087402344
-0.0442428588867187 -0.0734176635742188 -0.0100860595703125 -0.00360584259033204
-0.048553466796875 -0.0842132568359375 -0.0130119323730469 0.0418128967285156
-0.0247116088867188 -0.09234619140625 -0.0426025390625 0.06719970703125
0.0189971923828125 -0.087799072265625 -0.0600738525390625 0.0812911987304688
0.0464973449707031 -0.0668983459472656 -0.074188232421875 0.0612640380859375
0.06854248046875 -0.0198440551757813 -0.0788345336914063 0.050262451171875
0.0789871215820313 -0.0111770629882813 -0.0522994995117187 0.0691566467285156
0.09271240234375 0.001007080078125 -0.0216903686523438 0.117538452148437
0.133743286132813 0.00566864013671875 0.0102310180664063 -0.05810546875
0.112297058105469 -0.0219497680664063 0.0951156616210938 -0.0084075927734375
0.10552978515625 -0.0391693115234375 0.1295166015625 -0.0226821899414063
0.0759735107421875 -0.0688629150390625 0.116752624511719 -0.0665130615234375
0.0365066528320312 -0.0802993774414063 0.0704345703125 -0.0726394653320313
-0.00643157958984376 -0.091552734375 0.0293197631835938 -0.0608901977539063
-0.0408096313476562 -0.0790557861328125 0.0101070404052734 -0.0265865325927734
-0.0430984497070313 -0.0726165771484375 0.0135726928710937 0.0183982849121094
-0.050079345703125 -0.0807952880859375 0.0136260986328125 0.0635452270507813
-0.034088134765625 -0.0896682739257813 -0.0199050903320313 0.0919265747070313
0.0057373046875 -0.0943145751953125 -0.041107177734375 0.102485656738281
0.0353775024414063 -0.085296630859375 -0.061981201171875 0.0764999389648438
0.0752639770507813 -0.0452423095703125 -0.0646476745605469 0.0565338134765625
0.0933837890625 -0.0324859619140625 -0.0233879089355469 0.0626182556152344
0.106842041015625 -0.0138015747070313 0.0181655883789063 0.119300842285156
0.121795654296875 -0.001800537109375 0.0488014221191406 -0.0544891357421875
0.109725952148438 -0.0230026245117188 0.123191833496094 -0.00559234619140625
0.109222412109375 -0.0430679321289063 0.139793395996094 -0.0148849487304688
0.0759201049804687 -0.0727081298828125 0.12286376953125 -0.0504074096679688
0.0322341918945313 -0.0784988403320313 0.0757064819335938 -0.051300048828125
-0.0073699951171875 -0.0826644897460938 0.0406379699707031 -0.0342788696289063
-0.0333518981933594 -0.067230224609375 0.029052734375 -0.00118446350097657
-0.0347366333007813 -0.0606727600097656 0.0351791381835938 0.0380020141601562
-0.0420303344726563 -0.0658645629882813 0.0384140014648438 0.0810012817382813
-0.0345306396484375 -0.0738296508789063 0.0021820068359375 0.111564636230469
-0.00325012207031249 -0.0855865478515625 -0.0232162475585938 0.116539001464844
0.024078369140625 -0.0870590209960938 -0.0492324829101562 0.0848922729492187
0.0731353759765625 -0.057342529296875 -0.0507965087890625 0.05560302734375
0.0946044921875 -0.0433197021484375 0.00310516357421875 0.0480613708496094
0.103950500488281 -0.0224227905273437 0.05853271484375 0.11541748046875
0.0937728881835938 -0.0107879638671875 0.0764389038085938 -0.0569992065429688
0.0906906127929688 -0.0253829956054687 0.1370849609375 -0.00934600830078125
0.0912017822265625 -0.0449905395507813 0.137763977050781 -0.0119247436523438
0.057830810546875 -0.066925048828125 0.119041442871094 -0.0350494384765625
0.0166702270507813 -0.0647354125976563 0.0753936767578125 -0.0325241088867188
-0.0112342834472656 -0.0577239990234375 0.0495872497558594 -0.0122261047363281
-0.0223350524902344 -0.0426139831542969 0.0444564819335938 0.0179557800292969
-0.0218353271484375 -0.038818359375 0.051025390625 0.0516700744628906
-0.0260848999023438 -0.0428276062011719 0.05487060546875 0.0929794311523438
-0.0255279541015625 -0.04803466796875 0.0178756713867187 0.123321533203125
-0.00517654418945313 -0.0635452270507813 -0.0104446411132812 0.123405456542969
0.0168075561523438 -0.0728073120117188 -0.0397262573242188 0.0870590209960937
0.0636787414550781 -0.0525627136230469 -0.0404777526855469 0.0486793518066406
0.0815658569335938 -0.039947509765625 0.0250644683837891 0.0330772399902344
0.0850296020507813 -0.0216598510742188 0.093719482421875 0.109046936035156
0.0523185729980469 -0.0179100036621094 0.0892562866210938 -0.0673904418945312
0.0583648681640625 -0.0289840698242187 0.13555908203125 -0.0219192504882813
0.0569038391113281 -0.045745849609375 0.125205993652344 -0.014190673828125
0.0263595581054688 -0.0530052185058594 0.109588623046875 -0.0245285034179688
-0.00477218627929688 -0.0388526916503906 0.0747146606445313 -0.0204315185546875
-0.0144615173339844 -0.0212669372558594 0.0567703247070313 -0.000732421875000001
-0.00877666473388672 -0.0100622177124023 0.0546913146972656 0.0260505676269531
-0.00561714172363281 -0.0105705261230469 0.0591926574707031 0.0571174621582031
-0.00653553009033203 -0.0128984451293945 0.0597152709960938 0.09735107421875
-0.0111265182495117 -0.017125129699707 0.0215835571289062 0.128639221191406
-0.00376129150390625 -0.0332984924316406 -0.00811767578124999 0.123977661132813
0.0112648010253906 -0.0464706420898438 -0.0361862182617188 0.0856475830078125
0.0468406677246094 -0.0339698791503906 -0.0354499816894531 0.0421562194824219
0.0550193786621094 -0.0259475708007813 0.0372657775878906 0.0241737365722656
0.0502700805664062 -0.0147895812988281 0.116676330566406 0.105216979980469
0.00655937194824219 -0.0195503234863281 0.0872344970703125 -0.0836029052734375
0.0202655792236328 -0.0288543701171875 0.121345520019531 -0.0384597778320313
0.0149726867675781 -0.0407676696777344 0.108489990234375 -0.0195846557617188
-0.00995063781738282 -0.0315513610839844 0.101234436035156 -0.019744873046875
-0.0263767242431641 -0.00566482543945313 0.073638916015625 -0.0190200805664063
-0.0138587951660156 0.0206241607666016 0.0611724853515625 -0.00287246704101562
0.0084075927734375 0.0241012573242188 0.0560836791992188 0.0223312377929688
0.0110759735107422 0.0193157196044922 0.0575218200683594 0.0533638000488281
0.0123805999755859 0.0179309844970703 0.0537185668945313 0.0965118408203125
0.00174331665039062 0.0153532028198242 0.01605224609375 0.127510070800781
-0.00472307205200195 -0.000416278839111329 -0.014984130859375 0.121360778808594
0.00204944610595703 -0.0160617828369141 -0.0403060913085938 0.0839920043945312
0.0222663879394531 -0.0113067626953125 -0.0396614074707031 0.039459228515625
0.0161504745483398 -0.0087127685546875 0.0351333618164063 0.0226211547851563
0.00563144683837891 -0.00728607177734375 0.122093200683594 0.102348327636719
0.0662078857421875 0.0206794738769531 -0.100341796875 -0.0795745849609375
0.0292816162109375 -0.0132617950439453 -0.0104160308837891 -0.0296840667724609
0.0185108184814453 -0.012939453125 0.057830810546875 -0.0416793823242188
0.01593017578125 -0.0223217010498047 0.0612716674804688 -0.08831787109375
0.0054168701171875 -0.0326099395751953 0.0310592651367187 -0.108543395996094
-0.0181961059570313 -0.0445137023925781 -0.01678466796875 -0.115379333496094
-0.0408821105957031 -0.0416183471679687 -0.04986572265625 -0.087371826171875
-0.0366325378417969 -0.0413017272949219 -0.0481681823730469 -0.0412445068359375
-0.0320358276367187 -0.0534324645996094 -0.0492820739746094 -0.00298309326171876
-0.00407791137695313 -0.0578727722167969 -0.0649185180664063 0.0185089111328125
0.0280609130859375 -0.0409889221191406 -0.0763092041015625 0.038116455078125
0.0401420593261719 -0.0105743408203125 -0.0876312255859375 0.0301895141601563
0.0269851684570313 0.0247726440429688 -0.107208251953125 0.0242462158203125
0.0234146118164063 0.0258846282958984 -0.105171203613281 0.0492706298828125
0.0385246276855469 0.0321388244628906 -0.0764846801757813 0.0884246826171875
0.103713989257812 0.015625 -0.0683059692382812 -0.0735244750976563
0.0656471252441406 -0.0209083557128906 0.0225257873535156 -0.0274715423583984
0.0514030456542969 -0.0259590148925781 0.0809783935546875 -0.0401992797851563
0.0375213623046875 -0.0426025390625 0.08050537109375 -0.0864410400390625
0.0163497924804688 -0.0535163879394531 0.046966552734375 -0.100334167480469
-0.0179061889648437 -0.0686607360839844 0.00151824951171875 -0.103309631347656
-0.0478935241699219 -0.0634994506835938 -0.0284652709960938 -0.0722503662109375
-0.0450172424316406 -0.0613021850585937 -0.0272731781005859 -0.0245285034179688
-0.0454940795898437 -0.07421875 -0.0291385650634766 0.0180282592773437
-0.0147628784179688 -0.082977294921875 -0.0529632568359375 0.0430183410644531
0.0285186767578125 -0.0715713500976563 -0.0676193237304688 0.0609359741210937
0.0518608093261719 -0.0421714782714844 -0.0796356201171875 0.0471572875976562
0.057342529296875 0.00615310668945313 -0.0907135009765625 0.0399551391601563
0.0587997436523438 0.0125312805175781 -0.077392578125 0.0620040893554688
0.07275390625 0.020538330078125 -0.0480499267578125 0.10565185546875
0.127105712890625 0.0116424560546875 -0.0273056030273438 -0.0658187866210938
0.0940475463867188 -0.022735595703125 0.0621566772460938 -0.0209007263183594
0.0822219848632813 -0.0346603393554688 0.108726501464844 -0.0352706909179688
0.0595436096191406 -0.0576972961425781 0.102294921875 -0.0805587768554688
0.0281486511230469 -0.069488525390625 0.0625534057617187 -0.0899581909179688
-0.0129318237304688 -0.0853271484375 0.0190887451171875 -0.0851516723632813
-0.0474929809570312 -0.0764389038085938 -0.00564956665039063 -0.052032470703125
-0.0476150512695313 -0.0711822509765625 -0.00266313552856446 -0.00365233421325684
-0.0526275634765625 -0.0829849243164063 -0.00307083129882813 0.0410575866699219
-0.0274200439453125 -0.093292236328125 -0.0329360961914062 0.0713653564453125
0.0179214477539062 -0.0909423828125 -0.0515518188476562 0.08673095703125
0.0481834411621094 -0.0696678161621094 -0.0692558288574218 0.0661659240722656
0.0740585327148438 -0.0201187133789063 -0.07550048828125 0.0541000366210938
0.0831832885742188 -0.0088043212890625 -0.0470542907714844 0.0674896240234375
0.0962142944335938 0.0042724609375 -0.0112838745117187 0.115837097167969
0.131950378417969 0.006561279296875 0.0151634216308594 -0.0583877563476563
0.109291076660156 -0.0213775634765625 0.0993804931640625 -0.0126190185546875
0.102630615234375 -0.0404052734375 0.131805419921875 -0.0280380249023438
0.0732345581054688 -0.0686264038085938 0.118309020996094 -0.0698165893554688
0.0340805053710938 -0.0784759521484375 0.0727005004882813 -0.0738143920898438
-0.00878906249999999 -0.0898971557617188 0.033843994140625 -0.06170654296875
-0.0411834716796875 -0.07757568359375 0.0162181854248047 -0.0273094177246094
-0.0432815551757812 -0.0703048706054688 0.0216102600097656 0.0171489715576172
-0.0506668090820313 -0.0785751342773438 0.0243186950683594 0.062591552734375
-0.0346908569335937 -0.0880050659179688 -0.00842285156250001 0.0952987670898438
0.00554656982421876 -0.0938949584960938 -0.0317230224609375 0.107093811035156
0.0357513427734375 -0.0848388671875 -0.0551071166992188 0.08123779296875
0.0773468017578125 -0.043426513671875 -0.0602455139160156 0.0602684020996094
0.0940704345703125 -0.0297164916992188 -0.0181045532226562 0.0616645812988281
0.106002807617187 -0.0103683471679688 0.0289764404296875 0.11871337890625
0.117347717285156 -0.0011138916015625 0.0524482727050781 -0.0537452697753906
0.103904724121094 -0.020599365234375 0.127677917480469 -0.00823974609375
0.104690551757813 -0.0414886474609375 0.143035888671875 -0.0192413330078125
0.073333740234375 -0.0691680908203125 0.1258544921875 -0.0539474487304688
0.0313034057617188 -0.0748825073242188 0.0782623291015625 -0.0532989501953125
-0.00617218017578125 -0.0793685913085938 0.0450515747070313 -0.0367393493652344
-0.0302886962890625 -0.0648612976074219 0.0345478057861328 -0.00277519226074219
-0.0319442749023438 -0.0580520629882812 0.0421905517578125 0.0354080200195312
-0.0396270751953125 -0.0632820129394531 0.0476913452148437 0.0794448852539063
-0.0319862365722656 -0.0702247619628906 0.013214111328125 0.11346435546875
-0.0023345947265625 -0.0814895629882813 -0.0133819580078125 0.119117736816406
0.0236053466796875 -0.0825881958007813 -0.0422210693359375 0.0889892578125
0.0712432861328125 -0.0538101196289063 -0.046051025390625 0.0584602355957031
0.0909576416015625 -0.0401229858398438 0.00816726684570313 0.0483360290527344
0.0993270874023438 -0.0186080932617188 0.068206787109375 0.115570068359375
0.0858154296875 -0.009490966796875 0.07818603515625 -0.0540847778320313
0.0823745727539063 -0.0225448608398438 0.140426635742188 -0.0108795166015625
0.0849075317382813 -0.042083740234375 0.141021728515625 -0.0152130126953125
0.0550613403320313 -0.0622329711914063 0.121322631835938 -0.0383987426757813
0.0173988342285156 -0.0587692260742188 0.077178955078125 -0.0352935791015625
-0.007476806640625 -0.0537223815917969 0.0527000427246094 -0.0151405334472656
-0.0164642333984375 -0.0401420593261719 0.0478057861328125 0.0161628723144531
-0.0166397094726563 -0.03582763671875 0.0562705993652344 0.0489158630371094
-0.0207176208496094 -0.0397872924804688 0.0620803833007813 0.088775634765625
-0.0202369689941406 -0.0438995361328125 0.0276565551757812 0.123558044433594
-0.0029144287109375 -0.0564765930175781 -0.00193023681640625 0.125099182128906
0.0159339904785156 -0.0661430358886719 -0.0333175659179688 0.0900039672851563
0.0589752197265625 -0.047760009765625 -0.0362777709960937 0.0518417358398438
0.0748214721679688 -0.0363388061523438 0.0288066864013672 0.03411865234375
0.0771255493164063 -0.0188827514648438 0.100502014160156 0.109909057617187
0.0443572998046875 -0.0177536010742188 0.0886688232421875 -0.0633544921875
0.0497703552246094 -0.0260963439941406 0.137855529785156 -0.02142333984375
0.0492286682128906 -0.0422515869140625 0.1282958984375 -0.0166168212890625
0.0226325988769531 -0.0470161437988281 0.112449645996094 -0.0281448364257813
-0.00373649597167969 -0.0310440063476563 0.0746612548828125 -0.0241622924804688
-0.00928974151611328 -0.0162134170532227 0.0574836730957031 -0.00395584106445313
-0.00052785873413086 -0.00786590576171875 0.0544395446777344 0.0241317749023438
0.00223445892333984 -0.00842189788818359 0.0615310668945313 0.0545539855957031
0.00128459930419922 -0.0112333297729492 0.06475830078125 0.0940933227539063
-0.00385189056396484 -0.0124902725219727 0.0297775268554688 0.127639770507813
-0.000284194946289062 -0.0248241424560547 -0.000869750976562497 0.124725341796875
0.0102005004882813 -0.0382843017578125 -0.0316390991210937 0.0878219604492188
0.0412940979003906 -0.0283622741699219 -0.0330963134765625 0.0454597473144531
0.0458602905273438 -0.0213890075683594 0.0384330749511719 0.0254249572753906
0.041168212890625 -0.0133094787597656 0.120407104492188 0.105926513671875
-0.00154304504394531 -0.0192184448242187 0.0836105346679688 -0.0791702270507813
0.0109348297119141 -0.0264759063720703 0.121513366699219 -0.0367507934570313
0.00692367553710938 -0.0371170043945313 0.110511779785156 -0.0218582153320313
-0.0137977600097656 -0.0244312286376953 0.103118896484375 -0.0239944458007813
-0.0250415802001953 0.00286674499511718 0.07183837890625 -0.0237808227539063
-0.00788307189941406 0.0254364013671875 0.0579185485839844 -0.00662612915039062
0.0171260833740234 0.0256824493408203 0.0536651611328125 0.0201377868652344
0.0190639495849609 0.0208969116210938 0.05670166015625 0.051116943359375
0.02154541015625 0.0196094512939453 0.0558013916015625 0.0930938720703125
0.009063720703125 0.0192012786865234 0.0207061767578125 0.126136779785156
-0.000751972198486328 0.00707292556762695 -0.00979614257812499 0.120712280273438
0.00183677673339844 -0.00845527648925781 -0.03704833984375 0.0854568481445313
0.0167207717895508 -0.00662517547607422 -0.03857421875 0.0427474975585937
0.00799083709716797 -0.00441503524780273 0.0344486236572266 0.0246143341064453
-0.00360345840454101 -0.00522041320800781 0.12353515625 0.103218078613281
0.0765762329101563 0.0190963745117188 -0.0992660522460938 -0.086151123046875
0.0349597930908203 -0.0191688537597656 -0.00880432128906249 -0.0354728698730469
0.0211448669433594 -0.0191993713378906 0.0581398010253906 -0.0451164245605469
0.0145816802978516 -0.0296726226806641 0.0613937377929688 -0.0906906127929688
0.00105667114257813 -0.0375709533691406 0.0328521728515625 -0.108177185058594
-0.0266494750976563 -0.0473251342773437 -0.0144882202148438 -0.115524291992188
-0.0487213134765625 -0.0423164367675781 -0.0470809936523437 -0.08770751953125
-0.0440559387207031 -0.0418510437011719 -0.0433998107910156 -0.0429000854492187
-0.0418891906738281 -0.0555686950683594 -0.044281005859375 -0.00245666503906251
-0.0102310180664062 -0.0633811950683594 -0.0608329772949219 0.0211067199707031
0.02642822265625 -0.0489158630371094 -0.0742645263671875 0.041534423828125
0.0431289672851563 -0.0183181762695313 -0.08843994140625 0.0327224731445312
0.036468505859375 0.0218276977539063 -0.109977722167969 0.02459716796875
0.0337352752685547 0.0256500244140625 -0.108001708984375 0.04595947265625
0.0489311218261719 0.0341567993164063 -0.0752716064453125 0.0834808349609375
0.111442565917969 0.015960693359375 -0.0638351440429687 -0.0800857543945313
0.0699501037597656 -0.0244636535644531 0.0264778137207031 -0.0330581665039062
0.0535163879394531 -0.0313034057617188 0.0835494995117188 -0.0440750122070313
0.0364952087402344 -0.0477066040039063 0.082763671875 -0.0883331298828125
0.0128364562988281 -0.0567703247070313 0.0510635375976563 -0.100921630859375
-0.0242080688476562 -0.0706710815429688 0.00630187988281249 -0.103950500488281
-0.0536689758300781 -0.0632553100585938 -0.0229110717773438 -0.0741119384765625
-0.0508995056152344 -0.0619964599609375 -0.0201396942138672 -0.0263175964355469
-0.0521087646484375 -0.0759429931640625 -0.0217418670654297 0.0174121856689453
-0.0196990966796875 -0.0881271362304688 -0.0466575622558594 0.0462226867675781
0.0280990600585938 -0.07891845703125 -0.0631065368652344 0.0651283264160156
0.0557212829589844 -0.0485343933105469 -0.0784149169921875 0.0503997802734375
0.0662117004394531 0.00538253784179688 -0.0920181274414063 0.0416793823242188
0.0684356689453125 0.0144004821777344 -0.0773086547851563 0.0600051879882812
0.0818099975585938 0.0246658325195313 -0.043609619140625 0.10247802734375
0.132095336914063 0.0137557983398438 -0.0210189819335937 -0.0703506469726563
0.0962142944335938 -0.0228118896484375 0.06768798828125 -0.0256156921386719
0.083343505859375 -0.0369415283203125 0.112617492675781 -0.0394744873046875
0.0586776733398438 -0.0601234436035156 0.106857299804688 -0.082916259765625
0.0260772705078125 -0.0704574584960938 0.0670623779296875 -0.0907363891601562
-0.0165634155273437 -0.0860366821289063 0.02593994140625 -0.0869522094726563
-0.0505142211914063 -0.0767898559570312 0.00121688842773437 -0.0536918640136719
-0.0502090454101562 -0.072113037109375 0.0049290657043457 -0.00655364990234375
-0.0562515258789063 -0.08465576171875 0.00622558593749999 0.0401458740234375
-0.030120849609375 -0.097198486328125 -0.024078369140625 0.0740737915039062
0.0194320678710938 -0.0955123901367187 -0.0451736450195313 0.0913848876953125
0.0525283813476563 -0.0732040405273437 -0.0656967163085938 0.0695571899414062
0.0816574096679688 -0.0194244384765625 -0.0739517211914063 0.0561065673828125
0.0908355712890625 -0.0050506591796875 -0.0450401306152344 0.0660018920898437
0.10272216796875 0.00937652587890625 -0.00476074218749998 0.114845275878906
0.133399963378906 0.0105133056640625 0.0233383178710938 -0.0605354309082031
0.108840942382813 -0.018280029296875 0.107307434082031 -0.0163421630859375
0.103485107421875 -0.0388565063476563 0.136947631835938 -0.0309829711914063
0.0739974975585937 -0.068450927734375 0.124130249023438 -0.0719070434570313
0.03460693359375 -0.076629638671875 0.0785903930664062 -0.0749130249023437
-0.00919342041015625 -0.0900650024414063 0.040863037109375 -0.0642471313476563
-0.0402908325195312 -0.07745361328125 0.0231704711914063 -0.0293407440185547
-0.04229736328125 -0.0707321166992188 0.0297412872314453 0.0148277282714844
-0.050384521484375 -0.0801544189453125 0.0339698791503906 0.0608024597167969
-0.0334014892578125 -0.090087890625 0.000976562500000003 0.0982131958007812
0.0083465576171875 -0.0954437255859375 -0.0236587524414063 0.110855102539062
0.0397262573242188 -0.0856094360351562 -0.0504226684570313 0.085205078125
0.0821075439453125 -0.0411758422851563 -0.05755615234375 0.0631256103515625
0.0983200073242188 -0.0249176025390625 -0.014404296875 0.061279296875
0.107887268066406 -0.00394439697265625 0.0377273559570312 0.119346618652344
0.114631652832031 0.00421142578125 0.0607147216796875 -0.0532035827636719
0.101425170898438 -0.015106201171875 0.135124206542969 -0.00897216796875
0.103660583496094 -0.0377655029296875 0.148773193359375 -0.0210418701171875
0.0739974975585938 -0.0660858154296875 0.131965637207031 -0.0565185546875
0.0336227416992188 -0.0709762573242188 0.0832595825195313 -0.0552597045898438
-0.00359344482421875 -0.0783004760742188 0.0511016845703125 -0.039764404296875
-0.0265350341796875 -0.06512451171875 0.0412406921386719 -0.00486373901367188
-0.0280189514160156 -0.0573768615722656 0.0493812561035156 0.033843994140625
-0.0361328125 -0.0638999938964844 0.0569534301757813 0.07733154296875
-0.0278434753417969 -0.0699653625488281 0.0230331420898437 0.114990234375
0.00176239013671874 -0.0794906616210938 -0.00534820556640625 0.122871398925781
0.026824951171875 -0.0804672241210938 -0.037200927734375 0.0917739868164063
0.0731887817382813 -0.0494842529296875 -0.0428504943847656 0.0613327026367187
0.0909957885742188 -0.0345916748046875 0.0126419067382813 0.0489387512207031
0.0977249145507813 -0.0129547119140625 0.0770111083984375 0.118362426757813
0.0805892944335938 -0.00482940673828125 0.0847702026367187 -0.0509033203125
0.0776596069335938 -0.0161285400390625 0.1478271484375 -0.0094451904296875
0.0827407836914063 -0.0360260009765625 0.147384643554688 -0.015869140625
0.0563926696777344 -0.0559158325195313 0.127853393554687 -0.0414199829101562
0.0211601257324219 -0.0531005859375 0.0812759399414063 -0.0374679565429688
-0.00147247314453125 -0.0514335632324219 0.0569343566894531 -0.0176734924316406
-0.0100059509277344 -0.0407028198242188 0.0524940490722656 0.0145378112792969
-0.00952911376953125 -0.0357170104980469 0.0610733032226563 0.0476722717285156
-0.0137405395507812 -0.0403480529785156 0.0684356689453125 0.088043212890625
-0.0129661560058594 -0.0421218872070312 0.0353622436523437 0.124519348144531
0.00217056274414063 -0.052001953125 0.005096435546875 0.127334594726563
0.0182266235351563 -0.0594520568847656 -0.0285873413085938 0.0931549072265625
0.0583038330078125 -0.0410270690917969 -0.0328292846679687 0.0542945861816406
0.0707626342773438 -0.0301361083984375 0.0324134826660156 0.0360565185546875
0.0719757080078125 -0.0129623413085938 0.108573913574219 0.114654541015625
0.0361518859863281 -0.0140380859375 0.0928955078125 -0.058319091796875
0.0428810119628906 -0.0201263427734375 0.14385986328125 -0.0185089111328125
0.0442428588867188 -0.0357398986816406 0.134223937988281 -0.0167236328125
0.0227432250976563 -0.0399246215820313 0.117568969726563 -0.03033447265625
-0.000486373901367189 -0.023529052734375 0.0765533447265625 -0.0266647338867188
-0.00191211700439453 -0.0123357772827148 0.0587539672851563 -0.00703048706054688
0.00819587707519531 -0.00759077072143555 0.0564193725585938 0.0233383178710938
0.0104179382324219 -0.00783920288085938 0.063232421875 0.0537986755371094
0.00996112823486328 -0.0110578536987305 0.0680618286132813 0.0929946899414063
0.00422477722167969 -0.00938796997070313 0.0355606079101563 0.128364562988281
0.00540542602539062 -0.0181999206542969 0.00363159179687501 0.126106262207031
0.0122451782226562 -0.030609130859375 -0.0287628173828125 0.0897216796875
0.0379524230957031 -0.0212326049804687 -0.0312652587890625 0.048553466796875
0.0388374328613281 -0.01446533203125 0.0411415100097656 0.0284538269042969
0.0328044891357422 -0.00762367248535156 0.125541687011719 0.1114501953125
-0.0106258392333984 -0.0183773040771484 0.084564208984375 -0.073028564453125
0.00271987915039062 -0.0228729248046875 0.125648498535156 -0.0321426391601563
-0.000608444213867187 -0.0317592620849609 0.115638732910156 -0.0215225219726563
-0.0167150497436523 -0.0164833068847656 0.106742858886719 -0.0270614624023437
-0.0224132537841797 0.0109729766845703 0.0711746215820313 -0.0272445678710938
-0.000511169433593748 0.0306053161621094 0.05682373046875 -0.00885772705078125
0.0260295867919922 0.0266170501708984 0.0513763427734375 0.0208854675292969
0.0282478332519531 0.0211544036865234 0.0553932189941406 0.0512275695800781
0.0310211181640625 0.0197353363037109 0.0559005737304687 0.0932388305664063
0.0187492370605469 0.0224018096923828 0.0233993530273438 0.127143859863281
0.00549507141113281 0.0140724182128906 -0.00746154785156249 0.121376037597656
0.00314807891845703 -0.000761985778808594 -0.0358200073242188 0.0877227783203125
0.012242317199707 0.000490188598632813 -0.0392532348632813 0.0458221435546875
-0.000720500946044922 0.00226855278015137 0.0339927673339844 0.0288982391357422
-0.0125198364257813 -0.00171375274658203 0.124656677246094 0.109580993652344
0.0898818969726563 0.0163955688476563 -0.1015625 -0.0973587036132813
0.0417022705078125 -0.026947021484375 -0.00754547119140624 -0.0429191589355469
0.0230579376220703 -0.0292530059814453 0.0603828430175781 -0.0498695373535156
0.0123405456542969 -0.0390968322753906 0.0635757446289063 -0.0944671630859375
-0.00513839721679687 -0.0437278747558594 0.0361785888671875 -0.111923217773438
-0.0367240905761719 -0.050567626953125 -0.0119781494140625 -0.120491027832031
-0.0595321655273437 -0.0417098999023438 -0.0443878173828125 -0.0922164916992188
-0.0532798767089844 -0.0429649353027344 -0.04052734375 -0.0464973449707031
-0.052642822265625 -0.0579147338867187 -0.0404624938964844 -0.00503540039062501
-0.019012451171875 -0.0701828002929688 -0.0583419799804687 0.0226707458496094
0.0238418579101563 -0.0593605041503906 -0.0731201171875 0.0460662841796875
0.0466690063476563 -0.0277671813964844 -0.0917205810546875 0.03564453125
0.046417236328125 0.0172805786132813 -0.116493225097656 0.0254287719726562
0.0468406677246094 0.0243873596191406 -0.115203857421875 0.0433502197265625
0.0623550415039063 0.0359344482421875 -0.077423095703125 0.0809478759765625
0.124214172363281 0.0163497924804687 -0.0608139038085937 -0.090240478515625
0.0769577026367188 -0.0295333862304688 0.0308914184570313 -0.0409088134765625
0.0562553405761719 -0.0380287170410156 0.088653564453125 -0.049835205078125
0.0350189208984375 -0.0546417236328125 0.0886077880859375 -0.0934371948242188
0.00908279418945312 -0.0618896484375 0.056976318359375 -0.104843139648438
-0.03228759765625 -0.0741119384765625 0.012908935546875 -0.110023498535156
-0.0616569519042969 -0.0646400451660156 -0.0175018310546875 -0.078643798828125
-0.0581512451171875 -0.0635986328125 -0.0141963958740234 -0.0306797027587891
-0.0612258911132813 -0.0795135498046875 -0.0148515701293945 0.0155372619628906
-0.0270156860351562 -0.095703125 -0.0402908325195313 0.048553466796875
0.0278854370117187 -0.0885467529296875 -0.0592041015625 0.070526123046875
0.0611419677734375 -0.0571708679199219 -0.0793991088867188 0.0537109375
0.07867431640625 0.002410888671875 -0.0956954956054688 0.0437698364257813
0.08233642578125 0.0157928466796875 -0.0807876586914063 0.0591278076171875
0.094879150390625 0.0289993286132813 -0.041168212890625 0.101119995117188
0.142196655273438 0.0169219970703125 -0.0128860473632812 -0.0793685913085937
0.103286743164063 -0.0234146118164063 0.0761184692382812 -0.0329208374023438
0.0869979858398438 -0.040435791015625 0.120254516601563 -0.0436019897460938
0.0598602294921875 -0.0650291442871094 0.11492919921875 -0.0881118774414063
0.0250015258789062 -0.0744400024414063 0.0751724243164063 -0.0950469970703125
-0.020843505859375 -0.089691162109375 0.0340347290039063 -0.0937728881835938
-0.0548629760742187 -0.07940673828125 0.00933456420898438 -0.0594406127929688
-0.05401611328125 -0.0746536254882812 0.013606071472168 -0.0105409622192383
-0.0616531372070312 -0.0885543823242188 0.0160293579101563 0.0383529663085937
-0.0338211059570313 -0.104644775390625 -0.0154800415039063 0.0775527954101563
0.0212173461914063 -0.104248046875 -0.0390701293945313 0.096954345703125
0.0589141845703125 -0.0812911987304688 -0.0638580322265625 0.074981689453125
0.0933074951171875 -0.0207443237304688 -0.0747299194335938 0.0597381591796875
0.103668212890625 -0.003021240234375 -0.0439720153808594 0.0660171508789063
0.11309814453125 0.0157318115234375 0.00259399414062501 0.116081237792969
0.139495849609375 0.0159454345703125 0.033538818359375 -0.06646728515625
0.11297607421875 -0.0149002075195312 0.118453979492188 -0.0216140747070313
0.10638427734375 -0.038482666015625 0.147476196289063 -0.0345458984375
0.07708740234375 -0.0695266723632813 0.134895324707031 -0.0771636962890625
0.0368423461914062 -0.0787506103515625 0.0868911743164063 -0.0807723999023438
-0.00906372070312501 -0.093292236328125 0.0494384765625 -0.0706939697265625
-0.0409317016601563 -0.0807952880859375 0.0323200225830078 -0.0343685150146484
-0.0426559448242188 -0.0735855102539063 0.038909912109375 0.0116691589355469
-0.0516815185546875 -0.084686279296875 0.0453109741210938 0.0601921081542969
-0.033538818359375 -0.0955886840820313 0.0127182006835938 0.101768493652344
0.0119247436523438 -0.100868225097656 -0.01641845703125 0.1177978515625
0.0461273193359375 -0.0893478393554688 -0.046295166015625 0.0904998779296875
0.092132568359375 -0.040130615234375 -0.0558280944824219 0.0667152404785156
0.106765747070313 -0.0202865600585938 -0.0102806091308594 0.0622138977050781
0.115646362304687 0.00278472900390625 0.0477523803710938 0.123481750488281
0.116226196289062 0.0112762451171875 0.0715713500976563 -0.0555038452148438
0.102752685546875 -0.00820159912109375 0.148223876953125 -0.0104827880859375
0.1070556640625 -0.0332260131835938 0.160797119140625 -0.024261474609375
0.0789794921875 -0.0641708374023438 0.1431884765625 -0.0614013671875
0.0379905700683594 -0.0700759887695313 0.0918807983398438 -0.0604629516601563
0.000610351562499993 -0.0802154541015625 0.0593032836914063 -0.0448646545410156
-0.0226631164550781 -0.068359375 0.0491867065429687 -0.00880050659179688
-0.0235595703125 -0.0606765747070313 0.0575904846191406 0.0317459106445313
-0.03271484375 -0.0683059692382813 0.0678634643554688 0.0770797729492188
-0.0238037109375 -0.0730972290039063 0.0345993041992188 0.119232177734375
0.007354736328125 -0.0814285278320313 0.00266265869140625 0.12823486328125
0.0327987670898437 -0.0803451538085937 -0.0318679809570312 0.09783935546875
0.0790176391601563 -0.0459671020507812 -0.0392532348632812 0.0653495788574219
0.0944366455078125 -0.028533935546875 0.018707275390625 0.050445556640625
0.100601196289063 -0.00518035888671875 0.0889892578125 0.124649047851562
0.0773468017578125 0.0012969970703125 0.0960311889648438 -0.0498580932617188
0.0769500732421875 -0.00801849365234375 0.161056518554688 -0.0079803466796875
0.0836563110351563 -0.0295944213867188 0.159393310546875 -0.0173797607421875
0.0606956481933594 -0.0511627197265625 0.138282775878906 -0.0453948974609375
0.0271034240722656 -0.0492401123046875 0.08837890625 -0.0419387817382813
0.00548934936523438 -0.0516128540039062 0.0637016296386719 -0.0217857360839844
-0.00189590454101562 -0.0432090759277344 0.0587005615234375 0.0127105712890625
-0.00201797485351563 -0.0388298034667969 0.0669288635253906 0.0464210510253906
-0.00597763061523437 -0.0428199768066406 0.0781936645507813 0.0886306762695313
-0.00574111938476562 -0.0425033569335938 0.0454559326171875 0.128791809082031
0.009613037109375 -0.0499076843261719 0.0118942260742187 0.131858825683594
0.0236892700195313 -0.0555648803710938 -0.0244293212890625 0.09771728515625
0.0605545043945312 -0.0353355407714844 -0.0299797058105469 0.0586776733398437
0.0692787170410156 -0.0226707458496094 0.0386619567871094 0.03753662109375
0.0696182250976562 -0.00557708740234375 0.120903015136719 0.123146057128906
0.0289535522460938 -0.00896453857421875 0.102981567382813 -0.054901123046875
0.0376129150390625 -0.0130882263183594 0.1558837890625 -0.0149993896484375
0.0426254272460938 -0.0282974243164063 0.145462036132813 -0.017486572265625
0.0246238708496094 -0.0321025848388672 0.126365661621094 -0.03448486328125
0.00501728057861328 -0.0171136856079102 0.0812911987304688 -0.0301437377929688
0.00718593597412109 -0.00952339172363281 0.0619087219238281 -0.00902175903320312
0.0180149078369141 -0.0096282958984375 0.0594329833984375 0.0238685607910156
0.0199050903320313 -0.0093994140625 0.0675468444824219 0.0542144775390625
0.0205669403076172 -0.0123710632324219 0.0736846923828125 0.0953292846679688
0.0152578353881836 -0.00861835479736328 0.0421676635742188 0.131942749023438
0.0137414932250977 -0.0139760971069336 0.00855255126953126 0.1292724609375
0.0172138214111328 -0.0231647491455078 -0.025482177734375 0.0947113037109375
0.0363235473632812 -0.0123138427734375 -0.029388427734375 0.0532951354980469
0.0338306427001953 -0.00519561767578125 0.0451889038085938 0.0334510803222656
0.0261611938476563 -0.000810623168945313 0.135978698730469 0.121910095214844
-0.0214424133300781 -0.0168094635009766 0.0914764404296875 -0.0683517456054688
-0.00652694702148438 -0.01837158203125 0.135490417480469 -0.0283126831054688
-0.00762367248535156 -0.0249080657958984 0.124961853027344 -0.0226211547851563
-0.0177726745605469 -0.00833702087402343 0.113296508789063 -0.0313568115234375
-0.0186405181884766 0.0184421539306641 0.0732955932617188 -0.0304718017578125
0.00851058959960938 0.035980224609375 0.0553512573242187 -0.0106468200683594
0.0372314453125 0.0267219543457031 0.0506782531738281 0.0228805541992188
0.0389823913574219 0.0212593078613281 0.0553016662597656 0.0535888671875
0.0431556701660156 0.0195159912109375 0.0579071044921875 0.0962982177734375
0.0301074981689453 0.0246143341064453 0.0263137817382813 0.130691528320313
0.0139331817626953 0.0212230682373047 -0.00618743896484374 0.125564575195313
0.00742149353027344 0.00878810882568359 -0.0358810424804687 0.0919113159179688
0.00929832458496094 0.0104217529296875 -0.039825439453125 0.0512847900390625
-0.00932979583740234 0.0111122131347656 0.0355682373046875 0.0353126525878906
-0.0231380462646484 0.00366401672363281 0.131431579589844 0.120819091796875
0.107818603515625 0.00887298583984375 -0.109222412109375 -0.111351013183594
0.048797607421875 -0.0387802124023438 -0.00957489013671874 -0.0530967712402344
0.0244865417480469 -0.0411949157714844 0.062255859375 -0.0575675964355469
0.00586318969726563 -0.0503501892089844 0.0659332275390625 -0.102882385253906
-0.0144462585449219 -0.0507965087890625 0.0378875732421875 -0.119728088378906
-0.0521278381347656 -0.0524215698242188 -0.0119171142578125 -0.128433227539063
-0.0734786987304688 -0.0400161743164063 -0.0447845458984375 -0.0986099243164063
-0.0669670104980469 -0.0420875549316406 -0.0394096374511719 -0.0524673461914063
-0.0686073303222656 -0.0577392578125 -0.0372962951660156 -0.00747680664062501
-0.032440185546875 -0.0776214599609375 -0.0555801391601563 0.0261459350585937
0.0187759399414063 -0.0725479125976563 -0.0721969604492188 0.0525588989257812
0.0491752624511719 -0.0405502319335938 -0.0965805053710938 0.0418319702148438
0.0594215393066406 0.0100021362304688 -0.125656127929688 0.0299911499023437
0.0627326965332031 0.0205459594726563 -0.126625061035156 0.044830322265625
0.0808029174804688 0.0353240966796875 -0.0818252563476562 0.080902099609375
0.141845703125 0.01226806640625 -0.0618362426757813 -0.105430603027344
0.0855636596679688 -0.038543701171875 0.0353240966796875 -0.0527610778808594
0.0589179992675781 -0.0489082336425781 0.0947418212890625 -0.0586090087890625
0.0317955017089844 -0.0652732849121094 0.0946273803710937 -0.102767944335937
0.00275421142578125 -0.0686492919921875 0.0630340576171875 -0.114669799804687
-0.0445327758789062 -0.0773239135742188 0.0173568725585938 -0.11981201171875
-0.0742950439453125 -0.0654830932617188 -0.0130462646484375 -0.0871505737304688
-0.0689353942871094 -0.0654411315917969 -0.00864791870117188 -0.0377731323242188
-0.0751113891601563 -0.0831985473632813 -0.00669860839843751 0.0118732452392578
-0.037689208984375 -0.104736328125 -0.0327110290527344 0.0515518188476562
0.0245819091796875 -0.103492736816406 -0.0539703369140625 0.077606201171875
0.0664520263671875 -0.0708847045898438 -0.0801239013671875 0.0614242553710938
0.0943222045898438 -0.0048675537109375 -0.100616455078125 0.0496139526367188
0.100502014160156 0.0129776000976562 -0.0851058959960938 0.06036376953125
0.11431884765625 0.0315628051757813 -0.0384674072265625 0.103012084960938
0.158523559570313 0.017242431640625 -0.00691986083984374 -0.0934982299804688
0.111518859863281 -0.0283203125 0.0858154296875 -0.0443344116210938
0.091583251953125 -0.0471572875976563 0.130592346191406 -0.0537567138671875
0.0605850219726563 -0.0731048583984375 0.124626159667969 -0.0995941162109375
0.02252197265625 -0.080078125 0.0843887329101563 -0.105400085449219
-0.0285186767578125 -0.0941085815429688 0.041961669921875 -0.104629516601563
-0.062896728515625 -0.08197021484375 0.0170097351074219 -0.0686454772949219
-0.0619277954101563 -0.0785446166992188 0.0220375061035156 -0.0179576873779297
-0.0722427368164062 -0.094329833984375 0.0279350280761719 0.0345172882080078
-0.0413970947265625 -0.113739013671875 -0.00336456298828125 0.080108642578125
0.01971435546875 -0.117881774902344 -0.0299835205078125 0.104408264160156
0.0646514892578125 -0.0933990478515625 -0.0600204467773437 0.0829925537109375
0.109016418457031 -0.02667236328125 -0.0753707885742188 0.0664215087890625
0.120529174804688 -0.00337982177734375 -0.0431289672851562 0.0676040649414063
0.131446838378906 0.020233154296875 0.0126495361328125 0.118515014648438
0.152114868164063 0.0204925537109375 0.0449905395507813 -0.0781097412109375
0.121047973632813 -0.0155715942382812 0.133064270019531 -0.0311660766601563
0.114540100097656 -0.0399703979492188 0.1617431640625 -0.04449462890625
0.081939697265625 -0.074676513671875 0.147369384765625 -0.0886077880859375
0.0384292602539063 -0.0826568603515625 0.0974197387695313 -0.0908737182617188
-0.0110397338867188 -0.0982437133789063 0.0596694946289063 -0.0814971923828125
-0.04425048828125 -0.0859298706054688 0.0418853759765625 -0.0427360534667969
-0.0451507568359375 -0.0786056518554688 0.049896240234375 0.00481033325195312
-0.0564193725585937 -0.0905303955078125 0.0604629516601563 0.0560111999511719
-0.0365829467773437 -0.103645324707031 0.0261306762695313 0.105628967285156
0.0137405395507813 -0.110984802246094 -0.00408935546875 0.12481689453125
0.0521011352539062 -0.0984649658203125 -0.0406417846679687 0.0979843139648437
0.104774475097656 -0.0431747436523437 -0.0526580810546875 0.073516845703125
0.120635986328125 -0.019317626953125 -0.00379562377929687 0.0639762878417969
0.128265380859375 0.00848388671875 0.06341552734375 0.127967834472656
0.122848510742188 0.0192718505859375 0.08673095703125 -0.06298828125
0.10870361328125 -0.0026397705078125 0.167068481445313 -0.0182952880859375
0.114044189453125 -0.0303802490234375 0.17730712890625 -0.0318145751953125
0.08624267578125 -0.0650177001953125 0.157180786132813 -0.0724945068359375
0.0445327758789062 -0.0722122192382812 0.101768493652344 -0.069915771484375
0.00433349609375001 -0.084930419921875 0.0690956115722656 -0.0539703369140625
-0.0198516845703125 -0.0744781494140625 0.0596656799316406 -0.014892578125
-0.0212287902832031 -0.0665321350097656 0.0696449279785156 0.0266227722167969
-0.03057861328125 -0.0746383666992188 0.0822067260742188 0.0745925903320312
-0.0207443237304688 -0.0793380737304688 0.0500869750976562 0.122756958007813
0.0125503540039063 -0.0864181518554688 0.0155487060546875 0.135391235351563
0.0388412475585937 -0.0835342407226563 -0.0240249633789063 0.105148315429688
0.087890625 -0.0444869995117187 -0.0349197387695312 0.071014404296875
0.102149963378906 -0.0243301391601563 0.0274810791015625 0.0521774291992188
0.106742858886719 0.00232696533203125 0.108314514160156 0.130790710449219
0.0775985717773438 0.00958251953125 0.1124267578125 -0.0527267456054688
0.0781173706054687 0.00019073486328125 0.180892944335937 -0.01171875
0.0875167846679688 -0.0225830078125 0.17633056640625 -0.023895263671875
0.0672874450683594 -0.0481643676757813 0.153411865234375 -0.0548553466796875
0.0347785949707031 -0.0478744506835938 0.096832275390625 -0.049835205078125
0.0136222839355469 -0.0538444519042969 0.070465087890625 -0.02862548828125
0.00469970703125 -0.0493507385253906 0.0674400329589844 0.008392333984375
0.006317138671875 -0.0439910888671875 0.0778350830078125 0.0445327758789063
0.00142288208007813 -0.0491447448730469 0.0910263061523438 0.087860107421875
0.0031280517578125 -0.0463409423828125 0.0597076416015625 0.132568359375
0.018463134765625 -0.0500106811523438 0.0243606567382812 0.13818359375
0.0306968688964844 -0.0531158447265625 -0.0171585083007812 0.105354309082031
0.0650482177734375 -0.0292282104492187 -0.0252647399902344 0.0646629333496094
0.0706787109375 -0.01470947265625 0.0478019714355469 0.0406532287597656
0.0693321228027344 0.00319671630859375 0.140884399414063 0.131866455078125
0.0211734771728516 -0.00181961059570313 0.116500854492188 -0.0550460815429688
0.03271484375 -0.00444412231445313 0.174606323242188 -0.01513671875
0.0411605834960938 -0.018829345703125 0.16168212890625 -0.0224761962890625
0.0287132263183594 -0.0247936248779297 0.139381408691406 -0.0429229736328125
0.0126590728759766 -0.0122318267822266 0.0866851806640625 -0.0374832153320312
0.0181407928466797 -0.00916862487792969 0.0644950866699219 -0.0140724182128906
0.0295314788818359 -0.0131340026855469 0.0651664733886719 0.0233154296875
0.0321464538574219 -0.0132980346679688 0.0734024047851563 0.0543746948242188
0.0328598022460938 -0.0171966552734375 0.0826950073242188 0.0967178344726563
0.0277729034423828 -0.0108242034912109 0.0530242919921875 0.136909484863281
0.0253658294677734 -0.00915336608886719 0.016082763671875 0.135520935058594
0.0246067047119141 -0.0159702301025391 -0.0209426879882813 0.102157592773438
0.0378189086914063 -0.00211334228515625 -0.0265235900878906 0.0591239929199219
0.029327392578125 0.00600624084472656 0.0532035827636719 0.037445068359375
0.0189075469970703 0.0088958740234375 0.154708862304688 0.133087158203125
-0.0341262817382813 -0.0115470886230469 0.1004638671875 -0.0674896240234375
-0.0154056549072266 -0.0108013153076172 0.149993896484375 -0.02813720703125
-0.0150566101074219 -0.014704704284668 0.137527465820313 -0.027618408203125
-0.0181999206542969 0.00298309326171875 0.1221923828125 -0.0397491455078125
-0.0128269195556641 0.0286464691162109 0.074920654296875 -0.0366973876953125
0.0217056274414063 0.0406723022460938 0.0553359985351563 -0.0135879516601562
0.0516395568847656 0.0243072509765625 0.0523033142089844 0.0242042541503906
0.0529098510742188 0.0181045532226563 0.0585365295410156 0.0571098327636719
0.0585174560546875 0.0156822204589844 0.0622482299804688 0.100914001464844
0.0449638366699219 0.0242652893066406 0.0327224731445313 0.136924743652344
0.0261249542236328 0.0272426605224609 -0.00141906738281249 0.131385803222656
0.0146560668945312 0.0184364318847656 -0.0340652465820312 0.0994644165039063
0.00806999206542969 0.0231056213378906 -0.0398445129394531 0.0582427978515625
-0.01666259765625 0.0241889953613281 0.0405921936035156 0.0422515869140625
-0.0356292724609375 0.0129547119140625 0.145492553710938 0.133865356445313
0.127677917480469 -0.00701904296875 -0.123390197753906 -0.124847412109375
0.0533370971679688 -0.0570564270019531 -0.0159339904785156 -0.0651054382324219
0.0204353332519531 -0.0575523376464844 0.0617599487304688 -0.0675582885742188
-0.00558471679687501 -0.0620498657226563 0.0648574829101562 -0.114013671875
-0.0292510986328125 -0.0565757751464844 0.0369873046875 -0.130294799804688
-0.0712051391601563 -0.0494842529296875 -0.0157470703125 -0.138359069824219
-0.0909271240234375 -0.0324630737304688 -0.0495147705078125 -0.105926513671875
-0.0827713012695313 -0.036224365234375 -0.0406646728515625 -0.0582389831542969
-0.0880279541015625 -0.0534439086914063 -0.0350971221923828 -0.0115432739257813
-0.050994873046875 -0.0811614990234375 -0.0513687133789062 0.0286941528320313
0.0070343017578125 -0.0862197875976563 -0.0683364868164063 0.0601654052734375
0.0475959777832031 -0.0579795837402344 -0.0985794067382813 0.0511322021484375
0.0720062255859375 -0.00534820556640625 -0.135841369628906 0.04071044921875
0.0811233520507813 0.00867462158203125 -0.137771606445313 0.0512619018554688
0.103118896484375 0.027679443359375 -0.085113525390625 0.08343505859375
0.163345336914062 9.1552734375E-05 -0.068267822265625 -0.122245788574219
0.0919113159179688 -0.0540924072265625 0.0355873107910156 -0.0682716369628906
0.0582847595214844 -0.0635185241699219 0.0987625122070313 -0.0720062255859375
0.0238418579101563 -0.0771713256835938 0.0973587036132813 -0.116966247558594
-0.00878143310546876 -0.07470703125 0.0655364990234375 -0.127456665039063
-0.0612564086914063 -0.0767898559570313 0.0176544189453125 -0.133583068847656
-0.0900726318359375 -0.0606765747070312 -0.0118865966796875 -0.098846435546875
-0.0837783813476563 -0.0625228881835938 -0.00478363037109375 -0.0471038818359375
-0.0932388305664063 -0.081787109375 0.00191926956176757 0.00511741638183593
-0.0553131103515625 -0.111648559570313 -0.0229415893554688 0.0530242919921875
0.0146484375 -0.119804382324219 -0.04486083984375 0.0845108032226562
0.0669631958007813 -0.0903472900390625 -0.0770339965820312 0.0703125
0.110466003417969 -0.0194320678710938 -0.103775024414063 0.058990478515625
0.121833801269531 0.00250244140625 -0.08868408203125 0.0646209716796875
0.138771057128906 0.0259780883789063 -0.0323028564453125 0.103836059570313
0.178359985351563 0.01068115234375 -0.00507354736328124 -0.111518859863281
0.120521545410156 -0.0386734008789063 0.0936737060546875 -0.0622482299804688
0.09515380859375 -0.0585479736328125 0.13958740234375 -0.0694808959960938
0.0572280883789063 -0.08428955078125 0.131881713867188 -0.116928100585938
0.0166778564453125 -0.0871734619140625 0.0899810791015625 -0.121421813964844
-0.0406494140625 -0.0967864990234375 0.0464401245117188 -0.120574951171875
-0.0750503540039063 -0.082000732421875 0.0225372314453125 -0.0824737548828125
-0.0731201171875 -0.0792999267578125 0.030914306640625 -0.0290679931640625
-0.0863800048828125 -0.0958404541015625 0.041046142578125 0.0259017944335937
-0.0549545288085938 -0.12152099609375 0.0119705200195312 0.0809783935546875
0.0132522583007813 -0.133354187011719 -0.0153274536132813 0.111015319824219
0.0667266845703125 -0.111198425292969 -0.0522994995117187 0.0910263061523438
0.124855041503906 -0.03973388671875 -0.0724029541015625 0.0752487182617188
0.140884399414063 -0.012237548828125 -0.0390129089355469 0.0700225830078125
0.153213500976562 0.0175933837890625 0.0272140502929688 0.119422912597656
0.167800903320312 0.019622802734375 0.05499267578125 -0.0955429077148438
0.131103515625 -0.01812744140625 0.147216796875 -0.0494232177734375
0.120803833007813 -0.0469284057617188 0.174407958984375 -0.0608673095703125
0.0849227905273438 -0.0832443237304688 0.158096313476563 -0.107589721679687
0.0383682250976563 -0.089263916015625 0.105941772460938 -0.107925415039063
-0.016204833984375 -0.103401184082031 0.0661087036132813 -0.0977706909179687
-0.0504913330078125 -0.0904693603515625 0.0509872436523438 -0.05712890625
-0.0509719848632813 -0.0835037231445313 0.0612068176269531 -0.00703811645507813
-0.06494140625 -0.095977783203125 0.0764312744140625 0.0470352172851562
-0.0446395874023437 -0.112106323242188 0.0460739135742188 0.104537963867187
0.0109710693359375 -0.123382568359375 0.0138778686523438 0.130172729492188
0.0553665161132812 -0.111862182617188 -0.0288009643554687 0.105476379394531
0.118110656738281 -0.0523223876953125 -0.0449295043945312 0.0807418823242188
0.136764526367187 -0.023681640625 0.00564956665039064 0.0634078979492188
0.145950317382813 0.01055908203125 0.0860671997070313 0.127922058105469
0.132537841796875 0.0238265991210938 0.102653503417969 -0.07794189453125
0.117416381835938 0.0006561279296875 0.185867309570313 -0.03411865234375
0.122970581054688 -0.0308685302734375 0.19384765625 -0.0481109619140625
0.09368896484375 -0.0697479248046875 0.170578002929688 -0.091552734375
0.0496902465820312 -0.0773391723632812 0.11041259765625 -0.085693359375
0.00554656982421874 -0.091400146484375 0.0769729614257813 -0.068572998046875
-0.0198211669921875 -0.082672119140625 0.0695419311523437 -0.027587890625
-0.020660400390625 -0.0739974975585938 0.0813217163085938 0.0165939331054687
-0.0314712524414063 -0.0828933715820313 0.100173950195312 0.0660400390625
-0.02142333984375 -0.0870742797851563 0.0710601806640625 0.121498107910156
0.0158462524414063 -0.0949020385742188 0.0345306396484375 0.138885498046875
0.0447769165039063 -0.0904541015625 -0.0111846923828125 0.111396789550781
0.0978622436523438 -0.0470199584960938 -0.0254287719726562 0.0776519775390625
0.113143920898437 -0.023223876953125 0.0398521423339844 0.0507316589355469
0.117172241210938 0.0076141357421875 0.135711669921875 0.131492614746094
0.0787429809570313 0.0190658569335938 0.12982177734375 -0.0641937255859375
0.0817337036132813 0.0091094970703125 0.202896118164063 -0.0247039794921875
0.0945663452148438 -0.0165557861328125 0.195068359375 -0.0388031005859375
0.07666015625 -0.04736328125 0.16595458984375 -0.0726318359375
0.0440940856933594 -0.0490570068359375 0.103378295898438 -0.0633544921875
0.0219497680664062 -0.0597763061523438 0.0766830444335938 -0.04022216796875
0.01214599609375 -0.0588645935058594 0.0770797729492188 0.000648498535156247
0.0129661560058594 -0.0529518127441406 0.0889663696289063 0.0371551513671875
0.00863265991210937 -0.0589408874511719 0.107192993164062 0.0821075439453125
0.0109062194824219 -0.0536231994628906 0.079925537109375 0.1314697265625
0.0277862548828125 -0.0530014038085938 0.0412139892578125 0.141891479492188
0.0394668579101563 -0.05322265625 -0.00519561767578124 0.111381530761719
0.0719680786132813 -0.02301025390625 -0.0159721374511719 0.0698089599609375
0.0749893188476563 -0.0062103271484375 0.0609703063964844 0.0395545959472656
0.071685791015625 0.0129928588867188 0.16986083984375 0.133743286132812
0.0154018402099609 0.00924015045166016 0.133110046386719 -0.06134033203125
0.0303573608398438 0.00732994079589844 0.195709228515625 -0.024749755859375
0.0429000854492188 -0.0088348388671875 0.178466796875 -0.0362396240234375
0.0363540649414063 -0.0175285339355469 0.150299072265625 -0.0588836669921875
0.0233287811279297 -0.00812721252441406 0.0905380249023438 -0.047637939453125
0.0316829681396484 -0.0111980438232422 0.0693626403808594 -0.0199928283691406
0.0418434143066406 -0.0232353210449219 0.0726318359375 0.0194091796875
0.044036865234375 -0.0226898193359375 0.0828857421875 0.05230712890625
0.0473403930664063 -0.0283851623535156 0.0963668823242187 0.0947418212890625
0.0421600341796875 -0.0162010192871094 0.0690689086914062 0.137557983398438
0.0399093627929688 -0.00833511352539063 0.03009033203125 0.14019775390625
0.0351638793945313 -0.00975799560546875 -0.0106658935546875 0.108360290527344
0.0430717468261719 0.00911331176757813 -0.0190658569335937 0.0656852722167969
0.0284004211425781 0.0202236175537109 0.065216064453125 0.0388755798339844
0.0138034820556641 0.0213336944580078 0.182632446289062 0.138076782226563
-0.0480880737304688 -0.000835418701171872 0.112136840820313 -0.0690994262695313
-0.0250568389892578 0.00152778625488281 0.167312622070312 -0.033599853515625
-0.0194549560546875 -0.000907897949218751 0.151870727539063 -0.039581298828125
-0.0145969390869141 0.0160512924194336 0.1300048828125 -0.0539398193359375
-0.00264358520507812 0.038909912109375 0.075225830078125 -0.0459442138671875
0.0383415222167969 0.041748046875 0.0543365478515625 -0.0167388916015625
0.067352294921875 0.0165863037109375 0.0547409057617188 0.0258865356445312
0.0696144104003906 0.00998306274414063 0.0628662109375 0.0590438842773438
0.0758819580078125 0.00543975830078125 0.0710678100585938 0.104011535644531
0.0631370544433594 0.019287109375 0.0440521240234375 0.140838623046875
0.0426406860351563 0.0309562683105469 0.00701904296874999 0.137619018554687
0.0265274047851563 0.0275821685791016 -0.0279998779296875 0.108619689941406
0.0110206604003906 0.0383949279785156 -0.0359840393066406 0.0675888061523438
-0.0220184326171875 0.0435066223144531 0.0492744445800781 0.0485801696777344
-0.0468597412109375 0.0283393859863281 0.168991088867188 0.143203735351563
0.142913818359375 -0.0321044921875 -0.143142700195313 -0.134262084960937
0.0511245727539062 -0.0787200927734375 -0.0260162353515625 -0.0752029418945313
0.0108566284179688 -0.0742111206054688 0.057769775390625 -0.07806396484375
-0.0229568481445313 -0.0714569091796875 0.057342529296875 -0.124229431152344
-0.0465621948242187 -0.0574226379394531 0.0310592651367187 -0.140174865722656
-0.0909881591796875 -0.0379791259765625 -0.02398681640625 -0.145980834960938
-0.107093811035156 -0.016387939453125 -0.0561065673828125 -0.110916137695313
-0.0988922119140625 -0.024017333984375 -0.0427322387695313 -0.0647621154785156
-0.107208251953125 -0.0400009155273437 -0.0338840484619141 -0.0172061920166016
-0.0731201171875 -0.0788955688476563 -0.0457725524902344 0.0305519104003906
-0.0116653442382812 -0.0965118408203125 -0.0599174499511719 0.0661468505859375
0.0381851196289063 -0.0768814086914063 -0.0982589721679688 0.0626907348632813
0.0792083740234375 -0.0262908935546875 -0.140518188476562 0.0548934936523438
0.0966949462890625 -0.010711669921875 -0.146148681640625 0.061279296875
0.125762939453125 0.0102157592773438 -0.088226318359375 0.0877685546875
0.181655883789063 -0.0216827392578125 -0.0804672241210938 -0.138107299804688
0.092926025390625 -0.0739212036132813 0.0307693481445313 -0.0862655639648438
0.0514678955078125 -0.0797882080078125 0.0974578857421875 -0.0881729125976562
0.00958251953125001 -0.0868377685546875 0.0949020385742188 -0.133232116699219
-0.0235977172851563 -0.0766220092773437 0.062835693359375 -0.142303466796875
-0.0796356201171875 -0.0693283081054688 0.0128936767578125 -0.14605712890625
-0.104736328125 -0.0484237670898437 -0.0146865844726563 -0.110954284667969
-0.0995635986328125 -0.053375244140625 -0.00384521484375 -0.0586090087890625
-0.112159729003906 -0.072540283203125 0.00768375396728515 -0.00595378875732422
-0.0770339965820312 -0.111824035644531 -0.0107688903808594 0.0505256652832031
-0.00242614746093749 -0.132675170898437 -0.0313873291015625 0.0881805419921875
0.0599899291992188 -0.111167907714844 -0.0698165893554688 0.0774612426757813
0.122001647949219 -0.0417251586914062 -0.101524353027344 0.070220947265625
0.141342163085938 -0.0163726806640625 -0.090728759765625 0.0703201293945313
0.163040161132813 0.01129150390625 -0.0251083374023437 0.101753234863281
0.1968994140625 -0.004180908203125 -0.00931549072265624 -0.133918762207031
0.124565124511719 -0.0541763305664062 0.095733642578125 -0.0852813720703125
0.0941848754882813 -0.0720596313476563 0.142440795898437 -0.0894927978515625
0.048309326171875 -0.095367431640625 0.132972717285156 -0.13641357421875
0.00632476806640625 -0.0911102294921875 0.0908203125 -0.141265869140625
-0.0552597045898437 -0.0936203002929688 0.0440597534179688 -0.139030456542969
-0.08673095703125 -0.0764846801757812 0.02362060546875 -0.0984725952148438
-0.0857925415039063 -0.0757064819335937 0.0354537963867187 -0.0447120666503906
-0.103050231933594 -0.0918045043945312 0.0525627136230469 0.0115699768066406
-0.073455810546875 -0.124626159667969 0.0295867919921875 0.0747222900390625
9.15527343749852E-05 -0.147628784179687 0.00383758544921875 0.110786437988281
0.061676025390625 -0.131507873535156 -0.040283203125 0.0963134765625
0.137001037597656 -0.060638427734375 -0.0639114379882812 0.0823898315429688
0.159881591796875 -0.02874755859375 -0.0327415466308594 0.0698280334472656
0.177139282226563 0.0069732666015625 0.0437240600585938 0.112945556640625
0.184127807617188 0.0131072998046875 0.0587387084960938 -0.120208740234375
0.139480590820313 -0.0263824462890625 0.156036376953125 -0.0758209228515625
0.125343322753906 -0.057281494140625 0.18212890625 -0.0843963623046875
0.0833358764648438 -0.0943603515625 0.163604736328125 -0.132171630859375
0.0352020263671875 -0.0949554443359375 0.107589721679688 -0.128318786621094
-0.0245819091796875 -0.105216979980469 0.0672149658203125 -0.117965698242188
-0.0584945678710938 -0.0922393798828125 0.0544815063476562 -0.0760726928710938
-0.0595932006835938 -0.0857925415039062 0.0682563781738281 -0.0235748291015625
-0.0761032104492188 -0.0979080200195312 0.0906448364257813 0.02978515625
-0.0549850463867187 -0.116828918457031 0.067779541015625 0.0943603515625
0.00290679931640626 -0.135498046875 0.034942626953125 0.126762390136719
0.053253173828125 -0.1270751953125 -0.012451171875 0.107826232910156
0.129302978515625 -0.066375732421875 -0.0334320068359375 0.0851669311523437
0.153823852539063 -0.0337982177734375 0.0162734985351563 0.0598945617675781
0.164413452148438 0.0049285888671875 0.11029052734375 0.118583679199219
0.144134521484375 0.0265960693359375 0.113670349121094 -0.100471496582031
0.126632690429688 0.00058746337890625 0.2010498046875 -0.059356689453125
0.131813049316406 -0.0346832275390625 0.207015991210938 -0.07183837890625
0.100296020507813 -0.0775833129882813 0.176681518554688 -0.11676025390625
0.0528030395507813 -0.0838775634765625 0.112838745117187 -0.105758666992187
0.00458526611328124 -0.0992279052734375 0.0794219970703125 -0.0864791870117188
-0.0224990844726563 -0.0899124145507813 0.076263427734375 -0.044219970703125
-0.0224685668945312 -0.0816421508789063 0.090972900390625 -0.000312805175781255
-0.0350494384765625 -0.0914764404296875 0.116165161132813 0.0492477416992187
-0.0233230590820313 -0.0941238403320312 0.0929489135742188 0.110191345214844
0.017181396484375 -0.104766845703125 0.057220458984375 0.134849548339844
0.0495223999023437 -0.099822998046875 0.0061492919921875 0.111053466796875
0.108238220214844 -0.0523529052734375 -0.011627197265625 0.0800247192382812
0.124046325683594 -0.0242233276367187 0.0533905029296875 0.0437164306640625
0.12823486328125 0.010406494140625 0.165237426757813 0.120651245117188
0.081878662109375 0.0295181274414063 0.1451416015625 -0.0818023681640625
0.087066650390625 0.017913818359375 0.22216796875 -0.046356201171875
0.103752136230469 -0.0125885009765625 0.2083740234375 -0.0612335205078125
0.0872955322265625 -0.0481414794921875 0.17315673828125 -0.0962982177734375
0.0528717041015625 -0.0533218383789063 0.106575012207031 -0.0801849365234375
0.0290260314941406 -0.0698509216308594 0.0799026489257813 -0.054351806640625
0.0163345336914063 -0.0708770751953125 0.0850753784179688 -0.0122222900390625
0.0168952941894531 -0.0655136108398438 0.0983123779296875 0.0247726440429687
0.0121078491210938 -0.07135009765625 0.123146057128906 0.0675888061523438
0.0169029235839844 -0.0636329650878906 0.0997848510742188 0.122177124023438
0.0373687744140625 -0.0595932006835938 0.060394287109375 0.136322021484375
0.0492820739746094 -0.0557594299316406 0.012115478515625 0.110939025878906
0.08123779296875 -0.0198211669921875 -0.00356292724609375 0.0716400146484375
0.0822525024414062 0.00150299072265625 0.0760574340820313 0.0327529907226563
0.0767745971679688 0.0234909057617188 0.201797485351563 0.125152587890625
0.0120048522949219 0.0238132476806641 0.148574829101562 -0.0752716064453125
0.0308341979980469 0.0202560424804688 0.214752197265625 -0.04327392578125
0.0491561889648437 0.0048980712890625 0.19049072265625 -0.0566558837890625
0.047393798828125 -0.0110893249511719 0.155960083007813 -0.079833984375
0.0378990173339844 -0.00730133056640625 0.0907135009765625 -0.0612869262695313
0.0457038879394531 -0.0202064514160156 0.0696525573730469 -0.0295639038085938
0.0519447326660156 -0.0379905700683594 0.0787582397460938 0.0124664306640625
0.0551300048828125 -0.0377197265625 0.0912628173828125 0.0466995239257813
0.0569953918457031 -0.0457916259765625 0.109909057617187 0.0858001708984375
0.0557403564453125 -0.0289573669433594 0.0865936279296875 0.130294799804688
0.0561752319335937 -0.0123214721679687 0.04669189453125 0.136474609375
0.0499343872070312 -0.00776290893554687 0.00353240966796876 0.111167907714844
0.0534133911132813 0.0209236145019531 -0.0070953369140625 0.0688858032226563
0.0331192016601563 0.0372200012207031 0.0792694091796875 0.0360107421875
0.012481689453125 0.0393867492675781 0.213165283203125 0.133453369140625
-0.0604667663574219 0.0164909362792969 0.123382568359375 -0.0763015747070313
-0.0316696166992188 0.0183696746826172 0.1826171875 -0.0475616455078125
-0.0195980072021484 0.016204833984375 0.162277221679688 -0.0562744140625
-0.00575637817382813 0.0288887023925781 0.132804870605469 -0.0715560913085938
0.0130119323730469 0.0440788269042969 0.070587158203125 -0.0545578002929687
0.0587692260742188 0.0359230041503906 0.0517311096191406 -0.0199813842773438
0.0830917358398438 0.0025177001953125 0.0575027465820313 0.0262336730957031
0.0830078125 -0.00511932373046875 0.0697135925292969 0.057952880859375
0.0913848876953125 -0.0129318237304688 0.0823593139648438 0.102958679199219
0.08172607421875 0.00592803955078125 0.056915283203125 0.139091491699219
0.0641517639160156 0.0285072326660156 0.0191268920898438 0.140144348144531
0.0433082580566406 0.0332260131835938 -0.01678466796875 0.114021301269531
0.0204887390136719 0.0557632446289063 -0.027496337890625 0.0745925903320313
-0.0202903747558594 0.0654945373535156 0.0613479614257812 0.0516395568847656
-0.0540580749511719 0.0491981506347656 0.196762084960938 0.143173217773438
0.148223876953125 -0.0628814697265625 -0.164291381835938 -0.137588500976562
0.040496826171875 -0.100578308105469 -0.041351318359375 -0.08203125
-0.0060577392578125 -0.0858078002929688 0.0487442016601563 -0.08599853515625
-0.0454559326171875 -0.0755996704101563 0.0495529174804688 -0.13037109375
-0.0660362243652344 -0.0482444763183594 0.02362060546875 -0.144012451171875
-0.106208801269531 -0.0192642211914062 -0.032684326171875 -0.148651123046875
-0.116264343261719 0.0041656494140625 -0.0639114379882813 -0.115585327148438
-0.109146118164063 -0.00555419921875001 -0.0459632873535156 -0.0687828063964844
-0.122344970703125 -0.0197525024414063 -0.034210205078125 -0.0232715606689453
-0.0911483764648438 -0.0652923583984375 -0.039642333984375 0.0291709899902344
-0.0327301025390625 -0.101310729980469 -0.0510368347167969 0.0673141479492188
0.0221328735351562 -0.09259033203125 -0.093353271484375 0.06884765625
0.0793914794921875 -0.0492935180664063 -0.14080810546875 0.0677642822265625
0.105598449707031 -0.0366592407226562 -0.152328491210938 0.0734405517578125
0.1422119140625 -0.014862060546875 -0.089080810546875 0.0882034301757813
0.190155029296875 -0.0467681884765625 -0.096038818359375 -0.154037475585938
0.0866241455078125 -0.0947265625 0.0187454223632813 -0.10467529296875
0.0371170043945313 -0.0919723510742188 0.0909805297851563 -0.100837707519531
-0.00737762451171874 -0.091552734375 0.08795166015625 -0.146469116210938
-0.0399093627929688 -0.0725479125976562 0.0574798583984375 -0.154098510742188
-0.0934906005859375 -0.0531234741210937 0.00607299804687501 -0.157562255859375
-0.115287780761719 -0.03375244140625 -0.0195159912109375 -0.122535705566406
-0.11004638671875 -0.0408477783203125 -0.00579833984375001 -0.0708160400390625
-0.127998352050781 -0.0562744140625 0.0122623443603516 -0.0195045471191406
-0.0973358154296875 -0.103271484375 -0.000629425048828131 0.0419387817382813
-0.0242767333984375 -0.140342712402344 -0.0161285400390625 0.0855560302734375
0.046630859375 -0.129203796386719 -0.061737060546875 0.0797805786132813
0.125526428222656 -0.067474365234375 -0.0961685180664062 0.07843017578125
0.15240478515625 -0.042327880859375 -0.0889358520507812 0.0746231079101563
0.183883666992187 -0.01214599609375 -0.01873779296875 0.0952529907226563
0.208343505859375 -0.02392578125 -0.018280029296875 -0.15570068359375
0.124176025390625 -0.0688934326171875 0.0899734497070313 -0.108634948730469
0.0887985229492188 -0.0850067138671875 0.140357971191406 -0.110366821289063
0.0369720458984375 -0.101943969726563 0.126007080078125 -0.158843994140625
-0.00429534912109376 -0.0899200439453125 0.08551025390625 -0.157211303710938
-0.0672531127929688 -0.0853805541992187 0.0392913818359375 -0.155624389648438
-0.0973892211914063 -0.066986083984375 0.0214691162109375 -0.115379333496094
-0.0961532592773438 -0.06512451171875 0.0368270874023438 -0.0624465942382813
-0.117439270019531 -0.0811996459960937 0.05914306640625 -0.00753784179687501
-0.0893020629882813 -0.120468139648437 0.0440673828125 0.0603523254394531
-0.01922607421875 -0.15625 0.0199661254882813 0.100799560546875
0.0503082275390625 -0.1492919921875 -0.026702880859375 0.095947265625
0.14251708984375 -0.08197021484375 -0.052001953125 0.0865325927734375
0.1708984375 -0.0496826171875 -0.0274810791015625 0.0661354064941406
0.196533203125 -0.0109405517578125 0.0578842163085938 0.0993194580078125
0.198944091796875 0.001220703125 0.0576629638671875 -0.147857666015625
0.144805908203125 -0.0348968505859375 0.152725219726562 -0.102249145507812
0.127029418945313 -0.0662841796875 0.182174682617188 -0.108871459960938
0.0787811279296875 -0.103164672851563 0.16033935546875 -0.155502319335938
0.0303802490234375 -0.098907470703125 0.105636596679688 -0.14654541015625
-0.0336074829101563 -0.106292724609375 0.0640640258789062 -0.13580322265625
-0.0668869018554688 -0.08917236328125 0.05291748046875 -0.0966339111328125
-0.064605712890625 -0.0844802856445313 0.0688514709472656 -0.0425682067871094
-0.0863418579101562 -0.096527099609375 0.0996856689453125 0.00630950927734374
-0.0668106079101563 -0.116767883300781 0.0813751220703125 0.0750503540039062
-0.00631713867187499 -0.144088745117188 0.0558547973632813 0.11456298828125
0.04827880859375 -0.14361572265625 0.00277709960937501 0.102653503417969
0.136787414550781 -0.082122802734375 -0.020782470703125 0.083343505859375
0.164108276367188 -0.049285888671875 0.0273551940917969 0.0482902526855469
0.183563232421875 -0.00494384765625 0.130691528320312 0.100418090820312
0.155990600585938 0.0259552001953125 0.119285583496094 -0.126106262207031
0.134971618652344 0.00113677978515625 0.2069091796875 -0.0896759033203125
0.139900207519531 -0.0356826782226563 0.20965576171875 -0.0965423583984375
0.105010986328125 -0.0856399536132813 0.17645263671875 -0.140274047851563
0.056121826171875 -0.0903701782226563 0.110252380371094 -0.123161315917969
0.00371551513671876 -0.106620788574219 0.0772247314453125 -0.105880737304688
-0.0254287719726563 -0.0992355346679688 0.0763168334960938 -0.0630950927734375
-0.0269699096679687 -0.088714599609375 0.0948867797851563 -0.0194549560546875
-0.039764404296875 -0.0983734130859375 0.125938415527344 0.0274200439453125
-0.0283966064453125 -0.102500915527344 0.110908508300781 0.0910491943359375
0.0162506103515625 -0.114036560058594 0.0745773315429688 0.121612548828125
0.052337646484375 -0.110336303710938 0.0240478515625 0.102035522460938
0.116737365722656 -0.060211181640625 0.00180816650390626 0.074981689453125
0.135520935058594 -0.027313232421875 0.0650558471679688 0.0308914184570313
0.142547607421875 0.0106964111328125 0.192337036132813 0.0989532470703125
0.0903701782226562 0.0378875732421875 0.155776977539063 -0.106155395507813
0.0961456298828125 0.0251312255859375 0.233673095703125 -0.07373046875
0.114021301269531 -0.009796142578125 0.214874267578125 -0.0873565673828125
0.09796142578125 -0.05242919921875 0.175003051757812 -0.12188720703125
0.0632438659667969 -0.0595893859863281 0.10302734375 -0.0955963134765625
0.0320968627929687 -0.0830535888671875 0.0790634155273437 -0.0693740844726563
0.0163192749023438 -0.0849075317382813 0.086273193359375 -0.027099609375
0.019256591796875 -0.081512451171875 0.104652404785156 0.00826263427734374
0.013458251953125 -0.0859603881835938 0.13275146484375 0.050750732421875
0.0204315185546875 -0.0766067504882813 0.116096496582031 0.104095458984375
0.0461349487304688 -0.0714797973632812 0.0777664184570313 0.124565124511719
0.0595741271972656 -0.0616989135742188 0.0253219604492188 0.104652404785156
0.0941238403320313 -0.019073486328125 0.0100631713867188 0.0666847229003906
0.0934295654296875 0.00923919677734375 0.0883026123046875 0.0227890014648438
0.08331298828125 0.0363006591796875 0.228500366210938 0.10614013671875
0.0127067565917969 0.0422935485839844 0.159103393554687 -0.093719482421875
0.0361328125 0.0370216369628906 0.227203369140625 -0.0647735595703125
0.058380126953125 0.0164070129394531 0.196304321289063 -0.0785980224609375
0.0619621276855469 -0.0078125 0.155563354492188 -0.0999908447265625
0.0519828796386719 -0.00848770141601563 0.0842742919921875 -0.070587158203125
0.0590324401855469 -0.0323715209960938 0.0694122314453125 -0.0368766784667969
0.0582008361816406 -0.0537796020507813 0.08123779296875 0.00362396240234375
0.0601654052734375 -0.0565338134765625 0.0980377197265625 0.0367889404296875
0.0630455017089844 -0.0671539306640625 0.120063781738281 0.0758895874023438
0.065887451171875 -0.04595947265625 0.100311279296875 0.117813110351563
0.072235107421875 -0.023162841796875 0.059173583984375 0.130828857421875
0.06964111328125 -0.00801467895507813 0.016754150390625 0.106468200683594
0.0670814514160156 0.0317535400390625 0.0062255859375 0.0680580139160156
0.0420608520507813 0.0561141967773438 0.0929412841796875 0.0290298461914063
0.0166740417480469 0.0567131042480469 0.241622924804688 0.117660522460938
-0.0662269592285156 0.0410499572753906 0.130844116210938 -0.0873260498046875
-0.0311355590820312 0.0385475158691406 0.195358276367188 -0.0626373291015625
-0.0126075744628906 0.0376548767089844 0.1650390625 -0.0738372802734375
0.0111083984375 0.0414657592773438 0.128120422363281 -0.0885238647460938
0.0314369201660156 0.0459327697753906 0.0632591247558594 -0.0608329772949219
0.0768203735351562 0.0255813598632812 0.0481300354003906 -0.02154541015625
0.0921707153320312 -0.0177841186523438 0.0617103576660156 0.0245361328125
0.0923004150390625 -0.0240020751953125 0.0738525390625 0.05615234375
0.100868225097656 -0.0338211059570313 0.09027099609375 0.0988616943359375
0.09515380859375 -0.0140609741210938 0.0661773681640625 0.133407592773438
0.0851821899414063 0.01812744140625 0.0310287475585938 0.137046813964844
0.0640449523925781 0.03436279296875 -0.00502777099609374 0.114982604980469
0.0356979370117187 0.0708847045898438 -0.014984130859375 0.0795745849609375
-0.0100173950195313 0.08905029296875 0.07379150390625 0.0501480102539063
-0.0536270141601563 0.0735244750976563 0.222366333007813 0.138519287109375
0.150650024414063 -0.09259033203125 -0.187164306640625 -0.140716552734375
0.026763916015625 -0.119087219238281 -0.056732177734375 -0.08526611328125
-0.026397705078125 -0.0963592529296875 0.0401992797851562 -0.0899887084960938
-0.06591796875 -0.0702629089355469 0.0419845581054687 -0.133697509765625
-0.0807876586914063 -0.037872314453125 0.01837158203125 -0.15020751953125
-0.116004943847656 0.00360870361328124 -0.0377960205078125 -0.152420043945313
-0.119873046875 0.0276107788085938 -0.0672683715820313 -0.119522094726563
-0.114303588867188 0.014862060546875 -0.0518722534179687 -0.0750350952148438
-0.12994384765625 0.00360870361328123 -0.0344486236572266 -0.0300045013427734
-0.108047485351563 -0.0493927001953125 -0.0334815979003906 0.0240440368652344
-0.0556182861328125 -0.0972442626953125 -0.041473388671875 0.0656166076660156
0.00256347656250001 -0.100532531738281 -0.0879058837890625 0.075286865234375
0.0730438232421875 -0.073211669921875 -0.138336181640625 0.0792465209960938
0.106788635253906 -0.0647659301757813 -0.1571044921875 0.0825042724609375
0.151885986328125 -0.043212890625 -0.0929183959960937 0.0909881591796875
0.196395874023438 -0.074462890625 -0.116546630859375 -0.166015625
0.077056884765625 -0.111587524414063 0.00473022460937499 -0.1151123046875
0.0226974487304687 -0.101753234863281 0.0824203491210938 -0.111785888671875
-0.0279083251953125 -0.0906753540039063 0.0798797607421875 -0.15625
-0.0537223815917969 -0.0635604858398438 0.0510101318359375 -0.163848876953125
-0.102439880371094 -0.0364227294921875 -0.000549316406250014 -0.167694091796875
-0.120697021484375 -0.015350341796875 -0.0253067016601562 -0.133750915527344
-0.118179321289063 -0.0238494873046875 -0.00988006591796876 -0.0836029052734375
-0.138504028320313 -0.0387496948242188 0.0105724334716797 -0.0334625244140625
-0.114189147949219 -0.0912857055664062 0.00712013244628906 0.0316028594970703
-0.0449981689453125 -0.142608642578125 -0.00589752197265626 0.076568603515625
0.0287628173828125 -0.142822265625 -0.051788330078125 0.0794906616210937
0.122428894042969 -0.0913848876953125 -0.0896835327148438 0.0836029052734375
0.1595458984375 -0.0704498291015625 -0.0900802612304687 0.0757064819335938
0.19732666015625 -0.03741455078125 -0.0174407958984375 0.0882110595703125
0.218994140625 -0.0440826416015625 -0.0340423583984375 -0.176834106445313
0.120895385742188 -0.0827178955078125 0.075927734375 -0.129402160644531
0.0799102783203125 -0.0922012329101562 0.132110595703125 -0.124229431152344
0.0252685546875 -0.103561401367188 0.1201171875 -0.172958374023438
-0.01446533203125 -0.0868072509765625 0.077911376953125 -0.170944213867188
-0.0749053955078125 -0.0750656127929688 0.0318450927734375 -0.169418334960938
-0.103172302246094 -0.0566864013671875 0.0146713256835937 -0.1337890625
-0.103286743164063 -0.0582122802734375 0.03155517578125 -0.079376220703125
-0.126167297363281 -0.0715179443359375 0.0579452514648438 -0.0277328491210938
-0.104927062988281 -0.113082885742188 0.0519599914550781 0.0441322326660156
-0.03558349609375 -0.1610107421875 0.0336074829101562 0.08929443359375
0.0380706787109375 -0.162994384765625 -0.01617431640625 0.0881271362304688
0.143081665039063 -0.104461669921875 -0.0428466796875 0.083251953125
0.18109130859375 -0.07464599609375 -0.0230331420898437 0.0604209899902344
0.212692260742188 -0.030364990234375 0.0662384033203125 0.0828857421875
0.211181640625 -0.0075531005859375 0.0487518310546875 -0.172897338867188
0.147125244140625 -0.0429534912109375 0.148712158203125 -0.128158569335938
0.127677917480469 -0.0722503662109375 0.177993774414063 -0.129119873046875
0.0757522583007812 -0.108177185058594 0.15325927734375 -0.176300048828125
0.0251693725585938 -0.101875305175781 0.0969085693359375 -0.16473388671875
-0.0375137329101563 -0.1033935546875 0.0568695068359375 -0.154342651367188
-0.0717315673828125 -0.0890426635742187 0.0477294921875 -0.115402221679688
-0.0722579956054688 -0.0849456787109375 0.0672225952148437 -0.0630683898925781
-0.0947036743164063 -0.09539794921875 0.100730895996094 -0.01556396484375
-0.0774383544921875 -0.118827819824219 0.0922317504882813 0.05706787109375
-0.0165557861328125 -0.153030395507813 0.067626953125 0.0982437133789062
0.0424041748046875 -0.154251098632813 0.015380859375 0.0913619995117187
0.140113830566406 -0.099517822265625 -0.00830841064453124 0.0765762329101563
0.175552368164063 -0.063995361328125 0.0330352783203125 0.0379524230957031
0.197845458984375 -0.01416015625 0.1448974609375 0.0785064697265625
0.169830322265625 0.02679443359375 0.117691040039063 -0.15576171875
0.14410400390625 -0.0005950927734375 0.205398559570313 -0.1165771484375
0.148086547851563 -0.04034423828125 0.208526611328125 -0.120193481445313
0.10888671875 -0.0929489135742188 0.170562744140625 -0.164596557617188
0.0578231811523437 -0.097442626953125 0.103424072265625 -0.140762329101562
0.000953674316406257 -0.112342834472656 0.070709228515625 -0.122390747070312
-0.0305709838867188 -0.105545043945313 0.0733184814453125 -0.0826263427734375
-0.0309677124023438 -0.0969085693359375 0.0921630859375 -0.0371246337890625
-0.0461807250976563 -0.10638427734375 0.127685546875 0.00416564941406249
-0.0327835083007813 -0.109092712402344 0.119354248046875 0.0695343017578125
0.0140457153320312 -0.123855590820312 0.087432861328125 0.103302001953125
0.0533370971679688 -0.120475769042969 0.034088134765625 0.0911178588867187
0.126945495605469 -0.0675811767578125 0.015533447265625 0.0655937194824219
0.146896362304687 -0.0329437255859375 0.0737457275390625 0.0163726806640625
0.156570434570313 0.011322021484375 0.208526611328125 0.0759735107421875
0.1019287109375 0.0493392944335938 0.159820556640625 -0.13250732421875
0.107795715332031 0.0331344604492188 0.238388061523437 -0.10101318359375
0.129859924316406 -0.0062713623046875 0.21600341796875 -0.109161376953125
0.111091613769531 -0.0588531494140625 0.167984008789063 -0.141159057617188
0.0711135864257813 -0.0693588256835938 0.0962905883789062 -0.10821533203125
0.036834716796875 -0.0933609008789062 0.0729827880859375 -0.08074951171875
0.0155029296875 -0.101371765136719 0.0855789184570313 -0.0415420532226563
0.0166015625 -0.0944366455078125 0.102752685546875 -0.00591278076171876
0.010009765625 -0.103973388671875 0.13421630859375 0.0297317504882812
0.0212173461914063 -0.0911407470703125 0.122360229492188 0.0843429565429688
0.0524673461914063 -0.0839614868164063 0.0864791870117188 0.108642578125
0.0711288452148438 -0.0699920654296875 0.0385665893554688 0.0923843383789063
0.107879638671875 -0.0170059204101563 0.0222053527832031 0.0576591491699219
0.106834411621094 0.0164642333984375 0.0988311767578125 0.00710296630859375
0.0965652465820312 0.044158935546875 0.252288818359375 0.081939697265625
0.0193214416503906 0.0608253479003906 0.16900634765625 -0.1121826171875
0.0460777282714844 0.0509757995605469 0.237228393554688 -0.088836669921875
0.0745697021484375 0.0238037109375 0.199813842773438 -0.100006103515625
0.0791168212890625 -0.010498046875 0.148544311523438 -0.118362426757813
0.0662689208984375 -0.0188522338867188 0.0795516967773438 -0.0805740356445313
0.0673332214355469 -0.0505104064941406 0.066253662109375 -0.0443611145019531
0.0598373413085938 -0.0770645141601563 0.0828475952148438 -0.0035552978515625
0.0608978271484375 -0.0769424438476563 0.0991592407226563 0.0268707275390625
0.0634613037109375 -0.0891265869140625 0.1239013671875 0.0620269775390625
0.0706558227539063 -0.0659561157226563 0.105239868164062 0.104110717773437
0.0861282348632812 -0.037567138671875 0.0665130615234375 0.118400573730469
0.084381103515625 -0.0173492431640625 0.0272445678710938 0.0982208251953125
0.085906982421875 0.03924560546875 0.0157890319824219 0.0623893737792969
0.0573692321777344 0.0699844360351563 0.103607177734375 0.0172271728515625
0.0252761840820312 0.0779571533203125 0.263946533203125 0.101303100585938
-0.065887451171875 0.0641021728515625 0.14239501953125 -0.0975799560546875
-0.0265846252441406 0.0605430603027344 0.204849243164063 -0.0786895751953125
0.000942230224609374 0.0525360107421875 0.166046142578125 -0.092132568359375
0.0296516418457031 0.0454330444335938 0.120376586914062 -0.100761413574219
0.0498123168945313 0.0421714782714844 0.0565986633300781 -0.0648422241210938
0.0917282104492188 0.00565338134765625 0.0456390380859375 -0.0208473205566406
0.0991592407226563 -0.039886474609375 0.0639305114746094 0.0252151489257812
0.095855712890625 -0.0488433837890625 0.07818603515625 0.0547866821289063
0.104362487792969 -0.061492919921875 0.0949325561523438 0.0949020385742188
0.102706909179687 -0.0356597900390625 0.072021484375 0.127281188964844
0.101036071777344 0.00298309326171875 0.0355453491210938 0.132125854492187
0.0859756469726563 0.0277862548828125 0.0042877197265625 0.110992431640625
0.0567245483398438 0.0803985595703125 -0.00566101074218749 0.0783309936523438
0.0032806396484375 0.111007690429688 0.08636474609375 0.0474929809570313
-0.0490493774414063 0.100311279296875 0.245193481445313 0.128738403320313
0.145233154296875 -0.12384033203125 -0.213165283203125 -0.141876220703125
0.00609588623046875 -0.135665893554688 -0.0749588012695313 -0.0875473022460938
-0.0488815307617187 -0.101371765136719 0.0322265625 -0.0924453735351563
-0.0880050659179688 -0.06158447265625 0.03619384765625 -0.137168884277344
-0.0947723388671875 -0.0225601196289063 0.014892578125 -0.154571533203125
-0.120269775390625 0.028411865234375 -0.043060302734375 -0.156600952148438
-0.118911743164062 0.0501785278320313 -0.0734329223632812 -0.125473022460938
-0.116691589355469 0.0364990234375 -0.057098388671875 -0.0816574096679688
-0.134254455566406 0.0266494750976563 -0.0398101806640625 -0.037445068359375
-0.120002746582031 -0.03143310546875 -0.0313224792480469 0.0178279876708984
-0.0761489868164062 -0.0904769897460938 -0.0372543334960938 0.0621681213378906
-0.0178451538085938 -0.105636596679688 -0.084808349609375 0.0787277221679688
0.0616989135742188 -0.09527587890625 -0.137031555175781 0.0889358520507813
0.102706909179688 -0.0937576293945313 -0.163284301757813 0.0943450927734375
0.156631469726563 -0.0740814208984375 -0.0999526977539062 0.0951309204101563
0.197891235351563 -0.101577758789063 -0.139755249023437 -0.1798095703125
0.0626220703125 -0.127212524414063 -0.01348876953125 -0.12554931640625
0.00547790527343751 -0.107139587402344 0.075286865234375 -0.120674133300781
-0.0451431274414062 -0.085174560546875 0.0742034912109375 -0.166061401367188
-0.0646286010742188 -0.0523452758789063 0.0464630126953125 -0.174530029296875
-0.107940673828125 -0.0168075561523437 -0.00770568847656251 -0.177719116210938
-0.122108459472656 0.00246429443359375 -0.0334930419921875 -0.147247314453125
-0.121849060058594 -0.00690460205078126 -0.0174789428710938 -0.0966720581054687
-0.144989013671875 -0.020477294921875 0.00522613525390624 -0.0477752685546875
-0.126853942871094 -0.0775680541992188 0.00986862182617187 0.019439697265625
-0.0657272338867188 -0.140380859375 6.48498535156206E-05 0.0666580200195313
0.0101318359375 -0.153335571289062 -0.0479583740234375 0.0769805908203125
0.116584777832031 -0.115303039550781 -0.084503173828125 0.08526611328125
0.160369873046875 -0.09918212890625 -0.0929412841796875 0.0772476196289063
0.208847045898437 -0.066314697265625 -0.0196456909179687 0.0813217163085938
0.227005004882813 -0.064605712890625 -0.054229736328125 -0.200439453125
0.115570068359375 -0.09552001953125 0.06109619140625 -0.147628784179688
0.0713577270507813 -0.0992431640625 0.126091003417969 -0.1400146484375
0.0134048461914062 -0.103286743164063 0.114456176757813 -0.189407348632813
-0.0214920043945312 -0.08172607421875 0.0722503662109375 -0.186553955078125
-0.0796051025390625 -0.0637283325195312 0.02276611328125 -0.185699462890625
-0.107284545898438 -0.0472183227539063 0.004852294921875 -0.151077270507813
-0.108909606933594 -0.0496978759765625 0.0234298706054687 -0.0965499877929688
-0.135749816894531 -0.0611190795898438 0.0534210205078125 -0.0477485656738281
-0.117782592773437 -0.106765747070313 0.0553932189941406 0.0263900756835937
-0.0526275634765625 -0.164047241210938 0.0404815673828125 0.0748672485351562
0.0230865478515625 -0.175872802734375 -0.01068115234375 0.0792236328125
0.1416015625 -0.1265869140625 -0.0364151000976562 0.0780868530273437
0.187637329101563 -0.0995025634765625 -0.023040771484375 0.0536727905273437
0.228271484375 -0.0526580810546875 0.0690574645996094 0.0682029724121094
0.224105834960938 -0.0193328857421875 0.0345001220703125 -0.203079223632812
0.151779174804688 -0.050872802734375 0.137557983398438 -0.153030395507813
0.130287170410156 -0.0788116455078125 0.173583984375 -0.1480712890625
0.0722885131835938 -0.11395263671875 0.146331787109375 -0.197280883789063
0.0240707397460938 -0.103569030761719 0.0899505615234375 -0.1805419921875
-0.04248046875 -0.102851867675781 0.04693603515625 -0.172683715820313
-0.0774765014648437 -0.0893936157226563 0.0390853881835938 -0.135581970214844
-0.0791702270507813 -0.0842819213867187 0.05938720703125 -0.0821380615234375
-0.103523254394531 -0.0935440063476563 0.0961990356445313 -0.0376129150390625
-0.08758544921875 -0.11865234375 0.09619140625 0.0357818603515625
-0.0283203125 -0.161102294921875 0.07415771484375 0.080291748046875
0.0350799560546875 -0.167739868164063 0.0208053588867188 0.078521728515625
0.144271850585938 -0.116592407226563 -3.05175781249862E-05 0.0665092468261719
0.184707641601562 -0.0814361572265625 0.035430908203125 0.0235214233398437
0.21539306640625 -0.027557373046875 0.153610229492188 0.0562896728515625
0.18621826171875 0.0264129638671875 0.111129760742188 -0.187301635742188
0.15631103515625 -0.00140380859375 0.202545166015625 -0.145111083984375
0.161270141601563 -0.0455474853515625 0.207473754882813 -0.142730712890625
0.115394592285156 -0.103157043457031 0.16510009765625 -0.185638427734375
0.0613327026367188 -0.105674743652344 0.0972442626953125 -0.156204223632813
-0.0015411376953125 -0.120826721191406 0.0632171630859375 -0.138870239257813
-0.0373306274414063 -0.114692687988281 0.0660858154296875 -0.100639343261719
-0.0368499755859375 -0.106170654296875 0.0871353149414063 -0.0545501708984375
-0.054931640625 -0.114585876464844 0.124618530273438 -0.017364501953125
-0.039031982421875 -0.11785888671875 0.120964050292969 0.0486831665039062
0.010955810546875 -0.136924743652344 0.0924072265625 0.084930419921875
0.0547866821289063 -0.134193420410156 0.0397109985351563 0.0766983032226562
0.137069702148438 -0.0785293579101563 0.0223312377929688 0.0522613525390625
0.160964965820313 -0.039764404296875 0.0788650512695313 -0.000663757324218752
0.175704956054688 0.01007080078125 0.223983764648437 0.05078125
0.118049621582031 0.0602188110351563 0.162353515625 -0.161636352539063
0.124397277832031 0.040313720703125 0.2415771484375 -0.1282958984375
0.148696899414063 -0.0066375732421875 0.217117309570313 -0.131881713867188
0.124443054199219 -0.069580078125 0.16290283203125 -0.162094116210937
0.0809326171875 -0.081085205078125 0.0912094116210938 -0.120834350585938
0.0383224487304688 -0.110366821289063 0.0693511962890625 -0.0935821533203125
0.00995635986328126 -0.118606567382813 0.0820846557617188 -0.0554656982421875
0.0114059448242187 -0.111190795898437 0.101287841796875 -0.0190277099609375
0.00350189208984376 -0.121749877929688 0.135108947753906 0.0138168334960937
0.0191497802734375 -0.107009887695313 0.124259948730469 0.0670242309570313
0.0582122802734375 -0.099945068359375 0.0914688110351563 0.0935745239257813
0.0818099975585938 -0.083740234375 0.0437698364257813 0.07843017578125
0.125656127929688 -0.0197296142578125 0.02978515625 0.0457000732421875
0.125022888183594 0.0207748413085937 0.106163024902344 -0.0105438232421875
0.114486694335938 0.0550537109375 0.270492553710938 0.0587005615234375
0.0311737060546875 0.081207275390625 0.177047729492188 -0.135894775390625
0.0620269775390625 0.0664749145507813 0.245147705078125 -0.11358642578125
0.0959014892578125 0.0312728881835938 0.20111083984375 -0.120391845703125
0.0982666015625 -0.0169906616210938 0.143753051757813 -0.135055541992188
0.0809783935546875 -0.0297317504882813 0.0745010375976563 -0.0869979858398438
0.0729141235351563 -0.0717010498046875 0.0632209777832031 -0.0494422912597656
0.0580825805664063 -0.09942626953125 0.0837860107421875 -0.0110626220703125
0.0573348999023438 -0.099700927734375 0.099639892578125 0.0194244384765625
0.058746337890625 -0.113357543945312 0.124565124511719 0.052703857421875
0.0718307495117187 -0.0883026123046875 0.106536865234375 0.0928421020507812
0.0975418090820313 -0.05804443359375 0.0705795288085938 0.108558654785156
0.103225708007813 -0.0296859741210938 0.0331039428710938 0.0877532958984375
0.108245849609375 0.0413055419921875 0.023773193359375 0.0526618957519531
0.0787811279296875 0.0838088989257813 0.115318298339844 0.00577545166015626
0.0410385131835938 0.0975570678710937 0.287445068359375 0.083038330078125
-0.0594635009765625 0.0904617309570313 0.152252197265625 -0.112396240234375
-0.0164413452148437 0.0811080932617188 0.214492797851563 -0.097930908203125
0.0188140869140625 0.0665245056152344 0.16607666015625 -0.107696533203125
0.0512847900390625 0.0449790954589844 0.115020751953125 -0.111343383789062
0.0672340393066406 0.0341529846191406 0.0510787963867188 -0.0649147033691406
0.101097106933594 -0.015228271484375 0.0453567504882813 -0.0191459655761719
0.100486755371094 -0.064178466796875 0.06719970703125 0.0256309509277344
0.0950546264648438 -0.0727996826171875 0.0818252563476563 0.0540924072265625
0.101226806640625 -0.088348388671875 0.0992050170898437 0.0919952392578125
0.105262756347656 -0.0603866577148438 0.0736846923828125 0.122406005859375
0.115493774414063 -0.0160293579101563 0.0381851196289063 0.128890991210938
0.106246948242187 0.0162582397460938 0.0109939575195313 0.106651306152344
0.0810546875 0.087066650390625 0.003662109375 0.0756912231445312
0.024993896484375 0.130088806152344 0.100852966308594 0.0427703857421875
-0.0376205444335938 0.125709533691406 0.2703857421875 0.119888305664063
0.134231567382813 -0.156753540039063 -0.245590209960938 -0.139663696289062
-0.01953125 -0.149246215820312 -0.0952987670898437 -0.0840530395507813
-0.0747299194335938 -0.101844787597656 0.0252151489257812 -0.0940933227539063
-0.109840393066406 -0.0470428466796875 0.0310821533203125 -0.14111328125
-0.105979919433594 -0.002777099609375 0.0102691650390625 -0.163482666015625
-0.119224548339844 0.0549392700195313 -0.0505523681640625 -0.164093017578125
-0.113792419433594 0.074981689453125 -0.0826568603515625 -0.133293151855469
-0.113128662109375 0.0590972900390625 -0.0667648315429688 -0.0888290405273437
-0.133071899414062 0.0531692504882813 -0.0478096008300781 -0.0454864501953125
-0.129135131835938 -0.0101394653320313 -0.0310173034667969 0.0109710693359375
-0.0967483520507813 -0.0781631469726563 -0.0348434448242188 0.0568084716796875
-0.0407638549804687 -0.107101440429688 -0.083251953125 0.0841751098632812
0.0448532104492187 -0.115264892578125 -0.135704040527344 0.0995864868164062
0.0910491943359375 -0.122932434082031 -0.170272827148437 0.108917236328125
0.155914306640625 -0.107666015625 -0.108345031738281 0.102737426757813
0.195602416992188 -0.13275146484375 -0.1737060546875 -0.191299438476563
0.0443572998046875 -0.141677856445313 -0.0353240966796875 -0.133270263671875
-0.0130615234375 -0.109489440917969 0.0675125122070313 -0.130287170410156
-0.0622634887695313 -0.075408935546875 0.0671844482421875 -0.177963256835938
-0.0727691650390625 -0.0381240844726562 0.0394287109375 -0.18841552734375
-0.108718872070313 0.00357055664062501 -0.0180816650390625 -0.191452026367188
-0.120712280273438 0.0211868286132813 -0.04608154296875 -0.162063598632812
-0.123008728027344 0.00985717773437498 -0.029022216796875 -0.110298156738281
-0.149627685546875 -0.000228881835937526 -0.00463104248046875 -0.0628166198730469
-0.139396667480469 -0.0619125366210938 0.00856447219848632 0.00573444366455078
-0.0867767333984375 -0.135223388671875 0.00260162353515624 0.0560531616210937
-0.0110015869140625 -0.161605834960938 -0.0457916259765625 0.0751113891601562
0.106025695800781 -0.1397705078125 -0.0809860229492188 0.0874557495117187
0.15679931640625 -0.131057739257813 -0.09783935546875 0.0813751220703125
0.216110229492188 -0.0996856689453125 -0.0243301391601562 0.076904296875
0.234619140625 -0.090087890625 -0.08306884765625 -0.222412109375
0.109336853027344 -0.108497619628906 0.0412750244140625 -0.165298461914063
0.0631103515625 -0.105049133300781 0.118728637695312 -0.156387329101562
0.00262451171874999 -0.101425170898438 0.105453491210938 -0.2080078125
-0.0271224975585938 -0.0750732421875 0.063568115234375 -0.204086303710938
-0.0825347900390625 -0.0525436401367187 0.010833740234375 -0.203811645507813
-0.109970092773438 -0.03717041015625 -0.010040283203125 -0.170867919921875
-0.113449096679688 -0.0402908325195312 0.0101242065429688 -0.114486694335938
-0.144088745117188 -0.0495147705078125 0.0440483093261719 -0.0671844482421875
-0.131706237792969 -0.0977706909179687 0.0540428161621094 0.00838470458984375
-0.0716400146484375 -0.165359497070313 0.0426139831542969 0.0595321655273438
0.00544738769531251 -0.188796997070312 -0.00817108154296876 0.070404052734375
0.137008666992188 -0.152313232421875 -0.0316314697265625 0.0727310180664062
0.189971923828125 -0.129547119140625 -0.0257797241210937 0.0468711853027344
0.242721557617188 -0.081085205078125 0.0689888000488281 0.0523796081542969
0.24017333984375 -0.0345001220703125 0.0111083984375 -0.233139038085938
0.157485961914063 -0.060638427734375 0.123123168945313 -0.177749633789063
0.134559631347656 -0.0879058837890625 0.167800903320313 -0.169708251953125
0.0697250366210938 -0.121391296386719 0.137405395507812 -0.220672607421875
0.0209121704101562 -0.107261657714844 0.080596923828125 -0.199874877929687
-0.0464630126953125 -0.10321044921875 0.0348663330078125 -0.192459106445313
-0.0855026245117187 -0.08929443359375 0.0244903564453125 -0.156051635742188
-0.08660888671875 -0.084075927734375 0.0482711791992188 -0.100509643554688
-0.114906311035156 -0.09222412109375 0.08734130859375 -0.0590133666992188
-0.100814819335938 -0.119064331054688 0.0946731567382813 0.0150527954101562
-0.0426025390625 -0.1697998046875 0.07611083984375 0.0632400512695312
0.0237884521484375 -0.183609008789063 0.02264404296875 0.0665550231933594
0.147842407226563 -0.137939453125 0.00443649291992188 0.0544967651367187
0.194122314453125 -0.103729248046875 0.0355110168457031 0.00853729248046874
0.235549926757813 -0.04547119140625 0.159255981445313 0.03271484375
0.207565307617188 0.02191162109375 0.097747802734375 -0.222183227539062
0.172607421875 -0.0053558349609375 0.194137573242188 -0.174591064453125
0.177490234375 -0.0547027587890625 0.203811645507812 -0.167999267578125
0.120979309082031 -0.117195129394531 0.156509399414063 -0.211196899414062
0.0637130737304688 -0.117424011230469 0.08929443359375 -0.17364501953125
-0.00622558593750001 -0.132026672363281 0.0530853271484375 -0.157211303710938
-0.0465774536132813 -0.125289916992188 0.0553512573242188 -0.119407653808594
-0.0470962524414063 -0.115516662597656 0.0787734985351563 -0.0717620849609375
-0.06768798828125 -0.124496459960938 0.118698120117187 -0.0377578735351563
-0.0491180419921875 -0.128379821777344 0.119621276855469 0.0280532836914062
0.00402832031249999 -0.151840209960938 0.0940704345703125 0.068145751953125
0.0536346435546875 -0.152511596679688 0.0411834716796875 0.0621299743652344
0.149078369140625 -0.0938262939453125 0.0262069702148438 0.0378265380859375
0.177810668945313 -0.052215576171875 0.0809249877929688 -0.0214080810546875
0.19793701171875 0.0036163330078125 0.236236572265625 0.02215576171875
0.141220092773438 0.0684967041015625 0.15850830078125 -0.195892333984375
0.145797729492188 0.0433349609375 0.2410888671875 -0.160720825195312
0.172531127929688 -0.011810302734375 0.216461181640625 -0.158462524414062
0.138961791992188 -0.0855636596679688 0.15576171875 -0.1849365234375
0.0885467529296875 -0.0981369018554688 0.0842514038085937 -0.133827209472656
0.0345001220703125 -0.129951477050781 0.0623931884765625 -0.106880187988281
9.15527343749931E-05 -0.1370849609375 0.0765838623046875 -0.0701141357421875
0.001312255859375 -0.128936767578125 0.0965423583984375 -0.032684326171875
-0.0093841552734375 -0.141372680664063 0.131820678710938 -0.00267791748046876
0.0121231079101563 -0.126060485839844 0.12335205078125 0.0507736206054687
0.0598297119140625 -0.121452331542969 0.0916900634765625 0.080078125
0.0904006958007813 -0.103302001953125 0.0452156066894531 0.0643424987792969
0.146270751953125 -0.0285797119140625 0.0345096588134766 0.0307445526123047
0.148391723632813 0.0200042724609375 0.111778259277344 -0.0309677124023438
0.138412475585938 0.0621414184570313 0.288970947265625 0.029815673828125
0.0501708984375 0.0985031127929688 0.180450439453125 -0.165283203125
0.0837783813476563 0.0788116455078125 0.2518310546875 -0.14276123046875
0.121994018554687 0.0330276489257812 0.200729370117188 -0.144393920898438
0.118217468261719 -0.030303955078125 0.137191772460938 -0.152389526367188
0.0934295654296875 -0.0468978881835938 0.0695648193359375 -0.0934677124023438
0.0735397338867188 -0.0960159301757813 0.060455322265625 -0.056427001953125
0.0502471923828125 -0.124588012695313 0.084014892578125 -0.0182418823242188
0.048614501953125 -0.123527526855469 0.099761962890625 0.012451171875
0.0475311279296875 -0.139305114746094 0.126251220703125 0.0432281494140625
0.0671005249023438 -0.113479614257812 0.106002807617188 0.0838699340820312
0.10504150390625 -0.0820388793945313 0.071441650390625 0.100547790527344
0.11920166015625 -0.0494461059570313 0.0356063842773438 0.077301025390625
0.135429382324219 0.0389862060546875 0.0294914245605469 0.0423774719238281
0.106307983398438 0.0932464599609375 0.125289916992188 -0.0115203857421875
0.0631332397460937 0.116470336914063 0.31219482421875 0.059722900390625
-0.0471115112304688 0.1175537109375 0.160507202148438 -0.132904052734375
0.00110626220703124 0.101531982421875 0.224380493164063 -0.121063232421875
0.04205322265625 0.0778121948242188 0.165267944335938 -0.12725830078125
0.0739212036132813 0.0389251708984375 0.108573913574219 -0.121742248535156
0.0839614868164062 0.0211715698242187 0.0470924377441406 -0.0644302368164063
0.106796264648438 -0.0404205322265625 0.0461883544921875 -0.0176353454589844
0.0961990356445313 -0.0912094116210938 0.0724945068359375 0.0261459350585937
0.0884017944335938 -0.0988540649414063 0.0870361328125 0.0545654296875
0.0928192138671875 -0.117324829101563 0.105545043945312 0.0911178588867187
0.103118896484375 -0.0874786376953125 0.0749130249023438 0.1214599609375
0.126571655273438 -0.0420303344726563 0.0413665771484375 0.12811279296875
0.126457214355469 -0.00211334228515625 0.015594482421875 0.101898193359375
0.109161376953125 0.0885772705078125 0.0113754272460938 0.071258544921875
0.0529937744140625 0.14654541015625 0.116355895996094 0.0333786010742188
-0.018646240234375 0.151657104492187 0.298583984375 0.106658935546875
0.1124267578125 -0.190460205078125 -0.2845458984375 -0.1275634765625
-0.051971435546875 -0.15679931640625 -0.117439270019531 -0.0753021240234375
-0.103233337402344 -0.0944290161132813 0.0181427001953125 -0.0966110229492188
-0.12835693359375 -0.024383544921875 0.02490234375 -0.146087646484375
-0.111701965332031 0.0221481323242187 0.00221252441406249 -0.173110961914063
-0.109245300292969 0.0830459594726562 -0.061614990234375 -0.170745849609375
-0.1011962890625 0.0988616943359375 -0.0980377197265625 -0.140182495117188
-0.104904174804688 0.0830612182617187 -0.0798110961914063 -0.0950164794921875
-0.125877380371094 0.081146240234375 -0.0595016479492188 -0.0503997802734375
-0.13232421875 0.0156402587890625 -0.0342578887939453 0.00428390502929688
-0.115715026855469 -0.05963134765625 -0.0341529846191406 0.0535850524902344
-0.0661697387695313 -0.101959228515625 -0.079559326171875 0.09027099609375
0.0207290649414062 -0.132675170898438 -0.132987976074219 0.112396240234375
0.0699920654296875 -0.151824951171875 -0.175262451171875 0.129501342773438
0.145309448242188 -0.14593505859375 -0.114944458007812 0.116363525390625
0.185821533203125 -0.1669921875 -0.216064453125 -0.1932373046875
0.021148681640625 -0.152435302734375 -0.0614089965820312 -0.136131286621094
-0.0340347290039062 -0.107894897460938 0.0565643310546875 -0.140335083007813
-0.0785598754882813 -0.0596694946289062 0.0559234619140625 -0.19122314453125
-0.0787734985351563 -0.0203018188476562 0.0270843505859375 -0.204025268554688
-0.103279113769531 0.0253448486328125 -0.034210205078125 -0.205520629882813
-0.114433288574219 0.0408096313476563 -0.0670318603515625 -0.175933837890625
-0.119735717773437 0.02899169921875 -0.0469284057617188 -0.12261962890625
-0.149398803710938 0.023590087890625 -0.0193099975585938 -0.0750961303710938
-0.148910522460938 -0.0415802001953125 0.00353050231933593 -0.00752067565917969
-0.109222412109375 -0.1243896484375 0.00170516967773437 0.0461692810058594
-0.03704833984375 -0.16552734375 -0.0447616577148438 0.0734176635742187
0.0879974365234375 -0.165084838867187 -0.0775604248046875 0.0896072387695312
0.143997192382813 -0.16552734375 -0.1031494140625 0.0884017944335938
0.216598510742188 -0.140243530273438 -0.0315780639648437 0.075775146484375
0.23712158203125 -0.120330810546875 -0.125656127929687 -0.238250732421875
0.0984268188476563 -0.122268676757813 0.0147705078125 -0.179397583007813
0.05279541015625 -0.110870361328125 0.10687255859375 -0.174163818359375
-0.00876617431640624 -0.0975799560546875 0.09039306640625 -0.228729248046875
-0.0320281982421875 -0.0682716369628906 0.0481719970703125 -0.223800659179688
-0.0821456909179688 -0.040679931640625 -0.00886535644531253 -0.22210693359375
-0.111991882324219 -0.0267181396484375 -0.033294677734375 -0.188629150390625
-0.116981506347656 -0.0282516479492188 -0.00882720947265625 -0.130226135253906
-0.151763916015625 -0.0339813232421875 0.0275726318359375 -0.0849533081054688
-0.145050048828125 -0.0853424072265625 0.048095703125 -0.0100021362304688
-0.094757080078125 -0.162979125976563 0.0410499572753906 0.0450363159179688
-0.01751708984375 -0.199630737304688 -0.00901412963867187 0.0629501342773437
0.125442504882813 -0.180282592773438 -0.0293922424316406 0.0661125183105469
0.185791015625 -0.163330078125 -0.0308570861816406 0.041290283203125
0.2528076171875 -0.117843627929688 0.0656700134277344 0.0368728637695312
0.255279541015625 -0.0573272705078125 -0.0250091552734375 -0.260223388671875
0.162612915039062 -0.0750579833984375 0.100082397460938 -0.202774047851563
0.13824462890625 -0.100418090820313 0.156845092773438 -0.194671630859375
0.0641403198242188 -0.129684448242188 0.121810913085938 -0.246673583984375
0.0178985595703125 -0.111488342285156 0.0646820068359375 -0.22137451171875
-0.0530319213867188 -0.10260009765625 0.01416015625 -0.212158203125
-0.0942535400390625 -0.0890655517578125 0.00189208984375 -0.175338745117188
-0.097015380859375 -0.0820236206054688 0.0302047729492188 -0.117881774902344
-0.128517150878906 -0.087646484375 0.07244873046875 -0.0799713134765625
-0.115837097167969 -0.116081237792969 0.088104248046875 -0.00513458251953126
-0.061370849609375 -0.175933837890625 0.0735626220703125 0.0458984375
0.00736999511718749 -0.2003173828125 0.0194969177246094 0.0531158447265625
0.14453125 -0.164260864257813 0.00535202026367188 0.0417022705078125
0.199325561523437 -0.132797241210938 0.0303173065185547 -0.00780105590820313
0.25421142578125 -0.074127197265625 0.161117553710938 0.00424194335937499
0.232406616210938 0.009796142578125 0.0715484619140625 -0.257736206054688
0.190704345703125 -0.01654052734375 0.179580688476563 -0.207305908203125
0.193344116210938 -0.0726165771484375 0.19439697265625 -0.197021484375
0.123580932617188 -0.137351989746094 0.140960693359375 -0.238235473632812
0.0625686645507813 -0.132835388183594 0.0750274658203125 -0.193115234375
-0.0162200927734375 -0.143630981445313 0.0357818603515625 -0.17529296875
-0.0619888305664063 -0.135566711425781 0.0374603271484375 -0.138137817382813
-0.061279296875 -0.124320983886719 0.064453125 -0.0876617431640625
-0.086517333984375 -0.131141662597656 0.107406616210938 -0.0581588745117188
-0.0643234252929688 -0.136978149414063 0.113388061523438 0.00878143310546874
-0.00875854492187502 -0.1685791015625 0.09100341796875 0.0510330200195312
0.0462188720703125 -0.1734619140625 0.03765869140625 0.0476455688476562
0.157608032226563 -0.116302490234375 0.02581787109375 0.0205802917480469
0.193710327148437 -0.071685791015625 0.0778045654296875 -0.0444183349609375
0.223419189453125 -0.01214599609375 0.24365234375 -0.012847900390625
0.170578002929688 0.0685882568359375 0.143417358398438 -0.234405517578125
0.172943115234375 0.03973388671875 0.234176635742188 -0.197433471679688
0.197891235351562 -0.0272216796875 0.208694458007813 -0.189285278320313
0.1492919921875 -0.110763549804687 0.141693115234375 -0.210952758789063
0.0911178588867187 -0.119735717773437 0.0738983154296875 -0.148208618164063
0.0249786376953125 -0.151840209960938 0.051361083984375 -0.121253967285156
-0.0178985595703125 -0.15643310546875 0.06640625 -0.0844879150390625
-0.01641845703125 -0.1458740234375 0.0891494750976562 -0.0454559326171875
-0.0302276611328125 -0.158187866210938 0.126083374023438 -0.0193939208984375
-0.00270080566406249 -0.145187377929687 0.119049072265625 0.0359420776367187
0.0539703369140625 -0.145980834960938 0.0894775390625 0.0667800903320312
0.0931015014648437 -0.12908935546875 0.0418701171875 0.0511627197265625
0.166885375976563 -0.046051025390625 0.0340366363525391 0.0146045684814453
0.175201416015625 0.0109710693359375 0.112464904785156 -0.0556869506835938
0.168441772460938 0.0609283447265625 0.304718017578125 -0.007568359375
0.0788421630859375 0.112503051757813 0.176254272460937 -0.201156616210938
0.112701416015625 0.0845108032226562 0.252334594726563 -0.17974853515625
0.151885986328125 0.025360107421875 0.194915771484375 -0.173934936523438
0.135078430175781 -0.0525436401367188 0.125762939453125 -0.1715087890625
0.101974487304688 -0.0701370239257813 0.0626296997070313 -0.100906372070312
0.0662918090820312 -0.123245239257812 0.0572090148925781 -0.0634880065917969
0.03277587890625 -0.1500244140625 0.0826492309570313 -0.027801513671875
0.030853271484375 -0.14654541015625 0.099273681640625 0.00479125976562499
0.026611328125 -0.165008544921875 0.127059936523438 0.0332260131835937
0.0544052124023438 -0.13873291015625 0.104515075683594 0.0755462646484375
0.105918884277344 -0.112640380859375 0.0711288452148437 0.093414306640625
0.130264282226563 -0.0771942138671875 0.0341644287109375 0.0667762756347656
0.164596557617188 0.027008056640625 0.0322322845458984 0.0293140411376953
0.140411376953125 0.0946731567382813 0.131637573242188 -0.0337448120117187
0.0952606201171875 0.128822326660156 0.33551025390625 0.02606201171875
-0.0241851806640625 0.142547607421875 0.163894653320313 -0.160125732421875
0.0271072387695313 0.118988037109375 0.229095458984375 -0.15228271484375
0.0715866088867188 0.0809707641601562 0.159759521484375 -0.149856567382812
0.095916748046875 0.0255508422851562 0.0989990234375 -0.13427734375
0.0979690551757813 0.00179290771484375 0.0424957275390625 -0.0653915405273437
0.105628967285156 -0.0688705444335938 0.0487861633300781 -0.0173301696777344
0.0834121704101563 -0.120437622070313 0.079681396484375 0.02392578125
0.073883056640625 -0.124320983886719 0.0935134887695313 0.0533981323242187
0.07489013671875 -0.147048950195312 0.113479614257813 0.08892822265625
0.092254638671875 -0.11590576171875 0.0780868530273438 0.121864318847656
0.130439758300781 -0.0737762451171875 0.0443191528320313 0.127998352050781
0.141342163085938 -0.0291595458984375 0.0184707641601563 0.0972366333007813
0.1417236328125 0.0805511474609375 0.0185813903808594 0.0648040771484375
0.089996337890625 0.1563720703125 0.131011962890625 0.0176315307617188
0.01025390625 0.175277709960938 0.33160400390625 0.08306884765625
0.0786285400390625 -0.217819213867188 -0.32159423828125 -0.09912109375
-0.0886077880859375 -0.151840209960938 -0.136756896972656 -0.0571517944335938
-0.130485534667969 -0.0758895874023437 0.009521484375 -0.096527099609375
-0.138916015625 0.00594329833984374 0.01519775390625 -0.150482177734375
-0.107955932617188 0.0485763549804688 -0.0113525390625 -0.1798095703125
-0.0907821655273438 0.108413696289062 -0.076751708984375 -0.174484252929688
-0.0794677734375 0.120101928710937 -0.118118286132813 -0.141006469726563
-0.08563232421875 0.104103088378906 -0.0968704223632812 -0.0961532592773438
-0.10675048828125 0.107315063476563 -0.0735397338867188 -0.051422119140625
-0.126724243164063 0.0425338745117188 -0.0401496887207031 -0.00115203857421875
-0.127388000488281 -0.033355712890625 -0.0349960327148438 0.0504989624023437
-0.0896224975585938 -0.0880050659179687 -0.0740203857421875 0.0954437255859375
-0.010772705078125 -0.14154052734375 -0.125480651855469 0.124885559082031
0.0370941162109375 -0.173858642578125 -0.171279907226562 0.153457641601563
0.120574951171875 -0.181304931640625 -0.115219116210938 0.133743286132812
0.162673950195313 -0.200241088867188 -0.263351440429688 -0.177642822265625
-0.00758361816406251 -0.155517578125 -0.090240478515625 -0.128738403320313
-0.0559310913085938 -0.09869384765625 0.04132080078125 -0.147369384765625
-0.0888595581054688 -0.0380859375 0.038604736328125 -0.20172119140625
-0.0769882202148438 -0.000717163085937511 0.00775146484374997 -0.21514892578125
-0.0901412963867188 0.0454330444335938 -0.056396484375 -0.2144775390625
-0.10211181640625 0.0579452514648438 -0.09490966796875 -0.182144165039063
-0.109893798828125 0.0474472045898437 -0.0703887939453125 -0.127059936523438
-0.140762329101563 0.04742431640625 -0.0401458740234375 -0.0823135375976563
-0.1517333984375 -0.0177154541015625 -0.00629615783691407 -0.0180625915527344
-0.128211975097656 -0.104896545410156 -0.00282669067382813 0.0374755859375
-0.0653533935546875 -0.160415649414063 -0.044158935546875 0.0723037719726562
0.059722900390625 -0.183761596679687 -0.0731582641601562 0.091278076171875
0.117660522460937 -0.196395874023438 -0.10504150390625 0.0982818603515625
0.201217651367188 -0.182937622070313 -0.0368499755859375 0.0771942138671875
0.229156494140625 -0.154510498046875 -0.17706298828125 -0.239181518554688
0.08251953125 -0.132850646972656 -0.0189208984375 -0.184661865234375
0.0401763916015625 -0.113136291503906 0.087982177734375 -0.188888549804688
-0.0189590454101563 -0.0894927978515625 0.0670928955078125 -0.245819091796875
-0.0333747863769531 -0.058990478515625 0.0243377685546875 -0.238906860351563
-0.0785293579101563 -0.0289077758789062 -0.0370330810546875 -0.233688354492188
-0.110794067382812 -0.0149307250976563 -0.06549072265625 -0.198715209960937
-0.117462158203125 -0.0153427124023438 -0.0344085693359375 -0.139007568359375
-0.154190063476563 -0.016204833984375 0.00379943847656248 -0.0980300903320313
-0.155166625976563 -0.067596435546875 0.0352439880371094 -0.0253829956054688
-0.117172241210938 -0.152236938476562 0.0336494445800781 0.0310592651367187
-0.046630859375 -0.20220947265625 -0.01239013671875 0.0558433532714844
0.103485107421875 -0.204757690429687 -0.0288276672363281 0.05877685546875
0.168014526367188 -0.197998046875 -0.0381126403808594 0.0371818542480469
0.24835205078125 -0.161224365234375 0.05743408203125 0.021759033203125
0.262863159179688 -0.089080810546875 -0.074493408203125 -0.274826049804688
0.161834716796875 -0.0918426513671875 0.066802978515625 -0.219863891601563
0.135643005371094 -0.116485595703125 0.135604858398438 -0.216751098632812
0.0554275512695313 -0.137496948242188 0.0937652587890625 -0.268203735351563
0.0129165649414063 -0.115249633789063 0.0391387939453125 -0.237777709960938
-0.0590133666992187 -0.101150512695313 -0.014923095703125 -0.225357055664063
-0.104972839355469 -0.0848922729492187 -0.028961181640625 -0.187240600585938
-0.106842041015625 -0.076934814453125 0.00569915771484373 -0.128562927246094
-0.1424560546875 -0.077392578125 0.0492935180664063 -0.09716796875
-0.131172180175781 -0.107818603515625 0.0747146606445313 -0.0233306884765625
-0.084716796875 -0.175949096679688 0.0653419494628906 0.0296859741210937
-0.0175933837890625 -0.211074829101563 0.0131759643554687 0.04229736328125
0.132232666015625 -0.191436767578125 0.00141143798828126 0.0273323059082031
0.193679809570313 -0.165817260742188 0.0188941955566406 -0.023590087890625
0.261245727539063 -0.111404418945312 0.153213500976563 -0.0247955322265625
0.254074096679688 -0.013031005859375 0.0296630859375 -0.28375244140625
0.204742431640625 -0.0354156494140625 0.150711059570313 -0.236602783203125
0.203445434570313 -0.097137451171875 0.174468994140625 -0.22528076171875
0.117996215820313 -0.158660888671875 0.114028930664063 -0.26251220703125
0.056121826171875 -0.149139404296875 0.0525360107421875 -0.208847045898438
-0.03070068359375 -0.152252197265625 0.0108795166015625 -0.18890380859375
-0.0822067260742188 -0.139877319335938 0.011322021484375 -0.1505126953125
-0.079986572265625 -0.126541137695313 0.0446548461914062 -0.0991058349609375
-0.1085205078125 -0.130897521972656 0.0883026123046875 -0.075225830078125
-0.084564208984375 -0.139427185058594 0.100814819335938 -0.00892639160156251
-0.029388427734375 -0.18017578125 0.0830764770507813 0.0358047485351562
0.0289459228515625 -0.1929931640625 0.0292606353759766 0.0345478057861328
0.157516479492188 -0.1436767578125 0.0194816589355469 0.00385093688964843
0.20281982421875 -0.0994415283203125 0.0655746459960938 -0.0683212280273438
0.243484497070313 -0.0385284423828125 0.2392578125 -0.0528411865234375
0.201278686523438 0.057037353515625 0.112716674804687 -0.268295288085938
0.198898315429688 0.02496337890625 0.213104248046875 -0.234786987304687
0.218597412109375 -0.053741455078125 0.189910888671875 -0.2193603515625
0.149673461914063 -0.140182495117188 0.117660522460938 -0.232025146484375
0.0865478515625 -0.143630981445313 0.0572967529296875 -0.160354614257813
0.00627136230468748 -0.169143676757813 0.0346832275390625 -0.132347106933594
-0.0443267822265625 -0.168914794921875 0.0500259399414063 -0.096527099609375
-0.0409393310546875 -0.156967163085938 0.0773239135742188 -0.0552215576171875
-0.05889892578125 -0.168365478515625 0.114288330078125 -0.0346145629882813
-0.02459716796875 -0.158233642578125 0.109756469726563 0.0217971801757812
0.0370941162109375 -0.169403076171875 0.0836105346679688 0.0549468994140625
0.0854644775390625 -0.156906127929688 0.0336418151855469 0.0390663146972656
0.181320190429688 -0.0719146728515625 0.0276718139648438 -0.00224494934082032
0.198867797851563 -0.009002685546875 0.103416442871094 -0.0839767456054688
0.19940185546875 0.0473175048828125 0.306915283203125 -0.053497314453125
0.11370849609375 0.116043090820313 0.1573486328125 -0.236709594726562
0.14471435546875 0.080230712890625 0.238327026367188 -0.219085693359375
0.180191040039063 0.005401611328125 0.1776123046875 -0.201263427734375
0.144332885742188 -0.0816192626953125 0.1064453125 -0.188934326171875
0.102119445800781 -0.0969467163085938 0.0528640747070313 -0.107147216796875
0.0485382080078125 -0.148117065429688 0.0500335693359375 -0.0707015991210938
0.00535583496093751 -0.169921875 0.0775909423828125 -0.0370635986328125
0.00415039062499999 -0.163925170898437 0.0970382690429688 -0.00315093994140626
-0.00465393066406249 -0.182937622070312 0.124504089355469 0.0214767456054687
0.0316314697265625 -0.160659790039063 0.102317810058594 0.0678176879882813
0.093719482421875 -0.144180297851563 0.070098876953125 0.086883544921875
0.130775451660156 -0.10992431640625 0.0294036865234375 0.0579071044921875
0.1903076171875 0.002105712890625 0.0304317474365234 0.0154857635498047
0.176773071289062 0.0821685791015625 0.130332946777344 -0.0612030029296875
0.132888793945313 0.1290283203125 0.3494873046875 -0.018707275390625
0.00912475585937502 0.1600341796875 0.156051635742188 -0.19000244140625
0.0599899291992187 0.125556945800781 0.222320556640625 -0.186813354492188
0.103851318359375 0.0728225708007812 0.145904541015625 -0.171661376953125
0.112739562988281 0.00244903564453125 0.08514404296875 -0.143630981445313
0.105369567871094 -0.0229415893554688 0.0385627746582031 -0.0646896362304688
0.0937118530273438 -0.0979690551757813 0.05120849609375 -0.0190277099609375
0.0586090087890625 -0.144454956054688 0.0863037109375 0.0194168090820312
0.04925537109375 -0.145492553710938 0.101089477539063 0.0494155883789062
0.0450286865234375 -0.170059204101563 0.120925903320312 0.0830230712890625
0.070343017578125 -0.142044067382813 0.083526611328125 0.121421813964844
0.122245788574219 -0.107688903808594 0.0491409301757813 0.127182006835938
0.146240234375 -0.0637664794921875 0.0199737548828125 0.0921859741210938
0.172576904296875 0.059906005859375 0.0227203369140625 0.055938720703125
0.131622314453125 0.151702880859375 0.139938354492188 -0.00487518310546874
0.049407958984375 0.188262939453125 0.35711669921875 0.044647216796875
0.036895751953125 -0.231658935546875 -0.344573974609375 -0.058349609375
-0.120231628417969 -0.133247375488281 -0.147857666015625 -0.0335235595703125
-0.148406982421875 -0.048919677734375 0.00139617919921875 -0.0925827026367188
-0.136650085449219 0.038360595703125 0.00566101074218749 -0.150497436523438
-0.0946731567382812 0.0719223022460938 -0.0254974365234375 -0.181610107421875
-0.0632247924804687 0.123306274414062 -0.0909881591796875 -0.172943115234375
-0.0511856079101562 0.130531311035156 -0.136001586914063 -0.134941101074219
-0.0617294311523437 0.11614990234375 -0.11279296875 -0.090972900390625
-0.0794754028320313 0.124443054199219 -0.0867080688476562 -0.0468597412109375
-0.111831665039062 0.064788818359375 -0.0468978881835938 -0.00363540649414062
-0.127723693847656 -0.00554656982421877 -0.036102294921875 0.0481338500976563
-0.105545043945313 -0.0660934448242187 -0.0667572021484375 0.0976638793945313
-0.04290771484375 -0.137916564941406 -0.113555908203125 0.133094787597656
-0.00134277343750001 -0.180831909179688 -0.159027099609375 0.173690795898438
0.083831787109375 -0.204986572265625 -0.108749389648438 0.14874267578125
0.12933349609375 -0.221878051757813 -0.30078125 -0.14630126953125
-0.03521728515625 -0.146835327148438 -0.113746643066406 -0.11181640625
-0.0720748901367187 -0.0816116333007813 0.024688720703125 -0.148361206054688
-0.0903549194335937 -0.0140609741210938 0.019073486328125 -0.204681396484375
-0.0680427551269531 0.0167236328125 -0.0140838623046875 -0.219192504882813
-0.0710906982421875 0.0584335327148438 -0.0801239013671875 -0.213897705078125
-0.083892822265625 0.0693740844726562 -0.12164306640625 -0.17724609375
-0.094146728515625 0.0606460571289063 -0.0936126708984375 -0.1241455078125
-0.123733520507813 0.0659637451171875 -0.061492919921875 -0.0815658569335938
-0.145614624023437 0.00529479980468748 -0.0198268890380859 -0.0245571136474609
-0.138084411621094 -0.0805511474609375 -0.00982666015625001 0.0309638977050781
-0.0888214111328125 -0.144683837890625 -0.0439338684082031 0.0699119567871094
0.0278167724609375 -0.191146850585938 -0.0693817138671875 0.0899734497070313
0.0822906494140625 -0.215087890625 -0.103370666503906 0.107337951660156
0.171401977539063 -0.215744018554687 -0.041595458984375 0.0804290771484375
0.209197998046875 -0.182647705078125 -0.223419189453125 -0.219192504882813
0.0638580322265625 -0.136421203613281 -0.0512542724609375 -0.176681518554688
0.0273818969726563 -0.111282348632813 0.0639190673828125 -0.195877075195312
-0.025146484375 -0.0776748657226563 0.0398406982421875 -0.252212524414063
-0.0307655334472656 -0.0500106811523437 -0.00297546386718749 -0.243392944335938
-0.0709915161132813 -0.0203399658203125 -0.0663909912109375 -0.234756469726563
-0.105598449707031 -0.00468444824218751 -0.098602294921875 -0.195404052734375
-0.1126708984375 -0.00357055664062498 -0.0610122680664063 -0.137741088867188
-0.149185180664063 0.00164794921874998 -0.0220108032226563 -0.10101318359375
-0.157913208007813 -0.0474700927734375 0.0177478790283203 -0.0351009368896484
-0.133590698242188 -0.134574890136719 0.022491455078125 0.0216617584228516
-0.0735626220703125 -0.193923950195313 -0.0182380676269531 0.0497779846191406
0.0744476318359375 -0.2188720703125 -0.0324134826660156 0.0502243041992187
0.139480590820313 -0.223251342773438 -0.0462608337402344 0.0346794128417969
0.228164672851563 -0.199127197265625 0.0447273254394531 0.0112686157226562
0.258956909179688 -0.11962890625 -0.124618530273438 -0.269088745117188
0.154403686523438 -0.106704711914063 0.029541015625 -0.22369384765625
0.128074645996094 -0.130424499511719 0.107879638671875 -0.229354858398438
0.045318603515625 -0.140777587890625 0.0622711181640625 -0.278488159179687
0.007781982421875 -0.116950988769531 0.01043701171875 -0.24365234375
-0.0641250610351563 -0.0974655151367187 -0.046295166015625 -0.227188110351562
-0.11260986328125 -0.0774078369140625 -0.0627593994140625 -0.186386108398437
-0.11383056640625 -0.0685501098632813 -0.0211410522460938 -0.129837036132812
-0.150238037109375 -0.0637359619140625 0.022430419921875 -0.102867126464844
-0.142929077148438 -0.09478759765625 0.0548820495605469 -0.0347175598144531
-0.10552978515625 -0.167282104492187 0.0515594482421875 0.0186653137207031
-0.043426513671875 -0.2117919921875 0.002777099609375 0.0348987579345703
0.11126708984375 -0.21136474609375 -0.00773143768310546 0.0148983001708984
0.176956176757812 -0.19329833984375 0.00245857238769532 -0.0345306396484375
0.255020141601563 -0.1484375 0.135330200195313 -0.04913330078125
0.265792846679688 -0.0421600341796875 -0.01922607421875 -0.292633056640625
0.211151123046875 -0.0576019287109375 0.11346435546875 -0.252792358398438
0.204376220703125 -0.123565673828125 0.144485473632812 -0.243423461914063
0.105484008789063 -0.1761474609375 0.080352783203125 -0.27349853515625
0.0444488525390625 -0.161117553710937 0.0261688232421875 -0.214630126953125
-0.0468597412109375 -0.155487060546875 -0.01739501953125 -0.192047119140625
-0.102577209472656 -0.135604858398438 -0.0168304443359375 -0.152511596679688
-0.0979385375976562 -0.122505187988281 0.0224609375 -0.101974487304688
-0.128677368164062 -0.122856140136719 0.0643081665039062 -0.0843124389648438
-0.103462219238281 -0.134132385253906 0.0830154418945313 -0.0201644897460938
-0.052154541015625 -0.183441162109375 0.069366455078125 0.0251846313476562
0.00613403320312499 -0.204086303710938 0.0161418914794922 0.0270919799804687
0.149627685546875 -0.168502807617188 0.00657272338867188 -0.00958824157714845
0.20111083984375 -0.127914428710938 0.044647216796875 -0.0864334106445313
0.251846313476563 -0.07061767578125 0.220626831054688 -0.0882415771484375
0.2257080078125 0.0357666015625 0.07073974609375 -0.288360595703125
0.217666625976563 0.0020599365234375 0.179412841796875 -0.260818481445313
0.228805541992188 -0.0860443115234375 0.160552978515625 -0.239791870117188
0.140304565429688 -0.167343139648438 0.0886077880859375 -0.243576049804688
0.0732269287109375 -0.163955688476563 0.0377044677734375 -0.16485595703125
-0.01788330078125 -0.1793212890625 0.0151443481445313 -0.135772705078125
-0.0738983154296875 -0.170501708984375 0.0309219360351562 -0.101470947265625
-0.0666656494140625 -0.158294677734375 0.0624961853027344 -0.0598030090332031
-0.0885009765625 -0.167388916015625 0.097869873046875 -0.04449462890625
-0.05059814453125 -0.162109375 0.0968551635742188 0.0127182006835937
0.01397705078125 -0.183990478515625 0.0736007690429688 0.046112060546875
0.0676727294921875 -0.17852783203125 0.0219230651855469 0.0313930511474609
0.18536376953125 -0.101943969726563 0.0155372619628906 -0.0154447555541992
0.214080810546875 -0.036834716796875 0.0838623046875 -0.106727600097656
0.222625732421875 0.02386474609375 0.29315185546875 -0.096466064453125
0.146881103515625 0.106033325195313 0.12591552734375 -0.26177978515625
0.172683715820313 0.06298828125 0.210845947265625 -0.249786376953125
0.199188232421875 -0.0235748291015625 0.151626586914063 -0.220184326171875
0.141937255859375 -0.112579345703125 0.0823822021484375 -0.196212768554688
0.0919418334960937 -0.122421264648438 0.0411300659179688 -0.108352661132813
0.0233154296875 -0.164810180664063 0.040283203125 -0.0742721557617188
-0.0279083251953125 -0.1776123046875 0.0695953369140625 -0.0430793762207031
-0.0262451171875 -0.170181274414063 0.09228515625 -0.00836181640625001
-0.0396270751953125 -0.18798828125 0.118217468261719 0.0122909545898437
0.00225830078124998 -0.17144775390625 0.0963211059570312 0.0624542236328125
0.07073974609375 -0.168716430664063 0.0652999877929687 0.0814895629882812
0.118171691894531 -0.140419006347656 0.0217781066894531 0.0517005920410156
0.204879760742187 -0.0291748046875 0.0227718353271485 0.00262260437011719
0.205978393554688 0.0574493408203125 0.118309020996094 -0.0866165161132813
0.167404174804688 0.115463256835937 0.343902587890625 -0.065460205078125
0.0464019775390625 0.163070678710938 0.137420654296875 -0.214401245117187
0.0929183959960938 0.120140075683594 0.20355224609375 -0.215713500976563
0.129951477050781 0.0532073974609375 0.124908447265625 -0.186187744140625
0.11981201171875 -0.0249786376953125 0.069366455078125 -0.146835327148438
0.1029052734375 -0.048095703125 0.0354194641113281 -0.0628089904785156
0.071685791015625 -0.119911193847656 0.0523605346679688 -0.0212898254394531
0.0272216796875 -0.158279418945313 0.0904541015625 0.0121841430664062
0.018402099609375 -0.156341552734375 0.106124877929688 0.0434341430664062
0.00881958007812498 -0.180221557617188 0.126136779785156 0.0754547119140625
0.041229248046875 -0.157562255859375 0.08758544921875 0.119308471679687
0.101593017578125 -0.136215209960938 0.0527420043945312 0.124794006347656
0.137641906738281 -0.0966033935546875 0.0185089111328125 0.0872726440429688
0.1934814453125 0.0291595458984375 0.024261474609375 0.0456771850585938
0.168167114257813 0.132598876953125 0.139793395996094 -0.029632568359375
0.090667724609375 0.18603515625 0.365509033203125 -0.000366210937499989
-0.00148010253906249 -0.229949951171875 -0.352081298828125 -0.020111083984375
-0.140281677246094 -0.107925415039062 -0.14984130859375 -0.0102081298828125
-0.155975341796875 -0.0212249755859375 -0.00301361083984376 -0.087493896484375
-0.125267028808594 0.0638275146484375 -3.05175781250121E-05 -0.147705078125
-0.0764007568359375 0.0867080688476563 -0.035736083984375 -0.179306030273438
-0.036468505859375 0.127182006835938 -0.101226806640625 -0.168136596679687
-0.0255889892578125 0.130241394042969 -0.147674560546875 -0.1263427734375
-0.0374755859375 0.118087768554687 -0.124015808105469 -0.0824050903320313
-0.0522689819335938 0.128364562988281 -0.0966949462890625 -0.0398712158203125
-0.0920181274414063 0.0779647827148437 -0.05413818359375 -0.00441360473632812
-0.1190185546875 0.017059326171875 -0.0385169982910156 0.0453948974609375
-0.111869812011719 -0.043121337890625 -0.0618057250976563 0.096282958984375
-0.0680618286132813 -0.125198364257813 -0.103446960449219 0.134681701660156
-0.0347137451171875 -0.175704956054688 -0.144943237304688 0.185073852539062
0.0480194091796875 -0.214019775390625 -0.099945068359375 0.158523559570313
0.09649658203125 -0.229766845703125 -0.32159423828125 -0.1109619140625
-0.0545196533203125 -0.130279541015625 -0.128082275390625 -0.0905227661132812
-0.0802078247070312 -0.0626068115234375 0.0123138427734375 -0.143646240234375
-0.0835342407226563 0.006011962890625 0.00410461425781248 -0.201629638671875
-0.0545158386230469 0.0276641845703125 -0.031890869140625 -0.215316772460938
-0.0511360168457031 0.062530517578125 -0.0977935791015625 -0.207611083984375
-0.065826416015625 0.0722579956054687 -0.142288208007813 -0.16693115234375
-0.0768356323242188 0.065643310546875 -0.110992431640625 -0.115463256835937
-0.103843688964844 0.074951171875 -0.07861328125 -0.074615478515625
-0.132827758789063 0.0209884643554688 -0.0331382751464844 -0.0263004302978516
-0.137367248535156 -0.0588150024414063 -0.0182228088378906 0.0272197723388672
-0.102561950683594 -0.125984191894531 -0.0459327697753906 0.0676383972167969
-0.000442504882812507 -0.187088012695313 -0.0680618286132813 0.0868682861328125
0.0482940673828125 -0.219161987304688 -0.101097106933594 0.112991333007812
0.138031005859375 -0.233917236328125 -0.0451736450195313 0.0835647583007812
0.185150146484375 -0.199264526367188 -0.256820678710938 -0.190200805664063
0.0486068725585938 -0.132545471191406 -0.0753173828125 -0.1611328125
0.01788330078125 -0.105010986328125 0.0442352294921875 -0.193496704101562
-0.0250740051269531 -0.0661811828613281 0.0165863037109375 -0.249374389648438
-0.025177001953125 -0.0442314147949219 -0.024505615234375 -0.239273071289063
-0.0609397888183594 -0.0160560607910156 -0.08984375 -0.227371215820313
-0.09771728515625 0.00121307373046877 -0.123214721679688 -0.183944702148437
-0.104530334472656 0.0029144287109375 -0.0825729370117187 -0.12890625
-0.139373779296875 0.0134201049804688 -0.0447616577148438 -0.095367431640625
-0.153701782226563 -0.0320281982421875 0.00011825561523437 -0.03704833984375
-0.140914916992187 -0.115280151367187 0.0101022720336914 0.0175485610961914
-0.09234619140625 -0.179885864257812 -0.0268592834472656 0.0469436645507812
0.047637939453125 -0.222259521484375 -0.0394973754882813 0.0430984497070312
0.109054565429688 -0.234725952148438 -0.0554351806640625 0.0343017578125
0.201995849609375 -0.223373413085937 0.0300407409667969 0.00615310668945311
0.2476806640625 -0.143508911132813 -0.165054321289062 -0.2496337890625
0.145294189453125 -0.115554809570313 -0.0014495849609375 -0.215530395507813
0.119659423828125 -0.138565063476563 0.0825347900390625 -0.23095703125
0.0367660522460937 -0.140510559082031 0.0343780517578125 -0.275497436523438
0.00435638427734375 -0.117141723632813 -0.01324462890625 -0.239532470703125
-0.0656356811523438 -0.0943756103515625 -0.0721588134765625 -0.22003173828125
-0.116859436035156 -0.0694503784179688 -0.089019775390625 -0.17596435546875
-0.116569519042969 -0.060333251953125 -0.0424880981445312 -0.122222900390625
-0.15252685546875 -0.050994873046875 -0.00178527832031251 -0.0991363525390625
-0.147537231445313 -0.0810699462890625 0.03515625 -0.0380287170410156
-0.118881225585938 -0.155075073242188 0.0363578796386719 0.0143966674804687
-0.0640411376953125 -0.205764770507813 -0.00955009460449219 0.0319099426269531
0.0901031494140625 -0.221481323242188 -0.0205841064453125 0.00648117065429687
0.155914306640625 -0.211395263671875 -0.0157699584960937 -0.0392570495605469
0.239883422851563 -0.17596435546875 0.112785339355469 -0.0634918212890625
0.267745971679688 -0.068359375 -0.0615234375 -0.284698486328125
0.210952758789063 -0.07635498046875 0.0785980224609375 -0.253372192382813
0.197479248046875 -0.145614624023438 0.117523193359375 -0.24859619140625
0.0915374755859375 -0.186935424804688 0.0525360107421875 -0.272994995117188
0.0335693359375 -0.168319702148438 0.00436401367187501 -0.211669921875
-0.0606231689453125 -0.154510498046875 -0.0408172607421875 -0.185653686523437
-0.11846923828125 -0.128349304199219 -0.0400848388671875 -0.14471435546875
-0.111129760742188 -0.114959716796875 0.00392150878906248 -0.0978012084960938
-0.142532348632813 -0.110733032226562 0.0419158935546875 -0.0828704833984375
-0.116683959960937 -0.125534057617188 0.0644416809082031 -0.0231590270996094
-0.07110595703125 -0.179840087890625 0.05413818359375 0.0216445922851562
-0.0138702392578125 -0.20782470703125 0.00195884704589843 0.0245304107666015
0.1363525390625 -0.185928344726563 -0.0101757049560547 -0.0181884765625
0.192733764648438 -0.150009155273438 0.021484375 -0.0956802368164063
0.250732421875 -0.0973968505859375 0.194854736328125 -0.110595703125
0.240478515625 0.01104736328125 0.031158447265625 -0.291259765625
0.226791381835938 -0.0210113525390625 0.144821166992188 -0.271148681640625
0.229263305664062 -0.114730834960937 0.133377075195313 -0.246505737304687
0.124908447265625 -0.187423706054687 0.0619659423828125 -0.243362426757813
0.0580596923828125 -0.1776123046875 0.021209716796875 -0.16265869140625
-0.040130615234375 -0.181793212890625 -0.00235748291015625 -0.133049011230469
-0.098419189453125 -0.164520263671875 0.0137710571289062 -0.0984039306640625
-0.0880126953125 -0.15228271484375 0.0497093200683594 -0.0590858459472656
-0.11236572265625 -0.157562255859375 0.0807647705078125 -0.0457229614257813
-0.0712127685546875 -0.158340454101563 0.0824203491210938 0.0108489990234375
-0.00961303710937498 -0.189682006835937 0.061248779296875 0.0431709289550781
0.0482025146484375 -0.19195556640625 0.00819396972656251 0.0296249389648437
0.182022094726563 -0.127029418945313 -0.000102996826171862 -0.0240688323974609
0.219375610351563 -0.0638275146484375 0.060577392578125 -0.120628356933594
0.235794067382813 -0.00091552734375 0.26885986328125 -0.1258544921875
0.172256469726562 0.0882720947265625 0.0944061279296875 -0.272171020507812
0.191329956054687 0.0418548583984375 0.18017578125 -0.265762329101563
0.207077026367187 -0.0532684326171875 0.126541137695312 -0.226242065429687
0.131378173828125 -0.136634826660156 0.06256103515625 -0.19525146484375
0.0779037475585938 -0.139511108398438 0.0321197509765625 -0.106063842773438
-0.00277709960937499 -0.171585083007813 0.0320968627929688 -0.0742721557617188
-0.057525634765625 -0.17474365234375 0.0615882873535156 -0.0461883544921875
-0.053192138671875 -0.1669921875 0.0865097045898438 -0.0113067626953125
-0.0706939697265625 -0.182098388671875 0.109535217285156 0.00805664062499999
-0.0246429443359375 -0.172286987304688 0.08953857421875 0.060699462890625
0.0453338623046875 -0.181396484375 0.0593109130859375 0.079681396484375
0.09967041015625 -0.16119384765625 0.0116691589355469 0.0495262145996094
0.209182739257813 -0.0602264404296875 0.0118131637573242 -0.00547981262207032
0.222763061523438 0.028656005859375 0.100448608398438 -0.103858947753906
0.193252563476563 0.095611572265625 0.32763671875 -0.100494384765625
0.0789031982421875 0.155670166015625 0.115798950195312 -0.227615356445313
0.119117736816406 0.105361938476563 0.181076049804688 -0.233169555664062
0.147613525390625 0.028778076171875 0.104721069335938 -0.190277099609375
0.117660522460938 -0.0497283935546875 0.0568389892578125 -0.14404296875
0.0939102172851563 -0.0688323974609375 0.0340957641601563 -0.0591964721679688
0.0479354858398437 -0.131546020507813 0.0530509948730469 -0.0236778259277344
-0.00274658203124998 -0.159835815429688 0.09222412109375 0.00579071044921874
-0.00924682617187499 -0.156112670898438 0.109672546386719 0.0381088256835938
-0.02398681640625 -0.1767578125 0.127342224121094 0.0687255859375
0.0124053955078125 -0.160629272460938 0.0891342163085938 0.117347717285156
0.077362060546875 -0.153076171875 0.0525665283203125 0.122482299804687
0.121803283691406 -0.120628356933594 0.0152206420898438 0.0842132568359375
0.202651977539063 -0.001983642578125 0.0210723876953125 0.0370521545410156
0.192962646484375 0.106124877929688 0.1324462890625 -0.050140380859375
0.123703002929688 0.171920776367188 0.360992431640625 -0.0380859375
-0.03070068359375 -0.22210693359375 -0.352386474609375 0.00976562500000002
-0.151138305664063 -0.0852508544921875 -0.147613525390625 0.00785827636718749
-0.1566162109375 0.00265502929687501 -0.00359344482421876 -0.0826644897460938
-0.111801147460938 0.0821914672851562 -0.00231933593750001 -0.145980834960937
-0.059814453125 0.0941314697265625 -0.042510986328125 -0.177200317382813
-0.014373779296875 0.124984741210938 -0.107421875 -0.165634155273438
-0.00591278076171876 0.125091552734375 -0.155746459960937 -0.119842529296875
-0.019927978515625 0.114372253417969 -0.131752014160156 -0.0762252807617187
-0.02996826171875 0.125724792480469 -0.103157043457031 -0.0333099365234375
-0.0741195678710938 0.084014892578125 -0.0615005493164063 -0.00422286987304686
-0.107429504394531 0.0321578979492187 -0.0434303283691406 0.0444717407226563
-0.112327575683594 -0.0242462158203125 -0.061065673828125 0.0941543579101563
-0.0857315063476563 -0.110122680664063 -0.0982437133789063 0.133262634277344
-0.0597686767578125 -0.164413452148438 -0.135452270507813 0.190780639648437
0.018707275390625 -0.2139892578125 -0.0940704345703125 0.164520263671875
0.07037353515625 -0.22918701171875 -0.33404541015625 -0.08038330078125
-0.0652236938476562 -0.114097595214844 -0.135223388671875 -0.0714187622070312
-0.0828018188476563 -0.04522705078125 0.00472259521484376 -0.138236999511719
-0.0732650756835937 0.0204696655273438 -0.00445556640625001 -0.19818115234375
-0.0409393310546875 0.0335617065429688 -0.0422210693359375 -0.211273193359375
-0.0345382690429687 0.0611419677734375 -0.109390258789062 -0.201644897460938
-0.0514068603515625 0.0703887939453125 -0.156265258789063 -0.1573486328125
-0.0634193420410156 0.0648040771484375 -0.123847961425781 -0.106658935546875
-0.0877609252929688 0.076019287109375 -0.09149169921875 -0.0662155151367188
-0.1201171875 0.0296707153320313 -0.0450820922851563 -0.0245018005371094
-0.132125854492188 -0.0432815551757812 -0.0273056030273438 0.0270271301269531
-0.109115600585937 -0.1102294921875 -0.0508499145507813 0.06622314453125
-0.0202178955078125 -0.178558349609375 -0.0706100463867188 0.08331298828125
0.0221710205078125 -0.215927124023437 -0.100914001464844 0.1170654296875
0.109832763671875 -0.24249267578125 -0.0493545532226562 0.0869216918945312
0.165725708007813 -0.20758056640625 -0.278945922851563 -0.162933349609375
0.03857421875 -0.1259765625 -0.09100341796875 -0.143508911132813
0.0136871337890625 -0.0974960327148438 0.0313568115234375 -0.188674926757813
-0.0215263366699219 -0.0578079223632813 0.0022430419921875 -0.244247436523438
-0.0179634094238281 -0.0417098999023438 -0.0389556884765625 -0.23358154296875
-0.0519561767578125 -0.0163040161132812 -0.105850219726563 -0.219528198242187
-0.0911941528320312 0.00343322753906251 -0.14068603515625 -0.172332763671875
-0.0979080200195313 0.0041046142578125 -0.0982666015625 -0.119247436523438
-0.130645751953125 0.018341064453125 -0.0607528686523438 -0.0864181518554687
-0.147232055664062 -0.022186279296875 -0.0152549743652344 -0.0350151062011719
-0.142181396484375 -0.102066040039063 -0.00250625610351563 0.0179996490478516
-0.102142333984375 -0.167327880859375 -0.0359535217285156 0.0463600158691406
0.0286407470703125 -0.220703125 -0.0491676330566406 0.0387535095214844
0.086151123046875 -0.238265991210938 -0.0649795532226563 0.0360946655273437
0.179153442382813 -0.236846923828125 0.0168161392211914 0.00506496429443358
0.237045288085938 -0.159072875976563 -0.193710327148437 -0.228103637695312
0.13909912109375 -0.119674682617188 -0.023223876953125 -0.203445434570313
0.113388061523438 -0.143051147460938 0.0659027099609375 -0.2269287109375
0.0328140258789063 -0.138687133789062 0.0160064697265625 -0.270355224609375
0.0037994384765625 -0.118316650390625 -0.028778076171875 -0.232940673828125
-0.0662612915039062 -0.093048095703125 -0.089447021484375 -0.211471557617188
-0.119117736816406 -0.0647964477539062 -0.107452392578125 -0.163421630859375
-0.117416381835938 -0.0563888549804687 -0.057159423828125 -0.113609313964844
-0.152267456054687 -0.0432891845703125 -0.0198974609375 -0.0908203125
-0.148651123046875 -0.0717315673828125 0.0189952850341797 -0.0350170135498047
-0.126007080078125 -0.145584106445313 0.0228767395019531 0.0154132843017578
-0.0775604248046875 -0.197967529296875 -0.0217609405517578 0.032754898071289
0.0745849609375 -0.227508544921875 -0.0360145568847656 0.00223922729492185
0.138717651367187 -0.221710205078125 -0.0331344604492188 -0.0403900146484375
0.225997924804687 -0.193313598632812 0.0925445556640625 -0.0692138671875
0.267440795898437 -0.088592529296875 -0.0930328369140625 -0.271286010742188
0.209732055664062 -0.0897216796875 0.0528717041015625 -0.248138427734375
0.192459106445313 -0.16064453125 0.0977020263671875 -0.246490478515625
0.081207275390625 -0.19415283203125 0.033447265625 -0.267288208007813
0.0250244140625 -0.173721313476563 -0.00920104980468748 -0.206100463867188
-0.070831298828125 -0.15301513671875 -0.0567779541015625 -0.17822265625
-0.129531860351563 -0.120201110839844 -0.056671142578125 -0.134910583496094
-0.11981201171875 -0.109489440917969 -0.00875854492187502 -0.0908355712890625
-0.151504516601563 -0.1011962890625 0.0251693725585937 -0.0759506225585938
-0.125617980957031 -0.117889404296875 0.0490951538085937 -0.0193862915039063
-0.084320068359375 -0.175582885742187 0.040802001953125 0.0239601135253906
-0.029815673828125 -0.208267211914063 -0.0115280151367188 0.0265693664550781
0.125946044921875 -0.198699951171875 -0.0264377593994141 -0.0213718414306641
0.184829711914063 -0.1663818359375 -0.000106811523437481 -0.0986328125
0.247970581054688 -0.118408203125 0.172225952148438 -0.12249755859375
0.250518798828125 -0.009765625 0.00186157226562501 -0.2860107421875
0.232574462890625 -0.0405731201171875 0.11834716796875 -0.272750854492188
0.226547241210938 -0.13861083984375 0.113494873046875 -0.24652099609375
0.112319946289062 -0.201309204101563 0.04473876953125 -0.2374267578125
0.044769287109375 -0.1873779296875 0.012542724609375 -0.157958984375
-0.057159423828125 -0.180953979492188 -0.0146026611328125 -0.128005981445313
-0.116455078125 -0.156036376953125 0.00144958496093749 -0.0927734375
-0.103866577148437 -0.146011352539063 0.0411911010742187 -0.0548858642578125
-0.129226684570313 -0.147506713867187 0.06805419921875 -0.041961669921875
-0.086639404296875 -0.152938842773438 0.071014404296875 0.0145034790039062
-0.0272979736328125 -0.191635131835938 0.0506095886230469 0.0465583801269531
0.0314483642578125 -0.199752807617187 -0.00432777404785156 0.0321197509765625
0.177108764648438 -0.147018432617188 -0.0154380798339844 -0.0275840759277344
0.221115112304688 -0.0855255126953125 0.0385513305664063 -0.126373291015625
0.244125366210938 -0.0220184326171875 0.246566772460938 -0.142837524414063
0.190536499023438 0.0702972412109375 0.0680084228515625 -0.2744140625
0.204055786132813 0.021636962890625 0.156448364257813 -0.272171020507812
0.210601806640625 -0.0792388916015625 0.108428955078125 -0.226654052734375
0.119674682617187 -0.155303955078125 0.0500335693359375 -0.190383911132813
0.06451416015625 -0.15350341796875 0.0280227661132813 -0.102951049804688
-0.0234375 -0.1734619140625 0.0265274047851562 -0.0726547241210938
-0.080413818359375 -0.167556762695313 0.0559043884277344 -0.0444984436035156
-0.0726318359375 -0.160507202148438 0.0836334228515625 -0.0109405517578125
-0.0923614501953125 -0.171798706054688 0.103065490722656 0.00867462158203124
-0.044647216796875 -0.16912841796875 0.0838088989257813 0.0641326904296875
0.0243072509765625 -0.187454223632813 0.05267333984375 0.0820846557617187
0.0828857421875 -0.174148559570313 0.00239944458007813 0.0508766174316406
0.209121704101562 -0.084197998046875 0.000209808349609388 -0.0104341506958008
0.2333984375 0.00347900390625 0.0838241577148438 -0.114707946777344
0.211105346679688 0.0756988525390625 0.310638427734375 -0.122161865234375
0.102813720703125 0.142715454101563 0.0992431640625 -0.23431396484375
0.138641357421875 0.0891876220703125 0.163864135742187 -0.242721557617187
0.157135009765625 0.005615234375 0.09259033203125 -0.189010620117188
0.111808776855469 -0.069488525390625 0.0508499145507813 -0.139472961425781
0.0839614868164063 -0.0840072631835937 0.036285400390625 -0.0560493469238281
0.0268096923828125 -0.136207580566406 0.0547523498535156 -0.02490234375
-0.0265655517578125 -0.155014038085937 0.0934982299804687 0.00189971923828124
-0.030487060546875 -0.1513671875 0.112266540527344 0.0349578857421875
-0.04833984375 -0.168548583984375 0.127395629882813 0.06585693359375
-0.0104827880859375 -0.158294677734375 0.0900726318359375 0.118942260742187
0.0542144775390625 -0.1607666015625 0.0516891479492187 0.123542785644531
0.104667663574219 -0.136642456054688 0.0099639892578125 0.0839157104492187
0.204849243164063 -0.028533935546875 0.0155506134033203 0.0309638977050781
0.209197998046875 0.0796661376953125 0.122154235839844 -0.0644989013671875
0.14837646484375 0.155670166015625 0.352508544921875 -0.063507080078125
-0.053955078125 -0.21417236328125 -0.35650634765625 0.03179931640625
-0.157424926757813 -0.066558837890625 -0.14532470703125 0.0219573974609375
-0.15618896484375 0.02294921875 -0.00259399414062501 -0.080535888671875
-0.098846435546875 0.0955047607421875 -0.00225830078125 -0.148757934570313
-0.0457992553710938 0.0999374389648438 -0.04595947265625 -0.179718017578125
0.00226593017578124 0.121170043945313 -0.11309814453125 -0.167572021484375
0.00941467285156249 0.119598388671875 -0.164413452148438 -0.117294311523437
-0.0062103271484375 0.110496520996094 -0.14019775390625 -0.072113037109375
-0.013824462890625 0.121063232421875 -0.110015869140625 -0.0289077758789063
-0.059906005859375 0.0858840942382813 -0.0692291259765625 -0.0031585693359375
-0.0965805053710938 0.0417327880859375 -0.0491523742675781 0.0445213317871094
-0.11083984375 -0.00951385498046877 -0.0633468627929687 0.0944366455078125
-0.0986785888671875 -0.0966720581054688 -0.0981979370117188 0.13360595703125
-0.0792999267578125 -0.154327392578125 -0.130783081054687 0.198440551757813
-0.00521850585937498 -0.21441650390625 -0.0915069580078125 0.170364379882813
0.051177978515625 -0.22882080078125 -0.346466064453125 -0.0566406250000001
-0.0714492797851563 -0.100822448730469 -0.140510559082031 -0.05609130859375
-0.0824356079101562 -0.0313796997070313 0.00107574462890624 -0.135078430175781
-0.0630111694335938 0.0308570861816406 -0.00900268554687502 -0.197616577148438
-0.0296516418457031 0.0359916687011719 -0.0496673583984375 -0.2119140625
-0.0214424133300781 0.0573081970214844 -0.11907958984375 -0.201766967773438
-0.040924072265625 0.0668983459472656 -0.168975830078125 -0.15142822265625
-0.0546760559082031 0.0620651245117188 -0.13580322265625 -0.100593566894531
-0.0765304565429688 0.074859619140625 -0.102493286132813 -0.0593109130859375
-0.110565185546875 0.0335235595703125 -0.0561637878417969 -0.0215415954589844
-0.127449035644531 -0.0342483520507813 -0.0363655090332031 0.0286483764648437
-0.112602233886719 -0.09796142578125 -0.0577392578125 0.0672683715820312
-0.0345458984375 -0.172332763671875 -0.0778045654296875 0.081878662109375
0.00251770019531251 -0.2130126953125 -0.104423522949219 0.1226806640625
0.088531494140625 -0.248550415039063 -0.0546798706054688 0.0920181274414062
0.15313720703125 -0.214447021484375 -0.29925537109375 -0.14068603515625
0.0345077514648437 -0.120193481445313 -0.102485656738281 -0.129745483398438
0.0134353637695313 -0.0919189453125 0.0241241455078125 -0.186279296875
-0.0156745910644531 -0.0522804260253906 -0.00727844238281248 -0.2431640625
-0.011260986328125 -0.0427818298339844 -0.048858642578125 -0.231979370117187
-0.0456504821777344 -0.019500732421875 -0.11859130859375 -0.21600341796875
-0.0873565673828125 0.00197601318359374 -0.156173706054688 -0.163909912109375
-0.0944747924804688 0.00348663330078123 -0.110969543457031 -0.111900329589844
-0.126007080078125 0.0199966430664063 -0.0744705200195313 -0.0783920288085938
-0.143630981445313 -0.0178375244140625 -0.0278034210205078 -0.0307807922363281
-0.142837524414063 -0.0946197509765625 -0.0134658813476563 0.0216922760009766
-0.109970092773437 -0.159881591796875 -0.0467987060546875 0.0493392944335937
0.0156707763671875 -0.220916748046875 -0.0614166259765625 0.0371055603027344
0.0693511962890625 -0.242294311523437 -0.0757827758789062 0.0402908325195312
0.16461181640625 -0.248214721679687 0.00537681579589845 0.00660133361816405
0.231964111328125 -0.171524047851562 -0.216842651367187 -0.210769653320313
0.137786865234375 -0.123252868652344 -0.0395050048828125 -0.193359375
0.112136840820313 -0.148452758789063 0.055633544921875 -0.225662231445312
0.031768798828125 -0.140106201171875 0.00427246093749999 -0.267776489257813
0.00372314453124999 -0.123130798339844 -0.0392608642578125 -0.23150634765625
-0.0676040649414062 -0.0954818725585938 -0.103271484375 -0.206710815429688
-0.123191833496094 -0.0624542236328125 -0.121932983398438 -0.154769897460938
-0.121009826660156 -0.0561141967773437 -0.0691375732421875 -0.10577392578125
-0.155471801757813 -0.0391082763671875 -0.033233642578125 -0.08245849609375
-0.151107788085938 -0.0674285888671875 0.00600814819335937 -0.0291175842285156
-0.132110595703125 -0.140975952148438 0.0117340087890625 0.0208320617675781
-0.0872650146484375 -0.195404052734375 -0.034027099609375 0.037017822265625
0.0641326904296875 -0.233688354492187 -0.0516319274902344 0.00108337402343749
0.127548217773437 -0.23211669921875 -0.049774169921875 -0.0383415222167969
0.218856811523438 -0.209442138671875 0.0774307250976563 -0.0717849731445313
0.270706176757813 -0.106414794921875 -0.117523193359375 -0.2598876953125
0.212738037109375 -0.101577758789063 0.0348358154296875 -0.243194580078125
0.191360473632812 -0.1761474609375 0.0860748291015625 -0.246185302734375
0.0746917724609375 -0.202041625976562 0.0210723876953125 -0.265487670898438
0.0192413330078125 -0.181671142578125 -0.01800537109375 -0.204330444335937
-0.07989501953125 -0.154434204101563 -0.0691375732421875 -0.173263549804688
-0.139869689941406 -0.11590576171875 -0.0689697265625 -0.126693725585937
-0.128677368164063 -0.106735229492187 -0.01751708984375 -0.0841140747070313
-0.160614013671875 -0.0957183837890625 0.01385498046875 -0.0684890747070313
-0.134269714355469 -0.113655090332031 0.0385551452636719 -0.0123825073242188
-0.0949554443359375 -0.174758911132813 0.0310115814208984 0.0305385589599609
-0.0413665771484375 -0.210922241210937 -0.0241203308105469 0.0321464538574219
0.119964599609375 -0.21270751953125 -0.043365478515625 -0.0223007202148438
0.180694580078125 -0.1820068359375 -0.0195388793945313 -0.0997314453125
0.24951171875 -0.13531494140625 0.1553955078125 -0.129837036132813
0.261367797851563 -0.027862548828125 -0.021820068359375 -0.282867431640625
0.240280151367188 -0.05670166015625 0.100387573242188 -0.273666381835937
0.227294921875 -0.159439086914063 0.1024169921875 -0.246688842773438
0.102615356445313 -0.21490478515625 0.034881591796875 -0.236083984375
0.035064697265625 -0.198944091796875 0.00659179687500001 -0.156143188476562
-0.0721282958984375 -0.18194580078125 -0.023223876953125 -0.124214172363281
-0.132431030273438 -0.149826049804687 -0.00691986083984376 -0.0872879028320313
-0.117828369140625 -0.141860961914063 0.0365982055664062 -0.0503158569335938
-0.143997192382813 -0.13983154296875 0.0601272583007812 -0.0359344482421875
-0.100326538085938 -0.149551391601562 0.0638961791992188 0.021636962890625
-0.0421142578125 -0.194442749023438 0.0428428649902344 0.0537757873535156
0.018157958984375 -0.208053588867188 -0.0157928466796875 0.0379142761230469
0.17462158203125 -0.166290283203125 -0.0312519073486328 -0.0285148620605469
0.224716186523438 -0.106216430664063 0.0206298828125 -0.130821228027344
0.255218505859375 -0.0403289794921875 0.231857299804688 -0.155014038085938
0.207000732421875 0.0537567138671875 0.0500640869140625 -0.276657104492188
0.216354370117187 0.003997802734375 0.140701293945312 -0.278945922851562
0.214553833007813 -0.103378295898438 0.098602294921875 -0.227783203125
0.110687255859375 -0.172271728515625 0.0438232421875 -0.188720703125
0.053131103515625 -0.165939331054688 0.0273361206054688 -0.102249145507813
-0.040924072265625 -0.174957275390625 0.0231094360351562 -0.0714340209960938
-0.0994415283203125 -0.161361694335938 0.0528297424316406 -0.0437126159667969
-0.0897216796875 -0.1563720703125 0.0834884643554688 -0.00952911376953126
-0.110626220703125 -0.164093017578125 0.100608825683594 0.0131301879882812
-0.0616607666015625 -0.1661376953125 0.0812530517578125 0.07073974609375
0.00717163085937501 -0.19268798828125 0.0478286743164062 0.0887069702148438
0.068603515625 -0.186279296875 -0.00639724731445312 0.0566673278808594
0.209884643554688 -0.107528686523438 -0.0116119384765625 -0.0127935409545898
0.24365234375 -0.0189666748046875 0.0697097778320313 -0.122024536132813
0.229080200195313 0.0585174560546875 0.300445556640625 -0.138336181640625
0.123115539550781 0.130989074707031 0.0875244140625 -0.241302490234375
0.154449462890625 0.0738372802734375 0.152877807617188 -0.253158569335938
0.164886474609375 -0.0156097412109375 0.0847015380859375 -0.18939208984375
0.105514526367188 -0.0865249633789062 0.0494537353515625 -0.137489318847656
0.0745162963867188 -0.0963592529296875 0.0406837463378906 -0.056182861328125
0.00910186767578125 -0.139541625976563 0.057098388671875 -0.0261573791503906
-0.0461883544921875 -0.150650024414063 0.0965728759765625 -0.000572204589843759
-0.047576904296875 -0.146347045898438 0.11688232421875 0.0328292846679687
-0.0677947998046875 -0.161117553710938 0.13092041015625 0.067352294921875
-0.028533935546875 -0.155807495117188 0.092803955078125 0.1248779296875
0.03582763671875 -0.166702270507812 0.0508575439453125 0.12847900390625
0.090576171875 -0.149673461914063 0.00506591796875001 0.0870285034179687
0.207473754882813 -0.051605224609375 0.00946235656738283 0.0268020629882812
0.22283935546875 0.0579986572265625 0.114456176757813 -0.0762786865234375
0.168716430664063 0.141357421875 0.35028076171875 -0.083404541015625
-0.076629638671875 -0.208847045898437 -0.365936279296875 0.058319091796875
-0.165557861328125 -0.04827880859375 -0.143646240234375 0.03680419921875
-0.15582275390625 0.0438995361328125 -0.00240325927734376 -0.0815200805664062
-0.0859527587890625 0.109428405761719 -0.00459289550781249 -0.155120849609375
-0.031768798828125 0.105224609375 -0.0524444580078125 -0.18548583984375
0.0184402465820313 0.117507934570313 -0.122711181640625 -0.173110961914063
0.023345947265625 0.115234375 -0.177841186523438 -0.115310668945313
0.00620269775390624 0.107574462890625 -0.152313232421875 -0.0681915283203125
0.000457763671875003 0.117042541503906 -0.119216918945313 -0.0228805541992187
-0.04736328125 0.08837890625 -0.0777587890625 -0.00024414062499999
-0.08837890625 0.050567626953125 -0.054931640625 0.047454833984375
-0.109161376953125 0.004791259765625 -0.067474365234375 0.0986480712890625
-0.111213684082031 -0.08251953125 -0.10052490234375 0.139114379882813
-0.0990142822265625 -0.143936157226563 -0.128280639648438 0.2100830078125
-0.028900146484375 -0.215606689453125 -0.090606689453125 0.18121337890625
0.0338134765625 -0.23162841796875 -0.3642578125 -0.03082275390625
-0.0777206420898438 -0.0897369384765625 -0.147048950195313 -0.04083251953125
-0.0818862915039063 -0.017974853515625 -0.00241851806640626 -0.13568115234375
-0.0525665283203125 0.0398635864257813 -0.0160064697265625 -0.203292846679688
-0.0187301635742187 0.0372848510742188 -0.0590362548828125 -0.216140747070313
-0.0110664367675781 0.05316162109375 -0.133071899414062 -0.204681396484375
-0.0329971313476562 0.0638885498046875 -0.185836791992188 -0.146240234375
-0.0476150512695313 0.0600318908691406 -0.149734497070313 -0.0941009521484375
-0.0682601928710938 0.0738296508789062 -0.1143798828125 -0.0516433715820313
-0.104164123535156 0.0366363525390625 -0.067352294921875 -0.0174713134765625
-0.125595092773438 -0.0270843505859375 -0.0452346801757813 0.0339088439941406
-0.11785888671875 -0.0883941650390625 -0.065704345703125 0.073089599609375
-0.0482940673828125 -0.167587280273438 -0.0866928100585938 0.086029052734375
-0.0165557861328125 -0.211944580078125 -0.109123229980469 0.132957458496094
0.068359375 -0.258026123046875 -0.0598831176757813 0.100044250488281
0.142913818359375 -0.22503662109375 -0.321746826171875 -0.118072509765625
0.0320205688476563 -0.1181640625 -0.1143798828125 -0.117118835449219
0.0137176513671875 -0.0898513793945313 0.0178375244140625 -0.18798828125
-0.0102043151855469 -0.0496330261230469 -0.017669677734375 -0.2469482421875
-0.0057830810546875 -0.0461959838867188 -0.06060791015625 -0.235671997070313
-0.0416221618652344 -0.0242958068847656 -0.135162353515625 -0.21612548828125
-0.0864944458007813 0.0018463134765625 -0.173995971679688 -0.15679931640625
-0.0949020385742187 0.00341033935546876 -0.125213623046875 -0.104988098144531
-0.125564575195313 0.0215682983398437 -0.0875473022460938 -0.0701675415039063
-0.144302368164063 -0.0134735107421875 -0.0393753051757813 -0.0247726440429687
-0.147415161132813 -0.089324951171875 -0.0225353240966797 0.0281391143798828
-0.119552612304688 -0.154800415039063 -0.0568733215332031 0.0565757751464844
0.00209045410156252 -0.225326538085938 -0.0750732421875 0.040557861328125
0.0527801513671875 -0.249679565429688 -0.0880966186523437 0.0475921630859375
0.151031494140625 -0.265350341796875 -0.00508594512939452 0.00994873046874998
0.23028564453125 -0.189208984375 -0.243804931640625 -0.194686889648438
0.139907836914063 -0.130722045898438 -0.0545806884765625 -0.184768676757813
0.112274169921875 -0.157028198242187 0.047454833984375 -0.22857666015625
0.03106689453125 -0.145111083984375 -0.00788879394531248 -0.271652221679688
0.00279998779296876 -0.131134033203125 -0.051483154296875 -0.233551025390625
-0.0716552734375 -0.100051879882813 -0.118988037109375 -0.204208374023438
-0.129554748535156 -0.06048583984375 -0.138092041015625 -0.1461181640625
-0.127876281738281 -0.0547256469726563 -0.0807571411132813 -0.0993576049804688
-0.161605834960938 -0.0348663330078125 -0.0452804565429687 -0.0746917724609375
-0.157516479492188 -0.063232421875 -0.00388336181640626 -0.0228099822998047
-0.141769409179688 -0.138473510742188 0.0030994415283203 0.0291862487792969
-0.100204467773437 -0.196487426757813 -0.04559326171875 0.0456199645996094
0.0535736083984375 -0.2459716796875 -0.0688247680664062 0.00442504882812499
0.117324829101562 -0.246414184570313 -0.066864013671875 -0.0346221923828125
0.214447021484375 -0.230209350585938 0.0641403198242188 -0.0751495361328125
0.277542114257813 -0.127456665039063 -0.144378662109375 -0.251434326171875
0.218673706054688 -0.117019653320313 0.017852783203125 -0.241485595703125
0.191131591796875 -0.196670532226563 0.0770111083984375 -0.25091552734375
0.067901611328125 -0.214675903320312 0.00898742675781247 -0.269943237304688
0.0113983154296875 -0.193511962890625 -0.0284423828125 -0.206787109375
-0.0913543701171875 -0.15753173828125 -0.0828399658203125 -0.170623779296875
-0.1533203125 -0.111724853515625 -0.0811920166015625 -0.119705200195313
-0.14178466796875 -0.104522705078125 -0.0249710083007813 -0.0789413452148438
-0.173614501953125 -0.089599609375 0.00537109374999998 -0.0618782043457031
-0.14556884765625 -0.110427856445313 0.031036376953125 -0.00462341308593751
-0.108734130859375 -0.175811767578125 0.0245513916015625 0.039215087890625
-0.0559539794921875 -0.217575073242188 -0.0350875854492188 0.0411911010742187
0.11346435546875 -0.231674194335938 -0.0618972778320313 -0.0195198059082031
0.177749633789063 -0.202774047851563 -0.0390777587890625 -0.099639892578125
0.254425048828125 -0.158233642578125 0.141693115234375 -0.13983154296875
0.275161743164062 -0.0498199462890625 -0.045074462890625 -0.282470703125
0.250869750976563 -0.07720947265625 0.083526611328125 -0.279327392578125
0.229263305664063 -0.186767578125 0.09222412109375 -0.253021240234375
0.092529296875 -0.232528686523437 0.024810791015625 -0.239730834960938
0.0223541259765625 -0.21282958984375 7.62939453125144E-05 -0.159286499023438
-0.08978271484375 -0.184402465820313 -0.0318603515625 -0.122085571289063
-0.151107788085938 -0.144256591796875 -0.0136032104492188 -0.0827178955078125
-0.134780883789063 -0.138511657714844 0.0332603454589844 -0.0475006103515625
-0.161285400390625 -0.13348388671875 0.0562553405761719 -0.0299949645996094
-0.115631103515625 -0.147354125976563 0.0613059997558594 0.0304489135742187
-0.0588531494140625 -0.199630737304688 0.0391273498535156 0.0631904602050781
0.00262451171875002 -0.219223022460937 -0.02532958984375 0.0475921630859375
0.1732177734375 -0.190628051757813 -0.0478057861328125 -0.0267601013183594
0.229812622070313 -0.13031005859375 0.00109100341796875 -0.134925842285156
0.2685546875 -0.0627288818359375 0.221527099609375 -0.1707763671875
0.2257080078125 0.035614013671875 0.032012939453125 -0.283111572265625
0.230499267578125 -0.015869140625 0.126129150390625 -0.290374755859375
0.218658447265625 -0.131317138671875 0.090484619140625 -0.233627319335938
0.1002197265625 -0.1917724609375 0.0387725830078125 -0.191299438476563
0.0402069091796875 -0.181259155273438 0.0271530151367188 -0.10467529296875
-0.06103515625 -0.177810668945312 0.020294189453125 -0.0721054077148438
-0.120330810546875 -0.15533447265625 0.0519828796386719 -0.0427780151367188
-0.108108520507813 -0.151885986328125 0.086029052734375 -0.00915527343750001
-0.131103515625 -0.157012939453125 0.102226257324219 0.0164260864257812
-0.0791168212890625 -0.164199829101563 0.083465576171875 0.0797958374023437
-0.0112457275390625 -0.19989013671875 0.0470733642578125 0.0986251831054687
0.053314208984375 -0.200515747070313 -0.0132865905761719 0.0649681091308594
0.211776733398438 -0.133804321289063 -0.0236091613769531 -0.0128440856933594
0.25433349609375 -0.04449462890625 0.0548858642578125 -0.131416320800781
0.24884033203125 0.039398193359375 0.296875 -0.158721923828125
0.1435546875 0.11993408203125 0.07666015625 -0.251815795898438
0.171737670898438 0.057586669921875 0.143600463867188 -0.267379760742188
0.172225952148438 -0.038543701171875 0.0805511474609375 -0.193756103515625
0.0986557006835938 -0.104476928710938 0.0501327514648438 -0.139823913574219
0.0651473999023438 -0.110260009765625 0.0454483032226563 -0.0590629577636719
-0.00849914550781248 -0.142669677734375 0.0603675842285156 -0.0298423767089844
-0.0653839111328125 -0.1453857421875 0.101837158203125 -0.00413513183593751
-0.06475830078125 -0.142578125 0.125450134277344 0.0312652587890625
-0.086761474609375 -0.154403686523438 0.138465881347656 0.0686492919921875
-0.046112060546875 -0.153076171875 0.0996017456054687 0.132568359375
0.0180511474609375 -0.173721313476563 0.0535354614257813 0.137641906738281
0.076141357421875 -0.163665771484375 0.00150299072265625 0.0934066772460937
0.210845947265625 -0.0767059326171875 0.00321388244628908 0.0251026153564453
0.237350463867188 0.034637451171875 0.107780456542969 -0.088592529296875
0.19183349609375 0.127517700195313 0.354888916015625 -0.106842041015625
-0.103713989257813 -0.200653076171875 -0.37548828125 0.093536376953125
-0.17279052734375 -0.0273284912109375 -0.141571044921875 0.053741455078125
-0.15277099609375 0.067413330078125 -0.00344085693359375 -0.08392333984375
-0.0709686279296875 0.123786926269531 -0.010650634765625 -0.163604736328125
-0.0162582397460938 0.110221862792969 -0.0636444091796875 -0.192108154296875
0.035400390625 0.112152099609375 -0.139678955078125 -0.177627563476563
0.0383377075195312 0.107856750488281 -0.196578979492188 -0.109176635742187
0.0191192626953125 0.103721618652344 -0.167404174804688 -0.0594024658203125
0.0152359008789063 0.111854553222656 -0.1290283203125 -0.0138168334960937
-0.0345840454101563 0.0897064208984375 -0.0869979858398438 0.00548553466796877
-0.0784988403320313 0.0596160888671875 -0.0603981018066406 0.0543746948242188
-0.107254028320313 0.0194244384765625 -0.0699005126953125 0.106826782226563
-0.123802185058594 -0.065521240234375 -0.101577758789062 0.149765014648438
-0.119644165039063 -0.130485534667969 -0.12139892578125 0.227264404296875
-0.0574188232421875 -0.214691162109375 -0.08502197265625 0.195541381835938
0.0122222900390625 -0.234710693359375 -0.38311767578125 0.004364013671875
-0.0834732055664063 -0.0780868530273438 -0.153350830078125 -0.0226287841796875
-0.0797882080078125 -0.00371551513671876 -0.00887298583984375 -0.137840270996094
-0.0407028198242188 0.0482139587402344 -0.0275726318359375 -0.209426879882813
-0.00817489624023438 0.0366172790527344 -0.0739593505859375 -0.221023559570313
-0.000400543212890623 0.0476608276367188 -0.152923583984375 -0.205230712890625
-0.0248565673828125 0.0609207153320313 -0.207626342773437 -0.137191772460938
-0.0417747497558594 0.058624267578125 -0.167312622070313 -0.083984375
-0.061370849609375 0.0736007690429688 -0.127693176269531 -0.0411529541015625
-0.0987091064453125 0.0411529541015625 -0.0791168212890625 -0.0100021362304687
-0.125068664550781 -0.0184783935546875 -0.0521430969238281 0.0420417785644531
-0.123817443847656 -0.07763671875 -0.0720901489257813 0.0825271606445313
-0.064483642578125 -0.16253662109375 -0.0947189331054688 0.095428466796875
-0.0390777587890625 -0.209716796875 -0.111373901367187 0.147964477539063
0.0434417724609375 -0.268707275390625 -0.063079833984375 0.111740112304687
0.12933349609375 -0.239288330078125 -0.347442626953125 -0.0868530273437501
0.0282363891601562 -0.117774963378906 -0.126930236816406 -0.101272583007813
0.0137252807617188 -0.0882644653320312 0.00717163085937501 -0.191192626953125
-0.00494766235351562 -0.0491142272949219 -0.0332489013671875 -0.253387451171875
-0.00192642211914062 -0.051971435546875 -0.0782012939453125 -0.239089965820313
-0.0399742126464844 -0.0292129516601563 -0.15692138671875 -0.213714599609375
-0.0869827270507813 0.00246429443359374 -0.195693969726563 -0.145309448242187
-0.0970916748046875 0.00451660156249998 -0.141586303710938 -0.094635009765625
-0.126991271972656 0.0260162353515625 -0.101165771484375 -0.0593948364257813
-0.145782470703125 -0.00703430175781248 -0.0508232116699219 -0.016876220703125
-0.155242919921875 -0.0821075439453125 -0.0297050476074219 0.037933349609375
-0.132766723632813 -0.149139404296875 -0.0650825500488281 0.0676498413085937
-0.0155792236328125 -0.23089599609375 -0.0894775390625 0.0495376586914063
0.03192138671875 -0.258132934570313 -0.0989761352539063 0.0598068237304687
0.132354736328125 -0.28515625 -0.0152301788330078 0.0147647857666015
0.225509643554688 -0.212814331054688 -0.2738037109375 -0.1705322265625
0.139251708984375 -0.142868041992188 -0.071990966796875 -0.175323486328125
0.10906982421875 -0.17169189453125 0.0345916748046875 -0.23492431640625
0.0280609130859375 -0.153213500976563 -0.026153564453125 -0.278854370117188
-0.00280761718750001 -0.141769409179688 -0.069305419921875 -0.236770629882813
-0.0797195434570313 -0.102973937988281 -0.1407470703125 -0.199325561523438
-0.139106750488281 -0.0554428100585938 -0.157333374023438 -0.135223388671875
-0.137809753417969 -0.050750732421875 -0.0943069458007813 -0.090789794921875
-0.171066284179687 -0.02703857421875 -0.0569992065429688 -0.0653915405273438
-0.166427612304688 -0.05596923828125 -0.0125894546508789 -0.0145969390869141
-0.15576171875 -0.134353637695312 -0.00245666503906251 0.0388450622558594
-0.118728637695313 -0.1961669921875 -0.054351806640625 0.057708740234375
0.0372314453125 -0.261032104492188 -0.086456298828125 0.0125808715820313
0.101364135742188 -0.2640380859375 -0.0848922729492188 -0.026275634765625
0.204803466796875 -0.256805419921875 0.0501861572265625 -0.077911376953125
0.282562255859375 -0.155517578125 -0.1746826171875 -0.237716674804687
0.222930908203125 -0.140029907226562 -0.00228881835937497 -0.240447998046875
0.186843872070313 -0.222991943359375 0.0633697509765625 -0.259841918945313
0.0562286376953125 -0.229721069335937 -0.00825500488281253 -0.276443481445313
-0.00218200683593748 -0.20758056640625 -0.0434112548828125 -0.210357666015625
-0.108291625976563 -0.15899658203125 -0.10064697265625 -0.165557861328125
-0.170181274414063 -0.103561401367188 -0.09515380859375 -0.110458374023438
-0.158096313476563 -0.0985565185546875 -0.0335464477539063 -0.0734329223632813
-0.189529418945313 -0.0791473388671875 -0.00202178955078127 -0.0543861389160156
-0.16058349609375 -0.104217529296875 0.0271053314208984 0.00364875793457031
-0.127792358398438 -0.176712036132812 0.0216293334960937 0.0500106811523437
-0.076385498046875 -0.223846435546875 -0.0438728332519531 0.0540122985839844
0.099853515625 -0.2550048828125 -0.080810546875 -0.0112991333007813
0.169326782226563 -0.228118896484375 -0.0610427856445313 -0.0956802368164063
0.256301879882813 -0.188034057617188 0.126617431640625 -0.151519775390625
0.287384033203125 -0.07855224609375 -0.073455810546875 -0.279342651367188
0.259628295898438 -0.104736328125 0.062408447265625 -0.2864990234375
0.225479125976563 -0.221084594726563 0.080047607421875 -0.26300048828125
0.076019287109375 -0.253524780273438 0.0114288330078125 -0.246505737304688
0.00360107421875001 -0.228744506835937 -0.00964355468750001 -0.163345336914063
-0.111785888671875 -0.184890747070313 -0.0435104370117188 -0.118949890136719
-0.17327880859375 -0.133819580078125 -0.021026611328125 -0.0782089233398438
-0.15509033203125 -0.131866455078125 0.0315895080566406 -0.0460548400878906
-0.182830810546875 -0.122161865234375 0.0545654296875 -0.025390625
-0.134765625 -0.142684936523438 0.0625648498535156 0.0386619567871094
-0.0807342529296875 -0.2032470703125 0.039642333984375 0.0741195678710937
-0.0181884765625 -0.23065185546875 -0.0317611694335938 0.0599021911621094
0.16497802734375 -0.22039794921875 -0.0649528503417969 -0.0207290649414063
0.230545043945313 -0.16058349609375 -0.0207672119140625 -0.136993408203125
0.28033447265625 -0.0924224853515625 0.209030151367188 -0.191024780273438
0.244522094726563 0.0108642578125 0.00888061523437503 -0.2899169921875
0.24359130859375 -0.04364013671875 0.1063232421875 -0.30548095703125
0.218002319335937 -0.165252685546875 0.0799713134765625 -0.24298095703125
0.0841522216796875 -0.212722778320313 0.030487060546875 -0.197738647460938
0.0215301513671875 -0.196823120117188 0.0247879028320313 -0.109756469726563
-0.084686279296875 -0.177566528320313 0.016357421875 -0.07208251953125
-0.143295288085938 -0.14501953125 0.0515251159667969 -0.043975830078125
-0.129989624023438 -0.144607543945312 0.0906906127929687 -0.01123046875
-0.153305053710938 -0.145950317382812 0.107383728027344 0.0182647705078125
-0.0997772216796875 -0.159957885742188 0.0911407470703125 0.087493896484375
-0.034393310546875 -0.205352783203125 0.051849365234375 0.108924865722656
0.03363037109375 -0.21502685546875 -0.0173721313476562 0.0755767822265625
0.208267211914063 -0.165664672851563 -0.0364913940429687 -0.00970458984375001
0.2628173828125 -0.0770416259765625 0.037109375 -0.13995361328125
0.268661499023438 0.0123291015625 0.2906494140625 -0.187103271484375
0.166061401367188 0.103851318359375 0.0606689453125 -0.264541625976563
0.187881469726563 0.0364532470703125 0.127838134765625 -0.28656005859375
0.1759033203125 -0.06695556640625 0.073089599609375 -0.202285766601563
0.0879898071289063 -0.122940063476563 0.0482330322265625 -0.146942138671875
0.0511398315429688 -0.124290466308594 0.0491104125976563 -0.0652961730957031
-0.029571533203125 -0.143692016601563 0.0636863708496094 -0.0344734191894531
-0.0866851806640625 -0.138038635253906 0.10748291015625 -0.0110397338867188
-0.0846405029296875 -0.136032104492188 0.1351318359375 0.0247879028320312
-0.107467651367187 -0.144149780273438 0.150238037109375 0.06707763671875
-0.065765380859375 -0.147979736328125 0.113151550292969 0.140251159667969
-0.003265380859375 -0.17864990234375 0.0621490478515625 0.14678955078125
0.057342529296875 -0.1776123046875 0.00148010253906251 0.102554321289062
0.209793090820313 -0.106719970703125 -0.00301170349121092 0.0253734588623047
0.250839233398438 0.0054931640625 0.0976333618164063 -0.102989196777344
0.216384887695312 0.10736083984375 0.358367919921875 -0.139556884765625
-0.13165283203125 -0.184967041015625 -0.373931884765625 0.13775634765625
-0.175582885742188 -0.00251770019531249 -0.134437561035156 0.0727920532226562
-0.1412353515625 0.0937042236328125 -0.00739288330078126 -0.085205078125
-0.0493316650390625 0.134613037109375 -0.0221405029296875 -0.169952392578125
0.001708984375 0.110847473144531 -0.080596923828125 -0.195083618164063
0.05206298828125 0.102554321289063 -0.159713745117188 -0.175308227539063
0.0532073974609375 0.0977096557617188 -0.215179443359375 -0.095794677734375
0.0319290161132813 0.0963897705078125 -0.181182861328125 -0.0450439453125
0.0289535522460938 0.103935241699219 -0.136871337890625 -0.000358581542968722
-0.0203704833984375 0.0889129638671875 -0.0945968627929688 0.01470947265625
-0.0661773681640625 0.0671920776367188 -0.0632438659667969 0.0626335144042969
-0.100433349609375 0.0348281860351562 -0.0680007934570312 0.117256164550781
-0.132125854492188 -0.0441207885742187 -0.097015380859375 0.16217041015625
-0.137680053710938 -0.109504699707031 -0.106353759765625 0.244903564453125
-0.0875396728515625 -0.205764770507813 -0.0732421875 0.21038818359375
-0.0140838623046875 -0.2325439453125 -0.392303466796875 0.0509033203124999
-0.0877914428710938 -0.0632400512695312 -0.154953002929687 -0.000793457031249996
-0.073486328125 0.0108108520507812 -0.0187225341796875 -0.138145446777344
-0.0263557434082031 0.0539474487304688 -0.044830322265625 -0.212203979492187
0.00287818908691406 0.0337619781494141 -0.0934295654296875 -0.220550537109375
0.00925445556640625 0.0396156311035156 -0.177017211914062 -0.199111938476563
-0.0170745849609375 0.0567970275878906 -0.228546142578125 -0.119613647460938
-0.0353126525878906 0.0570106506347656 -0.183029174804688 -0.0672760009765625
-0.0536727905273438 0.0728683471679688 -0.138435363769531 -0.0249710083007813
-0.0921096801757813 0.0457305908203125 -0.0880050659179687 0.00147247314453125
-0.123466491699219 -0.00854492187499998 -0.0559425354003906 0.0521965026855469
-0.128959655761719 -0.06512451171875 -0.074066162109375 0.0956497192382813
-0.0815582275390625 -0.15252685546875 -0.0982513427734375 0.108673095703125
-0.062744140625 -0.201141357421875 -0.107086181640625 0.16595458984375
0.0123748779296875 -0.273422241210938 -0.0616836547851562 0.124687194824219
0.1077880859375 -0.251983642578125 -0.366912841796875 -0.0432128906250001
0.02294921875 -0.117500305175781 -0.137466430664063 -0.08074951171875
0.0130691528320313 -0.0879364013671875 -0.00735473632812501 -0.1927490234375
-0.00116729736328125 -0.0498085021972656 -0.0550384521484375 -0.254592895507813
-0.00051116943359375 -0.0582351684570313 -0.100296020507812 -0.237030029296875
-0.0401458740234375 -0.0344581604003906 -0.181472778320313 -0.203399658203125
-0.0873184204101563 0.005035400390625 -0.216293334960937 -0.125274658203125
-0.0987167358398437 0.00848388671875001 -0.156478881835938 -0.078857421875
-0.126731872558594 0.0332183837890625 -0.112831115722656 -0.0438461303710938
-0.146682739257813 0.00209045410156249 -0.0594940185546875 -0.00532531738281249
-0.1627197265625 -0.07086181640625 -0.0325279235839844 0.04815673828125
-0.147018432617188 -0.138641357421875 -0.0690383911132813 0.0821990966796875
-0.0386199951171875 -0.231155395507812 -0.099761962890625 0.0637359619140625
0.00505065917968749 -0.261184692382813 -0.105201721191406 0.0770187377929687
0.104156494140625 -0.302337646484375 -0.0234546661376953 0.0223617553710937
0.211517333984375 -0.238784790039063 -0.299713134765625 -0.133819580078125
0.133331298828125 -0.156845092773438 -0.089324951171875 -0.159591674804687
0.100936889648438 -0.18597412109375 0.0166473388671875 -0.238906860351563
0.019622802734375 -0.160675048828125 -0.0506591796875 -0.27947998046875
-0.01263427734375 -0.150146484375 -0.0919647216796875 -0.234329223632812
-0.0905914306640625 -0.103645324707031 -0.164031982421875 -0.187149047851563
-0.147613525390625 -0.045318603515625 -0.1746826171875 -0.116485595703125
-0.147308349609375 -0.0421295166015625 -0.106582641601563 -0.0780563354492188
-0.178909301757813 -0.0134735107421875 -0.0669975280761719 -0.0522880554199219
-0.17474365234375 -0.0445098876953125 -0.0189018249511719 -0.00389289855957032
-0.17205810546875 -0.124298095703125 -0.00381088256835939 0.0494041442871094
-0.139236450195312 -0.189361572265625 -0.058563232421875 0.0733642578125
0.0117034912109375 -0.27191162109375 -0.101943969726563 0.0283355712890625
0.0766448974609375 -0.27911376953125 -0.100883483886719 -0.0116424560546875
0.18450927734375 -0.28387451171875 0.0334091186523438 -0.0783843994140625
0.277603149414063 -0.190750122070313 -0.205581665039063 -0.213119506835937
0.218887329101563 -0.166183471679687 -0.0257110595703125 -0.233627319335938
0.172775268554688 -0.250732421875 0.0446624755859375 -0.267105102539063
0.0368804931640625 -0.243606567382813 -0.0319366455078125 -0.278488159179687
-0.0233001708984375 -0.217605590820313 -0.0629119873046875 -0.208892822265625
-0.1275634765625 -0.1546630859375 -0.118606567382813 -0.15472412109375
-0.186111450195312 -0.08795166015625 -0.108413696289063 -0.0968170166015625
-0.174362182617188 -0.0860748291015625 -0.0413017272949219 -0.0657005310058594
-0.203628540039063 -0.0613555908203125 -0.00843429565429688 -0.0460166931152344
-0.174728393554688 -0.09124755859375 0.0255241394042969 0.0113639831542969
-0.149383544921875 -0.169326782226563 0.0234794616699219 0.0599098205566406
-0.101058959960937 -0.222488403320313 -0.0473480224609375 0.0696640014648437
0.0771331787109375 -0.276092529296875 -0.0969467163085938 0.00322723388671875
0.150650024414062 -0.25335693359375 -0.0841217041015625 -0.0850906372070313
0.246124267578125 -0.222747802734375 0.104827880859375 -0.161834716796875
0.29217529296875 -0.115142822265625 -0.105377197265625 -0.267486572265625
0.259658813476563 -0.138031005859375 0.035064697265625 -0.289276123046875
0.209396362304688 -0.256744384765625 0.060455322265625 -0.271652221679688
0.0499267578125 -0.270187377929688 -0.00843811035156251 -0.2493896484375
-0.023345947265625 -0.239212036132813 -0.0229644775390625 -0.16424560546875
-0.137054443359375 -0.176773071289062 -0.0557632446289062 -0.112716674804688
-0.193313598632813 -0.114898681640625 -0.0282669067382813 -0.0713043212890625
-0.175247192382812 -0.116546630859375 0.0287208557128906 -0.0450553894042969
-0.201461791992188 -0.102066040039062 0.0540351867675781 -0.0225639343261719
-0.153610229492188 -0.13006591796875 0.0680809020996093 0.0447006225585937
-0.106719970703125 -0.200515747070313 0.0457305908203125 0.0833358764648437
-0.0454254150390625 -0.236312866210938 -0.0336837768554688 0.0746688842773437
0.145431518554687 -0.249053955078125 -0.0811309814453125 -0.00834655761718753
0.220306396484375 -0.194351196289063 -0.0455398559570313 -0.13311767578125
0.282623291015625 -0.1302490234375 0.187484741210938 -0.211715698242188
0.25750732421875 -0.021240234375 -0.0208740234375 -0.289581298828125
0.248992919921875 -0.07708740234375 0.078338623046875 -0.3165283203125
0.205184936523438 -0.201126098632813 0.0627593994140625 -0.2518310546875
0.05950927734375 -0.230712890625 0.0170135498046875 -0.2030029296875
-0.00439453124999998 -0.207717895507813 0.0182952880859375 -0.114341735839844
-0.110855102539062 -0.169647216796875 0.0113906860351562 -0.0722503662109375
-0.165252685546875 -0.126312255859375 0.0508766174316406 -0.045867919921875
-0.15179443359375 -0.129547119140625 0.0938034057617187 -0.0167388916015625
-0.174423217773438 -0.126571655273437 0.113113403320312 0.0160446166992187
-0.120819091796875 -0.1485595703125 0.103134155273437 0.0917434692382812
-0.06134033203125 -0.20501708984375 0.0619964599609375 0.117202758789062
0.00726318359375 -0.223907470703125 -0.016326904296875 0.0876007080078125
0.193756103515625 -0.199005126953125 -0.0491790771484375 -0.0024871826171875
0.261444091796875 -0.1146240234375 0.014617919921875 -0.144317626953125
0.28167724609375 -0.023468017578125 0.273971557617188 -0.21746826171875
0.185546875 0.0798492431640625 0.03680419921875 -0.27392578125
0.198944091796875 0.008331298828125 0.102508544921875 -0.302947998046875
0.170867919921875 -0.0972747802734375 0.0616607666015625 -0.210052490234375
0.0702896118164062 -0.139533996582031 0.042388916015625 -0.154129028320313
0.0322418212890625 -0.135261535644531 0.0491867065429688 -0.0724029541015625
-0.0515823364257813 -0.138763427734375 0.0643157958984375 -0.0405120849609375
-0.107574462890625 -0.122795104980469 0.111862182617188 -0.0207901000976563
-0.104873657226563 -0.122978210449219 0.1441650390625 0.0139923095703125
-0.128105163574219 -0.127716064453125 0.163101196289063 0.059356689453125
-0.0857467651367187 -0.137222290039063 0.131439208984375 0.141372680664063
-0.028350830078125 -0.17926025390625 0.075714111328125 0.15301513671875
0.0336151123046875 -0.186965942382813 0.0057373046875 0.111129760742187
0.199264526367188 -0.13958740234375 -0.00937271118164061 0.0269451141357422
0.256423950195313 -0.03094482421875 0.0824432373046875 -0.115943908691406
0.236862182617188 0.077972412109375 0.3505859375 -0.18011474609375
-0.151901245117188 -0.1590576171875 -0.356353759765625 0.179473876953125
-0.169525146484375 0.0219268798828125 -0.121147155761719 0.0881805419921875
-0.122085571289063 0.11297607421875 -0.01214599609375 -0.0846710205078125
-0.0264663696289063 0.137481689453125 -0.035003662109375 -0.169937133789062
0.019561767578125 0.105438232421875 -0.0958251953125 -0.190567016601563
0.0640487670898438 0.087127685546875 -0.178131103515625 -0.166152954101562
0.0631561279296875 0.0831985473632813 -0.227066040039062 -0.075439453125
0.0422515869140625 0.0856246948242188 -0.187973022460937 -0.0259552001953125
0.03924560546875 0.0908660888671875 -0.139106750488281 0.0146560668945313
-0.00783538818359374 0.0833587646484375 -0.0983047485351563 0.0254592895507813
-0.0527114868164063 0.0704116821289063 -0.062591552734375 0.0704269409179688
-0.0897979736328125 0.0477294921875 -0.0624465942382813 0.125953674316406
-0.132514953613281 -0.0215988159179687 -0.0867919921875 0.1717529296875
-0.1470947265625 -0.0838623046875 -0.086395263671875 0.254287719726563
-0.11431884765625 -0.186111450195313 -0.056640625 0.217864990234375
-0.0384521484375 -0.220672607421875 -0.38409423828125 0.0977783203125
-0.0884933471679688 -0.0479507446289063 -0.148635864257812 0.020538330078125
-0.0622482299804687 0.0225181579589844 -0.0277252197265625 -0.133979797363281
-0.0110740661621094 0.0549125671386719 -0.061859130859375 -0.207672119140625
0.0126533508300781 0.0278396606445313 -0.111663818359375 -0.212936401367188
0.0152111053466797 0.0288753509521484 -0.196060180664063 -0.183914184570312
-0.0105743408203125 0.049896240234375 -0.241561889648437 -0.0948944091796875
-0.0297775268554687 0.052734375 -0.191253662109375 -0.0457000732421875
-0.047119140625 0.0702857971191406 -0.143112182617188 -0.00720214843750003
-0.0842971801757813 0.048126220703125 -0.0932159423828125 0.0141143798828125
-0.118072509765625 0.000770568847656239 -0.0561904907226563 0.0622673034667969
-0.129234313964844 -0.0499267578125 -0.071075439453125 0.107948303222656
-0.094024658203125 -0.13690185546875 -0.0960540771484375 0.122032165527344
-0.0821685791015625 -0.185012817382813 -0.09625244140625 0.179946899414062
-0.019927978515625 -0.265899658203125 -0.0556640625 0.134315490722656
0.082061767578125 -0.2559814453125 -0.36932373046875 0.00500488281249993
0.0167617797851562 -0.114662170410156 -0.140060424804687 -0.0570755004882813
0.0127944946289062 -0.0862579345703125 -0.0218505859375 -0.188140869140625
0.00234603881835937 -0.0513381958007813 -0.076171875 -0.24615478515625
-0.00142669677734375 -0.0635414123535156 -0.11944580078125 -0.226119995117188
-0.0420341491699219 -0.0376358032226563 -0.200332641601563 -0.184967041015625
-0.0859909057617188 0.00792694091796873 -0.22882080078125 -0.09991455078125
-0.098388671875 0.0126571655273437 -0.165359497070313 -0.0579071044921875
-0.123794555664062 0.0402603149414062 -0.118370056152344 -0.0258331298828125
-0.144119262695312 0.011260986328125 -0.0639877319335938 0.00722885131835937
-0.165145874023438 -0.0575714111328125 -0.0324363708496094 0.0586280822753906
-0.156890869140625 -0.123336791992188 -0.0674362182617187 0.0965957641601563
-0.060302734375 -0.22259521484375 -0.104240417480469 0.0801010131835938
-0.020477294921875 -0.254562377929688 -0.105567932128906 0.0938873291015625
0.07086181640625 -0.307830810546875 -0.0292434692382813 0.0314369201660156
0.188369750976562 -0.256210327148438 -0.31219482421875 -0.09075927734375
0.12261962890625 -0.167221069335938 -0.100997924804688 -0.138717651367188
0.087432861328125 -0.195892333984375 -0.00196838378906252 -0.236114501953125
0.00871276855468748 -0.163726806640625 -0.0739593505859375 -0.270706176757813
-0.0250396728515625 -0.153396606445313 -0.1119384765625 -0.2227783203125
-0.0994415283203125 -0.0990371704101562 -0.18133544921875 -0.16754150390625
-0.151519775390625 -0.033477783203125 -0.185440063476563 -0.092620849609375
-0.1531982421875 -0.0301666259765625 -0.114120483398438 -0.0615768432617187
-0.180511474609375 0.00166320800781248 -0.072479248046875 -0.0381240844726563
-0.177627563476563 -0.0298614501953125 -0.0211505889892578 0.0068206787109375
-0.182022094726562 -0.108810424804687 -0.00195693969726563 0.0584487915039062
-0.1568603515625 -0.175567626953125 -0.05792236328125 0.0888671875
-0.0150909423828125 -0.272476196289063 -0.110038757324219 0.0467910766601562
0.04888916015625 -0.283111572265625 -0.110679626464844 0.00728607177734372
0.154754638671875 -0.30169677734375 0.0163192749023438 -0.0748214721679688
0.260025024414063 -0.220184326171875 -0.226119995117188 -0.178497314453125
0.205718994140625 -0.188201904296875 -0.046112060546875 -0.21795654296875
0.148910522460938 -0.270660400390625 0.02239990234375 -0.265731811523437
0.01416015625 -0.248306274414063 -0.05615234375 -0.270706176757813
-0.045867919921875 -0.219329833984375 -0.0803680419921875 -0.199844360351563
-0.143020629882813 -0.142913818359375 -0.132949829101563 -0.137290954589844
-0.194992065429688 -0.0676727294921875 -0.115898132324219 -0.0790176391601562
-0.184463500976563 -0.0686798095703125 -0.0464935302734375 -0.0559425354003906
-0.211410522460937 -0.040130615234375 -0.0122718811035156 -0.0370330810546875
-0.183364868164062 -0.0737457275390625 0.0269336700439453 0.0195045471191406
-0.167007446289063 -0.15521240234375 0.0279350280761719 0.0680389404296875
-0.124496459960937 -0.21221923828125 -0.0462417602539063 0.0846939086914062
0.047882080078125 -0.286224365234375 -0.107345581054688 0.021636962890625
0.124710083007813 -0.269317626953125 -0.101593017578125 -0.0679092407226563
0.225021362304688 -0.250045776367188 0.0804901123046875 -0.164901733398438
0.28277587890625 -0.15057373046875 -0.13092041015625 -0.243942260742187
0.247817993164063 -0.167953491210938 0.00732421875000001 -0.280914306640625
0.18212890625 -0.283599853515625 0.0381927490234375 -0.273117065429687
0.02105712890625 -0.276992797851563 -0.0290374755859375 -0.244583129882813
-0.0512542724609375 -0.239700317382813 -0.03680419921875 -0.15985107421875
-0.156509399414063 -0.161087036132812 -0.0645675659179688 -0.101921081542969
-0.205322265625 -0.090087890625 -0.0328025817871094 -0.0628700256347656
-0.1890869140625 -0.09600830078125 0.0267829895019531 -0.0425071716308594
-0.21246337890625 -0.0775299072265625 0.0537757873535156 -0.0194206237792969
-0.167449951171875 -0.111984252929688 0.0733642578125 0.0478973388671875
-0.129531860351563 -0.187515258789062 0.053955078125 0.089202880859375
-0.07159423828125 -0.231552124023438 -0.0307693481445312 0.0878982543945312
0.117691040039062 -0.268661499023438 -0.0914840698242187 0.00731658935546874
0.198837280273438 -0.220657348632812 -0.0677261352539062 -0.121139526367188
0.27142333984375 -0.164810180664063 0.158676147460938 -0.224472045898438
0.257614135742188 -0.0557403564453125 -0.0482635498046875 -0.277908325195313
0.2421875 -0.10882568359375 0.047515869140625 -0.314300537109375
0.181182861328125 -0.230972290039063 0.0435943603515625 -0.252975463867188
0.030242919921875 -0.238815307617187 0.00205993652343752 -0.202423095703125
-0.03173828125 -0.208328247070313 0.0103073120117188 -0.115257263183594
-0.13153076171875 -0.153289794921875 0.00665283203124999 -0.0693511962890625
-0.179656982421875 -0.101104736328125 0.0485420227050781 -0.0471687316894531
-0.166290283203125 -0.108428955078125 0.0951309204101562 -0.0226974487304688
-0.188034057617188 -0.101547241210937 0.11749267578125 0.0111618041992187
-0.136741638183594 -0.130783081054688 0.115058898925781 0.0904769897460937
-0.0859832763671875 -0.195159912109375 0.0737457275390625 0.1202392578125
-0.020111083984375 -0.223495483398438 -0.011810302734375 0.098175048828125
0.168365478515625 -0.224411010742188 -0.0581283569335937 0.00781631469726561
0.246688842773437 -0.1485595703125 -0.00782775878906249 -0.14117431640625
0.28167724609375 -0.061248779296875 0.245758056640625 -0.241683959960937
0.1959228515625 0.051910400390625 0.0115203857421875 -0.27099609375
0.2000732421875 -0.0207672119140625 0.07342529296875 -0.30804443359375
0.156585693359375 -0.123458862304688 0.047027587890625 -0.212860107421875
0.048675537109375 -0.14874267578125 0.032745361328125 -0.15838623046875
0.0107650756835938 -0.138786315917969 0.0457077026367188 -0.0790786743164063
-0.0701370239257813 -0.126480102539063 0.0628395080566406 -0.0461807250976563
-0.121139526367188 -0.101768493652344 0.112289428710937 -0.0308074951171875
-0.118339538574219 -0.104209899902344 0.148101806640625 0.000762939453124994
-0.140884399414063 -0.104736328125 0.17193603515625 0.0480804443359375
-0.1005859375 -0.120704650878906 0.147811889648438 0.134933471679688
-0.0521240234375 -0.170425415039063 0.0898895263671875 0.153060913085938
0.00779724121093751 -0.187789916992188 0.0125503540039063 0.117401123046875
0.178176879882813 -0.165664672851563 -0.0142059326171875 0.0302677154541016
0.248855590820313 -0.066192626953125 0.0630035400390625 -0.12353515625
0.245712280273438 0.043243408203125 0.3275146484375 -0.21435546875
-0.162521362304688 -0.132843017578125 -0.332794189453125 0.20709228515625
-0.15887451171875 0.039825439453125 -0.106391906738281 0.0973281860351562
-0.102020263671875 0.122825622558594 -0.0139923095703125 -0.081939697265625
-0.00704956054687499 0.134597778320313 -0.0438690185546875 -0.167388916015625
0.0319290161132813 0.0971832275390625 -0.106063842773438 -0.184799194335938
0.0694580078125 0.072296142578125 -0.18927001953125 -0.155426025390625
0.0673637390136719 0.068450927734375 -0.232192993164063 -0.0582733154296875
0.0468521118164063 0.074737548828125 -0.18951416015625 -0.0105133056640625
0.0439453125 0.0792160034179688 -0.137939453125 0.0257797241210938
0.000526428222656249 0.0748214721679688 -0.0996246337890625 0.0345535278320312
-0.040802001953125 0.06878662109375 -0.0614700317382812 0.0764389038085938
-0.0777206420898438 0.0544815063476562 -0.0560989379882813 0.130714416503906
-0.126106262207031 -0.00359344482421875 -0.077972412109375 0.175521850585937
-0.147506713867188 -0.0621337890625 -0.069915771484375 0.25665283203125
-0.129623413085938 -0.16400146484375 -0.0441741943359375 0.218551635742188
-0.0546112060546875 -0.204483032226563 -0.366058349609375 0.132476806640625
-0.0841217041015625 -0.0356903076171875 -0.138671875 0.0369415283203125
-0.0501937866210938 0.0286521911621094 -0.0333404541015625 -0.127830505371094
0.00200271606445313 0.0513191223144531 -0.0725250244140625 -0.200393676757813
0.0186882019042969 0.0200557708740234 -0.12200927734375 -0.203018188476562
0.0170497894287109 0.0185279846191406 -0.207473754882813 -0.169281005859375
-0.00728607177734375 0.0421524047851563 -0.24603271484375 -0.073394775390625
-0.0262565612792969 0.04864501953125 -0.1932373046875 -0.0274505615234375
-0.0424079895019531 0.0659255981445312 -0.142807006835937 0.00720214843749999
-0.077545166015625 0.047027587890625 -0.0945053100585938 0.0250244140625
-0.111076354980469 0.00617218017578126 -0.0547103881835938 0.0705184936523438
-0.125091552734375 -0.038787841796875 -0.0673370361328125 0.1163330078125
-0.0987701416015625 -0.121749877929688 -0.0921707153320313 0.1314697265625
-0.092498779296875 -0.16717529296875 -0.0865325927734375 0.187820434570312
-0.0423736572265625 -0.25189208984375 -0.0505523681640625 0.140426635742187
0.062103271484375 -0.251815795898438 -0.359222412109375 0.0422973632812499
0.0138778686523437 -0.109428405761719 -0.135734558105469 -0.0370330810546875
0.0141830444335938 -0.0849456787109375 -0.0308074951171875 -0.180572509765625
0.00604248046875001 -0.0533409118652344 -0.0894927978515625 -0.235443115234375
-0.002960205078125 -0.0688514709472656 -0.130722045898438 -0.213302612304688
-0.0439109802246094 -0.0415077209472656 -0.21038818359375 -0.165969848632813
-0.0844573974609375 0.00807952880859373 -0.231369018554688 -0.0768280029296875
-0.0974578857421875 0.0149459838867187 -0.1671142578125 -0.0404815673828125
-0.120590209960937 0.0443496704101563 -0.119331359863281 -0.0113067626953125
-0.139419555664063 0.0170211791992187 -0.0646591186523438 0.0177841186523438
-0.164093017578125 -0.0470428466796875 -0.0301017761230469 0.0667304992675781
-0.159759521484375 -0.109207153320312 -0.0638656616210938 0.107574462890625
-0.0736236572265625 -0.211456298828125 -0.103691101074219 0.0945968627929687
-0.0379180908203125 -0.24322509765625 -0.102386474609375 0.107246398925781
0.04437255859375 -0.303253173828125 -0.0330886840820313 0.0394134521484375
0.167587280273438 -0.26470947265625 -0.30987548828125 -0.052642822265625
0.11285400390625 -0.171340942382812 -0.10400390625 -0.117958068847656
0.0764312744140625 -0.200057983398438 -0.014923095703125 -0.228485107421875
0.0017242431640625 -0.163070678710937 -0.089385986328125 -0.258529663085938
-0.0352935791015625 -0.154769897460938 -0.12298583984375 -0.2091064453125
-0.105789184570312 -0.0946502685546875 -0.188858032226563 -0.14794921875
-0.151931762695312 -0.0244598388671875 -0.1871337890625 -0.0715789794921875
-0.153823852539062 -0.0207977294921875 -0.115760803222656 -0.0469512939453125
-0.178543090820313 0.01397705078125 -0.0737838745117188 -0.0253067016601562
-0.175369262695312 -0.019500732421875 -0.0207290649414063 0.0156631469726562
-0.185623168945312 -0.095184326171875 0.00114059448242186 0.0658035278320313
-0.165908813476563 -0.161407470703125 -0.0544891357421875 0.100791931152344
-0.0347137451171875 -0.266128540039063 -0.112930297851562 0.064483642578125
0.027130126953125 -0.278854370117188 -0.114669799804688 0.0240707397460937
0.129302978515625 -0.307464599609375 0.0032196044921875 -0.0663375854492188
0.240615844726562 -0.237258911132812 -0.232025146484375 -0.145645141601563
0.191864013671875 -0.201217651367188 -0.056884765625 -0.198715209960938
0.128143310546875 -0.281143188476563 0.00724792480468753 -0.2593994140625
-0.00280761718750002 -0.246688842773438 -0.0720062255859375 -0.259185791015625
-0.0630035400390625 -0.215606689453125 -0.09130859375 -0.188400268554688
-0.152450561523438 -0.13128662109375 -0.138114929199219 -0.120704650878906
-0.196395874023438 -0.051025390625 -0.116416931152344 -0.0634918212890625
-0.187789916992187 -0.0531768798828125 -0.0477409362792969 -0.0468025207519531
-0.2109375 -0.02227783203125 -0.0132503509521485 -0.0277633666992188
-0.185165405273438 -0.059234619140625 0.0292873382568359 0.0250129699707031
-0.176406860351563 -0.139907836914062 0.0333938598632812 0.0728836059570312
-0.138778686523437 -0.200042724609375 -0.0421981811523438 0.0968780517578125
0.0244140625 -0.28643798828125 -0.112167358398438 0.0399017333984375
0.102020263671875 -0.274673461914063 -0.111724853515625 -0.0499801635742188
0.20306396484375 -0.265869140625 0.059722900390625 -0.16009521484375
0.2685546875 -0.174957275390625 -0.143646240234375 -0.217926025390625
0.232528686523438 -0.187896728515625 -0.00996398925781247 -0.2655029296875
0.155609130859375 -0.2987060546875 0.0223846435546875 -0.267013549804688
-0.00273132324218752 -0.274505615234375 -0.043182373046875 -0.235946655273438
-0.0726776123046875 -0.233291625976562 -0.0450439453125 -0.153213500976563
-0.167739868164063 -0.144073486328125 -0.0684356689453125 -0.0902481079101563
-0.208389282226563 -0.0688934326171875 -0.0333137512207031 -0.05426025390625
-0.194259643554688 -0.077362060546875 0.0257415771484375 -0.0402145385742188
-0.2147216796875 -0.0567779541015625 0.0539588928222656 -0.0165481567382813
-0.171646118164063 -0.0953521728515625 0.0788955688476562 0.0499649047851562
-0.1431884765625 -0.17315673828125 0.060699462890625 0.091949462890625
-0.0901947021484375 -0.2215576171875 -0.0261077880859375 0.0982589721679687
0.0916900634765625 -0.2762451171875 -0.0970230102539063 0.0236282348632812
0.177352905273437 -0.235397338867187 -0.0829620361328125 -0.105865478515625
0.25518798828125 -0.188613891601563 0.132339477539063 -0.225692749023438
0.250350952148438 -0.082855224609375 -0.0644683837890625 -0.259994506835938
0.2298583984375 -0.13214111328125 0.025787353515625 -0.303375244140625
0.156494140625 -0.2476806640625 0.0291900634765625 -0.249557495117188
0.00608825683593748 -0.237274169921875 -0.00982666015625001 -0.197845458984375
-0.0533447265625 -0.202072143554688 0.0042572021484375 -0.113807678222656
-0.142852783203125 -0.135009765625 0.00409698486328124 -0.0647697448730469
-0.183517456054688 -0.07818603515625 0.0473365783691406 -0.0467071533203125
-0.1719970703125 -0.0880126953125 0.0945663452148437 -0.0274887084960938
-0.1915283203125 -0.0799560546875 0.119789123535156 0.00738525390624999
-0.143096923828125 -0.1134033203125 0.123855590820312 0.0879669189453125
-0.102386474609375 -0.181167602539062 0.0827255249023438 0.120887756347656
-0.0407867431640625 -0.215957641601563 -0.00698852539062501 0.105499267578125
0.142562866210938 -0.237960815429688 -0.0635719299316406 0.0193519592285156
0.22772216796875 -0.1695556640625 -0.0253219604492187 -0.132171630859375
0.272262573242188 -0.0894012451171875 0.21832275390625 -0.252243041992188
0.196762084960938 0.0265350341796875 -0.00556945800781248 -0.261932373046875
0.194046020507813 -0.0440521240234375 0.050811767578125 -0.302978515625
0.1392822265625 -0.14068603515625 0.0359649658203125 -0.210968017578125
0.0296173095703125 -0.149978637695313 0.0252532958984375 -0.158676147460937
-0.00659942626953126 -0.135917663574219 0.0428237915039062 -0.082550048828125
-0.0816802978515625 -0.112236022949219 0.0611610412597656 -0.0490989685058594
-0.126998901367188 -0.0818710327148438 0.110389709472656 -0.0378189086914063
-0.124801635742187 -0.08648681640625 0.148178100585937 -0.0100250244140625
-0.145355224609375 -0.0840911865234375 0.175445556640625 0.0377960205078125
-0.107368469238281 -0.103584289550781 0.15899658203125 0.127471923828125
-0.068023681640625 -0.157257080078125 0.101058959960937 0.150527954101563
-0.0119781494140625 -0.181365966796875 0.0185470581054687 0.120277404785156
0.155014038085938 -0.180252075195313 -0.0188407897949219 0.0348758697509765
0.2342529296875 -0.0908050537109375 0.04608154296875 -0.122596740722656
0.243820190429688 0.0145721435546875 0.301361083984375 -0.234039306640625
-0.165679931640625 -0.112503051757812 -0.313385009765625 0.2239990234375
-0.149139404296875 0.051300048828125 -0.09423828125 0.102401733398438
-0.0856170654296875 0.127685546875 -0.0149002075195313 -0.0807266235351563
0.00794219970703125 0.129661560058594 -0.0489349365234375 -0.1669921875
0.0398635864257813 0.0891036987304688 -0.112045288085937 -0.181808471679688
0.0707550048828125 0.0600814819335938 -0.197509765625 -0.14825439453125
0.0675849914550781 0.0565147399902344 -0.234725952148437 -0.0458221435546875
0.0488700866699219 0.0657386779785156 -0.190185546875 0.000930786132812531
0.04449462890625 0.069366455078125 -0.137962341308594 0.0339431762695313
0.00442123413085938 0.0670089721679688 -0.101570129394531 0.0417327880859375
-0.0324516296386719 0.0651779174804688 -0.0617218017578125 0.0818023681640625
-0.0679397583007813 0.0575027465820313 -0.052734375 0.134796142578125
-0.119644165039063 0.008209228515625 -0.07257080078125 0.17852783203125
-0.144882202148438 -0.0464019775390625 -0.059539794921875 0.257232666015625
-0.138839721679688 -0.145431518554687 -0.0381011962890625 0.219619750976562
-0.062164306640625 -0.190750122070312 -0.350433349609375 0.155670166015625
-0.0780258178710937 -0.0263519287109375 -0.128196716308594 0.0473709106445313
-0.0389633178710938 0.0311546325683594 -0.0349655151367187 -0.123504638671875
0.0125007629394531 0.0467529296875 -0.0780181884765625 -0.195068359375
0.022735595703125 0.0132236480712891 -0.128616333007813 -0.197418212890625
0.0165796279907227 0.00966930389404297 -0.214645385742188 -0.158935546875
-0.00668144226074218 0.0347480773925781 -0.247894287109375 -0.0587615966796875
-0.025390625 0.0441322326660156 -0.193740844726563 -0.01483154296875
-0.04095458984375 0.0621681213378906 -0.14263916015625 0.01806640625
-0.0739212036132813 0.0436325073242188 -0.0955429077148437 0.034393310546875
-0.106147766113281 0.00734710693359373 -0.0544204711914063 0.076873779296875
-0.120681762695313 -0.0318832397460937 -0.0639190673828125 0.123519897460938
-0.0993194580078125 -0.111396789550781 -0.0897369384765625 0.139106750488281
-0.09619140625 -0.1536865234375 -0.080108642578125 0.1942138671875
-0.05596923828125 -0.238800048828125 -0.048858642578125 0.145782470703125
0.0508880615234375 -0.2462158203125 -0.3475341796875 0.070037841796875
0.014129638671875 -0.105934143066406 -0.129035949707031 -0.0227432250976562
0.0169219970703125 -0.0857925415039063 -0.03509521484375 -0.174728393554688
0.0102424621582031 -0.0565986633300781 -0.097137451171875 -0.226791381835938
-0.00421905517578126 -0.0737152099609375 -0.1368408203125 -0.205398559570313
-0.0460700988769531 -0.0457954406738281 -0.216018676757813 -0.153717041015625
-0.0844345092773438 0.00734710693359374 -0.231719970703125 -0.061370849609375
-0.0975189208984375 0.0157394409179687 -0.167083740234375 -0.0281982421875
-0.11871337890625 0.0465469360351563 -0.119216918945313 1.74494633233365E-17
-0.136512756347656 0.0187149047851563 -0.0648612976074219 0.0267257690429688
-0.161941528320313 -0.0414276123046875 -0.028900146484375 0.0738601684570313
-0.160598754882813 -0.100616455078125 -0.0611572265625 0.116790771484375
-0.0810089111328125 -0.203170776367188 -0.103919982910156 0.106330871582031
-0.047149658203125 -0.23272705078125 -0.100784301757813 0.118301391601562
0.028778076171875 -0.29736328125 -0.0370864868164062 0.0471839904785156
0.154067993164063 -0.267776489257813 -0.30352783203125 -0.0255126953125
0.107803344726562 -0.174163818359375 -0.101837158203125 -0.101852416992188
0.07080078125 -0.204071044921875 -0.0211334228515625 -0.222564697265625
-0.00224304199218749 -0.16455078125 -0.0975799560546875 -0.248641967773438
-0.0420989990234375 -0.155670166015625 -0.129257202148438 -0.199844360351562
-0.1103515625 -0.0930862426757813 -0.191421508789063 -0.134246826171875
-0.152023315429687 -0.0190277099609375 -0.186141967773438 -0.0581512451171875
-0.155380249023438 -0.0151824951171875 -0.115829467773438 -0.0372772216796875
-0.177474975585937 0.021209716796875 -0.07354736328125 -0.0150146484375
-0.174468994140625 -0.01318359375 -0.0192451477050781 0.0230770111083984
-0.18780517578125 -0.0865631103515625 0.00464630126953123 0.0716323852539062
-0.171371459960938 -0.151870727539062 -0.0511856079101563 0.111228942871094
-0.047271728515625 -0.261322021484375 -0.114425659179688 0.0787353515625
0.0145263671875 -0.274749755859375 -0.117469787597656 0.0388412475585938
0.113250732421875 -0.309356689453125 -0.00591659545898437 -0.0581474304199219
0.227462768554688 -0.249664306640625 -0.23162841796875 -0.120330810546875
0.182510375976563 -0.209487915039063 -0.0600738525390625 -0.183914184570313
0.113861083984375 -0.288330078125 -0.00120544433593751 -0.254196166992188
-0.01422119140625 -0.245086669921875 -0.080718994140625 -0.249588012695313
-0.075347900390625 -0.213043212890625 -0.0966644287109375 -0.179733276367188
-0.158096313476563 -0.122787475585937 -0.139572143554687 -0.108291625976563
-0.19659423828125 -0.0402374267578125 -0.114997863769531 -0.052581787109375
-0.190109252929688 -0.0434722900390625 -0.0473670959472656 -0.0408134460449219
-0.210586547851563 -0.0105743408203125 -0.0123825073242188 -0.0208950042724609
-0.185623168945313 -0.0508575439453125 0.0323753356933594 0.0297050476074219
-0.182098388671875 -0.129150390625 0.0374603271484375 0.0773162841796875
-0.147872924804688 -0.19189453125 -0.038360595703125 0.107467651367187
0.00924682617187497 -0.28643798828125 -0.114341735839844 0.0557785034179687
0.087158203125 -0.276931762695313 -0.117851257324219 -0.0344085693359375
0.188034057617188 -0.276168823242188 0.04510498046875 -0.153518676757813
0.257369995117188 -0.192169189453125 -0.148101806640625 -0.197555541992187
0.221221923828125 -0.201980590820313 -0.018341064453125 -0.252639770507813
0.136077880859375 -0.308502197265625 0.0137939453125 -0.262832641601563
-0.0193023681640625 -0.271713256835938 -0.05126953125 -0.228729248046875
-0.08795166015625 -0.227523803710938 -0.049285888671875 -0.147552490234375
-0.174240112304688 -0.13177490234375 -0.0687942504882813 -0.0818099975585938
-0.20880126953125 -0.0534515380859375 -0.0318450927734375 -0.0478172302246094
-0.197372436523437 -0.063201904296875 0.0261688232421875 -0.0384483337402344
-0.214218139648438 -0.0418243408203125 0.0560493469238281 -0.0135307312011719
-0.173858642578125 -0.08465576171875 0.0847396850585937 0.0515899658203125
-0.152664184570313 -0.162506103515625 0.0674514770507812 0.0945663452148437
-0.1024169921875 -0.21405029296875 -0.0225677490234375 0.107505798339844
0.0743408203125 -0.28106689453125 -0.100143432617188 0.037841796875
0.161758422851563 -0.244171142578125 -0.0921249389648437 -0.0918197631835938
0.243499755859375 -0.204971313476563 0.11468505859375 -0.223220825195312
0.243423461914063 -0.102157592773438 -0.0717010498046875 -0.245620727539063
0.219253540039063 -0.148788452148438 0.0133056640625 -0.294189453125
0.136566162109375 -0.258773803710938 0.0218353271484375 -0.246170043945313
-0.010498046875 -0.234756469726562 -0.0153045654296875 -0.193740844726563
-0.068603515625 -0.196151733398438 0.00144958496093749 -0.112640380859375
-0.149765014648438 -0.121490478515625 0.00452041625976562 -0.0614356994628906
-0.1842041015625 -0.061431884765625 0.0479545593261719 -0.0464973449707031
-0.175064086914063 -0.0733642578125 0.0947799682617188 -0.030487060546875
-0.191436767578125 -0.063140869140625 0.122344970703125 0.0066375732421875
-0.146453857421875 -0.100479125976562 0.131195068359375 0.0861434936523437
-0.112457275390625 -0.170120239257813 0.08966064453125 0.121528625488281
-0.05487060546875 -0.209335327148438 -0.00324249267578126 0.112197875976562
0.124359130859375 -0.245330810546875 -0.0672721862792969 0.0295791625976562
0.212692260742188 -0.184814453125 -0.0370864868164062 -0.123268127441406
0.263748168945313 -0.109512329101563 0.198715209960938 -0.255264282226563
0.195571899414063 0.0079498291015625 -0.0127410888671875 -0.254135131835938
0.187225341796875 -0.0612640380859375 0.037811279296875 -0.29681396484375
0.12469482421875 -0.152389526367188 0.03143310546875 -0.209609985351562
0.015350341796875 -0.149383544921875 0.021026611328125 -0.159515380859375
-0.0195999145507813 -0.132026672363281 0.0409393310546875 -0.0850677490234375
-0.0881118774414063 -0.100578308105469 0.0607337951660156 -0.0504074096679688
-0.12786865234375 -0.0656509399414063 0.110176086425781 -0.0429458618164063
-0.127098083496094 -0.0718612670898437 0.148681640625 -0.01788330078125
-0.14599609375 -0.06890869140625 0.179367065429688 0.0308685302734375
-0.109619140625 -0.0906906127929688 0.168258666992188 0.12255859375
-0.0776519775390625 -0.146560668945313 0.108078002929688 0.149063110351563
-0.0251922607421875 -0.174560546875 0.0218124389648437 0.12457275390625
0.137557983398438 -0.188522338867188 -0.022735595703125 0.0396232604980469
0.221755981445313 -0.10760498046875 0.03350830078125 -0.120498657226563
0.240585327148437 -0.0062255859375 0.281951904296875 -0.24542236328125
-0.169113159179688 -0.0970306396484375 -0.30364990234375 0.239990234375
-0.142669677734375 0.0611419677734375 -0.0857315063476563 0.106788635253906
-0.0737457275390625 0.132217407226563 -0.0139999389648438 -0.081512451171875
0.0193634033203125 0.125984191894531 -0.0540313720703125 -0.170364379882813
0.046630859375 0.0836257934570313 -0.120086669921875 -0.184555053710937
0.07171630859375 0.0514755249023438 -0.208343505859375 -0.14617919921875
0.0676803588867188 0.0475654602050781 -0.241683959960938 -0.0372924804687501
0.0508155822753906 0.0594558715820313 -0.194686889648438 0.010101318359375
0.0449600219726563 0.0640640258789063 -0.140853881835938 0.0411834716796875
0.0061492919921875 0.0615348815917969 -0.104988098144531 0.0486297607421875
-0.0269088745117188 0.0629653930664063 -0.0622100830078125 0.0887908935546875
-0.06060791015625 0.0598983764648437 -0.0519866943359375 0.140495300292969
-0.114532470703125 0.017333984375 -0.070556640625 0.18328857421875
-0.143768310546875 -0.0346527099609375 -0.05438232421875 0.262908935546875
-0.145065307617187 -0.132843017578125 -0.035858154296875 0.224990844726563
-0.0680694580078125 -0.182723999023437 -0.342987060546875 0.17584228515625
-0.0732955932617188 -0.0203170776367187 -0.120925903320313 0.0553741455078125
-0.0304050445556641 0.0323753356933594 -0.0356521606445313 -0.122970581054688
0.021453857421875 0.0419387817382813 -0.083831787109375 -0.195343017578125
0.0262012481689453 0.00584602355957031 -0.135406494140625 -0.198013305664063
0.0148200988769531 0.00173854827880859 -0.224822998046875 -0.153976440429688
-0.00837135314941406 0.0290756225585938 -0.25347900390625 -0.048065185546875
-0.0260887145996094 0.0406379699707031 -0.19757080078125 -0.00424194335937496
-0.0413551330566406 0.0602798461914063 -0.1453857421875 0.02716064453125
-0.0737762451171875 0.041259765625 -0.0982131958007813 0.0424346923828125
-0.104095458984375 0.00739288330078126 -0.0543594360351563 0.0846786499023438
-0.11871337890625 -0.0293960571289063 -0.0631561279296875 0.132286071777344
-0.0999832153320313 -0.10601806640625 -0.0906829833984375 0.147537231445312
-0.0990142822265625 -0.145721435546875 -0.0770111083984375 0.203399658203125
-0.06463623046875 -0.232315063476563 -0.04925537109375 0.153839111328125
0.044921875 -0.245941162109375 -0.3427734375 0.0926513671874999
0.0165939331054687 -0.104515075683594 -0.123817443847656 -0.0123748779296875
0.0207366943359375 -0.088287353515625 -0.0373992919921875 -0.174560546875
0.0148048400878906 -0.0620269775390625 -0.103485107421875 -0.22509765625
-0.0057525634765625 -0.0803070068359375 -0.14422607421875 -0.203475952148437
-0.0500640869140625 -0.0502281188964844 -0.223312377929688 -0.1463623046875
-0.0869216918945312 0.00537872314453125 -0.235977172851562 -0.050506591796875
-0.100318908691406 0.0157394409179688 -0.170166015625 -0.0179595947265625
-0.12060546875 0.0491180419921875 -0.121040344238281 0.00932312011718752
-0.138198852539063 0.0197601318359375 -0.0656661987304688 0.0352401733398437
-0.16424560546875 -0.039215087890625 -0.0272293090820313 0.08135986328125
-0.163192749023438 -0.0972442626953125 -0.0604400634765625 0.128089904785156
-0.0861968994140625 -0.201568603515625 -0.105667114257813 0.118865966796875
-0.0526580810546875 -0.229568481445312 -0.100868225097656 0.130157470703125
0.01849365234375 -0.297882080078125 -0.0413589477539063 0.0562629699707031
0.147628784179687 -0.275192260742188 -0.3017578125 -0.00418090820312508
0.1072998046875 -0.1787109375 -0.099029541015625 -0.0914535522460938
0.0671234130859375 -0.211776733398438 -0.0252227783203125 -0.222747802734375
-0.00422668457031251 -0.169631958007812 -0.104812622070313 -0.245941162109375
-0.048858642578125 -0.16046142578125 -0.134857177734375 -0.197097778320312
-0.115753173828125 -0.093780517578125 -0.197067260742188 -0.126419067382812
-0.15509033203125 -0.01580810546875 -0.187576293945313 -0.0482025146484375
-0.1597900390625 -0.0112152099609375 -0.116981506347656 -0.02978515625
-0.179885864257813 0.0270233154296875 -0.07366943359375 -0.00681304931640625
-0.177749633789063 -0.00987243652343751 -0.0178127288818359 0.0298900604248047
-0.193084716796875 -0.0824432373046875 0.00736999511718749 0.078521728515625
-0.178009033203125 -0.1485595703125 -0.0489730834960938 0.12249755859375
-0.056243896484375 -0.2630615234375 -0.116355895996094 0.0934524536132813
0.0060272216796875 -0.276458740234375 -0.120834350585938 0.05218505859375
0.103790283203125 -0.31646728515625 -0.0129852294921875 -0.0507850646972657
0.22210693359375 -0.262725830078125 -0.231552124023438 -0.102081298828125
0.17999267578125 -0.220550537109375 -0.06024169921875 -0.174896240234375
0.1038818359375 -0.299102783203125 -0.00595092773437497 -0.256057739257813
-0.022735595703125 -0.249221801757812 -0.0878753662109375 -0.247314453125
-0.0862579345703125 -0.215301513671875 -0.101593017578125 -0.17730712890625
-0.165145874023438 -0.120101928710938 -0.14154052734375 -0.101226806640625
-0.19989013671875 -0.033203125 -0.114959716796875 -0.0452957153320312
-0.195343017578125 -0.0361328125 -0.0480461120605469 -0.0367851257324219
-0.21392822265625 -0.00148010253906252 -0.0109577178955078 -0.0150365829467773
-0.190109252929688 -0.04534912109375 0.0365180969238281 0.0348358154296875
-0.190032958984375 -0.124832153320312 0.0424270629882812 0.0830307006835938
-0.157958984375 -0.188827514648438 -0.0352706909179688 0.118934631347656
-0.00292968750000003 -0.292083740234375 -0.116912841796875 0.070709228515625
0.0784912109375 -0.283843994140625 -0.124076843261719 -0.0209579467773438
0.180755615234375 -0.2891845703125 0.0357513427734375 -0.149307250976563
0.253707885742188 -0.208480834960937 -0.150054931640625 -0.184890747070313
0.217071533203125 -0.216232299804688 -0.020751953125 -0.24652099609375
0.1231689453125 -0.321990966796875 0.00810241699218751 -0.26580810546875
-0.0319366455078125 -0.274322509765625 -0.0569915771484375 -0.22735595703125
-0.101791381835937 -0.227523803710937 -0.0526275634765625 -0.146835327148438
-0.181488037109375 -0.124465942382813 -0.0681915283203125 -0.076416015625
-0.21124267578125 -0.0428466796875 -0.0298919677734375 -0.0449562072753906
-0.2030029296875 -0.0540008544921875 0.0273895263671875 -0.038360595703125
-0.21826171875 -0.0312957763671875 0.0596466064453125 -0.011566162109375
-0.178573608398438 -0.0777740478515625 0.0918121337890625 0.0542831420898437
-0.1614990234375 -0.157272338867188 0.073822021484375 0.0993804931640625
-0.114059448242188 -0.212432861328125 -0.0189285278320313 0.118087768554688
0.061370849609375 -0.28973388671875 -0.10296630859375 0.0516281127929687
0.15191650390625 -0.255264282226563 -0.099945068359375 -0.0810470581054688
0.238265991210937 -0.221603393554687 0.104583740234375 -0.223587036132813
0.242263793945313 -0.119979858398438 -0.075897216796875 -0.239456176757813
0.215316772460938 -0.164443969726563 0.00793457031250005 -0.290924072265625
0.123016357421875 -0.27239990234375 0.0175628662109375 -0.249664306640625
-0.0243682861328125 -0.236740112304688 -0.019317626953125 -0.1949462890625
-0.082183837890625 -0.194305419921875 -0.000122070312500006 -0.113616943359375
-0.156265258789063 -0.112472534179688 0.00612258911132812 -0.0604782104492188
-0.186325073242188 -0.0493927001953125 0.05096435546875 -0.0476493835449219
-0.179519653320313 -0.062774658203125 0.0974349975585937 -0.0342941284179688
-0.194931030273438 -0.0523529052734375 0.127815246582031 0.004547119140625
-0.1505126953125 -0.093231201171875 0.140594482421875 0.087005615234375
-0.122055053710938 -0.163787841796875 0.0985031127929687 0.124488830566406
-0.0660247802734375 -0.2080078125 0.000541687011718737 0.121795654296875
0.112014770507812 -0.255645751953125 -0.0707778930664063 0.0403594970703125
0.204437255859375 -0.198455810546875 -0.0463027954101562 -0.116729736328125
0.262542724609375 -0.127090454101563 0.188018798828125 -0.261749267578125
0.19696044921875 -0.0065460205078125 -0.01593017578125 -0.253707885742188
0.184402465820313 -0.07501220703125 0.03094482421875 -0.29718017578125
0.113677978515625 -0.164321899414063 0.0294189453125 -0.213790893554688
0.0039520263671875 -0.1497802734375 0.0187530517578125 -0.163131713867188
-0.0302352905273438 -0.130104064941406 0.04119873046875 -0.0893783569335938
-0.0932846069335937 -0.0922012329101563 0.0625190734863281 -0.0525398254394531
-0.129074096679687 -0.054473876953125 0.112785339355469 -0.0481948852539063
-0.129234313964844 -0.0618667602539063 0.151885986328125 -0.0248870849609375
-0.147567749023438 -0.0578460693359375 0.18585205078125 0.0265655517578125
-0.1123046875 -0.0828704833984375 0.178421020507813 0.121368408203125
-0.085968017578125 -0.138725280761719 0.116989135742188 0.151290893554688
-0.0349578857421875 -0.172271728515625 0.0255050659179687 0.131080627441406
0.125473022460938 -0.198211669921875 -0.0258598327636719 0.0465240478515625
0.215377807617188 -0.121978759765625 0.0241317749023438 -0.119674682617188
0.240615844726563 -0.022430419921875 0.272293090820313 -0.256988525390625
-0.176681518554687 -0.0834197998046875 -0.29736328125 0.264617919921875
-0.138351440429688 0.0729217529296875 -0.0779647827148438 0.113456726074219
-0.0613632202148438 0.139274597167969 -0.0147552490234375 -0.0846099853515625
0.0325775146484375 0.124382019042969 -0.062835693359375 -0.1768798828125
0.054412841796875 0.0783462524414063 -0.133834838867187 -0.189788818359375
0.074249267578125 0.0435562133789063 -0.226425170898438 -0.144271850585937
0.0678138732910156 0.0399246215820313 -0.2548828125 -0.0260009765625
0.0529327392578125 0.0548019409179687 -0.202423095703125 0.0222015380859375
0.0466766357421875 0.0594406127929687 -0.146728515625 0.0515289306640625
0.00751495361328125 0.0578765869140625 -0.109870910644531 0.0586624145507812
-0.0225868225097656 0.0613250732421875 -0.0637741088867188 0.099029541015625
-0.0545539855957031 0.0630111694335938 -0.0497589111328125 0.150787353515625
-0.111412048339844 0.025909423828125 -0.069183349609375 0.193618774414063
-0.144973754882813 -0.024169921875 -0.0471343994140625 0.275543212890625
-0.156570434570313 -0.120773315429687 -0.0317840576171875 0.237258911132813
-0.0753021240234375 -0.178436279296875 -0.34051513671875 0.203460693359375
-0.0694808959960938 -0.0146751403808594 -0.116058349609375 0.0652313232421875
-0.0219097137451172 0.0328483581542969 -0.0389556884765625 -0.125862121582031
0.0300979614257812 0.0362358093261719 -0.093505859375 -0.199661254882813
0.0294437408447266 -0.00138282775878906 -0.148834228515625 -0.200775146484375
0.0126056671142578 -0.00535964965820313 -0.240982055664063 -0.150100708007813
-0.0110015869140625 0.0246658325195313 -0.265884399414063 -0.0358734130859375
-0.0280303955078125 0.0390892028808594 -0.20489501953125 0.00828552246093748
-0.0434951782226562 0.0606727600097656 -0.150833129882813 0.0392608642578125
-0.0763778686523438 0.0412445068359375 -0.101676940917969 0.0531005859375
-0.106147766113281 0.00809478759765625 -0.0546417236328125 0.0955123901367187
-0.121414184570312 -0.026641845703125 -0.061492919921875 0.1453857421875
-0.103950500488281 -0.102760314941406 -0.09014892578125 0.161422729492187
-0.10479736328125 -0.1417236328125 -0.0733489990234375 0.218154907226563
-0.0773162841796875 -0.231155395507813 -0.0489349365234375 0.166885375976562
0.037811279296875 -0.252517700195313 -0.343170166015625 0.118988037109375
0.0191497802734375 -0.107872009277344 -0.121322631835938 -0.00251770019531248
0.0236053466796875 -0.0953369140625 -0.0429534912109375 -0.179046630859375
0.0178413391113281 -0.069793701171875 -0.113983154296875 -0.227218627929687
-0.0085601806640625 -0.089080810546875 -0.157211303710937 -0.205108642578125
-0.0573768615722656 -0.0559654235839844 -0.237823486328125 -0.14080810546875
-0.0924072265625 0.00531768798828126 -0.24603271484375 -0.038238525390625
-0.105293273925781 0.01788330078125 -0.1766357421875 -0.00736999511718752
-0.125022888183594 0.0542221069335937 -0.1246337890625 0.0208358764648438
-0.143310546875 0.0227508544921875 -0.0670661926269531 0.0444488525390625
-0.171539306640625 -0.0356597900390625 -0.0246734619140625 0.0907821655273438
-0.172164916992188 -0.094207763671875 -0.057525634765625 0.142929077148438
-0.0960693359375 -0.203826904296875 -0.10675048828125 0.135231018066406
-0.0616607666015625 -0.2320556640625 -0.101119995117187 0.146560668945312
0.00592041015625003 -0.3056640625 -0.0443992614746094 0.0670738220214843
0.141876220703125 -0.29156494140625 -0.3043212890625 0.01934814453125
0.108612060546875 -0.191116333007813 -0.0986251831054688 -0.0837249755859375
0.063079833984375 -0.226547241210937 -0.0328216552734375 -0.229354858398437
-0.00897216796874999 -0.1795654296875 -0.117156982421875 -0.247451782226563
-0.058868408203125 -0.169326782226562 -0.146697998046875 -0.197296142578125
-0.126319885253906 -0.0951690673828125 -0.208221435546875 -0.119232177734375
-0.162399291992188 -0.01220703125 -0.193771362304688 -0.037445068359375
-0.168655395507813 -0.005462646484375 -0.121498107910156 -0.0220794677734375
-0.186782836914063 0.036163330078125 -0.0754776000976563 0.00160980224609375
-0.185379028320313 -0.00454711914062499 -0.0164604187011719 0.0366630554199219
-0.204330444335938 -0.0784454345703125 0.011871337890625 0.0864105224609375
-0.191131591796875 -0.146835327148438 -0.045928955078125 0.138420104980469
-0.06982421875 -0.27154541015625 -0.118331909179687 0.111495971679687
-0.00384521484374999 -0.28558349609375 -0.124794006347656 0.0687637329101562
0.09368896484375 -0.332733154296875 -0.0199470520019531 -0.0438690185546875
0.21820068359375 -0.285552978515625 -0.237045288085938 -0.0845184326171875
0.1788330078125 -0.239151000976563 -0.0626068115234375 -0.170181274414063
0.093292236328125 -0.31982421875 -0.0146636962890625 -0.264083862304687
-0.0343475341796875 -0.259246826171875 -0.099151611328125 -0.249404907226563
-0.102035522460938 -0.22119140625 -0.111068725585938 -0.177871704101563
-0.177993774414063 -0.117416381835938 -0.14776611328125 -0.0950927734375
-0.2081298828125 -0.0244140625 -0.117378234863281 -0.0387649536132813
-0.206527709960938 -0.027008056640625 -0.0493125915527344 -0.0337715148925781
-0.222198486328125 0.00988769531250003 -0.00936794281005861 -0.0101833343505859
-0.198883056640625 -0.0388946533203125 0.042083740234375 0.0395469665527344
-0.2034912109375 -0.120407104492188 0.0495223999023437 0.0894546508789062
-0.173721313476563 -0.188949584960937 -0.0302810668945313 0.133857727050781
-0.017791748046875 -0.30450439453125 -0.119354248046875 0.0889739990234375
0.0687255859375 -0.298553466796875 -0.1314697265625 -0.00685119628906254
0.174591064453125 -0.310638427734375 0.0267791748046875 -0.148818969726563
0.252090454101563 -0.23358154296875 -0.155776977539063 -0.176040649414063
0.215896606445313 -0.238876342773438 -0.026824951171875 -0.246826171875
0.107635498046875 -0.344451904296875 -0.000320434570312476 -0.274917602539062
-0.04815673828125 -0.282623291015625 -0.066650390625 -0.230072021484375
-0.120391845703125 -0.230484008789063 -0.0588836669921875 -0.148162841796875
-0.193954467773438 -0.118927001953125 -0.0698089599609375 -0.0731887817382813
-0.218887329101562 -0.0318603515625 -0.028900146484375 -0.042816162109375
-0.213226318359375 -0.043914794921875 0.0284233093261719 -0.0397415161132813
-0.22686767578125 -0.0185089111328125 0.0646133422851562 -0.0101127624511719
-0.187576293945313 -0.07159423828125 0.102500915527344 0.0562973022460938
-0.175750732421875 -0.152450561523438 0.0835189819335937 0.104438781738281
-0.130096435546875 -0.21429443359375 -0.0132827758789063 0.131507873535156
0.046905517578125 -0.305877685546875 -0.105995178222656 0.0676040649414063
0.144485473632813 -0.274871826171875 -0.110237121582031 -0.07098388671875
0.2364501953125 -0.245834350585938 0.0938720703125 -0.231063842773438
0.2440185546875 -0.143173217773438 -0.08197021484375 -0.238510131835937
0.213455200195313 -0.186447143554688 0.000701904296875009 -0.29595947265625
0.1077880859375 -0.293670654296875 0.00970458984375002 -0.259811401367188
-0.0412139892578125 -0.242462158203125 -0.0263824462890625 -0.200027465820313
-0.100082397460938 -0.1949462890625 -0.00277709960937501 -0.118072509765625
-0.16705322265625 -0.105239868164063 0.00783157348632812 -0.0612258911132813
-0.191558837890625 -0.0371856689453125 0.0538978576660156 -0.0504379272460938
-0.187835693359375 -0.0520782470703125 0.101058959960937 -0.0399322509765625
-0.202194213867188 -0.03997802734375 0.137252807617188 0.00141143798828125
-0.158172607421875 -0.0868377685546875 0.155487060546875 0.0867767333984375
-0.135208129882813 -0.159988403320313 0.110305786132812 0.129486083984375
-0.080596923828125 -0.210113525390625 0.0067596435546875 0.132820129394531
0.0992889404296875 -0.272186279296875 -0.0732498168945313 0.0528335571289062
0.198486328125 -0.21881103515625 -0.0568466186523437 -0.111930847167969
0.264205932617188 -0.151077270507813 0.178680419921875 -0.2763671875
0.201263427734375 -0.023956298828125 -0.0222015380859375 -0.259597778320313
0.183685302734375 -0.0925445556640625 0.022491455078125 -0.306427001953125
0.10247802734375 -0.180007934570313 0.0243072509765625 -0.224502563476563
-0.00883483886718751 -0.153549194335938 0.014434814453125 -0.171722412109375
-0.0422897338867188 -0.129905700683594 0.0404586791992188 -0.095977783203125
-0.100189208984375 -0.0856857299804688 0.0663032531738281 -0.0574264526367188
-0.131706237792969 -0.043731689453125 0.11676025390625 -0.0561981201171875
-0.135017395019531 -0.0521469116210937 0.157302856445313 -0.034088134765625
-0.15264892578125 -0.0472412109375 0.198043823242188 0.0197296142578125
-0.117668151855469 -0.0759735107421875 0.195175170898438 0.120010375976563
-0.0961227416992187 -0.134056091308594 0.129791259765625 0.155685424804688
-0.0477294921875 -0.173049926757813 0.0316619873046875 0.140945434570313
0.113983154296875 -0.211761474609375 -0.0281448364257812 0.0547866821289063
0.211639404296875 -0.140487670898438 0.0150222778320313 -0.120864868164063
0.245803833007813 -0.04156494140625 0.265853881835938 -0.278106689453125
-0.185043334960938 -0.0647125244140625 -0.28399658203125 0.299072265625
-0.131095886230469 0.089202880859375 -0.066741943359375 0.12261962890625
-0.0457305908203125 0.147384643554688 -0.018096923828125 -0.0884170532226562
0.0482711791992188 0.119827270507813 -0.0784912109375 -0.182113647460938
0.0646820068359375 0.0714492797851563 -0.154876708984375 -0.190383911132813
0.076629638671875 0.0341644287109375 -0.25115966796875 -0.135116577148437
0.0691146850585938 0.0315513610839844 -0.27044677734375 -0.00645446777343749
0.0567512512207031 0.0488662719726563 -0.210861206054688 0.0415802001953125
0.04986572265625 0.0550155639648438 -0.151443481445312 0.0681610107421875
0.00969314575195312 0.0553092956542969 -0.113121032714844 0.0733795166015625
-0.017669677734375 0.060333251953125 -0.0605850219726563 0.111976623535156
-0.0473289489746094 0.0674247741699219 -0.0424346923828125 0.164077758789063
-0.10833740234375 0.0377578735351563 -0.06182861328125 0.208221435546875
-0.147415161132813 -0.00990295410156248 -0.031158447265625 0.292633056640625
-0.169586181640625 -0.105758666992187 -0.019927978515625 0.252670288085938
-0.087738037109375 -0.173690795898438 -0.331085205078125 0.24200439453125
-0.0657234191894531 -0.00856781005859376 -0.108665466308594 0.0773391723632812
-0.0128021240234375 0.0323524475097656 -0.0465316772460938 -0.128608703613281
0.0393295288085937 0.0286102294921875 -0.1104736328125 -0.202224731445313
0.0310077667236328 -0.0101642608642578 -0.169967651367188 -0.199905395507813
0.00923919677734375 -0.0120677947998047 -0.264389038085938 -0.138839721679688
-0.0144481658935547 0.0216312408447266 -0.280075073242188 -0.0148468017578125
-0.0291862487792969 0.0392990112304688 -0.213409423828125 0.0281219482421875
-0.0432167053222656 0.0639495849609375 -0.155258178710938 0.05694580078125
-0.0783615112304688 0.0451126098632812 -0.103530883789062 0.067535400390625
-0.109001159667969 0.0120391845703125 -0.0501022338867188 0.1087646484375
-0.124992370605469 -0.020233154296875 -0.05389404296875 0.162094116210938
-0.111778259277344 -0.09820556640625 -0.0858001708984375 0.179031372070313
-0.115058898925781 -0.136634826660156 -0.061553955078125 0.237716674804688
-0.095855712890625 -0.229278564453125 -0.0420989990234375 0.183746337890625
0.02325439453125 -0.262619018554688 -0.339569091796875 0.157257080078125
0.018646240234375 -0.112716674804688 -0.117462158203125 0.00923919677734377
0.0230636596679688 -0.105316162109375 -0.0547027587890625 -0.183151245117188
0.0172348022460938 -0.08038330078125 -0.133407592773438 -0.228164672851562
-0.016143798828125 -0.0985107421875 -0.17706298828125 -0.202163696289063
-0.0665779113769531 -0.0584487915039063 -0.25811767578125 -0.128036499023438
-0.0995407104492188 0.00895690917968749 -0.257858276367188 -0.0183258056640624
-0.11224365234375 0.0239791870117187 -0.18402099609375 0.00920104980468748
-0.128555297851563 0.0648117065429687 -0.127471923828125 0.0365447998046875
-0.149459838867188 0.032257080078125 -0.0665092468261719 0.056427001953125
-0.181182861328125 -0.02740478515625 -0.0184402465820313 0.1021728515625
-0.184707641601563 -0.0867462158203125 -0.048797607421875 0.16033935546875
-0.112930297851563 -0.204925537109375 -0.103851318359375 0.155776977539063
-0.0778350830078125 -0.23541259765625 -0.095550537109375 0.16717529296875
-0.01470947265625 -0.316986083984375 -0.044830322265625 0.0809249877929687
0.127685546875 -0.31402587890625 -0.306304931640625 0.0525512695312499
0.103958129882812 -0.207489013671875 -0.099700927734375 -0.0750350952148438
0.05133056640625 -0.244659423828125 -0.048248291015625 -0.235855102539063
-0.0201263427734375 -0.190338134765625 -0.13714599609375 -0.247329711914063
-0.0756072998046875 -0.176376342773438 -0.165634155273438 -0.194061279296875
-0.141143798828125 -0.0930633544921875 -0.22259521484375 -0.106277465820313
-0.172286987304688 -0.0014801025390625 -0.20263671875 -0.021728515625
-0.179641723632813 0.00602722167968746 -0.126716613769531 -0.0106353759765625
-0.193679809570313 0.0522918701171875 -0.0765762329101563 0.012664794921875
-0.194320678710938 0.00753784179687498 -0.0120735168457031 0.0444297790527344
-0.21990966796875 -0.067474365234375 0.020355224609375 0.0947647094726562
-0.210769653320313 -0.13946533203125 -0.0355682373046875 0.156082153320313
-0.0925750732421875 -0.279144287109375 -0.115562438964844 0.133331298828125
-0.023681640625 -0.297454833984375 -0.126174926757813 0.0891799926757812
0.07330322265625 -0.354705810546875 -0.0271530151367188 -0.0364494323730469
0.20648193359375 -0.317230224609375 -0.243728637695313 -0.0623626708984376
0.171035766601563 -0.2662353515625 -0.06927490234375 -0.166656494140625
0.072052001953125 -0.344451904296875 -0.0328216552734375 -0.273574829101563
-0.0554656982421875 -0.269424438476563 -0.118453979492188 -0.250961303710937
-0.126861572265625 -0.224853515625 -0.12664794921875 -0.17633056640625
-0.195556640625 -0.109817504882812 -0.15679931640625 -0.0845184326171875
-0.21923828125 -0.00898742675781255 -0.121635437011719 -0.0283050537109375
-0.218978881835938 -0.01165771484375 -0.0521278381347656 -0.0290794372558594
-0.23162841796875 0.029083251953125 -0.00681352615356447 -0.0057225227355957
-0.211257934570313 -0.0265960693359375 0.0506668090820312 0.0422782897949219
-0.2227783203125 -0.109420776367187 0.06134033203125 0.0947418212890625
-0.197036743164062 -0.184722900390625 -0.0192413330078125 0.150894165039063
-0.04266357421875 -0.319244384765625 -0.117332458496094 0.111015319824219
0.049072265625 -0.317596435546875 -0.138763427734375 0.01141357421875
0.158538818359375 -0.3411865234375 0.0133209228515625 -0.14935302734375
0.244903564453125 -0.26873779296875 -0.166748046875 -0.16461181640625
0.2060546875 -0.269683837890625 -0.038482666015625 -0.249053955078125
0.080718994140625 -0.3707275390625 -0.019500732421875 -0.286712646484375
-0.07427978515625 -0.290985107421875 -0.083282470703125 -0.233734130859375
-0.147552490234375 -0.230255126953125 -0.06964111328125 -0.149169921875
-0.212020874023438 -0.107711791992187 -0.0733718872070313 -0.0685501098632813
-0.228256225585938 -0.0141754150390625 -0.02960205078125 -0.0410232543945312
-0.225997924804688 -0.0267333984375 0.02899169921875 -0.0427742004394531
-0.23712158203125 0.000778198242187517 0.0712661743164062 -0.0128555297851563
-0.200836181640625 -0.0595855712890625 0.115638732910156 0.0539398193359375
-0.1959228515625 -0.143844604492187 0.09893798828125 0.10772705078125
-0.154251098632813 -0.212570190429688 -0.00070190429687501 0.146255493164063
0.02252197265625 -0.324462890625 -0.104660034179688 0.0868759155273437
0.1279296875 -0.299835205078125 -0.121307373046875 -0.0573654174804688
0.227005004882812 -0.28057861328125 0.077728271484375 -0.241912841796875
0.24169921875 -0.174972534179688 -0.0952911376953125 -0.237640380859375
0.206466674804687 -0.215988159179688 -0.01507568359375 -0.303741455078125
0.082244873046875 -0.317230224609375 -0.00712585449218748 -0.271484375
-0.0650634765625 -0.2470703125 -0.04010009765625 -0.2061767578125
-0.123016357421875 -0.192581176757813 -0.0092926025390625 -0.122810363769531
-0.18096923828125 -0.0928497314453125 0.00859451293945311 -0.0624809265136719
-0.199081420898437 -0.019989013671875 0.0556373596191406 -0.0565567016601563
-0.19842529296875 -0.0359649658203125 0.103446960449219 -0.0497360229492188
-0.211761474609375 -0.0220489501953125 0.1478271484375 -0.007659912109375
-0.169509887695313 -0.076904296875 0.173873901367188 0.08099365234375
-0.153045654296875 -0.152130126953125 0.127708435058594 0.131546020507813
-0.102432250976562 -0.210159301757813 0.0188751220703125 0.14532470703125
0.077880859375 -0.292510986328125 -0.0735397338867188 0.0682830810546875
0.186798095703125 -0.245407104492187 -0.0698928833007812 -0.10650634765625
0.261489868164063 -0.18426513671875 0.161590576171875 -0.297515869140625
0.205673217773437 -0.046966552734375 -0.0353240966796875 -0.267822265625
0.180877685546875 -0.115814208984375 0.00457763671874998 -0.319244384765625
0.08465576171875 -0.197494506835938 0.011962890625 -0.237503051757813
-0.0247802734375 -0.156051635742188 0.00469970703124998 -0.181182861328125
-0.0582351684570313 -0.127952575683594 0.0366973876953125 -0.105094909667969
-0.110404968261719 -0.0769882202148437 0.0684547424316406 -0.065277099609375
-0.136192321777344 -0.0304031372070313 0.119552612304687 -0.0688552856445313
-0.141357421875 -0.03924560546875 0.162017822265625 -0.04931640625
-0.159194946289063 -0.032562255859375 0.211700439453125 0.004852294921875
-0.125244140625 -0.0664138793945312 0.218154907226563 0.111862182617188
-0.110214233398438 -0.126243591308594 0.150238037109375 0.156387329101563
-0.0647430419921875 -0.172073364257813 0.0444183349609375 0.1500244140625
0.0965423583984375 -0.23004150390625 -0.0266990661621094 0.0649757385253906
0.203323364257813 -0.166168212890625 0.00188446044921878 -0.122459411621094
0.249847412109375 -0.068389892578125 0.251983642578125 -0.309356689453125
-0.19122314453125 -0.0403900146484375 -0.25506591796875 0.33502197265625
-0.118484497070313 0.10491943359375 -0.051544189453125 0.128959655761719
-0.024749755859375 0.151885986328125 -0.0244293212890625 -0.0902328491210937
0.0648269653320312 0.1112060546875 -0.09808349609375 -0.180816650390625
0.0735931396484375 0.0601730346679688 -0.179290771484375 -0.182357788085937
0.0774078369140625 0.0225982666015625 -0.2744140625 -0.113967895507813
0.0680389404296875 0.02227783203125 -0.279067993164063 0.02294921875
0.0594673156738281 0.041107177734375 -0.211822509765625 0.0671844482421875
0.0533218383789063 0.04888916015625 -0.149993896484375 0.0887908935546875
0.0125083923339844 0.0528106689453125 -0.110824584960937 0.0904159545898438
-0.0119514465332031 0.0588912963867188 -0.05157470703125 0.12518310546875
-0.0376434326171875 0.0707550048828125 -0.028289794921875 0.175582885742188
-0.101036071777344 0.0504989624023437 -0.046630859375 0.2216796875
-0.145309448242188 0.00736999511718747 -0.00491333007812499 0.305450439453125
-0.18145751953125 -0.083770751953125 0.000930786132812515 0.264801025390625
-0.102325439453125 -0.16375732421875 -0.30694580078125 0.2840576171875
-0.0609588623046875 -0.00233078002929687 -0.0967254638671875 0.0891265869140625
-0.00277900695800781 0.0300312042236328 -0.0572280883789062 -0.128074645996094
0.0465774536132813 0.0177078247070313 -0.130966186523438 -0.196731567382812
0.0301246643066406 -0.0208549499511719 -0.193618774414062 -0.189453125
0.00339508056640625 -0.0182743072509766 -0.28643798828125 -0.1153564453125
-0.0177745819091797 0.0206241607666016 -0.288543701171875 0.016387939453125
-0.0302619934082031 0.0401802062988281 -0.214981079101563 0.05377197265625
-0.0409660339355469 0.0680961608886719 -0.153457641601563 0.0792236328125
-0.0784149169921875 0.0508651733398437 -0.100753784179687 0.0850067138671875
-0.111228942871094 0.0193710327148438 -0.0401535034179688 0.121040344238281
-0.127143859863281 -0.0104141235351562 -0.03955078125 0.17645263671875
-0.120048522949219 -0.08880615234375 -0.0728912353515625 0.19683837890625
-0.126358032226563 -0.125762939453125 -0.0405426025390625 0.25433349609375
-0.118423461914063 -0.22021484375 -0.027862548828125 0.199142456054688
0.00125122070312503 -0.267868041992188 -0.32244873046875 0.200775146484375
0.0149917602539063 -0.11865234375 -0.111244201660156 0.0232391357421875
0.0174560546875 -0.1148681640625 -0.0724639892578125 -0.181930541992187
0.0127105712890625 -0.090972900390625 -0.156951904296875 -0.219894409179687
-0.028564453125 -0.105148315429687 -0.200836181640625 -0.18963623046875
-0.0786819458007813 -0.0572433471679688 -0.276016235351562 -0.10467529296875
-0.105422973632813 0.016387939453125 -0.264190673828125 0.00964355468749997
-0.116851806640625 0.0342330932617187 -0.186264038085938 0.03155517578125
-0.12762451171875 0.078582763671875 -0.125892639160156 0.0559921264648438
-0.152542114257812 0.045135498046875 -0.06182861328125 0.0697174072265625
-0.189483642578125 -0.0133209228515625 -0.00772094726562501 0.111572265625
-0.197586059570313 -0.0711669921875 -0.0320587158203125 0.175933837890625
-0.134841918945313 -0.199356079101563 -0.091766357421875 0.176132202148438
-0.0997467041015625 -0.232101440429687 -0.0813446044921875 0.187973022460938
-0.045654296875 -0.321746826171875 -0.0399551391601563 0.0958023071289063
0.10113525390625 -0.3348388671875 -0.297637939453125 0.09027099609375
0.0904541015625 -0.2257080078125 -0.100265502929688 -0.06256103515625
0.02886962890625 -0.260421752929687 -0.0713653564453125 -0.236709594726563
-0.03802490234375 -0.198104858398438 -0.162002563476563 -0.239013671875
-0.098541259765625 -0.1767578125 -0.186798095703125 -0.182403564453125
-0.157119750976563 -0.0837860107421875 -0.236007690429688 -0.0851898193359375
-0.179367065429688 0.0135955810546875 -0.20672607421875 0.001068115234375
-0.18621826171875 0.0241851806640625 -0.129417419433594 0.005218505859375
-0.194931030273438 0.073455810546875 -0.073516845703125 0.0256271362304688
-0.20037841796875 0.025421142578125 -0.00613784790039064 0.0512886047363281
-0.233230590820313 -0.0485076904296875 0.0330276489257812 0.100120544433594
-0.230972290039063 -0.122283935546875 -0.017974853515625 0.171295166015625
-0.123031616210937 -0.278594970703125 -0.104843139648438 0.156005859375
-0.051727294921875 -0.303070068359375 -0.119400024414063 0.112754821777344
0.039398193359375 -0.37322998046875 -0.0336322784423828 -0.0261478424072266
0.179229736328125 -0.34844970703125 -0.244598388671875 -0.0319671630859375
0.151275634765625 -0.29278564453125 -0.078338623046875 -0.159133911132813
0.03546142578125 -0.3638916015625 -0.0605010986328125 -0.27655029296875
-0.0837554931640625 -0.272735595703125 -0.143142700195313 -0.243209838867187
-0.156265258789062 -0.2186279296875 -0.144317626953125 -0.166641235351562
-0.21295166015625 -0.093902587890625 -0.164108276367188 -0.0693817138671875
-0.225662231445313 0.012451171875 -0.123298645019531 -0.0151824951171875
-0.227615356445312 0.0110015869140625 -0.0546875 -0.0220756530761719
-0.2342529296875 0.0551910400390625 -0.00365567207336427 -0.00180435180664062
-0.220260620117188 -0.00733947753906249 0.0601654052734375 0.0409317016601563
-0.239822387695312 -0.0894927978515625 0.0760040283203125 0.0956039428710938
-0.222457885742187 -0.168548583984375 -0.00103759765625003 0.163650512695312
-0.0777587890625 -0.32489013671875 -0.107780456542969 0.133201599121094
0.01824951171875 -0.33245849609375 -0.140434265136719 0.0341873168945312
0.12701416015625 -0.36956787109375 -0.0033416748046875 -0.147140502929688
0.22064208984375 -0.305908203125 -0.177734375 -0.146530151367188
0.183197021484375 -0.301727294921875 -0.055572509765625 -0.247177124023438
0.03961181640625 -0.390289306640625 -0.047698974609375 -0.29010009765625
-0.107269287109375 -0.290679931640625 -0.106552124023438 -0.229385375976563
-0.178054809570313 -0.219024658203125 -0.08392333984375 -0.145233154296875
-0.228073120117187 -0.0872344970703125 -0.076019287109375 -0.0617752075195313
-0.233963012695312 0.0102386474609375 -0.0304718017578125 -0.0378761291503906
-0.234466552734375 -0.00218200683593748 0.0261993408203125 -0.0458030700683594
-0.242019653320313 0.0280914306640625 0.0764007568359375 -0.0195236206054688
-0.211349487304687 -0.0404052734375 0.128852844238281 0.0462112426757813
-0.215591430664062 -0.12554931640625 0.115219116210937 0.10455322265625
-0.181671142578125 -0.200164794921875 0.017669677734375 0.157623291015625
-0.012451171875 -0.337432861328125 -0.0967178344726563 0.107490539550781
0.098480224609375 -0.322967529296875 -0.130958557128906 -0.039306640625
0.202301025390625 -0.3162841796875 0.0530548095703125 -0.250152587890625
0.226043701171875 -0.210357666015625 -0.112899780273437 -0.230697631835937
0.185867309570312 -0.246856689453125 -0.038665771484375 -0.306182861328125
0.043975830078125 -0.33502197265625 -0.0333709716796875 -0.27740478515625
-0.0954132080078125 -0.243911743164063 -0.0588836669921875 -0.206497192382813
-0.149017333984375 -0.18096923828125 -0.0201339721679688 -0.125457763671875
-0.1944580078125 -0.074371337890625 0.00801086425781248 -0.0648574829101563
-0.202163696289063 0.00140380859374999 0.0546798706054687 -0.0641326904296875
-0.205490112304688 -0.0128936767578125 0.101730346679687 -0.06201171875
-0.216827392578125 0.00244140625000005 0.154998779296875 -0.0231475830078125
-0.179473876953125 -0.0600433349609375 0.191787719726563 0.0660400390625
-0.17181396484375 -0.136856079101562 0.148223876953125 0.12567138671875
-0.128890991210937 -0.201736450195313 0.036865234375 0.1536865234375
0.045623779296875 -0.3094482421875 -0.0675201416015625 0.0836715698242188
0.162017822265625 -0.27337646484375 -0.08441162109375 -0.0957260131835937
0.24658203125 -0.22174072265625 0.132537841796875 -0.31805419921875
0.201553344726563 -0.0760650634765625 -0.0566558837890625 -0.270309448242187
0.16827392578125 -0.142257690429688 -0.022186279296875 -0.325836181640625
0.0589141845703125 -0.211715698242187 -0.00993347167968749 -0.246368408203125
-0.04541015625 -0.15350341796875 -0.0112152099609375 -0.187362670898438
-0.075347900390625 -0.119781494140625 0.028594970703125 -0.113006591796875
-0.119377136230469 -0.063323974609375 0.0673904418945312 -0.0745773315429688
-0.13714599609375 -0.014129638671875 0.117523193359375 -0.0838088989257813
-0.145172119140625 -0.0216827392578125 0.160995483398438 -0.069091796875
-0.162033081054688 -0.0127410888671875 0.220733642578125 -0.018096923828125
-0.131797790527344 -0.0527877807617188 0.23974609375 0.09344482421875
-0.12432861328125 -0.112655639648437 0.171646118164063 0.149261474609375
-0.0860443115234375 -0.164505004882813 0.0624847412109375 0.15435791015625
0.07012939453125 -0.244491577148437 -0.021881103515625 0.0745391845703125
0.18560791015625 -0.19293212890625 -0.0136337280273437 -0.12091064453125
0.245697021484375 -0.100875854492188 0.222259521484375 -0.34063720703125
-0.187362670898437 -0.01324462890625 -0.2120361328125 0.3580322265625
-0.0997695922851563 0.115226745605469 -0.0343246459960938 0.129447937011719
-0.00289916992187499 0.148361206054688 -0.0304946899414063 -0.0896453857421875
0.0770339965820313 0.0962066650390625 -0.115310668945313 -0.170333862304688
0.07830810546875 0.0459747314453125 -0.197235107421875 -0.16412353515625
0.0742645263671875 0.010894775390625 -0.288116455078125 -0.084991455078125
0.0645828247070313 0.0130577087402344 -0.27581787109375 0.0546417236328125
0.0599021911621094 0.0317649841308594 -0.202056884765625 0.091400146484375
0.0547752380371094 0.0405158996582031 -0.139335632324219 0.108535766601562
0.0145721435546875 0.0482826232910156 -0.101982116699219 0.105445861816406
-0.00660324096679687 0.0554695129394531 -0.0379104614257813 0.1326904296875
-0.027099609375 0.0705490112304688 -0.0110015869140625 0.179672241210938
-0.0893096923828125 0.0606231689453125 -0.02716064453125 0.227584838867188
-0.137672424316406 0.024322509765625 0.025726318359375 0.305023193359375
-0.183639526367187 -0.0582275390625 0.02545166015625 0.26702880859375
-0.1131591796875 -0.147369384765625 -0.266754150390625 0.31439208984375
-0.053497314453125 0.00255584716796876 -0.0807876586914063 0.0966262817382813
0.00537681579589844 0.0246181488037109 -0.0672454833984375 -0.122230529785156
0.0495109558105469 0.00534820556640625 -0.1488037109375 -0.18194580078125
0.0256557464599609 -0.0294704437255859 -0.211395263671875 -0.168701171875
-0.00351715087890625 -0.0221195220947266 -0.297515869140625 -0.084320068359375
-0.0210037231445313 0.0206394195556641 -0.28399658203125 0.0487060546875
-0.0302505493164063 0.0416412353515625 -0.205764770507813 0.079010009765625
-0.0364913940429688 0.0704498291015625 -0.142349243164063 0.0996551513671875
-0.0757904052734375 0.05657958984375 -0.0905838012695313 0.0993728637695313
-0.109298706054688 0.027618408203125 -0.0257720947265625 0.1280517578125
-0.12567138671875 0.000762939453124982 -0.0195770263671875 0.183746337890625
-0.124496459960937 -0.0763168334960937 -0.0536956787109375 0.207687377929687
-0.133125305175781 -0.110969543457031 -0.0134124755859375 0.260833740234375
-0.137313842773438 -0.201568603515625 -0.00816345214843751 0.206787109375
-0.023223876953125 -0.262985229492188 -0.287750244140625 0.235809326171875
0.00844573974609375 -0.121345520019531 -0.100021362304688 0.034393310546875
0.00897979736328125 -0.120765686035156 -0.087677001953125 -0.172927856445313
0.0048065185546875 -0.0982666015625 -0.174972534179688 -0.20147705078125
-0.0420074462890625 -0.106513977050781 -0.2161865234375 -0.167694091796875
-0.0880203247070313 -0.0516891479492187 -0.283447265625 -0.0732421875
-0.106941223144531 0.0261688232421875 -0.25885009765625 0.0404052734375
-0.116325378417969 0.0456314086914062 -0.17919921875 0.0547332763671875
-0.120567321777344 0.0911407470703125 -0.115951538085938 0.0737533569335938
-0.149185180664063 0.0586090087890625 -0.0529937744140625 0.0800323486328125
-0.19000244140625 0.00494384765625 0.00585174560546874 0.115562438964844
-0.202713012695312 -0.0510406494140625 -0.01171875 0.183914184570313
-0.152389526367188 -0.185867309570312 -0.073089599609375 0.190353393554688
-0.120010375976562 -0.220138549804688 -0.060211181640625 0.20135498046875
-0.076934814453125 -0.312957763671875 -0.030487060546875 0.106765747070313
0.066253662109375 -0.342559814453125 -0.273818969726563 0.125762939453125
0.07073974609375 -0.235641479492188 -0.0965805053710937 -0.0504913330078125
0.00227355957031252 -0.265640258789063 -0.09423828125 -0.22564697265625
-0.05816650390625 -0.196868896484375 -0.181869506835937 -0.218475341796875
-0.119415283203125 -0.167495727539063 -0.201583862304688 -0.1605224609375
-0.167953491210938 -0.0687255859375 -0.2388916015625 -0.058685302734375
-0.179122924804688 0.03265380859375 -0.201797485351563 0.0250091552734375
-0.185577392578125 0.04437255859375 -0.125946044921875 0.02130126953125
-0.186492919921875 0.0947723388671875 -0.0670089721679688 0.0369377136230469
-0.198837280273438 0.04510498046875 0.00234603881835936 0.054962158203125
-0.23785400390625 -0.024688720703125 0.0464019775390625 0.0996780395507813
-0.241943359375 -0.096282958984375 0.003875732421875 0.177871704101563
-0.1513671875 -0.265304565429687 -0.08685302734375 0.172027587890625
-0.08160400390625 -0.295440673828125 -0.105438232421875 0.131309509277344
0.00070190429687499 -0.37518310546875 -0.0368614196777344 -0.0142440795898438
0.139251708984375 -0.36700439453125 -0.233963012695313 -0.00143432617187501
0.1199951171875 -0.309906005859375 -0.0839996337890625 -0.147445678710938
-0.0059814453125 -0.366943359375 -0.087554931640625 -0.265457153320313
-0.11260986328125 -0.263656616210938 -0.164352416992188 -0.224716186523438
-0.180953979492188 -0.200149536132813 -0.157958984375 -0.149627685546875
-0.223220825195313 -0.07037353515625 -0.165328979492188 -0.0503082275390625
-0.22296142578125 0.0359039306640625 -0.119827270507813 -0.000778198242187494
-0.226364135742188 0.0368499755859375 -0.0546188354492188 -0.0141563415527344
-0.227035522460938 0.0818634033203126 0.000374734401702867 0.000799357891082769
-0.220062255859375 0.0161285400390625 0.0681991577148437 0.0364303588867188
-0.248764038085938 -0.06329345703125 0.0887069702148437 0.09002685546875
-0.239913940429688 -0.1424560546875 0.0205230712890625 0.168670654296875
-0.1136474609375 -0.316619873046875 -0.091156005859375 0.149505615234375
-0.017242431640625 -0.3328857421875 -0.134307861328125 0.0561141967773437
0.0865478515625 -0.383331298828125 -0.0197601318359375 -0.138214111328125
0.1834716796875 -0.33111572265625 -0.180694580078125 -0.1229248046875
0.1480712890625 -0.321868896484375 -0.0715789794921875 -0.23614501953125
-0.00747680664062496 -0.392303466796875 -0.0771636962890625 -0.280868530273438
-0.13836669921875 -0.2755126953125 -0.126388549804688 -0.214889526367188
-0.20269775390625 -0.196197509765625 -0.0954513549804688 -0.135513305664063
-0.2353515625 -0.0614471435546875 -0.0759429931640625 -0.0531082153320313
-0.228836059570313 0.03582763671875 -0.0300655364990235 -0.0340003967285156
-0.232650756835938 0.0256500244140625 0.0228958129882812 -0.0471305847167969
-0.235183715820312 0.0565032958984375 0.0772323608398437 -0.026214599609375
-0.213668823242188 -0.0181884765625 0.137161254882813 0.0328216552734375
-0.227096557617187 -0.100570678710938 0.129600524902344 0.09454345703125
-0.202789306640625 -0.1776123046875 0.03753662109375 0.160247802734375
-0.0517578125 -0.33514404296875 -0.0834732055664063 0.122474670410156
0.061279296875 -0.33258056640625 -0.133415222167969 -0.0178375244140625
0.165252685546875 -0.340179443359375 0.0234832763671875 -0.247085571289063
0.196243286132812 -0.238250732421875 -0.1273193359375 -0.215957641601563
0.154510498046875 -0.268264770507813 -0.063079833984375 -0.29779052734375
0.000854492187499965 -0.335662841796875 -0.061767578125 -0.270126342773438
-0.122573852539063 -0.228622436523438 -0.0771331787109375 -0.198379516601563
-0.168701171875 -0.159149169921875 -0.0304794311523438 -0.122077941894531
-0.199798583984375 -0.0501251220703125 0.00588607788085936 -0.0656852722167969
-0.196395874023438 0.0257415771484375 0.0507621765136719 -0.0699844360351563
-0.202957153320312 0.0117950439453125 0.0952301025390625 -0.0719375610351563
-0.210922241210938 0.029022216796875 0.154159545898438 -0.04052734375
-0.182479858398437 -0.0394439697265625 0.201812744140625 0.0457305908203125
-0.183517456054687 -0.114517211914063 0.164276123046875 0.112060546875
-0.150131225585938 -0.183151245117188 0.056396484375 0.153488159179687
0.008209228515625 -0.311248779296875 -0.0573196411132812 0.095489501953125
0.126983642578125 -0.2896728515625 -0.0946731567382813 -0.0792388916015625
0.2176513671875 -0.25079345703125 0.09442138671875 -0.32427978515625
0.187088012695312 -0.102005004882813 -0.07806396484375 -0.263565063476563
0.146224975585938 -0.161361694335938 -0.051513671875 -0.320404052734375
0.0287933349609375 -0.214340209960937 -0.0338287353515625 -0.243209838867188
-0.0637664794921875 -0.14300537109375 -0.0287322998046875 -0.185653686523438
-0.0885772705078125 -0.106040954589844 0.0174713134765625 -0.116569519042969
-0.123321533203125 -0.0467529296875 0.06268310546875 -0.0827407836914063
-0.133033752441406 0.00301361083984373 0.109695434570313 -0.098297119140625
-0.14288330078125 -0.00321960449218747 0.151885986328125 -0.0865020751953125
-0.15753173828125 0.00758361816406253 0.2188720703125 -0.0436248779296875
-0.132484436035156 -0.0364837646484375 0.251693725585938 0.0663299560546875
-0.132514953613281 -0.0940017700195313 0.189498901367188 0.132766723632813
-0.10308837890625 -0.148727416992188 0.0800933837890625 0.150772094726563
0.0376129150390625 -0.247894287109375 -0.0145339965820312 0.080535888671875
0.157821655273438 -0.211990356445313 -0.0290374755859375 -0.113693237304688
0.227737426757812 -0.131118774414063 0.180267333984375 -0.358489990234375
-0.175857543945313 0.00724792480468747 -0.171783447265625 0.3624267578125
-0.0820846557617187 0.117996215820313 -0.02056884765625 0.125961303710938
0.0141448974609375 0.139007568359375 -0.0347976684570313 -0.0862274169921875
0.0839691162109375 0.0803756713867188 -0.12518310546875 -0.157821655273437
0.0776901245117188 0.0337066650390625 -0.205764770507812 -0.14434814453125
0.0680618286132813 0.00235366821289063 -0.290008544921875 -0.05792236328125
0.0584373474121094 0.0073394775390625 -0.263641357421875 0.078216552734375
0.0575485229492188 0.0247039794921875 -0.187911987304688 0.107650756835937
0.0535964965820313 0.0334358215332031 -0.125862121582031 0.120315551757813
0.014892578125 0.0442276000976563 -0.0908737182617188 0.114654541015625
-0.00327682495117187 0.0506248474121094 -0.0257110595703125 0.134605407714844
-0.0182418823242188 0.0670967102050781 0.00311279296874998 0.179000854492188
-0.0765609741210938 0.0654373168945313 -0.0102691650390625 0.227310180664062
-0.126358032226562 0.035430908203125 0.048492431640625 0.296783447265625
-0.178298950195313 -0.0367279052734375 0.0437774658203125 0.261627197265625
-0.116256713867187 -0.129562377929688 -0.225250244140625 0.327392578125
-0.0452880859375 0.0042877197265625 -0.0661468505859375 0.098663330078125
0.0107622146606445 0.0173892974853516 -0.0728836059570313 -0.114601135253906
0.0493011474609375 -0.00598526000976563 -0.157257080078125 -0.165618896484375
0.0192680358886719 -0.0355987548828125 -0.217254638671875 -0.148101806640625
-0.0103397369384766 -0.0228843688964844 -0.2972412109375 -0.0570678710937499
-0.0240974426269531 0.0214729309082031 -0.270782470703125 0.0731658935546875
-0.0296707153320312 0.0420036315917969 -0.19189453125 0.0966339111328125
-0.032318115234375 0.0706787109375 -0.127784729003906 0.112907409667969
-0.0716400146484375 0.0595855712890625 -0.0799713134765625 0.1083984375
-0.105567932128906 0.0325851440429687 -0.0138473510742187 0.129287719726563
-0.120323181152344 0.00801086425781248 -0.00291442871093751 0.183975219726562
-0.123779296875 -0.0654678344726563 -0.0371246337890625 0.211029052734375
-0.1341552734375 -0.0962982177734375 0.00823974609374997 0.258209228515625
-0.146484375 -0.18145751953125 0.00828552246093749 0.207244873046875
-0.0405426025390625 -0.251937866210938 -0.250686645507812 0.253631591796875
0.00411224365234376 -0.121490478515625 -0.0869369506835938 0.0406646728515625
0.00110626220703125 -0.123374938964844 -0.096923828125 -0.159896850585938
-0.00326538085937501 -0.102302551269531 -0.182846069335938 -0.181915283203125
-0.0525588989257813 -0.10321044921875 -0.221466064453125 -0.146621704101563
-0.0942916870117188 -0.044525146484375 -0.279983520507813 -0.0476074218750001
-0.105964660644531 0.0336227416992188 -0.24627685546875 0.062835693359375
-0.112625122070313 0.0548477172851562 -0.167037963867187 0.0704498291015625
-0.111000061035156 0.09857177734375 -0.1036376953125 0.0846633911132812
-0.142333984375 0.0688018798828125 -0.0432968139648438 0.0862274169921875
-0.186386108398438 0.0180816650390625 0.017303466796875 0.114677429199219
-0.201004028320313 -0.034515380859375 0.00663757324218748 0.184539794921875
-0.162185668945313 -0.169906616210938 -0.0555877685546875 0.197052001953125
-0.131591796875 -0.204498291015625 -0.0404510498046875 0.20574951171875
-0.099090576171875 -0.29656982421875 -0.020721435546875 0.1134033203125
0.037078857421875 -0.337677001953125 -0.244430541992188 0.146881103515625
0.0529937744140625 -0.238327026367188 -0.0891876220703125 -0.0406036376953125
-0.0194854736328125 -0.2615966796875 -0.107025146484375 -0.209609985351563
-0.072845458984375 -0.19134521484375 -0.191482543945313 -0.197052001953125
-0.132644653320312 -0.154983520507813 -0.205291748046875 -0.140274047851563
-0.17181396484375 -0.0534820556640625 -0.233123779296875 -0.0372161865234375
-0.17352294921875 0.04595947265625 -0.18988037109375 0.0427703857421875
-0.179946899414062 0.059356689453125 -0.118598937988281 0.0338897705078125
-0.174057006835937 0.10888671875 -0.0586662292480469 0.044219970703125
-0.190963745117188 0.059844970703125 0.00897979736328124 0.0560455322265625
-0.234588623046875 -0.00521850585937496 0.0557861328125 0.095703125
-0.244049072265625 -0.07403564453125 0.0225982666015625 0.177642822265625
-0.169830322265625 -0.247879028320313 -0.0692901611328125 0.180450439453125
-0.10186767578125 -0.28179931640625 -0.0894775390625 0.14288330078125
-0.0306396484375 -0.36541748046875 -0.0370712280273438 -0.00372695922851565
0.103668212890625 -0.369903564453125 -0.21575927734375 0.0195770263671875
0.092315673828125 -0.31414794921875 -0.0845565795898438 -0.136123657226563
-0.03863525390625 -0.357818603515625 -0.105010986328125 -0.247726440429688
-0.132293701171875 -0.248916625976563 -0.174163818359375 -0.203842163085938
-0.195358276367188 -0.179107666015625 -0.162506103515625 -0.133102416992188
-0.22369384765625 -0.0497589111328125 -0.159194946289063 -0.0360870361328125
-0.214096069335937 0.054046630859375 -0.112648010253906 0.010345458984375
-0.21832275390625 0.0571746826171875 -0.0521583557128906 -0.00730133056640624
-0.212631225585938 0.099822998046875 0.0034053325653076 0.00177526473999024
-0.213455200195313 0.033538818359375 0.0722122192382812 0.0314407348632813
-0.247390747070313 -0.040863037109375 0.0971908569335937 0.082794189453125
-0.24560546875 -0.118316650390625 0.037994384765625 0.16693115234375
-0.139007568359375 -0.300628662109375 -0.0745086669921875 0.158615112304688
-0.044281005859375 -0.323822021484375 -0.12396240234375 0.07275390625
0.0504150390625 -0.38311767578125 -0.0315399169921875 -0.126068115234375
0.14666748046875 -0.339385986328125 -0.174407958984375 -0.103302001953125
0.11602783203125 -0.328582763671875 -0.080596923828125 -0.222747802734375
-0.044921875 -0.3802490234375 -0.095611572265625 -0.26397705078125
-0.158645629882812 -0.255020141601563 -0.136627197265625 -0.198074340820313
-0.215347290039063 -0.170989990234375 -0.100967407226563 -0.1239013671875
-0.233840942382812 -0.03851318359375 -0.0728225708007813 -0.0466690063476562
-0.218032836914063 0.054443359375 -0.0281085968017578 -0.0306205749511719
-0.2235107421875 0.0470123291015625 0.0198631286621094 -0.0460128784179688
-0.22222900390625 0.076629638671875 0.0756454467773437 -0.03216552734375
-0.209503173828125 0.00022888183593753 0.140548706054688 0.0206298828125
-0.22869873046875 -0.0776214599609375 0.13836669921875 0.0832061767578125
-0.212448120117188 -0.15362548828125 0.0547332763671875 0.156417846679688
-0.0819091796875 -0.321746826171875 -0.0694046020507813 0.131027221679687
0.029266357421875 -0.329010009765625 -0.129417419433594 0.000320434570312482
0.129913330078125 -0.348480224609375 0.00146484374999998 -0.235794067382813
0.165634155273438 -0.250930786132813 -0.133041381835938 -0.19940185546875
0.123138427734375 -0.275863647460938 -0.079315185546875 -0.284149169921875
-0.032806396484375 -0.32464599609375 -0.0799713134765625 -0.254959106445313
-0.139984130859375 -0.209060668945313 -0.0889739990234375 -0.186447143554687
-0.179061889648437 -0.13677978515625 -0.0374069213867188 -0.117301940917969
-0.196533203125 -0.0294952392578125 0.00552749633789062 -0.06622314453125
-0.186019897460938 0.0420684814453125 0.0469589233398437 -0.0735397338867187
-0.194625854492188 0.0308837890625 0.0870437622070312 -0.0775985717773438
-0.199066162109375 0.047882080078125 0.148590087890625 -0.0528564453125
-0.179367065429688 -0.022369384765625 0.203994750976563 0.0265960693359375
-0.185409545898438 -0.093780517578125 0.1727294921875 0.096832275390625
-0.160751342773438 -0.16217041015625 0.070648193359375 0.148651123046875
-0.022796630859375 -0.30242919921875 -0.0472335815429688 0.102218627929687
0.095794677734375 -0.291961669921875 -0.0990066528320313 -0.0633773803710938
0.18646240234375 -0.266265869140625 0.06280517578125 -0.317962646484375
0.166778564453125 -0.118087768554688 -0.0913696289062499 -0.251785278320313
0.123291015625 -0.170516967773437 -0.07159423828125 -0.30712890625
0.0042266845703125 -0.208389282226562 -0.0516510009765625 -0.23309326171875
-0.0750045776367188 -0.128890991210938 -0.0422515869140625 -0.178955078125
-0.095550537109375 -0.091888427734375 0.00896453857421875 -0.115760803222656
-0.121299743652344 -0.0324859619140625 0.056915283203125 -0.0871353149414063
-0.124740600585937 0.0147705078125 0.100082397460937 -0.106636047363281
-0.136146545410156 0.0109939575195313 0.140556335449219 -0.0970993041992187
-0.148193359375 0.02294921875 0.209991455078125 -0.06207275390625
-0.128593444824219 -0.0234603881835938 0.253204345703125 0.0418701171875
-0.133369445800781 -0.0770721435546875 0.198089599609375 0.1153564453125
-0.111968994140625 -0.131889343261719 0.092254638671875 0.144241333007813
0.011199951171875 -0.24114990234375 -0.00790405273437499 0.0829086303710937
0.13018798828125 -0.217941284179688 -0.03955078125 -0.102386474609375
0.205520629882813 -0.149978637695313 0.140594482421875 -0.359222412109375
-0.163528442382812 0.02069091796875 -0.142181396484375 0.36065673828125
-0.0683822631835938 0.117256164550781 -0.0114669799804687 0.121330261230469
0.0247573852539062 0.128715515136719 -0.0365142822265625 -0.0843963623046875
0.0859756469726563 0.0667266845703125 -0.130401611328125 -0.147262573242187
0.0747222900390625 0.0239791870117187 -0.208572387695313 -0.13043212890625
0.0615043640136719 -0.00245285034179688 -0.287261962890625 -0.0383605957031249
0.0528793334960938 0.00392913818359375 -0.251113891601563 0.094818115234375
0.0540618896484375 0.0200271606445313 -0.175445556640625 0.117950439453125
0.0510520935058594 0.0284347534179688 -0.114547729492187 0.127494812011719
0.014678955078125 0.0410919189453125 -0.0827713012695312 0.120254516601563
-0.00255966186523438 0.0471534729003906 -0.0175247192382813 0.134284973144531
-0.0125694274902344 0.0621566772460938 0.01361083984375 0.176513671875
-0.0664825439453125 0.0660362243652344 0.000335693359375021 0.2255859375
-0.116355895996094 0.0416793823242187 0.06317138671875 0.28765869140625
-0.171371459960938 -0.0207672119140625 0.055206298828125 0.25689697265625
-0.114341735839844 -0.116378784179688 -0.194061279296875 0.330291748046875
-0.0393028259277344 0.00367355346679687 -0.0546112060546875 0.0979461669921875
0.0140476226806641 0.0103254318237305 -0.07537841796875 -0.107208251953125
0.0475196838378906 -0.0153045654296875 -0.160430908203125 -0.152923583984375
0.0137367248535156 -0.0397911071777344 -0.219329833984375 -0.133651733398438
-0.0160694122314453 -0.0225372314453125 -0.2930908203125 -0.03790283203125
-0.0258827209472656 0.0227165222167969 -0.257858276367188 0.0897216796875
-0.0301170349121094 0.0427665710449219 -0.17889404296875 0.107757568359375
-0.0296859741210937 0.0703659057617188 -0.115180969238281 0.120071411132813
-0.0687294006347656 0.0613212585449219 -0.070892333984375 0.113304138183594
-0.103225708007812 0.0356216430664063 -0.0048980712890625 0.129035949707031
-0.1163330078125 0.0121612548828125 0.00932312011718748 0.183273315429687
-0.121231079101563 -0.058563232421875 -0.024749755859375 0.212326049804688
-0.131858825683594 -0.086822509765625 0.0233306884765625 0.254043579101562
-0.150344848632813 -0.165420532226563 0.0191192626953125 0.206924438476563
-0.0495758056640625 -0.240188598632813 -0.219100952148437 0.26141357421875
0.0013580322265625 -0.121543884277344 -0.0764999389648438 0.0435104370117187
-0.00497436523437501 -0.125213623046875 -0.10113525390625 -0.149398803710938
-0.00984191894531249 -0.105239868164062 -0.18597412109375 -0.166976928710938
-0.0606689453125 -0.101020812988281 -0.2215576171875 -0.131072998046875
-0.0984344482421875 -0.0386505126953125 -0.273345947265625 -0.03070068359375
-0.104324340820313 0.0398483276367187 -0.232589721679687 0.0774993896484375
-0.110374450683594 0.0610427856445313 -0.156387329101562 0.0810546875
-0.104263305664062 0.103004455566406 -0.0925827026367188 0.0913772583007813
-0.137504577636719 0.0743637084960938 -0.0352554321289062 0.08929443359375
-0.182327270507813 0.0272369384765625 0.02532958984375 0.113388061523437
-0.197021484375 -0.0232391357421875 0.0195770263671875 0.1829833984375
-0.166641235351563 -0.157501220703125 -0.0425872802734375 0.199996948242188
-0.136825561523437 -0.192031860351563 -0.02557373046875 0.207061767578125
-0.112060546875 -0.281890869140625 -0.0133819580078125 0.117950439453125
0.017608642578125 -0.3302001953125 -0.218307495117187 0.157196044921875
0.0412445068359375 -0.238067626953125 -0.0820770263671875 -0.035614013671875
-0.03515625 -0.256759643554688 -0.114410400390625 -0.19573974609375
-0.082061767578125 -0.185516357421875 -0.193588256835938 -0.180694580078125
-0.14117431640625 -0.14483642578125 -0.205276489257813 -0.126541137695313
-0.173110961914063 -0.0424652099609375 -0.225753784179687 -0.02349853515625
-0.168106079101563 0.0556640625 -0.178695678710937 0.0540008544921875
-0.173843383789062 0.07073974609375 -0.110511779785156 0.0420989990234375
-0.164199829101563 0.116790771484375 -0.0513038635253906 0.0486831665039063
-0.1842041015625 0.0690155029296875 0.0149917602539062 0.0565681457519531
-0.230422973632813 0.00804138183593754 0.06280517578125 0.0920257568359375
-0.24188232421875 -0.058624267578125 0.0355682373046875 0.175430297851562
-0.180740356445313 -0.2330322265625 -0.0561981201171875 0.18499755859375
-0.114486694335938 -0.26934814453125 -0.07647705078125 0.14971923828125
-0.051055908203125 -0.355865478515625 -0.0352439880371094 0.00537872314453123
0.078582763671875 -0.366241455078125 -0.197265625 0.0314483642578125
0.072357177734375 -0.314422607421875 -0.082733154296875 -0.127578735351563
-0.060791015625 -0.34674072265625 -0.113983154296875 -0.23162841796875
-0.14404296875 -0.235580444335937 -0.177703857421875 -0.187225341796875
-0.202545166015625 -0.162628173828125 -0.1619873046875 -0.120437622070313
-0.221832275390625 -0.0351715087890625 -0.152755737304687 -0.0273895263671875
-0.20562744140625 0.0657958984375 -0.104690551757813 0.0169296264648437
-0.210861206054688 0.0706634521484375 -0.0488433837890625 -0.00248336791992186
-0.20037841796875 0.11163330078125 0.0067310333251953 0.00310897827148438
-0.206924438476562 0.044586181640625 0.075775146484375 0.0272216796875
-0.244140625 -0.024932861328125 0.103126525878906 0.077056884765625
-0.246551513671875 -0.100372314453125 0.0509185791015625 0.16424560546875
-0.155853271484375 -0.285797119140625 -0.062347412109375 0.163375854492188
-0.06292724609375 -0.313232421875 -0.113716125488281 0.0836181640625
0.02398681640625 -0.37841796875 -0.0373077392578125 -0.114181518554688
0.119293212890625 -0.33978271484375 -0.16583251953125 -0.0912628173828125
0.0916748046875 -0.32989501953125 -0.083984375 -0.212905883789063
-0.070587158203125 -0.366180419921875 -0.1053466796875 -0.247314453125
-0.170211791992188 -0.237548828125 -0.141326904296875 -0.183578491210937
-0.22100830078125 -0.151885986328125 -0.102386474609375 -0.115203857421875
-0.229782104492188 -0.02301025390625 -0.0687828063964844 -0.04315185546875
-0.208343505859375 0.066497802734375 -0.0255088806152344 -0.0292148590087891
-0.21484375 0.0612945556640625 0.018585205078125 -0.04510498046875
-0.209579467773438 0.0892333984375 0.0739898681640625 -0.0351409912109375
-0.203521728515625 0.0129852294921875 0.141220092773438 0.01129150390625
-0.227371215820312 -0.0615386962890625 0.14276123046875 0.0746002197265625
-0.21612548828125 -0.134796142578125 0.065887451171875 0.15289306640625
-0.102935791015625 -0.308990478515625 -0.0585403442382813 0.136161804199219
0.00759887695312497 -0.32269287109375 -0.123809814453125 0.0131988525390625
0.102020263671875 -0.34967041015625 -0.012786865234375 -0.223724365234375
0.140731811523438 -0.25628662109375 -0.132064819335938 -0.18792724609375
0.100204467773437 -0.277740478515625 -0.0875244140625 -0.271759033203125
-0.0565185546875 -0.311737060546875 -0.089324951171875 -0.240997314453125
-0.148971557617188 -0.191192626953125 -0.0949859619140625 -0.17608642578125
-0.183197021484375 -0.119537353515625 -0.0412826538085938 -0.112693786621094
-0.19171142578125 -0.0152740478515625 0.00593185424804686 -0.0669937133789063
-0.175811767578125 0.0525054931640625 0.0431137084960938 -0.07598876953125
-0.186309814453125 0.0441741943359375 0.08087158203125 -0.0801162719726563
-0.188125610351563 0.0599822998046875 0.142669677734375 -0.0610504150390625
-0.173782348632813 -0.0111846923828125 0.203262329101563 0.012908935546875
-0.18426513671875 -0.0786590576171875 0.177001953125 0.0859375
-0.165557861328125 -0.14508056640625 0.0806884765625 0.14434814453125
-0.0445556640625 -0.290985107421875 -0.039276123046875 0.10614013671875
0.0721435546875 -0.290008544921875 -0.09881591796875 -0.0504989624023438
0.161590576171875 -0.273544311523438 0.04022216796875 -0.307525634765625
0.149185180664063 -0.126022338867188 -0.097503662109375 -0.242218017578125
0.105209350585937 -0.174301147460938 -0.08258056640625 -0.2960205078125
-0.0131683349609375 -0.2000732421875 -0.0608978271484375 -0.224044799804688
-0.0807418823242187 -0.117713928222656 -0.049560546875 -0.17291259765625
-0.0984344482421875 -0.0806961059570313 0.002838134765625 -0.114234924316406
-0.1180419921875 -0.0220413208007813 0.0536956787109375 -0.0908737182617188
-0.11737060546875 0.0231094360351562 0.0913619995117188 -0.111587524414063
-0.128715515136719 0.0204315185546875 0.130218505859375 -0.102737426757813
-0.13897705078125 0.032196044921875 0.20050048828125 -0.0742034912109375
-0.123451232910156 -0.0147247314453125 0.251937866210938 0.0245819091796875
-0.130767822265625 -0.0647964477539063 0.202560424804688 0.102020263671875
-0.114601135253906 -0.117500305175781 0.0998687744140625 0.137985229492188
-0.00761413574218752 -0.232040405273438 -0.00360870361328124 0.0851516723632812
0.108367919921875 -0.218948364257813 -0.0455245971679687 -0.0927505493164063
0.186248779296875 -0.160415649414063 0.11187744140625 -0.353424072265625
-0.153152465820313 0.0302276611328125 -0.120849609375 0.361602783203125
-0.0582275390625 0.1163330078125 -0.00476074218750001 0.118659973144531
0.0309524536132812 0.120811462402344 -0.037933349609375 -0.0843124389648437
0.087127685546875 0.0559616088867187 -0.133880615234375 -0.14215087890625
0.0719070434570313 0.0170059204101563 -0.212493896484375 -0.12225341796875
0.0557365417480469 -0.00497055053710938 -0.28814697265625 -0.024444580078125
0.0491142272949219 0.00274276733398438 -0.24310302734375 0.10675048828125
0.0518608093261719 0.0172042846679687 -0.166976928710938 0.126846313476562
0.0492935180664063 0.0251808166503906 -0.106391906738281 0.1339111328125
0.0135536193847656 0.038787841796875 -0.0773696899414063 0.126319885253906
-0.00208282470703125 0.0440292358398438 -0.0111770629882813 0.135658264160156
-0.0092315673828125 0.0584678649902344 0.0210723876953125 0.176803588867188
-0.0588035583496094 0.0657501220703125 0.00924682617187499 0.226028442382812
-0.109153747558594 0.0448226928710938 0.07421875 0.283203125
-0.16583251953125 -0.00930786132812498 0.06378173828125 0.256317138671875
-0.111480712890625 -0.108116149902344 -0.17083740234375 0.333984375
-0.0341758728027344 0.00216293334960938 -0.0466766357421875 0.097381591796875
0.0152368545532227 0.00384330749511719 -0.0763092041015625 -0.104530334472656
0.0442733764648438 -0.0240478515625 -0.162841796875 -0.145599365234375
0.00801467895507812 -0.0432281494140625 -0.221939086914063 -0.125198364257812
-0.0215415954589844 -0.0222244262695313 -0.291748046875 -0.02459716796875
-0.028594970703125 0.0245647430419922 -0.248687744140625 0.102371215820313
-0.0297966003417969 0.0447235107421875 -0.170364379882813 0.117263793945313
-0.0290374755859375 0.0710220336914063 -0.106613159179687 0.126945495605469
-0.0679054260253906 0.0629005432128906 -0.0641632080078125 0.119171142578125
-0.1024169921875 0.0387649536132813 0.001434326171875 0.130088806152344
-0.113639831542969 0.014556884765625 0.018524169921875 0.1842041015625
-0.120941162109375 -0.0548629760742187 -0.0159912109375 0.215896606445313
-0.130714416503906 -0.0809326171875 0.0355682373046875 0.252975463867188
-0.153030395507812 -0.155014038085938 0.027984619140625 0.209014892578125
-0.0550994873046875 -0.23388671875 -0.196792602539062 0.267547607421875
7.62939453125005E-05 -0.124000549316406 -0.0683174133300781 0.0450363159179687
-0.01019287109375 -0.129043579101563 -0.103668212890625 -0.14300537109375
-0.0152816772460938 -0.108871459960938 -0.188278198242188 -0.15753173828125
-0.0674896240234375 -0.0996322631835938 -0.223541259765625 -0.122772216796875
-0.102813720703125 -0.034637451171875 -0.270462036132813 -0.01861572265625
-0.10430908203125 0.044891357421875 -0.22344970703125 0.08892822265625
-0.108894348144531 0.0674591064453125 -0.147979736328125 0.0894317626953125
-0.100250244140625 0.107009887695313 -0.084564208984375 0.0969314575195313
-0.134963989257812 0.0791702270507812 -0.0294036865234375 0.0930862426757813
-0.180801391601563 0.034637451171875 0.0318756103515625 0.112983703613281
-0.195953369140625 -0.015106201171875 0.0308074951171875 0.184066772460938
-0.17242431640625 -0.1502685546875 -0.0329132080078125 0.205337524414062
-0.141998291015625 -0.184890747070313 -0.013946533203125 0.2098388671875
-0.121551513671875 -0.273422241210938 -0.00745391845703127 0.123252868652344
0.00607299804687497 -0.327056884765625 -0.19842529296875 0.16363525390625
0.0320587158203125 -0.2415771484375 -0.075775146484375 -0.033111572265625
-0.04693603515625 -0.255996704101563 -0.118118286132812 -0.1859130859375
-0.0914764404296875 -0.183975219726563 -0.196533203125 -0.169891357421875
-0.149429321289063 -0.138412475585938 -0.20611572265625 -0.117828369140625
-0.176025390625 -0.03533935546875 -0.221282958984375 -0.014892578125
-0.1654052734375 0.0631103515625 -0.169876098632813 0.0624237060546875
-0.17022705078125 0.080596923828125 -0.104408264160156 0.0483856201171875
-0.1571044921875 0.124496459960938 -0.0453033447265625 0.0520172119140625
-0.181381225585938 0.0764923095703125 0.0195846557617187 0.0568695068359375
-0.229278564453125 0.018463134765625 0.068328857421875 0.0902862548828125
-0.242584228515625 -0.0478363037109375 0.0468292236328125 0.17620849609375
-0.191650390625 -0.224044799804687 -0.045806884765625 0.191299438476563
-0.124282836914063 -0.2626953125 -0.06622314453125 0.155685424804688
-0.0672607421875 -0.351165771484375 -0.0339107513427734 0.0129013061523437
0.06024169921875 -0.366058349609375 -0.1832275390625 0.038299560546875
0.057830810546875 -0.3182373046875 -0.0795669555664063 -0.124038696289063
-0.0780029296875 -0.34222412109375 -0.119354248046875 -0.221176147460937
-0.153549194335938 -0.227996826171875 -0.181228637695313 -0.177047729492188
-0.210586547851563 -0.151153564453125 -0.163558959960937 -0.113433837890625
-0.22296142578125 -0.0251617431640625 -0.148193359375 -0.0225372314453125
-0.200592041015625 0.0753021240234375 -0.0985183715820313 0.0214080810546875
-0.20562744140625 0.0825042724609375 -0.046112060546875 0.0011749267578125
-0.192855834960938 0.121017456054687 0.00899505615234374 0.00379943847656251
-0.204299926757813 0.0544281005859375 0.078216552734375 0.024139404296875
-0.244186401367188 -0.0130462646484374 0.107719421386719 0.0733718872070313
-0.248245239257812 -0.0872039794921875 0.0620574951171875 0.163955688476563
-0.170333862304688 -0.27630615234375 -0.0524749755859375 0.169677734375
-0.07635498046875 -0.30853271484375 -0.106071472167969 0.0922317504882812
0.00485229492187502 -0.377777099609375 -0.0419464111328125 -0.105506896972656
0.0999145507812499 -0.342559814453125 -0.158279418945313 -0.08453369140625
0.07421875 -0.332855224609375 -0.08563232421875 -0.208236694335938
-0.0894775390625 -0.35858154296875 -0.1121826171875 -0.237457275390625
-0.180435180664062 -0.226608276367188 -0.1451416015625 -0.174530029296875
-0.226959228515625 -0.137466430664063 -0.104766845703125 -0.110267639160156
-0.227920532226563 -0.01123046875 -0.0656967163085938 -0.04248046875
-0.201141357421875 0.07568359375 -0.0234203338623047 -0.0289516448974609
-0.2093505859375 0.0735015869140626 0.0177345275878906 -0.0446586608886719
-0.20135498046875 0.0994873046875 0.0735321044921875 -0.0386962890625
-0.201187133789063 0.022308349609375 0.143081665039063 0.003997802734375
-0.227386474609375 -0.04974365234375 0.147781372070312 0.0682373046875
-0.219284057617188 -0.123184204101562 0.0759735107421875 0.152450561523438
-0.118988037109375 -0.301239013671875 -0.0504150390625 0.141845703125
-0.00891113281250003 -0.320068359375 -0.119865417480469 0.0235214233398438
0.080902099609375 -0.353759765625 -0.023284912109375 -0.215057373046875
0.123184204101563 -0.26007080078125 -0.1317138671875 -0.182754516601563
0.0824432373046875 -0.28057861328125 -0.0927886962890625 -0.266952514648438
-0.073638916015625 -0.303558349609375 -0.095611572265625 -0.232452392578125
-0.15643310546875 -0.179656982421875 -0.09869384765625 -0.169692993164063
-0.186874389648438 -0.106521606445313 -0.0441513061523438 -0.110618591308594
-0.18927001953125 -0.00506591796875 0.00636291503906249 -0.0696754455566406
-0.16949462890625 0.0604248046875 0.0413360595703125 -0.0793914794921875
-0.180633544921875 0.0546112060546875 0.077545166015625 -0.0828018188476563
-0.180709838867188 0.0693206787109375 0.138984680175781 -0.06756591796875
-0.17138671875 -0.0033111572265625 0.20361328125 0.0016326904296875
-0.184616088867188 -0.0688934326171875 0.182205200195313 0.0783233642578125
-0.169097900390625 -0.133956909179687 0.0893707275390625 0.142578125
-0.060577392578125 -0.28436279296875 -0.0334091186523438 0.110549926757812
0.054901123046875 -0.289703369140625 -0.0992355346679687 -0.0405426025390625
0.141921997070313 -0.28021240234375 0.024444580078125 -0.301116943359375
0.136795043945313 -0.131889343261719 -0.101882934570313 -0.238357543945313
0.0916290283203125 -0.177383422851562 -0.091766357421875 -0.290374755859375
-0.0257110595703125 -0.194244384765625 -0.0677337646484375 -0.2191162109375
-0.08514404296875 -0.109092712402344 -0.05615234375 -0.169204711914063
-0.101226806640625 -0.0720443725585938 -0.00143432617187499 -0.11468505859375
-0.116310119628906 -0.0145111083984375 0.0517730712890625 -0.0951995849609375
-0.111328125 0.0281600952148437 0.0858078002929688 -0.117042541503906
-0.123992919921875 0.02783203125 0.123291015625 -0.107696533203125
-0.132766723632813 0.0392074584960938 0.194992065429688 -0.0834197998046875
-0.120216369628906 -0.00871276855468752 0.251953125 0.0107421875
-0.129768371582031 -0.056976318359375 0.206893920898437 0.0936737060546875
-0.117332458496094 -0.107620239257813 0.107177734375 0.1348876953125
-0.0209808349609375 -0.225662231445313 8.39233398437507E-05 0.0876388549804687
0.0926666259765625 -0.22027587890625 -0.0504302978515625 -0.0845870971679688
0.171218872070313 -0.169387817382812 0.0924072265625 -0.3505859375
-0.145309448242188 0.0400543212890625 -0.099334716796875 0.36767578125
-0.0494766235351563 0.117973327636719 0.0031585693359375 0.118659973144531
0.0378799438476563 0.115333557128906 -0.041290283203125 -0.0853805541992187
0.088531494140625 0.0461196899414063 -0.14166259765625 -0.138137817382813
0.0702972412109375 0.0104522705078125 -0.22222900390625 -0.115310668945313
0.0521087646484375 -0.00667953491210938 -0.294281005859375 -0.00976562500000002
0.0467033386230469 0.00127410888671875 -0.239089965820312 0.121688842773438
0.0508613586425781 0.01416015625 -0.160980224609375 0.138351440429687
0.0481605529785156 0.022918701171875 -0.09979248046875 0.143341064453125
0.0135383605957031 0.0382537841796875 -0.0717697143554688 0.134605407714844
-0.00240707397460938 0.0426101684570312 -0.00490570068359375 0.139106750488281
-0.00647735595703124 0.0560111999511719 0.0303955078125 0.179092407226563
-0.0527420043945312 0.0662117004394531 0.019622802734375 0.231048583984375
-0.103630065917969 0.0494918823242188 0.088165283203125 0.2833251953125
-0.163116455078125 0.0023040771484375 0.0768585205078125 0.259613037109375
-0.111457824707031 -0.102951049804688 -0.14990234375 0.343963623046875
-0.0307693481445313 0.000347137451171873 -0.0388870239257812 0.099273681640625
0.0159721374511719 -0.00219058990478516 -0.080108642578125 -0.102775573730469
0.0414466857910156 -0.0323867797851563 -0.169754028320313 -0.1397705078125
0.00268173217773437 -0.0467376708984375 -0.230331420898437 -0.118240356445313
-0.0267791748046875 -0.0208549499511719 -0.295867919921875 -0.0100402832031251
-0.0301189422607422 0.0268173217773438 -0.242630004882813 0.117843627929687
-0.0306205749511719 0.0473403930664062 -0.163284301757812 0.12835693359375
-0.0274581909179688 0.073028564453125 -0.0985641479492188 0.135848999023438
-0.0682525634765625 0.0668792724609375 -0.0580978393554688 0.126693725585938
-0.103912353515625 0.0434188842773438 0.00883483886718749 0.133148193359375
-0.114242553710938 0.018310546875 0.0302581787109375 0.187637329101563
-0.123756408691406 -0.0518722534179687 -0.00569152832031251 0.222930908203125
-0.133338928222656 -0.0763778686523437 0.0491180419921875 0.256210327148438
-0.158584594726562 -0.146453857421875 0.03857421875 0.214797973632813
-0.06219482421875 -0.233596801757813 -0.177017211914063 0.277114868164063
-0.0027313232421875 -0.12945556640625 -0.0614128112792969 0.0472793579101562
-0.01715087890625 -0.134239196777344 -0.108390808105469 -0.139167785644531
-0.0233001708984375 -0.114486694335938 -0.195510864257813 -0.149658203125
-0.0764846801757813 -0.0989761352539063 -0.230850219726562 -0.115447998046875
-0.109085083007813 -0.0298385620117187 -0.273422241210938 -0.00595092773437501
-0.105606079101563 0.051025390625 -0.217529296875 0.10198974609375
-0.108283996582031 0.075286865234375 -0.1422119140625 0.099090576171875
-0.0966873168945312 0.114082336425781 -0.078033447265625 0.104728698730469
-0.134208679199219 0.086578369140625 -0.0233688354492188 0.098114013671875
-0.183059692382813 0.0441741943359375 0.0391464233398437 0.114509582519531
-0.199676513671875 -0.00784301757812501 0.04339599609375 0.187759399414063
-0.182403564453125 -0.145233154296875 -0.021942138671875 0.21337890625
-0.150146484375 -0.181182861328125 -0.00131225585937501 0.215728759765625
-0.135345458984375 -0.270156860351563 -6.86645507812465E-05 0.129852294921875
-0.00833129882812497 -0.3311767578125 -0.183242797851563 0.173263549804687
0.0214080810546875 -0.249526977539063 -0.07196044921875 -0.031524658203125
-0.061798095703125 -0.259307861328125 -0.124664306640625 -0.180496215820313
-0.10235595703125 -0.184402465820313 -0.203811645507813 -0.161361694335938
-0.160507202148437 -0.132797241210938 -0.212539672851563 -0.11090087890625
-0.181777954101563 -0.0269012451171875 -0.221969604492188 -0.00541687011718748
-0.165725708007813 0.072601318359375 -0.164154052734375 0.0718231201171875
-0.169021606445313 0.0936431884765625 -0.100181579589844 0.05609130859375
-0.1527099609375 0.134674072265625 -0.0403327941894531 0.0572319030761719
-0.181106567382813 0.08642578125 0.0247230529785156 0.0578460693359375
-0.232803344726563 0.0308685302734375 0.0753707885742187 0.0891799926757812
-0.248184204101563 -0.036407470703125 0.060333251953125 0.179351806640625
-0.20751953125 -0.21759033203125 -0.0355682373046875 0.200439453125
-0.138275146484375 -0.2598876953125 -0.0562744140625 0.164596557617187
-0.08624267578125 -0.352294921875 -0.0326919555664063 0.0201835632324218
0.04254150390625 -0.37298583984375 -0.174240112304688 0.0458984375
0.040679931640625 -0.32781982421875 -0.0802993774414062 -0.122993469238281
-0.098358154296875 -0.34283447265625 -0.127349853515625 -0.214889526367188
-0.16790771484375 -0.223098754882813 -0.187973022460938 -0.168746948242187
-0.222274780273437 -0.141387939453125 -0.169143676757813 -0.10821533203125
-0.22735595703125 -0.0135650634765625 -0.147659301757813 -0.01788330078125
-0.198944091796875 0.0865020751953125 -0.0942764282226563 0.0255661010742188
-0.203933715820313 0.097015380859375 -0.0433883666992188 0.00494003295898439
-0.187713623046875 0.13311767578125 0.0115289688110351 0.00484752655029298
-0.204376220703125 0.06475830078125 0.0824661254882813 0.02069091796875
-0.247817993164063 -0.000122070312499951 0.115150451660156 0.0695419311523438
-0.255752563476563 -0.0749816894531249 0.0751953125 0.166000366210938
-0.190032958984375 -0.27142333984375 -0.0434112548828125 0.179214477539062
-0.09423828125 -0.308807373046875 -0.0995330810546875 0.102806091308594
-0.0167236328125 -0.383392333984375 -0.0463790893554688 -0.098785400390625
0.08123779296875 -0.351806640625 -0.155517578125 -0.0803680419921876
0.0546875 -0.34283447265625 -0.0912628173828125 -0.207931518554688
-0.11199951171875 -0.357391357421875 -0.1199951171875 -0.231430053710938
-0.194015502929688 -0.217636108398438 -0.152420043945313 -0.168624877929687
-0.237274169921875 -0.124908447265625 -0.109092712402344 -0.107933044433594
-0.2310791015625 0.000595092773437522 -0.0655708312988281 -0.0424346923828125
-0.19842529296875 0.087066650390625 -0.0220699310302734 -0.0295505523681641
-0.206619262695313 0.0879364013671875 0.0172500610351562 -0.045166015625
-0.19659423828125 0.112106323242188 0.0733413696289062 -0.0422515869140625
-0.20245361328125 0.0326385498046875 0.146743774414062 -0.0034027099609375
-0.23150634765625 -0.0375518798828125 0.155288696289063 0.06268310546875
-0.227401733398438 -0.111648559570312 0.08843994140625 0.15264892578125
-0.14007568359375 -0.296722412109375 -0.04254150390625 0.149978637695312
-0.02703857421875 -0.322174072265625 -0.117355346679687 0.0339813232421875
0.0596923828125 -0.3631591796875 -0.034576416015625 -0.210723876953125
0.1072998046875 -0.269027709960938 -0.135467529296875 -0.1810302734375
0.064910888671875 -0.2890625 -0.1024169921875 -0.266555786132813
-0.09393310546875 -0.30010986328125 -0.104766845703125 -0.22894287109375
-0.16650390625 -0.170654296875 -0.106552124023438 -0.166213989257812
-0.194778442382813 -0.0948944091796875 -0.049072265625 -0.110733032226563
-0.190399169921875 0.00523376464843749 0.00495910644531249 -0.0744705200195313
-0.1649169921875 0.0694427490234375 0.03955078125 -0.0841522216796875
-0.177642822265625 0.066864013671875 0.0737380981445312 -0.0872268676757813
-0.17657470703125 0.080596923828125 0.137405395507813 -0.0759429931640625
-0.1729736328125 0.0052642822265625 0.207427978515625 -0.0106048583984375
-0.188247680664063 -0.0594482421875 0.190521240234375 0.07061767578125
-0.17620849609375 -0.12451171875 0.100662231445313 0.1417236328125
-0.07879638671875 -0.281494140625 -0.027587890625 0.117599487304687
0.037353515625 -0.294677734375 -0.101173400878906 -0.0311737060546875
0.124114990234375 -0.292388916015625 0.00842285156249998 -0.30084228515625
0.126632690429688 -0.140266418457031 -0.111358642578125 -0.239547729492187
0.079010009765625 -0.183563232421875 -0.10394287109375 -0.2901611328125
-0.0395355224609375 -0.19195556640625 -0.0764923095703125 -0.217498779296875
-0.090911865234375 -0.102691650390625 -0.0640716552734375 -0.169235229492188
-0.105438232421875 -0.0640869140625 -0.00695800781250002 -0.116706848144531
-0.116203308105469 -0.00721740722656249 0.0487747192382812 -0.102325439453125
-0.107559204101563 0.03375244140625 0.0810470581054688 -0.124824523925781
-0.121696472167969 0.0355606079101563 0.118301391601562 -0.11505126953125
-0.127616882324219 0.0472335815429687 0.191787719726563 -0.095123291015625
-0.119590759277344 -0.00307464599609375 0.255630493164063 -0.004150390625
-0.131111145019531 -0.049652099609375 0.215850830078125 0.085113525390625
-0.121147155761719 -0.100204467773438 0.116691589355469 0.1337890625
-0.035919189453125 -0.223251342773438 0.0040740966796875 0.0921173095703125
0.0777740478515625 -0.225830078125 -0.055450439453125 -0.0785369873046875
0.158843994140625 -0.180816650390625 0.0720520019531251 -0.353546142578125
-0.13714599609375 0.0503616333007813 -0.071258544921875 0.376739501953125
-0.0391006469726562 0.120071411132813 0.0130767822265625 0.11834716796875
0.0463790893554688 0.109474182128906 -0.0462646484375 -0.0868682861328125
0.0889892578125 0.0353622436523438 -0.152374267578125 -0.132614135742188
0.0687599182128906 0.00378036499023437 -0.234222412109375 -0.103607177734375
0.0491600036621094 -0.00965499877929688 -0.300384521484375 0.011566162109375
0.0451889038085938 -0.0009765625 -0.231582641601563 0.141433715820313
0.0501289367675781 0.0104293823242188 -0.150955200195313 0.152435302734375
0.0481109619140625 0.0192832946777344 -0.0891265869140625 0.154083251953125
0.0137939453125 0.0382614135742188 -0.0636444091796875 0.14569091796875
-0.00130081176757813 0.0425148010253906 0.0045928955078125 0.143402099609375
-0.00340652465820312 0.0540428161621094 0.044586181640625 0.180679321289063
-0.04620361328125 0.0673828125 0.035552978515625 0.235137939453125
-0.098785400390625 0.0553054809570313 0.108184814453125 0.28179931640625
-0.1595458984375 0.0154876708984375 0.0950164794921875 0.261962890625
-0.113365173339844 -0.0971908569335937 -0.121002197265625 0.35516357421875
-0.0277748107910156 -0.00156402587890625 -0.0286483764648438 0.1016845703125
0.0144987106323242 -0.00829124450683594 -0.0858306884765625 -0.0999755859375
0.0363616943359375 -0.0409736633300781 -0.180404663085938 -0.131256103515625
-0.00441741943359375 -0.0496063232421875 -0.242660522460938 -0.105697631835937
-0.0320854187011719 -0.0187473297119141 -0.301513671875 0.0105590820312499
-0.0310096740722656 0.0303001403808594 -0.234603881835937 0.136962890625
-0.0298538208007813 0.0509490966796875 -0.153396606445313 0.14288330078125
-0.02447509765625 0.0760040283203125 -0.08782958984375 0.146408081054688
-0.066619873046875 0.0724029541015625 -0.0490264892578125 0.135902404785156
-0.1044921875 0.0506515502929688 0.0189590454101562 0.136978149414063
-0.115501403808594 0.0239639282226563 0.045745849609375 0.190139770507813
-0.127983093261719 -0.046051025390625 0.0102081298828125 0.229263305664063
-0.137176513671875 -0.0696258544921875 0.068878173828125 0.257858276367188
-0.166976928710938 -0.13568115234375 0.0547637939453125 0.219650268554688
-0.0745849609375 -0.233322143554687 -0.1512451171875 0.28997802734375
-0.00980377197265624 -0.135162353515625 -0.0541000366210937 0.0502853393554688
-0.0284194946289063 -0.138717651367188 -0.116355895996094 -0.133277893066406
-0.03485107421875 -0.118537902832031 -0.205703735351562 -0.138748168945312
-0.0882492065429688 -0.0966110229492188 -0.241546630859375 -0.10308837890625
-0.115875244140625 -0.0226211547851563 -0.27691650390625 0.012542724609375
-0.105430603027344 0.0596694946289063 -0.208908081054687 0.119140625
-0.105850219726563 0.0853347778320312 -0.132911682128906 0.111885070800781
-0.09124755859375 0.123420715332031 -0.0683364868164063 0.113433837890625
-0.131904602050781 0.0982131958007813 -0.0153045654296875 0.103660583496094
-0.18438720703125 0.0581512451171875 0.048553466796875 0.114921569824219
-0.20361328125 0.00509643554687499 0.06072998046875 0.189498901367188
-0.196182250976563 -0.1358642578125 -0.00653076171874999 0.2227783203125
-0.162948608398438 -0.174224853515625 0.015594482421875 0.221038818359375
-0.155685424804688 -0.2628173828125 0.0104522705078125 0.137191772460937
-0.028961181640625 -0.335906982421875 -0.163558959960938 0.185012817382812
0.00508117675781253 -0.2579345703125 -0.0689544677734375 -0.0281219482421875
-0.082977294921875 -0.260772705078125 -0.134674072265625 -0.17340087890625
-0.118927001953125 -0.182327270507813 -0.2138671875 -0.149139404296875
-0.174972534179688 -0.123687744140625 -0.222610473632813 -0.099090576171875
-0.188262939453125 -0.01434326171875 -0.224014282226563 0.00837707519531252
-0.163818359375 0.0857696533203125 -0.157089233398438 0.0831146240234375
-0.16510009765625 0.108383178710937 -0.09454345703125 0.0644912719726563
-0.145294189453125 0.148849487304688 -0.0341072082519531 0.0622100830078125
-0.178955078125 0.10089111328125 0.0307502746582031 0.0587005615234375
-0.234817504882812 0.0486297607421875 0.0842132568359375 0.0873336791992188
-0.254608154296875 -0.019866943359375 0.07806396484375 0.17962646484375
-0.228118896484375 -0.20721435546875 -0.01995849609375 0.210525512695313
-0.157333374023438 -0.255172729492188 -0.0423736572265625 0.173904418945312
-0.113800048828125 -0.35076904296875 -0.0301399230957031 0.0278606414794922
0.017425537109375 -0.3826904296875 -0.163619995117188 0.0552520751953125
0.017242431640625 -0.338226318359375 -0.0837783813476563 -0.120750427246094
-0.12762451171875 -0.341278076171875 -0.138885498046875 -0.207122802734375
-0.186767578125 -0.215606689453125 -0.198562622070313 -0.15673828125
-0.23760986328125 -0.12628173828125 -0.177597045898438 -0.098907470703125
-0.232818603515625 0.00231933593749997 -0.149200439453125 -0.0107269287109375
-0.195556640625 0.1014404296875 -0.0903472900390625 0.0304489135742188
-0.198867797851563 0.1156005859375 -0.0413665771484375 0.00877761840820313
-0.180007934570313 0.149948120117188 0.0143222808837891 0.0050954818725586
-0.203567504882813 0.0806884765625 0.0870819091796875 0.0154571533203125
-0.252777099609375 0.0179290771484375 0.1240234375 0.0632553100585938
-0.264862060546875 -0.057525634765625 0.0920562744140625 0.165512084960938
-0.21490478515625 -0.260452270507813 -0.0289306640625 0.189407348632812
-0.117401123046875 -0.307159423828125 -0.0907211303710938 0.115196228027344
-0.04705810546875 -0.388885498046875 -0.053924560546875 -0.0913848876953125
0.054931640625 -0.36285400390625 -0.15582275390625 -0.0738983154296875
0.027984619140625 -0.3524169921875 -0.1015625 -0.205978393554688
-0.142669677734375 -0.352752685546875 -0.133392333984375 -0.224533081054688
-0.21160888671875 -0.2059326171875 -0.163009643554687 -0.159622192382813
-0.25042724609375 -0.107666015625 -0.116645812988281 -0.102638244628906
-0.23419189453125 0.01788330078125 -0.0670928955078125 -0.0416412353515625
-0.194229125976562 0.101806640625 -0.0220947265625 -0.030792236328125
-0.2015380859375 0.10626220703125 0.016265869140625 -0.0466384887695312
-0.189300537109375 0.128707885742188 0.0730743408203125 -0.047454833984375
-0.202789306640625 0.047088623046875 0.149307250976563 -0.0151824951171875
-0.237762451171875 -0.021240234375 0.164306640625 0.0529937744140625
-0.238235473632813 -0.0965728759765625 0.104843139648437 0.151657104492188
-0.16656494140625 -0.289093017578125 -0.03106689453125 0.159439086914062
-0.05267333984375 -0.32476806640625 -0.114234924316406 0.0467147827148437
0.02972412109375 -0.373077392578125 -0.0503082275390625 -0.206207275390625
0.0862274169921875 -0.280563354492188 -0.143814086914062 -0.17706298828125
0.040863037109375 -0.2978515625 -0.11871337890625 -0.264495849609375
-0.120025634765625 -0.29443359375 -0.11761474609375 -0.224594116210938
-0.180084228515625 -0.159683227539062 -0.116958618164063 -0.161102294921875
-0.204086303710938 -0.0790252685546875 -0.056427001953125 -0.109344482421875
-0.191452026367188 0.019927978515625 0.00197601318359373 -0.0792465209960937
-0.160186767578125 0.0818939208984375 0.0351104736328125 -0.09100341796875
-0.17218017578125 0.0821380615234375 0.0693893432617187 -0.0936203002929688
-0.169586181640625 0.094573974609375 0.133872985839844 -0.0861892700195313
-0.173782348632813 0.0173187255859375 0.210784912109375 -0.027374267578125
-0.194046020507813 -0.04595947265625 0.200729370117188 0.059051513671875
-0.185775756835937 -0.113082885742188 0.115524291992188 0.139076232910156
-0.103500366210938 -0.27728271484375 -0.0188446044921875 0.124763488769531
0.013671875 -0.299560546875 -0.103775024414063 -0.0211410522460938
0.0994873046875 -0.30511474609375 -0.0140380859375 -0.2998046875
0.115188598632813 -0.150955200195313 -0.125656127929687 -0.238632202148438
0.06231689453125 -0.19024658203125 -0.122894287109375 -0.2884521484375
-0.0570526123046875 -0.189010620117188 -0.09027099609375 -0.216552734375
-0.0984039306640625 -0.095550537109375 -0.075714111328125 -0.167633056640625
-0.111236572265625 -0.055023193359375 -0.0144577026367187 -0.118606567382813
-0.116294860839844 0.00272369384765622 0.043853759765625 -0.110603332519531
-0.104339599609375 0.0410995483398438 0.0722885131835937 -0.134468078613281
-0.117355346679688 0.0454940795898437 0.110343933105469 -0.124809265136719
-0.122825622558594 0.056732177734375 0.1865234375 -0.1107177734375
-0.119865417480469 0.004852294921875 0.258941650390625 -0.0247802734375
-0.133720397949219 -0.0406265258789062 0.227096557617188 0.0716705322265625
-0.127029418945313 -0.0906600952148438 0.1297607421875 0.130302429199219
-0.054229736328125 -0.218841552734375 0.0101242065429687 0.0963592529296875
0.0595550537109375 -0.231033325195312 -0.0621871948242188 -0.071624755859375
0.14227294921875 -0.194244384765625 0.0458984375 -0.3590087890625
-0.125350952148438 0.0606231689453125 -0.0343017578125 0.378173828125
-0.02630615234375 0.119583129882813 0.0253219604492188 0.115074157714844
0.0551300048828125 0.101470947265625 -0.052886962890625 -0.0847396850585938
0.0873489379882813 0.0236282348632813 -0.16192626953125 -0.121734619140625
0.0652198791503906 -0.0040130615234375 -0.244277954101563 -0.0847930908203125
0.0458450317382813 -0.0121879577636719 -0.299713134765625 0.038299560546875
0.0427970886230469 -0.00358200073242188 -0.217041015625 0.1614990234375
0.0486488342285156 0.00588226318359375 -0.134918212890625 0.166091918945312
0.0471763610839844 0.0152130126953125 -0.0733795166015625 0.162887573242188
0.0146369934082031 0.0369644165039063 -0.0499267578125 0.154098510742188
-0.000492095947265625 0.0417098999023438 0.0175323486328125 0.144638061523438
0.00017929077148438 0.0510063171386719 0.0598297119140625 0.177200317382813
-0.0390396118164062 0.0678024291992188 0.055389404296875 0.23309326171875
-0.0914840698242188 0.0617904663085938 0.131683349609375 0.273040771484375
-0.1519775390625 0.0306396484375 0.117401123046875 0.256881713867188
-0.115333557128906 -0.0888214111328125 -0.084320068359375 0.360748291015625
-0.0254001617431641 -0.00318527221679687 -0.0163955688476563 0.101287841796875
0.0130701065063477 -0.0134391784667969 -0.0919265747070313 -0.09344482421875
0.028076171875 -0.0479087829589844 -0.188888549804688 -0.117782592773437
-0.0124244689941406 -0.0504188537597656 -0.251434326171875 -0.0866851806640625
-0.0367279052734375 -0.0147819519042969 -0.29986572265625 0.0370788574218751
-0.0309371948242187 0.0342674255371094 -0.219650268554687 0.157196044921875
-0.0272750854492188 0.0543937683105469 -0.137466430664063 0.1563720703125
-0.02001953125 0.0787124633789063 -0.0712738037109375 0.155471801757812
-0.0624313354492188 0.078826904296875 -0.035369873046875 0.142990112304687
-0.101669311523438 0.0594100952148437 0.0310897827148437 0.13665771484375
-0.113861083984375 0.0319137573242188 0.06451416015625 0.187118530273438
-0.131874084472656 -0.0374374389648437 0.0309906005859375 0.232131958007812
-0.140151977539062 -0.0597686767578125 0.0919342041015625 0.252883911132813
-0.174697875976562 -0.120376586914063 0.074676513671875 0.21881103515625
-0.08990478515625 -0.22796630859375 -0.11865234375 0.29815673828125
-0.0197830200195313 -0.13800048828125 -0.0447044372558594 0.0524101257324219
-0.0411376953125 -0.139144897460938 -0.123634338378906 -0.123458862304688
-0.0482559204101563 -0.118698120117188 -0.21319580078125 -0.122161865234375
-0.0999679565429688 -0.0896835327148438 -0.250244140625 -0.0835723876953125
-0.120574951171875 -0.0119552612304687 -0.274993896484375 0.0355377197265625
-0.102180480957031 0.0696182250976562 -0.194915771484375 0.135330200195313
-0.0990447998046875 0.0961151123046875 -0.119956970214844 0.124000549316406
-0.0816421508789063 0.131980895996094 -0.0548934936523438 0.120689392089844
-0.12481689453125 0.109329223632813 -0.00389862060546876 0.1072998046875
-0.18084716796875 0.074188232421875 0.060089111328125 0.112197875976562
-0.2037353515625 0.02142333984375 0.0804901123046875 0.185302734375
-0.208938598632813 -0.119781494140625 0.0146636962890625 0.226898193359375
-0.175765991210938 -0.161758422851563 0.0374603271484375 0.221847534179688
-0.176284790039063 -0.249176025390625 0.024169921875 0.140205383300781
-0.05474853515625 -0.3345947265625 -0.1385498046875 0.194244384765625
-0.0174713134765625 -0.261703491210938 -0.0658912658691406 -0.0249748229980469
-0.106964111328125 -0.254669189453125 -0.144607543945312 -0.161788940429688
-0.136459350585938 -0.173446655273438 -0.222610473632812 -0.130767822265625
-0.187835693359375 -0.10821533203125 -0.230072021484375 -0.081451416015625
-0.19183349609375 0.00250244140624999 -0.22125244140625 0.026123046875
-0.1583251953125 0.100326538085937 -0.146530151367188 0.0944061279296875
-0.15521240234375 0.1246337890625 -0.0846633911132813 0.0735321044921875
-0.131271362304688 0.162506103515625 -0.0255012512207031 0.0666236877441406
-0.171295166015625 0.11700439453125 0.0374794006347656 0.0573158264160156
-0.231597900390625 0.06915283203125 0.0935287475585937 0.0811767578125
-0.25616455078125 0.00212097167968746 0.09765625 0.174026489257813
-0.248275756835937 -0.1865234375 0.000762939453125008 0.216339111328125
-0.17828369140625 -0.242767333984375 -0.024261474609375 0.179977416992187
-0.144317626953125 -0.33953857421875 -0.0260200500488281 0.0354423522949219
-0.015655517578125 -0.383636474609375 -0.1497802734375 0.064544677734375
-0.01397705078125 -0.3408203125 -0.0886383056640625 -0.115348815917969
-0.159942626953125 -0.328887939453125 -0.151138305664063 -0.194503784179688
-0.205841064453125 -0.198394775390625 -0.20770263671875 -0.138992309570312
-0.248855590820312 -0.104705810546875 -0.184844970703125 -0.084075927734375
-0.233474731445313 0.0224609375 -0.14739990234375 0.000152587890625011
-0.187042236328125 0.118438720703125 -0.0843887329101563 0.0357666015625
-0.187255859375 0.134735107421875 -0.0378532409667969 0.0125694274902344
-0.165481567382813 0.166336059570312 0.0171594619750976 0.00484561920166017
-0.197052001953125 0.0984649658203125 0.0893707275390625 0.00788879394531251
-0.25054931640625 0.040557861328125 0.131179809570312 0.0533447265625
-0.269882202148438 -0.034210205078125 0.111221313476562 0.15838623046875
-0.240386962890625 -0.240676879882813 -0.01007080078125 0.195907592773438
-0.144195556640625 -0.2974853515625 -0.0777435302734375 0.125877380371094
-0.084075927734375 -0.383575439453125 -0.0602645874023438 -0.08087158203125
0.021881103515625 -0.36846923828125 -0.1541748046875 -0.0648193359375
-0.00619506835937498 -0.355560302734375 -0.114120483398438 -0.198394775390625
-0.176483154296875 -0.337127685546875 -0.147354125976563 -0.212478637695313
-0.22906494140625 -0.185760498046875 -0.172073364257813 -0.144363403320313
-0.259979248046875 -0.0838470458984376 -0.123558044433594 -0.0923080444335938
-0.23248291015625 0.03802490234375 -0.0688743591308594 -0.0389213562011719
-0.1842041015625 0.118560791015625 -0.0228595733642578 -0.0320549011230469
-0.189559936523437 0.125457763671875 0.0138816833496094 -0.0478134155273437
-0.175018310546875 0.145889282226563 0.0698089599609375 -0.0528030395507812
-0.198883056640625 0.0643157958984375 0.148574829101563 -0.0289764404296875
-0.2391357421875 -0.000305175781249986 0.170989990234375 0.03912353515625
-0.245681762695312 -0.0742797851562499 0.1219482421875 0.143585205078125
-0.19390869140625 -0.272216796875 -0.015533447265625 0.166152954101562
-0.08245849609375 -0.319793701171875 -0.107597351074219 0.0604095458984375
-0.00656127929687503 -0.374298095703125 -0.0675201416015625 -0.195510864257813
0.05926513671875 -0.287628173828125 -0.15380859375 -0.169143676757813
0.0108642578125 -0.300567626953125 -0.1378173828125 -0.2550048828125
-0.148483276367188 -0.280517578125 -0.132339477539063 -0.21380615234375
-0.192718505859375 -0.1412353515625 -0.128143310546875 -0.150650024414062
-0.210372924804687 -0.0587005615234375 -0.0644912719726563 -0.104507446289062
-0.188201904296875 0.0377349853515625 -0.00385284423828126 -0.0826416015625
-0.15167236328125 0.0944976806640625 0.0276947021484375 -0.0967254638671875
-0.162384033203125 0.09820556640625 0.0612716674804688 -0.0987472534179688
-0.158538818359375 0.109405517578125 0.12591552734375 -0.0978012084960938
-0.171539306640625 0.031768798828125 0.207656860351563 -0.0469818115234375
-0.196380615234375 -0.029632568359375 0.208099365234375 0.041259765625
-0.19305419921875 -0.0957794189453125 0.130241394042969 0.131401062011719
-0.130020141601563 -0.26397705078125 -0.00668334960937499 0.129776000976562
-0.014251708984375 -0.298126220703125 -0.103958129882812 -0.00776672363281253
0.06793212890625 -0.312408447265625 -0.041168212890625 -0.291839599609375
0.097564697265625 -0.16015625 -0.142623901367188 -0.231430053710937
0.04150390625 -0.194442749023438 -0.146240234375 -0.278778076171875
-0.076385498046875 -0.179580688476563 -0.106170654296875 -0.208786010742188
-0.105072021484375 -0.0843276977539063 -0.089019775390625 -0.161575317382813
-0.115104675292969 -0.0428237915039063 -0.02447509765625 -0.11773681640625
-0.114349365234375 0.0137481689453125 0.0346755981445312 -0.116874694824219
-0.0979995727539062 0.0480575561523438 0.05926513671875 -0.142837524414063
-0.110115051269531 0.0564346313476562 0.09857177734375 -0.133750915527344
-0.114288330078125 0.0673141479492188 0.17529296875 -0.126724243164063
-0.117752075195313 0.0139541625976562 0.255844116210938 -0.048583984375
-0.13446044921875 -0.0293960571289063 0.235214233398438 0.05255126953125
-0.13238525390625 -0.077880859375 0.143295288085938 0.120986938476562
-0.074371337890625 -0.209487915039063 0.0182647705078125 0.0985641479492187
0.0353240966796875 -0.232269287109375 -0.0678176879882813 -0.0620040893554688
0.120025634765625 -0.204971313476563 0.012847900390625 -0.3558349609375
-0.111305236816406 0.0665512084960938 0.000671386718749981 0.366485595703125
-0.0135269165039063 0.115348815917969 0.036102294921875 0.107994079589844
0.0616302490234375 0.0911102294921875 -0.057403564453125 -0.0813140869140625
0.082183837890625 0.01318359375 -0.16693115234375 -0.107254028320313
0.0602226257324219 -0.009429931640625 -0.246383666992188 -0.0644226074218751
0.0418357849121094 -0.0135383605957031 -0.289886474609375 0.062957763671875
0.039886474609375 -0.00543594360351562 -0.195632934570313 0.175872802734375
0.0456809997558594 0.00225067138671875 -0.1153564453125 0.172805786132812
0.0448112487792969 0.0115013122558594 -0.05633544921875 0.165679931640625
0.0154075622558594 0.0351753234863281 -0.0344085693359375 0.157180786132813
0.0013427734375 0.0406341552734375 0.0293121337890625 0.140533447265625
0.0029144287109375 0.04718017578125 0.0735015869140625 0.168350219726563
-0.0316619873046875 0.0657310485839844 0.0734710693359375 0.224685668945312
-0.0819320678710938 0.0656585693359375 0.150405883789063 0.256134033203125
-0.140228271484375 0.042816162109375 0.1348876953125 0.243942260742188
-0.114295959472656 -0.0796432495117187 -0.047119140625 0.353179931640625
-0.0233116149902344 -0.00534248352050781 -0.00507354736328125 0.0971908569335938
0.0103111267089844 -0.0174236297607422 -0.0953521728515625 -0.0857925415039063
0.0189743041992188 -0.0513725280761719 -0.191146850585938 -0.101455688476562
-0.0195770263671875 -0.0487213134765625 -0.25274658203125 -0.0662689208984375
-0.0394935607910156 -0.00990676879882812 -0.29010009765625 0.06103515625
-0.0292816162109375 0.0375556945800781 -0.198806762695313 0.1702880859375
-0.0237045288085938 0.0562553405761719 -0.117401123046875 0.16326904296875
-0.0145797729492188 0.0791091918945313 -0.0536956787109375 0.158279418945313
-0.0558853149414063 0.0829086303710938 -0.02044677734375 0.1446533203125
-0.0964279174804688 0.0667343139648438 0.0427780151367187 0.132194519042969
-0.110160827636719 0.0383377075195313 0.0798797607421875 0.178146362304688
-0.1312255859375 -0.0273895263671875 0.0505523681640625 0.225845336914063
-0.140144348144531 -0.0488967895507813 0.110382080078125 0.240570068359375
-0.176544189453125 -0.102890014648437 0.091766357421875 0.209991455078125
-0.102325439453125 -0.217926025390625 -0.084991455078125 0.293975830078125
-0.0300369262695313 -0.136642456054688 -0.0355644226074219 0.0517654418945312
-0.053375244140625 -0.135597229003906 -0.127403259277344 -0.111640930175781
-0.060150146484375 -0.114151000976562 -0.215499877929688 -0.10284423828125
-0.108283996582031 -0.079498291015625 -0.250411987304688 -0.06298828125
-0.121360778808594 -0.000869750976562505 -0.263946533203125 0.05615234375
-0.095703125 0.0775299072265625 -0.175445556640625 0.14666748046875
-0.0894317626953125 0.103248596191406 -0.102531433105469 0.130081176757813
-0.0693435668945312 0.135978698730469 -0.0398941040039063 0.122947692871094
-0.114051818847656 0.118072509765625 0.00713348388671873 0.106887817382813
-0.171554565429688 0.0878448486328125 0.0686264038085937 0.106071472167969
-0.197280883789063 0.0371856689453125 0.0973052978515625 0.174575805664062
-0.214340209960938 -0.100067138671875 0.0348358154296875 0.223709106445312
-0.183639526367187 -0.145416259765625 0.0559844970703125 0.21453857421875
-0.19073486328125 -0.2276611328125 0.0366363525390625 0.138206481933594
-0.079254150390625 -0.323333740234375 -0.111495971679687 0.194000244140625
-0.03887939453125 -0.256744384765625 -0.0614891052246094 -0.0220108032226563
-0.12750244140625 -0.241012573242188 -0.149520874023438 -0.145965576171875
-0.14935302734375 -0.159576416015625 -0.22369384765625 -0.110397338867188
-0.19439697265625 -0.089996337890625 -0.229080200195313 -0.0611114501953125
-0.189483642578125 0.0193023681640625 -0.212356567382812 0.0421600341796875
-0.146942138671875 0.111648559570312 -0.132057189941406 0.102447509765625
-0.140579223632813 0.136322021484375 -0.0729598999023438 0.0781784057617188
-0.114776611328125 0.170333862304687 -0.0158157348632813 0.0675392150878906
-0.158096313476563 0.127944946289063 0.0427703857421875 0.0534934997558594
-0.22125244140625 0.0875396728515625 0.0997238159179687 0.07244873046875
-0.249679565429688 0.0229644775390625 0.113693237304687 0.162277221679688
-0.2596435546875 -0.160659790039063 0.02069091796875 0.214828491210938
-0.193801879882813 -0.22283935546875 -0.00634765625 0.179702758789063
-0.169219970703125 -0.318878173828125 -0.0204811096191406 0.0410957336425781
-0.047607421875 -0.3746337890625 -0.133583068847656 0.0691452026367188
-0.044189453125 -0.333587646484375 -0.0911026000976563 -0.107948303222656
-0.185302734375 -0.306976318359375 -0.158676147460938 -0.177505493164063
-0.217849731445313 -0.17724609375 -0.209442138671875 -0.118865966796875
-0.252899169921875 -0.07965087890625 -0.1845703125 -0.0678253173828125
-0.227432250976562 0.0418701171875 -0.142593383789063 0.0102386474609375
-0.1739501953125 0.131591796875 -0.07720947265625 0.0393295288085938
-0.16973876953125 0.148818969726563 -0.0329742431640625 0.0149440765380859
-0.145736694335938 0.176513671875 0.0200347900390625 0.00434303283691407
-0.184722900390625 0.113021850585937 0.0885391235351562 0.000152587890625007
-0.241424560546875 0.0614776611328126 0.134658813476562 0.0422439575195313
-0.265914916992188 -0.011016845703125 0.126083374023437 0.145645141601562
-0.255950927734375 -0.212692260742188 0.00854492187499999 0.19573974609375
-0.16546630859375 -0.278305053710938 -0.0624923706054688 0.131309509277344
-0.115631103515625 -0.365936279296875 -0.0635871887207031 -0.0690727233886719
-0.01092529296875 -0.36175537109375 -0.149368286132812 -0.0558929443359375
-0.039031982421875 -0.34600830078125 -0.1236572265625 -0.1859130859375
-0.20306396484375 -0.3121337890625 -0.156600952148437 -0.195266723632813
-0.237960815429687 -0.161392211914063 -0.175933837890625 -0.126739501953125
-0.259933471679688 -0.05780029296875 -0.1263427734375 -0.0802688598632813
-0.223388671875 0.05694580078125 -0.0693626403808594 -0.0350494384765625
-0.169937133789062 0.1307373046875 -0.0241012573242188 -0.0316810607910156
-0.172134399414063 0.139114379882812 0.0113029479980469 -0.0477256774902344
-0.156112670898438 0.156585693359375 0.0658416748046875 -0.0563621520996094
-0.18878173828125 0.0788726806640625 0.142425537109375 -0.041717529296875
-0.232879638671875 0.02008056640625 0.172042846679688 0.02392578125
-0.244400024414063 -0.0527191162109375 0.135002136230469 0.129928588867188
-0.213088989257812 -0.246292114257813 0.001190185546875 0.166336059570313
-0.107635498046875 -0.30426025390625 -0.0977859497070313 0.0706024169921875
-0.04119873046875 -0.3634033203125 -0.080169677734375 -0.179733276367188
0.030364990234375 -0.285400390625 -0.158279418945312 -0.157058715820313
-0.0189208984375 -0.292724609375 -0.152130126953125 -0.239364624023438
-0.170257568359375 -0.25677490234375 -0.1429443359375 -0.198822021484375
-0.197906494140625 -0.120010375976562 -0.133918762207031 -0.136123657226563
-0.209121704101563 -0.0373382568359375 -0.0703048706054688 -0.09686279296875
-0.179367065429688 0.0526885986328125 -0.010040283203125 -0.08306884765625
-0.138847351074219 0.103782653808594 0.0185928344726562 -0.0981597900390625
-0.146942138671875 0.10955810546875 0.0516891479492187 -0.101348876953125
-0.142471313476563 0.119537353515625 0.115470886230469 -0.104705810546875
-0.164291381835938 0.04449462890625 0.197982788085938 -0.0640106201171875
-0.192764282226563 -0.0128936767578125 0.207611083984375 0.023406982421875
-0.19464111328125 -0.076568603515625 0.141921997070313 0.118179321289063
-0.149169921875 -0.242828369140625 0.00521850585937499 0.130538940429687
-0.040679931640625 -0.287322998046875 -0.100395202636719 0.00518035888671875
0.035552978515625 -0.30889892578125 -0.0630645751953125 -0.275848388671875
0.078155517578125 -0.163497924804688 -0.155303955078125 -0.217880249023438
0.019805908203125 -0.19085693359375 -0.162994384765625 -0.261276245117187
-0.0906524658203125 -0.164703369140625 -0.118301391601563 -0.196762084960938
-0.10809326171875 -0.0715713500976563 -0.0985260009765625 -0.149765014648438
-0.114662170410156 -0.029693603515625 -0.0318679809570313 -0.113128662109375
-0.1082763671875 0.023590087890625 0.0242080688476562 -0.120155334472656
-0.0899429321289063 0.054351806640625 0.044708251953125 -0.14599609375
-0.0995941162109375 0.0637435913085938 0.0846710205078125 -0.137535095214844
-0.102462768554688 0.073944091796875 0.15936279296875 -0.137863159179687
-0.112548828125 0.02239990234375 0.244049072265625 -0.0699920654296875
-0.131416320800781 -0.01776123046875 0.235015869140625 0.0324859619140625
-0.132514953613281 -0.0647048950195312 0.151229858398438 0.1072998046875
-0.09027099609375 -0.193603515625 0.025970458984375 0.0972976684570313
0.012481689453125 -0.2255859375 -0.0703659057617188 -0.0502777099609375
0.0954742431640625 -0.208206176757813 -0.018402099609375 -0.342010498046875
-0.0979766845703125 0.0674514770507813 0.025054931640625 0.34844970703125
-0.00433349609374999 0.108428955078125 0.0429611206054688 0.0994338989257812
0.0643463134765625 0.081390380859375 -0.0598983764648437 -0.0768051147460938
0.076141357421875 0.005950927734375 -0.167251586914063 -0.0960235595703125
0.054595947265625 -0.0130653381347656 -0.242919921875 -0.04840087890625
0.0385284423828125 -0.0141716003417969 -0.277069091796875 0.0794677734375
0.0373191833496094 -0.00628662109375 -0.175872802734375 0.181259155273437
0.0424423217773437 0.00029754638671875 -0.098358154296875 0.1728515625
0.0422248840332031 0.00930404663085938 -0.04266357421875 0.163650512695313
0.0150871276855469 0.0339756011962891 -0.02197265625 0.156295776367188
0.0020904541015625 0.0391426086425781 0.0369873046875 0.135284423828125
0.00378036499023437 0.0437850952148438 0.08111572265625 0.158920288085938
-0.0265846252441406 0.0622978210449219 0.0840301513671875 0.212875366210938
-0.0731277465820313 0.0662765502929688 0.159591674804688 0.238052368164063
-0.12762451171875 0.0492782592773437 0.143829345703125 0.228927612304688
-0.111312866210938 -0.0732803344726563 -0.020294189453125 0.3375244140625
-0.0219993591308594 -0.00761795043945313 0.00396728515625001 0.0916061401367188
0.00751113891601563 -0.0203895568847656 -0.095489501953125 -0.0783538818359375
0.0115776062011719 -0.0525932312011719 -0.189453125 -0.0885772705078125
-0.0250244140625 -0.0456428527832031 -0.248687744140625 -0.0494537353515625
-0.040802001953125 -0.00582122802734374 -0.275299072265625 0.07635498046875
-0.0271644592285156 0.0392494201660156 -0.178176879882812 0.175262451171875
-0.020538330078125 0.0570220947265625 -0.100433349609375 0.164169311523438
-0.010345458984375 0.0782394409179688 -0.039642333984375 0.156143188476562
-0.0501708984375 0.0839996337890625 -0.0087127685546875 0.142730712890625
-0.0896759033203125 0.0708999633789062 0.0502395629882813 0.126213073730469
-0.104721069335937 0.0428314208984375 0.089569091796875 0.16729736328125
-0.129035949707031 -0.020294189453125 0.0631561279296875 0.216659545898438
-0.136543273925781 -0.0408172607421875 0.122238159179687 0.224822998046875
-0.172897338867188 -0.0883636474609375 0.102157592773438 0.199966430664062
-0.109405517578125 -0.206069946289063 -0.05841064453125 0.28192138671875
-0.0367507934570313 -0.133308410644531 -0.0277061462402344 0.049102783203125
-0.0612106323242187 -0.130043029785156 -0.126922607421875 -0.101188659667969
-0.0671463012695312 -0.108367919921875 -0.21044921875 -0.08758544921875
-0.111763000488281 -0.0698165893554688 -0.244644165039063 -0.04669189453125
-0.119583129882812 0.00745391845703127 -0.250228881835938 0.07025146484375
-0.0891571044921875 0.0824966430664063 -0.15771484375 0.149688720703125
-0.0802993774414063 0.106979370117188 -0.0873336791992188 0.130638122558594
-0.05859375 0.136489868164063 -0.027496337890625 0.12127685546875
-0.103790283203125 0.121490478515625 0.0150146484375 0.103996276855469
-0.160919189453125 0.0960540771484375 0.074462890625 0.0997772216796875
-0.1884765625 0.04705810546875 0.106857299804687 0.163101196289063
-0.2137451171875 -0.0828399658203125 0.04962158203125 0.216781616210938
-0.1846923828125 -0.13067626953125 0.0695343017578125 0.204544067382813
-0.195785522460938 -0.2071533203125 0.0451278686523437 0.134078979492188
-0.0955810546875 -0.308929443359375 -0.0896759033203126 0.187728881835937
-0.0542144775390625 -0.247879028320313 -0.0560188293457031 -0.0202980041503906
-0.139785766601563 -0.225112915039062 -0.149444580078125 -0.132110595703125
-0.155029296875 -0.14556884765625 -0.218276977539063 -0.0937347412109375
-0.195281982421875 -0.0739288330078125 -0.223434448242187 -0.0463714599609375
-0.183944702148437 0.0305938720703125 -0.200042724609375 0.05255126953125
-0.136360168457031 0.117507934570312 -0.118904113769531 0.103904724121094
-0.126617431640625 0.141357421875 -0.06243896484375 0.0793304443359375
-0.099090576171875 0.172271728515625 -0.00699234008789064 0.0662803649902344
-0.145431518554688 0.134185791015625 0.0467605590820312 0.0499954223632813
-0.208480834960938 0.0987548828125 0.10284423828125 0.065216064453125
-0.240280151367188 0.0369720458984375 0.123397827148438 0.149642944335938
-0.261322021484375 -0.137649536132812 0.03564453125 0.209335327148438
-0.199874877929688 -0.204574584960937 0.00764465332031248 0.1751708984375
-0.182708740234375 -0.296112060546875 -0.0152320861816406 0.0447578430175781
-0.06964111328125 -0.3592529296875 -0.118217468261719 0.0682830810546875
-0.06463623046875 -0.31964111328125 -0.090240478515625 -0.101158142089844
-0.199981689453125 -0.283447265625 -0.15911865234375 -0.161102294921875
-0.220565795898437 -0.157974243164062 -0.204864501953125 -0.102294921875
-0.249237060546875 -0.0596466064453125 -0.180267333984375 -0.054718017578125
-0.217575073242188 0.0551605224609375 -0.13470458984375 0.0164260864257813
-0.159393310546875 0.138656616210938 -0.0709075927734375 0.0395736694335938
-0.153350830078125 0.15478515625 -0.0280303955078125 0.0157966613769531
-0.1279296875 0.179824829101563 0.0228538513183594 0.00308227539062501
-0.171798706054688 0.120391845703125 0.086517333984375 -0.00524902343749999
-0.230194091796875 0.0749359130859375 0.134147644042969 0.0332107543945313
-0.256576538085937 0.005279541015625 0.135017395019531 0.13287353515625
-0.261871337890625 -0.187179565429688 0.0226593017578125 0.191329956054688
-0.17730712890625 -0.258804321289063 -0.0496978759765625 0.132278442382812
-0.1358642578125 -0.34478759765625 -0.06304931640625 -0.0585060119628907
-0.03533935546875 -0.348175048828125 -0.142120361328125 -0.05108642578125
-0.06207275390625 -0.330718994140625 -0.126373291015625 -0.174484252929688
-0.216766357421875 -0.28497314453125 -0.158340454101563 -0.179122924804688
-0.238021850585938 -0.140914916992188 -0.17303466796875 -0.11175537109375
-0.254440307617188 -0.037628173828125 -0.12445068359375 -0.0706939697265625
-0.211700439453125 0.0699615478515625 -0.0675735473632813 -0.0322532653808594
-0.15618896484375 0.135604858398438 -0.0247535705566406 -0.0319576263427734
-0.155624389648437 0.145263671875 0.00945281982421874 -0.046600341796875
-0.138992309570313 0.160919189453125 0.061920166015625 -0.0575714111328125
-0.177383422851563 0.0879669189453125 0.134422302246094 -0.0486221313476563
-0.223419189453125 0.0336456298828125 0.169403076171875 0.0135955810546875
-0.2381591796875 -0.0354461669921875 0.142486572265625 0.117416381835938
-0.22198486328125 -0.222198486328125 0.0140838623046875 0.163467407226563
-0.123870849609375 -0.285675048828125 -0.0875473022460938 0.0770492553710937
-0.06451416015625 -0.346405029296875 -0.086578369140625 -0.162857055664063
0.00814819335937501 -0.276641845703125 -0.15887451171875 -0.146743774414063
-0.0394744873046875 -0.279052734375 -0.15826416015625 -0.223220825195313
-0.182281494140625 -0.233016967773438 -0.14605712890625 -0.183013916015625
-0.197036743164062 -0.101364135742188 -0.134323120117188 -0.123176574707031
-0.202392578125 -0.0211639404296875 -0.0708694458007813 -0.0900421142578125
-0.168487548828125 0.0625762939453125 -0.0134506225585938 -0.081787109375
-0.127281188964844 0.108230590820313 0.0107192993164062 -0.0980682373046875
-0.132644653320313 0.11474609375 0.0452651977539062 -0.100189208984375
-0.126853942871094 0.123428344726563 0.105781555175781 -0.107444763183594
-0.155136108398438 0.0524749755859375 0.185928344726563 -0.0742034912109375
-0.186111450195313 -0.000595092773437483 0.203659057617188 0.0100250244140625
-0.190933227539063 -0.0616455078125 0.147232055664062 0.105056762695312
-0.159332275390625 -0.221664428710938 0.0142440795898437 0.12841796875
-0.05902099609375 -0.272308349609375 -0.094329833984375 0.0139312744140625
0.0125732421875 -0.2972412109375 -0.0767974853515625 -0.256210327148438
0.0628204345703125 -0.161865234375 -0.160385131835937 -0.205703735351563
0.00491333007812501 -0.1820068359375 -0.17132568359375 -0.243118286132813
-0.0989227294921875 -0.149078369140625 -0.12432861328125 -0.18316650390625
-0.10693359375 -0.060455322265625 -0.102485656738281 -0.139251708984375
-0.110763549804688 -0.0194320678710938 -0.0367050170898438 -0.108024597167969
-0.101661682128906 0.030120849609375 0.0153732299804688 -0.11968994140625
-0.0821990966796875 0.0565185546875 0.032562255859375 -0.144760131835938
-0.0893783569335938 0.0668716430664063 0.0726699829101563 -0.1370849609375
-0.091888427734375 0.07574462890625 0.1451416015625 -0.141815185546875
-0.105850219726562 0.0278701782226563 0.229263305664062 -0.0821533203125
-0.12652587890625 -0.00948333740234373 0.231063842773438 0.0176849365234375
-0.129173278808594 -0.0540618896484375 0.154815673828125 0.095428466796875
-0.0984649658203125 -0.17706298828125 0.03167724609375 0.0955963134765625
-0.00349426269531252 -0.21539306640625 -0.0702896118164063 -0.0405197143554688
0.075897216796875 -0.203628540039063 -0.037841796875 -0.323028564453125
-0.0883941650390625 0.0661849975585938 0.038970947265625 0.332550048828125
0.0020904541015625 0.101982116699219 0.046478271484375 0.0926589965820313
0.0647506713867188 0.0730209350585937 -0.0609283447265625 -0.0742721557617188
0.069915771484375 0.00299453735351563 -0.166580200195313 -0.088714599609375
0.0500679016113281 -0.0151939392089844 -0.240081787109375 -0.0385589599609375
0.0356674194335938 -0.0146560668945313 -0.26654052734375 0.0894317626953125
0.0347270965576172 -0.00668144226074219 -0.161361694335937 0.182144165039063
0.0397415161132813 -0.000766754150390625 -0.086517333984375 0.170944213867188
0.0400352478027344 0.00797653198242188 -0.0336151123046875 0.161102294921875
0.0150985717773438 0.0341224670410156 -0.013275146484375 0.154937744140625
0.00211715698242188 0.0382270812988281 0.0421218872070312 0.131332397460937
0.003631591796875 0.0400772094726562 0.0844268798828125 0.151824951171875
-0.0235671997070313 0.0590896606445313 0.08984375 0.205657958984375
-0.0671577453613281 0.065216064453125 0.164031982421875 0.22509765625
-0.117515563964844 0.0515670776367188 0.1494140625 0.219833374023437
-0.107749938964844 -0.0696029663085938 -0.00378417968750004 0.323333740234375
-0.0204067230224609 -0.00986862182617188 0.00986480712890625 0.086273193359375
0.00506210327148437 -0.0235271453857422 -0.09466552734375 -0.0744705200195313
0.00548171997070313 -0.0526885986328125 -0.1866455078125 -0.080535888671875
-0.0288200378417969 -0.0435829162597656 -0.245147705078125 -0.03973388671875
-0.0415992736816406 -0.00231170654296875 -0.264617919921875 0.0865478515625001
-0.0260696411132813 0.0410385131835937 -0.163909912109375 0.17584228515625
-0.0188560485839844 0.0577545166015625 -0.088165283203125 0.162017822265625
-0.00775146484375 0.077850341796875 -0.0296478271484375 0.152999877929688
-0.04681396484375 0.0844497680664062 -0.000549316406249989 0.14093017578125
-0.0855178833007813 0.0732040405273437 0.055145263671875 0.122016906738281
-0.101219177246094 0.04425048828125 0.094970703125 0.1591796875
-0.126853942871094 -0.015777587890625 0.0712890625 0.210479736328125
-0.132965087890625 -0.0361862182617187 0.128631591796875 0.214202880859375
-0.167816162109375 -0.07928466796875 0.1080322265625 0.192626953125
-0.112869262695313 -0.19879150390625 -0.04119873046875 0.2703857421875
-0.0410232543945313 -0.131340026855469 -0.0216140747070313 0.0456733703613281
-0.0671005249023438 -0.125267028808594 -0.124641418457031 -0.0946578979492188
-0.0723190307617188 -0.103446960449219 -0.205902099609375 -0.0793304443359375
-0.114288330078125 -0.0632476806640625 -0.239547729492187 -0.037841796875
-0.117897033691406 0.0139846801757812 -0.239608764648438 0.0778350830078125
-0.0847930908203125 0.0855484008789063 -0.145294189453125 0.150711059570313
-0.0735015869140625 0.108474731445313 -0.0768585205078125 0.12908935546875
-0.0512008666992188 0.13623046875 -0.0181884765625 0.118362426757813
-0.0970001220703125 0.122940063476563 0.0213623046875 0.101577758789063
-0.153244018554688 0.101577758789063 0.0784072875976562 0.0943527221679688
-0.1824951171875 0.0527191162109375 0.11334228515625 0.153594970703125
-0.211868286132812 -0.071929931640625 0.059112548828125 0.211685180664063
-0.183731079101563 -0.12115478515625 0.0775299072265625 0.196624755859375
-0.19622802734375 -0.193389892578125 0.0505447387695312 0.131675720214844
-0.10528564453125 -0.2989501953125 -0.0753631591796875 0.178878784179687
-0.063385009765625 -0.240982055664063 -0.0520439147949219 -0.0200691223144531
-0.147918701171875 -0.213470458984375 -0.146697998046875 -0.123672485351563
-0.15850830078125 -0.136688232421875 -0.212326049804688 -0.0840911865234376
-0.194686889648438 -0.06298828125 -0.218307495117188 -0.0379180908203125
-0.17913818359375 0.0385894775390625 -0.191146850585938 0.057830810546875
-0.128265380859375 0.122207641601562 -0.109870910644531 0.103477478027344
-0.116622924804688 0.144073486328125 -0.0543441772460938 0.0776290893554688
-0.0883026123046875 0.172134399414062 -0.00088500976562501 0.0645179748535156
-0.137100219726562 0.1368408203125 0.0487060546875 0.0477485656738281
-0.199234008789063 0.106353759765625 0.104759216308594 0.060089111328125
-0.232559204101563 0.045196533203125 0.129852294921875 0.139968872070313
-0.26007080078125 -0.121826171875 0.0471954345703125 0.204910278320312
-0.202560424804688 -0.19232177734375 0.0165557861328125 0.171051025390625
-0.188934326171875 -0.279464721679687 -0.0110130310058594 0.0472183227539062
-0.083770751953125 -0.348175048828125 -0.107872009277344 0.0644302368164062
-0.078704833984375 -0.30859375 -0.08770751953125 -0.0976104736328125
-0.207748413085937 -0.265533447265625 -0.156402587890625 -0.15118408203125
-0.221282958984375 -0.145309448242187 -0.199325561523438 -0.0926361083984376
-0.2459716796875 -0.04669189453125 -0.176223754882813 -0.04803466796875
-0.210403442382813 0.0641021728515625 -0.128959655761719 0.0189208984375
-0.150390625 0.142105102539063 -0.0663261413574219 0.0390472412109375
-0.141128540039062 0.158218383789063 -0.0240993499755859 0.0158824920654297
-0.115524291992188 0.179916381835938 0.0251846313476562 0.00200843811035157
-0.162673950195312 0.124542236328125 0.0848159790039062 -0.00763702392578124
-0.220367431640625 0.0827178955078125 0.133979797363281 0.0272064208984375
-0.2496337890625 0.0151824951171875 0.140380859375 0.123146057128906
-0.263031005859375 -0.169265747070313 0.0340118408203125 0.187667846679688
-0.183517456054688 -0.244918823242188 -0.0401687622070313 0.132743835449219
-0.14599609375 -0.328521728515625 -0.0619125366210938 -0.0501441955566406
-0.05108642578125 -0.33734130859375 -0.136123657226563 -0.0498199462890625
-0.0771484375 -0.318359375 -0.126266479492188 -0.166366577148438
-0.224212646484375 -0.264450073242187 -0.156784057617188 -0.167984008789063
-0.236572265625 -0.126708984375 -0.168319702148438 -0.102737426757812
-0.2481689453125 -0.023956298828125 -0.121589660644531 -0.0650100708007813
-0.20294189453125 0.07720947265625 -0.0649757385253906 -0.0308990478515625
-0.1458740234375 0.139373779296875 -0.0255699157714844 -0.0321121215820313
-0.143203735351562 0.148101806640625 0.00922393798828124 -0.0462417602539062
-0.126174926757812 0.161865234375 0.0603294372558594 -0.0593147277832031
-0.169601440429688 0.092620849609375 0.129531860351563 -0.0525131225585937
-0.215621948242187 0.04266357421875 0.167343139648438 0.0063018798828125
-0.2322998046875 -0.025177001953125 0.14654541015625 0.108291625976562
-0.225265502929688 -0.204254150390625 0.022491455078125 0.161407470703125
-0.1328125 -0.272048950195313 -0.0789260864257813 0.0808258056640625
-0.078277587890625 -0.332916259765625 -0.0886993408203125 -0.1505126953125
-0.006805419921875 -0.268585205078125 -0.157745361328125 -0.141006469726563
-0.0531005859375 -0.267318725585938 -0.159881591796875 -0.21173095703125
-0.187896728515625 -0.2152099609375 -0.146392822265625 -0.172561645507813
-0.19366455078125 -0.0903472900390625 -0.132553100585938 -0.115890502929688
-0.196640014648438 -0.00985717773437501 -0.0708999633789063 -0.0856246948242187
-0.160736083984375 0.0684967041015625 -0.0153732299804688 -0.082183837890625
-0.119071960449219 0.110466003417969 0.00589752197265625 -0.0972366333007812
-0.122108459472656 0.116714477539063 0.0405654907226563 -0.098876953125
-0.116546630859375 0.123794555664062 0.0994644165039062 -0.108528137207031
-0.1492919921875 0.056549072265625 0.177291870117188 -0.0796356201171875
-0.180587768554688 0.00718688964843747 0.200729370117188 0.00146484375
-0.18621826171875 -0.0531768798828125 0.150634765625 0.0967864990234375
-0.16412353515625 -0.206085205078125 0.0210113525390625 0.127494812011719
-0.06903076171875 -0.260009765625 -0.0883636474609375 0.0206146240234375
-0.00228881835937503 -0.28814697265625 -0.0830535888671875 -0.24090576171875
0.05126953125 -0.158538818359375 -0.163589477539062 -0.196273803710938
-0.00616455078124999 -0.174819946289063 -0.174362182617188 -0.23040771484375
-0.102485656738281 -0.137092590332031 -0.125701904296875 -0.174636840820313
-0.104911804199219 -0.0539474487304688 -0.103363037109375 -0.131553649902344
-0.106834411621094 -0.0123138427734375 -0.03851318359375 -0.104194641113281
-0.09613037109375 0.0343856811523438 0.0102920532226563 -0.119987487792969
-0.0775604248046875 0.0572357177734375 0.023773193359375 -0.142852783203125
-0.0819244384765625 0.0677566528320313 0.0649948120117187 -0.135505676269531
-0.0836029052734375 0.0765151977539063 0.134674072265625 -0.14288330078125
-0.101631164550781 0.0299224853515625 0.21893310546875 -0.0890655517578125
-0.121818542480469 -0.00521087646484376 0.226898193359375 0.0070648193359375
-0.125602722167969 -0.0475921630859375 0.156692504882813 0.087158203125
-0.10205078125 -0.1646728515625 0.0352554321289063 0.09454345703125
-0.0139312744140625 -0.205245971679688 -0.0685043334960938 -0.0326805114746094
0.0624847412109375 -0.199539184570313 -0.048797607421875 -0.306427001953125
-0.0825576782226563 0.0651321411132813 0.051239013671875 0.324005126953125
0.00625610351562501 0.0977096557617188 0.0507431030273438 0.087860107421875
0.0656394958496094 0.0668067932128906 -0.0626983642578125 -0.07354736328125
0.0657844543457031 -0.00020599365234375 -0.167892456054688 -0.084716796875
0.04705810546875 -0.0168800354003906 -0.2415771484375 -0.0302581787109375
0.0340671539306641 -0.0143871307373047 -0.262313842773438 0.0993041992187501
0.0332183837890625 -0.006195068359375 -0.153106689453125 0.185028076171875
0.0383453369140625 -0.00145721435546875 -0.0783233642578125 0.170974731445313
0.038299560546875 0.00810623168945313 -0.0266265869140625 0.161041259765625
0.0148963928222656 0.0343761444091797 -0.00643920898437499 0.155532836914063
0.002227783203125 0.0385971069335938 0.0467300415039063 0.129508972167969
0.00312423706054687 0.0388221740722656 0.0884857177734375 0.148590087890625
-0.0222396850585937 0.0565681457519531 0.0948028564453125 0.20159912109375
-0.063262939453125 0.0650405883789063 0.16888427734375 0.21722412109375
-0.110374450683594 0.0538482666015625 0.15496826171875 0.215621948242188
-0.107040405273438 -0.0693588256835938 0.00897216796874998 0.314178466796875
-0.0199222564697266 -0.0125141143798828 0.014892578125 0.0823211669921875
0.00230789184570312 -0.0260448455810547 -0.0947189331054688 -0.0722198486328125
0.000225067138671874 -0.0534210205078125 -0.18646240234375 -0.0758209228515625
-0.0326309204101562 -0.0421485900878906 -0.245452880859375 -0.0324554443359375
-0.0429801940917969 -0.000377655029296869 -0.259857177734375 0.0947418212890625
-0.0255889892578125 0.0426216125488281 -0.15484619140625 0.178756713867188
-0.0176353454589844 0.0591163635253906 -0.079254150390625 0.1612548828125
-0.00566101074218749 0.07891845703125 -0.02178955078125 0.152297973632813
-0.0441741943359375 0.0864410400390625 0.0063629150390625 0.141311645507813
-0.0831069946289062 0.0766143798828125 0.0600967407226562 0.119972229003906
-0.100593566894531 0.0465469360351562 0.100494384765625 0.155014038085938
-0.126861572265625 -0.0120773315429688 0.0789031982421875 0.208847045898438
-0.132186889648438 -0.0330047607421875 0.1348876953125 0.208175659179688
-0.165786743164063 -0.074005126953125 0.113540649414062 0.189773559570313
-0.117202758789062 -0.1961669921875 -0.029327392578125 0.262588500976563
-0.0450210571289063 -0.13140869140625 -0.016510009765625 0.0429649353027344
-0.0728912353515625 -0.124114990234375 -0.123619079589844 -0.0905380249023438
-0.0776443481445312 -0.101356506347656 -0.204147338867188 -0.0736236572265625
-0.117927551269531 -0.0583572387695312 -0.2398681640625 -0.0303802490234376
-0.118240356445313 0.0188522338867187 -0.233795166015625 0.084625244140625
-0.0817794799804688 0.0889968872070312 -0.137939453125 0.152297973632813
-0.069000244140625 0.111602783203125 -0.068817138671875 0.128654479980469
-0.0458755493164063 0.138130187988281 -0.0113677978515625 0.117431640625
-0.0927200317382812 0.126144409179688 0.0267257690429687 0.101600646972656
-0.148681640625 0.106903076171875 0.0823593139648437 0.093017578125
-0.180252075195313 0.0581512451171875 0.119720458984375 0.1483154296875
-0.213409423828125 -0.064208984375 0.06787109375 0.210006713867187
-0.185653686523438 -0.115509033203125 0.084625244140625 0.192916870117188
-0.199066162109375 -0.185943603515625 0.0559921264648437 0.131706237792969
-0.114593505859375 -0.2939453125 -0.065093994140625 0.172882080078125
-0.0720977783203125 -0.23809814453125 -0.0484619140625 -0.0219764709472656
-0.155349731445313 -0.207061767578125 -0.145736694335938 -0.118606567382813
-0.163223266601563 -0.131439208984375 -0.209716796875 -0.078094482421875
-0.196746826171875 -0.055145263671875 -0.217514038085937 -0.0317230224609375
-0.177444458007812 0.04595947265625 -0.186233520507813 0.061859130859375
-0.12408447265625 0.127235412597656 -0.104331970214844 0.104835510253906
-0.109939575195313 0.1483154296875 -0.0484085083007812 0.0769271850585938
-0.081634521484375 0.1739501953125 0.00408172607421875 0.0627861022949219
-0.1319580078125 0.1405029296875 0.0517807006835937 0.0471076965332031
-0.1942138671875 0.1138916015625 0.107521057128906 0.057037353515625
-0.229965209960938 0.052276611328125 0.136238098144531 0.133399963378906
-0.26318359375 -0.111526489257813 0.0563201904296875 0.204254150390625
-0.206954956054688 -0.184463500976562 0.02447509765625 0.170013427734375
-0.196121215820313 -0.271224975585938 -0.00789260864257813 0.0507583618164062
-0.096893310546875 -0.343109130859375 -0.1011962890625 0.0612106323242187
-0.09039306640625 -0.302825927734375 -0.08587646484375 -0.0965118408203125
-0.216094970703125 -0.254898071289063 -0.155715942382813 -0.14532470703125
-0.224822998046875 -0.13726806640625 -0.196395874023438 -0.0870819091796875
-0.246047973632813 -0.0361328125 -0.175186157226563 -0.043060302734375
-0.206924438476563 0.0714874267578125 -0.125572204589844 0.0212249755859375
-0.14447021484375 0.147674560546875 -0.0644645690917969 0.039398193359375
-0.133056640625 0.162872314453125 -0.0211582183837891 0.0151119232177734
-0.106964111328125 0.182952880859375 0.0279903411865234 0.000347137451171886
-0.158416748046875 0.129058837890625 0.0847702026367187 -0.00963592529296874
-0.216781616210938 0.0913238525390625 0.135833740234375 0.022735595703125
-0.247268676757813 0.0230712890625 0.146469116210937 0.116409301757812
-0.267318725585938 -0.1575927734375 0.04302978515625 0.188339233398438
-0.190887451171875 -0.237350463867188 -0.0323562622070313 0.134284973144531
-0.156646728515625 -0.319488525390625 -0.0607109069824219 -0.0437660217285156
-0.06475830078125 -0.332122802734375 -0.133506774902344 -0.0501861572265625
-0.08941650390625 -0.310546875 -0.126800537109375 -0.163055419921875
-0.23248291015625 -0.251434326171875 -0.1572265625 -0.162338256835938
-0.238021850585938 -0.117996215820313 -0.166824340820313 -0.09771728515625
-0.246307373046875 -0.0137176513671875 -0.121482849121094 -0.0617523193359375
-0.198150634765625 0.08477783203125 -0.0644912719726563 -0.0316429138183594
-0.13970947265625 0.144332885742187 -0.0265903472900391 -0.0324459075927734
-0.135482788085938 0.152175903320313 0.00955200195312499 -0.046844482421875
-0.118133544921875 0.163604736328125 0.0592231750488281 -0.0612068176269531
-0.165695190429688 0.0974578857421875 0.126983642578125 -0.0559158325195313
-0.212722778320312 0.0500640869140625 0.16839599609375 0.000244140625000003
-0.230712890625 -0.017608642578125 0.152450561523438 0.101837158203125
-0.231094360351562 -0.192474365234375 0.03057861328125 0.162384033203125
-0.141311645507812 -0.264755249023438 -0.0728683471679688 0.0849533081054688
-0.08990478515625 -0.325714111328125 -0.090728759765625 -0.1422119140625
-0.0187835693359375 -0.264892578125 -0.15838623046875 -0.139129638671875
-0.064483642578125 -0.261016845703125 -0.162277221679688 -0.2061767578125
-0.193923950195313 -0.203262329101563 -0.147262573242188 -0.167770385742187
-0.194000244140625 -0.0825653076171875 -0.131950378417969 -0.111129760742188
-0.19427490234375 -0.000976562500000018 -0.0717239379882813 -0.0846710205078125
-0.155593872070313 0.0738372802734375 -0.0179977416992188 -0.0840911865234375
-0.113059997558594 0.113883972167969 0.00146484374999999 -0.0973739624023437
-0.115585327148437 0.11962890625 0.0382461547851562 -0.0993576049804687
-0.109268188476562 0.125755310058594 0.0957870483398437 -0.110786437988281
-0.146209716796875 0.060943603515625 0.172775268554688 -0.0845794677734375
-0.177932739257813 0.0129852294921875 0.20086669921875 -0.0060577392578125
-0.185272216796875 -0.0474090576171875 0.155685424804688 0.09027099609375
-0.169158935546875 -0.195755004882813 0.0268707275390625 0.12841796875
-0.078338623046875 -0.253524780273438 -0.0848236083984375 0.0261154174804687
-0.01422119140625 -0.283203125 -0.0877532958984375 -0.231964111328125
0.0421600341796875 -0.157470703125 -0.166671752929687 -0.193161010742188
-0.01416015625 -0.169952392578125 -0.178085327148437 -0.223342895507813
-0.106239318847656 -0.128440856933594 -0.12786865234375 -0.170333862304688
-0.103874206542969 -0.049072265625 -0.105033874511719 -0.127525329589844
-0.104812622070313 -0.0069732666015625 -0.039947509765625 -0.103996276855469
-0.0920028686523438 0.0376434326171875 0.00624084472656251 -0.121818542480469
-0.0742645263671875 0.059173583984375 0.017578125 -0.143569946289062
-0.0771560668945313 0.0686264038085937 0.0598831176757812 -0.1361083984375
-0.0783767700195313 0.07684326171875 0.128799438476563 -0.145370483398438
-0.0993499755859375 0.0324478149414062 0.21331787109375 -0.0955352783203125
-0.120109558105469 -0.00112915039062499 0.226608276367188 -0.0006866455078125
-0.123825073242188 -0.043975830078125 0.160568237304688 0.081390380859375
-0.10565185546875 -0.156082153320313 0.0388717651367187 0.0961456298828125
-0.02142333984375 -0.199722290039063 -0.0673904418945313 -0.02691650390625
0.0529937744140625 -0.1978759765625 -0.05712890625 -0.29827880859375
-0.0782470703125 0.0656280517578125 0.066162109375 0.319183349609375
0.0110397338867187 0.09466552734375 0.0564727783203125 0.0838088989257813
0.0673027038574219 0.0615005493164063 -0.06585693359375 -0.0735549926757812
0.0628395080566406 -0.00304031372070313 -0.173904418945313 -0.079833984375
0.0440711975097656 -0.0190353393554688 -0.246597290039063 -0.0191040039062501
0.0328178405761719 -0.0153541564941406 -0.260498046875 0.113540649414063
0.0327911376953125 -0.00683975219726562 -0.144821166992187 0.192138671875
0.0374641418457031 -0.00241470336914063 -0.0700531005859375 0.173904418945313
0.0378494262695313 0.00749969482421875 -0.0185089111328125 0.163894653320313
0.0161018371582031 0.0351295471191406 0.002166748046875 0.158889770507813
0.00267791748046875 0.0391159057617188 0.052825927734375 0.129341125488281
0.00255966186523437 0.0379867553710938 0.0958404541015625 0.146682739257813
-0.0204963684082031 0.0561485290527344 0.104141235351563 0.2003173828125
-0.059356689453125 0.0663223266601563 0.1785888671875 0.2117919921875
-0.105201721191406 0.0571136474609375 0.16436767578125 0.21343994140625
-0.109062194824219 -0.0679550170898438 0.02484130859375 0.3104248046875
-0.0206527709960938 -0.0158042907714844 0.0209732055664063 0.079010009765625
-0.00117683410644531 -0.0282459259033203 -0.097320556640625 -0.0705108642578125
-0.00503158569335937 -0.0537910461425781 -0.189697265625 -0.0700531005859375
-0.0379600524902344 -0.0413780212402344 -0.250411987304688 -0.0219268798828125
-0.0443572998046875 0.00230407714843751 -0.257125854492187 0.10784912109375
-0.0246620178222656 0.0459556579589844 -0.146347045898438 0.185470581054688
-0.01507568359375 0.061279296875 -0.0705413818359375 0.164260864257813
-0.00235748291015624 0.0806121826171875 -0.013092041015625 0.154373168945313
-0.0411834716796875 0.0903472900390625 0.014923095703125 0.143661499023438
-0.0806503295898438 0.0814590454101563 0.0668869018554688 0.118843078613281
-0.101264953613281 0.0503082275390625 0.108612060546875 0.152252197265625
-0.129066467285156 -0.00765228271484375 0.0896148681640625 0.208282470703125
-0.133506774902344 -0.0290069580078125 0.145401000976563 0.20367431640625
-0.1673583984375 -0.0687408447265625 0.123199462890625 0.189193725585938
-0.126235961914063 -0.194534301757812 -0.0155181884765625 0.259445190429688
-0.0518569946289062 -0.133247375488281 -0.0122108459472656 0.0404434204101562
-0.0806427001953125 -0.123123168945313 -0.126304626464844 -0.087066650390625
-0.085357666015625 -0.100067138671875 -0.20697021484375 -0.0670318603515625
-0.123847961425781 -0.0532379150390625 -0.243484497070313 -0.021209716796875
-0.120079040527344 0.0253067016601562 -0.230819702148438 0.09515380859375
-0.0790328979492188 0.0958786010742187 -0.130172729492187 0.158370971679688
-0.0639724731445312 0.116958618164063 -0.0618667602539063 0.130416870117188
-0.0398101806640625 0.141738891601563 -0.00379943847656249 0.118118286132813
-0.0882415771484375 0.132049560546875 0.0338058471679687 0.102340698242188
-0.145309448242187 0.115707397460937 0.0891799926757812 0.0905380249023438
-0.180526733398438 0.0655517578125 0.12939453125 0.143936157226563
-0.218124389648438 -0.0547637939453125 0.0809326171875 0.210678100585938
-0.191818237304687 -0.109481811523438 0.0949554443359375 0.190536499023438
-0.207351684570313 -0.179580688476563 0.0629730224609375 0.133232116699219
-0.129058837890625 -0.2923583984375 -0.0555877685546875 0.170761108398437
-0.0845794677734375 -0.236572265625 -0.0460128784179688 -0.0234756469726563
-0.167465209960938 -0.200958251953125 -0.14862060546875 -0.114334106445313
-0.171279907226562 -0.126724243164063 -0.211959838867188 -0.0706024169921875
-0.202133178710938 -0.045257568359375 -0.220626831054688 -0.0235443115234375
-0.177932739257813 0.055389404296875 -0.184158325195313 0.068511962890625
-0.119117736816406 0.135658264160156 -0.0994720458984375 0.108604431152344
-0.103240966796875 0.156173706054687 -0.0431976318359375 0.0777969360351563
-0.07232666015625 0.17974853515625 0.00998687744140625 0.0621719360351563
-0.127243041992188 0.1484375 0.0564804077148437 0.0456695556640625
-0.189956665039063 0.124374389648438 0.113052368164062 0.0528945922851563
-0.230545043945312 0.0628204345703125 0.145828247070312 0.127593994140625
-0.270889282226563 -0.0991668701171875 0.0689544677734375 0.205474853515625
-0.216781616210938 -0.178298950195312 0.0345306396484375 0.170730590820312
-0.209365844726563 -0.26483154296875 -0.00374984741210939 0.0547676086425781
-0.11358642578125 -0.341583251953125 -0.0966949462890625 0.0600128173828125
-0.105712890625 -0.300628662109375 -0.08758544921875 -0.0968551635742188
-0.230499267578125 -0.244659423828125 -0.160186767578125 -0.1416015625
-0.233016967773438 -0.129058837890625 -0.198165893554688 -0.0806121826171875
-0.249725341796875 -0.024078369140625 -0.177703857421875 -0.036956787109375
-0.206207275390625 0.0828857421875 -0.125198364257813 0.0239486694335937
-0.138641357421875 0.1572265625 -0.0626564025878906 0.0409889221191406
-0.125762939453125 0.171295166015625 -0.0184307098388672 0.0143775939941406
-0.0977325439453125 0.189102172851563 0.0304374694824219 -0.00221061706542968
-0.154678344726562 0.138412475585938 0.0866317749023437 -0.0128860473632812
-0.213897705078125 0.10247802734375 0.140083312988281 0.01666259765625
-0.249099731445313 0.0343475341796876 0.155654907226562 0.109390258789062
-0.2772216796875 -0.145645141601563 0.055084228515625 0.189697265625
-0.203475952148438 -0.230239868164063 -0.0238876342773438 0.138252258300781
-0.1727294921875 -0.315338134765625 -0.0613441467285156 -0.0383644104003907
-0.082427978515625 -0.331268310546875 -0.134407043457031 -0.049468994140625
-0.1058349609375 -0.30645751953125 -0.13189697265625 -0.161453247070313
-0.246170043945313 -0.240493774414062 -0.161468505859375 -0.157806396484375
-0.2447509765625 -0.108688354492187 -0.169174194335938 -0.0926971435546875
-0.24786376953125 -0.000930786132812467 -0.12384033203125 -0.0584182739257813
-0.195648193359375 0.094879150390625 -0.0658836364746094 -0.0322990417480469
-0.1336669921875 0.153274536132813 -0.0291080474853516 -0.0327816009521484
-0.127288818359375 0.159957885742187 0.00883865356445311 -0.0490074157714844
-0.109710693359375 0.170547485351563 0.0590476989746094 -0.0650558471679687
-0.162933349609375 0.10595703125 0.125953674316406 -0.0618820190429688
-0.2117919921875 0.0611419677734375 0.172317504882812 -0.0075531005859375
-0.233917236328125 -0.00904846191406249 0.16046142578125 0.0941314697265625
-0.241851806640625 -0.181167602539063 0.0416717529296875 0.164443969726563
-0.155105590820313 -0.25946044921875 -0.0666275024414063 0.0907135009765625
-0.107025146484375 -0.323486328125 -0.0954818725585937 -0.13568115234375
-0.0335235595703125 -0.264694213867188 -0.164047241210938 -0.137649536132813
-0.0778656005859375 -0.256423950195313 -0.170272827148437 -0.203445434570313
-0.204193115234375 -0.191879272460937 -0.153228759765625 -0.164215087890625
-0.19805908203125 -0.0742950439453125 -0.135269165039063 -0.107696533203125
-0.193496704101563 0.010162353515625 -0.0742645263671875 -0.08349609375
-0.151657104492188 0.082427978515625 -0.0220565795898438 -0.0876235961914063
-0.108177185058594 0.120491027832031 -0.00389862060546876 -0.0989456176757812
-0.109222412109375 0.125518798828125 0.0347671508789062 -0.102920532226562
-0.103302001953125 0.130630493164063 0.0923309326171875 -0.116378784179687
-0.145339965820313 0.06781005859375 0.170669555664063 -0.0928497314453125
-0.178695678710938 0.0212249755859375 0.204086303710938 -0.0161895751953125
-0.1885986328125 -0.0413055419921875 0.16302490234375 0.084014892578125
-0.178390502929687 -0.187362670898438 0.0357818603515625 0.131484985351562
-0.09075927734375 -0.250198364257813 -0.0814971923828125 0.0329208374023437
-0.028472900390625 -0.284149169921875 -0.0970611572265625 -0.2252197265625
0.033203125 -0.1588134765625 -0.175567626953125 -0.19012451171875
-0.0234527587890625 -0.167007446289063 -0.18682861328125 -0.219009399414062
-0.112228393554688 -0.121139526367187 -0.134063720703125 -0.167922973632812
-0.105857849121094 -0.0444107055664062 -0.109947204589844 -0.124732971191406
-0.104652404785156 -0.00102233886718749 -0.0443191528320312 -0.1041259765625
-0.0890121459960938 0.0419158935546875 2.28881835937429E-05 -0.125785827636719
-0.0712966918945313 0.0631332397460937 0.00933837890625001 -0.145523071289063
-0.073455810546875 0.0721511840820313 0.0547866821289063 -0.139389038085938
-0.0742645263671875 0.0792922973632812 0.123306274414063 -0.151153564453125
-0.098602294921875 0.03631591796875 0.2098388671875 -0.105178833007813
-0.119743347167969 0.00411224365234377 0.230422973632813 -0.0117645263671875
-0.125205993652344 -0.040130615234375 0.16693115234375 0.0749359130859375
-0.111892700195313 -0.149551391601563 0.044921875 0.0983200073242187
-0.0307159423828125 -0.197555541992188 -0.0673942565917969 -0.0208473205566406
0.0419769287109375 -0.199600219726563 -0.069915771484375 -0.29345703125
0.0776472098052575 -0.00786485133574849 -0.227057004804332 0.224660645460513
0.0571172516508607 -0.0746450582093319 -0.0615681364365225 0.0853655421413572
0.0175498435562997 -0.0845825319468427 0.0112472278986181 -0.0942627633955274
-0.0294311535414379 -0.0441427924297561 -0.0258736548018821 -0.181287136512199
-0.0199879782580352 -0.0179595761359252 -0.126028579881925 -0.228630689121872
-0.00342415829431075 -0.022809947655456 -0.223302305523314 -0.169893449117547
-0.0145097854450264 -0.0361546183307587 -0.235795902432997 -0.0587010391868827
-0.0220947253764918 -0.0367842247465682 -0.199306169354431 0.0242540476625177
-0.0108840607196664 -0.0474050615898965 -0.162749819655173 0.0584577429547602
0.0141795811100631 -0.0448867490975704 -0.137414910004487 0.0801705053191569
0.0250045111843159 -0.0353201727815508 -0.0957576633364683 0.111404434732514
0.0259428252915254 -0.0325820708137861 -0.0893006033983034 0.158476981785134
0.0473914036058277 -0.0419899693695164 -0.105669065096427 0.193806546995064
0.0736951247380585 -0.00852185248397292 -0.0855569523965232 0.250314374558874
0.0840822487869839 0.0404170932895085 -0.0511348165258006 0.24782886688574
-0.00598963938317984 0.0903824677311108 -0.222533898864075 0.191741332227325
-0.00574597606107 0.0225630134074905 -0.0531548286239859 0.0589407930437569
-0.0116481286331034 0.0249476702804403 0.0197319962368844 -0.126716526066996
-0.0222366785223828 0.0495711765487558 -0.0204912401619022 -0.201875929563857
0.0264985013745649 0.0566690772727686 -0.120019736308611 -0.245772777166722
0.0599443998719192 0.0239949926141591 -0.213778765674926 -0.182094381085211
0.0638832197932439 -0.0154552090949501 -0.228542285342526 -0.0753170389999015
0.057050783969745 -0.04151875728128 -0.193095581998624 0.0111671727984138
0.0743254351002375 -0.057119582848352 -0.153320557261813 0.0501524777835141
0.0938299899092881 -0.0366603682501043 -0.116105430551947 0.0720002858093632
0.112768476371187 -0.00548972277856035 -0.0747793569548284 0.106957245797153
0.101593729217826 0.0452875642274483 -0.0742898054060208 0.161063380979171
0.0871626773982031 0.0741127005528038 -0.107800826296884 0.184548511250646
0.0506568025546549 0.104808207979944 -0.0831354740010151 0.224191109632316
0.0235856963975457 0.153087571213615 -0.0505776077598535 0.215642670433815
-0.0905563266587575 0.178367972993143 -0.18449078543741 0.136805263618313
-0.0737749769250145 0.127214986605242 -0.0108784048545984 0.0193035413895425
-0.0362449672627747 0.147830900727317 0.0498566865556257 -0.170224178584302
-0.00182094211548898 0.14992797225516 -0.00966377136526988 -0.229723411867133
0.082105302539932 0.126813627658672 -0.111361162612672 -0.251719616540306
0.123142820730062 0.0663506227638714 -0.188079611450451 -0.178531245824199
0.136016548713968 0.00651801510626002 -0.19488536497242 -0.0824980568294974
0.12792586672836 -0.0415290415386251 -0.158532127427985 -0.00308818879604379
0.146831421984816 -0.060810855818775 -0.116503741392484 0.0346061006868427
0.157064532255129 -0.0255602418859375 -0.0711855607906089 0.0579858045198364
0.180597351838273 0.0181354257124486 -0.033496327922071 0.103404082860807
0.164025931809692 0.102302620373843 -0.0475439422293414 0.164776718966656
0.122989761026053 0.166131659953943 -0.105041294797185 0.176013530983335
0.0306017765397585 0.198068201604522 -0.0871851200003635 0.18213897048595
-0.0355567593787941 0.242367326381771 -0.0403664154722006 0.148537036024349
-0.158650480926671 0.243552788796606 -0.119697387572687 0.0593114731938713
-0.1283347398721 0.225923000622017 0.0508713414880654 -0.0372894928871086
-0.0440729987557361 0.266548360812829 0.0893553901621483 -0.216511381566884
0.038716940266891 0.241687052836791 0.00911945062836564 -0.254192997008586
0.143590624289599 0.175851655951352 -0.0946515181532179 -0.243829544681966
0.177276362923284 0.092598756035998 -0.142640856982645 -0.159411542192692
0.191335817966613 0.0222565278653406 -0.13562197589014 -0.0812994671610511
0.179754782795315 -0.0363725052205713 -0.102102563643095 -0.016991897010109
0.195423528655837 -0.0517873486786253 -0.0595672756226008 0.0165513140573399
0.195391609464462 -0.00300985986375295 -0.00959376654316362 0.0429998157360384
0.216913030883832 0.0457789425795615 0.0175411856977564 0.100876476032964
0.192000477908669 0.147230258821469 -0.0168907760760275 0.166672626824929
0.133657347103659 0.232183721855268 -0.100096389913134 0.163363751290959
-0.000702427570481339 0.259846754167878 -0.0955954568162672 0.126803937821238
-0.0943225305530772 0.290623730068523 -0.0222815888214204 0.0598829067602519
-0.197060376482785 0.270732184672173 -0.0461576394792898 -0.0336160883211711
-0.157041676647048 0.290340732871342 0.110486962053338 -0.109009732945536
-0.0379935197285557 0.344954836118621 0.124625280275819 -0.25161053621637
0.0785358745622998 0.294809834124188 0.0323096187982481 -0.26245760259512
0.189155544830484 0.19500603873379 -0.0590501295710918 -0.22002222878152
0.208891337417425 0.0988948852664008 -0.0769376505967497 -0.134406304750167
0.217948131144574 0.0305248072767447 -0.0592162834209563 -0.0775243687181034
0.203742846777457 -0.0264798298059681 -0.0308277849598691 -0.0280183795793567
0.215808047265521 -0.0321586657725915 0.00986513600288147 0.00381164365370844
0.204794374832712 0.0290370516036176 0.0583498962571389 0.0372480726454257
0.215630738113142 0.0795567934184962 0.0693997809540463 0.107303091259961
0.178555982028251 0.181623795336089 0.0103487440704284 0.167883112871856
0.110004267633518 0.270341848034806 -0.0915133054870496 0.145510266042016
-0.0430321751354343 0.283085153247259 -0.0972826343015026 0.0663907359729045
-0.147013498885169 0.293755188105194 0.00869034830824927 -0.033544999566189
-0.198760195330449 0.251804399720671 0.0190180926937733 -0.126407766949792
-0.155383128701681 0.298848620342673 0.147944909648683 -0.18228392729848
-0.0238320748839717 0.354929925693076 0.139752286380899 -0.266830377903704
0.10258444044782 0.289206869656893 0.0541845890760008 -0.248044826437957
0.198833428804142 0.177818367905048 -0.0112462221705845 -0.184261273305428
0.20354101542527 0.0878705214650759 -0.00209483552125167 -0.108802943632238
0.21004582984871 0.0328744486343401 0.0217830728676846 -0.0729847018105257
0.195797341373032 -0.01262528958963 0.0436568056999441 -0.0336904759251121
0.203270195655001 -0.00681050996515495 0.081790192700839 0.00301191626517944
0.184852966188422 0.060396643225738 0.122557579782874 0.0483381638956676
0.182668820189684 0.10780211070081 0.112391598302958 0.127520379875883
0.132501640617231 0.198007193717754 0.0303383445116772 0.171517614459325
0.0610044621009053 0.275867066118187 -0.0786431380124907 0.125233654233591
-0.0911446952707609 0.2674128305718 -0.0825650519484241 0.0112957604522353
-0.18370572108236 0.252809354259578 0.0537578837233062 -0.117483178096399
-0.167677261535092 0.185864577918863 0.0614991340399261 -0.201618592479093
-0.127682995343174 0.245675196636915 0.153892093737034 -0.242202327132405
-0.01053170126405 0.291861024248535 0.134154751622254 -0.258074200215964
0.094219001612797 0.226090833492491 0.0701135071383831 -0.218364789695955
0.159762244580059 0.133876413888611 0.0376339646222445 -0.146151287002854
0.159932431128283 0.0685947097787005 0.0663961798407943 -0.0887995054373052
0.16542115408745 0.0330434182554402 0.0920470414674716 -0.0683701478645885
0.157223440712833 0.00102111255243682 0.108702970346821 -0.0330952900728574
0.161947282429385 0.0144604298263245 0.145281007896575 0.0146508308617807
0.141052940286285 0.0742728343360268 0.171629810658327 0.0761484529909724
0.12921246387267 0.11194932985261 0.137284495162843 0.159340856811613
0.0756598071545663 0.180087463276379 0.0373688135732478 0.176561177034315
0.00991286879189669 0.240847371256559 -0.0594679281738955 0.105905441758637
-0.122134086597485 0.215715089154814 -0.0485090191607547 -0.0286601818286633
-0.192228872499524 0.177665250888387 0.111017449273479 -0.177864776193314
-0.117518045911867 0.0801260445632038 0.0786888746793455 -0.242775095561852
-0.0908268034205833 0.143193892460236 0.136742303329396 -0.269209573375933
-0.0107137746808685 0.173852369088384 0.120409877425346 -0.23051082588413
0.0504285891367609 0.127658644369537 0.0788655388020687 -0.184830424895228
0.0832071934002139 0.081982128324173 0.0730434279718065 -0.11719051269117
0.0862439064365454 0.0509072679228346 0.111726404344203 -0.0761514510015615
0.0935953809106741 0.0354879680505676 0.140717779633337 -0.0629866482794376
0.0948671145007122 0.0141673605878666 0.155866053760156 -0.0273615124448944
0.0985141735890485 0.0229499211485718 0.192100703319426 0.0338300575163982
0.0832116724046095 0.0610772480401545 0.199378072084724 0.110081953984514
0.0737161877175658 0.0827322268406306 0.142464664609327 0.193346586853198
0.0345337341661351 0.126406027778067 0.0382205635341044 0.183090896246485
-0.0161576532621432 0.171793972682162 -0.035910211953799 0.0968828926077094
-0.119926078354643 0.142541799877302 -0.00526855638349515 -0.0468581530874922
-0.164342810584312 0.0836901382075126 0.170370041986953 -0.20658600424482
0.0737888855784784 -0.0128546488528824 -0.203588142223524 0.237925778013304
0.0488234024604368 -0.0752907776067528 -0.0505764634076203 0.0892365131681138
0.0106574971056306 -0.0820870087846889 0.00611822911932001 -0.0962227070319091
-0.0301099387775209 -0.0398706810702535 -0.0385751159360003 -0.179972158724834
-0.0186610894766842 -0.0143307909105211 -0.144129178795765 -0.217451893567391
-0.00394082168090222 -0.0225842331099768 -0.236845002209061 -0.149122050108687
-0.0168608834844223 -0.0343735840182285 -0.236901961222603 -0.0398899590890252
-0.0238888504762837 -0.0343264931866474 -0.194018314160324 0.0388418661841742
-0.013574134974051 -0.0461378409397741 -0.156666438402079 0.0723532825750293
0.0112827420044058 -0.0467385684507629 -0.130192867188151 0.0923155918194517
0.022745335101771 -0.0369997628438315 -0.0872377755447226 0.117768768931244
0.0240661305048217 -0.0328187551058626 -0.0761212345786232 0.16479735001019
0.0432798242972257 -0.043595040741229 -0.0906905704670457 0.200593248309685
0.0704656147229919 -0.0128569919224566 -0.0666525263763483 0.253202983872366
0.0836120515198282 0.0326165235690864 -0.0347125278568814 0.251522146413812
-0.000592479466557421 0.0914282306131987 -0.200637024183122 0.205091272007665
-0.00586842884526396 0.0254834154334645 -0.0436006911815528 0.0627829619837273
-0.00940260376270345 0.0284598249157171 0.0125305098851626 -0.12722751274024
-0.0160845081010199 0.0536117505275275 -0.0332017933796407 -0.199845891776033
0.0334547794140821 0.0555250414104054 -0.138560579500384 -0.234707501775411
0.0629618288186194 0.019576523899601 -0.226566891840813 -0.163084425120392
0.0635918794478258 -0.0207570196182211 -0.23067221030569 -0.0569521283147727
0.054333023583754 -0.0459791637653124 -0.187947150872443 0.0258970256752745
0.0695642833356742 -0.062863067119109 -0.146812130800862 0.0628107440152016
0.0908103450593956 -0.0440062659478885 -0.109226434954882 0.0826221924991403
0.112105387639908 -0.0141764665632031 -0.065926517209862 0.112548352873176
0.105426167692975 0.0386367006063289 -0.0607994215872656 0.166632138793096
0.0920795711640337 0.0670412443079545 -0.0929462751645471 0.192776683825348
0.0564293265372949 0.101456101107522 -0.0653381531077018 0.228801308536282
0.0326813935856946 0.149446583609815 -0.0354142628940514 0.220200514377326
-0.076702859427738 0.18586190431393 -0.166563582034447 0.14693878217461
-0.0646739810155803 0.133882586644964 -0.00452968619683874 0.0197221937938972
-0.0238241245281788 0.151846342011524 0.039543771810804 -0.172441880581809
0.0109700623121097 0.151943150879518 -0.0236664434775572 -0.227193202222147
0.093362857726256 0.11995266115457 -0.130741427313092 -0.240894156921617
0.12921189723409 0.0567838107008306 -0.199558510471276 -0.161742215734768
0.136585498750421 -0.00505275187632816 -0.197552976681873 -0.0656448400732328
0.123511965642882 -0.0518135786799152 -0.154679561258611 0.00956412079437754
0.140306630313651 -0.0727799876678065 -0.110772084745469 0.0450000626431094
0.155001549969571 -0.0375564004948524 -0.0653831752179197 0.0653948343569743
0.180963831855094 0.00323516528387518 -0.0248935267892714 0.10623484980679
0.171883033860512 0.0900625086226393 -0.0328401066576174 0.16822705432613
0.135149043499175 0.154908532136486 -0.0894297078968882 0.184841864162125
0.0444820723168879 0.195264724217461 -0.072033601311064 0.187746111331748
-0.0180625121431739 0.242749545214732 -0.0301314653491737 0.153676963932048
-0.138656007914107 0.256160065669768 -0.108116293613372 0.0652944289860094
-0.110662406862565 0.235287359907777 0.0528152288291416 -0.0410571108495196
-0.0214647074509584 0.269122909581135 0.0758047348170091 -0.219777840999746
0.0573808491090201 0.239237662809647 -0.00686660741431601 -0.251652245146755
0.157405635398887 0.163293225921599 -0.112565958088076 -0.233834894352859
0.184713834564634 0.078252246184084 -0.152114091792102 -0.147203632495559
0.19275355008662 0.00595012070835506 -0.139602860607842 -0.0694685102937105
0.175000790820419 -0.05158981543725 -0.0998148014170017 -0.00910813445367404
0.189429800184168 -0.0688080608408237 -0.0558328877898808 0.0224896442937063
0.194481794640859 -0.0178996005792293 -0.00503931092990753 0.0456314852037552
0.219060332698728 0.0267460655507246 0.0261742043873236 0.100246333469214
0.202946209911121 0.13136038311099 -0.00190991636206729 0.16716406161457
0.151230108819981 0.2193359140602 -0.0854316923784648 0.172971259499711
0.0187617655554057 0.258921029058441 -0.0844793529667237 0.13468469315927
-0.0715927478860628 0.296770667450697 -0.0184259646248614 0.0645370300117942
-0.17351297852424 0.28580080931397 -0.0422449223878135 -0.0319257675141212
-0.132772324552749 0.300580895489638 0.105173528896877 -0.116531147037251
-0.00898872975652608 0.344745033460918 0.107143872207888 -0.256588037571507
0.101804479010751 0.287286357058641 0.016026502764493 -0.261439632877378
0.203869350757048 0.177859492673672 -0.0745550871507291 -0.213184222544966
0.215618362291069 0.0817529621063994 -0.0844584383111607 -0.127948046142859
0.219890783891931 0.011865927098107 -0.064017946710786 -0.0717847739907007
0.19873089426374 -0.0438604278327746 -0.0300781204290738 -0.0252282801355094
0.210410774852716 -0.0501439788771925 0.0117135608523878 0.00452247948408887
0.206755347931786 0.0125072563323371 0.0616652874016352 0.0338238176552683
0.220343594052032 0.0604478609095994 0.0788143555688449 0.102014355766591
0.192219605880809 0.167350820417003 0.0256913790362248 0.166349388715941
0.131187253118993 0.258999989761847 -0.0777502333288227 0.154874438387824
-0.0208676034572309 0.285003564509224 -0.0901059168425833 0.0762440587375911
-0.1225740278462 0.303232070944244 0.0054236086613686 -0.0300984685962497
-0.174834028579036 0.266785617660396 0.0147866913702555 -0.129048452893788
-0.128875801288701 0.307318303216877 0.135926399076981 -0.192526379097781
0.00620413306876812 0.351524883514272 0.120686376365978 -0.27260749027133
0.123628023646296 0.279073782907758 0.0377554462372764 -0.248378210569668
0.210999090285619 0.158679183209402 -0.0241160735931264 -0.181686960692373
0.208265597181317 0.0708707826436251 -0.00793818615093635 -0.10883078058931
0.210789147054956 0.0144733174843393 0.0158783859845317 -0.0738740205300001
0.191826620649032 -0.0296996741732069 0.0419894688921108 -0.0363307288801193
0.200111687248695 -0.0244407037142542 0.0826911211241891 -0.00288193218447707
0.189350618262226 0.0453439025264767 0.126284020652385 0.0389937227266734
0.189689394209846 0.0916139006185536 0.12312271955962 0.118268714826051
0.147315844961585 0.186435687358453 0.0451247378964852 0.168174413065811
0.0826620405445046 0.266928469731554 -0.0675630866229634 0.133755231109801
-0.0688695941970202 0.271990638945411 -0.0799538936049193 0.0207015409584638
-0.161132406676017 0.26586907013215 0.0435141050970919 -0.116511202117756
-0.148718868963036 0.198849072932412 0.049660796435828 -0.206556655190043
-0.105282510156959 0.252268290636265 0.136579472160899 -0.252326019217832
0.0145851758952315 0.286793883753039 0.114739715875104 -0.264488502150831
0.110141020472446 0.216315158747175 0.0548286706009351 -0.220647976577393
0.168368966683867 0.118696607075385 0.0270008829658523 -0.147612939414274
0.163126732647184 0.0547375849290561 0.0603649815197129 -0.0947596763158389
0.166422350648526 0.0182792342191946 0.0856340649872712 -0.0754121018080086
0.154684388900715 -0.0122573059870958 0.106046274624782 -0.040798362129139
0.160415869565046 0.00104143294011153 0.145874864606573 0.00371373826348933
0.145784867135051 0.0630357941241278 0.176834290181303 0.0620473153699333
0.136315259307602 0.100982696484693 0.150071596659045 0.147732491701977
0.0883396656286532 0.173999633764116 0.0528984601476325 0.172732169730973
0.0293528767046217 0.235815956527961 -0.0509564096465358 0.113357827373416
-0.102712891753065 0.222436877040951 -0.0502229446776996 -0.0218005320948818
-0.174002311689688 0.192450598386778 0.0958209841304423 -0.180997348664263
-0.107134277570673 0.0900856496261596 0.062340772294176 -0.248064023182772
-0.0758083316783684 0.147750143054879 0.116657889517997 -0.277958891191196
0.00429772091712793 0.170604011882596 0.103092677519805 -0.23738906735055
0.0590313608667445 0.122222470361997 0.0656120924357776 -0.18828459146724
0.0879706483964251 0.073322508081973 0.0647209619906808 -0.122345097499936
0.088626307386437 0.0425121169341822 0.106243065234708 -0.0864773706504155
0.0950679286101982 0.0274809497907416 0.133620465372347 -0.0745654355742367
0.0938570690717332 0.00611005439142814 0.152051871663664 -0.039235699415995
0.0985219719123475 0.0147864164614774 0.193048860890842 0.0191086002838226
0.0873057513288367 0.0539369486947998 0.206039414839501 0.093602195654083
0.0786592016737695 0.0763719300501775 0.157528853235985 0.180739784088022
0.0429693913741553 0.123088831028138 0.052928395803919 0.179060351331362
-0.00268695977050775 0.168706320439429 -0.0290628161979564 0.101704179560785
-0.106323354866081 0.148757274118052 -0.00932825108856095 -0.0431731971885445
-0.154215943829015 0.0956389760069719 0.151505517903435 -0.215104359359294
0.0683085216409876 -0.0163792158307941 -0.176771827846342 0.242449744884703
0.0401392503197963 -0.0729828815779143 -0.0387732865164162 0.0894118023504513
0.00411874998278153 -0.0782690362928707 0.000742245570780405 -0.0946172246491654
-0.0297957824779628 -0.0349958535012207 -0.0488905314380028 -0.173770835709616
-0.0165238834379355 -0.0110074071646119 -0.156825353775297 -0.200642646469726
-0.00437531222204415 -0.0218830810180519 -0.240146652691212 -0.125816602990154
-0.0177350091773957 -0.0323669585175319 -0.231537400484679 -0.0219561896191638
-0.0244692036744559 -0.0310778108536076 -0.183701605159645 0.0496447901182882
-0.0161671199328345 -0.0437851067313359 -0.146274919833495 0.0824423383808344
0.00781201310043894 -0.0461425238041488 -0.119738262063458 0.100890841543994
0.0202957222306802 -0.0370959729157402 -0.0768306855396427 0.120566561365454
0.0222549696677688 -0.0317807812326494 -0.0624106767702299 0.165777171131624
0.0386625151202168 -0.0437609263971669 -0.0748488966872315 0.201214207126516
0.0653156418566332 -0.0163630032100389 -0.0481604270766985 0.248139250189326
0.0807291382996748 0.0253628735933556 -0.0182520426202212 0.248449089032728
0.00394807750930364 0.090120299552176 -0.175823869660245 0.210240223692606
-0.00517106280313128 0.0281562170538626 -0.0334878646918362 0.0629431526475911
-0.00646182104923039 0.0311208012204047 0.00577374164338804 -0.124709442931699
-0.00957097905897347 0.055874120733194 -0.0437218818538382 -0.192409073699421
0.0388877762033901 0.0525282118440489 -0.152025931989447 -0.21764762678564
0.0646419075883755 0.0143314566982054 -0.231553289789129 -0.14118821579686
0.0610827539440265 -0.0252017843837967 -0.225861718450415 -0.0389328612429862
0.0499233435591184 -0.0483312928992979 -0.177951284246855 0.0369564120127514
0.0628608778568975 -0.0665738416561818 -0.135911851247254 0.072861052075662
0.0858347244400327 -0.0495488445900503 -0.0998199087524371 0.0900257521887317
0.10800278163722 -0.0219816641827262 -0.0562931720766342 0.115058120578177
0.106691161832444 0.0311308987835418 -0.0466807049929848 0.165917964053259
0.0940838711589567 0.0588327050579461 -0.0765033533576004 0.195751722794489
0.0605092230570509 0.0954346252381554 -0.0478987089096769 0.22603640390032
0.0403145817282293 0.142441149693742 -0.0207307896516141 0.218336713682932
-0.0623764721136193 0.187456069537701 -0.146008898464845 0.151696725326778
-0.0543236185033492 0.136526268552729 0.00135712715964018 0.0188847365494472
-0.011895942803326 0.150402415805822 0.0288992830839478 -0.169053710824358
0.0231640348280202 0.149258280902051 -0.0355352059676281 -0.218989052623934
0.101728067392337 0.110677305373659 -0.143744912308575 -0.224001199618335
0.131206905592674 0.0460502961144777 -0.204096274900176 -0.142716036761621
0.133812490417237 -0.0153445180240009 -0.194492003254537 -0.0488570979665078
0.116356711249551 -0.060440122776201 -0.146717281174866 0.019409259071541
0.130496281262423 -0.0815572167684266 -0.10206694123435 0.0525872075406596
0.148277363322425 -0.0477302501647786 -0.0575541428278262 0.0701128224036868
0.176200358955652 -0.0109988438259105 -0.0158106273108836 0.10599639679257
0.174226560021315 0.0753403999352075 -0.0185105495357077 0.165711561521503
0.142269997924882 0.140293732067881 -0.0730585919647045 0.188419178378182
0.0554320920131435 0.187507877570954 -0.0563131542431457 0.187601306299311
-0.00161245162362106 0.236895178264337 -0.0193166183133351 0.154040553915839
-0.114883995285308 0.259875014913733 -0.0946704957708087 0.0682376462951404
-0.0906453374723635 0.237132382141784 0.0520540338380961 -0.0441137216611124
-0.000917372746442855 0.262635931652618 0.0607155796295394 -0.217071576500999
0.0732097958883722 0.230583016172475 -0.0199461888129652 -0.243172101705998
0.166198239937781 0.14761730786312 -0.125409792541549 -0.21860235320173
0.186519379627682 0.0629686021209452 -0.156449811109848 -0.132419483633957
0.187657247882733 -0.00934713213402645 -0.13895631072499 -0.0568953760893588
0.164880868942636 -0.0633052008915696 -0.0943167249970596 -0.00220187430033038
0.17791740643788 -0.0812977478640208 -0.0497030495071319 0.0263734579054494
0.188934108853457 -0.0323097133415277 -0.000126247492127563 0.0457863443389569
0.214084588848263 0.00941657712440501 0.0336656460294499 0.0960175045063946
0.207883123539188 0.113572223643088 0.011702218937213 0.163061299239521
0.163121893469607 0.201298513217026 -0.0688112865582467 0.176862310936738
0.0365655833753704 0.25144159137873 -0.0709004079430764 0.137610286718123
-0.0488492536026066 0.293407315320717 -0.014039192072926 0.0674612112663333
-0.145758155091367 0.291215761424384 -0.0384437687393351 -0.0308795738698676
-0.107318351215153 0.301319071675876 0.0975210356914523 -0.120656745153975
0.0167952593568142 0.334351780679028 0.0894936430540206 -0.254672055174615
0.119721903249756 0.273574907061796 0.00169375998685234 -0.253469812209342
0.210728242994194 0.156435357109891 -0.0867164720715508 -0.200880719339113
0.216163727256736 0.0635421138632359 -0.0895656499822869 -0.119209419906919
0.214472374658863 -0.00614921701092035 -0.066015906987995 -0.06447169270244
0.18885009998493 -0.0577598266095078 -0.0285140505418179 -0.0223685951612759
0.199146405871533 -0.0654809054830167 0.014114896784925 0.00374335487367827
0.202525672783322 -0.00318737838031026 0.0631202581962961 0.0295906796399836
0.218414496823213 0.0415430088956808 0.0854039663320389 0.0940313663994331
0.200230989342401 0.150017844407306 0.038549239612835 0.159871110941493
0.145876810693318 0.240532758427818 -0.0629023078521879 0.159415132991123
0.000209070898860579 0.277978652303721 -0.0806034994947495 0.0824324359840587
-0.0967287401516918 0.303442379951637 0.0025327371806463 -0.0265151004160243
-0.148409746294226 0.273779089556264 0.0103361360782674 -0.128774674464588
-0.101882282893965 0.306726074091018 0.12078601245065 -0.196482913875839
0.0327930260572981 0.33903993631363 0.10044158326086 -0.271651109073738
0.140385519195923 0.262161069142754 0.0231394295756557 -0.242449990325664
0.215430656083393 0.137729032062515 -0.0345464985816378 -0.1735564181216
0.207816208440432 0.053232503427885 -0.0144440697391317 -0.106677229849245
0.205026073293064 -0.00240525083981548 0.0106600901291658 -0.0720651037000363
0.1824185338831 -0.0434927256855837 0.0394767040463156 -0.0384465278108408
0.19118221030248 -0.0385455203924514 0.0814758216801178 -0.00799505021118922
0.187618967649676 0.0303937397684779 0.125854660122763 0.0298804923600553
0.190397249890009 0.0745979895028745 0.130197203343379 0.106414172066075
0.157026690751157 0.171484324084477 0.0570555670409485 0.159873003379714
0.0995952856179556 0.251940088439916 -0.0542897111155205 0.137991503369934
-0.0466173393507011 0.268810260704987 -0.0749583961685348 0.0280236431715937
-0.135703132484361 0.270076610583285 0.0338322907858688 -0.112644505748994
-0.127883249602861 0.205356963817412 0.0378515454471548 -0.205551755976933
-0.081763536625645 0.250824414206783 0.116321819342839 -0.254362798298449
0.0354406421002306 0.274474853113032 0.0956682942833222 -0.264520997073796
0.12138202314813 0.202092927595219 0.0412384799238076 -0.216415742633636
0.171104475201132 0.10102697042545 0.0170561777291169 -0.144852879282056
0.161808095529339 0.0407523305178359 0.0533692707790909 -0.0978823486588424
0.161433500903155 0.00508227588485946 0.0772956485295726 -0.0791044770590803
0.147841639935416 -0.0238607109984367 0.100316321040514 -0.047126113633876
0.154628236294875 -0.0111880799601042 0.142833719917637 -0.00629608256354448
0.147243988147627 0.0505531463863719 0.176105229083576 0.0472465603287199
0.138928306537392 0.0882579443510311 0.158166980709581 0.132911047226129
0.0985011621974294 0.162905835099053 0.064230206707844 0.164451131656342
0.0456155239807526 0.224234442605103 -0.0403076012477735 0.116584290897105
-0.0821395122006627 0.222346463329942 -0.0496811084133921 -0.014960935532094
-0.153119021314515 0.199041223012976 0.0793882629834718 -0.179331792919879
-0.0952840742812167 0.096211754255616 0.0460030905734343 -0.247120124519791
-0.0609029137172381 0.147191398980788 0.0951914794384956 -0.277946734474703
0.0175130931483855 0.162652416368303 0.0854139660800322 -0.237369412924104
0.0651509448997386 0.113943623392374 0.0526190052984397 -0.186800095045914
0.0896788402274019 0.0629017985288377 0.0557986479212101 -0.123379504948334
0.087535845754993 0.0347644368034532 0.0979063171608452 -0.0937560898462394
0.0933589344509426 0.0187445925649715 0.123251479906187 -0.0819166317364726
0.0903310900113769 -0.000750260273056915 0.144185920637544 -0.0482801408478371
0.0947551968206289 0.00762979068739754 0.188034957813379 0.00512393460617865
0.0885351998871573 0.0464106550276829 0.206342547113941 0.0759623386059435
0.0811136699569979 0.0685082499411677 0.167125759546675 0.163821691347553
0.0501173601605113 0.117277385795615 0.0641527803384948 0.170873715433508
0.00906384499717906 0.161494485658259 -0.0210417462382339 0.103687486358503
-0.0908485165796451 0.149618671600573 -0.0127862798738762 -0.0382618880160509
-0.140404544312706 0.104188283050015 0.130493468862315 -0.21590032358204
0.0564883578659256 -0.0363309488198954 -0.0760964644324571 0.279183902383423
0.0101043237601541 -0.0773681375528875 0.000124741015705411 0.0953115673392647
-0.0237911289301484 -0.0702627535412151 -0.0261839047054209 -0.0862879924187007
-0.0376671449798929 -0.0205000212667591 -0.101454064854631 -0.143923375985219
-0.0182846328160571 -0.00594009419555671 -0.209517162516045 -0.128826004150218
-0.0134735967036648 -0.0197457741284385 -0.259549608429161 -0.0283438566250459
-0.0284900400442364 -0.0239178238562617 -0.214202862140341 0.0624824449722818
-0.0321616150914057 -0.0189986473639331 -0.145278193736434 0.107306545330443
-0.0288993412420603 -0.0329859319528048 -0.101170537715694 0.124123770538755
-0.0080902600119658 -0.0446522206509487 -0.0726139681693431 0.133049368039778
0.0063345525534183 -0.0406187707618659 -0.028180588470426 0.134789610051904
0.0109531178491519 -0.0363193186022579 -0.00172891021659039 0.17040549439406
0.0211488587940482 -0.0509534809949473 -0.00182950919452635 0.207862703045116
0.0529067049214325 -0.037367228486013 0.0362076252866856 0.23970512669386
0.0792969666012778 -0.00381597185311909 0.0603872868132953 0.228110048213199
0.0368151713267237 0.0856535009881273 -0.0876703913287693 0.243762477361026
0.00534138089055215 0.0312093724130391 -0.00686318946340229 0.0653907493041397
0.00563416733954335 0.0318628794072554 -0.0370708482385477 -0.116740210162551
0.0137817781452479 0.0532596977949017 -0.106949776150222 -0.163040081867059
0.0543301213171068 0.0320195067806779 -0.214438431942791 -0.14531249778167
0.06158456010663 -0.011636642947177 -0.257782944100108 -0.0436760903900418
0.0461017894812606 -0.0451866344094402 -0.216917814500461 0.0464067425710918
0.0274910337936962 -0.0597209575305646 -0.144170446076235 0.0950402268457755
0.0334208773522218 -0.0810469218219627 -0.094823139295212 0.112919742101172
0.0607504226731285 -0.0737379573213365 -0.0587919270425977 0.117474334247052
0.0888758966937017 -0.0576325158653491 -0.0124457333237469 0.124236877613532
0.107907771881183 -0.00829702625223197 0.011554509670604 0.164655242194268
0.10537898129207 0.0221715611950605 -0.00402859818189138 0.201107033976125
0.0872074090149386 0.0657274874208571 0.0316833645133059 0.217525456791896
0.0819523019496915 0.116408522890176 0.0528735987977615 0.201498460363347
0.012028469824027 0.19871348611188 -0.0816376066129165 0.176132882518598
0.00104482002210969 0.147244312278476 0.00680571570771658 0.00809328340361764
0.0437084402461553 0.140212140613526 -0.0369027898770191 -0.166386293490716
0.0783767951829653 0.124654900542162 -0.113256869878702 -0.188873781540464
0.129615513188068 0.0615325630834236 -0.211623076571928 -0.151651377577971
0.132236914521277 -0.00620551063937749 -0.235335685484032 -0.0528470450083028
0.115356455440916 -0.0626595735410731 -0.194642311790842 0.0269182745932406
0.0822846328263476 -0.0925279544030477 -0.122224097587019 0.0694013800610628
0.0878511977949747 -0.118200015219612 -0.0707158879243339 0.0839030018044797
0.11771699042122 -0.0939563262843978 -0.0288560236328813 0.0860948000493389
0.152481670432114 -0.070751946486893 0.0196153466544392 0.104013168002098
0.184018177978078 0.00861803245404557 0.0355951160323079 0.154841924868548
0.17602409514719 0.0780891511282481 -0.00193607159789099 0.191925877333171
0.114714566625044 0.150247785836534 0.0131106788917325 0.185472158514744
0.0753766047195732 0.216882142007803 0.0368174254848372 0.142431737585763
-0.00952098736509486 0.283401843691957 -0.0648354890345528 0.0804277341099829
0.00579371862336249 0.250487092664408 0.0283757107316522 -0.070510599286917
0.0941237141036494 0.236287771945831 -0.0304578048510547 -0.222471088745428
0.152895091367267 0.178159381555013 -0.112232028099881 -0.215309705032168
0.199877200780956 0.0720108015099489 -0.194881129708481 -0.150172894691347
0.188154374595336 -0.0103874160074744 -0.190414292432259 -0.0591524755833481
0.167377654845617 -0.0765484818938501 -0.148789709668348 0.000413120909321582
0.124534010615508 -0.111818363658513 -0.0828576457448791 0.0334971024103785
0.129695260669593 -0.134329402118775 -0.0331937629989795 0.0429850977030771
0.159730497731571 -0.0938902164356444 0.0136504405656027 0.0456542558098938
0.194147179516718 -0.0656402206159433 0.0601217917531852 0.0785518994779029
0.227075818818518 0.0315767504876733 0.0613634582234515 0.140994691225858
0.214911612366951 0.125264232126276 -0.0016557896823776 0.179167435086197
0.119887771945983 0.214016874847377 -0.0147568066330625 0.145348349140316
0.0518202679735293 0.283714681111525 0.0174997789241594 0.063688580659419
-0.0257545579654547 0.322348879746299 -0.0476025519724109 -0.0303664272670709
0.0142018066178269 0.312597777227849 0.0404382948426819 -0.157277241426657
0.136264956258059 0.292868893652896 -0.0217710419198836 -0.266474644342298
0.210134610849568 0.199154149299649 -0.0987438415968311 -0.229984474569001
0.242178807317891 0.0643549198213577 -0.154321466970844 -0.145153940211552
0.21412506310623 -0.0192296282422808 -0.125702016564918 -0.0706982653386987
0.192726955204453 -0.08193474453583 -0.0871149488371855 -0.0321188076062281
0.147126056521634 -0.115144311028812 -0.0318797652852247 -0.00646581289088421
0.153662752994878 -0.126610456453323 0.0159412425233964 0.001379123495593
0.1816427271816 -0.0724073995708077 0.064268362378255 0.00853834461872408
0.20874679543863 -0.0376733226348705 0.104810371180782 0.0577219696775712
0.232627401037074 0.0664239135364607 0.0841711426109234 0.128147740365908
0.212260062247456 0.166458356290425 -0.0014155621604544 0.16060336945252
0.0973631378306412 0.251030771276392 -0.0401800536441168 0.0989921690776516
0.0130083289341606 0.309261419132623 0.0037443472535081 -0.0244339112156542
-0.0337893606860192 0.305157966170055 -0.0375774725644226 -0.134662614283377
0.021262266564638 0.313734440339689 0.0350312779511749 -0.233874306265974
0.151155272382402 0.289739796316773 -0.0178864677824079 -0.284431043869845
0.223157220795285 0.181827583063047 -0.0746408118222704 -0.225611868128221
0.239514402264931 0.0458316405345759 -0.0975475226657456 -0.138012488872761
0.20358201399308 -0.0256552838352214 -0.0532919837861745 -0.08609131214592
0.186037305583417 -0.0756254976032196 -0.021476603902895 -0.0660434235029427
0.146090466743049 -0.100216199960689 0.022930838855657 -0.0448400754290186
0.155856812040029 -0.100012456710142 0.0710887473357892 -0.0323364728402415
0.179526833804591 -0.0378925302386528 0.120065161781824 -0.0135651891098244
0.195621447873691 0.00140080485615282 0.148500438688692 0.0517001715499459
0.200971135580165 0.101610518801097 0.101585173693788 0.122035053883407
0.174050685451598 0.191143261131616 -2.35559613634658E-05 0.138470838268502
0.0517433943547258 0.258251804790491 -0.0524187170572444 0.0495206559559077
-0.0337533485187695 0.292403625820457 0.0042633090963306 -0.110519048259245
-0.0407945160229986 0.234056496968535 -0.0372420741856578 -0.21189344896122
0.0182672022950023 0.254330107100784 0.0126624505809026 -0.281071057079681
0.130143704313194 0.2306484556944 -0.0166694011936388 -0.274319265118591
0.183396345815244 0.13309701054825 -0.0466631030292835 -0.207460358767611
0.186389800299382 0.0290363472698852 -0.0384766175321233 -0.130814891146942
0.158006627169067 -0.0203731512027671 0.0110597259079835 -0.103148746963757
0.14888750055811 -0.0537878401237863 0.0360559201696461 -0.0971228158567847
0.121773917686243 -0.0711817088059971 0.0731384893190098 -0.0738760094712638
0.131871854981666 -0.0627028295662176 0.12616626161664 -0.0522967380027455
0.149556452405356 -0.00575790431676129 0.171010356559088 -0.0154345325561062
0.153994598469097 0.0315445846872958 0.183176413614844 0.0645200776531768
0.144274930844766 0.113697398485139 0.110558523902481 0.124213505334353
0.115653919061463 0.185175627465802 0.00546789927907143 0.11615075828521
0.00315736910534643 0.227836865400862 -0.0445560743848797 0.00334561622274005
-0.0729834311221566 0.233158355632149 0.0224036957082761 -0.182086851908491
-0.0518497070493687 0.121752684490096 -0.0413034916499157 -0.247990380201912
-0.00226930973987182 0.151769624378437 -0.0116824734103673 -0.291381385402846
0.0730616874535893 0.135710302388684 -0.0114087602927325 -0.245958435508023
0.0991590970015563 0.0754891342801212 -0.0212796183542058 -0.186909602282069
0.100755102331095 0.0239243536018722 0.00610963858981488 -0.12816182580787
0.0899289704891587 -0.000624617445686903 0.0533495960118551 -0.116994875478344
0.0917744792115855 -0.0165016277851575 0.0776613114808605 -0.117559021821837
0.0791585982485858 -0.0308795433883963 0.11096572388677 -0.091419413011893
0.0860920046832644 -0.0247737573809162 0.17022896582426 -0.0574797230462302
0.0953416371188378 0.0106840591558779 0.208790201985966 -0.000616343325178252
0.0948814801310106 0.0340251926183253 0.202956424456418 0.0888154910029627
0.0845396660210623 0.0891451233553633 0.1131562226776 0.13071318018408
0.0615184025097976 0.139807889693588 0.0181516954268438 0.0994461021651248
-0.0289298880350166 0.164154434899568 -0.0205523565248375 -0.0283626955108218
-0.0917459745034494 0.142741134574427 0.0531534636633314 -0.230631957473419
0.0514095897553871 -0.0356159574413761 -0.0621789359674852 0.269668404703418
0.00674891282947016 -0.0725316122604091 0.00613034296857176 0.0896492272033745
-0.0249966354324554 -0.064882587544307 -0.028006053921325 -0.0846545908053513
-0.035029430077373 -0.0177155069805523 -0.103890697003411 -0.137333432388582
-0.0150821446163199 -0.00545303288171013 -0.208735358289361 -0.116990963510102
-0.0132126693752082 -0.0192355232092219 -0.251876514787335 -0.0166438722477955
-0.027982610039223 -0.021752124760899 -0.204223212532685 0.067175425532832
-0.0307210279696098 -0.0168068946749299 -0.136545989244737 0.10778693000315
-0.0289932497855135 -0.0311928434527806 -0.0926469528138573 0.125614830772025
-0.00996318278550133 -0.043231432275966 -0.0643879523500149 0.133271868947158
0.00473621701655607 -0.0396768312347753 -0.0224848642669534 0.133139685647033
0.0107063107666382 -0.0349959909278027 0.00510363504687141 0.165513692746954
0.0185359873995466 -0.0493458977975716 0.0058772414203068 0.202205583990795
0.0495996040968689 -0.0357133857209915 0.0426893044256979 0.230229918825459
0.0753341608480953 -0.00639774738770015 0.0654840357952878 0.222360784403339
0.0380295447516961 0.0831132202927669 -0.0739478806517649 0.235900782783406
0.00662827868252407 0.0330991670321917 -0.00163976990873603 0.0612513000670324
0.00791076898838094 0.0322604484458649 -0.0383818612644834 -0.11328344802269
0.0183099480299562 0.0523618688703572 -0.10847715654521 -0.155877020666661
0.0564414388953862 0.0284956473186004 -0.213355052901053 -0.131976840544718
0.0602159655548765 -0.0139498401205643 -0.250557615251722 -0.0324312700845317
0.0434887326417273 -0.0467711593038288 -0.207385744505221 0.0526370171062022
0.024615382764386 -0.0588720524443379 -0.134847305190508 0.0957841620407586
0.0290846451594384 -0.0805419389248703 -0.086065924104169 0.113461605565859
0.0564206716468333 -0.0741553103635641 -0.0511729093427296 0.117433072278883
0.0840676789759883 -0.0597202082707285 -0.00702272806423852 0.121657929603186
0.10599487989406 -0.0123537966108331 0.0179651889988448 0.159794755784905
0.103000305235856 0.0180854927639067 0.00447097175244515 0.196181876299285
0.0865407361952367 0.0624189999101565 0.0383472832616522 0.209877613728396
0.0818981258139521 0.11017364236175 0.0585471266629795 0.196671919261306
0.0191398720069854 0.193301402402366 -0.0704744501009356 0.169399578397967
0.0063011300773579 0.145015211452065 0.00964443027247902 0.00562582828891775
0.0488013763684805 0.135829346991973 -0.0389744949168789 -0.160814170204097
0.082482176239681 0.119881013368292 -0.114017568732663 -0.180843705721971
0.130242257994717 0.0543146137286134 -0.210485714606453 -0.138435252617799
0.129875865723649 -0.0122143740624202 -0.229238245749302 -0.0423957028766128
0.109624834127464 -0.0660684876615585 -0.185596559520489 0.0326828406049463
0.0759019044665755 -0.0931273797343273 -0.114352054455946 0.0701225743286081
0.0792890593844826 -0.118101361156489 -0.0636406279126217 0.0839529173067965
0.111172018966336 -0.0957926586360077 -0.0224929283552996 0.0854330052103907
0.145144295285481 -0.0750308653056717 0.0240804690480777 0.101191779741421
0.180207086349175 0.00129394280728399 0.0410128544742012 0.148991320621463
0.173318331703563 0.0694177945028886 0.00683381732739894 0.187601368839796
0.116807602468635 0.143323052028064 0.0198989166649681 0.17965925719183
0.0809145355246891 0.207982855760602 0.0417638982927301 0.140179947910614
0.00246610747315053 0.276438032301843 -0.0568382625408654 0.0754235461746235
0.0147316072199411 0.244296009212402 0.0274677131488643 -0.070981054307889
0.101408142533386 0.225578980839861 -0.0346067315112113 -0.214615724858262
0.156962974564781 0.168369004332871 -0.113157103561314 -0.206029520657726
0.197990030696854 0.0613694688765228 -0.193109955414798 -0.138192982428129
0.18356749331807 -0.0183828947378448 -0.185643921166653 -0.0509579026183084
0.159477784059818 -0.0822954499049719 -0.141966227790741 0.0059462684023653
0.115275298301997 -0.114066063810195 -0.0775423983140687 0.0339237382020102
0.118935178474413 -0.135100432164952 -0.028296771524874 0.0427299475082451
0.151532210869489 -0.097278036636453 0.016439696838917 0.0443956342844088
0.184861627946833 -0.0718657022966177 0.062814804234289 0.074520088760227
0.222836884414485 0.0216923749913453 0.0657761427731782 0.134446718718403
0.212670005228605 0.113093364083529 0.00788976743155827 0.175468193690404
0.124455451967842 0.204299851506965 -0.00743674726884157 0.142090885841895
0.0614230995835907 0.273777331771381 0.0200572982869342 0.064177721893575
-0.0106643804467789 0.314154462448089 -0.0441253876592642 -0.0324320240673591
0.0257634360230564 0.302718984794386 0.036423942602381 -0.155304372987665
0.142822009738404 0.277317118179836 -0.0271823143318979 -0.256904356127908
0.211470658260395 0.185881458551024 -0.100375813295821 -0.219853006846056
0.237762150539867 0.0525500106622603 -0.153297426895918 -0.134622851313537
0.208117316749532 -0.02765625945866 -0.123653709490605 -0.0649244144395204
0.18306566467791 -0.0887051392418528 -0.0838162443696083 -0.0276138296077128
0.136255756279519 -0.117752823292074 -0.0297252224044584 -0.00649738184320048
0.142969579759348 -0.1291502171571 0.0173650064992039 6.60420343263642E-06
0.174300390633104 -0.0779955524289057 0.0639091260803183 0.00589443892545512
0.200466659490541 -0.0453617102987545 0.105285834826992 0.051989841455891
0.229157731305576 0.0552748036090342 0.0876731171162285 0.121532427346103
0.21325858792468 0.1522821613803 0.00771741793174839 0.157756104600751
0.104074500202371 0.241036813397679 -0.0334291345756967 0.098142991736483
0.0250521317691123 0.301166945036532 0.00374678382751125 -0.0214081083331661
-0.0186157508604462 0.297948194632156 -0.0386277532238014 -0.133289963799842
0.0334033845677864 0.303213222364588 0.0272908067722703 -0.229306480681429
0.157634191543216 0.273131232221024 -0.0253836827619913 -0.275183966596453
0.222767878147 0.168507272148507 -0.0774974637512097 -0.217455162644732
0.232885663921129 0.0344282049221244 -0.0979771520339544 -0.129803734233684
0.196767919702403 -0.0326508147627523 -0.0537794774767936 -0.0834203009720807
0.176408699235007 -0.0823245706452584 -0.0219017841995346 -0.0635688511583183
0.136055789389521 -0.103588386643098 0.022014986434373 -0.0451899398383904
0.145564498797571 -0.102702772630542 0.0694720302683404 -0.0342666755222712
0.173601384973645 -0.0439125469176904 0.116331262362669 -0.0181436986437427
0.188893233129658 -0.00631252811222473 0.147623375635207 0.0439683157641936
0.199027535013832 0.0909055604914707 0.104390149806497 0.114973987306438
0.175961783854927 0.178239844697062 0.00788245468068946 0.136663648282709
0.0605157552429291 0.247883272008657 -0.0465103956707673 0.0512834895523578
-0.0196886970804238 0.285378904261461 0.00100744431503024 -0.104731904236767
-0.0276259886501769 0.228000531816787 -0.0417605802834593 -0.207245486022795
0.0279500972612024 0.244499957271401 0.00311729118022219 -0.274663416108006
0.134511575567406 0.2155897914806 -0.0243785696560737 -0.265596409608316
0.18117051327255 0.121739631954806 -0.0500936034115406 -0.200494178709123
0.180298556075363 0.020280827546095 -0.0400776396319392 -0.12623364815095
0.152268537409901 -0.0259317451289828 0.00717385872953937 -0.102754971962126
0.141614321249386 -0.0588015023410815 0.031934361452694 -0.0953555651327949
0.114075810925004 -0.0740140064798143 0.069045891965711 -0.0745400089463585
0.124522734192839 -0.0657930497407337 0.120654270122707 -0.0553759743183823
0.145313153390879 -0.01113270167102 0.165576369181396 -0.0219887302237938
0.15000729392598 0.0248687714701932 0.181189163323302 0.0546861518443823
0.145423499649409 0.105385265302944 0.112229141920268 0.11635231407585
0.118443045291574 0.173497226601866 0.0114309299392462 0.11468216189949
0.0118980997060497 0.219969358616452 -0.0413849991867248 0.00661102380174585
-0.0601459575039697 0.229426815814612 0.015861298793107 -0.175297630362848
-0.0426920938688025 0.11936947644462 -0.0469894308871127 -0.242014909070488
0.00475224226002875 0.145799457479057 -0.0210699830304056 -0.283688685882934
0.0754241245176625 0.126732325907516 -0.0189222625371171 -0.239449361924707
0.0980349207555682 0.0695876825486115 -0.0253379464665147 -0.181236691854817
0.0970263601862103 0.0181572376276191 0.00232283351599078 -0.125181977640271
0.0864825752085048 -0.0036061250149041 0.0473275937927214 -0.117535682564607
0.0878340038839913 -0.0196077583330905 0.0699799609067245 -0.116371800907004
0.0745358272108818 -0.0327461571802304 0.104652149973333 -0.0921473928627316
0.0814362721057964 -0.027174565708595 0.163179120038924 -0.0618210241777094
0.0926026640481753 0.00729203880954335 0.202033979352558 -0.00920922121213789
0.0931537480460782 0.0296374453227083 0.200739718391163 0.076974345110498
0.0851568964783634 0.0841037026833188 0.115216824021394 0.123554729356382
0.0626199950599901 0.131688752772833 0.0223563052755379 0.0981429893064469
-0.0218123185894692 0.158875744009603 -0.0205662234254339 -0.0252417897040638
-0.0821987766499648 0.141001872470475 0.043286749038008 -0.222902043892846
0.0483900521972738 -0.0357388671815842 -0.0512133588908102 0.264356779817305
0.00488497040900601 -0.0684914764274357 0.010807415203577 0.0852724743738051
-0.0260620813441668 -0.0609412214576497 -0.0294394643032603 -0.0838942854524239
-0.0331428150588118 -0.0167437292702421 -0.106760134655501 -0.132476405814669
-0.0124969452722536 -0.00570041027082288 -0.210090399523943 -0.108376242157912
-0.0130540570266536 -0.0190634545302147 -0.24878908841565 -0.00704242728977543
-0.0282740736954727 -0.0212803896939862 -0.19885385150824 0.0732932908525503
-0.0306617538344719 -0.0158791500014323 -0.130897898724922 0.109270180595211
-0.0290942969956469 -0.0295983435415413 -0.0853825680542601 0.12721254399282
-0.0113842536325087 -0.0426376473524458 -0.057871657204296 0.135105623729291
0.00430433972916683 -0.0398167705909621 -0.0185196173933113 0.132728801974086
0.0106391192522374 -0.0353059968609294 0.0107751915416037 0.163565544517628
0.0167354769812662 -0.0477791840502333 0.0127889675957565 0.199998106501429
0.0473472192716329 -0.0355867859972883 0.0482474312892301 0.225712156754147
0.0718893274068428 -0.00862544297999712 0.0718984623685862 0.220399222803378
0.0394451004424503 0.0825011170020213 -0.0629956356788992 0.230656193258632
0.00756185876896978 0.0351905479038129 0.00223936768333983 0.057449825301946
0.00966513070163362 0.033674212677052 -0.0399119192231411 -0.11139857471242
0.0219854351018568 0.0515176406402814 -0.110855307767234 -0.150821596904601
0.0591049151254575 0.0251409743140887 -0.214421934935133 -0.123244714076691
0.0599066687153385 -0.0164708467980377 -0.247713765421166 -0.0226144045008955
0.0412888251731018 -0.0481890185154605 -0.201314508130657 0.0584286652541209
0.0224297341410089 -0.0589790574810084 -0.129186100528512 0.0972275753456864
0.0258115030598935 -0.0800338262705786 -0.0786904801529801 0.114888022435608
0.0534408530566002 -0.0755154744507911 -0.0443953620427167 0.118570099393663
0.0807468690497743 -0.062605293733882 -0.00203413859179251 0.121913997003276
0.104949798509228 -0.0157603128918287 0.0242804405572985 0.157372080532998
0.102096519616598 0.0141353217951909 0.0124728503471866 0.194538717492355
0.0878492139771751 0.0602766742274271 0.0443795520170021 0.205181636224387
0.0838619326607996 0.106082587590142 0.0643632095267114 0.194750851542266
0.026031088165916 0.190967483413232 -0.0612337318157401 0.164841282969523
0.0116098382129507 0.145416427552752 0.0121254387183578 0.00221992796765719
0.0538524851786242 0.133216643806221 -0.0411650091897632 -0.157744055933931
0.0881507279631911 0.116442185748748 -0.115061513697931 -0.175483846649876
0.132580746161345 0.0485208698829456 -0.211170700719568 -0.12867584229122
0.128536211452782 -0.0175301103806277 -0.226595906628952 -0.0346278542329729
0.105798255993052 -0.0699736641016967 -0.180332573938455 0.0374982999591861
0.0711359767110473 -0.094632700626291 -0.109335663826422 0.0709131201288102
0.0732236282397154 -0.119251395341391 -0.057519895100776 0.0842759197231973
0.106864061366328 -0.0989952232969677 -0.0174406126517443 0.0859267931220302
0.140257923007151 -0.0794216925290937 0.0280631586580378 0.099008907606343
0.178760129468676 -0.00540428678558942 0.0468288471582498 0.145732113945175
0.173766396865162 0.0622549866526886 0.0154425377251126 0.185940631008914
0.12066537858512 0.138812156375502 0.0260259754207241 0.176134632865845
0.0869373045750081 0.202728235903939 0.0463432316486335 0.139512211812497
0.0134095241565986 0.272825623850671 -0.0511529833503621 0.0719321029333587
0.0232750840485264 0.241543138462161 0.0274664372662313 -0.0728413085845703
0.107377303559572 0.218741937395336 -0.0380372606544703 -0.210724792882609
0.161825358411099 0.161630441784577 -0.114670159223485 -0.200785921155207
0.197712168946168 0.0529725396204713 -0.192775711192081 -0.128150932491041
0.180843613439169 -0.0253088926196552 -0.183179994225582 -0.0456240500280704
0.153670796557087 -0.0878055379434444 -0.137816088424568 0.0096669156281397
0.108361713168725 -0.116604959992113 -0.0739063629928111 0.0343245595016325
0.111263464428716 -0.137342016855572 -0.02420368499766 0.0427714816682503
0.146339647032157 -0.10214400015624 0.019174383292542 0.0437850254846035
0.179301350103692 -0.0774799218816257 0.0660899271331358 0.0713123555404824
0.222095760637711 0.0128611514580584 0.0710406932982158 0.130501176035889
0.213767750126569 0.103415958390204 0.0156897305218555 0.173873826209681
0.130867662678799 0.198468794689003 -0.000850846960058451 0.140440491812222
0.0707655789469864 0.269082995223728 0.023076843969059 0.0654480013946236
0.0031710779310169 0.309889094041414 -0.0426151285314375 -0.0343149415079972
0.0364258720588138 0.298556429529309 0.0329052016599982 -0.156075508483185
0.15057154998716 0.267356538305316 -0.0323996973947404 -0.252961430542833
0.215353848592631 0.17703155114461 -0.102522827933958 -0.215290272736534
0.235512218714868 0.0428155095123123 -0.153406474505663 -0.126321655872916
0.204600734903092 -0.0359367055074985 -0.122485534943672 -0.0611800749071323
0.176568558026232 -0.0959595219007289 -0.0815764284572611 -0.0247927770330636
0.12846788174709 -0.121224426963011 -0.0278792901033259 -0.00707852727159981
0.133952483661741 -0.132615718098417 0.0189709554966181 -0.0001913603256849
0.17019345520418 -0.0842394685074969 0.0643690967161561 0.00373420829834136
0.195504001734691 -0.0522731808485336 0.107520569953926 0.0471594922772507
0.229077913269472 0.0463532480152691 0.0919971078008012 0.116571768883058
0.215831207451912 0.142768023425524 0.0155969410273944 0.156133090399113
0.1116337471698 0.234960680225275 -0.0275610313259458 0.0986788605337882
0.0367671793856814 0.296455766561371 0.00384840475582567 -0.0182089007270597
-0.00598592196834064 0.293556309453019 -0.0399216733219797 -0.133774360531447
0.0435583386589589 0.296691044412416 0.021317671282159 -0.227419483200134
0.1638548753928 0.261516098213336 -0.0311891856419988 -0.270148102083707
0.225330514153814 0.157994813772794 -0.079720236784868 -0.212673486566262
0.229640000037007 0.0248789254056806 -0.0988919307121883 -0.123693333308061
0.192641710664913 -0.0399103169788234 -0.0548295917052372 -0.0815495844961275
0.169758389900735 -0.0889787907998275 -0.0226427931966751 -0.0616631833112198
0.128495249435759 -0.107227138463282 0.0215247652648453 -0.0457441509463254
0.137757079548314 -0.106614370140682 0.0688079075641229 -0.0367439688001792
0.170486582021942 -0.05090073154646 0.115247299328648 -0.0215875850094297
0.185637072340138 -0.0130830411590442 0.147922947168198 0.0375786838369838
0.200676480292164 0.0828933763200308 0.108244101059157 0.11000987901737
0.179770494043967 0.168608545955788 0.0148519440437875 0.136211655510397
0.0687393102916043 0.242468970610861 -0.0427696634754358 0.0529361062379978
-0.00810399637062381 0.282599331882794 -0.00145652996487416 -0.100853869706809
-0.0166001984766739 0.224286931938679 -0.0459304239856672 -0.206394791334675
0.0368602234124199 0.238449257568608 -0.0049853893302238 -0.271950743114021
0.139034522250817 0.205728080344741 -0.0311052887491004 -0.261168187261866
0.182278057151043 0.114117363615095 -0.0535503434392499 -0.197384694049346
0.176243740270905 0.0133134430764319 -0.0420610493574077 -0.122574184112285
0.148453075779649 -0.0313747895181025 0.00452423582785454 -0.103430719679286
0.135691686718172 -0.0642069334506293 0.0291216458074101 -0.0940497967011494
0.108498527573581 -0.0763227589384527 0.0667008842275648 -0.0761911792463831
0.119218914855081 -0.0689199599739718 0.117695284119299 -0.0590294936623931
0.143211226178691 -0.0167814005932818 0.162787182805833 -0.0277340209136116
0.148234249102839 0.0189427515987438 0.180838414051321 0.0475887072880582
0.147209318515039 0.0995508764275545 0.116156879020877 0.11186384194674
0.121830671770321 0.165484748346738 0.0175642425713937 0.114485392509325
0.0199709094113633 0.215655842949863 -0.0392793325946017 0.00885103766173905
-0.0496062549873606 0.227732865081102 0.00976251158913772 -0.170844655160564
-0.0352679344106588 0.118685814768247 -0.0535581519461776 -0.239668807552432
0.00968755273878736 0.141373585326487 -0.029484978729512 -0.279434403117888
0.0773174799065509 0.120066148537537 -0.0257390097568423 -0.235152815247798
0.0976887902733214 0.0648951208146048 -0.0295414093071176 -0.179070177709022
0.0942081331969936 0.0140121524280479 -0.000967898236190789 -0.123478612629217
0.0838907061869474 -0.0065264067124908 0.043389023401421 -0.119223768484861
0.0844317590794188 -0.0231407875739465 0.0648673335651314 -0.116437603420813
0.0710584716297599 -0.0344373682749328 0.100146006769178 -0.0937080010373013
0.0783235559704477 -0.0287328718926091 0.158923725930163 -0.0663172165597672
0.0919209973119546 0.00354627795260702 0.198795913372828 -0.0163546024151039
0.0925191109567367 0.0262077094708009 0.200756593741851 0.0683567177808343
0.0871154100335339 0.0797818058047334 0.118230785737286 0.11861956915784
0.065520448954165 0.126395459329219 0.0262438556608489 0.0980681813875848
-0.0162836300088129 0.155384547142538 -0.0198373344125295 -0.0225036406710528
-0.0743478058746333 0.141454551479645 0.0351305887806064 -0.219516994267524
0.044629003444631 -0.0366753146774446 -0.0373919441235994 0.261355238425575
0.0019110985454144 -0.0657538159452413 0.0163171843465667 0.0814163013078816
-0.0269118495055925 -0.0573721990682888 -0.0321971069116374 -0.0829051678106921
-0.031611545242014 -0.0149239628347062 -0.111314190725336 -0.12805480373041
-0.0109736902178148 -0.00669355957883141 -0.214158104989106 -0.0966252618553764
-0.0130892308311453 -0.0184506614582299 -0.246875743213349 0.00581001902577498
-0.0286612118257553 -0.0197903389011942 -0.19345009364087 0.0811503146322575
-0.0297010541621173 -0.0140437544459104 -0.124835095176201 0.113846915145702
-0.0300196715228765 -0.0284056843607538 -0.0777836633741374 0.130951010919155
-0.0136968570163049 -0.0417423119092414 -0.0498125447940423 0.137792735626221
0.00245976659276673 -0.0407602557830126 -0.0116186620915315 0.133456430889854
0.0106381967926954 -0.0355232736264275 0.0185944801555903 0.161041065939295
0.0143332384281183 -0.0479263915511301 0.0218246783048915 0.198143472175408
0.0459152906642364 -0.0364786493868058 0.056802931004364 0.221100273355037
0.0692408109062238 -0.0119558683719105 0.0816968494312641 0.218295244727575
0.0431591038057736 0.0809474328217066 -0.0509534806013112 0.227787681393791
0.00967723431402415 0.0376485137254494 0.00750082762889819 0.0542469206093777
0.0129015670000799 0.0345462553872175 -0.0426772271999299 -0.109447416322189
0.0265914364006055 0.0506508844227359 -0.115292660214 -0.146109143380145
0.0615767075942495 0.0210007487732388 -0.217497525372976 -0.111687588783194
0.0599444396700955 -0.0200775880309649 -0.246419799107875 -0.0107531608210055
0.0388449400901748 -0.0501837228342262 -0.196347961356908 0.0663581781676522
0.0195956797364073 -0.0599500919984963 -0.123433389536054 0.10092766047839
0.0211005500455614 -0.0809723198260633 -0.0711953968893747 0.117710619348649
0.0494076041833546 -0.0782168610019271 -0.0367563704469885 0.120764429436777
0.076969553376385 -0.0663094537266883 0.00409567513211314 0.121618776086621
0.104576655244913 -0.0215133377775902 0.0324837730355287 0.154610700393819
0.102550676425745 0.00994633349718178 0.0228640106414503 0.192527342590606
0.0905713870256502 0.0569534440571713 0.052850080999456 0.201575970822689
0.0876200841047048 0.102122184980701 0.0741651392788064 0.193435424262518
0.035602304160116 0.189372220867742 -0.0517044430637879 0.161929400981314
0.0186275706188079 0.145576701197441 0.0139607956922498 -0.000169750825999038
0.0602775784101187 0.130496666828176 -0.0460901644559164 -0.155373462049378
0.0950807325197628 0.112652008959316 -0.119906553122039 -0.170483919406724
0.134403871671029 0.0404649103866017 -0.213767820322924 -0.117201367215005
0.127917710367133 -0.0245873140683008 -0.225222630602656 -0.0236404954832857
0.101475415366309 -0.0762436936235978 -0.175638657288773 0.0453304775597185
0.0656174761787834 -0.0978961173250319 -0.104491430820886 0.0736350587628434
0.0655642455987561 -0.122141797426081 -0.0508083937456053 0.0865236572926789
0.101449266828641 -0.104652248297144 -0.0113847432049938 0.0868735973494405
0.134555356356685 -0.0860612548566682 0.0340497695096733 0.0978806235368972
0.178069800093039 -0.0146526763049319 0.0546705692110534 0.142264139302235
0.175473966432052 0.0537254733820887 0.0266379974866579 0.184421225839546
0.127449814067748 0.133311967344782 0.0346547341950423 0.173067442871673
0.0955457043823141 0.197659503861958 0.0539033688892682 0.139575415549932
0.0282299471093464 0.270507573659291 -0.0456209186360244 0.0689570228796039
0.034716242898025 0.239955912409857 0.0257196502740556 -0.0752372704331488
0.117324959725184 0.211677533089392 -0.0446929496461956 -0.207374536030526
0.170456693212264 0.154179743502009 -0.119846679033652 -0.195250584164904
0.199809444702117 0.0421136093757727 -0.195626239982948 -0.117715282137652
0.17881378750415 -0.035295696780527 -0.183232266109329 -0.0368018141864184
0.147941173498056 -0.0963095764597678 -0.134526296349438 0.0157127131652575
0.10051005885967 -0.121142721268578 -0.0711422489543515 0.0355080672710519
0.101634852364172 -0.141781750051786 -0.0204045198687716 0.0426091402303624
0.141176969849141 -0.110391864058185 0.0228574000341764 0.0426483762801283
0.17338197991961 -0.0858700080141873 0.0693661429999932 0.0672518967702628
0.221736323716555 0.00121454620865065 0.078172726798893 0.125936954428691
0.218069561748665 0.0921520550395692 0.0270542923133721 0.171890804249721
0.140361483536857 0.192123655323963 0.00680917874941682 0.139103517356241
0.0845413669204014 0.264068109771052 0.0269966981507319 0.0666972710943387
0.0202973618280996 0.306341418669311 -0.0419200994488079 -0.0362001890082558
0.0508594735555001 0.294328860588124 0.0271059081600985 -0.157293010539138
0.16130473670366 0.257404701531755 -0.0413451303564968 -0.248780423377194
0.222791363459432 0.166884617556047 -0.108241441776225 -0.210331053401998
0.235438911945702 0.0302038399579571 -0.155525851135929 -0.118295125543887
0.201772462036718 -0.0461476772743852 -0.123317512792446 -0.056485003213444
0.169776698165488 -0.104930153625264 -0.0808597932104106 -0.0209730069438075
0.12024820754216 -0.126303664620684 -0.0268728777446467 -0.00754230796528785
0.125127195977396 -0.138193765602103 0.0204768940471811 -0.00236251420681898
0.164963386960437 -0.0933374501342251 0.0650266108927131 0.000311540499664872
0.190970182887404 -0.0610325634299813 0.1098528128325 0.0418843551751387
0.230832249843818 0.0344646287093203 0.0985706579126116 0.111906009494066
0.220848265719328 0.130269747658974 0.0259608127654381 0.154895886625743
0.122949015353486 0.228089136088719 -0.0215540803960017 0.0992053528671522
0.0525375130858967 0.292828207497251 0.00409646546419966 -0.0160945720038474
0.0118977532112637 0.290367661320914 -0.0442307006449861 -0.134881713417601
0.0579101112830291 0.29189629412081 0.0116429616811991 -0.227579362692361
0.174195600816316 0.249696003070639 -0.0414142767983328 -0.266390835347299
0.231000111295833 0.147241330345597 -0.0868148235933737 -0.209145489116215
0.227801407400331 0.0136828731009885 -0.100857295624384 -0.118598843330674
0.188789868865457 -0.0497199230737959 -0.0575812527722484 -0.0806660665331358
0.162885643025267 -0.0974136277646871 -0.023700654547314 -0.0609417291896283
0.12080329746341 -0.112066514958987 0.0201665896021154 -0.0474888111953602
0.130398358662105 -0.112339651096188 0.0673505912614361 -0.0403374438523598
0.16725232450806 -0.0601855350881035 0.113542943032698 -0.0279123926429329
0.183192525482153 -0.0214719753016146 0.149079022239632 0.0298023171723867
0.205060972986082 0.0721135982092486 0.113927729476659 0.104271844201392
0.1866852691604 0.157503894677556 0.0245313308290568 0.134450394636624
0.0805474638966406 0.237553775331218 -0.0377841636023629 0.0546624706924798
0.00830971470879313 0.280866668726697 -0.0058429328463206 -0.0977326103127517
-0.00259625122134804 0.222092246188037 -0.0543703571733868 -0.205622665431488
0.0481038844788351 0.233050761063685 -0.0170948139726927 -0.270058503784125
0.146113299839291 0.194996989861657 -0.0412404720688207 -0.257846550533258
0.184446905432529 0.105603176397788 -0.0599203325829586 -0.194191888548215
0.17450923298953 0.00431577039342495 -0.0456787439283631 -0.120356945594582
0.14491277715461 -0.0386182754608255 6.78118697874776E-06 -0.104744849016214
0.131235208963518 -0.0708553431536947 0.0249517217205594 -0.0955935785766415
0.102482023428037 -0.0809218260000281 0.0633262111248725 -0.0791442556045321
0.113721825149959 -0.0739720279121557 0.115656081158976 -0.0635975798662297
0.142523055817468 -0.0245880842343662 0.160320696926448 -0.0352462628522247
0.14804321889539 0.0124831744746574 0.182417179081668 0.0371481523742164
0.152019022275032 0.092038610535966 0.121873487728768 0.105859027818658
0.128608414098418 0.157011859362037 0.0252506676770404 0.113640663215618
0.0306144801041652 0.211808812951054 -0.0367549608620011 0.0116948670717974
-0.035562268621483 0.22831253714757 0.00229620616044294 -0.168474280334059
-0.0267657296547486 0.117626996500542 -0.0643016028644603 -0.238009324177769
0.0171551439609857 0.138012673802814 -0.0429348691977083 -0.276850297796233
0.0809835574913437 0.113557386621093 -0.0355051540694081 -0.232574206465016
0.0983875510961955 0.0603665196478762 -0.0362656769236097 -0.177083878138512
0.092617680324213 0.00933359804195281 -0.00553332658988334 -0.12369835346716
0.0820399029270901 -0.0104496634768462 0.0374046551424177 -0.122099381987053
0.0816803412105618 -0.0267609725595506 0.0593140319552987 -0.118471097735578
0.0678288924814237 -0.0379020814182485 0.0956949605917152 -0.0976139464226085
0.0749940681024431 -0.0319292892316941 0.1547071284223 -0.0738773105857938
0.0910829086996307 -0.00144579951153991 0.196128269285409 -0.026058332360242
0.0921799754671814 0.0217141628461815 0.202022918358901 0.0580069977633534
0.0903247124364802 0.0757655483557288 0.124031768983004 0.112718049150781
0.0698201041140944 0.121718903814822 0.0320538026970616 0.0969039454747893
-0.00858245127692854 0.153412875579588 -0.0195696721365822 -0.0197081299545758
-0.0652293128454204 0.143205826131624 0.0241281122625139 -0.217408405791803
0.0406882546329362 -0.0371335655824507 -0.0202049154175023 0.255593524951405
-0.000688864407809875 -0.0618591665238021 0.0212299007275806 0.0763111536587758
-0.0290977335426481 -0.0528359138387264 -0.0350843391287557 -0.0805025278547962
-0.0298112419289436 -0.0133417548179856 -0.116116235595745 -0.120270750169905
-0.00959492051757467 -0.00685678070494893 -0.215990897865518 -0.0818781270589318
-0.013772279601873 -0.0172757881723346 -0.241419094243947 0.0218046309953341
-0.0298077653350809 -0.017846818156549 -0.185328659889779 0.0917127077976335
-0.0292723489484898 -0.0122665501665584 -0.117031517063443 0.118554754798189
-0.0310066496562828 -0.0256005259666693 -0.0669879825139697 0.133877644947442
-0.0158690291387115 -0.040540445038287 -0.0395846736481893 0.13891550835209
0.000220614269912945 -0.0407215752386663 -0.00386116495979758 0.132356554525446
0.00908140439659767 -0.0358834134928771 0.028602338287699 0.156881060487772
0.0117842257394527 -0.0468407595313339 0.0329259103166593 0.193753728739605
0.0433928871753392 -0.038139034150759 0.067622045600187 0.214570630951942
0.0653285051378525 -0.0160767638412932 0.0941283933527849 0.212551515448774
0.0469051166453035 0.0775706080778104 -0.0349387365279646 0.222896772536555
0.0133564271893809 0.0390150129064014 0.0115423811049412 0.0499458366062812
0.0156767087538813 0.0345316504509663 -0.0464915776689403 -0.105884411262379
0.0315986607450864 0.0482254018452508 -0.119513891654679 -0.138548255729783
0.0632605793094413 0.0154044815396175 -0.219778434718598 -0.0952097389684466
0.0585465912533215 -0.0246363477621304 -0.241945395967593 0.0050503359974983
0.0349355906191746 -0.052658842328405 -0.188360186572286 0.0771480136808534
0.0164256234003069 -0.0598705725758848 -0.115989688368824 0.10520991392057
0.0149857958012583 -0.0807135287686232 -0.0609184707336032 0.119667690676763
0.0438699611856465 -0.0802244691095956 -0.0269856467883236 0.120921839499236
0.0715524535470129 -0.0697648542412855 0.0118014103985249 0.119509948484361
0.102624560263142 -0.0279109301887048 0.0418774764098148 0.149832424084756
0.101205707830701 0.00402179883648568 0.034633262746273 0.188057866452758
0.092867307066293 0.0518017486520859 0.0631648871420689 0.194865499328412
0.0912374006252929 0.0948028989541914 0.0855772722732006 0.18808557056773
0.0473862782239183 0.184320102930321 -0.0401689303093445 0.157732501342678
0.0281656033554782 0.14452504211293 0.0153175045757474 -0.00326911305886113
0.0680316973233641 0.124937605940236 -0.0516924663306748 -0.150510536438251
0.102342782283505 0.105116274190408 -0.125396541141896 -0.162905863942392
0.136817376616379 0.0308375164829746 -0.215964590227099 -0.103150197949237
0.12527369995146 -0.0331044142630396 -0.222065950805244 -0.00985916787526494
0.0944052211329623 -0.0818994367090494 -0.168424769813385 0.0544874904529941
0.0582885977939458 -0.0995022047726516 -0.0982001160769441 0.0764915885665689
0.0565381521561773 -0.123944441587431 -0.0433684203291838 0.0866586480903244
0.0928715551507406 -0.11037459076203 -0.00413686112786454 0.0859275017957479
0.126414115780251 -0.0928569970944487 0.0404821507646058 0.0938813517012618
0.175677180040063 -0.0262352132361603 0.0634124266053046 0.136113395657789
0.176332566169018 0.0417959611743286 0.0391160309477811 0.179603365761123
0.134482318636231 0.124338175150676 0.044449321966932 0.168026990280515
0.106439566438794 0.18860036476137 0.0628491343663631 0.135981767266024
0.0458590296119951 0.263667771342218 -0.039876932845382 0.0662430521228234
0.0499137917275516 0.234905602868626 0.0221155355214285 -0.0776388026083489
0.128105654975711 0.200609841788737 -0.0529138164825535 -0.201845549308686
0.178074569483643 0.142884832877259 -0.125868022419354 -0.187575530470568
0.199472849564023 0.0283489632993161 -0.196658667559608 -0.104208303230679
0.174368178613968 -0.0464608796582372 -0.18170096335115 -0.0263335520035667
0.138476288959812 -0.104707380126673 -0.129937584388084 0.0223594818420986
0.0911746156999583 -0.124963778407788 -0.0671782315806396 0.0370778624981145
0.0894312327596874 -0.14523801341611 -0.015721714795291 0.0419501516460747
0.132662568198566 -0.118873700113961 0.026045064815722 0.0403229246662142
0.164741493215491 -0.0944481844357166 0.0744519223253844 0.0621713992411724
0.219298776324081 -0.012974753147103 0.0857848079112335 0.118896336354928
0.219805244591674 0.0764246811387119 0.0394604982419002 0.167432413142927
0.150392616018619 0.180958702938373 0.0154632357536716 0.136496927907159
0.0999277708945469 0.254407695512644 0.0320278046826615 0.0663166950082973
0.0409160400315531 0.299821757827997 -0.0419210034645109 -0.0378996420045151
0.0683670778672888 0.28615962187131 0.0188917741541543 -0.157746210185074
0.17382234078706 0.242168966914458 -0.0521790655747623 -0.241980033671474
0.230643843753743 0.151845142228772 -0.115224927452389 -0.203000461262644
0.232719162829568 0.0151525367144943 -0.156987379347185 -0.106575099908377
0.19512207862319 -0.0585299235778687 -0.123762389575067 -0.0490087504915785
0.159358202712928 -0.114729303631656 -0.0790324852980383 -0.0172152193384581
0.109420449494704 -0.131154802444645 -0.026547932009557 -0.00780396024127776
0.11204104863905 -0.142922493619459 0.0208725443889777 -0.00435917431294636
0.157089906563629 -0.103750762426572 0.065148119005153 -0.00381913201238328
0.183191421477247 -0.0722619041715937 0.111141582849902 0.0330445227568298
0.230270160643605 0.0191063425602037 0.105332556615541 0.103781393873255
0.224792556561947 0.113477701608642 0.0375215909683548 0.150358944283648
0.13623232081098 0.217226457852441 -0.0142128359010052 0.0982182129604166
0.0714139447443374 0.283936463123334 0.00454243865650928 -0.0135538567724503
0.0318123734387775 0.282893491787412 -0.050943934406446 -0.133719263683095
0.0743939443038314 0.282207788695966 -0.00104000088069526 -0.225016161800013
0.185424272370332 0.234256765528931 -0.0535042110467909 -0.259469413065913
0.235917245056788 0.132418633933521 -0.0944868282633757 -0.201816573865053
0.222971069859659 -0.00063116675641583 -0.103497965896211 -0.111144429150458
0.181712408847687 -0.061089026685994 -0.0609904955405033 -0.0769269272581841
0.152210041716357 -0.106739406725347 -0.0257781421168002 -0.0582132810791297
0.109987011792682 -0.117010079842893 0.0174371706146553 -0.0494738495757125
0.119235037376069 -0.118141558473569 0.0643418973393983 -0.0441205724887269
0.161220941832499 -0.0708660436426276 0.11044505831078 -0.0345801207366031
0.178142416714891 -0.0323750741301529 0.149108700838457 0.0200183809087966
0.20715869506493 0.057821182454014 0.119915821808642 0.0957230768398402
0.192423069649024 0.14221789961465 0.034831595343302 0.131194069482163
0.094751537569101 0.228409330759888 -0.0331398603844776 0.0559780963097264
0.0273108421184228 0.27467894125357 -0.0104646045552751 -0.0937482014117661
0.0131339364047509 0.217448202724407 -0.065143155302338 -0.202566911561472
0.0607677333930546 0.224348974153728 -0.0317499743614244 -0.263902895167688
0.153418293112774 0.18159821313222 -0.0539591533199616 -0.249921894184256
0.187725911584124 0.0937260453448649 -0.0683489068063739 -0.189355782112853
0.169948185634804 -0.00625616877037357 -0.0499446459221858 -0.116327897087074
0.138805178170749 -0.0468019804198859 -0.00566345370437392 -0.104580416347587
0.122882464939675 -0.0781761256865957 0.0194575633644463 -0.0955537248157787
0.0941453681102638 -0.0852058261489105 0.0584322065511068 -0.0816080699445729
0.105665974647758 -0.0792971077237263 0.109296577504573 -0.0702421089798631
0.138486261661723 -0.0340993686956788 0.15543110827094 -0.0451727053478904
0.145513094571924 0.00298258142230111 0.181554178200213 0.0257935548364851
0.156168333153782 0.0805668860043579 0.127354909167653 0.0973099017553022
0.134955310974907 0.146360174803703 0.0342510092487324 0.111088774690136
0.0431523395644044 0.205639957939681 -0.0339750726025329 0.0139159424715122
-0.0188376028165709 0.225219437264792 -0.00766577333031738 -0.163635967359188
-0.0171041255722367 0.115687619416023 -0.076823779687826 -0.232935802740071
0.0250797732269777 0.132601368588036 -0.0584007032482666 -0.269118587837567
0.0848087253846357 0.105612905884075 -0.0470717070088919 -0.226326971793807
0.0990867715570896 0.0539383836775086 -0.0449303074908224 -0.17259777946489
0.0893899792128593 0.00360937597080097 -0.0112371683867966 -0.121685861530576
0.0781874957817174 -0.0151276049170946 0.0295229229867755 -0.12379403033471
0.077558629919201 -0.0316810129850847 0.0506917619534078 -0.119411281087473
0.0635139778026507 -0.0404468394252505 0.0886041181643075 -0.101312086531092
0.0710200244719614 -0.0361227721403536 0.147256392499175 -0.0817113937506583
0.0895420163180723 -0.00729830233582385 0.190421599531598 -0.0377455175623049
0.0912909679064111 0.0159313012526004 0.202150907723733 0.0450369706476712
0.0939048191166165 0.0688628036913673 0.129463533880677 0.104610426560712
0.0747054727914727 0.114523602302465 0.0397292724115489 0.0946727477274193
0.00101801889088688 0.149687645372895 -0.0199273374453872 -0.0171767404406416
-0.0535113197646758 0.14430007811496 0.0105526046492999 -0.212730870730244
0.0338647030163694 -0.0370648308396902 0.0209509000919632 0.243883040432376
-0.00869115967151615 -0.055767646686412 0.0349754393769206 0.0677930248009365
-0.0359120704673525 -0.044358506154837 -0.0423767160391239 -0.0726863456747032
-0.0323240876546529 -0.00922543035280768 -0.127774153347021 -0.0978740571095602
-0.0142937678384073 -0.00625136546190816 -0.217517345852191 -0.0437865769627089
-0.0198853077246236 -0.0110398366435146 -0.222217293000588 0.0598457061849251
-0.0320836517675695 -0.00869382803699191 -0.159860209544767 0.116543464552499
-0.0283475965569627 -0.00529540184583919 -0.0929158403404147 0.12849236220494
-0.0320116448912982 -0.0179871730238346 -0.0441217392399055 0.136048802618448
-0.0200456323581501 -0.0353364004507502 -0.0173085077156945 0.140273236166396
-0.0047578259830871 -0.0390116885027181 0.0149778429374646 0.127767528737469
0.00508795509069287 -0.0377957939162364 0.0471586247609573 0.147043399375116
0.00664351524171164 -0.047234899433765 0.0562929156365159 0.18185477817248
0.0370759041129022 -0.0444544331707823 0.0916682620494621 0.197545662389759
0.06021617300409 -0.0258729437256337 0.115500431117636 0.191189106393389
0.0606680206970092 0.0701830775255435 -0.00229357313664636 0.212128139335717
0.0220887771171574 0.0365591352323857 0.017324557808657 0.0434745416319994
0.0217249435734332 0.029735525400329 -0.0617821089072487 -0.0946228608319139
0.0372911019790739 0.0381231462788761 -0.137697305650102 -0.114475177797965
0.0583008065044402 0.00296786130292873 -0.224706922742752 -0.0538181807673805
0.0468480627350558 -0.0304676193378754 -0.226079535362732 0.0458530841424195
0.022688836292339 -0.0541917156234749 -0.166672299115097 0.104974522996418
0.00669306067690144 -0.0566156884110782 -0.0933757146587461 0.116088939298667
0.00272670345471222 -0.0783336511768905 -0.0399872685643436 0.121745806332299
0.0299900618796653 -0.0842237747165066 -0.00871841143203597 0.121736907159113
0.0572707204731471 -0.0779616946448272 0.0276929945541873 0.114190439168474
0.0959909559887755 -0.046067046388065 0.0571505554397325 0.138169728995302
0.0997068954294783 -0.0132005122607226 0.0562032033838119 0.174076949011486
0.09783836549984 0.0335233343120976 0.0866489344587813 0.176490710488937
0.101801449171721 0.076679381262432 0.107308230640082 0.166752966048074
0.0797770641063517 0.169481899319313 -0.0206146180469051 0.148274732825749
0.0543832945495989 0.132269067412719 0.0085314315935071 -0.00879785412932176
0.086212854062992 0.106005083868765 -0.0786481546383733 -0.13507170896679
0.115343821569684 0.0790114278348686 -0.151561838643792 -0.135526577956214
0.129611882990783 0.0050909613756434 -0.222833878096252 -0.0585525036200019
0.108978454190585 -0.0496947798995252 -0.209902972601447 0.0301071363073419
0.0746709632147948 -0.0944193591957703 -0.152387648040307 0.0819715993300269
0.0401947610318169 -0.101057489554857 -0.080250157463387 0.0870179833532518
0.0335357404240838 -0.126396259749186 -0.0272662807905036 0.0883051527693672
0.07295025707549 -0.121873036471114 0.00766652476476778 0.085042781482781
0.105338705362097 -0.108677461699416 0.0509868684434462 0.0866667596659279
0.16646031896924 -0.0564977950002857 0.0751580781432893 0.122523211660055
0.176580565164446 0.0112360773203045 0.0585139535307622 0.163603654984853
0.149245754973237 0.0964060697470164 0.0666520518538212 0.151065527436382
0.130981248529756 0.1642540950484 0.081059573309309 0.118110846223465
0.0924201630877885 0.242220087546281 -0.0378041121386804 0.0608203010312435
0.0902240139611766 0.211967929394561 -0.00120891661718243 -0.0804489979562848
0.154938915620202 0.166254396347865 -0.0928553157898136 -0.18136545316696
0.192882572836207 0.100265654123125 -0.15905760998668 -0.155836751543795
0.18850548402789 -0.00702181395121267 -0.205529465937978 -0.060547874919342
0.153021696864453 -0.0708944888876073 -0.174149880675672 0.0091364834471937
0.11273438276347 -0.125097490655901 -0.121738435180001 0.046963584924009
0.0659985408397149 -0.129706996972617 -0.0560696979365188 0.0453890481996017
0.061215613693194 -0.152959852542415 -0.00744760312050884 0.0422403284863055
0.107842970747524 -0.13740303019548 0.0303162547882823 0.0375578502371876
0.140833774884328 -0.117136293416555 0.0779922586558869 0.0513971436077862
0.210357338826329 -0.0517020217677116 0.093224264254899 0.103217512437408
0.223119398163862 0.036499523122508 0.0570670400699373 0.151127501010443
0.173223565214313 0.148650191472272 0.0367671784370022 0.123570693620944
0.134339395290671 0.22856581386084 0.0451996108155525 0.0547010172970647
0.0935335528041191 0.27476771782535 -0.0578315755699247 -0.0381001424884117
0.115846514306772 0.254868006110725 -0.0196116686706365 -0.155515864673068
0.204121995484111 0.196120785786889 -0.101177679132586 -0.218226195839349
0.243753208069989 0.099751398176795 -0.153472855208711 -0.170000587063262
0.218442883882743 -0.024374382209451 -0.167057336814804 -0.0684284776793383
0.171105332015153 -0.0863478640324298 -0.123960979207432 -0.0210961211513805
0.129888096262185 -0.139087714111424 -0.0798907418629717 0.00224118877311863
0.082249975861866 -0.139162500440979 -0.0240522886272575 -0.00230222179263929
0.0819796275311252 -0.155227202388703 0.0208355611591393 -0.00709604285415899
0.132495053023487 -0.127114713519439 0.0608100714165875 -0.0101982783992369
0.161635404845997 -0.0988002126526363 0.109102827161869 0.0196221183675827
0.226149683453728 -0.0233446566684401 0.109218958496019 0.0855248006619235
0.233349289814804 0.0704709635685918 0.0537463011501332 0.133895760809755
0.164884430952664 0.18462447395568 0.00469449017301556 0.0908354455873957
0.111323736274288 0.261412433091265 0.0101629061151036 -0.0174082076607005
0.0806111506091627 0.259174834815122 -0.0802859176258863 -0.126056487470744
0.119721116463663 0.247948737778668 -0.0491773841254104 -0.215618442707917
0.212759930236915 0.18558270895165 -0.105060991634576 -0.232889396157223
0.244841269154453 0.0807054217215409 -0.132161331407464 -0.17112710684074
0.206544050463452 -0.0383154245715509 -0.116352969129433 -0.0807698349878133
0.158826667513748 -0.0875621732161671 -0.0690012057745917 -0.0580560835770796
0.125869241504513 -0.131259247114388 -0.0366956443492134 -0.0462607366981447
0.0851568852121929 -0.126815930840522 0.0113540436316076 -0.0483688268199657
0.0925404885985767 -0.133280123057334 0.0569225702527087 -0.050635318681724
0.141973674215347 -0.0972194960227175 0.0992135905017137 -0.0459996646015615
0.163263418177959 -0.0613799574270721 0.142715717170739 0.000707056943442242
0.210153406431721 0.0180062048890808 0.122873938187657 0.074866200035941
0.206356629500495 0.102763051257057 0.0492834871513372 0.115477050542243
0.126307126725734 0.202410394540976 -0.0184230245830374 0.0537187441007015
0.0678077746871378 0.259297702671304 -0.0136033639233523 -0.0903796972983282
0.049899796158737 0.198413180494435 -0.101785631902741 -0.18774938996077
0.0949113992817388 0.195343482396484 -0.0827046453987743 -0.246862483685796
0.173190279448503 0.141184169782448 -0.101810495488918 -0.224567744649858
0.192204815957712 0.0525911081852737 -0.103307608303886 -0.164506616519956
0.156118180201465 -0.0350401055900475 -0.0660133104281598 -0.0966498542761857
0.121087465029975 -0.0681894154292141 -0.022016462695234 -0.0943621879364654
0.102453096567614 -0.0987079439292563 0.000953516411009658 -0.0893302800327842
0.0747039935378939 -0.0948164986613431 0.0443859113503268 -0.0852580832056162
0.0865237681337151 -0.0945781912448675 0.0955137436161505 -0.0813437915125323
0.126168234289817 -0.0584233735819344 0.140465841279231 -0.0628904712682725
0.137917246553215 -0.0221555920958438 0.175240192718214 0.00132564518404268
0.163722863651421 0.0485032981320469 0.131615945265265 0.0753548797547339
0.151492839264451 0.115782740047331 0.0470126037729495 0.0968842086565332
0.0725427370407777 0.188347719621653 -0.0250106750310219 0.0152811648954663
0.0152236442226641 0.218023473684205 -0.0209581453309443 -0.155328943840455
0.00137036277277622 0.107979193982722 -0.112859034802377 -0.212898162374568
0.0428172017889639 0.115525461243251 -0.104486092860085 -0.247348827041207
0.093999165865293 0.0818004430284377 -0.0867760498135586 -0.204598714210714
0.10139879453628 0.0307435683895892 -0.0757001400040907 -0.154941536732081
0.0825723715241491 -0.0130969191922417 -0.0303368386390399 -0.111057077183546
0.0693061735943652 -0.0290142796319388 0.00713233271517604 -0.12031872320702
0.067734837701836 -0.0460448396157596 0.0272198536454871 -0.119415911432055
0.0527749790034727 -0.0486986527745168 0.0696535340684314 -0.107726989620864
0.0614164137005441 -0.0477385203874866 0.130219079822496 -0.0977312039062817
0.084097771427529 -0.0247465700568157 0.175889506973564 -0.0609567646971632
0.0891802670601957 -0.00134383605184331 0.197421279371591 0.015725214524213
0.102759255841636 0.0479384095106258 0.136004669440193 0.082221467720297
0.0881203213199202 0.09548344750892 0.0509714345224256 0.0820248176360241
0.0237243001653206 0.141167582715307 -0.0170263458774327 -0.0144444812516782
-0.0305139303862592 0.144750577910424 -0.0120802336318038 -0.203285513488743
0.0301626920146985 -0.0350316460702496 0.0290472898244546 0.227580627937944
-0.00884794928977272 -0.0517189651228278 0.0353817181219717 0.0614465292984695
-0.0334142172998081 -0.0402917084034457 -0.0427398674153794 -0.0693952070450198
-0.0298136364531109 -0.0085434014151063 -0.125305399628175 -0.0907013665255795
-0.0133755363735506 -0.00740806377381414 -0.207893357028602 -0.0331794536912863
-0.0184254965320589 -0.0101138647107128 -0.207333518075873 0.0656744076781951
-0.0304885321554823 -0.00667032384403836 -0.147141129981698 0.11630033419947
-0.026336931665082 -0.00424261949291609 -0.0841411849671524 0.125298436697078
-0.0303195723767273 -0.0158752429684698 -0.035672043118733 0.130391578642059
-0.0208294969501603 -0.0330358625615032 -0.0105580840467928 0.133941070251725
-0.00688696678435419 -0.0369093220935676 0.0186239034362551 0.121172007653778
0.00403606803267726 -0.0365327907935356 0.04957704904648 0.137342919497245
0.00598704383886482 -0.044050885243712 0.0593825414964731 0.170468721970124
0.0333104201807188 -0.0431684723180617 0.0928900061908012 0.184190808851024
0.0543514345509191 -0.026249776024016 0.117157066805958 0.178233404292058
0.060738750948352 0.0647391239000892 0.0050966003592602 0.198932691719418
0.0242693573128545 0.0347663215836666 0.0179278473370705 0.03898179451368
0.0230271225782132 0.0280498680974432 -0.0609050443019593 -0.0891383631658364
0.0390158503904811 0.0344068970998054 -0.134979700514314 -0.106522156611342
0.0560067581578296 -0.00151635736112098 -0.214988157685248 -0.0431879296446372
0.044328258066874 -0.0314147087166199 -0.211458681832063 0.0525270365761253
0.0197064545796323 -0.0527593943191127 -0.152950839609418 0.105703383068552
0.00483583199663097 -0.0547570565499134 -0.0853972385140111 0.112762135896192
-0.000501227525678009 -0.074204663684842 -0.0324265020321331 0.115655256222641
0.0252055769295447 -0.081987272173723 -0.0026819281224828 0.115805305302706
0.0509038479793291 -0.0767047201182355 0.0305742146352138 0.107635817343765
0.089464112044925 -0.0478838639078556 0.0596344760097839 0.128182475374007
0.094857972902308 -0.0156325832412343 0.0600242826406533 0.162673622186193
0.0946706104844767 0.0279813923911661 0.0877681629612485 0.164867740069893
0.0986146207081861 0.0687971901695056 0.108470523540554 0.155334357748599
0.0828082681320834 0.157031856253644 -0.0146624805177096 0.138519333304099
0.0580493553203633 0.124433667329802 0.00790114082133162 -0.0104369101491535
0.0867346121155279 0.0977134425529817 -0.0779413048106389 -0.126903605695156
0.115064468715751 0.0709234230001202 -0.147772415935792 -0.125965717042432
0.124337326101709 -0.00100472623582749 -0.211939172250648 -0.0478379217425828
0.101888827620069 -0.0523326600369719 -0.196861388992865 0.0357987194903314
0.0664162464640033 -0.093165468779775 -0.140143219884316 0.0832343826225416
0.0340982530131476 -0.097322962245898 -0.0734517877686243 0.0840318896410165
0.0266462026768025 -0.121132935469509 -0.021530224875897 0.0832759176908417
0.0637893434044623 -0.119056103379186 0.0112954294674882 0.079976930615037
0.0951263350833717 -0.1068872366222 0.0522441987802589 0.0798723361415669
0.15537801712555 -0.0615693298293482 0.0761803621988049 0.11294262922218
0.168013685134543 0.00385218597332354 0.0628563157524497 0.152681182770455
0.145577177024101 0.0859422209495931 0.0692770806525485 0.141946068606256
0.130440251898492 0.150373387724816 0.0832282132722914 0.110377114240807
0.0979565203608708 0.22499093417611 -0.034461742617358 0.0551042613055375
0.0942912556680716 0.198650276777017 -0.0035350510890776 -0.0775159409333059
0.153362499766809 0.152389280768608 -0.0924778258229711 -0.170199914336944
0.190346526398365 0.0881329896253625 -0.156017899972112 -0.145516144397049
0.179849670318256 -0.0141306207725715 -0.194995093275165 -0.0508327198014752
0.143378254390518 -0.0740475234421869 -0.16417726329479 0.0145690540449906
0.10043039705128 -0.123720106621811 -0.111860881620604 0.0484776387069966
0.0580943647848245 -0.125810203237405 -0.0522385086748831 0.0432909936248562
0.0509889494242906 -0.146700370661006 -0.00466072618917612 0.0387940589960404
0.0964697957732277 -0.135551300465596 0.0305682068905559 0.0338218858875523
0.129068603543999 -0.116411008859773 0.0772806303136165 0.0455626193678092
0.198207639386784 -0.0582590761009949 0.0931124108864101 0.0941679914959479
0.213500642831445 0.0259363672537831 0.0615069718546619 0.140393416939332
0.170912510301601 0.133422320065898 0.0395495361720013 0.115495317724941
0.136843503080152 0.210535839332712 0.04613005566278 0.0516710110217156
0.100882845248312 0.254921390419358 -0.057297589859323 -0.0370070447741653
0.119527505358237 0.237406070857949 -0.0242790251736389 -0.148105927493501
0.200643099649264 0.178749075371551 -0.101432394986115 -0.204689119272769
0.237436913942903 0.0856901011051697 -0.150702019583761 -0.158704240860802
0.206798000101088 -0.0321384901962653 -0.158977972446776 -0.0598913313113816
0.159235956036134 -0.0892188301665915 -0.117709323381381 -0.0168200172867919
0.116573449432742 -0.137721450947931 -0.0742437324168255 0.00445981951804353
0.072276970096974 -0.135021478208869 -0.023716224100935 -0.00310088973111556
0.070977527328293 -0.149537390528881 0.0202966949560695 -0.00861757766853044
0.1206361211514 -0.127776918534624 0.0570464483725493 -0.01233172399831
0.150019758979149 -0.100115263045175 0.105050509783119 0.0134966937215482
0.214303936459376 -0.0319393377536695 0.108264803744343 0.0762817646964737
0.223931017407791 0.057223537469441 0.0574623642327505 0.12419133397402
0.164842155693695 0.168277907349977 0.00781578701410277 0.0856706948332435
0.117040964182272 0.242257107588757 0.0104871774597237 -0.0152371040265831
0.0879592061787811 0.240368609679258 -0.0815830820842653 -0.12006004855032
0.123683263276363 0.230217377803325 -0.0544609331619983 -0.203388030422011
0.20786040482114 0.167541868352264 -0.106060668007099 -0.217769517373847
0.237279077399949 0.0671058663649193 -0.131373320850802 -0.160242868602509
0.19446291056294 -0.0433837927127596 -0.111442722388091 -0.0740497250909892
0.147247092451821 -0.0891397150425619 -0.0677559061682616 -0.0546148666863219
0.111949586748563 -0.130105586847126 -0.0353122993940297 -0.0424474010030349
0.0752620971520328 -0.123320242106917 0.00882722882854025 -0.0474333557546924
0.0814868861114655 -0.128704473806715 0.0521304722972908 -0.0506571092923833
0.129902287888575 -0.099238784535198 0.0916553614627322 -0.0477869315829304
0.152770072770711 -0.0643509511914864 0.135893787984578 -0.00593328136562859
0.200691853962062 0.00787334787424274 0.119775806756004 0.0662403167006568
0.199023483370849 0.0891937908099114 0.0529910270811488 0.106980606807032
0.128623956906099 0.185966223281236 -0.0150433080513423 0.0516767342752013
0.0756590049231892 0.241150368340029 -0.0156440139109322 -0.0837677390055586
0.0570087706842599 0.184534483446084 -0.1036929569705 -0.17742103184741
0.0976747043241571 0.180893079312685 -0.0872286956930321 -0.231454195653903
0.167590941454198 0.127298409997017 -0.102208513000988 -0.210428103389556
0.185451609012861 0.0433054243518099 -0.103826621590775 -0.153693298309756
0.146326641243098 -0.0383532822321176 -0.0644396814946738 -0.0910454214394122
0.112089917689376 -0.0686249460054641 -0.0249817301668751 -0.0904731127458448
0.0916224077593515 -0.0980048743539478 -0.00143735468529785 -0.0849715786957719
0.0672694991441151 -0.0924512659660715 0.0389088567566016 -0.0837448581388786
0.0770913038472703 -0.0917563921174595 0.0882413749335953 -0.08077825773291
0.116804858748545 -0.0613718744255622 0.130197373242113 -0.0651520338270999
0.130341820221669 -0.0267264167278698 0.166057982738203 -0.00617417222521814
0.158357430721768 0.038632416830077 0.128354058727625 0.0660419536459859
0.146648466346936 0.103723675771086 0.0499805773922904 0.0895369345026492
0.0764253066058266 0.174576930766852 -0.0230816730671284 0.0157637195497632
0.0246310119518907 0.205091333223806 -0.0253110614956066 -0.144988431451358
0.00644141707931091 0.100392941876554 -0.11533783079681 -0.199387475801375
0.0443416020752134 0.106764434436105 -0.107592249011259 -0.230468284750486
0.091028692525152 0.0739734601012652 -0.0889234099643792 -0.191800641121812
0.0982195768926985 0.0262056445441218 -0.0772664861710946 -0.145463243250986
0.0772994686792744 -0.0148207722498665 -0.0316050200673782 -0.105879368358225
0.0635972372207891 -0.02906417426141 0.00215598420789431 -0.115743653446079
0.061145616998307 -0.0467256049644805 0.0210941804939293 -0.113846129860823
0.048068598093777 -0.0480103163662267 0.0626761652891186 -0.105164102270623
0.0557413404390399 -0.0467983731077625 0.119800672658757 -0.0973417522036977
0.0781192746005719 -0.0273753214132506 0.163439864015792 -0.0644673872279664
0.0845134131279862 -0.004548085252335 0.188006913699122 0.00739214136737709
0.0992016487747058 0.0409563561787587 0.132224387201206 0.0733648898999191
0.0860264585842905 0.0871543607608266 0.0532134911717957 0.0765194021009536
0.027749776709876 0.131614140733674 -0.0161613511291848 -0.0126397813057321
-0.0226069825983527 0.137039620634121 -0.0188123579209464 -0.18961860340228
0.0269373220875151 -0.0329657633017583 0.0303985180341314 0.215485017086478
-0.00748567363442023 -0.048579382521536 0.0339884699123393 0.0572620510270466
-0.0302908657530773 -0.0383459436715866 -0.0419495856654063 -0.0672670197262063
-0.0274787829803023 -0.008653358907198 -0.121898900217303 -0.0867978523050124
-0.0125598649606237 -0.00833960408986544 -0.199413768698748 -0.0296601798292804
-0.0169155716025794 -0.0102793874783452 -0.195958484143635 0.0657181223674817
-0.0290831941616507 -0.00597204625291875 -0.138835814039893 0.113679036100418
-0.0245394458020092 -0.00461970457488587 -0.0802664786262574 0.120881588016994
-0.0283893170865404 -0.0151374176382553 -0.032220551085987 0.124658603124592
-0.0201310281233123 -0.0311449674862812 -0.00713201455877347 0.128843573714575
-0.00710546098986352 -0.0354790803703626 0.0192761960202321 0.116095023652991
0.00368038326554075 -0.0354497782277527 0.0484261586545304 0.130043077012538
0.00590734654497499 -0.0422852803835051 0.0576902834583733 0.163733776183291
0.031025465279256 -0.0411369045776031 0.0901639003053194 0.175710610370155
0.0501843016220153 -0.0246596100391493 0.115011491072084 0.170536750921435
0.0578928480572226 0.0618170089229427 0.0075534856930013 0.187575127509826
0.0247185733318732 0.0336720192848244 0.017445651382583 0.0361774995621187
0.0244543193276358 0.0265937645247764 -0.0588079069414972 -0.0862821485641728
0.0398382304752839 0.0318400618062644 -0.130606008384007 -0.102802790909252
0.0550259126251006 -0.00314291132893937 -0.205794778368737 -0.0396750666348322
0.0432337553295176 -0.0320857885339128 -0.200648150899179 0.0523299544029817
0.0175775848213871 -0.0506794758605281 -0.143865149615266 0.1029017492426
0.00426778495948231 -0.0531208280423015 -0.0815499168603066 0.108393684915839
-0.00150723318317939 -0.0705917361776208 -0.0294579671491505 0.110470587533416
0.0231029807002913 -0.0788293296701697 -0.000261940828120451 0.111165990169628
0.0477534210383713 -0.0735453716623683 0.0306332611755319 0.102588154232624
0.0861816808792104 -0.0475869421143401 0.0579276951020537 0.121352575762514
0.0907811858123747 -0.0162102128874004 0.0588674930094316 0.155535764909268
0.0911278089088776 0.0255914391286921 0.0853158859138498 0.157062369583792
0.0943125148110437 0.0652296450959761 0.106440378817511 0.148650472235828
0.0814888805454104 0.148669172644732 -0.0129917496058454 0.130095231626106
0.0582877885704488 0.118559390006993 0.00761366651873858 -0.0107181759421721
0.0856205183095525 0.0934352625174123 -0.0744766699883708 -0.122553044525124
0.113416083296924 0.0663278619378816 -0.142634722885394 -0.122098215527663
0.120074416464515 -0.00393236925841632 -0.202133669729441 -0.0439662132924099
0.0980648431312843 -0.0531286263752028 -0.187664403502682 0.0366700779448448
0.0616267398006246 -0.0900073962593755 -0.131638070644168 0.080299447461856
0.0315934751783378 -0.093934830844059 -0.0707827086481908 0.0802323884786811
0.0234480028258594 -0.115239690563844 -0.0195003826253771 0.0788548996448475
0.0597206368295718 -0.11545330204602 0.0125901599259689 0.0758997164990231
0.089882826445327 -0.103639806086571 0.0510858442065575 0.0761147459473422
0.148246541982469 -0.0615243800639666 0.0743251360916262 0.106697201437185
0.161255189472899 0.00151563709510043 0.061754949275355 0.145310646138524
0.140810551662574 0.0806934054314724 0.0674162880773122 0.135017517178578
0.125769574012014 0.142421524070968 0.0816187893435943 0.105884075903462
0.0971815681777994 0.212248482113262 -0.0334732916009272 0.0504306627770374
0.0934921693577079 0.188723944058506 -0.00381049508508378 -0.0749861316575771
0.149369425302737 0.144604037599022 -0.0882269301191613 -0.163708543467801
0.185505416493519 0.0821543709679294 -0.150267372795248 -0.140952390502559
0.172878699106876 -0.0166023300451187 -0.185377838860636 -0.0485799387436183
0.137293486071053 -0.0739307639562011 -0.156899156791716 0.0149980641466723
0.0932506390777187 -0.119920377362015 -0.10440590326443 0.0468052034402873
0.0536609384061921 -0.121158844301766 -0.050410792089644 0.0403024347950458
0.0468038117835645 -0.14029722441301 -0.00383561197675374 0.0360306452007493
0.0902072335711609 -0.132211573842141 0.0298190276515434 0.031960868657095
0.12226624685713 -0.112916049206581 0.0747717608949052 0.0423060791527534
0.189386842365399 -0.0592880213746894 0.0906961123341835 0.087845339791057
0.20450218566879 0.0215212136344344 0.061217853286766 0.132859758810912
0.165688579415436 0.125527843415169 0.0386571305000108 0.110367744391257
0.13388144269121 0.199024178849641 0.0461019901052932 0.0498448623215034
0.100828257207246 0.240446188575343 -0.0564398400646917 -0.0371572027552792
0.118197069729167 0.225243039788799 -0.023677650152908 -0.14174501219346
0.194797272593775 0.168798252845441 -0.0967339337701256 -0.196466994532373
0.231032654659933 0.0792614915604687 -0.145100583099354 -0.152770935409229
0.197969348041766 -0.0332877777701746 -0.151207062812771 -0.0578035100262137
0.151662436049343 -0.087884988243059 -0.112579453609661 -0.0158621760999875
0.107606293899911 -0.132915341072297 -0.0691822369130479 0.00425875260593
0.0673362472488922 -0.130009253121218 -0.0229721587238439 -0.00390878992499691
0.0654521053169572 -0.142370649526909 0.0195924309289791 -0.00938707999274938
0.113125586543059 -0.124597579207336 0.0546403628868698 -0.0124761810847537
0.142415282881437 -0.0973025904661853 0.100948916440903 0.0104363088061148
0.205042454054486 -0.0345452590091853 0.10544637736436 0.0710234412460509
0.21484165619372 0.0511807736920572 0.0570455466246532 0.117401288646047
0.160134469859366 0.158224130665381 0.00899750506659288 0.0821884018336369
0.115480055920525 0.228670987798188 0.0106914486331185 -0.0139199833001098
0.0883339063724493 0.226636824082523 -0.0804186626327485 -0.115501312183928
0.120778027425417 0.218039721592484 -0.0539557465481277 -0.194015948392456
0.20053662236788 0.15873795026654 -0.101085378989551 -0.20924563081194
0.229502960635948 0.0611776184587762 -0.126652363274024 -0.15421715085156
0.185991893669745 -0.043478344576625 -0.105879293815647 -0.0714995141686439
0.139789993730871 -0.0870104844853281 -0.0657466342262886 -0.0527179258944381
0.103930742437676 -0.125822568109017 -0.0321181433727171 -0.0411723060278194
0.0704466630881303 -0.1188181433048 0.00757558380374691 -0.0471941790137884
0.0754115084938776 -0.123205490392343 0.0498936670502183 -0.0502807560333359
0.122742904446458 -0.0980195592294348 0.0865386401281289 -0.0470144035996032
0.145693979999363 -0.0628378407022534 0.13115886172985 -0.00796175990852738
0.192238412608454 0.00382061038230798 0.116588109089594 0.0611346823718543
0.190908820696524 0.0824867891172057 0.0530778232061178 0.100839186363381
0.125403970397407 0.175278271572748 -0.0135111843392887 0.0493742554866558
0.0763526552713536 0.227877339709367 -0.0152479209843978 -0.0788318173371218
0.0568590463975609 0.17328177795342 -0.102184825305196 -0.169263809170294
0.095504368130914 0.171778759845931 -0.0851698302839045 -0.22075412300199
0.161961314305697 0.12047438862371 -0.0981823209573992 -0.201179736812772
0.178620531390559 0.0390793736287798 -0.100891009784371 -0.147458985661323
0.13894710471542 -0.0379606535931645 -0.0611020598886622 -0.0883758648848848
0.10586087591724 -0.0665009994635038 -0.0257374310305564 -0.0880826023300653
0.0849040383829574 -0.0951040333508333 -0.00129114158501825 -0.0818091057446445
0.062816890747294 -0.0892677713996076 0.0363008848974916 -0.0810651139412714
0.0719980713999633 -0.0878760267080998 0.0838017887718136 -0.0792514748837688
0.11063798089981 -0.0613983822101559 0.122971783206643 -0.0635502904716802
0.124578397159546 -0.027158617328718 0.159351615175505 -0.0085740126724918
0.152260658031764 0.0340072507626885 0.124505735134412 0.0618986951910239
0.140978538050074 0.0970472178413148 0.0500131333973558 0.0840808294693229
0.0756642976039281 0.164807628575652 -0.0217578777560268 0.0156925446077621
0.026615748503151 0.194444225275106 -0.0247127726829158 -0.137131635305009
0.00827277781846163 0.0946983380953501 -0.113579106169593 -0.191415995178489
0.0433816596262159 0.100691233837695 -0.105609641922768 -0.219279958604677
0.086654957054102 0.0699387459977063 -0.0859591376631574 -0.182801254854734
0.0945263022099658 0.0237982337407797 -0.0762069426117199 -0.139091429538662
0.0731002250463272 -0.0152046313873439 -0.0312097146827067 -0.102153442203091
0.0607878785279691 -0.027986418961238 -0.000522801539785346 -0.112640319830359
0.057071908074637 -0.0451888039190497 0.0194359500084242 -0.109175415928612
0.0452694783601362 -0.0456513364315193 0.059006286231209 -0.102338285389653
0.051574070015046 -0.0442039367167883 0.113663801012396 -0.0944361546083617
0.0743903365847534 -0.0274654129697671 0.154043382988951 -0.0631505560901275
0.0806302368278586 -0.00518065752859899 0.18036457202228 0.00490715662060435
0.0954837457614377 0.0374212303267545 0.128044703726979 0.0692296680069044
0.0823208000416978 0.0818336089024528 0.0524522313663976 0.0716420885523833
0.0277877194375199 0.123991656788115 -0.0156672940208824 -0.0115435519686184
-0.0186084808542384 0.129831351214594 -0.0198783684124977 -0.179993090642423
0.0262887057972192 -0.0306308857760904 0.029241550235667 0.208333959851521
-0.00644806630121301 -0.0473102302324358 0.0339760371064849 0.0552492226647667
-0.0278513226027979 -0.0374241417088714 -0.0414163796467686 -0.0675939944787361
-0.025441599377985 -0.00894767386638995 -0.120241569729933 -0.0868344299078793
-0.0117638420275022 -0.00939181609087718 -0.19542974806706 -0.0294734954447471
-0.0161354715703599 -0.0110729687137067 -0.191371377988114 0.0645961156239102
-0.0275225576558748 -0.00552118350953551 -0.13562608725583 0.110801020474919
-0.0237075732110896 -0.00526550597482414 -0.0798240644881985 0.119110330350947
-0.0272812886571496 -0.0151625535320679 -0.0316119789806022 0.12180561065266
-0.0194087735623268 -0.0303069368502089 -0.00681777465665451 0.126245362013179
-0.00676059218253193 -0.0351547019229169 0.0178860043069978 0.114248156570297
0.0043618278046587 -0.034691423371059 0.046099897902598 0.127171482410138
0.00699480924060004 -0.0413481143626561 0.0555959057143201 0.16103442553645
0.0299122569154694 -0.0395456185853489 0.0871356984098615 0.172897148307528
0.0477300083826651 -0.0228974658695393 0.112162449206152 0.168819830591368
0.0565398376000667 0.0608563853344361 0.00586075510111668 0.181004754499458
0.0255495606453115 0.0333184211256771 0.0171532140425512 0.0348214095622498
0.0257109247655543 0.0267417727422504 -0.0565102974896625 -0.0869312785893921
0.0414863294268406 0.030431469310315 -0.128998540074251 -0.103422590911416
0.054205601341838 -0.00438368618022164 -0.200712868240695 -0.0396651259207868
0.0427619559087351 -0.0326586317286942 -0.195711775187521 0.0511575592980756
0.0178212764689522 -0.0495157473844956 -0.140198635088821 0.0994506485858283
0.00440192573943669 -0.0524352612236047 -0.0810677286482869 0.105913447306488
-0.000888931456953584 -0.0691923420038315 -0.0290799718036357 0.107300648344132
0.0224941525945119 -0.0774595518796511 0.000299658524799833 0.108323065745338
0.0467776761239404 -0.0721933949387763 0.0301723140755427 0.100079025672816
0.0849216953102492 -0.0474773390365148 0.0559659109545104 0.118580760863572
0.0897425047508768 -0.0160037211255865 0.0574382387130784 0.152794585343699
0.0890817652899821 0.0257982213831099 0.0825521832133552 0.154127833657529
0.0914948239934026 0.0646908688414333 0.10471319502171 0.146832546805016
0.0799593307383558 0.144915463753227 -0.0143619789974388 0.124744433283429
0.0579133054220711 0.116324722968796 0.00757461334088114 -0.0113722704304439
0.0848264045496735 0.0920150276768285 -0.0711852892214512 -0.12177037791878
0.113672192202857 0.0644347555732442 -0.140303290372613 -0.122558402136976
0.118492858692414 -0.00512971462517852 -0.197704338200824 -0.0457520494725962
0.0971991963332132 -0.0529382786342861 -0.183038738199049 0.0345994978585125
0.0601724268037923 -0.0880869323686384 -0.126883295143832 0.0772960371272062
0.0310329465419584 -0.0927749632066346 -0.0708355642843752 0.0780028866315696
0.0232982307439234 -0.112015508322243 -0.0193904367943143 0.0759197251383888
0.0575932727290359 -0.113620202862132 0.0131415428694277 0.0746856300172951
0.0883631156829572 -0.101209410491855 0.0501725686898776 0.0737905511731121
0.145792792238809 -0.0606546044209368 0.0728102074926625 0.103850267651212
0.158007575418042 0.000973699029051357 0.0603753211401783 0.142679426730385
0.138416692224118 0.0792384069801419 0.0651031041416557 0.132742952401713
0.122795682339911 0.139162069435893 0.0805697979569617 0.10522854009194
0.0948074926854531 0.206282772504708 -0.0337679200182174 0.0474362385718418
0.0921589769742053 0.185568172610256 -0.00252249862168045 -0.074145856317838
0.146478673871831 0.143246644551658 -0.0839143105945649 -0.163014355379918
0.184390631136169 0.0798696361569565 -0.147180201239622 -0.140332869706562
0.170250291777284 -0.0168404500924636 -0.180535178624787 -0.0494819556227475
0.135188422801712 -0.0733800193163116 -0.152904371275668 0.0131176900271096
0.0903439210141942 -0.116769281692358 -0.100137673620037 0.0440808870256323
0.0526240452286037 -0.119141741723365 -0.0509416399620786 0.0388259491750858
0.0456203276880245 -0.136367387556338 -0.00398189949130685 0.0337925763308255
0.0879843297038125 -0.130093135825326 0.030194057441089 0.0313900687671037
0.119644960370043 -0.110458309695862 0.0728889543172059 0.0406464004320251
0.185895356838221 -0.058985021335387 0.0891660911031528 0.0856085715458562
0.200504110859362 0.021152703214167 0.0604206575957807 0.130173436978923
0.162691205119089 0.122647952851466 0.0370469381234082 0.108808174760127
0.131084837497606 0.193946236004893 0.045790856699742 0.0496119286048884
0.0983269042544524 0.232912190271314 -0.055971254503184 -0.0385801260908579
0.115780071437294 0.220912865508781 -0.0225828343935663 -0.139218475992749
0.189791355992643 0.16639554509175 -0.0918108922594632 -0.194648618739682
0.228086465222439 0.0775818880552756 -0.142031238297883 -0.152832670981541
0.194832375184807 -0.0328456053450343 -0.146797156177324 -0.059252063488157
0.149882751911603 -0.0869774211699931 -0.110358152245268 -0.0178355584650873
0.104504996189376 -0.130365312503339 -0.0652602170325867 0.00241261507804197
0.0661586055198923 -0.127412602406223 -0.0236075599572366 -0.00483875745163196
0.0635228320381024 -0.138332305687756 0.0193314651821963 -0.0104198990702455
0.11017372356682 -0.123204579378559 0.0535829380969933 -0.0122943030027487
0.139670928234915 -0.0952479443976316 0.0991213820194369 0.0104345265184523
0.201330322248763 -0.0342625001340661 0.103403242678536 0.0690005806455666
0.210093922475271 0.0501833780621362 0.0568647990906641 0.114434847959207
0.157168407087128 0.154553301409583 0.00826348918823458 0.0805133383162306
0.113299387897055 0.223328854206868 0.0115966193363036 -0.0123690938908107
0.0865189287828548 0.219052151216188 -0.0796296629500298 -0.115058847805747
0.118827213121704 0.213003470040016 -0.0516075764572856 -0.190400858033851
0.195895012914652 0.156210471558602 -0.0966836039254382 -0.20650502551902
0.226165212085743 0.0595297400330866 -0.123795806508704 -0.153289091959232
0.181914609414879 -0.0424300288977407 -0.10240809938574 -0.0725015768356995
0.137406424170859 -0.0853086514985341 -0.0643334844863994 -0.0534407458223169
0.100049442909083 -0.122919855956593 -0.0296917588534761 -0.0415279020694698
0.0688670586768861 -0.11619362312787 0.00652188478084648 -0.0470220457584692
0.0735419493844378 -0.118958476595801 0.0494468100767301 -0.0497939046221854
0.119394859733812 -0.0973210152529893 0.0847174051249536 -0.0455947619992907
0.143206776824021 -0.0619199924881987 0.128725519670103 -0.00804509763116082
0.188657375000877 0.00243742189792766 0.115095551717169 0.0599244410397252
0.186602567808096 0.0809367566746481 0.0518447299600963 0.0978444513018357
0.122859112576408 0.170902448058226 -0.0134752260995457 0.0483449209087396
0.0750882942944687 0.222505528139033 -0.0133878052114853 -0.0761747756985964
0.0556246196822648 0.167402535594541 -0.100572584280225 -0.167656867933673
0.0935545342412903 0.166990928717836 -0.0833515701530138 -0.216395461402084
0.157579736725587 0.118115432701915 -0.0941472672530075 -0.19849079496929
0.175977035229562 0.0382975462364192 -0.0983544618879858 -0.146122812534571
0.135859827997216 -0.037406798503467 -0.0591937407952361 -0.0885518566522363
0.104418511958768 -0.0646070705486932 -0.0253009234237404 -0.0877379824092675
0.0821362156260175 -0.092807869969552 6.4865104741787E-05 -0.0809135875171407
0.0608163994981557 -0.0869877676334559 0.0356461451103875 -0.0800154732616278
0.0702117192034768 -0.0851365662824703 0.0822522913769682 -0.0779200646107943
0.10741796209649 -0.0609026808390609 0.119821041618188 -0.0615053966054475
0.12199259076525 -0.026164535315638 0.155951633284231 -0.00851011678332311
0.14948500642243 0.0330375612067409 0.122833409556623 0.0604620250886014
0.137377913205092 0.0951068139082073 0.0493186798314373 0.0823575018830266
0.073510601944431 0.159947487773381 -0.0215580748276724 0.0150133203088259
0.0268615737025439 0.188717762672806 -0.0234831835666658 -0.133180610965627
0.00856790490624038 0.0912434484376371 -0.111297237423648 -0.188753771406068
0.0421993479124216 0.0979468353756173 -0.102764636768158 -0.214800227602569
0.0844051204342112 0.0695172941189496 -0.0827666864871839 -0.181017915952533
0.0927677438350677 0.0235565526454325 -0.0741737346019127 -0.136861732620589
0.0714169990671439 -0.0142133539246969 -0.0300334496026157 -0.101799686234182
0.0595209927384453 -0.0261838161885398 -0.00148498979403373 -0.11136814622375
0.0553069167718966 -0.0447484990366558 0.0198293463593617 -0.106783914323739
0.0438078805276788 -0.0449648005629288 0.0582678688565909 -0.100618836884567
0.050365938830719 -0.042939010014081 0.111974371036604 -0.0921208684916178
0.0727110342001885 -0.0272508238262616 0.150522723650035 -0.060406611398052
0.0792645321773088 -0.00487767598525059 0.176819858694697 0.00501868159029465
0.0935438867621511 0.0364112896462354 0.126257511783934 0.0681751213319491
0.079489148995248 0.080600340274633 0.0514985362130889 0.070271276450162
0.0264229674257149 0.11980927037658 -0.0158494909941445 -0.0108736398995328
-0.0177423607634346 0.125849089535234 -0.0189170047176197 -0.174552653462198
0.0254871929510812 -0.0290536698312982 0.0300636158150639 0.20700266274057
-0.00585664995961798 -0.0471381461204422 0.0348813896507612 0.0549503534628195
-0.026603826335185 -0.0379379358924477 -0.0424872436847598 -0.0693588409737834
-0.0244637550945715 -0.00992650523632569 -0.122974778532767 -0.0883980380883213
-0.0115336634156023 -0.0107986917251963 -0.196955038992608 -0.0292136646893997
-0.0156132035297937 -0.0119511563111714 -0.19117635709261 0.0653556661586228
-0.0271233034798735 -0.00534181421180377 -0.135748241265025 0.111138139471153
-0.0233550771137902 -0.0052505159464177 -0.0805936123745362 0.120893198878836
-0.0263828387101155 -0.0153945816339577 -0.031839266790437 0.122442710356365
-0.0196055527704523 -0.0302235434836775 -0.00516158722528596 0.127565407286623
-0.00675562879634065 -0.0351179969295875 0.0184927503203187 0.115150499549574
0.00498972362117921 -0.035501508795772 0.0454026383847444 0.128260433021414
0.00741404767338091 -0.0413708336709298 0.0563346804859417 0.163147961641813
0.0296736021225353 -0.0388625376953244 0.0871782156746732 0.174064619828482
0.0471204137561559 -0.0222637789341376 0.114016018856048 0.170797712801061
0.0565232469652966 0.0618250619190885 0.00632682401185481 0.180230209184129
0.0263207423415058 0.0344015250568507 0.0187248080972126 0.0339677564705935
0.0276438556884767 0.0268211021757958 -0.0572684989868659 -0.0891450630697123
0.0437241127735725 0.029609347843146 -0.131305634029554 -0.105593274528903
0.0559647342650552 -0.00627552148487312 -0.202963539278503 -0.0401798524431068
0.0439627603186823 -0.0348241537051555 -0.196017879897562 0.0515228540860483
0.0179042941766078 -0.0501137567275591 -0.139325067548598 0.0995854883295095
0.00427497060382831 -0.0533121778050904 -0.08242733530202 0.107084837540509
-0.000929689525960329 -0.0696876814769015 -0.0287970012108018 0.107590854650605
0.0222057829153248 -0.0785186658614321 0.00145859462814241 0.109279135897001
0.0468432156159896 -0.0725738055324171 0.0303690411872607 0.100859834633375
0.0857979803367865 -0.0482176511163704 0.0560554720881344 0.119144206199626
0.0914546822770409 -0.016402833328717 0.0583987827043988 0.154434475750551
0.0896966223383119 0.0266029646643439 0.083303124022798 0.155557161061397
0.0915885285669552 0.0657052157698466 0.10660333190947 0.148793109906118
0.0806086585382778 0.144858878846811 -0.0149875087916088 0.123018194604628
0.0593093687153141 0.117903697028798 0.0088798712827954 -0.0118267107963451
0.0873556684525673 0.0927445568282236 -0.071514695474316 -0.12486359248269
0.11737632562315 0.0634751831182746 -0.142212946175302 -0.12451153312274
0.120804279628758 -0.0064002591895231 -0.199178012896742 -0.0467701086973389
0.0984260679674721 -0.0561037627045962 -0.183251484012924 0.0346976728110916
0.0596529685827615 -0.0888963488273325 -0.125934118210723 0.0766372526112426
0.0305104270979728 -0.0944939864618162 -0.0724244583663225 0.078879205929264
0.0231597852925619 -0.112918878255233 -0.0194286068998823 0.0753681150207083
0.0576692452627236 -0.115406359389702 0.0143078150323593 0.0750085175942388
0.088745470155974 -0.102073490801691 0.0509909283560279 0.0739472811212444
0.147409750840176 -0.0627898522389234 0.0733227517037215 0.104030841820123
0.160177612500647 0.000788040464576834 0.062055441239669 0.143957110303885
0.139725477256099 0.0795488382617482 0.0658156052283693 0.133915922525358
0.123950459886896 0.140331513910294 0.0829191729839992 0.105927896260886
0.0962904060108011 0.20598215709259 -0.0347601881291576 0.0460903873310289
0.0936366455787446 0.186013057008511 -0.00182941328184587 -0.0740923937049395
0.149897292366386 0.143945062298327 -0.0838312998039468 -0.165692796815771
0.189177720821463 0.0795779777401899 -0.148897187780194 -0.143941149245057
0.172391813653988 -0.0183287614884793 -0.181472402432548 -0.051672619890195
0.13677249010225 -0.0766175195280622 -0.153771151649469 0.0122886726263947
0.0897822142834846 -0.11831156591817 -0.0986790083432501 0.0427319385711607
0.0522541675616577 -0.121299045498016 -0.0523737802569654 0.0393422179697598
0.0453718030470807 -0.136569783902315 -0.00392331615226725 0.0336536230094702
0.0876660886502339 -0.132472065916246 0.0306719273314474 0.0315682241604734
0.120588473548198 -0.111372550586055 0.0739921420008114 0.0400928034848092
0.187616433520764 -0.0613864325808836 0.0905618651021907 0.0851372602489504
0.202091090994425 0.0206648974917638 0.0616197442992097 0.130357783092988
0.164971320293012 0.122653325712859 0.0377431124357973 0.110326183370478
0.132187722064204 0.194857495229081 0.0474735107915276 0.0509978706228314
0.0994186309504209 0.232604661438493 -0.0568128751655526 -0.0401438670956997
0.118321139459497 0.221062137002963 -0.0221329585750687 -0.140389774191516
0.192922580759397 0.167955366513988 -0.0913820492902257 -0.19799055596629
0.232652849694121 0.0764821266357797 -0.143793406685413 -0.155350600792573
0.196348705463185 -0.0345319668066372 -0.147274471049892 -0.0615428942613771
0.151042717986701 -0.0893621683981046 -0.111267223288736 -0.0186589131684673
0.103143525076157 -0.131431595959989 -0.0635289106593651 0.000682579881110833
0.0650112848981654 -0.129194838287623 -0.025088528768517 -0.00570182766192101
0.0632033968505221 -0.139139181474601 0.019465656478129 -0.0112357662484513
0.110110704239687 -0.125543036171481 0.0537779139604161 -0.0121699400661883
0.140394919220386 -0.0959285216254022 0.100581906469918 0.008806478740382
0.203390179104027 -0.0363846724274008 0.105215279077349 0.0683114461663787
0.21215233790798 0.049684154453799 0.0577758083090577 0.115216884470626
0.159242880437555 0.154606428573349 0.0080178213898652 0.0817922840210569
0.115500442068795 0.224078410490312 0.0122659916846843 -0.0119476481690127
0.0878761365457101 0.218212162197338 -0.0806983004651855 -0.117388556804205
0.120413282927024 0.21346947235721 -0.0516332355782332 -0.191793406779734
0.198282390101765 0.157638388172103 -0.0961348490638895 -0.209602908027296
0.229726592528035 0.058644830397395 -0.125960376220684 -0.155304840540589
0.183576191345871 -0.0430827782890786 -0.102595642839946 -0.0753016213352037
0.138899768424146 -0.0873307093907323 -0.0658748813374923 -0.0548418082339401
0.0987341934642895 -0.123990686224266 -0.0279886291782326 -0.0437260219067054
0.0681799044054631 -0.117969087553966 0.00615878751677915 -0.0483201180237108
0.0739040524428126 -0.119722251171288 0.0497164652636476 -0.0511246834107677
0.119066266624286 -0.0992537325394031 0.0852395740993037 -0.0456375586943861
0.143715631462798 -0.0626794372007008 0.12973308371171 -0.00902185323062723
0.190858599803022 0.000904612177467373 0.117138108528439 0.0597164235124593
0.187930054193536 0.0809216616118814 0.0527685395450756 0.0981316719248963
0.124255090401283 0.17085558692499 -0.0136835393050383 0.0491535960672858
0.0769441900427952 0.22274962442051 -0.0135063050577251 -0.0760430498806518
0.0576853545000579 0.166814580446448 -0.102230678676259 -0.169499948910734
0.0947937785977257 0.166819300565184 -0.0833968080100037 -0.217638130709233
0.159208314242986 0.119188865201698 -0.0941119283640096 -0.201445268743624
0.178323348861294 0.037331471647789 -0.0997501489650989 -0.148225400107352
0.136610928784636 -0.037318476003623 -0.0597864644000249 -0.0905249550715957
0.104763966099604 -0.0657131536252505 -0.0267089797197481 -0.0894277619188827
0.0801931025670192 -0.0932243461879402 0.00167220392070089 -0.0825221482110122
0.0604702079872262 -0.088141961616189 0.035494210607104 -0.081854515196388
0.0701261481780386 -0.0850904888497197 0.0834478971471131 -0.079191527475389
0.107622967273689 -0.0623981150666747 0.120561957802222 -0.0615362301679023
0.123082009135526 -0.0262912640916858 0.157619107549381 -0.00929739178883718
0.150718788373494 0.0321230515795235 0.124818036823062 0.0607132304557106
0.138182674235175 0.0950973204104735 0.0496322847041524 0.0820527409430203
0.0745002524257843 0.159828218079091 -0.0221001030747737 0.0151170648177731
0.0281994358095667 0.188925693991129 -0.0237004364031413 -0.133005435941009
0.00920388453368738 0.0906177929142515 -0.112862228416586 -0.190992816908632
0.0425649162706885 0.0978720556046995 -0.104140346552117 -0.215885402363848
0.0848050608970786 0.0695753450369472 -0.0832540774695293 -0.182416147590843
0.0936348233284551 0.0241575539950061 -0.0755501362365118 -0.13880614895009
0.0713594892725027 -0.0144827864347489 -0.030713514092022 -0.104133914060447
0.0602268823870745 -0.0259648320844307 -0.00274570787474078 -0.113237284353514
0.0544015431163619 -0.0452237378524206 0.0202628467066803 -0.107664491259965
0.0436916410120559 -0.0458420371842693 0.0587540933790805 -0.101535484502871
0.0506785460876107 -0.0423334698928559 0.112723591549311 -0.0938290267965096
0.0721187133657565 -0.028292909156025 0.150908891903661 -0.0601200978398117
0.0795828726877176 -0.0049540374912231 0.178126348732313 0.00445443531149966
0.0945524707587068 0.0363382125523708 0.127842841516672 0.0686189235693686
0.079666588587537 0.0806964699113623 0.0522204576171495 0.0709022591260018
0.0261206151402666 0.119427227777283 -0.0161790203110744 -0.0103837237949672
-0.0166336024931754 0.12603553305247 -0.0193215072525021 -0.174221829894269
0.0242235527755844 -0.0289330607836757 0.0447576386691419 0.208145896532976
-0.00879679342854677 -0.0456131675310592 0.0424341697499474 0.0514066842896821
-0.0315437250631786 -0.0347794335838598 -0.0451829156607107 -0.0703180604342178
-0.02713752489399 -0.00723413299464887 -0.130269414152466 -0.0824735556101157
-0.0154557817016474 -0.00844813699463563 -0.201968756209855 -0.0139563753190869
-0.0177368686039671 -0.00816769437350595 -0.186652914964461 0.0800477708481962
-0.0278764952192935 -0.000643934390318067 -0.126121340544304 0.123129955281731
-0.0232544136888988 -0.00305931262629646 -0.0722684645489423 0.129662552449454
-0.0287081922565601 -0.0133220557567747 -0.0225249651185624 0.129670743583375
-0.0238059803778781 -0.0292208073351872 0.00589675103082273 0.134113819091687
-0.0123040675879678 -0.0342399273462483 0.0286744456660909 0.119407131376941
-0.000639277597792249 -0.0372658687410976 0.0573932108161606 0.131450093975933
0.00103471289836935 -0.042956397307473 0.0724571962181415 0.168096338567924
0.0235974696578711 -0.0411902468856651 0.102870224543009 0.176845185814618
0.0435630342009169 -0.0242094902158475 0.126216790108469 0.171235103137123
0.0660881704724 0.0559291477913665 0.0121239829478045 0.183564165123692
0.03186470979142 0.0323129402256674 0.0205837794117225 0.0333827957766906
0.030681463568086 0.0235507466244079 -0.0676051252261183 -0.0850495861062291
0.0463636354591779 0.0227612796252193 -0.145100272831229 -0.0948007873896089
0.0527372718238954 -0.011152648942425 -0.208228629837584 -0.0212829129382332
0.0394038307346388 -0.0369442913942603 -0.191797229708631 0.0690246019721081
0.0113938153225606 -0.051076027927139 -0.129976011880097 0.115322674621846
-0.000107691301196511 -0.0539133178338145 -0.074717591832948 0.116449001309613
-0.00881222964644287 -0.0705481657348138 -0.020846735091749 0.11337605295224
0.0131659257085352 -0.0819749992771827 0.0121144415596787 0.115499153792844
0.0380346578795803 -0.0771783612970706 0.0401782943649867 0.104922157828478
0.0793559821743421 -0.0592981209420788 0.0667781232883114 0.123224910177314
0.0882980539035337 -0.0253576195092842 0.0703815183464633 0.158861832880116
0.0919856310970848 0.0203779067712719 0.0957153373703201 0.152956947720326
0.0978163110785859 0.0627596343009863 0.11826047827416 0.141298770267686
0.0986008689115854 0.135132575418913 -0.0189301411539819 0.128910598658305
0.0727046197537024 0.111257754991508 0.00234949684085991 -0.0106119894017154
0.0984014384268413 0.0827262299845391 -0.0899896119022133 -0.116067136481911
0.124888989858657 0.0475462928252407 -0.16198966770671 -0.108875888205961
0.118046163155832 -0.0185017604897617 -0.204638365906121 -0.024666599236016
0.0921417733561573 -0.0644240881108582 -0.180137546298672 0.0539023364732795
0.0491006432103063 -0.0962919555006236 -0.118425185443224 0.0938425505879028
0.0228020468155589 -0.096770962732864 -0.0661376655220516 0.0864015789724051
0.0110030994395762 -0.115528272216711 -0.0143404845298051 0.0794760961854337
0.0451312504483387 -0.123059765320319 0.0218476242355873 0.0799836819949274
0.0772635370535974 -0.110970461519761 0.0597125109017141 0.0752540559486446
0.139962008841593 -0.0804373937959252 0.0816063061403558 0.107192640826216
0.159854653964244 -0.015602513629143 0.0695069643829453 0.146415062210118
0.149522001989949 0.0698243030347659 0.0743868702311777 0.127050333631357
0.138575950563043 0.137320395606958 0.0915439871356285 0.0939648464771153
0.120126979153382 0.193012632558345 -0.0483081040766961 0.0525249639988093
0.113361203629721 0.175229786268188 -0.0176520959658653 -0.0713844725534704
0.166078152927173 0.126673335422287 -0.110731590966964 -0.152076513649349
0.197447376936704 0.0545693810029837 -0.172474559371852 -0.122116645113905
0.167907838227184 -0.0361178352981898 -0.186809058520261 -0.0272699215510483
0.129365568885978 -0.0889905928093949 -0.151185813271571 0.0304499825432873
0.0753155605668979 -0.130173022283461 -0.0934772324719407 0.0596492510948498
0.0413147997662748 -0.125762512438634 -0.0487770147442484 0.0441293815865505
0.0305206560927212 -0.142515899518206 -0.00176198470037064 0.0345315496163315
0.0736801397971612 -0.143453554266402 0.0347206218311566 0.0330333155852327
0.10870423391404 -0.122986773369274 0.0807815468653386 0.0389121271686583
0.181317518068707 -0.082144096956289 0.0968334154385717 0.086436988711514
0.205362553994855 0.00110957532384493 0.0664353466680426 0.132480361054255
0.179656762411829 0.111736468208033 0.0438897482090915 0.100783851585807
0.153387092604814 0.193407928607967 0.0533814082246649 0.0351888436394601
0.125703035997381 0.217739362809314 -0.0782844495635436 -0.0326131235844233
0.140601448559178 0.206736091911664 -0.0444166615420731 -0.134878552233302
0.211578318969545 0.14474585925093 -0.123380837320472 -0.179665466039815
0.241039263513344 0.0452588052418567 -0.168928597123787 -0.129729752369207
0.19096063093313 -0.0543506945246049 -0.151359345964319 -0.0385381542872429
0.141946018145879 -0.103840994294057 -0.110700351093103 -0.00329899259067367
0.0869022009697808 -0.145119273566606 -0.0606557547792502 0.0153012234337937
0.0532690757933667 -0.135192659096345 -0.0245870496357211 -0.00377546407207891
0.0485453168158215 -0.146317091482304 0.0186163715343538 -0.0138777578326035
0.0968791146019493 -0.138821394642803 0.0549298835926811 -0.0132439520452351
0.130945591549868 -0.109604573045274 0.104905267685079 0.00404551220299866
0.199667355136022 -0.0591609321795789 0.110431047733463 0.0672018950912461
0.218533473893387 0.0297385215104945 0.0607590701457729 0.114580965393407
0.177134354975716 0.143568024338109 0.0115669189422952 0.0726379719561594
0.139693483911656 0.223705428912526 0.0147844453685146 -0.0285835109832455
0.111055263889509 0.205006731483013 -0.105720595986834 -0.109704885798655
0.140658982196676 0.197997865858603 -0.0781915284442842 -0.184992220941834
0.214805922432628 0.133763398229567 -0.12782257418542 -0.191051947449359
0.235141803251052 0.0289505609843004 -0.148644387307614 -0.131213693363305
0.176706791955703 -0.0626427682084041 -0.106429384373131 -0.0569145743325669
0.130405676813157 -0.100816332574134 -0.0674266326206025 -0.0443865294520559
0.0832291286413407 -0.136642856465821 -0.0294012967256983 -0.0328204321776181
0.0573906702983633 -0.124079991576837 0.00275642957316759 -0.0505246685159162
0.0607041200756506 -0.127982574061678 0.0466529412898983 -0.0578939077727093
0.109664531688547 -0.111868029218741 0.0844964989301977 -0.0508656581497837
0.138054274056452 -0.0758153692113566 0.132448094648793 -0.0169908289252059
0.191419585038347 -0.0189919794434862 0.12169455671228 0.0553791196107754
0.197643565245711 0.0631042434589834 0.0542234513767584 0.0958094034381754
0.143304559209869 0.163449901731901 -0.0117513468799276 0.0402988623668332
0.100596213295801 0.224968937511775 -0.0140466524376497 -0.0920513629968904
0.0740596500485682 0.157460533270663 -0.126535646444392 -0.163534127809722
0.108456667452126 0.154725578992627 -0.110110022628043 -0.209364336713024
0.170641273713471 0.100239609976049 -0.122136910556033 -0.18466072995882
0.18045750901611 0.0137798797123694 -0.118806655693363 -0.12852595649631
0.12980499912037 -0.0517664139060308 -0.0651324949362081 -0.0792422634681559
0.0983237192096988 -0.0764908129610486 -0.0321454747459486 -0.0841356460230251
0.0681175603925025 -0.103733318125737 -0.00330300238967087 -0.076860482017124
0.0523203486984407 -0.0939530398388397 0.0302007600349507 -0.0872609970968369
0.0615808045054258 -0.0927415638780328 0.0799831154230802 -0.0893216653962959
0.101399823907268 -0.073736825352714 0.11976924392598 -0.0712685566925065
0.119956999409248 -0.0374848577439314 0.162056029194851 -0.0207658688289663
0.154600198654466 0.0168393578501674 0.131055093392379 0.0546126383479355
0.148105300877285 0.083258658320225 0.0517944643761945 0.0790493048528883
0.0906234889372956 0.157229918546019 -0.0204625310327765 0.00801620949458568
0.0476411025858385 0.193535266415613 -0.0276013293324745 -0.146524707444607
0.0170699292192875 0.087956385567935 -0.133250703257691 -0.186887838484341
0.0481792464622893 0.0918996422465867 -0.126287304456609 -0.20881358390461
0.0906062128931296 0.0590607461767279 -0.104614381776899 -0.172492469423873
0.0942962121676748 0.0109924213449794 -0.0911363480421939 -0.127187869697836
0.066981585052666 -0.0222265436747436 -0.0385310573501625 -0.0995527713276887
0.0567470403732131 -0.0323949970207877 -0.0112007602016995 -0.112207674746897
0.0479168794159062 -0.0523545097698401 0.0117753118653051 -0.106194721874388
0.0390266543661731 -0.0498732207491892 0.0523451678014794 -0.109240440408905
0.0463911444376348 -0.0478987244685836 0.10889843631141 -0.107170296839185
0.0689757074343704 -0.0353832955962782 0.152199855957851 -0.0725933975278086
0.0780792854762421 -0.0109248100822838 0.184917647833847 -0.0089210906477043
0.0973242185250367 0.0277988256898303 0.13699577338 0.062123470372987
0.0869616612705343 0.0747898410223981 0.0553677163669108 0.0669432505920437
0.0371801798272329 0.119698039460602 -0.016085091788395 -0.0154986555257945
-0.00412398103618114 0.131356667456174 -0.0263152896976005 -0.184124026949775
0.0232146911203848 -0.0290941292239885 0.0564868375010044 0.204857338047413
-0.0107996310183305 -0.0445568593689258 0.046812000952758 0.0481190886664525
-0.032514696806649 -0.0334946877542497 -0.049772194355123 -0.0690057913253842
-0.0272431237811166 -0.00703329491724066 -0.137138544188636 -0.0760300994752217
-0.0163911388858842 -0.00888742563375997 -0.204392626833722 -0.00295639689455161
-0.0183413332727651 -0.00764744395729062 -0.18285354265271 0.0904996289423225
-0.0273728369225458 0.000858041945238391 -0.120819300018812 0.131041602849566
-0.0233724165036085 -0.00205217835211936 -0.0661242551181652 0.136376798008133
-0.029162053865639 -0.011529884041107 -0.015444287924553 0.132732948185207
-0.0257464817589791 -0.0279187028343867 0.0147857325793973 0.134877372145454
-0.0145314981056832 -0.0341920965690777 0.0354947516024475 0.119973004111869
-0.00245425209804053 -0.0388180335567095 0.0643585964495469 0.13071451014122
-0.000630911187854015 -0.0434603234007109 0.0831120932695933 0.166642302371611
0.0214503989116865 -0.0416603334758531 0.113164082654581 0.172840733988537
0.0418279619480339 -0.0261272841920873 0.137343000623112 0.166146131484014
0.0695493200695411 0.0542730502918411 0.0219576337637565 0.182624413134132
0.0350561970319861 0.031426982237062 0.0233210293689491 0.0307331237231724
0.0340310544592132 0.021946309473653 -0.0734892926138371 -0.0840308962844118
0.0493938489768829 0.0188838795993421 -0.152622915469013 -0.0879844542724553
0.0528391935815756 -0.0159726371291038 -0.211621548650066 -0.0112002845368209
0.0376735241413327 -0.041312549648613 -0.189359376714494 0.0798164856210496
0.00882046550513668 -0.052639972556437 -0.124603135058479 0.122404436372443
-0.00303482472262165 -0.0543015916337561 -0.0690151926090336 0.122880647785149
-0.0123831858949526 -0.070882380358553 -0.014465588898632 0.115536350603878
0.00854399851779712 -0.0837000424933161 0.0193500899350442 0.115850297647972
0.0344781377923423 -0.0802686410978627 0.046393703890027 0.103636363951007
0.076648097113964 -0.0655789927751275 0.0733055107234787 0.12131693721614
0.0879261808824467 -0.0308048429495916 0.0809702032347459 0.157729018452226
0.0942867311603263 0.0168967458208983 0.105476179809365 0.149190077043984
0.101843623722434 0.0589528101263058 0.128271667307596 0.137449257040493
0.106685902010124 0.131569661645952 -0.0127353509756017 0.12907818553106
0.0807448350494937 0.10907471549723 0.00302733685053258 -0.0117392133594412
0.105866714079437 0.0784045888631749 -0.0976771066337015 -0.1144682002087
0.130164714321766 0.0389006194075811 -0.170248052104169 -0.101796702450997
0.11840261185381 -0.0271927674176629 -0.208515559801973 -0.0142539267476224
0.0892240314544401 -0.0720819138662814 -0.179109681743885 0.0632853706987978
0.0443342356652726 -0.0998425045583683 -0.113007207438182 0.0988557414489821
0.0171828035163711 -0.0996690437528865 -0.0624807900891679 0.0913938847330328
0.00387726722752206 -0.118358770578775 -0.00973886360635536 0.0808929778908307
0.0374929602409141 -0.127400294860291 0.0277938357099261 0.0794447196633854
0.072444243786415 -0.116064440163456 0.0641456434541707 0.0726690131733011
0.137882558243339 -0.0900563228204473 0.0891092001558335 0.103158318090132
0.160912474393277 -0.0249338591020314 0.0799228265072888 0.144747618508896
0.155020550767251 0.0625267563631726 0.0825407461711517 0.124870219876666
0.147928518312239 0.131736406659484 0.0991984011201795 0.0901774091318727
0.132106121973364 0.187360911422476 -0.0466859160750172 0.0545938130659848
0.125072151336965 0.171178790445928 -0.0194457631632584 -0.0716297535030182
0.177221887619797 0.118615440981463 -0.119834826270699 -0.14996833111702
0.204580918063766 0.0413364949349962 -0.181612976933417 -0.114820551570795
0.168614099482368 -0.0469792156991804 -0.190117207086688 -0.0192722190654405
0.125079206441698 -0.0995596985392782 -0.151542779264732 0.0387362741482342
0.067454537937657 -0.135134016324558 -0.0893733241729796 0.0626123765933778
0.0334355471566888 -0.128821729549213 -0.0471630912554263 0.0475583646551769
0.0221933734909093 -0.145907875376209 0.00035422744508958 0.034617849575576
0.0650897608244388 -0.149634789250497 0.038231278005226 0.0313528211799839
0.10323051542149 -0.130740452858419 0.083607090443025 0.0341187082176939
0.178438765471446 -0.095512926424753 0.103402048051344 0.0816912316781899
0.208206028746647 -0.0111061566944384 0.0756545252218633 0.130429625278642
0.18806654566112 0.10256422408576 0.0502804125283914 0.100310322028896
0.166667068102783 0.186463564858314 0.05707770845913 0.0331343274139797
0.138321645816363 0.211764155275023 -0.0808930643157325 -0.0300986793052039
0.153869059048398 0.201289180955936 -0.0512051381610264 -0.134366426875597
0.224263004614804 0.135012854545303 -0.13446224896337 -0.17752913261778
0.24756497982076 0.0308760066613495 -0.177635159775156 -0.123210441318891
0.190020500011636 -0.0660972602434152 -0.155389288921469 -0.0326282292359383
0.13791841429271 -0.114702910598028 -0.112427300258897 0.00194478170646848
0.0787341273123517 -0.15053475237916 -0.0595405409768911 0.0152126607539313
0.0446256630863866 -0.139248815103694 -0.0255115945817421 -0.00280872387625027
0.0402858647892397 -0.150903598498341 0.0177446571806708 -0.0155816573252708
0.0887796343701557 -0.146714634887889 0.0561250867353693 -0.0167014878997574
0.126690525512514 -0.118929215644329 0.105707689007911 -0.00287647003310421
0.199052323980002 -0.0724596445681169 0.115539171340563 0.0607930151626571
0.223182474895789 0.0173803541325691 0.0683373972688087 0.112647277433132
0.187929036207731 0.135645807417939 0.0159952383225454 0.0733609482450015
0.154852110510467 0.218312504465656 0.0141011866410998 -0.0287239717559459
0.123033251496052 0.199536938646522 -0.113117264170732 -0.106100628649563
0.15318719713766 0.191831407704054 -0.0882913801557149 -0.18179714853037
0.22513098089517 0.122851400695997 -0.1395799137699 -0.186760683784196
0.240400623752998 0.014527738491317 -0.157271755278936 -0.125223377383256
0.175020616338286 -0.07281183034439 -0.111204488735716 -0.0538430846758167
0.125982730885268 -0.110814130929082 -0.0718755658963856 -0.0417923216584473
0.0747409340408838 -0.142361505060422 -0.0301170182592027 -0.035050454400101
0.0491898415460872 -0.128457564518 0.000255313981519766 -0.0509777784132302
0.0541071711176961 -0.132957916183809 0.0439597110600024 -0.0617941309475688
0.102374120156251 -0.120714593556053 0.0829846337862762 -0.0561987500052165
0.135619245738976 -0.0846944771402172 0.133153607184013 -0.0265596103867242
0.192572986385534 -0.0313191680572354 0.127071164505462 0.0485034522910596
0.203297144553969 0.0527084649506797 0.0611282551791046 0.0940355421678881
0.15420769691624 0.156784698772783 -0.0100269475990318 0.0418632544270733
0.115432979361344 0.221059100190197 -0.0189914558110574 -0.0906532236233836
0.0838159132376654 0.153133614837227 -0.136496974852377 -0.159052318794362
0.118132535970707 0.149233538813153 -0.121881857814154 -0.205330762354345
0.179058992615056 0.0911895121296272 -0.133389176128459 -0.181682225896599
0.183570693408709 0.00326809615931999 -0.127651765085891 -0.123870750264877
0.127826065088 -0.0583317756119218 -0.0701232579918054 -0.0781314959332915
0.0947009411441479 -0.0828794314219062 -0.0384456047937431 -0.0838433747690654
0.0616974226231069 -0.108460019045117 -0.00675999996725151 -0.0798027998383431
0.0461878826178753 -0.0975331343577702 0.0252670454255999 -0.0900755964285335
0.0570922366044832 -0.097391314986004 0.0755952585205992 -0.0967744390793942
0.097040699790768 -0.0813057888081651 0.117583094667089 -0.0780051583389263
0.119928263677111 -0.0443039582438599 0.16262664009652 -0.0317029553888822
0.158158937655184 0.00765297402649757 0.135599615970445 0.0468264192409068
0.154666818050162 0.0761125640678759 0.0572109121707876 0.0764318576521683
0.0997898623732613 0.153254299376069 -0.0208988883454308 0.010915003232259
0.060824147054093 0.191366439908229 -0.0366568851854336 -0.145013687125509
0.0224647161391064 0.0868295110498777 -0.144529403846385 -0.182767277611067
0.0534199127915357 0.0900856547682957 -0.139578015189264 -0.203450902675448
0.0946092341333096 0.0550401918986553 -0.114982647559995 -0.169291397671612
0.0957025216405423 0.00601817129362172 -0.0988320782254406 -0.123776883048107
0.0658425970566852 -0.0250467530947756 -0.044757260923421 -0.0998265428985971
0.0555742799797605 -0.0359539259539302 -0.019088075743882 -0.113502189833782
0.0444710993468921 -0.0548564488338539 0.0072701179014451 -0.110175023154768
0.0356479081599986 -0.0526362643039308 0.0459613882846678 -0.114226991938855
0.0440469881253389 -0.0509080623862993 0.104349630492738 -0.115125495215934
0.0665663488891341 -0.0397607759431177 0.150412845933024 -0.0818286606124296
0.0785155500904623 -0.014545635868215 0.187106025628387 -0.0196063411199512
0.100071038497029 0.0215226005881673 0.142125794229629 0.0547078291805007
0.0914620165818382 0.0706639357327736 0.059967298973336 0.0645613083626912
0.0430303778498064 0.11849998471285 -0.0171869091986557 -0.0139686537562966
0.00453421506559025 0.132205473195963 -0.0371425421677073 -0.183201279705593
0.0214049594733727 -0.0281215322660975 0.0670590256040649 0.195330868152833
-0.0121118615895265 -0.0426670912216624 0.0491412863937688 0.0415172343140049
-0.033171387460012 -0.031126248476501 -0.0544771886915595 -0.0655711700785304
-0.0272305355970694 -0.007113918367504 -0.140895302253965 -0.0658186798773538
-0.0166626249120033 -0.00955688514894521 -0.201091736666894 0.00971075422296831
-0.0185849335558625 -0.00735376795666174 -0.173508065463076 0.100346111064037
-0.0261276576536283 0.00242167433501136 -0.109987860729434 0.136372885911457
-0.0228256486285635 -0.00042576361829066 -0.0563027603178127 0.139006755213055
-0.029842607337693 -0.00963812373538386 -0.00640709481633079 0.131476115296719
-0.0270586931366314 -0.0249923599765159 0.0238397149529575 0.131838153604782
-0.0167318240387402 -0.0324658323376074 0.0419974967342876 0.117050944188754
-0.00507552952953929 -0.038868774842359 0.0713673757317456 0.125332320521396
-0.00387427098527785 -0.0419935049503844 0.0930597285097322 0.158806892415493
0.0191343812029148 -0.0416545203019297 0.122199287501319 0.162924817410706
0.0387526650658184 -0.0268138222875618 0.146620471890222 0.156098013231005
0.072537639412892 0.0496769095589747 0.031786855371319 0.175717247595766
0.0375926277832558 0.029480361209663 0.0258360246974543 0.0273441515522094
0.0362071109806778 0.0194700904402122 -0.0780871639675446 -0.0790670123653577
0.0513349786722812 0.01374456831507 -0.157028355038285 -0.0774654108066009
0.0509142247936031 -0.0205929504217449 -0.208618787474096 0.00169671588212175
0.0339036716094428 -0.0443320043107407 -0.180627957215982 0.090181406687155
0.00582907235462593 -0.0521818250228468 -0.115513074794828 0.126318690537842
-0.0069272505063726 -0.0534945643932603 -0.0605428292108977 0.125976895025367
-0.0174503519808975 -0.0690449769241763 -0.00692083116674098 0.114204014414677
0.00274425402069002 -0.0827606192713463 0.0272717449439001 0.112067139487166
0.0292327097163704 -0.0811448122377622 0.0516107762425009 0.0997190717979315
0.0713298043047439 -0.0704174250788182 0.0796665728130499 0.114827160038497
0.0847046255119379 -0.0357516619263317 0.0914905062181765 0.149943528945435
0.0944790036334518 0.0110903812315471 0.112907118468346 0.14048336988691
0.103279697660728 0.0522319937466427 0.13566908313072 0.127423632358823
0.113656430534042 0.121959973024996 -0.00475766434772732 0.126403614040116
0.0874095109978853 0.103114202833534 0.00413653939825177 -0.0137496242261388
0.110436003408335 0.069792893983329 -0.103440426650442 -0.107526205668766
0.131807051338143 0.0279598204090659 -0.17429512694535 -0.09060050331908
0.114713287171996 -0.0358411065474104 -0.206261224571932 -0.00289290763786331
0.0824626799115237 -0.0783080672489374 -0.171654937553965 0.072749045591843
0.0367717020415208 -0.100916017488136 -0.106008608103718 0.101801268707335
0.00962941095500592 -0.0985629687554402 -0.0560519678764654 0.094817860612732
-0.00420308953957598 -0.116851007137896 -0.00451103230773606 0.0800358084219689
0.0277903518708813 -0.128615654731279 0.0328801447113363 0.0756072797484113
0.0640646891763995 -0.119444208895731 0.0670768681888096 0.0668817277048063
0.128959314031602 -0.0992255959302403 0.0942729523601666 0.0959561927694289
0.156836113226955 -0.0351422966138057 0.0894814277842021 0.137334964459832
0.157124569220258 0.0520908156030191 0.0893014117459849 0.11773255973921
0.153985660992772 0.119948763975014 0.104046910117795 0.0829066907696727
0.141245752546008 0.175818150655954 -0.0424185432714269 0.0549076229944372
0.134514679780889 0.161247902795525 -0.0227191048202546 -0.0705469734678457
0.183214357926029 0.104935300910121 -0.127519905071862 -0.140567904550399
0.205785138994312 0.0260201318197331 -0.186283605055773 -0.102530717228611
0.163295141790455 -0.0580813017373926 -0.188130507677384 -0.00862713249769178
0.115754392694184 -0.107273465840398 -0.146776101669553 0.0466308626046397
0.0575198087223357 -0.136732542542745 -0.0844400169090066 0.063520923513383
0.0234631184921412 -0.128650611100426 -0.0440944459695865 0.0503638427615498
0.0116763514822058 -0.144903770798236 0.00194010336768843 0.0336843855429498
0.0533624922897413 -0.152046513668373 0.0404944548086212 0.0281337495004483
0.0936739279691053 -0.135584832186523 0.0839491608572984 0.027408596535234
0.169451096552706 -0.10663738097074 0.106993066435415 0.0726868478051236
0.204067814350619 -0.0246475062925403 0.0844000376987283 0.122993850939914
0.192476621717735 0.0888224008736381 0.0560647424165171 0.0960606374406094
0.177234160702682 0.172415154758583 0.0587080713520076 0.0293454946972725
0.149518018393423 0.198157367361915 -0.0812471771038745 -0.0257179402218621
0.165033834304419 0.188296211004395 -0.0567891574974351 -0.129213435777175
0.230508277651396 0.118055690209923 -0.143364375415434 -0.167632234327036
0.246786604004964 0.0124063521376353 -0.183114022346148 -0.110653266749338
0.183441482247778 -0.0778204693291827 -0.154936232467522 -0.0242311738694941
0.127711313962035 -0.122958056825537 -0.111389333700589 0.00819747173313201
0.0666735286112561 -0.152071322580378 -0.0578651049864063 0.0148262225601342
0.0337618088715644 -0.139567196520957 -0.0258179620672748 -0.000675758661576092
0.0291460168453459 -0.150635459851562 0.0161938905082229 -0.0173511334576875
0.0767174031149466 -0.150495510022371 0.054539312487085 -0.0203622100725383
0.117597981162115 -0.125353840567266 0.103754485352754 -0.0103766855329781
0.1913141884849 -0.0858574279245679 0.118104011297124 0.0520079890896631
0.220829398618347 0.00223234391171404 0.0757085675103389 0.106583458055595
0.19379299472722 0.121368214321682 0.0207344643905451 0.0716809241321189
0.166842359856158 0.203660834431055 0.0127798903514212 -0.0286881507350237
0.133290476950678 0.186692129745685 -0.117224196564329 -0.0980175930949923
0.162518363460827 0.178730256263861 -0.0966030657079125 -0.173453184336376
0.231106041676508 0.105653003673795 -0.148861192073831 -0.177228271214129
0.238089421134373 -0.00220361385553331 -0.162748548136262 -0.113890420819378
0.168139152127882 -0.0829455847984591 -0.113161486207878 -0.0482769698083285
0.115826924220705 -0.117866102683281 -0.0741299434829128 -0.0370820814524593
0.0634426648767427 -0.143157501384521 -0.0314051955808631 -0.0366783464098043
0.0388099304822455 -0.129009119774073 -0.00354037369803322 -0.0502396345104351
0.0438402023291652 -0.134286080165109 0.0386804281807407 -0.0641189658833297
0.0920994054170144 -0.126132745539035 0.0791416819195735 -0.0609771363932648
0.128616581752008 -0.0926108309377751 0.12951062983755 -0.0358939644136578
0.188167383078231 -0.0450359607827373 0.128586519055831 0.0385114793808848
0.203637821152683 0.0384458799488734 0.0668320530832801 0.0888006115566469
0.161537277649346 0.144393658848774 -0.00653693543727196 0.042824256868701
0.128981797667833 0.208834811084904 -0.0245762949352184 -0.0872113152108128
0.091533129031374 0.144135167796452 -0.144369312703397 -0.148656762889767
0.125201051997276 0.139043673960395 -0.131548149916618 -0.193079853920675
0.181878551191762 0.0780746796480313 -0.141757148532115 -0.171171199161142
0.181139285811526 -0.00876619540432595 -0.133219618850104 -0.114788369485159
0.122745552076268 -0.0652066946100573 -0.0742923859542835 -0.07413560158003
0.0875239150912844 -0.0879992267811686 -0.0439068325251171 -0.0807609276088134
0.0533006664737194 -0.109027646542833 -0.0111350849908939 -0.0812211369694494
0.0376817056748065 -0.0986728222338422 0.0190566131071945 -0.0904884756535177
0.0484888818030495 -0.0990882602231583 0.0675265501533895 -0.099941742102531
0.0893529274037518 -0.0865101468517717 0.11127873464514 -0.0851075160384835
0.115762485281282 -0.0513829871485046 0.157927834189189 -0.0418845302373841
0.155573129867274 -0.00370208559262551 0.136996415960825 0.0372105290634989
0.157123086775656 0.0649017875436201 0.0618578596649299 0.0721070157266819
0.107435358959779 0.143937250355931 -0.020219017296601 0.0126988731593872
0.0727075179220177 0.184081604597562 -0.0443226470446438 -0.138795602604622
0.0274247514856788 0.0826905777798634 -0.153524160218178 -0.171156089530657
0.0576904672573121 0.0848965887592727 -0.148338514503843 -0.191161775325965
0.096073276440717 0.0481140502424825 -0.122958926110106 -0.16031164111667
0.0940476232848813 -0.000305725570110148 -0.105290351696679 -0.11463157706323
0.0632531582111724 -0.027716982068611 -0.0508552444516596 -0.0960178220252556
0.0524554877572532 -0.0387328261658962 -0.0274498259778609 -0.11089479455752
0.0395001371659359 -0.0557866662918556 0.000711603479839473 -0.11006031427356
0.0308335449258253 -0.0536359588650042 0.0374589806874102 -0.115542840744225
0.0392465177952213 -0.052562964987554 0.094913291444736 -0.120306803830487
0.0623421940625091 -0.0435751284116072 0.143460172917583 -0.0894352596259507
0.0765337168397695 -0.0193802410050997 0.183133525300359 -0.0324846679683396
0.0995305983483447 0.013974505209247 0.143910605864237 0.0448100613898502
0.0946135567983852 0.0634329976275277 0.0631120589453475 0.0602209747916754
0.0492694092290871 0.11274543312418 -0.0179573986583924 -0.0110045949327515
0.0138305180833875 0.128758685089701 -0.048450142638496 -0.175719090902122
0.0203626781494371 -0.0265492167633203 0.0713792758358477 0.18329745078836
-0.0123834919113655 -0.0396422057743962 0.0494409535024918 0.0363217637621142
-0.0324568157484828 -0.0293080142563432 -0.056458182637431 -0.0610137995625249
-0.0262115503246833 -0.00660425164420798 -0.139615330801266 -0.0569279231965469
-0.0172592565559844 -0.00899050427546184 -0.193259561466874 0.0184700997545708
-0.0185155652761051 -0.00681146285403452 -0.162147163752288 0.103752099924267
-0.0239029217492166 0.00337334807050889 -0.100572354659899 0.136667771011928
-0.0216982902209084 -1.56243150237459E-05 -0.0480018417457821 0.138006450931116
-0.0287683424227613 -0.00850316351484921 0.000341542202272201 0.12648830728047
-0.0266318496687869 -0.0231510115135001 0.0296249897793139 0.125976569624245
-0.0175595447034382 -0.0303542147797803 0.0465249147406597 0.111787606741298
-0.00686350212384748 -0.0381263056603989 0.0745848774140987 0.118351517917787
-0.00496591848181568 -0.0405058609459908 0.0976897158816224 0.148849041106453
0.0175049988839106 -0.0396980081629216 0.124412963601927 0.151810547588077
0.035179126138401 -0.0267267632658762 0.149478807539278 0.144663105823279
0.0725104028075811 0.0451179204869891 0.0367937793214212 0.166120857233577
0.0390625148261898 0.0276491479466554 0.0265824428784364 0.023113869591767
0.0374341038967246 0.016363881593932 -0.079996771257303 -0.0730543149648355
0.0504105688893493 0.00885206401082918 -0.155241958741805 -0.0680908874863652
0.0475578758453106 -0.0228838393669959 -0.20136936623064 0.0103704679317029
0.0302807552792612 -0.0455188008873069 -0.169539952069277 0.0943835754857663
0.00402527862385641 -0.050815573646844 -0.105872987106707 0.12612587097922
-0.00919925534557996 -0.051259664264473 -0.052835772383379 0.124953818602909
-0.0202987831178469 -0.065409282704421 -0.0018149234363197 0.110753879254162
-0.000941068262377112 -0.0801042353664263 0.031863054335048 0.106334419494445
0.0241538501227593 -0.0795240133699823 0.0545464455374367 0.0945610666391437
0.0646613591088791 -0.0720782324068606 0.082214041530526 0.107444115184202
0.0805711310818862 -0.0382629372050653 0.095782853700522 0.139836054353736
0.0923857935811216 0.00713909836069427 0.115058397082115 0.130202605271642
0.102044645448635 0.0462619020575986 0.137314559874096 0.117187116607897
0.114776697015198 0.112750519770691 -0.000769132435357775 0.120374051860197
0.0900650769041151 0.0963915910688131 0.00411383236098885 -0.0147818349531527
0.111547979583504 0.0619619567992453 -0.105000695520884 -0.0999103571486819
0.129835672782041 0.0189865171381518 -0.172818283657829 -0.0795697993268243
0.109728642932715 -0.0406225225920656 -0.198537162133014 0.00568941083560658
0.0752214953494773 -0.080659325586486 -0.162228016338877 0.0775364860934648
0.0309110733089263 -0.0991169902087688 -0.0984307390150871 0.10059261325438
0.00370679903468438 -0.0952077218118284 -0.0496129924265257 0.0946497430095856
-0.0103703391801666 -0.111873430246463 -0.00114464955828363 0.0772103458233565
0.0205443134044637 -0.125057886021889 0.0357244944229727 0.0704352394469203
0.056214586155313 -0.118695119032039 0.0673430949636526 0.0614394568254036
0.11883655871349 -0.102785971476213 0.0950039672253055 0.088697318015011
0.149807289443201 -0.0405985784934978 0.0938779100187943 0.127432669172615
0.154190936091897 0.0434321437690939 0.0921543509882032 0.10993304343443
0.154462689415016 0.108886326078202 0.105228458807251 0.0754236854981369
0.143712690216265 0.161224123019876 -0.0389302608672827 0.0538231846048314
0.137841206559953 0.149333893250213 -0.0232021343489287 -0.0684019245766209
0.183915502818024 0.0918457135218926 -0.130167973617719 -0.131452170193768
0.200697922810551 0.012876220871775 -0.184749275044596 -0.0912128105552052
0.155598154820435 -0.0650044756686286 -0.182789501590252 -0.00137010947159466
0.105764631135248 -0.110681377681759 -0.139630096455297 0.0516214205220561
0.0488572908872736 -0.134200342954801 -0.0797829185941947 0.061542927332799
0.0158789302995706 -0.124975106290406 -0.0399121367758601 0.0510554703264958
0.00345803376868305 -0.139953602847899 0.00342595754071052 0.0322842907267424
0.0427046053357424 -0.149535746697406 0.0407932153270143 0.0250042801962332
0.0841493563943952 -0.13588656056592 0.0811787980306681 0.0223120422722139
0.157432664726054 -0.112393665134993 0.10621311080752 0.065233791487644
0.196550619816991 -0.0332930961144946 0.0881262671471197 0.114113669364523
0.189674446668508 0.0771756234988632 0.0592516093794843 0.090478209865236
0.17874421108095 0.157543767602392 0.0591925045832167 0.0265541857804299
0.152054988444504 0.182427941998971 -0.0797916203514799 -0.022079067206051
0.167646179645975 0.17454486542429 -0.0590282565497366 -0.1233208697511
0.228685187864474 0.101925891079556 -0.145430052512408 -0.156481806593824
0.239314393225966 -0.00121168429958136 -0.181679834385993 -0.0990716043255373
0.174054756726395 -0.0838275464514571 -0.151427438752164 -0.0178441285676593
0.116548352803064 -0.12618288218745 -0.107500987654718 0.0125175983076336
0.0567366082317244 -0.148757412712061 -0.0556508155985013 0.0132898074649515
0.0250015913839632 -0.135579286754429 -0.0245717935322076 0.000599924707530979
0.0200376881894321 -0.146637998716864 0.0149485518160442 -0.0170203807776334
0.0657342561675265 -0.14921353026567 0.0521012018425502 -0.022723415820313
0.107919037335301 -0.126898708324259 0.0985169945835067 -0.0153343988866194
0.180094179925106 -0.0934682287531005 0.116458884797524 0.0444031356747123
0.213542586467308 -0.00890581372219475 0.0787544842664043 0.098528353982538
0.192228154614839 0.108052162760196 0.0237259936110959 0.0686954540455691
0.171758873219898 0.187450052355151 0.0113790866810007 -0.0272646090219954
0.136192991549945 0.172107080726203 -0.117240876990771 -0.0907012952961686
0.165398288195243 0.165338154652246 -0.0994753727689056 -0.163472790900243
0.228234889989323 0.0906844044946556 -0.152153694630138 -0.165130688046197
0.230257898558357 -0.0147194564337657 -0.162104181321684 -0.102657196768205
0.158779117703029 -0.087601656951862 -0.112251777729635 -0.0424479704197735
0.106189755916366 -0.119964727672109 -0.0740891734876769 -0.0332754481575319
0.0536921477591461 -0.140247888606028 -0.0326993954813602 -0.037573569341164
0.0300251885728312 -0.125294437877134 -0.00543131875755146 -0.0481787382024398
0.0347780967892764 -0.131177533195528 0.0346300216219084 -0.0638981137072115
0.081699715648818 -0.126422481461226 0.0737215677259762 -0.0625962827974796
0.120640633571486 -0.0958680953014182 0.122316905277418 -0.0412261979246121
0.178624393119208 -0.0538540530502683 0.125146351077053 0.0308021101454081
0.198182101535925 0.0266070525801197 0.0691536482849973 0.0825502547320325
0.161414133086842 0.132005948088831 -0.00431311033163743 0.0427915226820844
0.135195186296363 0.194460904254741 -0.0264642027436331 -0.0813656280268927
0.0946651920739559 0.133003201127866 -0.145330343730937 -0.137652396755967
0.127266486838498 0.12816782526005 -0.134037285992951 -0.180385569006613
0.179133816149201 0.0665400183363791 -0.144855694718146 -0.159786673437912
0.174343134619306 -0.0175359011709436 -0.13294731282473 -0.104618005857839
0.115953696328048 -0.0679577853929805 -0.0759831873661493 -0.0691232875287179
0.0801238682032431 -0.0894217206785177 -0.0466382639741682 -0.0759733033714202
0.0455531491368263 -0.106483666787132 -0.0151484976417947 -0.0804034302781329
0.0308842014448288 -0.0961534573578829 0.0146951536160133 -0.0883479433471795
0.0413513492235582 -0.098357826107939 0.0601724609985346 -0.0992373755844322
0.0805287725466301 -0.0875341033025447 0.104289342317965 -0.0871103469318523
0.109646528180223 -0.0558630336681499 0.14966232919278 -0.0487498175764188
0.14985007760348 -0.012569126704435 0.134197713651069 0.0293852121531157
0.154518757459253 0.0547988101075556 0.0632354760434591 0.066568580238605
0.110362992272956 0.133992152493741 -0.0183122515476706 0.014311454285963
0.0794672746966279 0.172019726046467 -0.0488189176583579 -0.130353808094411
0.0302529841831533 0.0769253294275015 -0.155550651571316 -0.15945347260574
0.0588684169405366 0.0785083629916634 -0.150989708205697 -0.177114144266748
0.0947266118295088 0.0418641276090604 -0.12605624747296 -0.150019523561986
0.0904975487421503 -0.00438666260631702 -0.10583500651541 -0.105476219496775
0.0595753173108871 -0.0281840168746924 -0.053023095407774 -0.0906158634404599
0.0487426606120563 -0.0395573227219827 -0.0322448371288405 -0.106406448782919
0.0348507326852141 -0.0550375203622772 -0.00373569438427274 -0.108049836896992
0.0264413906573294 -0.0525855828211585 0.0315910841296206 -0.113618765913523
0.0352282864435443 -0.0522154366256309 0.0851884484456846 -0.12091934721267
0.0570761047967302 -0.0448002860457779 0.134711524788508 -0.0929824966908598
0.0726020675554111 -0.0222242320942079 0.174749308452351 -0.0400643793524794
0.0965343726420322 0.00858157883604728 0.14087046226433 0.0366531249289317
0.0939031625893669 0.0562014948497998 0.0636786930710522 0.0555014980358242
0.0517165854235105 0.106531785662531 -0.0179632215668074 -0.0086537940813155
0.0199750616630544 0.121825515134652 -0.0541261863428734 -0.16518320861779
0.0200110551620894 -0.0255193159385574 0.0718775147489177 0.174516457367331
-0.0113687690320478 -0.0380505141727822 0.048113457449804 0.0327596091895061
-0.031012943786046 -0.0281133941482705 -0.0563367191650384 -0.0576602937445986
-0.0261993002653583 -0.00632914998732493 -0.136743133974973 -0.0521091614866907
-0.0179812325926964 -0.00918811126009524 -0.186498243269997 0.021439292657193
-0.0185925203926127 -0.00683567758263955 -0.154321852465225 0.103428291631339
-0.0228299666525074 0.00379430307450133 -0.0945558453132554 0.134943392159664
-0.020643198864846 0.000128200209077622 -0.0436521441737784 0.135120943597629
-0.0279690815700256 -0.00746602536765764 0.00337729213040136 0.12260098922533
-0.0263427155572452 -0.0218217133907479 0.0321094428568581 0.121219994124871
-0.018039458676458 -0.0290739862232353 0.0475258051477247 0.108620948606291
-0.00825409303644676 -0.0371243818484721 0.0743884634426573 0.113840862279327
-0.00577491903361244 -0.0388287176310386 0.0984405810764968 0.141669492501714
0.0166471956093445 -0.0383046897205681 0.123057957201967 0.14391341723576
0.0331183790947794 -0.0252019061758243 0.148336779787658 0.137207535721261
0.0717191417575447 0.0421889929135755 0.0376223054020681 0.158756192721307
0.0395275187690914 0.0258051621172012 0.025961391143384 0.020463184083167
0.037661136646665 0.0138787218753926 -0.079275163645734 -0.069191396148927
0.0490919539903806 0.00606830460399381 -0.152235804055608 -0.063010289478374
0.0453765292149922 -0.0249243366253311 -0.195425002910245 0.014522088714934
0.0273773306464375 -0.0459110086358413 -0.162272785683568 0.0945217144401822
0.00297937264046639 -0.0496624817709336 -0.100656239578352 0.123721113404494
-0.0101962999124941 -0.0493111486340487 -0.0478396974423951 0.123007069443505
-0.0212346499803554 -0.0630091093434062 0.000660933225795315 0.107039630429129
-0.00331773422495273 -0.0779301955759582 0.0337304706694292 0.102208004186682
0.021488525076963 -0.0780905585528881 0.0548746321078154 0.0906951995457363
0.060272445542996 -0.0723475596491216 0.0821101773251575 0.102945937072985
0.0772780134893951 -0.0387026686881967 0.096827317145235 0.131926553270658
0.0901475648846242 0.00502679758255561 0.114274111105539 0.12378810436903
0.0992700301926629 0.0438436199299036 0.135905666043838 0.110743437222664
0.113533923607041 0.105852000409277 0.00139768355570968 0.115428269701397
0.0898850690795879 0.0910220552094006 0.00450910244802927 -0.0159026047557466
0.111196269678294 0.0560825001260017 -0.10466284318792 -0.0949212672164238
0.126465225598471 0.0129910793469862 -0.169954605515386 -0.0738255202970713
0.10540557513043 -0.0437255307562752 -0.193111948657007 0.00931787841468546
0.069784584101225 -0.0813220445266564 -0.155981301302919 0.0782985048600322
0.0271435352754145 -0.0964114323885722 -0.0938125367639945 0.0982507507341092
0.00105046295196619 -0.0919443690675389 -0.0460179446290528 0.0930008796444854
-0.0131893061883606 -0.108047946875873 0.000630900475230792 0.0748701310341503
0.0166685638241511 -0.121386244194645 0.0364135776947645 0.0671729729346514
0.0524169090732336 -0.116534712611397 0.0666264413718146 0.0586778095087262
0.112092809192826 -0.103662229927717 0.0940720098895121 0.0845709075398842
0.145014467244145 -0.0429384983428946 0.0948901279130434 0.120480347463805
0.150934731470346 0.0389419430958293 0.0921551167770969 0.104998505441528
0.151805745430594 0.101797972955387 0.103379748832308 0.0713857713738836
0.142101888098289 0.152422831915719 -0.0375827690447781 0.0516441839527013
0.137737915508446 0.141521845659234 -0.022744557316011 -0.0673788246477828
0.181467151899501 0.0837241738429383 -0.129167090156738 -0.124952548254151
0.195529750695866 0.00651917639681202 -0.180766244952894 -0.0842799931535899
0.149894653722116 -0.067759964129817 -0.17828144177446 0.00132903985323192
0.0990086661077826 -0.111130796553612 -0.134291241078832 0.0527371343014239
0.0436345521294783 -0.131256156852637 -0.0774365716765136 0.0593575858452581
0.0115809070615069 -0.120474781925074 -0.0370102057132787 0.0507114315402256
-0.000369285037242268 -0.135658769328158 0.00342222855037495 0.030971345788661
0.0375373587003826 -0.145740264467947 0.0405804310115002 0.0224005646818924
0.0788192058807587 -0.13434826901602 0.0785644433945418 0.0199019439372102
0.149536405679961 -0.114145744145561 0.10469938233221 0.0613104050755788
0.19001529048695 -0.0368840107968515 0.088710204310448 0.107642937410096
0.186212649419985 0.0703971824879442 0.0594696791323153 0.0865054569812247
0.177324054854285 0.147880564748539 0.0582063136571663 0.024815584998035
0.150468189694199 0.172549358741821 -0.0778433921701195 -0.0209074110193509
0.166838505587146 0.165810443655611 -0.0580798209098335 -0.119011754958719
0.224986409544475 0.0925944006674072 -0.144689191956957 -0.148747886700706
0.231990710190469 -0.00806596398689806 -0.1779607314489 -0.0921699111380926
0.167627474410388 -0.0863000857750641 -0.147537838599143 -0.0154378126425156
0.108933281246952 -0.126168729396307 -0.103952345258978 0.0142767200452832
0.0509952465454361 -0.145185988184867 -0.0556207364565783 0.0110776927454262
0.020388838582823 -0.130769862203672 -0.0232583823863501 0.00127739212042278
0.014479078660452 -0.14202690767367 0.013647317097006 -0.0171508396874725
0.0590903739747083 -0.146601237289558 0.0504239679821745 -0.0232426546102358
0.101410453675288 -0.126267648227899 0.0940696257139989 -0.017222518558917
0.171299296489352 -0.096560192024563 0.113948069644122 0.0404149356009792
0.206965613723068 -0.0136558519883882 0.0794101255502813 0.093208324752621
0.189181331864004 0.0996262186016769 0.024614010147146 0.0667827639396049
0.171646614028112 0.176275765858416 0.0112053058858791 -0.0262073638595332
0.135602847275928 0.162126508910593 -0.115780863239665 -0.0864847922169093
0.164350881290667 0.156210923362876 -0.0985851763051058 -0.157117475427499
0.224500565886818 0.0822963250119547 -0.150920700517819 -0.15712322176085
0.222896732947088 -0.0204428113787367 -0.158412213204249 -0.0964402970345862
0.152604632041807 -0.0882678794023387 -0.109845862788258 -0.039207960441075
0.0989129120605737 -0.119424545295812 -0.0728987255129674 -0.0304588068467756
0.0482896995752816 -0.135891145871425 -0.034564551812521 -0.0383148387305204
0.0252451253676486 -0.121214487610801 -0.00633946082892579 -0.0467338182843631
0.029522085689395 -0.128104428391972 0.0316426498013443 -0.0622777553595503
0.0751995073921573 -0.124417773955814 0.0706667877504625 -0.0629040979468522
0.114787639762618 -0.0966340824194906 0.11627018257289 -0.0433547855175637
0.171490090610814 -0.0578416734374132 0.122154415062219 0.0271808055106538
0.192862619746837 0.0206328404435136 0.0692415913453023 0.0777009972394516
0.159879603870547 0.123498156751903 -0.00317670327078229 0.0421614418688327
0.135890729860156 0.183400060086065 -0.0266960742491835 -0.0771323726392122
0.0937738176094778 0.125467806719324 -0.143763516461168 -0.132064271524871
0.125915614401134 0.121609767069274 -0.132606177348666 -0.17246004910172
0.175245751780944 0.0600367845034798 -0.14347437894102 -0.152306056315105
0.168469884484255 -0.0211655098597599 -0.13060120456826 -0.0976772056102216
0.111077885259173 -0.0677380556404045 -0.0749634552971958 -0.0660312873389097
0.075618091314707 -0.0890369833907664 -0.0476973440700505 -0.073091752677829
0.0408532312112192 -0.103521725417475 -0.0169801960739117 -0.0806405209378032
0.0268561213367812 -0.0927209494520371 0.0127486331158848 -0.0862507669315084
0.0371724747315828 -0.0956333810395589 0.0560771692820587 -0.0976581597806809
0.0754719693037768 -0.0868424033326324 0.0991819886541741 -0.086491037071948
0.105172256753957 -0.0569136221447457 0.143532566470711 -0.051474267077857
0.143898581653774 -0.0163812258563302 0.130930472873065 0.0257493461066516
0.150548285825507 0.0487854521536257 0.0631188760007624 0.0630832549320131
0.1093330184263 0.126641545180137 -0.0175642618061198 0.0157651147419717
0.08151641292248 0.163376745208193 -0.0489242379715434 -0.123467696165082
0.0307847846540949 0.0732666892022077 -0.152789063155585 -0.152333020445791
0.0589473131219831 0.0750163783623211 -0.149651467796435 -0.167897490848367
0.0922881950863882 0.0383975097167511 -0.125765729549497 -0.142492970947429
0.0876345542634655 -0.00604867802950015 -0.104528125989375 -0.0998643481749277
0.0575220147734678 -0.0278283074728014 -0.0535041664288695 -0.0866793934802248
0.0462303815087272 -0.039849756169135 -0.0341627444279444 -0.102363973863699
0.0321275986841306 -0.0531303928534062 -0.0060681665291369 -0.107052791968171
0.0234425273052641 -0.0508273862997547 0.0283135818884148 -0.111076519657138
0.0318516993878311 -0.051413676652554 0.0799887501035502 -0.118694135837693
0.0533262448300843 -0.0445030351008876 0.128899356187094 -0.0933470051652013
0.0702747051582793 -0.0231309013644569 0.168470750267749 -0.0435070118003183
0.0930945920199218 0.00477728854176395 0.137785922373209 0.0327812938017604
0.0914990700028492 0.0527282976343991 0.0634795757364668 0.0526667725821634
0.0516590501759758 0.101692669592765 -0.0174661528258438 -0.00645676454294439
0.0226440141573757 0.116166651941098 -0.0551634089862163 -0.156887500763348
0.0154598867697279 -0.026533532412955 0.108132542774173 0.160206754668727
-0.017106248164611 -0.034698666816474 0.0551624352886541 0.020422759689557
-0.0347812317165463 -0.0211046996970239 -0.0673863869831754 -0.0485361005785479
-0.0274401655490488 -0.000199152593240558 -0.145956246669678 -0.0273950864627137
-0.0209176346877304 -0.00298382896679594 -0.179459070633155 0.0570453186489715
-0.0183699469656984 -0.00112807834518031 -0.131551136980307 0.129431116247702
-0.0194534602786969 0.00882709036404579 -0.067399392502868 0.147926687871546
-0.0195621707433186 0.0045132889211816 -0.016147457503976 0.140705769920514
-0.0278408033613305 -0.00104292265524666 0.0278072720593413 0.121571573843066
-0.029241562297445 -0.0145285308897317 0.0581363668781416 0.114128841353209
-0.0216618002650452 -0.0225425497532035 0.0703020114960996 0.0982165502193079
-0.0162583165615071 -0.0317544011847834 0.0990641299458321 0.0973846685247192
-0.0127848275006022 -0.0328441098169983 0.129859734833694 0.119798225894093
0.00804397575106558 -0.0368751712639873 0.153875681467953 0.118773467154289
0.0282220353953152 -0.0266212191308763 0.173634474648583 0.109463104688479
0.0754479661647531 0.0262284661594868 0.0696078252858076 0.156509433637213
0.04382355147047 0.0158823537171776 0.0307917326320438 0.0160433971571861
0.038522618518237 0.00408930205799121 -0.0909493193351664 -0.0488136631722137
0.0452635241501448 -0.00532684908938055 -0.162072619849496 -0.0285696647364186
0.0359492732593899 -0.0310316615456741 -0.186377055053556 0.0533387968514204
0.0171640907177433 -0.0475514375095445 -0.138506546847804 0.123344413091815
-0.00702509004536796 -0.0462345456110896 -0.0714398227001475 0.138701516216544
-0.0184169068391955 -0.0447935753836612 -0.0226801851529599 0.129239691339757
-0.0320781713566173 -0.0547438224671226 0.0220337413104165 0.10725248247457
-0.0177776749646622 -0.0726938408539277 0.056346797435334 0.0956895869173465
0.0063444032230274 -0.0757289428853881 0.0748462358599977 0.0800663151737497
0.042500996508316 -0.0785674721544814 0.104109851593756 0.0870995102095175
0.0651260322549825 -0.0489580901564826 0.125736566349417 0.114125277749538
0.0881221353851342 -0.0108181256233166 0.136426156151149 0.100699019560556
0.106795003716206 0.0249911850505494 0.151271466991415 0.0844351194922988
0.125133100895239 0.077702754085833 0.0240627638317104 0.125275472455207
0.104194583547743 0.0674899479415487 0.000698839049536194 -0.0118319374334338
0.115483204286113 0.0283521536182946 -0.12055181193296 -0.0631663087241289
0.119153864443983 -0.0155745080473556 -0.179435201710245 -0.0304667726482397
0.0893708110664593 -0.0606162574983874 -0.182292370999485 0.0498296398674716
0.0505954526482408 -0.0899284398485976 -0.131388046053037 0.106986916239613
0.00501656286428201 -0.0955835235152009 -0.0667025006243364 0.112625983673648
-0.0152099410659446 -0.0869991324572282 -0.0259412445746371 0.100021214297669
-0.0328731690237133 -0.0987731922401014 0.0153009874198087 0.0761923030440601
-0.00755699132535376 -0.119043720783986 0.0521507160140415 0.0614147089573323
0.0278059189654335 -0.118261129416836 0.0799203000864467 0.0464343728611228
0.0857736966590331 -0.117759058077816 0.112516093874727 0.0672889285869573
0.127786542514917 -0.0665303300927928 0.120619683606776 0.106074435003282
0.15364053522963 0.00825497572310858 0.106134768387151 0.0872162022314352
0.169261581401191 0.0703809101568241 0.106496166526062 0.0506290311002774
0.159638817704988 0.115628963961506 -0.0282202974218702 0.0716108907470582
0.158769964032301 0.106041801220657 -0.0367567876271339 -0.0543020732555077
0.186998294466062 0.040471542920672 -0.147948651909315 -0.0819345011492561
0.181418440027417 -0.0364825474533278 -0.189832866469965 -0.0340355762145203
0.126548586498476 -0.0923640258374506 -0.165430260713919 0.0410695815273458
0.0726204321648525 -0.123524887754013 -0.113626969316538 0.0780622293588249
0.0136448078979862 -0.131088548737163 -0.0556930255839442 0.0718183216258508
-0.0103208166986255 -0.115932680820267 -0.0253956435635614 0.0564173049818864
-0.0269204989182525 -0.127307560390085 0.00993057927896707 0.0329260265733747
0.00768769320871163 -0.146126360797325 0.0469976252940246 0.0171358515861977
0.0506259370028806 -0.140551209668844 0.0834287483231335 0.00521538934682745
0.119152423188432 -0.135912483760314 0.117931125893557 0.0435555609031115
0.171901994356832 -0.0699205413974091 0.110987557482658 0.09635294266629
0.193663544170101 0.0306897143971781 0.0683721636662266 0.07645909197387
0.202230449543507 0.107994210808812 0.0504903826279202 0.0125690243839891
0.171044953132781 0.132258288651158 -0.0839263987534158 0.00798775237095371
0.190469753070799 0.122721470468193 -0.082962736796146 -0.0976523568705584
0.229100469679759 0.0392437461465296 -0.167668412289459 -0.0992175099556458
0.213132245721166 -0.0582688558774493 -0.185198639931568 -0.040409274934648
0.139848938328986 -0.114302781799118 -0.136687303231995 0.0181347932872529
0.0784407082234431 -0.140554253685263 -0.090286297569218 0.0349543883417905
0.0170343443601875 -0.146656176982757 -0.0426874255225093 0.0206257393993916
-0.00457826392395652 -0.127661261410515 -0.0216654923863266 0.0055666089823421
-0.0131258213410323 -0.136729169381126 0.0102185219577746 -0.0169867626758432
0.0279962498058957 -0.150603942495414 0.0471581000867242 -0.0303272960206584
0.0737661982114348 -0.13821278389661 0.0908167560077396 -0.0351037656909279
0.143711724518176 -0.122906132611356 0.121831565194404 0.020948322384534
0.192041055269155 -0.0515624583117156 0.0975502990895687 0.0841574647818601
0.20228401029414 0.0573928293658358 0.0282454663217683 0.063085370216038
0.201916609437657 0.135169276306265 -0.00694482298768813 -0.029901151047892
0.154938770617167 0.125283336927167 -0.13497082430195 -0.0518395565260651
0.185110873691161 0.114862142085722 -0.130393095853153 -0.127620450176338
0.22529416999639 0.030262908115061 -0.174224058485811 -0.106951900531284
0.202252658973045 -0.0674131390638824 -0.166546239971439 -0.0488882511061657
0.126035675460004 -0.114091079047586 -0.104688694863469 -0.0140040887173446
0.0706447907739396 -0.132203771360065 -0.068615820032854 -0.0161041483782994
0.015902356748967 -0.137461230290682 -0.0313711854039893 -0.0317579745234341
0.00196285028882565 -0.119276097216721 -0.0147396541927267 -0.0449525750957703
0.0040249600989193 -0.125927864436574 0.0185037805611325 -0.0664397251648134
0.0478358086549682 -0.132985902133004 0.0581746163357574 -0.0736127436849023
0.0914590797664189 -0.112454461403644 0.107072783666562 -0.0645469794858535
0.151848824248361 -0.0864036487559303 0.127114470295792 0.00555866957593173
0.185323247311262 -0.0166962941472858 0.0830025302474242 0.0702812365634849
0.179138851237157 0.0854841715618319 -0.00449511752712236 0.0438252527106367
0.16920415437009 0.147637185644946 -0.0533972716081272 -0.07470078079187
0.11004634559464 0.0987065291019221 -0.172640547208001 -0.0956034399999495
0.141365698294828 0.0897253731622043 -0.167168301176019 -0.138628317604145
0.174580589830748 0.0201862561270497 -0.167738208308271 -0.107629847587125
0.151807510172957 -0.0558579852165764 -0.140777966429058 -0.059758783544808
0.0908621821794362 -0.0861495451296213 -0.0786089255718569 -0.0485217748888169
0.0532047175898478 -0.0992681661600324 -0.0544748188296254 -0.0624161402619458
0.0155468588631266 -0.10567903849751 -0.0249111832375648 -0.0761091313846462
0.00834212107976342 -0.0927913244764776 -0.00453671398264189 -0.0870699464740765
0.0170444233635354 -0.0973936175031096 0.0350598845686638 -0.106395303172091
0.0554350068002215 -0.0973750648526554 0.0810640108446943 -0.103639471279511
0.090023874395179 -0.0728439052472815 0.131562647375191 -0.0791754310503142
0.134113796034459 -0.0423435388103684 0.134280617283515 0.00103706304118821
0.150837474069943 0.0180494404792473 0.0727238053608362 0.0553766818103459
0.130324873973972 0.0989503365771631 -0.0224307950048139 0.0184714697695178
0.112339315524636 0.138333434143721 -0.0812991402845211 -0.116886841183738
0.04165478928719 0.0607852566868643 -0.18667633945641 -0.119039889180245
0.0689345971335948 0.0600299281676269 -0.183364116892327 -0.134455947914257
0.0924559737201186 0.0172406375877446 -0.150261700501722 -0.108382687749034
0.0791066714516525 -0.0244757727402567 -0.11815052893602 -0.0717470817504127
0.0480282871612075 -0.0374971006255686 -0.0656395277445442 -0.073849834829142
0.0350965527066113 -0.0463095553347931 -0.0502979212621713 -0.0933711542725912
0.0182343543210537 -0.0566805175963861 -0.0221912508222804 -0.103471645148466
0.012894958850561 -0.0523250271951078 0.00653521432124963 -0.114169979022175
0.0210346489851988 -0.0544940165028398 0.054282640917345 -0.132832368688042
0.0431638323054752 -0.0526866261054646 0.109321742607592 -0.117932316810212
0.0638281471169903 -0.0345671145190364 0.158068547468114 -0.0770768971308005
0.089514743342217 -0.0110407092099011 0.143185481340179 0.00556265128820475
0.0960496372426835 0.0327441991565687 0.0709066559241924 0.0425113495043483
0.0700939840439545 0.0863917094452031 -0.0236051697986766 -0.00367637410384082
0.0458875713510061 0.104034635278217 -0.0891353954125434 -0.148065054811405
0.0158239126623523 -0.0270446812305017 0.111086154279325 0.158677172374596
-0.0170339882751418 -0.0348974380993535 0.0553802237068546 0.0188179237025232
-0.0350296934129699 -0.0220832680134772 -0.0691210532419663 -0.0467560226932287
-0.028389730609459 -0.000436641968590284 -0.147340519077155 -0.0236499663281988
-0.0221593576597606 -0.00262184012994373 -0.180520848432275 0.0612458447856777
-0.0192154039769673 -0.00132822207709106 -0.130154256527004 0.133044307674867
-0.0186852505986428 0.0085793600186408 -0.0637643904288148 0.151446984315151
-0.0189383506325043 0.00455850273422547 -0.0123747693813086 0.143361237858267
-0.0276279344106246 -0.000567840763306935 0.0311180748677031 0.122373524477014
-0.0295401577191302 -0.0141041788403177 0.0618581185601302 0.113714287225536
-0.0224136347092614 -0.0218916544351544 0.0744660050642867 0.0981615242378232
-0.0178380890341789 -0.031645986928151 0.102490516014954 0.0966212296616435
-0.0134137886104985 -0.0327926640606152 0.133224665596935 0.116821272880321
0.00789512447629147 -0.0371903800760288 0.156869205876866 0.116208749613315
0.0276517415652014 -0.0267090575970476 0.178160447605024 0.107390554450681
0.0769146019986518 0.0248198988864823 0.0732260839456927 0.155789736343228
0.0452086031311333 0.0146685443519449 0.0309157833952179 0.0144706561499688
0.0394975762315866 0.00137597694733647 -0.0926775486579131 -0.0470434209328183
0.0449952916789472 -0.00818210348899661 -0.164033997000718 -0.0251619566871796
0.0348861024003961 -0.0329315402204797 -0.186852576531772 0.0581934631976452
0.0155215719845808 -0.0488326163862437 -0.136510946229924 0.127062345012979
-0.0082715164660998 -0.0472323566706582 -0.0692922156096344 0.141580025184996
-0.0195668862468277 -0.0445663299896715 -0.0195208690510092 0.132854254510737
-0.0344500311441165 -0.0547582590977449 0.0247385765265674 0.108199595512063
-0.0199438528183858 -0.073017493917174 0.0591819135195359 0.0951076530383474
0.00461868522108989 -0.0770048388092512 0.0777645557035135 0.0793746660196559
0.0395907212898309 -0.0803898209363092 0.107491797434068 0.0858198838368336
0.0651676174468265 -0.051258746697734 0.129429020830894 0.111454454142918
0.0892134528510493 -0.0130971406194062 0.139573004778168 0.0988056623267489
0.10856592525605 0.0234104974905343 0.154760748160566 0.0825694384558401
0.12727746175482 0.0749683681093444 0.0263104341967332 0.125278426713321
0.10706072195233 0.0652936044763927 0.000499258283057507 -0.0134220807563622
0.118072244756597 0.0240187997900924 -0.122183665489298 -0.0602763066525861
0.119760872514274 -0.0203318540114358 -0.18157853189832 -0.0263730696882157
0.0883282999074986 -0.0649868656246166 -0.183830349821741 0.0547634111091099
0.0476441325565114 -0.0925026240890103 -0.130202332669884 0.110981887714391
0.00295246720946809 -0.0975575243872838 -0.0660041814323048 0.115292068909758
-0.0175888263731678 -0.08771284978131 -0.0231370321280233 0.10241403591612
-0.0364027533248112 -0.0984590935404414 0.0175411087753459 0.0768814657857071
-0.0114274497307112 -0.119799194029916 0.0540367191450059 0.060158526528962
0.0258371480908692 -0.120515832880979 0.081693149101196 0.0452305164544179
0.0822831808255413 -0.121813249831598 0.115839679175367 0.0654600349713772
0.128365251754849 -0.0710545821875046 0.124731917889854 0.103045124968469
0.156312233014429 0.00465336916620637 0.109559914075445 0.0852268061510654
0.172861013693535 0.0660286337851882 0.108886588147728 0.0493733080695208
0.162674147136233 0.112150303774261 -0.0273346403388059 0.0721975845976231
0.163681255500622 0.102756579934488 -0.0381649499242669 -0.0554457751567499
0.190313751714441 0.0346317825258168 -0.15126286726141 -0.0785387798125164
0.182386194136613 -0.0433533893070615 -0.191789702878538 -0.0303215477515588
0.125825512978224 -0.0982460679264535 -0.16619924024992 0.0454040722260398
0.0690292970172276 -0.127404764371053 -0.112885895842622 0.0815362597990927
0.0104485104598539 -0.132986191450246 -0.0568320214293011 0.0732477217794989
-0.0131540209602605 -0.116511051065032 -0.0247693189609273 0.05781161466921
-0.0305697831145091 -0.12726992685281 0.0110149194803455 0.0328741421782422
0.00368335484118571 -0.147778825153559 0.0477097612073099 0.0155175483438528
0.0471434569687009 -0.143783489347052 0.0835577120813818 0.00419601644064738
0.115931068619949 -0.140046227927371 0.120627075108081 0.040621395217898
0.171777836394462 -0.0762774142951018 0.114826674526542 0.0941415062078523
0.196529948915103 0.0256268055200756 0.0707648395214701 0.0757495725852941
0.20803618558545 0.102510269243708 0.051263150475786 0.0119594409113546
0.174444756294487 0.128525213795128 -0.0846292963834014 0.00911274720793563
0.195675421334263 0.118549752808311 -0.085675392329446 -0.0974494189008864
0.232306575720397 0.0326859028267522 -0.170475255735508 -0.0956002648058652
0.21328336532163 -0.0655572303260678 -0.187386306820179 -0.0361274287611791
0.138815372433959 -0.120416939892939 -0.137764899469948 0.0216019961959391
0.0748273286369915 -0.144480013419123 -0.0901091223580481 0.0373202500358769
0.0132800755955222 -0.148293703238166 -0.0448538596643644 0.0209470168256996
-0.00756554550178285 -0.127355525649936 -0.0215928122607587 0.00599014705087529
-0.0176590408235126 -0.137217847013701 0.00985743071383235 -0.0169241638474284
0.0238202762466869 -0.153075079750352 0.0465939585892985 -0.0321300868176618
0.0709668795295577 -0.142342037533076 0.0901348269489865 -0.03631619475081
0.141280926165412 -0.129238054690821 0.123895808376196 0.0184447269424631
0.193086281915756 -0.0582945204872729 0.100716464227232 0.0822233148268609
0.205905258647453 0.0521189749687415 0.0305017972414086 0.0637644418688382
0.207714199054996 0.129482741714141 -0.00714251778428418 -0.0291404400958903
0.158480832696405 0.122028232317641 -0.137756991997498 -0.0500892392004552
0.18977421844754 0.110423592291413 -0.133614504354523 -0.126441342375297
0.228492522951241 0.0231704140054121 -0.177782213070075 -0.103047897009759
0.201997825205792 -0.0741958859618448 -0.168017931421591 -0.0455591747663429
0.124725550509217 -0.118967407451805 -0.106138719099216 -0.0120453709897113
0.0668950899967388 -0.135785617994144 -0.0697321348636389 -0.0142039971779075
0.0130509779978643 -0.139243909208896 -0.0352340590869004 -0.0328706970836339
-0.000827806057248431 -0.119337056652367 -0.0156036090592494 -0.0455270038864873
-0.000187020772025678 -0.126574734067491 0.0169020043905499 -0.0670419076025984
0.0440120190292977 -0.13533398927285 0.056868383525179 -0.076390878585861
0.0894571113611029 -0.116807098152655 0.105386920077522 -0.0675155761339879
0.149674287158824 -0.0925331512648116 0.128692106206491 0.003045056029634
0.186770372705921 -0.0222620107978429 0.0861042220761144 0.0687435363610982
0.182416327578116 0.0812674393788954 -0.00235825715959685 0.0452166374022714
0.175209713069647 0.142593519371815 -0.0546880331705397 -0.0732794209195255
0.112260586785421 0.0953598875163528 -0.17655290405738 -0.0935024595804379
0.145558491576851 0.0868072839856157 -0.171526948580367 -0.135603853001765
0.176700590564218 0.0156220489679611 -0.171109399799933 -0.104315890395428
0.151326116975793 -0.060579981841498 -0.142149554469951 -0.0572664206568072
0.0902151259307459 -0.0894895871413053 -0.0798007652455851 -0.0471740182512728
0.0508032547629216 -0.101451025275064 -0.0562811558404867 -0.0612266930652236
0.0138388356048308 -0.106194400529041 -0.0290141931829868 -0.0778652235199877
0.00599126501933497 -0.0929061808219057 -0.00640012211049489 -0.088560513294691
0.0140919443695626 -0.098113319953981 0.0327264594671707 -0.108810590263446
0.0526630344071517 -0.0992284747425972 0.0795348800099285 -0.10695914775835
0.0888882064039522 -0.0764064726982563 0.130241170870213 -0.0824703181966449
0.133130474512402 -0.0466602317238804 0.136407352860721 -0.00223526480557744
0.152267272832095 0.0136707327466887 0.074861709642416 0.054262284962382
0.133627307871597 0.0959005932974716 -0.021420035448368 0.0203980182434317
0.117198151946964 0.134654643999186 -0.0843508204536191 -0.114500512281129
0.0428495034085417 0.0599764459113415 -0.191137322022698 -0.116923909307012
0.0712137455423435 0.0582878444556083 -0.187822318445353 -0.130999107095235
0.0938005682883646 0.015484331557138 -0.154202862544286 -0.105294906418638
0.0796818704955679 -0.0263560325762544 -0.11951010620515 -0.06994543232962
0.0481937499792478 -0.0386987285000194 -0.0676456729571858 -0.0732759079985606
0.0344758237396978 -0.0476168464013631 -0.0534310192340452 -0.0934739325148487
0.0170700302620014 -0.0572488096399188 -0.0262827504096344 -0.105246052608513
0.0114222855218246 -0.0525737129251642 0.00406287032597533 -0.116759012654467
0.0193526463789114 -0.055575184022261 0.0518198185660572 -0.135571509554887
0.0418412634781196 -0.0536308757629278 0.107894309702655 -0.12192371368004
0.0633725911234311 -0.0370267601917735 0.156658769227793 -0.0816783020341226
0.0894140708955183 -0.0141082964623357 0.144966518533397 0.0022294339899841
0.0971835948095714 0.0303555478633901 0.0731066160211729 0.0412978880567506
0.0720479175509021 0.0855108718211003 -0.0233904067473535 -0.00152391732321576
0.048661807461869 0.102405929639505 -0.0924072181032263 -0.145792932904765
0.0151075530157917 -0.0284408419832003 0.119960023154788 0.154321607663783
-0.0187979015968331 -0.0347439596670507 0.0568602964731237 0.0155189999599089
-0.0372085433743918 -0.0210201288218615 -0.0710734997414197 -0.0430637928685929
-0.0289364320169943 0.000565940624035501 -0.149775766235255 -0.0162237438693557
-0.0232752288126764 -0.00154351546983002 -0.17920537149743 0.0706714000701803
-0.0193875885185842 -0.000713026971695774 -0.12384351092904 0.140831179529164
-0.0179057563733394 0.00840228658887883 -0.0560701745107827 0.156863917300561
-0.0189310618529716 0.00475249972133361 -0.00386584444115922 0.146655469554468
-0.0282442469404094 0.000941555559357547 0.0380774286256726 0.12283260073372
-0.0301312770047743 -0.0130837278560101 0.068906568251399 0.111752225224871
-0.0236319867995061 -0.0210864225687063 0.0806109828890093 0.0958843383515035
-0.0199957068902506 -0.0305709624936634 0.109323602407412 0.0923625695684919
-0.0147917541147283 -0.0320752140140869 0.141338395739024 0.111274319538775
0.0065765699758488 -0.0379266222019383 0.164200452342057 0.109584496748976
0.0272449738612321 -0.0272136279650125 0.18541376025124 0.100125598587872
0.0784817151164027 0.0207663126489904 0.0817825826485794 0.153377650776599
0.0467130632747508 0.0115977296378687 0.0320877926680181 0.0122799755044484
0.0400033887990423 -0.00220891804411082 -0.095071246378261 -0.0415572425344956
0.0445119119887235 -0.0117447518212504 -0.166355476415592 -0.0167830460136993
0.0328509273296567 -0.0359240818618178 -0.186849903678519 0.0689062570723083
0.011942060182052 -0.0506737062068089 -0.131050177142705 0.135564304692892
-0.0107249751213315 -0.0484820557416685 -0.0631358805828808 0.147210616813356
-0.0214133712846132 -0.0448011991953566 -0.0119185905746488 0.135770802003409
-0.0375824597556985 -0.0525603302684217 0.0308598624034526 0.108903187676481
-0.024523418695265 -0.0726279015483914 0.0647023407840437 0.0930125853966467
0.00052574664437779 -0.0783600233859067 0.08255093864326 0.0766056530761546
0.0348071175001221 -0.0830554566071337 0.114381064946642 0.081353293245136
0.0637426629527238 -0.055542733797465 0.136328443638655 0.105108772003832
0.0905942185242983 -0.0184334024545581 0.145565530148859 0.0928944519416433
0.111580215797963 0.0172716079061379 0.160673317305188 0.0761400012824896
0.13150597611544 0.0690063946773762 0.0324618959500817 0.124897045568265
0.112359529156187 0.0599915631705884 -1.15762210928708E-05 -0.0144098912378899
0.120624032401946 0.0158183038554662 -0.125335877222553 -0.0537860270178004
0.119169996085152 -0.029045088956384 -0.1839515927471 -0.0174635498097781
0.0850213410897909 -0.0714960608348492 -0.183038909684582 0.0651290670268393
0.0423241625925132 -0.0967875685364799 -0.12519149887144 0.119157846045352
-0.00220234922935133 -0.0986168777972531 -0.0618882011396401 0.12042970216463
-0.0223305792559625 -0.0872076805469068 -0.0182420250699011 0.10502731353041
-0.0418719485260988 -0.0970441354092643 0.0217798244857299 0.0770993263188793
-0.0189562992316011 -0.120267015520567 0.0580540651775284 0.0575848100235643
0.0188878510539674 -0.124136098341166 0.0845739036666854 0.0424487035858618
0.0750621845782748 -0.127126531022777 0.121529307261771 0.0597509409324776
0.126430863548742 -0.0790779372835838 0.131316042853284 0.0967592589631257
0.158847677239875 -0.00420093525905376 0.115178440275213 0.0812241710033872
0.179410278311595 0.0567590928847807 0.112906544848438 0.0454234548890578
0.169283885593845 0.10512034180727 -0.0246260187408398 0.0738067726195283
0.170685616669512 0.0946789104563124 -0.0410539842258392 -0.0544282567923132
0.194324223047213 0.0222008370035585 -0.156026161981214 -0.0707868203952275
0.181152150835999 -0.0555831631304495 -0.194767800839867 -0.0201484425678926
0.121177556013332 -0.107635999030943 -0.166072172306609 0.054388820072553
0.0613616307478932 -0.133464555691628 -0.109122845505533 0.0884981782803569
0.0032314900987261 -0.135319045102657 -0.0552395142530604 0.0772092323350427
-0.0199394129718092 -0.11687595805247 -0.0218799089093994 0.0595380991850306
-0.0390351325483241 -0.125934901996961 0.0134258998157063 0.0335307030093572
-0.00539080085317063 -0.149356740768655 0.0491204466700372 0.0129680879692162
0.0396733928683028 -0.148958713059296 0.084600403507272 0.00059098699569028
0.10811559940694 -0.148880903042712 0.125056150654801 0.0343107447114978
0.170228098594215 -0.0872459648943636 0.121336525051741 0.0877650627427205
0.201162042125049 0.0145930400902677 0.0765107023240427 0.0736702951015253
0.216179728837019 0.0906508737844182 0.0527854603788806 0.0102019588872315
0.182103881479754 0.12055423236384 -0.0859171095530781 0.0131128852477868
0.204405367093501 0.10841287125146 -0.0911010359292145 -0.0940965243596078
0.237185702838243 0.0177262114068223 -0.176223924861542 -0.0863867857959654
0.212369185259281 -0.0797720926264164 -0.190865703496835 -0.0272511673528624
0.133331722110815 -0.130759401248069 -0.138470103555255 0.029280495506534
0.0667296471458518 -0.150479133441112 -0.0885183525882321 0.0423442696813738
0.00518788466552111 -0.150601279638509 -0.0463396750015346 0.0231357490766928
-0.0145447210032929 -0.128301182904225 -0.0218147107946307 0.00721879922235845
-0.0255510376129703 -0.13625115655217 0.00924156959829918 -0.0175133994795151
0.0147647852831269 -0.155924681460603 0.0451004124409917 -0.0352953073812619
0.0636021546586769 -0.148772348712447 0.0885522436459302 -0.0401717086768582
0.13428557721126 -0.138722348321172 0.127352763803008 0.0120673881799272
0.192319672568835 -0.0701181442049698 0.106045625588546 0.0768347787584447
0.211262450648313 0.04169205963116 0.0353686088789344 0.0637079788719785
0.217746541097176 0.117061133340229 -0.00834742963520383 -0.0284698440942736
0.165081358732165 0.114365228680366 -0.142385972797054 -0.0439343072429186
0.198304877279084 0.100769729081166 -0.141539424726319 -0.120501213082288
0.231988496376805 0.0102005691562334 -0.184231880474392 -0.0944308148034067
0.200635289386323 -0.0872425167228321 -0.171968405552903 -0.0376928598157996
0.120097676180239 -0.128381515512058 -0.107844944552588 -0.00657383841374244
0.059539543190888 -0.141554988905657 -0.0711232760407704 -0.010534980435572
0.00565007823962474 -0.140367138427569 -0.0398073503888169 -0.0318929496394003
-0.00715681968907195 -0.119214923806541 -0.0182720731908565 -0.0459229879181627
-0.00737305412690839 -0.127383223484611 0.0135741565519593 -0.0693401108331164
0.03612337629376 -0.139371174429827 0.0528237023466983 -0.0801602942940316
0.0835421445781229 -0.123715964090759 0.102014879354145 -0.0729215587245595
0.145531376150748 -0.102380863680481 0.130865190891441 -0.00447962789871358
0.188063480398778 -0.0336291825200236 0.0902890758998615 0.0647125927395034
0.188812278537992 0.0720872884594701 0.000623944151373786 0.0467522838865944
0.185032127644697 0.132463993812417 -0.0588999991703651 -0.0705440897192243
0.117816725445779 0.0904232486033793 -0.183433194391791 -0.0862711085767316
0.151687149648301 0.0791601818885126 -0.180193795803872 -0.127806539025729
0.17999409720206 0.0047378744350051 -0.177546747122976 -0.095599020318078
0.150116886072748 -0.0699589855645859 -0.146329769113756 -0.0511853028981454
0.0867312786471201 -0.0954940857135442 -0.0835620000449278 -0.0436939169527814
0.0458339987001374 -0.105609105251895 -0.0604393800933685 -0.0593162266830598
0.00792924736303826 -0.107773530031291 -0.0355218655032565 -0.0779996298696046
0.000551741018502365 -0.0928941107680569 -0.0118006748340035 -0.0905855299351855
0.0085979455873097 -0.0989808895326755 0.0273010881002395 -0.112049836445738
0.0470253789213235 -0.102963388317794 0.0745016385388221 -0.112635729057347
0.085656605720688 -0.0830727129516246 0.125927461944422 -0.0899781415244032
0.131428589892192 -0.0554474400385787 0.137881178498503 -0.00925611423703794
0.1547808409773 0.00500309357029057 0.0792583473370542 0.0511195830021866
0.140118191815683 0.0898695568833954 -0.0191607152667423 0.0234049150019548
0.126067164565629 0.127845386848183 -0.0902303620903289 -0.111094033515381
0.0459665162525192 0.0575583353474795 -0.19985101717676 -0.109735743850438
0.0748635225701098 0.0545833324217678 -0.195887324898471 -0.121912533255324
0.0963538858309387 0.0104605781926321 -0.161021166028236 -0.0980359574531686
0.0795432375448465 -0.0307640091182056 -0.123953194807189 -0.064675653396822
0.0473505829577405 -0.0417189785786151 -0.0718829728431096 -0.0713658428088525
0.0324238287523354 -0.0501877264383953 -0.0590378666704346 -0.0913484724460941
0.0141843775869009 -0.0582276454822537 -0.0338160053246925 -0.106625300097374
0.00855078055022625 -0.0524718210023198 -0.002814979666358 -0.119469219819537
0.0164604662146808 -0.0566609827499715 0.0445150903542531 -0.139748590127849
0.0391651558104906 -0.0561029956440131 0.10179306608664 -0.129325084125241
0.0624547408784573 -0.0410876863147598 0.153340762146209 -0.0907577875468073
0.0887152181232636 -0.0191701309376299 0.147478211348641 -0.0052577731263141
0.0997749027727727 0.0253032995330469 0.075969085593605 0.0386277929308509
0.0772933899268454 0.082078661018534 -0.022546980935681 0.000719404865554862
0.0549285389340263 0.0995532771509918 -0.10061084569809 -0.141894322876338
0.0133997006930089 -0.0290501057510994 0.128089956908913 0.142480162297173
-0.0207447975624449 -0.0332195290174271 0.0566532591235271 0.0104763212773462
-0.0386548318991772 -0.0186750560906102 -0.0713305570596927 -0.036969546631929
-0.0289970496667156 0.00258308443083366 -0.147555676852636 -0.00533792414082749
-0.0236761757694775 0.000955350558662904 -0.171317030124664 0.0829955885516298
-0.020220102727113 0.000552294198158529 -0.111589306461714 0.146714048389139
-0.0173351340012883 0.0084725948620486 -0.0429480325230842 0.158398046611117
-0.0180179412650475 0.00573707617117707 0.00760138418397452 0.146031754083031
-0.027201557213243 0.00292380089647774 0.046631117684488 0.118769855395779
-0.0306273933109922 -0.0100240673679014 0.0761255712657834 0.10497713708156
-0.0248317729296713 -0.019157991405165 0.0869715980261043 0.0885462716035147
-0.0222524722715082 -0.027966974749373 0.11418426030582 0.0821512605652235
-0.0161825238502994 -0.0303502648305491 0.146236934797372 0.0981414444209903
0.00496788775450206 -0.0381704861727781 0.168140407113303 0.0960247139174729
0.0244119117449955 -0.0284585717336005 0.190088888746598 0.085828526144461
0.0786280269423718 0.0148521899159795 0.0899341549683336 0.144628004778367
0.0470454672549141 0.00743903705720964 0.0322397360639973 0.00852296339235663
0.0381328774003785 -0.0063016010061816 -0.0951457127014529 -0.0340772131096848
0.0421356190820124 -0.0159197834444553 -0.164131127612405 -0.004533313398755
0.0287969831154158 -0.0383948230650962 -0.178767486397412 0.0815088802272979
0.00738579112751832 -0.0511423031670725 -0.118998399962423 0.142647383391055
-0.0140471333775146 -0.0475806659733752 -0.0511927002442972 0.149953235820933
-0.0244364730148258 -0.0423534383964924 -0.00149767097982055 0.13509973605668
-0.0408477208320084 -0.0486364206421742 0.0389826916789491 0.104863648143437
-0.029696315918396 -0.0700637720830317 0.0705216273503032 0.0865308385284081
-0.00520435320416106 -0.0775499988168923 0.0872658405455375 0.0700572933393905
0.0274337201803213 -0.0838658191738302 0.118832408244267 0.0710548479008491
0.0592135721756952 -0.0590686375936521 0.141872431012124 0.0924126748118972
0.0885103383307689 -0.025147995751927 0.149564007177078 0.0805982134564127
0.110529770291795 0.00888257477207733 0.163783766260828 0.0638799005799433
0.133705673478033 0.0585519815457333 0.0402138716106189 0.119974407143567
0.115663572479023 0.0503865350420453 -0.000896682294666513 -0.0153571070747787
0.119129196472419 0.00516223780384857 -0.125945412717493 -0.0438531776025076
0.114462795970904 -0.0393033528504891 -0.181398572324843 -0.00394784640031176
0.0778350541727449 -0.0782451858874494 -0.174931699565457 0.0777587473714651
0.0329912727680596 -0.0988455660227104 -0.114050631253482 0.126292210815286
-0.0094908551669589 -0.0975881839123911 -0.0529740315269609 0.123271156068895
-0.0278942951361508 -0.0845916564351688 -0.00973604585622028 0.105047260625978
-0.0490229973161994 -0.0912429147302391 0.0277325207500578 0.0747387635116354
-0.0277375682969729 -0.116981570282202 0.0607766380514217 0.0527633102179529
0.00906525683384876 -0.123685467185524 0.0862764728292042 0.0366497725600752
0.0630972594706656 -0.130537682648967 0.124515020005707 0.0495728257290049
0.118783535450988 -0.0876766311546291 0.136140667600712 0.0844780573928726
0.155836139821854 -0.0166032353186123 0.11951185773665 0.0719705350190316
0.180364884337017 0.0407315065185904 0.114751956941452 0.0367790893642866
0.172738983742904 0.0910490806647959 -0.0194587443296699 0.0747370514282512
0.174794955074342 0.0798774341365574 -0.0447040143010397 -0.0511144602661223
0.191845185271237 0.00556262488593752 -0.156169746623201 -0.0579441531671745
0.173736728036877 -0.0701009893931771 -0.192144016649894 -0.00607571156293843
0.110908953205301 -0.116605307690399 -0.159048343348518 0.0654644460408688
0.0497316704647029 -0.135996807236627 -0.0999635140720301 0.0950003915219904
-0.00709202547232822 -0.134127837988663 -0.0501215944351639 0.0799789808334259
-0.0274771752426982 -0.112799123312613 -0.016900477164787 0.0606497486473578
-0.0477495762551506 -0.11960998192292 0.0157462898672719 0.0317981335862104
-0.0175560097462817 -0.146302730840042 0.0483930378689659 0.00906429068284322
0.026914432163599 -0.150036697699434 0.0832081341884272 -0.00415098720965468
0.093545970888295 -0.154890877975704 0.126533727754876 0.0248721561756582
0.160701485766566 -0.0995544902516635 0.125624864388398 0.0768017051442925
0.198855937672609 -0.00204597275991115 0.080568044126893 0.0672121517633909
0.219410736185473 0.0710285625333978 0.0530007201151248 0.00697012395719296
0.186557009472835 0.105928683338735 -0.0843273930752766 0.0189430668840121
0.208367818429433 0.090709752480459 -0.0958038005275274 -0.0857980485917986
0.2346284777011 -0.00162625951812313 -0.178748098064763 -0.0722447805689525
0.202385937984911 -0.0959249001946038 -0.188291532445459 -0.0133931888454881
0.121490313660687 -0.140569374094882 -0.133851850345178 0.0385977764879684
0.0538335413063004 -0.15390121709801 -0.0834131305194525 0.0480840254656772
-0.00617984299969394 -0.148215065228121 -0.0463230231388272 0.026357261858633
-0.0233388155896033 -0.124135198358654 -0.0219749152388946 0.00783564683964937
-0.0357193068402837 -0.130953966014978 0.00790929717762243 -0.0180179378091712
0.00186396877915424 -0.153565413274813 0.0413678393071624 -0.0385265559170054
0.0506874660617031 -0.151769515484907 0.0835111520141349 -0.0449489844613192
0.119918417251678 -0.147290145717051 0.126540006507827 0.00189580559213853
0.183781998780426 -0.0853069387355916 0.109192858084142 0.0676319847519154
0.211297233089416 0.0239896788957478 0.0402125151141346 0.0603291863814424
0.222422741050939 0.0967943136595043 -0.010291488706633 -0.0265135541891028
0.169548435532491 0.100967297119745 -0.143685569079842 -0.0338373329992106
0.2018770152124 0.0833940512634055 -0.147124762267241 -0.107363843275542
0.228675040058293 -0.00935275891422509 -0.186684153973255 -0.0787429897475432
0.19040135620147 -0.102170167842789 -0.170707660532236 -0.0247415654791239
0.107928707224605 -0.137068971696312 -0.106225986623786 0.000875681405040291
0.0474510365571597 -0.144217091893123 -0.0701232332438817 -0.00580858053903319
-0.00520249635144856 -0.138525560108662 -0.0437049184172772 -0.0284095249957729
-0.0159599675907826 -0.116353647478266 -0.0222731320203636 -0.0445147847871615
-0.0172613906991134 -0.123057474270035 0.00846117584664599 -0.0689624483482997
0.0241325910690362 -0.139144136753924 0.0457122874685046 -0.0824462630521625
0.0727741357476249 -0.128972528851527 0.0944246953173659 -0.0781588099129552
0.135046134887381 -0.112370725982306 0.129194909742912 -0.0141047141525404
0.181563356201849 -0.0485093811653751 0.0931621357128803 0.0571399748429549
0.190861413389755 0.0556555256903831 0.00548295619873549 0.045962615571257
0.191083236653363 0.113539357010576 -0.0623158499270052 -0.0638620561200726
0.121662862687349 0.0800861071874899 -0.187311997057374 -0.0712149528163414
0.154202594092208 0.0659412273305254 -0.185890011546419 -0.112223979104897
0.176834904337226 -0.00934575393388967 -0.180173110407525 -0.0807383321898435
0.142096472408903 -0.081179992243513 -0.146225478130101 -0.0396088180156086
0.0785516794941077 -0.101945290186276 -0.084670612477257 -0.0377103231774057
0.0366882229427215 -0.107490252290095 -0.064193967150316 -0.0543897331995592
-0.000119435183068086 -0.105670959312325 -0.0431286881028585 -0.0748828495769688
-0.00541871875149173 -0.0903916459482826 -0.0189095980667985 -0.0893369647324043
0.00128034685783958 -0.0976317441036188 0.0184380638183188 -0.112607369026073
0.0380609629796243 -0.104755619226111 0.0641584009755086 -0.116800026177995
0.0778230706854286 -0.0888435916051401 0.116973137115688 -0.0972546078007363
0.124109085263968 -0.0640260454807681 0.13558538914563 -0.0195586246904716
0.152200149424605 -0.00749723277245176 0.0811936184650044 0.0445745414257001
0.143591258795779 0.0772330337572392 -0.015763846542375 0.0252059588641096
0.132765069270006 0.113963902838488 -0.0961259606339932 -0.101564975380103
0.0490467166022998 0.053018593635986 -0.204369739459009 -0.094141644185343
0.077547002318934 0.0476246675274977 -0.200478001859793 -0.104865262352308
0.0954915042082336 0.00270108556622909 -0.164724890021478 -0.0839617917942337
0.0763302899507262 -0.0365226675099849 -0.12594470987131 -0.0549328579080459
0.0443326563064819 -0.04465310671687 -0.0757314141025649 -0.0657706394223163
0.0280828380774893 -0.0520431002179858 -0.0653705457754357 -0.0857659961072166
0.00954481766390162 -0.0576556111304396 -0.0428918535355892 -0.103170470760779
0.00487743726326313 -0.0520933462515113 -0.0124646167920347 -0.117869979271564
0.0118607296700971 -0.0558379893616416 0.0336219889736184 -0.14137846011646
0.0338739441674342 -0.057296137184939 0.0907347947807125 -0.134771328483603
0.0582999350336187 -0.0451476063741728 0.143671950525607 -0.100294071435681
0.0849917013691468 -0.0251183368123204 0.144361927590879 -0.0160936066470358
0.0993065703905356 0.0169192994891646 0.077772941565236 0.0330579281964562
0.0807186598059291 0.0750472627543344 -0.0202694968944368 0.00355087500488743
0.0616056627783965 0.0921976845770378 -0.108260961973143 -0.131613561958128
0.0117953590753679 -0.0286045031591073 0.128485423320051 0.126445047479985
-0.0212071350681967 -0.0302085013594588 0.0542183773888936 0.00530213309621198
-0.0383744686087327 -0.0155893336106138 -0.0684044619362871 -0.0308823890749807
-0.0276290450014214 0.00376882416656955 -0.139659434702283 0.00385093983700904
-0.0224186980911611 0.00248293472709631 -0.156876301177288 0.0885604108150037
-0.0197112678028688 0.00152219828962909 -0.0967476942539251 0.14564395094665
-0.0158750364474433 0.00820774655588555 -0.0303841499366573 0.152696691351838
-0.0167136543842385 0.00584986187680906 0.0173397540199408 0.138473711562577
-0.0253045201195256 0.00441647120717693 0.0526251910863467 0.110117718426431
-0.0294827386400777 -0.0076928442271464 0.0784561162736487 0.0949971310978038
-0.0248566398832411 -0.0163141718535715 0.0885584565974272 0.0787063859245298
-0.0229991713935792 -0.0248993220609395 0.112831359915039 0.0701394619220834
-0.0164154349134706 -0.0277434229965345 0.144185328881166 0.0836997572569772
0.00268367241578677 -0.0364032353048066 0.164189685004985 0.0806766211277774
0.0214600741661985 -0.0274240513869284 0.185446381114756 0.0703871773329936
0.0753982424280353 0.00929887179615132 0.0932467601655033 0.131030749516204
0.0450758717453185 0.00428667305813231 0.0312569830333753 0.00526133993180352
0.0351045568904768 -0.0091140842044774 -0.0907583036764364 -0.0266565228813716
0.0383146624277469 -0.0184843918032717 -0.154749742258969 0.00522100913700886
0.0244639215545052 -0.038293413421493 -0.164029026447477 0.0879392430345699
0.00258146895292656 -0.0490540868427144 -0.103149381098233 0.142204928673084
-0.0168796656738046 -0.0450174243880385 -0.0394363115442245 0.145550543206208
-0.0254438401304996 -0.0389622449437849 0.00747327102268289 0.128628312293433
-0.0411960610419381 -0.0431487757984122 0.0437360038412072 0.0976755954562795
-0.0324134227784201 -0.0637486805844002 0.0719579444478837 0.0778041466340823
-0.0101457699139261 -0.0728621446970909 0.0876554606817009 0.0615312678665504
0.0198084584712717 -0.0806493649175118 0.116939941370102 0.0584495521503668
0.0528057448695445 -0.0602243515581255 0.139455983239216 0.0780777053212317
0.0822061933775197 -0.0295418155192617 0.145826552988068 0.0674848787586867
0.104857181823926 0.000766627924380543 0.158916479108876 0.0518635904894212
0.12966668393612 0.0473515186958647 0.0443908959883526 0.110984229323347
0.112024988587365 0.0401738960811397 -0.00186060391042929 -0.0154980754554009
0.112312061314775 -0.00398056653960974 -0.120158863346898 -0.0341306200712984
0.104740061137544 -0.0451223580333768 -0.171087480264909 0.00724112666525467
0.0680847417388057 -0.0799584641012706 -0.160577159528059 0.084262252850046
0.0238916615436601 -0.0962655563094602 -0.0997538144688678 0.125919106014399
-0.0156626206153123 -0.0926916158083331 -0.0424260498116468 0.120502396549471
-0.0316463507159852 -0.0781170180024666 -0.0025128846494202 0.100571543665833
-0.0517750282565692 -0.0828046562516628 0.0314487101839225 0.0693611173394409
-0.0338117032416565 -0.108479278590238 0.0604181153476129 0.0463143573326775
0.000162359044598407 -0.118270812239518 0.0845917489686374 0.0301189051317274
0.0513917741724021 -0.127411618263546 0.121143815029307 0.0380573036189739
0.107052050687229 -0.0915252130445638 0.133374481340186 0.0707949804215014
0.146328339464449 -0.0263643325844375 0.117424224619241 0.0610276690155722
0.171754617619579 0.0262159527820806 0.110969992507963 0.0289366165752527
0.168521060380491 0.0756608722969351 -0.0148153148612473 0.0717954252876643
0.170812436103135 0.0646717765284675 -0.0447753212178729 -0.0465477147750025
0.181709144958498 -0.00847878120870327 -0.149944349865698 -0.0460128098926728
0.159045628332837 -0.0785532674656171 -0.181490924346734 0.0053212575280466
0.0967694359858204 -0.118530700461213 -0.146125744684581 0.0719482827424731
0.0373414686510501 -0.132699872403814 -0.0882297396729433 0.0950268632648726
-0.0159218696321385 -0.126012112604491 -0.0430354523110056 0.0795168226915207
-0.0331604273769561 -0.105486610768227 -0.0121534724099339 0.0588927138246642
-0.0526851893472968 -0.108983980410949 0.0173559581525614 0.0291296474921866
-0.0258350219967791 -0.13742951812683 0.0462109815314988 0.00571702995984583
0.0153130038898823 -0.144356377187883 0.07870187310827 -0.00786372137021542
0.0780990320805322 -0.151755264385931 0.121685733893263 0.014487292319356
0.146105888899642 -0.10587057599756 0.123017792348913 0.0642335817240358
0.187652701337897 -0.0149426073308521 0.0810949433733862 0.0587831005367274
0.210702311105691 0.0517153369176503 0.0510927160253652 0.00484213367931381
0.182642885503292 0.0892201287545011 -0.0788189146140127 0.0230508375786601
0.202743665491647 0.0727772808812502 -0.0957869326916311 -0.0753519280925067
0.220077918487692 -0.017866259096502 -0.171105297927035 -0.0572432647483727
0.18486425157323 -0.104715207576048 -0.178881339646462 -0.00132248806423205
0.105801504035962 -0.142018747506435 -0.123987758958174 0.0444958730834812
0.0401127347515205 -0.149333063495214 -0.0749882684041507 0.0498124274249335
-0.0154424702253101 -0.139621361644209 -0.0441977524347907 0.0281919006893823
-0.0297239162321567 -0.115843392837313 -0.0201862792416754 0.00895066548252395
-0.0416983601199183 -0.12064183951353 0.00649294399277149 -0.0181210068238115
-0.00844746298401418 -0.145442306503098 0.0358942347560454 -0.0384786159753582
0.0375836391125542 -0.147753561642548 0.0760046525708895 -0.0466951213898678
0.103472368735606 -0.146497348324871 0.120556216649521 -0.00682848842718738
0.168117064708338 -0.0931355002420545 0.107756903473039 0.0569413428293215
0.200274000553111 0.00811153173291567 0.0424326357589741 0.0551190311860189
0.215341202394998 0.0751793819904187 -0.0104379254737035 -0.0234690465951585
0.166557478579851 0.0850119125881813 -0.138251008285645 -0.0226140651219514
0.195210503118087 0.06603609378526 -0.145096991792595 -0.0925963396439543
0.214424191326733 -0.0252358033127653 -0.179890882229294 -0.063010032565686
0.173586832698875 -0.110151762535176 -0.162592838072506 -0.0133562003211209
0.0939120412850392 -0.137501768777912 -0.100050295205989 0.00704287535221092
0.0352937363141595 -0.139701260371846 -0.066712138998294 -0.00197564841585928
-0.0137128173353662 -0.129968466257804 -0.0449439045453601 -0.0244976063344305
-0.022018545132469 -0.108678936398735 -0.024881276386055 -0.0410240178131884
-0.0241336650664459 -0.114213103572662 0.0036912558107476 -0.0659557228580969
0.0132486550014431 -0.132770100892917 0.0379747798941902 -0.0813106120742376
0.0602301206742744 -0.127525122497573 0.0838098648867292 -0.0786818796441739
0.118741215612642 -0.1144838241544 0.121698032076542 -0.0223285332389755
0.168493030058442 -0.0584160811546069 0.0917371220367823 0.0480682383614847
0.183467185887472 0.040096023786457 0.00925651140643979 0.0445809827776896
0.186593442563387 0.0932002069778424 -0.0625742280219934 -0.0560851041847875
0.119369855714718 0.0680934886511132 -0.181802717661586 -0.0571974973250581
0.150018056985953 0.0523909712609086 -0.180975813170665 -0.0934357047009147
0.166725999288854 -0.0212157371242698 -0.174836390354844 -0.0647646477834635
0.129809754868185 -0.0860916226859915 -0.140749975150945 -0.0291371281870875
0.0688935474155494 -0.10242838450489 -0.0826361154295203 -0.0311285188274548
0.0281217683451852 -0.104237380464898 -0.064215307210299 -0.0480627231014287
-0.00702707761446664 -0.099778422705707 -0.0474403926588211 -0.0681509216786302
-0.0106852289764542 -0.0850612728816312 -0.0245317261882087 -0.0833453999236211
-0.00537837704911071 -0.091077206485004 0.0100758787015201 -0.107859604548372
0.0290524822873901 -0.101170463046128 0.053311526807056 -0.114324435772859
0.0674572122510414 -0.0895302190804382 0.103566902454385 -0.0983271115743937
0.112144520244432 -0.0686133799422 0.12706918934607 -0.0269926517800991
0.14316214777657 -0.0172473989038537 0.0788844600168688 0.037359432842514
0.140025755165573 0.0641189265849663 -0.011929531922144 0.0250987425859995
0.13198866321386 0.0973363309306428 -0.0967610177532611 -0.0894830340065008
0.0493546913667532 0.0466699888392744 -0.19964371372058 -0.077175414178707
0.0762058321455202 0.0398399804528402 -0.194672042620055 -0.0856756890723644
0.0902793869288607 -0.00422279002947154 -0.159813664518233 -0.0694085501228962
0.070375107231154 -0.0399534874112246 -0.121808006723422 -0.0446020197590151
0.0398158768688468 -0.0455790916013481 -0.0756698535149041 -0.0585220617556988
0.023877912648689 -0.0511695896133119 -0.067833400412173 -0.0777187000005429
0.00560699077678337 -0.0548513573764101 -0.0486085858495649 -0.0953617699440191
0.00138187166872478 -0.0488364034704389 -0.0194952270735974 -0.111745946018052
0.0075484412896084 -0.0529786705050478 0.0223024975276014 -0.136262720107568
0.0280365326926314 -0.0558945534514779 0.0771310326343601 -0.13290023978262
0.0520249466880425 -0.0468355244450881 0.128819121509064 -0.103143583873908
0.0784495151706153 -0.029151551232464 0.135573581024108 -0.0243787415398485
0.094772033976179 0.00958836985053372 0.075032048302566 0.0268694952835604
0.0807200606793783 0.0658551629577533 -0.017655588729252 0.00508248192301449
0.0636843341000309 0.0817327358370754 -0.10978893720519 -0.116704538408877
0.0107716711575118 -0.0278780376097995 0.138311611505029 0.093355377130475
-0.0227684259006835 -0.0255973631563269 0.0505908682785327 -0.00567392014969651
-0.0375410484390894 -0.00759000202447144 -0.0694108416156764 -0.0208822540068003
-0.0253735209799883 0.00985602858386932 -0.130405078261377 0.0236010981471057
-0.0190306721450514 0.00900031171518053 -0.133426804996855 0.107154736599421
-0.0165713007768183 0.00500761364592616 -0.0692114984482815 0.150365209717012
-0.0122151201705564 0.00904672065961873 -0.00642005871270606 0.148060417091624
-0.013499369476664 0.00712968506686596 0.0370218075569107 0.126358614129496
-0.0213662931216605 0.00649202871422691 0.06648020413834 0.0953168218353499
-0.0271479681939068 -0.0030224630851111 0.0894059924707647 0.0752492707342543
-0.0240051048708725 -0.0116812184137205 0.0951955418868913 0.0584082607817745
-0.0228973356673943 -0.0187618135622236 0.114940001705009 0.0472854087497816
-0.0166421777806028 -0.02249487723506 0.14556456403105 0.0527143182497933
-0.000708063794608641 -0.0318778914580181 0.163136696364259 0.048276853184053
0.0192430792254462 -0.0276308590992134 0.180668444698853 0.0393401036725187
0.072283598276945 -0.000119722745602919 0.110060773103299 0.105505395385592
0.0418136847736157 -0.00305628254806171 0.0315297946300959 -0.00111267484030696
0.0285504554482099 -0.0119868686801733 -0.0841570371564032 -0.0113189002652899
0.0302191468513498 -0.0194028368014174 -0.139794964461524 0.0289994966139721
0.0173292554876831 -0.0348362536860497 -0.13662868616862 0.105516567061437
-0.00282361333117752 -0.0440478464707945 -0.0740531905565187 0.145497425067532
-0.0204001933370835 -0.0390261935158698 -0.014985808471532 0.140835758846349
-0.0271403914366215 -0.0333114192112717 0.0271723322353613 0.118469723930073
-0.0422231596949377 -0.0347480396511429 0.057507309170538 0.0852071612842333
-0.0377944517720693 -0.0544660744320324 0.0816670384706194 0.0610337577295638
-0.0168553169994103 -0.0656606561478359 0.0913952105228755 0.0436258476655639
0.00931811544349428 -0.0760405556335599 0.116564844763519 0.0370837322299425
0.0417926649475278 -0.0610659851740216 0.142287910753957 0.0495008071274751
0.0724187843141381 -0.0372143304938554 0.144210529622751 0.040281654434774
0.0988849928369571 -0.0119459004171892 0.153333377267793 0.0265267574920579
0.125701879940255 0.0291552115453237 0.0645977865580564 0.0971759541139084
0.106713953580585 0.0210156735594071 -0.00037449592717784 -0.0122452344873775
0.0986347124414344 -0.0178492480416334 -0.107379303527585 -0.011510662193057
0.0852646979440774 -0.0529925085646396 -0.150027314354672 0.0336675556315527
0.0504340813405563 -0.0782500888762735 -0.131051602468394 0.0985468913670238
0.0101724405967426 -0.0901192181016112 -0.0720172548155238 0.12796017738035
-0.0266097136416759 -0.0817723047872541 -0.0219161151011131 0.116336983167051
-0.0373262817292384 -0.0682547613960659 0.0134708681755136 0.0937982944101614
-0.0577360205659802 -0.0689845198865685 0.0427045668759543 0.0608053612962422
-0.0457395706572441 -0.0957976003903779 0.067134100186188 0.0341504724412726
-0.0128489075987708 -0.109162110276638 0.084098082518471 0.0153972355296143
0.0316934873184809 -0.123345027079381 0.117454859146242 0.0180559023713359
0.0878690865410975 -0.0954354911116189 0.13650956247052 0.0440601559855529
0.131475623769999 -0.0432048210369753 0.116596810383741 0.0398808912897736
0.163471106646001 0.00245295944985673 0.105843007282077 0.0130563979720297
0.163180841109522 0.0496915985320236 0.00603758595120698 0.0720099828619779
0.161498437070827 0.0353582714156231 -0.0424829928028682 -0.0325808497444468
0.159070940719026 -0.0305452670311297 -0.132464974567315 -0.0162504604240808
0.12866685672424 -0.0908934902025042 -0.154651003148828 0.0335738308323794
0.0715243050765239 -0.118033083408258 -0.117060572882857 0.0829355639778938
0.0173737925748892 -0.125543933514554 -0.0654664436847105 0.0957696539518325
-0.0312862672540389 -0.112452540528654 -0.0278636881943042 0.0758364564852085
-0.0423808268824969 -0.0930166731170331 -0.00181344944366533 0.056287208370175
-0.0616553763643691 -0.0934784935063312 0.0230443656732666 0.0251317796661809
-0.0427811154003267 -0.122882501679737 0.0473490411036864 -0.000636471648014861
-0.00195879020361148 -0.135103817311538 0.0721901604611094 -0.0185243831168855
0.0531733665329595 -0.14986243762444 0.113983501034414 -0.00348247834502231
0.120812661196158 -0.112938925670084 0.126998020261558 0.0402026262461064
0.170137731075694 -0.0388439646376967 0.0823754166989284 0.0442016343748994
0.200667405043578 0.0208448957542225 0.0472786346475503 -0.000802872675873602
0.175181525950168 0.0604969215561571 -0.0603327838496793 0.0394173224938709
0.190686868049525 0.0387948238999864 -0.0930304327682318 -0.0504773677914598
0.192528082585463 -0.0441725580455808 -0.151137361808471 -0.0234820381405545
0.147961262529471 -0.118474875776651 -0.150526238094949 0.0264764809441801
0.0758849969372001 -0.141095504029376 -0.100267349234221 0.0517313456448363
0.017517865489713 -0.141180439084772 -0.0608202841816718 0.0507741913078187
-0.0336521631318479 -0.124171471982612 -0.0361013752104166 0.0274951834681759
-0.0407675532505535 -0.1027244301494 -0.0171324918024498 0.0103169219204217
-0.0536469420842354 -0.104708968462293 0.00534117320730085 -0.0167799027730363
-0.0277276329954683 -0.133136037643694 0.0307268653928489 -0.0403203057200463
0.017772993220962 -0.140849759579366 0.0634180260881727 -0.0535847263294555
0.0770690592582189 -0.14890215089902 0.109077950885793 -0.0228435622437656
0.142166151327294 -0.104803604927049 0.111595054276739 0.0365169405731744
0.184494938488476 -0.019012308407473 0.0463002341883948 0.0474553729186848
0.206860744068576 0.0414685663934141 -0.0140288479588759 -0.0176033200895061
0.158792830551562 0.0587120522491006 -0.12322493748057 0.00667838367304865
0.183336247071141 0.0349671841640815 -0.141427098369562 -0.057824654693543
0.185992001987445 -0.0492163833703998 -0.160219903555208 -0.0281376033571943
0.137435185669388 -0.121330124191151 -0.138253220805475 0.0122404148857484
0.065380663508057 -0.135863301929573 -0.0846404492124646 0.0134393949966313
0.0134541710535648 -0.132048415555984 -0.0605329702507324 0.00125857039554524
-0.0305993136406349 -0.115676606135803 -0.0453024088317095 -0.0215126039539689
-0.03340505916222 -0.0969362392659872 -0.0290570478175867 -0.0355595032027107
-0.0370783630010432 -0.101452888736418 -0.0054641137427408 -0.0611361930530564
-0.00586355367340745 -0.124480816147029 0.0245173970100969 -0.0796145719142465
0.0403783913313114 -0.125003828103104 0.0651067964330052 -0.0852959489542952
0.0956629930187487 -0.121427610183389 0.107186885211375 -0.0369718939222159
0.146513746721589 -0.0726471678889532 0.0951311395450957 0.0319288426094897
0.172538029788328 0.0124658768180229 0.0139553624275056 0.0418308854872927
0.182123403004235 0.061156931633595 -0.0663902949411695 -0.0405586452695041
0.113413122384229 0.0489003976685495 -0.170930980600514 -0.0190777198768923
0.139747551263718 0.0289190621419773 -0.17703140395036 -0.0540189100138305
0.143706658171118 -0.0394775039565709 -0.158773108694023 -0.0315432207848889
0.101992560759712 -0.0946780536775043 -0.123057905111453 -0.00593367319795028
0.046786380454374 -0.100983588263478 -0.0760656356854973 -0.0224913167514581
0.0109250643046037 -0.0990455306049425 -0.0659335221285337 -0.0402204917443418
-0.0205880633314711 -0.0886171541074133 -0.0543074521121443 -0.0612898038908129
-0.0204078734580778 -0.0766619462943805 -0.0356293569638549 -0.0750542780315843
-0.0172300940334756 -0.0829213287100458 -0.0061276814625673 -0.101363901602845
0.0126606488918436 -0.0974839893279119 0.0332533030833946 -0.113305231891728
0.051636863027555 -0.0912311862784043 0.080182499124323 -0.107128791474152
0.0956237101135837 -0.0784204557149044 0.111413605605547 -0.0436298339164365
0.128239035180464 -0.0321401760293529 0.0811879063012321 0.0232105113863755
0.135908037397527 0.0398181137319345 -0.00896888711400949 0.0268848167109299
0.131533052920257 0.0716285668319142 -0.10210700935747 -0.0670194657248204
0.046540739090901 0.0375627726301352 -0.193687034338501 -0.0359764406523662
0.0715331700484407 0.0280623320671291 -0.190967779959899 -0.0454316400184704
0.0784076491606728 -0.0140374970163242 -0.152068206048199 -0.0378243895100223
0.055438013024591 -0.044459921372501 -0.113701569405512 -0.0231025050190836
0.0283331904279307 -0.0458888392965381 -0.0768201090144211 -0.0458568883309473
0.0142463534383949 -0.0492157575156101 -0.0740539212618432 -0.065067180151046
-0.00353676095623893 -0.0498039695424802 -0.0595865888078036 -0.0852814931991933
-0.00507865398096644 -0.0448106394092026 -0.0355150114542954 -0.102151146912939
-0.000697684139277829 -0.0498630413113327 -0.000107855200998696 -0.129808149742687
0.0183187390876312 -0.056334877830188 0.051217340352022 -0.135182249626567
0.0423851510405859 -0.0498428618433202 0.102124831162121 -0.115871111869489
0.0701917002844036 -0.0368909416508941 0.119880719964969 -0.0433361481547126
0.087181890010191 -0.00220048036810046 0.0747268980764467 0.0142435920636568
0.0824765748790258 0.0493503520932364 -0.016819070052071 0.00848689257517729
0.0664580797730266 0.0650936888891752 -0.118050476686171 -0.0906511395915466
0.0103646050392956 -0.0266955421288676 0.128732820029676 0.0904327004395398
-0.0212681154781229 -0.0248806093066211 0.0476992381624402 -0.00580956591897505
-0.0357349146800683 -0.00806127687435105 -0.0647504767263013 -0.0212399279735734
-0.0245556415650084 0.00940046155137624 -0.122910892936994 0.0194069898356122
-0.0183439226576388 0.00879481376989628 -0.127912209401443 0.0992300560293856
-0.0160872593483016 0.0047342038030634 -0.06762730570348 0.141076248795527
-0.0118588574822779 0.00807015216854423 -0.00763716079455463 0.139630918922147
-0.0132247287987766 0.00600707693375762 0.0342104085432001 0.120292920117356
-0.0202589210617763 0.00517989367016303 0.0624402114743519 0.091271141846175
-0.0254467986315417 -0.00367219893523798 0.0838711844496015 0.072439920353932
-0.0223398936740225 -0.0112934187478214 0.0891547831463688 0.0569805860866555
-0.0212736615230983 -0.0176047723739136 0.106893788518375 0.0462667711946495
-0.014642522422645 -0.0219274247512452 0.136462700709335 0.0518821112535576
0.000336598047758707 -0.030144268183563 0.1527623835056 0.0486732359640547
0.0190873250001746 -0.0249383352773349 0.170886989969394 0.0409591126599209
0.0684683882665993 0.000789190233488453 0.101486087000356 0.101662331461191
0.0399908547838471 -0.00218350614846523 0.0292265016070221 -0.0012973836745608
0.0271806685747136 -0.0114827725933423 -0.0787927623923802 -0.0131478219967756
0.0281003417011322 -0.0187168986816229 -0.132028346016803 0.0242541741309029
0.0164513426109094 -0.0330634381811867 -0.130641026848095 0.0972025082789801
-0.00290164613494131 -0.0415053285220702 -0.072338845667195 0.135641439353101
-0.0192848513842422 -0.0374356382930228 -0.0162970800416175 0.133032509817947
-0.0255561950224452 -0.0320514285209247 0.0246656279555562 0.112828029146473
-0.0390580696513214 -0.0332177774456726 0.0542521574069569 0.0815629937262079
-0.0348426663344349 -0.0519315621624568 0.0768149386748805 0.0591048506084753
-0.0152807483878294 -0.0624321574635227 0.0862125910645812 0.0427534485475136
0.00962833543161736 -0.0711202898898814 0.109358051726214 0.0364158546675793
0.0408499475773473 -0.0577016833890412 0.133080957260568 0.0482440524646617
0.069076718410938 -0.0340115594743548 0.135704647434346 0.0408216080584241
0.0933781116481384 -0.00956243479420592 0.14520956666696 0.0281718084728681
0.117870176775591 0.028657646422851 0.059208230622451 0.0934059998328325
0.100563130663604 0.0216101999519423 0.000255285933662043 -0.0119846952492536
0.0925218791233713 -0.0158692939561775 -0.100198078233569 -0.0135681347350498
0.0808785915765346 -0.0501621226230153 -0.141626885266029 0.0287945260879914
0.0483802715507502 -0.0742269298091334 -0.125095149785023 0.0910572726377052
0.0098753985358469 -0.0849007234338415 -0.0699963396581476 0.11868776903604
-0.0249129783324515 -0.0778007572673204 -0.0220862570104432 0.109181973642575
-0.0348202495420826 -0.0659692348464206 0.0117991493036632 0.0891467353258345
-0.0531648833576658 -0.0658377839596872 0.0393984921036804 0.058493898769263
-0.0418758750995529 -0.0910463118491203 0.062554484548538 0.0335351244197257
-0.0109377487765643 -0.103200323033913 0.0797966243458981 0.0165534318692164
0.0314775435392829 -0.115925336212916 0.110012783430996 0.0178335955613158
0.0842559820089012 -0.0900338673666652 0.128272399659418 0.0436880161824904
0.124027235795572 -0.0393158763727459 0.109862157280425 0.03945363448891
0.15362872979998 0.00424117938640686 0.100470473833676 0.014496183260093
0.152677701591329 0.049724738248295 0.00439363987087773 0.0687799233511611
0.152141098174465 0.0360331886998021 -0.0391707912164732 -0.0317698657949067
0.149995868432075 -0.0275896669006614 -0.123358336933097 -0.018322780384578
0.122158357595955 -0.0856427707053522 -0.146490484270045 0.0290011729790669
0.0682523844947462 -0.111938810981651 -0.111670417659517 0.075835049532162
0.0167979011240659 -0.118336007859548 -0.0631597420820483 0.0887439524936367
-0.0287467813220448 -0.106574852997749 -0.0286149512298379 0.0719368840187447
-0.0387347400620439 -0.0886395319285441 -0.00250352478639005 0.052800610061789
-0.0567019964327275 -0.0884876591647556 0.0216356303939582 0.0246394654739637
-0.0390530163575091 -0.116697478808142 0.0443359448031334 0.000231792922318069
-0.000797961632952113 -0.128390332414981 0.0687325673501593 -0.0156221635431963
0.0516740028381295 -0.140695591004167 0.107768270714853 -0.00256208491900279
0.115503367402594 -0.106009424258228 0.119086193825156 0.0401582949849736
0.160536635618875 -0.0347482045535285 0.0779158674802604 0.0433286489620791
0.188253555455093 0.0212423209882834 0.0447491371597962 0.000655610078094665
0.164545363602036 0.0592358598661027 -0.0571605776245765 0.036225766343562
0.179784878027506 0.0392861635465697 -0.0857880782976474 -0.0491180494039023
0.181144747633835 -0.0403074316291003 -0.140736453011191 -0.0252288476485078
0.140373424710916 -0.111512461657909 -0.142026950040547 0.0219531790611714
0.0725014129877126 -0.133527710787961 -0.0956302018306761 0.0471823271391243
0.017259205262377 -0.133733137280089 -0.0583908250576363 0.0458909346818979
-0.0302814583024639 -0.117622365967201 -0.0356585398740401 0.0261405696229569
-0.037001210852831 -0.097637323610669 -0.0174220964197598 0.00979469268128756
-0.0490931047166899 -0.0991390570544038 0.00530226526635829 -0.0161505572109996
-0.0248214522970155 -0.125776408955985 0.0299316279242773 -0.036473060380024
0.0174574510912538 -0.133413245572614 0.0612519670135193 -0.0489390497617472
0.0744260094604595 -0.139515385381508 0.103436382876808 -0.0211358944813124
0.13468538894035 -0.0974939960976583 0.10567728618824 0.0360427849684685
0.173264852667231 -0.0160137310503845 0.0439704521039567 0.0457148160243451
0.193109558099965 0.040904045309425 -0.0121663611615195 -0.0162013044638429
0.148903839397828 0.0575669784959738 -0.115885755092789 0.00418913777515362
0.172609980098436 0.035450445235342 -0.130882236524569 -0.0566782748355882
0.175511482794195 -0.0450433125991715 -0.149750246484602 -0.0296762573411902
0.130785402353664 -0.114115405087423 -0.129766774347872 0.00857879061056665
0.0624967962925162 -0.128534868460528 -0.0798595220130542 0.0112406546765351
0.0136482456886584 -0.124832456158938 -0.0580427120961857 -0.000838872970868291
-0.0273290758044413 -0.109190895691805 -0.0441482837688083 -0.0205567986081945
-0.0299847336458652 -0.0923542855041848 -0.0279583223133958 -0.0338226634183244
-0.0334522000039956 -0.0958008260424909 -0.00428125250599411 -0.0580782175241414
-0.00390802860770658 -0.117517965887451 0.0243230774527122 -0.0745116933343808
0.0390557145669141 -0.118385111495945 0.062661271153348 -0.0783570727072679
0.0911270699473058 -0.113465766043222 0.101908725087405 -0.0342388646523599
0.138640864040175 -0.0678860055440661 0.0894922311315143 0.0316473729746962
0.162095235853414 0.0134811882741753 0.013251778628093 0.040148035182343
0.169756770581285 0.0595758041527059 -0.0611230804707438 -0.0385900883297624
0.106027242147729 0.0478655937007636 -0.16063868060357 -0.0209200211062408
0.13083664738936 0.0287113634262484 -0.164620832582727 -0.0538625393133951
0.135460422605115 -0.0361789171193443 -0.148723401338721 -0.0321587659320288
0.0972381051371466 -0.0891370471436545 -0.115292459722733 -0.00777129154989024
0.045545909814771 -0.0955557798547805 -0.0716790559575853 -0.0235194220919032
0.0115285371048877 -0.0936321915852557 -0.0623722108654569 -0.0398426900213743
-0.01816879295526 -0.0837095357610014 -0.0522530065581704 -0.0583070069232691
-0.0182889436365344 -0.0727354338514787 -0.0335209370972804 -0.071724006768896
-0.0145686310612536 -0.0779330503700052 -0.00532183790115701 -0.0959961446276948
0.0130814391002245 -0.0913296672262227 0.0329013579930778 -0.10606625481483
0.0496906677630744 -0.0861888400526749 0.0766178429088726 -0.0987377803567789
0.0916513359691828 -0.0727771909128514 0.105726625273767 -0.0397993850218093
0.120573604954659 -0.0289304772337769 0.0765204663807327 0.0242903345154676
0.127079939668845 0.0392244103427956 -0.00698792914818392 0.0253210137431772
0.121640727840399 0.0682896065055819 -0.0953586644640965 -0.0636649355952881
0.0434739552312273 0.0359563372553721 -0.182363167506628 -0.0377166527320332
0.0671413220037338 0.0268166404607149 -0.17757200011252 -0.0458142596352292
0.0737959051523411 -0.0128421601465537 -0.141864911367692 -0.0375221132043506
0.0533671249333582 -0.0419708553182604 -0.106528380107558 -0.0237161035136672
0.0275390036368836 -0.0435138028586164 -0.0716722513200459 -0.0451934385193401
0.0141578872266543 -0.0470904193563878 -0.0696815862489169 -0.0628871478973357
-0.00276807511776916 -0.046486675000512 -0.0568990097120542 -0.0815655650450377
-0.0040968081917942 -0.0417125430011207 -0.0333670507063724 -0.0974408322336422
9.80113194511464E-05 -0.0470062222487984 0.0012461237818212 -0.122910103129355
0.0174818007329441 -0.0525274902849786 0.0502272022556501 -0.127471391538797
0.0409085087281406 -0.0469272530543247 0.097871431885513 -0.106958132717937
0.065795384399023 -0.0339991188219166 0.113925220095338 -0.0394747333762105
0.0818851399553904 -0.00061270787748789 0.0706645089462049 0.0155029656235681
0.0771898887308898 0.0482245835039447 -0.015032613613812 0.00787310452912382
0.0610650008861195 0.0614068108615667 -0.109373974700915 -0.0867782585590279
0.0108476690498295 -0.0265899489883664 0.122121530131311 0.0924200783595163
-0.0194987820114081 -0.0252985487592098 0.0460649187891414 -0.00510417995435674
-0.0344540527631223 -0.00843758361025548 -0.0617787217454408 -0.02422191570875
-0.0245486936779899 0.00801610769483087 -0.121205105120057 0.0144285781788288
-0.0179805376232306 0.00752669139973913 -0.128621191456569 0.0927317127469675
-0.0160994536175878 0.00436694043764082 -0.0710341836984181 0.135435986323111
-0.0123223272902302 0.00651829198932603 -0.0113818858937205 0.136280104855881
-0.012950810953436 0.00506359934232446 0.030968415590949 0.1195740773828
-0.0198089622711497 0.0039539241623544 0.058930868754026 0.0924794970742295
-0.0245284574635717 -0.00472342269972867 0.0804999020051512 0.0744479758773609
-0.0211097332725547 -0.0115658865775881 0.0856420712241297 0.0588441418863623
-0.0200058235955968 -0.0179517746021705 0.10261272779134 0.0492580496592405
-0.013443481499244 -0.0226391292404 0.130916817168385 0.0551897277229178
0.00162419248107232 -0.0290102928234957 0.14753348535688 0.0523719179280926
0.0200386706735106 -0.0233648882552001 0.165968350585772 0.0468324715096443
0.0667263272828249 0.00202915340100049 0.0957023594777132 0.103214375173736
0.039550031296308 -0.000853101138343206 0.0282706324360825 -0.000960392252660138
0.0265595079436848 -0.0103988561214174 -0.0751982190810219 -0.0170364021090607
0.0276969655795391 -0.0180564659489901 -0.130209146274629 0.018754195133122
0.0169773828728371 -0.0321875158557017 -0.131642814306812 0.091253408461151
-0.00205797282942054 -0.0409475800204231 -0.0761558309596422 0.130401613289462
-0.018180822905083 -0.0376197920663851 -0.0201035251299153 0.129219635699087
-0.0239054783118601 -0.0331178021117963 0.0213108257984635 0.112279069300801
-0.036694997917654 -0.0342750787722028 0.0506100843943628 0.0825225046042496
-0.0328305900812087 -0.0525230497772703 0.0735226049859869 0.0610524594343158
-0.0131878258020045 -0.0615154234698189 0.0834807617363247 0.0451699890038241
0.0120506450443989 -0.0691630072467485 0.105022625038163 0.039006013976133
0.0420402926265211 -0.0554204032278429 0.128328789696756 0.0517779570215434
0.0684494119102098 -0.0310970951314085 0.131699750967868 0.0446354121368851
0.0913521124134637 -0.00568191886186999 0.141823516379112 0.0338191778794703
0.114317834634497 0.0317975473972087 0.055348710784166 0.0941157103017809
0.0984483185248672 0.0245150847477343 0.000751671546856999 -0.0127327003378296
0.0909560842623264 -0.0132379012409582 -0.0965959372817619 -0.0176620178258458
0.0799202967746257 -0.0469023956173177 -0.139316639958685 0.0222282106723742
0.0494948723647251 -0.0724647124318912 -0.126049871756129 0.0850807056441949
0.0114394302399685 -0.0827714829241162 -0.0725824927434439 0.113142123155664
-0.0216756576250639 -0.0776671319076886 -0.0259767033293174 0.106434471338913
-0.0318651312882661 -0.0659352793326309 0.00904191948819511 0.0884298970242415
-0.0493502302613216 -0.0662577817443979 0.0369699347345642 0.0592461155913849
-0.0379696665879452 -0.0907066048034997 0.0604200631095215 0.0356707413058177
-0.0075476543304273 -0.10131823045999 0.0775953608530014 0.0197242527258641
0.0348811320803903 -0.111995680322722 0.10704128472784 0.0206557303731272
0.0850334850528439 -0.0865531209779792 0.124057485012237 0.0463756187041811
0.122309010009534 -0.034620228061774 0.106759626561369 0.0428402319873322
0.149374450015363 0.00969778583385169 0.0985899216868631 0.0189203589181074
0.148092154340574 0.0535459747695865 0.00323969207022208 0.0678796460203166
0.148502633003309 0.0398962998004166 -0.0360852513877115 -0.0329036274566509
0.147070002115967 -0.0232047541931545 -0.11879614790237 -0.0232209845854724
0.121046067899321 -0.0809909887242602 -0.143999383238638 0.0222158092585119
0.0694881698308606 -0.108457884841365 -0.112581899011872 0.0701364105666485
0.0189362898236372 -0.115816166088909 -0.0653066152512159 0.0834237500629404
-0.0251140698374182 -0.105295430577982 -0.0311969993617187 0.0697599796086687
-0.0351622774413616 -0.0884084687760404 -0.00465636526077461 0.0526328536083882
-0.051520893562236 -0.087931946838303 0.020282356772322 0.0248310085111545
-0.035123440779077 -0.115627698743796 0.044203541505333 0.0025423517744931
0.0023902868833754 -0.125814580594439 0.0690899286354504 -0.0123363238109302
0.0554543646646074 -0.136103852276073 0.104463206790723 0.000371302352828878
0.115947585786564 -0.101864621247496 0.115695147739302 0.0433036733865462
0.157739394095469 -0.0286092575418226 0.0758839728291451 0.0451530620395675
0.182520487050052 0.0267980317975318 0.0446058183181925 0.00337867293195579
0.159116201069512 0.0637293260625968 -0.0566336289329785 0.0335942908905717
0.17520209230629 0.0444952580489812 -0.0811604028453219 -0.051681610601599
0.178308210779662 -0.034344646921405 -0.135535383901422 -0.0302370417248594
0.140119906862282 -0.105566903231466 -0.139005519983533 0.0157202356617931
0.0743551343222731 -0.12960204913689 -0.0951852675935109 0.0418924127674182
0.0200778849312955 -0.130979499216781 -0.059083984014685 0.0418371233951246
-0.0262174298149327 -0.116338268872349 -0.0374179442688521 0.0244152193313939
-0.0333069857227219 -0.0972281732893954 -0.0178560140985564 0.0094579769029474
-0.0441823430701597 -0.0984799004893514 0.00537057925973779 -0.015612102532773
-0.020793488463107 -0.124352571328073 0.03048048467572 -0.0341606477883912
0.0207947952722645 -0.13072696613935 0.062472770284692 -0.045183037467486
0.0776018326130195 -0.134175696118938 0.101291437576233 -0.0178416190228471
0.13463662506669 -0.0927563167836847 0.102162530927295 0.0388767357762428
0.170028013049104 -0.00949103081615022 0.0427520804401243 0.046090511377423
0.186596602394163 0.0458275985009212 -0.010724202467803 -0.0153946902510649
0.144109258025456 0.0611415063251813 -0.112764636066707 -0.000502116997120597
0.167879856174348 0.040269082488822 -0.124541434288346 -0.0604596506483731
0.172692372138808 -0.0390732480038903 -0.143802400389238 -0.0344363648086442
0.130875064785694 -0.10859921832106 -0.126758740530556 0.00345895688948995
0.0647203892311433 -0.125188043031476 -0.0794822349637926 0.00700472726849962
0.0169645242608772 -0.122225364092038 -0.0569106666771328 -0.0033258924244179
-0.0231166301773193 -0.107734688903447 -0.0439568423186691 -0.0214300474035946
-0.0262407025226742 -0.0914191073190447 -0.0271978538708676 -0.0338728518440785
-0.0286702118599696 -0.094574035010287 -0.00303811132508694 -0.0573286874213593
-0.000514764561430367 -0.115054382988618 0.0266456842283877 -0.0714487017470924
0.041161702682521 -0.115141422351245 0.0647171527969758 -0.0735683060992326
0.0933528058032586 -0.107908422496582 0.100417439622989 -0.0305631778715897
0.137412626423381 -0.0625911764643457 0.0871366792402938 0.0342934218732238
0.157401214160691 0.0189320707406502 0.0130818320874497 0.0395603675825358
0.162989650576582 0.0628172195925907 -0.0582680195652697 -0.0390352765169135
0.102486959250626 0.0498593134027536 -0.156674345042029 -0.0269933645718922
0.127683018041053 0.0323397386446825 -0.156801428721905 -0.058756973902902
0.133344386677106 -0.0317736728511961 -0.143426301999417 -0.0372016328819248
0.0976189545263606 -0.0849474845297206 -0.112223764911343 -0.0120246927472466
0.047313498808855 -0.0929619129276193 -0.0696524506171655 -0.0266606588329059
0.0138159183305678 -0.091345590211738 -0.059840133321116 -0.0415739144059187
-0.0150463897005433 -0.0821506613205234 -0.0509344760808579 -0.0590819336442768
-0.0151560832092857 -0.0714501783508073 -0.0318440411252097 -0.0717394564896695
-0.0120717878159529 -0.0767294932572512 -0.00252350720170267 -0.0939215404177437
0.0152664113212062 -0.0890819097179479 0.0357220856576421 -0.102750309046847
0.0510818655556228 -0.0834739287744111 0.0788474572773037 -0.0932574708977034
0.091445784816841 -0.0683792231132433 0.104794956451675 -0.0360193289365681
0.118199568573483 -0.0254332887477768 0.0743810226575843 0.0266325311399611
0.123275577481003 0.043153680059452 -0.00744482933704408 0.0247837714592895
0.116344063910347 0.0702392045212297 -0.0901942986539342 -0.0656335538667296
0.0411721525546104 0.0361123262548438 -0.177592543309597 -0.0447904426800416
0.0642841899989008 0.028491318218884 -0.170629866655594 -0.0510347528002717
0.0725873583534977 -0.0110376680118002 -0.137029468788949 -0.0421453821336212
0.0534344407504005 -0.0403005452829528 -0.102921108076609 -0.0274204192444495
0.0286922860070422 -0.0420982990565671 -0.0684984408070893 -0.0480739981845658
0.0149410862474812 -0.0457572684349851 -0.0665756580255165 -0.0644937503676797
-0.0011020392534827 -0.0456860484052308 -0.0549711863595982 -0.0819814453382113
-0.0023435946474791 -0.0409004988154713 -0.0314646471117251 -0.0968798209911038
0.00153543297497591 -0.0453450985381367 0.00457853292393937 -0.120528949042131
0.0188854941058278 -0.0502860870533098 0.0540712262669588 -0.123427399954577
0.0410220047591118 -0.0447421335806305 0.0996417531936708 -0.100920106072234
0.0659006671571897 -0.0311206957897962 0.113088429426621 -0.0345829058943111
0.0792805641307972 0.00155717839783414 0.0689442547312956 0.0183813631663946
0.0737528732164503 0.049392888256967 -0.0139489039834796 0.00757676087929701
0.0574424688972405 0.0608208304382278 -0.104018741918368 -0.0881088263332039
0.011185701376822 -0.0267538277125694 0.122262158196916 0.0982008133081481
-0.0190981192367874 -0.026803019487847 0.0472576340568584 -0.00448591342035309
-0.0353481907565251 -0.00953825237379126 -0.0615206449618237 -0.0276317430185248
-0.0253233352575371 0.00762425505296473 -0.12392496117928 0.0107570245282975
-0.0183593287301732 0.00702104138478892 -0.133973386662835 0.0918460611154015
-0.016866125165542 0.00471633176150455 -0.0767705242000379 0.136163547842292
-0.0135776985228707 0.00584093595872702 -0.0143404911500326 0.138475179764644
-0.0136656671870115 0.00418912729964571 0.0293778141289412 0.123672906411655
-0.020201969003217 0.00303736470885421 0.0588009612171322 0.0968691672976461
-0.0249997513515817 -0.00571131788321298 0.080574334786267 0.0780592588548992
-0.0212856289067743 -0.0124819954721002 0.0852116099026143 0.0624300572604442
-0.0199627966556369 -0.0189051295727642 0.102421059017167 0.0535074782395092
-0.013139112148459 -0.0238099578038449 0.131550381072724 0.0597344477046508
0.00208975133966005 -0.0294116814502207 0.148745750218742 0.0580695798061321
0.0212135936606656 -0.0223630644126267 0.169069369942295 0.0527777640942604
0.0671084592553806 0.00417401157062631 0.0952055886546097 0.108464256548645
0.0410539635968136 0.000153831733317534 0.0292158711935347 -0.000800048793087572
0.0271559626137458 -0.0100651862932559 -0.0760677721958386 -0.0204259412889239
0.0281007176913903 -0.0181469933347389 -0.132718542213201 0.0146879606002085
0.0176317955036693 -0.0331439695160829 -0.136908850352901 0.0897872223526533
-0.00182809565377627 -0.0418351494642492 -0.0812814824261166 0.130503204758438
-0.0179857737896423 -0.0394260480697975 -0.0238148829203362 0.131437571553192
-0.0239206240993037 -0.0351735352764996 0.0197441269296271 0.115734142775398
-0.0366195625766886 -0.0363733086306392 0.0502493141487105 0.0862531879485976
-0.0320458465066251 -0.0549188655981693 0.0740911284885424 0.0645732130372692
-0.0114951037815917 -0.0634428703135191 0.0842846371968211 0.0490253361710994
0.0140838777834031 -0.0702560411256911 0.105435243727254 0.0426260726313628
0.0440640816495464 -0.0564806071961883 0.129013148045439 0.0558251080502774
0.0708659245858725 -0.0299148161237348 0.132594399428366 0.0488353708121679
0.0935207624518218 -0.00338227144130444 0.144522154175377 0.0386210123232839
0.115318675612652 0.035191107696776 0.0547397873220303 0.0973186074774655
0.100647527004542 0.0273091272686608 0.00154812656009647 -0.0134162682474286
0.0924547911631192 -0.0118791579933568 -0.0966988278669358 -0.0222193370148321
0.082166235127399 -0.0472132644330985 -0.142424001833172 0.0188744079269704
0.0515143661374343 -0.0734675988529855 -0.131145441140476 0.082907310358948
0.0130122159754381 -0.0847967318204063 -0.0777297514565266 0.112911902856555
-0.0208787799040632 -0.0798448241959929 -0.02976671172866 0.108569748649621
-0.0312711720362193 -0.068637544625028 0.0076426411581794 0.0915612714741403
-0.0482676939123873 -0.0692173367037186 0.03676954909599 0.0612570656655976
-0.0368198366260163 -0.0939437780919256 0.0615094889941098 0.0385666740269311
-0.00558792050510338 -0.103926596695888 0.0789406865392676 0.0220937985913096
0.0379383897471723 -0.113939521861035 0.107648132326666 0.0237995143756445
0.0884022110304343 -0.0871197667098644 0.12476113967518 0.0503999308139394
0.12562959431554 -0.0316782274379228 0.108469807770648 0.0458266474570197
0.151298233897639 0.0135663790843813 0.101012628672214 0.022616794614326
0.14909484288386 0.0576598412534207 0.00224980646138228 0.0690738710724471
0.151097730549233 0.044893104293389 -0.0352296583693891 -0.0353501293044301
0.149572771176606 -0.020557965025933 -0.118870849679643 -0.0280751922045815
0.12489605510522 -0.0812858665616739 -0.147193056141546 0.0185927011757645
0.0726615249316432 -0.110577008965097 -0.11734260650521 0.0685842990813482
0.0216355273748167 -0.117997155609107 -0.06927632609892 0.0827576048506935
-0.0233460507640295 -0.107916120056754 -0.0341419281327395 0.0709293962062135
-0.0341085603850543 -0.0916020723000311 -0.00560703968669532 0.0543564524882262
-0.0505333952901373 -0.0916144683618493 0.0202574480327451 0.026410577192707
-0.0329282886515232 -0.118648992411131 0.0455459411188107 0.00423290786277648
0.00520698148393347 -0.128010956822726 0.0709587630058675 -0.00993595886981993
0.0598957240145914 -0.137728772078531 0.106413174658304 0.00311605686060598
0.119725461853955 -0.101270832992873 0.117155034113893 0.046754352701548
0.161289973065769 -0.02537023780498 0.0765207705764676 0.0473363276997644
0.184624125409339 0.0323454357339897 0.0463475367277837 0.00482307400880348
0.160016608771034 0.0682105592769698 -0.0569188934316312 0.0321294655565788
0.177941779354106 0.0497864937238801 -0.0800595462746312 -0.0556006082770596
0.181651865932923 -0.0317990831678341 -0.135629580566094 -0.0353859029541009
0.144399518207086 -0.105264055480322 -0.142000402864355 0.0121682421204658
0.0782784543018923 -0.13176676712606 -0.0986506500300992 0.0400243709363523
0.0224810209602183 -0.133416004278291 -0.0620479395752716 0.0399077370772164
-0.0233207575247688 -0.119402932323864 -0.0399606454003556 0.0245719521986862
-0.0317647406603974 -0.100686148781248 -0.01879496433867 0.010002162592024
-0.0423380424660298 -0.101588720179338 0.00536259645820952 -0.0152729356850626
-0.0187481307986132 -0.127540547351732 0.0325295508787356 -0.0335461681043833
0.0237017407072344 -0.13336696229686 0.0651342773333403 -0.0433019094793704
0.0823938163132968 -0.135664251788082 0.103255384500094 -0.0157731599723015
0.138667058582086 -0.0918904080522173 0.104124623336616 0.0429271825901186
0.172951843418412 -0.00534379427096544 0.0431203177032788 0.0478590654897905
0.187594818923425 0.0507335915835725 -0.00927773289511124 -0.0149429930584854
0.145206029048408 0.0655961637410095 -0.11426994193651 -0.00428055728464829
0.170511245617663 0.0448336070650763 -0.123661658702442 -0.0657513124462049
0.176341537056748 -0.0366060075801518 -0.144317651797373 -0.039681735797528
0.135234542172579 -0.108649546606637 -0.12853935650907 -0.000521767228340949
0.0685501361387077 -0.126876405275903 -0.0815698461644781 0.00403237747025604
0.0196314891270616 -0.125180133122624 -0.0587982574249743 -0.00588208242065136
-0.0203738067947848 -0.110466993069576 -0.0460102994765458 -0.0220635886241213
-0.024723907718736 -0.093845298258071 -0.0285261920428126 -0.0347055768801685
-0.0271348497946682 -0.0970602503457811 -0.00198609786709028 -0.0580194405607437
0.00220719755359856 -0.11771662216981 0.0295494470764481 -0.0719214656441881
0.0438149812781889 -0.116938353283593 0.0681426358802369 -0.0729161417229418
0.0974202776676621 -0.108408670357828 0.10293927834238 -0.0291564807524487
0.140710722851494 -0.0615803529152482 0.0889164643949817 0.0375605699470643
0.160187513257158 0.0236058846819224 0.0132262092468659 0.0407558400789639
0.163855437514123 0.067533642605017 -0.0579935295740918 -0.0403809081219859
0.102988752397195 0.053360898081769 -0.158250363339751 -0.0328004426520253
0.129409437748561 0.0365786850585985 -0.15634153988812 -0.0649928241292911
0.135862510477454 -0.0299913052146218 -0.143791842441124 -0.0417135485091523
0.100866415295848 -0.0856792628716698 -0.113711772185564 -0.0160632656741266
0.0499161488247182 -0.0943395053355753 -0.0707214008484952 -0.0293642499272651
0.0160193131007959 -0.0939903591939216 -0.0610684750629439 -0.0453892892370085
-0.0125642089625738 -0.0842310431863204 -0.0522217017998353 -0.0610639772892347
-0.0138105261685614 -0.0732110337228043 -0.0320698114168881 -0.0733963711347885
-0.0099039204596976 -0.0781596254102278 -0.000940664491731841 -0.096259605928633
0.017995875176469 -0.0903162248763255 0.0390656573494163 -0.103798332796335
0.0532998423101109 -0.0839051823548277 0.0831256813572314 -0.0927508037551228
0.0950521161375432 -0.0673636288884457 0.107701694637209 -0.0340216521140632
0.120451483371805 -0.0227350562819308 0.0763703558441894 0.0298054484697407
0.124330430340733 0.0464940064004008 -0.00720495127412278 0.0253624696750321
0.116134558958835 0.0733560153797043 -0.0903364540958575 -0.0685997425919038
0.0411981355748188 0.0374059269537514 -0.18026397606688 -0.0515390963138918
0.0649008959122527 0.0301932714850883 -0.170574388747589 -0.0576468342604552
0.0736707942020011 -0.00958695589972603 -0.137210080855288 -0.0469682207867932
0.0552152638714829 -0.041128497391158 -0.103732591728568 -0.0309465056168018
0.0301414220247017 -0.0431709412370797 -0.0694493673893048 -0.0523563354954194
0.0161254180533079 -0.0466390086330463 -0.0670834346755341 -0.0683816023915718
0.000549131225653565 -0.0458731095525906 -0.0553417118992405 -0.0851936388467311
-0.00130532675767437 -0.0414762138545786 -0.0312222565897105 -0.10024984788725
0.00307612860880053 -0.0457121190265352 0.00723922568825591 -0.123237274300761
0.0209716139306664 -0.050585433786841 0.0573749579015107 -0.124573159245153
0.0427373725981881 -0.0450465228092466 0.104091543647743 -0.100188907745632
0.067313059091747 -0.0299456479182653 0.116512256620468 -0.032312428837884
0.0805610062532256 0.00383848245397185 0.0706004790208962 0.02105954295752
0.0737492408537547 0.0523498990509412 -0.0138864241705723 0.00771904039294682
0.0563179653780568 0.0622089873683997 -0.103529170883946 -0.0920852646791729
0.0108036216882588 -0.0282550457156884 0.128136114736828 0.101377994419232
-0.0200890427213615 -0.027333597186155 0.0490748924836999 -0.00659441916691763
-0.036892931124136 -0.00996367665545551 -0.0650975249267464 -0.0304652728801121
-0.0264726062823126 0.00831995468397534 -0.12894695479309 0.011416678124515
-0.0191985541621435 0.00753546835041784 -0.139519050569763 0.0977901023868436
-0.0178572157165259 0.00519574426935296 -0.0793186260467514 0.142998645614476
-0.0146933019545158 0.00566903944599967 -0.0133549966258626 0.145011956870863
-0.0142468749860913 0.00398030024830336 0.0340969088808117 0.129082669006972
-0.0212634851659719 0.00259293294633336 0.0636773532278214 0.101363110202258
-0.0261683070510333 -0.00592880094760219 0.0860053740137778 0.0811474970271933
-0.0224327945765133 -0.0121318047539111 0.0902250323319694 0.0651675931845543
-0.0210312870559982 -0.0197391467559125 0.107066772025373 0.0561867555452635
-0.0137616031049299 -0.0251825164892574 0.137404196832504 0.0610076738975209
0.00246701033310485 -0.0303656353335552 0.155135728047768 0.0598380059799034
0.022189757089136 -0.0230631059308552 0.177446172829448 0.0547858068671468
0.0696196619919721 0.00348108294677365 0.10090854211131 0.112168932515832
0.0432131116835104 -0.000318700007004138 0.0300714982831958 -0.00196818479029275
0.0282421819288302 -0.0115909693757489 -0.0791144329125194 -0.0224321135641522
0.0287622482861617 -0.0198502987188437 -0.138683759078058 0.0160371491619913
0.0175789867180395 -0.0357402932670564 -0.142230166817284 0.0954274194378856
-0.00302765486604112 -0.0434902109031909 -0.0837612768665982 0.137718783548729
-0.0198704110261107 -0.0415907691973593 -0.0231988526191177 0.137916960349813
-0.0252698344992388 -0.0369401662869387 0.0233701803987833 0.12142270060069
-0.0384163429993292 -0.0380637384184686 0.0547461838311831 0.0906708799712966
-0.0343310446808841 -0.057197469357786 0.0785489620543625 0.0676659617405519
-0.0130221994984293 -0.065741809111256 0.0885181681210241 0.0507777311057623
0.0141949456104695 -0.0736403583844128 0.109630676546258 0.0438309217696812
0.0450734168871132 -0.0603265442783545 0.135063100302569 0.0568141769318616
0.0740315569423096 -0.0311681154314008 0.138100052957712 0.0493387707077468
0.0977705763289598 -0.00437597233854744 0.15207044909595 0.0402916367873473
0.120389475390278 0.0358107619218615 0.0587158429201408 0.101026920678971
0.105832744541513 0.0272325728221677 0.00174967454957914 -0.0150919203312566
0.0961054528018293 -0.0142460564488421 -0.100991805950657 -0.023712308453403
0.083844084292152 -0.0505994468842263 -0.148420983714673 0.0194430921314396
0.0517787601251461 -0.0786899454707634 -0.136712944918534 0.0886827548572009
0.0116663569247879 -0.0886898137883212 -0.0800939790971794 0.119309442303337
-0.0233617482402157 -0.0831635479470612 -0.0298423229243146 0.113934809767611
-0.0336360852142187 -0.072235976234181 0.0103612621257185 0.0960547860510361
-0.0505644814789629 -0.0720631529852121 0.0399352831448855 0.0653910679019688
-0.0397750551355845 -0.0980514441165125 0.0656350679692715 0.040239975478492
-0.00737045284001269 -0.108522369952014 0.0836848509609938 0.0233590217940826
0.0384917674608332 -0.119430248903204 0.111517844204882 0.0234871474075155
0.0907297931777619 -0.0929221439159997 0.131150565428564 0.0512216387076781
0.13093681637322 -0.0339824944917132 0.113565590768741 0.0465445476565943
0.158037662997817 0.0128476928955219 0.106283825317137 0.0233361789816731
0.156131052765346 0.0592566097970823 0.00416853286930027 0.0713609194717986
0.159013654315974 0.0450130262267905 -0.0364836382078655 -0.0378674005505621
0.155172987321882 -0.0242984010822181 -0.123174651482501 -0.0294440740671177
0.128107641936384 -0.0863811079828081 -0.152816329985878 0.019707419148387
0.0737728961396721 -0.117579062804886 -0.122700848219911 0.0725601591060663
0.0197535867084102 -0.123512528235129 -0.0720028530412957 0.0860542972740966
-0.0253745257640405 -0.11278544973116 -0.0358617533395727 0.0751281306718273
-0.0364953166204281 -0.0961212378206638 -0.00547381173964395 0.0572818825995768
-0.0528472296883062 -0.0956345998026149 0.0220223247233793 0.0280230288105047
-0.0360478254655418 -0.124132658351073 0.0485329030618011 0.00507974238843773
0.0039207279813805 -0.134420674069718 0.0745692096055884 -0.0101164352545832
0.0611435563409362 -0.144434692056581 0.109879626533435 0.00161942844470901
0.123591095812991 -0.108960557020629 0.122731461279873 0.0476285927363879
0.167720009918809 -0.0273554211383564 0.081440673929834 0.0487571221285779
0.19227673847295 0.0307536870827479 0.0492651297212038 0.00591825787529503
0.167875952288476 0.0696962344455542 -0.0579403743914079 0.0332902619450166
0.1870526526377 0.0495398807230576 -0.0825615192511452 -0.0578936974413114
0.188712044470488 -0.0359593305208759 -0.140628623867248 -0.0366514205264446
0.148472248386846 -0.112685877117174 -0.147495145832764 0.0137405889516126
0.0788225374250057 -0.139773208494596 -0.103853824991904 0.0426777475963799
0.0205121893212734 -0.139828575121651 -0.0648460395537566 0.0419791565062655
-0.0257786691718371 -0.124393873749316 -0.0423363835957637 0.0273208325971765
-0.0347099118264022 -0.104750957392348 -0.0197911074840411 0.0117405289327029
-0.0449650933858535 -0.105558843108584 0.00555699946730008 -0.0151552737954775
-0.0208289811890743 -0.132877648229053 0.0339554423445891 -0.0352259582359694
0.022648772704136 -0.139318966738857 0.0680328807206537 -0.0454838823737855
0.0843352617675119 -0.142913921145832 0.107148934361438 -0.0179941253955929
0.142988596632476 -0.0989493081170838 0.109352564647955 0.0433401433833164
0.180762796332323 -0.00693326587761717 0.0465021505869072 0.0492520022057095
0.195632753285925 0.0501553204446714 -0.00999391016939343 -0.0151548665304209
0.152268642525503 0.0669083968678519 -0.118778043718115 -0.00516510761027701
0.178503981275291 0.0441668733157852 -0.128142729736174 -0.0685206256949283
0.182677039361393 -0.0412316543776041 -0.149330326296316 -0.0409800048212442
0.139289290611645 -0.116426318458072 -0.134058367515352 0.000185412305905592
0.0695492004880652 -0.134620756559238 -0.0858769054590791 0.00460129380514115
0.0176526574777716 -0.130665315282154 -0.0623674299498263 -0.00674492284841794
-0.0230711806849656 -0.115205715965493 -0.0501236266156156 -0.0216763478085399
-0.0267645872289798 -0.0980369112220911 -0.0306467711022793 -0.0349407651941026
-0.0287525611610243 -0.101159667885341 -0.00385726892901099 -0.0607043853752972
0.000346378420150686 -0.122924526444744 0.0303889996985335 -0.07537962747151
0.0443408750383686 -0.122351249353853 0.070985880071023 -0.0760918233864102
0.100793279472292 -0.114669826218462 0.106918908845921 -0.0316894333805938
0.14501532840206 -0.0663717674003538 0.0938651436110676 0.0382660552643
0.167486789959522 0.0229636564933788 0.0152189220761675 0.0418100155364264
0.170353035209333 0.0676955463422483 -0.0603291035610218 -0.0410114157674767
0.10838554575078 0.0539364009303268 -0.16566052399427 -0.0346441824052655
0.135261142380174 0.0360857848770237 -0.162717574773604 -0.0673036364235085
0.140891930380977 -0.033484160696289 -0.148626710628363 -0.0428787189971716
0.103947768842358 -0.0915749102393743 -0.118442421076289 -0.0159344425074498
0.0508192858443549 -0.100537043423794 -0.0748952349954402 -0.0312539806912779
0.0149371694422646 -0.098719498656555 -0.0652151051572646 -0.0479354162477632
-0.014161915402727 -0.0880291518935699 -0.0567990332370264 -0.0628451301213451
-0.0149694821192601 -0.0761919751888312 -0.0360690039746609 -0.0758114962928954
-0.0110095213421072 -0.0815595858387468 -0.00246147177902044 -0.100094394161684
0.0179469264715922 -0.0944349191526034 0.0399350069436033 -0.109382360440628
0.0545432126410257 -0.0886341040250851 0.0857499012322674 -0.0969050968475674
0.0983169253420076 -0.0718805331871655 0.11223712380253 -0.0371939411687189
0.125259250670255 -0.0258634346928923 0.0807442808446148 0.0300511338693438
0.129972947829948 0.0477010032079283 -0.00653496468937791 0.026660302813633
0.121096624528605 0.0742090803549127 -0.0948067542164844 -0.0702000967059043
0.0432633678091456 0.0381041271321606 -0.189509285946006 -0.0541386866007992
0.0678545492448878 0.0306253457781226 -0.176709461879618 -0.0594507469875492
0.0763976234085059 -0.0116147717658248 -0.142733090905459 -0.0477804444318514
0.0569273858768963 -0.0441760466480737 -0.108589102849821 -0.0318880808162972
0.0303904426584964 -0.0460724523432225 -0.0734716029965424 -0.0546302057702488
0.0159051558598767 -0.0490669941239151 -0.0712002039763064 -0.0714487544958672
0.000426258533341826 -0.048051745075268 -0.060249168003828 -0.0876548198741159
-0.00186705185531716 -0.0427575375365151 -0.0349720109235255 -0.103689805923478
0.00295102097029813 -0.0477623298794713 0.00555077594806787 -0.128548728280022
0.0212069382407307 -0.0525518617143034 0.0596415657837967 -0.13116581600055
0.0436242556458853 -0.0476402400312652 0.108529275898061 -0.105216097348569
0.0700034904194251 -0.0323392029109907 0.120987703477136 -0.0344513518960885
0.0831844854595532 0.00327081737008862 0.0747040304143679 0.0216629579678557
0.0775067071871181 0.0535464703590184 -0.0135043342983398 0.00821578411778788
0.0587494147281157 0.062863852338202 -0.109047364613393 -0.0944863742952399
0.0186841890938084 -0.0271151603058031 0.112246836739842 0.123780357533518
-0.0144949332457673 -0.0320321952580213 0.0499316200633693 0.000150760483159859
-0.0357318164119987 -0.0155490753781755 -0.0633931576987467 -0.04373135360108
-0.0281164360098402 0.00605046052144481 -0.13742056468304 -0.0109221053523357
-0.0196503254139547 0.00700911193770914 -0.160658695351552 0.0786105947701742
-0.0182280855034621 0.00371252389769365 -0.106202427528544 0.134670196654024
-0.0159789547578314 0.00310478064466818 -0.0380745062135736 0.147367524257931
-0.0140839925110593 0.000903643949362549 0.0143875464072246 0.139064438348168
-0.0220747402224869 -0.00206151274418259 0.0511074863899959 0.115868668384331
-0.0245622031328182 -0.011071260189923 0.0762153120559235 0.0971973898204402
-0.0189113854302839 -0.0164287859433345 0.0825506760604643 0.0818369198695334
-0.0172738738461577 -0.0223953293829447 0.10073464061114 0.0765468544619181
-0.00811962481158162 -0.027675352032896 0.130516673298038 0.0853700620311275
0.0115069400143996 -0.0283499982721582 0.146019317338098 0.0881780877494948
0.031218838814585 -0.0192804886636028 0.169842376058351 0.0915392463227586
0.071751753721088 0.0166867995757355 0.0852828783400701 0.131520936896255
0.0441765182561825 0.00655559089858138 0.0318083915882007 0.00220375224838543
0.0297042158187735 -0.00574126917408546 -0.0747983135238358 -0.038545704905288
0.0311444609679589 -0.0124291621581323 -0.143164986153764 -0.00890755374390221
0.0249142879248762 -0.0299350224664259 -0.162009623384425 0.0732469799341369
0.00545674685879511 -0.0427928695693051 -0.109555897361544 0.126319403140058
-0.0130373689841304 -0.045673985112241 -0.0462875314393507 0.137997295633276
-0.0179060034438368 -0.043261094091527 0.00518231983229691 0.129861361647365
-0.0320551265842368 -0.0469862360008141 0.044120202891634 0.104451347172688
-0.0237625044544575 -0.0652668882168675 0.072194816342915 0.0836165337813096
0.00146001430154263 -0.0695540771777198 0.0824796924628634 0.0697782139337306
0.0288079439505886 -0.0723368693208942 0.104868129819909 0.0687352374536999
0.0599607506383579 -0.0512975916144497 0.127037467399351 0.0808801349589718
0.0839587094945872 -0.0156317438674525 0.128602930931955 0.0748383725338021
0.105831185190648 0.0160563370662275 0.144184556471909 0.0684663465908082
0.115736207592595 0.0590896441875472 0.0468816762388439 0.114084414849198
0.101551648412977 0.0451088684930951 0.00731728567707209 -0.0149860905131241
0.0970005069865046 0.0043148891197942 -0.0919755367639088 -0.0430564851807635
0.0909691224368692 -0.0345523557918947 -0.149597761823552 -0.0070483460093778
0.0668335625236092 -0.0675666720890297 -0.153775690598291 0.0645779326993275
0.02797544099745 -0.0865982281710348 -0.102700152071868 0.106480934091689
-0.00906187008235354 -0.0881361824187876 -0.0489910464848093 0.110555831895527
-0.0192048237182727 -0.0807452343076696 -0.00497237529572568 0.100829608739308
-0.0375396955411717 -0.0835112812249473 0.0332979778132854 0.0745775560052161
-0.0226293889480553 -0.10806777970903 0.0638685766213761 0.0541224431004211
0.0162352133576937 -0.113460391025643 0.0818558871085298 0.0420704273750791
0.0630129211868779 -0.114620135173566 0.109506684930364 0.0510907513148
0.113473398698589 -0.0748727830592986 0.122614568353948 0.0756544202343188
0.143086138636498 -0.00706899214610233 0.101156777459284 0.0670464313466444
0.165215562731472 0.045594937217184 0.0976561095353315 0.0406299859659669
0.14603387988393 0.0894313314327606 -0.00221218049911933 0.0758475764428628
0.151107223073272 0.0728802661825344 -0.0257808998726896 -0.043849197333959
0.158199107321556 0.00545162094763846 -0.110376673941159 -0.0530195561112434
0.140918536848172 -0.0621404363201819 -0.150965013894392 -0.00839100308750834
0.094605246254182 -0.102771864825568 -0.134799583161602 0.0476669814541327
0.0425834012502863 -0.121533274037372 -0.0886430209163984 0.0734767731205445
-0.00645393219303567 -0.118509939395538 -0.0484576806333844 0.0686584881820357
-0.0173564735155793 -0.105479233047697 -0.01538174894373 0.0588571306219316
-0.0353915069887936 -0.10752593012486 0.0206513920175863 0.0340404881649566
-0.0140118025801391 -0.13467245995588 0.0522335612749208 0.0157626110417292
0.0327464610428797 -0.137668924199548 0.0782057509811992 0.00710288927197424
0.0906963604967166 -0.137017071229569 0.110715244948116 0.0293928758369918
0.149417964654577 -0.0847498757286658 0.11471515704173 0.0704427089176912
0.178722876448788 0.00633047790843632 0.0668633500327815 0.0635290890967367
0.196886037246804 0.0715835985011257 0.0409905967040944 0.0100011704057332
0.155099116815725 0.102963582232491 -0.0576607310259703 0.0262149163400313
0.177087747177121 0.0831165419678682 -0.0679967136883717 -0.0724253257579149
0.192640374316751 -0.00039990685600237 -0.124208068678427 -0.0642909689060888
0.165549664186108 -0.0852333763161287 -0.141246530597225 -0.0155848075761396
0.104388416904852 -0.124660927508717 -0.110157544769224 0.0178488122825268
0.0459927968222268 -0.138065734954692 -0.0737280005488431 0.0283043039454746
-0.00462980010611829 -0.130519066507492 -0.0470987139178015 0.0176254909155
-0.0137860397766808 -0.114090494508586 -0.0218977136638191 0.00911053837884403
-0.0252218129249385 -0.115844715921434 0.0108397689722783 -0.0135269731889812
0.00341641037216746 -0.140517515871173 0.0442730481602297 -0.0281680443342024
0.0531164298376552 -0.139306413522957 0.0763174949820962 -0.0297976281357021
0.114008576273572 -0.131800278834686 0.109978340061851 0.00916892722364826
0.167288685688806 -0.0700731994939368 0.101449312802291 0.0637898454570695
0.187501455171885 0.0294955049981279 0.0311206431106095 0.0573334509295064
0.195329279748485 0.092873308499787 -0.0152678394995106 -0.0239497521362882
0.138460104305845 0.0975101303229005 -0.11320672853167 -0.0231168238489506
0.169000945963917 0.0774892949949208 -0.112844100240483 -0.0909109916005877
0.187546876076575 -0.00587721950235086 -0.133030613482319 -0.069641052019137
0.156056142680343 -0.0908961039611811 -0.126354567360122 -0.0269432464914319
0.0929125291222026 -0.12160052725812 -0.0871370891159408 -0.0180988487504032
0.0411653989391232 -0.129929765473636 -0.0633775242530464 -0.0213906937194419
-0.00316426375984949 -0.120446055448383 -0.0470892289680258 -0.0337586936308951
-0.00739353793020741 -0.105323736733502 -0.0266369584918862 -0.0410645726764623
-0.0098984982159033 -0.108603465439131 0.00782896564801519 -0.061276714033351
0.0235985060234256 -0.12642703804916 0.0459255891567752 -0.070298747592748
0.0721453909989102 -0.118127713176484 0.0833505207710911 -0.0609533020739149
0.125455993503546 -0.100109470510639 0.11050427754292 -0.00500593471002117
0.162155149355514 -0.0368225179664553 0.0864493600212698 0.0555070180144825
0.167653085982369 0.0567675067925737 0.00168792113812805 0.0440528756423171
0.16407381015035 0.105293144249351 -0.0608684871005337 -0.0604722703346337
0.0954046071510705 0.0763062343826075 -0.157611635057951 -0.0623209569430987
0.126805289652047 0.0616069986896584 -0.148942344725665 -0.0966002531242116
0.145030140012049 -0.00605529145959076 -0.134559787683693 -0.0714008514497706
0.116632741327445 -0.0723918325367243 -0.109837267047797 -0.0401048756306885
0.0676037002815619 -0.0905174562044733 -0.0707999232067675 -0.0510001528453998
0.0315233224402956 -0.0969982632276141 -0.0596689372292147 -0.0628267046746756
0.00142313882903958 -0.092316535279453 -0.0483586325506918 -0.0760520916192182
-0.00032036548779405 -0.0806829437671983 -0.0251697097550365 -0.0832110641340006
0.00414307201352497 -0.0850339893783041 0.0142839513671086 -0.102585627034951
0.0358312210549004 -0.0939223915814481 0.060376969890978 -0.104465692243084
0.0748705820074739 -0.0810058725375392 0.102149885470375 -0.0815232000971286
0.11537896105993 -0.0564200327378381 0.116742682299756 -0.0123054098156219
0.132951073484627 0.000971959789612111 0.0748366304068355 0.0451385964852605
0.124120064448582 0.0750843487192562 -0.0153961405767361 0.0235669579257871
0.110784203869593 0.101353538565422 -0.0881521949104456 -0.0949308590703728
0.0328025957175033 0.0481867986269213 -0.180186093097115 -0.0872616429147461
0.0603183748999062 0.0445090126499514 -0.166880226719986 -0.0903971044173964
0.0763423136188585 0.00365063664308996 -0.131845302708692 -0.0734694073402582
0.0620524517045453 -0.0333942815744476 -0.100725542230758 -0.052600534168034
0.0379239971180698 -0.0400574803910503 -0.0654230318470483 -0.0723795726279048
0.0239778354020044 -0.0465659667813964 -0.0623040969229013 -0.0870877626598854
0.00872996798043126 -0.0489638209336716 -0.0478810367105044 -0.102147789510758
0.00627424137750937 -0.0443298113642015 -0.0198445830801665 -0.112149938288912
0.0122055638548087 -0.0477459232189031 0.0269462815691091 -0.131458029710694
0.0313102449420078 -0.0503530393872872 0.0830995671880408 -0.124061303383423
0.055679026590703 -0.0407488141845274 0.125959391526927 -0.087559768595353
0.0794761191929887 -0.0208218159545132 0.126282216424521 -0.0108787150657105
0.0845143327860833 0.0220736965108102 0.0711398132345362 0.0339642831168343
0.0683740345859285 0.069810097098273 -0.0179666833711152 0.00373942801931299
0.0468846681677261 0.0764895683855024 -0.095076548081841 -0.120582365826968
0.0163472028582942 -0.0276917171850324 0.120274731395288 0.115244295214482
-0.0163541897252237 -0.0304997254452822 0.0487220261519759 -0.00432005528436813
-0.0364355368419069 -0.0131410730254315 -0.066328913873086 -0.0401474078804359
-0.027738327296707 0.00747090355453364 -0.137227792884938 -0.00269034261851588
-0.0187074284642197 0.00833516073867691 -0.15400138515396 0.090660311846991
-0.0175672511455327 0.00572098849498684 -0.0964168544637167 0.142639749424327
-0.0161317115843607 0.00412781861381416 -0.0270965392667483 0.149355177268079
-0.0145138171912441 0.0014347940683234 0.0264605246036733 0.138030848427781
-0.02256915604619 -0.000898494521002807 0.0614565158693556 0.112737480600747
-0.0251632051988657 -0.00973994120617395 0.083628208852257 0.092263089259377
-0.0193409841958477 -0.0149852400669399 0.0875801024791255 0.0761259856361646
-0.0188623665510985 -0.0211820841711647 0.105258272074083 0.0698619459189662
-0.00975219005850774 -0.026981878586694 0.134626464302442 0.0747027384380189
0.0102254440572121 -0.0290356796962221 0.149969678932394 0.0770306313510935
0.0296124866786284 -0.0211229652067357 0.176449738073408 0.0797465012090548
0.0715195370396371 0.0122382081664984 0.09471755604773 0.124441578081917
0.0449217186661195 0.00328897984019009 0.0314556561189637 -0.000613444199846617
0.0288829101087623 -0.00825389172792231 -0.0770061485358748 -0.0343661272175908
0.0293598442970312 -0.0154138516239464 -0.142619550431866 0.000705297994383698
0.0216277996815017 -0.0319149399041104 -0.155921369892644 0.0847204177049964
0.00209752277656465 -0.0430721049493333 -0.100376810081184 0.13444779605313
-0.0168929370731322 -0.0448697317960136 -0.0360335813886787 0.140960049554515
-0.0211324301207953 -0.0423932219889172 0.0160142055586483 0.129272597814955
-0.0352139931292835 -0.0450654897287659 0.0529753514890518 0.10039373763783
-0.0284449951195591 -0.0635341392049818 0.0787397191179836 0.0780980183779361
-0.00345833054518559 -0.0697581836802459 0.0873029500172194 0.0644207222036189
0.023604324262829 -0.0737246549641284 0.108504274505563 0.0610818703711883
0.0553940725230988 -0.0558653094179243 0.131813423982177 0.0713171834838052
0.0830697752482864 -0.0211843359639062 0.132255996810604 0.0646015347535001
0.106203270580504 0.00797087362046534 0.148125678174302 0.0590228236609464
0.118587582415047 0.050971885076052 0.0553639966008857 0.109851821082825
0.104920502952672 0.0378664408510375 0.00645660920392406 -0.0159119798361775
0.0968094925407163 -0.00352705136097757 -0.0935309998172836 -0.0378554442971011
0.0874316851388354 -0.0410481649150283 -0.14914648010521 0.00309648824807483
0.0599356656651786 -0.0727627607770638 -0.148445872462776 0.0759723304141179
0.0210706531481423 -0.0881074834326163 -0.0951946783993702 0.113265236587051
-0.01587944377127 -0.0875968087112088 -0.0405185814375009 0.114779035621441
-0.0251550938746338 -0.0794403059943974 0.0036809419905535 0.101561830920777
-0.0435907531815296 -0.0804536516420153 0.039947239083752 0.0724535721598675
-0.0303532074193918 -0.106305163317441 0.0683375775415932 0.0501258535412367
0.00746444064988048 -0.113988541173096 0.085720973275068 0.0372944668610938
0.0542648722346478 -0.119132374316605 0.111711219181614 0.0428519970044627
0.10640793183287 -0.0836406921678502 0.127858498462611 0.0662031598225121
0.141593430543362 -0.0171899493057258 0.105171504599562 0.0594474812293082
0.166875225619252 0.0331641425282027 0.101086904408796 0.0342169238683475
0.151442697473854 0.0784931693267775 0.00470253074103691 0.0746294052708437
0.155826076008818 0.060958224580212 -0.0285997351274804 -0.0423118308648257
0.156702984586282 -0.00719090128986555 -0.112133575408733 -0.0465219932425767
0.13458197843686 -0.0732076572140648 -0.149904703530404 0.00118424634168882
0.085308379136552 -0.110716918996393 -0.131817774285756 0.05779199021835
0.0320533551250647 -0.124004659107626 -0.0834438525252371 0.0792207331154372
-0.0152835435386854 -0.117850370480775 -0.043221967017353 0.0734426715568361
-0.025705637201264 -0.104357501787461 -0.00959688466889591 0.0601657368992973
-0.0433967209789008 -0.10456330903301 0.0234701326351396 0.0330944625249327
-0.0236524496809406 -0.132752525289969 0.0537886123838372 0.0113704723276089
0.0221059357185411 -0.139943023178791 0.0791186779911729 0.00204942799548119
0.0799650420717594 -0.143840356123281 0.111559310276892 0.0216431159715037
0.141628733872492 -0.0958573507271602 0.11943041720681 0.0610658544640407
0.178816185021259 -0.00594034316409042 0.0712497221428027 0.0576627563147212
0.199815136551581 0.0558375675587968 0.0418851801290806 0.00760357281009777
0.161116890823892 0.0910912879075191 -0.0550705589931596 0.0287114915739444
0.182560481809641 0.0694283173318323 -0.0720590284368126 -0.06838649403924
0.190386496223549 -0.0151656336828694 -0.126746590850405 -0.056307658420686
0.157142072891576 -0.0981252612500332 -0.141399036730492 -0.00584367096097257
0.092733755794068 -0.132464420071163 -0.109648755573313 0.0264054895315134
0.0348160461061219 -0.140974719847441 -0.0722607239371991 0.0326433483003643
-0.0150290898746831 -0.129843307930517 -0.0464667050281329 0.0226763593237803
-0.0223232988471485 -0.11290635349999 -0.0213999039434379 0.0116761550778329
-0.0340640386448163 -0.113670002318346 0.00968839494821166 -0.0130050854919407
-0.007280545971656 -0.139889759275574 0.0425589412847626 -0.0312486857448902
0.0422365287556903 -0.142353100085607 0.0748098109633012 -0.0341282173636891
0.103582329648529 -0.140579979368244 0.109263928557128 0.00128324498498185
0.160071211873867 -0.0828568900907469 0.105916540802617 0.0558270257740041
0.188331916330143 0.0159988076932309 0.0356271428531191 0.0540427020301554
0.199838305017531 0.0766366587897135 -0.0167259780602686 -0.0216819850739444
0.144041776549311 0.0859771135753126 -0.113818346718513 -0.016055906279304
0.173495867829906 0.0640326264419164 -0.11819652055336 -0.0840762784844744
0.185451918631501 -0.0203422608572767 -0.135701968696577 -0.0610329383361671
0.14746683557662 -0.102544851429766 -0.126623303364231 -0.0182486019025719
0.0820949551743362 -0.128772952052341 -0.0881324100374923 -0.0115613254676993
0.0305927161134155 -0.132852018841525 -0.0653359652750069 -0.0167085714133544
-0.012048672591117 -0.120326638399744 -0.0505349727579677 -0.029167917387329
-0.0150552305176228 -0.104635179077216 -0.0292645093011522 -0.0377207907807711
-0.0183226800242969 -0.107219214282474 0.00333832232857917 -0.061182526924587
0.0137136548227507 -0.127770264813852 0.0410792091007347 -0.0729529447652968
0.0620278290310515 -0.123739789645499 0.0791192413564864 -0.0656091114963106
0.11737410790175 -0.109628457304757 0.109408838652944 -0.0136761893567308
0.157761280691289 -0.0484905771805477 0.0907819991773036 0.0485691684945899
0.170694366781758 0.0450799398875531 0.00555123281064656 0.0431735785587112
0.170178863902229 0.0908304769039468 -0.0649619844053678 -0.0548824837469335
0.100618076502195 0.0690132935543195 -0.162189051576218 -0.0524497596133977
0.130294117980045 0.0515654690401531 -0.153993420820718 -0.0867599735857812
0.142776045836591 -0.0172681966774162 -0.137815028767646 -0.0622769167592399
0.109969831620084 -0.0812890195621009 -0.111289956345762 -0.0322188744167987
0.060048038038151 -0.0960276683481376 -0.0746848277484549 -0.0460987970078574
0.0237760392259522 -0.0994293782232053 -0.065048181940776 -0.0587896565025174
-0.00543948686546189 -0.0916231385284454 -0.0546565287968513 -0.0718917463511263
-0.00604137201105372 -0.0805109821893597 -0.0315945367655972 -0.0800288427887022
-0.00193291644893177 -0.0847315757619706 0.00620206896746931 -0.103051209074538
0.0280253605568962 -0.0961212103061984 0.0526414059804523 -0.108264498291369
0.0687816698652597 -0.0869308278227487 0.0960708924170305 -0.0877194312658533
0.109956746104883 -0.0656150295026669 0.115442343577658 -0.0207020559061659
0.131470045790153 -0.00888811096041871 0.0781269552475418 0.0389699611843292
0.128894562307125 0.0652744837370931 -0.0134014162758282 0.0238924624667442
0.11648259323867 0.0911081299297677 -0.0945965998418263 -0.0877767234806265
0.0355951660447898 0.0454735086467876 -0.186655799312648 -0.0748666191843832
0.063315652173128 0.0396111235345854 -0.17077249397208 -0.0798728293124122
0.0758934988344123 -0.00249752011025231 -0.135040241972192 -0.0643763682350952
0.0585681293218232 -0.0385933388283067 -0.102975262492143 -0.0457853234611862
0.0342055029375389 -0.0428983105915387 -0.0716639128258224 -0.0680941432716199
0.02016372581618 -0.0487284003132413 -0.0694643427155359 -0.0829600910131457
0.00509162025714124 -0.0491249668939757 -0.0570860940964404 -0.0976706193018207
0.00351110017131172 -0.0441141435437111 -0.029342853292322 -0.109351125123743
0.00830356439539026 -0.0481538457772066 0.016172697580312 -0.132432645955006
0.0280718568963966 -0.052588134666727 0.0728557146908258 -0.13039159884139
0.0526656023086084 -0.044984470336607 0.120084516887907 -0.0965896897303722
0.077181485780094 -0.0258924862939465 0.125391890567793 -0.0197334442546861
0.0845600492954632 0.016293545332299 0.0735726107797376 0.0295774947730162
0.0730078536149252 0.0639271338658914 -0.0166550889266453 0.00531677642162498
0.051613079750493 0.0712681422017707 -0.103051761710205 -0.112974017784429
0.0139570380828793 -0.0267300246653439 0.1215600082045 0.104527403553163
-0.0168717864059292 -0.0289652737884845 0.045755003661862 -0.00652197991477506
-0.0355665769038121 -0.010629025084444 -0.0665031353199811 -0.036812408455261
-0.0264088520772462 0.00860930447908275 -0.132235686255881 0.00376863761129919
-0.0176608571213487 0.00883850038097528 -0.142548155914534 0.0956180212492628
-0.0163465673136921 0.00647865722545943 -0.0855958939435558 0.142834863518864
-0.0156364876788845 0.00461018961473954 -0.0181737944081636 0.144617724422742
-0.0137132229556303 0.00129127784607765 0.0335883928916505 0.130650178075247
-0.0216508653473349 -0.000180646469173951 0.0668522123682958 0.104370096002459
-0.0249020645510134 -0.00830837128565476 0.0856844154456595 0.0844867648104898
-0.0191324550241618 -0.0134203760608735 0.0876502727598436 0.0699981551272724
-0.0191874380804571 -0.0193832806684038 0.104168259004871 0.0631492326699812
-0.0109030376424316 -0.0256142612961376 0.13268922115336 0.0649437671825296
0.00961768730509239 -0.028652898136843 0.14624428277158 0.0665024335557903
0.0277343982335689 -0.0219907153016289 0.174667317249924 0.0685774522119603
0.0694467068638289 0.00823875370873631 0.0977417193338877 0.114385546139096
0.0436667618885398 0.000465373464593359 0.0296592628950842 -0.00244759652728107
0.0271628999730058 -0.00980523835550905 -0.0758293348900357 -0.0298380063628807
0.0264948775157164 -0.0166935801254107 -0.137054318962039 0.00663633413707659
0.0189161030159459 -0.0324797631208476 -0.145265861457445 0.0903019678020121
-0.000159923052338984 -0.0409260901623322 -0.0893928379984137 0.134782079544372
-0.0190800410105758 -0.0421129533672363 -0.0268868812794363 0.13752936440042
-0.022872164705613 -0.040029649131127 0.0236258277637969 0.122629662361142
-0.0365274363630105 -0.0414028139627168 0.0579499957047667 0.0939530595468754
-0.0311757214654228 -0.0599212846697988 0.0806062778739614 0.0714365975709702
-0.00661976509236446 -0.066836748107424 0.0879126540237901 0.0581886209412452
0.0191418878949234 -0.0719409690570989 0.106725694931627 0.0531889655753855
0.0499092633239625 -0.0570758819748049 0.129140689921701 0.0610633442055188
0.0798130908546234 -0.0244223987687014 0.129078953973905 0.0550969050126299
0.102439038822021 0.00189902860639725 0.146317995909923 0.050062900689959
0.116849832556265 0.0429283423860612 0.0595726911595225 0.101886510952999
0.103121373273999 0.030396082137613 0.00520583163190369 -0.016154598939856
0.0924727423323399 -0.00883888878583155 -0.0922530263319333 -0.0325541457209531
0.0808827764614131 -0.044555020771892 -0.142565664036836 0.00933769626272333
0.052799686443383 -0.0739413347369776 -0.138868325252932 0.0804029774864244
0.0148886537957203 -0.0858497572469945 -0.0859665462613717 0.113784362427226
-0.0209753437962613 -0.0831807632645886 -0.0328036968719699 0.113197889305612
-0.0289382218376094 -0.0754309698635772 0.0100128421961522 0.0974294215420336
-0.046488924746964 -0.0754597875624849 0.043600200008796 0.0678784542777354
-0.0351462057833117 -0.100630134232911 0.0690630912041375 0.0443755255611987
0.00159319027647286 -0.110217758091509 0.0846585438493115 0.0320422893568277
0.0457071833658047 -0.117742165199742 0.108670469788722 0.0362172061811758
0.0970022894112332 -0.0864650131353101 0.125039136654141 0.0559563140029888
0.136007344284975 -0.0236660414169857 0.103687056338803 0.0507144919211656
0.161824078420394 0.0227014452434392 0.0986588067917144 0.0285128094206097
0.149460616244566 0.068237274811287 0.00886618569914616 0.070819609191279
0.15292969869742 0.0501047053361677 -0.0288773739238484 -0.0399200067355875
0.149911165019457 -0.0159530951754626 -0.109856633342568 -0.0406233088968155
0.124134895883868 -0.0781233722593362 -0.143299164771009 0.00805335265768287
0.0746137895053213 -0.111293204696075 -0.123503731120021 0.0622317712789207
0.0236818354459767 -0.120574232377705 -0.0767950685560538 0.0801157334021232
-0.0215553091998846 -0.112913505975076 -0.0379619603036794 0.0732821140949178
-0.0307519408819524 -0.0990942803003804 -0.00525131195824646 0.058896818519215
-0.0477179771323093 -0.0982522889470717 0.0260687884462139 0.0306604049292535
-0.0303594532711495 -0.126621209615194 0.0533581802350267 0.00848817403290027
0.0140950032349959 -0.136332099808485 0.0768171334519036 -0.001079493054106
0.069561160852981 -0.143421876317278 0.107382583470695 0.0150237984498176
0.129642192606343 -0.0996745609317711 0.117998624298319 0.0523028200939477
0.171852478805163 -0.0150126466449333 0.0709590262252222 0.0513552512139529
0.194162660104264 0.0428480234046427 0.0409776734983147 0.00599391826652784
0.159557038216046 0.0790570396468935 -0.0508961712313709 0.0297853608136395
0.178491514424683 0.0569004654317833 -0.0720267650847834 -0.062903880959727
0.18146040190234 -0.0253226659654762 -0.123891840729149 -0.0491792577152794
0.144245696175475 -0.10309499787254 -0.135979010902688 0.000803026311086621
0.0806172547834205 -0.133002011507491 -0.104128487001902 0.0317024202713053
0.0251226656999618 -0.136908094453763 -0.0685444728900369 0.0348761708872121
-0.0211770053658918 -0.124154003025869 -0.0437852466016263 0.0245554644838686
-0.0277384243607094 -0.107493177368459 -0.0192376552808524 0.0129553716885526
-0.0386634287642492 -0.107262960928118 0.00943199183114517 -0.0129338568808551
-0.015076916309564 -0.134360260349411 0.0396808906227195 -0.0321074250461415
0.0329626209438311 -0.140051678143186 0.0710632641514217 -0.0360317238204053
0.0923223041818427 -0.140876364464952 0.104360237359718 -0.00402700778582
0.148353660781716 -0.0878512964351626 0.104513109175928 0.0470715908673363
0.181965346047791 0.00584388010956595 0.0369646024445358 0.0491001724278404
0.194906974822007 0.062724813444343 -0.016977437177069 -0.019486746613292
0.143477259296492 0.0752602345980409 -0.110608796798375 -0.0109525223520739
0.170044455857319 0.0521281385495449 -0.116448020812765 -0.0765266947864763
0.176438506840749 -0.0304067087772018 -0.132453255834705 -0.0531945261798842
0.135087769456119 -0.106950484128609 -0.122044808423762 -0.011529908825096
0.0706377814023114 -0.128958464301761 -0.0855782164794959 -0.0059962037935209
0.0214546076551022 -0.128832129030876 -0.0652540895739744 -0.0135847553844148
-0.0182541418478008 -0.114910536712121 -0.0509956545613792 -0.0244408750181663
-0.0205850673019573 -0.0998891573488859 -0.0295186063704061 -0.0342582957378293
-0.0232011574400083 -0.101807476833952 0.000407356774599752 -0.0586528519002963
0.0057797638441695 -0.123335690900678 0.0360325838256381 -0.0724551387421748
0.052486294975278 -0.122601879769762 0.074034748058034 -0.0666502896406981
0.106597117394653 -0.112381817832786 0.104004032174469 -0.0192235158732323
0.147826818084105 -0.0548427042737111 0.0903964291162326 0.0414661607816676
0.166528179755302 0.0341675676504905 0.00792022104317797 0.040927118617215
0.166677658361714 0.0779568496475858 -0.0650428321791616 -0.048538080349896
0.100520411465726 0.060295361064336 -0.15857973467333 -0.0432871031316424
0.128142193751205 0.0423816664709807 -0.151601071514373 -0.0768343721578374
0.135451830988538 -0.0247547850202951 -0.134373462787003 -0.054037764199464
0.100177199136221 -0.0846953056333994 -0.107812767810685 -0.0263034339449937
0.0516678682088615 -0.0961417995967009 -0.0742991100192815 -0.0406072438725487
0.0173082099607856 -0.097087478332235 -0.066780973006117 -0.0540704554001096
-0.0110074865653919 -0.0881482947672097 -0.0582471516434356 -0.0653794682091016
-0.0102039300970629 -0.0766989639235157 -0.0348616564679583 -0.0747581337239662
-0.00681424029666625 -0.0812882500929982 0.000459386373558802 -0.0986697648036707
0.0225511860521236 -0.0940019362825049 0.0452973837277357 -0.10729574019761
0.0604771520478838 -0.0874029653924143 0.0884649449101099 -0.0883958792686147
0.101753591768669 -0.0690593503679462 0.109351945543287 -0.0260930979678637
0.125244313414798 -0.0156391452747003 0.0778502300141271 0.0331761808814441
0.12667963554692 0.0553308511742577 -0.0107768925206787 0.0237772468141342
0.115202351036657 0.0803737135628537 -0.094882496209454 -0.0791082209164048
0.0370323084554027 0.0412043114233827 -0.185112831299697 -0.0636646107453268
0.0623735829892494 0.0341247675302595 -0.167812800892233 -0.069261657324761
0.0722225825327265 -0.00637120111580538 -0.131946801419093 -0.055523702683838
0.0532326209318372 -0.0406533915751427 -0.100590389603926 -0.0389133810669685
0.0302677864768063 -0.0433345814337374 -0.0728983310263775 -0.0621760501973069
0.0161258857390778 -0.048074527090097 -0.0723945118486647 -0.0762480668461733
0.00215934239451418 -0.0475133900195606 -0.061042371477621 -0.0908985446042338
0.00126285225021439 -0.0422483541254759 -0.0350939755823896 -0.103310117533439
0.0053283998048232 -0.0468649787309866 0.00884827440867713 -0.127589045672157
0.0246035928825843 -0.0517698446249053 0.0633778350576488 -0.129548410397687
0.0473905134452516 -0.0466093373087002 0.110087597376421 -0.0979521404391559
0.0723640798843101 -0.0292006124382477 0.119441813942632 -0.0257923768229427
0.0819852286538676 0.0111749563415478 0.0724787328854681 0.0243871397488828
0.0727626185715497 0.057574801437252 -0.0150079535480233 0.00550007328969318
0.052167839872833 0.0646593612660918 -0.104866311045851 -0.102695115622798
0.0123551663829488 -0.0250424643969476 0.118347956800617 0.0974373991917388
-0.016029979406142 -0.0274275653085274 0.0432247816724857 -0.00694791734238417
-0.0338756233428856 -0.00949561089636745 -0.0646085118417399 -0.0341798639906091
-0.0249166910824137 0.00906314523959104 -0.127007002318406 0.00458881598204771
-0.0163806080484856 0.00867961235196208 -0.134671243689103 0.0939788303379192
-0.0150581922737848 0.00659236032291061 -0.0790865453119447 0.139207566005867
-0.0154256064249913 0.0043164544416569 -0.0145561229270279 0.139226551410693
-0.0141199326220542 0.000946930280934688 0.0355901264851967 0.124212950865877
-0.0210141890274531 -0.000120630364980486 0.0668973703736357 0.0985429997115115
-0.0236130409661156 -0.00769404639302129 0.084014744050235 0.0793790846852651
-0.0180799567735943 -0.0123486131270196 0.0857988658764662 0.0660495881478086
-0.0183741727634211 -0.0180222701680308 0.100730860281678 0.0593981430633348
-0.0109264165296286 -0.0245747278077416 0.126323738619357 0.0598793485028027
0.00954648080430883 -0.0277831115796571 0.139367998579019 0.0617976839956628
0.0261421817774342 -0.0208443701994115 0.168938465089314 0.0640534522781084
0.0662284573674527 0.00733390378589588 0.0959617831766377 0.107601854529518
0.0426136611922693 -0.00102557564906387 0.0283300775952297 -0.00304198625253575
0.0258053214602193 -0.0105043757511243 -0.0730158607097579 -0.028952905965855
0.0251209280900776 -0.0166043116790411 -0.131667313828786 0.00777621824840542
0.0169514306545901 -0.0316373717277394 -0.137366266102394 0.089528516440527
-0.000984479241281974 -0.0390895412548112 -0.0828885616460658 0.130833661715759
-0.0198057113152897 -0.039939472445427 -0.0229885634406932 0.132161837177344
-0.0230405748618063 -0.0387253594554516 0.0254884716413074 0.11675260049158
-0.0357758095275 -0.0395484357220367 0.0584006913461947 0.0888552040595371
-0.0307227772229451 -0.0573064802421189 0.0788556174036983 0.0674675779386771
-0.00743087721933619 -0.0642824658781186 0.0852179419819644 0.054278715198276
0.0171256515751201 -0.0695468772317634 0.102609681306729 0.0500038593278422
0.0460187096685811 -0.0551065588197376 0.123655809383951 0.0557671368229484
0.0764051769175147 -0.0247946183641548 0.123070954767962 0.0506688454199313
0.0974853135266923 0.000380537804783133 0.141137853485724 0.046175555770256
0.11223465569571 0.0397423388123817 0.058944811135381 0.0956883429071374
0.0997414594782893 0.0268886375161169 0.00508367236306971 -0.0167524069208612
0.0874663085846943 -0.011009378805575 -0.0884869021779891 -0.0312028520383663
0.075910606969058 -0.0451549341978641 -0.136285127331016 0.0104059734572884
0.0483256734931445 -0.0721612289992336 -0.131153884445473 0.0795422444361594
0.012620185566491 -0.0826130816119643 -0.080358974647545 0.110681603603377
-0.0218858720198302 -0.0793739690186405 -0.0296644454851376 0.10919101794036
-0.0291127704993488 -0.0721367954862245 0.0127307947935537 0.0927630096801267
-0.0460792738020674 -0.0714949280905786 0.044049501132792 0.0639560229456581
-0.0355900235877992 -0.0960028358451284 0.0673930910590498 0.0416592751995202
-0.000666896188281034 -0.105840187213104 0.0825496101424623 0.0298846074403543
0.0420067505774852 -0.113963867829098 0.104383411049723 0.0333926731593672
0.0902163064710465 -0.0841063057524823 0.120623433950958 0.0511597568156036
0.130645468288391 -0.0246070138986071 0.0988980986691494 0.0467493540126866
0.15409868402239 0.018887815478439 0.0960964740475823 0.026727393513312
0.143783584104629 0.0628444601220198 0.0100419810405689 0.0661584697564344
0.147378896073819 0.0448940914611138 -0.0276011715524879 -0.0386943718100113
0.142008775937606 -0.0183741693522535 -0.105082868828217 -0.0387278292436625
0.116049512377728 -0.0771704589229913 -0.136427354324434 0.00901090625614435
0.0684828197434958 -0.107960481066441 -0.116881913453525 0.0622848632880172
0.0198451512225478 -0.115625852414531 -0.0728026696998674 0.0784489716780247
-0.0235066413235047 -0.107515847569089 -0.0350386575832743 0.0715086557870293
-0.0314272918024226 -0.0944077115393655 -0.00302726950849094 0.055792648074098
-0.0472749485556897 -0.0933341085777474 0.0262537186234316 0.0285972330025847
-0.0317248903958783 -0.120823075280932 0.0519328995444565 0.00714828994439522
0.0105873329347466 -0.130616486940206 0.0751012319765837 -0.00163527564803734
0.0635415215397069 -0.139306334450346 0.102274756383225 0.0132785764583314
0.121562203354403 -0.0977720436930278 0.1133122871137 0.0476036880311778
0.165009275129329 -0.0167470593977357 0.0687684862711432 0.0475325890877022
0.184998440731817 0.0376668292427264 0.0396671734110077 0.00578704848728825
0.154073089060952 0.0726776232460811 -0.0483326577207089 0.0277790154493127
0.172077939431658 0.0513225682290941 -0.0692080107911953 -0.060378125368185
0.172097438352889 -0.027560284558491 -0.118675341134073 -0.0470351302413514
0.135162512167989 -0.100868034689912 -0.129169596255868 0.00132374760947896
0.0733835180728681 -0.12879057980561 -0.09958406377879 0.0322783606288162
0.0206013648700043 -0.131362922699039 -0.0655582744896768 0.0349483222247249
-0.0229644766031041 -0.11850130777453 -0.0417369030158352 0.0255236581760029
-0.0285461747095308 -0.102161276745894 -0.0178653654929612 0.0124212030974454
-0.0391971280171098 -0.102081642134623 0.00988490264686099 -0.0129282461169221
-0.016891944290446 -0.128844306687208 0.0379146625645481 -0.0316872355035241
0.0281643982297599 -0.13524386376861 0.0687580416454211 -0.0349645938482244
0.0848298316252917 -0.137438173154512 0.0989606600850808 -0.00529957946662521
0.139132598015209 -0.0873121732545704 0.101651959110704 0.0431816158563406
0.174545149744929 0.00253370653579626 0.0362742468583207 0.0460547055417546
0.186241855909081 0.0554739520125081 -0.0161105147845868 -0.0179017037138775
0.138409251162992 0.0696589504742027 -0.106073345837889 -0.010117708430353
0.163321566748122 0.0466340993787344 -0.112489920087816 -0.0720893416705506
0.167115692306308 -0.0322847028557964 -0.126741129008786 -0.0502610892378427
0.126199092352924 -0.105270176749867 -0.115381387301693 -0.00973588413039965
0.0646771794305764 -0.12467148511163 -0.0824495850820573 -0.00414981031142264
0.0172928452072978 -0.124455679974352 -0.0634261663361749 -0.0115781088840153
-0.0204182924245647 -0.110261467550284 -0.0496637730611242 -0.0217287473297275
-0.0211033779635803 -0.0950538352916745 -0.0288459944481687 -0.0319584603142637
-0.0241925490330067 -0.0973280337640537 -0.000518142982168536 -0.0559542280528982
0.00341003640006696 -0.117958635310834 0.0331381445604743 -0.0709931738440553
0.0475927748731513 -0.118363925548068 0.0703841754818918 -0.0643486354767694
0.0999154384097522 -0.110424204729063 0.0986141514911069 -0.0195283293395265
0.140234903001214 -0.0553901239136284 0.0873768554798205 0.0379909668879295
0.159576613444946 0.0301823553368635 0.00845823054784436 0.0382587901671822
0.159406911733541 0.0705523579056405 -0.0627712714941195 -0.0450115507406912
0.0969684313553623 0.055692278543091 -0.15368978985345 -0.0399027388598836
0.123058883284286 0.0382459292983083 -0.145877907064523 -0.072614024626834
0.128312500878203 -0.0265291249946823 -0.128446888467202 -0.0507021091834866
0.0938683964364812 -0.0827417896117022 -0.102616162003173 -0.0240328219121014
0.0466934228788404 -0.0930732227162589 -0.0722282682217618 -0.0375453759008948
0.0135002346189407 -0.0934843870893831 -0.0660547334920755 -0.0503820535239713
-0.0119459620437776 -0.083937510754506 -0.0575711523355103 -0.0612363373980741
-0.0112592802492204 -0.072781003269266 -0.0354167117120624 -0.0708511096545985
-0.00774201336307785 -0.0776783805516849 -0.00113390223795926 -0.0950331451076832
0.0199134108205174 -0.08998485790173 0.0411231915503115 -0.103869525328885
0.0561468740732449 -0.0854803835758224 0.0839296915048733 -0.0864720204524011
0.0960096588741322 -0.068375884051468 0.104077618174089 -0.026551272740366
0.118966301085661 -0.0169845865295769 0.0752543062805154 0.0306553322137584
0.12206254770563 0.0517722382659002 -0.00963020874233037 0.0221019861484517
0.110922044796331 0.07414341639051 -0.0928496401587949 -0.0733169057358094
0.0365055115060203 0.038072922834185 -0.179202296083907 -0.0594597526591743
0.0598443756371151 0.0314244919232809 -0.161310349529906 -0.0648578090944833
0.0687812013051416 -0.00797567508708889 -0.126383903882267 -0.0518118710100179
0.0493402694514252 -0.0401817032072869 -0.0958472905836518 -0.0360955701307449
0.0280228824067124 -0.0426470434010319 -0.071737193445384 -0.058360577908054
0.0142721935749774 -0.0465845419715392 -0.0715925112745958 -0.0721613850621619
0.00049542298300557 -0.0456323490476717 -0.0617271870657121 -0.0855338022668534
0.000618258592737049 -0.0402507744715507 -0.0360015444724735 -0.0978615009788985
0.00410508054267555 -0.0444061158512801 0.00572656812698274 -0.122441758561497
0.0226593455209324 -0.0496846889001904 0.0578098347989636 -0.125452854635677
0.044249284213123 -0.0453549909298973 0.104640007571915 -0.0958906073680474
0.0682155098243461 -0.0292955092093405 0.114151810542466 -0.0268851821518573
0.0780639994805636 0.00965696855123369 0.0697387801669733 0.0227048730351184
0.0698745599801345 0.0534514216082622 -0.0135741964432412 0.00592022934063994
0.0496967052622607 0.0596856048640088 -0.10199883792817 -0.0956460431473847
0.0126423813059325 -0.0238476548851834 0.115721346616305 0.09656441363716
-0.0149084369956138 -0.0272012172061408 0.0422176969947741 -0.00728258862140474
-0.0326967090214098 -0.00969899162142048 -0.0637565307463139 -0.0350824900071517
-0.0243659317237102 0.00835287783221205 -0.125021615295495 0.00245322927717051
-0.0158929742916097 0.00777362753527166 -0.132456410365702 0.0911855379037811
-0.0145373518036253 0.00602875719987409 -0.0776345113275714 0.136129544825093
-0.015717716886949 0.00456067969798647 -0.0147275504013228 0.135945838444377
-0.0139384873427036 0.0005304938623611 0.0350145156965936 0.121361709925893
-0.0205914039980617 -0.000233810193673572 0.0663446677682142 0.0965543838872946
-0.0235920719680494 -0.0078057721064584 0.0822549932543853 0.0789657758881083
-0.0176433884064889 -0.0126310081346593 0.0838906994179424 0.066339312773886
-0.0178925760187348 -0.0171044187527103 0.0978871140744727 0.0591805796090316
-0.0105490185124365 -0.0241007850662628 0.122738756037748 0.0589482985125231
0.00986018489978415 -0.0273333707931948 0.134944131288634 0.0621907068651113
0.0255823211271996 -0.0199814845215946 0.165973131307756 0.0648050065702993
0.064982662402172 0.0081981586507416 0.0938020962877529 0.105410460884026
0.0423175640497983 -0.000554804545176778 0.0279514381232722 -0.00332927345980304
0.0252526670530874 -0.009655757971549 -0.072157530022195 -0.0300699843554815
0.0244609537172447 -0.0159544480336326 -0.12904780109509 0.00547855747611321
0.0162925607944641 -0.0311608388429339 -0.134741209131329 0.0869413789348343
-0.00103535318803025 -0.0387755078637574 -0.0819745583049346 0.128027201268873
-0.0193886752325254 -0.0386286733334374 -0.0228007160724505 0.12935088567831
-0.0226313155846604 -0.0380838006641077 0.025642592438942 0.114266282222661
-0.0350542216631887 -0.0391413519793711 0.058343485517598 0.0868925396400309
-0.0299457755336356 -0.0566686206346756 0.0773893344870299 0.0663522067426373
-0.00641714036717379 -0.0632596102185717 0.0839951798189526 0.0542242410190753
0.0174708313377187 -0.0684521394132762 0.0995927815103231 0.0496898114010771
0.0452704747694812 -0.0541772029998941 0.119821637978788 0.0553921685473448
0.0755057706898838 -0.0240845319532463 0.118961383068079 0.050728182643974
0.0950138089986508 0.00165281626387746 0.139477618914314 0.0474432432493042
0.109697743136646 0.0398736066847872 0.057738403911424 0.0926509893397541
0.0977610878901791 0.0268632334346595 0.0051921086861349 -0.0162778668234325
0.08591317578897 -0.0106326461865034 -0.0864051804301201 -0.0325410345669886
0.0736476320405426 -0.0433750887557582 -0.133533849972223 0.00862674093823725
0.0467931110770197 -0.0701995092739404 -0.128167609578027 0.0779615214752302
0.012109982759269 -0.0806861568408053 -0.0793522513738789 0.108178655523431
-0.0216249883590897 -0.0780718193392746 -0.0291376150373157 0.107176186205901
-0.0289552874157285 -0.0714131431562311 0.0124460260613699 0.0904282698706071
-0.0447178051484657 -0.0704106868344488 0.0444758585478111 0.0624380080783564
-0.0346509407777155 -0.0946964363937131 0.0671077562783318 0.0410270965683065
0.00025665148293822 -0.103609285842071 0.081642305579979 0.030232501192835
0.0413925594450014 -0.111550430932275 0.101487232208292 0.0333426200666026
0.0885604898805648 -0.0823298717837963 0.117257558473475 0.0501596966908768
0.128924134981185 -0.0233313253613731 0.0956872910286674 0.0461130980077581
0.149633984890991 0.0195041335048297 0.0947159439350139 0.0272570735991943
0.140633990433729 0.062797488672027 0.00899472114082421 0.0642250995755945
0.144715266274647 0.0448821611322406 -0.0264583376778454 -0.0387421353371922
0.138683218981245 -0.0180962610791891 -0.102893388889799 -0.0401067243945368
0.113275492163913 -0.0747243166097799 -0.133405002848419 0.006648256945989
0.0665962482036733 -0.10588314426661 -0.114805124259898 0.0607306492434235
0.0197257348755766 -0.113884737629024 -0.0716864200261503 0.0762362141540337
-0.0229043596336378 -0.105533766117771 -0.034515618370206 0.0705317255245055
-0.0310985480633096 -0.0930812012977506 -0.00243233563476881 0.0547958042161651
-0.0460503550349073 -0.0911957217496481 0.0268272362819723 0.0279904169017426
-0.031110428751718 -0.118638963611637 0.0513096609646537 0.0067045670266403
0.0106217344770902 -0.128377634232193 0.0752523841316379 -0.0010629053397559
0.062623489324993 -0.136218591103255 0.0997044550410253 0.0134371916198259
0.119122900009134 -0.0952496650209474 0.110506331921656 0.0465972337147553
0.161331138229159 -0.0147741119448389 0.0666182933567858 0.0462410458282928
0.179690151641731 0.0378655939291516 0.0392547217212624 0.00666037879818017
0.150827966796647 0.0722273052276483 -0.0473273911616543 0.0260828367072304
0.168184855646956 0.0504904199939548 -0.0668518333124656 -0.0600633196890849
0.167989696897853 -0.0271571600638345 -0.115077777317973 -0.0479656578547007
0.131962244090888 -0.099087322526982 -0.125834250371952 -0.000112509568906569
0.0711934952302753 -0.126478155474317 -0.0971753493210791 0.0310492361968867
0.0199133045483541 -0.128955013116545 -0.0650721969487057 0.0337605784240566
-0.0226120228086026 -0.116042463082657 -0.0412911697724052 0.025037099342763
-0.027669184520504 -0.100356372561481 -0.0169924058720673 0.0119394218069646
-0.0381506017267216 -0.100140738654021 0.0103274735940171 -0.012952374323409
-0.0161122392599443 -0.12647633676226 0.0379829629326005 -0.0313239312830624
0.0281236070042939 -0.13245951672199 0.0691825901171058 -0.033762678350733
0.0831716770671934 -0.13515862315344 0.0970370510535544 -0.00457064362627142
0.136021434545755 -0.0845039098844186 0.099721665480893 0.0423004196796536
0.171269914464686 0.0040692650586471 0.0349254104616863 0.0452563679571978
0.180552796680143 0.0554716756080951 -0.0158362937832528 -0.0169293455197016
0.135109199505141 0.0687010197697767 -0.10445086526737 -0.0112486363091446
0.159838558680757 0.0466356156965559 -0.108849586390027 -0.0724754869347648
0.162831904098695 -0.0316759795056029 -0.123322151976516 -0.0514785329143404
0.122848969433281 -0.102375154454545 -0.112570434093939 -0.0110045128717283
0.0631484289236478 -0.122305370493884 -0.0804010281402255 -0.00494132794248871
0.0167440459420622 -0.121224469161099 -0.0624581630648996 -0.011886909166687
-0.0195234513356261 -0.108365803745812 -0.049121578446887 -0.0209468118496538
-0.0202970593535931 -0.0930758807828919 -0.0282266613134138 -0.0311290794002011
-0.0233379817552065 -0.0951708368909521 0.000821159845756972 -0.0550905589113977
0.00345038910425025 -0.116109916297676 0.033205292417051 -0.0693657689157453
0.0463991002155447 -0.116468826697619 0.0712555660783593 -0.0627223678196625
0.0970581221741937 -0.108735267439281 0.0961649066456017 -0.018462031340385
0.136923517580518 -0.0530360614454429 0.0856431944313113 0.037107373827921
0.156725489707936 0.0309909214754168 0.00817746262884213 0.0372683076250192
0.154255003537847 0.0696655568467999 -0.0614718044202081 -0.0439550229782268
0.095263121753567 0.0545961866790654 -0.150586075458314 -0.040620664677996
0.120237805142506 0.0376372398765712 -0.141996015725793 -0.0732175476451485
0.125431803353815 -0.025771725048275 -0.124552385687395 -0.0515891996352026
0.0910125267360581 -0.0813206430112216 -0.0993056150832961 -0.0246488223669849
0.0461210725348369 -0.090978642551662 -0.0709299059137818 -0.037394987475697
0.0131587593603103 -0.0916844255994367 -0.06531330431514 -0.0494957200120538
-0.0117879514019337 -0.0826152373646625 -0.0570451007251393 -0.0597435690700701
-0.00981763703705098 -0.0715336589576441 -0.0345258344529574 -0.0689495443983162
-0.00755187985063839 -0.0754869946678871 -0.000760030366474698 -0.0931664881461176
0.0197036147360195 -0.0887359087501133 0.0403327614104673 -0.101355780628632
0.0545907363795472 -0.0839488100881747 0.0837411038474322 -0.0837270372073013
0.0941607762375952 -0.0669611112148739 0.102087093097682 -0.0251466987154257
0.116075605290079 -0.0155662737426337 0.0741682124505019 0.0300960566227329
0.118945366033243 0.051175695130891 -0.00875336917906753 0.0223668725021855
0.106643698513413 0.0728046618608598 -0.090626002543759 -0.0714926355438141
0.035659711851201 0.0366705502471129 -0.176182076241398 -0.0591276445809557
0.0583356605911157 0.0313109166179921 -0.157744735017146 -0.0661981223121842
0.0665958541505005 -0.00788290817794102 -0.122429027587394 -0.0520447779986177
0.0477605042666745 -0.0389610904975288 -0.0930828651122496 -0.0367460370706496
0.0271184600473303 -0.0418300240068433 -0.0703528959597523 -0.0579665398734001
0.0137425327105213 -0.04546780145563 -0.0706278672141 -0.0713707157321065
0.000838901188595818 -0.044406547286475 -0.0612202747124974 -0.0837318159100587
0.00109460049589629 -0.0385839769267203 -0.0349291242638314 -0.0954066851358673
0.00425288123004194 -0.0429018456947715 0.00601977775797857 -0.120604387900361
0.0228213965363577 -0.0485569793179536 0.056892465144042 -0.122871830527841
0.0425020356445803 -0.044196211969085 0.103927510887931 -0.0930082001290658
0.0664985057632451 -0.0285864868922073 0.111878158064346 -0.025355196593175
0.0765134376264053 0.0101109928949727 0.0687191007503794 0.0228861542794618
0.0682563662347476 0.0527448265393873 -0.0134704760714768 0.00556767243891903
0.0474775036890548 0.0583573322984152 -0.10009514462289 -0.0936160952101093
0.00160981280563881 -0.0293745318739045 0.146060978205532 0.0393756795511251
-0.0252448092710312 -0.0192747870179563 0.034782313782578 -0.0244773636994151
-0.0328559274292973 0.00476687199580166 -0.0747970419294844 -0.0041188109640545
-0.0172172165654516 0.0188753435283761 -0.114891373332918 0.0567636505288769
-0.00891953559099883 0.0144347149263529 -0.0800785351360389 0.141106977836792
-0.00933119000781054 0.0110440224243151 -0.0119128583973406 0.158484828999995
-0.0121177691717503 0.0110799363237825 0.0447648951095321 0.131676086432584
-0.0128447838259943 0.00506785207313773 0.0850872421733806 0.0946009375907694
-0.0191629249026864 0.00859278388816877 0.103181131705973 0.058574672674911
-0.0245930829562542 0.0017563966386665 0.109430743330045 0.0353277278095891
-0.0205092779346451 -0.00465018762408146 0.105304928680424 0.0240828582209957
-0.0219822685828664 -0.00740583613164417 0.11538250109989 0.011127310094268
-0.0184745895107656 -0.0170022589681568 0.135336553811289 0.00148780049751297
-0.000853977422730084 -0.0290089582881326 0.150018916738847 0.00284082023475149
0.0163638042449707 -0.0299223844134323 0.181761671022918 -0.00722141645366222
0.063655902742345 -0.0198419437561442 0.131723651481174 0.0548875245968361
0.0376493094490313 -0.0181378656373159 0.0242783064401501 -0.0163871506970235
0.0194649499338787 -0.0187905341948573 -0.0787527710530093 0.00151498062020512
0.0165123192665508 -0.0226561895993715 -0.116735674458524 0.0587236255906893
0.00404344219467618 -0.0346109601987531 -0.0847239441138188 0.136203587770822
-0.0152165956057707 -0.0353732000300792 -0.0202809415366399 0.151945390199568
-0.0340838649749853 -0.0271170943845338 0.0335998673492778 0.127531774118662
-0.0371958517921253 -0.0275028699553804 0.0740883668299342 0.0920462211026395
-0.0483981377625752 -0.0215141810036893 0.0922907142206451 0.0520542598995198
-0.0514525340794215 -0.0402769056913951 0.101344987499933 0.0250631197923126
-0.0321778537599779 -0.0571650713938818 0.103845095640516 0.0132364017726516
-0.0114492265847336 -0.0692356304277553 0.117631608667374 0.00280560619306942
0.0207133666251021 -0.0678909159796429 0.134108950721298 0.000545051781274639
0.0618181031130521 -0.0535466254021225 0.131182346875526 0.00155289317898482
0.0915066258688776 -0.04094492616127 0.148209244950039 -0.00877841040818726
0.117603783236943 -0.00710440722852216 0.0960394243529587 0.0581191613797096
0.0994223117358626 -0.0147653086270442 -0.000479558783661686 -0.0202615980723309
0.0740356854217566 -0.042509202369006 -0.0922052463745698 0.00157602972986455
0.04954787971317 -0.0671869779733092 -0.118501735990571 0.0600260072645316
0.0154350773782559 -0.082361300339046 -0.084900478888611 0.124041619198422
-0.0213992169835786 -0.0792382997834736 -0.0269041371038875 0.131661295230197
-0.0517154976402491 -0.0616795593819992 0.0178917498172876 0.108224914096772
-0.0568524635624526 -0.0559455219133011 0.0516869707454794 0.0758716614300304
-0.0707265074438345 -0.0466127852186054 0.0691428134162559 0.035253700336195
-0.0720834937637012 -0.0739862821845617 0.0808149900994204 0.00547143797262193
-0.0436047471258427 -0.0978386145836699 0.0927421084173207 -0.00823398037289706
-0.0077509558481424 -0.119754689418328 0.115294849293636 -0.0132802806574178
0.0492192663904422 -0.112381645905196 0.131335839187938 -0.00172950687627916
0.111155272444726 -0.0757818070040731 0.107711499464632 0.00946160076215277
0.150105695707522 -0.0489538042753866 0.0962688782894767 -0.00580678908123891
0.155304376716675 0.00220549350082944 0.0405975291297154 0.0503202945193114
0.149206374226812 -0.0159224135528648 -0.0379407077280453 -0.028606768875696
0.11922434132149 -0.0697805277697304 -0.109154298559582 -0.00149433865374927
0.0725905249240242 -0.1110381795231 -0.118754502985474 0.0559106382273075
0.018673258938366 -0.122391518367934 -0.0804503044331648 0.100879717068884
-0.0287786165987217 -0.111479265191121 -0.0346952505368463 0.0982794370941081
-0.0645476138821393 -0.0861941208115014 -0.00382948405912643 0.0765577046167435
-0.0667755952737742 -0.0755116920863304 0.022054300177874 0.0495487187391925
-0.080533886528029 -0.0659368397398152 0.0379127443988932 0.0115150093895061
-0.079081839418749 -0.0978733111625354 0.0527782526999094 -0.0185273139467229
-0.0440842561493612 -0.125477240984151 0.0741767989837652 -0.0339041610763612
-0.00014074335911863 -0.151177541788963 0.108266144452441 -0.030175238540196
0.0721466728994864 -0.137625282320718 0.124578164243152 -0.00177855237844427
0.144895218345866 -0.0823895790564888 0.0807757567605359 0.0229810301577281
0.185514469130766 -0.0456734526068275 0.0348027005013104 -0.00035496003454798
0.167829359832174 0.00797015794492362 -0.02763080137022 0.038889010107328
0.173217029673669 -0.0197201335514786 -0.0847596318307537 -0.0318108496886798
0.142571101986587 -0.0898535360016784 -0.12407943985572 -0.00490142009739921
0.0785752888336632 -0.140139295972681 -0.114665247902225 0.0442817091847256
0.0145890334146887 -0.142500305969331 -0.077947459465959 0.0652813874833195
-0.0352486618930428 -0.125728096967967 -0.0478100208423856 0.0560682788813296
-0.0689837075835382 -0.0959945447252873 -0.0296282856279071 0.0374429858311784
-0.0666487810460672 -0.0830554709481808 -0.00975407309476464 0.0166962571564316
-0.0766928807027866 -0.0774052274327523 0.00598462406351759 -0.0184758600835721
-0.0687126080412127 -0.110608376971761 0.0240985832893902 -0.0479432125187037
-0.0299490121770824 -0.136651047930184 0.0554551386699167 -0.0606715037378876
0.0196261804229156 -0.15925320558445 0.0980060688494704 -0.043792939924254
0.0926446723201534 -0.134832548474264 0.112273888065541 0.0001438437304575
0.161144777345061 -0.069238586260223 0.0507038668343004 0.0350979163285632
0.193803425828913 -0.0292569676796433 -0.0265162086989935 0.000709381496549576
0.152877048411462 0.0111044480883888 -0.096605030293203 0.0284608950586223
0.164846689740594 -0.0191873631538876 -0.128612026934047 -0.0252742911529092
0.136053953754504 -0.0911916204623523 -0.132938837095684 -0.00479477971873919
0.0694985181909237 -0.13961930147452 -0.107763294886777 0.0287324698381325
0.00803447147478279 -0.135190035978767 -0.0790003441140832 0.0260671875890543
-0.0357493660113325 -0.11752003765046 -0.0649962144523717 0.0139073439736136
-0.0624772302617564 -0.0904449135326595 -0.0570072532263862 -0.00108944568120467
-0.0568793056645198 -0.0789699082366004 -0.0396434427260402 -0.017379494815273
-0.0606358669415453 -0.0782383527392975 -0.0217829406928055 -0.0521314389646629
-0.0463322297203915 -0.109900648129879 0.00270006846046949 -0.0802899490696764
-0.0061204275177454 -0.128929786894267 0.0441156257426857 -0.087386303309294
0.0433693371775078 -0.140890024221166 0.0909860486400547 -0.054777885059497
0.106602869978584 -0.105830020408023 0.0971538365706511 0.00203268136344212
0.158455195023992 -0.0380585362522288 0.0216469987602023 0.0384904768808692
0.17496389628299 -0.0045442709572271 -0.0801320633383178 -0.0063827050619037
0.109817210906956 0.0147783353216921 -0.152560175894057 0.0222266602494339
0.125446364958681 -0.0110509340925916 -0.159841559852301 -0.0101348800257296
0.104090877486226 -0.0710012840869032 -0.134527529070433 -0.00190981621423168
0.0486821110874701 -0.107310840649335 -0.102317566936676 0.012743965259061
0.00451833347530544 -0.0997617259824638 -0.0835491073631296 -0.00728091045816576
-0.0263189152288695 -0.0879379010413961 -0.0829057266224558 -0.0190462135061152
-0.0449099925302908 -0.0700689049464848 -0.0801257215979629 -0.0320165986576785
-0.0386116468929849 -0.0624137942761722 -0.0616623315038337 -0.0488457775911094
-0.0377965165518873 -0.0668945811090612 -0.0400305030812178 -0.0855640350659778
-0.0192183796095468 -0.0910081075216466 -0.00468698326632324 -0.111464133869936
0.0153306891622484 -0.101676056697405 0.0460012184689249 -0.110653854865532
0.0579825181827825 -0.10181968885091 0.0904262668049594 -0.0628326253357684
0.102987801043566 -0.0622471281150468 0.0818254635850181 0.000233108033267623
0.132092935160169 -0.00324743008024511 -0.00187432579317977 0.029982103934992
0.130887039374369 0.0201689018986201 -0.118220892979551 -0.0225511692183073
0.048006660402003 0.022235143437438 -0.186599268786987 0.0169156801402727
0.0667145739899527 0.00738653159143662 -0.172157346244628 0.00445713353921131
0.0580583497551103 -0.0315024260715265 -0.13284733391599 -1.53322102991935E-06
0.027160049656084 -0.0529629418416255 -0.100915697582904 0.00224293252013216
0.00760502056143511 -0.0474065001887606 -0.0906663816460034 -0.0249916300487316
-0.00699578827322944 -0.0466783388564553 -0.0965269353587542 -0.035251844951919
-0.0174848222822673 -0.040678286977325 -0.0940687002639114 -0.0518396974041942
-0.0145705905776253 -0.0366076056379253 -0.0737314151253918 -0.0719218212603962
-0.0130884750139432 -0.0422504270900904 -0.0467956858891077 -0.113189098631495
0.000492794374437756 -0.0550278721855489 -0.000624197675602333 -0.137190658688597
0.0206530788582909 -0.0598970452696836 0.0576027695393139 -0.127893160862837
0.0498153443351773 -0.054554488286025 0.0959585112089987 -0.067004993057548
0.0769954753196894 -0.0216525685914201 0.0728879057861841 -0.0055068076276521
0.085040821681019 0.0197208101120393 -0.0122520913489822 0.0143274966747125
0.0688424018688512 0.0327734315118902 -0.134998578860022 -0.042253596084304
0.00167341037414772 -0.0295736916800693 0.151130372643002 0.035996553639548
-0.0261557458220567 -0.019601843547006 0.0350721913684887 -0.0263643388475538
-0.0334784365628385 0.00584399286759251 -0.0772041017696387 -0.00261976072338942
-0.0173547741347212 0.0203565886084783 -0.117997735508941 0.061122239097584
-0.00909801742550621 0.0146107950322269 -0.078706463273278 0.146761730587596
-0.00903836972893026 0.0116071950335528 -0.00792558548442572 0.1630888610384
-0.0120074627986824 0.0117771130434962 0.0493590481849276 0.133600848157386
-0.013899121967021 0.00555189464533232 0.0907217228521866 0.0943942663883358
-0.0195470202995086 0.00902167209618382 0.108202786183865 0.0561057770792859
-0.0253255713025692 0.00236576668101032 0.114164489073282 0.0339575380073343
-0.0208709367206599 -0.00422933083944237 0.108616407519362 0.0228782648716907
-0.0222923007628548 -0.00725795462680365 0.118498789333209 0.00925781455357318
-0.019679033920427 -0.0166323378008034 0.138027278959992 -0.000956080417896532
-0.00139601844405977 -0.0303238302233242 0.152903953566352 0.00113468317557022
0.016323538081369 -0.0307546442876908 0.187837246635353 -0.0113926548842358
0.0651781624120231 -0.0214737321688749 0.136958514907141 0.0527329898130648
0.0383895390151781 -0.0200399278098358 0.0245326207693347 -0.0182316842517749
0.0190669186800127 -0.019842519994433 -0.0814923375416288 0.00241848943978632
0.0161077489624563 -0.0233473801003244 -0.119155214794959 0.0618929612931259
0.00283020581110207 -0.0358802788690685 -0.0837690813213375 0.141653701269743
-0.0170380746258729 -0.0363447917199244 -0.0169714076043489 0.156318941781617
-0.0356543594333322 -0.0274242302162135 0.0383711206578498 0.130397936612867
-0.0397779910582881 -0.0276297282857608 0.0786780801790074 0.0913513671109722
-0.0507485220210941 -0.0207303977868648 0.0966355165682838 0.0501431363422055
-0.0546282900849486 -0.0405032996020208 0.104723410944797 0.0236658459974967
-0.034223417572125 -0.0578405539419932 0.107165984279315 0.0114684952107417
-0.0130821743159321 -0.0707700458016099 0.120413506396076 0.00010567151488844
0.0197618398491686 -0.0701218632176177 0.136438511558143 -0.00265899792093128
0.0628834977459249 -0.0567348913669228 0.133675213993453 -0.000421469913036447
0.0922232511694427 -0.0435849054919588 0.152720429263367 -0.0118878299983508
0.12055800804529 -0.0103772413224183 0.0996457782314486 0.0558968316368923
0.101491671307366 -0.0179137063845433 -0.000666344063057972 -0.0219584252058378
0.0744747910167562 -0.0456924791543682 -0.0950293216569943 0.00261977121009368
0.0489679725504321 -0.0694306770772542 -0.121097862302628 0.0626329663636986
0.0128011671796039 -0.0844770493580212 -0.0833234497288588 0.128841615169476
-0.0241822546022163 -0.080453661152491 -0.0240480128131617 0.135469034093918
-0.05530127198679 -0.062105576550083 0.0215761463231844 0.110590641916867
-0.0598455902106875 -0.0561925473601429 0.0552089670055887 0.0750985160449935
-0.0736992758367647 -0.0460631668143477 0.0726944260672357 0.033417047295336
-0.0764728591873934 -0.0738474047022075 0.0839425885170255 0.00297670121592951
-0.0467574253784354 -0.0995280806247911 0.0961046722120248 -0.0112474742057499
-0.0114008310664192 -0.123025274638008 0.117718504755734 -0.0159011008413448
0.0477173892142672 -0.116010438828906 0.133974749448938 -0.00567177745703309
0.11236659115459 -0.0803122623332828 0.110268502473042 0.00800547063069903
0.152452433480565 -0.0532133022803918 0.0993688587973272 -0.00739048799478631
0.159405454430895 -0.00187276810565258 0.0423942522717884 0.0492953144077781
0.152519508070417 -0.0202189498987715 -0.039761901091947 -0.029609707346351
0.119711522494415 -0.0747093815987498 -0.112650327641957 -0.000115590465864816
0.0703514908462733 -0.115555241002188 -0.120546292650674 0.0580191026205324
0.0150477435074938 -0.125407052760028 -0.078726781392734 0.104807843894031
-0.0331545944055988 -0.113489830176191 -0.0329276878942594 0.101530249424951
-0.069156391813629 -0.0865291369895011 -0.00114102124985014 0.078558850372229
-0.0709701087619273 -0.0759657557185612 0.0241852695271001 0.0490985176649492
-0.0839544765309169 -0.065498696445072 0.0401419959848082 0.00964665195442638
-0.0842598624958966 -0.0987894754587545 0.0545503542305726 -0.0208554645077426
-0.048858145635796 -0.127585442385551 0.0772276745661265 -0.0370411770276951
-0.00432699272473309 -0.155763404263628 0.110452480967735 -0.0329046891260681
0.0703581934711895 -0.141971321800445 0.127609133659366 -0.00528834314907928
0.147239306881837 -0.0877612461854588 0.0831254664933283 0.0220776076533932
0.188890985847595 -0.050158476122012 0.0374052254360534 -0.000795751584514836
0.172410370056626 0.00365616238834952 -0.0277175915598661 0.0393930677289071
0.177515958083916 -0.0242900428326161 -0.0869477568009924 -0.0317628401226417
0.142640013896385 -0.0952289725535534 -0.127564212816609 -0.0038555051240641
0.0763525713281289 -0.145009826097603 -0.116733561997956 0.0467394509307292
0.0102678241077784 -0.146444767164072 -0.0784505723137305 0.0686987494427467
-0.0396116439697651 -0.128341916164289 -0.0473987696272322 0.0585625616200287
-0.0737319132380233 -0.0965869255587983 -0.0297519647626026 0.0398770609990604
-0.0708800698799148 -0.0842024098543156 -0.00936161425322563 0.0171470613230379
-0.0806738652051709 -0.0766800989270973 0.00563571374258766 -0.0200460922547375
-0.0745788916561156 -0.112497685398929 0.0242578465758045 -0.0500662353188525
-0.0349368517951434 -0.139189990648445 0.0567541922348212 -0.0645535655152527
0.0152262648070331 -0.164238800891069 0.0988680898141798 -0.0472594770542983
0.0918421030658266 -0.140055587585687 0.115234993621169 -0.00338771867075388
0.164515018125308 -0.0748379184632592 0.0533340065483007 0.0347993166553089
0.197228618015358 -0.0338858715068718 -0.0264472121960319 0.00253513694275192
0.156665242135103 0.00752902902517789 -0.0982443985507316 0.0308329516513626
0.168308873972574 -0.0236009625973951 -0.132435976300087 -0.0236341106080808
0.136274366867834 -0.0969500756514687 -0.136701684871804 -0.00314171655545962
0.0667028690732941 -0.144478930328983 -0.109195560261388 0.0302532923299268
0.00414261782628758 -0.138814631594844 -0.079267624298794 0.0283634563530344
-0.040212126479221 -0.119476576848679 -0.0668410392853811 0.0155329953909577
-0.0675171316644929 -0.0909664838257149 -0.0585323234946858 0.000523906907383458
-0.0604624606445256 -0.080092506496577 -0.0406784270641182 -0.0167949659034724
-0.0640420572326454 -0.0788950603412647 -0.0240379465048496 -0.0538591447664907
-0.0506954275843383 -0.11180975571951 0.00130128867123883 -0.0820927176760005
-0.010209670594184 -0.132621727552205 0.0441415412025505 -0.0911281546231661
0.0403624215678262 -0.146006656093067 0.0917898940459741 -0.0582098142744423
0.106908393161851 -0.11089199236138 0.0997248130143153 -0.000961903816880058
0.161805933811378 -0.0427797473471284 0.0228724426328829 0.0388904797502961
0.178119107744631 -0.00826656495621588 -0.0823479845646133 -0.0039009396301145
0.11300020415929 0.011726411002889 -0.157228863705188 0.0261947844286009
0.128063307103678 -0.0142522472619361 -0.164077482124274 -0.00736154991872501
0.104323687315563 -0.0752814428310562 -0.137913011772402 -0.000208894516225985
0.0461807568120949 -0.111030800847202 -0.103994632549575 0.0141982586199423
0.00134188026685222 -0.103047335575939 -0.0861535943476287 -0.00584926963495647
-0.0297708417999561 -0.0896622075709552 -0.0868479751442686 -0.0179988100777189
-0.0484659970632603 -0.0704283319841545 -0.0839446753181738 -0.0307595234061448
-0.0406140253498553 -0.0635399067620699 -0.0647348522714431 -0.0483803549764948
-0.0403754572880853 -0.0673596064006907 -0.0433356238123028 -0.0871604921329856
-0.0230505569476277 -0.0931736336029701 -0.00893955094767817 -0.11431954186364
0.0127622415140672 -0.10413672474427 0.0451343289265052 -0.115199343896454
0.056340989630144 -0.105589715105063 0.0910584307965717 -0.0660482194686725
0.103757856805088 -0.0667370044104957 0.0848975176381012 -0.00218745719295978
0.135465261069216 -0.00631340427340303 -0.000623230468684835 0.0306555968728231
0.133406460344245 0.0175710010509836 -0.122031283125639 -0.0191944662367025
0.0497468942320532 0.0211902964054392 -0.192334583940302 0.0214556870362969
0.0684283256439414 0.00591580099140533 -0.176606523818211 0.00826204366582814
0.0577501915062975 -0.0335421191501846 -0.136099933209442 0.001491488387991
0.0256034592718206 -0.0543417967315783 -0.10342331469916 0.00387785603085106
0.00606248504146725 -0.0489138852394027 -0.0940997698337492 -0.0235726537083233
-0.00883847314702177 -0.0477130261944165 -0.101015702580309 -0.0344892400849144
-0.0192443095040631 -0.0413479762355696 -0.098538783638914 -0.0495338872008621
-0.0152034737640598 -0.0373016947013096 -0.0782425782255572 -0.0713559747424831
-0.0144677881956451 -0.0422899482908267 -0.0508913003963583 -0.114253209888864
-0.00132565260649988 -0.0569714466771345 -0.004366537178271 -0.140888129932953
0.0192354907695565 -0.0614983069747711 0.0559545077228619 -0.133598974983695
0.0493018437935514 -0.057208603536536 0.0968192590839419 -0.0704504042677506
0.0783399274198269 -0.0238247181531983 0.0751486862328771 -0.00705765171985097
0.0873623141956796 0.0190389530416335 -0.0114787917104638 0.0144017033543416
0.0704283883861938 0.0325088794194313 -0.139242092237964 -0.0393587757110294
9.61837986122307E-05 -0.0298423083149581 0.154909708301033 0.0277929873273793
-0.0278751927167058 -0.0189603783142074 0.0338196006901449 -0.0285109618977431
-0.033800752916394 0.00700680971029146 -0.0792240654585984 0.000998983649853763
-0.0161257993461808 0.02132774284589 -0.117035587938884 0.0673279296952218
-0.00888216570479056 0.015271070551184 -0.0718674247592541 0.152568634235304
-0.00912001463406487 0.0121127320138754 0.00121160276274195 0.165690875593061
-0.0118003006166653 0.0126987724570112 0.0574687018398434 0.13277301177837
-0.0144330714741899 0.00657028246307765 0.0975391582022972 0.0901831120705847
-0.019704789655267 0.00993547136465628 0.113365993337735 0.0500545357438975
-0.0257462927750209 0.00376651930853994 0.118204128613646 0.0283655615136812
-0.0209517709997131 -0.00378393468426992 0.111878679382709 0.0179508498290283
-0.0227904537917119 -0.00585797006976204 0.12009071550472 0.00335505181159046
-0.0204755752269115 -0.0161935261307568 0.138802179194083 -0.00753716295490382
-0.00276473813636066 -0.0308387135227192 0.155119003333693 -0.0055315799182853
0.0151442886122875 -0.0310481306644287 0.190999803404386 -0.0212781031443404
0.0651871529514602 -0.0251245059905177 0.14110229479778 0.0446018915547489
0.0374970215992047 -0.0223427227131173 0.0240155670246175 -0.0200111190480943
0.0176657883164755 -0.0214338554577565 -0.0830931789392726 0.00645954514420588
0.0150480994556518 -0.0242582319416085 -0.11787005385338 0.0682704134677824
0.000188571694669012 -0.0359202239182007 -0.0763412682409103 0.147494159004731
-0.0196426032016094 -0.035915048268392 -0.00856787485734151 0.159780058551923
-0.0377131746572195 -0.0248292142177198 0.0462813074896028 0.129810649495615
-0.0424241395808358 -0.0261507738272543 0.084964807530181 0.0874915714837535
-0.0529043848123599 -0.0182327402926688 0.101623433565245 0.0445009339518561
-0.0578126889415252 -0.038183373766595 0.108717496832577 0.0184028577677471
-0.0376909636027235 -0.0571523470153646 0.110177325324949 0.00598409320662522
-0.017207033302672 -0.070772774926648 0.12189983544544 -0.00587059320535349
0.0164840793496801 -0.0718550833160992 0.13729622852483 -0.00991012783877936
0.0609761171636095 -0.0616067502474946 0.135327508577294 -0.00600370798779802
0.0913449778848975 -0.0484585596787506 0.15570104493297 -0.01971292802657
0.122081612203687 -0.0169494204952313 0.103887008888971 0.0501779915293672
0.102250965119792 -0.0239895499212352 -0.00208486823181306 -0.0226361202265626
0.0719602581147843 -0.0505036673344024 -0.0968076338320414 0.00673567261689077
0.045659439991634 -0.0728212596657272 -0.119685364299635 0.0685840227912027
0.00736149643696813 -0.0862465298270972 -0.076476199868063 0.134682392992458
-0.0296553162626475 -0.080408978812957 -0.0175011126027003 0.139120308467514
-0.0595019518226203 -0.0597133449092769 0.0281337351235913 0.111039917151992
-0.0648047688239279 -0.0535000173804704 0.0597861223949452 0.0730677698669762
-0.0775375063252837 -0.0424542079030068 0.0758448944536157 0.0286707673421093
-0.0826133644655239 -0.0711206220464874 0.0863249504636469 -0.00104299298401129
-0.0530766160906507 -0.0987136682654553 0.0978055222746632 -0.0170227921240526
-0.018784188543518 -0.123788745100199 0.118459837047434 -0.0218823925462608
0.0423892993806741 -0.119785860966719 0.133956069819148 -0.0131070118360433
0.110568709933673 -0.0877245154142502 0.112095987623161 0.0025239543450845
0.151500062568651 -0.0612798317733346 0.102098440829685 -0.0126518746182483
0.161232581179598 -0.0104910956984492 0.0455272251941277 0.0466044558513638
0.15347907965611 -0.0290317412975779 -0.0415434768552463 -0.0288490258933819
0.115367654887284 -0.081994847742489 -0.114672895072619 0.00466278905756731
0.0652585019021917 -0.120134460487602 -0.11993747392568 0.0647438098188826
0.00710914857378906 -0.127346787990731 -0.0739371239729301 0.109949522832834
-0.0400472161085375 -0.113660947790318 -0.0277723029442865 0.104443510059497
-0.0747242736358503 -0.0836510232635136 0.00302953062062861 0.0793827754186937
-0.0768284273724805 -0.0735810075398118 0.0271684373183952 0.0482137063277986
-0.089111657356929 -0.0613564401413971 0.041830717910101 0.00629125771263237
-0.09216943188575 -0.0951866769088174 0.0548739358612168 -0.0249176290370707
-0.0564712748060498 -0.127228707556622 0.0768205982653001 -0.042739389696397
-0.0132249242633528 -0.157941382653903 0.109738366489509 -0.0387759479254911
0.063865969527905 -0.147115804323522 0.12795140423254 -0.0128465826877026
0.145089038035612 -0.0972044279321271 0.0852658514477944 0.0181556495513228
0.187964558075002 -0.0602147126334182 0.0384956660459134 -0.00216184556914938
0.17473543577403 -0.00558664631734765 -0.0261309895487437 0.0404202860426908
0.178534243364456 -0.0336336633396883 -0.089579168041338 -0.0289057513018791
0.138386027558608 -0.103868204158412 -0.129887629062707 0.00168796538585062
0.0690355042831164 -0.150379733545343 -0.1157627355488 0.0515483093035658
0.00157005197553278 -0.148476682692751 -0.0745851397732513 0.0729141912639984
-0.048086513251982 -0.127405200965182 -0.0449403839623981 0.0616792705933622
-0.0806882950594215 -0.0937437019202804 -0.0273331006581784 0.0418183579253624
-0.0772021939068143 -0.0819477776203705 -0.00868870458239705 0.0173879858140632
-0.085834848410617 -0.073324424073036 0.00488104962982834 -0.0220165865164242
-0.0825730666971678 -0.109406370736271 0.0222226660520991 -0.0526663758033536
-0.0434016815753313 -0.139636358902254 0.0549194253873894 -0.0690271177714776
0.0054651366986187 -0.167266685356704 0.09848352916001 -0.0519599725873392
0.08511996925363 -0.14646348661816 0.115899085832714 -0.0105166795713935
0.163040528993992 -0.0841784054682827 0.0558130595299802 0.032156959841419
0.196841286637826 -0.0443931078414944 -0.0256400590563817 0.00483026738859607
0.158972431810737 -0.00168801440293543 -0.0984443513503714 0.035827136578901
0.169158707882687 -0.0334304993089018 -0.134783598139339 -0.0179492833839076
0.131733038144157 -0.105270619294911 -0.138452182773025 0.00316159183824198
0.0585496897144351 -0.149453216963243 -0.109934137651796 0.0354242482851484
-0.00437514256451841 -0.140609753958664 -0.0790952447200266 0.0321119877895593
-0.0476840481576131 -0.11841298673105 -0.0672483178295679 0.0186736459498964
-0.0736584804756499 -0.0880488435751144 -0.059309572169644 0.00458990085754287
-0.0658132204794141 -0.0780508840512149 -0.0423132948528896 -0.0149406826110735
-0.0690038297867869 -0.0760476759348298 -0.0273342592148005 -0.0540533317798312
-0.05851818492186 -0.110314386020087 -0.00326475183749796 -0.0838438453322462
-0.0181027462880692 -0.133719729904555 0.0410318373196231 -0.0959766822579794
0.0319183672380387 -0.150091373934009 0.0899200324480866 -0.0634507853896623
0.101351961104967 -0.118042008958828 0.100543683478566 -0.00759596933714123
0.162079381334881 -0.0515627804383815 0.0258557986765812 0.0378725378623136
0.179041693929731 -0.0171786328164097 -0.0831733227336198 0.00146917226855804
0.114619439445493 0.00526302897585587 -0.158769902836717 0.0344512989154034
0.12916196341998 -0.0213497834072927 -0.166960614193086 0.000499031882040748
0.100636612193368 -0.0816516803213382 -0.139990756369825 0.00627462164765553
0.0407967895269142 -0.114474568817252 -0.104167534963641 0.0184359218478296
-0.00495077366675396 -0.10441130879115 -0.0875798130653313 -0.00149722143425437
-0.0362748354099589 -0.0887148872499629 -0.089259430208118 -0.0136788392604571
-0.0531507663065745 -0.0688496400882834 -0.0871089309102804 -0.0261416276939406
-0.0450017254424105 -0.0624756942266373 -0.0687516353377177 -0.0450704547616051
-0.0444789334839146 -0.0656580871943439 -0.0492338684230721 -0.0859654606245127
-0.0290748120691731 -0.0929912661105435 -0.0146516329589436 -0.115577646139067
0.00641377867461957 -0.106435687779562 0.040347789775956 -0.120504898516251
0.0505003638897556 -0.1098965126837 0.0889301519912632 -0.0710968670594578
0.101790795928427 -0.0728919522807412 0.0858354438923064 -0.00718699144682571
0.136885234433877 -0.0133357951802189 0.00135946765455648 0.030569584846285
0.135493242356249 0.0112555498874212 -0.12418530725538 -0.0120120296812206
0.0511205847765847 0.0181664703192114 -0.194995976561201 0.0325435374118229
0.0689447609387197 0.00191021237499238 -0.179264783383371 0.0170829561242937
0.0557562639980306 -0.036719749718617 -0.137802854938444 0.0076611709435069
0.0224467663456245 -0.0559598755049761 -0.10468268587796 0.00819601098931346
0.00312616445554683 -0.0502956693916625 -0.0970348702464029 -0.0190140625327635
-0.0122112263316988 -0.0471523417705873 -0.104557342303082 -0.0290164812306351
-0.0219620779976535 -0.0403884018991824 -0.103490059867667 -0.043962655687473
-0.0170803962768569 -0.0369498297822066 -0.08335302306335 -0.0679772486817424
-0.0165463807742509 -0.0417040108996778 -0.0587259536984015 -0.113305342160996
-0.00476666477708139 -0.0576303288921403 -0.0120216337127952 -0.141744620605529
0.0160330709045718 -0.0628071070213575 0.0502017529175029 -0.138861690111815
0.0463323193672558 -0.0602835359751173 0.0948939249005422 -0.0764048788329261
0.0776653213833406 -0.0283501965759638 0.0759292781119237 -0.0113401697055808
0.0889209670326745 0.0148495281949047 -0.0105457365129113 0.0153059955167634
0.0720697516201575 0.0291499133489922 -0.143337563977026 -0.031157937911551
-0.0011605812789637 -0.0288520407156488 0.153243605603006 0.0168442315635525
-0.0285459500745079 -0.0168634039641794 0.0319269167421452 -0.0307179262821223
-0.032559206230802 0.0088107815163466 -0.0780003346467899 0.00504438503891551
-0.0140793910029087 0.0217918425909259 -0.112170861714218 0.0726073785467759
-0.00799496352520102 0.0157176952339908 -0.0611765221551291 0.153125351092214
-0.0083039215558945 0.0123328727796625 0.0119005076280113 0.163176907706022
-0.0101890267460734 0.0133223826036218 0.0648185338106652 0.127383669378047
-0.0139162395167246 0.0075499562139441 0.101918839532189 0.0817354663927179
-0.0192493762444848 0.0112447868848144 0.114643816141591 0.0412450035926054
-0.0256599116620161 0.00518354473952948 0.118883334474271 0.0205821435124145
-0.0208606932396533 -0.00267263636269044 0.111543592401379 0.0117760725462747
-0.0222822813085433 -0.00417035753180986 0.118425544957505 -0.00322867354019259
-0.0209495706290651 -0.0143377566642775 0.13501334567351 -0.0147515475921274
-0.0042431510628253 -0.030982564206414 0.151123794623071 -0.0130958827773423
0.0134293388892851 -0.0311585685027813 0.187894852653757 -0.0327787116589084
0.0625769910050435 -0.0285769245468064 0.141240985760074 0.0344973988029867
0.0356149060455101 -0.0243700450475313 0.0228760227356095 -0.0215957713496428
0.0157723011799955 -0.0222366388228597 -0.0816170359108771 0.0104462902162651
0.0133912370908837 -0.0244965032045196 -0.112992290540792 0.0735510515753853
-0.00259726151594763 -0.0348112191730533 -0.0659205895344587 0.148622365327239
-0.0221665327470579 -0.0335951058470042 0.00182495325085772 0.157011575296866
-0.0385806790580214 -0.0218426977618318 0.0537064811363117 0.124438533511186
-0.0437796555892936 -0.022549829822096 0.0890600165421378 0.0803334995171501
-0.0530293011504846 -0.0150169308539062 0.10256250754896 0.0363814614499859
-0.0599758977223861 -0.0338627293752614 0.109071987763446 0.0106319835982186
-0.0403682221759372 -0.0539927076573224 0.109261572231207 -0.00118571992320429
-0.0209896640453396 -0.068916049534041 0.118857723108465 -0.0120365299006976
0.0118491278034318 -0.0709763035412752 0.132336974945096 -0.0177531809748551
0.0566893562753904 -0.0643818191122763 0.132254437873887 -0.0130051697789984
0.0868542281551065 -0.0522421599657228 0.153084633989513 -0.0291408272397261
0.118194121944056 -0.0240487624207683 0.105029253835353 0.0419241082622554
0.0991166569387615 -0.029345158923422 -0.00290052827328409 -0.0229628572430453
0.0664737966405489 -0.0539346903011418 -0.0951603996935662 0.0116477982520795
0.0400768955536639 -0.0740218195687677 -0.11438556136267 0.0739176144280469
0.00157776109904625 -0.0840770485265669 -0.0669185145983114 0.136118721793085
-0.0349506796546176 -0.0768612837633974 -0.00846187099610786 0.136881860406631
-0.0622721985249265 -0.0546345209876301 0.0352861573760618 0.107425681516
-0.0676875394100293 -0.0489071128519722 0.0639885538705882 0.067058568236494
-0.0788354261047323 -0.0367935522861433 0.0766170810478559 0.0217383210961652
-0.0864875408664103 -0.0645026340735407 0.0858400770167389 -0.00688478790062701
-0.0580461017925146 -0.0943924601745992 0.0958583471824026 -0.0232530860805203
-0.0259811219944595 -0.121183005191347 0.114727843494328 -0.027597815920617
0.0344537121192825 -0.120091941684948 0.129962621166036 -0.0212609834724393
0.103568082682359 -0.0930089601685934 0.110213861660052 -0.00347665646621739
0.144747866957267 -0.0685893920132586 0.10107627967182 -0.0183597145653975
0.15761147832207 -0.0203811203002238 0.0475181583754961 0.0418357331326654
0.149035656724144 -0.0375783226193902 -0.042462382051633 -0.0269983755044793
0.107600005750202 -0.0866459923809041 -0.112583480396481 0.00997858123399242
0.0561676180250183 -0.12190309327394 -0.114942440537022 0.0688402012399288
-0.00140135724780688 -0.124904519546258 -0.0655521805115808 0.111888539957994
-0.0474311958994066 -0.109220601402362 -0.0211457858533826 0.103513445287379
-0.0791707755377583 -0.077313881371686 0.00869921326602861 0.077968886275834
-0.0809020973607967 -0.0673022943026701 0.0296258532498463 0.0455573463000357
-0.0911268248606632 -0.0551974681456031 0.0412811077434933 0.00188472038179118
-0.0970352295164992 -0.0870976149213181 0.0528474971087234 -0.0284163817030652
-0.0638761249093425 -0.12199365064271 0.0739037236040668 -0.0474574397997677
-0.0235001682692415 -0.154804328142303 0.105351806798243 -0.0436237914793735
0.0539139366559676 -0.148521839058859 0.124102538120634 -0.021068790442569
0.136972516882659 -0.104641801044868 0.0848343528927789 0.0129105124615127
0.180200314606871 -0.0699463842007916 0.0390542887064188 -0.00392897343733633
0.170945586311453 -0.0167029361628522 -0.0235312587596987 0.0402331762623666
0.173212630961548 -0.0440834144197013 -0.089248328476849 -0.0236621755839745
0.128209311708082 -0.110182972860356 -0.127710760092706 0.00823475111547646
0.0587579281150548 -0.151617159728266 -0.111027706050698 0.0570925074355932
-0.00824485912436488 -0.14558508570698 -0.0683068615131602 0.0758841488343395
-0.0561031859904114 -0.121957106436133 -0.0409625046433661 0.062596187691794
-0.0856632326226732 -0.0866445398976771 -0.0241204154910093 0.0424226663212977
-0.0819498184078789 -0.0757528797939204 -0.00773271506497974 0.0178234952260256
-0.0884209539932143 -0.0668861944383376 0.00303377443707276 -0.0226695428247106
-0.0892206077251692 -0.102186977870558 0.0190425257177852 -0.0531730978624602
-0.0513621494936423 -0.134508059095986 0.0506357465013567 -0.0724619478983338
-0.00614683770623208 -0.165035738002162 0.0936941564453428 -0.0565554457992508
0.0750321221047404 -0.148752931587781 0.112697153461298 -0.0182462692019633
0.155781975890166 -0.0927595004174661 0.0565800341559008 0.0283390395509497
0.190150634247499 -0.0546787390518152 -0.0240903067018617 0.00661959845663061
0.155351791871512 -0.0118120629057706 -0.0952813998921245 0.0407045955941361
0.164401394182496 -0.0425069865857938 -0.133828695953633 -0.0104674456481603
0.121739801936797 -0.110626828327451 -0.136481935106321 0.00987815948572024
0.0489953826030937 -0.149636481543216 -0.105897637216734 0.040290138729409
-0.0133639138349535 -0.137170692403748 -0.0756185121996771 0.0362557404840236
-0.0552583626934713 -0.11330067327786 -0.0656360597843155 0.0222195593704765
-0.0782898950359415 -0.0814106859315958 -0.0581580507318092 0.00758666656862487
-0.0699666440542301 -0.0729376346262596 -0.0424992098537219 -0.0118648846344448
-0.0726001892736893 -0.0701472588822764 -0.0299928189680227 -0.0519087223938168
-0.0653908099362421 -0.104270435037705 -0.00756224615725634 -0.082484286406306
-0.0264621327492045 -0.130315196854892 0.0348460052967161 -0.0974524604089628
0.0214032909350106 -0.149882399682351 0.0852222463633104 -0.0668467955189142
0.0924356226408398 -0.12172720818148 0.0979119929019162 -0.0144464734580986
0.156172448560388 -0.0604884653929164 0.0275862081657884 0.0355719309090367
0.173820926936099 -0.0270013822358297 -0.0804133076700688 0.0077219498631243
0.112130547966498 -0.00235752203884743 -0.154572925999482 0.0431911321692139
0.125376044768549 -0.0290212685288916 -0.164070113254936 0.00913808927741608
0.0925609408959955 -0.0859141904048965 -0.137448512877495 0.0128706520797123
0.0324159592239674 -0.114768406616358 -0.101813175360649 0.0238632287078115
-0.0114824345442225 -0.101664762634331 -0.0862424189490132 0.00306606713784934
-0.0413717999772859 -0.0850441433810917 -0.0894794617478525 -0.00857663231023399
-0.0563188265439588 -0.0637505680581425 -0.0879276017738988 -0.0195700706374073
-0.0479469007464146 -0.0592134883020721 -0.070350634705763 -0.0396512495440672
-0.0473150761265343 -0.0617356655659305 -0.0540405217470025 -0.0822126589703995
-0.0354610012333147 -0.0894403814155894 -0.0210407795741103 -0.112639026584408
-0.00106607489266414 -0.104413356023493 0.0321975458999112 -0.121691224770341
0.0420385633083615 -0.111344280813186 0.083217754812791 -0.0747311292264506
0.0954107240542852 -0.0775829461406203 0.0840352528810893 -0.0128124051441947
0.133843073114306 -0.0211778906274484 0.0030896802541821 0.0296329064909335
0.132925464623936 0.00350853268123523 -0.12228286884342 -0.00362108625944446
0.0503885166334283 0.0139746884379693 -0.190159100710155 0.0435480361410683
0.067763402292552 -0.00214778406929056 -0.174469848361868 0.026699841675627
0.052262146874814 -0.0393626799395932 -0.134878160662271 0.0147940456039451
0.0183689351329465 -0.0556967730763428 -0.10211363032944 0.0133167281902376
-0.000424002822032029 -0.0494960237249328 -0.0967824166735213 -0.0135535825535954
-0.0152349313764118 -0.0452634987242108 -0.105766460581315 -0.0226932284690787
-0.0241968483492268 -0.038121466720236 -0.105282728291345 -0.0364789086043216
-0.0190323625950357 -0.0358173379966627 -0.0864794831401574 -0.0605176010467627
-0.0182841188630431 -0.0399081041348577 -0.0649535673651055 -0.10753050000578
-0.0089665877308487 -0.0560616433070203 -0.0207738596484375 -0.138218088387829
0.0121031762330575 -0.0625837759090215 0.0411556774253127 -0.14061409001081
0.0415635172088798 -0.0620283967455715 0.0888285858821974 -0.0806989042397099
0.0746022682132323 -0.0329657622482267 0.0745415876004865 -0.0152852429889059
0.0876489594020568 0.00945715525697257 -0.00918072006786075 0.0157756213444886
0.0718572404510015 0.0243899033352422 -0.142184323856657 -0.0209854801275019
-0.00226849672917733 -0.0269130082388965 0.147653547436115 0.00909490477134637
-0.0280038460975713 -0.0149042072893068 0.0292727819285125 -0.0308785887863599
-0.0311228498971061 0.00972560356479806 -0.0751047830451174 0.0076515424143947
-0.0121417057671282 0.0218566678570433 -0.105388840293383 0.0742433140503552
-0.00697165843810613 0.0160570364817113 -0.0517265755947167 0.148934664069958
-0.00766932233416342 0.0122283717752704 0.018833653292857 0.156013038225804
-0.00919446624619714 0.0131836493431466 0.0677978553546654 0.119353159872533
-0.0135392898676053 0.00822852743564033 0.101896913096182 0.0737261359407836
-0.0186605642597266 0.0121122320356017 0.112619895332206 0.0340475361614337
-0.0247593026042916 0.00616496890622284 0.115850302982474 0.014322414850178
-0.0198468708894456 -0.00211503207689624 0.108677676541476 0.00690675559518463
-0.0210276452034228 -0.00304821346033971 0.113335892230027 -0.00781839049342156
-0.0200433457838605 -0.0127235864579965 0.128124596325999 -0.0188215103745524
-0.00536025378664766 -0.0297996185972947 0.145203503416667 -0.0173323516429166
0.0121533922146616 -0.0299044306790351 0.180179802779917 -0.0390011327098898
0.0587007264414859 -0.0295695783857532 0.136439589784531 0.0262968904894423
0.0327925623226937 -0.0248071712936477 0.0210791552295455 -0.0220351692435417
0.0133979809464024 -0.0223415244645287 -0.0786761994132454 0.0127776753102655
0.0119473767670331 -0.0242543430299209 -0.106031988257623 0.0743831568272917
-0.00439480557697053 -0.0328311119066285 -0.0564801647923732 0.14481714099572
-0.0228514254140371 -0.0316363146200253 0.00872614039815756 0.150907493502122
-0.0381476543209174 -0.0197342052491134 0.0573774862685934 0.117370002802024
-0.0439319876930864 -0.0197853309382525 0.0893387948099184 0.0726204649871295
-0.052089234307394 -0.0117731943184922 0.100597058264773 0.029305260598612
-0.0595565752448364 -0.0295576986886233 0.106116486872131 0.00530367904598847
-0.0412656908752302 -0.0512707398123621 0.105954381405937 -0.0054130294635751
-0.0228071751101484 -0.0654954954733257 0.113654136441291 -0.0159888776755146
0.00930598993115562 -0.0685416146964856 0.125363865450245 -0.0217876520515313
0.0518183685283924 -0.0644523452311599 0.126687775351245 -0.0166259254230905
0.0816730588141119 -0.0531181295001927 0.147371653191064 -0.034304693880827
0.112437278237883 -0.0278746943079011 0.102059906662363 0.0345987009964259
0.0933957611126634 -0.0319268323179154 -0.00380739820717358 -0.0227044282136293
0.0604919476900381 -0.0546436856945518 -0.0913089053776072 0.013697941667165
0.0353220770354239 -0.0726348493311801 -0.107710729785204 0.0746474213060621
-0.00239660356629198 -0.0799863337960507 -0.0582331926891831 0.132349383288168
-0.0373254583149414 -0.0725275242330514 -0.00203059749412585 0.131245842516925
-0.062386235798319 -0.0496998242167414 0.0384246785359742 0.101022158758234
-0.0681298611715675 -0.0439740786321384 0.0642441163806105 0.0614684370250755
-0.0775824874704963 -0.0321909092697019 0.0744251532360645 0.0168925742059527
-0.0865691094294131 -0.0575688904829958 0.0830896330704217 -0.0108603497348749
-0.0602289621176451 -0.0885601530702276 0.0921263767720278 -0.0263866266400038
-0.03021009619961 -0.115394679458679 0.109480911721747 -0.0305076323571882
0.0288033635911157 -0.11623624647939 0.122423385570158 -0.0256313207917041
0.0963580332330424 -0.094055656064259 0.105242514737427 -0.00727483086833144
0.135753090169319 -0.070569161720026 0.0973602002558676 -0.0216666736353333
0.149524031803895 -0.0266213248844535 0.0466682771377511 0.037135420941865
0.141828033490327 -0.041614014627772 -0.0411765436437519 -0.025189864573636
0.0987918657031889 -0.087411068744787 -0.108104565670753 0.0132631942628664
0.0489256848209465 -0.118784735385814 -0.107537608647483 0.0700408939633628
-0.00697142994426337 -0.119468908871431 -0.0579915939596395 0.109124498085656
-0.0509929670908655 -0.102442992883135 -0.0162942674352972 0.100388087475438
-0.0800900029269729 -0.0705853687991143 0.0117127534725059 0.0737651732208083
-0.0818981454832701 -0.0611752086025741 0.0305577187263438 0.0423539031218929
-0.0897437983627164 -0.0488037487334203 0.0391087689959778 -0.000698550530455685
-0.0977062505477927 -0.0795423114408567 0.0502147082556509 -0.029771326497585
-0.0668010332501034 -0.114797456964492 0.069865771952239 -0.0492812860211163
-0.0296139563061023 -0.147825664509972 0.0994326731104482 -0.0448107940764212
0.045810211357256 -0.144449336992079 0.1168132211296 -0.0253440639959838
0.128316612614789 -0.105929603799175 0.0818711059880935 0.00875792255691272
0.170239833168221 -0.0732933028269619 0.0381286373671811 -0.00519905636755875
0.162428428752338 -0.0236051261695755 -0.0210757983837137 0.0389572646686162
0.164530588008889 -0.0491872869453151 -0.0864651352768177 -0.0198450794194657
0.117484379108826 -0.109961193849881 -0.122736502708344 0.0121945706314294
0.0502229897134757 -0.14716234331818 -0.105123939717697 0.0582077777139116
-0.0141659884237435 -0.138800358508771 -0.0617586524628198 0.0747947864006113
-0.0599327100491846 -0.114578522176358 -0.03741516336799 0.0614589348240988
-0.0861171481167743 -0.0794482875403381 -0.0214040477238979 0.0412537177863443
-0.0824816247592922 -0.0696066786369344 -0.00668860480071329 0.0175242262171075
-0.0878543136541469 -0.0603683684625095 0.00168977944383597 -0.0231114682156814
-0.0907309643796552 -0.0937730135590688 0.0166438965977452 -0.0523016600347874
-0.0557070869774095 -0.127547287370391 0.045967846479294 -0.0727039019566065
-0.0136607263223366 -0.158054878751262 0.0881249717698638 -0.0570267880752382
0.0659189620008144 -0.14573985326779 0.105995062081896 -0.0222611962967045
0.146105546977577 -0.0952754629804196 0.0556017045663353 0.0245154714490366
0.179403991856288 -0.0592792784984686 -0.0214490759361691 0.00806137834347065
0.147604496950741 -0.0180739963699359 -0.0897777195732655 0.0422478735773237
0.155917893235612 -0.0478964738749353 -0.128340084113559 -0.00531702026223582
0.111098816439943 -0.110574792477789 -0.130725727366392 0.0145429598261054
0.0401194366676004 -0.145353812092745 -0.0999246782872406 0.0416286934590392
-0.0193231549472763 -0.130981685707278 -0.0708189212074456 0.0370482342352836
-0.0590047772020564 -0.106102704292462 -0.0627223157496578 0.0233765909802617
-0.0792160151257283 -0.0747076747133382 -0.0559072327936588 0.00988135828590186
-0.0710593861556577 -0.0676127898066208 -0.0415527282895997 -0.00941121577169697
-0.072306161553413 -0.0644395000058376 -0.0316511800392807 -0.0489348857917975
-0.0680670206919064 -0.0970345592061792 -0.0102950411493873 -0.0788099793262513
-0.0311218342434812 -0.124254560324668 0.0299549694146493 -0.0962669757696783
0.0132339604668573 -0.144365426824023 0.0790386254016497 -0.0670526893832122
0.0835518029833452 -0.120632576818379 0.0926354251236317 -0.0179445122320381
0.147996642154996 -0.0643015307468474 0.0279565837036339 0.0318119418174883
0.164760727875312 -0.0320898438228646 -0.0756756483415198 0.0116497991232143
0.106902489650745 -0.00746306013507446 -0.146671353141081 0.0475884028961687
0.119277807675812 -0.0330971412098777 -0.157080049157451 0.0153535502547771
0.0843913221310127 -0.0851151287322742 -0.131406445959085 0.0171529994937714
0.0263284859189225 -0.110743936301331 -0.0961401510861621 0.0260523866154117
-0.015595401233505 -0.0973990924479163 -0.0826934483896926 0.00596566942614407
-0.0442136289167883 -0.0795246447391602 -0.0877452773170073 -0.00496229258704423
-0.057331744338972 -0.0585704160946719 -0.0860029171394347 -0.0151353596717695
-0.0489926897496746 -0.0552605837526448 -0.0691541721369796 -0.0342583190952114
-0.047595762984921 -0.0573728632798951 -0.0554186655940491 -0.0765584886018048
-0.0383256193115328 -0.0835698855412654 -0.02465794897203 -0.107457527647572
-0.00584606190344471 -0.0999688125833512 0.0265702462208183 -0.118856320412817
0.0347826462705458 -0.108224367716747 0.0776824822473715 -0.0748677617869057
0.0874649130138309 -0.0783607660966708 0.0798628615998091 -0.0163224141961339
0.127536565208609 -0.0255279078582103 0.00471428955506772 0.0278524551887234
0.126797265974643 -0.00227433595095923 -0.116687909774262 0.00285732910610454
0.0481424387932731 0.0110309838295497 -0.181592691429615 0.0502517898366531
0.0643992226773651 -0.00490507995563463 -0.166477437096503 0.0325463393238012
0.0482304636850477 -0.0392712012532514 -0.128924926670489 0.0187325797512291
0.0150184518030813 -0.0541090714453395 -0.0971961281466913 0.0164386073717665
-0.00275664975374602 -0.047462951303557 -0.0943872406733772 -0.00870168566587159
-0.016919167721528 -0.0425281786795124 -0.104136900829667 -0.0174714609023664
-0.0245151569204955 -0.0354502539253489 -0.103768670527519 -0.0298676468601606
-0.0198597129725696 -0.0341950994487337 -0.0854289514446775 -0.0535526479740308
-0.0184860360528557 -0.037327996282194 -0.0679659853481217 -0.100119298298704
-0.0110079342935118 -0.0533274672587446 -0.0254938545484392 -0.131988496590868
0.0088600496622429 -0.0601778522020088 0.0337689038450758 -0.136847058243776
0.0370608355885474 -0.0610373968531175 0.0826916959057819 -0.0801046113241979
0.0697545728563879 -0.0347874709015128 0.0713436988518014 -0.0181889780247186
0.0850055510912394 0.00566467731181796 -0.00815828134908341 0.0150582584221383
0.069506776170729 0.0205728925764563 -0.137131887250612 -0.0131978335321862
-0.00123583134387107 -0.0274485645366633 0.139661244862307 0.0145267253766919
-0.027172769878662 -0.0159417756245599 0.0291282481300671 -0.0277206915042716
-0.030489686720325 0.00831738758051069 -0.0719941164255781 0.00451633940016508
-0.0111342173456 0.0206144318736358 -0.103799605518457 0.0675420712996159
-0.00522210802417788 0.0149131145213054 -0.0538462529946033 0.139467566566604
-0.00683103485723675 0.0115082197202248 0.0133985932026128 0.148973306889788
-0.00895828333230669 0.013400652200205 0.0629523817196609 0.116971559268754
-0.0136799057508153 0.00800888849788376 0.0959739332289227 0.0720135560199715
-0.0174896746410131 0.0115089812776881 0.107507097867501 0.0340202741834348
-0.0235297557389871 0.005077434566623 0.111374825652256 0.0161928117799238
-0.0186115063395931 -0.00328905291952392 0.104270030904989 0.00939693663597271
-0.0175443495173397 -0.00423739251297186 0.107971390392716 -0.00398248695315148
-0.0170190193881568 -0.013077719731494 0.121092888860136 -0.0125439562542122
-0.00201662226970041 -0.0286790103296245 0.140364345483182 -0.0096811232369942
0.0140975982898679 -0.0293030984696807 0.175001628972536 -0.0283046351694326
0.0589707666882443 -0.0265055790280677 0.129391645112162 0.0280632188839819
0.0333945784274135 -0.0221039058028382 0.0203492653628574 -0.0217393041127094
0.0138965378313974 -0.0197192554633471 -0.0760926422046475 0.00736540214999004
0.0132504556864696 -0.0218304426433441 -0.105509363562188 0.0656654165703127
-0.000996624349134714 -0.0317665512616875 -0.0599298062358419 0.133717429025351
-0.0201689340939482 -0.0313370816434418 0.0028046457597818 0.143007275740386
-0.0358507661845066 -0.0196416408298761 0.051343587400596 0.114152536961366
-0.0424448808862052 -0.0205931959023198 0.0838749939050423 0.0702780841959878
-0.0491551714424808 -0.0127405996126183 0.0959401551820053 0.0285471710941589
-0.0567390357769494 -0.0306147864543485 0.102233780961634 0.00578411862132213
-0.0380764279612155 -0.051664246446227 0.103247123484687 -0.00429348059378415
-0.0182421385276917 -0.0641034945685911 0.110021441309236 -0.0136460654265258
0.0134785463088851 -0.0659558197135768 0.120852116410987 -0.0162540914136184
0.054468631267806 -0.0607113905470096 0.123663551827663 -0.00898282541166017
0.0805117808239149 -0.0502741588624969 0.144829940500298 -0.0240881946683239
0.111084229910002 -0.0219111533920939 0.0962397121499098 0.0327640678659896
0.0921442595632196 -0.0259135332892136 -0.00350158936759474 -0.0251812440389756
0.0611405296744198 -0.0477380368899438 -0.0894278954802829 0.00610833283108222
0.0377096695583692 -0.0663519260368297 -0.10766313592812 0.0636231705943213
0.0026690807180948 -0.0763144058710483 -0.062483640002353 0.121077807061163
-0.0327137331665818 -0.0710612369905695 -0.00842476083923001 0.123958554330982
-0.05852233461402 -0.0496253745428956 0.0323835708645618 0.0976542175967359
-0.0655485391494513 -0.0458799645439961 0.0599064372429805 0.059106582579171
-0.074078569333426 -0.033520058309904 0.0712025329496316 0.0160042898168918
-0.082788040157164 -0.0586540561310453 0.0805111111600032 -0.0110523039396191
-0.0557479449853547 -0.0894257188957823 0.0910909586780608 -0.0262906294791876
-0.0241633104714258 -0.112598720302321 0.10825268172879 -0.0299408805314534
0.0336805917503244 -0.111858819894721 0.119762037276008 -0.0202244589246929
0.0976239695987034 -0.0882972254334752 0.103652296110676 8.29576704819552E-05
0.133023885514832 -0.0660074334508056 0.0975700915466063 -0.0126928170435591
0.147347125084324 -0.0177266385826206 0.0441923554673904 0.0308748415616102
0.138909023052811 -0.0322275616935828 -0.0401229223369374 -0.0300718380009139
0.0999983518958859 -0.0771821024136978 -0.107056437815542 0.00321168152302274
0.0527449654052798 -0.110031476531114 -0.108579394946609 0.0570824313448969
0.000489287596470721 -0.113945975109781 -0.0633897146415523 0.0980006270404553
-0.0449556509239103 -0.0999432443011902 -0.0223255696914793 0.0939172691194257
-0.0742910757605023 -0.0706187053336377 0.00648031830261136 0.0711636740334885
-0.0780963183978428 -0.0634985667925472 0.0277311147483666 0.0405796093390586
-0.0856751103910405 -0.0500677805533009 0.0379358352691051 -0.00190091318832201
-0.0939942120993029 -0.0799992959954186 0.0496330262660879 -0.0307321077619569
-0.0620561789538652 -0.114937057590278 0.0711217198119118 -0.0494160725866279
-0.0233539274399674 -0.14363677518159 0.100722333237875 -0.0452019028126842
0.0513302264217066 -0.139014014319584 0.115454411572275 -0.0206368899249986
0.128825680362366 -0.0985960616935836 0.081114068911753 0.014867993372145
0.164977536702443 -0.0673205899569106 0.0409652945000034 0.0013150029144235
0.159784502317588 -0.0138393052662412 -0.0210883824397063 0.0291954731142089
0.162208873196744 -0.0377026740195576 -0.0838285100553994 -0.0283138196551476
0.119196105512334 -0.0976959258039201 -0.12163766967131 0.000525385490929333
0.0546851278332308 -0.136939274224564 -0.106081020985329 0.0447710928407381
-0.00617318793829894 -0.133040907697816 -0.0664877625298486 0.0652499301042685
-0.0530585086918196 -0.111622119361038 -0.0420233690286572 0.0563557217724406
-0.080578575726086 -0.0793027849189717 -0.0250662478989588 0.0392386801071606
-0.0786309605593342 -0.0717051580428822 -0.0073890538578033 0.0160263260804896
-0.0835875258505658 -0.0620241585025418 0.00220692935775408 -0.0236924245757495
-0.0866843620203164 -0.0938496781833175 0.0183740054791643 -0.0528584276445113
-0.0515494662104264 -0.127241912610565 0.0495362150383491 -0.0725227637308006
-0.0080124094300933 -0.153559539073191 0.0912003006699786 -0.0570988704673552
0.0703208852316587 -0.13921226963671 0.105976053664203 -0.0180184985214114
0.144917560708582 -0.0877190853876744 0.0553640374070697 0.0293992811672932
0.173267742915378 -0.0538623662219003 -0.0174927690592305 0.0115009961234782
0.145175008470244 -0.00892029648845577 -0.0876709220998506 0.0301502095210495
0.153892815897429 -0.0365893995737367 -0.124109150959426 -0.0156074660309652
0.113862647130058 -0.0989984798155944 -0.129279503206591 0.00228504135564787
0.0451748644166352 -0.135235144229461 -0.100754185419586 0.0297505759041064
-0.011941632869942 -0.125609278347636 -0.07381300160538 0.0299110697421811
-0.0525273501018669 -0.103344963959741 -0.0653027765117077 0.0202384378469919
-0.0737939773073844 -0.0751586201638723 -0.0574351604757022 0.0083040806997466
-0.0674220891446883 -0.0694919611701008 -0.0400562928035033 -0.010022219790687
-0.068763179332299 -0.065616279604231 -0.0291026425534483 -0.0492372670703099
-0.065284554899483 -0.0964071417544375 -0.00716195915780319 -0.0784114287899042
-0.0278087159321668 -0.122824139899021 0.0347230560558817 -0.0943167657052892
0.0166973797062479 -0.139235116349581 0.0840481006000614 -0.0653274047267583
0.0865142782252166 -0.114354702282655 0.0927771789142597 -0.0137665546910668
0.145197996322198 -0.0575448098528074 0.0277806019649421 0.035500576660051
0.158038517554931 -0.0278628330097015 -0.070036720473848 0.0121856359798576
0.1051413343062 -0.000374573715131812 -0.142526544145651 0.0348132060478662
0.117905939810548 -0.024460752589327 -0.152153581158328 0.00408021813504903
0.0866915019862884 -0.0761432521517381 -0.128984720307299 0.00653648324339124
0.0301726331217398 -0.103158959585475 -0.095952770499712 0.0162915366349071
-0.0109051388703377 -0.0928648115220385 -0.0828725904875094 0.00111495541030073
-0.0396969027949606 -0.077102223108469 -0.0868138095955312 -0.00722749270535309
-0.053905504598158 -0.0586267239772967 -0.0846464413333563 -0.0159515676156247
-0.0464902363487444 -0.05668257882155 -0.066418349706497 -0.03468744948515
-0.0455524405304625 -0.0583561136843831 -0.0516974617462709 -0.0753424216348894
-0.0361309951342935 -0.0831233034165689 -0.0205457321220476 -0.105134786039566
-0.00311081192747629 -0.0989346562888411 0.0313799665872143 -0.115105878276407
0.0366527421579417 -0.104572542649847 0.0824422720817394 -0.0706814632406557
0.0881627506206885 -0.0729853109275577 0.0795376389232869 -0.0115986715579193
0.124146664425033 -0.020794836000373 0.00437264774912064 0.0303094753961857
0.12043573949004 0.000722082962359273 -0.109235970299391 0.00160729564905912
0.0472991930249466 0.01509451698766 -0.175812599664109 0.038774261273065
0.0638187179820524 -0.000492896395780641 -0.161294617558026 0.0227717549631083
0.0491554966326958 -0.0336385802716283 -0.12476754213821 0.00958307697019379
0.0167182603689044 -0.0492619602625455 -0.094245345900899 0.00910292307888119
-0.000646281157933642 -0.0445926734906419 -0.0915133295611642 -0.0127858092112
-0.0146279611307792 -0.0403050434897722 -0.100444955898199 -0.0200007492006788
-0.0232212711845289 -0.0351107466492786 -0.100646767450402 -0.0309373705643683
-0.0179836393121403 -0.0349463401858682 -0.0814260625692011 -0.0526718126871758
-0.0171628619087735 -0.0380417665845613 -0.0629581996798252 -0.0975893978120045
-0.0102366401864351 -0.052836879386881 -0.0211407386390762 -0.12761098687036
0.00956132841652558 -0.0592414056387604 0.0378373943599875 -0.130967060684205
0.0376995253377536 -0.0591260134213371 0.0857104893513484 -0.0743425439671689
0.0695770952732115 -0.0311064919809484 0.0706024905371737 -0.0129678230797028
0.0814063503453502 0.00806324063017075 -0.00857659354159278 0.016337120961011
0.0642754248089905 0.021344885637714 -0.129340819812557 -0.0159567211329433
-0.000704424697807535 -0.02630383767651 0.135941203253797 0.0146472651992795
-0.02604514631867 -0.0158893352215686 0.0293948944442978 -0.0274952968631301
-0.030243911327311 0.00816801856269398 -0.0703273057062737 0.00351526323852708
-0.0105165368399551 0.0199489290706153 -0.103234914853464 0.0654025906783647
-0.00478965479778448 0.0146991452571958 -0.0539051160966059 0.136041539871479
-0.00636044629590625 0.011006625957922 0.0131656001517293 0.145828115776005
-0.00880929590993021 0.0129444940538753 0.0615914498002324 0.114569196464454
-0.0133556204604772 0.00793446083552726 0.0942143592696966 0.0698792716918011
-0.0169512969105869 0.0115374268925161 0.105784379548727 0.0332640623337487
-0.0233255071740729 0.00520305994032467 0.110242338481461 0.0164060604151121
-0.0182527030805373 -0.00395952042530566 0.102429707198958 0.0104192703363471
-0.016785988627928 -0.00417430515983984 0.105412546142296 -0.00226928254361434
-0.0161542458609614 -0.0125686912058325 0.117966778270366 -0.0104112884380566
-0.00160713461799486 -0.0285998319290079 0.137405121719654 -0.00688118157124062
0.0147493123890693 -0.0286494172880524 0.172845275133062 -0.0273963404695308
0.0581443763859453 -0.0255984184761473 0.125967956828775 0.0276270462491467
0.0328473147236075 -0.0214570712245724 0.020162790553111 -0.0219956120448479
0.0130563372905847 -0.0187203785012982 -0.0748840111536222 0.00613803000096748
0.0134035966884918 -0.0214641362165773 -0.104814847628202 0.0632776728937852
-0.000225242026489872 -0.0305487642256521 -0.0592703667980279 0.130472328809132
-0.0200411850256575 -0.0305111015144053 0.00244639169523689 0.140193065347998
-0.0352194222648173 -0.0192900470727741 0.050623921669873 0.111717608788353
-0.0417847823395302 -0.0207763011220368 0.082122728803636 0.068881490566785
-0.0483848351200167 -0.0128607134633962 0.0941087457440527 0.0278222995404709
-0.0560979452701902 -0.0299546467261905 0.101035225945621 0.00550997607520508
-0.0373622819612119 -0.0519885402693424 0.101936316411491 -0.00359708337905767
-0.0171296259647616 -0.0633598576956979 0.108118126851023 -0.0119846554957901
0.0140586189903792 -0.0642986785208035 0.117434117372533 -0.0142466147345308
0.0539873401245534 -0.0598250735536365 0.120863248233603 -0.00709995903462078
0.0802213990354027 -0.048172761988498 0.143230182980275 -0.0229360559956825
0.108640369288245 -0.0204531330661407 0.0942201244056418 0.0314094675301073
0.091158080386649 -0.0245802948533992 -0.00269679036821657 -0.0254141279694699
0.0590576339751385 -0.0460600004834742 -0.0880574568533869 0.00450966542526874
0.0371427730242729 -0.0655683206377196 -0.106932203136739 0.0611619626725844
0.0030918850516552 -0.0746564983019135 -0.0616347680554055 0.117151628325401
-0.0324087017368823 -0.069142223049995 -0.0083600852039104 0.121631626964153
-0.0572763155071984 -0.0488721288131001 0.0316718854916521 0.0954566468053181
-0.0645977034600142 -0.0449480223624313 0.0588019234632831 0.0576811021454476
-0.0724002828213653 -0.0333612053339938 0.0698623819475565 0.0150418982631803
-0.0819029658221597 -0.0573730798947554 0.0796943896403466 -0.0112178520173345
-0.0549286900830889 -0.0884803278987138 0.0902204313259847 -0.0258430365923379
-0.0235452411307325 -0.111203378146581 0.106705435183234 -0.028026932670678
0.0341939771951949 -0.109504004435287 0.116080152636821 -0.0185490238089841
0.0968739956760485 -0.0859613560108253 0.1015835214486 0.00125493938550685
0.13113245512645 -0.0632723158555058 0.0963513664484656 -0.0119892461011486
0.143822341911504 -0.0166325905347764 0.0425369280638549 0.0298000170369493
0.137071360634637 -0.0306617252053509 -0.0387208502257617 -0.030335089643532
0.0973019158331608 -0.0742689067060918 -0.104797167622444 0.0018378319617265
0.052095058060461 -0.107682405412499 -0.107495246066215 0.0543068392900225
0.000735718071566139 -0.111434029997543 -0.0620661991541295 0.0953892425328171
-0.0443830927693695 -0.097718575207834 -0.0223538183826137 0.091895328748531
-0.0731854695770444 -0.0691578030317354 0.00569278595659866 0.0693932677426935
-0.0770269461598909 -0.0626140431465666 0.0273116303013505 0.0395751639090322
-0.0838777426728882 -0.0503157184092093 0.0371064207673652 -0.00230673263176304
-0.0923047778909362 -0.078271415543858 0.0500714624180423 -0.0302968423875847
-0.0603631613473304 -0.113840200072347 0.0706291473563397 -0.0488374986711262
-0.0232508253316839 -0.141743666816845 0.0998165325593239 -0.0427728881543423
0.0510393813631202 -0.136179269940854 0.111724385693436 -0.0194612057428112
0.127408924885632 -0.0961301063402135 0.0793821487164326 0.0152827758057134
0.161957898347196 -0.064843695808048 0.0411355413151363 0.00188829650291181
0.155803670529316 -0.0132739614382584 -0.021295457567263 0.0274703596082816
0.159289774693829 -0.0360776642975542 -0.0811900995232534 -0.0290515339086094
0.116796871633293 -0.0944792990529454 -0.118695503262793 -0.000579805640270075
0.0540412906302241 -0.133738291057301 -0.104577633008523 0.0423181611657221
-0.00566923632585182 -0.130600499654739 -0.0655132989156975 0.0633359865930737
-0.0521428581212854 -0.109478749485385 -0.0416782882526519 0.0553436158066178
-0.0789193188349239 -0.07820635581956 -0.0254207044109979 0.0383647100066289
-0.0781621964014411 -0.0705451313120454 -0.00712424930470683 0.0157887679547551
-0.081561129789823 -0.0611454545240308 0.00243310726241871 -0.0239930287418935
-0.085624781622008 -0.091857524253374 0.0185928812049996 -0.0522200624118312
-0.0503701556287837 -0.125727496928569 0.0495434106034693 -0.0713175813783261
-0.00844498488955245 -0.150913681460429 0.0908755844346214 -0.0549161277171157
0.0697283342778666 -0.13664332518074 0.102335214304231 -0.0170559721923226
0.143173950582498 -0.0856827161729805 0.0540440670705624 0.0291829737065769
0.170136845554874 -0.0507695331843966 -0.0162437904162267 0.0116167485652669
0.141348056947531 -0.00829463672011605 -0.085680691259796 0.0281648888000744
0.151238215253217 -0.03496655069646 -0.121681112747134 -0.0167487340195535
0.111131730141407 -0.0956940862700775 -0.126514611923231 0.000865137261476849
0.0450454893716545 -0.132543974361016 -0.0989840757560704 0.0276405467331815
-0.0113987899570435 -0.123359289961695 -0.0722271249965629 0.0281256678104463
-0.0524257883567449 -0.10124150481105 -0.0644294202946962 0.0195799948059668
-0.0727127608492286 -0.0731755300846647 -0.0572414456761662 0.00814753015902509
-0.0667152215563515 -0.068517180450606 -0.0392908173088716 -0.00984036956706968
-0.066827602155486 -0.0648935508490796 -0.0287216096887357 -0.0485918904099034
-0.0642093640523613 -0.0946098943451148 -0.00600040880025932 -0.0773881803710876
-0.0270971044286344 -0.121161878237065 0.0349077850270907 -0.0933573113607901
0.0157647856383945 -0.136659250377584 0.0836722577114329 -0.0628034320537105
0.0848244911627311 -0.111540428208877 0.0902117924591345 -0.0130636442707202
0.143509981128928 -0.0560388169763202 0.0272191049435736 0.0348837014349175
0.155047506649669 -0.0260672064655506 -0.0677972644179623 0.0120960978329629
0.101697304678012 -0.000250707493205703 -0.140411529053078 0.032526960210677
0.115613768588574 -0.0233441756273473 -0.148732795318352 0.00273218320973197
0.0848879692777303 -0.0736752976387293 -0.126466343426808 0.0048688074504643
0.0298075437183872 -0.100854290955684 -0.0935232868320588 0.0145760512433771
-0.0106097426342249 -0.0910527161860001 -0.0806887656979862 9.06073709707038E-05
-0.0387615671188391 -0.075517707443868 -0.0863449614864248 -0.00737423711725719
-0.0530648173623596 -0.0578244826162709 -0.0844240716760003 -0.0155438233159456
-0.0457075911175616 -0.0561544467726464 -0.0646299423159661 -0.0334893632284561
-0.0436807977885384 -0.0572869378220929 -0.0504999813606894 -0.074142789059389
-0.0352224174924916 -0.0811843555382021 -0.01956407688684 -0.103430726385794
-0.00308968298116538 -0.09736386756034 0.0312861485808142 -0.112952002866407
0.0359190235952175 -0.102007554418982 0.0819501438898274 -0.0687197798613801
0.0863453236031294 -0.0712038899600635 0.0776361649591029 -0.0107339270481928
0.122154076774281 -0.0197711742199266 0.00365405932603014 0.0292855065347657
0.117728393277908 0.0015882581011362 -0.107100257014664 0.00165092999898599
0.0453721461547872 0.0141344048495598 -0.173293107846492 0.0371158526280982
0.0624579346947421 0.000309288556895834 -0.15750091436426 0.0210884031636293
0.0479834180419883 -0.0327001000735705 -0.122506822609611 0.00763164967211637
0.0166288260747377 -0.0481071411735382 -0.0924031967199046 0.00767530653158132
-0.00054179413499982 -0.0439926198949795 -0.0895879141773054 -0.0133812057062658
-0.0145083795554875 -0.0393995065729049 -0.100187447697013 -0.0198485221542598
-0.0224075076120957 -0.0345298350616997 -0.0997513395875612 -0.0296373704382288
-0.0179102677257138 -0.0346755218187038 -0.0796035467001117 -0.0521414894992094
-0.0165061138017208 -0.0381079867856201 -0.0616776819062859 -0.0961663846408217
-0.00993511912944281 -0.0513607879693936 -0.020685263299789 -0.125308684423649
0.00969644465460757 -0.0578861831184859 0.0376465436972039 -0.12863036327045
0.0367514719568821 -0.0574640914400311 0.0850952589178164 -0.0722490558353195
0.0681542753067712 -0.03029634644175 0.0692463277273026 -0.0120452715178683
0.0798991681112955 0.00838830745818958 -0.00837729796064335 0.0161682947896178
0.0624019704278634 0.0215915550810967 -0.126359557614189 -0.0154637824767222
0.000119343740013839 -0.0263785115897762 0.136763070178924 0.0149074405930124
-0.0258886419022496 -0.0157316827889145 0.0296136714766758 -0.0285965648963567
-0.0304894950277012 0.0080918804432501 -0.0716864077519023 0.00328257006430998
-0.011044288978619 0.0192819949970971 -0.105223008159536 0.0657025456352246
-0.00502787339678362 0.0145063613560404 -0.0553920673769068 0.135750184563948
-0.00608403257328781 0.0113745579038318 0.0129602043121602 0.146434434275043
-0.00846479709780396 0.0128028875211386 0.0629118471970981 0.115492139695758
-0.0134058062139512 0.00770498601555781 0.0952107058781918 0.0696941380381688
-0.0172776716397459 0.0115092530214949 0.106765668917008 0.0333119179722105
-0.0235124050697374 0.00537598285007904 0.111689930585043 0.0162995465210819
-0.0181003789666509 -0.00471638088431794 0.103777144599419 0.0113232540230523
-0.0164240330760129 -0.00491074052388167 0.105601282032256 -0.00131802785951555
-0.0158970430950229 -0.0128490899529423 0.117525333367586 -0.00855643285049927
-0.00171671799737555 -0.0291749679924038 0.138374954204388 -0.00485827697092763
0.0156186772736957 -0.0285344681977231 0.175173123827273 -0.0268208529156405
0.0581369242914704 -0.0250656421504083 0.126277007642567 0.0276461623294183
0.0339382729913434 -0.0219349118080387 0.0209311046340652 -0.0227492127056387
0.0130084608403594 -0.0183731075807253 -0.0760033873545019 0.00516366936894049
0.01367027810074 -0.0222460755484684 -0.106791213584637 0.0633005043614493
3.91512575819127E-05 -0.0307857942489555 -0.0607095906584057 0.129877091355113
-0.0198439766994537 -0.030696658299845 0.00205745139389915 0.140945424335835
-0.0354287663610116 -0.0194977039001965 0.0512083617812983 0.112156932197229
-0.0428578629903218 -0.0204624211222001 0.0833845250872029 0.0683552756723242
-0.0487764977417049 -0.0130099037814492 0.0950630222340286 0.0277350614707687
-0.0565217234561849 -0.0300654211932141 0.103103031243554 0.00591060518966896
-0.037624155489018 -0.0530879832146549 0.103206623875601 -0.00311219019270483
-0.017210044641254 -0.0647742099658383 0.108308016393227 -0.0106336487037883
0.0147525755020506 -0.0648932951573615 0.11713199895866 -0.0127076462438475
0.0555412892179832 -0.0602002736021004 0.121388262700765 -0.00573677582986936
0.0815215088705797 -0.0481219106555069 0.145151709675953 -0.0230226295709251
0.108842660069297 -0.0202533670736791 0.0939599784800506 0.0309646750389414
0.0919859301305826 -0.0241430755504315 -0.00268332447002148 -0.026115191181841
0.0592451835055889 -0.0453787337712972 -0.0890916702759181 0.00386142570025887
0.0376874149069507 -0.0659335928591379 -0.10851188348368 0.0599694408777694
0.00318269062454687 -0.0751693207602441 -0.0623525167470722 0.117129146936381
-0.0328620199806965 -0.0694570932537061 -0.00927035520067554 0.122618448984276
-0.0578891863094639 -0.0491759553818981 0.031852009159928 0.0960494001960343
-0.065657977194988 -0.0456979244012782 0.0594627375581809 0.0581035755359283
-0.073182125528757 -0.0342457556941145 0.0702265298110272 0.0148623299967983
-0.0824757052245036 -0.0578593883066401 0.0809515497632604 -0.0113072667220832
-0.0557649436184266 -0.0904684108308149 0.0916038816458493 -0.0257230643291118
-0.0236609567070602 -0.112139569063624 0.108253270424746 -0.0265127361109941
0.0349086495414692 -0.110294785590921 0.11550983162994 -0.0176073922742022
0.0983830119089254 -0.0865370299765145 0.101673097465012 0.00233478521711572
0.1328242744347 -0.0625448587478968 0.098306126875432 -0.0119299095500847
0.143667508897944 -0.015749147231449 0.0425157283466433 0.0291051752591059
0.138570812084313 -0.0302764177274633 -0.0379931570663665 -0.0320367100868711
0.097493362855018 -0.0735460811660307 -0.10544899000914 0.000629829261215773
0.0526116730972703 -0.108345628569151 -0.10902476655332 0.0531147874603221
0.00077387723014888 -0.112464951451728 -0.0620949015540599 0.0951225565113118
-0.0449427008737233 -0.097868898794488 -0.0230185502539913 0.0923021677837529
-0.073825966675122 -0.0696406324035629 0.00525659934469965 0.0696697291013421
-0.0790302064422484 -0.06341416632516 0.0278444677732358 0.0392894507854231
-0.0842873836762569 -0.051121273368149 0.0373143567276231 -0.00229012411299678
-0.0930714036178273 -0.0784910455339756 0.0510806612500005 -0.031250126174568
-0.0614150710925655 -0.115502789748193 0.0715267316322103 -0.0489918133462324
-0.0232078858620094 -0.142843627470419 0.101310889134025 -0.0420655500425265
0.0525972441640501 -0.136818546232034 0.111306364730898 -0.0186161411663212
0.129561440111665 -0.0969672604924782 0.0794836421882532 0.0163649224725534
0.163281393849925 -0.0642489758867998 0.0422443170429118 0.00186354822291575
0.15543879451184 -0.0122121318435725 -0.0215084894905842 0.026544663322828
0.161179044721737 -0.0359112362347368 -0.0808110850353371 -0.0301264196492964
0.116997733011403 -0.0933235450554941 -0.11925429420822 -0.00221427324594171
0.05439536275892 -0.134828191052963 -0.105873183176282 0.0409260976049046
-0.0056378952490799 -0.131366119159888 -0.0658579436212325 0.0624273171039091
-0.0532356037882853 -0.110080334757639 -0.0426471221933276 0.0556673198934553
-0.0800582045521286 -0.0783124447172294 -0.0266836486447628 0.0385458515774826
-0.0791272801083514 -0.0717934381765665 -0.00710219453482818 0.0159710943644479
-0.08204233662177 -0.0625164946518076 0.00214937664785725 -0.0245867050087934
-0.0867251865282885 -0.0924696880466337 0.0191564297876219 -0.0533699809876475
-0.050986157460663 -0.127214233511644 0.0505985932876733 -0.0723494147771978
-0.00842901621222775 -0.151761152317302 0.0923557916476468 -0.0546203333428855
0.0705098541982674 -0.136944582793395 0.102228616189789 -0.01614479189757
0.145556501521871 -0.0858079510012584 0.0536244028134483 0.0292702646479363
0.171003648360108 -0.0498957096494651 -0.0151628635506435 0.0121593716690416
0.140909139337058 -0.00772501795041458 -0.0868720553492249 0.0269228777513946
0.15290741721986 -0.0344829756798261 -0.121785358513125 -0.0176128462333152
0.111897903952358 -0.0947887921505429 -0.126803760370268 7.25968110653305E-05
0.0455060355387181 -0.133442696040281 -0.0993764265765338 0.0264336514217208
-0.0120199749040246 -0.124374396707962 -0.0716285233341518 0.0272764599132345
-0.0527386639564569 -0.101387312927775 -0.0654311481828691 0.0198348826155862
-0.0735674414830065 -0.0739905613845561 -0.058558768259552 0.00889347326527025
-0.0679933755417342 -0.0695698446110588 -0.0392269649202437 -0.00998353154190626
-0.0673355129297652 -0.0663553303034408 -0.0292439457923274 -0.0488126464291641
-0.0642795123662455 -0.0947584127183396 -0.00596967340836952 -0.077781820631778
-0.0280672611025278 -0.122350154467884 0.035141386731643 -0.0939771427256726
0.0157527012020057 -0.137177756446108 0.0854164530568779 -0.0628126904053546
0.0860836640341884 -0.112038173155936 0.0900692823900894 -0.0126166297679162
0.144624359966601 -0.0561490896843614 0.0266893988588783 0.0351205637525895
0.1558815929946 -0.0249958420459402 -0.0677939870136565 0.0127644644893063
0.101333233709019 9.98517713687161E-05 -0.141264411766481 0.0322272193967492
0.116487114338578 -0.0232772661123358 -0.14871568431782 0.00177020210830806
0.0851243397262128 -0.0735146354704622 -0.1268618178429 0.00367095116587727
0.0305645382653599 -0.101395444661891 -0.094172806163831 0.0131053619523108
-0.0107377510409746 -0.0927665958743754 -0.0811947652229245 -0.000343667446646496
-0.0398646246667773 -0.0755337868450343 -0.0872832472508059 -0.00695506158444304
-0.0538347774782677 -0.0572297287276627 -0.0855100467250838 -0.0145192562580956
-0.0466796215023136 -0.0569783182455497 -0.0649671069935745 -0.033820500758506
-0.0436368547763859 -0.0588701600335243 -0.0515579914235332 -0.0748555351578615
-0.035792075076638 -0.0817414870237759 -0.019512985385209 -0.103973143662762
-0.00377947721434539 -0.0979138085140632 0.0326722276484868 -0.114203442486162
0.0355357078773042 -0.102657649227937 0.0835108602109897 -0.0687071855208073
0.0872275709019548 -0.0713013794039338 0.0780584859929128 -0.0103346494406018
0.123299485579417 -0.0195343299621002 0.00338673801845845 0.0295933289103223
0.11737808414936 0.00193333412010957 -0.107290887484231 0.00264585599929029
0.0442513297782586 0.0145125632964998 -0.174849703366819 0.036033793421564
0.0627056593987683 -3.96776917154463E-05 -0.158089528228793 0.0204007091463129
0.0478941206827513 -0.0325574173555041 -0.122861652453299 0.00653875210227415
0.0164761377090143 -0.0481480296955373 -0.0923727816321427 0.00639167624268762
-0.00107261869613397 -0.0442293444644958 -0.0899785376458152 -0.0138894618916898
-0.0147325036229621 -0.038947375281078 -0.101913681285793 -0.0194236991544955
-0.0228351134742647 -0.0344974901696349 -0.101631102902879 -0.028621758273096
-0.0185346596342352 -0.035336804282389 -0.0801854650472914 -0.0515426456677676
-0.0163325951772448 -0.0390420327902361 -0.0621640949590721 -0.0961204458568538
-0.00973684066103426 -0.0517831981828025 -0.0208302961699528 -0.126115864241424
0.00961456867837644 -0.0583556375566066 0.0385448263081224 -0.1287307860672
0.0369814937377288 -0.0576038214657575 0.0867315892558996 -0.0722780761678368
0.0684986937769778 -0.0301169777297084 0.0700774653745195 -0.0114721585169241
0.0801484894297759 0.00911149015898863 -0.00883137903364747 0.0160177822658809
0.0622624172891627 0.0216711374772042 -0.127096111744537 -0.0150050859231839
0.000198786435248935 -0.0265575343516857 0.139221990605645 0.0125145720674081
-0.0259949671888668 -0.0157826923746654 0.0298090126255496 -0.0296544830305292
-0.0310205489222571 0.00949221298162214 -0.0737604717865555 0.00394801272560321
-0.0103561117229877 0.0197433938168261 -0.107825704229679 0.0688623110896259
-0.00414947352370987 0.0147437800238769 -0.0554892503789658 0.139537119023332
-0.0058135089664883 0.0112717060030824 0.016308184778938 0.149480301756016
-0.00853923002245029 0.0129080795848483 0.0673370474478031 0.116433782306105
-0.0136465724391264 0.00798576790995139 0.0984060157929124 0.0694733613170112
-0.0176324204388582 0.011998914722589 0.110052505414822 0.032125452692327
-0.0240493124102135 0.00594272990984354 0.115642276810441 0.0147976844017134
-0.0184756337005087 -0.00479947362030843 0.106876904017244 0.0107956030020269
-0.0168243648783151 -0.00493317667060034 0.108471966622894 -0.0020276162152711
-0.0159702480919851 -0.0129881963924011 0.11934332215614 -0.00909939761576875
-0.00161432757829687 -0.0301318552617404 0.141963035493982 -0.00574973667725627
0.0161161194642299 -0.0289333219534927 0.179967054238115 -0.0311312208611593
0.0596107936517757 -0.026293358446828 0.129246757858701 0.0253732003665781
0.0346613153162244 -0.0230431619909328 0.0216140202018785 -0.0238239666492013
0.0125631001693192 -0.0186105526334532 -0.0779929004952948 0.00667994397887429
0.0132559341389748 -0.0231883758513623 -0.109200307613685 0.0657609215759059
-0.00062961640620993 -0.0314704322149139 -0.0609574941455139 0.133123125236152
-0.0210413346559066 -0.030848721397713 0.00475823185709896 0.143937687559259
-0.0369779676756668 -0.0194026976841535 0.0545687713479195 0.11330733459164
-0.0445744708737294 -0.0202462244488861 0.0861154460820661 0.0678360107886217
-0.0500494559849981 -0.0126087880857563 0.0977523585870786 0.0258283706668194
-0.0589122793352589 -0.0295405951480748 0.106511143517674 0.00383342011799563
-0.0393794961675325 -0.0540920667726083 0.105643387463828 -0.00443339221098373
-0.018301090929724 -0.065799203723175 0.111592011692564 -0.0118338257664365
0.0144632104876232 -0.0668967264650878 0.118262627876638 -0.013442633413407
0.0558404409394554 -0.0626599879502685 0.124310532351774 -0.00691563209740583
0.0831784917247372 -0.0501099417248631 0.148826104017266 -0.0260806391783551
0.110892890549451 -0.0221467538589596 0.0963005936430864 0.0293173534692325
0.0944446964658994 -0.0268115001651992 -0.00147072206840828 -0.0274085583695201
0.0593008570555844 -0.0465204068636016 -0.0910174609910095 0.0052861876439849
0.0373524204200273 -0.0682419396175564 -0.111080034419842 0.0627385199721503
0.00240481684856647 -0.0773188886042354 -0.062313733108122 0.119981950239134
-0.0349327933780931 -0.0703410342397866 -0.00726204762848554 0.12485053071338
-0.0608255334088143 -0.0491632801065955 0.0341569282540781 0.0971429111097768
-0.068874983799416 -0.0456066119602723 0.0619139767111468 0.0576032239003453
-0.0755628144032533 -0.0338433600600516 0.0722206667110023 0.0130876573622465
-0.0860737448221251 -0.0570682630904617 0.0838532504948507 -0.0137050531472758
-0.0584791817784501 -0.0923010888439722 0.093797509450736 -0.0282594403137563
-0.0263387690760021 -0.114844726173654 0.110737656263718 -0.0284038608435725
0.0345230408525069 -0.113738831851958 0.116565032099556 -0.0185478516699442
0.10032348270385 -0.090966621344232 0.104228086525599 0.00130842050511899
0.134908128628976 -0.0659451696208851 0.100806720907534 -0.0141394398774025
0.145995884766912 -0.0179528779288244 0.0434602919174949 0.0277587033168974
0.142189914108189 -0.0338484056017165 -0.0386393265427011 -0.0330848075545487
0.0978871908615559 -0.0757195776481004 -0.107606347898169 0.0014817497584422
0.0512363228028901 -0.111837285252316 -0.111451617609088 0.0551438322228947
-0.00128948396519014 -0.114865843670101 -0.0617934238063794 0.097248408812721
-0.0479879375568815 -0.0993348445254092 -0.0221198900372506 0.094908980899766
-0.0775324752774294 -0.0698088381038038 0.00627728832692738 0.0716142465896921
-0.0825834026897919 -0.0630479765176891 0.0290170766056046 0.0394385409926864
-0.0875016215231328 -0.0513140614394196 0.037381844335298 -0.00407398217017601
-0.0978571112758441 -0.0785893854714268 0.0523240412907328 -0.0330686579693121
-0.0655287221253822 -0.117855581090605 0.0727167231436974 -0.0519722773262579
-0.0270868171015086 -0.145474689061114 0.104503509812426 -0.044570576611701
0.0513805774417958 -0.141010334430634 0.112299767632028 -0.0201590182517184
0.131446769395258 -0.101535531418404 0.0808875399049108 0.0154750364060127
0.166431753961209 -0.0672652308948338 0.0439683164324952 0.00157307323055359
0.15791426780325 -0.0144884512862362 -0.0216482778135156 0.0263028769554103
0.16503336608467 -0.0391470952762032 -0.0823519759314293 -0.0304950218685105
0.117559398196742 -0.0965750554238671 -0.121655220001355 -0.00133012746446201
0.0534454890884286 -0.138576448936486 -0.108240269115841 0.0422465193438483
-0.008105657045629 -0.134435864204843 -0.0659075171022876 0.0640141905694459
-0.0567915470483745 -0.110798202641061 -0.0427229876923944 0.0578550415494516
-0.0839130509696771 -0.0786773125790814 -0.0267820751591846 0.0409390965429035
-0.0830676655325899 -0.071560769845247 -0.00646935308668513 0.0165190575779169
-0.0851910528854371 -0.0629583432013284 0.00115817983454392 -0.0252158807543838
-0.0903642440904485 -0.0923552883824962 0.0191736938473981 -0.0554951884382089
-0.0551347334374411 -0.130178702101443 0.0506064213176561 -0.0753381448891962
-0.0125150251526908 -0.154929693802339 0.0951735939311552 -0.056778939281422
0.0698396631602247 -0.14185254088902 0.103138561578309 -0.017301082617759
0.147837694087517 -0.0905980666994948 0.0549768842090299 0.0297653406163317
0.173910579322231 -0.0532558402808089 -0.0148529828416543 0.0132120852682318
0.142699435403606 -0.00973074658557084 -0.0887507681753947 0.028206533324872
0.156537019718206 -0.0382434984242919 -0.12327100962234 -0.0165433572820873
0.111973701942869 -0.0982282745389713 -0.129715078739499 0.00103876042067592
0.0436936449848035 -0.137133649793365 -0.101721799906295 0.0272343288060911
-0.0142124568580678 -0.127310079370598 -0.0725265182187448 0.0281205802903663
-0.0564995848274307 -0.1024810212222 -0.0673235634384383 0.0216718593340629
-0.0771018924931716 -0.0739027908257459 -0.060590705055027 0.0112695192315034
-0.0718797994411151 -0.0696682237359148 -0.0399578787193998 -0.00906662218714092
-0.0700355082545076 -0.0666926166633885 -0.0309873076129035 -0.0504552589439889
-0.0680977555731238 -0.0954634519010594 -0.00695222648051935 -0.0802552842091148
-0.0309540023812144 -0.125087582613033 0.0351445034947672 -0.0977708214337727
0.012953900801873 -0.14037916193339 0.0873581641398768 -0.0658555084933323
0.0859894720664046 -0.116338791970697 0.091075869723737 -0.0138824117131984
0.147852999844795 -0.0598896373847083 0.0272955237586437 0.0354601626836815
0.15824953565117 -0.0280319646703265 -0.0684086710055872 0.0151222157562272
0.1028031919131 -0.00163414615227294 -0.144306075395477 0.0343793683338458
0.118476831195193 -0.0259949542873568 -0.151345819969922 0.00392805026338927
0.0859414402471801 -0.0758014269293004 -0.129442104699974 0.00506551201141577
0.0289148633399603 -0.103982285044795 -0.0960964125157141 0.0137994009603011
-0.0130551694006442 -0.0941023960423753 -0.0824331314751623 -0.00035250775127594
-0.0426982644667532 -0.0763828260260813 -0.0907149409036986 -0.00540533678284657
-0.0566002352100542 -0.0574338223273958 -0.0885987136532156 -0.0118970655555347
-0.0496086613104607 -0.0575352845689674 -0.0671114125059705 -0.0330312091006369
-0.0462758013659123 -0.0592106998710102 -0.0541883180952369 -0.075528509291796
-0.0385406281609869 -0.0824415840143499 -0.0215400602071091 -0.106216716483375
-0.00549094645572397 -0.100140845000639 0.0310306018264209 -0.117556411244046
0.0340392299549659 -0.105252510032672 0.0855529412113598 -0.0717600274067554
0.0882501006193713 -0.0741591920706437 0.0792180029853663 -0.0116165884938415
0.126256040043355 -0.0220966981951662 0.0034928771720476 0.030343327593818
0.119468622633012 0.00026070719576154 -0.109007389861418 0.00537940442102743
0.044877430935398 0.0138143984101659 -0.178202247943439 0.0396188766096523
0.0639871374467061 -0.00108617307081942 -0.16047178863526 0.0231974949959581
0.0488425349917328 -0.0336816534383442 -0.124937818471087 0.00755897261159989
0.0153663665362134 -0.0490173419172245 -0.0941571542386875 0.00654070367954494
-0.00306418781101218 -0.0449353444816561 -0.0923451901781347 -0.0135955570197169
-0.016113456799351 -0.0390205289755316 -0.105212757053376 -0.0174974567273963
-0.0240832567412345 -0.0345083734839485 -0.105113540493063 -0.026070807262045
-0.0196500852003243 -0.0355981157425491 -0.0830622934179207 -0.0513250547499035
-0.0173618316819318 -0.0400843816571635 -0.065344650194773 -0.0970474718374857
-0.0109827496777293 -0.0528636496382178 -0.0231696735020229 -0.128577968183602
0.00887108365298758 -0.0597736713106788 0.0366541503083607 -0.132854408946493
0.0366283749412663 -0.0592035809488758 0.0886654890312168 -0.0756184284747109
0.0692982018890753 -0.0314349967506597 0.0716835579728344 -0.0129438348311287
0.0822687958946482 0.00794124549027109 -0.00881009083674441 0.0168782152511502
0.0630026303179207 0.0211717842959585 -0.129709039944533 -0.0116303634934316
-7.91784986564822E-05 -0.0262066216331729 0.141776171278931 0.00648491735568544
-0.0265421711638139 -0.0154667942225902 0.0298858568728262 -0.0326509488985953
-0.0309096419400057 0.0107487977706354 -0.0755724256683484 0.00693094394574687
-0.00993532835356865 0.0201349806721934 -0.107201251917826 0.0747813561430249
-0.00360745601100808 0.0152234018580236 -0.0510976847225258 0.143538241838473
-0.0051910473063035 0.0116626823057526 0.0239233661890774 0.150735365351142
-0.00796478803210586 0.0130669903221422 0.0743255018267426 0.115039786103201
-0.0136278440102117 0.00896528322451657 0.103172913399454 0.0652708884304907
-0.0171646628653544 0.0129924699437043 0.113913626297675 0.0264765739384526
-0.023969563396688 0.0072692524538151 0.119284929546197 0.00944981196298332
-0.019062087414188 -0.00442176328429972 0.109956342572717 0.00655450514452652
-0.0168201262977143 -0.00404803153161757 0.10951992695369 -0.00607740422707303
-0.0163789838569839 -0.0126904328808032 0.120148429683109 -0.0127273498486129
-0.00321416352605715 -0.0313127895072926 0.144338086979487 -0.011190317650309
0.0159274850035376 -0.0305872183454662 0.18205443822525 -0.0403001439508706
0.0598178262148878 -0.0288598422516762 0.132139659723937 0.019828871006735
0.034623686521368 -0.0256084536573645 0.0214558998338527 -0.026190747536536
0.0118051482808512 -0.0191361119989999 -0.0791243399569235 0.0101852912001302
0.0124530640043585 -0.024177824833577 -0.109234063623044 0.0714493593733333
-0.00230035531388902 -0.0326253562779054 -0.0564363239465396 0.137655853699124
-0.0229840231629982 -0.0306030075520868 0.0120809933992543 0.145483792543542
-0.0385423584057062 -0.0181797927349137 0.0612575189953802 0.112266644897574
-0.0468198505688957 -0.018660213340814 0.091122513877074 0.0646273032058437
-0.0520474081917907 -0.010727683536849 0.100749364489717 0.0209581047509921
-0.0613135680145039 -0.0271204759562787 0.109157701477429 -0.00104675564901851
-0.0431447910581582 -0.0543408622613988 0.108570343594077 -0.00866253255141888
-0.021624947713407 -0.0664844211268905 0.113389342367392 -0.0161026455736649
0.0125241708130011 -0.0691102201437492 0.118281473148239 -0.0174558594923435
0.0547417165449659 -0.0668808470991504 0.12605861369117 -0.0108214593908525
0.0830323230209721 -0.054651908957447 0.150951308122449 -0.0345794861251839
0.111455980202367 -0.0269760309902677 0.0985475474079182 0.0247972771569224
0.0957029295896518 -0.0320127506237739 -0.00261217344688933 -0.0287360354172097
0.057995636895204 -0.0489224019907812 -0.0920277564364011 0.00842966814573909
0.0344619192181648 -0.0714132654630235 -0.111275035569601 0.0683480785260146
-0.00119842845966572 -0.0790709673493307 -0.0583753203140618 0.124311783207644
-0.0390230010270355 -0.0701592663134961 -0.0015272528915289 0.127375541615689
-0.0644659914160756 -0.0469803450606231 0.0391656720057573 0.0968419389261284
-0.0733012072088363 -0.0427148685341266 0.0656737923507041 0.0552812962859059
-0.0787552084726902 -0.0317692824816246 0.0736114034529217 0.00921749736426781
-0.0904804031023607 -0.0540764319263603 0.0856806220849091 -0.0183704394585616
-0.0638060975564854 -0.0924096295341955 0.0948437479542589 -0.0328205466751574
-0.032465598923169 -0.116133054169893 0.112067545562925 -0.0332209970555346
0.0306012815208994 -0.11764087004856 0.116637828909279 -0.0225632975573875
0.098732633904424 -0.0977207226261616 0.10588746593313 -0.0023885540844119
0.134729871916989 -0.0724489672939786 0.103094354071212 -0.0194180901882988
0.147085239433653 -0.0242736380867515 0.0449899787892559 0.025631566808776
0.144078820934924 -0.0406574207046162 -0.0392858322972253 -0.0324306561755971
0.0964352945609764 -0.0800186519622052 -0.109242419619736 0.00520099506293929
0.0471440039743272 -0.116483977827527 -0.11217534771544 0.0602989596872515
-0.00653150284948481 -0.117309339231439 -0.0592036571889473 0.100985661796114
-0.0540467157749918 -0.0986033353766762 -0.0182755358168012 0.0974277480772581
-0.0827823978855492 -0.0669549077158251 0.00924093514917474 0.0723058003574378
-0.08749032789253 -0.0605650000211861 0.0315954987703377 0.0382870819825299
-0.0919565836023472 -0.0485066109838241 0.0376967077278294 -0.00646448791241869
-0.103615555996881 -0.0754073643554398 0.0522162092409393 -0.0367784321732666
-0.0729024820542145 -0.118099529250841 0.0725368131928696 -0.0566863900357331
-0.034897289299532 -0.147109966142372 0.104876498349501 -0.0494291498218669
0.0461718722682779 -0.146192505799215 0.11236185047954 -0.0241393731672585
0.130382526187888 -0.110130521565927 0.0830260111570465 0.0127954305649772
0.166538149821354 -0.0752224418128519 0.0455709914282832 -0.000437667664933805
0.159043108223406 -0.0208777613650042 -0.0218486056791131 0.026586180055905
0.166670928676721 -0.0474995145938798 -0.0843323506673086 -0.0286272825666649
0.115619525560506 -0.102509449383512 -0.123428644087868 0.00262828442653757
0.047679476268955 -0.143893617094835 -0.108723654138964 0.0471638168679652
-0.0154468500811638 -0.136892432715725 -0.0633406723337094 0.0670748641313056
-0.0636451101122889 -0.110195238616215 -0.0411489368966594 0.0610579502103576
-0.0894939354362199 -0.0754190642860385 -0.0259296276462798 0.0435120628806322
-0.0892326502919554 -0.0686091848335221 -0.00593538154983923 0.0166027687159118
-0.0901923208812328 -0.0606191171599578 -0.000619333867238959 -0.0266647598353318
-0.0970053346202727 -0.0897107944322024 0.017270134559573 -0.0579195625963634
-0.062965180759333 -0.130543802556212 0.0485517165514135 -0.0794854861018607
-0.0199964198865115 -0.15719222215065 0.0954990773463319 -0.0618683192594901
0.0651970548293099 -0.148046549843376 0.103005615391318 -0.0217657471460061
0.146761845406249 -0.099556233306593 0.0570282857107729 0.0279573073615463
0.175020258232965 -0.0619221569023685 -0.014347897773177 0.0144976823783634
0.144093418136505 -0.0158310783115476 -0.0890272245521781 0.031650138123919
0.157951349765709 -0.0462423538168949 -0.125849497549189 -0.013128619603606
0.110036850693722 -0.103928691493016 -0.131368438647911 0.0050650708152965
0.0378190985808369 -0.141695304073827 -0.10281206042193 0.0307650032257988
-0.0209758298905416 -0.128937112440019 -0.0721919112679876 0.0309582871633323
-0.0622982806851663 -0.101299707772109 -0.067886309975584 0.0250697836075353
-0.082564628526655 -0.0708760038292674 -0.0615459381926437 0.015252286869751
-0.077600571623801 -0.0675082571682268 -0.0415507383475775 -0.00737780726121852
-0.0751095693015413 -0.0649971053580414 -0.0345233402841714 -0.0502924607265193
-0.0746972827049707 -0.0940269369455657 -0.0109343782384643 -0.0819451228773461
-0.0385671882114757 -0.126451652382361 0.0319862760820492 -0.101951966106364
0.00553808344866337 -0.143018848574368 0.0877996025385137 -0.0707803027687612
0.0819669407594486 -0.122412036042644 0.0912456607081812 -0.0179128643796618
0.1486170196856 -0.068205072626904 0.0290188361048431 0.0352653274038159
0.159190855623182 -0.0350270682274309 -0.0683264534224953 0.0190857871810148
0.103309231554443 -0.00545324627568789 -0.146001226171328 0.0403266742736924
0.119759967700198 -0.0320455632563451 -0.153335078231113 0.0099484200908355
0.083234101488074 -0.080226645729624 -0.131378951228364 0.00975248166210115
0.0244065979578977 -0.107180258481458 -0.0972796803784864 0.017259915595114
-0.0183739558771275 -0.0952745886318194 -0.0832792363885881 0.00202129042039517
-0.0471182571320266 -0.0748405142996326 -0.0927880935989729 -0.000973527770446503
-0.0605803090001262 -0.0554971833861789 -0.0912062493521928 -0.00658120139918138
-0.0541918740283461 -0.0558209830086087 -0.0694838766157617 -0.0302174883740129
-0.050606102533974 -0.058950209269698 -0.0590100717328141 -0.0745423550999805
-0.0433821307677651 -0.0822666043351172 -0.0266802241518932 -0.107525833163784
-0.0108301990712064 -0.102467436188418 0.0266519047335791 -0.12136693098911
0.0293741176893794 -0.108249197561594 0.0851384221172049 -0.0767072049598321
0.086372337133866 -0.0792704251686628 0.0794777466866397 -0.015439926153324
0.127592916455773 -0.0285183320581462 0.00480714264234755 0.0309286215735428
0.120843267282303 -0.00501776648353815 -0.109872059902958 0.0123804838792853
0.0451762133290263 0.012257674943771 -0.180537586104332 0.0479264696625293
0.0644800892005878 -0.0041108554677059 -0.161617166821788 0.0295994865946752
0.0475261303092505 -0.0358083252147434 -0.127033122857387 0.0127474004886463
0.0134489250596513 -0.0499340234591178 -0.0952369639227432 0.00961233758812299
-0.00520088774177565 -0.0451633753343902 -0.0941573478701299 -0.010841758321646
-0.0182835264157811 -0.0385868345113045 -0.108512765771736 -0.0125474490048491
-0.0259364051947691 -0.0337523743146183 -0.108284075187042 -0.0202057957590914
-0.0220790038725336 -0.0353252489961373 -0.086600981840665 -0.0475220486470621
-0.0198762573575992 -0.0397965335610861 -0.0716027354506965 -0.0953669181834411
-0.0139124573656535 -0.0530128309508147 -0.0297853618916401 -0.130186774026087
0.00605063336259969 -0.0604278333832972 0.0320765351478916 -0.13756716552901
0.0343153757424821 -0.0616400811344369 0.0880793725051377 -0.080799524586481
0.0691243692943167 -0.0353050834939937 0.0728166886477617 -0.0167514129798321
0.0840283449431037 0.00433076543797181 -0.00896809204809925 0.0174161704401441
0.0643225671255398 0.018895452118658 -0.131780911381894 -0.00434771497973973
0.0107130014734502 -0.0245445141136751 0.123899402401635 0.0685341927515837
-0.0178582391508184 -0.0257190828530688 0.0414221787620009 -0.0161653415960939
-0.0317860213059821 -0.0027951567111777 -0.0693687108537136 -0.0264163945643324
-0.015981095829369 0.0134733600488441 -0.12956160869944 0.021159610566188
-0.00748559918152503 0.0116552710288873 -0.108790904382869 0.106307418350975
-0.00795906020467941 0.00820943077016057 -0.0443594259614183 0.14474614832424
-0.0114216568895338 0.00961062907241429 0.0167327132059977 0.135357158830598
-0.0160123896243927 0.00180324657857136 0.0645139025355273 0.101699111381277
-0.0202082624721474 0.00410506428326561 0.0907339106861001 0.0710329777766726
-0.0239456582232085 -0.00398176592460786 0.102259173682923 0.0595832532503551
-0.0146284892034659 -0.0128972751581793 0.0955945631148406 0.0536494414228222
-0.0107219884290068 -0.0113363313583856 0.0997846602299065 0.042970569136349
-0.00678546313270197 -0.0190332815568663 0.111810147036763 0.0434092574575021
0.0130851724975064 -0.0292091233294872 0.135372938778957 0.0578294671289958
0.0282454855043853 -0.0209316568619679 0.183012385314552 0.0497734917724658
0.0655865408017814 -0.000608022204258334 0.109240988876745 0.0744392863362612
0.043099563919955 -0.00786549536531445 0.0301184340979599 -0.0143314806664058
0.0199418353091248 -0.010819489394171 -0.0756880349519783 -0.0258810502222774
0.0233084673137069 -0.0164031229786307 -0.130979113024428 0.0161657474938421
0.0146051305457448 -0.0301281095052694 -0.112737938313615 0.0974412577196197
-0.00661447709567346 -0.0376066673755916 -0.0541959369343663 0.135742331628168
-0.0261770736134205 -0.0322696283945962 0.00542531789158959 0.127111170632521
-0.0343887278580316 -0.0379108866691178 0.0530731289295228 0.095796911290955
-0.0412743055258375 -0.0324399046900258 0.0812775098554057 0.0607579732161281
-0.0436623863217534 -0.0510036395406093 0.0988739724041178 0.044319952209509
-0.0151580031596419 -0.0684343584859341 0.102185743383933 0.0373323532477483
0.0110920873524399 -0.0694708439234865 0.108195479881335 0.0340257248852974
0.0433539650097613 -0.0563792660633985 0.114297465059167 0.0380199094255947
0.0800195497002668 -0.0368610965895741 0.119439096204303 0.0508816802769883
0.0988816946735302 -0.0133846682249503 0.151634970541062 0.0424143907319163
0.11154769934124 0.0243592728497417 0.0774353290662456 0.0622867810388703
0.101155795798535 0.0131841782395727 0.00825901767202951 -0.028295352237884
0.0743080970628028 -0.0168756216612485 -0.087948685246424 -0.0341176989085848
0.0627104529611542 -0.0486288377727913 -0.132476613130113 0.0117878338734493
0.035461894498995 -0.0720432729229801 -0.110865532408885 0.0845811299848741
-0.00393126027710258 -0.0795602907848187 -0.0592853187578741 0.113748894206877
-0.0373806494902832 -0.0695995331812962 -0.00851890517117231 0.103768733987151
-0.0479855051395155 -0.0710783320419843 0.0345092491599163 0.0765902332416806
-0.0570082054928209 -0.0627138725587095 0.0619736558864854 0.038269712794036
-0.0586635519712288 -0.087644900650328 0.0850394471978544 0.018611407129459
-0.018899558546207 -0.111915491343769 0.100740087634452 0.00826810065979664
0.0223590364534769 -0.118071308946502 0.116033622840581 0.0168750348261256
0.0816203928942717 -0.0921383502197072 0.116258252081762 0.032544323765183
0.132779467956527 -0.0448933288886424 0.0972507371717954 0.0496143064847599
0.152555888854819 -0.00679083741391021 0.101590123492104 0.0339120138412506
0.142265449022154 0.0432090405907115 0.0282180650378102 0.0380838378612209
0.14820322425334 0.0270135901295637 -0.0246851075888904 -0.049202313424585
0.123364243785782 -0.0283544094523229 -0.103601719051273 -0.0453722025201402
0.0936566908149522 -0.0822302003086382 -0.13103312067153 0.00313680848067207
0.047028989877541 -0.10811536507605 -0.10242940129006 0.0630367210978845
-0.00520826613428736 -0.11229073107704 -0.0619067320546644 0.0808173790775966
-0.0454893090529686 -0.0953992628704252 -0.024673670730837 0.0688910008189849
-0.0537498439943639 -0.093086961346984 0.0112558956273101 0.0469478271876278
-0.0618546994624312 -0.0830394688225554 0.0368207676841807 0.0092308101548416
-0.0618581079775832 -0.111403857517712 0.0639204349203 -0.0128507041730325
-0.0158283534728202 -0.13906831273647 0.0924135883074393 -0.023170005445905
0.0330613806682909 -0.147166066588871 0.118458528727914 -0.00136174215090954
0.108180269890533 -0.110614362466832 0.113630919343325 0.0289275144746465
0.166549087505864 -0.0423115595192424 0.069347775854148 0.0532822270417526
0.182131324594496 0.00495858754601697 0.0407616618644761 0.0239147165868135
0.152121827534018 0.0520286358768987 -0.031736029469517 0.00900286561003318
0.172585114374368 0.0311336998593013 -0.0672191955745444 -0.0650164495958428
0.150768862208147 -0.0387213807009459 -0.115616904267273 -0.0539999101581172
0.105726051201391 -0.107367526529063 -0.123008824798393 -0.00849921871549184
0.0471899649355337 -0.128502305142038 -0.0925822065422082 0.0314672282603714
-0.00921112034763813 -0.125570835646487 -0.066957742838937 0.03815062860013
-0.0488549151048402 -0.106219934329442 -0.04402994646263 0.0281887895280855
-0.0515425431505381 -0.10203325447248 -0.0126941893082944 0.0116536440190336
-0.0555472551714542 -0.0933262444449437 0.0111203676432974 -0.0245883148466745
-0.0500703650590961 -0.121924974810852 0.0412561650444313 -0.0462525948325385
-0.00133751753378358 -0.146446654682902 0.0807304778473185 -0.0538196388039879
0.0493975314276808 -0.150151872686545 0.116293385798919 -0.0170026701053892
0.125548420963733 -0.104019133759917 0.105026689607557 0.027373360817088
0.176816571333456 -0.0247998653237969 0.0384238794678314 0.0554928515099226
0.183031907418529 0.0203897975836431 -0.0194446612314752 0.00945012518557971
0.136581328548861 0.0503047865211057 -0.0947772237975083 -0.0156716188286432
0.164112979475024 0.0277085001837596 -0.110879578333416 -0.0685328477475954
0.146066841973881 -0.043188727645447 -0.123206233672021 -0.0554685994898287
0.0960962035829135 -0.109007663308578 -0.109958852050927 -0.0195572075026837
0.0383366977718285 -0.124361460389524 -0.0833516912346116 -0.00509043159841789
-0.0125690537942018 -0.11724866698806 -0.0748545868313819 -0.0058733357853201
-0.0439770632356474 -0.0989505292906949 -0.0634289921646345 -0.0120202842235163
-0.0415280179073976 -0.0955166343458449 -0.0340058032204199 -0.023972315314841
-0.0402406001751717 -0.0905826022800043 -0.00961621474179831 -0.0605512771457171
-0.0281176384932371 -0.115675771052122 0.0264640934078415 -0.0792456776403767
0.0188789077641095 -0.1315670333631 0.0757241878770634 -0.0801516124636877
0.0667287737043695 -0.126066973202011 0.113838193142717 -0.0269126105778623
0.128547242913952 -0.0738443890254667 0.0925378906525858 0.0259050661860462
0.163339258208503 0.00356804132511247 0.00958412028020735 0.0495592547194946
0.157004646118565 0.0378429955065316 -0.0704465499700665 -0.0117749627127842
0.0957543052571922 0.0416099385733631 -0.150695567547115 -0.0320825389868333
0.123947384297169 0.0241804419571614 -0.144501769821992 -0.0604737912572378
0.111827677039704 -0.034431500749547 -0.124597126016378 -0.050350269033264
0.068693440723354 -0.0836321517279745 -0.0977831935101027 -0.0293858017394565
0.0254124437502773 -0.0922042914818482 -0.0802474976186545 -0.0354361376087157
-0.0109402610881452 -0.0865162740988845 -0.0849912083827048 -0.0400999766747289
-0.0314648740169938 -0.0758902769450021 -0.0794073117865919 -0.0437975341959501
-0.0250218717603538 -0.0740551327342686 -0.0494424781507732 -0.0564918764367031
-0.0213426289815806 -0.0743140084841074 -0.0206157349354155 -0.0912648774647088
-0.00637688754597578 -0.0932068764429499 0.022762585601749 -0.107524592553535
0.0328613382825288 -0.0973924978337564 0.0793195394370191 -0.098950562232215
0.0723872713035526 -0.0851338778892531 0.113811394059226 -0.0325493841456168
0.113413759990257 -0.0328861154599815 0.080741391867918 0.0230152033337278
0.127123697478586 0.0296872332832722 -0.0113262050501012 0.0337820779695145
0.10968626630044 0.0479280631932549 -0.104316510614 -0.0379692496689581
0.0370994042860506 0.0321607350006253 -0.183730831765101 -0.0383813857095578
0.0612835142130158 0.0248007677255463 -0.159034675290597 -0.045672368030188
0.0599665001215425 -0.0104575991516127 -0.119912983189181 -0.0457834659408866
0.0346551488392736 -0.0375581021072072 -0.0907348401691901 -0.0341322113772232
0.0149888705769906 -0.0411345443963164 -0.082018365344781 -0.052286849786432
0.000206826173128916 -0.0410721938649996 -0.0935574884761304 -0.0585620750254139
-0.00986781715121707 -0.0415213224967654 -0.0887619752024989 -0.0643472955182881
-0.00515674276235582 -0.0424520079733842 -0.0567957866937988 -0.0789768754025683
-0.00197655539873035 -0.0444761212187939 -0.0236544259373973 -0.114898527885774
0.00926721511255683 -0.0542770740364431 0.0293893194926567 -0.127621382991401
0.0303576974054692 -0.0526241870683916 0.0888718125560529 -0.109137032958117
0.0571908894140831 -0.0420164347039287 0.116381027260165 -0.033370144585488
0.0778396983645511 -0.000957526247066993 0.0737919774034685 0.0187836316770727
0.0729889338493646 0.0402462357734372 -0.0175310553882689 0.0142739193164673
0.0481412743385661 0.0443243778914111 -0.116369266586708 -0.0636412016441448
0.0101821423263282 -0.0243912484627937 0.124043708693878 0.0602576805535323
-0.0179365387517023 -0.0247319049350337 0.0410746701868914 -0.0177163945753323
-0.0303196360973159 -0.00157046432178647 -0.0689430202657837 -0.021839690856378
-0.0149452803038119 0.0139362991303079 -0.125471547696579 0.0264108166659989
-0.00666751736195253 0.0112418208368777 -0.101582434767617 0.108180359874971
-0.00703662430636423 0.0076932213105023 -0.0359901593057397 0.142814094437044
-0.010702840919051 0.0087194940636164 0.0241029602400148 0.130256590789985
-0.0153321790723784 0.00244843343813605 0.0674619733361983 0.0952736016001076
-0.0189667992849767 0.00478862522737178 0.0924497551544241 0.0649020994224772
-0.0234550968313353 -0.00292364341404242 0.104049766594809 0.0525980858938507
-0.0149361870792742 -0.0125146209934278 0.0960638373865603 0.0485032836147454
-0.0108112820882784 -0.011126342603437 0.0984249023822485 0.038448516930148
-0.00741135078112993 -0.0181041784902037 0.109836649404982 0.0381918445570457
0.0114740098860392 -0.0295132522278135 0.134122633350209 0.0504677707337177
0.0270157501602165 -0.0216191795199228 0.18122867950876 0.039917713136204
0.064286944019134 -0.00373372544597592 0.109683368223514 0.0664097034407002
0.0416184178682109 -0.0100626037955291 0.0297385878506803 -0.0162792328954859
0.019158573639279 -0.0111659622311 -0.0750754727992325 -0.0218055168789529
0.0209136733928952 -0.0175716934613354 -0.127194916986745 0.0218903135459134
0.0127550780157572 -0.0306390189953646 -0.105818466211583 0.100036644562654
-0.00803332798354039 -0.0368207994138084 -0.0461448682305992 0.134310558120585
-0.0276489347850157 -0.0301998414486769 0.0120220032872049 0.123480105161003
-0.035987705632746 -0.0348231321224836 0.0567905524985633 0.0897548838440438
-0.0417135063408155 -0.029774116257761 0.0824340493336665 0.0545221624625647
-0.0451889933715032 -0.0473817730587271 0.0996541661247848 0.0375293726948267
-0.0186847893821147 -0.0669344823293947 0.102290493941097 0.0320311544657685
0.00752957606113058 -0.0686371051386915 0.107726217661598 0.0289853791371084
0.0403539793011951 -0.0571444957219228 0.111043447823131 0.0336515788073275
0.0765237910632671 -0.0398703392086794 0.118103483850617 0.044145237573867
0.0960589089722721 -0.0172635401803782 0.149674415197038 0.0338859700831635
0.109237531122048 0.0185981848769306 0.0774904070607781 0.0565313113349139
0.0993447671939934 0.00738076070418147 0.00843474066002194 -0.0290825044195735
0.0715495833607071 -0.0195067701771035 -0.0870364990263451 -0.029753773717661
0.0580868571339162 -0.0505994245695913 -0.128908038003919 0.0170242088824714
0.0306200817192902 -0.0722478604273597 -0.10356125663446 0.0869776704756477
-0.00845823221740338 -0.0775914301248479 -0.0516902708313023 0.113574575949603
-0.0403480115561838 -0.0654276089992271 -0.00266707138823409 0.101481132342949
-0.0510379611631716 -0.0670798089774877 0.0373640592701581 0.072627691573942
-0.0587754802268846 -0.0581900312136604 0.0621326050800956 0.0339556043735843
-0.0621394739925552 -0.08240049564674 0.084972665715661 0.0126921632574376
-0.0246355048845888 -0.109435329234774 0.0996421944470842 0.00356972644147293
0.0157390428116084 -0.116459239773785 0.114699464905028 0.0121376310885663
0.0750123422659319 -0.0936943481390063 0.112871854375228 0.0274707224639944
0.128136157701314 -0.0500995732140738 0.0963304359557637 0.0444134954074832
0.148836618543321 -0.0136235699454545 0.100350843163015 0.0282679775651576
0.1397383540468 0.0355309304200754 0.0292016713683142 0.0349910365047012
0.146178941900542 0.0185106653887276 -0.0244317746294073 -0.0477137565262406
0.118492720844112 -0.0318818207744825 -0.102102216290361 -0.0398991715188654
0.0870431809691519 -0.0850627067164517 -0.127786754207734 0.00890465162225515
0.0403690389403927 -0.108038511326069 -0.0962194696823881 0.0652373574466023
-0.0112285834821315 -0.108186027911656 -0.0560131238298892 0.0811518470324379
-0.0494112156427181 -0.0901062547007555 -0.0210941258340905 0.0691183086131068
-0.058142673430916 -0.0883652179302808 0.0134440774022504 0.045645728742758
-0.0644402941654834 -0.0786113252086239 0.0352423002018394 0.00659385735580439
-0.0659969565750792 -0.105664000794368 0.061745410872092 -0.0166275118419346
-0.0225039341305229 -0.136206002976486 0.0889716409894048 -0.0268015485095927
0.0249408961104595 -0.144834993762198 0.116208653437322 -0.00647164398397608
0.100240443703741 -0.113673792413584 0.110044574772063 0.0240930498433692
0.16073785461777 -0.0494888402201644 0.0696161909728552 0.0493756451556591
0.177653244440538 -0.00413077488797408 0.0411473446773135 0.02213633754634
0.149332376634323 0.0437780938179403 -0.030746336972101 0.00940456771336999
0.170181784318628 0.0217695195324232 -0.0667015856660154 -0.0613490358431164
0.144493930346803 -0.0442063520881091 -0.114969184159061 -0.0480623116619478
0.0977934648629505 -0.109014639305786 -0.120154801247592 -0.00322976819656758
0.0398077068011311 -0.12841325406646 -0.0875064901469484 0.0332675222105331
-0.015735930295243 -0.121744161469732 -0.0626075665945549 0.0398276297512819
-0.0528112910411445 -0.0999501173396148 -0.0416239026699136 0.0305252986164789
-0.0562256707198136 -0.0965272950214992 -0.0116438503799862 0.0125670540243442
-0.0589807977418093 -0.088700317033642 0.00890171602552114 -0.0255693457083974
-0.0550789734713456 -0.116294955350209 0.0391955470278636 -0.0481660645478132
-0.0097727355918522 -0.143553893890685 0.076814561405791 -0.0566827872187521
0.040301866647262 -0.148706120290757 0.113397075577412 -0.0216242691863453
0.116619174870049 -0.107717154861541 0.102135569846732 0.022476760072792
0.171512271254601 -0.0328762085485002 0.0395133351593236 0.0522389844429614
0.179033606898272 0.0108016059328187 -0.0181081651160755 0.0112119831820978
0.134174497911335 0.04263962747355 -0.0936739400284655 -0.0119401367195215
0.161435930748279 0.0196077918342777 -0.109215921264752 -0.0626757429809802
0.13994062208573 -0.0481317125202917 -0.12245947802692 -0.048809262152596
0.0880909023681629 -0.110590352983676 -0.10796231071477 -0.0146173052752431
0.0306209809941971 -0.123315379589016 -0.0807869729775055 -0.00254235550180614
-0.0183938054841451 -0.112929827963726 -0.0724198054379589 -0.00242216773137936
-0.0488062799897051 -0.0939537733828184 -0.0626247362297367 -0.00734222253030715
-0.0466837878241541 -0.0905272859477564 -0.0338088778145426 -0.0217564060972384
-0.0441153243214574 -0.086798341369418 -0.0127984300703303 -0.0582266677941761
-0.0341129203904638 -0.111771101585343 0.0222501640423662 -0.0790027600796058
0.0106432986711778 -0.130284345211012 0.0696644040324766 -0.0822799021389242
0.0577894994234381 -0.126170267906768 0.11055711564179 -0.0319725977620835
0.121855739488765 -0.0780240374585519 0.0900138181066061 0.0209102762226564
0.160130395914308 -0.00477588497790207 0.0108848285877975 0.0475914748565789
0.154685357602115 0.0290479007131962 -0.0684841186638397 -0.00668036851312502
0.0950511403654988 0.0358707219245142 -0.147956955454154 -0.024618861856538
0.12134018492088 0.017460641947612 -0.141893201229178 -0.0523890037669806
0.107034708402358 -0.037778949576534 -0.12294747564719 -0.0446396825945013
0.0625787374889801 -0.0844580149583797 -0.0960435002380873 -0.0250893175948123
0.0193981588869653 -0.091166088398024 -0.0789149707774702 -0.0325726295426199
-0.0149148036393732 -0.082934098689521 -0.0853511938364119 -0.0356184692273746
-0.0346952542847842 -0.0709405139134789 -0.0803299542573428 -0.0380929885670005
-0.0291062207670174 -0.0713269065054041 -0.0507812442108588 -0.05237552731627
-0.0247218194968309 -0.0713566627780049 -0.0251725677399324 -0.0882694231975313
-0.0108891094771024 -0.0894243716537935 0.0169575259880304 -0.106707679249368
0.0263123251434882 -0.0968212435561156 0.0724302444956667 -0.100912623107137
0.0652403726676784 -0.0862140963318296 0.110111771576137 -0.0372511415505707
0.107748843807278 -0.037901420789611 0.0788922635023178 0.0187443763605461
0.124879785108499 0.022899563628216 -0.00999931872392482 0.0336370520104681
0.108133617633747 0.0414820633867793 -0.102817712513191 -0.0304664127418171
0.0365712663708697 0.0294386574395039 -0.180864981442156 -0.0285276434837529
0.0614863764072438 0.021568217943785 -0.155654881743499 -0.037668030078112
0.0572255577622289 -0.0128668517039163 -0.118209168036179 -0.040181159481379
0.0318628686859823 -0.0377469266790254 -0.0899482837427264 -0.0303609331748129
0.0123803405942426 -0.0407398683046122 -0.0818443375246328 -0.0477375228509092
-0.00214791730112549 -0.0393985864679299 -0.0941727137491262 -0.0524756493593675
-0.0122178614031084 -0.0392091807633458 -0.0901207987793144 -0.0568093264852343
-0.0076817745421105 -0.0405548419063898 -0.0590865445271807 -0.073623114602273
-0.00430809440053251 -0.0433608179807386 -0.0287720946780962 -0.110784145030827
0.00553362259837706 -0.0526234476999448 0.0224388713465856 -0.126542772467597
0.02702114204882 -0.0528848984828525 0.0817169044165628 -0.11109011685253
0.0529598337988791 -0.0429978015205702 0.113203017941565 -0.0384047684763333
0.075264787940735 -0.00456988971683684 0.0732374327023737 0.0150153366267883
0.0730382890354118 0.0357356859667385 -0.0167262289283486 0.0155639792589476
0.0481981570139893 0.0408981756041106 -0.115669938159605 -0.0545554287229623
0.00982109613418746 -0.024264326521167 0.121405524126178 0.0541784230669054
-0.0174725427270478 -0.0241143503043947 0.0399444377722715 -0.019173098883698
-0.0290736116733608 -0.000621541240187336 -0.0666581069277878 -0.0194246076118945
-0.0141142554810502 0.013420111115181 -0.120980036106251 0.029468135755789
-0.00611443269336855 0.0103593607178294 -0.0959082538442587 0.107300078850155
-0.00664019510480885 0.00701487586014017 -0.0300935459626045 0.138996134887135
-0.00990202504117857 0.00860699897065344 0.0280534980095295 0.124374196771071
-0.0146184085136012 0.00263942176763044 0.0683400931737044 0.0897097348383054
-0.0178368609751457 0.00490641035963502 0.0917633814795205 0.0593369839326873
-0.0225507686828088 -0.00224966085633556 0.103653498073756 0.0471824009290546
-0.014703056265104 -0.0123584315166793 0.0955081115440298 0.0449745049764736
-0.010073615995275 -0.0109438912136051 0.0953122906340797 0.0348000155403567
-0.00738843314272435 -0.0175922999200629 0.106082462366499 0.0351016273706986
0.0101717485489822 -0.0293168625883801 0.131023630184898 0.0461370942255186
0.025871188933712 -0.0218107990014699 0.176515063425645 0.0324295665131169
0.0619156341270902 -0.0049297885676528 0.107516298675044 0.0604179922536454
0.0402881507407347 -0.0120669512152478 0.0291339663891196 -0.0172741578752751
0.0178796904128541 -0.0112740552152976 -0.072041726810264 -0.0190596945444302
0.0196695389036489 -0.0179833984684644 -0.122922055650465 0.0249997043418505
0.011239347798721 -0.0303670117004938 -0.0994602487565521 0.099754698477507
-0.00857408465544317 -0.0356055255781936 -0.0397724903366643 0.130765784557776
-0.0274172826438355 -0.0284284883348642 0.0158561532541913 0.118266155233375
-0.0357203454703969 -0.0328175928583811 0.0578857959942003 0.0848649011282525
-0.0411520925288944 -0.0276742280939181 0.0814375285646967 0.0499899871520498
-0.0455714629174646 -0.0442939766297647 0.0988512610142442 0.0331588035584823
-0.0203941390890545 -0.0650937135320309 0.100665587378439 0.0283664751196221
0.00559907710803575 -0.0666920685418024 0.104430837269612 0.025300062443936
0.0375307342392702 -0.0570779670977952 0.107226037976636 0.0307524447592717
0.0739678546559442 -0.0411632996334226 0.114887184128833 0.0400377954606851
0.0924860274690052 -0.0197647586677375 0.146361753715972 0.0278984186361854
0.105679225466648 0.0156880022708465 0.0765543050461286 0.0512675947991921
0.0964386151066346 0.00400358667870088 0.0082553826191659 -0.0291558288258778
0.0685720798956343 -0.0201621883904473 -0.0842858325799303 -0.0259932802531586
0.0541480290878386 -0.0510431364295855 -0.124965236609375 0.0194149033076886
0.0269469488159112 -0.0709683377379593 -0.0977141794987182 0.0863184407663543
-0.0105835141913261 -0.074570122712641 -0.0464121157157456 0.110857341070996
-0.0411326433958085 -0.061549541750894 0.000481207258372509 0.0982316721802164
-0.0520457016667362 -0.0628069441131724 0.03792668418426 0.0680712581387846
-0.0590002163300601 -0.054894532568594 0.0610861420646811 0.0303315276759778
-0.0631252610250154 -0.0772160372428409 0.0832768324217377 0.00927198663487045
-0.0275777019371276 -0.1064071469034 0.0973511837689156 0.00128225540524792
0.0119063330398804 -0.113438340251448 0.11121307059911 0.00821390082250914
0.0702502473332269 -0.0934105000730551 0.108353556835712 0.0248162914028511
0.123092283009596 -0.0524445001012229 0.0939851873022425 0.0404864517249281
0.143877439841664 -0.0177327218767675 0.0983665295236277 0.0244536360630201
0.135181114702077 0.031626921052443 0.0288146248392552 0.0318242525439975
0.142565129239324 0.0132056234503661 -0.023898922615391 -0.0470108787472648
0.113493520199294 -0.0336205243325526 -0.0993657699728674 -0.0356479170824104
0.080441773677445 -0.0851861002502117 -0.123515695332697 0.0112154592538308
0.0350208289730756 -0.106053094027665 -0.0909187782955262 0.064843186042744
-0.014573096167573 -0.104330633917431 -0.0516479862053847 0.079470095692034
-0.050909312683288 -0.0852674794089165 -0.0182670082695406 0.067750505469777
-0.0596092724403144 -0.0829981062435067 0.014330417111346 0.0431485659400522
-0.0652440558436451 -0.0746240801379836 0.0337845367726873 0.00490312075778418
-0.0675079399538615 -0.0996537975375245 0.0598697685251531 -0.0186361675237972
-0.0273773140773449 -0.131795011614878 0.0859265621373344 -0.0290925653527123
0.0187329977226966 -0.141664604225853 0.11303888240865 -0.0100515965486547
0.0936568257077948 -0.113633936573975 0.105588526763428 0.0215552285410649
0.154948635443541 -0.0531717934984999 0.068166818706097 0.0456645261307202
0.171419286462408 -0.00879352237788429 0.0411988595134082 0.0207475823839872
0.144586382856587 0.0387408083975211 -0.0300967747439475 0.00908923709259344
0.165398833997056 0.0154338605640733 -0.0645278741279916 -0.0586059043659429
0.138668984398051 -0.0461212244852439 -0.111866680328269 -0.043599335825395
0.0909048647351633 -0.108434625535345 -0.116275748853246 -0.000167948651954318
0.0340192541140304 -0.126079200296809 -0.0830434923236852 0.0331296774163894
-0.0192519608302431 -0.116982640250215 -0.0593705602494518 0.0393001328964092
-0.0546098113907657 -0.0946883710144429 -0.0398267202215984 0.0314599601992586
-0.0585249052164344 -0.0912787383181067 -0.0106282879659237 0.0118588411274576
-0.0601948201984526 -0.0842997899673233 0.00727003470948143 -0.0247471722937097
-0.0575374315290565 -0.110205717913806 0.036591295490659 -0.0485588032033766
-0.014670303878363 -0.139209240484289 0.0727220812717907 -0.0577893258782405
0.0338922074374499 -0.144976290425842 0.109649706401433 -0.0246108174514479
0.109700769835737 -0.108035625441708 0.097791899321999 0.0195890512507213
0.166399815350279 -0.0372552264715877 0.0392385792911471 0.0497204093455824
0.173093701466877 0.00612470131231753 -0.0162119302769519 0.0120200028311961
0.129949191914782 0.0379305889720803 -0.0916618774759569 -0.00912732991261962
0.156814089631948 0.0138627881018044 -0.106006083314538 -0.0588633778860904
0.133531512550889 -0.050200565406705 -0.119141674794704 -0.0442131720510081
0.0814098424870951 -0.109866224998793 -0.104947396351593 -0.0118349446015487
0.0253015264931299 -0.120471024913462 -0.0777045374813459 -0.0016182125202723
-0.0215965765646657 -0.107923551983162 -0.0705497867691083 -0.00069546598767257
-0.0502668255474288 -0.0881219156666824 -0.0609986177685043 -0.00466123653641499
-0.0481933214586724 -0.0855346269441461 -0.0331404209239975 -0.020248100380293
-0.0460374694312509 -0.0823490513956747 -0.0143212028222408 -0.0559167836285204
-0.0368072494170165 -0.10620279780156 0.0190650802151091 -0.0779407458366111
0.00496543173590739 -0.126524825607832 0.0654764151108786 -0.0819223640620724
0.0512441484629159 -0.123723724344436 0.106440369161414 -0.0347930976129713
0.114947631708237 -0.0798093602044293 0.0867170249926693 0.0184417858659242
0.154873522740942 -0.00962537670469271 0.011661676272292 0.0462831423592063
0.14947801609539 0.0236020116475058 -0.0655894978359635 -0.00363605231721889
0.0917283548964779 0.0324829201663486 -0.143826366913058 -0.0200150161222565
0.11769826384025 0.0133900580364575 -0.137189429016024 -0.0475141514254044
0.101841708695703 -0.0390000726867772 -0.119158313574633 -0.040300196199536
0.0575969951363273 -0.0838816188094536 -0.0932565515682219 -0.0220467589874553
0.0156282659496966 -0.0887514557612565 -0.0765649233259095 -0.0300242130400508
-0.0171626240176601 -0.0791177247125611 -0.0836584039633577 -0.0323578334600012
-0.0362732311030274 -0.067161574090667 -0.0791351967249707 -0.0333243125309348
-0.031227711418253 -0.0675254911404455 -0.0501321233948362 -0.048928269996044
-0.0263467134239997 -0.0680667983358804 -0.0274833268888651 -0.0846627330333929
-0.0130440592177987 -0.0856491900798465 0.0128725053141576 -0.103747924533659
0.0214898637816206 -0.0949491660262653 0.0671116878013991 -0.100167590587207
0.059794768992878 -0.0848797781582384 0.106272257169931 -0.0398447482845915
0.10270802525601 -0.0402434329635589 0.0765767170814525 0.0162954918235227
0.12188394834075 0.0176870358058601 -0.00888657017028937 0.0329152226862012
0.104396377957244 0.0366199398864012 -0.0988552506276523 -0.02522918359297
0.0355125172428009 0.0279629248261635 -0.175805713450159 -0.0231490800820362
0.0589480970967599 0.0189815033220078 -0.149906258351189 -0.0322187014550035
0.0547585311680754 -0.0137257114773273 -0.114755719712189 -0.0363582815762534
0.029277304227658 -0.037281287942935 -0.0867219641504586 -0.0278621074568184
0.0100893319333093 -0.0394488395066214 -0.0803165188576538 -0.0454781278903835
-0.00313148448634169 -0.0376638208076315 -0.0933453135802315 -0.0481965163481421
-0.0126298368297117 -0.0365459672728574 -0.0890785275538014 -0.0513172446531974
-0.00887522162461714 -0.0389319496238774 -0.0592457378801888 -0.0694633615710241
-0.0061337015111975 -0.0417739178885088 -0.0311939639188347 -0.105987301659796
0.00375480497130114 -0.0508675414346928 0.0170137484295689 -0.122943123529113
0.0238208227491443 -0.0518008426236589 0.0753089355944615 -0.110292849500856
0.0490831073785036 -0.0429557932582443 0.109071630509795 -0.0408804995415801
0.072238353545189 -0.00672521953436344 0.0709308615377761 0.0123501308787977
0.0716168245933313 0.0325390018070872 -0.0163648516305725 0.0160912716028834
0.0471514967020848 0.0382995319364309 -0.11188975178862 -0.0481119850552504
0.00976588964835201 -0.0236917851191571 0.118742356331996 0.0511977024093536
-0.0173200881253297 -0.0238761299759997 0.0394057128064457 -0.0205215552881933
-0.0277648519841873 -0.00074221041477168 -0.0649837925617009 -0.0182219331606054
-0.0138661081592548 0.0128862654123635 -0.11741345005928 0.0309506374855902
-0.00555367161783591 0.00962686688535672 -0.0926312287727933 0.105601600951891
-0.0063735748517023 0.00635504622591746 -0.0266667711458941 0.13578107094133
-0.00943083486969304 0.00768298225278839 0.0297066153828414 0.12015151382819
-0.0141589122604174 0.00252865575549335 0.0687153048675956 0.0856424607440537
-0.0170041557736324 0.00461928627358508 0.0910862409918915 0.0556662666178115
-0.0223264086009763 -0.00196527837431875 0.102385217439676 0.0443083432580791
-0.0147262080155022 -0.0122042574592692 0.0944645616871356 0.0430662996849841
-0.00949192871205141 -0.0110853617804756 0.0928789107914806 0.0329593035969151
-0.00706053232148485 -0.0176386556411014 0.102823035160676 0.034254446348851
0.00930707673067856 -0.0293919458481859 0.127940948405817 0.0437799335664822
0.025295716548264 -0.0219690410255936 0.172615474927633 0.0286743165604807
0.0604284682723158 -0.00557817458669135 0.105639754775542 0.0564673080621051
0.0390779356439438 -0.0132909337051224 0.0293428040734735 -0.0188523380595112
0.0174733972983712 -0.010887663966831 -0.0697009140483892 -0.0180974447115823
0.0184203837373831 -0.0178619027275837 -0.119197133122121 0.0260182178374306
0.010066060680355 -0.0306784041602959 -0.0959932266853098 0.0984477076471036
-0.00974666914369264 -0.0346055714926162 -0.0364741667927707 0.127316232603118
-0.0273036451936837 -0.0277137159374474 0.0183076024130461 0.114757068343009
-0.0362445192488882 -0.0314515245288522 0.0574499433028515 0.0817065300360115
-0.0408470512978609 -0.0267861552913093 0.0802819549775839 0.0465138872315117
-0.0455477308104702 -0.0426149494850934 0.0977068121024109 0.0299951332575506
-0.0215164107629439 -0.0635043070430012 0.0995910096499905 0.0260137640269735
0.00423538980683648 -0.0658825398105732 0.102147822054479 0.0232778936415723
0.0358789510294742 -0.0566994240972487 0.103628014458319 0.0299741596409999
0.0716083510095936 -0.0418868057645026 0.11216973161057 0.0380021086375668
0.0904548365542798 -0.0206041744885956 0.14348724152386 0.0247907704872458
0.103015360590712 0.0141160455794131 0.074921557144941 0.0484567425949263
0.0945601045725634 0.00146121853090067 0.0089413384416972 -0.0300001726082277
0.0666969165707113 -0.020391354931994 -0.0812039084718895 -0.024818998719909
0.0514075892500437 -0.0507718418576035 -0.121065212155651 0.0206056718664715
0.0245594487194839 -0.0698850573981 -0.0937144228338723 0.0847537834996805
-0.012141890447797 -0.0729482576420036 -0.0430576325938245 0.107786521264231
-0.0414977227915563 -0.0593672420125615 0.00226419223770563 0.0953414239143447
-0.0522142411699446 -0.0605970207267457 0.038827674606384 0.0656939396768548
-0.0581784045359713 -0.0526231494801698 0.0597837654646684 0.0281963664816509
-0.0627188960651364 -0.0742990150051163 0.0822805627601369 0.00637040346453391
-0.0297925013179353 -0.103531129336455 0.0955705841955401 -0.000695990613233788
0.00956857414779226 -0.111060424326948 0.109081541619779 0.00634638510369891
0.0672102377329033 -0.0926850242901072 0.104500443885445 0.0243480328526704
0.120126032548562 -0.0539633301634427 0.0913225292528865 0.038705916117754
0.139752163033689 -0.0194293828280562 0.0967285222561615 0.0226962922976772
0.131483851779063 0.0294187209100049 0.0286135715797702 0.0297912054772165
0.13933512882492 0.0107131967003133 -0.0226703152138356 -0.046664627215807
0.110414576751642 -0.0337764069333893 -0.0961336825080872 -0.0341158669383889
0.0769792149169784 -0.0840425122140282 -0.120133939998354 0.0119891211796562
0.0320422110280298 -0.104411106606582 -0.0870975774328739 0.0633981839115093
-0.0162200395094308 -0.101027991857188 -0.0490263630767244 0.077450345104933
-0.0513941230096536 -0.0815353745818954 -0.0164959437194041 0.0663909391065135
-0.0603100734331339 -0.0800109528312015 0.0148167329569145 0.041167802751305
-0.0648139611044457 -0.0715770876550384 0.0332407354053225 0.00380535121796637
-0.0684114436090632 -0.0955987563879872 0.0589633582209522 -0.0204912112201403
-0.0301472612247388 -0.128719193492908 0.0838708849213823 -0.0303582918427357
0.015594510315492 -0.138844894027914 0.110457285560452 -0.011475189320946
0.0895352893953455 -0.112567049279159 0.102251939250169 0.0202342605585149
0.151014198175334 -0.0541786009265096 0.0666650069766704 0.0442886576287576
0.167131928540682 -0.0113725070519183 0.0413328163983977 0.020290823597782
0.140671400720768 0.0364472133861591 -0.0295769611493099 0.00837851732039161
0.161806088856419 0.0123626488417037 -0.0625596446379223 -0.057451553249222
0.134240076888346 -0.0462389009449967 -0.1085585622427 -0.0414484893052665
0.086383540459277 -0.107319861287817 -0.113549454896097 0.00133093598051293
0.0300903012276965 -0.123754141282844 -0.0805331169636624 0.0321968491214089
-0.0211184857442026 -0.113205037167641 -0.0573260873114614 0.0385336018504834
-0.0550634085073666 -0.0905119390018426 -0.0383023401905256 0.0316126069886375
-0.0587254968276045 -0.0877565908274448 -0.0097774585657402 0.0114471840332714
-0.0608913341687334 -0.0809316617622897 0.00637151511061539 -0.0245684103666436
-0.0584468312289226 -0.10605514477629 0.0352640758261881 -0.0489867992938092
-0.0182986846804256 -0.135620451689645 0.071109444607648 -0.0586106316984318
0.0298526733681593 -0.141670403678044 0.107111599438069 -0.0263834484679707
0.105455379213599 -0.107675270248377 0.0945761213344549 0.0185312528329055
0.161669450390536 -0.0399637062741021 0.0382444172348562 0.0476668111621493
0.168335833996568 0.00277582223662119 -0.0144316478857082 0.0126954373475399
0.126391483794238 0.0357879281218784 -0.0889661107661954 -0.00896229246454712
0.153200356413922 0.0111642505187741 -0.102993117826683 -0.0568358046050407
0.12946169993619 -0.0498496478231949 -0.115504615586077 -0.0421000486482902
0.0775356664974031 -0.108572700262464 -0.101388847302427 -0.0105950678059268
0.021587534284278 -0.118195588088201 -0.0757664356619109 -0.00230528331603706
-0.0231788230732773 -0.104388537065978 -0.0693575273216173 -0.000500694587590309
-0.0509232285520531 -0.0841914438240544 -0.0596511788875572 -0.00282888582651901
-0.0493136076463649 -0.0823626775260735 -0.0323193298646823 -0.0196006249001255
-0.0469779810155505 -0.0797875123189953 -0.0151708220867656 -0.0537787435430945
-0.0381647863483295 -0.102477757994288 0.0175345925921252 -0.0764881505296677
0.00158120278617337 -0.123412191917399 0.0624830075188455 -0.0814769823273415
0.0472700436380127 -0.121193799049661 0.103933413910522 -0.036292706554737
0.110291763184465 -0.0796661639304486 0.0839399296512511 0.0174522027705146
0.151352556551299 -0.0124663456103561 0.0115455250656079 0.0449484147298693
0.145335777820793 0.0207622528817365 -0.0626191801621997 -0.00139241719354449
0.0886899391217137 0.0308901205538021 -0.140100508308486 -0.0177822257398654
0.114882691421854 0.0110733493106584 -0.13291577617611 -0.0452985876657713
0.0985608259034811 -0.0390354642562982 -0.115601256908761 -0.0380787812213056
0.0540814858961382 -0.0824712745149306 -0.0905133960282304 -0.0203731821721997
0.0130067502061723 -0.0867031330253089 -0.0749665877525219 -0.029924746600748
-0.0181293690687141 -0.0764584078849409 -0.082593891468143 -0.0308613436083428
-0.036476762117387 -0.0641461372711596 -0.0780155902288636 -0.0303731442304831
-0.0319028055926649 -0.0651688914648481 -0.0495704959685844 -0.0469147820357339
-0.0273948129334096 -0.0654351110108276 -0.028891439155084 -0.0819740948176111
-0.0149646466742494 -0.0833557960844128 0.0106077770251926 -0.101989938671672
0.0184212945702371 -0.0919539928154825 0.0637598047579675 -0.0989664213156376
0.0560056490026149 -0.0835749020921419 0.104028763561432 -0.0407822467947211
0.09915617023853 -0.0411344759811046 0.0736749006982584 0.0152046252822901
0.118469577528783 0.0151831200692623 -0.00788025512642905 0.0329533323924005
0.101434874186801 0.0340046156025411 -0.0957296028647975 -0.0216330512642561
0.0341914790661353 0.0267347855319612 -0.171192918729083 -0.0197220316692963
0.0569523448147402 0.0179069352728629 -0.14528444248959 -0.0300717462884468
0.0527697803147942 -0.0138250167784676 -0.111644779778978 -0.0347387763674268
0.027920869273228 -0.0361300962529811 -0.0846564992810766 -0.0262097503347705
0.00855843845882299 -0.0383127770051829 -0.0795344955466174 -0.0440420383356585
-0.0034188527358146 -0.0361661553572452 -0.0927237042273712 -0.0455882870035227
-0.0129292917397675 -0.0353334166291007 -0.0880357378039312 -0.0475162900056831
-0.0096851333967884 -0.0378028611851861 -0.0589460828282678 -0.0661080560805705
-0.00713342353114643 -0.0403316663808804 -0.0326049392102048 -0.102069216389735
0.00257316845926061 -0.0497369088860973 0.0142940738154014 -0.120051048530121
0.0219914966358758 -0.0503804445941212 0.0717859206688094 -0.108974287124521
0.0465436281654859 -0.0422793799267309 0.106184538383862 -0.0418005259098031
0.0698885533655279 -0.00786964410699947 0.0688006225895808 0.0111054293372473
0.0695460316691401 0.030407023714128 -0.0152761570749463 0.0166766813108736
0.0448831458918686 0.0364372489093845 -0.108696773173868 -0.0435076387448982
0.00978528188423567 -0.0236606933894553 0.117381006172604 0.0477554990860758
-0.0179577752004918 -0.0241318782635488 0.0396944076070251 -0.0222391351182891
-0.0274412700898105 -0.000775398293031432 -0.0632888645258103 -0.0177778448028693
-0.0134196920573788 0.0125869136669264 -0.114804568877405 0.0314938227159141
-0.005380571989204 0.00938917391022194 -0.0898877909401038 0.105737353452207
-0.00612119728343147 0.00548621624697786 -0.0242389853560587 0.133286466085231
-0.00938197653027747 0.00733853882314521 0.0321706936867417 0.117448949017539
-0.0141495608010322 0.0024491708526169 0.0686337888791794 0.083285775306271
-0.0165279301545996 0.00447694494949218 0.0907464438113774 0.0532161394823786
-0.022271071656463 -0.00123779210328699 0.102562171942446 0.0414510445838352
-0.0146500404651153 -0.0121186581296133 0.094167974869619 0.0415647513545166
-0.00978927960763998 -0.0112306876495455 0.0916884757115854 0.0326301315896146
-0.00677923781991471 -0.0168061899016125 0.101351906293981 0.0337413261050866
0.00917554920322525 -0.0298266008831925 0.125334991912925 0.0423878927469181
0.0250262162666619 -0.022552099720261 0.169528937288951 0.0254607213353816
0.0597310811239193 -0.00622900104724604 0.104108110989817 0.054085958401481
0.0384291996652588 -0.0143170869684719 0.0297158296486633 -0.0204186632014673
0.0173776970764355 -0.0111031185627433 -0.0683207379231465 -0.0174610263483653
0.0173300601653334 -0.0179447936248664 -0.116989993830096 0.0272834176559579
0.00865659934778975 -0.0306252616929721 -0.0933387960356539 0.097716602004136
-0.00992109402096075 -0.0347621197587912 -0.0342525777103194 0.125829287182172
-0.0272935074733361 -0.0270146093151067 0.019338656279799 0.111952563222041
-0.0363361179081601 -0.0307043090863987 0.0577633727696075 0.0794643241131387
-0.0405638168484714 -0.0259967899891753 0.0805265654643962 0.0442246825456297
-0.0454692573017808 -0.0407282548026434 0.0975499672000478 0.0275255339000634
-0.0224114067142124 -0.0631518925617968 0.0990525183857819 0.0252333166259582
0.00319099205010397 -0.0659847384469077 0.100991819563478 0.0225746335765096
0.0347743636096766 -0.0568906790845091 0.10144581266246 0.0297735317195992
0.0698912769256633 -0.0426227035838018 0.110125617994438 0.037542597031327
0.0887826082507694 -0.0217526855925631 0.141251353129427 0.0228789967600148
0.101659306575412 0.0134246280692022 0.0740041020391963 0.0463010790079506
0.0931659074984391 -0.000693361215683397 0.00958751653378399 -0.0311341864675818
0.065620830953863 -0.020743727295078 -0.0793727494194967 -0.0238926838146532
0.0493884503500697 -0.050308061730231 -0.118998638508781 0.0211479759913797
0.0227144585442954 -0.0696778320672226 -0.0908440008139809 0.0844664889628687
-0.0126633697676695 -0.0719178172912045 -0.04082318210718 0.106322794971425
-0.0419140902035859 -0.0578112661507845 0.00368281358740113 0.093566868981112
-0.053204480014002 -0.0587403778858544 0.0389031423811261 0.0639718739612805
-0.0584107795721372 -0.0517508986734847 0.0593047851258114 0.0266638839391996
-0.0635152486983602 -0.071667410194698 0.0814825250657952 0.00445455275225139
-0.0315155895172805 -0.102426491870175 0.0949087581840728 -0.00242799322523494
0.00744120090428135 -0.110315451773865 0.107418984167875 0.00493317929555264
0.0653164345719104 -0.0928920004703231 0.102293179414684 0.0241972829865852
0.117654051978505 -0.05473866773373 0.089651361570498 0.0377985390813496
0.137507480207638 -0.0210884355918162 0.096200087672454 0.0211837808928387
0.129656064182967 0.0282039434347567 0.0277087906270132 0.0283145131998937
0.137451932656812 0.0079554352383677 -0.021915554561611 -0.0468030545082334
0.108786015245487 -0.0340969818171407 -0.0939622314367104 -0.033269330151724
0.0740414930106062 -0.0838093851073098 -0.118007357467048 0.0132098308982002
0.0288257939123404 -0.103974719390833 -0.0840842689805256 0.0620212345074736
-0.0177314274350061 -0.0993947413345363 -0.0474631985772838 0.0755574981075293
-0.0516804133925793 -0.0793910684712536 -0.0155332235892537 0.0655313138895669
-0.0610783484275987 -0.0771081424513685 0.0153704122463596 0.0404895964746252
-0.0654678134385676 -0.0696180184056645 0.0320360485389105 0.0028105428816452
-0.0689056147881988 -0.0932336299792503 0.0580634347491236 -0.0218240666249757
-0.0327602038745032 -0.127430056231127 0.0829270849472495 -0.0316935426516842
0.0138737889374907 -0.136978710817154 0.108805270781248 -0.0128737681989241
0.0866944156656319 -0.112342752188397 0.0998507882583412 0.0197737476396925
0.148805348401242 -0.056251457275394 0.0650625928804477 0.0426684331630182
0.163831517209723 -0.0134930421576964 0.0415143749487479 0.0196193985710615
0.138397807743864 0.03526301503845 -0.0290574877651985 0.00773981231659176
0.159893786750653 0.00969492661565739 -0.0612767779096999 -0.0573627876938333
0.132230953917808 -0.0468204535601447 -0.106102057810413 -0.0400096557986772
0.0832476722988455 -0.107126725749751 -0.111028202243446 0.00181444220484008
0.0274211810984541 -0.122334667925192 -0.077957189184763 0.0313350124137725
-0.0226195820350895 -0.111226850079839 -0.0569055483644612 0.0376051643807572
-0.0557547186842628 -0.087697950165649 -0.0372485605965677 0.0317951778398052
-0.0604450054354494 -0.0849337618546573 -0.00942212253184996 0.0110660804884938
-0.0613954776531598 -0.0790125486078885 0.0054367002821638 -0.0247843504944672
-0.0596604642884843 -0.103875906681252 0.0338554063787693 -0.0492099471313463
-0.0208457577580335 -0.134020792998356 0.0687637059040368 -0.05887242489773
0.0268940416709633 -0.140238882647388 0.105859523763122 -0.0273314494279634
0.101754584389787 -0.107804045223672 0.0925240323709595 0.0185113992700943
0.159019216561484 -0.0421987375369565 0.0379265920542008 0.0469073406584471
0.165175428155744 0.000975416364873445 -0.0133030864958843 0.0134394345106957
0.124071829694436 0.0346623132092618 -0.0880289202352352 -0.0086143206751207
0.151185826448895 0.00905737761265732 -0.100855796842429 -0.0562489072768006
0.127368803670257 -0.0500582574906161 -0.113826867746201 -0.040851339761407
0.0746105422842322 -0.107750086404662 -0.100125578571473 -0.0102122101321289
0.0191370378609973 -0.116869332254148 -0.0737943421065027 -0.00219316871938969
-0.0242227833616975 -0.102905681003965 -0.0695137683268901 -0.000403013475822821
-0.0509162055204287 -0.0814086039977324 -0.0590221745201715 -0.000989630768534812
-0.0506355863503861 -0.0799530986573939 -0.031749477224157 -0.0192256396325402
-0.0476171892765102 -0.0778257249778916 -0.0158387681033207 -0.0535013382160746
-0.0395204938293466 -0.100876682263524 0.0162991525454211 -0.0763970155355554
-0.00173917351805916 -0.121607682981323 0.0604069560544388 -0.0818135865238181
0.0437997114331039 -0.119897436768539 0.10262541971057 -0.0373937283540405
0.107239651300032 -0.0803129061036217 0.0820127670975011 0.0173170124967656
0.149015432740391 -0.0147228438136266 0.0116450395840698 0.0445246444065446
0.142095435142463 0.0181821138418266 -0.0605731542068501 0.000457045121032924
0.0870732154205003 0.0291706255863039 -0.138502376449364 -0.0159183571072492
0.113375522347325 0.00970481848587205 -0.130626291429278 -0.0444459014995625
0.0968296300090497 -0.0395501670549191 -0.114037639686542 -0.0371383673978424
0.0524915771577074 -0.0816754579666529 -0.0883029602713611 -0.0202220519657393
0.0111338065015069 -0.0851693229934354 -0.0742991781280509 -0.0302284524711601
-0.0189283968350724 -0.0743215009741775 -0.0828493721127331 -0.0298882065421219
-0.0363114085410291 -0.0618394038797083 -0.0772024974457397 -0.0282345357757685
-0.0328924579055599 -0.0633860603903321 -0.0494162852575777 -0.0457466762257707
-0.0281738358531981 -0.0641950482517495 -0.0294036417466162 -0.0805170667464061
-0.0162559621837965 -0.08181516607448 0.00855225464454437 -0.100740776152609
0.016144534459804 -0.0908175053325406 0.0612996089971228 -0.0988935484385276
0.0535971534805558 -0.0826221727416558 0.101956034970858 -0.0418003209722166
0.0965120311594969 -0.0414901359783167 0.0724979162576158 0.0141720669768579
0.117227616724388 0.0131289540904158 -0.00824246031196408 0.0328864289336262
0.0993062025249997 0.0325990439013889 -0.0929862714991885 -0.0192294709197962
0.0335367127011328 0.0259367485252947 -0.168720999454359 -0.017892048007866
0.0561598041359143 0.0168290761652119 -0.141884099600987 -0.0291687429985771
0.0514891449995188 -0.0136600873055923 -0.109943557067988 -0.03382704850365
0.0267452377337142 -0.0362735287954509 -0.0827035334283249 -0.0254578095499912
0.00788361595042452 -0.0374651556930824 -0.0789779426581783 -0.043801557199289
-0.00393291947619654 -0.0351913577992425 -0.0930228101201215 -0.0436307644812629
-0.0131703403500242 -0.0339791314207343 -0.0878759994897432 -0.0449209012430898
-0.0107093578726456 -0.0369795170866548 -0.0585032659313679 -0.0647792888217704
-0.00818068591476269 -0.039277469275356 -0.0330184040173276 -0.100401245888866
0.0011866449970165 -0.0487594554611593 0.0121308981525559 -0.117793934135061
0.0209550686558926 -0.0492265396387897 0.0681528598877708 -0.108390864932659
0.0447824213301524 -0.0416276948841968 0.104668602670045 -0.0432137266344457
0.0685485941925459 -0.00832699301967879 0.0674927594953765 0.00992763079301091
0.0691005501539935 0.0289612020947124 -0.0153341412660585 0.0172366577091241
0.0439309666210073 0.0359510136039114 -0.106640239194783 -0.0406030387885052
0.0125460391133891 -0.0201127211974322 0.10530473110969 0.0686437018597866
-0.01280739005584 -0.0262180222268239 0.0440099744922655 -0.0156990592793024
-0.0249778959152487 -0.00683055967697623 -0.0559748395094264 -0.0313598931120741
-0.0140559009249237 0.00762156101611123 -0.117352632828607 0.00822934337987578
-0.006474011389077 0.00561852044232382 -0.107585631151513 0.0856309883137595
-0.00690463058344727 0.00253227575233746 -0.0494978506301646 0.124016736382735
-0.00965626315837668 0.00465881808390191 0.00797958392667218 0.119529830711455
-0.0150749544744206 -0.00162396175392289 0.0493593207093294 0.0943030508524796
-0.0168621305453543 0.000333126250026491 0.0776503192684719 0.0690122803492884
-0.0208302838433657 -0.00607011152295736 0.0903893200316903 0.0604089187089528
-0.0118913109737406 -0.0150055547870486 0.0824268090651916 0.0598417467237522
-0.00587849301214417 -0.0140142526834369 0.0809437771492604 0.0513678407721202
-0.00171246892811759 -0.0189603432409058 0.0904837303254828 0.0548268075282966
0.0158368340640793 -0.0276528415548609 0.115280753224955 0.0686454190373463
0.0289437575609287 -0.0164357835515253 0.163414815501501 0.0623681295994935
0.0566025658970403 0.0069358973217424 0.0918897537745825 0.0721097358054757
0.0388805668579249 -0.0066826382970164 0.0337550265500543 -0.0146047930900022
0.0190076567903693 -0.00796627901315373 -0.0608899661239298 -0.0300406296858752
0.020518946453109 -0.0147533010306967 -0.117815753984464 0.00403957658385564
0.0147189818921174 -0.0293147386478937 -0.109048259591326 0.0769789605756499
-0.00294904876099372 -0.0366793658281649 -0.0567998032127257 0.115257051915141
-0.0208386106280783 -0.0314515075056026 -0.00291523116431592 0.112283021585545
-0.030207059981645 -0.0373801530914664 0.0401461604050942 0.0880013442151486
-0.0338284083209137 -0.0346382980535127 0.0687411105326857 0.0577923966508101
-0.0355454929538834 -0.0490130989397347 0.0884073818327704 0.0450445893730856
-0.00893711774863204 -0.0661829310638271 0.0904517969543046 0.0420853524973335
0.0179913473312345 -0.0627753892020559 0.0923645578186582 0.0420408293025037
0.0479712549864657 -0.0479491167217719 0.0928933130292888 0.0492596252846506
0.078198811893117 -0.0272397380661889 0.102103405022367 0.060165109418159
0.0906932290948717 -0.00283889466624781 0.136434943505262 0.0532669910861136
0.0922544536559467 0.0333520646733624 0.0642174758306275 0.0588205184372615
0.0887209677548725 0.0159814879979526 0.015601692316422 -0.0267778507913741
0.067208421047206 -0.00764286225789953 -0.0706090396290814 -0.0375367097678738
0.0567172759010984 -0.0389024589871107 -0.117692021069393 -0.00201359579550441
0.0352892418920978 -0.063964316781886 -0.104009094804324 0.0645225767875914
0.0021324723440734 -0.0723773779658439 -0.0591245595918545 0.0953643735364896
-0.0286368156213519 -0.0633472336314904 -0.0153112017438456 0.091649391209262
-0.0410157819470297 -0.068043893673171 0.0251725423631311 0.0693027502507283
-0.045933885261476 -0.0618574279268897 0.0523448218597223 0.0366211651667569
-0.0465894014238255 -0.081456135736122 0.0776341904704547 0.0185869332047648
-0.00956492440965942 -0.105911058546405 0.0909584535669767 0.0131618836442755
0.0313499900333101 -0.1042445566314 0.103659395666026 0.0241733936324004
0.0852839273050728 -0.0763519476733769 0.0964017593898222 0.0430754599085247
0.127322356277276 -0.0288455765656774 0.0826120105193984 0.0567222875607371
0.137570361793146 0.00876102152237753 0.0923594180639173 0.0416895092686989
0.116606203506318 0.0531211109623851 0.0236029928376075 0.0334486439247509
0.129612718136458 0.032696914752122 -0.0120995847168674 -0.0468071646284219
0.111268736306098 -0.0127052049401823 -0.0819649861123361 -0.0478180150631715
0.0861593218657167 -0.0659340496475212 -0.114106509593299 -0.00921855750562378
0.0480062412375781 -0.0946643745284794 -0.0940856953081263 0.0451149367403049
0.00244886177922248 -0.0995060877897621 -0.0590408058582915 0.064637747188585
-0.0344864314521369 -0.0859461913496701 -0.028536097299784 0.060068437211208
-0.0452998152692079 -0.0881837675616667 0.00687516884397881 0.041438685434481
-0.0494122273517205 -0.0812210607276533 0.0310386008504285 0.00859234500556133
-0.0477350214805507 -0.103213277019876 0.0602809874234419 -0.0118163793994851
-0.00566978569010419 -0.130203768955968 0.0855594713835305 -0.018292157161856
0.0422138580200738 -0.129185012991941 0.108307406779921 0.00591958010009936
0.11097369953938 -0.0909729763139311 0.0953982795241739 0.0370965507326307
0.157738626757895 -0.0231138050635182 0.0570367268451771 0.0573635129741126
0.161416867470547 0.0225869911360213 0.0390925506054795 0.0280767844895406
0.123819622718819 0.061207161410146 -0.028216284533145 0.00260969005155274
0.151228799254754 0.038050570668493 -0.0491153958924026 -0.0629214780835138
0.136300091530304 -0.019816897685507 -0.0923919222151592 -0.0556130222314018
0.0989244441344932 -0.0857114049156904 -0.104890647840995 -0.0182653724521018
0.0501573922689349 -0.112598387820405 -0.0816228599373837 0.0161593774672065
0.0002715330664895 -0.11109216916324 -0.0607898428530701 0.0257872386423904
-0.0363984704923039 -0.0946392906054846 -0.0426580487290971 0.0229132729684073
-0.0425993572183373 -0.0951577948282023 -0.0107472867914708 0.00827814934647344
-0.0430796491285329 -0.0886448126362438 0.0106758611017992 -0.0232957770051247
-0.0371209649948598 -0.111229085942922 0.0428323891846993 -0.0432055237068005
0.00650018582755105 -0.134260069302108 0.0788061943497235 -0.0479584655963157
0.0550706112517158 -0.128152470530774 0.109406865691255 -0.00916692998051109
0.12427854614608 -0.0824368593150586 0.0889380075636132 0.0341855374806008
0.164013965926066 -0.00719293128461589 0.0296243063481637 0.0564000499972986
0.159245264784435 0.0362021522612926 -0.014861428322672 0.0102486056824686
0.111445419952355 0.0564615970342851 -0.0831095616008236 -0.0241079363114478
0.143808305682312 0.0351710081311284 -0.0873126078493213 -0.0699555850417721
0.132311768506888 -0.0240851985124028 -0.0990077868674937 -0.0573114788564242
0.0907979139344225 -0.0878886331595176 -0.0917224922394606 -0.0278227443807346
0.0408980267043252 -0.107962492306331 -0.0708803568292477 -0.0159357873791155
-0.00298565663428636 -0.102750807826158 -0.0661790194799468 -0.0136731786066372
-0.0337839928106336 -0.0869799674757664 -0.0570902922590785 -0.0136787263093737
-0.0339726204399203 -0.0876753406579453 -0.0265760987664985 -0.0257161648706081
-0.0299702261970519 -0.0839330476721148 -0.00459995724081782 -0.0553966824738558
-0.0190044074037581 -0.104134573471964 0.0311289546494504 -0.0723107395314413
0.0228972761870162 -0.117229189805006 0.0754631921838748 -0.0719906040212462
0.0674800042987293 -0.105432538724668 0.109059393035308 -0.0190269476626246
0.122164764101935 -0.0542663813820532 0.0791827967244311 0.0309724481844432
0.148025739200053 0.0164815165278218 0.00365291054704997 0.048451546928531
0.133022785356003 0.0482999412471427 -0.0589165877107189 -0.012873498880377
0.077782867194864 0.0444601964511345 -0.130385158413018 -0.0418695177942079
0.107490515605979 0.0283306175177213 -0.118321857557001 -0.0646638668291881
0.101123061433123 -0.0200671127611647 -0.100551950117162 -0.0552856494281685
0.0652305621208272 -0.0673262026317305 -0.0792586965885209 -0.036346481624702
0.0274272779618887 -0.079320316497139 -0.0658628449665019 -0.0436882165646959
-0.00261970990784995 -0.074427090952424 -0.0745765251698542 -0.0449041613837673
-0.0231877676514155 -0.0658616387613449 -0.0694200494409602 -0.0436317325898953
-0.0203225876499001 -0.0679415765158484 -0.0378384662582217 -0.0539987051750444
-0.0142641086705345 -0.0667831504732483 -0.0116632923258811 -0.0839502470277855
-0.00041177080132161 -0.0809871150399866 0.0297805865914202 -0.0961575979074147
0.0333882731792326 -0.0836203555293204 0.0801677704365555 -0.0866071369721426
0.0679152685819058 -0.0674768428054607 0.109953800440621 -0.022511242612647
0.103415850004191 -0.0190475623876828 0.0702749436389187 0.0273372293905397
0.110455495118251 0.0371697306622224 -0.0135225750099646 0.0334735668290846
0.0879907715180561 0.0532691822043058 -0.0870268767275174 -0.0385895801533839
0.028167859229225 0.0299896339318924 -0.160209533509834 -0.0487369443301369
0.051886797908869 0.0247908897244514 -0.132386706722479 -0.0537241655688545
0.0530568916466451 -0.00388330515304265 -0.0983644508640945 -0.0529170673881957
0.0331787631020424 -0.0293730801059065 -0.0731357637380867 -0.0412230231439703
0.0161063556413967 -0.0339938914349269 -0.0684668230005477 -0.0573975940549265
0.00414972862482271 -0.033224363476927 -0.0828032632723179 -0.0604112576170265
-0.00636034917479248 -0.034372836674594 -0.076480321925927 -0.0611266821123335
-0.00345339915090871 -0.0380128159815648 -0.0427666408017215 -0.0743084519796779
0.000467765288139295 -0.0388304170050184 -0.012206718744863 -0.103060330279431
0.0104089926833783 -0.0463691568687914 0.0357589381673954 -0.111092264393373
0.0300814590038508 -0.0426217825485773 0.087728287428369 -0.0920335822249441
0.0512802718583288 -0.0304628021869299 0.111937769661241 -0.0217151703671867
0.0682407860592408 0.00655784015111169 0.0654525398754562 0.0233935606661552
0.0599520596614451 0.0433190117321042 -0.018174178927645 0.0158462768265139
0.0338334299656837 0.0444627816693082 -0.0963667131318712 -0.0629601203727126
0.0123654588123726 -0.019412414867028 0.104346977261398 0.0653938165645791
-0.0134185661409495 -0.0261112503577152 0.0432170030042095 -0.0175888413630087
-0.0255923470551291 -0.00597706091765847 -0.0550238600872126 -0.0306905531582157
-0.0131225185880409 0.0076907538056862 -0.114859855009503 0.00960255960304858
-0.00619658953469935 0.00528835290660213 -0.104616290941986 0.0859673925028865
-0.00708686201236234 0.00197892513393704 -0.0466322043452299 0.122112644802418
-0.0094839278202028 0.00407474841377944 0.0104736736916205 0.11655121882674
-0.014347119924255 -0.00154085686942498 0.0502932567583321 0.0916469775241482
-0.016471588975397 -1.49560174765584E-08 0.0779842435642124 0.065755457973362
-0.0199048939627236 -0.00567435990333938 0.0899703610693312 0.0576900897968734
-0.0120201534959816 -0.0150502723495773 0.0826317483050916 0.0584933692599024
-0.00580344169851889 -0.0135266144932566 0.0799513176845841 0.0500646994891848
-0.00165130550543464 -0.0187636814754999 0.0886095197373557 0.0541746764589673
0.0150904708632661 -0.0275048554127011 0.113609781544678 0.0665184140243514
0.0281699691237387 -0.0168664394431195 0.161820953120694 0.058450109669593
0.0552913502996765 0.00599294369056124 0.0910637982107749 0.0689425411540377
0.0379999742388031 -0.00727708273168397 0.0339228903640107 -0.0155539010594127
0.0182417977217641 -0.00869155210036987 -0.0590242002237043 -0.0292765872822344
0.0191738552561304 -0.014950796582176 -0.115448764893802 0.00475530383311655
0.013621224991788 -0.0291565091723931 -0.105756759914415 0.0768409979879332
-0.0037760577334393 -0.0360986559613302 -0.0537352710528371 0.113222045637623
-0.0208767269578097 -0.0306224127413385 -0.00077536640955353 0.109538412977533
-0.0306056178783311 -0.0367130274681842 0.0408482376647012 0.0853239943439343
-0.0338634171393208 -0.0334440023524245 0.0691087954340213 0.0553133521142715
-0.0352504538355029 -0.047087567969227 0.0879307958963337 0.0420959894385911
-0.0106705711189658 -0.0650434878080684 0.090047937305707 0.0403761789979378
0.0166183255051718 -0.0625021853588227 0.0914277885791464 0.0403203214674852
0.0464640811707206 -0.0474442806528673 0.0913117812705368 0.0485649953058656
0.0762610550044815 -0.0279543216931584 0.100338122215211 0.0584474893380567
0.0885684345579324 -0.00439611887511005 0.134959418183166 0.050427351444103
0.0906878181934837 0.0318690462703402 0.0636145339352959 0.0559157735241574
0.0874491117513949 0.013946615274814 0.0153910649601301 -0.0278440292427496
0.0661897472053108 -0.00784534121589574 -0.067772459524814 -0.0366908100681765
0.054434192721408 -0.0394785518814127 -0.115207549419328 -0.000933634388023048
0.03322884032286 -0.0634619323351757 -0.101112468701283 0.0643837432787868
-0.000235464583250025 -0.0711923373898426 -0.0566978600520854 0.0936192170875917
-0.0297443776012308 -0.0616763829311387 -0.0131174194972861 0.0893713057892632
-0.0420246104426889 -0.0665437554237813 0.0256296934740037 0.0675813388772432
-0.0462604889983207 -0.0605902337873731 0.0518096951502011 0.0349755409861378
-0.0468500159708915 -0.0793816854352246 0.0771928194757246 0.0163777721561937
-0.0123227680689558 -0.10471247689843 0.0904675539198736 0.0116797445086056
0.0283344521964941 -0.10355476252391 0.101685599239012 0.0223197155264514
0.0829196020606234 -0.0763682167702805 0.0949065678471543 0.042202142507682
0.125351787699752 -0.0304146842234123 0.0812301859078683 0.0549352240189341
0.13439681802236 0.00689206563854644 0.0920875349427559 0.0398337876151021
0.114832659353618 0.0507621950614497 0.0230206023074195 0.0311097263908742
0.128695012964017 0.0293360698255988 -0.0112985878458467 -0.0468773230879495
0.109380350155258 -0.0131375178335628 -0.0798553603755211 -0.0465236288254705
0.0830188784125919 -0.0657841972709868 -0.112117062159918 -0.0081862161759366
0.0448914346342964 -0.0945430875153572 -0.0911764074618043 0.0445518178468373
0.000313875328701842 -0.0980102828592727 -0.0575883661546911 0.0630508883888249
-0.0353260063534786 -0.0837996545418307 -0.0266840583551958 0.0595906078572538
-0.0471415131937425 -0.0854614274652939 0.00800935011977106 0.0402578950730767
-0.0500502087637984 -0.0790617303783271 0.0305187761753639 0.00783573342202392
-0.0487599381533423 -0.100362176191177 0.0591625677913138 -0.014329650505448
-0.00884793867057363 -0.12779712820971 0.0848038685103231 -0.0193834014203216
0.0390336879699526 -0.12737280654937 0.107018158351442 0.00390589767887085
0.107316326996654 -0.0912999685596743 0.0934855312431637 0.0370395018780338
0.154881893708479 -0.0260377670056309 0.0567824738018834 0.0558682000911366
0.157520451058129 0.0195333227390664 0.0391209514277829 0.0277548805090879
0.122207439455226 0.0588040506169513 -0.0276463130555557 0.00207091862213871
0.149035323627549 0.0347948303759169 -0.0476848518014649 -0.0627275326892066
0.133811201572922 -0.0214596488991654 -0.089833968300254 -0.0540071259915637
0.0959010416515963 -0.0856827099102354 -0.102657998967623 -0.0179826597792419
0.0466917173635837 -0.111300444081893 -0.079333076489445 0.0149979198093032
-0.0020228943993925 -0.10947290907594 -0.0600445562984615 0.0251682430363884
-0.0373729124339527 -0.0918335853629824 -0.0414920960562101 0.0237756657200163
-0.0443987059096833 -0.092119998886151 -0.010752329881605 0.00775799265832785
-0.0444063237571888 -0.0862865627098462 0.010322998215633 -0.0233375016369588
-0.0388819132811235 -0.10838037706054 0.0412847119337254 -0.044217154893168
0.00314748481915303 -0.132027347598153 0.0768566602431296 -0.0487087970888378
0.0517752026578826 -0.127533894358147 0.107404279497023 -0.0115409462074085
0.120640208890589 -0.0832282207480209 0.0867772557989532 0.0329300958076772
0.161692480875206 -0.00959160912616545 0.0290693375709763 0.0549678936440577
0.155545125140226 0.0331754584911698 -0.0133907064212078 0.0112961880493169
0.109286178995426 0.0546057001213399 -0.0816391072651857 -0.0236573005678215
0.141758325665856 0.0321486086567133 -0.0855761585780363 -0.0683393422984105
0.130103019171752 -0.0251171662788999 -0.0967934539342679 -0.0562214307698896
0.0873297133992196 -0.0873800956050658 -0.0895425340010425 -0.0273455261706176
0.0380455204733625 -0.106772163718895 -0.0696346423533468 -0.0165189080248124
-0.00469746512207926 -0.100751722999739 -0.0661215411348895 -0.0131578129662596
-0.0345067685403627 -0.0844730034630426 -0.0565408319001189 -0.0122440568873026
-0.0362265925357887 -0.0850681356848512 -0.0263479660284019 -0.0249925769416496
-0.0314339446125475 -0.0824248554422146 -0.00583385474058267 -0.0550894775096476
-0.0204039641905677 -0.101540013533478 0.0292463831954945 -0.0726996153433647
0.0190052820438021 -0.115384280107099 0.0729771689881266 -0.0716882936403554
0.0631711030945455 -0.104357710599933 0.107220204964561 -0.0208140142163006
0.118541298824807 -0.0553545430960169 0.0774234277138483 0.0299557604301533
0.145782747072111 0.0141005724264909 0.00404244041722799 0.0477613609483562
0.13009562028457 0.0462036460881757 -0.0569784779239884 -0.010964549706608
0.0762369892075178 0.0422342987379488 -0.127769326720099 -0.0394855263142136
0.105910767981474 0.0262384117272408 -0.115904516799489 -0.0632050933085158
0.0990642934803455 -0.0202705731073525 -0.0985457309431766 -0.0527599126409697
0.0630408582270871 -0.0671096070336108 -0.0769802036731304 -0.0353346509348407
0.0249587425898794 -0.0785665866665321 -0.0654886826218558 -0.0430865917061223
-0.00403734678899355 -0.0731455803754758 -0.0747763405789448 -0.0431522593484048
-0.0240511596720254 -0.0630654161306139 -0.0689606642972487 -0.0411047105505846
-0.0221330883110093 -0.0658276080257708 -0.0382799877021313 -0.0534667968240032
-0.0155040681872351 -0.0653128807964717 -0.0135797871199346 -0.081610541576675
-0.00203360620292334 -0.0791284863642723 0.0274102487824661 -0.0951045255529021
0.0302401221437578 -0.0824117821784248 0.076250617118981 -0.0861333311495317
0.0651518924653936 -0.066695438360173 0.108206171086884 -0.0247165606398244
0.100353287611776 -0.019946276775492 0.0684505017204324 0.0263632012015632
0.108879256060027 0.0350148311809163 -0.0126980320783919 0.0329477581798739
0.085853652892839 0.0509546538126383 -0.0851367583891495 -0.0352306026739393
0.0267865198442889 0.028568184342805 -0.158127208292338 -0.0460466788192538
0.0512608231225077 0.0246270894837874 -0.129353227933286 -0.0526768075517974
0.0525142549362363 -0.00399015495535837 -0.0967193208236821 -0.0513589063652313
0.0317124744367426 -0.0293814029276265 -0.0721789338242096 -0.0400071956816183
0.014638363062014 -0.0336966723728111 -0.0684090549527214 -0.056704473194845
0.00385629840569238 -0.0333694416716178 -0.0834333398265272 -0.0582700795150698
-0.00635610834212356 -0.0328743708375399 -0.0761005583690244 -0.0583695413774772
-0.0043216715381044 -0.0370336841895092 -0.0437915427351689 -0.0727373191071982
-0.000302276184872396 -0.0384575286724543 -0.0139074441468274 -0.101372224070193
0.00899771088928284 -0.0454337993049738 0.0334053740955715 -0.108951153326644
0.0282178784781524 -0.0416960821811591 0.0850668385863457 -0.0916530541545281
0.049712265004759 -0.0305350503078026 0.10950469113711 -0.0241166517728309
0.0668779169066189 0.00533868336055737 0.0638988535533421 0.0222262250117143
0.0591385463386122 0.0410433454948951 -0.0181754832304968 0.0162853537527737
0.0333264765698808 0.0432635419477039 -0.0948577110532081 -0.0590907216142082
0.0124783160072398 -0.0192612280793611 0.102395472315991 0.06363546964265
-0.013645267571818 -0.0255625078674579 0.0432082514996409 -0.0188615573000269
-0.0250520554816452 -0.00582958841158439 -0.0533146751721344 -0.0311050102711496
-0.0132317570396983 0.0072956860631072 -0.112488672014326 0.00955554812139249
-0.00653515177034718 0.00510894593524057 -0.102717777174176 0.0848111073211365
-0.00727403894909168 0.0013630779189574 -0.0446731616743588 0.120044680992234
-0.0092141028047657 0.00362353334741498 0.0114210680019841 0.11374439147878
-0.0146817874725147 -0.00129175327570425 0.0507605346725067 0.0898169710033298
-0.0161739142362668 -0.000193237809908157 0.0774171174091614 0.0635245898588745
-0.0197614510265601 -0.00516741315609077 0.0900186248789392 0.0558704648841314
-0.0119331039828157 -0.0148968744859131 0.0817309683587001 0.0569753683448646
-0.00585423353166698 -0.0136199263696004 0.078043277862833 0.0496158734042687
-0.00137605223745276 -0.0183813086295649 0.0863830243499418 0.0543559730964518
0.014782460301701 -0.0279186363653073 0.110658582580655 0.066382662317651
0.0265594865699535 -0.0167829457536042 0.158955977924885 0.0567822409327529
0.0544635252494801 0.00577309791760707 0.0891346678806901 0.0663746166783312
0.0368301244616139 -0.00790434866736076 0.0336331099483467 -0.0173695969374906
0.0174123090658356 -0.00843734464897035 -0.0571281296914423 -0.0298100068375079
0.0189755267312516 -0.0149607636636415 -0.112876504333725 0.00441548790797247
0.0129521280305021 -0.0294146061692781 -0.104155498948434 0.075537417268847
-0.00443184416442727 -0.0362753314040061 -0.0526447903595038 0.11087112995086
-0.0207477076230856 -0.0308038364293128 0.000345851278688398 0.106323192336762
-0.0306180852059804 -0.035904289350948 0.0410795878786746 0.0836206891390892
-0.0339636057320126 -0.0331772422747367 0.0682194142150827 0.0535627329033344
-0.0350483937157875 -0.0458461577874189 0.087566006791044 0.0396226744461464
-0.0111465544163491 -0.0644700150985522 0.0894084899629473 0.039733610792891
0.0155510736708372 -0.0615240594665715 0.0895877761388439 0.0400757004462593
0.0459633123052604 -0.0479222575002905 0.0889538547797244 0.0492877919832484
0.0758749385805121 -0.0284426856387001 0.0982631422647483 0.0583923735357624
0.0865726376191729 -0.00422810891878233 0.133027348021143 0.0488495224214586
0.0890686951700067 0.0319673410748936 0.062629014637722 0.0545768085465413
0.0861106076029478 0.0128316242448819 0.0160676456853481 -0.0291795408323574
0.0648647675836033 -0.0080926657305615 -0.0665781172955033 -0.0365951190348655
0.0527989744756487 -0.0387616819063361 -0.113270819725654 -0.00167868730482034
0.0315354734091046 -0.0626602045563823 -0.0992050972962568 0.0621045512350034
-0.00130440749332611 -0.070301894245944 -0.0553659794253935 0.0914542289259129
-0.0291874921794266 -0.0607676737483823 -0.0117461484526224 0.0876846296292045
-0.042565980090851 -0.0646084488126545 0.0260300123304077 0.0652228636815867
-0.0466277043126277 -0.0591517552240003 0.0517493480601475 0.0335875634228402
-0.0469236080586073 -0.0775375218133003 0.0763771791768156 0.0143729509593584
-0.0129318461216847 -0.103062400141554 0.0898804526305165 0.0108962873996701
0.027142596955532 -0.102058955432867 0.100290584271141 0.0222812448733557
0.0818350393968264 -0.0761393962647202 0.0923981343360061 0.0420225416900058
0.123513352217864 -0.0310915274877994 0.0790826494177335 0.0548305027541748
0.132011682485376 0.00618627608893193 0.0909147780050923 0.0389659733577308
0.112369133256064 0.0506992017573292 0.0228282953902558 0.0302543863594269
0.126663789570795 0.0278723716376815 -0.0103491896373102 -0.0479847483756883
0.10757140975201 -0.0133144273294302 -0.076998841530732 -0.0463474053369979
0.0809242088610243 -0.0651950142696059 -0.109631410177796 -0.00930874102416578
0.0427820504392253 -0.0928728453010015 -0.0892852975088938 0.0421812347028636
-0.000919292083118552 -0.0967009618106028 -0.0566551992607204 0.0616869888972342
-0.035029982299059 -0.0815772125104472 -0.0256509025397601 0.0580274136322223
-0.0474954489713096 -0.0835175011906694 0.00764029815263206 0.0389417817213208
-0.0496813160057446 -0.0772605524370115 0.0305937525525249 0.00665059779065218
-0.0489240105385091 -0.0983874618690442 0.0585858576807334 -0.0148094663865872
-0.0108473833036394 -0.126665091801808 0.0838923312153946 -0.0201997259265803
0.0370002872778177 -0.125744851343223 0.10543976133663 0.00317512762803599
0.104916395203398 -0.0905280472211324 0.091071596139404 0.0371417193672901
0.153036542064275 -0.0269616546598188 0.0550385780696534 0.0548315933691846
0.154638841374159 0.0187084312027234 0.0396036900498489 0.026832015312615
0.119488136058235 0.0582160369215508 -0.0268160807397141 0.00125015350613635
0.147563358570515 0.0331692047668236 -0.0459301250580751 -0.0635591769198069
0.131613267073137 -0.0211834021634165 -0.0872248556573632 -0.0536817509903825
0.0929478020042931 -0.0844721973453263 -0.100602695530496 -0.018655830639128
0.0445200631264625 -0.109865969034482 -0.0776544896838539 0.0133358966554693
-0.00294754642156502 -0.107734503100948 -0.0595218216920266 0.0246752411882569
-0.037518792039622 -0.0897839295893548 -0.0406957639260535 0.0236801036912261
-0.0449915401529819 -0.0899181723030556 -0.0103979966633395 0.00638154522413353
-0.0442513991301164 -0.0847535482111259 0.00983843558126006 -0.0234745146407748
-0.0390718500912471 -0.105834915725109 0.0402311199623867 -0.0451742401456279
0.00111176199698577 -0.130204462458559 0.0750994984819279 -0.0487192171618678
0.0493409527694544 -0.125471993218511 0.105953378189032 -0.0124896043670417
0.117619870518366 -0.083002549384897 0.0849556243607991 0.0330324304195749
0.159547404519721 -0.0118350827048186 0.0283288299131871 0.0539098615554848
0.15266999817799 0.0323638734328698 -0.0116272092607596 0.0110834282559243
0.106478855019765 0.0539477791782777 -0.0792910680237047 -0.0239110551107718
0.14016477137789 0.030391648078538 -0.0836829155993999 -0.0690141054448693
0.127744979998821 -0.0251744478875559 -0.0933862505556763 -0.0553320629768753
0.0850503892931301 -0.0865733437115359 -0.086934744917166 -0.0273327597989164
0.0361747210999488 -0.105311837167331 -0.0684507280366252 -0.0178831747870679
-0.0050783555241851 -0.0988774738473501 -0.0655018794887641 -0.0135247925540073
-0.0340286546679337 -0.0824653433061646 -0.0552810477287577 -0.0107390437088853
-0.036387529308301 -0.0829401545345107 -0.0258813126155549 -0.0251856583375526
-0.031195718011173 -0.0799149725516945 -0.00564787000749968 -0.0541520723048936
-0.021619399171873 -0.0992678920905086 0.0285296006317566 -0.0721241656628763
0.0175021751088549 -0.113710281312879 0.0712365662606084 -0.0714651204858353
0.0608869037036178 -0.102371148986109 0.105893249959216 -0.0220121886792362
0.11611739932619 -0.0551445667259057 0.0755596022349272 0.0300546564210837
0.143645958276444 0.012782048595635 0.00383865297727354 0.0471272009618338
0.127393586385966 0.044776437598434 -0.0550298027983963 -0.010058623321325
0.0745923714194452 0.0420185734665866 -0.125680993697117 -0.0395625548015004
0.104622758199117 0.0253505904012221 -0.113113282404585 -0.0631757154892952
0.0972818525420296 -0.0202311779598254 -0.0958214090180708 -0.0526034781027887
0.0608734042588048 -0.0663803906576055 -0.0753820151078305 -0.0356428903693009
0.0236311903323082 -0.0770068080495286 -0.0641590475879088 -0.0441978804484838
-0.00397469039616584 -0.0720078906813545 -0.0751745384382091 -0.0422961171189163
-0.0233345974139675 -0.0622428049621999 -0.0688486285383845 -0.0387711200240002
-0.0226205138771781 -0.0642447846058016 -0.0377190275050589 -0.0527892153525816
-0.0157251961553232 -0.0636660182267323 -0.0143055695161306 -0.0807369680049121
-0.00285404337171757 -0.07711020393601 0.026196457287728 -0.0936670865444511
0.0291933038761985 -0.081113558379495 0.0743075522975654 -0.0856903185456424
0.0628723093641882 -0.0657742130844017 0.105924597499794 -0.0249437266063217
0.0981368012481987 -0.0205769947973895 0.0667550458429965 0.0258314539856018
0.10720152460855 0.0334092597726319 -0.012961806601058 0.0330064613927198
0.0845357841807893 0.0502632134255663 -0.0829993643333638 -0.0339424038156272
0.0259554963189829 0.0282558474094207 -0.155164859305284 -0.0453857047187159
0.050311964289075 0.0231995679801312 -0.126490988041405 -0.051890012290807
0.0518867553520851 -0.00475068845533853 -0.0944601764300644 -0.0506029982905923
0.0308187129022968 -0.0285176494619699 -0.0700089940100313 -0.0407437051758265
0.0143083115093892 -0.0329815312605511 -0.0674998792648595 -0.0570177805939797
0.00394107223276931 -0.0325433257380697 -0.0830964187072519 -0.0567581990430875
-0.00615416428190746 -0.0321976921449327 -0.0763919109464722 -0.0561875923904205
-0.00507872718192101 -0.0359763238758632 -0.0432032289735331 -0.0718640639586438
-0.000604624296340899 -0.0371711422658308 -0.0143010305056164 -0.0994744206616649
0.00844737248575623 -0.0439033220083386 0.0316394959253155 -0.107897127818
0.027353316266059 -0.0405970926576305 0.0828567868390066 -0.0906253984609791
0.0482634426525266 -0.0296510452377477 0.108020167059978 -0.0236042549607163
0.0654396791005718 0.00541425235179153 0.0625580592753222 0.0217140949330261
0.0584561455176583 0.0399203845549989 -0.0172334353107527 0.0163635272257535
0.0323077724076526 0.0429212840833983 -0.0927497708336418 -0.0570493069852357
0.0127463584992733 -0.0190297327002946 0.101407707547825 0.0635124972234277
-0.014027979225328 -0.0254285810889168 0.0431718837328434 -0.0194089529208293
-0.0247466370110951 -0.00654170730062757 -0.0530500163551507 -0.0323647499594875
-0.0137573617304869 0.00731498496660977 -0.112142162312162 0.00735849131904404
-0.00633944910140827 0.00459345535041159 -0.102439305360048 0.08316862066248
-0.00764969852698575 0.000972963558550369 -0.0449210588351558 0.118802080407762
-0.00949575910641335 0.00255087782369528 0.011220984787992 0.111236489624009
-0.0151560175654258 -0.00235214391288661 0.0503377375357978 0.0890375255148671
-0.0156950573608206 -0.000677057618950694 0.0768600047262367 0.0630546298566615
-0.0195482232924765 -0.00523544786267321 0.089293267587781 0.0554964353015226
-0.0118508251222244 -0.0151066645555343 0.0823372264152842 0.0579530921603235
-0.00588471626791701 -0.0137604943988763 0.0766043254428184 0.0509587733717074
-0.000841354130970246 -0.0182115229391986 0.0845996160787244 0.0561470833421818
0.0144441460885521 -0.0278315429375147 0.109417270240111 0.0680506321215166
0.0266233991193275 -0.0163723263692016 0.157478549319978 0.0569099888274122
0.0541283616595729 0.00652876958272163 0.0883328709909832 0.0668972803973637
0.0360659902034765 -0.00815174147517617 0.0339118598991215 -0.0182974353403252
0.0171451739480417 -0.00736896359996631 -0.0561423010234232 -0.0314362243835936
0.0185086444571463 -0.0146353880609509 -0.112388865055542 0.00313099105126637
0.0123914192801379 -0.0289271048499446 -0.103660813458595 0.0745208786068407
-0.00484740999303832 -0.0360309863724288 -0.0525627882691136 0.109490806183165
-0.0208707487067716 -0.030332222288073 -3.87091672812691E-05 0.104957029801974
-0.0308505281347456 -0.036048705505167 0.041005495100391 0.0827193874760416
-0.0340472215910687 -0.0334038903720864 0.0681184988638272 0.0530330584554224
-0.0349421738418301 -0.0460442084956233 0.0872576297433486 0.039086751530834
-0.0109140569389067 -0.0643343285908133 0.0892498344582759 0.0402306968718931
0.0159953362993798 -0.0616732544090814 0.0888364970899639 0.0403278783268946
0.046763212817961 -0.0473963569314895 0.0875575543334312 0.0508775966000061
0.0754131490930766 -0.0286145972151115 0.0962310165873554 0.060034123648149
0.084863242044193 -0.00418628213462946 0.132222002108752 0.0491222663964447
0.0883361738811878 0.0327639943178623 0.0618496754970139 0.0544001342037733
0.0855547954142603 0.0130932855428561 0.0167117438584875 -0.0306652614209074
0.0641966787811403 -0.00725718904480687 -0.0645028574601643 -0.038171551326483
0.0526185151172136 -0.0380833332159077 -0.112410002715196 -0.00319738065511825
0.0306959314418487 -0.062201544298219 -0.0991066784608246 0.0602437840082835
-0.00131793007786147 -0.0699225873205793 -0.0555330857145161 0.0899028860651234
-0.0288213792110598 -0.0605961615013522 -0.0121991074704556 0.0864823691759574
-0.0424306258338922 -0.0641913704021328 0.0257075871095111 0.0647776983980527
-0.0465141187292213 -0.059684447605463 0.0511717574803363 0.0327830891585068
-0.0462571064731676 -0.077155499017552 0.0753448871666419 0.0137397603894843
-0.0136057690737962 -0.102815977251644 0.0899068879905096 0.0115641680666035
0.0271376572702222 -0.101319788173886 0.0994246132283441 0.0223490187241453
0.0814065873551023 -0.0757221079240904 0.0904709205055169 0.0440226713137006
0.123416898405767 -0.0311175781700479 0.0774520355606319 0.0557711071922268
0.130070957521012 0.00729495108878492 0.0906511526352961 0.0391980885145188
0.111020727521627 0.0518342147439289 0.0220540788628403 0.0292872307061882
0.126121183031729 0.027992935490986 -0.00968893790649833 -0.0495118717764861
0.106753742565161 -0.0120315153594499 -0.074774356506641 -0.047386079498086
0.0808055294262889 -0.0642892456721696 -0.108528650714485 -0.0110921003588803
0.042493965198338 -0.0923762273515954 -0.0897566703258 0.0403076121499444
-0.000984869393025088 -0.0962374958931992 -0.0566915114065438 0.0603121480345532
-0.0348947049736652 -0.0816684151937108 -0.0257455572267301 0.0581744573305901
-0.047555413707004 -0.08249449642687 0.00770365377646952 0.0378080267036845
-0.0501047599319054 -0.0770711927472369 0.030283006872486 0.00642364910444516
-0.0481776900508651 -0.0978848896419591 0.057926093156033 -0.0158011792073003
-0.0110874889939419 -0.125913898902851 0.0834080129055412 -0.0198598565869438
0.0367026620454108 -0.125343363131201 0.104311942991326 0.00368093814871578
0.105259752100995 -0.0900784928388774 0.0893206264968321 0.0380958525182368
0.152655117263449 -0.0267020326334914 0.053356762263895 0.0554929272588099
0.152172267702909 0.0191312607495144 0.0395831378733873 0.0274161870741861
0.117664087681141 0.0595212329346656 -0.0272773217357976 0.00038324500302731
0.146576422011461 0.0333886827724519 -0.0450143767341355 -0.0652351738244666
0.13120956546895 -0.019878239328817 -0.0839798602262486 -0.054969133188365
0.0926056966449809 -0.0834018840412585 -0.099485190053081 -0.0199840752347312
0.0439205488076395 -0.109438845290069 -0.0775915257982968 0.0113534860800402
-0.00280367775700376 -0.107601057542089 -0.0598057926002868 0.0235974080495951
-0.0367125807095626 -0.0892845679216465 -0.0401807551306881 0.0231952224928942
-0.0451628338074717 -0.0887605378697324 -0.0104654862159478 0.00598791127075164
-0.0439250334844476 -0.0840089411565481 0.00956832243330694 -0.0239879686968566
-0.0388229559522305 -0.105209656749072 0.0401561460282325 -0.0453327322006476
0.000422902010127883 -0.129530950671833 0.0750475120447008 -0.0490568064384037
0.0484773475417578 -0.124137506492005 0.10499763330621 -0.0120850127434263
0.11707494147534 -0.0823854415231568 0.0824158631086994 0.0345063565386059
0.159168206087814 -0.0109157524595167 0.0269803299002468 0.0541761678026811
0.149820348368929 0.0331372614199642 -0.0111872175959292 0.0108595302244521
0.104790245413181 0.0551286712362535 -0.0791337471131101 -0.0250583444233818
0.139438586614013 0.0307438155361221 -0.0820109855259287 -0.0710882004427851
0.127385671882177 -0.0241124055177332 -0.090946657483662 -0.056154027157213
0.0847367328828833 -0.0848989289871026 -0.0856814475749365 -0.0294642109021671
0.0361331966624749 -0.104421146053088 -0.068128201708167 -0.0204346014402623
-0.00521669756925564 -0.0985393493893539 -0.0663676386946419 -0.0140183506600909
-0.0331378302939296 -0.082150114830771 -0.0553022606540926 -0.0105800035035375
-0.0367491807763082 -0.082097348077235 -0.0259806315169208 -0.0257930264239431
-0.0317973751678482 -0.0795922023556297 -0.00584262380738691 -0.0540295400322321
-0.0209160199291366 -0.0986892320598263 0.0284876547717359 -0.0718824117096939
0.0169269881360378 -0.112854368467751 0.0706255291254377 -0.0712626074898333
0.0603924298335266 -0.100990984077081 0.105560217115613 -0.0216174913915613
0.114992941421449 -0.054619681393732 0.0735452964818457 0.0308818188074829
0.142598602744929 0.012887510775988 0.00292386035678065 0.0468393371952982
0.125040346381386 0.0457876835493053 -0.0535382840358935 -0.0101506189601492
0.0726156162117731 0.0424572617889418 -0.124271811484864 -0.0402777354356666
0.10355501647052 0.025102660492365 -0.111360332651452 -0.0650504521215064
0.0966756747658534 -0.0197511488332648 -0.0938348890704521 -0.0537866634148804
0.0611572699560538 -0.0655147263718897 -0.0736024400822361 -0.0371865909600348
0.0238154732620876 -0.0762332637292176 -0.0641779407868258 -0.0460236762494603
-0.00386301278128983 -0.0715861019899627 -0.074779768300054 -0.0421216964023974
-0.0231267520757477 -0.0610745654032476 -0.0678379412493845 -0.037895405240808
-0.022840667796998 -0.0633372910689678 -0.0376952305789953 -0.0529030654052016
-0.0157932357206838 -0.0630252117585437 -0.0133331524894232 -0.0806832683160937
-0.00234479678946595 -0.0764008535764926 0.0265553816158536 -0.0934788870526588
0.0285760434296787 -0.0798407677922161 0.0744989169411304 -0.0847828204504283
0.0621070933906103 -0.0650722039418694 0.105540199893562 -0.0243867450706587
0.0971114538887851 -0.0195408222710761 0.0652376072242133 0.0267221093745172
0.105851370424612 0.0332261420470364 -0.0131506457795397 0.0330433735384228
0.0828396565207426 0.0505486017326305 -0.0811851122076249 -0.033579180616973
0.0248494662802176 0.0284442185709502 -0.152575581566711 -0.0467690691768443
0.0498382618483446 0.0236223727608987 -0.124717488299954 -0.0540378399751106
0.0512749977284766 -0.00397915852752876 -0.0929373906797254 -0.0513519419516087
0.0310004803201889 -0.0283214282905241 -0.0682173445699909 -0.041015605622854
0.0139994552271027 -0.0323431648781026 -0.0669609440367605 -0.0578545049920086
0.00392390991957081 -0.0320359415375911 -0.0833955992513893 -0.05581850240127
-0.00584333511379757 -0.0320550327444193 -0.0752391033410366 -0.0548657304638993
-0.00538875868722732 -0.0353161112471245 -0.0432257728778055 -0.0716832309362134
-0.000429428447520078 -0.0361272573493063 -0.0136871712678055 -0.0992614389454768
0.00851146210223623 -0.0428902615549102 0.0320603314908057 -0.106483810273053
0.027313907774357 -0.0396902563127036 0.0822525055141966 -0.0886361599530636
0.0476389371025718 -0.0290252638486186 0.107092308717814 -0.02351147443839
0.0648776425390882 0.00591217726123747 0.0611432868004941 0.0221251017598376
0.0571141969380436 0.0400745361770037 -0.0170156733032557 0.0169798563208133
0.031040989269365 0.0431880686416765 -0.0911800001997366 -0.055736102216745
0.0132097465079322 -0.0190704492956261 0.102433350480162 0.0648131938907792
-0.0145857438752161 -0.025874013269538 0.0435396611187483 -0.0208561125811724
-0.0255558007651067 -0.00624279175242748 -0.0531289826031536 -0.0342205864005228
-0.0138850996478768 0.00730204097114604 -0.11389103726353 0.00593705008732206
-0.00726079023632161 0.0050302275598238 -0.104254732726535 0.0840319185078322
-0.00864112920543634 0.000607406349446723 -0.0465561298246721 0.119742032554259
-0.00969928579707534 0.00206084990445918 0.0110247862091075 0.111861025067329
-0.0149969605507002 -0.00231799476970708 0.051118890270687 0.0903540055390461
-0.0168212875859061 -0.0015197619082042 0.0775061925057553 0.0640398315205556
-0.0192858728366683 -0.00584184408388836 0.0909830967539172 0.056588529508456
-0.0120955240844798 -0.0153050969135425 0.0837717520763109 0.0604915626738235
-0.00552671229831008 -0.0140803163678999 0.0769347581741766 0.0533165514106444
-0.000306583469817432 -0.0188084206101486 0.0844385776666336 0.0588237181826021
0.014582941845059 -0.0285932457090058 0.11016115669833 0.0706618995200829
0.0269542221569384 -0.0162724704220695 0.159045113668959 0.0584394710608807
0.055012630329443 0.00708886639028092 0.0888485156689208 0.0681462159064299
0.0366595989343333 -0.00810174992343307 0.0342812704827567 -0.0199189094524449
0.0175996539292901 -0.00691878242685377 -0.0556905741058752 -0.033143346253301
0.0184722429080335 -0.0144936715800193 -0.113718783069204 0.00113440009955625
0.0121347560077963 -0.0295487735315012 -0.105191999004515 0.0739397178559232
-0.00556473014908405 -0.0366275275957894 -0.0538382429717603 0.110164438952176
-0.0210637797351367 -0.0317019898124957 -0.000175269032431718 0.105493569738855
-0.0317315935170151 -0.036236026031857 0.0413766626595515 0.0834397953964944
-0.034438457112429 -0.0341064932326403 0.0687752701390157 0.0532453445460469
-0.0350274153891153 -0.0470484226365074 0.0889537474721672 0.0395361810369724
-0.0113479602841346 -0.0653873515451013 0.0912267375587948 0.0414846419591594
0.015940358363647 -0.0626602694073715 0.0888664275868825 0.0418778685959688
0.0476257518396916 -0.0483165578842332 0.0875397326503921 0.0534993010443095
0.076595458316156 -0.0290204373563595 0.0966137422627512 0.0624011034365736
0.0854093215739107 -0.00298910716401286 0.133907892070669 0.0505355052203444
0.088996473820802 0.0349393176242566 0.0619782576807797 0.0550760076023114
0.0864005902021051 0.0132380126118029 0.017175882785388 -0.032774396796371
0.065187500902821 -0.0064292914797282 -0.0638674711741151 -0.0407144553818885
0.0530551771861556 -0.0380058033762619 -0.113947185836079 -0.00526653502914331
0.0310626998373515 -0.063381825425592 -0.101249703720506 0.0602100691559802
-0.00193293405656053 -0.0712299573493225 -0.0569852819885796 0.0903730839551611
-0.0294987478561316 -0.0620192987177836 -0.0123193861869755 0.087079217853145
-0.0437917032126925 -0.0649434794397425 0.0260226155629404 0.065596589336819
-0.0472149591031082 -0.060594997625613 0.0516208694706224 0.0329236236912394
-0.046973377917566 -0.0787058749898839 0.0772091595511129 0.0131800162811475
-0.0140066555403166 -0.105133684769219 0.091581114050732 0.0120350014574255
0.0276348396089741 -0.103425525428042 0.100293913911263 0.0235431465003465
0.0832413338767961 -0.0773121149983236 0.0902107326616523 0.0472644565291291
0.125769118185798 -0.0316580040586737 0.0773817153740834 0.0573759480597088
0.130791660563748 0.00805472860940385 0.0920036265012325 0.0398556808619479
0.111597634160824 0.0539994175592317 0.0218404277121629 0.0293716037655814
0.127635254059056 0.0287565984920462 -0.00921634347748881 -0.0521783314948097
0.107929718773255 -0.011198664081972 -0.0739319759632839 -0.0500016975382203
0.0814980397076786 -0.064543936000088 -0.110282520631098 -0.0129961907254954
0.042781274358443 -0.0938526828041056 -0.0906611032016069 0.0386682565582628
-0.00120791160183099 -0.0980130829075676 -0.0584477525450669 0.0604487360701455
-0.0351684569556717 -0.0829043809571124 -0.0262447350476617 0.0587548029962888
-0.0482796925027102 -0.083768351842573 0.00769691956490244 0.0378130329246036
-0.0504034200972404 -0.0786865642787691 0.0308565138175671 0.00598760632420431
-0.0491487879784305 -0.0993502863949747 0.0588848661267547 -0.0166360955426783
-0.0115442029188446 -0.128131405011039 0.084878241444085 -0.0197539990640526
0.0373220543829108 -0.126350316493875 0.106323475399618 0.00446921528075419
0.106620020829267 -0.0912251885508496 0.0891209328807256 0.0414463703872455
0.154976149654818 -0.0265356539204519 0.0528951488017773 0.0575558612783462
0.15305648786396 0.0215353883765732 0.0399918946807275 0.0275222212082889
0.117921570798418 0.0625552886148909 -0.0274882236350259 -0.000802775855818577
0.148735275723973 0.0342348443625397 -0.0445371151328039 -0.068483699373839
0.133388885956921 -0.0187563721285791 -0.0833567093255884 -0.0573012607554847
0.0943084199918428 -0.0839972871777091 -0.100211125292719 -0.0224221317703281
0.0443743805742294 -0.110607923724978 -0.078945681181258 0.00949195594643524
-0.00305210357034214 -0.109000301369742 -0.0614893825657832 0.0228638349458888
-0.0366945037224985 -0.0903662645604518 -0.0408524065927117 0.0238344827302244
-0.0459804416607239 -0.0897042221356475 -0.0107336316489368 0.00560359352278123
-0.0449636870014932 -0.0852948202756359 0.00958551661881612 -0.024802730925898
-0.03897062155694 -0.107176149279411 0.0407269541778464 -0.0462317929720381
3.90152866207717E-05 -0.131020877714569 0.0768242544312723 -0.0490865897074246
0.0490419355904577 -0.12580567094858 0.106844205917646 -0.0119263027497605
0.11873031481679 -0.0834849515223438 0.0831264033296163 0.0370594316949209
0.161917940899331 -0.0108416782467305 0.0264740884678743 0.0554948700666731
0.1507659512017 0.0357972306399521 -0.0103499043596394 0.0111731890040297
0.10488775399522 0.057629906030511 -0.0804072764381869 -0.0272961808602069
0.141171908701513 0.0317021151536464 -0.0824163783936046 -0.0740468891278336
0.129585345930014 -0.023003142006024 -0.0904611760064586 -0.0587058208609809
0.0862657733152654 -0.086146485795255 -0.0856456878938851 -0.0315487059874354
0.0363213294800192 -0.105896920252863 -0.0692611557459859 -0.0221870716409064
-0.00572643279154899 -0.100351669719252 -0.067515792405736 -0.0144745725553948
-0.0334108197235179 -0.0829589312197096 -0.0556812968409029 -0.0101595248928888
-0.0373437226720307 -0.0823375503226265 -0.0267908059877936 -0.0271076639633265
-0.0318058313923675 -0.0802200002910717 -0.00566461844907531 -0.0558517176309752
-0.0212433123843945 -0.0996077712674746 0.0283990982223983 -0.0732528499607217
0.0169990658224127 -0.113341972592811 0.0724163028689052 -0.0716565970295116
0.0608519744680838 -0.101693491635714 0.106379650278742 -0.0220979452788951
0.116842749213794 -0.0547634418661456 0.0742604044321736 0.0332855493155694
0.144334826975571 0.0132272806896819 0.00214651333736046 0.0477268897642011
0.125147303562585 0.0481321559762458 -0.0530311142322437 -0.0104021574987034
0.0723309836846657 0.04447462420477 -0.126031153719493 -0.0432604467255752
0.105394355737215 0.0261440154729213 -0.111927648910888 -0.0681443388676831
0.0983906781422077 -0.019800314866324 -0.0935752025890698 -0.055781123094423
0.0620792133293842 -0.0661688391774059 -0.0732069742937337 -0.0395143152946775
0.0237881875187672 -0.0771365768218356 -0.0649074838696131 -0.0481030224098445
-0.00341055762164822 -0.072825897249759 -0.0767632222475604 -0.0434016650408041
-0.0230441342152371 -0.0622824539553424 -0.0684995754860201 -0.0378673906095243
-0.022899728779483 -0.0637389100762441 -0.0380667321606041 -0.0546985414612577
-0.0154095835083734 -0.0635734062226194 -0.0133780010547899 -0.0819633654537933
-0.00275394807829095 -0.0769985282073206 0.0271279696059134 -0.094798778556586
0.028772507959313 -0.0804080672167495 0.0757151346162324 -0.0851195320606381
0.0626842640978202 -0.0647845646951655 0.10718512232223 -0.0253375228583104
0.0978408309768332 -0.0190861771185321 0.0654560195517735 0.0282536462314
0.107329039885498 0.0347520659310483 -0.0141305482845741 0.0333687599537412
0.0822935223848862 0.0527923513335169 -0.0811464349706323 -0.0339880266541714
0.024213701415931 0.029655773216762 -0.154428835033852 -0.049957922875204
0.0505821357415884 0.0239308671810536 -0.12540034272231 -0.0566407015624929
0.0519053588468042 -0.00411964349782195 -0.0929275166150342 -0.0531000687582178
0.0313775464569523 -0.0286161639027313 -0.0675296603536088 -0.0441412816042279
0.0136965834893578 -0.0325514142122128 -0.0678980086549039 -0.0606723749359112
0.00435890533201177 -0.0329632869238752 -0.0849571604467317 -0.0568260961549179
-0.00524299509567432 -0.0325328979125348 -0.076458096234138 -0.0554308604286573
-0.00526413932795242 -0.0350421756750271 -0.043814613029281 -0.0730711311012685
-0.000396694519498517 -0.0364731378002598 -0.0140304996671661 -0.100351693924535
0.00835833673337199 -0.043584474975352 0.0330017679702913 -0.107706971578216
0.0280586509144125 -0.0397924903101954 0.0837334167172793 -0.0896851475494857
0.0474430897047331 -0.0285380280793063 0.108796851934252 -0.02368294065079
0.0648900106608749 0.00683969989619156 0.0613331624182212 0.0233292449328523
0.0577066458125527 0.04084430871437 -0.0179099821879218 0.0172576449831057
0.0311292593727682 0.0449070684345583 -0.0908278301413461 -0.0563644343132645
0.0011006656839966 -0.0240506277000387 0.121911700094591 -0.0111301592603554
-0.0267312377235765 -0.0124896497105556 0.0212642991628614 -0.0457721585100531
-0.0244594835025005 0.0105859039256519 -0.0661945241148757 0.00440206308393594
-0.00699441780938833 0.0146476069895899 -0.091063936459098 0.0761155877997778
-0.00232773171926191 0.00814405243086286 -0.0337060989219077 0.133118772416048
-0.00646326269541982 0.00584758121100804 0.0367725286483431 0.126008872517707
-0.00686919539636273 0.00688675714167328 0.07905873750431 0.0847487309001049
-0.0140146606408185 0.00744791786224743 0.097924024258298 0.041227594033317
-0.0141659178563886 0.00899898122503246 0.10377410882298 0.00306610311486666
-0.0187663820395191 0.00680147728825892 0.11063596723444 -0.010536532664725
-0.0193271127379888 -0.00564283651446998 0.107009736681086 -0.00314906142920884
-0.0128878422114061 -0.00932960414691374 0.0965370546717478 -0.00346431105526032
-0.0110678759233453 -0.0175329028431032 0.106469793766652 -0.0034300288455119
-0.00480113363663413 -0.0337796509010053 0.13798452103327 -0.0116451973837531
0.0138398010266287 -0.0299014363032198 0.170275497378959 -0.0527522819533958
0.0511563888895839 -0.0250770096773911 0.114280545833118 -0.00394589476911266
0.0244635121616842 -0.0276998462975444 0.0157074187367308 -0.0396794283316633
0.00997067094018481 -0.01580169386645 -0.0661688502902041 0.00470622799284002
0.00631233713636626 -0.0214329558877745 -0.0945834757008134 0.0700596454398122
-0.00707938576065173 -0.0309301948169281 -0.0413813870688972 0.124358083345376
-0.027123342844707 -0.0264763202604534 0.0236626373712435 0.121651577861715
-0.0361936975927194 -0.0134843121500667 0.0652505867082336 0.086762439549969
-0.0490875780223261 -0.00994289018743624 0.0857413188234124 0.0425639281280705
-0.0499451528993022 -0.00674362392244258 0.0902196987410553 -0.00014511402782486
-0.0581905287113598 -0.0175149171599917 0.0981576270296566 -0.0228302265167913
-0.0510607102179917 -0.048437289585747 0.100432740526552 -0.0226185137309599
-0.0248903443195387 -0.0631747969521554 0.0993948876722275 -0.0197076504742449
0.0107943918283482 -0.0731614373684204 0.105688663047671 -0.00951309131224275
0.0468495981092894 -0.074509775799479 0.121411212337578 -0.00827271248911546
0.0722527820640405 -0.0572145507718047 0.141845382575393 -0.0414672744023185
0.0951632860608811 -0.0213569353625661 0.0853760199474932 -0.000362562738889862
0.0773884270447981 -0.0392662336016331 -0.00388212156941488 -0.0411362752397634
0.0494078909609245 -0.043163322242903 -0.0757734673183356 0.00127759434393272
0.0206801829088329 -0.0604572430483701 -0.0985369048212553 0.0627973413538829
-0.01218990361707 -0.0695565520370684 -0.0472573109815389 0.109186979798362
-0.0448340452150162 -0.0568078226803951 0.00851733256003126 0.106904339393898
-0.0615455992878659 -0.0323794736182213 0.0436205160074917 0.0790954425010886
-0.0760926098151875 -0.025538660320921 0.0615937011301641 0.0372094950914246
-0.0771300469443941 -0.0208071000519021 0.0632752058323567 -0.00644825698562835
-0.0889450571918328 -0.0358029267224896 0.0719467715587338 -0.0375752506808677
-0.0787394400469995 -0.0791188397087047 0.081964262694267 -0.0464057368438872
-0.0412060850956851 -0.105218023014253 0.0964518567085104 -0.0419109532626439
0.0222298058208804 -0.120766917617148 0.103433381724498 -0.0158169245610231
0.086240978986854 -0.108426546508186 0.10278064990039 0.0019981371909433
0.116811182702694 -0.0766388639169072 0.0987776809845299 -0.0214303253976169
0.126110441374787 -0.0174188307218369 0.0381671974952705 0.00164351627617346
0.119427531119045 -0.0509145438917092 -0.0357952615109694 -0.0416952195641111
0.0823298027836021 -0.0730145907380146 -0.0893878142636134 -0.00282846731159974
0.0288256376583953 -0.0985097398475435 -0.099914021582312 0.0522825168072766
-0.0207122674364779 -0.101477790784666 -0.0523170056995871 0.0853744747907766
-0.0603650541184786 -0.0787711718344296 -0.0125202681012249 0.0825115898243853
-0.0783931986685956 -0.0458139138867218 0.0138015563175426 0.0643702271706131
-0.0917453659659188 -0.037905724774425 0.0296111139339267 0.0261722816637964
-0.091658085247461 -0.0333187675191277 0.0288237619466421 -0.0150494359219628
-0.10356096619537 -0.0515584172184385 0.0383039168824887 -0.0508319254836451
-0.0917648668538484 -0.0998006580453831 0.0557952852175485 -0.0689501129100678
-0.0485799303123291 -0.130603670053283 0.0888638245734195 -0.0615760299556653
0.0328680900404332 -0.148403448959988 0.0986708689529704 -0.0202527786367335
0.11398520693037 -0.123182165913906 0.082045547152314 0.0179744279338602
0.143827657532577 -0.0804520387974393 0.0473591420283296 0.00179138409242645
0.135341605138722 -0.0139050367423226 -0.0211199103236089 0.00704620004594659
0.139474173116636 -0.0588386187399492 -0.0739516651344433 -0.033282905455015
0.0977005545138989 -0.0938504595492307 -0.100961947927798 -0.00452082025019004
0.0274345653725025 -0.121669543938242 -0.0981583015837624 0.0363619040780921
-0.029469744485802 -0.116178222574721 -0.0613707756149685 0.0532927781065336
-0.0687411080804321 -0.0867536794700182 -0.0382121333550164 0.053806034662487
-0.0846180073380335 -0.0505145511839676 -0.019825661354556 0.0456672867329803
-0.0935061299736964 -0.0447194610883486 -0.00579963543252097 0.0109693829867123
-0.0911759023879748 -0.0422881614736534 -0.00703160370490348 -0.027352247895945
-0.10034524797091 -0.0636547042853896 0.00444583595900345 -0.063965553457761
-0.0836428026549778 -0.109476054937977 0.0303221698723958 -0.087326843134969
-0.0374262854903688 -0.137436194790125 0.0796672213938235 -0.0754185605771736
0.0486551680299794 -0.148840670382549 0.0904553044567488 -0.0197293760403647
0.129854514879059 -0.114207588999878 0.0580540551470933 0.0342141042993531
0.150280495384761 -0.0670714234047736 -0.00631358847272419 0.0213753436943866
0.121300614769278 -0.0107738908895547 -0.0802220607940067 0.0186076591802133
0.132231416964846 -0.0554804663619883 -0.108775166677841 -0.0148460905239253
0.0917737429062509 -0.0953301245866289 -0.108056374698972 -0.00129439846877184
0.0199437641094287 -0.119094870296852 -0.0922815784623795 0.0203916072168981
-0.0339757809212857 -0.107316170087395 -0.0727882816646791 0.0213672793592701
-0.0651995025037842 -0.0782488214354758 -0.0666051686527318 0.0280209234835679
-0.0774062903067891 -0.0470613340707853 -0.0530536780883492 0.0266784936106407
-0.0820157231697201 -0.0443413692093129 -0.0388596251369699 -0.00524152912328451
-0.0771928890955898 -0.0465792777031775 -0.0395050186642117 -0.0426036272352056
-0.0811269080074076 -0.0688959673373943 -0.0216711639865981 -0.0790655924876455
-0.058400448172971 -0.106158854518998 0.0127207487648276 -0.102844240114426
-0.0117949493738546 -0.124252055347209 0.0731959329617574 -0.0841186958624852
0.0654552010307463 -0.122879594642543 0.0804852894006326 -0.0177596354904318
0.130276169867076 -0.081668953619826 0.0329329147130025 0.0429064640680105
0.136058244697765 -0.0397855822176553 -0.0546777585984175 0.0302725006406176
0.0853525371175288 -0.00244227985857229 -0.127359928368776 0.035820443923597
0.0993002303767582 -0.0394036990922985 -0.130449952159445 0.0097184130862733
0.0688455232855347 -0.0735997262761942 -0.108990147625887 0.00449423909429918
0.0109657191407434 -0.0892214468252277 -0.0861909568790317 0.00695719072185055
-0.0266565142772442 -0.0766105256281105 -0.0846922278871779 -0.00100771367440665
-0.0470905457594872 -0.0566113929852068 -0.0906784749083825 0.0110472074738037
-0.0560935567875507 -0.0359802652587188 -0.0812443525459146 0.0119228206493299
-0.0581070618939489 -0.0376084576291257 -0.0652667201600612 -0.0209502147116567
-0.0532634649652969 -0.0431197395813833 -0.0623483113646753 -0.0589330947846675
-0.0514798360730178 -0.061536601105629 -0.0364956391714783 -0.0948874393025627
-0.0265708327852548 -0.0859822737178625 0.00725845077430573 -0.116400586655376
0.0125659281801938 -0.093951956995415 0.0721383301666406 -0.0877831565414401
0.0719854038309874 -0.0804115883322041 0.0699187174324481 -0.0164079524880391
0.112731651116391 -0.0398557018324145 0.00964328965271335 0.0400683554472274
0.102902317904482 -0.00876170437701819 -0.0924383049934508 0.0264209302872572
0.0364105383760299 0.0120861926589147 -0.154872347232043 0.0523412355491455
0.0540584585595453 -0.00912792338214886 -0.135608087424436 0.0288959120381712
0.0394804972187701 -0.0339963584517831 -0.107487247691732 0.00874659333140803
0.0084441454444523 -0.0412542364526737 -0.0838506588866891 0.0018554201647112
-0.00811141712952064 -0.034389394213811 -0.0942262487043078 -0.0090968580530966
-0.0161399123616653 -0.0292222463775633 -0.104937501961376 0.0061947920985039
-0.0239790779937504 -0.0225500078558336 -0.0975677734668787 0.00266569874491865
-0.0262599644936921 -0.0254152336487377 -0.0815252146266107 -0.0332252215900752
-0.023786374822963 -0.0302125653453711 -0.0742992505495187 -0.0737860387689579
-0.0210822238197655 -0.0410098133044442 -0.0401560285446273 -0.108594346635304
-0.0017936874235882 -0.0515987115908543 0.0113388532311739 -0.125073638550579
0.0233623682972537 -0.0541570577451406 0.0739787629848147 -0.0872731901948077
0.0607242692789968 -0.036681598706098 0.0640818341514052 -0.0184428333078485
0.0743853874081717 -0.00155674696902842 -0.00412661917514862 0.0277352260205781
0.0541361093612583 0.0173115872959825 -0.113606632936651 0.0121761133809164
0.00032344372153802 -0.0249669230528932 0.126190860525016 -0.0166964173601027
-0.0285216158377255 -0.0117559605630181 0.0191356676917013 -0.049153758661603
-0.0245998693448229 0.0114709000953171 -0.0687909459256646 0.00592347661154435
-0.00656857278857959 0.0154401655248551 -0.09181315654002 0.0822550160936221
-0.00240921990934878 0.00882463556778484 -0.0302624605302026 0.138693990001343
-0.00662809879963323 0.00673048650927303 0.0421487319677931 0.128567556635882
-0.00751350607484986 0.00806815924316785 0.0842009664800749 0.0843505028400093
-0.0145729022916105 0.00863002642986453 0.103245606945426 0.0385098664951554
-0.0148182436436116 0.00957741833999877 0.107261334067007 -0.00141000109840959
-0.019603005997433 0.0075147611988671 0.114099188180624 -0.0161165394298806
-0.0202945380514886 -0.00547443108109653 0.111067291917779 -0.00692316161043169
-0.0135414307687805 -0.00942174185021344 0.099805630046137 -0.00576396506374055
-0.0125221419095044 -0.0175141492082836 0.111541774481577 -0.00523187663477163
-0.00675997242269322 -0.0349104652163591 0.143475534970326 -0.0158624640477072
0.0135628697507898 -0.0314185399906719 0.173033421058431 -0.0616508456271264
0.0526872811369765 -0.0276375315738266 0.117914694143015 -0.0088396977366561
0.0243708486124968 -0.029607975602657 0.0136462254045854 -0.0434180542376395
0.0103093780847206 -0.0165219742665576 -0.0693824315393609 0.0058662122280847
0.00570716351586027 -0.0220038153176581 -0.0959727640696328 0.0758472502125392
-0.00891474637338927 -0.0314192742124597 -0.038374153840475 0.130300545201028
-0.0292491222605499 -0.0258619884205305 0.0289634607774226 0.12475055027317
-0.0388644610305248 -0.0120506720517663 0.0710007983873158 0.0865636947211065
-0.0519177102130963 -0.00794128026949606 0.0906447830984016 0.0400242470529716
-0.0519189258260817 -0.00536481882043941 0.092713719087649 -0.00435744991016837
-0.0614683624115576 -0.0160206208106649 0.100594402781064 -0.0284288359505756
-0.0549794877997378 -0.0481122749866274 0.103783472856962 -0.0282028803513711
-0.02881798557108 -0.0650882777299301 0.10215981937755 -0.023034620005485
0.00846899456895035 -0.0765667952804329 0.109496527841677 -0.0111714051125508
0.0454554015570199 -0.0795050023942427 0.126158450923315 -0.0123731521984595
0.0729346822518889 -0.061058658222057 0.144813971633869 -0.0486340013509248
0.0985817042675058 -0.0251727205077493 0.087877040023594 -0.00359389476720259
0.0785496905780212 -0.0442458668346825 -0.00660677116633827 -0.0442960437294941
0.0500654495358194 -0.0463267536916732 -0.0785701835874771 0.00232564803589096
0.0193601680888361 -0.0630022918827165 -0.100239045037059 0.0683187754932259
-0.0158437713251545 -0.0715696071076066 -0.0447562221619927 0.114589934932762
-0.0493062298429283 -0.0563652353182007 0.0117500262784743 0.109847333662917
-0.0650836024448341 -0.031539723999681 0.0477795004762667 0.08005062295626
-0.0806896169660615 -0.0229810282276254 0.0653187576694934 0.035680175817515
-0.0809796692461466 -0.0182024704336329 0.065097821669517 -0.00975944926396792
-0.093545136763023 -0.0335331846407322 0.0723584347286781 -0.0425932160247069
-0.0852281567529309 -0.0785401820077544 0.0831271288733814 -0.0520694850337985
-0.0473599792344987 -0.107386711267748 0.0979706298679422 -0.0464348013654864
0.0182219514730554 -0.126577065136819 0.107443668317778 -0.0186785820274033
0.0853521787998889 -0.116214542789365 0.106930134194455 -0.000523427223452625
0.118177613120184 -0.0829365476714229 0.101665349357328 -0.0266670229218334
0.13052184264456 -0.0216379921374478 0.0388268322255795 -0.000189476129857329
0.122438978616185 -0.0579321918806866 -0.0398885320908941 -0.0428555560579654
0.0828840977940731 -0.0781142147296782 -0.0921698887119722 -0.00195368054502013
0.0259158459041282 -0.103006413578185 -0.10266321776522 0.0567637715380625
-0.0264490170814745 -0.103797646746347 -0.0521865288185604 0.0893310475909715
-0.0668835315362701 -0.0790186220974547 -0.0104437905127575 0.0864355968902767
-0.08349391507163 -0.044181673578477 0.0169159826556216 0.0660815633905746
-0.0970436674319421 -0.0348462754119908 0.0319151486426889 0.0257869254786342
-0.096196061975109 -0.030609329869289 0.0290044038218443 -0.0168657559328145
-0.109947006297742 -0.0495179837286725 0.0369338336023157 -0.0547614917252423
-0.099773515603661 -0.0995261204403568 0.0557640702417879 -0.0737246341095829
-0.0553548446302682 -0.132806329614012 0.0898591375167939 -0.0669046073868932
0.027932994915514 -0.154987237635228 0.102243741794388 -0.0224099888976034
0.113433847544012 -0.133835591288556 0.0855490902402027 0.0165016505550059
0.146227610645214 -0.0871810326097119 0.0495227323732742 -0.00033861042865913
0.140959024425221 -0.0188554878143145 -0.0220291280491275 0.00759027146014421
0.14250569566885 -0.0663581866494852 -0.0794771085234822 -0.032820337513355
0.098514498828041 -0.10086207204569 -0.104753351293511 -0.00339046892468989
0.0239205515252553 -0.126946032140095 -0.101036497210258 0.0400337418774034
-0.0366743260834748 -0.118700452058413 -0.0626827623264198 0.0568711104943586
-0.0758452863855699 -0.0871263754995472 -0.0386103268175307 0.0574615582589126
-0.0892898445584506 -0.0491224949286032 -0.0181917177870651 0.0479811098347634
-0.0988753108047298 -0.0419449138278494 -0.00581397042464744 0.0120409277480979
-0.095662748935118 -0.0409615512868562 -0.00892965988563702 -0.028349271648994
-0.107039092080894 -0.0616170055370853 0.0010140141950658 -0.0668900482622004
-0.091881893639774 -0.110104534851695 0.0284618769258315 -0.0920358103868155
-0.0443994679451213 -0.140063812299673 0.0791746784293288 -0.0815007292936678
0.0442989091007398 -0.156067594943404 0.0937615304566143 -0.0224147417692104
0.129333804684487 -0.124071068492067 0.061222482924545 0.0342987447057853
0.153055346210768 -0.0739333801982692 -0.00472386048613454 0.0219354842920296
0.125774588361014 -0.0140874140986104 -0.0832654940606966 0.0220960073623089
0.134372390402457 -0.063245804347235 -0.11449814809765 -0.0118062981150225
0.0918593352537688 -0.102049714464307 -0.11118400106974 0.000597132305442627
0.0153495885903263 -0.123567119875612 -0.0947199605192748 0.0230307678822159
-0.0399976980439055 -0.109250260614236 -0.0756271864959791 0.0243374143844233
-0.071523964224235 -0.077788496306704 -0.0689888882647876 0.0318392803545977
-0.0818315116589867 -0.0452632027385365 -0.0528285473696349 0.0296595576461577
-0.0861564436297511 -0.0423391043947747 -0.0409888505008147 -0.00420081055573979
-0.081624699751486 -0.0450122849090734 -0.0432283379556012 -0.0426735278121844
-0.0868001615365194 -0.0675940221719323 -0.0268143488295126 -0.0804436817136238
-0.0654802411218066 -0.106730874000947 0.00948839665774186 -0.108051686610827
-0.0178772474274664 -0.12713615410278 0.072494127310931 -0.0900044084841272
0.0619769995655355 -0.129118040824183 0.0825044445001944 -0.0196734812694591
0.131895999708725 -0.0903225692551401 0.0354342918410514 0.0442076296133572
0.139502962090592 -0.0454277735971235 -0.0551046498561989 0.0328662756647528
0.0892264382412821 -0.00483946661061756 -0.131349395851072 0.0410804936892278
0.101525892158213 -0.0446405441115988 -0.134921107195498 0.014129393556261
0.0684857122086534 -0.0789165515340761 -0.112567480506101 0.00673592775698891
0.00798714381678863 -0.0923340403257519 -0.0890897361176702 0.00940633971827538
-0.0316207102787554 -0.0776209776209846 -0.0888913666911369 0.000981107086783902
-0.051682350222464 -0.0566586349610506 -0.0943359484906899 0.0154372114241767
-0.0594626310949566 -0.0352808130736873 -0.0827950233078377 0.0159060781560406
-0.061891834268959 -0.0360063191116999 -0.0690537203116494 -0.0192184722344367
-0.0567404654014453 -0.0421659972498209 -0.0675169874372878 -0.0592440503665906
-0.0562416804836552 -0.0616154323262744 -0.0418610406289149 -0.0962600491797985
-0.0310852600651437 -0.0869428599534577 0.00392099105628783 -0.121289235314381
0.00966217094988846 -0.097651317332722 0.0702445141413097 -0.0933829728631003
0.0711384444735975 -0.0854826448203237 0.0717755813718569 -0.0187755943161664
0.1145287350897 -0.0450084337009111 0.0111405026163423 0.0415869094625035
0.106257449054184 -0.0118767655219641 -0.0933551003896527 0.0306402536825268
0.0384196558532613 0.0126197176817138 -0.158694204662617 0.0583217665086101
0.0556716200001538 -0.0115738622240645 -0.139849778892897 0.0349118580099982
0.0397497192441393 -0.0366105614012421 -0.110776127808791 0.0116127637452007
0.0064526944125598 -0.0428264286684668 -0.0867693101046229 0.00284050332192983
-0.0102041512137212 -0.0350465350802559 -0.0993228767022008 -0.0063173381514927
-0.0182211560533313 -0.0297641035107041 -0.108553917366006 0.0107170705607575
-0.0253328204673479 -0.0222293947893746 -0.100699908645599 0.00679471267182908
-0.0279719051365639 -0.0245555670055576 -0.0863341773131226 -0.0311035059659195
-0.0257114060597135 -0.029614275032149 -0.0803325676665793 -0.0731364580999055
-0.0232202923946525 -0.0416398200626821 -0.0453380501554935 -0.110528165012978
-0.00385896965746151 -0.053356086390114 0.00775718396791993 -0.129272139034628
0.0217480488575141 -0.056489925273349 0.0727342187473126 -0.0934926160384757
0.0615410581780168 -0.0401664707552481 0.06549588759825 -0.0208579159191954
0.0768110935628612 -0.00425245606007361 -0.00362856566481137 0.0297931948590589
0.0565776924804722 0.01655730799158 -0.115828718891489 0.0171147008534368
-0.000926803405981571 -0.0259365750674015 0.127400719961582 -0.0253869831494417
-0.0291607535690645 -0.00989363933092293 0.0149474113880917 -0.0522988922754846
-0.0238444245541717 0.0126632745298994 -0.0700788927064677 0.00950245392230835
-0.00587843938549622 0.016287843673578 -0.0880730762343329 0.0888461290307783
-0.00184788614596777 0.00852280211156406 -0.0216486748812362 0.14306989740589
-0.00642848986666844 0.00715387058913416 0.0509223828014114 0.127835714019416
-0.00806853874386715 0.00789520681792051 0.0894367076717649 0.0797568962658648
-0.0149314303748715 0.010291900232876 0.10706705991046 0.0321502093906501
-0.0145107302024463 0.0105136440274248 0.108535782442536 -0.00885082682861217
-0.0192702559248785 0.00825824318079996 0.115499406472937 -0.0245661944478131
-0.0211972247304511 -0.00460790952255891 0.114055488892357 -0.0144626009705335
-0.0144424281377462 -0.00905365445680456 0.101623324489269 -0.0104788716823644
-0.0137538568259857 -0.0178329500399526 0.113867059455744 -0.010612691040061
-0.0096604624320462 -0.0347938380248058 0.145473952246214 -0.024358935398144
0.0126045283044215 -0.032326448840633 0.171448431733575 -0.0732331504557225
0.0521535902083246 -0.0311521668198706 0.119260644469279 -0.0165473606508603
0.0227016205642368 -0.031633793796856 0.0100858420051188 -0.0461342885477424
0.00977600929594888 -0.017050655270096 -0.0698860910698428 0.00870451017747315
0.00412888176784387 -0.0224804513213344 -0.0929687356962402 0.0827007141299921
-0.0111960094690719 -0.031243403085072 -0.0310770451014703 0.134722933915782
-0.0315847249420055 -0.0240770116417349 0.0363209045148025 0.124493067473771
-0.0407579913519798 -0.00999973572713199 0.0767354348629987 0.082729180985361
-0.0536529647307618 -0.00414724432019744 0.0942688783399629 0.0346828105651455
-0.05370906312802 -0.002312184981546 0.0933641724970583 -0.0108047147719331
-0.0631149524349412 -0.0123281679529467 0.100216530817883 -0.0357159142494896
-0.0599167958031239 -0.045345657855023 0.104394713437351 -0.0355342208154773
-0.0332553101893419 -0.0642840046423701 0.102421455009361 -0.0288390788608759
0.00277076791857397 -0.0788519997286289 0.11235630616475 -0.0162494714820304
0.0407437532224544 -0.0839157646350934 0.127743297459625 -0.0198220788217649
0.0705225544390898 -0.0655932361200078 0.143768031038031 -0.0586210167938965
0.0996414815782991 -0.0309877784794435 0.0887529402037772 -0.00958922043176643
0.0766732964663376 -0.0502840460470041 -0.0106511043435653 -0.0449603810166619
0.0485656876806924 -0.0502433543611404 -0.0796205118322008 0.00538102021213624
0.0160445605055223 -0.0652287684963513 -0.097990799970746 0.075133341321613
-0.021055743068135 -0.0708655387417062 -0.0399877076836175 0.11900573529581
-0.0543647390037094 -0.0535118754970871 0.0177304963642448 0.110991441233094
-0.0683363028885797 -0.0272789575430577 0.0538065974719428 0.0777978251414506
-0.083597945157891 -0.0176793667757601 0.0685241791702494 0.0322623430441682
-0.0840607375378152 -0.013833844574966 0.0648067952303794 -0.0139875468849038
-0.0973094862945472 -0.0277986262052784 0.0705823402425055 -0.0480424140748371
-0.0927458220542896 -0.0741529666195234 0.082020808281257 -0.0588564580960438
-0.055047948506068 -0.105614222899781 0.0973014650604698 -0.0524151991964827
0.0100698418964259 -0.130313116337977 0.109455129102807 -0.0234430830539019
0.0787855391361619 -0.124713655579835 0.108373765726491 -0.0064407150004089
0.115086537987395 -0.0900506073988628 0.101697087923852 -0.0335875536886662
0.132471933112872 -0.0298672998155378 0.0386790020110433 -0.00255275291156986
0.119987741078009 -0.0669071607650771 -0.0441154542070292 -0.0418492612364789
0.0803427539157315 -0.0846530923165414 -0.0939051852577057 0.00163056644585866
0.0198878393746828 -0.105948392158322 -0.101874164336377 0.063774394580471
-0.0339958580547388 -0.103240669406197 -0.0479102697235065 0.0939916920061153
-0.0732924346706575 -0.0753051190329115 -0.00620914135606061 0.0880691835953229
-0.0878635462637685 -0.0400451146022224 0.0219772423118284 0.0657112413559659
-0.101101721236533 -0.0287299569755989 0.0331050797144396 0.0247183397316541
-0.0996052233359923 -0.0255323286384152 0.0274329424857212 -0.0194629070367405
-0.115153217483684 -0.0426796218969736 0.0333694819470344 -0.0579938416792446
-0.108456762947607 -0.0946532679961159 0.0519191212836771 -0.0791945426060229
-0.0648799971895833 -0.131180787680478 0.0867088826181489 -0.073336401635479
0.0185258941605567 -0.159322360547403 0.102920188381532 -0.0274113166081108
0.106120000026914 -0.143683879236388 0.0873447661737213 0.0132516795671641
0.142896540547677 -0.0964427009453136 0.0507953284084743 -0.0036780657970345
0.14313851451347 -0.0263519776617084 -0.0229585920793744 0.00929246706267105
0.1405372306101 -0.0767353302584739 -0.0832022796798954 -0.028857704980775
0.0941620001888956 -0.108697465797238 -0.106648163433827 0.000443765467789619
0.0157733672920522 -0.130767408231886 -0.100262223318234 0.0461083059132786
-0.0448223631243216 -0.117867478241946 -0.0606950233853719 0.0607692517473696
-0.0833639488235418 -0.082999429832348 -0.0365631548919453 0.0612601164904355
-0.094452142528096 -0.0445039960683729 -0.0146440242823177 0.0495464079779544
-0.103389942401778 -0.0359765158758982 -0.0060123177132544 0.0127406122805929
-0.100060068148994 -0.0349617851789652 -0.0122370004746971 -0.0279169047115804
-0.113489642383434 -0.0554666162476303 -0.00392193275122748 -0.0677000180088914
-0.100934527990783 -0.105085620650471 0.0229989313327907 -0.0960467458870992
-0.0542500704872993 -0.138627521215739 0.0753110787514051 -0.0875978915309483
0.0346188253523922 -0.161644478342736 0.0939987170942252 -0.0268697753581583
0.123566968350767 -0.134888208247865 0.0646681587168439 0.0324534131792863
0.150847278596133 -0.0828758679699504 -0.00297535435863623 0.0225318674117287
0.12840881095062 -0.0207040017089006 -0.0841568219198229 0.0267574162008431
0.131944482098816 -0.0731670759037573 -0.117121176135014 -0.00565574367348991
0.0871403081259124 -0.109502464183011 -0.113726258073409 0.00441737359208187
0.00736493683765758 -0.12652542235802 -0.0959441159372253 0.0280328384913256
-0.048371361502562 -0.107702313585067 -0.0762237981272824 0.0285572216534797
-0.0783039197451679 -0.0746001388469008 -0.0688893117560389 0.0367078621769048
-0.0863623600592118 -0.0410032896162791 -0.0515439473235312 0.0331563990545239
-0.0905155359518832 -0.0369862883779606 -0.0427156137208839 -0.00139509487325227
-0.0854407242066265 -0.0406155366641598 -0.0471642661477982 -0.0404333484233317
-0.0926437437595594 -0.0629155831141831 -0.032532227903691 -0.0801826637788359
-0.0737358515447528 -0.103940339079634 0.00340249448427042 -0.110018262397878
-0.0258909926501138 -0.127949434295063 0.0673246396425533 -0.0961203863445247
0.0548389150488009 -0.134957543010621 0.0828556512606604 -0.0235266510122791
0.127898617013518 -0.100522621054096 0.0382392200600356 0.0439799632553192
0.138880894944312 -0.0536013865589091 -0.0526372554869467 0.0358755251260013
0.0912285618982293 -0.00901362105419534 -0.131360402415335 0.0498650843714986
0.100127953808458 -0.0522969899089184 -0.137057173153619 0.0217606469266199
0.0646290967766752 -0.0844657498854754 -0.113882297628566 0.0114209154142417
0.0012686072815181 -0.0943647077774615 -0.0901772315749227 0.0128345541787584
-0.0372522464472552 -0.0767451555743609 -0.0913221328021444 0.00482745220562225
-0.0565679210444723 -0.0539927244253021 -0.0950380464055498 0.0224762674472935
-0.0628032843333703 -0.0318131399755419 -0.082208595505897 0.0213501945678912
-0.0654368756546535 -0.0322825227813813 -0.0722203187703934 -0.0149761832341869
-0.0595611091965659 -0.0389617733415527 -0.073233887182716 -0.0556374085108102
-0.0609467240414076 -0.0582058494261692 -0.0490610939330592 -0.0951987895224034
-0.0375743891776691 -0.0861735268691731 -0.00320511398890668 -0.123535052664064
0.00390487654902072 -0.0982459336394717 0.0662438933321873 -0.0993621033175628
0.0668284724357669 -0.0906672811803279 0.0725111747673499 -0.0222765068990615
0.112570831974884 -0.0533116275193816 0.0138809779765968 0.0424018593165467
0.1067305672075 -0.0181473158236019 -0.0918911649853135 0.0364041094941023
0.0399439826999993 0.0107256232965003 -0.158396185014193 0.0686414175731413
0.0552249282252547 -0.0155529395636058 -0.139968912580134 0.0428134979328507
0.0370896196938551 -0.0397932894149845 -0.112055651539501 0.0167714081643311
0.00346037014671879 -0.0439291526663875 -0.0880150460249178 0.00626488750805405
-0.0130073585407358 -0.0343652167548391 -0.102228532865159 -0.00126983070904975
-0.0203619829194121 -0.0292289310013285 -0.109960351457948 0.0187412536890367
-0.0268707707901793 -0.0207317617833109 -0.100774322513743 0.0132357831599492
-0.0302110220234534 -0.0226684653548332 -0.0901904381057378 -0.0252982220059963
-0.0275317740288906 -0.0285265334236413 -0.0863893941920582 -0.0693390796506603
-0.0257859129653693 -0.0401055199499853 -0.0533196546505888 -0.109587873298148
-0.00683547686103268 -0.0535180827063257 -0.00022855104757756 -0.131604778387272
0.0185163167793642 -0.0581541242210147 0.0683365854114311 -0.0993448207775648
0.0599679818421354 -0.0440421391171313 0.0655954212754822 -0.0238226281762142
0.0780761889945111 -0.00855636744080566 -0.00164303752412237 0.0314454349296278
0.0580909641126735 0.0136731154930015 -0.114848084427277 0.024522298910328
-0.002459734934359 -0.0256024443698453 0.123917826290159 -0.0338857890125882
-0.0299397433186478 -0.00786046639316338 0.0102807354164238 -0.0531221355500775
-0.0226461104423704 0.0140197348347456 -0.0690627704254367 0.0131649461798592
-0.00468680237651654 0.0163831431251366 -0.0819921316177342 0.09302945978764
-0.000975118549194896 0.00914385085670928 -0.0120536226639719 0.143098602420759
-0.0058403734307483 0.00794591237544062 0.0579505996156866 0.122511741129867
-0.00730778566232135 0.00862685491626887 0.0925909564990915 0.072677313076819
-0.014644540292109 0.011018732672562 0.107919966697322 0.024829606781705
-0.0144948055301089 0.0110531376249364 0.106413284544433 -0.0156606490543935
-0.0189408063965451 0.00887611498335802 0.112900966726443 -0.031577919693563
-0.0216821834790432 -0.00379935783995506 0.111834143636255 -0.0223266638207305
-0.0149101189813598 -0.0080931694548029 0.0999243449705316 -0.0155702054621939
-0.01500462704481 -0.0167301639512298 0.113895505481887 -0.0161714466004455
-0.011923197222674 -0.0330940791742233 0.142988780716678 -0.0330313278373445
0.0109665749482245 -0.0319982121601485 0.163613397156784 -0.0823816360027105
0.0502834531409361 -0.0340222393650347 0.116249024292418 -0.0239546006457739
0.0199280762827704 -0.0328097732213666 0.00546726368694588 -0.0464779328030166
0.00863912724689305 -0.0179345078640827 -0.0694214156331865 0.0115833395680925
0.00310752222702078 -0.0226782337792157 -0.0870542514493511 0.0872349871982553
-0.0133320942124714 -0.0299779723281967 -0.0225708482121421 0.135185329965907
-0.0330493283112761 -0.0207199903758697 0.0432062884592609 0.120895490901453
-0.0409444320605594 -0.00724082935537056 0.0803911314352945 0.0766833265778484
-0.0528544705553706 -0.000135805507692363 0.0952349059906234 0.0282044375172881
-0.0534640361612687 0.00116259418556385 0.0912129207337515 -0.0165492147131997
-0.0633272251440096 -0.0083246285935171 0.0961361856384033 -0.0425016533108973
-0.0618224032476481 -0.041152017883021 0.101728524592634 -0.0423104819528148
-0.0374218374126461 -0.0610344139621868 0.0996024079638333 -0.0335148283597523
-0.00201187800570106 -0.0780982379990248 0.111090554532218 -0.021810700305161
0.0345673000824768 -0.0853063279705452 0.125679992927688 -0.0267868527668002
0.0665439352605351 -0.0684771816015639 0.137060448290113 -0.0669927654576624
0.0973301852036671 -0.0370171599986455 0.0864407404795401 -0.0150034280882338
0.072329267165854 -0.0548600579967031 -0.0147505340632517 -0.0442717757072306
0.0454455847523862 -0.0531210607436661 -0.0790676886095385 0.00820796092374498
0.0113083115687382 -0.0652846681139593 -0.0924339491671197 0.0804536396217702
-0.0255557834725987 -0.0683971977494985 -0.031614975575086 0.119909846705727
-0.0572766542513697 -0.0489776370456555 0.0245563675548383 0.10866633483326
-0.0701405467705096 -0.0227665564067497 0.0580127771511013 0.0733936337310026
-0.0844883556537896 -0.0115695181928224 0.0700021247592734 0.0276236273579079
-0.0836236142281414 -0.00796372369894786 0.0622341653610821 -0.018111287366266
-0.0982025316208403 -0.0213640735033696 0.0658196270341062 -0.0523604245670395
-0.097001917415557 -0.0675110515747724 0.0780252245903608 -0.0640660399506377
-0.0610050517221375 -0.101281784082932 0.0924257043520516 -0.0569843899628523
0.00151224973408528 -0.129599395111251 0.107477952496758 -0.0286399147317963
0.0690129307388082 -0.128645740934301 0.106990620964637 -0.0126283254907164
0.10879261196813 -0.0954128987252535 0.0970949029869505 -0.039656296965476
0.129994134303882 -0.0371568813154096 0.037716343203482 -0.00501563252488558
0.113815355757232 -0.0739868000813463 -0.0469491314246225 -0.0387210612118545
0.0746102363906586 -0.089639211526838 -0.0932520279512303 0.00460908044486542
0.0125776758758932 -0.105992772680698 -0.0967211108941996 0.0687878944276304
-0.04068824798329 -0.0996848781140745 -0.0419150111995626 0.0949871469817811
-0.0780002031724554 -0.068858760179701 -0.00140268640206374 0.0878688392629082
-0.0902253426133355 -0.0340079802809597 0.0263223915425006 0.0630643246032819
-0.102225557253114 -0.0217048326563253 0.0341298505312307 0.0225154449188373
-0.0999279615623663 -0.0185848648030893 0.0251156645133232 -0.0208356641920064
-0.116898043859943 -0.0342642152900367 0.0284912389431244 -0.0594297201086967
-0.114254098888614 -0.0855080784535399 0.0467804363766922 -0.0822533159412767
-0.073042061580854 -0.12534253741863 0.0803857047755373 -0.0773918282598173
0.00705859128034156 -0.15970746973649 0.101787243163332 -0.0321989680922827
0.0957508002181041 -0.149597651784711 0.0879933472517868 0.00873585177648361
0.135852391999885 -0.102891780690687 0.0492684739451917 -0.0068365948014497
0.141120987057491 -0.0348135434359047 -0.0229036191345479 0.0106737541657548
0.133355429078706 -0.0860612544531183 -0.0848678694242937 -0.0233916542411173
0.0867243773074651 -0.114221833521467 -0.105676147968505 0.00421362083662078
0.00671409758487676 -0.130086540043631 -0.0969491999185603 0.0511899180570916
-0.0527447328815664 -0.112994194845221 -0.0572238831310568 0.0633159235272301
-0.0884965029176747 -0.0760873854470468 -0.0326109160034453 0.0634139979288969
-0.0963118626288332 -0.0380398563630581 -0.0107091439324233 0.0496726071459599
-0.104867728617975 -0.0280383345374956 -0.00523308184273369 0.0133355960190846
-0.101058107453346 -0.0281938689499794 -0.014661508065496 -0.0263956920278727
-0.115434478277614 -0.0473699896567086 -0.00873705364094552 -0.0663811051287033
-0.107426229033399 -0.0971798967793393 0.0165229437989466 -0.097158055640376
-0.0626683987727453 -0.133072854135326 0.068957746155956 -0.0916802308465389
0.0229983805474659 -0.161895398745716 0.092674851976238 -0.0307154138703978
0.11328277213861 -0.141992201885311 0.0649180125671298 0.0291707088426147
0.144286483018121 -0.0898266022269923 -0.00143924562649158 0.0213042325046381
0.127141937079459 -0.0280955978157355 -0.0824615104509494 0.0321597727026758
0.125782452065952 -0.0816416119028903 -0.116492534987353 0.00177315757753741
0.0798616489335887 -0.11432349050827 -0.112348458602719 0.00929795170716819
-0.00115794492650432 -0.125417114542505 -0.0931543055358276 0.0321555237630009
-0.0554014528039349 -0.102671183086168 -0.0749445237643862 0.0316732056864807
-0.0828236828095779 -0.0680179220829258 -0.0656929235819194 0.0415052693946088
-0.088160892451081 -0.0347820117054573 -0.0479940096709255 0.0363295133503552
-0.0920811862643788 -0.0302330997142491 -0.0429613734840317 0.00166202917850534
-0.0868197531917348 -0.0349372722671861 -0.0503078069954995 -0.0367277150254488
-0.0958988170348425 -0.055106997844374 -0.0381271788111924 -0.07709472559089
-0.0800674829579321 -0.0975645241676413 -0.00337828627777544 -0.109693203032371
-0.0336641429531667 -0.123742374963481 0.059838787482095 -0.0993090256677215
0.0446727594351432 -0.136808728682292 0.081361069655127 -0.0270109068519577
0.118971244582971 -0.107895093632541 0.0404853040286772 0.0422979621116159
0.13320322543369 -0.0600226087421528 -0.0486595371737482 0.0384986649152757
0.0903087376489355 -0.0142945789640823 -0.128256670538246 0.0571298707014286
0.0952041475460263 -0.0580889420491087 -0.13394289463411 0.0298733782125485
0.0579736542718653 -0.0879438554905716 -0.111996463816886 0.0162681149124976
-0.00466260262765242 -0.0926434588924495 -0.088752386773638 0.0170523016288179
-0.0423874527262906 -0.072761493774744 -0.0914612702532098 0.00999100617661697
-0.059810397090367 -0.0491177262382604 -0.093323773307901 0.0283820793514112
-0.0639504283934336 -0.0276995831685702 -0.0786382615085103 0.0256969335797932
-0.0661620340990354 -0.0274076030796331 -0.0728124089607795 -0.00972834947520371
-0.0614106350385744 -0.0345572697471357 -0.0769002821803001 -0.0493786507848875
-0.0641627848230476 -0.0531353281139424 -0.0546588916717078 -0.0904953937742903
-0.0424097177157846 -0.0821642471539764 -0.0111990155007023 -0.121429779871102
-0.00205480222856239 -0.0965606853478092 0.0586192130573906 -0.102172314832361
0.0596100704303792 -0.0933695076186285 0.0702897399185175 -0.0249744983347949
0.107839629837686 -0.059281181836124 0.0165892638246894 0.0426889764823463
0.10432290586616 -0.0236830486363111 -0.0873130086399615 0.0412743459228765
0.0411767829440738 0.00855122841896586 -0.153385699943465 0.077186600539114
0.0532386582959321 -0.018906863041925 -0.135593216381927 0.0505046182075271
0.0340763952479718 -0.0416315685847345 -0.10992787023717 0.022254348858408
0.000311039324878036 -0.0431607763803641 -0.0871812383884731 0.0106476193175597
-0.0152728152998659 -0.032191447968165 -0.102916449869674 0.0051508634193075
-0.0223604030622197 -0.0270612987230092 -0.10705372643455 0.0257163801397022
-0.0285101221996559 -0.0193271606874271 -0.0979680599748815 0.0197107348851087
-0.0309012087777778 -0.0197301617602341 -0.0916369458417519 -0.0193265339507587
-0.0290453980883373 -0.026010933809607 -0.0903815767081111 -0.0625455146338244
-0.0283114904666922 -0.0375695533538535 -0.0592233787066531 -0.104457425890024
-0.0100685022856662 -0.0522874017936267 -0.00804813957350037 -0.130310178875996
0.0152376873549136 -0.0585980205707555 0.061265244513305 -0.101920056433227
0.0553066520820542 -0.0472111046435262 0.0633280965885529 -0.0265612144289456
0.0762448891638979 -0.0133518470985569 0.000414856409154709 0.0315454701361127
0.0586025796975656 0.0104017274580674 -0.110200633205437 0.0313521349191466
-0.00327788696454608 -0.0244141419550587 0.117852380091376 -0.0392042239514853
-0.0293848687322219 -0.00585116677323494 0.00553473859592993 -0.0520616501810928
-0.0212468113941858 0.0141726205530308 -0.0664559206228969 0.014983054811286
-0.00353944834570038 0.0159482132389395 -0.0751440425208834 0.0928916215076587
-0.000563325803441805 0.00849900677652427 -0.00505643414445988 0.139108820560912
-0.00531972435476396 0.00833464639791579 0.0621590502004053 0.116500292014254
-0.00719839050856461 0.00924320225315496 0.0922324192156591 0.0653932325420121
-0.0140856101802949 0.0113621908845605 0.106064863236497 0.018446510242233
-0.0131504471430682 0.0114448328419562 0.10210263023789 -0.0202656723182618
-0.0179597831725531 0.0092085574067684 0.107744029136664 -0.0370266937230843
-0.0211140702681733 -0.0029126707999813 0.108456629165687 -0.0271182751572304
-0.0148957807135228 -0.00758929514824911 0.0972413857117146 -0.0178681311183425
-0.0155201873456675 -0.0158855357390643 0.110493551673407 -0.0196401073659576
-0.0131823566842802 -0.0307813853299165 0.137273571825846 -0.0377428243990407
0.0101729455572613 -0.0308608916397486 0.153321683364489 -0.0863003750647493
0.0470556674803043 -0.0354624188267792 0.111012583549627 -0.0287924250006152
0.0177954388852534 -0.0325736756845089 0.00167185507047668 -0.0454257654654172
0.00846448773193187 -0.0182224427360514 -0.0674465888618288 0.0130993985444224
0.00194724267722646 -0.0220626366647206 -0.0811686253850227 0.0879601633612295
-0.0144422900450651 -0.0283560405679612 -0.0155476064732639 0.131901340216263
-0.033068583029847 -0.0185968986267777 0.0474126841808786 0.11570575795169
-0.0408757288729874 -0.0050049150269413 0.0807826018418845 0.0700015234966374
-0.0520211339375433 0.00292047482093915 0.0936394610538472 0.0223890799615119
-0.0517258076088613 0.00384996771705726 0.0872085133498454 -0.0201615407300874
-0.0623583686579325 -0.00535248089382078 0.0915060171871751 -0.0461350487320081
-0.0628159768458751 -0.0370321599477193 0.097175759246713 -0.0461579491016902
-0.0390511717136632 -0.0579997470364304 0.0954576223899253 -0.0356211537410332
-0.00622302651772523 -0.0762231020946679 0.107605014953908 -0.0250332304453312
0.0287697896240877 -0.0843985927423156 0.120478314767508 -0.030800605168909
0.0616091166571736 -0.0689105093764426 0.129368366954694 -0.0704061263605806
0.094074572137026 -0.0402556586935836 0.082279770910304 -0.0183487991634649
0.0673468237960603 -0.0568262113943776 -0.017756738663035 -0.0425137067648552
0.0417752988559719 -0.0536391844760676 -0.0767268998804808 0.00968362278124596
0.0083232030026794 -0.0634526031129137 -0.0865120025721771 0.0817926825396036
-0.0281598008158933 -0.0651250880891408 -0.0254976926371738 0.117302059453178
-0.0583789699671074 -0.0443048560429008 0.0284684775762447 0.104510077132497
-0.0695554695824677 -0.0189019100941367 0.059357424847799 0.0676938909305758
-0.0822435738581091 -0.00685138675027742 0.0688783526066945 0.0235954257485616
-0.0821209817227371 -0.00424925002337611 0.0587289543258914 -0.0199882909250626
-0.0967437297068353 -0.0159981418932138 0.0613245640751903 -0.0541841016701979
-0.0979031880564174 -0.0601270358554259 0.0725805719492332 -0.0664639740462843
-0.0644009838075434 -0.0951524979530215 0.0873100158514509 -0.0586912594646107
-0.00506775990835459 -0.125989514626765 0.104441905580804 -0.0315258309407938
0.0608662649727825 -0.12800672554077 0.103325358565973 -0.0155903901494699
0.101998623183151 -0.0960254788907985 0.0919849365629023 -0.0426932086801768
0.126178665912319 -0.0421171733602207 0.0353101663401721 -0.00602006647853365
0.10670970110308 -0.0774819624438777 -0.0484733337758691 -0.0356520194159875
0.0686243318468189 -0.090499096127249 -0.0909637795856872 0.00680024751172655
0.00709471786920895 -0.103482876005484 -0.0913229700281629 0.0702443739606544
-0.0444724672610213 -0.0943191000394949 -0.0372457416096599 0.0937147385381381
-0.0793298055872351 -0.0625598152779762 0.00244839632187918 0.0859864370895795
-0.0893875382494111 -0.0280369936156783 0.0284103090936738 0.0591826539423481
-0.100101760415046 -0.0152101747104653 0.0340903246652178 0.0201554176291397
-0.0978491768053469 -0.013819298541159 0.0222569001909855 -0.0207305263565858
-0.114958078311743 -0.0275823442946402 0.024066157002036 -0.0588402853324049
-0.115573169467618 -0.0775872352927827 0.0413162177013274 -0.0826694555446027
-0.0764885698258451 -0.11835822257894 0.074269418597872 -0.0778022472917803
-0.000742538900901171 -0.15553655904722 0.0982968708454152 -0.0343562555086681
0.08482879692448 -0.150234086425592 0.0855723474625199 0.00527253506540465
0.127478279623178 -0.105529477044607 0.0472166378791428 -0.00892375201945107
0.136546215169351 -0.0399015757573345 -0.0223328145400025 0.0118417131111656
0.125276216496511 -0.0900253598111953 -0.0834612102412954 -0.0188590395819217
0.0793757176522296 -0.11491726168027 -0.10352680833302 0.00653526925638651
0.000931232228628335 -0.125992012566828 -0.0916342975860765 0.0535488467632804
-0.0572904236166342 -0.106794292754964 -0.0537621180295401 0.0632898935870548
-0.0898167284277336 -0.0690498870094309 -0.0295088369314462 0.0637786578860454
-0.0958504146854672 -0.0322656250204116 -0.00786287952709367 0.0479977071906638
-0.102904640559961 -0.022113729931584 -0.00461738133096932 0.0130784420876838
-0.0991007212533594 -0.0225514964362947 -0.016437530501385 -0.0242764780659398
-0.114306375593475 -0.0399078342045946 -0.0122475272066408 -0.0635491788600528
-0.109578076013857 -0.0884385937486899 0.0116763239652809 -0.0947710179718788
-0.0665665095796835 -0.1265168983997 0.061600213393636 -0.090800555808841
0.0143466751275409 -0.157984588460281 0.0894915268518181 -0.0324025791162723
0.102329292424303 -0.143128115867131 0.0656961316801198 0.0269333220211474
0.135808848339662 -0.0927128992493872 -0.000660457519899049 0.0208380668214811
0.123381825021961 -0.0325819862058057 -0.078770111757329 0.0349656680331791
0.117223839263601 -0.0851089381741239 -0.112811749190755 0.00710679053026893
0.0721466320104439 -0.114281864356433 -0.10911720743941 0.0116690163333575
-0.00708023186637408 -0.120856641690425 -0.0891075901345231 0.0346415708122902
-0.0588702915990977 -0.0965511519399092 -0.072589190459543 0.0333928248096118
-0.0841414260762047 -0.0612934813518468 -0.0627460217797719 0.0441866808379915
-0.0875174539059981 -0.0302842435958732 -0.0444434267796892 0.0368788205935019
-0.0905614931113962 -0.0244985802766555 -0.0418420219237457 0.00390316483803163
-0.0856358405376498 -0.0295844698471 -0.0512934907360751 -0.0327965365797986
-0.0957451836537196 -0.0485872562748676 -0.0407323894565903 -0.07237747950016
-0.0821745811499818 -0.0904497659497564 -0.00866600111789073 -0.106724368110965
-0.0386408293174072 -0.118226277714382 0.0533517920483975 -0.0984277852346547
0.0371041557516117 -0.1342515901815 0.0787121275289657 -0.0285735110429665
0.109826608301084 -0.110206498170257 0.0413395458782493 0.0401197221727204
0.127206457244029 -0.0633269936855765 -0.0455860822619321 0.0389904712039365
0.0878391348702457 -0.0178365349071553 -0.122122891864494 0.0607671250962537
0.0887096886564679 -0.06076177722516 -0.128173733603616 0.0346984385414686
0.0524864000385988 -0.0876930119338386 -0.108870209431601 0.0188628814929783
-0.00884592995620961 -0.0891415111899746 -0.0863000928726219 0.0189181005616714
-0.0451619423680923 -0.0673439003927222 -0.0900625428454638 0.0132953611989833
-0.0610530854541157 -0.0445690512289452 -0.0892932710822764 0.0321422869065088
-0.0631872920730962 -0.0238634147080772 -0.0751400548151744 0.0283001452690043
-0.0654343786325435 -0.0224876892960874 -0.0718860400547424 -0.00598367119722026
-0.0608536194820763 -0.0306011906782247 -0.0772982928057144 -0.0437772603966023
-0.0643021465524443 -0.0475244953200137 -0.0572081620890609 -0.0848312180965525
-0.0452358659122704 -0.0772566208367041 -0.0164489265057691 -0.11734502857983
-0.00621405144140295 -0.0930629471826083 0.0513123091111849 -0.101352381662835
0.0534218104325695 -0.093344503560535 0.0678976453516293 -0.0259996365669067
0.101407590610545 -0.0633188844166388 0.0184345625861386 0.0414350502103102
0.099950216856255 -0.0265824479542139 -0.0823716029790599 0.043227203396224
0.0405102697178516 0.00688612127386336 -0.145815370346518 0.081310069438807
0.0505877815397578 -0.0207753053249914 -0.128697165359942 0.0539994096676939
0.0305932470945321 -0.04210620236646 -0.106437909210999 0.024991565133177
-0.00181684934894899 -0.0413964390340466 -0.0846064758221925 0.012322543365813
-0.0162515712711615 -0.029893748248017 -0.100691914936901 0.00952640240785133
-0.0234592959049021 -0.0253472632999246 -0.102900200086947 0.0309127966183728
-0.0283832149157304 -0.0176514003529941 -0.093706130415474 0.0235518202098476
-0.0308682348620389 -0.0177212382594501 -0.0900757284966613 -0.0142400655294658
-0.0288265031153646 -0.0237651104692177 -0.0916359750981398 -0.0555930621498793
-0.0284873876905193 -0.034451134328403 -0.0621911705491353 -0.0980556868789535
-0.0124968680071114 -0.0504211556572935 -0.013308570140323 -0.126032868671762
0.0123224715680634 -0.0571544584704201 0.0544747064284194 -0.101399450979999
0.0519071077932114 -0.0479031761571608 0.0606405207041271 -0.0276187784374526
0.0730662347637467 -0.0160648625337176 0.00254975488782443 0.0318004639746984
0.0571189667648139 0.00790261550941001 -0.104458317914305 0.0341963601441062
0.00806452375198313 -0.024100089082658 0.117402046798517 0.0124193893095593
-0.0226530365705845 -0.0171531566245391 0.0243644464420762 -0.0434397826830659
-0.0241925382036784 0.00331744238730194 -0.0655152777800916 -0.0125785420222618
-0.00908804251855835 0.0120080589083592 -0.103777163541368 0.054303313922519
-0.00323974164486784 0.0053884937780989 -0.0598190792537157 0.121110724332659
-0.00831092051585177 0.00467720435683979 0.00928145731814663 0.127888866120901
-0.0101450174988755 0.00522373769924348 0.0551240025872436 0.0951335648927799
-0.0167822716141971 0.00527418399592978 0.0861666710847382 0.0577409560720529
-0.0164937300165381 0.00456163467244818 0.0979079449981039 0.0213907147541203
-0.0190079395164931 0.000415570690183776 0.111046042875925 0.00895066037979837
-0.0176332004357166 -0.0125116247156868 0.106051620942414 0.0193371670451211
-0.00989187896061093 -0.0134878646534484 0.0926357300658291 0.0241978349369442
-0.00769815645428729 -0.0216980912833366 0.106317855588558 0.0273652003933002
0.000135438501721142 -0.0333451078660185 0.138210276221611 0.017764858629644
0.0223986547740209 -0.0257095421887139 0.171855165854622 -0.0146909428412665
0.0588150356025457 -0.011540506606551 0.10493475044314 0.0135168853799883
0.0292609766443793 -0.0212345014423272 0.0167636235598576 -0.0417058533911194
0.0149791971737154 -0.0129834569921725 -0.067119671433606 -0.0173251375355728
0.0110921862525485 -0.0181581679941636 -0.109121950078774 0.0459905085405386
-0.000372283051345365 -0.0317933919230691 -0.0685114702762702 0.110743351512387
-0.0218886384721227 -0.0296016435973428 -0.00526157402148255 0.121476963683379
-0.0346249852516271 -0.0205324598482221 0.0429651246173733 0.0946821941228121
-0.0473573316777677 -0.0174843611708441 0.0742876541781944 0.0570495323756064
-0.0481620440094403 -0.0176386496872003 0.0847125670739597 0.0155110038425518
-0.0534512608724376 -0.0287680733752175 0.0989528295151473 -0.00646692599325492
-0.0435002214381277 -0.0579330412032832 0.103473301619914 -0.00301657718102711
-0.012403322999133 -0.068074989543403 0.0989952132652115 0.00674253375479107
0.0226888294791713 -0.0737167619489215 0.107859130901074 0.0213221536290808
0.0571862988101246 -0.0665979038648227 0.123163675474779 0.0196680591997925
0.0828381838639785 -0.0411585819322891 0.144120822340027 -0.00739350973771341
0.103347836745452 0.00445687386303968 0.0742715422320793 0.00677511125943499
0.0823107485281045 -0.0219226287188897 -0.00219953978859598 -0.0486365865289177
0.0590439458504745 -0.0310375749671547 -0.0761330702166559 -0.0275565846013086
0.0338715254991464 -0.052018780686158 -0.114329868505065 0.0371018658886672
0.00189969805413212 -0.0694574793132724 -0.0735674009095732 0.0938170621958697
-0.0339253901678812 -0.0619905882805489 -0.0201144035779413 0.104933086920258
-0.0540093425662407 -0.0438571217107392 0.0246450531991971 0.0836093474348986
-0.0711557723589082 -0.0376666747788637 0.0514841245128113 0.0479773567008401
-0.071520377213557 -0.0353673260108866 0.0591344436731102 0.00426887737616851
-0.0799985246479894 -0.0514344973116956 0.0750597312306338 -0.0258649712297786
-0.0665727337411064 -0.0919479880406982 0.0895393099756819 -0.0314619638042585
-0.0217710139898793 -0.11068905148576 0.101036945224664 -0.017571307670504
0.0418617024162414 -0.118886839354655 0.107408079479505 0.014290164731351
0.101577834901832 -0.0955388859832075 0.104383662895136 0.0283113534364673
0.128600188727987 -0.051546571961688 0.100960362854489 0.00500687872986198
0.133395935136677 0.0176324639785802 0.0264576054831702 -0.00410555239558646
0.125570281920266 -0.0237044349915384 -0.0329522505913952 -0.057429037419822
0.0981380304803574 -0.0525000495481436 -0.0898903437807181 -0.0380902447932814
0.0496311124287747 -0.0863700437076077 -0.116063010751649 0.0242128391841399
-0.000917085716491491 -0.101678460205596 -0.0766642459298497 0.0685740109049474
-0.0452721483280546 -0.0863308548881662 -0.0370386765401455 0.0779901762722317
-0.0669468473991167 -0.06031298521378 -7.94189215281486E-05 0.06388965531886
-0.0839060589089799 -0.0524579113421267 0.0225573481310287 0.0319235234723863
-0.0825168947530539 -0.0502479893969981 0.0268670217040419 -0.0105653170490731
-0.0932154209475996 -0.0684310773586875 0.0440282627561262 -0.045002885712971
-0.0764424756320917 -0.113470656621202 0.0681328162234354 -0.0572972966180068
-0.0244178598689909 -0.135456253311886 0.0979904566649553 -0.0405862266329537
0.0556867623116484 -0.144014932429787 0.104186706151839 0.00903059986596834
0.130233125070598 -0.105998969513478 0.0817495667588591 0.041049253508958
0.154373781205877 -0.0500975769067096 0.048210945922127 0.018221779537151
0.142373761438754 0.0239772866462191 -0.032114360816075 -0.0125979606993876
0.146379874435615 -0.0263665355806153 -0.0712860279805819 -0.0579997173822117
0.117455533771279 -0.069572664109358 -0.102194069757834 -0.0439521755709017
0.0533776322187658 -0.109111643964451 -0.111389771383726 0.00819787013938254
-0.00643399993233818 -0.117372807901028 -0.0799975200136476 0.0351055983899516
-0.0519273337677633 -0.0961927959735504 -0.0568022517171168 0.0456655855784768
-0.0717392151856822 -0.0667449147562081 -0.0280698993579675 0.0395637425757725
-0.083655275929505 -0.0591357784960504 -0.00949303578741113 0.0105169017275547
-0.080291397923112 -0.0585847356685639 -0.00635532073583298 -0.0295113609889057
-0.0879352647990909 -0.0780813143441065 0.0137538814271576 -0.0637891754305225
-0.066468884372039 -0.12071388838855 0.0470355305440601 -0.0809038466572488
-0.0129260740136234 -0.139310508369701 0.0916723310782086 -0.0573195815627018
0.0709833783135239 -0.140672359368203 0.095272187520317 0.00734566659765585
0.143585794726987 -0.0928396410424677 0.0550898363233973 0.0530071895700196
0.156750893568055 -0.0347430846254504 -0.0061605561931614 0.0265600534310325
0.126623895847855 0.0243269738716355 -0.090702464418249 -0.0129630018094438
0.138515331393144 -0.0254429619242161 -0.107509083562563 -0.0462181574931253
0.110697259077397 -0.0719984711189578 -0.10949108760316 -0.0412284630810444
0.0441879584950268 -0.107834874274381 -0.101621042746459 -0.00724278091777223
-0.0118247318170457 -0.108208644297987 -0.0843941569075644 0.00123370921862512
-0.0498156556178082 -0.0873427177154012 -0.0780767491109078 0.0150546819177082
-0.065179464956425 -0.0608898588771333 -0.0561149911661973 0.0144818892710724
-0.0720625765140075 -0.0566495618404308 -0.0387487309586617 -0.0125311312203677
-0.0657344291664974 -0.0597132150404914 -0.0341285584862328 -0.0499410362471685
-0.0677560672300388 -0.078397028583747 -0.00808977574947216 -0.0820431085653934
-0.0417791235853042 -0.111920996547038 0.0341142448585802 -0.0992470331108386
0.00984716911606127 -0.121001751326507 0.0871904757744496 -0.0673462677804366
0.0828744343710607 -0.110744524289472 0.0836500542459421 0.00681487343989767
0.13894513055232 -0.0597207286426197 0.0280232664746564 0.0564483556302761
0.137767416100977 -0.0112826600445539 -0.055084151859519 0.0231004154282751
0.0880680398597776 0.0228915670689796 -0.13789691762876 -0.0042884876108461
0.102923971486345 -0.0160065124659329 -0.130441663670028 -0.0260636670075065
0.0818178236751988 -0.0558739780856898 -0.110172041776013 -0.0326847043928641
0.0291756546524471 -0.0804128880753916 -0.090204726062178 -0.0199636191954104
-0.0108576975200257 -0.0766566461330785 -0.0903494131803446 -0.0237425360283532
-0.0353392301858872 -0.0633465854086691 -0.095853084261351 -0.00598220992551884
-0.0464624893132093 -0.0459543326727244 -0.0789684267160564 -0.0046948689067909
-0.0496263415440435 -0.0454059896464474 -0.0620575919266438 -0.0328084220334969
-0.04325518606393 -0.0505799953472739 -0.0522657258416038 -0.0695259839656503
-0.0404637179918552 -0.066018148733517 -0.0170894138678732 -0.099789460681413
-0.0128579439559387 -0.086314509753183 0.0323525391568665 -0.111381789969359
0.0287866695143015 -0.0867123314364175 0.0869674417367839 -0.0698571533887671
0.0829965011693197 -0.0662642927999848 0.0725236346892001 0.00533127890933107
0.114164530750065 -0.0193864797018684 0.0047753674328081 0.0487204326432986
0.099135751593237 0.0131241245379767 -0.0896323027952273 0.011035596462309
0.0344106510556069 0.0249085270166281 -0.162947614098942 0.00864238539694377
0.052406304172323 0.00316725893785067 -0.135556681679629 -0.00599090540646924
0.0440062907726412 -0.0243692633104335 -0.107894520475744 -0.0241497213745192
0.0154652210098399 -0.0362182001124119 -0.0842373784731176 -0.0248159877539532
-0.0010167749640892 -0.0322612244566156 -0.0955492035560497 -0.0330041284060217
-0.0103295854741568 -0.0315202186279047 -0.105144012685867 -0.014159887154229
-0.0178463999887239 -0.0268948602138578 -0.0932864520959347 -0.0162031221526879
-0.0211026698610511 -0.0274688106660406 -0.0754398583789574 -0.0474760778119221
-0.0169186139679708 -0.0322012017256894 -0.0598737702617627 -0.0854304540814922
-0.0133353973710895 -0.0406319644826223 -0.0162080092689374 -0.112181485232582
0.00629447902645215 -0.0497871577172962 0.0380582782277834 -0.116021514591476
0.0320050669871724 -0.047099316682897 0.0891522177029581 -0.0682641306851476
0.0643260911174647 -0.0254231514161149 0.0653249165141784 0.00117467156083808
0.0719242081436303 0.01243949182672 -0.00853450890715559 0.0335202204098958
0.0476515039817758 0.0287334822633281 -0.107012784647241 -0.00812324530933046
0.00764394031094839 -0.0236135040174498 0.115349275073098 0.00911433028381996
-0.0227701763029777 -0.0166688694223958 0.0220250020391557 -0.0431411380892832
-0.0234722362353992 0.00359209456274677 -0.0647654620742434 -0.0130286421965883
-0.00874795020679834 0.0121161817155217 -0.102234112187867 0.0535745209282705
-0.00315648811621569 0.00570598571173296 -0.0567031751374727 0.12039986307295
-0.00790710279636875 0.00493886083560107 0.0115505766756418 0.125303617438204
-0.0106179042858203 0.00578378909036479 0.0557982229965448 0.0928592392813917
-0.0169076600296172 0.00552121658878663 0.0869767143219288 0.0554539190084986
-0.016300231380652 0.00453720532276942 0.0972874843861238 0.0191992371985252
-0.0189379303732144 0.000336860690299525 0.109908135062112 0.00618833885401899
-0.0183481112939422 -0.011575140958264 0.105327959792776 0.0167064413745233
-0.00964300133932285 -0.01308855625925 0.0924767660874028 0.0238886222192156
-0.00783560769639382 -0.0214967542175569 0.106364895748267 0.0259157401612144
-0.000506789184384977 -0.0325126067938456 0.13583143159775 0.0156137233013123
0.0227557235629769 -0.0253271760357069 0.167675056064928 -0.0170746560872407
0.0580485347511984 -0.0123679854053993 0.102616085741815 0.0114012744495392
0.0281577667918474 -0.021875374021783 0.0146226320514233 -0.041359281095262
0.0145953985019269 -0.0135746991945908 -0.066497634980527 -0.0175585055764996
0.0108789187318888 -0.0177055470185855 -0.10711450529835 0.0466523099701578
-0.00166670797285045 -0.031573040210017 -0.0655243967555435 0.109838598285345
-0.0223066788823761 -0.028694092930521 -0.00284911088362937 0.119405299163199
-0.034596816008966 -0.0192652301049497 0.043540684659944 0.0914026319185906
-0.0472610650048403 -0.0159546249322458 0.0750517393598012 0.0544136861264247
-0.0476819434558214 -0.0163692492988093 0.0833943793271011 0.0138622686489097
-0.0538343662468114 -0.0275916871479964 0.0976140025758772 -0.00888075214424847
-0.0440736835387494 -0.0565892060440442 0.102257574194498 -0.0053324099877541
-0.0137871969820046 -0.0670488707653761 0.0981012905874115 0.00605930362175117
0.0209559291200185 -0.0734847582856977 0.107127857899711 0.0209217088965181
0.0553133397376185 -0.0669016852439608 0.120999776958842 0.017643437458395
0.0811112968937685 -0.0417822704610822 0.141032283199955 -0.00909683461242526
0.10256194202547 0.0026632583460351 0.0726887633586085 0.00546087496853534
0.0802069584469317 -0.0231200163532041 -0.00428759197978711 -0.0484887501417957
0.0585014920301426 -0.0320182114020184 -0.0765509187414646 -0.027742476866782
0.032891706137669 -0.0515737093500061 -0.111729889671499 0.0370392168478191
-0.000189840825652841 -0.0684759241996671 -0.0710545098723832 0.0932336006836361
-0.0354545510149083 -0.0606972476651003 -0.0180439531734253 0.103302883995355
-0.0548593507789022 -0.0421197516301869 0.025089732990214 0.0820473240385716
-0.071232136410114 -0.035260182834137 0.0519874047779774 0.0456534505808549
-0.0714776868506011 -0.0338904602083275 0.0581463815826943 0.00304819318318252
-0.0807299676846993 -0.0493922923673146 0.0729475052779766 -0.0275324557925592
-0.0679864537152189 -0.0895137704585657 0.0876601519118775 -0.0326589437996924
-0.0235771213502903 -0.108736808020026 0.098988786199642 -0.0181263278123831
0.0385766636553491 -0.118569079339528 0.107219677662557 0.0131792554273918
0.0970626065758471 -0.096186903682799 0.103155717691458 0.0265123576453665
0.12629556370065 -0.0520917707644696 0.09893602700178 0.0034925898526121
0.133552812628634 0.0140848075408274 0.0250230164842015 -0.00459195311476941
0.122668652168124 -0.0265636000893663 -0.0341877349828379 -0.0562996617570956
0.096354875628895 -0.0540296328858954 -0.090113600322366 -0.0377069085671511
0.0473173618392668 -0.0861429422275983 -0.114145780115545 0.0251501961477725
-0.0033186664572276 -0.0995379523458506 -0.0748914649550952 0.0677434864069745
-0.0473145197470393 -0.0837927711023117 -0.0355462652674137 0.0784024197417134
-0.0686570931386824 -0.057798972949902 0.00124693570887275 0.0626539673239257
-0.0836916956509794 -0.0492921677598766 0.0223809963032505 0.0309716283208175
-0.0830661532400305 -0.0485566708455192 0.0258680215917762 -0.0108057536071307
-0.0933713215194747 -0.0652779195242102 0.04168508334644 -0.0447638444009077
-0.0789593201572301 -0.110304533806126 0.0656878670798961 -0.0590359122574375
-0.0268625913243128 -0.133796819445565 0.0950681455481839 -0.0408921580197697
0.051740712031896 -0.143144743990322 0.102953611707944 0.00856023482908211
0.126335956306405 -0.107662895722504 0.0803831380804046 0.0401526291567374
0.151969759955076 -0.0503940705446706 0.0473994440298617 0.0171022408069235
0.142038618760572 0.0210466472619013 -0.0327301092662388 -0.01182159811921
0.143539017317735 -0.029563366018692 -0.0717769781064052 -0.0558869495675618
0.115123474284316 -0.0711173079607287 -0.102464294829551 -0.0434785964039241
0.0504393355692745 -0.10854103194459 -0.10953885447721 0.00875121619667018
-0.00951559523284232 -0.115042176626357 -0.079171105617707 0.0346903126934778
-0.0537977430156152 -0.0935440184943606 -0.0555539367614682 0.0467171479403265
-0.0730014247934212 -0.0641903401241995 -0.0269137731748643 0.0387783304688193
-0.0840984114103418 -0.0556964138598609 -0.00938268988333989 0.010889171365581
-0.0808142992347351 -0.0569924790282597 -0.00716445018292692 -0.0281700670268377
-0.0883527378081512 -0.0749775994002037 0.0123279816548452 -0.0625521092434964
-0.069451546684559 -0.117367285866768 0.0447877240813129 -0.0810156678140758
-0.0154777757808478 -0.13708273929458 0.0892337579077988 -0.0578564974699087
0.0668422342223442 -0.14021401237195 0.0947430076563082 0.00714533689183016
0.139615586155099 -0.0952519318118298 0.0548782455410315 0.0526512670606941
0.154592575282435 -0.0361376297865426 -0.00567853640243704 0.0255354539485999
0.126197188090593 0.0218636352762473 -0.0903846738595665 -0.0112423478636332
0.135355354738742 -0.0279363298914488 -0.106843973675395 -0.0436689197674476
0.108081556949746 -0.0733881414612303 -0.109405426720143 -0.0407078521877073
0.0414677342757762 -0.107167698502086 -0.100273521071617 -0.00676291382329157
-0.0145395561072699 -0.106217207069901 -0.0848502995486269 0.00125026248376102
-0.051410649681774 -0.0845399281558231 -0.0770941618764603 0.0170970489181479
-0.0665047109041502 -0.0592094973353971 -0.0544123003310618 0.015136878646217
-0.0721713992887316 -0.0539602318917166 -0.0387310171284336 -0.0115650111634806
-0.0664040477330978 -0.0582331178693087 -0.0355200520921143 -0.0481161364916035
-0.0686870929838717 -0.0757338532845303 -0.0096635616954162 -0.080835641551213
-0.0438584649254967 -0.109006126277253 0.031193482537918 -0.0982999268008475
0.00737678152015578 -0.119142426068399 0.084450914196134 -0.0677136513862693
0.078828767149651 -0.110754142637108 0.0828415262457773 0.0071685224780893
0.13546164100286 -0.0623126813212379 0.0284693073404482 0.0566142751781839
0.13606540638148 -0.0123565511321107 -0.053309833126842 0.0236875458056636
0.088117843515651 0.0209869370580399 -0.135544429784759 -0.00177822246418131
0.100571231310788 -0.0177485114620781 -0.129047984598773 -0.0237832186251982
0.0797682913554197 -0.0570688612140908 -0.110149825131506 -0.0322301173006127
0.0267865071909093 -0.0798133563619076 -0.0897483459805058 -0.0197458341949459
-0.0129833143978012 -0.0750204511401699 -0.0907607412801753 -0.0226732198831021
-0.0370739199723385 -0.0613935592971819 -0.0951791397477221 -0.00364950415296703
-0.0471910752321466 -0.0443653124781639 -0.0779402852419842 -0.00357149755553065
-0.0498524046998795 -0.0433202293038975 -0.0622944204772367 -0.0306877940769409
-0.043630277809365 -0.0492623309857935 -0.0532365689945249 -0.0672418323855031
-0.0412114266703343 -0.0637651057573639 -0.019060276305356 -0.0975576100674137
-0.0147945384213409 -0.0846251298143375 0.0296741442002849 -0.110541564558285
0.0268592310316473 -0.08532460089658 0.0839261565393983 -0.0702872483896361
0.0797674214145175 -0.0666457919720185 0.0713505719096166 0.00578373124791337
0.111815245046886 -0.021937558996107 0.00617360017492911 0.0492426140086023
0.0979080183716826 0.0120598352573072 -0.087319798709842 0.0116901775093483
0.0345368962020353 0.0237934432801713 -0.160512737047996 0.0112993348803966
0.0518051378407091 0.00258226308291847 -0.133404144561347 -0.00441351305535133
0.0420216410925151 -0.0249476007939109 -0.10635374200948 -0.0230814456837844
0.0143627341754256 -0.035412905223553 -0.083570307861435 -0.0252467757698864
-0.00185071300943267 -0.031082919120817 -0.0957636503023196 -0.031143735188321
-0.0112619930261923 -0.0309959328845651 -0.104818471826298 -0.0112934040339765
-0.0186314800499863 -0.0259618386394916 -0.0925875580576243 -0.0145827463519476
-0.020698516228965 -0.0260397001329134 -0.0755552826139378 -0.0452891887074612
-0.0173011627436739 -0.0307697294929917 -0.0613829556697509 -0.0824349309186743
-0.0140913259462737 -0.0390597372289234 -0.0182166838199161 -0.110363599219102
0.005385712490467 -0.0487030743737166 0.0354605477948754 -0.115825361582913
0.0306021576211436 -0.0470274375368855 0.0866871308969086 -0.0680528907385248
0.0628865582827079 -0.0265669132926879 0.0647032164979986 0.00160098945768968
0.0706744396390404 0.0105670959144342 -0.00711490426398288 0.0343180642944898
0.0473147991299324 0.0275408775244903 -0.104595583801888 -0.006786350502189
0.0070656720974737 -0.0239147743641092 0.114517484827727 0.0054813064583585
-0.0230356728124521 -0.0153837785491282 0.0197551662644091 -0.0433262371813076
-0.0235329857411834 0.00392360200577286 -0.0652812882116142 -0.0117982445130834
-0.00810897718112994 0.0123124615129436 -0.100853304157877 0.0559447607458953
-0.00307727551642068 0.00520335720807319 -0.0528109751939619 0.120880334792074
-0.00742945978805599 0.00497645105654162 0.0153349074930561 0.124144905077741
-0.0112658702520349 0.00621881915844701 0.0577303197884589 0.0901079734076794
-0.0164567411772014 0.00618985529119787 0.0884090849168912 0.0519945419398918
-0.0166550311570106 0.00453097082154247 0.0971768388371226 0.0161105034128645
-0.0193273753155171 0.000396977442057197 0.109548559576514 0.00207275316601263
-0.018464721504106 -0.0111259173541923 0.106759048185763 0.0136210742441105
-0.00967310320482106 -0.0135978701066806 0.0932585869896122 0.0226925692347427
-0.00841519316535563 -0.0215145144888896 0.107737280631509 0.0238057701268177
-0.00121742541204823 -0.0315638537641427 0.13510078442526 0.0124986903118789
0.0228450534088015 -0.0259551564245854 0.165959904956973 -0.0204593732873339
0.0584868431551338 -0.0141720509512142 0.102204271712807 0.00823149020680617
0.0271907949544128 -0.0228763464550152 0.0127496213825045 -0.0413999296654835
0.0143094481928364 -0.0145303508860232 -0.067509518412455 -0.0168079905710341
0.0106988992644854 -0.0179229987291714 -0.105194981430361 0.0489132612127089
-0.0029446255937918 -0.0311734150180043 -0.062314435045975 0.110562964281129
-0.0234952964233878 -0.027533420430587 0.000805542301810795 0.118667278639407
-0.035420436951488 -0.0174856537559449 0.0452895325178455 0.0902211023514136
-0.047729920547304 -0.0142666473618375 0.0761604457233577 0.0518625438130791
-0.0485900745989965 -0.0155902895624318 0.0834016287083402 0.0109889108451171
-0.0545062916310736 -0.0263854061340255 0.0964487293209007 -0.0128272588784938
-0.0463685211490186 -0.0544796236165655 0.101921955706561 -0.00816842278158803
-0.015660973364018 -0.0670014842078455 0.0978391623485905 0.00461025571325407
0.0184504584766544 -0.0739013820573972 0.107811974907174 0.0182502125481748
0.0525788868397126 -0.0684114192392727 0.120965374299855 0.0149814524527407
0.0809209503744553 -0.0432957673175255 0.139376884145193 -0.0129280781243902
0.102615135654689 -0.000774084647308433 0.0717430220027083 0.00360628140180589
0.0789203142203053 -0.0261027771185198 -0.00593797415413212 -0.0479213347791963
0.0573823514384539 -0.0342061964282306 -0.0777030745075339 -0.0268507609496208
0.0309190355634761 -0.0525547466494333 -0.110692337185997 0.0395713742242136
-0.00292073239936036 -0.0684253435894965 -0.0688880910348588 0.0941825392697999
-0.037757263203043 -0.0583935037533492 -0.0151451206412453 0.104084674186343
-0.0565666575662609 -0.0402257289966972 0.0269601124915137 0.080151992493721
-0.0721214501133394 -0.0325699542177974 0.0533016711802924 0.0445003689807347
-0.0729433234689164 -0.0321659050234544 0.057746254304099 0.00207411600986157
-0.0822736695110448 -0.0464146067942996 0.071476457335031 -0.0297325227774267
-0.0717220440290283 -0.086470576880493 0.0864513471909938 -0.0353711713204641
-0.0274946229074457 -0.108279929902312 0.0979783982849123 -0.0201357362235924
0.0341257717365211 -0.119370847193783 0.108065779942895 0.0114279043031393
0.093993774747198 -0.0986790597847845 0.103323210628177 0.0244261572364324
0.124963127841543 -0.0547942934203323 0.0986772390690615 0.000858204954814904
0.133537868032966 0.0105701708085565 0.0246429039236558 -0.00488914160205529
0.12069735256643 -0.0303006972311162 -0.036473805604396 -0.0553323175197344
0.0946556548224824 -0.0574015595067014 -0.0913145465209963 -0.0375347130485474
0.0446876111560458 -0.0873391090767256 -0.113275804884678 0.0268481309224449
-0.00733859186398062 -0.09941760355855 -0.0729115116858601 0.0686135057894706
-0.0500930115425763 -0.0817567319370493 -0.0333486148422516 0.0789063338625288
-0.0707975700890158 -0.0555196161060964 0.00256367491047434 0.0621993304870371
-0.0855464995064203 -0.0459690799315063 0.0234719457504054 0.0302465670541022
-0.0847228985974566 -0.046325678096943 0.0249392443904209 -0.0108205959469665
-0.0958522892973271 -0.0623233908047024 0.0399654864488914 -0.0462481674568431
-0.0830775008233218 -0.106410739838476 0.0642369135105978 -0.061040568032397
-0.0311872725248825 -0.132861187143604 0.0933790797831979 -0.0428478222823045
0.0468995508832035 -0.144304884982261 0.104308239357111 0.00663162578777064
0.121923526671488 -0.111751766861438 0.0816257722521156 0.0390306429258758
0.150357587835869 -0.0537034019864427 0.0477968160405329 0.0163030297389519
0.143036097658701 0.0164142983239171 -0.0330475571357534 -0.0106592723550775
0.141483630648233 -0.0344303993227218 -0.0733262374713777 -0.0536112347505523
0.113007317107598 -0.0752724520996613 -0.104157704909976 -0.042276576242362
0.0468498241022185 -0.110023483795166 -0.109211488028763 0.0107302564972968
-0.0134927642172988 -0.113504937280445 -0.0788553150981008 0.0357172255335447
-0.0576436830178037 -0.0908786919169379 -0.0552719976462466 0.048780135097329
-0.0751955615540172 -0.0617070461775016 -0.0254552334937976 0.0393639074203047
-0.0857244707308305 -0.0525334237585912 -0.00926874439810321 0.0108546755515731
-0.0829221357774288 -0.054709722831662 -0.00890145643578124 -0.0270780037033709
-0.0914487557879206 -0.072130556856739 0.00923693353988436 -0.0630673333920589
-0.0738721175521777 -0.114169646934437 0.0417738849169601 -0.0826592185120109
-0.0195559281236027 -0.136310746342192 0.0862769508459946 -0.0597369260858997
0.0614900116821631 -0.14220661007302 0.0951128188623251 0.00563251056851383
0.135893106468107 -0.0994052736577776 0.0565666707862709 0.0521800337765575
0.153801081979255 -0.039016605721909 -0.00521029869904957 0.0256619488356649
0.127183838532922 0.0177912187702989 -0.0906712260314585 -0.00831110769666732
0.133061981501182 -0.0322729107701166 -0.107744082159401 -0.0407624042691318
0.105482786902139 -0.0769456313930286 -0.11059991191513 -0.0392085477311348
0.0382157905292185 -0.10794780866239 -0.0998063346186887 -0.00532197367285608
-0.018111197922784 -0.104833174211848 -0.0853969833939359 0.00239290540251531
-0.0549543032676335 -0.0823659616979181 -0.0767420124088684 0.020168692435447
-0.0683881623700073 -0.0567563725214963 -0.0540107916197533 0.0165433086853018
-0.0733322015725803 -0.0505546072207193 -0.0400037116876195 -0.00956779652178315
-0.0683396026329735 -0.0566970877447481 -0.0371078665788082 -0.0457285476919851
-0.0712203121878689 -0.0730449667858177 -0.0126928858114522 -0.0798104941597345
-0.048197947987424 -0.106835818839972 0.0278537240151076 -0.0995835912489801
0.00314698272386957 -0.118918267631412 0.0818026712907917 -0.0697082425003389
0.0747179337698147 -0.112621645701112 0.0832435437359106 0.00630576414910009
0.132780174404378 -0.0659996400261828 0.0302523371345894 0.0567053917404925
0.135673743137509 -0.0147606148443429 -0.0523354342240658 0.0249096912067927
0.0892726471503923 0.0179635134324567 -0.135643999947588 0.00131731280006776
0.0994008283366346 -0.0210130324839413 -0.128503808038593 -0.0199908132385405
0.077668079612058 -0.0597048208436112 -0.111009298378768 -0.0297806883841145
0.0241658759256347 -0.0797319070715581 -0.0898825111054847 -0.0186826012826938
-0.0152639235522632 -0.0740789798646654 -0.0922974308042465 -0.0211141699879392
-0.0390419697702594 -0.0596657680558277 -0.0954113308842934 -7.02959841754982E-05
-0.0488213897634521 -0.043177195843946 -0.0778712041787121 -0.00181292008041125
-0.0507630132751671 -0.0409167874314783 -0.0635254178468234 -0.0288858435171465
-0.0448624730212533 -0.0475939534936492 -0.0562050608692505 -0.0645107716278163
-0.0429188391302687 -0.0614701712673775 -0.0220333229938317 -0.0965055995998592
-0.0182258540764339 -0.0830800691023202 0.0260432943606274 -0.111598746592093
0.0241976339735387 -0.0861922780434178 0.0813758275848103 -0.0719370684685996
0.0763698028275375 -0.0688596444682323 0.0716993134621287 0.00532860952464015
0.110462208389194 -0.0251181057005197 0.00751843366272703 0.0501334686111224
0.0986196021848395 0.00991720455794413 -0.0866405838352557 0.0139897611444623
0.0356353015710867 0.0221541907114415 -0.159815474220536 0.0149428807582891
0.0512764845130137 0.000582904037389433 -0.132717622431573 -0.00164954666462965
0.0411436329192169 -0.0263869034124098 -0.107164958476508 -0.021293892928827
0.0132079104774273 -0.0347287228659996 -0.0841166873203883 -0.0243551089995215
-0.00254487010582307 -0.0307290098704009 -0.0985290173194506 -0.029133653729198
-0.012365679399078 -0.0298961079770277 -0.104350158732316 -0.00811246655120019
-0.0193408133022951 -0.0252842858134757 -0.0925132575915782 -0.0115572986245572
-0.0208830788046859 -0.0244866703534011 -0.0779322127398714 -0.042282273392398
-0.0182112035352161 -0.0299156778955302 -0.0638300499036708 -0.0798282707548903
-0.0154870712742836 -0.0382753046486545 -0.0210416153107374 -0.109347218845074
0.00407796123295102 -0.0484877927841382 0.0320664427901583 -0.116216112054717
0.0287836046992266 -0.047549242481657 0.084576757147144 -0.0702013137314276
0.0611770294408931 -0.02795760857852 0.0645013983836081 0.00129289794910417
0.0716498945314025 0.0086258442654124 -0.00520583696391195 0.0348753221936383
0.0479392452594641 0.0265956865226571 -0.103963070833319 -0.00391605740246145
0.00559753194456944 -0.0237833853821185 0.11228035798954 0.000941909146576805
-0.0233933475321979 -0.0138044063896691 0.0169807292352295 -0.0432004255036204
-0.0232865030865274 0.00468844841337133 -0.0654326804129532 -0.00964532488857659
-0.00700164001028993 0.0124971757085912 -0.097366678710549 0.0587783380588743
-0.00306515423405859 0.00516953340754085 -0.0466309369925795 0.121473115902058
-0.00717529483240319 0.00544679661493604 0.0208723565276672 0.120435642424952
-0.0106433610808249 0.00729860552907256 0.0608718820339315 0.0865221556242279
-0.0161122987035455 0.00702118821325191 0.090093112168562 0.0463090550279339
-0.01693552711658 0.00541607452043693 0.0965670455349048 0.0106480954492022
-0.0191383697494358 0.000842045868257113 0.107687948788852 -0.0039691077406992
-0.0189449338915414 -0.00998807282895037 0.105892529211801 0.00862370813474317
-0.0104038591320333 -0.0129610588772274 0.093586473976885 0.0196491697456356
-0.00935180163752899 -0.0209362976375155 0.107798886428605 0.018712073745067
-0.00253825972357182 -0.0310748348172817 0.133500371295342 0.00643970033258442
0.0223576957779664 -0.0264051095798877 0.161966963217063 -0.0270392730327641
0.0569413104935746 -0.0164990669170728 0.100783023196021 0.00351503707066665
0.0256380218627968 -0.0234087807220446 0.0102618599899525 -0.0412507880776803
0.0134802116249212 -0.0153135282298575 -0.0678890220658866 -0.01491444170989
0.0101522708059 -0.0183272427497573 -0.10250411147141 0.0517106456270631
-0.00471021947196007 -0.0306826493392925 -0.0564760365691229 0.111920807451597
-0.0251665757765903 -0.0258629852493414 0.00600312107668844 0.116681093816179
-0.0368253453095406 -0.0155084156614909 0.0486310698172817 0.0871624811006526
-0.0484395219870137 -0.0115759286167875 0.0777939331500899 0.0470438845845894
-0.0491291873856797 -0.0125752660861852 0.0827565034957913 0.00679753641459379
-0.0559567419115689 -0.0233036905735001 0.09453075988911 -0.0175379678070382
-0.0491573473551198 -0.0515981905108409 0.100842233488326 -0.0135055754353875
-0.0192587325107777 -0.0653073272266486 0.0973052297750218 0.00189603777087837
0.014061577542688 -0.073914604173211 0.108424229176989 0.0142990303147843
0.0488797101799085 -0.068917087996579 0.119445613169092 0.0101580655324925
0.0787235030475044 -0.0454055993954544 0.135852988548725 -0.0180857195365969
0.102061845856238 -0.00555275668584287 0.0709483941588486 0.000269997283482429
0.0757911022590608 -0.02913194224496 -0.00871951189017541 -0.0474943660212064
0.0548279250123342 -0.0374751973673608 -0.0782419458460467 -0.0243472939860761
0.0281488501183176 -0.052950119972326 -0.10792243974837 0.0433393957627155
-0.0065489464996867 -0.0668455694506065 -0.0638416871839241 0.0956165994782433
-0.040700584923509 -0.0551594587094875 -0.0100878975489525 0.102338995065416
-0.0581055565335824 -0.0364784345605036 0.029946411601652 0.0779280538936369
-0.0733850097784924 -0.0281354948360126 0.0550510774737492 0.0408267624677747
-0.0739906173519521 -0.0283104069455345 0.0568145814634283 -0.00108164989449236
-0.0837968990542005 -0.0423774885865462 0.068587339306855 -0.0328871200690444
-0.0757769648214362 -0.0816579687587371 0.0832803262097099 -0.0393640843480612
-0.0326007885046355 -0.105863258673625 0.0961868425261103 -0.0230048734512103
0.0273310701501497 -0.119415873688053 0.108276647856871 0.00721990734171611
0.087508393695705 -0.101755010567903 0.102081107239667 0.0209356031689872
0.121289157899404 -0.0591223311426468 0.0963951180120776 -0.00305575772588224
0.132749018884963 0.00352700498853185 0.0236512008197105 -0.00493649055616877
0.11679162642745 -0.035602976955752 -0.03826644285871 -0.0523614698232693
0.0899149970989457 -0.0618128477205441 -0.0924992853609631 -0.0342969821923878
0.039880172350801 -0.0886351785102019 -0.110226812651894 0.0306350883446141
-0.0125680357022313 -0.0968439683623038 -0.0704933063759968 0.0705122279550164
-0.0543744654600595 -0.0776329164720383 -0.029633882148494 0.0795690029941145
-0.0733344560668237 -0.0512417954974835 0.00505636760616079 0.0610855474934737
-0.087154749421471 -0.0408792256346656 0.0247168432443802 0.0289994829704884
-0.0860886966317685 -0.0415527016494399 0.0232274531129877 -0.0117313806964195
-0.0979989234041023 -0.0563698538324673 0.0359430705585789 -0.0475039707276583
-0.087937868773845 -0.100884445965385 0.0601762421833092 -0.0640234634145418
-0.0377643787939301 -0.129482502704397 0.0903748452700135 -0.0456671725941336
0.0378558423833228 -0.14513153836956 0.10416467661199 0.00293242278763746
0.114465440476675 -0.115930816791521 0.0823873492978177 0.0360146940125641
0.146425400267977 -0.0586858506972997 0.047692649760917 0.0140273730684653
0.142444776326522 0.0092208048177228 -0.0332894112602648 -0.00831365410056443
0.137457711060818 -0.0404807092682689 -0.0744384152572583 -0.0499645758026679
0.107852169574226 -0.0803651332293031 -0.105652473080989 -0.0389881984367781
0.0406836667696633 -0.110832105297121 -0.106982070354446 0.0141026909292007
-0.0194774971201043 -0.111214719432276 -0.0779875150169298 0.0377990801649565
-0.0616920446956963 -0.0857686431731755 -0.0521136635498237 0.05107398325889
-0.078296002071741 -0.0571071089001341 -0.0239929618234203 0.0396059231400444
-0.0872766749601677 -0.0473643345607496 -0.00856626237677579 0.0113066994819317
-0.0852135670481326 -0.050383788772618 -0.0102859452415029 -0.025982785398267
-0.093961649512451 -0.0656984304406606 0.00552295338679923 -0.0620329312832984
-0.079153873394941 -0.108689079719244 0.0367907912854361 -0.0836265293034388
-0.0266960479283996 -0.133465499864626 0.0821258974412048 -0.0616583259693987
0.0530786701939082 -0.143274935853049 0.0956053243653259 0.00234328503050589
0.128582152676524 -0.104584401259812 0.0581187266967818 0.0501778746984511
0.150389050832151 -0.045010121014112 -0.00409824208653015 0.0257233345939819
0.127160002774593 0.0113050999772007 -0.0900225680830701 -0.00357295905762764
0.129133513870422 -0.0378767284705491 -0.107659095539628 -0.0351707973200473
0.100194331713109 -0.0810837105363349 -0.111904289730182 -0.0346164607505735
0.03174104145971 -0.108100004840615 -0.0992489585963988 -0.00252848648383486
-0.0234964871895063 -0.101931679702777 -0.0857903207761232 0.00539461153375139
-0.0586408331084562 -0.07793825252067 -0.0754835058359473 0.023768169080887
-0.0713190165899762 -0.0521515592776241 -0.0534024730543097 0.0184866136875835
-0.0752860367544472 -0.0460830870585796 -0.0399447026632868 -0.0074953983826572
-0.0703190690759183 -0.0521595258261961 -0.0393910156842346 -0.0422539425001206
-0.0739959916395162 -0.0681662152506516 -0.0170270764371177 -0.0780075921933002
-0.0534431757394697 -0.102377129265345 0.022031441809492 -0.0999566805921285
-0.00294673951388429 -0.117670978253813 0.0768651873871988 -0.0716721137221825
0.0679639931092226 -0.114374670182298 0.0836305114169261 0.0036578208300226
0.127017590863496 -0.0711127552135288 0.0328836619531155 0.0555684681052935
0.13357799561029 -0.0202135745406931 -0.05061152662897 0.0268201038876101
0.0891932577904852 0.0137396537932329 -0.134484631549829 0.00772186795307728
0.0964530021285668 -0.0249949873214328 -0.127053901689152 -0.0147109099012033
0.0731622216689788 -0.062239997341287 -0.110928195573515 -0.0257447708987287
0.0196570302076901 -0.0801974524094298 -0.0897158568642364 -0.0156988989851793
-0.0190226460885378 -0.0713825452516463 -0.0940222785698836 -0.0176741033689444
-0.0420922911224025 -0.0561463484262506 -0.0940581213325607 0.00506147053962734
-0.0510618247269765 -0.0398165857781266 -0.0772121792353088 0.00216437253464024
-0.0519588977101685 -0.0373713065471387 -0.064274198142808 -0.0250546632304019
-0.0467328699228855 -0.0449908864888751 -0.0587744912805618 -0.0603203404633003
-0.0450832008072166 -0.0582569738099669 -0.0267584232357124 -0.0937958795376234
-0.0223002062623376 -0.0812473674228415 0.0195448832527891 -0.111520834727118
0.0200759366400145 -0.0858840314689192 0.0767931164513566 -0.0740868124062432
0.0716744077664525 -0.0712742224095577 0.0719089938017767 0.00308095668351639
0.107672824327356 -0.029687939236437 0.0102573622285829 0.0497201382719917
0.0978660669733883 0.00584655018547975 -0.0840868586187903 0.0173562141660466
0.0366888887530568 0.0201560789631505 -0.15661511674166 0.0212491669964314
0.050303100590645 -0.00121772152960852 -0.130387755670032 0.00294601128791267
0.0387135061366079 -0.0274327811120599 -0.107260769357986 -0.016910415602641
0.0107908650960487 -0.0352129678928254 -0.0844537779678372 -0.0216751047904262
-0.00450205972838305 -0.0291987062964973 -0.0991533088673319 -0.0243863626122653
-0.0141140451090226 -0.0284835795180684 -0.103853252437131 -0.00233805165869077
-0.0212427336434647 -0.0234524821999782 -0.0919658667790997 -0.00724985904566757
-0.0211481193661852 -0.0232266210358027 -0.0792084722801977 -0.0378302655563139
-0.019154595183673 -0.0290922345302162 -0.0673364895852025 -0.0746216659679442
-0.016747673433134 -0.0365513253677104 -0.0260815399215396 -0.106645518398787
0.00131947375744965 -0.0480543672033093 0.0261332642805723 -0.116172685349569
0.0264599202302034 -0.0479795501494005 0.0796534081215818 -0.0727157205998472
0.0588249088550407 -0.0301026117932007 0.0646934353507717 -0.000752463382741197
0.0705704523129214 0.00539715159449041 -0.00239630481693553 0.0353170217524785
0.0487822666173186 0.0240474734794116 -0.101890241719383 0.00100920517907942
0.00502391793929317 -0.0231410460619526 0.107638536989624 -0.00422088923500296
-0.0232018949566414 -0.0125206799830564 0.0146163039228455 -0.0420145004771458
-0.0219463662182941 0.00547778613812168 -0.0638642412379188 -0.00670907338348005
-0.00604724879926875 0.0121143980742729 -0.0915665480009573 0.0600419200396683
-0.00276110565564457 0.00501879962759537 -0.0392092710949432 0.117931315993268
-0.00715888138450635 0.00539617803376366 0.0256313593213561 0.114105458402046
-0.00998035591477241 0.00715510542054636 0.0620829322613277 0.079663600702534
-0.0151037543600522 0.00796346481938101 0.0885863874867303 0.0400127564940352
-0.0158334012219643 0.00574339239557944 0.0934398436179909 0.00529038197481519
-0.0188254955163106 0.00145372272637792 0.102918361533651 -0.00862776115846539
-0.0190020786345217 -0.00838466047122329 0.102576243399797 0.00286904627165067
-0.0105153914268617 -0.0121716892657748 0.0917501900615741 0.0161968168750816
-0.0104476813172227 -0.0196107320593045 0.104870509594619 0.0137267747163666
-0.00300674792991459 -0.0296615339577299 0.128364092653035 0.00189783007034161
0.0204642375238425 -0.0267306568535255 0.153626704598677 -0.0321779900549745
0.0539670229402265 -0.019055883005719 0.0962859690094598 -0.000210221043861372
0.0231087914938651 -0.0234497279229884 0.00792805171688718 -0.0398521466649669
0.0113693005187532 -0.0160096736514842 -0.0665848863562375 -0.0122378936201724
0.00875373580813306 -0.0181589737810491 -0.096708070823657 0.0536911775223384
-0.00633253473296463 -0.0290440303671649 -0.049551637295545 0.108778640425893
-0.0253815483691412 -0.0230982743188244 0.0111255058799228 0.11097406331169
-0.0363831029401297 -0.012548010927434 0.0503550953690182 0.0812649331807251
-0.0469356877124015 -0.00842183501851945 0.0771954945717048 0.0412197483802544
-0.0481888763295312 -0.010132956996885 0.0794547039551026 0.00269306995596917
-0.0548663116561684 -0.0203212277888846 0.0893360129511156 -0.0211061356570937
-0.0503633697357168 -0.0469257384563004 0.0965538511218413 -0.0177002430489427
-0.0216727033622277 -0.0624221650825178 0.0938622614031975 -0.00177517061828833
0.0100401219856328 -0.071531128011185 0.105407433727496 0.00939896785443244
0.0438931885364998 -0.0686761372141408 0.11477412340622 0.00610208801113584
0.0743306265793996 -0.0474088311990785 0.129425581170268 -0.0226628176195424
0.0980799721747848 -0.0102261698404591 0.0679125656662743 -0.00165418784092021
0.070097983454922 -0.0317732277097033 -0.0102529003735022 -0.0444107657057755
0.0499194064704217 -0.038747022198948 -0.0772459909823157 -0.0215728651942853
0.024377471668724 -0.0525048984071518 -0.101841060879496 0.0455413417871465
-0.0100996623436748 -0.062806172965067 -0.0573056343750529 0.0939206054568372
-0.041989378648565 -0.0506805391861607 -0.00567470682252148 0.0985382553503216
-0.058172732767808 -0.0313302592489956 0.032243544605032 0.0730509261707955
-0.0719713030990238 -0.0232327141522291 0.0553694598240859 0.0367934094491724
-0.0726797372214503 -0.0242348914361098 0.0543056818867479 -0.0030245446416718
-0.0828195565375744 -0.0362511554225041 0.0632908711087427 -0.0346795547804366
-0.0771966329332269 -0.074142915115874 0.0792682462848598 -0.0427457827386929
-0.0367003091087583 -0.100129332696885 0.0916037867458286 -0.0248696959052246
0.0204224130570085 -0.116170445870589 0.10441976501386 0.00289595864267914
0.0794143027702482 -0.101894296407661 0.0986580967189975 0.0170345327228422
0.115527970753346 -0.061460741443446 0.092366978458986 -0.00647735394753029
0.127933072828987 -0.00277667079756772 0.0225117794982242 -0.00574030561402658
0.110290006331965 -0.0399005793684946 -0.0390146528438278 -0.0483002719883934
0.0827939208834751 -0.0646599850009371 -0.0915239568344654 -0.0298915916908751
0.0339542112934244 -0.0870223899559952 -0.105089702664704 0.0338271386720911
-0.0175872268315225 -0.0922105231882357 -0.0647294477228896 0.0703671387393346
-0.0562635507839076 -0.0710369866233726 -0.0250238770685079 0.0777610456720977
-0.0734991197747373 -0.0449587514230205 0.00743482047989883 0.058695961808544
-0.085385752046941 -0.0347526579424682 0.0251822903109902 0.026340646962083
-0.0858957472072557 -0.0357005330880081 0.0217278357429843 -0.0109564700830826
-0.0964466689043441 -0.0492845965544872 0.0326367490079609 -0.0468648939210172
-0.0901986284742507 -0.0921963076204053 0.0544930068733827 -0.0640925775668218
-0.0427402709333033 -0.122376480274764 0.0845737312906137 -0.0461971344191005
0.0292483241572096 -0.140653555255704 0.101612763164179 -0.000740841412254159
0.103674821791038 -0.116899539284915 0.0809323638191289 0.0322426055668331
0.138956986286857 -0.0629478522058406 0.0455688498409787 0.011775917519328
0.13727781184909 0.00223295575252559 -0.0323523573376892 -0.00547621710237004
0.129142030351825 -0.0450589471494802 -0.0731848844082178 -0.0436283786111069
0.0990583115627029 -0.0828350737981124 -0.1037966173036 -0.0335260745092744
0.0336026903071079 -0.108651814608802 -0.1022757812038 0.0171506497907623
-0.0246403746380363 -0.105356442668244 -0.0737751049712836 0.039412464742826
-0.0643508409432895 -0.0785933996901107 -0.0481036040082084 0.0513360764404469
-0.0785927447263246 -0.0502702370305872 -0.0211466686686313 0.039158629440034
-0.0860964456754436 -0.0409698939161468 -0.00798832515611155 0.0112699882426858
-0.0849575410358677 -0.0440574296899939 -0.0114844350235962 -0.0231855415674378
-0.0937356590591857 -0.0590073077963408 0.00224344684301311 -0.0601415037651041
-0.0822322133991915 -0.0999613157789485 0.0311493764581183 -0.0824376358591531
-0.0322078740689347 -0.126835255411949 0.0762635300499296 -0.0627861164144069
0.0437883061403489 -0.139509296812193 0.0929499043603854 -0.000473860822464143
0.117834276225773 -0.106673932956992 0.0585510826537392 0.0463930837847087
0.143147374637111 -0.0489874880760515 -0.00201982595541923 0.0246332566298036
0.122589008954218 0.00462258619497757 -0.0868227059835911 0.000319105611484808
0.121842263155771 -0.0423112277438962 -0.104393729895034 -0.0291489497900986
0.091707527201979 -0.0830390949024442 -0.109329258295057 -0.0296733544702871
0.0257553366102712 -0.10549026329476 -0.0954483048909779 0.000400631268282943
-0.0277325310779546 -0.0959382497891664 -0.0842319888546361 0.0087003558811347
-0.0604175207031141 -0.0714061630545765 -0.071528377049682 0.0269822508985085
-0.0710081543331471 -0.0461312687449293 -0.0504553772381159 0.0201561908841102
-0.0738737386826202 -0.0403865903953228 -0.0389237164096381 -0.00536325844653985
-0.0707368301288013 -0.0466769258683319 -0.0402590152902923 -0.0381569546245501
-0.0739873986877151 -0.0613977762661445 -0.0201864330883832 -0.0739134210260785
-0.0563175326670001 -0.0951394542272404 0.0166232410584229 -0.0974004343918484
-0.00850061391774697 -0.112821012207199 0.0704408310249726 -0.0715876031662079
0.0589740268873739 -0.112213952946814 0.0814824288645708 0.00122729382851741
0.118828073499267 -0.0746833733127512 0.0345980956610423 0.0532680709279916
0.127881483033054 -0.0240595955963454 -0.0469228977380089 0.0277022721212151
0.0866333046631978 0.00867126226853333 -0.128994774384905 0.012919261487774
0.090778560602541 -0.0282633537662973 -0.122359186138852 -0.00903983943348316
0.0673004050811238 -0.0632092586213473 -0.108406485028592 -0.0213778034499042
0.015407308424576 -0.0770195060167958 -0.0874647375163291 -0.0131531442655949
-0.0216202278834842 -0.0673703349704367 -0.0923080557749333 -0.0129277704909107
-0.0433792534980647 -0.0510813376543459 -0.0906682856026167 0.00918722741852701
-0.0515349667942883 -0.0354722613731157 -0.0746473918670486 0.00549012202675243
-0.0513142413236008 -0.0332462648945816 -0.063703047688979 -0.0203873388603636
-0.0475384283566353 -0.040772609930285 -0.0598027041177017 -0.054000578762937
-0.0458672764831853 -0.05308161991545 -0.0301036282398227 -0.0884757132634423
-0.0250189796483631 -0.0762456671704173 0.0136185865323626 -0.10721561292183
0.0147075095105832 -0.0834515037663484 0.0704645432160708 -0.0743864997289348
0.0655326676806846 -0.0711418403886155 0.0698818400326702 0.00121313474292272
0.10163320227849 -0.0329977072549126 0.0126383231421287 0.0481239042148245
0.0945072610768677 0.00145310789243113 -0.0800799571830006 0.0198689490257507
0.0360724334554684 0.0174714021427177 -0.150436310312326 0.0269776832854828
0.0477082648470202 -0.00290249655615474 -0.124310786214824 0.00775043576021609
0.035763676424406 -0.028319540853653 -0.103936901395605 -0.012186764509253
0.00848047570695083 -0.0335948713056427 -0.0823910520913111 -0.0182634321058399
-0.00547315452900987 -0.0275064520124008 -0.098359595779645 -0.0196250557440054
-0.0152454663827234 -0.0270602822632579 -0.0996652536843506 0.00304254859060983
-0.0219508530220554 -0.0218258667903716 -0.0887111027032383 -0.00283269632841184
-0.0214593118576291 -0.021328776892629 -0.078312215333308 -0.0317007152111259
-0.0195786952114035 -0.0267078525822223 -0.0685528440066417 -0.067485579943357
-0.0170738744051254 -0.033442850385628 -0.029954393623932 -0.1010323885797
-0.000838142822529761 -0.0461553774287577 0.0192657457140854 -0.113007821354428
0.0232419289216592 -0.0474311143476086 0.0738997512230459 -0.0730020384791989
0.054668807651531 -0.0310535225756886 0.0618897635042429 -0.00207651235431773
0.0680004434474412 0.00180364843239974 -0.00120105583442121 0.0348126212951477
0.0478304407800997 0.0215323452256266 -0.0963104639601151 0.00531425332397421
0.00308422366372606 -0.0233545523843058 0.100327599410948 -0.013503931102073
-0.0229005830099542 -0.00905518901953667 0.00999835898850407 -0.0408678053012912
-0.0207728727691524 0.00741501673220629 -0.0597631150953419 -5.46455436459953E-05
-0.00468959361552581 0.0114906958786179 -0.078449581454393 0.066843710501302
-0.00265422392813918 0.00492427801163682 -0.022406749184186 0.115025462271406
-0.00556727722523405 0.0054185729566154 0.0362914256707227 0.103856661142149
-0.00786346111686726 0.00871806810509948 0.0681831792455728 0.070364135474869
-0.0138381264689447 0.00923582948239487 0.0872477913483723 0.0274627846916902
-0.0147462111944428 0.00661192119478306 0.0877220886914773 -0.00453080636136483
-0.0177900116803878 0.00299102263617176 0.094811580433107 -0.0200447541054959
-0.0197942491165438 -0.00594990492748696 0.0970569410557765 -0.00733636854759645
-0.0114761863166086 -0.0112760529825012 0.0890188676981095 0.00616422037611562
-0.0132037838218143 -0.0177363983739993 0.100201994918081 0.00232373157037557
-0.00669483052078874 -0.0279211290890671 0.118332143073492 -0.0132431968041956
0.0155361647831701 -0.028666948028665 0.14153371990215 -0.0469179404381724
0.0507013481529835 -0.024912628182318 0.0862982219827192 -0.00851306822319443
0.0189326128469494 -0.0242366868612337 0.00255529374527276 -0.0368734244403658
0.00833567591187013 -0.0160157121716337 -0.0654053622613107 -0.00470276336717458
0.00580724463717115 -0.0175981084979636 -0.0847454246958597 0.0627434751191918
-0.00971038561231229 -0.0259772351663919 -0.0337997608792495 0.10946354408757
-0.0256463804540257 -0.0184284951044565 0.02232970100617 0.10415676296882
-0.0346685612831715 -0.00713073077506482 0.0565949352616856 0.0726403146544121
-0.0448410282260806 -0.00215341852212613 0.0765080848058037 0.0297993754164325
-0.0473100374372737 -0.00441308230292066 0.0743703994090791 -0.00533308800673772
-0.0534765919843127 -0.012935825409303 0.0792976051925736 -0.0295294646973297
-0.0531143322516877 -0.0373518056434722 0.0873533033830419 -0.0259416509305359
-0.0269546297198297 -0.055928524025466 0.0879407013677361 -0.0109803272319345
-0.000158475547603417 -0.0681332125669692 0.0991374159021635 -0.00405091059229307
0.0318858359463887 -0.068794576474476 0.1075282812837 -0.00972698156549139
0.0623212655622485 -0.0539313162119732 0.121839387430514 -0.0360782542606267
0.0937857085963769 -0.0223974313967457 0.0555692748450434 -0.0066773132342557
0.062403141417429 -0.0364217921808403 -0.0163454756493602 -0.0388657834356675
0.0419142916305189 -0.0419817747841247 -0.0780517040237832 -0.011171960604426
0.0176289208258088 -0.0513616979920828 -0.0919679692354897 0.0557371585013858
-0.016695316957835 -0.0573413685375871 -0.0441248097643911 0.0968989922517548
-0.0442952606131488 -0.0421678325013945 0.00487882935362562 0.0957242374199951
-0.0570278688152121 -0.0225164024562507 0.0378249819166697 0.0678037285679493
-0.0695569515454667 -0.013402221907118 0.0556767191201661 0.0275104381832626
-0.0716093928587445 -0.0141818201018444 0.0488360078735652 -0.00774253055727288
-0.0810802416102165 -0.0243150495164312 0.0533528381862698 -0.0386042444398755
-0.0813508609058378 -0.0593439065120285 0.0669668262411176 -0.0465445220596197
-0.0456974709866186 -0.0893394301921434 0.0818467316330821 -0.0333354698267303
0.00356720759195199 -0.110715863839674 0.0976183752360439 -0.0106804630725806
0.0608638006392354 -0.102775413541541 0.0951078008110631 -0.000761030336941418
0.0978004549661598 -0.0706957714981108 0.0900175987784139 -0.0169873615578068
0.123223411390079 -0.018852210819215 0.0103677271764788 -0.00490697935422836
0.0977949823413185 -0.0479632185141154 -0.0446307011549594 -0.0388620914326303
0.0696651276270977 -0.0690071135604182 -0.094625178848239 -0.0161801142461937
0.0226492596553308 -0.0842402124072509 -0.0972521876449621 0.0455927533262531
-0.0264797795832944 -0.0835456855677839 -0.0546381850501856 0.0770696077941463
-0.0603184741796484 -0.0595754315876863 -0.0162199171938184 0.0799262890626464
-0.0729979592118887 -0.0334026321726998 0.0116232653039065 0.0570169346884815
-0.0840382056684798 -0.022522965124526 0.0259056409646102 0.0213617491835672
-0.0849480924416087 -0.0237610584498709 0.0179472601752831 -0.011877380321385
-0.0960807466694733 -0.0340262295397924 0.0222021827665957 -0.0465062220742195
-0.0957936068163064 -0.0737031003358805 0.0413593267764427 -0.0646369480544677
-0.0538736000826205 -0.109339506926033 0.0718332810931976 -0.0533610535719366
0.00849295407414787 -0.134688171254282 0.0928725279067662 -0.0147577732769168
0.0820415266733533 -0.11931785001285 0.0805538800710023 0.0152096144969834
0.120626844462794 -0.0739235457916444 0.0493221456680861 0.0049353574327566
0.132079918463505 -0.0151983688071893 -0.041955221707529 0.000251479740410398
0.115235351082187 -0.0553348524351818 -0.0771365672972199 -0.0314236407112015
0.0827432925714261 -0.0880127098870638 -0.107443068799159 -0.0182245327342938
0.0203936486517506 -0.104244308153803 -0.0976871564075157 0.0304507216826454
-0.0347981756746182 -0.0954399804885358 -0.067382219322745 0.0499248505851021
-0.0682410792494171 -0.065797011873996 -0.0408278785139941 0.0581018188740359
-0.0784180253065235 -0.037844523425178 -0.0184583336069229 0.0419344047952597
-0.0853802657736623 -0.0285553660673169 -0.00643095534327994 0.0116636878054059
-0.0843062324444228 -0.0316571243409402 -0.0154299377281658 -0.0192277726701423
-0.0934912526040592 -0.043514040549142 -0.00820742612331491 -0.0555324056036271
-0.0892509786175084 -0.0820110370075874 0.0169320605751976 -0.0792603005578785
-0.0445079975379837 -0.113947739898257 0.0621265892193845 -0.0672935225782968
0.0222003109858959 -0.134628303940811 0.0857592400249071 -0.0136683532316202
0.0960292201729504 -0.11176224596369 0.0625020293149922 0.0307770676889311
0.12548275887929 -0.0614148465799165 0.00503524139089262 0.0225742384248115
0.118548283451602 -0.0103962317448111 -0.0917916115859748 0.0113580998462104
0.108892385338253 -0.0508873578547618 -0.104420824875562 -0.0142895896232588
0.0764424071800303 -0.0874977588865309 -0.112102221278769 -0.0129429411189325
0.0132468857821013 -0.10101427205238 -0.0927484420594152 0.0137689781197647
-0.0356304761280875 -0.0871849004216237 -0.0800210246296075 0.02200565491154
-0.0644338215719502 -0.059569675878114 -0.0652365081132562 0.0374681873090247
-0.0714875241872157 -0.0346294231023236 -0.047978275967948 0.0268034217636478
-0.0738975901581811 -0.0295754062860468 -0.0380241850131207 1.67983584395689E-05
-0.071269135412841 -0.0351598762677194 -0.0433383258108514 -0.0305173329592089
-0.0756743284989861 -0.047740841470647 -0.029882558204663 -0.0660480257640884
-0.0640827140223488 -0.0806214864307222 0.00172695400361608 -0.0922665214753564
-0.0209137795623372 -0.103231120755376 0.0558388395190504 -0.0758644460372269
0.0399872095404267 -0.111119598433068 0.0763171086073799 -0.0105908338424485
0.100001614641428 -0.081998799548477 0.0419193642978571 0.0407733628846477
0.115357129480624 -0.0368232028675389 -0.0374070345944167 0.0311486009370346
0.0838633739959122 -0.00159773162094289 -0.126841858490986 0.0265321653619271
0.0814425072536178 -0.0351041002337431 -0.117777659380842 0.00608747568790925
0.0548554639197559 -0.0660931966522972 -0.108442544712655 -0.00589614342749151
0.0063536917094802 -0.0733856771873692 -0.0862893864234651 -0.000609270660474263
-0.0272087995872423 -0.0605568911858733 -0.0906545349053603 0.001562244860609
-0.0462231122481058 -0.0429779011546415 -0.0849586388743507 0.0220967719951911
-0.0522270010751798 -0.0265871343442474 -0.0724371747421916 0.0152127493242946
-0.0514843820180086 -0.0256030952878859 -0.0624931043167187 -0.011916407371967
-0.0489915578562564 -0.0327014565820259 -0.0629125167734164 -0.0432139414918816
-0.0481677114810422 -0.0436447657730969 -0.0405121737114824 -0.0797643255259762
-0.0326932691985517 -0.0664178315475716 -0.000614178800893694 -0.10238654327739
0.00394176751969099 -0.0777312672960629 0.0567774118539872 -0.0791883758711487
0.0509443082830214 -0.073453432958875 0.0663093193309305 -0.00904920818708132
0.0897661377568294 -0.042543169477828 0.0212603125389744 0.0402230755025143
0.0871608313605258 -0.00824369028772972 -0.0705590316613913 0.0275947723053813
0.0365356471480178 0.0130289280966488 -0.141708392567886 0.0401416962149654
0.0440437568031595 -0.00733369402165255 -0.117632408438767 0.0204737180935331
0.0296155032075206 -0.0295791940599035 -0.100871116851403 0.0001779790639212
0.00473138617077358 -0.0318062467500112 -0.0816119752169276 -0.00762709786882185
-0.0078981870422926 -0.0254866728333019 -0.0965320730673772 -0.00537535040412251
-0.0170146785731356 -0.0230061747610294 -0.0943903200244413 0.0150084935206195
-0.0229446814215492 -0.0170944842581119 -0.0861172864644838 0.00822792134785655
-0.0216785625900545 -0.0172171567734226 -0.0768219339888677 -0.0205404827945032
-0.0212377716154544 -0.0227763113039604 -0.0725252237669707 -0.0550964433750018
-0.0193087218011322 -0.0284158060405227 -0.0409380448582984 -0.091470268204042
-0.00662717202468191 -0.0412992023665115 0.0055973550915373 -0.107794529088716
0.0154188579286379 -0.0463695428079907 0.0606043074641945 -0.0777900138774783
0.046427981065887 -0.035593921754677 0.0594238919370881 -0.0101782222794281
0.0620068340472596 -0.00597847793709567 0.00722190267935577 0.0313069564465421
0.046141357949651 0.0152138304882346 -0.088836836447467 0.0158738443812284
0.00340403194837107 -0.0220701282035481 0.0950803802475103 -0.0111688474284372
-0.0214958258039352 -0.00877031893793636 0.0108689370648352 -0.0386106765190401
-0.0202067876640228 0.00679341315604309 -0.0572003073176392 -0.00195539866310923
-0.00481375046863388 0.0110364684897509 -0.0764791175641914 0.0615816266541889
-0.0025779443827649 0.00470935799574501 -0.0232016370704368 0.108391175344774
-0.00569004666513068 0.00549033123048086 0.0324720787454576 0.0990450716130644
-0.00754144103216473 0.00779879680778329 0.0636518271434929 0.0676033798240379
-0.0130174853357347 0.00879682748829162 0.08230866424186 0.027017167435413
-0.0143606535284762 0.00622408031265764 0.0827756447733859 -0.00240764458453233
-0.0173916847384258 0.00272721500217286 0.0899830524143965 -0.0179693971726367
-0.0188288263811588 -0.00620486396455332 0.0924752420883866 -0.00612144833460485
-0.0107086397025071 -0.010705019706815 0.0850735748519009 0.00822552095293709
-0.0118055625788947 -0.0168996538707841 0.0950398944268394 0.00405570539716699
-0.00539877345979212 -0.0260966180133896 0.111759918391613 -0.00921010604030662
0.0160340024237174 -0.0270187422119939 0.135071244789906 -0.0408858173412543
0.0484059753063111 -0.022680287052515 0.0822883854641793 -0.00627764031087161
0.0179857266012135 -0.0227987197379295 0.00390731502428882 -0.0353899944384286
0.00771506853289602 -0.014452237635023 -0.0618979787572563 -0.00562218971507449
0.00614564314210968 -0.0170876256211253 -0.0820519122451488 0.0569980685292929
-0.00891628144013064 -0.0244543756601137 -0.0335804011336581 0.102185897743004
-0.0244229277016566 -0.0177761586618376 0.0189788842618887 0.0987561540379566
-0.0328442934844925 -0.00749604159028536 0.052515105310749 0.0698957862501006
-0.0424914374248012 -0.00242783150999484 0.0723678953194608 0.0291740530706882
-0.0451455693380451 -0.00456704845980339 0.0704281048086119 -0.00378022392127633
-0.0509997552091511 -0.0129883793895088 0.0754745638206985 -0.0266548049656376
-0.0500512275521919 -0.0360728378036871 0.0830059383247082 -0.0233955219050476
-0.025059014680579 -0.05349927751588 0.0841883016134774 -0.00795385663979208
0.000748851408187971 -0.0646030315112829 0.0943908905477686 -0.00141038858465747
0.0316739912832404 -0.0643392058621561 0.102126493543704 -0.00647431772174411
0.0607704061252619 -0.0496372507256795 0.115983069398327 -0.0306374588933961
0.0893802071180413 -0.0194277471576292 0.053289017177103 -0.00494397389418155
0.0590860184656804 -0.0334459852600119 -0.0139242760891869 -0.0374854038592573
0.0393962774705417 -0.0388347275599509 -0.0745823065804645 -0.0128454217881302
0.0168981149127377 -0.0486244941404575 -0.0884981244056297 0.0506069844250902
-0.0151657731064009 -0.0541670648891597 -0.044122453889785 0.0907350849222429
-0.0416808666036794 -0.0402435073535667 0.00293102757419885 0.0909512293675098
-0.0540591604487735 -0.0216810869434656 0.0346706962160592 0.0647386722251597
-0.0661201186504136 -0.013275112891624 0.052029553385452 0.0266336735329121
-0.0688469244761903 -0.0142824802645246 0.0468167147069922 -0.0064837567729467
-0.0772938597062035 -0.0237688721656728 0.0508851528842059 -0.0360960165937521
-0.0773155682706391 -0.0565677382006845 0.0644570823516588 -0.0433843301855374
-0.0423578518013962 -0.0849932234213872 0.0783341117590771 -0.0293183779412906
0.00489091089293439 -0.104418623769236 0.0926723714546192 -0.00795542613824482
0.0591293398634893 -0.0965513544507026 0.0904086491940854 0.00253590691879382
0.0950737982334385 -0.0650895207502849 0.08553015274869 -0.0141032829127342
0.117175233585282 -0.0162742914661788 0.0110563490339007 -0.00454994904857619
0.0930431661695994 -0.0434532734708079 -0.0405014385763999 -0.0377444679209478
0.0656108164037799 -0.0645884912438755 -0.0900486922746002 -0.0180172911340316
0.0224975018013705 -0.0798661246431342 -0.0935072244724689 0.0406026452771324
-0.0238598020933034 -0.0791691925454879 -0.0537025600053784 0.0721428398906271
-0.0565592083520148 -0.0565267304114294 -0.0167648291136122 0.0754460869672061
-0.0691919518064776 -0.0318589914901979 0.0102121264397505 0.0541909258901261
-0.0791412823700903 -0.0221724360126203 0.024413263067884 0.0200615689744312
-0.0810722495939237 -0.0230209787361021 0.0175160733028865 -0.0103977479064192
-0.0911352392928513 -0.0337580082980528 0.0212640470105917 -0.0435399666356215
-0.0901410140805431 -0.0708278761613327 0.0398349088245313 -0.0604938324020957
-0.0500956918311836 -0.104127736466759 0.0692108589220353 -0.0480367243136319
0.0098800995741569 -0.126742416550621 0.0891400258933706 -0.0116447036400276
0.0792851274072432 -0.111492453176074 0.0769875332619302 0.0166082809215308
0.116368304135488 -0.0676536913619634 0.0465177896530232 0.00558253922349452
0.125919454121248 -0.0126342621744551 -0.0393965287822506 -0.000286950026802225
0.110089224508185 -0.0501792683853662 -0.0716739217810577 -0.0305328033975003
0.0785128708397285 -0.0819946811219869 -0.102402128595975 -0.0198323588406181
0.0206308165434243 -0.0983934898629795 -0.0933160819865448 0.0260890468012692
-0.0316394389127831 -0.090329554710471 -0.0660601503325863 0.0458493210557365
-0.0638855486343311 -0.0628297156764145 -0.039394922669558 0.0552254909017572
-0.0742397362376444 -0.0361291276644291 -0.0177466798324842 0.0396285588244251
-0.0805071846895535 -0.0275578392484197 -0.00660403326238596 0.0107566022350876
-0.0809223056307078 -0.0304605826083793 -0.0139457150668565 -0.01807419433767
-0.0882884304206891 -0.0420148025997726 -0.00676175137993941 -0.0519969954863408
-0.0838696512461066 -0.0786241527455548 0.0172644898330905 -0.0749168529371695
-0.0412180968434024 -0.108604853352688 0.0595688518579239 -0.0621627333721298
0.0224495856414825 -0.12698638975712 0.0822769290553455 -0.0104287630272681
0.0920603666445225 -0.103736032853443 0.0594760554757544 0.0314274863677864
0.121506405748409 -0.0552734878174216 0.00427009314264917 0.0218202577699024
0.112339435230808 -0.00784343538001315 -0.086639876848367 0.00957662382317975
0.103468755040559 -0.046675846902015 -0.0980885960641363 -0.0149643091539482
0.0728357590220809 -0.0813682167805004 -0.106402288419521 -0.0149588690979059
0.0137884498648657 -0.0951063131016218 -0.0888183000350079 0.0101044388676475
-0.0331397306917809 -0.0824918007811814 -0.0771829787831983 0.0194666850597626
-0.0605647168016415 -0.056825450084555 -0.062588299159062 0.0348889720813191
-0.0675975481585093 -0.0337060396547723 -0.0462414670980896 0.0243141522402882
-0.0697900459653581 -0.0286330354230153 -0.0360009772292829 -0.000930639572537942
-0.0680769786903203 -0.0342676639460992 -0.0406833413234126 -0.0289114066420324
-0.071079608034433 -0.0457435206689422 -0.0273400883437443 -0.0632746204776954
-0.0604981612097243 -0.0768009550228089 0.00269771282416043 -0.087238263090106
-0.018637558256541 -0.097666526143598 0.0548297535804703 -0.0705492446207711
0.039669475546482 -0.104125639571441 0.0737102249400116 -0.00790177301556389
0.0958193184554261 -0.0758062771446877 0.039875415644434 0.0394439184273971
0.110513214940302 -0.0325469792642066 -0.0355143270888634 0.0285594866757621
0.0791270050521459 -0.000480218870661792 -0.12097649249288 0.0227401222052275
0.0773119268104989 -0.0317718425386992 -0.11114479636423 0.00292608969222987
0.0528323663682645 -0.0621945434941564 -0.10266456886392 -0.00776667704660313
0.00679017948114192 -0.0688378318028405 -0.0818625391275996 -0.00316370234188379
-0.0247875975386647 -0.0570333729658449 -0.0874540441527883 -0.000147032272038516
-0.0431877613410506 -0.0407130200602353 -0.0809634751817145 0.019550692628018
-0.0491367089813438 -0.0254313585390489 -0.0691713250102758 0.0135293075195718
-0.0478886873382864 -0.0244692481899966 -0.0594948216772649 -0.0119066565769737
-0.0462124184792743 -0.0315389948442068 -0.059154052906233 -0.0414622748995285
-0.0446879769038116 -0.0412753527207449 -0.0372417271831169 -0.07595686788804
-0.0303651151903285 -0.0635296851452356 0.000185948648503434 -0.0970879430192478
0.00399832792960537 -0.0736807045469458 0.0550909001622783 -0.0729340218194869
0.0493045163493865 -0.0680171727757476 0.0640374522634387 -0.00614524326685902
0.0852261358350932 -0.0381623859359673 0.0201705936691639 0.0388676549735967
0.083478586942985 -0.00608022727291651 -0.0669523337635814 0.0249744987160987
0.0337425330758256 0.0130528657430742 -0.1350673518575 0.0350503508589631
0.0414432381657496 -0.00585205316088638 -0.111119897551843 0.0166052834232169
0.0283448510515136 -0.0272710609985922 -0.0959254500274453 -0.00238694855240154
0.00463215564489623 -0.0302154827453061 -0.0785410461659437 -0.0100654969306799
-0.0069753485961126 -0.0236593390510085 -0.0922397926665414 -0.00628923846077473
-0.0159704562524321 -0.0212772197460618 -0.0896832049108258 0.0129321724248165
-0.0214165435659046 -0.0162164935638152 -0.0817708045363642 0.00666642524735153
-0.0202659595857884 -0.0166984062425368 -0.0732904260998385 -0.0198981142969316
-0.0197668582853352 -0.0215742146508215 -0.0676238102479783 -0.0527936165674058
-0.0176755866417051 -0.0268281902887593 -0.0371652173013722 -0.0866410597431413
-0.00556872503189403 -0.0393375536279689 0.00624303437421876 -0.101301729360908
0.015112426508448 -0.0433251913579723 0.0589533003555299 -0.0715916254453441
0.044422876608869 -0.0322950032232792 0.0567446330262668 -0.00751741824649671
0.0590853924297207 -0.00438218798248427 0.00684576043294106 0.0299003559989271
0.0440493449446155 0.0150944459045667 -0.0845985365228103 0.0135326239751059
0.00426850534136013 -0.0212304695146995 0.0936373229749845 -0.00665257695071361
-0.0203894406924989 -0.00939709999316456 0.0123736022383635 -0.0379479520330265
-0.0200394645036732 0.00602506556159066 -0.0557573914116139 -0.00522186832175693
-0.00483868439826595 0.0101440993234375 -0.0778039925904263 0.0566706261064542
-0.00260972238632087 0.0043183417691328 -0.0273058722140884 0.104629260705033
-0.00566161248247523 0.00503323492748717 0.0275813618072361 0.0974535954769586
-0.00790575412823968 0.00713633142351224 0.0589372289031798 0.0684739554941482
-0.0133048638423272 0.00819287697589416 0.0794825552533302 0.0293861770273126
-0.0148325277485345 0.00576729675536874 0.0808605606978809 0.00126645829533086
-0.0172855796250467 0.00165155896458123 0.0880263908167187 -0.0137130217820868
-0.0184237792876267 -0.0066545266241238 0.0905214000169109 -0.00203302717386867
-0.00989274217746352 -0.0109579009704981 0.0835955079148429 0.012980677950017
-0.0113645408902996 -0.0166863924454123 0.0927631158724 0.00867295194023322
-0.00389992356325473 -0.0258015150677912 0.110028456159655 -0.00344312291132504
0.017203772927846 -0.0259397693692184 0.133465173670622 -0.0322723697550885
0.0484187499606303 -0.0203117289023644 0.081142101802483 -0.00240300519956008
0.0184729893317249 -0.0205718215051612 0.00543091828191313 -0.0346362767952215
0.00767061987343092 -0.0140006335930043 -0.060902777805468 -0.00923032930673443
0.00652412948614096 -0.0162608222607819 -0.0833074403317543 0.0514663460038175
-0.00768234315432726 -0.024431456990828 -0.0375082445111584 0.0982445261627279
-0.0234182096997642 -0.0180465815099053 0.01436912255275 0.0972704169716406
-0.0317362981678755 -0.00846779620207774 0.0481433514325515 0.0700500154388469
-0.0421501553478207 -0.0040086757643152 0.0696143551262552 0.0307864604827531
-0.0445709186226629 -0.00596014840341972 0.0691539654728814 -0.000434601542378243
-0.0497267512888421 -0.0146897378753333 0.0741754285504265 -0.0228326776917159
-0.0476437872652948 -0.0373235532852249 0.0821446386800259 -0.0200095726384021
-0.0222578418629109 -0.0534981055929082 0.0832280516104837 -0.00365689965702546
0.00342296025771144 -0.0627128065940938 0.0932252213689066 0.00301741613658822
0.0336219328114246 -0.0613796028055266 0.0999588188762599 -0.000647058801897088
0.0617102956582122 -0.0455354562135667 0.114443740020877 -0.0237861895562837
0.0880172156300549 -0.0158912948146527 0.052786814150845 -0.00232849430639392
0.059020486366886 -0.0298304235856627 -0.0105880444516589 -0.0368409454212849
0.0395057618793504 -0.0356505538002723 -0.0722928349240214 -0.0168863311434075
0.0183678251769279 -0.046322444187581 -0.0891081274065513 0.0446412906876592
-0.0128920484915809 -0.0533740325220297 -0.0472858491482265 0.0862909681386989
-0.0391253753039921 -0.0399411340615402 -0.000683433025261718 0.0889732575983966
-0.0521280112484101 -0.0225793293566872 0.031354590235472 0.0647454838913241
-0.0639834795626322 -0.0151581487042247 0.0497778512721374 0.0282201307752159
-0.0672388778920492 -0.0168549827494894 0.0468727145031843 -0.00398935971309216
-0.0752113211817068 -0.0267724238681823 0.0510369475030643 -0.0325291820577369
-0.073179399745361 -0.0579973234060252 0.0645300854139937 -0.0398902225442827
-0.0379196982794857 -0.0846049267522123 0.0788555473809127 -0.0240159575325859
0.00872150341894709 -0.10153371169102 0.0921798868224399 -0.00322377235056449
0.0614759322523372 -0.0915671315234254 0.0887311263147006 0.00736306125586195
0.0964483213702125 -0.0591256304769059 0.0839718451805131 -0.00870173166008978
0.115173716120047 -0.0110976360115585 0.0112699420550034 -0.00415597853876428
0.0924128914237787 -0.0382647453738935 -0.0369620719060172 -0.0387339319287306
0.0663094497498257 -0.0600466673095837 -0.0873484428895363 -0.0225665749193647
0.0247615268733959 -0.0767329868524273 -0.0933161016926139 0.0346605765435248
-0.0203962883128757 -0.0776928404271274 -0.056111311580609 0.0677955728596159
-0.0534867976674749 -0.0566308078308398 -0.0190454172040919 0.0733876694400246
-0.0664944270187164 -0.0334988498597577 0.00783615253270089 0.0529999262369639
-0.0768601277110979 -0.0243661032027208 0.0228864279565866 0.0207587915298652
-0.0791776479280391 -0.0263380570649364 0.0178050756735598 -0.00961746496160464
-0.0884327167693626 -0.0368034673643311 0.0225010748800266 -0.0408515875657502
-0.0857683288530484 -0.0721157910932773 0.0413115646361156 -0.0582407709720319
-0.0450327722876326 -0.103424457572129 0.0698799759384521 -0.0429707933055781
0.0144169175348496 -0.123200489363388 0.089193066831836 -0.00662162536319071
0.0817566103392541 -0.105653643942532 0.0747899225730474 0.0208755799050504
0.116659031475134 -0.0604827882871212 0.0459745907607052 0.00774686175288812
0.123912806231972 -0.00712728077564283 -0.0379723518495679 -0.00250404100821022
0.108797357625572 -0.0439824931215674 -0.0670827663358534 -0.0327010618899053
0.0792781317005572 -0.0764405139420405 -0.0993486186978248 -0.0244124309885883
0.023638280563158 -0.0953021023367872 -0.0930693982590324 0.019997683780706
-0.0274731651371958 -0.0888650992886024 -0.0670734537657453 0.041980031606418
-0.0601162135296387 -0.0629267393684761 -0.0407632504095289 0.0523456930506756
-0.0715035141565999 -0.0377745457052402 -0.0191588689555618 0.0378871860610606
-0.0777089825494953 -0.0301588236184734 -0.00716519592978249 0.00987180073039642
-0.0784096772467466 -0.0330352145356901 -0.0127497724060338 -0.0177858626679139
-0.0853190555473751 -0.0440974829084705 -0.0046506905580395 -0.0509216439006593
-0.078956787018044 -0.0790216401721884 0.0197023291625102 -0.0730476226045506
-0.0363071056897196 -0.107081880572418 0.0615098655838917 -0.0569174915658392
0.0271533307951354 -0.122538873146711 0.0820151075642564 -0.00573904968433211
0.0940452136250131 -0.0974628062012563 0.0577708467604285 0.0336160965196452
0.121571100807798 -0.0489161705046636 0.00330127174973916 0.02188923736968
0.110028658247014 -0.00328277113510527 -0.0848750500425725 0.00545089451427342
0.102232807537626 -0.0405026707513349 -0.093385873749454 -0.0187743357166548
0.0737380063914447 -0.0769448500618678 -0.103917706158123 -0.0202896108770641
0.0167451868802943 -0.0918727675174725 -0.0879930007847705 0.00462608278041817
-0.0289960526283467 -0.0813682573758186 -0.0774156181853435 0.015702583374673
-0.0566645232588779 -0.0572146248296026 -0.0624727143271993 0.0315266012839042
-0.0651465976989302 -0.0343064171809989 -0.045906527654921 0.0223456545518544
-0.0669268331757756 -0.0304518189938751 -0.0355974334863241 -0.00201793179141701
-0.0653570049225284 -0.0359791501939785 -0.0383560935440447 -0.0296718086734115
-0.0676675217065373 -0.0476015037511746 -0.024710026029301 -0.0624624755298335
-0.0565095234453585 -0.0766074715208498 0.00585821527239174 -0.0854555382348913
-0.014989744394861 -0.0960035512902687 0.0565779484691512 -0.0656701447189195
0.0425685191749156 -0.0999015056211657 0.0733306139788184 -0.00380316016190068
0.0965620007036058 -0.0699942325890953 0.0376258734689529 0.0414116089584275
0.109948187453386 -0.0270489710741984 -0.0360401287552562 0.026927074559344
0.0772963743179143 0.00343867146844239 -0.118709680923739 0.0167605596103885
0.0768236041785544 -0.0268665272907434 -0.108241735010376 -0.00168909602302903
0.0537318131552973 -0.0579984956648968 -0.100940116242098 -0.0129348275015693
0.00912822857872245 -0.0670828056311262 -0.0810401890955396 -0.00802170738914234
-0.022178483758976 -0.0567265033921052 -0.0861221062564431 -0.00304282348586718
-0.0408800811530121 -0.0413024596174588 -0.0791051414752723 0.0160662007253051
-0.046569922497265 -0.0265700619338871 -0.0680526234073157 0.0104310165814812
-0.0458959515167341 -0.0257840220245207 -0.0580327719017152 -0.0137843832923605
-0.0440050226591652 -0.032791681001931 -0.0562349873285493 -0.0421970587458191
-0.0423243020596778 -0.0419429802776412 -0.0336511495126456 -0.0751491839833476
-0.0269353459032283 -0.0625474694564587 0.00418109277426442 -0.0945978497199079
0.0074553896462843 -0.0713479245949471 0.0570823873360874 -0.0687705109581128
0.0505709314512029 -0.0636768583212841 0.0636731083229855 -0.00218245476067172
0.0846020996344265 -0.0334491865280059 0.0189238511982162 0.0392956297709996
0.0820998597900743 -0.00241604732000222 -0.0661654499010858 0.021103261648298
0.0321935298669949 0.0136680605716589 -0.133860986251998 0.0280198823402073
0.0410080139926606 -0.00371807192493517 -0.108784067593663 0.0109416267604929
0.0278207273483405 -0.0253225465775538 -0.0937313884069751 -0.00710587513483554
0.00620209784576654 -0.0287660380394429 -0.0764507563513716 -0.014588803488076
-0.00587183168620971 -0.023569960346047 -0.0900661096422679 -0.00962910416276585
-0.0146901748048956 -0.0218180444658575 -0.0882663183351817 0.00929744706318597
-0.0202781230004834 -0.0161454037020664 -0.0806694487429841 0.00295596045812407
-0.0185901191486125 -0.0173230089991895 -0.0710021869424307 -0.0220980185912923
-0.0181107999678709 -0.0218817412602012 -0.0644891950831413 -0.0538466862336694
-0.015362897627738 -0.027001593606165 -0.0326794097187174 -0.0855869919226838
-0.0039403633982328 -0.0386939872328282 0.0108592453602361 -0.09889850092679
0.0162542384525366 -0.041418566363101 0.0614121908614362 -0.0673537083610564
0.0441691732346778 -0.029351130355265 0.0571492874383269 -0.00380991860215862
0.0581074012159579 -0.00182713504123864 0.00581625193736515 0.030210572151079
0.0417880630758015 0.0162714792880661 -0.0827168419853491 0.00948050298837015
0.0053955699215809 -0.0217327147936998 0.0955260297083889 -0.00276351319404521
-0.0197771763853167 -0.0103847448860875 0.0142740772273816 -0.0389652528107092
-0.0208567841594087 0.0052714943226079 -0.0568800555128888 -0.00872316846481968
-0.00544118711193377 0.00983276561941109 -0.0827464411598852 0.0537315094556688
-0.00331738336311746 0.00398966616646616 -0.0322852591397658 0.104483577919109
-0.00637428914969586 0.0048830685580834 0.0242950889122259 0.100815882550587
-0.00820966934498783 0.00721454588198181 0.0570644837552505 0.0722766154191603
-0.0140491508410672 0.0079412138910933 0.0794043594840641 0.033279469308869
-0.0157504664796714 0.00529609955949784 0.0826775897962306 0.00458731672354333
-0.0181482052581285 0.000301539744840427 0.0898459990908663 -0.00980758440434327
-0.0181129495198962 -0.00782897567218588 0.0926833453984408 0.00198647164922558
-0.00924228956541729 -0.0121982644245196 0.084962643242756 0.0174771778700481
-0.0103126580839539 -0.0176797439328594 0.0946303208774494 0.0134913691211888
-0.00289721658764072 -0.0267487791947144 0.111959468059239 0.00304317779664709
0.018890165449463 -0.0263421288111634 0.137417879433045 -0.0261314644515467
0.0501421291295606 -0.0189015182942735 0.0828722927412769 0.00145088813932306
0.0194448196063915 -0.020068867165581 0.00804904179230216 -0.0347007267714419
0.00797910372588711 -0.0134954817793737 -0.0615806965989729 -0.0130597593352002
0.00691127259686854 -0.0164288166443441 -0.087755625301288 0.0482736917003294
-0.00691295057477932 -0.0252051996412354 -0.0429360514493693 0.0969788531170076
-0.023102724885319 -0.0189086351818995 0.0108104888149458 0.0994129801835984
-0.0320379562295725 -0.00934314217528438 0.04657563286384 0.0732495992056948
-0.0426241824324825 -0.00552977277595954 0.0696334896583522 0.0342253439090283
-0.0454918896561549 -0.00784452043833841 0.0706641531897865 0.00241462086219121
-0.0505649878775334 -0.0168547001923879 0.0766119198209675 -0.019392035667633
-0.04744601402788 -0.0394094274712194 0.0849778228566843 -0.0169694472386825
-0.0206783290029585 -0.0555863950207154 0.0855930956579593 0.000719620204588178
0.00581348639978372 -0.063605274379153 0.09512621158206 0.00813783638042754
0.0368917341310366 -0.060965681454335 0.101803497813348 0.00493076723736783
0.0655790868163263 -0.0437471911540452 0.11789804129971 -0.0181034504951364
0.090147790696012 -0.0125442025061278 0.0547617844433901 6.33275804289075E-05
0.0607166361752356 -0.0271483970244864 -0.00849830714655562 -0.0383778220588789
0.0410879953225507 -0.0342421765763594 -0.0738924031166262 -0.0209179274422637
0.0204214522311719 -0.045995771878401 -0.0934453714686952 0.0405928116520338
-0.0107448456552743 -0.0543794618692813 -0.052055771550778 0.0850615099194102
-0.0383171538161825 -0.0419448205305152 -0.0041546952420316 0.0907743153572396
-0.052028259869273 -0.0250612339499873 0.0287358193295561 0.0669670369181703
-0.0650094133661956 -0.0176386774968946 0.0495419974244474 0.0303765763591831
-0.0687692042802949 -0.019470094271834 0.0475847840004854 -0.00220017636850777
-0.0760515882241508 -0.0303461364392319 0.0531739678129678 -0.0305947728582655
-0.0729966197533981 -0.0614777005291017 0.0674176611485881 -0.0381948013072849
-0.0355075359077931 -0.0878934564273546 0.0817224515975353 -0.0208627594558263
0.0130313149914525 -0.102311405732825 0.0947082373874178 0.00138734221818148
0.06620051095335 -0.0906333174431337 0.0897227327725273 0.0130728175668041
0.10115286355166 -0.0555958531405176 0.0866109172120106 -0.00502212791627076
0.11769845715179 -0.00723579219306551 0.0120808922196798 -0.00351927545976009
0.0951136550717305 -0.0344839586844679 -0.0345943108051784 -0.0410116477967447
0.069596610363587 -0.0577222659547901 -0.088888716550745 -0.0275551386080886
0.0279998993522474 -0.0770091730158434 -0.0972552041996836 0.0295306067850271
-0.0180637322100624 -0.0798608371873728 -0.0606174129144517 0.0655954188710472
-0.0518848201758744 -0.0589921531327653 -0.0226341105256057 0.07387966154545
-0.0667889618065618 -0.0362739006900478 0.00645338304886466 0.0537070265152309
-0.0775823484760992 -0.0276176146529783 0.0222841375587304 0.0220439316951442
-0.080576564512534 -0.0295201406573718 0.0185617707187413 -0.00873614742330971
-0.0889172376217319 -0.0408474373381082 0.0243188363068077 -0.0406734984903539
-0.0851840538255766 -0.0760207130535095 0.0442640588574361 -0.0578169907269811
-0.0425820168450256 -0.107075499011718 0.0743272772676848 -0.04067498516181
0.0200368439129271 -0.124355100064336 0.0915269177982309 -0.00281745611744013
0.0875461536208567 -0.104468428080211 0.0761689723908836 0.0255830070210284
0.122576384864123 -0.0565378867167071 0.0469242018003083 0.0104357962525555
0.126256297288232 -0.00180456051387882 -0.0376700590581741 -0.00391574461595243
0.112363422621471 -0.0391661632808495 -0.0657395348832401 -0.0363450108103216
0.0827844254151702 -0.0742472090501458 -0.0999491018436946 -0.0297221296387319
0.0279449153889812 -0.0957082176225332 -0.0967740695763502 0.015014104430721
-0.024793197270064 -0.0912512117883087 -0.0710936225687714 0.0398954020470919
-0.0590205969680412 -0.0660242921242157 -0.0432882761556008 0.0519238676767551
-0.0711817082228408 -0.0406187331086831 -0.0206989763784018 0.0378028883722856
-0.0778299550617432 -0.0334340331147934 -0.00815213037118816 0.0100267596297522
-0.0794284324392376 -0.0367327809630902 -0.0119056606701116 -0.0183935299763379
-0.0852324792613415 -0.0485077378757642 -0.00303245081985172 -0.0513702784484393
-0.0779779764207379 -0.0827345498181229 0.0224449591670754 -0.0732827230272085
-0.0333106338863818 -0.110299226668456 0.0656087814367654 -0.055327226552508
0.0322090850659779 -0.122726091402071 0.0852229735720141 -0.00185964480407084
0.0995247585145553 -0.0956448824896347 0.0579129597735918 0.0377689042438557
0.12665266600598 -0.0445583270893903 0.00345171979961123 0.0229222912739815
0.111928231174912 0.00167290578023715 -0.0858057912125609 0.00137642373812137
0.106242666127019 -0.0367644307009037 -0.0931556268426413 -0.0236557819518212
0.0774086918521473 -0.0738532889461362 -0.10453077399349 -0.0255556273660188
0.0209998310445365 -0.0924377962221862 -0.0903610790288337 -0.000528564142700005
-0.0269445458769509 -0.0835335147163993 -0.0805988244539688 0.0128782174161373
-0.0560371734729053 -0.0598639436761 -0.0643080529673229 0.0302561977067398
-0.0649491763993143 -0.0372223805471015 -0.0478941934239427 0.0213912205645621
-0.0673120242225819 -0.0336190130949385 -0.0364994719460527 -0.0029000037235523
-0.0659010724673778 -0.0386909351917895 -0.0379429084050729 -0.0309475157593412
-0.0674855477394108 -0.0508510430597743 -0.0223480369501364 -0.0640526098011702
-0.0549891212312179 -0.0793012618761765 0.00933410375040128 -0.0865115269428291
-0.0119991431207215 -0.0979937076369114 0.0602912893021997 -0.0639449210185863
0.0470159308998953 -0.0985501200424806 0.0760868123646618 0.000386469407646649
0.101036797822572 -0.0675208680583408 0.0371056625137532 0.0443122393563018
0.113283576874359 -0.0222273293541991 -0.0378266075851607 0.0258014208089713
0.0786468416241026 0.00645356685154357 -0.121658618155014 0.0113884859095991
0.0785617291864173 -0.0240188865411698 -0.108665069482834 -0.00707498817155939
0.0561327423696994 -0.05622765944073 -0.101720238945271 -0.0177248686332572
0.0123331552781283 -0.0672966657505827 -0.0830296903836977 -0.0133289227256371
-0.0200480118986189 -0.0580859379337466 -0.088219751537777 -0.00700149114406149
-0.0403133397764093 -0.0432160908043529 -0.0818690010538957 0.013513107348105
-0.0467942309447174 -0.0282311848465544 -0.0701897923131333 0.00749070218503438
-0.0455992222442996 -0.0285821015598849 -0.0597147536596622 -0.0157478625855409
-0.0435287198596396 -0.0343838129424314 -0.0558842763596988 -0.0449866167029798
-0.0411823578588496 -0.0440615364569811 -0.0311627951340296 -0.0774531921455185
-0.0254399630593837 -0.0646093190578069 0.00803513185935367 -0.0960575400237292
0.00974334433720778 -0.072451371047553 0.060929833672747 -0.0669965290288086
0.054083077498791 -0.062408154885005 0.0658716455891318 0.00120792822132992
0.0872755975002974 -0.0305194084372012 0.0176764165790345 0.0415204452987476
0.0835371009790829 0.00169879573034235 -0.0677623136242999 0.0188050242211033
0.0329702926180974 0.0153506105153403 -0.138001765618257 0.0219568915506609
0.0409230111808798 -0.00202237368791168 -0.110998842218034 0.00571567644442296
0.0293662862855662 -0.0241964237316952 -0.0951313678197517 -0.0117852725334426
0.00690616511740681 -0.0282839967656121 -0.0786509023444199 -0.0191901763413779
-0.00492874451617139 -0.0239932702343207 -0.0925987373527944 -0.013522783197145
-0.0142578500392026 -0.0226999204462945 -0.0900588634348647 0.00581277875635921
-0.0197941552704474 -0.0168771865658356 -0.0823958811270512 0.000111452805273744
-0.0180860101693711 -0.0184422877666734 -0.072099502344425 -0.0252472468026543
-0.0176904605534666 -0.0233072732767827 -0.0631810347450274 -0.0567806416044307
-0.014847153211863 -0.028104165903926 -0.02965638797125 -0.0878350715241537
-0.00258458040569186 -0.0394702676036329 0.0147082287076452 -0.10014843630879
0.0184571043630411 -0.0411012394625213 0.0650594331348228 -0.0653762154861524
0.0461229500654341 -0.0271828176785429 0.0589280653648822 -0.00010698246590835
0.0590132517716596 0.000490712641593518 0.00547177488718916 0.0309143033935021
0.0418647639587598 0.0184942154389702 -0.0842442960904435 0.00564201639702107
0.00644060827632966 -0.02292319880357 0.100981180436639 -0.000628968979431827
-0.0204550950720739 -0.0111435800876869 0.016199267081144 -0.0411023764503793
-0.0221023433351724 0.00526423213930836 -0.0604907530901545 -0.0107130696130333
-0.00608828456676077 0.0101382941475328 -0.0894615954768754 0.0554660049744199
-0.00351737189346152 0.00338361652880948 -0.0364556848708434 0.108256631931785
-0.00700632195302186 0.00497962165057992 0.0232021605548468 0.106190509972902
-0.00870131559747455 0.00745308719470426 0.0589283229596137 0.0770058569775264
-0.014932657211059 0.00820152343976288 0.0840895785804629 0.0359883224009562
-0.0172421458679654 0.00489908785897906 0.0878224860247373 0.00651557210685171
-0.0196534472659124 -0.000167651849644967 0.0943244551820924 -0.00878066459589539
-0.0189275534768268 -0.00825430134456252 0.0975664937702621 0.00335898630595382
-0.00959672752306698 -0.0132357347083557 0.0902307129655396 0.0207078905628116
-0.0101788380331348 -0.0185708210807801 0.0997053247311508 0.0161841414930758
-0.00262919155859259 -0.0278304952716417 0.117425918500552 0.00635886305288501
0.0206251433614914 -0.0274449332023351 0.144878398058464 -0.0240256433836362
0.0539315144726508 -0.0191408499377309 0.0878908034489314 0.00281515314329433
0.021212829356893 -0.0204420030421921 0.00967417202167771 -0.0373879256462614
0.00797891314033797 -0.0137998425460084 -0.0656075887155746 -0.015701016646883
0.00766229690842983 -0.0174696644713072 -0.0945809192426806 0.0487699717907039
-0.00701428527781755 -0.0263505463218683 -0.0469680578194537 0.100728707638895
-0.0242507581933657 -0.020237625437175 0.00935129314918205 0.105040795330946
-0.0334210191258277 -0.00998565214872314 0.0480160873183997 0.0782790134696694
-0.0446456164571698 -0.00616534122119713 0.0729008619792371 0.0367722350639902
-0.0485115757727329 -0.00948828043965442 0.0742845084262128 0.00426206613483386
-0.0533714237637819 -0.0187635784195061 0.0811141982096006 -0.0193547584547608
-0.0494107600890399 -0.0418575112302854 0.0895277062059526 -0.0163214593730275
-0.0207539785567029 -0.0587260581654739 0.0907430589231028 0.0034208215114044
0.00749851107203422 -0.066593601822577 0.100693035826469 0.0104742563806701
0.0402320293679204 -0.0639918331643134 0.107808411036543 0.00827014558891365
0.0703875784812902 -0.0450034729200485 0.124623456187694 -0.016064176474312
0.0954371505809574 -0.0120609105442932 0.0583747253872296 0.000777018162338715
0.0643769444606729 -0.0278694540489556 -0.0076863636941265 -0.0411106270722015
0.0431518158853438 -0.0350869661700159 -0.0777258354589714 -0.0245929747245643
0.0215162529980808 -0.0482265490969424 -0.0998006610334812 0.0406286894981101
-0.0108571894107595 -0.0577776826677981 -0.0565776760987656 0.0881615247765588
-0.0400523292844608 -0.0444432007193128 -0.00577074935072089 0.0956560931767271
-0.0548855438767539 -0.0267216274431959 0.0299636180928445 0.0706900662150387
-0.0684405512408006 -0.0194433691079627 0.0516622259452904 0.032427407201031
-0.0724773519022401 -0.0211595372491723 0.0505949811859559 -0.000668975500799336
-0.0803874204737063 -0.032437092091368 0.0565406127691312 -0.0313117250015881
-0.0765102657591675 -0.0652134849666143 0.0707259291609127 -0.0393824972561673
-0.0364585248190398 -0.0929539658073599 0.087184030422479 -0.0197400415338677
0.0151688797901398 -0.107418842480984 0.101001224991038 0.00394557139519365
0.0716930455332572 -0.0943111212019966 0.0948331129799466 0.0164263105461387
0.108490305188799 -0.0567090493483313 0.0918303764237791 -0.00297267323888759
0.124326382120196 -0.00487847585940251 0.0145079136283157 -0.00346036537611258
0.100477290573442 -0.0346301698942455 -0.0345210597341555 -0.0443933701899785
0.0733781465826874 -0.0590336487949836 -0.0932032540707641 -0.0315437289699808
0.0303192269586426 -0.0803978536955906 -0.104078934085902 0.0286608746854681
-0.018330585534034 -0.0839927495588154 -0.0653382773365749 0.0677324001081514
-0.0540909216842215 -0.0627050880930058 -0.0248295684932555 0.0780220375193235
-0.0701392760900187 -0.0387803441157518 0.00575906348937063 0.0572109536327796
-0.0817562413909759 -0.0299700498196609 0.0230567159853237 0.0232409722705579
-0.0852905436969021 -0.0318330091793078 0.019708158911318 -0.00863800235686614
-0.0936148616778098 -0.0442384341008065 0.0261716479875475 -0.0417194790963499
-0.0893159341213826 -0.0805696573097134 0.0468293877626128 -0.0598304523658569
-0.043673453567179 -0.112045726888554 0.0789962935677602 -0.0405049259531803
0.0221377252519449 -0.130477580674952 0.0980558487264574 0.000113978487506258
0.0939585439218709 -0.108393206030511 0.0801278919757423 0.029563304953908
0.131058734161702 -0.0574554720868697 0.0497487112931087 0.0126854154970621
0.133730213695259 -0.000188155305377267 -0.0389010488436251 -0.00506395091728277
0.118532923436042 -0.0395880069892002 -0.0668841923143496 -0.0403311014658941
0.0884201303816877 -0.0759670480575175 -0.105446034230374 -0.0341446764259251
0.0303614125638678 -0.100003968935296 -0.102800610182288 0.0132452085135422
-0.0249186065926743 -0.0960389809337178 -0.0759242825019832 0.0402291508221959
-0.0620106303326477 -0.0695015337588378 -0.0462427143610692 0.0544033717178753
-0.0747986517578917 -0.0430577967214858 -0.0222783878981699 0.0392126750323738
-0.0822537549209498 -0.0355664544194249 -0.00901596640472105 0.010384679356484
-0.0839149802410291 -0.0395189756848908 -0.0122688289905838 -0.0191559392937464
-0.0901303177093428 -0.05164280492783 -0.00239869059525188 -0.0540016822662368
-0.0820675029049199 -0.0876214676223022 0.0243067889806741 -0.0771153877217004
-0.0340379925133591 -0.116141165848425 0.0704206268033952 -0.0562924471807351
0.0353042860678804 -0.128261343814708 0.0911121378143656 -8.91009992622272E-06
0.106723407017209 -0.099497202255975 0.0610462601007466 0.0419552842089967
0.135143295908841 -0.0441109659568682 0.00315155947452896 0.0242182639818358
0.118678632468049 0.00313950428376267 -0.0900320970380313 -0.000352707998303472
0.11221045327027 -0.0362697770151037 -0.0960722073522861 -0.0274470357054617
0.0821704244227327 -0.0764762562571681 -0.110359974875317 -0.0296203171329793
0.0234212596405061 -0.0969548466972015 -0.0962008782823463 -0.00320697456744274
-0.0273121786832877 -0.0881475447928406 -0.0862824436150049 0.0122843227491961
-0.0580659707107234 -0.0631891760339019 -0.0683345367507784 0.0308847944787608
-0.0674839533113691 -0.0395545800222706 -0.0509537554511571 0.0207568915628254
-0.0703358588083427 -0.0364471608370749 -0.0390995751383184 -0.00341460066005564
-0.0692369053096886 -0.041263028369187 -0.0397942522109909 -0.0328333972554951
-0.0705170881869209 -0.0537463786787563 -0.0229716200337769 -0.0672039319633426
-0.0572993628671547 -0.08394296776292 0.0101420695518383 -0.0907097503922672
-0.0112038801166317 -0.102626425261865 0.0654314695482951 -0.0659734126113621
0.050618883038345 -0.10300438720214 0.0814383770865034 0.00256177608239083
0.107641899226103 -0.0696318919838584 0.0394844895893055 0.0483851724953705
0.120370085237161 -0.0214947454893581 -0.0396731966906962 0.0263098523594209
0.0828774677798516 0.00792568444952846 -0.127951208773277 0.00981201936864522
0.0833958904570975 -0.0236568618527029 -0.113538741017608 -0.0101271846195171
0.0594115206640304 -0.0579490931594969 -0.106854440830257 -0.021559378809262
0.0139724856748476 -0.0707176998415278 -0.0882201355343878 -0.0169546571448313
-0.0206259208883707 -0.0613198743715801 -0.0942941074445021 -0.00832704075309742
-0.0423841241781704 -0.0455875457392195 -0.0862121380437012 0.0128103447254768
-0.0491018783179406 -0.0302068082609057 -0.0740617791363259 0.00735795784923533
-0.047976624642747 -0.0303503641579772 -0.0632431519375714 -0.0164373586751938
-0.0458390214170891 -0.0365834487372707 -0.0584912785214654 -0.047632320569804
-0.0423450424421442 -0.0467053829794123 -0.0315356646967483 -0.0817067869278948
-0.0265075840178688 -0.0678719134169312 0.00936872876565819 -0.1007417749933
0.0117113869984396 -0.0751434663301434 0.065827806452196 -0.0689257070616512
0.0576399516814311 -0.0643409590102231 0.0709375959942152 0.0031106905646212
0.09234334313823 -0.0310394823662666 0.0183879660107296 0.0439268282112363
0.0881466324186008 0.00246691351816399 -0.0715915808952025 0.0188924802235635
0.0343839392725075 0.0169802233797463 -0.146194939330058 0.0201765599371074
0.0437838802760917 -0.0013151470239099 -0.116464912952726 0.0030611277003209
0.0308238519206188 -0.0241855502385452 -0.0994616108977773 -0.0143811355475793
0.00762604374145413 -0.0296861826243629 -0.0837900088474804 -0.0224018404691641
-0.00453185049094748 -0.0251993074758736 -0.0978823386655987 -0.0152653515055562
-0.0153223094847576 -0.0238169916789457 -0.0956515108082705 0.00496653799041272
-0.0207030633409102 -0.0179276993376281 -0.087569749217179 -0.000975483103634094
-0.0184911316780844 -0.0199003291517863 -0.0761114109491141 -0.0266865547977351
-0.0180075573698758 -0.0242560891215083 -0.0660559155698358 -0.0599428347201451
-0.0149689685179264 -0.0294904022843199 -0.0305047275536682 -0.0933129442984628
-0.00215084737708086 -0.0416872602632679 0.0168177521097006 -0.104494883224879
0.02020436802443 -0.0428541632707318 0.0703638432979621 -0.0669119546981786
0.0490559353290216 -0.0276299679596923 0.0629397622738277 0.00172918340322558
0.0614223639557823 0.00166596480538519 0.00485813228928858 0.0329613635202994
0.0440975999029938 0.0203264895211614 -0.0888785081253859 0.00422414921802624
0.00256324606870245 -0.025473624906838 0.109124055330194 -0.0157858394624665
-0.022839273919255 -0.00922439402284648 0.0109774436413874 -0.0469339481172734
-0.0219784310762144 0.00855836095065717 -0.0657045062253508 -0.00350651450024655
-0.00553287023297634 0.00984993683089538 -0.0851958817945708 0.0729871060338598
-0.00495736826527133 0.00316631102912859 -0.0205944652741616 0.12000364886557
-0.00740137218380349 0.00560493572066746 0.0415041575136274 0.108017370209894
-0.00862282249613636 0.00899855138109516 0.0763718684679289 0.072724888849366
-0.0148570378518236 0.0114549771230385 0.0936837266390709 0.0253179626634282
-0.017818031330824 0.00861350182276589 0.0940394698244111 -0.00581444031516565
-0.0212484964449204 0.00368040464096072 0.098688458674862 -0.0233434199433703
-0.0216793920148118 -0.00541848989549091 0.104780057547279 -0.0103163224020567
-0.0126053519369709 -0.0133617230290629 0.100045628690977 0.0091626517204213
-0.0136350466042891 -0.0180886163844903 0.107453569690167 0.00348952336089181
-0.00747540904553948 -0.0284626204640037 0.124490943628774 -0.00908697728692227
0.0170597722119707 -0.0325286771550188 0.150898325443666 -0.0447695049503307
0.0537295248745853 -0.0294413423737093 0.0923317138860593 -0.00649519065019308
0.019775997726768 -0.0245116672560362 0.00402137051720226 -0.0411609489432956
0.00752777182615863 -0.0156216987638248 -0.0728133077078991 -0.00626517448119126
0.00554507021367486 -0.0204670861498984 -0.0915042185240842 0.0679830461677389
-0.0122743051703275 -0.0277316643121288 -0.0324757572725466 0.114539088953866
-0.0290695960134373 -0.0174899903480424 0.0276909406108305 0.110154052995538
-0.0369119537919079 -0.00572562646058743 0.0648900160099472 0.0763578901910591
-0.0480026098128345 0.000886192015244354 0.0820820906674722 0.0277152363524217
-0.0525680566916011 -0.00133180375385542 0.0798339079798407 -0.00655766570583497
-0.0593805051746821 -0.0109397511680025 0.0825063995522544 -0.0314509963002319
-0.0580981654368668 -0.0348769122334662 0.0926825715947806 -0.0294814624347534
-0.0309178929333035 -0.0584478367546768 0.0977274475344828 -0.0080332241210302
-0.00277934362936875 -0.0704166686758193 0.107682401429334 -0.00276738659964805
0.0314865005058433 -0.0720725257829895 0.113617801525061 -0.00623739485501588
0.0658844711310776 -0.0572885723049177 0.130535657452619 -0.0337863870775628
0.100115780390085 -0.0283139566369762 0.0577675405732024 -0.00202415735454712
0.064584082999517 -0.0376281614980135 -0.0156208384354187 -0.0404818997345399
0.0414762160383023 -0.0428407865566329 -0.0886531151413213 -0.0111077305177037
0.016632637625557 -0.0549215537902899 -0.10000963956367 0.0619716550628345
-0.0209875199370046 -0.0595913143655531 -0.0449414730368244 0.104612689617864
-0.049258674322633 -0.0409973849046004 0.0108420395403025 0.10350761475863
-0.0615763772977967 -0.0204644364301091 0.0451597444352747 0.071817872517665
-0.0749339443557126 -0.00958766871552934 0.0592620555750768 0.0261086771153212
-0.0794608236857966 -0.0105178772757826 0.0537343243934895 -0.00792291151908497
-0.0892329557297659 -0.0215877635936523 0.0544270706472181 -0.0396802705559537
-0.089634815147877 -0.0554658625800512 0.06955454694157 -0.0509162714858986
-0.0516662765577645 -0.0918181425475932 0.0897257294688343 -0.0307470876301284
-0.00103291438353204 -0.113353183295521 0.106574226566625 -0.00943682350973961
0.059996198192466 -0.10895784240034 0.10087013573483 0.0026493110630826
0.104364294416738 -0.0750832114307566 0.0978140989378496 -0.0157762589112484
0.132716387334103 -0.0267876026344253 0.00705175761256987 0.00199458398068002
0.102592071553574 -0.0509255737647192 -0.0452330501633228 -0.0386428413616035
0.0694585025700635 -0.0730653460103785 -0.106761462863924 -0.0143260393804312
0.0212369642661355 -0.0898360972428028 -0.106688712819255 0.0515114889788251
-0.0314360235229244 -0.0855953773744925 -0.0575968858182459 0.0859861447193158
-0.06610374934104 -0.0576234724818041 -0.0100907449505188 0.088304223006631
-0.0788487933319926 -0.030743211723334 0.0178274896374292 0.0620183605637287
-0.0905758495579993 -0.0187014412611357 0.02848941986249 0.0208795980419294
-0.0942332002634115 -0.0194202932636015 0.0199575450540983 -0.0109948331519903
-0.104258142392026 -0.0313737136621438 0.0211413196383058 -0.0471932345219253
-0.104999486064544 -0.0681379725576079 0.0412305334220556 -0.0692234989746364
-0.0616393367236873 -0.111289456350307 0.077605404494418 -0.0515813892762435
0.00268093070483507 -0.138542507907954 0.102736001725934 -0.0129742203954397
0.0813465444392113 -0.126817236051227 0.0870555458103984 0.0177981253794077
0.127970530179002 -0.0787081950034669 0.0552151466333435 0.00599658638677175
0.143738390604806 -0.0227983650501346 -0.0502706210649999 0.0092359547794868
0.121686525989205 -0.0586700408047339 -0.0795736964551394 -0.0288386791850434
0.0836033865436439 -0.0926855628416733 -0.120430655694361 -0.0139948594203284
0.0187631270046326 -0.110647420376728 -0.108023779892796 0.0357667365229969
-0.0401376415435571 -0.0976558760458567 -0.0727395079087338 0.0597314480556722
-0.0755443378967623 -0.0640170626748427 -0.0368849382647119 0.0674271432049765
-0.0849667642935798 -0.0349144433128233 -0.0159920332200882 0.047948235093214
-0.092158562983997 -0.0249413971983551 -0.00753569553838203 0.0126660385737372
-0.0937011426350805 -0.0275294397000871 -0.0153363477164563 -0.0174625726144054
-0.101377478955907 -0.0401156160743081 -0.0112118625867188 -0.0550424256613579
-0.098101177651143 -0.0774897705707432 0.0144201001475154 -0.083391499691089
-0.0522562851243068 -0.1158379833629 0.0662127060179608 -0.0673297148130183
0.0165887917367944 -0.138251934124718 0.0953692959774692 -0.0121956667011083
0.0957336333128045 -0.118934903847751 0.0689104915490629 0.0337822258796592
0.133853116444925 -0.0651407770956893 0.00800009260279579 0.0243826421600563
0.128283733634757 -0.0168884770878787 -0.103892723676142 0.0207141521853989
0.115027539011338 -0.0546672926326552 -0.108155014434567 -0.0107989293227945
0.0771064308089334 -0.0931031298940952 -0.124503121900312 -0.00797645426076281
0.0118679479541041 -0.106072669352486 -0.103941118639245 0.0168456242644209
-0.0405501334445592 -0.0890783010675771 -0.0876203178176566 0.0316107418265245
-0.0706427141627515 -0.0582376241063541 -0.064578862751472 0.0459382135132401
-0.0771307524288245 -0.032032705345437 -0.0499259288839615 0.0335324197621876
-0.0799083203399117 -0.0273839176282876 -0.0414620353991654 0.00249616011297462
-0.078738464135663 -0.0323171933707551 -0.0472739334144775 -0.0274487750180415
-0.0813083784274562 -0.0452545712262413 -0.0347249961671557 -0.0662046342423586
-0.071702153044372 -0.0772421111737411 -0.00235524535105628 -0.0962577233072118
-0.0261511739419872 -0.104569571064025 0.0588485823538507 -0.0769980442392601
0.0366833515039309 -0.114176313369068 0.0859657543657995 -0.00868846270385852
0.101159381766385 -0.0881778521498364 0.0473528953681565 0.0426319764921578
0.122226333581953 -0.0395897083192655 -0.0369739988614348 0.0334404052779154
0.0911929059994163 -0.00622796093883809 -0.140489380902159 0.0348562031692519
0.0865567872909387 -0.0378584585908551 -0.123996290271325 0.00867343405701173
0.0555812619983098 -0.0698897535109535 -0.118884084892016 -0.00134814614670883
0.00578480933334898 -0.0764849391415177 -0.0978608372257556 0.000499872564398731
-0.0294893730261291 -0.0624867982577121 -0.0996646414779461 0.00990967735371887
-0.0506852034984873 -0.0421249757185674 -0.087636064383156 0.028667679723411
-0.05521928945636 -0.0249306046240592 -0.0772741156573137 0.0218567130506547
-0.0548883286702761 -0.0253979350984219 -0.0687579312897617 -0.00772392534475021
-0.0529064570975552 -0.0317382263542402 -0.0690001278478701 -0.0399111322398752
-0.0504030096456172 -0.0423704459796964 -0.0462674065278254 -0.0801517063328344
-0.0364810008522959 -0.0651087409421434 -0.00502902915449373 -0.106284685684597
0.00122369975067141 -0.0797671243169089 0.0590353948943443 -0.0811344079526983
0.0503106817732531 -0.0754421308979131 0.0749366959297072 -0.00670262530876745
0.0908768273014128 -0.0460864074770519 0.0262478171081673 0.0421368096264571
0.0918321354265537 -0.0100553642274953 -0.0728979228424411 0.0299232711970045
0.0403908251241609 0.0107209673684082 -0.156103854646665 0.0456436151834778
0.0467453456082225 -0.00824226174331568 -0.124571671956523 0.0213031598767281
0.0299377399052204 -0.0304105180888329 -0.10938214688319 0.00173606234832633
0.00521784518790665 -0.0325890341475549 -0.0932428216011414 -0.00887124544474528
-0.0076213907466198 -0.0265061892073918 -0.106158397608835 0.00170624735853904
-0.0194451085518297 -0.0226399512597479 -0.0988742847924301 0.0209039252163024
-0.0236232742568702 -0.0165862587053622 -0.0929360529470024 0.015024460201233
-0.0217113846200946 -0.0184012761402399 -0.0842374604918631 -0.0161119534896254
-0.0221001496661347 -0.0230554009201481 -0.0791438786038487 -0.0528469458747684
-0.0179129597724896 -0.0288250736489504 -0.0462037238409491 -0.0928870965404623
-0.00763790027406192 -0.0417156109372155 0.00257419749570262 -0.112629870773199
0.014518737175718 -0.0464996414041125 0.0635257351905855 -0.080834812487907
0.0467384518517952 -0.0355940492204604 0.0671153331203947 -0.00742415615950038
0.0639550972021486 -0.0079599185082142 0.0109654013785098 0.032927323343554
0.0492639326248588 0.0146964490968191 -0.0931436850739819 0.0172444749836461
0.00130429209907306 -0.0267372918382477 0.110981983225612 -0.0247186176362785
-0.023761945943059 -0.00767483214868985 0.00728608748989029 -0.0493401164228671
-0.0217964911463109 0.0103622763160541 -0.0684166491058829 0.000670489956295072
-0.00462395345658719 0.01042415929029 -0.0822317745704722 0.0812791283233093
-0.00525654800327488 0.00357987827981136 -0.0119456262656557 0.123950415812609
-0.00754742967507102 0.00635710297375217 0.0508209570939493 0.106942406334794
-0.00826317014401757 0.00965889994656958 0.084609099299822 0.0686305993155269
-0.0140892341923809 0.0126825631392228 0.0982830637971161 0.0178326143083898
-0.0172720845787574 0.0107958144275853 0.0968276875632748 -0.0134500595908439
-0.0216667108981087 0.00577937361111346 0.0991400715857124 -0.0313398182961829
-0.023054466756085 -0.0036874611717309 0.106714179158578 -0.0183636760990855
-0.0141158940612344 -0.0129527827703322 0.104013460997074 0.00279112359872289
-0.0150148380052572 -0.0173148478585155 0.111005975218688 -0.00453323415507729
-0.00972264939109944 -0.0286506441051179 0.127193057460955 -0.0176808717526017
0.0147786591347251 -0.0348219163938043 0.152056368116009 -0.0558057614051838
0.0529499754013722 -0.0347985784527261 0.0950890592014801 -0.0140309117834269
0.0183704026528262 -0.0262628674836716 0.000931529555345736 -0.0430616759726007
0.00633674732211947 -0.0161970843320193 -0.0761804939398674 -0.00148652732118114
0.00414962125246039 -0.0214073908496227 -0.0895768278129724 0.0763640306160245
-0.0154902978498948 -0.0273916246852601 -0.0252478623503003 0.120017920187711
-0.0307794644793532 -0.0157006054638749 0.0367638578064685 0.109956413708483
-0.0385974021390912 -0.00275788262716642 0.0727597066895482 0.0727021255234941
-0.0494141068817903 0.00481129769563541 0.0867786498661969 0.0217856089958038
-0.0546927790165053 0.00337956526091906 0.0818187409311332 -0.0128432043024512
-0.0622070061360853 -0.00614611637394284 0.0816259932622784 -0.0389583770315621
-0.0624484761418001 -0.030972516626719 0.0927190684774916 -0.0370773506631815
-0.0369567423954782 -0.0578375434740792 0.100388613498578 -0.01536380358278
-0.00843192455735263 -0.0718588348692451 0.110812532125182 -0.0105534092137009
0.0265650849735471 -0.0765558171985858 0.116159890457843 -0.0141642421564264
0.0634749536935556 -0.0645055601928994 0.131866587462429 -0.0436650475052709
0.100338302003858 -0.037726367494393 0.0596284908501123 -0.0069657083877503
0.0636095573091544 -0.0434320159463585 -0.0182579139975706 -0.0415336851467337
0.0387507165284419 -0.0464822026869211 -0.0928852250280872 -0.00581864186338231
0.012717172772776 -0.057590623834368 -0.0989383268466359 0.0708975627829612
-0.0264645328180647 -0.0585414588687364 -0.0383692084173409 0.110110238075549
-0.0533522209081987 -0.0374508844434661 0.0195656803788334 0.104636666938582
-0.0649573190315664 -0.0156112369233009 0.0515512951448612 0.0700184340132919
-0.0777246524988048 -0.00364303917535285 0.0635969970173707 0.0217121596359996
-0.0831667979180112 -0.00353253413589649 0.0550975964948906 -0.0122065809992759
-0.0937970522609719 -0.0145372441504438 0.0521427999274489 -0.0445788957002407
-0.0957677167439298 -0.04888259075918 0.0671217787997028 -0.0571564901164513
-0.0602613941608014 -0.0900422874744882 0.0908088737548695 -0.0381861292685317
-0.00965878033421928 -0.116531562550212 0.109475845699804 -0.017607570807219
0.0528118698816502 -0.115966149980264 0.105120314327164 -0.0041020579720788
0.101855740579588 -0.0854378724004814 0.0998102287135945 -0.0228069523874214
0.133653011693134 -0.0380303735949139 0.0086835699270966 0.00105421336062219
0.101522416336599 -0.0598814277138875 -0.0484986605760275 -0.0373773870931162
0.0655670410131572 -0.0795055351536523 -0.111586404286714 -0.0074651750382107
0.0145816792715657 -0.0933740082794828 -0.106516541296888 0.0601277267770009
-0.0394696625487879 -0.0848234148159719 -0.0531946849904839 0.092121949753557
-0.0725825895453421 -0.0531093135086669 -0.00369197141379705 0.0913523916662424
-0.0831059237687519 -0.0248364154991861 0.0225358734295204 0.0621491338442517
-0.0944483464021767 -0.0112419969346076 0.0307111632804864 0.0197993571645195
-0.0989688409945266 -0.0118995221929518 0.0203192530214984 -0.0128611087043771
-0.109799924896551 -0.0228219975731212 0.0177283599513194 -0.0494375935615307
-0.113402642817532 -0.0607142607841991 0.0359079497546424 -0.0732164718268832
-0.0723131151085291 -0.108580598201626 0.0767886540510408 -0.0588499480617643
-0.00771615437410391 -0.141286153753579 0.105313261820537 -0.0213859377483457
0.0725445815816664 -0.136725581137214 0.091758554491065 0.0123129644694089
0.125911881390346 -0.0909699917622383 0.0576506799198027 0.00220419114665324
0.145698535151704 -0.0350387586866458 -0.0499603827740593 0.0123501490772021
0.11990791655616 -0.0691248017865364 -0.0821204014441502 -0.02444020992202
0.0775655535911605 -0.101247570450391 -0.125274625801071 -0.00551002271348824
0.0106004644106594 -0.114546807680509 -0.109152887522914 0.0446824047962081
-0.0497366347710378 -0.0970384337423149 -0.070800921181795 0.0673902772458246
-0.0824253532961116 -0.0585632414960942 -0.0323383436506472 0.0721231684563363
-0.0894201498222464 -0.0284100876761154 -0.0125855182119035 0.050387195387511
-0.0963290130570174 -0.0178377928967821 -0.00665846224240613 0.0138515055767203
-0.0993796068737605 -0.0194715940411343 -0.0175467835568888 -0.015884168929762
-0.107746442443131 -0.0318174754603393 -0.0155356689062212 -0.0546453499997024
-0.106276196708113 -0.0698980446918172 0.00733611018427686 -0.0860497103549303
-0.0631527639840648 -0.113750624006021 0.0633253253927587 -0.0731374195054748
0.00619906656078503 -0.142435729641488 0.0981434289314988 -0.0199776017445491
0.087904626838037 -0.129482937841425 0.0749034384147565 0.0293893553436227
0.132981958796695 -0.0779011238407159 0.0110323151654592 0.0245968155360437
0.130498017624111 -0.0282566109703606 -0.104494194638945 0.0294328435280695
0.113493974566909 -0.0652755613304214 -0.110306739927685 -0.00407985974878052
0.0718923821611831 -0.100445078293834 -0.128557439464198 0.000935189978493772
0.00361500686485733 -0.109387125018407 -0.106455890344714 0.0248979313430605
-0.0491365646533582 -0.0876255457053441 -0.0885223583676072 0.0398188797655578
-0.0773751965499045 -0.0525247715417987 -0.0630649902938082 0.0522724616623681
-0.0814957707843226 -0.0261199497458171 -0.0482401967644034 0.03822065246037
-0.0836130909274726 -0.0215758653261788 -0.0430490939232437 0.00665401175316652
-0.0838355300955178 -0.0265848860509591 -0.0503376828149993 -0.0234756296118481
-0.087102872360053 -0.039491948941746 -0.0408857688524206 -0.0643406067703775
-0.0793458144336604 -0.0720693923291202 -0.0106759454158074 -0.0978084587867547
-0.0351375625454549 -0.104829777375523 0.0552315484030237 -0.0831354612175628
0.0291157501540066 -0.11909174835563 0.0888834234167562 -0.0154283390414076
0.0958921188218714 -0.0981118807752913 0.0532600221270928 0.041009282748022
0.122630555147363 -0.0504472272376568 -0.0350274252980355 0.0371759942732845
0.0934849114983919 -0.0136264078903202 -0.14232815452843 0.0462551634582129
0.0856580258039565 -0.0453398543498139 -0.125181972651358 0.0168391511242271
0.0516629311800886 -0.0751765727422128 -0.122350736414558 0.0062425850009869
-2.82116268716792E-05 -0.0784435988088292 -0.100748146755327 0.00724589439018289
-0.0350263045730269 -0.0617100590445721 -0.102525345194829 0.0189049581264763
-0.0554618432282084 -0.0382677194499692 -0.0875479172785865 0.0367822928205074
-0.0585668355723855 -0.0210606283439919 -0.0784411077830434 0.0292166675379647
-0.0582588418905555 -0.0214173059757018 -0.0712856408390518 -0.00181728673292938
-0.0569153099404945 -0.0274603457133905 -0.0740150817239512 -0.0347739195566364
-0.0549236555869099 -0.0394935456219913 -0.0541759295071675 -0.0782611657692621
-0.0427401021661162 -0.0640410468034029 -0.0144197339868103 -0.108058547148756
-0.00492914981214682 -0.0812392854332273 0.0546596218106116 -0.0873929215261391
0.0457843338442984 -0.0799631492375959 0.0778661037967643 -0.0121448077194899
0.0890316933640641 -0.0541070705625332 0.0304217807716147 0.0410163041778092
0.0942883867755474 -0.01754068387429 -0.0723626865589829 0.0367025404413757
0.0419750311908315 0.00791522517032348 -0.156562774673949 0.057953780381818
0.04738157948178 -0.0123301445285835 -0.12601330072705 0.0289700661656327
0.028218071591861 -0.0333063476085028 -0.112699683587927 0.00963677891012581
0.00326448197497956 -0.0335203070258548 -0.0983821513456246 -0.002769427437388
-0.00930407465563638 -0.0269561742548496 -0.109301752441881 0.0108661968762027
-0.0216744806360498 -0.0213887228501102 -0.100757543478225 0.0289346445398256
-0.0257508242231349 -0.0148230886795774 -0.0950387117774772 0.0228205858445171
-0.0238292439301203 -0.0179366411146648 -0.0878713335284103 -0.00889717747806389
-0.024072759367565 -0.0212075956568027 -0.0857156191477701 -0.0467288716832177
-0.0206517464776271 -0.0283645211139825 -0.0549804380046727 -0.0910372358245772
-0.0108421364259888 -0.041949529946159 -0.00624537189103752 -0.115421527307016
0.0115824667605126 -0.0488880759341298 0.0598413947590263 -0.0868946886389383
0.0450364756920969 -0.040061167496537 0.0692723665433575 -0.0122327170219722
0.0644768850083647 -0.0128943985865814 0.0144183689363969 0.0333204781424042
0.0509984252463239 0.0112795280465206 -0.0938150788568013 0.0244723891563501
-0.00125961468697519 -0.026807403988611 0.107037251799782 -0.0325380812591396
-0.0235987594910256 -0.00579229772325387 0.00322279870751499 -0.0498996600361796
-0.020056154764288 0.0116427814640961 -0.0675568738576209 0.00518109058489504
-0.00373248963930282 0.0101347150576805 -0.0751351550912012 0.0852851665229192
-0.0052555046739199 0.00401675655924814 -0.00344009042009928 0.121277663874388
-0.00641999995761107 0.00645192618676304 0.0577795281083189 0.10028719545263
-0.00711852462976958 0.0102936538396733 0.0874898755601604 0.0603318284509934
-0.0127945653488158 0.0133534258350927 0.0978068412671545 0.0100493629420915
-0.0163817656028401 0.0124604961397118 0.0938640677395344 -0.020877384435985
-0.021489592151888 0.00710556694760316 0.0947027693931183 -0.0379961943854683
-0.0223800912061679 -0.00203758456058055 0.102885786747025 -0.0254943407422259
-0.0145651896919327 -0.0121162942927381 0.102967233575606 -0.00434621882003889
-0.0159657953128852 -0.0159220320868804 0.107644474250783 -0.0116417318870819
-0.0113290515252866 -0.0272603182728618 0.123333572164126 -0.0253629665504917
0.0121069422157622 -0.0353638051597784 0.144984696675421 -0.0648814863892259
0.0488513167281506 -0.0385704684247494 0.0922385375259218 -0.0211514916894049
0.0160191559861116 -0.0271639871010357 -0.00178536804382019 -0.0428552784499157
0.00549878747241538 -0.0157812342869628 -0.0753957585746231 0.00329977713714852
0.00239995067300687 -0.0213838248673304 -0.082587898160403 0.0815221458768047
-0.0174701657864496 -0.0254138534077198 -0.0161042655623027 0.118594231330754
-0.0312981306826327 -0.012567800276822 0.0436526888730072 0.104735784793253
-0.0373099622592529 -4.00827189554289E-05 0.0764456448430063 0.0653534714142417
-0.0481654862125375 0.00895882076961513 0.0872396315627211 0.0142494788306581
-0.0530727375906773 0.00773696451185849 0.0803334567684947 -0.0186459291720724
-0.0621796724114815 -0.00137582146501395 0.076865278958908 -0.043378189737153
-0.0632080182532181 -0.0255983503902437 0.0875087514425348 -0.0429713075039702
-0.0398369251093529 -0.0534690994150819 0.0980272397408455 -0.0213992894039649
-0.0130933844488766 -0.0695397131792333 0.107487919936285 -0.0179345621776766
0.020454515875734 -0.076266435511631 0.113556451120205 -0.0212021259073111
0.0581991869024555 -0.0672608822444449 0.126578079841471 -0.0515167979310945
0.0945673821585746 -0.0444416140762597 0.0586518456623149 -0.011991801504108
0.0585321893570461 -0.0466846641099246 -0.0206023658833684 -0.0403059346643609
0.0348683556215069 -0.0475701011722474 -0.0913228675976815 0.000677151804652738
0.00768823670962117 -0.056469278398575 -0.0918796115086604 0.0762342203679139
-0.0305317690146196 -0.0551773279849796 -0.0303029548420769 0.109704887194231
-0.0547401697279597 -0.0316742535519212 0.0264689154786735 0.101022104570587
-0.0644681520168273 -0.0100633380948763 0.0558061218949525 0.0643949731158081
-0.0761944182169319 0.00284263423362719 0.0637220552385368 0.0165902617932111
-0.0818488162018274 0.00336551760161381 0.0537421516865878 -0.0162253815958144
-0.0929112126303637 -0.00642175525917669 0.0478456976052897 -0.0471508439269255
-0.0974126854071762 -0.0395680981487756 0.0607872971897658 -0.0602295008080615
-0.0656784045560164 -0.0830516598149462 0.0864511024720097 -0.0432469114402487
-0.018011075504929 -0.112704227082993 0.10656626155654 -0.0253442807629093
0.0425784488180094 -0.117069703495906 0.10362024358463 -0.0106068347599179
0.0937109390183488 -0.0905815030969992 0.0969587253737903 -0.0295302163669723
0.12788270164165 -0.0473997094186549 0.00932932923800596 -0.000956636537837214
0.0940331302639203 -0.0657862010636783 -0.048453962844907 -0.0343156012305055
0.0588398554945797 -0.0812248627098594 -0.10992130648342 1.54838966913799E-06
0.00699355575405948 -0.091813901894763 -0.100678579506592 0.0660704512967166
-0.045286321156052 -0.0792039433764429 -0.0457852293008986 0.0943458717417822
-0.0744557024232336 -0.0453354017487191 0.00310819321996224 0.0892463958282341
-0.0832405798413656 -0.0169977857357355 0.0268511862712377 0.0586704914473415
-0.0930996477174386 -0.00358567907891526 0.031318054039177 0.0166130574151098
-0.0974355131988305 -0.00319527954979866 0.0191714559771205 -0.0140219887658089
-0.108983776208184 -0.0133426013174917 0.0141007218334261 -0.0489448725161342
-0.115382974066441 -0.0497301385067994 0.0293388713111189 -0.0736991237293195
-0.0789517745186558 -0.099998573270163 0.0715015362839486 -0.0619378829304737
-0.0184751310766809 -0.136903064269326 0.102704129974454 -0.0281875850368941
0.0603270829325477 -0.13786856237955 0.0909334382539693 0.00586442048395188
0.117225069366823 -0.0976749503388203 0.0573686066243642 -0.00267278076542958
0.138807503939037 -0.0455974235322123 -0.0471923422368915 0.0151464222817761
0.111947327710161 -0.0762506030570454 -0.0802283943443594 -0.0203080688794545
0.0693290539377987 -0.103595057268115 -0.122968319737472 0.00234834045060773
0.00150600198860189 -0.112453917402852 -0.104359404986025 0.0512703888938279
-0.0554752596349373 -0.0897774994609733 -0.0648792525955575 0.0706830931440494
-0.0845189454588203 -0.0496875248934509 -0.02653519410488 0.0726551365477467
-0.0898441172145231 -0.0198378308570062 -0.00863830546500055 0.0503500353879126
-0.0959726185493258 -0.00956596011204256 -0.00542762864127979 0.0145351177592289
-0.0986651126014645 -0.0111737439104357 -0.0180951282347749 -0.0139082424636568
-0.10794138311998 -0.0223167183817301 -0.0193715644558229 -0.0512872842008704
-0.10997463691837 -0.0594105304722019 0.000209896833269881 -0.0832959730622469
-0.0697938765322139 -0.106238679122976 0.0573065352678655 -0.0755050775055096
-0.00397711547848067 -0.138813900864921 0.09583508061006 -0.0270799405059412
0.0753865577180454 -0.132470431701061 0.0758141060762513 0.0236863659916342
0.124264496952869 -0.0856167680846965 0.0127462316718587 0.0229464815422423
0.125325005040698 -0.0370589935541672 -0.0992483633461496 0.0349612715277654
0.106085611918632 -0.0714542663339267 -0.106919092045175 0.00194376832820731
0.0625693163518235 -0.102730162289495 -0.125584819771963 0.00868262258134614
-0.00467417314047794 -0.106429222050688 -0.102862847765525 0.0312693666653512
-0.0545645902921042 -0.0819199723883818 -0.0841462161783569 0.0456755705784675
-0.0791105656527384 -0.0445950724441078 -0.0576717358823544 0.0555301835300994
-0.0811659108039853 -0.0190145103409222 -0.0444323325053615 0.0409131096788876
-0.0834246440378486 -0.0143495719140393 -0.0412221339480604 0.00982860580777525
-0.0841155622266595 -0.0189639541989837 -0.0506814383737393 -0.0183464279629799
-0.0882172527392493 -0.0317564408905894 -0.0445218351269244 -0.0588011609180153
-0.0827731309728954 -0.0636126698849443 -0.018458492174412 -0.093556992919733
-0.0418004789434727 -0.0990213721466026 0.0482961413095365 -0.0844698547830761
0.0195857324719044 -0.117732427477983 0.0865433343216496 -0.0219611954897022
0.0855683479725964 -0.102553838593806 0.0554379760582679 0.0359329650419144
0.115926659202104 -0.057766782681429 -0.031432333640295 0.0387424627438724
0.0896366735714815 -0.0203699582037559 -0.135840787483383 0.0550351327093877
0.0800029837542164 -0.0504540738409261 -0.120541519017998 0.0232804219775249
0.0446229886281835 -0.0765224039005077 -0.118593105441764 0.0145230513600357
-0.00546477684934577 -0.0765923105536824 -0.0991180750864955 0.0138563314849295
-0.0387040075722915 -0.0573454472361718 -0.0991842731740564 0.0259460962071125
-0.0572082656525062 -0.0325684110016135 -0.0828504825357277 0.0430779016552911
-0.0587913679437382 -0.0152875543048337 -0.0744880916492333 0.034980649600997
-0.0578294189777799 -0.0165386855271437 -0.0695422169625178 0.00475227695581715
-0.057642565303552 -0.0222318052870559 -0.0748801795075791 -0.0272894013891591
-0.0567926142637205 -0.0336059637267544 -0.0580537167498092 -0.0716249368692709
-0.0462831153607175 -0.0575777992838282 -0.0223323149297191 -0.10413482923201
-0.0104176931615991 -0.0782926166527385 0.0472007401182562 -0.0884853403018928
0.0389185262543343 -0.0807669855654267 0.0766992199184415 -0.0175980645727394
0.0823426397273004 -0.0587685038203767 0.033506312987216 0.0379484424042177
0.0903967889983331 -0.0233744742008284 -0.0673003829980274 0.0408828226262096
0.0418550761770824 0.0041916634356134 -0.149611144207118 0.0677668637145149
0.0450907556693571 -0.0152706711846911 -0.120806803255097 0.036653263591403
0.0250749984055785 -0.0336243189814524 -0.109010287904745 0.0163999284771676
0.000544150189930137 -0.0332839139478079 -0.096841028160299 0.00407439087715339
-0.010952953094888 -0.025352406769348 -0.106232098925392 0.0191370602747809
-0.0229957594300238 -0.0181882467113716 -0.0961729710439426 0.0361213988752939
-0.0260430957129853 -0.0122967520099175 -0.0918180209254572 0.0302873216499625
-0.0247577128777994 -0.0159909725968045 -0.0863311427790856 -0.00180230190749
-0.0246671090653418 -0.0186470377939824 -0.0865867369698772 -0.0379970364071596
-0.0218118394160945 -0.0257637931444404 -0.060289166416275 -0.0843370202034292
-0.0142476939950095 -0.0397486745567847 -0.0149588240544284 -0.111425830974099
0.00790091367318277 -0.0484420979049342 0.0522289453118271 -0.0883889785637988
0.0411731807056003 -0.0412828879799408 0.0679565233669312 -0.016691627831457
0.0621174903965718 -0.0172201787989804 0.0168907780654467 0.0313102713429281
0.0496437202638956 0.00745232190162038 -0.0899021983270099 0.0309183100639405
-0.00209038478425752 -0.0257290126243504 0.101639224748871 -0.0349979500810314
-0.0220204682673471 -0.00485401768990972 0.000777805496960711 -0.0478848570113632
-0.018105710952786 0.0118633703562541 -0.065272477090112 0.00634694142390478
-0.00304808517239437 0.0094091460914343 -0.06869183014663 0.0837850769546588
-0.00521867631566805 0.00380663081751789 0.000517226393107481 0.114964512737324
-0.00551112107403282 0.00664046374957883 0.0586699310412637 0.0927639553845808
-0.00644532970143494 0.00972678375683197 0.0863575291904324 0.0537597187889133
-0.0116792431319449 0.0129775572916194 0.0941463793641454 0.00538120566836332
-0.0153370128036853 0.0128085338232102 0.0891932362953163 -0.0231759135392631
-0.0206101489967672 0.00831997601875309 0.088880518849299 -0.0388340731602618
-0.0212612302696218 -0.00131032171685742 0.0971998228148156 -0.0277417616370513
-0.0144257196900825 -0.0111853373297456 0.0982221213394986 -0.00755313031576584
-0.015924694878835 -0.015079341971362 0.102404308526807 -0.0144781454103792
-0.0112768975628159 -0.0252257632859943 0.116133220786262 -0.0273542478777103
0.0106750183271674 -0.034362035546891 0.136526244066698 -0.0658895898436968
0.0450559632617138 -0.0384850837523017 0.0875829199268445 -0.02417763054405
0.0147539112643014 -0.0262376415484053 -0.00299328505554958 -0.0413198544347976
0.00478162098278599 -0.0152424146551216 -0.0724425054236502 0.0053367622547397
0.00148645588347656 -0.0199949184230692 -0.0762676101595868 0.0797690066687164
-0.0177752011766697 -0.0233265559136278 -0.012266202465495 0.112603379038894
-0.0301082719028026 -0.0105102814461482 0.0460167874834698 0.0972975755368174
-0.0356364428847843 0.00158677497134582 0.0752704852146747 0.0590812397214487
-0.0454019698023383 0.010208199257853 0.0833165833137772 0.0103037924590908
-0.0505283393382113 0.0103971400140761 0.07585676473972 -0.020762288294159
-0.0591088958576666 0.00205549332413941 0.0720120815128418 -0.0436138290842305
-0.0612857715356816 -0.0217774670795653 0.0816002136513428 -0.0437295655164497
-0.0401920685857334 -0.0499077753119911 0.0932704376535367 -0.0241127137337952
-0.0151022036464666 -0.0657826559337093 0.102052392170429 -0.0205458226799085
0.0167295697831888 -0.0730246902762428 0.10771564223263 -0.0232650263616624
0.0533341571868723 -0.0659794234071049 0.119179714963578 -0.0530331354361203
0.0880253931261525 -0.0458885480071371 0.0562298298559596 -0.0143694514198704
0.0541920006147337 -0.0466421122825896 -0.0195925387914876 -0.0387375441723103
0.0314423869359258 -0.0461676471669872 -0.0875346266928278 0.00298186660727006
0.00537196414334073 -0.0544264451049778 -0.0858029832971622 0.0757455525824265
-0.031068254206969 -0.0511496668806095 -0.0250690490760219 0.105173928326567
-0.0531277108197653 -0.0269771502910677 0.0292538697195134 0.0947291609422371
-0.0614156379090293 -0.00686286080738603 0.0560281799307134 0.0585735417349483
-0.0721672843917118 0.00598475531979568 0.0615513384897304 0.0138672894649112
-0.0781565236781168 0.00706181018035613 0.0507563020737302 -0.017221174209318
-0.0891655002012111 -0.00198723958772548 0.0444828187662409 -0.0462856638278802
-0.0939996131152232 -0.0339629106848661 0.0555482756274209 -0.0592840592654283
-0.0655684681048912 -0.0762200396996275 0.0820431750305401 -0.043694380210214
-0.0213900432628687 -0.106018233870187 0.101223702594096 -0.0272491041623991
0.0361909730824173 -0.112415038423676 0.0988387911689893 -0.0134544920231475
0.086827535238943 -0.0893577872208273 0.0917257060325503 -0.0317722349376245
0.118946710635165 -0.0503263395946218 0.00955084014101851 -0.001980394752917
0.0870995613371611 -0.0657620853123414 -0.0467554640696508 -0.0328224144897672
0.0530971829055758 -0.0790654779260593 -0.105273227293578 0.00297291100790206
0.00360658605982445 -0.0874654324464878 -0.0943776853122008 0.0665250740668461
-0.045901287347966 -0.0733284277985197 -0.0407805450237553 0.0910260826106565
-0.0722011725679551 -0.0390995362014244 0.00620691320484251 0.0843247293361573
-0.0795330175974666 -0.0121132657460407 0.0273552760499562 0.0540553069130014
-0.0887320295851738 0.000568544091452979 0.0308851156969743 0.0147704648094469
-0.0930092493230648 0.0015316866027888 0.0182925875747729 -0.0137511461308997
-0.105499911385513 -0.00779828201212704 0.0116631969202437 -0.0465120429872118
-0.111451987356876 -0.0424619998845879 0.024676510276939 -0.070672065454045
-0.0788734290001562 -0.0923204215756556 0.0668310052901478 -0.0614573676100379
-0.0224250582406827 -0.129038996726289 0.0978572045532564 -0.031046743771297
0.0520339724410633 -0.132830345769057 0.0884211393923428 0.00294476326171869
0.108104595452225 -0.0967267571943136 0.054760108552828 -0.00463178948076535
0.130321019544985 -0.0488909077920798 -0.0438162880177623 0.0151898067140621
0.103299273193897 -0.0766696130294592 -0.0762868487457573 -0.0179735165495741
0.0619692336539773 -0.100574163038689 -0.116792047189824 0.00573719750913201
-0.00245489953807244 -0.106559362916481 -0.0980429296694734 0.0521433825746797
-0.0567517019603301 -0.0833166753255948 -0.0595278450832166 0.0699025917091168
-0.0823132982461692 -0.0432137062658257 -0.0227997439071755 0.0703595973805058
-0.0861078218774622 -0.0147526661273038 -0.00655437362585641 0.0478898341778712
-0.0912013843098986 -0.00549564833326886 -0.00442745774841652 0.0140376683505697
-0.0943742737392558 -0.00590958743828277 -0.0169868042120518 -0.0119580607085291
-0.103971607148405 -0.0166274914699608 -0.0197209309892451 -0.0476640737982602
-0.106619046743487 -0.0511948473415705 -0.00345954885956774 -0.0789055017780003
-0.0704929177440595 -0.0977885937803197 0.0521884891630328 -0.073633251781539
-0.00910046901457308 -0.131185347828729 0.0913741967895657 -0.0291376983674112
0.0662452835852663 -0.128385460108223 0.0740128593414158 0.0202292583766923
0.116219783642156 -0.0857338754822248 0.0134557029808234 0.0211489811879834
0.117618644767389 -0.0400920015976102 -0.093300172180962 0.0359631262562004
0.0983144398362793 -0.0721044295853505 -0.100884929580566 0.00335412672184302
0.0566073269040068 -0.0991365768317587 -0.119223722089121 0.0116699519346797
-0.00819892115374099 -0.101256959208544 -0.0976534992855193 0.0330650473249211
-0.0549121806932505 -0.0753567780740044 -0.0785733651827646 0.0469735132972888
-0.0769218919666354 -0.0385589249170806 -0.0527774140219362 0.0552987677861196
-0.0783739025428246 -0.0143360245592451 -0.0410787390216517 0.0414599697338808
-0.0801457973175607 -0.0101942383371176 -0.0392489565010693 0.0115681899626652
-0.0804768297306402 -0.013968842358312 -0.0489359939324466 -0.0151745835927636
-0.0851866409106472 -0.026019283567334 -0.0444634556146669 -0.0537831192788819
-0.0815445665097753 -0.0563790194422752 -0.0208611190411134 -0.0876901660578705
-0.0436737199798847 -0.0925017324197333 0.0436434722719408 -0.0817388882541868
0.0146351806097893 -0.111945961670994 0.0829005381362594 -0.023952971794575
0.0773159181155687 -0.10005580343375 0.0549701450545647 0.0319558223343425
0.108410924713302 -0.0590874335712377 -0.028244290226108 0.0375333579182038
0.0851051630179267 -0.0233359245011475 -0.127305190153415 0.0564440503892697
0.0743789007113844 -0.0506085319541275 -0.113762532824865 0.0246870572032566
0.0403701496976437 -0.0736393538081957 -0.11248861408374 0.0169004420668419
-0.00841366896082251 -0.0727319772511865 -0.0953052308778035 0.0165637584752142
-0.0389990032446177 -0.0530048173670577 -0.0936938983890332 0.0289745508372684
-0.055395107287874 -0.0275531608104771 -0.0777254476166351 0.043822265657951
-0.0560232373084827 -0.0119551881939953 -0.0691826329595801 0.0362195681284204
-0.0561477648283122 -0.0130003216269548 -0.0669685798230383 0.00711360785033523
-0.0552297749144443 -0.0184751475743766 -0.0716292744187055 -0.0224159810144521
-0.0552042125948926 -0.029634467205388 -0.0579589278173304 -0.0650054292465965
-0.0463257817079421 -0.0528200685587343 -0.0252506297482277 -0.0975622549195934
-0.0128497392494766 -0.0738256833417131 0.0421717889624591 -0.0853972175403682
0.03431232886686 -0.0779308449790702 0.0731284450797905 -0.0187505012154848
0.0759017235185025 -0.0585933425161974 0.034241014831521 0.0343621009639918
0.085571860022159 -0.0252532403558774 -0.0627133925336829 0.0413914633124236
0.0398009482063235 0.00227406938287718 -0.14141304615488 0.0691118620591824
0.0421781887032799 -0.016122040522914 -0.11355308596833 0.0371127600282856
0.0224304886787433 -0.0322127875795346 -0.10350938203411 0.0189950852119854
-0.000670620522955362 -0.0317745264480948 -0.0926327077837143 0.00726230862065224
-0.0112557311497935 -0.0235854920886111 -0.100649914065201 0.021870821565424
-0.0224430376164973 -0.0158829088052537 -0.0910616453149629 0.038629817910921
-0.0251067941812215 -0.0104789479720074 -0.0864030225192844 0.0321177415837148
-0.0236855587752601 -0.0145598606949869 -0.0832050120286182 0.00221219891428572
-0.0241700379522748 -0.0170918241780171 -0.083838508431369 -0.0320121124123925
-0.0215831154524409 -0.0238958102506024 -0.059802174216355 -0.0778642854280982
-0.0149759639839474 -0.0366956726441588 -0.0187157278212155 -0.104719833967333
0.00572720580509893 -0.0462169314431786 0.0472806917415718 -0.086145084204406
0.0379697883250431 -0.0402985920498537 0.0650264915561165 -0.0181688159363994
0.0573266880799645 -0.0184591260019871 0.0179033139659351 0.0295094787789939
0.0474641204726466 0.00561939907734301 -0.0843649425372437 0.0337348738551265
-0.00211892722077652 -0.0250516941244974 0.0985995182906859 -0.0344740809848259
-0.0212447978670793 -0.00534236719873659 0.000843520405082943 -0.0462734417402808
-0.0172917959607354 0.0107634774827735 -0.063251013724598 0.00631373371658289
-0.00357813205748211 0.0089067805343728 -0.0672518209321933 0.0808690037185383
-0.00544230543435877 0.00358931523978215 -0.000857247364023865 0.110714335790441
-0.00564536316291999 0.00604569832849077 0.0565985576423864 0.0889552174370519
-0.00630617285429026 0.00926429500305131 0.083341180052765 0.0511793437807117
-0.0116249717801155 0.0124339324444887 0.0910142318937871 0.00490295939347443
-0.0150328185421719 0.0123553640506053 0.0866545042521014 -0.0225804914914372
-0.0200336938863391 0.00792530615410797 0.0861272768242909 -0.0373554536350103
-0.0207940357127309 -0.00172908771169086 0.0942660007372678 -0.0262003689182921
-0.0138426327877027 -0.0110035840461504 0.0955848305537393 -0.00654683634680239
-0.0158095323164132 -0.0142554149528209 0.099165483007252 -0.013005464944579
-0.0102316012823441 -0.0244674776619374 0.112986045650589 -0.0246785348181226
0.0100836406360169 -0.0332622006593915 0.132357071422272 -0.0622070566252116
0.0427828077119516 -0.0373707532927415 0.0857466196270742 -0.0240078446469644
0.0142343136152186 -0.0255041306855374 -0.00279716905573758 -0.0411904733836229
0.00539728149622664 -0.0144198014839243 -0.0700249964786656 0.00484544371490242
0.00128410293908838 -0.0194833546620007 -0.0749196045050275 0.0767410956573165
-0.0176766809330352 -0.0222206365954979 -0.012866856919048 0.108145415336821
-0.0289875002753837 -0.00996841248604699 0.0443745770756141 0.0932321430262403
-0.0343157411921657 0.00144276451022928 0.0730145143576391 0.0566470001182215
-0.0438706345946793 0.00980241383823343 0.0808615842988634 0.00947872731714763
-0.0493457591511071 0.0103525995901134 0.0737334175064445 -0.0202430860105399
-0.0572965852751989 0.00253115129950596 0.0700218435712175 -0.0411502096946119
-0.0588657555324103 -0.0211291865920163 0.079267331806351 -0.0413708335290545
-0.0386146662048267 -0.048189219557548 0.0910842116716627 -0.0221730407769352
-0.0145107022592666 -0.0630950960805703 0.0996463168792762 -0.0188889351735688
0.0166831587859065 -0.070178511394606 0.105072862188906 -0.0216171668663619
0.0523625321921889 -0.0635779873484437 0.116833973840535 -0.0499747422184729
0.0850600355986892 -0.0442801907451636 0.054712152802603 -0.0149162478482214
0.0521584679469121 -0.0447098819776367 -0.0188833989245154 -0.0394213408720649
0.0312494332444557 -0.0442609361920395 -0.0852510486070817 0.00223441270922812
0.00531917944028018 -0.0521940134825609 -0.0836508581203763 0.0724281838619784
-0.0302934180659831 -0.0483447833068756 -0.0250062566179057 0.100843865751876
-0.0511622097704893 -0.0255916920284564 0.0282520655322158 0.0905719313807855
-0.0593027382132648 -0.00611860768814628 0.0539171831795786 0.0563700451287608
-0.0700645394549494 0.00637437731039027 0.0592791984615589 0.0131378912879793
-0.0754572318091551 0.00748025712575848 0.0496661980819171 -0.0166626674898235
-0.0868464180316767 -0.00124832166051215 0.0435985773256291 -0.0438058534138851
-0.0909297271701407 -0.0322930534585829 0.0534150322811611 -0.0559508479017302
-0.0631054543486587 -0.0735250704128054 0.0803197454736855 -0.0418246506368465
-0.0199898795918541 -0.102147055753054 0.0987194686954663 -0.0258639303015311
0.0352689022586295 -0.108072753120799 0.0960878382112831 -0.0122352280838228
0.0851640851619675 -0.085997391629897 0.0888542591862965 -0.0307051290223786
0.114446634075661 -0.0483343666731062 0.0102358619513082 -0.00323879463595267
0.08349806520724 -0.0629504760048364 -0.0436706778085646 -0.0335095723996736
0.0519035253792746 -0.0758369516061859 -0.102137884280699 0.00183128237363464
0.00353242783432579 -0.0841787307923326 -0.0914004768233267 0.0635754766393087
-0.0445574994800923 -0.0701098789928124 -0.0399128643161748 0.0875368737272864
-0.0695427079126488 -0.0370829723548465 0.00674204742304672 0.0807446577820993
-0.0764038008136469 -0.0117878827736844 0.026394423383393 0.0521081384562546
-0.0858923276834997 0.000548197034022151 0.029939223755581 0.0144560792842219
-0.0903260917461449 0.00257323456160074 0.0178444787033568 -0.0129961322442438
-0.102003504971081 -0.00663719154248578 0.0120865309723721 -0.0450771348774698
-0.10764530128455 -0.0403002647132219 0.0240053141007217 -0.0669966045654071
-0.0760124262665057 -0.0887151299919256 0.0656543950898388 -0.0586515939065722
-0.0212949875927588 -0.124678449526262 0.0954979878780776 -0.0297646090324929
0.0503891014083631 -0.128262587007925 0.0864024299101115 0.00322862347997647
0.105704050350873 -0.0936260463939864 0.0534959634848229 -0.00443525222157778
0.12516990420957 -0.0465516215487144 -0.0417049884139845 0.0134759565974375
0.0995301317495503 -0.0732302105412485 -0.0729196949649165 -0.0195203331624299
0.0600184687822231 -0.096448123842523 -0.113805065011493 0.00427646857360707
-0.00236976275004887 -0.102771334870912 -0.095423347180179 0.0490804547535618
-0.0544617388344211 -0.08002911884169 -0.058207375102443 0.0670493711925399
-0.0792491752052956 -0.0411705280814652 -0.0216222129313246 0.0676905808706748
-0.0831335846697851 -0.0133682127269075 -0.00647397019853664 0.0465150400117353
-0.0882423874405503 -0.00424709206257736 -0.00471457808158436 0.0138270791780126
-0.0906195892406918 -0.00500446529760029 -0.0163752206557332 -0.0114594479131233
-0.100021578232498 -0.0148106895999956 -0.0181108075657814 -0.0458298386494104
-0.10265119665274 -0.0488277774344879 -0.00332064343045202 -0.0746956120294759
-0.068169526099701 -0.0938848624217204 0.0514374197304782 -0.0709952074351538
-0.00797594207491609 -0.125805008301617 0.0896210458093769 -0.0277750931929084
0.0644554224674884 -0.123236491719332 0.0729720036849352 0.0189578428235042
0.112922545685353 -0.0827399619364386 0.0132534948694802 0.0200266793188429
0.113295138359955 -0.038426427522509 -0.0896128562589577 0.0332519901161311
0.0949102099722721 -0.0686149341813707 -0.096943319271449 0.00156717880131424
0.0546531200600664 -0.0947648587113866 -0.115148359630778 0.00996558751043192
-0.00802346113499192 -0.0971800665896575 -0.0948327078898734 0.0315136112115794
-0.0535677999548793 -0.072761664208377 -0.0762980367981575 0.0448018120981623
-0.0737558036315438 -0.0362857235755138 -0.0505196159683544 0.0534526955123403
-0.0752285730632546 -0.0128608305684711 -0.039727966646307 0.0400751366668052
-0.0780334818441817 -0.00943585386634842 -0.0380070066642621 0.0119830650672257
-0.0779233306997187 -0.0133897903054409 -0.0466073168357447 -0.014141146218176
-0.0819438188783392 -0.0242639250358001 -0.0417782207749152 -0.0513995019836416
-0.0787326207350627 -0.0531782489619588 -0.0207235393075096 -0.0835418369557428
-0.0421199107535648 -0.0886146039990691 0.0427823038370376 -0.0777289444320425
0.0144248331923364 -0.107260057043407 0.0818454724857247 -0.0230089713138954
0.0744834933656381 -0.0963217994453515 0.0541748319077539 0.030975509884253
0.105118149563344 -0.0565969037495418 -0.0270942972755149 0.0363916141944039
0.0815854838770949 -0.0226704537256779 -0.123634058084292 0.053722945084513
0.0717532227742753 -0.0484537509557718 -0.109846779398717 0.0226076341173904
0.0397875875436289 -0.0709523129310247 -0.109292891305607 0.0148531431452144
-0.00808119506758452 -0.0701727316439249 -0.0925864661570326 0.0151399291311213
-0.0377290487731998 -0.0506982006766439 -0.0899995839713391 0.0273931318857849
-0.0530340632195213 -0.0260121105004834 -0.0751507370256503 0.0423938090600903
-0.0546903848075551 -0.0110491570682471 -0.0672981730948898 0.035342902183479
-0.0544368421267565 -0.0129631939300915 -0.0645329062037542 0.00799257922600471
-0.0531257148064877 -0.0181836670166703 -0.0691251618912194 -0.020688041977909
-0.0531837390901081 -0.0287087152266324 -0.0555949250274973 -0.0620053862266665
-0.0446132739040967 -0.0501752570798562 -0.0240304632378822 -0.0933966592770201
-0.0126651722274141 -0.0712245307653078 0.0419236289980676 -0.0820001611771901
0.0337084821717856 -0.0739974103179476 0.0716804132108296 -0.0181633004696885
0.073134313422926 -0.0559818781809649 0.0334208636902159 0.0333683910475512
0.0824528919529298 -0.0238663099072759 -0.0602379035610975 0.039301795711381
0.0382554017692744 0.00240287670015167 -0.137028061144517 0.0660797798920924
0.0412476597944742 -0.0153212044228854 -0.110588584266921 0.0346847208606947
0.0220406041181165 -0.030562031498456 -0.0997816186081835 0.0173810688561285
-0.000538589096400675 -0.0302710563906992 -0.0900702595620827 0.00644517347713789
-0.010917817720474 -0.0228811415036435 -0.0972661507250524 0.0209563993697516
-0.0209719839652237 -0.0147513058762288 -0.0878241640977186 0.0370803365308284
-0.0242809924180023 -0.00977407836038028 -0.0831449429543746 0.0322989348252288
-0.0235110828143251 -0.0135541930480283 -0.0801806355938922 0.0028089398729963
-0.0228595060685335 -0.0167683414587634 -0.0802435932339716 -0.0306010257307573
-0.0205763654797325 -0.0234307494828488 -0.0575880165628878 -0.0750896576612343
-0.0144789129572041 -0.0350812686076452 -0.0174032600711846 -0.100615419911014
0.00527408943250812 -0.0440994702061327 0.0462703345748354 -0.0823403850652574
0.0370052144596926 -0.0387075809755318 0.0637151610273149 -0.0169764250806895
0.0554177222971352 -0.0169882198545751 0.0171436445860854 0.0275552608683022
0.0457021852086996 0.00629379666116456 -0.0819193679373076 0.0313921003449942
0.000811359916663241 -0.0253356668117373 0.104390539609468 -0.0208073491854884
-0.0193859434682896 -0.00860979323880055 0.00853143122326781 -0.0478541441793478
-0.018287733774228 0.00782369290413201 -0.0641363373725037 -0.00531540641023721
-0.0053347165161001 0.00747098377125457 -0.0770734650637217 0.0696582390587894
-0.00671366286652738 0.00275587320386629 -0.0163495861087095 0.107664825840598
-0.00629154080963045 0.00432519105561027 0.0427675276544448 0.0949177994174913
-0.00742998903470196 0.00755877128969726 0.0770114470854629 0.0615683666317538
-0.0126765881108772 0.0103344054909748 0.0894963539617429 0.0185646184849466
-0.0161265651747261 0.00941043822098948 0.0898285082919348 -0.00888804066276671
-0.0199700605034715 0.00422558308423335 0.0913566023909202 -0.0223561473545971
-0.0195385222359388 -0.00616866752303912 0.0985363499538544 -0.00975003629515706
-0.0119559389737249 -0.0149781675577723 0.096814822555492 0.00985535639765361
-0.0116683851659486 -0.0183060100452818 0.099779984649239 0.00528961219024422
-0.0056759783997706 -0.0267641363000101 0.115864334664486 -0.00433683757301821
0.0157065361425031 -0.0329324133666595 0.143027347551736 -0.0385058933287999
0.04664808228551 -0.0307238507089706 0.0894359613481955 -0.00892866163918534
0.0177596093146465 -0.0226490429773531 0.00433786015275392 -0.0406784343016188
0.00755798929193431 -0.0133711125747713 -0.0702404468789983 -0.00538889149357786
0.00422978582357725 -0.019089228633315 -0.0837081163796677 0.0659604289594782
-0.0140398389153289 -0.0239391063784906 -0.0274859819248948 0.105187294550229
-0.0268074057519856 -0.0151028603890652 0.0317236000565514 0.0976717944860416
-0.0340860830986731 -0.00414741405283402 0.066008049452547 0.0659136651323952
-0.0446324452573161 0.00271805083919724 0.0788314755619359 0.0217752092534853
-0.0488704699814897 0.00159244996716704 0.0768061368364174 -0.00791979754716502
-0.0562353967226882 -0.00702012394859335 0.0760113929798924 -0.0285790989898157
-0.0538967050203919 -0.0310328035566484 0.0851007675704187 -0.0266696692389894
-0.0299982659922591 -0.0551295240045007 0.0949257044650469 -0.00590853282536616
-0.00273021727772471 -0.0657656829704686 0.100764712553019 -0.00157501890701327
0.0283646591470954 -0.0671453750576296 0.105734552697628 -0.00274409054060736
0.0623816613389604 -0.0551794932810034 0.124751155200133 -0.030611888559255
0.088799244187786 -0.0323822065759674 0.0563876068915588 -0.0010887098347015
0.0580415486778239 -0.0358927057356826 -0.0121228322907596 -0.0392507127413954
0.0374448161506249 -0.0387181483520823 -0.0839736835480901 -0.00760947043741868
0.0131847931724859 -0.0502720645155519 -0.0908306527736495 0.0619152782082431
-0.0219837172082163 -0.0514931196031889 -0.0377863507616875 0.0972044011375314
-0.0457052910214709 -0.0334803658953326 0.0172866894093914 0.0925659316555968
-0.0571771090320961 -0.0151764046606712 0.0471222003750252 0.0632438843904816
-0.0701487969283729 -0.00505294165343157 0.0569210773598229 0.0214362100850922
-0.0746182303436576 -0.00470331430952208 0.0523087922391297 -0.0078873451246951
-0.0842116305860364 -0.0148382364381453 0.0506196042636786 -0.0342713037208193
-0.0835093360132266 -0.0465873924977882 0.0619131985877732 -0.0447121689874376
-0.0503872993412373 -0.0839221029249832 0.0877146702475957 -0.0268599584119926
-0.00260100343889699 -0.105021415527643 0.100695111419078 -0.00777533874214295
0.052614003913376 -0.100725281323464 0.0952183938884445 0.00438554023111602
0.0983102349465811 -0.0713101405258594 0.0933368880392171 -0.0152830374474066
0.118654582495892 -0.0317597321334175 0.00948177859523476 0.00620152065878342
0.0918662330593163 -0.048364204346667 -0.0379292385026886 -0.0365135994770533
0.0626495505138237 -0.0660424068894516 -0.0995113264090745 -0.00797611325669515
0.0168250723549291 -0.0816001708288425 -0.0966812222242692 0.0534083982801633
-0.0322682224589396 -0.0748065544331874 -0.0487536837476255 0.0828401087754596
-0.0619837546129754 -0.0467329179277848 -0.00195528280586754 0.080147982003527
-0.0736410880419692 -0.0232563193705188 0.0214157459592958 0.0557560097402061
-0.0848843994737075 -0.0123983327082463 0.0268070322236635 0.0188263642118931
-0.0882521733934803 -0.0118917676574685 0.0204458175850315 -0.00905748457403529
-0.0991641992495475 -0.0222154962873886 0.0195826856453835 -0.0391987905204331
-0.0990516652314998 -0.0564864977291239 0.0339743338891159 -0.0590687143278733
-0.0604280533867221 -0.100105171249734 0.0751736346604158 -0.0451382795343917
8.20066630319574E-05 -0.126547739580988 0.0976886136782874 -0.0122264944057642
0.0706016856717959 -0.116940296491782 0.0814492074530769 0.017287230909976
0.119937699670406 -0.0743922291333236 0.0527337697897666 0.00415908620454556
0.128606084676042 -0.0294828518161138 -0.0449343242972429 0.0163024715282837
0.109303793324755 -0.0565169126604117 -0.0686587131212701 -0.0257626604573332
0.0747519784355547 -0.0853254629049385 -0.110802896198593 -0.00606959326732429
0.014143092827333 -0.10023041742696 -0.0982764715880631 0.0391390561404345
-0.0401755927318216 -0.0861574254123399 -0.0630575394798239 0.0605651107094459
-0.0699217909412767 -0.05155055809642 -0.0266637546611096 0.0628089754341931
-0.0795592205091637 -0.0260270923663601 -0.0104045214507578 0.0456693719983042
-0.0865841586707001 -0.0176944762880542 -0.007066276140924 0.0131412686133514
-0.0882745382912482 -0.0188596444677539 -0.0135869873067628 -0.0124870027050211
-0.0958943235790664 -0.0295170408104352 -0.0110556061221445 -0.0455420933203561
-0.0930298158307591 -0.063086541751591 0.00834866216182416 -0.0719227404635953
-0.0519739822669651 -0.103951456697462 0.0635020185877173 -0.0588512320134522
0.0121407718001895 -0.125866813047501 0.0918259516786393 -0.0111641786062452
0.0834225714389527 -0.110080076300613 0.0651739608759599 0.0303220019285594
0.125494430663267 -0.0618805962240635 0.00760601168770185 0.021543992412552
0.115981824267373 -0.0230251419099106 -0.0950574647090218 0.0291059889884614
0.104027243248883 -0.0534465975017137 -0.095585995455063 -0.00818800976503486
0.0688711698240408 -0.084714819850423 -0.11348611742518 -0.000937336110472401
0.00818236160973586 -0.0967892521707372 -0.0950088541313792 0.0212907140388886
-0.040354102070802 -0.0793034203411648 -0.0773725221191988 0.035830161216434
-0.0661102024195019 -0.0460980998509867 -0.0541834360685042 0.0444518198150476
-0.0719123568621872 -0.0241310025763951 -0.0433461148428146 0.035390972466256
-0.0749690885144596 -0.0216809678136187 -0.0394708552324102 0.00632930266630212
-0.0739987397254133 -0.0242168282890736 -0.0439400100622921 -0.0200729397528573
-0.0767502974859716 -0.0358082769149441 -0.0334618559542574 -0.0555367178844518
-0.0683930830618272 -0.0638785820343449 -0.00734387217045735 -0.0837705712561412
-0.0277557201700637 -0.0943932122932853 0.0557555602058297 -0.0688994729934029
0.03186248264619 -0.103560111149929 0.0829515705632985 -0.00881835261017769
0.0880495097657624 -0.0810733695687783 0.0452694757024609 0.0382344694858564
0.113398904994005 -0.0370647128191528 -0.0349886343502954 0.0312559423968234
0.0832936263584234 -0.0115113197902436 -0.131221433542729 0.0414250411773259
0.0784539160931702 -0.0366614789852713 -0.112462954170035 0.00935991271124529
0.0498831115457504 -0.0631988410951969 -0.108872030840947 0.00315755719357238
0.0036841734402888 -0.0696189921733566 -0.0907353272276397 0.00442542459539076
-0.0282813957847979 -0.0557978622682051 -0.0907246152613655 0.0163201526873737
-0.0474341619152812 -0.033124436094395 -0.0778353009553844 0.0308846643673669
-0.0519596737029163 -0.0190229228755954 -0.0704777375395874 0.0272493191736895
-0.0519202361673307 -0.0210574470864429 -0.0651618182736856 -0.00184121436978807
-0.0504851649029612 -0.0251865466079191 -0.0647406140758548 -0.0303648754274431
-0.0479654233625885 -0.0358234670307306 -0.0449592166462756 -0.0689361746984468
-0.036760768870885 -0.055367378051598 -0.00979678170466544 -0.0941878589047655
-0.00220592059890043 -0.0726395169427646 0.054324315852002 -0.0735152475818053
0.0453512591723146 -0.067842872130619 0.0731656726114875 -0.00631712024300708
0.0807337218442131 -0.0425731523876694 0.0253935082541748 0.036993648897496
0.0854966263219589 -0.00872370540329563 -0.0681616863821594 0.0289192448307853
0.0376138388911528 0.00710188647218685 -0.147219604221686 0.0484184657098311
0.0424068467454575 -0.00903862269794012 -0.11642492978155 0.0198471698431146
0.0265033697861255 -0.026137600779623 -0.101173207445985 0.00444517273446107
0.00457044391031148 -0.0298869301984437 -0.0891102032525479 -0.00447821683353338
-0.00708221126723791 -0.0247777322573186 -0.0979847168159851 0.00813608250602303
-0.0175116163736053 -0.0168236742898771 -0.0919621147470129 0.0238228523730103
-0.0226295765455377 -0.0124080697238965 -0.0867274774734222 0.0218714272706343
-0.0212551044872136 -0.0178496446408653 -0.0797109433240211 -0.00870017699191663
-0.0201583325485541 -0.0196388567143531 -0.074883731576179 -0.0416223809799972
-0.0175898578243211 -0.0257651352354425 -0.0455665477117657 -0.0819096628465345
-0.0092798163037589 -0.036523675867672 -0.00137174788593325 -0.100642331013199
0.0112152364945809 -0.0433381013856177 0.0588631058431358 -0.0731625821532316
0.0423143898554768 -0.0321697964016325 0.0655650947264064 -0.00583178350897203
0.0572459340765807 -0.00717608789799463 0.0118551510573851 0.0288552347280021
0.0439138669055572 0.0149902709006777 -0.0867476416695698 0.0176054414932098
0.000355699586037046 -0.0261452960485187 0.107485679502425 -0.0227224853468984
-0.0202801037198282 -0.00906789165697519 0.00858702714414082 -0.0497752701472247
-0.0190482625252682 0.00764190698388558 -0.0658406665323147 -0.00574958305954051
-0.00552168692734765 0.00818704122453596 -0.0793606496358237 0.0711777834524178
-0.00743490724958635 0.00292811604697799 -0.0179243268805234 0.110256952519709
-0.00719011648797348 0.00409235260343502 0.0438643574279783 0.0961618976867921
-0.00786387577064962 0.0081653316570821 0.0794001691240643 0.0616088142501902
-0.0134312129194818 0.0104424733735936 0.0924225809880223 0.0181115101268985
-0.0162661074600046 0.0100269758739166 0.0927195619768835 -0.00949996435390358
-0.0207677172382426 0.00503496226623826 0.0940970517750604 -0.0228594299167773
-0.0204620522919932 -0.00624645877597516 0.101068939478608 -0.0105964338505894
-0.0124811346107897 -0.0153841026196816 0.100557075247916 0.0108076783023926
-0.0121336646130276 -0.0188053436736254 0.101921303417006 0.0054227366413909
-0.00573683627050481 -0.0274788562103081 0.118862295419419 -0.00333232427849064
0.0165788232030745 -0.0341741715894318 0.1471131982296 -0.0389955757740308
0.0472167453469935 -0.0319643270774434 0.0919752810470373 -0.0108774519875755
0.0180544659006171 -0.0231406943694507 0.00443721672980148 -0.042510788729512
0.0079687214232437 -0.014098750638529 -0.072485639872927 -0.00595177713988683
0.00400940413156217 -0.0198914568559271 -0.086198390213987 0.0675619568230333
-0.0148495577557363 -0.0244449210437202 -0.0287757866537535 0.107614151307256
-0.0274338878719684 -0.0150179545232029 0.0322101650417674 0.0990093280690302
-0.0348778540762884 -0.00436690500040961 0.0682914249201891 0.0660346101428075
-0.0456799582193814 0.00311325843347603 0.0817631848237772 0.0217898464959001
-0.0500927183167838 0.00248513674810262 0.0794179390894811 -0.00909254860576253
-0.0576995613961072 -0.00649326242952547 0.0785285932293815 -0.0292288582052166
-0.0554247981769114 -0.0316119300857603 0.0873482539138229 -0.0264852054499369
-0.0309982969131461 -0.0562735441319471 0.0981184275504473 -0.00556033483417156
-0.00281664663331502 -0.0672178192408665 0.103419642512216 -0.00115496292191315
0.0292430452928265 -0.0689092883223561 0.108900278171596 -0.00215085656232766
0.064642750110104 -0.0572128551341241 0.128792892658419 -0.0309025006022329
0.0902143576699544 -0.0333107677566862 0.0586953608455925 -0.00273621599446486
0.0591413534907616 -0.0368192153619786 -0.0117404277324381 -0.0418535614339998
0.0388730050832126 -0.0397183833043907 -0.0867523214497658 -0.00873236800070811
0.0136359161387559 -0.0515155271358015 -0.0937337613462573 0.0625524170455596
-0.0230456797225964 -0.0525101669934709 -0.0390599983220009 0.0990777911983027
-0.0467821893788135 -0.0339483498353609 0.0177066141827862 0.0940889915274483
-0.0585949971192027 -0.0153701217361546 0.0492214435400558 0.0639722037587158
-0.0715797347907191 -0.005020766546102 0.0593476214946669 0.0208987803381513
-0.0765342741696524 -0.00408210864313968 0.0541302519235001 -0.00873682130252771
-0.0876072315580214 -0.0145033301766383 0.0525401762079709 -0.0350471790871463
-0.0859738216973176 -0.0471466700913213 0.0633692890578115 -0.0448493237819571
-0.051879302625206 -0.0858682814057785 0.0904444958976838 -0.0268244063814057
-0.00300155268372127 -0.106927827613976 0.103995509160189 -0.00872959040507394
0.0537879240936336 -0.103082455211317 0.0974078031962645 0.00475092922670216
0.101552672598985 -0.0739626013378085 0.0967850009405672 -0.016245887805948
0.120768269535338 -0.0333026006754565 0.0104084196093006 0.00509930043745977
0.0942469157623552 -0.0498671993907511 -0.0380413463079545 -0.03875011744034
0.0644711588067365 -0.0674060614073507 -0.102404929160274 -0.00932547636226142
0.0169581255470693 -0.0837946426401692 -0.0995520936741316 0.0538733504110236
-0.0336249237282837 -0.0765029521775948 -0.0505559800546417 0.0844682670661084
-0.0632096594376116 -0.0473503677740614 -0.00160938730534843 0.0821447848640271
-0.0754542221944231 -0.0227714584034674 0.0222631379904379 0.0567179899886683
-0.087385334011397 -0.0118658847080676 0.0277232354689402 0.0191107576513619
-0.0911587534365219 -0.011256012607009 0.021498288561414 -0.00955047251787777
-0.101886502905622 -0.0212201075108088 0.0204077103903921 -0.0404296012668925
-0.101163295577862 -0.0568939595124773 0.0348146996360346 -0.0600313484875225
-0.0624526958336198 -0.102316098015812 0.0785130536304211 -0.0465162312577686
6.68467877526259E-05 -0.12969811677224 0.10136380485152 -0.013101348912359
0.07191210983517 -0.119809064066035 0.0840864244571283 0.0168869376010653
0.124234923491046 -0.0764741811789517 0.0546661478755638 0.00399496476864604
0.131298656152406 -0.030233279157929 -0.0456060205573786 0.0158627440517101
0.11152439323258 -0.0583605367684644 -0.0695732190210474 -0.0280785269919522
0.0767251798715866 -0.0873771657088157 -0.114072884397605 -0.00672651877531725
0.0134241911045958 -0.103198291283757 -0.1008783709809 0.0391805114245755
-0.0420156350231785 -0.0872631906187258 -0.0644210075780331 0.0614110034572932
-0.0723230840664565 -0.0518228512940295 -0.027134275600624 0.0639999269174013
-0.0812736219099962 -0.0258585868912719 -0.0100706291493667 0.0469998074180342
-0.0892676104097569 -0.0176489465963427 -0.00666328547251357 0.0141293013104739
-0.0901939416486778 -0.0181364284394409 -0.0136841919924535 -0.0131923452756846
-0.0989202114785474 -0.0287739391373414 -0.00995602625037128 -0.0463469264683587
-0.0952614026296332 -0.0630078679879098 0.0080668775211273 -0.0722597786685917
-0.0538533507923679 -0.106064712798626 0.0658090803748896 -0.06022138619418
0.0126863166327453 -0.128004582467615 0.0953122895647268 -0.0121729013618748
0.0849990488683732 -0.112719136748294 0.0677628072943539 0.0310901784190096
0.128503122195563 -0.0642868469124656 0.00874337032018735 0.0217668835330254
0.118985855419671 -0.0232073134703109 -0.0973636721104394 0.0291183376274242
0.105701546084816 -0.0547129189370755 -0.0980111673606602 -0.00992074161611347
0.070804843380828 -0.0867097233703832 -0.116478861038671 -0.001707223558423
0.00805155275958587 -0.0986568041757869 -0.0976091007215616 0.0212736854177786
-0.0418473223656667 -0.0807683652439637 -0.0794856883726029 0.0361207173237533
-0.0667736854210838 -0.0459450099900629 -0.055127394254159 0.0455008586986779
-0.0737565367004447 -0.0239290793052754 -0.0442313582747742 0.0371803995582979
-0.0774560568239591 -0.0207895038548421 -0.0409248851682224 0.00733880410745538
-0.0758946133582812 -0.0243845583762036 -0.0446251558207198 -0.0197046324614382
-0.0795423532384738 -0.0355246112659271 -0.0341125610476369 -0.0562435813817126
-0.0703457785990429 -0.0642656160610175 -0.00745317748273285 -0.0844780149222383
-0.0283156201541657 -0.096744882739543 0.0576461300611051 -0.0698461945205327
0.0328207680422702 -0.10581264365667 0.0870262548957803 -0.00911400531397823
0.0903842824204119 -0.0832137789611321 0.0470315492613499 0.0385418598877503
0.116735538797317 -0.0384309495195213 -0.0351681875814582 0.0317129848189645
0.0849593875599843 -0.0117749724223373 -0.134828029371565 0.0421443737073754
0.0802177748625025 -0.0378156597389349 -0.115096657265712 0.00821898863965354
0.0516602450216896 -0.064380182439321 -0.111198515239493 0.0032335299638147
0.00364299257651407 -0.0709036659389358 -0.0932892640386441 0.00372662751192061
-0.0296925367249823 -0.0570465084517093 -0.0924189923188104 0.0165673139942777
-0.0480328903974413 -0.0326467274434194 -0.0798812702141722 0.0321411281277004
-0.0529521316564377 -0.018257626078788 -0.0720855095197122 0.0284681898071616
-0.0536537198651723 -0.0212380055695466 -0.067071674708492 -0.000589746573984173
-0.0512115818912037 -0.0256392417064164 -0.0667696882733543 -0.0300952059783996
-0.0493296676965308 -0.0355372810435542 -0.046233293521754 -0.0698343542398659
-0.0372279885384733 -0.0562711253173418 -0.00949299990178731 -0.0950133171747604
-0.00234828876050998 -0.0740450437895059 0.0566326477509624 -0.074593637819359
0.0464122368318709 -0.0692956511119637 0.0768997355274769 -0.00668171617797388
0.0825845849419816 -0.0436232297690247 0.0268033100727639 0.0373600818561537
0.0872194302572753 -0.0083578982417462 -0.0696265990336481 0.0299606101430768
0.0379508545539918 0.00727459660315025 -0.151448321030417 0.0493370009584354
0.043795251056985 -0.00988995295912094 -0.120051024152638 0.0200801089804354
0.0281769794275752 -0.0269988586229968 -0.104097937207649 0.00365646186056871
0.0049276417524551 -0.0306193341112813 -0.091897164542723 -0.00547585070353912
-0.00792657767281636 -0.0251191268233475 -0.100338905370556 0.00812941285683944
-0.017668759619338 -0.0163846124171667 -0.0945310582557098 0.0250893486320319
-0.0228093915013036 -0.0120963757380994 -0.0884662301200785 0.0232360876775168
-0.0216939385195393 -0.0184852389359863 -0.0831760247861836 -0.00802442663980045
-0.0211471949308957 -0.0201838155195058 -0.0768468497081512 -0.0416457550542795
-0.0179315492874347 -0.0261996318338416 -0.046565966552569 -0.0838406869811959
-0.00953749272259125 -0.0371926321805828 -0.00190364104099168 -0.102739197307467
0.0112907653847409 -0.043947919190607 0.0607753427727778 -0.0755853029995834
0.044262902277807 -0.033039828901546 0.0682110757548636 -0.00592095125423289
0.0583032065431769 -0.00708330515245038 0.012326788062876 0.0294955299681917
0.0450279125289174 0.0160712532023875 -0.0893367055935075 0.0185754398259303
-0.00101186476226375 -0.0268445092072786 0.108815475413774 -0.0286774521561276
-0.0213077285985484 -0.00855292137187826 0.00676195829672071 -0.0523392925525441
-0.0194661395698577 0.00831789061829178 -0.0684383909517606 -0.00405206609427442
-0.00525972275075393 0.00841017563624932 -0.0799652314175707 0.076086812876752
-0.00801867780240032 0.00335352605893859 -0.0146160249763995 0.113954602339846
-0.00738009977678926 0.00457576924157312 0.0480777318312278 0.0964877587287813
-0.00779017671388101 0.00835312675473252 0.0841712234107461 0.059232068859117
-0.0132815765934491 0.0114858542350133 0.0966447533441858 0.0142904820327237
-0.0164513024007279 0.0105088069124278 0.0959136933513204 -0.0142352479281431
-0.021639180128615 0.0060205635196802 0.0964639417810251 -0.0276454482664321
-0.0218028622495469 -0.00623041701662348 0.103915627277283 -0.0145595043075458
-0.0133940729940231 -0.0154942475930501 0.104742721975397 0.00713061434074795
-0.0130713190688137 -0.0189704815682842 0.105640700828581 0.00183877475690411
-0.00658797465615047 -0.0281507816577664 0.122424649876426 -0.00653164287533525
0.015299966214888 -0.036391899494288 0.151107694337253 -0.0453950169465853
0.0471210070957535 -0.0344365909500043 0.0939969854115954 -0.0162883771913851
0.0177880365780706 -0.0249109438280856 0.00315651759119672 -0.0460504287110293
0.0072548006597613 -0.0147335539666403 -0.0752561744696533 -0.00470467260110655
0.00364131361669546 -0.020338241153028 -0.0864159601929932 0.072570600365402
-0.0166327966301039 -0.0236382916398085 -0.0262536990935499 0.110817250430209
-0.0288104311504779 -0.0134576891828091 0.0372356178026255 0.0988628087821512
-0.0359313630323321 -0.00282908883481277 0.0724906161026106 0.0644135337411277
-0.0471276546411577 0.00532534223184873 0.0847573679829207 0.0178171780944178
-0.0519277003215558 0.00499226408127293 0.0820634075058806 -0.0131579557867088
-0.0603316735789806 -0.00380639554531073 0.0806365973211383 -0.0336867151042487
-0.0590055749250223 -0.029855549762437 0.0893587386916065 -0.0304141785809878
-0.0341030008086409 -0.0567235013413265 0.101838611713687 -0.00946083169430488
-0.00562134630744663 -0.0690287299391272 0.106784537482196 -0.00498734240976654
0.0278045467275404 -0.0714303486788201 0.112281720242902 -0.00582669916571734
0.0643684317322689 -0.0619220368174278 0.131926174415188 -0.0366064851025632
0.0907825389479023 -0.0372896940751985 0.0601883889047807 -0.00645687073417364
0.0591455379130356 -0.0400242215065146 -0.0129503224030879 -0.0445507034662948
0.0381970057027675 -0.0418071498551333 -0.0899047185370247 -0.00604294764781866
0.0118581959672637 -0.0534040690624313 -0.094638163959853 0.0676760699409366
-0.0260483096278844 -0.0522951507797825 -0.0365816218463316 0.103204663954743
-0.0489856369227066 -0.0326394734132528 0.0217739444172794 0.0945462973292827
-0.0605848280257874 -0.0132290885399049 0.0524310214634448 0.0622777851446291
-0.0745940413081418 -0.00123069783001171 0.0619702935111261 0.0190338787784278
-0.0792032282539785 -0.000613975535778541 0.0557617908670085 -0.0117180579919632
-0.0899523044707206 -0.0100449860322266 0.0533657707463351 -0.0382420015183439
-0.0910488625054172 -0.0441857499312567 0.0643327611508115 -0.0475075262790569
-0.057082477663586 -0.0860955515224903 0.0929223388263083 -0.0307905534966038
-0.00659970146781909 -0.109994188622249 0.10728320341984 -0.0136493860338738
0.051579026918419 -0.108143706851598 0.101507295672346 0.00147619219687409
0.101997357604733 -0.0801953481190373 0.0986133481457752 -0.0208810631738659
0.122936296568739 -0.038063973247059 0.0106760058602114 0.0035116356281167
0.0944993459107526 -0.054624945063273 -0.0401170657151303 -0.0406202525474256
0.0640537235912729 -0.0719699374963642 -0.107057089849401 -0.00584218528854461
0.0138110953963549 -0.0861683938800546 -0.101070308481324 0.0588184038754451
-0.0378505928426663 -0.0768965219989668 -0.0492375727527032 0.0880137815156379
-0.0663006839834986 -0.0452427712138753 0.00105697050496473 0.0828811677840308
-0.07846202427142 -0.0200373706419527 0.0246408800810098 0.0571518761564372
-0.0905952827747756 -0.00793176264363761 0.030120670114141 0.0182503409093856
-0.0941877414669478 -0.00719274490122722 0.0217331731477082 -0.0106347834330879
-0.105747029631336 -0.0165636133733725 0.0203917510474549 -0.0422775826867587
-0.107237003823236 -0.0532694576977061 0.0334256326664873 -0.0618953858623713
-0.0688785875694623 -0.102213284095855 0.0797728611354959 -0.0502424631097146
-0.00519639277428417 -0.13222625621601 0.104549484200448 -0.0180838065811794
0.0696830569815596 -0.126198266926903 0.0878985781479485 0.0147141983644521
0.125101607911455 -0.0852897459545111 0.0558076478167347 0.00104371799222024
0.133577541276987 -0.0359144903671989 -0.0460906092480207 0.0170049810800472
0.111914242755698 -0.0645095581575206 -0.0717866560025588 -0.0278726894860511
0.0752083260981119 -0.0927307585034941 -0.117927115908053 -0.00385775495053816
0.0100818524135244 -0.106429406296395 -0.102364424349386 0.0433894304657061
-0.0469463115230264 -0.0877763333597571 -0.0647846884021047 0.064674788684632
-0.0751974508275035 -0.0490531880176121 -0.0260474230751721 0.0660481406009471
-0.0841193683631924 -0.0220827867012564 -0.00894124312303354 0.0476235808453267
-0.0925104719539618 -0.014358202587028 -0.00629335376244347 0.0145788292186186
-0.0940102505645774 -0.0144469864199417 -0.0142265206921121 -0.0118812538274905
-0.102880026397787 -0.0245038253608059 -0.0119515902469595 -0.0471704508964114
-0.101052992613929 -0.0595874038669863 0.00646127365136037 -0.0731238690509542
-0.0602971958933467 -0.106313339590176 0.0658605651300481 -0.0647732960347977
0.0085635019742831 -0.132812423090823 0.0986639466071188 -0.017262030796075
0.0826551922469834 -0.118819325910756 0.0706721094118218 0.0284573851020966
0.130797333284782 -0.0716454617740444 0.00940891207746143 0.0219481247281569
0.120415052847652 -0.028905114074729 -0.0987602695590381 0.0331813549660607
0.106316065854188 -0.0605385627590492 -0.100762652220942 -0.00828959115873501
0.0702284848167474 -0.0910612387673609 -0.119877996203471 0.00234439746966693
0.00403851822399041 -0.101291197660392 -0.100043770705014 0.024781254305087
-0.0464542928832362 -0.0804715582203192 -0.080745450785567 0.0395622908066702
-0.0698061589156882 -0.0440953832989558 -0.0555220259873432 0.0490462115143795
-0.0765214112292712 -0.0207256224281638 -0.0433195819222225 0.0398012741287559
-0.0808249198573192 -0.0177010617164873 -0.0414558594422647 0.00909563167414262
-0.0796367215484747 -0.0213751073010815 -0.0463103365791617 -0.0181600096617858
-0.0832081566889184 -0.0321602859633159 -0.0369131774071808 -0.0563844042779097
-0.0750895380661572 -0.0617766428084201 -0.010409558090861 -0.0847071104608233
-0.0338172495528746 -0.0973184562493569 0.0574243066450555 -0.0736082895933817
0.0298960231341433 -0.109606508332259 0.0904135291697482 -0.0135552903239382
0.0894791706322904 -0.0888685061520552 0.0501524365968824 0.0377019686636498
0.119040046204027 -0.0444044824317816 -0.0349447899582119 0.0338530570682811
0.086546091775863 -0.0149481047987949 -0.137371279795793 0.0486349402409446
0.0808151008580803 -0.0421198531557535 -0.118380903315364 0.0114796017889752
0.0506172081898155 -0.067935900381338 -0.114949099966858 0.00670294301644366
0.000925589183100893 -0.0729688956511606 -0.096836219861835 0.00657193163683685
-0.0335162361462403 -0.0576445342542069 -0.094917046238598 0.0199960618101059
-0.0499331822169296 -0.030858038293881 -0.0804125996340361 0.0356269113252659
-0.0552088721037349 -0.0161953187183664 -0.0728376731588066 0.0327059950614139
-0.0564512048350474 -0.0190041862229171 -0.0691412525049864 0.00260756192724271
-0.0537710111786694 -0.0237919308537792 -0.0694466277695952 -0.027338466452518
-0.0518108907619115 -0.034064777649963 -0.0498773673026684 -0.0699935618197444
-0.0405582804162194 -0.0550817184050262 -0.0136464127585675 -0.0969863579961481
-0.00554110530235254 -0.0753932556846725 0.056228420440716 -0.0784013424669253
0.0458230474511871 -0.0729280980502633 0.0799684305693913 -0.00979724618143393
0.082959182763164 -0.0474243494524345 0.0286939308648874 0.0370015519546253
0.0902971926462257 -0.0127133932433178 -0.0704859099845722 0.0336836049053773
0.0396893006748303 0.00629810139831801 -0.154216168706578 0.0571874659061792
0.0441933705565065 -0.0115058743841353 -0.122071594259476 0.0245387766917213
0.0276066998878095 -0.0281562463568319 -0.106950353292591 0.00683806445390352
0.00316914068630512 -0.0312485828955865 -0.0950468497718093 -0.00325497183203002
-0.00916502010339482 -0.0255565997862814 -0.102966173413305 0.011312847024053
-0.0184911220212429 -0.0158590799478947 -0.0962905392228957 0.0295461830973508
-0.0240729491211286 -0.0112813259145147 -0.0910438155669493 0.0283215344289164
-0.0237896304568565 -0.0182542922579064 -0.085461752039965 -0.00346262873110042
-0.0221912717416745 -0.0200193386390026 -0.0798044914353101 -0.0385017726598764
-0.0196122036916119 -0.0260743886148113 -0.0507295653906771 -0.0830193279703928
-0.0113370276843341 -0.0373702991791426 -0.00543566195069518 -0.104610948176686
0.00968198721566398 -0.0452184239205447 0.060247232135099 -0.0791601534975067
0.045343925221853 -0.0356686305562315 0.0711482895001871 -0.00870899772044081
0.059072030671027 -0.0091814772866726 0.0140139079389972 0.0297050061897144
0.0465182436812453 0.014258705295031 -0.0908923042422204 0.0231957998616962
-0.00307508779629532 -0.0270019142239385 0.106637317607775 -0.0361388495568133
-0.021966692455027 -0.00718179225794632 0.00302356963881392 -0.0535569050032609
-0.0192856315446555 0.00928070779101393 -0.0690120036604569 -0.000418867403490324
-0.00438014122159386 0.00851386227508595 -0.075022999281473 0.0812053312636649
-0.00782091815739361 0.00427555483465735 -0.00806980349772654 0.114765049364025
-0.00713493648784066 0.00524735452720708 0.0533329704086329 0.0915627627249055
-0.00735063298375466 0.00854375665116665 0.0870617286369513 0.052841952185876
-0.012563749386386 0.0120234776527354 0.0979328113770507 0.00620822015142292
-0.0153504998904222 0.0120391913274142 0.0953372301127368 -0.0210843979597
-0.0208949944507656 0.00760094825212027 0.0952678302417376 -0.033252104479021
-0.0219873549843303 -0.00480875927871914 0.103146979953242 -0.0205472628788091
-0.0147932565492024 -0.0145964820541749 0.105481559148995 0.00150096125294623
-0.0138950956427424 -0.0181095066643692 0.105283695076675 -0.00375619256959422
-0.00783770125405951 -0.0280387592357898 0.122306819126191 -0.0134660174485736
0.0134811695225928 -0.0375813262642691 0.148425661623595 -0.0542967327962553
0.0444200084338083 -0.0373310117344194 0.0923213477554479 -0.0229768902097074
0.0155954113596694 -0.0256054043826028 0.000690992199540747 -0.0472157016052977
0.00628507427337329 -0.0149424280619349 -0.0761962286598999 -3.13390728295393E-05
0.00240270468999975 -0.0203001092954494 -0.0823081688442106 0.0771634432722038
-0.0180128016571621 -0.0221195383452279 -0.0200140459509965 0.112291623282617
-0.0298287876962886 -0.0124319450606225 0.041886668410874 0.0958777306247655
-0.0360476532211134 -0.000416797468304368 0.0769397066884623 0.0584179573356571
-0.0470822850557398 0.00852981058461722 0.0866880815589867 0.0112370323988406
-0.051313343950537 0.00870184690631687 0.0813649590169062 -0.0194434961682023
-0.0602614208706663 0.000750260749552533 0.0785667081425972 -0.0381077829322154
-0.0610967810871965 -0.0260299095591885 0.087387453611553 -0.0354738725161913
-0.0381533403070893 -0.0543710488472289 0.101369468036976 -0.0152932472819702
-0.00965075989185404 -0.0688683137755 0.106725088857568 -0.0116845983156241
0.0240983748758915 -0.0729955082909636 0.112324006616214 -0.0117359112071655
0.0608695933771782 -0.0661884738090454 0.129531774612923 -0.0453625581766499
0.0882431244527307 -0.0427115867717365 0.0589479719613575 -0.0112707964877033
0.0564866721503012 -0.0434544760244263 -0.0155548748506925 -0.0454700176692953
0.0361345208651158 -0.0442220556115951 -0.0909148769378585 -0.0015914540143466
0.00824550290183604 -0.0535205636075633 -0.0904696628283689 0.0728450365144149
-0.0292984226231912 -0.0492121275818058 -0.0314613692533547 0.104756419315503
-0.050587378518499 -0.0287163763421874 0.0272206050826163 0.0920098010647434
-0.0611225186581156 -0.00889462150491998 0.0567938359286534 0.0582177036826088
-0.0743996816618845 0.00365461115580964 0.0635312968691437 0.0142540584775771
-0.0790397682963184 0.00585724684021219 0.0557912391059079 -0.0160921318460466
-0.0909308103146197 -0.00339978468885036 0.0514838791755588 -0.0420000354762241
-0.0935636267821952 -0.0376204160145845 0.0618351919136595 -0.0506457684039833
-0.0627094509908307 -0.0819133915420511 0.0919439414789283 -0.0365670107892993
-0.0133533908886856 -0.109322716246835 0.106838984781233 -0.0201960929340112
0.0451616794699373 -0.110969198384514 0.100960787457646 -0.00475890213142586
0.0976729813838442 -0.0879897168946917 0.0969502499292159 -0.0277542054694071
0.119587648960476 -0.045928177585389 0.010921385126322 0.00189230846714341
0.0899238568329272 -0.0601578325010892 -0.0414455737975732 -0.0400509985909941
0.0592933051894322 -0.0755571065437151 -0.107186069687189 -0.000128334478021005
0.0082394178752986 -0.0867453314789737 -0.0972657545088969 0.0642229522359188
-0.0428463447976172 -0.0729515997251335 -0.0445857083475747 0.0905099478712836
-0.0684611184648372 -0.0404918901547054 0.00603422038348054 0.0817049702487886
-0.0788833829501313 -0.0145668565722344 0.0282471679902357 0.0546139734524097
-0.0908868235091907 -0.00159045155766799 0.0314829461325462 0.0156628599063304
-0.0944615447510916 -0.000380599326009272 0.0213508925313187 -0.0131751216507193
-0.106404502069692 -0.00758081301838817 0.0183804604108014 -0.0437357111629887
-0.110580033024597 -0.0454410791686575 0.0307128932276909 -0.0625593155576739
-0.0751639661583006 -0.097439282153475 0.0773132038322675 -0.054315556964171
-0.0131715306365484 -0.132593858511024 0.103835484085942 -0.024929045685248
0.0617275488805276 -0.130267040198022 0.0884188009755942 0.00831812108280623
0.119973231060432 -0.0934046143423605 0.055461063454135 -0.00341007738093408
0.130634117570128 -0.0438063857972412 -0.0445627060959976 0.0185300736273662
0.107678309007519 -0.070540319623008 -0.0728978313845375 -0.025484484954794
0.0701343783009543 -0.0964032148560691 -0.118456508938108 0.00362748796409196
0.00276334888588431 -0.106327887547143 -0.099672258721861 0.049284486229982
-0.0528781210470479 -0.0839693898234809 -0.0609201703881141 0.0685843899904869
-0.0774781113561546 -0.0441497301951831 -0.0214570423789202 0.0667900879216928
-0.0850777936535867 -0.016325426089547 -0.00565088894262771 0.0480234933486687
-0.0935076900196261 -0.0072491465575295 -0.00514286397958526 0.0151558462427911
-0.0948262474675296 -0.00753933697004255 -0.0142148978659182 -0.0108921862156787
-0.103960555367916 -0.0164725097213649 -0.0140043876661223 -0.0465378618779666
-0.10477865039298 -0.0519256068845846 0.00255087646810048 -0.0727150829970027
-0.0668029560498401 -0.101382862747673 0.0624939659964798 -0.0682962078205051
0.000852818890136937 -0.132913826436175 0.0987101518988739 -0.0243732371405865
0.0751727202465865 -0.123699098936669 0.0727421284265701 0.0237693022430629
0.125872491288319 -0.0804559054367781 0.0102982383847725 0.0201639542473687
0.118311002628312 -0.0363224718971049 -0.0965879657757352 0.0381152863859103
0.102359893385038 -0.0672835950272484 -0.101347032393119 -0.00368603772052088
0.0647236323151329 -0.0949659819521803 -0.120217343210532 0.00933577393077742
-0.00298299715375475 -0.100902642595571 -0.0989043911055537 0.0301218930826776
-0.0521718095562801 -0.0768572802359828 -0.0783200344022384 0.0442687755226954
-0.0719419473617068 -0.0392317521802382 -0.0520362941170351 0.0524953904373491
-0.0771116192422299 -0.0149874448230296 -0.0409369767773179 0.0420677452265721
-0.0817620394692456 -0.0119991551547936 -0.0403850129099692 0.0126836254057302
-0.0805059106117115 -0.0155912289925296 -0.0469506282388821 -0.0141819248066465
-0.0847850487877382 -0.025566497009997 -0.0396798837716338 -0.054310256142531
-0.0787453741893985 -0.0558779893482424 -0.0150977445004067 -0.0824191736800984
-0.0399970413055578 -0.0946519690468173 0.0532603665479744 -0.0773408847031989
0.0233627462493085 -0.11124954055368 0.0902225848083854 -0.019826567601166
0.0839023366679366 -0.0944868558567431 0.0522160826882095 0.0341483895843926
0.115977266016385 -0.0522046418686827 -0.0332634877015104 0.0358296720476747
0.0852028505725002 -0.0204796436592252 -0.134161961734901 0.0561353291777891
0.0774358920049432 -0.0471180745573105 -0.116952912175583 0.0182270157661619
0.0467006734755389 -0.0705007682792432 -0.114241022637827 0.0132333147070673
-0.00433408124141913 -0.0726624810345151 -0.096644183655763 0.0119752957998088
-0.0373150512362415 -0.0542489911651325 -0.09356358250738 0.0256205153474538
-0.0513040924944884 -0.0273151469653529 -0.0782051441167487 0.0411221872549605
-0.0556573616326313 -0.0117462692595996 -0.0701946150992317 0.037859363116669
-0.0579786334512831 -0.0151546198707391 -0.068800107754331 0.00812738438810117
-0.0550859569732459 -0.0208405399829438 -0.0704504466152387 -0.0217545218612589
-0.0541623446687122 -0.0300899707764393 -0.0530485118848852 -0.0657410879467923
-0.0437241731582878 -0.0519665922418529 -0.0196637902493531 -0.0944557980329647
-0.0103712279669432 -0.0741843010131172 0.0512626363983758 -0.0816117470737277
0.0417156502687022 -0.0760153042105274 0.0801445804900376 -0.0154382824247664
0.079342211055256 -0.0529112614885574 0.0314909298947881 0.0354130107462027
0.0887613060689146 -0.017743286732649 -0.0679882146616925 0.0378733113375234
0.0394446356134304 0.00292379805806074 -0.151365363391248 0.0672876458854224
0.0431933698934916 -0.0147163025403272 -0.119983673727194 0.0317547810727447
0.0263490357595208 -0.0295355482555219 -0.105935690961073 0.0126500758257564
0.00121771870999029 -0.0312850395631426 -0.0963237951016245 0.00243838450375948
-0.0103165962747099 -0.0247124002146345 -0.102095013646164 0.017804501723603
-0.0187406879460827 -0.014515972903122 -0.0943876623047631 0.0358359594330986
-0.0242208310864175 -0.00883100215982853 -0.0883672488176759 0.0345665627242971
-0.0248437046830846 -0.0160670694773411 -0.0860454883533218 0.00315407283337206
-0.0236703406386328 -0.0185549664657845 -0.0814476754817528 -0.0322154645228638
-0.0202000843211202 -0.0246296264607502 -0.0558358879186436 -0.0788314796766767
-0.0135361924473915 -0.0358999484188857 -0.0116097600698199 -0.103148515629366
0.00707636434871 -0.0454170285686612 0.0557422376096088 -0.0826072381490097
0.0426136923440802 -0.038205369240404 0.0719509756204423 -0.0136201878051772
0.0583020476312423 -0.0130430750793312 0.0153662901348232 0.0287721226312499
0.0477762783036234 0.0119466303400953 -0.0882398123493577 0.029225752840139
-0.00460293083039008 -0.0253828911371669 0.0993945100169408 -0.0411800432780556
-0.0214666032579811 -0.0058194195820194 4.91956326893537E-05 -0.0526706980123973
-0.0179034716941304 0.00973844887654148 -0.0670308423265496 0.00243807259367506
-0.00420012991666879 0.00826026777791604 -0.0681044415876004 0.082119591507205
-0.00724363581974788 0.0051902467579779 -0.00243348866471035 0.110025754636166
-0.00698886857388251 0.00610698948544896 0.0547581659213654 0.0839077239455632
-0.00648489669810369 0.00816140416707331 0.0857027729961483 0.0448975365741229
-0.0118560923296398 0.0124509741054751 0.0943979578785018 -0.000244709894314598
-0.0141258434914409 0.0125982397608807 0.09071645931504 -0.0268189552789521
-0.0195371298970046 0.00891534665362111 0.0900340236721883 -0.0377479709424193
-0.0217012576768395 -0.00337800136980231 0.0982503028473984 -0.0253856611015471
-0.015328518940178 -0.0132764246241645 0.101418802857408 -0.00434714621870601
-0.014445017408906 -0.0168567412548417 0.101029027715648 -0.00851822745389724
-0.008180432177102 -0.0262551423201651 0.116994219895786 -0.0184759920006057
0.0105255214680523 -0.0368760208563073 0.140373758890902 -0.0598554284674468
0.040745670851044 -0.0379855348124945 0.0871255935482133 -0.0283616677499634
0.013586990729395 -0.0251571793116715 -0.00195098955809289 -0.0468047550441382
0.00562180066761667 -0.0144644082528975 -0.073828509856549 0.00290754025645799
0.00103156186483695 -0.0194256231879463 -0.0751582688734629 0.0783085509685199
-0.0183271105279949 -0.0197439063897557 -0.0136996371741466 0.108379848633812
-0.0293361354275727 -0.00985325945933292 0.0440527530818949 0.0891081755836454
-0.0346413816353175 0.00145620973399086 0.0761910358898951 0.0505470051817069
-0.0449437409268243 0.0110768086981609 0.084568513385801 0.00533440773822123
-0.0487586414913894 0.0119571361682467 0.077570582968537 -0.0237015733914564
-0.0576377767624499 0.00477095906711376 0.0742741455204478 -0.0415307979557989
-0.060169842620373 -0.0212072682875109 0.0825065362531996 -0.0382845097941159
-0.0393447880389413 -0.0501931221045411 0.0971696923762629 -0.0196825453455725
-0.0127039596834894 -0.0655412319547045 0.101386339240233 -0.0162195115977846
0.019550690452479 -0.0715130577668723 0.107455680126417 -0.0168747067493012
0.0555384910577942 -0.0673389212823336 0.121988986882402 -0.0506717358188064
0.0817335853146284 -0.0454605335061787 0.0557248951066413 -0.0150045466621134
0.0514429406228027 -0.0441794314452627 -0.0174265342627047 -0.0443238028036192
0.0322535029622632 -0.0434829431526928 -0.0876998493489769 0.00246448495500512
0.00513931539148193 -0.0513638607350507 -0.0841150366725107 0.0743320335395728
-0.0307008351856325 -0.0457235723401547 -0.0256830583444693 0.102030394820713
-0.049955985397192 -0.0246834792140901 0.0300407947903698 0.0863156858260331
-0.0590267717090059 -0.00547412489072548 0.057324097477176 0.052315000259211
-0.0716123689890514 0.00818172702824963 0.0623450426420981 0.00950408135713282
-0.0755470221290171 0.00966677948524098 0.0527158614744956 -0.0190729729394924
-0.0870464945763838 0.00257809272377551 0.047849196199167 -0.0439828437438031
-0.0921798231712747 -0.0308043084781155 0.056785005019141 -0.0514221262229373
-0.064656349111119 -0.075216867558717 0.0867728340547642 -0.0395926207465982
-0.0186898932872961 -0.104378589991545 0.100957953767705 -0.0250451116019829
0.0380943897037439 -0.108948470542632 0.0968796338030115 -0.00941374209805086
0.089020008222557 -0.0896593398166626 0.0914029636946145 -0.031712673962316
0.111932679334231 -0.0496482150005542 0.0108636647635469 -0.000350759590991988
0.0831133383471637 -0.0621323249724321 -0.0424885718578447 -0.0383359556254908
0.0531866091713214 -0.0756837056468344 -0.103116287053077 0.00440325943647105
0.00314746605259973 -0.0831368156844634 -0.0909871551628622 0.066836168702468
-0.0448907910397883 -0.0671231477020937 -0.03868880093397 0.0887454015669976
-0.0674584612026943 -0.0346349539910737 0.00960299837358873 0.0780066150356212
-0.0766517243728195 -0.00894774715609674 0.0299546108304612 0.0500717870586853
-0.0874151609228106 0.00426687583902934 0.0316467634772988 0.0128011850682348
-0.0909248371041749 0.00552167285641982 0.0201563862807504 -0.013719360805033
-0.102325139721758 -0.00115465934101082 0.0161500687436814 -0.0433554248643016
-0.108574947517735 -0.0365199412863383 0.0273814733253012 -0.0612120354950317
-0.0777442961186836 -0.0883961621677576 0.0714474701635432 -0.0564688686216116
-0.0194562645992769 -0.126009335180701 0.098077685981553 -0.0304408248300881
0.0519584241148063 -0.127999068982529 0.0850376494831809 0.00394723666999909
0.110306991216995 -0.0966774435158509 0.0526654996605211 -0.00581382732842631
0.123063202986019 -0.0487768364554191 -0.0424172457200827 0.019258914796978
0.0989366366579838 -0.0731927878900598 -0.0717692820373758 -0.0226524002282755
0.0622491389869054 -0.0961605841699816 -0.113588474035475 0.00836601439760664
-0.00316208812059227 -0.101685563965002 -0.0944339524164505 0.0519526358404145
-0.05520732596509 -0.0770765692114359 -0.0556523759770189 0.0680667739333016
-0.0761923649545805 -0.0375910632049584 -0.0172586324705679 0.0649445546882118
-0.0822720279582847 -0.0107260397068408 -0.00296925445087114 0.0463551482642579
-0.0900906528228678 -0.000905671446432264 -0.00386773686792701 0.014587513191049
-0.091413956702338 -0.00157983128589131 -0.0140593063921465 -0.00977187911285281
-0.100132758096383 -0.00822897450443095 -0.0155106536282351 -0.0442686454850368
-0.103305445952671 -0.0429596195202526 -0.000313400342033425 -0.0688996549838778
-0.0693319491179452 -0.0927731100601636 0.0568773479601228 -0.068882114241571
-0.00600141202446013 -0.127342406642353 0.0931338323597983 -0.0296442148470717
0.0655114942664612 -0.12254666723127 0.0703827422632426 0.0194001420636409
0.116680890512314 -0.0842775229122521 0.0102765666019975 0.0191849893366615
0.111267317632757 -0.0398817772242957 -0.0909820213116628 0.0404636304078987
0.0943184519639394 -0.0693767579791899 -0.096799880252983 4.74139607999376E-05
0.057022485484939 -0.0949257818846092 -0.114552418683793 0.0148893025884458
-0.00850019570970934 -0.0961315786995934 -0.0936878748280092 0.0337262894043232
-0.0540680558495248 -0.0701378458325474 -0.0735407049661661 0.045559401308897
-0.0704390400025508 -0.0332347368050649 -0.0473403410063949 0.0525040901741575
-0.0742566721145745 -0.0100690027990939 -0.0369548400033179 0.042510074805891
-0.0796319322102148 -0.00654528374166743 -0.037842388659485 0.0149222141279466
-0.0785977850835732 -0.0104474240519084 -0.0456061620639355 -0.0105747674944223
-0.0821453104548864 -0.0188553220096022 -0.0406556636363094 -0.0492261160209886
-0.078169951264112 -0.0485571021791578 -0.0182846510665654 -0.0769304848146367
-0.0436319650683407 -0.0873450101561232 0.0471938085645988 -0.0765246311045554
0.0165101434979604 -0.108484181230625 0.0857491618017165 -0.0251365695747907
0.0754248783296628 -0.0944805008294911 0.0514246651189993 0.0296928806555824
0.108321948728111 -0.0564273345574647 -0.0300247259366023 0.0358198217462798
0.0804474616972877 -0.0238050614130689 -0.125454990162892 0.0605567898484273
0.0712985635674819 -0.0493890598159519 -0.11096109207619 0.0218158650487571
0.0414244299521947 -0.0699240174256851 -0.109037768959211 0.0181354175221236
-0.0077204227188791 -0.0685597368718599 -0.0921559290797268 0.0152253699030466
-0.0388964644267583 -0.0499059038712665 -0.0886038301493097 0.0281102167201946
-0.0498540833956467 -0.0233289266348458 -0.0729578591428983 0.0434722478919916
-0.0539480743566402 -0.00820909013318257 -0.065460408306861 0.0407978943255337
-0.0566602117194657 -0.0110699108980452 -0.0651533984645431 0.0129907769904991
-0.0539800384954468 -0.0165606189250755 -0.0679709712135822 -0.0168496719269411
-0.053231051573547 -0.0250453414927171 -0.0548466178520262 -0.0593446576164899
-0.0444550739492178 -0.0464821069581779 -0.0222076335840363 -0.0881549088651528
-0.0138247605351318 -0.0698083116732572 0.045504034179392 -0.0811414523724825
0.0364329666443511 -0.0746269389163589 0.076424370698932 -0.0195991601775553
0.0735650945625482 -0.053388289719721 0.0311738083047752 0.0324909675517964
0.0847349622404809 -0.0218755208999622 -0.0634238118669027 0.0402638237491143
0.0375325200173255 0.000706222612789285 -0.141119024902378 0.0720437351993373
0.0400142578403589 -0.0160420192076692 -0.113628609761598 0.0355436575750302
0.0241446875948918 -0.030286398313306 -0.101277809930493 0.0176423206269245
-0.000771059734369179 -0.029218933848809 -0.092086653182035 0.00644922230996752
-0.0117547992551185 -0.0232816851762863 -0.0974945226761433 0.0221616933184274
-0.0183963959552525 -0.012609714173585 -0.0884813178553327 0.0397893061912102
-0.0231568832590067 -0.00763610157590705 -0.0826015742849348 0.0388600658005683
-0.0256828175389564 -0.0133875631118371 -0.0817051337180943 0.00903788532555497
-0.0234055645370576 -0.0167900082222858 -0.0797797277757055 -0.024882452943352
-0.0210926665183333 -0.0221063651005236 -0.0577075292608535 -0.0721187005977717
-0.0149347874258743 -0.0338085866881815 -0.0161335860407328 -0.0976906749370501
0.00403423699502556 -0.0433120107377559 0.0491172879609799 -0.081618158429799
0.0387512957436224 -0.0391186149117515 0.0686178067670762 -0.0166398489561563
0.0553472345006002 -0.0149116452089135 0.016194569673757 0.0268704244009671
0.0469430481914732 0.00923553862670933 -0.0833158723232669 0.0331773922364139
-0.00138879992866169 -0.0237219335220344 0.097504009671321 -0.030068790313997
-0.0188015702208914 -0.00804466240656057 0.00452245325956488 -0.0512338651486766
-0.0174641674438335 0.00665806322914259 -0.063737582708878 -0.00645920572189891
-0.004985038891323 0.00714637572194229 -0.072079389214564 0.0661433543037787
-0.00758737273304376 0.00390879358504495 -0.0154688002852772 0.100482949594612
-0.00802043619327024 0.00434390011837052 0.0401726223000861 0.083213542981193
-0.00776338833169814 0.00629543704214725 0.07468791894032 0.0501153675252777
-0.0125217680241513 0.0101966683260204 0.0891810319203447 0.00943927394737277
-0.0147892434665401 0.0100934910364572 0.0894086924424775 -0.0149979527242979
-0.0196789633278497 0.00584749930386843 0.0901261226892162 -0.0253461096587917
-0.0209861963105085 -0.00621187393162754 0.0974243302216384 -0.0119681765057302
-0.0137300800731927 -0.0152490067576502 0.0987965869629364 0.00852426396702571
-0.0125706864694967 -0.0186804211940735 0.0969578856359779 0.0058595474597344
-0.00494199819853238 -0.0260668145906213 0.11446531606595 -0.00177998438732015
0.0136775101997168 -0.0343513936033834 0.143263697091911 -0.0396743575050226
0.0412464290588094 -0.0290853131366628 0.085743427157186 -0.0163546430303855
0.0153176557496484 -0.020881704195993 0.00395636981380769 -0.0455230450310647
0.00706761531658618 -0.0125502328443064 -0.0679662686362422 -0.00600600377326626
0.00378414693812998 -0.0179262985230509 -0.0767710296457235 0.0624098035261151
-0.0143070575442688 -0.0209567081230436 -0.0246761781087112 0.0976551207603542
-0.0263904014851268 -0.0128409934030491 0.0304032351544043 0.0852209608466842
-0.0330402095557928 -0.00345002046874624 0.0648633188480455 0.0548342085208975
-0.0437521511515448 0.00543556916634754 0.078654403545693 0.0139029614011063
-0.0475167808317882 0.00537040717865997 0.0774191295737988 -0.0137131781355968
-0.0551740920429001 -0.00262490030987033 0.0766442995690298 -0.0303578150497769
-0.0546851980668956 -0.0274490860881811 0.0854601703635868 -0.0248609400917584
-0.0328448570572316 -0.0524954859422818 0.0968513552308757 -0.00608064605075696
-0.00556493763005928 -0.0645818487572438 0.0980988839916336 -0.00086467954260096
0.0261098588784273 -0.0654604865693714 0.103815718875174 6.78014424555189E-05
0.0597623683610865 -0.0588494395189352 0.122560628349537 -0.0307278527418392
0.0802282641597761 -0.0312430600461575 0.0577379936426344 -0.0050642871982368
0.0525028137070737 -0.0332391764582547 -0.00809340587122121 -0.0441701199975134
0.0355612221570018 -0.0358045665582001 -0.0786681760977524 -0.00715044301303331
0.0117510974326765 -0.0469590711454009 -0.0833224103355866 0.0579056672616954
-0.022005838022805 -0.0463837986810627 -0.0329779439650055 0.0897620914870178
-0.0433957761734485 -0.029048198560136 0.0183268186285329 0.0802565080608687
-0.055047290415083 -0.0123150036589316 0.0479539283957005 0.0534578491369214
-0.0684772213772439 3.0131189421906E-05 0.057095908395739 0.015469055913708
-0.0729529951430682 0.000514708370339883 0.0534661232782639 -0.0113278777374286
-0.0819948830605327 -0.0071970023143233 0.0528344780785521 -0.0349928048376937
-0.0841814014912247 -0.0392291164787915 0.0637009097934205 -0.0392192406370674
-0.0535020943461183 -0.0789312418967692 0.0900089204233838 -0.0249149183363601
-0.00694284928822814 -0.101583692937934 0.0986422639228179 -0.00850115046456971
0.0479299253080395 -0.0992165639713909 0.0919771310799374 0.00757400214689723
0.0939716195176444 -0.0761203046252413 0.0897479172724092 -0.0149863392770844
0.107804678171606 -0.0319819292763947 0.0152803455172317 0.00587982909007068
0.0835538301668857 -0.0457249967812484 -0.0310498294978244 -0.0400325238908913
0.0595501613226861 -0.0623668008379159 -0.0913994336693752 -0.00656950526484368
0.0146601171777452 -0.0761042520582411 -0.0874019983530835 0.0500778057820418
-0.0321906352288726 -0.0682810466433915 -0.0426696262596921 0.0761035697086257
-0.0581022565702244 -0.0409759792102446 0.000571354932034104 0.0698632021402059
-0.0701315464917844 -0.017986047883103 0.0232322758543255 0.0488350748283577
-0.0835036636675727 -0.00617330044702252 0.0275860255970668 0.0159628913551978
-0.0866720025092184 -0.00539486532162692 0.0222419329153925 -0.00935855350175188
-0.0956131269199453 -0.012235910501816 0.0228310583206069 -0.0379473958979998
-0.0979238959057251 -0.0466046689618601 0.0367777957673103 -0.0513093967848271
-0.063778172510655 -0.0923100203219032 0.0783436956924339 -0.0433837124104138
-0.00518894750088803 -0.122476344118737 0.0970407995765522 -0.0127173834071894
0.0638197896960097 -0.115613409093942 0.0783070746065587 0.0195728749917029
0.115319196834389 -0.0803633210560586 0.0483704192240254 0.00624825642954218
0.118018940544044 -0.0290015781913323 -0.034385707387347 0.0182532964428279
0.099659267584114 -0.0537296282963982 -0.058037489185299 -0.0281239802761618
0.0705009566035986 -0.0805847294689122 -0.0994941933524865 -0.00344654227898653
0.0117784169885433 -0.0938127993453784 -0.0879698421314076 0.0361907756213484
-0.0401448698687744 -0.0790236409079271 -0.0553012487290387 0.0547040976270055
-0.0649218507307085 -0.0449235248213254 -0.0231227886172191 0.0546224186115904
-0.0754565518553028 -0.0191435372829437 -0.00668955723971068 0.0417634442530911
-0.085615549976356 -0.0112969034580942 -0.00546197491571973 0.013942926424198
-0.0864302132140872 -0.0123056597838507 -0.0104533273867225 -0.00975566676429993
-0.0925438227253426 -0.0195599516074629 -0.00718582716570331 -0.0416803623531024
-0.0917411371699222 -0.0517481437804039 0.0116897162120608 -0.0614508877007379
-0.0557556247840291 -0.0956185151892344 0.0649564051559489 -0.0562359686407684
0.00716829675022835 -0.122206777728473 0.0914489436205589 -0.0131470401313493
0.0751987543967004 -0.109297954261389 0.0621490105010182 0.0318950031989372
0.121278769097186 -0.0673027798779952 0.00469753677788006 0.0259365084480338
0.106521006237673 -0.0230627218520088 -0.0822683531780462 0.0329531373660718
0.0947635913898239 -0.0513526551849468 -0.084385824727439 -0.00961008010532621
0.0651974469605883 -0.0795183042046206 -0.101261631503641 0.00123716460230561
0.00608459392040011 -0.0899207947196117 -0.0860179486938811 0.018589338161373
-0.0401215839359637 -0.0727575092168986 -0.0694039464755517 0.0321062256632953
-0.0601181754169713 -0.0402088753499384 -0.0494278406484239 0.0403021858712717
-0.0676006676782735 -0.0175852619160497 -0.037652642135094 0.035775110119759
-0.0746852983358922 -0.0146502593729872 -0.0375214444628316 0.0109043374702882
-0.0721825641364632 -0.0188401880647173 -0.0405088256955099 -0.0136605010672579
-0.074626220883455 -0.0267314046385351 -0.0302134725709605 -0.0494113205215292
-0.0677455488649968 -0.0536612014054125 -0.00514179724639651 -0.0720033914626388
-0.0317320818861824 -0.0866244911684039 0.0557716412223892 -0.0649330986487362
0.0271999824070502 -0.101366455510901 0.0830227837677611 -0.0106059982015531
0.0812490939289544 -0.0811639623941556 0.0421704285436044 0.0386050420326048
0.109548801980408 -0.0419006590634697 -0.0363679791665568 0.0357319355016084
0.0760367400907649 -0.0121308584194302 -0.118560772950863 0.0462201041156681
0.0712773871101618 -0.0356576675718468 -0.101433359874143 0.00934023164087698
0.0478775663418796 -0.0587943587122639 -0.0975702505100497 0.00508746302420412
0.00242955092554081 -0.0647705712102623 -0.0840158459092618 0.00314669891031507
-0.0285985977135664 -0.0516788433292753 -0.0826477095327443 0.0147372686812247
-0.0424117793668664 -0.0285657623999699 -0.0721272299222125 0.0300616456679981
-0.0484410627682956 -0.0134060311362739 -0.0643148831458758 0.0309382378957985
-0.0529692618512109 -0.0164922106976677 -0.0632586336997317 0.00594722096999936
-0.0490411574880021 -0.0212955296625807 -0.0615379590112729 -0.0223005920801478
-0.0464312205819076 -0.0289264723655271 -0.0434263197680928 -0.0612085783148022
-0.036520791429117 -0.0477480664964368 -0.00894346909626619 -0.0836814877835557
-0.00615772827227107 -0.0665523451531247 0.053607786406133 -0.0695649525451368
0.0420190014993427 -0.0678063771719813 0.0742550664069927 -0.00790627928979431
0.0754035807572687 -0.0427806523138871 0.0228655694563717 0.0368779196342287
0.0835977523472254 -0.010746757547144 -0.0679082825304875 0.0342844075110949
0.0340066790405282 0.00580562843492069 -0.136696802411066 0.0538983902488482
0.0388146266787872 -0.00964912165934107 -0.107615875903985 0.0216199800326711
0.0263063870702878 -0.0243383164095389 -0.0928530075861504 0.00530774877193264
0.00372694219256396 -0.0274838966810636 -0.0842477223561796 -0.00540462163442851
-0.00804260014366935 -0.0232534160363066 -0.0914090665662226 0.00875608503205476
-0.0139000452506393 -0.014645371949332 -0.0863348798055655 0.026508700049897
-0.0201388765887458 -0.00861719684017977 -0.0807672649329609 0.0281787772844573
-0.0230322556313765 -0.0159333477761863 -0.078409630726105 -0.000104204315305283
-0.0199124062516307 -0.0185526178055552 -0.071967078803317 -0.0323404827163331
-0.0170807850861682 -0.0226929253108615 -0.0452899893359829 -0.0730295582782321
-0.0106690657208542 -0.03239521426393 -0.00322424831985893 -0.0920356782712622
0.00814001720752918 -0.0392096438348913 0.0570171161661631 -0.0704152237385559
0.0404960753199944 -0.0332931238188007 0.0668085164949876 -0.00692157909156908
0.0542328059097455 -0.00818074685314692 0.00956046149130125 0.0290225462302578
0.0439620177906259 0.0139789257506992 -0.0854232568252009 0.0239235560704644
-0.0010330285058357 -0.0228272379215954 0.0929498164650145 -0.0271779574258853
-0.0180208929084113 -0.00759450848937585 0.00524299434251957 -0.0500936392150566
-0.0171417783153372 0.00611837529452397 -0.0617206534820094 -0.00843819131957487
-0.00492033608521634 0.00626024364829081 -0.0706555418436598 0.0621836165385237
-0.00703287632053168 0.00345908108683919 -0.0170196341533247 0.0958033651339259
-0.00784032440583884 0.00425125797446792 0.0358878851634569 0.0802412461656137
-0.00777607522383515 0.00591453114963056 0.0705023444621923 0.0492753787007041
-0.0122796737181592 0.00969195587700737 0.0858209900594062 0.00997917906867069
-0.0146881754422647 0.00980846919770234 0.0866210426531371 -0.0135497544575865
-0.0192105883524827 0.00494270496239051 0.0876459187988925 -0.0229510156288139
-0.0202189795989764 -0.00598019628039851 0.0945296716616011 -0.00951824393651984
-0.0125480590732768 -0.0147286830749584 0.0956650573238881 0.0107839570163105
-0.0115489926703299 -0.0184036448696222 0.0934195849937986 0.00862536964489934
-0.0037470926827235 -0.025724497590754 0.110928091375022 0.00170859771489872
0.0135325786742581 -0.033381976831036 0.138447424498232 -0.034865507186563
0.0405403498725216 -0.026789837096006 0.0824871255230783 -0.0149186711173221
0.0158966887394467 -0.019743624015995 0.00445319975766505 -0.0446869011247374
0.00759823566674955 -0.0119050304614254 -0.0655596041094354 -0.00793413595413252
0.0039246849650018 -0.0167142289917917 -0.0759735593824404 0.0581323121105804
-0.0133649661541779 -0.0197864296303515 -0.0263240872408152 0.0925552918270734
-0.0253989223523233 -0.0123797801362333 0.0267875484137301 0.0821351212987479
-0.0320315983989118 -0.00380482552234807 0.0616019511818126 0.0531077930477688
-0.0423580194459989 0.00442782251190517 0.0754628032824663 0.0135284302533306
-0.0455426800735857 0.00454133126816584 0.0747027146940316 -0.0119499148607392
-0.052524720218053 -0.00262865833610289 0.0745387427937293 -0.0279724225584808
-0.0524425496212973 -0.0268979924277589 0.0836062877799043 -0.0218162388949988
-0.0299729741645223 -0.0512733077732798 0.0943172988639779 -0.00283941483728509
-0.00402697467491291 -0.0624167776572393 0.0940729215411589 0.00154982145205887
0.0272732367865087 -0.0629697303252123 0.100253419438082 0.00332191550254802
0.0584841209749005 -0.0557630592046488 0.118781938341766 -0.026831123856356
0.0778265300741793 -0.0278581161949076 0.0554889948475237 -0.00468326466351044
0.0508397514152559 -0.0300236828013299 -0.00704345903115209 -0.0443646116571663
0.0356000182332217 -0.0340073009210967 -0.0759629274298976 -0.00930197931543322
0.0124794567512486 -0.044464384229384 -0.0816572482252646 0.0536145088205415
-0.0201653866665752 -0.044981674203588 -0.0347921997777481 0.0856130063107049
-0.0413700055104492 -0.0284957977415835 0.0154191440255307 0.0774785178473092
-0.052647515038718 -0.0127461875305687 0.0451019713943169 0.051974459837324
-0.066083405347418 -0.000879738608558444 0.0551703107913868 0.0146997338863587
-0.0703839266668924 -0.000316708172414564 0.0520735061722027 -0.0107907800551785
-0.0787074822054536 -0.00800546751260096 0.0516757487038575 -0.0330656621678579
-0.0800699981588375 -0.0385996757262843 0.0630898259473833 -0.0363441293405624
-0.0496836285226757 -0.0767859428397587 0.0875979970401734 -0.0221365018115285
-0.00444822994508736 -0.098487022646494 0.0949261573939418 -0.00562234417121611
0.0483815825915671 -0.0946784432967102 0.0882139196996629 0.00969620221839667
0.0923542315808985 -0.0720170593618172 0.0868164195592105 -0.0120888283696758
0.104364292881397 -0.0275043331867561 0.0146856307091822 0.00457361700755245
0.0811497877373061 -0.0414978588495395 -0.0286440176161949 -0.0412072363988926
0.0588925011888261 -0.0585345956862224 -0.0876177630764534 -0.00880807562695455
0.0157686803466386 -0.0726686550942444 -0.0859012202130585 0.0457548492974979
-0.0295707668882994 -0.0658466203492052 -0.0429171327904166 0.0723849095981489
-0.0545971457412822 -0.0403514180375184 -0.00130286786910855 0.0664234899806379
-0.067467854633167 -0.0181570889177243 0.0211057374312365 0.0466753683703586
-0.0807587140370611 -0.00647707593677583 0.0266321146743196 0.0153745953870041
-0.0834046810140506 -0.00652622276230385 0.0222302096584881 -0.00911802874804074
-0.0916699790769434 -0.0122269609552348 0.0233949999913224 -0.0366500695802202
-0.0937130010461881 -0.0455828617794266 0.0377604434679159 -0.0483801966716197
-0.0591903454869585 -0.08993330421563 0.0766447865884092 -0.0395032256762425
-0.00205234405963971 -0.118485742679594 0.0923797405195622 -0.0104871285803602
0.0637958969128301 -0.11044549805317 0.0751901897227258 0.0213026273250265
0.112827598410445 -0.0752253747469254 0.0458567405921006 0.00733209549310061
0.113803862565624 -0.0252860120584897 -0.0334522940592704 0.0152583812362655
0.0963060696560455 -0.0494225964436703 -0.0551309072659359 -0.0305331149355277
0.0696767071122545 -0.0759989446166203 -0.0954385521989736 -0.00614618547408358
0.0132969022471903 -0.0899464592365029 -0.0861078260423557 0.0321466237335413
-0.037322249931495 -0.0760480229242143 -0.0553952146522623 0.050621846865844
-0.0613149430745006 -0.0443814276579638 -0.0237060717934937 0.0517686281513635
-0.0720863346544167 -0.0197063840712144 -0.00691968319247807 0.0403233573969303
-0.0821097477498148 -0.0113780535417335 -0.00525760980648772 0.0133106533090542
-0.0825049003728579 -0.0126695945008197 -0.00999393047819117 -0.00919639775616401
-0.0886102160181863 -0.0192958500837982 -0.00532424995057539 -0.040707570528961
-0.0876089670655578 -0.0503915138159665 0.0134069182867656 -0.0582856810050651
-0.0519813050199304 -0.0924762109459604 0.064290397935235 -0.051843830824326
0.00950886322918859 -0.117225300103839 0.0878067294067127 -0.0106428273259238
0.0751240774304852 -0.103485372043365 0.0589187766353092 0.0328146264652502
0.117174695428301 -0.0625788084453387 0.00308168442753183 0.0246404808649381
0.102504908174634 -0.0195786289132099 -0.0798499147852178 0.0293285457563891
0.0919155732688306 -0.0469899109952382 -0.0804112609332305 -0.0126979162733167
0.0648369609578819 -0.0750980964338808 -0.0967091282886448 -0.00137219322192987
0.00765924245932392 -0.0860528350769715 -0.0835942782730341 0.0150698271718595
-0.0373963204326546 -0.0703429250839293 -0.0687639250125433 0.0286585008317121
-0.0570769989298379 -0.0394711845746924 -0.0483722040078144 0.037427572356613
-0.0646565573979912 -0.017924253451077 -0.0371220113459217 0.033658229621176
-0.0723073841564348 -0.0147592281804739 -0.0363696533083177 0.0101200676259221
-0.0693637217512374 -0.0191793132461732 -0.037826749281979 -0.0136857559006256
-0.070048923488957 -0.0263383591545729 -0.0277386670910809 -0.0485006410603496
-0.0639299040468385 -0.0521079449745457 -0.00250821133484081 -0.0693201197782741
-0.0287083612893622 -0.0837280812022701 0.0558299269899862 -0.0613368553880301
0.0283829378374774 -0.0972466659052691 0.0800769659279554 -0.00863981194984969
0.0805366184075498 -0.076459315454942 0.0391157712528642 0.0384179261531396
0.106795715341188 -0.0373944602166286 -0.0358332023563916 0.0341809554619813
0.0731081980510245 -0.00969254684316786 -0.115011631451185 0.0415803384065066
0.0692567886642159 -0.0325112027480931 -0.0971020684182472 0.00611512043980015
0.0476044316720628 -0.0559776918389329 -0.0933437748296681 0.00196359200818479
0.0035116997753685 -0.0617355022211824 -0.0811944750770289 -0.000227732215155252
-0.0271939777071602 -0.0497240231423077 -0.0806909389092735 0.0118617565890314
-0.0395321599995063 -0.0284629035411414 -0.0702761909177444 0.027661682373964
-0.0461167701100346 -0.0133077351229317 -0.0625352912426907 0.0292077118797034
-0.0506276891217452 -0.0161403832794689 -0.0603847975981756 0.00502297726170044
-0.0468995880173801 -0.0212964274350229 -0.0586438162337694 -0.0216071014942941
-0.0436176033584071 -0.0282035583701827 -0.0404683178285133 -0.0597407142765659
-0.0339374271039635 -0.0459095866484528 -0.00622143877778383 -0.0800169898791132
-0.00442724157515894 -0.0636181572463762 0.0539800148961903 -0.065395110863084
0.0419831299715461 -0.0643542144147788 0.0713469369272952 -0.00604744117565293
0.0734123101179254 -0.0395275614673502 0.0205535921125108 0.0364471157838077
0.080444954746632 -0.00899873584881666 -0.0665276174722227 0.0323765610456335
0.032221707608622 0.0061423980757251 -0.132387755889693 0.0486459807215701
0.0370127066215814 -0.00843038758112753 -0.103532133534045 0.0180928734117313
0.0261857249842462 -0.0228886441932688 -0.088958496565599 0.00206344997135032
0.00445416127902054 -0.0255351480035191 -0.0816873388124972 -0.00793466142473553
-0.00723685300300806 -0.0222980199308771 -0.0884353616515351 0.00561898198005354
-0.0130117936571118 -0.0144670001090484 -0.0834748297788424 0.0237288785568892
-0.018736074176664 -0.00908575207418708 -0.0779435249000792 0.0259414189680167
-0.0221405646704294 -0.0154910866192755 -0.074932517011431 -0.000610055826206319
-0.0186822073310013 -0.0185275567874502 -0.06843526294608 -0.0315622625975744
-0.0153305674704162 -0.0219090192677634 -0.0421066857614955 -0.0707537050079807
-0.00914263033113932 -0.0303804699700444 4.41163972465843E-05 -0.0878748170005399
0.00843187010269054 -0.0373494478655022 0.0567707218441205 -0.0660804388229662
0.039655807276496 -0.031466469796902 0.0650175615423167 -0.00471496573043607
0.0519917806777347 -0.00658787589239213 0.0091565409097956 0.0284158324109485
0.0418440590546041 0.0143768209034845 -0.0823087543605972 0.0216186466107795
-0.000344990006564258 -0.0218336535163297 0.0936276021006361 -0.0247868590620707
-0.0170023901754905 -0.00841636243745492 0.00628135045583826 -0.0504818897974561
-0.0168520511037027 0.00594180112706646 -0.0615124188060616 -0.0117646687775761
-0.00537082042874417 0.00591394803426625 -0.0737007535382679 0.0593166079055673
-0.00767682519861022 0.00313476524468826 -0.0210552351209552 0.0949961919426808
-0.00801879036042816 0.00413333015375907 0.0321478072638845 0.0811382224396811
-0.008152585308604 0.00511734530292241 0.0685255618043582 0.0510769552016171
-0.013246173407088 0.00915315689010935 0.0852264286982388 0.0107633324500791
-0.014533389216846 0.00925387946654088 0.0874458514601456 -0.0112890548253558
-0.0189323380441008 0.00471386048652251 0.0882512989770031 -0.0200433814427557
-0.0200869076662272 -0.00650366959215127 0.0951020884904469 -0.00581372121646742
-0.0124291184927261 -0.0152685305493153 0.0950084333998837 0.0150525152127224
-0.0108141197286147 -0.0188937975411683 0.0927288772549969 0.0129042822183922
-0.0025811010247838 -0.0259965269796193 0.11081066386382 0.00657768321970372
0.0150581983840361 -0.0325469035045028 0.13957180318997 -0.0307119157054592
0.0407867865686663 -0.0247183390864982 0.0825809429270015 -0.0124395768938264
0.0166562667204771 -0.0185728378605682 0.0057238794261624 -0.0461085335611168
0.00838881229124931 -0.0115984108251004 -0.0653983566925971 -0.0117912718477945
0.00450175078049488 -0.0168838724482914 -0.0784620832571785 0.0549313059592799
-0.0126081185005857 -0.0204664502386314 -0.0299026282951 0.0915379000232314
-0.0250659906266368 -0.0131876765215254 0.0230369584671754 0.0821995144785793
-0.0320222873346039 -0.00536287678093493 0.0594759374693291 0.0544937954029666
-0.042765813833278 0.00339141134002037 0.0751116910539234 0.0147510845115357
-0.04606721010282 0.00308781711872838 0.0752348523715518 -0.010520429184234
-0.0526434653859417 -0.00474711087093603 0.0755440027844903 -0.0259476527137504
-0.0516415656056523 -0.0278907876489104 0.0852805822480291 -0.0189122935241964
-0.0286942921366565 -0.0525246607066387 0.0946865724264471 0.00041487828373933
-0.00171258341315208 -0.0623931192498335 0.094088976117496 0.00553008110423124
0.0300024032958978 -0.0628042642835424 0.100644067792043 0.00761168461449136
0.060164211257343 -0.0539662229123771 0.119476063717274 -0.0232511598840119
0.0783480755847025 -0.0247520091506314 0.0551598161977608 -0.00360280668159834
0.0517751152212346 -0.0280880780306551 -0.00573449816860352 -0.0464205119039334
0.037109979779827 -0.0326770322277336 -0.0756478167790946 -0.0126210266714419
0.0137746585855481 -0.0440144962360057 -0.0838993894785379 0.0504580262508657
-0.0187557376956311 -0.0452824160857327 -0.0381600793867739 0.0838373279209591
-0.0397339665965909 -0.0293866009797641 0.0114927344692042 0.0768841217290739
-0.0526833302611424 -0.0140371120512101 0.0430980795965936 0.0531405774398956
-0.0667283454451768 -0.00248179954946805 0.0548013539579015 0.0155873314858501
-0.0699864425097929 -0.00236576752313559 0.0525687941632265 -0.00964836090062732
-0.0781741978791899 -0.00973125894620919 0.0527377382027577 -0.0319815976571412
-0.0790714045372053 -0.0403889204132871 0.0648445784713697 -0.0342027913982548
-0.046961728614149 -0.0776824641162646 0.0892877380119087 -0.0181078947885158
-0.000905266899088979 -0.0988882663734121 0.094602459685273 -0.001952010449758
0.0521965069331667 -0.0933507794596855 0.0876126741219271 0.0139211476728826
0.0946113876788357 -0.069275553840576 0.0862595967731006 -0.00891982475325257
0.104936189255705 -0.0239096179548653 0.0138211421950801 0.004302067549978
0.0826463645512194 -0.0382657006268621 -0.0272721202379459 -0.043880963060893
0.0612232280273552 -0.0569221864984019 -0.0870566191446967 -0.0126617635502445
0.0179878334631943 -0.0714786898122578 -0.0873952743901745 0.0421472072512609
-0.0276473513377735 -0.06636364719639 -0.0466328717351063 0.0695655005897225
-0.0529466735614376 -0.0418680002731016 -0.00413968656119842 0.0658460485812282
-0.066917576283343 -0.0198985480117966 0.0193036919102044 0.0468624971651223
-0.0802033315713676 -0.00840713187889364 0.0262816135572862 0.0153120183558651
-0.0831593601928548 -0.00818273282879436 0.0224752486474149 -0.00857930921361202
-0.0904220177638552 -0.0146232550470984 0.0244847357431786 -0.0361315222046522
-0.0916872538698382 -0.0474068793541997 0.0402739467919002 -0.0469711622185773
-0.0566558973153362 -0.0914283307894162 0.0784298755032672 -0.0359587833721345
0.00121818678975149 -0.118374109364409 0.093154446052749 -0.00660080916150757
0.0680055776703432 -0.108391024276873 0.0740468625677397 0.024791167193392
0.114964252663573 -0.0713877250906007 0.0453859460343505 0.00932598763325203
0.114350571750666 -0.021259433754302 -0.0338967179547167 0.0137364400794613
0.0982108750866355 -0.045270192665188 -0.0538447298039269 -0.033880234722087
0.073028865495273 -0.0733956142499232 -0.0943768609012032 -0.0104232630762149
0.0158567111791729 -0.0883713155826459 -0.0877033012514141 0.0279245201441072
-0.0347787640171772 -0.07670516066555 -0.0584390330671483 0.0486550641514733
-0.059752303903216 -0.0457182553497145 -0.0254889787822766 0.0507268838701117
-0.0709822501680382 -0.0219311287549616 -0.00891622917325352 0.0393069810817485
-0.0821415099885073 -0.0131449131431084 -0.00546958823645026 0.0128661654176856
-0.0823997999347818 -0.0146886949817002 -0.00911574227873944 -0.0094726543176528
-0.0870110820682979 -0.0215814010920794 -0.00417098853411812 -0.0410581340394189
-0.0852200505055098 -0.0523824767895509 0.0166193302780215 -0.0579616419758063
-0.0489706455774335 -0.0931359377662998 0.0673238987328066 -0.0496435629512776
0.0130366274412204 -0.117218314951649 0.0882330523229177 -0.00786082241699114
0.078210707420287 -0.101031625877732 0.0571725900346155 0.0352045279224134
0.119049981982831 -0.058535377981803 0.00252470817548248 0.0255663467697419
0.102645535239708 -0.0162633827733319 -0.0806718934858661 0.0259824825874763
0.0931879346808365 -0.0427438864434148 -0.0796312434040693 -0.016385246189598
0.0676718469380157 -0.0735910457928306 -0.0965048553201984 -0.00555132866137044
0.0106344681852366 -0.085110465752781 -0.0846430048548691 0.0111349570568049
-0.0351473230982715 -0.0706801543739924 -0.0703332965821721 0.0254784528749856
-0.0553991337816178 -0.0408387644566661 -0.0499204455176385 0.0354294327483586
-0.0639928439212668 -0.0199220403658467 -0.0379913510991402 0.0324697707311804
-0.0716736302047399 -0.0165490432059201 -0.0361366065860015 0.00901247379326834
-0.0690941872359358 -0.0205387550721128 -0.0376727300311254 -0.01450730868927
-0.0691221252645727 -0.0275864488495612 -0.0258535228477827 -0.0489729495209563
-0.0616035793653278 -0.0530708634810239 0.00129778800581097 -0.068732694636201
-0.0260271785639505 -0.0836510501082887 0.0591906230186601 -0.0588705109206353
0.0308295073553215 -0.0963153951759329 0.0803575484010458 -0.00615316882545962
0.0827418353075815 -0.073651991589292 0.0379015301663647 0.0409711247553765
0.107560042469557 -0.034181097822031 -0.0376282283419561 0.0338041282086268
0.073436773137038 -0.00651937367590944 -0.116344906684665 0.0365229991487846
0.0698302140332686 -0.0295571998355899 -0.0968615790567561 0.00161939595462645
0.0497590470082118 -0.0546407875219101 -0.0928534816908635 -0.00213603009911701
0.00568739931610574 -0.060895464294127 -0.0820437075132334 -0.00354451653042188
-0.0249468615078419 -0.0501162817461608 -0.0819331463431097 0.00825346463407692
-0.03848414663407 -0.0296379635971722 -0.0713317560708648 0.0251116140343448
-0.045447584364203 -0.0147635333161504 -0.0625272091213602 0.026917399435567
-0.0501089402449292 -0.0175410901134059 -0.0602736786000745 0.004268930961349
-0.0461821562979982 -0.0226603391038033 -0.0570716595637006 -0.0225847426243517
-0.0422603858435579 -0.0293420796413417 -0.0378480370636609 -0.059965659532701
-0.0323959252401102 -0.0461479869628558 -0.00276151733218629 -0.0795475822635498
-0.00228678630382858 -0.0632203785112139 0.0566354696455199 -0.0631677025133786
0.0441879016801768 -0.0632681015677848 0.0719707061969271 -0.00398096065968261
0.0747432288332025 -0.0369074144038454 0.0186695704640121 0.0374516467431844
0.0801688728745678 -0.00624051008695536 -0.0668694907437819 0.0303173910190368
0.0321452570596591 0.00810906126793692 -0.134310551544201 0.0433984016880159
0.0371410411996125 -0.0067020517415003 -0.10327817486942 0.01349937822695
0.0272150384851806 -0.0222623795284305 -0.0889515701799012 -0.00212890143997208
0.00538762421571844 -0.0254901656084537 -0.0825118232724033 -0.0119374041216894
-0.00615396700254981 -0.0217966229148939 -0.0898383411852114 0.00190966244478993
-0.0121358867910152 -0.0147807983588577 -0.0845798950579555 0.0213003926828407
-0.0182409341710997 -0.00953960323243512 -0.0784941539954868 0.023970641384477
-0.0224652633944249 -0.0159290981280325 -0.0746510487249629 -0.00165398516415244
-0.0180209465367179 -0.0187793307147438 -0.066457058811691 -0.032625725123375
-0.0149890911418174 -0.0221905448427375 -0.0388900630823594 -0.0713800718750082
-0.00796428386745786 -0.030221595123274 0.00335887247722339 -0.0874515373365692
0.0097909866048974 -0.0365015109185433 0.0593558219209905 -0.063809294938939
0.0404781916828077 -0.0304687221023552 0.0652856420021226 -0.0026263675158023
0.0526184933975229 -0.0041318966718226 0.00695570185279988 0.0289502198094348
0.0415542386148724 0.0158935087900635 -0.0829387113985795 0.0185997393809068
