TRXV5
3
4
4
9
string Extension=J
integer IsArchMeasurement=1
integer IsSpherical=1
string Generator=SPM
string GeneratorVersion=1.3.1 Dev
double ArchRadius=0.449999988079071
integer FrequencyAxisIndex=0
integer AzimuthAxisIndex=1
integer ElevationAxisIndex=2
Frequency
5 136 690000000 960000000 LIN
Azimuth
7 8 0 2.74889357189107 LIN
Elevation
7 15 -2.74889357189107 2.74889357189107 LIN
Polar H Real Part
13
Polar H Imaginary Part
14
Polar V Real Part
13
Polar V Imaginary Part
14
Polar H Magnitude (dB)
12 0xC0000002 0 1
Polar H Phase
7 0xC0000003 0 1
Polar V Magnitude (dB)
12 0xC0000002 2 3
Polar V Phase
7 0xC0000003 2 3
-0.00239801406860352 0.00191092491149902 -0.0133209228515625 -0.0563888549804688
-0.00314688682556152 -0.00366806983947754 -0.00381660461425781 -0.0241374969482422
-0.00771617889404297 0.000690937042236329 0.0121736526489258 0.00342655181884766
-0.00360441207885742 0.00677347183227539 0.0341873168945313 0.00165748596191406
0.00207328796386719 0.00465774536132813 0.0404014587402344 -0.0107498168945313
0.00275874137878418 0.0012061595916748 0.038726806640625 -0.0278472900390625
0.00369858741760254 -0.00269556045532227 0.0284271240234375 -0.03704833984375
0.00235080718994141 -0.0020296573638916 0.0157222747802734 -0.0343818664550781
0.00257468223571777 -0.00250363349914551 0.00759506225585937 -0.0261116027832031
0.00507497787475586 -0.000648975372314453 0.00145721435546875 -0.0183563232421875
0.00441646575927734 0.00292634963989258 -0.0110530853271484 -0.014042854309082
-0.00178813934326172 0.00472497940063477 -0.0165424346923828 -0.0133552551269531
-0.00660991668701172 -0.00127220153808594 -0.0214385986328125 -0.0179042816162109
-0.000594139099121094 -0.00511693954467773 -0.0312881469726562 -0.0215435028076172
-0.00101494789123535 -0.00236058235168457 -0.0281028747558594 -0.0188522338867187
0.00461769104003906 0.02093505859375 -0.00858688354492187 -0.0523147583007812
0.00561332702636719 0.0132665634155273 0.00150108337402344 -0.0193328857421875
0.00185108184814453 0.0127687454223633 0.0162973403930664 0.00338363647460938
0.00840091705322265 0.0145959854125977 0.0360870361328125 0.00138473510742188
0.0143671035766602 0.00765705108642578 0.0401115417480469 -0.0102043151855469
0.0166044235229492 -0.00291156768798828 0.0374794006347656 -0.026641845703125
0.0145940780639648 -0.0115947723388672 0.0254592895507813 -0.0339679718017578
0.012019157409668 -0.0111303329467773 0.0117053985595703 -0.0301647186279297
0.012852668762207 -0.013397216796875 0.00323867797851563 -0.0223827362060547
0.0176334381103516 -0.0108661651611328 -0.00252914428710937 -0.0164117813110352
0.0188179016113281 -0.00211524963378906 -0.0143241882324219 -0.0125770568847656
0.0147027969360352 0.00454521179199219 -0.0169906616210938 -0.0130577087402344
0.00770235061645508 0.00645589828491211 -0.0214595794677734 -0.0171661376953125
0.0115318298339844 0.00769138336181641 -0.0280208587646484 -0.0178890228271484
0.00942802429199219 0.0133304595947266 -0.0255279541015625 -0.0140247344970703
0.00957870483398437 0.0369033813476562 -0.00320816040039062 -0.0420761108398438
0.0131702423095703 0.0299205780029297 0.00706577301025391 -0.00957584381103515
0.0126399993896484 0.0242633819580078 0.0202980041503906 0.00640869140625
0.0209865570068359 0.0220222473144531 0.037750244140625 0.002288818359375
0.0266056060791016 0.00942802429199219 0.0384521484375 -0.00979232788085938
0.0286731719970703 -0.00737571716308594 0.0331573486328125 -0.0251827239990234
0.0234603881835938 -0.0195770263671875 0.0193309783935547 -0.0278034210205078
0.0198650360107422 -0.0182666778564453 0.00621604919433594 -0.0218410491943359
0.0206317901611328 -0.0220546722412109 -0.001953125 -0.0135688781738281
0.0265007019042969 -0.019500732421875 -0.00807571411132812 -0.00947284698486328
0.0299167633056641 -0.00751686096191406 -0.0194015502929687 -0.00821495056152343
0.0280494689941406 0.00262641906738281 -0.0195846557617188 -0.0111751556396484
0.0216445922851563 0.0118770599365234 -0.0200653076171875 -0.0163135528564453
0.0230274200439453 0.0191268920898438 -0.0217342376708984 -0.0123996734619141
0.0180187225341797 0.0264358520507813 -0.0190582275390625 -0.00456047058105468
0.0143966674804688 0.047821044921875 0.00337600708007813 -0.0269851684570312
0.0220069885253906 0.0424652099609375 0.0129261016845703 0.00264644622802735
0.0237178802490234 0.0323562622070313 0.0235652923583984 0.0103416442871094
0.0324516296386719 0.0238189697265625 0.0359001159667969 0.00313949584960938
0.0359840393066406 0.00820541381835938 0.0327033996582031 -0.00872230529785156
0.0360641479492188 -0.0127067565917969 0.0249156951904297 -0.0211563110351563
0.0273532867431641 -0.0249004364013672 0.0106372833251953 -0.0182456970214844
0.0243453979492187 -0.0226955413818359 -0.00037860870361328 -0.00961875915527344
0.0254249572753906 -0.0272617340087891 -0.00752067565917969 -0.00164508819580078
0.031646728515625 -0.0248641967773437 -0.0133056640625 -0.000554084777832033
0.0363235473632813 -0.0113525390625 -0.0234012603759766 -0.001251220703125
0.0370712280273438 0.000560760498046875 -0.0215301513671875 -0.00814437866210938
0.0316677093505859 0.0157375335693359 -0.0180072784423828 -0.0150623321533203
0.0306243896484375 0.0277385711669922 -0.0124664306640625 -0.00553607940673828
0.0233688354492188 0.0365982055664063 -0.0101652145385742 0.00785923004150391
0.0176620483398437 0.0514488220214844 0.011235237121582 -0.0114650726318359
0.0277023315429687 0.0478172302246094 0.019683837890625 0.0143280029296875
0.0320587158203125 0.0334758758544922 0.0257415771484375 0.0130386352539063
0.0398597717285156 0.0218353271484375 0.0320644378662109 0.00464057922363281
0.0396308898925781 0.0036773681640625 0.0250282287597656 -0.00584983825683594
0.03741455078125 -0.0175514221191406 0.014988899230957 -0.0142192840576172
0.0270614624023438 -0.0267486572265625 0.00159263610839844 -0.00586652755737305
0.0240650177001953 -0.0236454010009766 -0.00741004943847656 0.00316381454467773
0.0255870819091797 -0.0282802581787109 -0.0130157470703125 0.0107889175415039
0.0321445465087891 -0.0253582000732422 -0.02001953125 0.00918006896972656
0.0376472473144531 -0.0108642578125 -0.0274200439453125 0.00545310974121094
0.0395774841308594 0.000759124755859375 -0.0228195190429687 -0.00525856018066407
0.035491943359375 0.0190658569335938 -0.0148830413818359 -0.0128259658813477
0.0328960418701172 0.0333023071289063 -0.00251317024230957 0.00244832038879395
0.0232620239257813 0.0417442321777344 -0.00164604187011719 0.0228710174560547
0.0174369812011719 0.0464515686035156 0.0196208953857422 0.00301170349121094
0.0301513671875 0.0443801879882813 0.0261516571044922 0.0223636627197266
0.0341644287109375 0.0287590026855469 0.0256366729736328 0.0145244598388672
0.039581298828125 0.0146598815917969 0.0256423950195313 0.00612068176269531
0.0371322631835938 -0.0020904541015625 0.015894889831543 -0.00144100189208984
0.0321292877197266 -0.0198612213134766 0.00460290908813477 -0.0045466423034668
0.0219974517822266 -0.0246906280517578 -0.00568532943725586 0.00729751586914062
0.0205898284912109 -0.0208110809326172 -0.013026237487793 0.0158843994140625
0.0226058959960938 -0.0241851806640625 -0.0186977386474609 0.0220241546630859
0.0283870697021484 -0.0212459564208984 -0.0260219573974609 0.0177764892578125
0.03399658203125 -0.00839424133300781 -0.0309848785400391 0.0109958648681641
0.0369071960449219 0.00246429443359375 -0.0241279602050781 -0.00213241577148438
0.0324878692626953 0.0205917358398437 -0.0118732452392578 -0.00959205627441406
0.0291690826416016 0.0345859527587891 0.00619029998779297 0.0111875534057617
0.0188980102539063 0.0418434143066406 0.0054931640625 0.0379867553710938
0.0132427215576172 0.0349674224853516 0.0268096923828125 0.0127391815185547
0.027099609375 0.0337429046630859 0.0317287445068359 0.0251846313476563
0.0298366546630859 0.0183525085449219 0.0253009796142578 0.0140666961669922
0.0308284759521484 0.00627517700195313 0.019073486328125 0.00808334350585938
0.0264434814453125 -0.00613594055175781 0.00943470001220703 0.00380420684814453
0.0205440521240234 -0.0182361602783203 -0.00186681747436523 0.00519084930419922
0.0133686065673828 -0.0182514190673828 -0.0107212066650391 0.0184421539306641
0.0133647918701172 -0.0149745941162109 -0.0166816711425781 0.026336669921875
0.0155048370361328 -0.0175952911376953 -0.0235061645507813 0.0299587249755859
0.0204010009765625 -0.01470947265625 -0.0322017669677734 0.0225067138671875
0.0259284973144531 -0.00483322143554688 -0.0348281860351562 0.0132427215576172
0.0286884307861328 0.00382614135742188 -0.0256385803222656 -4.19616699218796E-05
0.0246257781982422 0.0193309783935547 -0.0101242065429687 -0.00507926940917968
0.02081298828125 0.03076171875 0.00996971130371094 0.0200634002685547
0.010406494140625 0.0357894897460938 0.00854492187500001 0.0515937805175781
0.00548553466796875 0.0189666748046875 0.0311546325683594 0.0174827575683594
0.0178451538085938 0.01922607421875 0.0336761474609375 0.0242118835449219
0.0186920166015625 0.00756072998046875 0.0232200622558594 0.0128536224365234
0.0168075561523438 -0.000696182250976563 0.014801025390625 0.00999355316162109
0.012232780456543 -0.00757503509521484 0.00594711303710938 0.00880718231201172
0.00617694854736328 -0.0123376846313477 -0.00504589080810547 0.0131320953369141
0.00304698944091797 -0.00858592987060547 -0.0119571685791016 0.0261077880859375
0.00371074676513672 -0.00603008270263672 -0.0181026458740234 0.0321617126464844
0.00555610656738281 -0.00861978530883789 -0.0271110534667969 0.0344963073730469
0.00894546508789063 -0.00874137878417969 -0.0370368957519531 0.0251007080078125
0.0137624740600586 -0.00320529937744141 -0.0372886657714844 0.0138893127441406
0.017059326171875 0.00202751159667969 -0.0279884338378906 0.00171661376953125
0.0153522491455078 0.0132637023925781 -0.0110082626342773 -0.00197219848632813
0.0119495391845703 0.0211277008056641 0.00951004028320312 0.0267772674560547
0.00187873840332031 0.0228652954101563 0.00843811035156249 0.0604286193847656
-0.00203800201416016 0.00255012512207031 -0.0166053771972656 -0.0564041137695313
-0.00304937362670898 -0.0032966136932373 -0.00556373596191407 -0.0239944458007813
-0.00721025466918945 0.00127792358398437 0.0128974914550781 0.00239372253417969
-0.00283193588256836 0.00708484649658203 0.0349311828613281 -0.00083160400390625
0.00228404998779297 0.00475168228149414 0.0404014587402344 -0.0137672424316406
0.00350642204284668 0.000782489776611328 0.0376510620117188 -0.0306358337402344
0.00415945053100586 -0.00339031219482422 0.0256118774414063 -0.0392494201660156
0.00274968147277832 -0.00218081474304199 0.0128326416015625 -0.0355911254882813
0.00279712677001953 -0.00283408164978027 0.0056304931640625 -0.0271492004394531
0.00590419769287109 -0.000960826873779297 0.000202178955078125 -0.0187969207763672
0.00514698028564453 0.00302791595458984 -0.0121669769287109 -0.0135793685913086
-0.000794887542724609 0.00515270233154297 -0.0170364379882812 -0.012944221496582
-0.00625181198120117 -0.000336170196533202 -0.0227413177490234 -0.0176277160644531
-0.000818729400634766 -0.00519895553588867 -0.0332851409912109 -0.0205192565917969
-0.00139081478118896 -0.00204849243164062 -0.0306816101074219 -0.0180549621582031
0.00647926330566406 0.0212154388427734 -0.0112266540527344 -0.0515365600585938
0.00674152374267578 0.0133399963378906 0.00018310546875 -0.0193290710449219
0.00297927856445312 0.0131130218505859 0.0168628692626953 0.00273704528808594
0.00989913940429688 0.0141353607177734 0.0368690490722656 -0.000495910644531249
0.0153036117553711 0.00666904449462891 0.0399360656738281 -0.0131263732910156
0.0170173645019531 -0.00452709197998047 0.0366096496582031 -0.0297470092773438
0.0142145156860352 -0.0135135650634766 0.0233612060546875 -0.0360794067382813
0.0117368698120117 -0.0123319625854492 0.009368896484375 -0.0312232971191406
0.0123500823974609 -0.0143527984619141 0.00150489807128906 -0.0227527618408203
0.0174875259399414 -0.0122013092041016 -0.00389957427978515 -0.0166664123535156
0.0191612243652344 -0.00323295593261719 -0.0154075622558594 -0.0123939514160156
0.0152854919433594 0.00371551513671875 -0.018280029296875 -0.0121059417724609
0.00878334045410156 0.00615310668945313 -0.0229129791259766 -0.0166339874267578
0.0121297836303711 0.00774574279785156 -0.0301074981689453 -0.0167255401611328
0.01123046875 0.0128250122070313 -0.0275592803955078 -0.0126533508300781
0.0129508972167969 0.0370597839355469 -0.005859375 -0.0418701171875
0.0157184600830078 0.0297584533691406 0.00667572021484375 -0.00980567932128906
0.0141849517822266 0.0241184234619141 0.02105712890625 0.00561141967773438
0.022552490234375 0.0206851959228516 0.0380630493164063 -0.000133514404296874
0.0277233123779297 0.00736045837402344 0.0378913879394531 -0.0122642517089844
0.0284156799316406 -0.0101509094238281 0.0319042205810547 -0.0277614593505859
0.0223064422607422 -0.0215663909912109 0.0175094604492188 -0.0294246673583984
0.0189552307128906 -0.0202770233154297 0.00408554077148437 -0.0223731994628906
0.0194988250732422 -0.0241031646728516 -0.00316047668457031 -0.0132989883422852
0.0256824493408203 -0.0214786529541016 -0.00919723510742187 -0.00966930389404297
0.0299263000488281 -0.0100250244140625 -0.0199813842773438 -0.00655746459960938
0.0290145874023438 0.000104904174804688 -0.0209102630615234 -0.0102977752685547
0.0228252410888672 0.0111370086669922 -0.0219707489013672 -0.0163402557373047
0.0242061614990234 0.0182266235351563 -0.0236091613769531 -0.0113010406494141
0.0206050872802734 0.0262050628662109 -0.0202693939208984 -0.00361824035644531
0.019012451171875 0.0474510192871094 0.00223350524902344 -0.0269603729248047
0.0244598388671875 0.0410614013671875 0.0131692886352539 0.00290870666503906
0.0257835388183594 0.0309886932373047 0.0242938995361328 0.00978279113769531
0.0347385406494141 0.0222587585449219 0.0368576049804688 0.00182342529296875
0.0368156433105469 0.00513458251953125 0.0327415466308594 -0.0108127593994141
0.0355415344238281 -0.0151786804199219 0.0235385894775391 -0.0229988098144531
0.0260982513427734 -0.0272903442382813 0.00972938537597657 -0.0186252593994141
0.0228652954101563 -0.0250129699707031 -0.00165176391601562 -0.00957107543945313
0.0237312316894531 -0.0297622680664063 -0.00849485397338867 -0.000551223754882813
0.0301742553710938 -0.0273189544677734 -0.0144834518432617 0.000678062438964841
0.0361480712890625 -0.0133476257324219 -0.0238533020019531 -0.000211715698242184
0.0379371643066406 -0.00211334228515625 -0.0223484039306641 -0.00743293762207031
0.0331382751464844 0.0140304565429688 -0.0200710296630859 -0.0145683288574219
0.0325756072998047 0.0262031555175781 -0.0138626098632812 -0.00490093231201172
0.0262565612792969 0.0354270935058594 -0.0108499526977539 0.00856971740722657
0.0217094421386719 0.0505332946777344 0.0108566284179688 -0.0116643905639648
0.031524658203125 0.0461883544921875 0.0212154388427734 0.0136432647705078
0.03485107421875 0.0318984985351563 0.0265865325927734 0.0129566192626953
0.0422019958496094 0.0188751220703125 0.0327320098876953 0.00349235534667969
0.0406875610351563 0.000385284423828125 0.0245189666748047 -0.00683212280273438
0.0364227294921875 -0.0201339721679688 0.0137491226196289 -0.0153121948242188
0.0252399444580078 -0.0289688110351563 0.000837326049804689 -0.00584602355957031
0.0231266021728516 -0.0254402160644531 -0.00727367401123047 0.00410985946655273
0.0241832733154297 -0.0302944183349609 -0.0131864547729492 0.0122823715209961
0.0303993225097656 -0.0283565521240234 -0.0199451446533203 0.0108737945556641
0.0378379821777344 -0.0141410827636719 -0.0277996063232422 0.00746345520019532
0.0403213500976563 -0.00251388549804688 -0.0233535766601562 -0.00363731384277344
0.0373497009277344 0.0166473388671875 -0.0165929794311523 -0.0119380950927734
0.0350418090820313 0.0315322875976563 -0.0033717155456543 0.00191283226013184
0.0269737243652344 0.0411567687988281 -0.000890731811523436 0.0234050750732422
0.0210952758789062 0.0460853576660156 0.0204830169677734 0.00214958190917969
0.0339202880859375 0.0423851013183594 0.0286159515380859 0.0217437744140625
0.03704833984375 0.0262336730957031 0.0269966125488281 0.0143241882324219
0.0410385131835937 0.0124473571777344 0.026214599609375 0.00508308410644531
0.0371932983398437 -0.00469970703125 0.0157508850097656 -0.00214672088623047
0.0300064086914063 -0.0221347808837891 0.00447702407836914 -0.00469064712524414
0.0199623107910156 -0.0265712738037109 -0.00568532943725586 0.00743675231933594
0.0189228057861328 -0.0225124359130859 -0.0121831893920898 0.017512321472168
0.0207176208496094 -0.0263023376464844 -0.0170459747314453 0.0238304138183594
0.0271339416503906 -0.0234565734863281 -0.0252361297607422 0.0192279815673828
0.0339183807373047 -0.0106277465820313 -0.0312023162841797 0.0133304595947266
0.0376434326171875 0.00032806396484375 -0.0246410369873047 -0.000520706176757811
0.0344772338867188 0.0191211700439453 -0.0131311416625977 -0.00841140747070312
0.0311565399169922 0.0330944061279297 0.00646305084228516 0.0100593566894531
0.0223960876464844 0.0415420532226563 0.007110595703125 0.0379981994628906
0.0158729553222656 0.0340213775634766 0.0282192230224609 0.0115928649902344
0.0295619964599609 0.0320358276367188 0.0335922241210937 0.0242252349853516
0.0314922332763672 0.0165386199951172 0.0258655548095703 0.0130138397216797
0.0320472717285156 0.00412750244140625 0.0200080871582031 0.00759124755859375
0.0264205932617188 -0.00829505920410156 0.00936412811279297 0.00400161743164063
0.018585205078125 -0.019500732421875 -0.00217533111572266 0.00555610656738281
0.0119266510009766 -0.0193614959716797 -0.00983047485351563 0.0197296142578125
0.0117931365966797 -0.0155973434448242 -0.0147571563720703 0.0275669097900391
0.0143661499023438 -0.0189476013183594 -0.0222549438476562 0.0321979522705078
0.0189552307128906 -0.0162544250488281 -0.0312404632568359 0.0252838134765625
0.0255889892578125 -0.00618362426757812 -0.0349903106689453 0.0158920288085937
0.0292186737060547 0.002044677734375 -0.0262832641601562 0.00173759460449218
0.0265350341796875 0.0175991058349609 -0.0113201141357422 -0.00482177734375
0.0235137939453125 0.0292587280273438 0.0113067626953125 0.0188388824462891
0.0138034820556641 0.0349330902099609 0.0116615295410156 0.0511665344238281
0.00724411010742188 0.0179767608642578 0.0329875946044922 0.0158004760742188
0.0201606750488281 0.0179405212402344 0.0358619689941406 0.0233268737792969
0.0198001861572266 0.00577545166015625 0.024261474609375 0.0125675201416016
0.0173110961914063 -0.00237846374511719 0.0153312683105469 0.0101318359375
0.0113458633422852 -0.00834178924560547 0.00620460510253906 0.00905418395996094
0.00470447540283203 -0.0127115249633789 -0.00367641448974609 0.0134983062744141
0.00195550918579102 -0.0084390640258789 -0.0101394653320313 0.0274219512939453
0.00301742553710938 -0.00622940063476563 -0.0154037475585938 0.0342960357666016
0.00437021255493164 -0.00858926773071289 -0.0250129699707031 0.0368385314941406
0.00788021087646484 -0.00908279418945313 -0.0359344482421875 0.0275459289550781
0.0135078430175781 -0.00478267669677734 -0.0375328063964844 0.016998291015625
0.0170145034790039 0.000453948974609375 -0.0279922485351562 0.00336265563964844
0.0166292190551758 0.0120325088500977 -0.0118198394775391 -0.000787734985351563
0.0135326385498047 0.0204544067382813 0.0112075805664063 0.0259838104248047
0.00403404235839844 0.0229988098144531 0.0119285583496094 0.0608673095703125
-0.00132393836975098 0.00333118438720703 -0.0185623168945312 -0.054229736328125
-0.00334525108337402 -0.00241756439208984 -0.005950927734375 -0.0230178833007813
-0.00696325302124024 0.00200271606445313 0.0132226943969727 0.00134372711181641
-0.00194931030273437 0.00651931762695313 0.0343456268310547 -0.00242996215820312
0.00286364555358887 0.00426054000854492 0.0391159057617188 -0.0153236389160156
0.00398993492126465 0.00011754035949707 0.0354385375976563 -0.0320587158203125
0.00414824485778809 -0.0039522647857666 0.0226402282714844 -0.04046630859375
0.00294947624206543 -0.00259613990783691 0.0104866027832031 -0.0353469848632813
0.00309157371520996 -0.00272130966186523 0.00373649597167969 -0.0271282196044922
0.00562143325805664 -0.00152730941772461 -0.000680923461914064 -0.0190029144287109
0.00571775436401367 0.00236415863037109 -0.0120439529418945 -0.013096809387207
-0.000358581542968749 0.00574016571044922 -0.0173912048339844 -0.0116081237792969
-0.00642919540405274 0.000469684600830077 -0.0227222442626953 -0.0166740417480469
-0.00175046920776367 -0.00450563430786133 -0.0339508056640625 -0.0188674926757813
-0.00138688087463379 -0.00184047222137451 -0.0310249328613281 -0.0159626007080078
0.0079345703125 0.0205936431884766 -0.0132904052734375 -0.0497283935546875
0.00742912292480469 0.0125827789306641 -0.000587463378906251 -0.018402099609375
0.00395584106445313 0.0127124786376953 0.0166387557983398 0.00186061859130859
0.0108919143676758 0.0130720138549805 0.036163330078125 -0.0029754638671875
0.0156164169311523 0.00503253936767578 0.0387840270996094 -0.0147972106933594
0.0167694091796875 -0.00596046447753906 0.0343532562255859 -0.0315647125244141
0.0130901336669922 -0.0143404006958008 0.0203628540039062 -0.0368537902832031
0.0113859176635742 -0.0130891799926758 0.00731658935546875 -0.0305213928222656
0.0114927291870117 -0.0153970718383789 -0.000297546386718748 -0.0224704742431641
0.0165853500366211 -0.0130233764648438 -0.00505161285400391 -0.0165081024169922
0.0186786651611328 -0.0045013427734375 -0.0162868499755859 -0.0109891891479492
0.0157508850097656 0.00298023223876953 -0.0187511444091797 -0.0113468170166016
0.00904655456542969 0.00664138793945313 -0.0232658386230469 -0.0153770446777344
0.0118408203125 0.00726318359375 -0.0309963226318359 -0.0149669647216797
0.011652946472168 0.0125656127929688 -0.027923583984375 -0.0113525390625
0.0152015686035156 0.0353469848632813 -0.0070343017578125 -0.0400733947753906
0.0173797607421875 0.0275402069091797 0.00620555877685547 -0.00937080383300781
0.0156078338623047 0.0228443145751953 0.0210018157958984 0.004608154296875
0.0237541198730469 0.01849365234375 0.0373916625976563 -0.00107574462890625
0.0279903411865234 0.00529289245605469 0.0364952087402344 -0.0141105651855469
0.0271358489990234 -0.0116081237792969 0.0293807983398437 -0.0292224884033203
0.0201377868652344 -0.0226306915283203 0.0150966644287109 -0.0292129516601563
0.0178184509277344 -0.0212974548339844 0.00218009948730469 -0.0214767456054688
0.0180473327636719 -0.0249881744384766 -0.0045623779296875 -0.0124454498291016
0.0242080688476563 -0.0231342315673828 -0.00984573364257812 -0.00894546508789063
0.0290546417236328 -0.0114936828613281 -0.0204734802246094 -0.00551223754882812
0.0282745361328125 -0.00102806091308594 -0.0212917327880859 -0.00920486450195313
0.0225410461425781 0.00973320007324219 -0.0229587554931641 -0.01422119140625
0.0244522094726563 0.0168609619140625 -0.0241165161132812 -0.0100574493408203
0.0216999053955078 0.0244655609130859 -0.0206584930419922 -0.00213241577148437
0.0209159851074219 0.045806884765625 0.00171279907226563 -0.0256671905517578
0.0266685485839844 0.0390815734863281 0.0135030746459961 0.00265216827392578
0.0276641845703125 0.0292682647705078 0.0244941711425781 0.00906181335449219
0.0358428955078125 0.0196037292480469 0.0361213684082031 -8.01086425781238E-05
0.0362739562988281 0.0030364990234375 0.0313453674316406 -0.0118980407714844
0.0335731506347656 -0.0170707702636719 0.0222492218017578 -0.0232772827148438
0.0244178771972656 -0.0280075073242188 0.00829696655273438 -0.0183467864990234
0.0215072631835938 -0.0259342193603516 -0.00252914428710937 -0.00840044021606445
0.0213565826416016 -0.0308914184570313 -0.00810527801513672 -0.000394344329833986
0.0278701782226563 -0.0291271209716797 -0.0145959854125977 0.000682830810546873
0.0347709655761719 -0.0158348083496094 -0.0239219665527344 0.00145339965820313
0.0370979309082031 -0.00401687622070313 -0.0227336883544922 -0.00543785095214843
0.0330410003662109 0.0123882293701172 -0.0209579467773437 -0.0128421783447266
0.0332565307617188 0.0243186950683594 -0.0143270492553711 -0.00429439544677734
0.0280647277832031 0.0335197448730469 -0.0106048583984375 0.00933170318603516
0.0242805480957031 0.0480842590332031 0.011073112487793 -0.0110082626342773
0.0335807800292969 0.0438385009765625 0.0214157104492188 0.0132427215576172
0.035369873046875 0.0299873352050781 0.0266799926757813 0.0120754241943359
0.042083740234375 0.0160102844238281 0.0322303771972656 0.00254058837890625
0.0396957397460938 -0.00170516967773438 0.0239830017089844 -0.00826263427734375
0.0338821411132813 -0.0214385986328125 0.0120811462402344 -0.0155458450317383
0.0227432250976563 -0.0298328399658203 0.000432014465332033 -0.00519704818725586
0.0214424133300781 -0.0263099670410156 -0.00726175308227539 0.00522422790527344
0.0217876434326172 -0.0312080383300781 -0.0119209289550781 0.0133457183837891
0.0281352996826172 -0.0294075012207031 -0.0196495056152344 0.0111408233642578
0.0360870361328125 -0.0160140991210938 -0.0271778106689453 0.00886535644531249
0.0402984619140625 -0.0042572021484375 -0.0237884521484375 -0.00207328796386719
0.0371971130371094 0.0147171020507812 -0.0176658630371094 -0.0101852416992187
0.0360679626464844 0.0294456481933594 -0.00341963768005371 0.00217533111572266
0.0293540954589844 0.03851318359375 -0.0004119873046875 0.0226192474365234
0.023406982421875 0.0432777404785156 0.0207958221435547 0.001800537109375
0.035491943359375 0.0394859313964844 0.0288906097412109 0.0200366973876953
0.0369873046875 0.0243263244628906 0.0273952484130859 0.01300048828125
0.0408859252929687 0.0096893310546875 0.0263862609863281 0.00453758239746094
0.0356636047363281 -0.00683975219726563 0.015772819519043 -0.00235366821289063
0.0276031494140625 -0.0230865478515625 0.00387716293334961 -0.00502824783325195
0.0176944732666016 -0.0269279479980469 -0.00487041473388672 0.00797319412231445
0.0176162719726563 -0.0230255126953125 -0.0107955932617187 0.0180244445800781
0.0188579559326172 -0.0269641876220703 -0.0157108306884766 0.0246849060058594
0.0247917175292969 -0.0247230529785156 -0.0245342254638672 0.0204086303710938
0.0327033996582031 -0.0128936767578125 -0.0306491851806641 0.0148983001708984
0.0371246337890625 -0.002166748046875 -0.0244789123535156 0.00123977661132813
0.0346012115478516 0.0164890289306641 -0.0146398544311523 -0.00770378112792969
0.0326557159423828 0.0309066772460938 0.00617694854736328 0.00919151306152344
0.0242767333984375 0.0392532348632813 0.00835037231445313 0.0366554260253906
0.0178070068359375 0.0317535400390625 0.0285396575927734 0.0104789733886719
0.031158447265625 0.0293540954589844 0.0344181060791016 0.0222339630126953
0.0313701629638672 0.0149879455566406 0.0264854431152344 0.0125102996826172
0.0316638946533203 0.00217437744140625 0.0196914672851563 0.00763702392578125
0.0248641967773438 -0.00962257385253906 0.00922584533691406 0.00369453430175781
0.0170402526855469 -0.0201377868652344 -0.00171422958374023 0.00590896606445313
0.0102024078369141 -0.0186843872070312 -0.00806045532226562 0.0200119018554688
0.0108060836791992 -0.0155982971191406 -0.0128154754638672 0.0284175872802734
0.0128173828125 -0.0191307067871094 -0.0193691253662109 0.0328426361083984
0.01751708984375 -0.0174713134765625 -0.0297489166259766 0.0264263153076172
0.024749755859375 -0.0077362060546875 -0.0336666107177734 0.0177154541015625
0.0286312103271484 9.918212890625E-05 -0.0259685516357422 0.00323486328125001
0.0268936157226563 0.0160179138183594 -0.0118379592895508 -0.00397014617919922
0.0240383148193359 0.0278282165527344 0.0114326477050781 0.0176506042480469
0.0158824920654297 0.0333766937255859 0.0132255554199219 0.0492897033691406
0.00903224945068359 0.0169191360473633 0.0336170196533203 0.0138931274414063
0.0206279754638672 0.0155391693115234 0.0369148254394531 0.0214424133300781
0.0194282531738281 0.00455665588378906 0.0242843627929687 0.0114326477050781
0.0168466567993164 -0.00349712371826172 0.0156927108764648 0.00968265533447265
0.010493278503418 -0.00933742523193359 0.00652122497558594 0.00890636444091797
0.00384140014648438 -0.0119266510009766 -0.00325965881347656 0.0141658782958984
0.00150203704833984 -0.00731611251831055 -0.00785446166992188 0.0271282196044922
0.00271892547607422 -0.00579500198364258 -0.0130500793457031 0.0345439910888672
0.00351524353027344 -0.00822734832763672 -0.0223808288574219 0.0373344421386719
0.00670433044433594 -0.00925731658935547 -0.0335826873779297 0.0295391082763672
0.0127973556518555 -0.00499057769775391 -0.0366172790527344 0.0182304382324219
0.0166225433349609 0.000101089477539062 -0.0277519226074219 0.00478744506835938
0.0165195465087891 0.0105075836181641 -0.0120687484741211 -0.000374794006347657
0.0141181945800781 0.0183792114257813 0.0120658874511719 0.0242137908935547
0.00559425354003906 0.0220489501953125 0.0145492553710938 0.058624267578125
-0.000919580459594727 0.00315427780151367 -0.0183601379394531 -0.0514411926269531
-0.00264883041381836 -0.00279927253723144 -0.006256103515625 -0.0219135284423828
-0.00614356994628906 0.00225496292114258 0.0127601623535156 0.000978469848632813
-0.00132179260253906 0.00642251968383789 0.0335426330566406 -0.00339317321777344
0.00337791442871094 0.00333809852600098 0.0376472473144531 -0.016143798828125
0.00385594367980957 -0.000212669372558594 0.0333671569824219 -0.032257080078125
0.00443744659423828 -0.00462055206298828 0.0207557678222656 -0.0396499633789063
0.00342106819152832 -0.00306844711303711 0.00844192504882813 -0.0340957641601563
0.00331783294677734 -0.00314259529113769 0.00220489501953125 -0.0263042449951172
0.00613498687744141 -0.00199747085571289 -0.00150489807128906 -0.0187053680419922
0.005859375 0.00212621688842773 -0.012364387512207 -0.0122051239013672
6.53266906738277E-05 0.00577545166015625 -0.0170145034790039 -0.0118255615234375
-0.0057373046875 0.000756263732910157 -0.0227546691894531 -0.0162467956542969
-0.00174570083618164 -0.00396347045898438 -0.03375244140625 -0.0175361633300781
-0.00154602527618408 -0.0013967752456665 -0.0308723449707031 -0.0149650573730469
0.00878334045410156 0.0200214385986328 -0.0131378173828125 -0.0476303100585938
0.00743198394775391 0.0117835998535156 -0.000625610351562499 -0.017359733581543
0.00459384918212891 0.0123510360717773 0.0166196823120117 0.00198936462402344
0.0110940933227539 0.0122108459472656 0.0351486206054688 -0.00313186645507813
0.0156421661376953 0.00458717346191406 0.0371780395507813 -0.0151939392089844
0.0157108306884766 -0.00625419616699219 0.0317974090576172 -0.0311565399169922
0.0124502182006836 -0.0146160125732422 0.0183944702148437 -0.0353813171386719
0.0108461380004883 -0.0133886337280273 0.00546455383300781 -0.0295848846435547
0.0112075805664063 -0.0152368545532227 -0.00114059448242188 -0.0217018127441406
0.015833854675293 -0.0134067535400391 -0.00549221038818359 -0.016057014465332
0.0188198089599609 -0.00510025024414063 -0.0160245895385742 -0.0105924606323242
0.0156764984130859 0.00233745574951172 -0.0184516906738281 -0.0104236602783203
0.00907707214355469 0.00599098205566406 -0.0230140686035156 -0.0148181915283203
0.0112190246582031 0.00698375701904297 -0.0308609008789063 -0.0142326354980469
0.0113468170166016 0.0117311477661133 -0.0276985168457031 -0.00989151000976563
0.0164623260498047 0.0344600677490234 -0.00664901733398438 -0.0378799438476563
0.0172920227050781 0.0264625549316406 0.00583696365356445 -0.00825119018554687
0.0158824920654297 0.0219097137451172 0.0207157135009766 0.00529861450195313
0.0237598419189453 0.0177040100097656 0.0361289978027344 -0.00177764892578125
0.0268344879150391 0.00455856323242187 0.0349445343017578 -0.0144271850585938
0.0260009765625 -0.0117359161376953 0.0276241302490234 -0.028411865234375
0.0195598602294922 -0.0227737426757812 0.0134525299072266 -0.0282745361328125
0.0167636871337891 -0.0212287902832031 0.00148391723632812 -0.0199871063232422
0.0167465209960938 -0.0250072479248047 -0.0048980712890625 -0.012049674987793
0.0230331420898438 -0.0231971740722656 -0.0105600357055664 -0.00882911682128906
0.0284156799316406 -0.0116825103759766 -0.0203475952148437 -0.00494194030761719
0.0277442932128906 -0.00149154663085938 -0.0202255249023438 -0.00871086120605469
0.0224571228027344 0.00933837890625 -0.0229034423828125 -0.0133819580078125
0.0239448547363281 0.0159358978271484 -0.0237503051757812 -0.00921821594238281
0.0215930938720703 0.0232486724853516 -0.0201396942138672 -0.00168228149414062
0.0226058959960938 0.04364013671875 0.00131797790527344 -0.0246829986572266
0.0269203186035156 0.0371780395507813 0.0134620666503906 0.0028533935546875
0.0275688171386719 0.027801513671875 0.0245990753173828 0.00892066955566406
0.0353927612304688 0.0177497863769531 0.0357513427734375 1.08682505881033E-18
0.0353431701660156 0.00236129760742188 0.0298633575439453 -0.0118732452392578
0.0322666168212891 -0.0173988342285156 0.020233154296875 -0.0228157043457031
0.0225009918212891 -0.0275936126708984 0.00707530975341797 -0.0175466537475586
0.0203647613525391 -0.0258636474609375 -0.00261354446411133 -0.00774192810058594
0.0199146270751953 -0.0304927825927734 -0.00782346725463867 0.000733852386474609
0.0265941619873047 -0.0289745330810547 -0.0145683288574219 0.000905036926269527
0.0335273742675781 -0.0166702270507813 -0.0236873626708984 0.00215530395507812
0.0358734130859375 -0.00539398193359375 -0.0229263305664063 -0.00497627258300781
0.0320701599121094 0.0112686157226562 -0.0210685729980469 -0.011444091796875
0.0326862335205078 0.0226974487304688 -0.0145559310913086 -0.00437259674072265
0.0282802581787109 0.0319423675537109 -0.0108470916748047 0.00918865203857422
0.0253448486328125 0.0460472106933594 0.0110845565795898 -0.0106534957885742
0.0334663391113281 0.0405731201171875 0.0213794708251953 0.01287841796875
0.0349636077880859 0.0277748107910156 0.02581787109375 0.0116462707519531
0.0419387817382813 0.0143508911132813 0.0311908721923828 0.00241470336914063
0.0385055541992188 -0.00242233276367188 0.0226898193359375 -0.00775718688964844
0.0321598052978516 -0.0217361450195313 0.0110111236572266 -0.0147228240966797
0.0210609436035156 -0.0285873413085938 0.00065135955810547 -0.00483751296997071
0.0196647644042969 -0.0259532928466797 -0.00712823867797851 0.00595569610595703
0.0197105407714844 -0.03082275390625 -0.0112028121948242 0.0136318206787109
0.0262012481689453 -0.0291805267333984 -0.0187778472900391 0.0116386413574219
0.0345554351806641 -0.0167903900146484 -0.0264739990234375 0.00943183898925781
0.0389671325683594 -0.00562667846679688 -0.0232830047607422 -0.00155830383300781
0.0359687805175781 0.0133476257324219 -0.0179824829101563 -0.00960350036621094
0.03582763671875 0.0274391174316406 -0.00403141975402832 0.00213360786437989
0.0292892456054687 0.0367813110351562 -0.000471115112304683 0.0220279693603516
0.0240364074707031 0.0410728454589844 0.0206375122070313 0.00172615051269532
0.03509521484375 0.0366630554199219 0.0288658142089844 0.0194778442382813
0.0363388061523438 0.0227317810058594 0.0265789031982422 0.0125102996826172
0.04034423828125 0.00812149047851563 0.0255107879638672 0.00438499450683594
0.0346031188964844 -0.00719070434570313 0.0146617889404297 -0.00216579437255859
0.0261383056640625 -0.0225696563720703 0.00304222106933594 -0.00439834594726563
0.016815185546875 -0.0263881683349609 -0.00451517105102539 0.00836038589477539
0.0162010192871094 -0.0230827331542969 -0.00944137573242187 0.0187664031982422
0.0175113677978516 -0.0260391235351563 -0.0146846771240234 0.0246086120605469
0.0229625701904297 -0.0242385864257813 -0.0236873626708984 0.0207405090332031
0.0310401916503906 -0.0136032104492188 -0.0288047790527344 0.0151729583740234
0.0356712341308594 -0.00354385375976563 -0.0241718292236328 0.00189208984375
0.0335903167724609 0.0154571533203125 -0.0144758224487305 -0.00676727294921875
0.0323753356933594 0.0293064117431641 0.00586223602294922 0.00914478302001953
0.0251502990722656 0.0369110107421875 0.00879096984863281 0.0350131988525391
0.0189476013183594 0.0298671722412109 0.0281982421875 0.00965309143066406
0.0304851531982422 0.027008056640625 0.0343494415283203 0.0216579437255859
0.030609130859375 0.0137195587158203 0.0256576538085938 0.0119972229003906
0.0305938720703125 0.00142288208007813 0.0196075439453125 0.00755119323730469
0.0239067077636719 -0.00972175598144531 0.00900459289550781 0.00414371490478516
0.0154170989990234 -0.0196056365966797 -0.00141763687133789 0.00622034072875976
0.0089111328125 -0.0182819366455078 -0.006622314453125 0.0196380615234375
0.0100765228271484 -0.0154609680175781 -0.0114479064941406 0.0284671783447266
0.0111541748046875 -0.0181102752685547 -0.0179996490478516 0.0328731536865234
0.0160541534423828 -0.0171232223510742 -0.0279045104980469 0.0263500213623047
0.023651123046875 -0.0084075927734375 -0.0322170257568359 0.0179176330566406
0.0273284912109375 -0.000934600830078125 -0.0252475738525391 0.00377655029296875
0.0257186889648438 0.0147972106933594 -0.012110710144043 -0.00290679931640625
0.0243854522705078 0.0264167785644531 0.0112123489379883 0.0166006088256836
0.016387939453125 0.0314159393310547 0.0137176513671875 0.0471611022949219
0.00876140594482422 0.0151405334472656 0.0333290100097656 0.0131301879882813
0.0202102661132812 0.0142192840576172 0.0359764099121094 0.0199317932128906
0.01885986328125 0.00415420532226563 0.0245437622070313 0.0111560821533203
0.015899658203125 -0.00369453430175781 0.0155801773071289 0.00963878631591797
0.00991153717041016 -0.00867271423339844 0.00651359558105469 0.00883674621582031
0.00283432006835938 -0.0109701156616211 -0.00277519226074219 0.0134782791137695
0.000995159149169922 -0.00736045837402344 -0.0062255859375 0.0268363952636719
0.00272941589355469 -0.00602579116821289 -0.0111637115478516 0.0340328216552734
0.00324869155883789 -0.0074152946472168 -0.0202445983886719 0.0368156433105469
0.00578069686889648 -0.00861501693725586 -0.0320606231689453 0.0291156768798828
0.0123081207275391 -0.00508403778076172 -0.0345134735107422 0.0188312530517578
0.016047477722168 -0.00107765197753906 -0.0266933441162109 0.005340576171875
0.0159616470336914 0.0101079940795898 -0.0120763778686523 0.000101089477539062
0.0142021179199219 0.0176944732666016 0.0120983123779297 0.0225982666015625
0.00584602355957031 0.0206241607666016 0.0151290893554687 0.0559959411621094
-0.000458002090454101 0.00349950790405273 -0.0170669555664063 -0.0507469177246094
-0.00287556648254395 -0.00228023529052734 -0.00594329833984375 -0.0212116241455078
-0.00562715530395508 0.00229597091674805 0.0128822326660156 0.00190639495849609
-0.00120449066162109 0.00628137588500976 0.0322666168212891 -0.00308990478515625
0.00341892242431641 0.00399184226989746 0.0371627807617188 -0.0154647827148438
0.00365090370178223 -9.94205474853516E-05 0.0334072113037109 -0.0320491790771484
0.00399112701416016 -0.00473308563232422 0.0201606750488281 -0.0380859375
0.00361227989196777 -0.0033714771270752 0.00823783874511719 -0.0331668853759766
0.00369620323181152 -0.00324559211730957 0.00250053405761719 -0.0257644653320313
0.00643396377563477 -0.00141429901123047 -0.00210380554199219 -0.0189781188964844
0.00625705718994141 0.00249052047729492 -0.0121335983276367 -0.0126800537109375
9.8705291748047E-05 0.00565004348754883 -0.0169153213500977 -0.011601448059082
-0.00560569763183594 0.00123023986816406 -0.0222873687744141 -0.0170440673828125
-0.00203609466552734 -0.00389027595520019 -0.0327434539794922 -0.0182590484619141
-0.00148165225982666 -0.000929117202758789 -0.0302982330322266 -0.0149707794189453
0.00858306884765625 0.0192985534667969 -0.0120849609375 -0.0459518432617188
0.00729942321777344 0.0119409561157227 -0.000308990478515626 -0.0163755416870117
0.00442790985107422 0.0121250152587891 0.0166521072387695 0.00233078002929688
0.0111675262451172 0.0118675231933594 0.0343494415283203 -0.00236320495605469
0.015594482421875 0.00466728210449219 0.0366744995117188 -0.0142478942871094
0.0156040191650391 -0.00581073760986328 0.0315628051757813 -0.0307064056396484
0.0125083923339844 -0.0148487091064453 0.0182113647460937 -0.0344009399414063
0.0115804672241211 -0.0136613845825195 0.00544357299804688 -0.0284709930419922
0.0113525390625 -0.0156488418579102 -0.00130462646484375 -0.0212135314941406
0.016082763671875 -0.0131015777587891 -0.00586223602294922 -0.0157155990600586
0.0189189910888672 -0.004669189453125 -0.0157899856567383 -0.0101423263549805
0.0155820846557617 0.00282955169677734 -0.0181140899658203 -0.0109615325927734
0.00895023345947266 0.00653648376464844 -0.0232200622558594 -0.0153713226318359
0.0109748840332031 0.00770378112792969 -0.0300464630126953 -0.0145511627197266
0.0107135772705078 0.012049674987793 -0.0274810791015625 -0.0104331970214844
0.0159587860107422 0.0331878662109375 -0.00534439086914062 -0.0371475219726563
0.0163555145263672 0.0262699127197266 0.00601434707641602 -0.00765371322631836
0.0155544281005859 0.0219135284423828 0.0199489593505859 0.00551605224609375
0.0233688354492188 0.0163726806640625 0.0356101989746094 -0.000991821289062499
0.0263957977294922 0.00469207763671875 0.0343494415283203 -0.0132770538330078
0.0253639221191406 -0.0118522644042969 0.0270442962646484 -0.0277843475341797
0.0193195343017578 -0.0219917297363281 0.0134353637695313 -0.0272769927978516
0.0171318054199219 -0.0209312438964844 0.00169944763183594 -0.0186500549316406
0.0166835784912109 -0.02471923828125 -0.00510406494140625 -0.0109176635742188
0.0224094390869141 -0.0234794616699219 -0.0108270645141602 -0.00886344909667969
0.0279216766357422 -0.0120220184326172 -0.0200595855712891 -0.00528144836425781
0.0279769897460938 -0.00142478942871094 -0.0203590393066406 -0.00918197631835938
0.0219917297363281 0.0101776123046875 -0.0222263336181641 -0.0135440826416016
0.0226478576660156 0.0165386199951172 -0.0233192443847656 -0.00940513610839844
0.0208053588867188 0.0230064392089844 -0.0206356048583984 -0.00171470642089843
0.0220870971679687 0.0430908203125 0.0022735595703125 -0.0237560272216797
0.0260353088378906 0.0361824035644531 0.0136680603027344 0.00420951843261719
0.0263652801513672 0.0273227691650391 0.0235195159912109 0.00914192199707031
0.0343360900878906 0.0170917510986328 0.0346031188964844 0.00120925903320313
0.0347785949707031 0.0024261474609375 0.0293216705322266 -0.0111751556396484
0.0315151214599609 -0.0167236328125 0.0194072723388672 -0.0221118927001953
0.0221786499023438 -0.0269126892089844 0.0075521469116211 -0.0162200927734375
0.020294189453125 -0.0251445770263672 -0.00261259078979492 -0.00689601898193359
0.0195121765136719 -0.0294437408447266 -0.0086221694946289 0.000879764556884764
0.0258865356445313 -0.0284690856933594 -0.0150413513183594 0.00120449066162109
0.0333309173583984 -0.0158329010009766 -0.0234661102294922 0.00199699401855469
0.0355072021484375 -0.00508499145507813 -0.0221920013427734 -0.00461959838867188
0.0314922332763672 0.0117759704589844 -0.0209770202636719 -0.0110301971435547
0.0319881439208984 0.0233821868896484 -0.0144891738891602 -0.00396060943603516
0.0274810791015625 0.0313339233398438 -0.0111637115478516 0.00894927978515625
0.0247077941894531 0.0445137023925781 0.0114679336547852 -0.00967311859130859
0.0322952270507813 0.0398826599121094 0.0210933685302734 0.0130939483642578
0.0343894958496094 0.0279769897460938 0.0258712768554688 0.0128631591796875
0.0405197143554688 0.0150299072265625 0.0314292907714844 0.0034027099609375
0.0375480651855469 -0.00186920166015625 0.0227737426757813 -0.00679206848144531
0.0312232971191406 -0.0206394195556641 0.0107994079589844 -0.0142860412597656
0.0208110809326172 -0.0278720855712891 0.00072002410888672 -0.00416803359985352
0.0197315216064453 -0.0253486633300781 -0.00634574890136719 0.0064244270324707
0.0195369720458984 -0.0295448303222656 -0.0114049911499023 0.0134191513061523
0.0256633758544922 -0.0285396575927734 -0.01947021484375 0.0117168426513672
0.0335216522216797 -0.0162296295166016 -0.0262508392333984 0.00892257690429688
0.0379676818847656 -0.00558853149414063 -0.0226554870605469 -0.00172996520996094
0.0351524353027344 0.0138053894042969 -0.0180454254150391 -0.00893211364746094
0.0350151062011719 0.0277023315429687 -0.00448894500732422 0.00173664093017578
0.02880859375 0.0362205505371094 -0.000774383544921872 0.0216102600097656
0.0236282348632813 0.0397262573242188 0.0207786560058594 0.00237846374511719
0.0341377258300781 0.0363006591796875 0.0282230377197266 0.0203170776367188
0.035980224609375 0.0227241516113281 0.02593994140625 0.0141105651855469
0.0391616821289063 0.00824737548828125 0.0251293182373047 0.005584716796875
0.0340042114257813 -0.00650978088378906 0.0144758224487305 -0.00108432769775391
0.0252761840820313 -0.0218467712402344 0.00291919708251953 -0.00344586372375488
0.0161075592041016 -0.0248126983642578 -0.00387191772460937 0.00861501693725586
0.0163078308105469 -0.0214729309082031 -0.00913619995117187 0.0187091827392578
0.0168094635009766 -0.0258159637451172 -0.0138893127441406 0.0240192413330078
0.0227375030517578 -0.0234127044677734 -0.0230445861816406 0.0207538604736328
0.0306396484375 -0.0128402709960937 -0.0291805267333984 0.0145263671875
0.0352096557617188 -0.00312423706054687 -0.0236625671386719 0.00118255615234375
0.0329990386962891 0.0154609680175781 -0.015019416809082 -0.00635910034179687
0.0315341949462891 0.0288753509521484 0.00452327728271485 0.00926303863525391
0.0242919921875 0.035980224609375 0.00722694396972657 0.0348415374755859
0.0176906585693359 0.0290107727050781 0.0285930633544922 0.00990486145019531
0.0297393798828125 0.0265140533447266 0.0334892272949219 0.0221538543701172
0.0301036834716797 0.0136146545410156 0.0253696441650391 0.0125408172607422
0.0301132202148438 0.00124549865722656 0.0193595886230469 0.00775146484375
0.0231056213378906 -0.00943374633789063 0.00841665267944336 0.00485420227050781
0.0157337188720703 -0.0183906555175781 -0.0015559196472168 0.00639820098876953
0.00951862335205078 -0.0174732208251953 -0.00664138793945313 0.0196685791015625
0.0102682113647461 -0.0152482986450195 -0.0104045867919922 0.0278816223144531
0.0111331939697266 -0.0172510147094727 -0.0174655914306641 0.0323810577392578
0.0157346725463867 -0.0160856246948242 -0.0281753540039063 0.0260696411132813
0.0227680206298828 -0.0081939697265625 -0.0324440002441406 0.0175304412841797
0.0268325805664063 -0.000902175903320313 -0.024993896484375 0.00363349914550781
0.0251502990722656 0.0150012969970703 -0.0124320983886719 -0.00280475616455078
0.0235996246337891 0.0259857177734375 0.0104598999023438 0.0160379409790039
0.0166816711425781 0.030487060546875 0.01220703125 0.0470123291015625
0.00828170776367188 0.0140762329101562 0.0330390930175781 0.0132942199707031
0.0196495056152344 0.0138988494873047 0.0360298156738281 0.0199546813964844
0.0182380676269531 0.00380706787109375 0.0235614776611328 0.0117530822753906
0.0152139663696289 -0.00435352325439453 0.0156688690185547 0.0107021331787109
0.0089874267578125 -0.00858879089355469 0.00710439682006836 0.00864315032958984
0.00295639038085937 -0.0106868743896484 -0.00288105010986328 0.0140495300292969
0.000368118286132812 -0.0059809684753418 -0.00605010986328125 0.0259933471679688
0.00267887115478516 -0.00469779968261719 -0.0111198425292969 0.0332469940185547
0.00298261642456055 -0.00710248947143555 -0.0195960998535156 0.0356941223144531
0.00539064407348633 -0.00809383392333984 -0.0317134857177734 0.0282630920410156
0.0115642547607422 -0.00561904907226563 -0.0342216491699219 0.01806640625
0.0155057907104492 -0.000739097595214844 -0.0262832641601563 0.00475311279296875
0.0155906677246094 0.00971603393554687 -0.0117292404174805 0.000183105468749999
0.0134429931640625 0.0171365737915039 0.0114345550537109 0.0222606658935547
0.00605583190917969 0.0198478698730469 0.013092041015625 0.0547676086425781
-0.000664710998535156 0.0038909912109375 -0.0151634216308594 -0.0511627197265625
-0.00252485275268555 -0.00212240219116211 -0.00519371032714844 -0.0213203430175781
-0.00586032867431641 0.0020599365234375 0.0130519866943359 0.00195217132568359
-0.000494003295898437 0.00609636306762695 0.0333404541015625 -0.00235176086425781
0.00320744514465332 0.00314617156982422 0.0378265380859375 -0.0145454406738281
0.00451993942260742 -0.000352382659912109 0.0338916778564453 -0.0311679840087891
0.00491857528686523 -0.0054316520690918 0.0211715698242188 -0.0385932922363281
0.00480508804321289 -0.00370121002197266 0.00873947143554687 -0.0329227447509766
0.00395631790161133 -0.00365185737609863 0.0020751953125 -0.0260372161865234
0.00678062438964844 -0.00196361541748047 -0.00130271911621094 -0.0194187164306641
0.00603199005126953 0.00241231918334961 -0.0114936828613281 -0.013214111328125
0.00093841552734375 0.00623512268066406 -0.0164432525634766 -0.0124454498291016
-0.005828857421875 0.00136756896972656 -0.0228137969970703 -0.0179195404052734
-0.00201845169067383 -0.00346827507019043 -0.0332107543945313 -0.0188636779785156
-0.00185644626617432 -0.000595569610595703 -0.0309677124023438 -0.0160064697265625
0.00865554809570313 0.0202732086181641 -0.0102920532226563 -0.0460281372070313
0.00732135772705078 0.012639045715332 -0.000211715698242187 -0.0161247253417969
0.00447940826416016 0.0125722885131836 0.0168237686157227 0.00317859649658203
0.0119943618774414 0.0120220184326172 0.0347461700439453 -0.00160789489746094
0.0155429840087891 0.00475883483886719 0.0368270874023438 -0.01373291015625
0.0157098770141602 -0.00587749481201172 0.0330047607421875 -0.0300559997558594
0.0132598876953125 -0.0148773193359375 0.0188636779785156 -0.0342960357666016
0.0120372772216797 -0.0133161544799805 0.0058746337890625 -0.0278091430664063
0.0123252868652344 -0.0153627395629883 -0.001373291015625 -0.0213871002197266
0.0171747207641602 -0.0133247375488281 -0.00576114654541015 -0.0168132781982422
0.0193614959716797 -0.00463294982910156 -0.0156402587890625 -0.0112209320068359
0.0157890319824219 0.00349617004394531 -0.0181884765625 -0.0115814208984375
0.00850343704223633 0.00777006149291992 -0.0232810974121094 -0.0160884857177734
0.0106143951416016 0.00835704803466797 -0.0306892395019531 -0.0152912139892578
0.0106668472290039 0.0125274658203125 -0.0281028747558594 -0.0114574432373047
0.0160083770751953 0.0349826812744141 -0.00433349609375 -0.0369338989257813
0.0163230895996094 0.0263996124267578 0.00639677047729492 -0.00688076019287109
0.0151939392089844 0.0223865509033203 0.0200119018554688 0.00630950927734375
0.0238666534423828 0.0169811248779297 0.036346435546875 -0.000114440917968749
0.0264034271240234 0.00542259216308594 0.0352363586425781 -0.0122833251953125
0.0264644622802734 -0.0110187530517578 0.0279712677001953 -0.0264987945556641
0.0198383331298828 -0.0216484069824219 0.0138111114501953 -0.0268058776855469
0.0179634094238281 -0.0205154418945313 0.00177192687988282 -0.0183334350585938
0.0175743103027344 -0.024383544921875 -0.00484657287597656 -0.0108680725097656
0.0231075286865234 -0.0229549407958984 -0.0113115310668945 -0.00944709777832031
0.028961181640625 -0.0111370086669922 -0.0206527709960937 -0.00568580627441406
0.0281391143798828 -0.000520706176757813 -0.0207271575927734 -0.00949478149414062
0.0221023559570313 0.0109291076660156 -0.0233268737792969 -0.0141010284423828
0.0230941772460938 0.0178031921386719 -0.0243625640869141 -0.0104732513427734
0.0209083557128906 0.0237903594970703 -0.0212154388427734 -0.00246620178222656
0.0218048095703125 0.0436210632324219 0.00305747985839844 -0.0233364105224609
0.0253143310546875 0.0373649597167969 0.0133390426635742 0.00470733642578125
0.0262184143066406 0.0286769866943359 0.0239543914794922 0.0112648010253906
0.0353279113769531 0.0186538696289063 0.0352439880371094 0.00208282470703125
0.0347080230712891 0.00304794311523437 0.0298290252685547 -0.00980758666992187
0.0323734283447266 -0.0156402587890625 0.0198593139648438 -0.0212898254394531
0.0230178833007813 -0.0265846252441406 0.00771713256835938 -0.0164709091186523
0.0211563110351563 -0.0247097015380859 -0.00271224975585937 -0.00567436218261719
0.0208034515380859 -0.02996826171875 -0.00836706161499023 0.000888824462890623
0.026458740234375 -0.0277748107910156 -0.0157041549682617 0.000868797302246089
0.0342121124267578 -0.0159950256347656 -0.0244007110595703 0.00167274475097656
0.0360603332519531 -0.00370025634765625 -0.0227680206298828 -0.00650405883789063
0.0315608978271484 0.0132732391357422 -0.0219402313232422 -0.0115413665771484
0.0314369201660156 0.0243492126464844 -0.0150794982910156 -0.00434684753417968
0.0275745391845703 0.0320243835449219 -0.0119714736938477 0.00849533081054688
0.0248565673828125 0.0457000732421875 0.012298583984375 -0.00935649871826172
0.0315322875976563 0.0410614013671875 0.0209980010986328 0.0146255493164063
0.0341739654541016 0.0295047760009766 0.0257587432861328 0.0142574310302734
0.0411567687988281 0.0156135559082031 0.0313129425048828 0.00504112243652344
0.0377273559570313 -0.0009918212890625 0.0222930908203125 -0.00621604919433594
0.0320854187011719 -0.0200901031494141 0.0114650726318359 -0.0126934051513672
0.0214672088623047 -0.0283927917480469 0.0012202262878418 -0.00375676155090332
0.0202751159667969 -0.0260086059570312 -0.0067133903503418 0.00722074508666992
0.0203361511230469 -0.0292930603027344 -0.0114707946777344 0.0136337280273438
0.0263595581054687 -0.0281944274902344 -0.0206699371337891 0.0115756988525391
0.0346755981445312 -0.0164356231689453 -0.0271377563476563 0.00951194763183593
0.0385246276855469 -0.00442886352539063 -0.0237655639648438 -0.00201606750488281
0.0353202819824219 0.0149726867675781 -0.0186061859130859 -0.00926971435546875
0.0346221923828125 0.0291175842285156 -0.00482416152954101 0.00222301483154297
0.0284957885742187 0.0368461608886719 -0.00185394287109375 0.0220432281494141
0.02313232421875 0.0407676696777344 0.0214881896972656 0.00306320190429688
0.0328483581542969 0.0366287231445313 0.0281887054443359 0.0217304229736328
0.0351829528808594 0.0239753723144531 0.0265865325927734 0.0148696899414063
0.0394401550292969 0.00900650024414063 0.0258960723876953 0.00737762451171875
0.0341339111328125 -0.00608062744140625 0.0142946243286133 -0.000485420227050782
0.0264225006103516 -0.0211257934570313 0.00240039825439453 -0.00292396545410156
0.0166702270507813 -0.0241317749023438 -0.00410223007202148 0.00860881805419922
0.0172405242919922 -0.0221462249755859 -0.00962448120117188 0.0188999176025391
0.0173244476318359 -0.0248489379882813 -0.0146255493164062 0.024749755859375
0.0226840972900391 -0.0233879089355469 -0.0247306823730469 0.0207557678222656
0.0310115814208984 -0.0127391815185547 -0.0297260284423828 0.0146007537841797
0.0355339050292969 -0.00319290161132812 -0.0248947143554688 0.00127220153808593
0.0326614379882813 0.0160789489746094 -0.0148744583129883 -0.00640583038330078
0.0313358306884766 0.0298957824707031 0.00435447692871094 0.00912284851074219
0.0241470336914062 0.0369873046875 0.00630950927734375 0.0363197326660156
0.0179233551025391 0.0291271209716797 0.0286617279052734 0.0112419128417969
0.0292797088623047 0.0266819000244141 0.0335273742675781 0.0239925384521484
0.0294818878173828 0.0140476226806641 0.0253105163574219 0.0148601531982422
0.0303497314453125 0.00142478942871094 0.0194606781005859 0.00937080383300781
0.0233173370361328 -0.00867843627929688 0.00899505615234375 0.00531101226806641
0.0152921676635742 -0.0173587799072266 -0.00272274017333984 0.00690841674804687
0.00946044921875 -0.0178985595703125 -0.0069580078125 0.0198326110839844
0.0106067657470703 -0.0143852233886719 -0.0111408233642578 0.0285682678222656
0.0120096206665039 -0.0170936584472656 -0.0177497863769531 0.0322284698486328
0.0160350799560547 -0.0165891647338867 -0.0291004180908203 0.0261001586914063
0.0228805541992188 -0.00825691223144531 -0.0333671569824219 0.0172405242919922
0.0271492004394531 -0.000154495239257813 -0.0254039764404297 0.00290107727050782
0.0249614715576172 0.0152072906494141 -0.0126523971557617 -0.00309944152832031
0.0231781005859375 0.0260448455810547 0.0097036361694336 0.0167665481567383
0.0160751342773438 0.0308895111083984 0.0104942321777344 0.0472831726074219
0.00822830200195313 0.0144367218017578 0.0335330963134766 0.0141315460205078
0.0190639495849609 0.0137195587158203 0.0358390808105469 0.0220718383789063
0.0183811187744141 0.00413131713867188 0.0231876373291016 0.0133152008056641
0.0158023834228516 -0.00370883941650391 0.0158452987670898 0.0111799240112305
0.00878715515136719 -0.00832080841064453 0.00676727294921875 0.0103015899658203
0.00245475769042969 -0.010554313659668 -0.00285434722900391 0.0144214630126953
0.00102663040161133 -0.00584030151367187 -0.00659561157226562 0.026092529296875
0.00250530242919922 -0.00502681732177734 -0.0109901428222656 0.0330295562744141
0.00295639038085938 -0.00641870498657227 -0.0196800231933594 0.0360488891601563
0.00534963607788086 -0.0080409049987793 -0.0328407287597656 0.0280609130859375
0.010981559753418 -0.00522804260253906 -0.0351905822753906 0.01800537109375
0.0153541564941406 -0.000827789306640625 -0.0268535614013672 0.00486183166503906
0.015625 0.00973987579345703 -0.0121688842773438 8.67843627929687E-05
0.0136499404907227 0.0173931121826172 0.00994110107421875 0.0220890045166016
0.00649452209472656 0.019378662109375 0.0120315551757813 0.0553016662597656
-0.00119638442993164 0.00391387939453125 -0.0146942138671875 -0.0533218383789063
-0.00276780128479004 -0.00208616256713867 -0.00513267517089844 -0.0218524932861328
-0.00566959381103516 0.00228261947631836 0.0136814117431641 0.00231361389160156
-9.10758972167975E-05 0.00641202926635742 0.0343589782714844 -0.00209808349609375
0.00391387939453125 0.00336098670959473 0.0394554138183594 -0.0147056579589844
0.00486898422241211 -0.000547409057617188 0.0360870361328125 -0.0321617126464844
0.00480508804321289 -0.00594711303710938 0.0221977233886719 -0.0395584106445313
0.00507974624633789 -0.00429868698120117 0.00934410095214844 -0.0338268280029297
0.00495576858520508 -0.00397729873657227 0.00191879272460937 -0.0274085998535156
0.0076146125793457 -0.00228118896484375 -0.00166130065917969 -0.0203113555908203
0.00702095031738281 0.00252485275268555 -0.0122518539428711 -0.0142431259155273
0.0011601448059082 0.00684928894042969 -0.0172271728515625 -0.0138959884643555
-0.00604629516601563 0.00220203399658203 -0.0230827331542969 -0.0199298858642578
-0.00280094146728516 -0.00294589996337891 -0.0343952178955078 -0.0208892822265625
-0.00181078910827637 0.000120043754577637 -0.0320281982421875 -0.0166988372802734
0.00879096984863281 0.0218544006347656 -0.009429931640625 -0.0479965209960938
0.00753307342529297 0.0132675170898438 0.000670433044433595 -0.0158796310424805
0.00460243225097656 0.0134305953979492 0.0178070068359375 0.00374412536621094
0.0122175216674805 0.0128288269042969 0.036102294921875 -0.000576019287109374
0.016596794128418 0.00496196746826172 0.0387763977050781 -0.0133438110351563
0.0174436569213867 -0.0061798095703125 0.0334987640380859 -0.0304603576660156
0.0137825012207031 -0.0156431198120117 0.0198478698730469 -0.0353927612304688
0.0128145217895508 -0.0144777297973633 0.0066070556640625 -0.0285625457763672
0.0133123397827148 -0.0164222717285156 -0.00146675109863281 -0.0214653015136719
0.0178756713867187 -0.0136470794677734 -0.00727558135986328 -0.0173025131225586
0.0207023620605469 -0.00480842590332031 -0.0167160034179688 -0.0118637084960937
0.017094612121582 0.00406074523925781 -0.0195598602294922 -0.0129070281982422
0.00916957855224609 0.00810909271240234 -0.0240325927734375 -0.0176925659179688
0.0101547241210938 0.00920677185058594 -0.0323829650878906 -0.0157604217529297
0.0107269287109375 0.0143594741821289 -0.0295009613037109 -0.0116691589355469
0.0158843994140625 0.0363616943359375 -0.00365447998046875 -0.0380172729492188
0.016876220703125 0.0284519195556641 0.00724172592163086 -0.00632667541503906
0.0156650543212891 0.0241832733154297 0.0212593078613281 0.00787162780761719
0.0250511169433594 0.0179786682128906 0.0376548767089844 0.000759124755859376
0.0284709930419922 0.00555229187011719 0.0364151000976563 -0.0118865966796875
0.0273876190185547 -0.0110263824462891 0.0286140441894531 -0.0273094177246094
0.0207176208496094 -0.0233879089355469 0.0150508880615234 -0.0274810791015625
0.0194931030273438 -0.0225486755371094 0.00198936462402344 -0.0185909271240234
0.0186882019042969 -0.0261077880859375 -0.00541782379150391 -0.0112619400024414
0.0247173309326172 -0.0236530303955078 -0.0127773284912109 -0.00937366485595703
0.030487060546875 -0.0111827850341797 -0.0219898223876953 -0.00590324401855469
0.0299663543701172 0.000249862670898437 -0.0217704772949219 -0.010528564453125
0.0228729248046875 0.0121974945068359 -0.0240421295166016 -0.0145759582519531
0.0233440399169922 0.0187301635742188 -0.0259990692138672 -0.0105876922607422
0.0207500457763672 0.0258903503417969 -0.0225353240966797 -0.00246047973632812
0.0219612121582031 0.0456771850585937 0.00478935241699219 -0.0239200592041016
0.0260238647460937 0.0386238098144531 0.0142984390258789 0.00543212890625
0.0269927978515625 0.0309638977050781 0.0242843627929688 0.0127677917480469
0.0365715026855469 0.0194091796875 0.0367698669433594 0.00379180908203125
0.0364532470703125 0.003936767578125 0.0308513641357422 -0.00978660583496094
0.0333671569824219 -0.0163059234619141 0.0203857421875 -0.0214157104492188
0.0240612030029297 -0.0274486541748047 0.00798892974853515 -0.0166616439819336
0.0215816497802734 -0.0266017913818359 -0.00249910354614258 -0.00539731979370117
0.0210342407226562 -0.0307292938232422 -0.00923538208007812 0.00156688690185547
0.0274868011474609 -0.0293006896972656 -0.0173416137695313 0.00150680541992187
0.0354385375976563 -0.0163917541503906 -0.0257186889648437 0.0017242431640625
0.0378875732421875 -0.00403976440429688 -0.0241203308105469 -0.00609779357910156
0.0327033996582031 0.0148735046386719 -0.0228252410888672 -0.0121746063232422
0.0322933197021484 0.0259017944335938 -0.0165243148803711 -0.00455856323242187
0.0283393859863281 0.034027099609375 -0.0132589340209961 0.00987052917480469
0.0247383117675781 0.0471992492675781 0.0139541625976563 -0.00888538360595703
0.03240966796875 0.0423507690429688 0.0219554901123047 0.0160083770751953
0.0348644256591797 0.0316677093505859 0.026519775390625 0.0159473419189453
0.0430221557617188 0.0161933898925781 0.0329360961914063 0.00649642944335938
0.04034423828125 -0.00077056884765625 0.0234642028808594 -0.00492095947265625
0.03363037109375 -0.0201396942138672 0.0107240676879883 -0.0129623413085938
0.0232315063476562 -0.0283775329589844 0.000822067260742189 -0.00374746322631836
0.021209716796875 -0.026611328125 -0.00654840469360352 0.00793361663818359
0.0211048126220703 -0.030853271484375 -0.0123157501220703 0.0144338607788086
0.0274333953857422 -0.0292530059814453 -0.0216903686523437 0.0122833251953125
0.0364761352539063 -0.016510009765625 -0.0288524627685547 0.00899314880371094
0.040191650390625 -0.00467300415039063 -0.0248737335205078 -0.00241661071777344
0.0367698669433594 0.0165481567382813 -0.0195846557617187 -0.00979232788085938
0.0360145568847656 0.0305709838867188 -0.00581932067871093 0.00183200836181641
0.0295028686523438 0.03857421875 -0.00311660766601562 0.0230903625488281
0.0237808227539062 0.0420570373535156 0.0229625701904297 0.00390625
0.0343208312988281 0.0386390686035156 0.0292434692382813 0.0232276916503906
0.0360298156738281 0.0253524780273438 0.0268402099609375 0.0168190002441406
0.0411338806152344 0.009735107421875 0.0265712738037109 0.00869560241699219
0.0354766845703125 -0.00600433349609375 0.0149869918823242 0.000416755676269531
0.0271434783935547 -0.0214328765869141 0.00222086906433106 -0.00212907791137695
0.0181159973144531 -0.0247611999511719 -0.004302978515625 0.00983428955078125
0.0178928375244141 -0.0227146148681641 -0.00968360900878906 0.0202274322509766
0.0181789398193359 -0.025634765625 -0.0157546997070313 0.0256233215332031
0.0234603881835938 -0.0238075256347656 -0.0262660980224609 0.0212593078613281
0.0321426391601563 -0.0131015777587891 -0.0316791534423828 0.0153903961181641
0.0367584228515625 -0.00249481201171875 -0.0263118743896484 0.00129508972167969
0.0339450836181641 0.0172595977783203 -0.0160350799560547 -0.00659942626953125
0.0325374603271484 0.0312919616699219 0.00406551361083985 0.00955581665039063
0.0254135131835938 0.0382537841796875 0.00568008422851563 0.0369987487792969
0.01861572265625 0.0300712585449219 0.0299758911132812 0.0122299194335938
0.0298309326171875 0.0279293060302734 0.0342731475830078 0.0252418518066406
0.0310916900634766 0.0149402618408203 0.0263767242431641 0.0157527923583984
0.0314197540283203 0.00212669372558594 0.0205917358398438 0.0108261108398438
0.0244083404541016 -0.00903892517089844 0.0088338851928711 0.00653553009033203
0.0156764984130859 -0.0186195373535156 -0.00232839584350586 0.00803184509277344
0.0102195739746094 -0.0175094604492188 -0.006683349609375 0.020599365234375
0.0112285614013672 -0.0147132873535156 -0.011566162109375 0.0293407440185547
0.0121984481811523 -0.017064094543457 -0.0190296173095703 0.0330429077148437
0.0161228179931641 -0.0157718658447266 -0.0309505462646484 0.0274314880371094
0.0237197875976563 -0.00831031799316406 -0.0351104736328125 0.0179824829101563
0.0277557373046875 -0.000642776489257813 -0.0270004272460938 0.00305938720703125
0.0258426666259766 0.0159492492675781 -0.0129871368408203 -0.00313568115234375
0.0238838195800781 0.0275669097900391 0.00971603393554688 0.0176429748535156
0.016754150390625 0.0314750671386719 0.0102500915527344 0.0493278503417969
0.00869655609130859 0.0147085189819336 0.0349941253662109 0.015533447265625
0.0200996398925781 0.0138721466064453 0.037261962890625 0.0238418579101563
0.0197811126708984 0.00426864624023438 0.0248508453369141 0.0146217346191406
0.0161609649658203 -0.00423622131347656 0.0161247253417969 0.0132932662963867
0.00932502746582031 -0.00907135009765625 0.00714015960693359 0.0113964080810547
0.00196266174316406 -0.0101537704467773 -0.00323295593261719 0.0160274505615234
0.00109529495239258 -0.00580215454101563 -0.00649452209472656 0.0275478363037109
0.00289201736450195 -0.00458288192749023 -0.0113124847412109 0.0344104766845703
0.00290536880493164 -0.00650930404663086 -0.0216751098632812 0.0374221801757813
0.00494050979614258 -0.00748538970947266 -0.0345573425292969 0.0290069580078125
0.0113706588745117 -0.00525093078613281 -0.0369338989257813 0.0186271667480469
0.0155391693115234 -0.000920295715332031 -0.0282630920410156 0.0049591064453125
0.015899658203125 0.010467529296875 -0.0129356384277344 1.43051147460953E-05
0.0137786865234375 0.0182971954345703 0.0101890563964844 0.0231590270996094
0.00694084167480469 0.01983642578125 0.010986328125 0.0576133728027344
-0.00147342681884766 0.00525522232055664 -0.0156784057617187 -0.05572509765625
-0.00345253944396973 -0.00182962417602539 -0.00600433349609375 -0.0223331451416016
-0.00554704666137695 0.00382661819458008 0.0145444869995117 0.00278091430664063
0.000873088836669922 0.00658416748046875 0.0353279113769531 -0.00275039672851562
0.00479507446289062 0.00327873229980469 0.0408363342285156 -0.0164146423339844
0.00543880462646484 -0.00127267837524414 0.0365829467773437 -0.0351219177246094
0.00546360015869141 -0.00707340240478516 0.0221023559570312 -0.04254150390625
0.00544452667236328 -0.00523185729980469 0.0083465576171875 -0.0357208251953125
0.00618600845336914 -0.00461578369140625 0.000398635864257811 -0.0279884338378906
0.00873517990112305 -0.00263643264770508 -0.00341224670410156 -0.021728515625
0.00780677795410156 0.00166893005371094 -0.0141162872314453 -0.0150337219238281
0.0017085075378418 0.00705242156982422 -0.0185775756835937 -0.0139503479003906
-0.00595521926879883 0.00218677520751953 -0.0248203277587891 -0.0216598510742187
-0.00340938568115234 -0.00349259376525879 -0.0376014709472656 -0.0209197998046875
-0.00124955177307129 0.000953793525695801 -0.0350017547607422 -0.0174922943115234
0.00974464416503906 0.0230445861816406 -0.0105171203613281 -0.0499267578125
0.00845432281494141 0.0145330429077148 0.000945091247558595 -0.016118049621582
0.0054769515991211 0.014460563659668 0.0189037322998047 0.00442886352539063
0.0140800476074219 0.0123968124389648 0.0380058288574219 -0.001556396484375
0.0178680419921875 0.0045928955078125 0.0402565002441406 -0.0145988464355469
0.0175552368164063 -0.00676631927490234 0.0350074768066406 -0.0325412750244141
0.0136585235595703 -0.0178871154785156 0.0201606750488281 -0.0373077392578125
0.0131559371948242 -0.0164995193481445 0.00604820251464844 -0.0289955139160156
0.0140628814697266 -0.0183277130126953 -0.0026397705078125 -0.0218677520751953
0.0183963775634766 -0.0154972076416016 -0.0085906982421875 -0.0179595947265625
0.0216121673583984 -0.00505447387695313 -0.0188083648681641 -0.0121479034423828
0.0184879302978516 0.00439071655273438 -0.0212802886962891 -0.0131607055664063
0.00954055786132813 0.00931739807128906 -0.0262622833251953 -0.0183544158935547
0.0111551284790039 0.00920963287353516 -0.0349750518798828 -0.0157241821289062
0.0113725662231445 0.0147457122802734 -0.0310153961181641 -0.0112018585205078
0.0172080993652344 0.0385475158691406 -0.00351715087890625 -0.0397300720214844
0.0181789398193359 0.0299053192138672 0.00661993026733399 -0.00639915466308593
0.0175304412841797 0.0253868103027344 0.0227832794189453 0.00826263427734375
0.0275764465332031 0.0185871124267578 0.0392837524414063 0.000663757324218751
0.0298938751220703 0.0048980712890625 0.0382461547851563 -0.0132942199707031
0.0280647277832031 -0.0128097534179688 0.0296573638916016 -0.0289802551269531
0.0212974548339844 -0.0257530212402344 0.0149135589599609 -0.0286178588867188
0.0191154479980469 -0.0250358581542969 0.00109672546386719 -0.0186824798583984
0.0192947387695313 -0.0280494689941406 -0.00653266906738281 -0.0115718841552734
0.0260848999023438 -0.0260295867919922 -0.0148715972900391 -0.00960540771484376
0.0323066711425781 -0.0125942230224609 -0.023834228515625 -0.00593948364257812
0.0315876007080078 -0.000707626342773437 -0.022979736328125 -0.0100631713867187
0.0246753692626953 0.0134239196777344 -0.0268115997314453 -0.0149116516113281
0.0249347686767578 0.0199432373046875 -0.0276432037353516 -0.010040283203125
0.0235729217529297 0.0263633728027344 -0.0243301391601563 -0.00130844116210937
0.0238914489746094 0.0476417541503906 0.00441551208496094 -0.024505615234375
0.0280838012695312 0.0408782958984375 0.0148735046386719 0.00655078887939453
0.0287303924560547 0.0321044921875 0.0257625579833984 0.0133190155029297
0.0390472412109375 0.0195236206054688 0.0388946533203125 0.00394058227539063
0.0398368835449219 0.00262069702148438 0.0325851440429688 -0.0110034942626953
0.0350017547607422 -0.0174579620361328 0.0204830169677734 -0.0222835540771484
0.024627685546875 -0.0294685363769531 0.00783348083496094 -0.0171146392822266
0.0229988098144531 -0.0290203094482422 -0.00220441818237305 -0.00548934936523438
0.0212364196777344 -0.0339603424072266 -0.0095672607421875 0.00354576110839844
0.0280799865722656 -0.0319423675537109 -0.0190982818603516 0.00114822387695313
0.0368537902832031 -0.0183753967285156 -0.0271720886230469 0.00239181518554687
0.0400428771972656 -0.0055389404296875 -0.0262107849121094 -0.00551605224609376
0.0350532531738281 0.0151386260986328 -0.0249443054199219 -0.0121822357177734
0.0349960327148438 0.0269203186035156 -0.0176925659179687 -0.00438308715820312
0.0300216674804688 0.035675048828125 -0.0138826370239258 0.0102329254150391
0.0276832580566406 0.0493278503417969 0.0149612426757813 -0.00992584228515625
0.0350761413574219 0.0424003601074219 0.0229740142822266 0.0178737640380859
0.0376243591308594 0.0334510803222656 0.0280551910400391 0.0168190002441406
0.0448226928710938 0.0159034729003906 0.0348529815673828 0.00612068176269531
0.0418434143066406 -0.002227783203125 0.0237464904785156 -0.00577354431152344
0.0346641540527344 -0.0219211578369141 0.0117864608764648 -0.0124015808105469
0.0233745574951172 -0.031158447265625 0.000852346420288087 -0.00289535522460938
0.021820068359375 -0.0282135009765625 -0.00653028488159179 0.00854635238647461
0.0224266052246094 -0.0333156585693359 -0.0131301879882813 0.0168247222900391
0.0278129577636719 -0.0311412811279297 -0.0234584808349609 0.0134868621826172
0.0377769470214844 -0.0178565979003906 -0.0307674407958984 0.00995635986328124
0.0428962707519531 -0.00697708129882812 -0.0271873474121094 -0.001922607421875
0.0384407043457031 0.0176200866699219 -0.0213279724121094 -0.00877189636230468
0.0386924743652344 0.0313301086425781 -0.00726556777954101 0.00236892700195313
0.031646728515625 0.0402259826660156 -0.00314521789550781 0.0249843597412109
0.0262718200683594 0.0426368713378906 0.0241279602050781 0.00383186340332031
0.0366973876953125 0.0390701293945313 0.0317344665527344 0.0253143310546875
0.0392646789550781 0.0271949768066406 0.0287017822265625 0.0170192718505859
0.0438575744628906 0.00854873657226563 0.0285758972167969 0.00897216796875
0.0361442565917969 -0.00739669799804688 0.0166168212890625 -3.2424926757813E-05
0.0281524658203125 -0.0231533050537109 0.0025472640991211 -0.00180864334106445
0.0185012817382813 -0.0264835357666016 -0.00409507751464844 0.0116109848022461
0.0189323425292969 -0.0237655639648438 -0.00922393798828125 0.0216026306152344
0.0177574157714844 -0.0269584655761719 -0.0160770416259766 0.0274944305419922
0.0235233306884766 -0.0266742706298828 -0.0277252197265625 0.0237903594970703
0.0336532592773438 -0.0151042938232422 -0.0335769653320313 0.0173282623291016
0.0381202697753906 -0.00444412231445313 -0.027801513671875 0.00117111206054687
0.036529541015625 0.0174446105957031 -0.0171318054199219 -0.00523948669433594
0.0344619750976563 0.0324764251708984 0.00435543060302735 0.00971031188964844
0.0292015075683594 0.0391426086425781 0.005279541015625 0.0392074584960937
0.0199337005615234 0.0305595397949219 0.0326099395751953 0.0122470855712891
0.032623291015625 0.0280475616455078 0.0368423461914063 0.0262298583984375
0.0330219268798828 0.0154533386230469 0.0275745391845703 0.0171375274658203
0.0324916839599609 0.000736236572265625 0.0226325988769531 0.0123004913330078
0.0243244171142578 -0.0106678009033203 0.0101432800292969 0.00713062286376953
0.0151214599609375 -0.0186100006103516 -0.00224971771240234 0.00947952270507813
0.00984764099121094 -0.0186176300048828 -0.00725936889648437 0.0229301452636719
0.011927604675293 -0.0155925750732422 -0.0113277435302734 0.0317230224609375
0.0118522644042969 -0.0183238983154297 -0.0188865661621094 0.035736083984375
0.0156307220458984 -0.0168571472167969 -0.0323734283447266 0.0294704437255859
0.0236625671386719 -0.00944709777832031 -0.0364189147949219 0.0200576782226562
0.0293598175048828 -0.00112724304199219 -0.0285606384277344 0.00398635864257812
0.0273933410644531 0.0166873931884766 -0.0144195556640625 -0.00204658508300781
0.0260505676269531 0.0287055969238281 0.0100040435791016 0.0170650482177734
0.0182323455810547 0.0322036743164063 0.0112113952636719 0.0509757995605469
0.00993537902832031 0.0144453048706055 0.03680419921875 0.0153236389160156
0.0211811065673828 0.0133266448974609 0.040252685546875 0.0243072509765625
0.0212879180908203 0.00391769409179688 0.0258426666259766 0.0153713226318359
0.0167970657348633 -0.00469684600830078 0.0177249908447266 0.0137786865234375
0.00906181335449219 -0.00936985015869141 0.00712013244628906 0.0125741958618164
0.00139617919921875 -0.0100889205932617 -0.00243949890136719 0.017730712890625
0.000528335571289063 -0.00601100921630859 -0.00666618347167969 0.0294227600097656
0.00295686721801758 -0.00454187393188477 -0.0105972290039063 0.0361900329589844
0.00335788726806641 -0.00567483901977539 -0.0215377807617187 0.0395317077636719
0.00469207763671875 -0.00779342651367188 -0.0353469848632813 0.0306968688964844
0.0116176605224609 -0.00561428070068359 -0.0383071899414063 0.020843505859375
0.0166349411010742 -0.00131607055664063 -0.0299549102783203 0.00547981262207031
0.0163364410400391 0.00988483428955078 -0.0144214630126953 -0.000726699829101564
0.014434814453125 0.0176811218261719 0.0105781555175781 0.0235233306884766
0.00824165344238281 0.0204124450683594 0.0119743347167969 0.0600090026855469
-0.000710487365722657 0.00538444519042969 -0.0199470520019531 -0.0570106506347656
-0.00307393074035644 -0.00156688690185547 -0.00613212585449219 -0.0225677490234375
-0.00531578063964844 0.00389766693115234 0.0149669647216797 0.00281429290771484
0.00181865692138672 0.00707721710205078 0.0360794067382813 -0.00339508056640625
0.00505733489990234 0.00126886367797852 0.0414848327636719 -0.0188217163085938
0.00595998764038086 -0.00302743911743164 0.0367393493652344 -0.0382652282714844
0.00629806518554688 -0.009002685546875 0.0203399658203125 -0.0447883605957031
0.00443935394287109 -0.00565862655639648 0.00701522827148438 -0.0364303588867188
0.00605487823486328 -0.0064082145690918 -0.000808715820312502 -0.0304508209228516
0.00921630859375 -0.00382232666015625 -0.00458717346191406 -0.0230579376220703
0.00909614562988281 0.00250148773193359 -0.0155553817749023 -0.0148963928222656
0.0033268928527832 0.00770473480224609 -0.0207614898681641 -0.0146923065185547
-0.0071101188659668 0.00368595123291016 -0.0272293090820313 -0.0213451385498047
-0.00394701957702637 -0.00210094451904297 -0.040740966796875 -0.01971435546875
-0.00275516510009766 0.00169682502746582 -0.0373878479003906 -0.0164337158203125
0.0111122131347656 0.023529052734375 -0.0128974914550781 -0.0527229309082031
0.00955677032470703 0.0148429870605469 0.000562667846679687 -0.0168313980102539
0.00683307647705078 0.0147905349731445 0.0201377868652344 0.00333786010742188
0.0159988403320313 0.0120792388916016 0.0394935607910156 -0.00199508666992187
0.0187778472900391 0.00364112854003906 0.0405006408691406 -0.0176429748535156
0.0190925598144531 -0.00861740112304688 0.0331649780273438 -0.0356063842773438
0.0133514404296875 -0.0191211700439453 0.0175666809082031 -0.0387992858886719
0.0128078460693359 -0.0180091857910156 0.00424575805664063 -0.0302906036376953
0.0148239135742187 -0.0200748443603516 -0.00490379333496093 -0.0234012603759766
0.0185394287109375 -0.0167293548583984 -0.0101222991943359 -0.0184364318847656
0.0237007141113281 -0.00614356994628906 -0.0200138092041016 -0.0132484436035156
0.0206241607666016 0.00414466857910156 -0.0228977203369141 -0.0144615173339844
0.0103530883789063 0.0102167129516602 -0.0283412933349609 -0.0162906646728516
0.0111846923828125 0.0109424591064453 -0.0368232727050781 -0.0151405334472656
0.0125751495361328 0.0160751342773438 -0.0339012145996094 -0.0106182098388672
0.0187568664550781 0.0389480590820313 -0.00602340698242188 -0.0396995544433594
0.0210819244384766 0.0302753448486328 0.00823116302490235 -0.00650835037231445
0.0198383331298828 0.0269508361816406 0.0236301422119141 0.00718879699707031
0.0304698944091797 0.0152015686035156 0.0419540405273437 -0.00187301635742187
0.0309906005859375 0.00286293029785156 0.0381965637207031 -0.0147781372070312
0.0303421020507813 -0.0145797729492187 0.0278663635253906 -0.0309925079345703
0.0210418701171875 -0.027496337890625 0.013946533203125 -0.0300426483154297
0.0176963806152344 -0.026947021484375 0.00240135192871094 -0.0194854736328125
0.0202159881591797 -0.0305500030517578 -0.00721549987792969 -0.0114259719848633
0.0250530242919922 -0.0289402008056641 -0.0156736373901367 -0.00879287719726563
0.0334587097167969 -0.0163707733154297 -0.0270290374755859 -0.00501060485839844
0.0330905914306641 -0.00318336486816406 -0.02593994140625 -0.00767898559570312
0.0261478424072266 0.0130786895751953 -0.0281963348388672 -0.0146675109863281
0.0253582000732422 0.0183849334716797 -0.0290622711181641 -0.00948524475097656
0.0251140594482422 0.027099609375 -0.0247726440429687 -0.000133514404296873
0.027374267578125 0.0506439208984375 0.004638671875 -0.0256366729736328
0.0314559936523438 0.038482666015625 0.0161333084106445 0.00616168975830078
0.0327548980712891 0.0309848785400391 0.0272140502929688 0.0134220123291016
0.0393829345703125 0.0195274353027344 0.0408782958984375 0.00323486328125
0.0423469543457031 0.0005340576171875 0.0329113006591797 -0.0121669769287109
0.0364875793457031 -0.0211677551269531 0.0194759368896484 -0.0230903625488281
0.0238170623779297 -0.0312042236328125 0.00889873504638672 -0.0157470703125
0.0222206115722656 -0.0321063995361328 -0.00369167327880859 -0.00350189208984375
0.0205593109130859 -0.0350856781005859 -0.0128765106201172 0.00431442260742188
0.0284099578857422 -0.0334110260009766 -0.0204658508300781 0.00362014770507812
0.0375633239746094 -0.0204238891601563 -0.0293521881103516 0.00375556945800781
0.0412254333496094 -0.00765228271484375 -0.0279788970947266 -0.00428962707519532
0.0373764038085938 0.0132942199707031 -0.0266456604003906 -0.0107536315917969
0.0353965759277344 0.025482177734375 -0.0196018218994141 -0.00264549255371093
0.0326690673828125 0.0345859527587891 -0.0151453018188477 0.0131235122680664
0.0301132202148438 0.0498619079589844 0.0135173797607422 -0.00887775421142578
0.0388717651367188 0.0415306091308594 0.0253276824951172 0.0170993804931641
0.0398788452148438 0.0327796936035156 0.0299072265625 0.0176506042480469
0.0483360290527344 0.0145988464355469 0.0353851318359375 0.00485992431640625
0.0434188842773437 -0.00428390502929687 0.0256481170654297 -0.0048675537109375
0.0354728698730469 -0.0241737365722656 0.00949287414550781 -0.0125484466552734
0.0214576721191406 -0.0323715209960938 0.000422954559326173 -0.00305604934692383
0.0208969116210938 -0.0316867828369141 -0.00670623779296875 0.00945377349853516
0.021240234375 -0.0348110198974609 -0.0129966735839844 0.0189437866210938
0.0276622772216797 -0.0341453552246094 -0.0234222412109375 0.0164966583251953
0.0397529602050781 -0.0212593078613281 -0.0316829681396484 0.0131244659423828
0.04278564453125 -0.0100555419921875 -0.0293254852294922 0.000680923461914066
0.0409431457519531 0.0159416198730469 -0.0220966339111328 -0.00786781311035157
0.0414237976074219 0.0305900573730469 -0.00794124603271484 0.00373458862304688
0.035308837890625 0.0390167236328125 -0.00272750854492187 0.02520751953125
0.0275459289550781 0.0406570434570313 0.0257568359375 0.00132179260253906
0.0398826599121094 0.0381698608398438 0.0352363586425781 0.0245361328125
0.041290283203125 0.0273551940917969 0.0306568145751953 0.0190906524658203
0.0462875366210938 0.00725555419921875 0.0289688110351563 0.00802421569824219
0.0365371704101562 -0.0107917785644531 0.0179424285888672 0.000278472900390624
0.0264453887939453 -0.0249900817871094 0.00258016586303711 6.74724578857407E-05
0.017791748046875 -0.0288581848144531 -0.00265979766845703 0.0106077194213867
0.0176963806152344 -0.0245380401611328 -0.00770187377929688 0.0222740173339844
0.0168895721435547 -0.0279636383056641 -0.0157032012939453 0.0283699035644531
0.0223026275634766 -0.0266838073730469 -0.0265369415283203 0.0255393981933594
0.0318965911865234 -0.0161151885986328 -0.0333633422851562 0.0201911926269531
0.0379676818847656 -0.00511932373046875 -0.0269565582275391 0.00359535217285157
0.0396728515625 0.0152511596679688 -0.0182361602783203 -0.00484275817871094
0.0389251708984375 0.031036376953125 0.00343036651611328 0.00950145721435547
0.0305519104003906 0.0378150939941406 0.00794601440429688 0.0389022827148438
0.0220832824707031 0.0296478271484375 0.0334739685058594 0.0114059448242188
0.0345058441162109 0.0269451141357422 0.0391159057617188 0.0260238647460938
0.0360984802246094 0.0139884948730469 0.0295257568359375 0.0171222686767578
0.0328731536865234 -0.00115013122558594 0.0247688293457031 0.0111541748046875
0.0255222320556641 -0.0116672515869141 0.0120611190795898 0.00809478759765625
0.0159683227539063 -0.0200996398925781 -0.00255966186523437 0.0110397338867187
0.00851821899414063 -0.0194206237792969 -0.00429153442382812 0.0233554840087891
0.00941753387451172 -0.0173883438110352 -0.010040283203125 0.032928466796875
0.0106620788574219 -0.0184898376464844 -0.0173187255859375 0.0381431579589844
0.0137805938720703 -0.0183525085449219 -0.0303993225097656 0.0347919464111328
0.0226192474365234 -0.0114994049072266 -0.0356330871582031 0.0225448608398437
0.0294456481933594 -0.00350379943847656 -0.028900146484375 0.00735855102539063
0.0271739959716797 0.0152359008789063 -0.0171022415161133 -0.00344944000244141
0.0294380187988281 0.0255527496337891 0.0117015838623047 0.0171775817871094
0.0195026397705078 0.0314617156982422 0.0138893127441406 0.0530319213867188
0.0107488632202148 0.0145015716552734 0.0400810241699219 0.013275146484375
0.0211219787597656 0.0115222930908203 0.0404548645019531 0.0223655700683594
0.0211734771728516 0.00309181213378906 0.0286197662353516 0.0140895843505859
0.0187797546386719 -0.00828170776367188 0.0180320739746094 0.0125408172607422
0.00720405578613281 -0.0113868713378906 0.00962162017822265 0.0120449066162109
0.00176906585693359 -0.0108642578125 -0.00198173522949219 0.0192394256591797
0.00155925750732422 -0.00616884231567383 -0.00387954711914062 0.0304145812988281
0.00375199317932129 -0.00400972366333008 -0.0086669921875 0.0372467041015625
0.00236034393310547 -0.00529003143310547 -0.0189781188964844 0.0435791015625
0.00412559509277344 -0.00653791427612305 -0.03594970703125 0.0337028503417969
0.0083460807800293 -0.00632429122924805 -0.0391159057617188 0.0245590209960938
0.0173549652099609 -0.00257015228271484 -0.0308856964111328 0.00714874267578124
0.0170221328735352 0.0100336074829102 -0.0150537490844727 0.00111198425292969
0.0166416168212891 0.0152645111083984 0.0117664337158203 0.0226097106933594
0.00665664672851562 0.019256591796875 0.0161170959472656 0.0624961853027344
-0.000109195709228515 0.00626611709594727 -0.0209922790527344 -0.0555763244628906
-0.00237917900085449 -0.000166177749633789 -0.00785064697265625 -0.0204868316650391
-0.00486040115356445 0.00411558151245117 0.0159597396850586 0.00168895721435547
0.00178146362304688 0.00623178482055664 0.0368003845214844 -0.00596237182617188
0.00538873672485352 0.00196027755737305 0.0407257080078125 -0.0216827392578125
0.00568675994873047 -0.00317621231079102 0.03399658203125 -0.0402984619140625
0.00484561920166016 -0.00888919830322266 0.018524169921875 -0.0452079772949219
0.00446271896362305 -0.00736379623413086 0.00489425659179687 -0.0365829467773438
0.00612640380859375 -0.00784778594970703 -0.00223922729492187 -0.0281620025634766
0.00896167755126953 -0.00546932220458984 -0.0071563720703125 -0.0218105316162109
0.0100297927856445 0.00165271759033203 -0.0161943435668945 -0.0151185989379883
0.00289773941040039 0.0074772834777832 -0.02178955078125 -0.0143051147460938
-0.00586605072021484 0.00407123565673828 -0.0288162231445313 -0.0205879211425781
-0.00555801391601563 -0.0017242431640625 -0.0405387878417969 -0.0192184448242188
-0.00212371349334717 0.00209105014801025 -0.0370941162109375 -0.0147247314453125
0.0123138427734375 0.0244770050048828 -0.0149459838867188 -0.0502433776855469
0.00997543334960938 0.0145120620727539 -0.000511169433593748 -0.0161991119384766
0.00783348083496094 0.0161924362182617 0.0196952819824219 0.00382614135742188
0.016261100769043 0.0111656188964844 0.03900146484375 -0.00467681884765625
0.0188674926757813 0.00282859802246094 0.039947509765625 -0.0186653137207031
0.0185317993164062 -0.00983238220214844 0.0321159362792969 -0.0367240905761719
0.0127716064453125 -0.0208454132080078 0.0159263610839844 -0.0396881103515625
0.0122776031494141 -0.0201206207275391 0.00284385681152344 -0.0300273895263672
0.0125751495361328 -0.0215740203857422 -0.00662994384765625 -0.0211238861083984
0.0187320709228516 -0.0183067321777344 -0.0119638442993164 -0.0171222686767578
0.0231761932373047 -0.00872230529785156 -0.0212173461914063 -0.0110530853271484
0.0208377838134766 0.00275421142578125 -0.0241718292236328 -0.0122585296630859
0.0113039016723633 0.0104331970214844 -0.0294876098632812 -0.0165214538574219
0.0113496780395508 0.0107011795043945 -0.0378074645996094 -0.0127143859863281
0.0133447647094727 0.0159263610839844 -0.0344829559326172 -0.00855255126953125
0.0214271545410156 0.0391159057617188 -0.006011962890625 -0.03955078125
0.0227489471435547 0.0290603637695313 0.0078582763671875 -0.00659894943237305
0.0213184356689453 0.0250835418701172 0.0247001647949219 0.00807571411132813
0.0299854278564453 0.0159206390380859 0.0418624877929688 -0.00221633911132812
0.0317249298095703 0.00156974792480469 0.0370368957519531 -0.0163917541503906
0.0285110473632813 -0.0165939331054688 0.0268840789794922 -0.0316314697265625
0.0195789337158203 -0.0294113159179688 0.0116367340087891 -0.0297718048095703
0.0172939300537109 -0.0290031433105469 0.000732421875 -0.0184860229492188
0.0174999237060547 -0.0325851440429688 -0.00892543792724609 -0.00931739807128907
0.0241870880126953 -0.0295658111572266 -0.0171289443969727 -0.00796413421630859
0.0322303771972656 -0.0168800354003906 -0.0266132354736328 -0.00444602966308594
0.0336017608642578 -0.00416946411132813 -0.0276889801025391 -0.00815773010253906
0.0265445709228516 0.0119915008544922 -0.0298748016357422 -0.0127735137939453
0.0266704559326172 0.0196418762207031 -0.0306396484375 -0.00773048400878906
0.0259475708007812 0.0252437591552734 -0.0257797241210938 0.00118827819824219
0.0287055969238281 0.0472526550292969 0.00310897827148438 -0.0249195098876953
0.0328292846679688 0.0381507873535156 0.0166511535644531 0.00612258911132813
0.0338802337646484 0.0319766998291016 0.0282573699951172 0.0124111175537109
0.0431594848632813 0.0155601501464844 0.0411186218261719 0.00200271606445313
0.0417137145996094 -0.000713348388671875 0.0319747924804688 -0.0119590759277344
0.0339088439941406 -0.0229053497314453 0.0190849304199219 -0.0231094360351563
0.022125244140625 -0.0337200164794922 0.00652217864990234 -0.0167999267578125
0.0197544097900391 -0.0331687927246094 -0.00200319290161133 -0.00397348403930664
0.0194015502929688 -0.0376663208007812 -0.00989151000976563 0.00490093231201172
0.0252418518066406 -0.0363121032714844 -0.0207710266113281 0.00534629821777343
0.0373306274414063 -0.0232048034667969 -0.0295963287353516 0.00670814514160157
0.0414352416992188 -0.00986099243164063 -0.0286178588867187 -0.00299263000488282
0.0383987426757813 0.0132064819335938 -0.0281925201416016 -0.0089569091796875
0.0379180908203125 0.0252151489257812 -0.0204067230224609 -0.00170898437499999
0.0349216461181641 0.0334815979003906 -0.0146942138671875 0.0129194259643555
0.032684326171875 0.0479164123535156 0.0150375366210938 -0.0109701156616211
0.0399703979492188 0.0412788391113281 0.0265216827392578 0.0168075561523438
0.0423088073730469 0.030914306640625 0.030181884765625 0.0167999267578125
0.0481986999511719 0.0115242004394531 0.0373573303222656 0.004180908203125
0.04315185546875 -0.00656890869140625 0.0254039764404297 -0.00503730773925781
0.0337638854980469 -0.0271644592285156 0.0103273391723633 -0.0111246109008789
0.0214576721191406 -0.0341320037841797 0.00102853775024414 -0.00212788581848145
0.0195083618164063 -0.0324497222900391 -0.00477313995361328 0.0107173919677734
0.01739501953125 -0.0356903076171875 -0.0127754211425781 0.0186386108398437
0.0248947143554688 -0.0351982116699219 -0.0235958099365234 0.0185451507568359
0.0372428894042969 -0.0233268737792969 -0.0317859649658203 0.0156059265136719
0.0435638427734375 -0.011077880859375 -0.0295238494873047 0.00119972229003906
0.041900634765625 0.0142135620117188 -0.0241355895996094 -0.00648689270019531
0.0424575805664063 0.028167724609375 -0.00696182250976562 0.00343799591064453
0.0368576049804688 0.0361137390136719 -0.00210762023925781 0.0263729095458984
0.0311431884765625 0.0413093566894531 0.0249538421630859 0.00242233276367188
0.0406532287597656 0.0348892211914063 0.0340499877929688 0.0233001708984375
0.0431060791015625 0.0244331359863281 0.0318069458007813 0.0181026458740234
0.0456047058105469 0.0047760009765625 0.0306110382080078 0.00803565979003906
0.03778076171875 -0.0102691650390625 0.0169239044189453 0.00151252746582031
0.0260906219482422 -0.0255699157714844 0.00224637985229492 0.000347375869750975
0.0165271759033203 -0.02825927734375 -0.00236797332763672 0.0128278732299805
0.0152034759521484 -0.0272235870361328 -0.00712394714355469 0.0236358642578125
0.0154972076416016 -0.0297794342041016 -0.0142974853515625 0.0311317443847656
0.020751953125 -0.0290241241455078 -0.02655029296875 0.0286960601806641
0.0319328308105469 -0.0189781188964844 -0.0329818725585938 0.02154541015625
0.03875732421875 -0.00882720947265625 -0.0300617218017578 0.00606155395507813
0.0394554138183594 0.0147590637207031 -0.0186080932617187 -0.0038604736328125
0.0389747619628906 0.0290260314941406 0.00432777404785156 0.0111188888549805
0.0311393737792969 0.0357093811035156 0.00885391235351563 0.0398712158203125
0.0242862701416016 0.0278091430664062 0.0348663330078125 0.00959014892578125
0.0348834991455078 0.02398681640625 0.0411262512207031 0.0248146057128906
0.0352363586425781 0.0125770568847656 0.029632568359375 0.0156650543212891
0.033416748046875 -0.00303459167480469 0.0246658325195313 0.0112953186035156
0.0239963531494141 -0.0131340026855469 0.0117788314819336 0.00747489929199219
0.0136280059814453 -0.0204887390136719 -0.000398635864257811 0.0113992691040039
0.00864028930664062 -0.019561767578125 -0.00325393676757813 0.0236930847167969
0.00944614410400391 -0.0171432495117188 -0.0075531005859375 0.0330581665039063
0.0108394622802734 -0.0186557769775391 -0.0172920227050781 0.0395011901855469
0.013946533203125 -0.0182819366455078 -0.0303440093994141 0.0348548889160156
0.0226402282714844 -0.0113792419433594 -0.03570556640625 0.0244407653808594
0.0290374755859375 -0.00572395324707031 -0.0295791625976562 0.00699234008789063
0.0300884246826172 0.0135784149169922 -0.0157566070556641 -0.00135040283203125
0.0297374725341797 0.0246963500976563 0.0105381011962891 0.016749382019043
0.0212211608886719 0.0303573608398438 0.0154991149902344 0.0528907775878906
0.0113382339477539 0.0130949020385742 0.0400848388671875 0.0118255615234375
0.0220661163330078 0.0103206634521484 0.0433158874511719 0.0219650268554688
0.0217113494873047 0.000364303588867187 0.0286083221435547 0.0140285491943359
0.0161314010620117 -0.00765228271484375 0.0197944641113281 0.0148811340332031
0.00632762908935547 -0.0103607177734375 0.010859489440918 0.0127792358398438
-0.00118732452392578 -0.0102901458740234 9.91821289062494E-05 0.0201396942138672
0.000542640686035156 -0.00479745864868164 -0.00185966491699219 0.0308170318603516
0.00248289108276367 -0.00502347946166992 -0.00672149658203125 0.0376319885253906
0.00212574005126953 -0.00568151473999023 -0.0182113647460938 0.0423812866210937
0.00310897827148438 -0.00702524185180664 -0.032928466796875 0.0360221862792969
0.00997352600097656 -0.00673580169677734 -0.0384902954101563 0.0252838134765625
0.0154705047607422 -0.00301837921142578 -0.0311450958251953 0.00818824768066406
0.0170993804931641 0.00878143310546875 -0.0158557891845703 0.00156879425048828
0.0155868530273438 0.0161457061767578 0.0133800506591797 0.0220470428466797
0.0101051330566406 0.0177650451660156 0.0173072814941406 0.0604629516601563
0.000231742858886718 0.00792646408081055 -0.0212478637695312 -0.0543022155761719
-0.00257515907287598 0.000630855560302735 -0.00736808776855469 -0.0202465057373047
-0.00409984588623047 0.00458526611328125 0.0159025192260742 0.00154972076416016
0.00276517868041992 0.00604248046875 0.0367927551269531 -0.00645828247070313
0.0058283805847168 0.00116825103759766 0.0398712158203125 -0.0221481323242187
0.00652360916137695 -0.00357437133789063 0.032135009765625 -0.0405502319335938
0.00429916381835938 -0.0100812911987305 0.0168609619140625 -0.0455093383789063
0.00483989715576172 -0.00884819030761719 0.0043792724609375 -0.0365257263183594
0.00626802444458008 -0.00817584991455078 -0.00387001037597656 -0.0278434753417969
0.00970077514648438 -0.00568771362304687 -0.00796699523925781 -0.0222434997558594
0.00979137420654297 0.00048828125 -0.0173759460449219 -0.0143365859985352
0.00460481643676758 0.00792789459228516 -0.0217685699462891 -0.0139141082763672
-0.00542974472045898 0.00525999069213867 -0.0291194915771484 -0.0200023651123047
-0.00509357452392578 -0.000196456909179688 -0.0410804748535156 -0.0178718566894531
-0.00259590148925781 0.00312304496765137 -0.0377883911132813 -0.0139007568359375
0.0132122039794922 0.0243568420410156 -0.0152397155761719 -0.0490989685058594
0.0107059478759766 0.014958381652832 -0.000582695007324218 -0.0150156021118164
0.00905895233154297 0.0151710510253906 0.0201835632324219 0.00359535217285156
0.016484260559082 0.0106105804443359 0.0389900207519531 -0.00546646118164062
0.0192890167236328 0.00106239318847656 0.03912353515625 -0.0199470520019531
0.0180206298828125 -0.011688232421875 0.0307121276855469 -0.0365982055664063
0.0123672485351562 -0.0216083526611328 0.0150794982910156 -0.0392684936523437
0.0112762451171875 -0.0211944580078125 0.0025634765625 -0.0291328430175781
0.0123538970947266 -0.0223636627197266 -0.00655937194824219 -0.0204639434814453
0.0185279846191406 -0.0195999145507813 -0.0127382278442383 -0.0164365768432617
0.0226955413818359 -0.00920867919921875 -0.0220432281494141 -0.0105209350585937
0.021209716796875 0.00216865539550781 -0.0239810943603516 -0.0117378234863281
0.0111885070800781 0.0104007720947266 -0.0301570892333984 -0.0157852172851562
0.0111789703369141 0.0112991333007813 -0.0378799438476563 -0.0125923156738281
0.01300048828125 0.0156307220458984 -0.0343379974365234 -0.00744056701660156
0.0231857299804687 0.0383491516113281 -0.00652313232421875 -0.0386962890625
0.0225925445556641 0.0283241271972656 0.00823211669921875 -0.00493621826171875
0.021759033203125 0.0253868103027344 0.0249710083007813 0.008026123046875
0.0306053161621094 0.0144157409667969 0.04095458984375 -0.0023040771484375
0.0321006774902344 0.000644683837890625 0.0368766784667969 -0.0160903930664063
0.0285472869873047 -0.0175724029541016 0.0253791809082031 -0.0314502716064453
0.0185375213623047 -0.0300312042236328 0.0115280151367188 -0.0291805267333984
0.0163459777832031 -0.0297489166259766 -0.000205993652343749 -0.0179061889648438
0.0163345336914063 -0.0331821441650391 -0.00873708724975586 -0.00875377655029297
0.0236167907714844 -0.0306205749511719 -0.0174903869628906 -0.00611400604248047
0.0318164825439453 -0.018218994140625 -0.0267410278320312 -0.00241279602050781
0.0337409973144531 -0.0048828125 -0.0270595550537109 -0.00800132751464843
0.0269985198974609 0.01202392578125 -0.0296077728271484 -0.0114498138427734
0.026702880859375 0.0191364288330078 -0.0307369232177734 -0.006683349609375
0.0261554718017578 0.0253887176513672 -0.0259647369384766 0.00199127197265625
0.0301933288574219 0.0463333129882813 0.00349807739257813 -0.0246772766113281
0.0330009460449219 0.0371818542480469 0.0175552368164063 0.00697612762451172
0.0346145629882813 0.0305957794189453 0.0287666320800781 0.0135993957519531
0.0425529479980469 0.01434326171875 0.0406951904296875 0.000640869140625001
0.0409049987792969 -0.00278472900390625 0.0314540863037109 -0.0120353698730469
0.0336036682128906 -0.0235328674316406 0.0173740386962891 -0.0219688415527344
0.0210723876953125 -0.0347366333007812 0.00615119934082031 -0.0160589218139648
0.0186252593994141 -0.033935546875 -0.00257229804992676 -0.00367975234985352
0.0181159973144531 -0.0381813049316406 -0.0105657577514648 0.00562572479248047
0.0244483947753906 -0.0361557006835938 -0.0203628540039063 0.0066680908203125
0.0356483459472656 -0.0238151550292969 -0.02972412109375 0.00740623474121094
0.0410652160644531 -0.0107841491699219 -0.0290622711181641 -0.002716064453125
0.0381584167480469 0.0123825073242188 -0.0280723571777344 -0.00845909118652344
0.0380897521972656 0.0242042541503906 -0.0197353363037109 -0.000938415527343749
0.0351428985595703 0.0321254730224609 -0.0148229598999023 0.0137805938720703
0.0336647033691406 0.0467109680175781 0.0144882202148438 -0.0103769302368164
0.0398941040039063 0.0394744873046875 0.026275634765625 0.016845703125
0.042388916015625 0.0299873352050781 0.0312824249267578 0.0170764923095703
0.0479965209960938 0.0105857849121094 0.0369071960449219 0.0047149658203125
0.0421066284179688 -0.00752639770507813 0.0235176086425781 -0.00584220886230469
0.0325469970703125 -0.0266361236572266 0.00954437255859375 -0.0107040405273438
0.0196857452392578 -0.0346794128417969 0.00120055675506592 -0.00139069557189942
0.0184268951416016 -0.0330448150634766 -0.00463485717773438 0.0107536315917969
0.0170936584472656 -0.0367012023925781 -0.0122776031494141 0.0199356079101562
0.0230522155761719 -0.0357475280761719 -0.0236625671386719 0.0190105438232422
0.03533935546875 -0.0242424011230469 -0.0312099456787109 0.0166416168212891
0.0421867370605469 -0.0122642517089844 -0.0294284820556641 0.00247955322265625
0.0420341491699219 0.0125923156738281 -0.0235958099365234 -0.00528717041015625
0.0424308776855469 0.0265541076660156 -0.00696563720703125 0.00456047058105469
0.0370330810546875 0.0355110168457031 -0.00176239013671875 0.0268192291259766
0.0314521789550781 0.0396690368652344 0.0253257751464844 0.00167083740234375
0.0407562255859375 0.0332870483398438 0.0353889465332031 0.0231742858886719
0.0430793762207031 0.0222434997558594 0.0312347412109375 0.0183258056640625
0.0445175170898438 0.00346755981445313 0.0309562683105469 0.00866508483886719
0.036285400390625 -0.0118522644042969 0.0165853500366211 0.00140857696533203
0.0247440338134766 -0.0259685516357422 0.00269842147827149 0.00210404396057129
0.0152301788330078 -0.0295543670654297 -0.00227832794189453 0.0129756927490234
0.0144996643066406 -0.0269107818603516 -0.00589942932128906 0.023590087890625
0.0144023895263672 -0.0295467376708984 -0.0136222839355469 0.031585693359375
0.0195980072021484 -0.0283527374267578 -0.025848388671875 0.0294780731201172
0.0303707122802734 -0.0192184448242188 -0.0332450866699219 0.0228519439697266
0.0378189086914063 -0.00980758666992188 -0.0294361114501953 0.00632667541503906
0.0383682250976562 0.0134162902832031 -0.0196933746337891 -0.00304603576660156
0.0385894775390625 0.0273170471191406 0.00415802001953125 0.0106048583984375
0.0323638916015625 0.0344467163085938 0.00902938842773438 0.0397796630859375
0.0239543914794922 0.0270900726318359 0.0340175628662109 0.00878143310546875
0.0345916748046875 0.0219554901123047 0.0412712097167969 0.0236663818359375
0.0353279113769531 0.0113563537597656 0.0306739807128906 0.0165290832519531
0.0326671600341797 -0.00403213500976563 0.0251026153564453 0.0116386413574219
0.0227146148681641 -0.0138320922851563 0.0116252899169922 0.00785636901855469
0.0120754241943359 -0.0201435089111328 0.000129699707031252 0.0130701065063477
0.00749588012695312 -0.018402099609375 -0.00312995910644531 0.0237178802490234
0.00915336608886719 -0.0169992446899414 -0.00637626647949219 0.0323200225830078
0.00946426391601563 -0.0181770324707031 -0.0155220031738281 0.0395469665527344
0.0123176574707031 -0.0178375244140625 -0.0294036865234375 0.0354118347167969
0.021484375 -0.0118408203125 -0.0348148345947266 0.0259761810302734
0.0274734497070313 -0.005859375 -0.0290317535400391 0.00861740112304688
0.0289707183837891 0.0124473571777344 -0.0160989761352539 -6.58035278320296E-05
0.0290794372558594 0.0235252380371094 0.0109834671020508 0.0167217254638672
0.0220222473144531 0.0275402069091797 0.0155372619628906 0.05145263671875
0.0118331909179688 0.0112533569335938 0.0395736694335938 0.0108108520507813
0.0216712951660156 0.00889396667480469 0.0428504943847656 0.0204505920410156
0.0211620330810547 0.000616073608398438 0.0285682678222656 0.0145416259765625
0.0146093368530273 -0.00844860076904297 0.0209884643554688 0.0144615173339844
0.00567150115966797 -0.0111112594604492 0.0112905502319336 0.0131149291992188
-0.00162124633789062 -0.00889873504638672 0.00176239013671875 0.0198249816894531
-0.00101590156555176 -0.00433492660522461 -0.000999450683593748 0.0296134948730469
0.0018775463104248 -0.00424718856811523 -0.00555801391601563 0.0364990234375
0.00239372253417969 -0.00452136993408203 -0.0173454284667969 0.0426902770996094
0.0030980110168457 -0.00637531280517578 -0.032470703125 0.0369987487792969
0.00890064239501953 -0.00603771209716797 -0.0369453430175781 0.0255851745605469
0.01458740234375 -0.00366115570068359 -0.0305957794189453 0.00922775268554688
0.0167150497436523 0.00774192810058594 -0.015467643737793 0.00219440460205078
0.0160388946533203 0.0137424468994141 0.0125446319580078 0.0213813781738281
0.0098724365234375 0.0154638290405273 0.0177040100097656 0.0596733093261719
0.00103759765625 0.00898456573486328 -0.0200614929199219 -0.0542030334472656
-0.00181841850280762 0.00150036811828613 -0.00633049011230469 -0.0195903778076172
-0.00278663635253906 0.00472402572631836 0.0167531967163086 0.00160598754882813
0.00288105010986328 0.00550603866577149 0.0365829467773438 -0.00698089599609375
0.00635004043579102 0.00133323669433594 0.0393218994140625 -0.021881103515625
0.00650882720947266 -0.00475502014160156 0.0322914123535156 -0.0404243469238281
0.00412464141845703 -0.0112247467041016 0.0167655944824219 -0.0450172424316406
0.00498580932617188 -0.00981712341308594 0.00447845458984375 -0.0362510681152344
0.00636577606201172 -0.00974941253662109 -0.00381851196289062 -0.0274162292480469
0.010441780090332 -0.00656986236572266 -0.00821495056152344 -0.0221118927001953
0.0105524063110352 0.00052642822265625 -0.0176467895507813 -0.0147132873535156
0.0059356689453125 0.00754070281982422 -0.0219306945800781 -0.0142574310302734
-0.00521945953369141 0.00622320175170899 -0.0295047760009766 -0.0206985473632812
-0.00529098510742188 0.00135469436645508 -0.0407829284667969 -0.0184555053710937
-0.00262212753295899 0.00364112854003906 -0.0372161865234375 -0.0138931274414063
0.0134201049804688 0.0254669189453125 -0.0142784118652344 -0.0483589172363281
0.010894775390625 0.0152502059936523 0.000335693359375002 -0.0142450332641602
0.00981903076171875 0.0151844024658203 0.0209026336669922 0.0037078857421875
0.0174674987792969 0.0103254318237305 0.0390205383300781 -0.00512313842773437
0.0199165344238281 0.000745773315429688 0.0390167236328125 -0.018585205078125
0.0185394287109375 -0.0124149322509766 0.0301933288574219 -0.0360107421875
0.0119152069091797 -0.0225772857666016 0.0148391723632812 -0.0386123657226562
0.0111713409423828 -0.0219249725341797 0.00258255004882813 -0.0289955139160156
0.0125579833984375 -0.0234432220458984 -0.00684356689453125 -0.0202312469482422
0.0189952850341797 -0.0200786590576172 -0.0133333206176758 -0.016139030456543
0.0234870910644531 -0.00898933410644531 -0.0227832794189453 -0.0102481842041016
0.0217838287353516 0.00220489501953125 -0.0247039794921875 -0.0119743347167969
0.0119571685791016 0.0113372802734375 -0.0305404663085938 -0.0162124633789063
0.0116748809814453 0.0122175216674805 -0.0378532409667969 -0.0124359130859375
0.01263427734375 0.0166969299316406 -0.0345115661621094 -0.00691986083984374
0.0231170654296875 0.0382728576660156 -0.0058441162109375 -0.0378875732421875
0.0227222442626953 0.0282096862792969 0.00917720794677735 -0.00476551055908203
0.0221138000488281 0.0251178741455078 0.0254459381103516 0.00865745544433594
0.0308628082275391 0.0146121978759766 0.0410957336425781 -0.00189590454101562
0.0324764251708984 -0.000329971313476563 0.0370635986328125 -0.0154800415039063
0.0283603668212891 -0.0184841156005859 0.0254096984863281 -0.0297279357910156
0.0185680389404297 -0.0305118560791016 0.0115203857421875 -0.0287723541259766
0.0163955688476562 -0.0304985046386719 0.000107765197753908 -0.0167293548583984
0.0165653228759766 -0.0338935852050781 -0.0097818374633789 -0.00736808776855469
0.0235710144042969 -0.0311050415039063 -0.0178813934326172 -0.005706787109375
0.0323410034179688 -0.0183448791503906 -0.0270881652832031 -0.00185585021972656
0.0343475341796875 -0.00492668151855469 -0.0277462005615234 -0.00813674926757813
0.0274829864501953 0.0127887725830078 -0.02984619140625 -0.01165771484375
0.0266952514648437 0.0197353363037109 -0.0302524566650391 -0.00589752197265625
0.0256595611572266 0.0254726409912109 -0.0264949798583984 0.00265884399414063
0.0302162170410156 0.0461578369140625 0.00424766540527344 -0.0239429473876953
0.0328407287597656 0.0371971130371094 0.0176410675048828 0.00744056701660157
0.0349063873291016 0.0311222076416016 0.0294971466064453 0.0144252777099609
0.0428504943847656 0.0150070190429687 0.0407142639160156 0.0014801025390625
0.0405502319335938 -0.00350570678710938 0.0313396453857422 -0.0110092163085937
0.0334358215332031 -0.0237846374511719 0.0182247161865234 -0.0210971832275391
0.0210361480712891 -0.034942626953125 0.00638294219970703 -0.0151920318603516
0.0183773040771484 -0.0342006683349609 -0.00242161750793457 -0.00314378738403321
0.0180473327636719 -0.0382728576660156 -0.0106697082519531 0.0066995620727539
0.0245285034179688 -0.0368080139160156 -0.0209331512451172 0.00747299194335937
0.0361785888671875 -0.0243453979492187 -0.0303096771240234 0.00756645202636718
0.0413703918457031 -0.0112686157226563 -0.0293846130371094 -0.00215530395507813
0.03839111328125 0.012786865234375 -0.0278778076171875 -0.00765419006347656
0.0381393432617188 0.0248756408691406 -0.0201969146728516 -0.000232696533203124
0.0344028472900391 0.0322628021240234 -0.0152444839477539 0.0143718719482422
0.0328788757324219 0.0464363098144531 0.0146217346191406 -0.0097665786743164
0.0387802124023438 0.0385894775390625 0.0269355773925781 0.0173931121826172
0.0425453186035156 0.0299949645996094 0.0318775177001953 0.0175838470458984
0.048095703125 0.0101242065429688 0.0376472473144531 0.00616836547851563
0.0422286987304688 -0.0081634521484375 0.0246486663818359 -0.00490570068359375
0.0323829650878906 -0.0265560150146484 0.00983905792236328 -0.00941181182861328
0.0197811126708984 -0.0343894958496094 0.00102746486663818 -0.0010564923286438
0.0176715850830078 -0.0331954956054687 -0.00404644012451172 0.0113344192504883
0.017333984375 -0.0362968444824219 -0.0117893218994141 0.0207099914550781
0.0230674743652344 -0.03521728515625 -0.0240974426269531 0.0202445983886719
0.0350284576416016 -0.0242500305175781 -0.0316047668457031 0.0169029235839844
0.0417900085449219 -0.0127525329589844 -0.0296764373779297 0.00221633911132812
0.0416984558105469 0.0128135681152344 -0.0242443084716797 -0.00510597229003907
0.0421600341796875 0.0270271301269531 -0.00775671005249023 0.00546741485595703
0.0364494323730469 0.0353813171386719 -0.00261306762695313 0.0270309448242188
0.0314559936523438 0.0385208129882813 0.0256404876708984 0.0027923583984375
0.0397872924804688 0.0321273803710938 0.0345783233642578 0.0235404968261719
0.0429573059082031 0.0227813720703125 0.0315341949462891 0.019622802734375
0.04443359375 0.00358200073242187 0.0312843322753906 0.00921440124511719
0.0354576110839844 -0.0126304626464844 0.0171260833740234 0.00271797180175781
0.0243377685546875 -0.0253734588623047 0.00329732894897461 0.00318121910095215
0.0145511627197266 -0.0286979675292969 -0.00175189971923828 0.0134983062744141
0.0142459869384766 -0.0261421203613281 -0.00512504577636718 0.0235843658447266
0.0141983032226563 -0.0290260314941406 -0.0128383636474609 0.0324611663818359
0.0186405181884766 -0.0283355712890625 -0.0263233184814453 0.0297508239746094
0.0302543640136719 -0.0192623138427734 -0.0330905914306641 0.0237522125244141
0.0373153686523438 -0.00989151000976563 -0.0302295684814453 0.00629043579101562
0.0378456115722656 0.0134086608886719 -0.0193729400634766 -0.00240898132324218
0.0379409790039063 0.0268936157226562 0.00398731231689453 0.0109310150146484
0.0322990417480469 0.0339107513427734 0.00788497924804688 0.0402755737304688
0.0235500335693359 0.0257148742675781 0.0338153839111328 0.00968360900878906
0.0338058471679688 0.0202865600585938 0.0403671264648438 0.0244789123535156
0.0350475311279297 0.0113792419433594 0.0305442810058594 0.0177440643310547
0.0318336486816406 -0.00418853759765625 0.0252742767333984 0.0129203796386719
0.0216178894042969 -0.0137672424316406 0.0123977661132813 0.00905418395996094
0.0113067626953125 -0.018798828125 0.000910758972167969 0.013422966003418
0.00687789916992188 -0.0182819366455078 -0.00198745727539062 0.0238227844238281
0.00852680206298828 -0.0166587829589844 -0.00657463073730468 0.0327320098876953
0.00924873352050781 -0.0180702209472656 -0.0153923034667969 0.0398902893066406
0.012455940246582 -0.0169172286987305 -0.0294456481933594 0.0350608825683594
0.0209751129150391 -0.012054443359375 -0.0346565246582031 0.0263690948486328
0.0275955200195313 -0.00603675842285156 -0.0298652648925781 0.00888442993164063
0.0286846160888672 0.0125236511230469 -0.0160226821899414 -3.3378601074219E-05
0.0280303955078125 0.0229473114013672 0.010380744934082 0.0166797637939453
0.0218296051025391 0.027130126953125 0.0150794982910156 0.0518035888671875
0.011622428894043 0.0103788375854492 0.0392608642578125 0.0109176635742188
0.0213432312011719 0.00766754150390625 0.0429534912109375 0.0212326049804688
0.0205268859863281 -0.000692367553710938 0.0289039611816406 0.0151157379150391
0.014653205871582 -0.00860214233398437 0.0215167999267578 0.0146312713623047
0.00525093078613281 -0.0110092163085938 0.0116453170776367 0.0128612518310547
-0.00203275680541992 -0.00812911987304688 0.00226593017578125 0.0196971893310547
-0.000603437423706055 -0.00333285331726074 -0.000442504882812502 0.0294704437255859
0.00162172317504883 -0.00353026390075684 -0.00615310668945313 0.0365676879882813
0.00231719017028809 -0.00370359420776367 -0.0172920227050781 0.0429306030273438
0.00276899337768555 -0.00551986694335938 -0.0328407287597656 0.0371818542480469
0.00836467742919922 -0.0056614875793457 -0.0370445251464844 0.0257301330566406
0.0138788223266602 -0.00380611419677734 -0.0303726196289062 0.00955772399902343
0.0164117813110352 0.00757598876953125 -0.0153579711914062 0.000970840454101566
0.0153446197509766 0.0131454467773437 0.0119075775146484 0.0214385986328125
0.00938224792480469 0.0151271820068359 0.0173568725585937 0.0591468811035156
0.00120925903320312 0.0107851028442383 -0.0191879272460937 -0.0559272766113281
-0.00161838531494141 0.00226974487304688 -0.00615501403808594 -0.0195999145507813
-0.00195121765136719 0.00481796264648438 0.0176353454589844 0.00219535827636719
0.00409698486328125 0.00554037094116211 0.0380744934082031 -0.00632476806640625
0.00703859329223633 0.00103855133056641 0.0402259826660156 -0.0215415954589844
0.00723505020141602 -0.00575733184814453 0.0328216552734375 -0.0414161682128906
0.00434970855712891 -0.0126266479492188 0.0166282653808594 -0.0459022521972656
0.00491237640380859 -0.011693000793457 0.0045623779296875 -0.0364265441894531
0.00737571716308594 -0.0105991363525391 -0.0040740966796875 -0.027130126953125
0.0111408233642578 -0.00724697113037109 -0.00880241394042969 -0.0224056243896484
0.0117712020874023 0.000599861145019531 -0.0187816619873047 -0.0150127410888672
0.00679206848144531 0.00836372375488281 -0.0229110717773437 -0.0154228210449219
-0.005035400390625 0.00696182250976563 -0.0303363800048828 -0.0213966369628906
-0.00542020797729492 0.00251245498657227 -0.0415534973144531 -0.0193252563476563
-0.00228548049926758 0.00547266006469727 -0.0380935668945313 -0.0143089294433594
0.0139503479003906 0.0275554656982422 -0.0132026672363281 -0.0496749877929687
0.0118436813354492 0.0159587860107422 0.00125503540039062 -0.0138435363769531
0.0109224319458008 0.0161037445068359 0.0218544006347656 0.00504684448242188
0.018157958984375 0.0107097625732422 0.0402069091796875 -0.00447463989257812
0.0206546783447266 0.000263214111328125 0.039337158203125 -0.0184745788574219
0.0194664001464844 -0.0131206512451172 0.0309371948242188 -0.0362091064453125
0.0124435424804687 -0.0236015319824219 0.0157585144042969 -0.0391006469726562
0.0114917755126953 -0.0235252380371094 0.00322914123535156 -0.0287685394287109
0.0130729675292969 -0.0253334045410156 -0.00726509094238281 -0.0194301605224609
0.0195884704589844 -0.0213890075683594 -0.0140771865844727 -0.0160694122314453
0.02484130859375 -0.00936508178710938 -0.0239810943603516 -0.00982475280761719
0.0232963562011719 0.00246620178222656 -0.0256500244140625 -0.0124988555908203
0.0127849578857422 0.0125408172607422 -0.03106689453125 -0.0163803100585937
0.0113000869750977 0.0139570236206055 -0.0387153625488281 -0.0130157470703125
0.0134296417236328 0.0179595947265625 -0.0347518920898438 -0.00719261169433594
0.0235404968261719 0.0403671264648438 -0.00523757934570313 -0.0390548706054687
0.0235214233398438 0.0292758941650391 0.00970554351806641 -0.00339221954345703
0.02349853515625 0.0265102386474609 0.0268726348876953 0.0102500915527344
0.0321846008300781 0.0148868560791016 0.0428657531738281 -0.000572204589843749
0.0331745147705078 -0.000123977661132813 0.0377960205078125 -0.0149116516113281
0.0295600891113281 -0.0190677642822266 0.0263729095458984 -0.0292778015136719
0.0189685821533203 -0.0325145721435547 0.0120830535888672 -0.0285282135009766
0.0162296295166016 -0.0319042205810547 0.000779151916503907 -0.0166807174682617
0.0175094604492188 -0.0348548889160156 -0.00920200347900391 -0.00647449493408203
0.0239200592041016 -0.0322933197021484 -0.0187053680419922 -0.00482177734375001
0.0339508056640625 -0.0190505981445312 -0.0285129547119141 -0.00158882141113281
0.035675048828125 -0.00463104248046875 -0.0287876129150391 -0.00748252868652344
0.028106689453125 0.0147857666015625 -0.0311508178710937 -0.0117454528808594
0.0270824432373047 0.0214500427246094 -0.0314655303955078 -0.00627899169921875
0.0262527465820312 0.0278282165527344 -0.0269641876220703 0.00300788879394532
0.0311737060546875 0.0476303100585938 0.00478553771972656 -0.0235099792480469
0.0332107543945312 0.0379219055175781 0.0188179016113281 0.0091705322265625
0.0361366271972656 0.03240966796875 0.0307846069335938 0.0156745910644531
0.0441246032714844 0.0148887634277344 0.0421524047851563 0.00341796875
0.04168701171875 -0.00409698486328125 0.0327434539794922 -0.0103473663330078
0.03466796875 -0.0243072509765625 0.0187511444091797 -0.0196380615234375
0.0217247009277344 -0.0358467102050781 0.00713729858398438 -0.0146999359130859
0.0187873840332031 -0.0356979370117188 -0.00174641609191894 -0.00193572044372559
0.0188179016113281 -0.0390777587890625 -0.0108175277709961 0.00832271575927734
0.0254058837890625 -0.0378684997558594 -0.02203369140625 0.00840187072753906
0.0365409851074219 -0.0248603820800781 -0.0312709808349609 0.00851249694824219
0.0428352355957031 -0.010986328125 -0.0306301116943359 -0.00181961059570313
0.0390853881835938 0.0139198303222656 -0.0285053253173828 -0.00748634338378907
0.0381698608398438 0.0259132385253906 -0.0203361511230469 0.00026321411132813
0.0345401763916016 0.0341320037841797 -0.0154151916503906 0.0153789520263672
0.0334663391113281 0.0472869873046875 0.015406608581543 -0.00895214080810547
0.03912353515625 0.0394515991210938 0.0276679992675781 0.0192108154296875
0.0441131591796875 0.0309677124023438 0.0325374603271484 0.0199394226074219
0.0490608215332031 0.0106582641601563 0.0386734008789063 0.00739669799804688
0.0430870056152344 -0.00845718383789063 0.0256881713867188 -0.0034637451171875
0.0327930450439453 -0.0266513824462891 0.0105266571044922 -0.00860309600830078
0.0204544067382813 -0.0347023010253906 0.00199151039123535 0.000196337699890135
0.0180606842041016 -0.0336513519287109 -0.0038909912109375 0.0122184753417969
0.0177459716796875 -0.0372123718261719 -0.0123519897460937 0.0227317810058594
0.0237083435058594 -0.0356826782226563 -0.0242271423339844 0.0211830139160156
0.035552978515625 -0.0247955322265625 -0.0332717895507813 0.0182018280029297
0.0432205200195313 -0.0127830505371094 -0.0312213897705078 0.00348854064941406
0.0432205200195313 0.0139312744140625 -0.0245285034179687 -0.00455856323242187
0.0428581237792969 0.0281715393066406 -0.00762462615966797 0.00583505630493164
0.0368385314941406 0.0364990234375 -0.00351905822753906 0.0290699005126953
0.0310249328613281 0.0400505065917969 0.0258960723876953 0.00299644470214844
0.0399703979492188 0.0331077575683594 0.0355720520019531 0.0259513854980469
0.0437774658203125 0.0233421325683594 0.0327224731445313 0.0215950012207031
0.045166015625 0.00318527221679688 0.0321769714355469 0.0102596282958984
0.0358695983886719 -0.0128555297851563 0.0181770324707031 0.00349617004394531
0.0243816375732422 -0.0247993469238281 0.00358986854553223 0.00398802757263183
0.0151004791259766 -0.0283985137939453 -0.00175380706787109 0.0142412185668945
0.0145778656005859 -0.0266304016113281 -0.00527000427246093 0.0246295928955078
0.0147285461425781 -0.0289058685302734 -0.0132770538330078 0.0343227386474609
0.0188941955566406 -0.0275459289550781 -0.02703857421875 0.0319614410400391
0.0308971405029297 -0.0191898345947266 -0.0346660614013672 0.0248184204101563
0.0374641418457031 -0.0102996826171875 -0.0307235717773437 0.00730705261230469
0.0388870239257812 0.0138931274414062 -0.0198516845703125 -0.00208854675292969
0.0385932922363281 0.0272445678710937 0.00353431701660156 0.0117921829223633
0.0317878723144531 0.0342731475830078 0.00762557983398438 0.0424537658691406
0.0239982604980469 0.0254001617431641 0.0342426300048828 0.0106067657470703
0.0337562561035156 0.0208320617675781 0.0409774780273438 0.0260391235351563
0.0353889465332031 0.011077880859375 0.0315437316894531 0.0198516845703125
0.0319232940673828 -0.004730224609375 0.0265026092529297 0.0137920379638672
0.0218772888183594 -0.0139484405517578 0.0139026641845703 0.0102949142456055
0.0120506286621094 -0.0179557800292969 0.00135326385498047 0.0143499374389648
0.00748252868652344 -0.0175762176513672 -0.00239372253417969 0.0250167846679688
0.00850296020507813 -0.0160760879516602 -0.00628471374511718 0.0335121154785156
0.00942611694335938 -0.01702880859375 -0.0157279968261719 0.0415573120117188
0.0126352310180664 -0.016383171081543 -0.0303077697753906 0.0365753173828125
0.0208168029785156 -0.0114479064941406 -0.0362205505371094 0.0270042419433594
0.0271205902099609 -0.00584602355957031 -0.0307121276855469 0.00904655456542968
0.0286788940429688 0.0129737854003906 -0.016937255859375 0.000455856323242187
0.0277633666992188 0.0229129791259766 0.0108022689819336 0.0171232223510742
0.0224514007568359 0.0264987945556641 0.0140190124511719 0.05303955078125
0.0112953186035156 0.00963115692138672 0.0396804809570313 0.0115089416503906
0.0209236145019531 0.006988525390625 0.0430030822753906 0.0223770141601563
0.0204639434814453 -0.00101470947265625 0.0302505493164063 0.0165557861328125
0.0143909454345703 -0.00928688049316406 0.0230922698974609 0.0159130096435547
0.00425815582275391 -0.0119161605834961 0.0127363204956055 0.013880729675293
-0.00227642059326172 -0.0071258544921875 0.00348854064941406 0.0202980041503906
-0.000505924224853516 -0.00269293785095215 -7.24792480468745E-05 0.0295047760009766
0.00142765045166016 -0.00277423858642578 -0.0061187744140625 0.0372581481933594
0.00247812271118164 -0.00324559211730957 -0.0180435180664062 0.0443763732910156
0.00219559669494629 -0.00404953956604004 -0.034027099609375 0.037933349609375
0.00762510299682617 -0.00522327423095703 -0.0384445190429688 0.0266342163085938
0.0133562088012695 -0.00366306304931641 -0.0315208435058594 0.00986862182617188
0.0158843994140625 0.00724029541015625 -0.0168066024780273 0.00149917602539063
0.0149030685424805 0.0124568939208984 0.0115833282470703 0.021240234375
0.00909423828125 0.0137777328491211 0.0161247253417969 0.0608673095703125
0.00209903717041016 0.0120029449462891 -0.0194587707519531 -0.0577163696289062
-0.000197410583496094 0.00261473655700684 -0.00536537170410156 -0.020050048828125
-0.000930309295654297 0.00521945953369141 0.0193386077880859 0.00229835510253906
0.0050053596496582 0.00484895706176758 0.0397529602050781 -0.00694656372070313
0.00825738906860352 -2.33650207519531E-05 0.0417137145996094 -0.0231857299804687
0.00804424285888672 -0.00695371627807617 0.0338325500488281 -0.04315185546875
0.00403213500976563 -0.0139226913452148 0.0173492431640625 -0.0478858947753906
0.004730224609375 -0.0129165649414063 0.0044403076171875 -0.0379753112792969
0.00778293609619141 -0.0128078460693359 -0.00457763671875 -0.0281810760498047
0.012664794921875 -0.00885772705078125 -0.0100040435791016 -0.0227184295654297
0.0135135650634766 -0.000103950500488281 -0.0207042694091797 -0.0153541564941406
0.00817966461181641 0.00892829895019531 -0.024658203125 -0.0156993865966797
-0.00458431243896484 0.00884914398193359 -0.0322475433349609 -0.0224952697753906
-0.00516653060913086 0.00408029556274414 -0.043609619140625 -0.0199508666992187
-0.00166130065917969 0.00716543197631836 -0.0394706726074219 -0.0145492553710938
0.0153293609619141 0.0294818878173828 -0.0126419067382812 -0.0511322021484375
0.0130929946899414 0.0174636840820312 0.00227737426757813 -0.0136375427246094
0.0125255584716797 0.0167636871337891 0.0242977142333984 0.00539970397949219
0.0201740264892578 0.0101718902587891 0.0425872802734375 -0.00456619262695312
0.0223255157470703 -0.000513076782226563 0.0414543151855469 -0.0192985534667969
0.0204086303710938 -0.0151023864746094 0.0319480895996094 -0.0371513366699219
0.0121688842773437 -0.0258655548095703 0.0161361694335938 -0.03985595703125
0.0111064910888672 -0.0252552032470703 0.00287818908691406 -0.0292034149169922
0.0138988494873047 -0.0275688171386719 -0.00766372680664062 -0.0188999176025391
0.0209598541259766 -0.0233306884765625 -0.0152826309204102 -0.0158014297485352
0.0271415710449219 -0.0104961395263672 -0.02545166015625 -0.0098876953125
0.0253734588623047 0.0023956298828125 -0.02716064453125 -0.0123538970947266
0.0139245986938477 0.0142955780029297 -0.0333671569824219 -0.0168476104736328
0.0122613906860352 0.0162496566772461 -0.0405616760253906 -0.0127067565917969
0.0139980316162109 0.0201282501220703 -0.0361671447753906 -0.0066986083984375
0.0253753662109375 0.04302978515625 -0.00421524047851562 -0.0394515991210938
0.0247459411621094 0.0309906005859375 0.0111875534057617 -0.00269031524658203
0.0262641906738281 0.0277500152587891 0.029083251953125 0.0112342834472656
0.0347194671630859 0.0148277282714844 0.0451736450195313 -0.000419616699218749
0.0348434448242187 -0.00135231018066406 0.0393905639648438 -0.0150871276855469
0.0305919647216797 -0.0212879180908203 0.0272178649902344 -0.0298118591308594
0.0186653137207031 -0.0341835021972656 0.0128879547119141 -0.0285587310791016
0.0162696838378906 -0.0338916778564453 0.00102424621582031 -0.0162010192871094
0.0178565979003906 -0.0383338928222656 -0.00952816009521484 -0.00531673431396485
0.0254669189453125 -0.0349159240722656 -0.0205612182617188 -0.00331687927246094
0.0357322692871094 -0.0205039978027344 -0.0303611755371094 -0.000268936157226558
0.0386848449707031 -0.00522994995117188 -0.0306301116943359 -0.00707817077636718
0.0306339263916016 0.0157508850097656 -0.0328292846679688 -0.0116291046142578
0.0287704467773438 0.0235385894775391 -0.0323104858398438 -0.00547218322753907
0.0274925231933594 0.0297966003417969 -0.0277767181396484 0.0042877197265625
0.0324325561523438 0.0500030517578125 0.00567436218261719 -0.0237541198730469
0.0347785949707031 0.0393943786621094 0.0202789306640625 0.0100517272949219
0.0390357971191406 0.0335845947265625 0.0333042144775391 0.0176734924316406
0.0466804504394531 0.0150375366210938 0.0447731018066406 0.00359725952148438
0.0432014465332031 -0.00448226928710938 0.0343742370605469 -0.00956535339355469
0.0362892150878906 -0.0256767272949219 0.019683837890625 -0.0195484161376953
0.0219078063964844 -0.0377693176269531 0.00772285461425781 -0.014042854309082
0.0190925598144531 -0.0371475219726563 -0.00104999542236328 -0.00123703479766846
0.0186653137207031 -0.0418777465820313 -0.0109968185424805 0.0101957321166992
0.0258750915527344 -0.0397834777832031 -0.0234012603759766 0.0105819702148438
0.0389747619628906 -0.0264816284179687 -0.0330867767333984 0.0104045867919922
0.0447654724121094 -0.0119857788085937 -0.0328998565673828 -0.000833511352539057
0.0416984558105469 0.0150146484375 -0.0305519104003906 -0.00702285766601563
0.0405998229980469 0.0275421142578125 -0.0213146209716797 0.00122833251953125
0.0360107421875 0.035675048828125 -0.0164775848388672 0.0176277160644531
0.0351943969726563 0.049224853515625 0.0164403915405273 -0.00870800018310547
0.0410041809082031 0.0403518676757813 0.0295848846435547 0.0210189819335938
0.04632568359375 0.0327529907226563 0.0354499816894531 0.0216560363769531
0.0514793395996094 0.0105018615722656 0.0410385131835938 0.00809860229492188
0.0445747375488281 -0.00902938842773437 0.0272407531738281 -0.00308799743652344
0.0339679718017578 -0.0278949737548828 0.012110710144043 -0.00750732421875
0.0203018188476562 -0.0361900329589844 0.00279474258422852 0.00133538246154785
0.0180587768554688 -0.0346240997314453 -0.00325584411621094 0.0140275955200195
0.0182037353515625 -0.0391044616699219 -0.0120830535888672 0.0253486633300781
0.023590087890625 -0.0373382568359375 -0.0257110595703125 0.0244293212890625
0.0375099182128906 -0.0257644653320313 -0.0348262786865234 0.0202846527099609
0.0447235107421875 -0.014007568359375 -0.0331611633300781 0.00513076782226563
0.0447120666503906 0.01434326171875 -0.0256614685058594 -0.00386238098144531
0.0446548461914063 0.0290184020996094 -0.00800848007202148 0.00703763961791992
0.037841796875 0.0372352600097656 -0.00341224670410156 0.0313682556152344
0.0327873229980469 0.0402107238769531 0.0267753601074219 0.0041961669921875
0.0409965515136719 0.0334587097167969 0.0374565124511719 0.0273628234863281
0.046142578125 0.0241317749023438 0.0357704162597656 0.0230865478515625
0.0467987060546875 0.0031585693359375 0.034393310546875 0.0118370056152344
0.0364418029785156 -0.0129852294921875 0.0193843841552734 0.00446891784667969
0.0252780914306641 -0.0257778167724609 0.00499773025512695 0.00536775588989258
0.0154514312744141 -0.029327392578125 -0.00109100341796875 0.0153532028198242
0.0141048431396484 -0.0277576446533203 -0.00545120239257812 0.0265064239501953
0.0149955749511719 -0.0300121307373047 -0.0135383605957031 0.0372772216796875
0.0193309783935547 -0.0282077789306641 -0.0281238555908203 0.0342807769775391
0.0311832427978516 -0.0199642181396484 -0.0359382629394531 0.0272750854492187
0.0383377075195313 -0.0109329223632813 -0.0328216552734375 0.00836944580078125
0.0403099060058594 0.014312744140625 -0.0211448669433594 -0.000782012939453125
0.0406074523925781 0.0277595520019531 0.00412082672119141 0.0129499435424805
0.0331268310546875 0.0345993041992188 0.00768280029296875 0.045196533203125
0.0246486663818359 0.0255966186523438 0.0351638793945313 0.0110969543457031
0.0340843200683594 0.0206737518310547 0.0431632995605469 0.0276336669921875
0.037200927734375 0.010955810546875 0.0339870452880859 0.0211963653564453
0.032867431640625 -0.00486183166503906 0.0279388427734375 0.0148124694824219
0.0217323303222656 -0.0145206451416016 0.0149002075195313 0.0109138488769531
0.01190185546875 -0.0182971954345703 0.00318431854248047 0.0155191421508789
0.00743579864501953 -0.0167789459228516 -0.00139808654785156 0.0259609222412109
0.0086212158203125 -0.0152864456176758 -0.006072998046875 0.0351715087890625
0.00981998443603516 -0.0166397094726563 -0.0155715942382813 0.0441360473632813
0.0119400024414062 -0.0157012939453125 -0.0315093994140625 0.0398368835449219
0.0206184387207031 -0.0114822387695313 -0.0378875732421875 0.0296173095703125
0.0273990631103516 -0.00643348693847656 -0.0322608947753906 0.010162353515625
0.0292510986328125 0.0126972198486328 -0.0179576873779297 0.00115394592285156
0.0288257598876953 0.0225086212158203 0.0108108520507813 0.0183658599853516
0.0225353240966797 0.0263729095458984 0.0145683288574219 0.05682373046875
0.0122842788696289 0.00860404968261719 0.0409965515136719 0.012725830078125
0.0211639404296875 0.00588035583496094 0.0453262329101563 0.0235824584960938
0.0215854644775391 -0.00219345092773438 0.0319156646728516 0.0178508758544922
0.013422966003418 -0.0101833343505859 0.0243434906005859 0.0168228149414063
0.00308132171630859 -0.011439323425293 0.0141658782958984 0.0146989822387695
-0.0028529167175293 -0.00657892227172852 0.00469017028808594 0.0211982727050781
-0.000843048095703125 -0.00139546394348145 0.00044059753417969 0.0307769775390625
0.0016636848449707 -0.00156152248382568 -0.00529098510742188 0.038726806640625
0.00277304649353027 -0.00196075439453125 -0.0179023742675781 0.0463180541992187
0.00214862823486328 -0.00337743759155273 -0.0349464416503906 0.0407447814941406
0.00749683380126953 -0.00447988510131836 -0.0398063659667969 0.0286331176757812
0.0124216079711914 -0.00374221801757812 -0.033233642578125 0.0104274749755859
0.0152606964111328 0.00692558288574219 -0.0177440643310547 0.00206565856933594
0.0146169662475586 0.0120868682861328 0.0118026733398438 0.022369384765625
0.00909614562988281 0.0131988525390625 0.0162849426269531 0.0640296936035156
0.00391960144042969 0.0143976211547852 -0.0210342407226563 -0.0596427917480469
0.00147151947021484 0.00364303588867188 -0.00501632690429688 -0.0207939147949219
0.00103855133056641 0.00555944442749023 0.0211353302001953 0.001739501953125
0.00655603408813477 0.00425195693969727 0.0418434143066406 -0.008575439453125
0.00901985168457031 -0.000901222229003906 0.0428962707519531 -0.0250930786132813
0.0077667236328125 -0.0093536376953125 0.0326690673828125 -0.0453567504882812
0.00307846069335938 -0.0163259506225586 0.0160560607910156 -0.0500640869140625
0.00434207916259766 -0.0150575637817383 0.00310897827148437 -0.03863525390625
0.00720310211181641 -0.0157299041748047 -0.00601959228515625 -0.0281600952148437
0.0128679275512695 -0.0113735198974609 -0.0118236541748047 -0.0226955413818359
0.0154571533203125 -0.00127887725830078 -0.0224075317382813 -0.0150833129882813
0.0104589462280273 0.0088043212890625 -0.0268230438232422 -0.0154037475585938
-0.00322151184082031 0.0104970932006836 -0.0350399017333984 -0.0225429534912109
-0.00505208969116211 0.00716495513916016 -0.0459747314453125 -0.0199012756347656
-0.00151729583740234 0.00895309448242188 -0.040985107421875 -0.0134468078613281
0.0182533264160156 0.0313301086425781 -0.0139999389648437 -0.0522880554199219
0.0156116485595703 0.0185070037841797 0.00298881530761719 -0.0139064788818359
0.0156679153442383 0.0170984268188477 0.0263462066650391 0.00528717041015625
0.0221271514892578 0.00908470153808594 0.0447769165039063 -0.00588607788085937
0.0233745574951172 -0.00219917297363281 0.0429191589355469 -0.0209693908691406
0.0206031799316406 -0.0178813934326172 0.0321388244628906 -0.0389366149902344
0.0113525390625 -0.0284442901611328 0.0155982971191406 -0.0413894653320312
0.0103607177734375 -0.0281352996826172 0.0023956298828125 -0.0294475555419922
0.0127830505371094 -0.0306472778320313 -0.00795364379882813 -0.0183620452880859
0.0212688446044922 -0.0263881683349609 -0.0170965194702148 -0.0142440795898438
0.0289287567138672 -0.0125713348388672 -0.0276374816894531 -0.00872993469238281
0.0280704498291016 0.00185203552246094 -0.029998779296875 -0.0120697021484375
0.0158720016479492 0.0159635543823242 -0.0355949401855469 -0.0159111022949219
0.0133018493652344 0.0183792114257812 -0.0422096252441406 -0.0113906860351563
0.0154933929443359 0.0221176147460937 -0.0375328063964844 -0.00491714477539062
0.0283927917480469 0.0445785522460938 -0.00515365600585937 -0.0397109985351563
0.0272388458251953 0.0315475463867188 0.012812614440918 -0.00242900848388672
0.0287227630615234 0.0283069610595703 0.0318870544433594 0.0114898681640625
0.0373039245605469 0.0136833190917969 0.0477142333984375 -0.00174713134765625
0.036651611328125 -0.00318145751953125 0.0410804748535156 -0.0164527893066406
0.0309906005859375 -0.024169921875 0.0278091430664063 -0.0307788848876953
0.0178794860839844 -0.037353515625 0.0127677917480469 -0.0294456481933594
0.0153694152832031 -0.0366592407226563 0.000777244567871094 -0.0157127380371094
0.0166893005371094 -0.0406608581542969 -0.0099802017211914 -0.00364112854003907
0.0252571105957031 -0.0376548767089844 -0.0213336944580078 -0.00106048583984375
0.0378341674804688 -0.022918701171875 -0.0325241088867188 0.0021820068359375
0.0407905578613281 -0.00703048706054688 -0.0326366424560547 -0.00555038452148437
0.0328788757324219 0.0166606903076172 -0.0352325439453125 -0.0103569030761719
0.0312156677246094 0.025146484375 -0.0340232849121094 -0.00373649597167968
0.0294742584228516 0.0309486389160156 -0.0285549163818359 0.00673103332519532
0.0357246398925781 0.0513114929199219 0.00577163696289063 -0.0240859985351562
0.0377616882324219 0.0402679443359375 0.0233001708984375 0.0107955932617188
0.042205810546875 0.0338935852050781 0.0365257263183594 0.0182609558105469
0.0492286682128906 0.0138092041015625 0.047393798828125 0.00316238403320313
0.044647216796875 -0.00718307495117188 0.036163330078125 -0.0101127624511719
0.0363197326660156 -0.0288543701171875 0.0210094451904297 -0.0193595886230469
0.0211067199707031 -0.0401878356933594 0.00864982604980469 -0.0138206481933594
0.0177764892578125 -0.0396308898925781 -0.000642776489257811 0.00017273426055908
0.0176544189453125 -0.0447120666503906 -0.0100412368774414 0.0129995346069336
0.0251998901367188 -0.0427970886230469 -0.0241031646728516 0.0137863159179687
0.0401649475097656 -0.0290679931640625 -0.0343761444091797 0.0138988494873047
0.0466461181640625 -0.0138511657714844 -0.0346908569335937 0.00158500671386719
0.044097900390625 0.0144805908203125 -0.0322036743164063 -0.00510787963867188
0.0432052612304688 0.0282859802246094 -0.0215606689453125 0.00275421142578125
0.038238525390625 0.0366249084472656 -0.0162067413330078 0.0201339721679688
0.0381317138671875 0.0498275756835938 0.0177116394042969 -0.00840950012207031
0.0430946350097656 0.040863037109375 0.0324535369873047 0.0221023559570313
0.0494499206542969 0.0321617126464844 0.0391082763671875 0.0228271484375
0.0541763305664062 0.00928115844726562 0.0442657470703125 0.00771713256835937
0.0453338623046875 -0.0111274719238281 0.0293426513671875 -0.00253868103027344
0.0351829528808594 -0.0298042297363281 0.0130720138549805 -0.00653743743896485
0.0198898315429688 -0.037628173828125 0.00377941131591797 0.00231313705444336
0.0170326232910156 -0.0366935729980469 -0.00231456756591797 0.0159082412719727
0.0169296264648438 -0.0412940979003906 -0.0106067657470703 0.0287342071533203
0.0230369567871094 -0.0391693115234375 -0.025970458984375 0.0282917022705078
0.0376663208007813 -0.0285110473632813 -0.0355033874511719 0.024749755859375
0.045806884765625 -0.0162429809570313 -0.034515380859375 0.00790023803710937
0.0479621887207031 0.0133934020996094 -0.0272064208984375 -0.00175857543945312
0.0472373962402344 0.0291900634765625 -0.00756406784057617 0.00859355926513672
0.0404129028320313 0.0375137329101563 -0.00230789184570313 0.0352592468261719
0.0348739624023438 0.0401268005371094 0.0281200408935547 0.00503921508789063
0.0427169799804688 0.0328559875488281 0.0404510498046875 0.027923583984375
0.0487518310546875 0.0231742858886719 0.0393562316894531 0.0240669250488281
0.0482521057128906 0.00122833251953125 0.0373764038085937 0.0121231079101563
0.0369911193847656 -0.0146522521972656 0.0212860107421875 0.00467872619628906
0.0258827209472656 -0.0265254974365234 0.00716066360473633 0.00628328323364258
0.0146865844726563 -0.0298137664794922 0.000750541687011719 0.0171527862548828
0.0137233734130859 -0.028411865234375 -0.00387382507324219 0.0289020538330078
0.0146236419677734 -0.0306835174560547 -0.0115547180175781 0.0404815673828125
0.0190849304199219 -0.0298595428466797 -0.0277976989746094 0.0388717651367187
0.0311126708984375 -0.0212364196777344 -0.0363731384277344 0.0312156677246094
0.0384941101074219 -0.0128021240234375 -0.0339183807373047 0.0118331909179688
0.041778564453125 0.0134315490722656 -0.0222110748291016 0.000604629516601559
0.0417137145996094 0.0269050598144531 0.00464916229248047 0.0136384963989258
0.0349178314208984 0.0342655181884766 0.00916290283203125 0.0482902526855469
0.0260524749755859 0.0250797271728516 0.0366630554199219 0.0115585327148438
0.0350494384765625 0.0196895599365234 0.046051025390625 0.0280227661132813
0.03826904296875 0.00948715209960937 0.0373306274414063 0.021636962890625
0.0332527160644531 -0.00645065307617188 0.0309848785400391 0.0152854919433594
0.0206642150878906 -0.0150318145751953 0.0167922973632813 0.0113019943237305
0.0115699768066406 -0.0179729461669922 0.00494098663330078 0.0168323516845703
0.00724220275878906 -0.0162801742553711 -3.24249267578143E-05 0.0269374847412109
0.0083160400390625 -0.015324592590332 -0.004364013671875 0.037445068359375
0.00944805145263672 -0.0167245864868164 -0.0140151977539063 0.0481605529785156
0.0121564865112305 -0.0154018402099609 -0.03125 0.0437469482421875
0.0199489593505859 -0.0116806030273438 -0.0383949279785156 0.0334701538085937
0.0265293121337891 -0.00727653503417969 -0.0336074829101563 0.0128669738769531
0.0295658111572266 0.0118694305419922 -0.0185909271240234 0.0023651123046875
0.0299510955810547 0.0214099884033203 0.0118007659912109 0.0189018249511719
0.0234470367431641 0.0253925323486328 0.0169486999511719 0.0599822998046875
0.0126657485961914 0.00744152069091797 0.0423507690429687 0.0118751525878906
0.0212154388427734 0.00483894348144531 0.0480804443359375 0.023895263671875
0.0214672088623047 -0.00423240661621094 0.0349082946777344 0.0182838439941406
0.0120258331298828 -0.0108366012573242 0.0270748138427734 0.0172519683837891
0.00126075744628906 -0.0108194351196289 0.0166387557983398 0.0147953033447266
-0.00356197357177734 -0.00473117828369141 0.00684356689453125 0.0215110778808594
-0.000488340854644776 0.000330179929733276 0.00197410583496094 0.0317916870117188
0.00185751914978027 -0.000268340110778809 -0.00389480590820313 0.0402679443359375
0.00360560417175293 -0.000756740570068359 -0.0163688659667969 0.0496330261230469
0.0019763708114624 -0.00161254405975342 -0.0346717834472656 0.0447235107421875
0.00645875930786133 -0.00360727310180664 -0.0405120849609375 0.0323677062988281
0.0116806030273438 -0.003814697265625 -0.0341644287109375 0.0134162902832031
0.0150871276855469 0.00614261627197266 -0.0187263488769531 0.00355720520019531
0.0142097473144531 0.0112218856811523 0.0125331878662109 0.0226097106933594
0.00902652740478516 0.0120105743408203 0.0193824768066406 0.0669021606445313
0.00596714019775391 0.0162773132324219 -0.0235176086425781 -0.0595474243164063
0.00287961959838867 0.00494050979614258 -0.00500869750976563 -0.0203933715820313
0.00249671936035156 0.00553560256958008 0.0223636627197266 0.00077056884765625
0.00785541534423828 0.0031743049621582 0.0421142578125 -0.0112380981445313
0.00973129272460938 -0.00284767150878906 0.0419998168945312 -0.0275077819824219
0.00742149353027344 -0.0116806030273438 0.03094482421875 -0.0470542907714844
0.00157737731933594 -0.0179042816162109 0.0135345458984375 -0.0511016845703125
0.00256538391113281 -0.0167903900146484 0.00164031982421875 -0.0389785766601563
0.00608253479003906 -0.0178890228271484 -0.00734138488769531 -0.0268802642822266
0.0130510330200195 -0.013585090637207 -0.0140113830566406 -0.0211982727050781
0.0167655944824219 -0.00327682495117187 -0.0244522094726563 -0.0136566162109375
0.01239013671875 0.00806236267089844 -0.0285224914550781 -0.0144100189208984
-0.000902175903320313 0.0127668380737305 -0.0373115539550781 -0.0210533142089844
-0.00365066528320313 0.00972652435302735 -0.04791259765625 -0.0177268981933594
-0.000489234924316405 0.0114011764526367 -0.0418281555175781 -0.0116500854492188
0.0212059020996094 0.0327548980712891 -0.0157661437988281 -0.0517845153808594
0.0178432464599609 0.0181922912597656 0.00372695922851563 -0.0139226913452148
0.017730712890625 0.0164051055908203 0.0282649993896484 0.0042877197265625
0.0241909027099609 0.00735855102539063 0.0456809997558594 -0.00803375244140625
0.0240840911865234 -0.00481796264648438 0.0426864624023438 -0.0228042602539063
0.0195579528808594 -0.0204410552978516 0.0306282043457031 -0.0398330688476562
0.00903129577636719 -0.0307178497314453 0.0141143798828125 -0.0417823791503906
0.00809860229492187 -0.0298519134521484 0.00133705139160156 -0.0287704467773438
0.0106410980224609 -0.0334892272949219 -0.00885963439941406 -0.0164766311645508
0.0202560424804688 -0.0295505523681641 -0.0187187194824219 -0.0122280120849609
0.0300731658935547 -0.0149860382080078 -0.02911376953125 -0.0054168701171875
0.0305805206298828 0.000169754028320313 -0.0314388275146484 -0.00929260253906251
0.0184116363525391 0.0168781280517578 -0.0378532409667969 -0.0141830444335938
0.015777587890625 0.0201969146728516 -0.0434074401855469 -0.00991439819335938
0.0170326232910156 0.0239753723144531 -0.0375404357910156 -0.00198745727539063
0.0319557189941406 0.0447540283203125 -0.00601196289062499 -0.0396919250488281
0.0298061370849609 0.0311431884765625 0.0143833160400391 -0.00247001647949219
0.0323295593261719 0.0266799926757812 0.0347690582275391 0.0104904174804688
0.0389060974121094 0.0113334655761719 0.0492286682128906 -0.00385284423828125
0.0372123718261719 -0.006591796875 0.0413017272949219 -0.0176887512207031
0.0303153991699219 -0.0273723602294922 0.0278491973876953 -0.0307521820068359
0.0157585144042969 -0.0392608642578125 0.0125503540039063 -0.0290851593017578
0.0133132934570313 -0.0387611389160156 0.00121784210205078 -0.0143518447875977
0.0138282775878906 -0.0438652038574219 -0.00932693481445313 -0.00079917907714844
0.0234947204589844 -0.0405235290527344 -0.0217323303222656 0.00180816650390625
0.0377349853515625 -0.02593994140625 -0.0330486297607422 0.00550460815429687
0.0418701171875 -0.00958251953125 -0.0344924926757812 -0.00244712829589844
0.035125732421875 0.0164070129394531 -0.0363082885742188 -0.00818634033203125
0.0330924987792969 0.0259456634521484 -0.0341396331787109 -0.00133895874023438
0.0315742492675781 0.0319137573242188 -0.0280971527099609 0.00929832458496094
0.0392570495605469 0.0507278442382813 0.00567054748535156 -0.0232791900634766
0.0401954650878906 0.0388526916503906 0.0248851776123047 0.0108051300048828
0.0458030700683594 0.0321388244628906 0.0394248962402344 0.0167770385742188
0.050750732421875 0.0109024047851563 0.0501213073730469 0.00137710571289063
0.0449256896972656 -0.00947952270507813 0.0374336242675781 -0.0112266540527344
0.0352973937988281 -0.0313644409179688 0.0217685699462891 -0.0191307067871094
0.0185737609863281 -0.04241943359375 0.00925350189208985 -0.0133457183837891
0.0153541564941406 -0.0414199829101563 0.000275850296020509 0.00127553939819336
0.01519775390625 -0.0469284057617188 -0.00804996490478515 0.0156774520874023
0.0232696533203125 -0.0447998046875 -0.0236091613769531 0.0174541473388672
0.0395011901855469 -0.0316162109375 -0.0346717834472656 0.0186004638671875
0.0471420288085938 -0.0170211791992188 -0.03558349609375 0.0051727294921875
0.0460205078125 0.0135231018066406 -0.0329113006591797 -0.00272750854492188
0.045684814453125 0.02728271484375 -0.0213413238525391 0.00469207763671875
0.0409126281738281 0.0359725952148438 -0.0144996643066406 0.0233554840087891
0.0407981872558594 0.0486335754394531 0.0177459716796875 -0.00769233703613281
0.0450363159179687 0.0391082763671875 0.03533935546875 0.0221023559570313
0.0525856018066406 0.0298233032226563 0.0420951843261719 0.0219917297363281
0.0549125671386719 0.00671768188476563 0.0459556579589844 0.0066680908203125
0.0449409484863281 -0.0129165649414063 0.03033447265625 -0.00317001342773438
0.0335540771484375 -0.0314655303955078 0.0146350860595703 -0.00617790222167969
0.01812744140625 -0.0392799377441406 0.00498056411743164 0.00306463241577148
0.0153121948242187 -0.0375328063964844 -0.000385284423828124 0.0173587799072266
0.0148811340332031 -0.0418014526367188 -0.00795555114746094 0.0316810607910156
0.0212326049804688 -0.0405082702636719 -0.0240650177001953 0.0321540832519531
0.0366897583007813 -0.02996826171875 -0.0346603393554688 0.0289535522460937
0.0453758239746094 -0.0182151794433594 -0.0349788665771484 0.0112323760986328
0.0485458374023438 0.0115165710449219 -0.0280570983886719 0.00101852416992187
0.0489616394042969 0.0273971557617188 -0.00697040557861328 0.0099325180053711
0.0427093505859375 0.0363540649414063 0.000484466552734376 0.037261962890625
0.0365791320800781 0.0388298034667969 0.029205322265625 0.0045928955078125
0.0439910888671875 0.0308685302734375 0.0435676574707031 0.0282478332519531
0.0503120422363281 0.0208549499511719 0.0423736572265625 0.0231208801269531
0.0479888916015625 -0.0005035400390625 0.0395240783691406 0.0119895935058594
0.0358314514160156 -0.0159149169921875 0.0230598449707031 0.00457000732421875
0.0247230529785156 -0.0273704528808594 0.00868988037109375 0.00691604614257812
0.0132961273193359 -0.0298976898193359 0.00261116027832031 0.0177116394042969
0.0124607086181641 -0.0278530120849609 -0.00153160095214844 0.0306606292724609
0.0133438110351563 -0.0311145782470703 -0.00848770141601563 0.0434646606445313
0.0178508758544922 -0.0296401977539063 -0.0252799987792969 0.0423240661621094
0.0298480987548828 -0.0221710205078125 -0.034576416015625 0.0358047485351562
0.03802490234375 -0.0144424438476563 -0.0338249206542969 0.0150985717773438
0.0416641235351563 0.011474609375 -0.0224151611328125 0.00253868103027344
0.0425453186035156 0.0248146057128906 0.00574970245361328 0.0147123336791992
0.0364761352539063 0.0322456359863281 0.0118370056152344 0.0503501892089844
0.0266933441162109 0.0227241516113281 0.0376548767089844 0.0111045837402344
0.0349159240722656 0.0175704956054687 0.0483245849609375 0.0273246765136719
0.0387611389160156 0.00694656372070312 0.0397224426269531 0.0216712951660156
0.0316944122314453 -0.00754165649414063 0.0332298278808594 0.0149192810058594
0.0193595886230469 -0.0154037475585938 0.018585205078125 0.0111408233642578
0.0107440948486328 -0.0171451568603516 0.00681877136230469 0.0168600082397461
0.00712871551513672 -0.0152225494384766 0.00197982788085937 0.0282306671142578
0.00781154632568359 -0.0142316818237305 -0.0018157958984375 0.0386428833007813
0.0094156265258789 -0.0157890319824219 -0.0102424621582031 0.0503692626953125
0.0116891860961914 -0.0144519805908203 -0.028533935546875 0.0476264953613281
0.0193824768066406 -0.0118522644042969 -0.0364608764648438 0.0374107360839844
0.0255317687988281 -0.00812339782714844 -0.0334796905517578 0.0161323547363281
0.0292816162109375 0.0101852416992187 -0.0193233489990234 0.00434303283691407
0.0297164916992188 0.0194816589355469 0.0126972198486328 0.0192012786865234
0.0240097045898437 0.0236911773681641 0.0196456909179688 0.0613670349121094
0.0119991302490234 0.00541210174560547 0.0430831909179688 0.0111312866210938
0.0202293395996094 0.00253868103027344 0.0494194030761719 0.0229835510253906
0.0200958251953125 -0.006134033203125 0.0372962951660156 0.0175056457519531
0.00988292694091797 -0.011693000793457 0.0295791625976562 0.0168628692626953
-0.000750541687011719 -0.00992202758789063 0.0184726715087891 0.0138435363769531
-0.0037224292755127 -0.00274920463562012 0.00852012634277344 0.0210208892822266
0.000107288360595703 0.00221157073974609 0.00375938415527344 0.0314579010009766
0.00212180614471436 0.00135254859924316 -0.00202560424804688 0.0407447814941406
0.00392460823059082 0.00100016593933105 -0.0129966735839844 0.0515594482421875
0.00261998176574707 8.32080841064453E-05 -0.0325508117675781 0.0480537414550781
0.00539016723632812 -0.00230550765991211 -0.0393218994140625 0.0360832214355469
0.0103082656860352 -0.00348854064941406 -0.0345611572265625 0.0157661437988281
0.0141096115112305 0.00579071044921875 -0.0193595886230469 0.00455093383789063
0.0131406784057617 0.00945091247558594 0.0131187438964844 0.0224952697753906
0.00838184356689453 0.00991439819335938 0.0220680236816406 0.0676651000976562
0.00940799713134765 0.0171003341674805 -0.0247611999511719 -0.0577125549316406
0.00492477416992188 0.00485658645629883 -0.0049896240234375 -0.0204486846923828
0.00434160232543945 0.00472354888916016 0.0229301452636719 -0.000959396362304687
0.00926399230957031 0.00159454345703125 0.041015625 -0.0128440856933594
0.00960159301757813 -0.00467109680175781 0.0398788452148438 -0.0286102294921875
0.00592136383056641 -0.0136508941650391 0.0282402038574219 -0.0472526550292969
-0.000804901123046876 -0.0190410614013672 0.0113105773925781 -0.0502662658691406
0.000551223754882812 -0.0179653167724609 0.000316619873046871 -0.0372390747070312
0.00387001037597656 -0.0205192565917969 -0.00823211669921875 -0.0254306793212891
0.0119647979736328 -0.0158853530883789 -0.0153236389160156 -0.0187931060791016
0.0177459716796875 -0.00543594360351563 -0.0250301361083984 -0.0108966827392578
0.0144634246826172 0.00690841674804688 -0.0296363830566406 -0.0125675201416016
0.00108718872070312 0.0136222839355469 -0.0386390686035156 -0.0190505981445312
-0.00178718566894531 0.0117626190185547 -0.0477943420410156 -0.0165023803710938
0.00156879425048828 0.0134973526000977 -0.0409660339355469 -0.00989151000976563
0.0236587524414063 0.0323352813720703 -0.0158882141113281 -0.0504379272460938
0.0195808410644531 0.0174694061279297 0.004730224609375 -0.0131702423095703
0.0197525024414063 0.0148868560791016 0.0291690826416016 0.002899169921875
0.0245647430419922 0.00511550903320312 0.0450820922851563 -0.00990676879882813
0.0234088897705078 -0.00673675537109375 0.0414314270019531 -0.0234527587890625
0.0174160003662109 -0.0225887298583984 0.02923583984375 -0.0394783020019531
0.00629615783691407 -0.0318470001220703 0.0128364562988281 -0.0409202575683594
0.00583648681640625 -0.0309581756591797 0.000947952270507816 -0.0271015167236328
0.00796127319335937 -0.035247802734375 -0.008331298828125 -0.0141944885253906
0.0186023712158203 -0.0313358306884766 -0.0185985565185547 -0.00979804992675781
0.0300159454345703 -0.0175285339355469 -0.0291023254394531 -0.00305366516113282
0.0316734313964844 -0.00165557861328125 -0.0323696136474609 -0.00712394714355468
0.0208511352539062 0.0174198150634766 -0.0378341674804688 -0.0123558044433594
0.0177230834960938 0.0211277008056641 -0.0425910949707031 -0.00765228271484374
0.0187911987304688 0.0250720977783203 -0.0361976623535156 -0.000144958496093746
0.0337715148925781 0.043853759765625 -0.00577163696289062 -0.0380287170410156
0.0312595367431641 0.0299320220947266 0.0161418914794922 -0.00261116027832031
0.0341300964355469 0.0245265960693359 0.0361480712890625 0.00891876220703125
0.0391349792480469 0.00886917114257813 0.0490341186523438 -0.00535202026367188
0.0362663269042969 -0.00805282592773438 0.0412940979003906 -0.0182418823242188
0.0277156829833984 -0.0289039611816406 0.0272617340087891 -0.0304145812988281
0.0127906799316406 -0.0400352478027344 0.0125560760498047 -0.0280055999755859
0.0103912353515625 -0.0390815734863281 0.00185585021972656 -0.0131053924560547
0.0111961364746094 -0.0444297790527344 -0.00750589370727539 0.00125408172607421
0.0214881896972656 -0.0423507690429688 -0.0213375091552734 0.00506591796875
0.0364112854003906 -0.0284461975097656 -0.0322036743164063 0.00883865356445312
0.0425376892089844 -0.0109100341796875 -0.0345325469970703 4.76837158203141E-05
0.0367813110351563 0.0159759521484375 -0.0359382629394531 -0.005645751953125
0.0346317291259766 0.0262317657470703 -0.0332202911376953 0.00054359436035156
0.0329246520996094 0.0319786071777344 -0.0257816314697266 0.0119857788085938
0.0405197143554687 0.0488204956054687 0.00650596618652344 -0.0219478607177734
0.0401535034179688 0.0371971130371094 0.0271549224853516 0.0108871459960938
0.0467872619628906 0.0296478271484375 0.0412521362304687 0.0157928466796875
0.0508880615234375 0.0089111328125 0.0500869750976562 0.000217437744140626
0.0435981750488281 -0.0113754272460937 0.0375747680664063 -0.0117073059082031
0.0332546234130859 -0.03253173828125 0.0217132568359375 -0.0188102722167969
0.0161972045898438 -0.0424118041992187 0.00973701477050782 -0.012176513671875
0.0130386352539063 -0.0408782958984375 0.00229358673095703 0.00245380401611328
0.0122718811035156 -0.0468940734863281 -0.00585460662841797 0.0174140930175781
0.0208778381347656 -0.0453605651855469 -0.0211105346679688 0.0209770202636719
0.0380363464355469 -0.0329551696777344 -0.0329380035400391 0.0216293334960937
0.0460166931152344 -0.0184669494628906 -0.0344448089599609 0.0083789825439453
0.04644775390625 0.0127105712890625 -0.0328369140625 -0.000125885009765631
0.0459671020507813 0.0269241333007813 -0.0200881958007812 0.00640869140625
0.041290283203125 0.0348243713378906 -0.0123672485351563 0.0251598358154297
0.0410842895507812 0.0464439392089844 0.0180644989013672 -0.00710487365722656
0.0446243286132813 0.0369720458984375 0.0370063781738281 0.021209716796875
0.0524520874023438 0.0278968811035156 0.04388427734375 0.0205955505371094
0.0540657043457031 0.00450897216796875 0.0469932556152344 0.00595855712890625
0.043212890625 -0.0143814086914063 0.0311641693115234 -0.00366020202636719
0.0317249298095703 -0.0327129364013672 0.0157251358032227 -0.00582695007324219
0.0162849426269531 -0.0385551452636719 0.0065159797668457 0.00375890731811523
0.0132369995117188 -0.0366058349609375 0.00211334228515625 0.0182418823242187
0.0129623413085938 -0.0415916442871094 -0.00428581237792968 0.0331668853759766
0.0192184448242188 -0.0397224426269531 -0.0214996337890625 0.03533935546875
0.0345478057861328 -0.0305461883544922 -0.0319156646728516 0.0320606231689453
0.043853759765625 -0.0193977355957031 -0.0339088439941406 0.0141086578369141
0.0485496520996094 0.0104026794433594 -0.0273418426513672 0.00333213806152343
0.0484580993652344 0.0256080627441406 -0.00588798522949219 0.0112924575805664
0.0419692993164063 0.0340652465820313 0.00228118896484376 0.038238525390625
0.0368728637695313 0.0359611511230469 0.0286197662353516 0.00549697875976563
0.0430755615234375 0.0285224914550781 0.0446968078613281 0.02734375
0.0495529174804688 0.0181770324707031 0.0435638427734375 0.0218315124511719
0.0465469360351562 -0.00214004516601562 0.0404090881347656 0.0104026794433594
0.0335712432861328 -0.0158252716064453 0.0243663787841797 0.00432968139648437
0.0234413146972656 -0.02685546875 0.0104398727416992 0.00712776184082031
0.0127754211425781 -0.0286045074462891 0.00423145294189453 0.0175294876098633
0.0116729736328125 -0.0269908905029297 0.00176429748535156 0.0303840637207031
0.0125732421875 -0.0295658111572266 -0.00450515747070313 0.0440902709960938
0.0164737701416016 -0.028228759765625 -0.0220718383789062 0.0452613830566406
0.0278911590576172 -0.0217533111572266 -0.0323333740234375 0.0381011962890625
0.0357017517089844 -0.0147743225097656 -0.0327739715576172 0.0177536010742188
0.0409889221191406 0.0102500915527344 -0.0218162536621094 0.00495147705078125
0.0421028137207031 0.0225830078125 0.00646781921386719 0.0148763656616211
0.0357398986816406 0.0299644470214844 0.0141944885253906 0.0506629943847656
0.0261116027832031 0.0204048156738281 0.0374755859375 0.0106163024902344
0.0331230163574219 0.0147514343261719 0.0488433837890625 0.0267333984375
0.0366439819335938 0.004974365234375 0.0411262512207031 0.0199356079101563
0.0297908782958984 -0.00785636901855469 0.0345954895019531 0.0136852264404297
0.0168113708496094 -0.0142240524291992 0.0199337005615234 0.0101146697998047
0.00990581512451172 -0.0156717300415039 0.00842094421386719 0.0160980224609375
0.00743579864501953 -0.0138530731201172 0.00393486022949219 0.0278682708740234
0.00788211822509766 -0.0127935409545898 0.000404357910156254 0.0382270812988281
0.0101652145385742 -0.014409065246582 -0.00678253173828125 0.0506477355957031
0.011113166809082 -0.0125494003295898 -0.0251693725585938 0.0496559143066406
0.0177154541015625 -0.0102405548095703 -0.0335273742675781 0.0397834777832031
0.0234317779541016 -0.00747108459472656 -0.0320262908935547 0.0190505981445312
0.0277557373046875 0.00960922241210938 -0.0191326141357422 0.00557708740234375
0.0276126861572266 0.0180549621582031 0.0131187438964844 0.0191326141357422
0.0225734710693359 0.0216865539550781 0.0221748352050781 0.0610237121582031
0.0113162994384766 0.00303077697753906 0.0418624877929688 0.0102653503417969
0.0179729461669922 0.00057220458984375 0.0497512817382813 0.0216827392578125
0.0174560546875 -0.00757884979248047 0.0381126403808594 0.016448974609375
0.00774097442626953 -0.0109977722167969 0.0309944152832031 0.0156383514404297
-0.00201272964477539 -0.00816535949707031 0.0192947387695313 0.0122337341308594
-0.00328373908996582 -0.000220298767089844 0.0101413726806641 0.0196990966796875
0.00146985054016113 0.0043797492980957 0.00440788269042969 0.0305709838867188
0.00289773941040039 0.00269031524658203 7.62939453124998E-05 0.0400428771972656
0.00502920150756836 0.00307369232177734 -0.0103225708007812 0.0509033203125
0.00310564041137695 0.00254225730895996 -0.0291976928710938 0.0495948791503906
0.00479364395141602 -0.000145435333251953 -0.0364151000976562 0.0377769470214844
0.00850915908813477 -0.00232124328613281 -0.0330715179443359 0.0179347991943359
0.0119800567626953 0.00557994842529297 -0.0194263458251953 0.00602912902832032
0.0108909606933594 0.00846004486083984 0.0130977630615234 0.0220432281494141
0.00703144073486328 0.00812864303588867 0.0238609313964844 0.0666999816894531
0.0113677978515625 0.0180454254150391 -0.0228195190429687 -0.0567512512207031
0.00728178024291992 0.00475788116455078 -0.00350761413574219 -0.0202045440673828
0.00598001480102539 0.00365734100341797 0.0228843688964844 -0.00151443481445313
0.00994968414306641 -4.38690185546875E-05 0.0399703979492188 -0.0135002136230469
0.00968265533447266 -0.00659465789794922 0.0387191772460938 -0.0280685424804688
0.00481510162353516 -0.0148220062255859 0.0273094177246094 -0.0455551147460938
-0.00260162353515625 -0.02008056640625 0.0108795166015625 -0.0486373901367188
-0.001190185546875 -0.0191841125488281 0.0005645751953125 -0.0358238220214844
0.0017852783203125 -0.0216903686523438 -0.00760841369628906 -0.0238189697265625
0.0109481811523438 -0.0184955596923828 -0.0151710510253906 -0.0170488357543945
0.0181922912597656 -0.00747489929199219 -0.0247592926025391 -0.00951194763183594
0.0162105560302734 0.00556850433349609 -0.0295581817626953 -0.0121669769287109
0.00360488891601563 0.0140619277954102 -0.0378875732421875 -0.0185394287109375
0.000819206237792969 0.0136260986328125 -0.0467872619628906 -0.0164527893066406
0.00320053100585938 0.0156536102294922 -0.0390968322753906 -0.00976943969726562
0.0252666473388672 0.0328159332275391 -0.0142745971679687 -0.048919677734375
0.0204257965087891 0.0168876647949219 0.006378173828125 -0.0136117935180664
0.0205879211425781 0.0134296417236328 0.0295543670654297 0.001983642578125
0.0246791839599609 0.003448486328125 0.0444068908691406 -0.009857177734375
0.0226421356201172 -0.00848579406738281 0.0405464172363281 -0.0226173400878906
0.0160579681396484 -0.0237579345703125 0.0289688110351563 -0.0380630493164063
0.004364013671875 -0.0321388244628906 0.0129280090332031 -0.0392036437988281
0.00366973876953125 -0.0313873291015625 0.00209999084472656 -0.0255565643310547
0.00606155395507812 -0.0359992980957031 -0.00711441040039063 -0.0129871368408203
0.0174121856689453 -0.0326824188232422 -0.0178356170654297 -0.00701713562011719
0.0298957824707031 -0.0190963745117187 -0.0284061431884766 -0.000738143920898444
0.0319614410400391 -0.00254058837890625 -0.0315284729003906 -0.00582695007324219
0.0226497650146484 0.0179576873779297 -0.0369911193847656 -0.0113029479980469
0.0192470550537109 0.0231342315673828 -0.0411300659179688 -0.00711441040039063
0.0194587707519531 0.0263137817382812 -0.0337638854980469 0.000486373901367187
0.0347061157226563 0.0437583923339844 -0.00407409667968749 -0.0362625122070312
0.0311927795410156 0.0287361145019531 0.0172624588012695 -0.00281810760498047
0.0339031219482422 0.0233955383300781 0.0366439819335938 0.00826263427734375
0.0392189025878906 0.0077362060546875 0.0484580993652344 -0.00537490844726563
0.0345821380615234 -0.00930976867675781 0.0405921936035156 -0.0176200866699219
0.0259056091308594 -0.0295219421386719 0.02740478515625 -0.0288333892822266
0.011322021484375 -0.0395393371582031 0.0130233764648438 -0.0265426635742188
0.00874710083007813 -0.0382270812988281 0.0031881332397461 -0.0117712020874023
0.00915908813476563 -0.0447196960449219 -0.00536394119262695 0.00266313552856445
0.0198860168457031 -0.0424766540527344 -0.0195770263671875 0.00744056701660156
0.03643798828125 -0.0286369323730469 -0.0311698913574219 0.0114192962646484
0.0424003601074219 -0.0118331909179688 -0.0334892272949219 0.00181388854980469
0.0373916625976563 0.0164985656738281 -0.0355491638183594 -0.0038299560546875
0.0349407196044922 0.0269031524658203 -0.0313625335693359 0.00113105773925781
0.0324726104736328 0.0331249237060547 -0.0234241485595703 0.01263427734375
0.0396842956542969 0.0482368469238281 0.00778007507324219 -0.0208568572998047
0.0392913818359375 0.0361671447753906 0.02825927734375 0.0105171203613281
0.0459480285644531 0.028594970703125 0.0422554016113281 0.015106201171875
0.0493507385253906 0.0075531005859375 0.049835205078125 -0.000347137451171875
0.0416717529296875 -0.0113143920898438 0.0369224548339844 -0.0109176635742188
0.0316925048828125 -0.0324039459228516 0.0232181549072266 -0.0175628662109375
0.0157356262207031 -0.041595458984375 0.0111761093139648 -0.0112390518188477
0.0118370056152344 -0.0403594970703125 0.00375723838806152 0.00356292724609375
0.0116615295410156 -0.0460243225097656 -0.0028076171875 0.0187110900878906
0.0203514099121094 -0.0447120666503906 -0.0190277099609375 0.0224590301513672
0.0368156433105469 -0.0326881408691406 -0.0306301116943359 0.0239486694335937
0.0451316833496094 -0.018463134765625 -0.0337333679199219 0.0103797912597656
0.0464515686035156 0.0131378173828125 -0.0315265655517578 0.00148963928222657
0.0452117919921875 0.0269432067871094 -0.0186042785644531 0.00742721557617188
0.0400161743164063 0.0352554321289063 -0.0101871490478516 0.0259933471679688
0.0394325256347656 0.0451889038085938 0.0187606811523438 -0.00565528869628906
0.0425987243652344 0.0357398986816406 0.0376663208007813 0.0210762023925781
0.0512275695800781 0.0266990661621094 0.0445442199707031 0.0198478698730469
0.0522193908691406 0.00533676147460938 0.0467796325683594 0.0058135986328125
0.0416946411132813 -0.013092041015625 0.0318641662597656 -0.00351715087890625
0.0309658050537109 -0.0313167572021484 0.0168867111206055 -0.00487327575683594
0.0156974792480469 -0.0374794006347656 0.0079655647277832 0.00470399856567383
0.0131034851074219 -0.0353507995605469 0.00362586975097656 0.0185909271240234
0.0126075744628906 -0.0399513244628906 -0.0018463134765625 0.0336627960205078
0.0186767578125 -0.038665771484375 -0.0190048217773437 0.036407470703125
0.0334529876708984 -0.0291175842285156 -0.0301132202148438 0.0336418151855469
0.042205810546875 -0.018768310546875 -0.0328445434570313 0.0160140991210938
0.0463600158691406 0.0104866027832031 -0.0260848999023437 0.00510978698730468
0.0467147827148437 0.0250740051269531 -0.00479602813720703 0.0117511749267578
0.0401725769042969 0.0339508056640625 0.00405120849609376 0.039154052734375
0.0342597961425781 0.0340404510498047 0.0289344787597656 0.00649833679199219
0.0397186279296875 0.0275726318359375 0.0450210571289063 0.0271644592285156
0.0470657348632813 0.0174903869628906 0.0439338684082031 0.0215873718261719
0.0444984436035156 -0.00148773193359375 0.0416259765625 0.0105056762695313
0.0321712493896484 -0.0144634246826172 0.0247344970703125 0.00406265258789062
0.0225048065185547 -0.0249614715576172 0.011509895324707 0.00721359252929687
0.0135040283203125 -0.0266284942626953 0.0051422119140625 0.0180892944335938
0.0119380950927734 -0.0249404907226563 0.00314521789550781 0.030426025390625
0.0129032135009766 -0.0282077789306641 -0.00241470336914063 0.0441055297851563
0.0162162780761719 -0.0259494781494141 -0.0196456909179688 0.0458259582519531
0.0271568298339844 -0.0195827484130859 -0.0298233032226563 0.0396499633789062
0.0341224670410156 -0.0131721496582031 -0.0308418273925781 0.0192394256591797
0.039031982421875 0.0106582641601563 -0.0210304260253906 0.00637054443359375
0.0393791198730469 0.0224037170410156 0.00698375701904297 0.0154695510864258
0.0329513549804687 0.0288009643554687 0.0151138305664063 0.0511627197265625
0.0239295959472656 0.0189781188964844 0.0363235473632813 0.0122413635253906
0.0298728942871094 0.0140666961669922 0.0484962463378906 0.0271034240722656
0.034271240234375 0.00425529479980469 0.0412445068359375 0.0202865600585938
0.0275211334228516 -0.00739097595214844 0.0348587036132813 0.0135898590087891
0.0154695510864258 -0.0123262405395508 0.0208225250244141 0.00965118408203125
0.0105676651000977 -0.0134134292602539 0.00924015045166016 0.01556396484375
0.00868606567382813 -0.0116472244262695 0.00424575805664063 0.0270061492919922
0.00888538360595703 -0.010777473449707 0.00149154663085937 0.037353515625
0.0109109878540039 -0.0123481750488281 -0.00521469116210937 0.0496444702148438
0.0118494033813477 -0.0108356475830078 -0.0230064392089844 0.0497322082519531
0.016850471496582 -0.00805091857910156 -0.0315933227539063 0.040435791015625
0.0215854644775391 -0.00593185424804687 -0.0310192108154297 0.0196208953857422
0.0253810882568359 0.00956344604492188 -0.0182971954345703 0.00680732727050781
0.0250797271728516 0.0172367095947266 0.0124969482421875 0.0192108154296875
0.019683837890625 0.0196781158447266 0.0219993591308594 0.0608634948730469
0.00895595550537109 0.0015716552734375 0.0397262573242188 0.0110359191894531
0.0148210525512695 -0.000203132629394531 0.0483589172363281 0.0218315124511719
0.0148019790649414 -0.00830554962158203 0.0378227233886719 0.0164794921875
0.00561332702636719 -0.010035514831543 0.0315513610839844 0.0153369903564453
-0.00313854217529297 -0.00643110275268555 0.0201396942138672 0.0110931396484375
-0.00256752967834473 0.00227928161621094 0.00976181030273437 0.0181751251220703
0.00295114517211914 0.00562572479248047 0.00456619262695313 0.0289535522460938
0.0049748420715332 0.00466203689575195 -8.01086425781208E-05 0.0385398864746094
0.00653743743896484 0.00468015670776367 -0.00904464721679687 0.0502357482910156
0.00449705123901367 0.00461769104003906 -0.02734375 0.0487022399902344
0.00455760955810547 0.00180530548095703 -0.0346603393554688 0.0376396179199219
0.00699043273925781 -0.000624656677246094 -0.0324058532714844 0.0180549621582031
0.00978660583496094 0.00609874725341797 -0.0192127227783203 0.0064544677734375
0.0082554817199707 0.00769233703613281 0.0118007659912109 0.0216808319091797
0.00413846969604492 0.00674962997436523 0.0234603881835938 0.0659027099609375
0.0137367248535156 0.0193328857421875 -0.0203933715820313 -0.0578231811523437
0.00922107696533203 0.00455474853515625 -0.00188064575195313 -0.0210304260253906
0.00756978988647461 0.00263404846191406 0.0235176086425781 -0.002410888671875
0.010441780090332 -0.00211620330810547 0.0400733947753906 -0.0130767822265625
0.00934600830078125 -0.00878143310546875 0.0391616821289063 -0.0263938903808594
0.00327587127685547 -0.0169172286987305 0.0285224914550781 -0.0442428588867187
-0.00418853759765625 -0.0211658477783203 0.0119285583496094 -0.04730224609375
-0.0029754638671875 -0.020111083984375 0.00238990783691406 -0.0346908569335938
-0.000247955322265626 -0.0235347747802734 -0.00606918334960937 -0.0229320526123047
0.0103874206542969 -0.0203609466552734 -0.0140905380249023 -0.0158977508544922
0.0187015533447266 -0.00916862487792969 -0.0239486694335938 -0.00836372375488281
0.0178470611572266 0.00408172607421875 -0.0292148590087891 -0.0115680694580078
0.00604820251464844 0.0149507522583008 -0.0383491516113281 -0.0194206237792969
0.00300216674804687 0.0152416229248047 -0.0458946228027344 -0.0181350708007813
0.00510978698730468 0.0176429748535156 -0.0369834899902344 -0.0114784240722656
0.026123046875 0.0340538024902344 -0.0111808776855469 -0.0497894287109375
0.0216732025146484 0.0169754028320313 0.00871372222900391 -0.0138950347900391
0.0216522216796875 0.0126686096191406 0.0305862426757813 0.00201606750488281
0.0247726440429688 0.00224494934082031 0.0446357727050781 -0.00914764404296875
0.0222988128662109 -0.00921440124511719 0.0410842895507813 -0.0212249755859375
0.0150852203369141 -0.0254402160644531 0.0304412841796875 -0.0365104675292969
0.00308609008789063 -0.0326347351074219 0.0148735046386719 -0.0379524230957031
0.00291633605957031 -0.0318565368652344 0.00440216064453125 -0.0243186950683594
0.00477981567382812 -0.0370941162109375 -0.00469779968261719 -0.011561393737793
0.0172901153564453 -0.0340824127197266 -0.0166769027709961 -0.00568485260009766
0.0308036804199219 -0.0203342437744141 -0.0276355743408203 0.000385284423828122
0.0342445373535156 -0.00286865234375 -0.0312767028808594 -0.00521659851074218
0.0243206024169922 0.0193119049072266 -0.0373268127441406 -0.0114936828613281
0.0207862854003906 0.025054931640625 -0.0402946472167969 -0.00838851928710937
0.0204811096191406 0.0291633605957031 -0.0315570831298828 -0.000740051269531252
0.0341911315917969 0.0449409484863281 -0.000926971435546875 -0.0360488891601563
0.0309219360351562 0.0291404724121094 0.0193061828613281 -0.00232124328613281
0.0340347290039063 0.0234889984130859 0.0374794006347656 0.0082550048828125
0.038909912109375 0.0069580078125 0.049224853515625 -0.00423049926757813
0.0340557098388672 -0.00936698913574219 0.0418014526367188 -0.0155715942382812
0.0260868072509766 -0.0299186706542969 0.0293712615966797 -0.0275402069091797
0.0109748840332031 -0.0397720336914063 0.0152397155761719 -0.0254344940185547
0.00853729248046875 -0.0383567810058594 0.00572776794433594 -0.0109424591064453
0.00897598266601562 -0.0449676513671875 -0.00285530090332031 0.00362944602966308
0.0202598571777344 -0.043060302734375 -0.0173273086547852 0.00895595550537109
0.0372390747070312 -0.0290985107421875 -0.0297641754150391 0.0128803253173828
0.0438232421875 -0.0113906860351563 -0.0328121185302734 0.0033111572265625
0.0387687683105469 0.0186920166015625 -0.0348663330078125 -0.00380325317382812
0.0358772277832031 0.0295600891113281 -0.0296764373779297 0.000514984130859375
0.0315895080566406 0.0351352691650391 -0.0217342376708984 0.0128040313720703
0.03790283203125 0.0494880676269531 0.0102558135986328 -0.0200614929199219
0.0379371643066406 0.0365829467773438 0.0302200317382813 0.0113906860351563
0.0450630187988281 0.0292129516601562 0.0430030822753906 0.0154953002929688
0.048370361328125 0.00857925415039063 0.0504913330078125 0.0012054443359375
0.0414657592773438 -0.0102157592773437 0.0386314392089844 -0.00947189331054688
0.0321922302246094 -0.0317764282226563 0.0249443054199219 -0.0159282684326172
0.0159759521484375 -0.0405731201171875 0.0132293701171875 -0.00999832153320313
0.0126686096191406 -0.0390396118164063 0.00647878646850586 0.00454330444335937
0.0118637084960937 -0.0458526611328125 -0.000782012939453122 0.0195903778076172
0.0206756591796875 -0.0442123413085938 -0.0173664093017578 0.0247364044189453
0.0374755859375 -0.0320167541503906 -0.0299720764160156 0.0250034332275391
0.0461387634277344 -0.0172500610351563 -0.0325736999511719 0.0114860534667969
0.0469398498535156 0.0148239135742188 -0.0306549072265625 0.00185966491699219
0.0448837280273438 0.0294342041015625 -0.0171480178833008 0.00739097595214844
0.0385818481445313 0.037506103515625 -0.00866127014160156 0.0266952514648438
0.0367469787597656 0.046112060546875 0.0205459594726563 -0.00375556945800781
0.0398788452148437 0.036956787109375 0.0388832092285156 0.0227317810058594
0.0492324829101563 0.0276756286621094 0.0453987121582031 0.0213813781738281
0.0516319274902344 0.00626373291015625 0.04827880859375 0.00647354125976562
0.04107666015625 -0.0116500854492188 0.0331630706787109 -0.00246238708496094
0.0314674377441406 -0.0299530029296875 0.0189208984375 -0.00425529479980469
0.0173263549804687 -0.0361061096191406 0.00948810577392578 0.00527191162109375
0.0148296356201172 -0.033843994140625 0.00510787963867188 0.0190353393554688
0.0142631530761719 -0.0392799377441406 0.000257492065429688 0.0340595245361328
0.0196876525878906 -0.0375900268554688 -0.0171737670898438 0.0373954772949219
0.0346317291259766 -0.0277729034423828 -0.0287666320800781 0.0351524353027344
0.0422210693359375 -0.0168991088867188 -0.0315589904785156 0.0168018341064453
0.0458450317382813 0.0128822326660156 -0.0255451202392578 0.00553512573242187
0.0448951721191406 0.0271110534667969 -0.00365829467773437 0.0122785568237305
0.0378494262695313 0.0351638793945313 0.0045928955078125 0.0406684875488281
0.0311965942382813 0.0342903137207031 0.0291500091552734 0.00961685180664063
0.0366096496582031 0.0285720825195313 0.0452651977539063 0.02984619140625
0.0447273254394531 0.0187339782714844 0.0446891784667969 0.0230674743652344
0.0439071655273437 0.000354766845703125 0.0419464111328125 0.0112228393554687
0.0318584442138672 -0.0119915008544922 0.0259151458740234 0.00463676452636719
0.0243263244628906 -0.0231914520263672 0.0124711990356445 0.00741481781005859
0.0150890350341797 -0.0253391265869141 0.00606918334960938 0.0187187194824219
0.0140190124511719 -0.0233535766601563 0.0039825439453125 0.0303478240966797
0.0145721435546875 -0.0265312194824219 -0.00089263916015625 0.0437355041503906
0.0177135467529297 -0.0240325927734375 -0.0178565979003906 0.0468063354492187
0.0278835296630859 -0.017059326171875 -0.02886962890625 0.0400199890136719
0.0333900451660156 -0.0108280181884766 -0.0303115844726562 0.02081298828125
0.0364112854003906 0.0125083923339844 -0.0204524993896484 0.00699234008789062
0.0362701416015625 0.0240364074707031 0.00710201263427735 0.0164327621459961
0.0292930603027344 0.0294437408447266 0.0152931213378906 0.05303955078125
0.0204734802246094 0.0182628631591797 0.0356636047363281 0.0148048400878906
0.0267734527587891 0.0142860412597656 0.0485954284667969 0.0291290283203125
0.0312328338623047 0.00526046752929688 0.0416946411132813 0.0216789245605469
0.0257759094238281 -0.00464057922363281 0.0362205505371094 0.0140533447265625
0.0149660110473633 -0.009185791015625 0.0213069915771484 0.00960540771484375
0.0115728378295898 -0.011500358581543 0.00983619689941406 0.0151824951171875
0.0105648040771484 -0.0100889205932617 0.00395584106445313 0.0269050598144531
0.0107860565185547 -0.00902462005615234 0.00162887573242188 0.0370712280273438
0.0127239227294922 -0.0105571746826172 -0.0045013427734375 0.0490951538085938
0.0131206512451172 -0.00844764709472656 -0.0218467712402344 0.0501251220703125
0.0174360275268555 -0.00494194030761719 -0.0309257507324219 0.0409812927246094
0.0205612182617188 -0.00290679931640625 -0.0302276611328125 0.020416259765625
0.0227527618408203 0.0113697052001953 -0.0179595947265625 0.00769805908203125
0.0212612152099609 0.0179500579833984 0.0123939514160156 0.0202388763427734
0.0164775848388672 0.0194110870361328 0.0210342407226563 0.0630378723144531
0.00633096694946289 0.000582218170166016 0.0384292602539063 0.0133285522460938
0.0120620727539063 -0.000716209411621094 0.0476608276367188 0.0241546630859375
0.0118961334228516 -0.00762653350830078 0.0378761291503906 0.0176811218261719
0.00353384017944336 -0.00874900817871094 0.0324001312255859 0.0149955749511719
-0.00434327125549316 -0.00350737571716309 0.0196647644042969 0.0105705261230469
-0.00172042846679688 0.0042271614074707 0.00981521606445313 0.0173959732055664
0.00504398345947266 0.00713300704956055 0.00364494323730469 0.0283946990966797
0.00641059875488281 0.00622034072875977 -0.000804901123046874 0.0379791259765625
0.00918388366699219 0.00602531433105469 -0.009735107421875 0.0493659973144531
0.005767822265625 0.00632619857788086 -0.0271682739257813 0.0485420227050781
0.00481176376342773 0.00501108169555664 -0.0339813232421875 0.0372543334960938
0.00612449645996094 0.00221872329711914 -0.0317859649658203 0.0188026428222656
0.00756502151489258 0.00670862197875977 -0.0196800231933594 0.00693321228027343
0.00499916076660156 0.00821161270141602 0.0108222961425781 0.0225887298583984
0.000984668731689453 0.00588703155517578 0.021331787109375 0.067352294921875
0.0172328948974609 0.020416259765625 -0.0178718566894531 -0.0609931945800781
0.0117053985595703 0.00390815734863281 -0.000446319580078122 -0.0233116149902344
0.00938320159912109 0.000590324401855469 0.0241565704345703 -0.0024871826171875
0.0110073089599609 -0.00496959686279297 0.0411376953125 -0.0126991271972656
0.00883865356445313 -0.0104789733886719 0.0409889221191406 -0.0258598327636719
0.00142097473144531 -0.0198764801025391 0.0307044982910156 -0.0436248779296875
-0.00632286071777343 -0.022979736328125 0.014312744140625 -0.0478363037109375
-0.00494194030761719 -0.0219993591308594 0.00483322143554688 -0.0345592498779297
-0.00222206115722656 -0.0255813598632812 -0.00347137451171875 -0.0229587554931641
0.00967788696289062 -0.0234165191650391 -0.0131149291992188 -0.0154275894165039
0.019866943359375 -0.0114727020263672 -0.0242805480957031 -0.00801467895507812
0.0203971862792969 0.00264739990234375 -0.0299606323242188 -0.0125408172607422
0.00918292999267578 0.015376091003418 -0.0393562316894531 -0.0211296081542969
0.00619029998779297 0.017155647277832 -0.0466079711914063 -0.0212326049804687
0.00795173645019531 0.0202484130859375 -0.0358924865722656 -0.014434814453125
0.0279808044433594 0.0364723205566406 -0.00777435302734375 -0.0520401000976562
0.0231590270996094 0.0176181793212891 0.0108108520507813 -0.0153188705444336
0.0231189727783203 0.0120182037353516 0.0318431854248047 0.00159645080566406
0.0255928039550781 0.000988006591796875 0.0469970703125 -0.00862884521484375
0.0222797393798828 -0.01025390625 0.0438232421875 -0.0200653076171875
0.0137214660644531 -0.0269279479980469 0.033660888671875 -0.0358238220214844
0.00261116027832031 -0.0340938568115234 0.017822265625 -0.0377273559570313
0.00225639343261718 -0.0333976745605469 0.00719451904296875 -0.0245418548583984
0.00405502319335937 -0.0394058227539063 -0.00212955474853516 -0.0109310150146484
0.0172767639160156 -0.0370140075683594 -0.0148916244506836 -0.00473594665527344
0.0323276519775391 -0.0226688385009766 -0.0274887084960938 0.00165176391601562
0.0372581481933594 -0.00398635864257812 -0.0319766998291016 -0.00478744506835937
0.0275249481201172 0.0211467742919922 -0.0379295349121094 -0.0122947692871094
0.0234336853027344 0.0281581878662109 -0.0400772094726562 -0.0101165771484375
0.0220603942871094 0.0326404571533203 -0.029876708984375 -0.00251579284667968
0.0350265502929687 0.0481948852539063 0.0028839111328125 -0.0374565124511719
0.0312156677246094 0.0309810638427734 0.0225467681884766 -0.00309944152832031
0.0350437164306641 0.0242557525634766 0.0394477844238281 0.0091400146484375
0.0388069152832031 0.00717544555664063 0.0516204833984375 -0.00339508056640625
0.0349388122558594 -0.00874710083007813 0.0446739196777344 -0.0143852233886719
0.0260124206542969 -0.0304889678955078 0.0327167510986328 -0.0269889831542969
0.0110893249511719 -0.0405158996582031 0.0182514190673828 -0.0244350433349609
0.00914382934570313 -0.0392799377441406 0.00928306579589844 -0.0107622146606445
0.00906372070312499 -0.0466575622558594 -0.000298023223876952 0.00468826293945312
0.0217628479003906 -0.0450363159179687 -0.015650749206543 0.0107994079589844
0.0397796630859375 -0.0302848815917969 -0.0287113189697266 0.0143756866455078
0.0472335815429687 -0.0113143920898438 -0.0328044891357422 0.00399971008300781
0.0414047241210938 0.0208778381347656 -0.0350608825683594 -0.00413322448730469
0.0374298095703125 0.0329551696777344 -0.0293216705322266 -0.000446319580078122
0.0329627990722656 0.039520263671875 -0.0196437835693359 0.0125694274902344
0.0370750427246094 0.052947998046875 0.013580322265625 -0.0195598602294922
0.0369377136230469 0.0398178100585938 0.0326519012451172 0.0120067596435547
0.044830322265625 0.0310707092285156 0.04510498046875 0.0167160034179688
0.0497894287109375 0.0103645324707031 0.0540313720703125 0.00246810913085938
0.0421791076660156 -0.00886917114257813 0.0410690307617188 -0.00845718383789063
0.0334930419921875 -0.0318107604980469 0.0287094116210938 -0.0153732299804688
0.0174789428710938 -0.0411338806152344 0.0161876678466797 -0.00966930389404297
0.0140457153320313 -0.0397682189941406 0.00890350341796875 0.00502872467041015
0.01318359375 -0.0470008850097656 0.00229454040527344 0.0208454132080078
0.0228118896484375 -0.045684814453125 -0.0154914855957031 0.0260639190673828
0.0405616760253906 -0.0320549011230469 -0.0287303924560547 0.0272197723388672
0.0485916137695312 -0.0160140991210937 -0.0326404571533203 0.0128707885742188
0.0483970642089844 0.0184860229492187 -0.0304927825927734 0.00177574157714844
0.0455436706542969 0.0328788757324219 -0.0160226821899414 0.00744533538818359
0.037689208984375 0.0413169860839844 -0.00656318664550781 0.0279426574707031
0.0344314575195313 0.0493011474609375 0.0235576629638672 -0.00174903869628906
0.0380020141601563 0.0404052734375 0.0415992736816406 0.0250473022460938
0.048309326171875 0.0308876037597656 0.047271728515625 0.0227279663085938
0.0525970458984375 0.00931930541992188 0.05023193359375 0.0078887939453125
0.0421676635742187 -0.00908660888671875 0.03546142578125 -0.000801086425781251
0.0340042114257813 -0.0289478302001953 0.0217933654785156 -0.00340461730957031
0.019989013671875 -0.0358772277832031 0.0116968154907227 0.00571823120117187
0.0170440673828125 -0.0335845947265625 0.00744247436523438 0.0198745727539062
0.0167732238769531 -0.0397720336914062 0.00242996215820312 0.0352210998535156
0.0224266052246094 -0.0372657775878906 -0.0155563354492188 0.0393409729003906
0.0370216369628906 -0.0263481140136719 -0.0282554626464844 0.0366973876953125
0.044464111328125 -0.0143165588378906 -0.0314807891845703 0.0181674957275391
0.0464897155761719 0.0163307189941406 -0.0252189636230469 0.00615692138671875
0.0441741943359375 0.0314483642578125 -0.0024881362915039 0.0130949020385742
0.0359573364257813 0.038543701171875 0.0059967041015625 0.0432891845703125
0.0279960632324219 0.0368270874023438 0.03076171875 0.0123462677001953
0.0338592529296875 0.0316619873046875 0.0467300415039063 0.0325050354003906
0.0430183410644531 0.0221939086914063 0.0467567443847656 0.0257606506347656
0.0436592102050781 0.003662109375 0.044464111328125 0.0128707885742188
0.0337104797363281 -0.00872802734375 0.0274772644042969 0.00506019592285156
0.0266036987304688 -0.0220184326171875 0.014918327331543 0.00763893127441406
0.0182552337646484 -0.0243778228759766 0.00725555419921875 0.0190334320068359
0.0166015625 -0.0222721099853516 0.00484848022460938 0.0311317443847656
0.0177574157714844 -0.0256729125976563 0.000591278076171879 0.0452919006347656
0.0200138092041016 -0.0225963592529297 -0.0172233581542969 0.0482749938964844
0.029144287109375 -0.0147113800048828 -0.0283737182617187 0.0414199829101563
0.0343704223632813 -0.00768089294433594 -0.0307025909423828 0.0211448669433594
0.0357322692871094 0.0158576965332031 -0.0201835632324219 0.00838470458984376
0.0341300964355469 0.0264110565185547 0.00771903991699219 0.017852783203125
0.0271778106689453 0.0320758819580078 0.0159912109375 0.0568351745605469
0.0175590515136719 0.0193367004394531 0.0364990234375 0.0187149047851563
0.0239219665527344 0.0159854888916016 0.0491104125976563 0.0332221984863281
0.0295028686523438 0.0075225830078125 0.0440444946289063 0.0239028930664063
0.0250492095947266 -0.00238037109375 0.0378608703613281 0.0151557922363281
0.0156259536743164 -0.00642108917236328 0.0219097137451172 0.0093994140625
0.0136833190917969 -0.00907421112060547 0.00980663299560547 0.0150642395019531
0.0132284164428711 -0.00853633880615234 0.00385284423828125 0.0273876190185547
0.0143213272094727 -0.00795078277587891 0.000915527343750001 0.0378684997558594
0.0162849426269531 -0.00950145721435547 -0.00450515747070312 0.0502128601074219
0.016331672668457 -0.00610637664794922 -0.022125244140625 0.0517807006835938
0.0186786651611328 -0.00174903869628906 -0.0310401916503906 0.0416107177734375
0.0205078125 0.000375747680664063 -0.0298995971679687 0.0208168029785156
0.0206317901611328 0.0138645172119141 -0.0183067321777344 0.00837516784667968
0.0184612274169922 0.0201435089111328 0.0126781463623047 0.0219974517822266
0.0122814178466797 0.0212936401367188 0.020172119140625 0.0668258666992188
0.00327825546264648 -0.000355720520019531 0.03802490234375 0.01751708984375
0.00969028472900391 -0.000368118286132812 0.04827880859375 0.0276527404785156
0.00911998748779297 -0.00743675231933594 0.0395889282226563 0.0196266174316406
0.00171804428100586 -0.006317138671875 0.0339069366455078 0.0156364440917969
-0.00414752960205078 -0.000758171081542968 0.0203418731689453 0.0103740692138672
-0.000384330749511719 0.00686216354370117 0.00874423980712891 0.0166997909545898
0.00774574279785156 0.00910472869873047 0.00221633911132813 0.0287914276123047
0.00912857055664063 0.00811862945556641 -0.00238418579101562 0.0386924743652344
0.012150764465332 0.00764846801757813 -0.010772705078125 0.0495758056640625
0.00818443298339844 0.0086359977722168 -0.0277976989746094 0.0489425659179688
0.00542020797729492 0.00827121734619141 -0.0352935791015625 0.0372352600097656
0.00497531890869141 0.00483322143554688 -0.0326786041259766 0.0186786651611328
0.0048975944519043 0.0086207389831543 -0.0203495025634766 0.00747489929199219
0.000599861145019531 0.00908470153808594 0.00971031188964844 0.0242538452148438
-0.00206708908081055 0.00535488128662109 0.019134521484375 0.071136474609375
0.0213813781738281 0.0216884613037109 -0.0157470703125 -0.06695556640625
0.0154781341552734 0.00221729278564453 0.000858306884765627 -0.0260868072509766
0.0116062164306641 -0.00152969360351563 0.0259304046630859 -0.0037384033203125
0.0112333297729492 -0.00779342651367187 0.0427360534667969 -0.0132064819335937
0.00807952880859375 -0.0133857727050781 0.04296875 -0.0262947082519531
-0.000827789306640627 -0.0222663879394531 0.0333786010742188 -0.0448226928710938
-0.00935935974121094 -0.0251426696777344 0.0167579650878906 -0.0496788024902344
-0.00706291198730469 -0.0238971710205078 0.0066680908203125 -0.0369682312011719
-0.00547599792480469 -0.0277557373046875 -0.00150871276855469 -0.0237407684326172
0.00829124450683594 -0.0265064239501953 -0.0119009017944336 -0.0153541564941406
0.0204296112060547 -0.0152721405029297 -0.0241718292236328 -0.00753211975097656
0.0230121612548828 0.000371932983398438 -0.0312442779541016 -0.012542724609375
0.013554573059082 0.0160179138183594 -0.041748046875 -0.0223197937011719
0.00978851318359375 0.0187244415283203 -0.0489425659179688 -0.0243492126464844
0.0116481781005859 0.0228443145751953 -0.0360374450683594 -0.0180091857910156
0.0320854187011719 0.0394248962402344 -0.00501251220703125 -0.0566635131835937
0.0258617401123047 0.0179252624511719 0.0135173797607422 -0.0178089141845703
0.0246944427490234 0.0112838745117187 0.0342693328857422 0.00136947631835938
0.0266952514648438 -0.00075531005859375 0.0492019653320313 -0.00867080688476563
0.0222339630126953 -0.0120468139648438 0.0470466613769531 -0.0198173522949219
0.0123882293701172 -0.0293636322021484 0.0370254516601563 -0.0367469787597656
0.000347137451171872 -0.0362968444824219 0.021820068359375 -0.0397911071777344
0.000526428222656249 -0.0353736877441406 0.0102500915527344 -0.0258331298828125
0.00180816650390625 -0.0423049926757813 0.00121879577636719 -0.0116844177246094
0.0170631408691406 -0.0403556823730469 -0.012939453125 -0.00426673889160157
0.0352668762207031 -0.0256805419921875 -0.0268363952636719 0.00312805175781249
0.0410308837890625 -0.00577545166015625 -0.0321693420410156 -0.00470924377441406
0.0324993133544922 0.0221595764160156 -0.0388374328613281 -0.0125999450683594
0.0280971527099609 0.0315227508544922 -0.0407066345214844 -0.0123176574707031
0.0260467529296875 0.037078857421875 -0.0290546417236328 -0.00433540344238281
0.0372848510742188 0.0524711608886719 0.00722503662109375 -0.0400047302246094
0.0334587097167969 0.0336151123046875 0.0259971618652344 -0.00429153442382812
0.0371932983398438 0.0254096984863281 0.0428657531738281 0.0087890625
0.0409469604492188 0.0074310302734375 0.0554618835449219 -0.00343704223632812
0.0361251831054687 -0.00983428955078125 0.0484886169433594 -0.0143814086914063
0.0256252288818359 -0.0332069396972656 0.0371932983398438 -0.0274238586425781
0.0109214782714844 -0.0426788330078125 0.0227203369140625 -0.0265007019042969
0.00912857055664063 -0.0417098999023437 0.0129461288452148 -0.0113468170166016
0.00915908813476562 -0.0494537353515625 0.00402641296386719 0.00480461120605468
0.0226020812988281 -0.0486679077148438 -0.013275146484375 0.0120449066162109
0.042999267578125 -0.0332984924316406 -0.0279216766357422 0.0165290832519531
0.0509414672851563 -0.0129508972167969 -0.0333042144775391 0.00483703613281251
0.0465774536132813 0.0232772827148438 -0.0359687805175781 -0.00384902954101563
0.0423545837402344 0.0374374389648438 -0.0292510986328125 -0.00154685974121094
0.0356636047363281 0.0450363159179688 -0.0176906585693359 0.0124053955078125
0.0378379821777344 0.0574836730957031 0.0179347991943359 -0.0199813842773437
0.0379219055175781 0.0433235168457031 0.0366172790527344 0.0125732421875
0.0469589233398438 0.0345878601074219 0.0488471984863281 0.01776123046875
0.0530281066894531 0.0113601684570312 0.0577850341796875 0.00326156616210938
0.0452995300292969 -0.00843429565429688 0.04541015625 -0.0083465576171875
0.0355186462402344 -0.032989501953125 0.0328655242919922 -0.0157890319824219
0.0191459655761719 -0.0429649353027344 0.0191993713378906 -0.00999832153320313
0.0161094665527344 -0.0415878295898438 0.0125532150268555 0.00521659851074218
0.0147819519042969 -0.0497016906738281 0.00602340698242187 0.0219974517822266
0.0243797302246094 -0.0481033325195313 -0.0130138397216797 0.0292472839355469
0.0441970825195313 -0.0343856811523438 -0.0273265838623047 0.0298519134521484
0.0532569885253906 -0.0166091918945313 -0.0322284698486328 0.0142707824707031
0.0525665283203125 0.0209999084472656 -0.0307464599609375 0.003509521484375
0.0485496520996094 0.0373458862304688 -0.0149669647216797 0.00727367401123047
0.0395698547363281 0.046600341796875 -0.00385475158691406 0.0292625427246094
0.0350875854492188 0.0536537170410156 0.0271148681640625 -0.000467300415039059
0.0377616882324219 0.04534912109375 0.0452384948730469 0.0267486572265625
0.0504188537597656 0.0349693298339844 0.0515556335449219 0.0249519348144531
0.0545120239257812 0.0120849609375 0.0546989440917969 0.00886154174804688
0.0459403991699219 -0.0073394775390625 0.0384407043457031 -0.0013275146484375
0.0369796752929688 -0.0298576354980469 0.0252780914306641 -0.00414466857910156
0.0233917236328125 -0.0376358032226563 0.0148391723632813 0.0061197280883789
0.0200443267822266 -0.0348701477050781 0.00991058349609375 0.0203647613525391
0.0194854736328125 -0.0410575866699219 0.00613784790039063 0.0366783142089844
0.0252151489257813 -0.03790283203125 -0.0127792358398437 0.0428314208984375
0.041046142578125 -0.0262184143066406 -0.0270805358886719 0.0395622253417969
0.0481338500976562 -0.013275146484375 -0.0306949615478516 0.0207061767578125
0.0488929748535156 0.0198478698730469 -0.0251216888427734 0.00761032104492188
0.0460891723632813 0.0351791381835938 -0.000274658203124997 0.0140552520751953
0.0359115600585937 0.0434989929199219 0.00931930541992188 0.0462913513183594
0.0267181396484375 0.0406532287597656 0.0345535278320312 0.0154933929443359
0.0326766967773438 0.0353202819824219 0.0510902404785156 0.0360450744628906
0.0439186096191406 0.0258865356445313 0.0508346557617188 0.0273056030273438
0.045501708984375 0.00711822509765625 0.0482025146484375 0.0134315490722656
0.0364761352539063 -0.00677108764648438 0.0296421051025391 0.00527191162109375
0.0297527313232422 -0.0212535858154297 0.0168256759643555 0.00792407989501953
0.0219593048095703 -0.0246486663818359 0.00966644287109375 0.0196914672851563
0.0212764739990234 -0.0227184295654297 0.00663185119628907 0.0328731536865234
0.0216121673583984 -0.0273571014404297 0.00300979614257813 0.0474014282226563
0.0240573883056641 -0.0228633880615234 -0.0155487060546875 0.0505218505859375
0.0330085754394531 -0.0126991271972656 -0.0279006958007812 0.044464111328125
0.0370292663574219 -0.0052642822265625 -0.0300102233886719 0.0230178833007813
0.0367355346679688 0.0197639465332031 -0.0197620391845703 0.00920677185058594
0.0334606170654297 0.0309047698974609 0.0103073120117188 0.0195541381835938
0.0248680114746094 0.0355262756347656 0.0181617736816406 0.0614891052246094
0.0145683288574219 0.0208339691162109 0.0386199951171875 0.0227928161621094
0.0211219787597656 0.0193729400634766 0.0531196594238281 0.0379257202148438
0.0280399322509766 0.0110931396484375 0.0474090576171875 0.0261802673339844
0.0257320404052734 0.000902175903320313 0.0409584045410156 0.0160179138183594
0.0174226760864258 -0.00385379791259766 0.0237960815429688 0.00992965698242188
0.0170230865478516 -0.00720882415771484 0.010645866394043 0.0156011581420898
0.0178661346435547 -0.00859451293945312 0.00446701049804688 0.0289783477783203
0.0184478759765625 -0.0073699951171875 0.000968933105468755 0.0395317077636719
0.020904541015625 -0.00817298889160156 -0.00425338745117187 0.0518112182617188
0.0205287933349609 -0.0048370361328125 -0.0219039916992188 0.0536422729492188
0.0218849182128906 0.00115013122558594 -0.0312690734863281 0.0438232421875
0.0222072601318359 0.00359153747558594 -0.0311603546142578 0.0227127075195313
0.0195045471191406 0.01788330078125 -0.018890380859375 0.00934219360351563
0.0156574249267578 0.0232124328613281 0.0136642456054688 0.02459716796875
0.00930023193359375 0.0230064392089844 0.0223922729492187 0.0723342895507813
4.0292739868164E-05 -0.00150597095489502 0.0393104553222656 0.0221176147460937
0.00611352920532227 0.000418663024902344 0.0505523681640625 0.0321731567382813
0.0064692497253418 -0.00568389892578125 0.0425186157226563 0.02197265625
0.000519990921020508 -0.00382542610168457 0.0358352661132813 0.0166168212890625
-0.00440073013305664 0.00210762023925781 0.0205059051513672 0.00878334045410156
0.00177764892578125 0.0100555419921875 0.00852775573730469 0.0167713165283203
0.0111579895019531 0.0104494094848633 0.000766754150390623 0.0301551818847656
0.0127124786376953 0.00937843322753906 -0.00330352783203124 0.0400009155273438
0.0157747268676758 0.00978851318359375 -0.0115776062011719 0.0515594482421875
0.0122108459472656 0.0112991333007813 -0.028900146484375 0.0505104064941406
0.00812816619873047 0.0118703842163086 -0.0358467102050781 0.0385818481445312
0.00567150115966797 0.0090789794921875 -0.0341091156005859 0.0200233459472656
0.00240135192871094 0.0120887756347656 -0.02178955078125 0.00951576232910156
-0.00294399261474609 0.0113754272460938 0.00967788696289063 0.0275001525878906
-0.00709199905395508 0.00687551498413086 0.0199203491210938 0.0774917602539063
0.0275993347167969 0.0215873718261719 -0.0168533325195313 -0.07391357421875
0.0190181732177734 0.000608444213867188 0.00113868713378906 -0.0310573577880859
0.0135498046875 -0.00497722625732422 0.0271568298339844 -0.0054779052734375
0.0110139846801758 -0.0118083953857422 0.0451126098632813 -0.0147628784179688
0.00632667541503906 -0.0163736343383789 0.045867919921875 -0.0276908874511719
-0.00543403625488282 -0.0245895385742188 0.0354042053222656 -0.0478134155273438
-0.0141811370849609 -0.0257930755615234 0.0189666748046875 -0.0524368286132813
-0.0113887786865234 -0.0251064300537109 0.00917816162109375 -0.0396919250488281
-0.0100040435791016 -0.0303916931152344 0.000717163085937497 -0.0262870788574219
0.0045928955078125 -0.0303401947021484 -0.0106077194213867 -0.015629768371582
0.0205841064453125 -0.0203914642333984 -0.0241203308105469 -0.00658035278320312
0.0252456665039062 -0.00339889526367187 -0.0333690643310547 -0.0120620727539062
0.0182723999023438 0.0149917602539063 -0.0451240539550781 -0.0232772827148437
0.0159492492675781 0.0200729370117188 -0.052703857421875 -0.0269432067871094
0.0171794891357422 0.025115966796875 -0.0374794006347656 -0.0216140747070313
0.03759765625 0.0413665771484375 -0.00307464599609375 -0.062347412109375
0.0295085906982422 0.0175361633300781 0.015899658203125 -0.0216560363769531
0.0273895263671875 0.00960731506347656 0.0369224548339844 -0.000846862792968749
0.0271835327148437 -0.00397300720214844 0.0521354675292969 -0.01055908203125
0.0217857360839844 -0.0148773193359375 0.0501785278320312 -0.0214576721191406
0.0101509094238281 -0.0318431854248047 0.0407447814941406 -0.0393028259277344
-0.00238800048828125 -0.0378646850585938 0.02520751953125 -0.0422630310058594
-0.00193023681640625 -0.0376739501953125 0.0136337280273438 -0.0288009643554688
-0.0009002685546875 -0.0452499389648438 0.00452423095703125 -0.0133295059204102
0.0153007507324219 -0.0455169677734375 -0.0105867385864258 -0.00346660614013672
0.0363693237304688 -0.0309600830078125 -0.0253849029541016 0.00512504577636718
0.0448532104492188 -0.00975799560546875 -0.0326881408691406 -0.00356101989746094
0.0392494201660156 0.0229263305664063 -0.0415115356445313 -0.0126533508300781
0.0345001220703125 0.0334892272949219 -0.0426826477050781 -0.0141372680664063
0.0319328308105469 0.0410842895507813 -0.0282115936279297 -0.006805419921875
0.042022705078125 0.0560951232910156 0.010223388671875 -0.0440711975097656
0.036651611328125 0.0352096557617188 0.0300121307373047 -0.0073394775390625
0.039886474609375 0.0258026123046875 0.04620361328125 0.00735092163085938
0.0433692932128906 0.00594711303710938 0.0597648620605469 -0.00478744506835938
0.0373725891113281 -0.0112800598144531 0.0526313781738281 -0.0160789489746094
0.0260810852050781 -0.0351905822753906 0.0420722961425781 -0.0297164916992188
0.00983047485351562 -0.0453453063964844 0.0272350311279297 -0.0287113189697266
0.00841140747070312 -0.0447349548339844 0.0166711807250977 -0.0138263702392578
0.00800704956054688 -0.053253173828125 0.00865888595581055 0.00327205657958984
0.0222206115722656 -0.0533485412597656 -0.0100488662719727 0.0133180618286133
0.0455055236816406 -0.037811279296875 -0.0260887145996094 0.0192070007324219
0.056243896484375 -0.0157546997070313 -0.0324783325195313 0.00719833374023438
0.053619384765625 0.0243492126464844 -0.0370445251464844 -0.00278472900390624
0.0487594604492188 0.0403900146484375 -0.0295906066894531 -0.00231170654296875
0.0410881042480469 0.049957275390625 -0.0147552490234375 0.0114927291870117
0.0412483215332031 0.0631256103515625 0.0222816467285156 -0.0223484039306641
0.0408439636230469 0.0473060607910156 0.0419273376464844 0.0107154846191406
0.0503311157226563 0.0367660522460938 0.0534248352050781 0.0169334411621094
0.056304931640625 0.0123100280761719 0.0623779296875 0.000873565673828126
0.0481605529785156 -0.00842666625976563 0.0497970581054688 -0.0098419189453125
0.0373306274414062 -0.035980224609375 0.0374412536621094 -0.0180816650390625
0.020538330078125 -0.0462303161621094 0.0247802734375 -0.0122108459472656
0.0166664123535156 -0.0445632934570313 0.0165462493896484 0.00357341766357422
0.0155563354492187 -0.0529937744140625 0.0112018585205078 0.0215587615966797
0.0257492065429688 -0.0521736145019531 -0.00866317749023437 0.0300674438476563
0.0476913452148438 -0.037567138671875 -0.0244789123535156 0.0327796936035156
0.0585708618164063 -0.0182685852050781 -0.0313606262207031 0.0168437957763672
0.0590362548828125 0.0228652954101562 -0.0310420989990234 0.00489425659179688
0.0545005798339844 0.0418777465820313 -0.0130186080932617 0.00691986083984375
0.0432701110839844 0.0526771545410156 -2.09808349609317E-05 0.0306491851806641
0.0358047485351563 0.0592613220214844 0.0323009490966797 -0.000171661376953121
0.0391578674316406 0.0492973327636719 0.0514106750488281 0.02764892578125
0.0532875061035156 0.0387458801269531 0.0566329956054687 0.0241241455078125
0.0592079162597656 0.0136985778808594 0.0599899291992188 0.00799942016601563
0.0493202209472656 -0.00738143920898438 0.0421028137207031 -0.00255584716796875
0.0408363342285156 -0.0314407348632813 0.028961181640625 -0.00529670715332032
0.025726318359375 -0.0401496887207031 0.0187187194824219 0.00488471984863281
0.0227508544921875 -0.0371627807617188 0.0139217376708984 0.0198802947998047
0.0228233337402344 -0.0442924499511719 0.0107192993164063 0.0374526977539063
0.0281944274902344 -0.0412254333496094 -0.00833129882812499 0.0452156066894531
0.0449905395507813 -0.0277862548828125 -0.0241584777832031 0.042816162109375
0.0528335571289063 -0.0137290954589844 -0.029144287109375 0.0236091613769531
0.0534706115722656 0.0226554870605469 -0.0242042541503906 0.00870513916015625
0.0489349365234375 0.0403289794921875 0.00193977355957031 0.0145692825317383
0.0373420715332031 0.0492324829101563 0.0143013000488281 0.0493545532226563
0.0260162353515625 0.0452651977539063 0.0392951965332031 0.0179634094238281
0.0331192016601563 0.0402603149414063 0.0571136474609375 0.0383491516113281
0.0457000732421875 0.0299758911132812 0.0561294555664063 0.0282249450683594
0.0492668151855469 0.0100173950195313 0.0531654357910156 0.0124893188476563
0.0398788452148438 -0.00524139404296875 0.0324764251708984 0.00413894653320313
0.0350666046142578 -0.0218029022216797 0.0194244384765625 0.00707435607910156
0.0263748168945313 -0.0274848937988281 0.0119228363037109 0.0201892852783203
0.0247879028320313 -0.0246925354003906 0.00921249389648438 0.0339031219482422
0.0261993408203125 -0.0288372039794922 0.00638961791992188 0.0485992431640625
0.0286483764648437 -0.0239543914794922 -0.0120811462402344 0.0534172058105469
0.0377197265625 -0.0125961303710937 -0.0256156921386719 0.0472373962402344
0.0406417846679688 -0.0030975341796875 -0.0285415649414062 0.0261154174804688
0.0385284423828125 0.0235366821289063 -0.01910400390625 0.0110359191894531
0.0340118408203125 0.0356979370117188 0.0132331848144531 0.0213336944580078
0.0240364074707031 0.0407447814941406 0.0234870910644531 0.0662307739257813
0.0124149322509766 0.0236339569091797 0.0428276062011719 0.0272178649902344
0.0200843811035156 0.0224647521972656 0.0583572387695313 0.0407867431640625
0.0279903411865234 0.0140037536621094 0.0521392822265625 0.0267524719238281
0.0275154113769531 0.0037689208984375 0.0447807312011719 0.0154762268066406
0.0200271606445313 -0.00105667114257813 0.0249195098876953 0.00838661193847656
0.0216388702392578 -0.0066375732421875 0.011540412902832 0.01495361328125
0.0223464965820313 -0.00945091247558594 0.0050811767578125 0.0299701690673828
0.0229873657226563 -0.00819778442382813 0.00252914428710938 0.0412178039550781
0.02618408203125 -0.0098724365234375 -0.00181961059570313 0.054229736328125
0.0252304077148437 -0.00436782836914063 -0.0196266174316406 0.0557670593261719
0.026336669921875 0.00360107421875 -0.0298919677734375 0.0463104248046875
0.0246429443359375 0.00728225708007813 -0.0308361053466797 0.0250873565673828
0.01934814453125 0.0222396850585938 -0.0187778472900391 0.0119838714599609
0.0135593414306641 0.0279159545898437 0.0158500671386719 0.0265712738037109
0.00644111633300781 0.026885986328125 0.0264205932617188 0.0783157348632813
-0.0039818286895752 -0.000570535659790039 0.0422019958496094 0.0268898010253906
0.00272583961486816 0.0016019344329834 0.0556526184082031 0.0357246398925781
0.00388479232788086 -0.0030207633972168 0.0468711853027344 0.0223197937011719
-0.000581920146942139 -0.000326871871948242 0.0392189025878906 0.0155982971191406
-0.00271701812744141 0.00574874877929688 0.0213489532470703 0.00869941711425781
0.00604724884033203 0.0120334625244141 0.0075531005859375 0.017003059387207
0.0160398483276367 0.0107793807983398 -0.00051307678222656 0.0328350067138672
0.0182266235351563 0.00962638854980469 -0.00421524047851562 0.0430068969726563
0.0218849182128906 0.00963020324707031 -0.0118904113769531 0.0543975830078125
0.017216682434082 0.0125083923339844 -0.0283966064453125 0.0535392761230469
0.0116462707519531 0.0151462554931641 -0.0362739562988281 0.0409469604492188
0.00711822509765625 0.0130834579467773 -0.0350017547607422 0.0219287872314453
0.000599861145019533 0.0165977478027344 -0.0220222473144531 0.0107421875
-0.00667190551757812 0.015162467956543 0.0106525421142578 0.0301494598388672
-0.0118341445922852 0.00893783569335937 0.0224990844726563 0.0838394165039063
0.0337085723876953 0.0202102661132813 -0.0199203491210937 -0.0798797607421875
0.0223731994628906 -0.00344467163085937 -0.000114440917968748 -0.0354652404785156
0.0151185989379883 -0.00933170318603516 0.0280227661132813 -0.00820541381835938
0.00885486602783203 -0.015233039855957 0.0456352233886719 -0.0167083740234375
0.00274085998535156 -0.0185832977294922 0.046722412109375 -0.0303535461425781
-0.0112190246582031 -0.0244979858398438 0.0364265441894531 -0.0503501892089844
-0.0188484191894531 -0.0245418548583984 0.0202789306640625 -0.0563926696777344
-0.0154094696044922 -0.0251178741455078 0.00989913940429687 -0.043243408203125
-0.0157394409179688 -0.0303096771240234 0.00232696533203125 -0.0284252166748047
0.00019264221191406 -0.0330257415771484 -0.00872993469238281 -0.015899658203125
0.0190277099609375 -0.0257511138916016 -0.0228481292724609 -0.00519371032714844
0.0264053344726563 -0.00911140441894531 -0.0350093841552734 -0.0113105773925781
0.0241756439208984 0.0118618011474609 -0.0482063293457031 -0.0228347778320313
0.0222759246826172 0.0183773040771484 -0.0574798583984375 -0.0273094177246094
0.0237617492675781 0.0252895355224609 -0.0391845703125 -0.0252265930175781
0.0441741943359375 0.0405006408691406 -0.00310134887695313 -0.0681114196777344
0.0327968597412109 0.0146236419677734 0.0164661407470703 -0.0261688232421875
0.0294151306152344 0.00716018676757813 0.0386238098144531 -0.00276947021484375
0.0269966125488281 -0.00686073303222656 0.05462646484375 -0.0132598876953125
0.0202407836914063 -0.0168933868408203 0.0536880493164062 -0.0238838195800781
0.00649452209472656 -0.0322780609130859 0.0436019897460938 -0.0434799194335938
-0.00616073608398437 -0.0386619567871094 0.0274620056152344 -0.0467567443847656
-0.00511932373046875 -0.0383644104003906 0.016387939453125 -0.0323028564453125
-0.005859375 -0.0471916198730469 0.00757884979248047 -0.016423225402832
0.011962890625 -0.0490379333496094 -0.0073246955871582 -0.00334882736206055
0.0353126525878906 -0.0371055603027344 -0.0230579376220703 0.00636291503906249
0.0475349426269531 -0.0146675109863281 -0.0329475402832031 -0.00171852111816407
0.0457496643066406 0.0204620361328125 -0.0429954528808594 -0.0113601684570312
0.0420761108398438 0.0342216491699219 -0.0455513000488281 -0.0158348083496094
0.0393524169921875 0.0432167053222656 -0.0275020599365234 -0.00980758666992187
0.0471649169921875 0.0575752258300781 0.0122146606445313 -0.0492820739746094
0.0401573181152344 0.0359458923339844 0.0330238342285156 -0.0118141174316406
0.042266845703125 0.0252685546875 0.0498542785644531 0.00513458251953125
0.0448646545410156 0.00391769409179688 0.0636024475097656 -0.00796127319335937
0.0376510620117188 -0.0132102966308594 0.0558395385742188 -0.0197982788085938
0.024200439453125 -0.0373344421386719 0.0449447631835938 -0.0340080261230469
0.00809478759765625 -0.0470428466796875 0.0310611724853516 -0.0329208374023438
0.00652694702148438 -0.0469436645507813 0.0211696624755859 -0.0176029205322266
0.00503158569335938 -0.057769775390625 0.0128898620605469 0.000630378723144528
0.0192794799804688 -0.0577201843261719 -0.00536155700683594 0.0127792358398437
0.0462493896484375 -0.0441627502441406 -0.0224285125732422 0.0217685699462891
0.0600624084472656 -0.0206298828125 -0.0310249328613281 0.00917625427246093
0.0610542297363281 0.023101806640625 -0.0369606018066406 -0.000648498535156253
0.0560150146484375 0.0419158935546875 -0.0289268493652344 -0.00382041931152344
0.0485382080078125 0.0534515380859375 -0.0114479064941406 0.00901222229003906
0.0464363098144531 0.0674057006835938 0.0264759063720703 -0.0262889862060547
0.0449943542480469 0.0498008728027344 0.0469932556152344 0.00777816772460938
0.0533943176269531 0.0383491516113281 0.05743408203125 0.0135993957519531
0.0595741271972656 0.0111198425292969 0.0667533874511719 -0.00208663940429687
0.05120849609375 -0.009368896484375 0.0531272888183594 -0.0127410888671875
0.0378608703613281 -0.0381660461425781 0.0410842895507813 -0.0220108032226563
0.0194015502929687 -0.0500030517578125 0.0289382934570313 -0.0162582397460938
0.0164260864257813 -0.0477485656738281 0.02044677734375 0.00026893615722656
0.0149154663085937 -0.0571556091308594 0.0166110992431641 0.0185813903808594
0.0251655578613281 -0.0563888549804688 -0.00358009338378906 0.03173828125
0.0497474670410156 -0.04254150390625 -0.0211544036865234 0.0348014831542969
0.0630607604980469 -0.0229530334472656 -0.0280303955078125 0.0182342529296875
0.0656242370605469 0.0239677429199219 -0.0292282104492188 0.00640106201171875
0.0604133605957031 0.0441932678222656 -0.0113029479980469 0.00679397583007813
0.0487632751464844 0.0565261840820313 0.00539016723632812 0.0297050476074219
0.0398902893066406 0.0642967224121094 0.0386810302734375 -0.00182342529296875
0.0424766540527344 0.0539360046386719 0.0578536987304688 0.0262298583984375
0.0580596923828125 0.0415763854980469 0.0616531372070313 0.0224342346191406
0.0650444030761719 0.0137748718261719 0.0651054382324219 0.00426864624023438
0.0537452697753906 -0.00762939453125 0.0458030700683594 -0.00525283813476563
0.0441665649414063 -0.0341415405273438 0.0320377349853516 -0.00843238830566406
0.0283699035644531 -0.0442314147949219 0.0225238800048828 0.00317764282226562
0.0250816345214844 -0.0412330627441406 0.0170717239379883 0.0174074172973633
0.0246429443359375 -0.0482940673828125 0.0161018371582031 0.0356292724609375
0.0302009582519531 -0.0457038879394531 -0.00276947021484375 0.0454788208007813
0.0482826232910156 -0.0318107604980469 -0.0189590454101562 0.0454673767089844
0.0578765869140625 -0.0149040222167969 -0.0254592895507812 0.0244541168212891
0.0588798522949219 0.024810791015625 -0.0214080810546875 0.0103416442871094
0.0535202026367188 0.0432701110839844 0.00542926788330079 0.0137844085693359
0.0404739379882813 0.0546035766601562 0.0212974548339844 0.0506401062011719
0.0262107849121094 0.0504112243652344 0.0457801818847656 0.0186309814453125
0.0344810485839844 0.0454978942871094 0.0647163391113281 0.0387420654296875
0.0486068725585938 0.0337867736816406 0.0617218017578125 0.0271034240722656
0.0534629821777344 0.0124702453613281 0.0573768615722656 0.0100059509277344
0.0438575744628906 -0.00586318969726563 0.0350608825683594 0.00243949890136719
0.0386009216308594 -0.0240936279296875 0.0216808319091797 0.00576210021972656
0.0300827026367187 -0.0316143035888672 0.0146980285644531 0.0199317932128906
0.0285854339599609 -0.0284824371337891 0.0124282836914063 0.0328750610351563
0.0286998748779297 -0.0335330963134766 0.0103950500488281 0.0484771728515625
0.0326633453369141 -0.0280475616455078 -0.00754547119140625 0.0550613403320313
0.0418357849121094 -0.0128402709960938 -0.0210418701171875 0.0490074157714844
0.0452995300292969 -0.0035858154296875 -0.0262680053710937 0.0288639068603516
0.042449951171875 0.0276069641113281 -0.0165557861328125 0.0126190185546875
0.0357398986816406 0.0413475036621094 0.0163135528564453 0.0223407745361328
0.0248908996582031 0.0456008911132812 0.030517578125 0.0682449340820313
0.0103511810302734 0.0278759002685547 0.0482177734375 0.0293998718261719
0.0191860198974609 0.0260028839111328 0.0647659301757813 0.0430679321289063
0.0296001434326172 0.0185394287109375 0.0580482482910156 0.0259017944335938
0.02978515625 0.00660133361816406 0.0485115051269531 0.0126113891601562
0.02374267578125 0.000461578369140625 0.0259933471679688 0.00767135620117188
0.0267276763916016 -0.00784683227539063 0.0120868682861328 0.0145864486694336
0.0263099670410156 -0.0118885040283203 0.00703811645507812 0.0311832427978516
0.0279445648193359 -0.0107593536376953 0.00484466552734376 0.0433425903320313
0.031951904296875 -0.0128688812255859 0.00144577026367188 0.0550918579101562
0.0303478240966797 -0.00613594055175781 -0.01654052734375 0.0577392578125
0.0320606231689453 0.00501632690429688 -0.0266571044921875 0.0477027893066406
0.0294189453125 0.0100975036621094 -0.0281639099121094 0.0276508331298828
0.0204238891601563 0.0281009674072266 -0.0164518356323242 0.013758659362793
0.0136947631835938 0.0328350067138672 0.0191860198974609 0.0284423828125
0.00429725646972657 0.0318889617919922 0.034210205078125 0.0821380615234375
-0.00769186019897461 0.00188064575195313 0.0462760925292969 0.030303955078125
-0.000827789306640625 0.00511789321899414 0.0613517761230469 0.0388755798339844
0.00180304050445557 0.00118064880371094 0.0509796142578125 0.0216865539550781
0.000347852706909179 0.00410604476928711 0.0412635803222656 0.0131149291992188
-0.000751495361328125 0.00923824310302735 0.0207767486572266 0.00771903991699219
0.0113515853881836 0.0124378204345703 0.00598526000976563 0.0175533294677734
0.0217647552490234 0.00949668884277344 -0.000728607177734371 0.0357131958007813
0.0230026245117188 0.00726509094238281 -0.00407028198242187 0.0454025268554688
0.0283737182617188 0.00707817077636719 -0.010955810546875 0.0566787719726562
0.0238227844238281 0.0121440887451172 -0.0281410217285156 0.0555648803710938
0.0165224075317383 0.0173540115356445 -0.0349960327148438 0.0430564880371094
0.00990104675292969 0.0166282653808594 -0.034332275390625 0.0241413116455078
-0.000125885009765623 0.0222072601318359 -0.0209541320800781 0.0128879547119141
-0.00937080383300781 0.0217018127441406 0.0121879577636719 0.0333156585693359
-0.0155429840087891 0.0138998031616211 0.0269546508789063 0.090087890625
0.0385589599609375 0.0157890319824219 -0.0236892700195312 -0.0843353271484375
0.0248985290527344 -0.00853538513183594 -0.0028533935546875 -0.0383758544921875
0.0123395919799805 -0.014073371887207 0.0264186859130859 -0.0106220245361328
0.00577735900878906 -0.0204601287841797 0.0455589294433594 -0.0185165405273438
-0.000572204589843751 -0.0192298889160156 0.0477409362792969 -0.0314865112304688
-0.0160694122314453 -0.0247669219970703 0.0378494262695313 -0.052886962890625
-0.02386474609375 -0.023895263671875 0.0205421447753906 -0.0593719482421875
-0.0194683074951172 -0.0221443176269531 0.0108413696289062 -0.0471115112304688
-0.0207729339599609 -0.0284996032714844 0.0042266845703125 -0.0316295623779297
-0.00404167175292969 -0.034454345703125 -0.00693511962890625 -0.0177383422851563
0.0155162811279297 -0.0292816162109375 -0.0216426849365234 -0.0050201416015625
0.0268669128417969 -0.0134849548339844 -0.0340728759765625 -0.0109081268310547
0.0279808044433594 0.00760078430175781 -0.0504684448242187 -0.0217742919921875
0.0293216705322266 0.0133018493652344 -0.0596427917480469 -0.0284194946289063
0.0307426452636719 0.0231761932373047 -0.0416755676269531 -0.0285224914550781
0.0506134033203125 0.0402717590332031 -0.00390625 -0.0733108520507813
0.0351486206054688 0.0119819641113281 0.0168704986572266 -0.0306072235107422
0.0309295654296875 0.00391006469726563 0.0397262573242188 -0.00690078735351563
0.0258636474609375 -0.00963592529296875 0.0556411743164063 -0.0163497924804688
0.0184211730957031 -0.0190486907958984 0.0551910400390625 -0.0260658264160156
0.00261116027832031 -0.0340919494628906 0.0450782775878906 -0.045989990234375
-0.00957870483398437 -0.0391120910644531 0.0283241271972656 -0.0513534545898438
-0.00856399536132812 -0.0391616821289063 0.0194015502929688 -0.0369834899902344
-0.0107040405273437 -0.0474624633789062 0.0111904144287109 -0.0208683013916016
0.00673675537109375 -0.0504035949707031 -0.00487041473388672 -0.00573110580444336
0.0348167419433594 -0.0417137145996094 -0.0195369720458984 0.00707244873046875
0.0491790771484375 -0.0210380554199219 -0.0313720703125 -0.00146865844726562
0.0527572631835938 0.0154991149902344 -0.0443649291992188 -0.00970840454101563
0.0495452880859375 0.031402587890625 -0.0471115112304688 -0.0166091918945312
0.0461273193359375 0.042999267578125 -0.0279102325439453 -0.0154876708984375
0.0547027587890625 0.0599899291992187 0.0128631591796875 -0.0571632385253906
0.0437164306640625 0.03466796875 0.0332565307617188 -0.0168514251708984
0.0441207885742188 0.0247879028320313 0.0510826110839844 0.000690460205078126
0.046234130859375 0.000701904296875 0.0643424987792969 -0.00954055786132813
0.0384521484375 -0.0151176452636719 0.0578193664550781 -0.0224342346191406
0.0235862731933594 -0.0399360656738281 0.0465354919433594 -0.0389022827148438
0.007110595703125 -0.049102783203125 0.0331687927246094 -0.0362777709960938
0.00453948974609376 -0.0466384887695313 0.0231189727783203 -0.0219974517822266
0.00156021118164062 -0.0585060119628906 0.0171480178833008 -0.00291824340820313
0.0166511535644531 -0.0594902038574219 0.0001220703125 0.0105276107788086
0.0456695556640625 -0.0496482849121094 -0.0189228057861328 0.0222396850585937
0.0635719299316406 -0.0271492004394531 -0.0294685363769531 0.00821685791015624
0.0666351318359375 0.0185661315917969 -0.0362052917480469 0.000431060791015632
0.0642318725585938 0.0415191650390625 -0.0296211242675781 -0.00414466857910156
0.0555000305175781 0.0550422668457031 -0.00897979736328125 0.0053701400756836
0.0513992309570313 0.0729827880859375 0.0296421051025391 -0.0300045013427734
0.0488357543945313 0.0511436462402344 0.0518569946289062 0.00223159790039063
0.0588760375976563 0.03857421875 0.0587577819824219 0.0086822509765625
0.0632858276367188 0.0100555419921875 0.0687522888183594 -0.00711822509765625
0.053466796875 -0.0131263732910156 0.0561485290527344 -0.0169258117675781
0.0381927490234375 -0.0406951904296875 0.0428085327148438 -0.0262069702148438
0.0195236206054687 -0.0525932312011719 0.0301055908203125 -0.0192909240722656
0.0183753967285156 -0.050445556640625 0.0223503112792969 -0.0032958984375
0.0131072998046875 -0.0604667663574219 0.0194320678710938 0.0151290893554687
0.0238380432128906 -0.0592308044433594 0.00183677673339844 0.0271129608154297
0.0498847961425781 -0.0479621887207031 -0.0152263641357422 0.0348339080810547
0.0671577453613281 -0.0281143188476563 -0.0251045227050781 0.0190715789794922
0.072357177734375 0.0211410522460938 -0.0260524749755859 0.00927352905273438
0.068115234375 0.0456466674804688 -0.0106401443481445 0.00442409515380859
0.0544967651367187 0.0587997436523437 0.00976753234863281 0.0293807983398438
0.0408935546875 0.068328857421875 0.0417976379394531 -0.0043487548828125
0.0455551147460937 0.0570640563964844 0.0611763000488281 0.0226631164550781
0.062835693359375 0.0429267883300781 0.0650901794433594 0.0187721252441406
0.0689544677734375 0.0135879516601563 0.0663681030273438 0.000427246093750001
0.0581855773925781 -0.00984573364257813 0.0471458435058594 -0.0086669921875
0.0472869873046875 -0.0375289916992188 0.034149169921875 -0.0122528076171875
0.0289382934570312 -0.048095703125 0.0266551971435547 0.000957489013671872
0.0269050598144531 -0.0452041625976563 0.0198822021484375 0.0157680511474609
0.0259780883789063 -0.0526351928710937 0.0185661315917969 0.0329513549804688
0.0326004028320313 -0.0493202209472656 0.00212097167968751 0.0438728332519531
0.0525283813476563 -0.0340995788574219 -0.0134353637695312 0.0439071655273438
0.0629348754882813 -0.01580810546875 -0.0237445831298828 0.0265483856201172
0.0640068054199219 0.024505615234375 -0.0182418823242187 0.0107803344726563
0.0603256225585938 0.0480308532714844 0.00703048706054688 0.0134868621826172
0.0442390441894531 0.0586051940917969 0.0297966003417969 0.0478477478027344
0.0271644592285156 0.0564498901367188 0.0509262084960938 0.0189399719238281
0.0352210998535156 0.049835205078125 0.07122802734375 0.0356826782226563
0.0518913269042969 0.0373916625976563 0.0676116943359375 0.0255966186523438
0.0592842102050781 0.0139427185058594 0.0591697692871094 0.008544921875
0.0509109497070313 -0.0042572021484375 0.0375328063964844 -0.00011444091796875
0.0437164306640625 -0.0277366638183594 0.0247707366943359 0.0042266845703125
0.0329532623291016 -0.0350990295410156 0.0169715881347656 0.0184974670410156
0.0309314727783203 -0.0331687927246094 0.0160503387451172 0.0317344665527344
0.0330352783203125 -0.0377006530761719 0.0147056579589844 0.04864501953125
0.0364875793457031 -0.0298271179199219 -0.00400543212890625 0.0532798767089844
0.0452041625976563 -0.0139579772949219 -0.0160903930664062 0.0500679016113281
0.0507125854492188 -0.0029144287109375 -0.0227279663085938 0.0302867889404297
0.0468292236328125 0.0324630737304688 -0.0153284072875977 0.0134105682373047
0.038726806640625 0.0454292297363281 0.0189151763916016 0.0202770233154297
0.0272293090820312 0.051513671875 0.0386085510253906 0.0675277709960938
0.00887680053710938 0.0320568084716797 0.0551910400390625 0.0314292907714844
0.0198154449462891 0.0302333831787109 0.0717926025390625 0.0424423217773438
0.0302810668945313 0.0224704742431641 0.0618972778320313 0.0226364135742188
0.0362281799316406 0.00992584228515625 0.0511398315429688 0.0112457275390625
0.0291843414306641 0.00288581848144531 0.0265789031982422 0.00684738159179688
0.0331707000732422 -0.00978851318359375 0.0109968185424805 0.0170564651489258
0.03314208984375 -0.0150508880615234 0.00884437561035156 0.0314598083496094
0.0328388214111328 -0.0142536163330078 0.00559616088867188 0.0426063537597656
0.0357589721679688 -0.0173072814941406 0.00351333618164063 0.0546035766601563
0.0344829559326172 -0.00999069213867187 -0.0142288208007812 0.0577239990234375
0.0375862121582031 0.00463485717773438 -0.0228042602539062 0.0474967956542969
0.0340003967285156 0.0129451751708984 -0.0261020660400391 0.0278854370117188
0.0232791900634766 0.0319728851318359 -0.0132522583007812 0.0146780014038086
0.0130844116210937 0.0393180847167969 0.0232410430908203 0.0293140411376953
0.00395584106445312 0.0378570556640625 0.0392990112304687 0.084381103515625
-0.0108919143676758 0.0046539306640625 0.0514717102050781 0.0328826904296875
-0.00506591796875 0.0104074478149414 0.0673065185546875 0.0387611389160156
0.000256061553955077 0.00719213485717773 0.0545921325683594 0.0188941955566406
0.00362396240234375 0.00766611099243164 0.0429306030273438 0.0113449096679688
0.00516986846923828 0.0105228424072266 0.0215797424316406 0.00505447387695313
0.0179882049560547 0.0138320922851562 0.00488090515136719 0.0178680419921875
0.0258445739746094 0.00772666931152344 0.001373291015625 0.0379486083984375
0.0290966033935547 0.00470542907714844 -0.00248336791992188 0.0475082397460938
0.0336017608642578 0.00554275512695313 -0.00946044921875 0.0575447082519531
0.0301647186279297 0.0110549926757813 -0.0245590209960938 0.0569000244140625
0.0234909057617188 0.0175323486328125 -0.033905029296875 0.0423202514648438
0.0160541534423828 0.0206565856933594 -0.0339870452880859 0.0276966094970703
0.00243568420410156 0.0274333953857422 -0.0201740264892578 0.0155429840087891
-0.00935173034667968 0.0269145965576172 0.0164985656738281 0.0331230163574219
-0.0196151733398437 0.0177803039550781 0.030517578125 0.091705322265625
0.0432395935058594 0.0109367370605469 -0.026519775390625 -0.0898361206054687
0.0232048034667969 -0.0132160186767578 -0.00429916381835937 -0.0419692993164062
0.01171875 -0.0176582336425781 0.0274028778076172 -0.0119838714599609
0.00299835205078125 -0.0222587585449219 0.0460777282714844 -0.0194854736328125
-0.00435829162597656 -0.0211601257324219 0.0505027770996094 -0.0332489013671875
-0.0209331512451172 -0.0210113525390625 0.0380973815917969 -0.0558815002441406
-0.0268745422363281 -0.0204944610595703 0.0214996337890625 -0.06243896484375
-0.0238838195800781 -0.020843505859375 0.0112380981445312 -0.0506858825683594
-0.0250186920166016 -0.0264911651611328 0.00406646728515625 -0.0351905822753906
-0.00923919677734375 -0.0334091186523437 -0.00494956970214844 -0.0190029144287109
0.0119380950927734 -0.0315608978271484 -0.0199337005615234 -0.00614166259765626
0.0243148803710937 -0.0185317993164063 -0.0341510772705078 -0.0101699829101563
0.0303592681884766 0.00247383117675781 -0.0523414611816406 -0.01953125
0.033111572265625 0.0106773376464844 -0.0643310546875 -0.0299797058105469
0.036376953125 0.0196266174316406 -0.044403076171875 -0.0338706970214844
0.054046630859375 0.0381927490234375 -0.00572967529296874 -0.0808563232421875
0.0374565124511719 0.00901031494140625 0.0147743225097656 -0.035919189453125
0.0297622680664063 0.00142288208007812 0.0394363403320313 -0.00858306884765625
0.0244598388671875 -0.0114231109619141 0.0574417114257813 -0.0178909301757813
0.0157718658447266 -0.0190467834472656 0.0569000244140625 -0.0285301208496094
0.000125885009765627 -0.0317630767822266 0.0469093322753906 -0.0496253967285156
-0.0128135681152344 -0.0371437072753906 0.030914306640625 -0.0558586120605469
-0.0114326477050781 -0.0379791259765625 0.0191116333007813 -0.0413398742675781
-0.0141410827636719 -0.0467948913574219 0.0122432708740234 -0.0243644714355469
0.00271224975585938 -0.0519065856933594 -0.00195455551147461 -0.00807332992553711
0.0300331115722656 -0.046173095703125 -0.0174455642700195 0.00566673278808594
0.0488777160644531 -0.0263481140136719 -0.0299434661865234 -0.00180053710937501
0.0554275512695313 0.0116653442382813 -0.0437507629394531 -0.00943756103515625
0.0559806823730469 0.0282936096191406 -0.049346923828125 -0.0182876586914062
0.0530166625976563 0.0418128967285156 -0.0288829803466797 -0.0199356079101563
0.0581245422363281 0.0597190856933594 0.0141220092773438 -0.0616378784179687
0.0463027954101563 0.0351791381835938 0.0340347290039063 -0.0215587615966797
0.0472030639648438 0.023895263671875 0.0513076782226563 -0.00168228149414062
0.0464591979980469 0.00145721435546875 0.0665740966796875 -0.0140228271484375
0.0378570556640625 -0.0155410766601563 0.0599517822265625 -0.02459716796875
0.0211448669433594 -0.0386314392089844 0.0502510070800781 -0.0413322448730469
0.00448989868164063 -0.0485954284667969 0.0352973937988281 -0.0430145263671875
0.00278091430664063 -0.0493927001953125 0.0244941711425781 -0.0271282196044922
-0.00140380859375 -0.0606575012207031 0.0202579498291016 -0.00853347778320313
0.01446533203125 -0.0629615783691406 0.002899169921875 0.0091400146484375
0.0444602966308594 -0.0537757873535156 -0.0144309997558594 0.0208339691162109
0.0640525817871094 -0.0321044921875 -0.0264244079589844 0.00863456726074218
0.0723953247070313 0.016571044921875 -0.0348186492919922 0.000118255615234377
0.0714645385742188 0.039154052734375 -0.0296592712402344 -0.00680160522460938
0.0620841979980469 0.0563888549804687 -0.00825023651123047 -0.000405788421630856
0.0554046630859375 0.0735092163085938 0.0327949523925781 -0.0362930297851562
0.0514450073242188 0.0533523559570313 0.0516891479492188 -0.002349853515625
0.0623283386230469 0.039764404296875 0.0617866516113281 0.0080718994140625
0.0658340454101563 0.00995635986328125 0.0718841552734375 -0.0095977783203125
0.05511474609375 -0.0129165649414063 0.05780029296875 -0.0177383422851563
0.0387649536132813 -0.0422210693359375 0.0459136962890625 -0.029205322265625
0.019989013671875 -0.0544967651367188 0.0334415435791016 -0.0247859954833984
0.0158576965332031 -0.0531387329101563 0.0263347625732422 -0.00853729248046875
0.0111312866210938 -0.0637664794921875 0.0237255096435547 0.0108356475830078
0.0234184265136719 -0.0636177062988281 0.00556564331054688 0.0250205993652344
0.0525321960449219 -0.0523185729980469 -0.0106582641601562 0.0329189300537109
0.06951904296875 -0.0315361022949219 -0.0222873687744141 0.0184612274169922
0.0774002075195312 0.02044677734375 -0.0252838134765625 0.0064220428466797
0.0745468139648437 0.045928955078125 -0.0077519416809082 0.00218963623046875
0.0606918334960937 0.0628471374511719 0.0132312774658203 0.0221920013427734
0.0457077026367187 0.0724639892578125 0.0470390319824219 -0.007232666015625
0.0498809814453125 0.06103515625 0.0657730102539063 0.0183944702148438
0.0669517517089844 0.0467491149902344 0.0678367614746094 0.0161323547363281
0.074371337890625 0.0137939453125 0.0693626403808594 -0.00181961059570312
0.0614891052246094 -0.0100593566894531 0.0491790771484375 -0.00952911376953125
0.04901123046875 -0.0404396057128906 0.035919189453125 -0.0147438049316406
0.031158447265625 -0.0516929626464844 0.0278491973876953 -0.00316619873046875
0.0272483825683594 -0.0489616394042969 0.0229339599609375 0.0117168426513672
0.0265083312988281 -0.0576515197753906 0.0241336822509766 0.0294628143310547
0.0331687927246094 -0.0527381896972656 0.0054168701171875 0.0412826538085938
0.05523681640625 -0.0390396118164063 -0.0101432800292969 0.0440177917480469
0.06646728515625 -0.0200729370117188 -0.0191764831542969 0.0245914459228516
0.070404052734375 0.0258865356445312 -0.0163707733154297 0.00964546203613281
0.0645523071289063 0.0493545532226563 0.0115346908569336 0.0102767944335938
0.0495376586914063 0.06439208984375 0.031982421875 0.0458564758300781
0.0293922424316406 0.0610237121582031 0.0575027465820313 0.0180168151855469
0.0397796630859375 0.0544242858886719 0.0739974975585938 0.0338668823242188
0.0570297241210938 0.0410537719726563 0.0684394836425781 0.0224037170410156
0.0645904541015625 0.0140228271484375 0.061187744140625 0.00396728515625
0.0541305541992188 -0.0054168701171875 0.0367698669433594 -0.00151824951171875
0.048095703125 -0.0304718017578125 0.0245037078857422 0.00328826904296875
0.0363121032714844 -0.0408477783203125 0.0179328918457031 0.0165939331054687
0.0350112915039063 -0.0363349914550781 0.0166282653808594 0.0300445556640625
0.0356521606445312 -0.0427627563476562 0.0170249938964844 0.0451278686523438
0.0390243530273438 -0.0345306396484375 0.000442504882812498 0.0514297485351563
0.0532951354980469 -0.0177154541015625 -0.014739990234375 0.0490646362304688
0.0562286376953125 -0.00275039672851563 -0.01910400390625 0.0280189514160156
0.052001953125 0.0347099304199219 -0.0117206573486328 0.0124397277832031
0.0427474975585938 0.0507049560546875 0.0247058868408203 0.0187873840332031
0.0271873474121094 0.0579833984375 0.0432395935058594 0.0675811767578125
0.00839996337890625 0.0373191833496094 0.0615081787109375 0.0326995849609375
0.0199813842773438 0.0356864929199219 0.07745361328125 0.04156494140625
0.0329761505126953 0.0275611877441406 0.0648918151855469 0.0232429504394531
0.0393257141113281 0.0122108459472656 0.0512275695800781 0.00911331176757813
0.034027099609375 0.00174331665039063 0.0263214111328125 0.005462646484375
0.0370140075683594 -0.0125503540039063 0.0129356384277344 0.0144681930541992
0.0349025726318359 -0.0215511322021484 0.00974273681640625 0.0329017639160156
0.0360908508300781 -0.0197219848632812 0.00772476196289063 0.0427932739257813
0.0407600402832031 -0.0227928161621094 0.00453186035156251 0.0550880432128906
0.0402984619140625 -0.0130958557128906 -0.0110855102539062 0.0567245483398438
0.0439529418945313 0.0032501220703125 -0.0225944519042969 0.0478897094726562
0.0407981872558594 0.0135536193847656 -0.0236587524414062 0.0281963348388672
0.0273170471191406 0.0392112731933594 -0.0122509002685547 0.0148391723632813
0.0156021118164063 0.0464897155761719 0.0261669158935547 0.0277614593505859
0.00297927856445313 0.0444984436035156 0.0454483032226562 0.0853958129882813
-0.0143022537231445 0.0103549957275391 0.0574684143066406 0.0378341674804688
-0.00377464294433594 0.0138168334960938 0.0715560913085938 0.0395965576171875
0.00137901306152344 0.0112466812133789 0.0570220947265625 0.0191421508789063
0.00554084777832031 0.0125646591186523 0.0434532165527344 0.009674072265625
0.00832176208496094 0.0138425827026367 0.0192184448242188 0.00673484802246094
0.022247314453125 0.0118904113769531 0.00516891479492188 0.0205841064453125
0.0306549072265625 0.00298118591308594 0.00087356567382813 0.0402679443359375
0.0310039520263672 0.00119209289550781 -0.00240707397460937 0.0495834350585938
0.0375213623046875 -0.0007476806640625 -0.00926971435546875 0.0598945617675781
0.0338459014892578 0.007415771484375 -0.025054931640625 0.0575981140136719
0.0289630889892578 0.0176544189453125 -0.0330276489257813 0.04461669921875
0.0199470520019531 0.0232315063476563 -0.0315074920654297 0.0264759063720703
0.00405311584472656 0.0334053039550781 -0.0184917449951172 0.0173282623291016
-0.0108737945556641 0.0331668853759766 0.0185813903808594 0.0358924865722656
-0.0205841064453125 0.0227489471435547 0.0373687744140625 0.0951309204101562
0.0461921691894531 0.00693893432617188 -0.0305099487304688 -0.0957870483398437
0.0238494873046875 -0.0178203582763672 -0.00775527954101562 -0.0451774597167969
0.00997734069824219 -0.0212841033935547 0.0264644622802734 -0.0120601654052734
-0.00163650512695312 -0.0235824584960938 0.0474433898925781 -0.0204010009765625
-0.00809669494628906 -0.0208415985107422 0.0519638061523438 -0.03466796875
-0.0242996215820312 -0.0181636810302734 0.0405426025390625 -0.0589675903320312
-0.02978515625 -0.0166835784912109 0.0225677490234375 -0.0675697326660156
-0.0265941619873047 -0.0178642272949219 0.0112342834472656 -0.0547943115234375
-0.0285892486572266 -0.0234622955322266 0.00481414794921875 -0.0404052734375
-0.0138111114501953 -0.0319423675537109 -0.00428962707519531 -0.0223121643066406
0.00741195678710938 -0.0341358184814453 -0.0185184478759766 -0.00798225402832031
0.022491455078125 -0.0226631164550781 -0.0354690551757813 -0.0106124877929688
0.0317897796630859 -0.0019073486328125 -0.0541343688964844 -0.0202789306640625
0.0364418029785156 0.00689697265625 -0.0693588256835938 -0.0315132141113281
0.0416030883789063 0.0166397094726563 -0.0493087768554688 -0.0397872924804687
0.0587501525878906 0.0361289978027344 -0.0079498291015625 -0.0883255004882813
0.0384101867675781 0.00736236572265625 0.0129280090332031 -0.0406723022460938
0.0299644470214844 -0.000453948974609375 0.0396614074707031 -0.00994491577148438
0.0223789215087891 -0.0132255554199219 0.0587539672851563 -0.0187110900878906
0.014434814453125 -0.01885986328125 0.0599555969238281 -0.0306510925292969
-0.0028533935546875 -0.0304374694824219 0.0500335693359375 -0.0529975891113281
-0.0141372680664063 -0.0361366271972656 0.0328521728515625 -0.0612106323242188
-0.0135841369628906 -0.0371284484863281 0.0197563171386719 -0.0470619201660156
-0.0171279907226562 -0.0460205078125 0.0134391784667969 -0.0305824279785156
-0.000511169433593751 -0.0531196594238281 0.000246047973632812 -0.0115556716918945
0.0287208557128906 -0.0491790771484375 -0.0153512954711914 0.00335121154785156
0.0484886169433594 -0.0312423706054687 -0.0298042297363281 -0.00292587280273438
0.0593490600585938 0.0081634521484375 -0.044891357421875 -0.00966644287109374
0.0624618530273437 0.0253524780273438 -0.0523605346679687 -0.0201644897460938
0.0601577758789063 0.0409164428710938 -0.0316715240478516 -0.0260181427001953
0.0641212463378906 0.0618400573730469 0.0139999389648438 -0.0694999694824219
0.0491905212402344 0.0348014831542969 0.0336284637451172 -0.026580810546875
0.0489845275878906 0.0243377685546875 0.052490234375 -0.00385284423828125
0.048492431640625 -0.000247955322265625 0.0689430236816406 -0.0158424377441406
0.0385360717773438 -0.0159835815429688 0.0629692077636719 -0.0274658203125
0.0213966369628906 -0.0402946472167969 0.0530776977539063 -0.0457916259765625
0.00415802001953125 -0.0511474609375 0.0370407104492188 -0.0485649108886719
0.00144195556640625 -0.0511856079101563 0.0251255035400391 -0.0326766967773438
-0.00318908691406251 -0.0622596740722656 0.0214290618896484 -0.0139179229736328
0.0115699768066406 -0.0660629272460938 0.00473499298095703 0.00415802001953125
0.0441322326660156 -0.0588569641113281 -0.011439323425293 0.0170841217041016
0.0658340454101563 -0.0375633239746094 -0.0250511169433594 0.00691604614257812
0.077880859375 0.0135726928710938 -0.0348262786865234 -0.000759124755859368
0.0789642333984375 0.0384521484375 -0.031036376953125 -0.00974464416503906
0.0697135925292969 0.0574607849121094 -0.00883769989013671 -0.00587654113769531
0.0614242553710937 0.077484130859375 0.0349273681640625 -0.0420570373535156
0.0556831359863281 0.0564613342285156 0.0533485412597656 -0.00674819946289062
0.0668869018554688 0.0425567626953125 0.0640602111816406 0.00607681274414063
0.0708160400390625 0.00901031494140625 0.0734786987304688 -0.0110092163085938
0.0583305358886719 -0.0135040283203125 0.0594024658203125 -0.0207061767578125
0.0407562255859375 -0.0459327697753906 0.0484848022460937 -0.0333099365234375
0.0208168029785156 -0.0584640502929688 0.0357551574707031 -0.0295524597167969
0.0162239074707031 -0.0569305419921875 0.0263652801513672 -0.01287841796875
0.0121421813964844 -0.0685577392578125 0.0260009765625 0.00513076782226562
0.0227127075195312 -0.0678215026855469 0.00846099853515625 0.0217628479003906
0.0534858703613281 -0.0571975708007813 -0.00838470458984374 0.0316867828369141
0.0735092163085938 -0.0361557006835938 -0.0203895568847656 0.0160331726074219
0.0840301513671875 0.0186920166015625 -0.0242519378662109 0.00555419921875001
0.0826950073242188 0.0460739135742188 -0.00786113739013671 -0.00139951705932617
0.0677871704101563 0.0673370361328125 0.0142726898193359 0.0177383422851563
0.0511016845703125 0.0800018310546875 0.0508689880371094 -0.01092529296875
0.0544509887695313 0.0661277770996094 0.0692939758300781 0.0150375366210938
0.0729904174804688 0.050933837890625 0.0704345703125 0.0150909423828125
0.0805282592773438 0.0139846801757813 0.071746826171875 -0.0048675537109375
0.066497802734375 -0.0116539001464844 0.0502052307128906 -0.0124168395996094
0.0516548156738281 -0.0450286865234375 0.0377273559570313 -0.0165672302246094
0.0327606201171875 -0.0574760437011719 0.0285224914550781 -0.00652122497558594
0.0288352966308594 -0.0540046691894531 0.0229377746582031 0.00867652893066406
0.0266571044921875 -0.0639686584472656 0.0257358551025391 0.0255508422851562
0.0338401794433594 -0.0579490661621094 0.00765228271484375 0.0379600524902344
0.0598831176757812 -0.0436058044433594 -0.00798416137695312 0.0419502258300781
0.0722427368164063 -0.0236282348632813 -0.0170249938964844 0.0230426788330078
0.07720947265625 0.0277786254882812 -0.0152273178100586 0.00869369506835938
0.0716400146484375 0.052978515625 0.0131597518920898 0.00744247436523438
0.0546646118164063 0.06964111328125 0.03558349609375 0.04248046875
0.0331497192382812 0.0676956176757813 0.0631484985351563 0.0164413452148438
0.0425872802734375 0.0609359741210937 0.0801849365234375 0.0325851440429688
0.0629463195800781 0.0458412170410156 0.0717315673828125 0.020904541015625
0.0714111328125 0.0141143798828125 0.0640983581542969 0.00223159790039063
0.0591583251953125 -0.0067901611328125 0.0377006530761719 -0.0021209716796875
0.0508232116699219 -0.0356330871582031 0.0250511169433594 0.00151824951171875
0.0383720397949219 -0.0462303161621094 0.0201568603515625 0.0162696838378906
0.0370292663574219 -0.0424156188964844 0.0171260833740234 0.0291080474853516
0.0387535095214844 -0.0496253967285156 0.0183677673339844 0.0432472229003906
0.0425338745117188 -0.0400047302246094 0.00153732299804688 0.0498924255371094
0.05902099609375 -0.0213394165039063 -0.0123100280761719 0.0480194091796875
0.0635414123535156 -0.00438308715820313 -0.0176601409912109 0.0266532897949219
0.0580101013183594 0.0380020141601563 -0.00993061065673828 0.0113649368286133
0.0483245849609375 0.0563316345214844 0.0271739959716797 0.0172290802001953
0.0316276550292969 0.0652008056640625 0.0487747192382812 0.0664138793945313
0.010162353515625 0.0447196960449219 0.0682144165039063 0.0351371765136719
0.0218696594238281 0.0415153503417969 0.08343505859375 0.0416641235351563
0.0368423461914063 0.0314674377441406 0.0677642822265625 0.02130126953125
0.0452079772949219 0.0134162902832031 0.0533447265625 0.00727462768554688
0.0391960144042969 0.00160980224609375 0.0260715484619141 0.00560569763183594
0.0415725708007812 -0.0166473388671875 0.0130224227905273 0.0152406692504883
0.0384864807128906 -0.0268478393554688 0.00959587097167969 0.0342521667480469
0.0389251708984375 -0.0250968933105469 0.00780105590820313 0.0449180603027344
0.0438232421875 -0.0297355651855469 0.00558090209960937 0.0564689636230469
0.0448646545410156 -0.0181121826171875 -0.0111465454101562 0.0558013916015625
0.051025390625 0.00057220458984375 -0.0220413208007812 0.0484695434570313
0.0479621887207031 0.0140228271484375 -0.0221576690673828 0.0278434753417969
0.0324821472167969 0.0438804626464844 -0.0105810165405273 0.0144777297973633
0.0186538696289062 0.0530242919921875 0.0295028686523437 0.0284538269042969
0.00358200073242188 0.0513572692871094 0.050506591796875 0.0870895385742188
-0.0162754058837891 0.0151758193969727 0.0642051696777344 0.0419120788574219
-0.00506210327148438 0.0186004638671875 0.0782699584960938 0.0414581298828125
0.00253582000732422 0.0157098770141602 0.0605087280273438 0.017822265625
0.01007080078125 0.0149669647216797 0.0446662902832031 0.00887680053710938
0.0124855041503906 0.0147304534912109 0.0182723999023438 0.00709152221679688
0.0268974304199219 0.00785446166992188 0.00502586364746094 0.0228443145751953
0.0343265533447266 -0.00201034545898438 0.00107192993164062 0.0437774658203125
0.0350971221923828 -0.00382041931152344 -0.00281143188476562 0.0530052185058594
0.0412330627441406 -0.00663375854492188 -0.00952529907226563 0.0633354187011719
0.0386886596679688 0.00215530395507813 -0.0264320373535156 0.0575027465820312
0.0347328186035156 0.01666259765625 -0.0338859558105469 0.0449485778808594
0.0266323089599609 0.0240707397460938 -0.0303535461425781 0.0270595550537109
0.00777435302734375 0.0384979248046875 -0.0171585083007812 0.0165433883666992
-0.00847244262695312 0.0403213500976563 0.0215606689453125 0.0388374328613281
-0.0225238800048828 0.0295524597167969 0.0420761108398437 0.1005859375
0.0494346618652344 0.00190353393554688 -0.0358963012695313 -0.103263854980469
0.0228366851806641 -0.0227890014648438 -0.0121803283691406 -0.04876708984375
0.00732040405273437 -0.0254287719726563 0.0260772705078125 -0.0126495361328125
-0.00589370727539063 -0.0248279571533203 0.0496559143066406 -0.0221138000488281
-0.0122299194335937 -0.0196247100830078 0.0553550720214844 -0.0372047424316406
-0.0278682708740234 -0.0153064727783203 0.0429458618164062 -0.0632247924804688
-0.0326919555664063 -0.0130615234375 0.0226058959960938 -0.0741424560546875
-0.0294837951660156 -0.0149154663085938 0.0111618041992187 -0.0605735778808594
-0.0324211120605469 -0.0201301574707031 0.00399398803710938 -0.0462493896484375
-0.0180568695068359 -0.0312252044677734 -0.00366973876953125 -0.0260353088378906
0.003204345703125 -0.0360260009765625 -0.0188083648681641 -0.01043701171875
0.0191726684570313 -0.02618408203125 -0.0366783142089844 -0.0111885070800781
0.0328769683837891 -0.007293701171875 -0.0570755004882812 -0.0201797485351563
0.0400047302246094 0.00115966796875 -0.0763626098632813 -0.0326766967773437
0.0466842651367188 0.0122795104980469 -0.056671142578125 -0.045166015625
0.0646514892578125 0.0342369079589844 -0.0123062133789062 -0.097686767578125
0.04010009765625 0.00542831420898438 0.0102348327636719 -0.0455741882324219
0.0302715301513672 -0.00152206420898438 0.0397491455078125 -0.0115547180175781
0.0209388732910156 -0.0139083862304687 0.0616035461425781 -0.02130126953125
0.0133228302001953 -0.0190753936767578 0.0634498596191406 -0.0338897705078125
-0.00454902648925781 -0.0299911499023438 0.0528297424316406 -0.0590591430664062
-0.0161476135253906 -0.0360832214355469 0.033905029296875 -0.0684356689453125
-0.0161552429199219 -0.0368156433105469 0.0195884704589844 -0.0542945861816406
-0.0204010009765625 -0.0465965270996094 0.0131034851074219 -0.0369911193847656
-0.0040435791015625 -0.0545806884765625 0.00122833251953125 -0.0162668228149414
0.02581787109375 -0.0534934997558594 -0.0140190124511719 0.000802040100097655
0.0486564636230469 -0.0370368957519531 -0.0306339263916016 -0.00408363342285157
0.0637092590332031 0.00291061401367188 -0.0465316772460937 -0.0102005004882813
0.0688552856445313 0.021881103515625 -0.0574722290039062 -0.0225753784179688
0.0682830810546875 0.0391502380371094 -0.0371513366699219 -0.0316162109375
0.0710372924804688 0.0633087158203125 0.0127410888671875 -0.0784225463867188
0.053192138671875 0.0357742309570313 0.0330371856689453 -0.0325736999511719
0.0532684326171875 0.02435302734375 0.0543708801269531 -0.0054473876953125
0.0508155822753906 -0.00117874145507813 0.0719223022460938 -0.0186691284179688
0.0405387878417969 -0.0169639587402344 0.0663833618164063 -0.0306625366210938
0.0213356018066406 -0.04193115234375 0.0560531616210938 -0.0516815185546875
0.00289535522460937 -0.0535888671875 0.0385627746582031 -0.0564346313476562
7.24792480468742E-05 -0.0536537170410156 0.0253829956054688 -0.0388908386230469
-0.00561904907226562 -0.0656852722167969 0.0216903686523438 -0.0202465057373047
0.00909042358398437 -0.0699462890625 0.00588512420654297 5.00679016113238E-05
0.0434074401855469 -0.0646400451660156 -0.0102138519287109 0.0149459838867187
0.0679435729980469 -0.0447273254394531 -0.0249977111816406 0.00508880615234375
0.0851821899414063 0.00931549072265625 -0.0349693298339844 -0.00196456909179687
0.0877838134765625 0.0358200073242188 -0.0341682434082031 -0.012939453125
0.0792999267578125 0.0586395263671875 -0.0112533569335937 -0.0116214752197266
0.06939697265625 0.0828933715820313 0.0364532470703125 -0.0495872497558594
0.0614852905273438 0.0604515075683594 0.0543556213378906 -0.0118484497070312
0.0735092163085938 0.0449295043945313 0.0663070678710938 0.00351333618164063
0.076263427734375 0.00821685791015625 0.0771636962890625 -0.0147857666015625
0.0627861022949219 -0.015899658203125 0.0625114440917969 -0.0239830017089844
0.0424537658691406 -0.049774169921875 0.0506591796875 -0.0379867553710938
0.0207748413085938 -0.0643768310546875 0.0365447998046875 -0.0361213684082031
0.0160064697265625 -0.0619316101074219 0.0267181396484375 -0.0179061889648438
0.00958251953125 -0.0744400024414063 0.0274829864501953 0.00036239624023437
0.021697998046875 -0.0733718872070313 0.00968742370605469 0.0178852081298828
0.0556106567382812 -0.0640335083007813 -0.00662040710449218 0.0292167663574219
0.0774307250976562 -0.0428695678710937 -0.0194168090820312 0.0136661529541016
0.0931549072265625 0.0159835815429688 -0.0236091613769531 0.00343513488769531
0.0922622680664063 0.0467453002929688 -0.0082411766052246 -0.00444126129150391
0.0775527954101563 0.0712203979492187 0.0153636932373047 0.0125141143798828
0.0584259033203125 0.087005615234375 0.0559730529785156 -0.0165672302246094
0.0613327026367188 0.0718154907226563 0.0732040405273438 0.0115814208984375
0.0811996459960938 0.0537796020507813 0.074188232421875 0.0127487182617188
0.0883026123046875 0.0120391845703125 0.0750579833984375 -0.0069427490234375
0.0726852416992188 -0.0142669677734375 0.052703857421875 -0.0143356323242188
0.0545883178710938 -0.0507888793945313 0.0396385192871094 -0.0203590393066406
0.0331153869628906 -0.0649757385253906 0.0299453735351563 -0.01055908203125
0.0296211242675781 -0.0613899230957031 0.0236339569091797 0.00596427917480468
0.0265045166015625 -0.0718536376953125 0.0267333984375 0.022613525390625
0.0348281860351563 -0.0650558471679688 0.00921630859375 0.0355262756347656
0.0633506774902344 -0.0505790710449219 -0.00664901733398438 0.0405006408691406
0.0790328979492188 -0.0298385620117188 -0.0165271759033203 0.0209484100341797
0.0864410400390625 0.0274505615234375 -0.01348876953125 0.00713157653808594
0.0810470581054687 0.0559310913085938 0.0145998001098633 0.00392341613769532
0.0631484985351563 0.0763626098632813 0.0390510559082031 0.0390167236328125
0.0393447875976562 0.0754241943359375 0.0703811645507813 0.0148468017578125
0.0490875244140625 0.0662384033203125 0.0863876342773437 0.0304718017578125
0.0712356567382813 0.0498275756835937 0.0762557983398438 0.01898193359375
0.079315185546875 0.0131988525390625 0.0662345886230469 0.000453948974609376
0.0666542053222656 -0.00992965698242188 0.0386390686035156 -0.00315475463867188
0.054840087890625 -0.042083740234375 0.0260887145996094 -3.62396240234401E-05
0.0403900146484375 -0.0546684265136719 0.0209636688232422 0.0149822235107422
0.0388870239257813 -0.0505561828613281 0.0176849365234375 0.02886962890625
0.0398712158203125 -0.0585441589355469 0.0197639465332031 0.0424995422363281
0.0448646545410156 -0.0468902587890625 0.0017242431640625 0.0488204956054688
0.0643386840820312 -0.02752685546875 -0.0116233825683594 0.0471343994140625
0.0713729858398438 -0.00753021240234375 -0.0168495178222656 0.0251426696777344
0.0671653747558594 0.0408439636230469 -0.00866317749023437 0.00998783111572266
0.0560073852539063 0.0620689392089844 0.0299797058105469 0.0146503448486328
0.0371322631835937 0.072601318359375 0.0545120239257813 0.0662803649902344
0.0127639770507813 0.05133056640625 0.076751708984375 0.0361251831054688
0.025421142578125 0.0480804443359375 0.092010498046875 0.0408554077148437
0.0434303283691406 0.0365829467773438 0.0721969604492188 0.020050048828125
0.0524673461914063 0.0139274597167969 0.0556716918945313 0.00637054443359375
0.045135498046875 0.0001678466796875 0.0263671875 0.00620460510253906
0.0460433959960937 -0.0225181579589844 0.0141658782958984 0.0171785354614258
0.0413932800292969 -0.0341720581054688 0.0111885070800781 0.0360946655273438
0.0417060852050781 -0.032073974609375 0.00835418701171875 0.0469589233398438
0.046600341796875 -0.03741455078125 0.0064697265625 0.0582313537597656
0.0487556457519531 -0.024200439453125 -0.01220703125 0.0572509765625
0.057525634765625 -0.0037078857421875 -0.022064208984375 0.0485725402832031
0.0556831359863281 0.0134353637695313 -0.0217514038085938 0.0271167755126953
0.0394363403320313 0.0486640930175781 -0.00932788848876953 0.0136728286743164
0.0246810913085937 0.0604286193847656 0.0339603424072266 0.0279178619384766
0.00670242309570313 0.0598831176757812 0.0576858520507813 0.0904159545898438
-0.016632080078125 0.0205516815185547 0.0729446411132813 0.0446548461914062
-0.00441360473632813 0.0247383117675781 0.0865554809570313 0.04217529296875
0.00522422790527344 0.0204486846923828 0.0644264221191406 0.0173072814941406
0.0148086547851563 0.0168113708496094 0.0452651977539063 0.00867843627929688
0.0171079635620117 0.0143632888793945 0.0178146362304687 0.00913429260253906
0.031951904296875 0.00412368774414063 0.00449371337890625 0.0260372161865234
0.0373725891113281 -0.0070343017578125 0.00170898437500001 0.0479698181152344
0.0380973815917969 -0.00931549072265625 -0.00166320800781249 0.0576362609863281
0.0448112487792969 -0.0126190185546875 -0.00937652587890624 0.0674476623535156
0.0422439575195312 -0.00247955322265625 -0.0277824401855469 0.0605239868164063
0.0418548583984375 0.0143966674804688 -0.0355415344238281 0.0465507507324219
0.0333309173583984 0.024169921875 -0.0304031372070313 0.0279617309570312
0.0131568908691406 0.0439682006835938 -0.0167503356933594 0.0179996490478516
-0.00638961791992188 0.0466728210449219 0.0256576538085938 0.04052734375
-0.0223731994628906 0.0369338989257813 0.0486297607421875 0.10589599609375
0.0521163940429688 -0.00413131713867188 -0.046478271484375 -0.110382080078125
0.0210704803466797 -0.0278587341308594 -0.0183830261230469 -0.0521659851074219
0.00358390808105469 -0.0282764434814453 0.0262413024902344 -0.0142631530761719
-0.0116615295410156 -0.0251026153564453 0.0513076782226563 -0.0244903564453125
-0.0163135528564453 -0.0183467864990234 0.0578536987304688 -0.042022705078125
-0.0307521820068359 -0.0105190277099609 0.0440635681152344 -0.0699996948242188
-0.0351390838623047 -0.00896072387695312 0.020965576171875 -0.082733154296875
-0.0322990417480469 -0.0108108520507812 0.00820159912109375 -0.0684165954589844
-0.0360946655273438 -0.0158424377441406 0.00139236450195312 -0.0525779724121094
-0.0224246978759766 -0.0289573669433594 -0.00456619262695313 -0.0308322906494141
-0.002349853515625 -0.0363845825195313 -0.0197067260742188 -0.0122299194335938
0.0161094665527344 -0.0300197601318359 -0.0389022827148438 -0.0116081237792969
0.0331077575683594 -0.0134353637695313 -0.061737060546875 -0.0187835693359375
0.0428428649902344 -0.004608154296875 -0.0855331420898438 -0.0322113037109375
0.0513916015625 0.00664138793945313 -0.0676536560058594 -0.0494461059570312
0.0710296630859375 0.03143310546875 -0.0201797485351563 -0.106788635253906
0.0423431396484375 0.00213623046875 0.00595474243164062 -0.0510635375976563
0.0303478240966797 -0.00321578979492188 0.0408096313476563 -0.0135002136230469
0.0198974609375 -0.0156154632568359 0.0644111633300781 -0.0249671936035156
0.0124092102050781 -0.018890380859375 0.0665130615234375 -0.0393409729003906
-0.00628089904785157 -0.0289955139160156 0.0546798706054687 -0.066864013671875
-0.0189895629882813 -0.0354461669921875 0.03240966796875 -0.0785446166992188
-0.0191154479980469 -0.0365066528320313 0.0175323486328125 -0.0617141723632813
-0.0245742797851563 -0.0457801818847656 0.0107650756835937 -0.0441780090332031
-0.00903320312500001 -0.0560150146484375 0.000331878662109374 -0.0211944580078125
0.0218696594238281 -0.0583534240722656 -0.0144119262695312 -0.00224018096923828
0.047027587890625 -0.0439300537109375 -0.0323486328125 -0.00497817993164063
0.0681686401367188 -0.00352096557617188 -0.0492897033691406 -0.0102882385253906
0.07647705078125 0.0156173706054688 -0.0641860961914063 -0.023223876953125
0.0770416259765625 0.0353546142578125 -0.0455818176269531 -0.0368118286132812
0.0802154541015625 0.063751220703125 0.007781982421875 -0.0884323120117188
0.0588760375976562 0.0352096557617187 0.0305061340332031 -0.038421630859375
0.0588340759277344 0.0237884521484375 0.05609130859375 -0.00821304321289062
0.0535621643066406 -0.00354385375976562 0.0747528076171875 -0.0236968994140625
0.0424880981445313 -0.0187187194824219 0.0698890686035156 -0.0360527038574219
0.020660400390625 -0.044677734375 0.0575141906738281 -0.0595054626464844
0.000400543212890625 -0.0577583312988281 0.0375900268554688 -0.0653800964355469
-0.00256729125976563 -0.0568771362304687 0.0234870910644531 -0.0466041564941406
-0.0104103088378906 -0.0694541931152344 0.0208873748779297 -0.0279579162597656
0.00442504882812499 -0.07464599609375 0.00643396377563477 -0.00483512878417969
0.0409317016601563 -0.072540283203125 -0.00967979431152344 0.0122995376586914
0.0689048767089844 -0.0533676147460937 -0.0259742736816406 0.00352287292480468
0.0926361083984375 0.002655029296875 -0.0366706848144531 -0.00240707397460938
0.0983657836914063 0.0308609008789063 -0.0381660461425781 -0.0150489807128906
0.0914077758789063 0.0579071044921875 -0.0168132781982422 -0.0170202255249023
0.0802459716796875 0.0862045288085938 0.0351829528808594 -0.0584526062011719
0.0705795288085938 0.0621337890625 0.0554275512695313 -0.0174217224121094
0.0830535888671875 0.0455245971679688 0.0693855285644531 0.000125885009765628
0.0831985473632813 0.0041656494140625 0.0804595947265625 -0.0194015502929688
0.0675277709960937 -0.019683837890625 0.0654640197753906 -0.0289382934570313
0.0433921813964844 -0.0558624267578125 0.0526542663574219 -0.0453300476074219
0.0184249877929688 -0.0712509155273438 0.0366783142089844 -0.0433807373046875
0.0136680603027344 -0.0686531066894531 0.0258293151855469 -0.0235004425048828
0.00626373291015624 -0.0812911987304688 0.0269603729248047 -0.0057220458984375
0.0186996459960938 -0.0814208984375 0.0107994079589844 0.0144767761230469
0.0552291870117188 -0.0734481811523438 -0.00567626953125 0.0268535614013672
0.0806732177734375 -0.0528793334960938 -0.0200843811035156 0.0124588012695312
0.103141784667969 0.0106430053710938 -0.0240478515625 0.00246620178222656
0.105476379394531 0.0436248779296875 -0.00962543487548827 -0.00827980041503906
0.0907135009765625 0.0730438232421875 0.0146398544311523 0.00748252868652344
0.0701522827148438 0.092926025390625 0.0592918395996094 -0.0232620239257812
0.0713119506835938 0.076141357421875 0.0775527954101563 0.006011962890625
0.0929412841796875 0.0553436279296875 0.0782318115234375 0.00968170166015625
0.0978927612304687 0.00768280029296875 0.0778121948242188 -0.0121917724609375
0.0789413452148438 -0.020050048828125 0.0546150207519531 -0.0176315307617188
0.056060791015625 -0.0596580505371094 0.0413055419921875 -0.0248451232910156
0.03216552734375 -0.073974609375 0.0305614471435547 -0.0150642395019531
0.0278511047363281 -0.0690803527832031 0.0240917205810547 0.00284194946289062
0.0238037109375 -0.0809402465820313 0.0281486511230469 0.0188503265380859
0.0334548950195313 -0.07330322265625 0.0102634429931641 0.0333042144775391
0.0655937194824219 -0.0603065490722656 -0.00470352172851562 0.0389900207519531
0.0846176147460938 -0.03875732421875 -0.0164527893066406 0.0191421508789062
0.0974960327148438 0.024566650390625 -0.0135965347290039 0.00498104095458985
0.093536376953125 0.0561904907226563 0.0158357620239258 -0.00022029876708984
0.0751190185546875 0.0810012817382813 0.042816162109375 0.0355758666992188
0.04852294921875 0.0825119018554688 0.07818603515625 0.00961303710937501
0.0589675903320312 0.0721435546875 0.0942001342773438 0.0271530151367188
0.0827407836914063 0.0518417358398438 0.0812530517578125 0.0153274536132813
0.0898590087890625 0.008819580078125 0.0694122314453125 -0.00323104858398438
0.07305908203125 -0.0155868530273438 0.040557861328125 -0.004547119140625
0.0572433471679687 -0.0512542724609375 0.0282783508300781 -0.000698089599609378
0.03985595703125 -0.0642242431640625 0.0221500396728516 0.0142002105712891
0.0376052856445313 -0.0593452453613281 0.0186843872070313 0.0289192199707031
0.0378990173339844 -0.069305419921875 0.0222663879394531 0.0414924621582031
0.0455818176269531 -0.0559158325195312 0.00286102294921875 0.0488052368164063
0.0697784423828125 -0.0371742248535156 -0.0111427307128906 0.0474510192871094
0.0794677734375 -0.0148849487304688 -0.0164051055908203 0.0241069793701172
0.0778427124023438 0.041534423828125 -0.00693655014038085 0.00870990753173828
0.0671730041503906 0.0661048889160156 0.0339584350585938 0.0114212036132813
0.0477294921875 0.080596923828125 0.0617752075195313 0.064361572265625
0.018768310546875 0.058319091796875 0.0873947143554688 0.0340805053710938
0.0322151184082031 0.0542068481445313 0.101142883300781 0.0385360717773438
0.0518302917480469 0.0396957397460938 0.0775604248046875 0.0168838500976563
0.0606536865234375 0.0113983154296875 0.0581283569335938 0.00347137451171875
0.0519981384277344 -0.00424957275390625 0.0277557373046875 0.00592422485351563
0.0487709045410156 -0.0308952331542969 0.0150947570800781 0.0186653137207031
0.0420799255371094 -0.0430183410644531 0.0139846801757813 0.0389175415039063
0.0422210693359375 -0.0412178039550781 0.0108718872070313 0.0502243041992187
0.0468673706054688 -0.0478172302246094 0.00877761840820312 0.0607414245605469
0.0511703491210937 -0.0326995849609375 -0.0114974975585937 0.0596275329589844
0.0640716552734375 -0.0107955932617188 -0.0225257873535156 0.0506134033203125
0.0638999938964844 0.00901412963867188 -0.0221996307373047 0.0270481109619141
0.0500831604003906 0.0517578125 -0.00749492645263672 0.0132713317871094
0.0326995849609375 0.0666236877441406 0.0388069152832031 0.0264129638671875
0.0130538940429687 0.0690078735351563 0.0675430297851563 0.0911636352539063
-0.0164775848388672 0.027069091796875 0.085357666015625 0.0448150634765625
-0.00216865539550781 0.0301971435546875 0.097564697265625 0.0414199829101563
0.00943183898925781 0.0251102447509766 0.069549560546875 0.0143470764160156
0.0204296112060547 0.0175209045410156 0.0475959777832031 0.00711441040039063
0.0223903656005859 0.0133075714111328 0.0183525085449219 0.0107440948486328
0.03564453125 -0.000850677490234375 0.00657463073730469 0.0298023223876953
0.0394515991210937 -0.0132904052734375 0.00500869750976563 0.0537528991699219
0.0397300720214844 -0.0160675048828125 0.000991821289062499 0.0629844665527344
0.0465087890625 -0.0210037231445313 -0.00688171386718749 0.0734634399414063
0.0454597473144531 -0.0096893310546875 -0.0288467407226562 0.0653076171875
0.0479240417480469 0.0094146728515625 -0.0367050170898437 0.0498733520507813
0.0412254333496094 0.0228843688964844 -0.0312099456787109 0.0286006927490234
0.0198860168457031 0.0484428405761719 -0.0157337188720703 0.0183429718017578
-0.00172805786132813 0.0548210144042969 0.0312385559082031 0.0413932800292969
-0.0204353332519531 0.0452880859375 0.05987548828125 0.111503601074219
0.0535430908203125 -0.0111160278320312 -0.0604400634765625 -0.114303588867187
0.0174407958984375 -0.0328617095947266 -0.0258102416992188 -0.0529975891113281
-0.00115013122558594 -0.0307273864746094 0.0257282257080078 -0.0159244537353516
-0.0167236328125 -0.0234260559082031 0.0521965026855469 -0.028564453125
-0.0193672180175781 -0.0155220031738281 0.0586967468261719 -0.0485115051269531
-0.0325393676757812 -0.00561904907226562 0.0421218872070313 -0.0779876708984375
-0.0363845825195313 -0.00455093383789062 0.015167236328125 -0.0906906127929688
-0.0335464477539063 -0.00608825683593751 0.00231170654296875 -0.0748291015625
-0.0383415222167969 -0.0100250244140625 -0.0043182373046875 -0.05841064453125
-0.0262699127197266 -0.0254726409912109 -0.00731277465820313 -0.0351638793945312
-0.0080718994140625 -0.03631591796875 -0.0212078094482422 -0.0141277313232422
0.0108585357666016 -0.0333137512207031 -0.0413780212402344 -0.0100593566894531
0.0316715240478516 -0.0198078155517578 -0.0657310485839844 -0.015350341796875
0.0436935424804688 -0.0127296447753906 -0.09478759765625 -0.0277938842773437
0.0548782348632813 -0.001007080078125 -0.0804061889648438 -0.0489425659179688
0.0775070190429687 0.0258560180664062 -0.032806396484375 -0.11334228515625
0.0428962707519531 -0.00226593017578125 -0.00168991088867187 -0.0548667907714844
0.0304298400878906 -0.00665855407714844 0.0404205322265625 -0.0171012878417969
0.0176467895507813 -0.0164947509765625 0.0654830932617188 -0.0304908752441406
0.0109062194824219 -0.0193119049072266 0.0672645568847656 -0.0467033386230469
-0.00836944580078125 -0.0275058746337891 0.0529708862304687 -0.076324462890625
-0.0221290588378906 -0.0340518951416016 0.027008056640625 -0.0881805419921875
-0.0223159790039062 -0.0350208282470703 0.011566162109375 -0.0688896179199219
-0.02935791015625 -0.0442543029785156 0.00603103637695313 -0.0516433715820313
-0.0147666931152344 -0.056243896484375 -0.00169181823730469 -0.0264034271240234
0.0159263610839844 -0.0620460510253906 -0.0154485702514648 -0.00465011596679688
0.0431404113769531 -0.0507850646972656 -0.0337924957275391 -0.00479698181152344
0.070556640625 -0.0122756958007813 -0.0519485473632812 -0.00809860229492187
0.0819625854492188 0.00672149658203125 -0.0716705322265625 -0.0211105346679687
0.085418701171875 0.0282821655273438 -0.0564155578613281 -0.03851318359375
0.0915756225585938 0.060211181640625 -0.00176239013671874 -0.0972442626953125
0.064666748046875 0.0327186584472656 0.0258522033691406 -0.0443229675292969
0.0639839172363281 0.0210189819335937 0.0562782287597656 -0.0125961303710937
0.05535888671875 -0.00764083862304688 0.0761795043945313 -0.0304489135742188
0.0440444946289063 -0.0223579406738281 0.0707778930664063 -0.0433883666992188
0.0188865661621094 -0.0473594665527344 0.0558738708496094 -0.068817138671875
-0.0043182373046875 -0.0604972839355469 0.032867431640625 -0.0748825073242188
-0.00713348388671876 -0.0588035583496094 0.0187759399414063 -0.0530929565429688
-0.0172500610351563 -0.0713653564453125 0.0172195434570313 -0.0349712371826172
-0.0025634765625 -0.0779876708984375 0.00505447387695313 -0.00958919525146485
0.03521728515625 -0.0797500610351562 -0.0095062255859375 0.00949668884277343
0.0659561157226563 -0.0635986328125 -0.0271701812744141 0.00291824340820312
0.0979766845703125 -0.007415771484375 -0.0382957458496094 -0.00225067138671875
0.107452392578125 0.0215606689453125 -0.0433807373046875 -0.0149955749511719
0.103546142578125 0.0519332885742188 -0.0235004425048828 -0.0208244323730469
0.094207763671875 0.0850067138671875 0.0303268432617187 -0.0677986145019531
0.0809249877929688 0.0606460571289063 0.0534782409667969 -0.024993896484375
0.0929794311523438 0.0418243408203125 0.0706787109375 -0.00482940673828125
0.0887603759765625 -0.002838134765625 0.0817108154296875 -0.0263214111328125
0.07061767578125 -0.0264205932617188 0.06634521484375 -0.0356330871582031
0.0414657592773438 -0.0628509521484375 0.0511054992675781 -0.0536613464355469
0.0128936767578125 -0.0774002075195312 0.0332298278808594 -0.0515708923339844
0.0085601806640625 -0.0736846923828125 0.02276611328125 -0.0291385650634766
-0.00189208984375 -0.0873870849609375 0.0250644683837891 -0.0122261047363281
0.011993408203125 -0.0874557495117187 0.0105991363525391 0.0102014541625977
0.0510406494140625 -0.0836181640625 -0.00426101684570312 0.0241794586181641
0.0803375244140625 -0.0646743774414063 -0.0207443237304687 0.0109920501708984
0.11065673828125 0.000885009765625 -0.0248928070068359 0.00154495239257812
0.116912841796875 0.03533935546875 -0.0126581192016601 -0.0108108520507812
0.105201721191406 0.0694046020507812 0.0121335983276367 0.00271415710449219
0.084320068359375 0.0943984985351563 0.0602035522460938 -0.0322380065917969
0.0837326049804688 0.0756759643554688 0.0798110961914063 -0.00139617919921875
0.106544494628906 0.051422119140625 0.0810623168945312 0.0032501220703125
0.1055908203125 -0.00125885009765625 0.0796737670898438 -0.0186691284179688
0.0836715698242188 -0.0285873413085937 0.0555076599121094 -0.0221977233886719
0.0543403625488281 -0.068939208984375 0.04095458984375 -0.0308151245117188
0.0270538330078125 -0.0833816528320313 0.0294761657714844 -0.0204868316650391
0.0230255126953125 -0.077392578125 0.0233306884765625 -0.000473022460937505
0.0164794921875 -0.0901031494140625 0.0283184051513672 0.0144157409667969
0.0284500122070312 -0.0825881958007813 0.0113334655761719 0.0308933258056641
0.0645904541015625 -0.072296142578125 -0.00329208374023437 0.0377464294433594
0.0875167846679688 -0.050506591796875 -0.0163364410400391 0.0177555084228516
0.10772705078125 0.016937255859375 -0.0132369995117187 0.00347900390625
0.107345581054688 0.0515899658203125 0.0156440734863281 -0.00477218627929687
0.08978271484375 0.080841064453125 0.045654296875 0.0295372009277344
0.0608596801757813 0.08575439453125 0.0845184326171875 0.002349853515625
0.0704193115234375 0.0729446411132813 0.100242614746094 0.0193710327148438
0.0949172973632813 0.0495071411132813 0.0852737426757813 0.00946807861328126
0.0981216430664063 0.00026702880859375 0.0715179443359375 -0.00849151611328125
0.0780792236328125 -0.0239791870117188 0.0415267944335938 -0.00701904296875
0.0559616088867187 -0.0616607666015625 0.0283908843994141 -0.00400352478027344
0.0354385375976563 -0.0746688842773438 0.0240135192871094 0.0121536254882812
0.0339736938476563 -0.0690040588378906 0.0205821990966797 0.0285491943359375
0.032684326171875 -0.0796966552734375 0.0243492126464844 0.0402488708496094
0.0431442260742188 -0.0658645629882812 0.00449752807617188 0.0486335754394531
0.07147216796875 -0.04827880859375 -0.00825119018554687 0.0474586486816406
0.0846176147460938 -0.025115966796875 -0.0163784027099609 0.0233249664306641
0.0896377563476562 0.0370635986328125 -0.00674962997436523 0.00669002532958985
0.0805892944335938 0.0649871826171875 0.0363922119140625 0.00634002685546875
0.0600814819335938 0.0838775634765625 0.0688858032226563 0.0593910217285156
0.0269012451171875 0.0633010864257813 0.0974884033203125 0.0280380249023438
0.0409660339355469 0.0574722290039063 0.110427856445313 0.0316162109375
0.0618858337402344 0.0393905639648437 0.082855224609375 0.011322021484375
0.0682449340820313 0.00599288940429688 0.0599365234375 5.34057617187504E-05
0.0561332702636719 -0.0107421875 0.0288429260253906 0.00559616088867187
0.049163818359375 -0.0396957397460937 0.0179672241210938 0.0189933776855469
0.0396614074707031 -0.0527153015136719 0.0178413391113281 0.0404472351074219
0.039215087890625 -0.0504608154296875 0.0145988464355469 0.0525856018066406
0.0439262390136719 -0.0588607788085938 0.0130271911621094 0.0621185302734375
0.0504188537597656 -0.0423660278320312 -0.00983047485351563 0.0625648498535156
0.0685806274414063 -0.020751953125 -0.0211257934570312 0.0523834228515625
0.0717239379882813 0.00118255615234375 -0.0211753845214844 0.0272350311279297
0.060638427734375 0.0510711669921875 -0.00671005249023437 0.0125303268432617
0.0438995361328125 0.0701026916503906 0.044342041015625 0.0230751037597656
0.0227813720703125 0.0750274658203125 0.0789718627929688 0.0887451171875
-0.0128250122070312 0.0333786010742188 0.097564697265625 0.041229248046875
0.00221633911132812 0.0360794067382813 0.107795715332031 0.0348663330078125
0.0155715942382813 0.0282459259033203 0.07379150390625 0.00937652587890625
0.0266590118408203 0.0157432556152344 0.0495033264160156 0.00490951538085938
0.0270423889160156 0.0100135803222656 0.0189990997314453 0.0122261047363281
0.037078857421875 -0.00794601440429688 0.00922966003417969 0.0333576202392578
0.0391998291015625 -0.0215911865234375 0.0106887817382813 0.0579910278320313
0.0391921997070313 -0.0241851806640625 0.00619125366210938 0.0680046081542969
0.0454750061035156 -0.0303268432617187 -0.0021209716796875 0.0783843994140625
0.04693603515625 -0.0176582336425781 -0.0275421142578125 0.0701522827148438
0.0534019470214844 0.0020599365234375 -0.036041259765625 0.0540809631347656
0.0484161376953125 0.018157958984375 -0.0310554504394531 0.030487060546875
0.0284042358398438 0.0506019592285156 -0.0140495300292969 0.0193157196044922
0.00637054443359374 0.0604629516601563 0.0383033752441406 0.0398292541503906
-0.01544189453125 0.0530853271484375 0.07330322265625 0.111824035644531
0.0517387390136719 -0.0187644958496094 -0.0741653442382812 -0.111679077148438
0.0121231079101562 -0.0360031127929688 -0.033721923828125 -0.0512771606445313
-0.00671768188476563 -0.0313491821289062 0.0238990783691406 -0.0170860290527344
-0.0210132598876953 -0.0205326080322266 0.0512657165527344 -0.0322151184082031
-0.0218315124511719 -0.0120201110839844 0.0563087463378906 -0.0545387268066406
-0.0326251983642578 -0.000343322753906244 0.0372848510742187 -0.0837783813476563
-0.03582763671875 0.00126266479492188 0.00741577148437499 -0.096221923828125
-0.0332508087158203 -0.000867843627929686 -0.00549316406250001 -0.0787200927734375
-0.0386123657226563 -0.00410079956054688 -0.0114898681640625 -0.0617523193359375
-0.0289211273193359 -0.0209751129150391 -0.0114021301269531 -0.0382232666015625
-0.0133380889892578 -0.0340709686279297 -0.0232181549072266 -0.0151691436767578
0.00561332702636719 -0.0339832305908203 -0.0426750183105469 -0.00828552246093751
0.0281581878662109 -0.0259151458740234 -0.0678367614746094 -0.0112991333007813
0.0423965454101563 -0.0201225280761719 -0.100982666015625 -0.0199966430664062
0.0553245544433594 -0.00927734375 -0.0920944213867187 -0.044525146484375
0.0813217163085938 0.0180740356445313 -0.0465927124023437 -0.114509582519531
0.0424003601074219 -0.006591796875 -0.00971603393554688 -0.0557212829589844
0.0296783447265625 -0.00910377502441406 0.0392990112304687 -0.0197868347167969
0.0155982971191406 -0.0169563293457031 0.0635452270507813 -0.0363731384277344
0.00959205627441406 -0.0188617706298828 0.0658760070800781 -0.0534934997558594
-0.0101356506347656 -0.0256156921386719 0.048248291015625 -0.0837020874023438
-0.0248661041259766 -0.0320167541503906 0.0185012817382813 -0.0948410034179688
-0.0248603820800781 -0.0327301025390625 0.00379943847656249 -0.0741043090820313
-0.0335159301757812 -0.0409202575683594 -0.000835418701171876 -0.0559577941894531
-0.0202522277832031 -0.0538864135742188 -0.00534629821777344 -0.0299663543701172
0.00900268554687501 -0.0634651184082031 -0.017094612121582 -0.00665664672851563
0.0366897583007812 -0.0563278198242187 -0.0352592468261719 -0.00390243530273438
0.0697135925292969 -0.0214118957519531 -0.0536956787109375 -0.00543212890624999
0.0839691162109375 -0.0041046142578125 -0.0777359008789063 -0.016510009765625
0.0908737182617188 0.0185089111328125 -0.0666046142578125 -0.0367546081542969
0.100028991699219 0.05364990234375 -0.0132827758789063 -0.100799560546875
0.0691452026367188 0.0280494689941406 0.0189437866210938 -0.0482864379882812
0.0680923461914063 0.0160331726074219 0.0550193786621094 -0.0168495178222656
0.0563163757324219 -0.0119400024414062 0.0745468139648438 -0.0365142822265625
0.0436058044433594 -0.025909423828125 0.0687484741210938 -0.0502128601074219
0.0160636901855469 -0.0495033264160156 0.0512466430664063 -0.076568603515625
-0.0092926025390625 -0.0613784790039063 0.0251388549804688 -0.0819320678710938
-0.0118217468261719 -0.0595550537109375 0.0121803283691406 -0.0575828552246094
-0.0244293212890625 -0.0709609985351563 0.0110626220703125 -0.0404434204101563
-0.00999450683593751 -0.078582763671875 0.00241661071777344 -0.0138721466064453
0.0271682739257812 -0.0850372314453125 -0.0101909637451172 0.00704479217529296
0.0598678588867187 -0.0719146728515625 -0.0287437438964844 0.00255203247070312
0.099273681640625 -0.0182266235351563 -0.0388107299804687 -0.00104522705078125
0.112884521484375 0.009521484375 -0.0479736328125 -0.0140380859375
0.11260986328125 0.0422821044921875 -0.0309524536132812 -0.0225715637207031
0.105941772460938 0.0796356201171875 0.0231399536132813 -0.073944091796875
0.0892791748046875 0.0556716918945313 0.0493812561035156 -0.0311660766601562
0.101249694824219 0.0348129272460938 0.0704421997070313 -0.0102157592773437
0.0911102294921875 -0.0111160278320313 0.0799636840820313 -0.033203125
0.0714492797851563 -0.0336761474609375 0.0646171569824219 -0.041748046875
0.0371437072753906 -0.0688285827636719 0.0472259521484375 -0.0601005554199219
0.00589752197265624 -0.0820770263671875 0.0273895263671875 -0.0573806762695313
0.00193023681640626 -0.0768508911132813 0.0180854797363281 -0.0330314636230469
-0.0101852416992187 -0.0904388427734375 0.0214996337890625 -0.0177211761474609
0.00333404541015625 -0.0904159545898438 0.00940704345703125 0.00609779357910156
0.0431137084960938 -0.091827392578125 -0.00393295288085937 0.0215339660644531
0.0751495361328125 -0.0754547119140625 -0.0217742919921875 0.0100269317626953
0.114990234375 -0.0105209350585937 -0.0253162384033203 0.00114631652832031
0.125 0.0243148803710937 -0.0159149169921875 -0.0127992630004883
0.117057800292969 0.0618896484375 0.00838041305541993 -0.00162839889526367
0.0971908569335938 0.0904769897460938 0.0581741333007813 -0.0403289794921875
0.0951461791992188 0.0707778930664063 0.0789642333984375 -0.00943756103515625
0.116371154785156 0.0436019897460938 0.081695556640625 -0.0023345947265625
0.109123229980469 -0.011749267578125 0.0783920288085938 -0.0247802734375
0.084625244140625 -0.0378036499023438 0.0551376342773438 -0.0265769958496094
0.0492630004882813 -0.0768814086914063 0.0385208129882813 -0.0354576110839844
0.0185699462890625 -0.0899581909179688 0.0260696411132813 -0.0248584747314453
0.0157699584960938 -0.083160400390625 0.0214004516601563 -0.00294494628906251
0.0066986083984375 -0.0958099365234375 0.0273876190185547 0.00968742370605468
0.0200042724609375 -0.0881195068359375 0.0116405487060547 0.0277748107910156
0.0584030151367188 -0.08209228515625 -0.00169372558593749 0.0354576110839844
0.0848159790039063 -0.0621795654296875 -0.0168256759643555 0.0166606903076172
0.114578247070313 0.006256103515625 -0.0136985778808594 0.00197982788085937
0.117111206054688 0.0420150756835938 0.0143060684204102 -0.00944900512695312
0.102996826171875 0.0760269165039063 0.0459480285644531 0.0231437683105469
0.0730438232421875 0.0844573974609375 0.087554931640625 -0.00714874267578124
0.0813369750976563 0.069671630859375 0.103248596191406 0.0098114013671875
0.105438232421875 0.04217529296875 0.0862655639648438 0.00252532958984375
0.102378845214844 -0.0102005004882813 0.0709762573242188 -0.0139694213867188
0.0791168212890625 -0.0333099365234375 0.0412979125976563 -0.00931167602539063
0.0512313842773437 -0.0707855224609375 0.02850341796875 -0.00678443908691407
0.0279006958007812 -0.0825424194335937 0.02471923828125 0.00988006591796875
0.0270233154296875 -0.0765304565429688 0.0223655700683594 0.0273151397705078
0.0237197875976562 -0.0875320434570313 0.0264244079589844 0.0375289916992187
0.0363922119140625 -0.073883056640625 0.00626754760742188 0.0476760864257812
0.0686416625976563 -0.0593490600585938 -0.00677871704101562 0.0467567443847656
0.0854034423828125 -0.0363006591796875 -0.0159854888916016 0.0221366882324219
0.0990447998046875 0.0293426513671875 -0.00659704208374023 0.00471353530883789
0.0920944213867188 0.060089111328125 0.0373458862304688 0.000354766845703129
0.0732574462890625 0.0823211669921875 0.0745620727539063 0.0522613525390625
0.0362091064453125 0.0649528503417969 0.105339050292969 0.0185165405273438
0.04998779296875 0.056854248046875 0.116432189941406 0.0218505859375
0.0707931518554688 0.0356979370117188 0.0835952758789063 0.00421905517578125
0.0727920532226563 -0.0020751953125 0.0600051879882813 -0.00355148315429688
0.0588874816894531 -0.0183372497558594 0.0297775268554688 0.00481033325195312
0.0460853576660156 -0.0484809875488281 0.0195503234863281 0.0189609527587891
0.0340385437011719 -0.060821533203125 0.02215576171875 0.0400581359863281
0.0340461730957031 -0.0580177307128906 0.0189781188964844 0.0532722473144531
0.0366439819335938 -0.0673980712890625 0.0175514221191406 0.0626487731933594
0.0467529296875 -0.0512619018554688 -0.00704574584960937 0.0633468627929688
0.0688552856445313 -0.0312957763671875 -0.0187721252441406 0.053436279296875
0.0753250122070313 -0.00799560546875 -0.0208377838134766 0.0274200439453125
0.0709609985351563 0.0471038818359375 -0.00551605224609374 0.0110864639282227
0.0551338195800781 0.069091796875 0.0478057861328125 0.0166816711425781
0.0333633422851562 0.0772476196289063 0.087554931640625 0.0822906494140625
-0.00790023803710938 0.0377960205078125 0.107810974121094 0.0331573486328125
0.00790786743164063 0.0394020080566406 0.115394592285156 0.0263442993164063
0.0222740173339844 0.0289764404296875 0.0753555297851563 0.003021240234375
0.0316810607910156 0.0125064849853516 0.0499801635742188 0.002532958984375
0.0304641723632813 0.00589942932128906 0.0201168060302734 0.0129261016845703
0.0371513366699219 -0.0146446228027344 0.0128955841064453 0.0344829559326172
0.0363044738769531 -0.0289688110351563 0.017181396484375 0.0595893859863281
0.0360488891601563 -0.0308074951171875 0.0126152038574219 0.0700836181640625
0.0409622192382812 -0.0390357971191406 0.00424957275390625 0.0808563232421875
0.0446205139160156 -0.026123046875 -0.0239028930664063 0.0745315551757813
0.0553169250488281 -0.00623703002929688 -0.0335731506347656 0.0571441650390625
0.053314208984375 0.0117759704589844 -0.0298213958740234 0.0317134857177734
0.0375938415527344 0.0494537353515625 -0.0123348236083984 0.0192203521728516
0.0149803161621094 0.0629844665527344 0.0442428588867187 0.036102294921875
-0.0080108642578125 0.0581283569335938 0.085540771484375 0.106903076171875
0.0485801696777344 -0.0241889953613281 -0.084320068359375 -0.106742858886719
0.00691986083984375 -0.0370292663574219 -0.0393257141113281 -0.0479393005371094
-0.0113067626953125 -0.0305767059326172 0.0225658416748047 -0.0175228118896484
-0.0236377716064453 -0.0168056488037109 0.0491714477539063 -0.0346260070800781
-0.0226821899414062 -0.00849151611328125 0.0540847778320313 -0.0580062866210938
-0.0313129425048828 0.00432968139648438 0.032684326171875 -0.0870437622070313
-0.0342636108398438 0.00551795959472656 -0.000411987304687505 -0.098175048828125
-0.0315170288085937 0.00237846374511718 -0.0120849609375 -0.080230712890625
-0.0364875793457031 0.000766754150390619 -0.0180892944335938 -0.0625
-0.0294456481933594 -0.0166358947753906 -0.0149497985839844 -0.0397796630859375
-0.0166950225830078 -0.0303001403808594 -0.0246372222900391 -0.015472412109375
0.000267028808593746 -0.0337448120117188 -0.042999267578125 -0.00722122192382813
0.0236167907714844 -0.0291824340820313 -0.06829833984375 -0.00808715820312499
0.0390434265136719 -0.0261039733886719 -0.104080200195313 -0.0128936767578125
0.0533828735351563 -0.0162620544433594 -0.0995025634765625 -0.0380859375
0.08221435546875 0.01141357421875 -0.0575637817382813 -0.112136840820313
0.0405540466308594 -0.00932693481445313 -0.0166816711425781 -0.0549087524414062
0.0286197662353516 -0.0110588073730469 0.0368537902832031 -0.0210037231445313
0.0136241912841797 -0.0161933898925781 0.0610466003417969 -0.0392570495605469
0.00896835327148437 -0.0185565948486328 0.0628280639648438 -0.0579643249511719
-0.0102462768554688 -0.0238304138183594 0.0430450439453125 -0.0878829956054687
-0.0257472991943359 -0.0289783477783203 0.00992584228515624 -0.0973587036132812
-0.0257568359375 -0.0303764343261719 -0.00327301025390626 -0.0758895874023437
-0.0356025695800781 -0.0370254516601563 -0.00786972045898438 -0.0579757690429688
-0.0236625671386719 -0.05078125 -0.00905227661132813 -0.0323333740234375
0.00320816040039063 -0.0623359680175781 -0.018585205078125 -0.00808715820312501
0.0306663513183594 -0.0583610534667969 -0.035858154296875 -0.00374984741210938
0.0664329528808594 -0.0281639099121094 -0.0535392761230469 -0.00324249267578126
0.0829315185546875 -0.012939453125 -0.0809783935546875 -0.011810302734375
0.0926132202148438 0.00954437255859375 -0.0744705200195313 -0.0329437255859375
0.104598999023438 0.0460968017578125 -0.023284912109375 -0.101806640625
0.0712127685546875 0.0230331420898438 0.0123100280761719 -0.0496292114257813
0.0694313049316406 0.0111770629882812 0.0528106689453125 -0.0191078186035156
0.0555534362792969 -0.0153083801269531 0.0716781616210938 -0.040771484375
0.0430145263671875 -0.0284576416015625 0.0657844543457031 -0.0544509887695313
0.01300048828125 -0.0503578186035156 0.0455322265625 -0.0813217163085938
-0.0137672424316406 -0.0606575012207031 0.0172271728515625 -0.0852279663085938
-0.0157699584960937 -0.0587158203125 0.00551986694335938 -0.0598907470703125
-0.0298423767089844 -0.069183349609375 0.00481414794921874 -0.0432624816894531
-0.0159530639648438 -0.0769424438476563 -0.00100994110107422 -0.0165719985961914
0.0198974609375 -0.0863113403320313 -0.0110807418823242 0.00481986999511718
0.05303955078125 -0.0768508911132812 -0.0292224884033203 0.00218772888183593
0.0977401733398438 -0.0273666381835938 -0.0390396118164062 -0.000747680664062496
0.114341735839844 -0.0010986328125 -0.0515098571777344 -0.0120773315429687
0.117156982421875 0.0322647094726562 -0.037872314453125 -0.0215606689453125
0.114028930664063 0.0723648071289063 0.0156173706054688 -0.0772018432617188
0.0946807861328125 0.0497817993164063 0.0441856384277344 -0.0340919494628906
0.105804443359375 0.0277328491210938 0.0680084228515625 -0.0133628845214844
0.0909805297851562 -0.0179824829101562 0.0766372680664063 -0.0371627807617188
0.0699653625488281 -0.0391693115234375 0.0618057250976563 -0.0453948974609375
0.0324935913085938 -0.0716476440429688 0.0425796508789063 -0.0647773742675781
-0.000732421874999997 -0.0833206176757813 0.0208740234375 -0.0603218078613281
-0.00376129150390626 -0.0781402587890625 0.01385498046875 -0.0344047546386719
-0.0182876586914062 -0.0895919799804688 0.0166606903076172 -0.0207042694091797
-0.00389862060546874 -0.0908966064453125 0.00687313079833984 0.00345706939697265
0.0351333618164062 -0.0955047607421875 -0.00440216064453125 0.0189285278320312
0.0685806274414063 -0.0821990966796875 -0.022247314453125 0.00921249389648437
0.115150451660156 -0.0210342407226563 -0.0259075164794922 8.01086425781269E-05
0.128028869628906 0.0128021240234375 -0.0192680358886719 -0.0139980316162109
0.124397277832031 0.0529327392578125 0.00396299362182618 -0.00417113304138183
0.106483459472656 0.0848007202148438 0.0537834167480469 -0.0463752746582031
0.1021728515625 0.0645904541015625 0.0763168334960938 -0.015472412109375
0.122528076171875 0.034820556640625 0.0797500610351563 -0.00717926025390625
0.109367370605469 -0.0210418701171875 0.0751266479492187 -0.0286788940429687
0.0837020874023438 -0.045166015625 0.0525703430175781 -0.0295295715332031
0.0435562133789063 -0.0823822021484375 0.0353012084960938 -0.0383796691894531
0.0107498168945312 -0.0932235717773438 0.0230197906494141 -0.0274124145507813
0.00871276855468749 -0.0859603881835938 0.0193405151367188 -0.00440025329589844
-0.00270843505859375 -0.0976333618164063 0.0249519348144531 0.00639533996582031
0.012908935546875 -0.0907516479492188 0.0108623504638672 0.0252780914306641
0.0512466430664062 -0.08795166015625 -0.00134086608886718 0.0328559875488281
0.0800552368164062 -0.070892333984375 -0.0171613693237305 0.0154342651367187
0.117385864257813 -0.00283050537109375 -0.014338493347168 0.00034141540527344
0.123100280761719 0.0322799682617188 0.0116596221923828 -0.0128841400146484
0.112014770507813 0.0688858032226563 0.0442390441894531 0.0183753967285156
0.0821914672851563 0.08038330078125 0.0871658325195313 -0.0146026611328125
0.08935546875 0.0645370483398438 0.102401733398438 0.00122833251953125
0.112205505371094 0.0346527099609375 0.0853042602539063 -0.0020904541015625
0.102996826171875 -0.0191268920898438 0.0685386657714844 -0.0173873901367188
0.0789031982421875 -0.0411529541015625 0.0403251647949219 -0.0111007690429688
0.0455245971679688 -0.0766143798828125 0.0275096893310547 -0.00864791870117188
0.0192718505859375 -0.0865478515625 0.0247325897216797 0.00823211669921874
0.0198287963867188 -0.0805130004882813 0.0230598449707031 0.0264434814453125
0.0145034790039063 -0.0910720825195313 0.0265064239501953 0.0350303649902344
0.0297470092773438 -0.07830810546875 0.00662994384765625 0.0462074279785156
0.0639572143554688 -0.0672569274902344 -0.00553131103515625 0.0445098876953125
0.0833358764648438 -0.0455398559570313 -0.0165023803710937 0.0210838317871094
0.104385375976563 0.0209808349609375 -0.00648117065429687 0.00301313400268555
0.100440979003906 0.0529632568359375 0.0361061096191406 -0.004669189453125
0.0826797485351562 0.0779876708984375 0.0756759643554687 0.0449905395507813
0.0437240600585938 0.0640220642089844 0.108314514160156 0.00983428955078125
0.0566139221191406 0.0543556213378906 0.1177978515625 0.01251220703125
0.0765914916992187 0.0311813354492187 0.0834121704101563 -0.000869750976562498
0.074676513671875 -0.00942230224609375 0.0589027404785156 -0.00688552856445313
0.0588226318359375 -0.0249443054199219 0.0297660827636719 0.00491714477539062
0.0414009094238281 -0.0544967651367188 0.0214920043945313 0.0185298919677734
0.0265769958496094 -0.0663604736328125 0.0248031616210938 0.0390701293945312
0.0281143188476562 -0.0626945495605469 0.0227622985839844 0.0526924133300781
0.0285110473632812 -0.0723495483398438 0.0206680297851563 0.0610733032226563
0.0410690307617188 -0.0570716857910156 -0.0051727294921875 0.063812255859375
0.0662956237792969 -0.0396270751953125 -0.0168190002441406 0.0531959533691406
0.0760040283203125 -0.0165634155273438 -0.0204868316650391 0.0267162322998047
0.0778732299804688 0.041015625 -0.00485515594482422 0.00933551788330078
0.0642967224121094 0.0655975341796875 0.0488014221191406 0.0113487243652344
0.042694091796875 0.076446533203125 0.0932846069335938 0.0743942260742188
-0.00347137451171875 0.0404891967773438 0.113510131835938 0.0248870849609375
0.0134086608886719 0.040313720703125 0.118667602539063 0.0174942016601563
0.0273513793945313 0.0283470153808594 0.07470703125 -0.00193023681640625
0.0348987579345703 0.00854110717773438 0.0491676330566406 0.00052642822265625
0.0324554443359375 0.00135040283203125 0.0215225219726563 0.0135822296142578
0.0348434448242188 -0.0200424194335937 0.0163345336914063 0.0355339050292969
0.0321903228759766 -0.0343589782714844 0.0228042602539063 0.0595588684082031
0.0313529968261719 -0.0355796813964844 0.018310546875 0.07037353515625
0.0354652404785156 -0.0443344116210938 0.0093994140625 0.0811080932617188
0.0411911010742188 -0.0315017700195313 -0.0205841064453125 0.0761871337890625
0.0548744201660156 -0.014068603515625 -0.0309906005859375 0.0582008361816406
0.055419921875 0.00487899780273437 -0.0291252136230469 0.0319995880126953
0.0441207885742188 0.0465469360351563 -0.0108146667480469 0.0188579559326172
0.0230560302734375 0.0631141662597656 0.0475540161132813 0.0314102172851563
-0.001495361328125 0.0602569580078125 0.0934982299804688 0.10009765625
0.0456314086914063 -0.0273094177246094 -0.0907363891601563 -0.10235595703125
0.00299072265625 -0.0368156433105469 -0.0435562133789063 -0.0446243286132812
-0.0145740509033203 -0.0293731689453125 0.0218486785888672 -0.0174999237060547
-0.0260658264160156 -0.0138111114501953 0.0482673645019531 -0.0359344482421875
-0.0228195190429688 -0.00608634948730468 0.0520591735839844 -0.0599403381347656
-0.0295581817626953 0.00716209411621093 0.0291671752929687 -0.0889739990234375
-0.032318115234375 0.0084381103515625 -0.00547027587890625 -0.0988998413085938
-0.0292396545410156 0.00483322143554687 -0.0175704956054688 -0.0802688598632813
-0.0345115661621094 0.00385856628417968 -0.0229454040527344 -0.0629463195800781
-0.0295333862304688 -0.0130176544189453 -0.0180435180664063 -0.0409812927246094
-0.0184822082519531 -0.0273418426513672 -0.0254116058349609 -0.0163021087646484
-0.0030059814453125 -0.0326747894287109 -0.0431747436523438 -0.0068206787109375
0.0201988220214844 -0.0313701629638672 -0.0682907104492188 -0.00603103637695314
0.0356330871582031 -0.0294609069824219 -0.10614013671875 -0.00897979736328125
0.0516357421875 -0.0206451416015625 -0.105308532714844 -0.0333099365234375
0.0819015502929688 0.0065460205078125 -0.0647506713867188 -0.109458923339844
0.0387954711914063 -0.011260986328125 -0.0219802856445312 -0.0530929565429688
0.0272121429443359 -0.0120754241943359 0.0351676940917969 -0.0213203430175781
0.0120849609375 -0.0160427093505859 0.0594863891601563 -0.0409011840820313
0.00823783874511719 -0.0178680419921875 0.0605506896972656 -0.0601234436035156
-0.0105133056640625 -0.0222816467285156 0.03887939453125 -0.0902633666992188
-0.0261478424072266 -0.0274143218994141 0.00437927246093751 -0.0991439819335937
-0.0258083343505859 -0.0287303924560547 -0.00914764404296876 -0.0761260986328125
-0.0361671447753906 -0.0342903137207031 -0.0131950378417969 -0.0587310791015625
-0.0257644653320313 -0.0477485656738281 -0.0127201080322266 -0.0340824127197266
-0.000679016113281248 -0.0604400634765625 -0.0197391510009766 -0.00922775268554688
0.0262031555175781 -0.0591506958007813 -0.0368728637695313 -0.00395584106445314
0.0635452270507813 -0.0329856872558594 -0.0536575317382812 -0.00259399414062501
0.0811386108398438 -0.0191192626953125 -0.0842208862304688 -0.00884246826171874
0.0928955078125 0.00335693359375 -0.079833984375 -0.0297012329101562
0.107574462890625 0.0408782958984375 -0.0304794311523437 -0.1009521484375
0.0721969604492188 0.020111083984375 0.00691223144531251 -0.0494728088378906
0.0710678100585938 0.0081329345703125 0.0509109497070313 -0.0198593139648438
0.0544891357421875 -0.0175819396972656 0.069091796875 -0.0426406860351563
0.04266357421875 -0.0303421020507812 0.0631484985351563 -0.0571365356445313
0.0113258361816406 -0.0505561828613281 0.0416717529296875 -0.0842819213867188
-0.0169448852539063 -0.0602340698242188 0.0109176635742188 -0.0868988037109375
-0.0179100036621094 -0.0581893920898438 0.000888824462890622 -0.0607528686523438
-0.0327720642089844 -0.067230224609375 -0.000625610351562497 -0.0442276000976563
-0.019744873046875 -0.0750579833984375 -0.00426101684570313 -0.0188732147216797
0.0143356323242188 -0.086456298828125 -0.0129232406616211 0.00249195098876953
0.0476608276367188 -0.0792617797851563 -0.0299358367919922 0.00158119201660156
0.096038818359375 -0.0338287353515625 -0.0392341613769531 -0.00119781494140625
0.114265441894531 -0.0094757080078125 -0.0545845031738281 -0.0111007690429688
0.119758605957031 0.0253372192382812 -0.0434341430664062 -0.0198631286621094
0.119125366210938 0.0669708251953125 0.00991058349609376 -0.0786514282226563
0.0975570678710938 0.0454177856445313 0.0395393371582031 -0.0359382629394531
0.108894348144531 0.0220718383789063 0.0663490295410156 -0.0145416259765625
0.0908279418945312 -0.02337646484375 0.074188232421875 -0.039886474609375
0.0697097778320313 -0.042877197265625 0.0601615905761719 -0.047027587890625
0.029144287109375 -0.0740432739257813 0.0389442443847656 -0.0672531127929688
-0.00556182861328125 -0.08416748046875 0.01629638671875 -0.0618972778320313
-0.0074615478515625 -0.078765869140625 0.0101966857910156 -0.0353469848632813
-0.0240020751953125 -0.0889358520507812 0.0121021270751953 -0.0224494934082031
-0.00890350341796874 -0.090423583984375 0.00458335876464844 0.00137805938720703
0.0292434692382812 -0.0975570678710938 -0.00580978393554687 0.0170421600341797
0.0636520385742188 -0.086700439453125 -0.0231456756591797 0.00791740417480468
0.114822387695313 -0.0279769897460938 -0.0260887145996094 -0.00133895874023437
0.129859924316406 0.00438690185546875 -0.0225887298583984 -0.0145130157470703
0.128585815429688 0.0459060668945313 -0.00075197219848632 -0.00513124465942383
0.1131591796875 0.0796051025390625 0.0503921508789063 -0.0495872497558594
0.107025146484375 0.0593414306640625 0.0726776123046875 -0.0188674926757813
0.126983642578125 0.0281600952148438 0.0781478881835938 -0.0091552734375
0.108970642089844 -0.0276336669921875 0.0731658935546875 -0.0306472778320312
0.0826492309570313 -0.050994873046875 0.0516090393066406 -0.0308990478515625
0.039215087890625 -0.0851058959960938 0.0330162048339844 -0.0409317016601563
0.00405120849609374 -0.0944290161132813 0.0200729370117188 -0.0287799835205078
0.00379180908203125 -0.0873260498046875 0.0179023742675781 -0.00514984130859376
-0.00983428955078124 -0.0979232788085938 0.0219631195068359 0.00460052490234374
0.00714111328125001 -0.0922775268554688 0.00896263122558594 0.02313232421875
0.0456466674804687 -0.092498779296875 -0.00233268737792968 0.0310897827148437
0.0759735107421875 -0.0766525268554688 -0.0180816650390625 0.0142993927001953
0.119194030761719 -0.010498046875 -0.0148563385009766 -0.00137710571289062
0.127471923828125 0.024688720703125 0.00910186767578126 -0.0152301788330078
0.118507385253906 0.0634841918945313 0.0411224365234375 0.0149154663085938
0.08941650390625 0.0769271850585938 0.0863723754882812 -0.0203018188476562
0.0943450927734375 0.0602569580078125 0.101531982421875 -0.0037078857421875
0.116989135742188 0.0281753540039063 0.0838623046875 -0.0052032470703125
0.102951049804688 -0.026275634765625 0.0671615600585938 -0.0187797546386719
0.0779342651367188 -0.0468826293945313 0.0409011840820313 -0.0108146667480469
0.0409774780273437 -0.0801467895507812 0.026824951171875 -0.00923728942871094
0.01300048828125 -0.089111328125 0.0240421295166016 0.00738143920898437
0.0142059326171875 -0.0830612182617188 0.0239181518554688 0.0257606506347656
0.0072479248046875 -0.0932998657226562 0.0258197784423828 0.03326416015625
0.0243453979492187 -0.081268310546875 0.00644302368164062 0.0447845458984375
0.0588455200195313 -0.072998046875 -0.00587844848632812 0.0437393188476562
0.081451416015625 -0.0522079467773438 -0.0167255401611328 0.0204181671142578
0.108207702636719 0.0145950317382812 -0.00704050064086913 0.000824928283691406
0.10595703125 0.04693603515625 0.0343570709228516 -0.00864791870117187
0.0898513793945312 0.074737548828125 0.074951171875 0.0402984619140625
0.0499343872070313 0.0624160766601563 0.110610961914063 0.00350189208984375
0.0618743896484375 0.0521774291992187 0.118461608886719 0.00653076171875
0.081512451171875 0.0268783569335938 0.0821685791015625 -0.00377655029296875
0.0757064819335938 -0.0149612426757813 0.0582504272460938 -0.0076141357421875
0.0587387084960938 -0.0293502807617188 0.0304756164550781 0.00568008422851562
0.0378189086914063 -0.05828857421875 0.0227069854736328 0.017791748046875
0.0208969116210937 -0.06915283203125 0.0270957946777344 0.0383377075195312
0.0229644775390625 -0.0655784606933594 0.0253219604492188 0.0520401000976562
0.0218048095703125 -0.07537841796875 0.0219154357910156 0.0603752136230469
0.0362167358398437 -0.0607147216796875 -0.00403213500976562 0.0635910034179688
0.0630455017089844 -0.0458297729492188 -0.0164451599121094 0.0525665283203125
0.075164794921875 -0.022918701171875 -0.0204734802246094 0.0259418487548828
0.0830841064453125 0.036407470703125 -0.00452518463134765 0.00808382034301758
0.0705184936523438 0.0624160766601562 0.0488739013671875 0.0069427490234375
0.049407958984375 0.075042724609375 0.0949859619140625 0.0688018798828125
0.0011749267578125 0.0417404174804688 0.117774963378906 0.01776123046875
0.0176849365234375 0.0405044555664063 0.120620727539062 0.011444091796875
0.0320644378662109 0.0271091461181641 0.07440185546875 -0.00417327880859375
0.0372695922851562 0.00520706176757812 0.048583984375 9.91821289062503E-05
0.0338153839111328 -0.00188446044921875 0.0220241546630859 0.0145587921142578
0.0332622528076172 -0.0241622924804688 0.0195198059082031 0.0356407165527344
0.0280570983886719 -0.0374717712402344 0.0269775390625 0.0591545104980469
0.0281105041503906 -0.0382194519042969 0.022705078125 0.0704193115234375
0.0306587219238281 -0.047576904296875 0.0132827758789062 0.0814285278320313
0.037811279296875 -0.035552978515625 -0.0182266235351562 0.0772323608398437
0.0531692504882813 -0.0196609497070313 -0.0299415588378906 0.058624267578125
0.0560455322265625 -0.0006866455078125 -0.0283851623535156 0.0317840576171875
0.0490913391113281 0.0437049865722656 -0.00967597961425781 0.0176792144775391
0.0288810729980469 0.062255859375 0.0495338439941406 0.0273170471191406
0.00408935546875 0.0615005493164062 0.0980300903320312 0.0946044921875
0.0439834594726563 -0.0301246643066406 -0.09716796875 -0.100296020507813
0.000484466552734373 -0.0371780395507813 -0.0470352172851563 -0.04217529296875
-0.0175399780273438 -0.0287322998046875 0.0214710235595703 -0.0170059204101563
-0.0270233154296875 -0.0114250183105469 0.0489997863769531 -0.0372734069824219
-0.0233745574951172 -0.00394821166992188 0.0518455505371094 -0.0624771118164062
-0.0276393890380859 0.00964164733886719 0.0277481079101563 -0.0913162231445313
-0.0308418273925781 0.0104560852050781 -0.00990295410156251 -0.101203918457031
-0.0284023284912109 0.00664520263671874 -0.022430419921875 -0.0818557739257813
-0.0330085754394531 0.00606536865234376 -0.0271759033203125 -0.0637321472167969
-0.0290546417236328 -0.0103034973144531 -0.0205612182617188 -0.0426025390625
-0.0195045471191406 -0.0252361297607422 -0.0274887084960938 -0.0175533294677734
-0.00548744201660156 -0.0317649841308594 -0.0444984436035156 -0.00732040405273438
0.0170135498046875 -0.0336894989013672 -0.069244384765625 -0.00556182861328124
0.0331211090087891 -0.0331077575683594 -0.109298706054687 -0.00517272949218752
0.0507736206054688 -0.024505615234375 -0.111709594726563 -0.0298080444335937
0.0831832885742188 0.003814697265625 -0.0717086791992187 -0.108192443847656
0.0382843017578125 -0.0124015808105469 -0.0259590148925781 -0.0514564514160156
0.0268058776855469 -0.0131778717041016 0.034942626953125 -0.0214500427246094
0.011993408203125 -0.0157108306884766 0.0595817565917969 -0.0422286987304687
0.00901031494140625 -0.0176963806152344 0.0601234436035156 -0.0626869201660156
-0.0101509094238281 -0.0213165283203125 0.0366439819335938 -0.0936431884765625
-0.0265769958496094 -0.0263118743896484 -0.000915527343750009 -0.101631164550781
-0.0261898040771484 -0.0281963348388672 -0.0133056640625 -0.0779342651367188
-0.03662109375 -0.0328254699707031 -0.017913818359375 -0.0598907470703125
-0.0266838073730469 -0.0460205078125 -0.0155181884765625 -0.0361518859863281
-0.00341796875 -0.0599746704101563 -0.0217113494873047 -0.0113506317138672
0.0230140686035156 -0.0599822998046875 -0.0380592346191406 -0.00456237792968751
0.0618476867675781 -0.0366973876953125 -0.0546951293945312 -0.00311279296874999
0.0803298950195313 -0.0243988037109375 -0.0875473022460937 -0.00667572021484376
0.0945968627929688 -0.00145721435546875 -0.0867233276367188 -0.0272064208984375
0.1112060546875 0.0375137329101563 -0.0366668701171875 -0.101570129394531
0.0738525390625 0.0178375244140625 0.00244903564453125 -0.0488090515136719
0.0731353759765625 0.00551605224609375 0.050506591796875 -0.0200462341308594
0.0548286437988281 -0.0194931030273438 0.0687942504882813 -0.0439643859863281
0.0425300598144531 -0.0321197509765625 0.0631446838378906 -0.0595550537109375
0.0105934143066406 -0.0516929626464844 0.039520263671875 -0.087432861328125
-0.0190925598144531 -0.0603866577148438 0.00675201416015626 -0.0889663696289062
-0.0198554992675781 -0.0590476989746094 -0.00268173217773437 -0.0615348815917969
-0.0356216430664063 -0.0662345886230469 -0.00511550903320313 -0.0454788208007813
-0.0227203369140625 -0.0748672485351563 -0.006744384765625 -0.0205326080322266
0.0106124877929687 -0.087188720703125 -0.0148286819458008 0.00102424621582031
0.0446090698242188 -0.0822525024414063 -0.031402587890625 0.000528335571289062
0.09613037109375 -0.0388870239257813 -0.04083251953125 -0.00241470336914063
0.115303039550781 -0.0153274536132813 -0.058013916015625 -0.0107955932617187
0.123863220214844 0.0205917358398438 -0.0488510131835938 -0.0185661315917969
0.124954223632812 0.06329345703125 0.00524139404296877 -0.0805206298828125
0.101371765136719 0.0429000854492188 0.0361709594726563 -0.0367012023925781
0.113014221191406 0.018218994140625 0.0653457641601563 -0.0149803161621094
0.091522216796875 -0.0269699096679688 0.0736465454101563 -0.0403213500976563
0.0701179504394531 -0.0466499328613281 0.0604019165039063 -0.0488510131835937
0.0274581909179688 -0.0763015747070313 0.0363960266113281 -0.0698585510253906
-0.00988006591796875 -0.0852127075195313 0.0124969482421875 -0.0634002685546875
-0.0109024047851563 -0.0804061889648438 0.00808334350585937 -0.0359001159667969
-0.0287857055664063 -0.0897598266601562 0.00858688354492187 -0.0234012603759766
-0.0127792358398438 -0.0913162231445313 0.00207245349884033 -0.000233530998229986
0.02508544921875 -0.0998382568359375 -0.0073394775390625 0.0151805877685547
0.0607376098632812 -0.0913009643554688 -0.0246753692626953 0.00695037841796875
0.116996765136719 -0.0339279174804688 -0.0277042388916016 -0.00254249572753906
0.132820129394531 -0.0020294189453125 -0.0256137847900391 -0.0151329040527344
0.134437561035156 0.0412521362304688 -0.00480508804321288 -0.00541496276855468
0.120208740234375 0.0770797729492188 0.0484886169433594 -0.0523452758789062
0.111640930175781 0.0564422607421875 0.0706710815429688 -0.021331787109375
0.132438659667969 0.023468017578125 0.0777053833007813 -0.00978851318359375
0.110298156738281 -0.0331954956054688 0.0729446411132813 -0.0315780639648438
0.083404541015625 -0.056060791015625 0.0520744323730469 -0.0312347412109375
0.0365371704101563 -0.0891494750976563 0.0313682556152344 -0.0421638488769531
-0.000869750976562504 -0.0971221923828125 0.0179862976074219 -0.0293426513671875
-0.000541687011718745 -0.0902786254882813 0.0172004699707031 -0.00504779815673829
-0.0152053833007813 -0.0995025634765625 0.0202407836914063 0.00374031066894531
0.002532958984375 -0.0943832397460938 0.00743675231933594 0.0225467681884766
0.0420761108398438 -0.0963134765625 -0.00334739685058594 0.0298480987548828
0.0741119384765625 -0.0813369750976563 -0.0195484161376953 0.01336669921875
0.122489929199219 -0.01654052734375 -0.0155858993530273 -0.00336647033691406
0.131988525390625 0.0188446044921875 0.00631904602050782 -0.0178108215332031
0.125106811523438 0.0600433349609375 0.039276123046875 0.0135002136230469
0.096099853515625 0.0750656127929688 0.0872039794921875 -0.0235824584960937
0.0995635986328125 0.0582275390625 0.101150512695313 -0.00725555419921875
0.122406005859375 0.0242156982421875 0.0838623046875 -0.00621795654296875
0.104446411132812 -0.0318222045898438 0.0672111511230469 -0.0189704895019531
0.0785293579101563 -0.0521163940429688 0.0419960021972656 -0.0111541748046875
0.0381240844726563 -0.0842514038085938 0.02691650390625 -0.0105400085449219
0.00776672363281251 -0.092376708984375 0.0241069793701172 0.00708770751953125
0.010101318359375 -0.0861053466796875 0.0246925354003906 0.0258102416992187
0.00180816650390625 -0.0958328247070313 0.0251922607421875 0.0329685211181641
0.02008056640625 -0.0846023559570313 0.00590133666992188 0.0453948974609375
0.0566482543945313 -0.0775375366210938 -0.00644302368164063 0.0428543090820312
0.080780029296875 -0.0576019287109375 -0.0180149078369141 0.0195980072021484
0.112739562988281 0.00937652587890625 -0.00747919082641601 -0.000555992126464842
0.111701965332031 0.0427322387695313 0.0332889556884766 -0.0119953155517578
0.096832275390625 0.07318115234375 0.0754318237304688 0.038177490234375
0.0549201965332031 0.0621719360351563 0.113388061523438 -0.00128173828125
0.0666618347167969 0.051116943359375 0.120071411132813 0.00222015380859375
0.0865631103515625 0.0241546630859375 0.0826034545898438 -0.00484466552734375
0.0768280029296875 -0.0189590454101563 0.0588455200195313 -0.00759506225585938
0.0596961975097656 -0.0335807800292969 0.0319099426269531 0.00627899169921875
0.0355110168457031 -0.0621681213378906 0.0242481231689453 0.0181903839111328
0.0165634155273438 -0.0724945068359375 0.0292587280273438 0.0388107299804688
0.01904296875 -0.0688362121582031 0.0277519226074219 0.0529251098632812
0.0168533325195313 -0.07830810546875 0.0236892700195313 0.0609207153320312
0.0329856872558594 -0.0640144348144531 -0.00384521484375 0.0654983520507813
0.0612716674804687 -0.0503692626953125 -0.0166664123535156 0.0531997680664063
0.07586669921875 -0.02825927734375 -0.0212268829345703 0.0257091522216797
0.0883865356445313 0.0332717895507813 -0.0048675537109375 0.00659704208374024
0.0766067504882813 0.059906005859375 0.0494537353515625 0.0039825439453125
0.055572509765625 0.0754013061523438 0.0974884033203125 0.0656814575195313
0.0050811767578125 0.0426864624023437 0.122932434082031 0.0131607055664063
0.0216827392578125 0.0412635803222656 0.124305725097656 0.00682830810546875
0.0360908508300781 0.02667236328125 0.074859619140625 -0.00566864013671875
0.0394020080566406 0.00244903564453125 0.0502891540527344 0.000507354736328125
0.0350570678710938 -0.00464248657226563 0.0237960815429688 0.0160388946533203
0.0317249298095703 -0.027557373046875 0.0222244262695313 0.0369300842285156
0.0252647399902344 -0.0406951904296875 0.0312423706054688 0.05975341796875
0.0254249572753906 -0.0411338806152344 0.0268707275390625 0.0711517333984375
0.0269241333007813 -0.0506591796875 0.0158309936523437 0.0820388793945313
0.03497314453125 -0.0383415222167969 -0.0178375244140625 0.07958984375
0.052490234375 -0.0238800048828125 -0.0304489135742188 0.0597915649414063
0.0574989318847656 -0.0043182373046875 -0.0288524627685547 0.0317726135253906
0.0534400939941406 0.0419998168945313 -0.00882911682128906 0.0171136856079102
0.03369140625 0.061737060546875 0.0510482788085937 0.0241050720214844
0.00891113281249999 0.0627975463867188 0.102394104003906 0.0925445556640625
0.0429954528808594 -0.0333290100097656 -0.105155944824219 -0.098907470703125
-0.00278091430664062 -0.0377388000488281 -0.0514450073242187 -0.039947509765625
-0.0211315155029297 -0.0283012390136719 0.0217857360839844 -0.0175266265869141
-0.0289783477783203 -0.00897026062011719 0.0496444702148438 -0.0388526916503906
-0.0241737365722656 -0.00164222717285157 0.0522575378417969 -0.0661849975585937
-0.0270786285400391 0.0124187469482422 0.0256576538085937 -0.0963287353515625
-0.0294036865234375 0.0130157470703125 -0.0151519775390625 -0.104804992675781
-0.0273780822753906 0.00814056396484375 -0.0275955200195313 -0.08441162109375
-0.0314273834228516 0.00799560546875 -0.0324325561523438 -0.0654335021972656
-0.0289173126220703 -0.00797462463378906 -0.0248565673828125 -0.0451431274414063
-0.021270751953125 -0.0235557556152344 -0.029876708984375 -0.0188026428222656
-0.00858306884765625 -0.0313873291015625 -0.0466461181640625 -0.00729751586914062
0.0143775939941406 -0.035675048828125 -0.07171630859375 -0.00445556640625001
0.031280517578125 -0.0366172790527344 -0.114715576171875 -0.00130462646484375
0.0499229431152344 -0.0288887023925781 -0.120368957519531 -0.025299072265625
0.0858688354492188 -0.0001678466796875 -0.0803985595703125 -0.108497619628906
0.0384597778320313 -0.013275146484375 -0.0314826965332031 -0.0503005981445313
0.0267200469970703 -0.0142631530761719 0.0352973937988281 -0.0218544006347656
0.0116939544677734 -0.0156269073486328 0.0599594116210938 -0.0448837280273438
0.00893783569335938 -0.0182704925537109 0.0607070922851563 -0.0671463012695313
-0.0105190277099609 -0.0210380554199219 0.0341720581054688 -0.09881591796875
-0.0281963348388672 -0.0254249572753906 -0.00630950927734376 -0.105323791503906
-0.0274887084960938 -0.0282497406005859 -0.0185089111328125 -0.0800018310546875
-0.0382919311523438 -0.0321044921875 -0.0235786437988281 -0.0620574951171875
-0.0288276672363281 -0.0456504821777344 -0.0190200805664063 -0.03814697265625
-0.00605392456054687 -0.0606651306152344 -0.0243320465087891 -0.0121345520019531
0.0198211669921875 -0.0626106262207031 -0.0401115417480469 -0.00536346435546874
0.0613746643066406 -0.0415992736816406 -0.0572586059570313 -0.00350570678710937
0.0807037353515625 -0.0306549072265625 -0.0925979614257813 -0.00335693359374999
0.0972442626953125 -0.0067901611328125 -0.09478759765625 -0.0240402221679688
0.117546081542969 0.0340957641601563 -0.0441207885742188 -0.103164672851563
0.0771942138671875 0.0160903930664063 -0.00244140624999999 -0.0488700866699219
0.076934814453125 0.002593994140625 0.0511093139648438 -0.0214195251464844
0.0558586120605469 -0.0221672058105469 0.0695419311523438 -0.0472755432128906
0.044189453125 -0.0353240966796875 0.0637588500976563 -0.0630874633789063
0.0097198486328125 -0.0537490844726563 0.0367660522460938 -0.0923538208007813
-0.0223464965820313 -0.0614814758300781 0.00128936767578125 -0.0924224853515625
-0.0232276916503906 -0.0608177185058594 -0.00702667236328126 -0.0631790161132813
-0.0397720336914062 -0.0670738220214844 -0.0095062255859375 -0.0473709106445313
-0.0260238647460938 -0.0754013061523437 -0.0102043151855469 -0.0222835540771484
0.00724029541015624 -0.0899734497070313 -0.0170230865478516 0.000121116638183587
0.0410232543945312 -0.086944580078125 -0.0336799621582031 -8.20159912109379E-05
0.0971755981445313 -0.045928955078125 -0.0427207946777344 -0.00312423706054688
0.117645263671875 -0.0232467651367188 -0.0626220703125 -0.00890731811523439
0.129745483398438 0.014739990234375 -0.0549888610839844 -0.0171394348144531
0.133323669433594 0.0607376098632813 0.000282287597656261 -0.0830535888671875
0.10791015625 0.0404281616210938 0.0323944091796875 -0.0382194519042969
0.11962890625 0.0137176513671875 0.0671577453613281 -0.0162315368652344
0.0936965942382813 -0.0320587158203125 0.074859619140625 -0.0430068969726562
0.0720291137695313 -0.052642822265625 0.0612220764160156 -0.0523490905761719
0.0248260498046875 -0.0804061889648438 0.03460693359375 -0.0737228393554687
-0.0145492553710938 -0.0882110595703125 0.008819580078125 -0.0661506652832031
-0.0153884887695312 -0.0834503173828125 0.00521087646484375 -0.0372657775878906
-0.03436279296875 -0.0914154052734375 0.00544357299804688 -0.0250320434570313
-0.0182952880859375 -0.0930862426757812 -0.00015401840209961 -0.00137269496917725
0.0211105346679688 -0.104354858398437 -0.00897979736328125 0.0146360397338867
0.057769775390625 -0.0972061157226563 -0.0268039703369141 0.00617408752441405
0.119697570800781 -0.0418548583984375 -0.0297393798828125 -0.00396537780761719
0.138290405273438 -0.0101470947265625 -0.0300083160400391 -0.0160903930664062
0.142486572265625 0.03643798828125 -0.0087447166442871 -0.0055084228515625
0.129310607910156 0.0746002197265625 0.0469017028808594 -0.0564727783203125
0.119346618652344 0.053985595703125 0.07012939453125 -0.024169921875
0.140449523925781 0.0179443359375 0.0797119140625 -0.0110855102539062
0.11334228515625 -0.0404434204101562 0.0741958618164063 -0.0332565307617188
0.0846939086914063 -0.0626602172851563 0.0537910461425781 -0.0336341857910156
0.0333251953125 -0.0944747924804688 0.0304718017578125 -0.0447998046875
-0.00662994384765625 -0.100906372070312 0.01654052734375 -0.0305805206298828
-0.00549316406249999 -0.0942535400390625 0.0168542861938477 -0.00546360015869141
-0.0216445922851563 -0.102531433105469 0.0184192657470703 0.00346946716308593
-0.002044677734375 -0.0977935791015625 0.00618743896484375 0.0224742889404297
0.0382766723632813 -0.101799011230469 -0.00471687316894531 0.0298538208007812
0.0726470947265625 -0.0892868041992188 -0.0216217041015625 0.0128517150878906
0.128227233886719 -0.023681640625 -0.0171632766723633 -0.00473117828369141
0.138816833496094 0.0117721557617187 0.00373268127441407 -0.0193748474121094
0.134201049804687 0.0564346313476562 0.0380516052246094 0.0122108459472656
0.104385375976563 0.0738601684570313 0.0890960693359375 -0.0288848876953125
0.10687255859375 0.0560302734375 0.102981567382813 -0.01104736328125
0.130393981933594 0.0193099975585938 0.0861740112304688 -0.00766754150390625
0.107147216796875 -0.0389785766601562 0.0690689086914063 -0.020233154296875
0.0801544189453125 -0.0592498779296875 0.0437698364257813 -0.0117721557617188
0.0341033935546875 -0.0902023315429688 0.0271797180175781 -0.0113162994384766
0.00208282470703126 -0.0964889526367188 0.0246658325195312 0.00680923461914062
0.00469970703124999 -0.0901260375976562 0.0265216827392578 0.0268115997314453
-0.00481414794921876 -0.0992889404296875 0.0257720947265625 0.0332717895507812
0.0156478881835938 -0.088592529296875 0.00541305541992187 0.0466270446777344
0.0539932250976563 -0.0840988159179688 -0.00690078735351562 0.0439338684082031
0.0804214477539063 -0.0647201538085938 -0.0190753936767578 0.0198326110839844
0.119178771972656 0.00337982177734375 -0.00863647460937499 -0.00198125839233398
0.119239807128906 0.0377273559570313 0.0327873229980469 -0.0151824951171875
0.106529235839844 0.07135009765625 0.0780410766601563 0.035614013671875
0.0621185302734375 0.0623016357421875 0.118560791015625 -0.0069427490234375
0.0730209350585938 0.0500030517578125 0.124061584472656 -0.002899169921875
0.0933609008789063 0.020477294921875 0.0845184326171875 -0.00672149658203125
0.0795135498046875 -0.0247802734375 0.0608596801757813 -0.00882339477539063
0.06121826171875 -0.0395545959472656 0.0341682434082031 0.00676536560058594
0.0321807861328125 -0.067291259765625 0.0259990692138672 0.0185813903808594
0.0116424560546875 -0.0761642456054688 0.0328216552734375 0.0388526916503906
0.0146865844726562 -0.0725479125976563 0.0315513610839844 0.0539207458496094
0.0116043090820313 -0.0818862915039062 0.02581787109375 0.0624427795410156
0.0297584533691406 -0.0684738159179688 -0.0032806396484375 0.0682106018066406
0.0599899291992188 -0.0563240051269531 -0.0168304443359375 0.0551414489746094
0.0777435302734375 -0.0342254638671875 -0.0222873687744141 0.0266647338867187
0.0952606201171875 0.0294952392578125 -0.00444793701171874 0.00577306747436523
0.0845184326171875 0.0578460693359375 0.0505294799804688 0.000164031982421879
0.0633163452148438 0.0760345458984375 0.102325439453125 0.063934326171875
0.00815200805664063 0.0443534851074219 0.130264282226563 0.00738525390625
0.0255279541015625 0.0418663024902344 0.129302978515625 0.000976562500000003
0.0414352416992188 0.02532958984375 0.0764694213867188 -0.00780487060546875
0.0419197082519531 -0.00111770629882813 0.0520820617675781 3.43322753906249E-05
0.0369453430175781 -0.00859832763671875 0.0263538360595703 0.0173816680908203
0.0300159454345703 -0.0312690734863281 0.0253562927246094 0.0378303527832031
0.0220298767089844 -0.0445098876953125 0.0367927551269531 0.0608329772949219
0.0225982666015625 -0.0446090698242187 0.0315322875976563 0.0731582641601563
0.0232620239257813 -0.0540008544921875 0.019439697265625 0.0846023559570313
0.0328407287597656 -0.0424957275390625 -0.0160903930664063 0.0837936401367188
0.0520820617675781 -0.0286293029785156 -0.0304679870605469 0.0625839233398438
0.059234619140625 -0.00864791870117188 -0.0294399261474609 0.0332298278808594
0.0592575073242188 0.0404891967773438 -0.00824451446533203 0.0164661407470703
0.0396499633789063 0.0617637634277344 0.0545158386230469 0.0216293334960938
0.0135841369628906 0.0652046203613281 0.109931945800781 0.0913009643554688
0.0416030883789062 -0.0378761291503906 -0.116165161132812 -0.0952529907226562
-0.00582504272460938 -0.03839111328125 -0.0571365356445313 -0.0363197326660156
-0.0243492126464844 -0.0270614624023438 0.0221099853515625 -0.0184402465820313
-0.0303916931152344 -0.00622940063476563 0.0496368408203125 -0.0425682067871094
-0.024658203125 0.000732421875000003 0.0507659912109375 -0.0718612670898438
-0.0256671905517578 0.0152359008789062 0.0218124389648438 -0.102020263671875
-0.0278701782226563 0.0159435272216797 -0.023468017578125 -0.108787536621094
-0.0265350341796875 0.0106067657470703 -0.03515625 -0.0863418579101563
-0.0301742553710937 0.0105609893798828 -0.0396995544433594 -0.06640625
-0.0289268493652344 -0.00549888610839843 -0.0298805236816406 -0.0469627380371094
-0.0231647491455078 -0.0211868286132813 -0.0331783294677734 -0.0189533233642578
-0.0118217468261719 -0.0307044982910156 -0.0494003295898438 -0.00621795654296876
0.010589599609375 -0.0383453369140625 -0.0756912231445313 -0.00160217285156249
0.02789306640625 -0.0413398742675781 -0.120513916015625 0.00624847412109376
0.0488243103027344 -0.0345039367675781 -0.129997253417969 -0.0179901123046875
0.0891647338867187 -0.00566864013671875 -0.091552734375 -0.107063293457031
0.0386848449707031 -0.0157814025878906 -0.0375633239746094 -0.0480690002441406
0.0264453887939453 -0.0163497924804688 0.0352897644042969 -0.0237770080566406
0.0107908248901367 -0.0160884857177734 0.0599441528320313 -0.0490379333496094
0.00858306884765625 -0.0191173553466797 0.059906005859375 -0.07244873046875
-0.0109500885009766 -0.0204944610595703 0.02984619140625 -0.105499267578125
-0.0302276611328125 -0.0243644714355469 -0.014312744140625 -0.1094970703125
-0.0292224884033203 -0.0277671813964844 -0.0262451171875 -0.0822296142578125
-0.0408897399902344 -0.0305900573730469 -0.0309333801269531 -0.0629043579101563
-0.0322036743164062 -0.0445022583007812 -0.0241851806640625 -0.0394706726074219
-0.0102386474609375 -0.0612525939941406 -0.0273933410644531 -0.0130271911621094
0.0154685974121094 -0.065338134765625 -0.043212890625 -0.00477600097656251
0.0597381591796875 -0.0475692749023438 -0.0606307983398437 -0.00139236450195314
0.08056640625 -0.038360595703125 -0.0984725952148438 0.00229644775390627
0.100173950195313 -0.0143051147460937 -0.103935241699219 -0.01788330078125
0.124725341796875 0.0277099609375 -0.0532150268554688 -0.103248596191406
0.0814895629882813 0.0125198364257813 -0.00792694091796874 -0.0488052368164063
0.0804367065429688 -0.0024871826171875 0.0515289306640625 -0.0230445861816406
0.0569801330566406 -0.0263481140136719 0.0694694519042969 -0.0518951416015625
0.0445480346679688 -0.0399703979492188 0.0638046264648438 -0.0692367553710938
0.00658798217773437 -0.0560340881347656 0.0325698852539063 -0.0986328125
-0.0275726318359375 -0.0617103576660156 -0.005828857421875 -0.0957565307617188
-0.0280380249023438 -0.0624198913574219 -0.0127983093261719 -0.0655021667480469
-0.0459175109863281 -0.066650390625 -0.0152549743652344 -0.0486984252929688
-0.0316925048828125 -0.0757598876953125 -0.0143795013427734 -0.0234508514404297
0.0010223388671875 -0.0932235717773438 -0.0192642211914063 -0.000465393066406259
0.0362319946289063 -0.0927886962890625 -0.0364952087402344 0.000473022460937489
0.0976333618164063 -0.0553970336914063 -0.0460166931152344 -0.00231933593750001
0.120231628417969 -0.0334930419921875 -0.0686187744140625 -0.00521087646484376
0.136695861816406 0.00600433349609375 -0.061920166015625 -0.0135917663574219
0.14410400390625 0.0545654296875 -0.00604248046874999 -0.086212158203125
0.114448547363281 0.0354080200195313 0.0288963317871094 -0.0397224426269531
0.126838684082031 0.005401611328125 0.0683403015136719 -0.0184707641601562
0.0955657958984375 -0.0395736694335938 0.075439453125 -0.0479812622070313
0.0724258422851563 -0.060272216796875 0.0616378784179688 -0.0570755004882813
0.0209197998046875 -0.0856475830078125 0.0307159423828125 -0.0788345336914063
-0.022430419921875 -0.0903778076171875 0.00358963012695312 -0.0688133239746094
-0.0217819213867188 -0.0869064331054688 0.00213623046874999 -0.0386924743652344
-0.0426788330078125 -0.0929107666015625 0.00197601318359375 -0.0261573791503906
-0.0245895385742188 -0.0954437255859375 -0.00303530693054199 -0.0023488998413086
0.01434326171875 -0.109779357910156 -0.0107288360595703 0.0145549774169922
0.0530853271484375 -0.105018615722656 -0.0291271209716797 0.00674247741699218
0.121994018554688 -0.0530853271484375 -0.0326995849609375 -0.00463485717773437
0.1429443359375 -0.02166748046875 -0.0345935821533203 -0.0148849487304687
0.152374267578125 0.0279083251953125 -0.0125579833984375 -0.00437736511230468
0.140914916992188 0.0688934326171875 0.0444145202636719 -0.0614547729492187
0.128349304199219 0.048492431640625 0.0690765380859375 -0.0277519226074219
0.14874267578125 0.0084075927734375 0.081390380859375 -0.0137481689453125
0.115257263183594 -0.0498428344726563 0.0757522583007813 -0.0370407104492188
0.08544921875 -0.0725173950195313 0.0548820495605469 -0.0375328063964844
0.0275726318359375 -0.1009521484375 0.0281944274902344 -0.048370361328125
-0.01519775390625 -0.104057312011719 0.0142803192138672 -0.0321273803710938
-0.0133819580078125 -0.0982284545898438 0.0169048309326172 -0.00609493255615235
-0.031097412109375 -0.105308532714844 0.0176467895507812 0.00285148620605468
-0.00962066650390626 -0.101081848144531 0.00523757934570312 0.0231342315673828
0.0321731567382813 -0.108924865722656 -0.00528717041015624 0.0303516387939453
0.0686264038085938 -0.0981292724609375 -0.0228538513183594 0.0131721496582031
0.132316589355469 -0.035003662109375 -0.0199661254882812 -0.00619316101074218
0.145828247070313 0.0016937255859375 0.000226974487304698 -0.0214328765869141
0.145858764648438 0.04998779296875 0.0382003784179688 0.0108146667480469
0.115211486816406 0.0701675415039063 0.0905990600585938 -0.0354156494140625
0.116279602050781 0.051025390625 0.10498046875 -0.0175018310546875
0.138626098632813 0.0100173950195313 0.0892257690429688 -0.0106277465820312
0.108993530273438 -0.0481185913085938 0.0712356567382813 -0.0236358642578125
0.0797195434570313 -0.0687484741210938 0.0459251403808594 -0.0139579772949219
0.0284500122070313 -0.096923828125 0.0276451110839844 -0.0125617980957031
-0.00710296630859376 -0.100662231445312 0.026153564453125 0.00585174560546874
-0.00238800048828125 -0.094970703125 0.0293941497802734 0.0267391204833984
-0.0143356323242187 -0.102523803710938 0.0277576446533203 0.0340557098388672
0.00926971435546874 -0.0930252075195313 0.00675201416015625 0.0485954284667969
0.0491714477539062 -0.0916213989257813 -0.00680923461914062 0.0455093383789063
0.079193115234375 -0.074127197265625 -0.0203113555908203 0.0203838348388672
0.126113891601562 -0.005645751953125 -0.00981998443603515 -0.00387191772460937
0.128517150878906 0.030059814453125 0.0306739807128906 -0.0187416076660156
0.117691040039063 0.0677871704101562 0.0811386108398438 0.0320892333984375
0.0697441101074219 0.0610313415527344 0.123435974121094 -0.0155792236328125
0.0804290771484375 0.0475234985351563 0.128593444824219 -0.011077880859375
0.100929260253906 0.0146484375 0.0875015258789063 -0.0107040405273437
0.0814285278320313 -0.0320968627929687 0.0634689331054688 -0.0105819702148438
0.061737060546875 -0.0470352172851563 0.0374679565429688 0.00606536865234375
0.027740478515625 -0.0731048583984375 0.0282726287841797 0.0184574127197266
0.0042572021484375 -0.0805740356445313 0.0368804931640625 0.0388069152832031
0.00837707519531251 -0.0769882202148438 0.037139892578125 0.0550460815429687
0.00432586669921876 -0.0858230590820313 0.0301856994628906 0.0637130737304688
0.0247879028320312 -0.0736618041992188 -0.000633239746093749 0.071563720703125
0.0573692321777344 -0.0640830993652344 -0.0160980224609375 0.0578804016113281
0.0779876708984375 -0.0421829223632813 -0.0229072570800781 0.0277633666992187
0.102607727050781 0.022857666015625 -0.00510501861572265 0.00375080108642578
0.092926025390625 0.053924560546875 0.0513877868652344 -0.00464248657226562
0.0737991333007813 0.0748519897460938 0.109855651855469 0.0601043701171875
0.0129585266113281 0.0457763671875 0.137527465820313 -0.00170135498046875
0.0315666198730469 0.0419883728027344 0.134803771972656 -0.00789642333984375
0.0466270446777344 0.0230026245117188 0.079071044921875 -0.0109939575195312
0.0440826416015625 -0.00523757934570313 0.0554542541503906 -0.000926971435546875
0.0383682250976563 -0.0129508972167969 0.0302925109863281 0.0179557800292969
0.0278358459472656 -0.0359420776367187 0.0299301147460938 0.0385208129882813
0.0179214477539062 -0.0477485656738281 0.0431060791015625 0.0611534118652344
0.0186958312988281 -0.0481376647949219 0.0389862060546875 0.0740127563476563
0.0182075500488281 -0.05755615234375 0.0257644653320312 0.08770751953125
0.029693603515625 -0.0467262268066406 -0.0126266479492188 0.0887680053710938
0.0511245727539063 -0.0348587036132813 -0.0293922424316406 0.0665321350097656
0.060516357421875 -0.014678955078125 -0.0295600891113281 0.0355262756347656
0.0659561157226563 0.0371665954589844 -0.0076761245727539 0.0157880783081055
0.0473175048828125 0.0610733032226563 0.0575637817382812 0.0173187255859375
0.02069091796875 0.0670204162597656 0.119705200195312 0.0874862670898437
0.0380592346191406 -0.0420875549316406 -0.127113342285156 -0.0870361328125
-0.0100326538085938 -0.0379219055175781 -0.0615425109863281 -0.0300102233886719
-0.0287609100341797 -0.0246315002441406 0.0214271545410156 -0.0200099945068359
-0.0316276550292969 -0.00217247009277343 0.0476150512695313 -0.0468673706054688
-0.0251522064208984 0.00393295288085937 0.0467605590820313 -0.0768280029296875
-0.0230941772460938 0.0182838439941406 0.0147705078125 -0.106468200683594
-0.0253047943115234 0.0187644958496094 -0.0334930419921875 -0.109046936035156
-0.0249233245849609 0.0125732421875 -0.04449462890625 -0.0848312377929687
-0.0281257629394531 0.0131015777587891 -0.0482330322265625 -0.0645256042480469
-0.0281848907470703 -0.00275993347167968 -0.0356254577636719 -0.046722412109375
-0.0249309539794922 -0.0182476043701172 -0.0364913940429687 -0.018310546875
-0.0150165557861328 -0.02886962890625 -0.0521621704101563 -0.00347900390625001
0.00535202026367188 -0.0398483276367188 -0.0780715942382813 0.00392913818359373
0.0229301452636719 -0.0445709228515625 -0.123161315917969 0.0172958374023438
0.0457305908203125 -0.04046630859375 -0.137413024902344 -0.00558471679687498
0.0904312133789063 -0.0137786865234375 -0.103378295898438 -0.1005859375
0.0379676818847656 -0.0185966491699219 -0.044403076171875 -0.0435867309570312
0.0252780914306641 -0.01824951171875 0.0347023010253906 -0.0260334014892578
0.00967216491699219 -0.0162229537963867 0.0578231811523438 -0.0538673400878906
0.00756454467773438 -0.0198001861572266 0.05584716796875 -0.0790176391601563
-0.011383056640625 -0.0197391510009766 0.0222549438476562 -0.110946655273438
-0.0316314697265625 -0.0216541290283203 -0.025177001953125 -0.110359191894531
-0.03173828125 -0.0257949829101562 -0.0350494384765625 -0.0814056396484375
-0.0437660217285156 -0.0279617309570312 -0.0390129089355469 -0.0616722106933594
-0.035003662109375 -0.041900634765625 -0.0299415588378906 -0.0399208068847656
-0.015411376953125 -0.0603904724121094 -0.0302886962890625 -0.0120677947998047
0.00947952270507813 -0.066864013671875 -0.0456962585449219 -0.00247955322265625
0.0553970336914063 -0.0543746948242188 -0.0636520385742188 0.00202941894531249
0.0768661499023438 -0.0469741821289063 -0.102149963378906 0.0113449096679688
0.101058959960938 -0.0243682861328125 -0.110816955566406 -0.00804901123046876
0.130668640136719 0.0177764892578125 -0.0645523071289062 -0.0996627807617187
0.0846176147460938 0.00632476806640625 -0.0145492553710937 -0.0463829040527344
0.0824813842773438 -0.0092926025390625 0.0513343811035156 -0.025970458984375
0.0559463500976563 -0.0313873291015625 0.0679550170898438 -0.0567207336425781
0.04254150390625 -0.0452423095703125 0.0602264404296875 -0.0759811401367188
0.00272369384765625 -0.05810546875 0.0245590209960938 -0.103897094726562
-0.0336341857910156 -0.0601081848144531 -0.0154495239257813 -0.097320556640625
-0.0337638854980469 -0.0613174438476563 -0.0195388793945313 -0.0653266906738281
-0.0522994995117187 -0.0643577575683594 -0.0221633911132813 -0.0481376647949219
-0.0380859375 -0.0740280151367188 -0.0187721252441406 -0.0236911773681641
-0.00737762451171876 -0.0946121215820312 -0.0218448638916016 0.000251770019531248
0.0281448364257813 -0.0973052978515625 -0.0386199951171875 0.00251388549804686
0.0939559936523438 -0.0659408569335937 -0.0487289428710937 -0.000125885009765625
0.117919921875 -0.046173095703125 -0.0726394653320313 0.000381469726562486
0.140762329101563 -0.0065460205078125 -0.0679779052734375 -0.00714874267578125
0.1529541015625 0.043426513671875 -0.0145034790039062 -0.0868453979492188
0.121490478515625 0.026885986328125 0.0239524841308594 -0.0406761169433594
0.131233215332031 -0.0062255859375 0.0688896179199219 -0.02252197265625
0.0944671630859375 -0.049102783203125 0.073394775390625 -0.053375244140625
0.0692939758300781 -0.0690650939941406 0.05889892578125 -0.0637397766113281
0.0135726928710938 -0.089080810546875 0.024505615234375 -0.0826797485351563
-0.0315933227539063 -0.0899658203125 -0.00307083129882812 -0.0701141357421875
-0.0305938720703125 -0.0871658325195313 -0.00168228149414063 -0.0387763977050781
-0.05230712890625 -0.090179443359375 -0.00245666503906251 -0.0263748168945313
-0.0334701538085938 -0.094635009765625 -0.00534486770629883 -0.00167989730834962
0.0043182373046875 -0.112579345703125 -0.0115728378295898 0.0148935317993164
0.0439605712890625 -0.112312316894531 -0.0307445526123047 0.00799560546875
0.119979858398437 -0.06683349609375 -0.0352210998535156 -0.00333023071289063
0.142990112304688 -0.03631591796875 -0.0388908386230469 -0.0124168395996094
0.159439086914063 0.014801025390625 -0.0161857604980469 -0.00236701965332031
0.151962280273438 0.0583648681640625 0.0393562316894531 -0.0663414001464844
0.13629150390625 0.0392608642578125 0.0658607482910156 -0.0322952270507813
0.154769897460937 -0.005462646484375 0.0830612182617188 -0.0183563232421875
0.113945007324219 -0.0615386962890625 0.074798583984375 -0.042266845703125
0.0814208984375 -0.083160400390625 0.053802490234375 -0.0423622131347656
0.0189971923828125 -0.105949401855469 0.0244979858398437 -0.0510368347167969
-0.0263824462890625 -0.104667663574219 0.0115032196044922 -0.0334377288818359
-0.022705078125 -0.0998077392578125 0.0166797637939453 -0.00704097747802735
-0.0419387817382813 -0.104286193847656 0.0165891647338867 0.00224304199218749
-0.0193023681640625 -0.102073669433594 0.00548362731933594 0.0234413146972656
0.0224380493164063 -0.114845275878906 -0.00498771667480468 0.0307693481445312
0.0610427856445312 -0.107414245605469 -0.0239582061767578 0.0140247344970703
0.132835388183594 -0.0495986938476562 -0.022491455078125 -0.00606155395507813
0.149261474609375 -0.0126953125 -0.00408172607421874 -0.0222930908203125
0.15521240234375 0.0379638671875 0.0373611450195313 0.008331298828125
0.125343322753906 0.0616302490234375 0.0894317626953125 -0.0443801879882812
0.123992919921875 0.042633056640625 0.104042053222656 -0.02508544921875
0.14434814453125 -0.0030517578125 0.0903778076171875 -0.0163955688476563
0.107315063476563 -0.0594558715820312 0.0711593627929688 -0.0284271240234375
0.0761642456054688 -0.0787734985351563 0.0467872619628906 -0.0174064636230469
0.0200576782226562 -0.101669311523438 0.0263671875 -0.0145339965820313
-0.0177841186523437 -0.101486206054687 0.0276393890380859 0.00486946105957031
-0.0122909545898437 -0.0967254638671875 0.0328273773193359 0.025421142578125
-0.024993896484375 -0.103103637695313 0.030120849609375 0.0333080291748047
-0.000251770019531249 -0.0957489013671875 0.0092010498046875 0.0497512817382812
0.0411758422851563 -0.09893798828125 -0.00476455688476563 0.04705810546875
0.07391357421875 -0.0836944580078125 -0.020538330078125 0.0215644836425781
0.129859924316406 -0.01873779296875 -0.0115175247192383 -0.00487232208251953
0.134254455566406 0.018157958984375 0.0278396606445313 -0.0230884552001953
0.128425598144531 0.0586624145507812 0.0839614868164063 0.0264511108398438
0.0783615112304687 0.0560455322265625 0.125373840332031 -0.0273056030273438
0.0872650146484375 0.0416717529296875 0.129432678222656 -0.0220565795898437
0.105827331542969 0.00506591796875 0.0889739990234375 -0.0159683227539063
0.0807571411132813 -0.0412139892578125 0.0646705627441406 -0.0152130126953125
0.0590896606445313 -0.0555038452148438 0.0397262573242188 0.003753662109375
0.0201187133789063 -0.0777359008789063 0.0311565399169922 0.0171909332275391
-0.00511169433593749 -0.0824661254882813 0.0416793823242188 0.0369033813476563
0.000427246093749995 -0.0798797607421875 0.0433082580566406 0.0527534484863281
-0.005340576171875 -0.0877761840820313 0.0356559753417969 0.0633621215820313
0.0169143676757813 -0.0771713256835937 0.00417327880859375 0.074493408203125
0.0522613525390625 -0.0712966918945313 -0.0135269165039062 0.0605010986328125
0.0752716064453125 -0.0511245727539063 -0.0220108032226562 0.0290870666503906
0.108505249023438 0.0127029418945313 -0.00516796112060546 0.00299072265625
0.100837707519531 0.0454635620117187 0.0509300231933594 -0.0103721618652344
0.0836029052734375 0.070037841796875 0.115882873535156 0.0513763427734375
0.0185089111328125 0.0459060668945312 0.141921997070313 -0.0144195556640625
0.0370597839355469 0.040130615234375 0.137306213378906 -0.0203170776367187
0.0520515441894531 0.0187110900878906 0.0802001953125 -0.015777587890625
0.0450172424316406 -0.0107498168945313 0.0573692321777344 -0.00472640991210938
0.0380363464355469 -0.0184478759765625 0.0332794189453125 0.0169658660888672
0.0237541198730469 -0.0399589538574219 0.0347862243652344 0.0375823974609375
0.0118789672851562 -0.0504875183105469 0.0508346557617188 0.0588798522949219
0.0128936767578125 -0.0508689880371094 0.047576904296875 0.0726242065429688
0.0118637084960938 -0.0601310729980469 0.0336456298828125 0.0878753662109375
0.024627685546875 -0.0502471923828125 -0.00626373291015625 0.0928878784179687
0.0483779907226563 -0.0402336120605469 -0.0261459350585938 0.0707626342773438
0.0600852966308594 -0.0213470458984375 -0.0282936096191406 0.0378532409667969
0.0720977783203125 0.0308303833007812 -0.00642967224121093 0.0150814056396484
0.0546989440917969 0.0574455261230469 0.0601615905761719 0.0112800598144531
0.0285682678222656 0.0664405822753906 0.129470825195313 0.0785675048828125
0.0331497192382812 -0.0453948974609375 -0.132858276367188 -0.0743560791015625
-0.0131912231445313 -0.03582763671875 -0.0634651184082031 -0.0218734741210937
-0.0312423706054688 -0.0206947326660156 0.0196952819824219 -0.0204544067382813
-0.0316066741943359 0.00151062011718749 0.0438919067382813 -0.0492744445800781
-0.023773193359375 0.00699806213378906 0.0411224365234375 -0.0796890258789063
-0.0199413299560547 0.0204830169677734 0.00643920898437499 -0.107460021972656
-0.0220584869384766 0.0205459594726563 -0.0431747436523437 -0.105606079101563
-0.0224456787109375 0.0140533447265625 -0.0527191162109375 -0.0807876586914063
-0.0252876281738281 0.0151634216308594 -0.0543556213378906 -0.0596466064453125
-0.0267181396484375 0.000633239746093754 -0.0412521362304687 -0.0444869995117188
-0.0250988006591797 -0.0144557952880859 -0.0386810302734375 -0.0166511535644531
-0.0178298950195313 -0.0264739990234375 -0.0528678894042969 4.19616699218848E-05
0.000198364257812499 -0.0393142700195313 -0.07769775390625 0.00965118408203126
0.0172042846679688 -0.0462226867675781 -0.121391296386719 0.028106689453125
0.0404777526855469 -0.0439071655273438 -0.138320922851563 0.00786590576171876
0.0880355834960938 -0.0215682983398438 -0.11175537109375 -0.0896224975585937
0.0357170104980469 -0.0210037231445313 -0.0478515625 -0.0363121032714844
0.0233058929443359 -0.0198383331298828 0.0322742462158203 -0.0275745391845703
0.00839996337890625 -0.0161600112915039 0.0531578063964844 -0.057098388671875
0.00602149963378907 -0.0198516845703125 0.049530029296875 -0.0823745727539063
-0.0118904113769531 -0.0186939239501953 0.0129776000976563 -0.111618041992188
-0.0324325561523438 -0.0186519622802734 -0.0352935791015625 -0.106834411621094
-0.033416748046875 -0.023651123046875 -0.0425033569335938 -0.077484130859375
-0.0447196960449219 -0.0237770080566406 -0.0454597473144531 -0.0571746826171875
-0.0370941162109375 -0.0377578735351563 -0.0344963073730469 -0.0374794006347656
-0.0203018188476562 -0.0572357177734375 -0.0324649810791016 -0.0109424591064453
0.00326538085937499 -0.0663375854492188 -0.0466995239257813 0.000141143798828117
0.04840087890625 -0.0585556030273438 -0.0635108947753906 0.00650024414062501
0.0700836181640625 -0.0538139343261719 -0.101730346679688 0.0201187133789063
0.0972824096679688 -0.0337448120117188 -0.112953186035156 0.00315093994140624
0.131614685058594 0.0061187744140625 -0.07342529296875 -0.0921096801757813
0.0846939086914063 -0.0008697509765625 -0.0193862915039063 -0.0416641235351563
0.0812149047851563 -0.0167694091796875 0.0492591857910156 -0.0285568237304687
0.0526046752929688 -0.0355453491210938 0.06317138671875 -0.0607719421386719
0.038360595703125 -0.0487213134765625 0.0544357299804688 -0.0795669555664063
-0.00148773193359375 -0.0576515197753906 0.0157089233398437 -0.104499816894531
-0.0377159118652344 -0.0566139221191406 -0.0242233276367187 -0.0941925048828125
-0.0389289855957031 -0.0584297180175781 -0.0258636474609375 -0.0622482299804688
-0.057403564453125 -0.0587615966796875 -0.0280685424804688 -0.0449943542480469
-0.0434532165527344 -0.0697364807128906 -0.0228843688964844 -0.0221271514892578
-0.0156173706054688 -0.0921096801757813 -0.0230674743652344 0.000804901123046865
0.019073486328125 -0.0980224609375 -0.0394058227539063 0.0037384033203125
0.0861968994140625 -0.0743789672851563 -0.0501594543457031 0.00250625610351561
0.111190795898437 -0.0569229125976562 -0.07403564453125 0.00711822509765624
0.138900756835938 -0.0193252563476563 -0.0713653564453125 3.81469726562596E-05
0.15692138671875 0.0298919677734375 -0.0229873657226562 -0.0838775634765625
0.122764587402344 0.0162582397460938 0.0183181762695313 -0.0394439697265625
0.130149841308594 -0.0177764892578125 0.0668525695800781 -0.0261497497558594
0.0892410278320312 -0.0567092895507812 0.0690040588378906 -0.0572052001953125
0.0631866455078125 -0.0754852294921875 0.0532302856445313 -0.0669326782226563
0.00644683837890625 -0.0896148681640625 0.0165481567382812 -0.0831527709960938
-0.0389404296875 -0.0857696533203125 -0.00948333740234374 -0.067840576171875
-0.0385055541992188 -0.0837020874023437 -0.00528717041015625 -0.0375556945800781
-0.06005859375 -0.08453369140625 -0.0061492919921875 -0.0244255065917969
-0.0410842895507812 -0.0902328491210938 -0.0072779655456543 -0.00156688690185547
-0.00608062744140624 -0.111404418945313 -0.0121316909790039 0.0149145126342773
0.0331039428710938 -0.114967346191406 -0.0315589904785156 0.00948715209960936
0.112457275390625 -0.0771026611328125 -0.0369949340820312 -0.00231552124023438
0.137046813964844 -0.049163818359375 -0.0422630310058594 -0.00849533081054687
0.160354614257812 -0.00018310546875 -0.0188579559326172 0.000320434570312504
0.156951904296875 0.0446929931640625 0.0329627990722656 -0.0686569213867188
0.138664245605469 0.027069091796875 0.060943603515625 -0.0354118347167969
0.153976440429688 -0.0198516845703125 0.0811843872070313 -0.023223876953125
0.107124328613281 -0.0710296630859375 0.07122802734375 -0.04693603515625
0.0730667114257813 -0.0907745361328125 0.0504264831542969 -0.0454483032226563
0.00894165039062499 -0.106353759765625 0.0193901062011719 -0.0511856079101563
-0.036712646484375 -0.100601196289063 0.00805473327636719 -0.0330314636230469
-0.0325775146484375 -0.09686279296875 0.0157127380371094 -0.00774288177490235
-0.052001953125 -0.0986709594726563 0.0152120590209961 0.00161552429199218
-0.0283355712890625 -0.0990219116210938 0.00565719604492187 0.0232715606689453
0.0111465454101563 -0.115364074707031 -0.00373268127441406 0.0305671691894531
0.0504531860351562 -0.111480712890625 -0.0238151550292969 0.0150279998779297
0.127952575683594 -0.0621414184570313 -0.0245590209960937 -0.00578880310058594
0.145751953125 -0.027191162109375 -0.00817298889160156 -0.0219707489013672
0.1593017578125 0.023406982421875 0.0357208251953125 0.0058746337890625
0.131301879882813 0.050384521484375 0.08514404296875 -0.0512542724609375
0.126731872558594 0.0316162109375 0.0992507934570313 -0.03240966796875
0.144378662109375 -0.0161895751953125 0.0892791748046875 -0.021575927734375
0.101005554199219 -0.0691070556640625 0.0693130493164063 -0.0326957702636719
0.0678176879882813 -0.0865707397460938 0.0460166931152344 -0.0202789306640625
0.00939178466796876 -0.102394104003906 0.0250568389892578 -0.0155162811279297
-0.02801513671875 -0.0981674194335938 0.0279426574707031 0.00317955017089843
-0.0216827392578125 -0.0945510864257813 0.0351161956787109 0.022369384765625
-0.0352935791015625 -0.0990524291992188 0.0315322875976563 0.0312366485595703
-0.00908660888671874 -0.09417724609375 0.0121383666992188 0.0491447448730469
0.0316925048828125 -0.101509094238281 -0.00250244140625 0.0469093322753906
0.0650482177734375 -0.0901870727539063 -0.0204067230224609 0.0218181610107422
0.127288818359375 -0.0313262939453125 -0.0131435394287109 -0.00538730621337891
0.134742736816406 0.00494384765625 0.023712158203125 -0.0254421234130859
0.134567260742188 0.046630859375 0.083099365234375 0.0194778442382813
0.0834503173828125 0.0486526489257813 0.121910095214844 -0.0378799438476563
0.0913162231445313 0.0339813232421875 0.125106811523438 -0.03204345703125
0.106956481933594 -0.00543212890625 0.0869598388671875 -0.0216217041015625
0.07635498046875 -0.0487213134765625 0.0637855529785156 -0.0189056396484375
0.0532188415527344 -0.0620613098144531 0.0402870178222656 0.00142288208007812
0.0121231079101562 -0.0791015625 0.0322418212890625 0.0152359008789062
-0.0139846801757812 -0.079986572265625 0.0453872680664063 0.0334129333496094
-0.00783538818359375 -0.0788650512695313 0.0486221313476562 0.0489654541015625
-0.01458740234375 -0.0855941772460938 0.0402984619140625 0.0605926513671875
0.00878143310546876 -0.0776138305664063 0.00920867919921874 0.0742874145507812
0.0441436767578125 -0.07562255859375 -0.00979232788085937 0.0609550476074219
0.069305419921875 -0.0581626892089844 -0.0205192565917969 0.030181884765625
0.109794616699219 0.00217437744140625 -0.00604438781738281 0.00145053863525391
0.104232788085937 0.035064697265625 0.0483818054199219 -0.0151863098144531
0.091033935546875 0.0619354248046875 0.1177978515625 0.0412445068359375
0.0232467651367187 0.0441513061523438 0.140106201171875 -0.0276641845703125
0.041046142578125 0.0364036560058594 0.134330749511719 -0.0322418212890625
0.0549774169921875 0.0131187438964844 0.0784378051757813 -0.0211334228515625
0.0438079833984375 -0.0157051086425781 0.0573883056640625 -0.00829315185546875
0.0354652404785156 -0.0228500366210937 0.035614013671875 0.0150680541992187
0.0184402465820313 -0.0418663024902344 0.0384178161621094 0.0348129272460938
0.00518417358398438 -0.0507850646972656 0.0564918518066406 0.0537528991699219
0.00688552856445313 -0.0513229370117188 0.0541267395019531 0.0678062438964844
0.00441360473632813 -0.0596046447753906 0.04132080078125 0.0845260620117188
0.0179634094238281 -0.0511817932128906 0.00118255615234375 0.0937576293945313
0.0426063537597656 -0.0449981689453125 -0.0212249755859375 0.0725860595703125
0.0570945739746094 -0.0269355773925781 -0.0261001586914062 0.0390243530273438
0.0755844116210938 0.0233840942382813 -0.00559616088867187 0.0131263732910156
0.0603179931640625 0.0515365600585938 0.0601425170898438 0.00441360473632813
0.0352668762207031 0.0633697509765625 0.134101867675781 0.066375732421875
0.028350830078125 -0.0460128784179688 -0.133277893066406 -0.0639572143554688
-0.0156040191650391 -0.0333499908447266 -0.0624885559082031 -0.0157623291015625
-0.0317840576171875 -0.0172309875488281 0.0179176330566406 -0.020721435546875
-0.0305824279785156 0.00495338439941406 0.0403900146484375 -0.0491600036621094
-0.0224208831787109 0.00894546508789062 0.0366897583007813 -0.0793838500976563
-0.0165729522705078 0.0208396911621094 0.00102996826171875 -0.10546875
-0.0185699462890625 0.0208892822265625 -0.0487518310546875 -0.0994796752929687
-0.0202445983886719 0.0142822265625 -0.056915283203125 -0.0750045776367188
-0.0228328704833984 0.0154533386230469 -0.058197021484375 -0.0541954040527344
-0.0244960784912109 0.00171279907226562 -0.0439376831054688 -0.0420265197753906
-0.0244846343994141 -0.0116329193115234 -0.0391731262207031 -0.0153312683105469
-0.0194072723388672 -0.0233516693115234 -0.05224609375 0.00196456909179686
-0.00373458862304688 -0.0377426147460938 -0.0751419067382813 0.013397216796875
0.0124168395996094 -0.0457344055175781 -0.116912841796875 0.0350570678710937
0.0354042053222656 -0.0455856323242188 -0.136039733886719 0.016937255859375
0.0838623046875 -0.0259475708007813 -0.113525390625 -0.0795745849609375
0.0340366363525391 -0.0220775604248047 -0.0485801696777344 -0.03033447265625
0.0220413208007813 -0.0200347900390625 0.0301799774169922 -0.0273780822753906
0.00710391998291016 -0.0149517059326172 0.04931640625 -0.0570945739746094
0.00542068481445313 -0.0199928283691406 0.0446701049804687 -0.0825271606445313
-0.0115222930908203 -0.0171823501586914 0.00617218017578126 -0.109291076660156
-0.0309295654296875 -0.016021728515625 -0.0414657592773438 -0.101089477539063
-0.0335979461669922 -0.0213489532470703 -0.0468063354492188 -0.0724411010742188
-0.0442924499511719 -0.0210952758789063 -0.0489311218261719 -0.0522499084472656
-0.0369224548339844 -0.0344619750976562 -0.0382003784179688 -0.0349349975585938
-0.0223617553710937 -0.0532150268554688 -0.03363037109375 -0.00995635986328125
-0.00149154663085938 -0.0635147094726563 -0.0465431213378906 0.00191497802734375
0.0421562194824219 -0.0596809387207031 -0.062591552734375 0.00954055786132811
0.0634193420410156 -0.0565147399902344 -0.0984725952148437 0.0261383056640625
0.0920562744140625 -0.0391921997070312 -0.111831665039063 0.0115966796875
0.12884521484375 -0.001922607421875 -0.0776519775390625 -0.0843276977539062
0.0828628540039063 -0.0054473876953125 -0.0221939086914063 -0.0365638732910156
0.0791397094726562 -0.0216445922851562 0.0467147827148438 -0.0289726257324219
0.0491447448730469 -0.0373954772949219 0.0579261779785156 -0.06121826171875
0.0349769592285156 -0.0503616333007813 0.0487823486328125 -0.0801849365234375
-0.00400161743164063 -0.0557136535644531 0.00881958007812499 -0.102058410644531
-0.0397491455078125 -0.0520744323730469 -0.0299072265625 -0.0889053344726562
-0.0413856506347656 -0.0544700622558594 -0.0292778015136719 -0.058624267578125
-0.0592041015625 -0.0535392761230469 -0.031402587890625 -0.0414161682128906
-0.045623779296875 -0.0646324157714844 -0.0255661010742188 -0.0204925537109375
-0.0203323364257813 -0.0875778198242188 -0.0237884521484375 0.000761032104492182
0.0115890502929688 -0.0957794189453125 -0.0396957397460938 0.00519561767578125
0.0783767700195313 -0.0773773193359375 -0.0501632690429687 0.00497055053710938
0.10333251953125 -0.0626602172851563 -0.073028564453125 0.0122222900390625
0.134231567382813 -0.0280075073242188 -0.0712966918945312 0.0059967041015625
0.154876708984375 0.0194244384765625 -0.0275192260742187 -0.0794830322265625
0.120864868164063 0.00885772705078125 0.0144119262695313 -0.0362205505371094
0.126922607421875 -0.0262527465820312 0.0645751953125 -0.0273246765136719
0.0833206176757813 -0.0605392456054688 0.0644111633300781 -0.058441162109375
0.056976318359375 -0.0780868530273438 0.04913330078125 -0.0679092407226563
0.000564575195312501 -0.0875396728515625 0.011322021484375 -0.0811004638671875
-0.0431747436523438 -0.0800094604492188 -0.0140800476074219 -0.064453125
-0.0431594848632813 -0.0793380737304688 -0.00797271728515625 -0.0358238220214844
-0.0641250610351563 -0.0780868530273438 -0.0090484619140625 -0.0227947235107422
-0.0454940795898438 -0.0846939086914062 -0.00924205780029297 -0.000735282897949222
-0.0124359130859375 -0.107429504394531 -0.0122318267822266 0.0145978927612305
0.0248184204101563 -0.11328125 -0.0315456390380859 0.00977897644042969
0.10418701171875 -0.0827789306640625 -0.0379066467285156 -0.000488281250000008
0.129104614257813 -0.0566787719726563 -0.04302978515625 -0.00562667846679688
0.156906127929688 -0.009979248046875 -0.0209541320800781 0.002410888671875
0.156631469726563 0.034149169921875 0.02752685546875 -0.0674247741699219
0.137046813964844 0.0184402465820313 0.0559463500976563 -0.0352020263671875
0.14947509765625 -0.0297698974609375 0.078704833984375 -0.0254745483398438
0.0994338989257813 -0.0755767822265625 0.0672340393066406 -0.0484275817871094
0.0656509399414063 -0.0938568115234375 0.0469436645507813 -0.046783447265625
0.00200653076171875 -0.103866577148438 0.0159378051757813 -0.0500221252441406
-0.0419464111328125 -0.0944061279296875 0.00585365295410156 -0.0315170288085938
-0.037994384765625 -0.09228515625 0.0152263641357422 -0.00847053527832032
-0.0570297241210937 -0.091888427734375 0.0136384963989258 0.00158977508544921
-0.0333175659179688 -0.093505859375 0.00572395324707031 0.0228404998779297
0.00368499755859375 -0.112678527832031 -0.00352287292480469 0.0297260284423828
0.0414886474609375 -0.111900329589844 -0.024444580078125 0.0151214599609375
0.120193481445313 -0.068756103515625 -0.0259819030761719 -0.00530433654785157
0.139244079589844 -0.0355148315429688 -0.0106391906738281 -0.020538330078125
0.157196044921875 0.0124969482421875 0.0323867797851563 0.00453376770019531
0.132049560546875 0.0412673950195312 0.0792160034179688 -0.0550994873046875
0.126419067382813 0.023101806640625 0.0936126708984375 -0.0347747802734375
0.140289306640625 -0.025604248046875 0.0857620239257813 -0.0248336791992188
0.0941162109375 -0.0732879638671875 0.0664215087890625 -0.0352363586425781
0.0609588623046875 -0.0893402099609375 0.0439872741699219 -0.0218887329101563
0.00238800048828125 -0.100074768066406 0.0236282348632813 -0.0153961181640625
-0.0346145629882813 -0.0926589965820313 0.0274391174316406 0.00228118896484374
-0.0282363891601562 -0.0910415649414063 0.0360107421875 0.0196647644042969
-0.0415802001953125 -0.0933914184570313 0.0319194793701172 0.0290813446044922
-0.0150222778320312 -0.0902862548828125 0.0138168334960937 0.0480308532714844
0.0230712890625 -0.10101318359375 -0.00121307373046875 0.0452232360839844
0.0573348999023438 -0.0919342041015625 -0.0200080871582031 0.021942138671875
0.122634887695313 -0.039703369140625 -0.0149946212768555 -0.00545120239257812
0.130867004394531 -0.004486083984375 0.0198612213134766 -0.0265293121337891
0.134986877441406 0.0364303588867188 0.08038330078125 0.014617919921875
0.0858688354492188 0.0425338745117188 0.116920471191406 -0.0441055297851563
0.090911865234375 0.0275726318359375 0.118675231933594 -0.0380477905273437
0.104652404785156 -0.0125808715820312 0.0846176147460937 -0.0248260498046875
0.0714263916015625 -0.0525970458984375 0.0616188049316406 -0.0215301513671875
0.0474166870117187 -0.0641098022460937 0.0400428771972656 -0.000167846679687504
0.00576019287109374 -0.0768890380859375 0.0325431823730469 0.0141010284423828
-0.0199661254882813 -0.0757904052734375 0.0465316772460937 0.0300636291503906
-0.0138778686523438 -0.0759201049804688 0.0507392883300781 0.044708251953125
-0.0206527709960938 -0.0815353393554688 0.0424995422363281 0.0565147399902344
0.00317382812499999 -0.0748291015625 0.0128707885742187 0.0726776123046875
0.0368270874023438 -0.0765151977539063 -0.00750732421875 0.0604095458984375
0.0637931823730469 -0.0612869262695313 -0.0199127197265625 0.0297431945800781
0.107124328613281 -0.0060577392578125 -0.00723505020141601 0.000292301177978517
0.103866577148438 0.027130126953125 0.0444755554199219 -0.0185470581054688
0.0935592651367188 0.0535964965820313 0.115554809570313 0.0329513549804688
0.0263748168945313 0.0410385131835938 0.134719848632813 -0.0354843139648438
0.0431632995605469 0.0327796936035156 0.127395629882813 -0.0389862060546875
0.0554771423339844 0.00911712646484375 0.0757293701171875 -0.024139404296875
0.0413970947265625 -0.0189170837402344 0.0564651489257813 -0.0103340148925781
0.0327072143554688 -0.025421142578125 0.036102294921875 0.0135574340820312
0.0141029357910156 -0.0419921875 0.03985595703125 0.0322265625
0.000129699707031251 -0.0486946105957031 0.0589714050292969 0.0486946105957031
0.00189590454101563 -0.0496063232421875 0.0575637817382813 0.0623016357421875
-0.000629425048828125 -0.05755615234375 0.04510498046875 0.0799407958984375
0.0133285522460938 -0.0505752563476563 0.00579071044921876 0.0922698974609375
0.0378265380859375 -0.0471382141113281 -0.0177078247070312 0.0715255737304688
0.0534439086914063 -0.0305747985839844 -0.0239372253417969 0.0381813049316406
0.07568359375 0.0172882080078125 -0.00562858581542969 0.0117998123168945
0.0622749328613281 0.0460052490234375 0.0570526123046875 -0.000183105468749997
0.039581298828125 0.0584907531738281 0.133094787597656 0.0562820434570313
0.0255241394042969 -0.045166015625 -0.131622314453125 -0.0574798583984375
-0.0164718627929688 -0.031951904296875 -0.0610389709472656 -0.0114250183105469
-0.0319366455078125 -0.0149211883544922 0.0172901153564453 -0.0192718505859375
-0.0292491912841797 0.00654029846191406 0.0394287109375 -0.0484275817871094
-0.0211200714111328 0.0104045867919922 0.0345611572265625 -0.0778579711914063
-0.0141887664794922 0.0200767517089844 -0.00116729736328124 -0.103599548339844
-0.0160255432128906 0.0203075408935547 -0.0513687133789063 -0.095855712890625
-0.0189266204833984 0.0143489837646484 -0.0588912963867188 -0.0709686279296875
-0.0211029052734375 0.0147037506103516 -0.0592727661132812 -0.0513153076171875
-0.0224151611328125 0.00203895568847656 -0.0461769104003906 -0.0406112670898438
-0.0234413146972656 -0.00965690612792969 -0.0402793884277344 -0.01495361328125
-0.019866943359375 -0.0211658477783203 -0.0515785217285156 0.00251388549804687
-0.00548934936523438 -0.0359687805175781 -0.0730743408203125 0.014892578125
0.00950241088867188 -0.0449142456054687 -0.113265991210938 0.03765869140625
0.0319175720214844 -0.045745849609375 -0.133819580078125 0.0219192504882813
0.0810546875 -0.0281448364257813 -0.1138916015625 -0.0732345581054688
0.0324363708496094 -0.0222702026367188 -0.0484848022460938 -0.0256881713867187
0.0207672119140625 -0.0204010009765625 0.0290851593017578 -0.0262947082519531
0.00677108764648438 -0.0142498016357422 0.0470046997070313 -0.0561714172363281
0.00491905212402344 -0.0192489624023438 0.0420913696289062 -0.0814590454101563
-0.01068115234375 -0.0166730880737305 0.00329589843749999 -0.10736083984375
-0.0297832489013672 -0.0149745941162109 -0.0438995361328125 -0.0974349975585938
-0.0328140258789063 -0.0201969146728516 -0.0488166809082031 -0.0687255859375
-0.0434303283691406 -0.0190048217773437 -0.0508575439453125 -0.0490264892578125
-0.0355720520019531 -0.0326576232910156 -0.0399894714355469 -0.0337181091308594
-0.022735595703125 -0.0503997802734375 -0.0345001220703125 -0.00985717773437501
-0.00364685058593751 -0.061065673828125 -0.0467376708984375 0.00214767456054687
0.0383110046386719 -0.05914306640625 -0.0615692138671875 0.0106201171875
0.0583877563476563 -0.0568962097167969 -0.0960617065429688 0.0293045043945313
0.0881805419921875 -0.0412368774414063 -0.111091613769531 0.0159378051757812
0.125968933105469 -0.0066375732421875 -0.0790786743164063 -0.07904052734375
0.0808944702148438 -0.0076904296875 -0.0230484008789062 -0.0321540832519531
0.0767898559570313 -0.0242843627929688 0.0458221435546875 -0.0282325744628906
0.0470619201660156 -0.0373420715332031 0.0550994873046875 -0.0602264404296875
0.0327186584472656 -0.0504684448242188 0.0462112426757813 -0.0796356201171875
-0.00506591796875 -0.0545158386230469 0.0060577392578125 -0.0994873046875
-0.0397720336914062 -0.0497207641601563 -0.0325469970703125 -0.0855865478515625
-0.0420265197753906 -0.0521888732910156 -0.0311431884765625 -0.05596923828125
-0.0598068237304687 -0.0499343872070312 -0.0332298278808594 -0.0391654968261719
-0.0456657409667969 -0.0610466003417969 -0.0266456604003906 -0.0193195343017578
-0.0222930908203125 -0.083831787109375 -0.0249805450439453 0.000597000122070308
0.00837707519531251 -0.0931625366210938 -0.0403404235839844 0.00526428222656249
0.0730438232421875 -0.0784225463867188 -0.0498428344726562 0.00573348999023438
0.09771728515625 -0.063812255859375 -0.071990966796875 0.01483154296875
0.130477905273437 -0.0323104858398437 -0.07159423828125 0.009521484375
0.152984619140625 0.01385498046875 -0.0296783447265625 -0.0753631591796875
0.118827819824219 0.0056304931640625 0.0124931335449219 -0.0328330993652344
0.123832702636719 -0.0307464599609375 0.0629997253417969 -0.0269050598144531
0.0795364379882813 -0.0611419677734375 0.0617752075195313 -0.0576896667480469
0.0528564453125 -0.0786819458007813 0.0470733642578125 -0.0667724609375
-0.00231933593749999 -0.0852890014648438 0.00868988037109375 -0.0784912109375
-0.0447235107421875 -0.0762863159179688 -0.0152549743652344 -0.0615692138671875
-0.0447616577148438 -0.0763626098632812 -0.00870704650878906 -0.034637451171875
-0.0653228759765625 -0.0736465454101563 -0.0110607147216797 -0.0213642120361328
-0.0459747314453125 -0.0803146362304688 -0.0101413726806641 -0.000234603881835941
-0.0158843994140625 -0.104362487792969 -0.0134572982788086 0.0141401290893555
0.0203933715820312 -0.111244201660156 -0.0326900482177734 0.0095539093017578
0.0985183715820313 -0.0841140747070313 -0.0385856628417969 -7.62939453125304E-06
0.122840881347656 -0.0590438842773438 -0.0437126159667969 -0.00314331054687501
0.153457641601563 -0.01513671875 -0.0221652984619141 0.00467300415039062
0.154830932617188 0.0283966064453125 0.0246467590332031 -0.0653953552246094
0.134742736816406 0.0135955810546875 0.052703857421875 -0.0335578918457031
0.14605712890625 -0.034027099609375 0.0773162841796875 -0.02545166015625
0.0947418212890625 -0.0767440795898438 0.0651741027832031 -0.0474395751953125
0.0606155395507813 -0.0947723388671875 0.0454902648925781 -0.0463714599609375
-0.00173187255859374 -0.101364135742188 0.0141525268554688 -0.0480308532714844
-0.0443191528320312 -0.0896835327148438 0.00528526306152344 -0.0303173065185547
-0.0410919189453125 -0.0887603759765625 0.0149755477905273 -0.00852489471435547
-0.059326171875 -0.0870361328125 0.0125083923339844 0.00144672393798828
-0.0358200073242188 -0.089385986328125 0.00517654418945312 0.0225982666015625
-0.00107574462890626 -0.109962463378906 -0.00370216369628906 0.0286350250244141
0.0362701416015625 -0.110954284667969 -0.0253944396972656 0.0142040252685547
0.115020751953125 -0.0720977783203125 -0.0272464752197266 -0.00493812561035157
0.13397216796875 -0.0395965576171875 -0.012857437133789 -0.0191764831542969
0.155593872070313 0.0068511962890625 0.0297985076904297 0.00458908081054688
0.130775451660156 0.0363616943359375 0.075775146484375 -0.0549087524414063
0.124099731445313 0.0191497802734375 0.0894317626953125 -0.035430908203125
0.137123107910156 -0.0306243896484375 0.0842361450195313 -0.0256500244140625
0.0893096923828125 -0.0747299194335937 0.0641136169433594 -0.0346794128417969
0.0562515258789063 -0.090087890625 0.042755126953125 -0.0217399597167969
-0.00157928466796876 -0.0976028442382813 0.0229206085205078 -0.0140933990478516
-0.0376129150390625 -0.0881729125976563 0.0275611877441406 0.00222969055175781
-0.0314712524414063 -0.0873794555664063 0.0359840393066406 0.0179367065429687
-0.0441207885742188 -0.08837890625 0.031402587890625 0.0279388427734375
-0.017974853515625 -0.0871505737304688 0.0142631530761719 0.0473899841308594
0.0188751220703125 -0.0989837646484375 -0.000865936279296878 0.0443305969238281
0.052825927734375 -0.0921554565429688 -0.0204677581787109 0.0207538604736328
0.118156433105469 -0.0434494018554688 -0.0160598754882812 -0.005645751953125
0.127189636230469 -0.00855255126953125 0.0170345306396484 -0.0263175964355469
0.134544372558594 0.0308303833007812 0.07708740234375 0.0124893188476563
0.085845947265625 0.038543701171875 0.113143920898437 -0.0459823608398437
0.0901947021484375 0.0241317749023438 0.114364624023437 -0.0393142700195312
0.102790832519531 -0.01678466796875 0.0824127197265625 -0.0254058837890625
0.0678215026855469 -0.0540046691894531 0.060089111328125 -0.0217704772949219
0.0437049865722656 -0.0652198791503906 0.0404396057128906 -0.000614166259765629
0.00225830078124999 -0.0754318237304687 0.0330753326416016 0.0138702392578125
-0.0232086181640625 -0.0723495483398437 0.0467720031738281 0.0284423828125
-0.0175094604492188 -0.0729141235351563 0.0516510009765625 0.0416488647460937
-0.0241165161132813 -0.0775680541992188 0.0426750183105469 0.0542030334472656
0.000259399414062504 -0.07281494140625 0.014129638671875 0.0710525512695313
0.0331878662109375 -0.0763626098632812 -0.00613403320312499 0.0593490600585937
0.0598373413085938 -0.0620918273925781 -0.0199775695800781 0.0283184051513672
0.104850769042969 -0.00994873046875 -0.00791835784912109 -0.000398159027099611
0.101913452148437 0.0226669311523438 0.0413856506347656 -0.0198249816894531
0.0941238403320312 0.0491104125976562 0.112434387207031 0.029388427734375
0.0276870727539062 0.039306640625 0.13140869140625 -0.0393753051757813
0.0438423156738281 0.0306053161621094 0.122772216796875 -0.0412445068359375
0.0551528930664062 0.00562286376953125 0.0734481811523438 -0.0244140625
0.0398292541503906 -0.0205001831054687 0.05511474609375 -0.0112686157226563
0.0303134918212891 -0.0269412994384766 0.0367507934570313 0.0125465393066406
0.0113487243652344 -0.0409507751464844 0.0406074523925781 0.0314788818359375
-0.0027618408203125 -0.0463676452636719 0.0600814819335937 0.0456199645996094
-0.000526428222656246 -0.0482215881347656 0.059051513671875 0.0582923889160156
-0.00386810302734375 -0.0551033020019531 0.0467529296875 0.0766983032226563
0.010467529296875 -0.0488624572753906 0.0080718994140625 0.0904312133789062
0.0344123840332031 -0.0471153259277344 -0.0159988403320312 0.0704803466796875
0.0508346557617188 -0.0323257446289063 -0.0236244201660156 0.0376663208007812
0.0749435424804688 0.0135421752929688 -0.00643062591552734 0.0103731155395508
0.0627174377441406 0.0421905517578125 0.0543670654296875 -0.002899169921875
0.0415382385253906 0.0556678771972656 0.130599975585938 0.05096435546875
0.0238418579101562 -0.0453758239746094 -0.131622314453125 -0.055084228515625
-0.0166149139404297 -0.0312328338623047 -0.0603294372558594 -0.00913238525390624
-0.0320014953613281 -0.0137882232666016 0.0171012878417969 -0.0185661315917969
-0.0285701751708984 0.00781822204589844 0.0391426086425781 -0.0477485656738281
-0.0203151702880859 0.0115718841552734 0.0348129272460938 -0.078216552734375
-0.0124759674072266 0.0199851989746094 -0.00201416015625 -0.103775024414063
-0.0144100189208984 0.0195522308349609 -0.0525741577148438 -0.0943603515625
-0.01812744140625 0.0140781402587891 -0.0601806640625 -0.0705337524414063
-0.0207500457763672 0.0140171051025391 -0.0612983703613281 -0.0502777099609375
-0.0215644836425781 0.00163078308105469 -0.0478248596191406 -0.0407333374023438
-0.0226898193359375 -0.00915145874023437 -0.0421981811523438 -0.0158958435058594
-0.0198459625244141 -0.0196609497070313 -0.0523300170898438 0.00246810913085936
-0.00717926025390625 -0.0350570678710938 -0.072479248046875 0.0145950317382812
0.00782394409179688 -0.0442581176757813 -0.112480163574219 0.038482666015625
0.0305557250976563 -0.0461311340332031 -0.135078430175781 0.0245819091796875
0.0803985595703125 -0.0292282104492187 -0.114395141601563 -0.0708465576171875
0.0321788787841797 -0.0223865509033203 -0.0484390258789063 -0.02288818359375
0.0204067230224609 -0.0206756591796875 0.0290851593017578 -0.025634765625
0.00650310516357422 -0.0135583877563477 0.046844482421875 -0.0557670593261719
0.00481605529785156 -0.0191059112548828 0.0419998168945312 -0.081695556640625
-0.00998306274414063 -0.0167970657348633 0.00220489501953125 -0.107719421386719
-0.0289630889892578 -0.0149822235107422 -0.0455398559570312 -0.0960006713867188
-0.0328178405761719 -0.0198230743408203 -0.0501594543457031 -0.0680503845214844
-0.0434532165527344 -0.0189056396484375 -0.052520751953125 -0.0484695434570313
-0.0355491638183594 -0.0322036743164063 -0.0416107177734375 -0.0338706970214844
-0.0226402282714844 -0.049468994140625 -0.036224365234375 -0.0105247497558594
-0.0042266845703125 -0.0597343444824219 -0.0475578308105469 0.00175857543945312
0.0364761352539063 -0.0591850280761719 -0.0613021850585938 0.0106430053710938
0.0561027526855469 -0.0567893981933594 -0.0958251953125 0.0309829711914062
0.0869064331054688 -0.0423965454101563 -0.11224365234375 0.0182113647460937
0.125686645507813 -0.0083160400390625 -0.0794601440429687 -0.0771484375
0.08111572265625 -0.0079803466796875 -0.023712158203125 -0.0291671752929687
0.0767745971679688 -0.0255279541015625 0.0461502075195313 -0.027587890625
0.0469436645507813 -0.0375633239746094 0.055328369140625 -0.0595741271972656
0.0314292907714844 -0.0512237548828125 0.0456619262695313 -0.0791778564453125
-0.00560379028320312 -0.0548324584960938 0.00479888916015625 -0.0993728637695312
-0.0396347045898437 -0.0489044189453125 -0.0333938598632813 -0.0839385986328125
-0.0425529479980469 -0.0518569946289063 -0.0320930480957031 -0.0554161071777344
-0.0596199035644531 -0.0490760803222656 -0.0350799560546875 -0.0379981994628906
-0.0453071594238281 -0.0603828430175781 -0.0286636352539063 -0.0193634033203125
-0.0227584838867188 -0.08270263671875 -0.0259189605712891 0.000152587890624994
0.00680541992187499 -0.0927886962890625 -0.041595458984375 0.004974365234375
0.0710220336914063 -0.0793609619140625 -0.0504379272460937 0.00558090209960937
0.0949630737304688 -0.064697265625 -0.0724029541015625 0.0168075561523437
0.130020141601563 -0.0335464477539063 -0.0731887817382812 0.0115432739257812
0.153656005859375 0.011871337890625 -0.0309677124023437 -0.07354736328125
0.119209289550781 0.0041351318359375 0.0117053985595703 -0.0302371978759766
0.123832702636719 -0.0332794189453125 0.0633888244628906 -0.02728271484375
0.0789031982421875 -0.0621795654296875 0.0616645812988281 -0.0569801330566406
0.0519180297851563 -0.0803680419921875 0.0468177795410156 -0.0667915344238281
-0.00310516357421876 -0.0853805541992187 0.007965087890625 -0.0779495239257813
-0.0454177856445312 -0.0750732421875 -0.015869140625 -0.0606803894042969
-0.0465621948242188 -0.07598876953125 -0.00959396362304688 -0.0343456268310547
-0.0666351318359375 -0.0715560913085937 -0.0120944976806641 -0.0206394195556641
-0.0465469360351563 -0.0796432495117188 -0.0115652084350586 -0.000129699707031256
-0.0175857543945313 -0.103591918945313 -0.0143270492553711 0.0132551193237305
0.0181045532226562 -0.111236572265625 -0.03399658203125 0.00909042358398436
0.0969161987304687 -0.0858612060546875 -0.03948974609375 0.000114440917968739
0.120918273925781 -0.0609817504882812 -0.0451202392578125 -0.00222015380859375
0.154220581054688 -0.0173187255859375 -0.0244503021240234 0.00638389587402344
0.156005859375 0.0258331298828125 0.0238037109375 -0.0648765563964844
0.135765075683594 0.012481689453125 0.0516777038574219 -0.0315208435058594
0.145919799804688 -0.038116455078125 0.0773544311523438 -0.0253829956054688
0.09368896484375 -0.07818603515625 0.0646133422851562 -0.0468826293945313
0.0591201782226562 -0.0966720581054688 0.0457763671875 -0.0458946228027344
-0.00320434570312501 -0.101181030273438 0.0134506225585937 -0.0471229553222656
-0.0454864501953125 -0.0883865356445313 0.00554275512695312 -0.0295753479003906
-0.0429534912109375 -0.087890625 0.0152149200439453 -0.00907421112060547
-0.061248779296875 -0.0852813720703125 0.0112705230712891 0.00168037414550781
-0.036865234375 -0.0887069702148438 0.00414657592773437 0.0236167907714844
-0.00286865234374999 -0.109443664550781 -0.00453948974609375 0.0280170440673828
0.0345001220703125 -0.1112060546875 -0.0263957977294922 0.0140571594238281
0.114112854003906 -0.074188232421875 -0.028656005859375 -0.00480079650878907
0.132835388183594 -0.0412826538085938 -0.0146484375 -0.0184497833251953
0.156524658203125 0.0045318603515625 0.0281791687011719 0.00588417053222656
0.132080078125 0.0334854125976563 0.075042724609375 -0.05517578125
0.124992370605469 0.0178146362304687 0.0884628295898438 -0.0342025756835938
0.13739013671875 -0.0335769653320313 0.0842819213867188 -0.0252838134765625
0.0878982543945313 -0.0764389038085937 0.0640029907226562 -0.0343132019042969
0.0542755126953125 -0.0917434692382813 0.04351806640625 -0.0212516784667969
-0.003143310546875 -0.0969772338867187 0.0231647491455078 -0.0132999420166016
-0.039337158203125 -0.08624267578125 0.0283908843994141 0.00178146362304687
-0.0335769653320313 -0.0864334106445312 0.0368118286132813 0.0173683166503906
-0.0462188720703125 -0.0869293212890625 0.0310955047607422 0.0279083251953125
-0.0192184448242188 -0.08599853515625 0.0141143798828125 0.0477714538574219
0.0159912109375 -0.0992584228515625 -0.001495361328125 0.0434226989746094
0.0506591796875 -0.0929412841796875 -0.0215797424316406 0.0201740264892578
0.118324279785156 -0.0460662841796875 -0.0178260803222656 -0.00601387023925782
0.126724243164063 -0.010498046875 0.0153388977050781 -0.0258426666259766
0.135955810546875 0.0279769897460938 0.0754928588867188 0.0128021240234375
0.0875091552734375 0.0374755859375 0.11309814453125 -0.0470504760742188
0.0913009643554687 0.0230941772460937 0.112884521484375 -0.0390243530273438
0.103240966796875 -0.0190811157226563 0.082855224609375 -0.0254364013671875
0.06634521484375 -0.0554428100585938 0.0599555969238281 -0.0215721130371094
0.0419349670410156 -0.0669097900390625 0.0408363342285156 -0.000503540039062504
0.000549316406250005 -0.0746231079101563 0.0335941314697266 0.0147361755371094
-0.0248794555664062 -0.0705642700195312 0.0487251281738281 0.0280036926269531
-0.0191879272460937 -0.0724029541015625 0.0528640747070313 0.0402145385742187
-0.025665283203125 -0.0765380859375 0.0431251525878906 0.0542869567871094
-0.00101470947265624 -0.0719375610351563 0.014404296875 0.0712966918945313
0.0306396484375 -0.0761184692382813 -0.0064239501953125 0.0583992004394531
0.0586776733398437 -0.0634307861328125 -0.0208663940429687 0.0278835296630859
0.105178833007813 -0.0126190185546875 -0.00947284698486327 -0.00181198120117187
0.102027893066406 0.0208816528320313 0.0394935607910156 -0.020721435546875
0.0954132080078125 0.0476608276367188 0.11114501953125 0.0283050537109375
0.0288887023925781 0.0391769409179687 0.131278991699219 -0.0406265258789063
0.0441703796386719 0.0293922424316406 0.122245788574219 -0.0422515869140625
0.0560569763183594 0.00439834594726562 0.0737533569335938 -0.0245285034179687
0.0392189025878906 -0.0214881896972656 0.0554313659667969 -0.0113029479980469
0.0293903350830078 -0.0279369354248047 0.0378379821777344 0.0135650634765625
0.0098724365234375 -0.0409812927246094 0.0416755676269531 0.0318679809570313
-0.0048675537109375 -0.0448989868164063 0.0616531372070313 0.0442428588867188
-0.00237274169921875 -0.0474815368652344 0.0600318908691406 0.0567817687988281
-0.005401611328125 -0.054229736328125 0.0476226806640625 0.0764694213867188
0.00896072387695313 -0.0481796264648438 0.00905609130859376 0.0906143188476563
0.03253173828125 -0.0474510192871094 -0.0161209106445313 0.0706863403320313
0.0499229431152344 -0.0333709716796875 -0.0243492126464844 0.036773681640625
0.07574462890625 0.0120010375976562 -0.00712490081787109 0.00922870635986328
0.0630226135253906 0.0407447814941406 0.0532684326171875 -0.0044708251953125
0.0425376892089844 0.0544242858886719 0.12957763671875 0.049774169921875
0.0233688354492188 -0.0466690063476563 -0.135200500488281 -0.0540618896484375
-0.0175895690917969 -0.0315685272216797 -0.0607337951660156 -0.00695800781250001
-0.0325241088867187 -0.0135097503662109 0.0176296234130859 -0.0182914733886719
-0.0287132263183594 0.00959587097167969 0.0401802062988281 -0.04876708984375
-0.0204868316650391 0.0126953125 0.0352554321289062 -0.0808563232421875
-0.0114097595214844 0.0206928253173828 -0.0032806396484375 -0.1070556640625
-0.0136051177978516 0.0194492340087891 -0.0557479858398437 -0.095855712890625
-0.0178127288818359 0.0137786865234375 -0.0638961791992188 -0.0701980590820313
-0.0203208923339844 0.0145111083984375 -0.0644340515136719 -0.0506324768066406
-0.0207862854003906 0.0013885498046875 -0.0511665344238281 -0.0412635803222656
-0.0221672058105469 -0.00831985473632812 -0.0448150634765625 -0.0159225463867188
-0.0207901000976562 -0.0191555023193359 -0.054534912109375 0.00256729125976562
-0.00853347778320312 -0.0351066589355469 -0.074066162109375 0.015106201171875
0.00603485107421874 -0.0450286865234375 -0.114669799804687 0.0417556762695313
0.0296249389648438 -0.0475502014160156 -0.139457702636719 0.028472900390625
0.0819015502929688 -0.0315093994140625 -0.118270874023438 -0.0699310302734375
0.0329647064208984 -0.0230712890625 -0.0490226745605469 -0.0205459594726562
0.0207786560058594 -0.0214595794677734 0.0298404693603516 -0.0253372192382812
0.00739097595214844 -0.0133886337280273 0.0479240417480469 -0.0569038391113281
0.00539398193359375 -0.0192108154296875 0.0426101684570313 -0.084320068359375
-0.00986766815185547 -0.017390251159668 0.00115203857421876 -0.110145568847656
-0.0290393829345703 -0.0154342651367187 -0.0484161376953125 -0.0967254638671875
-0.0339031219482422 -0.0205402374267578 -0.0536346435546875 -0.06805419921875
-0.0448837280273438 -0.0188179016113281 -0.0561408996582031 -0.0484428405761719
-0.0353546142578125 -0.0327911376953125 -0.0453605651855469 -0.0340461730957031
-0.0231361389160156 -0.0497703552246094 -0.03851318359375 -0.0109634399414063
-0.00600051879882813 -0.0605354309082031 -0.0498695373535156 0.00183486938476562
0.0359992980957031 -0.0606155395507812 -0.0628929138183594 0.0112075805664063
0.0554847717285156 -0.0591392517089844 -0.0980758666992188 0.0335922241210937
0.0879058837890625 -0.0449447631835938 -0.116355895996094 0.021881103515625
0.12957763671875 -0.0105438232421875 -0.082763671875 -0.076507568359375
0.083465576171875 -0.00948333740234375 -0.0244197845458984 -0.0271091461181641
0.07855224609375 -0.0284500122070313 0.0473518371582031 -0.0281906127929688
0.04742431640625 -0.03887939453125 0.0561180114746094 -0.0608558654785156
0.0319099426269531 -0.0530128479003906 0.0466156005859375 -0.0816497802734375
-0.00590133666992187 -0.0560340881347656 0.00410461425781249 -0.101638793945313
-0.0408515930175781 -0.0496826171875 -0.035888671875 -0.08544921875
-0.0448417663574219 -0.0529212951660156 -0.034393310546875 -0.0560073852539063
-0.0622177124023438 -0.0487060546875 -0.0378799438476563 -0.0380973815917969
-0.0466880798339844 -0.0610275268554687 -0.0311641693115234 -0.0199356079101562
-0.0243682861328125 -0.0834579467773438 -0.0287837982177734 -0.000370025634765626
0.00504302978515624 -0.0943984985351563 -0.0437698364257813 0.00452804565429687
0.0710296630859375 -0.082244873046875 -0.0520744323730469 0.00615692138671875
0.0949478149414063 -0.0672607421875 -0.0748748779296875 0.01873779296875
0.132987976074219 -0.0372390747070313 -0.076995849609375 0.01483154296875
0.158340454101563 0.0087738037109375 -0.0331878662109375 -0.0738601684570313
0.122825622558594 0.00213623046875 0.0112342834472656 -0.0286235809326172
0.126625061035156 -0.0379562377929687 0.0653800964355469 -0.0276870727539063
0.0798873901367188 -0.06561279296875 0.0625572204589844 -0.0573997497558594
0.0512771606445312 -0.0842971801757813 0.0478477478027344 -0.0686874389648438
-0.0047760009765625 -0.0872421264648438 0.00757598876953125 -0.079132080078125
-0.0475997924804687 -0.0757369995117188 -0.0178070068359375 -0.0606613159179688
-0.0490951538085938 -0.07684326171875 -0.0103225708007813 -0.0355300903320313
-0.069793701171875 -0.071746826171875 -0.0140590667724609 -0.0202598571777344
-0.048736572265625 -0.0805206298828125 -0.0130853652954102 0.000121116638183587
-0.0194625854492188 -0.104934692382813 -0.0160255432128906 0.0129051208496094
0.0164871215820313 -0.11444091796875 -0.0365638732910156 0.00935363769531249
0.0974807739257813 -0.0903854370117188 -0.0416412353515625 0.000476837158203122
0.122268676757812 -0.0637435913085938 -0.04718017578125 -0.000564575195312514
0.158843994140625 -0.021453857421875 -0.0265426635742187 0.00891876220703125
0.161331176757813 0.022979736328125 0.0230941772460938 -0.0660552978515625
0.139862060546875 0.0107574462890625 0.0522193908691406 -0.0305747985839844
0.149627685546875 -0.04254150390625 0.0799102783203125 -0.026580810546875
0.0945892333984375 -0.0817642211914063 0.0660591125488281 -0.0478591918945313
0.058563232421875 -0.100776672363281 0.0472908020019531 -0.0471038818359375
-0.00502777099609375 -0.103263854980469 0.01422119140625 -0.0475120544433594
-0.04852294921875 -0.0889663696289063 0.0054779052734375 -0.0301532745361328
-0.0461883544921875 -0.089599609375 0.0152444839477539 -0.00969696044921876
-0.0650177001953125 -0.08514404296875 0.0113706588745117 0.00226402282714843
-0.0389175415039063 -0.0895309448242188 0.00382614135742187 0.0237808227539062
-0.00555419921875 -0.111557006835938 -0.00573921203613281 0.02801513671875
0.032501220703125 -0.114448547363281 -0.0289897918701172 0.0139217376708984
0.115318298339844 -0.078704833984375 -0.0304927825927734 -0.00446510314941407
0.134971618652344 -0.0448379516601563 -0.0163917541503906 -0.0181102752685547
0.161788940429688 0.0011749267578125 0.0272846221923828 0.0066070556640625
0.137237548828125 0.03216552734375 0.0763092041015625 -0.0566940307617187
0.128860473632813 0.0161209106445313 0.0893173217773438 -0.0343704223632813
0.140609741210938 -0.0382080078125 0.0869293212890625 -0.026611328125
0.088134765625 -0.079437255859375 0.0654449462890625 -0.0347824096679688
0.0536422729492188 -0.0960235595703125 0.0450668334960938 -0.021942138671875
-0.00494384765625 -0.0988693237304688 0.0246124267578125 -0.0128517150878906
-0.0418243408203125 -0.0868301391601563 0.030029296875 0.00156974792480468
-0.03643798828125 -0.0877227783203125 0.0383796691894531 0.0162849426269531
-0.049530029296875 -0.087554931640625 0.0321826934814453 0.028778076171875
-0.021148681640625 -0.0870819091796875 0.0142288208007813 0.0489006042480469
0.014434814453125 -0.101707458496094 -0.001983642578125 0.0439491271972656
0.0499191284179688 -0.0968399047851563 -0.0236988067626953 0.0202598571777344
0.120452880859375 -0.0498580932617188 -0.0191841125488281 -0.00618362426757813
0.129119873046875 -0.0128021240234375 0.0140342712402344 -0.0264530181884766
0.140869140625 0.02606201171875 0.0764083862304688 0.012786865234375
0.0907821655273438 0.0366439819335938 0.115257263183594 -0.0498428344726563
0.093994140625 0.0220489501953125 0.114372253417969 -0.0405807495117188
0.106033325195313 -0.022125244140625 0.0847549438476562 -0.0264663696289062
0.0668678283691406 -0.0581550598144531 0.0616264343261719 -0.0215835571289063
0.0413284301757812 -0.0700950622558594 0.0428848266601563 -9.53674316406293E-05
-0.00113677978515624 -0.0758590698242188 0.0355377197265625 0.0153999328613281
-0.0275650024414062 -0.0703811645507813 0.0514030456542969 0.0277442932128906
-0.021636962890625 -0.073516845703125 0.0553512573242188 0.0399436950683594
-0.0287857055664063 -0.0771484375 0.0454978942871094 0.0552597045898437
-0.00321197509765625 -0.0731201171875 0.0159912109375 0.0735321044921875
0.0293121337890625 -0.0788497924804688 -0.00685882568359375 0.0597190856933594
0.05828857421875 -0.0665779113769531 -0.0222873687744141 0.0280532836914062
0.107749938964844 -0.015167236328125 -0.0106973648071289 -0.00171947479248047
0.105094909667969 0.01959228515625 0.0393333435058594 -0.0219917297363281
0.0998077392578125 0.04644775390625 0.113395690917969 0.028350830078125
0.0312919616699219 0.0397872924804688 0.134994506835938 -0.044189453125
0.0460929870605469 0.0298690795898438 0.123268127441406 -0.0446395874023438
0.0581398010253906 0.002410888671875 0.0756301879882813 -0.02508544921875
0.0394134521484375 -0.0230751037597656 0.056976318359375 -0.011383056640625
0.0290889739990234 -0.03021240234375 0.0400009155273438 0.0139427185058594
0.00806045532226563 -0.0415802001953125 0.0439605712890625 0.0322494506835938
-0.00637054443359375 -0.0445671081542969 0.0645599365234375 0.0441780090332031
-0.00418472290039063 -0.0477638244628906 0.0638236999511719 0.0563392639160156
-0.0073089599609375 -0.0548057556152344 0.0506057739257813 0.077423095703125
0.00815200805664062 -0.0489120483398437 0.010650634765625 0.093292236328125
0.031158447265625 -0.0493736267089844 -0.0168075561523437 0.0722885131835938
0.0499534606933594 -0.0351295471191406 -0.0251617431640625 0.0372543334960938
0.0782241821289063 0.0101547241210938 -0.00813579559326172 0.00899505615234375
0.0659446716308594 0.0405006408691406 0.0532760620117188 -0.00627517700195312
0.0450782775878906 0.0543708801269531 0.133056640625 0.0488510131835937
0.0216178894042969 -0.0486602783203125 -0.141128540039063 -0.0495452880859375
-0.0196189880371094 -0.0316333770751953 -0.0622482299804688 -0.00383758544921875
-0.0341339111328125 -0.0117950439453125 0.0176429748535156 -0.0187721252441406
-0.0286865234375 0.0116653442382813 0.0406608581542969 -0.0509185791015625
-0.0196819305419922 0.0146923065185547 0.0344161987304688 -0.0845947265625
-0.0100765228271484 0.0207881927490234 -0.007171630859375 -0.111351013183594
-0.0123195648193359 0.0192775726318359 -0.0623703002929688 -0.0966796875
-0.0171604156494141 0.0147933959960937 -0.0696678161621094 -0.0692481994628906
-0.0198154449462891 0.0153465270996094 -0.0703887939453125 -0.05010986328125
-0.0208377838134766 0.00155830383300781 -0.0562171936035156 -0.0412673950195313
-0.0223464965820313 -0.00758552551269531 -0.0481796264648437 -0.0160331726074219
-0.0221424102783203 -0.0182533264160156 -0.0565834045410156 0.00414276123046876
-0.0107536315917969 -0.035400390625 -0.0758285522460938 0.0174560546875
0.00400161743164063 -0.0467681884765625 -0.117294311523438 0.0470733642578125
0.0282630920410156 -0.0505447387695313 -0.144561767578125 0.0361175537109375
0.083404541015625 -0.0358657836914063 -0.124664306640625 -0.0666427612304687
0.0335025787353516 -0.0247840881347656 -0.0505905151367188 -0.0168571472167969
0.0212192535400391 -0.0231781005859375 0.0305805206298828 -0.0269508361816406
0.00767803192138672 -0.0136299133300781 0.0479316711425781 -0.0592155456542969
0.00470924377441406 -0.0201148986816406 0.0414657592773438 -0.088714599609375
-0.00964164733886719 -0.018280029296875 -0.0026397705078125 -0.114295959472656
-0.0297374725341797 -0.0156364440917969 -0.0546798706054687 -0.0979690551757813
-0.0357131958007813 -0.0203857421875 -0.0591163635253906 -0.0677223205566406
-0.0463371276855469 -0.0173072814941406 -0.0614852905273438 -0.0475006103515625
-0.0375137329101563 -0.0333786010742188 -0.0497169494628906 -0.0346145629882812
-0.0249481201171875 -0.0498390197753906 -0.0417366027832031 -0.0110931396484375
-0.00838088989257813 -0.0615425109863281 -0.0525856018066406 0.00320816040039061
0.0339088439941406 -0.063720703125 -0.0645904541015625 0.0133743286132812
0.0541839599609375 -0.0624237060546875 -0.10040283203125 0.039093017578125
0.0896377563476563 -0.050750732421875 -0.121360778808594 0.0292510986328125
0.134017944335938 -0.0166702270507813 -0.0886993408203125 -0.0743331909179688
0.086029052734375 -0.0129928588867188 -0.0257740020751953 -0.0242805480957031
0.0802078247070313 -0.0336685180664063 0.0483055114746094 -0.0301017761230469
0.0480308532714844 -0.0420799255371094 0.0569801330566406 -0.0634841918945313
0.0310020446777344 -0.0567741394042969 0.0460662841796875 -0.0861358642578125
-0.00841522216796876 -0.0581626892089844 9.15527343749885E-05 -0.104629516601563
-0.0432014465332031 -0.0499687194824219 -0.0406646728515625 -0.0855941772460938
-0.0490493774414062 -0.0532684326171875 -0.0381278991699219 -0.0564041137695313
-0.0664100646972656 -0.0478363037109375 -0.0419921875 -0.036865234375
-0.0501136779785156 -0.0612831115722656 -0.0347175598144531 -0.0193920135498047
-0.0283126831054687 -0.0852584838867188 -0.0309505462646484 -0.000282287597656258
0.00125122070312501 -0.0976486206054688 -0.0466499328613281 0.00605773925781249
0.0697784423828125 -0.087982177734375 -0.0538101196289063 0.00803756713867188
0.0948562622070313 -0.0730743408203125 -0.0766830444335938 0.0232467651367187
0.136810302734375 -0.0442276000976563 -0.0802459716796875 0.020172119140625
0.1658935546875 0.0019683837890625 -0.03741455078125 -0.0739517211914063
0.128036499023437 -0.00250244140625 0.0103931427001953 -0.0275917053222656
0.129798889160156 -0.0453872680664063 0.0669593811035156 -0.0304756164550781
0.0802154541015625 -0.0707855224609375 0.0638618469238281 -0.0607948303222656
0.0492477416992187 -0.0897598266601563 0.0474929809570312 -0.072845458984375
-0.00807189941406249 -0.090423583984375 0.00523376464843751 -0.0812149047851562
-0.05181884765625 -0.0761566162109375 -0.0205116271972656 -0.0620307922363281
-0.0547866821289063 -0.077789306640625 -0.0121994018554688 -0.0364913940429688
-0.0750961303710938 -0.0713424682617188 -0.0164928436279297 -0.0196456909179688
-0.0529327392578125 -0.0804901123046875 -0.0149812698364258 0.000252723693847652
-0.0248489379882813 -0.107368469238281 -0.0178871154785156 0.0133438110351562
0.011993408203125 -0.118492126464844 -0.0391769409179687 0.0101318359375
0.097625732421875 -0.0979766845703125 -0.0431747436523437 0.00198745727539062
0.123680114746094 -0.0708541870117188 -0.0493659973144531 0.00202560424804686
0.16461181640625 -0.029876708984375 -0.0286293029785156 0.0117263793945312
0.16912841796875 0.0170440673828125 0.0218887329101563 -0.0679206848144531
0.145965576171875 0.0052490234375 0.0520133972167969 -0.0307769775390625
0.153610229492188 -0.052093505859375 0.0820770263671875 -0.0301055908203125
0.09405517578125 -0.0886917114257813 0.0672340393066406 -0.0505180358886719
0.0557174682617187 -0.108001708984375 0.0477867126464844 -0.0499267578125
-0.00944519042968751 -0.106491088867187 0.0135383605957031 -0.048370361328125
-0.0535964965820313 -0.08929443359375 0.00502586364746093 -0.031097412109375
-0.052459716796875 -0.0909957885742188 0.0155448913574219 -0.0112104415893555
-0.0709457397460938 -0.0851821899414062 0.0111360549926758 0.00258445739746093
-0.04376220703125 -0.09063720703125 0.00401878356933594 0.0243377685546875
-0.0105819702148438 -0.114707946777344 -0.00657844543457031 0.0282707214355469
0.0283889770507813 -0.12066650390625 -0.0309333801269531 0.015289306640625
0.116600036621094 -0.086944580078125 -0.0319862365722656 -0.00367164611816406
0.137687683105469 -0.0513076782226563 -0.0185012817382812 -0.0174064636230469
0.169036865234375 -0.0064239501953125 0.0272922515869141 0.00744056701660156
0.145034790039063 0.0272064208984375 0.0767898559570313 -0.0613937377929688
0.134323120117188 0.0115432739257813 0.0905075073242188 -0.0364532470703125
0.144134521484375 -0.0469818115234375 0.0893783569335938 -0.030303955078125
0.087738037109375 -0.08612060546875 0.0667076110839844 -0.0372581481933594
0.050872802734375 -0.102325439453125 0.046661376953125 -0.0239143371582031
-0.00949096679687501 -0.101394653320313 0.0254135131835938 -0.0128688812255859
-0.0467300415039063 -0.0865478515625 0.0315742492675781 0.000383377075195307
-0.042633056640625 -0.0890579223632813 0.0406723022460938 0.014984130859375
-0.0554428100585937 -0.0880355834960938 0.0341262817382813 0.02874755859375
-0.0248641967773438 -0.0886459350585938 0.0162506103515625 0.0500068664550781
0.00994873046875001 -0.105461120605469 -0.00223541259765625 0.0449905395507812
0.04754638671875 -0.102706909179687 -0.0252532958984375 0.02099609375
0.123016357421875 -0.0571517944335938 -0.0205364227294922 -0.00628089904785156
0.133552551269531 -0.0190811157226563 0.012542724609375 -0.0278682708740234
0.148269653320313 0.0206146240234375 0.07855224609375 0.01123046875
0.0963821411132812 0.0336685180664062 0.118019104003906 -0.05572509765625
0.0986480712890625 0.0191192626953125 0.116661071777344 -0.04473876953125
0.109474182128906 -0.0281524658203125 0.0868911743164062 -0.0302200317382813
0.0664291381835937 -0.0630035400390625 0.0635566711425781 -0.0240287780761719
0.0396652221679688 -0.0750656127929688 0.0449943542480469 -0.00128936767578125
-0.00498199462890626 -0.0782089233398438 0.0384712219238281 0.015960693359375
-0.03179931640625 -0.0704879760742188 0.0549888610839844 0.0263862609863281
-0.0264816284179687 -0.074310302734375 0.0592536926269531 0.0378646850585938
-0.03387451171875 -0.0778045654296875 0.0495071411132812 0.0554962158203125
-0.00611114501953125 -0.0747222900390625 0.019561767578125 0.0755081176757813
0.0259246826171875 -0.0822601318359375 -0.00645828247070312 0.062103271484375
0.0566787719726563 -0.0715789794921875 -0.0233345031738281 0.0295200347900391
0.112045288085937 -0.021392822265625 -0.0119800567626953 -0.00122165679931641
0.109931945800781 0.0156402587890625 0.0385704040527344 -0.0244598388671875
0.106895446777344 0.0431289672851563 0.118118286132813 0.0253372192382813
0.0345344543457031 0.0390892028808594 0.138877868652344 -0.0515823364257812
0.0497398376464844 0.0288352966308594 0.125839233398438 -0.0501480102539063
0.0609207153320313 -0.00098419189453125 0.077423095703125 -0.0285263061523438
0.0391693115234375 -0.02606201171875 0.0585975646972656 -0.0133399963378906
0.0285148620605469 -0.0328426361083984 0.0427970886230469 0.0139884948730469
0.0067596435546875 -0.0427932739257812 0.0482521057128906 0.0331153869628906
-0.00888061523437499 -0.0443992614746094 0.070220947265625 0.0425872802734375
-0.00656890869140625 -0.0485000610351563 0.0685806274414063 0.05474853515625
-0.0107841491699219 -0.0558738708496094 0.055572509765625 0.0780792236328125
0.0060272216796875 -0.05023193359375 0.014739990234375 0.0964736938476563
0.02935791015625 -0.0523033142089844 -0.0153427124023437 0.075164794921875
0.0500640869140625 -0.0387496948242188 -0.0262222290039063 0.0388526916503906
0.082122802734375 0.00673675537109375 -0.00914955139160156 0.00860786437988281
0.0697517395019531 0.0388565063476563 0.0541572570800781 -0.00928115844726562
0.0492324829101563 0.0544624328613281 0.138778686523437 0.0456085205078125
0.0191764831542969 -0.0513343811035156 -0.146835327148438 -0.0419769287109375
-0.0221080780029297 -0.0306739807128906 -0.0618896484375 0.00112152099609374
-0.0358657836914063 -0.00966262817382813 0.0175304412841797 -0.0185298919677734
-0.0272979736328125 0.0141925811767578 0.0390510559082031 -0.0537338256835938
-0.0184059143066406 0.0167427062988281 0.0302810668945312 -0.088714599609375
-0.00772476196289063 0.0210037231445313 -0.0138626098632812 -0.1141357421875
-0.0108547210693359 0.019287109375 -0.06982421875 -0.0943069458007813
-0.0165891647338867 0.015411376953125 -0.0765380859375 -0.0656204223632813
-0.0190296173095703 0.0165958404541016 -0.076629638671875 -0.0454025268554688
-0.0208892822265625 0.00214767456054688 -0.0623435974121094 -0.0389137268066406
-0.0222339630126953 -0.0063018798828125 -0.0517463684082031 -0.0135917663574219
-0.0240478515625 -0.0165596008300781 -0.0584793090820313 0.00672149658203125
-0.0138759613037109 -0.0347499847412109 -0.0762252807617188 0.0212249755859375
0.000831604003906253 -0.0475959777832031 -0.116943359375 0.0554046630859375
0.0250205993652344 -0.0528564453125 -0.147354125976563 0.047515869140625
0.0829391479492188 -0.0422286987304688 -0.130996704101563 -0.0591049194335938
0.0327911376953125 -0.0275688171386719 -0.0516204833984375 -0.0123443603515625
0.0199565887451172 -0.0254383087158203 0.0302543640136719 -0.0280570983886719
0.00726127624511719 -0.0139455795288086 0.0462417602539063 -0.06256103515625
0.00410842895507812 -0.0202808380126953 0.03790283203125 -0.0929489135742188
-0.0103874206542969 -0.018524169921875 -0.00934600830078125 -0.117256164550781
-0.0310726165771484 -0.0147533416748047 -0.0620651245117188 -0.0958251953125
-0.0375404357910156 -0.019073486328125 -0.0652389526367188 -0.0650100708007812
-0.0481986999511719 -0.0151023864746094 -0.0675163269042969 -0.0435066223144531
-0.0397224426269531 -0.0317230224609375 -0.0545692443847656 -0.0319862365722656
-0.0281562805175781 -0.04949951171875 -0.0448341369628906 -0.00920486450195313
-0.0122299194335938 -0.0621871948242188 -0.0545730590820313 0.00576400756835936
0.0306282043457031 -0.0669136047363281 -0.0655975341796875 0.0163230895996094
0.0509376525878906 -0.0665321350097656 -0.100410461425781 0.046417236328125
0.0883331298828125 -0.0572433471679687 -0.123870849609375 0.039398193359375
0.136672973632812 -0.0257720947265625 -0.095367431640625 -0.069305419921875
0.0880661010742188 -0.0183486938476563 -0.0274028778076172 -0.0204715728759766
0.0801849365234375 -0.0404205322265625 0.0481414794921875 -0.0326957702636719
0.0464591979980469 -0.0458030700683594 0.0551109313964844 -0.0670127868652344
0.0276947021484375 -0.0604591369628906 0.0427017211914063 -0.0901260375976563
-0.011383056640625 -0.0593376159667969 -0.0057220458984375 -0.106910705566406
-0.0472297668457031 -0.0485076904296875 -0.0467681884765625 -0.0849533081054687
-0.0536956787109375 -0.0517349243164063 -0.0435142517089844 -0.0548133850097656
-0.0710372924804687 -0.0441131591796875 -0.0468597412109375 -0.0342025756835937
-0.0544967651367188 -0.0601387023925781 -0.0384140014648438 -0.0176734924316406
-0.0335693359375 -0.0850372314453125 -0.0334033966064453 0.001007080078125
-0.00521850585937499 -0.099639892578125 -0.0491523742675781 0.00860595703124999
0.0655059814453125 -0.0940933227539063 -0.0548019409179687 0.010589599609375
0.0920562744140625 -0.079864501953125 -0.0776519775390625 0.028717041015625
0.137702941894531 -0.0544662475585937 -0.082061767578125 0.027679443359375
0.170196533203125 -0.008514404296875 -0.0422515869140625 -0.0714035034179688
0.131568908691406 -0.0106124877929688 0.00937080383300782 -0.0259170532226563
0.130035400390625 -0.0558853149414063 0.0672836303710938 -0.0344657897949219
0.0772552490234375 -0.0779037475585938 0.0627632141113281 -0.0646705627441406
0.0445556640625 -0.0957183837890625 0.0455856323242187 -0.0765457153320312
-0.0138626098632812 -0.0925445556640625 0.0011138916015625 -0.082794189453125
-0.0576553344726563 -0.0745773315429688 -0.0243301391601563 -0.061767578125
-0.0613479614257813 -0.0762710571289063 -0.0152397155761719 -0.0363082885742188
-0.0814895629882813 -0.0670089721679688 -0.0187416076660156 -0.0181026458740234
-0.0586013793945313 -0.0799026489257813 -0.0166969299316406 0.00177001953124999
-0.0316925048828125 -0.108139038085938 -0.0193519592285156 0.0137748718261719
0.0042572021484375 -0.121910095214844 -0.0408897399902344 0.0125579833984375
0.0934982299804688 -0.10699462890625 -0.0442924499511719 0.00413894653320312
0.12139892578125 -0.0795974731445313 -0.0507278442382812 0.00581359863281249
0.168197631835938 -0.0415802001953125 -0.0295696258544922 0.0156269073486328
0.1759033203125 0.005828857421875 0.0184135437011719 -0.0696945190429688
0.150161743164062 -0.0033111572265625 0.0518913269042969 -0.0319557189941406
0.153335571289063 -0.064056396484375 0.08197021484375 -0.03515625
0.090576171875 -0.0967178344726562 0.0666618347167969 -0.0545463562011719
0.0493240356445313 -0.114677429199219 0.046783447265625 -0.0536537170410156
-0.0168533325195312 -0.108299255371094 0.0119285583496094 -0.0490226745605469
-0.0608978271484375 -0.08770751953125 0.0032501220703125 -0.0315952301025391
-0.0601348876953125 -0.0892791748046875 0.0150318145751953 -0.0130062103271484
-0.0784072875976563 -0.0819168090820313 0.0110139846801758 0.00299072265625
-0.04986572265625 -0.0900955200195313 0.00475120544433593 0.0246849060058594
-0.0185089111328125 -0.11639404296875 -0.00677680969238281 0.0290012359619141
0.0212860107421875 -0.125312805175781 -0.0323696136474609 0.0172748565673828
0.114006042480469 -0.0971908569335938 -0.0332889556884766 -0.00210380554199219
0.137397766113281 -0.061126708984375 -0.0202445983886719 -0.0162906646728516
0.173965454101563 -0.0179443359375 0.0274639129638672 0.00714683532714844
0.150924682617187 0.0180816650390625 0.0757293701171875 -0.0668716430664062
0.139152526855469 0.00392913818359375 0.0905990600585938 -0.0411224365234375
0.144927978515625 -0.0577239990234375 0.089141845703125 -0.0359878540039063
0.0842208862304688 -0.093780517578125 0.0675086975097656 -0.0412940979003906
0.0445098876953125 -0.108650207519531 0.0473442077636719 -0.0266876220703125
-0.0166549682617188 -0.103614807128906 0.0268974304199219 -0.0135746002197266
-0.0534515380859375 -0.0852508544921875 0.0332374572753906 -0.000976562500000005
-0.0501251220703125 -0.0883331298828125 0.0427131652832031 0.0114974975585937
-0.0634613037109375 -0.0855026245117187 0.0369606018066406 0.0275192260742187
-0.031494140625 -0.0891876220703125 0.01953125 0.0505790710449219
0.00294494628906249 -0.108200073242187 -0.00092697143554687 0.0460700988769531
0.04119873046875 -0.108413696289063 -0.0255527496337891 0.0235195159912109
0.12261962890625 -0.0677719116210937 -0.0222568511962891 -0.00510025024414063
0.13580322265625 -0.0270614624023438 0.0105171203613281 -0.0291271209716797
0.154647827148438 0.010986328125 0.0799179077148438 0.00785064697265625
0.102195739746094 0.028106689453125 0.117782592773438 -0.0642929077148438
0.102935791015625 0.0136184692382812 0.116401672363281 -0.0509719848632813
0.109771728515625 -0.0367279052734375 0.0869674682617187 -0.0358505249023438
0.0637741088867188 -0.0684165954589844 0.0638885498046875 -0.0275115966796875
0.034515380859375 -0.0795135498046875 0.0474967956542969 -0.003448486328125
-0.010009765625 -0.0792465209960938 0.0418930053710938 0.0151901245117187
-0.0367851257324219 -0.0692100524902344 0.0588836669921875 0.0232009887695312
-0.0324935913085938 -0.0737991333007813 0.0631523132324219 0.0341720581054688
-0.039947509765625 -0.07684326171875 0.0543899536132813 0.0540084838867187
-0.01080322265625 -0.0756378173828125 0.0239944458007812 0.076873779296875
0.02081298828125 -0.0852813720703125 -0.00379562377929687 0.0636558532714844
0.0532608032226562 -0.0777511596679687 -0.0237445831298828 0.0310134887695312
0.113693237304688 -0.0295639038085938 -0.013056755065918 -0.00140666961669922
0.113540649414063 0.00969696044921875 0.0372047424316406 -0.0277671813964844
0.112648010253906 0.037384033203125 0.121269226074219 0.01898193359375
0.0386962890625 0.0373153686523438 0.13995361328125 -0.0617904663085938
0.0528526306152344 0.0263252258300781 0.125190734863281 -0.0588760375976563
0.0627326965332031 -0.00537872314453125 0.0775299072265625 -0.0328598022460938
0.0382118225097656 -0.0295448303222656 0.0596237182617188 -0.0162086486816406
0.0260696411132813 -0.0361328125 0.0456771850585938 0.0117034912109375
0.00322341918945313 -0.0443267822265625 0.0526084899902344 0.0315971374511719
-0.0122871398925781 -0.0441169738769531 0.0755233764648438 0.03839111328125
-0.0107955932617188 -0.0486068725585938 0.0740509033203125 0.0504837036132813
-0.0151138305664062 -0.0555419921875 0.062347412109375 0.0764007568359375
0.00248336791992188 -0.051971435546875 0.0209884643554687 0.0986785888671875
0.0261001586914063 -0.0546493530273438 -0.0124359130859375 0.0780258178710938
0.0488128662109375 -0.0433197021484375 -0.0254669189453125 0.04083251953125
0.0843124389648438 0.00095367431640625 -0.00908374786376953 0.00906848907470703
0.0742721557617188 0.0355453491210938 0.0535659790039063 -0.0131988525390625
0.0543327331542969 0.0521621704101563 0.144393920898438 0.0380401611328125
0.0149917602539063 -0.0524520874023437 -0.14794921875 -0.0319976806640625
-0.0233612060546875 -0.0290946960449219 -0.06072998046875 0.00585556030273438
-0.0363121032714844 -0.00703430175781249 0.0168952941894531 -0.0188789367675781
-0.0264492034912109 0.0164031982421875 0.0360107421875 -0.0547409057617188
-0.0160865783691406 0.0179290771484375 0.0257339477539062 -0.0892791748046875
-0.00579452514648437 0.0208396911621094 -0.0204391479492187 -0.113395690917969
-0.00938606262207031 0.0186424255371094 -0.0759048461914063 -0.0889968872070313
-0.0156307220458984 0.0162315368652344 -0.0811614990234375 -0.0591812133789063
-0.017333984375 0.0174360275268555 -0.080474853515625 -0.039459228515625
-0.0196609497070313 0.002960205078125 -0.0661430358886719 -0.0348434448242188
-0.0217342376708984 -0.005462646484375 -0.0531501770019531 -0.0111579895019531
-0.024627685546875 -0.01416015625 -0.0586090087890625 0.00987243652343749
-0.0163288116455078 -0.0330619812011719 -0.0748214721679688 0.0246505737304687
-0.00260543823242187 -0.0469474792480469 -0.113075256347656 0.0626220703125
0.0216140747070312 -0.0545463562011719 -0.144683837890625 0.05810546875
0.0795440673828125 -0.04736328125 -0.133636474609375 -0.04962158203125
0.0314044952392578 -0.0291614532470703 -0.0510787963867187 -0.00761413574218751
0.0182971954345703 -0.0267868041992188 0.028411865234375 -0.0291919708251953
0.00684165954589844 -0.0144252777099609 0.0432815551757812 -0.0639305114746094
0.0031280517578125 -0.0209865570068359 0.0329437255859375 -0.0941619873046875
-0.0113582611083984 -0.0188865661621094 -0.0161056518554688 -0.116058349609375
-0.0316200256347656 -0.0138912200927734 -0.0682449340820313 -0.0912704467773438
-0.0387916564941406 -0.0170936584472656 -0.0696754455566406 -0.0595283508300781
-0.0483741760253906 -0.0117874145507813 -0.0712661743164063 -0.0376510620117188
-0.0411148071289063 -0.0295257568359375 -0.0584220886230469 -0.0283584594726562
-0.0302543640136719 -0.0476417541503906 -0.0468864440917969 -0.00667572021484375
-0.0163116455078125 -0.0604820251464844 -0.0549964904785156 0.00902557373046874
0.0260353088378906 -0.0682830810546875 -0.0641136169433594 0.0195960998535156
0.0462684631347656 -0.0691146850585938 -0.0972747802734375 0.0528717041015625
0.0848388671875 -0.063201904296875 -0.122085571289062 0.0493850708007812
0.13470458984375 -0.0354690551757813 -0.098541259765625 -0.061309814453125
0.0871353149414062 -0.0236587524414062 -0.0272941589355469 -0.0166301727294922
0.077117919921875 -0.0463638305664063 0.0462150573730469 -0.0350532531738281
0.0440254211425781 -0.0484542846679687 0.0514678955078125 -0.0693130493164063
0.0239334106445313 -0.0626640319824219 0.037567138671875 -0.0917816162109375
-0.0152435302734375 -0.0586814880371094 -0.0118789672851563 -0.105705261230469
-0.0499763488769531 -0.0459823608398438 -0.0527191162109375 -0.08111572265625
-0.0569610595703125 -0.0481834411621094 -0.04730224609375 -0.0510025024414063
-0.0735931396484375 -0.0388641357421875 -0.0502662658691406 -0.0299835205078125
-0.0572357177734375 -0.0565528869628906 -0.0406341552734375 -0.0152778625488281
-0.0382614135742187 -0.0822906494140625 -0.0349197387695313 0.00270652770996094
-0.0122909545898437 -0.0982437133789063 -0.0493316650390625 0.0114860534667969
0.0596084594726563 -0.0979843139648438 -0.0539436340332031 0.0134544372558594
0.0864105224609375 -0.0852279663085937 -0.075775146484375 0.0346298217773438
0.134780883789063 -0.06463623046875 -0.08135986328125 0.0351104736328125
0.169464111328125 -0.0210418701171875 -0.0462760925292969 -0.0670967102050781
0.130912780761719 -0.0184326171875 0.00863265991210938 -0.0234661102294922
0.125762939453125 -0.065887451171875 0.064697265625 -0.0375175476074219
0.072021484375 -0.082611083984375 0.0591621398925781 -0.066558837890625
0.03729248046875 -0.09893798828125 0.0415267944335938 -0.0785293579101563
-0.019744873046875 -0.0913543701171875 -0.0035247802734375 -0.0816802978515625
-0.0619659423828125 -0.070953369140625 -0.0283737182617187 -0.0595245361328125
-0.067108154296875 -0.0721511840820313 -0.0179977416992188 -0.0352096557617188
-0.086456298828125 -0.0611419677734375 -0.0210895538330078 -0.0161876678466797
-0.0632171630859375 -0.0755157470703125 -0.0178413391113281 0.0027179718017578
-0.038787841796875 -0.105148315429688 -0.0195846557617188 0.0147914886474609
-0.00457763671875001 -0.121604919433594 -0.0411224365234375 0.01470947265625
0.0860977172851562 -0.112876892089844 -0.0440902709960937 0.00585556030273437
0.116058349609375 -0.0874176025390625 -0.0498771667480469 0.00942230224609375
0.16595458984375 -0.0535888671875 -0.0292301177978515 0.0192775726318359
0.175689697265625 -0.00616455078125 0.014404296875 -0.0694236755371094
0.1502685546875 -0.0131683349609375 0.0502243041992188 -0.0324478149414063
0.1484375 -0.0751953125 0.0793609619140625 -0.0396804809570313
0.0839767456054687 -0.102020263671875 0.0638389587402344 -0.05718994140625
0.0410842895507812 -0.117904663085938 0.0448417663574219 -0.0556373596191406
-0.0241317749023438 -0.10699462890625 0.00994110107421875 -0.0481414794921875
-0.0657882690429688 -0.0831375122070312 0.0020294189453125 -0.0316295623779297
-0.06658935546875 -0.08502197265625 0.0139875411987305 -0.014317512512207
-0.0844345092773437 -0.0755767822265625 0.010920524597168 0.00263595581054687
-0.0550003051757812 -0.0867996215820313 0.00529289245605468 0.0246353149414062
-0.0258331298828125 -0.1143798828125 -0.00668144226074219 0.0287570953369141
0.0118255615234375 -0.126235961914063 -0.0328884124755859 0.0188922882080078
0.107826232910156 -0.105415344238281 -0.03326416015625 -0.000675201416015632
0.132972717285156 -0.0697021484375 -0.0218887329101562 -0.0145912170410156
0.173553466796875 -0.030731201171875 0.0274448394775391 0.0069122314453125
0.152206420898438 0.006805419921875 0.071502685546875 -0.0703506469726563
0.139450073242187 -0.00514984130859375 0.0880203247070313 -0.0441131591796875
0.140426635742188 -0.0684280395507813 0.0862808227539063 -0.0401458740234375
0.0775146484375 -0.0987091064453125 0.0650367736816406 -0.0438728332519531
0.0362319946289063 -0.11175537109375 0.0468330383300781 -0.0290069580078125
-0.023345947265625 -0.101753234863281 0.0275382995605469 -0.0139598846435547
-0.0586318969726563 -0.0805511474609375 0.0336647033691406 -0.00351715087890625
-0.0562973022460937 -0.084686279296875 0.0431365966796875 0.00786209106445312
-0.0690078735351563 -0.0805130004882813 0.0381011962890625 0.0252647399902344
-0.0368804931640625 -0.0866546630859375 0.0223388671875 0.0491981506347656
-0.00457000732421876 -0.107597351074219 0.000751495361328126 0.0459938049316406
0.033203125 -0.110557556152344 -0.0262928009033203 0.0238800048828125
0.11846923828125 -0.0763092041015625 -0.0223712921142578 -0.00443649291992188
0.133567810058594 -0.03594970703125 0.00771141052246095 -0.0296440124511719
0.156005859375 0.000152587890625 0.0798416137695313 0.00344085693359375
0.104255676269531 0.0204315185546875 0.114341735839844 -0.0716934204101563
0.103874206542969 0.00705718994140625 0.1124267578125 -0.0564804077148438
0.107528686523438 -0.0446014404296875 0.0839691162109375 -0.0404052734375
0.0591049194335938 -0.0723724365234375 0.0627593994140625 -0.0303993225097656
0.0291213989257813 -0.0819473266601563 0.0478935241699219 -0.00562286376953126
-0.0156784057617187 -0.0780258178710938 0.0438499450683594 0.0133247375488281
-0.0413169860839844 -0.0654182434082031 0.0609550476074219 0.0186653137207031
-0.0377578735351563 -0.0708847045898438 0.0650825500488281 0.0283317565917969
-0.045654296875 -0.0727081298828125 0.0580558776855469 0.0495262145996094
-0.0156021118164062 -0.0746994018554688 0.0293426513671875 0.0751190185546875
0.0150299072265625 -0.085845947265625 -0.0014495849609375 0.063232421875
0.047332763671875 -0.0807113647460937 -0.0229148864746094 0.0318889617919922
0.111740112304688 -0.0380020141601563 -0.0132570266723633 -0.000764846801757814
0.113983154296875 0.00200653076171875 0.0341968536376953 -0.0296955108642578
0.115470886230469 0.0291366577148438 0.121337890625 0.0117340087890625
0.0414695739746094 0.0344772338867188 0.136154174804687 -0.0707015991210938
0.0546340942382813 0.0228157043457031 0.12091064453125 -0.0649795532226563
0.0624809265136719 -0.00970458984375 0.075225830078125 -0.0369873046875
0.0359344482421875 -0.0314216613769531 0.0589218139648437 -0.0190963745117188
0.0232620239257813 -0.0378227233886719 0.0474739074707031 0.0097808837890625
-0.000251770019531253 -0.0438880920410156 0.0559959411621094 0.029327392578125
-0.0153846740722656 -0.042388916015625 0.0783157348632813 0.0330581665039063
-0.0141372680664062 -0.0471458435058594 0.0772323608398438 0.0445938110351563
-0.0195274353027344 -0.0533409118652344 0.06793212890625 0.0714187622070313
-0.000614166259765626 -0.050811767578125 0.0275421142578125 0.0969390869140625
0.0219917297363281 -0.0553207397460938 -0.00891113281249999 0.0784759521484375
0.0450439453125 -0.0463829040527344 -0.0240211486816406 0.0415000915527344
0.0849456787109375 -0.0054168701171875 -0.00908946990966797 0.00888633728027344
0.0763397216796875 0.0304794311523438 0.0515060424804688 -0.0173263549804688
0.0579338073730469 0.0481109619140625 0.145263671875 0.028594970703125
0.0121650695800781 -0.0512733459472656 -0.145889282226563 -0.02490234375
-0.0240268707275391 -0.0275535583496094 -0.0579376220703125 0.00856781005859374
-0.0357666015625 -0.00531768798828126 0.0160045623779297 -0.0182838439941406
-0.0244770050048828 0.0176029205322266 0.0343780517578125 -0.054412841796875
-0.0145645141601563 0.01849365234375 0.0232925415039063 -0.088409423828125
-0.00419235229492188 0.0197505950927734 -0.0245742797851562 -0.11126708984375
-0.00815200805664063 0.0176620483398438 -0.078643798828125 -0.083770751953125
-0.0143222808837891 0.015965461730957 -0.0822296142578125 -0.0540008544921875
-0.0163097381591797 0.0171947479248047 -0.0818634033203125 -0.0344467163085937
-0.0193443298339844 0.00313949584960937 -0.0680732727050781 -0.0314407348632812
-0.0207881927490234 -0.00433349609375 -0.0539665222167969 -0.00905609130859375
-0.0242862701416016 -0.0124759674072266 -0.0578384399414062 0.0113792419433594
-0.0177726745605469 -0.0312786102294922 -0.0730514526367188 0.0261154174804688
-0.00442123413085937 -0.0451240539550781 -0.108451843261719 0.0660934448242187
0.0188217163085938 -0.0547294616699219 -0.140373229980469 0.0646514892578125
0.0761489868164062 -0.0499420166015625 -0.1324462890625 -0.04217529296875
0.0299587249755859 -0.0298862457275391 -0.0490951538085937 -0.00429916381835937
0.0169448852539063 -0.0275707244873047 0.0273876190185547 -0.0283660888671875
0.00667762756347656 -0.0139646530151367 0.0411300659179688 -0.0633125305175781
0.00257682800292969 -0.0203647613525391 0.029327392578125 -0.093505859375
-0.0115127563476563 -0.0182476043701172 -0.020538330078125 -0.113471984863281
-0.0318698883056641 -0.012786865234375 -0.0712356567382813 -0.0859527587890625
-0.0393257141113281 -0.0152511596679688 -0.0715560913085938 -0.054443359375
-0.047943115234375 -0.00956344604492187 -0.072845458984375 -0.0329437255859375
-0.0414886474609375 -0.0276908874511719 -0.0601844787597656 -0.0254173278808594
-0.0310745239257812 -0.0456962585449219 -0.0474891662597656 -0.00541305541992188
-0.0183563232421875 -0.05810546875 -0.0546531677246094 0.0101661682128906
0.0223007202148438 -0.0677528381347656 -0.0623855590820313 0.020538330078125
0.0421524047851563 -0.069091796875 -0.0934600830078125 0.05615234375
0.0804367065429688 -0.0661544799804688 -0.118309020996094 0.0552520751953125
0.130821228027344 -0.0407333374023438 -0.0986785888671875 -0.0548782348632813
0.085235595703125 -0.0272064208984375 -0.0269374847412109 -0.0130481719970703
0.0739593505859375 -0.0492095947265625 0.0437164306640625 -0.0351409912109375
0.0410232543945313 -0.0493736267089844 0.0489578247070312 -0.0682563781738281
0.0206413269042969 -0.0624809265136719 0.0343856811523437 -0.09136962890625
-0.0172157287597656 -0.0573539733886719 -0.014984130859375 -0.103042602539063
-0.0511665344238281 -0.0431556701660156 -0.0550308227539063 -0.0767974853515625
-0.0590324401855469 -0.0451202392578125 -0.0492744445800781 -0.0474739074707031
-0.0736160278320312 -0.034637451171875 -0.0508918762207031 -0.0261383056640625
-0.0585517883300781 -0.0531044006347656 -0.0424880981445313 -0.0127601623535156
-0.0405197143554688 -0.0790176391601563 -0.0355148315429688 0.00356674194335938
-0.0161666870117188 -0.0951614379882812 -0.0493049621582031 0.0126876831054688
0.0544586181640625 -0.099395751953125 -0.0530738830566406 0.0139083862304687
0.0809478759765625 -0.0868682861328125 -0.0729141235351563 0.0375289916992187
0.129989624023438 -0.0695571899414062 -0.0789794921875 0.0397796630859375
0.1656494140625 -0.028167724609375 -0.04742431640625 -0.0625
0.128730773925781 -0.0234375 0.0086498260498047 -0.0216045379638672
0.120246887207031 -0.0710296630859375 0.0616264343261719 -0.03857421875
0.0675125122070313 -0.0840682983398438 0.0569839477539063 -0.0666160583496094
0.0316009521484375 -0.098907470703125 0.0387344360351562 -0.078338623046875
-0.0230865478515625 -0.0886993408203125 -0.005218505859375 -0.0794296264648438
-0.0643882751464844 -0.0668754577636719 -0.0300216674804688 -0.0563468933105469
-0.0700607299804687 -0.0679740905761719 -0.0198230743408203 -0.033477783203125
-0.08746337890625 -0.0554580688476563 -0.0215969085693359 -0.0144634246826172
-0.0649337768554688 -0.0717849731445313 -0.0190029144287109 0.00369644165039062
-0.0420761108398437 -0.101577758789063 -0.0211334228515625 0.0151004791259766
-0.00980377197265624 -0.119132995605469 -0.0411834716796875 0.0164146423339844
0.0799636840820313 -0.115325927734375 -0.0430335998535156 0.00633621215820311
0.109909057617188 -0.089996337890625 -0.0489158630371094 0.0116806030273437
0.161376953125 -0.06060791015625 -0.0285129547119141 0.022125244140625
0.1728515625 -0.0152435302734375 0.0117988586425781 -0.067352294921875
0.146926879882813 -0.0187835693359375 0.0488548278808594 -0.0312156677246094
0.14276123046875 -0.0814361572265625 0.0757064819335938 -0.04034423828125
0.0785751342773437 -0.103767395019531 0.0616226196289063 -0.05755615234375
0.0341644287109375 -0.118179321289063 0.0426864624023438 -0.0553779602050781
-0.0283737182617188 -0.103675842285156 0.0094146728515625 -0.047119140625
-0.0681991577148438 -0.0780487060546875 0.000810623168945309 -0.0305538177490234
-0.0703811645507812 -0.0808029174804688 0.0124568939208984 -0.0148391723632813
-0.0863265991210938 -0.0692214965820313 0.00988578796386718 0.00275516510009765
-0.0576324462890625 -0.0823440551757813 0.00522613525390625 0.0240707397460938
-0.0309982299804687 -0.11083984375 -0.00705337524414063 0.02850341796875
0.00565338134765625 -0.124298095703125 -0.0327682495117188 0.0195522308349609
0.101676940917969 -0.109283447265625 -0.0330162048339844 -0.000726699829101563
0.127517700195313 -0.0738677978515625 -0.0227031707763672 -0.0130882263183594
0.17010498046875 -0.03887939453125 0.026336669921875 0.0069122314453125
0.150115966796875 -0.000579833984375 0.0681381225585938 -0.071563720703125
0.137153625488281 -0.009979248046875 0.0853805541992188 -0.0445785522460938
0.134490966796875 -0.0737152099609375 0.082550048828125 -0.0419387817382813
0.0718612670898438 -0.100608825683594 0.0628776550292969 -0.0447158813476563
0.0302047729492188 -0.111724853515625 0.0457229614257812 -0.0297660827636719
-0.0278244018554687 -0.0986328125 0.0282840728759766 -0.0142269134521484
-0.0614471435546875 -0.076141357421875 0.0337886810302734 -0.00518226623535157
-0.0598068237304688 -0.0804290771484375 0.0425262451171875 0.00564956665039062
-0.0722503662109375 -0.0745620727539063 0.0385284423828125 0.0226936340332031
-0.0399703979492187 -0.0833892822265625 0.023162841796875 0.0480537414550781
-0.00917053222656251 -0.104728698730469 0.00058746337890625 0.0448760986328125
0.0269241333007812 -0.109901428222656 -0.0254535675048828 0.0241127014160156
0.113372802734375 -0.0817031860351563 -0.0224514007568359 -0.00420188903808594
0.129730224609375 -0.0413131713867188 0.00564193725585939 -0.0291233062744141
0.15423583984375 -0.0079803466796875 0.0778656005859375 0.000946044921874999
0.103790283203125 0.0145416259765625 0.109947204589844 -0.0750350952148438
0.102409362792969 0.002899169921875 0.108879089355469 -0.0584259033203125
0.103736877441406 -0.0489273071289063 0.0804901123046875 -0.04119873046875
0.0546188354492188 -0.0734100341796875 0.0613479614257813 -0.0313682556152344
0.0244293212890625 -0.0822601318359375 0.0477523803710938 -0.00692749023437501
-0.0194473266601563 -0.0756378173828125 0.0455284118652344 0.0120773315429687
-0.0431709289550781 -0.0620155334472656 0.0614509582519531 0.015472412109375
-0.0411758422851563 -0.0673751831054688 0.0651359558105469 0.0247154235839844
-0.0484390258789063 -0.0687332153320313 0.0588760375976563 0.0456504821777344
-0.0184478759765625 -0.0724868774414063 0.0318222045898438 0.0729751586914063
0.0104522705078125 -0.0845794677734375 -0.000110626220703121 0.0625648498535156
0.042449951171875 -0.0813674926757813 -0.0225601196289063 0.0318069458007812
0.108802795410156 -0.0432662963867188 -0.0132617950439453 -0.00169467926025391
0.11236572265625 -0.00321197509765625 0.0315456390380859 -0.0307788848876953
0.115608215332031 0.0231781005859375 0.118736267089844 0.00679779052734375
0.0422706604003906 0.0314407348632813 0.131355285644531 -0.0757369995117188
0.054534912109375 0.0204048156738281 0.116043090820313 -0.0679855346679688
0.0608062744140625 -0.0131187438964844 0.072021484375 -0.0381317138671875
0.0336170196533203 -0.0324993133544922 0.0576286315917969 -0.0200920104980469
0.020294189453125 -0.0382270812988281 0.0476455688476563 0.00785446166992188
-0.00283432006835938 -0.0428085327148437 0.0580062866210938 0.0265350341796875
-0.0167045593261719 -0.0400276184082031 0.0794296264648437 0.0287551879882812
-0.0165176391601563 -0.0448684692382813 0.07733154296875 0.03948974609375
-0.0227127075195312 -0.0508575439453125 0.0698051452636719 0.0662498474121094
-0.00283432006835938 -0.0491256713867188 0.0313720703125 0.0941696166992187
0.0191116333007813 -0.0548744201660156 -0.00688934326171875 0.0778045654296875
0.0419464111328125 -0.0475234985351563 -0.0232467651367188 0.0409812927246094
0.0829238891601563 -0.0098876953125 -0.00924301147460937 0.00772285461425781
0.076263427734375 0.0267181396484375 0.0488929748535156 -0.0191612243652344
0.0596504211425781 0.0443992614746094 0.142547607421875 0.0222015380859375
0.0106163024902344 -0.0503997802734375 -0.143814086914063 -0.02239990234375
-0.0239772796630859 -0.0270118713378906 -0.0564422607421875 0.00947952270507812
-0.0351066589355469 -0.0041961669921875 0.0164289474487305 -0.0168867111206055
-0.0231876373291016 0.0181217193603516 0.0340080261230469 -0.0532264709472656
-0.0133380889892578 0.0187530517578125 0.0223159790039062 -0.087677001953125
-0.00373077392578125 0.0185546875 -0.0256729125976562 -0.110321044921875
-0.00872993469238281 0.016937255859375 -0.0798568725585938 -0.08056640625
-0.0140886306762695 0.0157890319824219 -0.0826568603515625 -0.05120849609375
-0.0155067443847656 0.0169315338134766 -0.0821533203125 -0.0315475463867187
-0.0191726684570313 0.00295448303222656 -0.0694198608398438 -0.0299835205078125
-0.020294189453125 -0.00443077087402343 -0.0541954040527344 -0.00846481323242187
-0.0244483947753906 -0.0114803314208984 -0.0577049255371094 0.0117759704589844
-0.01800537109375 -0.0301589965820313 -0.0721893310546875 0.0260009765625
-0.00548934936523437 -0.0442428588867188 -0.106033325195313 0.0670394897460938
0.0168190002441406 -0.0542984008789063 -0.13848876953125 0.0678253173828125
0.0738601684570312 -0.050384521484375 -0.130752563476563 -0.0387725830078125
0.0296401977539063 -0.0298252105712891 -0.0478286743164063 -0.00225067138671874
0.0158748626708984 -0.0274200439453125 0.0267219543457031 -0.0272865295410156
0.00673103332519531 -0.0134105682373047 0.0406036376953125 -0.061920166015625
0.00248908996582031 -0.0200939178466797 0.028717041015625 -0.0918350219726563
-0.0110130310058594 -0.0181484222412109 -0.02191162109375 -0.112236022949219
-0.0319099426269531 -0.0125808715820312 -0.0720748901367188 -0.0829849243164063
-0.0398216247558594 -0.0146446228027344 -0.0720443725585938 -0.0518875122070312
-0.0476226806640625 -0.00885009765625001 -0.0733642578125 -0.0300445556640625
-0.0410881042480469 -0.0270309448242188 -0.0616302490234375 -0.0239830017089844
-0.0313987731933594 -0.04498291015625 -0.0483932495117187 -0.00465774536132813
-0.0191535949707031 -0.0566482543945312 -0.0550117492675781 0.010772705078125
0.0210342407226563 -0.0673103332519531 -0.0619926452636719 0.0206642150878906
0.0401992797851563 -0.0686225891113281 -0.0912857055664062 0.0575637817382813
0.0787734985351563 -0.0672225952148438 -0.117080688476562 0.0590133666992188
0.128120422363281 -0.0432205200195313 -0.0975418090820312 -0.0510940551757812
0.084014892578125 -0.0284194946289062 -0.0250797271728516 -0.0108680725097656
0.07171630859375 -0.0510787963867188 0.0424728393554688 -0.0341033935546875
0.0397911071777344 -0.049835205078125 0.0484237670898438 -0.0671234130859375
0.0187416076660156 -0.0622482299804687 0.0337066650390625 -0.089996337890625
-0.0176887512207031 -0.0563430786132813 -0.016143798828125 -0.100936889648438
-0.0514030456542969 -0.0419921875 -0.0562362670898438 -0.0741348266601562
-0.0601234436035156 -0.043212890625 -0.0502166748046875 -0.0454292297363281
-0.0735702514648438 -0.0324859619140625 -0.0519332885742188 -0.0237617492675781
-0.0584907531738281 -0.0518150329589844 -0.0440254211425781 -0.0116233825683594
-0.0413589477539063 -0.0775222778320312 -0.0370368957519531 0.00386810302734374
-0.0180587768554688 -0.093017578125 -0.04962158203125 0.0128097534179688
0.0516815185546875 -0.09930419921875 -0.0520515441894531 0.0129203796386719
0.078460693359375 -0.0868072509765625 -0.0713348388671875 0.0384368896484375
0.127952575683594 -0.072479248046875 -0.0778045654296875 0.0425186157226562
0.163253784179688 -0.031768798828125 -0.0472030639648437 -0.0598526000976562
0.126991271972656 -0.0254974365234375 0.00890731811523438 -0.019012451171875
0.116966247558594 -0.0734405517578125 0.0599784851074219 -0.0375099182128906
0.065277099609375 -0.0845870971679688 0.0561599731445313 -0.0654335021972656
0.0291519165039062 -0.0987396240234375 0.0380401611328125 -0.0775375366210938
-0.024658203125 -0.0870742797851563 -0.00579071044921875 -0.0778427124023438
-0.0649948120117187 -0.0649261474609375 -0.0309562683105469 -0.0550460815429688
-0.0714797973632813 -0.0660781860351562 -0.0209980010986328 -0.0324478149414063
-0.0875167846679687 -0.0524749755859375 -0.0229530334472656 -0.0131435394287109
-0.0655326843261719 -0.0696830749511719 -0.0197887420654297 0.00421333312988281
-0.04364013671875 -0.0997467041015625 -0.0218658447265625 0.0148696899414062
-0.0126800537109375 -0.11669921875 -0.0423316955566406 0.0162353515625
0.0767364501953125 -0.116172790527344 -0.0428276062011719 0.00576782226562499
0.107009887695313 -0.0910110473632813 -0.0487022399902344 0.0131340026855469
0.158370971679688 -0.06463623046875 -0.0284175872802734 0.0238685607910156
0.171066284179688 -0.0186309814453125 0.0115432739257813 -0.0657234191894531
0.146102905273437 -0.0208892822265625 0.0487327575683594 -0.03009033203125
0.138710021972656 -0.083953857421875 0.0738525390625 -0.0400238037109375
0.075103759765625 -0.104515075683594 0.0609588623046875 -0.0567436218261719
0.0309906005859375 -0.1177978515625 0.04254150390625 -0.0550117492675781
-0.0296096801757813 -0.101799011230469 0.0102653503417969 -0.0459632873535156
-0.069305419921875 -0.0755767822265625 0.000900268554687498 -0.0304298400878906
-0.07269287109375 -0.0782852172851562 0.0114984512329102 -0.0148820877075195
-0.0870513916015625 -0.06622314453125 0.00951290130615234 0.00274085998535156
-0.058441162109375 -0.0804367065429687 0.00480270385742187 0.0239887237548828
-0.0326080322265625 -0.109115600585938 -0.00800514221191406 0.0283298492431641
0.00279235839843751 -0.122177124023438 -0.0336894989013672 0.0194072723388672
0.0979461669921875 -0.111175537109375 -0.0329837799072266 -0.00161552429199219
0.125480651855469 -0.0759963989257813 -0.0226192474365234 -0.0122394561767578
0.168060302734375 -0.0426788330078125 0.0257034301757813 0.008087158203125
0.1484375 -0.004058837890625 0.0672454833984375 -0.0713043212890625
0.136062622070313 -0.0128021240234375 0.08441162109375 -0.0438461303710938
0.131645202636719 -0.0756149291992188 0.08056640625 -0.041290283203125
0.0690536499023438 -0.100570678710938 0.06292724609375 -0.0440559387207031
0.02679443359375 -0.111099243164063 0.0459671020507813 -0.0299186706542969
-0.0295639038085937 -0.0969467163085937 0.0294857025146484 -0.0135993957519531
-0.0618209838867188 -0.0738449096679688 0.0337009429931641 -0.00585556030273438
-0.0623703002929688 -0.0775604248046875 0.0411605834960937 0.004119873046875
-0.0731201171875 -0.0710983276367188 0.0381393432617187 0.0216102600097656
-0.0409469604492188 -0.0819320678710938 0.0238761901855469 0.04693603515625
-0.0114364624023437 -0.103530883789062 -4.95910644531266E-05 0.0442886352539062
0.0239639282226563 -0.10906982421875 -0.0268974304199219 0.0243473052978516
0.110504150390625 -0.0842132568359375 -0.0226936340332031 -0.0054454803466797
0.127944946289063 -0.0432891845703125 0.00464439392089845 -0.028656005859375
0.153244018554687 -0.012176513671875 0.0761871337890625 0.000267028808593749
0.103141784667969 0.0121383666992188 0.10797119140625 -0.0753707885742188
0.101814270019531 0.0015716552734375 0.1068115234375 -0.0584716796875
0.101432800292969 -0.0506820678710938 0.07891845703125 -0.040985107421875
0.05230712890625 -0.0731887817382813 0.0603790283203125 -0.0312004089355469
0.0214920043945313 -0.0819168090820313 0.0482139587402344 -0.00733947753906251
-0.0208282470703125 -0.0743331909179688 0.0475349426269531 0.0118675231933594
-0.0439720153808594 -0.0593605041503906 0.0617408752441406 0.0136299133300781
-0.0426368713378906 -0.0655670166015625 0.0643692016601563 0.0222740173339844
-0.0499458312988281 -0.0659446716308594 0.0587272644042969 0.0428886413574219
-0.019927978515625 -0.0707244873046875 0.0325698852539063 0.0711746215820312
0.008636474609375 -0.0831832885742188 -7.62939453124885E-06 0.0616378784179688
0.0397491455078125 -0.0809783935546875 -0.0230522155761719 0.0311832427978516
0.106536865234375 -0.0459671020507813 -0.0136051177978516 -0.00264358520507813
0.11102294921875 -0.00513458251953125 0.0296287536621094 -0.0310802459716797
0.115165710449219 0.01983642578125 0.116607666015625 0.005340576171875
0.0427131652832031 0.029449462890625 0.129501342773438 -0.0771484375
0.0546112060546875 0.0194511413574219 0.114166259765625 -0.06842041015625
0.0601806640625 -0.0142173767089844 0.0705337524414063 -0.0377426147460938
0.0321254730224609 -0.0328788757324219 0.0574569702148438 -0.0199661254882813
0.0189857482910156 -0.0388107299804688 0.0484619140625 0.0075836181640625
-0.00347900390625 -0.04193115234375 0.0590896606445313 0.0258293151855469
-0.0171661376953125 -0.0384330749511719 0.0795211791992188 0.0257339477539062
-0.0176544189453125 -0.0437698364257812 0.0769577026367188 0.0363311767578125
-0.02362060546875 -0.0490455627441406 0.0703125 0.0634765625
-0.00372314453125 -0.0487289428710938 0.033233642578125 0.092559814453125
0.0172538757324219 -0.0541496276855469 -0.0066070556640625 0.0771255493164062
0.039947509765625 -0.0473899841308594 -0.0237464904785156 0.0407447814941406
0.0818710327148438 -0.0119857788085938 -0.0094614028930664 0.0069732666015625
0.0763015747070313 0.0250167846679687 0.0464515686035156 -0.0201988220214844
0.0599632263183594 0.0427627563476563 0.140365600585938 0.02001953125
0.009918212890625 -0.0505447387695312 -0.144882202148438 -0.02166748046875
-0.0244216918945313 -0.0275459289550781 -0.0566520690917969 0.0103073120117188
-0.0357856750488281 -0.00440216064453125 0.0165033340454102 -0.0157337188720703
-0.0226802825927734 0.0188140869140625 0.035308837890625 -0.0526695251464844
-0.0128860473632813 0.0189247131347656 0.0233230590820312 -0.0886688232421875
-0.00341987609863281 0.0180816650390625 -0.0268936157226562 -0.111305236816406
-0.00886249542236328 0.016535758972168 -0.08148193359375 -0.0802993774414063
-0.0145359039306641 0.015925407409668 -0.0846481323242187 -0.0497665405273438
-0.0153360366821289 0.016575813293457 -0.084686279296875 -0.0298538208007813
-0.01904296875 0.00285911560058593 -0.0723342895507813 -0.0296554565429687
-0.0202751159667969 -0.00444221496582032 -0.0562553405761719 -0.00891113281250001
-0.0244274139404297 -0.0107421875 -0.0591506958007813 0.0116157531738281
-0.0186176300048828 -0.0297775268554688 -0.0728683471679688 0.025787353515625
-0.00603866577148438 -0.0446090698242188 -0.106910705566406 0.0684432983398438
0.0163002014160156 -0.0550689697265625 -0.140594482421875 0.0706634521484375
0.0740966796875 -0.050872802734375 -0.131668090820313 -0.03765869140625
0.0297679901123047 -0.0310993194580078 -0.0478553771972656 -0.0010223388671875
0.0159492492675781 -0.0287418365478516 0.0270595550537109 -0.0266571044921875
0.00705242156982422 -0.0136604309082031 0.0415382385253906 -0.0619125366210938
0.00226974487304687 -0.0204582214355469 0.029815673828125 -0.0933914184570313
-0.0113468170166016 -0.019287109375 -0.0224075317382812 -0.113182067871094
-0.0328350067138672 -0.0132846832275391 -0.073883056640625 -0.082427978515625
-0.0410423278808594 -0.0139617919921875 -0.0736923217773438 -0.0507049560546875
-0.0478401184082031 -0.00874710083007812 -0.0750503540039063 -0.02880859375
-0.0415916442871094 -0.0276260375976563 -0.064849853515625 -0.0236244201660156
-0.0310745239257813 -0.0450325012207031 -0.0503273010253906 -0.0052947998046875
-0.0197067260742188 -0.0564613342285156 -0.0566329956054688 0.010528564453125
0.0205078125 -0.0679473876953125 -0.0630683898925781 0.0197067260742187
0.0401344299316406 -0.0696792602539063 -0.0917205810546875 0.0590667724609375
0.0784912109375 -0.0693740844726563 -0.118461608886719 0.0614700317382812
0.129722595214844 -0.0445175170898438 -0.0980758666992187 -0.0501861572265625
0.085418701171875 -0.0297164916992188 -0.0248451232910156 -0.00901412963867188
0.071502685546875 -0.05303955078125 0.0431480407714844 -0.0331039428710938
0.0399169921875 -0.0505752563476562 0.0492324829101563 -0.0673027038574219
0.0181961059570312 -0.0626182556152344 0.034820556640625 -0.0910263061523438
-0.0179786682128906 -0.0574073791503906 -0.0159530639648437 -0.10235595703125
-0.052825927734375 -0.0418663024902344 -0.0574493408203125 -0.0731430053710937
-0.0620040893554688 -0.0430679321289063 -0.051666259765625 -0.0448226928710938
-0.074737548828125 -0.0322799682617188 -0.0535850524902344 -0.0229988098144531
-0.0593338012695312 -0.0523185729980469 -0.0464057922363281 -0.010894775390625
-0.0425262451171875 -0.0781326293945313 -0.0392532348632813 0.00375747680664062
-0.0188064575195313 -0.0939559936523438 -0.0517807006835938 0.013092041015625
0.0514373779296875 -0.101181030273438 -0.0534477233886719 0.0125846862792969
0.0782318115234375 -0.087921142578125 -0.0715866088867188 0.0399703979492187
0.128837585449219 -0.0754318237304687 -0.0792007446289062 0.0452117919921875
0.16473388671875 -0.033294677734375 -0.0469284057617187 -0.058990478515625
0.129463195800781 -0.0275115966796875 0.0101375579833984 -0.0171384811401367
0.117500305175781 -0.07586669921875 0.0600433349609375 -0.03607177734375
0.0650253295898438 -0.0857086181640625 0.0576934814453125 -0.0653228759765625
0.0277328491210938 -0.100166320800781 0.039215087890625 -0.0778884887695313
-0.0257949829101563 -0.0875930786132813 -0.00490570068359375 -0.07818603515625
-0.0663375854492188 -0.0648612976074219 -0.0318870544433594 -0.0546951293945313
-0.073974609375 -0.065216064453125 -0.0218391418457031 -0.0321140289306641
-0.0896453857421875 -0.051422119140625 -0.0238265991210938 -0.01251220703125
-0.0666961669921875 -0.06982421875 -0.0215740203857422 0.00466156005859374
-0.0449676513671875 -0.100006103515625 -0.0241622924804688 0.0145626068115234
-0.0137710571289063 -0.117515563964844 -0.0444297790527344 0.0164413452148437
0.0768508911132813 -0.119239807128906 -0.0441322326660156 0.00388717651367187
0.107620239257813 -0.0929946899414063 -0.0491981506347656 0.01409912109375
0.1607666015625 -0.067718505859375 -0.0292129516601562 0.0256538391113281
0.172393798828125 -0.0207061767578125 0.0119476318359375 -0.0659713745117188
0.148269653320313 -0.0225982666015625 0.0498466491699219 -0.0282974243164062
0.139274597167969 -0.0871505737304688 0.0742721557617188 -0.038360595703125
0.0748825073242188 -0.106163024902344 0.0625190734863281 -0.0566825866699219
0.0293426513671875 -0.119483947753906 0.0442085266113281 -0.055877685546875
-0.03131103515625 -0.102523803710938 0.0115013122558594 -0.046173095703125
-0.0710601806640625 -0.0752716064453125 0.000694274902343746 -0.030303955078125
-0.0752792358398438 -0.0777359008789062 0.0106964111328125 -0.0150318145751953
-0.0896072387695312 -0.065216064453125 0.00909233093261718 0.0026102066040039
-0.0596466064453125 -0.0811538696289063 0.00416755676269531 0.0243148803710937
-0.03436279296875 -0.109718322753906 -0.00978660583496094 0.0283470153808594
0.00100708007812499 -0.123504638671875 -0.035552978515625 0.019561767578125
0.098388671875 -0.114738464355469 -0.0342578887939453 -0.00295639038085939
0.125541687011719 -0.0773162841796875 -0.0237808227539062 -0.0118045806884766
0.1702880859375 -0.046478271484375 0.0251312255859375 0.00887489318847656
0.149917602539063 -0.00567626953125 0.068023681640625 -0.0716629028320313
0.137985229492188 -0.0136260986328125 0.085601806640625 -0.0431976318359375
0.132156372070313 -0.0783309936523438 0.0811843872070313 -0.0402908325195313
0.0687942504882813 -0.101921081542969 0.0635986328125 -0.0443267822265625
0.0254592895507813 -0.113273620605469 0.0474166870117188 -0.0298728942871094
-0.0306472778320312 -0.097015380859375 0.0315494537353516 -0.0134620666503906
-0.0634536743164062 -0.0731887817382813 0.0345706939697266 -0.00607872009277344
-0.0644760131835938 -0.0775985717773438 0.0412178039550781 0.00376129150390625
-0.0753097534179688 -0.0703506469726562 0.0382270812988281 0.0211105346679688
-0.0418167114257813 -0.0823516845703125 0.0235176086425781 0.0476570129394531
-0.0126571655273437 -0.103622436523437 -0.00147247314453125 0.04498291015625
0.0230331420898437 -0.110191345214844 -0.0287876129150391 0.0239982604980469
0.11114501953125 -0.0874099731445313 -0.0235862731933594 -0.00706100463867188
0.128746032714844 -0.0447845458984375 0.00382232666015626 -0.0288600921630859
0.155532836914063 -0.0146484375 0.0763015747070313 0.000526428222656249
0.10406494140625 0.0110702514648438 0.109474182128906 -0.077423095703125
0.103195190429688 0.00115203857421875 0.10858154296875 -0.0583114624023438
0.102462768554688 -0.0523681640625 0.079193115234375 -0.0402755737304688
0.052490234375 -0.074066162109375 0.061798095703125 -0.0308456420898438
0.0209732055664062 -0.083221435546875 0.049713134765625 -0.00720214843750001
-0.0217208862304687 -0.0744171142578125 0.0495567321777344 0.0125846862792969
-0.0454521179199219 -0.0593795776367187 0.0634574890136719 0.01214599609375
-0.0448532104492188 -0.0660018920898438 0.0646400451660156 0.0217666625976562
-0.0517387390136719 -0.0655059814453125 0.0594291687011719 0.0425910949707031
-0.0210113525390625 -0.0714645385742188 0.033050537109375 0.071868896484375
0.0076446533203125 -0.0842056274414062 -0.0013885498046875 0.0626220703125
0.0390243530273438 -0.0825271606445313 -0.0253982543945312 0.0311126708984375
0.107513427734375 -0.0484619140625 -0.0148954391479492 -0.00395393371582031
0.112220764160156 -0.006134033203125 0.028961181640625 -0.0320758819580078
0.117118835449219 0.0178909301757813 0.117469787597656 0.004638671875
0.042999267578125 0.0295372009277344 0.130821228027344 -0.07965087890625
0.0553359985351562 0.0193901062011719 0.115364074707031 -0.0692138671875
0.0612983703613281 -0.0146713256835938 0.0712661743164063 -0.0366439819335938
0.0322418212890625 -0.0327606201171875 0.0581550598144531 -0.0198211669921875
0.01873779296875 -0.0399589538574219 0.0499382019042969 0.00824737548828125
-0.00445556640625 -0.0419578552246094 0.0615501403808594 0.0261116027832031
-0.0177001953125 -0.0379638671875 0.0813369750976563 0.0240554809570312
-0.019195556640625 -0.0441398620605469 0.078094482421875 0.0351638793945312
-0.0247993469238281 -0.0488815307617188 0.0711669921875 0.06256103515625
-0.00465774536132812 -0.0485115051269531 0.0339813232421875 0.0934371948242187
0.0169296264648437 -0.0548095703125 -0.00739288330078126 0.0781936645507813
0.0394096374511719 -0.0482521057128906 -0.0255165100097656 0.0404510498046875
0.0830841064453125 -0.0136032104492187 -0.010258674621582 0.00593852996826172
0.0769195556640625 0.0248565673828125 0.0456809997558594 -0.0207710266113281
0.061309814453125 0.0419273376464844 0.1414794921875 0.0191497802734375
0.00970840454101562 -0.0517730712890625 -0.149932861328125 -0.01947021484375
-0.0261516571044922 -0.0280227661132812 -0.0584449768066406 0.0123252868652344
-0.0372390747070313 -0.00430679321289063 0.0175437927246094 -0.0150747299194336
-0.0221652984619141 0.0202255249023438 0.0369453430175781 -0.0541343688964844
-0.0119819641113281 0.0199470520019531 0.0243606567382812 -0.0919876098632813
-0.00349998474121094 0.017669677734375 -0.0297393798828125 -0.115531921386719
-0.00907516479492188 0.0174465179443359 -0.085968017578125 -0.0805130004882812
-0.0147809982299805 0.0167522430419922 -0.0887985229492188 -0.049407958984375
-0.0161495208740234 0.0173492431640625 -0.0886459350585938 -0.0282363891601562
-0.0195217132568359 0.0027923583984375 -0.077301025390625 -0.029693603515625
-0.0207290649414063 -0.00435638427734375 -0.0598411560058594 -0.00945281982421876
-0.0249786376953125 -0.0103645324707031 -0.0619773864746094 0.0127372741699219
-0.0195655822753906 -0.0300559997558594 -0.07574462890625 0.027130126953125
-0.00734710693359375 -0.0459976196289063 -0.109512329101563 0.0727310180664062
0.0154037475585938 -0.0579261779785156 -0.1451416015625 0.077484130859375
0.0759048461914063 -0.0540695190429688 -0.136299133300781 -0.0366058349609375
0.0307655334472656 -0.0328693389892578 -0.0487937927246094 0.000766754150390614
0.0156993865966797 -0.0305538177490234 0.0279731750488281 -0.0262737274169922
0.00791549682617187 -0.0146551132202148 0.0433311462402344 -0.0638847351074219
0.002655029296875 -0.0212440490722656 0.0304946899414063 -0.0971908569335938
-0.0122013092041016 -0.0200119018554688 -0.02484130859375 -0.117134094238281
-0.0343265533447266 -0.0131988525390625 -0.0785140991210937 -0.0827255249023438
-0.0431861877441406 -0.0137443542480469 -0.0775299072265625 -0.0504531860351563
-0.0497589111328125 -0.00791168212890626 -0.0795211791992188 -0.0270843505859375
-0.0433807373046875 -0.0283164978027344 -0.0692520141601563 -0.0229415893554687
-0.0330619812011719 -0.046478271484375 -0.0537223815917969 -0.00566101074218749
-0.0210914611816406 -0.0573501586914063 -0.0594406127929687 0.0116004943847656
0.020111083984375 -0.0714187622070313 -0.0652809143066406 0.0203323364257813
0.0402755737304688 -0.0720977783203125 -0.0941848754882813 0.0623931884765625
0.0799026489257813 -0.07391357421875 -0.12237548828125 0.0675735473632813
0.13323974609375 -0.0479354858398437 -0.101524353027344 -0.0495834350585938
0.088592529296875 -0.0327377319335938 -0.0246753692626953 -0.00729560852050782
0.072998046875 -0.0573348999023438 0.0440101623535156 -0.0332450866699219
0.040557861328125 -0.0531044006347656 0.0516777038574219 -0.0691070556640625
0.0173606872558594 -0.0654487609863281 0.0363006591796875 -0.09454345703125
-0.0200767517089844 -0.0595970153808594 -0.017578125 -0.105514526367188
-0.0556373596191406 -0.0427093505859375 -0.0607147216796875 -0.07379150390625
-0.0663414001464844 -0.0430145263671875 -0.0550689697265625 -0.0443115234375
-0.0778121948242188 -0.0317459106445312 -0.0573463439941406 -0.0217628479003906
-0.0624847412109375 -0.053314208984375 -0.0496826171875 -0.0107154846191406
-0.0449676513671875 -0.0803604125976563 -0.0422630310058594 0.00342941284179687
-0.020965576171875 -0.0966339111328125 -0.0549964904785156 0.0142784118652344
0.0509796142578125 -0.106582641601563 -0.0555343627929688 0.0122184753417969
0.0792236328125 -0.0920867919921875 -0.0736236572265625 0.0426864624023437
0.132232666015625 -0.0817413330078125 -0.0818405151367187 0.0501022338867188
0.170501708984375 -0.0378570556640625 -0.0488739013671875 -0.0594329833984375
0.134414672851563 -0.0311660766601563 0.0112857818603516 -0.0163087844848633
0.120018005371094 -0.0818634033203125 0.0617446899414063 -0.0364990234375
0.06549072265625 -0.0898971557617188 0.0598411560058594 -0.0673255920410156
0.02593994140625 -0.104110717773438 0.0408401489257813 -0.0815887451171875
-0.0283203125 -0.0904083251953125 -0.00534057617187499 -0.0809097290039062
-0.0702133178710938 -0.0651779174804688 -0.0332221984863281 -0.0552024841308594
-0.0788421630859375 -0.0659637451171875 -0.0238361358642578 -0.03216552734375
-0.0939712524414063 -0.05096435546875 -0.0257587432861328 -0.012054443359375
-0.0701446533203125 -0.0717315673828125 -0.0232124328613281 0.00564956665039062
-0.0485916137695313 -0.102439880371094 -0.0266971588134766 0.0153541564941406
-0.0170516967773438 -0.121040344238281 -0.0475616455078125 0.0172882080078125
0.0764236450195312 -0.12646484375 -0.0470504760742187 0.00358963012695313
0.109664916992187 -0.0982208251953125 -0.0510063171386719 0.0156669616699219
0.165573120117187 -0.07464599609375 -0.0302619934082031 0.0284423828125
0.17852783203125 -0.0251007080078125 0.0123100280761719 -0.0677604675292969
0.154525756835938 -0.026580810546875 0.0525703430175781 -0.0288276672363281
0.142227172851563 -0.0932769775390625 0.0762710571289063 -0.039031982421875
0.0750579833984375 -0.111183166503906 0.0644035339355469 -0.0587081909179688
0.0271072387695313 -0.124809265136719 0.0454788208007813 -0.0588340759277344
-0.0345687866210938 -0.105377197265625 0.0131759643554687 -0.0483627319335938
-0.0750274658203125 -0.0762939453125 0.000820159912109368 -0.0311336517333984
-0.0808868408203125 -0.0780410766601563 0.0104303359985352 -0.0157051086425781
-0.09423828125 -0.0649185180664063 0.00798511505126953 0.00251626968383789
-0.0636978149414062 -0.082763671875 0.00364112854003906 0.0250186920166016
-0.0373916625976562 -0.1126708984375 -0.0115737915039063 0.0295963287353516
-0.00143432617187499 -0.127830505371094 -0.0390129089355469 0.02044677734375
0.098968505859375 -0.122169494628906 -0.0366363525390625 -0.00479507446289064
0.128829956054688 -0.0826492309570313 -0.0253753662109375 -0.0113239288330078
0.176681518554687 -0.0530853271484375 0.0257797241210938 0.00988578796386718
0.15576171875 -0.0089111328125 0.0705413818359375 -0.0753021240234375
0.143768310546875 -0.0168609619140625 0.0891189575195313 -0.0451431274414062
0.135452270507813 -0.0849761962890625 0.0834884643554688 -0.0405349731445313
0.0694808959960937 -0.106559753417969 0.0655288696289063 -0.0458106994628906
0.0235214233398437 -0.117942810058594 0.0496597290039063 -0.0315895080566406
-0.0339813232421875 -0.100212097167969 0.0338897705078125 -0.0145797729492188
-0.0676498413085937 -0.074127197265625 0.0367889404296875 -0.00754547119140625
-0.0697708129882813 -0.0782852172851562 0.0422019958496094 0.00254058837890625
-0.0799942016601562 -0.0704116821289063 0.0389213562011719 0.0212593078613281
-0.0455703735351562 -0.0844497680664063 0.0248260498046875 0.04852294921875
-0.0154495239257813 -0.107070922851563 -0.00288772583007812 0.0466690063476562
0.0216522216796875 -0.114067077636719 -0.0312747955322266 0.0250606536865234
0.11279296875 -0.0950851440429687 -0.0255451202392578 -0.0086669921875
0.132575988769531 -0.0487060546875 0.00249671936035157 -0.0302219390869141
0.161453247070313 -0.0190582275390625 0.078460693359375 -0.000129699707031251
0.108184814453125 0.00934600830078125 0.11376953125 -0.0818710327148438
0.108230590820313 -0.00070953369140625 0.112434387207031 -0.0612564086914062
0.105697631835937 -0.0566635131835937 0.0820999145507813 -0.0412216186523438
0.0528717041015625 -0.0782623291015625 0.0637245178222656 -0.0322227478027344
0.018951416015625 -0.0866546630859375 0.0521392822265625 -0.00798416137695313
-0.024261474609375 -0.0765838623046875 0.0541343688964844 0.0118255615234375
-0.047760009765625 -0.0603866577148438 0.0664405822753906 0.0113945007324219
-0.0486984252929688 -0.0662574768066406 0.067108154296875 0.0199775695800781
-0.0558967590332031 -0.065826416015625 0.0613517761230469 0.0424880981445312
-0.02276611328125 -0.0733413696289062 0.0358352661132813 0.0735321044921875
0.00625610351562501 -0.0867538452148438 -0.00159454345703125 0.0649642944335938
0.039154052734375 -0.0858688354492187 -0.0271739959716797 0.0319976806640625
0.110198974609375 -0.0540924072265625 -0.0157594680786133 -0.00563049316406251
0.116256713867188 -0.0084228515625 0.0283432006835938 -0.0334281921386719
0.122390747070313 0.0155563354492188 0.120590209960938 0.0030975341796875
0.04461669921875 0.0293769836425781 0.135429382324219 -0.0859451293945313
0.0581092834472656 0.0198478698730469 0.118736267089844 -0.0732421875
0.0640144348144531 -0.0169601440429688 0.0738677978515625 -0.0378875732421875
0.0328140258789063 -0.0350990295410156 0.0607833862304688 -0.0205802917480469
0.0178718566894531 -0.0418548583984375 0.0524978637695313 0.0081939697265625
-0.00569534301757813 -0.0431632995605469 0.0659599304199219 0.025909423828125
-0.019500732421875 -0.0386466979980469 0.08551025390625 0.022735595703125
-0.0205764770507813 -0.0445709228515625 0.0811386108398437 0.0340957641601562
-0.0271263122558594 -0.0489082336425781 0.0742874145507813 0.0628585815429688
-0.00540924072265626 -0.05023193359375 0.036773681640625 0.09588623046875
0.0163955688476563 -0.0565376281738281 -0.00742340087890624 0.0816268920898438
0.0399971008300781 -0.0502166748046875 -0.0271987915039062 0.0413093566894531
0.0851974487304688 -0.016448974609375 -0.0117607116699219 0.00512123107910156
0.080841064453125 0.0237655639648438 0.0458946228027344 -0.0232467651367188
0.0645027160644531 0.0412101745605469 0.146087646484375 0.0178070068359375
0.00714111328125 -0.0538787841796875 -0.156753540039063 -0.013519287109375
-0.0286102294921875 -0.0284519195556641 -0.0598716735839844 0.0161666870117187
-0.0396766662597656 -0.00308609008789062 0.0185203552246094 -0.0152816772460937
-0.0217456817626953 0.0214653015136719 0.0377349853515625 -0.0567512512207031
-0.0107192993164062 0.0215930938720703 0.0230865478515625 -0.0971298217773438
-0.00303840637207031 0.0180549621582031 -0.0356369018554688 -0.11993408203125
-0.00934219360351563 0.0180625915527344 -0.0930709838867188 -0.079193115234375
-0.014495849609375 0.0181674957275391 -0.0951995849609375 -0.0458755493164062
-0.0155391693115234 0.0183048248291016 -0.0947113037109375 -0.0246200561523437
-0.0206222534179687 0.00298690795898438 -0.0840072631835938 -0.0269317626953125
-0.0212383270263672 -0.00428199768066407 -0.0644645690917969 -0.00795364379882814
-0.0266151428222656 -0.00933456420898437 -0.0642852783203125 0.0152244567871094
-0.0218124389648438 -0.0306682586669922 -0.0785675048828125 0.0305557250976563
-0.0095367431640625 -0.0471611022949219 -0.111282348632812 0.0803909301757813
0.0128402709960938 -0.0606422424316406 -0.149276733398438 0.0890960693359375
0.0770339965820313 -0.0589981079101563 -0.14288330078125 -0.0310211181640625
0.0307235717773438 -0.0356979370117188 -0.0499954223632813 0.00417327880859375
0.0144500732421875 -0.0330963134765625 0.0285415649414063 -0.0270709991455078
0.00791454315185547 -0.0156784057617188 0.0436820983886719 -0.0671539306640625
0.00178718566894531 -0.0221996307373047 0.0292434692382813 -0.103012084960938
-0.0135440826416016 -0.0211353302001953 -0.0310745239257813 -0.121612548828125
-0.0367202758789063 -0.0124893188476562 -0.0849456787109375 -0.0814895629882813
-0.0464820861816406 -0.0120964050292969 -0.0831069946289063 -0.0475311279296875
-0.052398681640625 -0.00634002685546874 -0.0849151611328125 -0.0233078002929688
-0.0467338562011719 -0.0278968811035156 -0.0750656127929688 -0.0199050903320312
-0.0366249084472656 -0.0469093322753906 -0.0584259033203125 -0.00398635864257814
-0.0245475769042969 -0.0586929321289063 -0.0625 0.0140800476074219
0.01800537109375 -0.0754470825195313 -0.0683021545410156 0.0227890014648437
0.0392074584960937 -0.0768280029296875 -0.0953598022460938 0.0699691772460938
0.0799789428710938 -0.080780029296875 -0.12518310546875 0.0780868530273438
0.137306213378906 -0.0559310913085938 -0.106910705566406 -0.046234130859375
0.0915985107421875 -0.0381927490234375 -0.0251331329345703 -0.00489997863769532
0.0727310180664063 -0.0632705688476563 0.045440673828125 -0.034454345703125
0.0400772094726562 -0.0573921203613281 0.0519027709960937 -0.0733184814453125
0.0152511596679688 -0.0689620971679688 0.0347518920898438 -0.100799560546875
-0.0232620239257813 -0.0611953735351563 -0.0224990844726562 -0.110061645507812
-0.0602874755859375 -0.0418243408203125 -0.0660858154296875 -0.0736236572265625
-0.0716094970703125 -0.0410919189453125 -0.0597686767578125 -0.0426521301269531
-0.0828094482421875 -0.0290374755859375 -0.0615730285644531 -0.0190773010253906
-0.0674018859863281 -0.0532073974609375 -0.0542030334472656 -0.00812911987304688
-0.0506744384765625 -0.0819854736328125 -0.0460968017578125 0.00546264648437499
-0.0265045166015625 -0.099151611328125 -0.0582427978515625 0.0172882080078125
0.0480880737304687 -0.114311218261719 -0.0590858459472656 0.0135459899902344
0.079010009765625 -0.0998001098632812 -0.0751724243164063 0.0482330322265625
0.1341552734375 -0.0920639038085938 -0.0832061767578125 0.0575942993164062
0.176528930664063 -0.0471343994140625 -0.052337646484375 -0.0592918395996094
0.139686584472656 -0.0390243530273438 0.0119085311889649 -0.0154476165771484
0.120391845703125 -0.0918655395507813 0.0634346008300781 -0.0383110046386719
0.0643463134765625 -0.0976104736328125 0.0602798461914063 -0.071502685546875
0.0219268798828125 -0.109840393066406 0.0401229858398438 -0.0873336791992188
-0.0332260131835938 -0.0935134887695313 -0.00797271728515626 -0.0846710205078125
-0.0764083862304688 -0.0654220581054688 -0.0368385314941406 -0.0554084777832031
-0.0868072509765625 -0.0635604858398438 -0.0265159606933594 -0.0322856903076172
-0.100250244140625 -0.0480117797851562 -0.0286006927490234 -0.0102958679199219
-0.0766448974609375 -0.0718307495117188 -0.0255813598632813 0.00748252868652343
-0.0550994873046875 -0.104774475097656 -0.029296875 0.0167598724365234
-0.0235061645507813 -0.124832153320312 -0.0505256652832031 0.0202407836914062
0.0734024047851562 -0.136894226074219 -0.0497817993164062 0.00399398803710936
0.110099792480469 -0.106849670410156 -0.0527687072753906 0.018463134765625
0.169448852539062 -0.0869903564453125 -0.0306243896484375 0.0327110290527344
0.185501098632813 -0.034332275390625 0.0110244750976563 -0.070281982421875
0.160568237304687 -0.03509521484375 0.0541000366210938 -0.030731201171875
0.1441650390625 -0.105255126953125 0.0785064697265625 -0.0418243408203125
0.0735702514648437 -0.11907958984375 0.065826416015625 -0.0623970031738281
0.0218124389648438 -0.130897521972656 0.0463066101074219 -0.0630340576171875
-0.040374755859375 -0.10858154296875 0.0129318237304687 -0.0511550903320313
-0.0815887451171875 -0.0759506225585937 0.000207901000976559 -0.0324611663818359
-0.089080810546875 -0.0765838623046875 0.00950050354003906 -0.0166826248168945
-0.101371765136719 -0.06201171875 0.00753736495971679 0.00234746932983398
-0.06988525390625 -0.0832901000976562 0.00394439697265625 0.0260810852050781
-0.0442657470703125 -0.115577697753906 -0.0131359100341797 0.0307960510253906
-0.00762939453125001 -0.132705688476563 -0.0416641235351562 0.0232620239257813
0.0974044799804688 -0.133636474609375 -0.0397262573242187 -0.00484848022460939
0.130805969238281 -0.091522216796875 -0.0270805358886719 -0.01104736328125
0.181716918945313 -0.0647125244140625 0.0268383026123047 0.00966453552246093
0.16265869140625 -0.0165863037109375 0.0709381103515625 -0.08172607421875
0.14990234375 -0.0244140625 0.0916900634765625 -0.0495147705078125
0.138160705566406 -0.0950164794921875 0.0856704711914063 -0.0447006225585938
0.0674667358398438 -0.11358642578125 0.0676803588867188 -0.0495567321777344
0.0183486938476562 -0.123802185058594 0.0513267517089844 -0.0348052978515625
-0.0399627685546875 -0.102790832519531 0.0370216369628906 -0.0166206359863281
-0.0732650756835937 -0.0741653442382813 0.0384254455566406 -0.0100479125976563
-0.07720947265625 -0.077423095703125 0.0437774658203125 0.00071334838867187
-0.08697509765625 -0.0685272216796875 0.0404739379882813 0.0198783874511719
-0.0511016845703125 -0.0857391357421875 0.0269699096679687 0.0492668151855469
-0.0210342407226562 -0.111000061035156 -0.00246047973632812 0.048736572265625
0.0166397094726562 -0.120048522949219 -0.0333461761474609 0.0273590087890625
0.113121032714844 -0.104888916015625 -0.0287837982177734 -0.00955581665039063
0.136337280273438 -0.0566787719726563 0.00101661682128907 -0.0315284729003906
0.167190551757812 -0.0289459228515625 0.0811767578125 -0.0026702880859375
0.113441467285156 0.00458526611328125 0.115371704101563 -0.0908279418945313
0.1129150390625 -0.005859375 0.115409851074219 -0.068511962890625
0.108154296875 -0.0646743774414063 0.08416748046875 -0.044830322265625
0.0514984130859375 -0.0830230712890625 0.0655784606933594 -0.0351333618164063
0.0151443481445312 -0.0914688110351563 0.0550804138183594 -0.010162353515625
-0.0286636352539063 -0.0785446166992188 0.0583610534667969 0.00989151000976562
-0.0527420043945312 -0.0605621337890625 0.0705795288085938 0.0077667236328125
-0.0547256469726563 -0.0662803649902344 0.0706253051757813 0.0172576904296875
-0.0617828369140625 -0.0652351379394531 0.0651969909667969 0.0409126281738281
-0.027252197265625 -0.0755081176757813 0.0400314331054688 0.0748748779296875
0.00245666503906249 -0.0911636352539063 -0.000511169433593745 0.0678634643554688
0.0363998413085938 -0.090911865234375 -0.0291481018066406 0.0342559814453125
0.111824035644531 -0.06207275390625 -0.0180625915527344 -0.00687980651855469
0.121231079101563 -0.0139541625976563 0.0276756286621094 -0.0366058349609375
0.128395080566406 0.0093841552734375 0.124893188476563 -0.001739501953125
0.0477142333984375 0.0290145874023438 0.137626647949219 -0.0956192016601563
0.0619659423828125 0.0180015563964844 0.121253967285156 -0.0809402465820313
0.0664901733398438 -0.0213546752929688 0.0761489868164062 -0.0413589477539062
0.03277587890625 -0.0376358032226563 0.0627861022949219 -0.0231285095214844
0.0160026550292969 -0.0446357727050781 0.0560455322265625 0.00707244873046875
-0.00857925415039062 -0.0446052551269531 0.0724563598632813 0.0241775512695313
-0.0218887329101563 -0.0390357971191406 0.090667724609375 0.0184173583984375
-0.0246620178222656 -0.0450897216796875 0.0857772827148438 0.0307388305664063
-0.030975341796875 -0.0492973327636719 0.0799789428710938 0.0609359741210938
-0.00793075561523438 -0.0520286560058594 0.0435867309570313 0.0977020263671875
0.0142173767089844 -0.0596427917480469 -0.00519561767578125 0.0856857299804688
0.0392303466796875 -0.0541915893554688 -0.0283699035644531 0.0444755554199219
0.0877609252929687 -0.02203369140625 -0.0133180618286133 0.00389480590820312
0.0850982666015625 0.02099609375 0.0457191467285156 -0.0269279479980469
0.068878173828125 0.039947509765625 0.151504516601563 0.0119171142578125
0.00440216064453124 -0.055023193359375 -0.161056518554687 -0.0030975341796875
-0.0313930511474609 -0.0271892547607422 -0.0598526000976562 0.0216217041015625
-0.0417594909667969 -0.000308990478515626 0.0193386077880859 -0.015655517578125
-0.02069091796875 0.023284912109375 0.0370292663574219 -0.0597610473632813
-0.00925064086914063 0.022705078125 0.0186767578125 -0.10211181640625
-0.00211334228515625 0.01861572265625 -0.0449981689453125 -0.121353149414063
-0.00823974609375 0.018707275390625 -0.100738525390625 -0.0741424560546875
-0.0133552551269531 0.0197124481201172 -0.10089111328125 -0.0394058227539062
-0.0143833160400391 0.0195255279541016 -0.0992965698242187 -0.01727294921875
-0.0209751129150391 0.00380706787109375 -0.089569091796875 -0.0213623046875
-0.0224132537841797 -0.00324249267578125 -0.0685157775878906 -0.00424194335937499
-0.0276355743408203 -0.00748252868652343 -0.0655364990234375 0.0192337036132813
-0.0244979858398438 -0.0301895141601563 -0.0784454345703125 0.0351791381835937
-0.0128822326660156 -0.0482406616210938 -0.1085205078125 0.089569091796875
0.00862884521484376 -0.0631637573242188 -0.147109985351563 0.103515625
0.0757217407226563 -0.0658721923828125 -0.147506713867188 -0.0218505859375
0.0294456481933594 -0.0394058227539063 -0.0500602722167969 0.00862121582031249
0.0113487243652344 -0.03533935546875 0.0291271209716797 -0.0276603698730469
0.00665092468261719 -0.0169992446899414 0.0421218872070312 -0.07061767578125
0.00085639953613281 -0.0228137969970703 0.0245742797851563 -0.107994079589844
-0.0153560638427734 -0.0214691162109375 -0.0395050048828125 -0.1229248046875
-0.0388107299804688 -0.0104026794433594 -0.0923843383789063 -0.0767822265625
-0.0483245849609375 -0.00881958007812501 -0.0889434814453125 -0.042266845703125
-0.0541191101074219 -0.0034637451171875 -0.0894927978515625 -0.0169525146484375
-0.0494575500488281 -0.0261383056640625 -0.0802230834960938 -0.0149307250976563
-0.0402679443359375 -0.0467147827148437 -0.0621757507324219 -0.000633239746093745
-0.0289077758789063 -0.0580329895019531 -0.0641593933105469 0.0182952880859375
0.0130157470703125 -0.0792160034179688 -0.068878173828125 0.0264434814453125
0.0351028442382812 -0.081390380859375 -0.0930404663085938 0.0780410766601562
0.076263427734375 -0.089080810546875 -0.123283386230469 0.0902786254882813
0.137863159179688 -0.0670547485351563 -0.111534118652344 -0.0392837524414063
0.091705322265625 -0.0464096069335938 -0.0249538421630859 -0.00205421447753906
0.0693359375 -0.0711441040039063 0.0452003479003906 -0.0357170104980469
0.0368461608886719 -0.0618362426757813 0.0497589111328125 -0.0773086547851563
0.010589599609375 -0.0721511840820313 0.0304946899414063 -0.105979919433594
-0.0282707214355469 -0.0620155334472656 -0.0299453735351563 -0.111930847167969
-0.0649337768554688 -0.0392990112304688 -0.0721664428710938 -0.070037841796875
-0.077117919921875 -0.0365447998046875 -0.0642738342285156 -0.0388603210449219
-0.0870819091796875 -0.0238037109375 -0.0648460388183594 -0.0137977600097656
-0.0729751586914063 -0.0504379272460937 -0.0578346252441406 -0.00375747680664063
-0.0574188232421875 -0.0805587768554688 -0.0491409301757813 0.00870132446289063
-0.0338287353515625 -0.0992660522460938 -0.0600090026855469 0.0215682983398437
0.0410995483398438 -0.121849060058594 -0.0610466003417969 0.0162773132324219
0.0741653442382813 -0.107254028320313 -0.0734481811523438 0.0541152954101562
0.13116455078125 -0.1044921875 -0.0819091796875 0.066436767578125
0.1785888671875 -0.0606231689453125 -0.05633544921875 -0.056121826171875
0.14117431640625 -0.05072021484375 0.0125513076782227 -0.0152721405029297
0.116355895996094 -0.103401184082031 0.0634231567382813 -0.0413627624511719
0.0588531494140625 -0.103866577148438 0.0581283569335938 -0.076080322265625
0.0143203735351562 -0.114395141601563 0.0367660522460937 -0.0920181274414063
-0.040802001953125 -0.0941314697265625 -0.0125961303710938 -0.087188720703125
-0.0831146240234375 -0.061614990234375 -0.0407447814941406 -0.0543632507324219
-0.0941085815429688 -0.058441162109375 -0.0303363800048828 -0.0300655364990234
-0.106758117675781 -0.0416793823242187 -0.0310649871826172 -0.00767707824707032
-0.0833587646484375 -0.0689620971679687 -0.0273838043212891 0.0096435546875
-0.0640716552734375 -0.1041259765625 -0.0315933227539063 0.0195732116699219
-0.032470703125 -0.126289367675781 -0.0523529052734375 0.024505615234375
0.06500244140625 -0.145767211914063 -0.0527114868164063 0.00590896606445311
0.106117248535156 -0.117103576660156 -0.0528602600097656 0.0226249694824219
0.167816162109375 -0.102828979492188 -0.0293235778808594 0.0369644165039063
0.188858032226563 -0.048187255859375 0.00796508789062501 -0.0723953247070313
0.163131713867188 -0.047271728515625 0.0550956726074219 -0.03369140625
0.140289306640625 -0.118667602539062 0.0784988403320313 -0.0454330444335938
0.0673904418945312 -0.126853942871094 0.0643043518066406 -0.0670700073242188
0.01287841796875 -0.136016845703125 0.0445327758789062 -0.0676193237304688
-0.0490493774414063 -0.109046936035156 0.0116004943847656 -0.0538902282714844
-0.0891876220703125 -0.0727615356445313 -0.00117874145507813 -0.0333786010742188
-0.097869873046875 -0.071258544921875 0.00808906555175781 -0.01776123046875
-0.108741760253906 -0.05560302734375 0.00625181198120116 0.00278139114379882
-0.0774993896484375 -0.0812301635742188 0.00472831726074218 0.0266971588134766
-0.0539169311523437 -0.115898132324219 -0.0136623382568359 0.0329761505126953
-0.017181396484375 -0.135414123535156 -0.0432243347167969 0.0269012451171875
0.0894317626953125 -0.144989013671875 -0.042999267578125 -0.00432205200195314
0.128135681152344 -0.102958679199219 -0.0284175872802734 -0.00955772399902344
0.181854248046875 -0.0802764892578125 0.0277118682861328 0.00974464416503906
0.166183471679688 -0.0282745361328125 0.068145751953125 -0.088287353515625
0.152603149414063 -0.0350799560546875 0.0921096801757813 -0.0562210083007813
0.134979248046875 -0.108390808105469 0.0859146118164063 -0.0494842529296875
0.061767578125 -0.121009826660156 0.0667800903320313 -0.0538673400878906
0.00985717773437501 -0.128684997558594 0.0516128540039062 -0.0387916564941406
-0.0478515625 -0.102920532226562 0.0387039184570313 -0.0204544067382813
-0.0802536010742188 -0.0709991455078125 0.039520263671875 -0.0133247375488281
-0.08538818359375 -0.0731048583984375 0.0443191528320313 -0.00254058837890625
-0.0945816040039063 -0.063385009765625 0.0416984558105469 0.017822265625
-0.05841064453125 -0.0846633911132812 0.0302162170410156 0.0481452941894531
-0.029388427734375 -0.112701416015625 -0.00136566162109375 0.0500526428222656
0.00861358642578125 -0.123954772949219 -0.0346336364746094 0.0304145812988281
0.107696533203125 -0.117019653320312 -0.0318393707275391 -0.0101242065429688
0.136398315429687 -0.0675277709960937 -0.00198745727539062 -0.0328788757324219
0.1697998046875 -0.0428924560546875 0.0823822021484375 -0.00749969482421875
0.116798400878906 -0.00345611572265625 0.113105773925781 -0.100868225097656
0.116096496582031 -0.0135116577148437 0.114219665527344 -0.0772018432617188
0.106819152832031 -0.0743331909179687 0.0839767456054688 -0.0499038696289063
0.0470046997070313 -0.0888519287109375 0.065765380859375 -0.0395736694335938
0.00879669189453126 -0.095123291015625 0.0567169189453125 -0.0135002136230469
-0.035125732421875 -0.0792312622070313 0.0623893737792969 0.00525665283203124
-0.05828857421875 -0.0580406188964844 0.0734634399414063 0.0022735595703125
-0.0615425109863281 -0.0636672973632812 0.0723342895507813 0.0125198364257812
-0.0683441162109375 -0.0612258911132813 0.0684242248535156 0.0371818542480469
-0.033294677734375 -0.075714111328125 0.0457611083984375 0.0731353759765625
-0.00386810302734376 -0.0935592651367187 0.00217819213867188 0.0699920654296875
0.0309371948242187 -0.0957183837890625 -0.0297622680664062 0.0368385314941406
0.110137939453125 -0.0722198486328125 -0.0205326080322266 -0.00743293762207031
0.124053955078125 -0.0228042602539063 0.0248260498046875 -0.0402030944824219
0.132034301757813 -0.000518798828125 0.127029418945313 -0.00907135009765625
0.0512504577636719 0.0265579223632813 0.135917663574219 -0.107688903808594
0.0651626586914063 0.0142822265625 0.119125366210938 -0.0910263061523438
0.0668716430664063 -0.0268898010253906 0.0763015747070313 -0.0468978881835938
0.0316200256347656 -0.0408477783203125 0.0634307861328125 -0.0276298522949219
0.01287841796875 -0.0472297668457031 0.0591087341308594 0.00337600708007812
-0.0117149353027344 -0.0451087951660156 0.0773544311523438 0.0194168090820312
-0.0247039794921875 -0.0379753112792969 0.0951156616210938 0.0112991333007813
-0.0288009643554687 -0.0437278747558594 0.0893630981445313 0.02490234375
-0.0356674194335938 -0.0470199584960938 0.0850906372070312 0.0562362670898438
-0.0117835998535156 -0.0530471801757813 0.0501785278320312 0.0969085693359375
0.0108528137207031 -0.0623741149902344 -0.0012054443359375 0.0888442993164063
0.0367698669433594 -0.0583152770996094 -0.0283737182617188 0.04705810546875
0.0885238647460938 -0.0288467407226563 -0.014678955078125 0.00339221954345703
0.088775634765625 0.0159835815429688 0.0441093444824219 -0.0309333801269531
0.07293701171875 0.0357208251953125 0.155120849609375 0.002716064453125
0.00123977661132812 -0.0552444458007813 -0.160781860351563 0.00798034667968752
-0.0331344604492188 -0.0252609252929688 -0.05780029296875 0.0266342163085937
-0.0423049926757813 0.00246429443359375 0.0196475982666016 -0.0155200958251953
-0.0188827514648437 0.0241775512695312 0.0349998474121094 -0.0613059997558594
-0.00714874267578125 0.0228672027587891 0.0130691528320313 -0.103851318359375
-0.00107002258300781 0.0178337097167969 -0.0533447265625 -0.118919372558594
-0.00786399841308594 0.0193023681640625 -0.105445861816406 -0.0660018920898438
-0.0124397277832031 0.0201683044433594 -0.10272216796875 -0.0312728881835937
-0.0132236480712891 0.0199241638183594 -0.1002197265625 -0.00942993164062498
-0.0206966400146484 0.00479698181152344 -0.0930709838867188 -0.0143508911132813
-0.0225410461425781 -0.00248146057128906 -0.070526123046875 -6.10351562500128E-05
-0.0277900695800781 -0.00565338134765625 -0.0650367736816406 0.0225639343261719
-0.0264739990234375 -0.0287284851074219 -0.076385498046875 0.03936767578125
-0.0165214538574219 -0.047607421875 -0.102546691894531 0.0964813232421875
0.0038604736328125 -0.063690185546875 -0.13983154296875 0.11480712890625
0.0720901489257813 -0.0706787109375 -0.147735595703125 -0.011627197265625
0.0266494750976563 -0.0416755676269531 -0.048370361328125 0.01312255859375
0.00848007202148438 -0.0361251831054687 0.0286540985107422 -0.0280570983886719
0.00595283508300781 -0.0174713134765625 0.0394210815429687 -0.0727310180664063
-0.000768661499023439 -0.0229930877685547 0.0185623168945313 -0.110504150390625
-0.016937255859375 -0.021026611328125 -0.0478668212890625 -0.121330261230469
-0.0398521423339844 -0.00809097290039062 -0.0970840454101563 -0.0700225830078125
-0.0493202209472656 -0.00534057617187499 -0.0914154052734375 -0.0341949462890625
-0.0547981262207031 0.000122070312500004 -0.0909805297851563 -0.00953674316406249
-0.0515098571777344 -0.0234527587890625 -0.0829696655273438 -0.00861358642578127
-0.0435256958007813 -0.0438117980957031 -0.0643501281738281 0.00380325317382813
-0.0323867797851562 -0.0562553405761719 -0.0635147094726563 0.0224647521972656
0.00701904296874999 -0.0805587768554688 -0.0682487487792969 0.0300636291503906
0.0297164916992188 -0.0836639404296875 -0.08770751953125 0.0839309692382813
0.069732666015625 -0.094573974609375 -0.117256164550781 0.100189208984375
0.133743286132813 -0.0768203735351563 -0.112335205078125 -0.0309371948242187
0.0890350341796875 -0.0526504516601563 -0.0239505767822266 0.00130653381347656
0.0636978149414063 -0.0762481689453125 0.0444488525390625 -0.0371665954589844
0.0329055786132813 -0.0642356872558594 0.0462799072265625 -0.079376220703125
0.00574493408203125 -0.07293701171875 0.0238418579101563 -0.108596801757813
-0.0324363708496094 -0.0605430603027344 -0.036712646484375 -0.110504150390625
-0.0677337646484375 -0.0346488952636719 -0.0764083862304688 -0.064117431640625
-0.079742431640625 -0.030731201171875 -0.0668373107910156 -0.0333061218261719
-0.0891265869140625 -0.0175399780273438 -0.0667076110839844 -0.00777053833007814
-0.076629638671875 -0.0458450317382812 -0.0596046447753906 0.000671386718749991
-0.0629119873046875 -0.0772247314453125 -0.051361083984375 0.0118446350097656
-0.040374755859375 -0.096710205078125 -0.0595855712890625 0.0256271362304687
0.0317153930664062 -0.124824523925781 -0.0611915588378906 0.0195541381835938
0.0673980712890625 -0.112335205078125 -0.0696601867675781 0.0595817565917969
0.123680114746094 -0.114814758300781 -0.0771026611328125 0.07379150390625
0.175552368164063 -0.07427978515625 -0.0584297180175781 -0.0513076782226563
0.138137817382813 -0.0604934692382813 0.0127067565917969 -0.0140857696533203
0.108757019042969 -0.112411499023437 0.0621185302734375 -0.0431976318359375
0.05181884765625 -0.107841491699219 0.0547561645507812 -0.0790328979492187
0.00620269775390624 -0.115257263183594 0.0320510864257812 -0.0948944091796875
-0.0473861694335937 -0.0916290283203125 -0.0179443359375 -0.08673095703125
-0.0875473022460938 -0.055877685546875 -0.0434494018554688 -0.0510482788085937
-0.0987930297851562 -0.0506439208984375 -0.0324554443359375 -0.0275230407714844
-0.109321594238281 -0.0333328247070313 -0.0327606201171875 -0.00382614135742187
-0.0886459350585938 -0.0630569458007812 -0.0282382965087891 0.0121364593505859
-0.0711822509765625 -0.09967041015625 -0.0325355529785156 0.0216560363769531
-0.0407028198242187 -0.123916625976562 -0.0526542663574219 0.02862548828125
0.0538177490234375 -0.151901245117188 -0.0543670654296875 0.00799942016601562
0.0985565185546875 -0.12457275390625 -0.0513572692871094 0.0261192321777344
0.160049438476563 -0.114959716796875 -0.0269508361816406 0.040618896484375
0.186431884765625 -0.0618896484375 0.00385284423828127 -0.0725021362304688
0.160324096679688 -0.059661865234375 0.0537910461425781 -0.0363197326660156
0.131507873535156 -0.1295166015625 0.076416015625 -0.0484848022460938
0.0583724975585937 -0.131454467773438 0.0611686706542969 -0.0698318481445313
0.00306701660156251 -0.136962890625 0.0409088134765625 -0.07110595703125
-0.0568771362304688 -0.106201171875 0.00889968872070313 -0.0553970336914063
-0.0944976806640625 -0.0667953491210938 -0.00265693664550782 -0.0338325500488281
-0.103103637695313 -0.063140869140625 0.00669097900390624 -0.0178451538085938
-0.112968444824219 -0.0470504760742187 0.00574779510498046 0.00349617004394531
-0.0836410522460938 -0.0754623413085937 0.00547027587890624 0.026336669921875
-0.0618438720703125 -0.112129211425781 -0.014007568359375 0.0343799591064453
-0.0264968872070313 -0.133659362792969 -0.0433120727539063 0.0301284790039062
0.077606201171875 -0.152450561523438 -0.0454826354980469 -0.00252532958984376
0.121490478515625 -0.111968994140625 -0.0297164916992187 -0.00783538818359376
0.17578125 -0.0947418212890625 0.0282840728759766 0.00902748107910156
0.164871215820313 -0.0407867431640625 0.0635528564453125 -0.0925064086914063
0.151153564453125 -0.0468292236328125 0.0886383056640625 -0.061767578125
0.127372741699219 -0.118850708007813 0.083526611328125 -0.0530776977539063
0.053466796875 -0.125358581542969 0.0641670227050781 -0.057464599609375
0.000526428222656254 -0.12921142578125 0.0499038696289063 -0.0423545837402344
-0.0555496215820312 -0.09967041015625 0.0388298034667969 -0.0237388610839844
-0.0855636596679688 -0.065521240234375 0.0391311645507812 -0.0163841247558594
-0.0917282104492188 -0.0659408569335937 0.0433464050292969 -0.00610351562500001
-0.0991592407226563 -0.055572509765625 0.0416984558105469 0.0153312683105469
-0.0642776489257813 -0.0805740356445313 0.0329093933105469 0.0457649230957031
-0.0373077392578125 -0.110511779785156 0.000339508056640617 0.0506477355957031
0.000221252441406261 -0.124481201171875 -0.03485107421875 0.0330772399902344
0.0988998413085938 -0.125373840332031 -0.0347900390625 -0.00921058654785157
0.132156372070313 -0.077301025390625 -0.00436973571777343 -0.0328922271728516
0.166275024414063 -0.0564422607421875 0.0811386108398438 -0.0125274658203125
0.11749267578125 -0.0112991333007812 0.106842041015625 -0.109107971191406
0.115936279296875 -0.0220870971679688 0.109321594238281 -0.084503173828125
0.101699829101563 -0.0830001831054687 0.0819625854492188 -0.0541763305664063
0.0414886474609375 -0.0921096801757813 0.063934326171875 -0.0426559448242188
0.00135040283203125 -0.096343994140625 0.0569534301757813 -0.0165328979492188
-0.0408782958984375 -0.0771484375 0.0641059875488281 0.000465393066406245
-0.0620231628417969 -0.0537910461425781 0.0738449096679688 -0.00417327880859375
-0.066131591796875 -0.0583229064941406 0.0728302001953125 0.00676727294921875
-0.0723724365234375 -0.05499267578125 0.0704421997070312 0.0321502685546875
-0.0386505126953125 -0.0738677978515625 0.0502853393554688 0.0695762634277344
-0.010101318359375 -0.09332275390625 0.00554275512695313 0.0700187683105469
0.0242767333984375 -0.0976333618164063 -0.0289649963378906 0.0393486022949219
0.1043701171875 -0.080841064453125 -0.0231609344482422 -0.00732040405273438
0.122398376464844 -0.0314407348632813 0.0212326049804688 -0.0419349670410156
0.131942749023438 -0.0104217529296875 0.1256103515625 -0.0168991088867187
0.0530586242675781 0.0229339599609375 0.128753662109375 -0.118110656738281
0.0669784545898438 0.0097808837890625 0.112701416015625 -0.0994796752929688
0.0648574829101563 -0.0327644348144531 0.0739364624023438 -0.0503158569335938
0.0283851623535156 -0.0426445007324219 0.0624313354492188 -0.0305824279785156
0.00934982299804687 -0.0479583740234375 0.0604248046875 7.62939453124971E-05
-0.0152816772460937 -0.0441627502441406 0.080657958984375 0.0134429931640625
-0.0271530151367188 -0.0364608764648437 0.0958328247070313 0.00366973876953125
-0.0319938659667969 -0.0413017272949219 0.0901947021484375 0.0176467895507812
-0.0387763977050781 -0.0435371398925781 0.0882186889648438 0.050140380859375
-0.0152816772460938 -0.0518341064453125 0.0565719604492188 0.092529296875
0.00673294067382813 -0.0630302429199219 0.0037689208984375 0.0889968872070313
0.0329017639160156 -0.060760498046875 -0.0271492004394531 0.0484161376953125
0.0862808227539063 -0.0353164672851563 -0.0158414840698242 0.00310230255126953
0.0903091430664063 0.00945281982421875 0.0408439636230469 -0.03460693359375
0.0752334594726563 0.0299758911132813 0.154525756835938 -0.00738525390625
-0.00115966796875 -0.0544090270996094 -0.157302856445313 0.0157318115234375
-0.0340900421142578 -0.0235633850097656 -0.0549468994140625 0.0301399230957031
-0.0419807434082031 0.004913330078125 0.019561767578125 -0.0153484344482422
-0.017242431640625 0.0245323181152344 0.0333404541015625 -0.0616950988769531
-0.00542640686035156 0.0226402282714844 0.00931549072265626 -0.104011535644531
-0.000427246093749999 0.0172262191772461 -0.0583267211914063 -0.115127563476563
-0.0070037841796875 0.0190849304199219 -0.106376647949219 -0.0588912963867187
-0.0111904144287109 0.0205726623535156 -0.102340698242188 -0.024444580078125
-0.0124397277832031 0.0195217132568359 -0.099365234375 -0.00283813476562498
-0.0205554962158203 0.00504302978515625 -0.094024658203125 -0.00821685791015625
-0.0225238800048828 -0.000860214233398433 -0.0709991455078125 0.0036163330078125
-0.0274276733398437 -0.00394058227539063 -0.0638542175292969 0.0246467590332031
-0.0277137756347656 -0.0272502899169922 -0.074005126953125 0.0410537719726563
-0.0188941955566406 -0.0462760925292969 -0.0961532592773438 0.0999984741210938
0.000396728515624998 -0.0622444152832031 -0.131980895996094 0.121238708496094
0.0682754516601563 -0.0741424560546875 -0.14501953125 -0.00337219238281249
0.02447509765625 -0.0430679321289063 -0.0456771850585938 0.0164566040039063
0.00606918334960937 -0.0359878540039063 0.027923583984375 -0.0282115936279297
0.00527667999267578 -0.0173559188842773 0.037261962890625 -0.0728607177734375
-0.00129318237304688 -0.0225009918212891 0.0140838623046875 -0.110488891601562
-0.0177211761474609 -0.0199527740478516 -0.0531005859375 -0.117607116699219
-0.0403709411621094 -0.00566482543945313 -0.0986328125 -0.0635604858398437
-0.0490570068359375 -0.00239944458007812 -0.09173583984375 -0.02801513671875
-0.0538673400878906 0.00317001342773438 -0.0901412963867188 -0.00301361083984374
-0.0521316528320313 -0.0209274291992188 -0.08355712890625 -0.00325775146484376
-0.0457687377929688 -0.0415115356445313 -0.0656471252441406 0.00684356689453125
-0.0346450805664062 -0.0530128479003906 -0.0624465942382813 0.02471923828125
0.00208282470703125 -0.0799713134765625 -0.0663070678710938 0.0312423706054687
0.0248184204101563 -0.0838088989257813 -0.0814590454101562 0.0872268676757813
0.0639572143554687 -0.0970230102539063 -0.110061645507813 0.10589599609375
0.128776550292969 -0.0830535888671875 -0.110908508300781 -0.0245132446289062
0.0851974487304688 -0.0569229125976563 -0.0222511291503906 0.00319099426269531
0.0580825805664063 -0.0788955688476563 0.0432815551757813 -0.0373191833496094
0.0294380187988281 -0.0649604797363281 0.0444564819335937 -0.0795745849609375
0.0019073486328125 -0.0721969604492188 0.0197372436523438 -0.108657836914063
-0.0355377197265625 -0.0592269897460938 -0.0413436889648437 -0.107322692871094
-0.0691337585449219 -0.0312881469726563 -0.0779953002929688 -0.0592575073242187
-0.0808868408203125 -0.0244827270507813 -0.0677604675292969 -0.028472900390625
-0.0887069702148438 -0.011993408203125 -0.0662727355957031 -0.00271224975585938
-0.0777359008789063 -0.0416488647460938 -0.0601844787597656 0.00421905517578124
-0.0664215087890625 -0.0729217529296875 -0.0521278381347656 0.0143966674804687
-0.044219970703125 -0.0931167602539063 -0.05902099609375 0.0282936096191406
0.0240707397460937 -0.125373840332031 -0.0607070922851562 0.0209121704101562
0.0613937377929688 -0.114204406738281 -0.0652236938476563 0.0615730285644531
0.115310668945312 -0.119888305664062 -0.07220458984375 0.0779266357421875
0.169357299804687 -0.0827484130859375 -0.0583343505859375 -0.0473442077636719
0.133514404296875 -0.0673980712890625 0.0132045745849609 -0.013453483581543
0.100883483886719 -0.1171875 0.0606193542480469 -0.0432472229003906
0.0456085205078125 -0.10888671875 0.0514755249023437 -0.0787506103515625
6.10351562499902E-05 -0.114089965820312 0.0282974243164062 -0.095367431640625
-0.0512466430664063 -0.0888214111328125 -0.0212936401367188 -0.0849990844726563
-0.090057373046875 -0.0506515502929688 -0.0450363159179688 -0.0481338500976563
-0.100692749023438 -0.044036865234375 -0.0335979461669922 -0.0246868133544922
-0.109809875488281 -0.0263519287109375 -0.0329990386962891 -0.000858306884765628
-0.0904083251953125 -0.0577850341796875 -0.028717041015625 0.0138931274414062
-0.0756988525390625 -0.0951156616210938 -0.0334835052490234 0.0238666534423828
-0.0470352172851563 -0.1192626953125 -0.0518608093261719 0.0307693481445313
0.0439300537109375 -0.152664184570312 -0.0554428100585938 0.00991058349609375
0.0905838012695312 -0.126899719238281 -0.0489273071289062 0.0279006958007813
0.150909423828125 -0.122848510742188 -0.0243606567382812 0.0427742004394531
0.1812744140625 -0.0712127685546875 0.00238037109375001 -0.071197509765625
0.155807495117188 -0.067230224609375 0.0518112182617188 -0.0369300842285156
0.122535705566406 -0.135047912597656 0.074127197265625 -0.0498580932617188
0.0510940551757813 -0.132209777832031 0.0583953857421875 -0.0707321166992188
-0.00450134277343751 -0.135086059570313 0.0384597778320313 -0.0718536376953125
-0.0613861083984375 -0.101997375488281 0.00694656372070312 -0.0555381774902344
-0.0974044799804688 -0.0605545043945312 -0.00405120849609375 -0.0334396362304688
-0.105133056640625 -0.0556106567382813 0.00509834289550781 -0.0175952911376953
-0.113548278808594 -0.0399856567382813 0.00497961044311523 0.00421094894409179
-0.0866928100585938 -0.07080078125 0.00491905212402343 0.0260047912597656
-0.0668411254882812 -0.107627868652344 -0.0139179229736328 0.0349521636962891
-0.0328369140625 -0.130584716796875 -0.0429420471191406 0.0322799682617187
0.0679168701171875 -0.154617309570313 -0.0474433898925781 -0.00138854980468751
0.114669799804687 -0.116981506347656 -0.0299243927001953 -0.00652694702148438
0.167633056640625 -0.103591918945313 0.0279254913330078 0.00863647460937499
0.160903930664063 -0.0487518310546875 0.0595626831054688 -0.0942306518554687
0.147140502929688 -0.0545196533203125 0.0852508544921875 -0.0637969970703125
0.118942260742187 -0.12396240234375 0.0812530517578125 -0.0544662475585938
0.0469512939453125 -0.125930786132813 0.061981201171875 -0.05841064453125
-0.00669860839843749 -0.127708435058594 0.0486488342285156 -0.043975830078125
-0.0596466064453125 -0.0957412719726563 0.0380096435546875 -0.0256423950195313
-0.088470458984375 -0.0599212646484375 0.0380172729492187 -0.0198478698730469
-0.0944366455078125 -0.0589675903320313 0.0413970947265625 -0.008087158203125
-0.100189208984375 -0.0482330322265625 0.0409202575683594 0.0138206481933594
-0.0673751831054688 -0.0766830444335938 0.0340232849121094 0.0433425903320312
-0.042724609375 -0.107032775878906 0.000644683837890619 0.0505828857421875
-0.0056915283203125 -0.122688293457031 -0.0344409942626953 0.0349578857421875
0.089447021484375 -0.129310607910156 -0.0366172790527344 -0.00838088989257813
0.126853942871094 -0.0828628540039063 -0.00722122192382812 -0.0326004028320313
0.16046142578125 -0.064910888671875 0.0787277221679688 -0.0150604248046875
0.115257263183594 -0.0178604125976563 0.101142883300781 -0.112907409667969
0.113685607910156 -0.028106689453125 0.103782653808594 -0.0880126953125
0.0961074829101563 -0.0878677368164063 0.07861328125 -0.0560455322265625
0.0371246337890625 -0.092315673828125 0.0616569519042969 -0.04443359375
-0.00379180908203126 -0.094818115234375 0.056243896484375 -0.0190505981445313
-0.044281005859375 -0.0739593505859375 0.0650138854980469 -0.0032958984375
-0.0641326904296875 -0.0499458312988281 0.0732574462890625 -0.00897216796875
-0.0687751770019531 -0.0529670715332031 0.0708465576171875 0.00234222412109375
-0.0740432739257813 -0.0494155883789062 0.0694160461425781 0.0281181335449219
-0.0416107177734375 -0.0705490112304688 0.0523529052734375 0.0654525756835938
-0.0148162841796875 -0.0916748046875 0.00726318359374999 0.0691070556640625
0.0196304321289063 -0.0973052978515625 -0.0288162231445313 0.0404472351074219
0.0981826782226562 -0.08563232421875 -0.0250034332275391 -0.00723457336425782
0.119209289550781 -0.0370864868164063 0.0178604125976563 -0.0424003601074219
0.129013061523438 -0.01751708984375 0.1219482421875 -0.0220184326171875
0.053985595703125 0.0201416015625 0.121734619140625 -0.122634887695312
0.0666770935058594 0.00548171997070313 0.106369018554688 -0.102439880371094
0.0624198913574219 -0.0366325378417969 0.07122802734375 -0.0523300170898437
0.0266952514648438 -0.0438079833984375 0.0606613159179688 -0.0323944091796875
0.006134033203125 -0.0480461120605469 0.0606842041015625 -0.00238037109375
-0.0176353454589844 -0.0424118041992188 0.0821380615234375 0.008544921875
-0.0286407470703125 -0.0344963073730469 0.0950927734375 -0.003082275390625
-0.0338554382324219 -0.0383872985839844 0.0889358520507813 0.0122756958007812
-0.0407257080078125 -0.0394096374511719 0.0887985229492188 0.044464111328125
-0.0180130004882813 -0.0506668090820312 0.0599822998046875 0.0873870849609375
0.00352096557617188 -0.0627593994140625 0.00661468505859376 0.0880661010742188
0.0294380187988281 -0.0615501403808594 -0.0263633728027344 0.0493049621582031
0.082855224609375 -0.0395050048828125 -0.0174312591552734 0.00297069549560547
0.0892105102539063 0.00521087646484375 0.0369071960449219 -0.036590576171875
0.0755767822265625 0.024932861328125 0.150634765625 -0.014007568359375
-0.00241470336914062 -0.0538749694824219 -0.154129028320313 0.0203704833984375
-0.0346088409423828 -0.0223026275634766 -0.0525856018066406 0.0320701599121094
-0.0416641235351563 0.00677490234375 0.0207958221435547 -0.0151557922363281
-0.0158710479736328 0.0241603851318359 0.033294677734375 -0.0617256164550781
-0.00423622131347656 0.0226631164550781 0.00675201416015626 -0.104522705078125
-0.000183105468749999 0.0171165466308594 -0.0618667602539062 -0.112747192382813
-0.00650978088378906 0.0195693969726563 -0.106689453125 -0.0542144775390625
-0.0106410980224609 0.0211467742919922 -0.101272583007813 -0.0200576782226562
-0.0120124816894531 0.0199146270751953 -0.0984649658203125 0.00131988525390627
-0.0207328796386719 0.00536346435546875 -0.095001220703125 -0.00428009033203127
-0.0227947235107422 -0.000593185424804691 -0.072418212890625 0.00572204589843749
-0.0271034240722656 -0.00254249572753907 -0.0630645751953125 0.0253562927246094
-0.0284042358398438 -0.0261859893798828 -0.0721817016601563 0.0411529541015625
-0.0201797485351563 -0.0452041625976563 -0.091461181640625 0.10198974609375
-0.0015716552734375 -0.0615119934082031 -0.127052307128906 0.1253662109375
0.0660400390625 -0.07562255859375 -0.142013549804687 0.000747680664062468
0.0231742858886719 -0.0436553955078125 -0.0438156127929688 0.0185317993164063
0.0043792724609375 -0.0362091064453125 0.0284347534179688 -0.0277423858642578
0.00455379486083984 -0.0175161361694336 0.0366668701171875 -0.0726852416992188
-0.00201034545898437 -0.0225925445556641 0.0117340087890625 -0.110519409179688
-0.0184211730957031 -0.0199337005615234 -0.056304931640625 -0.114921569824219
-0.0400009155273438 -0.00418090820312499 -0.099212646484375 -0.059112548828125
-0.0489692687988281 -0.000171661376953126 -0.0908203125 -0.0239028930664063
-0.0539817810058594 0.0050811767578125 -0.0892410278320313 0.00128936767578127
-0.05279541015625 -0.0197486877441406 -0.0844650268554688 0.000595092773437512
-0.0466499328613281 -0.0396041870117187 -0.0665931701660156 0.00880432128906251
-0.0355377197265625 -0.0515670776367187 -0.0621414184570313 0.0256309509277344
-0.00054168701171875 -0.079742431640625 -0.0660362243652344 0.0320663452148438
0.0221710205078125 -0.0842208862304688 -0.0774459838867188 0.0885543823242187
0.0602493286132812 -0.0981826782226563 -0.105003356933594 0.109298706054687
0.125801086425781 -0.0872573852539063 -0.108901977539062 -0.0207748413085938
0.082916259765625 -0.0603179931640625 -0.0203056335449219 0.00574302673339843
0.0543136596679688 -0.080413818359375 0.0433006286621094 -0.0367355346679688
0.0270271301269531 -0.0650444030761719 0.0432510375976563 -0.079376220703125
-0.000495910644531254 -0.0713348388671875 0.0179367065429687 -0.108665466308594
-0.037139892578125 -0.0576248168945313 -0.0440750122070313 -0.105110168457031
-0.0698661804199219 -0.0282630920410156 -0.0783843994140625 -0.0556106567382813
-0.0811920166015625 -0.0213394165039062 -0.0669174194335938 -0.0245590209960938
-0.088287353515625 -0.00879669189453123 -0.0656089782714844 0.00108718872070312
-0.078582763671875 -0.0391006469726562 -0.060943603515625 0.00768280029296875
-0.0683631896972656 -0.0702667236328125 -0.053436279296875 0.0165786743164062
-0.0465621948242187 -0.0905532836914063 -0.0587120056152344 0.0294265747070312
0.018768310546875 -0.125015258789062 -0.0610771179199219 0.0215339660644531
0.0572891235351563 -0.114830017089844 -0.0625228881835938 0.06304931640625
0.109954833984375 -0.122703552246094 -0.0684127807617188 0.0804061889648437
0.166122436523438 -0.0876312255859375 -0.0576095581054687 -0.0447654724121094
0.129806518554688 -0.0718536376953125 0.0138893127441406 -0.0119705200195313
0.0952606201171875 -0.119972229003906 0.0603790283203125 -0.0431289672851563
0.042236328125 -0.108734130859375 0.0509109497070313 -0.0788192749023438
-0.00395965576171874 -0.112594604492188 0.02606201171875 -0.0957183837890625
-0.0541229248046875 -0.08648681640625 -0.023162841796875 -0.0838470458984375
-0.0908889770507813 -0.0468902587890625 -0.0453758239746094 -0.0460853576660156
-0.101318359375 -0.0387802124023437 -0.033599853515625 -0.0223007202148438
-0.109443664550781 -0.0216140747070313 -0.0324592590332031 0.00173759460449218
-0.0911941528320312 -0.055206298828125 -0.0289840698242188 0.015380859375
-0.0786285400390625 -0.09149169921875 -0.0347003936767578 0.0251655578613281
-0.049530029296875 -0.116897583007813 -0.0514144897460938 0.0324821472167969
0.037933349609375 -0.152603149414063 -0.0560646057128906 0.0102653503417969
0.0862884521484375 -0.129219055175781 -0.0474052429199219 0.0292243957519531
0.14520263671875 -0.127044677734375 -0.0225257873535156 0.0438766479492188
0.177749633789062 -0.0771636962890625 0.00198364257812501 -0.0701789855957031
0.1517333984375 -0.072479248046875 0.0512580871582031 -0.0362548828125
0.116157531738281 -0.138671875 0.0734329223632813 -0.0495071411132813
0.0470657348632813 -0.132148742675781 0.0575103759765625 -0.07061767578125
-0.00982666015624998 -0.13360595703125 0.0374603271484375 -0.0721054077148438
-0.0650711059570313 -0.0993499755859375 0.00641250610351563 -0.0555877685546875
-0.0984649658203125 -0.056549072265625 -0.00465583801269532 -0.0337543487548828
-0.106498718261719 -0.0506439208984375 0.0043487548828125 -0.0167331695556641
-0.113449096679688 -0.0344085693359375 0.00473356246948241 0.00538158416748047
-0.0878372192382813 -0.0674285888671875 0.00469970703124999 0.0261116027832031
-0.0703811645507812 -0.104049682617187 -0.0149192810058594 0.0358695983886719
-0.0365447998046875 -0.12774658203125 -0.0431632995605469 0.0338973999023438
0.0610809326171875 -0.155654907226563 -0.0491867065429688 -0.000625610351562509
0.110000610351563 -0.119125366210938 -0.0299243927001953 -0.00544166564941407
0.162460327148437 -0.108566284179688 0.0281009674072266 0.00880622863769531
0.15838623046875 -0.0545196533203125 0.0573654174804688 -0.09515380859375
0.144500732421875 -0.059173583984375 0.0830154418945313 -0.064300537109375
0.113388061523438 -0.12811279296875 0.0795211791992188 -0.0545806884765625
0.043212890625 -0.125572204589844 0.0605697631835937 -0.057861328125
-0.0115280151367188 -0.126091003417969 0.0487213134765625 -0.0444984436035156
-0.0629730224609375 -0.0930633544921875 0.0384597778320312 -0.0270614624023438
-0.08984375 -0.056365966796875 0.0371437072753906 -0.0216064453125
-0.0955276489257812 -0.05462646484375 0.0406379699707031 -0.00904464721679688
-0.101127624511719 -0.0429534912109375 0.0402603149414062 0.0131111145019531
-0.0691452026367188 -0.0735855102539063 0.0332794189453125 0.0421218872070312
-0.0460586547851562 -0.104721069335937 0.000381469726562495 0.050933837890625
-0.00955963134765626 -0.121139526367188 -0.0347747802734375 0.0363540649414062
0.083831787109375 -0.131080627441406 -0.0385589599609375 -0.00805282592773438
0.12322998046875 -0.086456298828125 -0.00847625732421874 -0.0320034027099609
0.156097412109375 -0.06982421875 0.0772933959960938 -0.01617431640625
0.113685607910156 -0.0217742919921875 0.09747314453125 -0.115310668945312
0.111930847167969 -0.03155517578125 0.100517272949219 -0.0892105102539063
0.0917205810546875 -0.0908432006835938 0.0776596069335938 -0.05615234375
0.0341949462890625 -0.0923690795898438 0.0607414245605469 -0.0445480346679688
-0.0075225830078125 -0.0940933227539062 0.0567855834960938 -0.0198783874511719
-0.0466537475585937 -0.0712127685546875 0.0657844543457031 -0.00577163696289063
-0.0656471252441406 -0.0472755432128906 0.0719146728515625 -0.0122604370117188
-0.0700798034667969 -0.0491867065429688 0.0693817138671875 0.000640869140624997
-0.0747604370117188 -0.0452880859375 0.0692062377929687 0.0260391235351562
-0.0438919067382813 -0.0687980651855469 0.0524673461914063 0.0630340576171875
-0.0174102783203125 -0.0904922485351563 0.00774765014648438 0.0694580078125
0.0168685913085938 -0.0966415405273438 -0.0290107727050781 0.0414810180664062
0.0934600830078125 -0.08807373046875 -0.0269794464111328 -0.0072612762451172
0.117637634277344 -0.040557861328125 0.0152359008789063 -0.0427818298339844
0.126907348632813 -0.022186279296875 0.119621276855469 -0.0246200561523438
0.0537910461425781 0.0178794860839844 0.1175537109375 -0.125770568847656
0.0665092468261719 0.00399017333984375 0.101860046386719 -0.104499816894531
0.0602531433105469 -0.0389289855957031 0.06976318359375 -0.0530014038085938
0.0252761840820313 -0.0439682006835938 0.0600242614746094 -0.0322990417480469
0.00395965576171875 -0.0477867126464844 0.0617561340332031 -0.00342559814453125
-0.0191535949707031 -0.0414619445800781 0.0831756591796875 0.0053253173828125
-0.0290260314941406 -0.0334491729736328 0.0938034057617188 -0.0069427490234375
-0.0347633361816406 -0.036651611328125 0.0872650146484375 0.00884246826171875
-0.041473388671875 -0.0374183654785156 0.0877227783203125 0.041046142578125
-0.01904296875 -0.04937744140625 0.0613555908203125 0.0844497680664063
0.00140762329101563 -0.0625381469726563 0.00852203369140624 0.0878829956054688
0.0277366638183594 -0.0618896484375 -0.0262451171875 0.0503082275390625
0.08026123046875 -0.042083740234375 -0.0187854766845703 0.00226593017578125
0.088897705078125 0.002197265625 0.0343055725097656 -0.0372352600097656
0.075439453125 0.0229644775390625 0.14794921875 -0.0175323486328125
-0.00281143188476562 -0.0545578002929687 -0.15338134765625 0.0236053466796875
-0.0357437133789062 -0.0215377807617188 -0.05108642578125 0.0343360900878906
-0.0421409606933594 0.00809097290039063 0.0220413208007812 -0.0144157409667969
-0.0156955718994141 0.0249900817871094 0.034454345703125 -0.0628852844238281
-0.00316047668457031 0.0230979919433594 0.00494384765625 -0.106002807617188
0.000237464904785158 0.017033576965332 -0.065185546875 -0.112174987792969
-0.00646781921386719 0.0199470520019531 -0.107826232910156 -0.05145263671875
-0.0100936889648437 0.0218410491943359 -0.101577758789063 -0.01654052734375
-0.0117893218994141 0.0202426910400391 -0.09918212890625 0.00423431396484375
-0.0211639404296875 0.00594711303710937 -0.096405029296875 -0.000717163085937503
-0.0228404998779297 -0.000213623046874995 -0.0740890502929688 0.00743865966796876
-0.0269107818603516 -0.00215911865234375 -0.0640716552734375 0.0263099670410156
-0.0294628143310547 -0.0256843566894531 -0.072509765625 0.0419387817382813
-0.0214691162109375 -0.0449714660644531 -0.0891876220703125 0.104278564453125
-0.00317764282226563 -0.0614776611328125 -0.124519348144531 0.129920959472656
0.0651626586914063 -0.0783233642578125 -0.141387939453125 0.0038909912109375
0.0221443176269531 -0.0448074340820313 -0.0425262451171875 0.0207252502441406
0.00293350219726563 -0.0363121032714844 0.029815673828125 -0.0271110534667969
0.00458526611328125 -0.0180721282958984 0.037017822265625 -0.0738601684570313
-0.0022735595703125 -0.0230026245117188 0.0101699829101563 -0.112617492675781
-0.0193920135498047 -0.0200862884521484 -0.059722900390625 -0.11456298828125
-0.0408935546875 -0.00273895263671875 -0.100303649902344 -0.0563735961914063
-0.0493087768554687 0.00136947631835938 -0.0910186767578125 -0.0208358764648438
-0.0543632507324219 0.00682830810546876 -0.0894927978515625 0.0044097900390625
-0.0542755126953125 -0.0183486938476562 -0.0861358642578125 0.00385284423828126
-0.0480079650878906 -0.0387382507324219 -0.0685577392578125 0.0109367370605469
-0.0365486145019531 -0.0509185791015625 -0.0632553100585938 0.0267868041992188
-0.00334930419921874 -0.0800552368164063 -0.0667686462402344 0.0325164794921875
0.0202560424804688 -0.0849838256835938 -0.0751953125 0.090789794921875
0.0579299926757813 -0.100288391113281 -0.102714538574219 0.113494873046875
0.124893188476562 -0.0921173095703125 -0.107765197753906 -0.0184707641601563
0.08148193359375 -0.0633544921875 -0.0189094543457031 0.00732994079589843
0.0517196655273438 -0.0825042724609375 0.0448074340820312 -0.0364112854003906
0.0256996154785156 -0.0660209655761719 0.0437240600585938 -0.0802536010742188
-0.00205230712890624 -0.0717620849609375 0.0164260864257813 -0.110633850097656
-0.0390090942382812 -0.0572853088378906 -0.047027587890625 -0.10467529296875
-0.0716018676757813 -0.0263442993164063 -0.07977294921875 -0.0537109375
-0.08233642578125 -0.018829345703125 -0.0673370361328125 -0.0221977233886719
-0.0893020629882812 -0.00586700439453124 -0.0660858154296875 0.00410842895507811
-0.080078125 -0.037506103515625 -0.0628433227539063 0.0103874206542969
-0.070770263671875 -0.0692214965820313 -0.0554771423339844 0.0188446044921875
-0.048828125 -0.0899810791015625 -0.05926513671875 0.0308609008789062
0.015045166015625 -0.126312255859375 -0.0627670288085938 0.0221138000488281
0.0551681518554688 -0.117256164550781 -0.06097412109375 0.0649757385253906
0.107673645019531 -0.126808166503906 -0.066650390625 0.08380126953125
0.165237426757813 -0.09368896484375 -0.057281494140625 -0.0436553955078125
0.128913879394531 -0.0761184692382813 0.0151586532592774 -0.0112676620483399
0.0918121337890625 -0.123390197753906 0.061309814453125 -0.0427398681640625
0.0404815673828125 -0.110542297363281 0.0515365600585938 -0.0794754028320313
-0.00708770751953126 -0.113601684570312 0.0255279541015625 -0.0977859497070313
-0.057159423828125 -0.0859375 -0.0244827270507813 -0.0838699340820313
-0.093475341796875 -0.0447769165039062 -0.0465354919433594 -0.0453529357910156
-0.103286743164062 -0.035400390625 -0.0338611602783203 -0.0212726593017578
-0.110458374023437 -0.018341064453125 -0.0324993133544922 0.00404167175292969
-0.09283447265625 -0.0531463623046875 -0.0307903289794922 0.0172843933105469
-0.0814743041992188 -0.0899887084960937 -0.0365180969238281 0.0272636413574219
-0.0521316528320313 -0.116310119628906 -0.0523147583007812 0.0343055725097656
0.033355712890625 -0.154708862304687 -0.0579490661621094 0.0110626220703125
0.084381103515625 -0.131904602050781 -0.0469322204589844 0.0305213928222656
0.14288330078125 -0.132034301757813 -0.0213699340820312 0.0457725524902344
0.177352905273438 -0.08331298828125 0.00204467773437502 -0.0708389282226563
0.150726318359375 -0.077789306640625 0.0523567199707031 -0.0360145568847656
0.112197875976562 -0.14300537109375 0.074615478515625 -0.0492401123046875
0.0448760986328125 -0.133720397949219 0.0582504272460938 -0.0708389282226563
-0.013519287109375 -0.134284973144531 0.0374526977539063 -0.07391357421875
-0.0679779052734375 -0.0987548828125 0.00612258911132812 -0.0564918518066406
-0.101539611816406 -0.05419921875 -0.00520515441894532 -0.0338840484619141
-0.108978271484375 -0.04656982421875 0.00367259979248046 -0.0162992477416992
-0.114784240722656 -0.030426025390625 0.00456190109252929 0.00625848770141601
-0.0902481079101563 -0.0661163330078125 0.00368309020996093 0.0269374847412109
-0.0735092163085937 -0.1029052734375 -0.0165786743164063 0.0377311706542969
-0.0393142700195313 -0.127731323242188 -0.0436286926269531 0.0356101989746094
0.056365966796875 -0.158294677734375 -0.0512962341308594 -0.000549316406250008
0.108451843261719 -0.122802734375 -0.030914306640625 -0.00506782531738282
0.160110473632813 -0.113616943359375 0.0289688110351563 0.00955581665039062
0.158187866210938 -0.05975341796875 0.0567169189453125 -0.0973587036132813
0.143539428710938 -0.06329345703125 0.0829925537109375 -0.0653762817382813
0.110015869140625 -0.131607055664062 0.08013916015625 -0.0543975830078125
0.0408554077148438 -0.127120971679688 0.0613746643066406 -0.0587272644042969
-0.0155181884765625 -0.126449584960938 0.0493354797363281 -0.0463485717773438
-0.0659561157226563 -0.0922470092773438 0.0394859313964844 -0.0288658142089844
-0.0925979614257812 -0.0541458129882813 0.0369148254394531 -0.0233840942382813
-0.0977554321289062 -0.051177978515625 0.0401573181152344 -0.00973129272460938
-0.102088928222656 -0.03997802734375 0.0404891967773437 0.0130653381347656
-0.0717315673828125 -0.0726547241210938 0.0333442687988281 0.0417098999023437
-0.0494155883789063 -0.104240417480469 7.62939453124985E-05 0.0523262023925781
-0.0118026733398437 -0.121742248535156 -0.0354461669921875 0.0377998352050781
0.0803756713867188 -0.133651733398438 -0.0414085388183594 -0.00828552246093752
0.122291564941406 -0.0902099609375 -0.00998497009277343 -0.0320701599121094
0.155227661132813 -0.074493408203125 0.0774002075195313 -0.0168380737304688
0.114334106445312 -0.0248336791992187 0.0960922241210938 -0.118240356445313
0.11181640625 -0.0350723266601563 0.0996627807617188 -0.0914459228515625
0.0892333984375 -0.0941238403320313 0.077606201171875 -0.057220458984375
0.0331802368164063 -0.093963623046875 0.0614242553710938 -0.0449180603027344
-0.0107345581054688 -0.0942001342773438 0.0581588745117188 -0.0210227966308594
-0.0493850708007813 -0.0706405639648438 0.0680618286132813 -0.00789642333984375
-0.0674057006835938 -0.0453376770019531 0.0719528198242187 -0.01513671875
-0.07220458984375 -0.0468826293945313 0.0692367553710937 -0.00169754028320313
-0.0758285522460938 -0.043121337890625 0.0692329406738281 0.0248756408691406
-0.0458488464355469 -0.0678977966308594 0.0531120300292969 0.0623207092285156
-0.0201034545898438 -0.0908966064453125 0.00816726684570313 0.0702743530273438
0.0151824951171875 -0.0979080200195312 -0.0298576354980469 0.0424118041992187
0.0917816162109375 -0.0908432006835938 -0.0292568206787109 -0.00749015808105469
0.117500305175781 -0.0438613891601563 0.0133247375488281 -0.0432815551757813
0.126518249511719 -0.0253524780273438 0.119400024414063 -0.0259323120117188
0.0554275512695312 0.0164794921875 0.115577697753906 -0.129653930664063
0.06707763671875 0.001708984375 0.100265502929688 -0.107009887695313
0.0597190856933594 -0.0407638549804688 0.0700569152832031 -0.0533065795898438
0.0241546630859375 -0.0449256896972656 0.0605583190917969 -0.033050537109375
0.00231170654296875 -0.0481834411621094 0.0634918212890625 -0.00405502319335938
-0.020782470703125 -0.0406494140625 0.0857009887695312 0.0025482177734375
-0.0305747985839844 -0.032562255859375 0.0941848754882813 -0.0107040405273438
-0.0359115600585937 -0.03582763671875 0.0872573852539063 0.0068359375
-0.0417594909667969 -0.0358810424804688 0.088623046875 0.0384979248046875
-0.0202713012695312 -0.049163818359375 0.0626602172851563 0.0828094482421875
0.000251770019531256 -0.0629501342773438 0.0096893310546875 0.0886459350585938
0.0271530151367188 -0.0627784729003906 -0.026885986328125 0.0512428283691406
0.079864501953125 -0.0441741943359375 -0.0208911895751953 0.00189208984375
0.0892868041992188 0.0003204345703125 0.0327186584472656 -0.0381660461425781
0.075836181640625 0.02093505859375 0.147323608398438 -0.02020263671875
-0.00444412231445313 -0.0559005737304688 -0.154800415039062 0.0294189453125
-0.03662109375 -0.0205726623535156 -0.0506324768066406 0.0380477905273438
-0.042816162109375 0.00979995727539062 0.0233860015869141 -0.0146617889404297
-0.0154666900634766 0.0253448486328125 0.0345115661621094 -0.0652198791503906
-0.00151252746582031 0.0231723785400391 0.00254058837890625 -0.109527587890625
0.000644683837890624 0.0169591903686523 -0.0706558227539063 -0.112228393554687
-0.00594520568847656 0.0205650329589844 -0.111076354980469 -0.0479049682617188
-0.00970077514648437 0.0224361419677734 -0.103019714355469 -0.0122833251953125
-0.0120067596435547 0.0210285186767578 -0.100868225097656 0.00878906250000002
-0.0218410491943359 0.00677871704101562 -0.099884033203125 0.0035247802734375
-0.0237140655517578 0.000732421875000001 -0.0767059326171875 0.01068115234375
-0.0275592803955078 -0.00116348266601562 -0.066253662109375 0.0280799865722656
-0.0313034057617187 -0.0256423950195313 -0.0731277465820313 0.0430221557617188
-0.0237274169921875 -0.045013427734375 -0.0870819091796875 0.108268737792969
-0.00475692749023437 -0.0628318786621094 -0.122276306152344 0.137405395507813
0.0642318725585938 -0.0829849243164063 -0.142669677734375 0.00897216796875002
0.0212211608886719 -0.0470123291015625 -0.0409774780273438 0.0237541198730469
0.000690460205078123 -0.0374946594238281 0.030975341796875 -0.0274391174316406
0.00376701354980469 -0.0186405181884766 0.0375747680664063 -0.076202392578125
-0.00261497497558594 -0.0234470367431641 0.00704193115234376 -0.116127014160156
-0.0205287933349609 -0.0199604034423828 -0.0653152465820313 -0.115066528320313
-0.0421409606933594 -0.00123214721679688 -0.103378295898438 -0.0529937744140625
-0.0504074096679688 0.00401306152343751 -0.0924911499023438 -0.0170440673828125
-0.0557441711425781 0.00909042358398437 -0.091400146484375 0.00897979736328124
-0.0557975769042969 -0.0173530578613281 -0.0895614624023438 0.00817871093749998
-0.0503883361816406 -0.037994384765625 -0.0717697143554688 0.0140228271484375
-0.0388870239257813 -0.051055908203125 -0.0645713806152344 0.0286102294921875
-0.0067901611328125 -0.0818023681640625 -0.068511962890625 0.0338783264160156
0.018096923828125 -0.0873641967773438 -0.072845458984375 0.0944595336914063
0.0556488037109375 -0.104293823242188 -0.100723266601563 0.119880676269531
0.124435424804688 -0.099029541015625 -0.109207153320312 -0.0152664184570313
0.0808792114257813 -0.0678329467773438 -0.017481803894043 0.00945854187011718
0.048828125 -0.0865631103515625 0.0460548400878906 -0.0370063781738281
0.02447509765625 -0.0682640075683594 0.043853759765625 -0.0826416015625
-0.00484466552734375 -0.073211669921875 0.0136566162109375 -0.114479064941406
-0.0421295166015625 -0.0574111938476563 -0.0509033203125 -0.105316162109375
-0.0747451782226563 -0.023681640625 -0.0826950073242187 -0.0517654418945313
-0.0849609375 -0.0147476196289063 -0.0687026977539063 -0.0194435119628906
-0.0914077758789063 -0.00202178955078125 -0.0669784545898438 0.00771331787109376
-0.0834274291992188 -0.0356063842773438 -0.0651397705078125 0.01416015625
-0.0749893188476562 -0.0674514770507813 -0.058013916015625 0.0216598510742187
-0.0522613525390625 -0.0906219482421875 -0.0608329772949219 0.03302001953125
0.0105972290039062 -0.129013061523438 -0.0648689270019531 0.0235862731933594
0.0524749755859375 -0.121498107910156 -0.0592689514160156 0.0679969787597656
0.105545043945313 -0.133308410644531 -0.0645675659179687 0.0884170532226563
0.16595458984375 -0.10321044921875 -0.0578384399414063 -0.0429039001464844
0.128288269042969 -0.082977294921875 0.0165090560913086 -0.0103635787963867
0.0880584716796875 -0.129966735839844 0.063323974609375 -0.0439338684082031
0.0378799438476563 -0.114166259765625 0.051910400390625 -0.081817626953125
-0.01190185546875 -0.115470886230469 0.0234527587890625 -0.100921630859375
-0.0620040893554688 -0.0858306884765625 -0.026824951171875 -0.0849380493164063
-0.097259521484375 -0.0406723022460937 -0.0485801696777344 -0.0452423095703125
-0.106918334960937 -0.0313796997070313 -0.0345649719238281 -0.0195751190185547
-0.113479614257813 -0.0134735107421875 -0.0330924987792969 0.00693321228027343
-0.0972747802734375 -0.0514144897460938 -0.0319328308105469 0.019775390625
-0.0862655639648438 -0.0890655517578125 -0.0382118225097656 0.0302162170410156
-0.0571060180664063 -0.116996765136719 -0.0535392761230469 0.0369758605957031
0.0274658203125 -0.159744262695313 -0.0609893798828125 0.0125923156738281
0.0815811157226563 -0.137954711914062 -0.0465965270996094 0.032379150390625
0.14117431640625 -0.1400146484375 -0.0196876525878906 0.0482940673828125
0.177947998046875 -0.09246826171875 0.0011138916015625 -0.0724411010742188
0.151077270507812 -0.0845947265625 0.0531387329101563 -0.0377464294433594
0.108306884765625 -0.149703979492188 0.0762481689453125 -0.0511016845703125
0.0413742065429688 -0.138259887695313 0.059173583984375 -0.0735702514648438
-0.018890380859375 -0.136238098144531 0.0371932983398438 -0.0769271850585938
-0.0733108520507812 -0.0978469848632813 0.00584793090820311 -0.0578536987304688
-0.105667114257813 -0.0507583618164062 -0.00640487670898438 -0.0349578857421875
-0.112968444824219 -0.0422821044921875 0.00345325469970702 -0.0164308547973633
-0.117988586425781 -0.0261383056640625 0.00535869598388671 0.00725269317626953
-0.09381103515625 -0.0644378662109375 0.00347137451171875 0.0278606414794922
-0.0789718627929687 -0.102058410644531 -0.0175361633300781 0.0404624938964844
-0.0445785522460937 -0.128852844238281 -0.0449371337890625 0.0378494262695312
0.0511474609375 -0.16363525390625 -0.0547904968261719 0.001251220703125
0.106521606445312 -0.129371643066406 -0.031656265258789 -0.00431442260742189
0.159393310546875 -0.122100830078125 0.0297031402587891 0.00978660583496093
0.159698486328125 -0.0670928955078125 0.0561447143554688 -0.101448059082031
0.144195556640625 -0.0697784423828125 0.083770751953125 -0.0681076049804688
0.106590270996094 -0.139106750488281 0.0818099975585938 -0.0563201904296875
0.0381317138671875 -0.131004333496094 0.0629234313964844 -0.0605201721191406
-0.0205459594726562 -0.128334045410156 0.0505332946777344 -0.0491523742675781
-0.0707473754882812 -0.0916519165039063 0.0412750244140625 -0.0314903259277344
-0.0969619750976563 -0.051025390625 0.0365982055664062 -0.0254364013671875
-0.101669311523438 -0.0475006103515625 0.0405616760253906 -0.0106658935546875
-0.105377197265625 -0.0363311767578125 0.0413589477539062 0.0130577087402344
-0.075775146484375 -0.0720748901367188 0.033905029296875 0.0417060852050781
-0.0539016723632812 -0.104278564453125 0.000209808349609374 0.0545845031738281
-0.0155105590820313 -0.123626708984375 -0.0364761352539063 0.0399551391601562
0.0761642456054688 -0.139533996582031 -0.04461669921875 -0.00731658935546876
0.122344970703125 -0.0964813232421875 -0.0115985870361328 -0.0321636199951172
0.155899047851562 -0.0819854736328125 0.0785140991210938 -0.0185546875
0.115837097167969 -0.0303497314453125 0.0954208374023438 -0.124603271484375
0.1124267578125 -0.0395736694335937 0.0994415283203125 -0.0949554443359375
0.0872955322265625 -0.099456787109375 0.0788726806640625 -0.0586166381835938
0.0311279296875 -0.0969619750976563 0.0627937316894531 -0.0462226867675781
-0.0149383544921875 -0.0951309204101562 0.0604896545410156 -0.0237464904785156
-0.0531196594238281 -0.0695114135742188 0.0709152221679688 -0.0114364624023438
-0.0712738037109375 -0.043792724609375 0.0727920532226562 -0.018890380859375
-0.0755462646484375 -0.0442886352539062 0.0697784423828125 -0.00400924682617188
-0.0788192749023438 -0.040313720703125 0.0707244873046875 0.0237197875976563
-0.0489273071289063 -0.0679244995117188 0.0551033020019531 0.0619010925292969
-0.0238418579101563 -0.0919342041015625 0.009124755859375 0.0726089477539063
0.0123672485351563 -0.100814819335937 -0.0306968688964844 0.0447502136230469
0.0895614624023438 -0.0962371826171875 -0.0325183868408203 -0.00707244873046876
0.118843078613281 -0.0488433837890625 0.0115242004394531 -0.0443763732910156
0.128097534179688 -0.0305252075195313 0.120841979980469 -0.0297927856445313
0.0568466186523438 0.0147056579589844 0.1138916015625 -0.136344909667969
0.0682334899902344 -0.00011444091796875 0.0986480712890625 -0.110984802246094
0.0595016479492188 -0.0438079833984375 0.070709228515625 -0.0554275512695313
0.0242195129394531 -0.0464286804199219 0.0622787475585937 -0.0344047546386719
8.39233398437456E-05 -0.0488929748535156 0.0671615600585938 -0.00583267211914063
-0.0225410461425781 -0.0401649475097656 0.0890731811523438 -0.0012664794921875
-0.0324916839599609 -0.0314731597900391 0.0955657958984375 -0.0151901245117188
-0.0376930236816406 -0.0337905883789063 0.08837890625 0.00348663330078125
-0.0436553955078125 -0.0345306396484375 0.0902938842773437 0.0366668701171875
-0.0229377746582031 -0.0499916076660156 0.0656814575195313 0.0823516845703125
-0.0024566650390625 -0.0645370483398438 0.011505126953125 0.0911636352539063
0.0260696411132812 -0.06512451171875 -0.0274734497070313 0.0538253784179688
0.07952880859375 -0.0476608276367188 -0.0229377746582031 0.00206756591796875
0.0915374755859375 -0.003082275390625 0.0304222106933594 -0.0405158996582031
0.0778045654296875 0.0193328857421875 0.149734497070313 -0.02386474609375
-0.0262997300306203 0.0279323194609604 -0.106246570970296 -0.110497610007521
0.0107035789936434 0.0386967312393982 -0.053259258429504 -0.0300790355060295
0.0324711946718166 0.0314776937012453 0.0294214057702213 0.00444910917204002
0.0304456957525448 0.000963901392446269 0.0727119370253027 -0.00733062574463448
0.0189863558759971 -0.00524947172572925 0.099672990937672 -0.0620223117147158
0.0182599191080815 0.00135115564338536 0.0652232838295702 -0.116600114196457
0.0282454924763924 -0.00334897567193939 0.00349896690138792 -0.12462991418245
0.0297200353510708 -0.0080890122840382 -0.0404430026760783 -0.105636098491358
0.0328042947810775 -0.000810269436470903 -0.0529581996017833 -0.0930098167007831
0.0257537129130642 0.0111246074248143 -0.0515204570041832 -0.0866017426265754
0.0204629077407086 0.0166887316368662 -0.0476103663133406 -0.0698396675965227
0.0203235560907584 0.0228013887828094 -0.0552576239809388 -0.0508468484052969
0.0122629877207467 0.0383822408225995 -0.0721753689475823 -0.0382729245839765
-0.0145402779259045 0.0396346135190987 -0.132503616147781 -0.0162443271858936
-0.0410507241903034 0.02778455384516 -0.17862643773776 -0.00273849973541561
-0.0866919126972348 -0.00986606002591345 -0.0840261408681144 -0.100410641337273
-0.0491137146407381 0.0102424413876746 -0.0386876854845939 -0.0149030623066057
-0.0336250182815093 0.0260293848870086 0.0522605981257804 0.0201625610688184
-0.0210247557021731 0.0172018706583586 0.0935898303449184 -0.000179453006439028
-0.0141636910945815 0.0309456208012401 0.115879838610522 -0.0599653380056333
0.00282161717691119 0.0414108567925707 0.0768040753879654 -0.112817000438399
0.0283629225570271 0.0411165260972243 0.0179957908383342 -0.121005324735361
0.0427507142734425 0.0337231126725094 -0.0274050356093855 -0.10064582311455
0.0480096837825834 0.0428553158745159 -0.0445150697289301 -0.0858300592587913
0.028889029036578 0.0534806131734283 -0.0443914863259011 -0.0754364743555654
0.0106739563845228 0.0633064822669325 -0.0419532843464006 -0.0620494158866559
-0.0155018430867935 0.0639663914628262 -0.0496566054163252 -0.0446757714683121
-0.0431027306443825 0.0637997676301114 -0.0594512715628749 -0.0336496665999862
-0.0722894189146427 0.0343233636390418 -0.11508522592509 -0.00473138828354382
-0.105207122154975 0.00332543106506504 -0.158239346868278 0.00842347573932561
-0.135415294651646 -0.0466653905748527 -0.046981175106865 -0.076391889076083
-0.107599641421485 -0.0224178159130627 -0.0173997731766674 0.0123146216030101
-0.104284688472052 0.017635615745577 0.0749090354704079 0.0460233317261204
-0.0795467919715752 0.0360798741750283 0.113657153177136 0.0143628364242156
-0.0488826901246809 0.0701455622139124 0.125600371871408 -0.0516068802654634
-0.0126455858360339 0.0809085575856538 0.0820675215391989 -0.0965657600792661
0.02502788978546 0.0820383949476132 0.0304612418791674 -0.101444542640774
0.049885178434414 0.070825248970704 -0.0101980441067465 -0.0813258580188589
0.0580814416868262 0.0797589133749105 -0.029365990057083 -0.0660141550865146
0.0303191477314883 0.087648453956545 -0.0325899249507249 -0.0523938681922847
0.00557078490248036 0.100847609476478 -0.037493171196806 -0.0446192681444602
-0.0409776922553484 0.100048361023162 -0.0453905472022053 -0.0350579805296912
-0.0876571199126952 0.0876438809332084 -0.047221479937221 -0.0318975853221795
-0.119248624384257 0.0306616316077649 -0.0875543713960946 -0.00197481201679031
-0.153945572360499 -0.018544192787137 -0.117324474148419 0.0192712159878297
-0.166213372936927 -0.0735593230822526 0.00360893621410895 -0.0427360049859406
-0.15304267493294 -0.0480926645462079 0.0143920567778836 0.0440397747558663
-0.165402464942601 0.0127302515900884 0.0959421949554077 0.0725079602113268
-0.129377417310604 0.0581847462926023 0.12730219905078 0.0309961253106773
-0.0752799884273054 0.105578630899805 0.125924489913545 -0.0343536263372045
-0.02362415172854 0.112072830348397 0.0806404921917031 -0.0663103940647515
0.0199740047124001 0.111623918841242 0.0413035252858881 -0.0669413829018022
0.0506467760122724 0.0977166393592653 0.00854084547575805 -0.0507174856658652
0.0587828036725948 0.105117388703512 -0.0103054808490297 -0.035641564318058
0.0259590032121438 0.108587381641139 -0.0182826556907273 -0.021604181219704
-0.00243895551444333 0.123676119626284 -0.0324628269515318 -0.0206589079461673
-0.0608809145151951 0.120812121200695 -0.0419629137018079 -0.0236096352080358
-0.120113969990557 0.0992855954085297 -0.0349164106402008 -0.0318001158732947
-0.150108947102458 0.0206726923573282 -0.052459721746298 -0.00601228560800734
-0.179363961026381 -0.0398444426514868 -0.0628953845558959 0.0303927601683963
-0.170416253643525 -0.0842998287903197 0.0608096277863945 -0.0089971778304387
-0.171745404507348 -0.0618865793264534 0.0557568310709028 0.0684082973995309
-0.196075196116972 0.00879377901182463 0.112201076972434 0.0885396182794484
-0.153430111080426 0.071353944517405 0.128559185819091 0.0461021741868064
-0.0861995487952336 0.124540190405535 0.115273076566269 -0.00872356504781903
-0.028449697895759 0.125214890390707 0.0748625636548198 -0.0255383712038225
0.014021465997603 0.123783914679559 0.049811104527425 -0.0235371526067506
0.0440277965527253 0.109775233036878 0.0259992419410106 -0.0125744344483395
0.0486706490387175 0.115468517137946 0.00667453028391918 0.000762536495089079
0.0117145162164919 0.114906694717331 -0.00696333329493856 0.0142697138304868
-0.0184395753751761 0.126732609482429 -0.0302880317672597 0.00589851470514711
-0.080165806379906 0.117453823636995 -0.0395514067753271 -0.011951690716417
-0.141153327585758 0.0874547700678646 -0.023356399484379 -0.0314538708562925
-0.160271284491621 -0.00109099955817339 -0.0165534314975161 -0.011234068255867
-0.176722032288287 -0.0605935882330233 -0.00568843104070742 0.0425105534824531
-0.145682983483022 -0.0788057811789761 0.114797488040703 0.0167449400606316
-0.157376333016054 -0.062171162936028 0.0982995439189863 0.078013596770906
-0.18549520548879 0.00348842141770751 0.118058308900422 0.0884528149839886
-0.145743006114473 0.0679426727872837 0.117834986233864 0.0540842132969633
-0.081013196192743 0.117138758559306 0.0955526328334634 0.0198744223886498
-0.0284220261763341 0.116091904867054 0.066202098875572 0.0190059305391264
0.00587848812288505 0.115512353041371 0.0554819113186066 0.0218916578475584
0.0305609607755375 0.104565572071339 0.0388600969312933 0.026425291395955
0.0298131752402729 0.109216864835235 0.0174091009447723 0.0385750790935861
-0.00839543417968779 0.105496992440901 -0.00464864660696454 0.0496026382109218
-0.0382689651604237 0.109809488994597 -0.0371050895132484 0.0322008239193672
-0.093934796491967 0.0898913319575925 -0.0412776773917976 -0.00116122289641657
-0.145179694142914 0.0534353440792814 -0.0149870784793112 -0.0274190176973416
-0.145606384565 -0.0311622761637881 0.0145061941036761 -0.0112230577303918
-0.145959754228562 -0.0766436819342689 0.0454641018568773 0.0582029749801967
-0.0961414607920641 -0.0607245535739992 0.156253341489283 0.028095879516748
-0.113233282383907 -0.0543225065169591 0.130783948513591 0.0693902257419547
-0.141403944050194 -0.00448195996654852 0.111458943035972 0.0753429387084912
-0.110963242440702 0.0476777134827601 0.09631612623041 0.0550256162707136
-0.0635579223470225 0.0851751044992635 0.0727756184644066 0.0446822262939767
-0.0257103567761462 0.0857756988576024 0.0579046642648814 0.0561369331171673
-0.00360328571354163 0.0881264070748738 0.0588545284978987 0.0597548392281028
0.013121334187198 0.0837047356768539 0.0459379130853381 0.0604469565786917
0.00871654026570631 0.0880559807311697 0.0177511319121676 0.0727949123118441
-0.0247608464553031 0.0811534575493071 -0.0142287047544791 0.0791877092399989
-0.0503393492408251 0.0777619630541003 -0.0527321137836344 0.0518223796176001
-0.0929038009089456 0.0504227367140855 -0.0488124016256524 0.00707309826046226
-0.126778777327136 0.0126089329409233 -0.0119740799285004 -0.0193362534760574
-0.109268958884335 -0.056586233196753 0.0341769286047382 -0.00252699423594685
-0.0938074300339283 -0.0806663022412138 0.0814881684122846 0.0779152937839694
-0.0290381589757141 -0.0360857980040258 0.176330777691583 0.0247233172781411
-0.0513206496628097 -0.0425639289728425 0.145283012004415 0.0477673024971762
-0.0776399190625671 -0.0155288163293694 0.0937363955753852 0.0565403218295818
-0.0626285525082587 0.0165566359480957 0.0720280476619981 0.052080568776981
-0.0413964308650082 0.0384371322889157 0.0528697167164241 0.0612226940801656
-0.024665725758093 0.0419388470012257 0.0509891548339708 0.0794404818615449
-0.0159375372372734 0.0472595745125059 0.0580519261448431 0.0846850470471526
-0.00512568699831832 0.0497543949229349 0.0449079513449524 0.084256219400529
-0.00873464573647586 0.0532291023410525 0.0110001720719378 0.0988863269788676
-0.0288568030633243 0.0476994082144923 -0.0309104744443069 0.0990091265604272
-0.045617332012538 0.0421321233126041 -0.0733876264262042 0.0629839370820812
-0.0711741488818504 0.0154352363553134 -0.0610898985078511 0.0116160427679416
-0.087723387675802 -0.0173353006633823 -0.017201677911513 -0.0104012855829284
-0.0589828469069114 -0.0649801819012691 0.0403111472224001 0.00999860644432873
-0.0311738816626877 -0.0675920468781295 0.0997906774939986 0.0976671157871108
-0.0251809763522647 0.0301035239006516 -0.112749150541412 -0.10333198118098
0.0127781570629002 0.038101263180863 -0.0553634579457518 -0.0250501840636566
0.0346983267105342 0.0300760354115691 0.0302501813191516 0.00418773422947882
0.0307746288300785 -0.000948454743415574 0.0739446852451636 -0.0108075349111798
0.0178571935322162 -0.00637307530798656 0.0966530340394077 -0.0681656034178606
0.0185336738007262 0.000499768609817847 0.0576622559636111 -0.1212534922979
0.0284173986515044 -0.00503909912253743 -0.00446183380578039 -0.123888717280005
0.0291983748531003 -0.0107645999606606 -0.0469846499746622 -0.101974635960882
0.032373954861483 -0.00295142014750199 -0.0601270957041904 -0.0890689412803052
0.0274182996816704 0.00990449809980585 -0.0585803191124288 -0.0840272646632582
0.022044019248453 0.0152986879976288 -0.0527627182983713 -0.0685586048568677
0.0218139811169309 0.0211471847333617 -0.0591682866819853 -0.0493896103890647
0.0150136561322413 0.0382807278651466 -0.074134553353396 -0.0356648166473543
-0.011702079351803 0.0407396139260646 -0.132636028308804 -0.00851407113689601
-0.0394354176738382 0.0304968298996826 -0.179400859607215 0.00898448645009752
-0.0885632744804544 -0.00340369469840377 -0.0890535353374933 -0.094471359848131
-0.0489732712001546 0.0139775837329001 -0.0396276323470348 -0.0107520540386584
-0.0316318706206373 0.0289672294211095 0.0535212028437938 0.0190292450525721
-0.0203922039228052 0.0187299158651979 0.0944802395793298 -0.00412080501193867
-0.0129537171960471 0.0321557609994714 0.113094163876086 -0.0675511895514751
0.00583080415983795 0.0419651827245872 0.0696199648626901 -0.11780628457196
0.0314295266210906 0.0394191704904676 0.00985590422692239 -0.121463114693137
0.0451227114855966 0.0305808039164005 -0.0338254801371007 -0.0980399034261405
0.051290848521495 0.0397157506779305 -0.0507692269136412 -0.0823731031461672
0.0323451539026096 0.0523889988204029 -0.0507816193092977 -0.0734569133718877
0.0152016528309959 0.0626456119242576 -0.0475468828241523 -0.0607476308226074
-0.0113106627888147 0.0651423793798506 -0.0527088884727918 -0.0431945534915884
-0.0384186347782457 0.0669346412938326 -0.0617296568440928 -0.0322217675527227
-0.0704080894191564 0.0389245729839485 -0.114670177764378 0.00183798859885342
-0.105659402471866 0.0104057129147528 -0.158634839568488 0.0183180371524937
-0.140047986019001 -0.0371829989325902 -0.0499922486132502 -0.0720612639303274
-0.108662251150657 -0.0150122774096842 -0.0164719149218496 0.015232233226546
-0.103244166439136 0.0247935354207271 0.0778236965771258 0.0437755335364108
-0.077467598264084 0.0411746991788111 0.115312561518192 0.00940173189235235
-0.0445085812025462 0.0737624741173932 0.12378356688035 -0.0597434638495828
-0.00774559645933693 0.0824161929005389 0.0767469713724563 -0.101724960645238
0.0311909828480061 0.0803960481538345 0.0235693505033765 -0.102825048181019
0.0553264811442588 0.0671340355606965 -0.0155409651243993 -0.0798219144100221
0.0643088102588064 0.075698279037515 -0.033954658455816 -0.0631304388268246
0.0362740967539048 0.0860137224771511 -0.0380649220199724 -0.0506173382819084
0.0124781451345256 0.100839400586826 -0.0419534843158216 -0.043472342188968
-0.0348912483738205 0.103403195244774 -0.0486917585514357 -0.0341037263342009
-0.0813347940687451 0.0943346264947184 -0.0493051163543932 -0.0312103900980155
-0.118098703907531 0.0382111130975944 -0.0867180877863589 0.00374364492369394
-0.156170725781775 -0.00874777544154778 -0.11669874343727 0.027772743224906
-0.171798442518293 -0.0620026678450079 0.0026194068175697 -0.0421623692862896
-0.156862835870925 -0.0385728247684426 0.0168237879857255 0.0455598677063286
-0.164663643472214 0.0241253282193158 0.100547933917523 0.0691817272710588
-0.125981626961062 0.0666445040563225 0.129814319610329 0.0260569566922274
-0.0679088557559153 0.110846474243209 0.124834401342221 -0.0425840662251378
-0.0165349947699808 0.114288317968273 0.0774341123081418 -0.0710452217333108
0.0283682290740281 0.110353854143575 0.0368106297335631 -0.0697829512297862
0.057518457678086 0.0935540268497529 0.00540277354422111 -0.0501441479880384
0.0666262218964886 0.100716045751679 -0.0136142414521427 -0.0341402419064195
0.0329520994776216 0.107650920863117 -0.0214416511247518 -0.0207615272855852
0.00623211743195007 0.123872893336883 -0.0360714128714764 -0.0199465738025169
-0.0535052009929045 0.125860759410265 -0.0443381978197769 -0.0227352435431145
-0.11353534786084 0.107787616581226 -0.0377374005455106 -0.0318145944665102
-0.150142068741435 0.0302035238659555 -0.0523213472390943 -0.00255109360628849
-0.182946690064936 -0.0277745846466859 -0.0620814660443931 0.0348771095368925
-0.177450659460241 -0.0731227688060795 0.0616405801351706 -0.011940223922002
-0.176117540731669 -0.0509182450233642 0.0598784027536263 0.0673207999458296
-0.195527078579234 0.0226060545660445 0.117250720692821 0.0842145263935926
-0.149954941679988 0.0811630651255811 0.131797862317256 0.0407227466862483
-0.0781423203293813 0.130308010290716 0.116129951633561 -0.0157325540941686
-0.0204877780093212 0.127416602704907 0.074728731504225 -0.0289634290295756
0.0233915784764622 0.122816326140686 0.047992294382634 -0.0273056072265638
0.0522938564648683 0.106178282591849 0.024883484312558 -0.0138720868457176
0.0570246817763641 0.111703866634574 0.00589936951140027 0.000358499744872769
0.0190563571774048 0.114835727014749 -0.00769709425313724 0.0145541173362769
-0.00985944019632845 0.128010219752587 -0.0325334247920162 0.00720693059563539
-0.0729835034645962 0.123142074507397 -0.0415617264384376 -0.0110226835803817
-0.135016620135378 0.0974241143701826 -0.0262006925653472 -0.0318739314898432
-0.16117823164092 0.00873872451301377 -0.0173609166069407 -0.0104739904659733
-0.181103072304442 -0.0490869654393874 -0.00326803244424868 0.0437321029327422
-0.152007787620948 -0.0697798540858031 0.117581690291587 0.0101456339806507
-0.161446539967031 -0.0524024509369313 0.102853443396231 0.0732613119323139
-0.185737520450552 0.0159351521806872 0.123559207016584 0.0834888743575743
-0.142108002012667 0.0771094669198878 0.121600334772816 0.0486341547437869
-0.0729896483558986 0.12228605348511 0.0983235195012173 0.0145000254882933
-0.0208316888282962 0.118163845287196 0.0690621600875234 0.0150341785753239
0.0147480001385211 0.114856989526432 0.0569286021298088 0.0177759484325907
0.0388805409503113 0.101946586538253 0.0403627326543546 0.0235760657559398
0.0381950473725342 0.107061049696498 0.0187454877685583 0.0376524196699113
-0.00121319718842004 0.106857512416113 -0.00268333682253772 0.0493048791847951
-0.0314183407841627 0.112174076127462 -0.0371893284901905 0.0343983631813779
-0.0894375235600738 0.0961266153859201 -0.0426215781167118 0.000175703056120169
-0.141282417079285 0.0636023285301541 -0.0172972085096549 -0.0285659902097592
-0.14874505799898 -0.0218938976459442 0.0135068465169242 -0.0126250169700336
-0.151413527419171 -0.0670760751531949 0.0486380460784377 0.056068748621458
-0.100787531816494 -0.0543622774443194 0.159309398955106 0.0186758916746201
-0.115967713688489 -0.0477318342139668 0.134478815982082 0.0624142646525902
-0.142087266945292 0.00490550887739698 0.115837311605509 0.0704363059381242
-0.108982313937158 0.0547460033023574 0.100031619536021 0.0512416735439913
-0.0575632402268138 0.0892190667563171 0.0762265208913049 0.0410567086543601
-0.0199255310858383 0.0873910238478287 0.063355631914397 0.0528559587490784
0.00304888513390657 0.0878391884861667 0.0627420267788556 0.0547555187295217
0.0193558862964478 0.0822595652470513 0.0487285021324553 0.0572918502245558
0.0148673222659941 0.0870638468534861 0.0225308926340907 0.0714315631896137
-0.0195162951351331 0.0833031079504826 -0.0100672418819676 0.0797375100280951
-0.0451308605570616 0.0817155341909823 -0.0509991785188013 0.0547702938846524
-0.0907603414547628 0.056559716295809 -0.0497694261703079 0.008947410458506
-0.126077986842864 0.0208979570615185 -0.0140765044412722 -0.020424496434914
-0.11321980355544 -0.0502393632070577 0.0335502403602587 -0.00546761073591549
-0.099359336033892 -0.0748564268899753 0.0861345843753778 0.0736974079740823
-0.0316260649551247 -0.0343467246145081 0.178354444412125 0.0138843962225959
-0.0540327415175386 -0.0396513278431221 0.14750329258647 0.0399710290500985
-0.0788177061999708 -0.0103307857685365 0.0972691945696285 0.0521993345152942
-0.0625071788772588 0.0199185125588632 0.0754522349895869 0.0497642243543382
-0.0388898063663588 0.0410047379868155 0.0578122574303168 0.0595516890243073
-0.0217249331904385 0.0437763851752255 0.0582609020663065 0.0766875946757563
-0.0123573890124515 0.0480849170676847 0.0638493430435911 0.079958483811721
-0.00149685832091295 0.0502684859354389 0.0496552780562689 0.0808800474272823
-0.0047814545530817 0.053876926395257 0.0172894393159156 0.0974895634835759
-0.026147442758902 0.0494684969012681 -0.0254476242095579 0.10045372444564
-0.043120444735768 0.0456828132908668 -0.0707099178035169 0.067344904720122
-0.0710851872678408 0.0200647823582727 -0.0613021293583731 0.0140129546449612
-0.0889109979106305 -0.012075044360849 -0.0184319952129198 -0.0114872147853829
-0.0630702504050112 -0.0616979989465707 0.0403199594220691 0.006516886433147
-0.0351773219147273 -0.0654352238674733 0.105708270763882 0.0921722410830847
-0.0233668746237104 0.0313332680983698 -0.115093787202201 -0.0954411845063707
0.0144833318221985 0.0365809702667663 -0.056115654412965 -0.020017667174695
0.0360594245172012 0.0280889179042714 0.0300788647565284 0.0045241839612881
0.0303719323748855 -0.00251686195151815 0.0729206496819578 -0.0132028578396387
0.0160799275610561 -0.00648205174799761 0.0918077208053127 -0.0718502048385759
0.0178630190029807 0.000181316086837304 0.049483714696497 -0.122136888434449
0.0275244896519519 -0.00659646442784013 -0.0108991898674579 -0.120295223072451
0.0278924523712539 -0.0121541267456903 -0.0512484668577664 -0.0959161219774336
0.0322313373736813 -0.00522215799073857 -0.0645355342288056 -0.0838902548668542
0.0276433064512432 0.00848889784625536 -0.0637790643475251 -0.0792006514295204
0.0223130788329942 0.0142265182664585 -0.0566440482103617 -0.0652613423805772
0.0227267843602073 0.0195759885048481 -0.0607146748338011 -0.0466901806728734
0.0177582793493326 0.0375607968901552 -0.0739970296473302 -0.0331047362890605
-0.00979743269586457 0.0403567827621515 -0.128952713509451 -0.00177895079098018
-0.0374381102663654 0.0320816426826901 -0.176254258668209 0.0182492886430021
-0.0874360539235891 0.00210425128416364 -0.0912839443804871 -0.0874797723635799
-0.0476892171911539 0.0164338785436298 -0.0392865511033422 -0.00693325193067789
-0.029046565083458 0.0307100960898664 0.0540304379392003 0.0176709331722686
-0.019333066744833 0.019583376620324 0.0940127211157217 -0.00723866341174517
-0.011706221262318 0.0329725258408755 0.10776241822897 -0.0719022018803227
0.00793407825802743 0.0414207020445287 0.0620460630885656 -0.119354850074938
0.0339413405495641 0.0369431455961913 0.0030779248231446 -0.118271513560944
0.0461231566345937 0.0267150812787534 -0.0379712551937165 -0.0924723399072863
0.0530710689933737 0.0359582705148885 -0.0552600881554586 -0.0774881669515675
0.0347540065546477 0.0495250519084067 -0.0556055648814917 -0.0690399566144854
0.0185609367004908 0.0606661739217334 -0.0518508714663121 -0.058430742420737
-0.00776415774147937 0.0646072769344799 -0.0543234762828078 -0.0410811496067419
-0.0333448140457442 0.0687157995580362 -0.0620836203025618 -0.0297968236018942
-0.0675749580170922 0.0421983591884833 -0.110996289898238 0.00832563773419752
-0.103697780831959 0.0161074433883421 -0.154887950171184 0.0270393360459274
-0.140257972573046 -0.0275651053728295 -0.0513267862733577 -0.0675801089116665
-0.108026547565444 -0.00861911113627285 -0.0153281771109607 0.0183008979849138
-0.0992632160067167 0.0310266495563844 0.0793060317636621 0.0411270157340178
-0.0747074236558791 0.0451547431778046 0.114586583148664 0.00501235336289683
-0.040236868895766 0.0748057663153049 0.118496224380838 -0.065027515327854
-0.00287463466703985 0.0820912895323247 0.0696374261650444 -0.103395061830955
0.0357970815740821 0.0770600954869642 0.0172574579139871 -0.101309884941991
0.0583805713562295 0.0618808254837681 -0.0193496619055917 -0.0757922787776066
0.0678203781046954 0.0698617418683917 -0.0378088415939269 -0.0592240502779266
0.0405942885842069 0.082680799658533 -0.0416731514996283 -0.0476807483878
0.0180748095776719 0.098838856404621 -0.0458499054307198 -0.0414887067684334
-0.028534186595032 0.103287464866682 -0.0501441340656716 -0.0326664859783018
-0.0740709593496899 0.0974697387644043 -0.0508815794375323 -0.0297532879937794
-0.114601691280355 0.043773595817738 -0.0834604530126028 0.00833724751782614
-0.154107799221227 0.00108290619498377 -0.113208996123647 0.0340670529956176
-0.172831752519798 -0.0500517187570676 0.00148794861322006 -0.0407753542664453
-0.155449200951865 -0.0287398491629837 0.0195199074764758 0.0455770367912985
-0.159817153557013 0.0337107716552038 0.102599387850939 0.065185246045552
-0.120766162596618 0.0722616906604554 0.129629531299608 0.0207425543700963
-0.0604830704266333 0.112501883149714 0.12092288100985 -0.0483536289447488
-0.00964684088521747 0.113367179000912 0.0726062108468126 -0.0733821066120351
0.0347633619889101 0.106434752411645 0.0320585901052604 -0.0699485289885572
0.0627466248514709 0.0872596220274034 0.00256882707520745 -0.0484191479679924
0.0718759101575938 0.0936099962117122 -0.016200424804939 -0.0322005123455379
0.0384270727907453 0.104253007595775 -0.0238406149061493 -0.0190918062033516
0.0132704775379247 0.121286803238033 -0.038609759247301 -0.0184641910730429
-0.045534824649775 0.126451567567257 -0.0456123910481641 -0.0213882488070179
-0.104428023943335 0.112000967607908 -0.0399645453770187 -0.0313803840622222
-0.146105153639578 0.03753380381822 -0.0507413308626349 0.000398387752046129
-0.181431276129766 -0.0168538291855913 -0.058997776670778 0.0384085495993713
-0.178536315120794 -0.060763474084868 0.0613451254838214 -0.0145519654423763
-0.175644263744226 -0.039868073403007 0.0620988613348705 0.0645312876767447
-0.189938950907028 0.0334295243121061 0.119492949939307 0.0790596323209149
-0.143528734758228 0.0880206347156234 0.132441114878022 0.0353986145489776
-0.0686053033468469 0.13238361633143 0.113830081170392 -0.0213764549612566
-0.0126447294862996 0.12702261288089 0.0725718075710998 -0.03247639004667
0.0305639895177503 0.118655745645328 0.045189345623217 -0.0291795378989154
0.0580086335377529 0.0999959128934462 0.02314016566395 -0.0144708849901103
0.0630722375312961 0.105076557936825 0.00491565426721294 0.000677669819011718
0.024855757812664 0.112247509155014 -0.00841656752392122 0.0141815300919645
-0.00189744533633599 0.126026205970813 -0.0337115979173175 0.00850557485723379
-0.0652320487177092 0.125677368613778 -0.0423603466043598 -0.0103142038312224
-0.125983706933917 0.103173810491265 -0.0284931545342846 -0.0316470901025764
-0.157972084788837 0.0177693849271044 -0.0167782224650248 -0.00967488798628251
-0.180449556690592 -0.037982519609735 -0.00106396798053779 0.0437057839334932
-0.153267575570965 -0.0583290100781165 0.117067015826323 0.0036766314663899
-0.161129255351817 -0.0431461103605044 0.104195040442816 0.0678258160922096
-0.180704804977307 0.0265094957935414 0.125115706485422 0.0780723578735609
-0.137045704099424 0.0832773367839632 0.122221925794263 0.0445209598580254
-0.064284547920088 0.12397024761316 0.0976893547108945 0.00916522226098482
-0.013555853786152 0.117282957071308 0.0703769501185351 0.0117189674809347
0.0214457221543302 0.111686298730748 0.0569353170440789 0.0135079045712369
0.0446437420066233 0.0970443960843485 0.0405075902254943 0.021510334111581
0.0436293157669661 0.101843319040264 0.0199880609004229 0.0356297505338535
0.00456605112003914 0.105002979695163 -0.00137671449232858 0.0482649034727145
-0.023847860061065 0.11188461519121 -0.0360498071737068 0.0348580580237493
-0.0826255016543228 0.0998027245650657 -0.0426685138066937 0.0007656715426388
-0.134059632564826 0.0707782915580568 -0.019729615199581 -0.0291396943195777
-0.147224126305759 -0.013397948301382 0.0127805411708541 -0.0129562606457881
-0.1521661372189 -0.0570891692933142 0.0504774028210874 0.0531381962412699
-0.102084198925695 -0.0472506869017076 0.157717225223056 0.0100415631414047
-0.116604185340204 -0.0408319349224351 0.134820093358418 0.0552504341549923
-0.138749286868873 0.0128941434354215 0.117221822400176 0.0650623207372323
-0.104666029949862 0.0591089654074187 0.100917980008048 0.0473082451357556
-0.0511869468447731 0.0908363465644394 0.0784441741070649 0.0371516007177406
-0.0147512067880214 0.086864101471789 0.0667000043663648 0.0488735343661992
0.00824291120567122 0.0860660977287628 0.064469594351825 0.0499812232273735
0.0245201240430427 0.0788861555112798 0.0504884211528239 0.0531611560573355
0.0201991013181331 0.0835214650867448 0.0249953062149152 0.068581410075447
-0.0140979089931378 0.0833378711509014 -0.00649803272126503 0.0777878388271314
-0.0392499442349703 0.082725882945399 -0.0484957137865524 0.0562651082359232
-0.0861582081132965 0.0604407690459726 -0.0493409060928242 0.00962262518120823
-0.122434013402426 0.0277902956957126 -0.0157220723272625 -0.0209713313090497
-0.114031097566598 -0.0432131918111819 0.0322040911655096 -0.00747439401679985
-0.101459126291487 -0.0677620104910237 0.0883194193161061 0.0685592315597362
-0.0332053489782751 -0.0317398993880375 0.176607810666459 0.00394983324874241
-0.0547719105275775 -0.0362935035407752 0.146135948056327 0.0317065245092769
-0.0778482011047214 -0.00575535452847798 0.0980191495670759 0.0480950477842859
-0.0607805620471298 0.0230682273809374 0.0767615936551123 0.046763065719899
-0.0355617576113145 0.0422897160450033 0.0611473396735847 0.0563641780686654
-0.0186884203154876 0.0437778042475151 0.0625691210716543 0.0725689974363298
-0.00897489763060341 0.0478778277469602 0.067444337818452 0.0741928594227909
0.00158335339590882 0.0486867894358308 0.0528075647905099 0.0761158859128403
-0.00156807707310329 0.0526993177152675 0.0218294313119889 0.0941727425930183
-0.0222217456819014 0.0504464065329329 -0.0198478908857798 0.0990051783322355
-0.0393098801632029 0.0470982534064396 -0.0669139280216919 0.0693586615445085
-0.06932602841706 0.0238444975878082 -0.060949025790797 0.0152909450530217
-0.087491863087101 -0.00705297022876847 -0.0198976875132327 -0.0118272163623709
-0.0651229687356788 -0.0567829876199 0.0394774008685194 0.00350931511113319
-0.0379977343306836 -0.062335663392234 0.108064960516842 0.0848048542500391
-0.0127672238742694 0.0388932080685479 -0.137086335633185 -0.0513421819500411
0.025670375574182 0.0302178230278295 -0.0595744554109758 0.00102229634468222
0.0432004701773671 0.0130346273835797 0.0278486944034458 -0.00256078051029042
0.0271293184805361 -0.0129084737164232 0.064452385006503 -0.0331220851432683
0.0125819869481932 -0.0114181220224527 0.0625634629828808 -0.0951355554823979
0.0172082908322353 -0.00714918670304931 0.00421830876284931 -0.127516148119476
0.023351012923899 -0.0163547645420569 -0.051455974238073 -0.105273870712105
0.0207559808162529 -0.0205854690032185 -0.0778011891148379 -0.0689179917428446
0.0274224495309495 -0.0156722299309824 -0.0870218748407778 -0.0542920668862881
0.0283325905782575 -0.00126732111882341 -0.0858708686628083 -0.0516818949533352
0.0253681577931009 0.00569532483860564 -0.0750764036882452 -0.0412791417809334
0.0275702939223691 0.0109437396581986 -0.0721041271584599 -0.0250487762248665
0.0288841155295022 0.0292403425279414 -0.0788377522476953 -0.0101320623009059
0.00562911456584546 0.0407394319554474 -0.117953742011116 0.0376114885723843
-0.0241486728426851 0.0414555876828728 -0.153431234061773 0.0710468103853421
-0.0825626625231824 0.034225585892711 -0.109490611241344 -0.0534814036050028
-0.038835046836638 0.0326880872453584 -0.0373216172038092 0.00549291813486595
-0.015270925303447 0.0383234975754879 0.055421277879873 -0.0022381770170564
-0.0101779708945776 0.0248600441214264 0.0850911429142198 -0.0375144817800058
0.000970659855162198 0.0333400202038832 0.0755844412319641 -0.101892960242817
0.0220654644638567 0.0340843051937588 0.0155346506815933 -0.130058208929623
0.0443906973523362 0.0216230753179532 -0.0389381256328861 -0.109506267008904
0.0499692619688061 0.00846459473288022 -0.0659384546339944 -0.0695248194999498
0.0599439620161767 0.0144833795578619 -0.0768667363702273 -0.0515126306406077
0.0489228036554774 0.0340442653306299 -0.076034619029895 -0.0451339924823161
0.0369683458622538 0.0493243300732197 -0.0691010936004446 -0.0369904224818319
0.0142342315590297 0.0618765779067478 -0.0640629848373715 -0.0232378772838807
-0.00786059443060055 0.073812375445952 -0.0657745028131895 -0.0106430091421137
-0.0481620322355598 0.0612382168782039 -0.0970966431140599 0.0424621355918222
-0.0907859975936039 0.0476199260480532 -0.130498181750437 0.0744634659092884
-0.142785440775334 0.0245051032592264 -0.0639350309131563 -0.0494803516168712
-0.103731717507925 0.0309014820456041 -0.00410724477330776 0.0185557271378662
-0.0792396021728583 0.06308477059585 0.0875302787774807 0.0079051906268521
-0.0512477582492514 0.0681857866244099 0.108482078588445 -0.0361715752742691
-0.0106160034245168 0.0813887429155573 0.0864022834098697 -0.101372987660611
0.0260466716962335 0.0751032229686775 0.0268763824665178 -0.119553373598693
0.0599710124698347 0.0581712204122653 -0.0206711497933962 -0.0999853147336477
0.0722524421529516 0.0357620510529712 -0.0444566736910019 -0.061184106018729
0.084601105941111 0.0399946585720543 -0.0559316050445425 -0.0399768914301186
0.0645387226674207 0.0626552383835738 -0.0571752758040609 -0.0307022512754657
0.0493407623242977 0.0835189056437523 -0.0593313766792479 -0.0241209470060132
0.00804321745921966 0.104349954459754 -0.0572078066466483 -0.0176825196343738
-0.035364519538589 0.113538914751122 -0.0552462862006303 -0.0138884586019791
-0.0905814941550952 0.0784977410594145 -0.0712887457575787 0.0347243730546605
-0.142981194384792 0.0498953508001045 -0.0897009718798 0.0697538216086938
-0.180931684078327 0.0147552460424137 -0.00465760447138682 -0.0424541717757242
-0.155193220021508 0.0290099053483631 0.0392755302418187 0.0322471102732591
-0.133586106497924 0.0868054050695347 0.117692569607947 0.0196617479292873
-0.083493750088329 0.109679990992426 0.126899828159005 -0.0289298856528397
-0.016567290356016 0.122304360106158 0.0927521757701804 -0.0882310198114712
0.0293932548943002 0.10580109184453 0.0387730518100825 -0.0935358166213001
0.0689725244506952 0.0862752442290858 0.00254520042497154 -0.0768041683234679
0.0850002571513935 0.0571922345279268 -0.0159077043676825 -0.0438470949320444
0.0961616501610598 0.0605249041485483 -0.0268730788247869 -0.0225393846841389
0.0698971098684664 0.0830052029383783 -0.0316272692825563 -0.0106692128240211
0.0522814281110789 0.1056478165777 -0.0457833890546187 -0.00589890597145977
-0.000390609601692804 0.131066142155409 -0.050070647449684 -0.00890796702112535
-0.0582463418405092 0.136872842730755 -0.0446774275579404 -0.0188004020601211
-0.121889100974659 0.083366486274964 -0.0438068509613481 0.0176482873311518
-0.174089135715337 0.0416787363043829 -0.0390280580607464 0.0583589198211338
-0.189165258156018 0.00656413856866433 0.0595000838617168 -0.0380503273680729
-0.176546947588148 0.0252554799679379 0.0857316405524075 0.0348011488335686
-0.160744358777007 0.0972593277663186 0.139087249700402 0.0245706089194157
-0.099188432323105 0.13251389905527 0.133994214556773 -0.0175559285968722
-0.0171743893853887 0.143271682556717 0.0939545468301503 -0.0608717212608155
0.0314424167753176 0.119558728602583 0.0523817397377371 -0.0561838880019963
0.0694835261017219 0.0998633946519701 0.02876387223164 -0.0449892868852243
0.0851685500960942 0.0703749123865108 0.014223259751093 -0.0202672702438405
0.0921969407277189 0.0733765473119342 0.00313798057638144 0.000338471439519111
0.0600344796281949 0.0943027830369124 -0.00587070631524452 0.0142798138534553
0.0400557281029509 0.115160465597663 -0.0321551292726379 0.0163502346047357
-0.0180308171231555 0.136720745230913 -0.0428418736842455 -1.04102350493837E-05
-0.0813365198524277 0.13554527339605 -0.0345520385554175 -0.0223890582407889
-0.139794324976614 0.0692849608686848 -0.0161945613803034 -0.00148505005405941
-0.180786194449674 0.0223603012644926 0.0146025099980457 0.0461475661785768
-0.164060983868307 -0.000474736680760791 0.11598893807591 -0.0386193545102134
-0.163773422518674 0.0161687733173122 0.12546298860876 0.0248389573529798
-0.155983916555817 0.0871952348272371 0.143938191060578 0.0231208900833898
-0.0939195896149185 0.125513108990906 0.126855860619132 -0.00617432519853072
-0.016046709887985 0.134412911229158 0.0901757365197347 -0.0275151552326852
0.0276791698850742 0.111700435040736 0.0655728889821915 -0.0148055489033825
0.0587442067784764 0.0960124868707616 0.0544986493724362 -0.0101750856146923
0.0719767432820964 0.0720180381184935 0.041380717519373 0.0064752031168331
0.0739478280390398 0.077315920848866 0.0281250118823608 0.0264042015373232
0.0390813476608855 0.0948795968395545 0.0118972736042139 0.0427013892255378
0.015378358401555 0.109429437160262 -0.0244045450688661 0.0409369464429323
-0.0433196031933478 0.118452791874803 -0.039770432811098 0.0109045688880577
-0.0997542472929773 0.107885658032132 -0.0254301110299174 -0.0217872796252307
-0.139843416772182 0.0364002780944864 0.00895877603139246 -0.0143411406890683
-0.160610967654481 -0.00460663969422085 0.0637512790587897 0.0380700390168077
-0.111483053048185 -0.0089058630837758 0.154062150229955 -0.0442679763510833
-0.121807618307112 0.00240325635810854 0.147844795835921 0.0045076481580597
-0.122106640954582 0.0601455760843513 0.132215116888138 0.0160641618618712
-0.0743873038262327 0.092405535716488 0.108988364644627 0.00574795660407314
-0.0153097845148925 0.0998217054308318 0.0825837013773087 0.0055587243143956
0.0160669235412022 0.0843827266168731 0.0760560605060237 0.020389620958115
0.0375986443165633 0.0770465761031416 0.0751831157356079 0.0205429006471907
0.0485196109392179 0.0626358143923398 0.0614879324942008 0.0305961603030635
0.0460005454731396 0.0688673830893827 0.0438417375400654 0.053638284313381
0.0149684647421556 0.0809135655905264 0.0178431933249789 0.0715352496679117
-0.00871946176315652 0.0884792006124986 -0.0280316038802555 0.0647940069764803
-0.0596026137094893 0.0844425934448245 -0.0426970231878358 0.0222258324868047
-0.102161040080603 0.0650340274907302 -0.0199131952811473 -0.0151076281105368
-0.1193912499404 -0.00159429131414552 0.0277366176684137 -0.0155840837292365
-0.116363563776181 -0.0307094349075034 0.100905651112844 0.0399357684604019
-0.0414612442721038 -0.0188690372206706 0.167232076744319 -0.0546530495182382
-0.0625806009370743 -0.0159741562012932 0.148056313854486 -0.018458360263689
-0.0732639032578126 0.0217574416935601 0.108779173560344 0.00989639232712174
-0.0473263231386119 0.0433516047041462 0.0876127281947624 0.0161945111131796
-0.0173332525650706 0.0510591138130493 0.0746419941897891 0.0302631936799611
-0.00206253980216189 0.0468240751222886 0.082468256202166 0.043840245821626
0.00846151317183058 0.0476635200896908 0.0866678038522326 0.0419822708456897
0.0182551045273586 0.0430697936319326 0.0721515899390118 0.0498362705374423
0.0161922974621608 0.0478005839286115 0.0493144196536996 0.0778273561197207
-0.00324545876454817 0.0537744633653248 0.0127803882303504 0.095223636310848
-0.0203960588535047 0.0559087862973949 -0.0393374900017376 0.0830150809019741
-0.0562676468320011 0.0449426873760534 -0.0511674823525824 0.0317786181164532
-0.0826117113875436 0.0217840822170348 -0.0218048942337185 -0.00461334945337944
-0.0788490447750551 -0.0306306457132908 0.0362405834590239 -0.00788836296917866
-0.0555260460183418 -0.0462702326795192 0.123314224117398 0.0470518104541212
-0.011385568763231 0.0388872324203468 -0.134283433622139 -0.0480583800548353
0.0255585448728995 0.0297147817805594 -0.0578096691112766 0.00291330354645708
0.0431230224558494 0.0119676152574598 0.028206386543235 -0.00199112290473969
0.0266211328292467 -0.0130338086471787 0.064728548271752 -0.0330033159387618
0.0118959998093131 -0.0105521742808123 0.0604819839201354 -0.0946332680732618
0.0167707598366126 -0.0071698389094786 0.00178156763215919 -0.125433720136009
0.0224445398359164 -0.016754459330247 -0.0514280310354682 -0.10169482687413
0.0193635391212174 -0.0204634706163702 -0.0767009886713636 -0.0659032788880778
0.0266349523026295 -0.0159534977917819 -0.0873354219580276 -0.0513245782608671
0.0280355736756926 -0.00182489573540875 -0.0868688098098863 -0.0488475276303248
0.0251850049490122 0.0052611170415045 -0.0761248455807384 -0.0401885967731085
0.0272734160180404 0.0103230067638314 -0.0717429684453579 -0.0247183553037014
0.0298482549634538 0.0283925147953156 -0.0785483535528724 -0.0103617691794151
0.00571640397338866 0.0402670628991715 -0.114647794162534 0.0383013238153546
-0.0230865090016475 0.0416818705261762 -0.150699132728157 0.0731410467287455
-0.0809933822774976 0.0360463150136675 -0.106973624602095 -0.0512673660626163
-0.0380848289190182 0.0334934272641445 -0.0354197777859092 0.00720505621175707
-0.0136989272366156 0.0380961877593472 0.0551720353442478 -0.00155364480355216
-0.00970954631963481 0.0249019362526254 0.084937750108343 -0.0369920057003314
0.00143130376108428 0.0338663877099512 0.0728339037404168 -0.102149859600817
0.0222223354928335 0.0335884527995428 0.0128748241643641 -0.127944495375989
0.0442946975777204 0.0199957565658678 -0.0396677116985391 -0.106411629837454
0.0488001703866612 0.00650478383542567 -0.0650886492823159 -0.0669189096383141
0.0589805144245224 0.0121309184245892 -0.0770729447850104 -0.0481352096266289
0.0486383530169595 0.0331692518734617 -0.0767007323547353 -0.042459987701118
0.0377957321087919 0.0478020375688653 -0.0705225617280797 -0.0359628305574077
0.0151922176802837 0.060840954137925 -0.0642584907946012 -0.0231346196992875
-0.00549951309304863 0.0729063060893511 -0.0660498967775921 -0.0109165620087834
-0.0466547839155774 0.0614805795513341 -0.093829207676779 0.0424367665995967
-0.0885566603336476 0.0495293699433494 -0.127582741259602 0.0761997696315366
-0.140207887048938 0.0279716023077948 -0.0621462496018947 -0.0474363659358413
-0.101845239270569 0.0326697263048636 -0.00200718793313604 0.0202078406708854
-0.0758593860032578 0.0637751454114121 0.0872753047268634 0.0080400297247509
-0.0496271224168226 0.0684695081775077 0.107826468726954 -0.0359378474479974
-0.00886491835807446 0.0806310010756259 0.0838155310114306 -0.101134242184158
0.0271452182680849 0.0733246965813446 0.0251236889149538 -0.117398237200121
0.0602669416599394 0.0559796500581402 -0.0218025996332594 -0.0967320694717269
0.0719554157462821 0.0329201115391083 -0.0437132652532726 -0.0587494592909414
0.0839514455853861 0.036704319513723 -0.055859185939282 -0.0373562903602255
0.0650393263737855 0.0608958562390445 -0.0580419974531298 -0.0286543605198716
0.0500381583294622 0.0813000702496921 -0.0608620353756014 -0.0225668031011403
0.0100133257543056 0.102923638189231 -0.0583569221046158 -0.0175181670777583
-0.0316090587856515 0.112382100734295 -0.0554229666793935 -0.0143209127419098
-0.0885555766931531 0.0793035536580853 -0.0685112202233718 0.0345313182351139
-0.140121593121032 0.0522896913745052 -0.0874351245225376 0.0706531017396346
-0.177784973249077 0.0192901225962921 -0.00362775736085441 -0.0412628859981185
-0.15185683331238 0.0313295580621001 0.0402780062118457 0.0326321014279642
-0.128948895833626 0.0884734735064756 0.118100232518456 0.0189826218358348
-0.0813194519002082 0.110262849338558 0.126367701092513 -0.0286421800819837
-0.0137833050425509 0.12127337477028 0.0901329196929212 -0.0878560963190391
0.0318411114622028 0.104385140622843 0.0374081576627989 -0.0925459017075895
0.0703153223778712 0.0824334504862574 0.00133302947980723 -0.0748299994520043
0.084964414426144 0.0533620186373075 -0.0159690789526319 -0.0422671140341627
0.095991010589417 0.0564351614624736 -0.0270621291747149 -0.0210710997504585
0.0704761515334265 0.0810887643635481 -0.0326088343924371 -0.00946253381822857
0.053730631813912 0.10271974865201 -0.0474631702349851 -0.00447769804572049
0.00234570500481964 0.129767322641459 -0.0513456823657165 -0.00919318948658651
-0.0540926681735861 0.135931571076303 -0.045803032837387 -0.0190703822031071
-0.119204860750939 0.0847628665480145 -0.041932486147169 0.0174618660445717
-0.171336736976172 0.0451774584559208 -0.0373814967987732 0.0585378886625175
-0.185873035039864 0.012061566724963 0.0594049725599758 -0.038407474570656
-0.17372829000773 0.0279479278022483 0.085531192157235 0.0344191145102777
-0.15594443430916 0.0992242852972798 0.138373927829289 0.0245126995550076
-0.0959370329990942 0.132776043049397 0.133715653431935 -0.017446177867094
-0.0137270305714959 0.141635788296686 0.0922489418543974 -0.0617341743806387
0.0340077829618222 0.117784150755227 0.0518917942067698 -0.0560499506821748
0.0707590348956768 0.0961073601250945 0.0278508192929322 -0.044107342840336
0.0852931151899962 0.0661492224947636 0.0138577515449261 -0.0195247811277981
0.0922325302225381 0.0689053623328554 0.00248445261899005 6.00061184171202E-05
0.0616569883235406 0.0925643000134972 -0.00747717698115938 0.0144482609672073
0.0416424906043084 0.112292270568253 -0.0333510257175247 0.017757917637155
-0.015458147399253 0.135142026677536 -0.0443486879240368 -0.00039924256984221
-0.0768018312887574 0.135209464205956 -0.0361206250429955 -0.0225418472700502
-0.136379318804001 0.0711026168926502 -0.0151681586889053 -0.00223599827817988
-0.178010741642544 0.0264088549013422 0.0154216460460777 0.0453819730026795
-0.161916609095065 0.00356465005451131 0.114924365830929 -0.0392584792843469
-0.161483294825754 0.0189348584565863 0.124292481685454 0.0241308829746518
-0.151556376829684 0.0888343004189875 0.143446531903426 0.0222021365845776
-0.0912094816639819 0.125508840201485 0.126897405853543 -0.00601102895034071
-0.0132790350950405 0.132323036171219 0.0890945410782817 -0.02777004137893
0.0298234440298399 0.109394972268484 0.065750812054187 -0.0162799374726018
0.0605100694755428 0.0928658821193687 0.0533693538636295 -0.0107644253222393
0.0724645542265064 0.0683171373323823 0.0411739198598039 0.00566782832802553
0.0739824197379488 0.0730682402102561 0.0273755416387437 0.025931622404182
0.0408816050236453 0.0929026539801181 0.0110214553208533 0.0415434353610812
0.0177136892679533 0.107109564321082 -0.0252350120156549 0.0407742792133884
-0.0407743825535924 0.118328413704395 -0.0409230700479314 0.0102898835631041
-0.094919280182558 0.108776038940733 -0.0269292320609303 -0.0224245768231314
-0.137432293696954 0.038823968058695 0.0085573712594944 -0.014663979094616
-0.158292059322075 -0.00130243935026528 0.0634003497664601 0.036953189489192
-0.110083356330074 -0.00581209784169755 0.152025450945799 -0.0464681693673168
-0.119865109228534 0.00397943124247223 0.145832919346867 0.00357320275009867
-0.118889429185074 0.0611541638099659 0.131634283024515 0.0156370977410807
-0.0723864185948641 0.0922593423956181 0.1089231098214 0.00588902661123514
-0.0131986604707874 0.0986968727185408 0.0821009487986907 0.00448306761690999
0.0181451938632821 0.0831353466959887 0.0766955916349399 0.01866050191832
0.038931212774128 0.0750481501740648 0.0744968614751824 0.0186640741560252
0.0490820171652905 0.0597560240304305 0.0611365313953822 0.0292093699414563
0.0466640676640981 0.0655185181620432 0.0434211963577211 0.052166889001536
0.0167166428391357 0.0793851647255489 0.0178466974500812 0.0697777568789006
-0.00675827788765219 0.0869622484057712 -0.0276368187982003 0.0644432705760894
-0.0576811061241481 0.0845245204825202 -0.0439058851523825 0.0209541018454817
-0.0991295482973626 0.0658950868251934 -0.021392826399073 -0.0160369382783423
-0.117633419150584 0.000276976441239626 0.0268941682798326 -0.0162383504361067
-0.115516390998259 -0.0283351429521546 0.100088880128189 0.0378681412269744
-0.0406101530584713 -0.0176263632454422 0.164416933735995 -0.0567342442886484
-0.0621138796122767 -0.0149010567470086 0.145515028613493 -0.0198538004369698
-0.0715308731976075 0.0225813238832745 0.107854461224121 0.00974508787910181
-0.0462443167264882 0.0436986687296906 0.0877550725790708 0.0159233542540115
-0.0162246458397349 0.0501399729304823 0.0756707738392963 0.0294047226320142
-0.000910546517603529 0.0458845047417861 0.0832576544672792 0.0414712205369848
0.00929462928970363 0.0465955520107249 0.0866292328725883 0.0395792376896372
0.0186544834028535 0.0420357229151866 0.0715041915586842 0.0473188433299934
0.0172206371377073 0.0456765957760453 0.0489866309842373 0.075719743623966
-0.00193744309200933 0.0528231078233535 0.0137905587359608 0.0928833566884334
-0.0189817750721287 0.0558291543292108 -0.0379264023890658 0.0825731761665804
-0.0554446125296424 0.0458158668851923 -0.0519393357413571 0.0312615131970481
-0.0806222263855407 0.0233027585079638 -0.0222060967081234 -0.00566756022103252
-0.0785321943269212 -0.0292333392004108 0.035097347560964 -0.00905755953576028
-0.0558193772163109 -0.0447963908114426 0.122269239549928 0.0446827061743233
-0.0113216364049032 0.0402153947521683 -0.134458992839812 -0.0466445999957084
0.0256379766264078 0.0299158598020641 -0.0566255534286572 0.00541939766645855
0.043551813641678 0.0110465970360908 0.0291305845165656 -0.000509102207276486
0.0264548803297513 -0.0135423993895607 0.0659591262290501 -0.0324741858145964
0.0118678408416604 -0.00952777437669312 0.0603118338898141 -0.0955807206943336
0.017023814075969 -0.0072277053119546 0.000300983803900072 -0.125290255792928
0.0223967255828863 -0.0177779545610154 -0.0521891830687169 -0.100871539260711
0.0185368670124858 -0.0207470565555691 -0.0765552420129926 -0.0646788055964072
0.0258307495112423 -0.0173038671334007 -0.089075126591787 -0.0490315275253895
0.0284357873208187 -0.00276290630522308 -0.0896237642991349 -0.0466873697608052
0.0256864989596204 0.00471908724123474 -0.0784295390047493 -0.0395463111102686
0.0274485487761764 0.00981177833430215 -0.0736772154296802 -0.0249156676691603
0.0311134499968234 0.0279508197228572 -0.0798877592652475 -0.0109070233488415
0.0056734543281864 0.0410866532378687 -0.113211472863503 0.0387061900500212
-0.0221191779375515 0.042794041761626 -0.150794945072409 0.0759717300553597
-0.0809972837738791 0.0383388003641711 -0.106714814193581 -0.0497744997780601
-0.0383286450500795 0.0347184381289425 -0.0343841594874095 0.00945365214548243
-0.0124901707392793 0.038499780511048 0.0564146757139001 -0.000534025426939889
-0.00934440316442095 0.0261100466965099 0.0862645786749596 -0.0374903734053385
0.00175815231098762 0.0345635213722216 0.0728277710991359 -0.103082509806568
0.0232939496429207 0.0337798473951521 0.0117149872479572 -0.128084470086111
0.0444952136387504 0.0194503789053774 -0.0408567823242619 -0.105117683945057
0.048661212116693 0.00546289229409117 -0.0648320260072272 -0.0656789713869447
0.0593434185282899 0.0104755721904023 -0.0782752527049876 -0.0460891019466661
0.0499930581442744 0.032175085233566 -0.0792512382997438 -0.0407143073124404
0.0387877104044339 0.047287824912871 -0.0727893129475089 -0.035010243146223
0.0161957823061358 0.0611786087753501 -0.0662509096146313 -0.0234218874388533
-0.00356576501467863 0.0732692434948481 -0.0669661738583886 -0.0114951671228511
-0.0465031815916056 0.0630268607685966 -0.0924145769036406 0.0428578533215039
-0.0885927059387431 0.051809262681018 -0.127209153807386 0.0792265934346499
-0.139973157824265 0.031556350055573 -0.0611778132919726 -0.0468691851505792
-0.102226372608323 0.0348912810925678 -0.00111266067258363 0.0223652073556429
-0.0747147318847486 0.0657123413578894 0.0897199034882747 0.00890347508877949
-0.0489680349615345 0.0699427673325845 0.110192850468557 -0.0362776177014
-0.00749671394918058 0.0817985029664478 0.0831069899758305 -0.102441518851712
0.0287866511870701 0.073902313503143 0.0236848430147436 -0.117998667321565
0.0619875802268269 0.0544902111307786 -0.0225970975028882 -0.0955888511282791
0.0724662642866582 0.0307778109354811 -0.0437393987269224 -0.0576242848580399
0.0844229497004696 0.0344513063098099 -0.0563405462686235 -0.0359930012843004
0.066915434059793 0.0602980802438787 -0.0598761779831327 -0.026589897980194
0.051619926052631 0.0801596869607486 -0.0635151408839839 -0.0215574878597337
0.0114771688085939 0.103384763927543 -0.059990652350481 -0.0176804793201542
-0.029486775411856 0.11348181684925 -0.0569828990468548 -0.0150228093311644
-0.0884335052620571 0.0817555121568145 -0.0669938070653872 0.0348542877833972
-0.140329010415969 0.0558292059961435 -0.0863796706845967 0.0734972425458355
-0.178210487828622 0.0234241388565241 -0.00253022938466438 -0.0415852754116709
-0.15300808247989 0.0338594826046534 0.0415940064399208 0.0341644593689335
-0.127275306044811 0.0904024626465973 0.119727487623485 0.0202912551915672
-0.080087014481323 0.112394577646984 0.129047513286544 -0.0288559356244963
-0.0113573048599878 0.122110791207762 0.0903101592542684 -0.0888614415013816
0.0338918457836854 0.104501642025282 0.037241072264901 -0.0930133968880576
0.0723224709891502 0.0809689893026553 0.000733463937540755 -0.0742738053269867
0.0857240571525726 0.050720458446997 -0.0159885758842032 -0.0414306331344926
0.0969110187846512 0.0534110375226167 -0.0276475944753044 -0.0201020768775233
0.0726582998752991 0.0799425631006482 -0.034447131190155 -0.00804154028902622
0.0554073741907564 0.101843897290924 -0.0495801472241005 -0.00356875630108762
0.00442406092562258 0.130305805868432 -0.0534769231534943 -0.0101312806353985
-0.0509251402687382 0.1376756261458 -0.0474095176266923 -0.0197507529415242
-0.118782624343765 0.0876099764696706 -0.0407096656262438 0.0172678493082482
-0.171451836889286 0.0487265001807895 -0.0363311046476899 0.0597493187136188
-0.186729814646395 0.0158129196095709 0.0605663575776183 -0.0387300810797924
-0.174405254712072 0.0305519880021754 0.0873502536171634 0.0355106378430988
-0.154607606385129 0.101884750797502 0.14067344857168 0.0256226191461739
-0.0944263237496936 0.13500282586785 0.136033179654071 -0.0178348857792822
-0.0112986119294767 0.141616143018173 0.0921913589799533 -0.0626702727903888
0.0365608027722764 0.117282919782169 0.0524965575110097 -0.0573831426019919
0.0734572756106267 0.0944441763376007 0.0272754028563626 -0.0441751218597878
0.0864737253155607 0.0633474497783386 0.0141856577306483 -0.019163563481778
0.0937009686189934 0.0663284998838692 0.00224780949279434 0.000708269683786265
0.064122471255313 0.0916680789525001 -0.0082534944074045 0.0151579874023516
0.0435734097962041 0.111341660065145 -0.0350965237623771 0.0182228749863981
-0.0135133955355628 0.137188276357048 -0.0466716917573813 -0.000884065092865512
-0.0740642504730322 0.13726143814587 -0.0382623498674715 -0.0235748579691808
-0.136609322856887 0.0736473674221573 -0.0147924555383452 -0.00201000099500705
-0.179220026808732 0.0302480376687548 0.0163665309627379 0.0458377659985899
-0.162075871690719 0.00719187821911469 0.115787537990402 -0.0410862080042651
-0.162088983973443 0.0214974597811968 0.125933477078693 0.0240878754263536
-0.149797077906923 0.0917058523358356 0.145111111775883 0.0231071178094633
-0.0909874293902441 0.127903256528763 0.129661101316277 -0.00495088105273068
-0.0108737721730492 0.133120176808156 0.0897050746428593 -0.0292001221989579
0.0322231564597302 0.109183478295612 0.0670827869321679 -0.0171165012419093
0.0629618094618957 0.0913094039357732 0.0535524294221626 -0.0109527364248989
0.0735635075140707 0.0657949566526384 0.0413163665872453 0.00510535977972127
0.0757679230077371 0.0702540615997988 0.0275807779375502 0.0255086734172062
0.0431120068354364 0.0926747840107349 0.0109911782154691 0.0419084150746076
0.0195744773154777 0.10658145582664 -0.0269021160004937 0.0421977187527016
-0.0387073759739413 0.120582650724833 -0.0434237812094174 0.00997417134980419
-0.0932693261704361 0.110380137497683 -0.029142555545605 -0.0231119741956718
-0.138247707010074 0.0411689036822677 0.00913935303040551 -0.0151658449662426
-0.159791812083687 0.00220354216325854 0.0646548581323353 0.0370295508728163
-0.110440522239819 -0.00290357459952347 0.153255641296813 -0.0490898367494398
-0.120674078332665 0.00576379798634868 0.146080644380254 0.00287581627065277
-0.118268001766165 0.0633832052763554 0.133963961263348 0.0157332761998843
-0.0719451457800802 0.0941707424001464 0.111298356928723 0.0063898672680656
-0.0114946950043301 0.0988406355308471 0.0841355113454828 0.00387445785554881
0.0196317577761728 0.0827759366392684 0.0789008920046368 0.0177057725965559
0.0409264233107885 0.0737673977348928 0.0748331197309843 0.0173230917637337
0.0505469619923875 0.0584867942899999 0.0615220455829004 0.028727718493155
0.0480073182391422 0.0639876536728015 0.0437382701257818 0.051715445513732
0.0187121944540272 0.0800600217937642 0.0181768042684669 0.0692458483333052
-0.00534866608913972 0.0872174326763708 -0.0282505666298845 0.0647924612803426
-0.0568391118563043 0.0869595687334866 -0.0456129693284737 0.0214470399592368
-0.0982373066998294 0.067667661459735 -0.0231715050793577 -0.0166043799314815
-0.118800760915369 0.00201845966392642 0.02636031907243 -0.0168559346741487
-0.11643211477319 -0.0260050814108367 0.101579332248164 0.0367114009414095
-0.0413031915797006 -0.0161761353581047 0.1650541567521 -0.0589903027458507
-0.0631562351332845 -0.0145120485691877 0.146100309951238 -0.0206997304950995
-0.0712254675846843 0.0235690150170024 0.109746337109116 0.0100048132297478
-0.0462081478496214 0.0442092701976595 0.0898036149037459 0.0168813705681482
-0.0155159637935364 0.0501893732367039 0.0776617408505676 0.0294468383640826
-0.000231568003267564 0.0458187946213826 0.0857125520183554 0.0404618919833198
0.0106126248449899 0.0461516412876047 0.087378771803179 0.0381300941135719
0.0195030233324374 0.040769674449462 0.0717929733312746 0.0460628427392565
0.0178945621859678 0.0447717321588914 0.0499456993201203 0.0740634842178793
-0.000517414083915155 0.0533667380595028 0.014375850378088 0.0920652846453427
-0.0176156679025034 0.0568507022831175 -0.03790287015632 0.0831211100560495
-0.0553381753089066 0.0477302036332954 -0.0533897030220106 0.0318272007355931
-0.0806886091270431 0.0246154997656679 -0.0241254101409303 -0.00642859348196668
-0.0795872687532691 -0.0280378209560433 0.0345549450739949 -0.00981499471444067
-0.0568184162465538 -0.044330019033024 0.122412482000292 0.0435280345144201
-0.0102401526962363 0.0410044281308721 -0.136433081851116 -0.0436097261117943
0.0261514909061967 0.030101721657353 -0.0561887502004894 0.00847743127458807
0.0444431501187806 0.0101388658486038 0.0309010599808442 0.000434889154749945
0.026506290751214 -0.0139868692813584 0.06773946607963 -0.0338486840111755
0.011544662409387 -0.00942356414144343 0.0594203062401361 -0.0980077056006557
0.0168281769985602 -0.00766357749292202 -0.00348085124173653 -0.1264430395629
0.0217263826028985 -0.0190792933430223 -0.0551430002347462 -0.100190007466599
0.0174935190688283 -0.0216742626041028 -0.078207630660268 -0.0632383627115902
0.0253128209497647 -0.018196171247939 -0.0919359142861884 -0.0458854536072532
0.0292488060514632 -0.00372541090479689 -0.0926448927196613 -0.0442132249252466
0.0263156506746757 0.00433669861570313 -0.082279840971248 -0.0382958353194228
0.0282118934197639 0.00937522409774277 -0.0758482417214423 -0.0241834765783899
0.0326772285387293 0.0271853572799342 -0.0814611581104572 -0.0107144073864715
0.00680844542593849 0.0426467786062728 -0.112467793007406 0.0409659191985313
-0.0213429115010932 0.0444515091140883 -0.150890191833125 0.0831949386459901
-0.0804179422798088 0.0423061131824479 -0.108175240992598 -0.0475104736580752
-0.0380859830498156 0.0368389332546317 -0.0329918536430934 0.0118025879404823
-0.0113597552955672 0.0396153271675232 0.0583912952738763 -0.000476336628005053
-0.00909729126329146 0.0265272337681944 0.0886165737480246 -0.0388775225060561
0.00313425439213608 0.0354443492085013 0.0713124047843393 -0.106107495320447
0.0249741639657142 0.0337374688494068 0.00821203353297298 -0.1301357982546
0.0459899885704871 0.0172559341681845 -0.0437505379284256 -0.104432246188306
0.0487438860269357 0.00349547988287725 -0.0662461957962916 -0.0643248325879234
0.0600942298478772 0.00798169902733011 -0.0810715771255819 -0.0429872230727171
0.0518299365677782 0.0312110829165198 -0.0824757050641934 -0.0375031069463962
0.0407184392002361 0.0462953833803375 -0.0766583588514285 -0.0332096842368154
0.0182478031068786 0.0617058372025402 -0.0686266569306232 -0.0229738544316129
-0.000546448422078104 0.07442321216142 -0.0693047919761993 -0.011600249086037
-0.0454620961881601 0.0661533732752104 -0.0912078196275555 0.0447574429682781
-0.0884527746878399 0.0559157697194814 -0.126540837327181 0.0848653970431417
-0.141170362599377 0.0377361232924668 -0.0616636025959693 -0.0459286039384378
-0.103329899855768 0.0388713356722403 0.0010675069639487 0.0237438731634731
-0.0730980246062782 0.0690905874088844 0.0920821041371847 0.00851864786591813
-0.0478007752904893 0.0726889011153902 0.112143144558169 -0.0379639245091049
-0.00469444809477628 0.0833577558503167 0.0813540044315254 -0.105221634882916
0.0318632379564949 0.0742007491113914 0.0211475773269887 -0.119707562841948
0.0647480618403286 0.0526000858526751 -0.0249453310999728 -0.0955760319019016
0.0737176491342336 0.0284750696989333 -0.0442551915464362 -0.056558422899985
0.0863661598415365 0.0311214867422636 -0.0584387513205811 -0.0336915686795814
0.0702287778427797 0.0586214565630184 -0.0628955311071411 -0.024497521044964
0.0547171777791237 0.0793390031818429 -0.0666151250440589 -0.0196898931814874
0.0146792006315182 0.104579507972182 -0.0632145648558002 -0.0169877629722328
-0.0255677306702418 0.115533473301652 -0.0591536728592688 -0.0148841160919588
-0.0879098386553077 0.0862225010612232 -0.0656260192089068 0.0359587211892195
-0.140828557743346 0.0621405948810475 -0.0853086403082216 0.0780419773048095
-0.179802378018348 0.0308732707787664 -0.0022643808865814 -0.042326773177832
-0.15453294033316 0.0396457089923184 0.0442781339393892 0.0348709132595984
-0.12557312066159 0.0959002846828037 0.123659420096863 0.0190858422452315
-0.0783618853288441 0.116799131747317 0.132096870756177 -0.0307972426457531
-0.00731836386862934 0.124462478105377 0.0891153964227859 -0.0921204330982254
0.0383547443187348 0.10510796044257 0.0360963597526354 -0.0953828238123789
0.0765524743043609 0.0789941938558304 -0.00110529501831779 -0.074428157073293
0.0877269635028772 0.0477249153144023 -0.0162427943989739 -0.0405493111651469
0.0990656441720087 0.0495247652930879 -0.0288039452493103 -0.0180409104017098
0.0768772020715858 0.078824563379405 -0.0365326234530915 -0.00626217992482914
0.059780049795827 0.100865463725576 -0.0526243406222822 -0.00117187907931589
0.00828141150998269 0.132331364612 -0.0562672725105458 -0.00924264707369198
-0.0471594868355217 0.141184924153461 -0.0500687517834599 -0.0200134364828942
-0.118483531933656 0.0934491294813153 -0.0396189924067818 0.0175334543118586
-0.173225394257176 0.0564210291836419 -0.0349766685783451 0.062830092654906
-0.187926376760303 0.0237421405283253 0.0619659605347874 -0.0414175546378417
-0.176285635282528 0.0362861095020884 0.0902359882596683 0.0348083475408832
-0.152796856856432 0.107890489028496 0.145179584658167 0.024150372053194
-0.0927131565217825 0.14030826169028 0.139795342937875 -0.0194048968748438
-0.00737355270495568 0.143828403109098 0.0924196027338774 -0.0651543007558108
0.0408975454654507 0.117941631339476 0.0529400376666625 -0.0589567796594746
0.0776946394679158 0.0923399582727402 0.0267566903378754 -0.0446733396276567
0.0890298364671859 0.0603039037012275 0.0144419670230311 -0.0196970373674139
0.0964618737956737 0.0625208371280407 0.00197715364967612 0.0015664200373726
0.068512497214451 0.0909028310643449 -0.00898897283323773 0.0160960224660048
0.047664044519104 0.111031514004713 -0.0369261733556879 0.0198112933321784
-0.0093873846361339 0.139530742943953 -0.0497204571716228 -0.000143165415992391
-0.0698394488796876 0.141232923776455 -0.0407563472879827 -0.0238045465390095
-0.136570894112898 0.0796520206785 -0.0140708808085993 -0.00274278174738827
-0.180293587010669 0.037331889824894 0.0183648015326456 0.0466251157003771
-0.163295323807694 0.0137381150605022 0.118001166285416 -0.0455120552718895
-0.163982008039603 0.026254996761079 0.128576837756642 0.0224934802057819
-0.148673042342099 0.0970289583552356 0.149320705768745 0.0208176984425027
-0.0888989330812911 0.1326184831891 0.133132482417959 -0.00743592530677035
-0.00716187113668638 0.134893558893341 0.0914572123551697 -0.0311998451480997
0.0360075867563619 0.109631777571084 0.0691917322576513 -0.0197609320600341
0.06665748436777 0.0894015892443016 0.0540326136128782 -0.0124452333600029
0.0767264321709693 0.0629441398891894 0.0423867918461161 0.00411072964811417
0.0786204235689035 0.0676959189751232 0.0280783015448998 0.0254341363591728
0.0473538550857295 0.0928978302735778 0.0113439161964829 0.0423791345503959
0.02359324472896 0.107566719638776 -0.0273534983137428 0.0437139289064469
-0.035718855835557 0.124038297803996 -0.0453787775728312 0.0107397845377702
-0.0905255789447843 0.115092211732876 -0.0317351430850276 -0.0240266865672166
-0.139204484011488 0.0465339859089555 0.00902922270064514 -0.0163404779969373
-0.162255585996863 0.00786137608410147 0.0667507098636846 0.0358001371423983
-0.111612918924818 0.000715772419104321 0.15468799441255 -0.0540024058517592
-0.122137580760041 0.00852045889221275 0.149152675585869 -0.000428890091467491
-0.11750524349231 0.0671226914853899 0.136598054806641 0.0139625260681933
-0.0707461576603113 0.0971895078931368 0.114426900965489 0.00453500308965553
-0.0093604528018795 0.0999703171070339 0.0863281966205343 0.00244502280911167
0.0222059674351238 0.0833315179898185 0.082823045019969 0.0151630602676883
0.0437726521770293 0.072854218268313 0.0763225278829279 0.0160612470227112
0.0529911745991803 0.0561904514769086 0.0626457708738467 0.027033689392866
0.0509420204998063 0.0619975152552868 0.0450567935264726 0.0507366369956929
0.0219844825064102 0.0806300026243734 0.0193927527394637 0.0690608135699665
-0.00243979280904656 0.0885137929864138 -0.0279627350753671 0.0667067090409555
-0.0553002796072019 0.0907690780175444 -0.0475666141944907 0.0225708610394814
-0.0972591547660244 0.0717810038228059 -0.0257498544304026 -0.017083637421989
-0.120617195748474 0.00584088398364348 0.0267152767375595 -0.0181713680306175
-0.119369136203584 -0.0222600483848843 0.104012000166757 0.0345204124232473
-0.042185268683488 -0.015498351910913 0.166041766309008 -0.0644480043867367
-0.0643586914348978 -0.0134667965145421 0.147544424232866 -0.0239372374252148
-0.0714093668209792 0.0261110100723353 0.111983153021471 0.00817871130976514
-0.0469369822560716 0.0460580233261229 0.0928886454077015 0.0158510750069551
-0.0143265502092606 0.0515544483579797 0.0812766300558199 0.0279543930794154
0.00146589745179856 0.0459619766374551 0.0896703382150501 0.0382097453388691
0.0122770380406308 0.0464891745683658 0.0894311886646409 0.0353424177019385
0.021317608339589 0.0403425797710044 0.0734840143029751 0.0448806090561935
0.0196549492678944 0.0444827215907753 0.0517024856921347 0.0733618042334915
0.00123398126677955 0.0541298790234505 0.016807149028899 0.0924956523080742
-0.0160345782659493 0.0579214594074411 -0.0375075620977346 0.0849543829228894
-0.0549858751730003 0.050423982472834 -0.0548404655414877 0.0331951499105975
-0.0812729573784643 0.0265613532419755 -0.0260586475635162 -0.00676712177407164
-0.0818603959611913 -0.0263873661215418 0.0340631994677726 -0.0112732892292639
-0.0588427104522089 -0.0428873824137509 0.125699290283935 0.0407665917277221
-0.00835759495871576 0.042880674096054 -0.138052197217027 -0.0379317000462404
0.0275144880700601 0.0300907204187425 -0.0546672397126552 0.0117292268621336
0.044975929577522 0.00804251055450837 0.0321876511856693 0.000877357797152866
0.0258983602920463 -0.0152344004996092 0.0684197077954877 -0.0358280666142977
0.0111744339143743 -0.00914853992717243 0.056588199696664 -0.100810220005964
0.0165160122606334 -0.00833679782877648 -0.00889531198074054 -0.126253534765769
0.0205891332350408 -0.0208180144573778 -0.059206634137507 -0.0975599204574189
0.0161156477514013 -0.0227295005536837 -0.0808657949790363 -0.0598963136202936
0.0242859199118013 -0.0195601109196602 -0.0950815644692713 -0.0405725751289704
0.0287911978185017 -0.00558494713951398 -0.0964687710191563 -0.0391456116763417
0.0270663397913803 0.00306207382573339 -0.0854937019146923 -0.0353190123724073
0.0292728425702903 0.00805719062238148 -0.0781418286405897 -0.0218968365496616
0.0347872456225702 0.0257218548156554 -0.083322073685671 -0.00850473576672668
0.0090416056097038 0.0431969497679029 -0.110800825326213 0.0445175133315776
-0.0190373530247718 0.0453311340088177 -0.148804486326775 0.0912348824199831
-0.0791168893653832 0.0476378008219597 -0.109083802503467 -0.0434562911542789
-0.0375421694258611 0.0398214524571769 -0.0309053986004142 0.0146073044445067
-0.00934119084137845 0.0402788782016344 0.0600946422227896 -0.0013302193108795
-0.00779303925427844 0.0272404774863312 0.0893341679295718 -0.0411344526089099
0.00480193518593679 0.0358589373189076 0.06779408363586 -0.108934752086202
0.0267695527458677 0.0332725031534217 0.00303002386104344 -0.13065860880295
0.0472724319656221 0.014492859898765 -0.0478150262874229 -0.102425008654743
0.048715556449149 0.000951839772487671 -0.0683246736147034 -0.0617669437263539
0.0598809249084614 0.00460835717934755 -0.0836696263288607 -0.0384320485293571
0.0541206831295664 0.0288482627974607 -0.0855281406144999 -0.0330556050457517
0.0431916929840472 0.0445981774839902 -0.0802316446714202 -0.0296303093009511
0.0213171261598169 0.0612010003870537 -0.0715826700701033 -0.0208648165591055
0.00336061253429013 0.0743238971188611 -0.0706490401855698 -0.00972455522434468
-0.0428862066172352 0.0691802648832178 -0.0886583871506908 0.0478638515855512
-0.0859513724563066 0.060972977183514 -0.123699856508598 0.0927553118931513
-0.140125931773344 0.045671101560504 -0.0624136771193759 -0.0436231646496283
-0.102814090407401 0.0445798849646881 0.00341650187001601 0.0255606616714122
-0.0695122892161263 0.0726900671420853 0.0942904061368896 0.00644983560448127
-0.0454267996857488 0.0759743010664628 0.113890776363673 -0.041212027729876
-0.000920160791691288 0.0840572413977621 0.0782102485116682 -0.108825717115478
0.0357601953444274 0.0733330009361471 0.0164991040308715 -0.121251424890465
0.0679486321833504 0.0482088396088343 -0.0288225159859011 -0.094054778210592
0.074860943644221 0.0241381147712393 -0.0458341629649327 -0.0550579367246577
0.0875698721519302 0.0262385849901533 -0.0603310919343323 -0.0295977964741085
0.0738312176782256 0.0560937552847866 -0.0650418747264449 -0.0205897171959433
0.0588991610158763 0.0765221749026445 -0.0699941318128368 -0.0163196719380049
0.0199193254805368 0.105211494946628 -0.0661602448043494 -0.0148780220984976
-0.0196732774418149 0.116985354361432 -0.061443351847678 -0.0137502021952254
-0.0847119982200302 0.0915998749722507 -0.0636126722988455 0.0376446196460703
-0.138675588689987 0.0701007505923045 -0.0823146147708127 0.0830751544551091
-0.178922844890315 0.0407612178960872 -0.00163149802140341 -0.0428647007033222
-0.153869500153184 0.04662301588879 0.0474543639429677 0.0344004290142173
-0.12091822096699 0.102151984920068 0.126878114977782 0.0161865615117512
-0.0738816375334815 0.121691340919018 0.134720091431141 -0.0350267246316174
-0.00206141887940351 0.125159506926762 0.0865580549971463 -0.0954238758958617
0.0440175528313797 0.103785691287295 0.0328226348591349 -0.0969471000507466
0.0806413369168798 0.0747024361803002 -0.00377413758931256 -0.0739795195831809
0.0899013269462303 0.0428061035970815 -0.0168341437446492 -0.0402526715832947
0.101234255907515 0.0438452480372197 -0.029884708888834 -0.0161575041448858
0.0816610781105466 0.0760550067728694 -0.0372380313761375 -0.00391998213250201
0.0644894331761727 0.0981164700408548 -0.0545693544326163 0.00135452280895647
0.0149419441846589 0.132969568756063 -0.059234616279428 -0.00731321238863956
-0.0396349466738369 0.143822917158946 -0.0525122069825207 -0.0188618213003936
-0.115228875228625 0.100497946940622 -0.0380900683836275 0.0178482465167054
-0.170874817048096 0.0662206380981706 -0.0322572814601776 0.0653330947580145
-0.187637310413867 0.0337115591846031 0.0619390543839884 -0.0445505879083697
-0.176396126292583 0.0444780195254982 0.0937251561883153 0.0333098531315628
-0.148064802819109 0.115086921179257 0.147766512621522 0.0205243166478163
-0.0880875818930332 0.146091420295423 0.142842155432667 -0.0238176122904123
-0.000497192018606141 0.14488449178253 0.0912689035959986 -0.0690591242410466
0.0472697496654971 0.116718100707402 0.0517005989821449 -0.0623850988311949
0.0829469827023452 0.0873844560313142 0.0253486872554496 -0.0452875900464969
0.0916821635096309 0.0553145997151911 0.0143339176050532 -0.0202721859408643
0.0992670182801057 0.0567102516020356 0.00198123760513241 0.00232031838722706
0.0737092996941793 0.0883719728694824 -0.00959481067092524 0.0171979106724069
0.0532199278245225 0.108834237614564 -0.038483143044706 0.0227000900268907
-0.00294415953857682 0.141147491454619 -0.0524748026413713 0.00149231459659369
-0.0633090309339536 0.144745441258421 -0.0438289057778902 -0.0228556169768555
-0.134575097275219 0.0868033685462242 -0.0136201590678303 -0.00333558151696235
-0.179644084176342 0.046976082520745 0.0204971903618035 0.0465613076330046
-0.163700978650263 0.0222526154947865 0.118204849476212 -0.0507376084363233
-0.163642060107023 0.0330616713292068 0.130786837779284 0.0184458939146943
-0.144812557046285 0.10388275821151 0.151994632856799 0.0171334531995267
-0.085179764647829 0.137432849766229 0.135926941993728 -0.0112726886412179
-0.00135229968471641 0.135508140390375 0.0915367837617141 -0.0344205528119717
0.0414812928188927 0.10798802815567 0.0699298971036531 -0.0228555719895232
0.0718738550216729 0.0863168085002616 0.0542805514494517 -0.0144533760410827
0.0798672499670259 0.0585346350302185 0.0428495861084852 0.00249098340332828
0.0821083268625297 0.0626676876030098 0.0288630755285587 0.0244426895833807
0.0529867294076095 0.0912053227670742 0.0124453522767684 0.0422515435460433
0.0285461439490715 0.106614501094775 -0.0277622346333471 0.0461113153073814
-0.0299901220648427 0.127142881509615 -0.0477065006350487 0.0126427562168364
-0.08555274619715 0.119861929944038 -0.0342639382369732 -0.023266337026481
-0.13822898718458 0.0539782969039291 0.00882733953825793 -0.0175721181203212
-0.162509448333261 0.0168601016117476 0.0688780483864325 0.0331334943356552
-0.111507765958243 0.00671412578014793 0.154449253889302 -0.061113413763758
-0.123046483261104 0.0136490506765636 0.15029635833839 -0.00591735038398985
-0.115524186317098 0.072020747441908 0.139053635573122 0.0105717285765808
-0.068383281748633 0.101256938012254 0.117147976339132 0.00119454182707328
-0.004797912461162 0.100533314374327 0.0881848628349968 -0.000607025258613217
0.0264217330327705 0.0819399373310343 0.0849143194256709 0.0111503424074474
0.0478962689507197 0.0706195167803499 0.0779746406301974 0.0125684450415629
0.0557822670678687 0.0527973557829496 0.0642309572280536 0.0245715057100436
0.0539002558297261 0.0587029122294152 0.0468481760631941 0.0491158013985147
0.0262118967216021 0.080246032947562 0.0216878655406843 0.0690655768387951
0.00219350006111787 0.0891206492513872 -0.0269266863228193 0.0686787388817616
-0.0517076073915566 0.0941856422571397 -0.0491970572987716 0.0242592609283015
-0.0942375211161006 0.0764433525979141 -0.0281131498794915 -0.0170307344254309
-0.121322142947917 0.0115097222654613 0.0263585408112022 -0.0201355849602126
-0.120867469225187 -0.0164301861154105 0.106174659216202 0.0301325044321687
-0.0422254296970227 -0.0132881712314639 0.164973485141425 -0.0728605072513951
-0.065140524612208 -0.0118508585668403 0.147024672804194 -0.0298931715276362
-0.0709824950513489 0.0287612859163298 0.113349497903027 0.00539210745323736
-0.0462522591079318 0.048433820998966 0.095640886628088 0.0134724214672849
-0.0122321143115465 0.0518126809209939 0.0840332586657531 0.0244461170922408
0.00335784726684359 0.0459418099522129 0.0941066126729982 0.0340898225604274
0.0141518241315787 0.0458494949149105 0.0922806202249294 0.0309980414729569
0.0231457011702892 0.0388453557730603 0.0751646859339263 0.0419231292202513
0.0214411338556579 0.0430967086565729 0.054479913528509 0.0713684181717021
0.0042952352381376 0.0541354545443594 0.020033557202156 0.0918794611196373
-0.0129748233611682 0.0588609412112782 -0.0352769243720925 0.0869055051459243
-0.053587851074574 0.0541097174050604 -0.0559445902231011 0.03538535429458
-0.0802925598705001 0.0306539981455794 -0.0280708166451978 -0.00668114504613474
-0.0839578347977805 -0.0228998850262576 0.0335459826420773 -0.013504667309717
-0.0611202508290762 -0.0403147744275593 0.128146241546181 0.0354702918527869
-0.00342778784937822 0.0441692733211274 -0.139187551408915 -0.0181391651653622
0.0310597458907993 0.0266404990721849 -0.0521858144723623 0.0207629653423394
0.0459665678918672 0.000480642120067383 0.0316480939459334 -0.000466889886642633
0.0240140778222921 -0.0207482317417958 0.0633979026672922 -0.042173733101279
0.0105468911825172 -0.0128684581392521 0.041527323497919 -0.106138910393615
0.0130456564289387 -0.012987621431075 -0.0271119964223477 -0.119686151837971
0.0145783764688997 -0.0246310790420289 -0.0716788220530139 -0.0851902396765754
0.0105688767210536 -0.0237558383761715 -0.0852438010091893 -0.0464347915437694
0.0188448343615652 -0.0223147037011313 -0.0975244571387596 -0.0265302933121013
0.0270667103534062 -0.00896315612152675 -0.101108321095475 -0.0253416863803185
0.0266051478064683 -0.000479478592620099 -0.0898534175902978 -0.0236367513011829
0.0298294187490323 0.00436360263422467 -0.0807968093769458 -0.0131974458704267
0.0384295537701678 0.0209356309925072 -0.0845610731620383 -0.000938830289241078
0.0167180103668658 0.0419117539831583 -0.102636194341866 0.0559343798285929
-0.0108218830581637 0.0489033484017856 -0.13268950674128 0.106846238890164
-0.0708877368094853 0.0615695156020451 -0.110001256581353 -0.0305450497049296
-0.0295481546769978 0.0468470754945727 -0.0279775058598518 0.0171684871580904
-0.00119288596835773 0.0402688660528911 0.0581391948755098 -0.00964594059419735
-0.0013397111706034 0.0268223655041821 0.082637923539062 -0.0541195523168249
0.0109407502569057 0.0313923873870128 0.0496178351411561 -0.116480083840294
0.0298875890605379 0.0248253315115451 -0.0179608646583778 -0.125662628610876
0.04677352950877 0.00470949933555643 -0.0628844318771284 -0.0916123429583724
0.0455708072245944 -0.00584116939333219 -0.0739506979965333 -0.049474928469237
0.0578535784427263 -0.00451320071327148 -0.086266806323985 -0.0253171583871862
0.0574193830540704 0.0207278191415046 -0.0904503973179978 -0.020942826794964
0.0484870519183439 0.0373554091400232 -0.084899294719309 -0.0189693338632805
0.0304992899724837 0.0579585973245587 -0.0745202913198429 -0.0142802993078031
0.0148053283430801 0.0726266827093425 -0.0710717928357786 -0.00473247670953658
-0.0307212656161377 0.0753578103653635 -0.0787057169645322 0.0570396234114529
-0.0748101330450294 0.0729839495339168 -0.107167092650946 0.106312843285975
-0.129374583021363 0.0696890043130684 -0.06315140454734 -0.0400789061508106
-0.0913292957834471 0.0620251742576869 0.00876487112770477 0.0195156234840287
-0.0536798958884016 0.0815525592341465 0.0924789761197308 -0.0109549234999681
-0.0290522137869227 0.0810547675965355 0.10578119302768 -0.0603019061840189
0.0131097696895769 0.0789162032239299 0.0573899759969249 -0.11839630815946
0.045146170409852 0.0626284465071149 -0.0045868367676311 -0.118797235075786
0.0739089489357392 0.0348449436530102 -0.0447587675861618 -0.0873737767696307
0.0737009123871621 0.0125575537496969 -0.0515565841364469 -0.0457014336141345
0.0887231579219253 0.0115955984526615 -0.0626884449847783 -0.0197247428183172
0.0814608443934915 0.0441161650919219 -0.0694864641654387 -0.0115415350099707
0.068557709439126 0.0659950609805062 -0.0734851719515497 -0.00687375806439643
0.0361373084281519 0.10154216672542 -0.0692322620546615 -0.0105173350912776
-0.00146637539458755 0.117599091139567 -0.0612116219229246 -0.0099613417232709
-0.068725904115854 0.102560842830919 -0.054235247119076 0.0445290653688171
-0.125674059586608 0.0893985398747781 -0.0662703621432935 0.0936698471559003
-0.166706207489268 0.0710664888361906 -0.00409362858770245 -0.0492910274899038
-0.139966561400359 0.0730416715619986 0.0533514733298302 0.0203096371359158
-0.0985460433603976 0.118264263706287 0.125390584994809 -0.00943921258957534
-0.0488283511512047 0.129674424317844 0.124777507879847 -0.0603633882074757
0.0186118868407995 0.118798501518623 0.0661400930751536 -0.106937578520834
0.0580242891852326 0.0910876621955314 0.0140328631943682 -0.0982642863546888
0.0914550765785561 0.0584569676314397 -0.0180227865080931 -0.0723907524391106
0.091194405933394 0.0276334369060428 -0.0219591525937482 -0.0350310617834045
0.105110186150829 0.0261040843140989 -0.0318372312834272 -0.0105572653202595
0.0922282372060549 0.061857285716619 -0.0402025925624698 0.00115140205701621
0.0776292756942949 0.0858616686585062 -0.0565820776275843 0.00863324402602977
0.0358292201008728 0.130074679074552 -0.062250760929866 -0.00393247196492627
-0.0174225323615664 0.146373783456027 -0.0530546336491755 -0.0163428552363393
-0.0976150528288045 0.115554241013512 -0.0309776195460019 0.0230106479655725
-0.158152256933627 0.0895083191337369 -0.0190073373789368 0.0714144842816871
-0.17507730596509 0.0647442686541377 0.058168943332476 -0.0608131287246313
-0.161497492347389 0.0729754701151065 0.0979965454368342 0.0108824702984477
-0.122266604165069 0.134752594876082 0.146295846838993 -0.0105184903390504
-0.0580939239328796 0.156040448359161 0.133901889700896 -0.0518062770142784
0.0232015390677434 0.138046045381745 0.0739537527292314 -0.0815542275865294
0.0639653386879404 0.103572836612333 0.0373624938277699 -0.067647464681987
0.0970724137588369 0.0709926881626676 0.0141637156241454 -0.0497564418585993
0.095023385111395 0.0390141426689078 0.0108872881320882 -0.0200938950022591
0.105354309282806 0.038635701318698 0.00135201049955463 0.00345944733878637
0.0873982029169071 0.0753742571003345 -0.00992032094536813 0.0175800305143935
0.0684594560999603 0.0978599709106034 -0.0379975026528414 0.0269977983491926
0.020081436200987 0.140607620799671 -0.0537103541992211 0.00417565014586573
-0.039436408734013 0.151177274677191 -0.0441741931591164 -0.0217986498224431
-0.119088544034791 0.105246024336985 -0.0100428331985935 -0.00033422067923962
-0.169514236798216 0.0716170381068492 0.0294493666978142 0.0472890359143639
-0.152863918430543 0.0482453075637117 0.110932278684626 -0.0741646239117749
-0.150741670225247 0.0590000618634702 0.132464364448258 -0.00802846097972095
-0.120987256651674 0.123302884738438 0.15029559997288 -0.0143312742419718
-0.0570943981638999 0.148040951138477 0.129116629049118 -0.0383949543116657
0.0212006676238111 0.129647001429752 0.0793768813777213 -0.0479943838851023
0.0581337456238688 0.0962478631188055 0.0615056458070262 -0.0327199201523425
0.0861083494243332 0.0710455924469604 0.0468210643578559 -0.0241825510298715
0.0848713269004831 0.0440337664126464 0.0412119033452171 -0.0027893120997019
0.0895566780814718 0.0475297965522349 0.0304027496000603 0.0211983706852827
0.0669987171369635 0.0806680545282445 0.0144967689026267 0.0395055945078177
0.0441144045435755 0.0991959325828107 -0.0243695198869449 0.0474997669127357
-0.00966794551358615 0.130882780112303 -0.0474810583232055 0.0145589279580497
-0.0647501948916343 0.129649527819919 -0.0349860570044319 -0.0217280590743575
-0.127992606657255 0.0728667453774024 0.00941526860054002 -0.0163524782493749
-0.15700381459343 0.0385536568502279 0.0740476435993127 0.0286440250053291
-0.104520485431163 0.0231721723478531 0.143414677320096 -0.0868385686318563
-0.114533131278067 0.0317142505977665 0.147556316281217 -0.0325201949878301
-0.0985665879760594 0.0873502586175166 0.136353630851442 -0.0164199218708755
-0.0478703988875254 0.110160766545484 0.113696385035086 -0.0211134383963533
0.0124664616681762 0.0973128150259223 0.082798816122868 -0.0146580011468587
0.0393357337297484 0.0736091426381668 0.0822263519205881 -0.00200437765692614
0.0610111045519297 0.0599048711223834 0.0751802475096507 -0.00181165362713451
0.0610472565868394 0.0419273149580495 0.0643924203524703 0.0154426287738974
0.0622158637468966 0.047893799004694 0.0509794732297761 0.0428971906420692
0.0399574184000097 0.0733921954379949 0.027611301530341 0.0638143685476388
0.01610381815808 0.0868492537429241 -0.0203172494815556 0.0695693854996101
-0.0357932950605823 0.102498152244619 -0.0462207288407732 0.0270372904425545
-0.0807409297424046 0.0881144729748845 -0.0283364178812939 -0.0153064243431995
-0.11794272076159 0.0287298333196479 0.0246365244582646 -0.0206399536835961
-0.120661319885868 -0.00019365810405864 0.108466531070072 0.0207706708739006
-0.0407125361600319 -0.00880998544464016 0.150892934990213 -0.0959787140225616
-0.0638609181227814 -0.003419647715204 0.140486689208723 -0.0523655555723408
-0.0631256295553751 0.037629583489899 0.111945764747493 -0.0139626518409435
-0.0353737529978673 0.054538384276984 0.0954417199472945 -0.00398813966038637
-0.00242990548603359 0.0518502707518825 0.0847302171322888 0.0111245485839496
0.0123739489465085 0.0424460857339474 0.0954163963504722 0.0175727720616347
0.0236327094615755 0.0418376214145308 0.0927341281668896 0.0145872950713806
0.0286163406009904 0.033058166184671 0.0776348769308362 0.0302179993135773
0.0290328999322725 0.0378115311223454 0.0612949525988909 0.0628485645780074
0.014059144737217 0.0521133773213632 0.0291805406881845 0.0867520008537467
-0.00222070328494157 0.0597606317521085 -0.0254851730298777 0.0885016713426208
-0.0432350377128072 0.0630443212908376 -0.0516448058035227 0.0401143240414654
-0.0739185428291683 0.041691263167653 -0.0277147098459101 -0.00346294503730692
-0.0859585035231218 -0.0109613376783213 0.0305963018469951 -0.0154764339124879
-0.0653641537778787 -0.0328445042878903 0.128431778297372 0.0225327464017587
-0.00164203961787931 0.0432732383797632 -0.135042212527263 -0.0142618352387985
0.0314629907137653 0.025570284017608 -0.0493349324359074 0.022419298051787
0.0450139007136759 -0.000444642622722912 0.0323156605458358 -0.000338320647768067
0.0230560978946378 -0.0206150544086565 0.0635691032424419 -0.0421628721821788
0.0102641803278605 -0.0125850701065768 0.0384196070508742 -0.103793857249754
0.0123539785368344 -0.0127296664989723 -0.0293975067982226 -0.114974952579512
0.0128033880771368 -0.0254008739686857 -0.0713932654571665 -0.0799720021944905
0.00938491164579839 -0.0232629053770551 -0.0834096290545434 -0.0435810820963872
0.0174213627565199 -0.0222225451863539 -0.0955418430932438 -0.0219702373255512
0.0260771676681992 -0.00970395298406723 -0.099853198553168 -0.0208141016451135
0.0265064356542205 -0.00181299619960303 -0.0891803041976782 -0.0204109766078224
0.0295224930332316 0.00324999272976249 -0.0799345254844224 -0.0118386998860022
0.0384837036777867 0.0190594573819088 -0.0838568156197387 -0.000150907318274388
0.0181765865778014 0.0405166137081488 -0.0982860020303761 0.0551189138548875
-0.0090253049582288 0.0472990874456558 -0.126172909237775 0.108401899712723
-0.0664152146074774 0.0621502762697506 -0.106972443274714 -0.0271379368821224
-0.0269698769863329 0.0476918339627179 -0.0254888736041896 0.0177261046689428
0.000571785842916752 0.0394029043457139 0.0582543790712374 -0.00980629659721282
-0.00103174433556398 0.0263715353449886 0.0818322872781272 -0.0538940865175369
0.0118681958234072 0.0305893967385756 0.0464378280939211 -0.114336970365132
0.0299283433040485 0.023885708617712 -0.0202460513726928 -0.120688012380679
0.0455366262675365 0.00228910743912172 -0.0632134087058325 -0.0865084096790842
0.0433269158551702 -0.00739388090315634 -0.07221454883809 -0.0467903522251966
0.0561715145038599 -0.00634571166204508 -0.0844523923278651 -0.0214829665139612
0.0566173890069436 0.0182868287576412 -0.0891630998478033 -0.0168331709016265
0.048596655744684 0.0346571269552902 -0.084297324388411 -0.016222635885695
0.031597164901644 0.0555163389315402 -0.0741172079977905 -0.0128067861635488
0.0169905894679996 0.0699871290417794 -0.0701782831383757 -0.00385176614141346
-0.0271880127982401 0.0748650623421613 -0.0746074733899828 0.0555764496314923
-0.0701797203659794 0.0732147321320289 -0.100766521990066 0.107348134357206
-0.122321637027683 0.0723431557846846 -0.0614443519880988 -0.0383401814367909
-0.0868402574524087 0.0637508098366319 0.0102721261911785 0.0199242178546067
-0.0493202537251028 0.0804952872359284 0.0917708154203559 -0.0112635203107752
-0.0253550330741838 0.0799337606208868 0.103788950426977 -0.0613829784421159
0.0153946708385987 0.0767999675955674 0.0546126155244088 -0.115950134726524
0.0459463800565827 0.0598182847211085 -0.00703697689859937 -0.114966509189528
0.0724795893925881 0.0299381477733872 -0.0456346520042668 -0.0827092583145029
0.0714137941145209 0.00917965559950299 -0.05038000354024 -0.0435830326925221
0.0855626532463171 0.00800974799818964 -0.0613490547957815 -0.0169194900153337
0.0807330318872703 0.0402346023591594 -0.0684021562545591 -0.00832153851949666
0.0684890859230862 0.0620222020868926 -0.0734818493582401 -0.00423978072852532
0.0383812611090505 0.0973605396705962 -0.0690426702480791 -0.00848074176436375
0.00262814384891671 0.113573791749818 -0.0612711655341367 -0.00934763641462921
-0.0634961644232891 0.102501836000236 -0.0511548731891395 0.0427766628412767
-0.118776553180278 0.0907930527221882 -0.0616635748597238 0.0932707865662267
-0.157980988460226 0.0752728379137201 -0.00387218899515979 -0.0495433990846625
-0.134092719641793 0.0755593198618242 0.0536916969823568 0.01916183011301
-0.0921264702841854 0.117378343861595 0.123828257515089 -0.0106771637285745
-0.0441647009038965 0.128909781795825 0.123451322824834 -0.06121824230825
0.0215694740800471 0.115191012959451 0.0629652956395093 -0.105002686352987
0.0595436585664125 0.0866098112191806 0.0116767077667639 -0.0962652994095892
0.0907719367910772 0.0525144896789086 -0.0191148345136463 -0.0689541143029911
0.0883514424091874 0.0235785219869581 -0.0217162597531728 -0.0341194432525733
0.101566480714031 0.0211027574111582 -0.0307974472479542 -0.0085565898940619
0.0919655135335758 0.0570872169286955 -0.0400420523405661 0.00309752009685853
0.077599150632303 0.0809394720309777 -0.0563609161200212 0.0109112790246799
0.0392387308461082 0.125194099277594 -0.0623549248793099 -0.00239159224990529
-0.0119821317314939 0.142477390075727 -0.0534770332982191 -0.0154749515367408
-0.0915003074458611 0.116072524532997 -0.0295028268634661 0.0217771243444852
-0.150324144036631 0.0924357637217972 -0.0162643583270876 0.070170917905566
-0.166785359843714 0.068408435150283 0.0564859340459966 -0.0620142685401915
-0.155021198729641 0.0756229919264626 0.0969222394148809 0.00886986971965958
-0.114949848237882 0.134114524731297 0.14416390839657 -0.0116827667632015
-0.0522420241591414 0.154712453037143 0.131993206423571 -0.0533269349073567
0.025887957111714 0.133513992971901 0.0710459726007727 -0.0805767927081057
0.0652860673389896 0.0982354273384103 0.0354251449835838 -0.0672285340214896
0.096018922850369 0.0639266739771936 0.0128635527309901 -0.0476941700367179
0.0927825927126476 0.0338007386189638 0.0105249921539648 -0.0206415967518975
0.101934753431757 0.033783889221559 0.00179359185012924 0.00350827796703861
0.0870776320923481 0.0699720994203041 -0.0101873454462419 0.0183272976172399
0.0693025759815163 0.0929313676223743 -0.0381831174907965 0.0280522035431874
0.0238292983965319 0.136488222676998 -0.0542099463703909 0.00568250329948095
-0.0336765448458477 0.147400325022434 -0.0449387581183503 -0.0204707635953733
-0.112754752733056 0.106622856613475 -0.00956543932228021 -0.00124649293674306
-0.161838833979024 0.0754244637908301 0.0304199422769385 0.0456019739563604
-0.145572211764265 0.0518730325003597 0.106914245327477 -0.0763200504185725
-0.146011959231609 0.0614511396102246 0.129515165628183 -0.010500642117684
-0.114782618418461 0.122575464772998 0.147433257988279 -0.0151463096352953
-0.0519219589897125 0.146991963904316 0.127007090727331 -0.0404008029213379
0.0243015935708867 0.125569239392254 0.0771581663746881 -0.0480674338080381
0.0589535211021537 0.0918640416166788 0.0602251237194834 -0.0342697245963358
0.0859975104479367 0.0651129368431292 0.0458005804349003 -0.0240167457612531
0.0827959630637191 0.0391883402912307 0.0403204932886002 -0.00390905192864251
0.0877940867867619 0.0421513604348623 0.0300466913481705 0.0200375153159612
0.0683353774055672 0.0757406908083744 0.0140514387321611 0.0378901656730448
0.0458914043771957 0.0951660725074644 -0.024096272562217 0.0481248326293758
-0.00451434435869438 0.127936918287698 -0.0481956883678007 0.0157997343249919
-0.0590059811908195 0.127256164074015 -0.0359417233861154 -0.0208718924368222
-0.122180081178721 0.0750276977619335 0.00868370948744379 -0.0177868261023442
-0.150423504606729 0.042612826585059 0.0729364871048593 0.026184307911718
-0.0997245521073512 0.025886762903484 0.137797537627942 -0.0888564553406066
-0.111007234612968 0.0332649584374145 0.143322153386421 -0.0341887790107676
-0.0940023379850496 0.0869874441161083 0.133625161613429 -0.0174812547746533
-0.0442948861008064 0.109352147398856 0.112459345465452 -0.0228627668179232
0.0146742041924167 0.0941570605426235 0.0815112875683925 -0.0161704906098576
0.0401531016939379 0.0703247389619126 0.0811317877673627 -0.00500453326464033
0.0607830336450941 0.0554212533703462 0.0729287911284612 -0.00348331901093648
0.060161072493718 0.0383791767635741 0.0634029658682717 0.0130095893538394
0.0614207238898525 0.0437128121142498 0.0500947541095132 0.0401400270976619
0.0412715498497392 0.070122054567705 0.0275374201418433 0.061357340060237
0.018402181261297 0.0835778124109266 -0.0193030221116088 0.0693405235861374
-0.0312322614940177 0.10085740452629 -0.0467090402523318 0.0279359023803845
-0.0754822223955247 0.0875845685661713 -0.0289538728349618 -0.0148428935465304
-0.113540620244124 0.0316915571398685 0.0228560013294654 -0.0217894361373657
-0.11640297197759 0.00353031733431816 0.105499528179599 0.0174440728044643
-0.0391222118151118 -0.00798349573655314 0.144644233220027 -0.0979566227900871
-0.0627441203042216 -0.00187259169627052 0.135855449455113 -0.0537094276335556
-0.0609453567649935 0.0381863813984269 0.109527903088898 -0.0148657868804964
-0.0337404451457679 0.0552058482710537 0.0949906083514015 -0.00555688650497576
-0.00118356906615336 0.0508197960730399 0.0848102957505622 0.00911906592831151
0.0129564914147638 0.040747799434161 0.0951996397629268 0.0137275815611647
0.0240335282850891 0.0393851543097168 0.090458116570545 0.0110074020593787
0.0285721167438175 0.0312410016553376 0.0762180209092359 0.0273888455975497
0.0292335912523247 0.0349503444314433 0.060379624114855 0.0594721234564211
0.0158296965760427 0.0499174793005691 0.0300551272995069 0.0825296984492075
-0.000479746727164142 0.0579131948852348 -0.0237466254828753 0.087776591861633
-0.0401936642391644 0.0633967535827739 -0.0509490584750157 0.0402766146465221
-0.0709256809107443 0.0429850166656543 -0.0284123762069838 -0.00343203389068168
-0.0833636172923727 -0.00815373914389161 0.0292874975773162 -0.0164300716353435
-0.0636768116256877 -0.030440871696044 0.125242108873201 0.0182248948092807
-0.00118702839708038 0.0427722153521404 -0.131737996496036 -0.0139302304857192
0.0313363444309997 0.0258420497173414 -0.0474231619985936 0.0224867234260409
0.0447300592632485 -0.000611971082998554 0.0336793469716001 0.000901785578497702
0.0224968442235254 -0.0206169493268599 0.0645153729033384 -0.0410602070008663
0.0103974557877349 -0.0118263810212266 0.0391133757414512 -0.102450287373905
0.0128521179882152 -0.0124028492138654 -0.0286791758292977 -0.111598580602634
0.0119010059704002 -0.0247670451516688 -0.069685458917912 -0.0776323067584411
0.00905965889895779 -0.0224999162407808 -0.0813930969382405 -0.0425409963718531
0.0169244291469704 -0.0216757506692052 -0.093174693139426 -0.0205950512804003
0.0252973111909584 -0.00984282401207036 -0.0984784622784622 -0.0193450895251169
0.0255440360573616 -0.00212311419533737 -0.0885723958824984 -0.0195942725292209
0.0292385335019044 0.00311015611735635 -0.0792365369828504 -0.0128372912015607
0.0383767409774072 0.0182593281995726 -0.0835054478814858 -0.00194912089909008
0.0182001747916707 0.0403690185031949 -0.0961290161114067 0.0532906621367622
-0.00827261703634678 0.0464997114837955 -0.122458531759647 0.10738394294197
-0.0638973175424217 0.0617459212106047 -0.103967663129738 -0.0274908364237072
-0.0257583043796017 0.0475267919867671 -0.0236812792585778 0.0179593332291195
0.00126544482701552 0.0386547677895011 0.0590127219603049 -0.00815398018105731
-0.000411816299498923 0.0261388950277431 0.0827370146247479 -0.0530880788441718
0.0122831930750957 0.030326851567804 0.0462054196970743 -0.111822546425608
0.0301236691252609 0.02366099639044 -0.0201188727737163 -0.117484566283246
0.0433369527508487 0.00142648077001703 -0.0615352903846371 -0.0835865286207215
0.0421399601896191 -0.00772872649710711 -0.0704418654508936 -0.0463037036246027
0.0541859611684133 -0.006282401596566 -0.0821183111372466 -0.0199027763035616
0.0557193525387926 0.0169201465681405 -0.0881721967077203 -0.0151559969682858
0.047517331962079 0.0335117053345662 -0.0840508425472591 -0.0149707316856743
0.0314611114666956 0.054182692150489 -0.073611223589662 -0.013236496539893
0.0173713612438066 0.0679746109871365 -0.0702514531904088 -0.00553256565160139
-0.0262372303066047 0.0737959699731691 -0.0730489909338721 0.053517098479564
-0.0678670212095407 0.0723411721076717 -0.0977471923676023 0.106013497841242
-0.118329221992207 0.0721791914721658 -0.0595132272126325 -0.0385997300136411
-0.0844079552486358 0.0637430481632901 0.0109448384087116 0.0196175610667171
-0.0478153531777592 0.0794423699488666 0.0926380477451339 -0.00975494219763117
-0.0245069108280128 0.078914119580352 0.104744326306309 -0.0602593789533668
0.0155685648579779 0.0752129922816242 0.0542717538157742 -0.11387672755067
0.0459696977208063 0.058446784682546 -0.00655814281467336 -0.112054300653571
0.0703735898808241 0.0284714401381769 -0.0439868114742316 -0.0794720138794097
0.0697578557200543 0.00845130069145442 -0.0487767691759104 -0.0431821769326258
0.0829651041453897 0.00679986294746454 -0.0595809829993954 -0.0153367753334744
0.0796796362058527 0.0382038224830314 -0.0678585281427375 -0.0069853158808981
0.0675194440344844 0.0603320124082037 -0.0729832111550068 -0.00318206697240183
0.0384871489397411 0.0954293726831481 -0.0692612869523813 -0.00881140692729257
0.00386039723671738 0.110797875507814 -0.0618929737044227 -0.0107690887993931
-0.0613082707969027 0.101523447177664 -0.0499429510033405 0.0406425138169724
-0.115103793532351 0.0903584469749992 -0.0593873344455557 0.0918823706608028
-0.152845745336577 0.0748206688542268 -0.00333306181775527 -0.0497189345271864
-0.130664812225418 0.0751388189476749 0.053562571760797 0.0194257785958763
-0.0893528605669016 0.115014777579843 0.124178202988517 -0.00858919332391494
-0.0424931990857538 0.127716383164966 0.123949294362083 -0.0603397825851021
0.0219612049769032 0.112699596097006 0.0629932839893819 -0.102632392577305
0.0593197176289034 0.0845839763086181 0.0122250001799439 -0.0944120541385887
0.0884609643974989 0.0499938628876923 -0.0182339323442953 -0.0660959293646264
0.0863512109710439 0.022247874800743 -0.0204879095735526 -0.0343711701484153
0.0985993713919654 0.0196326710617787 -0.0296645299391404 -0.00797844364242472
0.0911027384082989 0.0549181369980024 -0.0396804062971935 0.00364713188080175
0.0761653795897015 0.0784900681258283 -0.05709984016459 0.0119660240999386
0.0393402251957942 0.122688999101171 -0.0633930388334469 -0.00182774440150859
-0.0109906751760252 0.138987911969897 -0.0541375717667561 -0.0162744848784899
-0.0886293572678681 0.114335777143245 -0.0288684441430561 0.0191791134408616
-0.146324636352963 0.0917014058436026 -0.0149432567689501 0.0692619021050162
-0.161416404442987 0.0682965596327711 0.0559370472442991 -0.0622936629703647
-0.151842711352575 0.0752151554085447 0.0957627597450815 0.00907168453280738
-0.11230705976361 0.13179633337571 0.143997615923447 -0.0099324832169182
-0.0504238243432233 0.153272665313703 0.132527057350743 -0.0526563223102565
0.0266762181916256 0.130859489225387 0.0711474433903138 -0.0788297097460006
0.0647534844343647 0.0955237960138865 0.0353140804353241 -0.0665187415246615
0.0945012237323064 0.0606866685371051 0.0126812962355414 -0.0462260915272024
0.0904817003122568 0.0324066159103335 0.0113040325420156 -0.0205011433595001
0.0987083742953748 0.031603515250986 0.00154018679119728 0.00405012555836317
0.0861502509790326 0.0672225177231696 -0.0105501879900542 0.0184205039227451
0.0682644197295403 0.0906776238853838 -0.0385132460731455 0.0285279272802148
0.0248259845213782 0.133577562352461 -0.0556118231614566 0.00589107213643956
-0.0318474599722078 0.144269866031085 -0.0455766540398523 -0.0214631224678885
-0.109186504489876 0.105554130974651 -0.00932239016046197 -0.00325351371583394
-0.157346445928632 0.0749390078586698 0.0304814042412932 0.0447503420638895
-0.141062549167724 0.0521277307436401 0.105157441809865 -0.0765271713825482
-0.142613141649827 0.0611232182511553 0.128054031077634 -0.00972818375930253
-0.112320399684836 0.120391317818126 0.1468665910539 -0.0133398693403502
-0.0506565763654897 0.145644181252801 0.127574371906224 -0.0389533540960535
0.0242160193148075 0.123106933746807 0.0778254375395927 -0.046790658228409
0.0583742774849166 0.0895271147445943 0.0601380445343463 -0.0342360951431561
0.0842755518290516 0.0617305746529595 0.044281441419257 -0.0233300612417464
0.0806267829313684 0.0375455439620173 0.0401824496334141 -0.00444242511059431
0.0850561059323014 0.0399098250464762 0.0287593648651968 0.0198822498070946
0.0679088525592291 0.0734267841388479 0.0130347199045033 0.0370320045928646
0.0452316202771079 0.0926964166100315 -0.024997430646889 0.0480658562901978
-0.00318637430587662 0.125107868919089 -0.0492244669276134 0.016006706957558
-0.057371637947968 0.124021623611055 -0.0368581202721006 -0.0216050181234277
-0.11911973135735 0.0747309271459356 0.00862554795337648 -0.0188035584233841
-0.146474560577877 0.0425576266726271 0.0718268019777687 0.0255748978930252
-0.0964387898681272 0.0254112531807753 0.135534388738167 -0.0887105639886829
-0.109507144669746 0.0331237400988125 0.141047944081292 -0.0332079904197722
-0.092264749204348 0.0851659024144411 0.132690005485536 -0.0159175003943229
-0.0433938211041231 0.108812370113728 0.112460775071225 -0.0222511765693784
0.0143540507570786 0.0931758576393807 0.081184337072832 -0.0150216079523198
0.0396594373170888 0.0681890835553154 0.0805504453098975 -0.00608326695356367
0.0599198385541023 0.0532386356364762 0.0715531020856723 -0.00374092871239424
0.0588912681878587 0.0368746010837527 0.0625674620946548 0.0123848929058177
0.0595711576414346 0.0416128482419084 0.0483015690318194 0.0395053421502962
0.0414385968215964 0.0675603590963809 0.0260477378170383 0.0599450095809914
0.0188705950140602 0.0812731801386728 -0.0206552936694554 0.0682872502519009
-0.0294930772519367 0.099470125179114 -0.0479788112651903 0.0277505307167046
-0.073404798710411 0.0858805838344186 -0.0299306036737368 -0.0152806589416526
-0.110944658319809 0.0319661027024089 0.022134321113262 -0.0225405041010292
-0.113735596485636 0.00384169786671903 0.103724839682972 0.0173068594429846
-0.0372956712038826 -0.00781218413003415 0.141811900174661 -0.0967766417577255
-0.0621065309639432 -0.0018827521753311 0.133148986512006 -0.0519681998985085
-0.060287814034269 0.0373450009585998 0.108326058926087 -0.0131541704161932
-0.0333817414411867 0.0546004137333935 0.0947972036025572 -0.00437574249760662
-0.00107849792130605 0.050028982857597 0.0844105788245081 0.0091245221873984
0.0118170421905435 0.0395573404611385 0.0941227404089322 0.0124628687943013
0.0243137207381814 0.0379759012170034 0.0881733193128644 0.0101361081580361
0.0278762729360054 0.0299486940374938 0.0746077993894343 0.0266744011157431
0.0285590518525119 0.0337153963050809 0.0586263680762991 0.0578396367723231
0.0163982337430232 0.0487263465964681 0.0284206713703795 0.0801593135620471
-0.000109103684746204 0.056922700092564 -0.0245426632032643 0.0859873089328903
-0.0392045297871114 0.0630027273620485 -0.0516692648134236 0.0400215639151435
-0.0700796684093086 0.0417458504750626 -0.029005904168301 -0.00418318135371881
-0.0814989353244293 -0.00791957637475829 0.0282676243959256 -0.0167522393730079
-0.0622625052022881 -0.0299259824881778 0.122608767490911 0.0178607553678686
-0.00111338316289855 0.0427454839973916 -0.131374419131786 -0.0157003575660093
0.0317032280715081 0.0266016985726423 -0.047398603590577 0.0225188011207621
0.0454562202092472 0.00053211217000613 0.035269226174649 0.00187671933265411
0.022815802230395 -0.0202456419025704 0.0678375890049231 -0.0407801687252131
0.0107375860968655 -0.0114226551640879 0.0413619348018502 -0.101911466931742
0.0130753942221972 -0.0123899741201397 -0.0270845815171352 -0.111069364261738
0.0113092699385147 -0.0244854103513639 -0.0679291263788543 -0.0776054914324515
0.00914078801388757 -0.0224165935419921 -0.0813196358766341 -0.0438787450387068
0.0171926650004657 -0.0212500290427795 -0.0925355855464194 -0.021191192627583
0.0254761581780567 -0.00976786318391857 -0.0986849882040264 -0.0192752466575918
0.0256105555815752 -0.00233402195354168 -0.0896259394183312 -0.0206467642718845
0.0292057491920051 0.00323632455414536 -0.0801384947292355 -0.0145675133065752
0.0386259512379001 0.0185770312917623 -0.0852659038628045 -0.00434494311461367
0.0183781818759895 0.0400790415161847 -0.0966286827849581 0.0510438988595101
-0.00890212942960848 0.046045821946298 -0.123352169356139 0.106944691725319
-0.0636542606760732 0.0614982170758118 -0.103180363917436 -0.029303631775173
-0.0258726923125297 0.048041153993883 -0.023794432750271 0.0180227302373489
0.00176110203209767 0.0392447421725871 0.0612681576569144 -0.00695180349270204
-0.000370909976367152 0.0269829872235393 0.0865910390552734 -0.0527869036542778
0.0123477504180421 0.0308645006255969 0.0490589654078109 -0.111404430977646
0.0306506587343328 0.0236946676534416 -0.0183982432839894 -0.117405010137865
0.0428562158879526 0.00136588072565845 -0.0599442066587923 -0.0834915923992671
0.04197867844073 -0.00743421347434093 -0.0695085078072319 -0.0477423542427855
0.0538795708569355 -0.00625200546845022 -0.0815767249679498 -0.0201095658629007
0.0555443439272059 0.0171105811255568 -0.0887618392705919 -0.0153056208268404
0.0474380484329057 0.0335789532605609 -0.085847832619716 -0.0155821264478395
0.0315371402043777 0.0545728327753926 -0.0753417342224851 -0.0151317123541311
0.0173174096342492 0.0681025484263217 -0.0720014549493724 -0.00803353335186318
-0.026185464106625 0.0737690742407988 -0.0732615167246932 0.0513884518905414
-0.0679849393854332 0.0720844448362914 -0.0984686532712619 0.105758734965717
-0.117598916593457 0.072038537206526 -0.0583984157228192 -0.0407248997042046
-0.08465379675984 0.0639480210616272 0.0115379606735414 0.0208504100597065
-0.0479356717497103 0.0791274792292287 0.0954974900529097 -0.00753084202260683
-0.0252149369044261 0.0795064646848869 0.109250026334147 -0.0600752800299896
0.0155191089613 0.0759634714827213 0.0574447224818778 -0.11326373936191
0.0466075687910364 0.0590108682208678 -0.00479374299531753 -0.112347419779168
0.0699541897621108 0.0275986299743913 -0.0427088616517146 -0.0788456682690525
0.0687496608210192 0.00840367698305939 -0.048052991784615 -0.0443714429953324
0.0820682381724659 0.00724221110301279 -0.0589780864731181 -0.0157035227255948
0.0796407702975583 0.0386822355591053 -0.0684157459938027 -0.00658570862452752
0.0670932581505499 0.0603602981768273 -0.0752007332832015 -0.0034150633725679
0.0384033084192241 0.0958178104844066 -0.0712182523971668 -0.0101411493227829
0.00326855016743747 0.110551435938236 -0.0631296831957849 -0.01250092244629
-0.0616237818045541 0.101076564306478 -0.0498424862318019 0.038499043636258
-0.115167380207451 0.0895396271695051 -0.0596417487855546 0.0920452519618858
-0.15215687640926 0.0738138642305428 -0.00222241515712055 -0.0511558660644403
-0.13132137029441 0.0747979149053025 0.0543083663079549 0.0207738307485081
-0.0897689652034825 0.114612612607481 0.127194202590613 -0.00578433713649135
-0.0426876277208911 0.128340728743177 0.128143710381153 -0.0594968507374968
0.0216410195544429 0.113637160753961 0.0658626629628413 -0.102094156383882
0.0593749123667645 0.0850798969563264 0.0137550930886299 -0.0945757647265062
0.0880740378699041 0.0488101288244423 -0.0169960865051229 -0.0651627361817205
0.086010370168103 0.0220488005172812 -0.019741259970171 -0.0354426590506266
0.0973405293224843 0.0196394939470618 -0.0292444450176621 -0.00783256019346219
0.0913288917947476 0.0551692034189081 -0.0410151865638399 0.0042283391196967
0.0758699781954622 0.0793068313946161 -0.0585775411914661 0.0122114937078309
0.0393782413033032 0.123058821534076 -0.0653560612841615 -0.00292465624433612
-0.0110095212202765 0.138447763601446 -0.0558409267169763 -0.0189671008658246
-0.0894247266152324 0.115190304080151 -0.0289192579702758 0.0174287519681825
-0.145573597792699 0.0913047446000566 -0.0150923481677399 0.069427040379762
-0.16013605118171 0.067631670758294 0.0567443050264716 -0.0633958758542011
-0.152375214345132 0.0749628368343188 0.0967518579564192 0.0110513358860035
-0.113469998911062 0.130999255029694 0.147431828483236 -0.00674669301025083
-0.0515588410523604 0.154929577057592 0.136376949856934 -0.0518412807288228
0.0259708738723097 0.131806546936743 0.0739088938694253 -0.077841972791696
0.0646591585988242 0.0966362026228728 0.0374361843837843 -0.0670137502464665
0.093445570824492 0.0601230856266085 0.0139996614668356 -0.0442435350560647
0.0899800969903835 0.0322360389847635 0.011322726461856 -0.0215487723266307
0.0975541789861183 0.0313524801985102 0.00138057615358092 0.00403533138248298
0.0869558407932052 0.0672419787787959 -0.0120805744536282 0.0186226536208477
0.067562276443996 0.0910033918978432 -0.0406955908557953 0.0291280821475956
0.0242333222302883 0.133758310977388 -0.0576571002987409 0.00562097913045663
-0.032775728984597 0.143944424525962 -0.047251046784675 -0.0237108280938259
-0.109433610681381 0.105822198223364 -0.00933743552220186 -0.00514052590195029
-0.157330088673769 0.0743825559268395 0.0306431972186084 0.0448741097566876
-0.13978637266885 0.0506154371883928 0.106355979749625 -0.0765778168193659
-0.144071671388683 0.059742955609134 0.129092919421873 -0.00782710976950444
-0.11362530207548 0.119340463847337 0.149595595985007 -0.0102862739671984
-0.0515871672492879 0.146611091595722 0.131371394340306 -0.0379758664688268
0.0234809098461229 0.123993407689524 0.0801793110842595 -0.046006664763143
0.0576671357278794 0.0902044052414674 0.0615353465334168 -0.0349758727158049
0.0840120841068529 0.0610854645599517 0.0456766224881734 -0.0224713998225898
0.07992458416772 0.0376377677368909 0.0406860886051562 -0.00474613222112623
0.0837721429741027 0.0399815228525646 0.0287581652858185 0.0206284234030706
0.0682288797706023 0.0731530801129194 0.0115309435627933 0.03733368630342
0.0446402963273481 0.0931932072538583 -0.0273260683669513 0.0486244712851217
-0.00325163258226827 0.126366589952338 -0.0518099629945609 0.0161477107982385
-0.0583302772499277 0.123917465912427 -0.0386748870775139 -0.0236384408192197
-0.119536949933103 0.0741829469744774 0.00877172566336962 -0.0201874411096114
-0.145931862348005 0.0420050564107835 0.0720497696285377 0.0260698191803176
-0.095294346934043 0.0247349379898028 0.136477221863725 -0.0888791618959991
-0.110574630259381 0.0323334556166518 0.142277202142143 -0.0313529750739985
-0.0941382750642593 0.0846573430722024 0.135365346876205 -0.0128156050631819
-0.0450018380434271 0.10934466706425 0.115017777217077 -0.0208184752004762
0.0139034482602304 0.0931314888638167 0.0836790750458834 -0.0141553703187795
0.038901251269501 0.069170832585657 0.0818896028518037 -0.00630857320416995
0.0592037504839876 0.0523580860800627 0.0719288637439693 -0.00266925866978047
0.0585074407660278 0.0368700349108808 0.0623962488612312 0.0128130919400894
0.0581089807163647 0.0413362565986479 0.0474707600709988 0.0407671523819609
0.0416836742878386 0.0675296939808064 0.0244862121169674 0.0595261456757537
0.0182474335044841 0.0810960674244926 -0.0225975329852875 0.0691545586690579
-0.0296094819965999 0.100006995938222 -0.0504226785907478 0.0277712458995553
-0.0747781075035772 0.0855256249904153 -0.0306979818441847 -0.016782170753332
-0.111060606075297 0.0308881806232467 0.022184915755888 -0.0234503614023223
-0.113158732962424 0.00288282375845843 0.103910973020463 0.0180508038582416
-0.0365830765978841 -0.00867359729936218 0.142762803670007 -0.0964009765636404
-0.0628683119417504 -0.0031553056651058 0.133180503072465 -0.0503093271294752
-0.0615281702275281 0.036450903091698 0.11023874223351 -0.010560345929494
-0.0343225114168691 0.0551919341544274 0.0970279710683606 -0.00317812749799968
-0.0012389040550574 0.049806182548922 0.0858973408858248 0.00975198398668629
0.0112132074012365 0.0394914376817375 0.0954106780137494 0.0127974198743114
0.0239343579283128 0.0374273722011315 0.088009196832875 0.0105633909370943
0.0277130999882646 0.0298574255342365 0.0742669341854741 0.0272920676157002
0.0274844989822971 0.0334264235131593 0.0570949989203233 0.0590448085466352
0.0162788156874173 0.0484668182847774 0.0264261490317242 0.0803605874471994
0.00031435833963392 0.0567235937722704 -0.0266576869073358 0.0861449856251455
-0.0393136931842065 0.0636414222581699 -0.0546118554146242 0.0398304223469126
-0.0704686068313052 0.041238402647591 -0.0304538722895153 -0.00553513279535999
-0.0817213273525659 -0.00833259536984739 0.0277861352933146 -0.0171305718514316
-0.061946054008045 -0.0302954235618718 0.122414143705785 0.0193439152078212
-0.00124826403542071 0.0440313753547345 -0.134339449486663 -0.0165319937781929
0.0333039990890281 0.0282667520254974 -0.0485519848850066 0.0239391343771359
0.0472395108999428 0.000150345966129186 0.0385170090582337 0.00327544592742142
0.0237647119769725 -0.0205391127920375 0.0726244978621231 -0.0425357561355549
0.0120098295057756 -0.0116182719149895 0.0438072883020004 -0.105146676581756
0.0142571942136631 -0.0124470166855461 -0.0270981069927386 -0.113599658028278
0.0111199865873954 -0.0250842493650819 -0.0688270803552276 -0.0796849306359634
0.00889601203624775 -0.0229794185510946 -0.0836810398034616 -0.0457731739527691
0.0179453804356279 -0.0218183165190973 -0.0952902435449937 -0.0215183636239938
0.0264752782806143 -0.0103606314070436 -0.102428296401446 -0.0192827508080963
0.0265934328758898 -0.00254743519160303 -0.0938123993494202 -0.0211899997464219
0.0305018134541998 0.00348645266997064 -0.0838045343530083 -0.0170412052029266
0.0408529789925836 0.0189129554744926 -0.0898406305250455 -0.00595275117837485
0.018876836356323 0.0416608574780148 -0.0992993271433602 0.0516587604548396
-0.00894904819080651 0.0473492565881858 -0.126290823872841 0.110183262728608
-0.0647585373485955 0.0633774661144998 -0.105604300129295 -0.0307887180420741
-0.0252999038762124 0.050049638472279 -0.0237611721022594 0.0197438087136787
0.00255726801050304 0.0403853312714761 0.0655588976309245 -0.00626602814087103
0.000316460478794318 0.0281007752805065 0.0914222848081712 -0.0549793283295309
0.0131467757862944 0.0322094701673573 0.0516613144174728 -0.114354299230678
0.0324103019061926 0.0241017722096623 -0.0179983645255682 -0.120106778096034
0.0432700757948858 0.00116897664766839 -0.0599364724606038 -0.0849095388700592
0.0427121501292045 -0.00778378181256326 -0.0719187340270352 -0.0495080244379056
0.0549740379062506 -0.00667239163268557 -0.0836678035273671 -0.0205636415081847
0.0576548704522516 0.0175098728630792 -0.0919877503932275 -0.0149204547106162
0.0485001241466207 0.0345339488514761 -0.0890521481151626 -0.0157698556099794
0.0328408104699421 0.056235917506338 -0.0787071802967418 -0.0171324175598394
0.0184896029430482 0.0698063157613225 -0.0761613848255009 -0.00997140224192494
-0.0266562975968031 0.0760029693090844 -0.0759864725073781 0.0509431269427983
-0.0700357734653333 0.0741606497016283 -0.100368999512771 0.108707987409131
-0.11968073360673 0.0741619391888379 -0.0593763758757304 -0.0431628860137357
-0.0861947111550008 0.0666099324654865 0.0123826701250693 0.0224334049522651
-0.0486512310983637 0.0812323064791704 0.100538988096611 -0.0068611584664924
-0.0246917920073608 0.0828117191376734 0.114996105221451 -0.0621263852016035
0.0163080194338986 0.0783227856860318 0.0605728145423093 -0.116145303875052
0.0485402231886606 0.0602337602799043 -0.00409407265460782 -0.115027928537233
0.0708517745553541 0.0277220407818591 -0.0418450779751229 -0.0799645792948353
0.0705998330522371 0.00799439809480761 -0.0495187085514885 -0.0465878047378899
0.0839152578086494 0.00679671682243275 -0.0602359563612321 -0.0161727322393093
0.0823005155113635 0.0394739329963548 -0.0709147671321037 -0.00578014810343306
0.0684595686968607 0.0621735556838076 -0.0783750628903245 -0.00227047117537445
0.0398351769812526 0.0983677751271456 -0.075160640945566 -0.0112405806199305
0.00374226428005476 0.113595276904738 -0.0670392376711453 -0.0149354296050434
-0.0628896563556806 0.104753181663506 -0.0516009481620546 0.0379555148995336
-0.11808253390219 0.0926046840197186 -0.060173630089157 0.0949100238271016
-0.154982750533011 0.0762651680229444 -0.00152317460188791 -0.0540858084933328
-0.13471226347593 0.078085643659856 0.0566164609137857 0.0221073204364737
-0.0920751497556427 0.118243266055266 0.13351234691051 -0.00451804993684234
-0.0436908630981907 0.13359629490532 0.135027710645138 -0.0618583594430414
0.0232031790444719 0.117298970041915 0.0696491180051493 -0.10467447913285
0.0619964079658359 0.0872915566240984 0.0151201707487487 -0.0971890976147573
0.0892912297643257 0.0488518497022404 -0.0157529002848869 -0.0651667164265694
0.0878260745191435 0.0218735649319393 -0.0200739345324985 -0.0376078285051314
0.099268360129428 0.0200071308250401 -0.0303368386602881 -0.00809461176239289
0.0942367008401481 0.0559994548827984 -0.0431520103178628 0.00549047368645006
0.0777467145574212 0.0815418020776198 -0.0620037460314979 0.0135262835481569
0.040974079582795 0.126589678390861 -0.069185873213985 -0.00317536424866076
-0.0110309045151929 0.142093628347624 -0.0590126261885546 -0.0210562563121661
-0.091165331860833 0.118143664872577 -0.0299366376076876 0.0155648278134727
-0.149472678541623 0.0944437410084358 -0.0144126151665582 0.0716231329378476
-0.162791515194159 0.0696026850018106 0.0583655170776955 -0.0667301742826207
-0.156547817550633 0.0771015511400347 0.100039791532471 0.0122194110518801
-0.116988839624534 0.135004197245905 0.154764631033581 -0.00506559411728211
-0.0523682153147003 0.160200782082206 0.143590916286398 -0.0535243412681864
0.0272475649189594 0.13607636342689 0.0784245848486751 -0.0802933588466515
0.067425707918099 0.0992938445688663 0.0395639131745587 -0.0692952503213234
0.095540353887781 0.0607341475474016 0.0159879232548963 -0.0447988958743659
0.0918620710105702 0.0325024987866275 0.0121326896092386 -0.0228892888821877
0.0994025276400844 0.031799633149174 0.001078758237585 0.00437909004920288
0.0897590676242308 0.0684819719245479 -0.0140809299651458 0.0198964854873323
0.0695386324657075 0.0938642892443085 -0.0432629256597727 0.0313373311029303
0.0260393724526615 0.13829434884399 -0.0618476592940013 0.00602535667612694
-0.0335271391564466 0.147812291350477 -0.0510832315010531 -0.0261330381291167
-0.112230377531803 0.108806722515432 -0.0101432253937466 -0.00721743550392271
-0.160747284277242 0.0766320130137826 0.0324525661750932 0.0460129871017462
-0.142077060907754 0.0516773487163302 0.109155544282546 -0.0794937803546014
-0.148383850448586 0.061837566438044 0.132997927612212 -0.00728588145240377
-0.118000694159285 0.12314860495049 0.156953239093459 -0.00882577120820758
-0.0532904478673017 0.152011837147691 0.138142291776436 -0.0393662477260795
0.0245473156958691 0.127662212706905 0.0844681430353495 -0.0475323104238423
0.0598390324819891 0.0928980212180871 0.0642523697165177 -0.0366080881336217
0.0855423776485956 0.0615494558888522 0.0476322015507896 -0.0219689214038403
0.0819110154495757 0.0379272890035912 0.0419783454598714 -0.00581915112959947
0.084890119134021 0.0402032638810672 0.0291879620199183 0.0213306024332848
0.0704592778072219 0.0745838620607216 0.0100979913133943 0.0388672203068668
0.0465547097763493 0.0954317177904373 -0.0292415495573321 0.0518085906618087
-0.00346914504578654 0.130270324213194 -0.0553977906113691 0.0167166817978891
-0.0594913994046403 0.127741092168468 -0.0412482075503366 -0.0261676600137528
-0.121838447668005 0.0762122002273384 0.00825125421656596 -0.0228955132442232
-0.149908926578427 0.0429412014249892 0.0744463085355242 0.0267517556780423
-0.0966535152488033 0.0246052727516539 0.140309905824515 -0.092017516947825
-0.113534799434768 0.0328452586000619 0.146401051394562 -0.0314113742039112
-0.0978465232212018 0.0870273778852829 0.141585200657849 -0.011463834487596
-0.0460070475428642 0.1134435559554 0.121172336331154 -0.021337398269623
0.0145943277818312 0.095981112500366 0.0875906120666967 -0.0153381374921886
0.0396280415352806 0.0713641977045842 0.0854679079358691 -0.0074273287262186
0.060902358666728 0.0525614418704852 0.0740882405955157 -0.00263210028490449
0.0594855684700154 0.0371354510333375 0.0640513064693557 0.0124511709904616
0.0592977327886549 0.04206497840843 0.0480145623769502 0.0415708850984698
0.0436336341434195 0.0689405054263 0.0232637945120972 0.0613847067800653
0.0190020451493669 0.0836577525468385 -0.0246313253453385 0.0721681594303945
-0.0302300179254385 0.103144711381715 -0.0540832887360856 0.0288254934428635
-0.0773807418168414 0.0878682414466401 -0.03403764561691 -0.0192052977907314
-0.113451985679782 0.0318073964785467 0.022471634397494 -0.0257963874928855
-0.115794092050068 0.00323292660171307 0.107088654871532 0.0185955047477186
-0.0368445866806072 -0.00975611860470951 0.146642276112345 -0.0994547913227498
-0.0652290577132296 -0.00378698513165303 0.137684794250801 -0.0512554811257773
-0.0645102452573489 0.0374917459455695 0.115168774883419 -0.00885544850917922
-0.0357082955489931 0.0574724035950278 0.101450266494431 -0.00275483763282031
-0.00140893419890145 0.0514659561932316 0.0902674971689444 0.0103103040463889
0.0111212345288804 0.0413584896246635 0.0992715656947299 0.0116923493273155
0.0249161052379337 0.038124909440565 0.0903057084595586 0.0106751827345273
0.028317414170056 0.0305076230099315 0.0761898247056329 0.0275813846619674
0.0281176387807554 0.0338687927349654 0.0575565242930589 0.0609628962765556
0.0172125236260146 0.0492565255761389 0.0255396025059547 0.0822881958111276
0.000368995459126104 0.0582207793758168 -0.0293906659258079 0.089595380709764
-0.0401674461434387 0.0656765020045214 -0.0578811796832232 0.041270731120732
-0.0731623932924641 0.042449450325417 -0.032685510067643 -0.00659972940929482
-0.0833486344661145 -0.00917711339636649 0.0279875718349302 -0.0188549880695981
-0.0633170304035633 -0.0317474830003375 0.125383226133479 0.0198663542085394
0.00288045566811483 0.0466566692377373 -0.142479709998097 -0.00989538206281194
0.0370327140378944 0.0262859008424617 -0.0495726465036587 0.0317058470879005
0.0498014800261511 -0.00573641747894091 0.0411498177704214 0.00482447604540299
0.0228507877705159 -0.02542319048749 0.0747403996753649 -0.0473277960491989
0.0108657020969243 -0.0145094886367543 0.0394336141733239 -0.111802697162239
0.0120047702546057 -0.0148815452732234 -0.0350384706950222 -0.113405457623888
0.00698113061316867 -0.0270780472548112 -0.0759922912756543 -0.0741886427422004
0.0061852103069022 -0.0234053746199063 -0.089650854536239 -0.0407453605521704
0.0157121139236378 -0.0239577677396058 -0.102825921013505 -0.0145485941777331
0.0264631605436308 -0.0141299896152255 -0.111458467664183 -0.0105617199248701
0.0273463245803916 -0.00697015355720384 -0.102829631909264 -0.0147810488196138
0.0327301401926998 -0.00126812660468225 -0.0937463380009963 -0.012263913158363
0.0453025141646534 0.0136645988493075 -0.100024860925249 -0.00074356191538071
0.0237462781271957 0.0402558540002408 -0.101354258980479 0.0584600950634018
-0.00707387446695039 0.0491114361071219 -0.123440683111543 0.122316095347485
-0.0582972691679345 0.0735977769879488 -0.11474761587171 -0.0320401531107057
-0.0194550872867125 0.0545895120458782 -0.0256889495581304 0.0214844388366546
0.00852687707519833 0.0402432084869383 0.0660935106132573 -0.0111668742860083
0.00545884217798468 0.0270537152525802 0.0904727542681112 -0.0646275380732311
0.016565901791354 0.0292564336538672 0.0437490383386505 -0.121809251940116
0.0343389984193659 0.0208980530521553 -0.0282616375605988 -0.120184247087102
0.0434141488666321 -0.00452581402541547 -0.0699676591917599 -0.0795325366342765
0.0415826924223044 -0.0113706684311738 -0.0781554165483069 -0.0450980360646332
0.0552297647548595 -0.0130567127047606 -0.0898465422601094 -0.0147425829696681
0.0618580873985189 0.0109829017770899 -0.101010371940395 -0.0072527819908597
0.0537099878966386 0.0289621168237204 -0.0988311490335899 -0.00868275421077641
0.0408267514562828 0.0534790521892709 -0.0899380265904172 -0.0139206678826418
0.0272103593317666 0.0685050893815919 -0.0854312270694172 -0.00859299059358355
-0.0209339539280638 0.0813181098667724 -0.0722541128110971 0.0556662951605896
-0.068928336292669 0.0833541853209635 -0.0912852384172451 0.119951710722666
-0.111522972462166 0.0897331177343473 -0.0685452918964364 -0.0511726564628721
-0.0787750394353581 0.0774406468862969 0.0115240782927488 0.0175447832049572
-0.038844124978583 0.0879736733817423 0.0994110912502656 -0.019216632166402
-0.0132912735223393 0.086540695644439 0.110032384714294 -0.077571073307597
0.0251527572707875 0.0759070152610419 0.049309150503506 -0.123710068720077
0.0546575659458954 0.0557172700337536 -0.0154648457047918 -0.115621778272823
0.0751396576583644 0.0191753882023509 -0.0534638682785691 -0.075877548613444
0.0714845414439424 0.00194675415176147 -0.0548568938164988 -0.0441613864576001
0.0855363294474173 -0.00208908596627317 -0.0653709467896118 -0.0119330050743668
0.0894570228450918 0.030705163524147 -0.0789980731437103 0.000825056536229866
0.0769140338278403 0.0558615020948365 -0.0869942046349365 0.00404305303871312
0.0531346008121502 0.096168601574292 -0.0862174248131566 -0.00899870796355598
0.0161729374419929 0.11554421472619 -0.0762631656069472 -0.017434157934653
-0.0568443920528575 0.115246400241238 -0.0450934055039273 0.0390934064069963
-0.118529913564409 0.107448446999484 -0.0466950518030222 0.103100324720562
-0.146663506102194 0.0946739423319672 -0.00940462270925718 -0.0691822669031786
-0.126702330229527 0.0936822924706083 0.0567842353045519 0.0114384838755535
-0.0791452463501731 0.13042454858539 0.131528545133979 -0.0235885431251257
-0.0254702810269218 0.140514940039178 0.127087750564968 -0.0811166454478362
0.0358516758619755 0.114624430851263 0.0569875505756465 -0.112296916997618
0.071492479769904 0.082115582699987 0.00452568317062024 -0.0989518832453289
0.0969571109309818 0.0383915071984328 -0.0274459599398493 -0.063117301161069
0.0904979512900277 0.0146376613952003 -0.0236984219731241 -0.0365749534152513
0.102922558888615 0.00911099066349888 -0.03254330373266 -0.00587655656198879
0.103121496340875 0.0465925760919095 -0.0490985531759867 0.00986865832249167
0.0873312756587178 0.0741711518453102 -0.0687873493358871 0.0205923412809658
0.0571714009654396 0.125241747558738 -0.0800596334852861 -0.00153659632068715
0.00421972026871674 0.14702608109213 -0.0681713885007015 -0.0253372800489963
-0.0843786193914879 0.132733706289072 -0.0223770948089413 0.0139223932029061
-0.151137666921173 0.112194531305037 0.00233460314424844 0.076736930654606
-0.155581278574038 0.0875397648591474 0.0521760456718872 -0.0858334910221097
-0.149122208504827 0.0948423437567549 0.101032533543626 -0.00296085710744274
-0.102101764392901 0.150097643231192 0.151534151599071 -0.0280391168557931
-0.0315707725711437 0.168133292656565 0.134108391250083 -0.0745385043855843
0.0420748539467272 0.133353646904254 0.0667904415418475 -0.0872385968086393
0.0782014801805861 0.0935268796124008 0.0308238558830155 -0.0718757303022134
0.105037935566535 0.0495840897310073 0.0060599980569639 -0.0445992799929692
0.0960611775717675 0.0244981161966236 0.0109366204112803 -0.0243593690694973
0.104070181968588 0.0211392871894357 0.00149845509543616 0.00453212969161742
0.0999393396023013 0.0604781085557706 -0.0166653676295899 0.022792712562607
0.0805728733669428 0.0873923584872005 -0.0475831973374485 0.0378484821326988
0.0432102002140304 0.138284062892682 -0.071638631539504 0.00751399200424606
-0.0185538079284144 0.155481911835371 -0.0587237257813704 -0.032167319863165
-0.107235001317091 0.124768494354745 -0.00231789984894223 -0.0112666858755764
-0.164667214058552 0.0950038027827413 0.0497740342033554 0.0484449223944072
-0.13644241390626 0.0665020356050233 0.105281276631106 -0.100988639194548
-0.14296526482331 0.0770045139084992 0.133975601168805 -0.0254162393575814
-0.105219141013779 0.138042410711087 0.154519722428209 -0.0309426103050833
-0.0332423725509082 0.160219540500707 0.130120932129738 -0.0591584266980271
0.0393085202366411 0.12617917751887 0.0762942780099917 -0.0542655187153921
0.070415186269362 0.0880568482030267 0.0597011225569567 -0.0410230574890225
0.0958259136960632 0.0514990485202728 0.040575469805471 -0.0250699972673331
0.0863442299266186 0.0311434457293448 0.0424321215120615 -0.00865147009525279
0.0907133059661621 0.0318069509832165 0.0316757292604688 0.0198893593328836
0.0804334218044524 0.0691171101167099 0.0100940450011207 0.0403282641833894
0.0567045318923731 0.0921218632712228 -0.0305832619398587 0.0570465834703992
0.0117349580942667 0.133263966425272 -0.0626396349825286 0.0184619194709681
-0.048241293449385 0.137474533786753 -0.04733226864981 -0.0326438603927744
-0.120554732748496 0.0921417593010476 0.015585074921116 -0.0267942748001545
-0.15541228996944 0.0588916692377769 0.0902411453465466 0.0266983623756762
-0.0946610553215637 0.033464868898095 0.138024046058089 -0.111948074396735
-0.111421711226903 0.0432583435991783 0.147996963983546 -0.0489400551463055
-0.0891585663080252 0.099009908134582 0.14033425748492 -0.0309276542503244
-0.0315274592726508 0.120482340603511 0.116400572071986 -0.0376419576126722
0.0254628899478388 0.094842301076447 0.0845287486666045 -0.0215281362739953
0.0482150283473342 0.0678603203476269 0.0848246892751148 -0.0137347777054237
0.069136099500131 0.0462511722311775 0.0716863355500574 -0.00841342417732438
0.0646203904568509 0.0323086528568295 0.0674834504314176 0.00795740270451991
0.064703804129061 0.0362798238966584 0.0534510817616652 0.039547818777918
0.0521952029658018 0.0656125464307755 0.0262059656186228 0.0629816814873658
0.0277031590414771 0.0823859154753418 -0.0239093030845992 0.078523466262655
-0.0193555057193854 0.109809963770462 -0.0580891068943779 0.0314937520424957
-0.0710588997731444 0.0981469345806085 -0.0371607756340439 -0.0239098289176163
-0.116184177097584 0.0444541497911604 0.027852907248906 -0.0287585506775024
-0.122716388622042 0.0138359871428097 0.120512531809931 0.0170156553444432
-0.0392446730894565 -0.00903107316053467 0.146646426500913 -0.11473175207927
-0.0669555610762804 0.000161447634687185 0.138805917981342 -0.0657662814953449
-0.0608928225336415 0.0448343259148794 0.116611183447961 -0.0231158090135761
-0.0277067327316334 0.0628229396194899 0.102268952927454 -0.014482817910202
0.00535522476332335 0.0511777026269184 0.0921909946832782 0.00303796968693242
0.0158074466014542 0.0401852892994701 0.101903208585388 0.00383877097438533
0.0307648725984453 0.0356642955557031 0.0909775040044044 0.00290507012961186
0.0320779678260855 0.0283296572797079 0.0808906058597917 0.0225926875875935
0.0316094572678351 0.0319649151006697 0.0654208234860218 0.0593608632515628
0.0223722655902916 0.0480063219086513 0.0304404739426373 0.0853116728852384
0.00524032094342519 0.0581384076113271 -0.025621276463113 0.0974950403343284
-0.0343453901443724 0.071141505198546 -0.0603639896928929 0.0465105223213385
-0.0716830880696574 0.0513479807144136 -0.034153879662388 -0.00850113371129053
-0.0884071287424655 -0.00184991477641338 0.0311610030287092 -0.0204818496398002
-0.0704522205215507 -0.0275079044436213 0.136114884222332 0.0175406859091319
0.00538723038009513 0.0480921200486829 -0.145236221956628 -0.00308851613159354
0.0405668065043072 0.0250918917191209 -0.0476235204858433 0.0364951724926423
0.0511796260358688 -0.00890238470102989 0.0451478852975571 0.00296120952551887
0.0223171192058726 -0.0273033611617607 0.0765364415818144 -0.0538319216636292
0.0112462765372448 -0.0156395136632523 0.0359702076858342 -0.117196536205465
0.0116850197611078 -0.0162078342581187 -0.0404077023718327 -0.114090353376445
0.00507172005612958 -0.0279078791834278 -0.0806404868949676 -0.0721677158045146
0.00493785516444259 -0.0244607449944092 -0.0945244279632432 -0.0366396681605685
0.0149419924022026 -0.0260055261773936 -0.10610576105425 -0.00847270406056424
0.0264839673564444 -0.0161932764440506 -0.115808380112681 -0.00431168863082202
0.0278759771909795 -0.00869802075872846 -0.108638498156639 -0.0101559308523268
0.0344235739253507 -0.00262996217774451 -0.0989258483993303 -0.00891304049858995
0.0479749085856357 0.0110519326955562 -0.104585807219529 0.0045474157684468
0.0263403170925173 0.0401948241421357 -0.100568484598195 0.0643044328740413
-0.00473183965472463 0.0511007757923594 -0.119263563062144 0.132360726714154
-0.0553410107007739 0.0790424090892257 -0.118850127119914 -0.0272840728297697
-0.0162790218656912 0.0579448981636442 -0.0236396056517061 0.0245391267086705
0.0118603703878021 0.0405030809992513 0.0692705593567482 -0.0150169430964369
0.0075633711475859 0.0274719150426471 0.091250701086561 -0.0729106413650113
0.0198305249999646 0.0290029374873955 0.040436041546669 -0.127795139186076
0.0369571612679031 0.0185505196078481 -0.0341151256486591 -0.12150545857038
0.0436166826282364 -0.00713490230829328 -0.0742564144870846 -0.0782625834738549
0.0418603049102127 -0.014224103907095 -0.0826374956131841 -0.042483097011725
0.0557393371272825 -0.0168285624306458 -0.0927198301713551 -0.00955957916759046
0.0641515708664157 0.00740241969989974 -0.104564647623099 -0.000731361164629957
0.0566545200338365 0.0267348191998505 -0.104020613332249 -0.00368324793575372
0.0455324012266931 0.0524324663798819 -0.0955608811183657 -0.0103893043418883
0.0323934588867045 0.0682575536128759 -0.09088811315573 -0.00456867672475071
-0.0173372441667063 0.0849130765101906 -0.0711941933609995 0.0595200971792517
-0.0659715884157394 0.0895962476775817 -0.0861938080297693 0.128314597843131
-0.108497755693266 0.0984894143559574 -0.0725280755133886 -0.0497652496358717
-0.0756638952289862 0.0847148191433331 0.0140159840650632 0.0188378188015055
-0.0342889988854502 0.0927710658425654 0.104083421974365 -0.0248939512430047
-0.0074747909907654 0.0896972825732403 0.110670345281468 -0.0870395789964999
0.0310985062423639 0.0765302411407043 0.0457820981985786 -0.130177309535402
0.0603257180791223 0.0533571901283144 -0.0212799249861752 -0.117837505039275
0.0770027760506361 0.0147972107482763 -0.056704334303816 -0.0743400602735281
0.0730382335475078 -0.00237624752725472 -0.0589366044950677 -0.0424933081454563
0.0875011393202526 -0.00745789321676535 -0.067313292278354 -0.0081734275721396
0.0938936234282257 0.0258710971979165 -0.0817528843786179 0.00646139507880501
0.0819460431662986 0.0523985414364209 -0.0912897638469028 0.0105014746961075
0.0604016604215914 0.0958043378480857 -0.0921458791169052 -0.00491251644251505
0.0234653724399404 0.116996096143124 -0.0818591501393791 -0.0140212171681741
-0.0511438311523148 0.121623532304983 -0.0446784665735791 0.0408731805471445
-0.115243496280051 0.117370634570194 -0.0413529270242895 0.108311786501586
-0.144090509176263 0.105139668875243 -0.0134124528178028 -0.0712720962866661
-0.124208110723524 0.103197484753794 0.0594230300665439 0.0100616673045482
-0.0728054304176523 0.138846739774407 0.136376671378026 -0.0314905153910935
-0.0164360354856383 0.145957405610785 0.128018036056848 -0.0915981739454127
0.0443032180287164 0.115269461632428 0.0547128471061124 -0.119115415750999
0.0787393510582212 0.079746071135254 0.000168575533224168 -0.102140339675898
0.100709556180307 0.0331847717146332 -0.0289153049048112 -0.0630461948382829
0.0925322694528574 0.00890744385091961 -0.0266377827201364 -0.0369207309024893
0.105745533434831 0.0030562843240705 -0.0342370981735626 -0.00413597218474494
0.108979475614809 0.0416455411452604 -0.0505789491062623 0.0144080418830745
0.094361978038366 0.0708029254580954 -0.0711916449335049 0.0260847411312312
0.0665797797588215 0.124804718659504 -0.0856730417952773 0.00307762513849219
0.0127059189633542 0.149586077713591 -0.0748991472409729 -0.0233771637979621
-0.078685495955144 0.141425426787001 -0.0229044969300177 0.0132320285534459
-0.148724660563638 0.12451740438022 0.00714920771205124 0.0784705774227809
-0.153277913658338 0.0976746464283541 0.0487846490196599 -0.09190007503192
-0.147572211006632 0.105402156420562 0.104087338091771 -0.00698769167176824
-0.0959585547816897 0.16054621699347 0.157562807210495 -0.0363825955712733
-0.02181846774191 0.175247673901585 0.13654971339686 -0.0850939373252201
0.0515899237930505 0.134440494033998 0.0662809050930533 -0.0943188848282635
0.0860653818577463 0.0912979580411504 0.0286491078029277 -0.0763412251865921
0.109378702869355 0.0437063290503109 0.00627047198621079 -0.04608162494735
0.098498345388875 0.0189175987956863 0.00869063735669013 -0.0258775158557527
0.107450056589312 0.0152440690614928 0.00135419743817218 0.00448232084212497
0.105971263592272 0.0550124022852728 -0.0169862238388113 0.0254908247007775
0.0872269707631783 0.0851950755299577 -0.0481687558602469 0.0428880678015418
0.0525076348825483 0.139864782273687 -0.0753999771282619 0.0119505330082922
-0.00994106753164547 0.160231049788959 -0.0653058969378223 -0.0306605378186039
-0.102305080369252 0.13417170086298 -0.00402255143848744 -0.0137068597212363
-0.162557715534216 0.107438438975183 0.0541466035295545 0.0464511719392017
-0.134985478018668 0.0748650153241884 0.101692710965941 -0.110019721388441
-0.142522761381122 0.0873375039841284 0.136977261919323 -0.0324035737645856
-0.100475784294689 0.148030624377353 0.159906227890201 -0.0399950520876756
-0.0249732625163804 0.167424624611716 0.132997445783009 -0.0686196611195066
0.0469452470032562 0.126571419936882 0.0774600890031899 -0.0605828238358256
0.0772349336227974 0.0860263459910852 0.0598968011147297 -0.0466967867062136
0.0998376538938207 0.0466130315106561 0.042892157957273 -0.0277534528068497
0.089703693276937 0.0258567854116348 0.0430770048266908 -0.0119735594668503
0.0939455099326059 0.0268593474013348 0.0336655106488071 0.0189712297572536
0.0868085882260159 0.0644842488891689 0.0110891303349004 0.0420564015144185
0.0635301550991173 0.0910530095993178 -0.0298067916198225 0.062114427062281
0.0202803991349397 0.136760900376019 -0.0659503170847645 0.0227448366718029
-0.0415800646227709 0.143484690462905 -0.0536235449315995 -0.0316957955268877
-0.118253732538224 0.100488597303236 0.0131093080698756 -0.0304949806033747
-0.155581482385287 0.0698120200471114 0.0946403226099683 0.021435677219681
-0.0942947599063092 0.0377663702143603 0.135734278288807 -0.122091365734333
-0.112514462183314 0.0502629622678641 0.148860487090289 -0.0573457275217856
-0.0866623284776492 0.107221724761531 0.145406157190523 -0.0381712916762168
-0.0260788906793952 0.126972152015033 0.119557470203512 -0.045652348168278
0.0313609189678687 0.0960654860946524 0.0877191731885832 -0.0270486230609794
0.0529811569753744 0.0669426509440096 0.0874679616219879 -0.0201913838220664
0.0725838780255921 0.0423910426932557 0.0741898717578489 -0.0121233612427128
0.0673923544470901 0.0284043821511291 0.0694872530507402 0.00355851665913041
0.0679662785341127 0.0332202868738464 0.0572011513830384 0.0385891522155467
0.0570845788270088 0.063417775840281 0.0285442995957553 0.0637815006352127
0.0328380068124041 0.0832966097084207 -0.0213304366157356 0.0830255414678278
-0.0134089057636012 0.114370705131392 -0.060495753826201 0.0358081683532597
-0.066892038465996 0.1049842046597 -0.0424523019416333 -0.0234910096445365
-0.116402036927371 0.051170875265763 0.0258151598020023 -0.0326386215657477
-0.125014542760391 0.0207723626065759 0.124828864703458 0.0102486040822039
-0.0404338353183544 -0.00830867328425242 0.143072505300394 -0.125740672179576
-0.0691827825485716 0.00363811264329345 0.138304978336359 -0.0744766227207556
-0.0613064384881254 0.0503061338320109 0.12109561441564 -0.0285456086905545
-0.0259336484401317 0.0666879273652351 0.105667422379589 -0.0207494440672785
0.00779924119595142 0.0525931944161944 0.096700679180644 -0.0023964236094361
0.0183667849222075 0.0407483783591073 0.10537371633358 -0.00316568551055725
0.0331094748267144 0.0337833671365085 0.0942376061559459 -0.00224287887404017
0.0341422857461595 0.0265201829724772 0.083927324719898 0.018460378623406
0.0341966101034091 0.0305058022731228 0.0700735643515168 0.0573309309817399
0.0260648895105803 0.0479021526408408 0.0340354348908565 0.086181177362855
0.00922793634046058 0.0593818240844214 -0.023100400785088 0.102577665605629
-0.0305499417764988 0.0764895098082 -0.0615388816445567 0.0510121827360232
-0.0709674030472292 0.0570059914283938 -0.0376838301890061 -0.00818872370508558
-0.0911484851675201 0.00245797924134998 0.029859361071456 -0.0232424502801549
-0.073442161442117 -0.0248796211886402 0.14020272151999 0.00988863789804533
0.00794793717656765 0.0481826401181775 -0.144427211859095 0.00489546321936866
0.0422940874224174 0.0228322873882572 -0.0434223827110027 0.039831491292621
0.0510731008930001 -0.0126208175312201 0.0469260413300266 0.000617630925084521
0.0211934139932938 -0.0290964108836448 0.0749753497532141 -0.0592396707283564
0.0109476343508812 -0.0167808304309802 0.0306745420175672 -0.119688766650936
0.0110266152073865 -0.0173075534713952 -0.0454404191152847 -0.110802443943065
0.00306853099186438 -0.027047216246607 -0.0837080427640554 -0.0677505031596777
0.0028813799792211 -0.0237675408470882 -0.09616490086267 -0.031111278090616
0.0128912196098995 -0.0264701795265287 -0.105461972740293 -0.00108640701147339
0.0252298299346378 -0.0180988751346004 -0.115900033683227 0.00409908384360474
0.0272195429512869 -0.0107159585147574 -0.110707523553726 -0.00290923887985745
0.0346743699042333 -0.00521948290146553 -0.102156276453049 -0.00299747308626354
0.0490409177819268 0.00701279668262074 -0.106258834723602 0.0102395562427052
0.0288631500206891 0.0389992532636387 -0.0958194585130714 0.0688163447007595
-0.00135127842302687 0.0515331213421563 -0.109991528254283 0.139580069001689
-0.0497853874517111 0.0823946854055452 -0.118865075366566 -0.0212389763610012
-0.0122073311855574 0.0588559693817454 -0.0204185671434708 0.0273980265730243
0.0147044931308498 0.0396180007440283 0.0709707417849714 -0.0192494030080381
0.010732163687942 0.0269919401873403 0.0883125235751313 -0.0793988043449932
0.022118308586568 0.0274518216998881 0.0333698119051627 -0.130221571334076
0.0386763571229932 0.0156799517485385 -0.0401209303023929 -0.118823932220058
0.0424346285267631 -0.0101381897489007 -0.0769448980897004 -0.0734454855415522
0.0396228000469216 -0.0168297561313864 -0.0848498830294207 -0.0373409836418907
0.0537589967443654 -0.0205009552036506 -0.0928857544543496 -0.00329151920241078
0.0641530290877888 0.00312245792149675 -0.104343697451538 0.00715240189921954
0.0582208102739681 0.0228664801732025 -0.105328904929772 0.00357256672868078
0.0493531361362237 0.0488857353720308 -0.0983105936896165 -0.00514867341015751
0.036682071936513 0.065347877677114 -0.0930193527988034 0.000439574801710617
-0.0116100986697978 0.08656726326358 -0.0670276266350133 0.0620043542109807
-0.0599198955868672 0.0941315508001022 -0.0767600803863979 0.132952882428349
-0.101049490081552 0.104769043867095 -0.0750008167593739 -0.0468186986476853
-0.07017065398127 0.089241699454967 0.01700003096742 0.0193471110494959
-0.0270028164184003 0.0944282742898165 0.104427068221648 -0.0314874368564826
-0.000605085439093541 0.089433683542476 0.10747703749645 -0.0946000704053121
0.0359803122982248 0.0738364320544101 0.0396873330738149 -0.133185512794981
0.0641245939854015 0.0484298155960477 -0.0270555612436109 -0.116113805736797
0.076421168271889 0.0096497284520794 -0.0585841179280873 -0.0712027192487631
0.0712948729145493 -0.00754764794057012 -0.0614755889623456 -0.0390050276211687
0.0861539762963221 -0.0134381616133114 -0.067777195336598 -0.00346782027052064
0.0949261659668654 0.0192005894572407 -0.0814361611558751 0.0128528660230629
0.0848418785416926 0.0472035617632657 -0.0916317245166915 0.0166338389415507
0.0669818819633532 0.090780669987369 -0.0952718220136383 0.000574272674542151
0.031321461592208 0.114575768955647 -0.0854235040970105 -0.00967335176827676
-0.0430454521941857 0.125043514134182 -0.0421053577612865 0.0413352480884015
-0.106726355725567 0.124387220809014 -0.0330429461435486 0.109947366020222
-0.135384874803104 0.113240999798611 -0.0173754470474305 -0.0711013070831321
-0.116951112457176 0.111198469112273 0.0612181489471137 0.00820892192085758
-0.0633988754359483 0.143396258748681 0.137717191331796 -0.0392027560074638
-0.00575656866359752 0.14655334575549 0.124304355539662 -0.100928812766049
0.0519858110931828 0.111911817931397 0.0496126208530878 -0.123220850251173
0.0841017544638227 0.073453323346717 -0.00544790833819727 -0.101999852228504
0.101132898018612 0.0258301474641781 -0.0298528349109262 -0.0609749155445649
0.0915561199138789 0.00266165985163371 -0.0289965861770643 -0.0356564791889181
0.104536320998556 -0.00426977144519609 -0.0343112239736185 -0.00186260938608527
0.111238605651502 0.0329901412229622 -0.0500644704889083 0.018864307338755
0.0981339396602438 0.0650366799617796 -0.0705021413936326 0.0313939008403701
0.075267960755314 0.120695558580329 -0.0876359976780462 0.00867337948340714
0.0222368746367219 0.148239709885774 -0.0789801623408446 -0.0191507019743598
-0.069317961708632 0.145986591740216 -0.0226161228845864 0.0128724115391716
-0.139379361352828 0.133510632445684 0.0128328664872958 0.0766523123252434
-0.145652749091898 0.106050496654182 0.0427437309886001 -0.0953661974040486
-0.140591035304247 0.114364199681903 0.104108656941681 -0.0121570064262203
-0.0852987452246453 0.166409260727382 0.158176882269911 -0.0456302319392406
-0.00915614163819594 0.17671483478241 0.132866624958173 -0.0944761273687207
0.0601412346675105 0.13030269256098 0.0625392822161877 -0.0989861166725697
0.092341505484676 0.0846419014193227 0.0245138430298602 -0.0786281134884281
0.110474148410691 0.0358873073642768 0.00565336777204737 -0.0464682555713622
0.0981653804371463 0.0117304533511929 0.00683467037991779 -0.0272000300835158
0.107553249734653 0.00773639363733119 0.00131768944139177 0.00451361956828423
0.108586260746275 0.0468460751106346 -0.0165259927439049 0.0278297252589564
0.0927760696534913 0.0793569736211585 -0.0466044864791632 0.0469029339335619
0.0622718713236355 0.135760035981217 -0.0773302389644205 0.0176318015764124
0.000942960124375012 0.159802838996671 -0.0703062325561548 -0.026985195437861
-0.093300915876973 0.140215560685595 -0.00600851714125132 -0.0153248683114724
-0.154604752912421 0.118049805915363 0.0572790173789912 0.0421632107213831
-0.12884483117754 0.0818309175357808 0.0948495213086559 -0.116446530703931
-0.136935828912904 0.0948067951127067 0.134668927469913 -0.038784533095107
-0.0903471760123499 0.154999551622991 0.160417364522402 -0.0497063542095801
-0.0132981312058081 0.169412257074211 0.130219081176548 -0.0776260179355526
0.054675701746586 0.123452728970314 0.0757191827607505 -0.0660729254010846
0.0830958039531 0.0803914155316816 0.0575997554199511 -0.0509963586507035
0.100467808210735 0.039376815757396 0.0432033266598612 -0.0303097174760304
0.0899630636947936 0.0194787173400045 0.0415106642086975 -0.015335467898468
0.0948708038311038 0.0204470578668469 0.0337885289544482 0.0169236626647781
0.090606621106905 0.0579511270838817 0.0127554998802598 0.042312276168656
0.0685096716357885 0.086667638161145 -0.0268865468836005 0.0653935743121087
0.0303904466186575 0.135120077816507 -0.0667178007287919 0.0275034834302515
-0.0322888122812154 0.145272978153996 -0.0585435244781287 -0.0285962542226441
-0.110898830707648 0.107527981476804 0.00965202517961475 -0.0329316624708879
-0.149946059557191 0.0792012082774244 0.0957853012053357 0.0148802593656718
-0.0913458632353073 0.0424188416410524 0.127287613203431 -0.129778133735025
-0.110056532849871 0.0564550111121448 0.144675099141075 -0.0649753352388343
-0.0797329678057686 0.112996199540266 0.144987118958338 -0.046986681243636
-0.0178359137365135 0.128537156747356 0.118553380535365 -0.0534588746343137
0.037220154468794 0.0937868801578858 0.0872458341717774 -0.0330645495642684
0.0572277947264832 0.0635336518138042 0.0862678965136809 -0.0267288890098762
0.0740454746789306 0.0364996838300646 0.0738009852934856 -0.0166217718168098
0.0681967795530105 0.0234680185281003 0.0685199634201912 -0.00126462169028033
0.0691602424452523 0.0280336374062749 0.0584330132324195 0.0347995515947521
0.0608748823528694 0.0586374918300989 0.0310588499440185 0.0630078189693813
0.0377839128820951 0.0805587202021841 -0.017227730253325 0.0854117732022412
-0.00526745066834106 0.115031749282113 -0.0602760132320847 0.0408004450604519
-0.0599342914087578 0.108684933111113 -0.0468059431573626 -0.0216474087848508
-0.112905031011754 0.0580555878931338 0.0228800329456906 -0.0353578198969281
-0.12234547621977 0.0285712396304496 0.125080367725813 0.0017887725636809
-0.0401344689993929 -0.00670485235929479 0.134892893831791 -0.133922880397654
-0.069773278395884 0.00736444914647549 0.133771876203333 -0.0808909297410681
-0.0585531275889147 0.0536049189935821 0.121228900173154 -0.0347044268880563
-0.0217921542779547 0.0693696255503786 0.106249511932102 -0.0275641038107875
0.0107661518217914 0.0520001617842561 0.0974452984990721 -0.00874620205226612
0.020788879483712 0.0398512170354351 0.105704278542238 -0.010996624151782
0.0347563807505698 0.0310359305015581 0.0943184782870354 -0.00780456175495876
0.0357205967466728 0.0237730934676258 0.084568193883217 0.0122120953189648
0.0358728605065494 0.0275843707732836 0.0724423628640733 0.0530991867956039
0.0293749885469792 0.0454280536955018 0.0377947787715008 0.0844185640244129
0.0127996659526687 0.0582059257390254 -0.0172610706549548 0.104649285585304
-0.024974351468325 0.0790271036652072 -0.059694278167028 0.0551291356096251
-0.0670589780471215 0.0614501743926898 -0.0408877346904978 -0.00624336574427396
-0.0908789701739132 0.00721114770958805 0.0271180522363303 -0.0259927660340368
-0.0749463106944239 -0.020424713207086 0.139708653599743 0.000807563578496717
0.00972223744621939 0.047182225801549 -0.139642756951982 0.00964696518997666
0.0426495637908429 0.0213500214944541 -0.0388546995463273 0.0414920837932244
0.0502903706580174 -0.0147874841649104 0.0478632407836989 -0.00121139054019422
0.0197467693481717 -0.0300802254777546 0.0724294123547385 -0.0616702319207626
0.0103740698555535 -0.0173257437694908 0.0261563932223486 -0.119157494544988
0.0101932648520766 -0.0175809279513024 -0.0474904650957181 -0.106185008074001
0.00153287595717944 -0.0259005390752207 -0.0835739659212086 -0.063240997683069
0.0014841515259887 -0.0230259845621286 -0.0946130491177572 -0.0265124100015218
0.0109242069498852 -0.0266138032752583 -0.102224369460769 0.00366866808874247
0.0237144154998874 -0.0188184919425534 -0.113481994778566 0.00924004453487309
0.025930497995484 -0.0124715435592859 -0.110273248886465 0.00257384499418433
0.0340685253322424 -0.00670809404963956 -0.101807141609689 0.00031444434712886
0.0482660205033789 0.0040192953045134 -0.104856035659547 0.0144009825828303
0.0300848073586331 0.0373415981246509 -0.0905614008179868 0.0690267348590059
0.00114550143085353 0.0503067338382776 -0.100582988973055 0.140059801478925
-0.0445122774489467 0.082711620643709 -0.116273848407031 -0.0164615912126641
-0.00887422449559929 0.0581221264261722 -0.0169905387904366 0.0279117187117377
0.0171344013050385 0.0377831671126486 0.0704407912168678 -0.0217152175710894
0.0123998853917734 0.0250911810227103 0.0845361523508745 -0.0824809683771224
0.023481855190975 0.0254159564135561 0.0288926370801027 -0.129316199675612
0.038540623196479 0.0128506607840749 -0.0424528289413478 -0.113977399404439
0.03969518507175 -0.0110744520877759 -0.0767227175610499 -0.0690821198444056
0.0374303969377883 -0.0178678430772107 -0.084207933156643 -0.0331509471719521
0.0510111653569163 -0.0226647047447946 -0.0900903323980978 0.000912962884954147
0.0627211224958784 -0.000673055606606658 -0.101743414644839 0.0121457740760721
0.0576233196251769 0.0197694147728557 -0.104564465472755 0.00830625472586353
0.050703018562429 0.0453629820908761 -0.09878557540133 -0.000858069745545782
0.038612949340736 0.0612287254656672 -0.0922175789126865 0.00448608010186251
-0.00748862452238438 0.0856292891288361 -0.0621790395003534 0.0609871978400154
-0.0536786011686304 0.0937488370745715 -0.0680839757182558 0.132105029326444
-0.0933535073421249 0.106046168735664 -0.0744529532782315 -0.0431601157738953
-0.0640899373251645 0.0903215974800954 0.0188910174184044 0.0191896647831464
-0.0213540293681158 0.0938276553894983 0.103600553101129 -0.0356705186929581
0.00450727840682894 0.0868047808763548 0.102651034128251 -0.0980535139851384
0.038615418951835 0.070190842632271 0.0350108484769321 -0.132754593694156
0.0652202211263504 0.0432523552264745 -0.0301739122535149 -0.112204164432497
0.073879814731605 0.00604286028289107 -0.057930230313115 -0.0676647883409256
0.0678612803181864 -0.0103594160788554 -0.0617309520635041 -0.0359062419877614
0.0823529480356323 -0.0171632786451716 -0.0654905980480124 -0.000456156991126705
0.0931359806496115 0.0139301750243148 -0.0790476158975173 0.0170484608126184
0.0848219785636614 0.042285272049877 -0.0903168261875225 0.0211202503327371
0.069870890384624 0.0856846277769725 -0.0953222721140275 0.00472340048311338
0.0349676359661347 0.109333277407039 -0.085730386548435 -0.00533532115991151
-0.0364038000057348 0.123934350173597 -0.0398672819706198 0.0396581775138524
-0.0977578760665842 0.126382163694102 -0.0265992895266607 0.107933728062771
-0.125622176096225 0.115381724210052 -0.0203137125819488 -0.0693108750735293
-0.10908253768374 0.113313000311754 0.0621248039245098 0.00698089200312621
-0.0546608164906203 0.142195317507347 0.135436949635509 -0.044052291080906
0.00154572273150857 0.143135900639699 0.119656733464383 -0.104652656291463
0.0557808296198535 0.106766363356961 0.0449878638249758 -0.123225287904163
0.0858465571763602 0.0665402833193318 -0.00852451855293954 -0.0999896889799796
0.0982059615111255 0.0209140020584884 -0.0295355244659009 -0.05922994180949
0.0876708223556784 -0.0018538609934342 -0.0303576468647392 -0.0335120453563946
0.100578667610019 -0.00955097744736599 -0.0336036570978914 0.00014513286236506
0.109354715552054 0.0265241618704239 -0.0484725780189707 0.0218446865510431
0.0986017470954107 0.0589010000479433 -0.0685473394182486 0.0352136035783445
0.0794715847861284 0.113534353393173 -0.0882210586329068 0.0126240828687784
0.0282254939523451 0.143123329679534 -0.0803646040276053 -0.0153025251291563
-0.0607729381469746 0.145025573147339 -0.0221179583560969 0.0112084028467676
-0.128715914987023 0.136575482442399 0.0164994177825605 0.073089035073234
-0.135648338082308 0.10857349422628 0.037824263665769 -0.0950849521713163
-0.13206783626549 0.117155783871603 0.102755124044989 -0.014594623970576
-0.0754777940562642 0.166040633193676 0.155164364496017 -0.0513781587920952
0.00017493025122999 0.172712954426507 0.128045465174898 -0.0993947567223486
0.0640624033834397 0.124638666963223 0.058840062582661 -0.100335501046567
0.0939791059743823 0.0776994316414336 0.0211823079311628 -0.0788172815477877
0.107466438789131 0.0297215514350922 0.00554292207823983 -0.046630944461095
0.0947680941925538 0.00671640753794654 0.00509435350216353 -0.0271526844400759
0.103505404930326 0.00256979704677466 0.000929032299563954 0.0048904653477055
0.107975175302451 0.0402938190007738 -0.015789020735403 0.0290425843419732
0.093457294746 0.0729027547611701 -0.0445482757603921 0.0491210088595001
0.0676376671351395 0.129926302518208 -0.0777200663533124 0.0206595233569065
0.00777904328281295 0.155022457550024 -0.0732355281347279 -0.0232531676211446
-0.084170767876107 0.140331725104769 -0.0076083202461288 -0.0163273461546791
-0.144420751684733 0.121689156482508 0.0583120796029216 0.0372945726943324
-0.121938673114441 0.0835049186100766 0.0874565438946476 -0.116679189219741
-0.129776582964268 0.0982930100318486 0.131076233986506 -0.0418870928006044
-0.0819393561742909 0.154531933771468 0.157250009856866 -0.0547357265244935
-0.00530112984531985 0.165898081580754 0.125958471819096 -0.0822775753065513
0.058305416550297 0.118654069232575 0.0727442681645725 -0.0687352959136971
0.0842868488250571 0.0742731544913483 0.0545754967952097 -0.0533628272613915
0.0986911046411818 0.0330592302850774 0.0424684795974248 -0.0323789179978676
0.0872497674848302 0.0140516396637461 0.0390619196193931 -0.0169771172481731
0.0924492850603974 0.0149036651379933 0.0330135380485926 0.0154130728497593
0.0904604680517842 0.0511977323810509 0.012797436279341 0.0418243368256357
0.0711604565572555 0.081375840249257 -0.0244841547525083 0.0658471081124949
0.0360304016566797 0.130582052187592 -0.0663960333027085 0.0300372769990147
-0.0243181970734748 0.142920312937468 -0.0617703507541014 -0.0257433459980974
-0.103774486713835 0.109681387800139 0.00708216121855174 -0.0341588685532091
-0.141486063548892 0.0836124938932925 0.0940325456823403 0.00969684910502443
-0.0870426257195596 0.0437766767398887 0.118090920914023 -0.131402172330054
-0.105963565138542 0.0589604591294138 0.139397123607416 -0.0675435063575772
-0.0738094755120943 0.113387412707924 0.14262017882071 -0.051150180857384
-0.0116220300600554 0.126697861099491 0.115276993183615 -0.0576723206426562
0.0395569885501043 0.09042616376232 0.0853333164231874 -0.0370591891944157
0.0584418592652686 0.059116767336271 0.0833726656083173 -0.0305129005380072
0.0723761701483602 0.031874638774146 0.0732532750827257 -0.0197232140403892
0.0665882632992988 0.0189209648377533 0.0665404405600966 -0.00384819798553606
0.0682199386246765 0.0238000038893446 0.0575699496794198 0.0317876043995035
0.0618231366989678 0.0534875347414944 0.0313804629451943 0.0609735042838895
0.041059322754629 0.0766711416175177 -0.0139143267833523 0.0848740966264475
0.00101123782085986 0.112594913826292 -0.0594315791216881 0.0423795554816991
-0.0535775962378654 0.108624907160486 -0.0494361247355616 -0.0194383654814166
-0.107973894410368 0.0609846955573212 0.0195029603342853 -0.03670410295393
-0.117786319060128 0.0333493853832043 0.121821988927929 -0.00366577892878064
-0.0398159620908134 -0.00612169194965743 0.125939629089632 -0.135563387964664
-0.0689456949345469 0.00981874497179873 0.126877244662091 -0.0829857514231068
-0.0554499172064407 0.0551320119970572 0.119615584222274 -0.0380138819328111
-0.0190590212259837 0.0694310432037631 0.10356122192402 -0.0316644537591086
0.0124115580283821 0.050494858088667 0.095822674395944 -0.0134275064595129
0.0218279049800338 0.0384132423822437 0.103075514116096 -0.0164473758290003
0.0344806935327904 0.0281503774445179 0.0922401810705393 -0.0116939803840308
0.0356941200331015 0.0210531625664577 0.0829836150873306 0.00838925354157249
0.035819956712264 0.0249836089705616 0.0722028269709428 0.0489010977777692
0.0305721059421488 0.0418568027983261 0.0389538183811069 0.0818692400793206
0.0155777572677314 0.056267900036303 -0.0134337637555967 0.103731251404464
-0.0199958319617962 0.0788535064835585 -0.0581329557964876 0.0570773838948461
-0.0628255325394985 0.0632683874944068 -0.042693834602086 -0.00502813155282418
-0.0885859269573104 0.0103226631254799 0.0241049670003737 -0.0273807334878741
-0.0738315695224675 -0.0169616672430112 0.135327754672686 -0.00523173769864658
0.010233104466957 0.0473622240459503 -0.135826676914121 0.0104449261091009
0.0428798621397983 0.0206533793159985 -0.0354576537676763 0.0414005442897825
0.0492542204592524 -0.0156088203568622 0.0484282723593831 -0.00180331529853059
0.0190930440819804 -0.0303996783960742 0.071841508060161 -0.062627385087881
0.0108020037652728 -0.0177199311723834 0.0248738918253944 -0.117430931680392
0.0101733107454682 -0.0175328961809289 -0.0466645995137962 -0.102782700073472
0.000432639181358898 -0.024691949043293 -0.0823182403833106 -0.0606201683508058
0.00102458303772887 -0.0220961378496225 -0.0927324596374937 -0.024598009466189
0.0102909492054497 -0.026613271808157 -0.0995905898743628 0.0054468574196004
0.0227186106972198 -0.0187233034174894 -0.110788517769888 0.0117352010031805
0.0253968830619216 -0.0127081806548422 -0.109548557805004 0.00469167403442201
0.0338279162126983 -0.0077256086011631 -0.102231216117935 0.00209140002696098
0.0472193488432387 0.0023684149247999 -0.103538211963471 0.0156196763708982
0.0304004509987541 0.0367126674219401 -0.0875563393104827 0.0667890836974559
0.00149467022655507 0.0487427940373988 -0.0952115952152862 0.138239029179251
-0.0410359764243131 0.0820358295794737 -0.113924151000352 -0.015909494883759
-0.00679117943328604 0.0577172177094907 -0.014103342848605 0.0278455766933663
0.0185219694799371 0.0366311193966482 0.0704034631058762 -0.0230045558617446
0.0129567551596273 0.0236127100056762 0.0833595247424643 -0.0826736984195372
0.0241787746454507 0.023855197752648 0.027804398902999 -0.128072756479534
0.0380063424417696 0.0110875996608593 -0.0421629378865112 -0.110680111641801
0.0376997705003388 -0.011324684949548 -0.0742754433231514 -0.0672367649413772
0.0356062320632646 -0.0176370211206073 -0.0824155173499725 -0.0311451722997693
0.0487353316727087 -0.0233203511574285 -0.0874923922964259 0.00293406474265063
0.0612549841207812 -0.00181982740506461 -0.0994698683352193 0.0145021842294181
0.056162793785023 0.0179992880637868 -0.103741805616254 0.0112077005810651
0.0507672424585525 0.0426698558810147 -0.0992347292271806 0.000210834381976196
0.0386423362712768 0.0577509703704633 -0.0921861751497544 0.00555786479176477
-0.00549725335646224 0.083458421807293 -0.0604202587490138 0.058539181422305
-0.0506186865105082 0.0927628795603054 -0.063476974441205 0.129104856127601
-0.0882632972280854 0.104810202496188 -0.0740076456515201 -0.0423729255190566
-0.0607889372993949 0.0893985390815262 0.0208988146344497 0.0193453217366897
-0.0182797227905479 0.0915759457262494 0.102771424645452 -0.036827964064616
0.0069501951628298 0.0845212404040453 0.100718318203353 -0.0991093831520312
0.0398579031937817 0.0673388840654933 0.0337943709676595 -0.131316885519211
0.0644334911175031 0.0404701728476267 -0.0302670301633001 -0.109289804519539
0.0712161794566824 0.0051191791344217 -0.0562440525966945 -0.0662543809401679
0.0652328289318539 -0.0114411183601002 -0.0611718333054483 -0.0339117252169519
0.0792918201372815 -0.0187507043887732 -0.0643478918365018 0.00109923437401655
0.0912739069705321 0.0120210302681997 -0.0771038173270769 0.0190381202100951
0.0832175739000172 0.0394752087624494 -0.0891177807807647 0.0232446803331857
0.0701565197881279 0.0817193055623429 -0.0961469976597888 0.00640500759248327
0.0361997631513422 0.105187167973906 -0.0860722139406578 -0.00413523511268703
-0.0330913033575858 0.122084940563871 -0.0388432615303909 0.0377177724607861
-0.0928847577097579 0.125212399445527 -0.0238528540157941 0.104349197706109
-0.120030700204228 0.114012831231957 -0.0208906341180094 -0.0683458724054192
-0.104167087185604 0.112554064424368 0.0627487301523012 0.0069874760447406
-0.0501054193793884 0.140705939515246 0.134760504780773 -0.0466728907977147
0.00562766555109503 0.139411828852937 0.116765524823266 -0.106303610998465
0.0568165060720564 0.102891736680044 0.0434522816889747 -0.122142704580988
0.0847736107681177 0.0627691729752069 -0.00960290442894553 -0.0981327112195286
0.0947470109288508 0.0181372922427005 -0.0273430835570268 -0.0590121943482739
0.0847412044344403 -0.00339657615894788 -0.0306268986805352 -0.0326040537230428
0.0967294772610493 -0.0113548790055466 -0.0331155445858803 0.000751907319293016
0.107257991821196 0.023285888738529 -0.0473043950339332 0.0234330346464441
0.097301217912985 0.0553768682371839 -0.0677778927093064 0.0366471203869656
0.0802336595173486 0.109091249469232 -0.0887237315622078 0.0145675110665145
0.0305808312960828 0.138496042906322 -0.0817389331134379 -0.0135054278045845
-0.0562561177445422 0.142874453009366 -0.0227219322193835 0.00958040287515049
-0.122599119682363 0.135892213562613 0.0176581358288744 0.0697690247046583
-0.130410764396187 0.106534868642698 0.0352083843856573 -0.0936263093174829
-0.12732457923363 0.116735165034106 0.102140332902497 -0.0146823225905019
-0.070042694637967 0.16414538507167 0.15404140960328 -0.0536739947992149
0.00381603851857664 0.168421150422601 0.12562416510048 -0.100599979468222
0.0648536301114735 0.120439675402676 0.0569743822775459 -0.100446445824891
0.0932759646204579 0.0728022874901837 0.0196927110950109 -0.0779002887116556
0.104049079444784 0.0266497103570644 0.00722654721623784 -0.0470688470886355
0.0913390529890392 0.00441717125358943 0.00409313192979582 -0.0261868294821254
0.100148038590844 -2.71678220409037E-05 0.000906457968009656 0.00504842338152971
0.105374599691686 0.0362942628079539 -0.015697416358045 0.0303058095203338
0.0930487567663712 0.0698469077394222 -0.0439556710002889 0.0503481182168071
0.0690702640083377 0.124794844432701 -0.0782000508604061 0.0226457759832994
0.0106485391984623 0.151309865689946 -0.0750595429563561 -0.0214986750087575
-0.0797633725784839 0.138270326820639 -0.00899144309784271 -0.0176750513149155
-0.138298686172129 0.121011048495989 0.0575996542621733 0.0347394178955687
-0.116972940072776 0.081780447400653 0.083536849875749 -0.115745519666412
-0.12575117828589 0.0981861485490878 0.128652296452238 -0.041704885733887
-0.0774531820174395 0.152687786502687 0.155752131183851 -0.0566938479505882
-0.00185726475013689 0.162649194366479 0.122813457631623 -0.0840729331653285
0.0591775962870992 0.115004276582112 0.0712699761768768 -0.0696409225960299
0.0837992227240325 0.0708844372688471 0.0523532316750872 -0.0543262243185476
0.0953104544963179 0.0300699024310571 0.0430297176592853 -0.0332397425920021
0.083957504838912 0.0115559945371675 0.0375280094972761 -0.0170881606141638
0.0892467248893384 0.0120985567257089 0.0317010368805747 0.0149877286247116
0.0884359014997138 0.0476577499053863 0.0122468721397628 0.0423009409070753
0.070923841270047 0.0781777876441278 -0.0242293991339197 0.0659531712617541
0.0386686462264485 0.126540242182983 -0.067955121931296 0.0321013471364895
-0.0215677905613996 0.139774722896317 -0.0636071615287147 -0.024246078360873
-0.0992038486210389 0.108642847889312 0.00448819878004723 -0.0352420898446336
-0.136211468822494 0.08413958297054 0.0916700530759657 0.00726665676605234
-0.0844664621102748 0.0428121031584218 0.113436486328177 -0.130387787531257
-0.103331923551641 0.0594841393003817 0.136045290384165 -0.0674849607393243
-0.0704862952858106 0.112528682739935 0.141082269653241 -0.052250734067947
-0.00981934218151679 0.124804560681789 0.112901326543484 -0.0592522345785549
0.039848422988004 0.0884201822238548 0.0839132242976188 -0.0382838566358365
0.0584265312991411 0.0569275064369622 0.0811841443256661 -0.0323112644875856
0.0706157678851807 0.0295470213847599 0.072433993227193 -0.0213717680865804
0.0643097508240091 0.0168313747787636 0.0641878270091861 -0.0051794617776957
0.0659151099245573 0.0214767054000663 0.0560568560625131 0.0306864604675088
0.0611068564781911 0.0501417181716834 0.0304477195976062 0.0603749606758599
0.0406222455142135 0.0740467690380869 -0.0133718399218069 0.0842941098883797
0.00419535210027277 0.110234994804482 -0.0601123995266667 0.0434912957930528
-0.0503907940435695 0.107374007960136 -0.0512516040236508 -0.0184503687782998
-0.104534812471357 0.0607801443334236 0.0167669987804923 -0.0373391928312272
-0.114165983102194 0.0334875212041461 0.118261151519616 -0.00575883160134331
-0.0394457148693421 -0.00650646806491848 0.12151637163116 -0.133845699373499
-0.0685967092542273 0.0106733917593346 0.123444799063701 -0.0816082981271774
-0.0543718998110672 0.0550636967968193 0.11869845064112 -0.0384901484835707
-0.0172307553250201 0.0686783973490812 0.102255988271723 -0.0327657825384484
0.012304211964733 0.0494092162112613 0.0949550574459038 -0.0149771133720402
0.0221194870022034 0.0369139371379474 0.100959597993509 -0.018881957561412
0.0332180979852679 0.026948940303291 0.0905280229901494 -0.0126077661272688
0.0345972739567587 0.0195096678960549 0.0803752568572478 0.00705529711471293
0.0347830566262922 0.0233346929929303 0.0707363507491878 0.0468522087522055
0.0304832331651352 0.039694182234522 0.0381293198124593 0.0805212989677556
0.0158950171132181 0.0544337855738947 -0.0128605613855811 0.102665969739154
-0.0171854272672255 0.0772794391901771 -0.0580356837923447 0.0573980038848818
-0.0605092469280987 0.0624818922063647 -0.0443634874841963 -0.00395055906636014
-0.0865226220190464 0.0113461834350669 0.021609523031643 -0.0285128767740855
-0.072247896837026 -0.0160598898394227 0.131552348578856 -0.00687586855819418
0.0185512791499072 0.043266431713969 -0.137960510000787 0.038069444863071
0.0463636150230992 0.0120021110157166 -0.0265490093321547 0.0510278994817948
0.0448037321932707 -0.0248087445848025 0.0531241668784161 -0.00921401451479466
0.0117047416728635 -0.0350044225838891 0.0643435957432125 -0.0768563119229623
0.00580874096069294 -0.0211204804376845 0.00508441301414191 -0.123255983677196
0.00489392065333352 -0.0187747007219293 -0.0623485178671913 -0.0942978761689318
-0.00559372227772518 -0.0228850305254513 -0.0892516198354138 -0.0461627529671181
-0.00348403458178219 -0.0208749772330421 -0.0957333438062793 -0.00705199058896756
0.00406332132268259 -0.0267545492186572 -0.0987122407092451 0.0252847734613646
0.0176306894181908 -0.0226196391806287 -0.109419493757239 0.035577639961034
0.0199491388789154 -0.0171594287388066 -0.110055541998683 0.0284665261543083
0.0299368226583772 -0.0158173447310016 -0.104272622695146 0.0239225293470893
0.0439641035895269 -0.00780190280321172 -0.103077936410671 0.0389885202022035
0.0358912888891119 0.0297325059326943 -0.0768884964664842 0.0827108068062031
0.00913220470752017 0.0486302095656366 -0.0704749973826521 0.153294077198041
-0.0235414983615488 0.0844344310146061 -0.124731312900078 0.00626604331666602
0.0062343853834612 0.0565878917336379 -0.00985267038985793 0.0326018977477475
0.0260111893192483 0.0299356930578069 0.0663604260298224 -0.0338029097987792
0.0173150681153845 0.0171707451085532 0.0677621745544845 -0.0978509883010321
0.0266640441568623 0.0162127961046526 0.00411357867081185 -0.131585735066199
0.0368668322545981 0.0030265295944046 -0.0602321330479009 -0.100824124593013
0.0324533723489925 -0.0177341786018608 -0.0834731661767215 -0.0511335159113036
0.0300487675563183 -0.0227349580509534 -0.0867960011918918 -0.015648149637243
0.0411142672112428 -0.0308420954865172 -0.0874476023446134 0.019831902845793
0.0575120479362259 -0.013167181271505 -0.0985235864091505 0.0368608935327979
0.0549485818034539 0.00653624791994403 -0.103803230134039 0.0340712957326922
0.0554860197396591 0.0296897517633906 -0.103326599073803 0.0225551608566347
0.0461119227175291 0.0471096470927837 -0.0958740577676026 0.0253379937700282
0.0106906448618173 0.0824035235936709 -0.0515719013951712 0.0653531715872306
-0.0327373045032272 0.10239304428866 -0.0390690573543633 0.134133992854693
-0.0638853004085464 0.113989907168488 -0.0920191280812292 -0.0292827340361093
-0.0389717722746648 0.0968240325089001 0.0212407752524284 0.015981868934016
0.00195722710477581 0.0890557757662037 0.090979616572829 -0.054076883695926
0.0244451479017766 0.0754233953380866 0.0772775610800615 -0.11580691056866
0.0499545867633403 0.0544916542272148 0.00790927967123003 -0.1332604465609
0.0678890150435474 0.0260764456943809 -0.0490542999659318 -0.0994457690207718
0.067066346708585 -0.00999462155060128 -0.0652834796218273 -0.0513466411396809
0.0593385110402325 -0.0216153090195582 -0.0659445234070969 -0.0218981148540182
0.0706485463861367 -0.0325587032506444 -0.0651378093013803 0.0137065026052856
0.0889123079276482 -0.00626374471241492 -0.0759155532259258 0.0374543119757513
0.0844982134799751 0.0226930159730769 -0.0871175949311978 0.0445215587379322
0.0817918405167081 0.0634324633660473 -0.100328308994227 0.0279418344979238
0.0531120124107834 0.0924827343238971 -0.0945443111494283 0.0139176154663556
-0.00797888025806531 0.124770012127451 -0.0346920069559832 0.0375434333465333
-0.0668950706692789 0.14184494331104 -0.00300602890286307 0.0988505132098365
-0.0922211156154996 0.126760772736535 -0.0451193785980463 -0.0663051247693402
-0.0769998427744803 0.126623562197298 0.0592965097935227 -0.00522191180848169
-0.018137786343263 0.141266779920687 0.116321751606278 -0.069302317829807
0.0347652818688181 0.12739872300196 0.0879311614904793 -0.124602652184439
0.0731421448400709 0.0857501744929069 0.0180994998484398 -0.124002952352301
0.0920824634338817 0.0432132015610217 -0.026812318721215 -0.0898942942070868
0.0924888673453072 -0.00217156917087531 -0.0363099886839559 -0.0468673864024878
0.0791140990997137 -0.017458423136627 -0.0359424903705919 -0.0258279366902571
0.089058281266579 -0.0283004205277577 -0.0342757726841644 0.00769549120370488
0.106259731327483 0.00259724203921149 -0.0455795131708805 0.0362167140372804
0.100664704443761 0.035742260987049 -0.0629386329061899 0.0533005974742848
0.095703244870947 0.0881008544923056 -0.0922177456772412 0.0356883964448565
0.0533746141030216 0.124938719128873 -0.0936541263359411 0.00363160841641653
-0.0262127650408679 0.149760657417414 -0.0243383024779736 0.00398057592984124
-0.0932224821032305 0.157821029712586 0.0327670188554451 0.0550732927680732
-0.102941631145008 0.122020583297033 0.0066153027494821 -0.103708068847071
-0.0985541865915401 0.135363784982147 0.0940661953310023 -0.03492648323089
-0.0334131065423018 0.167578219067579 0.132016671696951 -0.080301505228043
0.0391168220897328 0.155881762810617 0.0955823557712271 -0.119712178871185
0.0851249765680555 0.100848312368613 0.0352255857160952 -0.103085904414378
0.101786217388232 0.0520580896524749 0.00560223650676833 -0.075080692000895
0.102926695905437 0.0038931547244378 -1.66174887886942E-05 -0.0408692516860682
0.0872020984511093 -0.0110181531112788 -0.00117736696060152 -0.0266225493929854
0.0939660742354511 -0.018161069591071 -0.000255497419018779 0.00512383391338237
0.107426593157255 0.015324604266295 -0.0125484930648415 0.0364198147756916
0.0989668267270373 0.0498116386978861 -0.0364036962785876 0.0618501676492651
0.0884136089301886 0.105465512067499 -0.080644746867379 0.0412120120969906
0.0375480195383005 0.14011641393407 -0.0890792381435892 -0.00683228439894729
-0.0495233548484928 0.149943589700391 -0.0156269872216631 -0.0263431103922909
-0.110235065687972 0.145829247262986 0.0668485266860686 0.0124815087972056
-0.0951371723926819 0.0967691214750037 0.0535323044124228 -0.135697678592502
-0.101618361194978 0.11648746787085 0.116027064028824 -0.0682782110287213
-0.0428750928607223 0.158273090123828 0.133541119765266 -0.0847909579782716
0.0327323708137308 0.152131994736211 0.0961992102221154 -0.103381470263275
0.0784061983681312 0.0971515322574418 0.0555746856974076 -0.0759222714619997
0.0928230603955331 0.0516096623817903 0.0417846010199079 -0.0575607979044235
0.0957757173082964 0.00865929012349478 0.0367395739447768 -0.034428269309751
0.0821701647571985 -0.00349838151693043 0.0330246682619676 -0.0230374963916249
0.0863499268097996 -0.00440497654896823 0.0326070007123265 0.00927127253395405
0.0932363943881735 0.0295426841393796 0.017345139608856 0.0423302270937862
0.0801739146087322 0.0621969116660599 -0.0134653016796021 0.0736021662205235
0.0598477779414149 0.113085825144073 -0.0672710423725915 0.0471711376618926
0.00518412058463938 0.135497322513589 -0.0775692186513864 -0.0125738464534643
-0.0741579477554471 0.124494199765781 -0.00362243338056764 -0.0451821472434183
-0.114866385796142 0.109019930621218 0.0967135496759264 -0.0191433397907938
-0.0714635725720356 0.0535322092926262 0.0845800206990552 -0.156451033451146
-0.0880352440840591 0.0756262699518884 0.121418380680782 -0.0956224123072086
-0.0449371901600553 0.119856263938192 0.122486071778195 -0.0789383852738412
0.0173301516326555 0.119293026334408 0.0930534939839139 -0.0776418987621524
0.0555701226854805 0.0760098727590229 0.0749077747948801 -0.0485548674336531
0.065811505204522 0.042681754386289 0.0743641175794888 -0.0432131112809865
0.0719580056526554 0.0133429437900138 0.0674623046789561 -0.0293742648655438
0.0644348224347797 0.00486487440454048 0.0617806329124781 -0.0159676884389745
0.0666298311790638 0.00853919985358823 0.0601765661801289 0.0197893845590819
0.0676735407832504 0.0370608149049198 0.0399858067427349 0.0566439164353089
0.0510880838977951 0.0636879242560006 0.0011543255758578 0.0893206453715149
0.0235532823886055 0.104131935702599 -0.0565652233335393 0.0566487410918346
-0.0284999890291461 0.110319051923896 -0.0625063797850242 -0.0107212570257815
-0.0885316185392575 0.0793145722561108 0.00926649681538824 -0.0477898579451108
-0.102816277668939 0.0554914549388886 0.121075631385468 -0.0338766719844618
-0.0384601812798996 -0.000293450318329491 0.0962642580131361 -0.161066173991997
-0.0653794481155525 0.0223790351146587 0.108055205555031 -0.10774580871429
-0.0407625165253228 0.0625726504355254 0.107459204386946 -0.0622456808218146
-0.00180369447246161 0.0682255288590536 0.0920254880904534 -0.0515246136694301
0.022176171635398 0.0440666204285002 0.091054750808748 -0.0304848120121936
0.0275132078062592 0.030654100721429 0.0960402790457895 -0.0362037786145811
0.0373666748880682 0.0184154456858909 0.0861421188567107 -0.0264225540933243
0.0366445813176657 0.0119139986460792 0.0799056243691466 -0.00762227258331271
0.0373986465316437 0.0162886626471099 0.0784830528401645 0.0334920736728698
0.036141664078726 0.0325844022464297 0.0519364435533948 0.0743662610671665
0.0238122290176434 0.0493747383865764 0.0058969993252245 0.106952841546228
-0.00256808052128879 0.0777276006813392 -0.0505796170114679 0.0691566515975963
-0.0463513360671208 0.0701841939940727 -0.0503633900771099 0.00253687097784713
-0.0823222563189779 0.0277809951084614 0.0175654358378182 -0.0360576570775327
-0.0723256828346879 -0.00165194218414322 0.13420562102525 -0.0328636271985108
0.0198065019969763 0.0445132276944561 -0.140478797296987 0.0393381389753296
0.0483659222568738 0.011670676146961 -0.024621923032606 0.0519573096834852
0.046147443655898 -0.0271111067573447 0.0555388432099711 -0.00978907391258348
0.0116381550572903 -0.0366098300900969 0.0658546129638755 -0.0797867381651321
0.00579023021590073 -0.0226246776632498 0.00491297890429329 -0.12676801147809
0.00503917836637344 -0.0196333903354663 -0.0629636743115868 -0.0960560534767356
-0.00600078318162974 -0.0225143789680062 -0.0914244397033145 -0.0464740148473402
-0.00369073532801906 -0.0205055588233372 -0.0977968385369158 -0.00674295362883629
0.00349880449174333 -0.0277060241359704 -0.0994631091481635 0.0264763316547082
0.0173621137420141 -0.023463793592337 -0.111330395456426 0.0383514721597241
0.0200381283073378 -0.0179233644473262 -0.112872321039544 0.0316675556985828
0.0302073910539346 -0.0178486709867567 -0.108618351148521 0.0262851419308507
0.044652151659946 -0.0091753360380866 -0.105551593204275 0.0410003250791002
0.0378968035993491 0.0302509592867708 -0.0778815391777652 0.0827180138623467
0.00973863233929275 0.0498806316552135 -0.0694349951680761 0.155881950979284
-0.0218650760536437 0.0861219634428928 -0.127353888595179 0.00640849675441485
0.00790056258259451 0.0573078652706344 -0.00828148520416665 0.0328599273556622
0.0279883882764375 0.0292095089547619 0.0681797879481986 -0.035744878472284
0.0179776378624048 0.0164186442490156 0.0684810511865688 -0.101204740096028
0.0274972504731178 0.0149070834417096 0.00378349141959022 -0.135541274602967
0.0376937145011859 0.0016660171395578 -0.0607174049468781 -0.101843098982812
0.0323315151068829 -0.0182900100848203 -0.0849172644159249 -0.052033258139003
0.0296893295531596 -0.0231619732332338 -0.0892960096830305 -0.0151222569250224
0.0405186395100396 -0.0319499203862813 -0.0889711176725495 0.0212373990582018
0.0583859932566916 -0.0148471173601635 -0.0999466199265108 0.0394588503125586
0.0559189748491113 0.00567929710150784 -0.106876782404786 0.0377563760692381
0.0567981418562203 0.0284337720115478 -0.10802830490518 0.0254211837938946
0.0470879358448345 0.0467625613409225 -0.0989982802091168 0.0269894972609251
0.0124141395738833 0.0843142890600064 -0.052874365041247 0.0646169979436908
-0.031494675555463 0.104521012826716 -0.038052469023971 0.135630996610531
-0.0626801344906945 0.115323606033944 -0.0947197243563394 -0.0294071364937556
-0.0379507215936374 0.0987552333190088 0.0236203486327372 0.0155993338850617
0.00483877447465687 0.0899412398353473 0.0933370398933732 -0.0565198245201425
0.0267721752218683 0.0753131897225016 0.0782632365834936 -0.120379761981958
0.0520798582352261 0.0541475119844685 0.00752840914568303 -0.137461212538384
0.0690711182016645 0.0248650174099348 -0.0498892031683866 -0.100742716797724
0.0672525521049643 -0.0104971651907962 -0.0662450109685438 -0.0526608968373531
0.0590005012987194 -0.0219482469613944 -0.0677700617687889 -0.0217681994025439
0.0702897140216324 -0.0339499206654287 -0.0660481172407645 0.0149752368302515
0.0897503463561586 -0.00807602847390502 -0.07697746058109 0.0401141349152875
0.0860441813867531 0.0218954269792012 -0.0898379225915573 0.0480942843534658
0.0837507082275822 0.062635920455165 -0.104954383487098 0.0319436273512459
0.0546967148737986 0.093157843132457 -0.0980536671252386 0.0156024392912944
-0.00600511334455886 0.127127098238936 -0.036674061027133 0.0360164846148722
-0.0653367471118178 0.145273412255687 -0.00208557370286358 0.0990890877222332
-0.091899014545318 0.128964629796587 -0.0471090381599145 -0.0680393414871177
-0.0757210630254734 0.129897830946132 0.0621252609589614 -0.00596285287460876
-0.0156684798439272 0.143136123047796 0.119265691510896 -0.0730747892905727
0.0375313190414006 0.127818132340678 0.089206501179113 -0.129344530577235
0.0762563813247358 0.085217980365379 0.0180279253018969 -0.128155066273369
0.0936956563373385 0.0420569084962662 -0.0275976529695796 -0.0914694605322167
0.0928382592062455 -0.00314422195010973 -0.0367953403327432 -0.0492854300937308
0.0791585205571342 -0.0183770298969607 -0.0371731690952331 -0.0260893214915657
0.0886433231791173 -0.0297312001827239 -0.0353062001173203 0.00870954332339755
0.107922185465041 0.000737770744521609 -0.0460185006265954 0.0388524231642354
0.103032160082581 0.0344995887330459 -0.0648941431994489 0.0571304849218051
0.099063773236601 0.0867350709135941 -0.0967219293796752 0.0400034144154602
0.0558144407429504 0.125741655045951 -0.0979282274006044 0.00558386084069801
-0.0241625549655241 0.152545249825677 -0.0269309461923414 0.00266460378910855
-0.0917293933245658 0.161227624510859 0.0338949476266877 0.053916330474827
-0.103353921640117 0.123994547298342 0.00514095412214365 -0.106316234136038
-0.0982067401221014 0.138394609698741 0.0971459406788932 -0.0366592358792697
-0.0307025213241034 0.170568114403684 0.1355333044546 -0.0849063323563854
0.0424035289389239 0.157676422362555 0.0965586169540806 -0.124407019929921
0.0882800075628723 0.101667802924468 0.0353334842313516 -0.106844254548667
0.103905825945656 0.0509436952100319 0.00517039243033638 -0.076721138677375
0.103630651319859 0.00290937870170746 0.000260978693404004 -0.0430290531170226
0.0874820445013997 -0.0124486978225406 -0.00175694577561211 -0.026914690734332
0.0940872893244052 -0.0198115287380419 -0.000741363325596589 0.00578380103419048
0.108762466584082 0.0132949735185262 -0.0130904356627869 0.0384798357811939
0.101598734887195 0.0491913284455301 -0.0382280372195164 0.0655441439131175
0.0918011548997206 0.105252354954442 -0.0846728275468549 0.0457498709495394
0.0393894943246138 0.141541924745572 -0.0936399481218614 -0.00464272403338242
-0.048375376656945 0.15299385560697 -0.018579554048644 -0.0278605191776125
-0.10935060840596 0.149468584410853 0.067647805649453 0.0107331564486238
-0.0960785762715475 0.0979154111316604 0.052854914093309 -0.139580338611691
-0.102170161815414 0.119991629078107 0.11924105466889 -0.0705600359383446
-0.0409410117126089 0.162276696319865 0.136808078647785 -0.0889163042082255
0.0353366120070233 0.15446372246816 0.0980995463330611 -0.107599496107963
0.0818086502077352 0.098119711914825 0.0564790413200023 -0.0786815593171416
0.0950818818933774 0.0505333050348383 0.0416411719067521 -0.0599046702696377
0.0962133018284228 0.00794516657793582 0.0374589802972312 -0.0371187387305981
0.082017357152796 -0.00428639033684348 0.0334069804166969 -0.0237905703955755
0.0868202420879131 -0.00562520901047243 0.0331405473421514 0.00963207646966636
0.0944056990471523 0.0281117628599439 0.0178515775905869 0.044901168922606
0.0820633241606216 0.0617866482880612 -0.0140679395296761 0.0766777779731539
0.0631899611556717 0.11343829829532 -0.0711529390032785 0.0514991956557403
0.00728830054460776 0.13749696582896 -0.0821388255184601 -0.0116975354500122
-0.0740440940167769 0.12688637038094 -0.0072330322179787 -0.0469765705348034
-0.115073545902572 0.11163414285593 0.0980252931633225 -0.0209581217885153
-0.0731231421729813 0.0545313665550664 0.0844790684072385 -0.160476407123122
-0.0901999955576099 0.0782804158264251 0.123290946599302 -0.0980626874662317
-0.0439126007711677 0.123233768800552 0.126009593621364 -0.0830296116829315
0.0191285632643782 0.121517618994113 0.0950946401627215 -0.0806648756120286
0.0581055220887749 0.077221482764012 0.0762961912372695 -0.0512651120152403
0.0673517644354257 0.0429284249443851 0.0750896589410403 -0.045576131263315
0.0727507092867707 0.0126868785923912 0.0687915480591178 -0.0319661697963298
0.0642625476655946 0.00419189597702962 0.0626985916043056 -0.0174403199610614
0.0669183932728477 0.00745667582296861 0.0609361801327393 0.0202351268952371
0.0686958899762233 0.0363111428942761 0.0400232012358413 0.058896592340245
0.0531380536275583 0.0638666602178617 0.000875440818725058 0.0922810607357142
0.0263289975615737 0.105464933664799 -0.0594853284432782 0.060079983186651
-0.0275171915697152 0.112789623600727 -0.0668224474390389 -0.00950419291241165
-0.0893061288769034 0.0814211941827268 0.00710971552554942 -0.0495709644821777
-0.103946566016852 0.0568413088495846 0.12240624244421 -0.0359101671739637
-0.0405648184825854 -0.000569884066693764 0.0966156654013308 -0.164695895385917
-0.0669460220992766 0.0237656689355639 0.1097289796783 -0.110411881106995
-0.0414068486500833 0.0654825176187408 0.110267027413621 -0.0653870981500576
-0.000622567304446011 0.0700881951807581 0.0947562807739607 -0.0532859544041366
0.022898265449508 0.0451849427332744 0.0932293014305268 -0.032730891168466
0.028370709710569 0.0313697937559393 0.0974215983506862 -0.0384295285679366
0.0376246445011254 0.0184045620539054 0.0878660645070216 -0.0288348104028829
0.0369712969890183 0.0117718612652307 0.0808716925790533 -0.00862380457121745
0.0378858479689724 0.0152583143402434 0.0792308880786333 0.0335768902354169
0.0366186717946527 0.0322786885624182 0.0525963817704737 0.077074065823001
0.0247428627828439 0.0500658368746103 0.00633930874787401 0.109815109215219
-0.000341389339193835 0.0785144120936418 -0.0528451596252521 0.0728813478643159
-0.0458283641026876 0.0727641290949541 -0.0537753613247783 0.00328934953682068
-0.0838129905981151 0.0288238791521501 0.0150482419170196 -0.0370252299538499
-0.0738890557581671 -0.00139866902523831 0.135934624930857 -0.0347064506551028
0.0235381280459119 0.0452218249577529 -0.142706049818636 0.0452118882885996
0.0508802771337156 0.00988325469966955 -0.0227301726663297 0.0537526950777143
0.0469585159692663 -0.0306585838022348 0.0573912602248332 -0.0121877323668346
0.0100202250743074 -0.038581168015808 0.065238923114087 -0.0852418917477045
0.00459500140093258 -0.0242958830753275 0.00160301325911944 -0.131064278143379
0.00423863696441412 -0.0207118152140613 -0.0665065590184798 -0.0969896549614649
-0.00642082713871339 -0.0223525578857053 -0.0941306371500081 -0.0440660958207299
-0.00458169731690129 -0.0202524637341451 -0.100635669399048 -0.00279223753950775
0.00176682923410603 -0.0279564423671748 -0.100568258994092 0.031377922828011
0.0169491380635259 -0.0251817989916076 -0.112893732243263 0.0441919769439377
0.0193933748755386 -0.0192130185337668 -0.115542685441518 0.0379450896363952
0.0299747446035552 -0.0204523449964492 -0.111826300976547 0.0327640990527877
0.0451852677633117 -0.0117035655192572 -0.107955002484428 0.0455401873247134
0.0407068579558319 0.029876405872198 -0.077693469103734 0.0855606746733505
0.0125484519034895 0.0506980319709286 -0.0652692546913618 0.161516525900083
-0.0180868244761139 0.088597909852257 -0.130702427775791 0.0109287762719727
0.0113059902040433 0.0577387098192615 -0.0053749670953418 0.0332963256546411
0.030999101671945 0.0269858618521157 0.0695986250754216 -0.0394667047748184
0.0189189591399069 0.0146098094666668 0.0673628570220157 -0.107049929777586
0.0283502035394639 0.0133806137316401 -0.000376699747587655 -0.139684388274837
0.0382183627824035 -0.000208735890336199 -0.0652129529539595 -0.102533219095485
0.0321953033233231 -0.0190170293944107 -0.0883584283561216 -0.0512226790216634
0.0290540395539092 -0.0238702282419278 -0.0917598859587914 -0.0121317875905404
0.0393082265522356 -0.034235304416237 -0.0905648251859305 0.0255013281587251
0.0589293596450874 -0.0179465022792382 -0.100870399947824 0.045111680543788
0.0571981166052167 0.0035056809938353 -0.108629388695684 0.044159389083163
0.0592822356014599 0.025721213894232 -0.111878775195281 0.0319362926275974
0.0501596263974592 0.0452692909618044 -0.102654318382457 0.0314710803478543
0.0169952315309313 0.0855592265806821 -0.0533974370341998 0.0656237034845773
-0.0274909045463854 0.108448189495405 -0.033858321071768 0.138595651762834
-0.0585365211691199 0.118950035019686 -0.0984207944505415 -0.027568210060408
-0.033484435706959 0.102230608544015 0.0265407508797673 0.0149813086340783
0.00996520745806773 0.0902367782720254 0.0945256100363438 -0.0622387968887866
0.0303718819792969 0.0747191431544021 0.0757922255554815 -0.127465514560474
0.055469215210127 0.0524675994762832 0.00284646256326208 -0.142156637479325
0.0712173537228306 0.0217164697762881 -0.0540305712307192 -0.101550696690852
0.0678843824122116 -0.0126738252924539 -0.0693391002784844 -0.052902123946217
0.0588425892220615 -0.02412748246572 -0.070883619696854 -0.0202203843962017
0.0694445871843165 -0.0368989860841619 -0.0673084111483682 0.0178033115530468
0.0909240504336497 -0.0122875008599686 -0.0771667567642703 0.0447935656208208
0.0886325868124763 0.018697726325154 -0.0914886433866888 0.0540533777659586
0.0881441721440011 0.0596626682211313 -0.108749650475411 0.0392279311564003
0.0596203168748121 0.0920214318457054 -0.102485507681445 0.0201514604802508
-6.47705551003229E-05 0.130305814629721 -0.0379220577707659 0.0362587108442726
-0.0599842805669491 0.151233115918973 0.00143381938670603 0.0996342617723234
-0.0885112950333465 0.133981126638605 -0.0515759365751387 -0.0685988232036754
-0.0717828714249561 0.135204981049436 0.064689321195591 -0.00903398170929871
-0.00878042379855056 0.14623636395216 0.120316837908918 -0.0801593313539356
0.0442279884113514 0.128574211453325 0.0871561139122129 -0.137294594962944
0.0810597686158878 0.0835209118248097 0.0135960901025486 -0.133006374618576
0.0969411114957101 0.038421514968046 -0.031378371553629 -0.0930571814396219
0.0934716644820593 -0.00631286663507703 -0.039014451062355 -0.0504905843447802
0.0794448440962568 -0.0209704788755173 -0.0393861468611516 -0.0255884883844069
0.0877783852277748 -0.0338700589735452 -0.0364175051272704 0.0105489646835532
0.109141896499137 -0.00442644137362063 -0.0458271032252481 0.0422443577279513
0.106286021685105 0.0310646104511772 -0.065510739174718 0.062986533393935
0.104735781908748 0.083617304211283 -0.100141822005031 0.0476274736329403
0.062113470931286 0.125709935463403 -0.102861151772433 0.0103951043715191
-0.017803054521645 0.156479799379525 -0.0300213676393907 0.00202537928789812
-0.0856156493477936 0.168135976595332 0.0362378083682557 0.052752921822589
-0.101463236454449 0.128649844878105 0.00103890658269436 -0.109642778631188
-0.0952410659110043 0.145128118691029 0.0989860614777389 -0.0412888826957451
-0.0234425368290527 0.175071799336804 0.136693947577719 -0.0929781419295409
0.0502152221926319 0.15856494120892 0.0942991877849482 -0.132712772624845
0.0948389532019546 0.100081915415455 0.0322780438694027 -0.111920246930245
0.107707768181819 0.0472065293779901 0.00232333979695581 -0.0789193269398367
0.104955640373279 -0.000588811313718394 -0.00157852019615519 -0.0460734979791222
0.0877481854440078 -0.0151505751276069 -0.00358953845134316 -0.0276864994332539
0.0942640116816949 -0.0236239256723282 -0.000831747228332835 0.00693472246865402
0.111319820607373 0.00867031769312957 -0.0118868856270779 0.0412313633353558
0.105477323332837 0.046033543147009 -0.0370919625795794 0.0705013590272939
0.0983203750291852 0.102512969362021 -0.0876259669930251 0.0530666777081069
0.046381966538727 0.143053180722008 -0.0989900508916401 -0.000203112483158364
-0.0425496271537921 0.157335919804377 -0.0229387329238362 -0.0292421927355899
-0.104207232201142 0.15644332100104 0.0685593586425864 0.007305408115825
-0.0954531548840589 0.102572846998394 0.048228653615181 -0.144850063174319
-0.100206052004661 0.126402423083307 0.120383640789779 -0.07692498621248
-0.035049896331172 0.167667106942703 0.138001073422722 -0.0973248347539565
0.0428543586158328 0.156617131591448 0.0965701324540483 -0.114782491984714
0.0878901379782343 0.0969120006836363 0.0553367970886166 -0.0836660922870086
0.0986223495907791 0.0477431836399671 0.0408133898356073 -0.0631761682566896
0.097757943629112 0.00509960011262818 0.0373142567290319 -0.0411435971925115
0.0821919996312473 -0.0068913587696074 0.0324910245686759 -0.0259605637422174
0.0869134566080228 -0.00925408071905725 0.0331314191093671 0.009545990700701
0.0970884943451527 0.0242620862211231 0.0192968859046221 0.0464447507749284
0.086017289532211 0.0592382777643884 -0.0127928756130017 0.0811225876887272
0.0692857282172404 0.112433741180728 -0.0735438863722364 0.0582782668524956
0.0132460677770094 0.140041511205572 -0.0876735106230216 -0.007437304293963
-0.070743474824276 0.132034197711939 -0.0117049855240797 -0.0481531634864271
-0.111838865504624 0.118345351980636 0.0989702516566711 -0.0261278398668844
-0.073582286814396 0.0578785590874197 0.0807048041846625 -0.167344847383584
-0.0895709441678567 0.0841171551534064 0.122712654656248 -0.105346296435889
-0.0402787236185441 0.128108448233579 0.126769388961063 -0.0905486102173839
0.0246456768406221 0.124266246390004 0.0949149424849376 -0.0872424208593994
0.0622071693290285 0.0770853506589851 0.0768522353614917 -0.0559817747150276
0.0707096987724531 0.0414001885078632 0.0752293880782544 -0.0499922078364996
0.0738561489116635 0.010802644176839 0.0698859724572119 -0.0370985312633064
0.0649470751604512 0.00182086376121585 0.0626744992726939 -0.0199060559252956
0.0677687062426524 0.00538076276683754 0.0623943264948583 0.0186029248072326
0.0708760480366554 0.0339341326055269 0.0425818360763235 0.0604222319076941
0.0569201466214326 0.0626765940807736 0.00359745450981312 0.0961286692090271
0.0322315272284987 0.105666155759957 -0.0613201445809308 0.0664928734237717
-0.023560146420689 0.116009221706768 -0.0713729521476816 -0.00555566112211233
-0.0886688668440356 0.086451365521415 0.0028570396139941 -0.0506681096423115
-0.103821913650694 0.0620177163650819 0.123625966353796 -0.041402080980858
-0.0423200039837087 -4.81132336059148E-05 0.0927234428156725 -0.171822504813665
-0.0684525027455406 0.0275000131525596 0.108687524700078 -0.116019387673803
-0.0399454048203254 0.0691674660645473 0.112148164496692 -0.0712820721782201
0.00223537267777197 0.0728756056589832 0.0953859622349378 -0.058514550877877
0.02538863102886 0.0459193227593539 0.0951571711696078 -0.0373649347936554
0.0301927173329303 0.0311867334997417 0.0983484085189301 -0.0439537628962451
0.0385994020557168 0.0173399293827755 0.089376846633631 -0.033496384683699
0.0374112585456714 0.00989145418030416 0.0819552416218866 -0.0118033377135754
0.0388740680438746 0.0142533994633636 0.0812907777168784 0.0322350847467946
0.0383639776893677 0.0311757063438216 0.0558963032913208 0.0778458556584471
0.0275878080621198 0.050033025375756 0.00972994360056073 0.113344637894865
0.00293806512624962 0.0798965138292675 -0.0535869437903973 0.0790119427855607
-0.0438942519984449 0.0759138566008377 -0.0576809719056632 0.00637362595540153
-0.085022317977165 0.0323793970562444 0.0119809965526997 -0.0379452264632743
-0.0757962557935197 0.000999322457650461 0.136844394470016 -0.0398439924248269
0.026932375866891 0.0438153803658706 -0.14046306492292 0.0521946069278105
0.0525627869881088 0.00664609002350216 -0.0182666851633813 0.0543293684048016
0.0454477617456047 -0.0351541765108898 0.0582907600377796 -0.0156348168959763
0.00732152067121522 -0.0395017991842415 0.0618501744581929 -0.089613760823622
0.00299880616096787 -0.025410954821797 -0.00482598519824589 -0.132159463574384
0.00310014132702925 -0.0218538970551634 -0.0706520201228731 -0.0942270824535156
-0.00687140477530087 -0.0212433284200348 -0.0963389992699465 -0.0391345459068675
-0.00554531202149705 -0.0196215705288463 -0.100960572640267 0.00282366057867414
0.000238810507463133 -0.0280862177969907 -0.0989350266985429 0.0366527770639362
0.015111028904943 -0.026646989443744 -0.109897848505975 0.0515517735041712
0.0179410592434527 -0.0208200850691107 -0.113987675553626 0.0463650347199059
0.0286472693704577 -0.0227449366293046 -0.111324633934034 0.0402103662004981
0.0439918594057006 -0.0148691020257439 -0.10608285480157 0.0518533356380542
0.0432548855510335 0.0273212030474545 -0.0746397667744462 0.0870620500873587
0.0156861745475863 0.0500034969942295 -0.0561547515248841 0.163029190291124
-0.012009870501422 0.0888280356160613 -0.130559886537419 0.017039938681844
0.0157706129571425 0.0564088522857589 -0.00250673281906013 0.0329130672722295
0.0333094232218069 0.0238529810807452 0.0681678220209922 -0.0434165539356965
0.0195696403022647 0.0126377755724794 0.0623500428785428 -0.111648376556805
0.0290988181505337 0.0108754432512861 -0.00769797652006789 -0.140682187181084
0.0376816905008009 -0.00296218055408116 -0.0696037429789605 -0.100001077798476
0.0311047427467676 -0.0199263041513285 -0.0908121831706089 -0.0467424646227243
0.0275360606702076 -0.0245359236248986 -0.0929811823606978 -0.00711275639678274
0.0360164249427175 -0.0361153682031871 -0.0880319782813227 0.03064247081266
0.0573315261149262 -0.0214561737041825 -0.0984019070595654 0.0509427443547822
0.0567990846322775 0.000253133690185082 -0.106978486230847 0.0516456522471627
0.0601290641832306 0.0209792942449521 -0.111870124392258 0.0401471414828937
0.0523225112101336 0.0418306685187191 -0.102321408654997 0.0374051888847454
0.0229034705910051 0.0844524430969931 -0.0517241518719003 0.0664600393358987
-0.0195538067714435 0.109454141685178 -0.0266581307533996 0.138321783957044
-0.0506835484935162 0.120926956253313 -0.101117890849625 -0.0228795471964857
-0.0265772852239654 0.102833513479553 0.0286626567886366 0.0126723002956849
0.0162092938625902 0.0876128469281353 0.0916116188048147 -0.0679169451718451
0.0347249446264427 0.0714170096221623 0.0693913213446021 -0.13223896436044
0.0583320326810886 0.0481497541715342 -0.00527885005715548 -0.143456915748413
0.0717061864368815 0.0162933875732726 -0.058831902210517 -0.0985715226659451
0.0667733330935362 -0.0160256454661204 -0.0721345325584825 -0.0499383534631414
0.0567033442997315 -0.0263761628572528 -0.0721062823411937 -0.0156430940030732
0.0653479702805027 -0.0401169287634001 -0.0660395749612871 0.0221260067617561
0.089802476709178 -0.0177540532652105 -0.0740069526581771 0.0497072374755538
0.0892158812146739 0.0133676565786679 -0.0888149354173285 0.0616198732526231
0.0911082694103392 0.0529130711302543 -0.108239200902935 0.0483509840147958
0.0645763972466885 0.0881061767049314 -0.10353042457526 0.0262771124293692
0.00843889696707692 0.129792047548391 -0.0386555377859583 0.0361231746752891
-0.0494660533734863 0.153330419496 0.00599160683621379 0.0979561703422183
-0.0802710778741214 0.137509738711592 -0.0562958179177256 -0.0660851215986276
-0.062801389925251 0.138283658628429 0.0655295622936682 -0.0133332859595968
0.00108237831014115 0.144360216310709 0.116586992150539 -0.0877233224238322
0.0520619203765416 0.124358972086422 0.0796074591586782 -0.142864504813844
0.0863101073302809 0.0773744954873438 0.00600844053486372 -0.134175686473426
0.0983381642291572 0.0319188298067836 -0.0356984113584672 -0.0910352422448223
0.0923657141507622 -0.0108420086995169 -0.0417270695107886 -0.0497712670564215
0.0771077206434471 -0.0244513131116139 -0.0415898929227043 -0.0233428725490181
0.0838088988581627 -0.0386539459591367 -0.0355385601574986 0.0132687940785656
0.107917929899824 -0.0108242490350801 -0.0431325778916679 0.0464464458401476
0.107605126604355 0.0245147796046931 -0.0629761346374379 0.0688139809118044
0.109078290521603 0.0763651731165801 -0.0993206691010189 0.0564875901038145
0.0691169058817334 0.120978638993086 -0.104389862808288 0.0168082933535408
-0.0078217916991793 0.15684626248966 -0.0322420865450926 0.00219603580642795
-0.0739193682024767 0.172094929909767 0.0378155997995898 0.0485680571495287
-0.0940504763423444 0.132827031911025 -0.0062834320954103 -0.109994435122494
-0.0857109848358588 0.149594792265286 0.0972236060665424 -0.0473625100120323
-0.0124088236835414 0.174742759354916 0.131452397814552 -0.10165200533275
0.0595110658945627 0.155038443485418 0.0874610181089346 -0.139086026629253
0.100648823973374 0.0933556578577067 0.0258372339132446 -0.114425261929757
0.109453080144422 0.0404344509549062 -0.00114771525362487 -0.07896284583946
0.103506778914561 -0.00595599098976801 -0.00397968302984943 -0.0477995758507539
0.0854127798244768 -0.0191017838371838 -0.0055372426088491 -0.0273186855272209
0.0905280170004313 -0.0287083104627174 -0.000970634135458743 0.00787695511744647
0.110505621432509 0.00181862661043812 -0.00940342678781553 0.0437641388746478
0.107403482326863 0.0392390740589187 -0.0347005812343233 0.0749032129166529
0.103809649842072 0.0952488244137965 -0.0861642391010135 0.0620069377621708
0.0548608875257103 0.139426681683892 -0.10165589640992 0.00669868282001034
-0.0325013142047316 0.158653493103647 -0.027393718247763 -0.0280695647520325
-0.0937931056491875 0.161528149511687 0.0681583061439783 0.00236657874335889
-0.0900795153446917 0.106466270571807 0.0390627296177611 -0.147821441729719
-0.0930072050641546 0.131787976822701 0.116310865796798 -0.0840106847219187
-0.0245325692770203 0.16923861892394 0.13265124026022 -0.10642774503552
0.0519594710978159 0.153506881850439 0.0907726247094223 -0.121014257852014
0.0938302719049539 0.0915495241219138 0.050655658112564 -0.0875869243129723
0.101271493307045 0.0415239635295062 0.037138216985534 -0.0658591265286196
0.0964567897332243 -7.99488630791152E-05 0.0350367530359638 -0.0450843658078484
0.0805413866358836 -0.0114430012405274 0.0306220584103892 -0.0278007773558264
0.0846050340069652 -0.0140015008762619 0.0333125562249801 0.00815244715146849
0.0976482387732835 0.017861270967536 0.0215428824895437 0.0467366245613544
0.0892433616158175 0.054422897570611 -0.00891481573670567 0.0835315388566266
0.076049170486307 0.106873208550455 -0.0717659513686182 0.0661428629176351
0.0215007802565037 0.13870774943752 -0.0914237795994621 -0.000782948231214694
-0.0625257814435018 0.135203276339038 -0.0170548562563881 -0.0477150211246863
-0.103830918598352 0.123706057868635 0.0960437694836012 -0.0324036635833358
-0.0707700018200811 0.0608379489315959 0.0702036883630108 -0.171664127832443
-0.0849046792677417 0.0889709837908458 0.11722921884067 -0.111691048690688
-0.0323287114568219 0.130495466454501 0.12228051936319 -0.0981636493891694
0.0322528223980532 0.123143875379691 0.0910230620364762 -0.0931735105108169
0.067392842708616 0.0732930360078381 0.0746171226125321 -0.0609276954863271
0.0728448662493691 0.0373606132409409 0.0724875875550701 -0.0546115163795
0.073811832604594 0.00660896945159568 0.0669593727577465 -0.0417686862052574
0.0635256451158528 -0.00166522740814581 0.0605882708396665 -0.0236802718254436
0.0662392817537518 0.00124572148520135 0.0623839303708803 0.0159718590628703
0.0718303794391824 0.0291661658696925 0.0454979417962963 0.0591401359981362
0.0600802703441361 0.0593966997531086 0.0078657460329257 0.0973929561654412
0.0382118219192057 0.102932262413921 -0.0590392246884703 0.0725804222510222
-0.016368720678475 0.117248219307057 -0.0742527255855364 -0.000713622243295062
-0.0836673822419806 0.0906863394794939 -0.00258519061716352 -0.050684039137641
-0.099541608257315 0.0669181708207606 0.12053263987256 -0.0488229500745628
-0.0438245211896347 0.00267273219738467 0.0830550965077151 -0.176901340817303
-0.067509750613133 0.03217327812996 0.102048668012543 -0.122137221303096
-0.0363542191353984 0.0725244264053124 0.108759369427468 -0.0781850422505832
0.00652479272100341 0.0738055502896274 0.0934166520607012 -0.0646936216844445
0.0284003386147554 0.0447091086421522 0.094166288648999 -0.0437590779477965
0.0323701676650176 0.0297937657144321 0.0960283558568588 -0.0504040854408694
0.0394027782503288 0.0152637124799374 0.0871733260853282 -0.0398842602063402
0.0372094850875093 0.0078536996318196 0.0804660875671388 -0.0161726432655914
0.0388276462036275 0.0122903041721095 0.0821012512652931 0.0283213194187086
0.0396926007043783 0.028243456516818 0.0592061125348342 0.0761171163835542
0.0304521893440544 0.0480247606764647 0.0155381849866926 0.114236653728698
0.00872472626342722 0.0790503121955514 -0.0503703943475192 0.0839017450807279
-0.0395750575432986 0.0784576927925823 -0.0596085465266396 0.0103905166086099
-0.0835528913193849 0.0369229339003898 0.00824445195204634 -0.0379053374078585
-0.0760997996175229 0.0051068076882676 0.134663435385563 -0.0473917475738771
0.0290398867503793 0.040712109759182 -0.133317541139896 0.0557401943343243
0.0514550578197387 0.00368308584428025 -0.0142238461241623 0.0529031263854222
0.0426721019765171 -0.0375367635295632 0.0569118761026086 -0.017409179624975
0.00461874290677097 -0.0390420812949359 0.0566446010324258 -0.090237549558827
0.000732733611268567 -0.0250141829833409 -0.0099054628275104 -0.128522268244023
0.00181048185886391 -0.021473830837858 -0.0710519743917138 -0.0885163739853541
-0.00719114562801837 -0.0196060944827875 -0.0940501254518626 -0.0335860073861517
-0.00580691538346513 -0.0182199583381134 -0.0969639990018021 0.00712812962938802
-0.00188903283699872 -0.0263441576720817 -0.0933714581616135 0.0402485040175062
0.0131309593568787 -0.0265433026327188 -0.103968849213789 0.0548668051773928
0.0159101740582674 -0.0206114352952256 -0.108448339894032 0.0514434797855667
0.0258377453646434 -0.0236534752752242 -0.106448710150931 0.0447823095559976
0.0417754105633543 -0.0164963599346265 -0.101502947739832 0.0546942170655183
0.0441710941070803 0.0243208874139627 -0.0695123019204058 0.0849202228498551
0.0180421654652683 0.0471465275384316 -0.0472654632158148 0.158095184276009
-0.00678035325418516 0.0850903047746459 -0.125735101257333 0.0211615093698034
0.0183799987950313 0.0529563238090276 -1.35226948659152E-05 0.0315212119556966
0.0335948362195573 0.0193076252606968 0.0651456178447547 -0.0451184187821345
0.0192207023210354 0.0102102758230825 0.055513470489316 -0.111002950515554
0.0279728200903437 0.00837105919254731 -0.0127766131265294 -0.13621123782813
0.0360498972682049 -0.00522887842973371 -0.0700140733666309 -0.0935828250195475
0.0291549318550766 -0.0204956740289528 -0.0889168071053962 -0.041173485156344
0.025671618154304 -0.024455371603248 -0.089763879769237 -0.00279569752275525
0.0325183069578014 -0.0357626821277319 -0.0839351103955545 0.0334210060425293
0.0536414037475422 -0.0235324660977477 -0.0926501771323162 0.054524698067651
0.0546248663284467 -0.002589640841668 -0.101619576662155 0.0564823594948002
0.0583462995526658 0.0167724721252139 -0.107082369554076 0.0456118912465121
0.0517668452216743 0.0379329826609534 -0.0986956604969798 0.0405856181669961
0.0269466580520858 0.0794095284447409 -0.049088256179208 0.0643024102341695
-0.013136970126799 0.105332567837651 -0.0202718897844315 0.133500456009335
-0.0431822324797661 0.117861834523281 -0.0993722133670596 -0.0183907189413036
-0.0202680873062999 0.0988882366460631 0.0288093057251183 0.0101625430915576
0.0203804201276429 0.0818016941770444 0.0865078934064331 -0.0702391849341742
0.036878206984172 0.066078011775652 0.0609615695060453 -0.13186283611071
0.0582285463755822 0.0428980314636654 -0.0109480346940928 -0.138427654409841
0.0694164960798703 0.0118037837731788 -0.0600520743409202 -0.093005594325534
0.0628005150392043 -0.0177989721059402 -0.0716297174961408 -0.0459810348485348
0.0530202551808713 -0.0272584328388205 -0.07040423403362 -0.0124662026859408
0.0599584210060378 -0.0408556577420953 -0.0627486900083831 0.0245146929607099
0.0845166215526558 -0.0211059217589083 -0.0689150449595655 0.0521623026077859
0.086357079278014 0.00838918505989217 -0.0835437449979388 0.0654837656852261
0.0891085018382898 0.0457209574107454 -0.103203497578018 0.0540420987930686
0.066246769697569 0.081474747364412 -0.100872777483222 0.0308392413609387
0.0149885213151019 0.123843546415487 -0.0378623470611034 0.0350442932002258
-0.0386872663226687 0.148644214597966 0.00926211494067476 0.0920877192670288
-0.0709139885570726 0.134499941247288 -0.0581411097679468 -0.0622064630330781
-0.0539855005814705 0.134976883517339 0.0631051223714309 -0.0158924042991133
0.0088765918108565 0.137345345564532 0.109297212102947 -0.0908153841928052
0.055787930177455 0.115866309464577 0.0704326258710112 -0.142644294429294
0.0866704996929315 0.0698337105681057 0.000161054910765476 -0.130522623550327
0.0955345861099496 0.0256553658738126 -0.037805107422059 -0.0863957084680246
0.0876244729364241 -0.0142403075661494 -0.0428165685882736 -0.0478422653016521
0.0722507842611825 -0.0261447040666905 -0.0412816508032964 -0.021116283343679
0.0776139325419914 -0.0400439708546121 -0.0338537475911862 0.0149377518016591
0.102616092924347 -0.0159941396224077 -0.0393429382567177 0.0474235277632465
0.104506357872321 0.0186236748283487 -0.0580258161852434 0.0713934973769349
0.10790238221138 0.0667450311522591 -0.0940995627814339 0.0621665772290757
0.0724502775595536 0.112748084930949 -0.102693728724828 0.0218779543673389
0.000293460989105329 0.150017490627864 -0.0340583171551123 0.00247394777774737
-0.0611024610511584 0.167392281908922 0.0375216739570201 0.0436484596297824
-0.0845670569278018 0.131149516233516 -0.0123443931545906 -0.106169429082289
-0.0754500431525189 0.147360333336588 0.0920726058458278 -0.0503607879851293
-0.00312654745175338 0.167222191579397 0.123044393285271 -0.104542728573327
0.0649671140858723 0.145568662739203 0.0779081580963129 -0.139487671403322
0.101591497284287 0.0845144180250788 0.0203305270282543 -0.112606869322066
0.10703904478249 0.0330670089376816 -0.00441203621410074 -0.0766792948856992
0.0986035396575404 -0.0100229653898895 -0.00629409728028371 -0.0475860692276259
0.0802462387050547 -0.0213698396109044 -0.00710144625197885 -0.0266126336857523
0.0842356990864608 -0.0306287674535296 -0.000734599520557685 0.00787109012056834
0.10537293079551 -0.00365950209474658 -0.00776388206795977 0.0431906418587662
0.105059476219784 0.0328000083968573 -0.0305354137258073 0.0759758149871329
0.103703669262626 0.0855695174797202 -0.0813312564883329 0.0666245934276823
0.0591651043260548 0.130469786018376 -0.100352149059641 0.0125656135053079
-0.0234102910161136 0.15355881716031 -0.03054530595367 -0.026800341760827
-0.0803979587551188 0.158184386607745 0.064407227426597 -0.00236160456080117
-0.0823349958788112 0.106051752094595 0.0302143451352773 -0.144117819439224
-0.0833692085966905 0.130885450688218 0.10777675833833 -0.0861359613692488
-0.0152313779812297 0.163290730001719 0.123394093213 -0.109426131434459
0.0577739735801907 0.145428775931108 0.0822110573247095 -0.121743501840048
0.0947495195511117 0.0833154578760142 0.0449126071706449 -0.0873773873600061
0.0989270800887012 0.0356385827612066 0.0333250622868792 -0.0654713706652237
0.0919939663731073 -0.00381823981378596 0.0312797470709678 -0.0466477506046981
0.0762792748308257 -0.0140389852831058 0.0274415958074643 -0.0280781437490308
0.0789896202410531 -0.0165332952801864 0.0320365649505489 0.0074162710671527
0.0938292493940109 0.0126460168055333 0.0223132256099099 0.0449050022672368
0.088437167737193 0.0477025060059598 -0.00581260498838451 0.0828526162594958
0.0779361014205171 0.0984792031832479 -0.0675850860921535 0.0702471274521248
0.0267949559618016 0.1317864999969 -0.0908601678658932 0.00490676854808578
-0.0537049415390325 0.132159376543575 -0.0210446235539365 -0.0449423745414282
-0.0929861213687699 0.122547943183815 0.0905345264010205 -0.0364235027121284
-0.0664185237920719 0.0616099874774856 0.0594071433248545 -0.168641053512882
-0.0781499058899329 0.089707618735882 0.107459902036885 -0.112502708313786
-0.0252321084739872 0.127835280312165 0.114116824638214 -0.101138048088338
0.0372428982361631 0.117654978639523 0.0832510099099118 -0.0951627827697403
0.0685069122839726 0.0674676809139193 0.0698414173203364 -0.0630797555582463
0.0718751581250775 0.0328211755782306 0.0674491963515025 -0.0567869137086835
0.0704917385694622 0.00381548466456451 0.0627111373388139 -0.0451219950624023
0.0605610612047767 -0.00429184168228178 0.0572562205737314 -0.025367397193409
0.0631225936802803 -0.00132496834245982 0.0604611666506512 0.0133818626723095
0.0697517092031712 0.0247420294820912 0.0459193142952736 0.0559300014258014
0.0606812880507928 0.0543050901833687 0.0112126147345956 0.0951711902665182
0.0421983663279052 0.0963715568953081 -0.0549801198914577 0.0753333115945076
-0.010476674978307 0.113328295264376 -0.0747447176692061 0.0040966981116566
-0.0767634342498271 0.0904519519146167 -0.00659799633263984 -0.0480759477392634
-0.0918476218873588 0.0685105158034046 0.113073038793864 -0.0526048943461277
-0.0422051618586727 0.0046501972337213 0.0715788455382522 -0.173444328354996
-0.0639076275092468 0.0347303784467935 0.0925769740855755 -0.120876288904741
-0.0311816319186915 0.0722915971364879 0.102340408523948 -0.080466979683151
0.0102293989357025 0.0719924317422556 0.0876542418567066 -0.067125926032929
0.0300405207766108 0.0426232620321184 0.0894506899128889 -0.0474561370238644
0.032940165907175 0.0277453110178023 0.0900384348958762 -0.0535627378574277
0.0382870998098208 0.0132733770740597 0.0818854751966053 -0.0431853699435915
0.0358038509156637 0.00623094497474698 0.0764557496323044 -0.0192524936752288
0.0373852466811852 0.00990406414947329 0.0793994386414779 0.0236104637243584
0.0391030012269352 0.0251296336767488 0.0599209327296131 0.0717202834453608
0.0317196134565246 0.0449938736573683 0.0190734080669898 0.110371000320873
0.0125105971535345 0.0749326489413073 -0.0467343091395183 0.0851333214103802
-0.0341885808953234 0.0776690513999411 -0.0593266536532516 0.0142608585721239
-0.0792155345158362 0.0389293667110647 0.00385736950727405 -0.0364497373989608
-0.0733405311146608 0.00903208933896518 0.127360222562092 -0.0512978667421771
0.0312156004246992 0.0373452633285822 -0.116227435727239 0.0741221406279208
0.0496038361181057 -0.00281124597171312 -0.00291663465884342 0.0522083766223137
0.0346706915849585 -0.0415096186590669 0.0564120947386512 -0.026690962326672
-0.00255697300429662 -0.0387787908657531 0.0439984052551261 -0.097100165165985
-0.0052467818657057 -0.0237354730697863 -0.0272012777110935 -0.124402236647147
-0.00241438737278651 -0.0198720326970958 -0.0788311552899852 -0.0772112318815969
-0.00900835316014054 -0.0159206681621211 -0.0939582165707502 -0.0218845252332646
-0.0073527513489657 -0.0154684139062495 -0.091200745563558 0.019270623660449
-0.0042756969443089 -0.0231197431075886 -0.083645151326817 0.0518685979046866
0.00865672338459552 -0.0258273070239197 -0.0904272057645427 0.0690089141811947
0.011962384963911 -0.0201984007496675 -0.0957985873668804 0.0666538661693442
0.0196475092392457 -0.0254892596393444 -0.0950797976602473 0.0593164094562932
0.0358370492350306 -0.0192688824871781 -0.088678249743543 0.067422910303005
0.0437293760863799 0.017847503982047 -0.0555036262866521 0.0891760919699953
0.0230869049937666 0.0447016069572662 -0.0248411806938511 0.153133468859859
0.00192908107377926 0.0813094805926036 -0.116452867488129 0.0424413470220247
0.0243271447138783 0.0457847512084426 0.00576186458418684 0.0312402640474484
0.0329124993149569 0.0109503084608214 0.0582440403223882 -0.0507896070308101
0.0168731982994294 0.00445909948035608 0.0382397238910694 -0.113471057519926
0.0235385880886644 0.00358244677031221 -0.0299252213205773 -0.128287343730259
0.0315277484568542 -0.00875081528793626 -0.0773310808924703 -0.081236822984846
0.0241584621973948 -0.0210817023521624 -0.089032131515785 -0.0292192054427109
0.0213347481884 -0.0239760954122394 -0.0857652668735239 0.00946457167215778
0.0259024996346365 -0.0354586498058179 -0.0755578723427095 0.0447673831020318
0.0467112612070047 -0.0276842563739 -0.0799837145187151 0.0676236936487188
0.0497029102557583 -0.00661057896218074 -0.0884227079689172 0.0706686396774599
0.0544497613542049 0.00910551713182761 -0.096114232288312 0.060229214556813
0.0508179391939545 0.0294430146516239 -0.0889731886163614 0.0542390444599251
0.0349996302137636 0.0712606343311764 -0.0405668663009235 0.0654860735437266
0.000203256732098857 0.102465251113318 -0.00359063423672555 0.125762475528183
-0.0289824448822467 0.114259497536146 -0.0992229679224905 0.00247359926596847
-0.0062790285204319 0.0927492739777194 0.0281173620116476 0.00830919790722963
0.0279760287538746 0.0691402148197165 0.0723743968859701 -0.074162949894865
0.0402023013077715 0.0524130535393125 0.0395032441327989 -0.129808691219177
0.0555678895320987 0.0313874931565498 -0.0265861661519492 -0.12741731521543
0.0645399764742678 0.00364737731494059 -0.0659549491015674 -0.0803979977385115
0.0556848805079863 -0.0231650321889529 -0.0712417839507317 -0.0353398455787062
0.0464509851551901 -0.0294553069220994 -0.0687208253273739 -0.0022413474464102
0.0509986436744493 -0.0437187893786204 -0.0571908493331458 0.033714116694841
0.0766698895905949 -0.0296324004472937 -0.0590050316379606 0.0628727845414
0.0813825051170568 0.0011394412018028 -0.0705147417476072 0.0764763851893546
0.0875849408279754 0.0333405867351437 -0.0926677339887466 0.0676062985285789
0.0684583819251465 0.0684720114029951 -0.0929070150087239 0.0465084461008489
0.0289731419843589 0.113174883409624 -0.0355237715048656 0.0362170911313901
-0.0195136378261482 0.144802771005886 0.0180519283281355 0.0833528821469749
-0.0534032091340611 0.13149874719383 -0.0695371748142306 -0.0433363291972279
-0.0332989303442455 0.129091993286676 0.0550359135045167 -0.0206351192412452
0.0233770214618529 0.120894854986589 0.0889108954953164 -0.093248846282387
0.0641351262691087 0.0953807980498382 0.0457654283669467 -0.137658290807523
0.0854342372251436 0.0526247381657506 -0.0135434010352968 -0.119798272213863
0.0908523025364745 0.0132205295476985 -0.0426551321808546 -0.076914975559209
0.0789392747986225 -0.023116978318366 -0.0431026624055613 -0.0400314543878841
0.064290740375094 -0.0306101784201109 -0.0419147199210877 -0.0140632984325107
0.0674198790966091 -0.0450552288620155 -0.0308556374870254 0.0211354272993264
0.094254173695602 -0.0266059900740429 -0.0315232440632759 0.0544894477778331
0.0993791439758327 0.00822378541699365 -0.0451761483140467 0.0791454732588502
0.107235231519343 0.0509584259271805 -0.0826907746090822 0.0748213590607585
0.0774691752244972 0.0969592506166265 -0.0968473873848873 0.0391878581626075
0.0187587041652505 0.138964181480254 -0.0373053212180908 0.00541045614648403
-0.0385921006094447 0.164406331085818 0.0385779618067464 0.0343798385736698
-0.066804143501388 0.128520422510653 -0.0335706548070811 -0.0917296761910529
-0.0523365378145872 0.142872232624932 0.0759833462696392 -0.0569211045251492
0.0163599490538105 0.150727660556728 0.0986812632860187 -0.106266672035978
0.0761494671589424 0.121686759164053 0.0534058691512492 -0.133403815941302
0.10150656974689 0.0644405669774207 0.00921308473209219 -0.104195849017449
0.102646600694911 0.0187985679919342 -0.00945584167847457 -0.0711787284981924
0.0893049835637965 -0.0206428349186932 -0.00826712628696638 -0.0441627426831477
0.0725178966007884 -0.0275724250793251 -0.0103206274910559 -0.0234747090906453
0.0742201359147111 -0.0377052987898305 -0.000935058561341338 0.0101422095051492
0.0982430895201249 -0.0153462664901359 -0.00204266335533711 0.046273273317782
0.101699483664898 0.0215730201383999 -0.0182191131946962 0.0789991753732119
0.106328765372368 0.0686290064136739 -0.0697539549690047 0.0773082327337552
0.0673729009136586 0.114855962139837 -0.0966965277516738 0.0309081496434447
-0.00379591627586498 0.144764328736446 -0.0378356360099946 -0.0224350736031772
-0.0581679261486701 0.156829722217733 0.0579985738451729 -0.0123142592007572
-0.0671929379151818 0.103931770999147 0.000590596137773989 -0.134540762366684
-0.0623120781682694 0.128897783459811 0.0857227349676751 -0.0931042312991475
0.00500779514687779 0.148253499954984 0.0973773857516705 -0.1113881251266
0.070367291611581 0.123187954775948 0.0586118320567809 -0.117785115522648
0.0961677572175875 0.0639466252046445 0.0357727104855809 -0.0841057650304968
0.0958785857867911 0.0213764542709168 0.0277136335867389 -0.0660371459226505
0.0842827894552506 -0.0145181765492435 0.0275880497043827 -0.0477284006388644
0.0693219654159086 -0.0202019674735584 0.0222487925918091 -0.0296663879026472
0.0713750262838749 -0.0241595169518852 0.0305706106182836 0.00440064424358284
0.0892757094628359 0.0009857557091107 0.0267893805957246 0.0430362881918854
0.0876433641592205 0.0372097754871261 0.0059520184767108 0.0812775804497447
0.0834360782024885 0.0838141054153078 -0.055435529828066 0.0780236606056249
0.0377442806984851 0.119267631643882 -0.0889124371248927 0.0212202116455719
-0.0340941469632855 0.128780810593806 -0.0306992979505817 -0.041307126590027
-0.0733777830652299 0.123908572242032 0.0782609107913367 -0.0470647780920327
-0.0571640894089899 0.0608315631941713 0.0254857240404881 -0.163982163726227
-0.0628029780034139 0.0900624065726227 0.0812308056214525 -0.119326187220153
-0.0082986902426547 0.117640105199309 0.0895958984322926 -0.10431760871949
0.0486340971056829 0.101409231467934 0.0640465396623648 -0.0947731541545819
0.0709477946294639 0.0526090504186388 0.0608326051771977 -0.0660923572629299
0.0703641116915203 0.0218026782574266 0.0601880096668542 -0.0626000647913694
0.0651962585786558 -0.00475195360420087 0.0569100483475569 -0.0509632902051848
0.0558300928596466 -0.0100287336017595 0.0504545913460004 -0.031309083927168
0.0584517504570796 -0.00817528651865252 0.0585191312343736 0.00593444067629038
0.0687538181407873 0.0150159188370159 0.0505968736910523 0.0494079869181734
0.0624670606899963 0.0458033714808376 0.0241498373617114 0.090135132881243
0.0502852356624101 0.0865407751065105 -0.043225815488051 0.0802997383501862
0.00121636311155558 0.105798514995606 -0.0738671384492388 0.01761464586284
-0.0609330414745159 0.0928734172953075 -0.0161296003545932 -0.0455098778079082
-0.0786171592992487 0.0728563683556188 0.0985645915881396 -0.0646933840174914
-0.0408604276008099 0.00533105639842631 0.0383000170217823 -0.173232950775168
-0.0567161885242302 0.0389204512447309 0.0670565630814791 -0.126774071530817
-0.0199779913055466 0.0687983115812172 0.0824034726608191 -0.0875421968686866
0.0187493823292144 0.0633010664850134 0.0727360925154731 -0.0725790313714265
0.0325241142682821 0.0338310079946614 0.0805167122255674 -0.0557737332561484
0.0335986160513475 0.021451581294448 0.0804269329021451 -0.0631598393326672
0.0367635872523652 0.007033927900303 0.0747492384008371 -0.0516768075722871
0.0340198626978592 0.0017129763870889 0.0702307969285787 -0.0278757197383632
0.0361785609925097 0.00487515930190158 0.0785787973412058 0.0128482804676046
0.0396191586157566 0.0194523242046322 0.066449419018138 0.0615975568173347
0.0346056392987074 0.0396071927978095 0.0341146404382358 0.103523177258474
0.0202661591577339 0.070250026268351 -0.0331285913246976 0.0876329971145822
-0.0245413063284112 0.0757562396403948 -0.0576820590367749 0.0237796236771373
-0.0698372413721484 0.0458780407617136 -0.00251409595739757 -0.0356610326680131
-0.0672169571367068 0.0146715462167777 0.112854350525675 -0.065324387017259
0.0301024244048004 0.0370914434232967 -0.115308285812478 0.0671133314968546
0.0486829631008782 -0.00151483295120225 -0.00347822704982806 0.0500612996173956
0.0340599736580178 -0.0397729390156748 0.0572372660478736 -0.024676895586076
-0.00192231812502689 -0.0371935762501932 0.0471829581300375 -0.0936199472390995
-0.00475979043636474 -0.0230094688554241 -0.021770262242499 -0.122508686339922
-0.00153810184815811 -0.0193332115144868 -0.0726476789475298 -0.0791075115058428
-0.00748515265393703 -0.0158968845412237 -0.0895150931402589 -0.0250267141114051
-0.00595705978394428 -0.0147939357825468 -0.0889823489526635 0.0157296257788096
-0.00355223036944461 -0.0216933398090268 -0.0823553486017408 0.0472928610524476
0.00906263928944199 -0.0242770706825274 -0.0897488254175785 0.0645468574571016
0.0117948033094411 -0.019483692147113 -0.0946185000636616 0.0623651426059185
0.0188900026609984 -0.0241780422161476 -0.0946617489437911 0.054549037410915
0.0353216998780694 -0.0178035115914321 -0.0895640250150459 0.0622178567571663
0.0422853593174897 0.0183634789343354 -0.0587223124873972 0.083143682596295
0.0206284607899683 0.0436716685952484 -0.0298423032402255 0.145936172132836
-7.88552375815222E-05 0.0777167654134535 -0.115117857997974 0.0364965866666445
0.0225729808498892 0.0446141002711599 0.00515674193156668 0.0295661608243192
0.0312076082453301 0.0100322283438531 0.0590115818253454 -0.0476841736902964
0.0156594755755276 0.00383889322496866 0.0416718497780122 -0.109997032314587
0.022325675276024 0.00391559522325411 -0.02415428958893 -0.126200142505988
0.0298651868015145 -0.00766578527004082 -0.070934393072185 -0.0824311984136803
0.0243795853010319 -0.0195429957149177 -0.0846040005653235 -0.0320016091057637
0.0214516396939006 -0.0218625668366914 -0.0837211525153539 0.00610280837367698
0.0260593918377957 -0.0324617206012972 -0.0747449270898783 0.0407513109790209
0.0458018610170067 -0.025332488420308 -0.0795364932619852 0.0636219370566619
0.0485498965791948 -0.00492555709838821 -0.0882438325021114 0.0664253953380824
0.0517869393575842 0.0103057594483144 -0.0952389376580441 0.0566384075723995
0.0481229180399178 0.0299247065513551 -0.089449179805286 0.0503493541476226
0.0318909443876034 0.0690392748140132 -0.0438371753337846 0.0608664640174028
-0.00285068107602349 0.0978098472907747 -0.00861250625573478 0.119950846344726
-0.0308512708728228 0.108794540030287 -0.0978795935322091 -0.000800810000161058
-0.00876815250198009 0.0891703806145079 0.0275208221807226 0.00816474451379649
0.0249048231012845 0.0661313810797963 0.0735613974510885 -0.0699449710917151
0.0367399207792201 0.0509714888218943 0.0431699471521627 -0.125274165529883
0.0526038405197012 0.0315627289597298 -0.0213642900682113 -0.125543995030162
0.0614644647688089 0.00527034088897923 -0.0595632526290948 -0.0812974507645545
0.0542506495268348 -0.0203250178553992 -0.0679230841988527 -0.0372222415794185
0.0459667094432996 -0.025944995231806 -0.0671062523647593 -0.00492551024942845
0.0495825103846112 -0.0392595890239825 -0.0563806651964997 0.0308833052335323
0.0741171526661438 -0.0260054499323681 -0.0589184036778711 0.0597953520541974
0.0780269566777014 0.00345269656587864 -0.0706314991035262 0.0732526754665066
0.0826231588687564 0.0345790054887295 -0.0914094519050219 0.0643909057555793
0.0639624075431053 0.0681883038098447 -0.093609161469015 0.0428680952486772
0.0248349701489823 0.1087159820371 -0.0384764450095268 0.0335346387263728
-0.0228458426542323 0.137922839964098 0.013546584377531 0.0797173591643718
-0.0555881042333572 0.124412786893753 -0.0671721299095967 -0.0443468719940089
-0.0362518340702196 0.122935797315133 0.0540003378296995 -0.0186768670257648
0.0192482576656662 0.115911379866591 0.0898311663395265 -0.0883115440507915
0.0588841670937029 0.0931601461249009 0.0491335549350958 -0.132970676591502
0.0806591534164507 0.0531273397540427 -0.00850960486219369 -0.117436376546636
0.0864681234823616 0.0149560202515004 -0.037475255857821 -0.0764301317673319
0.0763370111919205 -0.0193511227170269 -0.0407359929321375 -0.0411008882729637
0.0629488728077032 -0.0265269600563041 -0.0403826600782595 -0.0150167031964224
0.0653968977275503 -0.039803538774698 -0.0306099313493721 0.0195719856006811
0.0910616925133196 -0.0221386887759161 -0.0321885930679505 0.0524101551482013
0.0954013797702567 0.0113539781951545 -0.0464761725412032 0.0766620970517258
0.101436308608272 0.0521042720549308 -0.0823198226033036 0.0720110589949277
0.071616954632461 0.0957009223557675 -0.0973507064975323 0.0368479586403378
0.0135972583769296 0.133252967178887 -0.038699124423411 0.00439174078102426
-0.0417919448900587 0.155382662042582 0.0342759504027221 0.0332373178855658
-0.0687104555882238 0.121324807521613 -0.0305486184477908 -0.0893804023296077
-0.0554951010706983 0.135997832378055 0.0753058931783696 -0.0523309226037045
0.0113202755082949 0.144648956765339 0.0993617026294608 -0.100900776408243
0.0700146840903163 0.119050698433531 0.0562192040509537 -0.128732357084175
0.0955877363043146 0.0647104907907137 0.0123536859421599 -0.101393308772715
0.0984369546365537 0.0213227992542354 -0.00550209283631626 -0.0699469334736465
0.0863614576697751 -0.0163343347506816 -0.00694204143341403 -0.0445420607245002
0.0705457421538809 -0.0235342199148941 -0.0098143065099774 -0.0236335761402086
0.0719240056572464 -0.0325107786067528 -0.000841450693046704 0.00987687444785105
0.094827864258034 -0.0115933519182787 -0.00346312662294916 0.0454879039211304
0.0973487495941115 0.0237327176334229 -0.0204322332801226 0.0778823378737222
0.0996650296991027 0.0691343884273987 -0.0699534967454475 0.0752727571400487
0.0612118843485152 0.112635585667777 -0.0966515145669613 0.028487815282358
-0.00794203345962523 0.138502647515683 -0.0382196509666298 -0.0223685764130559
-0.0605188346012966 0.147475852043196 0.0554978363033985 -0.0108847044624304
-0.0690048607008501 0.0982237510295782 0.0042149103579847 -0.129767262400123
-0.064288108072019 0.122047767853257 0.0852371851585802 -0.0865970317317021
0.000198415198697783 0.142722918484496 0.0985030527364459 -0.105063675912839
0.0645954220013118 0.121235849871438 0.0604889394997297 -0.11311649968178
0.0912446825869633 0.064568720686942 0.037513172176979 -0.0813440530590324
0.091591802218705 0.0237203691906108 0.0295803931797001 -0.0638873523677006
0.081196787367264 -0.0107689814161262 0.0278893336804555 -0.0467543780395147
0.0672175955703154 -0.0164598298569452 0.0224912292604795 -0.0285177047572937
0.0687245592591039 -0.0192516619153508 0.0291759037948821 0.00563142493032597
0.0850942544853531 0.00413029104144348 0.024201075802094 0.0441785556438939
0.0834501505848778 0.0385900792760095 0.00334801385152594 0.080930265925252
0.0775888732952167 0.0833756579234169 -0.0564343659214579 0.0758638026314285
0.0328765850401557 0.116000542694151 -0.0891157655719965 0.0201111348540796
-0.0374646915232616 0.122273066567293 -0.0308561918885592 -0.0400502948115851
-0.0744021317075382 0.11595886670856 0.0759561268004576 -0.0434047048486534
-0.0574781832185557 0.0569864877536524 0.0296862962806504 -0.156620358135987
-0.0638576502720178 0.0855680515829978 0.0819492944507485 -0.111663435876828
-0.0115699160352482 0.113389927100739 0.0900191147537713 -0.0984171751410396
0.0447126051124829 0.0998993994558073 0.0654150663715321 -0.0901672798533019
0.0669137535668207 0.0530634120287401 0.0616709250958184 -0.0623078807485906
0.0675984380777804 0.0234282496298032 0.060084900265294 -0.0594234517220453
0.0628417599462895 -0.00193911733832811 0.0561042057056397 -0.0483317175576164
0.0537039726470565 -0.0074177086951756 0.0496633627170877 -0.0287554522676003
0.0558250098889247 -0.00525140395684707 0.0557793528682959 0.00832717637870424
0.0647696450757472 0.0167958924025773 0.0470536407271434 0.0509347068298441
0.0589373489692218 0.0459558994401641 0.0199529681380418 0.0894315317120851
0.0452570338527884 0.0847555243828543 -0.0444910368415997 0.0790324334140034
-0.00203467620067176 0.102022173254282 -0.0742377560148853 0.0164258847755671
-0.0623406683447906 0.0873229353888688 -0.0161437755480426 -0.0439125418360529
-0.0780374118541925 0.0669521077816667 0.0965249601167444 -0.0596488069283766
-0.040217876679342 0.0040315070944713 0.0424243665327862 -0.165054891748012
-0.0560318599908218 0.0362180129649901 0.0683612186729437 -0.118755324789975
-0.0217488691548526 0.0658810037608475 0.0829295634254782 -0.0820320062718378
0.017261499707144 0.0626852348288366 0.0726360788854134 -0.0683180581926947
0.0309156314650058 0.0340716918289346 0.0798698839992382 -0.0524591971101101
0.0321649734035068 0.0220643014317177 0.0797276871000151 -0.0590373063608208
0.0350189899908777 0.00857531302618091 0.0735252873392291 -0.0487056821927507
0.032065351945774 0.00265025958964875 0.0682434038299769 -0.024995803310697
0.0339715580847281 0.00591705151738343 0.0748164952310479 0.0155070567500312
0.0370203087710924 0.0199050770497781 0.0615028499145202 0.0630854025480947
0.0324442666017361 0.0392525520271237 0.0292462894799237 0.102186190675057
0.0173984608999785 0.0682707634697697 -0.0351770167829365 0.0855838226583325
-0.0257468760777 0.0727538609469007 -0.0585102297581439 0.0224701595337519
-0.069993654440071 0.0421257917879659 -0.00216424751867258 -0.0340707064321909
-0.0654324441503923 0.0123449003388423 0.110847192770094 -0.0593245219680782
0.0296644019727908 0.0380483090263022 -0.120318978434444 0.0608245585840329
0.0499398857101713 0.000769045217232985 -0.00534128181529573 0.0500261610836058
0.0360685761794031 -0.0396415002821394 0.0606821960633472 -0.0222089978322535
-0.000715870187684093 -0.0380117606118094 0.0532428234377151 -0.0933177027899959
-0.00417203124861932 -0.0234031772970921 -0.0151381919380011 -0.125873836882982
-0.00148729706342749 -0.0197528496288516 -0.0681392305893473 -0.0849151165415284
-0.00614399096804989 -0.0161348346593912 -0.0881943066618932 -0.0300446249312797
-0.00519017648836726 -0.0144264578478224 -0.0900064613570208 0.0108308264224041
-0.00211804317390047 -0.0211632168738982 -0.0856700003367739 0.0428223279327404
0.009926607219395 -0.024107308040349 -0.0943876884434059 0.0611861014970782
0.0123633074366428 -0.0186460402128676 -0.0984985333727391 0.0585359900089538
0.0202261602245759 -0.0236395909763819 -0.0982838054129877 0.0505576372001429
0.0364549439558438 -0.0160532870303996 -0.0942707014433233 0.0581536687931082
0.04207505399062 0.0201340060257605 -0.0650219663438984 0.0793370985982648
0.0183965526503175 0.0449540588480018 -0.038367133039073 0.14415742983777
-0.00265874507500854 0.0776107910082765 -0.118892342775761 0.0307747161517292
0.0206784436946243 0.045942512740418 0.00452444293355152 0.0294043181796199
0.0306082560219019 0.0107294709367513 0.0633469403258419 -0.0451688308816234
0.0150997646971981 0.00417121711166659 0.0482690567556272 -0.109762885442206
0.0220561956520961 0.00532585386766001 -0.0172672900886844 -0.129713641482171
0.0297855279821868 -0.00628565259478025 -0.0658007708963299 -0.0878591497530289
0.0255495177005774 -0.0181066166939366 -0.0828982256322676 -0.0375807909973252
0.0227537108095021 -0.0201175754996883 -0.084503218534536 0.00151537392854095
0.0275237471978549 -0.030225625615439 -0.0768992872242521 0.0368848471003593
0.0467008011722941 -0.022928373711476 -0.083395544841598 0.0606198081075925
0.0483181957542914 -0.00225389903897925 -0.0919928949667942 0.0636864773713997
0.050882554797752 0.0130949023169284 -0.100004990096157 0.0529288548085172
0.0470836739181247 0.0323405357510774 -0.0945286538745438 0.04593760102285
0.0289642630516785 0.0699569822378973 -0.0494736199261493 0.0584558263425386
-0.00768021734506913 0.0976099481359292 -0.0158425267953633 0.118812025527152
-0.0355947370065015 0.10666226828322 -0.0994515567363269 -0.00590805707748493
-0.0128955187438481 0.0884354003365644 0.0276861946007386 0.00904566181856662
0.0215932583139071 0.066057220359701 0.078899273152486 -0.0672186170456574
0.0340108237482406 0.0519172280533353 0.0503623869085039 -0.12483856942727
0.0510135625807345 0.0339721714473964 -0.0142517087759876 -0.129152335860457
0.0610329614311908 0.00797395736336335 -0.0545176828437369 -0.0858912974818932
0.0552248145265677 -0.0166386061926883 -0.0660630558541588 -0.0421815691186876
0.0473535446359637 -0.0228459685082969 -0.0671368382931206 -0.00817069300822066
0.0516161041336628 -0.0356097188752967 -0.0585686380890382 0.0281387907665024
0.0753316283005002 -0.0218670288706236 -0.0622593997765433 0.0577856287825611
0.0777768109785813 0.00775354808792974 -0.0748983005665133 0.0718118067708412
0.0797288093249303 0.0387091557514788 -0.0957629025129153 0.062211891394751
0.0605491215128757 0.071660066004673 -0.0983777366860245 0.0392553642981244
0.0193017806179436 0.109804682875195 -0.042416708651289 0.0309028330320207
-0.0303581688964494 0.135960351759341 0.00845074447124303 0.0798806362088575
-0.0620678892918808 0.121434448653377 -0.0663795376561244 -0.0475990381273063
-0.0427189282129556 0.121387531716627 0.0554113469371501 -0.015717033770988
0.0136777066795232 0.116185868147525 0.0961828898125557 -0.0844314116795015
0.0543441138025161 0.0961062451586959 0.0565064520585136 -0.132696806747815
0.078007127622899 0.0567773517882098 -0.00193057342998407 -0.119957443807115
0.0854835055278484 0.0189078452866177 -0.0328977883355084 -0.0801812874545884
0.0773484496748187 -0.0146957356039661 -0.0388228643539005 -0.0450909153189965
0.0643180922227862 -0.0226446461089478 -0.0406469226813985 -0.0177570187149036
0.0670523675919116 -0.0347462997018734 -0.0320974055594643 0.0179180522144562
0.0920474277013828 -0.0175849148862362 -0.0355443749523199 0.0523218691332128
0.0946210134611409 0.0157916472155143 -0.0503164666001254 0.0769784755766468
0.0978829923358313 0.0575430125227179 -0.0863048935887449 0.0705644249065899
0.0671536253645528 0.0992592371848783 -0.102344057072688 0.0337522027903362
0.00632138990070072 0.133381567951666 -0.0414371143088342 0.00209513536783669
-0.0496449724888615 0.152589451285032 0.031645853143972 0.0342596767372869
-0.0750351063661924 0.118029065413891 -0.0274493949624052 -0.090369478700485
-0.0626176509776474 0.133622427885438 0.0788228389865495 -0.0481951263032297
0.00463629092224382 0.144400596673314 0.10580028646278 -0.0966635935275494
0.0642926469029153 0.122532955167842 0.0626238980567445 -0.127696839344188
0.0932347676509965 0.0698069851871049 0.0181151804652978 -0.102607482185348
0.0973388819264933 0.0259680463024227 -0.00137648515671571 -0.0720547574429628
0.0868089010019163 -0.0111736895865162 -0.0048909420102091 -0.0466952534412237
0.0716188637146903 -0.0186307395611292 -0.0085590529219211 -0.0246236618253048
0.073340671055269 -0.0271477960733832 -0.00168690956878393 0.0100406318647402
0.0946847957043908 -0.00617384548853956 -0.00599223307683025 0.0471328409250379
0.0963090603669185 0.0288509067374842 -0.0244064457579154 0.0796166007694611
0.0955692711323435 0.074316469170252 -0.0742436334530366 0.0743090917108762
0.0560592140845865 0.11530577896052 -0.101390088035809 0.0255999300721252
-0.0155690870171731 0.137599151008355 -0.0397966229070117 -0.0239551162223996
-0.0681084909155673 0.143507137579963 0.054779925870618 -0.00877877639339062
-0.0743852717743161 0.094522413409845 0.00972699575455448 -0.12865016103797
-0.0714223660405052 0.119634338751968 0.0904646632131558 -0.0811885109028844
-0.00699142120039323 0.142535691993713 0.104907120373839 -0.100834325415406
0.0589606104372147 0.125066180567641 0.0668100854490772 -0.111320409072792
0.0885454284773349 0.0693532206121461 0.0422608575588802 -0.0810041543093848
0.0907347965253589 0.0284095321691078 0.033433960631614 -0.063554842209326
0.0816212286927282 -0.00559140364986574 0.0295662089752444 -0.0470625588584719
0.0678066114268501 -0.0122751294956137 0.0232059096647988 -0.0280460757796501
0.0695888300153739 -0.015069350861941 0.0288247655118321 0.00777552295207757
0.0842955476653037 0.00874890883956584 0.0217955847509296 0.0470537395438128
0.0815902793072664 0.0428949285155322 -0.000918397951928164 0.0836093646071859
0.073146670634959 0.0870067179894842 -0.060546309362493 0.0763971318748389
0.0270537219275621 0.117598154083577 -0.093262079550872 0.0177930895497323
-0.0443850217940552 0.119898547360022 -0.0306724579930502 -0.0412890557141023
-0.0808854895385309 0.111599379036157 0.0778775463528114 -0.0406077248865577
-0.0613702702249554 0.0542687184015053 0.0370561974708247 -0.155192598991834
-0.0689836911230043 0.0834570752536377 0.0882392745155783 -0.106341578581617
-0.017170067127199 0.11383464032945 0.0971062991834439 -0.094646498286603
0.0408161749427558 0.103383624474609 0.0710313446934332 -0.0878726401596791
0.0651273300442397 0.0567747699091745 0.065929676269977 -0.0603718510684403
0.0669130167309355 0.0269982898358861 0.0639767643405021 -0.0574895292780096
0.0629105381962911 0.00176010002491628 0.0587111296540715 -0.047008240203112
0.0536270753197102 -0.00386172935387643 0.0509062600696078 -0.0266702881994605
0.0555926976329886 -0.001692717795746 0.0553430092445596 0.0117479746491171
0.0636771413468184 0.0202432644719867 0.0443098873848977 0.0552642094093693
0.0569856649146148 0.0489426315123377 0.0150210410448064 0.0931264542769201
0.0413875872412341 0.0874047454075258 -0.0493595063678059 0.0795264798310214
-0.00718651986910331 0.102676808375018 -0.0779060779160041 0.0148620115491117
-0.0678218082917181 0.0844196030271496 -0.0154773484943669 -0.044411290513111
-0.0820742923900422 0.0627246848085222 0.0993126559346537 -0.0551673268225335
-0.0411284559354155 0.00230661896279505 0.0518379199459287 -0.163439650308516
-0.0587872904687137 0.0343422924465365 0.0754591045212329 -0.114032364870253
-0.0245766157997793 0.0659521289837659 0.0885334963065593 -0.0782582536160154
0.0151889123909349 0.0648199281372757 0.07695561639268 -0.0659927431367137
0.029884556308415 0.0358390537248253 0.0840987644121323 -0.0490778957529891
0.0318292706198971 0.0240618868076248 0.083328210728828 -0.0564407184712028
0.0346647741733872 0.0108324156402259 0.0763476750282484 -0.0464045191425446
0.0318376261931429 0.0045119449676344 0.069742588928645 -0.0220623449002207
0.0333913503336798 0.00855298383284057 0.07454367634057 0.0202752925658116
0.0359600339328556 0.0219177595445184 0.0581063968471641 0.0682671289639188
0.0310984237797188 0.0408841525956935 0.0233456476839442 0.105805546007047
0.0144098934567282 0.069142279563763 -0.0404002146843388 0.086324242188304
-0.0293232935419171 0.0718096327343334 -0.0620299772540276 0.0213105832541806
-0.0728087232298773 0.0390861640723867 -0.00186256817174492 -0.0334224660575502
-0.0668362042653005 0.00909832995172027 0.114331111817495 -0.0540944833389514
0.031129807778609 0.0405919292087501 -0.129745380077198 0.0583730216984786
0.0529032638241576 0.00249730034691032 -0.00678744821998772 0.0518180329651359
0.039052401442289 -0.0409494382551202 0.0670508059044972 -0.0213310618554589
0.000525519006151234 -0.0399620707527102 0.0607504714053098 -0.0970910740321656
-0.00379924895970595 -0.0247244991932556 -0.0104225087333358 -0.134508647523759
-0.00115393832796109 -0.0208551651513096 -0.0668777452022057 -0.0945571878346919
-0.00568005491007202 -0.016884533594816 -0.0903359115016642 -0.0361808663668957
-0.00416224679870423 -0.0149362509670841 -0.094780962684648 0.00795735026731463
-0.000763671857694705 -0.0217818127462618 -0.0922815152874436 0.0412601366062781
0.0114267295574862 -0.0244652046920721 -0.101428752658468 0.0607087039842231
0.0129955629609211 -0.0189082958900238 -0.105790219142959 0.0582494177473717
0.0216109950905483 -0.0239079207494087 -0.106667151290911 0.0492851470915877
0.0392415519180658 -0.0157473987306416 -0.102510202920562 0.0568400166016896
0.043843314844691 0.0222983729475848 -0.0732659625075329 0.0792596133249327
0.0178773527749377 0.0480701759018587 -0.0470941366913809 0.148252794630289
-0.00523682028486594 0.0804630182852411 -0.127335700080454 0.0266447487002751
0.0206313660247517 0.0480374481735855 0.00392993212299792 0.0304920134866385
0.0311706178833928 0.0112127263381237 0.0700319095791775 -0.0453146170448443
0.0152137911369403 0.00496818369711067 0.056275713322044 -0.114096451277737
0.0224305198099626 0.00596333960688026 -0.0122520427098781 -0.138274018062465
0.0309672159330701 -0.00543042383567176 -0.0643756143220522 -0.0968642468002222
0.0276022603844681 -0.0169839340182944 -0.084747305867693 -0.0438338920239542
0.0250588998377379 -0.019462533495664 -0.0888460279119875 -0.00210058264209048
0.030788290985386 -0.0291116597131911 -0.0832016777315387 0.0354026267433035
0.0497249160922317 -0.02189599213382 -0.0908284047787973 0.0605284542104816
0.0501360251695269 -0.000758749477517066 -0.0996661651214296 0.0645241152094754
0.0519265427718201 0.0153299421656923 -0.107679592927555 0.0523794274662385
0.0479081506366063 0.0356004523506092 -0.102610625553722 0.0449919543898849
0.0275132058584845 0.0739120543220421 -0.0558278090926841 0.0584163197292221
-0.0116995383396145 0.10169167337144 -0.0229888298804229 0.122813781947651
-0.0414364128317214 0.108868160524716 -0.105928828512292 -0.0102365320344331
-0.0173940223380496 0.0917260781711798 0.0295099206008671 0.0101492763418963
0.0194954950760698 0.0684632025732947 0.0869161254840421 -0.0682322365316904
0.0331623602242629 0.0555939743669136 0.0585135789013006 -0.130381907533517
0.0515772637512388 0.0378079286854544 -0.00903794664925115 -0.1372505987805
0.0626792424714673 0.0105916434514114 -0.0524898154436485 -0.0944537734470177
0.0582971813159436 -0.0147877857946464 -0.0673583537852113 -0.0482286809482974
0.0507633661727842 -0.021279968595733 -0.0707476496773851 -0.0116314534565457
0.0552702813134484 -0.0334074104284083 -0.0627894350956219 0.0270069528490939
0.0794032358147489 -0.0194247506513164 -0.0680576695557264 0.0591811319416875
0.0805520054974118 0.011221433304801 -0.0819012779328221 0.0741872550524748
0.0811861683706831 0.0441007469903678 -0.103776115988155 0.0626891923565303
0.0608121361006061 0.077314334325289 -0.106988023266345 0.0382643270385123
0.0154202014918227 0.114913361162159 -0.0479691972983999 0.0308025351792323
-0.03652309465287 0.140497410586784 0.00408573126141023 0.0822865234127032
-0.0692513015089886 0.123860162610993 -0.0690000713541856 -0.0517076566767934
-0.049681436058878 0.125518158918447 0.059334652398492 -0.0144780245746408
0.00936999842644635 0.120723701924829 0.105587108281536 -0.0853991644495811
0.0524661384525712 0.101736909778528 0.0651874303165562 -0.137354346070558
0.0796070870398659 0.0620568769048056 0.00338227726624212 -0.127369417715962
0.0881626258418876 0.0234327696168887 -0.0299611918594062 -0.0867056553220094
0.0810294938206968 -0.011176834506849 -0.0389548490584996 -0.0503171182919904
0.0683940867848443 -0.019768130216249 -0.0422887391683859 -0.0206038438867713
0.0715035120022389 -0.0321023412637135 -0.0347359597069321 0.017409429160601
0.0966156539300688 -0.0138417185207008 -0.0393480521810029 0.0541972670791471
0.0983836654116128 0.0208977377634736 -0.0559174786991297 0.0808156625858862
0.0993962108151202 0.0644722533551623 -0.0940353269571955 0.0724879192973074
0.0661748273870156 0.106764257218822 -0.110652059230218 0.0329222219336009
0.000954059691558527 0.139127479196271 -0.0458458813820171 0.000853084099834292
-0.0582375272121996 0.156784977693117 0.0304934752780032 0.03565650622194
-0.0835298981144031 0.119919976211121 -0.0259367863987521 -0.0950276692024267
-0.0716707408713809 0.137217383931661 0.084871452152398 -0.0458272557749915
-0.00130010463569403 0.150452446062445 0.116025435313043 -0.0974481205917605
0.062279945158738 0.130473234878732 0.0711377195597151 -0.13238106534206
0.0948257861636294 0.0761188616008161 0.0239045205449093 -0.108472076830792
0.100219856746473 0.0310771974835184 0.00245421179139877 -0.0769046986588763
0.0902056464743645 -0.00714237889586679 -0.00343209604918362 -0.0503837656091845
0.0758295683746296 -0.0157214094182888 -0.00879599983269268 -0.0264967302500925
0.0768213517137168 -0.0237901255527051 -0.0021890391919648 0.0109223091406468
0.0991364557028863 -0.00226297070860158 -0.00864375758112269 0.0508342067644766
0.0990831687433492 0.0337118840776859 -0.0291676314377909 0.0848920182903326
0.0963378741719375 0.0819112799353092 -0.0809772851580158 0.0777584932407745
0.0534965816660861 0.123250164212027 -0.109590294268452 0.0249635448078542
-0.0222402117340573 0.142718966542516 -0.0432727836271099 -0.0266053354878622
-0.0771939096402907 0.147045376435089 0.0565557682354823 -0.00790011485622634
-0.0820171676837123 0.0960254099475164 0.0152754995059866 -0.133835010849254
-0.0804456513383143 0.122580786932486 0.0985749345583019 -0.0802375902906776
-0.0130517136865254 0.148987072078718 0.11528808812123 -0.101557340968652
0.0570664601333858 0.133711855978971 0.0747090569420127 -0.115268842843278
0.0897698372822318 0.0763202678814355 0.0487566163710087 -0.0846185673087831
0.093616785118363 0.0332308201734589 0.0387152204080629 -0.0663164580054511
0.0851031837005491 -0.00216348467219038 0.0326013864095571 -0.0496262406395757
0.0712868416609509 -0.00918493408153835 0.0248988475615514 -0.0285920912287631
0.072519225054053 -0.011347984847844 0.0294763454893172 0.0097292954419999
0.0875034876258881 0.0129104523657758 0.0207194419267006 0.0523095437468841
0.0838772762386917 0.0478529525614277 -0.00483031092311072 0.0901352403742684
0.07263870011034 0.0949719118410115 -0.0667968228499825 0.0804014245406469
0.0235519150448141 0.123785462483466 -0.101108699508859 0.0176628010751745
-0.0526061435201659 0.123425434742507 -0.0326791881905405 -0.0435983279242705
-0.0891279733339983 0.112582487314353 0.0825901369381359 -0.0397069047779541
-0.0667389562376093 0.0544779483385328 0.0455411314169148 -0.160198196109067
-0.0762169082717436 0.0851352159139706 0.0971226955558613 -0.105194700594075
-0.0227240929514607 0.118191343769693 0.1064279084073 -0.0950421079255671
0.0389972818568087 0.11046365373558 0.0781026778850431 -0.0903390099935104
0.0665803983941583 0.0625822437557568 0.0725573233785925 -0.062204555675916
0.0692604315445494 0.0311652376146803 0.0705916678618257 -0.0587363621202027
0.0658730679874018 0.00534060183563015 0.0630867027282154 -0.0484969876990418
0.0561263920701926 -0.00155481948416303 0.0539584138805925 -0.026949911516797
0.0576137370670802 0.00144162320078374 0.0573686894302006 0.0149329009904183
0.0651034031351756 0.0242408174417646 0.0438313572735027 0.0616999438592395
0.0575032376426105 0.0535708937726427 0.0115697733467752 0.100407332485408
0.0401892828697342 0.0933624603596823 -0.0552750763132483 0.083465494429775
-0.01120248331026 0.107240982681805 -0.0847714523801821 0.0149291286921356
-0.0755406082970249 0.0853012783787085 -0.0162227647983706 -0.0460898176769317
-0.0887534018805259 0.0621722645536673 0.106655198115463 -0.0542822075980805
-0.0436238004666677 0.00135445539931542 0.0615134060274754 -0.167995589120888
-0.0631962735968984 0.0343746355734473 0.0842466853128956 -0.113963548048453
-0.0282545301403525 0.0687244925947218 0.0973696137706352 -0.0783881149983067
0.0139899643021445 0.0692259922383569 0.0851128310526801 -0.066828899079062
0.0301421014706258 0.0391425454973362 0.0915347796188723 -0.0492202187989492
0.0326638263204349 0.0266216498241324 0.0904715373049263 -0.0568155318812267
0.0356540787169912 0.0129795256862302 0.0816242696414762 -0.0465451681587627
0.0325519519554932 0.00638546164958994 0.0739771993324447 -0.0208896181398452
0.0346554410649944 0.010237709289301 0.0765722736163979 0.0247792448214606
0.0360005399273134 0.0243818285591246 0.058404340059915 0.0759460022495012
0.0305907828457427 0.0437332678642287 0.0199495440584647 0.113114584721181
0.0124156008249587 0.0733553915843635 -0.0465611791713341 0.0907894972930558
-0.0336523853812816 0.0744398964160318 -0.0682331531468549 0.021720111168339
-0.0788723745370742 0.038248866992947 -0.00209517153267069 -0.0343161005399932
-0.0705234778129955 0.00699049117127046 0.121967786777817 -0.052375826859695
0.0339475110415165 0.0424231995165915 -0.140669004194443 0.0627362515251526
0.0578906592503523 0.00224257171125883 -0.00649501488499162 0.0551716264336093
0.0412902877616244 -0.0446138940657553 0.0749861276597438 -0.0233122252278642
-0.000686145485775715 -0.0432162494799384 0.0671458553496114 -0.106103330877656
-0.00438133078219751 -0.0267211252751371 -0.0102590178599335 -0.146980016048997
-0.00192022936372994 -0.0224490246385736 -0.0714760907325614 -0.104009709932589
-0.00570308766360161 -0.0182356974262508 -0.0963880317912682 -0.0401240965846136
-0.00395870789413769 -0.0156987310326802 -0.102522023549822 0.00803085892152097
-0.00010123076341688 -0.0229495488708617 -0.100323443172423 0.0449597316862613
0.0122011594822876 -0.0264664203123512 -0.109663158668557 0.0666446662781392
0.0135601761159404 -0.0204059226774488 -0.114323302671692 0.0631376005555901
0.0227583999912079 -0.0262550306162283 -0.116586074091604 0.0533605575736325
0.0424935650600232 -0.0173848321057651 -0.111807057928354 0.0615304981381045
0.0469963398050989 0.0246040111190003 -0.080637793634356 0.083704272184262
0.0193268604395887 0.0522746393325011 -0.0517463213468041 0.15848738356769
-0.0049863203225911 0.0850809904884479 -0.138168472992315 0.0293510518496717
0.0225786352420143 0.0515003303273422 0.00500776453050746 0.0325403204995764
0.0328948068023775 0.0107864491585874 0.0779129886941499 -0.0496822611068508
0.0157581701740668 0.00464840790897315 0.0618224595666459 -0.12395583210387
0.0239169217425527 0.00671193039495978 -0.0122464913785039 -0.150662708879206
0.0323315478637668 -0.0061214911103186 -0.0681560484200698 -0.106607135190875
0.0295410437540044 -0.0179891704088285 -0.0908266524294669 -0.048470371805043
0.0273444360223201 -0.0198864158980683 -0.0961691071640557 -0.00257120773977208
0.0332842228926057 -0.0301878653889575 -0.0905760402624489 0.0381243188185898
0.0531720130367914 -0.0228285829111552 -0.0980774935577627 0.0662223722263296
0.0531641725290088 -3.06376413031148E-05 -0.107862050446052 0.0707233791886053
0.054794764288136 0.016965202251087 -0.118006784251382 0.0568525891018561
0.0518258020824879 0.0379068011885217 -0.113006271547468 0.048830129096837
0.0291065438682377 0.0788829113011483 -0.0627106303121244 0.0614662468575684
-0.0127257410431341 0.10896760272889 -0.0262280318011148 0.131014963429522
-0.044354895661056 0.116310946445062 -0.114664131830756 -0.0105893927408798
-0.0181635618506141 0.0983915154195706 0.0323816300930464 0.0107862558654866
0.0205070919167797 0.0722787942693231 0.0957050449285581 -0.0734176580122109
0.0352207747691503 0.0586351056272721 0.0640878220913709 -0.141342470137395
0.0553000222139552 0.0396876414006575 -0.00953962765407203 -0.149430968897547
0.0661873635414491 0.011551891822556 -0.0552339647681854 -0.10326886526146
0.0621179406973716 -0.0150301771022543 -0.0723404595938186 -0.0539359283014842
0.0545972820274753 -0.021589182454156 -0.076639998834319 -0.0130304041266053
0.0598838376305633 -0.0344591422832397 -0.0681315970041826 0.0288376227666623
0.085248362159573 -0.0203403891290693 -0.073790180539324 0.0648919860462591
0.0862180260303701 0.0129253082441437 -0.0879749764923081 0.081085002777233
0.0865061405726698 0.048090553971763 -0.112810490429506 0.0687282934418595
0.0651404153384857 0.0826197475955023 -0.117582829647439 0.0421393188482789
0.0157888698514575 0.122848131928621 -0.0540795184547615 0.0326684380247792
-0.0397589608896612 0.150046276643894 0.00265044627554856 0.0875571304622248
-0.0745745398694063 0.131681282840995 -0.0755752816929069 -0.0547433291027439
-0.053483476258459 0.134357803517345 0.0647330485873618 -0.0147583052420403
0.00942165575650429 0.128603616395538 0.115254760174383 -0.0926373582909645
0.0558676186164773 0.108888453115498 0.0708851318461481 -0.149710990114101
0.0851106232843628 0.0668501613208729 0.00411441614472997 -0.138675358902684
0.0941857631798714 0.0252244477692192 -0.0310942761220838 -0.0953455422521026
0.0865608735725036 -0.0112813896446273 -0.042261456337579 -0.0556702391512272
0.0734808881888054 -0.0203168353108458 -0.0466490705716314 -0.0223406548148814
0.0768669393479965 -0.0326100154211109 -0.0380899229957576 0.0191330755380338
0.103138401155257 -0.0139979343465566 -0.0421375338509077 0.0604609231540094
0.105051052473073 0.022896574815882 -0.0607436352353506 0.0887643260204041
0.105811368015143 0.0700211378756407 -0.101289889535486 0.0800413748313319
0.0710836132302647 0.11426788638285 -0.121523616462408 0.0372612386050253
-6.61897135302673E-05 0.149047183234951 -0.0523407447446128 0.00102388689362487
-0.0629622530990671 0.167179001585694 0.031257443020705 0.0378983948839866
-0.0902292293401997 0.127652403152753 -0.0286842083490945 -0.101139059694406
-0.0772745029151541 0.146899746967944 0.0919101034782463 -0.0485612962408119
-0.00226972134211457 0.1604939034021 0.126284920739572 -0.105233630739686
0.067264396308509 0.14008822525882 0.0770146634483735 -0.142896035507476
0.101789848061126 0.0815180160672642 0.0263509957552022 -0.118370661183598
0.107412191688853 0.0332425000679041 0.00406088459589415 -0.0845389174418264
0.0973340692318041 -0.00634155104727544 -0.00435977653003329 -0.0558183823046247
0.0810217819007057 -0.0154651258842655 -0.0104385294143953 -0.02856109610327
0.0829742929325725 -0.0237643542293133 -0.00321377793295004 0.011746378758863
0.105869686420941 -0.00180579991451151 -0.00896710936950969 0.0562339267312807
0.106384736362665 0.0365772880197824 -0.0313085020856861 0.0934752357690484
0.10259297200315 0.0886392407451662 -0.087026896445884 0.0859130357753013
0.0576859195992811 0.131959646871445 -0.120198136988337 0.0301534223588868
-0.0256800870610926 0.152270877594563 -0.0483815706421431 -0.0275218242656032
-0.083359600979692 0.156783423012931 0.0592807660594188 -0.00867743203382386
-0.0882019623739644 0.102862618207064 0.0158901759482245 -0.142145113348225
-0.0866923524167219 0.132170112171681 0.107033366375319 -0.0845830724027926
-0.0145107104002394 0.159379776142513 0.125418079572508 -0.109378939155215
0.0616834371569786 0.143251764226065 0.0810900836448614 -0.124840272358268
0.096594271825702 0.0821708329334651 0.0533692830314286 -0.0920038996746111
0.100751754350954 0.036136641831538 0.0424321011468575 -0.0728844088685335
0.0915040457031008 -0.000204821823995611 0.0346819169418639 -0.055410243558436
0.0761548931370408 -0.00873271868107406 0.0256723062407431 -0.0308928131237611
0.0775110573277229 -0.0106923521856353 0.0312937095859653 0.0108311853587541
0.0935247922054966 0.0149287241391468 0.0219974894142065 0.0579213368971024
0.089277180533071 0.0516260415913691 -0.00538845278124236 0.0994567860438682
0.0776257974777917 0.101972116326174 -0.0720963620641687 0.0887868479772333
0.0253688296699303 0.13296718866164 -0.110756741304359 0.0217684996021533
-0.0575914952353425 0.131927319419289 -0.0371557163194133 -0.0460988989384557
-0.0962686385856187 0.120135894872918 0.0874175311826876 -0.0432235360262964
-0.0721132843532122 0.0584871082272746 0.0494618754325653 -0.171035813388649
-0.0827415065086903 0.091665752052154 0.106153169798226 -0.110897889431198
-0.0243076899218661 0.127509880366556 0.115917098906479 -0.102011802821711
0.0424162226705465 0.119662414515419 0.084131117179988 -0.0973482902471922
0.0720176000803192 0.0673964412966691 0.0789984376721258 -0.0679715498177984
0.0746611579765191 0.0339345970436898 0.0770814242464009 -0.0647076834443993
0.0703488910993165 0.00675938542166764 0.0673452518341019 -0.0531451662437571
0.0596852392534445 -0.000665013176690279 0.0573014879325829 -0.0287165626551565
0.0619827926444358 0.00270197452742256 0.0615655050810102 0.016554734553553
0.0691321093560176 0.0265433965394565 0.0472285781461719 0.0683982175900456
0.0616596345755849 0.0575894057465602 0.0120604972661002 0.109709653276195
0.0427375522780442 0.100243306019077 -0.0595823928241402 0.0922682797160911
-0.0121691156953504 0.115241121781393 -0.0933772162370905 0.018763143654585
-0.0825029140668112 0.0915330999518482 -0.0185577496443499 -0.0489460063372269
-0.0957056454322097 0.0663962739124271 0.113918899730468 -0.0584512959691526
-0.0470498531810631 0.00151241428188775 0.066916974401349 -0.179269201883987
-0.0680298048996421 0.0377631990150969 0.0922810548757448 -0.119781583607161
-0.0307755188594238 0.0739960738929974 0.106443052124566 -0.0838937200813536
0.0168454364226866 0.0752900919924408 0.0921169027679438 -0.072172627072692
0.03296119525237 0.0423473861434731 0.0997719935848551 -0.0542809205973107
0.0354382818734501 0.0288552232901871 0.097728637293396 -0.0621356515390194
0.0383485409416474 0.014735520587032 0.087546355012517 -0.0509729165339457
0.034198878552868 0.00743521119576953 0.0786420372056052 -0.0226461258078644
0.0365854460536445 0.0118075532235542 0.0818772240079088 0.02749250243035
0.0384223058506229 0.0264350020372102 0.0623312416202114 0.0837131117537509
0.0331560145997707 0.0471008852443945 0.0205860772417927 0.123643752613538
0.014170955813348 0.0787146037682707 -0.0512411585933075 0.0997707655504122
-0.0362729527929361 0.0801598990249853 -0.0751976063039651 0.0260201141755507
-0.085394612074528 0.0410698542415475 -0.00290064603954359 -0.0359143438217414
-0.0760004592246173 0.00748269953903822 0.13125656849251 -0.0556949608486371
0.0264675682810982 0.0529326961366845 -0.157316026627134 0.0405513893855254
0.0611583175979809 0.013272320950441 -0.0134496171704847 0.0567833814955522
0.0507602229328549 -0.0397131455762272 0.0882516615002483 -0.0148071528426124
0.00539551734795126 -0.0461155999982088 0.0936269660631182 -0.104791195685126
-0.00278847236356865 -0.0288686204629928 0.0153108949149069 -0.1616774303392
0.000558763436863673 -0.0241644848092318 -0.0562664160233853 -0.126310370646981
-0.00242990928590694 -0.0196968549601959 -0.0944297764718635 -0.0621325552363773
-0.000622918455668943 -0.0164946840370366 -0.110457532888119 -0.0108036300789987
0.00490799316109193 -0.0239444400240893 -0.114927309508923 0.0308754357569773
0.017196584373137 -0.0248953714928419 -0.127727951706682 0.0534266841121664
0.0175230859852157 -0.0179385690755698 -0.132895586165141 0.0480909246146481
0.0266841506240378 -0.0238708251186335 -0.134707573641732 0.0369034007566297
0.047450553874071 -0.00985149485717521 -0.131419197226841 0.0450311454940444
0.0435206438073683 0.0360142682462371 -0.103778411754899 0.0693941499307733
0.00969521309855858 0.0627994522415328 -0.0873073064815118 0.15139231941764
-0.0228629565262606 0.0878847114189133 -0.150709569751689 0.00824809775945612
0.0144973003783024 0.0570020672321629 0.00113285210159564 0.0365992818351259
0.0313381845274735 0.0149562685225366 0.0948175884560328 -0.0383346080869016
0.0126841206083789 0.00505174445000849 0.0906619514327722 -0.121269034311841
0.0198898698820156 0.0107610663009737 0.0153899891870147 -0.163112186559075
0.033039478484072 0.000124034523157089 -0.0510288253101679 -0.127769111496716
0.0335332612824632 -0.0124737408043007 -0.0856478090416626 -0.0691942200696962
0.0328767348006669 -0.0136901653851721 -0.102258923108789 -0.0205377919968546
0.0410671689307047 -0.0243393006975381 -0.104358784996244 0.0259026926048851
0.0601168460087795 -0.0127047286922767 -0.1161717030988 0.0555706045436105
0.0549778869027476 0.0129183316194167 -0.128381485660692 0.0565079360801414
0.0523388883546132 0.0285864565742772 -0.139264034223492 0.0390587169724123
0.0443502020612297 0.0507358865573442 -0.130323794005679 0.0305296647431364
0.012612612008709 0.0899384813869336 -0.0805407052010162 0.0475819151413679
-0.0378485509953005 0.116501302207855 -0.0521066416678658 0.125886583275083
-0.0704850121985524 0.110926864521331 -0.121257763864574 -0.0270991920738154
-0.036682715729184 0.0965353495222186 0.0320035175117304 0.0201192510338972
0.00613900862382504 0.0751923987882997 0.116035197898426 -0.056065022801146
0.0223019357640311 0.0639511583720379 0.0955103549075276 -0.135092347463134
0.0459395645480066 0.0508980072067926 0.0206661681348443 -0.15942712682925
0.064641126586609 0.0246053020897115 -0.0370230742903656 -0.121390238173291
0.0668497742533862 -0.00341973911346414 -0.065012395264975 -0.0703035242801823
0.0615366252085956 -0.00878413094156969 -0.0796312256468839 -0.0279556804348745
0.0697210482386297 -0.0225936813607486 -0.079196343222413 0.0204782386361507
0.0923702181524602 -0.00302397645885417 -0.0912263958638544 0.0592474905344372
0.0870019361171773 0.0338026465345626 -0.110718898956649 0.0709354073136994
0.0794139445160266 0.0680599497322893 -0.138048432463149 0.0527444391114226
0.0479476756776592 0.100641286114119 -0.135200142740898 0.0224791171973873
-0.0106054545689912 0.132072670173429 -0.0653801332296527 0.0175809666508196
-0.075730613758339 0.154204890694378 -0.0106094638816155 0.0847781469243905
-0.10557376209924 0.119656424289914 -0.0732210565042418 -0.0652123976270091
-0.080313789991785 0.125776784230216 0.0701114307705823 0.00037145427406963
-0.0165797730443713 0.129874792080018 0.13930946979614 -0.0686524227008692
0.0342669418450291 0.11843564811739 0.103829268178015 -0.138383639077451
0.0715744782315498 0.084036968431234 0.0346192957123952 -0.145085157181382
0.0913096075455639 0.0445642697450314 -0.0121156769281284 -0.107684703679176
0.0913637444621963 0.00594666346228813 -0.032237331464643 -0.0668626844043892
0.0807772532028535 -0.00352658716346764 -0.0459468517095573 -0.0322299781944245
0.0862631477778263 -0.0168298712465679 -0.045737048862596 0.0157702208922507
0.110685097600079 0.00656454008784303 -0.057821247976503 0.060390157100122
0.104364184994831 0.0493644886810916 -0.0833658607628149 0.0851499150281021
0.0953758016350356 0.0951287749738463 -0.12983545066236 0.0655925327854585
0.0468548703662965 0.134946362921976 -0.138374542024671 0.0160919935218982
-0.0338147829108058 0.156107500770137 -0.0562904374756433 -0.0157141016826694
-0.105128096282875 0.166342134408525 0.031184284825103 0.0376935027322635
-0.121013094899734 0.110999786771334 -0.0158661775247164 -0.104402697750052
-0.107876615483802 0.134344842947533 0.104182312113498 -0.0287496903237035
-0.0353338254230831 0.160854570919935 0.152573394103722 -0.0774835568981359
0.0400090007380478 0.152671172921828 0.109937988558561 -0.128746216259867
0.0866641277385345 0.102814381238403 0.0559660755099519 -0.118083445329874
0.103903266664353 0.0554171770393278 0.0229626497533318 -0.089276442790152
0.10168822158723 0.0134673759262649 0.00723720874586019 -0.0594971815589605
0.0874785614467415 0.00314644060242445 -0.00705671671820053 -0.0324013781743699
0.0911187861568389 -0.00600084378883437 -0.00778159317054851 0.0142291253291261
0.110727822564154 0.0208345607449648 -0.0217454469589898 0.0624830586639966
0.102343110718647 0.064343181328079 -0.0529154396861315 0.0942230868389468
0.0886954472432334 0.114503163117355 -0.115926833903353 0.0739695105088036
0.029145888048321 0.150555911032572 -0.135408951393489 0.00950265425164938
-0.0612030826769321 0.153696508694013 -0.0463965775220493 -0.044371474748488
-0.124678930400885 0.149990724839672 0.0711738368373644 -0.0043653278909169
-0.114572964640062 0.0849288794732538 0.0383492424274327 -0.139733376813159
-0.115719718063964 0.116515187779737 0.124976809031598 -0.0634249926580103
-0.0478587834504398 0.157213124468158 0.151563126109216 -0.0822018061235913
0.0348845007005003 0.156192839875123 0.108781730232052 -0.107554464376138
0.0823031557531287 0.102479408057658 0.0796578200483512 -0.0857218840214007
0.0973939673606406 0.0568667375213887 0.061694688400929 -0.0700782405885772
0.0947729707926353 0.0182064182397683 0.048182542008382 -0.0513247814351836
0.0811163662897833 0.00873713686085798 0.032145919229329 -0.0282406851202911
0.0828406928994537 0.00651117299730406 0.0294345673136431 0.0193172353823455
0.0950505220213363 0.0355905357200911 0.0110393294544931 0.0691076158482225
0.0818280229715121 0.0763078472129342 -0.0265090990739997 0.104151782524585
0.0603288788623372 0.12394706271928 -0.0992848513850202 0.0782984248053652
-0.00533676084843705 0.144304438805385 -0.123245205597538 0.00288625087137668
-0.0904799145963828 0.125698410101607 -0.0294201736350867 -0.0605472005307673
-0.130271025069378 0.107359862800565 0.10798372787606 -0.0322719236669038
-0.0886086178893999 0.0415362168772835 0.0805120377851153 -0.16457529962112
-0.104284912579294 0.0770245759626545 0.1303859804192 -0.0920974781236495
-0.0516040802841585 0.12352751324836 0.139544022974783 -0.0783349270086553
0.0211483300167356 0.128351196161699 0.107328084186078 -0.079881007920508
0.0602264076368847 0.0819651605948608 0.101291863444361 -0.0555084180373159
0.070980762487314 0.0493238499027902 0.0957904307378707 -0.0549378578174156
0.0722100460858337 0.0212950476148146 0.0826525379868198 -0.0434453128551112
0.0624248957046844 0.0130640444087583 0.0651059042330371 -0.020179440132996
0.0632241944974658 0.0163906502621154 0.0600348187489524 0.0302659584420998
0.0671248305336119 0.0427206118533694 0.0358174524108162 0.0840783624018688
0.0516049126878475 0.075871256101173 -0.00933941977478602 0.117462834810573
0.0245368984671807 0.115451187527569 -0.0858100584292605 0.0830845305800704
-0.0407328450338015 0.117573525693891 -0.103045551237413 0.00246648627964349
-0.10745396826209 0.0789947109725823 -0.00776131755501968 -0.0580901813759235
-0.117455082415676 0.0494738992792566 0.13792223928093 -0.040312006144388
-0.0513549871602018 -0.0118147989818374 0.102135114778496 -0.172697833072715
-0.0788425808934741 0.0238315368458629 0.117451638746464 -0.105406683463151
-0.0465437468275688 0.0684561257470109 0.126601610274699 -0.0640345123094027
0.0039954478966992 0.078691284928245 0.110905590307048 -0.0546137655041832
0.0253727785077986 0.0484245791454575 0.118827650667832 -0.0385884282626978
0.0315827941787106 0.0359087309391873 0.11664187788394 -0.0486608225126451
0.0375325483486666 0.0226977235168627 0.102675769996775 -0.0379039845342625
0.0341136268865018 0.0154267470279863 0.0870903891248081 -0.00896715911538345
0.0357211963667788 0.0202438101163614 0.0804503949365705 0.0449784334133944
0.0342475349398851 0.036657733161997 0.0500734349836549 0.102168790106559
0.0240945098944392 0.0579943214518358 -0.00215845226374083 0.133794749045352
-0.00185767501837288 0.0859677960308805 -0.0754789045567798 0.0937247637844097
-0.057971409103575 0.0760331194966421 -0.0844445356010074 0.0143937325870317
-0.100075588425371 0.0252582594121741 0.00629871300658243 -0.0386969598843668
-0.0826154805900193 -0.00979191480788448 0.152901439798463 -0.0310498189670118
0.0314945538188723 0.0513363326910564 -0.159744680364691 0.0524852201838982
0.0639235863219488 0.00884828747112923 -0.00885841435656288 0.0587625139866869
0.0489582545457707 -0.0451602171810367 0.0921133252754972 -0.0225865425112266
0.00177895551323654 -0.0480745149320083 0.0902621336415841 -0.115582882185757
-0.00512835890221392 -0.0295819400376149 0.00429670135797169 -0.168055947806384
-0.0020673354687794 -0.0244475790540528 -0.0664535745268308 -0.128119405427549
-0.00360823975225446 -0.0201102532880526 -0.0996834270104432 -0.0588081008866182
-0.000869650843603991 -0.0164955167661679 -0.113624717434357 -0.00359137201140903
0.00405595660808522 -0.0242665930075503 -0.116683480884465 0.0400870994976118
0.0156780289075606 -0.0265071075787046 -0.127443345546119 0.0640726053039185
0.0161182600707272 -0.0189890955476273 -0.133778293356911 0.0588829411894626
0.0252792849587886 -0.0266707591806574 -0.13790511183028 0.0478671437701718
0.0481316124366344 -0.0140452933455775 -0.133412001772682 0.055231420938675
0.0473369367451358 0.0342738556924262 -0.103229231194187 0.0768277543226102
0.01484039279792 0.0642832202705789 -0.0808829149971683 0.159798944079381
-0.0173537686378826 0.0902637215223282 -0.155094970402287 0.0189232233302118
0.0195900827113776 0.056780029246971 0.00477813869818811 0.0365438470457098
0.0322836802519249 0.0119867309752508 0.0966318608475183 -0.0469749946550317
0.0125856025946462 0.00407564789543872 0.0855264564969591 -0.131782418038482
0.0201943380059574 0.00936583677805275 0.00497782285773646 -0.171184519331988
0.0325248236690135 -0.00193811508220441 -0.0605609812563476 -0.130252860410452
0.0340365286969895 -0.0147904121866121 -0.0928230180397696 -0.0668308695148681
0.0331510907607243 -0.0156260775880577 -0.106445367219251 -0.0138257530841589
0.0409410844386585 -0.0269406694990078 -0.105934923863135 0.034546998294387
0.0599516558024419 -0.0166173373998664 -0.115839301900691 0.0665874928173281
0.0562292095761457 0.0102770979223253 -0.128675137169157 0.0678670990648426
0.0546780320702243 0.0256629084313136 -0.141892485197086 0.0512491922688243
0.0486529234108275 0.0480400502646767 -0.133771718765263 0.0412331496326826
0.0190060913381383 0.0907155637721502 -0.0807107988940594 0.0529099197041528
-0.0296443020619229 0.121930469173075 -0.0461613333031383 0.130572914834513
-0.0645254663136697 0.116845746989278 -0.12755696078782 -0.0196983322285462
-0.0305337737483234 0.100552433490638 0.035526262082135 0.0179178016430181
0.0108211774096255 0.0755000966830206 0.117366323925623 -0.0667344633136495
0.0262843264021073 0.0632000246875134 0.0894286010755763 -0.146298659294701
0.049624364059733 0.0487437703819168 0.0105488989758644 -0.16707460992593
0.066967455117398 0.020958228638339 -0.0453674434260556 -0.124118913830322
0.0683656298144617 -0.00714561133227707 -0.0718272443870885 -0.0695040510681742
0.0624344706467025 -0.0125535754528874 -0.0841804676199323 -0.0226582557503232
0.0696493965738237 -0.0268106010068116 -0.0806847895369331 0.0277292510229173
0.0944152673607814 -0.00892262526506553 -0.0897229872181537 0.0684389608823936
0.0910342060680267 0.0296874640783605 -0.109481273915869 0.0829652934965366
0.0854327400442687 0.0645160588911429 -0.139322795249286 0.0648948460772373
0.0560717133516326 0.0990015128748907 -0.139473941265866 0.0338070320828549
-0.00266573351263912 0.135534025674479 -0.0679692098184933 0.0218194267933253
-0.0665675739659102 0.16270087901054 -0.00684994244362873 0.0858270964134631
-0.100180038340207 0.128172803260105 -0.0800653037569243 -0.0610868350447468
-0.0739225064879758 0.133952439136829 0.0729292942081508 -0.00392999533352428
-0.00862574967903951 0.133157617744576 0.140378024806998 -0.0812172002256157
0.0430812655280428 0.117989195637202 0.097704864447373 -0.150458558339519
0.0787723066632513 0.0804888118638599 0.0257003196528698 -0.153109743263408
0.0953598254562357 0.0394418993796969 -0.01902119041373 -0.111947739817967
0.0937974549191144 0.00107873092973495 -0.0384710550089093 -0.0675334455540326
0.0823189873720202 -0.00776186447348825 -0.0500865364965647 -0.029623941649127
0.0877384003724651 -0.0216495987843572 -0.0468613087105327 0.0201490278582116
0.1137263115959 0.000200708685077545 -0.0551301907483578 0.067901768729345
0.110040260139094 0.0440488842878958 -0.0799591175102552 0.0948519371030168
0.10356602194064 0.0911515373024245 -0.129164049368944 0.0789348018424661
0.0569601169706071 0.134413758464602 -0.142979271446838 0.0290928284756992
-0.0250027166326264 0.161521860951176 -0.0612385971697822 -0.0123394338430462
-0.0958651382738705 0.176997637776908 0.0326336694115379 0.0354007181466261
-0.116788310053883 0.120752515518281 -0.0237199356381758 -0.104640342278082
-0.10134550518683 0.144605840189736 0.105996620072098 -0.0358823749027846
-0.025702063148729 0.166149818089826 0.153066269852784 -0.0902924968993876
0.0512031876377613 0.153089754910569 0.103765633933336 -0.14081085883433
0.0956467967592968 0.0986182564778976 0.049026150340358 -0.127588083041401
0.109615909684674 0.0497148728742778 0.0180910510728316 -0.0950384569165973
0.104837281361605 0.0075022813721699 0.002995186658642 -0.0632664175323408
0.0900619099474184 -0.00179466568340263 -0.0107585849435423 -0.0323531177666667
0.0927598790274041 -0.0111630485732654 -0.00812373803654141 0.0161189080773696
0.114374948497923 0.0142413957772703 -0.0180081920127451 0.0678898266325819
0.108763150585059 0.059866237397161 -0.0478608759963234 0.102482448096546
0.0982960226101969 0.111886276342885 -0.114032572158328 0.0864996100315601
0.0394401468391165 0.151602655683905 -0.140379561124471 0.0217734770002476
-0.053556606692095 0.161509459020463 -0.0528468152765914 -0.0413573422618315
-0.116475720506014 0.161370097873629 0.0716381313484899 -0.0105301641364112
-0.112170579847498 0.0935755419449858 0.0306060100332205 -0.144797936109841
-0.111108109209341 0.127170742846676 0.12638107372766 -0.0718889722926829
-0.0388305947333502 0.164208543350132 0.150744554588258 -0.0945636740125024
0.0469400000907319 0.157623433532578 0.105044192087159 -0.118655854782397
0.0911746650768482 0.0984929277706591 0.075822017697047 -0.0957914378233281
0.103375408984612 0.0515857048882747 0.0591253498862559 -0.0779144860490195
0.0987127833076753 0.0130786053054404 0.0453570640900101 -0.0573867158986295
0.0832911512041211 0.00403514062756026 0.0291649044366448 -0.0308970024320187
0.085332553269819 0.00183282433238428 0.0302408849865885 0.0187449147316994
0.0991988597517866 0.0306670123593827 0.0163769075061186 0.0727193316166528
0.0882980204261137 0.0725567581682556 -0.020438956515737 0.11150159597503
0.0706575866898716 0.123123008045932 -0.097582207041598 0.0893978512144524
0.00414204384435799 0.147541450546625 -0.127774012897077 0.0144157449742596
-0.0849147101031989 0.135178369477268 -0.0354916716227004 -0.0588753377760524
-0.125539207562691 0.118182136752478 0.107570325582572 -0.0410370074120417
-0.0890668961825521 0.047907668076275 0.0722533757520117 -0.173206499261357
-0.10220077592939 0.085835777903398 0.128611438729363 -0.101351127984256
-0.0448572777704498 0.130014017007466 0.139403843711912 -0.0891224729909955
0.0318228086210794 0.130608627077174 0.104795151371646 -0.090063782865904
0.0675777735385965 0.079861447309765 0.100849228593715 -0.0662454197926812
0.0763978678475531 0.0459480454670994 0.0946624630223891 -0.0649919472508095
0.0756394678480977 0.0170858681972868 0.0805275012300963 -0.051465927279929
0.0644925832399927 0.00964363132745522 0.063954425322907 -0.0249424509527752
0.066258543491287 0.0130930231022885 0.0629021594802352 0.0282135018466231
0.0706325990525102 0.0397167301571787 0.0428162595815886 0.0862314030580124
0.0580807292209809 0.074213158510731 -0.00192726830535952 0.124042417651116
0.033276564687385 0.116324086658255 -0.0829969099153229 0.0941289058915638
-0.0337732521515845 0.122642107659805 -0.108019767188489 0.0127987344699465
-0.106291590866979 0.0882188531614907 -0.0136337651042441 -0.0577488323787845
-0.116316726229133 0.0583432172642622 0.137838919136655 -0.0508086484818048
-0.0540054245510849 -0.00911495863621511 0.0940618854779969 -0.183267200483067
-0.0795970917174596 0.030456147389574 0.11554419312335 -0.113365369351487
-0.0429137085199052 0.0742852759451561 0.126655797758181 -0.0734187249068984
0.0105285418076782 0.0804809697607717 0.110551297567894 -0.0642939873240033
0.0299842724514898 0.0480426906455402 0.120483661464897 -0.0493799033117934
0.0350581370229742 0.0345219135934241 0.116629227885626 -0.0596342085698004
0.0403891674941087 0.0208928950483738 0.102481611107104 -0.0468521312199789
0.0356865197146843 0.0134184104646585 0.0869112575498326 -0.0152307602633722
0.0379808608696023 0.0185434932018551 0.0844541886319161 0.0419598321757657
0.0371060617393979 0.035112583396918 0.0581966195309445 0.103683327117851
0.0286912264438591 0.0578465221828357 0.00638718082083667 0.139386256386546
0.00500679241346845 0.0888864744606574 -0.0724952530652653 0.1036059045557
-0.0537678397797782 0.0816458321801 -0.0879664600851672 0.0229637420970357
-0.101701361956601 0.033458390899788 0.00283833005267109 -0.039520449199035
-0.0849567354996146 -0.00372676105525401 0.154880066489156 -0.0424190249151773
0.0338894526499016 0.0476914370066273 -0.155422353539864 0.0605638369547061
0.0643498691663549 0.00496977518121873 -0.00498941396456 0.0577439712454244
0.0453990603661531 -0.0477620969761179 0.0923793658764364 -0.028596611433254
-0.00125271661239722 -0.0476632957852034 0.0853323634666296 -0.120761972005786
-0.00736310900898382 -0.028639842093843 -0.00397846308450447 -0.16869567745457
-0.00376192144215879 -0.023319817624773 -0.0723296199289816 -0.126870058908769
-0.00398014555296308 -0.0197268240025492 -0.101730653252992 -0.0548497455364234
-0.00140256398689832 -0.0159601458336615 -0.112690833883346 0.00218566434411166
0.003077566628399 -0.024373894346168 -0.113839315100931 0.0472041152261108
0.0139628968155855 -0.026734188451364 -0.123353623000593 0.070732242975083
0.0146527787307041 -0.0190136439715814 -0.130422170422455 0.0659113113639826
0.0231237746577898 -0.0282082884006263 -0.136345979702429 0.0549550859800049
0.0467871584128602 -0.0170482969099907 -0.130361914052367 0.0615680055242063
0.0495934004476836 0.0318570080896574 -0.100981210378203 0.0786967856280373
0.018912459360793 0.0623330089389356 -0.0735373297376104 0.160658552439543
-0.0123606391008131 0.0886580472963953 -0.153363814256402 0.0264479918117343
0.022427726893067 0.0543512562416348 0.00738870933161385 0.0354573386561368
0.0319829918485888 0.00935415381527999 0.0957970094008497 -0.0525302193741762
0.012006832281829 0.00272678120734274 0.0791302684177037 -0.136092696452002
0.0200221159829671 0.00816874670402166 -0.00405984573888802 -0.171375399015426
0.031214816334342 -0.00322622518755933 -0.06618440926615 -0.128285462009073
0.0330212846472761 -0.0158016674905868 -0.0947691845602017 -0.0627041944703795
0.0327565839714519 -0.016417543887147 -0.106507860131422 -0.00809639266473361
0.0392537796113061 -0.0278424252394133 -0.103563993298554 0.0406256862212809
0.0584955257428261 -0.0189552758127852 -0.111304444881185 0.0721848613193014
0.0558907254613985 0.00824403742151212 -0.125105459707045 0.0753955337008514
0.0541544636369061 0.0229498915361325 -0.139773436434196 0.0593070761522088
0.050458638880052 0.0440070857240357 -0.132512413211197 0.0481995284242852
0.0228412787532224 0.0885183923210043 -0.0796788589934082 0.0552728050212532
-0.0225376397466665 0.120793018733651 -0.0417161511232118 0.129777019172975
-0.0586072560677523 0.117330003296916 -0.127575136966821 -0.0118941586291602
-0.0253154925214279 0.100574582881771 0.0368170597352667 0.015647180939724
0.0137711382332092 0.0727103638298961 0.114626044042589 -0.0736684944498784
0.0287407805635947 0.0602756456279425 0.0819592953133261 -0.150510416535436
0.0510805778215286 0.0454943520030978 0.00162297864084397 -0.168326560943949
0.0660922081373476 0.0182347357327587 -0.0508019527140098 -0.123345909316216
0.067499519053441 -0.00935215786167626 -0.0744875777191826 -0.0663458386947715
0.0617907151566911 -0.0143773702305401 -0.0852214470325067 -0.0180378319057201
0.0682608078872515 -0.0289414023168577 -0.0795230779294754 0.0328258389753045
0.0927826772643726 -0.0130745457169432 -0.085186042265632 0.0737696985915142
0.0911371925269702 0.025748281167615 -0.104376339854229 0.0897587199740023
0.0867121610495776 0.060072820176077 -0.136053545849713 0.0730282236871511
0.0599225774720575 0.0939168745808398 -0.138380509134586 0.0422229772617151
0.00319860170016506 0.134347674459782 -0.0683573048060104 0.0245140903408871
-0.0571201299899884 0.163040869461306 -0.004612943313422 0.0840356327704568
-0.0939064270301298 0.129998107369846 -0.0825390928870358 -0.0552745454315227
-0.0660833390440654 0.135242979556492 0.0731512655770232 -0.00785425729271446
-0.00216910990296328 0.130327273023196 0.136774081630125 -0.0877181041027413
0.0480603417521184 0.113711443216326 0.0891917083668727 -0.154653929480093
0.0809600192170838 0.0754749877149535 0.0171899504408815 -0.154577679723498
0.0952629368144693 0.0343119683384904 -0.0242191347136116 -0.111978191062873
0.092939898524185 -0.00295770152232841 -0.0422845730465968 -0.0661021436226707
0.0814154452057777 -0.0104519854505915 -0.052117592388217 -0.0259670258805517
0.0858702285217769 -0.0246750706600534 -0.0457543113222392 0.0241372641899164
0.111646562499019 -0.00439316900188012 -0.0510176931188624 0.0720866427900002
0.110373433872893 0.0392554867664853 -0.0746677270298676 0.100565963212087
0.106673155035077 0.0859167419236222 -0.124930191411278 0.0862958521928342
0.0626821341548366 0.129191541474207 -0.141986465874184 0.0384451605102869
-0.0177703111747515 0.160363163975837 -0.0634383146325899 -0.00845189824776411
-0.0853294532389106 0.178013393193785 0.0322071292547668 0.0317356929624078
-0.110376704397582 0.124216197320008 -0.0289816878310704 -0.100681856957039
-0.0936302765599702 0.147591023041787 0.10447557608476 -0.0398317393223075
-0.0173866824051287 0.164391672821851 0.148698585019286 -0.0982063988646305
0.0583823260284118 0.147936642748503 0.0953847249016565 -0.144702030109323
0.0986178578556955 0.0924804921941424 0.0420299790459849 -0.130907002152335
0.110037117343523 0.0440767754494749 0.0132229006842747 -0.0975444986497054
0.104364822408025 0.00321689202904762 -0.000995775346186466 -0.0636242633926605
0.0889776482180286 -0.00527914500126881 -0.0131958965458907 -0.0304126011597993
0.091612161964919 -0.0143267060826091 -0.00772295686182035 0.0183028125821668
0.113093089979904 0.00958220275614349 -0.0134464696352597 0.0700988936662512
0.110119657563831 0.054421393498233 -0.0421658003271786 0.107308719121908
0.102815164271178 0.106301170460212 -0.109078461659568 0.0934740046053334
0.0458259751396477 0.146482557304368 -0.139616847293017 0.0316298560864614
-0.0462700159376119 0.162143364214593 -0.0558213369676446 -0.0378609018925136
-0.106912397915755 0.163531080921129 0.0685410951620202 -0.0145530106325161
-0.107045902192835 0.0973693770927759 0.023466693202262 -0.142922196468829
-0.104270675395482 0.130982057768493 0.123238349753537 -0.0758030900198476
-0.0306581215348443 0.163841833011246 0.146404650730587 -0.101368580023917
0.0545195432267591 0.153533540093964 0.0978040880641897 -0.122511257059315
0.0950284576348672 0.0927727957050536 0.0703491978862261 -0.100600920418816
0.104087145518669 0.0461589045012467 0.054545406244302 -0.0824874253274103
0.0986575272454817 0.00884038600617192 0.0412606553466399 -0.0596064202163275
0.0821399250848776 0.0012427973344554 0.0263088739638376 -0.0306563977861556
0.0844468138432125 -0.00148854025961328 0.0301558122027327 0.0186792949274589
0.0985640247498094 0.0261095626117379 0.0203172075797603 0.0736691802460514
0.0916048319584016 0.0679846567729296 -0.0149521461554101 0.114089439418435
0.0758070161697937 0.118484878122348 -0.0922698531475888 0.0966039822939701
0.010831089894072 0.145193753656166 -0.127602079351531 0.0240104414082961
-0.0794087606868367 0.137879468624727 -0.0399009478091879 -0.055707774178524
-0.118320432260756 0.122106931922392 0.103201121563306 -0.0461868474610532
-0.0863762241073033 0.0517158485407995 0.0636796558756208 -0.17382044320799
-0.0972514434677856 0.0897864265883198 0.125349494700147 -0.104982041484088
-0.0379822473180511 0.131171892609679 0.135513433547851 -0.0951394679400726
0.0386681577770374 0.127956035026365 0.0992899347046292 -0.0941122498388802
0.0708765537157697 0.0756974887803064 0.0968889565931019 -0.0717471099309244
0.077586829207649 0.041511448715677 0.0905180229267874 -0.0708921022716576
0.0761147783205226 0.0142494654617086 0.0767510051227079 -0.0554860796342805
0.0637889197140588 0.00708099339661749 0.0604148463238013 -0.0268419423775133
0.0659559981827314 0.0101695382814641 0.0625526797447312 0.0267952324356869
0.0715777867623803 0.0364762604745547 0.0476923061388321 0.0852741414234517
0.0610863083481163 0.0706218892908657 0.00371459613180118 0.125387215293695
0.0391294639282511 0.113342580332094 -0.0785952436797597 0.100355638930909
-0.0276199304620022 0.122711510655917 -0.107227887637162 0.0208240328985392
-0.101595408988152 0.0924611484519246 -0.0173772601692341 -0.0551411545009215
-0.111870646698886 0.0626170901645322 0.133017130871719 -0.0574310909621201
-0.0545461171111161 -0.00625718912378858 0.0851625436452502 -0.184799996228449
-0.0777441474057963 0.0339853005556337 0.111223444198655 -0.116256191383358
-0.0389613385358833 0.0762027935946371 0.123836297544654 -0.0788526440104108
0.0163114760947857 0.07925465214207 0.106651248041115 -0.0690002092815017
0.0326724056378931 0.0461943576654992 0.117604414453856 -0.0563577766586519
0.0368939153424167 0.0327184813323381 0.112561305784928 -0.0664999922412119
0.0413038272525212 0.0184448026339848 0.0984441059482644 -0.0517754201146399
0.0353121034187167 0.0117927126847572 0.0841834090318015 -0.0189204152612573
0.0383500947924537 0.0162888962511301 0.0851220456766455 0.0393238203304732
0.0380012849418174 0.0332276815079183 0.063436983244334 0.101650448276513
0.031836402382626 0.0555153906491775 0.0125169289471389 0.139910126250084
0.0103367011361412 0.0875961902447108 -0.0676638421727905 0.108124884744462
-0.0497720247132009 0.0830855267166004 -0.0873073762104807 0.0295881576081624
-0.0991884655616999 0.0389923372634217 5.44703114646683E-05 -0.0384750051760408
-0.0836422067582449 -4.6847913749478E-06 0.15068692518478 -0.0498377967705802
0.0343070214488278 0.0460866595856771 -0.153238390853333 0.0621911901971301
0.0640557991036931 0.00314730502160647 -0.00315996604811791 0.0565984844661888
0.0429522769036028 -0.0486130604165762 0.0926687422616903 -0.0318667779499659
-0.00277741722347869 -0.0474108751690861 0.0832431150430783 -0.122053890150043
-0.00822125675357996 -0.027691271597368 -0.00666387409346723 -0.168504625316618
-0.0045721859412219 -0.0227263694808154 -0.0736024307798927 -0.126218225567619
-0.00381074133935026 -0.0197331385399819 -0.100504873499646 -0.0535341455052618
-0.000655709423578502 -0.0153287058177313 -0.111227136938217 0.00396945679985467
0.00311288754989497 -0.0238295684209528 -0.112004550936664 0.0490032405682165
0.0133527974149305 -0.0262282959542375 -0.1207123836562 0.0726393358957348
0.0139616077840765 -0.0185417890524927 -0.128109549566463 0.068061149759334
0.0213516478870341 -0.0285777919692141 -0.134659612160055 0.0582721320460131
0.0459136656509803 -0.0184331341938768 -0.12867372528025 0.0624960029795673
0.0500275604024192 0.0304930368168822 -0.100242862717608 0.07805791284053
0.0201416551257388 0.0610801115483164 -0.0718435870253849 0.158116514343352
-0.0114246441179488 0.0863833494571667 -0.151808459986747 0.0294441303150359
0.02341533714549 0.0525992957815716 0.00800385134439252 0.0340089032266311
0.0308034811002694 0.00769318256451201 0.0951688305875587 -0.0552883895811689
0.0109270834567053 0.00185938107046466 0.0768381094246708 -0.13653337585545
0.0192199198997913 0.0078417674335555 -0.00666070161074179 -0.170602892454942
0.0301673186511347 -0.00316035075840507 -0.0675723540487948 -0.127777803759583
0.0321859414353405 -0.0157000501191003 -0.0945118170371843 -0.0620581250640318
0.0327865846458536 -0.0156889942664654 -0.104822121540486 -0.00663944127301574
0.038879682827694 -0.0274628242971701 -0.101588497504241 0.0430549988664865
0.0574282587963013 -0.0186654308841814 -0.108390470745096 0.0743950915442103
0.0552020316424539 0.00793398879270485 -0.122716027965724 0.0779569756950307
0.0527783660804121 0.021951425480521 -0.138223371185043 0.0622053752359443
0.0498489141323868 0.0419510168417731 -0.131165843685113 0.0506802627864623
0.0239451557550108 0.0868053533955008 -0.0797543650258036 0.0543725654960193
-0.0201216604531283 0.118527024548805 -0.0412873412085408 0.127515945056364
-0.0567138479415408 0.115010759079722 -0.12606546288498 -0.00940950139703163
-0.023158352801081 0.0982997604319553 0.0371403852114661 0.0144670375259426
0.0141662545423808 0.0700564438404114 0.113300568301373 -0.0757687085283784
0.0281276455679728 0.0579775261190095 0.0794640073748535 -0.150961856376971
0.0502372175107541 0.0435074337489791 -0.00152012446121857 -0.167046602224936
0.064599970256969 0.0172857809030181 -0.0521751174520158 -0.122678689209171
0.0660542949072963 -0.00973970957259765 -0.0748053123075626 -0.065317057841669
0.0616037167234924 -0.0142438117087948 -0.0840893552772529 -0.0161092144905945
0.0670127345793062 -0.0285352512630993 -0.0783869550672367 0.0345874783571378
0.0911521163171176 -0.0130547985076713 -0.0820257949005846 0.0757254262572395
0.0897093036593096 0.0247652170259086 -0.102212425763599 0.0921540650958475
0.0853908345165283 0.0582039722235548 -0.133698434063737 0.0764913854337751
0.0595073297356575 0.0909339552568735 -0.137108036262743 0.0457734405206579
0.00430978305583948 0.131744954838101 -0.0692076168885097 0.0244040482986058
-0.0536295486352564 0.159756911861791 -0.00534359604864723 0.0816474217172338
-0.0912391933075815 0.128513214578434 -0.0823141196376165 -0.0519667323483774
-0.063401443751494 0.133677124617902 0.0726581222322609 -0.00812363743808367
-0.000802428554184935 0.127348623056288 0.134745166883801 -0.090349720715199
0.0481029178595609 0.110202620119754 0.0860051291434414 -0.154816431705764
0.0799749977163445 0.0725335684024246 0.0141446552940789 -0.154529425815951
0.0935000365016661 0.033105234730068 -0.0257608448225284 -0.112254062637029
0.0910137270720655 -0.00361598701147109 -0.0429081958130333 -0.0656532654917607
0.0804360054704938 -0.0105300268458083 -0.052018174525718 -0.0239701837954197
0.0843157241796299 -0.0243652617506217 -0.0456972606634117 0.0263452514393267
0.109571214264376 -0.00533636301182362 -0.0484406357405904 0.0740858512029706
0.1092049695603 0.0376602060133566 -0.0716543406115794 0.103052317097036
0.105582689051501 0.0834925645348736 -0.122250233623724 0.0899460962145777
0.0624124651636923 0.125191924688546 -0.141151426495875 0.0430373237449144
-0.0165645056700397 0.157851652056292 -0.0640582646162988 -0.00743651227338102
-0.0807764664234204 0.175111224726822 0.0301759515489312 0.0300588430610396
-0.107944277268581 0.123214182925858 -0.0295457804019532 -0.0976409041336394
-0.0905133266603241 0.146026518806263 0.103892906168404 -0.0400452496190877
-0.0154041598696302 0.161183058371937 0.147039402117979 -0.0995190954892713
0.0594939219017453 0.144343339992162 0.0922054311594846 -0.144466941987239
0.0977110552570443 0.0894026888624207 0.0385129984788079 -0.131407755567617
0.108323801885833 0.0421387300661091 0.0116380194782285 -0.0981923794520716
0.102706948929752 0.00217855555761652 -0.00321244465528292 -0.0634736686003327
0.0875997276963391 -0.00503201292018075 -0.0139634404057111 -0.0289218164433169
0.0894614165531666 -0.0144748009526928 -0.0077319900127422 0.0202740797266015
0.111517406782446 0.00859878206612144 -0.0114124045946289 0.071640050308999
0.109527977691687 0.0523441025512133 -0.03996429707876 0.108800569968962
0.102970711022817 0.103258597076446 -0.107026148214791 0.0969915099419517
0.0466418692262065 0.143136181342545 -0.138706598926493 0.0364623519443888
-0.0448711052772828 0.15993333926021 -0.0575374761021315 -0.0358512342863921
-0.103048610561819 0.160506026678065 0.0659711328321085 -0.0160127582938042
-0.105106129841568 0.096952617933211 0.0214640465897937 -0.140030104040095
-0.101325593354873 0.130482880566571 0.122540849708997 -0.0756241517625392
-0.0282992653047884 0.161820558430943 0.144773903058069 -0.102870612892352
0.056133013818144 0.149831225861999 0.0944457718552985 -0.12281141638359
0.094425185564512 0.0897956206607619 0.0669933964898251 -0.101987386373174
0.102921070131392 0.0443454028271403 0.0525422688451343 -0.0842378892096302
0.0972078985770551 0.00761472136265431 0.0390380690999931 -0.0598515860637456
0.0812511185040166 0.000955903584498458 0.0246250566381882 -0.0300458163831214
0.0828712513584963 -0.00195574155249044 0.0295094090355807 0.0203973873533788
0.0971670726862776 0.0249985626989021 0.022717138103831 0.074643574537556
0.0909634571151239 0.0659929103116141 -0.012695552947419 0.115842702506401
0.0766372233927312 0.11517749409677 -0.0902900790735109 0.0995650664710162
0.0121536621065519 0.142271437197496 -0.12652029090849 0.0287712902123704
-0.0770264260073648 0.136836434969019 -0.0412310716068836 -0.0534619114530372
-0.114478651499882 0.120265532262311 0.0999765874421559 -0.0475326030142018
-0.0850706056494579 0.0522147027440345 0.0613683893897309 -0.171253008298034
-0.0954869237999292 0.0903844596907994 0.123930469673823 -0.104383488494441
-0.0357757638134436 0.130081759791778 0.133278710244591 -0.0960840526343073
0.040942495753126 0.125375658563533 0.0971390412937827 -0.094060990096336
0.0710295659461414 0.0732252332328762 0.0938336861995102 -0.0741812768814002
0.0773962767081041 0.0399565062446904 0.0878510047152776 -0.0729680802968797
0.0753370247404967 0.0127786482672036 0.07438824101669 -0.0561570453659884
0.0625840863114001 0.00688910278953437 0.0584736321415731 -0.0260908984179105
0.0653230391340149 0.00970870974121441 0.0617463170514497 0.0272234002018163
0.0707073017924992 0.0355395642231802 0.0492066320710608 0.0858684569745792
0.0613408167975137 0.0686861002226633 0.00513125323915204 0.126221673285109
0.0406020732311137 0.11067318859898 -0.0765661777216668 0.102936321671401
-0.0255287691880717 0.120798686212748 -0.107169661971198 0.0259392124079061
-0.0991110178833216 0.0931498941807133 -0.0190786736059959 -0.0536249613091843
-0.108516815327459 0.0627842951492831 0.13008049728146 -0.0589269445258375
-0.0544376345168318 -0.0052024948339531 0.0822633867909955 -0.182747751328332
-0.0762898783576632 0.0352510240074927 0.110795983998747 -0.11513598955467
-0.0370534120988249 0.0761462498800089 0.122917297695747 -0.0798920480611291
0.0184533376424603 0.0778667585726223 0.10489409167367 -0.0700317231420526
0.0331019547145793 0.0447979710598438 0.115043096217114 -0.0590798992195535
0.0372206931480562 0.0317070699227704 0.109555614981969 -0.0690712289020409
0.0411117745263942 0.0174730317878551 0.0961984177113021 -0.0532512428688868
0.034527284151464 0.0114953434732234 0.0818518338787076 -0.0192092884139886
0.0376331986438321 0.0155646573618963 0.0840071176271212 0.0394215010626306
0.0375663120985087 0.0327824738249282 0.0647653621563252 0.101271201672565
0.0327924733601196 0.0540961299719741 0.0138239892715386 0.140001780846271
0.0125415118446976 0.0854631541509865 -0.0658093214319442 0.110110374025801
-0.0480139696085233 0.0830784358341474 -0.0865275719854143 0.03275144136775
-0.0977511496529858 0.0400528643454289 -0.00135495025700352 -0.0372610516959995
-0.0820413504896781 0.000704399145203075 0.147304281090258 -0.0511559231395695
0.0345357557503146 0.0458941700791193 -0.154989794122603 0.0621101611206872
0.0655107038035775 0.00321966057986855 -0.0027179072385599 0.0564564322736436
0.0430229175617577 -0.04900801000201 0.0951006312044888 -0.0339588117335181
-0.00315053485793358 -0.0477089938195393 0.0860429903135133 -0.125033344565729
-0.00863136133059244 -0.0275063532117857 -0.00582676040994817 -0.171221177240385
-0.00457294916430772 -0.02215933712257 -0.0744745765361984 -0.129861066462905
-0.00400993439395242 -0.020015937073821 -0.100661675348739 -0.0566837390736107
0.000471710126143395 -0.0156714364871052 -0.111939425023556 0.00278017031294353
0.00328202444533316 -0.0240044512167666 -0.112528216720672 0.0498224978975519
0.0134479011478839 -0.0261277950599516 -0.121839370038282 0.0732241168622766
0.0136464738779866 -0.0181863100623606 -0.129312119079788 0.0685254613416574
0.020523409381159 -0.0287780452706538 -0.137589509364913 0.0586780745620405
0.0459892684931604 -0.0190519981626439 -0.130993316483182 0.062070118280092
0.0506157451023273 0.0310241397977748 -0.103586928173067 0.076040602446142
0.0205857972941252 0.0609931444804103 -0.0756369956676871 0.15756386869302
-0.0122764254863966 0.0860223627511782 -0.153115937697016 0.0290463515407185
0.0236470137917353 0.0526498087584645 0.00846395855387049 0.0340888579242492
0.03018741943449 0.00721374879826344 0.0980199367081531 -0.0571190035756187
0.00998869637747872 0.00147343613400396 0.0795382420475642 -0.138972589093466
0.0186561011883074 0.00832453024047612 -0.00588067504890142 -0.173087838494245
0.0299319498135674 -0.00205439188818052 -0.067818086399299 -0.131461095557705
0.0329295808534606 -0.0157598934374712 -0.0947944460523435 -0.0643522885371998
0.0336414926246491 -0.0150801391685544 -0.105645077496142 -0.00691326117255884
0.0392612277770329 -0.0268572194510995 -0.10259010160261 0.0435602706866335
0.0578491508593406 -0.0180134604225646 -0.109444482341546 0.0756879639300371
0.0551000589394977 0.00889649115618358 -0.124198797897031 0.0795514686985788
0.0520867160442042 0.0228521866338169 -0.140172086802287 0.0637123241675161
0.0487052964727169 0.0414579888572463 -0.133708074020442 0.0510363968118255
0.0237062089268304 0.0872636525623059 -0.0832484699711503 0.052879824504977
-0.0204406616499601 0.117979245396204 -0.0446990982672679 0.126745202590312
-0.0584028563689111 0.114645989453238 -0.126846825680913 -0.00893423396435647
-0.0236701095232115 0.098391998935874 0.0378381526119064 0.0148706628576503
0.0128996235303543 0.0696439947172193 0.116332796274805 -0.0769187187796797
0.0265953455212429 0.0577538053778128 0.0815449280372729 -0.152024510131097
0.0494836055795684 0.0440157055031555 -0.000766277635358784 -0.169905391548733
0.0643668222354235 0.0186213527123348 -0.0519017342805063 -0.126158027516406
0.0662977203090578 -0.00893166280064472 -0.0752493745146189 -0.0676420113225654
0.0624475642636184 -0.0128618912170684 -0.0845843429186244 -0.0162381632229769
0.0676175286638926 -0.0274849449011029 -0.0790678997787334 0.0358357943248639
0.092034292286227 -0.0118948092846423 -0.0829400009981462 0.0770274516028406
0.0899123834077431 0.0261874229371318 -0.10303150182808 0.0949134589038947
0.084762862837944 0.0598763361442654 -0.135746411972158 0.0781832260534443
0.0581282170351692 0.0912260100829481 -0.139846805186599 0.047398913397547
0.00248428659747115 0.132112810905881 -0.071971083495259 0.0231179041906964
-0.0548289340896794 0.158867170216219 -0.00823985983121258 0.0812150144729816
-0.0933409457114598 0.127792582352923 -0.0824962161125816 -0.0522784725435372
-0.0650626209959757 0.133336266047463 0.0740455396817678 -0.00754194626751932
-0.00248970551084721 0.126832032433897 0.137698661951402 -0.0913288562152476
0.046534963010308 0.11086659666653 0.087822286873562 -0.155647721432082
0.0791754358882175 0.0733375611778359 0.0143470451648535 -0.156916624723915
0.0932613676158532 0.0345711472521697 -0.0254628298855209 -0.114750052792896
0.0914935818415013 -0.00247964049310644 -0.043065915546822 -0.0670236766783199
0.081447168518631 -0.00885389209985534 -0.0527999217579476 -0.0237887526213061
0.0848823360137414 -0.0226046537525056 -0.0460842983180447 0.0277413327335123
0.110749348458489 -0.00350049472054321 -0.0481205251084075 0.0753491548153398
0.109449590069359 0.0395184476677064 -0.0724744397290021 0.105996164615539
0.105467805264834 0.0852332863719025 -0.124025440423181 0.0924405244016266
0.0607841319229408 0.125612787277372 -0.143613756662673 0.045431038718978
-0.0189702220541358 0.158583925525507 -0.066919462630342 -0.00818753506778519
-0.0827971456376318 0.173525351706753 0.0282785598308264 0.0295766311667132
-0.110585198634596 0.122518533443959 -0.0288528765550067 -0.0977044623396233
-0.0928041978183255 0.145470004377161 0.106514326888368 -0.0392820256832693
-0.0172364307973027 0.16133344525739 0.150063849911344 -0.100305920685043
0.058017547497056 0.145028972367505 0.0940848746285898 -0.145476945139573
0.0970274219376772 0.0905465846817427 0.0387450037528174 -0.133486930934362
0.108149342621857 0.043731908290037 0.0113663375297844 -0.100997049354281
0.103248995593637 0.00354437230334909 -0.00291174274356818 -0.0645131464339866
0.088613246561678 -0.00346655242353996 -0.0144859684008794 -0.0283985211944948
0.0901698986866428 -0.0129398726835108 -0.00828564442403251 0.0225529510694344
0.112051153991205 0.0106362642088198 -0.0109135421378151 0.0741394576213227
0.109731713251387 0.0538485773014931 -0.0401537666457896 0.112467892687912
0.102261516573685 0.10496620531348 -0.10806047800431 0.100228762729268
0.0448616275216517 0.143512792479059 -0.141183321593805 0.0395564420409473
-0.0472190553294294 0.160724693178278 -0.0593867312325112 -0.0363446270418869
-0.104574052742136 0.15964269807196 0.0644273026232801 -0.0163456487928143
-0.107434812012898 0.0968556996740387 0.0230937910973729 -0.139669562267621
-0.103509439767793 0.130058140853818 0.125055491203642 -0.0750571175977218
-0.0300903672686898 0.162145847971511 0.148224963080874 -0.103606416234619
0.0552703972446824 0.151137867535295 0.0964409575858519 -0.123380687021896
0.094079977767876 0.0910430991394594 0.0672780136250435 -0.103236948526557
0.103211892529067 0.045615861286214 0.0527022647959023 -0.0862422489033064
0.0977318400939137 0.00884479293007762 0.0389172859715279 -0.0608855919386908
0.0816718793696564 0.00226954840341862 0.0246822518488351 -0.0287418364432432
0.0837252094776341 -0.00060885338368939 0.02934570092177 0.0227942115383651
0.097401880187126 0.026854322288738 0.0232848314926018 0.0773397655991995
0.0911625572104378 0.0673099757111626 -0.0132247139750805 0.119761043101281
0.0764963460739362 0.116337461477769 -0.0913864018063181 0.10276661191374
0.0104105485934009 0.142727167769342 -0.128729906860231 0.0315522124771226
-0.0798397085169501 0.136871327379236 -0.0431224832741771 -0.0531684518220478
-0.11548820548707 0.118466397621087 0.0997986414229138 -0.0478716340857772
-0.086899805556473 0.0518133618457928 0.063252599726989 -0.17071069601082
-0.0975173179124269 0.0903482980951683 0.127223050124419 -0.102863601272137
-0.037297656873567 0.130935754801988 0.136564644141582 -0.0964728905553938
0.0414220159880573 0.12612528689133 0.0991106844474055 -0.0945759585855307
0.0710252775750959 0.0744655492973562 0.0951828496962234 -0.0754463316746344
0.0776961111813185 0.0410773741181749 0.0883406421594188 -0.0746417364770558
0.0763028539714087 0.0133648859065712 0.0747514101130394 -0.0571408109948815
0.0624453622040591 0.00820826178666874 0.0583367749838518 -0.0250187245578895
0.064923861478447 0.0102280621528109 0.0621446880079515 0.030043545155485
0.0708051577875345 0.0372386275768523 0.0493076425124764 0.0884484396490948
0.0615782314624342 0.0696027667359831 0.00441848114533896 0.130414628877955
0.0407420938235772 0.111298382963372 -0.0778685008264064 0.106372602530878
-0.0273439733244311 0.121517803349229 -0.109081126526715 0.0279291750959772
-0.101175156319594 0.0934699943774852 -0.0201200567613682 -0.0536234495678101
-0.109373204113766 0.0609564386100735 0.130516497781721 -0.0592618150706578
-0.0554402334793035 -0.00522604381656093 0.0849806756478317 -0.182670287547771
-0.0781624678255884 0.0358770662217472 0.114714572818402 -0.113888972951571
-0.0376010333313517 0.0772086422502894 0.125756556854838 -0.0799198481756721
0.0197737080410406 0.0780855322808549 0.106953231114211 -0.0698910707111991
0.033511758939575 0.0455098886315043 0.116398109824088 -0.0605421537637308
0.0378189446663513 0.0321788856877715 0.110000195433471 -0.0702191533529313
0.0417895425035622 0.0178013707104902 0.0965203312918694 -0.0537217242797142
0.0341564591316169 0.0120182524227652 0.0816629460678416 -0.0179888178456103
0.0375150984311934 0.0159011889468211 0.0838047352178416 0.0419802389513937
0.0372933464345935 0.0339000492279599 0.0646732950173235 0.104151291861812
0.0323348413695244 0.0541102158313851 0.0126727030910666 0.143879687813523
0.0126239736138203 0.0859125888646401 -0.067649934719158 0.113575334834522
-0.0489734178946764 0.0836221175318909 -0.0887762016293505 0.0347236629416501
-0.0991889672125413 0.0402675936854693 -0.00194851842371849 -0.0368365785109219
-0.0822890209256065 -0.000362994887424383 0.148631958375686 -0.050598512978138
0.0532399382546024 0.0303999651183677 -0.118463896647974 0.12489307633632
0.0634561556494002 -0.025410102527423 0.023170798782823 0.0513833804620259
0.0180473908267436 -0.0640574559246281 0.0726430609450996 -0.0779529263927456
-0.0262502353182192 -0.0414983794492389 0.0239242547920674 -0.159728604670942
-0.0213293750483521 -0.019497501607481 -0.0844099946454173 -0.159238123602518
-0.0140052010064363 -0.0169290027742808 -0.1290505888176 -0.0904555807508232
-0.01207215616057 -0.0169483214834317 -0.1206357558203 -0.0113917412914531
-0.00528835376507543 -0.0147190054732792 -0.103604624162281 0.0521559784379512
-0.00678008207911714 -0.024042317958083 -0.0824018598666645 0.0974910709922301
0.00178405130298005 -0.0299931386051046 -0.080298617703652 0.123353798554197
0.00501407026578239 -0.02207995442542 -0.0904313439075003 0.122680502437228
0.0038217763925763 -0.0343501461633149 -0.101131869225489 0.117419865099904
0.0330995874214145 -0.0384784329137342 -0.0945779786921895 0.117274283537741
0.0608670849862439 0.00717725560474394 -0.0695285879298302 0.118061081025677
0.047807803569722 0.0495188025961367 -0.00998014520617714 0.182048075863669
0.02452090450513 0.0873217946554741 -0.129472395709556 0.0962327139227039
0.0437312280826705 0.0378660349766627 0.0245194038389757 0.0272625755667177
0.0286730977283632 -0.00637251934269243 0.0675768669809664 -0.0991520844660043
0.00577769204676718 -0.00185469210266494 0.0138521026111763 -0.168263708481917
0.0182637534606283 0.00247717886741617 -0.0832097319967842 -0.160606601012753
0.026545833883643 -0.0127304996069499 -0.122077932212574 -0.0951637869268101
0.0236880251027389 -0.0277952925503922 -0.117386184171207 -0.0214554604826114
0.0276095506360354 -0.0283174450247449 -0.101766478472524 0.0408842371427668
0.0258448049362947 -0.0421278081705105 -0.0752322605864063 0.0883182803181175
0.0476327112044873 -0.0408822278157883 -0.0667897984044407 0.121465467137545
0.0568139751490673 -0.0134006651660901 -0.0802339801193864 0.132870956125952
0.0561103597799287 0.000847494903523758 -0.103775350816042 0.127179261602269
0.0617134146094021 0.0187946823365424 -0.103585112090959 0.109557061232389
0.0591804197328531 0.072829611484624 -0.062989192425277 0.0864646226747984
0.0345439175418285 0.123333849925871 0.00323398063316919 0.136651351234523
-0.00860167286147304 0.132687024118674 -0.121044499357406 0.0510544958170958
0.0174923690989073 0.100045480895371 0.045299747201968 -0.00198986319979711
0.0373725175267732 0.0586695623905392 0.0786651760884296 -0.123822392392933
0.0444035116485225 0.0434334380513278 0.0121693443348598 -0.179399921746793
0.0617982935043858 0.0226461032122595 -0.0746667718444597 -0.160642153221036
0.0672564908141453 -0.00749742259260851 -0.104032060262146 -0.097913697235689
0.0583311046493599 -0.0354653668064811 -0.0992127804088878 -0.0330988695667729
0.0561302422183771 -0.0376220395646077 -0.0858968281984014 0.0232182783275752
0.0529149338584112 -0.0537730964875844 -0.0560172177094975 0.071436164249663
0.0829575403729784 -0.0494771486865488 -0.0402106543797222 0.112274221971298
0.0982002194853809 -0.0113361173559366 -0.0536998472217351 0.140206200272889
0.103026988806622 0.0218730624019588 -0.0938318441482336 0.143141887770799
0.0919140349731391 0.0625832229786685 -0.112806016759664 0.110407159571363
0.0585126703183407 0.125044643758767 -0.0670936642003152 0.0537211927012709
0.0202294678761953 0.177908285735009 0.0155864374487442 0.0753246410454376
-0.0376240582534614 0.159437425278095 -0.0973308979605284 -0.00700184646155023
-0.00816945233758488 0.149417369302022 0.0706646522690738 -0.0374026062404981
0.0455005720239191 0.118447227098777 0.0958428930148754 -0.145029516421535
0.0839796076563045 0.0831189124609238 0.0192096187119436 -0.184921905348644
0.101417087402487 0.0373491320666814 -0.0532991853979191 -0.155146303861824
0.101265063258683 -0.0051481072244706 -0.073340454086698 -0.0997226031224368
0.0850797033948723 -0.0399000441999002 -0.0677714876199055 -0.0463023381942401
0.0760660334188531 -0.0415370302184059 -0.058914680722259 0.0018057916421351
0.0716316018931176 -0.0567556407672104 -0.0284701761636738 0.0498098352586778
0.104747552439178 -0.0498284992180009 -0.00798373872432234 0.0963589144482044
0.122958652565871 -0.00757383736985636 -0.0198917375005342 0.138317143680686
0.133839856608809 0.0365821924712013 -0.0766826547627347 0.153621882182858
0.10888348016759 0.0943544089996014 -0.11806309186012 0.111494939685534
0.0491442806141909 0.159204461306062 -0.0763636602548629 0.0208281345070438
-0.000279322711547204 0.20494165400552 0.0282043531763031 0.00924141878205364
-0.0577823643679664 0.161452755877948 -0.06615230722855 -0.0721238037116406
-0.0299382386099701 0.172787662900599 0.0874197664851318 -0.0800482090531207
0.0455100642324605 0.157098641111755 0.104391720060502 -0.157576091361074
0.109736895531879 0.109538668362767 0.0318853179444405 -0.176447702902797
0.125214311148371 0.0455181389721539 -0.0190837358437241 -0.144868351309548
0.118955243279054 -0.00356517118829941 -0.0324410408198442 -0.102397091455458
0.0985854851351232 -0.0397343547897894 -0.0284305073117212 -0.061396836845804
0.0846514093708987 -0.0388825170345668 -0.0248098486629114 -0.0187621029908414
0.0808621606391403 -0.0494196072689549 0.00508058585720089 0.0281169227558491
0.111899904913927 -0.0370200648317632 0.0261639265293809 0.0783360242852427
0.129145579948699 0.00610460520867664 0.0124615945876928 0.130872116697318
0.140361033279703 0.0558847306474456 -0.0595723866858923 0.153731226729845
0.101089185415564 0.118911749694064 -0.118401692264304 0.104724167862098
0.0233393153774182 0.173546267293178 -0.0811470897165625 -0.00959323268479466
-0.0272506894562742 0.200101597745374 0.0441071710881744 -0.05114243459908
-0.0657339581082212 0.135504067746099 -0.0352956986179706 -0.135093591573272
-0.0472077314954365 0.163777485596615 0.0904113263030294 -0.121877941194686
0.033962606854997 0.163316024815296 0.101301621749255 -0.158393516779563
0.110832241978351 0.115508571603436 0.0441699369216565 -0.156392470039091
0.122912782754427 0.04651907807712 0.0211561913518771 -0.12923986389609
0.115394289382749 -0.000239200507368121 0.0127880057114905 -0.106476178528511
0.0960224331855427 -0.0325970514190687 0.0125552228962645 -0.0763831429723251
0.0799781174687315 -0.0304483914937302 0.0115544413870986 -0.036199753700268
0.0796045811962447 -0.0350604285201567 0.0399508657862631 0.0116434279568484
0.105019304752806 -0.0153853600262511 0.0593124356654307 0.0663083689986742
0.117022011921555 0.0266450830380127 0.0402899416347604 0.124568560521172
0.121275659479555 0.0776096647962909 -0.0448242505727056 0.148104329267013
0.0685846508775593 0.132412316429015 -0.111242354457911 0.0911857598869983
-0.0169556247977429 0.16523981086816 -0.0715062470935774 -0.0347978016565032
-0.0567084221239317 0.166016364530329 0.0672897183621266 -0.0962271839917183
-0.0650738554647142 0.0856378271638945 -0.0115440175412063 -0.183265808097949
-0.0574937374406164 0.124807249045969 0.0792083282312574 -0.150295222489015
0.0159404709328277 0.137671369108492 0.0921462512659936 -0.146431790025909
0.0884025295544813 0.0982343136404173 0.0580486606906072 -0.130433033319303
0.0952644841516738 0.0395978495118638 0.0584939699834957 -0.115076565809344
0.0897294400717928 0.00504891818635743 0.0509275292639973 -0.11048268816121
0.0773181740116122 -0.0194278963858419 0.0470867636874761 -0.0880958166337293
0.063688336740981 -0.0174991439174631 0.0441459129366872 -0.0479375201347342
0.0663619568027958 -0.0168562269633996 0.0732195324728563 0.0038039663134706
0.0837267271794991 0.00587303746619109 0.0877452297917497 0.0642238907256786
0.089534077430143 0.0405823148709662 0.0604716361929885 0.125845798420098
0.0857130188151735 0.0876992078438311 -0.0315883489125143 0.142960165888717
0.0238814627152071 0.128889348936073 -0.0938582384021632 0.0767879042357064
-0.0563727416578736 0.13319341312196 -0.0478520456288458 -0.045795979424285
-0.0771955511586265 0.107778040620419 0.0949521186035726 -0.118583513678165
-0.0581695571014657 0.0193284258312863 0.00339103222117333 -0.206475253546023
-0.0607420913731217 0.0666722348342596 0.0614195375400243 -0.15547852062184
-0.0058044771015554 0.0874147229221272 0.0870316281766038 -0.127352913822695
0.0494545382924717 0.062659988005817 0.0733109361389974 -0.112039118891728
0.0486785231771982 0.0271931460209948 0.0839175634717221 -0.110107055122924
0.0482936066872304 0.0135520477006 0.0724483669340898 -0.115847556062838
0.0466282035192419 -0.000924581728311016 0.0689414098061227 -0.0941664735515892
0.0376462941634367 -0.00163147998284201 0.0689458416975687 -0.0517813693926482
0.0423447132647005 -3.56519363980553E-05 0.0992997693314514 0.0042563949877242
0.0508380667015411 0.0166897508246708 0.108089720589129 0.0711255734777911
0.0549059519712731 0.0378441934797667 0.0738755004292182 0.13333607586993
0.0485545691675809 0.0756444912492424 -0.0186584942145105 0.142425850224897
-0.0117728352743418 0.10225043816146 -0.0710886538548248 0.0719049187994961
-0.0763949662345424 0.0819884744843418 -0.0203544847968862 -0.0379695415323149
-0.0785210813857047 0.0361164155239801 0.120042618210804 -0.116305607665799
0.0565000711117783 0.0298259020116989 -0.121115126647439 0.134869306609185
0.0664060111154091 -0.0292056779192348 0.0256216623737252 0.0526091869020759
0.0168712213876579 -0.0679296755502792 0.0748439829418809 -0.0859868854829006
-0.0295731423963273 -0.0427209812259044 0.0212898678661849 -0.170822395954265
-0.0227102745964517 -0.0197125483315941 -0.0931893441441783 -0.166288648649235
-0.0150901748492514 -0.0167746824556108 -0.139805766755973 -0.0937739647562626
-0.0133968448276187 -0.017723989529071 -0.127798759376232 -0.0103434769397986
-0.00493133081878103 -0.0163150747905337 -0.107366152287983 0.0575677816104513
-0.00778010209520764 -0.0249248327704412 -0.0830478310491031 0.104949508376127
0.001411237956707 -0.0313031573090266 -0.0800641779965193 0.132331815302292
0.00431460310507373 -0.0226419010836635 -0.0914649743840929 0.132354481173638
0.00206104366975268 -0.0356456688100652 -0.103101174362915 0.127581880830777
0.0326177449626609 -0.0418262069082538 -0.09686269478904 0.125798503710986
0.0649885710272165 0.00532437829934234 -0.0730635471024595 0.125505662750741
0.0517595465710071 0.0499641421799349 -0.00887290511375518 0.191524062118467
0.027218630257476 0.0901926739639998 -0.133729007108082 0.104757985455598
0.0469610832656989 0.0377709092371935 0.0270369052357983 0.0269701076643422
0.0288472786871442 -0.00801385328029511 0.068691517665982 -0.107931783702807
0.00503018264363557 -0.00120395298513802 0.0101573785552387 -0.178460179120135
0.0192920585059815 0.00266331989483179 -0.0923363917955993 -0.167438447749786
0.0278678713662288 -0.012946037672866 -0.132126250617679 -0.0984482749495868
0.024491767921788 -0.0291876217950518 -0.124505993266087 -0.0206591567635624
0.0291529222528377 -0.0305587812362685 -0.105706853366209 0.0453297074992064
0.0270180380956146 -0.0442793340436137 -0.0759915521610385 0.0952167537362469
0.0497774149621623 -0.0438086962525708 -0.0669267195668702 0.13051686215039
0.0595084415378727 -0.0144810942925766 -0.0802109394251824 0.143517540688151
0.0577136384283256 0.000305032348323927 -0.105121992582438 0.138750765058871
0.0640095044450843 0.0180347692331918 -0.107202386568002 0.118854788719222
0.0634394126684739 0.0749484596486091 -0.0665329215422203 0.0927241151774831
0.038525136263467 0.127800220078254 0.00426329056168223 0.143773510933025
-0.00650013013488165 0.139283943871572 -0.125804586855427 0.057431578315193
0.0205959857316737 0.103444893788161 0.0476947145783136 -0.00356459574671309
0.0398933995662873 0.0597945785786045 0.0801984608627036 -0.134016369344906
0.0463536600460119 0.0441352601493373 0.00861751266642682 -0.189890720507076
0.0645278754194521 0.0229893467275865 -0.0837307590554879 -0.166807653494389
0.0706546303396587 -0.00934900377203741 -0.112929884033894 -0.101390128631955
0.0607412827605048 -0.0382196578122497 -0.10594711532653 -0.0333345147350959
0.059337288937125 -0.0407850575438515 -0.0893355360374661 0.0265780605792081
0.0549208420605732 -0.05740768421623 -0.0556917688448571 0.0775540006601698
0.0869753780678426 -0.0538413573250855 -0.0389321606347345 0.119906216293903
0.1031101601814 -0.0133170348548919 -0.0513453029995392 0.150487582421342
0.108465566228761 0.0214212875454124 -0.093866617045106 0.154945853905426
0.0960384503603205 0.0638757933593557 -0.115727737096068 0.121150362110901
0.0634321844457114 0.130033613859373 -0.0716369618504211 0.0588216037293281
0.0238898421290346 0.185212642350851 0.0158183190968291 0.0791708248759444
-0.036435848864946 0.167721914271619 -0.101555990335836 -0.00323296735164318
-0.00537031846131693 0.156488637788201 0.074117106543825 -0.041595101639796
0.0495061534025298 0.122897587130299 0.0971790840154059 -0.155958813532926
0.0889389906038407 0.085235012018689 0.0166751879394787 -0.194858842865425
0.106760532261927 0.0368796901673768 -0.0610242555771864 -0.162395201366318
0.106016756755977 -0.0071591289059434 -0.0806843248565048 -0.103761918672978
0.088803092043117 -0.0435907000543572 -0.0734766630883496 -0.0478610134853974
0.08007843781045 -0.0448332909806537 -0.0607410768451558 0.00404203815477233
0.0748945033269258 -0.0603027369992062 -0.0271118527364929 0.0541619214501018
0.109315529145447 -0.0538919367192443 -0.00424788778038703 0.102377708728124
0.129093986363741 -0.00985712515568402 -0.0156615202858622 0.147932196363556
0.141226286324321 0.0362981845252293 -0.0758599235363986 0.165763224066068
0.114816431354526 0.0972675306568805 -0.120815498842816 0.122788028234653
0.0544652171594351 0.166438967688486 -0.0817355835643201 0.0254231089354503
0.00338499554535242 0.213190726129936 0.0272465557532402 0.00963441584225344
-0.0572821927845164 0.170504186196423 -0.0703479708331877 -0.0730697589540691
-0.0280193545543394 0.182166211035269 0.091330623113494 -0.0863034234902385
0.05034432031808 0.162962734419582 0.106692199862654 -0.169602990762291
0.117121024521861 0.112339849571859 0.0297047711326296 -0.186543409976744
0.132230530833674 0.0449297793266522 -0.0250055587768282 -0.151451722495403
0.125067474613495 -0.00621921381180131 -0.0376078486228225 -0.107672936170969
0.102863654819519 -0.0434553608587364 -0.0322201080921588 -0.0642772218109005
0.0892045906122885 -0.0416948875536385 -0.0259918720585725 -0.0182446993510783
0.0842172316390695 -0.052683971638179 0.00745325827270113 0.03118405841528
0.117428049096052 -0.0408402592114923 0.0311843132727208 0.083082458946793
0.136116587894022 0.00413702353647472 0.0190523177588342 0.139599384503649
0.148348490436024 0.055575366891329 -0.0577460559746728 0.16614447564591
0.10763900294021 0.122693253219285 -0.120454824567257 0.116538839601806
0.0274466686791836 0.182578187358992 -0.0870528604976205 -0.00657779532014909
-0.0255570597324621 0.209770367689424 0.0432119131762969 -0.054646298143419
-0.066089535362939 0.14438787869318 -0.0393684546629238 -0.140174670688189
-0.0464426137319597 0.173431609040369 0.0934689958571733 -0.130418454994012
0.0392024070075647 0.170882859748624 0.103301187166642 -0.170248712794701
0.118677708672053 0.118866822192326 0.0426841268720516 -0.165821583087567
0.130335671501249 0.0467018153260789 0.0179667970627485 -0.136704939684851
0.121551209174261 -0.00225185813990265 0.00954168872479243 -0.112593350014362
0.100240362255651 -0.0364853963135482 0.0107991989967674 -0.0804335112816448
0.0841612201059565 -0.0327733938158377 0.0116889476620467 -0.0374398038580148
0.0826460958820601 -0.0375306435719123 0.044299195832742 0.0128974244899449
0.110799602031204 -0.0176588215660047 0.0658095572164761 0.0693989477411172
0.12333272597055 0.0253338239718456 0.0480948158115457 0.132766118396429
0.129216343234074 0.0786941421240151 -0.0417625681724189 0.159507420093654
0.0739639591001404 0.137962996896734 -0.113746334618241 0.102171092443757
-0.0148319579448739 0.174580038696819 -0.0773737176416963 -0.0329156845831321
-0.0568924772441411 0.174954442307359 0.0671417634951993 -0.10269098737199
-0.0660131444670515 0.0916574736775257 -0.0146409809467073 -0.191788811975154
-0.0576944620815749 0.133642138522119 0.0817179705809438 -0.160060137616167
0.0197306350373468 0.144081198041656 0.0945130058611779 -0.157919879637531
0.0957834398830131 0.100589351547433 0.0584390671681924 -0.138984847881185
0.101660466796925 0.0397968216933485 0.0579173553140774 -0.123258931780926
0.0950341626645945 0.00348576755386754 0.0495211968546995 -0.117805563893996
0.0812111053278464 -0.0217653207197925 0.0470367042235649 -0.0937157212951362
0.0667844311679435 -0.0186213847388158 0.0457425063345644 -0.0504044289027276
0.0689515503269017 -0.0184639025874944 0.0789915137590087 0.00370250598965007
0.0886661521335759 0.00478735666347652 0.0959534341721319 0.0668217495585138
0.0944346202837313 0.0405920399428738 0.0689013148067215 0.133511852789659
0.0930448736487118 0.0897245632826438 -0.0285822370648018 0.153824218292888
0.0283224943360417 0.135118156178594 -0.0962714020628258 0.0864624034881766
-0.0562148799780628 0.141985092319874 -0.0517973929142375 -0.0456129440242128
-0.0795018339348982 0.113996978654806 0.0961269994462881 -0.126792577222194
-0.0603661278045748 0.0219781075408467 -0.000248102128042109 -0.217142852078209
-0.0619604431435419 0.0721291170980797 0.0629431154464378 -0.165337025257519
-0.003152908202606 0.0923975635612529 0.0899781199711026 -0.136810607427219
0.0541072713420853 0.0633466824325872 0.0755816339164374 -0.120073846146668
0.0523053736273904 0.0275678434242065 0.0845995056628843 -0.118281565555761
0.0515143167438407 0.0127877971188056 0.0723435861441306 -0.123737575520144
0.0486237258094407 -0.00230299304742757 0.0695004552796294 -0.100934667488945
0.0392119661235412 -0.00184715190317679 0.0715388997254633 -0.0552865098499379
0.0434015671032322 -0.00081555427998298 0.105841143132721 0.0036316301668397
0.0542659759141856 0.0169063448244188 0.116828106426588 0.0737102288471517
0.0581917232404355 0.0375223475927618 0.0821183243552363 0.141417410812413
0.0531414627221677 0.0774834452643927 -0.0146122809054078 0.152592491194216
-0.00962525977742275 0.108005216643142 -0.0729964248344918 0.0805348515863078
-0.0781927296184236 0.088626693759482 -0.0230166642330566 -0.0390078658477247
-0.0826472328212436 0.039558403074075 0.122628170807733 -0.12556637563562
0.0602597637076496 0.0269268723336217 -0.117586732712391 0.146916074246184
0.0672837358689601 -0.0352655336496782 0.0298915536024138 0.0520658376832486
0.012959073638546 -0.0714975578638912 0.073003162897836 -0.0956433947463257
-0.0337159491931574 -0.0415789081886061 0.0124419236577373 -0.180648714915711
-0.0248912292554645 -0.0188525039886362 -0.106252249729635 -0.167954401209405
-0.016239459820798 -0.016567433543733 -0.151497393289465 -0.0906706662025808
-0.014817091273767 -0.0173374848760292 -0.134160135714648 -0.00587357163883004
-0.00575713096505164 -0.0175962477169989 -0.108591734213551 0.0648044457176721
-0.00915292622943355 -0.02605185322426 -0.0797862330708765 0.113613568191682
-0.000547179831046555 -0.0323836655885594 -0.0754451036191354 0.142468446246843
0.00327262657433419 -0.0226427631547692 -0.0874601474482001 0.142710667530507
-0.00122899849089501 -0.0362187360628786 -0.0997785916689019 0.139089685701149
0.0306207468858671 -0.0452433077845954 -0.0949205689380346 0.136554970775252
0.0678298535768807 0.001428568184259 -0.0719713711540478 0.13416954509214
0.0554389256941558 0.0482254129824278 -0.000821405166189534 0.200307256068098
0.0326018358066636 0.0911748166987678 -0.13276891012046 0.116519269799531
0.0507090121346812 0.0351785512124971 0.0293819435785803 0.0259735341316499
0.0287921310308183 -0.0102145133102635 0.0650567422656539 -0.117011625304039
0.00346689127026612 -0.000861367128448899 0.000924117698721437 -0.187688157086305
0.0196935803309402 0.00188852695929417 -0.104929346173712 -0.169428061894038
0.0285664218168854 -0.0142259995303022 -0.144094589186978 -0.0967258149804162
0.0240263169247469 -0.0312609432373717 -0.131006426160238 -0.0159252003978198
0.0293282295211129 -0.0333040565504765 -0.106820199407748 0.0523834623865176
0.0261826704167986 -0.0469814663788665 -0.0718433778221537 0.103985618620794
0.0496819511243282 -0.0479071097130947 -0.0612923801854858 0.139265762766612
0.061133348742484 -0.0171459505320636 -0.0746953450400378 0.154567780274157
0.0593731279807209 -0.00161284924433293 -0.100687985781628 0.150984309117519
0.0651851338105719 0.0156591843062146 -0.104916710359908 0.130143177785464
0.0693379078596184 0.0740981652379923 -0.0672609594130436 0.100660938531361
0.0456663431004555 0.128843290742585 0.00903003154172471 0.150037101180014
1.08720244546652E-05 0.143480264598022 -0.126596536999477 0.0676031595651374
0.026026162467386 0.10517606175547 0.0494941530443698 -0.00663177798052769
0.0427650725170717 0.0589374935133419 0.0758386218277796 -0.144354429690778
0.048811951894493 0.0439726429869067 -0.000893392578153423 -0.19886198954834
0.0675034211632977 0.0209188671780815 -0.0963204058757503 -0.169185243322116
0.0727990863915947 -0.0121963453904241 -0.124359207629079 -0.0998866341191143
0.0611281926441162 -0.0420724641126468 -0.112328252427094 -0.0295522618815812
0.0601725908769648 -0.0451058312433157 -0.0911515720553822 0.0323816120010624
0.0546573835918652 -0.0615559334378061 -0.0513438977928368 0.084449127637867
0.0875506736290399 -0.0602763727604552 -0.0320882378190203 0.127349933694992
0.106405668133551 -0.0182375874225335 -0.0433412274847184 0.160631094946186
0.113254682896659 0.0177386158437826 -0.0882138960950277 0.167823636927527
0.101052023467257 0.0615678560277636 -0.11314170319117 0.134034369578957
0.072039441760109 0.131592558764806 -0.0736294798092779 0.0656973781354012
0.0335664670467601 0.189086330691327 0.0177141252820341 0.082820342514879
-0.0297622145153048 0.175454023381999 -0.104262474746528 0.00286320951553071
0.00188871923012617 0.161554845129438 0.075201984537792 -0.0475625831652679
0.0566410843985298 0.123434866827365 0.0931426544799284 -0.168098917551559
0.0950942224651744 0.0841429512710663 0.0070345866641996 -0.204532452497357
0.111577796733167 0.0333624151338768 -0.0729352777609587 -0.165351589511985
0.109444674752986 -0.0119876996491371 -0.0904814265472149 -0.104154659757655
0.0901976540905905 -0.0492853771997674 -0.0794229100320431 -0.0461512440045924
0.0818857566712492 -0.0503872373336333 -0.0628458732924516 0.0079244385250194
0.0753774449467917 -0.0656254637937631 -0.0228784617148255 0.0587990641236847
0.111567436679284 -0.0613805568841759 0.00310900921505835 0.107331111689315
0.133670300012038 -0.0162521444001614 -0.0050011272834735 0.156472324117338
0.148371592186054 0.030836617190079 -0.0680274007913049 0.178384932319327
0.122237027658682 0.095525155769285 -0.116645544614973 0.136575275773775
0.0642729233152613 0.170576658142591 -0.0854710348346806 0.0322946077931951
0.0131417021917452 0.219448445676514 0.0264719943949911 0.00955631800066712
-0.0500826541076863 0.180140268403832 -0.0754919378836375 -0.0706795945648559
-0.0206092882042083 0.189610043995435 0.0914230824457676 -0.094761995464462
0.0600284954973947 0.165355780353184 0.101997771784107 -0.183155236000012
0.125646209262247 0.110654263640709 0.0210376565176619 -0.196171617864592
0.138281597221681 0.0403164728358376 -0.0353474476895161 -0.155704398145879
0.129549495016143 -0.0121217748927478 -0.0456977774329546 -0.110141771912963
0.104608409860962 -0.0498469154611957 -0.0373969086306981 -0.0650770512546725
0.0913605977149338 -0.0475517683920603 -0.0276634558762598 -0.0173067270258149
0.0849779317797894 -0.0577165304834237 0.0118126914218096 0.0331749378905507
0.120460647962024 -0.0478773011816272 0.0389232963622137 0.0855208390332779
0.141328017261325 -0.00207750513173236 0.0300588663180372 0.145895551539451
0.1565040978457 0.0505442997358539 -0.0492727869370617 0.177350284347821
0.11617629247064 0.122787930740992 -0.116837447651331 0.130523632714036
0.0371312627086377 0.187929303049903 -0.0921274939780215 -0.000349222204210147
-0.0167854334703799 0.21761761971454 0.0395057456933296 -0.0581003376842756
-0.0610666369783832 0.15283501926547 -0.0467559425835833 -0.142140492175194
-0.0395404889028379 0.182770534461609 0.0918428527993403 -0.14008501220376
0.0490719446721445 0.174435368387583 0.0988841428046895 -0.183141764189902
0.128825917774746 0.116525990263515 0.0362313147148274 -0.174915515375681
0.137606099563589 0.0412875644060303 0.0103041028348859 -0.142485711067002
0.126358238377339 -0.00869078576852095 0.00260351599193155 -0.117314032539707
0.102346607393397 -0.0428706919343 0.00604596256098586 -0.084190427897374
0.0866259559033096 -0.0377351855796232 0.0104386234887889 -0.0384827304183536
0.0841711816726175 -0.0421269289108708 0.0487892011290088 0.0124322487506539
0.114511053032491 -0.0244251539733029 0.0736571465309773 0.0693278898723585
0.129184803538094 0.0206459402778762 0.0594804226528382 0.13698758664514
0.138362394821769 0.0743079055194908 -0.0330610600539881 0.170300275692391
0.0831178222780934 0.140078093013308 -0.110446804019629 0.114921409625571
-0.00700834884441241 0.182346186614416 -0.082831813864995 -0.0279929744330462
-0.0510428903168036 0.18262677383783 0.0619029210574672 -0.109407517595213
-0.0643585058097375 0.0984506239280631 -0.024196936097105 -0.197778188888228
-0.0530916054645756 0.141949488484063 0.0781824595417009 -0.170477877305352
0.0283764139010328 0.148683861445933 0.0904983452989904 -0.169116596035728
0.104431097052543 0.0980373609514745 0.0535889068991883 -0.147616732692303
0.107524125778595 0.0357267448222883 0.0520115580289092 -0.131067981459062
0.0989017234933326 -0.00121370071583496 0.0443058526812829 -0.125253912967469
0.0829848174953145 -0.0272770272078154 0.0426918236959194 -0.100048499708813
0.0688654938071397 -0.0222780344473555 0.0450334271438616 -0.05364867623222
0.0707822729027163 -0.0217918613511452 0.0837662248014092 0.000903028259353684
0.0928424113447691 0.00035729555816739 0.10469142998441 0.0653186098176175
0.099803597443098 0.036832137946097 0.0810931628004609 0.137029118487814
0.100461546426122 0.0874892800835217 -0.0196204734437518 0.163540103358202
0.0362724035888427 0.138994121169779 -0.0937318806229988 0.097476899547572
-0.0514035051186062 0.150901633948168 -0.0573276705558165 -0.0434583809425519
-0.0776387822611928 0.121725514093181 0.091368847904716 -0.136843824858483
-0.0617709081632467 0.0262017324092004 -0.00981548514038483 -0.224869141315857
-0.0603896717206151 0.0787992084919217 0.0587564774295164 -0.175846925681266
0.00216893879090368 0.0961677307807144 0.0871035219200102 -0.147979487123587
0.0597042162870661 0.0617599144019094 0.0722465267809754 -0.129467392062229
0.0559006458808293 0.0252735465533802 0.0813136813057872 -0.12880428464725
0.0547717736729278 0.0100471129668993 0.0679330562722607 -0.132871265119575
0.0507066643382326 -0.00489075228673598 0.0663885119567942 -0.109097684992929
0.0408063426316515 -0.00328127296616272 0.0713216483503696 -0.0597949602302597
0.044742776743343 -0.00255951163946889 0.111144230237153 -0.000203408319245154
0.0574288066152285 0.0144576812554132 0.126452821416458 0.0712078669040161
0.0613751770620583 0.0356918065190384 0.0951103790125391 0.144372456865238
0.05953242308803 0.0768697764300019 -0.00628415026602332 0.161289871951672
-0.00377238091114271 0.112999448821937 -0.070612480865485 0.0902853805938792
-0.0767657189318229 0.0966418044511628 -0.0265845933128723 -0.037841348209194
-0.0841676163656982 0.0448323347904227 0.119560135775483 -0.136971008922416
0.0611608884362065 0.0224511625066356 -0.109376258267141 0.154231436095355
0.0656469181734281 -0.0404782122674702 0.0328330641772022 0.0500778610409687
0.00795927151938647 -0.0730534929295114 0.0674916562611485 -0.101537312331168
-0.0373635797033841 -0.0392132972977612 0.00187388872035543 -0.184465845868316
-0.0266367936342908 -0.0172362132780237 -0.117171280999403 -0.163726240280685
-0.0173496651367805 -0.0158827761162489 -0.159580980598722 -0.0832304643138172
-0.0162552566370401 -0.0163769583143668 -0.136713971082237 0.000713904770957907
-0.00671752233334051 -0.0173513999786512 -0.10519029357593 0.0710738869760145
-0.0104694262144894 -0.0253840904041868 -0.0725127268047361 0.118902426318943
-0.00225509372966392 -0.0323985055681769 -0.067376850549618 0.14758008634371
0.00223650317056387 -0.0220766389706594 -0.079277481707421 0.149785555949866
-0.00413185755967027 -0.0353177772320787 -0.0921802552374088 0.147057150615418
0.0265779165030711 -0.0473321915033143 -0.0880478371933865 0.142709962664358
0.068136213265745 -0.00376090747212956 -0.0679551073799465 0.139563103194041
0.0581718962923805 0.0444592515415199 0.00818914679800453 0.201756436417514
0.0372913375762112 0.0890495870724146 -0.125516630058426 0.125145113330006
0.0526283105544746 0.0311644490862261 0.0313612717253138 0.0237016279896774
0.0271084802398893 -0.0124285494966735 0.0588205192023213 -0.122996727822067
0.00252305627239452 -0.00032050371337566 -0.0093926779113175 -0.190004968695605
0.0191125983504233 0.00121430784812028 -0.116017990117222 -0.164151639460963
0.0278224890491547 -0.0156335226603722 -0.151608263354011 -0.0896047905703181
0.0224311372139045 -0.0323577266751558 -0.134202155654506 -0.00945448750266717
0.0282782858805743 -0.03550835943323 -0.104138276450811 0.0587009041886782
0.0241953659780127 -0.0483815117392246 -0.0648266928297375 0.109219784925863
0.0472205862749781 -0.0510382534955306 -0.0522434200613394 0.144408157544357
0.0610415133383233 -0.0196925683577052 -0.0649344841356788 0.16109412002588
0.059100755851264 -0.0037226339814947 -0.0919017648107874 0.159444647128749
0.0649098595950598 0.0128267786112685 -0.0978303091316077 0.138361145160383
0.0737455099345523 0.0704527925137482 -0.0648010027902671 0.105605563518004
0.0520021005168942 0.125940784866026 0.0152226774561629 0.151218990769187
0.00762374794963029 0.143534357797729 -0.122657731342076 0.0755823506465505
0.031312170186617 0.103031426970703 0.049762561574483 -0.010035521744142
0.0455918242149367 0.0559381536178042 0.0677004493336894 -0.151054331254734
0.0498445473435857 0.0423691704537048 -0.0116902404631715 -0.201029893188116
0.0681578158178281 0.0175318246929949 -0.106974666527925 -0.164195496295511
0.0727403952136731 -0.0158265591879964 -0.131651667189163 -0.0942662460160815
0.0593962466339898 -0.0456316971014628 -0.115339524984665 -0.0235059797793433
0.0591661405406892 -0.0488267765945242 -0.0894256796222861 0.0375604762600518
0.0527733515683157 -0.0643566719484851 -0.045406693034713 0.0881500870874446
0.0851911976813664 -0.0655276574165189 -0.0235251158093543 0.130905815575371
0.106785596306355 -0.0234377585744384 -0.0320909783120894 0.165417733347137
0.115010081544627 0.0128146481644151 -0.0772925744541332 0.175190671726816
0.103491077231901 0.0574760888093921 -0.104884251573776 0.142854389912054
0.0787039600452176 0.128526216218369 -0.0727992608241465 0.0715870700342902
0.042835378897574 0.186581628289098 0.0199054047449358 0.0828545354970303
-0.0197752372064409 0.177486704878124 -0.103513659512901 0.0099784156296145
0.00999441384773762 0.161372869279888 0.0738642391603822 -0.0521379556535433
0.0624345272441317 0.119802795530673 0.0835961632462093 -0.176421481658347
0.0989311452640247 0.0794539807045118 -0.00429671176816668 -0.20683448184526
0.113043627961913 0.0276294543210853 -0.083384788027432 -0.161542811170324
0.109924283047555 -0.0181364581788325 -0.0982420658312718 -0.100308051331825
0.0880886120389917 -0.053880864001539 -0.0832414092928112 -0.0417332791883611
0.0806374761610991 -0.0553324255487934 -0.0626571221248531 0.0118378588139193
0.0726230299499229 -0.0696807114686864 -0.0175781663666723 0.0611223473445722
0.108769796651902 -0.0683301614853632 0.010768780722794 0.108711662687198
0.133848678996578 -0.0227121152541514 0.00634975899917294 0.158941877245698
0.150829369100344 0.0229798675559087 -0.056705806191835 0.184728331551896
0.126950299767659 0.0900419855808093 -0.107863488939975 0.146218928554308
0.0729720129369407 0.168118429034202 -0.0856665201594086 0.0394388354318759
0.0238128526049613 0.218264835499247 0.0247244409639143 0.00891678758503838
-0.040822402862542 0.182875729222735 -0.0787300376339448 -0.06572440217652
-0.0109676067087728 0.192101878743777 0.0871755422460082 -0.100588616583444
0.0682138268227585 0.162329974603423 0.0921001568536541 -0.191252907831318
0.131469518592188 0.103891162493076 0.00995498472800019 -0.199068211196326
0.141099240604327 0.033096458763218 -0.0452431333264053 -0.153991854286544
0.130165125870484 -0.0193604555993111 -0.0532928727866002 -0.108067258306317
0.102808332922382 -0.0557326534491598 -0.041932507021756 -0.0632279916118388
0.0900416340874752 -0.0528726640160836 -0.0285571091582084 -0.0148648315243089
0.0829289130300831 -0.0627186486820724 0.0158769143883211 0.0333997674465509
0.118817653443146 -0.0552166517330605 0.0463714770713438 0.0846304919656358
0.142118218910348 -0.00927117083957024 0.042163971622251 0.146347538045245
0.16006428994535 0.0421714400998258 -0.0370947274727809 0.183668046280767
0.122857513817257 0.117348353202631 -0.107691241701993 0.14018651723399
0.0466286030665982 0.188216822963718 -0.0935705685412999 0.00704273049974838
-0.00661594306210642 0.218177963387878 0.0344529757456165 -0.0595403946890907
-0.0532048657077607 0.157066362439316 -0.0540194732912545 -0.139388179626348
-0.0299352786713997 0.186365993455072 0.0854663177616321 -0.146919196074494
0.0582693808141127 0.172627177260252 0.0890211570284734 -0.191224667605563
0.135053904077863 0.110122386508496 0.0265687331796585 -0.177884557250502
0.140739623890766 0.0340880386772202 0.000590588228109649 -0.143779595393025
0.126736921139302 -0.0156005669325177 -0.00443350464335011 -0.118636308163251
0.100549986212759 -0.0487298707888028 0.000869771239497654 -0.085359289275154
0.0858979829121156 -0.0424345795874763 0.00856516055398618 -0.0388549548251456
0.082402733953126 -0.0459415204079455 0.0524371513932757 0.0104060062800194
0.113907786843544 -0.0311522917539842 0.080417460250998 0.0665243177332761
0.131002689941605 0.0137477863097124 0.0714520521846282 0.136356813878213
0.14322690706799 0.0662722953289279 -0.0213136589506042 0.175757129938384
0.0906899831299476 0.136887968896854 -0.102033073285581 0.124345856983501
0.00243628147511222 0.184676575063864 -0.0851499024234129 -0.021476632987762
-0.0423400842020208 0.185415368063632 0.053941678282365 -0.112699547972027
-0.0585402357316451 0.103001578420715 -0.0345846732344579 -0.196875784714973
-0.0456414049204291 0.146290728864396 0.0700737072298582 -0.176405761230314
0.036274294506783 0.148078271528146 0.0819634045627896 -0.177021834563534
0.110871278192717 0.0923190069353411 0.0453555534601772 -0.151726547880896
0.11101611229145 0.0294296532365642 0.0444200809333811 -0.134761488385912
0.100095724511462 -0.00756088258428909 0.0372766610968456 -0.128748291696806
0.0818631854641788 -0.0321313133157563 0.0369519032941855 -0.103186446761145
0.0688579313493438 -0.0254690322663319 0.0426083767323004 -0.055824162239908
0.0694547574394418 -0.0252846110857105 0.086588984132916 -0.00282605962294796
0.0932514729573814 -0.00536747530908664 0.110781895294054 0.0610139153364996
0.102182146638466 0.0317479710944625 0.0923008220997045 0.135032096468413
0.106028968833199 0.0816638579830321 -0.00906496672648902 0.16788718084061
0.0440785883374105 0.138599878903772 -0.0864624713851787 0.106179389275638
-0.0437072532413334 0.155082134013813 -0.0604982467024307 -0.0385441126345545
-0.0723614331049186 0.126205632433719 0.0830042582729729 -0.142378329887685
-0.0601447653251719 0.0306108771096054 -0.0215217001097707 -0.225390280363218
-0.0559715830557641 0.0834350092541148 0.0511217447756706 -0.181111018688243
0.00807329066868668 0.0964119847295278 0.0800319453736109 -0.155129946531326
0.0640326429776883 0.0573976106089976 0.0655090408586708 -0.135476820901583
0.05845260476224 0.021759966707486 0.0727908584849865 -0.135238284080844
0.0554763319374584 0.00639314725789267 0.060253976578583 -0.137456392459622
0.0503980852420886 -0.00779924038848409 0.0595103815922867 -0.113751290477511
0.0410357322010508 -0.00519324817519349 0.0689097631696589 -0.0636485937908136
0.0443408273239044 -0.00439562370286452 0.113457302100618 -0.00609649498596101
0.0586832108828163 0.0109204813622154 0.132406918452322 0.0656067618326624
0.0631925046317166 0.0322508525020253 0.105648652812183 0.141910139948218
0.0640252807114062 0.0730475714808117 0.00348458794618601 0.164580739509529
0.00328899123249906 0.114253819483274 -0.0643564562679561 0.0969718104970088
-0.0716035480218302 0.101629976663987 -0.0296628704743844 -0.0350554133734914
-0.0827874126958256 0.0499773191157094 0.111992973964111 -0.143990677891884
0.0599836141087238 0.0189536972876155 -0.101398622437319 0.155357795127367
0.0620003480317853 -0.0435098294789513 0.0341112352671794 0.0475908556013409
0.00414640650805739 -0.071897362320152 0.0627412690413449 -0.104240654806364
-0.0389539545717304 -0.0357623580021675 -0.00543241643394967 -0.183896500117172
-0.0272030221177123 -0.0155291680357436 -0.121599223281872 -0.157606857976054
-0.017811075036046 -0.0148653399939421 -0.162045482923834 -0.0764558231767792
-0.0162388571275668 -0.0149593298771595 -0.135960798368354 0.00455826866727424
-0.00706571069924192 -0.0171411887024473 -0.100821244361568 0.0735885630668411
-0.0112571688198804 -0.025069808323044 -0.0658678419324976 0.119750177076435
-0.00369351126167551 -0.0318177889154326 -0.0603974667789994 0.148257457076804
0.00150301056795626 -0.0211966829323181 -0.0716234568403947 0.150884186010827
-0.00641581127566424 -0.0334558775770532 -0.0843803974065964 0.148559772157497
0.0230708472428665 -0.0472024359455153 -0.082053509336129 0.143311289325464
0.0670110852417537 -0.00688117803712829 -0.0643324589754789 0.139904541434105
0.0573462967874731 0.0407259725589572 0.0142577551128012 0.199124255583106
0.0392686457382422 0.0848986541693787 -0.118094320931247 0.127645172505875
0.0516128420486663 0.0277914335930755 0.031551325892346 0.0221806226125937
0.0252267632852882 -0.0140423136327716 0.0530496012125306 -0.124568904797773
0.00129722192434105 0.00093634903835285 -0.0157276477479675 -0.188540457207241
0.0180613214144398 0.00100207095982524 -0.119596858230265 -0.157775135746615
0.0270371705299256 -0.0161637706285753 -0.153945172538507 -0.0832487718213661
0.0215676561250789 -0.0323303123983346 -0.133390290595822 -0.00582239136515003
0.0268144247797759 -0.036103442717512 -0.100412971970032 0.0616177458309086
0.0223393843746323 -0.0483219948516933 -0.0584808961966464 0.109426982277985
0.0448161041373855 -0.0518548008096672 -0.0450752281067202 0.144331214336432
0.0599268913060544 -0.0207657746561179 -0.0564124280026651 0.161869338145498
0.0575105309563431 -0.00422337829089064 -0.0844500592807909 0.160686627328405
0.0625851749012133 0.0107015119344157 -0.0913027773969944 0.140313776605564
0.0740750727130509 0.0659406110367662 -0.0621459144393112 0.107236087015921
0.0535023170015157 0.121172661839136 0.0188846416292652 0.14990364794495
0.0121758821917772 0.139457063331886 -0.117096161977734 0.0791182052328028
0.0336604119770148 0.0991024323994887 0.0487646892503507 -0.0119671054468185
0.0455463295983772 0.0523608656055631 0.0609493528315529 -0.152508477918014
0.0491150295044206 0.040805571351829 -0.0190710100260643 -0.198832800730596
0.066826474478178 0.0153712932100457 -0.110801923476647 -0.157814423706325
0.071229731804696 -0.0183611023184037 -0.13427628122156 -0.0891095822184592
0.0571518026997936 -0.0461104288701758 -0.114922905965597 -0.0195325645252769
0.0573151643137525 -0.0503027012914657 -0.0863230216894191 0.0403338801897446
0.0499025219454395 -0.0648241606523065 -0.0398141324347491 0.0887204526773357
0.0817784764320312 -0.0675452559915125 -0.0168489418644497 0.130188871728303
0.105130643982708 -0.02623016982933 -0.0240030584134167 0.165149425694293
0.113024409038805 0.00960464070372557 -0.0688259889044356 0.176727437022845
0.102145469322122 0.0540409187532432 -0.0967776357347578 0.145327462313225
0.0810782460246498 0.12395013259968 -0.070518568265953 0.0747683831834014
0.0467259895056922 0.180900432276788 0.0204619979256005 0.0827685977198692
-0.0141144782456094 0.17374901207956 -0.100872962088002 0.0142367421401349
0.014472096745751 0.157460074641831 0.071064460696967 -0.0542196254657476
0.0640085712446163 0.114293240860706 0.0755561781099906 -0.177628232135428
0.0988537581170367 0.0756613426664151 -0.0123969628294116 -0.204079002218983
0.111515811429487 0.0240336643057049 -0.0884662490890613 -0.155191438800477
0.107189403443188 -0.0214608911669911 -0.100994725756271 -0.0957192262044596
0.084936921101104 -0.0555857040900688 -0.0838529220916021 -0.0387117998950976
0.078777269709988 -0.0572843441235806 -0.0613398753285788 0.0146267456458762
0.0696421749683423 -0.0702852828816664 -0.013050118070256 0.0610160450217933
0.104928862610517 -0.0711608283690988 0.0162474485960339 0.107169552097922
0.131732213019323 -0.0261933606868876 0.0148279740499004 0.157612563084809
0.149553873276735 0.0187260481416654 -0.047579693488102 0.185375681127669
0.126458190110932 0.0855057664167372 -0.0989115376832796 0.149142037099061
0.076539596920956 0.16319738787108 -0.0844102730406385 0.0433271298170121
0.0289613570219613 0.212919697615802 0.0226404272346488 0.00979564144043706
-0.0339925699656473 0.180576853259806 -0.0786072537417422 -0.0607328735988739
-0.0054386473709727 0.188697754117972 0.0829324223865116 -0.102556390287935
0.071156027544807 0.156099544927074 0.0827024933107087 -0.192775867780563
0.131797453642587 0.0982369773506104 0.00208247345782576 -0.196820616045656
0.139489110954931 0.0279565756740102 -0.0507558381621859 -0.14897854601601
0.127518425567605 -0.0235480597782349 -0.0569601506486782 -0.104934105762493
0.0994042127996907 -0.0579443707497646 -0.0435767024856519 -0.060832945727501
0.0878398178907663 -0.055133622077512 -0.0284188933986602 -0.0132342896159252
0.0801353647066356 -0.0634419923699326 0.0191856682563978 0.0324047557414499
0.114757820730879 -0.0588545259661072 0.0508756513459797 0.0821808236370059
0.140048783196634 -0.0133152981218581 0.0500194319937864 0.143652249604353
0.159394887544835 0.0358601556830116 -0.028236544958798 0.183812458863151
0.123623490692078 0.112310044111795 -0.0985261671944003 0.143318472352973
0.0513506220076132 0.183899105023286 -0.0923335297178684 0.012006681916905
-0.00058181248080189 0.213879504981408 0.0298645180276823 -0.0585258224377179
-0.0466344180507769 0.155785906767775 -0.0565340904318721 -0.133967522522552
-0.0239223651843568 0.184367036566715 0.0793296619239864 -0.147903488220932
0.062089152272154 0.166854404870794 0.0800800736283052 -0.192317925057041
0.136497384717566 0.103640964141451 0.0189059982252142 -0.176469168912843
0.139396224633365 0.0286829493362082 -0.00576052789228198 -0.140831249928422
0.124418302402784 -0.0202361014670017 -0.00927606260461789 -0.116657301487264
0.097408130291667 -0.0508312392328678 -0.00288587088480183 -0.0840576783716812
0.0840314099503205 -0.0447043903272467 0.00668299204368365 -0.0374007519794796
0.079893944782842 -0.0474231598217964 0.0537369083891302 0.00905644354619141
0.111642467234507 -0.0342093981331821 0.0835084498500488 0.0631711566413251
0.129151755921883 0.0094101258276221 0.0782369764316301 0.132836769807964
0.143053290950636 0.0601800563044113 -0.0134010874407119 0.175489280269602
0.0933835921713857 0.132003725816427 -0.0930162272324096 0.128244493598126
0.00792012754792668 0.182237641997932 -0.0853617922861672 -0.0161538533700001
-0.0372825781461074 0.182981498218273 0.0475776217147256 -0.111803086871969
-0.0540417644406323 0.103266355951817 -0.0390854278187162 -0.191627358240286
-0.0400575715598826 0.146340324683718 0.0638268729062368 -0.176654226558326
0.041161596065987 0.143861674365433 0.0739789863394249 -0.178281987590544
0.111808124515718 0.0867035327923471 0.038790537503683 -0.1514048731196
0.110177689017927 0.0249099487027121 0.0371655954745864 -0.134080593367135
0.0984043890091128 -0.0110983026630302 0.0314472329066979 -0.128494293891092
0.0789940807538477 -0.0340922858431095 0.0325803440569269 -0.103232842887999
0.0676780204251415 -0.0271405553021702 0.0402218189708169 -0.0553923919140357
0.0675261758143498 -0.0262424087833092 0.0869133939238685 -0.00528438833013753
0.0921012657498977 -0.00876353216044823 0.112782057558446 0.0566269786729634
0.101354682983384 0.0278820089833538 0.0984367121896996 0.130849881598571
0.10726223566781 0.0756062003639686 -0.00132658708856892 0.166945498453175
0.0484995707981637 0.134354785356374 -0.0793296153418373 0.109284630098998
-0.0377668994423705 0.154735840673565 -0.0610997756437724 -0.0341056134154739
-0.0677418832416582 0.126028179469609 0.0749872713249591 -0.142572002109657
-0.0579617918533757 0.0323314086943388 -0.0278404441964289 -0.22108916339936
-0.0519053658624088 0.0845525501801151 0.0447015252066587 -0.181138006669477
0.0120810680990758 0.0948540937681157 0.0739085226131551 -0.156694454185307
0.0650319485308522 0.053240928413735 0.0589495959928294 -0.136083170625722
0.0586809694835263 0.0185343300164833 0.0660157425710281 -0.1356927957489
0.0550945869428034 0.00374043109852799 0.0542818899780585 -0.138163885385514
0.0486486836521082 -0.0100187578529432 0.0540266484547305 -0.114363294003242
0.0409158491049526 -0.00589192626564111 0.0654782257680771 -0.064268814373303
0.0432918977322171 -0.00500792438821995 0.113185643244473 -0.00965002264665794
0.0585552471039131 0.00848328239989747 0.134671747195266 0.0606275600418608
0.0628508361948675 0.0293312402966769 0.111616872589649 0.136768756522497
0.0658181467713222 0.0684603699955277 0.011052790899997 0.163408994287215
0.0078133941617905 0.112452109333508 -0.0586447676303181 0.0999064897991371
-0.066692044902301 0.103418451818255 -0.030429347742278 -0.032686807022718
-0.0803902511237974 0.0521396459785779 0.103654849703906 -0.145675843751127
0.0602770759707216 0.0223587472706333 -0.106722068511319 0.145323803731724
0.0633894296008372 -0.0412700174200664 0.0294526967179971 0.0458194253611442
0.00587131906239526 -0.071909017364098 0.063187958945347 -0.100521198506611
-0.0380301288991624 -0.0348978056739331 0.000439199249604135 -0.182404383154581
-0.0274593653295859 -0.0135563676850847 -0.114084845012968 -0.158315592057403
-0.0175061431517377 -0.0138959282227183 -0.156591375099288 -0.0814106709371554
-0.0164517400636837 -0.0153714808042419 -0.135938673196302 -0.00117557904042819
-0.00674617742747341 -0.0176904086985103 -0.101702563569284 0.0688212950445915
-0.0105409539732366 -0.0241820112508606 -0.0678859611466221 0.11557696514237
-0.00277121862534997 -0.0307636320297749 -0.0627902773335954 0.144396220674295
0.00263605399725946 -0.0194305616245335 -0.0745442205316995 0.145869393711086
-0.00638245878200518 -0.0289458682838918 -0.0873962524457849 0.141670937260632
0.0216405843165296 -0.0435646631367936 -0.0854810257936099 0.136049538050217
0.0650242018114356 -0.00339190078821384 -0.0717976918949823 0.136535802791103
0.0563705827849394 0.0433922066093306 -0.000583823242725865 0.19749598799712
0.0347444422150672 0.0874688756633591 -0.119542991164619 0.119250474929516
0.0484329911802681 0.0289116508471503 0.0300331938635024 0.0212123738706643
0.022723596453302 -0.0132748158400876 0.0575841030972958 -0.121001655249976
-0.00131124027376802 0.00275737350461268 -0.00731878693469251 -0.187441561174514
0.0160289023693339 0.0055746597216607 -0.110082250203718 -0.159882554345457
0.0269185987702649 -0.0132382035955737 -0.14770770775657 -0.0888339081686245
0.0218785011304664 -0.0304381574329448 -0.132329126436942 -0.0119130235433333
0.0291971041284 -0.0352048882387502 -0.100144636798802 0.0568695539200297
0.0242611151476922 -0.0457779155313738 -0.0594527701984644 0.105974636202052
0.0464900839339278 -0.049206004745334 -0.0468262554443424 0.141496299257219
0.0616571852878313 -0.0161760928124655 -0.0583088631396957 0.158843948459251
0.0551192398821148 0.00271420242745159 -0.0860869792273536 0.157438699333912
0.0587609681034025 0.0159916958297324 -0.0943391964930049 0.13493482084375
0.0690726382345813 0.0692815398461401 -0.0699526529997264 0.105139563169277
0.049758652778959 0.121559063559665 0.00452834251214628 0.150372304651193
0.00323978915237997 0.140212109074459 -0.113162850658328 0.0738244741782353
0.0254891844829846 0.0987410350954382 0.0511529101550637 -0.0112150476497188
0.0379630748523586 0.0535268492572133 0.0687310044646953 -0.148366362444674
0.0431897981110905 0.0441282781307531 -0.00727985090275031 -0.197029788416263
0.0625839963993882 0.0217640081889661 -0.0997630794439364 -0.160374806624427
0.0700765865243005 -0.0130864031135906 -0.127254357950867 -0.094402044790756
0.0584721754493443 -0.0422331295617909 -0.113047857901923 -0.02642348317462
0.0607831519065306 -0.0477082609338649 -0.0852745028228192 0.0368186651220301
0.0531632791446156 -0.0611767123748371 -0.0392468057305533 0.0862208722824519
0.0846813944577921 -0.0637318043521198 -0.0168644338090322 0.128660770879337
0.107609245185695 -0.0199110084792475 -0.0244748740212467 0.164512945948567
0.110431605528152 0.0182592707021127 -0.0697689684615327 0.175750176970876
0.0962045926662007 0.0608351627655768 -0.100313917296299 0.141884164255765
0.0732444700001318 0.126638143452725 -0.0778580705085716 0.073929857614844
0.0405444806666013 0.180360593446618 0.0089135085852135 0.0854050782418162
-0.0257841357446744 0.172981450782822 -0.0927933968201045 0.011981080937464
0.0017128075697968 0.155952889707333 0.077000632660203 -0.0506019360070653
0.0518994897735036 0.116227243133966 0.0870373356294781 -0.172791002034596
0.0892740651166546 0.080552252862589 0.00258119596884965 -0.202137644127375
0.105746169634762 0.0329308651462237 -0.076549099898795 -0.158278844657997
0.106182752673371 -0.0147265006267457 -0.0943400029027052 -0.100560648527439
0.0866649096740864 -0.0500081282352075 -0.080462272818835 -0.0440156038008264
0.0828501302006597 -0.0532010867026249 -0.0593804812927972 0.0117584474565845
0.0733511829105361 -0.0658022096122557 -0.0115563210794979 0.0600823753170201
0.10860701880677 -0.0664060604320845 0.0170594551338947 0.107356235947986
0.134980131346468 -0.0194275226198689 0.0146784053417723 0.159636436058948
0.145859373063082 0.0281712812243011 -0.0474661776177013 0.18657184412292
0.119148176138891 0.093864770399776 -0.10214387223175 0.147229680660818
0.0670346989487742 0.165433251850023 -0.0903324458630963 0.0427183434264461
0.0221077495134382 0.210774784498442 0.0136183977947249 0.0145275711111911
-0.0468670856300458 0.178511171416371 -0.0662970664132942 -0.0596443146516858
-0.0200564872914252 0.186455682981228 0.0925267636373041 -0.0969971663499176
0.0567276251406334 0.158557696742996 0.0975777263789142 -0.186944590008706
0.120388138661636 0.104315265111622 0.0176028555848122 -0.194761576158757
0.132696907515956 0.0380430062139037 -0.0400473419591015 -0.151829703251546
0.125786319945888 -0.015634112365423 -0.0503917093995305 -0.108413359854686
0.10154021079931 -0.0524260879396493 -0.0404359638382638 -0.0648909103417496
0.0926925762614494 -0.0507055159671485 -0.0264424860479827 -0.0140468167696715
0.0840648402073729 -0.0585743208857946 0.0214372637316332 0.0334326451908303
0.118561558440407 -0.0539919690206218 0.0517305614306853 0.0841711374285758
0.142910142998167 -0.00611493481401445 0.0488132715626523 0.147236748415719
0.155118874475222 0.0450948520119826 -0.0288159502438285 0.18741638467292
0.115521561529192 0.119787397696348 -0.101787913328741 0.142256443679154
0.041634676127821 0.184759188587784 -0.0969603053441201 0.0111670059158741
-0.00757424452930894 0.210348700601475 0.0248098169064928 -0.0528618455599014
-0.0588901633044488 0.153594106023445 -0.0418891071138161 -0.130985988174546
-0.0384874845978736 0.182165542337063 0.0916293631940288 -0.141358730486481
0.0479076579322102 0.168866319882006 0.0954871744011328 -0.186976767508174
0.125124474603599 0.108843974242198 0.033648364318783 -0.174203758370034
0.133255833616998 0.0375454575690969 0.00388211666173992 -0.140950463078833
0.123279738931604 -0.0137350831277347 -0.00362029877986907 -0.117890352206427
0.0994773588466139 -0.0463545564111791 0.000896693689388385 -0.0860250801867139
0.0883285724418841 -0.0401577720291787 0.00946775119106505 -0.0365041088620961
0.0827443860966885 -0.0431170902418352 0.0558400524738781 0.0116150153667144
0.113562486418328 -0.0305677175608086 0.0842834291458896 0.0667753097051873
0.130825888812088 0.0155642935699007 0.0763592455922317 0.138657019925338
0.13845757954196 0.0669866691515149 -0.0152273153297937 0.180207410148805
0.0851141828024321 0.137347418546186 -0.0968374527227053 0.127193852765238
-0.000873256181846394 0.181107181073432 -0.0881176783788237 -0.0177679828550587
-0.0423231468335499 0.178463252957915 0.0463367168924559 -0.10538360505316
-0.0631735795432639 0.101439169301341 -0.0234875264732145 -0.18682950122952
-0.0516063094824896 0.143659219184476 0.0765061396274319 -0.170171534401689
0.0289945538812323 0.145248726209557 0.0874983428492038 -0.171842069982624
0.102778327395249 0.0906645665003248 0.0503548274135758 -0.148323173189221
0.105049151257563 0.0314329171936361 0.0444933918792736 -0.132087511780105
0.0966697721571036 -0.00634912654918007 0.0365798955798823 -0.126674680241048
0.0808618166495073 -0.0307269098206293 0.0359525573737733 -0.103190207382519
0.0702724867724492 -0.0233558309106845 0.0422505195810672 -0.0525443854250287
0.069586033604859 -0.0226383092632132 0.088185175434388 -0.00157601885983604
0.0934921968235373 -0.00543238928946136 0.112671393200175 0.0610852634201406
0.101732696835068 0.0328888906932026 0.094923782087947 0.136858308083099
0.103195641359239 0.0806688024341597 -0.00536148946005877 0.17235565543116
0.041390474110925 0.137439744877041 -0.0838176439747306 0.108511188085188
-0.0442497713417235 0.152041187069438 -0.062973479407775 -0.0357941689033531
-0.0713099619811502 0.121145650520538 0.0761641067770781 -0.135033369532075
-0.0621199618391445 0.0301923164792136 -0.0136738402949173 -0.216616908828199
-0.0580639204460623 0.0820052047767936 0.056752331117761 -0.174780698264535
0.00401729435489777 0.0947273739446427 0.0849572638814165 -0.149702583123579
0.058949417127128 0.0543753455426541 0.0672497629155566 -0.131417414005292
0.0548333884992106 0.0212068276063084 0.0707590348011509 -0.132321930159525
0.0530864486466822 0.005562184357266 0.0585934223820672 -0.134265438869813
0.0491735930609496 -0.00768403011935929 0.0572883553593541 -0.112125822221412
0.0419095310854878 -0.00360212793557355 0.0669008345876507 -0.0599877641560027
0.0443285857076414 -0.00270248217300199 0.113669302786565 -0.00496748815040854
0.059402264296282 0.0103932034488449 0.132565285933713 0.0654871369066167
0.0626845822668924 0.0325497261831077 0.106884348511623 0.142171437256475
0.0628225458033005 0.0715094006910982 0.00516766462798081 0.167374850571821
0.00252429504745475 0.113365021152095 -0.0636152437781948 0.0985380299591316
-0.0702298819391836 0.0995621075094443 -0.031726737247653 -0.033583379378927
-0.0809298321806045 0.0482543089247077 0.106859065977306 -0.137824751626048
0.0592898103550702 0.0229007844945862 -0.109050515844264 0.144935521279169
0.0636939815021674 -0.0414940854729614 0.0284550004979287 0.0468860895789844
0.00580178545221142 -0.0730888848047604 0.0658084695078634 -0.10234676332687
-0.0385916328808503 -0.0346694642733561 0.00174022695335324 -0.186400682536646
-0.028106389602086 -0.0127115609047706 -0.112420787992274 -0.162993746771383
-0.0178231580362081 -0.0137273674628096 -0.158872942507941 -0.0843624150404133
-0.0163173510155895 -0.0153145660425633 -0.139248030278422 -0.00359494644072852
-0.00659943812855515 -0.0181809775772834 -0.103259902631413 0.0681173113248024
-0.0106882599665088 -0.024518315812872 -0.0691108635009619 0.115667344237008
-0.00267835248843343 -0.031074474157034 -0.0647407910266198 0.145509236878749
0.00324139786419187 -0.0185530971589197 -0.0766836547150195 0.147084395814438
-0.0070622311428649 -0.0281584229322812 -0.0900913213016311 0.142657445806328
0.0214555582968979 -0.0435978699757846 -0.0885790600127689 0.135829590868375
0.0654175874258888 -0.00331191320450991 -0.0774151807163578 0.136945959251555
0.055268819667619 0.0444782040264883 -0.00449053556838058 0.199988792927775
0.0327214858806155 0.0876314647754138 -0.121426265744861 0.11903080837636
0.0474472573532512 0.0295020170578011 0.0297372457868175 0.0219570878646579
0.0217558386058509 -0.013526562387854 0.0596808478008336 -0.122317133178343
-0.00186167309933363 0.00414028694289058 -0.00507494451290685 -0.190823379667085
0.0157809904950846 0.00690383010183794 -0.109077104561878 -0.163925508515117
0.0270230807085174 -0.0123227694639678 -0.149376435639239 -0.0921786362708364
0.0229497608738927 -0.0298415401089204 -0.134789850380445 -0.0143955814158266
0.0305931239311806 -0.0350398617471352 -0.10152269600793 0.0560664114573163
0.0257034020983041 -0.0459154148359658 -0.0603092084880972 0.10608896836329
0.048317589693723 -0.0488231584002508 -0.0478998189896331 0.142865106879448
0.0633838278721313 -0.0147879999193684 -0.0600201799709418 0.160492141643222
0.0561916562961108 0.00506805595695688 -0.0882077795013043 0.158463477077951
0.0577900581355153 0.017975797667267 -0.0976023604902014 0.135064121067585
0.0679052787662312 0.0705118086605664 -0.0746496281626578 0.106215837701051
0.0474264294956104 0.123691125488237 0.000876269368564684 0.153109175323029
5.41569234485428E-05 0.140189469410664 -0.114172483245181 0.0732835990878722
0.0224029322856482 0.0994463443337349 0.0513515413017216 -0.0104778448480497
0.0355836316103392 0.0534161635795873 0.0713609277970371 -0.149798713235642
0.0421230517485295 0.0459263470325395 -0.00468785999164567 -0.200123748575867
0.0623834363002293 0.024403252303991 -0.0984047643054571 -0.163257360789094
0.0711089012829267 -0.0115558251977495 -0.12815680601638 -0.09776844438722
0.0600066465278141 -0.0412028412131907 -0.11484325204247 -0.0285810498362117
0.0633725250490723 -0.0474392652196393 -0.08615762715773 0.0367082491879973
0.0553945154639525 -0.0606162260492355 -0.0396813928735129 0.0864882454210123
0.0869116967098157 -0.0630609502060297 -0.0177831245849396 0.130293219911015
0.110099778698706 -0.0174660587971146 -0.0251833336271721 0.166899211033328
0.111698593242328 0.021407212613344 -0.0721991622843066 0.178202640043852
0.0949490590729371 0.0642871658985734 -0.102424296422412 0.142471031409917
0.0712870180764155 0.129587298183811 -0.0812257132101321 0.0744724792306357
0.036896821207753 0.182454593673895 0.00596047437393184 0.0879410440961695
-0.0287677613341285 0.172795084790758 -0.0926093876912237 0.01177270071482
-0.00216398775329198 0.157010690941348 0.0778756420139629 -0.0502268934197442
0.0489284639525242 0.117288754195448 0.0898234016324205 -0.174060880907035
0.0881766791799382 0.0833344339480526 0.00536196616873811 -0.204886038145588
0.105685273936611 0.0356620321422373 -0.0751148139763998 -0.159887534951445
0.107484363139167 -0.012960532049956 -0.0948475899242907 -0.103889137521238
0.0890118605424744 -0.0490816813418886 -0.0814732949836119 -0.0465306740156783
0.0855536949236394 -0.0528244539288412 -0.0603187803520296 0.0119684548672582
0.0759758756160556 -0.0645064196245857 -0.0110311584478248 0.0606999737653931
0.11112148915187 -0.0655350451891839 0.0178604795738261 0.109200455514416
0.13766516458129 -0.0162510085424917 0.0148594837844539 0.162136605623616
0.147645204038112 0.0316216227810269 -0.0498571588298263 0.189941313582347
0.117731032495022 0.0979284430004363 -0.103784417787859 0.147475655712694
0.0641655501258241 0.169405996623974 -0.0927174782725191 0.0435895430878785
0.0169003110820921 0.21216127850604 0.0119713807745986 0.0162753841764103
-0.0501626110069272 0.177847343919022 -0.064991135052131 -0.060603582686561
-0.0244960433208069 0.188037420500517 0.0944741222656223 -0.0970240690048595
0.0528826446004491 0.159959949324221 0.100444102234481 -0.187875093853374
0.119015787408003 0.107722842950384 0.0204234827941709 -0.196553469820251
0.133176921009528 0.0410285475146588 -0.0391500055215847 -0.152720035815431
0.127228068653764 -0.0142447878278329 -0.0507905834573955 -0.111103138518331
0.103493202560284 -0.051091170868439 -0.040455370299015 -0.0667197070445836
0.095679001761389 -0.0497673514629759 -0.0261278373445445 -0.0134467741134586
0.0863564515319755 -0.0569922533939867 0.0229795585483654 0.0338390300456721
0.120777176840698 -0.0528927872181024 0.0528234063555972 0.0863453556767839
0.145501516925017 -0.00350906088265418 0.0505921560640839 0.150640628150008
0.156506431930289 0.0478702600524085 -0.0305741575039451 0.190742508176473
0.114233108418924 0.123823744613608 -0.103305137197379 0.143304950324922
0.0382776296724343 0.187948097968626 -0.0991290282342109 0.0117544004115317
-0.0126564937477179 0.211269249151942 0.0240709921670281 -0.0515172455417796
-0.0618035743905836 0.152760962907156 -0.039246812573466 -0.131589371169914
-0.0425523883561957 0.183749873858368 0.0946846846619337 -0.141372590808065
0.0441741204828724 0.171150686103169 0.0988007416372641 -0.187658261624356
0.124394471252581 0.112517963874141 0.0366433275073937 -0.175207798702772
0.134065520163733 0.0404473467045268 0.00517622462042668 -0.141698465447135
0.12467376989194 -0.0121883491947841 -0.00282896090732121 -0.119830813598594
0.101508497956703 -0.0448404917963101 0.00143963548510948 -0.0874952598473398
0.090872925541087 -0.0389479524516519 0.0101379902489918 -0.0356675350714473
0.0851711270570728 -0.0410235430792616 0.057989659219784 0.0128966470798903
0.115632077605058 -0.0289359154074336 0.0861780343435491 0.0693766185110906
0.132535664800737 0.0181853630942708 0.0779122318947012 0.141656813878251
0.138652670731724 0.0697985037532681 -0.016203322097 0.18412881932672
0.0836308646015807 0.140532371802348 -0.0977725002983948 0.128067007322617
-0.00403637745337433 0.183616818339869 -0.0899023301378361 -0.0176681529308334
-0.0469731129525216 0.179146591024116 0.0465901743796014 -0.104625484319776
-0.0651714954114784 0.100463817911792 -0.0199421172560413 -0.188314933069359
-0.0539801670744062 0.145579780826978 0.0802510556055383 -0.170850043222918
0.0268293834207789 0.146911055537418 0.0908377808493913 -0.172849039711381
0.102268007970162 0.0928901002248815 0.0529080336193166 -0.148685317346453
0.106243462468441 0.0327975829174831 0.0453963406670721 -0.132116816168129
0.0975849854323848 -0.00554524584965164 0.0379266057238846 -0.128103358000062
0.082037125422776 -0.0296563142719441 0.0369066052654547 -0.104541669630616
0.0724039126911618 -0.0222617844677021 0.0439453823039954 -0.0513711495390242
0.0707621771771123 -0.0207232552240675 0.0910165329505166 -1.52175855736521E-05
0.0942843348884635 -0.00405296981002078 0.114205570717091 0.0640744508270694
0.102494913536883 0.0347598983485784 0.0970782985297645 0.140978738678233
0.103152058188405 0.082128189774022 -0.00626865923531988 0.176693567977404
0.0395874463849187 0.13926958813006 -0.0845303490878068 0.109828615415012
-0.0474244771200897 0.153449428997695 -0.0637849670234881 -0.0357649595653663
-0.0742575682597515 0.121513541482206 0.0780616817939916 -0.135024528635416
-0.0628728703839383 0.0293230147900859 -0.00975540789527464 -0.218552313532229
-0.0595110299729047 0.0825392941391959 0.0603943991194198 -0.175679551739715
0.00346726455559145 0.0955410959858375 0.0879190944449895 -0.150614021940922
0.0589939828424028 0.0550632400434418 0.0698356779773415 -0.131974633446298
0.0554907294245845 0.0213123362425596 0.072048944785237 -0.132465369214306
0.0533578268317411 0.00555310418279873 0.0603884071245575 -0.135634695879674
0.0497239111946982 -0.00733156021187694 0.0583047491302462 -0.113033588102583
0.0427530994991856 -0.00215988348803731 0.0686983044123251 -0.0585273578890086
0.0448659135074682 -0.00117852488890597 0.116538316636406 -0.00311391629335499
0.0594077879627027 0.0111408877176927 0.134780418220282 0.068874580157864
0.0625705421170242 0.0338447133148881 0.107818934662218 0.145834017026927
0.0625045530064861 0.0723421888185434 0.00398130939702575 0.17126998284915
0.00145855348496735 0.114255556360576 -0.0644440947567444 0.0999112145562894
-0.0721717543398998 0.100502713576964 -0.0318042243754455 -0.0340021431250949
-0.082507482196513 0.0473501674584391 0.109115425935259 -0.138245240210942
0.0603561910456068 0.0238277707081095 -0.114778253068676 0.149051659114297
0.0659254851263153 -0.0429097789909594 0.0289714918586385 0.0484080941347515
0.00539811162044233 -0.0756722333441615 0.0693110204086661 -0.107120487028787
-0.0400517974301376 -0.0351278723177972 0.00310554717077832 -0.195781334858769
-0.0288501726332792 -0.0124920139585528 -0.115933922991612 -0.171760927740913
-0.018553499904579 -0.01366256794941 -0.165725233053581 -0.0896576117869715
-0.0163318962720145 -0.0162233166935889 -0.146780224987654 -0.00576208275612469
-0.00648143667961304 -0.0194500292264475 -0.108352075105991 0.0689067618310275
-0.0107525846273562 -0.0255475999686323 -0.0731026354343962 0.119056297895975
-0.00291745490144597 -0.0319581441052684 -0.0684194174158292 0.151003382229522
0.00401297477749118 -0.0185977794157183 -0.0815233986457515 0.152225567129068
-0.00754301473057721 -0.0277483062070263 -0.0947579437941967 0.147492165599778
0.0218309052384503 -0.0443195000010029 -0.094978897890407 0.140401212678787
0.068097981398319 -0.00324676921084697 -0.0842671006750823 0.142016414771143
0.0566949147020456 0.0470116705378804 -0.00875361141212776 0.208727806025585
0.0318768886139763 0.0908128008466369 -0.127166268873579 0.121965841853023
0.0479314989660955 0.0303220561796798 0.0303185672873753 0.0231300287030776
0.0205555375555242 -0.0147068118284779 0.063245691614372 -0.127993537231725
-0.00261345552041661 0.00527745932156581 -0.00365692699873908 -0.199861154589027
0.0159295671377204 0.00855504394495805 -0.111264010900692 -0.172303531336551
0.0276586894052786 -0.0119198821082636 -0.155665315621964 -0.0977204487513748
0.0250680809211544 -0.0305680972663591 -0.141095934059804 -0.0167806976869124
0.0330224688058029 -0.0364879594796045 -0.106226568624786 0.0574084552576449
0.0278894128445287 -0.0469679926689451 -0.0628053347501192 0.109288162015393
0.0506251279414401 -0.0503373159940221 -0.0508091947179886 0.14905595852818
0.0671575440040884 -0.0134625945981057 -0.0635626268453611 0.166539989965711
0.0583726456336879 0.00770884910098418 -0.0937403121779145 0.164901705272035
0.0583032398293371 0.020803418796877 -0.103049835708454 0.139254108002794
0.0687175641350779 0.0747887112665409 -0.0808863702217768 0.110095574843462
0.0465241826421262 0.128713028552574 -0.00205521739792986 0.160110033274394
-0.0022744113066742 0.144934266862965 -0.119099697940802 0.0749577766634198
0.0208331105134674 0.103502113217386 0.0531420855524608 -0.00988782641841693
0.0339578916802506 0.0551401833999885 0.0755822938911161 -0.155902200850049
0.0424699098540977 0.0493549514298925 -0.00252406364509118 -0.209061418167419
0.0637827743380319 0.0275435061705139 -0.100282177817284 -0.171237137322569
0.0739428009404338 -0.0104936251731771 -0.133685481255301 -0.104274010188344
0.0636927967850445 -0.0422310148118452 -0.120047725100248 -0.0315593752164353
0.0672437898354928 -0.0489180988954111 -0.0900573869032626 0.0369618256086378
0.0594665834864211 -0.0617513523923122 -0.0407937338961961 0.0895749466214485
0.091201027311873 -0.0644286034208926 -0.0188033094524421 0.136020131565721
0.11617173782614 -0.0161521590007347 -0.0266628189981884 0.173983741683077
0.115992529161788 0.0248786413193332 -0.0766289753779555 0.18614931103132
0.0968610356540561 0.0695346903794714 -0.107782881618625 0.147309655261397
0.0713398051659383 0.136072654295829 -0.0870881745311487 0.0777876664008753
0.0345924911523876 0.189339883483079 0.00292826835351636 0.0928307434743864
-0.0333501866144615 0.177348549110458 -0.0954810723066164 0.0114640882475938
-0.00590265817183267 0.163163631407862 0.0816688196351516 -0.0507860776784918
0.0467802255881909 0.121399908364424 0.0944144300476547 -0.180615977501599
0.0892297345915085 0.0886564546589064 0.00810771112141405 -0.21379548248168
0.108966179863157 0.0400490216853651 -0.0764849657747915 -0.167220949631893
0.111705566179542 -0.0115519465174579 -0.0988252264433996 -0.109121114720016
0.0936573838120712 -0.0495931464227037 -0.0849239560610891 -0.0496161982375028
0.0911548127793951 -0.0544567025802607 -0.0621191188347825 0.0122203281838997
0.081399545023804 -0.0656551629488768 -0.00996934340882008 0.0628908333463334
0.116987477404021 -0.0671157959716217 0.0187689704089033 0.114287060579567
0.144916975041545 -0.0146457459714129 0.0160358919883548 0.168940779262839
0.153758493599514 0.0358797097429935 -0.0527967565837254 0.19876270216877
0.120644659300637 0.10466213474658 -0.108749334334171 0.152911444214985
0.0634279014420145 0.177555728059478 -0.0989090469503152 0.0454397285217485
0.0131149974919605 0.220457400177873 0.0105196394512512 0.0182762728731253
-0.0555591620768667 0.183100455742828 -0.0655521651447757 -0.0626080120524365
-0.0292134412981257 0.195984820864447 0.0997576888435609 -0.0989703985261859
0.0507475288635582 0.166675790710592 0.105377864331698 -0.194451559646709
0.121853521490048 0.114232995076552 0.0239724798581809 -0.203936551866215
0.137837261707043 0.0454208376172094 -0.0388596345495988 -0.158273959339674
0.132884893652489 -0.0128358670761826 -0.0527373625339174 -0.116263457218226
0.109112659040878 -0.0513105850768382 -0.0422732410907233 -0.0707455229967774
0.101143903805503 -0.0508066317001666 -0.026592563199907 -0.0134953363147018
0.0920915060812479 -0.0572150280656648 0.0252376409810905 0.035794215950578
0.12721450337445 -0.0534116923715577 0.0562572114455377 0.0911991485617435
0.152222915349085 -0.000966377143631053 0.0531863265039623 0.157770836901196
0.162255597033129 0.0526436148289673 -0.0319478106959969 0.200564454464179
0.11671809265766 0.131011918326869 -0.107718398068101 0.148359659892735
0.0365602855144321 0.196802914757786 -0.1036056397001 0.0125104179369341
-0.0176973585252635 0.219173893966485 0.0242403792577647 -0.0521872549608755
-0.0667562308130264 0.156780730580193 -0.0378499543439231 -0.135751051831198
-0.0475393828939654 0.190869216620797 0.100466838075269 -0.144717101453691
0.0426358133741279 0.178398155694644 0.104013209899999 -0.193967318244829
0.127881538807946 0.118604580216095 0.0395080274375029 -0.181436176418578
0.139474124169639 0.0441637329111134 0.00632371781072554 -0.145759601163596
0.129820910711434 -0.0111686474578817 -0.00318738527320146 -0.124616804020853
0.10608874200109 -0.0455017256820166 0.00149246144915791 -0.0921420111312162
0.0959589496605542 -0.0397764546509714 0.0119105960673322 -0.0356659536567289
0.0899131100356115 -0.0405932127563697 0.0622473181358638 0.0141286636304918
0.120896873628763 -0.0286864581553784 0.0907263414550889 0.0740008139128673
0.138504189369743 0.0212682151971143 0.0822915806367415 0.14896177245819
0.143584027949504 0.0742165619007363 -0.0174987320960429 0.194184140501314
0.0849674130920995 0.147730906419157 -0.10170316912743 0.133048508324504
-0.00709459667796834 0.191969926006198 -0.0935100720723859 -0.0177383762990663
-0.0523893679246635 0.185052776611933 0.048589996395222 -0.108201942478384
-0.0689301987464522 0.102661192979473 -0.0171805591740701 -0.194927117579886
-0.0583698467478865 0.151111434582001 0.085695709733938 -0.175563000788897
0.025718115497959 0.153528930066679 0.0965203841696836 -0.178367893720669
0.105554423363339 0.0977069512456146 0.0570285513736592 -0.153789577608329
0.110564334029327 0.0355344597723957 0.0484574783821117 -0.135837194138454
0.101872524114371 -0.00512882138347234 0.0397300648294722 -0.133703391108657
0.0861084475183158 -0.0299375805554956 0.0384048714194848 -0.109237117918466
0.0766031928516321 -0.022580310286195 0.0467952125922814 -0.0516437337083376
0.0750713293918038 -0.0198548431573929 0.0962004619501606 0.00172487835063816
0.098507020212054 -0.00273434462859979 0.120757602266456 0.0688455518232242
0.106702465994259 0.0377278233917452 0.101592481080454 0.148046757140504
0.106287739656564 0.0859371538971321 -0.0070920199904481 0.185838187020582
0.0393128615304057 0.14544581592731 -0.088006468325959 0.114816659746152
-0.0511187656223668 0.159584585414027 -0.0658822402356828 -0.0368137349653386
-0.0792334386984212 0.124966476203099 0.0808421456315703 -0.139413965890538
-0.0657651282634152 0.0295450714124307 -0.00588373772724198 -0.226074886245239
-0.0626427086076707 0.0858837377499575 0.0659256766320244 -0.181449897693725
0.00253214032073592 0.0995289003809366 0.0934987716953528 -0.156491415193345
0.0607972257152885 0.0571349563202499 0.0742722838247259 -0.136136315210496
0.0575445804254577 0.0223015719543194 0.0752529026126433 -0.136184565264206
0.0551447752420121 0.00607766604250631 0.063344403294355 -0.141126149708871
0.0518665032288683 -0.00747641329435897 0.0606385766787734 -0.118269898943539
0.0455141637277199 -0.00186536800075719 0.0727207948906756 -0.0591796266387856
0.0471473015306225 -7.26472930945923E-05 0.122248868821954 -0.0011056792689645
0.0613206696448363 0.0124222761000744 0.140905353982037 0.0742356513456128
0.0646209374789485 0.0357467074885933 0.113048359468028 0.154373576836793
0.0643225001302764 0.0746223879781643 0.00351186644898185 0.180536342546342
0.000865732241266929 0.118859997603193 -0.0672790056578019 0.104579893990196
-0.0761541513985074 0.103875068924495 -0.0326677220704161 -0.0348673084410924
-0.0859094925993338 0.0479981261933175 0.114003057144333 -0.142983131866733
0.063109321139107 0.0246797291584104 -0.11981841287838 0.158572504075371
0.0687133240202831 -0.0465058530720996 0.0310814747340992 0.0512912472177775
0.00289371571219177 -0.0799030533823155 0.0721532133125273 -0.116322710777826
-0.0424419475984878 -0.0354675745503078 0.000260660099788841 -0.209784449912292
-0.0302589436387216 -0.0118923719520228 -0.124358606952871 -0.182214679963573
-0.0197193052554596 -0.0135087914605569 -0.177949487091792 -0.0933614329882994
-0.0167149563457561 -0.0166411376467921 -0.157348428232007 -0.00434377044267625
-0.00662180849202995 -0.0207798481311303 -0.114335615707065 0.0734402244609693
-0.0114450001285755 -0.0268836222475315 -0.0751927611245058 0.126988840704111
-0.0036733474868761 -0.0331831723324729 -0.0707820280332057 0.161581792096002
0.00444952181361622 -0.019024004713337 -0.0845620820667869 0.162328758668595
-0.00853419929753923 -0.0278000424843079 -0.0984358054326396 0.157843989992717
0.0213005465608382 -0.0465801327072484 -0.100607233161987 0.149384539432296
0.0718392445797171 -0.00474604046757589 -0.0910549066164601 0.15222421121042
0.0599851008678805 0.0490251704151714 -0.00802266446746348 0.222232126055434
0.033519369860797 0.0950807683057236 -0.13332722975991 0.130150590436094
0.0499571173631995 0.0316142095596021 0.0317869860997586 0.0246932832785654
0.019651154457065 -0.0159959412602314 0.0654023417430317 -0.138071752210813
-0.00291401833982143 0.0072188235268105 -0.00674337231816145 -0.213236130317913
0.0172019013676478 0.0107168069933191 -0.119489996894894 -0.182454139218698
0.029772627618867 -0.0120229032613075 -0.16762369472427 -0.102508225887872
0.0263695402901036 -0.0320172293180669 -0.151433930801054 -0.0164195797210052
0.0355498901037721 -0.0395907342835929 -0.112051297208084 0.0611786719199436
0.0293074969318992 -0.050100453817797 -0.0649474080606093 0.116643684289408
0.0533402160536193 -0.0530325228747591 -0.0517831860575759 0.158911134758928
0.0725366373058594 -0.0140769614082772 -0.0644876844533135 0.177849377632417
0.0619852513812909 0.00897942734603023 -0.0962435207511706 0.176843717697838
0.0611118087503284 0.022699396778284 -0.108615503003937 0.148240168801985
0.0732161066638766 0.0781233510111345 -0.0873016712918877 0.118193622085897
0.0494809739886993 0.136231273830846 -0.00241399661356468 0.171122134794965
-0.0026702952630905 0.151614761038244 -0.124989229631428 0.0807406946983602
0.0214082912917115 0.109526359709382 0.0554851363420456 -0.0102793335267087
0.0338059204509653 0.0578226395798178 0.0776608777780447 -0.167103376363158
0.0449621649410484 0.0533344948577757 -0.00545848937248643 -0.22322091070722
0.0681087276651975 0.0302127033797445 -0.107919591697075 -0.181169280472355
0.0784126981975703 -0.010797582545129 -0.144092467231487 -0.108816623364068
0.0677900805500572 -0.0448599306008683 -0.129011026698791 -0.0328018428219527
0.0718139339911357 -0.0528390269274088 -0.0949712171669792 0.0404298890860678
0.0638144756667353 -0.0655421035810458 -0.0411064299069508 0.0949719270289841
0.0964377640738089 -0.0688957162078781 -0.0170118014077917 0.145300673105905
0.124766231020451 -0.0170477353852061 -0.0243600770398289 0.184541482537097
0.124000551194413 0.0273368016445378 -0.0778150555292594 0.199901129958733
0.102389949679771 0.0746456103112072 -0.113215807814229 0.157380411252798
0.0761189481066275 0.144630272199104 -0.0937208762514263 0.0844706588489297
0.0366279233161315 0.200377336025096 0.00227657555235909 0.0994719215492603
-0.0346718173191988 0.186554204378143 -0.100051087593275 0.0137048820802204
-0.00568882288254171 0.173698873334376 0.0857903966602786 -0.0536101217519339
0.0477834648750084 0.128133533341649 0.0977438658365396 -0.192902911103649
0.0949161375980754 0.0939941231533564 0.00577715240833876 -0.227131010741884
0.116220210414307 0.0426579489709066 -0.0830078971909833 -0.176126834001492
0.118445090695729 -0.0123243972298704 -0.107409628491311 -0.11500524924248
0.0996029739560999 -0.0535166186148781 -0.0919058211359604 -0.0525155356255823
0.0969280915625719 -0.0588531693764136 -0.065231385728827 0.0140575223619871
0.0872850981987512 -0.0695592250239494 -0.00842464543016451 0.066482194293081
0.123764812389823 -0.0718205364729077 0.0225915705254637 0.121776108496222
0.15516458894062 -0.0157869406542702 0.0213605148917981 0.179179545110951
0.163158760611895 0.037404867726788 -0.0517656710756997 0.213316996571813
0.128267876998524 0.111261432912921 -0.112788731996925 0.163614617116779
0.0677801988834197 0.189254195533934 -0.105077362684924 0.050518518923619
0.0147642965816344 0.232780436229428 0.00961832084084913 0.020269401117065
-0.057924675585531 0.19252950746393 -0.0687421092194772 -0.0649743296005791
-0.0300331743771665 0.208361998035955 0.104993083634276 -0.104153035009616
0.0528169439764559 0.17576776686589 0.108954111809631 -0.207481869487119
0.129969698458924 0.121496037454591 0.0222840411383624 -0.217161979268781
0.147246483419788 0.0481601656316431 -0.0434173537604678 -0.166174653343878
0.140442232438264 -0.0142628566084984 -0.0586704690361499 -0.122869658191954
0.115251011346562 -0.0553275236628382 -0.0468531935281804 -0.0755114386887213
0.108095246477283 -0.055581118872256 -0.0273866874748593 -0.0131763001049417
0.0985546793883912 -0.0609461842435809 0.0291742095107758 0.0375728575205869
0.134100183756682 -0.0578696916184365 0.0623822906610514 0.0960905426016571
0.163192096714772 -0.00169193691330684 0.0608347343976733 0.166710359100002
0.173076461458332 0.0550084954876913 -0.0302062027093028 0.215149995554857
0.12459215398454 0.139772272592243 -0.111057518127348 0.159065319962569
0.0394259027923387 0.210531790794363 -0.110306996295448 0.0153973530947255
-0.017892253405072 0.231730618323407 0.0235034141766415 -0.0546687246414075
-0.070243246819294 0.165902856276527 -0.0395898206058269 -0.142823470173068
-0.0491910183978794 0.204074687236909 0.105052214330293 -0.153524036573316
0.0454814625030723 0.189265844825091 0.107569149195046 -0.206781994410873
0.136460857509161 0.125276329890753 0.0403542337768462 -0.193128379791812
0.148987221247772 0.0463257309769934 0.00447756651280521 -0.152588540627733
0.137878002881583 -0.013011713174806 -0.0056059498663613 -0.131874202877732
0.112726197154872 -0.0494359460502994 -0.000755562818947278 -0.0982956184070777
0.1026814408284 -0.0434026792035869 0.0124747199668715 -0.037219986138201
0.0965650697959058 -0.0433168813949107 0.0681315172254876 0.0142188173891778
0.128193699987374 -0.0313373452819506 0.0992045606969508 0.077735142492122
0.147917695920798 0.0217871434353953 0.0915640998503635 0.157746494240574
0.153273178078532 0.0769314526192176 -0.0146322872404334 0.208005055389416
0.0910851632723914 0.156728473931341 -0.104893393810139 0.143443939235365
-0.00621764005101021 0.204780691829208 -0.0994448349477465 -0.0165772043378511
-0.0548309742907685 0.196465959847585 0.0483874984454546 -0.113938287901243
-0.0725510499363505 0.108939065346287 -0.0183269624212366 -0.206091734386797
-0.0604486739456115 0.162127509714445 0.0894760751947134 -0.186312866637017
0.0282981361094509 0.162835630655459 0.0998606806142388 -0.190231547928024
0.113375842544963 0.102409817493337 0.0587174064073701 -0.163347026852921
0.118133825576356 0.035718334498962 0.0493899508139992 -0.142639572630795
0.107599956595443 -0.00693036468670761 0.0395673227722627 -0.142066385483067
0.090839091262875 -0.0332127985844614 0.0377641116164254 -0.116900098431966
0.081804451234962 -0.0249950049723296 0.0498240453691588 -0.05459404536142
0.0805117569397442 -0.0211449784956041 0.104106969472813 0.000355363213448134
0.104309015721298 -0.00388824041243302 0.13040631567353 0.0722454580254633
0.113620052269425 0.038867054115112 0.112198552982605 0.157101611306335
0.113331427986934 0.0892595304561409 -0.00376305074240695 0.199939096731084
0.0432402837753219 0.154477720356081 -0.0907353851751401 0.123669795214801
-0.052711941340722 0.17088796214528 -0.0704547454853661 -0.0375425155490981
-0.0831880679416762 0.132590139991368 0.0833814069766674 -0.148557298904934
-0.0692297537366046 0.0316566069201762 -0.00709169842498128 -0.239510194621297
-0.0655532653828591 0.0921940942284078 0.0687358097888163 -0.192859260678716
0.00422553242985728 0.10548982034 0.0977292423747879 -0.167255879646966
0.0654739587987527 0.059021033337875 0.0778310862453367 -0.144909798761889
0.0615260000239704 0.0219158178760276 0.0783754082742145 -0.143557532915387
0.0579649961887405 0.00510687033036544 0.0641547654219397 -0.150886950448101
0.0549896177967126 -0.00853713509755536 0.0616995977713888 -0.126400923859101
0.0489859193230158 -0.00259839853911537 0.0773484817161213 -0.0628438708763766
0.0503613903484861 0.000120027558960159 0.130987366479122 -0.00232056530673929
0.0649878058893626 0.0125677865584987 0.151856778572274 0.0781492284042445
0.0683175891224782 0.0370302125755519 0.123296495554904 0.163533522438305
0.0689869806997557 0.0772177623600848 0.00711360106056274 0.194452619863635
0.0024366965581462 0.125696032127929 -0.0696703660134614 0.113249787466093
-0.0794371380714364 0.111665003316529 -0.0353326417210808 -0.0356810060919302
-0.0907684174931554 0.0519423149201933 0.117869153979791 -0.153085805576449
0.0664714954367382 0.023321100797699 -0.120531674166782 0.172260696862838
0.069713219203544 -0.0522351652849955 0.0344621367734818 0.0534883005027968
-0.002021672541049 -0.0835688271741316 0.069953006912976 -0.128445991491304
-0.0458644027627464 -0.0343021418471777 -0.00990757902740079 -0.224004017252452
-0.0318109499303226 -0.0100845109491205 -0.139694181451302 -0.189338348780342
-0.0213243028184442 -0.0122002821598991 -0.193615794572458 -0.0915910987107127
-0.0186048522009535 -0.0158611863692286 -0.16804826157308 0.00230300207437763
-0.00792669110148366 -0.0216324844875799 -0.118005958363376 0.0816678295431859
-0.0130555418441707 -0.027670983275616 -0.0742975555412913 0.137142164837564
-0.00488785653971574 -0.0348489570980479 -0.0675489434204532 0.174639391378863
0.00448875538061455 -0.0200313963166251 -0.0826048271242986 0.175908650361092
-0.0106038920217978 -0.0276329629569207 -0.0971956453854492 0.171230068397283
0.0196101831789166 -0.0492412311028333 -0.101710953275032 0.161740221497118
0.0755166391532481 -0.00880811342257723 -0.092827537221599 0.165558268588669
0.0655956786179654 0.0499866001881577 -0.000894859754845725 0.235999577365767
0.0376123002035386 0.0986597403192615 -0.135761590930455 0.142997635872941
0.0530898492982963 0.0314364086011492 0.0344418425449558 0.0255672593837393
0.0177577589160358 -0.0172919507390118 0.0616905328286362 -0.149929502451753
-0.00237054286368829 0.00887222862241191 -0.0171927879990587 -0.227008787909568
0.0194566722660609 0.0117725678492719 -0.134332803849642 -0.188982868364837
0.0313082589559847 -0.0123731920077018 -0.182992732620322 -0.101555626461969
0.0274527381357926 -0.0345590535710748 -0.162080196491675 -0.0108040468297948
0.0364751267929799 -0.0438038021116364 -0.11570248567629 0.0688605193712719
0.0303411808210564 -0.0535256344172473 -0.0626460312294004 0.12533635938774
0.0546677803328663 -0.0581986223812573 -0.046547428347356 0.170977032004467
0.0775556045473183 -0.0173126199271116 -0.0608755713314179 0.19082499178312
0.0659528137552959 0.00906404691555816 -0.0943029593816123 0.192368563435694
0.0643632917464929 0.0234327510684744 -0.109368587936073 0.161624615842585
0.0800045769171689 0.0798196348598183 -0.0897981530537174 0.130360017231282
0.057304809602764 0.141562643722337 0.00303843808279796 0.182353415962101
0.00167004776653221 0.159192293817547 -0.127762334418421 0.0903992881108358
0.0265242235973746 0.114808765098615 0.0581730985155582 -0.0124665875488527
0.0355674790174813 0.059382524749624 0.0742971940581278 -0.180429959586216
0.049932910683376 0.0553278376592622 -0.0157626392857748 -0.236596043841349
0.0737431279287208 0.0308741378003959 -0.121867359729536 -0.187194148473399
0.0828368065317692 -0.0135735173068723 -0.158635602106146 -0.109236617572422
0.0706206780658314 -0.0497794841888127 -0.139124375410009 -0.0295573441786115
0.0747721468677828 -0.0596844194452382 -0.0982920767644069 0.0466474308324534
0.0659640659750552 -0.0718973993358419 -0.0381098071238475 0.101683032834557
0.100125058011127 -0.0767350303355497 -0.0100620458233102 0.154959818054029
0.133470463974185 -0.0225782184063157 -0.0168904047762979 0.19682653328518
0.133113223312139 0.0247169417411031 -0.0722223228651844 0.216281454934891
0.110603431728561 0.0767172639186057 -0.112671183257598 0.171443861944906
0.0855897076953584 0.151136561818125 -0.0976890026488767 0.0945806538364067
0.0455513005677994 0.210352336412527 0.00553859020135579 0.106520311946379
-0.030738186315875 0.197289651253819 -0.104114051750634 0.0193910217713928
-0.000145836130515776 0.184157228199234 0.0880236779061018 -0.0589354675879422
0.0528340360730003 0.133208858592347 0.0936875522115465 -0.208532761244515
0.104019508636823 0.0963872432806045 -0.00367531170081559 -0.241531788428042
0.125011212336248 0.0420522597701532 -0.0948098264554972 -0.181702854728655
0.12505583324628 -0.0173236188599068 -0.119993109158762 -0.116905836089978
0.103503828459116 -0.0602491185485641 -0.101024901938705 -0.0524269744854614
0.101373291003716 -0.0668932149501518 -0.0676266620733881 0.0175621107114671
0.0907709002096107 -0.0769175626539859 -0.00413702106551517 0.0696158515650551
0.128557538203881 -0.0813786983860411 0.0311669454441574 0.128168332649041
0.165621733094201 -0.0228402134674618 0.0315041222443583 0.189218224750817
0.174966168676436 0.0343556426836672 -0.0443759182213231 0.230301511071874
0.139274888069523 0.114618282966223 -0.111899803657382 0.178401136885601
0.0784716924851454 0.198660297886206 -0.110212147440294 0.0595179238070024
0.0228996139552371 0.246769521052345 0.0094129233513583 0.0222225185219192
-0.0552724206079079 0.204571847843589 -0.0739638461490359 -0.0647535080422547
-0.0244426696962573 0.222726328843614 0.10640579411038 -0.112929286477461
0.0605770089203476 0.184678531039416 0.105929464631974 -0.223912916215811
0.14234785384885 0.123654549596149 0.014468723939472 -0.230550212747953
0.158399598243754 0.046159028875644 -0.0524099175630447 -0.172523594262456
0.148386912367771 -0.0199949456882256 -0.0686390217597406 -0.126708645355979
0.120304491801002 -0.0635665323043103 -0.0543029690982097 -0.0780592434464085
0.112991121338698 -0.0639191485262479 -0.0289633304715959 -0.0121221218702785
0.103802786466043 -0.0685012965103747 0.0345642779605006 0.0372920189117273
0.140063699819803 -0.0661609510265195 0.0729375502488034 0.099570456501854
0.174311825366036 -0.00868019583335327 0.0744278456650615 0.174212182904725
0.185785957700703 0.0512193381944087 -0.0204113408732229 0.231013773165143
0.136880406265335 0.143958138633198 -0.109177820765926 0.173308254734712
0.0498687898630895 0.222382130173167 -0.116992103166418 0.0228390236807664
-0.0116442249383268 0.24648827690318 0.0207635756228827 -0.0578129652429446
-0.068643946272417 0.176746467786042 -0.0457828395985235 -0.148692420936916
-0.0442015647508789 0.21935816166905 0.105319683197783 -0.165203459563643
0.0542608798920711 0.198845909823496 0.104483408568368 -0.223605996266869
0.149930540137646 0.127181254291491 0.0344540755016791 -0.205216166392921
0.160195611871461 0.0432400473205707 -0.000928769420597885 -0.159934412270855
0.144761300022558 -0.0190940828762654 -0.0125463440897262 -0.138713420867942
0.117464158099474 -0.056902160218607 -0.00673479845640777 -0.104531564582236
0.107962039352783 -0.050630777498579 0.0124491508762493 -0.0392717592810614
0.101689197514241 -0.0491456996656633 0.0748850232695564 0.0116342410511562
0.134584742921545 -0.0379674998328755 0.110901121812604 0.0785115110407539
0.158738555391538 0.0167415727494407 0.106724052843341 0.163056246134631
0.165045567772921 0.0751078812169564 -0.00407053766403121 0.223814945653297
0.102835527075937 0.163114139377442 -0.103217174400591 0.156726214638324
0.000989471083386017 0.218271804901381 -0.106205943214833 -0.0120779043638964
-0.0511692504051495 0.209904552580064 0.0448185705213625 -0.122030969623559
-0.0730874628927831 0.117139638848245 -0.0261905184105204 -0.215410853248137
-0.057076060964196 0.175719467444813 0.087895465954739 -0.199471473999692
0.0361923307671641 0.171770017863329 0.0976124201594712 -0.205284064376195
0.123974206193912 0.103328737672907 0.0557060759019632 -0.174659260433254
0.127004260794788 0.032624372636317 0.0467640087186994 -0.15145292126311
0.113624007774722 -0.011975894510451 0.0350723344563553 -0.151582009117302
0.0948685708142937 -0.0389361012124484 0.0329848097534934 -0.125189762488847
0.0866702304915043 -0.0301025911343503 0.0513650800826068 -0.0590960862374463
0.0847852039137231 -0.0252020424758838 0.112166685743686 -0.00389567206106624
0.110390130268143 -0.00837954624492252 0.143361831348333 0.0716256631626236
0.122395699433857 0.0367794888129768 0.127605915409093 0.162228218865881
0.123505211964745 0.0883933661102984 0.00677703033612427 0.214182382120368
0.0523647772162632 0.161836260099157 -0.0890014474404507 0.136186146448115
-0.0489368861910969 0.18386586245274 -0.0767699175072475 -0.0353997668187412
-0.083166942930712 0.144059669930206 0.0797934786664491 -0.16034945360199
-0.0722880040754393 0.0359630279835246 -0.0157428992243969 -0.252205777980196
-0.0642284628627242 0.101578194508665 0.0657941225607497 -0.205486166246158
0.00959060826922853 0.111466231900199 0.0962123098424149 -0.181153973125046
0.0714362462276439 0.058523181068756 0.0763057810578513 -0.15677077826606
0.0655238585715621 0.0197615390994617 0.0770533796329686 -0.154662850753803
0.061094050080152 0.0030627558366143 0.061090137833321 -0.162170969357508
0.0572018946512224 -0.0117685364774664 0.0582280949264122 -0.136440980919616
0.0521390977889658 -0.0046345401416729 0.0796037880442475 -0.0685712856670423
0.054006981937589 -0.00133133256763854 0.140132630604491 -0.00761680289630039
0.0689979282734806 0.0105621009023015 0.166142033534171 0.0769397485289015
0.0740909097011156 0.0359542064567808 0.139815245422619 0.168394014014527
0.0757831115272362 0.0774475547976173 0.0171370120877571 0.207461499033036
0.00881272159112796 0.13286057198546 -0.0678582850683197 0.124247944804544
-0.0789385763223119 0.121979624615653 -0.0394370630251306 -0.0359833464232292
-0.0942623741131446 0.0587519410491844 0.116767903871059 -0.167281987955998
0.0537663650397203 0.0525740143902206 -0.191970449430633 0.103873913134002
0.0892885867726077 -0.0182175006970404 0.0041453985345106 0.0667311375625776
0.0327017050353377 -0.0787304596066232 0.121042268408407 -0.0875683595609229
-0.0294240011790134 -0.0490360212985521 0.0903841606799002 -0.215820105368911
-0.0262301977669461 -0.019581759321438 -0.0448505904286771 -0.240986608846501
-0.015468357604238 -0.0180862470749814 -0.139531687504315 -0.174220299812726
-0.0114205443996289 -0.0225091185100226 -0.158377541284578 -0.0753103805083107
0.00309862625527875 -0.0235806171026578 -0.145913327183288 0.0216072887593626
0.000427349876623666 -0.0298254433060756 -0.128760537979217 0.0941358215566016
0.0108739542000414 -0.0327570100369885 -0.138792597600617 0.131519653595826
0.0137992194867361 -0.0147946698406184 -0.155335554734033 0.12579689860519
0.00126316910913865 -0.0251998966416631 -0.167662130042564 0.113029200254715
0.0378075431609056 -0.0346505670777946 -0.170125690561116 0.102013919612461
0.0733725125628415 0.0278700885942777 -0.169223175167301 0.112167716630668
0.0390547382996232 0.0756760217820228 -0.119339510423014 0.219505927284137
-0.00873479113937678 0.109273477672154 -0.190427780162915 0.0711821115850973
0.0350600276036149 0.0524539602793727 0.0184969207133135 0.038376931319437
0.02003108588658 -0.00736330028352786 0.12406269876204 -0.112483161135316
-0.00862856623691079 0.0105849376073848 0.0871365587410996 -0.22193721311672
0.0114117276153104 0.0246055394616889 -0.0378568040601914 -0.240364833125632
0.0340721566503657 0.00518675002145726 -0.125184193864794 -0.18019618870658
0.0401970007598926 -0.0188291348274622 -0.146958544890137 -0.0857379484770946
0.0551579332937695 -0.0238867898261198 -0.137833246142387 0.011177428937284
0.0538619683528939 -0.0347469482333587 -0.113030430903406 0.0885360620043695
0.0774859133961472 -0.0285798170992891 -0.117148028112116 0.138480051773315
0.0820339114378844 0.020847770078002 -0.139921540983301 0.152992863505035
0.0565888160536148 0.0430645986146272 -0.174068213890971 0.137718491194553
0.0463535896529771 0.0541302523641152 -0.178116254099455 0.100171879735609
0.036392958905908 0.112438089095745 -0.152253900957497 0.0801279965322209
-0.0104271136907067 0.157707164735488 -0.0911626154724644 0.169801938984682
-0.0705511040856617 0.149514810962615 -0.15725226867119 0.0268150013179178
-0.0295020559180511 0.1190265393224 0.0600110004976206 0.0126310962061542
0.000804878900895024 0.0732790306744812 0.151343676473669 -0.136876588472226
0.0184109409194379 0.0767776740721036 0.0946655141249139 -0.231571269772781
0.0530695866558072 0.067290597561416 -0.0263772804670164 -0.234144777048195
0.0826312493272427 0.0275467086414096 -0.0986487989426918 -0.178259189659161
0.0878356077487592 -0.0144058684976418 -0.116395986384012 -0.0929732600926723
0.0995116739241799 -0.0212023520961817 -0.111061690710461 -0.00174677524392445
0.0950776979930224 -0.0356121723690152 -0.078285547551072 0.0771984291357074
0.128635204583102 -0.0257906247766283 -0.0753395997670631 0.140238602451599
0.137124838948627 0.0410456008089241 -0.100609006085067 0.179334026927212
0.112163948446497 0.0880582206196495 -0.16331642290728 0.171842966249726
0.0647684636198932 0.125987909151109 -0.186460223864145 0.109906620045688
0.00832379195611957 0.181400439275841 -0.143798993785851 0.0433428623539407
-0.0533007174833649 0.216041474516468 -0.0524115494452191 0.100177400199364
-0.120570804192373 0.169907643066247 -0.100066659632112 -0.0284464043082154
-0.0875046559309295 0.172648013538182 0.112313048673622 -0.017647319352748
-0.0176655088681333 0.15059064454503 0.184603716429098 -0.155732507744656
0.0488495075596563 0.138911858883268 0.109650396157185 -0.232000586090323
0.095465309465576 0.100863005542056 -0.0024468307585241 -0.219145820939743
0.123566107517289 0.0429920931474591 -0.059685161312708 -0.167660991428958
0.123822633761536 -0.00928225981881754 -0.0708980444713307 -0.0978927760754356
0.127651027052351 -0.0159686131167897 -0.069261148807049 -0.014458387104473
0.121341479685984 -0.0295080006295155 -0.0331335135612268 0.0636036536376416
0.157021303112041 -0.0185616268887747 -0.0241796180459836 0.134963264036791
0.168613139912343 0.0551953974760247 -0.0507919349945146 0.195611400033341
0.147530347446691 0.114402509137345 -0.142208547674361 0.200145214197307
0.0736689785776169 0.174338997438552 -0.188073183916899 0.118204277772356
-0.0193380261714049 0.222682450219756 -0.139916118105235 0.00289690191850837
-0.0908274837554668 0.239830370825487 -0.00769041631768428 0.0232206519849562
-0.147742843486097 0.164992133884921 -0.0326060330406869 -0.0922600617464704
-0.128195332659642 0.198763148456492 0.156243889384685 -0.0612373042552933
-0.0347103041933436 0.202077943486382 0.204157817413345 -0.165094341307426
0.0726256690099137 0.181554379726867 0.122864585070783 -0.214025013798883
0.124005349508207 0.118373220116102 0.0326978018544734 -0.191648033196625
0.147135422043255 0.0496664891452534 -0.0075384523180618 -0.154047552218188
0.141550594427013 -0.00534287176389418 -0.0164604702427189 -0.100220392902217
0.137578994856464 -0.00748192303063535 -0.0204024756983859 -0.0243553607492973
0.128854947969621 -0.0164995003988493 0.0176903579860935 0.0513940736162478
0.162159657166834 0.000560408416796599 0.026416003661265 0.127055514565931
0.170575154520979 0.0721153909099186 -0.00461766572010569 0.201265685271234
0.149963671179579 0.134304788346336 -0.120201235680961 0.213816481570689
0.0583924609649788 0.20072344198245 -0.184390060734979 0.115843966844365
-0.057661062927551 0.231100571906545 -0.127497537826371 -0.0348606629993317
-0.122763810413885 0.223976589688676 0.0426778455371467 -0.0465681467270894
-0.148258884395219 0.134252396410309 0.0318789324721887 -0.157262726289935
-0.14536750313563 0.188102498581084 0.180125095210689 -0.109689296992191
-0.0457497002974042 0.213150690912405 0.202728901474905 -0.164130045653572
0.0787861438205402 0.187598146872545 0.129192981256781 -0.181312654939332
0.127157579560147 0.115985198976551 0.0753212497915324 -0.155887237348439
0.142502974506645 0.0481691568846207 0.0504951565920638 -0.138099876979895
0.135565305515596 -0.000484189807330673 0.0396504104791614 -0.101786785461466
0.126169176735614 0.00209302706982919 0.0300897217854667 -0.0302702624484464
0.118607363734106 0.000146039070444155 0.0665673196241193 0.0448491537526428
0.144341900538837 0.0238249083976158 0.0712057703150672 0.124747663894692
0.144242993975948 0.0880049929254715 0.0300666120701384 0.205167890574545
0.120758147541245 0.145719614678642 -0.102592592219868 0.214147117630256
0.0180205368911067 0.201645606050628 -0.171226817944653 0.103572959146667
-0.100044691426782 0.204714654012336 -0.100422974741963 -0.0643069785144146
-0.143788287080725 0.172608732703137 0.098051818323175 -0.0946917186753656
-0.125586484229558 0.0774357641240925 0.0805659109921544 -0.21143237280148
-0.136608323313724 0.141516923483411 0.178339523506733 -0.148142057641148
-0.0496511180878052 0.180200481178652 0.190055717818875 -0.150675584512812
0.0661669194085296 0.152625248848275 0.134857276849446 -0.142324507175811
0.100585440982098 0.0891644231135199 0.115589324995066 -0.123935763961251
0.109894444696839 0.0396808248652929 0.100592258305253 -0.127364925004057
0.106498532000916 0.00485674484302739 0.0869960025639433 -0.102811255910845
0.0963663025004722 0.0112870733345006 0.0741926798064007 -0.031494542942909
0.0920708825349099 0.014492729906229 0.107804104980273 0.0468045372278174
0.107996122064998 0.0409553564983807 0.103308159890602 0.132181812212403
0.100711275373832 0.0894204957279665 0.0483456172834359 0.213347792325161
0.0756772406084497 0.13915019755261 -0.0904558852182437 0.208936957028949
-0.0268971963365992 0.176611680616624 -0.14866460101931 0.0896214664351162
-0.129881817975485 0.149819675372857 -0.0601087018203706 -0.0726451687055504
-0.14337513875098 0.0960405683541484 0.150210566461536 -0.113042614071575
-0.0873551666236962 0.00207763552696378 0.104040455176943 -0.241155039318727
-0.108711361297422 0.0684512237605311 0.159531800023923 -0.161969613632574
-0.0446828789000379 0.110532255201593 0.176376685709353 -0.12576182681679
0.0377399547091954 0.0855890389838862 0.144461740610419 -0.113840088601142
0.0489528900934832 0.0472139001927272 0.143013259539427 -0.111487642192087
0.0538088990676888 0.029544955530939 0.130755833024166 -0.123932827628817
0.0587311718771262 0.0135052339638621 0.11439553849791 -0.100385228829609
0.0517333104793189 0.0193919740242024 0.104938808812189 -0.0277592973346169
0.051954754723818 0.0217292083445773 0.134928094998406 0.0565752104486366
0.0608263668169933 0.0400084564429636 0.121284517646708 0.146624833956591
0.0551657340380263 0.0669394381604913 0.0561636729243667 0.223374641020322
0.037129371867567 0.106758999784657 -0.0782963868776818 0.206641339918124
-0.0531405564156075 0.128998472265678 -0.123673787934812 0.0869605539480527
-0.128955289261899 0.0784196046059676 -0.0230523317963875 -0.0555341695242022
-0.114304286139522 0.0115888568758085 0.189191686574932 -0.100366691675293
0.0561199566280197 0.050236114356798 -0.189772585232671 0.11557942311456
0.0892907974711103 -0.0240225836085067 0.00762799034398155 0.0689863971811909
0.0271649865713354 -0.0801519639375855 0.116884093111894 -0.096165279926963
-0.0326107873386399 -0.0470471134851508 0.0791829126624362 -0.225900234998455
-0.0274879698673928 -0.0167260418676748 -0.0579937252372765 -0.244228799313948
-0.0157826051908428 -0.0162173148027873 -0.151276116154017 -0.169687857793517
-0.012095779818164 -0.021486885198818 -0.167250302513712 -0.0680221860479542
0.00196980387806314 -0.0237238844439168 -0.147906797177226 0.029144283556949
-0.000632538232515973 -0.0302659995743506 -0.125449850606672 0.102336569673258
0.00904536560468575 -0.0329386402587626 -0.133633758224034 0.141700544072484
0.0141474802329386 -0.0144239844921927 -0.15116073562838 0.136749823445047
-0.000790845315064211 -0.0236318255479582 -0.163991954255547 0.123928012982018
0.0354434689344418 -0.0365508457332236 -0.168354268974614 0.112012085229856
0.0759470920894897 0.0234054009869813 -0.168809000790881 0.12265406837127
0.0439282701490147 0.0750702143141017 -0.111146643431829 0.228694076340945
-0.0039893215299403 0.110146907320306 -0.189606395271591 0.0823522870242117
0.0377058725799401 0.0514496593332063 0.0203796971494981 0.0394349925025188
0.0175752074280767 -0.0083257252298648 0.118717687511197 -0.121354312781876
-0.00858534500729625 0.0118083054242652 0.075630811733783 -0.231747711035623
0.0131704447970132 0.0259070702012017 -0.0511372393737921 -0.243404739189132
0.0351608203170927 0.00475421385849218 -0.137973507340239 -0.177117589796986
0.0405609649172775 -0.0207598271839021 -0.154855843314712 -0.0798409949202758
0.0555280007462028 -0.0271015951650143 -0.139418102177334 0.0178473047072606
0.0530507221150223 -0.0378400282528327 -0.109002600187115 0.0955948578337195
0.0776211567765433 -0.0327619709687598 -0.110993060085344 0.147772610195538
0.0859758333112939 0.0176870581091836 -0.133253967454482 0.163849843890733
0.0598970780380522 0.0429845134104022 -0.168642064666465 0.150039909126322
0.0485006483017699 0.0538681391296319 -0.176494098159881 0.110391091871883
0.0418894658053364 0.112447642166957 -0.152041007440901 0.0895633767400553
-0.00324136761866614 0.160370764221949 -0.0846672223041599 0.17739245946021
-0.0655128135289084 0.153825578834384 -0.157895930221521 0.0354196542099063
-0.0240625744023772 0.122375536187202 0.060946890566404 0.011373922174669
0.00186513013431917 0.0739999358155571 0.144958576797866 -0.14756337362998
0.0217611478472692 0.077749427549464 0.0829034120978438 -0.241518389641847
0.0576362820830596 0.0666661192142599 -0.0393214361212478 -0.237420988701941
0.0854408106626318 0.0248183809433785 -0.110813006245474 -0.175342460107623
0.0888249826643951 -0.0180195166256241 -0.124694124382964 -0.0888149510654219
0.10059151146961 -0.0271626438070544 -0.112272976786097 0.00374365360825928
0.0963995711393306 -0.0404996547011499 -0.0741177490644649 0.0823417193544428
0.129829142060874 -0.0327625304286409 -0.067937505123523 0.147425212558181
0.144001270651662 0.0350937629853686 -0.0913097431730419 0.188366117940263
0.118709705318146 0.0854162225107867 -0.155624463036845 0.186013095606258
0.0708024789904069 0.126557736966476 -0.183431581514763 0.120661220854808
0.0170257824442625 0.184484568298827 -0.145494903616143 0.0518214060231421
-0.0439246522778757 0.22204316931326 -0.0496920407716658 0.104808250679603
-0.114478919738039 0.176197009225356 -0.102643873980281 -0.022648556782681
-0.0801281618883026 0.180175330210385 0.11265343994936 -0.0219404396171645
-0.0130789546222188 0.152925875637544 0.177657042682954 -0.167911106426533
0.0565482963109316 0.139352083788316 0.0980492050658588 -0.241222281099039
0.102179194288835 0.0985729614321333 -0.0141471968440083 -0.221671067788339
0.127700850071297 0.0383351643224852 -0.0703547883153751 -0.167207384037442
0.125218770726086 -0.0151099859944657 -0.0787667729661225 -0.0957686883138025
0.12977139554296 -0.0231520494845124 -0.0712144753799426 -0.0110137675781672
0.122910583624304 -0.036177656593444 -0.0280995553308083 0.0657069020731636
0.15914075503627 -0.0261511592518967 -0.0152726529149538 0.139214862640883
0.176442507536821 0.0474166970835577 -0.0391274951065722 0.201718459597886
0.156433888038812 0.110010832334705 -0.132265481027009 0.213797787701634
0.0835800620695282 0.175499379774435 -0.184514777503513 0.129983525822843
-0.00985753620810048 0.22881120612014 -0.142789218850087 0.0115066664888182
-0.0807282237490051 0.248225256358835 -0.00848063023492734 0.0245910345210974
-0.142733536338426 0.173409948001567 -0.0365399690122753 -0.090695031421976
-0.120987093787347 0.209104768270271 0.154977053860695 -0.0675029219978199
-0.0269711615372053 0.207044772429619 0.197499839281326 -0.178202071805247
0.0826077938888224 0.180954675539085 0.11304903212363 -0.22427976537168
0.132277626329883 0.115491662230982 0.0237762392766033 -0.194078926437191
0.151121127722223 0.0437146523455817 -0.0161160122500397 -0.154784409547596
0.143245800891367 -0.012334597587633 -0.0231082056787044 -0.10164435107959
0.139983263334247 -0.0151962041377836 -0.0213843291057612 -0.0232268416704419
0.131548335735497 -0.0229617781566034 0.022384791649344 0.0503671146351306
0.165016416485254 -0.00725438781208679 0.0363279833312277 0.128413815926474
0.178428958835612 0.0647585292964386 0.00932802280604366 0.205487455360355
0.160061945355861 0.129612186656186 -0.108446023087203 0.226627147353419
0.0693465904402821 0.201865894561289 -0.179538779562332 0.128037006922313
-0.0476440471293557 0.239143928792483 -0.132431843302712 -0.027829656433689
-0.114361294091656 0.233550363753921 0.0386214277542325 -0.0489005313641807
-0.144735616760562 0.142012752285646 0.0260218297878854 -0.160203976190227
-0.137876313673505 0.198900972895046 0.176459643806533 -0.118573449849843
-0.0372989008574977 0.219682905150314 0.196856305749121 -0.176905884809786
0.0885344739331574 0.186698561706033 0.121680372522523 -0.190310840660672
0.136067020759117 0.111155178751806 0.0682807185152982 -0.160555581574008
0.147315184602329 0.0419870689508489 0.0431790775472444 -0.142454894869753
0.137190489122011 -0.00748369604996679 0.033188456263565 -0.106362438315313
0.129020864552882 -0.00458025989878055 0.029849784263875 -0.0317303284622212
0.121601469191187 -0.00614346450301363 0.0719632202972344 0.042051042233263
0.148295112252419 0.0174994844608379 0.0815045072526624 0.12379632403435
0.151733743885009 0.0824018491753308 0.0434060654099465 0.208926222056361
0.130254400931207 0.142072837676005 -0.0913621537742343 0.226446886478677
0.0292360897371956 0.204792566854201 -0.166832279675699 0.114525037830105
-0.0916983042051421 0.214526464936186 -0.106031823336161 -0.0584756257082416
-0.137484040747646 0.181933045428666 0.0916611962038905 -0.100677280094593
-0.124517770424086 0.0839426660887506 0.0723606699340388 -0.217075858206226
-0.130978389336794 0.151161672851855 0.173707033595927 -0.157579851342645
-0.0405022493473825 0.185634589157854 0.184443961718758 -0.161994976127482
0.0751764632074068 0.151154351603831 0.129382009945513 -0.150920075817667
0.107716077358404 0.0846352004145763 0.110851426072226 -0.130336604046044
0.11319923970387 0.0350751301401507 0.0951451830738249 -0.134244796326267
0.107800152845469 -0.000417847199347754 0.0807475539456112 -0.108907616695559
0.0988715457030542 0.00693871097532918 0.0738694669184674 -0.0343200084001418
0.0944412019206879 0.0103516908224451 0.113489867147688 0.042848674342927
0.111787203469082 0.0358514994072911 0.114620802510482 0.129937098123525
0.10781585158562 0.0853171931424873 0.0637128345600575 0.215668566488664
0.0843050195456189 0.136472223475845 -0.0786541870208653 0.221105703758202
-0.0175505309603177 0.180999225151193 -0.144962181473778 0.100225164947876
-0.124597371669694 0.160261899401781 -0.0654796339880102 -0.0700196864216124
-0.140348857018799 0.104254764288284 0.144166843916156 -0.122293094401904
-0.0891288914485093 0.00618373486709771 0.0949441240164547 -0.249331988921568
-0.106185285263952 0.0762261502651759 0.154169664585489 -0.170972563388029
-0.0394511277195366 0.115218608216519 0.172950883091332 -0.13678459730194
0.0422092819979765 0.0847209513629791 0.140695770995596 -0.123034196731951
0.0526210178944523 0.0448426155038279 0.140022637488302 -0.119324757214397
0.0553671550991073 0.0272456980216143 0.12560557607138 -0.132615798996438
0.0590228612546252 0.0108492949736144 0.10959281180967 -0.107904418651058
0.053993604710069 0.0170478337722264 0.105413898000321 -0.0317457652521597
0.0539630548260009 0.0202113668051142 0.141273023431082 0.0506132315824156
0.0638950613761761 0.0374596705193053 0.133328342142975 0.143509269463859
0.058749597501199 0.0643964338848981 0.0708886454967119 0.225284197958226
0.0435141221176414 0.105140490310771 -0.0674126084030038 0.217136580116509
-0.0461038066404103 0.133627218430887 -0.119737175444175 0.0969271497975077
-0.126419828446724 0.0874007900169295 -0.0270394877470717 -0.0552577380489564
-0.114854822575877 0.0177439734473218 0.183992666172302 -0.11265928080932
0.0577457850631238 0.0487287743777694 -0.187286744844152 0.12324975130116
0.0893738894929631 -0.0279543076229656 0.00938473366477497 0.0709056626928993
0.0230510536528397 -0.0808486117713873 0.112704358265687 -0.101504811226976
-0.0347002292404374 -0.0450651336654785 0.0698188504682613 -0.231747533405847
-0.0270703373511122 -0.014520265723984 -0.0682382397101694 -0.246571977446715
-0.016221516778106 -0.0145053562631062 -0.161039882606636 -0.165479377978946
-0.012512919757273 -0.0201930068607095 -0.172693175711951 -0.0620878589036216
0.0014785969328861 -0.0241795673959973 -0.148225213676236 0.0345041317500048
-0.00157859052204313 -0.0297729484151139 -0.12249386700496 0.107463749630748
0.0082381570821274 -0.0332129054040299 -0.128887467183398 0.148846077713272
0.014444920343037 -0.0143915047089786 -0.147068587933254 0.143771023067313
-0.00204240418927993 -0.0219248947111787 -0.160806105876552 0.130784727835076
0.0331401273186341 -0.0375866605990265 -0.16711606558749 0.117249940730275
0.0773744788309574 0.020135506907374 -0.167475361662203 0.129847641280488
0.0473309989370574 0.0735104469283341 -0.104763780919891 0.233833524456628
-0.000856940421469495 0.110800609447255 -0.187886484539445 0.0892738402436022
0.0395745101442508 0.0499205525568194 0.021596979818192 0.0413957015360011
0.0157436295012783 -0.00858378760925047 0.113403702554363 -0.126833397817551
-0.00866109758221665 0.0131541376078665 0.0664930679530308 -0.237541338684412
0.0149981248098317 0.0269569974213763 -0.0613013471626341 -0.244400413024989
0.0364433743755833 0.00499114941272428 -0.146255479195171 -0.172855793006658
0.0407276937571269 -0.0215402376999964 -0.160673964917844 -0.0738592780067849
0.056135983858203 -0.0296108558571602 -0.140028039470407 0.0227449241449644
0.0529889763784468 -0.0395230619327316 -0.105837162571799 0.100514993945014
0.0771867876009799 -0.035565133382723 -0.105609228269803 0.154273483346006
0.089003093951466 0.0155927570326779 -0.127266442665043 0.170865180356467
0.0622129186776536 0.0433123227689497 -0.163490626989506 0.158636383326602
0.0496059021389566 0.054119324330317 -0.175148727977735 0.117019519888122
0.0460208944924027 0.111952163716578 -0.152770750492257 0.0960690522568252
0.00242764039692363 0.161176165125845 -0.0807900822970841 0.182317845236736
-0.0618469085488233 0.156166428360058 -0.157365753118151 0.0422437387634029
-0.0201153133403985 0.124278109867586 0.0618188310661298 0.0112196566229422
0.00206046800380737 0.0743528176596933 0.138776898971877 -0.154498323660159
0.0242222147267906 0.0778761406877178 0.0739901150640732 -0.246941453043695
0.0611462821779487 0.06654831616564 -0.0475279438978578 -0.238167094551296
0.0872315032264303 0.0231783193375415 -0.11934385772129 -0.17250914424552
0.0892855467562114 -0.020696565105633 -0.130373774497251 -0.0846705281129134
0.101478428517074 -0.0312673025626111 -0.113187327044946 0.00791846836244294
0.0967166503481189 -0.0438691852241752 -0.0706935694266908 0.0853355688106191
0.130218667275637 -0.0379164959177647 -0.0614299992560859 0.152889158845143
0.148598207786834 0.0304848165216705 -0.0834031881298815 0.194535887044002
0.123667759566017 0.0832941556880858 -0.148118625210371 0.194972218825615
0.0752764049444163 0.126673340526587 -0.181019040897257 0.128224517141046
0.0228965202533065 0.186400264512637 -0.14668624353645 0.0581784123576285
-0.0370535533048515 0.225571659950388 -0.0478795824168318 0.107584504018378
-0.11112914045501 0.180139296843353 -0.103101059018521 -0.0186803601489111
-0.0752284465170971 0.184763123422875 0.112431412214629 -0.0239190662589227
-0.0105590363846238 0.1550281333767 0.171280847337404 -0.175330293025365
0.0613446417070119 0.139033500405057 0.0894772943088076 -0.247766286013393
0.107427533572984 0.0968825207366741 -0.0223997817707432 -0.222430991821105
0.130249232997229 0.0348558229814784 -0.0774760839571541 -0.165200839104528
0.125839041582395 -0.0191768887558233 -0.0845123142215808 -0.0940007532841852
0.131119829482892 -0.0285634713018487 -0.0719074447718842 -0.00805563574837918
0.124157761313988 -0.0405463455914825 -0.0247749429271748 0.0666918663737483
0.160281830598177 -0.0316220037538373 -0.00783339851271312 0.141981409622562
0.181620319520772 0.0419520871772236 -0.0289972697549426 0.206179833700386
0.162412931364624 0.10609794777642 -0.122631731764816 0.22297276563513
0.0900825203254727 0.175627008833916 -0.181224631739463 0.138028222654659
-0.00261808579278724 0.23229860900447 -0.144979589703235 0.0181822279569315
-0.0736073647928527 0.252100437886168 -0.00973691822959589 0.0256604473591554
-0.139004059029766 0.177952220748095 -0.0388161385474992 -0.0892679518521592
-0.115164096832911 0.215855743964866 0.153887835902411 -0.0712906265132507
-0.0219188432705847 0.210517737018161 0.190911303562845 -0.186353361069731
0.089355624661208 0.179891035421494 0.104901719019842 -0.229726427970973
0.13873095542159 0.112454126641185 0.0171826100547261 -0.195593657847989
0.154457658268192 0.0391757969982668 -0.022255327647424 -0.155091698480303
0.144092202116509 -0.0171138560153321 -0.0288505822565701 -0.102034235399213
0.141785239625378 -0.0207643643297909 -0.0218414613410022 -0.0220897531019335
0.133181117738622 -0.0276499511185314 0.0263835377557105 0.0500056110184223
0.166557148395535 -0.0133327089454155 0.0447087644880739 0.128886979837394
0.184529520226553 0.0588794195725666 0.0194626479833018 0.207761732209955
0.165749629451331 0.125432154250276 -0.0985197375708794 0.235337804858266
0.0769896665770323 0.20308828549459 -0.174773853451947 0.135665609712201
-0.0402684364802598 0.244365349437738 -0.135085862370949 -0.0220421856437853
-0.107815899395895 0.239435691998383 0.0350896828100175 -0.0498452836101977
-0.142461169907015 0.147257767703947 0.0216500958274252 -0.161321338523609
-0.132530343541256 0.20708606271543 0.173953857893106 -0.123210565652189
-0.0311622942763904 0.223480858124807 0.191008598319482 -0.185349285817578
0.097028272538223 0.185134519126286 0.114846710689008 -0.196536539385604
0.142194228808016 0.10776031643817 0.0635905638778671 -0.162300940465601
0.15011843606633 0.0376149642890038 0.0385320075165087 -0.144568964716785
0.137987975966161 -0.0125166216494727 0.0283527420898818 -0.108254126271445
0.130678449893519 -0.00992210917867269 0.0291606163025111 -0.0321144384648438
0.123181903685824 -0.0101277072333391 0.0758513622510688 0.0393610531817408
0.150165865645679 0.0124605552100913 0.0896653321597227 0.12271837047662
0.157697009355107 0.0769704042067408 0.0554026791551635 0.209452793818078
0.136529210914304 0.138475319878264 -0.0798865517224575 0.234736803247565
0.0373537418119509 0.206194292375609 -0.162745453664568 0.122588920645987
-0.0846082403675198 0.221253152616463 -0.109689285484186 -0.0542370621380678
-0.132363130372012 0.188254540460759 0.0861314249666553 -0.104316573861368
-0.123707688356525 0.0883493926142343 0.066383246537555 -0.220908738231634
-0.126655414357068 0.158100055937225 0.169897263590534 -0.162358189288574
-0.0346817953964088 0.18897805828357 0.179378874539636 -0.169046985280947
0.0817758966410475 0.149794843880786 0.124239067642662 -0.156436682620053
0.112171056650867 0.0817062000368497 0.107769927054397 -0.134120230343322
0.115023776991829 0.0312022435458675 0.0916268379126942 -0.138736507809033
0.107923282527933 -0.00452189568401073 0.0756334460969953 -0.112498665013863
0.100493879860694 0.00303584593990898 0.0744091949245417 -0.0363605394381453
0.0962762805221436 0.00727518253734746 0.117725262431115 0.0389696329846439
0.114243878753416 0.0320976942416063 0.123022271963524 0.127458926403586
0.112045280033971 0.0814988644501854 0.0753270785541041 0.215622235231994
0.089865094471912 0.133219235270555 -0.0684382448571822 0.229131746373593
-0.0101544539468385 0.183273591016304 -0.141675927359191 0.107681593050462
-0.118906689438985 0.167001230904435 -0.0696852585420149 -0.0673092004090958
-0.137199562804405 0.109470535144238 0.137955766329586 -0.127844300629679
-0.0896700048300288 0.0093878079038512 0.0879855432781169 -0.253585917849438
-0.103324783129951 0.0812057006877498 0.14994846921697 -0.175599695317058
-0.0348136660313881 0.117441732189169 0.170189955011585 -0.14453192793067
0.0462660099718179 0.0829141469683817 0.136245134058147 -0.129298110123918
0.054570981375027 0.0425985143180315 0.137567039187819 -0.124592874375028
0.0560803730438442 0.0253261905680086 0.121510390437632 -0.138995344999331
0.0594899013259002 0.00864328032031003 0.10504525411978 -0.112955808665357
0.055418155070824 0.0153814842582129 0.105716270205016 -0.0345191314250499
0.0552932043048273 0.0184276037062483 0.145593764247226 0.0466984798732861
0.0655002079409517 0.03494989609849 0.141663948712974 0.140080797074066
0.0615198632276948 0.0617916860757076 0.0826114051260398 0.225149325894717
0.0475015544031076 0.102965843896974 -0.0575272061123589 0.224238775755073
-0.0411130539629936 0.136150119094667 -0.115727935897879 0.103183103681178
-0.123860892323388 0.093773382351145 -0.0301755186465217 -0.0540775398755176
-0.1149015170304 0.0219816361482391 0.179192631931588 -0.119950961021987
0.059216987655439 0.0483766758036962 -0.186917344976691 0.130311632413664
0.0905054985625545 -0.0312272963753068 0.0120304293719876 0.0738338664686725
0.0202490632432374 -0.0816310107523259 0.11078879828338 -0.105744751499406
-0.0365352738913024 -0.0437465787602835 0.0625856836868954 -0.238904843331373
-0.0271365924361748 -0.0131407886119766 -0.0771523181688065 -0.250529653932181
-0.0155182219364477 -0.0128674190428413 -0.169211519302243 -0.163762580079636
-0.0123073936943742 -0.0197840264858527 -0.178439486944642 -0.0568533915718898
0.00180679416943025 -0.0245310026444936 -0.150644256338784 0.0381742938500503
-0.00191973934058572 -0.0292637398253587 -0.121174817218529 0.112653024493516
0.00756360237321721 -0.0338139155261536 -0.126055471994052 0.155667974185907
0.0147448043075066 -0.0144064598839585 -0.144948624734763 0.150172962299922
-0.00222104100273603 -0.020331386466239 -0.159413246696511 0.137041146876923
0.0315753371547785 -0.0381059927658312 -0.168113255783571 0.122862352703594
0.079395610645006 0.0171384226398975 -0.169268053588157 0.136167104073369
0.0502167579788966 0.0726464385436806 -0.100968235498097 0.240329411386611
0.00103780205737312 0.111666078480255 -0.188160640321501 0.0961522844421194
0.042050274690151 0.0490614829868511 0.0231724403036268 0.0435192932036763
0.0138228255918403 -0.00839511777385164 0.110391698956306 -0.131504919336251
-0.00872207450279137 0.0144085699212225 0.0597169350783605 -0.243760314881613
0.0169845220458273 0.0275603162928473 -0.0688899667086222 -0.24792717219343
0.038121725838581 0.00557970556814188 -0.154025801346195 -0.17126948349186
0.0414790064601457 -0.022245551765797 -0.166034771646307 -0.0706121778405306
0.0569835890247318 -0.031742406935142 -0.142073965539205 0.0265404965825281
0.053624484580928 -0.0407215953988097 -0.10400907692682 0.104800499027025
0.0781471817240512 -0.0379133881220234 -0.1016871037194 0.160491379942054
0.0924074107697083 0.0135842737515662 -0.124234897421996 0.177565693240591
0.0647606173774721 0.0446290315183192 -0.160598978073938 0.166223846832867
0.0506238382552399 0.0551419763560133 -0.176275079114495 0.122845263076513
0.0489354219338024 0.112522722970703 -0.154848107056127 0.101905261028991
0.00678580663080802 0.163302064763458 -0.0783779778797972 0.187101019670575
-0.0602000482747341 0.158522758304746 -0.158617704774239 0.0470986598894153
-0.0174732356509166 0.12608885288773 0.0633067206556193 0.012929140665844
0.00170187629693734 0.0758508872658859 0.135453139326339 -0.159212176520671
0.0260919049650396 0.0790233036046971 0.0675994735006103 -0.252720766605641
0.0649155254209753 0.0673015127171031 -0.0546839394880585 -0.240904356551987
0.0900555606971954 0.0227310941322623 -0.12647279464708 -0.171444290036976
0.09070624643808 -0.0227434884647135 -0.13584113111034 -0.0823341578382938
0.103560017123418 -0.0346880309166607 -0.115001801404586 0.0110704374084582
0.0982360385338656 -0.0469019268381447 -0.06849178936361 0.0879535436654128
0.131949043290058 -0.0416972454608667 -0.0561654297880535 0.157487810001331
0.153957968676183 0.0271816259170485 -0.0774710476424101 0.200430910943968
0.128503042597635 0.0830845198555493 -0.143631083948941 0.203422016864505
0.0790372658840911 0.128544486411402 -0.181440685952534 0.134960400989306
0.0271490250752742 0.189442975812711 -0.149327035526348 0.0636828801241475
-0.0317227047394401 0.229118718802498 -0.0477281010530508 0.111128952078769
-0.109711544787691 0.18357624158456 -0.104765106062577 -0.0154352895299336
-0.0722423169508854 0.189182888044857 0.114159455319829 -0.0245406544153618
-0.00901703546319587 0.157944982311926 0.167732292746475 -0.181200765737735
0.0655017415031311 0.140005300946323 0.0828586778965156 -0.253512226968512
0.11238951432942 0.0964990159254946 -0.0281339309970547 -0.224559280750291
0.133393115258581 0.0328981586055889 -0.083429154647557 -0.16529022790566
0.127719110525897 -0.0222953110517444 -0.0897727663381051 -0.0933092689343502
0.133891934806063 -0.0325955971801723 -0.0725552904921862 -0.00629019962830287
0.126279864429573 -0.0441411668681526 -0.0216295955444566 0.0677804461202916
0.162683961338364 -0.0364396898102389 -0.00125368400401668 0.145264514477584
0.188096815376149 0.0376651553058531 -0.0215504205474057 0.210850229163312
0.168507195390299 0.105420398511495 -0.116712125565025 0.231920765701226
0.0960956991824574 0.177885034932291 -0.180391069653493 0.144732803043897
0.00244936797798693 0.237501553542049 -0.147432096641498 0.0228444320728481
-0.0685984543728844 0.25785334050004 -0.0116227043492474 0.0271698242198718
-0.138508716510511 0.182957120001856 -0.0406215121933039 -0.0885063877514787
-0.111968262888911 0.222428864357257 0.155113455709652 -0.0733420843782702
-0.0189608380143111 0.214972302263588 0.187441014743184 -0.193435929016067
0.0948122785451525 0.180466923922803 0.0989815671967542 -0.23603122994016
0.145152332964818 0.111168578746761 0.0120378868297874 -0.197759922777788
0.157787292739447 0.0367785508280295 -0.0267042426901053 -0.156151273783314
0.145746828036195 -0.0205887041420322 -0.0329834451611967 -0.102394540585569
0.14425165561563 -0.025059767782746 -0.0220904992838953 -0.0210814288389506
0.135595434298556 -0.0317522705265328 0.0301182201361427 0.0494131795738804
0.169317415479173 -0.0173062642486756 0.0519629356461477 0.130638266191242
0.190494934263062 0.0543042676577238 0.0288462600416492 0.211572147810897
0.17254348535388 0.123013917164802 -0.0906657006359588 0.243665093052858
0.0837538153253913 0.205303602712685 -0.174018851175776 0.142533804484655
-0.0346032506012151 0.251161817033701 -0.138664750652305 -0.0174966139318067
-0.103470809217235 0.244868336843118 0.0317886242787521 -0.0505732495380439
-0.142454904382324 0.152019955486349 0.0193114021430164 -0.162949235319261
-0.129594927768754 0.214305799127455 0.17473749558861 -0.125641929733221
-0.0273038534953796 0.228669078325309 0.188429370022367 -0.191877412156726
0.103302348485351 0.185891214009982 0.110703951632115 -0.202131842743245
0.147729568019564 0.105672239817042 0.0611138176360435 -0.164200731633432
0.153627013526948 0.0348591989463043 0.0357469497817568 -0.147520725496039
0.139583679217619 -0.0161198270448547 0.0241269519328721 -0.110577805070136
0.133424387035039 -0.0136437532084053 0.029904290868455 -0.0320067635858496
0.125672266716176 -0.0131530810209106 0.0799606802262578 0.037881684919031
0.153339724957106 0.00851410389114664 0.0978548547927183 0.122554415646112
0.163723133795064 0.0735015709497344 0.0652530977165507 0.21179971092669
0.142462538882178 0.136047355326594 -0.0721259136232846 0.243552440777374
0.0437557326525914 0.209360587730012 -0.160776449347315 0.128926142867031
-0.0799373605718612 0.228325714662009 -0.113573351815303 -0.0506320683822305
-0.129287417535379 0.193220494786393 0.0820531972444328 -0.10729313775766
-0.124386721650785 0.0925637398719978 0.062544987244058 -0.224374691425002
-0.124168029283543 0.164907763807542 0.169737269217076 -0.166282068281631
-0.0305964616321089 0.19372995718506 0.177199288132644 -0.176008011716581
0.0875599365811544 0.149535215855104 0.121331715443639 -0.161760646780598
0.116727529196539 0.079463181038128 0.107001724472125 -0.137435063024676
0.117388013502165 0.029099532815523 0.0894053000466692 -0.142945568461968
0.109098236682158 -0.00703776339837523 0.0726492911169138 -0.116196873327815
0.102531052366479 0.00025388506301027 0.0754519713184413 -0.0370512575729872
0.0980797027646887 0.00505377793052981 0.122188094318225 0.0365470007529309
0.117014584636888 0.0297127979521219 0.130773452113713 0.12654192914421
0.116440253906454 0.0790170585737689 0.085105618145355 0.217913935234271
0.0946837301670219 0.131587400212291 -0.0595911261477728 0.236939254910033
-0.00450121771476084 0.1860941180884 -0.139663513913491 0.113588281563842
-0.115553329074419 0.17373491350228 -0.0733634185464592 -0.0653241737768589
-0.137204282456159 0.114246242112841 0.134357890201828 -0.132475436128884
-0.0916171490043947 0.0122850030358771 0.0841453595392081 -0.258077980373503
-0.10210512343054 0.0855393434121501 0.149812303213092 -0.179677228332852
-0.0316212130067156 0.120708082208807 0.168641829582833 -0.150826419234068
0.0489133998348942 0.0822925078898367 0.134694820573082 -0.134700320773325
0.0561010486933994 0.0409416984357164 0.137212678610926 -0.128879165652553
0.0570274374732197 0.0240994846516131 0.120057917703226 -0.144174661726383
0.0597063795672294 0.00728408938500128 0.102635260595366 -0.117181880579483
0.0571564136692731 0.0141333163786705 0.107230943181289 -0.0364137826706261
0.0565226374828107 0.0173343817616832 0.150467764211802 0.043649079200969
0.0675786567486299 0.0340287925731107 0.149995500086969 0.139189941530301
0.0637667586406852 0.0602513681784058 0.0926293650481264 0.226981833665695
0.050808240239531 0.101375080734786 -0.0499808355501545 0.23162620133954
-0.036741187943048 0.13897184413118 -0.113717267710083 0.108814729051055
-0.122290893357341 0.0986024244305737 -0.0334542371188508 -0.0533836020409894
-0.11550760828585 0.0243007336582898 0.176436279946232 -0.125839330659686
0.0621824207438654 0.0478242926392412 -0.188057292665423 0.138131313971278
0.0920059682047739 -0.0353145389633845 0.0157191447677853 0.0768224918738725
0.0182611950496825 -0.0829117271648262 0.110012760881989 -0.111334315626938
-0.0385083405341896 -0.0424818723900752 0.0542728129475523 -0.24607095623611
-0.026773628049929 -0.0122412204339499 -0.0869965267582404 -0.256256266796671
-0.0147625210137679 -0.0119633790951079 -0.178824112814133 -0.162708288081123
-0.0120153333340716 -0.019067305972966 -0.185102510779246 -0.052090059645707
0.00159386635583812 -0.025176332909648 -0.154187240302802 0.0428430626283037
-0.00154685611791287 -0.0294082199761916 -0.120363294952463 0.118978186240724
0.00731895092264967 -0.0342675388324627 -0.124096504446261 0.162990197140991
0.0157737390048676 -0.0149162886945119 -0.145395816438214 0.158011330832718
-0.00274550388101136 -0.0189646055662508 -0.159210701819826 0.144286277901019
0.0301183993850747 -0.0388807440871707 -0.170619145493366 0.129715309448607
0.0814595285104376 0.0145447827247507 -0.171740975302474 0.14328802671606
0.0538522402579157 0.0722341129391942 -0.097685542521193 0.248522408217893
0.00347455844935621 0.113978613595217 -0.190395808635783 0.103700453746345
0.0448307261064172 0.0483204446879411 0.025472454342861 0.0465697748942607
0.0128451492271072 -0.00821626344899299 0.107978402233263 -0.136566208563905
-0.00850951543072595 0.0161171046789663 0.0525165951210241 -0.251289373907628
0.0198072745077482 0.0290533529821319 -0.0784705084193659 -0.254067947254644
0.0407378860361484 0.00513389742934467 -0.163722967234632 -0.171072733398995
0.0430561049038583 -0.0234203441684901 -0.17365950572622 -0.0663055008409324
0.0586594286931584 -0.0345345559547124 -0.145715188849376 0.0306078898975376
0.0556114234634556 -0.0430662852927993 -0.103313147089961 0.109335717330294
0.0800694502126637 -0.0404176350497671 -0.098506685478346 0.16866278186352
0.097003848712137 0.0115115271417298 -0.121227739510938 0.185918634488806
0.0687870853165249 0.0453376053725972 -0.159222498664179 0.175015857720404
0.0529715020285771 0.0569109420580186 -0.179023131152472 0.13001569044201
0.0525864777988331 0.113732900813067 -0.157499660040092 0.109484144753581
0.0115369533779941 0.166685487710366 -0.0766448242612857 0.194042977071116
-0.0589739257848955 0.162244938073954 -0.16063637207922 0.0531437264103752
-0.0147993366190187 0.128684636127411 0.0658890117603185 0.0137033609400153
0.00201229108330395 0.0778005827755522 0.131868331302371 -0.165434325119864
0.0282349734093123 0.0808446343432564 0.0607054683544615 -0.260261707745438
0.0696385123650889 0.067535323902478 -0.0630909037230742 -0.245827303090183
0.0940744187806414 0.0214977991181901 -0.134628205622102 -0.171799505840278
0.09277973774028 -0.0249649196265542 -0.142944014174652 -0.0801701203196908
0.10598356974084 -0.0389968710273684 -0.117353318555029 0.0142873924328611
0.100685492630789 -0.0503122768817424 -0.0668982639983406 0.092130053116475
0.134361263000948 -0.0461480196398418 -0.0505289912909861 0.163448688796289
0.160622761121607 0.0232181204396097 -0.0720290949463631 0.207985472342133
0.135230023085689 0.0829628845249165 -0.138978688405259 0.213753732827607
0.0840981898388637 0.131678660883707 -0.183109070252295 0.143572457097832
0.0323579295031792 0.194465474483236 -0.152300017608798 0.06984854803752
-0.0267541998672917 0.234899018627032 -0.0480055518945309 0.11584015875871
-0.109885916058155 0.190119029808231 -0.106638556920011 -0.0116003754252116
-0.0695836492410784 0.196230450397568 0.11709601347533 -0.025474767644078
-0.00747363512631974 0.162983686043645 0.164682241116236 -0.188654183251936
0.0702966435398387 0.142109927186744 0.0772891117999211 -0.261718590860239
0.118603478944578 0.0966410696256177 -0.0348324792284268 -0.227847665722697
0.13903591398174 0.0310980972281592 -0.0901147462665452 -0.166347134428508
0.130606539436319 -0.025528273276444 -0.0955219929978358 -0.092056519878324
0.137584132879473 -0.0375105977817189 -0.074481932571098 -0.00389632754197318
0.129315372835337 -0.0484310478910252 -0.0187128558456889 0.0696981340735843
0.166301685762979 -0.0417184075272365 0.00517061869815999 0.148787944235045
0.196073078965794 0.0328403387805412 -0.01308462007785 0.217148034260659
0.176794728499717 0.104203264328585 -0.110161244010915 0.24256987049006
0.103085565018107 0.181366510887558 -0.181060502527061 0.153811281787488
0.00824343545398378 0.245045910283109 -0.150957922497685 0.0281151663843061
-0.0635920118669882 0.265866670044921 -0.0131592450470871 0.0289273469797211
-0.139750311813186 0.189894901817646 -0.0427148897814781 -0.0881241079299503
-0.109644298830265 0.231847081775376 0.158200827957403 -0.0756904065427254
-0.0156481219141613 0.221986772787143 0.185520515193444 -0.201253681018492
0.101852190139343 0.182904633183238 0.0943197526032786 -0.244308395731016
0.152245094744134 0.110372176849802 0.00835552222915119 -0.201332499430539
0.163075594904219 0.0341601495961129 -0.0312424807831706 -0.158313155566832
0.148934375197907 -0.0245081853722616 -0.0382327700850582 -0.103723850321479
0.148610922539149 -0.0302271752498869 -0.0221486394499707 -0.0198573016868689
0.139483489609259 -0.0358983696056766 0.0334612471023032 0.0492524246559602
0.17397956516959 -0.0228541421293179 0.0598637785609817 0.132282835933328
0.198608424113194 0.0499123480967433 0.0393514297067473 0.216316579563932
0.181108916392066 0.121840069629699 -0.0821575395301336 0.254757327776879
0.092192063547684 0.209577466908325 -0.174171749101209 0.151347418296943
-0.0291916762239189 0.260224471947445 -0.142830658230386 -0.0130745283586685
-0.0997859765924971 0.252991683359715 0.0289809089988231 -0.0511751931756146
-0.144391574550241 0.159119193842482 0.016308390203761 -0.166208712176642
-0.12774225908838 0.224190795055991 0.17681478827611 -0.13098651041002
-0.0228880023833906 0.236370760165975 0.186690947581657 -0.200575831073417
0.111133430624145 0.18812463974543 0.107188307455322 -0.208286763324015
0.155486737149999 0.103933621689242 0.058638915536474 -0.169028740451748
0.158252954977755 0.0321788117834452 0.0332002985582805 -0.151495383907261
0.142481987904584 -0.0199703574730504 0.0203411550978669 -0.113314303751766
0.137081926422624 -0.0177481350513736 0.0307401026144793 -0.0322822682096558
0.129232426786329 -0.0167343218128337 0.0850013348854305 0.035615697341269
0.157816222931217 0.00487090356686295 0.106399420998383 0.123271244235126
0.170594294687008 0.0696532412846468 0.0759745163617668 0.215810805658129
0.149948828995573 0.134520682844726 -0.0628282329806587 0.253985765119163
0.051015076696183 0.213696289920745 -0.16008637093297 0.137034367184495
-0.0768149193162878 0.237098736282333 -0.118275395758922 -0.0475655726542565
-0.127338342810981 0.200270857021788 0.0786314590504951 -0.110666019792858
-0.125790762838405 0.0980763096584808 0.0594936478501374 -0.230511896346935
-0.122659105645491 0.173453883843006 0.171732659738735 -0.171830036621955
-0.0265014636284949 0.200748575307102 0.176473406454693 -0.184189153621424
0.0938219552377968 0.150798958314634 0.118368519168712 -0.167891628995516
0.122152509711572 0.0773815826331605 0.107085991989382 -0.142134413492766
0.121172578249142 0.0270554442051628 0.088426326934144 -0.149323015331749
0.111159536197743 -0.00995932468160989 0.0699763659724892 -0.119968879377922
0.106725271340256 -0.00267165033519668 0.0776853298666263 -0.0389391577762019
0.101200432632024 0.00245600346217163 0.128263463403427 0.0343297612578597
0.12107407427908 0.0271052148974092 0.140937538649678 0.125982055490689
0.121402830478982 0.0768591946699196 0.0967249747247227 0.220779615009465
0.100392148811969 0.131276560443795 -0.0509947624220155 0.246976028484587
0.00133171152772974 0.190640299582475 -0.138483786967441 0.120949073643409
-0.113527153455139 0.181666156967864 -0.0776847729976683 -0.0638033319611631
-0.136356242474233 0.120025526143402 0.131454945781214 -0.139165597075255
-0.093906177348 0.0147218986339754 0.0802888573121203 -0.264875861942347
-0.102157116446674 0.0908741123329502 0.150741994688974 -0.18621548232482
-0.0281813723460497 0.124996211945611 0.170469576585348 -0.158653375319686
0.0526677922972578 0.0822640508104742 0.133545790360498 -0.140434977145914
0.0586006399273032 0.0398982100684926 0.137963720763418 -0.135167093728036
0.0588875787527935 0.023624422606502 0.119535643834314 -0.151787525836307
0.0614471921186081 0.0057451656012745 0.101927399370749 -0.121845911966242
0.0596551587340383 0.0131350224642178 0.110134441716277 -0.0390044543415631
0.0585151638519372 0.0168028664583915 0.156691732463945 0.040591273889512
0.0696683985335718 0.0324717023023568 0.159313365165899 0.138272611151194
0.0661529562436637 0.0589682098333636 0.103702628401775 0.230338598900507
0.0547615814049345 0.100773363355368 -0.0420453210080999 0.24095100569843
-0.0324595662459811 0.143064359276167 -0.112259616152004 0.115767366658378
-0.12173449792329 0.104598096718151 -0.0366765500544289 -0.0531245158065164
-0.117807946461804 0.0270095263542714 0.175295415987178 -0.133044622821944
0.0525236048901149 0.0556345810530566 -0.215029359266773 0.108192464754867
0.096359541879378 -0.0213546967408649 0.00417561163461986 0.0870017221723245
0.0326033442259255 -0.0760359290047668 0.132576624222167 -0.0891642675801288
-0.0284255370142005 -0.0435954139602731 0.0989016030557554 -0.238904516209865
-0.0202972361078954 -0.0131043635633495 -0.0435163515436687 -0.275667963454199
-0.00956901726899107 -0.0124800168524352 -0.150818868658216 -0.198684497077282
-0.00788830131098764 -0.0197444574758379 -0.179411252683371 -0.088514308131488
0.00853178976387358 -0.0252592373437991 -0.164458622114184 0.0126617316182752
0.00539642144502005 -0.0291345623738971 -0.143345886276985 0.0967005998792668
0.0139793464988937 -0.0319387164581944 -0.154778810511603 0.139027360907068
0.019405502315365 -0.0111578314789371 -0.175954946223927 0.130578892714239
0.00237872725206032 -0.0156213043222032 -0.189709160448594 0.112656400250447
0.0373797407515852 -0.0303977120290993 -0.199498165249801 0.0969265011831353
0.0794657506798556 0.0319269298622 -0.207108364632721 0.114717451090944
0.0402536303378325 0.0822983110990104 -0.154555324563534 0.236755160847073
-0.0178435124981356 0.109205694651158 -0.211866504204348 0.0729669406169559
0.0348700031927413 0.053541563640273 0.0170278886672621 0.0554943476799386
0.0134224985501501 -0.00315923794483237 0.132813321578651 -0.115076043858028
-0.00979741577894645 0.0179492128849043 0.0965018778951609 -0.243751556187085
0.017759491901587 0.0361633074732032 -0.0346208288765277 -0.271367218923609
0.0425718689017962 0.0155604316008609 -0.134736244429166 -0.203928962091855
0.0480828066177594 -0.0134838491708564 -0.163942543534824 -0.100320595195626
0.0674466707225621 -0.024082566562937 -0.152709082682813 0.00291781364299306
0.06580418105356 -0.0317495225506038 -0.123266351700571 0.0908621993031026
0.0882173581907603 -0.024666779536352 -0.128329764449336 0.149482517542409
0.0963476505597909 0.0313124741786632 -0.153579450671222 0.164467019475455
0.0608536765534556 0.0630084700264963 -0.192604705904915 0.146627728250021
0.0396274225129343 0.0720001687677669 -0.207358400824582 0.0997726731822653
0.0294046092834111 0.127322650896135 -0.186844453160094 0.0830187763546678
-0.021969588649466 0.168787360247489 -0.122136751206246 0.185289038240246
-0.0890113663930776 0.146173219112866 -0.174219977102053 0.0274937699416292
-0.0374874164734785 0.124394160317657 0.060636504434504 0.0272171899903081
-0.0131333609765231 0.0810121502596098 0.159117737108382 -0.139783190336502
0.0142523181781749 0.0881216901800179 0.105310375282899 -0.2502387532634
0.0599508383922414 0.0835485505509558 -0.0207452071036504 -0.259943049478484
0.0922157834348995 0.0416921034980842 -0.106098843311702 -0.198013461380214
0.0981049312355006 -0.00628168743824361 -0.129790125760196 -0.108216754057855
0.116930899737439 -0.0199678391856899 -0.121512036791449 -0.00836133155643518
0.113272379044126 -0.0303668119739247 -0.0831068887270532 0.0804105083084792
0.144388307487007 -0.0197701579388132 -0.07805754855157 0.154686027160519
0.159176715602217 0.0556847401709642 -0.104549924635348 0.19723544949172
0.11974373479173 0.113677438108443 -0.177028982961137 0.191721128805213
0.0553687348812365 0.155427989183778 -0.212442080070223 0.11518901110482
-0.0080322541587114 0.204301544961273 -0.175293445365675 0.0452300848989409
-0.0749940819809547 0.230399149065866 -0.0755534599623913 0.111703982885343
-0.14491202761959 0.164532368794757 -0.108620643288823 -0.0285699370988307
-0.104098024705297 0.183194491614478 0.117245837017811 -0.0058252866560274
-0.0380003678194229 0.164406040762143 0.193297843296676 -0.157765502104626
0.0437003642972274 0.155991911965622 0.120690016947582 -0.24741684280989
0.102763082770555 0.121409999238709 0.00356312562351154 -0.237593214957554
0.134438150227571 0.059747673115983 -0.062154475207528 -0.182956153728737
0.13577928516714 -0.000714736802288855 -0.0790639988976644 -0.111316106013032
0.148663439582607 -0.0123996304960635 -0.0739775188124191 -0.0175580152888986
0.141008760187749 -0.0225562834158328 -0.0304139061663108 0.0673882012669673
0.175745187805088 -0.00978481401175386 -0.0182884074980905 0.151239908581415
0.192214860655336 0.0721841431616353 -0.0453777917336476 0.21805083459393
0.156640740748612 0.142757605641915 -0.15023547398828 0.227976157487463
0.0645309206820103 0.209685252672373 -0.210269327184995 0.127638179150649
-0.0437560845876831 0.251434111061505 -0.1657128036172 0.0035492138095924
-0.119437717284095 0.253816758927992 -0.021392439696557 0.0293829715665386
-0.17400843016385 0.160469666159043 -0.0299826572535546 -0.0940330070532851
-0.149290301830783 0.212968263762826 0.167153456986976 -0.0516091570117148
-0.0566009833988361 0.222249386494538 0.214636181404495 -0.167854600462341
0.0674890571948567 0.201421792471862 0.13327286353836 -0.225743669214819
0.133114025806745 0.14109521165483 0.0424913825886146 -0.202304449124452
0.157170732611896 0.0674095477981796 -0.00410894469416377 -0.163753682353179
0.153177910361481 0.00381210306669762 -0.0190184767710851 -0.111024598689289
0.158369289311819 -0.00318701034482465 -0.0181153290000312 -0.0237341133782863
0.147548474679889 -0.00742787345390976 0.0271511727154216 0.0571047845500478
0.178979940584581 0.0103232504980103 0.0399799754365032 0.14532832933507
0.191553065693457 0.0894003023122291 0.00748559977814293 0.2272746016539
0.156749845907211 0.159861931571934 -0.124237160626236 0.247427053259706
0.0472520525116351 0.234900973592237 -0.201869101165151 0.127388997303035
-0.0839480621611537 0.258574731670268 -0.149776049280274 -0.0382626386859534
-0.152071683786321 0.233183715928443 0.0390079549593234 -0.0452450212222329
-0.171291321340331 0.131155030692875 0.0438426696669139 -0.16232741051612
-0.164800240738386 0.203673819724531 0.195530883916241 -0.103749279445248
-0.0655134158262657 0.23588240889584 0.215479003168364 -0.167488714944646
0.075246572982163 0.207404228977358 0.140204234013579 -0.186704924039203
0.135835283620064 0.134613241053177 0.0882043874308718 -0.160041011055518
0.152472226396113 0.0633480851813342 0.0601161368357023 -0.14559511045458
0.145651334956743 0.00673497715519018 0.0427712599422637 -0.109549891162327
0.144275299234384 0.00722292820364901 0.0384629832046167 -0.0248751901036881
0.133406531411625 0.0092473818588338 0.0809119762081023 0.0539470918796865
0.157656024650137 0.0346477208361376 0.087230454747242 0.145711328763786
0.158505259899181 0.10324337165178 0.0442842985086904 0.233985123045307
0.122235921565441 0.165847200508282 -0.105530669549505 0.250536051945263
0.0046673733507377 0.229864837750839 -0.186509742717608 0.11660559931529
-0.126905432484825 0.225222084781825 -0.117482869295956 -0.0694177622935121
-0.170453135571146 0.174505957495632 0.103413602234073 -0.0961216834395204
-0.141473161144656 0.0757188089601454 0.0995934635550285 -0.220262341019944
-0.150740254616338 0.154752074051314 0.200201129285691 -0.146245409216778
-0.061555005569834 0.199327257153743 0.203995621266723 -0.152379349132126
0.0655178105237993 0.166929317501384 0.145304986432637 -0.143492723995541
0.107166239504525 0.101539515519802 0.132526232208791 -0.124565633477335
0.115195526239564 0.051180957630132 0.115839110398686 -0.133427600121661
0.112397270877258 0.0104095194273007 0.0944558170750454 -0.107535551009936
0.109270702658162 0.0167625159964621 0.0865750056283264 -0.022966206390495
0.100743892296788 0.023173632341573 0.124396816291499 0.0602149057011615
0.11619900139831 0.0498077168553593 0.12015279073528 0.154882355999961
0.107147938579731 0.100294660446838 0.0617368332109226 0.243553290059488
0.0739572712560794 0.150456988789435 -0.094674580802277 0.245765893303223
-0.0396787471630996 0.194315151594495 -0.162539327947923 0.10323847851493
-0.152541542577819 0.160738683613858 -0.0724477930830692 -0.0797017006385728
-0.162829097723038 0.0915517418038696 0.163594760226782 -0.114970122162487
-0.0936919852676456 0.00100558427906313 0.128842427707927 -0.252688637650098
-0.114324326078322 0.076419312930779 0.184301936441824 -0.162941866003606
-0.0496516299588847 0.122842931282806 0.19658154685341 -0.128813192426237
0.036907833159823 0.0915367568509343 0.157267603923138 -0.114932345634826
0.049250154548244 0.0523385218284426 0.163291965599277 -0.112086771362031
0.0529673070383736 0.0359683966329831 0.148908343314764 -0.131911239741199
0.0585899257304553 0.0169603772924336 0.126714875546909 -0.10339861348397
0.058564106942096 0.0241694047678967 0.118955863191546 -0.0158144498238535
0.0548487108122884 0.0284003512775467 0.151857207016208 0.0724767711043292
0.0636824458701047 0.0452737764334745 0.135592018573557 0.171415533503848
0.0543750626994847 0.0713267949559505 0.0644923002674367 0.253444865879564
0.0352291888297213 0.110378049221952 -0.0864994280160024 0.240946298400964
-0.062889985981393 0.138415015884498 -0.136123846244485 0.102012987689379
-0.14352397936868 0.0806575144673758 -0.0318718907617905 -0.0620602839083023
-0.124749949674256 0.00226333343191405 0.208200976509134 -0.10070948532564
0.0551264390934817 0.0543707934665462 -0.215696964909978 0.116786068817054
0.0970292638849058 -0.0267600621566184 0.00928860376237375 0.0897557233372843
0.0298369243052107 -0.0779534206077923 0.131363417588898 -0.0947690920859678
-0.0301357749030655 -0.0422380481991937 0.0904285508718292 -0.246479161348967
-0.019838349520459 -0.0119163205128841 -0.0551570925153887 -0.280525285488129
-0.00810589318408277 -0.0118469899304983 -0.161611424898243 -0.197274822120542
-0.00728362868164587 -0.0185696764085663 -0.185511558744466 -0.0823679792213133
0.00863915537244511 -0.0263611975513259 -0.167760898825462 0.0187432333464803
0.00571262349594057 -0.0294703456256978 -0.141516833638001 0.103429530529137
0.0135312719901398 -0.0325410356281539 -0.151733533189249 0.147117906321525
0.0196990786032436 -0.0117600197312103 -0.174977208951425 0.138824514652219
0.00247758004294393 -0.0148451909641639 -0.188651600966014 0.121102883393509
0.0357045455124255 -0.0316461191571273 -0.200734218362635 0.104304560476559
0.0821767642719815 0.028694374385783 -0.209094226220753 0.122316612093063
0.0443240079653508 0.0810723569927513 -0.150026242940449 0.244723559263859
-0.0148564653977227 0.111053614115872 -0.213154514180813 0.0814019821593536
0.0373156915364986 0.0518726990599027 0.0207550430409852 0.0577978058085016
0.0123938894106031 -0.00352492540840765 0.130309472256212 -0.119411457320772
-0.00937363847017139 0.0198892555461975 0.0880302106039463 -0.249821803370656
0.0204281375923342 0.0367706538008468 -0.0461155859934747 -0.275743931980831
0.0456294972234586 0.0146691176415094 -0.144696494465423 -0.202445826006401
0.0493219451773395 -0.0148942641931651 -0.171109082106055 -0.0957983510140351
0.0692848145454932 -0.0276653246374434 -0.155713388481377 0.00828720824140032
0.067702436403902 -0.0344923591151991 -0.121717738029897 0.0968640406978253
0.0894570235839873 -0.0275587598246335 -0.123955386120881 0.157465997746268
0.10039739581638 0.0283279256526238 -0.150009306997622 0.173314323526082
0.0651445957117816 0.0637071604122616 -0.189345415663505 0.156691218025146
0.041670716730456 0.0733121464947573 -0.208853216671143 0.107769245367267
0.0339616510280669 0.128065789138514 -0.189177727276121 0.0903951414730339
-0.0164044700248439 0.170564194020626 -0.11918487716996 0.192886878790292
-0.0869048532359468 0.150613844861408 -0.175747982611019 0.0349069257153585
-0.0347442125856957 0.127085733329451 0.0638052313208011 0.027861352966086
-0.0122902257695329 0.0830088578904197 0.155688281547196 -0.145975676528163
0.0168108885036759 0.0896435000046744 0.0976765347414241 -0.256675569929532
0.0646859134373284 0.0834873289483555 -0.0303349885077844 -0.262975426654856
0.0967159422346129 0.0401025596899682 -0.114493806544861 -0.197436278056166
0.100764929654847 -0.00860719227146103 -0.136449017357768 -0.10482478862159
0.120127077255622 -0.0248976850689346 -0.123116061815671 -0.0036123535801294
0.115449978482032 -0.0345521747340446 -0.080301664315633 0.0850193243847589
0.146727059429206 -0.0250409986080768 -0.0719419388400363 0.1604606942854
0.165413012291953 0.0509771155770934 -0.0978601997860827 0.204695483441297
0.126797793069255 0.112910324077045 -0.171478405908202 0.202739413932509
0.0613431340397029 0.157260898901683 -0.212579543608076 0.123906008873706
-0.00179037408248701 0.209240086408773 -0.178567245872094 0.0519416108593706
-0.0684008305510188 0.234493572003974 -0.0748186181521571 0.116488580893884
-0.142886782531785 0.170476272521029 -0.110736752839694 -0.024165764671583
-0.099875140868226 0.189679423499721 0.120519123835917 -0.00705890105055171
-0.0351751897204971 0.168687926487202 0.189815527915548 -0.164989139556041
0.0491810344399678 0.157867951693929 0.113527200183941 -0.253292066109626
0.10981928368031 0.120549228102218 -0.00377211058521259 -0.240579632257812
0.139637269209044 0.0570583165370898 -0.0686440870442903 -0.183778952344705
0.138475056332928 -0.00416304662169151 -0.0858171421176526 -0.109733705396796
0.152440886223947 -0.0183337418566441 -0.0752241170152962 -0.014693309553257
0.144405104907181 -0.0278233567840622 -0.0268428427955506 0.0693447521519445
0.178867206163108 -0.0157154071417496 -0.0100645093450922 0.154717652948904
0.200233763359431 0.0662787306816387 -0.0358585140198014 0.223324336252279
0.165698273401209 0.14031469444027 -0.141802843359256 0.238834158567235
0.0725364356106087 0.212911029453426 -0.209345747673229 0.137668038890573
-0.0358982686703827 0.258722009032417 -0.169957066938525 0.00950667139334084
-0.112049044505606 0.259721965463944 -0.0229365153192197 0.0312615893820929
-0.172635738482602 0.167699477835621 -0.0326413773867308 -0.0931580423135349
-0.145075066379349 0.222540449348885 0.169792294589277 -0.0543995290882889
-0.0514960669278138 0.229241307492961 0.210844233080728 -0.175030219062338
0.0749434537118959 0.20310914898408 0.126680945155058 -0.231587114098197
0.140738095739404 0.13902713849057 0.0370966616155968 -0.205590570924719
0.163954952255946 0.0638515367373569 -0.00893694828287107 -0.166739632850469
0.156165583742605 -0.000898248270024752 -0.0241670454137567 -0.112033069869559
0.162054925467942 -0.00941771775279492 -0.0176799263408398 -0.0224821525580741
0.15138823854562 -0.0126547921184195 0.0314235837193479 0.0568330937052125
0.183153917632551 0.00473324072324469 0.0493985068753479 0.146187169874135
0.199018052784723 0.0838028347948038 0.0190453924143432 0.231353984066349
0.165541780942815 0.157251735236099 -0.113803242756164 0.257886440039928
0.0557376497612745 0.23828836491918 -0.200978592285454 0.137189351037988
-0.0763731149071755 0.267253033783678 -0.154588643387478 -0.0327236696936814
-0.147185008735363 0.240351221504776 0.0362896186367908 -0.0460951968447713
-0.170980357475018 0.137697039773351 0.0403831090938997 -0.165096929288217
-0.161108107344238 0.21366359319665 0.197650815677622 -0.108973483584803
-0.0589822614200557 0.243323169869677 0.211868493043858 -0.174953931653263
0.0845633174933309 0.208127927570489 0.135215384056837 -0.192585424323971
0.143387643812625 0.131799839577293 0.0854585745131446 -0.164288230467468
0.15798082213083 0.0605037692690378 0.0574841587569941 -0.150484310217848
0.148034907797783 0.00217736942674896 0.0382546981930024 -0.112921843892556
0.147637023793874 0.00164586949337102 0.0401250526025653 -0.0261321548395631
0.136326614448653 0.00545767825032137 0.0864695585694965 0.0521693092919133
0.161524934559158 0.0290645634578706 0.0973818840495172 0.144920577715854
0.165381295180859 0.098597344055685 0.056306798063282 0.23651638310837
0.130583699835709 0.163219479732296 -0.095044308086624 0.260607541019492
0.0139678155631399 0.233732259665662 -0.184326927086138 0.125192562889598
-0.119936211329978 0.234614302329885 -0.122801381524121 -0.0654818847559964
-0.167573611280169 0.18148596474636 0.0996462243585713 -0.100077878992932
-0.142058643858961 0.0815260248982721 0.0952422611897387 -0.225276206580607
-0.147459086518359 0.163158085229313 0.200196630435369 -0.152710597928211
-0.0552717810162499 0.205873926535856 0.201040127056152 -0.160772227472188
0.072624682627125 0.167546598982472 0.14206670080061 -0.148995250427013
0.112990844380559 0.0991346283380139 0.131405511926434 -0.130293095348638
0.119640783303368 0.0485760221403828 0.114152625459517 -0.141152811606926
0.114145627522797 0.00703040808410682 0.0913844805145187 -0.112265103520659
0.112161872696781 0.0123546727370627 0.0893326805060841 -0.0248634580622496
0.103370433701289 0.0203635645633624 0.130403501971328 0.0571039605522104
0.11988974313163 0.0465105658285529 0.130071343389089 0.1532696257257
0.11227214692054 0.0974182203344214 0.0740808666825646 0.245747279052468
0.0799264948845668 0.149080513321321 -0.083255345823534 0.255384288768349
-0.0326537063221059 0.198358535743836 -0.160097535752001 0.111074291855361
-0.148379492266273 0.169065935713915 -0.0776673637096026 -0.0768655451465694
-0.163032762231605 0.0970000729014923 0.160226464567049 -0.121787079289081
-0.095437790758357 0.00371483490765668 0.122960038059093 -0.259119150545386
-0.112841212797613 0.0818112462707859 0.184683160981904 -0.169241152017923
-0.0451137049522956 0.127040166709051 0.195466141133548 -0.137198259506601
0.0412595440285461 0.0912456887927005 0.155730087489343 -0.120206939795673
0.051725244811651 0.0502889178652147 0.163059635064964 -0.118896108801076
0.0554046942877763 0.0354667827354444 0.146273608423142 -0.141034475941579
0.0598965022400619 0.0157750753946576 0.124091780782506 -0.10950759958655
0.0608731151218797 0.0215636686405336 0.122672083387908 -0.0190266849128591
0.0566253269583211 0.027381296320499 0.158737771604049 0.0693920338731056
0.0662805357142082 0.0434852357963172 0.145619082409605 0.169361607011739
0.0565217809339369 0.0698544271391993 0.0771064848428854 0.255141483111779
0.0389795970231189 0.108684229335915 -0.0766055457897937 0.249898565033285
-0.0582973104494176 0.141979812555615 -0.133946881358912 0.108766911395939
-0.142131807417103 0.0875910885791654 -0.0356466629745964 -0.0608397703428166
-0.127035724174265 0.0054167297072393 0.205871114370632 -0.109061667913736
0.05756835908877 0.0537434327199033 -0.216189270193858 0.124172569357787
0.0974045839846435 -0.0315429877660961 0.0135809551908204 0.0918780670308908
0.0270510555108409 -0.0791419173557782 0.132096733897598 -0.0992632499343421
-0.030989786677522 -0.0409435135994312 0.0852465353972071 -0.251317484722855
-0.0191148786355584 -0.0115112795329566 -0.0652162378657766 -0.283865573800991
-0.00645345966674706 -0.0117176408568899 -0.170392369501206 -0.196170874383404
-0.00631496426155779 -0.0183989881736818 -0.190332077623158 -0.0776100937113237
0.00885353033737813 -0.0273684457047361 -0.170617523565021 0.0234693164653465
0.00711491222242572 -0.0298231987835698 -0.140192907881888 0.108121986527459
0.0127685149746572 -0.0322905377603027 -0.149423022857521 0.153558817779174
0.0200438551229531 -0.0117036183455776 -0.174224306288696 0.145660974943547
0.00219100294388193 -0.0133216889125346 -0.18840606249699 0.126676004278255
0.0337131596964572 -0.0311365714677013 -0.202525745347527 0.109871376391551
0.0839072878812042 0.0263643931530065 -0.211566286648764 0.128545325283937
0.0473782413361043 0.0795581020712144 -0.147335770077574 0.251191471324139
-0.0134907800530858 0.111797844845536 -0.214075000148256 0.0888379345101822
0.0388909013758411 0.0499213481639585 0.0245922426422933 0.0599016464439695
0.0112526477332756 -0.0038328789415908 0.129095406014729 -0.123186790697384
-0.0093182653667349 0.0214092171246113 0.0829204683959146 -0.254442932711082
0.0230074296263086 0.0367377453605526 -0.0544124102490257 -0.278694537617588
0.0486039230099805 0.0138606446723219 -0.152622859465113 -0.201457204598729
0.0512155304758829 -0.0155005252417497 -0.175880275196197 -0.0912902032931544
0.0709399331917655 -0.0305952490163951 -0.158593117953424 0.0131924446802697
0.068928940003487 -0.0368863596943792 -0.119607649705327 0.101234200278272
0.09020959721731 -0.0294636604659817 -0.119465400972683 0.163418136355497
0.10428484549021 0.0267106509638872 -0.14716693736687 0.180305145045265
0.069002383918024 0.0644971071342263 -0.187042950538281 0.164297713236729
0.0434142341763284 0.07533606055863 -0.210648922979561 0.11414420480779
0.0375203506869966 0.129180328690101 -0.192344304509802 0.0958654051386787
-0.0120291533083584 0.17123135165676 -0.116990427190732 0.198486542715791
-0.0853643153061183 0.153493163673597 -0.177455288575163 0.0398948923504638
-0.0320117898905803 0.129077737782625 0.0680328838094304 0.0289489728857677
-0.0118416716715039 0.0851046111055697 0.153350151544803 -0.149229388826998
0.0189260309325988 0.0911065754572862 0.0927479875015916 -0.260954625098062
0.0687272838632273 0.0833096145808374 -0.0376564363639778 -0.265950636097481
0.100631801787968 0.0381927585547489 -0.121679754245082 -0.197518624387081
0.10298672568192 -0.0104167126002675 -0.141320747007932 -0.102310192802563
0.12251986182099 -0.0296180969237581 -0.125116295379608 -0.000204497012153641
0.117826089455857 -0.0384372802998195 -0.077830540903576 0.0877461304684555
0.14894521779775 -0.0288088666891589 -0.0661204057490296 0.165197200520243
0.171091015932444 0.0473223792940144 -0.0926313863464039 0.210100558985229
0.133511688567144 0.112518125390258 -0.166208280940174 0.210717088327411
0.0663262458940611 0.159978375222577 -0.213485295383329 0.131063985513033
0.00277075788427928 0.213028115374474 -0.181748357802363 0.057123688973059
-0.0633240378413611 0.237596404562629 -0.0748613063065969 0.121207730655802
-0.14306380371967 0.175488545765977 -0.112320272777534 -0.0203729869541176
-0.097022779195847 0.194493500140132 0.124219754854728 -0.00745462628422954
-0.0326384959346723 0.172676375611923 0.186414188040401 -0.169243213020869
0.052920479121255 0.159193307400583 0.108485968001975 -0.25762580494876
0.115206865066958 0.119421808141989 -0.00888194985490273 -0.243141973789206
0.14497050113314 0.0549346875028205 -0.0745538481212645 -0.185446804851581
0.141348015897586 -0.00656938695150845 -0.0901667716583688 -0.108608723393989
0.154928701599145 -0.024448771632394 -0.0752129395594489 -0.0122246283504074
0.14704697023515 -0.0314062521154586 -0.0236132964170236 0.0706026347954908
0.181593831708845 -0.0199484439334135 -0.00320923087426393 0.156870753032648
0.206521873822408 0.0613471413230985 -0.0276676390865906 0.227270170187072
0.172739721088727 0.138329061440175 -0.13406954391385 0.247126270776736
0.0790888801915764 0.215965634224941 -0.20926378932747 0.144141536333547
-0.0296183198121403 0.265025415029799 -0.17327448907524 0.0138355851590826
-0.107799483494573 0.263848859012851 -0.0240931683441553 0.0333730121518898
-0.173062339083703 0.173305853688246 -0.0340457368868032 -0.091908342813456
-0.141632885641391 0.23000567865798 0.17299515364477 -0.0569376463012853
-0.0479932213906374 0.23467227117837 0.208111964859541 -0.181069453529184
0.0810717223150079 0.204146276427293 0.122849414826855 -0.235828177690677
0.147395939297453 0.137571933048254 0.0333566933060404 -0.208209679018494
0.169224269344544 0.0611755548156973 -0.0128418136493665 -0.169238784713412
0.159198344067262 -0.00412733527594068 -0.0284253182317526 -0.112902727182012
0.165055968593265 -0.0148404439850059 -0.0168506914676184 -0.0215218793823304
0.15427730464592 -0.0168211223701676 0.0352034072103872 0.056944338549715
0.186154643464182 0.00026478908123621 0.0570901202234945 0.14629829473704
0.205406578441776 0.0785787316679749 0.0285669963191446 0.233706007936152
0.17258419755855 0.154312246447207 -0.104950109453633 0.266112129079937
0.0638366636921544 0.241302851379581 -0.199325627197777 0.144095828416481
-0.0706089407889685 0.274740921809466 -0.158059651776751 -0.0289384961136778
-0.144146320817535 0.244770569627542 0.0336502946697599 -0.0468578466258399
-0.171649546503179 0.142816621236922 0.0385075832513223 -0.165284533857026
-0.158059548804006 0.221322526898965 0.200634396138824 -0.112610359599108
-0.0542958349784528 0.249368960357941 0.208603608462405 -0.180342344277272
0.0907861585386333 0.209447010925194 0.131933625431074 -0.195671520041086
0.150208442141759 0.130176564281499 0.0835212749347654 -0.166830119578172
0.162941907106843 0.0575983469503863 0.0543313228487757 -0.154693908649622
0.150719528253547 -0.000800497933853745 0.0352856976732896 -0.115367667441112
0.150570654764398 -0.00337340491232416 0.0417890574586072 -0.0265048577340662
0.139735209370625 0.00223014357723 0.0910528278891237 0.050386642212119
0.164455832804217 0.0259223693728683 0.105887206976098 0.143736609026106
0.171295975565003 0.0952762870511953 0.066852587509527 0.23844931144095
0.136754005835643 0.161338046359344 -0.0850003050427876 0.268849575669599
0.0203901783282387 0.237156801969061 -0.18235991857928 0.131350325571334
-0.115451449455816 0.241575414491493 -0.126278106018371 -0.0623119357770992
-0.166127623451497 0.186275750803688 0.0967120187247487 -0.103028167880183
-0.142769943078553 0.0852169698859447 0.0924795465311333 -0.228148802212475
-0.145504620914542 0.17078806253392 0.202083611948896 -0.156753375855233
-0.0506282319524786 0.211286603640068 0.199270816181235 -0.166269820505459
0.0785450713038482 0.167325908992304 0.139479462149419 -0.15218642241937
0.117531256652946 0.0975581488081869 0.131365169657603 -0.133829229874955
0.123167000770248 0.0472779061062379 0.112151316652538 -0.146875603064848
0.115872302800443 0.00508478043061213 0.0884469261891763 -0.115550363032544
0.114941090845333 0.00871397412398361 0.0922648238445791 -0.0265961758186425
0.105958216592408 0.0185743792451479 0.136345637115239 0.0546685941467193
0.122460746651833 0.0435975037232175 0.139044075442033 0.151736865748938
0.116134385899112 0.094907638479932 0.0848792397905786 0.246866660303509
0.0842895196993954 0.147256509852288 -0.0749092699735121 0.262646986247054
-0.0275956708168238 0.201474972125629 -0.158570342371699 0.116729261176499
-0.144848612844197 0.175270662777978 -0.081573620285888 -0.0753451386041787
-0.163493027315586 0.101022187384332 0.157385209019838 -0.126478289882563
-0.096863222644597 0.00568686007752486 0.119840224134213 -0.263035543111799
-0.112222245425838 0.0865953917071346 0.185203377041808 -0.173930032521295
-0.0415223710447628 0.130278108483502 0.193869376124972 -0.143488429626633
0.0441397686249562 0.0910071422101677 0.154190364384185 -0.124100123424564
0.0531405059299429 0.0493896568136657 0.162634960509873 -0.123884606899243
0.0569112486160359 0.0351595319211283 0.144568409730825 -0.148100739578844
0.0611380082865661 0.0151866093748687 0.122125284707438 -0.113583622223574
0.0625506635696622 0.0197821652772249 0.125574909920405 -0.0218980035628439
0.0583624457715445 0.026591844191005 0.164591859242872 0.0657433201715161
0.0674077380925328 0.0424006096373385 0.154203543314603 0.167803718472999
0.0582825512564549 0.0682204490890314 0.0861014950966425 0.257023418824628
0.041356644036203 0.107456371275101 -0.0676445440183317 0.256430219897187
-0.054440427653472 0.144817267447689 -0.131613010867971 0.11333236490605
-0.14026417798272 0.0919176147988557 -0.0388368224174408 -0.0599739102543017
-0.129364378344013 0.00808570088801081 0.203692032517269 -0.11530039743079
0.0590626956118653 0.0535082071723833 -0.219584213265311 0.130666847072817
0.0977908951331862 -0.0358463478906534 0.0178933772010861 0.0945248650733364
0.025383220769525 -0.0808347810079432 0.134094106586723 -0.102786337515197
-0.0321454062468727 -0.0405002325374464 0.0820433065025615 -0.258135578658233
-0.0188738584154754 -0.0111939612863848 -0.0728570171231622 -0.290113747826631
-0.00544437320704831 -0.0123912229411826 -0.178507281569813 -0.19711930642401
-0.00487201407570104 -0.0181438195950883 -0.194671745239215 -0.0750377091650735
0.00941234391723797 -0.0285817241369886 -0.174957742956842 0.0276663840177389
0.00735717948732402 -0.0306608530354603 -0.1403652708728 0.112646810264424
0.0129017796502528 -0.0321103705741725 -0.149352518964871 0.159162381453103
0.0210988965693729 -0.0116282948858051 -0.176062984743444 0.152143890132063
0.00282269671032832 -0.0125048604792544 -0.19003408299022 0.131316046614963
0.0335458662002518 -0.0308485281215055 -0.207530249913662 0.114026494050428
0.0862679828665187 0.0241580148592484 -0.217314193257692 0.133671786158411
0.0492060884369802 0.0780723437875716 -0.147651368427567 0.257233129597347
-0.0128083504170072 0.113444690189416 -0.218227816764049 0.0946189100726953
0.039322422476132 0.0488821680909915 0.0281011643838346 0.0622818231047568
0.00984765067665448 -0.00413274401343611 0.130401281506139 -0.126713556401919
-0.0093570651520098 0.0224995664862923 0.0810683446789172 -0.260497242556295
0.0252085815471454 0.0376089304754348 -0.0606080992409029 -0.283976293918946
0.0516068318001039 0.0133868480994065 -0.160371679417895 -0.203565850858437
0.0539121054855304 -0.0157816127334349 -0.180984182766371 -0.0901359168398966
0.0730378884051796 -0.0333357576786852 -0.161974352668747 0.0156171093117545
0.0714351089653722 -0.0388623465084669 -0.119459576619932 0.104967014432038
0.0926322146607309 -0.031134381413431 -0.117991026439855 0.16890723494098
0.107552053623962 0.025912206508058 -0.146793474652372 0.187073181371112
0.0725810505487751 0.0659837075141227 -0.187193622681424 0.17009003056199
0.0445824244803114 0.077972433027276 -0.214460827606977 0.119291912212115
0.0399571745412199 0.131315154544547 -0.198410674993927 0.100428267182491
-0.01092581673251 0.172476753625891 -0.117839618756611 0.204701702068818
-0.0863897474815901 0.156376301508608 -0.180404793865276 0.0444940320602161
-0.0318740311388042 0.130867373802127 0.0719320508909439 0.0307173245699304
-0.0128351924669557 0.0864966411749283 0.154441911995056 -0.152954999320475
0.0199844789247723 0.0933338121898719 0.0906104756273815 -0.266457140758136
0.0722815927547797 0.0846188223476504 -0.0419421846124973 -0.271777141062986
0.105636144836762 0.0374414665292167 -0.128235756046664 -0.200009659070129
0.106777939783038 -0.0119766488847263 -0.14658886337973 -0.101529326626942
0.125628034071867 -0.0333028821983486 -0.127226842072339 0.00189391263677793
0.121693531165546 -0.0414782860929307 -0.0766284036037555 0.0899352857086925
0.152319290741033 -0.0310112929813785 -0.0624824120804706 0.169209251408191
0.177693167241983 0.0449796765561549 -0.089416732431587 0.216564667946853
0.139808344466452 0.113185943072398 -0.164361985854125 0.21825252521288
0.0697731862790614 0.164700595398855 -0.216955632306919 0.136765228662564
0.00588514662642197 0.2194430580934 -0.18664542795359 0.0607574318412494
-0.062322307808844 0.240487794724922 -0.0759895710760675 0.125472368346098
-0.145269858689496 0.179416442136354 -0.114288964988974 -0.0181070880686924
-0.0973408430663839 0.200007969238792 0.128785350780887 -0.00701942236840297
-0.033146467629008 0.177195829195908 0.187132214392611 -0.172586623057523
0.0558527565329415 0.162363365031095 0.107417328106813 -0.263600797629602
0.120455896561038 0.121002200383061 -0.0122713462171561 -0.248023577981672
0.150454164379663 0.0540475792691402 -0.0789121097152768 -0.188725326846778
0.145853077326061 -0.00841491102641497 -0.0951673394642305 -0.109589310785163
0.158892320770346 -0.0282987478838291 -0.0766740569290555 -0.0113811691015775
0.15164434074984 -0.0353733503185944 -0.0214441267617692 0.0720243552808042
0.186343058350301 -0.0232791235259544 0.0022355190872444 0.159928437737753
0.214232116026919 0.0585349999739433 -0.0223807967932212 0.232560114964929
0.179876569234333 0.13902141331888 -0.129933018761496 0.25535514310149
0.084771849694432 0.221405539421573 -0.211714283584503 0.150401554606602
-0.0261241319040522 0.272660437546199 -0.178029604083096 0.0174265398251059
-0.107222678028461 0.268403838466667 -0.0264822840364596 0.0355211285980455
-0.176256514899943 0.177390492921541 -0.0352636413389377 -0.0917609923888574
-0.142279792949111 0.237190891151544 0.178944085279547 -0.0582220373320654
-0.0466263984577111 0.241388603680703 0.208366610883067 -0.184301979328626
0.0856146665666566 0.208565136899869 0.121919655802002 -0.240035552402331
0.15340136751878 0.138647922121689 0.0329390960704363 -0.212604568318623
0.175224861088135 0.0602833883700404 -0.015983063612014 -0.173691667791698
0.162997152223757 -0.00587371570912177 -0.0319092002736511 -0.114427118059893
0.169116061563151 -0.01947987578504 -0.0158810663873955 -0.0215704361827712
0.158715067220198 -0.0193508716253946 0.0391018294164377 0.0565526138617626
0.191072272230318 -0.00263506420743318 0.0638063342165588 0.148194986054218
0.212934482673777 0.07624395626432 0.0357841690970653 0.238060147042181
0.179251193739207 0.154823107567124 -0.0985948680197965 0.274097841731793
0.0695974838397498 0.246926642377011 -0.201031079174374 0.150007330952425
-0.0681201719441791 0.282564902367419 -0.162494589968316 -0.0263919875261294
-0.144332315925812 0.250125008645826 0.0320956500021571 -0.0466641054597009
-0.174916374312621 0.146666495521425 0.0387877084032567 -0.167282126171018
-0.15795371986292 0.229786437689685 0.206550671737442 -0.11526274673975
-0.0523577310883748 0.256368755144769 0.209734806829558 -0.183904963896696
0.09654500426208 0.212701044184392 0.131410912943435 -0.19995714939613
0.156383675235559 0.130839862003671 0.0846174814936521 -0.171186048015325
0.169103879327388 0.0562778682340553 0.0529729672807531 -0.15999331671425
0.154466419477232 -0.00236309797848074 0.032573470922575 -0.117676080774067
0.154341643183903 -0.00702099531963626 0.0446203425472266 -0.0276246289273681
0.143652268085607 0.000360702599045457 0.0960928584354696 0.0497268361325773
0.169104964588605 0.0244244429456277 0.113581777126226 0.144369274982463
0.176516923541565 0.0931901404339769 0.0741224661927505 0.242321969885733
0.142291781511234 0.161249545892883 -0.0787334626337898 0.277009032459528
0.0249020191230014 0.241693971276363 -0.183703238633071 0.137005036854698
-0.114230791596706 0.249394936442718 -0.130635316879503 -0.0612922478180029
-0.16775910543958 0.190640150641265 0.0947111766430886 -0.105375281445471
-0.145952835615058 0.0879622535501772 0.0927763393342537 -0.232014094945126
-0.145347439189507 0.177728627297078 0.208022693859512 -0.160999144216039
-0.0480434711195589 0.217214348619487 0.200952037910404 -0.170525153388656
0.0834050411885254 0.169230692711969 0.140583411363894 -0.154911500099649
0.121602129778895 0.0966732696651103 0.133597429282501 -0.13833199934851
0.127713232656715 0.045922290232324 0.111439163127821 -0.153341727420665
0.118826409655487 0.00426768257866718 0.0872435729166082 -0.119536478237224
0.117735152607443 0.00647775042858912 0.0959736250498499 -0.0279849670246307
0.108712266916376 0.0174482407656729 0.142386530550033 0.0540488023660027
0.125923607967053 0.0430062807604177 0.14673555122615 0.151960552562291
0.119447918711359 0.0942376110259579 0.0924431866792335 0.250807973659863
0.0876642516939026 0.147341431386883 -0.0682481077768719 0.270824123406989
-0.0242229799515895 0.206472329894692 -0.159081108811329 0.121711982484574
-0.14426712416496 0.181433341381521 -0.0849071398447079 -0.0744053917509155
-0.166510259139486 0.104247982150026 0.157084632999889 -0.130648169228061
-0.0988825325169706 0.00706896565525216 0.120370132617889 -0.26802971057606
-0.112421016467279 0.0908022748033944 0.190099736763054 -0.178523386693085
-0.0390094526364333 0.134191692854055 0.196351906869422 -0.148546146527198
0.0470813867634843 0.0912721480308801 0.155319658283219 -0.126349734071783
0.055661363502309 0.049516471126109 0.165721497824703 -0.12943368423814
0.0595629823653311 0.0350655323103712 0.143615605165594 -0.154958957805073
0.0625239423465619 0.0148162230920414 0.122105823195738 -0.118318077288675
0.0645109239314015 0.0185489903546662 0.130394070718788 -0.0236434232958575
0.0602686791965277 0.0264932204625236 0.171849991409025 0.0647545195809503
0.0695692453902677 0.0414277166341072 0.162282547624277 0.168476959456294
0.0595765058273264 0.068640051930181 0.0949412430971481 0.260525921608481
0.0426837083366096 0.107608861628054 -0.0618060186293411 0.264046830457157
-0.0520075895044123 0.14841612210394 -0.131195221774149 0.117756640093753
-0.141419360445451 0.0962978123604844 -0.0410440975006681 -0.0601316556435449
-0.132440917115451 0.00989599180083726 0.204411091709441 -0.121263659686492
0.0618930592011493 0.0541981930629557 -0.226626196496776 0.140278921001604
0.0995710264378852 -0.0404120362038959 0.0224944772988305 0.0983066582160982
0.0241374237125727 -0.0840004729057286 0.138195327000826 -0.109709031146476
-0.0336638450876974 -0.0401120894305413 0.0814676589049214 -0.268835265456673
-0.0190940464768894 -0.0112334105897906 -0.0820286712990139 -0.300545157244883
-0.00398691593991986 -0.0130475400753957 -0.189897232978395 -0.202253992067223
-0.00320954899293047 -0.0194375647508344 -0.20328320940443 -0.0746545677471625
0.00988807274876169 -0.0307148299186893 -0.182122451884472 0.0317002996009038
0.00847974771504361 -0.0321690971500253 -0.143436291571166 0.118340085111853
0.0131634592057301 -0.0330643647047039 -0.151922235895484 0.167805018307849
0.0220320367374627 -0.0114507576683238 -0.180967869666236 0.161538520587208
0.00326168063212817 -0.0110430911698244 -0.195069636412922 0.137815439759519
0.0333858694109134 -0.0307776809592267 -0.215634469930789 0.119675063489893
0.0898069059011363 0.0225178127227367 -0.227746052819452 0.141214296136733
0.0510728558637258 0.0785193135552408 -0.150503120477669 0.268915731014216
-0.0131240464259868 0.117041753345303 -0.225273827708351 0.102169536416739
0.0404856284532595 0.0485553168045073 0.0327207151278818 0.0659857083065551
0.00841922701824626 -0.00401215936345405 0.134389266468953 -0.132369753770651
-0.0097175541485785 0.0242757201459259 0.080627008011602 -0.27122168598706
0.0277634031864333 0.0387248134208885 -0.0682940470017585 -0.294881576245099
0.0553234228293899 0.0124049278737008 -0.170332131060701 -0.209561393313556
0.0577048337026149 -0.0175687958262555 -0.189283210533443 -0.0904587363998429
0.0763299437063793 -0.0367693096995308 -0.168290793627626 0.0190111488189826
0.0750420141465446 -0.0421257536784101 -0.121224393773867 0.109801511350684
0.0962625396912634 -0.0326047869581673 -0.118450667328468 0.177312696853894
0.11427880627917 0.0252734276916259 -0.149467021609343 0.196870342143623
0.0777251967456758 0.0681465453401489 -0.189991355629106 0.179159176171061
0.0478984251133533 0.0823923316136066 -0.222888039546434 0.12502597884072
0.043586180587886 0.135719685419219 -0.207513858412016 0.107059532991118
-0.0102743210444013 0.177105380425594 -0.120672247215901 0.21429775470618
-0.0896615734325365 0.162546954404699 -0.186782488067503 0.0499237504358141
-0.0324320525334224 0.135407650778242 0.0776292167922787 0.03264125444208
-0.0144934612892709 0.0905716561146691 0.157907320715955 -0.158672890877032
0.0217714955568745 0.0975653890334177 0.0911333830332106 -0.277651889677447
0.0774762833101561 0.0868878565116827 -0.0470373710003212 -0.28210915876192
0.112193955685977 0.0373319601896487 -0.136239414680403 -0.206515775111373
0.112227785293828 -0.0137096739363256 -0.153490297646528 -0.103303451093611
0.130556889081443 -0.0376146256666694 -0.132199041021085 0.0040389533735393
0.12727425085775 -0.0455759448992402 -0.0766684011287304 0.0941043784829863
0.159066182523366 -0.0345727776094825 -0.0596829596691618 0.176201227831019
0.186909646418562 0.0438181686504939 -0.0886032670990322 0.227028896260292
0.147990442388968 0.116311941957322 -0.16415854402888 0.22957664158209
0.0754729044816575 0.171877785434452 -0.224192524061001 0.144413402752788
0.00941738893159293 0.228667321460153 -0.195708941084755 0.0658220503572127
-0.0630768957265738 0.248418309762295 -0.0782089135835469 0.131948763811458
-0.150290553182709 0.186819880367633 -0.117928527453113 -0.0158804229564224
-0.0987866739626099 0.209363173842907 0.137058682958369 -0.00753286053640442
-0.0336747671136637 0.185183858731521 0.19221762000821 -0.179189376228257
0.0599850691474276 0.168433930775245 0.108525496502466 -0.274236118925569
0.127907178623167 0.124137543585436 -0.0151662951895651 -0.25677995621443
0.159707085776747 0.0537635680126017 -0.0846021747719072 -0.195451741005624
0.152405410541443 -0.0103376318746392 -0.100708279021812 -0.111943507610667
0.165429279901493 -0.0327593721809623 -0.0780697653541718 -0.0109053914776813
0.15838555737437 -0.0391800784273224 -0.0190740193310993 0.0741455040362815
0.194157720323627 -0.0263413274203861 0.00825001123759242 0.164943650576025
0.224871150305278 0.0567471062113431 -0.0181100789073749 0.242140486006108
0.190010423098144 0.141915828513934 -0.127308678059281 0.267633449333994
0.0914961868495806 0.229778927716458 -0.218418974791298 0.158497648577302
-0.0239076427705718 0.285224698663673 -0.186219721006156 0.0207891991656931
-0.109206827968679 0.278459875491562 -0.0278750179368983 0.0383103720185393
-0.18285135746764 0.185360181724096 -0.036408620997127 -0.0927216903239707
-0.144737473823105 0.249200823422143 0.188770581814236 -0.0610261731850485
-0.0463788223069456 0.252388159619263 0.21376638210408 -0.190980625147994
0.0913880869333619 0.215948947733178 0.123294489520832 -0.250137734937469
0.162747161944526 0.142091745882527 0.0317932174015776 -0.221406377214652
0.185415865818413 0.0603011923341035 -0.0188928945538625 -0.180812064751559
0.170733647189424 -0.00751441916002892 -0.0361824473748334 -0.118292468795778
0.176125940889678 -0.0234651551092143 -0.0150445067425532 -0.0226343070009005
0.165806671938049 -0.0226957174362688 0.0440652848492171 0.0580221907927255
0.19972885441698 -0.00451038258703125 0.0722958662717218 0.15177016925994
0.223705546484161 0.0751663525814327 0.042935381556262 0.246178691900427
0.189194533827042 0.157895528641235 -0.0938316170100462 0.286417008302519
0.0769828439579355 0.256591373865225 -0.206977281274233 0.15766098078121
-0.0657258555499538 0.296397760982504 -0.170261893980279 -0.0252339468462358
-0.148287487784707 0.25933644504333 0.0306468150515059 -0.048135138416925
-0.181797081231104 0.15372252222986 0.0405254943041551 -0.172336192607974
-0.16133021821619 0.242628060759177 0.216800599790275 -0.121433645690712
-0.0504406778960499 0.268903755543611 0.214632596133503 -0.191191107530135
0.103412085019636 0.220393041405904 0.134227197493941 -0.206888286245348
0.165660854753165 0.133401170058391 0.086963462626229 -0.178336293019964
0.177964619113779 0.0565581093126456 0.0524190617616682 -0.167313831611228
0.160690443154797 -0.00436407349347359 0.0311124185272566 -0.122436883830261
0.160166654306527 -0.0101910192537725 0.0474626585388568 -0.0289367956673072
0.150181168091056 -0.00205450963157612 0.102927222552257 0.0498809661140768
0.176703571898448 0.0232475781149012 0.123210822217082 0.147326179180573
0.184961976523819 0.0935958276032379 0.0843079027448174 0.249261860719716
0.149651667695606 0.164798405928049 -0.0735191650017701 0.289462046970425
0.0303904867005366 0.251333351247069 -0.188471610103577 0.144351691742937
-0.114731656469283 0.261692275187503 -0.137667651790126 -0.0614257905771067
-0.173620149029477 0.198272074543331 0.0955500701731487 -0.109917927157555
-0.151626957229556 0.0922980989077105 0.0961235255876334 -0.239113174327841
-0.148181857175471 0.18765908535469 0.217453187424975 -0.168745505367849
-0.0456759216744221 0.227258971734048 0.206076931389674 -0.177250278218766
0.0900821460211185 0.174678619512316 0.14351452811022 -0.16021322546942
0.128610393154142 0.0985971098455757 0.137385117657461 -0.144582957851769
0.134263822470451 0.0462256345396368 0.112938384907901 -0.161425450954505
0.12405532129744 0.00293043868306394 0.0880436693177454 -0.125407169709042
0.122427101974724 0.0039541562792968 0.101498536744316 -0.0303434261174643
0.113873423472892 0.0166584751908504 0.15158741605341 0.0531425147349098
0.131634412788158 0.0425680039676319 0.157562392754723 0.15514044172742
0.125041029833302 0.0954805285950322 0.102395267170304 0.258603036566931
0.0923008105151461 0.150557234076273 -0.0632489958781607 0.283601559897078
-0.0211954953552456 0.214069810148226 -0.163189534852465 0.128021619212094
-0.147375844649535 0.190942357664236 -0.0899875163607575 -0.0749043070627485
-0.172959128101757 0.109221044420717 0.158770730268223 -0.137423432512569
-0.103675291016941 0.00852274659991673 0.124100357963794 -0.277013540969665
-0.114776302403098 0.0967526600038394 0.19939226500256 -0.186611211840917
-0.0378284764407438 0.140991344409003 0.201493606746952 -0.155493767696795
0.0502452745914697 0.0938351236614209 0.159505726651719 -0.131596408048716
0.0587047888555944 0.0500450394620812 0.17119626116699 -0.135798146816244
0.062841100178831 0.0361963159867754 0.146354230918442 -0.163998477329716
0.065547675203204 0.0148538946436688 0.124257020360581 -0.124405205429793
0.0666771579024009 0.0177171676414006 0.137324183057639 -0.0266153869444031
0.063406629826696 0.0267053936459524 0.182092075893544 0.0644378662573731
0.0725299246431559 0.0423457663603472 0.172922676412116 0.17177815796613
0.0612368449591158 0.0705005806711747 0.10401366557543 0.268634924987014
0.0451297979106681 0.109530796000754 -0.0571590978478402 0.27483518986129
-0.0507832278267653 0.154011612090111 -0.134004674800553 0.12348942792959
-0.14473980455871 0.101313920899519 -0.0443845616650094 -0.0604579496096745
-0.138833769801333 0.0119940699827824 0.208911689372648 -0.128591941635009
0.0844078468175423 0.0103432339461146 -0.091802285178851 0.257647857527024
0.0558227545511359 -0.0935123565767081 0.0863284785437716 0.0612069252112983
-0.032227539582093 -0.0840581028474518 0.042669194538828 -0.1829257611786
-0.0521210966150184 -0.0122536226536876 -0.110132550378995 -0.276467156630638
-0.0225447475987925 0.00340533760295703 -0.262666205661197 -0.193316153007777
-0.0120517187746389 -0.00841298247322489 -0.288886968081141 -0.0421664178651047
-0.0131595675634798 -0.0138860121049701 -0.218034683368357 0.0711075717974708
-0.0116161379525164 -0.0322866972484091 -0.130181384988077 0.144624951555753
-0.0138149891253395 -0.0324634445691794 -0.0404742573326083 0.191139199140903
-0.00897109015021328 -0.0348455158724334 -0.0164019822791121 0.23934220401227
0.0131542267487862 -0.0216912764236331 -0.0437991020298433 0.251104883147983
-0.00231167588352485 -0.00830164486575864 -0.0723101327403242 0.242094893850465
0.00833963799731035 -0.0434260796642211 -0.100502682295234 0.242517908766176
0.0891384776042121 -0.0392660243355515 -0.0957737034399805 0.276741809062392
0.0931362745959206 0.0356257333979279 0.0505722298977687 0.327466266649337
0.0577723716921247 0.108557506103016 -0.109931009407678 0.230449452057879
0.0613489914321868 0.0151274535430434 0.0746514270429733 0.0324181300974313
0.00280718384825047 -0.00817185442731244 0.027775075691953 -0.195281052301361
0.0053364996176619 0.0256785335752581 -0.10779794438165 -0.277406743755943
0.0466626101319892 0.0154861851945532 -0.245796947570779 -0.198315975312785
0.053470468360263 -0.0246643409079947 -0.274602640295334 -0.0618384094849629
0.0375176081323398 -0.0512714917292208 -0.216406551540513 0.0480527631498081
0.039275913001254 -0.0813164809874473 -0.126506244916743 0.125431398134298
0.0361530970056814 -0.0841795119318161 -0.0274661657274665 0.169790923127476
0.0608197790524994 -0.0907308527588962 0.0177527141246633 0.224541169574439
0.114810162456347 -0.0526464177455421 0.00626946689395987 0.258625617960965
0.113524792226896 0.0101600607711558 -0.0408992742432283 0.272456231393737
0.0978829029239176 0.0448549775555834 -0.102973900144511 0.25089884795716
0.127415805625507 0.0887877938881071 -0.105333043514644 0.233308599659021
0.107470738066025 0.160350674209334 0.0356738242297881 0.257073090351256
0.018703690181627 0.193215084503997 -0.107186416499002 0.166496292946694
0.0544164206082719 0.130120903928488 0.0913032529267542 -0.0194119556259041
0.0425869480330313 0.0841008213475616 0.0353881606610681 -0.228063742438223
0.0748107072517971 0.0669817513314861 -0.0989565820156141 -0.288661370722355
0.117786457622734 0.0239506338384358 -0.218062162340532 -0.201372548259204
0.116534640295964 -0.0401581700774244 -0.242350547991578 -0.0821126638234579
0.0851854207287266 -0.0822457636162523 -0.195251484827324 0.0140355864974639
0.0836678448188789 -0.117554420973233 -0.105772502702624 0.0894665664075404
0.0778311357422338 -0.122331187288015 -0.00076764059504989 0.127842882553661
0.11239960265373 -0.133778525264283 0.0663575296742702 0.185084884398795
0.189178663056622 -0.0864270602551264 0.0758558869368015 0.241641097701321
0.204910730365846 0.00392895999609636 0.0139141044787565 0.295684074427649
0.182479763976214 0.103332294582082 -0.0920043550120295 0.267078092206739
0.161235580472097 0.190163240111196 -0.125918412090832 0.190458127842562
0.111451727443828 0.256755865458088 0.0133609394606883 0.155696756750552
-0.0188035877456412 0.25021839807742 -0.0906444310682792 0.0724401729152284
0.0447871333026839 0.230400291016713 0.115000891805943 -0.086245510068505
0.085588279048345 0.174337996616843 0.0541475775278169 -0.262950062117251
0.149726467924317 0.101968669840218 -0.0778109743809337 -0.296164406029419
0.182203132204539 0.0230546742909369 -0.174304165776095 -0.202983948077321
0.165876355530091 -0.0564302957198311 -0.192162988087922 -0.106172987947152
0.11989265050827 -0.105144243386974 -0.156846166092603 -0.0281829817171251
0.11546717208763 -0.136539467268183 -0.071254760248691 0.0415173390670893
0.10831223084548 -0.137137053877624 0.0347396204544057 0.073964465948315
0.147546840482333 -0.15068948269765 0.115140620443357 0.130558230769465
0.230625338828753 -0.10121083482783 0.143234361510844 0.206522228717808
0.258145809317856 -0.00204146264278557 0.0703676541235291 0.301967362099277
0.236815182333889 0.14182862104132 -0.0768906754826576 0.273986098104269
0.171968620615594 0.260233611706415 -0.149474097692123 0.145916090575604
0.092659952781372 0.311843310725961 -0.00769043777517938 0.0407471918696392
-0.0469079360763189 0.267722695408505 -0.0720244523382177 -0.041858044422911
0.0325924965529975 0.291138305559564 0.12297719976722 -0.1614415709187
0.117157722194769 0.237456744192442 0.0677916193072853 -0.284329410363469
0.204476940594994 0.120559083297647 -0.0463474833656552 -0.285291505234311
0.221686665533638 0.0162095618785856 -0.110093362402114 -0.203834629070722
0.190986129245285 -0.0676019869918531 -0.127506071658366 -0.137275327371643
0.136041720538981 -0.114486350331965 -0.106873857650348 -0.0761414604934729
0.130807756657009 -0.134788176174586 -0.0265742655046748 -0.00946198089189789
0.125572351971793 -0.128839347753027 0.0756583263702792 0.0184672233979855
0.165972349460085 -0.136558881097562 0.159802381172648 0.077406057565459
0.241142558145306 -0.0851910630992239 0.196795613363407 0.168936400640676
0.267099875164879 0.0123864185892467 0.111439054205695 0.295792938653812
0.240682985595273 0.173957647813314 -0.067193499957025 0.26505694979189
0.143495880995244 0.298204051531538 -0.167767581478484 0.0949064028168248
0.0475825052231691 0.320584734617718 -0.0154164798079831 -0.0721090993329814
-0.0650745421705208 0.239658547047108 -0.0619707167618719 -0.156395584673404
0.0151885311392073 0.295449776715559 0.107133195941624 -0.229867239793557
0.124556899503459 0.25240507704098 0.069731995977394 -0.285977382943374
0.217150629317184 0.115995138449464 -0.00851995558148029 -0.255984630555122
0.218091418515707 0.00639381355031294 -0.0375539772569121 -0.20360551915496
0.182629203795506 -0.0668786303714696 -0.0609042751613898 -0.172738960937236
0.129545111192537 -0.105825579112958 -0.0542593523077485 -0.123281979281396
0.126356636009101 -0.113937041141547 0.0215496704948224 -0.055895063961802
0.125915464161769 -0.100587158469968 0.119883323909461 -0.0271973311164872
0.164928318518583 -0.0983028033569477 0.199610588717621 0.0400200862968631
0.220928727900421 -0.04391150385544 0.233003399541941 0.145764618823003
0.236670798078936 0.0439831994917132 0.131039414011653 0.284196160654563
0.197198328987006 0.199990649889801 -0.0600035235247458 0.240579426213657
0.077873547866335 0.300319322262081 -0.163517470128372 0.0414232398417394
-0.0139412291255535 0.285928766865854 -9.89133388565608E-05 -0.167440756990297
-0.075592034338525 0.168321103374614 -0.0628450237073691 -0.249538755561996
-0.00683628574527038 0.242422835939209 0.0758049696139241 -0.271355911311643
0.103838109429946 0.214533865687232 0.0683022248651461 -0.270234099528254
0.179332708455385 0.0871737870846457 0.0277067398789327 -0.224001040362428
0.165901853300454 0.000471385917849938 0.0245292105112887 -0.209300518652548
0.139931433110341 -0.0474228525288366 -0.00854299458249688 -0.206195987441972
0.103026412616955 -0.076271883476776 -0.00875648134580487 -0.16242669712186
0.103758983359761 -0.0769019572129174 0.0648941742562078 -0.0921256375888181
0.107914130727152 -0.061445330798354 0.161583776625339 -0.0564290510505731
0.139446586835725 -0.052022295443508 0.23277872585452 0.0250268487589837
0.170652733196847 -0.00128771887020219 0.254343486487774 0.141282838916328
0.177700960490084 0.06901767610924 0.136139685082759 0.272414624564781
0.12708972311441 0.201649008465555 -0.0491190777039812 0.210634751119272
0.00300829898025373 0.260787322367656 -0.131672863810008 -0.0038197750400719
-0.0729580520817025 0.208940459674559 0.0385655926108342 -0.230529929153635
-0.0843862907919175 0.0681177740077988 -0.0711203193145163 -0.30075658763716
-0.0348364691418306 0.147217768929867 0.0463997717197621 -0.277497036722796
0.0579015732599622 0.136955730375618 0.0749532931379337 -0.252792431985349
0.0974445569470854 0.0436855937851404 0.0546672132665188 -0.210810192019764
0.0778265854238531 0.00427020618134015 0.0555051535655791 -0.223142330114153
0.0737935848911323 -0.0105267254653355 0.0138527420329183 -0.228872554184232
0.0622530994830477 -0.0288476867099312 0.0219901698294749 -0.18499681669722
0.0657806293448691 -0.0296353240044517 0.0978422826569511 -0.112508534489628
0.0715338373641429 -0.0199136910488299 0.193576601847209 -0.0672312479736691
0.0888041855602284 -0.0126890308342378 0.256612048522223 0.0288427602061609
0.0999473118710808 0.0198775012030531 0.261831935067732 0.150584599566465
0.109846730303544 0.064451493107648 0.134875303944693 0.262738905967033
0.0609952785240898 0.168715649159695 -0.0278806261263813 0.188057847135503
-0.0543112575269324 0.1830287662678 -0.0820677053280188 -0.0230281288062125
-0.108819716650241 0.103650300160333 0.0892991609849148 -0.254820749254403
0.0891394696063297 0.00626757001201705 -0.0819139496979282 0.279418739238404
0.0516879678968932 -0.101382295903127 0.0971091991610841 0.0589686394057533
-0.0389692482922089 -0.0850405213554738 0.0350293141683903 -0.195678321033654
-0.0549711958402465 -0.00950067736950171 -0.131718748432101 -0.28560310809445
-0.0233952919486625 0.0046236590995426 -0.291120365545041 -0.188428887770542
-0.0135399991770953 -0.00911222063194008 -0.30921188304636 -0.0282211763849936
-0.0145450945879196 -0.015740427989064 -0.22639433425755 0.0872588584565519
-0.0142308978234553 -0.0348231514814115 -0.130285434074896 0.160206765953994
-0.015800408607451 -0.0342298180128515 -0.0325523167608248 0.203476715972387
-0.0108345181580098 -0.0362924055629436 -0.00390547792263852 0.253901288940996
0.0139203895555464 -0.0239197343365789 -0.0328669108429369 0.268980344823184
-0.00130611480779118 -0.00802672792319249 -0.0649639680326594 0.258876906370278
0.00743230600010755 -0.0447533723642698 -0.0970492017636588 0.263018767167291
0.0904009038603897 -0.0477237869429052 -0.0886097812771508 0.300973241939093
0.0976916375205518 0.0322813463665633 0.0704345561639005 0.342569398190223
0.0652693989178783 0.112044716013612 -0.102327472033618 0.251318093307117
0.0639244377532398 0.0128963326881541 0.0836038885722182 0.0286468325561335
0.00193375958999285 -0.00656075286836453 0.0203614114246116 -0.207088460389523
0.00795534476602239 0.0280803890588389 -0.129260636068405 -0.287408622078164
0.050618153411728 0.0131024692797043 -0.272405915582446 -0.195460956182933
0.0558084195219846 -0.0304995012751749 -0.295228680231886 -0.0492629367700324
0.0380067878630543 -0.0579889061727448 -0.226225539433374 0.0627121753039165
0.0366550939998842 -0.0893132899172681 -0.127604213027361 0.139702327080763
0.0339086724658226 -0.0924115207403547 -0.0193994222060188 0.179975707556515
0.0604815547770962 -0.0996104504477269 0.0319822890542282 0.235324662268617
0.119965854746335 -0.0633782149918373 0.0209328993552664 0.272186286062614
0.122409527693698 0.00463569129818689 -0.0283865576516233 0.288363649845944
0.106939308295301 0.0437612397594466 -0.0978334516583908 0.272954161745543
0.138935379954897 0.0864150027625773 -0.100523568618745 0.255655579123015
0.119373809686396 0.164259453914055 0.0505238020488 0.269487968259302
0.0278559676186507 0.204242070647755 -0.102985513597592 0.183153615695469
0.0639366896659217 0.135077642469756 0.0982879284337941 -0.0265708530822153
0.0479371143178096 0.0892079913783665 0.0267061320678764 -0.241379294484036
0.0834737673301156 0.0679033962795889 -0.119566397432756 -0.300179661724001
0.126582128348414 0.0183423655067637 -0.242342078682187 -0.200733793744287
0.121844095260628 -0.0502302702629678 -0.261961872380286 -0.0736318610217571
0.0870434732719322 -0.0931056740703006 -0.205555890854042 0.026146232809032
0.0818902107361442 -0.130896425524351 -0.108030601152667 0.0993610768298606
0.0763207100066675 -0.134436695656986 0.0070139654959493 0.13351528408861
0.112372613999249 -0.14871295640187 0.0815803644298956 0.189631267414784
0.197055482482518 -0.103649529523169 0.0947281492935475 0.250315293739414
0.218922142864579 -0.00761519551532034 0.0320418667134002 0.309746486081579
0.200965965958799 0.100332987890233 -0.0852331078451013 0.288020097982396
0.181817966120873 0.193368953613427 -0.124133295248104 0.210544770820301
0.128129999105662 0.265273727542157 0.0226652583923927 0.164845510430046
-0.00982094894740216 0.266546880288093 -0.0897386037807906 0.0820106344989543
0.0598504224911201 0.24195006896624 0.120056375938255 -0.0987701011541047
0.0989281586454665 0.182123371557962 0.0458289275310178 -0.27819385083308
0.16435661352426 0.1005420152084 -0.0980576759051563 -0.308901254004924
0.194939464847972 0.0142593768454527 -0.195512438005294 -0.205068669033443
0.17341238930702 -0.0705640874626617 -0.209816207420345 -0.101959384905059
0.122665990513767 -0.118477861511396 -0.167595776829662 -0.0198755811400453
0.115324345022443 -0.151869377875811 -0.0730338275567282 0.0469646540775861
0.107775921719933 -0.152056447581609 0.0414676842425157 0.0737195280568787
0.148497683685119 -0.169588624694154 0.130708647489722 0.128332593826575
0.2396386303874 -0.121678926683443 0.164805873395298 0.209444341216225
0.273459396546797 -0.0170018630453774 0.0929431989297242 0.312326152686506
0.260491975679628 0.137778084693092 -0.0677222433865186 0.294857190943765
0.196816732900386 0.266863093942408 -0.152052153677088 0.164125025045081
0.111557132410156 0.324403898350424 -0.00635905255564151 0.0449650926698402
-0.0385416705853461 0.287227530941077 -0.0758743012816277 -0.0405922288853329
0.0506976621492925 0.306848986231755 0.124724011028508 -0.179442115890669
0.13681774854932 0.246471680665127 0.0592412842335752 -0.301546155561024
0.223738109954167 0.117066889250831 -0.0632124528439653 -0.298112389384371
0.236701275789706 0.003316027885437 -0.126941728384853 -0.209141687206489
0.199607903803857 -0.0839358612722536 -0.142785679250067 -0.13885598296169
0.138842076191491 -0.12888490271103 -0.11783552320403 -0.0727532304285715
0.130939304330049 -0.15094147954298 -0.0279453725371861 -0.0098684784941871
0.126363013315876 -0.143951231637193 0.0821124089269142 0.0125281662122448
0.16886442496467 -0.154716480042392 0.17440222687905 0.0694219443242822
0.250729863908969 -0.104673831664944 0.218793795952611 0.166383357915759
0.283430969623215 -0.00268241254570234 0.136716248749071 0.303839669164114
0.266525319683523 0.171035163980023 -0.0573630438966872 0.28300865730406
0.169417459360313 0.308600877845327 -0.172910646949692 0.110786811440071
0.0647719529312565 0.337058872336141 -0.0208982464558421 -0.0733537933672942
-0.0593887951195128 0.258280100488008 -0.0708805122038047 -0.162715522235034
0.0329544649995867 0.3119933952791 0.103840436856419 -0.250763721423011
0.146035035465619 0.261666509002546 0.0609967423948999 -0.302607029533273
0.237262089390185 0.111284915263608 -0.0207088673719798 -0.269281949869705
0.231646629652215 -0.00610267025678324 -0.0499160774027921 -0.213739998741932
0.190281217887581 -0.0822687436975211 -0.0746357516012296 -0.179439610229599
0.132666246595733 -0.119397957241037 -0.0645998062769519 -0.125738003060974
0.127804930769351 -0.128170658328618 0.020828413440574 -0.0621651855979984
0.128421627271288 -0.113390246640186 0.126526251137572 -0.0382279888900267
0.169007849107117 -0.11364303443706 0.214085267519245 0.0280286723990926
0.231344444060462 -0.0594171920191681 0.256288178324587 0.138950430384415
0.251394453799459 0.033141460814127 0.157338323538486 0.290287423075989
0.220295510956821 0.200243450768349 -0.0509552893198497 0.257092047199852
0.100304115523853 0.313367168197568 -0.170795106894955 0.0531584561530165
-0.00239566576774288 0.30320599591798 -0.00960159473298653 -0.174276943445905
-0.0732242982930824 0.183366220176982 -0.0763657063492917 -0.26086478784754
0.00748332928050623 0.256770724527553 0.0685241276067718 -0.293717683258248
0.123071588022992 0.221035724414316 0.0596798483055496 -0.287454076632936
0.194198319258234 0.0807436062867663 0.0203907465724638 -0.236954774832835
0.176018626760125 -0.0100753743244155 0.0162817824145105 -0.222840846690461
0.14605349037943 -0.0593088854527212 -0.0214540787541484 -0.217999333966411
0.105681760326273 -0.086315685375222 -0.01842890967574 -0.16945149048457
0.10528562710969 -0.0870419302886013 0.0655474921742974 -0.102971762354963
0.111290251529068 -0.0708789147126259 0.169467695211394 -0.0705592353995655
0.144869909973514 -0.0628473707380538 0.248802358671046 0.0108864299571756
0.18012160525965 -0.0104290878241871 0.278400481135678 0.134458107622868
0.189493827565669 0.0632556365141786 0.161277732885201 0.278010786660056
0.145463004411545 0.204451936299999 -0.0408552541816308 0.224547549589491
0.01771965220947 0.275545991196507 -0.139412222895737 0.00347703985545495
-0.0678219455842017 0.225388560351584 0.0273195414699629 -0.244324035019522
-0.0867380287224371 0.0774652447969271 -0.0868259627992082 -0.314818652217628
-0.0279935681445686 0.157328538587205 0.0366761424605284 -0.298448504826546
0.0703349773814703 0.140830286066499 0.0672143230538988 -0.270430033347461
0.10511877307413 0.0396947487224327 0.0491442604464641 -0.223699482110687
0.0819481081342709 -0.000617231425119281 0.0482436895233825 -0.238797769110673
0.0783157565759496 -0.0156387874203067 0.00155479684758376 -0.242501455929925
0.0649256365102451 -0.0338901238825752 0.0127401013383601 -0.195585205369361
0.0681508326698789 -0.0344576664425992 0.0988917156056949 -0.126025682214568
0.0747006211456973 -0.0246614831081647 0.20350343669115 -0.0839433081337816
0.0930485050615821 -0.0185823580427648 0.27450320123057 0.0146189283459064
0.106514024606055 0.0167525395405897 0.286496058018654 0.144051747089906
0.117876687905326 0.062313952453624 0.159134613836019 0.267983214825167
0.0740984500318178 0.173208679059553 -0.0197096142588322 0.199205829514177
-0.0474357823015546 0.195967035867273 -0.0877308718427281 -0.0195545187877071
-0.110074265808986 0.115980258397582 0.0783923045013319 -0.272067912278447
0.0922826222362122 -0.000561323803328712 -0.0618514697119075 0.296673087302811
0.043919498402081 -0.10875773148157 0.107801742693237 0.0511520038028724
-0.046668719802459 -0.083074214054296 0.0216886537749999 -0.206191664995088
-0.056523679226393 -0.00504354879585407 -0.159018870981833 -0.285903655316864
-0.0233362436235424 0.00591958546808067 -0.317510148449822 -0.171724719872534
-0.0145683931280739 -0.00950176314289184 -0.324065966439799 -0.00440763337211972
-0.0158679386678389 -0.0173307494361813 -0.228641099861689 0.106804747597871
-0.0183202728089739 -0.0364104782706779 -0.122950096189122 0.177504413017161
-0.0189102404680039 -0.0351628596363068 -0.018714210906862 0.213063933740691
-0.012057877539984 -0.0366653580097273 0.0158318846538159 0.26345089979421
0.0142466185853282 -0.0258566405762212 -0.0132929012201032 0.282774228171915
-0.00111982490775049 -0.00751274649568626 -0.0491799021706989 0.272385993376879
0.00485253380702174 -0.0460956372302411 -0.0837066907289569 0.282578950847549
0.0879263215211186 -0.0574594775726195 -0.0704711977722483 0.322641380423928
0.101447295939657 0.0270094550778342 0.0968365420310219 0.349135459794256
0.0744095160473208 0.111851112260539 -0.0858082310614775 0.268759532790551
0.065429313175591 0.0092458958465062 0.0920294265286091 0.0214147141480622
0.00111340581287843 -0.00400318532601468 0.0068217675087422 -0.215922015856979
0.0115744116409163 0.029231391584998 -0.155534045706677 -0.288198530673952
0.0545837277468646 0.00967417376002196 -0.298310763061023 -0.18120372288376
0.0557395041386975 -0.0370154342690001 -0.310601709144162 -0.0291142511674005
0.0359461603916626 -0.0644904236579907 -0.229627400138255 0.0819843481770718
0.0310024250852739 -0.0971011613827471 -0.121747535868171 0.154758190266728
0.0282323481949293 -0.0995885078621968 -0.00693519509143999 0.186524984291311
0.056177718339577 -0.108582541316731 0.0520105153744002 0.240764373997054
0.121694646709003 -0.0762029543758712 0.0443288625626235 0.281642793222466
0.129095390037162 -0.00486405007618699 -0.00833525137120543 0.299736050052286
0.116348889929622 0.0383500761233196 -0.0835762059439174 0.292317989368776
0.149530231818259 0.0791352900707777 -0.0861472249843551 0.276193344089944
0.133384517984119 0.161785306096084 0.0723207860834173 0.275164690464275
0.0423299719123055 0.211020837722181 -0.091408897566361 0.198369458208478
0.0746247613835203 0.136004418982703 0.10246168736239 -0.0370709341792022
0.056101871915565 0.0915843374850271 0.0127349097860733 -0.251221965153328
0.0925054125236607 0.0655969423732574 -0.146970730180744 -0.301123792460013
0.133469619121383 0.00878193811035711 -0.267522050041003 -0.189425962281215
0.12280002660223 -0.063143280142422 -0.277911882799673 -0.0564820313390124
0.0845451861988915 -0.104892385495168 -0.211557150290335 0.0429662910041188
0.0749194133317217 -0.143662447546975 -0.104966732629765 0.11082899131294
0.0689644704941344 -0.146245534389341 0.0173737751063192 0.13562218068094
0.106767507341555 -0.163819485042973 0.100210133093494 0.188420952255756
0.197550362487581 -0.124440121428815 0.118656839753525 0.25182504159756
0.227850393590527 -0.0251425653642152 0.0576205312091421 0.316205969589321
0.218446635833677 0.0901715614885808 -0.0685809565743707 0.307435224368949
0.204140523124149 0.186815508877587 -0.114321480586221 0.230354678702484
0.149173898891966 0.266191043871705 0.0354971607709309 0.169460813015101
0.00706459992965206 0.279922095794051 -0.0855413259439905 0.0916299892527952
0.0801692514054252 0.247089972353637 0.119346246497797 -0.113815250435904
0.116700396752504 0.184329384288767 0.0295677529381255 -0.289984051079832
0.178971843292421 0.0929056000504848 -0.123910293000025 -0.311793220733152
0.204280886991595 -0.0012433309798008 -0.218409711071753 -0.197749125423642
0.175492531128087 -0.088359576861205 -0.225841225940212 -0.0907544727850204
0.119752300960102 -0.133809489572009 -0.175828396251342 -0.00715077522516964
0.107420464636432 -0.167975308082387 -0.0723474188407142 0.053062292900222
0.100656801650936 -0.167157153265815 0.0490596652153505 0.0700870747418536
0.141693576157107 -0.187604762903116 0.146125120142111 0.120350925208739
0.240070159901261 -0.146874758639314 0.188452872410705 0.203087701447656
0.283581338446006 -0.0388541129858019 0.122082627140823 0.314474692225788
0.282852752708219 0.123877333783746 -0.0497396848356313 0.311850513768224
0.226059996066539 0.263285688074271 -0.145685291483858 0.183040724044846
0.136809324762844 0.329430357561316 -0.0032230951307912 0.0481943967472575
-0.0218471115373753 0.303367359336723 -0.0798267998049957 -0.0371325693561111
0.0765133343672726 0.315558924515215 0.117566388087757 -0.198291840331398
0.16100698079612 0.247595560553747 0.0425516686007464 -0.314988632219715
0.241876507450399 0.104922205623395 -0.0868681462751336 -0.303506685512039
0.246260114897145 -0.0156423181747677 -0.146511215230392 -0.207208111359994
0.20164193621348 -0.104894901291528 -0.159964771951794 -0.133243794568654
0.135700486841346 -0.145619654820911 -0.128075401138114 -0.064445719592406
0.124249971536685 -0.167816481169083 -0.0299157371685658 -0.00987048991276347
0.120864707496956 -0.158760037987289 0.0874013766639922 0.00293442436530881
0.164310355694821 -0.175098012589433 0.18689489670078 0.0554986199453492
0.25349657288276 -0.129617815189973 0.241658360530493 0.154056428609633
0.293535488170494 -0.0237311085900733 0.166846100522095 0.30175809963146
0.291190797711887 0.15734956674072 -0.0398805345730308 0.299322294343992
0.200934080587895 0.307885835763764 -0.17210899628176 0.129385129323471
0.088836371754148 0.345685349018128 -0.0272377539238983 -0.0730113133013175
-0.0444980170039951 0.274939934543816 -0.0824045907386362 -0.165049398391196
0.0596413427956791 0.321793080503414 0.0902448044123804 -0.270532161181646
0.172601110264358 0.261864780326808 0.0442566887153545 -0.316792699094793
0.25481113583769 0.0967586562116454 -0.0401975477994065 -0.275805875347257
0.240015911047835 -0.0257561019228224 -0.0662635430843768 -0.217413070372418
0.192524769741889 -0.101985799961537 -0.091564807680686 -0.180815161220286
0.130073136693773 -0.134526023837735 -0.0767945756603304 -0.123264633185303
0.123083012796305 -0.143178108953707 0.0172237184009079 -0.0680210345717579
0.125384518090888 -0.127840814396761 0.129311315162598 -0.0531600765204754
0.167826761474976 -0.132343026693716 0.224966089584117 0.00910524194405143
0.235639772734928 -0.0797641460187563 0.277847284518581 0.123599956863788
0.262566955640623 0.0158520198694768 0.188069001933639 0.285535016743998
0.244006536931058 0.190447637983977 -0.0342721300899864 0.271355185339933
0.12881788560805 0.31803557766791 -0.173856816343668 0.068484852957917
0.0177145460439308 0.315245679456979 -0.0230985186179719 -0.178090449414283
-0.0646498129328287 0.198450556342093 -0.0949664373998622 -0.266820333138436
0.0283604958095304 0.265482529414351 0.0501737281158594 -0.312632714909599
0.145926166381355 0.219210720015371 0.0438983187694013 -0.301542203435453
0.208166692135187 0.067351778645042 0.00599241832096431 -0.245588177022514
0.181516096577882 -0.025078430905877 0.00246265506413347 -0.232299687334972
0.147607704142117 -0.0745974206416258 -0.0392806802759331 -0.224007646885844
0.103961645293978 -0.0979017127173288 -0.0321663003220418 -0.17261245755199
0.102646511194714 -0.0992908689829721 0.0613101466106062 -0.113758060846772
0.110570037723519 -0.081547035225764 0.171476027277714 -0.0897798002648255
0.145654185279284 -0.0771070112444763 0.259541919900124 -0.0105609061620171
0.185976545254302 -0.0244433926656125 0.30063098872004 0.116298756778498
0.199590967140893 0.0513256789550395 0.191165130237998 0.273231869254984
0.166452054444528 0.200549131265079 -0.0256091047813178 0.23562892974807
0.0392273944508465 0.283939125203755 -0.145062495818091 0.0149700041376788
-0.0548153173235689 0.23973167738843 0.00948053967876247 -0.253022645360641
-0.0852036573305068 0.0882476889698093 -0.109415832138005 -0.321896995201465
-0.0158129090984249 0.164848088977222 0.0170879051165086 -0.315286909967685
0.0850124027763026 0.138647737508769 0.051378986818311 -0.286130444242974
0.111012841430062 0.0319680834978096 0.0375117240123952 -0.235281750287408
0.0840915477434033 -0.00765113563363562 0.0337187671103832 -0.251982036757529
0.0801583671589303 -0.0228773367335152 -0.0172312143931992 -0.250466251613092
0.0650726178421399 -0.0398480513847921 -0.00246260731310745 -0.202791735385528
0.0674551826180465 -0.0412484882476986 0.0948187477720454 -0.14056989192367
0.0757520915645499 -0.0304559953249986 0.205960517617711 -0.10575051757041
0.0945002641390312 -0.0261422258502887 0.286210888463261 -0.00741307323364519
0.111091284427974 0.00982339336047575 0.308864125312969 0.126277651981447
0.124696597969946 0.0556254000249145 0.18713039285944 0.26415769037001
0.0895181386390375 0.172342666393479 -0.00558909704035643 0.207774573335836
-0.0338306752147266 0.206082026545688 -0.0933426828226606 -0.0121915684053112
-0.106315070083977 0.129334916925533 0.060152956799636 -0.285910854091523
0.092617324061914 -0.00699397927603443 -0.0384360107434766 0.306319947712908
0.0339838365490863 -0.113022204654017 0.115207155066456 0.0407997912695199
-0.0526024343837105 -0.0787545652045566 0.00623060135158312 -0.210051613231517
-0.0564957843144098 0.000127559219189564 -0.182126830215683 -0.276122742535122
-0.0225428453747894 0.00782631279204074 -0.336145014439212 -0.147887333900315
-0.0157352644657915 -0.00905338900517189 -0.329227993303643 0.0217794874537392
-0.0173039680723128 -0.0183572730842612 -0.222341145370844 0.124838235473955
-0.0222571065399932 -0.0365580230282259 -0.111459504782294 0.190256644861817
-0.021711205934626 -0.0353225060849268 -0.0038670883950188 0.216254676731835
-0.0140353756303872 -0.0364086570154314 0.0370509144172661 0.26520914413074
0.0139801263397285 -0.0281963646873955 0.00855492044934173 0.287654381832043
0.000231950068403148 -0.00713324760364769 -0.0312432861866343 0.278476208495385
0.00239274155639842 -0.0462084199494019 -0.06628107921671 0.295426241857992
0.0822399312555217 -0.0655324970288325 -0.0474659548147702 0.334212231515398
0.102344720331745 0.0199567912677181 0.122242914222055 0.344641779152705
0.0819489702491614 0.108601927028253 -0.0640094517661569 0.279111528488939
0.0650950458972355 0.00490333344925529 0.096431067485318 0.0118306015845685
0.00160241932703824 -0.00201399259893519 -0.00789905963867402 -0.218219177595295
0.0146447618982971 0.029917031663011 -0.178791042594449 -0.277746439697742
0.056503200285694 0.00477704847344694 -0.315784557180075 -0.159802051925195
0.0531756649402273 -0.0428618070234323 -0.317520678296592 -0.00477009378249945
0.0315028471136834 -0.0703364356954909 -0.226303912664495 0.100460723404939
0.0228742764691049 -0.102133698167592 -0.111869872349917 0.166171609480298
0.0217752696839892 -0.104178188061375 0.00670789725135071 0.187302508382779
0.0495114951761198 -0.115068753800911 0.0718067878103897 0.238202552881125
0.119281348390859 -0.0883892900507582 0.066742317143384 0.281555198176113
0.131766641811 -0.0147589504063839 0.0139843001182771 0.302327764330921
0.122301862074451 0.0314775312903915 -0.0646721173766592 0.305806202484177
0.156520980243361 0.0691318219283251 -0.0671738230748688 0.288184416093183
0.143692936581259 0.154663313476319 0.0927114294519398 0.272665883178017
0.0562069178177735 0.21287581965911 -0.0758334865853514 0.207730271593252
0.0852624996247023 0.132499951895365 0.103027175428526 -0.0473850206230845
0.0643085497485713 0.0909685403411103 -0.00315039179153368 -0.253204450882441
0.098693890729614 0.0602320524024315 -0.170659916450694 -0.292451923723558
0.136904229599048 -0.00158634598550301 -0.285559325692237 -0.170248085330306
0.119940262731917 -0.0749778959734102 -0.286593226527982 -0.0361958639434417
0.0779985606475357 -0.115037212652836 -0.211092828309039 0.0605159913721728
0.064181840724035 -0.152518049878799 -0.0980637511377245 0.119873634039593
0.0593711731559879 -0.154195459180465 0.0270729824722726 0.133410727853038
0.0963046188553085 -0.174955183490971 0.115878098192277 0.180555194551973
0.19223882874421 -0.143544037496695 0.140472332465249 0.244854512965419
0.230445197838013 -0.0433158380713004 0.0823313086828347 0.312785990331517
0.2301238054909 0.0756077249531958 -0.0471800499431022 0.319184807150101
0.220820912860832 0.173863169994248 -0.0985127492762889 0.244718309323084
0.167641530635549 0.258992071977674 0.0480262005309277 0.168914879167914
0.0256841702445463 0.285674573984292 -0.0776435777541532 0.0990213258591676
0.100360671707095 0.244985520886563 0.113574761974743 -0.126378695146531
0.131800351648845 0.180960315759962 0.0125367923456448 -0.294325640873841
0.188535688478355 0.0815976121983245 -0.147972757499023 -0.304759902432318
0.207600771624632 -0.0182418023064672 -0.234797701276207 -0.182074164803693
0.171945896791765 -0.104920434198789 -0.23636487326229 -0.0747355086470758
0.112487719919998 -0.145984493981821 -0.177798768586716 0.00791511684281968
0.0958153063184049 -0.179861242593754 -0.0701972213097678 0.0585664985515211
0.0904892054817653 -0.177417676795412 0.0545561474194917 0.0637886358708271
0.129846992914021 -0.202482644892763 0.156670173418506 0.107421182044272
0.233588880110758 -0.169642088254174 0.207684728383582 0.188726762756335
0.285089401436005 -0.0616739589645772 0.147853659850169 0.30509540964279
0.297481955729278 0.104249868753474 -0.0279617288510231 0.320590761171957
0.249803398319899 0.249470423913651 -0.134277048142327 0.197734646441305
0.159622334967991 0.323785928491988 3.71369853069813E-05 0.0499690823994875
-0.00132881808429332 0.312765830844598 -0.0812959178462092 -0.0320092469577682
0.101838201825165 0.313744596203448 0.105043128117521 -0.211526090178861
0.182993223063204 0.240615737290538 0.0237958240707166 -0.319660470287113
0.253219294046184 0.0885801055035775 -0.109203927438863 -0.298753931463049
0.249067841055084 -0.0361775527025166 -0.162686365419068 -0.197429747274431
0.196549595054886 -0.123859154825578 -0.172569500188016 -0.123225654043551
0.127797806468026 -0.158826365896669 -0.134254336885393 -0.0536099443468151
0.11298519341881 -0.181341426796954 -0.0312127535955956 -0.00852584470452008
0.112006443504326 -0.170578310416675 0.0883178409720456 -0.00753646756627602
0.153993657072884 -0.190525728523049 0.193103599493608 0.0383793993913377
0.247917555173329 -0.152669692885781 0.257775583066816 0.135606400911069
0.295042825817932 -0.0468210151092668 0.193842385836967 0.28810148726768
0.307385266628105 0.136998564520048 -0.0184668979244763 0.306532148608347
0.227785428658704 0.295814966251884 -0.164296869782358 0.145012347172445
0.112500728185088 0.344087783778391 -0.033764947576898 -0.0704212858893908
-0.026661528134207 0.285199615150043 -0.0928745080251532 -0.162093883686798
0.0858636192113672 0.321555254723565 0.0719199138260566 -0.283727703663745
0.195365087557791 0.251456288616226 0.0257212690393355 -0.322836882035823
0.265782729293126 0.0775513973057847 -0.0585663826052132 -0.273997846309685
0.241316355213224 -0.0463127396431885 -0.0806288165228364 -0.214651943116994
0.186800172562624 -0.119859749078357 -0.107274833607337 -0.175848370982465
0.1224026281365 -0.146721038023303 -0.0858444593116756 -0.116377991694006
0.113032140304441 -0.155711678511003 0.0126522931406842 -0.0720668198770551
0.118917281308693 -0.13910718646394 0.127575568618498 -0.0680563016180829
0.160141321735371 -0.147653991261683 0.228292097690904 -0.0107138150086063
0.233170232207746 -0.0997497667368092 0.292244292147203 0.102024111057282
0.265706179091237 -0.00289543215937874 0.213999775601856 0.271515213066593
0.261415573874528 0.172909934140908 -0.0148587577973937 0.276853703035311
0.154961355323253 0.311081677402602 -0.171617919031347 0.0840304022067151
0.0393188834239308 0.317790444236314 -0.0372231588836156 -0.176548046024265
-0.0513386248660631 0.208059555024635 -0.11284101449993 -0.265039090078859
0.050262991642435 0.266593813648718 0.0275018073993285 -0.321822874577724
0.165672815049807 0.210589423612219 0.0257423636353476 -0.307372074046164
0.215438393138204 0.051573716739845 -0.00957781685109933 -0.246525402265992
0.18081142282457 -0.0406087193526975 -0.0125826028365313 -0.235118523925875
0.143644079453198 -0.0881761280042673 -0.0573359785211874 -0.223243059152379
0.0988286190495528 -0.107467519157502 -0.0443125680463794 -0.170186019979991
0.0956200551590806 -0.109055975505244 0.0540219685501408 -0.121986110194379
0.106786448281762 -0.0909403685326157 0.167786218815758 -0.108046948871922
0.141644623954409 -0.0893842768021507 0.262843282331563 -0.0330396785527197
0.186431902205266 -0.039205691687723 0.314888245894936 0.0938693316142353
0.204383794447681 0.0378712569415323 0.216178340651825 0.258879420582098
0.183271448828356 0.188633396205122 -0.00896874983961689 0.240008836320349
0.0624975022603475 0.283952854211705 -0.146501577726684 0.027182391997544
-0.039162180543333 0.24708505950807 -0.0100029907580732 -0.254349698852994
-0.0808032889540512 0.0971598612784415 -0.131765376089997 -0.31983994015261
-0.00242143230919694 0.167431910839073 -0.006014543497629 -0.321628989868857
0.0972077293809127 0.132101050131012 0.032684149766152 -0.29214036253092
0.114307226200199 0.0221191881196827 0.0235654281105387 -0.239564620128276
0.0838193049074296 -0.0149114409389497 0.0167944471647917 -0.258282484665118
0.0794432764736251 -0.0302537943045158 -0.0367718945821857 -0.251541135723866
0.0634199730936803 -0.0455101793615849 -0.0166253006230771 -0.202994300853789
0.0647703973867739 -0.0469332100421922 0.0859755937949362 -0.151163316169608
0.0748197692804371 -0.0365812491687593 0.201132892332884 -0.126430858657877
0.0936964722186864 -0.0333233554876015 0.290158325324525 -0.0313930018993831
0.113029356652963 0.00184255280320773 0.324515368626209 0.103171392835903
0.128179036492742 0.0477458474110855 0.21131356435458 0.250683033884176
0.103697424547466 0.165886855767379 0.0095514580573924 0.210645422079903
-0.019580478672741 0.210628183532238 -0.0963088821494519 -0.00474264648443905
-0.0975348908548149 0.139745458310114 0.0377598028227676 -0.2916378096361
0.0910667405437066 -0.0126454942033948 -0.0180738282942322 0.305873255594344
0.0255647049574693 -0.112829691662139 0.117859212385885 0.0305793454128816
-0.0557392737409985 -0.0738021288477651 -0.0048861635610517 -0.2093350731438
-0.0544101951407336 0.00358634789834831 -0.195632409765488 -0.263246346367376
-0.0210735540592693 0.00884707358579417 -0.343405420351488 -0.125604620928501
-0.0162989872885071 -0.00881893150677356 -0.327294458926628 0.0425184192548398
-0.0186170554393406 -0.0184455957433211 -0.214706008859797 0.135925250116686
-0.025454229305445 -0.0356839374315618 -0.100306778260349 0.196772864545782
-0.0239808598734098 -0.0347916318616159 0.00789833950891092 0.214842530274063
-0.014787600510931 -0.0360938186058584 0.0531845468579029 0.26203957373581
0.0139074429173684 -0.0299887701986542 0.0258230468504353 0.286572983583773
0.00152050653861817 -0.00640872777764808 -0.0175354281025114 0.278426192948407
0.00064680450495086 -0.0448208445432203 -0.0508566470614626 0.301601218395945
0.0752056191570675 -0.0698311296199994 -0.0278224694740368 0.338347959339521
0.100508252071531 0.0157880427153811 0.13843305072915 0.334470350053152
0.0869381496811995 0.10421291957431 -0.0457931874188298 0.281247055648024
0.063733823834964 0.00182601710212814 0.0974121428300179 0.00305859591403659
0.00210613093951678 0.000137770370280453 -0.0179997617517121 -0.216220775557807
0.0169397850545995 0.0295073502058775 -0.192455323364879 -0.265814634251803
0.0572625658842285 0.00125624592308283 -0.324231696060075 -0.139030911087649
0.0509342087715657 -0.0464038151321864 -0.317851662415559 0.0148862006767697
0.0275298216479733 -0.0737902408526944 -0.219214105496269 0.112871381869084
0.0159351347274593 -0.103943042412367 -0.102822897370954 0.17267898694617
0.0156509494338357 -0.105896810913472 0.0161567892044573 0.184973180913207
0.0440864043946619 -0.118439384160136 0.086459317620954 0.232048209216939
0.115400664460571 -0.0965830718880337 0.0837928441230743 0.276107200524813
0.132644477387719 -0.0225346090135431 0.0289300897127119 0.299359937049766
0.12535374112087 0.0247906079479542 -0.0482019030518024 0.311322082442206
0.158409826581996 0.059854198511086 -0.0495112972111065 0.292879155017049
0.148987867355127 0.147097224220545 0.105236294978359 0.265054787456113
0.0666249615802361 0.211033269079631 -0.0619845687634933 0.210764636409565
0.0917581156938625 0.127152017748812 0.100521134078291 -0.0558968763354045
0.069787915973155 0.0898313490125731 -0.0139469555595039 -0.251044485220122
0.102701522929691 0.0557095285117154 -0.184998733481454 -0.280389312639722
0.137124919587843 -0.0102856945246932 -0.293078632421429 -0.152355305459039
0.115437522246379 -0.083149493604313 -0.289126099760755 -0.0182331759067534
0.0718623844783873 -0.120078496867356 -0.206151180268335 0.07214912530666
0.0542520305085 -0.156720929449251 -0.0916334782823497 0.125278825468004
0.0509451899453149 -0.158597136884331 0.0329351123733818 0.128434211440208
0.0867972956763351 -0.181178047141651 0.126185548391493 0.171106264670033
0.184209117363004 -0.15643231096662 0.155301873281676 0.234635420535411
0.228656146457829 -0.0562598657864269 0.0984297610126207 0.30478846804238
0.23589122861162 0.0621102754933923 -0.0302135938633024 0.32279765711295
0.229942708438917 0.160809302256959 -0.0839468099663137 0.250572495601815
0.178477633622306 0.249509851685487 0.0557392542042254 0.165467785464415
0.0407618600107054 0.286124769540658 -0.0699457185314479 0.102264646761139
0.114254093819263 0.238215726481851 0.106316671301003 -0.13425912063842
0.142740901258765 0.175043741323297 -5.59213511878118E-05 -0.29244516298321
0.193431904360377 0.0714637672664002 -0.163641010496095 -0.292847733207929
0.206533898462742 -0.0309971720273245 -0.243008682105875 -0.167275656074722
0.164852937453994 -0.11618791110035 -0.240977728403241 -0.0607196940967623
0.104783124454932 -0.154286931860141 -0.176407176437197 0.0185529134079172
0.0843972126079283 -0.186489176984099 -0.0669575202346655 0.0615409599186853
0.0811271759079223 -0.183311845376016 0.0565587472777309 0.0570513353881281
0.118960489461913 -0.210272081031687 0.161405193645163 0.0950763495758727
0.22349164872378 -0.184966301111637 0.218776726891109 0.173969814148159
0.281356071420813 -0.0778021583968102 0.164908245879157 0.292261059056229
0.304231859711143 0.0862718727512341 -0.0106550375816191 0.322860932016441
0.265082269831075 0.233909891414135 -0.123491741049915 0.20574372631029
0.172867736653616 0.315425976055948 0.00155283503212652 0.0507141919006504
0.0147575339050138 0.315018491584085 -0.0809837493737232 -0.0282552041906088
0.120600519584272 0.306417942320472 0.092600263241281 -0.218552233776524
0.19676664021748 0.231006164325658 0.0098281423925488 -0.319458143850819
0.258189127521903 0.0736003722862261 -0.123225464823863 -0.28993464814447
0.246166523159271 -0.0516709807672909 -0.171214750001753 -0.186865709283583
0.189058335175255 -0.136745494695977 -0.179729957966596 -0.112985815779122
0.119638566401174 -0.167197056528969 -0.135055908808132 -0.0444363275948938
0.101911585575385 -0.188391214790027 -0.0319613967569721 -0.00848441911891432
0.103337974309708 -0.177960395212849 0.0862652308952844 -0.016563261493664
0.142353290540007 -0.200440506305122 0.19408501938899 0.0238147459111185
0.238502626781914 -0.168716784842436 0.26644971930697 0.116514899324827
0.29239059047895 -0.0639021819028546 0.21049225650723 0.271527823530434
0.31549313184708 0.118380889887979 -0.00162593191213461 0.307630117412737
0.244149180858023 0.281894316027308 -0.156243010701538 0.154232360299774
0.128711699735204 0.337538597008465 -0.0377262879035007 -0.0663423877450007
-0.0108676756035645 0.289030865234387 -0.100003532841576 -0.157414512915082
0.105084167973873 0.314984097285561 0.0551459877708088 -0.286821144957333
0.211138130915571 0.239761823078737 0.0111985225116633 -0.321966866543616
0.269235284374631 0.0613609657564985 -0.0709616697605512 -0.268725934678176
0.237674752448806 -0.0607038262176728 -0.0898570052393382 -0.209544547262787
0.179192902337608 -0.132995215765438 -0.117205399241665 -0.169557459006603
0.115012846814874 -0.154780969347166 -0.0910594290591298 -0.109771318499429
0.102947075483491 -0.162703308301989 0.00859599319288005 -0.0741079841392738
0.111496902501689 -0.146335660178704 0.122027591818912 -0.0789008152153086
0.151411303794977 -0.157135159398737 0.226202515472645 -0.0266782421903017
0.226668743568491 -0.114309955148394 0.29887210255975 0.0819548104880912
0.264484802325911 -0.0185795242694536 0.22984393694262 0.254416038555191
0.271199159045382 0.156247008535243 -0.000148176937980069 0.27735266991364
0.172962787484393 0.300881684601813 -0.16696298256933 0.0941079876351455
0.0538169449025704 0.315225680815731 -0.047245067209583 -0.171493488681658
-0.0396740833259275 0.213232190859243 -0.12495443809061 -0.259073880084654
0.0668436774707483 0.26171153820457 0.00956755806435399 -0.32259309120381
0.178070714380375 0.198753055518916 0.0118594758802742 -0.308083471963095
0.216384172692083 0.0376416343904635 -0.0200395556768917 -0.24434007151806
0.176954103902979 -0.0516175173976344 -0.0230217794861494 -0.23468219749834
0.138117631899182 -0.0979782458355542 -0.0699008615964433 -0.219361150895917
0.0931788612258615 -0.113550189372602 -0.0523324664339332 -0.16529346083917
0.0890854864195016 -0.114729208914301 0.0476122370349934 -0.126642021109675
0.101613901041363 -0.0975779057201279 0.160582182545113 -0.121313064698271
0.135519481226242 -0.0976021385609475 0.259727856819015 -0.0504471555171212
0.183279733879035 -0.0501420746369267 0.320294758331896 0.0729132925485049
0.204436004384926 0.0270550198874949 0.230911217265229 0.242651680380948
0.192913552622447 0.176073229611235 0.00393250602219106 0.239782948417728
0.07856882204347 0.278799733526846 -0.144704115395118 0.0368651837929812
-0.0264035140847803 0.249335335277495 -0.0244948292375011 -0.250496131570868
-0.0749140128339689 0.103830927534815 -0.146083357706925 -0.312530435224468
0.00819312517739152 0.165648338092848 -0.0231618291818306 -0.321712956447494
0.105325374104245 0.123478053124701 0.0183042499050628 -0.292782850997152
0.113382740263388 0.0145639997692028 0.0140035389466804 -0.239035691691322
0.0807345018082397 -0.0197129941743751 0.00380623837573499 -0.258991005554396
0.0776429585010288 -0.0357765263959091 -0.0512450604604079 -0.247628102573605
0.0616857805237737 -0.0491384057740112 -0.0268622418111342 -0.20039250758814
0.0607263094985561 -0.0503812490875979 0.0780412215190476 -0.158678072130591
0.072475062946397 -0.0405874198396131 0.193194393749297 -0.141061598091427
0.0909692627719395 -0.0388114901280205 0.28667529597152 -0.0498499905333406
0.112905087958404 -0.00419566950419933 0.330110282778436 0.0827805905187246
0.128797469656937 0.041170988911018 0.224989059615769 0.234755307189573
0.112077194140436 0.157157805190199 0.0206590971173189 0.209006893870749
-0.00680231721862515 0.210439836021386 -0.0967364602573215 0.001950832296968
-0.0888071742680805 0.145144682623224 0.0203481925427174 -0.289430813900623
0.0901216163190481 0.0285304377613919 -0.139154564096834 0.267015776664226
0.0686495953191154 -0.0911582062020886 0.0920095916607423 0.0695116511964459
-0.0199404029830063 -0.0895513024033327 0.0754314525347631 -0.193130170848894
-0.0496577859017126 -0.0177120285686076 -0.0783472194828139 -0.319627609835452
-0.0188781935058385 0.00132531692449328 -0.267190301815682 -0.251693757845719
-0.01019759737254 -0.0150013246955438 -0.320067658152332 -0.0899158094475254
-0.00935526119271113 -0.0265832936535117 -0.254332899772579 0.0396782613194916
-0.0103121561369767 -0.04350770911777 -0.170584312506587 0.142417068484727
-0.00735729928025658 -0.0412830611350881 -0.0775723162274413 0.198728134803973
0.00362247784081302 -0.038450593723874 -0.0540270073982262 0.262425260076927
0.0286612475934714 -0.0222829360125609 -0.0893464882848827 0.271540960733098
0.00881953432766579 -0.0028084420240761 -0.130003061551853 0.24807351183558
0.020918611858268 -0.0373381138357177 -0.166592015188647 0.256864171424135
0.0948439115260492 -0.0340628399467112 -0.151884362183776 0.304981998147563
0.0907695787118561 0.0557459194553695 -0.0102136590213093 0.367201254386036
0.0339585947999795 0.137770867846449 -0.14290783897221 0.229848345976987
0.0551194852774909 0.0288941480680617 0.0906964544339509 0.0357225038043052
0.00153084931977861 0.00307434405347159 0.072863246415697 -0.207281965831043
0.00396648549218175 0.0362859478781962 -0.0707699282337479 -0.324555882615781
0.0548510856381775 0.0267236517174255 -0.242305390568395 -0.260835841448517
0.0664451602882075 -0.0226334719672992 -0.298921381106348 -0.115502885012104
0.0548408715127828 -0.0582680941849942 -0.248794439044553 0.0141070014415902
0.0549679944717543 -0.0907568018799576 -0.163149405803338 0.118679110461167
0.0572775115286728 -0.0920953598288306 -0.0575396824216691 0.174863146521062
0.0882465854489898 -0.0930261397176593 -0.00955169098136502 0.247622884501656
0.148216527746381 -0.0473909316828889 -0.0303489053354899 0.284729548477565
0.136566991696393 0.0314833675120352 -0.0928106315497387 0.286598890475422
0.114432845583275 0.0746862484185467 -0.16859054467543 0.269740361439693
0.126609568953388 0.116119633975773 -0.15966900555625 0.261707195238932
0.087416785574389 0.195993397595696 -0.0199964679185133 0.290157320491961
-0.0324871944171895 0.228749113440614 -0.117730799473673 0.157897084210406
0.0281876862866658 0.154613061429327 0.123927795569524 -0.0182409127589998
0.0270757400327531 0.112969452232965 0.0978990605418919 -0.24136143750368
0.0696127111995108 0.0955960692203617 -0.0550964912290512 -0.339642808499095
0.131414415049237 0.0487619116216143 -0.207617581797552 -0.263879692174244
0.139630451354773 -0.0297941978339487 -0.258526926643018 -0.138041634720066
0.114690008153398 -0.0831887538806968 -0.219633229299777 -0.0186234001634663
0.111408529375336 -0.125084022437304 -0.134755546106405 0.0787875305474376
0.110594125935784 -0.127062810776976 -0.0183850186810074 0.129155103108571
0.151537500441529 -0.136222219721943 0.0529534308369842 0.206458251220123
0.234718031861312 -0.0787192955690048 0.0527713649575836 0.27342579982242
0.238846548899764 0.0348916492881552 -0.0280571411923481 0.32016258527275
0.206251602715674 0.149919349431733 -0.156192888832111 0.289833218202736
0.157972084924941 0.235898097640984 -0.179580668194769 0.213270068444588
0.0780133144503036 0.30203629204068 -0.0313739474400704 0.178313471987544
-0.0902377643721586 0.289258411860969 -0.0727294552414667 0.0555568587681779
0.00151528387357052 0.264868076814336 0.166725516352787 -0.0887465253720622
0.0586994464541026 0.220350119904171 0.134769236712722 -0.278335323587389
0.144883357418828 0.147489969569944 -0.0257126462190221 -0.348151163273348
0.2022624545221 0.0588211700493773 -0.153804980329442 -0.262316973429808
0.198557867791756 -0.0407174947275416 -0.197565151433623 -0.160387081033615
0.157899211799085 -0.100437757020268 -0.169683858864618 -0.0560040715607321
0.150827003834869 -0.140379493492824 -0.0868372608632342 0.0297494452510441
0.148287330739044 -0.138660242104515 0.0314591130669823 0.0721964325698595
0.191310043330786 -0.151745705366305 0.116806278966065 0.150776505129812
0.281078601680379 -0.0912908225453413 0.135433558359726 0.243406947546844
0.296465199208652 0.0342614915365888 0.0393265457919807 0.335053903105648
0.261966093779427 0.196538753716184 -0.13779353292571 0.298725518075035
0.164171062810785 0.316584722460168 -0.202128356106712 0.159635786320965
0.0477943613723703 0.359345066253435 -0.0384008072780571 0.0501686522961204
-0.126558373501789 0.30540244215627 -0.0266908787840374 -0.0679222223869504
-0.0204868618227533 0.329684353245478 0.19155212014785 -0.171277645740236
0.0857190085909097 0.2948793092837 0.159431304837044 -0.302020185046218
0.201519106348796 0.176251692940014 0.0114650057129587 -0.331302159317827
0.245934741218411 0.055522094326254 -0.079040049794278 -0.253975012215595
0.227561049284735 -0.0493459076484706 -0.120578639118474 -0.185566167222312
0.177245332198021 -0.105866506916103 -0.10582308276974 -0.0977492634199655
0.167753131692881 -0.135307713646969 -0.026582672945735 -0.0212067967722345
0.166165380621763 -0.125936967477902 0.088012866999525 0.0162683003173876
0.207900439701703 -0.133167329511406 0.174357621150725 0.0970472444232267
0.288042031133719 -0.07125215899121 0.200922379359931 0.209402434013128
0.299524252689612 0.0513037283963105 0.0896937730358785 0.334060969316605
0.260475352096531 0.230185768047418 -0.124492545664186 0.287920520117678
0.127297592074797 0.353567300585057 -0.215687512296909 0.0987699122960937
-0.00250386235317087 0.362937329968565 -0.0283252856051403 -0.075394106647881
-0.139945589771178 0.269708977241177 0.00612202703283984 -0.191230641840193
-0.0375352635271722 0.330086733931666 0.185171135836105 -0.249045556989134
0.0947505721452706 0.307273446709794 0.16195687683043 -0.304786063413361
0.216459453586241 0.168540500396623 0.0522238920397201 -0.29181275533039
0.240649448109181 0.0435813611625437 0.00450268864016989 -0.242851064970728
0.2169506352374 -0.0493368271132073 -0.0402188118406864 -0.21207984578139
0.167760254411318 -0.0964991881090563 -0.0384109639235292 -0.140255196840793
0.159020835507083 -0.111062759710463 0.0372484050643294 -0.0662155936877142
0.16150892803779 -0.0939918572620083 0.145870267468524 -0.0271479060756889
0.199704910258682 -0.0911907795725665 0.224046013814175 0.063766019562416
0.256458075495888 -0.0247646407579983 0.244927046882348 0.190334716459489
0.2564178517879 0.0828554911863482 0.1142214079621 0.325990092035509
0.203318502742501 0.249155853331426 -0.111554521373118 0.260042241705167
0.052775558119221 0.344611757779116 -0.203225128648229 0.0362485256757884
-0.0645835927256557 0.315143667658526 0.00683170499831309 -0.179293340058635
-0.133132182665719 0.184842042741992 0.0164922024781706 -0.290601958955454
-0.0497384260579157 0.265722542997358 0.153942033609019 -0.298327687544006
0.0822416974015552 0.254064021323431 0.15302510295461 -0.290168626014773
0.178094317695692 0.12340058629352 0.0888680705294516 -0.247425858827015
0.180596377496111 0.0266081940294633 0.0762282599788026 -0.235826299743212
0.164825690065848 -0.0343162955686667 0.0233232747476872 -0.236298952666273
0.131213846729735 -0.0669092823994527 0.0194277391303425 -0.175194496027916
0.12655758267661 -0.0719063471653244 0.0943585369770099 -0.100047140005531
0.132708211567437 -0.0521951471846106 0.197358808208723 -0.050858092930419
0.161669971459624 -0.0420772855008678 0.262607438944123 0.0566517100934818
0.191597287317171 0.0184559737081492 0.267941943662043 0.192840725328911
0.182122679648398 0.102123234148306 0.118707185522491 0.315473120446193
0.121401102319908 0.237388710906755 -0.0935165874814213 0.225266946790597
-0.0280671832322471 0.288530988669617 -0.161498148441946 -0.0135737000285818
-0.116223741927672 0.222471973779001 0.063903242077714 -0.245716063266327
-0.11661517315626 0.066174182109783 0.00753592469253629 -0.341949801831762
-0.0621039024277645 0.153307563830456 0.117356886949951 -0.305946468054732
0.0461943310034621 0.153234105268339 0.146664883527606 -0.270076804569516
0.094204982064017 0.059087670082481 0.114813147916439 -0.223413880349065
0.0791388371017357 0.0168149615063283 0.110907203194703 -0.242847524503273
0.0849554120759492 -0.00138148141668125 0.0528364948256749 -0.250703817941933
0.0763131701884075 -0.0203234969933499 0.0569229905093307 -0.196138927465373
0.0754010020424791 -0.0229943324462987 0.135340942499844 -0.117298361924099
0.083436482603376 -0.0110710188177868 0.233789807595844 -0.0559653567208834
0.0980424593133902 -0.00437737908805027 0.286474301400263 0.0674128388160406
0.108063716086015 0.0357458873239851 0.270713305126578 0.205903126550593
0.106172506833845 0.0864729523800348 0.113881253212488 0.30585698069415
0.0510481245051327 0.189364759207022 -0.066477242729914 0.202193425025154
-0.0833716433129768 0.193472168967523 -0.101770265110782 -0.0320147524210169
-0.136886541174872 0.101454168722756 0.125796840928687 -0.265084309497519
0.0924438579749727 0.0257014362671013 -0.131602987759892 0.275398873013759
0.0648217932010135 -0.0942639318638117 0.0963959505844307 0.0655518777720747
-0.0226295466866504 -0.0889089521754955 0.0707532015775881 -0.198308749617044
-0.0499305471365278 -0.0157968734611231 -0.0889542422507554 -0.32225763591839
-0.0181209145279417 0.00206635916863176 -0.281980322923468 -0.245691352629709
-0.0107365159015694 -0.0149789679882472 -0.329422412345309 -0.0781929966852661
-0.011062269044472 -0.02864710067326 -0.258413947880014 0.0482534413666554
-0.0128549844455776 -0.0447451729895959 -0.169251973350096 0.151463223452776
-0.00855678872445483 -0.042999789607399 -0.0731399223178036 0.205653470078867
0.00373068697527321 -0.0402164652027132 -0.0446729052474168 0.268938115829342
0.0298401364502803 -0.0249059935333898 -0.0818707891366982 0.279630623201567
0.0104698844473091 -0.00238415776170224 -0.12707193948486 0.256432910347996
0.0206427726620508 -0.038102310668 -0.162934485565398 0.270576142098373
0.0920654252098796 -0.0380093411459887 -0.145467288382131 0.31773901566577
0.0912360917196488 0.0550466635515513 -0.0002202973641747 0.371779159811836
0.03852722856387 0.139880242542933 -0.135315681627338 0.238366269995665
0.0558445223321673 0.0281711675081077 0.0936804792781611 0.0302014327261183
0.00242872978274479 0.00460641390624544 0.0693050940677074 -0.213153904749287
0.00563427610166222 0.0379969970891911 -0.0811684438042054 -0.32735354423865
0.0584620040198091 0.0247328271613968 -0.25593513496246 -0.255908953498563
0.0673497382237597 -0.0266020293341472 -0.309854492726469 -0.105020742864727
0.0540809775628308 -0.0631712701988341 -0.252990321627785 0.022951859722601
0.0520541975140458 -0.0957583177068057 -0.163197319043213 0.127129760341959
0.0559248084962224 -0.0968423684422893 -0.0535903603428935 0.178772615219137
0.0879572009870215 -0.0991358468969965 0.000119371155437074 0.251604744115664
0.150535774892093 -0.0556210681547315 -0.0198050577843259 0.290385874992541
0.142147215502087 0.0273635483052924 -0.0870172830551362 0.294115869596641
0.120481803449256 0.0726157042192576 -0.163962844411455 0.283425785277533
0.131054095868447 0.114984411399641 -0.155262657511876 0.271908286621094
0.0926707724242072 0.198523145390886 -0.0129280599484704 0.29490444454212
-0.0262982107886201 0.236363428206351 -0.112760478980249 0.164283812133428
0.0336962900204012 0.156687804384456 0.125963248046222 -0.0247717987831637
0.0322794295985589 0.11632304335533 0.0947445656716281 -0.24872713899027
0.0749756928878286 0.0959285155207992 -0.0655064515924005 -0.34311079076326
0.13744894048297 0.0443277493535936 -0.219560299773705 -0.261525156487402
0.142019174882136 -0.0369643010658078 -0.269932546828442 -0.130197712366043
0.114910272669144 -0.0909136834667848 -0.224685512759247 -0.0117309963647254
0.108616837146211 -0.132777033412584 -0.135620938614214 0.08564155082442
0.109882227402308 -0.13438778881333 -0.0159800310304322 0.129983026000224
0.150772659564444 -0.145326736610531 0.0624846347416528 0.206280960670901
0.238247330807775 -0.0915553753440978 0.0650882645999838 0.275396062052859
0.24707439728463 0.0271503414035927 -0.0179673475887528 0.324644512816768
0.217548896009434 0.145863383516406 -0.150209036698508 0.303110830098863
0.168302558644504 0.23579388250156 -0.176395176857283 0.224401698434904
0.0855108285279665 0.306040286269866 -0.0283977054205008 0.181942292159046
-0.0833966587142386 0.300443022133834 -0.0705620371352672 0.0588015168850094
0.0105625889229987 0.269149182825069 0.16703371636546 -0.0978105259791418
0.0685695017592221 0.225205490069683 0.131184216473923 -0.286729775912948
0.15299368533843 0.146480084456577 -0.0362781931238704 -0.351436631770802
0.209715648313962 0.0518746500845816 -0.163670146980923 -0.261881155846531
0.201465916368756 -0.0498451545176767 -0.208067194920518 -0.156427113613114
0.159501175863336 -0.110096264174853 -0.174686342513212 -0.0512645063737758
0.148862706652436 -0.150344850152726 -0.0881804944421435 0.0333221161044754
0.148229125262595 -0.148324995746599 0.0332531756366001 0.069103984833629
0.1909340826869 -0.16262407480469 0.124534369646961 0.146107128107205
0.285029929382868 -0.10636902054205 0.147987627958456 0.240485918716233
0.30529042424407 0.024241831775391 0.0517314055653982 0.336813715154493
0.276394167370876 0.191237690761502 -0.131844007114769 0.310762871735876
0.178697505061781 0.317756846862623 -0.201641815547134 0.170263101621903
0.0569659174386638 0.366258012636673 -0.0392212675831619 0.0529237164496501
-0.119932111837605 0.318780692957678 -0.0275649579685571 -0.0688390301019596
-0.00897923822306528 0.336521475249237 0.189230098292409 -0.182489863601088
0.099053611684627 0.29928023225615 0.155711353763252 -0.312862248056358
0.211984093453165 0.172806648021543 0.0034866875473959 -0.336482964668851
0.253540394614997 0.0475278161852246 -0.0862686502141933 -0.255392424656094
0.23134146348919 -0.0607443818624778 -0.130199338915537 -0.18528819422486
0.178999500305215 -0.116844489880213 -0.110186685573276 -0.095765038221525
0.165964189587604 -0.145625872740225 -0.0284519350872655 -0.0217326826392552
0.167767675353945 -0.135265877636117 0.0885745479107258 0.00975124374174496
0.209101934315995 -0.144757921342061 0.181226859498985 0.0898237192436776
0.29232965824502 -0.0855889979972777 0.214389603740061 0.204532318675262
0.308362478928597 0.0422223870448285 0.103844864403168 0.333435947662097
0.275215065100395 0.225617675233155 -0.117697355970738 0.29865805868397
0.143056858736149 0.356323965848511 -0.217948598295254 0.108621038518282
0.00481330770690691 0.371399874024653 -0.0327989079881824 -0.0749237223416436
-0.133430518945445 0.282135318985432 0.0021761392414922 -0.19598533275945
-0.0258837985241577 0.337289161687997 0.18037328957568 -0.260252693508672
0.108710911299248 0.310626608157719 0.15796929159413 -0.316197333172233
0.226109981725016 0.163474669326181 0.0472161941091289 -0.297392993094315
0.247280601388933 0.0339120890824869 -7.18317827852326E-05 -0.247660838179315
0.219594086522117 -0.0597352144291467 -0.048977410901007 -0.21518872510115
0.169397867489361 -0.105841454561386 -0.0426691231575888 -0.140709247364736
0.157730027493209 -0.119729130820535 0.0361023193606896 -0.0705465445208335
0.163729624676522 -0.102084898644888 0.146614778498727 -0.0369817942734991
0.201110745588463 -0.100288801440301 0.231047601158549 0.0544529606095486
0.261000493993402 -0.0361089736737159 0.258340958585041 0.183706784587064
0.263705142052851 0.076259812385294 0.128390520517634 0.32462322869061
0.216923665888288 0.245807553904693 -0.105984648897626 0.269020666805803
0.0666295643351467 0.34933633060839 -0.208099551258561 0.044724477774744
-0.058437355418131 0.324430520377176 0.000219396192243575 -0.181979723931019
-0.128984641728521 0.195946596219424 0.00956703588127394 -0.29744621225303
-0.0402853212090283 0.271565849373464 0.147353167533417 -0.309306594894827
0.0939684421378766 0.254983742892273 0.149120607257682 -0.300763815569908
0.185678121933665 0.118660044720768 0.086049083777108 -0.252985788768713
0.184167419020236 0.0205106616942586 0.0725552426898992 -0.243908842081708
0.16682040109366 -0.0423978388111128 0.0145378310158476 -0.242189407572337
0.133140536294644 -0.0744425801985183 0.0150662843027704 -0.178481887815662
0.125612356670304 -0.0777253728493043 0.0936553465602265 -0.107395474384247
0.135244539928827 -0.0585413079082333 0.198444059728035 -0.0629039184305512
0.163575703144133 -0.0490725608191114 0.27076757664397 0.0454012162784549
0.195921049826789 0.0116552612990354 0.281966765539707 0.184443607324882
0.188276543723016 0.0980291156292128 0.132920405531419 0.31430106641993
0.131707564939785 0.236348897144049 -0.0886354588864261 0.232469076205082
-0.018300923302636 0.294928025352351 -0.166369983557212 -0.00666294833804088
-0.112902058950652 0.231198144566217 0.0559866495129063 -0.250550132483293
-0.116287162382042 0.0735947041329904 0.000653483875014087 -0.34974101238194
-0.0570954654833946 0.158188733934402 0.110098650965352 -0.315832178172772
0.0532633603982045 0.152379125579906 0.142187388173571 -0.280243209373993
0.0965289375528137 0.0557281722554061 0.113617658690629 -0.230557228513778
0.0800762015109877 0.0139879942897714 0.106535671199134 -0.2519114875474
0.0864558688003255 -0.00534343576606853 0.0447495046394853 -0.257273523568295
0.0781636782957164 -0.0243763244234283 0.0523636199278232 -0.201098754711118
0.0747625564663708 -0.0255532562493939 0.13480161094699 -0.126489722224586
0.0846424996021471 -0.0142977571794461 0.236300094895721 -0.0687700168850097
0.0994310806976683 -0.00801717103184717 0.295783303107757 0.0577094846575398
0.111091985801157 0.0326726215509382 0.284980412086278 0.19874856784039
0.110230385689039 0.0842889963920301 0.127477471103105 0.306343414688473
0.0590035278558976 0.188963850008498 -0.061820096173316 0.20774731488395
-0.0781370268640734 0.200449885600222 -0.106169539399079 -0.0278224047516327
-0.136375754452327 0.108604724314239 0.118671248461556 -0.272850342877989
0.094954633081803 0.0220401348146137 -0.120091306020759 0.289738137868276
0.0609109838674647 -0.0993396737057725 0.101722205655362 0.0605991705748044
-0.027108912149136 -0.089660297414306 0.0644690324193059 -0.207371467176773
-0.051291306589728 -0.0136373741081741 -0.105210470380822 -0.327809380596642
-0.017076279600594 0.00275404848156855 -0.302587031846287 -0.23841111911007
-0.0113889973378061 -0.0157412242920909 -0.343341693317873 -0.0610042786466054
-0.0135942085987634 -0.0300556898129252 -0.265826298669307 0.0624949180118677
-0.0159152117784067 -0.0463003477307129 -0.166778556992993 0.166004906525024
-0.01123774773788 -0.0447369451820366 -0.0661181205963932 0.215434975752946
0.00302477568687506 -0.0418545482325851 -0.031571711256569 0.279357330488377
0.0303307066597252 -0.0278555018674303 -0.070675345108317 0.292608834023043
0.0126990550179931 -0.00235723441248857 -0.121086448952976 0.270272395187588
0.0201020893724241 -0.0393792583190552 -0.155486583160356 0.290150431107168
0.0902735482303545 -0.0428547414115095 -0.13399958590318 0.334587891726338
0.0947371187490946 0.0543712053151609 0.0135719524752883 0.381707253667345
0.045251394661782 0.142730050322749 -0.126790269391298 0.251138333872404
0.0578372790815172 0.0265153743585447 0.0970053084858184 0.025141582162965
0.00404116010886486 0.0063169745615478 0.062599561399835 -0.222813912014201
0.008814362282813 0.0392692873419733 -0.0976753217500028 -0.333310283616522
0.0626636089403725 0.0217980608746128 -0.276177433405744 -0.250126814207827
0.0683798858481432 -0.0319731111006695 -0.324674972867269 -0.0912701400202569
0.0529239524800706 -0.0699186698839457 -0.261152020080155 0.0359324433075366
0.0486038323308007 -0.102362983864612 -0.162578351943858 0.140136398553106
0.0533825218376261 -0.103954319239483 -0.0477879262137875 0.186438583808569
0.0875876557315158 -0.107497778966741 0.0136043378926796 0.257430813680654
0.153041547648607 -0.0673097251498615 -0.00611217973351899 0.299345215267139
0.150832489358726 0.0214200106567129 -0.0765715608163493 0.306064176261934
0.129839892602538 0.0696206737176992 -0.1565563799053 0.302351966584506
0.139346010378408 0.112817596942127 -0.146867384415515 0.288630312093425
0.102424734856179 0.201861328892474 -0.001908909051805 0.303174873360949
-0.0163950940349424 0.246503849574879 -0.10666330277433 0.174634334789461
0.041554275629993 0.159647101686736 0.127738469713826 -0.0332136958067732
0.0401419317708625 0.120118084383335 0.088458532422079 -0.260486252660339
0.0824554895964474 0.096496244853693 -0.0819860362127947 -0.348968640111368
0.144353633902254 0.037532865679121 -0.237862816716388 -0.257878705812861
0.144663658713261 -0.047179506773799 -0.28424386222624 -0.119603754329238
0.114503500295105 -0.102170941836187 -0.232920132662821 -0.00108612914807812
0.104682651394017 -0.143446470610009 -0.135998321909077 0.0945954496575619
0.108045908867353 -0.146211808326394 -0.0120051170575017 0.133136848465655
0.149829524805662 -0.158939014321796 0.0747816666076319 0.20695849020392
0.241540958364631 -0.109874908955952 0.0813298526889085 0.279463831912596
0.259036721500908 0.0154319438938348 -0.0036088178523553 0.333375325345965
0.233701599677683 0.13967433165491 -0.140367045050923 0.321938205542385
0.184710024847784 0.235348093298338 -0.171798536490469 0.2401708959137
0.0991354423093816 0.31412939757769 -0.022624584605868 0.188745549152207
-0.0707182229192011 0.316197253897679 -0.068853851583093 0.0632433823098579
0.0244835321162025 0.276925325608754 0.166707454039587 -0.109544303563323
0.0835297250301018 0.231004934929796 0.125473400899167 -0.301306619577041
0.165448323793243 0.144334701077908 -0.0518721243153301 -0.359010412055173
0.219839844845375 0.0412776852667301 -0.17925096453329 -0.261380165071129
0.205419603702682 -0.0642220785580655 -0.222518595780496 -0.150380961379558
0.159739220093288 -0.124244629935155 -0.18265834021909 -0.0440217731053672
0.145321712064243 -0.16366768390716 -0.0898879200100698 0.0382249669140326
0.147612200985759 -0.161948467951378 0.0356083646191577 0.0675995931126479
0.190020500988624 -0.179502206541795 0.135508457963757 0.14141939023023
0.288698588148525 -0.127090665210589 0.166058855959992 0.23821661846066
0.316689722389464 0.00880893974868432 0.0695148246002749 0.341329324690889
0.296700651816057 0.182762191433337 -0.121859825205562 0.328732261027779
0.199495335157448 0.318871449655277 -0.200788274647714 0.186441302498626
0.073065015904966 0.37722051434218 -0.0399507099286051 0.056378202823373
-0.107981610281046 0.337150547965066 -0.0297494823052123 -0.0706339614454965
0.00820202785981657 0.347097146029622 0.18585288793815 -0.197743766346454
0.118793907423401 0.30425437967134 0.149236184569653 -0.329244077860632
0.227991605073903 0.16840864321261 -0.00960255921982842 -0.345232051831145
0.264531306892046 0.0341726337060691 -0.0990467585796319 -0.259763424805674
0.235393497903159 -0.0764774811877984 -0.143871700811231 -0.183297079954712
0.179454947329955 -0.131692192946682 -0.118269336513432 -0.0932546507517784
0.163696783190352 -0.160003896416207 -0.0304342115590396 -0.0211702086954437
0.16831694865123 -0.150076767772448 0.0902821096109027 0.00230028767879896
0.209472948798211 -0.161349686430129 0.19110107337363 0.0806405778008439
0.297831366118778 -0.105620569895637 0.232923806519274 0.196701043895806
0.321536861196841 0.0284017689825439 0.123511861434347 0.334932662385899
0.296417185197856 0.216973638882496 -0.107675548978294 0.314602695416018
0.165249100672347 0.359595939909024 -0.220788611484318 0.124368255300353
0.0198716399265408 0.385107204440233 -0.0392578557494275 -0.07472499271565
-0.123359943543825 0.300117143015395 -0.00520625645716773 -0.203203346510886
-0.00887812815794832 0.348523921535996 0.172953750499033 -0.27770855187267
0.12946372995032 0.314765713537696 0.151521016011757 -0.334203277009639
0.242203452044777 0.157318630016635 0.0377806148735639 -0.306609080976272
0.256095484285908 0.0222670271996398 -0.00840446997607592 -0.255939164496216
0.223365324023623 -0.0752276386047791 -0.0618211385982307 -0.218900178535371
0.170837640002914 -0.120162546644371 -0.0494812640204339 -0.142633572366628
0.156499465181831 -0.131908110394943 0.0338969815941166 -0.0761816517965606
0.165719669349643 -0.114725035123902 0.147762651003968 -0.0486915791032625
0.202501361242526 -0.115148731382946 0.241535656424445 0.0417458457644813
0.268102869441609 -0.0525402171345494 0.277406257403051 0.172975980453432
0.275889182092105 0.0662217373632382 0.149278875479234 0.324209441175783
0.23582321125404 0.241085192263815 -0.097313435490303 0.283223428133516
0.0870040378009792 0.356591580406746 -0.213094823591116 0.0577244078230517
-0.0472794937729474 0.339482799293 -0.00942238940768173 -0.185910394459654
-0.122807045491166 0.210686314631355 -0.00147518634906222 -0.307888644129823
-0.0267244328985066 0.281547137429426 0.136873864282492 -0.325476245742533
0.111467029038825 0.25773691416737 0.141421809846861 -0.317804704847494
0.196551713310005 0.113020792461619 0.0800542592515643 -0.26367364282441
0.190311774303848 0.0113166794720986 0.0662519945735493 -0.256254379966108
0.169483781616532 -0.0537297923622399 0.00314846540397956 -0.249878085241279
0.133808821768762 -0.0857688662479479 0.00871527193013524 -0.184884593496947
0.125411826276856 -0.0870718178101544 0.0915189866508082 -0.117759502646879
0.137799398150425 -0.0678717499952055 0.199980515862269 -0.0788338359046544
0.165793408265129 -0.0592231539858309 0.281508314856692 0.0314049353501307
0.202185314855033 0.00133254343719798 0.301353109468761 0.173544632301678
0.198608299995367 0.0920670661246307 0.153591626944512 0.31457983945283
0.147009670167718 0.235404012064612 -0.081092130545544 0.24441947570639
-0.00438440693178304 0.305372586391135 -0.172494046114544 0.00302107736111259
-0.10679177148143 0.245761896079457 0.0448849583529229 -0.259679412510345
-0.115350082685963 0.0838707836089911 -0.0132033040310364 -0.362221099158814
-0.0503128021103862 0.16439108422422 0.0982325607507067 -0.330720128983313
0.0626782278043071 0.152306500278454 0.134752044998627 -0.296037485022504
0.10111127130912 0.0515133164272239 0.109394554297824 -0.242236622433298
0.0821802104724178 0.0107566987724829 0.0996470924641364 -0.267099863930116
0.0891169920333189 -0.0112782952399855 0.0333392727939679 -0.267312105842277
0.0797006109242003 -0.0306558804517788 0.0451603549115257 -0.210330063384207
0.0751521104838965 -0.0297899711862133 0.133364765286486 -0.139508243170597
0.0868732571426815 -0.0186361560924074 0.239259066004312 -0.0860339902727526
0.100770095176153 -0.0134843749305858 0.308621419380277 0.042947261772435
0.114858207605212 0.0288279084257881 0.305282157272485 0.187657399726588
0.116232546292925 0.0818434865948873 0.146743266266601 0.306536087787958
0.0692185652538081 0.189269018548116 -0.0541828658322388 0.216778285984605
-0.0697673027221694 0.209611347439553 -0.111922567889602 -0.0212337136485662
-0.135620644253915 0.120090510805981 0.107614268590984 -0.284767470683675
0.0972717546175301 0.015911356223695 -0.101420078654846 0.302300638482953
0.0531169556971362 -0.104597847839719 0.106358083825368 0.053542216388841
-0.0329405028277395 -0.0883725799340045 0.0516429598430239 -0.215609368919952
-0.0522923987248556 -0.00908070757488122 -0.129357282617969 -0.327570254982722
-0.0162390020373548 0.00338563407948262 -0.326207771741595 -0.218681475701317
-0.012513876112216 -0.0159266738028917 -0.353681244757313 -0.0346805395256105
-0.0177791593902049 -0.0309830591958283 -0.268286466433822 0.0828784187061857
-0.02039213429933 -0.0463588868024566 -0.159297456383758 0.182540535394704
-0.0145165914672308 -0.0461497197203698 -0.0523994587655243 0.22443185638414
0.00152653485475851 -0.0442703862616764 -0.0104304595038699 0.286210099744311
0.029290381682724 -0.0316911043908299 -0.0510802605250425 0.303489101163355
0.0143520844198292 -0.00314738445672841 -0.106980401110879 0.284801633259043
0.0182611974842042 -0.040636403397518 -0.138217831546628 0.309523237724812
0.0859431570377688 -0.0482926106473035 -0.11389292155835 0.350448558760634
0.0990797939840204 0.051194026315723 0.0372697857078723 0.387564746839952
0.0550836643832066 0.143080230639943 -0.11104102187793 0.26509749925182
0.0601308178607667 0.023358339056023 0.0997652489199454 0.0175766978994118
0.00559099931558828 0.00699902740789441 0.0504438248387272 -0.23076727583883
0.012609254830534 0.0406146897064247 -0.121071803043021 -0.332920964432225
0.0664208742015634 0.0166741067776487 -0.29943865038892 -0.234273007861833
0.0676461953515169 -0.038878812545881 -0.337599305556331 -0.0676282926562037
0.0472312900897983 -0.0772467145748032 -0.264838106191499 0.0550038112665222
0.0415041613180609 -0.108888420380134 -0.15671543645198 0.155623522794355
0.0472910359462067 -0.111166103067879 -0.0365914195643937 0.192845364143433
0.0822363830939526 -0.11801913155791 0.0335545552342162 0.25960641044998
0.151921433759394 -0.0817035858959064 0.0153275240112303 0.304946573304752
0.15754157193443 0.0102943438751696 -0.0592886173551547 0.316963982372528
0.138022861820182 0.0616423565517819 -0.138064824825389 0.322807914958727
0.148477717351826 0.106763333076099 -0.13013542046289 0.305093054947188
0.116163412392663 0.200923203168745 0.0154739664443131 0.308053086924079
0.000438787469180031 0.253873385991674 -0.0960771011547277 0.184831625532464
0.0534541807549567 0.159793974629637 0.126195658416337 -0.0438158196227867
0.0509247570819684 0.12033546818647 0.074869903702539 -0.271472479955551
0.0924485294298784 0.0936645427527579 -0.106033382433593 -0.349708104256374
0.150930289049199 0.0261037630218622 -0.260202773771454 -0.246128112133236
0.144335382113856 -0.0605199906992864 -0.298717886233095 -0.100132885107239
0.108848860986282 -0.114732887917946 -0.238266250781277 0.0163998332074252
0.0960775807933415 -0.155613185543413 -0.132903682206443 0.107733232091002
0.100771294873744 -0.158946503613248 -0.00468500790986203 0.135491831018617
0.141924658528205 -0.174961568915646 0.0912612400367787 0.202984521185095
0.238983022748664 -0.132023790720852 0.104481675359945 0.277188897295371
0.267805963837132 -0.00437246005891222 0.0184199853160516 0.338895907869381
0.249838200122862 0.12526023245964 -0.121268249123169 0.340733498224394
0.205259927396543 0.227725858660051 -0.159693279704951 0.258083363196548
0.120011280745902 0.315644290082595 -0.0127805514646462 0.193743130063177
-0.0498597125198262 0.329165979879637 -0.0652772187380032 0.0685944024163387
0.0446091526961323 0.280158521330867 0.160406128055354 -0.124551187959231
0.103490413635483 0.22986766830666 0.10875609692277 -0.316602625310638
0.180357900408775 0.136399392344301 -0.0750407722143759 -0.361230689430766
0.227797309471956 0.0242986659720103 -0.200114252225164 -0.25397502856648
0.204612633609413 -0.0829195995716554 -0.238387368345616 -0.1363982314761
0.153794523585521 -0.141107646686255 -0.190316768505622 -0.0312354093253784
0.136002403314187 -0.17845457605628 -0.08942437717555 0.0461822064647384
0.140199487500245 -0.178442856337975 0.0388895096713503 0.0644904963302043
0.181464067994727 -0.198653012797895 0.148569712841818 0.131598705084696
0.285745775666273 -0.153784181628766 0.188039507294782 0.229172352409445
0.327008248720096 -0.0139675211600381 0.0938546704307045 0.340323911149536
0.317902833215576 0.163740197648772 -0.100865990769416 0.345893896069023
0.227066442738183 0.311127153765941 -0.193473368520037 0.205175151320787
0.0979666248700653 0.382408154774718 -0.038849887368333 0.0614840704473623
-0.0856167809752548 0.354231875054845 -0.0351826738576999 -0.0703605168873718
0.033756796682155 0.352424157680872 0.173927820300137 -0.215110494446822
0.145710013879304 0.301767576880713 0.131845841440645 -0.346947874151746
0.245317658733906 0.156053605030242 -0.0308722189529087 -0.349760905301291
0.272268055783608 0.0143654312112848 -0.116577572420961 -0.259106979172441
0.234347216926684 -0.0972960933072689 -0.160574486727449 -0.176885068646083
0.174121608721866 -0.150820406590686 -0.126701070267991 -0.0866858426980766
0.154973864838232 -0.175380602962118 -0.0332074658850178 -0.0203531747398002
0.162869164285837 -0.167346044114996 0.0894801711217143 -0.00676401433173342
0.202357282317009 -0.181527676029094 0.200479637870328 0.0650522109620099
0.295862759015065 -0.131315084933066 0.253796587171954 0.180622482373609
0.331547483897247 0.00508748318672765 0.149655122361469 0.328946627615837
0.319100652256305 0.198593829653096 -0.0887693806355401 0.329752153781773
0.195289297269867 0.355010091853757 -0.217730541950294 0.143797797924692
0.0448074992840573 0.393977031791164 -0.046433670733578 -0.0728109451589209
-0.103733060833456 0.317638400458676 -0.0186011809427489 -0.207532827260123
0.0173179503544369 0.354729118660234 0.155809132288074 -0.295455070771028
0.156867834378423 0.310911758185211 0.13336587300124 -0.352131870644596
0.259010234240766 0.142247766497297 0.0203337609003167 -0.31402543055577
0.262915798412475 0.00242112963227875 -0.0245380247026012 -0.262118674990729
0.222333801886465 -0.0955669481299016 -0.0792735390433599 -0.2188312648746
0.16546115792336 -0.138212249533463 -0.0603961463556603 -0.142447143491954
0.149830753075426 -0.146273009082522 0.0289642384790321 -0.0817973586271698
0.162584849557767 -0.131089070051552 0.144188140810977 -0.0635556950628543
0.198480203131842 -0.132821659565246 0.248536789800336 0.0218136121527439
0.269322247078089 -0.0745939641448243 0.296719644983188 0.153375993716097
0.287183252513234 0.0472980400228396 0.175991368477685 0.316941367927687
0.258727704775893 0.22658491509972 -0.0802601410766152 0.296134434392321
0.114839985393471 0.357719487065596 -0.214932575168965 0.0764358676294601
-0.026160018009973 0.351048907428487 -0.0240174436237514 -0.187569378077438
-0.109307122614634 0.225487083962123 -0.0206388167171563 -0.314700909440661
-0.00582412754702707 0.28772414961224 0.116854487333911 -0.341188715966704
0.1325952371547 0.252884542360818 0.123636446580605 -0.334037463679236
0.208046615703587 0.09928525867082 0.0669233907531774 -0.273461079464248
0.193924879239328 -0.00325431406265571 0.0518344354508723 -0.268603312758945
0.16874172399509 -0.0687956898020715 -0.0153037422404512 -0.25465628819199
0.130833863854528 -0.0990675223650241 -0.00418342061694538 -0.189486995513796
0.121434930942039 -0.097147192551238 0.0850148599992411 -0.129345416262333
0.136913471628261 -0.0792822450343016 0.196940445555535 -0.0981937354830124
0.16470020834622 -0.0726758520068148 0.289702933061307 0.00895554560761241
0.206159947854987 -0.0140481311236163 0.321428733338568 0.152355955849
0.209175252239336 0.0799917035148633 0.179075910714653 0.307124912248466
0.166152333668354 0.226829292647477 -0.0661172850321188 0.255633265041262
0.0181103493679107 0.310666583892526 -0.176960605177126 0.0177922201406683
-0.0928575054962959 0.260078205221952 0.0263548250433453 -0.266188546687394
-0.110313606417379 0.0952758397814303 -0.035583346800215 -0.370212998471427
-0.0383141164582297 0.169952241102516 0.0785708724234728 -0.34397470840572
0.0749406809695763 0.148484043480299 0.117734979785952 -0.311747390891068
0.104961051362767 0.0448866316987817 0.0986196735493646 -0.254884136629103
0.08330986448932 0.00508702041475916 0.084348292264399 -0.281359884706169
0.0892962349497508 -0.0183361722159699 0.0146628999031989 -0.273624283925717
0.0790361940904301 -0.0381761457840187 0.0316157829417027 -0.21739337635013
0.0738870605858414 -0.0343737256556789 0.126381023133786 -0.154541945971631
0.0882424427667166 -0.0258576160098227 0.236709442584493 -0.108131847577029
0.100687698112351 -0.0203164911214674 0.318463892567354 0.0197449230835689
0.119697425984201 0.0210857841281437 0.32676837947384 0.167406105725101
0.123211674259862 0.0749327709217087 0.171361533358376 0.300623423090967
0.0833576187311525 0.18594303874967 -0.0410891367716987 0.224569131950006
-0.0561494582021069 0.219498839058634 -0.116389071038105 -0.0116084677704008
-0.129864195156679 0.133283242041718 0.0881218742872379 -0.296640939696973
0.0968381030047554 0.00902372679266734 -0.0778416294968549 0.306535584806691
0.0432097067222715 -0.106669849487433 0.108781129804263 0.0456517956499517
-0.0385470711068867 -0.0847554963241654 0.0364240123639241 -0.217539312755045
-0.0511461759061538 -0.00472715601615324 -0.150644992953206 -0.315139536959971
-0.0152483752612313 0.00365474526345712 -0.339348078916 -0.190689835706433
-0.0135029753812512 -0.0153221313283944 -0.35145119183039 -0.00550844128301995
-0.0207896079913971 -0.0300879073138504 -0.260850958548742 0.103147684543873
-0.0244131258959868 -0.0445468675217656 -0.143813629693009 0.193660401993213
-0.018026711396881 -0.0449836126367645 -0.036720548722216 0.225789363283295
-0.00119512329679769 -0.0449268213238444 0.011657797211124 0.282724348716699
0.0275855270592889 -0.0348102995108641 -0.0278954359867474 0.305501879355091
0.0154542248110071 -0.00410113528913845 -0.0878787755020312 0.291693930653714
0.015565147015331 -0.0412045390234784 -0.113517951584211 0.318222990288431
0.0797519524611687 -0.0520847435361321 -0.0876809821900046 0.356000040248776
0.10145265645688 0.0453119097225758 0.0608576888541363 0.380583535244623
0.0648021329212202 0.138298825026425 -0.0909694336770227 0.27031865868069
0.059468445380736 0.0189234197086085 0.0987885804621985 0.0103381585691843
0.00678540412915696 0.00670166314772127 0.0352826227875547 -0.232469349047691
0.0167692783768763 0.0402606240929039 -0.143203336992582 -0.320989472386498
0.0676701905186513 0.0105497893215219 -0.313274515019493 -0.208826747172406
0.063682813602374 -0.0447667068449539 -0.338159868775084 -0.0413480908021886
0.0404232570572155 -0.0811991816294937 -0.259928159857471 0.0756246378619411
0.0322167855213403 -0.111971909099224 -0.143498228744567 0.166722664921647
0.038860759550809 -0.115994053437514 -0.0235785777309415 0.193672093912503
0.0737078164279014 -0.124481440205644 0.0528325482447801 0.252965057520296
0.144587585538846 -0.095121431997006 0.0385211453873552 0.30057451106302
0.158743998680079 -0.00253956419702173 -0.0369607644955696 0.318903049561399
0.14305960183703 0.0509765448466519 -0.112625014944631 0.33266217185519
0.153718128997961 0.0960774537935214 -0.107422052560899 0.3116243620097
0.128144383204384 0.1929767744166 0.0345176059026051 0.303868740871762
0.0189264870788557 0.252636159649819 -0.0822498956272254 0.19082828411269
0.0637447529070584 0.153639870041961 0.120059638311307 -0.0517058138862364
0.0610481530921288 0.115539660994538 0.0571446292051742 -0.274459533939224
0.0995434805034745 0.0869822915375483 -0.127672253938174 -0.338806092567253
0.152185674303159 0.0134990585127547 -0.274910822364271 -0.223273078579625
0.137821410462606 -0.0727160155558146 -0.303611158118899 -0.0767250398845427
0.0982802334086013 -0.124040395923653 -0.2361505468219 0.0349801798230679
0.0827223383731704 -0.162559449151204 -0.123857503294342 0.117538250995458
0.0884559710307864 -0.167303197020056 0.00332368690446909 0.133903401723294
0.128148507009839 -0.185472443420965 0.105351540857713 0.191970828830325
0.226518712210892 -0.151903175777461 0.124487900858262 0.265133355810975
0.266765048834374 -0.0255803886399739 0.0409217944819045 0.333069852165387
0.258521136276403 0.104912701492268 -0.0946594436365552 0.348582664324809
0.219713600453158 0.211271192117058 -0.140713975711656 0.267813636144146
0.140504897505478 0.306199898828581 -0.00138961017596329 0.193746077446568
-0.0253495479768631 0.331769510455942 -0.0599723464389242 0.0737644375193188
0.0639181887492731 0.273195210862784 0.148614556488587 -0.134505746517698
0.122058103775008 0.2202390362915 0.0875571142112046 -0.321786343108829
0.190007089239335 0.122272733310779 -0.098270003246341 -0.351947392651558
0.227882602427183 0.00578292709148531 -0.215685883095162 -0.237785760116423
0.196227438382292 -0.0998050779007603 -0.246466671128148 -0.117099369173227
0.141492984123179 -0.154318161298229 -0.191778047298595 -0.0162045691046499
0.120994095312475 -0.189026558666543 -0.0858696840161941 0.0527371434019277
0.12685464049759 -0.190524681654401 0.0405699973186144 0.0593193718610692
0.166146016866224 -0.212668691950344 0.155613790435623 0.11652975438853
0.271343184118476 -0.178044239335193 0.203619416305827 0.210620310329988
0.325235000388682 -0.0401185985239383 0.117437770006981 0.328775268377931
0.328146756389433 0.137230501358733 -0.0747582456025929 0.351230846438312
0.248584896278219 0.291946229441598 -0.177833561157944 0.218508480540438
0.123074531772304 0.374051603881477 -0.0365152608938844 0.0644801969848773
-0.0583877956726221 0.358735103994878 -0.0392983079115744 -0.0668125508229981
0.0590334780331701 0.344819490316695 0.154647941617989 -0.225462695747563
0.168472510169481 0.287743878742134 0.108192301666961 -0.353454663996845
0.256495571175678 0.136167858217651 -0.0532416305592952 -0.34293127544593
0.271078570999116 -0.00708314701811061 -0.132186074289763 -0.249937464479579
0.223605118487944 -0.116916738873144 -0.172675072709504 -0.162800340144679
0.160773011857142 -0.165569764365941 -0.132452917211489 -0.0762453615927223
0.140265758316672 -0.186535844102988 -0.0343393107158136 -0.0178420592207077
0.149837807343511 -0.180823456353593 0.0857481424740914 -0.0148117082820455
0.187710175217844 -0.19650294808582 0.203095661570612 0.046098438904933
0.283018992980889 -0.156230868089426 0.26477507256595 0.156605866631036
0.330322923925674 -0.0206954639503438 0.171912788991671 0.312901967322618
0.331413559920314 0.170994181763644 -0.0638708267317531 0.334650946205624
0.220082266607146 0.337871763895019 -0.206339696331499 0.159695336231794
0.0709219901119533 0.38992881830064 -0.0530725952396675 -0.0670501360084459
-0.0787076513640072 0.324327009047013 -0.0327640986660639 -0.204729016748404
0.0429470698801056 0.349604368975375 0.131769519695448 -0.303598141519043
0.179644858256813 0.29534356944486 0.109001154006508 -0.358018911957827
0.267403798746088 0.122200179606839 0.00179818367383518 -0.311542684636447
0.260157492470705 -0.0186554426442368 -0.040992783857458 -0.260717647687654
0.211974755597074 -0.112994646570308 -0.0952275293206141 -0.211059183125624
0.152872928209323 -0.151936381462873 -0.069747202971528 -0.136785828490276
0.137377571293904 -0.156645788165668 0.0224426072101585 -0.0842024252766815
0.152310313532181 -0.144319000084755 0.135977772136396 -0.0764480090638812
0.187076985030402 -0.147779539051286 0.248294982215568 0.000367782085446355
0.260916580054047 -0.0962143171601781 0.30641193801839 0.125317216022683
0.288905087524746 0.0247471273718566 0.196480737096566 0.29797104913762
0.272412298246891 0.20393804463681 -0.0584375314500059 0.300527848423076
0.139846820204212 0.345255631172424 -0.2073892705995 0.0931889275489327
-0.00215981881840276 0.352625351039584 -0.0386095052562507 -0.182923385285084
-0.0906351796728093 0.23321416341073 -0.0421032231068226 -0.311749905074333
0.0155357031111604 0.284063224536288 0.0910408467159053 -0.346240477958058
0.151165626871166 0.239379485018821 0.100952382767362 -0.340220279403254
0.21327252380298 0.0825207760362508 0.0517314006464707 -0.275850714900743
0.191621194886672 -0.0184253426235381 0.0338464891004164 -0.273074740121193
0.161145377255616 -0.0823850687024965 -0.0341966924084854 -0.251980978415749
0.121294099520898 -0.110327792413559 -0.0175077818415318 -0.18872314752258
0.112908638819363 -0.104847879170446 0.0744897639561938 -0.136003233755067
0.130221297623995 -0.0908358001269401 0.185623080018656 -0.114764177916522
0.157846498173747 -0.084951113339332 0.287864277815211 -0.0156113686107032
0.2033502607521 -0.0296041274171967 0.330961473637028 0.124349339401263
0.212918148274324 0.0638680878426734 0.19961432649474 0.288817209637303
0.180722487282806 0.210398032189604 -0.0486554693323553 0.258931150255817
0.0423614596508332 0.306647793269496 -0.174435553278539 0.0324948745382993
-0.0728393654312008 0.266017742341691 0.0053415903128615 -0.264390855124984
-0.100523275669898 0.103548027909112 -0.0591337015296292 -0.36513661611022
-0.0249296082206376 0.170340285492997 0.0548148789676359 -0.346126581678556
0.0847907466968009 0.139748981935714 0.0948960895516128 -0.317574464610541
0.106124757109436 0.0358613434983219 0.0831976927224067 -0.259852483202391
0.0821313278572641 -0.000695107126146468 0.0641640674820838 -0.28781169309643
0.0865968060964229 -0.0257074807875181 -0.00579673214616987 -0.272421274715023
0.0744456134802065 -0.045115244900314 0.0163837244495853 -0.219150695383312
0.0709218654649245 -0.0384579167649287 0.113383733140888 -0.165023800590286
0.0856308821164789 -0.0324661414101928 0.224039196166007 -0.127794369347375
0.0976483161564723 -0.0272213100095835 0.317573078931741 -0.00653316983508228
0.119544614089783 0.0124607968595721 0.336266248005604 0.140192676435089
0.126926700443279 0.0659056676276699 0.191835349749518 0.28333221648843
0.0952834164215601 0.176204991324595 -0.0255338947810451 0.225789740728579
-0.0381817996748154 0.221486065726022 -0.116373523066097 -0.00102935502062588
-0.117131327000776 0.142308897621489 0.064605222163059 -0.298696363447365
0.0970229606049817 -0.00325196433983539 -0.037900348887244 0.307400006707492
0.0266947605601772 -0.107291179266737 0.109834048843626 0.0323695755085541
-0.0495315248623416 -0.0763505939453827 0.0059959041218994 -0.210731130123201
-0.0487582752648025 0.00172457540917337 -0.194138130684502 -0.279830643590328
-0.0134456083036639 0.00322913070838001 -0.355996311735378 -0.130178990396833
-0.0155699216023616 -0.0122442028468905 -0.340246563982428 0.0467630370809513
-0.026374607588241 -0.0250567708918312 -0.242145329440773 0.1401800907058
-0.0304982666508861 -0.0393501583654045 -0.109915075158279 0.208451295647256
-0.0232735039873675 -0.0420876299979761 -0.00471669831146771 0.222463301272873
-0.00596665777461471 -0.0450733210638571 0.0528003049159168 0.267675613654172
0.0225523563605271 -0.0407338660363389 0.0144618313723888 0.297108702818094
0.0185866734098325 -0.00800639966672519 -0.046100405980823 0.2965910788241
0.0120817196201357 -0.0415021236232056 -0.0644206359690191 0.324255883075099
0.0711730350328847 -0.0588257454283167 -0.0313180656370478 0.350418262438489
0.106367220440554 0.0276545168470493 0.112885170625369 0.361546717292451
0.0861588684646543 0.129734864276224 -0.0558404725127151 0.262748251790742
0.0587463750197455 0.0105228359548687 0.0938897206039577 -0.00408884826851208
0.00742424456669035 0.0044640945279961 0.00125245561920435 -0.230516077253104
0.0224663901168797 0.0358825323776961 -0.188308343938757 -0.288658569298194
0.0667254872155149 -0.00211788110560811 -0.336519626856517 -0.154436610696907
0.0543462672717924 -0.0520987602861325 -0.335385583389241 0.00918461661697465
0.0251064573723688 -0.0828015035006304 -0.246268616734471 0.110810798577067
0.0137522698829526 -0.112811991114571 -0.113396906484778 0.182040471640749
0.0212572224116982 -0.119267623016348 0.0018269799534874 0.187288614276697
0.0530616843729976 -0.131649212042357 0.0871725505476899 0.230061967770643
0.124139767818679 -0.116119017531996 0.0779892441880938 0.279449314002041
0.154927540319617 -0.0275333449864593 0.00992946026542283 0.310880138128348
0.147541526446455 0.0257440364404365 -0.0565625825331945 0.335364493636417
0.161614747499138 0.0696906921587949 -0.0493380479085897 0.316101082542167
0.152817850349846 0.162674121450454 0.0777711474024144 0.296539719814101
0.058489973653915 0.248940853720538 -0.0577436847019529 0.174779008851372
0.0807526647788008 0.13869883108224 0.105055127096556 -0.0713321320110846
0.0741936894695222 0.1011785549697 0.0147544967383342 -0.279221221518982
0.107427260350932 0.0696572740864267 -0.177441484047123 -0.310312784205423
0.147989249836734 -0.0104456287886278 -0.304001571364765 -0.177307078869555
0.121153041139049 -0.0888989757303757 -0.309595842608161 -0.032403191977569
0.0751205908060431 -0.132011619817375 -0.229908807085591 0.0658079676571671
0.0550954551715833 -0.169279567536182 -0.101228540973605 0.130399573699495
0.0606044616277776 -0.176634395340611 0.0189439125627562 0.124911035774451
0.0954695942671337 -0.197833005515484 0.12750689087542 0.161189248762817
0.192400323108515 -0.183805686399087 0.154534256343352 0.230106266121164
0.253463115337744 -0.0654842865649584 0.0888304673285036 0.31070168730259
0.265566482032253 0.0579451270977736 -0.0329374828524361 0.346434075445123
0.24059322019077 0.168373537652646 -0.0822570277829013 0.281303663694524
0.179590941221871 0.268811328929595 0.0269738269102654 0.198502799570781
0.0272397241696724 0.333676732814608 -0.0511085446530498 0.0509737585139363
0.0982085018491654 0.2529251556867 0.118436665015479 -0.158236579482223
0.147656798269058 0.192064195543851 0.0354143390478187 -0.335879086971279
0.198885050443961 0.0914113015512997 -0.152443777977402 -0.330636518168299
0.219291189749539 -0.0275006807856494 -0.25137988839448 -0.201700306652888
0.173081715337343 -0.123242627330682 -0.263656052551269 -0.0805598660358215
0.112015370371634 -0.16767661897646 -0.193926338180082 0.00688362689973875
0.0889636623842711 -0.199379730746647 -0.0745502456728159 0.0616318859760116
0.0936898176435618 -0.204479322624338 0.0437405920337882 0.0472473288016191
0.126352793088436 -0.228571710621987 0.164479669960502 0.0790268999001161
0.230163448396331 -0.213904326836672 0.222894836384939 0.16404166508379
0.305775257511793 -0.0887746401368913 0.162600857495279 0.291767377481306
0.336782874679001 0.0776570064629409 -0.0114006800938818 0.344917684307888
0.279424148117768 0.239616196544587 -0.121786922613656 0.243017388250852
0.172111372873892 0.336416463483267 -0.0253384407928494 0.081186052190761
6.60635120317459E-05 0.364820022772253 -0.0491884836653052 -0.0906155493243651
0.102815084453329 0.32247078780289 0.112507878576285 -0.249857336214637
0.202342231503534 0.250532966512889 0.0485353454860781 -0.37272293918994
0.263918233786444 0.0959983983705903 -0.107997543262031 -0.331991236159881
0.259619124158201 -0.0458132391861587 -0.174871576432602 -0.228092840589686
0.19779752598398 -0.143698397614308 -0.20020945210502 -0.13606633175282
0.12922404954513 -0.181582477534705 -0.144934771971465 -0.0610052808133689
0.108123950012413 -0.200210490791883 -0.0358685581110907 -0.0140590131940584
0.117094901269302 -0.198815068347571 0.0764348769153215 -0.0325329547337638
0.148268828274661 -0.216887790948365 0.200299593975453 0.0048480038716486
0.24466639425805 -0.194841900607771 0.275281820841986 0.103126160637268
0.313470560114563 -0.0712698350215016 0.213162230695305 0.267995216791419
0.344143003932516 0.108835161439339 -0.00256584605340043 0.328477873942115
0.259360929339492 0.287499674785266 -0.156820825721068 0.194194720516699
0.124582062854419 0.357974817027801 -0.0607877765908625 -0.0437106203560336
-0.0269986626399624 0.332663649360051 -0.058858521498173 -0.222568999379852
0.0882957978184922 0.329227269378655 0.0795867594637602 -0.321507046425453
0.214058271671564 0.255382041424155 0.0475330166126938 -0.376777989059979
0.271957799268117 0.0809960805023824 -0.0513738957849027 -0.31055753945674
0.247867354601346 -0.0539433215599197 -0.0878158451591217 -0.253563510492377
0.186358261424851 -0.138321694632339 -0.13137764114356 -0.193155567290424
0.123833857552157 -0.167865311463653 -0.0921010539320374 -0.129760822237878
0.10912138469115 -0.170692827366409 0.00906156095534021 -0.0868061022428474
0.124420072759398 -0.163285163285428 0.117156179637131 -0.098411369792569
0.154957818564367 -0.169844124342692 0.237769623939693 -0.0455535488179127
0.231624675539462 -0.133661339268741 0.312178729691368 0.068083897586504
0.279506851752 -0.0215261469781832 0.237035902335375 0.250995437052914
0.292189884337548 0.148648700947572 -0.00229695760778049 0.295969221684024
0.184684903588017 0.306162979348896 -0.170570921102291 0.132985719955631
0.0493436349273626 0.333954353422955 -0.0653741378261982 -0.159728058344947
-0.0525862532809049 0.243320951432571 -0.0792409788169608 -0.318326896643613
0.0521845226237486 0.269063259616064 0.0353174363734979 -0.355040050078162
0.177551415992525 0.205187840460581 0.0425271661883073 -0.356590997411512
0.21349333864191 0.049948322074764 0.00360444901915039 -0.282158110394287
0.181229022840759 -0.0442008905785073 -0.0159471447354891 -0.275760656303133
0.141936603933153 -0.101866761051631 -0.076276905414798 -0.24060813131095
0.0989756667082201 -0.123043295781916 -0.0471272704655113 -0.18629866607584
0.0930000329988834 -0.116584951137656 0.0514151070209256 -0.144205571540916
0.111386716410893 -0.107797350875685 0.160248438952973 -0.141172614122596
0.134922931573714 -0.104150863291325 0.275302109733523 -0.0651151366567628
0.186595951420791 -0.0611436551176312 0.33635140584921 0.0645816516921912
0.211261372660755 0.0273085765227881 0.238646507471228 0.244490480965408
0.205528344292627 0.169595242377632 -0.000986474491434541 0.256786872817134
0.0852643347285582 0.283369967823068 -0.15284382680084 0.0703603997496494
-0.0303135710641908 0.262923319668823 -0.036093423139775 -0.247144349592165
-0.0840487473064153 0.116518527325167 -0.100480253706606 -0.356057636009445
-0.00228060287996353 0.164499348639371 0.00327486440262716 -0.347069037435001
0.0995758482946735 0.118528483060507 0.0431599438029815 -0.328636300255499
0.104999181097047 0.019631598722418 0.0396439992039046 -0.268969137539364
0.0790704077856473 -0.011720355794021 0.0147129645472637 -0.29260446370817
0.078185076678081 -0.0375104120220208 -0.0478886567842337 -0.264018140656196
0.0633369987977811 -0.0544765137856271 -0.0163946770738563 -0.219652252756016
0.0627614392141825 -0.0457905768113708 0.0838455596677199 -0.17746379370063
0.076284667715556 -0.0443587345704625 0.196349314707907 -0.158161515493584
0.0863681517459717 -0.0396754208398425 0.305066018462932 -0.0588632161842053
0.113723160360066 -0.00710734067367059 0.344620251500597 0.0818271805857905
0.129626902803794 0.0418249474103267 0.229588703890956 0.243276383319604
0.118320590465332 0.149646870400351 0.0133061406013914 0.222971404053354
-0.00233423208046387 0.213917962445584 -0.107637690905466 0.0289544479988213
-0.0905087425907294 0.152250135494011 0.0152161515345905 -0.292917064062051
0.0938123711358222 -0.00404704692383557 -0.03150641595018 0.300066196698654
0.0226823224676038 -0.103222813136047 0.108524307786226 0.0306935525483662
-0.0487318444153592 -0.0735444309388351 0.00325076464595171 -0.205507240747106
-0.0456373086587903 0.00248993505003866 -0.191634692813876 -0.27034775744497
-0.0129157787492114 0.00315824009181047 -0.34742877008511 -0.118730863202377
-0.0158280454242746 -0.0126290849215703 -0.329701197784104 0.0522280363566814
-0.0268791833755223 -0.0234542099645595 -0.233447832028902 0.14275929905971
-0.0312220479554606 -0.037895812364898 -0.10330384411493 0.206096092710417
-0.0238923136355153 -0.0411528582130745 -0.00211412633944676 0.216775650344344
-0.00586082286193229 -0.0443660563838188 0.0556850460375183 0.258413728251745
0.0215305214855746 -0.0408431108647331 0.0198176223419191 0.289636414830003
0.0191448253229858 -0.00836650700425222 -0.0415663835344972 0.290528360168897
0.0114884391756256 -0.0400500460740596 -0.0569702240657555 0.316763947262101
0.0668271208702872 -0.0568865276300812 -0.0259782319263522 0.341084767766161
0.103656567469773 0.0274752722972131 0.111533112012375 0.350562665666337
0.0851793583093098 0.125508855934286 -0.0498352749365325 0.25740241067998
0.0556703239414347 0.0101464710671908 0.0915440905580652 -0.00354738549419429
0.00759311678729729 0.00398388525903738 -0.000740963661703272 -0.224065310899372
0.0238482682576261 0.0346177581844492 -0.185665049034071 -0.279133138680752
0.0645673373843546 -0.00386165723068556 -0.329074053606115 -0.142495680293946
0.0511840346067334 -0.0526992088475766 -0.326190851248898 0.0155906896183278
0.0222418621713485 -0.0808406219488837 -0.23857394673763 0.113842844406222
0.010704303264865 -0.110684290138303 -0.107326658514506 0.180276969440529
0.0181705782582637 -0.117816143895557 0.00359685241343134 0.182891582171997
0.0495997435309039 -0.130953363987626 0.0877272735474824 0.220583704604339
0.117835736533821 -0.117536987480241 0.0818194804973166 0.270187629795855
0.151394996878475 -0.0311943392033798 0.0126423653909326 0.303812791123246
0.144890247468511 0.0226054482108317 -0.0490036997387194 0.328873402697084
0.158542099460049 0.0662925161074249 -0.0450273790259764 0.308632814879767
0.150674195599933 0.159116197810993 0.0762702832322461 0.28797936962879
0.0608851450225277 0.242886108554261 -0.0532306425963057 0.172203057749209
0.0788522995166759 0.13345808857318 0.100456444614991 -0.0687349556322816
0.0743017362074942 0.0959935545083533 0.0118972320834174 -0.272475488972917
0.10698039840443 0.0661588228653647 -0.175152465189129 -0.300211680802792
0.14334152032045 -0.0137685407649243 -0.297813941976095 -0.166337436363174
0.115414279714516 -0.0904165861757417 -0.301938606770599 -0.024584051286771
0.0691725176272438 -0.131009107950127 -0.223063810987015 0.0694718678043351
0.0498615298918071 -0.166083688700975 -0.0960985199166979 0.130356214696662
0.0560735907675297 -0.175011700691865 0.0182032638879311 0.121486174363226
0.0893253655577383 -0.196338653147104 0.125682990374976 0.152129172944127
0.18333583509502 -0.184707697620265 0.154953203907141 0.220488736213471
0.24652313652482 -0.0707818899559808 0.089609137110096 0.300076964650296
0.260692294250389 0.0511640736646458 -0.02664587189591 0.339624093507299
0.237222528908964 0.160865565546969 -0.0769519891637075 0.276908546789677
0.178039182127879 0.261308980789299 0.026814503868969 0.194747211746999
0.0325810768753132 0.325025184176738 -0.0477574163056601 0.0515699195399794
0.0979192172696264 0.244062176388577 0.112360052420965 -0.152967610469343
0.147358285710945 0.183389006116077 0.0320684202390732 -0.327120029743665
0.196341686119978 0.0852509464846405 -0.149887666651219 -0.32078992270771
0.212830084209238 -0.032007648050381 -0.24679147222112 -0.192175002390132
0.164383318188743 -0.12463972633876 -0.258782803900407 -0.0727638065547963
0.104730544363115 -0.166997809283519 -0.189080358700825 0.0119659546370319
0.0817288987041125 -0.197535307706364 -0.0711141688799652 0.0623140251785424
0.0873759032350613 -0.203525233697193 0.0408793561293867 0.0451257409392051
0.119163892735363 -0.226669102038616 0.159950920156665 0.0719962420884791
0.219526572311712 -0.215727233878213 0.220254399803749 0.15288120055617
0.297034907706154 -0.0938548210457929 0.161682140711284 0.280059761210885
0.329168267535796 0.0680899551639146 -0.00572418604823367 0.338457945096858
0.276278077161309 0.229247897264715 -0.115504292886093 0.241135155451294
0.172006743534367 0.327555832291933 -0.0252567834653681 0.0809598204833345
0.00560126553737264 0.355643228526934 -0.0483556937938166 -0.0859720189056647
0.104013251757733 0.311852435113308 0.103554929667823 -0.241628864764363
0.201522602927874 0.238355010531349 0.0431680546222521 -0.362774424485923
0.259265783687282 0.0879341273236396 -0.106536344539563 -0.32190494782113
0.251166927116474 -0.0502407753570818 -0.17271911345265 -0.220341443490626
0.188228213973381 -0.144985660776091 -0.197744857041145 -0.12731496820274
0.120791768775913 -0.18061092368222 -0.142276018871678 -0.0557769008383894
0.10092616940333 -0.198124556092408 -0.0351658768908668 -0.0141366926194985
0.110677987848367 -0.198762469003675 0.0717293598076291 -0.0326548630514882
0.140575561024119 -0.215845838424714 0.193151705019913 -0.00139073955981031
0.233700776752305 -0.196999210871042 0.269854065762036 0.0925959355256732
0.304098242372608 -0.0772631086462216 0.211034246254317 0.255897130753779
0.336633877896048 0.0985487299621217 0.00258371856666029 0.320777557415864
0.257316782298142 0.274539870273435 -0.150534933637741 0.193869718681767
0.126351108025675 0.349836996612463 -0.0615473235038036 -0.0397952497996457
-0.0193771217715536 0.325116817192994 -0.0596920363447828 -0.215704257714771
0.0901778723185221 0.316846891920386 0.0709435333673769 -0.311719116129324
0.21311248295974 0.242525071031964 0.0411748773079557 -0.368012244848231
0.265982740808062 0.0725843977375516 -0.0506530816734369 -0.302419814625829
0.239797957628925 -0.0581170751891204 -0.0893257116960142 -0.247040428405825
0.177493175570619 -0.139515841010921 -0.132405860744619 -0.185217325608665
0.115747951835103 -0.166875521980939 -0.091749755186063 -0.1244128461132
0.103562248482631 -0.169151903393525 0.00729665061373847 -0.0862879075406231
0.118347702845894 -0.163795313202965 0.110010520223879 -0.0985605484597914
0.147687398865163 -0.169242589812669 0.228990626696522 -0.0513634800331047
0.222859797533184 -0.136503554254294 0.305048626183314 0.0576342588089378
0.271430425244302 -0.026692615706319 0.234346509602849 0.238726047205969
0.286066247817869 0.138353297078406 0.00124942692284391 0.290042918278715
0.184746488657001 0.294337566819525 -0.16473424021683 0.133697765056367
0.0530134848536715 0.327604966478731 -0.0669257420442561 -0.152369240785634
-0.0463161592494895 0.238929393669564 -0.0807386146521135 -0.309166190325785
0.055476086326419 0.259882586148849 0.0284203666705612 -0.344877396508362
0.176048106500332 0.194712008935787 0.037031358325678 -0.346948766090004
0.20825900003246 0.0442313431976696 0.00374323981559882 -0.275963636144662
0.175492336391337 -0.0461724056190592 -0.020244293205933 -0.270608105390491
0.135253839475348 -0.10264921129541 -0.0791229326882074 -0.232528713413942
0.0923168193221589 -0.122753644165286 -0.0484711240955566 -0.181749272426917
0.0898245508564029 -0.115665819486657 0.0466621462645243 -0.143865439810835
0.106552972921946 -0.108176120461322 0.151059983270504 -0.141991622958945
0.129202305784019 -0.104324300344974 0.26585744702602 -0.0710910777199889
0.180414335383476 -0.063363765802062 0.328734356463358 0.0532536446558853
0.205771517176521 0.022626252505251 0.236282453949711 0.232430700366931
0.20051231767642 0.159628693150869 0.00168738468396388 0.250625772649938
0.0884069600870571 0.273700978633166 -0.147246027841067 0.0728847231997076
-0.0254961811303582 0.257415696746083 -0.0403234831531986 -0.238307675822327
-0.0777748092716194 0.115528747994606 -0.100644525778151 -0.347365876595608
0.000807064600455375 0.159466937951218 -0.000532198295988905 -0.337154020312807
0.0984369020475118 0.11151633832949 0.0377252939233984 -0.320526987421304
0.100914342133918 0.017218589721625 0.0376917230128998 -0.264190330252123
0.0764821155505355 -0.0119485483446057 0.00909522282892717 -0.2870547767341
0.0750196623785056 -0.0386013372187021 -0.05145677238983 -0.256081169774399
0.0594597626144785 -0.0547905274856787 -0.0202663865372135 -0.215282227637668
0.0614293422431546 -0.0454127432754781 0.0777578390930094 -0.176910453335068
0.0736275089003355 -0.0444456480274315 0.186508945258281 -0.159366088310583
0.0828591445716221 -0.0397667819053739 0.295309545869461 -0.0654259613074827
0.110387937693395 -0.0091179678827464 0.336845703428023 0.0714724802149583
0.126345848712629 0.0383337725263984 0.226824043469136 0.231745719575755
0.116062172685789 0.141922107188785 0.014986980381017 0.217426344609267
0.00196456405339783 0.207422726481725 -0.104028757410429 0.0316513113293128
-0.0850297617540391 0.150548104473985 0.00956154835894096 -0.283356013212626
0.0929593002613333 -0.00262959792352991 -0.0325544860509941 0.30005516126441
0.0219893625044662 -0.10127258636633 0.109215709451246 0.0323522519866217
-0.0487255867620925 -0.0731661164554279 0.00668529088550825 -0.205337228542946
-0.0439736034452176 0.00213959240192708 -0.189185289944733 -0.27311616956177
-0.0116495486983929 0.00260907826710036 -0.345413882893552 -0.118681150056827
-0.0153055125721965 -0.0128970599181464 -0.329675130906995 0.0515525938904509
-0.0271754772460982 -0.0236439269616399 -0.234977204572075 0.14281815105806
-0.0316604321286987 -0.0383179115382287 -0.104604867050917 0.206779310253558
-0.0239983382058672 -0.0424639685116845 -0.00482956478743693 0.218040831284383
-0.00494408271011301 -0.046808669245171 0.0535222879648032 0.257141111039461
0.0217145890711725 -0.0415799662954926 0.0185425659446918 0.28972030551823
0.0209430219557847 -0.00793740447728373 -0.0453204226040667 0.292087872102511
0.012205717396688 -0.0387233279480173 -0.0586228640243081 0.317014108809857
0.0666791418054901 -0.0547777229689455 -0.0305947901368463 0.341175497638455
0.104237716714298 0.0296128504167167 0.104980259389409 0.352951486318977
0.0842170695640386 0.126999583865237 -0.0508444428845974 0.257667228304437
0.0540091682522367 0.0115896070218489 0.0925364325714148 -0.000845897841420498
0.00717598433858103 0.00390820556121855 0.00300573741337222 -0.224292744322611
0.0249616070878087 0.0346142737439934 -0.181856975936685 -0.281658931093228
0.0654938789566977 -0.00389613202627008 -0.326592134012163 -0.142582782818573
0.0513531481501904 -0.0534643640984416 -0.325321316413216 0.0154980718003381
0.0213987596992559 -0.0816950128778694 -0.239474820096755 0.114456279190061
0.0100237066761669 -0.110887073774277 -0.10770519986831 0.181090962779225
0.0181293104466091 -0.119746459906124 0.00108321727475422 0.184095537842398
0.050441020686434 -0.13264515441275 0.0848582445499037 0.219028031168759
0.118395457414266 -0.118566672697621 0.0806830943439445 0.269084346084256
0.153000834859588 -0.0315800275748482 0.00940425438482606 0.304208710514705
0.145227174038041 0.0232053062728278 -0.0510209458896485 0.329380931678246
0.15741797650916 0.0685766277751451 -0.0491872068422875 0.309797414711628
0.148943470846665 0.16189785647233 0.0708769739027028 0.290292278939556
0.0600490319875792 0.243804452350753 -0.0536649133081286 0.173131737387193
0.0765304563581432 0.13468001486118 0.10089110437236 -0.0649359370115736
0.0728714839386334 0.0957697082139173 0.0160612245445207 -0.272804546671319
0.107744331866108 0.0661907197922013 -0.169655326304629 -0.301979171983043
0.144012299030665 -0.0133842351592559 -0.295129006388072 -0.167692817948878
0.114631764684892 -0.0914764109127004 -0.302650448699992 -0.0252537857726108
0.0685498771222401 -0.131534817859001 -0.223921740006004 0.0698143564622747
0.0492704034763829 -0.167456695451946 -0.0968576065258634 0.13020843307825
0.0564550784538142 -0.177897236496716 0.0161356440302309 0.122409481670363
0.0905476506016166 -0.199007562495963 0.123764001519914 0.151263848739058
0.182644096089584 -0.18632365593503 0.154639430599186 0.218992202191697
0.247215549370799 -0.0716712513415232 0.0864609724739787 0.299943268204014
0.260691431289745 0.0511630374092665 -0.0286419001022234 0.341130691868879
0.236231305969048 0.163509243178369 -0.080655983594729 0.277885783815716
0.175208396393973 0.266117243844548 0.0222598572095814 0.19702657743108
0.0309852133392892 0.325719167509497 -0.0475157904846201 0.0537378814133217
0.0948809725956416 0.244553375363821 0.112529766536932 -0.149411096024012
0.145676626156643 0.182238233848168 0.0359011541773088 -0.32701215734619
0.196951225421137 0.0857830988360418 -0.144156812475168 -0.32176434637545
0.212798164295776 -0.0318205408328045 -0.243545481480791 -0.193885305296731
0.164408275247831 -0.125691124493963 -0.258893448493047 -0.0722322235330447
0.103875283145859 -0.167557940112095 -0.188750860231241 0.0122839133878301
0.0818358940540688 -0.198659939387497 -0.071508925624008 0.0618001520642403
0.0879589539361502 -0.206462792009867 0.038604199364649 0.0454072665202077
0.12015235788385 -0.228930019336069 0.157618337015667 0.070460541027862
0.218676121865241 -0.217776456044423 0.219918562518177 0.151534662861254
0.297583400801977 -0.0944729648667154 0.158132313113063 0.279940903755465
0.32863626397223 0.0689239231577265 -0.00807205382516736 0.339303837322449
0.274970847534279 0.23066176364041 -0.118068745784598 0.242216245924226
0.168749816714852 0.331601279130288 -0.0277022600723094 0.0832845370452574
0.0041034148631728 0.356601422400277 -0.0466107763156875 -0.084425135620038
0.10197302056833 0.312332467601119 0.105098260919926 -0.237004708359235
0.199598973692053 0.237334927850123 0.0472837885319773 -0.362677078753534
0.259323484355819 0.0885032927797885 -0.100775199955028 -0.323636781609104
0.251002913954374 -0.0500258082516194 -0.169982772390267 -0.222408204775698
0.187746345570574 -0.145623190323985 -0.197978520102119 -0.127540368222143
0.120024291493659 -0.181769427862087 -0.142209014668372 -0.0552918090657584
0.10079221941051 -0.199638182410188 -0.0348377038552218 -0.0148090327184607
0.110805086386377 -0.201204674720606 0.0700589186750287 -0.0324514677990144
0.141587608645141 -0.217681604109214 0.191110801708187 -0.00272657883736858
0.232678412364305 -0.198642043865725 0.269273602302968 0.0910670302312233
0.303885715429135 -0.0771179459335723 0.208236968119741 0.255285051242561
0.335075277568337 0.0988607597915128 -0.000232795347255616 0.322847826271782
0.256482941344298 0.276741184512586 -0.152965503022769 0.19506825112626
0.123052186555278 0.35323791761558 -0.0619793198521034 -0.0380973631919711
-0.0209528502414333 0.326148913234586 -0.0557312334837062 -0.215437590610772
0.0884176860784126 0.317012343100577 0.0725454159534234 -0.308207034063723
0.211684704369778 0.242248492795928 0.0464775582488953 -0.367488577753925
0.265750698474087 0.0730344508334026 -0.0442338280459957 -0.303979469862403
0.239875023887715 -0.0572799710838372 -0.0864975628015021 -0.249273929350625
0.176843586280616 -0.139816671342926 -0.131633954620512 -0.184023900889363
0.114876816416279 -0.16732476828396 -0.0909029745527158 -0.124674268432359
0.103957099118966 -0.169813742272088 0.00753406166722611 -0.0880603378524554
0.119432354354515 -0.165063769337893 0.107975356554979 -0.0992794220057143
0.148094288396028 -0.170239248674483 0.227928589381076 -0.052698128697582
0.222883999856377 -0.137287395128138 0.304567183232738 0.0554796901798411
0.270514548566334 -0.0267395832590582 0.23132386859305 0.237815299615044
0.283268425549175 0.138921954862324 -0.0014704859984865 0.290953973288572
0.183551494667059 0.295352427047961 -0.165428020969326 0.134763882660557
0.050936377481052 0.329788896049503 -0.0671697142180486 -0.151039537503329
-0.0467908331708581 0.23892328697431 -0.0760632183802076 -0.309933670624742
0.0539356119993607 0.258947530045212 0.0315052275982524 -0.342185569249469
0.174357940534817 0.192387952860632 0.0409476249376739 -0.346730822364751
0.20724649985858 0.0444823576689422 0.00937464332104136 -0.27827623761356
0.175062001906648 -0.0463366783873489 -0.0184454503229094 -0.272962130633332
0.135206227957058 -0.102832478335698 -0.078176183812711 -0.231560144267194
0.0919659885949157 -0.122901255958179 -0.0474381508240375 -0.182427164474578
0.090235716805239 -0.115806888780192 0.0471760961775832 -0.145661323620267
0.106895175736318 -0.109110070032008 0.149912256395893 -0.143249624753657
0.12927719423057 -0.103758289874568 0.264961425584045 -0.072421231514544
0.180325106709166 -0.0639338400805358 0.328147083294102 0.0523261137134871
0.20503698520898 0.0232521047137705 0.234361153640533 0.231091314922771
0.197736750903177 0.160056722643928 -0.000673099160131524 0.252202840068896
0.0875148346585149 0.273549569428212 -0.147551189563867 0.0741969976995834
-0.0260269718771673 0.258942973409579 -0.0389230239907958 -0.237722444230289
-0.0771191956644321 0.11474718815244 -0.0951305104093172 -0.349590952070163
-0.000580472733311035 0.159389657897682 0.00212482227145053 -0.336126332452251
0.0966231092305204 0.109995863983571 0.0405491784911092 -0.320864873595387
0.0991216285845541 0.0174949123199841 0.0426897300615923 -0.266620357464868
0.0761607775846817 -0.0110159970904244 0.0101696758102717 -0.288879773287377
0.0746446785306973 -0.03916264162435 -0.0502270558528361 -0.255550999390115
0.0586242469904784 -0.0550010842905731 -0.0194702994781891 -0.216189665731988
0.062105714391526 -0.0445696844553824 0.0781112925031634 -0.179192777527775
0.0735405448386445 -0.0445198087265245 0.185073876888582 -0.159922039285901
0.0829082866127926 -0.0387858299292903 0.294271807744158 -0.0661866406805588
0.110578308668895 -0.00874528344345105 0.335452608861523 0.070257094316421
0.125298499899417 0.0394796026828203 0.223806687884917 0.231293643912359
0.112832705956822 0.141277125583617 0.0119722544592016 0.218381940404083
0.00160176333264667 0.206448942256898 -0.104031292615206 0.0327872715132284
-0.0840225613512137 0.14995511758722 0.0104768931126097 -0.281156732021554
0.0967930169441677 -0.00109491807612142 -0.0340151332841868 0.310612055592612
0.022325952449831 -0.102113487303651 0.115606970810175 0.0350663139973534
-0.0491946690445723 -0.0756769250911745 0.00964748501913049 -0.213231351381412
-0.0445391911731693 0.00162884096695491 -0.194605971138268 -0.286132027506571
-0.0109122103660945 0.00217932265134766 -0.355792988479576 -0.122609876346823
-0.0159787509456064 -0.0148205662798212 -0.340754699465666 0.0539703030352057
-0.0290804857124012 -0.0238594811156566 -0.245120962304313 0.149221828261729
-0.0333195650703596 -0.0393312045386693 -0.108649070629788 0.21619667847172
-0.025085102011707 -0.0452959547293778 -0.00794797306379261 0.227454132530478
-0.00486297337511245 -0.0497174844981582 0.0534794904226413 0.265849338743892
0.0230181763415213 -0.0439653997275294 0.0175786791491277 0.29937130492566
0.0229665740063366 -0.00884281939303579 -0.0489702834355167 0.304146493037343
0.0133469424240529 -0.0396484470895036 -0.0624998286149603 0.328535947768658
0.069089322631309 -0.0550301517469194 -0.0350553364187825 0.354367342967646
0.108400192539104 0.0322244945164626 0.102368281976213 0.367592791124289
0.08664188621469 0.132914205525786 -0.0536427404730977 0.268494199900082
0.0546124653151869 0.0135016453751232 0.0973789528094488 0.00132497735001078
0.00720018232848375 0.00398751154995671 0.00644166658929616 -0.232962318360947
0.0266291185752855 0.0352226525360017 -0.185648794852632 -0.295114885022909
0.0685483189314208 -0.00453250102131405 -0.335656580318328 -0.149386492386655
0.052318470676285 -0.0558693076744907 -0.337519089685487 0.0167364823312555
0.0220770366878668 -0.084875545614345 -0.249465706549692 0.119493118129151
0.00961306619941107 -0.115349416223216 -0.112735378119022 0.188427966884351
0.0190126964435211 -0.125978222777842 -0.00161720861808007 0.191919814410324
0.0530951906028476 -0.1391676173807 0.0862723716654601 0.226031207467006
0.122229327436883 -0.12455538782905 0.0825457234226616 0.278437362921189
0.159953335174996 -0.0334113495033985 0.00658298394411984 0.316125852008957
0.151307683117492 0.0248843327716414 -0.0540271434761923 0.341983883849432
0.16289687216259 0.0734842727763479 -0.0545747057558848 0.321845521556794
0.153374186673622 0.17041556111281 0.0676693762402312 0.304121675437726
0.0603454784685513 0.253611431265573 -0.0558681360619266 0.181198302815412
0.0770789544576489 0.140557452254742 0.105687940469278 -0.0637486511455729
0.0742143986581382 0.0990054753352827 0.0204749278862411 -0.282229433885325
0.112450109485742 0.0684533135454953 -0.17272009293802 -0.315743065788579
0.149699049596276 -0.0147158429686559 -0.303333789261648 -0.174362177368028
0.118155565265336 -0.0952577403402892 -0.312679872905529 -0.0251318030791433
0.070603897733172 -0.13720200796051 -0.232630287582023 0.0731284854589893
0.0511902225789311 -0.174687311439052 -0.100943336891822 0.134881125047722
0.0585854254809295 -0.186392373368406 0.0143921216135558 0.128214772367196
0.0941066478134238 -0.208363382701418 0.124951402118506 0.155480173516993
0.188438503477309 -0.195102648098223 0.159191106194852 0.225247224940095
0.257481446475191 -0.0752832513048298 0.086808044590967 0.311879484002657
0.270175218122474 0.0538452409872787 -0.0317371067776304 0.354088135106318
0.244341459659487 0.170775574307627 -0.0865235681307302 0.289936968894662
0.180037445590973 0.279416136312897 0.019183144061436 0.207056607411075
0.0308523504889106 0.339215485437679 -0.048617213627435 0.057186775994992
0.0959258305512767 0.254147784021085 0.117807593033441 -0.149567086027479
0.149079570972614 0.188551396167874 0.0411135742350026 -0.338063613069227
0.204037856218774 0.0889070934541956 -0.144583238138006 -0.335884357600182
0.220799050429563 -0.033112597650724 -0.250212903123091 -0.202603867870775
0.169107866378648 -0.130486025242119 -0.267456209909482 -0.0741781557159051
0.106728303585774 -0.17454514709596 -0.195567901784401 0.013614355637238
0.0842838948548384 -0.206795257987894 -0.0742272447163717 0.0632774959612031
0.0914722757517361 -0.216637708779092 0.038065591474997 0.0483803622635889
0.125234204990607 -0.239456741142279 0.161202975234078 0.0721463554529636
0.225253224117314 -0.227136051332575 0.227870804268136 0.154379787353557
0.308843230500593 -0.0993170359995583 0.161646011937181 0.289334072995404
0.340446077103656 0.0721912471108767 -0.00983207576123416 0.353923214430434
0.284934325040499 0.241084531181044 -0.125291470581625 0.252909278550635
0.172313506688494 0.347942585369411 -0.0314149355235647 0.0894364415389886
0.00277670280811234 0.370666107193467 -0.0455950641257397 -0.08666347197622
0.102821926652661 0.324120825959567 0.110063002263656 -0.240983904835392
0.204679955103034 0.246195506713055 0.053672399827737 -0.375662603743229
0.267939128326505 0.0917235453851804 -0.0992947186322148 -0.338160863324703
0.260021501403819 -0.0517994380938778 -0.173778173202934 -0.23228970060081
0.194137759881703 -0.152045990444642 -0.204628311296225 -0.131038403293997
0.123849037533585 -0.189533692868064 -0.146015512758478 -0.0571277834367426
0.105272388574694 -0.207637970652268 -0.0364104725960099 -0.0164154150817878
0.115501814878645 -0.211883971314383 0.0709175908343915 -0.033728417909553
0.146365943673562 -0.227303980616966 0.195611688945387 -0.00407708824806272
0.240840200320907 -0.20718074237103 0.27825555551488 0.0917375914599667
0.315255804031167 -0.0809878564437368 0.213255193953847 0.263801281748307
0.346515616926285 0.102631322280317 -0.00237564605061107 0.336195387374831
0.26581033388967 0.287734706284343 -0.159275343748508 0.203813462793863
0.125463376157501 0.369888628514735 -0.0656634955446279 -0.0365221851213282
-0.023034343649486 0.338359088439224 -0.0552913083698678 -0.222400428311119
0.0891077713053582 0.328986191000952 0.0769696671172108 -0.314552914843963
0.216583499716067 0.249285887073074 0.0512946955224599 -0.380552352639037
0.27418310234929 0.0757712623546704 -0.0409286296622047 -0.31719338173277
0.247885695019533 -0.0595840552581843 -0.0878326768732614 -0.260763218671097
0.183023479616515 -0.14603789131654 -0.135971366325456 -0.190018166050801
0.118283829156863 -0.173806057547281 -0.0937219479942717 -0.128826289202823
0.108627458386235 -0.177046393326156 0.00734817382933654 -0.0933534634921949
0.12364791434116 -0.173423990361982 0.11076095758533 -0.103265685922558
0.153677898573728 -0.178433189567647 0.233855346550038 -0.0565039115932531
0.229949006669534 -0.14433255958326 0.315405862810972 0.0548286316907749
0.280253115829018 -0.0275844422726133 0.237846308601345 0.24619214333955
0.29208335302927 0.144267377137306 -0.00376282266360017 0.304265213083505
0.190168545818314 0.306444315597078 -0.172378368361215 0.141920836873231
0.0514044266216168 0.344193837150949 -0.069606194264291 -0.15489654403428
-0.0485003817847203 0.247964531092374 -0.0753696805108744 -0.322690967722048
0.0546100966635023 0.268734559597214 0.0346503879028748 -0.351291414035345
0.178946231666663 0.198386090990708 0.0455432317595226 -0.359787810394131
0.213224440838112 0.0464674767869278 0.0144177814980265 -0.290442453633979
0.181010961174417 -0.0471331176422387 -0.0182018187984058 -0.284821991381484
0.140032415951604 -0.107587159350321 -0.0797112988908199 -0.23960497154877
0.0946957127386355 -0.127604072363062 -0.0488905010057274 -0.18907409712529
0.095074194515506 -0.120081474244537 0.048284008619877 -0.15376625046409
0.111267504278003 -0.114445148423805 0.15375415053793 -0.149182288543491
0.134520027912969 -0.107514890057527 0.272894527443014 -0.0762343617777038
0.186049383221532 -0.0664667828317452 0.339298591084816 0.0519437909243744
0.210897490330347 0.024641550402969 0.240383831924599 0.239656625073881
0.202517760471096 0.166229258127207 -0.00301152933214534 0.26254813389925
0.0899516407014414 0.283085662720784 -0.153009802777281 0.0777982118124144
-0.0277448533971456 0.268866050683977 -0.0400634205244723 -0.244144836074314
-0.0795466490653341 0.118956945742714 -0.0951560287319843 -0.365720426072276
-0.000629213902928806 0.164800823442064 0.00505542416494781 -0.347389820616806
0.0985676386521755 0.112390964932801 0.0448082580221991 -0.332186055562801
0.101246119502749 0.0186411486433121 0.0488632745233163 -0.278905977061355
0.0787742750535786 -0.0108216041055152 0.0112406533189761 -0.300749812484526
0.0772625988212335 -0.0407921230118597 -0.0503219005221797 -0.264379251973962
0.0602162582743018 -0.0557592380544895 -0.019074572884205 -0.224489433016745
0.0656669563768841 -0.0457624943576274 0.0803478070017925 -0.188110873123543
0.0759870774432245 -0.0460016660660758 0.191032497157968 -0.166888286123428
0.0856176699328418 -0.0392224835529928 0.304045802229553 -0.0694671805204554
0.114969210758408 -0.00898977639705333 0.347024056996313 0.072003115273665
0.128169695132327 0.0412606095860419 0.230429724777292 0.240295311310334
0.114489292281708 0.14608881022822 0.00957649657133158 0.227235777591901
0.00203644795971948 0.213276657909162 -0.107595189451092 0.0346096620802497
-0.0863565806939641 0.154906461729303 0.0115275955359543 -0.290170471074719
0.103178390249892 -0.00207351822975078 -0.0291456238422304 0.333012300188659
0.0215675039098789 -0.107409296142072 0.126658356416008 0.0347422582151517
-0.0543692852565989 -0.0789809807829567 0.00692351152948504 -0.228442350059799
-0.0453168736044133 0.00211513242097978 -0.214001574246136 -0.303404995181743
-0.0101450436928158 0.00142083087204753 -0.380306471504532 -0.122634801587709
-0.017449246712202 -0.0159778896143343 -0.36137476834522 0.0677482514953663
-0.0316639949108885 -0.024649634142074 -0.258288332476791 0.166818022279352
-0.0373734378717554 -0.0410907458450994 -0.111124779838709 0.234980005168689
-0.0286714346042208 -0.0484738547365247 -0.00380560928632206 0.244529795958245
-0.00618510979473418 -0.0552090442721852 0.061905944288624 0.28187063605926
0.0235399416611533 -0.048260080333763 0.0257364757416573 0.318981956299989
0.0260130991745165 -0.0103386245738152 -0.0470728650159002 0.32675629890374
0.014124153167061 -0.0413273035901818 -0.0594390093209073 0.351786727842641
0.0716456835260328 -0.0584917566981419 -0.0323501230084533 0.379674197252762
0.117190528051994 0.0331274789803866 0.112253124091113 0.391215081868051
0.0956725527467323 0.141168693520197 -0.0504563115273929 0.28852597452129
0.0576564914063696 0.0147157359771383 0.105784118198797 0.000689597945536431
0.00693649068218911 0.00440318452600177 0.00421736696230135 -0.249175334274031
0.030949686220369 0.0370364010778945 -0.203936397840504 -0.31226038326885
0.0739265467105019 -0.00811782592648267 -0.358943083648311 -0.150753049338953
0.0539641584327239 -0.0622518769691056 -0.358899244494221 0.0276892011402753
0.0203244153937863 -0.0917114896908091 -0.263381699679482 0.1350747521046
0.00689928929989003 -0.12374628188915 -0.115277701917331 0.204841332804027
0.0163075788966107 -0.136595164555787 0.00110724619764754 0.20649841442999
0.0525324962713067 -0.152815570120492 0.0956640627052744 0.23819181706118
0.126484534223088 -0.136990195089747 0.0945088306516379 0.293204773728392
0.170638115714672 -0.0408122660919687 0.0137250953025133 0.3385113898823
0.162485344121628 0.0235701027553105 -0.0498039443683632 0.367427462904088
0.175637658862903 0.0755026679838722 -0.0536980806821218 0.345977396977343
0.167436434627209 0.180208987299346 0.0757915976386265 0.326098322398305
0.0711282785534488 0.270436186495186 -0.0544441531298137 0.196836117231355
0.0842499966190926 0.149127671114037 0.113555313157889 -0.066839287588667
0.080185397360897 0.103577457118368 0.0187499935349659 -0.302401854761228
0.122004087677832 0.0702375385046224 -0.188695724794186 -0.335475637739337
0.15967131655621 -0.0201796048041077 -0.325145129740813 -0.17954324796164
0.12297465854375 -0.105758199886571 -0.334275259245342 -0.0176243863199848
0.0702254357667291 -0.149111561306955 -0.245962222872593 0.0857651707894801
0.0488665405389194 -0.188241166511588 -0.104408735803999 0.147376402199102
0.0565079145791249 -0.203609456518437 0.0165770388537308 0.137944657069175
0.095346286759535 -0.227341283165883 0.13485542895847 0.162164175354934
0.194787320699588 -0.214242713133571 0.174778518495106 0.233693672204072
0.273241599285249 -0.0881606678514915 0.0982434149087623 0.331424775172878
0.290176092732129 0.0513244997510625 -0.024584948593804 0.380600765173581
0.265606932303035 0.17763308426248 -0.0884378325062411 0.314225215384937
0.197880550420081 0.296062851339817 0.0222002239379905 0.224368385529172
0.041421992043192 0.361989121650406 -0.0489313155482543 0.0640923841527322
0.107359034066433 0.269542087467467 0.123768841731559 -0.157816184984533
0.162164943427674 0.197295096348353 0.0389736372176752 -0.361792469598883
0.219863758612313 0.0898988741291803 -0.159728083079059 -0.357939738934136
0.234615136879361 -0.0420757855018122 -0.269228678891067 -0.210816877469306
0.176216646371699 -0.145481868694264 -0.286688039107308 -0.0714668277658771
0.108456013261485 -0.190658499789259 -0.208169830647066 0.0206527784847796
0.083697373111718 -0.223767604253714 -0.0784156895972407 0.0693996429761822
0.0910809515796977 -0.236710138928101 0.0398662453946374 0.0513686673919673
0.127052688778812 -0.262320823781496 0.17037382145735 0.0719123924581315
0.233256171355807 -0.25036025851465 0.245537601825074 0.156470122795829
0.326934570910079 -0.115188706453642 0.176729180072019 0.305299637413911
0.3644662415818 0.0680940453523546 -0.00219641774533655 0.380348995962525
0.311067302352585 0.250896482613021 -0.128791963858396 0.276421360601376
0.191984913477007 0.369867968471645 -0.0330721209467971 0.099613480874706
0.012520463808325 0.397334279037959 -0.0487662364443722 -0.0894311491690052
0.116947614696353 0.343825843151824 0.112575170254696 -0.254087489465783
0.222837116222654 0.25668961263519 0.0507129104297547 -0.401623322524628
0.288343964036029 0.090663779418066 -0.110023149858218 -0.360820770723373
0.27665077029191 -0.0625367059979021 -0.190029573050202 -0.245510902863989
0.201490787041127 -0.168134996321955 -0.220687744440311 -0.133031352842571
0.125746557517799 -0.206330457116086 -0.157422308464634 -0.056350466370535
0.105917970233924 -0.225751964591671 -0.0399145508352385 -0.0182390867541142
0.116598291453167 -0.231738967401088 0.0724134989903543 -0.0384241180838424
0.151049627006113 -0.249064953780288 0.205133764892996 -0.0112178874577763
0.249814601488807 -0.230094732553424 0.298122383821597 0.0874716515744456
0.333338908588421 -0.0950817263749628 0.231370017743872 0.275521978073399
0.371980663517317 0.100709249513446 0.0060543897549991 0.361118141532668
0.291436860460531 0.30111986767454 -0.166049424293223 0.223823634035355
0.142580129650106 0.394144598931829 -0.0722712548844589 -0.0349855249816789
-0.0157297977259233 0.363297528573577 -0.0611644306680375 -0.235663944288233
0.102729457496175 0.349209324839759 0.0759997035585044 -0.332386945320674
0.235943579743734 0.259611397214998 0.047602721449166 -0.407978467162074
0.293878750452382 0.0741733495769536 -0.0469259309126357 -0.340678201212791
0.262911449399631 -0.0703106566731021 -0.0994705901576361 -0.278085247531237
0.190316573144129 -0.161958647545366 -0.148722683446675 -0.198665411794799
0.120428620441567 -0.189577902370343 -0.102303502411384 -0.134923626471268
0.110991556225478 -0.192773286501924 0.00400310030183078 -0.101693664653074
0.126715012037646 -0.191051587537996 0.112991040725748 -0.113853665147611
0.158578106283839 -0.19527335322295 0.245764494120203 -0.0676786029467086
0.240064752679333 -0.160495453975022 0.335884107714411 0.0479525420040235
0.297128236316836 -0.0371519928581734 0.25701461329252 0.255347105752231
0.312930672611862 0.146117959767184 0.00258760571794802 0.327099151938551
0.210675076385377 0.322198347510288 -0.18150030941099 0.157209864332586
0.0632388034360704 0.367562686507771 -0.0789207106841997 -0.160786707677844
-0.045404638874118 0.266755138538404 -0.0844691762953332 -0.343325933628815
0.0646534543994436 0.285028983981047 0.031324033162817 -0.37236748800588
0.193911905712916 0.205109739236812 0.0413773760026072 -0.384910933825279
0.226989619191233 0.0440650114780662 0.0122435005112457 -0.313847589595247
0.191397299592572 -0.0543207193674792 -0.0264201365145978 -0.305446107966392
0.145412008947223 -0.119591225323017 -0.0897387407537704 -0.252894685731479
0.0970941355584709 -0.138442779721947 -0.0561288152020332 -0.201144150097697
0.0986795401884001 -0.131028988223868 0.0461334101210424 -0.168018019440885
0.115003688237596 -0.126014628082581 0.158123487930887 -0.163922262010952
0.140461445746882 -0.118702949084346 0.287555483966842 -0.0908745256748207
0.196118300211538 -0.0769078399060703 0.36244657750927 0.0443664821548782
0.224780061562377 0.0218665730789875 0.260166174877346 0.248315546425797
0.217724361865533 0.171799801443668 0.00110223585925484 0.282496840546876
0.10298171122317 0.299341148968599 -0.160978950249248 0.0885882968435045
-0.0214918972063794 0.288088021408415 -0.0493049115396943 -0.258258201489512
-0.0808469493544909 0.129070623827311 -0.106817655723102 -0.390460955925247
0.0033990487724118 0.174719139442379 0.000316096975601438 -0.369591801963658
0.105620260159449 0.115542680899798 0.0409899748256936 -0.355650663265792
0.107290984626546 0.0179123533033756 0.0484584642627068 -0.301502263002649
0.0834853430628015 -0.0128384072485862 0.00413952580010586 -0.323050356526095
0.0808369486916747 -0.0465235459520127 -0.0586643531058047 -0.28086969744051
0.0628651405070625 -0.0609204248535916 -0.025608043865182 -0.240205198433212
0.06986193412449 -0.0505908452160453 0.0794820737852192 -0.204811045196298
0.0805196680769008 -0.050724862025688 0.197534746822425 -0.184649422101284
0.0902395207600069 -0.042530145126623 0.321054588425404 -0.0837507908516578
0.121781108438658 -0.0132871125626092 0.370455588935716 0.0661950317407799
0.136895592614644 0.041840415528392 0.250281666756432 0.250060832583074
0.123977357224604 0.151953616323309 0.013708299552776 0.243838122334305
0.00786097045356132 0.225986019449913 -0.113171427861669 0.0412228159934667
-0.0867777804996394 0.166735345497734 0.00487274270268339 -0.308299783155129
0.108613843234236 -0.025289221513086 0.0303901491160412 0.368435599652407
0.00331873076626903 -0.115113672971472 0.145814925751432 0.0152926371017845
-0.0706990687214917 -0.0705360034070223 -0.0304773894867302 -0.243121888661922
-0.0422622707196952 0.00835877631894419 -0.28855339199291 -0.276502789645998
-0.00734649451954532 -0.00404360135877371 -0.425541035388661 -0.0514626358043162
-0.0198595834439756 -0.0166002994053098 -0.367071621778329 0.144563171093606
-0.0375426080989505 -0.0209960708797914 -0.241765160280599 0.236239645931263
-0.0486595828919982 -0.0370815371997466 -0.071971992276099 0.269944236587444
-0.0417520702375682 -0.045972160841823 0.0406376922111793 0.262848623820743
-0.0198056233637548 -0.0583418073701784 0.116539490610219 0.286069530244866
0.0122347328168367 -0.0564842221960208 0.0844012923417085 0.334066741814436
0.0279126021632635 -0.0186271752768633 0.00908267317958342 0.358424534869124
0.0080652756662636 -0.0455888397158689 0.00232033183508168 0.384765387748357
0.0639752664748709 -0.0749388478516139 0.033137558538043 0.407140800939476
0.129463729677207 0.0115598328296935 0.187543636831026 0.398405139886829
0.13088176313853 0.130668037713085 -0.00990483230012706 0.316559201540586
0.0631299133497087 0.00840363947469519 0.112648523726528 -0.018868336932097
0.00953981852284096 0.00629448208286835 -0.0436757822760667 -0.267508245723502
0.0442566237400769 0.0325994875043395 -0.282556608623692 -0.288766624124479
0.0792521958251146 -0.0281888418871794 -0.411914638112289 -0.0848748789263631
0.0469987363159116 -0.0779928130022274 -0.375847802529647 0.103625090036764
0.00514234426750868 -0.101026918659573 -0.255550127512158 0.203722604769652
-0.0173650058705275 -0.133263214592922 -0.083529957618785 0.240023120775415
-0.0111213766569772 -0.147793543471973 0.0388464358838189 0.221500915018722
0.0242002789262805 -0.171363994543102 0.142201760671357 0.23299694279552
0.102335394756114 -0.168173419348032 0.150770220731783 0.294583858966297
0.171879649564474 -0.0766130565274508 0.073160332785018 0.358270661563669
0.174654447800396 -0.00672395178759017 0.0160618582266636 0.3964371716912
0.196818675688312 0.0456113135204327 0.00787377112115044 0.373365947049282
0.2083393789072 0.156362364826637 0.136307974515133 0.33628713299801
0.131433031578342 0.274933695310488 -0.0388549068584293 0.210039571825331
0.115307834100982 0.147180451206814 0.102396134809741 -0.0952757867626582
0.104871893450297 0.0990500933818961 -0.0456052432542377 -0.32941265565989
0.146544777242023 0.0521769229744476 -0.274881415247626 -0.318510761648762
0.16734123458778 -0.0551683033298332 -0.386192949803162 -0.122017366049311
0.111429673745952 -0.136491064981553 -0.361443724937624 0.0540862068478517
0.0481773457968245 -0.171201104125912 -0.249154183820143 0.147671308041785
0.0150315710410994 -0.209361593565181 -0.0824565902834428 0.176774218588889
0.0183911592706632 -0.226404638120416 0.0414998275308154 0.145783357191524
0.0547416361619276 -0.257266579355391 0.168137346282651 0.145149615892383
0.158423515652069 -0.260794600683249 0.223206302467686 0.215307884986629
0.27021839245108 -0.144573739980337 0.159279267527814 0.333360387174166
0.312571557700577 -0.00340744816521824 0.0432812840071377 0.404551291842764
0.310495512930005 0.135676198262569 -0.0312465832657313 0.343060846651234
0.260883983853083 0.272056573005511 0.0629079693881459 0.238505052216098
0.119361037171241 0.381017962397782 -0.0631267367239241 0.0595883911535054
0.162348268568696 0.272329282768304 0.0928712691671861 -0.196149205507545
0.208158824717472 0.18333930861596 -0.0424079811008621 -0.399865006289597
0.252906294347839 0.0570957847379775 -0.252300010799613 -0.349216489681595
0.242430365391117 -0.089717441818301 -0.338486348345821 -0.165290458849105
0.159611214963962 -0.187585765966875 -0.323885777024641 -0.00961306778874254
0.080727449292549 -0.22134355220933 -0.223346659336949 0.0707554062246075
0.0466512604978859 -0.253791879922465 -0.0698608340488898 0.0891078217526283
0.0487897529939188 -0.268492847614148 0.0488474328239362 0.0483981928772398
0.0825862506581323 -0.298876654621847 0.188673566500645 0.0417923471144072
0.191854301298552 -0.304860211761527 0.28306632022482 0.119360136057481
0.320423841207606 -0.182108446468333 0.237563742048837 0.290555772342578
0.393349525514615 -0.000232219675720301 0.0663206985650265 0.398536495079523
0.371689948860844 0.202964835685529 -0.0798566625312045 0.309847294744754
0.267925261217407 0.350755094496884 -0.0170694266290321 0.117464379735041
0.0972524269757745 0.424201946049039 -0.09475525729645 -0.10911607075465
0.187543128069727 0.349121511905492 0.0598474549917722 -0.299148112317979
0.284482510243389 0.234727076341306 -0.0433563346793312 -0.445686077481744
0.324871620330273 0.0465571058971769 -0.20448923231851 -0.362221116288446
0.283144235272886 -0.118258119142194 -0.263153926642982 -0.217127419110358
0.182244100517399 -0.216007067617738 -0.266758670654211 -0.0868847814120302
0.0963240327279846 -0.240872389589398 -0.185137327401096 -0.0230996851496782
0.0697530688402931 -0.259262762357122 -0.0467506181254597 -0.0102531073427006
0.0766513181957913 -0.267242688796177 0.0657249113210039 -0.053596148874631
0.110161742753383 -0.288822600425543 0.21039928391784 -0.0527504172591969
0.212824232786916 -0.285688180959549 0.325626775100935 0.0353400530987523
0.330631127645708 -0.161411205613194 0.289179746726741 0.247911698574266
0.405224689449312 0.0336238050025414 0.071766444633725 0.377007451058984
0.359724316965793 0.259078652976843 -0.126594088835121 0.262639020630294
0.221626205665863 0.386152756378079 -0.0822107578446485 -0.0193668705588982
0.0621469697820795 0.394705522978558 -0.133853175626253 -0.263768893523153
0.175056171242088 0.35737081076013 0.00644451886290338 -0.375912932936335
0.299240872971276 0.236166931325564 -0.048847787614229 -0.450387624083454
0.326965993767808 0.0287544136080224 -0.134217225535691 -0.353979103836306
0.267697842897346 -0.121793660080512 -0.175096268259124 -0.269106043005995
0.171648394455814 -0.207159953616472 -0.203517604446534 -0.17188601317671
0.0937763080595815 -0.221931171514595 -0.143564190097147 -0.119716763999702
0.0827689637445195 -0.22469427894007 -0.0170760563548804 -0.106963127920904
0.0960285277566524 -0.225504542841331 0.0944885060837192 -0.142893638970312
0.128620009992406 -0.232287559132815 0.241168605163893 -0.120269169574536
0.216473889302985 -0.210540730570807 0.359533084875158 -0.0148306524372135
0.302396438192438 -0.0929938276469882 0.314536622480065 0.220544445805438
0.352730001036708 0.0914949616814864 0.0633767036724698 0.341634081385176
0.281042382587579 0.295258545215521 -0.153886704899437 0.196960058835678
0.134166757627265 0.372313480108103 -0.112706535329741 -0.152929735788983
0.0114502106943811 0.297512524477117 -0.172113139876163 -0.370948677980299
0.123530586220681 0.294903174430612 -0.0461658392190992 -0.409475176568576
0.244338864043355 0.185428037422572 -0.0474998333476575 -0.422819196445654
0.249919496494844 0.00989765717124896 -0.0631378768719241 -0.337730445912312
0.195995995745181 -0.090501967233979 -0.100979127958856 -0.314703268339847
0.131833308746286 -0.152791041491199 -0.148890767390644 -0.244260691966697
0.0781815401845707 -0.162916616602503 -0.106674735965937 -0.202611919927488
0.0816525859610724 -0.156650924835157 0.014418503463334 -0.184933114754953
0.0970738990053784 -0.15408550832594 0.132923498528229 -0.205329219919017
0.124229859039425 -0.147500975199235 0.281698362608195 -0.152572275216466
0.186548680051555 -0.113660634860562 0.387543292499437 -0.0225864420683648
0.236742307323216 -0.0179948526864263 0.318528406858631 0.212106336197041
0.257727261468988 0.136902890615173 0.0547995334661551 0.29595033561226
0.162561563360265 0.2915098536882 -0.144670654916332 0.122484326485617
0.0307370884556199 0.304971161835614 -0.0985707513539633 -0.262265067996308
-0.0540536412156674 0.15634713792595 -0.193719200375352 -0.412326570500126
0.0383003646061297 0.187769746944763 -0.0734531606209577 -0.398718109054792
0.133542031135775 0.105358429343334 -0.0356156049934807 -0.389646983090057
0.118026800031302 0.00319028754408398 -0.0177961158394319 -0.332558442712301
0.0896244014268527 -0.0267452481836875 -0.0677163604093361 -0.341348223219391
0.0773136637075001 -0.0634363404801872 -0.11959071299165 -0.283951628054083
0.0564103913210677 -0.0746484777414449 -0.0805125591414311 -0.2519626400931
0.0669789948385005 -0.0652007428637398 0.0418666667561639 -0.232026364097022
0.0753755580435118 -0.067269497684773 0.170288726247382 -0.234906654944291
0.0872010681393606 -0.05782151840055 0.320042994780873 -0.151469923744468
0.121678777061917 -0.0327087291439843 0.402126126402178 -0.0015632711745226
0.147588870387511 0.0191166503516486 0.30900519884137 0.215595952667449
0.155752422114843 0.133307298818524 0.0597702775157131 0.25363946619946
0.0500470391879629 0.232058987835953 -0.10599518987606 0.0656924259296442
-0.0589160750423395 0.189000401499686 -0.0508617315965899 -0.325593042007226
0.10997511042673 -0.0375635373643593 0.0740871355983348 0.375985194642777
-0.00886482984808018 -0.11595825540561 0.152864088618791 -0.00207384569780756
-0.07964827178995 -0.0632070625069552 -0.0574581820575577 -0.248115547587682
-0.0405126428424628 0.0125521461855433 -0.328932902899231 -0.252186596725328
-0.00732287817812049 -0.00484755138007097 -0.441169773879118 -0.00518117248149293
-0.0231011748851051 -0.0148090811596728 -0.359499104240192 0.190671533850604
-0.0408013342065266 -0.0174580039678524 -0.220676990200987 0.271809001092331
-0.0540833036976867 -0.0319441317235505 -0.0422773923760617 0.287085858368281
-0.0498511123505314 -0.0425598068101269 0.0712517795771019 0.267460151956194
-0.0278366810716732 -0.0591460946948572 0.150743845280839 0.280168827400707
0.00658566398739461 -0.0599786530183569 0.123151196136864 0.333847830077639
0.0277073160484851 -0.0234954840965745 0.0478096525041056 0.368849847250611
0.00434092557362817 -0.0472965403839393 0.0447923656936385 0.39472562972569
0.0568234171518186 -0.0821548285400512 0.077577860463789 0.415144328268571
0.134830863944391 -0.00253187932021531 0.233078154463361 0.392491753351474
0.149803501245823 0.119676803029364 0.0279985001139854 0.328442472518059
0.0658147019942554 0.00345001241970931 0.116095562940276 -0.0322686384537561
0.0100389314405655 0.00710761894423172 -0.072713152256337 -0.271023803860159
0.0503934124612889 0.0277836112218661 -0.322301789463785 -0.266887809195393
0.078275389027393 -0.0394307949364506 -0.43129639444042 -0.0419991341262169
0.0383891903666617 -0.0858387880097245 -0.372988299540481 0.149925556499575
-0.00639752466203863 -0.10439463382417 -0.238749369474531 0.240695506978023
-0.0339602356332198 -0.134823465369475 -0.0575508971240939 0.257197077169586
-0.0301957893593031 -0.152211365166396 0.0643308507648255 0.225805619765093
0.00411437663950531 -0.180405800594659 0.169939748809505 0.223692730627979
0.0850365080285131 -0.184859511197085 0.186671724099989 0.283263589617401
0.168412725017514 -0.0998726979566656 0.11269719990972 0.360971873891965
0.180564928846978 -0.0262850905041372 0.0608628486602842 0.406631252421723
0.207682354440521 0.0254703103916828 0.0487692303986925 0.386000013635894
0.231324034166436 0.13933780325132 0.174392932198833 0.33516605656395
0.166934648272497 0.268423236117922 -0.0133047670423045 0.222338887448076
0.134786233617482 0.13957171995185 0.0978301196032756 -0.107110155734142
0.117539271190899 0.0909929838493644 -0.0812662402108001 -0.334728083861953
0.156813058890357 0.0368682507083449 -0.318148356610065 -0.298435287419611
0.164870637984907 -0.077083815235815 -0.409152194597362 -0.0823272520052523
0.0971129176872745 -0.153622888388237 -0.364154321678885 0.0973121607500651
0.0292332455387814 -0.181491863353821 -0.237990839680789 0.181740721387751
-0.00928583995414406 -0.21741238932262 -0.0649663620568052 0.192381961727596
-0.00893752397580671 -0.236552924771392 0.0576613251477892 0.146877787379123
0.0255490116281472 -0.27300921829223 0.185935965914509 0.130114503613218
0.131348600455145 -0.287363631093061 0.251900131443105 0.19373718287672
0.261307219262187 -0.180792080697736 0.198802467190489 0.325154658764508
0.321784432884728 -0.0389838480842378 0.091148763354871 0.412201325194084
0.334498249186804 0.1035550987117 0.00565202554414092 0.359957670643681
0.298811156385231 0.252846951844024 0.0907715844640047 0.243119099951257
0.165904204134238 0.377554796102142 -0.0553296485404179 0.0713373954986639
0.196863297426949 0.261849490145706 0.0776116472103243 -0.208232593506652
0.233642508473683 0.16615083905437 -0.0850705327283166 -0.406431109151923
0.266257847828499 0.029679064121519 -0.297557682663198 -0.332147619935959
0.238325541442095 -0.121130217221147 -0.364904481849239 -0.132810112697098
0.140866142606876 -0.211615401627427 -0.332535777655999 0.0281982739295332
0.0560766769947753 -0.236808689714914 -0.220444225634274 0.0984562002939309
0.017111960212287 -0.26676621374183 -0.0624461109398275 0.100464324296135
0.0165015233864863 -0.282942896005859 0.0540673963398043 0.0459006334824111
0.0482968826984025 -0.319424790186426 0.194757158307403 0.0219003831220145
0.160272838910017 -0.336097775612375 0.300660024188323 0.0877463400052825
0.307957390691197 -0.22503672630104 0.273236624327767 0.27325175156852
0.403660023018315 -0.0447783904982139 0.115179128730542 0.404166771746348
0.405102991336028 0.165643906529668 -0.0463026957582146 0.330394582988371
0.314983888103449 0.332670898280989 -0.00476420539952909 0.12619746747524
0.14971772859615 0.424936151446441 -0.106122077925537 -0.0999413819519801
0.230490416696621 0.338012014860133 0.0329855057728635 -0.309462446324481
0.316464541054228 0.210458712550597 -0.0907145184453416 -0.452487122403838
0.338923383281115 0.0108130993772239 -0.249531651643138 -0.352586411545864
0.276970943440218 -0.154433835189501 -0.295530098626651 -0.195288347502971
0.160109228355209 -0.243096496151703 -0.28322055349686 -0.0593771167340879
0.0692800784311905 -0.258823811526967 -0.192356087808234 -0.0027990547087585
0.0411835579921089 -0.275673486263456 -0.0504361317653882 -0.00533850696265421
0.0457338053104601 -0.28512615077237 0.0589733324593715 -0.0612700692180656
0.0777701019688411 -0.311797152339598 0.205505500928 -0.077787867423146
0.183427802290265 -0.319089823397617 0.335914697388492 -0.00394376764737161
0.320166022914775 -0.204538268574461 0.323017875170704 0.221325752478775
0.419841125113282 -0.0115469639535156 0.117308198390878 0.381876619926134
0.399644553656961 0.223718860422825 -0.0997263956168012 0.287854498919345
0.271492629897197 0.373874034576286 -0.086360877292634 -0.00700234046647164
0.110075398162842 0.398724154111704 -0.164230396102804 -0.255626173854376
0.220160957732456 0.347386546479236 -0.0305230628615412 -0.383479215487095
0.332454869903347 0.20828751087048 -0.0975858340002202 -0.456595533406656
0.338456683751002 -0.00745074872770536 -0.176253844616146 -0.351784788061017
0.261104679919706 -0.155930742617538 -0.210724920896405 -0.258906194730628
0.15029055815896 -0.23232979731978 -0.226692915312581 -0.154016979975251
0.069804992621543 -0.238741556294666 -0.160861258445062 -0.10789638469318
0.0583264629475301 -0.241832847018065 -0.0308505128330672 -0.108494117671449
0.0710852117207992 -0.243892354566288 0.0773937502620541 -0.15760939942345
0.104740565086344 -0.255485513009412 0.231356870214628 -0.152043917532562
0.195374404795236 -0.242398328338244 0.365019854326738 -0.0588836041951313
0.299554533158403 -0.130330277926896 0.344763273617438 0.190121505009087
0.370564607575319 0.0544586777967921 0.104134799169862 0.345696463571395
0.321214285842328 0.27016481205021 -0.134429228813827 0.221939656332523
0.180639312343447 0.368328996317354 -0.131857417076721 -0.141561198877846
0.0472486622116813 0.304240121181713 -0.216154977311727 -0.363858364180516
0.159797304097822 0.28847857740567 -0.0888824874912078 -0.413707701694578
0.26895076562443 0.162363138969598 -0.0934135922035863 -0.428934098001034
0.256604222285178 -0.018156992673708 -0.102667218761988 -0.342950021029614
0.190989774722319 -0.115224757258245 -0.140316094174499 -0.312956014492852
0.115864398040475 -0.172703608386087 -0.180034222374583 -0.235008827914295
0.0612493833750617 -0.176760773139276 -0.133065753058967 -0.19671712752979
0.0660209837764089 -0.170606929033035 -0.00839031822943049 -0.193373965557047
0.0810281030571156 -0.169952497217679 0.10956582666068 -0.226298856529072
0.110426440987348 -0.166170428801558 0.269264191236514 -0.189453374242364
0.17733148884875 -0.138437105309378 0.392288476269822 -0.071249928635006
0.24048937297442 -0.0447592486403 0.348433161328877 0.181224463959976
0.277494097090015 0.110968257519961 0.0895463661098651 0.299028311503635
0.200376322517015 0.278477551932153 -0.134249399129309 0.144288459902883
0.0664996006096609 0.309341188307024 -0.131084982287081 -0.255854206047648
-0.0360799398273898 0.166626932159573 -0.244313994492985 -0.404630758914028
0.0615484890865008 0.187477379565234 -0.116218033313144 -0.401998586596984
0.146492461559351 0.0926459701196956 -0.0790451598414827 -0.396023823731497
0.120669659319315 -0.00873874043533077 -0.0554561156154613 -0.342922227699558
0.0890651941906986 -0.0365990708015665 -0.109013457420152 -0.34360557892673
0.0706968967806726 -0.07427130205581 -0.154098923240021 -0.279268818689628
0.0493055037839315 -0.0829638360819972 -0.112164423218578 -0.250641249951247
0.0625303410634531 -0.0745885005863473 0.0148224154149888 -0.245006075885245
0.0703328455119263 -0.0770657256860633 0.145080457880485 -0.261365814583064
0.0833410094321704 -0.068330625364668 0.308615898560551 -0.193804012690958
0.120880702486195 -0.0475531960221757 0.410076763572269 -0.0492231787593496
0.153779953924006 0.00393005301088413 0.339648509037956 0.18759620253666
0.171934486409572 0.119709133076767 0.0895625949442864 0.255493019782577
0.0776187307086896 0.229869946361263 -0.100886736633257 0.0809182261261605
-0.0384883945685155 0.19960688982873 -0.0892170431833209 -0.327184285101018
0.10427655840492 -0.0479373752660041 0.112583473861269 0.360086279368249
-0.019165600410042 -0.110120267534538 0.150391612419166 -0.0199932010655458
-0.0822883408280572 -0.051801728938105 -0.0806329903668565 -0.238205526541526
-0.0369010364230323 0.0149781224821188 -0.347171567708136 -0.213169709101438
-0.00734360958869363 -0.00573978537160364 -0.428029877830129 0.0403694630693869
-0.023792389271564 -0.0119336827409611 -0.328409866947875 0.223652779774163
-0.0415426777590651 -0.0125290222984998 -0.18552544449434 0.290343715117575
-0.0559067723800357 -0.0251184027294735 -0.0112012767636247 0.286542377441975
-0.0540096699868719 -0.0368412285533568 0.0977383054408924 0.255997924422818
-0.0345958964549211 -0.0561594317186084 0.173700175336177 0.258474088953512
0.000472308938881754 -0.0597990671691213 0.152747585375598 0.312541645017407
0.0261101175019478 -0.0274357430929726 0.0832742049541746 0.356655140473098
0.00139106593531818 -0.0459573320086914 0.0833436059992414 0.379604904588956
0.0470192955846355 -0.084060064420471 0.115998767141449 0.398970202316153
0.131357904413743 -0.0155349563608398 0.263503988135973 0.363306496179746
0.159307430112745 0.101099208266669 0.0627932526989774 0.31946753279889
0.064527584026429 -0.00144306612822899 0.112948619780596 -0.0434072664303249
0.0105186341957495 0.00769685297025346 -0.0968448153794405 -0.259582436192015
0.0532937762615722 0.0207714576091924 -0.342568127572737 -0.229011733337989
0.0723804993387425 -0.0482983134368154 -0.423357891276518 0.00207532728294462
0.0276641569605015 -0.0876864810339144 -0.346123601626098 0.186040922385712
-0.0174688752054625 -0.100866707038867 -0.207159983943283 0.261244316288629
-0.0474929195990725 -0.128176065620303 -0.0288461399056272 0.258803066517673
-0.0472418752618583 -0.145662506994157 0.0856276737950137 0.216150787459628
-0.0165222772363564 -0.178054071391576 0.186500363059022 0.201095521021415
0.063512767861844 -0.189495281329149 0.208793258410128 0.256694513488913
0.154695570372654 -0.116083027991494 0.145372268748476 0.341864859579931
0.174503514053853 -0.0441769797048991 0.100286705341902 0.390881914622508
0.205122500427949 0.0051965153629231 0.0849254298079251 0.372616879035544
0.240175453944137 0.11444685241352 0.202212586173733 0.313821945031911
0.190999172635578 0.244080183649009 0.0130274360315832 0.220337952631174
0.14528525546076 0.123695815324866 0.0886498302760323 -0.113003473598655
0.123665537188647 0.0784145297291151 -0.110267086303941 -0.319989331916608
0.156985682028019 0.0195402955596993 -0.340096589016111 -0.260594263131318
0.152777083172612 -0.0939547264354055 -0.405861842403143 -0.0398945977072103
0.076986674526306 -0.159620618665703 -0.343351033490268 0.133269295334407
0.0085277355395253 -0.179762288839008 -0.212227205230935 0.202813423757873
-0.0323476773902436 -0.210910996933047 -0.0431321248940077 0.196111782168826
-0.0362072083877769 -0.230876117265076 0.0708524857160664 0.140186174628305
-0.00545519745819596 -0.270651267569116 0.191454516482472 0.108502287197209
0.0969859568579973 -0.294947256786595 0.261886513648065 0.161486172209555
0.235201919570205 -0.204714460534766 0.225226429338775 0.29806230217502
0.310009346905019 -0.0707235103584071 0.131592696891931 0.393617621738917
0.336674505607276 0.0674883292198267 0.041385491351773 0.353838489361489
0.317319811511371 0.219675493299697 0.112258760827573 0.231818313045169
0.202052546408207 0.351588293673568 -0.0421319921783225 0.0765039221517705
0.21827310339772 0.236137065963957 0.0587936227405865 -0.207959659863187
0.243531213399529 0.140249735362955 -0.121418213831361 -0.389068869409152
0.263853496600685 0.00172526403672337 -0.322984635111778 -0.296454060478228
0.220260842258745 -0.144007769909795 -0.36934286202371 -0.094014577195069
0.113506200047264 -0.220799700336836 -0.319668262754302 0.0614370392145425
0.028205660796478 -0.237060304570963 -0.20406924248253 0.119499980665339
-0.0120814886431199 -0.262754583283495 -0.0509556475327822 0.105656458829732
-0.0152696755827692 -0.278698344551037 0.0559518979630441 0.0410906608454114
0.0112681066403948 -0.318507951142951 0.188975023922078 0.00275727380472751
0.119224402098952 -0.345462611452463 0.299095291461214 0.0528428277288667
0.275795668049186 -0.25211073198883 0.292756309766217 0.23788356366752
0.387934704476434 -0.0848805347052085 0.154301542249155 0.383707867781559
0.411720117266644 0.11985260837398 -0.011223880810708 0.330523286709249
0.342274304725606 0.295553285877022 0.00902847882259179 0.127049544824591
0.19096222577503 0.39913727804459 -0.109533242723194 -0.0859924530414393
0.259737996532198 0.307376078168719 0.00669076251525284 -0.301612642962753
0.329335547076242 0.173327366204165 -0.131825239652951 -0.433369338580947
0.331985158833195 -0.0241565788819009 -0.278055292128484 -0.320737239547641
0.253844427307147 -0.180631351256516 -0.307980580633634 -0.161043431274779
0.128775818344491 -0.254245423275538 -0.280721233021284 -0.0284760646961383
0.0396436267343031 -0.260390069382806 -0.18714104124706 0.0174748331365834
0.0105264298303706 -0.274402988940301 -0.0510238004103285 -7.99696298387631E-05
0.0131096613672361 -0.284130323022642 0.0489860578167171 -0.0646197857907471
0.0417537449549103 -0.314040606675451 0.188976729332522 -0.0968243524285645
0.143397634854977 -0.33098291078694 0.322365784479325 -0.0412652896889572
0.290529206664945 -0.232658770263302 0.334857700143147 0.183591512240428
0.406385318605115 -0.0543608096882595 0.154872620708572 0.361876246029667
0.412464486803551 0.176269460089705 -0.0664711756805732 0.293552084665575
0.303447303657808 0.338872673650451 -0.0836402622063613 0.00503001339074575
0.148965454718399 0.376742085988412 -0.182760903352951 -0.232922733169019
0.249614401114579 0.316406075665385 -0.0627841534317503 -0.368228822794939
0.342300656559661 0.169754926517172 -0.138216414063919 -0.435794769529382
0.328899684376117 -0.0419882392088919 -0.206836208670137 -0.327417396652155
0.237854130719398 -0.179625185640098 -0.232531264226992 -0.232079214855373
0.119967786109467 -0.242565689906516 -0.236202753765211 -0.126707805634745
0.0417545595529121 -0.241233200600376 -0.167833210329976 -0.0891900972008902
0.0314762985205466 -0.24294804298747 -0.0436468957372954 -0.103143186270462
0.0422307916053533 -0.245840994898016 0.0569199142945997 -0.160893112270352
0.0734551577629065 -0.260973513388572 0.205782351127487 -0.171557275434876
0.164151383425413 -0.25719531299139 0.345131560182955 -0.0985032969168068
0.278133475845354 -0.157877963732063 0.354414663341043 0.150015060476076
0.36543015402387 0.0158538271263106 0.136921871184902 0.327869172294927
0.340143037153293 0.22884409630775 -0.106660403803121 0.231603704651063
0.213241177008578 0.341007601591982 -0.142027286432253 -0.122031523594123
0.0793344591669081 0.291287750178386 -0.244819988668602 -0.334948002679234
0.185486082903389 0.264707829364259 -0.122446615433657 -0.393493082355904
0.276872681418937 0.130598510132809 -0.133023906260694 -0.408323365978927
0.24807550742848 -0.0431841267614128 -0.134122015077068 -0.326672277264482
0.174609215056428 -0.132109789811036 -0.169579070812759 -0.290750819477962
0.0928411513124922 -0.180641072499972 -0.199270820517383 -0.211494360886798
0.0406331224325853 -0.179486731488691 -0.150051681351385 -0.178952809276224
0.046813056668077 -0.174491725101786 -0.0303053906621016 -0.189274680357292
0.0610234190504951 -0.174013676034959 0.0805670250125606 -0.231615087810552
0.0901190342483686 -0.173212183585904 0.239418816304308 -0.213180466032788
0.157070386384598 -0.153492030794855 0.371892223859733 -0.112107813386747
0.229555063433836 -0.0674446227137062 0.356167479154942 0.141264936857135
0.278947674361967 0.0820191424669584 0.117797062284056 0.285014859777476
0.223500346404908 0.249908168760256 -0.114282868201067 0.15573329058461
0.0967999879719062 0.294000458102976 -0.153757819037704 -0.234383463968872
-0.0167450239723874 0.165310902397837 -0.276771148999307 -0.373040198379185
0.0789875934913718 0.174976874543009 -0.149931395680644 -0.381100888771801
0.150186396833224 0.0753178866086456 -0.114552329286741 -0.378297121993877
0.116198207342394 -0.019494231140343 -0.089010780190808 -0.331434795833719
0.0840952186343713 -0.0448104688046568 -0.142772722836449 -0.323904404777667
0.0590818762729054 -0.0799635793317175 -0.178986756053226 -0.257836171793325
0.0394899655870978 -0.0861994136563581 -0.13547124062156 -0.234949205757979
0.0546448230914854 -0.0795669123089593 -0.013384505274933 -0.241278486013708
0.0601015756395466 -0.08212836489476 0.111477128599911 -0.269819451140376
0.0749394905048431 -0.0751567920471928 0.27832791969489 -0.221363772397563
0.112780936397496 -0.0587642505247833 0.392296331926889 -0.0918956231204645
0.14979110040885 -0.0109559393032495 0.349331734500516 0.148188800688607
0.177312353827423 0.0994602641035488 0.112262664700534 0.241625556173125
0.0981334077341778 0.214963424151346 -0.088209798555426 0.0904291384765789
-0.0169092617096009 0.196670726935528 -0.120883421283049 -0.308575998405114
0.0967328932103939 -0.0519832265936326 0.131027296860933 0.336310124256466
-0.0233555107460976 -0.10162941287253 0.142741541049759 -0.0303377037395601
-0.0794362118815888 -0.0430188339463784 -0.0895048108044821 -0.223171553730844
-0.0331447418160852 0.0149967002614473 -0.343879741522735 -0.182144005475426
-0.00798633795490863 -0.00643112870798776 -0.403138697643284 0.0634239921896603
-0.0233459878496452 -0.0100569914407128 -0.295948720102384 0.234074026022438
-0.0399061865444814 -0.00867805161916976 -0.157389185167335 0.290290814361532
-0.0545626619054998 -0.0202848899680827 0.00815672003784387 0.27597866850567
-0.0545211393692043 -0.0313591546641057 0.108229461341997 0.240874371528085
-0.0373758655077742 -0.0517936763711854 0.178471889354058 0.236416192127737
-0.00281694412233586 -0.0576220431359797 0.163325770273716 0.290168007542108
0.0238058107058482 -0.0286677205628351 0.0994895785252111 0.336197045828247
-0.000419917621115153 -0.0437476572481128 0.100295777543416 0.355251399179115
0.0398678994254577 -0.0805512521972769 0.131410756259724 0.373781938672016
0.124873692087291 -0.0215856586406534 0.269575429779656 0.334153425350254
0.15740699129359 0.0865439592705589 0.0826350501803624 0.30000529819295
0.0621166683445484 -0.00335933877423433 0.107181985422003 -0.0478656795045056
0.0121491394747367 0.00817722322357271 -0.106779742991706 -0.242254789533815
0.0524748704560473 0.0159138606589633 -0.33922602553729 -0.198000026332696
0.065346288050559 -0.0518809061086055 -0.401077913460638 0.0265571527112897
0.0202627454884283 -0.0854434785683737 -0.315622186843969 0.198522872600026
-0.0230350241283896 -0.0947821047843677 -0.179095794931567 0.263569213520287
-0.0529969798474791 -0.118825500476567 -0.0112873229809799 0.25059289403265
-0.0558895592621086 -0.136324071504853 0.0950055348502822 0.202936257261814
-0.0283712771761739 -0.169654443854637 0.186617771343435 0.181315989282704
0.0479753912044736 -0.18532453669134 0.211578751502956 0.231850857154536
0.140632259119564 -0.121604605900623 0.157895039204923 0.318577088803423
0.163868541536039 -0.0531141180338605 0.11826366639939 0.365601229878268
0.195063780162677 -0.00563833360425922 0.101869335344724 0.352404828104873
0.235560996847663 0.0962280009334396 0.209537198771148 0.290775316230833
0.197077024050369 0.220129417709208 0.0300644665216301 0.209582214393896
0.145905264286133 0.110120421878924 0.0815346841832286 -0.111807486069187
0.122276756454982 0.0695555784079658 -0.121942014895908 -0.299547121910309
0.152175949485646 0.00855723035547138 -0.33882920393964 -0.229409847830539
0.138746081096883 -0.100063569428839 -0.387404176947726 -0.0153530393836096
0.0626630927452066 -0.156160822169275 -0.316330874462024 0.148420278266394
-0.00305750527417637 -0.171651076640733 -0.188244274521788 0.207028832681762
-0.0449440665233407 -0.199862266023233 -0.029074549425059 0.191207142980347
-0.0501510102693651 -0.218098848408838 0.0756227195297305 0.130760237234405
-0.0241678705475347 -0.259012815145167 0.186085003161496 0.0931854957551844
0.0731363299636078 -0.286607684867007 0.255190412706391 0.137185914948819
0.211074751364995 -0.21013572784189 0.23039353943723 0.272147287667496
0.291397741209821 -0.0867066249162641 0.148679111522902 0.367220249160713
0.323963166284029 0.0452001814561507 0.0614819931399711 0.33619316621214
0.315376808909662 0.192127867217813 0.120956623579378 0.218476749715022
0.214380906776341 0.321129438939557 -0.0310743607997911 0.0757867045751532
0.221744515751996 0.212114003168721 0.049135850711459 -0.199272311027928
0.238943393689653 0.120534571803895 -0.136316769837291 -0.363999800449773
0.25154792664897 -0.0145376860921311 -0.32481648253727 -0.263849087757095
0.199431887448082 -0.151614799383844 -0.355744106774476 -0.0686917970583362
0.0925332654248617 -0.21676528826731 -0.298776702958411 0.0789537200639831
0.0118440055851236 -0.22731824028206 -0.185673756010035 0.126873794317252
-0.0287929401841883 -0.250172336873453 -0.0427412194379127 0.104468649266525
-0.0337468656818728 -0.265644042349938 0.0549466285628203 0.037833419648391
-0.0111747966937945 -0.305053847665114 0.176618556403711 -0.00730453054207676
0.0898650418060936 -0.336352174892395 0.283091295336711 0.0306557459590316
0.247316282241008 -0.257537941166944 0.290669057695098 0.210153015433878
0.364040966792947 -0.104633032699409 0.17022241172615 0.357051694169718
0.39799706722919 0.0901534444148293 0.0109130740566095 0.317206941861706
0.343222572765119 0.263392079711593 0.0179192921071536 0.123502501234647
0.205964034614907 0.36737250772739 -0.105209480163824 -0.0751805192927166
0.264675062745595 0.276307546531554 -0.00550594937069608 -0.285282053728995
0.322128354877155 0.147464453335621 -0.148790331751245 -0.405477861576489
0.314259976234395 -0.0423153038713085 -0.283196717611283 -0.290566137704656
0.229906904980337 -0.188082001375948 -0.302434745431576 -0.135796707247938
0.104146192225627 -0.249303496375201 -0.267634686648972 -0.00964268202440988
0.019869926899844 -0.249836414943448 -0.176833645552342 0.0282691080644507
-0.00795387808167983 -0.262760923464585 -0.0496005597110472 0.00358697189799157
-0.00707129273948053 -0.271550659833547 0.0410008315894844 -0.063368643728796
0.0177862201750576 -0.303165538838209 0.17065416933546 -0.10167075449087
0.113711430013768 -0.324010899191103 0.299240179544708 -0.0603481621115638
0.261172514693944 -0.239995086697949 0.327845126894026 0.155008613370189
0.381745960931769 -0.0754925212950107 0.169093124772423 0.337035340480953
0.402055218423163 0.141220231665594 -0.0442404667223814 0.284777716911049
0.308795808715709 0.305526341975198 -0.0781241314811688 0.0121720451124084
0.165917071933855 0.348432972431683 -0.183410921530347 -0.211173450756913
0.256111984820715 0.285433816972946 -0.0753853025956556 -0.345475133923935
0.335136700429507 0.142951163371958 -0.154903444636033 -0.407035151713645
0.309863137635915 -0.0592997717447841 -0.216334519372746 -0.301575768668142
0.21610767667086 -0.186076678983058 -0.235588298257809 -0.2077066901749
0.0968955345263991 -0.237950654901169 -0.232285416914925 -0.106143045019123
0.0236446826076408 -0.232361194729182 -0.165718296738482 -0.0745350640879201
0.0145132044336876 -0.234381110945999 -0.0497850726759288 -0.09636237390846
0.0231988278385162 -0.237225131507016 0.0415279357713768 -0.15503542952431
0.0522784735022457 -0.253866153077647 0.181833544932566 -0.175245550646062
0.138012466223931 -0.254641640964723 0.317280406678136 -0.115699069714961
0.254318460767412 -0.16696898926178 0.343891974558757 0.122687213913023
0.347480593234887 -0.00576416026407746 0.150832709867493 0.305733863736893
0.336729623035904 0.196555149522413 -0.0851112242416824 0.229222520744343
0.223934806846594 0.312859515917526 -0.142010207102906 -0.106021349833271
0.0938282836201891 0.27105676958327 -0.25061101535732 -0.306045106503709
0.192451066983384 0.240312771214546 -0.135187527016075 -0.368205622476182
0.269349903613638 0.108463777220803 -0.148773014903689 -0.381372411841369
0.232971329790725 -0.0551419394816139 -0.146999665953848 -0.304303956854681
0.157676604232614 -0.136961562381541 -0.179281268780918 -0.266159370093943
0.0746589102365816 -0.177201653593648 -0.202524171795514 -0.189346225651215
0.026334904681223 -0.173615958532821 -0.154592911188957 -0.161656635184013
0.0342555437492768 -0.169865687929321 -0.0429146623701819 -0.178721846225165
0.046970190343196 -0.169546876478917 0.0592737682950761 -0.224660317990844
0.0743013302186823 -0.171361664631467 0.212254443774684 -0.216678103560245
0.138969554259681 -0.155378080197653 0.343082431473935 -0.129627472907607
0.214254985320271 -0.0774989440094995 0.344843500576301 0.112927717908308
0.268551340152349 0.0615580444033751 0.128576978555061 0.265861774838096
0.226607546492765 0.222333706927985 -0.0981000156175072 0.156096834384952
0.109182045669193 0.273285247224628 -0.159485105058063 -0.212320076195264
-0.00447592394605927 0.156291151020484 -0.284592185651873 -0.3417228299198
0.0856659334128642 0.16069379925401 -0.162189364121949 -0.356001583362042
0.144944942596207 0.0628691678716047 -0.12977581705891 -0.35202615539522
0.109372246317451 -0.0249835652720856 -0.104341578835437 -0.310562153334126
0.0776573978179951 -0.0472766228547659 -0.155509060199606 -0.298594398191305
0.0494871116875948 -0.0790437731027504 -0.185507874491641 -0.235440426277619
0.0315198575358526 -0.0850911703901693 -0.144952813570515 -0.216271620537686
0.0481545080237411 -0.080322535917781 -0.0294599416436129 -0.230209261027297
0.0528779259498704 -0.0805204277263046 0.0860766459340745 -0.26329608919538
0.0669185938260949 -0.0750470516122081 0.248708002590193 -0.226507428323392
0.102672952042133 -0.06227586910516 0.364941499089875 -0.11135671209647
0.142371972456437 -0.0193481190065043 0.340061301759042 0.121189866814454
0.172278590643255 0.0852677553381289 0.120057857913043 0.224869814405741
0.105416561955792 0.196473516646991 -0.0774650873748257 0.091054191957222
-0.00513477825360992 0.186525076762933 -0.133140080825414 -0.284906447259824
0.09289832391442 -0.0527730694569591 0.135959970064591 0.322497447952071
-0.0230528574233009 -0.0968774929213 0.138582517676828 -0.0330668442078738
-0.0758202962340547 -0.0397846392365721 -0.0907098707625031 -0.215386226672723
-0.0310408694817086 0.0138629954050683 -0.336375201159304 -0.170304324075232
-0.00797565702827323 -0.00774449178915856 -0.387057400355676 0.067346597019409
-0.0225780747282381 -0.00948995123927568 -0.278441005791596 0.232973464313397
-0.0380868905723629 -0.00828791000399395 -0.143443705714484 0.28623744315831
-0.0526904371428899 -0.0180753206195577 0.0153233158764619 0.269439555580744
-0.0543039301246592 -0.0286934902142708 0.110990654256359 0.232492576558107
-0.0385935628694263 -0.049404466742318 0.176008735299595 0.226333488622654
-0.00358577522001396 -0.0561424889422852 0.161768700767676 0.277895633908139
0.0238751880843682 -0.0296651294951853 0.102504515934946 0.324927720956184
0.000806634794290814 -0.0424767252944385 0.101634104600251 0.342270316877033
0.0372758762759761 -0.0760552388637196 0.132421849320322 0.360276921759988
0.120364523137222 -0.0223913177811957 0.264602922220092 0.321506112125787
0.154175932913838 0.0798333560416699 0.0890876529627926 0.289058303046623
0.06111332082932 -0.00328322992846572 0.105196768223888 -0.0488702330341962
0.0130338675983576 0.00925554983917547 -0.106149834001359 -0.23402658193996
0.0516465143340256 0.013227275382447 -0.332412858602252 -0.186409163389295
0.0609569029054291 -0.053221203635071 -0.385845253071557 0.0311309884389592
0.0172313311060963 -0.0830466995954001 -0.29879950281244 0.199054352833865
-0.0239947525796772 -0.0915586222253928 -0.165355198900146 0.25952651370453
-0.0542947206264312 -0.113933914161292 -0.00503693911344449 0.244715284971233
-0.0577965250380391 -0.130465038124052 0.096121165231011 0.197067955849671
-0.0321711025103157 -0.164268158530266 0.182152496665876 0.173361598351136
0.0425277111138058 -0.180960843929373 0.206975055011779 0.220271080482402
0.133381302715916 -0.120964026279307 0.157232856798166 0.305928135015043
0.158734677025069 -0.0544755545568878 0.120522595575365 0.351770478581299
0.189054665006134 -0.00710352358061899 0.104142453796544 0.341269764668496
0.230320825465332 0.0911664631252092 0.207979891437213 0.281604737467937
0.194519621828888 0.208644149176667 0.0377109593295101 0.202259937871289
0.143184672301492 0.1051571933145 0.0806732805599906 -0.108835193905084
0.120156487665801 0.0665310761115364 -0.121747766895308 -0.288915484029701
0.147818698851712 0.00463434847594558 -0.331683069265238 -0.216768442108517
0.131290526302314 -0.100800969288975 -0.373464537363749 -0.00937849207376877
0.055484745743413 -0.152423995880099 -0.300921633226551 0.150187699944607
-0.00756247602736881 -0.166059965516816 -0.175665613872617 0.206113460381585
-0.0479938670989607 -0.192799732310277 -0.0231470440391938 0.186751976250494
-0.0546948615514092 -0.210241363157573 0.0753962874151587 0.12791718397812
-0.0305414434810646 -0.250868879370793 0.17934802855041 0.0886430103140642
0.0632726221124428 -0.279641631847328 0.246410969601413 0.127576987368237
0.200482081417473 -0.208557924340216 0.227126942437747 0.260065128463739
0.280527456392908 -0.0890202974333642 0.151331043128341 0.353392897906487
0.313708914036264 0.0380543238993831 0.0660334442930983 0.326247517789009
0.308712770208224 0.183447663808028 0.121730350896413 0.212673018059021
0.213850541584403 0.304987194417691 -0.0242794114671183 0.0735300451594098
0.218163797490107 0.202142464998126 0.049208375626261 -0.192205674645039
0.233448254506944 0.113895644440811 -0.135416375133838 -0.350757108008732
0.242662490894011 -0.0193688390513694 -0.318078066528213 -0.251162523363268
0.18881721501417 -0.152089488776235 -0.34415804585201 -0.0605242625139599
0.0833559728705795 -0.211159361330245 -0.285973569593524 0.0824357918454503
0.00552410635788867 -0.219972947099482 -0.175323255616847 0.127579347215083
-0.0338231318993427 -0.242714249163985 -0.0394231567066838 0.102980685609886
-0.0406480885543123 -0.25690752894972 0.053424401202388 0.0374939474060214
-0.0193354240293418 -0.296779519068718 0.168289691764128 -0.00831226713834982
0.0785546390967862 -0.327814644422283 0.269792075635123 0.0234860303056018
0.233361401100309 -0.254328470730883 0.283599023113014 0.199181876115074
0.349933540029711 -0.107935971870256 0.172025919405863 0.342914962951471
0.387057165746524 0.0800330878519505 0.0179307838219006 0.308851303769012
0.337401718809669 0.251735108783944 0.0206232739552634 0.122026648565947
0.207181195460156 0.349769273383959 -0.0988069924236846 -0.0711481425384325
0.261750965137418 0.262549801907405 -0.00446778475258479 -0.274310087545395
0.314121579646947 0.138141141905358 -0.148040241966656 -0.38961997732895
0.304110068232701 -0.0473927173685638 -0.277814977570347 -0.276662129136077
0.2177197584652 -0.188087760484815 -0.293989045343045 -0.126241373816414
0.093803467285014 -0.242652695494171 -0.257420839889757 -0.00362618087742495
0.012562699258569 -0.241854882091759 -0.169719250281971 0.0314693010252056
-0.0142319728873339 -0.254638839827136 -0.0487136814673823 0.00503012270667534
-0.0143033443244418 -0.263239648216732 0.0368785166114314 -0.0599421999086559
0.00846556305628599 -0.294795004992016 0.160783167299437 -0.100334034501624
0.100704946555294 -0.316599964776583 0.283440672434219 -0.0649125030120612
0.247466163564008 -0.237903784399334 0.317989312623546 0.144846074987122
0.367531610029767 -0.0791968618622314 0.170783388410272 0.324107098308925
0.390962993047706 0.129688452508147 -0.0345595986043738 0.277851819075491
0.305243979735822 0.292541432950508 -0.073674748393134 0.0154407774549374
0.167311865923993 0.332304603233663 -0.177978828557314 -0.202721073548595
0.252977690367953 0.271504325940545 -0.0740173470527014 -0.332687547193749
0.325135235568872 0.133039334850209 -0.154928488304575 -0.391701328930351
0.299292749416673 -0.0638117968109636 -0.213178317573308 -0.288678758056773
0.203918096262363 -0.185914475263678 -0.231269631071776 -0.196054350427689
0.0866307163769649 -0.230922400919422 -0.22567234535134 -0.098559800447766
0.0164551378553294 -0.225045444743365 -0.162084222483533 -0.0684759142445282
0.00782091399406308 -0.227991186301979 -0.0518194066276166 -0.0924902675516255
0.0165074033826683 -0.230059525382236 0.0350235508349978 -0.149293185315949
0.0438370301724062 -0.247553979750385 0.170253460360814 -0.171751871194204
0.125683110095829 -0.24945008146105 0.30013527031334 -0.118695293314812
0.241895675569943 -0.166377018946058 0.333265868144568 0.112657766394912
0.333858657310146 -0.0107783071402445 0.151742966101498 0.294284144715867
0.328046404607599 0.182955958636814 -0.0759494218123942 0.223706205464481
0.221713763167838 0.299860538575451 -0.137874492139045 -0.098210030027292
0.0964472844244308 0.259250370911163 -0.24510685706617 -0.294017137199757
0.190248354517211 0.228578658272095 -0.133029459233591 -0.353973599259929
0.259994448396512 0.100939387546936 -0.148244096495894 -0.36679545469879
0.2244312991565 -0.0577526437728158 -0.146675413445146 -0.292680979894104
0.150100295735017 -0.135931833631802 -0.17760694367933 -0.253603689304226
0.0665599725345136 -0.171503917583247 -0.198858042564334 -0.17918228581764
0.0207636136263615 -0.167947446831839 -0.154190865258142 -0.153756100602945
0.0297152022439257 -0.166541086366762 -0.0476767243679281 -0.173026467873236
0.0417197460404712 -0.16470098909343 0.0505401879003285 -0.217937612251599
0.06768831247414 -0.167405751185774 0.197920632895014 -0.212813480709128
0.129764623704773 -0.152455787474579 0.325026901343372 -0.132654972510078
0.204792005586671 -0.0790312567231172 0.335225891672416 0.103685000485726
0.258673397392028 0.0564625500139801 0.129335123127174 0.257089881568767
0.220960087110903 0.209590460246866 -0.0901581679446764 0.152853945336528
0.109426704507309 0.263139136768116 -0.157754426699817 -0.200716121979305
-0.000857938950187372 0.150276744668918 -0.279392467996811 -0.328807783692921
0.0851899308998372 0.153546985565248 -0.16067612434604 -0.343640468130005
0.138821002419478 0.0592961622266716 -0.129839360299071 -0.339564773675814
0.104938123720737 -0.0251422181396409 -0.107077091237639 -0.300532182642224
0.0750465991498295 -0.0473045900343589 -0.155704039342734 -0.285095724410011
0.0440199589278984 -0.0766321921637375 -0.184059408685106 -0.225072930949263
0.0273729988704952 -0.0826379126108836 -0.145571675650926 -0.206508475017277
0.0456331355748518 -0.0796894995401177 -0.0358410059464504 -0.223403397131987
0.0501922389959642 -0.0785473237249497 0.0754702605079186 -0.255197762530454
0.0631767025609946 -0.0739893332485713 0.234357614437365 -0.223692020661122
0.0977665491298473 -0.0625007028521723 0.346907884128825 -0.115369592672945
0.136329913435836 -0.0209625420358475 0.329030080130572 0.110824099415092
0.165781286513921 0.0806511771727019 0.119828236537621 0.217567207601589
0.104165885968039 0.186933776373233 -0.0719805441778034 0.0902832243201541
-0.0018098841352175 0.178878765161133 -0.135156789686613 -0.271121028758725
0.0974339484749678 -0.0428019007445387 0.101297608194968 0.345646138562425
-0.00823620563671357 -0.0969962906417496 0.148544010388973 -0.014453325691533
-0.0659652293548106 -0.0484663452523309 -0.0584617443247897 -0.228615442776728
-0.0307985401949144 0.00661321654622966 -0.310820664235436 -0.208430638555436
-0.00804061779449832 -0.0125512618767397 -0.388633788716596 0.0186474249478045
-0.0184494660265608 -0.0127848148673857 -0.302560606153945 0.195500134099815
-0.0357940075990324 -0.0116419752056585 -0.173471891669282 0.270986079635815
-0.0484529326203132 -0.024141296309517 -0.0210038713071585 0.271177114246591
-0.0470767482569773 -0.0343237759105853 0.0786025007462193 0.249211972497506
-0.0298590442441918 -0.0534333428149578 0.14074383322881 0.251509182581494
0.00918600019230475 -0.056423475455452 0.11898552918772 0.301499847152441
0.0333736413657934 -0.0275114045880006 0.0538212228777571 0.342200866882834
0.014459663348069 -0.0398423460514806 0.0496810619040474 0.354143854893081
0.0533505550385274 -0.067917898616134 0.0747053346354187 0.378942869234139
0.127492650908812 -0.00578271994572725 0.212711427181741 0.367220760731911
0.142870532037743 0.0959686919450041 0.0489829063425633 0.305488900863655
0.061393183367059 0.00674697703092327 0.111739415865456 -0.032852744016742
0.0138944047295893 0.0122674610619186 -0.0762287781216398 -0.246968807500903
0.0507573399984503 0.0186505753251045 -0.308161133679737 -0.222217589109558
0.0660191173045338 -0.0458922397979755 -0.385122208967025 -0.0138531696083508
0.0305840604279614 -0.0796068894597984 -0.317671408581363 0.163458489640173
-0.0103527221865466 -0.0932946047590966 -0.192494074853795 0.243834334276724
-0.0372018499509413 -0.120438880471498 -0.0371099888657874 0.243131158914311
-0.0369824013452332 -0.135172264594249 0.067697481652136 0.212154333040031
-0.00820908487474573 -0.166110667207806 0.151945120982206 0.200104569733707
0.0707882857937912 -0.171916001943792 0.168663935977245 0.24914365811661
0.155436041491073 -0.10198065983583 0.110443214189229 0.330752613121791
0.171688487209555 -0.0292542490932703 0.0667870712397814 0.364594442765552
0.192163242490681 0.0222530127699535 0.0509930839597719 0.351277678186116
0.218318754585771 0.124134609599651 0.163577020520939 0.315993717488266
0.167857106726244 0.227429704712318 -0.00299052009873175 0.210727480257012
0.127605366601783 0.124804471000685 0.0897725694650055 -0.0946053908507926
0.111314120419339 0.0837948678229255 -0.0910287577703971 -0.3002776583166
0.145974512590613 0.0253044318177188 -0.306938130189456 -0.249148997254721
0.142075665591213 -0.0816266487815352 -0.371895574547247 -0.0499576030608331
0.077237491477529 -0.142175800547326 -0.314248859152252 0.11870762119419
0.0161497336957726 -0.165041683323043 -0.198764257950916 0.190539361431018
-0.0206172168875719 -0.198097249869047 -0.0477660430316052 0.182639983017942
-0.0241165850414335 -0.21390328408195 0.0559468906195474 0.14038522393226
0.00420935814431593 -0.252374591773314 0.158913855106336 0.116380667075058
0.103864106796209 -0.266721552356489 0.219151951886687 0.162585880883003
0.232943995766262 -0.179686699675402 0.183599975515679 0.294831343064462
0.296566064343774 -0.0475236179761353 0.0948097329681223 0.369255744784046
0.307627087277956 0.0859917310695803 0.0156227294313295 0.327631049003534
0.28176071752114 0.22899768631719 0.0891568634946639 0.231004414245964
0.175447363041019 0.325854706820327 -0.0562331603017279 0.0728718814839291
0.188413971064717 0.23042021444488 0.0636007256111433 -0.181153117108183
0.21625907484843 0.146233365766078 -0.104406351793618 -0.36020881270808
0.242966777293592 0.015447722644856 -0.292965138310612 -0.279239672811334
0.206196645643057 -0.123092807695142 -0.337548219978624 -0.0928951548378454
0.111161169982833 -0.195503812445023 -0.289706020297617 0.056623992720783
0.0360724284352052 -0.217183043061652 -0.190543155733852 0.112861263244274
3.27877911627983E-05 -0.246241134236182 -0.0523615329652061 0.0972582986722985
-0.00502076781836852 -0.258125497249607 0.0448656354750239 0.046676446025042
0.0207438054832285 -0.296054373979153 0.160318290176577 0.0178927373425472
0.12347174156281 -0.31275198297085 0.255078156360055 0.0622823198950207
0.271082291734104 -0.221016441457936 0.247680426045378 0.24315411211228
0.3666950757066 -0.0561237315804546 0.117633133258936 0.361872035108825
0.372210098288863 0.136511883577029 -0.0281671158985284 0.30094954589151
0.297294665967744 0.301997934183451 0.00261352850578167 0.123588407962614
0.163517995156806 0.371053257761411 -0.116339722443504 -0.0839209035056523
0.223856077670565 0.295496619048289 0.0162921943742052 -0.270358049210063
0.292574746357087 0.18036416546362 -0.116096554895467 -0.396455178182923
0.306322024901252 -0.00363675427089019 -0.251654552778521 -0.296693338020428
0.239825566739183 -0.15401622879489 -0.281055631888296 -0.149231403907915
0.124888665501144 -0.224225075611941 -0.251428084311308 -0.0251005708279098
0.0458624571737058 -0.23895723094805 -0.174014659393237 0.0173570023710543
0.020859095214433 -0.256351668798591 -0.049532229651307 -0.00231440530728218
0.0213491040257772 -0.261553331735614 0.04175559025168 -0.0528534741676105
0.0468774984896121 -0.29024119009313 0.16597595409486 -0.07546447985169
0.143443165672296 -0.29912303802404 0.280279534987863 -0.0242389478826249
0.281668701866571 -0.203059321083933 0.28958725007309 0.192243568802384
0.379142546001413 -0.0260450770429181 0.11901285477002 0.341852780458564
0.367656835559185 0.186040766310949 -0.0743389755243526 0.26181387904308
0.25727756926107 0.337939079189689 -0.0753195144815729 0.000839698094999258
0.127944434782585 0.348361089391678 -0.178573424101184 -0.226990366632671
0.214588273098127 0.302909576197245 -0.0459595653573077 -0.338929435857505
0.302946467031196 0.176951554011563 -0.121651511287521 -0.398790512656285
0.303556078567653 -0.0193139340256739 -0.186582747381369 -0.300458210873619
0.227381964340676 -0.153010879687587 -0.209520053397249 -0.210439346993711
0.115276964261372 -0.213122770835061 -0.207602272039707 -0.116553316640985
0.0459760627982323 -0.221271451604706 -0.155538256564314 -0.0826080728549339
0.0402697558077583 -0.227294422789278 -0.039393432431534 -0.0997684990373033
0.0469855619111559 -0.225317604347007 0.0524802677909018 -0.14333921716615
0.07534457255876 -0.239366050325197 0.186383108870464 -0.146705628973236
0.157119620058581 -0.229809154296953 0.306942787872165 -0.0767206672293867
0.265249580640603 -0.132788453682302 0.310095734506303 0.161242917929479
0.335193004238426 0.0378117585726709 0.106624403913289 0.311225286324295
0.29686544639049 0.229199358477148 -0.104530761561476 0.202257473792189
0.171694490190796 0.33172033541142 -0.12267249824322 -0.122725287523719
0.0668212038047343 0.268070851321831 -0.227411484428395 -0.328632195353341
0.158480383041418 0.250858094453695 -0.100706223681845 -0.371037580548694
0.243260899017567 0.13565924422221 -0.114232523852027 -0.374747052816655
0.229345211368685 -0.0240703400907077 -0.117391582122438 -0.298634166126073
0.168095368396795 -0.113004044462495 -0.148719767983061 -0.263926746529635
0.0875855682159816 -0.157168452964506 -0.172123479431438 -0.197190778683438
0.0416716522260095 -0.164366020239268 -0.138105142807654 -0.168202835079652
0.0524743765654136 -0.163251369477782 -0.024756905341601 -0.179254477125245
0.0620660331922834 -0.158055744482823 0.076590154574414 -0.209357004239768
0.0886398230240013 -0.157097503901439 0.221067800352355 -0.184656893772042
0.147491737428028 -0.134852469909384 0.335110909263719 -0.0875625102817119
0.215831942368405 -0.0523713089213052 0.315202701869267 0.151309790720375
0.250742975233706 0.0930842100281574 0.0907886520885678 0.271210479482059
0.186477611416053 0.239295949021193 -0.106511882273677 0.131632092561698
0.0655300506179421 0.276979041026635 -0.127591055070852 -0.228050213209872
-0.0167683823548673 0.148502195480632 -0.248356646680102 -0.371435853768982
0.0652803910390501 0.162892034623731 -0.125217951755593 -0.368298039453488
0.128662297437804 0.0782756350142244 -0.0938761825629204 -0.350063493604013
0.107661875156859 -0.00870870284564603 -0.0735906504544125 -0.30650963321328
0.081858228841196 -0.0370053730047874 -0.120924670408911 -0.297173332926321
0.0524419999740035 -0.0663721383039804 -0.153518985750433 -0.245340361324102
0.0367766802207908 -0.0785762506760843 -0.123744475440991 -0.222729658308051
0.0566497694313638 -0.0750146007134332 -0.00687567623454053 -0.227854916961687
0.0596039915468573 -0.0721031669093891 0.107087226483806 -0.243471745343754
0.0727989924210428 -0.066364901979837 0.259568498948692 -0.190956583779242
0.105094922882026 -0.050745160105499 0.357034279059624 -0.0674639401828947
0.13952117388554 -0.00408228912403817 0.310301219436641 0.157260083407173
0.155126980248625 0.103513988025422 0.0866699484977356 0.231928335655555
0.0745549073598781 0.198360028779346 -0.0799534360316335 0.0749189191341956
-0.0334579998493855 0.176394719473811 -0.0946720978062036 -0.294079200084455
0.100295686881911 -0.0460661171348088 0.115612070512588 0.352708536209006
-0.00909014967669875 -0.0989415529732304 0.154436233238462 -0.019577809850639
-0.0672217137873036 -0.0492470900783033 -0.062911522791174 -0.235505518692365
-0.0318463043375862 0.00658851659080249 -0.325313684244659 -0.208258398783542
-0.00963133705925478 -0.0143637246423864 -0.398980204585556 0.0255550410941932
-0.0189714376458371 -0.0143079974391481 -0.30404601436735 0.207364043525152
-0.0369966389110921 -0.0115428113381278 -0.168469772335519 0.284425010325299
-0.0502098179822625 -0.0241889189920722 -0.0130954811163976 0.283144803281746
-0.0499941404067866 -0.0335871225048039 0.0872115766554553 0.258379846427109
-0.0323486224480754 -0.0546173398849214 0.14954725848476 0.258332449971831
0.00810324010629113 -0.0593853802252647 0.127900582968658 0.309778725366693
0.034267507180813 -0.0301934913499971 0.0619881275590547 0.353613147642767
0.0154149499148556 -0.0415103832761181 0.0564161518293419 0.365028650385908
0.054511195748922 -0.068859792448049 0.082103060147542 0.390725270791197
0.132230459829905 -0.00716542200204474 0.224954215226521 0.378707382585073
0.148805736517674 0.0953512794760051 0.0605051549753306 0.313905378558624
0.0636257264828031 0.00624153397138614 0.118148079501831 -0.0362523370889846
0.0158724140426099 0.0125618079982912 -0.0819618051014257 -0.254431339877284
0.0530846609961973 0.0177804515324932 -0.321916954809659 -0.224459110053228
0.0660423113321059 -0.0502418659521595 -0.395948907086815 -0.00862741948384117
0.0290448600640089 -0.0832831650547858 -0.321185912701001 0.174711032664268
-0.012915545680142 -0.0959558354693012 -0.190146773714273 0.257076942673153
-0.0415879761585687 -0.123867904983219 -0.0307669652425585 0.255006064423477
-0.0431559569442841 -0.139190942064586 0.0755893652847424 0.220869193620867
-0.014223289568315 -0.17216752622877 0.159712364697489 0.206174707884919
0.0684583716446324 -0.180757470824424 0.176783981282259 0.254803038690865
0.158174489241731 -0.109734520370627 0.119880395933601 0.34140924583046
0.177909881836006 -0.0334844090423459 0.075150655542452 0.376260245631281
0.199143080068686 0.0212561700678973 0.0591941713913469 0.363800285249448
0.228895394576621 0.126756158831582 0.175042101888209 0.327296891397146
0.176783347593925 0.23038906089491 0.00640989886100083 0.216410498683695
0.134092480109839 0.12658191624481 0.0956569350461866 -0.0984969952634869
0.116642035696157 0.0855880896170467 -0.0971105781719955 -0.309274330361194
0.151455992829741 0.0221895291680472 -0.320774044746865 -0.253127963723542
0.142998531461478 -0.0886277287681008 -0.382211680618057 -0.0457228459319328
0.0755240605803603 -0.147895977981704 -0.318434055297966 0.1291657523984
0.0124542700295502 -0.171215924741478 -0.197645480331441 0.201713418750395
-0.026776343202928 -0.204942028682859 -0.04425437832768 0.192717501427707
-0.0313755533714778 -0.221488329919762 0.0610006944932176 0.146261249883434
-0.00340206415635392 -0.261237977956514 0.165447933891628 0.119540297532863
0.0997755285336021 -0.279296811093597 0.225593005118388 0.163687783423664
0.235803284217255 -0.19149400378433 0.194793074826057 0.301037351382244
0.305015157634259 -0.0545468829293189 0.10691200497734 0.380964030071987
0.319442062267454 0.084073829378671 0.0244769236406325 0.339639456323423
0.296944294127547 0.234760953659251 0.0981549927844375 0.240543651270484
0.186692350108063 0.331974388527328 -0.0514588395194394 0.0751866489867291
0.199434431231537 0.234888284408686 0.0684952606002369 -0.187072388371117
0.226137298693309 0.148690107719021 -0.111162905864367 -0.370782793525379
0.250665383780759 0.0104950579548145 -0.306889573629611 -0.283370206443884
0.208559025835928 -0.132860758215764 -0.348372141951411 -0.0909552144196855
0.108976127737902 -0.203057142538166 -0.294802342772524 0.0638483368117796
0.0312991799564468 -0.224971042813021 -0.191860564934935 0.120942232694041
-0.00626964020507078 -0.254884570473702 -0.0514962109534156 0.103125914150161
-0.0125227404573025 -0.267713532109603 0.0473735257832524 0.0498747690063635
0.0115866023054877 -0.307661705819999 0.164479886113525 0.0174264331828703
0.118707567844358 -0.327026021619963 0.260544811357679 0.059076981951605
0.274438141611084 -0.234731181308104 0.259517099276666 0.246900435598044
0.37799785968327 -0.064059343219763 0.130435967321208 0.373343307175107
0.386949040227891 0.134648876730761 -0.0209961986530313 0.311888732935055
0.314932069457292 0.309302716716014 0.00701215148553024 0.129140780392223
0.175795911273289 0.377599161498586 -0.117493054793751 -0.0854367065784236
0.236560172522626 0.301344643313 0.0182130587108202 -0.278948840404506
0.304059892888277 0.182618300872779 -0.123604410717996 -0.407761292697881
0.316169248540684 -0.0101209951397202 -0.263748984719997 -0.301918129601136
0.243693231173668 -0.1651854813661 -0.2910559683881 -0.149456120130994
0.12184017151606 -0.232263637295019 -0.25698934679722 -0.0210639515327222
0.0403881582212636 -0.247400377911285 -0.178247256476109 0.0220947289541904
0.0148998971977249 -0.26660505097186 -0.0518051262720689 -0.000207322343853841
0.0149370284718128 -0.271443387207248 0.0408940743393296 -0.0541804121457337
0.0395974221324272 -0.302126887531503 0.168220086070767 -0.0789100139257153
0.138954920904696 -0.312028477086732 0.284878577130584 -0.0299332859450173
0.285895060132141 -0.215207474636818 0.301359485422959 0.193252591952088
0.390889660707194 -0.0325635594331024 0.132718309388617 0.353261772259053
0.38329640620973 0.184423372005039 -0.0688507713464096 0.272171653231125
0.273749387788215 0.345951379671103 -0.0765124301569966 0.00358342483626654
0.139940255816265 0.355935127732987 -0.184859113385771 -0.232708289048712
0.227892661967503 0.308451401767374 -0.0485544084401343 -0.348525874520507
0.316065320381638 0.177863275028762 -0.131089814925912 -0.409437655419766
0.313602719203403 -0.0268061045046481 -0.195827344760408 -0.307293959177706
0.230583727195589 -0.164330376676173 -0.218801569808604 -0.212858677454653
0.112611943914912 -0.220594606488892 -0.214950069547525 -0.116105494977007
0.0410585285636894 -0.229184538746997 -0.161561554536617 -0.0810746077882081
0.0351115793381847 -0.236979379551998 -0.0446914835519805 -0.101913024619706
0.0429808788994543 -0.234479087689964 0.0487211978547975 -0.147963214439604
0.0699789146817827 -0.249431995189135 0.18703931784277 -0.153400948477005
0.155037822977329 -0.240528407234677 0.310025023760156 -0.0843975498114427
0.270377788872986 -0.143171834647269 0.322387063079339 0.160996708690146
0.34618553325496 0.0335841780327217 0.117308481315047 0.322083540207659
0.309984355229563 0.230382914592648 -0.10129931095021 0.211003517202706
0.184452055395156 0.340771405316046 -0.12844744327842 -0.122812657458119
0.0742916376633329 0.273728062921693 -0.239431639835349 -0.33719681733111
0.169486669510144 0.255562840657611 -0.107716253452278 -0.381680711498642
0.25266108849429 0.136790528668977 -0.122668037196382 -0.384823833869145
0.236156050362633 -0.0294409713584418 -0.1251225458108 -0.306559060292595
0.170615159763288 -0.121015339377169 -0.156761103565338 -0.269223664979937
0.0854836019332129 -0.162530834876858 -0.180979056548672 -0.200481272090971
0.037754198858975 -0.170382386469267 -0.146392724450565 -0.169913276585682
0.0499887222569327 -0.171875928786495 -0.0321902115997394 -0.184594434976024
0.0612493590276954 -0.164820481174236 0.0718961658476155 -0.216717430889115
0.0864328241550501 -0.165055418748821 0.22243752096208 -0.194192241140206
0.147955468733271 -0.142517087339535 0.339995300155425 -0.0975487759605343
0.220734848236092 -0.0584874816640188 0.326341932395189 0.150839053507361
0.259641709743928 0.0932263814619034 0.0984127318698805 0.280485737165317
0.195616402916673 0.242598435236044 -0.105455216142156 0.137996096027497
0.0722694036716088 0.285500928792774 -0.136327595020217 -0.231026984282584
-0.0132537460101409 0.152028450004147 -0.262823598082302 -0.383962046466575
0.0709195563918865 0.165289485246514 -0.134224105999014 -0.378838481932546
0.132468852682755 0.0787687142517138 -0.10266629856547 -0.359019727004029
0.110593843485068 -0.0111825942855041 -0.0801111000689741 -0.315719805484729
0.0835842699252206 -0.0403485581439693 -0.128788972754311 -0.303989675864164
0.0513560006405425 -0.067936317936526 -0.163593531575044 -0.251149954437558
0.0348618485843267 -0.0809717181853031 -0.133634505884269 -0.226874500620609
0.0578826315580458 -0.0805231701043579 -0.0148455647326119 -0.236384146458392
0.0602631473228452 -0.075729513687164 0.102840801952944 -0.253422174805416
0.0739674088473522 -0.0700297766218468 0.262497310772954 -0.202554576620663
0.106490241417706 -0.0539071311178015 0.363941576034979 -0.0766340036692107
0.14318533612463 -0.00752526880298486 0.322024374472495 0.157166433665516
0.160461403484789 0.106007910445133 0.0938224356282766 0.240892144408849
0.079162042545244 0.202959547922561 -0.0797961094490371 0.0782656181953841
-0.0324661381021004 0.182366649327543 -0.103458995230877 -0.299681680518278
0.100774456142872 -0.0543319124998405 0.1436462706134 0.355732980861863
-0.0138219112015664 -0.102344768537114 0.161435732956794 -0.0297939647602256
-0.0711702283486596 -0.0480970233114181 -0.0768577367607162 -0.24132803267949
-0.0323684534731694 0.00793793850401422 -0.349584219958385 -0.19818180637285
-0.0122457023234142 -0.0153676167356291 -0.412038388337187 0.0476653941063445
-0.0208582671866807 -0.0142653757323107 -0.298758916372308 0.229754589379836
-0.0391223917523473 -0.0100570018661492 -0.153770251608351 0.305051784153511
-0.053541962279633 -0.0225794197029524 0.00673303074167217 0.297235105577537
-0.0548063869367344 -0.0314995663106459 0.108783595555649 0.265794354802569
-0.0385338286102749 -0.054007716274999 0.169808678264178 0.261401528727709
0.00524940119211852 -0.0632116813301229 0.149289370793372 0.315098539486702
0.0345040673514653 -0.0349620850115954 0.0834927832637583 0.365380083986429
0.0148831777746764 -0.043935111335381 0.0787436514681461 0.375319493356083
0.0533789860918938 -0.0727368381985426 0.105385261205398 0.401611126967486
0.137504988688044 -0.0142530717161427 0.254683822399954 0.385408305919295
0.158843666888079 0.0895317932655079 0.0856460399923177 0.319134951140276
0.0671822418363796 0.00300406233800181 0.124146865065148 -0.0447772776337783
0.0181108420385513 0.0122463033244013 -0.0968751198926812 -0.260320469834218
0.0559295108842193 0.0145883239048767 -0.346170203762778 -0.214760372398979
0.0633944232122827 -0.0570810932853769 -0.410515798740467 0.0121032198528867
0.0246960277629885 -0.0885266451726605 -0.318774397918388 0.198812141670005
-0.0192372929916983 -0.0991838449874328 -0.177944449358559 0.278186922923328
-0.051242963849838 -0.12700391957291 -0.0139292561131598 0.268707712192322
-0.0539433120206752 -0.141869769579934 0.0935829026268251 0.227203135423605
-0.02717342250088 -0.177849349829227 0.177713268558297 0.206929419299052
0.0595474439763731 -0.192949884550006 0.196349171150561 0.255762923210053
0.157885109606959 -0.124637906846368 0.143329777863108 0.348041601661256
0.183289345278995 -0.0453914116608452 0.100972571109847 0.385696792704265
0.20887670681887 0.0125694360306568 0.0812719258768954 0.374809749563656
0.246689284087166 0.119747529655855 0.200792494514601 0.332812321207819
0.195311753867329 0.22813639684644 0.02335966381423 0.222973200191186
0.146512458499409 0.123836791515165 0.0996110521235856 -0.107886121091954
0.126446937279678 0.0831513899605451 -0.115777200839385 -0.317032345335138
0.158377448062701 0.0142609170783327 -0.346163300182295 -0.245171792208073
0.141685556848441 -0.101825168234162 -0.397830541383413 -0.0268541579662853
0.0683839828017305 -0.158011948506473 -0.318432138916527 0.1506032384103
0.00212054167402095 -0.178098333233402 -0.190478218061092 0.220725727308329
-0.0414334586195732 -0.211969901225795 -0.0324604607343951 0.205016952691841
-0.0474551338197523 -0.22867069464996 0.0733163391419045 0.15066483574045
-0.0227109751816385 -0.271913995847378 0.178352450776533 0.116471604382749
0.0855807029623632 -0.297288127626454 0.239848467156633 0.158281508564379
0.233049640830063 -0.213416246998181 0.219316745826671 0.303126274430802
0.31426348419731 -0.073290207466473 0.134330338265955 0.389498269419019
0.336995676642891 0.0692843256835659 0.0449930690355292 0.352099970799495
0.324342343444543 0.228086670653575 0.11722482759342 0.246464223290423
0.211812381807392 0.332568465608339 -0.0446340930472465 0.0793575473348665
0.219478717107978 0.231013065049947 0.0669829494869235 -0.197121934300846
0.243216054327983 0.142583837530908 -0.133336761168423 -0.380004868470903
0.260916953280499 -0.00447908650112654 -0.33234493399087 -0.27766683809418
0.206912719952314 -0.15141564353743 -0.364934932410623 -0.0761798407359345
0.0995838771457568 -0.216361557031738 -0.299425984296756 0.0819282337573088
0.0176087962877043 -0.235234692249213 -0.18839613553686 0.137400981499892
-0.0243380450389874 -0.265904955767072 -0.0465804878353689 0.111918414481258
-0.0311997719709886 -0.27806331748214 0.0527168776602253 0.0508395583156376
-0.0100398597045822 -0.320741924902686 0.171509757580833 0.0108992676494659
0.101228494738671 -0.34797394240618 0.26935318603463 0.0481965858957737
0.270519004031051 -0.261652598122679 0.281808571329492 0.241566452497374
0.388806034172266 -0.0883798141573983 0.159337721035799 0.380343467728557
0.409748590334811 0.118071413082348 -0.00180250321431157 0.324964301755666
0.348180523541163 0.305019711046849 0.0168824176616 0.134869373460962
0.203556226092834 0.38079857127251 -0.123103040371893 -0.0834996931286594
0.263561427653044 0.298186928352774 0.00919635587256011 -0.289838256332464
0.326873573487161 0.17346027353852 -0.148928482083892 -0.417398294165595
0.327023751616697 -0.0299341521519093 -0.28866379163477 -0.299726604300376
0.24175050916244 -0.186985619959503 -0.307802358774816 -0.139554577538309
0.111628240127562 -0.247374731002873 -0.265524653614529 -0.00771145650284382
0.0254425451967739 -0.258229524084013 -0.181189912177514 0.0338681053042358
-0.00254962247638458 -0.27936633994398 -0.054507113240896 0.00384808517936435
-0.00295574277616959 -0.283305574511237 0.0380434631810039 -0.0565697221492653
0.0189085854210574 -0.316230867256864 0.168668685011027 -0.0898954811729634
0.122358324724746 -0.332886565572157 0.288447504304428 -0.0465309171072806
0.282292447549781 -0.242028522502626 0.322902013373572 0.184729957761627
0.403444171144692 -0.0561052580165553 0.160451532213606 0.360193179123161
0.408216135587089 0.170197423061851 -0.0527398498171535 0.285537593298329
0.307103722799852 0.345420200645616 -0.0775081454831684 0.00923057110375972
0.164517679579085 0.359753830655816 -0.202569046278109 -0.233468109904184
0.254320968939508 0.305213315974551 -0.0652353694215739 -0.358569218843476
0.33830485764254 0.167493257678806 -0.15731390740252 -0.417782236757344
0.322255926089631 -0.0467744610760759 -0.219012658684964 -0.307976435994133
0.227513593211054 -0.185749928451116 -0.23605525959088 -0.208499549641479
0.102217977863762 -0.234131357252879 -0.228390262248999 -0.108454911786007
0.0277216258999344 -0.239255114522454 -0.171573456742068 -0.0745461504985939
0.020630079301095 -0.250059219430938 -0.0549513891900877 -0.102423258111511
0.029053023543788 -0.24611482329884 0.0395383850396638 -0.154570078573112
0.0547274460917556 -0.263677506722069 0.183256883712093 -0.168514103324455
0.143982967209283 -0.258809727141624 0.311308329002307 -0.104810042336542
0.271059925033727 -0.164698372924982 0.342139161970456 0.149490826212456
0.361677591265601 0.0168292949988257 0.143708863305161 0.329299365235348
0.335099692388722 0.220855498023197 -0.0907164242685514 0.223659792962077
0.213505817328278 0.344169654165423 -0.139443282062556 -0.119252925211205
0.093077020928709 0.278453146208537 -0.266992859063742 -0.339542421466435
0.19054446391922 0.2535929979183 -0.129086786495736 -0.389719835531883
0.269010099607161 0.12862122916751 -0.148350896621139 -0.393243435039352
0.242020970854532 -0.0448114793176711 -0.145313075589772 -0.311802460348636
0.168959030836162 -0.13712742252102 -0.175977761954673 -0.270001573282486
0.0777367784897115 -0.171748805653465 -0.198662007005524 -0.197572176224207
0.0279959570098034 -0.178563786401568 -0.162569692225075 -0.16778823011379
0.0410363213094896 -0.1830671467145 -0.0470919434293218 -0.190491214470094
0.0531020701449482 -0.175092648740515 0.0587991677182951 -0.228183443379779
0.0781919502161932 -0.176403239090278 0.217108642521572 -0.214295442393111
0.143310516154887 -0.156864920311607 0.342450853903171 -0.121029306548485
0.224820567147519 -0.0733844720498256 0.347156242575075 0.137870783752266
0.274796716337583 0.0835038598714782 0.121423126896275 0.28812102784735
0.216373508310899 0.240224838602477 -0.0986480447751204 0.14874254014341
0.0922779891508103 0.292301194012388 -0.154403643213303 -0.230327571528785
-0.00455551077146934 0.157085911539007 -0.295819808189319 -0.385053050745761
0.0835009147145913 0.165811144791544 -0.16016695236429 -0.386982310322831
0.140910327827322 0.0750460874114913 -0.125678431811678 -0.367991801023739
0.113375662011539 -0.0182050253417015 -0.10016757791346 -0.323291194161789
0.0843802000608924 -0.0475431132968776 -0.149767359261651 -0.30778249899354
0.0482031588114498 -0.0713834798657318 -0.184044361544813 -0.251397915218253
0.0302249406821558 -0.0856378905888337 -0.153739647837206 -0.227931191466174
0.0547620397460784 -0.0889190356995627 -0.0322266127700479 -0.245428265153592
0.0592521310724003 -0.0825982854161937 0.0888701776765594 -0.268180714209606
0.0721555534254747 -0.0773408719632291 0.257353924280485 -0.225619492472418
0.106008845111344 -0.0623528312969865 0.368949049871827 -0.101096423611474
0.145976835588568 -0.0160418736444296 0.343390838432582 0.145180371356431
0.172011293521783 0.10208969803414 0.111589911990111 0.246912732028131
0.0930095121426016 0.205040927383833 -0.0775714191553835 0.0855723672398622
-0.0229266716602429 0.191021659972942 -0.125880547323155 -0.302201279240315
0.0967051387146788 -0.0635940027340178 0.177892987841081 0.344154908930223
-0.0222986642061666 -0.102042295455277 0.162186321964065 -0.0450501888712848
-0.0751633989719481 -0.0436601055986027 -0.0956864213738498 -0.238255643034636
-0.0320231025541925 0.0103382990444737 -0.368136990621965 -0.171608227586925
-0.0151764687511377 -0.0153499410148251 -0.41063742201612 0.0814333809085008
-0.0232235895732629 -0.0140548137735592 -0.279164784760838 0.253990258321694
-0.0391246973601853 -0.00649038694890523 -0.125163182599158 0.319648784901625
-0.0561686263253865 -0.0185118589354903 0.0369146531934347 0.300693892957814
-0.0581781582829249 -0.0266429689344105 0.134882661263336 0.260904280239791
-0.0437887334365729 -0.0503729419012629 0.193881948992939 0.251243840970413
-0.000766641007768303 -0.0656228737188293 0.177005105065767 0.307362473212169
0.0315783442880623 -0.0390242068445459 0.115137740065482 0.361823305992788
0.0115614385176827 -0.0456698875684932 0.108425282650412 0.371533244176148
0.0483022604367388 -0.0756982332327215 0.137177787718066 0.398898104678627
0.13815446706781 -0.0252540913435486 0.287613674739987 0.371478021605475
0.166342217362025 0.0765643709882491 0.116970116133531 0.311961374939425
0.067526198093515 -0.00203593948521498 0.126002149003824 -0.0565426567233053
0.0196141552330811 0.0113548422503482 -0.117297843918316 -0.256614892177195
0.0575952934149681 0.00980589694972467 -0.365733385749128 -0.189127695069091
0.0573894428773298 -0.0633737396860483 -0.411681668571159 0.0449293607062449
0.0162108671550052 -0.0918682563291932 -0.301647216705594 0.223597339955625
-0.0274067623446193 -0.0982266491121701 -0.153055161367822 0.294608784150583
-0.0635565852573087 -0.124119807143477 0.0132097009026585 0.274165985233792
-0.0681299955120462 -0.138142106120525 0.116205129549871 0.223024553253308
-0.0442883766717794 -0.176610304139973 0.197191188044305 0.196197808133219
0.0419320572784151 -0.201027583077818 0.217626342644978 0.242606297265098
0.147868704969405 -0.140220425628234 0.174224400309559 0.339991962453281
0.182380549476379 -0.0608098725408176 0.134303132994721 0.379625218458523
0.212065680663689 -0.00258922236366863 0.112837694881555 0.372196404622812
0.260063473592556 0.101345487155426 0.231587966227983 0.322035408155267
0.214638724590459 0.213549898986665 0.0469161051987731 0.21923800079805
0.157279866897677 0.113254730820281 0.0972881309781826 -0.117642006549585
0.134907799829194 0.0746255626653745 -0.141732498743803 -0.311961414560647
0.160590466314099 0.000764658712638999 -0.36816710751172 -0.219535429052774
0.131965241192569 -0.114605808187623 -0.40231407999253 0.00441644845644265
0.054666895470844 -0.164398720620489 -0.305155930020912 0.17642221555296
-0.0133228515109219 -0.179450348479253 -0.169294374162021 0.238210094400518
-0.061134943304134 -0.21104935479811 -0.0120758859978372 0.210826966079213
-0.0695918263075786 -0.226367621755878 0.0892796250568787 0.147628168074265
-0.0485863449564786 -0.271708418026958 0.190774311683877 0.105461841026493
0.0582683466124874 -0.307777077994864 0.253062252502526 0.142061909392211
0.216330019475889 -0.236102115176013 0.245983215309677 0.289083090184972
0.311834358116576 -0.100701970564254 0.17004306022565 0.380338561787775
0.346073232756113 0.0440945637631859 0.0759126818815034 0.351275120992802
0.34827246129652 0.204566228335593 0.140573201182887 0.239961931834484
0.240040328510862 0.318210007290471 -0.0340949915413087 0.0810923969817353
0.240310772015444 0.214804046529497 0.0577967191015222 -0.205462771079861
0.257834314747981 0.125294394522406 -0.164356262548003 -0.374134914196037
0.262748189183687 -0.0262800952390845 -0.355735057587062 -0.254216970867443
0.194203810738859 -0.169752368246244 -0.372935693494966 -0.0473966562189768
0.0811221120520452 -0.22537946092515 -0.292027200617825 0.106747353488615
-0.00308705489517696 -0.238546374456797 -0.175747167182067 0.154125969170757
-0.0495559744846431 -0.266783447349695 -0.0351431299780354 0.118265388307984
-0.0570732565350067 -0.278041041499417 0.0583035390144628 0.0486237775039229
-0.0417453268912516 -0.322008658595145 0.174323265572884 -0.00163035594016161
0.0689191877647837 -0.360218436905718 0.271614500346301 0.0289788822041568
0.24918935649778 -0.287308936907631 0.304332193828585 0.221886112146755
0.385769334490382 -0.121186205312016 0.194952139512505 0.369489252257914
0.424413150244329 0.0861512019116463 0.0270315552889249 0.32773732706896
0.378793100292378 0.278991657730594 0.030006757814144 0.135113154332068
0.235235284308779 0.366292812518447 -0.126968567124218 -0.0763239373184222
0.290279539362695 0.277828175628784 -0.00727596997686148 -0.293074592168728
0.344632401832125 0.149690584470848 -0.183127148452316 -0.409965201970004
0.326868925587802 -0.0573595101033539 -0.314022501751571 -0.279161278943116
0.225627074845803 -0.210018084320125 -0.32026159679694 -0.115968309096898
0.090724212121104 -0.257256062852652 -0.266240941553211 0.0135267586434102
0.00280662658912635 -0.262351449598745 -0.178217062079145 0.0491493948734931
-0.0289059943413266 -0.283473623476783 -0.0541240550812972 0.00986230330662476
-0.0294362289031208 -0.286243568680842 0.0342407597180038 -0.0589706153105886
-0.0120536533829013 -0.320065399480458 0.161737721067318 -0.103299496277784
0.0922522959606859 -0.346943714139332 0.282371348583568 -0.0687426649334612
0.262543161296847 -0.268002978386691 0.340030690773937 0.159825916714892
0.403162889586931 -0.0891266155432686 0.194972189117927 0.350239209685686
0.426489419664771 0.137847114529001 -0.0274533760490084 0.290693573897657
0.341153443278187 0.323392030426689 -0.0760314218526022 0.0152169831052641
0.195017703110125 0.348397876665469 -0.22114105200656 -0.220564813070521
0.281658773936881 0.285260740470675 -0.0903247916251412 -0.357508482216339
0.355255742196503 0.142334383474592 -0.191044074991279 -0.409859621713053
0.320254713326401 -0.0743313125946674 -0.242974019011459 -0.294361257951805
0.212500340900131 -0.207366648718089 -0.252639649638273 -0.191952663337567
0.0828758664938168 -0.242709974270014 -0.238172366844019 -0.0908497199865405
0.00551092075343511 -0.242648764387519 -0.178732978575796 -0.0607833114317697
-0.00280953943868069 -0.255542434664663 -0.0652130647897531 -0.0977225604075739
0.00704802200810204 -0.251528049483424 0.0258764626523774 -0.157663456661343
0.0292012911462309 -0.269527060701649 0.169274765013709 -0.184004148840003
0.120602611581429 -0.272863003177042 0.301249629690728 -0.130290981768171
0.257501294475305 -0.188654112812692 0.356524805163116 0.122066930951755
0.366284868616055 -0.0119278626329917 0.175141105024214 0.320940278874841
0.355802355923175 0.196013031565666 -0.0704925648159751 0.231309833196717
0.24545055512036 0.329083573930535 -0.15018200731263 -0.107313137337466
0.117118680835227 0.271475283884104 -0.295669479294953 -0.322038897030792
0.212945771076145 0.238262878688925 -0.160095571078827 -0.383472163303868
0.28084234603299 0.108310805504306 -0.180197405206612 -0.384556489360527
0.239136928114552 -0.0660121033077378 -0.169797658392521 -0.304262212197105
0.157242819526034 -0.153423825159492 -0.197063447540964 -0.258774140226253
0.0633608121058076 -0.177238648453323 -0.215771722876302 -0.183912076910176
0.0118877391443978 -0.18088058900535 -0.17872100379034 -0.155658805819934
0.0243349104622172 -0.190905096360434 -0.0659754116964323 -0.187799143550523
0.0383590131462137 -0.18266990784027 0.0373062887770044 -0.233173569611319
0.0615475915723254 -0.184013356835256 0.198493918395961 -0.233326205277992
0.129349908215222 -0.169555505375435 0.331155851195705 -0.148538116946617
0.218605778306119 -0.0931772617396838 0.359313410623812 0.110921229049183
0.284352625875555 0.0626441749818588 0.148824415258062 0.281892161778324
0.237878402720123 0.22395197685079 -0.0863089557011256 0.156103468789749
0.117805942068607 0.287569848773723 -0.174947554520261 -0.217000364304443
0.00836505734981196 0.156807679648248 -0.330296376692649 -0.366881810131273
0.0976847225370498 0.15834294558849 -0.19183020858428 -0.378177066841058
0.147399142703197 0.0653622758663853 -0.156442202066285 -0.361129227964225
0.111284209317166 -0.0274658592951759 -0.125405948004915 -0.319478549461734
0.0800474581929099 -0.0556448362193074 -0.173394614624579 -0.298782866333036
0.042144812869507 -0.0741175176041956 -0.20659205424169 -0.239397752541744
0.0222322465300245 -0.0873898029025858 -0.175817637298526 -0.216707392692915
0.0474595141986364 -0.096724293186801 -0.0569334335408093 -0.245225272244549
0.0536358645967496 -0.0881741736961514 0.0632697603293795 -0.276487396747853
0.0656996482062914 -0.0834011241551933 0.237611670148804 -0.24880678741315
0.101136470895222 -0.0713769281609187 0.360515415563242 -0.131493230495946
0.14503107313104 -0.0275614042708881 0.356719798585866 0.117752632354672
0.181109573098949 0.0896418677631541 0.134149031974152 0.241740795848963
0.109510383695361 0.199180491723305 -0.0693800998996264 0.0915804620742075
-0.00726972573719259 0.195011930097476 -0.152710364735218 -0.292335189780428
0.0881668325719596 -0.0698318682270238 0.199730892977359 0.316603074751361
-0.0288735894257272 -0.0962008640831885 0.155912175865691 -0.0581735775059438
-0.076154622190819 -0.0370011251826669 -0.108854903506504 -0.225514192885556
-0.0298924193939047 0.0120770709619095 -0.369457644526084 -0.139611395420236
-0.0170996993622124 -0.0135699578405793 -0.391888122252872 0.108329325093678
-0.0245432501786215 -0.01249848842677 -0.249197165233491 0.263284423119311
-0.0375826508196015 -0.00436259333226354 -0.0944999856794362 0.318508879464153
-0.0566055977634891 -0.0143004252625936 0.063049676970264 0.289737391882796
-0.0587283543326972 -0.0203288340724378 0.153767692986283 0.243780151916964
-0.0467695429402696 -0.0453558481188841 0.206990851660074 0.230581511586971
-0.00645979240146141 -0.0650280773960623 0.194500440126497 0.286278096875029
0.0281108908721196 -0.0405948371443009 0.138018763948596 0.344165920148147
0.00920691500585162 -0.0451914386187014 0.130877647774018 0.351837160265443
0.0426074807656562 -0.0750370251130364 0.160883985124066 0.378627072878227
0.133247775242773 -0.0342595372306802 0.307183211715358 0.343808744686235
0.165628266967262 0.0622465887395461 0.139328996161699 0.290266594869474
0.0650883679994476 -0.00594860448870756 0.122205782527973 -0.0664488482404395
0.0203717600175655 0.00995491266934958 -0.130790487327394 -0.242394845104725
0.0568074779384486 0.0053107286337766 -0.368530989550411 -0.15682885178034
0.0495197645137201 -0.0656584331270714 -0.395913322285065 0.0715708696439878
0.00735590826382085 -0.0904894115782097 -0.273186265826562 0.236779992097154
-0.0340761560957046 -0.0937337314859977 -0.122167253798199 0.296833739458517
-0.072464170216317 -0.116046564284134 0.0386866630491824 0.266552909113854
-0.0781123884274773 -0.12855452901092 0.132287034295304 0.208332506615317
-0.0580308704858174 -0.167064944018515 0.206870715566494 0.177015215534492
0.0238976676457713 -0.199573214862605 0.228755435890322 0.221153113415345
0.132119180968845 -0.147679257056305 0.193671538712087 0.31789309748749
0.173684640977957 -0.0724905940804107 0.157752330018299 0.358385903785316
0.207329408882087 -0.0164352388047829 0.135872923475268 0.354696654276292
0.261930148076633 0.0796570127833996 0.249903710048823 0.298243729662128
0.222604806602208 0.1914980202447 0.0654860105018605 0.206397019854148
0.160242589145543 0.0985695975940746 0.0909651397292801 -0.123173009259295
0.136839468507381 0.063511884656347 -0.158471637413494 -0.294038432493637
0.155692627105906 -0.0113293454100964 -0.37320702716316 -0.187168115010412
0.117918160160815 -0.120910937058925 -0.388812547009457 0.0320592624610657
0.0392964415717067 -0.163404763837801 -0.280824597882573 0.191604361924499
-0.0262878265042741 -0.173195807380418 -0.143209559505614 0.243199818061912
-0.0780601556848441 -0.201027569322069 0.00772413914094177 0.206808303281879
-0.0866472147911073 -0.214908145978495 0.0998761216575938 0.137785724075817
-0.070804205276672 -0.258918654540729 0.194289555097721 0.0895532208898342
0.0303100144032869 -0.304179488765033 0.253594511146933 0.121533611073483
0.19087086585524 -0.245869615037573 0.260091501192302 0.262047305294964
0.296747480653079 -0.120958260782607 0.193972728594379 0.356051675968895
0.34151976552991 0.0187349667539496 0.099643598212927 0.335100263730033
0.355759200159864 0.173304071271121 0.156606180881387 0.223521301971267
0.254920087040768 0.29038299071312 -0.0235365487329088 0.079014867192487
0.248232125258752 0.190883379392761 0.0472890074962371 -0.205596179607718
0.260366951193791 0.104243886451057 -0.185245173931421 -0.351990911752275
0.252324641792822 -0.0458396697949302 -0.363249901863988 -0.221537731848881
0.173959918444427 -0.180200349888355 -0.363185231874608 -0.0210126210094011
0.0606409918892896 -0.224348454031646 -0.273135118495909 0.122865022417328
-0.0214667368297546 -0.23044950399072 -0.156711877415917 0.161688667668221
-0.0716054174108629 -0.256279709962481 -0.0233364975574292 0.118436271438843
-0.0791224807820705 -0.265423930083384 0.0614709031503145 0.0442526539210306
-0.0683428275168218 -0.30822770846386 0.169814565071491 -0.0123626984570036
0.0363699506138018 -0.354993761449991 0.263099896578394 0.0108716748176917
0.218248631396752 -0.297961136746596 0.311220639947393 0.193033816831816
0.367324240558955 -0.146472185988818 0.218995883170667 0.341848128596063
0.419053284853158 0.0525560918616391 0.0516919571143553 0.315065073538751
0.391425810521102 0.242796864420368 0.0407769319711215 0.128248302055827
0.254396816508194 0.337474261096704 -0.126074171859021 -0.0667957142340575
0.300916443211085 0.248226245702775 -0.0227483950660648 -0.285849007378637
0.346569657318735 0.1208497394432 -0.20647099800385 -0.385343601400662
0.311570937330137 -0.0806557196828491 -0.323027198195653 -0.250003914720278
0.20127127953167 -0.221201882455013 -0.316740656091215 -0.0915180439754662
0.0674460156807915 -0.254896205433812 -0.25535120281455 0.0310119153587826
-0.018103149004782 -0.253673812807133 -0.167400435981579 0.0602547040895246
-0.0527135547745985 -0.273604849385026 -0.0516625626211793 0.0143166065374814
-0.0517464184123966 -0.277142253353002 0.0281460787124028 -0.057985037518675
-0.0395779887459494 -0.308007756393241 0.149945115999455 -0.110773291339428
0.0595648987403194 -0.343465361863998 0.265898303087221 -0.0846517816785737
0.232808237280083 -0.280457270640519 0.34199267057314 0.130681683775686
0.386039909918273 -0.116286172626551 0.218293197050246 0.323419988181887
0.424635384908279 0.103053274769253 -0.00391046702750524 0.282071967181364
0.357141140382663 0.287902486009137 -0.0719405363740111 0.0204246063244009
0.214839653775401 0.323217676280275 -0.228344638359295 -0.199281986490973
0.293755285678327 0.255218332473254 -0.108813072998928 -0.341416240359579
0.356584346904659 0.113523855926138 -0.214816759106532 -0.384032380505278
0.303554086464282 -0.0968301204593788 -0.255277235115677 -0.268820212679319
0.189034392922198 -0.21794278050234 -0.257519685792386 -0.169848868011326
0.0612246281074798 -0.240341448835897 -0.235958588618061 -0.0716981331746251
-0.0134432844279978 -0.234109914956193 -0.177542145826677 -0.0456855344631569
-0.0248468347157699 -0.249849910023374 -0.0724035166655637 -0.0901378328179558
-0.0143052825323289 -0.245843013701201 0.0112366015495784 -0.153035117549593
0.00499967434792279 -0.262563317064113 0.149681540585826 -0.189706930634585
0.0929683107391069 -0.274336348056401 0.2788350525308 -0.145654397831746
0.234014526129078 -0.203052857014039 0.354258399799716 0.0924271940368505
0.355909793981681 -0.037914997179332 0.197669981816935 0.297354636790298
0.359025172377824 0.163746891158774 -0.0505682824813371 0.227063774187116
0.264344259013302 0.301487269127522 -0.152917451076087 -0.0929861051623126
0.133284383473847 0.253725772960715 -0.309904345314554 -0.293710974202232
0.223938103324659 0.213268051621886 -0.180540669978707 -0.362471808417393
0.281112855455327 0.0855459402148533 -0.203625204748621 -0.360533551429913
0.22549249765776 -0.0814008621816331 -0.184857210349166 -0.284537311012248
0.139328421176353 -0.16148937771583 -0.208116836839035 -0.237754697096489
0.0483470217611089 -0.175503976952203 -0.223644410649146 -0.163184412609027
-0.00307711760472393 -0.175020771745282 -0.185066370758075 -0.137150505345387
0.0070268046023501 -0.188569131077853 -0.0816292619694767 -0.176880934725065
0.0234598995502684 -0.180944428046597 0.0165768333706593 -0.227972900972595
0.0439840952089139 -0.182354522505528 0.173351852636717 -0.240060846601841
0.110959608295875 -0.173863244316138 0.306886219066857 -0.166096979684105
0.20386124572601 -0.106228007272037 0.356736064856199 0.0819189664765724
0.280686906945794 0.0410442523108591 0.168072554237881 0.263153966086268
0.247257433629942 0.199918175644298 -0.0712456454862348 0.156451573747891
0.136657636561318 0.269823981935089 -0.18599190775829 -0.196414497266601
0.0196586310687224 0.149711593304828 -0.348144973966088 -0.334110095687294
0.104975920440778 0.14451453081101 -0.212942109626813 -0.352878561519981
0.146992120847717 0.053595421831474 -0.176707159945177 -0.338548419085606
0.104861132698962 -0.034591430292069 -0.142888067980103 -0.30153906685267
0.0728847203287394 -0.0613050566916867 -0.18927181468744 -0.277810850133415
0.0359634975435176 -0.0735606984157886 -0.219074377331918 -0.217512507108259
0.014576270901857 -0.0849999489779084 -0.187892668262437 -0.196883289661059
0.0373243986847845 -0.0991466851833011 -0.077514265121192 -0.233583888958074
0.0458710970252946 -0.090487705840205 0.0380246272446184 -0.271125183027661
0.0566702271740985 -0.0859710731174214 0.209278740585293 -0.257974596837858
0.0914385590586659 -0.0768716436262143 0.337137616493475 -0.153498593550075
0.137395360743418 -0.037206489853933 0.35371847046801 0.0875733938940192
0.182762870247517 0.0751593999154609 0.150635380859449 0.22611536951261
0.120059343795506 0.18436867863846 -0.06035279685744 0.0930562414509121
0.00727384865090283 0.188582817925635 -0.170819254820706 -0.269914881066994
0.0874094913521308 -0.0559619758135582 0.170400473668061 0.312786488619122
-0.0165003496522226 -0.0914326142908772 0.15776890151537 -0.0477939573158365
-0.0659488411888632 -0.0420279468978367 -0.0793613279701758 -0.227701320488496
-0.0287092876063839 0.00569407825486202 -0.329127827114649 -0.163784815318103
-0.0155400465724555 -0.0164391512599012 -0.374156606457586 0.064892703911035
-0.0219564657912526 -0.017880446925229 -0.255925700116037 0.22262719368868
-0.0337701243607409 -0.00905326770814826 -0.113542157829113 0.292552087850541
-0.0521803942082146 -0.018813166173789 0.036734884915657 0.282541601818282
-0.0534299699592728 -0.0263864409025407 0.128007619275023 0.25074510414101
-0.0398955703445808 -0.0491449600169477 0.178645293212779 0.243754102777527
-0.000452995734738916 -0.0662552314023751 0.15958519723817 0.299342752195938
0.0313126443631821 -0.0424114412429772 0.101327627195343 0.349798821508962
0.016119572151664 -0.0475667095816655 0.0896336318164569 0.354989276263515
0.0497874220241376 -0.0692150462254765 0.118281912289551 0.38756192468797
0.131965504370772 -0.0246977817266657 0.264965287057941 0.373791415634213
0.146672506759287 0.0740452448676168 0.110019713023756 0.291950307546142
0.0607749239686965 0.00221201022378526 0.125994504048779 -0.0521992064175499
0.0187518424157423 0.0129050598655663 -0.0992035388874908 -0.239344965181183
0.0534616090367305 0.00975499233175703 -0.326532493893629 -0.177640036299067
0.0535922330479488 -0.0572421295650077 -0.372928619691263 0.0338560390601103
0.0166014508889862 -0.0876840888599583 -0.272437571331494 0.195777098371591
-0.0216779346632134 -0.0940993562713423 -0.136893034376994 0.270432669697938
-0.0590754196830831 -0.11879405579086 0.0140338957521115 0.258063242134422
-0.0621855024066468 -0.132358551658106 0.109713313026312 0.216701559108847
-0.0404647039432157 -0.166182943550501 0.182689359601768 0.195719324539949
0.0407013133589414 -0.191369915944591 0.195311603589931 0.244300694778535
0.14116800707437 -0.135192659058707 0.154393194686378 0.332918601115309
0.176593364845935 -0.0604130501389065 0.110999734619163 0.36252622975343
0.202535780092891 0.00221430122349579 0.0902621531312516 0.358970251478889
0.247867906544482 0.0987129181383359 0.207719327030165 0.320778804634226
0.18692804925129 0.200004287350815 0.0421619621005269 0.214873983615103
0.13771059560484 0.10994506528338 0.102029352413277 -0.101256090208911
0.122223856363055 0.07598297757356 -0.120568721854775 -0.282505837772931
0.148187176670495 0.00627334800597317 -0.327694815731537 -0.202172927225588
0.125196907980127 -0.100777474379137 -0.361415789164431 -0.000180389499929785
0.0551932958986079 -0.152324232285992 -0.272862511665968 0.153941508305047
-0.00784406726048528 -0.168748076216356 -0.151987203021672 0.218876542914812
-0.0573943662019866 -0.201733165250232 -0.0104065773806428 0.19783157445363
-0.0630859195481924 -0.215450029940074 0.0842251430624562 0.146336617454836
-0.043990896992733 -0.254507001370334 0.176991866897186 0.11317433471709
0.0566667033718529 -0.290638990827922 0.227731792754479 0.154550835895634
0.20614175145223 -0.223961185063924 0.222100658636433 0.287943415217604
0.298851886361063 -0.0964119248269285 0.143877048805058 0.362527621868089
0.329398652271168 0.0473310143411225 0.0508710719343848 0.334830045732598
0.330617651025179 0.197070649163772 0.116676824683797 0.236398273531597
0.207086956560875 0.294607910895559 -0.0352109875024354 0.0930734692858823
0.209218371020228 0.205466208796113 0.0672417748458392 -0.175795330610898
0.233504700268844 0.12715654732446 -0.139833746964734 -0.331659132856869
0.242933042690853 -0.0140920925248848 -0.314020535254797 -0.229327915697967
0.185440830101619 -0.14974700996731 -0.332250284283629 -0.0443095014988123
0.0821495619503208 -0.206465971307715 -0.257054908131959 0.0910500205059023
0.00196294081871675 -0.222519531893935 -0.158373062764099 0.141290426545027
-0.0458795773225374 -0.254439839541888 -0.033722365831951 0.110646872593654
-0.051320561036219 -0.263701589419216 0.0542298125205764 0.0537445304418364
-0.0381758931314107 -0.300029922080125 0.162327384199714 0.0140323297909851
0.0661081040295794 -0.338214561446241 0.245250732531923 0.0509273039099467
0.235931079570856 -0.270093682018806 0.278566944832364 0.22673459722818
0.36840148027396 -0.114757209835757 0.167142736140396 0.353288350951358
0.400332395657734 0.0874642905464269 0.00262466529186075 0.308864724648136
0.359412599452024 0.269248284412137 0.0094735521100641 0.13054271880714
0.202766071642836 0.338949904821624 -0.12226743477165 -0.0502769691664001
0.2526590544807 0.262782975410383 0.00665024087094144 -0.253589776838194
0.312415775515425 0.152550413086494 -0.156259825497946 -0.359246252983381
0.302497383317456 -0.0398374086407049 -0.272819609440218 -0.249525819978385
0.216141088604167 -0.185416716178468 -0.280196783303909 -0.104202620102551
0.0926679045680705 -0.233860607401955 -0.232102164908744 0.00621805027118876
0.00688974881744522 -0.243459714424442 -0.160149923223652 0.0458628951663842
-0.0271171225586852 -0.269554199946894 -0.0527450739786399 0.00890829410371263
-0.0245427220449951 -0.271499101485407 0.0302787217380786 -0.0479533294764853
-0.0112812496885022 -0.296901730314446 0.150631515317611 -0.0824572861206562
0.0865573636267538 -0.323123809258857 0.255297442436263 -0.0411260581788522
0.247120658669734 -0.251283490094982 0.31217785844782 0.168725289754331
0.384560729096654 -0.0834194989958862 0.168310700580644 0.333511723906382
0.400650245093631 0.136863032905695 -0.0480760295824926 0.26975411499455
0.322139808763746 0.311115998892076 -0.0913541091582985 0.0111954705104123
0.166454814837782 0.320986816678837 -0.208297183762498 -0.18552033878333
0.245582266588871 0.268156771213763 -0.071237368786565 -0.313217148592121
0.321155025794305 0.145772225977273 -0.163840180497476 -0.357640115868926
0.296877078371299 -0.0551992147993015 -0.20681199092382 -0.261604970045417
0.20466646878355 -0.183553812265899 -0.217634727914 -0.173289085865604
0.0857174257431659 -0.219615394664773 -0.205680902985039 -0.0887213836826078
0.00936402318220006 -0.224068060615357 -0.161933262967403 -0.0557723210605124
-0.00287216827002454 -0.244179097183208 -0.0633741372690634 -0.0924218976059854
0.00890007499887658 -0.237665763743404 0.0217714269595679 -0.141475859235685
0.0274151079254166 -0.248158312934942 0.15640476804299 -0.160252151854305
0.112033978648219 -0.252281917322904 0.273598086354584 -0.102030677764311
0.239762521959435 -0.17569685170575 0.328018727434932 0.129390389900373
0.347335117133072 -0.0103110855822142 0.152098897935851 0.30393450563576
0.33162503873057 0.188469191386884 -0.085644262113297 0.208989765079495
0.229922053905218 0.31611685636237 -0.15794239110171 -0.109373747811939
0.0982080974744659 0.248175725006407 -0.276154696259025 -0.286951188257523
0.184274236149276 0.221849179369266 -0.139350147838101 -0.342286337908859
0.254190132486661 0.111712909279289 -0.155213932884763 -0.338630100725076
0.221700780444232 -0.0499913752988328 -0.140429610464339 -0.272674382339708
0.151289439937076 -0.136031150843871 -0.166857840300334 -0.235462183908439
0.0668052125954174 -0.158647214734484 -0.188563739901525 -0.173655147201172
0.0132498022776578 -0.165375352977549 -0.163243365100118 -0.143921599964492
0.0222076442848126 -0.182693522986292 -0.0655700399534409 -0.176562901423667
0.0381169743777871 -0.171125853024968 0.0329343029162296 -0.214069542947663
0.0576550770570607 -0.167561671324199 0.182957895761849 -0.209108937424491
0.119115255659147 -0.154672570579888 0.302793954425712 -0.124509116054652
0.201471298857878 -0.0854565885531596 0.332252225717939 0.116626771943732
0.268161358534484 0.0603544681708596 0.13060350333182 0.266687788050784
0.21857824918746 0.213796000498558 -0.094410075765495 0.135943402330843
0.108999283473163 0.275252681239514 -0.175613952888857 -0.214732396878164
0.00323955630154334 0.139090637843943 -0.307474521514479 -0.337355238638683
0.0819584565108079 0.144548345544477 -0.173683244017758 -0.343179315485332
0.131977401104064 0.0673780687924985 -0.134041571345519 -0.324545854740319
0.103108301421755 -0.0197655163381837 -0.101734663289572 -0.290515872286574
0.0761750736277825 -0.0499461256830099 -0.147661527341774 -0.274608242385033
0.0446368376183787 -0.0629351972986301 -0.184978309243979 -0.224415620811879
0.02193069967731 -0.0779979741733917 -0.162617973969034 -0.201377770437923
0.0433375073961397 -0.0935558299612939 -0.0562972680381809 -0.230697848202282
0.0520872410715958 -0.0827074735781571 0.058109617696464 -0.255277097840819
0.0605808997504579 -0.0749258918325427 0.219607781608482 -0.226092210670013
0.091489955623692 -0.0642077488294826 0.332436009019332 -0.112449499808287
0.130660605910415 -0.024612288385789 0.330847064803976 0.120586179503194
0.170549406869165 0.0845210202352766 0.118754992968206 0.230659272009594
0.0978258083188613 0.187457935371559 -0.0734215092777578 0.076332266447713
-0.00967151208469659 0.184961841406557 -0.147988978155638 -0.284401286533146
0.0832280087451344 -0.054675602318514 0.168506020050529 0.300588189060349
-0.0163350286263307 -0.0874303402696638 0.155680180536484 -0.0501823032606678
-0.064171437246419 -0.0403917665078464 -0.0768742180892537 -0.223283658492645
-0.0275698474080313 0.00520785584408209 -0.320945036626982 -0.158983032059029
-0.0158209352797161 -0.0161326655728911 -0.363069363494548 0.0644028675615022
-0.0228981407972537 -0.0171707616086986 -0.247026846590173 0.214876171567826
-0.0323562098611991 -0.010014311053803 -0.105593920125086 0.284700172382103
-0.0517656163691053 -0.0188566296201897 0.0427692717091107 0.275055748357804
-0.052832541349139 -0.0241605326451548 0.129593006132938 0.244572998777664
-0.0397774757893511 -0.0477843981853383 0.176574416672736 0.236892682185997
-0.00203216464289513 -0.064993605036899 0.156662651863259 0.29061878481429
0.030627855578901 -0.0421303749769649 0.100060087087475 0.340590906885516
0.0162083137039338 -0.0465928214418902 0.0871092040120737 0.345852120962474
0.0494180542953019 -0.066001247267056 0.116012188923412 0.379718178829364
0.129067564893328 -0.0245767976848997 0.261629304722739 0.365662006351964
0.141567190021155 0.0712494334760222 0.111864799931462 0.280619421816972
0.0591386224452181 0.0037782891907039 0.125982972200399 -0.0540368169180045
0.0193703858061061 0.013296519898529 -0.0960694043043381 -0.233915541443595
0.0523501573907895 0.00924222658308406 -0.318311848043437 -0.17247237009751
0.0514087834276156 -0.0558586171337068 -0.362788892999138 0.0336570531010523
0.0146280436236806 -0.0854151076570628 -0.262987080517624 0.189204866559798
-0.0218375650450025 -0.0930655964294506 -0.129499104471919 0.262960456838051
-0.0596814052578738 -0.116113907429734 0.0206531196269883 0.251222253849973
-0.0622247221342639 -0.127891585833815 0.111959002012663 0.2112067871843
-0.0415787679690757 -0.161348654853256 0.180244280590515 0.190663404278949
0.0363670377526973 -0.188016096780211 0.191286183989509 0.239058315659718
0.137051099386143 -0.13345536591172 0.152063188598511 0.324781625379976
0.173231407477961 -0.0600532139721868 0.108882256464066 0.35136047838472
0.199444610712736 0.00216060779379905 0.0888628955679629 0.351522175410293
0.242578184841535 0.0943946578296834 0.204491268483525 0.313293803737662
0.182166320345086 0.193567266577542 0.0453595180925395 0.206107772914964
0.134196192658142 0.107581249192469 0.103820925267215 -0.101623334357331
0.120887125243559 0.0748656360428322 -0.116984619022784 -0.275366073283291
0.144563078895002 0.00538538052147625 -0.318641251667355 -0.196901255245951
0.120259863378796 -0.0990478896197211 -0.351422748615926 -0.000421292998441417
0.0513267748428288 -0.148447018213712 -0.263466225160629 0.148616929269718
-0.00925174472172169 -0.16597080151237 -0.144345869225454 0.213005885435162
-0.0590887404619308 -0.196535721980388 -0.00472762044388483 0.193283640730634
-0.0649647939156885 -0.209384324182816 0.0847373742802897 0.143188471684846
-0.0473455951776 -0.246987167585276 0.174137769502885 0.109643298676437
0.0497583067299616 -0.284565442050222 0.221525487105314 0.151667580737155
0.198093163609995 -0.220003819079962 0.217291511161604 0.280386751895151
0.29188128988965 -0.0961591982157417 0.142190500579065 0.351046143290812
0.322645586861574 0.0449552792048859 0.051023206830643 0.326581215399778
0.325415485858811 0.190597849245132 0.115570615227819 0.230072322816631
0.202556372676207 0.28618376715883 -0.0310176041168244 0.0881887797190725
0.204242961413458 0.199256103271039 0.0698440429041186 -0.173379023435695
0.229675658904086 0.123706346165168 -0.136081811600483 -0.321744035274399
0.236215616889548 -0.0155440322004608 -0.305171838444816 -0.222718716691317
0.178556800949429 -0.147895314971571 -0.322039008450575 -0.0445017888849973
0.0776769647560779 -0.201121999122527 -0.24848103032837 0.0880004187280951
1.15301543805214E-06 -0.217643698147123 -0.151501622334093 0.138281608706967
-0.0495745394385363 -0.248348414723057 -0.0296166854571 0.108792203584966
-0.0537963351479357 -0.257044706833328 0.0541242172902045 0.052854627167069
-0.0420546490489597 -0.291166330191559 0.159262773729099 0.0129669960820809
0.0575471347200269 -0.330267837252498 0.237630533737417 0.0511389009526114
0.22706385951354 -0.265403288516447 0.271233852556495 0.220344087949534
0.35944787388814 -0.114609105820637 0.164834200909127 0.34114561917703
0.392973791365283 0.0827651360365658 0.00315212015732568 0.299915957194278
0.353566824115774 0.260085690539875 0.00883889659461078 0.127189026486304
0.198756886216186 0.328222623414124 -0.11643302984192 -0.0505524997082838
0.24649798664218 0.254768563838166 0.00982799640220801 -0.248060707648874
0.306347348774896 0.148048798176422 -0.151723036493245 -0.348297656994296
0.293709404162665 -0.0405448287936236 -0.265014460740565 -0.243559595301473
0.207778019140976 -0.182383046186116 -0.272210523354463 -0.1034785813875
0.0877796359389269 -0.227334228539584 -0.224478218362158 0.00577216035793789
0.00407563395317087 -0.237419147238151 -0.155182216675556 0.0456897566875296
-0.0316283290966759 -0.26321068480629 -0.0511011571194026 0.00981853857116867
-0.0280984948433531 -0.264892232476251 0.0285797033914917 -0.0457017461224271
-0.0162284328897174 -0.287177863348776 0.146723090864734 -0.0807277491606328
0.0775813028899019 -0.315190943524158 0.247443033291547 -0.0384023418659244
0.237345755010925 -0.246539858490226 0.304773531388824 0.162806264658768
0.375098372698448 -0.0837017420696951 0.166876508335421 0.322651375310385
0.392656143094899 0.13025904171387 -0.0461771230829109 0.261533700413997
0.316762513162695 0.300357660597427 -0.0900446444295643 0.0118876737372066
0.163655132828411 0.311126169511044 -0.201818745532377 -0.181400759323798
0.239850657786246 0.259659647890182 -0.0675825911008262 -0.305067333232283
0.315988440988383 0.14179069014098 -0.159680044994816 -0.345535075505352
0.288061491920441 -0.054688178769235 -0.200317560009167 -0.255882445593291
0.196088660397915 -0.180702510909807 -0.210725315835038 -0.170925919249813
0.0817982679067106 -0.213937028117404 -0.200447230146127 -0.0865298830590059
0.00682060554774655 -0.218506437578897 -0.158200560228097 -0.0525656907374346
-0.00749673911614261 -0.239425178064441 -0.0642291105366091 -0.088415779747345
0.00533497562696646 -0.233344461661299 0.0188311671221885 -0.136642362714496
0.0224761787314589 -0.240566274904518 0.150381116525139 -0.156312142854858
0.103665336608793 -0.245982416950128 0.26417318862128 -0.0981443323678228
0.231054818214488 -0.172071898151351 0.320031432112844 0.125623135609596
0.339705244008075 -0.0125306338240288 0.150774552198351 0.29399921954531
0.324968021766937 0.181575382066818 -0.0831910889761414 0.201904247240533
0.227257584012928 0.306004288848543 -0.1558106536515 -0.105041734250144
0.0960647048899146 0.239684879565792 -0.269777389226204 -0.279718027733784
0.180270791678252 0.213956539448409 -0.135169245051014 -0.332667997320616
0.248115729139214 0.108482069256279 -0.150997478674686 -0.327803842010187
0.21474898843085 -0.049704460013372 -0.135687914747271 -0.267288657905129
0.144673964979273 -0.133988775152293 -0.161451867698287 -0.231591340135708
0.0641915321936523 -0.154342640042067 -0.184552139858649 -0.168195220906787
0.011817155097481 -0.161049909272337 -0.160866911615895 -0.138266409724622
0.0176867729909555 -0.179704023420772 -0.0683697249737348 -0.171022571583356
0.0353479505669654 -0.168954151480623 0.0276523619207288 -0.207472729599573
0.0534306470133897 -0.162845302226223 0.175179429515788 -0.204466894765368
0.112609131411429 -0.151671904114358 0.29181157900047 -0.119905583485922
0.194481426131816 -0.0841883958732729 0.323905979568647 0.111823068333282
0.262879187489351 0.0573728827731814 0.129843835469829 0.258464043767866
0.21463832097168 0.207229732503437 -0.0921975954199295 0.13115881155551
0.108023856978159 0.266978220373867 -0.173352212701788 -0.207084486444853
0.00253548895020365 0.134719529911519 -0.301404228272334 -0.329599663999937
0.079719875982909 0.139334157243733 -0.170014588851404 -0.333018405722302
0.129018611889907 0.0659498052659747 -0.130177731289084 -0.313661871039209
0.0991704580535439 -0.0191372695161657 -0.0985218328444255 -0.284605272325697
0.0725239505126674 -0.0489351703213796 -0.144610984292462 -0.269142166326014
0.0436795261727993 -0.0604826706824363 -0.182670477777006 -0.217842433757302
0.0210072021805325 -0.075183776589221 -0.161740697392916 -0.193653758602654
0.0398191695712636 -0.0930363279082762 -0.0610717358270825 -0.223356106309447
0.0500161148197619 -0.0824097662628595 0.0518864240260363 -0.247910613930091
0.0583386103455712 -0.0725273605135626 0.210058421550267 -0.220631963671756
0.0878003710169087 -0.0624400802566882 0.319703926035238 -0.109202768678732
0.12647093654063 -0.0234386968860102 0.321361751390435 0.116245134353157
0.166805302128981 0.0810970911616269 0.118110118611456 0.224595312450785
0.0958629182356212 0.18239423467107 -0.0716313670915556 0.0735333108319472
-0.00833769601707957 0.179612354339332 -0.147332857278672 -0.274050585577497
0.0832223216824799 -0.054584213321083 0.171037896166654 0.300725348858062
-0.0150993948839213 -0.0870231395455907 0.158867414141797 -0.0523514396760051
-0.0634567462707418 -0.0409604645951827 -0.0739025188622357 -0.228029054121912
-0.0271458381260058 0.0051284276542676 -0.323246612643629 -0.162898782615853
-0.0161429111506928 -0.0166289422552591 -0.366884334446245 0.0626374121609238
-0.0237342355415576 -0.0173519857969685 -0.24927777762584 0.21283886768532
-0.0328378645229144 -0.0114545370452651 -0.104534543270656 0.285739721425705
-0.0525169196431783 -0.0192601277745892 0.0476662223169914 0.277118430880161
-0.0523601846311929 -0.0239658320707112 0.132205228290049 0.247136129010545
-0.0405374876893004 -0.0482168480585211 0.177626941052342 0.240504429823681
-0.00281722353933638 -0.0658199598956625 0.157351067712802 0.295205544356931
0.0319297198418452 -0.0426811640563619 0.098502830576743 0.345857723846659
0.017811899936501 -0.0471689791881465 0.0844654755185724 0.349221640699397
0.051943651767282 -0.0652649223198238 0.113876129635074 0.386394908163624
0.130924214578937 -0.0247085560888744 0.263986201051375 0.372389574520014
0.141770021777335 0.0733029311768006 0.112804769871345 0.280388698329613
0.0599944853608336 0.00553407014043438 0.131069156357098 -0.056843205639044
0.0205359460289398 0.0139467082316295 -0.0936665598253906 -0.238115586379501
0.0533091210320756 0.00949100824386601 -0.320646351625486 -0.176756083344826
0.0512014513290894 -0.0564512869585445 -0.3664655374906 0.0312830932870546
0.0137657572908603 -0.0858387803256052 -0.265110652637421 0.186968495849062
-0.0219598420600171 -0.095368443840161 -0.127902729545209 0.264211727615689
-0.0616622743995 -0.117841631171657 0.0247218680189091 0.253509797282358
-0.0637256604977653 -0.128484433769535 0.113901367992778 0.214150257702204
-0.0430064982129812 -0.162827791833475 0.181918260900319 0.19313992072161
0.0351214563834737 -0.189759669463303 0.19217427431072 0.243483561421746
0.138267067165649 -0.134889471101093 0.151048710033395 0.328935211946938
0.175844172217188 -0.0606847551997432 0.107468149652775 0.354898609494355
0.203487415029039 0.00365017509558941 0.0867055467153612 0.356871070654564
0.245814965195721 0.0958663133648449 0.206113049575117 0.317942919170717
0.181994259035728 0.19611394170904 0.0473840000389193 0.20489801904124
0.134219820868469 0.109881660885028 0.109036958478728 -0.103921943795817
0.12310087258767 0.077048395913228 -0.114465982930191 -0.280031009407509
0.145867115828885 0.00654371937988462 -0.320437614758582 -0.200603820090757
0.12071287308635 -0.100140682130577 -0.354243345999463 -0.00357051154804098
0.0512798939443846 -0.149054773904703 -0.265045945401581 0.146257030132434
-0.00900014365360834 -0.168752929665979 -0.143372170621845 0.2138034345506
-0.0614867250192948 -0.199337235486483 -0.00102865292730512 0.194979979387951
-0.0665385075685809 -0.212217084361884 0.0870521016463915 0.145437795533032
-0.0492638065975627 -0.249300543428242 0.177015832893469 0.111322193303853
0.046952054933646 -0.286578601999505 0.223601125309885 0.156580667563979
0.199944840540232 -0.222488367432727 0.217436766834468 0.285215977725066
0.296742100244688 -0.0969652040596611 0.140967734958485 0.35419650837076
0.328290654641592 0.0470003417967711 0.0491824189645956 0.331745093622095
0.328434071318574 0.191442271908367 0.11686923511416 0.23365649856111
0.201732717871616 0.290221298823945 -0.0287528648405577 0.0854932373460621
0.205136865537824 0.202735465879822 0.0763134751793537 -0.176594837892204
0.232915516410476 0.127358953574754 -0.13296348965866 -0.326482037831392
0.23895524306653 -0.0145164100404997 -0.305608836699722 -0.228368871603072
0.179671880834378 -0.149090265584046 -0.32418568352809 -0.0482154574054042
0.077404919388938 -0.202681521426269 -0.249945159329533 0.0864597983155714
-0.00104829455483151 -0.22063323834176 -0.151155475458084 0.138931238039209
-0.0521901349830533 -0.252069708055086 -0.0276524358323554 0.109847921936203
-0.0566122851976417 -0.260462413541348 0.0550033318904511 0.0550126946842922
-0.0446798506522273 -0.291999167737313 0.161328909058023 0.0140709119312265
0.0552183143074741 -0.332104713012028 0.239715446506228 0.0556262922552387
0.228056774818354 -0.267453245506584 0.271996497470759 0.225417746815969
0.364907967643109 -0.116045422689307 0.165322951041523 0.343068192081527
0.398480101064587 0.0841675161013768 0.00118197014728222 0.302594627034581
0.356363215089031 0.262877904333726 0.00903996666668559 0.128877467063517
0.197739942269235 0.332710099315662 -0.114903049204167 -0.0537581227929356
0.247040347698799 0.258549582133042 0.0159972289657031 -0.251965883304046
0.31075774459951 0.151632515917854 -0.149895176079541 -0.351186622705781
0.296219058060783 -0.0397854895234891 -0.263978693340753 -0.248808241539397
0.208828121321442 -0.183717111522721 -0.273254492782555 -0.10880924349982
0.0886486212708427 -0.229474270649397 -0.224892480795372 0.00346585038665099
0.00412628450516368 -0.240304780955307 -0.15510564240566 0.0453714319498831
-0.0343561887826027 -0.267452649259461 -0.050242337726989 0.0103201831953763
-0.0304005522420852 -0.268186183181678 0.0281773343679114 -0.0442447547201792
-0.0181329529719553 -0.288870012854183 0.14792316552469 -0.0806430927362462
0.0746321878208548 -0.316261299522479 0.249082558475696 -0.0349164105307776
0.238590686043279 -0.247892992389208 0.306196447182459 0.166952385031039
0.380714348289586 -0.085297199019867 0.167510715931681 0.324217300868889
0.397624345475029 0.131897466503543 -0.0489073942160763 0.263274601662778
0.319203383493295 0.303378765264229 -0.0912531146903493 0.0124429197210645
0.162211940994357 0.314789153724271 -0.200953095748797 -0.186716820924549
0.240056815710264 0.262369901460235 -0.0622263288836457 -0.308004972694722
0.31886157734549 0.144302080067927 -0.156673674059899 -0.348328145466593
0.290387690698019 -0.0545011872916474 -0.198903482507928 -0.261657097501522
0.196561369109009 -0.183505713110747 -0.211492802560091 -0.17639114762435
0.0832711257996983 -0.215318174747638 -0.201119278165315 -0.0884679012042437
0.00671084877094553 -0.220465092482139 -0.15939804836875 -0.0532179849989861
-0.0105508351358075 -0.242947259447969 -0.0656969688519004 -0.0882018402569763
0.00332320339917456 -0.236766090060655 0.017191855676036 -0.135849087607578
0.0213881728086893 -0.241223295645284 0.151837908770983 -0.157374176048713
0.101529871521112 -0.247579139325863 0.266581157403838 -0.0952330068950507
0.232067843272808 -0.172861677217998 0.321872906172013 0.129056185871384
0.344559323360901 -0.0124448019154081 0.152163223697601 0.296348003330952
0.32848320620528 0.184712061291688 -0.0857822700754523 0.202264051956638
0.228876572319529 0.309211980030689 -0.157975732888053 -0.104971834038101
0.0952033374712762 0.242187342147366 -0.26994811304285 -0.285818319391131
0.180374121195957 0.216161279601399 -0.132079175754491 -0.336143028553836
0.25177598244245 0.111020423535318 -0.148355727998233 -0.329997032375832
0.215922309361703 -0.0485045327229973 -0.134022402330659 -0.273152969963162
0.144616836919748 -0.135269913838373 -0.161411781589032 -0.237296946679779
0.065188433921069 -0.155142773545323 -0.185164018698989 -0.170586518415362
0.0116944189007443 -0.161858808980771 -0.162134622212761 -0.138455497452396
0.0152356868879859 -0.18298340015145 -0.0709947779425803 -0.170462954476787
0.0345933433644543 -0.171691317100321 0.0265188140727898 -0.207089368015486
0.0533294554493475 -0.162744307731796 0.176205081738915 -0.204457167131239
0.111939989114068 -0.151420212194698 0.292973394468278 -0.117827952503624
0.194999187805963 -0.0827970290456276 0.325023310426414 0.115464311040703
0.265784664654502 0.058113192817135 0.130617259874401 0.260682251153153
0.216035406982352 0.209917347684265 -0.0947800439679087 0.130224309482033
0.108117276178808 0.269436497471686 -0.17503985293275 -0.207225532916349
0.000640906763704534 0.13589357154771 -0.302075515121682 -0.335592013540334
0.0794308644090887 0.139893414058826 -0.168993609145144 -0.335961601389186
0.130113752038944 0.0676090741615484 -0.127593278919248 -0.315829258162274
0.0994621392824848 -0.0182288529304034 -0.0971182726490704 -0.291118540162601
0.0721361267906483 -0.049022318020624 -0.143544244308761 -0.275198597570353
0.0444541755943766 -0.0606027307661894 -0.182935191745166 -0.22024815953283
0.0209731098045523 -0.0750770236219546 -0.164507659723078 -0.194740554322721
0.0382531203355003 -0.0946923195321028 -0.0650310414269632 -0.224198391334549
0.0509453455126569 -0.084417552908816 0.0502379709943386 -0.248055656708698
0.0593696882218538 -0.0728113626470346 0.210292784348583 -0.220330541744865
0.0873294945855646 -0.0625592134325277 0.321267331998537 -0.106672022411667
0.126438443108292 -0.0224186208627197 0.323216221700912 0.119553509197179
0.167805242022975 0.0824932180576896 0.11908242142579 0.22773057329634
0.0951483020309735 0.184315594391414 -0.0736765384912446 0.0729963329752454
-0.00906307901903404 0.181261796287319 -0.147874607468792 -0.274700148401118
