TRXV5
3
4
4
9
string Extension=J
integer IsArchMeasurement=1
integer IsSpherical=1
string Generator=SPM
string GeneratorVersion=1.3.1 Dev
double ArchRadius=0.449999988079071
integer FrequencyAxisIndex=0
integer AzimuthAxisIndex=1
integer ElevationAxisIndex=2
Frequency
5 136 690000000 960000000 LIN
Azimuth
7 8 0 2.74889357189107 LIN
Elevation
7 15 -2.74889357189107 2.74889357189107 LIN
Polar H Real Part
13
Polar H Imaginary Part
14
Polar V Real Part
13
Polar V Imaginary Part
14
Polar H Magnitude (dB)
12 0xC0000002 0 1
Polar H Phase
7 0xC0000003 0 1
Polar V Magnitude (dB)
12 0xC0000002 2 3
Polar V Phase
7 0xC0000003 2 3
0.00785160064697266 0.00359010696411133 -0.0904541015625 -0.10003662109375
-0.00391578674316406 -0.0113277435302734 -0.0338516235351562 -0.0388298034667969
-0.0155010223388672 -0.000593185424804688 0.0373039245605469 -0.0092010498046875
-0.00699520111083984 0.0111665725708008 0.0807571411132813 -0.0439529418945313
0.00275945663452148 0.00742435455322266 0.0757980346679687 -0.0802459716796875
0.00329709053039551 0.00164580345153809 0.0441818237304688 -0.1165771484375
0.000323772430419921 -0.00837326049804688 0.00219726562500001 -0.121040344238281
-0.00183248519897461 -0.00734424591064453 -0.02569580078125 -0.0945281982421875
-0.00217056274414063 -0.00708627700805664 -0.0347938537597656 -0.065673828125
0.00407075881958008 -0.0055994987487793 -0.0371170043945313 -0.0446548461914062
0.00401115417480469 1.95503234863281E-05 -0.0527153015136719 -0.02117919921875
-0.00843906402587891 0.00499963760375977 -0.0587387084960937 -0.00789642333984376
-0.016057014465332 -0.00935268402099609 -0.0806427001953125 -0.00488281249999999
-0.00111579895019531 -0.0198745727539063 -0.119110107421875 0.00645446777343749
0.00227832794189453 -0.0109472274780273 -0.126457214355469 0.0104141235351562
0.0546455383300781 0.031097412109375 -0.0724716186523438 -0.0954818725585938
0.0451316833496094 0.0106277465820313 -0.0152015686035156 -0.0334014892578125
0.0291957855224609 0.00769424438476562 0.0471458435058594 -0.00910186767578125
0.0335693359375 0.00565719604492188 0.0874404907226563 -0.0431137084960938
0.0344562530517578 -0.0100650787353516 0.0787887573242188 -0.0771026611328125
0.0232391357421875 -0.0324668884277344 0.0452117919921875 -0.115310668945312
0.006103515625 -0.0458030700683594 0.0023040771484375 -0.11212158203125
0.00288009643554687 -0.0419769287109375 -0.0264968872070313 -0.0821762084960938
0.00136184692382813 -0.0458221435546875 -0.0365867614746094 -0.0530166625976563
0.0129356384277344 -0.0455207824707031 -0.0409202575683594 -0.0357589721679688
0.02490234375 -0.0321273803710937 -0.0555458068847656 -0.0139617919921875
0.0240573883056641 -0.0194854736328125 -0.0578575134277344 -0.00446701049804687
0.0239601135253906 -0.0155410766601563 -0.0774765014648438 0.000160217285156253
0.0430488586425781 -0.0130195617675781 -0.106826782226563 0.01300048828125
0.0501556396484375 0.00247573852539063 -0.112899780273438 0.0185165405273437
0.0933456420898438 0.0542831420898438 -0.0419387817382813 -0.080902099609375
0.0886917114257813 0.0326461791992188 0.0110683441162109 -0.0190773010253906
0.0722732543945313 0.0154647827148438 0.0593910217285156 -0.00545120239257813
0.0734176635742188 -0.0015106201171875 0.0916671752929688 -0.0390853881835938
0.06341552734375 -0.0272254943847656 0.07733154296875 -0.0694046020507813
0.0401840209960938 -0.062591552734375 0.0421295166015625 -0.102500915527344
0.0105056762695313 -0.0761184692382813 0.00220489501953126 -0.0895004272460938
0.00632095336914062 -0.0698738098144531 -0.0238189697265625 -0.0579566955566406
0.00254058837890625 -0.0774307250976563 -0.0334434509277344 -0.0294342041015625
0.0176773071289062 -0.0790863037109375 -0.0415382385253906 -0.0165901184082031
0.0391616821289063 -0.0609054565429688 -0.0558395385742188 0.001678466796875
0.0491180419921875 -0.0446929931640625 -0.0575218200683594 0.00297927856445313
0.0604705810546875 -0.0246009826660156 -0.0737152099609375 0.00296783447265624
0.082550048828125 -0.00762939453125 -0.0847702026367188 0.0155105590820312
0.089935302734375 0.0147171020507813 -0.08319091796875 0.0284805297851563
0.117385864257813 0.0689697265625 -0.00234985351562499 -0.0611419677734375
0.12158203125 0.0474700927734375 0.0431747436523438 -0.00205612182617187
0.106521606445313 0.017852783203125 0.0714645385742187 -0.000343322753906249
0.102897644042969 -0.011627197265625 0.0916519165039062 -0.0310134887695313
0.0823516845703125 -0.0445022583007813 0.0700416564941406 -0.0553970336914063
0.0491561889648438 -0.0860595703125 0.0342636108398438 -0.0797042846679688
0.0115432739257813 -0.0951995849609375 0.00271224975585938 -0.0568580627441406
0.00827789306640625 -0.08721923828125 -0.0175685882568359 -0.0244045257568359
0.00304412841796876 -0.0970993041992188 -0.0253086090087891 0.00195693969726562
0.0199813842773437 -0.100067138671875 -0.0373954772949219 0.00981903076171875
0.0496597290039062 -0.0803909301757813 -0.0525894165039063 0.0204849243164062
0.0673713684082031 -0.0624008178710938 -0.0551376342773437 0.0116615295410156
0.08880615234375 -0.0302734375 -0.0667610168457031 0.00362014770507811
0.111465454101562 -0.0001068115234375 -0.0556640625 0.0144500732421875
0.115768432617188 0.0276260375976563 -0.0443534851074219 0.0404052734375
0.123100280761719 0.0716705322265625 0.0415878295898438 -0.0417861938476563
0.135543823242188 0.0516357421875 0.0758285522460938 0.0105743408203125
0.12213134765625 0.0140838623046875 0.0800552368164063 0.00389862060546875
0.114906311035156 -0.02239990234375 0.0851516723632813 -0.0199127197265625
0.0863723754882813 -0.05694580078125 0.0590744018554688 -0.03582763671875
0.047027587890625 -0.097747802734375 0.0270843505859375 -0.0492057800292969
0.00855255126953126 -0.1005859375 0.00464248657226563 -0.0182094573974609
0.007843017578125 -0.0905609130859375 -0.00877857208251953 0.0126314163208008
0.004180908203125 -0.102226257324219 -0.0157394409179688 0.0359992980957031
0.0220947265625 -0.106338500976563 -0.0330963134765625 0.0385475158691406
0.0562515258789063 -0.0856399536132813 -0.04931640625 0.0414047241210938
0.0794754028320313 -0.0680389404296875 -0.0525436401367187 0.021026611328125
0.105239868164062 -0.0257034301757812 -0.0565528869628906 0.0025634765625
0.125038146972656 0.0109329223632812 -0.0219249725341797 0.0132656097412109
0.123031616210937 0.0398483276367188 -3.05175781249968E-05 0.0558433532714844
0.108718872070313 0.0633468627929688 0.0809555053710937 -0.0270462036132812
0.127471923828125 0.0472793579101563 0.102706909179688 0.0149154663085938
0.114822387695313 0.007598876953125 0.0829391479492188 0.0032806396484375
0.105522155761719 -0.0281448364257813 0.075042724609375 -0.009033203125
0.0742111206054688 -0.059814453125 0.048553466796875 -0.0140380859375
0.0350112915039062 -0.0936355590820313 0.0218601226806641 -0.0152187347412109
0.00380706787109376 -0.0890350341796875 0.00973701477050781 0.0195636749267578
0.00532531738281251 -0.0793304443359375 0.00138473510742187 0.0477523803710937
0.00443267822265625 -0.0917816162109375 -0.00859832763671874 0.0682258605957031
0.0240478515625 -0.0951614379882813 -0.031646728515625 0.0672454833984375
0.0582504272460937 -0.0758895874023437 -0.0495681762695312 0.0595550537109375
0.082061767578125 -0.0584335327148438 -0.0515556335449219 0.029144287109375
0.105476379394531 -0.0119781494140625 -0.0437393188476562 0.0029754638671875
0.118988037109375 0.0264129638671875 0.010432243347168 0.0169467926025391
0.109039306640625 0.0502243041992188 0.0403976440429688 0.0746002197265625
0.0758743286132812 0.0464706420898437 0.110885620117188 -0.020233154296875
0.0995635986328125 0.0355987548828125 0.119621276855469 0.0107803344726563
0.0890884399414063 0.00162506103515625 0.08154296875 -0.00040435791015625
0.0782852172851563 -0.0282974243164063 0.0639839172363281 0.000823974609374998
0.0507087707519531 -0.0514183044433594 0.0410575866699219 0.00509262084960937
0.0177764892578125 -0.0736083984375 0.0214424133300781 0.0149040222167969
-0.002685546875 -0.0637016296386719 0.017547607421875 0.0509986877441406
0.00108718872070312 -0.0560073852539063 0.0107955932617187 0.07611083984375
0.00336837768554687 -0.0680313110351563 -0.00479888916015626 0.0947341918945313
0.0207748413085938 -0.0705490112304688 -0.0350418090820313 0.0909347534179688
0.0508689880371094 -0.0552864074707031 -0.0537567138671875 0.07305908203125
0.072479248046875 -0.0389480590820313 -0.0525894165039062 0.0360145568847656
0.0888290405273438 0.00383758544921875 -0.0346183776855469 0.00696372985839843
0.093475341796875 0.0362625122070313 0.0354156494140625 0.0269584655761719
0.0783004760742188 0.0523300170898438 0.0711212158203125 0.0966415405273438
0.0311088562011719 0.0278072357177734 0.126388549804688 -0.020843505859375
0.0577316284179688 0.0244979858398438 0.123970031738281 0.001373291015625
0.0514869689941406 -0.0008392333984375 0.075958251953125 -0.00531768798828125
0.0407600402832031 -0.019073486328125 0.0563011169433594 0.00738525390625
0.0223731994628906 -0.0316810607910156 0.0386581420898438 0.0173606872558594
0.000404357910156253 -0.0399971008300781 0.0257606506347656 0.0351238250732422
-0.00577354431152344 -0.0278606414794922 0.0264511108398438 0.0695037841796875
-0.00303459167480469 -0.024139404296875 0.018829345703125 0.0921249389648438
-0.00135231018066406 -0.0341300964355469 -0.00373840332031249 0.110214233398438
0.00977706909179687 -0.0386581420898438 -0.0423355102539062 0.105094909667969
0.0311756134033203 -0.0312976837158203 -0.0607986450195313 0.0814285278320312
0.0471153259277344 -0.0205497741699219 -0.0577583312988281 0.0423164367675781
0.0578041076660156 0.011749267578125 -0.0309123992919922 0.0137958526611328
0.0546112060546875 0.0334663391113281 0.0467147827148438 0.0401802062988281
0.0351982116699219 0.0418167114257813 0.087310791015625 0.115890502929688
0.00930976867675781 0.00392723083496094 -0.0985260009765625 -0.0938644409179688
-0.0038299560546875 -0.0108957290649414 -0.0364875793457031 -0.0359230041503906
-0.0149450302124023 0.000639915466308595 0.038665771484375 -0.012451171875
-0.00568008422851562 0.0113239288330078 0.0798568725585938 -0.0517807006835938
0.00449132919311524 0.00723361968994141 0.0717391967773438 -0.0886917114257813
0.00410652160644531 0.000725984573364258 0.0356369018554688 -0.123558044433594
0.000432968139648438 -0.00990390777587891 -0.00953674316406249 -0.123321533203125
-0.00147581100463867 -0.00805568695068359 -0.0360183715820312 -0.0930557250976563
-0.00140810012817383 -0.00734901428222656 -0.0430068969726563 -0.0636138916015625
0.00406694412231445 -0.00655460357666016 -0.0424537658691406 -0.0431976318359375
0.00489997863769531 -0.000296592712402344 -0.0570831298828125 -0.0179862976074219
-0.0071568489074707 0.00697040557861328 -0.06207275390625 -0.00484466552734376
-0.0174922943115234 -0.0069732666015625 -0.0831375122070313 -0.000396728515624984
-0.00352668762207031 -0.0197334289550781 -0.122222900390625 0.0159835815429687
0.00133037567138672 -0.0102758407592773 -0.130950927734375 0.0230484008789063
0.06024169921875 0.0269622802734375 -0.0800857543945312 -0.09112548828125
0.0476531982421875 0.00667953491210938 -0.0174140930175781 -0.0315074920654297
0.0310802459716797 0.004608154296875 0.0491256713867188 -0.0123138427734375
0.0355491638183594 0.00200271606445312 0.0867767333984375 -0.0511016845703125
0.0345363616943359 -0.0140953063964844 0.075042724609375 -0.0857772827148438
0.0205307006835938 -0.0354995727539063 0.0363311767578125 -0.121139526367188
0.00269317626953125 -0.04815673828125 -0.00860595703125 -0.113609313964844
-3.81469726562938E-06 -0.0437698364257813 -0.0357513427734375 -0.0799713134765625
-0.00212860107421875 -0.0469818115234375 -0.0437889099121094 -0.0500030517578125
0.00989151000976562 -0.0480995178222656 -0.0466194152832031 -0.0339317321777344
0.0234375 -0.0345592498779297 -0.0595207214355469 -0.00966262817382812
0.0232219696044922 -0.0213584899902344 -0.060882568359375 -0.000534057617187501
0.0232887268066406 -0.0163478851318359 -0.0803375244140625 0.00531005859375001
0.042022705078125 -0.0161399841308594 -0.109046936035156 0.022064208984375
0.0518760681152344 -0.00103378295898438 -0.115547180175781 0.0301437377929687
0.101715087890625 0.0477981567382813 -0.0477523803710938 -0.0788040161132813
0.0942535400390625 0.0250167846679687 0.0116615295410156 -0.0183544158935547
0.075897216796875 0.00934600830078125 0.06170654296875 -0.0085296630859375
0.0753402709960937 -0.00841522216796875 0.091766357421875 -0.0468368530273438
0.0615272521972656 -0.03436279296875 0.074005126953125 -0.0771026611328125
0.034759521484375 -0.0678253173828125 0.0342025756835938 -0.107612609863281
0.00363159179687501 -0.0791244506835938 -0.00670623779296876 -0.0909194946289062
3.81469726562508E-05 -0.072265625 -0.0301704406738281 -0.05517578125
-0.00481414794921874 -0.0798416137695313 -0.0382614135742188 -0.0255088806152344
0.0106887817382812 -0.0824737548828125 -0.0454483032226563 -0.0131912231445313
0.035430908203125 -0.065704345703125 -0.05877685546875 0.00681304931640623
0.045989990234375 -0.0498237609863281 -0.0600776672363281 0.00750350952148438
0.058837890625 -0.0290908813476563 -0.0760498046875 0.00849151611328126
0.08306884765625 -0.0143280029296875 -0.0870437622070312 0.0232925415039063
0.0933609008789063 0.0075836181640625 -0.084686279296875 0.038055419921875
0.127090454101562 0.0599517822265625 -0.00503158569335937 -0.0617332458496094
0.128501892089844 0.0375747680664063 0.0450172424316406 -0.00394058227539062
0.110221862792969 0.00923919677734375 0.07470703125 -0.0028839111328125
0.104988098144531 -0.0218734741210938 0.0923690795898438 -0.0377349853515625
0.0802078247070313 -0.0535430908203125 0.0673637390136719 -0.0614013671875
0.041595458984375 -0.0921401977539063 0.0282516479492188 -0.0830459594726562
0.00286102294921876 -0.0982894897460938 -0.0027923583984375 -0.0574302673339844
-0.000205993652343756 -0.089508056640625 -0.0207920074462891 -0.021820068359375
-0.00633239746093751 -0.0997161865234375 -0.0269336700439453 0.00585365295410156
0.0106582641601562 -0.104324340820313 -0.0398674011230469 0.0137557983398437
0.0432205200195313 -0.0867385864257813 -0.0545883178710937 0.0262947082519531
0.0630569458007813 -0.0708694458007813 -0.0573539733886719 0.016815185546875
0.087554931640625 -0.0373306274414063 -0.06939697265625 0.00938796997070311
0.11370849609375 -0.009796142578125 -0.0570869445800781 0.0199127197265625
0.121322631835938 0.0177536010742188 -0.043731689453125 0.0469856262207031
0.132965087890625 0.0615997314453125 0.0407676696777344 -0.045379638671875
0.142776489257813 0.040374755859375 0.0796356201171875 0.0061798095703125
0.12628173828125 0.00432586669921875 0.0835189819335938 5.34057617187503E-05
0.115577697753906 -0.033599853515625 0.087158203125 -0.0257492065429688
0.0824432373046875 -0.0663528442382813 0.0581932067871094 -0.0406227111816406
0.037841796875 -0.103172302246094 0.0229873657226562 -0.0515480041503906
-0.000991821289062505 -0.101768493652344 0.0027313232421875 -0.0184097290039063
-0.000877380371093754 -0.0924530029296875 -0.00807571411132813 0.0150651931762695
-0.00630950927734374 -0.104232788085937 -0.0138320922851562 0.0391998291015625
0.0123519897460938 -0.10986328125 -0.0328483581542969 0.043121337890625
0.0493392944335938 -0.0926055908203125 -0.0491180419921875 0.0471763610839844
0.0744400024414063 -0.0774993896484375 -0.0538787841796875 0.0258255004882812
0.104469299316406 -0.0353775024414063 -0.058441162109375 0.00842666625976562
0.128402709960938 0.00060272216796875 -0.023162841796875 0.0160236358642578
0.129867553710938 0.02972412109375 0.00260543823242188 0.0593223571777344
0.116813659667969 0.0539016723632813 0.0822601318359375 -0.0338134765625
0.1341552734375 0.0356216430664062 0.107177734375 0.00838470458984375
0.118408203125 -0.00177001953125 0.0866775512695313 -1.52587890625001E-05
0.1055908203125 -0.0385589599609375 0.0781478881835937 -0.013397216796875
0.0702095031738281 -0.0676689147949219 0.0488548278808594 -0.0172119140625
0.0263748168945313 -0.0974578857421875 0.0208148956298828 -0.0161724090576172
-0.00531768798828124 -0.0901107788085938 0.0120811462402344 0.0197067260742187
-0.00262451171875001 -0.080718994140625 0.005584716796875 0.0495414733886719
-0.00496673583984376 -0.093475341796875 -0.0027618408203125 0.07098388671875
0.01458740234375 -0.0987167358398438 -0.0286407470703125 0.0720367431640625
0.05169677734375 -0.0830917358398438 -0.0472984313964844 0.0655326843261719
0.0785598754882813 -0.0677032470703125 -0.0514335632324219 0.034332275390625
0.106475830078125 -0.0214157104492188 -0.0461997985839844 0.00742340087890624
0.123703002929687 0.0162506103515625 0.0107450485229492 0.0163192749023438
0.116943359375 0.041015625 0.0455245971679688 0.0746994018554688
0.0823287963867188 0.039642333984375 0.113067626953125 -0.0298385620117188
0.105392456054688 0.0272140502929688 0.124176025390625 0.0022735595703125
0.0913772583007813 -0.00543212890625 0.0845947265625 -0.00446319580078125
0.0774002075195312 -0.035888671875 0.0672721862792969 -0.00253677368164063
0.0467185974121094 -0.0571517944335938 0.04254150390625 0.00252151489257812
0.00989532470703125 -0.0751876831054688 0.0229568481445313 0.0142192840576172
-0.00905609130859374 -0.0630111694335938 0.0230178833007812 0.0499916076660156
-0.00402450561523438 -0.0568466186523438 0.0179824829101563 0.0764389038085938
-0.00422668457031249 -0.0681495666503906 0.00380706787109376 0.0972137451171875
0.0135345458984375 -0.0735092163085938 -0.0295867919921875 0.0963287353515625
0.0460052490234375 -0.06146240234375 -0.0498886108398438 0.0802230834960937
0.0696029663085938 -0.0476036071777344 -0.0518074035644531 0.0418128967285156
0.0906448364257813 -0.0038299560546875 -0.0348377227783203 0.0104427337646484
0.09832763671875 0.0287551879882813 0.0375709533691406 0.0240364074707031
0.0846405029296875 0.0450363159179688 0.0787582397460938 0.0931930541992188
0.0349941253662109 0.0247478485107422 0.129158020019531 -0.0324859619140625
0.06146240234375 0.0185470581054688 0.127960205078125 -0.007720947265625
0.0526924133300781 -0.00542449951171875 0.07830810546875 -0.00846099853515625
0.0400886535644531 -0.02447509765625 0.0597305297851563 0.00477218627929687
0.0190887451171875 -0.0345783233642578 0.0419387817382812 0.0157241821289062
-0.0045928955078125 -0.0392379760742188 0.0300369262695313 0.0343208312988281
-0.009185791015625 -0.0259075164794922 0.0345497131347656 0.0676002502441406
-0.0054473876953125 -0.0228862762451172 0.0280990600585937 0.0916748046875
-0.00555419921875 -0.0332431793212891 0.00557708740234376 0.113746643066406
0.00559616088867188 -0.0400276184082031 -0.0346527099609375 0.111366271972656
0.0284156799316406 -0.0350360870361328 -0.0564804077148437 0.0881881713867188
0.0452537536621094 -0.0259895324707031 -0.0563011169433594 0.0483894348144531
0.0591888427734375 0.00651168823242188 -0.0312347412109375 0.0167407989501953
0.0583038330078125 0.0294990539550781 0.0498886108398438 0.035888671875
0.0395469665527344 0.0389595031738281 0.0973663330078125 0.111465454101562
0.0108728408813477 0.00364208221435547 -0.10247802734375 -0.08587646484375
-0.00381851196289062 -0.0109663009643555 -0.0381278991699219 -0.0320091247558594
-0.0140886306762695 0.00162029266357422 0.0383453369140625 -0.0150489807128906
-0.00415992736816406 0.0109806060791016 0.0755538940429688 -0.0574951171875
0.00500249862670898 0.00614070892333984 0.0647659301757813 -0.0935211181640625
0.00460100173950195 -0.000103950500488281 0.0264968872070312 -0.124908447265625
0.000635147094726561 -0.0113019943237305 -0.0198211669921875 -0.12066650390625
-0.00112342834472656 -0.00848770141601562 -0.0433807373046875 -0.0879669189453125
-0.000779151916503906 -0.00754404067993164 -0.0486183166503906 -0.0589981079101562
0.00502777099609375 -0.00764799118041992 -0.0471572875976563 -0.0397796630859375
0.00572872161865234 -0.000826358795166016 -0.0588912963867187 -0.0132865905761719
-0.00568580627441406 0.00801324844360352 -0.062530517578125 -0.00107192993164062
-0.0173940658569336 -0.00464344024658203 -0.0826797485351562 0.00367736816406248
-0.00555419921875 -0.018829345703125 -0.120231628417969 0.0243377685546875
0.000238418579101563 -0.00930118560791016 -0.128768920898438 0.03424072265625
0.0628738403320312 0.0227317810058594 -0.0834884643554688 -0.0835037231445312
0.048248291015625 0.00207138061523438 -0.0180454254150391 -0.0285797119140625
0.0316257476806641 0.00235939025878906 0.0487632751464844 -0.0152053833007813
0.03582763671875 -0.00167083740234375 0.082672119140625 -0.057373046875
0.032806396484375 -0.016937255859375 0.0686187744140625 -0.0905075073242188
0.0175552368164062 -0.0370521545410156 0.026641845703125 -0.122169494628906
-0.00117874145507813 -0.0485954284667969 -0.0178146362304688 -0.110664367675781
-0.00310516357421875 -0.0437469482421875 -0.041748046875 -0.0740585327148438
-0.00571060180664062 -0.047149658203125 -0.0485572814941406 -0.044830322265625
0.00687026977539063 -0.0484504699707031 -0.0508003234863281 -0.0295562744140625
0.0213546752929688 -0.0363922119140625 -0.0611991882324219 -0.00487899780273437
0.0220355987548828 -0.0223426818847656 -0.0612869262695312 0.00321578979492188
0.0215950012207031 -0.0171241760253906 -0.0802001953125 0.00941467285156251
0.0398597717285156 -0.0187835693359375 -0.107170104980469 0.03033447265625
0.0509376525878906 -0.00460433959960938 -0.1134033203125 0.0406112670898437
0.105400085449219 0.03955078125 -0.0502471923828125 -0.0737075805664062
0.09515380859375 0.0168228149414062 0.0112972259521484 -0.017542839050293
0.0756759643554688 0.00356292724609375 0.0625343322753906 -0.0112953186035156
0.0743179321289063 -0.0150985717773437 0.08807373046875 -0.0521926879882813
0.0584869384765625 -0.0394020080566406 0.0680694580078125 -0.0816726684570313
0.0284767150878906 -0.0695457458496094 0.0249099731445313 -0.108497619628906
-0.00276947021484375 -0.0777511596679688 -0.0138473510742187 -0.0871810913085938
-0.00543212890624999 -0.072052001953125 -0.0351524353027344 -0.0496177673339844
-0.0107345581054688 -0.078460693359375 -0.0408897399902344 -0.0205574035644531
0.00382232666015624 -0.0824737548828125 -0.0484771728515625 -0.00922012329101564
0.0304489135742187 -0.0679817199707031 -0.0594062805175781 0.0116424560546875
0.042572021484375 -0.052734375 -0.0602836608886719 0.0111961364746094
0.0558891296386719 -0.0322837829589844 -0.0755615234375 0.013824462890625
0.0807952880859375 -0.0197525024414062 -0.0850753784179688 0.030059814453125
0.093505859375 0.00043487548828125 -0.0827255249023438 0.046417236328125
0.131462097167969 0.0492019653320313 -0.00746917724609374 -0.0598297119140625
0.129829406738281 0.0266571044921875 0.04571533203125 -0.00498580932617187
0.109642028808594 0.00066375732421875 0.0753173828125 -0.00618743896484375
0.101982116699219 -0.0302886962890625 0.0903549194335938 -0.0429458618164063
0.07415771484375 -0.0591354370117188 0.0628471374511719 -0.0654754638671875
0.0330276489257813 -0.09368896484375 0.0215911865234375 -0.083770751953125
-0.00531768798828125 -0.0960693359375 -0.00770187377929687 -0.0550041198730469
-0.007415771484375 -0.0881195068359375 -0.0224590301513672 -0.0172824859619141
-0.0149307250976563 -0.096923828125 -0.0275936126708984 0.00974082946777343
0.00199890136718751 -0.103668212890625 -0.0410232543945313 0.0172004699707031
0.036651611328125 -0.08978271484375 -0.0540504455566406 0.0306129455566406
0.056915283203125 -0.0744857788085938 -0.0575218200683594 0.0205764770507813
0.0833358764648438 -0.0427322387695313 -0.0685462951660156 0.0148277282714844
0.111701965332031 -0.0181503295898438 -0.0566368103027344 0.0245819091796875
0.121917724609375 0.00762939453125 -0.0415382385253906 0.052459716796875
0.136955261230469 0.0505905151367188 0.0394134521484375 -0.0474281311035156
0.143783569335938 0.0273590087890625 0.0803985595703125 0.0025634765625
0.124824523925781 -0.00505828857421875 0.0846786499023438 -0.0027923583984375
0.111869812011719 -0.0426559448242188 0.08624267578125 -0.02996826171875
0.0761489868164063 -0.0726242065429688 0.0552864074707031 -0.0433616638183594
0.0287094116210938 -0.103424072265625 0.0186424255371094 -0.0514678955078125
-0.00945281982421874 -0.09942626953125 0.00187873840332031 -0.0178890228271484
-0.00873565673828125 -0.090484619140625 -0.00689315795898438 0.0173168182373047
-0.01519775390625 -0.101554870605469 -0.0115394592285156 0.0417976379394531
0.00232696533203124 -0.109306335449219 -0.0313873291015625 0.0464057922363281
0.0404434204101562 -0.09619140625 -0.04718017578125 0.05157470703125
0.0668869018554688 -0.0831832885742188 -0.0528182983398437 0.0300064086914062
0.100494384765625 -0.0428314208984375 -0.0582923889160156 0.0134086608886719
0.127197265625 -0.00949859619140625 -0.0226860046386719 0.0185489654541016
0.13116455078125 0.0187225341796875 0.00469970703125001 0.0606040954589844
0.120277404785156 0.0429229736328125 0.0808258056640625 -0.0389938354492188
0.134757995605469 0.0235366821289062 0.108642578125 0.00213623046875
0.116966247558594 -0.0104293823242188 0.0878982543945313 -0.00429534912109375
0.100723266601562 -0.047454833984375 0.0781936645507813 -0.0165939331054688
0.062591552734375 -0.0728530883789063 0.0483169555664063 -0.0197486877441406
0.0173110961914063 -0.0968551635742188 0.0192108154296875 -0.0163612365722656
-0.0134124755859375 -0.0860214233398438 0.0134963989257813 0.0189704895019531
-0.00945281982421875 -0.0784225463867188 0.0100555419921875 0.0497856140136719
-0.0135879516601562 -0.0906982421875 0.0024871826171875 0.0722198486328125
0.00488281249999999 -0.09808349609375 -0.0242462158203125 0.0745697021484375
0.0433425903320313 -0.0868988037109375 -0.0435829162597656 0.0693016052246094
0.071502685546875 -0.0739364624023438 -0.0498886108398437 0.0379180908203125
0.103378295898438 -0.0294952392578125 -0.0459938049316406 0.0117301940917969
0.123245239257813 0.0067901611328125 0.0109138488769531 0.0158748626708984
0.118980407714844 0.0301666259765625 0.048583984375 0.0726165771484375
0.0851364135742188 0.0319671630859375 0.111328125 -0.038055419921875
0.1053466796875 0.0170745849609375 0.124496459960937 -0.0048828125
0.0901641845703125 -0.013031005859375 0.0849990844726563 -0.00760650634765625
0.0739593505859375 -0.0422821044921875 0.0683326721191406 -0.00510025024414063
0.0409698486328125 -0.0598335266113281 0.0436325073242188 0.000450134277343746
0.00299835205078124 -0.07373046875 0.0246505737304687 0.0133762359619141
-0.0145187377929687 -0.0595436096191406 0.0271072387695313 0.0473594665527344
-0.0093536376953125 -0.0538825988769531 0.0244216918945313 0.0742721557617188
-0.0109100341796875 -0.0657386779785156 0.011474609375 0.09613037109375
0.00630950927734375 -0.0726089477539063 -0.0227813720703125 0.0975723266601562
0.0397796630859375 -0.0643424987792969 -0.0450515747070312 0.0831222534179688
0.0640602111816406 -0.0533485412597656 -0.0494956970214844 0.0455131530761719
0.08892822265625 -0.0107192993164063 -0.0353469848632812 0.0138397216796875
0.099365234375 0.020751953125 0.0372810363769531 0.0212173461914063
0.0877151489257812 0.0369491577148437 0.0829925537109375 0.0883331298828125
0.0362205505371094 0.0204048156738281 0.127433776855469 -0.0418014526367188
0.0621147155761719 0.0131492614746094 0.127677917480469 -0.0166015625
0.0514602661132813 -0.0098419189453125 0.0783462524414063 -0.0121078491210938
0.0376319885253906 -0.0278472900390625 0.0607681274414063 0.00215530395507812
0.0157356262207031 -0.0356521606445313 0.0433807373046875 0.013336181640625
-0.0090179443359375 -0.0371513366699219 0.0332088470458984 0.0316944122314453
-0.0119380950927734 -0.0234317779541016 0.0403900146484375 0.0632743835449219
-0.00712776184082031 -0.0211582183837891 0.0355987548828125 0.0880050659179688
-0.00863075256347657 -0.0310020446777344 0.015045166015625 0.112045288085938
0.00107955932617188 -0.0382881164550781 -0.0259475708007813 0.112869262695313
0.0246925354003906 -0.0367431640625 -0.05023193359375 0.0923233032226563
0.0424041748046875 -0.0295791625976563 -0.0532722473144531 0.0525779724121094
0.058624267578125 0.001800537109375 -0.0311126708984375 0.0185661315917969
0.059783935546875 0.0241012573242188 0.0509719848632813 0.0312004089355469
0.0424613952636719 0.0337944030761719 0.102241516113281 0.1033935546875
0.0118646621704102 0.00365066528320313 -0.101493835449219 -0.0801467895507813
-0.00366497039794922 -0.0106573104858398 -0.0370254516601563 -0.0287628173828125
-0.0129365921020508 0.00203227996826172 0.0382003784179688 -0.0159988403320313
-0.00240516662597656 0.0108499526977539 0.0717391967773438 -0.0591354370117188
0.00530242919921875 0.00498199462890625 0.0595855712890625 -0.0943603515625
0.00470209121704102 -0.00144481658935547 0.0200119018554688 -0.123519897460938
1.3351440429688E-05 -0.0124378204345703 -0.02569580078125 -0.115234375
-0.000370025634765625 -0.00978374481201172 -0.04681396484375 -0.08148193359375
-0.000289916992187501 -0.00835943222045898 -0.0515213012695313 -0.0541000366210938
0.00519847869873047 -0.00889873504638672 -0.0493621826171875 -0.0368728637695313
0.00642919540405273 -0.00107288360595703 -0.0590934753417969 -0.0106277465820312
-0.00418567657470703 0.0086522102355957 -0.0621109008789063 0.001129150390625
-0.0171108245849609 -0.00302314758300781 -0.081939697265625 0.00514984130859374
-0.00697994232177735 -0.0173425674438477 -0.117202758789063 0.0288543701171875
-0.000148773193359374 -0.00796222686767578 -0.125076293945312 0.0405502319335937
0.0634651184082031 0.0192337036132812 -0.0824966430664063 -0.0782623291015625
0.0475692749023438 -0.000213623046875 -0.0176315307617188 -0.0251102447509766
0.0310173034667969 0.000682830810546875 0.0481414794921875 -0.0158424377441406
0.0356101989746094 -0.00335311889648438 0.0790557861328125 -0.0586776733398438
0.0314731597900391 -0.0184974670410156 0.0629348754882813 -0.0916213989257813
0.0154609680175781 -0.0376739501953125 0.0209503173828125 -0.119880676269531
-0.00326538085937501 -0.0477523803710938 -0.022796630859375 -0.105781555175781
-0.00447845458984375 -0.0434341430664063 -0.0449981689453125 -0.0678215026855469
-0.00734710693359375 -0.0463371276855469 -0.0504264831542969 -0.0398445129394531
0.00472640991210938 -0.0483856201171875 -0.0529060363769531 -0.025787353515625
0.0200080871582031 -0.0366058349609375 -0.0615272521972656 -0.00188827514648437
0.0214118957519531 -0.0223541259765625 -0.0613441467285156 0.00510406494140626
0.0203266143798828 -0.0160026550292969 -0.07861328125 0.0117416381835937
0.0380134582519531 -0.0190887451171875 -0.103446960449219 0.0347518920898438
0.0496788024902344 -0.00598907470703125 -0.109947204589844 0.0467529296875
0.105606079101563 0.0333633422851563 -0.0497169494628906 -0.0694770812988281
0.094390869140625 0.0112991333007813 0.0115547180175781 -0.0159502029418945
0.0742950439453125 0.0002288818359375 0.0622901916503906 -0.0120391845703125
0.072174072265625 -0.0188446044921875 0.0858306884765625 -0.0531387329101562
0.0547828674316406 -0.0411758422851563 0.0629653930664063 -0.082183837890625
0.0239448547363281 -0.0687713623046875 0.0194625854492187 -0.105636596679688
-0.00664520263671876 -0.0755767822265625 -0.0177536010742188 -0.0830078125
-0.0086669921875 -0.0704116821289063 -0.0366859436035156 -0.0441780090332031
-0.0145187377929688 -0.076171875 -0.042022705078125 -0.0160026550292969
6.10351562499994E-05 -0.0810928344726563 -0.0503730773925781 -0.00578689575195312
0.027008056640625 -0.0679244995117188 -0.0602149963378906 0.0145454406738281
0.0394134521484375 -0.0527076721191406 -0.0604896545410156 0.0130729675292969
0.0532760620117188 -0.0324516296386719 -0.0739212036132813 0.0166473388671875
0.0777740478515625 -0.0222549438476563 -0.0824432373046875 0.0342864990234375
0.09112548828125 -0.0033721923828125 -0.0801010131835938 0.051605224609375
0.13165283203125 0.0413742065429688 -0.00732421874999999 -0.0578460693359375
0.12762451171875 0.0185317993164063 0.0465011596679688 -0.00484085083007812
0.107307434082031 -0.00492095947265625 0.0756607055664063 -0.00677490234375
0.0985183715820313 -0.03509521484375 0.087982177734375 -0.0436325073242188
0.0693397521972656 -0.0621109008789063 0.058563232421875 -0.0654640197753906
0.0271224975585938 -0.0916824340820313 0.0169830322265625 -0.0810546875
-0.0101776123046875 -0.0926589965820312 -0.0100135803222656 -0.0519218444824219
-0.0114669799804687 -0.0853729248046875 -0.0229225158691406 -0.0135307312011719
-0.0196533203125 -0.0938873291015625 -0.0267982482910156 0.0123500823974609
-0.0039215087890625 -0.101089477539062 -0.0416488647460938 0.0200424194335937
0.0311126708984375 -0.0894927978515625 -0.05322265625 0.0333290100097656
0.0518798828125 -0.0760040283203125 -0.0565376281738281 0.0225372314453125
0.0790176391601563 -0.044647216796875 -0.0669326782226563 0.0178031921386719
0.107582092285156 -0.0222396850585938 -0.0547752380371094 0.0279083251953125
0.119132995605469 0.00222015380859375 -0.0398406982421875 0.0556907653808594
0.136116027832031 0.0413589477539062 0.0387115478515625 -0.047637939453125
0.141098022460938 0.019561767578125 0.080078125 0.000648498535156251
0.121353149414062 -0.010162353515625 0.0839614868164063 -0.004180908203125
0.10687255859375 -0.04779052734375 0.0850372314453125 -0.030914306640625
0.0700149536132813 -0.0733413696289063 0.052734375 -0.0435066223144531
0.0217437744140625 -0.101409912109375 0.0157928466796875 -0.0491790771484375
-0.0140762329101562 -0.0950469970703125 0.00143051147460937 -0.0159473419189453
-0.0129852294921875 -0.0873870849609375 -0.0053253173828125 0.0187454223632812
-0.0208892822265625 -0.0975875854492188 -0.00986099243164062 0.0426559448242187
-0.00401306152343751 -0.106338500976563 -0.0305595397949219 0.0480422973632813
0.0346450805664063 -0.0960311889648438 -0.0457763671875 0.0533027648925781
0.0609359741210938 -0.0845947265625 -0.0520553588867187 0.0313835144042969
0.0957183837890625 -0.0454940795898438 -0.0569839477539063 0.0162124633789062
0.123527526855469 -0.0146636962890625 -0.0222415924072266 0.0199432373046875
0.128883361816406 0.0111618041992187 0.00571441650390625 0.0611991882324219
0.119590759277344 0.0349578857421875 0.0790176391601563 -0.0420608520507813
0.131584167480469 0.015472412109375 0.106964111328125 -0.00115203857421875
0.112823486328125 -0.014373779296875 0.086944580078125 -0.00531768798828125
0.0960845947265625 -0.0518722534179688 0.0776519775390625 -0.017852783203125
0.0576629638671875 -0.0735931396484375 0.0468559265136719 -0.0198745727539063
0.0116500854492187 -0.0941314697265625 0.0181350708007813 -0.0156230926513672
-0.0168075561523438 -0.082000732421875 0.0149288177490234 0.0178432464599609
-0.013092041015625 -0.0749588012695313 0.012603759765625 0.04833984375
-0.0185623168945312 -0.0863037109375 0.00579833984374999 0.0706787109375
-0.00160217285156251 -0.095001220703125 -0.02178955078125 0.0748977661132813
0.0373077392578125 -0.0876235961914063 -0.0407333374023437 0.0708999633789063
0.0651397705078125 -0.0763168334960938 -0.0486679077148438 0.0388641357421875
0.0988998413085938 -0.0333099365234375 -0.0448951721191406 0.0144882202148438
0.120689392089844 2.288818359375E-05 0.0101823806762695 0.0157613754272461
0.117805480957031 0.02301025390625 0.0491561889648438 0.0708694458007813
0.0842361450195313 0.0259933471679688 0.108802795410156 -0.0424880981445313
0.102806091308594 0.0110015869140625 0.122543334960938 -0.0100021362304688
0.0873870849609375 -0.0163955688476563 0.0843353271484375 -0.00901031494140625
0.0697402954101563 -0.0454978942871094 0.068359375 -0.0064239501953125
0.0364151000976563 -0.0605087280273438 0.0439567565917969 -0.000152587890625004
-0.00178909301757813 -0.0701065063476563 0.0252456665039063 0.0129566192626953
-0.0168724060058594 -0.0562820434570313 0.0296745300292969 0.0450172424316406
-0.0111961364746094 -0.0510826110839844 0.0280380249023438 0.0709686279296875
-0.01416015625 -0.0617828369140625 0.0159225463867187 0.0936508178710938
0.00117111206054688 -0.0700721740722656 -0.0185623168945313 0.0975418090820312
0.0342941284179688 -0.0650405883789063 -0.0410614013671875 0.0845718383789063
0.0592002868652344 -0.0555458068847656 -0.047637939453125 0.0465202331542969
0.085784912109375 -0.0147781372070313 -0.0346202850341797 0.0156002044677734
0.0980300903320313 0.0146026611328125 0.0362052917480469 0.0190467834472656
0.08740234375 0.0306549072265625 0.0830307006835938 0.084320068359375
0.03558349609375 0.0169525146484375 0.123664855957031 -0.0471725463867188
0.0604667663574219 0.00839614868164063 0.124725341796875 -0.0211257934570313
0.0505638122558594 -0.0121002197265625 0.0772018432617188 -0.0134506225585938
0.0349388122558594 -0.0294914245605469 0.0618171691894531 0.00124359130859375
0.0125083923339844 -0.0352783203125 0.0445098876953125 0.0117111206054687
-0.0109729766845703 -0.0342731475830078 0.0352249145507812 0.0304298400878906
-0.0128860473632813 -0.0206928253173828 0.04315185546875 0.0592918395996094
-0.00792121887207031 -0.0184841156005859 0.0400314331054688 0.08306884765625
-0.0103168487548828 -0.0276145935058594 0.0204696655273438 0.107475280761719
-0.002349853515625 -0.0362014770507813 -0.0210647583007813 0.111518859863281
0.02117919921875 -0.03717041015625 -0.0457305908203125 0.0928268432617188
0.0394859313964844 -0.0319061279296875 -0.05047607421875 0.05340576171875
0.0569915771484375 -0.00128936767578125 -0.0303287506103516 0.0202198028564453
0.0592231750488281 0.0198631286621094 0.0498161315917969 0.0267524719238281
0.0429763793945312 0.0293388366699219 0.102165222167969 0.0972671508789063
0.0120782852172852 0.00400543212890625 -0.09918212890625 -0.0782394409179687
-0.00310707092285156 -0.0104484558105469 -0.0356903076171875 -0.0269508361816406
-0.0122900009155273 0.00292587280273438 0.0388221740722656 -0.0160446166992188
-0.00174903869628906 0.0104188919067383 0.0708770751953125 -0.0592269897460938
0.00591897964477539 0.00416755676269531 0.0583648681640625 -0.0941009521484375
0.0051579475402832 -0.00292634963989258 0.0184707641601563 -0.122642517089844
0.000272750854492187 -0.0142669677734375 -0.0263595581054688 -0.11279296875
0.000818252563476563 -0.0105113983154297 -0.048004150390625 -0.0775299072265625
0.000481605529785156 -0.00969123840332031 -0.0529708862304688 -0.0514717102050781
0.00648593902587891 -0.00929546356201172 -0.0515937805175781 -0.0359268188476563
0.00722694396972656 -0.001556396484375 -0.0605697631835938 -0.0096893310546875
-0.00327968597412109 0.00934696197509766 -0.0627975463867188 0.000576019287109367
-0.0170011520385742 -0.00153350830078125 -0.0822067260742188 0.00421142578125
-0.00789737701416016 -0.0160245895385742 -0.116325378417969 0.0294570922851562
-0.000411033630371093 -0.00648689270019531 -0.124351501464844 0.0442276000976563
0.0630111694335937 0.01849365234375 -0.0800933837890625 -0.0764007568359375
0.0476150512695313 -0.000911712646484375 -0.0162277221679687 -0.0240478515625
0.0315475463867188 0.000255584716796875 0.04876708984375 -0.0152206420898438
0.0353546142578125 -0.00524139404296875 0.0786972045898438 -0.0581283569335938
0.0310764312744141 -0.0193672180175781 0.0617218017578125 -0.0910263061523438
0.0145339965820313 -0.0378303527832031 0.0190658569335938 -0.118507385253906
-0.004486083984375 -0.0479774475097656 -0.0241851806640625 -0.102706909179688
-0.00511550903320312 -0.0437660217285156 -0.045379638671875 -0.0643157958984375
-0.00719451904296875 -0.046417236328125 -0.0517730712890625 -0.0372467041015625
0.0043487548828125 -0.0486984252929688 -0.0550460815429687 -0.0243644714355469
0.02044677734375 -0.037017822265625 -0.0627250671386719 -0.000526428222656253
0.0212154388427734 -0.0214214324951172 -0.0621376037597656 0.00551605224609376
0.0199928283691406 -0.0151405334472656 -0.0785446166992188 0.011627197265625
0.0366325378417969 -0.0184059143066406 -0.102607727050781 0.0360870361328125
0.0491256713867188 -0.0052032470703125 -0.109695434570312 0.0504379272460938
0.10528564453125 0.03070068359375 -0.0473098754882812 -0.0682830810546875
0.0936965942382813 0.00909423828125 0.0123710632324219 -0.0133466720581055
0.0739212036132813 -0.00079345703125 0.0634269714355469 -0.011016845703125
0.071502685546875 -0.020538330078125 0.085205078125 -0.0529632568359375
0.05389404296875 -0.0427589416503906 0.0622482299804688 -0.0807266235351563
0.0229682922363281 -0.0679664611816406 0.0172805786132812 -0.104286193847656
-0.00756835937499999 -0.0750961303710937 -0.0183944702148438 -0.0806884765625
-0.00977706909179688 -0.0698318481445313 -0.0359458923339844 -0.0412826538085938
-0.0153732299804687 -0.0750808715820313 -0.0425186157226563 -0.0136947631835938
-0.0012969970703125 -0.0798797607421875 -0.052581787109375 -0.00382614135742188
0.0264129638671875 -0.0677032470703125 -0.0607833862304688 0.0157699584960938
0.0387153625488281 -0.0525932312011719 -0.0611381530761719 0.0132904052734375
0.0518074035644531 -0.0314712524414063 -0.0741729736328125 0.0170669555664062
0.0762557983398438 -0.0226058959960938 -0.0821609497070313 0.0359039306640625
0.0899429321289063 -0.00396728515625 -0.080291748046875 0.0549087524414063
0.130912780761719 0.03826904296875 -0.00535583496093749 -0.0570335388183594
0.125404357910156 0.0158004760742188 0.047393798828125 -0.00360107421875
0.106452941894531 -0.0050048828125 0.0764312744140625 -0.0054168701171875
0.096710205078125 -0.0371246337890625 0.0883102416992188 -0.0429534912109375
0.0668220520019531 -0.0622673034667969 0.0586471557617188 -0.064178466796875
0.02508544921875 -0.0909652709960937 0.0151214599609375 -0.0792694091796875
-0.0116043090820312 -0.091217041015625 -0.0106201171875 -0.0496940612792969
-0.0125732421875 -0.0843124389648438 -0.0218849182128906 -0.0108661651611328
-0.0214691162109375 -0.0924453735351562 -0.0273513793945313 0.0142974853515625
-0.00630950927734374 -0.0991134643554688 -0.0437965393066406 0.0224723815917969
0.0294876098632812 -0.0897674560546875 -0.0546188354492188 0.0348739624023437
0.0500411987304687 -0.07586669921875 -0.0578422546386719 0.0231666564941406
0.0778350830078125 -0.0442428588867188 -0.0677108764648438 0.0187530517578125
0.106986999511719 -0.0233840942382813 -0.0545578002929688 0.0295753479003906
0.117950439453125 0.00038909912109375 -0.0402145385742187 0.0576896667480469
0.135643005371094 0.0376739501953125 0.0401458740234375 -0.048004150390625
0.139533996582031 0.016082763671875 0.0808639526367188 0.00127410888671875
0.119674682617188 -0.0110244750976563 0.08575439453125 -0.00274658203125
0.105033874511719 -0.0488357543945313 0.0862350463867187 -0.029693603515625
0.0675125122070313 -0.0739288330078125 0.052764892578125 -0.04217529296875
0.0194854736328125 -0.0986099243164063 0.0146446228027344 -0.0472755432128906
-0.0149688720703125 -0.0928115844726562 0.0017557144165039 -0.0147790908813477
-0.0149002075195313 -0.085784912109375 -0.00461769104003907 0.0206794738769531
-0.023284912109375 -0.0948104858398438 -0.00957107543945313 0.04315185546875
-0.00651550292968751 -0.104171752929688 -0.0318145751953125 0.0498886108398438
0.0318679809570313 -0.0962677001953125 -0.0461540222167969 0.0546913146972656
0.0578994750976563 -0.0851898193359375 -0.0530433654785156 0.0326614379882812
0.0940170288085938 -0.04638671875 -0.0567054748535156 0.0180816650390625
0.122299194335938 -0.0164871215820313 -0.0229282379150391 0.0211353302001953
0.127952575683594 0.0086822509765625 0.00445938110351563 0.063629150390625
0.118911743164063 0.0319976806640625 0.0789337158203125 -0.043304443359375
0.130050659179688 0.0127944946289062 0.106697082519531 -0.000572204589843749
0.111839294433594 -0.0154190063476562 0.0883941650390625 -0.002960205078125
0.094268798828125 -0.0525436401367188 0.07855224609375 -0.0170822143554688
0.0553741455078125 -0.0739288330078125 0.0470428466796875 -0.0185470581054688
0.00903320312499999 -0.0918502807617188 0.017852783203125 -0.0136032104492188
-0.01837158203125 -0.0792007446289062 0.0157737731933594 0.0186061859130859
-0.01422119140625 -0.0732803344726563 0.0134429931640625 0.0481758117675781
-0.02044677734375 -0.083251953125 0.006683349609375 0.0714111328125
-0.00389862060546874 -0.0928802490234375 -0.022064208984375 0.0759353637695313
0.0343704223632813 -0.0864486694335938 -0.04095458984375 0.0717315673828125
0.062774658203125 -0.076812744140625 -0.0488395690917969 0.0400047302246094
0.0966873168945313 -0.03399658203125 -0.0447235107421875 0.0154876708984375
0.119361877441406 -0.00267791748046875 0.00932884216308594 0.0166492462158203
0.117080688476563 0.0199661254882813 0.047454833984375 0.07269287109375
0.0835037231445313 0.0221939086914062 0.109115600585938 -0.0443344116210937
0.10107421875 0.00803375244140625 0.1220703125 -0.0097503662109375
0.0855636596679688 -0.017608642578125 0.08489990234375 -0.007354736328125
0.0673942565917969 -0.0467681884765625 0.0701751708984375 -0.00506591796875
0.0341911315917969 -0.0604209899902344 0.0447235107421875 -0.000167846679687504
-0.0035400390625 -0.0672264099121094 0.0261096954345703 0.0133743286132812
-0.0182151794433594 -0.0532379150390625 0.0313758850097656 0.0434608459472656
-0.0124320983886719 -0.0488929748535156 0.030029296875 0.0696372985839844
-0.015380859375 -0.0589942932128906 0.0175704956054687 0.092010498046875
-0.00133132934570313 -0.0681114196777344 -0.0184555053710938 0.0973358154296875
0.0312538146972656 -0.0655937194824219 -0.0409622192382813 0.0852203369140625
0.0565605163574219 -0.0563278198242188 -0.0474700927734375 0.0475425720214844
0.0834426879882812 -0.01556396484375 -0.0343036651611328 0.0162181854248047
0.0974884033203125 0.01220703125 0.0351181030273438 0.0180873870849609
0.0869064331054688 0.0270309448242188 0.0816879272460938 0.0842361450195313
0.0357437133789063 0.0145149230957031 0.122970581054688 -0.0505905151367188
0.0597305297851563 0.00688552856445313 0.123832702636719 -0.0222015380859375
0.04962158203125 -0.0131416320800781 0.0771026611328125 -0.0124359130859375
0.0335540771484375 -0.0308246612548828 0.0635414123535156 0.00200653076171875
0.0111808776855469 -0.0350227355957031 0.0461044311523438 0.01214599609375
-0.0127506256103516 -0.0331020355224609 0.0365753173828125 0.0302085876464844
-0.0132961273193359 -0.0185985565185547 0.0447959899902344 0.0573348999023438
-0.00815868377685547 -0.0170965194702148 0.0411911010742188 0.0801467895507813
-0.0107383728027344 -0.0253467559814453 0.0222854614257813 0.104782104492188
-0.00395584106445313 -0.0342254638671875 -0.0193634033203125 0.110885620117188
0.0190620422363281 -0.0371513366699219 -0.0445556640625 0.09307861328125
0.0374183654785156 -0.0320167541503906 -0.0503082275390625 0.0535736083984375
0.05548095703125 -0.00189208984375 -0.0305557250976563 0.0191020965576172
0.0590553283691406 0.0185928344726563 0.0478858947753906 0.0258293151855469
0.0426559448242188 0.0264549255371094 0.100692749023438 0.09600830078125
0.0125656127929688 0.00528049468994141 -0.0988845825195313 -0.0805587768554688
-0.00287246704101563 -0.00969696044921875 -0.0353546142578125 -0.0262031555175781
-0.0116329193115234 0.00199508666992188 0.0400619506835938 -0.0158500671386719
-0.000468254089355469 0.0101165771484375 0.0727386474609375 -0.0606613159179688
0.00659275054931641 0.00344610214233398 0.0590972900390625 -0.0966415405273437
0.00573968887329102 -0.00356674194335938 0.0178756713867187 -0.125221252441406
-0.000432968139648439 -0.0154781341552734 -0.0275115966796875 -0.114059448242188
8.869171142578E-05 -0.0130233764648438 -0.0487594604492188 -0.07708740234375
0.00168132781982422 -0.0111494064331055 -0.0563697814941406 -0.0504608154296875
0.00776386260986328 -0.0102357864379883 -0.0548629760742187 -0.03607177734375
0.00883674621582031 -0.00133895874023437 -0.0622444152832031 -0.0106582641601562
-0.00246810913085938 0.0105075836181641 -0.0650482177734375 -0.000850677490234363
-0.0169773101806641 -0.000704765319824216 -0.0854339599609375 0.00270843505859376
-0.00841426849365234 -0.0150089263916016 -0.118637084960938 0.0310287475585938
0.000171422958374023 -0.00426220893859863 -0.1275634765625 0.0466766357421875
0.0650291442871094 0.0196914672851563 -0.0796432495117187 -0.0779266357421875
0.0491294860839844 -0.00156402587890625 -0.0147266387939453 -0.0226364135742187
0.0325908660888672 0.00022125244140625 0.0515060424804688 -0.0143928527832031
0.0365142822265625 -0.00640487670898437 0.08062744140625 -0.059326171875
0.0318489074707031 -0.0203208923339844 0.0625228881835938 -0.0923538208007813
0.0149078369140625 -0.0386886596679688 0.0189666748046875 -0.120468139648438
-0.00444793701171875 -0.050079345703125 -0.0253753662109375 -0.102828979492188
-0.00525665283203125 -0.0464286804199219 -0.0465774536132813 -0.06231689453125
-0.00694656372070312 -0.0477066040039063 -0.0540008544921875 -0.0354957580566406
0.00467300415039062 -0.0501022338867188 -0.0587654113769531 -0.0230445861816406
0.0211334228515625 -0.0378799438476563 -0.0653114318847656 -0.000205993652343739
0.0228252410888672 -0.0217018127441406 -0.0652885437011719 0.00392913818359375
0.0208034515380859 -0.0133495330810547 -0.0824203491210938 0.01129150390625
0.0365447998046875 -0.0178680419921875 -0.105438232421875 0.0374374389648437
0.0493545532226562 -0.0040740966796875 -0.112236022949219 0.0540313720703125
0.10772705078125 0.0310592651367188 -0.0471305847167969 -0.0698776245117187
0.0951995849609375 0.0086212158203125 0.0154047012329102 -0.0126123428344727
0.0760040283203125 -0.00090789794921875 0.0664939880371094 -0.00934600830078125
0.0718841552734375 -0.0223159790039063 0.0889053344726563 -0.0532073974609375
0.0545654296875 -0.0441055297851563 0.0636444091796875 -0.0819473266601563
0.023193359375 -0.0696258544921875 0.0175933837890625 -0.104339599609375
-0.00804138183593751 -0.0772933959960938 -0.019287109375 -0.0805206298828125
-0.00982666015625001 -0.0721588134765625 -0.0362548828125 -0.0390968322753906
-0.01617431640625 -0.0765838623046875 -0.0440711975097656 -0.0119705200195313
-0.00194549560546875 -0.081939697265625 -0.0563888549804688 -0.00199890136718751
0.0267715454101562 -0.0698928833007813 -0.0647773742675781 0.017669677734375
0.0399627685546875 -0.0531234741210938 -0.0644149780273438 0.0134773254394531
0.0538063049316406 -0.0308609008789063 -0.07672119140625 0.0171890258789063
0.0773849487304688 -0.022003173828125 -0.0846328735351563 0.0378875732421875
0.0914382934570313 -0.003753662109375 -0.0824737548828125 0.0591506958007813
0.134346008300781 0.0381698608398437 -0.0032196044921875 -0.058807373046875
0.128860473632813 0.0143814086914063 0.0499229431152344 -0.00128936767578125
0.109390258789063 -0.0047607421875 0.0800857543945313 -0.00290679931640625
0.0989151000976562 -0.0390167236328125 0.092132568359375 -0.0423507690429688
0.0677108764648437 -0.0643730163574219 0.0607147216796875 -0.0645523071289063
0.0248184204101563 -0.0921478271484375 0.015716552734375 -0.0782546997070313
-0.0117263793945313 -0.091827392578125 -0.0102462768554688 -0.0485305786132813
-0.013641357421875 -0.0857162475585938 -0.0217456817626953 -0.00910949707031251
-0.0227813720703125 -0.0936355590820313 -0.0280265808105469 0.0169105529785156
-0.00733184814453124 -0.101463317871094 -0.0462608337402344 0.0251274108886719
0.02911376953125 -0.0914154052734375 -0.057586669921875 0.0366706848144531
0.0505828857421875 -0.0772552490234375 -0.0617141723632813 0.0239982604980469
0.0793609619140625 -0.0442581176757813 -0.0702362060546875 0.0192146301269531
0.108573913574219 -0.0237274169921875 -0.0561866760253906 0.0319557189941406
0.120460510253906 -0.0006256103515625 -0.0423049926757812 0.063323974609375
0.137557983398438 0.0366439819335938 0.0432395935058594 -0.0486488342285156
0.141342163085938 0.0145416259765625 0.084014892578125 0.0030975341796875
0.12225341796875 -0.0109939575195313 0.0892715454101563 0.000495910644531249
0.10711669921875 -0.0510406494140625 0.0897903442382813 -0.0293807983398438
0.06793212890625 -0.0759735107421875 0.0550537109375 -0.0415763854980469
0.0189208984375 -0.0994720458984375 0.015716552734375 -0.0457534790039063
-0.0164413452148437 -0.0931777954101563 0.00140380859375 -0.0134525299072266
-0.015716552734375 -0.0862884521484375 -0.00285911560058594 0.0222549438476562
-0.02471923828125 -0.0949172973632813 -0.0101089477539062 0.0463752746582031
-0.00910949707031249 -0.104843139648437 -0.0338287353515625 0.0533866882324219
0.031402587890625 -0.0984649658203125 -0.0489425659179688 0.057281494140625
0.0587997436523437 -0.0869140625 -0.0557136535644531 0.0338592529296875
0.0959091186523438 -0.0465316772460938 -0.0584754943847656 0.0187416076660156
0.124763488769531 -0.018310546875 -0.0239105224609375 0.0225410461425781
0.129829406738281 0.00754547119140625 0.00449371337890626 0.0681838989257813
0.120597839355469 0.0297470092773438 0.0828704833984375 -0.0438461303710937
0.131233215332031 0.011016845703125 0.110923767089844 0.000526428222656251
0.113685607910156 -0.0166091918945313 0.092193603515625 -0.00152587890625
0.0948867797851563 -0.0546646118164063 0.0826568603515625 -0.015533447265625
0.0557632446289063 -0.0751419067382813 0.0506362915039062 -0.0175590515136719
0.00801849365234375 -0.0916900634765625 0.0197906494140625 -0.0126285552978516
-0.0184326171875 -0.0790634155273438 0.0166301727294922 0.0199012756347656
-0.0153579711914063 -0.0730361938476563 0.0155105590820312 0.0506668090820312
-0.022369384765625 -0.0831069946289063 0.00713348388671875 0.0727386474609375
-0.00602722167968749 -0.0934982299804688 -0.0235137939453125 0.079498291015625
0.032806396484375 -0.0888671875 -0.0430984497070313 0.07470703125
0.061553955078125 -0.0797119140625 -0.0517234802246094 0.0415534973144531
0.0991897583007813 -0.03564453125 -0.0464057922363281 0.0167083740234375
0.122596740722656 -0.00439453125 0.00841236114501954 0.0171728134155273
0.119308471679688 0.0182113647460938 0.0473861694335938 0.0765304565429688
0.0849685668945313 0.0211868286132813 0.1124267578125 -0.0471420288085938
0.102264404296875 0.00664520263671875 0.125259399414063 -0.0093536376953125
0.0884170532226563 -0.017791748046875 0.0886459350585938 -0.00476837158203125
0.0685691833496094 -0.0484809875488281 0.0740585327148438 -0.00384521484375
0.0338706970214844 -0.0619354248046875 0.0472946166992188 0.0019073486328125
-0.0046539306640625 -0.0670928955078125 0.0271987915039062 0.0147972106933594
-0.0181655883789063 -0.0518302917480469 0.0332145690917969 0.0441398620605469
-0.0126800537109375 -0.0486259460449219 0.0319595336914063 0.0709075927734375
-0.0175132751464844 -0.056854248046875 0.0179443359375 0.09375
-0.0037994384765625 -0.0677528381347656 -0.0186309814453125 0.10052490234375
0.029510498046875 -0.0665817260742188 -0.04217529296875 0.0877609252929688
0.0561447143554688 -0.0586662292480469 -0.0494308471679687 0.0486106872558594
0.0859375 -0.0166091918945313 -0.0359001159667969 0.0166244506835938
0.0994186401367188 0.0109710693359375 0.0350513458251953 0.0183525085449219
0.0886688232421875 0.02545166015625 0.0818328857421875 0.0881805419921875
0.0357589721679687 0.0137596130371094 0.126625061035156 -0.05255126953125
0.0602798461914063 0.00528717041015625 0.127838134765625 -0.0226058959960938
0.0504646301269531 -0.0135345458984375 0.0801315307617188 -0.010772705078125
0.0341815948486328 -0.0320587158203125 0.0667648315429687 0.00379180908203125
0.00952529907226563 -0.0359954833984375 0.0493316650390625 0.0133285522460938
-0.0142993927001953 -0.0315437316894531 0.0387306213378906 0.0312385559082031
-0.0127124786376953 -0.0169754028320313 0.0475959777832031 0.0566749572753906
-0.00885200500488282 -0.0158052444458008 0.0430145263671875 0.0798263549804687
-0.0113410949707031 -0.0238246917724609 0.0232620239257812 0.106002807617187
-0.00523948669433594 -0.0336093902587891 -0.0196762084960938 0.11322021484375
0.0176963806152344 -0.0380172729492188 -0.0458831787109375 0.0953445434570313
0.0369949340820313 -0.0329856872558594 -0.0517692565917969 0.0552711486816406
0.0562057495117188 -0.0020751953125 -0.0315361022949219 0.0197200775146484
0.0591812133789062 0.0163650512695312 0.0477104187011719 0.0247840881347656
0.043731689453125 0.0252609252929688 0.100837707519531 0.09912109375
0.014399528503418 0.00762462615966797 -0.103118896484375 -0.083953857421875
-0.00320529937744141 -0.00987911224365234 -0.0364112854003906 -0.0256614685058594
-0.011474609375 0.00324916839599609 0.0429115295410156 -0.0158424377441406
-0.00011444091796875 0.00999164581298828 0.0761184692382813 -0.0640869140625
0.00798320770263672 0.00335884094238281 0.0610809326171875 -0.101829528808594
0.00689888000488281 -0.0056614875793457 0.016632080078125 -0.1312255859375
-0.000400543212890626 -0.0186595916748047 -0.0313491821289063 -0.117561340332031
0.000707626342773439 -0.0157947540283203 -0.0531082153320313 -0.0780487060546875
0.00253200531005859 -0.0137443542480469 -0.0612220764160156 -0.0500106811523438
0.0086669921875 -0.0118637084960938 -0.0606307983398438 -0.0357780456542969
0.0105037689208984 -0.00197029113769531 -0.0681419372558594 -0.0101509094238281
-0.000115394592285157 0.0116405487060547 -0.070831298828125 -0.000564575195312514
-0.0170621871948242 0.00114250183105469 -0.0920028686523438 0.00212097167968752
-0.0102386474609375 -0.0146894454956055 -0.124977111816406 0.0337448120117187
0.000450849533081055 -0.00250768661499023 -0.133590698242188 0.0540924072265625
0.0690383911132813 0.0203132629394531 -0.0826339721679688 -0.0815048217773437
0.0511665344238281 -0.00247573852539063 -0.0140247344970703 -0.0220127105712891
0.0351161956787109 0.000204086303710938 0.0555686950683594 -0.0140609741210938
0.0385246276855469 -0.00808334350585938 0.0852432250976563 -0.0625686645507813
0.0326766967773438 -0.0230903625488281 0.0648117065429688 -0.0974807739257813
0.015533447265625 -0.0419197082519531 0.0164947509765625 -0.124946594238281
-0.00555801391601562 -0.0535507202148437 -0.0280532836914063 -0.106391906738281
-0.00617218017578125 -0.0501747131347656 -0.0486488342285156 -0.0623779296875
-0.00797653198242188 -0.0516395568847656 -0.0586509704589844 -0.0337905883789062
0.00487518310546874 -0.0536003112792969 -0.0646629333496094 -0.0219573974609375
0.0225715637207031 -0.0403366088867188 -0.0711669921875 0.00135803222656251
0.0250949859619141 -0.0224723815917969 -0.0708084106445313 0.00489807128906249
0.0216045379638672 -0.0127735137939453 -0.0868072509765625 0.0119476318359375
0.0372276306152344 -0.0178642272949219 -0.110404968261719 0.0413818359375
0.0521354675292969 -0.00322723388671875 -0.1175537109375 0.0619354248046875
0.113906860351563 0.0313339233398438 -0.0476150512695312 -0.0728836059570313
0.1007080078125 0.0064239501953125 0.0182018280029297 -0.0114288330078125
0.080352783203125 -0.0023345947265625 0.0719528198242188 -0.00838470458984375
0.0756607055664063 -0.0257720947265625 0.0937576293945313 -0.0561141967773438
0.0562515258789063 -0.0480155944824219 0.0658035278320313 -0.0858383178710938
0.0224380493164062 -0.0738143920898438 0.0154647827148438 -0.108482360839844
-0.010101318359375 -0.0811843872070313 -0.0217056274414063 -0.0821380615234375
-0.0128326416015625 -0.076416015625 -0.0383796691894531 -0.0373039245605469
-0.0184249877929688 -0.080841064453125 -0.0476570129394531 -0.00883865356445313
-0.00305938720703125 -0.0863723754882813 -0.0612831115722656 0.00188827514648436
0.0273895263671875 -0.0738143920898438 -0.0699653625488281 0.0200881958007813
0.0414619445800781 -0.0565261840820313 -0.0697898864746094 0.0152091979980469
0.0560226440429688 -0.0315055847167969 -0.08135986328125 0.0194091796875
0.0798721313476563 -0.0235366821289063 -0.0876693725585938 0.042022705078125
0.095794677734375 -0.00498199462890625 -0.0864944458007813 0.0672836303710938
0.1407470703125 0.035980224609375 -0.00236511230468749 -0.0614242553710938
0.134452819824219 0.0118331909179688 0.054656982421875 -0.000560760498046874
0.114814758300781 -0.00689697265625 0.086456298828125 -0.0019378662109375
0.101768493652344 -0.043243408203125 0.098297119140625 -0.0446929931640625
0.0696449279785156 -0.0693130493164063 0.0628280639648438 -0.0668411254882813
0.0244979858398437 -0.0964508056640625 0.0149765014648438 -0.0798416137695313
-0.0143508911132813 -0.096343994140625 -0.010406494140625 -0.0491943359375
-0.0162277221679687 -0.0905532836914063 -0.02197265625 -0.00643539428710938
-0.0262374877929688 -0.0971908569335938 -0.0304241180419922 0.020843505859375
-0.010498046875 -0.105438232421875 -0.0506935119628906 0.0299224853515625
0.0283050537109375 -0.0969161987304688 -0.0625724792480469 0.0418014526367188
0.0516815185546875 -0.0822219848632813 -0.066558837890625 0.02667236328125
0.0834579467773437 -0.046722412109375 -0.07391357421875 0.022308349609375
0.112983703613281 -0.027557373046875 -0.0585784912109375 0.0356101989746094
0.125167846679688 -0.0026702880859375 -0.0437393188476563 0.0706939697265625
0.1444091796875 0.03497314453125 0.0458831787109375 -0.052490234375
0.147430419921875 0.0115814208984375 0.0901565551757813 0.00467681884765625
0.128471374511719 -0.0129623413085937 0.0969467163085938 0.00188446044921875
0.110015869140625 -0.0559463500976563 0.096282958984375 -0.02978515625
0.0691375732421875 -0.08123779296875 0.0582160949707031 -0.0429801940917969
0.0175933837890625 -0.104606628417969 0.0157852172851562 -0.0459403991699219
-0.0185623168945313 -0.0960006713867188 0.00294113159179687 -0.0126714706420898
-0.0188827514648438 -0.0901260375976563 -0.00180435180664063 0.0245189666748047
-0.0286026000976563 -0.0976715087890625 -0.0103492736816406 0.0504493713378906
-0.0130233764648438 -0.108451843261719 -0.0364799499511719 0.0586051940917969
0.0295333862304688 -0.10418701171875 -0.0528564453125 0.0624160766601563
0.05859375 -0.0927276611328125 -0.0607147216796875 0.0372161865234375
0.0996246337890625 -0.0502700805664063 -0.062286376953125 0.0214576721191406
0.130294799804687 -0.0225830078125 -0.0252742767333984 0.0265064239501953
0.135520935058594 0.004241943359375 0.0038909912109375 0.0752716064453125
0.125968933105469 0.0280990600585937 0.0871353149414063 -0.0484619140625
0.136283874511719 0.0075225830078125 0.116889953613281 0.000396728515625
0.119499206542969 -0.01812744140625 0.0987396240234375 0.00118255615234375
0.0977325439453125 -0.05987548828125 0.0893783569335938 -0.0156478881835938
0.0556411743164063 -0.0796966552734375 0.05401611328125 -0.0176353454589844
0.00637054443359374 -0.0943984985351562 0.0210361480712891 -0.0111217498779297
-0.0204696655273438 -0.0816268920898438 0.0189609527587891 0.0206222534179687
-0.0183029174804687 -0.0749969482421875 0.0180320739746094 0.0522918701171875
-0.0258941650390625 -0.0845184326171875 0.00830078125 0.0776596069335938
-0.0104141235351563 -0.0958480834960937 -0.0243453979492188 0.0855560302734375
0.0312118530273437 -0.0942916870117188 -0.0453567504882813 0.0808258056640625
0.0625534057617188 -0.0847091674804687 -0.0553207397460937 0.0452423095703125
0.102005004882813 -0.0384063720703125 -0.048980712890625 0.0190010070800781
0.127777099609375 -0.00835418701171875 0.00806427001953126 0.0188617706298828
0.124130249023438 0.0143890380859375 0.049957275390625 0.082733154296875
0.0882644653320313 0.0191497802734375 0.118270874023438 -0.05169677734375
0.106575012207031 0.00330352783203125 0.132278442382813 -0.0103530883789063
0.0914840698242188 -0.0204391479492188 0.0941848754882813 -0.00428009033203125
0.0696487426757812 -0.0527458190917969 0.0802154541015625 -0.0036773681640625
0.03240966796875 -0.0654640197753906 0.051483154296875 0.00246429443359375
-0.00746536254882813 -0.0689849853515625 0.0306854248046875 0.0165672302246094
-0.0200309753417969 -0.0526580810546875 0.0363540649414063 0.0461349487304688
-0.0146865844726562 -0.0492668151855469 0.0348358154296875 0.0726165771484375
-0.019927978515625 -0.0578422546386719 0.0202865600585938 0.0980453491210937
-0.00717163085937501 -0.0692977905273438 -0.0182342529296875 0.106452941894531
0.0280418395996094 -0.0697898864746094 -0.0438690185546875 0.0944442749023438
0.0560073852539063 -0.0626602172851563 -0.0526695251464844 0.0528907775878906
0.0888519287109375 -0.0198287963867188 -0.0379142761230469 0.0191535949707031
0.103378295898437 0.006317138671875 0.0349788665771484 0.0193672180175781
0.0928497314453125 0.0226058959960938 0.0852127075195313 0.0936965942382813
0.0379104614257813 0.0115737915039063 0.132537841796875 -0.059417724609375
0.0630912780761719 0.00192642211914063 0.133445739746094 -0.02496337890625
0.0530166625976563 -0.0160255432128906 0.0861129760742188 -0.0104446411132813
0.0342464447021484 -0.0348758697509766 0.072845458984375 0.0043487548828125
0.00779342651367187 -0.0383872985839844 0.0537528991699219 0.0137519836425781
-0.0177555084228516 -0.030975341796875 0.0423316955566406 0.0325736999511719
-0.0147209167480469 -0.0155248641967773 0.0514488220214844 0.0570449829101563
-0.00910186767578125 -0.0145883560180664 0.0468368530273438 0.081695556640625
-0.0129241943359375 -0.0220680236816406 0.0260238647460937 0.109901428222656
-0.00761795043945312 -0.0328998565673828 -0.0188522338867188 0.119049072265625
0.0160980224609375 -0.0393600463867188 -0.0471649169921875 0.102157592773438
0.0364532470703125 -0.0354995727539063 -0.0547676086425781 0.0595932006835938
0.0586776733398437 -0.00407028198242188 -0.0342578887939453 0.0211868286132813
0.0618972778320313 0.014129638671875 0.0490798950195313 0.0254325866699219
0.0453605651855469 0.02337646484375 0.105812072753906 0.104598999023437
0.0158815383911133 0.00974750518798828 -0.110946655273438 -0.0853424072265625
-0.00332069396972656 -0.00899505615234375 -0.0383682250976563 -0.0245742797851563
-0.011322021484375 0.00384235382080078 0.0463829040527344 -0.0175285339355469
0.001556396484375 0.00958824157714844 0.077392578125 -0.0715484619140625
0.00924301147460938 0.001129150390625 0.0604934692382812 -0.110763549804687
0.00772476196289062 -0.00829124450683594 0.0110855102539062 -0.139991760253906
-0.00221824645996094 -0.0217342376708984 -0.0383987426757812 -0.121932983398438
4.00543212890618E-05 -0.0188922882080078 -0.0601348876953125 -0.0779037475585938
0.00288486480712891 -0.0172395706176758 -0.067840576171875 -0.0475082397460938
0.00999546051025391 -0.0144338607788086 -0.0684738159179688 -0.033721923828125
0.012629508972168 -0.00308418273925781 -0.0745315551757813 -0.00736236572265626
0.00244045257568359 0.0131540298461914 -0.0767135620117188 0.00136566162109375
-0.0184535980224609 0.00478553771972656 -0.0982666015625 0.00528717041015623
-0.0120344161987305 -0.0124235153198242 -0.130523681640625 0.0411453247070313
0.000228002667427063 -0.0001181960105896 -0.138404846191406 0.0665283203125
0.0754928588867188 0.0193862915039062 -0.0890731811523438 -0.0834884643554687
0.0548667907714844 -0.00572967529296875 -0.0135726928710937 -0.0204124450683594
0.0382461547851563 -0.00217056274414063 0.0606880187988281 -0.0165977478027344
0.0411300659179688 -0.0118751525878906 0.0887985229492188 -0.069793701171875
0.0341148376464844 -0.0271282196044922 0.0637283325195312 -0.105667114257813
0.0147743225097656 -0.0454597473144531 0.0117874145507812 -0.131690979003906
-0.00998687744140625 -0.0579376220703125 -0.0348129272460937 -0.107978820800781
-0.00970077514648438 -0.0547065734863281 -0.054168701171875 -0.0610084533691406
-0.00996398925781249 -0.0557518005371094 -0.06488037109375 -0.0298309326171875
0.00339126586914063 -0.0571937561035156 -0.0721054077148438 -0.0175399780273438
0.0224800109863281 -0.0442085266113281 -0.077880859375 0.00571441650390626
0.0273704528808594 -0.0241947174072266 -0.0773086547851563 0.00840759277343751
0.0217475891113281 -0.0128345489501953 -0.0937118530273438 0.0164031982421875
0.0376129150390625 -0.0194320678710938 -0.114509582519531 0.0501937866210937
0.0551643371582031 -0.00476837158203125 -0.120613098144531 0.0744247436523437
0.122833251953125 0.029083251953125 -0.0523300170898437 -0.0745391845703125
0.106353759765625 0.00164031982421875 0.0215320587158203 -0.0105400085449219
0.0854721069335937 -0.00646209716796875 0.0783004760742187 -0.0109405517578125
0.0790786743164063 -0.0328903198242188 0.09869384765625 -0.0617752075195313
0.0564231872558594 -0.0542869567871094 0.06683349609375 -0.093505859375
0.0200271606445313 -0.0804367065429688 0.012115478515625 -0.112373352050781
-0.0154342651367187 -0.0862884521484375 -0.02606201171875 -0.083526611328125
-0.0179443359375 -0.0812835693359375 -0.0407447814941406 -0.0352249145507813
-0.0242233276367187 -0.0846176147460938 -0.0513648986816406 -0.00380706787109376
-0.00767517089843749 -0.0900039672851563 -0.0667228698730469 0.00818252563476562
0.025115966796875 -0.0800704956054688 -0.0751113891601563 0.0261459350585937
0.04193115234375 -0.0618476867675781 -0.075408935546875 0.019622802734375
0.057769775390625 -0.0342140197753906 -0.0867385864257813 0.02496337890625
0.0836029052734375 -0.0284652709960938 -0.0915908813476562 0.0510711669921875
0.100654602050781 -0.00875091552734375 -0.08770751953125 0.0797119140625
0.151077270507813 0.0321044921875 -0.00284194946289061 -0.0660209655761719
0.142730712890625 0.004638671875 0.0611114501953125 -0.0018463134765625
0.121383666992187 -0.013580322265625 0.09429931640625 -0.00287628173828125
0.104682922363281 -0.052001953125 0.104324340820312 -0.0504608154296875
0.0692901611328125 -0.0771636962890625 0.0646133422851562 -0.072784423828125
0.0201339721679688 -0.102363586425781 0.0127944946289063 -0.0832977294921875
-0.0198822021484375 -0.100303649902344 -0.0126571655273438 -0.0499229431152344
-0.0223312377929688 -0.093475341796875 -0.0224990844726563 -0.00331687927246094
-0.0322494506835938 -0.100074768066406 -0.0316295623779297 0.0251731872558594
-0.0171127319335938 -0.109794616699219 -0.0543136596679687 0.0381011962890625
0.0243606567382813 -0.103012084960938 -0.0659866333007812 0.04913330078125
0.050506591796875 -0.08941650390625 -0.07244873046875 0.0323410034179688
0.08544921875 -0.0524749755859375 -0.0778961181640625 0.0279998779296875
0.116912841796875 -0.0356216430664063 -0.0610008239746094 0.0427627563476563
0.131103515625 -0.00919342041015625 -0.042877197265625 0.0821075439453125
0.154281616210938 0.02850341796875 0.0475654602050781 -0.0572128295898438
0.15570068359375 0.00213623046875 0.0977096557617188 0.00257110595703125
0.135345458984375 -0.0199661254882813 0.104347229003906 2.28881835937488E-05
0.11187744140625 -0.0655288696289062 0.103439331054687 -0.0344390869140625
0.0683746337890625 -0.0887985229492188 0.0610694885253906 -0.0461006164550781
0.012542724609375 -0.110252380371094 0.0151290893554687 -0.0466194152832031
-0.0247421264648438 -0.099456787109375 0.00219631195068359 -0.0120792388916016
-0.0245819091796875 -0.0930252075195312 0.000602722167968745 0.0281257629394531
-0.0352325439453125 -0.0998687744140625 -0.00841522216796875 0.0556564331054687
-0.0200729370117188 -0.112464904785156 -0.0364990234375 0.0680465698242188
0.02392578125 -0.11163330078125 -0.0545501708984375 0.07122802734375
0.0561294555664062 -0.101325988769531 -0.06439208984375 0.0436592102050781
0.101455688476563 -0.0572586059570313 -0.0656509399414063 0.0272636413574219
0.135124206542969 -0.0313873291015625 -0.0270004272460937 0.0303020477294922
0.143753051757813 -0.00360107421875 0.00685882568359377 0.08441162109375
0.132514953613281 0.02117919921875 0.0908203125 -0.05633544921875
0.143234252929688 -0.0005950927734375 0.125434875488281 -0.00244903564453125
0.124374389648438 -0.0265045166015625 0.106666564941406 -0.0018310546875
0.098175048828125 -0.067413330078125 0.09576416015625 -0.0193634033203125
0.0530319213867188 -0.0868072509765625 0.0594825744628906 -0.0202598571777344
-0.000419616699218741 -0.0987472534179688 0.0239410400390625 -0.00943565368652344
-0.0262527465820312 -0.0832443237304687 0.0219364166259766 0.0222492218017578
-0.0233612060546875 -0.0768585205078125 0.0218849182128906 0.05523681640625
-0.0314254760742187 -0.0859375 0.0117263793945312 0.0833740234375
-0.0176773071289063 -0.098785400390625 -0.0217208862304687 0.0935745239257812
0.0259323120117187 -0.1002197265625 -0.0453872680664063 0.0887603759765625
0.0592880249023438 -0.0929718017578125 -0.0587844848632813 0.0518646240234375
0.106300354003906 -0.046478271484375 -0.0517845153808594 0.0231285095214844
0.133201599121094 -0.0180892944335937 0.00927925109863282 0.0226764678955078
0.131484985351563 0.00762939453125 0.0560836791992188 0.0874710083007813
0.092742919921875 0.0137557983398438 0.122528076171875 -0.0620803833007813
0.111824035644531 -0.00409698486328125 0.138999938964844 -0.0163345336914063
0.0959625244140625 -0.0272369384765625 0.10137939453125 -0.007049560546875
0.0706253051757813 -0.0602264404296875 0.087677001953125 -0.0059356689453125
0.0286026000976563 -0.0715179443359375 0.0574684143066406 0.001251220703125
-0.0129165649414063 -0.070770263671875 0.0343551635742188 0.0173969268798828
-0.0246086120605469 -0.0529861450195313 0.0413627624511719 0.0452423095703125
-0.0189056396484375 -0.0494194030761719 0.0414047241210938 0.0735855102539063
-0.0248069763183594 -0.0570755004882812 0.025115966796875 0.102836608886719
-0.0145225524902344 -0.0700950622558594 -0.0144729614257812 0.114730834960937
0.0239944458007813 -0.0751190185546875 -0.0413894653320313 0.102798461914063
0.05413818359375 -0.0692901611328125 -0.0543785095214844 0.059417724609375
0.09271240234375 -0.0260772705078125 -0.0397262573242188 0.0216407775878906
0.107208251953125 -0.00067138671875 0.0369758605957031 0.0199394226074219
0.0975875854492187 0.0168228149414062 0.0929489135742188 0.0976028442382813
0.0389785766601563 0.00859832763671875 0.137840270996094 -0.0704116821289063
0.065338134765625 -0.00284957885742188 0.139892578125 -0.0320892333984375
0.0557899475097656 -0.0217094421386719 0.0919418334960938 -0.01300048828125
0.0330772399902344 -0.039703369140625 0.079345703125 0.00203704833984375
0.00353240966796875 -0.0409927368164063 0.0592269897460938 0.0117034912109375
-0.0218372344970703 -0.0298099517822266 0.049041748046875 0.0322608947753906
-0.0158185958862305 -0.0141544342041016 0.0585479736328125 0.0557937622070313
-0.0102510452270508 -0.0139083862304688 0.0545730590820313 0.0826339721679688
-0.0142669677734375 -0.0199604034423828 0.03167724609375 0.113601684570312
-0.0116119384765625 -0.0321922302246094 -0.0146560668945313 0.127273559570313
0.0130805969238281 -0.0425186157226563 -0.0465011596679688 0.110969543457031
0.0351791381835938 -0.0394363403320313 -0.0572624206542969 0.0657310485839844
0.0605850219726563 -0.00761032104492188 -0.0361099243164063 0.0236778259277344
0.0647659301757813 0.00922012329101563 0.0515785217285156 0.0242729187011719
0.0475730895996094 0.0201644897460938 0.115066528320313 0.106887817382813
0.0196399688720703 0.0124912261962891 -0.119758605957031 -0.0823974609375
-0.00243616104125977 -0.00863838195800781 -0.0394783020019531 -0.0220794677734375
-0.00920772552490234 0.00417518615722656 0.0494842529296875 -0.0216026306152344
0.00153541564941406 0.0075836181640625 0.0762863159179688 -0.0799713134765625
0.0106277465820313 -0.00146007537841797 0.0527725219726562 -0.121665954589844
0.00693321228027344 -0.0101890563964844 -0.000366210937499995 -0.145614624023437
-0.00528144836425781 -0.0263767242431641 -0.05047607421875 -0.123054504394531
-0.00248336791992188 -0.0229282379150391 -0.0658721923828125 -0.0727157592773437
0.000577926635742188 -0.0205898284912109 -0.0755538940429688 -0.0399551391601563
0.00966548919677735 -0.0171031951904297 -0.0753021240234375 -0.027496337890625
0.0142612457275391 -0.00574111938476563 -0.0813369750976563 -0.00255584716796876
0.00611305236816406 0.0121669769287109 -0.0824966430664063 0.00676727294921875
-0.0189189910888672 0.00867652893066406 -0.103599548339844 0.011016845703125
-0.0139608383178711 -0.00940895080566406 -0.132347106933594 0.0526199340820313
0.00212311744689941 0.00257444381713867 -0.137702941894531 0.0831146240234375
0.0794830322265625 0.0159912109375 -0.0972366333007812 -0.0798721313476563
0.0591697692871094 -0.0100135803222656 -0.012542724609375 -0.0182628631591797
0.0400009155273438 -0.00529098510742188 0.0638618469238281 -0.0196876525878906
0.0401229858398438 -0.0168914794921875 0.0873641967773438 -0.0768280029296875
0.0328483581542969 -0.0324573516845703 0.0595245361328125 -0.114372253417969
0.0116348266601563 -0.0509757995605469 0.00214385986328126 -0.135185241699219
-0.0150833129882813 -0.0621299743652344 -0.0438079833984375 -0.107872009277344
-0.0151329040527344 -0.0570144653320313 -0.0597991943359375 -0.0555191040039062
-0.0148696899414063 -0.0592765808105469 -0.0702857971191406 -0.0220603942871094
-0.000289916992187499 -0.0614395141601563 -0.0792694091796875 -0.00912475585937501
0.0220718383789062 -0.0472908020019531 -0.0838470458984375 0.0119781494140625
0.0279788970947266 -0.0262928009033203 -0.082366943359375 0.0144882202148438
0.0248451232910156 -0.0130176544189453 -0.0980377197265625 0.0228424072265625
0.0377845764160156 -0.0199737548828125 -0.115180969238281 0.0619125366210937
0.0562286376953125 -0.00537490844726563 -0.120559692382812 0.090972900390625
0.128059387207031 0.021148681640625 -0.0570220947265625 -0.0730667114257813
0.10986328125 -0.0071258544921875 0.0261039733886719 -0.0109710693359375
0.0888824462890625 -0.0134353637695313 0.0838394165039063 -0.0163497924804688
0.0773696899414063 -0.0400161743164063 0.0992050170898438 -0.0730743408203125
0.0544395446777344 -0.063262939453125 0.0622940063476563 -0.100944519042969
0.0141525268554688 -0.0848617553710938 0.00394439697265626 -0.115577697753906
-0.0226669311523437 -0.0876541137695313 -0.0314865112304688 -0.0811767578125
-0.0259780883789063 -0.0838241577148437 -0.0436210632324219 -0.0301895141601562
-0.029937744140625 -0.0877685546875 -0.0544662475585938 0.00502777099609374
-0.0140762329101562 -0.0943069458007813 -0.0720748901367188 0.0158767700195312
0.0204238891601563 -0.0872802734375 -0.0788192749023438 0.0360565185546875
0.0417633056640625 -0.065704345703125 -0.0821990966796875 0.0282363891601562
0.0573234558105469 -0.0373306274414063 -0.0900955200195313 0.0333938598632812
0.0815811157226563 -0.0339202880859375 -0.0906600952148437 0.0603256225585937
0.103416442871094 -0.0149307250976562 -0.0830459594726562 0.0949325561523438
0.156387329101563 0.018646240234375 -0.00702285766601562 -0.0679817199707031
0.145584106445312 -0.00640869140625 0.0634727478027344 -0.0012969970703125
0.12469482421875 -0.0229339599609375 0.0986785888671875 -0.008880615234375
0.102439880371094 -0.0630340576171875 0.107864379882812 -0.0579910278320313
0.0645599365234375 -0.0854263305664063 0.0629730224609375 -0.0795211791992187
0.0116500854492188 -0.105728149414063 0.00941467285156251 -0.0845413208007813
-0.0301742553710938 -0.105110168457031 -0.0177040100097656 -0.0473365783691406
-0.0310287475585938 -0.0960464477539063 -0.0189056396484375 0.00054550170898437
-0.0428237915039062 -0.098297119140625 -0.0299930572509766 0.0322742462158203
-0.02880859375 -0.1109619140625 -0.0549468994140625 0.0484619140625
0.0159149169921875 -0.110748291015625 -0.0685081481933594 0.0603294372558594
0.0444564819335938 -0.0964431762695313 -0.0749740600585938 0.040283203125
0.0844345092773437 -0.0596466064453125 -0.0799331665039063 0.0337371826171875
0.116554260253906 -0.0445709228515625 -0.0589866638183594 0.051513671875
0.134849548339844 -0.02008056640625 -0.0362625122070313 0.0930557250976563
0.160415649414062 0.0176849365234375 0.0453453063964844 -0.0633964538574219
0.15814208984375 -0.011077880859375 0.10321044921875 -0.00292205810546875
0.137725830078125 -0.0304946899414062 0.112167358398438 -0.0030517578125
0.1129150390625 -0.076446533203125 0.108108520507813 -0.0416107177734375
0.061553955078125 -0.0981369018554688 0.0632057189941406 -0.0523948669433594
0.00433349609375001 -0.1134033203125 0.0151748657226562 -0.0477638244628906
-0.0349655151367188 -0.100334167480469 0.00254631042480469 -0.0102348327636719
-0.0351181030273438 -0.0936508178710938 0.00488090515136719 0.0286102294921875
-0.0445632934570313 -0.0997467041015625 -0.00490951538085938 0.0617637634277344
-0.0316696166992188 -0.113121032714844 -0.034637451171875 0.0766830444335938
0.0152664184570312 -0.115989685058594 -0.0531997680664063 0.0808639526367187
0.04913330078125 -0.108978271484375 -0.0657463073730469 0.053497314453125
0.099853515625 -0.0683212280273438 -0.0667915344238281 0.033599853515625
0.136543273925781 -0.0434951782226563 -0.0254287719726562 0.0348491668701172
0.146514892578125 -0.016143798828125 0.0144119262695313 0.09112548828125
0.13824462890625 0.0099334716796875 0.0904464721679688 -0.066864013671875
0.146682739257813 -0.0111846923828125 0.132133483886719 -0.010162353515625
0.129486083984375 -0.0364837646484375 0.113967895507813 -0.0064544677734375
0.0970535278320313 -0.0790252685546875 0.101806640625 -0.0262451171875
0.0472412109375 -0.0967178344726563 0.0625991821289063 -0.0245323181152344
-0.00875854492187499 -0.09918212890625 0.0230178833007813 -0.00956726074218751
-0.0333175659179688 -0.0818710327148438 0.0234432220458984 0.0228309631347656
-0.0303573608398438 -0.0761642456054688 0.0279579162597656 0.0571441650390625
-0.0379562377929687 -0.0832901000976563 0.0204620361328125 0.0878448486328125
-0.0290298461914063 -0.099029541015625 -0.0177459716796875 0.100830078125
0.0168609619140625 -0.105636596679687 -0.0400619506835938 0.0981216430664063
0.0517044067382813 -0.100387573242188 -0.0569839477539063 0.0601081848144531
0.104476928710938 -0.0566864013671875 -0.0529098510742187 0.0281639099121094
0.1346435546875 -0.030731201171875 0.00804519653320313 0.0226097106933594
0.133041381835938 -0.005523681640625 0.0634231567382813 0.0924758911132813
0.0958480834960938 0.00420379638671875 0.122001647949219 -0.07281494140625
0.111907958984375 -0.0140228271484375 0.14404296875 -0.0277862548828125
0.0966720581054688 -0.0336990356445313 0.107093811035156 -0.0113067626953125
0.067535400390625 -0.0703277587890625 0.0908660888671875 -0.0104827880859375
0.022064208984375 -0.0750045776367188 0.0607147216796875 -0.00228500366210938
-0.020355224609375 -0.0683708190917969 0.0424232482910156 0.016448974609375
-0.02838134765625 -0.0484580993652344 0.0497093200683594 0.0454025268554688
-0.023590087890625 -0.0460166931152344 0.049713134765625 0.0721054077148438
-0.028839111328125 -0.0532379150390625 0.0315475463867187 0.104042053222656
-0.0220603942871094 -0.06756591796875 -0.00478363037109375 0.121307373046875
0.01556396484375 -0.0784530639648438 -0.0384140014648438 0.111534118652344
0.0480575561523438 -0.07427978515625 -0.0533065795898438 0.0669174194335938
0.092376708984375 -0.03631591796875 -0.0430068969726562 0.0269584655761719
0.110984802246094 -0.0115509033203125 0.0390243530273438 0.0183868408203125
0.100265502929687 0.00771331787109375 0.104629516601562 0.0965652465820313
0.0402717590332031 0.00365829467773438 0.13543701171875 -0.0864944458007812
0.0655746459960938 -0.00918197631835937 0.14251708984375 -0.04486083984375
0.055816650390625 -0.0268936157226563 0.097076416015625 -0.0172119140625
0.0307846069335938 -0.0461807250976563 0.0842742919921875 -0.00299072265625
-0.00128936767578125 -0.0432167053222656 0.0659370422363281 0.006744384765625
-0.0270061492919922 -0.0262203216552734 0.0574302673339844 0.0297622680664062
-0.0180950164794922 -0.0121402740478516 0.0652923583984375 0.0499191284179687
-0.0119543075561523 -0.0102243423461914 0.0626144409179688 0.0772628784179688
-0.0177078247070313 -0.0161495208740234 0.0425491333007813 0.114463806152344
-0.013763427734375 -0.0289382934570313 -0.00515747070312499 0.132476806640625
0.00672149658203125 -0.0410728454589844 -0.039154052734375 0.118217468261719
0.0318260192871094 -0.0417594909667969 -0.053680419921875 0.072235107421875
0.0601043701171875 -0.0161285400390625 -0.0383949279785156 0.0265731811523438
0.0646514892578125 0.0005035400390625 0.0539512634277344 0.0199203491210938
0.0491104125976562 0.0130653381347656 0.126274108886719 0.104660034179688
0.0230274200439453 0.0128879547119141 -0.124618530273438 -0.0755844116210937
-0.00154590606689453 -0.0073857307434082 -0.036529541015625 -0.0183982849121094
-0.00758647918701172 0.00655460357666015 0.0506858825683594 -0.0249137878417969
0.00572586059570313 0.00773334503173828 0.0725326538085938 -0.0862045288085938
0.0114479064941406 -0.00354766845703125 0.0453948974609375 -0.124374389648438
0.00801277160644531 -0.0148706436157227 -0.0115814208984375 -0.145156860351562
-0.00789642333984375 -0.0276832580566406 -0.0590972900390625 -0.117080688476563
-0.00515365600585937 -0.0267047882080078 -0.0701904296875 -0.0671653747558594
0.000684738159179687 -0.0244369506835938 -0.0790557861328125 -0.0326385498046875
0.0110073089599609 -0.0226211547851563 -0.0805816650390625 -0.0193405151367187
0.016291618347168 -0.00702476501464844 -0.0843276977539062 0.00539398193359374
0.010533332824707 0.0128641128540039 -0.08502197265625 0.0130538940429687
-0.0161676406860352 0.0118541717529297 -0.106147766113281 0.017333984375
-0.0152549743652344 -0.00546646118164063 -0.127487182617188 0.0612411499023437
0.00286340713500977 0.00497293472290039 -0.131690979003906 0.0953598022460937
0.0837631225585937 0.0124053955078125 -0.100746154785156 -0.074554443359375
0.0577278137207031 -0.0132179260253906 -0.0111598968505859 -0.0157194137573242
0.0421371459960938 -0.00783538818359375 0.066497802734375 -0.0238800048828125
0.0412254333496094 -0.019989013671875 0.0837860107421875 -0.0848464965820313
0.031036376953125 -0.0366935729980469 0.0512619018554688 -0.118583679199219
0.00826644897460938 -0.0539779663085938 -0.00854492187500001 -0.134574890136719
-0.0200386047363281 -0.0620193481445313 -0.0516433715820312 -0.1024169921875
-0.0201911926269531 -0.0597496032714844 -0.0620956420898437 -0.0500259399414063
-0.0193367004394531 -0.0615234375 -0.0714569091796875 -0.0131759643554687
-0.003814697265625 -0.0630836486816406 -0.081268310546875 -0.000816345214843745
0.02001953125 -0.0508308410644531 -0.0847930908203125 0.0219268798828125
0.0282802581787109 -0.0287055969238281 -0.08404541015625 0.021728515625
0.0239086151123047 -0.011962890625 -0.0983047485351563 0.0302505493164063
0.0349845886230469 -0.0203781127929688 -0.109794616699219 0.0704193115234375
0.0565109252929688 -0.00798797607421875 -0.110557556152344 0.103385925292969
0.132209777832031 0.0118560791015625 -0.0590896606445313 -0.0709075927734375
0.109504699707031 -0.0170974731445312 0.0263710021972656 -0.0109043121337891
0.089813232421875 -0.0200576782226563 0.086212158203125 -0.0194931030273438
0.0749893188476563 -0.0472946166992188 0.0974655151367188 -0.078857421875
0.0489692687988281 -0.0670127868652344 0.057830810546875 -0.104225158691406
0.008331298828125 -0.0869674682617188 -0.00284576416015625 -0.112861633300781
-0.0313568115234375 -0.0891342163085938 -0.038238525390625 -0.07684326171875
-0.032928466796875 -0.0828857421875 -0.0434150695800781 -0.02569580078125
-0.0378189086914062 -0.086944580078125 -0.0530242919921875 0.0126533508300781
-0.021728515625 -0.09368896484375 -0.0706405639648438 0.0274887084960938
0.0145721435546875 -0.0870819091796875 -0.0793304443359375 0.0453033447265625
0.0363998413085938 -0.0699844360351563 -0.08172607421875 0.0346755981445312
0.0559730529785156 -0.0403022766113281 -0.0893707275390625 0.03936767578125
0.0785903930664063 -0.0380630493164063 -0.0849227905273438 0.068817138671875
0.100982666015625 -0.0215530395507812 -0.0769882202148438 0.104896545410156
0.158981323242188 0.0092620849609375 -0.00901412963867186 -0.067779541015625
0.14459228515625 -0.018707275390625 0.0676116943359375 -0.006622314453125
0.12493896484375 -0.0329132080078125 0.106101989746094 -0.0136184692382813
0.099365234375 -0.071136474609375 0.106040954589844 -0.0660171508789063
0.0577621459960938 -0.0907440185546875 0.06011962890625 -0.0826187133789063
0.00354766845703126 -0.108016967773438 0.00458526611328125 -0.0816192626953125
-0.0373611450195312 -0.100509643554687 -0.0185966491699219 -0.0438995361328125
-0.0398330688476562 -0.0943450927734375 -0.0193614959716797 0.00471496582031249
-0.0500259399414062 -0.0980224609375 -0.0281829833984375 0.0393714904785156
-0.0351638793945313 -0.109901428222656 -0.0508499145507812 0.0552253723144531
0.00822448730468749 -0.1094970703125 -0.0657386779785156 0.0687255859375
0.038726806640625 -0.099700927734375 -0.0740585327148437 0.0485305786132812
0.0799102783203125 -0.064971923828125 -0.0787811279296875 0.0424423217773438
0.112907409667969 -0.052459716796875 -0.0544509887695312 0.0572395324707031
0.132164001464844 -0.028900146484375 -0.0294876098632813 0.101356506347656
0.160247802734375 0.0048980712890625 0.0435523986816406 -0.0678634643554688
0.154998779296875 -0.0228729248046875 0.107040405273438 -0.0081329345703125
0.136528015136719 -0.0412216186523438 0.116897583007813 -0.0098876953125
0.1031494140625 -0.0858001708984375 0.109169006347656 -0.0485382080078125
0.0538406372070313 -0.102264404296875 0.0617141723632812 -0.0543479919433594
-0.00551605224609375 -0.112541198730469 0.0149154663085938 -0.0450515747070313
-0.042083740234375 -0.0969467163085938 0.00473213195800781 -0.0100975036621094
-0.0423049926757813 -0.0904464721679687 0.00747108459472656 0.0314846038818359
-0.052703857421875 -0.0953826904296875 -0.000343322753906257 0.0659408569335938
-0.040679931640625 -0.108749389648438 -0.0298233032226562 0.0837326049804687
0.00433349609375001 -0.1168212890625 -0.0486984252929687 0.0895538330078125
0.0396652221679687 -0.112434387207031 -0.0643081665039063 0.0602226257324219
0.0955810546875 -0.0748519897460938 -0.0653228759765625 0.0403671264648437
0.131637573242188 -0.0544891357421875 -0.0214347839355469 0.0400428771972656
0.143280029296875 -0.0269622802734375 0.0214309692382813 0.095947265625
0.137016296386719 -0.00064849853515625 0.0868988037109375 -0.0725936889648438
0.142410278320313 -0.026214599609375 0.131614685058594 -0.0180435180664063
0.124130249023437 -0.0455245971679687 0.117408752441406 -0.0121078491210938
0.0892562866210937 -0.086639404296875 0.103851318359375 -0.0334625244140625
0.0376815795898438 -0.0982208251953125 0.06195068359375 -0.0280723571777344
-0.015960693359375 -0.0967254638671875 0.0275688171386719 -0.00971794128417969
-0.0416641235351563 -0.0779266357421875 0.0292205810546875 0.0211277008056641
-0.0369338989257812 -0.0721206665039063 0.0333938598632813 0.0547828674316406
-0.0467147827148437 -0.0764389038085938 0.0247879028320312 0.088775634765625
-0.035308837890625 -0.0923233032226563 -0.0106887817382813 0.106964111328125
0.00638580322265625 -0.105064392089844 -0.0353927612304687 0.105308532714844
0.0426788330078125 -0.104171752929687 -0.055877685546875 0.0671234130859375
0.0996780395507813 -0.0657958984375 -0.0512275695800781 0.0329475402832031
0.13031005859375 -0.0417404174804688 0.0120582580566406 0.0239601135253906
0.13128662109375 -0.0159149169921875 0.0712661743164063 0.0913925170898437
0.0957183837890625 -0.00421905517578125 0.117607116699219 -0.0847702026367187
0.107467651367188 -0.0246658325195313 0.14276123046875 -0.0350799560546875
0.0941543579101563 -0.043701171875 0.111083984375 -0.0162200927734375
0.0597076416015625 -0.0731658935546875 0.0961151123046875 -0.0169830322265625
0.014678955078125 -0.0758895874023438 0.065093994140625 -0.00775527954101563
-0.0266761779785156 -0.0644111633300781 0.0440330505371094 0.0134620666503906
-0.03326416015625 -0.0454368591308594 0.0524253845214844 0.0395965576171875
-0.026641845703125 -0.04412841796875 0.0542030334472656 0.0689735412597656
-0.0328102111816406 -0.048431396484375 0.0407562255859375 0.1051025390625
-0.0262603759765625 -0.0622978210449219 0.000389099121093738 0.125076293945312
0.0081329345703125 -0.0776214599609375 -0.0299301147460938 0.11688232421875
0.0400238037109375 -0.07952880859375 -0.0504226684570313 0.072509765625
0.0877914428710938 -0.0429916381835938 -0.0402450561523437 0.0299758911132813
0.106201171875 -0.0215225219726563 0.0390968322753906 0.0156364440917969
0.0990142822265625 -0.00228118896484375 0.109207153320313 0.0936355590820313
0.0397682189941406 -0.00138092041015625 0.128570556640625 -0.0970306396484375
0.062591552734375 -0.0184097290039063 0.139419555664063 -0.0534744262695313
0.0518684387207031 -0.0340919494628906 0.0982437133789062 -0.0227432250976563
0.0236358642578125 -0.0478363037109375 0.0888214111328125 -0.00844573974609375
-0.00687408447265625 -0.0416297912597656 0.0697898864746094 0.00248336791992187
-0.0291271209716797 -0.0202827453613281 0.061004638671875 0.0236587524414063
-0.0195178985595703 -0.00635337829589844 0.0698013305664063 0.0442543029785156
-0.0128564834594727 -0.0073251724243164 0.0675125122070313 0.0727920532226563
-0.0173330307006836 -0.0113563537597656 0.0492095947265625 0.11322021484375
-0.0189476013183594 -0.0240268707275391 0.00288391113281248 0.134635925292969
0.0016021728515625 -0.0408821105957031 -0.031097412109375 0.123062133789063
0.025970458984375 -0.0452461242675781 -0.0502090454101562 0.0787506103515625
0.0577545166015625 -0.0197868347167969 -0.0373497009277344 0.0301742553710937
0.0625228881835938 -0.00487899780273438 0.0510063171386719 0.0179252624511719
0.0481643676757813 0.00801849365234375 0.132278442382812 0.0975875854492187
0.026611328125 0.0141487121582031 -0.124244689941406 -0.0705642700195313
0.00120639801025391 -0.00668525695800781 -0.0346355438232422 -0.0156269073486328
-0.0043792724609375 0.00637292861938476 0.0513496398925781 -0.0275154113769531
0.00752639770507812 0.0056157112121582 0.0689773559570313 -0.0890655517578125
0.0116405487060547 -0.00555229187011719 0.038299560546875 -0.124916076660156
0.00660324096679688 -0.0189857482910156 -0.018341064453125 -0.142547607421875
-0.010528564453125 -0.0297260284423828 -0.063720703125 -0.111976623535156
-0.00765037536621094 -0.0290431976318359 -0.0723648071289062 -0.0618133544921875
-0.00144386291503907 -0.0293998718261719 -0.0781631469726563 -0.0257797241210938
0.0106296539306641 -0.0255870819091797 -0.0821990966796875 -0.0126800537109375
0.0182628631591797 -0.00973892211914063 -0.0853805541992188 0.0116043090820312
0.0135955810546875 0.0118646621704102 -0.0863723754882813 0.0167388916015625
-0.0136079788208008 0.0147085189819336 -0.107666015625 0.02191162109375
-0.0140562057495117 -0.000771522521972653 -0.123184204101563 0.0657730102539063
0.00510549545288086 0.00822305679321289 -0.122520446777344 0.102455139160156
0.0849990844726563 0.0101394653320313 -0.0998001098632813 -0.06982421875
0.0579910278320313 -0.0160484313964844 -0.00822257995605468 -0.0151071548461914
0.043182373046875 -0.0103530883789063 0.0682716369628906 -0.0271987915039062
0.04071044921875 -0.0237998962402344 0.081573486328125 -0.0879592895507813
0.0292816162109375 -0.0395584106445313 0.0458908081054687 -0.118499755859375
0.005035400390625 -0.0562210083007813 -0.0131454467773438 -0.130340576171875
-0.0248489379882813 -0.0624046325683594 -0.05413818359375 -0.09698486328125
-0.02484130859375 -0.0597953796386719 -0.0616188049316406 -0.043914794921875
-0.0234031677246094 -0.0622138977050781 -0.0700035095214844 -0.00568389892578127
-0.00589370727539063 -0.064361572265625 -0.0812835693359375 0.00751495361328126
0.0189971923828125 -0.0523223876953125 -0.0853958129882813 0.0289688110351562
0.0297946929931641 -0.0302600860595703 -0.0849990844726562 0.0267791748046875
0.0247077941894531 -0.010162353515625 -0.0972137451171875 0.0337905883789063
0.0345134735107422 -0.0179500579833984 -0.10418701171875 0.075103759765625
0.0567207336425781 -0.00768280029296875 -0.10198974609375 0.111328125
0.131973266601563 0.00649261474609375 -0.05975341796875 -0.0678901672363281
0.106636047363281 -0.0214767456054688 0.029876708984375 -0.0108318328857422
0.089080810546875 -0.0249252319335938 0.0894851684570313 -0.022430419921875
0.0718536376953125 -0.0518112182617188 0.09539794921875 -0.0817489624023438
0.0449676513671875 -0.07049560546875 0.0533676147460938 -0.103858947753906
0.003662109375 -0.0881195068359375 -0.00615692138671875 -0.108726501464844
-0.035400390625 -0.0870513916015625 -0.0380935668945312 -0.0717544555664063
-0.0379486083984375 -0.0815353393554688 -0.0421333312988281 -0.019927978515625
-0.0422515869140625 -0.0850372314453125 -0.0501060485839844 0.0192832946777344
-0.0252914428710937 -0.0924606323242187 -0.0695571899414063 0.0350456237792969
0.0121078491210938 -0.0877304077148437 -0.0777587890625 0.0525054931640625
0.0345458984375 -0.07037353515625 -0.0814895629882812 0.0407943725585938
0.0548057556152344 -0.0402107238769531 -0.0875473022460938 0.0434112548828125
0.0760269165039063 -0.0385360717773438 -0.0795822143554687 0.07342529296875
0.0983123779296875 -0.0239791870117188 -0.0670013427734375 0.112213134765625
0.157379150390625 0.001953125 -0.00949478149414062 -0.0655288696289063
0.140487670898438 -0.026214599609375 0.07159423828125 -0.007659912109375
0.122108459472656 -0.0383071899414063 0.108894348144531 -0.0169219970703125
0.094207763671875 -0.0759124755859375 0.105682373046875 -0.0690231323242188
0.05120849609375 -0.0932464599609375 0.058258056640625 -0.0829010009765625
-0.00197601318359374 -0.107337951660156 0.002227783203125 -0.077301025390625
-0.0425796508789063 -0.0975112915039063 -0.017333984375 -0.0405731201171875
-0.0453262329101562 -0.0906448364257813 -0.0163774490356445 0.00669384002685547
-0.0542221069335937 -0.093902587890625 -0.0235977172851563 0.045166015625
-0.0407791137695313 -0.105453491210937 -0.04852294921875 0.0633201599121094
0.00226593017578125 -0.108680725097656 -0.0626602172851563 0.0754776000976563
0.03363037109375 -0.10028076171875 -0.073272705078125 0.055419921875
0.0763397216796875 -0.066009521484375 -0.0764999389648438 0.0470046997070312
0.107627868652344 -0.0550918579101562 -0.0501480102539063 0.0611343383789063
0.127609252929688 -0.034027099609375 -0.0216827392578125 0.106475830078125
0.156768798828125 -0.0044403076171875 0.0410957336425781 -0.0682907104492187
0.14874267578125 -0.03179931640625 0.107948303222656 -0.0109481811523438
0.132957458496094 -0.04852294921875 0.120567321777344 -0.0132064819335938
0.0970840454101563 -0.0896759033203125 0.108100891113281 -0.0524063110351563
0.0460662841796875 -0.103958129882812 0.0615463256835937 -0.0555076599121094
-0.0108184814453125 -0.109237670898438 0.0153274536132813 -0.04193115234375
-0.0464096069335938 -0.09259033203125 0.00670099258422851 -0.0073843002319336
-0.0459213256835937 -0.085205078125 0.0109939575195312 0.0325527191162109
-0.0559005737304688 -0.0891265869140625 0.00528335571289062 0.0696945190429688
-0.045623779296875 -0.102584838867187 -0.0249786376953125 0.0887069702148438
-0.00223541259765626 -0.114028930664063 -0.0445327758789063 0.094573974609375
0.032440185546875 -0.1126708984375 -0.0628242492675781 0.0653648376464844
0.0900115966796875 -0.077972412109375 -0.0636367797851563 0.0444450378417969
0.124992370605469 -0.06011962890625 -0.0176925659179687 0.0427360534667969
0.137664794921875 -0.0341339111328125 0.027862548828125 0.0985107421875
0.134056091308594 -0.00952911376953125 0.081756591796875 -0.0757522583007813
0.13446044921875 -0.0337600708007812 0.131500244140625 -0.02264404296875
0.120521545410156 -0.0521316528320313 0.120735168457031 -0.0144729614257813
0.0815505981445313 -0.0898590087890625 0.105186462402344 -0.0357131958007813
0.0303726196289062 -0.096649169921875 0.0641059875488281 -0.029815673828125
-0.0221099853515625 -0.09161376953125 0.0301551818847656 -0.0102367401123047
-0.0440216064453125 -0.0718917846679688 0.0317344665527344 0.0194835662841797
-0.0403861999511719 -0.0666351318359375 0.0370597839355469 0.053375244140625
-0.048828125 -0.071441650390625 0.03033447265625 0.0894241333007813
-0.0408859252929688 -0.085723876953125 -0.00483703613281251 0.109443664550781
-0.00109100341796874 -0.101524353027344 -0.0309906005859375 0.109222412109375
0.034332275390625 -0.103851318359375 -0.0529022216796875 0.0718612670898438
0.0929794311523437 -0.0689697265625 -0.050262451171875 0.0371971130371094
0.123970031738281 -0.0487060546875 0.0135993957519531 0.0248737335205078
0.127067565917969 -0.0239944458007812 0.0758132934570313 0.0931625366210938
0.0911865234375 -0.0111312866210938 0.109329223632813 -0.0893936157226563
0.102005004882812 -0.03228759765625 0.141006469726563 -0.03973388671875
0.0895843505859375 -0.0489044189453125 0.111991882324219 -0.0192642211914063
0.052398681640625 -0.0758209228515625 0.0979232788085938 -0.0219192504882813
0.0070037841796875 -0.0740509033203125 0.0670318603515625 -0.010498046875
-0.0301284790039062 -0.0576324462890625 0.0481948852539063 0.0123100280761719
-0.0347099304199219 -0.0393829345703125 0.0547637939453125 0.0358505249023438
-0.0280799865722656 -0.0377731323242188 0.057220458984375 0.0654067993164063
-0.0338172912597656 -0.0423355102539063 0.0464019775390625 0.103286743164063
-0.0295677185058594 -0.05645751953125 0.00637817382812501 0.125518798828125
0.000846862792968755 -0.073638916015625 -0.0244293212890625 0.120002746582031
0.0317764282226563 -0.078338623046875 -0.0472488403320313 0.0767822265625
0.0811920166015625 -0.04718017578125 -0.0400161743164062 0.0327873229980469
0.101058959960938 -0.0281524658203125 0.038543701171875 0.0159950256347656
0.0943069458007813 -0.00981903076171875 0.113365173339844 0.0910873413085938
0.0375785827636719 -0.00686264038085938 0.119583129882812 -0.104217529296875
0.0576629638671875 -0.0232429504394531 0.135406494140625 -0.0576095581054688
0.0478515625 -0.0372200012207031 0.0996780395507812 -0.024871826171875
0.0180244445800781 -0.0499343872070313 0.0915985107421875 -0.012481689453125
-0.0131721496582031 -0.0397834777832031 0.0723648071289062 -0.0024261474609375
-0.0311050415039063 -0.0139408111572266 0.0638084411621094 0.0190086364746094
-0.0185699462890625 -0.00136375427246094 0.0707473754882812 0.0384521484375
-0.0119037628173828 -0.00349807739257812 0.068939208984375 0.0667495727539063
-0.0163240432739258 -0.00672626495361328 0.0532989501953125 0.109619140625
-0.0192375183105469 -0.0181293487548828 0.00871276855468751 0.133995056152344
-0.00244140625 -0.0373764038085938 -0.0258407592773437 0.125007629394531
0.0203208923339844 -0.0447807312011719 -0.0471343994140625 0.0808944702148438
0.0535011291503906 -0.0226974487304688 -0.0378341674804687 0.0318679809570313
0.0579566955566406 -0.0090484619140625 0.0502777099609375 0.0152740478515625
0.044525146484375 0.00323867797851563 0.134719848632813 0.0930862426757813
0.0307331085205078 0.0163688659667969 -0.122840881347656 -0.0699005126953125
0.00418281555175781 -0.00644731521606445 -0.0310497283935547 -0.015380859375
-0.00125551223754883 0.00552988052368164 0.053314208984375 -0.0289230346679688
0.00998687744140625 0.00336647033691406 0.068328857421875 -0.0912399291992188
0.0120992660522461 -0.00890064239501953 0.0356521606445313 -0.125930786132813
0.00545310974121093 -0.0237541198730469 -0.0214385986328125 -0.141159057617188
-0.0134181976318359 -0.0328807830810547 -0.0657196044921875 -0.108985900878906
-0.0104084014892578 -0.0321159362792969 -0.071868896484375 -0.0581741333007813
-0.00324821472167969 -0.0340251922607422 -0.077606201171875 -0.020599365234375
0.0106258392333984 -0.0295543670654297 -0.0833969116210938 -0.00742340087890627
0.0204219818115234 -0.0124168395996094 -0.0871200561523438 0.0163345336914062
0.0173683166503906 0.0106649398803711 -0.0885086059570313 0.018798828125
-0.00988578796386719 0.0178413391113281 -0.108940124511719 0.0227737426757812
-0.0127010345458984 0.00391387939453125 -0.12200927734375 0.0675125122070313
0.00771999359130859 0.0117397308349609 -0.116294860839844 0.107109069824219
0.0885086059570313 0.009674072265625 -0.0982437133789063 -0.0687026977539062
0.0587654113769531 -0.0171241760253906 -0.00406169891357422 -0.0144939422607422
0.0452995300292969 -0.0126380920410156 0.0715179443359375 -0.0284271240234375
0.0412673950195313 -0.0262489318847656 0.0813217163085938 -0.090087890625
0.0282630920410156 -0.0422210693359375 0.0441131591796875 -0.118743896484375
0.00291061401367188 -0.0600662231445313 -0.01507568359375 -0.127647399902344
-0.02838134765625 -0.0643463134765625 -0.0546340942382812 -0.093017578125
-0.0280876159667969 -0.0612068176269531 -0.060150146484375 -0.0401840209960938
-0.0255813598632813 -0.0656242370605469 -0.0676155090332031 0.000289916992187497
-0.00684356689453125 -0.0673408508300781 -0.081329345703125 0.0142898559570313
0.0203323364257813 -0.0544815063476563 -0.0863113403320313 0.0344390869140625
0.0321636199951172 -0.0311107635498047 -0.0870437622070313 0.0299911499023437
0.0271720886230469 -0.00727462768554688 -0.0988845825195313 0.0363616943359375
0.0349769592285156 -0.0142841339111328 -0.101219177246094 0.0767745971679687
0.0573005676269531 -0.00562667846679688 -0.095947265625 0.11688232421875
0.132888793945313 0.0042724609375 -0.0577850341796875 -0.0664176940917969
0.106491088867188 -0.0243606567382813 0.0342159271240234 -0.0111846923828125
0.0901870727539063 -0.0274581909179688 0.094482421875 -0.0231552124023437
0.0714111328125 -0.0545730590820313 0.096527099609375 -0.0831527709960938
0.0422210693359375 -0.072357177734375 0.0527114868164062 -0.104705810546875
0.00012969970703125 -0.089019775390625 -0.0057373046875 -0.105308532714844
-0.0390090942382812 -0.0864334106445313 -0.0366935729980469 -0.0682144165039063
-0.0412063598632813 -0.0812530517578125 -0.0395278930664063 -0.0162353515625
-0.0447769165039063 -0.085723876953125 -0.0472526550292969 0.025421142578125
-0.0270309448242187 -0.0929718017578125 -0.0684013366699219 0.0421867370605469
0.011016845703125 -0.087799072265625 -0.0774612426757813 0.0592803955078125
0.03497314453125 -0.0710983276367187 -0.0823898315429688 0.0458526611328125
0.0559577941894531 -0.0390663146972656 -0.0881881713867188 0.0463333129882813
0.0749893188476563 -0.03692626953125 -0.075439453125 0.0760650634765625
0.09808349609375 -0.0231475830078125 -0.0615005493164063 0.11822509765625
0.156570434570313 -0.0022735595703125 -0.00861358642578123 -0.0659523010253906
0.137184143066406 -0.0299301147460938 0.0761642456054688 -0.0073089599609375
0.121490478515625 -0.0422439575195313 0.114311218261719 -0.0175704956054688
0.0908203125 -0.0789031982421875 0.108055114746094 -0.0711669921875
0.047882080078125 -0.0947036743164063 0.0590133666992188 -0.082550048828125
-0.00482940673828124 -0.10650634765625 0.00524902343749999 -0.074554443359375
-0.0455398559570313 -0.095672607421875 -0.0149383544921875 -0.037322998046875
-0.0482940673828125 -0.0887603759765625 -0.0139665603637695 0.00985145568847656
-0.0566177368164063 -0.0926742553710938 -0.0197105407714844 0.0509910583496094
-0.0429534912109375 -0.103721618652344 -0.0466232299804688 0.0698890686035156
-0.000305175781249995 -0.108619689941406 -0.0608596801757813 0.0818023681640625
0.0321731567382812 -0.100021362304688 -0.0731887817382813 0.0600967407226562
0.0756149291992188 -0.0663833618164063 -0.0763092041015625 0.0506439208984375
0.105171203613281 -0.0562362670898438 -0.0467605590820312 0.0638771057128906
0.125045776367188 -0.0348663330078125 -0.0160903930664062 0.112785339355469
0.154983520507813 -0.008544921875 0.0408439636230469 -0.0686531066894531
0.1444091796875 -0.0347442626953125 0.111137390136719 -0.0110931396484375
0.131240844726563 -0.0510101318359375 0.12548828125 -0.0141220092773438
0.09271240234375 -0.0915374755859375 0.111831665039063 -0.05419921875
0.04150390625 -0.103553771972656 0.0631752014160156 -0.0560951232910156
-0.0139846801757812 -0.106208801269531 0.0183181762695313 -0.0402297973632813
-0.04779052734375 -0.0890121459960938 0.00944805145263672 -0.00621891021728516
-0.0481033325195312 -0.0819854736328125 0.0142326354980469 0.0344161987304687
-0.0577239990234375 -0.0854339599609375 0.00969696044921874 0.0739288330078125
-0.04833984375 -0.0989532470703125 -0.0221023559570312 0.0943222045898437
-0.00598907470703124 -0.112144470214844 -0.0423202514648438 0.100273132324219
0.028961181640625 -0.112449645996094 -0.06201171875 0.0707168579101563
0.0870132446289063 -0.079315185546875 -0.0632438659667969 0.0476036071777344
0.120559692382813 -0.0624542236328125 -0.0156707763671875 0.0453605651855469
0.134689331054688 -0.0367279052734375 0.0324859619140625 0.103416442871094
0.129829406738281 -0.0142822265625 0.0799026489257813 -0.0773162841796875
0.129188537597656 -0.0364761352539063 0.133888244628906 -0.0228118896484375
0.1177978515625 -0.0552215576171875 0.125991821289063 -0.0151214599609375
0.077362060546875 -0.0904006958007813 0.108100891113281 -0.0372543334960938
0.0257949829101562 -0.095794677734375 0.0664596557617187 -0.0313339233398438
-0.023773193359375 -0.0866317749023438 0.0341682434082031 -0.0100994110107422
-0.0443496704101563 -0.0671539306640625 0.0346851348876953 0.0193557739257812
-0.0408554077148437 -0.0628013610839844 0.0397796630859375 0.0540122985839844
-0.0486602783203125 -0.0666656494140625 0.0340423583984375 0.0920639038085937
-0.0431137084960938 -0.0804214477539063 -0.00167846679687501 0.113204956054688
-0.0053253173828125 -0.098052978515625 -0.02789306640625 0.113853454589844
0.0293045043945313 -0.103118896484375 -0.0524368286132812 0.0756301879882813
0.08892822265625 -0.071685791015625 -0.050567626953125 0.0403785705566406
0.118431091308594 -0.0525054931640625 0.0145492553710938 0.0265827178955078
0.122657775878906 -0.0274429321289063 0.0789413452148438 0.095733642578125
0.0879440307617188 -0.0159072875976563 0.105712890625 -0.09124755859375
0.0966262817382812 -0.0355377197265625 0.140914916992188 -0.0406036376953125
0.08624267578125 -0.0524444580078125 0.1160888671875 -0.0198593139648438
0.0474166870117188 -0.0763397216796875 0.101036071777344 -0.0230636596679688
0.003204345703125 -0.0718612670898438 0.0701751708984375 -0.0129241943359375
-0.031005859375 -0.0519561767578125 0.0517959594726563 0.0103569030761719
-0.0347728729248047 -0.0344200134277344 0.0562362670898438 0.0334243774414063
-0.0281486511230469 -0.0338840484619141 0.0592727661132813 0.0635452270507813
-0.032745361328125 -0.0369834899902344 0.0502777099609375 0.104591369628906
-0.030242919921875 -0.0502777099609375 0.00885772705078125 0.127410888671875
-0.0028076171875 -0.0704498291015625 -0.0216827392578125 0.122596740722656
0.026824951171875 -0.07757568359375 -0.0470809936523437 0.07952880859375
0.0766525268554688 -0.0495071411132813 -0.0403060913085937 0.0349273681640625
0.0956497192382813 -0.0322723388671875 0.0379791259765625 0.0163803100585937
0.0897064208984375 -0.0136489868164063 0.11578369140625 0.0931854248046875
0.0343589782714844 -0.0102272033691406 0.114219665527344 -0.107475280761719
0.0533943176269531 -0.0263481140136719 0.134315490722656 -0.0587081909179688
0.0450096130371094 -0.0401840209960938 0.102622985839844 -0.0255661010742188
0.013153076171875 -0.049957275390625 0.09539794921875 -0.0152969360351563
-0.0179901123046875 -0.0364913940429688 0.0749130249023438 -0.00606536865234375
-0.0305557250976563 -0.00750732421875 0.0666122436523437 0.0146408081054687
-0.0169172286987305 0.00359058380126953 0.0715713500976563 0.0340347290039063
-0.010890007019043 -2.76565551757806E-05 0.0692176818847656 0.06427001953125
-0.0139617919921875 -0.00186443328857422 0.0554885864257813 0.109054565429688
-0.0192222595214844 -0.0126533508300781 0.0114364624023438 0.134590148925781
-0.00499916076660156 -0.0340137481689453 -0.023681640625 0.126693725585937
0.0160942077636719 -0.0436210632324219 -0.0467071533203125 0.083221435546875
0.0494308471679687 -0.0237770080566406 -0.0386886596679687 0.034393310546875
0.0527420043945313 -0.0123443603515625 0.0481147766113281 0.0151748657226563
0.0409088134765625 -0.000667572021484375 0.13555908203125 0.0929641723632813
0.03692626953125 0.0181922912597656 -0.125198364257813 -0.073028564453125
0.00805091857910156 -0.00616741180419922 -0.0279579162597656 -0.0163650512695313
0.00240755081176758 0.00416660308837891 0.0579948425292969 -0.0322608947753906
0.0125522613525391 0.00126075744628906 0.0701751708984375 -0.0952911376953125
0.012883186340332 -0.0123081207275391 0.034881591796875 -0.128684997558594
0.00362586975097656 -0.02850341796875 -0.02392578125 -0.142593383789063
-0.0173263549804688 -0.0365943908691406 -0.0673828125 -0.108779907226563
-0.0141448974609375 -0.0362586975097656 -0.0723953247070313 -0.056182861328125
-0.00629806518554687 -0.03961181640625 -0.07745361328125 -0.0169601440429688
0.010711669921875 -0.0357017517089844 -0.0864791870117187 -0.00259399414062501
0.0235843658447266 -0.0161514282226563 -0.0906295776367188 0.0203857421875
0.0222911834716797 0.00907707214355469 -0.0930328369140625 0.021942138671875
-0.0062255859375 0.0216903686523438 -0.114830017089844 0.0253677368164062
-0.00915622711181641 0.00901508331298828 -0.123008728027344 0.0694351196289063
0.0114068984985352 0.0160045623779297 -0.11383056640625 0.111885070800781
0.0943603515625 0.0107421875 -0.0982894897460938 -0.0709762573242188
0.0619964599609375 -0.0191802978515625 0.000901222229003912 -0.0155916213989258
0.0487861633300781 -0.0147819519042969 0.0776443481445313 -0.03094482421875
0.0427131652832031 -0.0299453735351563 0.0848236083984375 -0.0938339233398438
0.0280303955078125 -0.0459709167480469 0.0450973510742188 -0.120475769042969
0.000350952148437507 -0.064361572265625 -0.0152206420898438 -0.128623962402344
-0.0325393676757813 -0.0673065185546875 -0.0542678833007813 -0.091888427734375
-0.031951904296875 -0.0643234252929688 -0.05908203125 -0.0370941162109375
-0.0288162231445313 -0.0704193115234375 -0.0663604736328125 0.00533676147460938
-0.00773620605468749 -0.0726318359375 -0.082427978515625 0.0209426879882812
0.0229454040527344 -0.0587882995605469 -0.0890579223632813 0.0414047241210938
0.036529541015625 -0.0334510803222656 -0.0905685424804688 0.0345916748046875
0.0314655303955078 -0.00477027893066406 -0.102859497070313 0.0389328002929687
0.0378646850585938 -0.00978469848632813 -0.101371765136719 0.0800704956054688
0.0602645874023438 -0.00194168090820313 -0.0915603637695313 0.123275756835938
0.137077331542969 0.00377655029296875 -0.0564804077148438 -0.0679702758789063
0.108726501464844 -0.0267333984375 0.040740966796875 -0.0109672546386719
0.0930404663085937 -0.030914306640625 0.101554870605469 -0.0260086059570313
0.0721969604492188 -0.0586471557617187 0.101280212402344 -0.0866470336914063
0.0412521362304687 -0.075469970703125 0.055389404296875 -0.106124877929688
-0.00254821777343749 -0.0931015014648437 -0.00396728515625 -0.10504150390625
-0.0426483154296875 -0.0889511108398438 -0.0353622436523438 -0.0664863586425781
-0.0453262329101563 -0.0826416015625 -0.037353515625 -0.0130882263183594
-0.048492431640625 -0.0890655517578125 -0.0442466735839844 0.0320816040039062
-0.0289535522460937 -0.0960845947265625 -0.0673828125 0.0500526428222656
0.0116424560546875 -0.0914230346679688 -0.078948974609375 0.0677337646484375
0.0376434326171875 -0.0736312866210938 -0.086029052734375 0.0511550903320313
0.0594329833984375 -0.0376052856445313 -0.0908355712890625 0.0496063232421875
0.077423095703125 -0.0353012084960938 -0.0739593505859375 0.0796585083007813
0.100456237792969 -0.0214767456054687 -0.0559616088867187 0.125930786132813
0.158645629882813 -0.0041046142578125 -0.00644683837890624 -0.0663642883300781
0.138267517089844 -0.0327529907226563 0.0832672119140625 -0.00757598876953125
0.124351501464844 -0.045074462890625 0.123550415039063 -0.0191421508789063
0.0904159545898438 -0.08233642578125 0.114822387695313 -0.0737457275390625
0.0457916259765625 -0.0979843139648437 0.0631484985351563 -0.0842819213867188
-0.00689697265625 -0.107818603515625 0.00868988037109375 -0.07415771484375
-0.0484619140625 -0.0965423583984375 -0.0114555358886719 -0.0352592468261719
-0.0514602661132813 -0.088958740234375 -0.00971221923828125 0.0129985809326172
-0.0591659545898438 -0.0938262939453125 -0.0150985717773438 0.05767822265625
-0.0452423095703125 -0.104469299316406 -0.0448837280273438 0.078857421875
-0.000991821289062498 -0.1102294921875 -0.0610885620117188 0.0909576416015625
0.0317535400390625 -0.102401733398438 -0.075531005859375 0.0670242309570313
0.0773544311523438 -0.0673370361328125 -0.0778961181640625 0.0548171997070313
0.105850219726563 -0.0566329956054688 -0.0442886352539062 0.0683670043945312
0.126663208007813 -0.0350189208984375 -0.0096435546875 0.12091064453125
0.155792236328125 -0.0117340087890625 0.0428810119628906 -0.0695762634277344
0.1439208984375 -0.0379180908203125 0.118484497070313 -0.01055908203125
0.132766723632813 -0.0545272827148438 0.135543823242188 -0.0147247314453125
0.0920944213867188 -0.0943984985351563 0.118812561035156 -0.0564422607421875
0.039276123046875 -0.105239868164063 0.0681991577148438 -0.0578079223632813
-0.0160369873046875 -0.106086730957031 0.0233802795410156 -0.0399322509765625
-0.0497055053710938 -0.0871429443359375 0.0138578414916992 -0.00467205047607422
-0.0504379272460937 -0.08038330078125 0.0185317993164062 0.0371437072753906
-0.0591354370117187 -0.084564208984375 0.014556884765625 0.0801925659179688
-0.0504913330078125 -0.0970535278320313 -0.0194015502929688 0.102424621582031
-0.00897979736328125 -0.11175537109375 -0.0409927368164063 0.109275817871094
0.0262680053710937 -0.113380432128906 -0.063140869140625 0.0781021118164063
0.0865402221679688 -0.081024169921875 -0.0640487670898438 0.052276611328125
0.119453430175781 -0.0647430419921875 -0.0134391784667969 0.0489654541015625
0.134246826171875 -0.0387954711914063 0.0388412475585938 0.111282348632812
0.129386901855469 -0.0176162719726563 0.0811920166015625 -0.0779495239257813
0.127166748046875 -0.0396652221679687 0.13970947265625 -0.022705078125
0.118812561035156 -0.0581283569335937 0.135017395019531 -0.0157623291015625
0.07470703125 -0.0928192138671875 0.115211486816406 -0.0396652221679688
0.022186279296875 -0.0953445434570313 0.0716018676757813 -0.0327606201171875
-0.0242233276367187 -0.0846710205078125 0.0394706726074219 -0.0109024047851563
-0.0449600219726563 -0.0641746520996094 0.0381851196289063 0.0196189880371094
-0.0418205261230469 -0.0599021911621094 0.0438156127929688 0.0547752380371094
-0.0491104125976563 -0.0632972717285156 0.040069580078125 0.0970840454101562
-0.0438690185546875 -0.07684326171875 0.00173187255859376 0.121109008789063
-0.00841522216796875 -0.0964431762695313 -0.025634765625 0.121719360351562
0.0254669189453125 -0.103599548339844 -0.0529251098632812 0.08203125
0.0872268676757813 -0.07373046875 -0.0512275695800781 0.04364013671875
0.116729736328125 -0.0558242797851563 0.0166645050048828 0.0291309356689453
0.121482849121094 -0.0305404663085937 0.08544921875 0.10260009765625
0.085357666015625 -0.0199661254882812 0.105888366699219 -0.0932083129882813
0.0934219360351563 -0.0386886596679688 0.145599365234375 -0.040130615234375
0.0854263305664062 -0.0556793212890625 0.124107360839844 -0.0196380615234375
0.0438308715820312 -0.077392578125 0.107711791992188 -0.0253982543945313
-0.00098037719726563 -0.06988525390625 0.0747146606445312 -0.0153961181640625
-0.0308876037597656 -0.0474777221679687 0.0565032958984375 0.00783538818359375
-0.0332622528076172 -0.0296058654785156 0.0596580505371094 0.0324859619140625
-0.0273094177246094 -0.0297565460205078 0.0622901916503906 0.0652503967285156
-0.0315628051757813 -0.0326938629150391 0.0551528930664062 0.108131408691406
-0.0305747985839844 -0.0451316833496094 0.0129165649414063 0.133941650390625
-0.00574874877929688 -0.0666236877441406 -0.019622802734375 0.128883361816406
0.0233612060546875 -0.0764389038085938 -0.0466766357421875 0.0851516723632813
0.07464599609375 -0.0510101318359375 -0.0419540405273437 0.0385475158691406
0.0921859741210938 -0.0350265502929688 0.0387535095214844 0.017852783203125
0.0870513916015625 -0.0171890258789063 0.120719909667969 0.0981216430664063
0.0317192077636719 -0.0147647857666016 0.111862182617188 -0.110305786132813
0.0498504638671875 -0.0301475524902344 0.136909484863281 -0.0589141845703125
0.0422477722167969 -0.0438919067382813 0.108970642089844 -0.0265731811523438
0.00797653198242187 -0.0502738952636719 0.101295471191406 -0.0177764892578125
-0.0222377777099609 -0.0327014923095703 0.079132080078125 -0.00930023193359375
-0.0303382873535156 -0.001953125 0.0705413818359375 0.0106277465820313
-0.0146312713623047 0.00921535491943359 0.072906494140625 0.0307540893554687
-0.0082707405090332 0.00465774536132813 0.07061767578125 0.0635528564453125
-0.011077880859375 0.00288867950439453 0.05963134765625 0.111297607421875
-0.0179824829101563 -0.00755691528320313 0.0138397216796875 0.138908386230469
-0.00740814208984375 -0.0291500091552734 -0.0218353271484375 0.131645202636719
0.0127334594726562 -0.0419158935546875 -0.04742431640625 0.087249755859375
0.0469169616699219 -0.0243797302246094 -0.0417709350585938 0.0365791320800781
0.0486793518066406 -0.0145034790039063 0.0474433898925781 0.0154953002929687
0.0372810363769531 -0.00415802001953125 0.139556884765625 0.0967483520507812
0.0450325012207031 0.0201416015625 -0.130516052246094 -0.0753707885742188
0.0126609802246094 -0.00768661499023438 -0.0256309509277344 -0.0182456970214844
0.00676202774047852 0.00238227844238281 0.0628814697265625 -0.0375862121582031
0.0154867172241211 -0.0037384033203125 0.0720291137695313 -0.102561950683594
0.0134792327880859 -0.0173263549804688 0.0330810546875 -0.134666442871094
0.000152587890625001 -0.0342063903808594 -0.0290374755859375 -0.146438598632813
-0.0236892700195312 -0.04119873046875 -0.0720901489257813 -0.109519958496094
-0.0201225280761719 -0.0410957336425781 -0.0748138427734375 -0.0544509887695313
-0.0113067626953125 -0.0473060607910156 -0.0792312622070313 -0.0118179321289063
0.00920867919921875 -0.0430221557617188 -0.0903091430664063 0.00452423095703125
0.0271415710449219 -0.0221309661865234 -0.0956649780273438 0.0283660888671875
0.0279884338378906 0.0067291259765625 -0.0996017456054688 0.0274429321289063
-0.000444412231445315 0.025390625 -0.121696472167969 0.0299224853515625
-0.00501441955566406 0.0152339935302734 -0.126701354980469 0.07427978515625
0.0169448852539063 0.020904541015625 -0.111457824707031 0.120468139648437
0.102729797363281 0.0104446411132812 -0.101020812988281 -0.0732192993164063
0.0666694641113281 -0.0221214294433594 0.00582885742187501 -0.0176525115966797
0.0533409118652344 -0.0192298889160156 0.0851821899414063 -0.0369720458984375
0.0451736450195313 -0.035552978515625 0.088287353515625 -0.101432800292969
0.0270118713378906 -0.0517501831054687 0.0454559326171875 -0.126930236816406
-0.00391387939453124 -0.0705947875976563 -0.0171585083007812 -0.131233215332031
-0.0396575927734375 -0.0717239379882813 -0.055999755859375 -0.0922698974609375
-0.0386810302734375 -0.0685844421386719 -0.0585823059082031 -0.034881591796875
-0.0353469848632812 -0.0768585205078125 -0.0650520324707031 0.0123176574707031
-0.0105133056640625 -0.0800094604492187 -0.084228515625 0.0306167602539063
0.0245780944824219 -0.06475830078125 -0.0920181274414063 0.051300048828125
0.0414619445800781 -0.0373153686523438 -0.0965423583984375 0.0420379638671875
0.0378494262695312 -0.00267410278320313 -0.107986450195313 0.044769287109375
0.0427589416503906 -0.00652694702148438 -0.101470947265625 0.0860443115234375
0.0664405822753906 0.0005645751953125 -0.0864639282226563 0.133979797363281
0.1451416015625 0.0012969970703125 -0.0565109252929688 -0.0703659057617188
0.112983703613281 -0.0308074951171875 0.0484085083007813 -0.0131378173828125
0.0976104736328125 -0.0374069213867187 0.111915588378906 -0.0314178466796875
0.0734100341796875 -0.0650558471679688 0.10736083984375 -0.0941543579101562
0.0393905639648438 -0.081878662109375 0.057769775390625 -0.111381530761719
-0.00687408447265626 -0.0986709594726563 -0.00279998779296874 -0.107444763183594
-0.0496139526367188 -0.0914535522460937 -0.033782958984375 -0.0660438537597656
-0.0515213012695312 -0.0858688354492188 -0.0341339111328125 -0.00931549072265625
-0.0544815063476563 -0.0932998657226563 -0.0392723083496094 0.0401649475097656
-0.0329666137695313 -0.101600646972656 -0.0670127868652344 0.0614852905273437
0.01165771484375 -0.097381591796875 -0.0795059204101562 0.07977294921875
0.0399856567382813 -0.0781784057617188 -0.089324951171875 0.061553955078125
0.0643234252929688 -0.037872314453125 -0.09417724609375 0.0569610595703125
0.0813674926757813 -0.034515380859375 -0.072479248046875 0.0861129760742187
0.10540771484375 -0.021453857421875 -0.04791259765625 0.137222290039063
0.164993286132813 -0.007965087890625 -0.00424194335937499 -0.068939208984375
0.14178466796875 -0.037689208984375 0.093109130859375 -0.00933074951171875
0.128364562988281 -0.052398681640625 0.135757446289063 -0.0248184204101563
0.0908660888671875 -0.0890274047851563 0.12188720703125 -0.0806045532226563
0.0431365966796875 -0.102806091308594 0.067962646484375 -0.0893478393554688
-0.0111770629882813 -0.112442016601562 0.012847900390625 -0.0755233764648438
-0.0539932250976562 -0.0978775024414063 -0.00789642333984375 -0.0346126556396484
-0.0569305419921875 -0.0895233154296875 -0.00485515594482422 0.0170822143554687
-0.064910888671875 -0.0948944091796875 -0.00786209106445312 0.0661163330078125
-0.0499420166015625 -0.106651306152344 -0.0411453247070312 0.0912704467773438
-0.00374603271484375 -0.114578247070313 -0.0595474243164063 0.103927612304687
0.0310592651367188 -0.107063293457031 -0.0771865844726563 0.0779571533203125
0.0799789428710938 -0.0696029663085938 -0.0802993774414063 0.0623321533203125
0.108985900878906 -0.0587310791015625 -0.0407028198242187 0.0743179321289063
0.129806518554688 -0.0373687744140625 -0.000755310058593749 0.131637573242188
0.159011840820313 -0.0163116455078125 0.0460739135742188 -0.0724258422851563
0.145095825195313 -0.04248046875 0.129158020019531 -0.012786865234375
0.135658264160156 -0.0616455078125 0.148788452148438 -0.0196685791015625
0.0917129516601563 -0.0999526977539063 0.128082275390625 -0.0630416870117188
0.0357131958007812 -0.108230590820313 0.0736160278320313 -0.0627212524414063
-0.0185623168945313 -0.107826232910156 0.0288314819335938 -0.0418281555175781
-0.0533447265625 -0.08660888671875 0.0190486907958984 -0.00402641296386719
-0.0536651611328125 -0.0794906616210938 0.024932861328125 0.0404701232910156
-0.0624008178710938 -0.08380126953125 0.0240325927734375 0.0879898071289063
-0.0543670654296875 -0.0960693359375 -0.0133743286132812 0.114089965820313
-0.0127105712890625 -0.113410949707031 -0.0369796752929687 0.121864318847656
0.0230712890625 -0.117195129394531 -0.0629119873046875 0.0885543823242188
0.08673095703125 -0.0846099853515625 -0.0659065246582031 0.0590286254882812
0.120628356933594 -0.0697402954101563 -0.00933074951171874 0.0531120300292969
0.135818481445313 -0.0428924560546875 0.0501708984375 0.121070861816406
0.129638671875 -0.0228424072265625 0.0844955444335938 -0.08160400390625
0.126251220703125 -0.04486083984375 0.149627685546875 -0.024627685546875
0.119712829589844 -0.06451416015625 0.146896362304688 -0.020111083984375
0.0725860595703125 -0.0966339111328125 0.124908447265625 -0.0452499389648438
0.0180740356445313 -0.096282958984375 0.0775299072265625 -0.0374374389648438
-0.0262908935546875 -0.083465576171875 0.0458183288574219 -0.0122413635253906
-0.0457839965820313 -0.06121826171875 0.0442047119140625 0.019989013671875
-0.0428886413574219 -0.0570793151855469 0.0504875183105469 0.0581703186035156
-0.0501327514648438 -0.0610542297363281 0.0497055053710937 0.103843688964844
-0.0462265014648438 -0.0736007690429687 0.00834655761718749 0.132049560546875
-0.0123825073242188 -0.0953826904296875 -0.0212478637695313 0.132904052734375
0.0208511352539062 -0.105697631835938 -0.0520401000976563 0.0925445556640625
0.0852279663085938 -0.0778045654296875 -0.0522956848144531 0.0504188537597656
0.114768981933594 -0.0611953735351562 0.0199680328369141 0.0319461822509766
0.120880126953125 -0.035919189453125 0.0965194702148438 0.109992980957031
0.082763671875 -0.0250320434570313 0.106376647949219 -0.0977554321289063
0.0902557373046875 -0.0430908203125 0.1534423828125 -0.042877197265625
0.0839385986328125 -0.06158447265625 0.134635925292969 -0.0238418579101563
0.0398712158203125 -0.0796356201171875 0.116569519042969 -0.0298538208007813
-0.00576400756835938 -0.067596435546875 0.0809402465820313 -0.0200424194335938
-0.0318603515625 -0.0428886413574219 0.0627021789550781 0.00493240356445312
-0.031494140625 -0.0242652893066406 0.0643386840820313 0.031158447265625
-0.0259971618652344 -0.0256271362304687 0.0682449340820313 0.0656890869140625
-0.0294456481933594 -0.0287704467773437 0.0639801025390625 0.113296508789063
-0.0310897827148438 -0.0404434204101563 0.019378662109375 0.143112182617188
-0.00880813598632813 -0.0632896423339844 -0.01513671875 0.1392822265625
0.0184707641601563 -0.0769500732421875 -0.0463409423828125 0.0940780639648438
0.0718765258789062 -0.0535430908203125 -0.0435142517089844 0.0438804626464844
0.0885467529296875 -0.0398178100585938 0.041015625 0.0195503234863281
0.084747314453125 -0.0222702026367188 0.131370544433594 0.103523254394531
0.0270404815673828 -0.0190315246582031 0.111610412597656 -0.117195129394531
0.0451316833496094 -0.03436279296875 0.14166259765625 -0.0630340576171875
0.0383758544921875 -0.0494422912597656 0.117401123046875 -0.0304794311523438
0.0024566650390625 -0.0506591796875 0.109344482421875 -0.0224380493164063
-0.0275001525878906 -0.0280818939208984 0.0846176147460937 -0.0156784057617187
-0.0290412902832031 0.00579071044921876 0.075897216796875 0.005523681640625
-0.0101728439331055 0.0155172348022461 0.0757904052734375 0.0280609130859375
-0.00520038604736328 0.00974464416503906 0.0745773315429688 0.0634918212890625
-0.006378173828125 0.00814342498779297 0.0663833618164063 0.114677429199219
-0.0154809951782227 -0.000901222229003904 0.018768310546875 0.147140502929688
-0.00956344604492187 -0.0245304107666016 -0.0186309814453125 0.140945434570312
0.00881195068359375 -0.0400047302246094 -0.0473480224609375 0.0957412719726562
0.0430793762207031 -0.0256919860839844 -0.0438117980957031 0.0420188903808594
0.044036865234375 -0.0162620544433594 0.0477714538574219 0.0164451599121094
0.0320262908935547 -0.00836181640625 0.148635864257812 0.1015625
0.0556297302246094 0.0209579467773438 -0.138404846191406 -0.07525634765625
0.0181179046630859 -0.0100803375244141 -0.0232734680175781 -0.0205154418945313
0.010798454284668 -0.00164985656738281 0.0671501159667969 -0.0461769104003906
0.0174350738525391 -0.00986289978027344 0.0702743530273437 -0.113059997558594
0.0120944976806641 -0.0240726470947266 0.0280609130859375 -0.142822265625
-0.00612640380859375 -0.0405426025390625 -0.0373992919921875 -0.1494140625
-0.0324211120605469 -0.0442962646484375 -0.0793838500976563 -0.109130859375
-0.0288162231445313 -0.0443344116210937 -0.0783920288085938 -0.0506744384765625
-0.0202217102050781 -0.0534477233886719 -0.0796890258789063 -0.00453186035156249
0.005218505859375 -0.052001953125 -0.0927276611328125 0.015045166015625
0.0296497344970703 -0.0303134918212891 -0.0988540649414062 0.040008544921875
0.0347042083740234 0.00123977661132812 -0.105384826660156 0.0370635986328125
0.00857162475585938 0.0292701721191406 -0.128173828125 0.0388717651367188
0.002655029296875 0.0209140777587891 -0.128486633300781 0.082489013671875
0.0251922607421875 0.0251712799072266 -0.104713439941406 0.13128662109375
0.112869262695313 0.0069580078125 -0.105667114257813 -0.0734405517578125
0.072021484375 -0.0276336669921875 0.0109405517578125 -0.0209102630615234
0.0574684143066406 -0.026336669921875 0.0914077758789063 -0.0459976196289063
0.0455665588378906 -0.0437431335449219 0.0892715454101562 -0.112937927246094
0.0236625671386719 -0.0589675903320312 0.0425491333007812 -0.133903503417969
-0.0124359130859375 -0.0767822265625 -0.0214385986328125 -0.13385009765625
-0.0498504638671875 -0.0737762451171875 -0.059478759765625 -0.0912628173828125
-0.0487594604492188 -0.0706787109375 -0.0582237243652344 -0.0300483703613281
-0.045654296875 -0.0814056396484375 -0.0611991882324219 0.0204963684082031
-0.0169296264648437 -0.0876541137695313 -0.0828781127929688 0.0434494018554687
0.0245361328125 -0.0738677978515625 -0.0923690795898437 0.0650863647460938
0.0458793640136719 -0.0448646545410156 -0.0997695922851563 0.0540008544921875
0.0460662841796875 -0.00221633911132813 -0.111869812011719 0.054901123046875
0.0498886108398438 -0.00376129150390625 -0.0992889404296875 0.0943756103515625
0.0742645263671875 0.00258636474609375 -0.075897216796875 0.145919799804688
0.153717041015625 -0.0052032470703125 -0.0579757690429687 -0.0710601806640625
0.116943359375 -0.0391159057617188 0.0575981140136719 -0.0182456970214844
0.101173400878906 -0.0464935302734375 0.12152099609375 -0.042510986328125
0.0723800659179688 -0.0744400024414063 0.110969543457031 -0.106117248535156
0.0349807739257812 -0.0888290405273438 0.0578994750976563 -0.118995666503906
-0.014892578125 -0.103782653808594 -0.00312805175781249 -0.110061645507813
-0.0594482421875 -0.092926025390625 -0.0333786010742188 -0.065277099609375
-0.0614089965820313 -0.0869216918945313 -0.0300083160400391 -0.0051727294921875
-0.06500244140625 -0.0961685180664063 -0.0307197570800781 0.0484886169433594
-0.0405502319335938 -0.106544494628906 -0.0618820190429688 0.0757980346679688
0.00830841064453124 -0.105239868164063 -0.0759811401367188 0.0952606201171875
0.0409164428710937 -0.0854568481445313 -0.0898361206054688 0.0742874145507813
0.0700645446777344 -0.0401077270507813 -0.09613037109375 0.0680007934570313
0.0867233276367188 -0.0353164672851563 -0.0676651000976562 0.094390869140625
0.110794067382813 -0.0229415893554688 -0.0341644287109375 0.148941040039063
0.171356201171875 -0.0157318115234375 -0.00293731689453125 -0.0711517333984375
0.14312744140625 -0.0460357666015625 0.103866577148438 -0.0160903930664063
0.130340576171875 -0.0627517700195313 0.147689819335938 -0.035491943359375
0.0893630981445313 -0.0974578857421875 0.128196716308594 -0.0923385620117188
0.0378036499023437 -0.109039306640625 0.0704727172851563 -0.0967864990234375
-0.0183563232421875 -0.116409301757813 0.0158309936523438 -0.0782928466796875
-0.0623550415039062 -0.0971527099609375 -0.00414848327636719 -0.0345630645751953
-0.0643844604492187 -0.0889129638671875 0.00286865234375 0.0201606750488281
-0.073272705078125 -0.0952224731445313 0.0046844482421875 0.073516845703125
-0.0571441650390625 -0.107551574707031 -0.0318984985351563 0.105064392089844
-0.00897216796875001 -0.119209289550781 -0.0519943237304688 0.119125366210937
0.0277252197265625 -0.112846374511719 -0.0749588012695312 0.0920181274414063
0.0815277099609375 -0.0738143920898438 -0.07965087890625 0.0732192993164063
0.110336303710937 -0.0637054443359375 -0.0344009399414062 0.0804595947265625
0.1334228515625 -0.0422439575195312 0.015106201171875 0.14215087890625
0.161392211914063 -0.024444580078125 0.0475845336914063 -0.0767898559570313
0.1439208984375 -0.05059814453125 0.141403198242188 -0.020233154296875
0.136528015136719 -0.0718231201171875 0.161224365234375 -0.03045654296875
0.087554931640625 -0.107444763183594 0.135810852050781 -0.0734100341796875
0.0302047729492188 -0.111824035644531 0.0788497924804688 -0.0691680908203125
-0.0244903564453125 -0.108283996582031 0.034881591796875 -0.0452613830566406
-0.05780029296875 -0.084442138671875 0.0253639221191406 -0.00480842590332032
-0.0586700439453125 -0.0770721435546875 0.0348663330078125 0.0422439575195312
-0.0680694580078125 -0.0820541381835938 0.0381240844726563 0.0934219360351563
-0.0599212646484375 -0.0939178466796875 -0.00102996826171876 0.127487182617188
-0.0191574096679688 -0.114219665527344 -0.0275955200195313 0.136688232421875
0.0169906616210938 -0.120643615722656 -0.059234619140625 0.102149963378906
0.0846328735351563 -0.0904388427734375 -0.0639495849609375 0.0695610046386719
0.118949890136719 -0.076507568359375 -0.00344848632812499 0.0579147338867188
0.1361083984375 -0.0504379272460937 0.0662078857421875 0.1287841796875
0.128402709960938 -0.0308685302734375 0.0855789184570313 -0.0872802734375
0.122772216796875 -0.05181884765625 0.1605224609375 -0.0316619873046875
0.117706298828125 -0.0729598999023438 0.159347534179688 -0.02960205078125
0.0679473876953125 -0.101699829101563 0.133705139160156 -0.055145263671875
0.01202392578125 -0.0955123901367188 0.0836868286132813 -0.0444183349609375
-0.0300674438476562 -0.0807342529296875 0.0528106689453125 -0.0165557861328125
-0.046600341796875 -0.0569038391113281 0.0507774353027344 0.0184288024902344
-0.0436515808105469 -0.0528144836425781 0.0600318908691406 0.0585708618164063
-0.05108642578125 -0.0563812255859375 0.0641860961914063 0.107719421386719
-0.0491943359375 -0.0678520202636719 0.02191162109375 0.14306640625
-0.018341064453125 -0.0927276611328125 -0.0105743408203125 0.146041870117188
0.0138092041015625 -0.106475830078125 -0.0479736328125 0.104751586914063
0.08087158203125 -0.0835037231445313 -0.0509262084960937 0.059539794921875
0.110580444335938 -0.068511962890625 0.0252227783203125 0.0346698760986328
0.118461608886719 -0.0434341430664063 0.112113952636719 0.115699768066406
0.0785980224609375 -0.0311126708984375 0.105873107910156 -0.104232788085937
0.0842437744140625 -0.0496444702148438 0.161422729492188 -0.0500946044921875
0.07916259765625 -0.0687942504882812 0.144729614257813 -0.032867431640625
0.0327682495117188 -0.0811233520507813 0.125274658203125 -0.0393753051757813
-0.0116119384765625 -0.0638160705566406 0.0868759155273437 -0.0274810791015625
-0.0317268371582031 -0.0362205505371094 0.0684242248535156 -0.00128936767578125
-0.0279483795166016 -0.0186824798583984 0.0695953369140625 0.0285377502441406
-0.0232257843017578 -0.0197505950927734 0.0767440795898438 0.0652923583984375
-0.0264987945556641 -0.0235042572021484 0.07757568359375 0.115371704101563
-0.0295791625976562 -0.0328445434570313 0.0321197509765625 0.152175903320313
-0.0132369995117187 -0.0582962036132813 -0.00483703613281249 0.150680541992187
0.0118484497070312 -0.0750579833984375 -0.0418624877929687 0.105133056640625
0.0668754577636719 -0.0573997497558594 -0.0431327819824219 0.0513877868652344
0.0829086303710938 -0.0451431274414063 0.0445671081542969 0.0205535888671875
0.0794906616210938 -0.02850341796875 0.146408081054688 0.106964111328125
0.0205116271972656 -0.0233936309814453 0.107078552246094 -0.125152587890625
0.0377693176269531 -0.0392570495605469 0.146652221679688 -0.070465087890625
0.0306015014648438 -0.0544853210449219 0.125419616699219 -0.0381851196289063
-0.0059967041015625 -0.0492744445800781 0.117424011230469 -0.0320892333984375
-0.0322227478027344 -0.0205631256103516 0.0893707275390625 -0.0242767333984375
-0.0261344909667969 0.0140819549560547 0.0794830322265625 -0.00299072265625
-0.00317001342773438 0.0221023559570313 0.0787734985351563 0.0231781005859375
0.000895500183105468 0.0145711898803711 0.0811004638671875 0.0614471435546875
6.29425048828134E-05 0.0139951705932617 0.0775680541992188 0.115501403808594
-0.0108528137207031 0.0062856674194336 0.029449462890625 0.154861450195313
-0.0105552673339844 -0.0172615051269531 -0.0100250244140625 0.150543212890625
0.00408172607421875 -0.0361061096191406 -0.0436859130859375 0.106101989746094
0.037933349609375 -0.0265350341796875 -0.045013427734375 0.0489234924316406
0.0371780395507813 -0.0187721252441406 0.0484733581542969 0.0165672302246094
0.0253486633300781 -0.0112209320068359 0.16162109375 0.102371215820313
0.0683860778808594 0.0175437927246094 -0.145095825195313 -0.0713653564453125
0.0237293243408203 -0.0146007537841797 -0.0217399597167969 -0.0234718322753906
0.0147781372070313 -0.00774860382080078 0.0673179626464844 -0.0560455322265625
0.0176448822021484 -0.0175724029541016 0.0636672973632813 -0.123207092285156
0.00828742980957031 -0.0310764312744141 0.0184326171875 -0.1474609375
-0.0155563354492187 -0.0461044311523438 -0.0472412109375 -0.148056030273438
-0.0432662963867188 -0.0451507568359375 -0.0863876342773437 -0.104698181152344
-0.0391769409179688 -0.0450248718261719 -0.0790786743164063 -0.0446319580078125
-0.0324020385742188 -0.0574378967285156 -0.0768585205078125 0.00434875488281249
-0.00278091430664062 -0.0607261657714844 -0.090576171875 0.02752685546875
0.0290374755859375 -0.040435791015625 -0.0971908569335938 0.0535812377929688
0.0401802062988281 -0.00677108764648437 -0.106285095214844 0.0489273071289063
0.0197372436523438 0.0297641754150391 -0.130744934082031 0.0508041381835937
0.0134563446044922 0.0244350433349609 -0.125999450683594 0.0907135009765625
0.0359115600585938 0.0278282165527344 -0.0927505493164063 0.139076232910156
0.122673034667969 0 -0.10882568359375 -0.0706405639648437
0.0749664306640625 -0.0353317260742188 0.0158100128173828 -0.0263805389404297
0.0589065551757812 -0.0353050231933594 0.0940322875976562 -0.0584182739257812
0.04296875 -0.05255126953125 0.0847702026367188 -0.123184204101563
0.0175971984863281 -0.0657844543457031 0.0361557006835937 -0.139671325683594
-0.023193359375 -0.080657958984375 -0.027618408203125 -0.134185791015625
-0.0622329711914063 -0.07244873046875 -0.062255859375 -0.0880584716796875
-0.0596656799316406 -0.0694656372070313 -0.0552597045898438 -0.025299072265625
-0.0588531494140625 -0.08355712890625 -0.0533561706542969 0.0280990600585938
-0.0271224975585937 -0.0933456420898438 -0.0760269165039063 0.0562820434570313
0.020843505859375 -0.0831451416015625 -0.086669921875 0.0800857543945312
0.0482139587402344 -0.0531959533691406 -0.0977020263671875 0.0670318603515625
0.0552330017089844 -0.003448486328125 -0.110939025878906 0.0666961669921875
0.0588836669921875 -0.00346755981445312 -0.0927734375 0.101821899414063
0.0821380615234375 0.00189971923828125 -0.05902099609375 0.153335571289063
0.160369873046875 -0.0139923095703125 -0.0584335327148437 -0.070770263671875
0.116897583007813 -0.0484161376953125 0.0643081665039063 -0.0263252258300781
0.100212097167969 -0.0576400756835938 0.126762390136719 -0.0567398071289063
0.0675125122070313 -0.0828399658203125 0.109603881835937 -0.118110656738281
0.026885986328125 -0.0942764282226563 0.0544357299804688 -0.125457763671875
-0.0257720947265625 -0.105598449707031 -0.00474548339843751 -0.111473083496094
-0.0705184936523438 -0.0902328491210938 -0.0319709777832031 -0.0642738342285156
-0.0711441040039063 -0.083770751953125 -0.0228404998779297 -0.00246810913085938
-0.0765228271484375 -0.09490966796875 -0.0187149047851563 0.0542678833007813
-0.0505142211914062 -0.108253479003906 -0.0500946044921875 0.0885009765625
0.0023956298828125 -0.111129760742188 -0.065460205078125 0.109764099121094
0.0387344360351563 -0.092681884765625 -0.0843734741210938 0.0888900756835938
0.0748214721679688 -0.0437240600585937 -0.09234619140625 0.0793991088867188
0.0916595458984375 -0.0379791259765625 -0.0581283569335937 0.100494384765625
0.115470886230469 -0.0262603759765625 -0.014678955078125 0.1558837890625
0.17266845703125 -0.0255279541015625 -0.00192260742187498 -0.0732498168945313
0.140594482421875 -0.0559539794921875 0.113075256347656 -0.025726318359375
0.127822875976563 -0.074127197265625 0.15478515625 -0.0511932373046875
0.0826950073242188 -0.10565185546875 0.129600524902344 -0.105804443359375
0.0287094116210938 -0.111793518066406 0.0698165893554688 -0.104621887207031
-0.0280838012695313 -0.116157531738281 0.0178375244140625 -0.0818939208984375
-0.07037353515625 -0.0928421020507813 0.000862121582031249 -0.0354423522949219
-0.0722122192382812 -0.0845718383789063 0.0124588012695312 0.0207118988037109
-0.081939697265625 -0.0918960571289062 0.0198898315429688 0.0770416259765625
-0.0652236938476563 -0.105766296386719 -0.0161056518554688 0.116058349609375
-0.0167617797851563 -0.121147155761719 -0.0381927490234375 0.133163452148438
0.0219650268554688 -0.116767883300781 -0.0666351318359375 0.106185913085937
0.0813446044921875 -0.0786972045898438 -0.0746917724609375 0.084869384765625
0.109550476074219 -0.0683059692382813 -0.0255355834960937 0.0854263305664062
0.132820129394531 -0.0477371215820313 0.035614013671875 0.14727783203125
0.158828735351563 -0.03387451171875 0.0486602783203125 -0.08013916015625
0.138290405273438 -0.058563232421875 0.150100708007813 -0.030975341796875
0.131256103515625 -0.08203125 0.169769287109375 -0.0463409423828125
0.0804061889648438 -0.112464904785156 0.1400146484375 -0.0872116088867188
0.0222396850585938 -0.111396789550781 0.0808563232421875 -0.0780563354492188
-0.0304718017578125 -0.105827331542969 0.0394706726074219 -0.0502662658691406
-0.0616989135742187 -0.0796737670898438 0.0313091278076172 -0.00737762451171876
-0.0621871948242188 -0.0709381103515625 0.0449447631835937 0.041351318359375
-0.0718765258789063 -0.0762710571289063 0.0554275512695312 0.0944137573242188
-0.0649337768554687 -0.0883331298828125 0.01678466796875 0.136009216308594
-0.0268402099609375 -0.111343383789062 -0.01116943359375 0.1478271484375
0.00906372070312501 -0.120742797851562 -0.0490570068359375 0.115142822265625
0.0799179077148438 -0.095123291015625 -0.0577774047851562 0.0797805786132813
0.113021850585938 -0.082489013671875 0.00537109375 0.0605621337890625
0.13140869140625 -0.05731201171875 0.086273193359375 0.130935668945313
0.122245788574219 -0.0387802124023438 0.0849685668945313 -0.0918807983398438
0.114540100097656 -0.0581588745117187 0.167922973632813 -0.04217529296875
0.110252380371094 -0.0809478759765625 0.167617797851563 -0.0435333251953125
0.0598983764648438 -0.103401184082031 0.138427734375 -0.0675125122070313
0.00567626953125 -0.0918426513671875 0.0866012573242187 -0.0537033081054688
-0.0316009521484375 -0.0754852294921875 0.057525634765625 -0.0234832763671875
-0.0449790954589844 -0.0516586303710937 0.0572433471679688 0.0133934020996094
-0.0429039001464844 -0.0471343994140625 0.0711746215820313 0.0548171997070313
-0.0503501892089844 -0.0511093139648437 0.0816650390625 0.106071472167969
-0.0494728088378906 -0.0607147216796875 0.03973388671875 0.149185180664063
-0.0237197875976562 -0.0872421264648438 0.00537109374999999 0.155075073242188
0.00566864013671875 -0.103439331054688 -0.0372695922851563 0.11541748046875
0.073150634765625 -0.0861129760742188 -0.0457611083984375 0.0684356689453125
0.10186767578125 -0.07415771484375 0.0312156677246094 0.0350437164306641
0.110511779785156 -0.0510635375976563 0.130729675292969 0.114425659179687
0.0699691772460937 -0.03662109375 0.100975036621094 -0.110038757324219
0.0746994018554688 -0.05340576171875 0.165863037109375 -0.0599822998046875
0.0694198608398438 -0.073211669921875 0.15167236328125 -0.044921875
0.024688720703125 -0.0791244506835938 0.130233764648438 -0.0516510009765625
-0.0160064697265625 -0.0559883117675781 0.0889358520507813 -0.0376129150390625
-0.0298099517822266 -0.0293502807617188 0.0723190307617188 -0.0100631713867188
-0.0218143463134766 -0.0131111145019531 0.0747451782226563 0.0220260620117188
-0.0178337097167969 -0.0152378082275391 0.0852584838867188 0.0600738525390625
-0.0201835632324219 -0.0183582305908203 0.0923004150390625 0.112327575683594
-0.0256767272949219 -0.02545166015625 0.0497894287109375 0.156417846679688
-0.0155487060546875 -0.0505561828613281 0.0108184814453125 0.15704345703125
0.00524139404296876 -0.0702133178710938 -0.032135009765625 0.114448547363281
0.0585823059082031 -0.0583686828613281 -0.0391693115234375 0.0588340759277344
0.0725784301757813 -0.0490646362304688 0.0475883483886719 0.0198249816894531
0.0704803466796875 -0.0332107543945313 0.161483764648438 0.10345458984375
0.0117301940917969 -0.0261306762695313 0.0980682373046875 -0.131271362304688
0.0277786254882813 -0.0419197082519531 0.146408081054688 -0.078887939453125
0.0194931030273437 -0.0569076538085937 0.129966735839844 -0.0482711791992188
-0.0142593383789063 -0.0437698364257813 0.121963500976562 -0.0438690185546875
-0.0347785949707031 -0.00972938537597656 0.0902786254882812 -0.0357208251953125
-0.0200786590576172 0.0229568481445313 0.08026123046875 -0.01348876953125
0.00714111328125 0.0263385772705078 0.0794906616210937 0.0156021118164063
0.00972366333007813 0.0192050933837891 0.0859603881835938 0.05596923828125
0.0104074478149414 0.017364501953125 0.0884323120117188 0.11175537109375
-0.00331497192382813 0.0130023956298828 0.0439453125 0.157684326171875
-0.00965595245361328 -0.00867652893066406 0.00396728515625001 0.156707763671875
0.000591278076171876 -0.0295028686523438 -0.034912109375 0.113998413085938
0.0317497253417969 -0.0247364044189453 -0.0433502197265625 0.0566291809082031
0.0272769927978516 -0.0185451507568359 0.0488052368164063 0.0168914794921875
0.0153713226318359 -0.0128545761108398 0.17376708984375 0.0973663330078125
0.0795974731445313 0.0120162963867188 -0.147247314453125 -0.06695556640625
0.0286006927490234 -0.0210952758789063 -0.0204086303710937 -0.0275630950927734
0.0175580978393555 -0.0154104232788086 0.0643386840820313 -0.0644302368164063
0.015472412109375 -0.0257396697998047 0.0557708740234375 -0.128471374511719
0.00201416015625 -0.0367889404296875 0.00968933105468749 -0.14691162109375
-0.0267868041992187 -0.0485572814941406 -0.0540008544921875 -0.14349365234375
-0.0547370910644531 -0.0425796508789062 -0.0898361206054687 -0.098297119140625
-0.0496406555175781 -0.0428924560546875 -0.0768966674804687 -0.0390853881835938
-0.0456886291503906 -0.057830810546875 -0.0701751708984375 0.0101089477539062
-0.0133132934570312 -0.0664329528808594 -0.0836868286132813 0.0374603271484375
0.0257568359375 -0.0507774353027344 -0.0907440185546875 0.06451416015625
0.0435791015625 -0.0168228149414063 -0.103660583496094 0.059417724609375
0.0308876037597656 0.0259189605712891 -0.129241943359375 0.0599517822265625
0.0255851745605469 0.0250244140625 -0.1212158203125 0.0944061279296875
0.0479393005371094 0.0285682678222656 -0.0794219970703125 0.139945983886719
0.129447937011719 -0.00727081298828125 -0.107978820800781 -0.0685195922851563
0.0757369995117187 -0.0433120727539063 0.0187911987304688 -0.0330734252929688
0.0580940246582031 -0.0437889099121094 0.0926666259765625 -0.069061279296875
0.0372734069824219 -0.0599784851074219 0.0786895751953125 -0.130699157714844
0.00940322875976563 -0.0695457458496094 0.0301361083984375 -0.141769409179688
-0.0346603393554688 -0.080841064453125 -0.0306549072265625 -0.131538391113281
-0.0722122192382812 -0.0681838989257813 -0.0612945556640625 -0.0839157104492187
-0.0692100524902344 -0.0652580261230469 -0.0489959716796875 -0.0221748352050781
-0.070709228515625 -0.0805740356445312 -0.0420722961425781 0.0321693420410156
-0.0371627807617188 -0.0959548950195313 -0.0650520324707031 0.0661468505859375
0.01568603515625 -0.0908966064453125 -0.0761184692382812 0.0915679931640625
0.048675537109375 -0.0616989135742188 -0.0918121337890625 0.0782928466796875
0.0640640258789062 -0.0077972412109375 -0.106666564941406 0.0756683349609375
0.0678672790527344 -0.00401687622070313 -0.0853424072265625 0.1046142578125
0.0901718139648437 0.00104522705078125 -0.0419464111328125 0.153472900390625
0.162338256835938 -0.0228729248046875 -0.0558929443359375 -0.0705184936523438
0.1142578125 -0.05572509765625 0.0690536499023438 -0.0358619689941406
0.0962600708007813 -0.0657577514648437 0.126846313476563 -0.0692062377929688
0.0603866577148438 -0.0891571044921875 0.10504150390625 -0.127120971679688
0.0181961059570313 -0.095855712890625 0.0512313842773437 -0.129684448242188
-0.0366439819335938 -0.104736328125 -0.00460815429687501 -0.111862182617188
-0.078887939453125 -0.084686279296875 -0.0277748107910156 -0.0628128051757813
-0.0787353515625 -0.0774612426757813 -0.0138998031616211 -0.00182819366455079
-0.0863037109375 -0.0901947021484375 -0.00468826293945314 0.0555267333984375
-0.0591812133789063 -0.107521057128906 -0.033782958984375 0.0962600708007813
-0.004241943359375 -0.115333557128906 -0.0511322021484375 0.119804382324219
0.0364761352539063 -0.0980148315429687 -0.0744094848632813 0.100204467773437
0.0796661376953125 -0.0473861694335938 -0.0850982666015625 0.0883026123046875
0.095947265625 -0.0389633178710938 -0.0486679077148437 0.102249145507813
0.118309020996094 -0.0277023315429688 0.00450134277343751 0.15496826171875
0.170501708984375 -0.0334014892578125 0.000755310058593755 -0.0745162963867187
0.134620666503906 -0.0617294311523438 0.1185302734375 -0.0376968383789063
0.121597290039063 -0.0812530517578125 0.156417846679687 -0.0649871826171875
0.0747833251953125 -0.109283447265625 0.127777099609375 -0.116722106933594
0.0213241577148437 -0.110710144042969 0.0684356689453125 -0.1102294921875
-0.0357666015625 -0.112800598144531 0.0203628540039062 -0.0846405029296875
-0.074371337890625 -0.0869522094726563 0.00645828247070312 -0.0368194580078125
-0.0762405395507813 -0.0780410766601563 0.0225048065185547 0.0188484191894531
-0.0876541137695313 -0.0858154296875 0.0363388061523438 0.074920654296875
-0.0701904296875 -0.101432800292969 0.00213623046875 0.12103271484375
-0.0221633911132813 -0.119438171386719 -0.0209197998046875 0.141220092773438
0.017669677734375 -0.117378234863281 -0.0544052124023438 0.115936279296875
0.0806427001953125 -0.0806884765625 -0.065643310546875 0.09210205078125
0.107521057128906 -0.0696945190429687 -0.014984130859375 0.085601806640625
0.130081176757813 -0.0504684448242188 0.0550994873046875 0.1448974609375
0.151931762695313 -0.0399627685546875 0.04998779296875 -0.0824356079101563
0.130088806152344 -0.0618515014648438 0.155288696289063 -0.041900634765625
0.123611450195313 -0.0868148803710937 0.17218017578125 -0.0600738525390625
0.0731582641601563 -0.113121032714844 0.13958740234375 -0.0985183715820313
0.0164108276367188 -0.107437133789063 0.080596923828125 -0.0851058959960937
-0.0343093872070312 -0.101150512695312 0.0421600341796875 -0.0549354553222656
-0.0618820190429687 -0.074127197265625 0.0377998352050781 -0.0112037658691406
-0.0623359680175781 -0.0654754638671875 0.0554924011230469 0.0364227294921875
-0.0728683471679687 -0.0701522827148438 0.0713424682617187 0.0893478393554687
-0.0657272338867188 -0.0817718505859375 0.0358047485351563 0.138023376464844
-0.029937744140625 -0.105911254882813 0.00686645507812499 0.152374267578125
0.00306701660156249 -0.116554260253906 -0.0351715087890625 0.122787475585938
0.074249267578125 -0.0945968627929688 -0.0490646362304688 0.0866851806640625
0.105567932128906 -0.0839614868164063 0.0145378112792969 0.0597915649414062
0.124168395996094 -0.0591964721679687 0.104774475097656 0.127647399902344
0.112533569335938 -0.0418548583984375 0.08367919921875 -0.0938873291015625
0.104026794433594 -0.0592041015625 0.170928955078125 -0.0518035888671875
0.100433349609375 -0.082977294921875 0.17047119140625 -0.0560302734375
0.0522308349609375 -0.100151062011719 0.139533996582031 -0.07904052734375
0.00206756591796875 -0.08465576171875 0.0867996215820312 -0.0619430541992188
-0.0308685302734375 -0.0693244934082031 0.0607795715332031 -0.0303993225097656
-0.0402336120605469 -0.0465660095214844 0.0620651245117188 0.00850296020507812
-0.0386314392089844 -0.0418548583984375 0.0796279907226563 0.04876708984375
-0.045867919921875 -0.0457534790039063 0.0957717895507813 0.098907470703125
-0.0459632873535156 -0.0533599853515625 0.0585479736328125 0.148025512695313
-0.0251846313476562 -0.07806396484375 0.023162841796875 0.156997680664062
-0.000205993652343755 -0.0961990356445313 -0.0242919921875 0.121810913085938
0.0646896362304688 -0.0843276977539063 -0.037872314453125 0.0740585327148438
0.0907135009765625 -0.0742568969726563 0.0373039245605469 0.0345268249511719
0.0992813110351563 -0.0521087646484375 0.145431518554688 0.109710693359375
0.0594902038574219 -0.0384063720703125 0.0961990356445313 -0.111076354980469
0.0621757507324219 -0.0528831481933594 0.166061401367188 -0.0677642822265625
0.0582656860351562 -0.072296142578125 0.153549194335938 -0.0548553466796875
0.0174026489257813 -0.0731277465820313 0.131980895996094 -0.0620193481445313
-0.0167083740234375 -0.0458335876464844 0.0882339477539062 -0.046905517578125
-0.0236949920654297 -0.0222377777099609 0.0731582641601563 -0.0177230834960938
-0.0129232406616211 -0.0110349655151367 0.0763931274414063 0.0159454345703125
-0.00959205627441406 -0.0117912292480469 0.0907440185546875 0.0538406372070312
-0.0116291046142578 -0.014826774597168 0.10345458984375 0.104415893554688
-0.0184288024902344 -0.0189723968505859 0.0655975341796875 0.15362548828125
-0.0133476257324219 -0.041168212890625 0.02630615234375 0.158416748046875
0.00134658813476563 -0.0615806579589844 -0.0209884643554688 0.119346618652344
0.0496826171875 -0.0551567077636719 -0.0335044860839844 0.0644874572753906
0.0606117248535156 -0.0473861694335938 0.0505218505859375 0.0193443298339844
0.0581741333007812 -0.0341796875 0.1727294921875 0.0977630615234375
0.00109672546386719 -0.0256595611572266 0.0887985229492188 -0.130477905273438
0.0155830383300781 -0.0404014587402344 0.143753051757813 -0.0840911865234375
0.0074615478515625 -0.0537109375 0.131202697753906 -0.0570907592773438
-0.0208549499511719 -0.035186767578125 0.122344970703125 -0.0551910400390625
-0.0331802368164063 0.00186920166015625 0.0876693725585938 -0.0459976196289063
-0.011138916015625 0.02978515625 0.0768051147460938 -0.0224227905273437
0.0185127258300781 0.0274906158447266 0.0770797729492188 0.0102920532226563
0.0199775695800781 0.0200538635253906 0.0878982543945312 0.049591064453125
0.0214042663574219 0.0183467864990234 0.095794677734375 0.104598999023437
0.00693321228027344 0.0177440643310547 0.0571136474609375 0.155715942382812
-0.00505685806274414 0.000503540039062501 0.0168304443359375 0.156829833984375
-0.00107383728027344 -0.0206737518310547 -0.0256729125976563 0.118125915527344
0.0247478485107422 -0.0202426910400391 -0.0397186279296875 0.0627555847167969
0.0171909332275391 -0.0140228271484375 0.04852294921875 0.0178337097167969
0.00362491607666016 -0.0104455947875977 0.18115234375 0.0907745361328125
0.0904998779296875 0.00479888916015625 -0.146942138671875 -0.0675201416015625
0.0329608917236328 -0.0284900665283203 -0.0199642181396484 -0.0336208343505859
0.0184497833251953 -0.0236911773681641 0.0613136291503906 -0.0699081420898438
0.0118255615234375 -0.0341014862060547 0.0495223999023438 -0.130455017089844
-0.0046844482421875 -0.0410728454589844 0.00602722167968751 -0.145111083984375
-0.0376129150390625 -0.0491371154785156 -0.0559921264648437 -0.139801025390625
-0.0643272399902344 -0.0388031005859375 -0.0886306762695313 -0.093994140625
-0.0594635009765625 -0.0398750305175781 -0.0725555419921875 -0.0371246337890625
-0.0579948425292969 -0.0565261840820313 -0.0632209777832031 0.0122261047363281
-0.0233497619628906 -0.0701255798339844 -0.0768814086914062 0.0434951782226563
0.0204086303710938 -0.0595283508300781 -0.0842742919921875 0.070953369140625
0.0446128845214844 -0.0272560119628906 -0.100296020507812 0.0658340454101563
0.0416107177734375 0.0204658508300781 -0.128211975097656 0.0648422241210937
0.0382423400878906 0.0226097106933594 -0.119575500488281 0.094085693359375
0.060211181640625 0.026947021484375 -0.0716552734375 0.135124206542969
0.135917663574219 -0.0135421752929688 -0.104881286621094 -0.0704116821289063
0.0771865844726563 -0.0494461059570313 0.0218353271484375 -0.0404396057128906
0.0563087463378906 -0.0515098571777344 0.09075927734375 -0.0768203735351563
0.0329704284667969 -0.0664710998535156 0.0747299194335937 -0.133758544921875
0.00225067138671876 -0.0716629028320313 0.0281982421875 -0.140914916992188
-0.0446624755859375 -0.0800399780273438 -0.0291976928710938 -0.130012512207031
-0.0803680419921875 -0.0632247924804688 -0.057830810546875 -0.0826416015625
-0.0768966674804688 -0.0617218017578125 -0.04132080078125 -0.0224494934082031
-0.080810546875 -0.0778350830078125 -0.0314121246337891 0.0324459075927734
-0.0458755493164063 -0.0983734130859375 -0.053070068359375 0.0705490112304688
0.0107498168945312 -0.09814453125 -0.0657272338867188 0.0977096557617188
0.049407958984375 -0.0697212219238281 -0.0855484008789063 0.0846099853515625
0.0731735229492188 -0.01220703125 -0.103057861328125 0.0802154541015625
0.0782470703125 -0.00528717041015625 -0.0801239013671875 0.103065490722656
0.099273681640625 0.0020599365234375 -0.0306243896484375 0.148513793945313
0.164566040039062 -0.02593994140625 -0.0510482788085938 -0.073577880859375
0.112251281738281 -0.0597915649414063 0.0731887817382813 -0.0446395874023438
0.0933761596679688 -0.0713653564453125 0.126190185546875 -0.0786590576171875
0.0553970336914063 -0.0931243896484375 0.103492736816406 -0.132476806640625
0.0119552612304687 -0.0959014892578125 0.0511856079101563 -0.130897521972656
-0.0439453125 -0.1021728515625 -0.000946044921875008 -0.112709045410156
-0.0834274291992188 -0.080413818359375 -0.0224838256835938 -0.0635986328125
-0.0835723876953125 -0.0736083984375 -0.00450181961059571 -0.00484800338745118
-0.0925827026367188 -0.0866622924804688 0.00867843627929687 0.05279541015625
-0.0651016235351563 -0.107620239257813 -0.019012451171875 0.0992279052734375
-0.00770568847656251 -0.118370056152344 -0.0376434326171875 0.124519348144531
0.0361328125 -0.102363586425781 -0.0654830932617188 0.106010437011719
0.0854949951171875 -0.049713134765625 -0.079071044921875 0.093048095703125
0.101371765136719 -0.039337158203125 -0.041534423828125 0.0999374389648438
0.122642517089844 -0.0264129638671875 0.0188140869140625 0.150222778320313
0.168197631835937 -0.0342254638671875 0.00553131103515626 -0.0773544311523438
0.129798889160156 -0.0624923706054688 0.123519897460938 -0.0461807250976563
0.116554260253906 -0.08367919921875 0.157516479492188 -0.0751495361328125
0.0701751708984375 -0.109466552734375 0.127326965332031 -0.1236572265625
0.0175247192382813 -0.108795166015625 0.0702056884765625 -0.113189697265625
-0.0392379760742187 -0.1094970703125 0.0249710083007812 -0.0880050659179688
-0.0763702392578125 -0.0828170776367188 0.0130386352539062 -0.040130615234375
-0.0764389038085938 -0.0742263793945312 0.0322818756103516 0.0139961242675781
-0.0888748168945313 -0.0822372436523438 0.0497016906738281 0.0696487426757813
-0.0720596313476563 -0.0991134643554688 0.0188674926757812 0.121696472167969
-0.0236358642578125 -0.11871337890625 -0.00555419921875001 0.143646240234375
0.0166397094726563 -0.1173095703125 -0.0433273315429687 0.120368957519531
0.0827255249023438 -0.080322265625 -0.0574798583984375 0.0963973999023437
0.108222961425781 -0.068084716796875 -0.00662994384765625 0.0840911865234375
0.129554748535156 -0.0477752685546875 0.0705032348632813 0.139869689941406
0.145843505859375 -0.0383758544921875 0.054351806640625 -0.0836868286132813
0.122688293457031 -0.0597915649414062 0.159805297851563 -0.0497894287109375
0.117195129394531 -0.0854263305664062 0.174362182617188 -0.06927490234375
0.0690765380859375 -0.110153198242187 0.1407470703125 -0.10662841796875
0.014892578125 -0.102767944335938 0.0823898315429687 -0.0902633666992187
-0.0333023071289063 -0.0969772338867187 0.0469322204589844 -0.0598335266113281
-0.0585861206054688 -0.0711135864257813 0.0435562133789062 -0.0156211853027344
-0.0586967468261719 -0.0618019104003906 0.0640296936035156 0.0306625366210938
-0.0695457458496094 -0.0670280456542969 0.0839004516601563 0.082794189453125
-0.0627822875976562 -0.0774612426757813 0.0525436401367187 0.1358642578125
-0.029266357421875 -0.101036071777344 0.0218505859375 0.153366088867188
0.00228118896484376 -0.11187744140625 -0.0239181518554687 0.125648498535156
0.07171630859375 -0.0910415649414063 -0.0406265258789063 0.0900344848632813
0.100517272949219 -0.0802841186523438 0.0220146179199219 0.0588836669921875
0.118598937988281 -0.0559158325195313 0.118476867675781 0.123550415039063
0.103469848632813 -0.0399627685546875 0.0849380493164063 -0.092681884765625
0.095123291015625 -0.0539169311523437 0.174758911132812 -0.057342529296875
0.0929641723632813 -0.0790786743164063 0.173065185546875 -0.063873291015625
0.0495452880859375 -0.0940780639648437 0.1407470703125 -0.0870208740234375
0.00348663330078125 -0.0774688720703125 0.0873947143554688 -0.0674667358398438
-0.0255966186523438 -0.0645790100097656 0.0630912780761719 -0.0357780456542969
-0.0329208374023438 -0.0450477600097656 0.0660934448242188 0.00374221801757812
-0.031524658203125 -0.0400047302246094 0.0853652954101563 0.0423965454101563
-0.0388526916503906 -0.0440330505371094 0.105545043945313 0.091033935546875
-0.0390663146972656 -0.0484428405761719 0.072601318359375 0.144943237304688
-0.0214157104492187 -0.070404052734375 0.0371856689453125 0.156356811523438
-0.000747680664062495 -0.087738037109375 -0.0139846801757812 0.124580383300781
0.059967041015625 -0.077880859375 -0.0306243896484375 0.078125
0.08251953125 -0.0690383911132813 0.0424003601074219 0.0342330932617187
0.0903472900390625 -0.0484466552734375 0.156646728515625 0.106246948242187
0.04864501953125 -0.0357017517089844 0.0949935913085937 -0.10748291015625
0.0516891479492188 -0.0475845336914063 0.167999267578125 -0.0698089599609375
0.0488357543945313 -0.0661163330078125 0.156494140625 -0.0608367919921875
0.0151557922363281 -0.0641975402832031 0.133232116699219 -0.0701217651367187
-0.0141563415527344 -0.0368804931640625 0.0874786376953125 -0.0538101196289063
-0.015385627746582 -0.0173749923706055 0.071685791015625 -0.023895263671875
-0.00259876251220703 -0.00998878479003906 0.0769882202148438 0.0122299194335938
8.10623168945319E-05 -0.0115299224853516 0.093658447265625 0.0478057861328125
-0.00161838531494141 -0.0150051116943359 0.109405517578125 0.0969619750976563
-0.00861358642578125 -0.0153293609619141 0.076629638671875 0.149826049804688
-0.00780677795410156 -0.0325851440429688 0.0374603271484375 0.156082153320313
0.00213623046875 -0.0513191223144531 -0.0120849609375 0.120315551757812
0.0438575744628906 -0.0481643676757812 -0.0284538269042969 0.0683135986328125
0.050689697265625 -0.0402679443359375 0.0527877807617188 0.0204353332519531
0.0474433898925781 -0.0285453796386719 0.180862426757813 0.094940185546875
-0.00947952270507813 -0.0234127044677734 0.0828323364257812 -0.125282287597656
0.00397300720214844 -0.0349063873291016 0.142807006835938 -0.0840911865234375
-0.00298309326171875 -0.0465202331542969 0.132919311523438 -0.06207275390625
-0.0239200592041016 -0.0248756408691406 0.122047424316406 -0.0630416870117188
-0.0287227630615234 0.0117759704589844 0.083831787109375 -0.0524826049804688
-0.000555038452148436 0.0345783233642578 0.0713729858398438 -0.0279617309570312
0.02984619140625 0.0258922576904297 0.07366943359375 0.00754547119140625
0.0311164855957031 0.0193748474121094 0.0865631103515625 0.0453872680664063
0.0331649780273438 0.0168972015380859 0.0986557006835938 0.0989990234375
0.0184459686279297 0.0202064514160156 0.065155029296875 0.151321411132812
0.00280618667602539 0.0082240104675293 0.0250701904296875 0.154464721679688
0.000709533691406251 -0.01123046875 -0.0196304321289062 0.119964599609375
0.0200214385986328 -0.0118751525878906 -0.0360145568847656 0.0672950744628906
0.00768327713012695 -0.00619840621948242 0.0481224060058594 0.0203819274902344
-0.00667667388916016 -0.00518465042114258 0.184600830078125 0.0897369384765625
0.10260009765625 -0.0015716552734375 -0.148773193359375 -0.0747833251953125
0.037872314453125 -0.0373954772949219 -0.0200920104980469 -0.04046630859375
0.0188140869140625 -0.0337409973144531 0.0597763061523438 -0.0761642456054687
0.00675582885742188 -0.0430450439453125 0.0476760864257813 -0.133987426757812
-0.0133552551269531 -0.0465240478515625 0.00558471679687498 -0.146530151367188
-0.0497856140136719 -0.0493011474609375 -0.054962158203125 -0.140045166015625
-0.0753402709960938 -0.0351409912109375 -0.0871734619140625 -0.094268798828125
-0.0687599182128906 -0.03704833984375 -0.0681495666503906 -0.0389633178710938
-0.0706329345703125 -0.0543212890625 -0.0568199157714844 0.0115699768066406
-0.0351028442382813 -0.0748443603515625 -0.070343017578125 0.0466842651367187
0.0147438049316406 -0.0693893432617188 -0.0792388916015625 0.0765914916992188
0.0453224182128906 -0.0380096435546875 -0.0995559692382813 0.0712432861328125
0.0518455505371094 0.0122756958007813 -0.131362915039063 0.0688018798828125
0.0513954162597656 0.0189666748046875 -0.122810363769531 0.0941696166992187
0.0739364624023438 0.0247573852539063 -0.069366455078125 0.130645751953125
0.146209716796875 -0.0171966552734375 -0.102676391601562 -0.0783843994140625
0.0806427001953125 -0.0560150146484375 0.0242691040039063 -0.04974365234375
0.0558395385742188 -0.0593452453613281 0.0913619995117188 -0.0834503173828125
0.0284347534179687 -0.0733718872070313 0.0747833251953125 -0.138511657714844
-0.0045623779296875 -0.0750808715820313 0.0300140380859375 -0.143173217773438
-0.0548248291015625 -0.07928466796875 -0.0250778198242188 -0.13250732421875
-0.0887985229492187 -0.0606689453125 -0.0527191162109375 -0.0849838256835938
-0.0845260620117187 -0.059356689453125 -0.0341434478759766 -0.0264148712158203
-0.0913619995117188 -0.0764236450195312 -0.0215015411376953 0.0289955139160156
-0.0554885864257813 -0.102127075195313 -0.0430526733398437 0.0724029541015625
0.00684356689453125 -0.107414245605469 -0.056854248046875 0.102684020996094
0.0514068603515625 -0.0797958374023438 -0.0816879272460937 0.0902938842773438
0.0842208862304688 -0.0185928344726563 -0.102439880371094 0.0841293334960937
0.0911026000976562 -0.00760650634765625 -0.0802688598632813 0.101432800292969
0.111518859863281 0.00225830078125 -0.0233612060546875 0.144119262695313
0.170974731445312 -0.0271759033203125 -0.0456008911132812 -0.0809860229492188
0.114494323730469 -0.0630950927734375 0.0786361694335938 -0.0538482666015625
0.09197998046875 -0.0764083862304688 0.128883361816406 -0.0863494873046875
0.0522689819335937 -0.0970611572265625 0.105514526367188 -0.138679504394531
0.00794219970703124 -0.0975799560546875 0.0551376342773438 -0.1348876953125
-0.0505447387695313 -0.101646423339844 0.00525665283203125 -0.117401123046875
-0.089141845703125 -0.0777587890625 -0.0153770446777344 -0.0680427551269531
-0.08721923828125 -0.0717849731445313 0.00450992584228515 -0.0102672576904297
-0.0990447998046875 -0.0857696533203125 0.0208702087402344 0.0482254028320312
-0.0706634521484375 -0.109893798828125 -0.00559234619140626 0.100173950195313
-0.00920104980468751 -0.12445068359375 -0.02520751953125 0.128555297851562
0.03839111328125 -0.109451293945313 -0.0581283569335938 0.11065673828125
0.0942306518554688 -0.0537033081054687 -0.0750885009765625 0.0969161987304688
0.111732482910156 -0.0388641357421875 -0.037567138671875 0.0982437133789063
0.131965637207031 -0.0236434936523438 0.0301513671875 0.1458740234375
0.170440673828125 -0.0324859619140625 0.0136642456054688 -0.0830917358398438
0.130172729492188 -0.0606002807617188 0.13031005859375 -0.0551071166992188
0.115867614746094 -0.0842056274414063 0.1622314453125 -0.0838623046875
0.0688705444335938 -0.110435485839844 0.132064819335938 -0.130165100097656
0.01629638671875 -0.107177734375 0.0745620727539063 -0.118919372558594
-0.0413970947265625 -0.108772277832031 0.0316238403320313 -0.0940628051757813
-0.0765533447265625 -0.0829544067382813 0.0211868286132812 -0.0455894470214844
-0.0762939453125 -0.0733489990234375 0.0422897338867187 0.00797271728515624
-0.0904083251953125 -0.0816497802734375 0.0627212524414062 0.0640144348144531
-0.0727615356445313 -0.100234985351562 0.0343551635742188 0.121482849121094
-0.0228500366210937 -0.121429443359375 0.00769042968749999 0.146026611328125
0.0189590454101563 -0.119606018066406 -0.033966064453125 0.124382019042969
0.0888595581054688 -0.08087158203125 -0.0517807006835937 0.0998001098632813
0.114006042480469 -0.0659255981445313 -0.000350952148437491 0.0822906494140625
0.134239196777344 -0.04278564453125 0.0836334228515625 0.137771606445313
0.14404296875 -0.033966064453125 0.062835693359375 -0.0870132446289062
0.120872497558594 -0.0540313720703125 0.168075561523438 -0.0567169189453125
0.115829467773438 -0.0821151733398438 0.180404663085938 -0.0766448974609375
0.0700759887695313 -0.107757568359375 0.146377563476563 -0.113845825195313
0.0174942016601563 -0.0995712280273438 0.0864181518554687 -0.0961685180664062
-0.03076171875 -0.096221923828125 0.0527000427246094 -0.0664939880371094
-0.0551223754882813 -0.0716476440429688 0.0506706237792969 -0.0211868286132813
-0.0544013977050781 -0.062835693359375 0.07257080078125 0.024932861328125
-0.0658226013183594 -0.0676841735839844 0.0958709716796875 0.0760116577148438
-0.0585784912109375 -0.0775070190429688 0.0673294067382812 0.134735107421875
-0.0250244140625 -0.100303649902344 0.035491943359375 0.154708862304688
0.00576782226562499 -0.109375 -0.0140228271484375 0.129501342773438
0.07464599609375 -0.0877304077148438 -0.033935546875 0.093353271484375
0.101654052734375 -0.0753097534179688 0.028717041015625 0.0576019287109375
0.117935180664063 -0.0494003295898438 0.132575988769531 0.122184753417969
0.0977020263671875 -0.0336074829101562 0.0928268432617188 -0.0925369262695313
0.0904083251953125 -0.0461044311523438 0.1837158203125 -0.0609893798828125
0.0898513793945313 -0.0723724365234375 0.180252075195313 -0.0700531005859375
0.0510025024414063 -0.0884017944335938 0.147109985351563 -0.09423828125
0.008331298828125 -0.0719757080078125 0.0902175903320313 -0.0733642578125
-0.0187797546386719 -0.0633583068847656 0.06695556640625 -0.0420074462890625
-0.0256538391113281 -0.0471649169921875 0.0710601806640625 -0.000869750976562503
-0.0237045288085937 -0.0410575866699219 0.092315673828125 0.0372467041015625
-0.0302886962890625 -0.0458717346191406 0.114852905273438 0.08599853515625
-0.0307083129882812 -0.0481185913085938 0.085235595703125 0.142990112304688
-0.0141983032226562 -0.0667076110839844 0.048736572265625 0.156463623046875
0.00301361083984375 -0.0814895629882813 -0.00480651855468751 0.126541137695313
0.0593948364257812 -0.0708465576171875 -0.0245590209960937 0.0811920166015625
0.078155517578125 -0.0607986450195313 0.0486640930175781 0.0347518920898438
0.0850067138671875 -0.0408859252929688 0.170150756835938 0.107620239257813
0.0389900207519531 -0.0297622680664062 0.100318908691406 -0.104698181152344
0.0445137023925781 -0.0388107299804688 0.1756591796875 -0.0702972412109375
0.0434036254882812 -0.0575599670410156 0.163162231445313 -0.0664215087890625
0.0154609680175781 -0.055328369140625 0.137969970703125 -0.0771636962890625
-0.00773239135742187 -0.0292377471923828 0.0880889892578125 -0.0593490600585938
-0.00551891326904297 -0.0149631500244141 0.072265625 -0.0286331176757812
0.00834465026855469 -0.0126676559448242 0.0787506103515625 0.0101089477539062
0.010798454284668 -0.0133190155029297 0.0967483520507812 0.0448379516601562
0.00909900665283203 -0.0173521041870117 0.115745544433594 0.0930328369140625
0.00301074981689453 -0.0146551132202148 0.086212158203125 0.148178100585938
0.00142860412597656 -0.0259151458740234 0.0463409423828125 0.15557861328125
0.00595474243164063 -0.042144775390625 -0.00568389892578124 0.123077392578125
0.0411605834960938 -0.0382919311523438 -0.024139404296875 0.0724258422851563
0.0431556701660156 -0.0306053161621094 0.0575218200683594 0.0229454040527344
0.0381507873535156 -0.0206222534179688 0.190048217773438 0.0980072021484375
-0.0213127136230469 -0.0190238952636719 0.08514404296875 -0.120147705078125
-0.00612640380859375 -0.0278587341308594 0.14898681640625 -0.082305908203125
-0.01153564453125 -0.0370025634765625 0.1385498046875 -0.066162109375
-0.024505615234375 -0.0145244598388672 0.124977111816406 -0.0697555541992187
-0.0228977203369141 0.0211524963378906 0.0817337036132813 -0.058563232421875
0.0109214782714844 0.0378570556640625 0.06842041015625 -0.0313453674316406
0.041839599609375 0.0237274169921875 0.0718536376953125 0.00775909423828125
0.0428733825683594 0.0167007446289063 0.0855484008789062 0.0451736450195312
0.0459671020507813 0.0135536193847656 0.100479125976563 0.097686767578125
0.0312232971191406 0.0201892852783203 0.0709991455078125 0.150741577148438
0.0125246047973633 0.0150880813598633 0.0311431884765625 0.154342651367188
0.00573396682739258 -0.00130510330200195 -0.0155029296875 0.122207641601563
0.0170412063598633 -0.00188827514648438 -0.034423828125 0.0714187622070313
-0.000478744506835938 0.00375723838806152 0.0493965148925781 0.0253448486328125
-0.0174674987792969 0.00263786315917969 0.190185546875 0.0940093994140625
0.118522644042969 -0.012725830078125 -0.156402587890625 -0.0853271484375
0.0428314208984375 -0.0503883361816406 -0.0230369567871094 -0.0504150390625
0.0178070068359375 -0.046356201171875 0.0594100952148438 -0.083953857421875
-0.000606536865234377 -0.0532646179199219 0.0465850830078125 -0.140914916992188
-0.0234565734863281 -0.0516242980957031 0.0062713623046875 -0.151840209960937
-0.0652694702148437 -0.0487899780273438 -0.055908203125 -0.146133422851563
-0.0890731811523438 -0.02978515625 -0.0869064331054688 -0.09857177734375
-0.081939697265625 -0.0335922241210938 -0.0659866333007813 -0.0439453125
-0.086669921875 -0.051788330078125 -0.0522270202636719 0.00868606567382813
-0.049224853515625 -0.0800247192382813 -0.0651512145996094 0.049591064453125
0.00662994384765624 -0.0818405151367188 -0.0759811401367188 0.0836181640625
0.0455436706542969 -0.0517692565917969 -0.101219177246094 0.078155517578125
0.063812255859375 0.00241851806640625 -0.138198852539063 0.0748138427734375
0.0674247741699219 0.0119972229003906 -0.131858825683594 0.0957412719726563
0.0914154052734375 0.0212631225585937 -0.0710067749023438 0.129379272460938
0.161056518554688 -0.0243988037109375 -0.103805541992187 -0.0911026000976563
0.0864944458007813 -0.0660781860351563 0.0266151428222656 -0.0614700317382813
0.0565834045410156 -0.0693092346191406 0.0943756103515625 -0.0929794311523438
0.022857666015625 -0.0821914672851563 0.0772857666015625 -0.147216796875
-0.0123519897460938 -0.0804824829101563 0.03424072265625 -0.151138305664063
-0.06793212890625 -0.0801544189453125 -0.0221405029296875 -0.141387939453125
-0.100906372070313 -0.057464599609375 -0.0489273071289063 -0.0929489135742188
-0.0954132080078125 -0.058563232421875 -0.0284137725830078 -0.033660888671875
-0.105216979980469 -0.075531005859375 -0.0130634307861328 0.0248203277587891
-0.06744384765625 -0.1085205078125 -0.0330352783203125 0.0746307373046875
0.000587463378906263 -0.119697570800781 -0.04827880859375 0.108894348144531
0.0530929565429687 -0.0934295654296875 -0.078765869140625 0.0969696044921875
0.097869873046875 -0.0282821655273438 -0.105209350585938 0.0906829833984375
0.108299255371094 -0.0124893188476563 -0.0827102661132812 0.102592468261719
0.129737854003906 0.00116729736328125 -0.01837158203125 0.142486572265625
0.184463500976563 -0.0302734375 -0.0407485961914062 -0.0936660766601562
0.120460510253906 -0.0681076049804687 0.0853424072265625 -0.06689453125
0.0946197509765625 -0.0830764770507813 0.135528564453125 -0.0975723266601562
0.0503921508789063 -0.104270935058594 0.111831665039063 -0.149459838867187
0.00342559814453125 -0.101051330566406 0.06109619140625 -0.144775390625
-0.0588607788085937 -0.102943420410156 0.0110549926757812 -0.128013610839844
-0.0968475341796875 -0.0777435302734375 -0.00872039794921876 -0.0781478881835938
-0.0945205688476563 -0.0729217529296875 0.0134849548339844 -0.0182876586914063
-0.108871459960938 -0.08740234375 0.0331916809082031 0.0418968200683594
-0.0788726806640625 -0.116714477539063 0.00812530517578124 0.101020812988281
-0.0125274658203125 -0.13641357421875 -0.0125579833984375 0.134254455566406
0.04205322265625 -0.121139526367188 -0.05206298828125 0.117233276367187
0.107879638671875 -0.0613632202148438 -0.0734939575195313 0.10247802734375
0.127166748046875 -0.0426864624023438 -0.0348587036132812 0.0990219116210938
0.147735595703125 -0.0218505859375 0.0414886474609375 0.144851684570313
0.179473876953125 -0.030120849609375 0.0230865478515625 -0.0949172973632813
0.135635375976563 -0.0597610473632813 0.141937255859375 -0.0672760009765625
0.12017822265625 -0.087432861328125 0.171524047851562 -0.0951080322265625
0.071075439453125 -0.114517211914063 0.140792846679688 -0.143295288085938
0.017364501953125 -0.110580444335937 0.08349609375 -0.129325866699219
-0.0451278686523437 -0.111488342285156 0.0395660400390625 -0.106056213378906
-0.0790863037109375 -0.0855026245117188 0.0289421081542969 -0.0549964904785156
-0.07940673828125 -0.07598876953125 0.0524368286132812 -0.00082778930664063
-0.0953750610351563 -0.08551025390625 0.0777053833007813 0.0574798583984375
-0.0764694213867188 -0.105667114257812 0.0507659912109375 0.120819091796875
-0.0223464965820313 -0.12957763671875 0.02227783203125 0.151412963867187
0.0237274169921875 -0.127830505371094 -0.0242843627929688 0.129989624023438
0.0992202758789063 -0.0840225219726563 -0.0457839965820312 0.104637145996094
0.125289916992187 -0.066375732421875 0.00655364990234375 0.0817794799804688
0.145355224609375 -0.0382537841796875 0.0997695922851563 0.136894226074219
0.148574829101563 -0.0284271240234375 0.0755233764648438 -0.0945816040039063
0.124305725097656 -0.0484466552734375 0.182373046875 -0.0661773681640625
0.120002746582031 -0.0796051025390625 0.19305419921875 -0.0876922607421875
0.0753173828125 -0.108139038085937 0.157318115234375 -0.125900268554688
0.0225143432617188 -0.100379943847656 0.0942840576171875 -0.106582641601563
-0.0281448364257813 -0.0995941162109375 0.0604095458984375 -0.0775146484375
-0.0524215698242187 -0.076507568359375 0.0598793029785156 -0.02935791015625
-0.0510292053222656 -0.0672264099121094 0.083099365234375 0.0178070068359375
-0.0639724731445312 -0.072235107421875 0.110260009765625 0.0705337524414063
-0.0560379028320313 -0.0824966430664063 0.0842819213867188 0.134597778320312
-0.020355224609375 -0.10345458984375 0.0507965087890625 0.157684326171875
0.010040283203125 -0.111640930175781 -0.00379180908203125 0.134178161621094
0.0815505981445313 -0.0860443115234375 -0.027099609375 0.0977706909179688
0.107147216796875 -0.0707855224609375 0.0376663208007813 0.0572853088378906
0.122726440429688 -0.0429229736328125 0.151565551757813 0.123092651367188
0.0959548950195313 -0.025482177734375 0.105987548828125 -0.0967788696289063
0.0908203125 -0.0370330810546875 0.19952392578125 -0.0673065185546875
0.09234619140625 -0.065216064453125 0.1932373046875 -0.0787200927734375
0.0565185546875 -0.084564208984375 0.157455444335937 -0.105331420898438
0.0163536071777344 -0.0700607299804688 0.0965957641601563 -0.0819931030273438
-0.0114173889160156 -0.0653953552246094 0.0720291137695313 -0.050445556640625
-0.0181961059570312 -0.0532417297363281 0.0785980224609375 -0.0062408447265625
-0.015472412109375 -0.04681396484375 0.100944519042969 0.0328445434570313
-0.0227546691894531 -0.0512161254882813 0.127677917480469 0.0812911987304688
-0.0218162536621094 -0.051239013671875 0.10089111328125 0.142990112304687
-0.00567245483398438 -0.0656166076660156 0.0622711181640625 0.159408569335938
0.0101242065429687 -0.0780258178710938 0.00399780273437501 0.131278991699219
0.063079833984375 -0.0644760131835938 -0.0179977416992188 0.0856170654296875
0.078125 -0.0525741577148438 0.0577621459960938 0.0352249145507813
0.0838165283203125 -0.0316085815429688 0.189910888671875 0.1107177734375
0.0318336486816406 -0.0206127166748047 0.111465454101562 -0.105674743652344
0.0398139953613281 -0.0283546447753906 0.190765380859375 -0.0733795166015625
0.0415458679199219 -0.0484886169433594 0.175796508789063 -0.073638916015625
0.01959228515625 -0.0474205017089844 0.146926879882813 -0.0882568359375
0.0011138916015625 -0.0222339630126953 0.0910568237304687 -0.0666732788085938
0.00619316101074219 -0.015019416809082 0.07440185546875 -0.0349884033203125
0.0198802947998047 -0.0184993743896484 0.0831298828125 0.00750732421875
0.0227737426757813 -0.0192794799804688 0.102668762207031 0.0434951782226562
0.0219936370849609 -0.0235958099365234 0.124855041503906 0.09173583984375
0.0155067443847656 -0.0170679092407227 0.0990447998046875 0.148910522460938
0.0132045745849609 -0.0223560333251953 0.0564727783203125 0.158905029296875
0.0139236450195313 -0.0344734191894531 0.00137329101562501 0.128303527832031
0.0423507690429688 -0.0275497436523438 -0.0198822021484375 0.0774154663085938
0.0386734008789063 -0.0184783935546875 0.0640716552734375 0.0257606506347656
0.0307693481445313 -0.0101222991943359 0.20849609375 0.103683471679688
-0.0334815979003906 -0.0127506256103516 0.0921249389648438 -0.117500305175781
-0.014617919921875 -0.0189762115478516 0.160980224609375 -0.0835418701171875
-0.0181732177734375 -0.0259113311767578 0.148635864257813 -0.0729217529296875
-0.0242252349853516 -0.00265312194824219 0.130950927734375 -0.0799331665039063
-0.0151557922363281 0.0308456420898438 0.0809249877929688 -0.0644149780273438
0.024505615234375 0.0413703918457031 0.0661544799804688 -0.0345344543457031
0.0562744140625 0.0191993713378906 0.0714950561523438 0.0081634521484375
0.0564842224121094 0.0119209289550781 0.08734130859375 0.04693603515625
0.0608711242675781 0.007659912109375 0.105628967285156 0.0989456176757813
0.0468215942382813 0.0183830261230469 0.07904052734375 0.152801513671875
0.0261878967285156 0.0207405090332031 0.0372467041015625 0.157913208007812
0.0134172439575195 0.00814628601074219 -0.0115509033203125 0.128189086914063
0.0168781280517578 0.0106754302978516 -0.0327835083007812 0.078277587890625
-0.00821495056152344 0.0187664031982422 0.0538444519042969 0.0310783386230469
-0.0289077758789063 0.0132598876953125 0.204193115234375 0.103347778320313
0.137710571289063 -0.0300521850585938 -0.172470092773438 -0.096771240234375
0.0459213256835938 -0.0691604614257813 -0.0291481018066406 -0.0616798400878906
0.0131683349609375 -0.0624961853027344 0.0576248168945312 -0.094818115234375
-0.0134048461914063 -0.0647659301757813 0.043792724609375 -0.152481079101563
-0.0387725830078125 -0.0565338134765625 0.00280761718750001 -0.161849975585938
-0.0851821899414063 -0.0438156127929687 -0.0610809326171875 -0.155105590820313
-0.10601806640625 -0.0204620361328125 -0.0924606323242187 -0.104904174804688
-0.0978775024414063 -0.0265655517578125 -0.0674285888671875 -0.049957275390625
-0.106521606445312 -0.0449066162109375 -0.0491943359375 0.00484085083007813
-0.0694580078125 -0.0822982788085938 -0.0598564147949219 0.0532684326171875
-0.00639343261718751 -0.0957260131835937 -0.0699310302734375 0.09210205078125
0.0421180725097656 -0.069580078125 -0.103103637695313 0.0896377563476562
0.076141357421875 -0.0141677856445313 -0.146408081054688 0.086883544921875
0.0864028930664062 -0.00194549560546875 -0.14202880859375 0.103836059570312
0.114334106445313 0.0118331909179688 -0.07373046875 0.132133483886719
0.18157958984375 -0.0394439697265625 -0.11199951171875 -0.107002258300781
0.0912933349609375 -0.0822982788085938 0.0260009765625 -0.0780105590820313
0.0539169311523438 -0.084869384765625 0.09637451171875 -0.10797119140625
0.0131301879882813 -0.0941543579101563 0.0787811279296875 -0.16314697265625
-0.0252151489257812 -0.0854873657226563 0.0350189208984375 -0.165374755859375
-0.084991455078125 -0.078094482421875 -0.0236968994140625 -0.155075073242188
-0.116828918457031 -0.0514068603515625 -0.0489959716796875 -0.103752136230469
-0.11077880859375 -0.0534820556640625 -0.0244407653808594 -0.0433845520019531
-0.124900817871094 -0.0721664428710938 -0.00417900085449219 0.017054557800293
-0.0872116088867187 -0.113449096679688 -0.0218734741210938 0.0765914916992188
-0.0113449096679688 -0.135826110839844 -0.0371017456054688 0.116813659667969
0.0521697998046875 -0.11328125 -0.0743560791015625 0.107040405273438
0.113265991210938 -0.0444259643554688 -0.106658935546875 0.100692749023437
0.129638671875 -0.0253524780273438 -0.085693359375 0.108367919921875
0.154525756835938 -0.0064697265625 -0.0117645263671875 0.142623901367188
0.203628540039063 -0.039642333984375 -0.040435791015625 -0.113067626953125
0.127822875976563 -0.0798721313476563 0.0913925170898438 -0.0863418579101563
0.0958328247070313 -0.0951766967773438 0.14227294921875 -0.115280151367187
0.0450668334960938 -0.115478515625 0.117324829101563 -0.168716430664063
-0.00400543212890626 -0.107536315917969 0.06512451171875 -0.161666870117188
-0.0717697143554688 -0.105438232421875 0.0142059326171875 -0.145355224609375
-0.108772277832031 -0.0758438110351563 -0.0042572021484375 -0.092193603515625
-0.10693359375 -0.0718154907226563 0.0212039947509766 -0.0317420959472656
-0.125152587890625 -0.0877304077148438 0.0472335815429687 0.0314865112304687
-0.0948867797851562 -0.12274169921875 0.0252227783203125 0.100082397460938
-0.0219268798828125 -0.151336669921875 0.00392150878906248 0.1402587890625
0.0417022705078125 -0.13995361328125 -0.0424041748046875 0.126869201660156
0.123275756835938 -0.0760269165039063 -0.0689544677734375 0.112602233886719
0.146835327148438 -0.052764892578125 -0.030792236328125 0.100654602050781
0.169876098632813 -0.0258026123046875 0.056976318359375 0.143096923828125
0.195114135742188 -0.0323333740234375 0.0307235717773438 -0.112464904785156
0.144210815429687 -0.065093994140625 0.154586791992188 -0.0872802734375
0.125381469726563 -0.0945281982421875 0.183883666992188 -0.113540649414063
0.0721282958984375 -0.1236572265625 0.150161743164063 -0.164230346679688
0.0149993896484375 -0.116470336914062 0.08837890625 -0.147994995117188
-0.0505599975585938 -0.116432189941406 0.0447616577148438 -0.123214721679688
-0.0871963500976563 -0.0886001586914063 0.0364303588867188 -0.0706100463867188
-0.0861129760742188 -0.0799331665039062 0.063079833984375 -0.0144386291503906
-0.104164123535156 -0.089080810546875 0.0943374633789063 0.0453109741210937
-0.085662841796875 -0.113273620605469 0.0726470947265625 0.118797302246094
-0.02716064453125 -0.1416015625 0.042755126953125 0.154678344726563
0.0250091552734375 -0.140403747558594 -0.0109405517578125 0.13818359375
0.111923217773438 -0.0951156616210937 -0.0380477905273437 0.112457275390625
0.140388488769531 -0.0718612670898438 0.01580810546875 0.08123779296875
0.162628173828125 -0.038848876953125 0.124855041503906 0.1348876953125
0.158157348632813 -0.02447509765625 0.08843994140625 -0.110862731933594
0.132148742675781 -0.0456619262695313 0.201004028320313 -0.0851898193359375
0.1279296875 -0.0807342529296875 0.208023071289062 -0.10638427734375
0.0811080932617188 -0.113204956054688 0.168136596679688 -0.147415161132813
0.0270309448242187 -0.105278015136719 0.100852966308594 -0.123939514160156
-0.026885986328125 -0.1055908203125 0.0668182373046875 -0.0934295654296875
-0.0530319213867187 -0.0841751098632813 0.0684051513671875 -0.0427627563476563
-0.0517807006835938 -0.073486328125 0.095306396484375 0.00531005859375
-0.0654144287109375 -0.0798263549804688 0.1285400390625 0.0590133666992187
-0.0562667846679688 -0.0893936157226562 0.107421875 0.131080627441406
-0.0185089111328125 -0.111167907714844 0.071807861328125 0.160507202148438
0.014892578125 -0.118621826171875 0.0113677978515625 0.139717102050781
0.0910415649414063 -0.0900955200195313 -0.0166397094726563 0.103599548339844
0.116386413574219 -0.0712966918945313 0.0497894287109375 0.0544700622558594
0.133468627929688 -0.0389175415039063 0.179763793945313 0.121170043945312
0.0972747802734375 -0.0161972045898438 0.122306823730469 -0.109390258789063
0.0943756103515625 -0.0289535522460937 0.221023559570313 -0.08349609375
0.0987625122070313 -0.06024169921875 0.209716796875 -0.096649169921875
0.0651092529296875 -0.0834579467773438 0.16943359375 -0.126235961914063
0.0252304077148438 -0.07061767578125 0.102951049804688 -0.09735107421875
-0.0034637451171875 -0.07147216796875 0.0780029296875 -0.0632781982421875
-0.011993408203125 -0.0631980895996094 0.087188720703125 -0.0160903930664063
-0.008819580078125 -0.0563621520996094 0.111862182617188 0.023773193359375
-0.0162467956542969 -0.0618896484375 0.144790649414062 0.0727386474609375
-0.0138626098632813 -0.0579948425292969 0.123588562011719 0.139701843261719
0.0033111572265625 -0.0690383911132813 0.0814971923828125 0.161178588867188
0.0180587768554687 -0.0776443481445313 0.018798828125 0.137535095214844
0.0698356628417969 -0.0596122741699219 -0.00827026367187499 0.0912246704101563
0.0813827514648438 -0.0445632934570313 0.0716171264648438 0.0329208374023438
0.0860748291015625 -0.0217437744140625 0.219329833984375 0.109619140625
0.0245552062988281 -0.00957870483398438 0.127174377441406 -0.112533569335937
0.0371818542480469 -0.0167922973632813 0.21124267578125 -0.084808349609375
0.0432357788085938 -0.0369491577148438 0.191513061523438 -0.0890960693359375
0.0268363952636719 -0.0400733947753906 0.156417846679688 -0.106430053710938
0.0126972198486328 -0.0189743041992188 0.0941696166992188 -0.0790328979492188
0.0194835662841797 -0.0183238983154297 0.0774993896484375 -0.0434036254882812
0.0319156646728516 -0.0297050476074219 0.0899581909179687 0.00276947021484375
0.0342216491699219 -0.0299263000488281 0.111335754394531 0.0385055541992187
0.0350875854492188 -0.0351905822753906 0.138778686523438 0.0870285034179688
0.0304641723632812 -0.0241718292236328 0.116561889648438 0.148040771484375
0.0282878875732422 -0.0222396850585938 0.0718841552734375 0.161117553710937
0.0246753692626953 -0.0291347503662109 0.0127716064453125 0.134750366210938
0.0471992492675781 -0.016448974609375 -0.0118408203125 0.08367919921875
0.0377273559570313 -0.00362396240234375 0.0765609741210938 0.027099609375
0.0262737274169922 0.00362205505371094 0.237350463867188 0.105926513671875
-0.0467910766601563 -0.000423431396484365 0.102020263671875 -0.121490478515625
-0.0242824554443359 -0.00584983825683594 0.176849365234375 -0.0917816162109375
-0.0230598449707031 -0.0110225677490234 0.1617431640625 -0.0869140625
-0.0199527740478516 0.0115833282470703 0.137466430664063 -0.0958786010742188
-0.00333023071289062 0.0399398803710938 0.0799560546875 -0.0744781494140625
0.0428733825683594 0.0416793823242187 0.0644340515136719 -0.0387039184570312
0.0728607177734375 0.0103683471679688 0.0735702514648438 0.0083770751953125
0.0724945068359375 0.00177764892578125 0.093231201171875 0.0479507446289063
0.0780715942382813 -0.004150390625 0.115043640136719 0.100830078125
0.0654067993164063 0.0118865966796875 0.091400146484375 0.15643310546875
0.044097900390625 0.0233383178710938 0.04766845703125 0.16375732421875
0.0264682769775391 0.0170421600341797 -0.00342559814453126 0.136871337890625
0.0200386047363281 0.0258827209472656 -0.028076171875 0.0880050659179688
-0.0116500854492188 0.0381240844726562 0.0635986328125 0.0373077392578125
-0.0392990112304688 0.0303268432617188 0.228530883789062 0.10919189453125
0.153961181640625 -0.0600128173828125 -0.196502685546875 -0.102279663085937
0.0421676635742188 -0.0929183959960938 -0.04278564453125 -0.07305908203125
0.000862121582031245 -0.0801544189453125 0.0507659912109375 -0.108543395996094
-0.0338973999023438 -0.0741043090820313 0.0338287353515625 -0.164825439453125
-0.0587310791015625 -0.0560684204101563 -0.00624084472656252 -0.173690795898438
-0.107475280761719 -0.0298080444335938 -0.072723388671875 -0.163497924804688
-0.123329162597656 -0.00185394287109373 -0.101898193359375 -0.109748840332031
-0.115386962890625 -0.0103073120117187 -0.0723114013671875 -0.05548095703125
-0.129104614257813 -0.0282363891601562 -0.0472755432128906 0.000991821289062505
-0.0953445434570312 -0.0775299072265625 -0.0525054931640625 0.0564956665039063
-0.0282211303710938 -0.107147216796875 -0.059600830078125 0.101066589355469
0.031097412109375 -0.089874267578125 -0.100730895996094 0.10308837890625
0.0843048095703125 -0.038360595703125 -0.151412963867187 0.105361938476563
0.102890014648437 -0.0244827270507812 -0.151016235351562 0.119171142578125
0.139022827148438 -0.00921630859375 -0.0743408203125 0.137733459472656
0.200546264648438 -0.066131591796875 -0.127723693847656 -0.122711181640625
0.0912933349609375 -0.105628967285156 0.0187759399414063 -0.0973968505859375
0.0452804565429688 -0.103446960449219 0.0931396484375 -0.128089904785156
-0.00434112548828126 -0.105560302734375 0.0724029541015625 -0.181915283203125
-0.0430068969726563 -0.087738037109375 0.0296173095703125 -0.182464599609375
-0.106422424316406 -0.0679244995117187 -0.0307464599609375 -0.170211791992187
-0.134231567382813 -0.0364990234375 -0.0540924072265625 -0.11578369140625
-0.12847900390625 -0.0416336059570312 -0.0244064331054688 -0.0559501647949219
-0.147720336914063 -0.060089111328125 0.00356721878051757 0.00564527511596679
-0.113021850585938 -0.112022399902344 -0.00668334960937501 0.074005126953125
-0.032470703125 -0.1507568359375 -0.019805908203125 0.121475219726562
0.042449951171875 -0.137290954589844 -0.06475830078125 0.118019104003906
0.124671936035156 -0.0710372924804688 -0.103660583496094 0.116188049316406
0.149642944335938 -0.0494232177734375 -0.0859451293945313 0.116180419921875
0.1815185546875 -0.0256500244140625 -0.0016937255859375 0.141311645507813
0.222885131835938 -0.0596466064453125 -0.0474853515625 -0.135276794433594
0.132164001464844 -0.0984115600585937 0.091583251953125 -0.113563537597656
0.092926025390625 -0.112442016601563 0.14385986328125 -0.141036987304688
0.0343017578125 -0.127738952636719 0.114898681640625 -0.194976806640625
-0.0167770385742188 -0.111984252929688 0.06219482421875 -0.18402099609375
-0.0893402099609375 -0.101081848144531 0.00994873046875 -0.16632080078125
-0.125030517578125 -0.06829833984375 -0.00462341308593751 -0.110404968261719
-0.121894836425781 -0.0660781860351562 0.0254936218261719 -0.0490608215332031
-0.14398193359375 -0.080902099609375 0.0596809387207031 0.0145950317382812
-0.1168212890625 -0.124458312988281 0.0468902587890625 0.0934829711914063
-0.0398712158203125 -0.165740966796875 0.0267333984375 0.140945434570313
0.03375244140625 -0.162353515625 -0.0257186889648437 0.133567810058594
0.134040832519531 -0.1002197265625 -0.059814453125 0.123046875
0.166412353515625 -0.07440185546875 -0.0236053466796875 0.102134704589844
0.195327758789063 -0.041473388671875 0.0781478881835938 0.13604736328125
0.21356201171875 -0.0436859130859375 0.03350830078125 -0.13946533203125
0.15228271484375 -0.076446533203125 0.163162231445313 -0.119155883789063
0.128135681152344 -0.107612609863281 0.190521240234375 -0.143142700195312
0.0687942504882812 -0.136367797851562 0.151641845703125 -0.194717407226563
0.0105667114257812 -0.123893737792969 0.0879669189453125 -0.172470092773438
-0.0621566772460937 -0.118583679199219 0.043731689453125 -0.146759033203125
-0.0973587036132812 -0.0892486572265625 0.0401382446289063 -0.0915985107421875
-0.0954971313476563 -0.0798110961914062 0.070953369140625 -0.034271240234375
-0.1177978515625 -0.0894546508789063 0.111236572265625 0.0255355834960937
-0.0997314453125 -0.116935729980469 0.0984115600585938 0.107795715332031
-0.037506103515625 -0.154220581054688 0.070281982421875 0.15191650390625
0.020965576171875 -0.158309936523438 0.00907897949218749 0.141403198242188
0.121757507324219 -0.112709045410156 -0.0225753784179688 0.119415283203125
0.156280517578125 -0.0866241455078125 0.028656005859375 0.0770111083984375
0.182586669921875 -0.047607421875 0.153640747070313 0.12249755859375
0.170761108398437 -0.025115966796875 0.0989227294921875 -0.1375732421875
0.14190673828125 -0.048248291015625 0.215927124023438 -0.117813110351563
0.136222839355469 -0.0869827270507813 0.219207763671875 -0.137191772460938
0.0855560302734375 -0.122978210449219 0.172821044921875 -0.17987060546875
0.0291366577148438 -0.113510131835938 0.101974487304688 -0.148117065429688
-0.030670166015625 -0.113555908203125 0.067779541015625 -0.115348815917969
-0.0576019287109375 -0.091949462890625 0.0747299194335938 -0.0630722045898438
-0.05523681640625 -0.0813827514648438 0.1055908203125 -0.0143051147460938
-0.0715484619140625 -0.0878829956054688 0.147552490234375 0.0387420654296875
-0.0606842041015625 -0.0969009399414062 0.135215759277344 0.117332458496094
-0.019866943359375 -0.121421813964844 0.0998382568359375 0.154556274414063
0.0171127319335938 -0.129013061523438 0.0335845947265625 0.14166259765625
0.100364685058594 -0.0986404418945313 -0.000442504882812495 0.107261657714844
0.127540588378906 -0.074951171875 0.0651092529296875 0.0465049743652344
0.146194458007813 -0.038665771484375 0.214553833007813 0.1065673828125
0.102752685546875 -0.00848388671875 0.136978149414063 -0.132164001464844
0.100776672363281 -0.0214767456054687 0.240158081054688 -0.11163330078125
0.107780456542969 -0.0574951171875 0.223724365234375 -0.126693725585937
0.0743408203125 -0.0877227783203125 0.175048828125 -0.156112670898438
0.0350189208984375 -0.0762710571289063 0.102432250976563 -0.118324279785156
0.00305938720703124 -0.0815887451171875 0.080047607421875 -0.0804824829101563
-0.00924682617187501 -0.0761337280273438 0.095306396484375 -0.031585693359375
-0.00563812255859374 -0.0695457458496094 0.123420715332031 0.008453369140625
-0.0126800537109375 -0.0759506225585938 0.163314819335938 0.055419921875
-0.008819580078125 -0.069854736328125 0.1495361328125 0.127471923828125
0.0125503540039062 -0.07659912109375 0.107009887695313 0.1553955078125
0.0273666381835937 -0.0811996459960937 0.0387802124023437 0.137825012207031
0.0793609619140625 -0.0574188232421875 0.00682830810546876 0.0941314697265625
0.088653564453125 -0.0371856689453125 0.0866470336914063 0.0245437622070312
0.0916519165039063 -0.0126113891601562 0.257492065429688 0.0962677001953125
0.0211296081542969 0.00511550903320313 0.142044067382813 -0.129730224609375
0.0384101867675781 -0.00264358520507813 0.23126220703125 -0.1094970703125
0.0490303039550781 -0.0247879028320313 0.20501708984375 -0.115982055664062
0.0379562377929688 -0.0345726013183594 0.160751342773438 -0.132080078125
0.0264835357666016 -0.0185680389404297 0.09222412109375 -0.095306396484375
0.0347461700439453 -0.0277652740478516 0.0774078369140625 -0.0542373657226562
0.0420188903808594 -0.0456962585449219 0.0961685180664063 -0.00635528564453125
0.0452461242675781 -0.0465202331542969 0.121849060058594 0.0296401977539063
0.0462570190429688 -0.0548019409179688 0.1551513671875 0.076904296875
0.0447463989257813 -0.0377082824707031 0.139083862304688 0.139755249023438
0.04595947265625 -0.0273933410644531 0.0928802490234375 0.158477783203125
0.0404586791992188 -0.0266571044921875 0.0303878784179687 0.137954711914062
0.0578994750976562 -0.00482177734375 0.00140380859375 0.0894317626953125
0.0419502258300781 0.0142250061035156 0.091278076171875 0.022552490234375
0.02532958984375 0.0217952728271484 0.273300170898438 0.0966033935546875
-0.060028076171875 0.01959228515625 0.112136840820313 -0.130889892578125
-0.0313301086425781 0.0134716033935547 0.193283081054687 -0.109512329101563
-0.0230598449707031 0.00914573669433594 0.170989990234375 -0.109466552734375
-0.00927162170410156 0.0265331268310547 0.137931823730469 -0.118949890136719
0.01470947265625 0.0476951599121094 0.0748214721679688 -0.0868072509765625
0.0647010803222656 0.0341644287109375 0.0608367919921875 -0.0442390441894531
0.0892257690429688 -0.00737762451171875 0.0774383544921875 0.00769805908203125
0.0887527465820313 -0.0165252685546875 0.100593566894531 0.0463180541992188
0.0955581665039063 -0.02471923828125 0.128341674804688 0.0977630615234375
0.085601806640625 -0.0032196044921875 0.109909057617188 0.154251098632812
0.0659751892089844 0.01904296875 0.0637969970703125 0.16607666015625
0.0451469421386719 0.0229835510253906 0.0101776123046875 0.144271850585938
0.0307159423828125 0.0436134338378906 -0.0175857543945312 0.0980453491210938
-0.00945663452148437 0.0630226135253906 0.0759963989257813 0.0400848388671875
-0.046234130859375 0.0540313720703125 0.260498046875 0.106338500976563
0.159896850585938 -0.097747802734375 -0.22509765625 -0.100418090820312
0.0273666381835938 -0.118812561035156 -0.0607833862304688 -0.079742431640625
-0.0199813842773438 -0.0956497192382812 0.0371170043945313 -0.119560241699219
-0.05914306640625 -0.0760650634765625 0.0188140869140625 -0.173721313476563
-0.0821609497070313 -0.0465240478515625 -0.020721435546875 -0.181198120117188
-0.12530517578125 -0.00502014160156251 -0.087677001953125 -0.166305541992188
-0.134918212890625 0.0263442993164063 -0.113212585449219 -0.10986328125
-0.128555297851563 0.01470947265625 -0.0789718627929688 -0.0582199096679688
-0.146148681640625 -0.00233459472656251 -0.0474014282226563 -0.00494003295898438
-0.120735168457031 -0.0614242553710937 -0.0425643920898438 0.0564727783203125
-0.0569915771484375 -0.110282897949219 -0.04449462890625 0.105964660644531
0.0102920532226563 -0.107582092285156 -0.0913772583007813 0.116912841796875
0.0821685791015625 -0.06829833984375 -0.148193359375 0.126480102539063
0.112129211425781 -0.0573348999023438 -0.153839111328125 0.138198852539062
0.157089233398438 -0.0423583984375 -0.0716552734375 0.143890380859375
0.209732055664063 -0.102035522460938 -0.15093994140625 -0.133544921875
0.0809478759765625 -0.13067626953125 0.00296783447265624 -0.116004943847656
0.0273208618164063 -0.120254516601563 0.081817626953125 -0.146530151367188
-0.027069091796875 -0.109596252441406 0.05816650390625 -0.200515747070313
-0.0640335083007812 -0.081268310546875 0.0161590576171875 -0.198196411132812
-0.12530517578125 -0.0479965209960938 -0.0456085205078125 -0.182662963867187
-0.1466064453125 -0.013702392578125 -0.0639190673828125 -0.12744140625
-0.143051147460938 -0.0215911865234375 -0.0292205810546875 -0.068756103515625
-0.1658935546875 -0.03729248046875 0.00672531127929686 -0.00963401794433594
-0.140869140625 -0.0992889404296875 0.00794601440429687 0.06573486328125
-0.0619964599609375 -0.158004760742188 0.000885009765624996 0.119194030761719
0.021636962890625 -0.158950805664063 -0.0511856079101562 0.124313354492187
0.126594543457031 -0.104438781738281 -0.0937118530273437 0.130149841308594
0.161544799804688 -0.0836944580078125 -0.0817108154296875 0.12432861328125
0.202423095703125 -0.0584869384765625 0.010040283203125 0.135780334472656
0.23651123046875 -0.090576171875 -0.06304931640625 -0.158279418945312
0.129173278808594 -0.119766235351562 0.08013916015625 -0.142532348632813
0.0815658569335938 -0.128654479980469 0.135116577148438 -0.168167114257813
0.0167007446289063 -0.134933471679688 0.101760864257813 -0.221328735351563
-0.0321273803710938 -0.110946655273438 0.05047607421875 -0.205184936523438
-0.106224060058594 -0.0886154174804688 -0.00291442871093752 -0.185546875
-0.138053894042969 -0.0531463623046875 -0.0117111206054688 -0.129173278808594
-0.134712219238281 -0.0533981323242187 0.0235748291015625 -0.0699119567871094
-0.162078857421875 -0.0654754638671875 0.067596435546875 -0.0106201171875
-0.141815185546875 -0.1160888671875 0.0667953491210937 0.0761489868164062
-0.0652313232421875 -0.175506591796875 0.0519790649414063 0.132011413574219
0.0151519775390625 -0.18316650390625 -0.00582885742187501 0.132469177246094
0.136917114257813 -0.131675720214844 -0.0442581176757812 0.128433227539063
0.178375244140625 -0.10479736328125 -0.0137786865234375 0.100143432617188
0.216400146484375 -0.06878662109375 0.0974044799804688 0.118362426757813
0.227676391601563 -0.0623016357421875 0.0249481201171875 -0.169342041015625
0.154037475585938 -0.092132568359375 0.156646728515625 -0.155380249023438
0.126274108886719 -0.121978759765625 0.185256958007813 -0.176834106445313
0.0595550537109375 -0.147842407226562 0.139938354492187 -0.226470947265625
0.000541687011718742 -0.129463195800781 0.077056884765625 -0.1983642578125
-0.0751113891601562 -0.116134643554688 0.033294677734375 -0.16986083984375
-0.109268188476562 -0.085479736328125 0.0346145629882812 -0.114814758300781
-0.107383728027344 -0.0768280029296875 0.0721588134765625 -0.0593032836914063
-0.132781982421875 -0.08355712890625 0.121597290039062 -0.00382232666015625
-0.116554260253906 -0.116348266601563 0.12152099609375 0.0834808349609375
-0.0542449951171875 -0.1641845703125 0.0975265502929688 0.137077331542969
0.00930786132812501 -0.174514770507813 0.032806396484375 0.134834289550781
0.125099182128906 -0.136825561523438 -0.00396728515624999 0.118484497070312
0.166030883789062 -0.108016967773437 0.0411643981933594 0.0669937133789063
0.200103759765625 -0.0655364990234375 0.17889404296875 0.0958709716796875
0.18389892578125 -0.031005859375 0.0991363525390625 -0.171966552734375
0.150634765625 -0.05255126953125 0.218124389648438 -0.158157348632812
0.143524169921875 -0.0962982177734375 0.2181396484375 -0.173507690429688
0.0862808227539063 -0.134811401367188 0.164398193359375 -0.2144775390625
0.0277481079101563 -0.122322082519531 0.0929107666015625 -0.173080444335938
-0.0366973876953125 -0.120658874511719 0.0602569580078125 -0.138015747070313
-0.065155029296875 -0.0984878540039062 0.0730133056640625 -0.0861892700195313
-0.0617218017578125 -0.0890884399414063 0.10888671875 -0.0392990112304688
-0.0800628662109375 -0.0929641723632813 0.158370971679688 0.00895690917968749
-0.0690689086914063 -0.103172302246094 0.158309936523438 0.091400146484375
-0.024932861328125 -0.131340026855469 0.1263427734375 0.135498046875
0.0147705078125 -0.140266418457031 0.0570755004882813 0.132820129394531
0.107292175292969 -0.110038757324219 0.0195236206054688 0.103118896484375
0.137123107910156 -0.0840225219726562 0.07928466796875 0.031341552734375
0.160064697265625 -0.0428924560546875 0.246551513671875 0.0765380859375
0.111717224121094 -0.00083160400390625 0.143524169921875 -0.164108276367188
0.11083984375 -0.01666259765625 0.248947143554688 -0.152008056640625
0.118934631347656 -0.0576095581054687 0.225189208984375 -0.163406372070312
0.08349609375 -0.09466552734375 0.168365478515625 -0.191009521484375
0.0430068969726563 -0.0856399536132813 0.09600830078125 -0.139579772949219
0.00568389892578126 -0.0938644409179688 0.0753631591796875 -0.0997314453125
-0.010894775390625 -0.0928497314453125 0.0960922241210938 -0.0519485473632813
-0.00724792480468749 -0.0854644775390625 0.128959655761719 -0.013916015625
-0.0163192749023438 -0.0931396484375 0.17620849609375 0.0281982421875
-0.0059051513671875 -0.0830459594726563 0.172042846679688 0.102005004882812
0.0181045532226563 -0.0887374877929688 0.131271362304688 0.137565612792969
0.0366668701171875 -0.0883636474609375 0.0613250732421875 0.130783081054688
0.09063720703125 -0.0578765869140625 0.025115966796875 0.09027099609375
0.0997314453125 -0.0311355590820313 0.101043701171875 0.0090179443359375
0.101226806640625 -0.003875732421875 0.2919921875 0.0655517578125
0.0225811004638672 0.0245742797851562 0.149673461914063 -0.154876708984375
0.0443229675292969 0.0131797790527344 0.24298095703125 -0.142196655273438
0.0608863830566406 -0.0144538879394531 0.206954956054688 -0.149765014648438
0.0531654357910156 -0.0326347351074219 0.154571533203125 -0.162628173828125
0.0435752868652344 -0.0251235961914062 0.0838775634765625 -0.110298156738281
0.0478401184082031 -0.0435791015625 0.07421875 -0.0672149658203125
0.0476799011230469 -0.0679054260253906 0.100090026855469 -0.0193557739257813
0.0493965148925781 -0.0690994262695313 0.128822326660156 0.0145263671875
0.0499191284179688 -0.0795669555664062 0.168670654296875 0.05902099609375
0.0540084838867187 -0.0584068298339844 0.158645629882813 0.12017822265625
0.0621871948242188 -0.0413398742675781 0.114730834960938 0.145339965820313
0.0591621398925781 -0.0309181213378906 0.0511932373046875 0.133285522460938
0.0739974975585938 0.00396728515625 0.0178909301757812 0.0885543823242187
0.05426025390625 0.0320167541503906 0.106651306152344 0.0105819702148438
0.0318107604980469 0.0432701110839844 0.308563232421875 0.070159912109375
-0.0660285949707031 0.0477485656738281 0.119537353515625 -0.145965576171875
-0.0303688049316406 0.0375938415527344 0.202987670898437 -0.1337890625
-0.0146255493164062 0.031158447265625 0.170761108398438 -0.136398315429688
0.00968551635742188 0.0392074584960938 0.128952026367188 -0.142990112304688
0.0359840393066406 0.0482902526855469 0.0629119873046875 -0.0970840454101563
0.0866012573242188 0.0177078247070313 0.0547065734863281 -0.0482330322265625
0.101898193359375 -0.0333480834960938 0.0800018310546875 0.0038604736328125
0.098876953125 -0.0427169799804688 0.106895446777344 0.040771484375
0.1044921875 -0.0543365478515625 0.140426635742188 0.0895309448242188
0.0996856689453125 -0.0283126831054688 0.12664794921875 0.142486572265625
0.0894393920898437 0.00542449951171875 0.080596923828125 0.160781860351563
0.0683212280273438 0.0214385986328125 0.0283355712890625 0.146011352539063
0.04901123046875 0.0568771362304687 -0.00205230712890625 0.104118347167969
0.00318145751953125 0.0895156860351562 0.092254638671875 0.0375137329101563
-0.0448684692382813 0.0841293334960938 0.293975830078125 0.08929443359375
0.151870727539063 -0.140533447265625 -0.250656127929688 -0.087799072265625
0.00439453124999999 -0.137496948242187 -0.0801239013671875 -0.0793304443359375
-0.045654296875 -0.100364685058594 0.020904541015625 -0.124061584472656
-0.087646484375 -0.0664749145507812 0.00195312499999999 -0.174758911132813
-0.1007080078125 -0.02935791015625 -0.0346221923828125 -0.183013916015625
-0.13348388671875 0.0271224975585938 -0.101715087890625 -0.16339111328125
-0.133720397949219 0.0569915771484375 -0.12200927734375 -0.109138488769531
-0.129592895507813 0.0432357788085938 -0.0849990844726563 -0.06085205078125
-0.154052734375 0.0313720703125 -0.0498046875 -0.0121307373046875
-0.138343811035156 -0.0360946655273437 -0.0331878662109375 0.050689697265625
-0.0854110717773438 -0.100601196289063 -0.028961181640625 0.103492736816406
-0.0175552368164062 -0.116744995117188 -0.0780715942382813 0.124916076660156
0.0697174072265625 -0.096710205078125 -0.13739013671875 0.143966674804687
0.107978820800781 -0.0918960571289062 -0.150588989257813 0.153427124023437
0.16156005859375 -0.0825958251953125 -0.0691070556640625 0.146560668945313
0.20550537109375 -0.143020629882813 -0.17822265625 -0.1385498046875
0.060699462890625 -0.151092529296875 -0.0206985473632812 -0.128189086914063
0.00355529785156249 -0.128677368164063 0.0632781982421875 -0.159347534179688
-0.0524444580078125 -0.104484558105469 0.039215087890625 -0.2115478515625
-0.0811843872070313 -0.0670318603515625 0.000762939453125016 -0.205230712890625
-0.135055541992188 -0.019287109375 -0.0606689453125 -0.187881469726563
-0.15020751953125 0.014862060546875 -0.0750656127929688 -0.133979797363281
-0.148147583007813 0.00299072265625002 -0.0394439697265625 -0.0836105346679688
-0.176025390625 -0.00752258300781248 0.00332260131835937 -0.0262489318847656
-0.161148071289063 -0.07757568359375 0.0175819396972656 0.0492477416992187
-0.0916748046875 -0.151824951171875 0.0181884765625 0.107917785644531
-0.00566101074218751 -0.171630859375 -0.0336761474609375 0.124298095703125
0.11767578125 -0.136184692382813 -0.0794219970703125 0.137664794921875
0.161697387695313 -0.12066650390625 -0.0765228271484375 0.129425048828125
0.210479736328125 -0.0966949462890625 0.0166091918945313 0.123977661132812
0.23779296875 -0.121963500976563 -0.0875244140625 -0.17706298828125
0.116653442382813 -0.140159606933594 0.0582427978515625 -0.167434692382813
0.065887451171875 -0.14080810546875 0.11932373046875 -0.189559936523438
-0.00277709960937499 -0.135467529296875 0.0826873779296875 -0.238937377929688
-0.048004150390625 -0.103347778320313 0.03387451171875 -0.222885131835938
-0.118453979492188 -0.0706863403320313 -0.0206756591796875 -0.2017822265625
-0.1439208984375 -0.035430908203125 -0.0267333984375 -0.147735595703125
-0.143844604492187 -0.034820556640625 0.0136566162109375 -0.0888824462890625
-0.173248291015625 -0.0439605712890625 0.0645294189453125 -0.0353164672851563
-0.159347534179688 -0.100631713867187 0.07806396484375 0.0546646118164062
-0.090545654296875 -0.172195434570313 0.0704498291015625 0.111907958984375
-0.00886535644531251 -0.19671630859375 0.0118255615234375 0.123115539550781
0.127761840820313 -0.16278076171875 -0.0261077880859375 0.127349853515625
0.180374145507812 -0.138473510742188 -0.00762939453124999 0.0925445556640625
0.228622436523437 -0.100479125976562 0.108810424804688 0.094879150390625
0.233154296875 -0.0847320556640625 0.00668334960937501 -0.198806762695313
0.156112670898437 -0.109527587890625 0.13970947265625 -0.188827514648438
0.118606567382813 -0.131790161132813 0.169158935546875 -0.204864501953125
0.0487823486328125 -0.155166625976563 0.121475219726562 -0.25390625
-0.00856018066406251 -0.132850646972656 0.0595245361328125 -0.218643188476562
-0.0870819091796875 -0.109878540039062 0.0174102783203125 -0.190597534179688
-0.117431640625 -0.0756759643554688 0.021331787109375 -0.137367248535156
-0.115882873535156 -0.071441650390625 0.0628662109375 -0.0836715698242188
-0.144454956054688 -0.073272705078125 0.117362976074219 -0.0350723266601563
-0.131240844726562 -0.107208251953125 0.133705139160156 0.053955078125
-0.075469970703125 -0.166229248046875 0.115653991699219 0.110549926757812
-0.006500244140625 -0.187286376953125 0.0495452880859375 0.119247436523437
0.120986938476563 -0.1585693359375 0.0154266357421875 0.108718872070312
0.171249389648438 -0.1300048828125 0.0507049560546875 0.0484542846679687
0.2122802734375 -0.0854949951171875 0.195938110351563 0.0616607666015625
0.195358276367188 -0.038543701171875 0.087799072265625 -0.203048706054688
0.158203125 -0.0602874755859375 0.20745849609375 -0.19610595703125
0.146865844726563 -0.107208251953125 0.204513549804687 -0.208786010742187
0.0844879150390625 -0.146499633789062 0.145980834960938 -0.24481201171875
0.0258026123046875 -0.128509521484375 0.0757598876953125 -0.192596435546875
-0.0429763793945312 -0.124412536621094 0.0471954345703125 -0.159896850585938
-0.07421875 -0.101768493652344 0.0619659423828125 -0.108444213867188
-0.070770263671875 -0.0934524536132813 0.101898193359375 -0.0654449462890625
-0.08966064453125 -0.097869873046875 0.156723022460938 -0.0255584716796875
-0.077850341796875 -0.106773376464844 0.1689453125 0.05755615234375
-0.0329742431640625 -0.141586303710938 0.141860961914063 0.106430053710938
0.011199951171875 -0.151107788085938 0.0748138427734375 0.112617492675781
0.110145568847656 -0.122337341308594 0.0364990234375 0.0899276733398437
0.144729614257813 -0.0952301025390625 0.085968017578125 0.0111160278320312
0.173538208007813 -0.0495452880859375 0.266098022460938 0.035430908203125
0.124053955078125 0.00540924072265625 0.139083862304688 -0.195358276367188
0.121894836425781 -0.0140914916992188 0.242019653320312 -0.19195556640625
0.131805419921875 -0.06195068359375 0.21600341796875 -0.195877075195313
0.0936660766601563 -0.103790283203125 0.152053833007813 -0.218856811523438
0.0496597290039063 -0.0952072143554687 0.0817718505859375 -0.158340454101563
0.00453186035156251 -0.109840393066406 0.0611801147460938 -0.116050720214844
-0.016815185546875 -0.108749389648438 0.090484619140625 -0.0711746215820312
-0.0124130249023437 -0.101890563964844 0.126083374023438 -0.036834716796875
-0.021636962890625 -0.109825134277344 0.176666259765625 -0.00138854980468751
-0.0102691650390625 -0.097259521484375 0.1812744140625 0.0700836181640625
0.0240859985351562 -0.1031494140625 0.146575927734375 0.112640380859375
0.0444488525390625 -0.100028991699219 0.0777740478515625 0.111610412597656
0.104377746582031 -0.0626602172851563 0.0418624877929688 0.0772628784179688
0.112419128417969 -0.0277633666992188 0.109710693359375 -0.0115432739257813
0.113731384277344 0.00371551513671875 0.314056396484375 0.024566650390625
0.03125 0.0447425842285156 0.151870727539062 -0.183013916015625
0.0577011108398438 0.028961181640625 0.24176025390625 -0.1787109375
0.0777359008789063 -0.0077667236328125 0.198745727539063 -0.178314208984375
0.0696220397949219 -0.0378379821777344 0.138137817382813 -0.185455322265625
0.0592842102050781 -0.0353164672851563 0.0692977905273438 -0.121559143066406
0.0533828735351563 -0.064483642578125 0.0638504028320313 -0.0774459838867188
0.0457382202148437 -0.0937576293945313 0.0999526977539062 -0.0336990356445313
0.0477981567382812 -0.0942459106445313 0.131072998046875 -0.000892639160156256
0.0477981567382813 -0.105628967285156 0.170944213867188 0.0364227294921875
0.0567169189453125 -0.0825424194335938 0.168807983398438 0.0941162109375
0.073516845703125 -0.0608901977539063 0.127647399902344 0.126068115234375
0.07598876953125 -0.0415191650390625 0.0665130615234375 0.118019104003906
0.0962142944335938 0.008209228515625 0.0332183837890625 0.0809707641601563
0.0747451782226563 0.046234130859375 0.118667602539063 -0.00513458251953125
0.045623779296875 0.0624961853027344 0.3311767578125 0.033599853515625
-0.058685302734375 0.0777206420898438 0.124679565429688 -0.162765502929688
-0.0226936340332031 0.0636482238769531 0.204757690429688 -0.160797119140625
0.00199127197265625 0.0494918823242188 0.163619995117188 -0.161575317382813
0.0340538024902344 0.0412750244140625 0.1142578125 -0.159774780273438
0.0582084655761719 0.0397491455078125 0.0503692626953125 -0.101219177246094
0.101036071777344 -0.005584716796875 0.0485725402832031 -0.0483207702636719
0.102912902832031 -0.0633163452148438 0.0824508666992188 0.000488281249999996
0.097747802734375 -0.0729217529296875 0.112815856933594 0.0343017578125
0.101585388183594 -0.0895767211914063 0.14886474609375 0.074798583984375
0.105873107910156 -0.0589599609375 0.138031005859375 0.12762451171875
0.106636047363281 -0.0162734985351563 0.095367431640625 0.151016235351563
0.0926666259765625 0.0091400146484375 0.0467910766601563 0.139572143554688
0.073822021484375 0.0655975341796875 0.0156631469726562 0.102287292480469
0.0258407592773438 0.112373352050781 0.108139038085938 0.0291595458984375
-0.0309829711914063 0.111541748046875 0.318328857421875 0.064971923828125
0.133438110351563 -0.175033569335938 -0.27496337890625 -0.078399658203125
-0.0247802734375 -0.152359008789063 -0.101577758789063 -0.073760986328125
-0.0756759643554688 -0.100624084472656 0.00746917724609373 -0.123641967773438
-0.109580993652344 -0.0506134033203125 -0.01165771484375 -0.174530029296875
-0.111503601074219 -0.00604248046875 -0.0458221435546875 -0.180648803710937
-0.131805419921875 0.0578384399414063 -0.110992431640625 -0.159072875976562
-0.125732421875 0.0857620239257813 -0.129997253417969 -0.107246398925781
-0.12469482421875 0.06988525390625 -0.0932540893554688 -0.0629043579101563
-0.149017333984375 0.0634613037109375 -0.0540504455566406 -0.0178184509277344
-0.148681640625 -0.00790405273437499 -0.0290145874023438 0.0445518493652344
-0.108818054199219 -0.0858688354492188 -0.0189895629882813 0.0958938598632812
-0.04437255859375 -0.117179870605469 -0.0678863525390625 0.127914428710937
0.049774169921875 -0.119949340820313 -0.125244140625 0.156982421875
0.0926742553710938 -0.126319885253906 -0.145599365234375 0.168914794921875
0.156631469726563 -0.119598388671875 -0.0691070556640625 0.14971923828125
0.19384765625 -0.175613403320313 -0.204071044921875 -0.140472412109375
0.037200927734375 -0.1661376953125 -0.0444793701171875 -0.134231567382812
-0.0209579467773437 -0.129508972167969 0.046783447265625 -0.16717529296875
-0.07470703125 -0.0927658081054687 0.0221405029296875 -0.217330932617188
-0.0922088623046875 -0.0486907958984375 -0.0149993896484375 -0.212265014648438
-0.135047912597656 0.00747680664062499 -0.0757598876953125 -0.193374633789063
-0.1453857421875 0.038421630859375 -0.08953857421875 -0.143218994140625
-0.146453857421875 0.02764892578125 -0.050384521484375 -0.0919952392578125
-0.177383422851562 0.02001953125 -0.00354385375976564 -0.0422744750976562
-0.172470092773438 -0.0516815185546875 0.0218791961669922 0.0339260101318359
-0.118194580078125 -0.141632080078125 0.028350830078125 0.0913009643554687
-0.033782958984375 -0.176834106445312 -0.0235671997070313 0.117240905761719
0.0971527099609375 -0.163238525390625 -0.0664138793945312 0.138572692871094
0.150115966796875 -0.156509399414063 -0.072113037109375 0.130599975585938
0.21124267578125 -0.134246826171875 0.0173263549804688 0.11260986328125
0.2333984375 -0.152099609375 -0.116012573242187 -0.191757202148438
0.101226806640625 -0.153030395507813 0.0317840576171875 -0.184158325195313
0.0489654541015625 -0.145828247070313 0.0978546142578125 -0.204116821289062
-0.0206375122070312 -0.131675720214844 0.061370849609375 -0.25433349609375
-0.0577239990234375 -0.0920562744140625 0.014251708984375 -0.233367919921875
-0.121383666992188 -0.050628662109375 -0.0387420654296875 -0.210311889648438
-0.144149780273438 -0.017333984375 -0.0433349609375 -0.161209106445313
-0.145416259765625 -0.0193939208984375 -0.000328063964843766 -0.106246948242187
-0.178665161132812 -0.0228729248046875 0.0531845092773437 -0.0589942932128906
-0.17303466796875 -0.0814208984375 0.0793685913085937 0.027191162109375
-0.115234375 -0.167251586914063 0.0799102783203125 0.0871047973632813
-0.0324859619140625 -0.204971313476562 0.0218353271484375 0.109512329101562
0.114608764648438 -0.186721801757813 -0.0128173828125 0.118499755859375
0.173736572265625 -0.170242309570312 -0.00408935546874999 0.0835647583007813
0.2325439453125 -0.132980346679688 0.111595153808594 0.0695266723632812
0.24072265625 -0.103607177734375 -0.018218994140625 -0.222564697265625
0.150039672851563 -0.118026733398438 0.114608764648438 -0.216049194335937
0.114654541015625 -0.14239501953125 0.148712158203125 -0.227325439453125
0.03814697265625 -0.157958984375 0.0984039306640625 -0.272964477539062
-0.0169601440429688 -0.127906799316406 0.040618896484375 -0.233001708984375
-0.09197998046875 -0.10235595703125 -0.00292968750000002 -0.204544067382813
-0.123466491699219 -0.0687713623046875 0.00527954101562498 -0.155303955078125
-0.122291564941406 -0.0636672973632813 0.0481948852539062 -0.105178833007813
-0.1524658203125 -0.065155029296875 0.106651306152344 -0.0631256103515625
-0.1436767578125 -0.09991455078125 0.131881713867187 0.0225448608398437
-0.0902099609375 -0.167617797851563 0.122406005859375 0.0820770263671875
-0.0233001708984375 -0.1971435546875 0.0594024658203125 0.0995559692382812
0.11444091796875 -0.178604125976563 0.0257720947265625 0.0943603515625
0.171035766601563 -0.154541015625 0.0509796142578125 0.0320625305175781
0.222549438476563 -0.108123779296875 0.19830322265625 0.0279083251953125
0.207107543945312 -0.0471343994140625 0.069488525390625 -0.235626220703125
0.164520263671875 -0.066375732421875 0.186370849609375 -0.229583740234375
0.151657104492188 -0.115631103515625 0.187423706054688 -0.233444213867187
0.082794189453125 -0.156600952148437 0.1236572265625 -0.266036987304688
0.0226058959960938 -0.137847900390625 0.0580902099609375 -0.207733154296875
-0.0502700805664062 -0.129928588867188 0.0283050537109375 -0.173171997070313
-0.083251953125 -0.106704711914062 0.0475997924804687 -0.129219055175781
-0.0789413452148438 -0.0979080200195313 0.0891036987304688 -0.0860824584960938
-0.101921081542969 -0.100387573242187 0.147445678710938 -0.05328369140625
-0.0876235961914062 -0.11004638671875 0.167129516601562 0.0248870849609375
-0.0413665771484375 -0.14935302734375 0.148361206054688 0.0771331787109375
0.00579833984375001 -0.163101196289063 0.0827484130859375 0.090362548828125
0.113662719726562 -0.13739013671875 0.0453720092773438 0.0715408325195312
0.152938842773438 -0.106658935546875 0.0891265869140625 -0.012542724609375
0.186737060546875 -0.05950927734375 0.272506713867188 -0.005706787109375
0.13897705078125 0.0110931396484375 0.127914428710938 -0.228546142578125
0.138221740722656 -0.0107879638671875 0.231903076171875 -0.225875854492188
0.145965576171875 -0.0657806396484375 0.20068359375 -0.224807739257813
0.100250244140625 -0.1171875 0.130630493164063 -0.240936279296875
0.0529556274414063 -0.110641479492188 0.0634918212890625 -0.16912841796875
0.000488281249999996 -0.125679016113281 0.0507431030273438 -0.1287841796875
-0.0278167724609375 -0.122947692871094 0.080474853515625 -0.0875930786132813
-0.0234222412109375 -0.116470336914062 0.116729736328125 -0.0545425415039063
-0.0356216430664063 -0.125228881835938 0.169357299804688 -0.0259552001953125
-0.0168685913085938 -0.114982604980469 0.178466796875 0.041534423828125
0.0243606567382813 -0.120254516601563 0.149627685546875 0.0860595703125
0.05078125 -0.1142578125 0.0867385864257813 0.08966064453125
0.117721557617187 -0.06805419921875 0.05169677734375 0.0595245361328125
0.129203796386719 -0.02978515625 0.113265991210938 -0.03399658203125
0.13165283203125 0.00754547119140625 0.32342529296875 -0.015594482421875
0.0482711791992188 0.0631484985351563 0.147354125976563 -0.208831787109375
0.07489013671875 0.0404205322265625 0.237060546875 -0.209442138671875
0.09832763671875 -0.00353240966796875 0.186614990234375 -0.206207275390625
0.0882110595703125 -0.0464324951171875 0.11968994140625 -0.204803466796875
0.0683670043945313 -0.0506782531738281 0.0573272705078125 -0.129135131835938
0.0539016723632812 -0.0897140502929688 0.0574493408203125 -0.0830154418945313
0.0342559814453125 -0.116851806640625 0.0939254760742188 -0.0430068969726563
0.0353622436523437 -0.118095397949219 0.125640869140625 -0.0139541625976563
0.0323333740234375 -0.133064270019531 0.168975830078125 0.01715087890625
0.0506820678710937 -0.108856201171875 0.167495727539063 0.0724639892578125
0.0820541381835937 -0.0837783813476563 0.131439208984375 0.105865478515625
0.0911865234375 -0.0587158203125 0.0767593383789062 0.101692199707031
0.118057250976562 0.0052947998046875 0.0454559326171875 0.0663375854492188
0.098846435546875 0.0550079345703125 0.124382019042969 -0.0235366821289062
0.0641326904296875 0.0798492431640625 0.346221923828125 -0.001373291015625
-0.0471878051757813 0.105178833007813 0.123336791992188 -0.17877197265625
-0.00504302978515624 0.0835647583007813 0.20281982421875 -0.184768676757813
0.0268440246582031 0.062591552734375 0.150985717773438 -0.181671142578125
0.0579109191894531 0.0391082763671875 0.0943603515625 -0.1712646484375
0.0779190063476563 0.0260772705078125 0.03765869140625 -0.100845336914063
0.108078002929688 -0.035369873046875 0.0439872741699219 -0.046295166015625
0.0969924926757813 -0.092041015625 0.0846099853515625 -0.00118255615234376
0.0889129638671875 -0.0998916625976562 0.114242553710938 0.02728271484375
0.092254638671875 -0.118698120117188 0.1517333984375 0.06610107421875
0.101875305175781 -0.0877227783203125 0.13970947265625 0.114364624023438
0.117744445800781 -0.0432891845703125 0.1005859375 0.137313842773438
0.113113403320313 -0.0071563720703125 0.0558853149414063 0.126998901367188
0.103012084960938 0.0675582885742188 0.0291061401367188 0.0941543579101563
0.055023193359375 0.127044677734375 0.118988037109375 0.016937255859375
-0.0112228393554687 0.137931823730469 0.338775634765625 0.037689208984375
0.10919189453125 -0.206558227539063 -0.301513671875 -0.0638427734374999
-0.055694580078125 -0.157745361328125 -0.121475219726562 -0.06439208984375
-0.10296630859375 -0.0939712524414063 -0.00392913818359375 -0.120758056640625
-0.130020141601563 -0.0299301147460938 -0.021148681640625 -0.1717529296875
-0.118988037109375 0.0191268920898437 -0.0535125732421875 -0.181716918945313
-0.122413635253906 0.0889511108398438 -0.11981201171875 -0.1578369140625
-0.111091613769531 0.111671447753906 -0.139717102050781 -0.108749389648438
-0.114364624023438 0.09454345703125 -0.101615905761719 -0.0657958984375
-0.13873291015625 0.0924301147460937 -0.0623855590820313 -0.0236701965332031
-0.150222778320313 0.0207977294921875 -0.0270500183105469 0.0355033874511719
-0.129249572753906 -0.0654678344726563 -0.0137939453125 0.0874862670898438
-0.0713043212890625 -0.110954284667969 -0.0598068237304688 0.1297607421875
0.024078369140625 -0.136581420898438 -0.115203857421875 0.165725708007813
0.0717010498046875 -0.154541015625 -0.143569946289063 0.183929443359375
0.143524169921875 -0.156326293945313 -0.0722503662109375 0.156204223632812
0.177932739257813 -0.20697021484375 -0.236785888671875 -0.14013671875
0.0117034912109375 -0.175094604492188 -0.0700759887695313 -0.135887145996094
-0.04412841796875 -0.125770568847656 0.031768798828125 -0.171966552734375
-0.0916976928710938 -0.0760574340820313 0.00813293457031248 -0.22186279296875
-0.0988082885742188 -0.0286865234375 -0.028106689453125 -0.219329833984375
-0.12957763671875 0.0324630737304688 -0.090362548828125 -0.198837280273437
-0.136207580566406 0.06048583984375 -0.105178833007813 -0.152084350585938
-0.14080810546875 0.04925537109375 -0.0648422241210938 -0.101005554199219
-0.1728515625 0.0459747314453125 -0.0169410705566406 -0.0564613342285156
-0.179107666015625 -0.0270538330078125 0.0192298889160156 0.0174961090087891
-0.140243530273437 -0.126014709472656 0.0306777954101562 0.0750961303710937
-0.061767578125 -0.176498413085938 -0.0181961059570313 0.110893249511719
0.076141357421875 -0.18536376953125 -0.0567169189453125 0.137832641601563
0.134124755859375 -0.18878173828125 -0.0720291137695313 0.132530212402344
0.205856323242188 -0.172653198242188 0.0126571655273438 0.104026794433594
0.227752685546875 -0.178817749023438 -0.148605346679687 -0.203704833984375
0.0868988037109375 -0.164016723632813 0.00340270996093749 -0.195159912109375
0.033905029296875 -0.147018432617188 0.0796661376953125 -0.216262817382812
-0.0343704223632812 -0.123489379882812 0.0424346923828125 -0.264785766601562
-0.0634002685546875 -0.0817337036132813 -0.00244140625 -0.2437744140625
-0.119773864746094 -0.0345611572265625 -0.0576629638671875 -0.221511840820313
-0.142471313476563 -0.00251770019531248 -0.0636138916015625 -0.173934936523438
-0.145492553710938 -0.00433349609375002 -0.0188369750976563 -0.120735168457031
-0.1810302734375 -0.00506591796874999 0.0374984741210937 -0.0785369873046875
-0.181854248046875 -0.0637969970703125 0.0746307373046875 0.0042724609375
-0.13580322265625 -0.158859252929688 0.0807876586914062 0.0653610229492187
-0.057281494140625 -0.208053588867188 0.0260467529296875 0.09521484375
0.0985565185546875 -0.209259033203125 -0.00555419921874999 0.108360290527344
0.16339111328125 -0.200515747070313 -0.00472259521484374 0.0738677978515625
0.234130859375 -0.165359497070312 0.106292724609375 0.0477981567382813
0.244857788085938 -0.1248779296875 -0.0492706298828125 -0.245864868164062
0.147933959960938 -0.128250122070313 0.08770751953125 -0.236343383789063
0.111114501953125 -0.149932861328125 0.1309814453125 -0.24609375
0.02972412109375 -0.16192626953125 0.076324462890625 -0.28863525390625
-0.021484375 -0.126968383789063 0.0210113525390625 -0.2454833984375
-0.0955886840820312 -0.0962982177734375 -0.0240936279296875 -0.217880249023438
-0.128189086914063 -0.0645294189453125 -0.01727294921875 -0.171463012695313
-0.127861022949219 -0.058197021484375 0.0293655395507813 -0.12091064453125
-0.160446166992188 -0.0572357177734375 0.0901031494140625 -0.08697509765625
-0.153884887695313 -0.0926513671875 0.124183654785156 -0.00444793701171876
-0.106826782226562 -0.167465209960938 0.121490478515625 0.055999755859375
-0.0404510498046875 -0.205291748046875 0.0605545043945313 0.080780029296875
0.107711791992187 -0.199859619140625 0.0306396484375 0.077362060546875
0.169113159179688 -0.17877197265625 0.0478096008300781 0.0133056640625
0.2310791015625 -0.13092041015625 0.196701049804688 -0.00541687011718751
0.221954345703125 -0.05645751953125 0.0442352294921875 -0.265289306640625
0.174758911132813 -0.0738372802734375 0.1644287109375 -0.257049560546875
0.16021728515625 -0.126251220703125 0.169342041015625 -0.257293701171875
0.082122802734375 -0.169509887695312 0.10150146484375 -0.2855224609375
0.0203857421875 -0.147048950195313 0.0398712158203125 -0.22052001953125
-0.0576248168945313 -0.135688781738281 0.00964355468750001 -0.187347412109375
-0.0946197509765625 -0.112579345703125 0.029052734375 -0.14581298828125
-0.0901718139648438 -0.102157592773437 0.072723388671875 -0.103126525878906
-0.114425659179687 -0.103401184082031 0.131858825683594 -0.07708740234375
-0.0981674194335938 -0.115028381347656 0.157730102539062 -0.00216674804687501
-0.0512237548828125 -0.159744262695313 0.144195556640625 0.052490234375
-0.00152587890625 -0.1768798828125 0.0823135375976563 0.0693511962890625
0.117324829101563 -0.152999877929688 0.0487022399902344 0.0517501831054687
0.162200927734375 -0.12127685546875 0.0852813720703125 -0.0352401733398438
0.202850341796875 -0.0703582763671875 0.272369384765625 -0.0433502197265625
0.160171508789063 0.0142974853515625 0.112197875976563 -0.260055541992188
0.156707763671875 -0.0112457275390625 0.214920043945313 -0.258270263671875
0.165252685546875 -0.0748748779296875 0.185134887695313 -0.2503662109375
0.108650207519531 -0.134727478027344 0.10992431640625 -0.258773803710938
0.05499267578125 -0.127662658691406 0.0490264892578125 -0.178314208984375
-0.007843017578125 -0.142135620117187 0.0368804931640625 -0.13922119140625
-0.0431671142578125 -0.138740539550781 0.06768798828125 -0.102470397949219
-0.0386123657226563 -0.131210327148438 0.104820251464844 -0.06884765625
-0.053192138671875 -0.13970947265625 0.1573486328125 -0.0473480224609375
-0.028106689453125 -0.130828857421875 0.170684814453125 0.0178070068359375
0.0196304321289063 -0.139808654785156 0.145614624023438 0.0638275146484375
0.0538177490234375 -0.132965087890625 0.0862274169921875 0.0694732666015625
0.133560180664063 -0.0802536010742188 0.0538444519042969 0.0401535034179687
0.150314331054688 -0.03363037109375 0.111671447753906 -0.0575485229492187
0.154403686523438 0.00994873046875 0.328643798828125 -0.05560302734375
0.0711135864257813 0.0781021118164063 0.140625 -0.237548828125
0.09869384765625 0.0483016967773438 0.2279052734375 -0.240951538085938
0.123420715332031 -0.00608062744140625 0.17254638671875 -0.228744506835938
0.104835510253906 -0.0638427734375 0.101364135742188 -0.218505859375
0.078399658203125 -0.0709686279296875 0.0450592041015625 -0.133209228515625
0.0496292114257812 -0.114723205566406 0.04931640625 -0.08734130859375
0.0201339721679687 -0.139701843261719 0.0888900756835938 -0.0519561767578125
0.0193557739257812 -0.139350891113281 0.120597839355469 -0.024322509765625
0.0137786865234375 -0.154953002929688 0.16436767578125 0.00184631347656249
0.040130615234375 -0.133338928222656 0.161849975585938 0.0558624267578125
0.0835342407226563 -0.110580444335938 0.129135131835938 0.0900421142578125
0.103736877441406 -0.0819015502929688 0.07763671875 0.0848236083984375
0.142303466796875 -0.002655029296875 0.050079345703125 0.0513458251953125
0.127067565917969 0.0589218139648438 0.128997802734375 -0.0435867309570312
0.0905380249023438 0.0932388305664063 0.35870361328125 -0.035430908203125
-0.0267257690429687 0.131301879882813 0.123870849609375 -0.199081420898438
0.0186233520507813 0.10150146484375 0.199325561523438 -0.210433959960938
0.0536956787109375 0.0688858032226563 0.139602661132813 -0.199554443359375
0.0806121826171875 0.0282363891601563 0.07958984375 -0.179428100585938
0.0931854248046875 0.006988525390625 0.02874755859375 -0.0971298217773438
0.107749938964844 -0.064727783203125 0.0433387756347656 -0.0441055297851563
0.0840301513671875 -0.119209289550781 0.086822509765625 -0.00347137451171876
0.0738449096679688 -0.126724243164063 0.117225646972656 0.0234222412109375
0.0736083984375 -0.147857666015625 0.154510498046875 0.059051513671875
0.0916366577148438 -0.117591857910156 0.139053344726563 0.105415344238281
0.123527526855469 -0.0728225708007813 0.102569580078125 0.129051208496094
0.128822326660156 -0.0318069458007813 0.0628814697265625 0.116439819335937
0.132568359375 0.0611038208007813 0.03814697265625 0.0855636596679687
0.08837890625 0.136672973632812 0.130859375 0.00303649902343751
0.015960693359375 0.160720825195313 0.357513427734375 0.011505126953125
0.0781402587890625 -0.23541259765625 -0.33294677734375 -0.043701171875
-0.0911407470703125 -0.157913208007813 -0.141403198242188 -0.0503082275390625
-0.130889892578125 -0.0798873901367187 -0.013275146484375 -0.118110656738281
-0.14501953125 -0.0016326904296875 -0.02984619140625 -0.171951293945312
-0.119606018066406 0.0469207763671875 -0.062835693359375 -0.1854248046875
-0.10614013671875 0.117164611816406 -0.129837036132813 -0.158920288085938
-0.0913314819335937 0.135902404785156 -0.152420043945313 -0.110214233398438
-0.0984344482421875 0.118148803710938 -0.114356994628906 -0.0680999755859375
-0.123298645019531 0.121147155761719 -0.0733871459960938 -0.0270843505859375
-0.147186279296875 0.049591064453125 -0.0295028686523438 0.0274639129638672
-0.144607543945313 -0.0402984619140625 -0.0126419067382813 0.0806884765625
-0.0975723266601562 -0.0987091064453125 -0.053314208984375 0.132057189941406
-0.0054168701171875 -0.15032958984375 -0.1063232421875 0.175933837890625
0.0430908203125 -0.180816650390625 -0.140579223632813 0.201690673828125
0.12261962890625 -0.192825317382813 -0.0753021240234375 0.166824340820313
0.156494140625 -0.238113403320312 -0.275650024414063 -0.132400512695313
-0.0163726806640625 -0.179855346679688 -0.0982666015625 -0.131340026855469
-0.0662841796875 -0.118171691894531 0.0162200927734375 -0.17633056640625
-0.106422424316406 -0.0550537109375 -0.00759887695312499 -0.228408813476563
-0.100814819335938 -0.00689697265624999 -0.0431976318359375 -0.227218627929688
-0.1185302734375 0.0562362670898438 -0.107620239257813 -0.205291748046875
-0.12408447265625 0.0802993774414062 -0.126251220703125 -0.158981323242187
-0.131492614746094 0.0691070556640625 -0.0840530395507813 -0.108451843261719
-0.164886474609375 0.0710296630859375 -0.0341949462890625 -0.0665626525878906
-0.182540893554688 -0.002166748046875 0.0123662948608398 0.00249481201171875
-0.160247802734375 -0.10693359375 0.0290870666503906 0.0610160827636719
-0.0894927978515625 -0.17242431640625 -0.0152664184570313 0.105598449707031
0.04974365234375 -0.206253051757813 -0.0496673583984375 0.137161254882813
0.110809326171875 -0.220413208007813 -0.0733489990234375 0.138092041015625
0.1943359375 -0.211944580078125 0.00562286376953125 0.100349426269531
0.218826293945313 -0.209030151367187 -0.191497802734375 -0.209197998046875
0.070159912109375 -0.173324584960938 -0.0282745361328125 -0.202102661132813
0.01983642578125 -0.147552490234375 0.0613250732421875 -0.228622436523438
-0.0465469360351563 -0.114990234375 0.021087646484375 -0.278793334960937
-0.0672264099121094 -0.0697135925292969 -0.0222015380859375 -0.25567626953125
-0.115585327148438 -0.0190277099609375 -0.081024169921875 -0.232269287109375
-0.138664245605469 0.0108184814453125 -0.089599609375 -0.185546875
-0.144287109375 0.00987243652343748 -0.0417404174804687 -0.131576538085938
-0.18182373046875 0.0135040283203125 0.0160751342773437 -0.0945587158203125
-0.190170288085938 -0.045623779296875 0.0640373229980469 -0.0158309936523438
-0.157745361328125 -0.14739990234375 0.0755462646484375 0.0456771850585938
-0.0836181640625 -0.2103271484375 0.0244903564453125 0.08355712890625
0.079010009765625 -0.233367919921875 -0.00122070312499999 0.0980682373046875
0.149078369140625 -0.232330322265625 -0.00990295410156249 0.0666694641113281
0.232376098632812 -0.203323364257812 0.0978469848632813 0.0291366577148437
0.251022338867188 -0.1495361328125 -0.0902862548828125 -0.265106201171875
0.146087646484375 -0.14105224609375 0.056610107421875 -0.255233764648438
0.108047485351563 -0.16070556640625 0.110183715820312 -0.265289306640625
0.0202789306640625 -0.166412353515625 0.0516357421875 -0.306854248046875
-0.0261688232421875 -0.128082275390625 -0.00122070312500002 -0.25921630859375
-0.0994338989257813 -0.09161376953125 -0.0485687255859375 -0.230133056640625
-0.135368347167969 -0.0594024658203125 -0.0442962646484375 -0.185409545898438
-0.135360717773438 -0.052093505859375 0.00614929199218748 -0.134140014648438
-0.169998168945313 -0.04742431640625 0.0680160522460937 -0.106430053710938
-0.16632080078125 -0.0838165283203125 0.110954284667969 -0.0274810791015625
-0.12640380859375 -0.16668701171875 0.113731384277344 0.0334396362304687
-0.0611724853515625 -0.214630126953125 0.0565299987792969 0.0635185241699219
0.097015380859375 -0.222747802734375 0.0300865173339844 0.0613822937011719
0.164642333984375 -0.206619262695313 0.0404510498046875 -0.00382995605468751
0.240081787109375 -0.161209106445313 0.189208984375 -0.0363006591796875
0.239944458007813 -0.0719757080078125 0.0101318359375 -0.293701171875
0.187026977539063 -0.0866851806640625 0.136810302734375 -0.28485107421875
0.16961669921875 -0.142562866210938 0.149658203125 -0.281707763671875
0.078582763671875 -0.186187744140625 0.077301025390625 -0.30596923828125
0.0157928466796875 -0.159194946289063 0.0204315185546875 -0.233489990234375
-0.067962646484375 -0.14276123046875 -0.0125274658203125 -0.200057983398437
-0.109939575195312 -0.116989135742188 0.00602722167968751 -0.159744262695313
-0.105171203613281 -0.106338500976563 0.0528945922851562 -0.116600036621094
-0.13189697265625 -0.106292724609375 0.112617492675781 -0.0973434448242188
-0.114051818847656 -0.118560791015625 0.144027709960938 -0.0247039794921875
-0.0668182373046875 -0.170272827148438 0.135795593261719 0.031036376953125
-0.0128631591796875 -0.193695068359375 0.0765533447265625 0.0503921508789062
0.119766235351563 -0.174041748046875 0.0466346740722656 0.0324172973632812
0.171722412109375 -0.1412353515625 0.0767135620117188 -0.0588760375976563
0.221328735351562 -0.0884857177734375 0.268707275390625 -0.0828704833984375
0.186859130859375 0.0102386474609375 0.08782958984375 -0.29400634765625
0.180435180664063 -0.0180816650390625 0.195526123046875 -0.290924072265625
0.1846923828125 -0.0921783447265625 0.166702270507813 -0.276718139648438
0.113815307617188 -0.159072875976563 0.0878143310546875 -0.278106689453125
0.05364990234375 -0.148834228515625 0.033355712890625 -0.1883544921875
-0.0216064453125 -0.160049438476563 0.0218658447265625 -0.149337768554688
-0.063385009765625 -0.152740478515625 0.0528640747070312 -0.115119934082031
-0.0587615966796875 -0.143417358398438 0.0919570922851562 -0.0810470581054688
-0.0759124755859375 -0.152145385742188 0.144119262695313 -0.0642242431640625
-0.045501708984375 -0.146209716796875 0.159194946289063 -0.000610351562500009
0.00968933105468751 -0.162216186523437 0.138847351074219 0.0455322265625
0.0529022216796875 -0.15716552734375 0.0807647705078125 0.0522079467773437
0.149826049804688 -0.100296020507813 0.0518760681152344 0.0216331481933594
0.172882080078125 -0.045684814453125 0.106681823730469 -0.0829315185546875
0.182113647460938 0.0044403076171875 0.33135986328125 -0.097991943359375
0.100471496582031 0.0880355834960938 0.127044677734375 -0.26995849609375
0.127555847167969 0.0510177612304688 0.216049194335938 -0.274978637695313
0.150772094726563 -0.0175018310546875 0.15692138671875 -0.253509521484375
0.118759155273437 -0.0877685546875 0.0820465087890625 -0.232940673828125
0.0828628540039063 -0.095245361328125 0.03497314453125 -0.136520385742188
0.0377197265625 -0.14080810546875 0.0420684814453125 -0.0920257568359375
-0.00120544433593751 -0.161712646484375 0.0839385986328125 -0.0601654052734375
-0.0026092529296875 -0.15966796875 0.115470886230469 -0.0328140258789063
-0.0115203857421875 -0.1771240234375 0.158599853515625 -0.01092529296875
0.0218353271484375 -0.157028198242188 0.154708862304688 0.043121337890625
0.07928466796875 -0.140975952148438 0.125541687011719 0.0771560668945312
0.111213684082031 -0.110527038574219 0.0760726928710938 0.07080078125
0.168350219726563 -0.019012451171875 0.0514450073242188 0.0356292724609375
0.160690307617187 0.054901123046875 0.129997253417969 -0.0680007934570312
0.1240234375 0.100830078125 0.368804931640625 -0.07562255859375
0.0017242431640625 0.152740478515625 0.12030029296875 -0.223770141601563
0.0478515625 0.113922119140625 0.1944580078125 -0.239349365234375
0.0846710205078125 0.0683670043945312 0.1258544921875 -0.218978881835938
0.102325439453125 0.0098876953125 0.0638885498046875 -0.18731689453125
0.104141235351563 -0.0163116455078125 0.0222015380859375 -0.0947189331054688
0.100204467773438 -0.0953521728515625 0.0436515808105469 -0.0426139831542969
0.0641937255859375 -0.146484375 0.0919647216796875 -0.00632476806640626
0.0528564453125 -0.150466918945313 0.120704650878906 0.0194168090820312
0.04827880859375 -0.174484252929688 0.158279418945313 0.0522003173828125
0.0728759765625 -0.14569091796875 0.138664245605469 0.100448608398438
0.121536254882813 -0.106704711914063 0.104385375976563 0.123565673828125
0.140007019042969 -0.06231689453125 0.0647201538085938 0.106536865234375
0.163818359375 0.0473480224609375 0.0447540283203125 0.0752487182617188
0.127304077148438 0.138954162597656 0.141082763671875 -0.0152587890625
0.0501251220703125 0.177688598632813 0.37750244140625 -0.01953125
0.03704833984375 -0.25970458984375 -0.36468505859375 -0.00878906250000009
-0.12939453125 -0.148712158203125 -0.159637451171875 -0.0288848876953125
-0.157989501953125 -0.056854248046875 -0.0226287841796875 -0.115028381347656
-0.153640747070313 0.03253173828125 -0.040008544921875 -0.17193603515625
-0.112960815429687 0.0764389038085938 -0.07647705078125 -0.189224243164063
-0.0811309814453125 0.142593383789062 -0.144424438476563 -0.158645629882813
-0.064483642578125 0.1558837890625 -0.171188354492187 -0.108078002929688
-0.0751876831054687 0.138755798339844 -0.13055419921875 -0.0663909912109375
-0.09912109375 0.147354125976563 -0.0881118774414063 -0.02667236328125
-0.136962890625 0.0791397094726562 -0.0358085632324219 0.0219268798828125
-0.154708862304688 -0.00962829589843753 -0.0129241943359375 0.07525634765625
-0.121559143066406 -0.0798110961914063 -0.0453033447265625 0.136970520019531
-0.040771484375 -0.155776977539063 -0.0943145751953125 0.18597412109375
0.00518798828125002 -0.200210571289063 -0.133316040039062 0.22430419921875
0.091064453125 -0.22747802734375 -0.0742340087890625 0.1837158203125
0.126052856445313 -0.269454956054688 -0.3211669921875 -0.11199951171875
-0.048095703125 -0.177947998046875 -0.127578735351563 -0.120079040527344
-0.08892822265625 -0.104148864746094 -0.00146484375000001 -0.180084228515625
-0.115791320800781 -0.029510498046875 -0.0277099609375 -0.235000610351563
-0.0965423583984375 0.015777587890625 -0.0644683837890625 -0.234634399414063
-0.101081848144531 0.077423095703125 -0.132095336914062 -0.2091064453125
-0.106155395507813 0.09820556640625 -0.155242919921875 -0.161773681640625
-0.117210388183594 0.0888214111328125 -0.108421325683594 -0.111099243164063
-0.151519775390625 0.096832275390625 -0.056549072265625 -0.0723876953125
-0.18096923828125 0.0255889892578125 0.000260353088378894 -0.0090951919555664
-0.1776123046875 -0.0820770263671875 0.0235519409179687 0.0499763488769531
-0.119735717773438 -0.1617431640625 -0.0142364501953125 0.102424621582031
0.0160064697265625 -0.221908569335938 -0.04376220703125 0.136833190917969
0.0771942138671875 -0.250076293945313 -0.0733489990234375 0.147567749023437
0.170562744140625 -0.25543212890625 -0.00136566162109374 0.100547790527344
0.20416259765625 -0.242935180664063 -0.244155883789063 -0.20355224609375
0.0505523681640625 -0.181793212890625 -0.0643463134765625 -0.202667236328125
0.00532531738281249 -0.147140502929688 0.037811279296875 -0.2398681640625
-0.0576019287109375 -0.103561401367188 -0.00588989257812502 -0.29107666015625
-0.0681800842285156 -0.058074951171875 -0.0496368408203125 -0.266067504882813
-0.1092529296875 -0.00544738769531249 -0.11138916015625 -0.2392578125
-0.134048461914063 0.023773193359375 -0.124313354492187 -0.191558837890625
-0.140975952148437 0.02471923828125 -0.070526123046875 -0.138259887695313
-0.180068969726563 0.0337371826171875 -0.010894775390625 -0.106010437011719
-0.197174072265625 -0.0238800048828125 0.0476760864257812 -0.03271484375
-0.179534912109375 -0.130950927734375 0.0659446716308593 0.0296249389648437
-0.114425659179687 -0.207412719726563 0.0202560424804687 0.0741348266601562
0.0511016845703125 -0.254470825195313 -0.00164794921874999 0.0886764526367187
0.124267578125 -0.2655029296875 -0.0177497863769531 0.0621147155761719
0.220550537109375 -0.247314453125 0.0862808227539063 0.0127716064453125
0.252395629882813 -0.181884765625 -0.143264770507813 -0.274734497070313
0.141143798828125 -0.157928466796875 0.0175628662109375 -0.26739501953125
0.102676391601563 -0.174484252929688 0.083282470703125 -0.284271240234375
0.00904846191406251 -0.171783447265625 0.019561767578125 -0.324432373046875
-0.0325775146484375 -0.12969970703125 -0.029449462890625 -0.271102905273438
-0.105278015136719 -0.0865249633789062 -0.0808868408203125 -0.239669799804688
-0.143707275390625 -0.0525970458984375 -0.0788421630859375 -0.194061279296875
-0.143814086914062 -0.0443267822265625 -0.022125244140625 -0.142364501953125
-0.180908203125 -0.0346527099609375 0.04022216796875 -0.121536254882813
-0.180862426757813 -0.071807861328125 0.0920944213867187 -0.0472793579101563
-0.149917602539062 -0.161392211914063 0.102081298828125 0.0149765014648437
-0.088043212890625 -0.219879150390625 0.0482254028320312 0.0505714416503906
0.0784149169921875 -0.247665405273438 0.0258445739746094 0.0450706481933594
0.153350830078125 -0.239013671875 0.0265693664550781 -0.0189476013183594
0.24169921875 -0.200881958007813 0.174224853515625 -0.0671234130859375
0.258132934570313 -0.0977020263671875 -0.037933349609375 -0.316497802734375
0.198165893554688 -0.107208251953125 0.10089111328125 -0.310577392578125
0.17633056640625 -0.168533325195313 0.121551513671875 -0.306610107421875
0.0699615478515625 -0.207061767578125 0.04412841796875 -0.32489013671875
0.00651550292968751 -0.173065185546875 -0.0061798095703125 -0.245452880859375
-0.084442138671875 -0.148818969726562 -0.0412139892578125 -0.209671020507812
-0.130462646484375 -0.118507385253906 -0.023162841796875 -0.170059204101563
-0.124862670898438 -0.105865478515625 0.02874755859375 -0.126350402832031
-0.154434204101563 -0.102737426757812 0.0885238647460937 -0.113693237304688
-0.134178161621094 -0.118141174316406 0.126518249511719 -0.044586181640625
-0.0887451171875 -0.17877197265625 0.12371826171875 0.0123291015625
-0.0326080322265625 -0.210494995117188 0.0652503967285156 0.0352096557617187
0.115829467773438 -0.201522827148438 0.0381088256835938 0.0135536193847656
0.1763916015625 -0.170440673828125 0.060638427734375 -0.0819473266601563
0.237960815429688 -0.11859130859375 0.255966186523438 -0.124954223632813
0.21673583984375 -0.003631591796875 0.050567626953125 -0.32501220703125
0.20587158203125 -0.036407470703125 0.165435791015625 -0.32672119140625
0.203170776367187 -0.120773315429688 0.140777587890625 -0.305145263671875
0.1112060546875 -0.189422607421875 0.05731201171875 -0.2960205078125
0.0450592041015625 -0.172531127929687 0.0140380859375 -0.196640014648438
-0.0429229736328125 -0.176834106445313 0.0013885498046875 -0.157608032226563
-0.092376708984375 -0.162124633789062 0.0331344604492188 -0.125045776367188
-0.085784912109375 -0.1524658203125 0.0753326416015625 -0.0907821655273438
-0.107330322265625 -0.15948486328125 0.127067565917969 -0.080291748046875
-0.0703887939453125 -0.1573486328125 0.145156860351563 -0.0166168212890625
-0.00993347167968751 -0.184906005859375 0.128913879394531 0.0310516357421875
0.041900634765625 -0.184555053710938 0.0698204040527344 0.037200927734375
0.161239624023437 -0.127822875976563 0.0439720153808594 0.00288009643554687
0.19525146484375 -0.0692138671875 0.092987060546875 -0.110916137695313
0.2119140625 -0.01165771484375 0.32470703125 -0.14691162109375
0.137252807617188 0.0875244140625 0.101806640625 -0.303802490234375
0.160552978515625 0.0429229736328125 0.194061279296875 -0.313446044921875
0.178085327148438 -0.040863037109375 0.133773803710938 -0.280075073242188
0.124771118164063 -0.119270324707031 0.057769775390625 -0.246871948242188
0.0790328979492188 -0.1241455078125 0.023040771484375 -0.140167236328125
0.0153656005859375 -0.16583251953125 0.0328521728515625 -0.0978240966796875
-0.0337677001953125 -0.179519653320313 0.0769577026367188 -0.0695648193359375
-0.033538818359375 -0.175399780273438 0.110076904296875 -0.0411453247070313
-0.0473480224609375 -0.192535400390625 0.153350830078125 -0.0231170654296875
-0.00558471679687501 -0.177841186523438 0.148330688476563 0.0334625244140625
0.0630035400390625 -0.173263549804688 0.121391296386719 0.06927490234375
0.1077880859375 -0.146270751953125 0.0695686340332031 0.0586929321289063
0.192962646484375 -0.0470733642578125 0.0481300354003906 0.019989013671875
0.1971435546875 0.0393829345703125 0.125 -0.0957870483398438
0.163482666015625 0.0968170166015625 0.374359130859375 -0.12371826171875
0.0394744873046875 0.168228149414063 0.10821533203125 -0.253753662109375
0.0832901000976563 0.119300842285156 0.18212890625 -0.27349853515625
0.117897033691406 0.0568161010742188 0.106552124023437 -0.239425659179687
0.118446350097656 -0.016876220703125 0.0465545654296875 -0.193954467773438
0.10888671875 -0.0441741943359375 0.0175323486328125 -0.0916366577148437
0.0834274291992188 -0.125167846679688 0.04510498046875 -0.0436325073242188
0.0341796875 -0.170852661132813 0.0976028442382813 -0.012054443359375
0.0224151611328125 -0.170684814453125 0.126052856445313 0.014373779296875
0.0134124755859375 -0.19549560546875 0.164337158203125 0.044769287109375
0.04620361328125 -0.170547485351563 0.141586303710937 0.0967559814453125
0.109130859375 -0.142486572265625 0.108222961425781 0.119735717773437
0.141708374023438 -0.099609375 0.0659713745117188 0.09844970703125
0.193832397460938 0.021453857421875 0.0491409301757813 0.0642929077148438
0.171463012695313 0.129180908203125 0.1483154296875 -0.040313720703125
0.0936126708984375 0.186920166015625 0.396820068359375 -0.0638427734375
-0.01416015625 -0.271697998046875 -0.38653564453125 0.04052734375
-0.166702270507812 -0.123672485351563 -0.170852661132813 0.00093078613281248
-0.177505493164063 -0.02301025390625 -0.0329132080078125 -0.109481811523437
-0.149200439453125 0.0716705322265625 -0.0527496337890625 -0.169662475585938
-0.0950164794921875 0.103729248046875 -0.09423828125 -0.188934326171875
-0.0462188720703125 0.159469604492188 -0.16253662109375 -0.153610229492187
-0.0294952392578125 0.166336059570313 -0.191314697265625 -0.09759521484375
-0.0441436767578125 0.15216064453125 -0.147842407226563 -0.058258056640625
-0.0645904541015625 0.165939331054688 -0.102760314941406 -0.0205001831054687
-0.116630554199219 0.10552978515625 -0.0433845520019531 0.0183868408203125
-0.153472900390625 0.0248870849609375 -0.013763427734375 0.071563720703125
-0.139503479003906 -0.0513076782226563 -0.0349960327148438 0.138656616210938
-0.0795135498046875 -0.148696899414063 -0.0780487060546875 0.19451904296875
-0.0416412353515625 -0.205490112304688 -0.115570068359375 0.247039794921875
0.045745849609375 -0.252410888671875 -0.063934326171875 0.2010498046875
0.08258056640625 -0.29132080078125 -0.361541748046875 -0.071014404296875
-0.0810546875 -0.165542602539063 -0.154098510742188 -0.097381591796875
-0.107376098632813 -0.08203125 -0.0224609375 -0.179244995117188
-0.116203308105469 0.000114440917968757 -0.0518798828125 -0.235687255859375
-0.0844497680664062 0.03631591796875 -0.091583251953125 -0.235992431640625
-0.0760879516601563 0.0926055908203125 -0.160354614257813 -0.205108642578125
-0.0822296142578125 0.11126708984375 -0.186904907226562 -0.152801513671875
-0.0959320068359375 0.10382080078125 -0.134986877441406 -0.104560852050781
-0.12835693359375 0.118453979492188 -0.0815277099609375 -0.0693130493164062
-0.1707763671875 0.053314208984375 -0.0155801773071289 -0.0161008834838867
-0.187850952148438 -0.0502777099609375 0.0145225524902344 0.0416030883789063
-0.147659301757812 -0.139755249023438 -0.0127334594726563 0.0994873046875
-0.024169921875 -0.2274169921875 -0.03692626953125 0.135459899902344
0.0325469970703125 -0.268707275390625 -0.0688629150390625 0.1578369140625
0.13128662109375 -0.292266845703125 -0.00579833984374999 0.104637145996094
0.175216674804688 -0.274093627929688 -0.297882080078125 -0.176422119140625
0.025604248046875 -0.183792114257813 -0.10369873046875 -0.190109252929687
-0.0106048583984375 -0.142669677734375 0.00794982910156249 -0.245071411132813
-0.0643310546875 -0.0882110595703125 -0.041534423828125 -0.294891357421875
-0.0649337768554688 -0.0468177795410156 -0.083038330078125 -0.268325805664062
-0.0985641479492188 0.00674438476562501 -0.147628784179688 -0.235626220703125
-0.125381469726563 0.0371856689453125 -0.162567138671875 -0.183975219726562
-0.133193969726563 0.0393524169921875 -0.102188110351563 -0.133438110351563
-0.172134399414062 0.0558013916015625 -0.0428085327148438 -0.107017517089844
-0.197799682617187 0.00155639648437498 0.0252838134765625 -0.0435409545898438
-0.198013305664063 -0.106231689453125 0.0517120361328125 0.017425537109375
-0.146575927734375 -0.19378662109375 0.0141716003417969 0.0669517517089844
0.013153076171875 -0.268463134765625 -0.00452423095703126 0.0795974731445313
0.085540771484375 -0.2921142578125 -0.0262489318847656 0.0611953735351562
0.19171142578125 -0.29052734375 0.06927490234375 0.000343322753906232
0.24249267578125 -0.21832275390625 -0.202880859375 -0.263580322265625
0.129989624023438 -0.175247192382813 -0.02838134765625 -0.2686767578125
0.0909881591796875 -0.189788818359375 0.047271728515625 -0.29583740234375
-0.00508117675781251 -0.173965454101563 -0.02178955078125 -0.332061767578125
-0.0403518676757813 -0.128936767578125 -0.065399169921875 -0.274703979492188
-0.110450744628906 -0.0802230834960938 -0.118820190429688 -0.237533569335937
-0.15179443359375 -0.04150390625 -0.1185302734375 -0.188674926757813
-0.15045166015625 -0.03204345703125 -0.0549774169921875 -0.1417236328125
-0.18865966796875 -0.0157470703125 0.00655364990234373 -0.126701354980469
-0.19232177734375 -0.053070068359375 0.0679855346679687 -0.0602798461914062
-0.173934936523437 -0.147430419921875 0.0845870971679687 0.000679016113281241
-0.119949340820313 -0.21746826171875 0.0358161926269531 0.040130615234375
0.04998779296875 -0.268692016601563 0.0146694183349609 0.0316200256347656
0.128189086914063 -0.2708740234375 0.00691986083984376 -0.0309162139892578
0.228851318359375 -0.24383544921875 0.149673461914063 -0.095550537109375
0.267120361328125 -0.133712768554687 -0.0972900390625 -0.322265625
0.202789306640625 -0.134231567382813 0.0533447265625 -0.32574462890625
0.172073364257813 -0.19989013671875 0.083404541015625 -0.32550048828125
0.051971435546875 -0.226394653320313 0.000976562500000011 -0.335357666015625
-0.01007080078125 -0.185287475585938 -0.039306640625 -0.24920654296875
-0.104339599609375 -0.148895263671875 -0.0753173828125 -0.209274291992188
-0.153305053710938 -0.111373901367188 -0.0577545166015625 -0.168792724609375
-0.145309448242188 -0.0980987548828125 0.000877380371093755 -0.128486633300781
-0.177902221679687 -0.0896759033203125 0.058258056640625 -0.122627258300781
-0.156158447265625 -0.109588623046875 0.103225708007812 -0.0575103759765625
-0.116668701171875 -0.17950439453125 0.106452941894531 -0.00135040283203126
-0.060943603515625 -0.220870971679688 0.0494728088378906 0.0247268676757812
0.100845336914063 -0.229766845703125 0.0226287841796875 -0.00199508666992189
0.169525146484375 -0.203216552734375 0.0353469848632813 -0.101058959960938
0.2442626953125 -0.156509399414062 0.228729248046875 -0.167343139648438
0.2423095703125 -0.0325164794921875 -0.00198364257812495 -0.3450927734375
0.223678588867188 -0.0655059814453125 0.120849609375 -0.354339599609375
0.2098388671875 -0.159576416015625 0.1015625 -0.32684326171875
0.09564208984375 -0.2200927734375 0.018341064453125 -0.30584716796875
0.0266876220703125 -0.194656372070312 -0.011444091796875 -0.199981689453125
-0.072418212890625 -0.185089111328125 -0.0233306884765625 -0.159835815429688
-0.126739501953125 -0.161209106445313 0.00856781005859374 -0.12896728515625
-0.116989135742188 -0.150161743164063 0.0563583374023438 -0.096343994140625
-0.142776489257813 -0.1539306640625 0.105598449707031 -0.0910415649414063
-0.10150146484375 -0.159378051757813 0.127281188964844 -0.0278244018554688
-0.0390777587890625 -0.199920654296875 0.115730285644531 0.0194473266601562
0.0187835693359375 -0.20916748046875 0.0561294555664062 0.0273780822753906
0.162094116210938 -0.16253662109375 0.0287227630615234 -0.0125160217285156
0.20947265625 -0.102951049804688 0.0685195922851563 -0.135299682617188
0.236328125 -0.042388916015625 0.302215576171875 -0.197662353515625
0.175323486328125 0.072998046875 0.06158447265625 -0.331085205078125
0.191390991210937 0.0208740234375 0.15679931640625 -0.347930908203125
0.19720458984375 -0.0765380859375 0.09918212890625 -0.30010986328125
0.118759155273438 -0.155059814453125 0.0272674560546875 -0.253662109375
0.06524658203125 -0.152313232421875 0.00770568847656251 -0.140716552734375
-0.0167694091796875 -0.1834716796875 0.021209716796875 -0.101219177246094
-0.0736846923828125 -0.185989379882813 0.0659027099609375 -0.0774383544921875
-0.0714874267578125 -0.179214477539063 0.10205078125 -0.0487289428710938
-0.0904083251953125 -0.195755004882813 0.143630981445313 -0.0346832275390625
-0.0416412353515625 -0.1881103515625 0.1405029296875 0.0256576538085937
0.033416748046875 -0.200180053710937 0.115432739257813 0.0604324340820312
0.090606689453125 -0.180618286132813 0.0596237182617188 0.0498008728027344
0.207366943359375 -0.0860137939453125 0.0387954711914063 0.00523376464843749
0.22802734375 0.0070648193359375 0.108695983886719 -0.123908996582031
0.203079223632812 0.0773162841796875 0.36419677734375 -0.179901123046875
0.08428955078125 0.1693115234375 0.0816802978515625 -0.28082275390625
0.12286376953125 0.109962463378906 0.15411376953125 -0.30633544921875
0.147872924804688 0.031280517578125 0.0781707763671875 -0.253936767578125
0.124992370605469 -0.0502090454101563 0.0249176025390625 -0.196136474609375
0.1033935546875 -0.0745849609375 0.0117950439453125 -0.0886154174804688
0.0547332763671875 -0.150146484375 0.0459251403808594 -0.0463066101074219
-0.00451660156249999 -0.18414306640625 0.101280212402344 -0.0215835571289063
-0.0158538818359375 -0.181167602539063 0.130546569824219 0.00592041015624999
-0.0315093994140625 -0.205352783203125 0.169021606445313 0.0332794189453125
0.00910949707031249 -0.18682861328125 0.145858764648438 0.091888427734375
0.0815582275390625 -0.174667358398437 0.112113952636719 0.114517211914062
0.129508972167969 -0.13848876953125 0.064910888671875 0.09063720703125
0.2152099609375 -0.0164337158203125 0.0506057739257813 0.0511932373046875
0.213088989257812 0.10247802734375 0.145858764648438 -0.068603515625
0.142257690429688 0.180068969726562 0.401519775390625 -0.118133544921875
-0.0665283203125 -0.264068603515625 -0.3880615234375 0.0965881347656251
-0.19110107421875 -0.087188720703125 -0.17010498046875 0.0325927734375
-0.18267822265625 0.016143798828125 -0.0399398803710938 -0.1014404296875
-0.130172729492188 0.104698181152344 -0.0635833740234375 -0.163894653320313
-0.06805419921875 0.122169494628906 -0.110748291015625 -0.181365966796875
-0.00926208496093751 0.161666870117188 -0.1766357421875 -0.141799926757812
0.00689697265624999 0.163253784179688 -0.20648193359375 -0.0806121826171875
-0.0105133056640625 0.152496337890625 -0.16162109375 -0.0437164306640625
-0.0264129638671875 0.169418334960938 -0.113311767578125 -0.00827789306640622
-0.088348388671875 0.12213134765625 -0.0515594482421875 0.019134521484375
-0.138717651367188 0.0558395385742188 -0.0161628723144531 0.0690231323242187
-0.145278930664063 -0.0194091796875 -0.0248565673828125 0.136711120605469
-0.112197875976563 -0.128242492675781 -0.05926513671875 0.197006225585937
-0.087127685546875 -0.19329833984375 -0.0902252197265625 0.261734008789063
-0.00569152832031248 -0.259033203125 -0.0477142333984375 0.212982177734375
0.0352783203125 -0.29754638671875 -0.3834228515625 -0.016204833984375
-0.10687255859375 -0.141326904296875 -0.170623779296875 -0.065643310546875
-0.116569519042969 -0.0551223754882812 -0.0417022705078125 -0.17041015625
-0.104949951171875 0.0268630981445313 -0.075592041015625 -0.227264404296875
-0.0654487609863281 0.0513153076171875 -0.1181640625 -0.226608276367188
-0.0476837158203125 0.0972747802734375 -0.185165405273438 -0.190093994140625
-0.0559539794921875 0.114013671875 -0.213180541992188 -0.131576538085938
-0.0710678100585938 0.109886169433594 -0.157180786132813 -0.08795166015625
-0.0996170043945312 0.129531860351563 -0.103652954101562 -0.0565338134765625
-0.151443481445313 0.0756378173828125 -0.0327320098876953 -0.01605224609375
-0.184890747070313 -0.018341064453125 0.00436401367187499 0.0373420715332031
-0.164810180664063 -0.110122680664062 -0.0127944946289063 0.0965957641601563
-0.0640716552734375 -0.217239379882813 -0.0313339233398437 0.131629943847656
-0.016448974609375 -0.26910400390625 -0.0612030029296875 0.165557861328125
0.079681396484375 -0.31195068359375 -0.00830078125 0.108413696289063
0.1370849609375 -0.29345703125 -0.336639404296875 -0.129913330078125
0.00222778320312499 -0.176925659179688 -0.134979248046875 -0.16424560546875
-0.0248336791992188 -0.133049011230469 -0.0224151611328125 -0.239334106445312
-0.065582275390625 -0.0709152221679688 -0.075836181640625 -0.28643798828125
-0.0578804016113281 -0.0380935668945313 -0.115859985351562 -0.257537841796875
-0.0843658447265625 0.0129318237304688 -0.179946899414063 -0.2193603515625
-0.113502502441406 0.0455093383789062 -0.195892333984375 -0.162643432617187
-0.121528625488281 0.050201416015625 -0.1304931640625 -0.117202758789063
-0.156570434570313 0.0731353759765625 -0.0720443725585938 -0.0963058471679687
-0.188766479492188 0.0252227783203125 0.00168609619140623 -0.0448379516601563
-0.205902099609375 -0.0770721435546875 0.0349922180175781 0.0120067596435547
-0.171463012695313 -0.16912841796875 0.00577163696289061 0.0633659362792969
-0.026611328125 -0.267684936523438 -0.0105743408203125 0.0718612670898438
0.040130615234375 -0.303436279296875 -0.0350151062011719 0.0626373291015625
0.148773193359375 -0.319793701171875 0.0500679016113281 -0.00535964965820315
0.21954345703125 -0.249542236328125 -0.254791259765625 -0.23004150390625
0.113510131835937 -0.186386108398438 -0.07110595703125 -0.253021240234375
0.0741119384765625 -0.200515747070313 0.00872802734375001 -0.29461669921875
-0.01934814453125 -0.170364379882813 -0.063262939453125 -0.32354736328125
-0.0471115112304688 -0.12652587890625 -0.100479125976563 -0.264312744140625
-0.113746643066406 -0.0728530883789062 -0.153961181640625 -0.22088623046875
-0.155227661132813 -0.0285797119140625 -0.153121948242188 -0.169830322265625
-0.1524658203125 -0.01849365234375 -0.0834121704101563 -0.128067016601563
-0.189071655273437 0.00407409667968752 -0.0255966186523438 -0.119911193847656
-0.196075439453125 -0.03155517578125 0.0406112670898437 -0.0632362365722656
-0.190765380859375 -0.12615966796875 0.0636634826660156 -0.00531768798828126
-0.148468017578125 -0.202560424804688 0.0210342407226562 0.0362205505371094
0.0160064697265625 -0.2779541015625 -0.000900268554687501 0.0224151611328125
0.093017578125 -0.290008544921875 -0.0160064697265625 -0.0338668823242188
0.200088500976563 -0.27923583984375 0.117210388183594 -0.112380981445313
0.262435913085938 -0.171173095703125 -0.1552734375 -0.304290771484375
0.195755004882813 -0.16070556640625 0.00268554687500004 -0.3228759765625
0.156570434570313 -0.22735595703125 0.04052734375 -0.32745361328125
0.0284271240234375 -0.236846923828125 -0.0418701171875 -0.32904052734375
-0.0287017822265625 -0.190933227539063 -0.0710296630859375 -0.240524291992188
-0.123275756835937 -0.142532348632813 -0.107803344726562 -0.197128295898438
-0.173110961914063 -0.0950927734375 -0.089630126953125 -0.1556396484375
-0.162033081054687 -0.0840606689453125 -0.0248565673828125 -0.119804382324219
-0.19378662109375 -0.06890869140625 0.027435302734375 -0.119438171386719
-0.173599243164063 -0.0927276611328125 0.0769119262695313 -0.06072998046875
-0.142364501953125 -0.169052124023438 0.0854873657226562 -0.00725555419921876
-0.0913848876953125 -0.219863891601563 0.0315189361572266 0.0214290618896484
0.07684326171875 -0.250152587890625 0.00199508666992188 -0.0107355117797852
0.151382446289062 -0.232131958007812 0.0033721923828125 -0.109451293945313
0.234466552734375 -0.195205688476563 0.18914794921875 -0.194717407226562
0.255935668945313 -0.0683746337890625 -0.05865478515625 -0.342926025390625
0.229995727539063 -0.0992584228515625 0.06805419921875 -0.36376953125
0.201873779296875 -0.198959350585938 0.058807373046875 -0.33251953125
0.06951904296875 -0.2432861328125 -0.021087646484375 -0.300323486328125
0.000701904296875017 -0.208206176757812 -0.0356903076171875 -0.194061279296875
-0.103561401367188 -0.182357788085938 -0.0472412109375 -0.15264892578125
-0.159332275390625 -0.146728515625 -0.0152359008789063 -0.123870849609375
-0.145736694335938 -0.137054443359375 0.0372467041015625 -0.093505859375
-0.173492431640625 -0.135467529296875 0.0816116333007812 -0.0932540893554688
-0.130645751953125 -0.148910522460938 0.107589721679687 -0.0320587158203125
-0.0718231201171875 -0.202713012695313 0.0996932983398438 0.01422119140625
-0.0119781494140625 -0.22259521484375 0.0392074584960938 0.0243682861328125
0.149673461914063 -0.195587158203125 0.00895881652832032 -0.0207424163818359
0.209274291992188 -0.1395263671875 0.03521728515625 -0.149459838867188
0.248046875 -0.0795135498046875 0.26226806640625 -0.236572265625
0.205459594726563 0.044921875 0.013031005859375 -0.340576171875
0.211807250976563 -0.0125732421875 0.108001708984375 -0.366241455078125
0.201263427734375 -0.117431640625 0.058807373046875 -0.30657958984375
0.0993499755859375 -0.185531616210937 -0.00369262695312497 -0.249114990234375
0.0410919189453125 -0.17333984375 -0.00648498535156251 -0.136428833007813
-0.0530548095703125 -0.186599731445313 0.00899505615234374 -0.0996627807617188
-0.113876342773437 -0.176345825195313 0.0537109375 -0.0800628662109375
-0.108184814453125 -0.169754028320312 0.093414306640625 -0.0534820556640625
-0.131439208984375 -0.181182861328125 0.131111145019531 -0.0423431396484375
-0.0790863037109375 -0.184799194335938 0.131477355957031 0.0209884643554687
-0.0037384033203125 -0.212997436523438 0.107521057128906 0.0554580688476562
0.0604705810546875 -0.205978393554687 0.0479011535644531 0.0456619262695312
0.205612182617187 -0.127609252929687 0.0250625610351563 -0.00493431091308595
0.245254516601562 -0.03485107421875 0.08209228515625 -0.1444091796875
0.232864379882813 0.044708251953125 0.332489013671875 -0.22833251953125
0.125961303710938 0.153533935546875 0.047454833984375 -0.29559326171875
0.155258178710938 0.0857391357421875 0.11627197265625 -0.3262939453125
0.166778564453125 -0.00360107421875 0.046783447265625 -0.258010864257813
0.117347717285156 -0.0833358764648437 0.00500488281250002 -0.190017700195313
0.0875167846679688 -0.101348876953125 0.00852203369140626 -0.0839691162109375
0.019744873046875 -0.162368774414063 0.0454139709472656 -0.0490913391113281
-0.0460052490234375 -0.181869506835938 0.101173400878906 -0.0311050415039063
-0.0540771484375 -0.176300048828125 0.133293151855469 -0.00379180908203126
-0.0758819580078125 -0.196914672851563 0.16925048828125 0.02056884765625
-0.0312042236328125 -0.187103271484375 0.1484375 0.0861053466796875
0.0445556640625 -0.193740844726563 0.114425659179688 0.108558654785156
0.102249145507813 -0.1690673828125 0.061370849609375 0.0847015380859375
0.2210693359375 -0.0612945556640625 0.0466270446777344 0.0392494201660156
0.241729736328125 0.0615997314453125 0.131889343261719 -0.0957794189453125
0.18450927734375 0.155044555664063 0.384490966796875 -0.17193603515625
-0.1075439453125 -0.241073608398438 -0.373382568359375 0.142669677734375
-0.199234008789062 -0.0489501953125 -0.159286499023438 0.0588836669921875
-0.175094604492188 0.049835205078125 -0.0432052612304688 -0.0926589965820313
-0.103805541992188 0.1263427734375 -0.069580078125 -0.156005859375
-0.0404052734375 0.128341674804688 -0.121978759765625 -0.171768188476563
0.02252197265625 0.151763916015625 -0.184844970703125 -0.129486083984375
0.035125732421875 0.14886474609375 -0.214126586914062 -0.0630340576171875
0.016143798828125 0.14190673828125 -0.168304443359375 -0.02850341796875
0.00640869140625002 0.159866333007813 -0.1195068359375 0.00452423095703125
-0.05908203125 0.126724243164063 -0.0583839416503906 0.0220756530761719
-0.117218017578125 0.0759201049804687 -0.0187339782714844 0.0670738220214844
-0.140190124511719 0.00872802734375 -0.019134521484375 0.131874084472656
-0.13238525390625 -0.100227355957031 -0.04486083984375 0.193023681640625
-0.120315551757813 -0.16937255859375 -0.0669708251953125 0.265396118164063
-0.0495452880859375 -0.248046875 -0.0318145751953125 0.216751098632812
-0.00631713867187501 -0.28790283203125 -0.385986328125 0.0343017578124999
-0.119804382324219 -0.113037109375 -0.174652099609375 -0.0348052978515625
-0.115653991699219 -0.0291366577148437 -0.0538330078125 -0.157562255859375
-0.0868988037109375 0.0455780029296875 -0.0909576416015625 -0.213790893554688
-0.0448112487792969 0.0565223693847656 -0.134490966796875 -0.2113037109375
-0.0233993530273438 0.0911483764648438 -0.2010498046875 -0.172073364257813
-0.0337142944335938 0.107681274414063 -0.228912353515625 -0.107559204101563
-0.0492477416992187 0.105903625488281 -0.172042846679688 -0.0680084228515625
-0.0724105834960937 0.129539489746094 -0.117805480957031 -0.0399246215820313
-0.128395080566406 0.0870361328125 -0.0473175048828125 -0.0109405517578125
-0.1729736328125 0.0063629150390625 -0.00552749633789063 0.0378189086914062
-0.169830322265625 -0.0813446044921875 -0.0149307250976563 0.094146728515625
-0.0926513671875 -0.196304321289063 -0.0301437377929688 0.126235961914063
-0.055755615234375 -0.254287719726563 -0.0535125732421875 0.16943359375
0.03277587890625 -0.312774658203125 -0.00926971435546874 0.113128662109375
0.100555419921875 -0.2984619140625 -0.35577392578125 -0.0787353515624999
-0.0133209228515625 -0.163467407226562 -0.152969360351563 -0.132919311523438
-0.032135009765625 -0.119461059570313 -0.04388427734375 -0.224929809570312
-0.0604019165039063 -0.057769775390625 -0.099700927734375 -0.2686767578125
-0.0481986999511719 -0.0335006713867188 -0.13787841796875 -0.239501953125
-0.071380615234375 0.0130996704101563 -0.2008056640625 -0.196517944335938
-0.100761413574219 0.0485916137695313 -0.216506958007813 -0.134719848632813
-0.107818603515625 0.0537338256835938 -0.148483276367188 -0.0955047607421875
-0.139007568359375 0.0813064575195312 -0.0925979614257813 -0.0781173706054688
-0.174774169921875 0.0408477783203125 -0.0183830261230469 -0.038848876953125
-0.202743530273438 -0.050994873046875 0.0189743041992187 0.0135250091552734
-0.183517456054688 -0.143020629882813 -0.00368499755859376 0.062744140625
-0.0575714111328125 -0.255706787109375 -0.020263671875 0.0671882629394531
0.000732421874999983 -0.29913330078125 -0.0437812805175781 0.066162109375
0.105987548828125 -0.330963134765625 0.0318794250488281 -0.00409698486328127
0.1925048828125 -0.268722534179688 -0.287322998046875 -0.18621826171875
0.0963592529296875 -0.189849853515625 -0.10186767578125 -0.226181030273438
0.058013916015625 -0.20306396484375 -0.020294189453125 -0.281982421875
-0.028961181640625 -0.1644287109375 -0.09356689453125 -0.304473876953125
-0.0515365600585938 -0.124130249023438 -0.125289916992187 -0.245376586914063
-0.113822937011719 -0.0666275024414063 -0.178207397460937 -0.198165893554688
-0.155227661132813 -0.0166168212890625 -0.175872802734375 -0.142959594726563
-0.150421142578125 -0.00749206542968749 -0.103813171386719 -0.108634948730469
-0.18377685546875 0.020050048828125 -0.0505294799804688 -0.102592468261719
-0.192886352539063 -0.0136566162109375 0.0181465148925781 -0.0560073852539063
-0.198226928710938 -0.10418701171875 0.0449943542480469 -0.00326919555664063
-0.166976928710937 -0.182846069335938 0.00682830810546874 0.0391082763671875
-0.0137939453125 -0.275909423828125 -0.0185928344726563 0.0204830169677734
0.060211181640625 -0.296600341796875 -0.0372962951660156 -0.0303230285644531
0.167388916015625 -0.300262451171875 0.0852813720703125 -0.116249084472656
0.247467041015625 -0.201187133789063 -0.196914672851562 -0.272171020507813
0.183059692382813 -0.180557250976563 -0.037567138671875 -0.304656982421875
0.136749267578125 -0.246551513671875 0.00500488281249999 -0.316650390625
0.00598144531250002 -0.239593505859375 -0.074249267578125 -0.31060791015625
-0.0455322265625 -0.191390991210938 -0.0935516357421875 -0.224533081054688
-0.136856079101562 -0.131919860839844 -0.129592895507812 -0.176925659179688
-0.184371948242187 -0.077545166015625 -0.111137390136719 -0.134117126464844
-0.170989990234375 -0.067596435546875 -0.0432586669921875 -0.105186462402344
-0.202133178710938 -0.0478973388671875 0.00307464599609374 -0.106353759765625
-0.182540893554688 -0.07470703125 0.0547676086425781 -0.0547981262207031
-0.16046142578125 -0.153472900390625 0.0671157836914063 -0.00449752807617189
-0.115585327148438 -0.210464477539063 0.0156059265136719 0.0253543853759765
0.0518035888671875 -0.261337280273438 -0.0189228057861328 -0.0106964111328125
0.12823486328125 -0.251327514648438 -0.0263824462890625 -0.10650634765625
0.216445922851563 -0.223251342773437 0.148178100585937 -0.206008911132812
0.257339477539063 -0.103012084960937 -0.103729248046875 -0.323211669921875
0.225692749023437 -0.12994384765625 0.02374267578125 -0.355072021484375
0.184616088867187 -0.228378295898438 0.021820068359375 -0.323822021484375
0.0417022705078125 -0.255462646484375 -0.05072021484375 -0.285003662109375
-0.0234832763671875 -0.213241577148438 -0.0524139404296875 -0.181137084960938
-0.127822875976563 -0.17132568359375 -0.0651168823242188 -0.139968872070313
-0.181610107421875 -0.125747680664063 -0.0326690673828125 -0.111457824707031
-0.165084838867188 -0.118026733398437 0.0230560302734375 -0.0861129760742188
-0.193252563476563 -0.111236572265625 0.0614471435546875 -0.0865325927734375
-0.151107788085938 -0.13250732421875 0.090484619140625 -0.0277099609375
-0.100173950195313 -0.195709228515625 0.0848236083984375 0.0164108276367187
-0.040618896484375 -0.225173950195313 0.0240345001220703 0.0280303955078125
0.130325317382813 -0.220062255859375 -0.0112533569335937 -0.0223560333251953
0.199386596679688 -0.170211791992188 0.00366210937500001 -0.150924682617187
0.2476806640625 -0.113616943359375 0.219024658203125 -0.256637573242188
0.221771240234375 0.012115478515625 -0.029327392578125 -0.3336181640625
0.219207763671875 -0.04486083984375 0.064666748046875 -0.36602783203125
0.192947387695313 -0.15380859375 0.025665283203125 -0.299407958984375
0.073883056640625 -0.205459594726563 -0.0262603759765625 -0.23590087890625
0.0157012939453125 -0.184356689453125 -0.0154342651367187 -0.128646850585938
-0.084259033203125 -0.179397583007812 -0.00112915039062499 -0.094970703125
-0.143112182617188 -0.156539916992187 0.0428314208984375 -0.0787124633789063
-0.13470458984375 -0.150634765625 0.085235595703125 -0.0540695190429688
-0.16021728515625 -0.157699584960938 0.118896484375 -0.0432968139648438
-0.108474731445313 -0.170074462890625 0.12237548828125 0.0215682983398437
-0.0384521484375 -0.212448120117187 0.100051879882813 0.0553665161132812
0.0283355712890625 -0.217514038085938 0.037017822265625 0.0464286804199219
0.192153930664063 -0.16229248046875 0.00951385498046876 -0.00875091552734376
0.247528076171875 -0.07440185546875 0.05352783203125 -0.153594970703125
0.248641967773438 0.0083770751953125 0.2926025390625 -0.257598876953125
0.156448364257813 0.126922607421875 0.0159912109375 -0.297088623046875
0.17529296875 0.05621337890625 0.081298828125 -0.332733154296875
0.17047119140625 -0.0390167236328125 0.0211334228515625 -0.251953125
0.102142333984375 -0.108566284179688 -0.00920104980468751 -0.179855346679688
0.0670242309570313 -0.117652893066406 0.00798797607421876 -0.079833984375
-0.0125732421875 -0.16192626953125 0.0448455810546875 -0.0520896911621094
-0.0794219970703125 -0.166961669921875 0.0990142822265625 -0.0394668579101563
-0.0845947265625 -0.159957885742188 0.132438659667969 -0.0124053955078125
-0.1102294921875 -0.17584228515625 0.166152954101563 0.011322021484375
-0.064208984375 -0.175613403320313 0.149520874023438 0.0814208984375
0.00773620605468749 -0.197952270507813 0.114036560058594 0.103836059570313
0.070404052734375 -0.186080932617188 0.0565414428710938 0.0815048217773437
0.212875366210938 -0.0987091064453125 0.0395355224609375 0.0307731628417969
0.253738403320313 0.0184173583984375 0.111976623535156 -0.113594055175781
0.212997436523438 0.12078857421875 0.3560791015625 -0.211212158203125
-0.136032104492187 -0.215805053710938 -0.355194091796875 0.17529296875
-0.197235107421875 -0.0172882080078125 -0.145416259765625 0.076812744140625
-0.16265869140625 0.0764007568359375 -0.0419540405273437 -0.08575439453125
-0.078338623046875 0.138290405273438 -0.072174072265625 -0.150955200195313
-0.0171356201171875 0.127716064453125 -0.128021240234375 -0.163986206054687
0.0456466674804687 0.13702392578125 -0.189422607421875 -0.12030029296875
0.0543060302734375 0.132217407226563 -0.218154907226562 -0.0496673583984375
0.034393310546875 0.128623962402344 -0.171966552734375 -0.0152130126953125
0.028900146484375 0.144485473632813 -0.122177124023437 0.01544189453125
-0.03570556640625 0.123519897460938 -0.0648040771484375 0.0260581970214844
-0.0957183837890625 0.0866012573242188 -0.0231971740722656 0.0669593811035156
-0.129714965820313 0.0296478271484375 -0.0172348022460938 0.128250122070313
-0.1434326171875 -0.07415771484375 -0.0376739501953125 0.187896728515625
-0.141510009765625 -0.143463134765625 -0.0496826171875 0.265335083007813
-0.0826416015625 -0.231582641601563 -0.0198211669921875 0.218338012695312
-0.03619384765625 -0.272232055664063 -0.37957763671875 0.0748291015624999
-0.123367309570313 -0.0882949829101562 -0.171661376953125 -0.00961303710937498
-0.108848571777344 -0.00939941406249998 -0.0599212646484375 -0.146728515625
-0.0677757263183594 0.0565299987792969 -0.0995330810546875 -0.202651977539063
-0.0272903442382812 0.0555992126464844 -0.14453125 -0.198684692382812
-0.00608825683593749 0.0811233520507813 -0.210556030273437 -0.1573486328125
-0.0188980102539062 0.0983810424804687 -0.237030029296875 -0.087493896484375
-0.034332275390625 0.098114013671875 -0.179702758789063 -0.0503692626953125
-0.0532379150390625 0.12188720703125 -0.125694274902344 -0.0237350463867187
-0.10870361328125 0.0896377563476562 -0.0586204528808594 -0.00268936157226561
-0.15753173828125 0.0212249755859375 -0.01470947265625 0.0413856506347656
-0.166900634765625 -0.0583648681640625 -0.0189971923828125 0.093780517578125
-0.109832763671875 -0.175308227539063 -0.0328826904296875 0.123710632324219
-0.083709716796875 -0.235397338867188 -0.0494842529296875 0.172897338867187
-0.00265502929687502 -0.30462646484375 -0.01055908203125 0.117630004882813
0.0718994140625 -0.29498291015625 -0.36297607421875 -0.036376953125
-0.0212249755859375 -0.15008544921875 -0.160507202148438 -0.105239868164063
-0.03369140625 -0.109794616699219 -0.057098388671875 -0.210647583007813
-0.0522994995117188 -0.0496177673339844 -0.114303588867188 -0.252838134765625
-0.0399436950683594 -0.0336723327636719 -0.151657104492188 -0.222702026367187
-0.0615119934082031 0.00903701782226564 -0.213882446289063 -0.177047729492188
-0.0917205810546875 0.047393798828125 -0.228164672851562 -0.11053466796875
-0.0985031127929688 0.053009033203125 -0.1595458984375 -0.075836181640625
-0.12542724609375 0.0830764770507813 -0.105354309082031 -0.0594024658203125
-0.162124633789063 0.04913330078125 -0.0326404571533203 -0.0284042358398437
-0.19561767578125 -0.03399658203125 0.00634193420410155 0.0195064544677734
-0.188201904296875 -0.121673583984375 -0.012786865234375 0.0668144226074219
-0.078948974609375 -0.241424560546875 -0.0313987731933594 0.06719970703125
-0.0286865234375 -0.288238525390625 -0.0513458251953125 0.0724334716796875
0.071990966796875 -0.332550048828125 0.0176010131835938 0.00149345397949217
0.169021606445312 -0.278732299804688 -0.305938720703125 -0.146026611328125
0.0848236083984375 -0.191207885742188 -0.119842529296875 -0.199783325195312
0.047454833984375 -0.204086303710938 -0.0389404296875 -0.266586303710938
-0.0344085693359375 -0.159225463867188 -0.112335205078125 -0.2867431640625
-0.0537796020507813 -0.123268127441406 -0.139511108398438 -0.227554321289063
-0.113533020019531 -0.0638351440429688 -0.192123413085938 -0.177047729492188
-0.153701782226563 -0.00912475585937501 -0.1890869140625 -0.119125366210938
-0.1480712890625 -0.00099182128906251 -0.114662170410156 -0.0898895263671875
-0.17767333984375 0.0296783447265625 -0.0651168823242188 -0.0837631225585937
-0.187698364257813 -0.00112915039062499 0.00161361694335937 -0.0450592041015625
-0.200836181640625 -0.0869140625 0.0311832427978515 0.00427246093749999
-0.177200317382812 -0.165115356445313 -0.00548553466796876 0.0453720092773437
-0.0344696044921875 -0.270797729492188 -0.0348548889160156 0.023111343383789
0.0333251953125 -0.296478271484375 -0.0550346374511719 -0.0215950012207032
0.140106201171875 -0.310821533203125 0.0595550537109375 -0.112266540527344
0.23291015625 -0.221893310546875 -0.224044799804687 -0.238327026367188
0.171188354492188 -0.194122314453125 -0.063720703125 -0.28302001953125
0.119384765625 -0.259307861328125 -0.017333984375 -0.3028564453125
-0.011138916015625 -0.239639282226563 -0.0947265625 -0.292022705078125
-0.0580902099609375 -0.190780639648438 -0.10723876953125 -0.208526611328125
-0.146621704101563 -0.122894287109375 -0.143951416015625 -0.15826416015625
-0.191162109375 -0.0609588623046875 -0.123916625976563 -0.113319396972656
-0.176193237304688 -0.0545196533203125 -0.0536422729492188 -0.0897216796875
-0.204864501953125 -0.0311431884765625 -0.0120162963867188 -0.0904769897460938
-0.186660766601562 -0.0597076416015625 0.0399360656738281 -0.043731689453125
-0.172256469726563 -0.139892578125 0.0539321899414062 0.00407791137695312
-0.133132934570313 -0.199615478515625 0.00246810913085936 0.0336971282958984
0.0322418212890625 -0.267547607421875 -0.0375938415527344 -0.00665283203125001
0.107986450195313 -0.263214111328125 -0.0505142211914062 -0.0977935791015625
0.1995849609375 -0.24298095703125 0.115158081054688 -0.205978393554688
0.253799438476563 -0.131683349609375 -0.1348876953125 -0.29974365234375
0.219131469726563 -0.15350341796875 -0.00820922851562498 -0.340423583984375
0.16705322265625 -0.25189208984375 -0.00238037109374996 -0.310699462890625
0.0177001953125 -0.261703491210938 -0.0677642822265625 -0.268096923828125
-0.0433197021484375 -0.214553833007813 -0.062530517578125 -0.16986083984375
-0.146316528320313 -0.1595458984375 -0.0756378173828125 -0.127143859863281
-0.195877075195313 -0.104766845703125 -0.0434951782226563 -0.0983428955078125
-0.177597045898437 -0.1007080078125 0.0154495239257812 -0.07684326171875
-0.205276489257813 -0.08966064453125 0.0491256713867187 -0.0758056640625
-0.164810180664062 -0.116439819335938 0.0798416137695313 -0.0190582275390625
-0.12066650390625 -0.185287475585938 0.0747909545898438 0.0236282348632812
-0.0642547607421875 -0.221969604492188 0.0120315551757812 0.0359764099121094
0.112228393554688 -0.237075805664063 -0.0290813446044922 -0.0176582336425781
0.18658447265625 -0.194961547851563 -0.0233917236328125 -0.145736694335938
0.242156982421875 -0.140914916992188 0.182830810546875 -0.262435913085937
0.230712890625 -0.0182647705078125 -0.05987548828125 -0.320068359375
0.219650268554688 -0.07373046875 0.03253173828125 -0.35894775390625
0.1807861328125 -0.182281494140625 0.003997802734375 -0.287750244140625
0.05023193359375 -0.218109130859375 -0.0396881103515625 -0.222259521484375
-0.00605773925781251 -0.189727783203125 -0.019378662109375 -0.121269226074219
-0.107803344726563 -0.168548583984375 -0.00707244873046876 -0.0897064208984375
-0.164154052734375 -0.134735107421875 0.0356521606445312 -0.074951171875
-0.152175903320312 -0.132156372070313 0.0804672241210937 -0.0517501831054688
-0.179183959960938 -0.133621215820312 0.110740661621094 -0.04010009765625
-0.129074096679687 -0.15350341796875 0.117294311523437 0.02581787109375
-0.0658111572265625 -0.206710815429688 0.0937957763671875 0.05914306640625
0.0015869140625 -0.221786499023438 0.0278053283691406 0.0526657104492187
0.1768798828125 -0.188644409179688 -0.00490093231201171 -0.00788211822509767
0.243057250976563 -0.108489990234375 0.0287628173828125 -0.1551513671875
0.255081176757813 -0.0237884521484375 0.258834838867188 -0.2733154296875
0.175399780273438 0.09912109375 -0.00875854492187499 -0.292938232421875
0.18597412109375 0.0274505615234375 0.05364990234375 -0.331634521484375
0.167572021484375 -0.0691680908203125 0.00433349609374998 -0.241806030273438
0.0835113525390625 -0.126640319824219 -0.0152130126953125 -0.170211791992188
0.047515869140625 -0.127731323242188 0.0106735229492187 -0.07696533203125
-0.0386199951171875 -0.154983520507813 0.0441436767578125 -0.0541191101074219
-0.102890014648438 -0.147872924804687 0.096771240234375 -0.0444793701171875
-0.104629516601563 -0.142105102539063 0.132431030273438 -0.0184555053710938
-0.13201904296875 -0.152206420898438 0.163970947265625 0.00680541992187499
-0.0876312255859375 -0.159469604492188 0.150650024414062 0.0796966552734375
-0.0214996337890625 -0.193557739257813 0.113174438476563 0.103164672851562
0.042388916015625 -0.193222045898437 0.0514755249023438 0.0822296142578125
0.199325561523437 -0.129318237304688 0.0303287506103516 0.025726318359375
0.255661010742188 -0.01806640625 0.0925064086914063 -0.124076843261719
0.229141235351563 0.0890045166015625 0.32977294921875 -0.235107421875
-0.156784057617187 -0.193283081054688 -0.34197998046875 0.203125
-0.1939697265625 0.00790405273437503 -0.134025573730469 0.0913619995117188
-0.150131225585937 0.0978546142578125 -0.0410003662109375 -0.083099365234375
-0.0563812255859375 0.145782470703125 -0.074859619140625 -0.151168823242188
0.00172424316406249 0.12518310546875 -0.133773803710938 -0.160400390625
0.06201171875 0.123085021972656 -0.1956787109375 -0.117141723632813
0.0681838989257813 0.117294311523437 -0.22344970703125 -0.0398406982421875
0.0474319458007813 0.115806579589844 -0.177841186523438 -0.00520324707031248
0.0452728271484375 0.130393981933594 -0.124900817871094 0.025543212890625
-0.0186538696289062 0.118087768554688 -0.0711593627929688 0.0310745239257813
-0.0782546997070313 0.0914993286132813 -0.0276870727539063 0.06951904296875
-0.119369506835937 0.0454788208007812 -0.0180892944335938 0.128250122070312
-0.149307250976563 -0.051605224609375 -0.0350799560546875 0.186920166015625
-0.1573486328125 -0.119705200195313 -0.03875732421875 0.26800537109375
-0.108627319335938 -0.21685791015625 -0.01165771484375 0.2216796875
-0.0583648681640625 -0.258712768554687 -0.376068115234375 0.10858154296875
-0.122703552246094 -0.0692062377929687 -0.168075561523438 0.010650634765625
-0.101127624511719 0.0064239501953125 -0.0631256103515625 -0.139610290527344
-0.0510749816894531 0.0619621276855469 -0.106338500976562 -0.197265625
-0.013519287109375 0.0522422790527344 -0.1531982421875 -0.191757202148438
0.006134033203125 0.0701522827148438 -0.219680786132813 -0.147720336914062
-0.00817108154296876 0.08807373046875 -0.246231079101563 -0.0714569091796875
-0.0247421264648438 0.09039306640625 -0.187042236328125 -0.0357208251953125
-0.040374755859375 0.1146240234375 -0.132537841796875 -0.00926208496093751
-0.0953750610351563 0.0892105102539063 -0.0677719116210938 0.00587844848632814
-0.146896362304688 0.030517578125 -0.0220260620117188 0.0474014282226563
-0.1640625 -0.0426025390625 -0.024261474609375 0.098175048828125
-0.121810913085938 -0.158828735351562 -0.038055419921875 0.124954223632812
-0.104537963867187 -0.219589233398438 -0.0472412109375 0.179244995117188
-0.031036376953125 -0.297027587890625 -0.0118942260742187 0.1246337890625
0.051239013671875 -0.293365478515625 -0.36810302734375 0.000366210937499908
-0.0248260498046875 -0.140899658203125 -0.164596557617188 -0.0823822021484375
-0.0329742431640625 -0.102096557617188 -0.065216064453125 -0.202117919921875
-0.0440483093261719 -0.0452499389648438 -0.124847412109375 -0.243438720703125
-0.0337486267089844 -0.03680419921875 -0.161529541015625 -0.21240234375
-0.05584716796875 0.00328826904296876 -0.22509765625 -0.163345336914062
-0.087127685546875 0.0456008911132812 -0.237869262695313 -0.0911102294921875
-0.0940399169921875 0.0509796142578125 -0.167312622070313 -0.05938720703125
-0.117080688476563 0.0825958251953125 -0.114089965820313 -0.0423126220703125
-0.153549194335938 0.053955078125 -0.0436325073242188 -0.0172843933105469
-0.19097900390625 -0.0234527587890625 -0.00207710266113282 0.0285892486572266
-0.191436767578125 -0.105926513671875 -0.0211181640625 0.0741043090820312
-0.0944061279296875 -0.231826782226563 -0.0436248779296875 0.0717544555664062
-0.05010986328125 -0.280502319335938 -0.0591354370117188 0.0820236206054687
0.0460205078125 -0.334625244140625 0.00679445266723633 0.00823640823364256
0.152069091796875 -0.2891845703125 -0.319549560546875 -0.11090087890625
0.078948974609375 -0.193115234375 -0.131332397460937 -0.178024291992188
0.0404052734375 -0.206649780273438 -0.051055908203125 -0.2567138671875
-0.03729248046875 -0.158370971679688 -0.125381469726563 -0.274871826171875
-0.0562896728515625 -0.125900268554688 -0.150543212890625 -0.215911865234375
-0.115470886230469 -0.0640182495117188 -0.204025268554688 -0.161087036132812
-0.154449462890625 -0.00296020507812503 -0.198867797851563 -0.0984344482421875
-0.14892578125 0.00318908691406251 -0.122329711914063 -0.0738296508789062
-0.176025390625 0.0370635986328125 -0.07501220703125 -0.0671539306640625
-0.186187744140625 0.00697326660156251 -0.00862503051757814 -0.0329208374023438
-0.20318603515625 -0.076446533203125 0.0220966339111328 0.015167236328125
-0.186203002929687 -0.153854370117188 -0.0146636962890625 0.0553932189941406
-0.0518951416015625 -0.269271850585938 -0.0507431030273437 0.0301475524902343
0.0133056640625 -0.29815673828125 -0.0707855224609375 -0.010650634765625
0.119720458984375 -0.321807861328125 0.0412445068359375 -0.107078552246094
0.2230224609375 -0.241363525390625 -0.244293212890625 -0.2100830078125
0.164276123046875 -0.207595825195312 -0.081939697265625 -0.265274047851563
0.10577392578125 -0.27264404296875 -0.03271484375 -0.29315185546875
-0.023773193359375 -0.2418212890625 -0.108184814453125 -0.279998779296875
-0.069915771484375 -0.193572998046875 -0.116546630859375 -0.198226928710938
-0.156158447265625 -0.1170654296875 -0.154205322265625 -0.14337158203125
-0.198532104492188 -0.0482940673828125 -0.132110595703125 -0.0961074829101563
-0.182601928710938 -0.0448150634765625 -0.0595932006835938 -0.0772705078125
-0.20904541015625 -0.0181884765625 -0.02069091796875 -0.0759429931640625
-0.191757202148438 -0.0491943359375 0.0318775177001953 -0.0315265655517578
-0.182357788085938 -0.130096435546875 0.046234130859375 0.0150222778320312
-0.1470947265625 -0.193206787109375 -0.00664901733398438 0.0455322265625
0.01495361328125 -0.275665283203125 -0.054840087890625 0.00263214111328124
0.0917510986328125 -0.275360107421875 -0.0713653564453125 -0.0875244140625
0.186538696289062 -0.262298583984375 0.0905609130859375 -0.204666137695313
0.251449584960938 -0.156646728515625 -0.158737182617188 -0.28009033203125
0.214691162109375 -0.175460815429687 -0.032012939453125 -0.329132080078125
0.1510009765625 -0.27423095703125 -0.018280029296875 -0.30230712890625
-0.00201416015624998 -0.267730712890625 -0.079864501953125 -0.256820678710937
-0.061309814453125 -0.217819213867188 -0.0681610107421875 -0.162994384765625
-0.162384033203125 -0.14971923828125 -0.0833206176757813 -0.11688232421875
-0.208358764648437 -0.087371826171875 -0.04986572265625 -0.0872573852539063
-0.189376831054688 -0.08673095703125 0.0108871459960937 -0.0695991516113281
-0.215560913085938 -0.0709991455078124 0.04302978515625 -0.0653266906738281
-0.176239013671875 -0.103103637695313 0.0747833251953125 -0.00863647460937501
-0.138626098632812 -0.177261352539063 0.0699539184570312 0.0331535339355469
-0.083770751953125 -0.22149658203125 0.00392913818359375 0.0470390319824219
0.0973968505859375 -0.254867553710937 -0.0449180603027344 -0.0104637145996094
0.176193237304688 -0.217437744140625 -0.0453033447265625 -0.138656616210938
0.239395141601563 -0.165817260742188 0.156417846679688 -0.266693115234375
0.236557006835938 -0.0454864501953125 -0.08270263671875 -0.309722900390625
0.2210693359375 -0.100234985351563 0.00857543945312498 -0.353790283203125
0.168075561523437 -0.208480834960937 -0.010009765625 -0.281524658203125
0.0288238525390625 -0.228866577148438 -0.0466461181640625 -0.214202880859375
-0.026214599609375 -0.194900512695312 -0.0208053588867188 -0.118881225585938
-0.127670288085938 -0.158004760742188 -0.0110931396484375 -0.0862197875976563
-0.180191040039063 -0.115982055664063 0.0322723388671875 -0.0711822509765625
-0.1671142578125 -0.115432739257813 0.0797348022460937 -0.0506515502929688
-0.192962646484375 -0.11279296875 0.107841491699219 -0.0359878540039063
-0.144775390625 -0.138717651367188 0.117271423339844 0.032928466796875
-0.0874481201171875 -0.200210571289063 0.092559814453125 0.066558837890625
-0.0211181640625 -0.224868774414062 0.0219535827636719 0.0612144470214843
0.162551879882812 -0.212356567382812 -0.0177459716796875 -0.00448608398437501
0.238357543945312 -0.136962890625 0.00773620605468753 -0.15484619140625
0.261062622070312 -0.0520172119140625 0.23480224609375 -0.284637451171875
0.18975830078125 0.07525634765625 -0.02642822265625 -0.291351318359375
0.193740844726562 0.0016326904296875 0.03369140625 -0.333404541015625
0.162460327148438 -0.09527587890625 -0.00534057617187497 -0.236328125
0.0670547485351563 -0.140289306640625 -0.0167236328125 -0.165969848632813
0.0296401977539063 -0.135528564453125 0.0142745971679687 -0.0781326293945313
-0.0596160888671875 -0.146957397460938 0.0449333190917969 -0.056732177734375
-0.121055603027344 -0.130760192871094 0.0969009399414062 -0.0494537353515625
-0.120231628417969 -0.126235961914063 0.134521484375 -0.02398681640625
-0.148300170898438 -0.131729125976562 0.165451049804687 0.00468444824218749
-0.105880737304688 -0.145278930664063 0.155319213867188 0.081787109375
-0.0450286865234375 -0.188140869140625 0.115081787109375 0.106658935546875
0.0195159912109375 -0.19818115234375 0.0485458374023438 0.0870285034179687
0.187088012695313 -0.155059814453125 0.0227680206298828 0.0246829986572265
0.255035400390625 -0.0501708984375 0.0764923095703125 -0.131309509277344
0.2427978515625 0.0605316162109375 0.31219482421875 -0.2557373046875
-0.177932739257812 -0.172195434570312 -0.332916259765625 0.2362060546875
-0.189620971679688 0.031829833984375 -0.122932434082031 0.105796813964844
-0.136268615722656 0.119361877441406 -0.041351318359375 -0.08270263671875
-0.03460693359375 0.152618408203125 -0.0803375244140625 -0.1541748046875
0.0196380615234375 0.12249755859375 -0.14337158203125 -0.160263061523438
0.0770492553710938 0.109199523925781 -0.20758056640625 -0.113906860351562
0.0797958374023438 0.103134155273438 -0.234542846679688 -0.0283966064453125
0.0591354370117188 0.104637145996094 -0.184921264648438 0.00697326660156254
0.0582199096679688 0.117088317871094 -0.129592895507813 0.0367584228515625
-0.00357055664062499 0.112678527832031 -0.0772323608398438 0.0395736694335938
-0.0634994506835938 0.0961227416992188 -0.0313949584960938 0.0757904052734375
-0.108818054199219 0.0601119995117188 -0.01824951171875 0.133758544921875
-0.154296875 -0.0287628173828125 -0.0322418212890625 0.191390991210938
-0.1712646484375 -0.0972442626953125 -0.025543212890625 0.27606201171875
-0.134231567382813 -0.202392578125 -0.00205993652343753 0.229827880859375
-0.07940673828125 -0.248641967773437 -0.375213623046875 0.14599609375
-0.122215270996094 -0.0529327392578125 -0.164321899414063 0.03076171875
-0.0928802490234375 0.0205001831054688 -0.0679702758789062 -0.136322021484375
-0.0352554321289062 0.0660552978515625 -0.11639404296875 -0.195541381835938
-0.00146102905273438 0.0477333068847656 -0.165420532226563 -0.187118530273438
0.0160255432128906 0.0593490600585937 -0.233901977539063 -0.139022827148438
-0.000480651855468759 0.0806655883789062 -0.25909423828125 -0.054229736328125
-0.017059326171875 0.0846786499023438 -0.196365356445313 -0.0198211669921875
-0.03094482421875 0.108306884765625 -0.138984680175781 0.00560760498046876
-0.0850753784179688 0.0899505615234375 -0.0754852294921875 0.0166702270507812
-0.138771057128906 0.0379486083984375 -0.0274925231933594 0.0566368103027344
-0.163467407226563 -0.028045654296875 -0.0280914306640625 0.106277465820312
-0.134658813476563 -0.1439208984375 -0.0431900024414063 0.132331848144531
-0.124282836914062 -0.20513916015625 -0.0439605712890625 0.19097900390625
-0.059722900390625 -0.293792724609375 -0.011383056640625 0.13433837890625
0.0321044921875 -0.296142578125 -0.37628173828125 0.0390319824218751
-0.0277252197265625 -0.135650634765625 -0.169052124023437 -0.06036376953125
-0.0320205688476563 -0.0981597900390625 -0.074493408203125 -0.19708251953125
-0.03741455078125 -0.0448112487792969 -0.138275146484375 -0.238174438476563
-0.0297813415527344 -0.0424690246582031 -0.175155639648438 -0.205123901367188
-0.0533523559570313 -0.00240707397460937 -0.24005126953125 -0.149932861328125
-0.0848617553710938 0.0450973510742188 -0.25103759765625 -0.0709686279296875
-0.0922317504882813 0.051055908203125 -0.176910400390625 -0.04296875
-0.113739013671875 0.08465576171875 -0.121788024902344 -0.0255279541015625
-0.149185180664063 0.0588531494140625 -0.0522613525390625 -0.00480270385742187
-0.190689086914063 -0.013427734375 -0.00798797607421876 0.039398193359375
-0.197982788085938 -0.093231201171875 -0.0268020629882813 0.0852432250976563
-0.112640380859375 -0.225845336914063 -0.0544509887695312 0.0811691284179688
-0.0726776123046875 -0.27581787109375 -0.0655975341796875 0.0952529907226563
0.019073486328125 -0.340911865234375 -0.0020599365234375 0.0169811248779297
0.137054443359375 -0.302947998046875 -0.33526611328125 -0.0765380859375
0.0734100341796875 -0.200042724609375 -0.142852783203125 -0.158355712890625
0.032989501953125 -0.214584350585938 -0.0638427734375 -0.252471923828125
-0.0420074462890625 -0.16009521484375 -0.141250610351562 -0.26715087890625
-0.0624618530273438 -0.131492614746094 -0.164138793945312 -0.20849609375
-0.1204833984375 -0.0634613037109375 -0.21929931640625 -0.146713256835937
-0.158981323242188 0.00436401367187498 -0.209762573242187 -0.0787506103515625
-0.15411376953125 0.00939941406250003 -0.130165100097656 -0.0589599609375
-0.177566528320313 0.04620361328125 -0.0827255249023438 -0.0516357421875
-0.187652587890625 0.016357421875 -0.0160484313964844 -0.0199451446533203
-0.2100830078125 -0.0655364990234375 0.0177497863769531 0.026947021484375
-0.199630737304688 -0.144561767578125 -0.0208244323730469 0.0686149597167969
-0.071441650390625 -0.27203369140625 -0.0651893615722656 0.0421562194824219
-0.00808715820312497 -0.30377197265625 -0.0850982666015625 0.00309753417968746
0.0989074707031251 -0.338165283203125 0.0242919921875 -0.102081298828125
0.21343994140625 -0.2666015625 -0.265792846679687 -0.18243408203125
0.158004760742188 -0.225860595703125 -0.1005859375 -0.25146484375
0.092010498046875 -0.2906494140625 -0.047271728515625 -0.28924560546875
-0.0397796630859375 -0.247329711914063 -0.123779296875 -0.273330688476563
-0.084869384765625 -0.198272705078125 -0.129470825195313 -0.192337036132812
-0.16973876953125 -0.111557006835938 -0.166580200195312 -0.129867553710938
-0.208221435546875 -0.0343017578125 -0.140777587890625 -0.0799102783203125
-0.192916870117188 -0.033111572265625 -0.0651397705078125 -0.0665779113769531
-0.216888427734375 -0.00230407714843746 -0.026123046875 -0.0636444091796875
-0.199966430664063 -0.0369720458984375 0.0275745391845703 -0.0206069946289063
-0.19677734375 -0.120697021484375 0.0438079833984375 0.0260009765625
-0.165908813476563 -0.187911987304687 -0.0124053955078125 0.0592842102050781
-0.00500488281250003 -0.287567138671875 -0.0701332092285156 0.0151481628417969
0.073699951171875 -0.2918701171875 -0.0909957885742188 -0.0754776000976563
0.1748046875 -0.286468505859375 0.06854248046875 -0.20489501953125
0.249542236328125 -0.186492919921875 -0.18328857421875 -0.2623291015625
0.2098388671875 -0.201324462890625 -0.0548095703125 -0.321502685546875
0.134613037109375 -0.30023193359375 -0.034088134765625 -0.29962158203125
-0.0245513916015625 -0.277069091796875 -0.0937347412109375 -0.252365112304688
-0.08221435546875 -0.2232666015625 -0.0767669677734375 -0.159957885742188
-0.180801391601563 -0.139923095703125 -0.09210205078125 -0.107841491699219
-0.222564697265625 -0.068115234375 -0.0552597045898438 -0.0780868530273437
-0.20343017578125 -0.07196044921875 0.00923538208007812 -0.0642738342285156
-0.22808837890625 -0.052337646484375 0.0402946472167969 -0.0577239990234375
-0.189697265625 -0.089630126953125 0.0755844116210937 7.62939453124451E-06
-0.158447265625 -0.169891357421875 0.0706558227539062 0.043182373046875
-0.107223510742187 -0.221145629882813 -0.000305175781250005 0.0601577758789062
0.078582763671875 -0.2764892578125 -0.0600090026855469 -7.62939453125207E-05
0.164215087890625 -0.243972778320312 -0.0675811767578125 -0.130958557128906
0.236312866210937 -0.195404052734375 0.133407592773438 -0.275421142578125
0.24322509765625 -0.074554443359375 -0.106414794921875 -0.302398681640625
0.221435546875 -0.128738403320312 -0.0162353515625 -0.35467529296875
0.15386962890625 -0.238739013671875 -0.023895263671875 -0.279296875
0.00634765624999999 -0.240432739257813 -0.0558319091796875 -0.211669921875
-0.0489654541015625 -0.200592041015625 -0.0238037109375 -0.119461059570313
-0.149215698242188 -0.147048950195313 -0.014862060546875 -0.0838851928710938
-0.197265625 -0.095672607421875 0.0302238464355469 -0.070068359375
-0.183242797851563 -0.0987396240234375 0.0806350708007812 -0.0526199340820313
-0.209121704101562 -0.0922698974609375 0.110511779785156 -0.0337753295898438
-0.1614990234375 -0.124771118164063 0.123130798339844 0.0385589599609375
-0.110931396484375 -0.194259643554688 0.0963363647460938 0.0747909545898437
-0.0456390380859375 -0.2281494140625 0.0195999145507813 0.0723342895507812
0.146942138671875 -0.238922119140625 -0.0297298431396484 0.00223922729492186
0.231765747070313 -0.17022705078125 -0.01263427734375 -0.154434204101563
0.267654418945312 -0.083465576171875 0.214996337890625 -0.30255126953125
0.2032470703125 0.0499420166015625 -0.04632568359375 -0.293212890625
0.200607299804687 -0.025238037109375 0.01171875 -0.34033203125
0.15545654296875 -0.123855590820313 -0.0150146484375 -0.235763549804688
0.048248291015625 -0.153350830078125 -0.02008056640625 -0.166229248046875
0.010955810546875 -0.143310546875 0.0167007446289063 -0.0831527709960938
-0.0794525146484375 -0.138717651367188 0.0456161499023437 -0.0614700317382813
-0.13812255859375 -0.112930297851562 0.098480224609375 -0.056365966796875
-0.136444091796875 -0.110786437988281 0.139633178710937 -0.0314254760742188
-0.164016723632813 -0.111495971679687 0.172332763671875 7.62939453124932E-05
-0.122642517089844 -0.130416870117187 0.166152954101563 0.0835418701171875
-0.0687713623046875 -0.183319091796875 0.121925354003906 0.110877990722656
-0.00518798828125001 -0.201995849609375 0.0490875244140625 0.0938186645507812
0.173629760742187 -0.18212890625 0.0155506134033203 0.02569580078125
0.254684448242188 -0.083831787109375 0.0607681274414063 -0.139739990234375
0.2554931640625 0.0316009521484375 0.297332763671875 -0.281097412109375
-0.199478149414063 -0.146484375 -0.316253662109375 0.27587890625
-0.183120727539063 0.057769775390625 -0.108924865722656 0.121574401855469
-0.11773681640625 0.141372680664062 -0.0447998046875 -0.0831146240234375
-0.00952148437499998 0.157180786132813 -0.0924530029296875 -0.156402587890625
0.0386581420898437 0.117576599121094 -0.158248901367188 -0.156890869140625
0.0914230346679687 0.0932846069335938 -0.22479248046875 -0.105621337890625
0.0921859741210938 0.0875167846679688 -0.247100830078125 -0.00968933105468748
0.0706024169921875 0.0922622680664063 -0.192916870117188 0.0249786376953125
0.0708541870117188 0.102668762207031 -0.132362365722656 0.0518798828125
0.01123046875 0.106758117675781 -0.0819015502929688 0.0500717163085937
-0.0472793579101562 0.0994644165039063 -0.0317153930664062 0.0842819213867188
-0.0968399047851563 0.0744476318359375 -0.014373779296875 0.14154052734375
-0.15625 -0.00413513183593751 -0.0250396728515625 0.200103759765625
-0.183914184570313 -0.0697021484375 -0.00604248046875002 0.286834716796875
-0.161758422851563 -0.183425903320312 0.0136566162109375 0.2388916015625
-0.104324340820312 -0.237442016601563 -0.369232177734375 0.1932373046875
-0.121261596679688 -0.036224365234375 -0.15838623046875 0.052825927734375
-0.081878662109375 0.0343780517578125 -0.0762939453125 -0.132331848144531
-0.0182380676269531 0.068084716796875 -0.1319580078125 -0.192230224609375
0.00963592529296875 0.0410423278808594 -0.183013916015625 -0.179840087890625
0.024200439453125 0.0477485656738281 -0.252716064453125 -0.124786376953125
0.00688934326171875 0.0727996826171875 -0.272171020507813 -0.030426025390625
-0.0109024047851563 0.0790557861328125 -0.205535888671875 0.00196838378906252
-0.0220489501953125 0.103446960449219 -0.144302368164063 0.0246734619140625
-0.0748825073242188 0.0913238525390625 -0.0819778442382813 0.0303955078125
-0.131553649902344 0.047271728515625 -0.0294914245605469 0.0676078796386719
-0.161773681640625 -0.011627197265625 -0.0271453857421875 0.118110656738281
-0.147979736328125 -0.12738037109375 -0.0437164306640625 0.1444091796875
-0.146331787109375 -0.187026977539063 -0.0355682373046875 0.205596923828125
-0.092010498046875 -0.2864990234375 -0.00636291503906251 0.145706176757812
0.00698852539062501 -0.30047607421875 -0.380096435546875 0.0866394042968751
-0.0322723388671875 -0.131576538085938 -0.1719970703125 -0.036651611328125
-0.03289794921875 -0.095367431640625 -0.087677001953125 -0.192108154296875
-0.0321731567382812 -0.0453605651855469 -0.158004760742187 -0.230804443359375
-0.0285987854003906 -0.0482826232910156 -0.194976806640625 -0.195526123046875
-0.0534858703613281 -0.00757980346679687 -0.259109497070313 -0.132095336914062
-0.083099365234375 0.0469512939453125 -0.263870239257813 -0.0448760986328125
-0.0919189453125 0.0538177490234375 -0.185928344726563 -0.021331787109375
-0.109878540039063 0.089813232421875 -0.128555297851563 -0.00640106201171875
-0.144882202148438 0.0675048828125 -0.0576438903808594 0.00948333740234376
-0.192153930664063 2.35312924403155E-17 -0.00921249389648438 0.0511474609375
-0.206298828125 -0.076873779296875 -0.0276336669921875 0.099945068359375
-0.133941650390625 -0.217315673828125 -0.0615386962890625 0.0968475341796875
-0.100479125976563 -0.268753051757813 -0.0676498413085937 0.112266540527344
-0.014190673828125 -0.346832275390625 -0.00880050659179688 0.027414321899414
0.114898681640625 -0.32281494140625 -0.348663330078125 -0.0332336425781251
0.06268310546875 -0.210037231445313 -0.155914306640625 -0.136688232421875
0.019622802734375 -0.223800659179688 -0.08111572265625 -0.2484130859375
-0.0513916015625 -0.163238525390625 -0.163604736328125 -0.2593994140625
-0.0736083984375 -0.136283874511719 -0.183883666992187 -0.198074340820313
-0.129745483398438 -0.0601882934570313 -0.23614501953125 -0.126708984375
-0.16363525390625 0.016082763671875 -0.220748901367188 -0.0546722412109375
-0.159500122070313 0.0197906494140625 -0.138153076171875 -0.0412139892578125
-0.179946899414063 0.060699462890625 -0.0887451171875 -0.0345916748046875
-0.190109252929688 0.0300750732421875 -0.0200462341308594 -0.0073089599609375
-0.220046997070313 -0.0513763427734375 0.01727294921875 0.0386810302734375
-0.21563720703125 -0.130096435546875 -0.0219879150390625 0.0841827392578125
-0.098602294921875 -0.273300170898438 -0.0764617919921875 0.0600128173828125
-0.037506103515625 -0.30877685546875 -0.0970840454101563 0.022369384765625
0.069549560546875 -0.35552978515625 0.00727081298828126 -0.09613037109375
0.197357177734375 -0.295654296875 -0.287384033203125 -0.14825439453125
0.1456298828125 -0.248580932617188 -0.121414184570312 -0.235366821289063
0.06927490234375 -0.311981201171875 -0.06781005859375 -0.286712646484375
-0.0623779296875 -0.252761840820313 -0.145843505859375 -0.265716552734375
-0.1065673828125 -0.20123291015625 -0.145706176757813 -0.184402465820312
-0.185226440429688 -0.100112915039062 -0.180496215820312 -0.112503051757813
-0.21826171875 -0.014312744140625 -0.149307250976563 -0.0615692138671875
-0.20367431640625 -0.0163726806640625 -0.070343017578125 -0.0553665161132812
-0.224334716796875 0.0182952880859375 -0.0301475524902344 -0.0515670776367187
-0.208999633789062 -0.01971435546875 0.0271472930908203 -0.0101833343505859
-0.214065551757813 -0.10662841796875 0.0465240478515625 0.0369377136230469
-0.188858032226563 -0.17877197265625 -0.0128250122070313 0.0755157470703125
-0.032958984375 -0.300079345703125 -0.0830078125 0.0333023071289062
0.048065185546875 -0.3092041015625 -0.110397338867188 -0.0573272705078125
0.155059814453125 -0.31500244140625 0.0443878173828125 -0.207138061523438
0.241439819335938 -0.222122192382813 -0.210586547851562 -0.239227294921875
0.198867797851563 -0.232437133789063 -0.082489013671875 -0.3135986328125
0.108001708984375 -0.329193115234375 -0.054840087890625 -0.29876708984375
-0.053863525390625 -0.284515380859375 -0.112106323242188 -0.24737548828125
-0.110443115234375 -0.224929809570313 -0.0894012451171875 -0.15582275390625
-0.202285766601563 -0.1239013671875 -0.101615905761719 -0.097015380859375
-0.235855102539063 -0.04364013671875 -0.0605049133300781 -0.0670661926269531
-0.218505859375 -0.0506591796875 0.00646591186523437 -0.0607833862304688
-0.239852905273438 -0.02703857421875 0.0401573181152344 -0.0521278381347656
-0.2039794921875 -0.0709381103515625 0.0800552368164062 0.00603485107421875
-0.181747436523438 -0.158294677734375 0.076263427734375 0.0518417358398437
-0.134201049804688 -0.217010498046875 0.000595092773437484 0.0748367309570312
0.051422119140625 -0.298553466796875 -0.072967529296875 0.0159149169921875
0.143768310546875 -0.2728271484375 -0.0915451049804687 -0.119010925292969
0.227203369140625 -0.232681274414063 0.105560302734375 -0.286865234375
0.245208740234375 -0.110183715820313 -0.135772705078125 -0.291595458984375
0.215805053710938 -0.162750244140625 -0.047149658203125 -0.353759765625
0.131210327148438 -0.2694091796875 -0.0425262451171875 -0.278778076171875
-0.0235748291015625 -0.249755859375 -0.06890869140625 -0.210006713867188
-0.0769805908203125 -0.204086303710938 -0.030181884765625 -0.121360778808594
-0.172195434570312 -0.130828857421875 -0.0200576782226563 -0.0816879272460938
-0.213409423828125 -0.0698394775390625 0.0277938842773437 -0.0706253051757813
-0.199615478515625 -0.0768280029296875 0.0821914672851562 -0.0566864013671875
-0.22369384765625 -0.065765380859375 0.113914489746094 -0.0363082885742188
-0.178985595703125 -0.106536865234375 0.133232116699219 0.0400314331054687
-0.136993408203125 -0.184951782226563 0.105796813964844 0.0799407958984375
-0.0750732421875 -0.228805541992188 0.0229034423828125 0.0833816528320312
0.121871948242188 -0.266983032226563 -0.0400009155273437 0.0118942260742187
0.218765258789063 -0.206329345703125 -0.036529541015625 -0.151824951171875
0.269363403320312 -0.122909545898437 0.187774658203125 -0.325347900390625
0.215713500976562 0.01959228515625 -0.073028564453125 -0.2928466796875
0.202850341796875 -0.0561981201171875 -0.018096923828125 -0.3470458984375
0.141082763671875 -0.152862548828125 -0.0295257568359375 -0.23699951171875
0.0253753662109375 -0.16522216796875 -0.02630615234375 -0.169403076171875
-0.0113525390625 -0.148513793945313 0.0161895751953125 -0.0899505615234375
-0.100738525390625 -0.126457214355469 0.0441551208496094 -0.0679283142089844
-0.15478515625 -0.0913238525390625 0.0988311767578125 -0.066009521484375
-0.151962280273437 -0.0911102294921875 0.144378662109375 -0.0432891845703125
-0.179229736328125 -0.0878143310546875 0.180740356445313 -0.00975036621093751
-0.1396484375 -0.112442016601563 0.181442260742188 0.080291748046875
-0.09375 -0.174484252929688 0.134864807128906 0.112899780273438
-0.032257080078125 -0.204254150390625 0.0540924072265625 0.100273132324219
0.152694702148438 -0.210891723632813 0.00945091247558595 0.0289249420166015
0.247726440429688 -0.1214599609375 0.0409088134765625 -0.147079467773438
0.266159057617188 -0.004669189453125 0.276153564453125 -0.3154296875
-0.216934204101562 -0.112716674804688 -0.28375244140625 0.317413330078125
-0.1697998046875 0.0848541259765625 -0.0893096923828125 0.135292053222656
-0.0907135009765625 0.159866333007813 -0.0497207641601563 -0.0805206298828125
0.017852783203125 0.154998779296875 -0.106887817382813 -0.152313232421875
0.0576629638671875 0.1068115234375 -0.1751708984375 -0.146942138671875
0.102584838867188 0.072662353515625 -0.24127197265625 -0.0886993408203124
0.100318908691406 0.0673751831054688 -0.254501342773438 0.0164794921875
0.0799026489257813 0.076263427734375 -0.194869995117187 0.048553466796875
0.080657958984375 0.0851593017578125 -0.130294799804688 0.0700149536132813
0.0259323120117188 0.09674072265625 -0.0828628540039062 0.0631790161132812
-0.0297775268554688 0.099609375 -0.0277633666992188 0.0931625366210938
-0.0808563232421875 0.0863494873046875 -0.00437927246093752 0.148574829101563
-0.1514892578125 0.023284912109375 -0.0102081298828125 0.2073974609375
-0.188690185546875 -0.0367279052734375 0.02117919921875 0.291717529296875
-0.187408447265625 -0.154464721679687 0.036163330078125 0.2430419921875
-0.129974365234375 -0.217071533203125 -0.345794677734375 0.24407958984375
-0.117523193359375 -0.0182571411132813 -0.145858764648437 0.0760498046875
-0.0671157836914062 0.0458145141601563 -0.0864791870117188 -0.124801635742188
-0.000713348388671874 0.0655174255371094 -0.150619506835938 -0.18133544921875
0.0195274353027344 0.0323486328125 -0.201126098632813 -0.164260864257812
0.0289859771728516 0.0341529846191406 -0.269638061523438 -0.101318359375
0.0131301879882812 0.0636215209960938 -0.27960205078125 0.00241088867187497
-0.00463867187500001 0.0729904174804688 -0.208526611328125 0.0285186767578125
-0.0135498046875 0.0981292724609375 -0.14453125 0.047119140625
-0.0636749267578125 0.0918655395507813 -0.0832138061523438 0.0467147827148437
-0.121841430664063 0.0570220947265625 -0.02593994140625 0.079071044921875
-0.15753173828125 0.00624084472656247 -0.0202484130859375 0.13018798828125
-0.158645629882813 -0.104080200195312 -0.0374908447265625 0.157684326171875
-0.165908813476563 -0.161834716796875 -0.018096923828125 0.217819213867187
-0.126922607421875 -0.26922607421875 0.00411987304687499 0.1552734375
-0.023895263671875 -0.29766845703125 -0.368560791015625 0.14068603515625
-0.039459228515625 -0.125358581542969 -0.16949462890625 -0.00871276855468752
-0.0341339111328125 -0.0922012329101563 -0.103179931640625 -0.182205200195313
-0.0292396545410156 -0.046844482421875 -0.180694580078125 -0.21551513671875
-0.0311088562011719 -0.0536537170410156 -0.214370727539063 -0.176849365234375
-0.054962158203125 -0.0108833312988281 -0.275787353515625 -0.104141235351563
-0.0803756713867188 0.0497055053710937 -0.27056884765625 -0.0116729736328124
-0.0890655517578125 0.0584793090820313 -0.18975830078125 0.00456237792968752
-0.103317260742187 0.0968093872070313 -0.130317687988281 0.0161895751953125
-0.1375732421875 0.0780410766601563 -0.0595207214355469 0.0256843566894531
-0.190475463867187 0.0170745849609375 -0.00587081909179689 0.0629234313964844
-0.212600708007813 -0.0546875 -0.0215606689453125 0.114913940429688
-0.156829833984375 -0.200714111328125 -0.061004638671875 0.115325927734375
-0.129867553710938 -0.252838134765625 -0.0624923706054688 0.131584167480469
-0.05389404296875 -0.343292236328125 -0.0122833251953125 0.0388412475585937
0.08184814453125 -0.3365478515625 -0.35101318359375 0.019439697265625
0.04669189453125 -0.218170166015625 -0.164169311523438 -0.1092529296875
-6.10351562499921E-05 -0.230270385742188 -0.102569580078125 -0.2384033203125
-0.0644989013671875 -0.1632080078125 -0.188064575195313 -0.242156982421875
-0.088714599609375 -0.136146545410156 -0.203536987304688 -0.179031372070312
-0.138221740722656 -0.0518951416015625 -0.250625610351563 -0.0983276367187499
-0.1640625 0.0312652587890625 -0.225631713867187 -0.0235748291015625
-0.161376953125 0.03497314453125 -0.14190673828125 -0.020263671875
-0.1766357421875 0.07904052734375 -0.0910568237304688 -0.0152359008789062
-0.188064575195312 0.0479583740234375 -0.0203170776367188 0.00609588623046876
-0.226409912109375 -0.029205322265625 0.0217399597167969 0.0490837097167969
-0.230667114257813 -0.107406616210937 -0.0168838500976563 0.100791931152344
-0.129180908203125 -0.265151977539063 -0.0802764892578125 0.0824661254882812
-0.0726318359375 -0.305328369140625 -0.10235595703125 0.045654296875
0.0302734375 -0.36700439453125 -0.00988006591796875 -0.0864791870117188
0.167205810546875 -0.324493408203125 -0.302032470703125 -0.1033935546875
0.122726440429688 -0.269561767578125 -0.14154052734375 -0.211181640625
0.03570556640625 -0.326812744140625 -0.0929412841796875 -0.279037475585938
-0.0897369384765625 -0.25103759765625 -0.171173095703125 -0.249755859375
-0.133529663085938 -0.195388793945313 -0.164291381835937 -0.168624877929688
-0.199783325195313 -0.08148193359375 -0.191543579101563 -0.089111328125
-0.222076416015625 0.01171875 -0.153106689453125 -0.0382232666015625
-0.210357666015625 0.00730895996093751 -0.0736465454101563 -0.0423355102539063
-0.225799560546875 0.04498291015625 -0.0323982238769531 -0.0387649536132813
-0.213592529296875 0.0030364990234375 0.0299530029296875 -0.00195884704589844
-0.229354858398438 -0.084442138671875 0.0529022216796875 0.0442771911621094
-0.211669921875 -0.159454345703125 -0.00687408447265625 0.0911788940429687
-0.069366455078125 -0.3026123046875 -0.0891952514648438 0.056671142578125
0.012176513671875 -0.319671630859375 -0.124542236328125 -0.0329513549804688
0.121246337890625 -0.3402099609375 0.01544189453125 -0.20263671875
0.219894409179688 -0.259658813476563 -0.235076904296875 -0.206192016601563
0.175247192382813 -0.263031005859375 -0.11358642578125 -0.29638671875
0.0684814453125 -0.35113525390625 -0.081756591796875 -0.29180908203125
-0.090576171875 -0.282806396484375 -0.134323120117188 -0.234878540039063
-0.142791748046875 -0.216140747070313 -0.103866577148437 -0.146865844726563
-0.220062255859375 -0.0995025634765625 -0.1094970703125 -0.0818023681640625
-0.2432861328125 -0.0112152099609375 -0.0636062622070313 -0.0555419921875
-0.227554321289063 -0.022003173828125 0.00434494018554686 -0.0577125549316406
-0.245071411132813 0.00442504882812495 0.0395584106445312 -0.048919677734375
-0.21392822265625 -0.0452117919921875 0.0865707397460937 0.00882720947265625
-0.204116821289063 -0.137298583984375 0.0858993530273437 0.05596923828125
-0.163589477539063 -0.203567504882812 0.00751495361328124 0.0887222290039062
0.01312255859375 -0.31292724609375 -0.080535888671875 0.0364532470703125
0.110565185546875 -0.29736328125 -0.112876892089844 -0.099029541015625
0.203369140625 -0.2689208984375 0.0684814453125 -0.292572021484375
0.235137939453125 -0.150192260742188 -0.166152954101562 -0.270828247070313
0.198165893554688 -0.197845458984375 -0.08392333984375 -0.3441162109375
0.094970703125 -0.295623779296875 -0.067169189453125 -0.273941040039063
-0.059326171875 -0.2508544921875 -0.086944580078125 -0.20361328125
-0.10882568359375 -0.196258544921875 -0.0401382446289063 -0.120216369628906
-0.191909790039062 -0.105911254882813 -0.0257720947265625 -0.0772933959960937
-0.222930908203125 -0.0370330810546875 0.024383544921875 -0.0710372924804687
-0.211013793945312 -0.0480499267578125 0.0803146362304687 -0.0641098022460938
-0.231796264648438 -0.0330963134765625 0.116661071777344 -0.0424957275390625
-0.192031860351563 -0.0801544189453125 0.1455078125 0.0354156494140625
-0.163223266601562 -0.165802001953125 0.118904113769531 0.0802688598632813
-0.107376098632813 -0.219818115234375 0.0309677124023437 0.0927047729492187
0.085052490234375 -0.289947509765625 -0.0472526550292969 0.0256385803222656
0.191665649414063 -0.240631103515625 -0.0610198974609375 -0.141281127929688
0.258132934570313 -0.165969848632813 0.148223876953125 -0.34320068359375
0.218643188476563 -0.01580810546875 -0.10247802734375 -0.284698486328125
0.195205688476563 -0.0904083251953125 -0.055145263671875 -0.344757080078125
0.116790771484375 -0.179229736328125 -0.047882080078125 -0.234939575195313
-0.00175476074218751 -0.169830322265625 -0.0385894775390625 -0.170745849609375
-0.036865234375 -0.146530151367188 0.00947570800781249 -0.0964736938476563
-0.120132446289062 -0.107398986816406 0.0401153564453125 -0.0740280151367188
-0.165481567382813 -0.0630340576171875 0.0949859619140625 -0.0783157348632813
-0.1632080078125 -0.0654449462890625 0.14459228515625 -0.0598907470703125
-0.188034057617188 -0.057525634765625 0.186187744140625 -0.0257720947265625
-0.152725219726563 -0.08831787109375 0.1981201171875 0.068389892578125
-0.11865234375 -0.1578369140625 0.150665283203125 0.108642578125
-0.06298828125 -0.197509765625 0.064178466796875 0.104713439941406
0.120681762695313 -0.235153198242187 0.00526237487792969 0.0333251953125
0.228866577148438 -0.160049438476563 0.017120361328125 -0.149673461914063
0.266738891601563 -0.04669189453125 0.239990234375 -0.34765625
-0.22125244140625 -0.072601318359375 -0.237762451171875 0.344329833984375
-0.148483276367188 0.10565185546875 -0.065032958984375 0.141677856445313
-0.05938720703125 0.166290283203125 -0.053741455078125 -0.0757522583007812
0.0431671142578125 0.143356323242188 -0.119705200195312 -0.142852783203125
0.0721588134765625 0.0905532836914063 -0.186752319335938 -0.12994384765625
0.105484008789063 0.0502243041992188 -0.250106811523438 -0.065765380859375
0.101753234863281 0.0457687377929688 -0.249954223632813 0.0445098876953125
0.0830459594726562 0.0587539672851563 -0.18798828125 0.07147216796875
0.0832138061523438 0.0658416748046875 -0.121719360351563 0.0853042602539062
0.0356216430664062 0.08282470703125 -0.0777435302734375 0.0751876831054688
-0.012939453125 0.094390869140625 -0.0215988159179688 0.09881591796875
-0.0615615844726562 0.0923385620117188 0.00724792480468749 0.150634765625
-0.136711120605469 0.0463485717773437 0.00715637207031249 0.207595825195313
-0.182205200195313 -0.0052642822265625 0.04864501953125 0.285308837890625
-0.2008056640625 -0.117202758789062 0.05810546875 0.236679077148437
-0.147689819335938 -0.187896728515625 -0.305206298828125 0.2835693359375
-0.107795715332031 -0.00145721435546874 -0.125900268554687 0.09381103515625
-0.0492019653320312 0.05126953125 -0.0935821533203125 -0.112564086914062
0.0148468017578125 0.057891845703125 -0.163742065429688 -0.162979125976563
0.0250701904296875 0.0213851928710938 -0.213043212890625 -0.142166137695313
0.0294551849365234 0.0206127166748047 -0.2767333984375 -0.0722503662109374
0.01654052734375 0.0524330139160156 -0.274642944335938 0.0355072021484375
5.34057617187494E-05 0.0659561157226563 -0.201431274414063 0.0558013916015625
-0.00698852539062499 0.0902023315429688 -0.136299133300781 0.0674591064453125
-0.0523147583007813 0.0892105102539062 -0.0789871215820313 0.0613784790039063
-0.108970642089844 0.0638885498046875 -0.0194854736328125 0.08709716796875
-0.147293090820313 0.0225372314453125 -0.00935363769531252 0.138206481933594
-0.160980224609375 -0.0791015625 -0.0257720947265625 0.166854858398438
-0.174545288085938 -0.131393432617187 0.00276184082031247 0.22125244140625
-0.155364990234375 -0.239822387695313 0.0172882080078125 0.15869140625
-0.053558349609375 -0.282623291015625 -0.3377685546875 0.189666748046875
-0.0446243286132813 -0.116432189941406 -0.1573486328125 0.0164642333984375
-0.03497314453125 -0.0879745483398438 -0.115615844726563 -0.165756225585937
-0.0268707275390625 -0.0484123229980469 -0.1956787109375 -0.191146850585937
-0.0353965759277344 -0.0572853088378906 -0.225509643554688 -0.150466918945312
-0.0577812194824219 -0.0128250122070313 -0.2806396484375 -0.0712432861328125
-0.0753250122070312 0.051849365234375 -0.264053344726563 0.0233001708984375
-0.0841751098632813 0.0625762939453125 -0.18377685546875 0.0304107666015625
-0.0936813354492187 0.101295471191406 -0.123710632324219 0.0370941162109375
-0.126289367675781 0.0856094360351563 -0.0554618835449219 0.0398788452148438
-0.182281494140625 0.034088134765625 0.00103759765625 0.07073974609375
-0.210235595703125 -0.031646728515625 -0.0105438232421875 0.12518310546875
-0.172760009765625 -0.175933837890625 -0.053466796875 0.131294250488281
-0.152069091796875 -0.22674560546875 -0.0502166748046875 0.145675659179687
-0.0924072265625 -0.3245849609375 -0.0118980407714844 0.0496101379394531
0.0450439453125 -0.33770751953125 -0.33282470703125 0.070068359375
0.027557373046875 -0.219085693359375 -0.163070678710938 -0.0795440673828125
-0.020416259765625 -0.227630615234375 -0.120269775390625 -0.219940185546875
-0.076568603515625 -0.156036376953125 -0.205062866210938 -0.21417236328125
-0.102813720703125 -0.129035949707031 -0.215118408203125 -0.151931762695312
-0.14337158203125 -0.0409393310546875 -0.253372192382813 -0.065643310546875
-0.158035278320313 0.046630859375 -0.219512939453125 0.00683593749999997
-0.157257080078125 0.0504150390625 -0.137718200683594 0.00135040283203126
-0.16619873046875 0.095428466796875 -0.0871505737304688 0.00283050537109375
-0.179367065429688 0.0643310546875 -0.016693115234375 0.0175714492797852
-0.224624633789063 -0.00566101074218749 0.0289192199707031 0.0549392700195313
-0.236587524414063 -0.080596923828125 -0.00587463378906253 0.112098693847656
-0.15625 -0.245132446289063 -0.0753250122070313 0.103752136230469
-0.102935791015625 -0.287689208984375 -0.0992202758789062 0.0687942504882812
-0.011962890625 -0.36181640625 -0.0238494873046875 -0.0726394653320313
0.1280517578125 -0.339569091796875 -0.2994384765625 -0.05462646484375
0.09344482421875 -0.280105590820313 -0.153610229492188 -0.180572509765625
-0.00167846679687501 -0.328094482421875 -0.115020751953125 -0.260086059570313
-0.115692138671875 -0.238113403320313 -0.190170288085938 -0.223846435546875
-0.155166625976563 -0.179351806640625 -0.175262451171875 -0.1455078125
-0.206405639648438 -0.0588836669921875 -0.193191528320313 -0.0619659423828125
-0.215652465820313 0.0378875732421875 -0.148696899414063 -0.0155792236328125
-0.206710815429688 0.031402587890625 -0.0728225708007813 -0.0283889770507813
-0.215560913085938 0.07086181640625 -0.0311241149902344 -0.0269508361816406
-0.208389282226563 0.0259246826171875 0.0336952209472656 0.00378799438476563
-0.235122680664062 -0.0567626953125 0.0606956481933594 0.0471534729003906
-0.226715087890625 -0.132843017578125 0.00399780273437499 0.102523803710937
-0.104766845703125 -0.29034423828125 -0.08642578125 0.0796890258789062
-0.024932861328125 -0.315277099609375 -0.129928588867188 -0.00526428222656253
0.079925537109375 -0.350738525390625 -0.011505126953125 -0.188430786132813
0.18536376953125 -0.28533935546875 -0.24591064453125 -0.164505004882813
0.142120361328125 -0.282196044921875 -0.136993408203125 -0.267318725585938
0.023712158203125 -0.356689453125 -0.10546875 -0.27484130859375
-0.123687744140625 -0.266952514648438 -0.152679443359375 -0.2135009765625
-0.168991088867187 -0.196075439453125 -0.115104675292969 -0.131645202636719
-0.228164672851563 -0.0700531005859375 -0.111747741699219 -0.0640029907226562
-0.23773193359375 0.0217437744140625 -0.0636100769042969 -0.0433883666992188
-0.225372314453125 0.00769042968750001 0.00221633911132811 -0.0537147521972656
-0.238128662109375 0.0366363525390625 0.0392265319824219 -0.0454788208007813
-0.213882446289063 -0.0179595947265625 0.0925674438476563 0.00754547119140625
-0.21697998046875 -0.108261108398438 0.0955810546875 0.0550155639648437
-0.185592651367188 -0.179397583007812 0.018035888671875 0.0973129272460937
-0.028076171875 -0.310333251953125 -0.079437255859375 0.0569381713867187
0.0712890625 -0.307037353515625 -0.125984191894531 -0.0730209350585938
0.167938232421875 -0.293609619140625 0.03106689453125 -0.28515625
0.211669921875 -0.183517456054687 -0.186279296875 -0.238128662109375
0.168853759765625 -0.223358154296875 -0.11566162109375 -0.31927490234375
0.05108642578125 -0.306549072265625 -0.087890625 -0.259552001953125
-0.0927886962890625 -0.23797607421875 -0.102401733398437 -0.190704345703125
-0.135986328125 -0.177734375 -0.0496597290039063 -0.114540100097656
-0.200729370117187 -0.0752410888671875 -0.0300140380859375 -0.0709686279296875
-0.219146728515625 -0.00270080566406249 0.0206031799316406 -0.0699234008789063
-0.210678100585937 -0.0161590576171875 0.0754241943359375 -0.0699844360351563
-0.227493286132813 0.000915527343750034 0.114753723144531 -0.0496597290039063
-0.194992065429688 -0.0520477294921875 0.153518676757813 0.0254669189453125
-0.181182861328125 -0.138671875 0.130485534667969 0.07391357421875
-0.133880615234375 -0.199325561523438 0.0407791137695312 0.0979156494140625
0.04315185546875 -0.296417236328125 -0.0489616394042969 0.0401725769042969
0.15374755859375 -0.263763427734375 -0.0806503295898437 -0.122909545898438
0.230880737304688 -0.201065063476563 0.1031494140625 -0.34649658203125
0.209823608398437 -0.0506439208984375 -0.127243041992188 -0.262664794921875
0.176193237304687 -0.1197509765625 -0.08917236328125 -0.3267822265625
0.0853118896484375 -0.195465087890625 -0.0652923583984375 -0.224685668945312
-0.029327392578125 -0.164169311523438 -0.0512847900390625 -0.166168212890625
-0.0605316162109375 -0.135986328125 0.00212860107421875 -0.0995025634765625
-0.130699157714844 -0.0825347900390625 0.0333938598632813 -0.077392578125
-0.165878295898437 -0.03302001953125 0.0872344970703125 -0.0873641967773438
-0.164657592773438 -0.037139892578125 0.138069152832031 -0.0754776000976563
-0.185943603515625 -0.026153564453125 0.184463500976563 -0.043182373046875
-0.156143188476563 -0.0613555908203125 0.207473754882813 0.0508270263671875
-0.136146545410156 -0.132736206054688 0.1632080078125 0.0969696044921875
-0.0889892578125 -0.180343627929688 0.0736236572265625 0.103424072265625
0.082000732421875 -0.246444702148438 0.00265502929687501 0.0386085510253906
0.198318481445313 -0.1885986328125 -0.00622558593749998 -0.143280029296875
0.2518310546875 -0.086456298828125 0.1910400390625 -0.36529541015625
-0.213897705078125 -0.039764404296875 -0.192626953125 0.3526611328125
-0.124725341796875 0.116165161132813 -0.0444183349609375 0.13934326171875
-0.0322418212890625 0.163101196289063 -0.0551185607910156 -0.0701217651367187
0.060638427734375 0.127143859863281 -0.125930786132812 -0.130805969238281
0.0785140991210938 0.0736465454101563 -0.190719604492188 -0.114105224609375
0.101310729980469 0.0307769775390625 -0.250350952148438 -0.0452423095703125
0.0968246459960938 0.02783203125 -0.239974975585938 0.0650787353515625
0.0811233520507813 0.0440139770507813 -0.176437377929688 0.0872650146484375
0.0805511474609375 0.0494232177734375 -0.110427856445313 0.0947189331054687
0.0392341613769531 0.0689735412597656 -0.0720367431640625 0.0833206176757813
-0.00139617919921875 0.0850677490234375 -0.0155258178710938 0.101654052734375
-0.0442733764648438 0.091522216796875 0.017333984375 0.14886474609375
-0.119293212890625 0.0605850219726563 0.0208892822265625 0.202072143554688
-0.16741943359375 0.017730712890625 0.0684356689453125 0.271759033203125
-0.201400756835937 -0.0833740234375 0.0721893310546875 0.225906372070313
-0.15350341796875 -0.159561157226563 -0.25958251953125 0.303192138671875
-0.095367431640625 0.00924682617187502 -0.104690551757813 0.102836608886719
-0.0330963134765625 0.0505714416503906 -0.0952835083007812 -0.100914001464844
0.0257072448730469 0.0469017028808594 -0.16802978515625 -0.145065307617187
0.0270671844482422 0.0107231140136719 -0.215042114257813 -0.121414184570312
0.02557373046875 0.00904464721679688 -0.274444580078125 -0.04705810546875
0.0154953002929688 0.0420074462890625 -0.260574340820313 0.0605926513671875
0.00130462646484375 0.0582427978515625 -0.188888549804688 0.074432373046875
-0.00339508056640625 0.0821609497070313 -0.124420166015625 0.0807571411132812
-0.0447463989257812 0.0831680297851563 -0.0714874267578125 0.07183837890625
-0.09698486328125 0.065185546875 -0.0126419067382813 0.0917739868164063
-0.134300231933594 0.0319900512695312 0.00151824951171875 0.140373229980469
-0.154876708984375 -0.058868408203125 -0.013824462890625 0.17010498046875
-0.172561645507813 -0.103912353515625 0.01953125 0.21875
-0.168746948242187 -0.207733154296875 0.0270233154296875 0.158157348632813
-0.072296142578125 -0.261764526367188 -0.29901123046875 0.21929931640625
-0.0452957153320313 -0.108085632324219 -0.139610290527344 0.0340576171875
-0.0335845947265625 -0.085235595703125 -0.119735717773438 -0.148590087890625
-0.0242652893066406 -0.0504684448242187 -0.200393676757812 -0.167236328125
-0.0385589599609375 -0.0590133666992188 -0.227081298828125 -0.12677001953125
-0.0598335266113281 -0.014404296875 -0.275543212890625 -0.044219970703125
-0.0715255737304688 0.05133056640625 -0.249237060546875 0.0483551025390625
-0.0796127319335938 0.0640487670898438 -0.171875 0.0493316650390625
-0.085052490234375 0.102371215820313 -0.113197326660156 0.0522537231445313
-0.115501403808594 0.0878524780273437 -0.048828125 0.0500221252441406
-0.171218872070313 0.043975830078125 0.00795745849609375 0.0755386352539063
-0.20159912109375 -0.0134735107421875 0.000251770019531231 0.130653381347656
-0.177932739257813 -0.152206420898438 -0.0433502197265625 0.142227172851563
-0.161209106445313 -0.199676513671875 -0.037109375 0.154449462890625
-0.11578369140625 -0.2987060546875 -0.00971603393554689 0.0581436157226562
0.016021728515625 -0.326385498046875 -0.3046875 0.106231689453125
0.01220703125 -0.213623046875 -0.152786254882813 -0.0554351806640625
-0.035430908203125 -0.220947265625 -0.128875732421875 -0.200546264648438
-0.084014892578125 -0.147994995117187 -0.212142944335937 -0.188369750976562
-0.111625671386719 -0.120658874511719 -0.216949462890625 -0.127532958984375
-0.143386840820313 -0.031341552734375 -0.246017456054688 -0.0390472412109375
-0.148849487304688 0.0561370849609375 -0.205886840820313 0.0296783447265625
-0.149398803710938 0.0606536865234375 -0.129241943359375 0.0169830322265625
-0.153335571289063 0.104751586914062 -0.0796737670898438 0.0152053833007813
-0.16778564453125 0.0743560791015625 -0.0109825134277344 0.0245628356933594
-0.2164306640625 0.0116119384765625 0.0351448059082031 0.05767822265625
-0.233200073242188 -0.0583953857421875 0.00527191162109373 0.118759155273438
-0.170944213867188 -0.221527099609375 -0.0656051635742188 0.118904113769531
-0.121978759765625 -0.264419555664063 -0.0909652709960938 0.0865249633789063
-0.04302978515625 -0.34619140625 -0.0314292907714844 -0.0561561584472656
0.093780517578125 -0.34033203125 -0.282196044921875 -0.0164794921875001
0.0674896240234375 -0.280731201171875 -0.152420043945313 -0.151779174804688
-0.03118896484375 -0.319610595703125 -0.126510620117188 -0.238998413085938
-0.130538940429687 -0.220748901367188 -0.197174072265625 -0.197418212890625
-0.168045043945312 -0.160980224609375 -0.177215576171875 -0.124221801757813
-0.204513549804688 -0.039337158203125 -0.18609619140625 -0.0399017333984375
-0.203399658203125 0.0556640625 -0.138473510742187 0.00147247314453124
-0.197036743164063 0.049530029296875 -0.0684051513671875 -0.0179634094238281
-0.201339721679687 0.08856201171875 -0.0270576477050781 -0.0176029205322266
-0.197647094726563 0.04241943359375 0.0387649536132812 0.00749969482421875
-0.231704711914062 -0.0340118408203125 0.0674972534179687 0.0472221374511719
-0.229934692382812 -0.107635498046875 0.0149459838867187 0.108619689941406
-0.127838134765625 -0.271392822265625 -0.077484130859375 0.0975570678710937
-0.052642822265625 -0.300201416015625 -0.126686096191406 0.0182342529296875
0.045013427734375 -0.346160888671875 -0.029998779296875 -0.169662475585938
0.15167236328125 -0.296661376953125 -0.24072265625 -0.126800537109375
0.110992431640625 -0.288299560546875 -0.145339965820313 -0.236572265625
-0.014373779296875 -0.349700927734375 -0.118133544921875 -0.253982543945313
-0.144760131835938 -0.245285034179687 -0.160354614257813 -0.19189453125
-0.184310913085937 -0.172927856445313 -0.11834716796875 -0.116287231445313
-0.225173950195313 -0.0435638427734375 -0.107994079589844 -0.0485458374023438
-0.2235107421875 0.045654296875 -0.0594711303710938 -0.033233642578125
-0.215927124023438 0.0306549072265625 0.00169754028320311 -0.049713134765625
-0.2235107421875 0.05963134765625 0.0397186279296875 -0.0426025390625
-0.205291748046875 0.00309753417968752 0.0967025756835937 0.0048370361328125
-0.219772338867188 -0.0826568603515625 0.102638244628906 0.0507888793945312
-0.196029663085938 -0.154373168945313 0.0285720825195312 0.101966857910156
-0.0587158203125 -0.297027587890625 -0.0732040405273438 0.0745162963867187
0.037200927734375 -0.3038330078125 -0.1287841796875 -0.047882080078125
0.133209228515625 -0.302581787109375 0.00311279296874999 -0.267059326171875
0.183578491210938 -0.2027587890625 -0.192398071289063 -0.206527709960937
0.138809204101563 -0.235809326171875 -0.132568359375 -0.2900390625
0.0145263671875 -0.3037109375 -0.101593017578125 -0.242355346679688
-0.115509033203125 -0.21807861328125 -0.109771728515625 -0.175582885742188
-0.151702880859375 -0.155258178710938 -0.0541229248046875 -0.106712341308594
-0.198974609375 -0.048431396484375 -0.0304107666015625 -0.0635147094726563
-0.20672607421875 0.0234527587890625 0.01824951171875 -0.0677566528320312
-0.201141357421875 0.00840759277343748 0.0707855224609375 -0.0733642578125
-0.214385986328125 0.0264892578125 0.112228393554687 -0.054443359375
-0.188858032226563 -0.0287322998046875 0.156784057617188 0.0159759521484375
-0.1865234375 -0.112136840820313 0.137626647949219 0.0662765502929688
-0.149459838867188 -0.175689697265625 0.0497665405273438 0.0993118286132813
0.00775146484374999 -0.28973388671875 -0.0462608337402344 0.0527915954589844
0.118392944335938 -0.270492553710938 -0.0917816162109375 -0.102188110351563
0.200286865234375 -0.221267700195313 0.066009521484375 -0.335357666015625
0.192855834960938 -0.0760498046875 -0.138961791992188 -0.238784790039062
0.153060913085938 -0.137664794921875 -0.10968017578125 -0.302825927734375
0.05615234375 -0.199020385742188 -0.075897216796875 -0.211715698242188
-0.049560546875 -0.152114868164063 -0.0601654052734375 -0.158523559570313
-0.0756149291992188 -0.12066650390625 -0.00471496582031251 -0.098480224609375
-0.13177490234375 -0.0600814819335937 0.0289230346679687 -0.0777130126953125
-0.157852172851563 -0.00871276855468747 0.0791091918945312 -0.0926284790039063
-0.158279418945313 -0.0134124755859375 0.128379821777344 -0.0851058959960938
-0.175704956054688 -0.00166320800781247 0.17864990234375 -0.0559539794921875
-0.15130615234375 -0.0390625 0.210235595703125 0.033416748046875
-0.142837524414062 -0.10870361328125 0.169219970703125 0.0848236083984375
-0.104156494140625 -0.1591796875 0.0802536010742188 0.100601196289062
0.048126220703125 -0.244369506835938 0.001617431640625 0.0439682006835937
0.164627075195313 -0.20245361328125 -0.0236740112304687 -0.131553649902344
0.22808837890625 -0.113449096679688 0.148101806640625 -0.363800048828125
-0.201568603515625 -0.0162200927734375 -0.157501220703125 0.35174560546875
-0.105461120605469 0.119987487792969 -0.0286865234375 0.13458251953125
-0.0124359130859375 0.155410766601563 -0.0537643432617188 -0.065887451171875
0.0709304809570313 0.111579895019531 -0.128440856933594 -0.122825622558594
0.0803985595703125 0.059417724609375 -0.1917724609375 -0.103179931640625
0.0940170288085938 0.0168838500976563 -0.249038696289063 -0.0304870605468751
0.0894775390625 0.0155258178710938 -0.229568481445313 0.0788116455078125
0.0767745971679688 0.0330963134765625 -0.166091918945312 0.0975341796875
0.0748443603515625 0.0385055541992188 -0.102516174316406 0.100845336914062
0.0387992858886719 0.0572776794433594 -0.066680908203125 0.0893096923828125
0.00524902343749999 0.0761642456054688 -0.0110092163085937 0.103927612304688
-0.0315628051757813 0.0872116088867188 0.02392578125 0.14666748046875
-0.103416442871094 0.067962646484375 0.029022216796875 0.196304321289063
-0.152664184570313 0.0323638916015625 0.0795440673828125 0.260025024414063
-0.195541381835938 -0.0591278076171875 0.0795135498046875 0.216262817382813
-0.151321411132812 -0.137191772460938 -0.22491455078125 0.31121826171875
-0.08349609375 0.014923095703125 -0.0864105224609375 0.104904174804688
-0.0209770202636719 0.0466384887695313 -0.0936813354492188 -0.0926971435546875
0.0324516296386719 0.0356178283691406 -0.16864013671875 -0.13165283203125
0.0262660980224609 0.00106430053710938 -0.214263916015625 -0.108001708984375
0.0198974609375 0.000494003295898438 -0.269805908203125 -0.029998779296875
0.0120525360107422 0.0343494415283203 -0.247039794921875 0.075408935546875
0.000701904296875004 0.052093505859375 -0.176712036132813 0.0862274169921875
-0.00316619873046876 0.0760574340820313 -0.11456298828125 0.0894546508789062
-0.0410079956054688 0.0771102905273437 -0.0651779174804688 0.0792160034179688
-0.0882568359375 0.063385009765625 -0.00714111328125001 0.0949783325195312
-0.12347412109375 0.036468505859375 0.0091400146484375 0.141860961914063
-0.1470947265625 -0.045745849609375 -0.0055389404296875 0.170822143554688
-0.166183471679688 -0.085540771484375 0.030426025390625 0.215042114257813
-0.172409057617188 -0.1824951171875 0.033355712890625 0.157318115234375
-0.0811309814453125 -0.243499755859375 -0.265380859375 0.235076904296875
-0.0433807373046875 -0.10174560546875 -0.122520446777344 0.0437240600585937
-0.0316390991210937 -0.0844345092773438 -0.119430541992187 -0.137199401855469
-0.0223655700683594 -0.0537643432617187 -0.20025634765625 -0.149368286132813
-0.0419807434082031 -0.0607490539550781 -0.224578857421875 -0.110794067382812
-0.0634040832519531 -0.0156936645507812 -0.266754150390625 -0.0259246826171875
-0.069183349609375 0.0497589111328125 -0.234237670898437 0.0644073486328125
-0.0767059326171875 0.0640945434570313 -0.1607666015625 0.0614166259765625
-0.0789871215820312 0.102272033691406 -0.103813171386719 0.0617904663085938
-0.108169555664063 0.0871429443359375 -0.04266357421875 0.05682373046875
-0.161773681640625 0.0494384765625 0.0133743286132812 0.0791473388671875
-0.192550659179687 -0.00291442871093746 0.0091552734375 0.134140014648438
-0.176925659179688 -0.135360717773437 -0.034332275390625 0.14923095703125
-0.162246704101562 -0.1787109375 -0.0273590087890625 0.158920288085938
-0.1279296875 -0.276397705078125 -0.00747299194335938 0.0659599304199219
-0.00280761718749999 -0.314453125 -0.2760009765625 0.12823486328125
0.00437927246093749 -0.208251953125 -0.139778137207031 -0.0392837524414062
-0.0448455810546875 -0.2154541015625 -0.130950927734375 -0.185455322265625
-0.0871124267578125 -0.142349243164063 -0.211334228515625 -0.168502807617188
-0.116912841796875 -0.113731384277344 -0.212921142578125 -0.110458374023438
-0.143402099609375 -0.02398681640625 -0.235702514648438 -0.0217437744140625
-0.142044067382813 0.0612945556640625 -0.1922607421875 0.04345703125
-0.142807006835938 0.0667572021484375 -0.1204833984375 0.0266799926757813
-0.143341064453125 0.110366821289063 -0.0716171264648438 0.0250244140625
-0.158447265625 0.0791473388671875 -0.00565338134765626 0.0302829742431641
-0.2081298828125 0.022491455078125 0.0406265258789062 0.0593414306640625
-0.22772216796875 -0.0429840087890625 0.0147018432617187 0.123428344726562
-0.177688598632813 -0.203353881835938 -0.0556716918945313 0.130104064941406
-0.131134033203125 -0.246688842773438 -0.0820236206054688 0.0991058349609375
-0.061248779296875 -0.330078125 -0.034759521484375 -0.0422897338867188
0.069122314453125 -0.335418701171875 -0.261932373046875 0.00953674316406246
0.0494842529296875 -0.276840209960938 -0.145553588867188 -0.131759643554688
-0.050994873046875 -0.30914306640625 -0.131622314453125 -0.222885131835938
-0.139938354492187 -0.205673217773438 -0.19781494140625 -0.177261352539063
-0.175155639648438 -0.146759033203125 -0.175506591796875 -0.109039306640625
-0.2008056640625 -0.025726318359375 -0.177169799804688 -0.024810791015625
-0.191268920898437 0.06634521484375 -0.127922058105469 0.0122604370117187
-0.1881103515625 0.060821533203125 -0.0630455017089844 -0.0112800598144531
-0.1883544921875 0.0987701416015625 -0.0219383239746094 -0.0109024047851562
-0.187789916992188 0.0521392822265625 0.0432167053222656 0.00952148437500001
-0.225830078125 -0.01800537109375 0.0728759765625 0.047454833984375
-0.229171752929688 -0.0899658203125 0.0245513916015625 0.112998962402344
-0.141876220703125 -0.254608154296875 -0.0680923461914063 0.11065673828125
-0.069091796875 -0.2864990234375 -0.120399475097656 0.0359039306640625
0.02081298828125 -0.33917236328125 -0.0400543212890625 -0.1519775390625
0.125 -0.29998779296875 -0.229843139648438 -0.101394653320313
0.08819580078125 -0.288726806640625 -0.145767211914063 -0.2132568359375
-0.04046630859375 -0.338287353515625 -0.1241455078125 -0.238296508789063
-0.156845092773437 -0.226318359375 -0.161956787109375 -0.174514770507812
-0.192596435546875 -0.153076171875 -0.117652893066406 -0.105133056640625
-0.219711303710938 -0.0259857177734375 -0.102386474609375 -0.0392303466796875
-0.2095947265625 0.0608367919921875 -0.0535163879394531 -0.0268020629882813
-0.20458984375 0.045684814453125 0.00198745727539061 -0.0469932556152344
-0.2099609375 0.074432373046875 0.0413436889648437 -0.0407371520996094
-0.196487426757813 0.016082763671875 0.100204467773437 0.0019378662109375
-0.21697998046875 -0.0640411376953125 0.107376098632812 0.0479660034179687
-0.20068359375 -0.13482666015625 0.0370101928710937 0.105384826660156
-0.0792236328125 -0.2838134765625 -0.065704345703125 0.086822509765625
0.014373779296875 -0.29656982421875 -0.127510070800781 -0.0285186767578125
0.107147216796875 -0.304656982421875 -0.0148162841796875 -0.249404907226563
0.16064453125 -0.2137451171875 -0.189239501953125 -0.182479858398437
0.115081787109375 -0.240737915039063 -0.137908935546875 -0.26641845703125
-0.012603759765625 -0.296234130859375 -0.107101440429688 -0.228759765625
-0.129074096679688 -0.199630737304687 -0.113677978515625 -0.163116455078125
-0.160018920898437 -0.136367797851563 -0.0565032958984375 -0.100662231445313
-0.193069458007813 -0.029449462890625 -0.0284194946289063 -0.058563232421875
-0.192703247070313 0.040557861328125 0.017608642578125 -0.0660858154296875
-0.191329956054688 0.025421142578125 0.0667037963867187 -0.0755233764648438
-0.200820922851563 0.0428924560546875 0.109886169433594 -0.0574569702148437
-0.180908203125 -0.012786865234375 0.159149169921875 0.00823974609375
-0.186676025390625 -0.0919036865234375 0.141510009765625 0.059844970703125
-0.15576171875 -0.1568603515625 0.05670166015625 0.100517272949219
-0.01580810546875 -0.279464721679688 -0.0417137145996094 0.0633583068847656
0.091644287109375 -0.269424438476563 -0.0959243774414063 -0.0846481323242188
0.174362182617188 -0.231842041015625 0.041229248046875 -0.32061767578125
0.176071166992188 -0.0925750732421875 -0.14166259765625 -0.220245361328125
0.133468627929688 -0.14678955078125 -0.119049072265625 -0.2816162109375
0.0327301025390625 -0.1976318359375 -0.0810089111328125 -0.20245361328125
-0.0622940063476563 -0.1396484375 -0.064361572265625 -0.152603149414063
-0.0845108032226563 -0.106224060058594 -0.00812530517578126 -0.097198486328125
-0.128807067871094 -0.043243408203125 0.0258941650390625 -0.07708740234375
-0.146286010742188 0.00784301757812498 0.072723388671875 -0.0952911376953125
-0.149017333984375 0.0019378662109375 0.119972229003906 -0.0920028686523437
-0.163864135742188 0.0145416259765625 0.1727294921875 -0.0648193359375
-0.143783569335938 -0.0238494873046875 0.21063232421875 0.0213775634765625
-0.143829345703125 -0.089080810546875 0.171829223632812 0.074554443359375
-0.111602783203125 -0.141448974609375 0.0853652954101563 0.0982437133789062
0.0240478515625 -0.236862182617187 0.00160598754882813 0.0491752624511719
0.138839721679687 -0.20831298828125 -0.0342025756835937 -0.11907958984375
0.207290649414063 -0.129379272460938 0.117462158203125 -0.356048583984375
-0.191329956054687 0.000885009765624963 -0.13336181640625 0.351715087890625
-0.0907974243164062 0.122970581054688 -0.0168075561523438 0.131011962890625
0.0020751953125 0.1488037109375 -0.0530776977539063 -0.0642776489257812
0.0783309936523437 0.098358154296875 -0.131950378417969 -0.118202209472656
0.0817718505859375 0.0482711791992188 -0.195022583007813 -0.0965576171875
0.0876922607421875 0.00698089599609375 -0.250869750976563 -0.0193328857421875
0.0815887451171875 0.00652313232421875 -0.223587036132813 0.0902252197265625
0.0727157592773437 0.0253753662109375 -0.158584594726563 0.106460571289062
0.070587158203125 0.03173828125 -0.0970001220703125 0.106300354003906
0.0368080139160156 0.0498123168945312 -0.0630722045898438 0.0945816040039063
0.00941085815429687 0.0687637329101563 -0.00734710693359375 0.10748291015625
-0.0230865478515625 0.0832061767578125 0.029022216796875 0.146957397460938
-0.0913238525390625 0.07196044921875 0.034271240234375 0.193893432617188
-0.141265869140625 0.041839599609375 0.0869903564453125 0.253509521484375
-0.189804077148438 -0.0404510498046875 0.08416748046875 0.213043212890625
-0.14892578125 -0.122024536132812 -0.197845458984375 0.318572998046875
-0.0739669799804688 0.0181732177734375 -0.0722808837890625 0.106163024902344
-0.0120429992675781 0.0417289733886719 -0.0919647216796875 -0.08807373046875
0.0369377136230469 0.0255966186523438 -0.169967651367188 -0.123870849609375
0.0248546600341797 -0.00687217712402344 -0.214950561523438 -0.0995635986328125
0.014033317565918 -0.00520610809326172 -0.268325805664063 -0.017547607421875
0.00824165344238281 0.0284996032714844 -0.239334106445312 0.0880889892578125
-0.001312255859375 0.048431396484375 -0.169097900390625 0.0961761474609375
-0.00386047363281251 0.072601318359375 -0.108345031738281 0.0970611572265625
-0.04022216796875 0.07318115234375 -0.060821533203125 0.0862274169921875
-0.0838088989257812 0.0613632202148438 -0.00203704833984376 0.0994033813476563
-0.115852355957031 0.0382919311523438 0.0158843994140625 0.144424438476562
-0.141250610351562 -0.03790283203125 0.000640869140625002 0.174026489257813
-0.160598754882813 -0.0734100341796875 0.0392913818359375 0.215118408203125
-0.173751831054688 -0.165390014648437 0.037261962890625 0.159652709960938
-0.08709716796875 -0.232421875 -0.239776611328125 0.246627807617187
-0.0406341552734375 -0.0985031127929688 -0.109230041503906 0.0498733520507813
-0.0300750732421875 -0.0869369506835938 -0.119529724121094 -0.130058288574219
-0.0211982727050781 -0.0589179992675781 -0.199691772460938 -0.13873291015625
-0.0456962585449219 -0.0636253356933594 -0.223831176757812 -0.100296020507813
-0.0677070617675781 -0.0166053771972656 -0.262496948242188 -0.0127563476562501
-0.0699539184570312 0.0489349365234375 -0.224853515625 0.076141357421875
-0.0758285522460937 0.064910888671875 -0.152999877929688 0.0709381103515625
-0.0758895874023438 0.102676391601562 -0.0970535278320313 0.0700836181640625
-0.1053466796875 0.0869369506835938 -0.0376472473144531 0.0627174377441406
-0.15679931640625 0.052642822265625 0.018157958984375 0.0822219848632813
-0.187759399414063 0.00398254394531252 0.016876220703125 0.138946533203125
-0.177352905273438 -0.124664306640625 -0.02587890625 0.156845092773438
-0.163467407226562 -0.166717529296875 -0.01922607421875 0.164657592773437
-0.136306762695313 -0.263092041015625 -0.00555419921875001 0.0733108520507812
-0.014862060546875 -0.308685302734375 -0.254837036132812 0.144546508789063
-0.00152587890624999 -0.20635986328125 -0.128639221191406 -0.0300521850585938
-0.05242919921875 -0.21380615234375 -0.132781982421875 -0.177459716796875
-0.0905075073242188 -0.140037536621094 -0.211990356445313 -0.154953002929687
-0.122688293457031 -0.110076904296875 -0.212387084960938 -0.1004638671875
-0.144577026367188 -0.0201416015625 -0.229583740234375 -0.00975036621093749
-0.138351440429688 0.064727783203125 -0.183197021484375 0.053741455078125
-0.139846801757813 0.071319580078125 -0.114341735839844 0.0336837768554687
-0.137428283691406 0.114700317382812 -0.065826416015625 0.0319786071777344
-0.153488159179688 0.082550048828125 -0.000699996948242194 0.0345878601074219
-0.203933715820313 0.030364990234375 0.0463409423828125 0.0616264343261719
-0.226287841796875 -0.0327301025390625 0.02337646484375 0.12841796875
-0.183258056640625 -0.191970825195313 -0.047119140625 0.140609741210938
-0.137741088867187 -0.235153198242187 -0.0738449096679688 0.109855651855469
-0.07489013671875 -0.32098388671875 -0.0362815856933594 -0.0309028625488281
0.05181884765625 -0.335296630859375 -0.245819091796875 0.0268402099609375
0.0374755859375 -0.276992797851563 -0.13897705078125 -0.118476867675781
-0.065948486328125 -0.3048095703125 -0.134933471679688 -0.214004516601563
-0.1468505859375 -0.197662353515625 -0.198257446289063 -0.164810180664062
-0.181472778320313 -0.136917114257812 -0.174423217773438 -0.099456787109375
-0.19976806640625 -0.016693115234375 -0.17059326171875 -0.0155487060546875
-0.184463500976563 0.074432373046875 -0.120155334472656 0.0186920166015625
-0.183090209960938 0.0697021484375 -0.0594406127929688 -0.00736999511718748
-0.1805419921875 0.107162475585938 -0.017359733581543 -0.00657558441162109
-0.182647705078125 0.058624267578125 0.0477676391601562 0.0107765197753906
-0.2230224609375 -0.00781249999999996 0.0778121948242187 0.046783447265625
-0.230239868164063 -0.07733154296875 0.0336761474609375 0.117607116699219
-0.15283203125 -0.244247436523438 -0.0594635009765625 0.122276306152344
-0.080657958984375 -0.278701782226563 -0.114715576171875 0.0503768920898438
0.00436401367187501 -0.337158203125 -0.0458297729492188 -0.138504028320313
0.10675048828125 -0.30535888671875 -0.220123291015625 -0.0835418701171875
0.07135009765625 -0.29150390625 -0.143020629882813 -0.198715209960938
-0.06072998046875 -0.3330078125 -0.12841796875 -0.228958129882813
-0.166641235351563 -0.213943481445313 -0.1632080078125 -0.163604736328125
-0.199661254882813 -0.139801025390625 -0.117462158203125 -0.0985183715820313
-0.21600341796875 -0.0131988525390625 -0.0965957641601563 -0.0327911376953125
-0.200057983398438 0.0712432861328125 -0.0490646362304688 -0.0239906311035156
-0.19818115234375 0.0571746826171875 0.00290298461914061 -0.0461769104003906
-0.199951171875 0.0850372314453125 0.0437698364257812 -0.0396156311035156
-0.1905517578125 0.0256195068359375 0.104820251464844 -0.000564575195312498
-0.216064453125 -0.0505218505859375 0.112663269042969 0.04541015625
-0.204635620117188 -0.121871948242188 0.0455856323242187 0.108741760253906
-0.095062255859375 -0.276473999023438 -0.0585098266601563 0.0981292724609375
-0.00225830078124998 -0.292449951171875 -0.125221252441406 -0.0132827758789063
0.08843994140625 -0.308349609375 -0.0263671875 -0.236495971679688
0.143951416015625 -0.222946166992188 -0.184707641601562 -0.168075561523438
0.098388671875 -0.245468139648437 -0.139785766601562 -0.251815795898438
-0.034637451171875 -0.292083740234375 -0.111068725585938 -0.2213134765625
-0.139190673828125 -0.18804931640625 -0.115310668945312 -0.156326293945313
-0.16729736328125 -0.122146606445312 -0.0578079223632812 -0.097686767578125
-0.189041137695313 -0.0159912109375 -0.026214599609375 -0.0562324523925781
-0.182388305664063 0.05218505859375 0.0177268981933594 -0.0663642883300781
-0.18359375 0.0374755859375 0.06390380859375 -0.0785598754882813
-0.190887451171875 0.0549163818359375 0.110427856445312 -0.0607070922851562
-0.17474365234375 -0.00267028808593749 0.162704467773438 0.0021514892578125
-0.186798095703125 -0.0775146484375 0.146286010742188 0.0554656982421875
-0.161758422851562 -0.143035888671875 0.0638580322265625 0.102272033691406
-0.0340576171875 -0.273345947265625 -0.0375289916992187 0.0726165771484375
0.0723876953125 -0.270782470703125 -0.0985260009765625 -0.0710296630859375
0.15667724609375 -0.240936279296875 0.025238037109375 -0.3114013671875
0.163818359375 -0.105239868164063 -0.14227294921875 -0.209930419921875
0.11895751953125 -0.155242919921875 -0.125213623046875 -0.269546508789063
0.0145721435546875 -0.196334838867188 -0.08441162109375 -0.197677612304688
-0.0719375610351562 -0.130683898925781 -0.0676422119140625 -0.149307250976563
-0.091217041015625 -0.0954666137695313 -0.01153564453125 -0.0980377197265625
-0.125785827636719 -0.0313491821289063 0.0253524780273438 -0.0781936645507813
-0.137184143066406 0.0194625854492188 0.0689010620117187 -0.09912109375
-0.141098022460937 0.013458251953125 0.114837646484375 -0.097930908203125
-0.155075073242187 0.0256500244140625 0.170120239257813 -0.0718994140625
-0.137832641601563 -0.0131301879882813 0.2132568359375 0.0116424560546875
-0.143234252929687 -0.0748138427734375 0.176712036132812 0.06866455078125
-0.11749267578125 -0.128410339355469 0.0901031494140625 0.0978775024414062
0.00662231445312501 -0.231582641601562 0.00313568115234375 0.0552558898925781
0.119140625 -0.212005615234375 -0.0416183471679687 -0.109001159667969
0.19189453125 -0.14190673828125 0.096405029296875 -0.35186767578125
-0.184249877929687 0.01690673828125 -0.10931396484375 0.357757568359375
-0.0784759521484375 0.127098083496094 -0.00536346435546875 0.128280639648438
0.0162811279296875 0.143905639648438 -0.0544357299804687 -0.0639801025390625
0.0857391357421875 0.0868911743164063 -0.138725280761719 -0.114677429199219
0.0835189819335938 0.0384368896484375 -0.202606201171875 -0.08935546875
0.0825958251953125 -0.0004119873046875 -0.256622314453125 -0.00637817382812501
0.0756378173828125 -0.000732421875 -0.221054077148437 0.104156494140625
0.070892333984375 0.019256591796875 -0.153900146484375 0.117965698242187
0.0679664611816406 0.0259971618652344 -0.0930023193359375 0.1153564453125
0.0354766845703125 0.0442161560058594 -0.05975341796875 0.102874755859375
0.0119476318359375 0.0630683898925781 -0.00191497802734375 0.113265991210938
-0.0148849487304688 0.0809783935546875 0.03594970703125 0.149017333984375
-0.0811996459960938 0.0763931274414062 0.041168212890625 0.194915771484375
-0.131904602050781 0.05084228515625 0.098602294921875 0.251358032226563
-0.186859130859375 -0.023193359375 0.092254638671875 0.21343994140625
-0.149002075195313 -0.110580444335937 -0.1746826171875 0.33026123046875
-0.0656585693359375 0.0209465026855469 -0.0604019165039062 0.108268737792969
-0.0044708251953125 0.0368537902832031 -0.0941543579101563 -0.0850753784179688
0.0403099060058594 0.0160713195800781 -0.175506591796875 -0.117202758789063
0.0225448608398437 -0.0139789581298828 -0.2213134765625 -0.0908203125
0.00827884674072265 -0.00959205627441406 -0.271270751953125 -0.00384521484374997
0.00329017639160156 0.0254287719726563 -0.234695434570312 0.102645874023437
-0.00281906127929688 0.0462646484375 -0.163131713867188 0.108474731445312
-0.00397491455078125 0.0718917846679688 -0.102767944335938 0.106781005859375
-0.0401458740234375 0.0722885131835938 -0.0557632446289062 0.0942459106445313
-0.0817947387695313 0.0614013671875 0.00421142578124998 0.105003356933594
-0.112754821777344 0.041229248046875 0.024566650390625 0.149688720703125
-0.138961791992188 -0.0313186645507813 0.00871276855468748 0.17950439453125
-0.158477783203125 -0.0633544921875 0.0503082275390625 0.217880249023438
-0.178756713867187 -0.151275634765625 0.044586181640625 0.16534423828125
-0.0943450927734375 -0.22601318359375 -0.217330932617187 0.263641357421875
-0.0396881103515625 -0.098785400390625 -0.0977859497070313 0.0554656982421875
-0.0308685302734375 -0.0904083251953125 -0.12310791015625 -0.12579345703125
-0.0228500366210937 -0.0644493103027344 -0.2052001953125 -0.129501342773437
-0.0517349243164063 -0.06689453125 -0.228912353515625 -0.0905609130859375
-0.073516845703125 -0.01629638671875 -0.263870239257813 0.0013275146484375
-0.0723724365234375 0.0500030517578125 -0.21917724609375 0.0897369384765625
-0.0767974853515625 0.0675201416015625 -0.147186279296875 0.08154296875
-0.073760986328125 0.106643676757813 -0.0910568237304688 0.0793304443359375
-0.103836059570312 0.0906219482421875 -0.03216552734375 0.0698509216308594
-0.155975341796875 0.0577392578125 0.0250244140625 0.0860824584960938
-0.187240600585937 0.0118408203125 0.0266571044921875 0.144851684570313
-0.181686401367188 -0.116592407226562 -0.0171356201171875 0.16546630859375
-0.167190551757812 -0.157730102539063 -0.0091552734375 0.173690795898438
-0.147354125976563 -0.253463745117188 -0.00187683105468751 0.0817413330078125
-0.02899169921875 -0.308685302734375 -0.236679077148437 0.161575317382813
-0.00744628906249999 -0.208999633789063 -0.120277404785156 -0.0214691162109375
-0.062713623046875 -0.215744018554688 -0.1390380859375 -0.172103881835938
-0.097198486328125 -0.140434265136719 -0.216506958007812 -0.145172119140625
-0.131591796875 -0.107513427734375 -0.215408325195312 -0.090606689453125
-0.149398803710937 -0.014984130859375 -0.227935791015625 0.00265502929687499
-0.138145446777344 0.0707168579101562 -0.177261352539062 0.0638580322265625
-0.139717102050781 0.0793685913085938 -0.10986328125 0.0421371459960937
-0.133460998535156 0.123153686523438 -0.0602378845214844 0.0391578674316406
-0.151718139648438 0.0897216796875 0.00505828857421874 0.0383758544921875
-0.204254150390625 0.039520263671875 0.053070068359375 0.06396484375
-0.228042602539062 -0.021942138671875 0.034271240234375 0.13458251953125
-0.193130493164063 -0.184051513671875 -0.0373382568359375 0.151824951171875
-0.1474609375 -0.228866577148438 -0.0666046142578125 0.121978759765625
-0.09100341796875 -0.3187255859375 -0.0371742248535156 -0.020477294921875
0.034332275390625 -0.341400146484375 -0.233810424804688 0.0435638427734375
0.02484130859375 -0.283172607421875 -0.134757995605469 -0.109916687011719
-0.084869384765625 -0.3046875 -0.143417358398438 -0.2081298828125
-0.157760620117187 -0.192596435546875 -0.203140258789063 -0.154815673828125
-0.193084716796875 -0.128463745117188 -0.17730712890625 -0.09130859375
-0.202102661132813 -0.00654602050781253 -0.167083740234375 -0.00573730468749998
-0.180648803710938 0.0841522216796875 -0.115287780761719 0.0260086059570313
-0.181488037109375 0.0807342529296875 -0.0573883056640625 -0.00304031372070312
-0.175186157226563 0.1181640625 -0.0129728317260742 -0.00333213806152343
-0.180465698242188 0.0678558349609375 0.0531234741210937 0.0107841491699219
-0.225433349609375 0.00477600097656246 0.0850906372070312 0.0465774536132813
-0.236190795898438 -0.065582275390625 0.0446014404296875 0.123062133789063
-0.167678833007812 -0.238449096679687 -0.0492935180664063 0.134315490722656
-0.0955047607421875 -0.276840209960938 -0.109596252441406 0.0648040771484375
-0.013763427734375 -0.340850830078125 -0.0525665283203125 -0.12835693359375
0.0877685546875 -0.3154296875 -0.214126586914063 -0.069549560546875
0.0550537109375 -0.299407958984375 -0.14453125 -0.189178466796875
-0.084075927734375 -0.33203125 -0.138015747070313 -0.224319458007813
-0.180618286132812 -0.204849243164063 -0.168701171875 -0.155120849609375
-0.210952758789063 -0.127410888671875 -0.120353698730469 -0.09326171875
-0.216552734375 -0.000518798828124984 -0.0934219360351563 -0.0277786254882812
-0.193359375 0.083404541015625 -0.0461006164550781 -0.0216217041015625
-0.1951904296875 0.0695343017578125 0.00299072265624999 -0.0465621948242187
-0.194000244140625 0.097381591796875 0.0474624633789062 -0.0407791137695312
-0.188629150390625 0.0358123779296875 0.110198974609375 -0.00498199462890625
-0.219573974609375 -0.036834716796875 0.120140075683594 0.0428543090820313
-0.213088989257813 -0.110031127929688 0.0563278198242188 0.11334228515625
-0.113189697265625 -0.272491455078125 -0.0501632690429688 0.109634399414062
-0.020233154296875 -0.294586181640625 -0.124168395996094 0.001373291015625
0.06976318359375 -0.31787109375 -0.0379791259765625 -0.22900390625
0.1280517578125 -0.236526489257813 -0.185195922851562 -0.157745361328125
0.0807952880859375 -0.255294799804688 -0.14569091796875 -0.243621826171875
-0.05718994140625 -0.290802001953125 -0.120376586914062 -0.217422485351563
-0.152420043945313 -0.176681518554688 -0.1209716796875 -0.1510009765625
-0.177047729492188 -0.109207153320312 -0.0610885620117188 -0.0964202880859375
-0.187759399414063 -0.00250244140625004 -0.0240364074707031 -0.0557327270507813
-0.174285888671875 0.064605712890625 0.0178260803222656 -0.0691757202148438
-0.178878784179688 0.0503082275390625 0.0613174438476562 -0.0831375122070313
-0.185073852539063 0.0673370361328125 0.1121826171875 -0.0669784545898437
-0.17303466796875 0.00756835937500003 0.169326782226562 -0.00616455078125
-0.189834594726563 -0.0639801025390625 0.15484619140625 0.0500946044921875
-0.170364379882813 -0.131790161132812 0.0730819702148437 0.104827880859375
-0.05316162109375 -0.271408081054688 -0.0313491821289062 0.0819320678710938
0.0535430908203125 -0.275787353515625 -0.102394104003906 -0.0589370727539063
0.139816284179688 -0.254013061523438 0.007476806640625 -0.308563232421875
0.152740478515625 -0.1195068359375 -0.147430419921875 -0.20416259765625
0.105087280273437 -0.16497802734375 -0.133941650390625 -0.263320922851562
-0.00410461425781252 -0.197372436523438 -0.091796875 -0.197036743164063
-0.0818099975585937 -0.122299194335938 -0.07476806640625 -0.148681640625
-0.0987396240234375 -0.0854644775390625 -0.0156021118164063 -0.100288391113281
-0.124443054199219 -0.0206375122070313 0.0238494873046875 -0.081268310546875
-0.129493713378906 0.0295791625976563 0.0654830932617187 -0.105171203613281
-0.136016845703125 0.0245819091796875 0.110588073730469 -0.10638427734375
-0.148468017578125 0.0366973876953125 0.1705322265625 -0.08270263671875
-0.134269714355469 -0.00376129150390625 0.219436645507813 0.000213623046875
-0.145294189453125 -0.06207275390625 0.183807373046875 0.0615234375
-0.124992370605469 -0.118453979492188 0.0976791381835937 0.0986328125
-0.0110015869140625 -0.23016357421875 0.00578689575195312 0.0612678527832031
0.1021728515625 -0.219161987304688 -0.0491180419921875 -0.101799011230469
0.179183959960938 -0.156494140625 0.0751953125 -0.35498046875
-0.176437377929688 0.035400390625 -0.079345703125 0.366119384765625
-0.0620803833007813 0.131637573242188 0.00772094726562499 0.124687194824219
0.032257080078125 0.137954711914063 -0.0572624206542969 -0.0632743835449219
0.0935745239257812 0.073760986328125 -0.149246215820313 -0.107208251953125
0.0851211547851563 0.0268707275390625 -0.2132568359375 -0.076812744140625
0.0775909423828125 -0.009429931640625 -0.2626953125 0.01220703125
0.0697784423828125 -0.00777053833007813 -0.214691162109375 0.123428344726562
0.0682029724121094 0.0120010375976563 -0.144821166992188 0.1329345703125
0.0664100646972656 0.0199851989746094 -0.0853424072265625 0.12628173828125
0.0350151062011719 0.0398826599121094 -0.0526199340820313 0.1123046875
0.0155868530273438 0.0574989318847656 0.00736236572265626 0.118179321289063
-0.00612640380859375 0.0778732299804688 0.0466766357421875 0.150985717773438
-0.0698394775390625 0.0820770263671875 0.0529937744140625 0.19598388671875
-0.122512817382813 0.0617828369140625 0.116226196289062 0.248489379882813
-0.184051513671875 -0.003509521484375 0.106674194335938 0.212738037109375
-0.152374267578125 -0.097412109375 -0.142578125 0.345458984375
-0.0578193664550781 0.0232276916503906 -0.0467681884765625 0.110092163085937
0.00288009643554688 0.0310688018798828 -0.09808349609375 -0.0810165405273438
0.0427284240722656 0.00507736206054688 -0.184539794921875 -0.1070556640625
0.0192050933837891 -0.0215110778808594 -0.22998046875 -0.07672119140625
0.00186061859130859 -0.0129594802856445 -0.2750244140625 0.0168304443359375
-0.000165939331054686 0.0241622924804687 -0.227493286132813 0.122604370117187
-0.00391769409179687 0.0454063415527344 -0.153640747070312 0.124526977539062
-0.00235748291015625 0.0715408325195313 -0.0940322875976563 0.119247436523437
-0.0387115478515625 0.0739974975585937 -0.0480270385742187 0.103492736816406
-0.0793075561523438 0.06414794921875 0.0139999389648437 0.109184265136719
-0.108619689941406 0.0462188720703125 0.0377197265625 0.153213500976563
-0.137916564941406 -0.0222244262695312 0.0219879150390625 0.184555053710938
-0.15869140625 -0.0518341064453125 0.06744384765625 0.220001220703125
-0.186599731445312 -0.135650634765625 0.0567626953125 0.16961669921875
-0.108383178710937 -0.219436645507813 -0.189300537109375 0.282562255859375
-0.040924072265625 -0.0991058349609375 -0.0861434936523437 0.0616378784179688
-0.0358200073242188 -0.0943984985351563 -0.129951477050781 -0.119194030761719
-0.0272293090820313 -0.0699577331542969 -0.213241577148438 -0.116485595703125
-0.0605621337890625 -0.0680770874023438 -0.235260009765625 -0.075836181640625
-0.0796966552734375 -0.0133743286132812 -0.26409912109375 0.0210418701171875
-0.0736770629882812 0.0550537109375 -0.211380004882812 0.107757568359375
-0.076446533203125 0.0735549926757813 -0.139297485351562 0.0955352783203125
-0.0688934326171875 0.112411499023438 -0.0824050903320313 0.0911026000976563
-0.100791931152344 0.0972900390625 -0.0246963500976563 0.0763702392578125
-0.153488159179688 0.067169189453125 0.0352020263671875 0.0887451171875
-0.186721801757813 0.0240478515625 0.04144287109375 0.149581909179688
-0.18951416015625 -0.105499267578125 -0.00354003906250002 0.17431640625
-0.176071166992188 -0.1466064453125 0.006439208984375 0.181167602539063
-0.16485595703125 -0.243209838867187 0.00572204589843749 0.090423583984375
-0.05029296875 -0.3092041015625 -0.214263916015625 0.182174682617188
-0.0192413330078125 -0.213058471679687 -0.112533569335938 -0.01312255859375
-0.0789794921875 -0.21673583984375 -0.150177001953125 -0.163650512695313
-0.108245849609375 -0.139183044433594 -0.225143432617187 -0.130386352539062
-0.143692016601563 -0.100311279296875 -0.221466064453125 -0.0759429931640625
-0.155014038085938 -0.00518798828125002 -0.226226806640625 0.0200653076171875
-0.1357421875 0.0812911987304687 -0.169906616210938 0.0785675048828125
-0.137016296386719 0.0909652709960937 -0.105094909667969 0.0522918701171875
-0.126388549804688 0.134819030761719 -0.0529403686523438 0.0470848083496094
-0.1483154296875 0.099761962890625 0.011810302734375 0.041290283203125
-0.20379638671875 0.0542755126953125 0.0622138977050781 0.0635452270507813
-0.232666015625 -0.00558471679687497 0.049652099609375 0.138664245605469
-0.208648681640625 -0.173110961914063 -0.022613525390625 0.1622314453125
-0.163482666015625 -0.219985961914062 -0.0533676147460937 0.135063171386719
-0.11529541015625 -0.31549072265625 -0.0380516052246094 -0.00991821289062502
0.00848388671875001 -0.34881591796875 -0.21990966796875 0.0635528564453125
0.00485229492187497 -0.29071044921875 -0.133262634277344 -0.100181579589844
-0.1112060546875 -0.30242919921875 -0.157485961914062 -0.1998291015625
-0.173675537109375 -0.183761596679687 -0.211746215820312 -0.140731811523438
-0.206680297851563 -0.115020751953125 -0.182464599609375 -0.079254150390625
-0.205490112304688 0.00877380371093752 -0.164047241210938 0.0065765380859375
-0.175827026367188 0.098175048828125 -0.110061645507813 0.0345916748046875
-0.17706298828125 0.0963897705078125 -0.0557212829589844 0.00232315063476563
-0.167510986328125 0.133865356445313 -0.00834083557128907 -0.000620365142822259
-0.177749633789063 0.0811309814453125 0.0590553283691406 0.00827407836914063
-0.226943969726563 0.021728515625 0.0935211181640625 0.043670654296875
-0.243576049804688 -0.0475921630859375 0.059600830078125 0.126495361328125
-0.1885986328125 -0.228622436523438 -0.0353546142578125 0.14581298828125
-0.117141723632813 -0.2723388671875 -0.102226257324219 0.0802383422851563
-0.041534423828125 -0.345489501953125 -0.0613784790039063 -0.1181640625
0.061614990234375 -0.328765869140625 -0.210342407226563 -0.05279541015625
0.03076171875 -0.308990478515625 -0.14996337890625 -0.178909301757813
-0.11505126953125 -0.3287353515625 -0.15374755859375 -0.216293334960938
-0.19781494140625 -0.191513061523437 -0.178695678710938 -0.144393920898438
-0.224533081054688 -0.109375 -0.125373840332031 -0.0859756469726562
-0.21697998046875 0.017242431640625 -0.0910720825195313 -0.0214157104492188
-0.185348510742188 0.0984649658203125 -0.044189453125 -0.0193367004394531
-0.18951416015625 0.087249755859375 0.00125122070312499 -0.0472640991210938
-0.186019897460938 0.114883422851563 0.0494155883789062 -0.0443000793457031
-0.186630249023438 0.0497894287109375 0.11676025390625 -0.0126876831054687
-0.223220825195313 -0.018585205078125 0.128890991210937 0.0362472534179687
-0.224151611328125 -0.0931549072265625 0.0709915161132813 0.1156005859375
-0.137603759765625 -0.2659912109375 -0.03814697265625 0.121086120605469
-0.04425048828125 -0.296295166015625 -0.122299194335938 0.0174942016601563
0.042816162109375 -0.3294677734375 -0.0552520751953125 -0.22174072265625
0.10540771484375 -0.252182006835938 -0.189468383789062 -0.14556884765625
0.057830810546875 -0.266281127929688 -0.157302856445313 -0.233261108398438
-0.087799072265625 -0.28765869140625 -0.135543823242188 -0.211456298828125
-0.168304443359375 -0.162933349609375 -0.130386352539062 -0.144058227539063
-0.188308715820313 -0.0924072265625 -0.0663909912109375 -0.0938949584960938
-0.187255859375 0.0139617919921875 -0.02484130859375 -0.0555496215820313
-0.165939331054688 0.079010009765625 0.0150833129882812 -0.0724411010742187
-0.173187255859375 0.06689453125 0.0567169189453125 -0.089111328125
-0.1771240234375 0.0846099853515625 0.112388610839844 -0.0770797729492187
-0.170654296875 0.0212249755859375 0.175689697265625 -0.0198822021484375
-0.193893432617187 -0.0464630126953125 0.163711547851563 0.0411376953125
-0.18194580078125 -0.116729736328125 0.0864181518554688 0.104682922363281
-0.078216552734375 -0.268157958984375 -0.0228347778320313 0.0907135009765625
0.028656005859375 -0.281341552734375 -0.106124877929688 -0.0459442138671875
0.117156982421875 -0.269546508789063 -0.01617431640625 -0.306488037109375
0.139389038085938 -0.135307312011719 -0.157470703125 -0.196975708007813
0.087005615234375 -0.176071166992187 -0.14959716796875 -0.255050659179688
-0.02587890625 -0.196578979492188 -0.105392456054687 -0.19403076171875
-0.093475341796875 -0.11175537109375 -0.084930419921875 -0.145736694335938
-0.10626220703125 -0.0729904174804688 -0.0224761962890625 -0.101585388183594
-0.123626708984375 -0.0076446533203125 0.0205917358398437 -0.0852127075195313
-0.121841430664062 0.0412979125976563 0.0591354370117187 -0.112709045410156
-0.130577087402344 0.0369110107421875 0.103103637695312 -0.116462707519531
-0.141281127929688 0.050262451171875 0.168869018554688 -0.0975799560546875
-0.130813598632813 0.00748443603515623 0.225006103515625 -0.0170440673828125
-0.148086547851563 -0.04718017578125 0.193084716796875 0.0504150390625
-0.134262084960938 -0.104804992675781 0.108787536621094 0.0960464477539063
-0.0339813232421875 -0.227523803710937 0.0115585327148438 0.0665473937988281
0.0800323486328125 -0.22735595703125 -0.0579299926757813 -0.0929946899414063
0.163345336914063 -0.174301147460938 0.047088623046875 -0.35986328125
-0.164031982421875 0.0546417236328125 -0.039459228515625 0.3663330078125
-0.0432891845703125 0.133010864257813 0.0213699340820312 0.118263244628906
0.0481033325195313 0.127655029296875 -0.0605545043945312 -0.0599899291992188
0.0985946655273438 0.05706787109375 -0.157943725585938 -0.0943756103515625
0.0842208862304688 0.0138168334960938 -0.220809936523437 -0.0573272705078125
0.0705032348632813 -0.0180282592773438 -0.261993408203125 0.0374908447265624
0.0626449584960938 -0.014129638671875 -0.201644897460938 0.144378662109375
0.0644378662109375 0.00471878051757812 -0.129974365234375 0.147872924804688
0.06365966796875 0.0126838684082031 -0.071868896484375 0.136695861816406
0.03424072265625 0.0352210998535156 -0.042266845703125 0.120513916015625
0.018402099609375 0.0517196655273437 0.0194473266601562 0.119331359863281
0.00282287597656251 0.0736770629882812 0.060791015625 0.147705078125
-0.0570602416992187 0.0851287841796875 0.0681304931640625 0.193008422851562
-0.109458923339844 0.0714263916015625 0.136825561523438 0.237808227539063
-0.176223754882813 0.01739501953125 0.124160766601563 0.20550537109375
-0.153411865234375 -0.0798187255859375 -0.10186767578125 0.352935791015625
-0.0494384765625 0.0246467590332031 -0.0314865112304688 0.109428405761719
0.00860214233398437 0.0241260528564453 -0.102630615234375 -0.0731201171875
0.041351318359375 -0.00605010986328125 -0.190872192382813 -0.0904083251953125
0.0130958557128906 -0.0277175903320313 -0.235076904296875 -0.056060791015625
-0.00484943389892578 -0.0146808624267578 -0.271713256835938 0.042938232421875
-0.00404167175292969 0.0241107940673828 -0.211959838867188 0.144805908203125
-0.00399017333984375 0.0450630187988281 -0.138725280761719 0.139778137207031
0.001129150390625 0.0708999633789063 -0.07916259765625 0.13092041015625
-0.0350723266601562 0.0754852294921875 -0.0362548828125 0.110946655273438
-0.07391357421875 0.0674514770507812 0.0262603759765625 0.110214233398438
-0.102104187011719 0.0537338256835938 0.05364990234375 0.1519775390625
-0.135116577148438 -0.0107650756835938 0.03839111328125 0.185684204101563
-0.156661987304688 -0.0376739501953125 0.0885467529296875 0.215377807617187
-0.19232177734375 -0.114547729492188 0.0729217529296875 0.169052124023438
-0.12255859375 -0.206283569335937 -0.1514892578125 0.29608154296875
-0.0449905395507813 -0.098236083984375 -0.0723495483398438 0.0659408569335938
-0.0419387817382813 -0.0958328247070313 -0.137718200683594 -0.107521057128906
-0.0340194702148438 -0.0733261108398437 -0.2193603515625 -0.0965118408203125
-0.0701255798339844 -0.0651206970214844 -0.238677978515625 -0.054229736328125
-0.0852432250976563 -0.00713348388671875 -0.25885009765625 0.0461578369140626
-0.0723190307617187 0.0609359741210938 -0.196807861328125 0.127944946289063
-0.0721588134765625 0.0807571411132813 -0.126785278320312 0.110137939453125
-0.0601806640625 0.118217468261719 -0.0689163208007813 0.100723266601563
-0.0936126708984375 0.104454040527344 -0.0146255493164063 0.0815963745117188
-0.148239135742187 0.078857421875 0.0462188720703125 0.0876235961914063
-0.18292236328125 0.039581298828125 0.0589447021484375 0.1484375
-0.1959228515625 -0.088226318359375 0.01507568359375 0.178451538085938
-0.184249877929687 -0.129714965820313 0.025726318359375 0.18450927734375
-0.183578491210938 -0.224777221679688 0.0159225463867187 0.0962142944335937
-0.077178955078125 -0.30242919921875 -0.183822631835938 0.200454711914062
-0.0363006591796875 -0.212936401367187 -0.103622436523438 -0.00450897216796879
-0.099151611328125 -0.210906982421875 -0.16162109375 -0.14874267578125
-0.120628356933594 -0.131927490234375 -0.230926513671875 -0.108779907226563
-0.155441284179688 -0.0882415771484375 -0.223770141601563 -0.055206298828125
-0.157608032226563 0.00854492187499999 -0.218276977539063 0.041046142578125
-0.129173278808594 0.09259033203125 -0.15716552734375 0.0939178466796875
-0.130447387695313 0.103919982910156 -0.096221923828125 0.0633087158203125
-0.113418579101563 0.146026611328125 -0.0441207885742188 0.0539169311523438
-0.139610290527344 0.111854553222656 0.0191459655761719 0.041900634765625
-0.198104858398438 0.0718841552734375 0.0711669921875 0.0599746704101563
-0.231582641601563 0.01593017578125 0.0674209594726562 0.136146545410156
-0.223159790039063 -0.153671264648437 -0.00349426269531251 0.1685791015625
-0.181015014648438 -0.204620361328125 -0.037445068359375 0.14447021484375
-0.14276123046875 -0.302886962890625 -0.0360832214355469 0.00123214721679686
-0.026702880859375 -0.347747802734375 -0.200119018554688 0.0831756591796874
-0.0220947265625 -0.290924072265625 -0.1318359375 -0.0877914428710938
-0.14166259765625 -0.291015625 -0.17230224609375 -0.182693481445313
-0.18951416015625 -0.167282104492188 -0.219619750976563 -0.120086669921875
-0.21807861328125 -0.0928802490234375 -0.185226440429688 -0.06256103515625
-0.204208374023438 0.0274505615234375 -0.156997680664063 0.0205535888671875
-0.16455078125 0.113739013671875 -0.101852416992188 0.0443801879882812
-0.16748046875 0.113845825195313 -0.0519638061523438 0.0081634521484375
-0.151779174804688 0.149887084960938 -0.00332689285278321 0.000868320465087899
-0.169479370117188 0.0968780517578125 0.0636749267578125 0.00366973876953126
-0.223602294921875 0.043182373046875 0.101341247558594 0.036285400390625
-0.24676513671875 -0.0238189697265625 0.0774383544921875 0.12384033203125
-0.210296630859375 -0.20941162109375 -0.016357421875 0.1531982421875
-0.14154052734375 -0.260543823242188 -0.0893783569335938 0.0956268310546875
-0.07452392578125 -0.34014892578125 -0.0698165893554687 -0.104583740234375
0.02557373046875 -0.33306884765625 -0.202499389648438 -0.03375244140625
-0.000701904296875017 -0.312225341796875 -0.1556396484375 -0.164260864257813
-0.149993896484375 -0.3133544921875 -0.170440673828125 -0.198806762695313
-0.2147216796875 -0.169586181640625 -0.186248779296875 -0.126708984375
-0.234375 -0.084259033203125 -0.130119323730469 -0.07427978515625
-0.212417602539063 0.03851318359375 -0.087005615234375 -0.0138626098632812
-0.172653198242188 0.11480712890625 -0.0416755676269531 -0.0158157348632812
-0.178802490234375 0.10601806640625 -0.00157546997070313 -0.0466346740722656
-0.170516967773437 0.133209228515625 0.0491065979003906 -0.0490226745605469
-0.179885864257813 0.0671234130859375 0.118743896484375 -0.0241775512695312
-0.2218017578125 0.00363159179687496 0.135459899902344 0.025482177734375
-0.231155395507813 -0.0687103271484375 0.0870208740234375 0.111137390136719
-0.16436767578125 -0.250823974609375 -0.021575927734375 0.127449035644531
-0.07427978515625 -0.28973388671875 -0.115570068359375 0.0346145629882812
0.00830078124999996 -0.33380126953125 -0.0743408203125 -0.208541870117188
0.0744781494140625 -0.26251220703125 -0.193115234375 -0.128067016601563
0.027984619140625 -0.270782470703125 -0.169906616210938 -0.217941284179687
-0.119293212890625 -0.273193359375 -0.152679443359375 -0.197189331054688
-0.183151245117188 -0.14154052734375 -0.140243530273438 -0.131324768066406
-0.195877075195313 -0.0686798095703125 -0.07354736328125 -0.0877151489257812
-0.181869506835938 0.03265380859375 -0.025238037109375 -0.0547714233398437
-0.152908325195313 0.0940093994140625 0.0109176635742187 -0.074310302734375
-0.16217041015625 0.0836944580078125 0.0484542846679687 -0.0938949584960938
-0.163726806640625 0.101318359375 0.106971740722656 -0.08880615234375
-0.1646728515625 0.0371246337890625 0.176315307617188 -0.03765869140625
-0.194046020507813 -0.02557373046875 0.170562744140625 0.026824951171875
-0.191482543945313 -0.095123291015625 0.100532531738281 0.0990142822265625
-0.106369018554688 -0.25640869140625 -0.0106887817382813 0.0966262817382812
-0.00251770019531249 -0.281051635742188 -0.107421875 -0.0294265747070313
0.085845947265625 -0.2816162109375 -0.0458984375 -0.297393798828125
0.118515014648438 -0.150253295898438 -0.16876220703125 -0.18359375
0.063720703125 -0.183120727539062 -0.166671752929688 -0.239761352539062
-0.0508270263671875 -0.188079833984375 -0.1217041015625 -0.184127807617188
-0.103736877441406 -0.0969161987304687 -0.0960235595703125 -0.138351440429688
-0.112136840820313 -0.05755615234375 -0.03076171875 -0.100631713867188
-0.1201171875 0.00627899169921876 0.0148773193359375 -0.0892410278320313
-0.11114501953125 0.052337646484375 0.0489730834960937 -0.119056701660156
-0.120811462402344 0.050079345703125 0.0905303955078125 -0.126518249511719
-0.130126953125 0.0643844604492188 0.159393310546875 -0.115463256835938
-0.125007629394531 0.0201263427734375 0.2255859375 -0.03961181640625
-0.14666748046875 -0.0290679931640625 0.200302124023438 0.0340576171875
-0.141769409179687 -0.0867767333984375 0.120468139648437 0.08868408203125
-0.0585784912109375 -0.218643188476562 0.0192146301269531 0.0691146850585938
0.05224609375 -0.231521606445313 -0.0665969848632812 -0.0817031860351563
0.139617919921875 -0.1898193359375 0.010345458984375 -0.356109619140625
-0.144760131835938 0.06878662109375 -0.000457763671875048 0.35186767578125
-0.02532958984375 0.127601623535156 0.0318832397460937 0.107574462890625
0.060455322265625 0.111946105957031 -0.0623321533203125 -0.0546417236328125
0.0978469848632813 0.0398788452148438 -0.160064697265625 -0.077667236328125
0.0784912109375 0.00159454345703125 -0.217819213867188 -0.0362396240234375
0.0608634948730469 -0.0236358642578125 -0.250259399414062 0.0610046386718749
0.0537300109863281 -0.01812744140625 -0.180023193359375 0.158981323242188
0.0587730407714844 -0.00157928466796875 -0.109893798828125 0.155532836914063
0.058685302734375 0.00647354125976563 -0.05517578125 0.140960693359375
0.0323295593261719 0.0302829742431641 -0.0282211303710938 0.122932434082031
0.0195541381835938 0.0451431274414062 0.0305328369140625 0.114837646484375
0.00981521606445313 0.0664749145507813 0.0722274780273437 0.13885498046875
-0.04229736328125 0.0843124389648437 0.081390380859375 0.182952880859375
-0.09356689453125 0.0773391723632813 0.152679443359375 0.218582153320313
-0.1617431640625 0.03509521484375 0.136871337890625 0.190780639648438
-0.148101806640625 -0.061859130859375 -0.059173583984375 0.344818115234375
-0.0405616760253906 0.0237541198730469 -0.0167694091796875 0.104316711425781
0.0114545822143555 0.0162353515625 -0.103363037109375 -0.063018798828125
0.0377159118652344 -0.0162544250488281 -0.1898193359375 -0.0707550048828126
0.0060577392578125 -0.0313224792480469 -0.230224609375 -0.03375244140625
-0.0114068984985352 -0.0140476226806641 -0.2579345703125 0.066986083984375
-0.00597953796386719 0.0246181488037109 -0.189041137695313 0.1597900390625
-0.00349807739257812 0.0440444946289063 -0.117202758789063 0.147781372070313
0.00438308715820313 0.0683937072753906 -0.0608596801757812 0.135787963867188
-0.0301742553710938 0.07525634765625 -0.0228195190429687 0.113380432128906
-0.0676345825195313 0.0692939758300781 0.037322998046875 0.105476379394531
-0.0928955078125 0.0573883056640625 0.06817626953125 0.144454956054687
-0.128074645996094 -0.000732421875000015 0.0538330078125 0.179107666015625
-0.149063110351563 -0.0233306884765625 0.105636596679687 0.202407836914063
-0.19049072265625 -0.090423583984375 0.086639404296875 0.160903930664063
-0.132797241210938 -0.186676025390625 -0.109130859375 0.29595947265625
-0.0482101440429687 -0.0942459106445313 -0.057403564453125 0.0664138793945313
-0.048431396484375 -0.0929336547851563 -0.139976501464844 -0.0911178588867188
-0.04156494140625 -0.072540283203125 -0.216629028320313 -0.0744171142578125
-0.077239990234375 -0.05877685546875 -0.232757568359375 -0.03204345703125
-0.0870513916015625 0.0005645751953125 -0.242507934570312 0.0673065185546875
-0.0672836303710938 0.0664558410644531 -0.174468994140625 0.142135620117188
-0.0654144287109375 0.0852432250976563 -0.108757019042969 0.11810302734375
-0.0485153198242187 0.119674682617188 -0.0531387329101563 0.105133056640625
-0.0831451416015625 0.108505249023438 -0.0041351318359375 0.0822525024414062
-0.136672973632813 0.0879898071289063 0.0557785034179687 0.0823440551757813
-0.172103881835938 0.0537261962890625 0.0740509033203125 0.140251159667969
-0.195343017578125 -0.0689849853515625 0.03228759765625 0.174606323242188
-0.185897827148438 -0.109695434570312 0.04498291015625 0.178375244140625
-0.193954467773437 -0.198760986328125 0.0269622802734375 0.0970230102539062
-0.1005859375 -0.282989501953125 -0.147048950195313 0.206298828125
-0.0519256591796875 -0.204925537109375 -0.0923995971679688 0.00208282470703124
-0.11553955078125 -0.196640014648438 -0.166839599609375 -0.12774658203125
-0.129348754882812 -0.119430541992188 -0.22894287109375 -0.0851287841796876
-0.160598754882813 -0.0713653564453125 -0.217864990234375 -0.03424072265625
-0.153549194335938 0.0227508544921875 -0.202667236328125 0.0575408935546875
-0.11859130859375 0.101455688476562 -0.139022827148438 0.104667663574219
-0.117195129394531 0.113418579101563 -0.0841827392578125 0.0705337524414063
-0.0956878662109375 0.151412963867188 -0.032989501953125 0.0565719604492188
-0.125869750976563 0.120468139648438 0.0260505676269531 0.0398788452148438
-0.18475341796875 0.0868682861328125 0.077545166015625 0.0523910522460938
-0.220855712890625 0.036102294921875 0.0828475952148437 0.12860107421875
-0.229690551757813 -0.127914428710938 0.0149078369140625 0.166229248046875
-0.191162109375 -0.181182861328125 -0.018402099609375 0.146682739257813
-0.164794921875 -0.279205322265625 -0.0316085815429688 0.0103874206542969
-0.0577392578125 -0.332305908203125 -0.173065185546875 0.09588623046875
-0.0474090576171875 -0.279571533203125 -0.126235961914063 -0.0748443603515625
-0.16497802734375 -0.267425537109375 -0.180343627929688 -0.158843994140625
-0.198318481445313 -0.144683837890625 -0.217910766601563 -0.095794677734375
-0.22015380859375 -0.0682830810546875 -0.180892944335938 -0.0438385009765625
-0.194381713867188 0.0457305908203125 -0.144317626953125 0.032012939453125
-0.1484375 0.123977661132813 -0.0900192260742188 0.050445556640625
-0.151016235351563 0.125991821289062 -0.046966552734375 0.0132293701171875
-0.1317138671875 0.158615112304687 0.000575006008148185 0.000793874263763438
-0.155029296875 0.107986450195313 0.0653877258300781 -0.00262832641601562
-0.211090087890625 0.062652587890625 0.104988098144531 0.0263748168945313
-0.239547729492187 0.00115966796875003 0.09173583984375 0.114128112792969
-0.22369384765625 -0.182891845703125 0.00204467773437497 0.151840209960938
-0.160232543945312 -0.237686157226563 -0.0724411010742188 0.104728698730469
-0.105072021484375 -0.321441650390625 -0.0735244750976563 -0.0880661010742188
-0.009857177734375 -0.324188232421875 -0.187393188476562 -0.01629638671875
-0.0318603515625 -0.300933837890625 -0.15625 -0.145828247070313
-0.177276611328125 -0.284912109375 -0.180084228515625 -0.17413330078125
-0.221954345703125 -0.142318725585938 -0.186737060546875 -0.1051025390625
-0.23333740234375 -0.0568389892578125 -0.129356384277344 -0.0603485107421875
-0.200027465820313 0.05706787109375 -0.0804367065429688 -0.00834655761718751
-0.153579711914062 0.1260986328125 -0.0381050109863281 -0.0131645202636719
-0.160186767578125 0.119857788085938 -0.00422668457031251 -0.0447578430175781
-0.14959716796875 0.144775390625 0.0453262329101563 -0.0531578063964844
-0.166397094726563 0.080413818359375 0.115524291992187 -0.0352554321289062
-0.211898803710938 0.0247039794921875 0.137222290039063 0.01263427734375
-0.228134155273438 -0.0426788330078125 0.0989837646484375 0.101112365722656
-0.183761596679688 -0.2249755859375 -0.00514984130859375 0.128150939941406
-0.0996246337890625 -0.271087646484375 -0.104240417480469 0.0487823486328125
-0.026580810546875 -0.322784423828125 -0.088897705078125 -0.18780517578125
0.041839599609375 -0.26043701171875 -0.189285278320313 -0.107803344726563
-0.00262451171874998 -0.262405395507813 -0.177047729492188 -0.195770263671875
-0.144149780273437 -0.247283935546875 -0.162994384765625 -0.174087524414063
-0.188766479492188 -0.115509033203125 -0.14410400390625 -0.114669799804688
-0.193572998046875 -0.0438232421875 -0.0765914916992188 -0.0792617797851563
-0.168930053710937 0.049560546875 -0.0254859924316406 -0.0531463623046875
-0.134780883789063 0.103713989257812 0.005767822265625 -0.0745010375976563
-0.14544677734375 0.0963287353515625 0.0381927490234375 -0.0949783325195313
-0.144012451171875 0.112960815429687 0.0962677001953125 -0.096649169921875
-0.1524658203125 0.0507659912109375 0.1688232421875 -0.054595947265625
-0.186279296875 -0.00587463378906253 0.170455932617188 0.0107879638671875
-0.191452026367188 -0.071075439453125 0.110267639160156 0.0885238647460938
-0.128921508789063 -0.234405517578125 0.00179290771484375 0.097564697265625
-0.0313568115234375 -0.268844604492188 -0.103630065917969 -0.0135040283203125
0.0514068603515625 -0.279617309570313 -0.0706024169921875 -0.276153564453125
0.093780517578125 -0.156173706054688 -0.173812866210938 -0.164215087890625
0.0396575927734375 -0.180999755859375 -0.177810668945313 -0.216796875
-0.0707550048828125 -0.171707153320313 -0.132308959960938 -0.166290283203125
-0.10809326171875 -0.0791473388671875 -0.103736877441406 -0.125823974609375
-0.111602783203125 -0.0413742065429688 -0.0386734008789063 -0.0948867797851563
-0.11151123046875 0.0184478759765625 0.00861358642578124 -0.08966064453125
-0.0979537963867187 0.0598907470703125 0.0366287231445312 -0.120536804199219
-0.1077880859375 0.0595626831054687 0.07403564453125 -0.129707336425781
-0.11431884765625 0.073944091796875 0.142852783203125 -0.127426147460938
-0.114402770996094 0.0304107666015625 0.214996337890625 -0.06109619140625
-0.139495849609375 -0.01275634765625 0.198760986328125 0.01513671875
-0.14166259765625 -0.0661163330078125 0.127143859863281 0.076202392578125
-0.079254150390625 -0.2008056640625 0.0265312194824219 0.068084716796875
0.024200439453125 -0.224441528320312 -0.0713958740234375 -0.0671844482421875
0.110702514648438 -0.196365356445312 -0.02484130859375 -0.33868408203125
-0.124168395996094 0.0752029418945313 0.024139404296875 0.328857421875
-0.012969970703125 0.118293762207031 0.0367202758789063 0.0965576171875
0.064605712890625 0.0956802368164062 -0.0612564086914063 -0.0503654479980469
0.0927200317382813 0.0262680053710937 -0.156051635742188 -0.064239501953125
0.0706253051757813 -0.0057830810546875 -0.20831298828125 -0.020538330078125
0.0512771606445313 -0.0260696411132813 -0.234237670898438 0.0758819580078125
0.0455322265625 -0.0184974670410156 -0.1590576171875 0.163421630859375
0.0520782470703125 -0.004791259765625 -0.091705322265625 0.154556274414063
0.052764892578125 0.002685546875 -0.0410232543945312 0.138847351074219
0.0295314788818359 0.0261898040771484 -0.0180282592773437 0.120758056640625
0.0190658569335938 0.0395774841308594 0.0374603271484375 0.107948303222656
0.013519287109375 0.0584220886230469 0.0774993896484375 0.128646850585938
-0.03125 0.0791397094726563 0.0876617431640625 0.170578002929688
-0.0792999267578125 0.0769577026367188 0.157623291015625 0.1976318359375
-0.144424438476563 0.0452117919921875 0.14129638671875 0.175140380859375
-0.137763977050781 -0.0482025146484375 -0.028900146484375 0.3255615234375
-0.0331459045410156 0.0206069946289062 -0.00669097900390625 0.0956268310546875
0.0124454498291016 0.00868606567382813 -0.0995330810546875 -0.0543746948242188
0.0315532684326172 -0.0224266052246094 -0.182479858398438 -0.056640625
-0.000345230102539064 -0.0322437286376953 -0.218582153320313 -0.01861572265625
-0.0161981582641602 -0.0116872787475586 -0.238815307617187 0.0800628662109375
-0.00822830200195313 0.0250988006591797 -0.166305541992187 0.164642333984375
-0.00363922119140625 0.0430488586425781 -0.0992279052734375 0.148849487304688
0.00661087036132813 0.0648078918457031 -0.0450057983398438 0.134025573730469
-0.0261611938476563 0.0729598999023437 -0.0125656127929688 0.110862731933594
-0.0617599487304688 0.0688858032226562 0.044158935546875 0.0992202758789062
-0.083709716796875 0.0579605102539062 0.0751876831054687 0.1341552734375
-0.118843078613281 0.00489044189453123 0.0630340576171875 0.169784545898438
-0.138717651367188 -0.014434814453125 0.114349365234375 0.186630249023438
-0.181838989257813 -0.0723724365234375 0.0935821533203125 0.150772094726563
-0.132781982421875 -0.166732788085938 -0.076171875 0.282440185546875
-0.0488128662109375 -0.0902938842773438 -0.045562744140625 0.06268310546875
-0.0525588989257813 -0.0894546508789063 -0.135536193847656 -0.0775833129882813
-0.045867919921875 -0.0707168579101563 -0.206344604492188 -0.05755615234375
-0.08026123046875 -0.0522079467773438 -0.22039794921875 -0.017181396484375
-0.0859451293945313 0.00700378417968751 -0.22271728515625 0.0789337158203125
-0.062225341796875 0.0682296752929688 -0.15277099609375 0.146041870117187
-0.0587539672851563 0.0860061645507813 -0.09222412109375 0.119110107421875
-0.03900146484375 0.116973876953125 -0.039642333984375 0.104423522949219
-0.0735931396484375 0.107887268066406 0.00465393066406249 0.0798797607421875
-0.124885559082031 0.0914154052734375 0.0602264404296875 0.07470703125
-0.159576416015625 0.060150146484375 0.082427978515625 0.129432678222656
-0.188858032226563 -0.053985595703125 0.0436248779296875 0.166702270507813
-0.180328369140625 -0.0931396484375 0.057342529296875 0.168838500976563
-0.194412231445312 -0.174758911132813 0.0342025756835937 0.0946807861328125
-0.111587524414063 -0.26123046875 -0.116470336914063 0.201141357421875
-0.0600433349609375 -0.193817138671875 -0.080841064453125 0.00458526611328125
-0.122879028320312 -0.180862426757813 -0.162429809570313 -0.109527587890625
-0.130950927734375 -0.107345581054687 -0.21820068359375 -0.0662689208984375
-0.15924072265625 -0.0570526123046875 -0.205734252929688 -0.0199432373046875
-0.145355224609375 0.031585693359375 -0.18463134765625 0.0659637451171875
-0.106529235839844 0.104644775390625 -0.120674133300781 0.107398986816406
-0.104736328125 0.11724853515625 -0.0721359252929688 0.0727157592773438
-0.079986572265625 0.1502685546875 -0.0239639282226563 0.0560836791992188
-0.112503051757812 0.121856689453125 0.0295562744140625 0.0369415283203125
-0.170623779296875 0.093505859375 0.0796356201171875 0.0458831787109375
-0.206512451171875 0.0479736328125 0.0912017822265625 0.118171691894531
-0.225875854492188 -0.107559204101563 0.028106689453125 0.159820556640625
-0.19091796875 -0.160552978515625 -0.00378417968750002 0.143280029296875
-0.173507690429688 -0.253158569335937 -0.0258445739746094 0.0167980194091797
-0.078033447265625 -0.309661865234375 -0.147933959960938 0.098114013671875
-0.0643310546875 -0.264205932617187 -0.116905212402344 -0.0662841796875
-0.1756591796875 -0.24151611328125 -0.1776123046875 -0.136947631835938
-0.19775390625 -0.124160766601563 -0.208419799804688 -0.077362060546875
-0.213775634765625 -0.049041748046875 -0.171417236328125 -0.0312042236328125
-0.181594848632813 0.0560455322265625 -0.130485534667969 0.037261962890625
-0.132400512695313 0.126739501953125 -0.0778121948242188 0.0527725219726563
-0.134307861328125 0.130897521972656 -0.0413475036621094 0.0161361694335938
-0.112808227539062 0.159072875976563 0.00336313247680663 8.65459442138769E-05
-0.140243530273437 0.112197875976563 0.0644607543945313 -0.00654602050781249
-0.194961547851563 0.072967529296875 0.104179382324219 0.0187606811523438
-0.226425170898438 0.0175933837890625 0.0984649658203125 0.103446960449219
-0.224884033203125 -0.158920288085938 0.0150909423828125 0.146636962890625
-0.167205810546875 -0.214706420898438 -0.0570297241210938 0.107231140136719
-0.121917724609375 -0.298004150390625 -0.07244873046875 -0.07342529296875
-0.03411865234375 -0.305450439453125 -0.169754028320313 -0.00679016113281251
-0.052154541015625 -0.28338623046875 -0.150711059570313 -0.129898071289063
-0.188980102539063 -0.2548828125 -0.177780151367188 -0.15106201171875
-0.218765258789063 -0.11798095703125 -0.1805419921875 -0.0878753662109375
-0.224151611328125 -0.0359954833984375 -0.123298645019531 -0.04986572265625
-0.1846923828125 0.06732177734375 -0.072967529296875 -0.00588989257812499
-0.135231018066406 0.128822326660156 -0.0343418121337891 -0.0112361907958984
-0.142471313476563 0.125228881835938 -0.00540161132812501 -0.0411758422851562
-0.129241943359375 0.146530151367187 0.0418968200683594 -0.0539436340332031
-0.15130615234375 0.0867919921875 0.109504699707031 -0.0424575805664062
-0.197708129882813 0.037109375 0.134231567382813 0.003692626953125
-0.21710205078125 -0.023529052734375 0.104789733886719 0.0902557373046875
-0.190765380859375 -0.199295043945312 0.00647735595703124 0.123970031738281
-0.11376953125 -0.2493896484375 -0.0915451049804688 0.0561294555664063
-0.049224853515625 -0.303955078125 -0.09375 -0.166473388671875
0.0163726806640625 -0.24810791015625 -0.179367065429688 -0.0939483642578125
-0.02337646484375 -0.2476806640625 -0.173233032226563 -0.175155639648438
-0.155776977539063 -0.22021484375 -0.161911010742187 -0.153076171875
-0.185470581054688 -0.094146728515625 -0.140853881835938 -0.0995025634765625
-0.184890747070313 -0.0258636474609375 -0.0758285522460938 -0.07110595703125
-0.154327392578125 0.0583953857421875 -0.0247344970703125 -0.0515823364257812
-0.117202758789062 0.106681823730469 0.00207519531249999 -0.0725021362304688
-0.129013061523438 0.101791381835938 0.030670166015625 -0.0916595458984375
-0.124710083007813 0.116607666015625 0.0850296020507812 -0.0998001098632812
-0.1392822265625 0.0574188232421875 0.158462524414063 -0.064117431640625
-0.173507690429687 0.00753784179687496 0.16436767578125 -0.0010528564453125
-0.183990478515625 -0.05242919921875 0.113937377929688 0.0781936645507813
-0.13934326171875 -0.210174560546875 0.01025390625 0.094451904296875
-0.0500946044921875 -0.249710083007813 -0.095489501953125 -0.00203704833984375
0.025543212890625 -0.268630981445313 -0.08392333984375 -0.25091552734375
0.0725860595703125 -0.152938842773437 -0.170944213867188 -0.147430419921875
0.02056884765625 -0.172714233398438 -0.178009033203125 -0.194793701171875
-0.080902099609375 -0.153091430664063 -0.1341552734375 -0.149032592773437
-0.106544494628906 -0.0640335083007812 -0.105255126953125 -0.113037109375
-0.106559753417969 -0.0285491943359375 -0.0422821044921875 -0.088287353515625
-0.101020812988281 0.0263137817382813 0.00390624999999999 -0.0876235961914063
-0.0850372314453125 0.0622177124023438 0.0267257690429687 -0.11785888671875
-0.0944366455078125 0.0638275146484375 0.0613250732421875 -0.127326965332031
-0.0984725952148438 0.0772323608398437 0.125755310058594 -0.131210327148438
-0.1033935546875 0.03582763671875 0.201370239257813 -0.0739288330078125
-0.128883361816406 -0.00156402587890628 0.191329956054687 0.0013275146484375
-0.135818481445313 -0.0501174926757813 0.127548217773438 0.0655593872070313
-0.0904388427734375 -0.180038452148437 0.0304183959960937 0.0652885437011718
0.00456237792968751 -0.210906982421875 -0.0701217651367188 -0.0543289184570313
0.0869140625 -0.192398071289063 -0.046783447265625 -0.313507080078125
-0.108802795410156 0.0755157470703125 0.03692626953125 0.30718994140625
-0.005523681640625 0.109336853027344 0.0382461547851563 0.0879669189453125
0.0644989013671875 0.0835113525390625 -0.0594596862792969 -0.0481491088867188
0.0867843627929688 0.0172653198242188 -0.15020751953125 -0.0569000244140625
0.0631942749023438 -0.01068115234375 -0.199600219726563 -0.0136871337890625
0.0433540344238281 -0.0247268676757813 -0.2205810546875 0.0821380615234375
0.0397491455078125 -0.0164718627929687 -0.143524169921875 0.163116455078125
0.0464935302734375 -0.00564956665039063 -0.080047607421875 0.151336669921875
0.0479202270507813 0.00107955932617188 -0.0322189331054687 0.1351318359375
0.026458740234375 0.0240364074707031 -0.0118331909179688 0.117607116699219
0.0170249938964844 0.0355720520019531 0.0400238037109375 0.102531433105469
0.0143356323242188 0.0516777038574219 0.0795135498046875 0.121253967285156
-0.0244522094726562 0.0731048583984375 0.089202880859375 0.162490844726563
-0.0693283081054688 0.0734634399414063 0.156845092773438 0.183425903320313
-0.130455017089844 0.0495452880859375 0.139602661132813 0.165267944335937
-0.126777648925781 -0.0403671264648437 -0.010894775390625 0.306549072265625
-0.0282554626464844 0.0167522430419922 -0.000831604003906256 0.088714599609375
0.0114564895629883 0.00273323059082031 -0.0948867797851562 -0.04925537109375
0.0265045166015625 -0.0269184112548828 -0.17388916015625 -0.0487060546875
-0.00511932373046875 -0.03216552734375 -0.20892333984375 -0.0117645263671875
-0.0195903778076172 -0.00951576232910156 -0.223907470703125 0.0852050781250001
-0.0098114013671875 0.0265274047851563 -0.149581909179688 0.163009643554688
-0.00448226928710938 0.0425376892089844 -0.08563232421875 0.145126342773438
0.00669097900390626 0.0615615844726563 -0.0351715087890625 0.129684448242188
-0.0246429443359375 0.0704498291015625 -0.0057830810546875 0.108123779296875
-0.0583648681640625 0.0665779113769531 0.0470962524414062 0.0936813354492188
-0.0780181884765625 0.0562057495117188 0.0783233642578125 0.126937866210938
-0.111228942871094 0.00675964355468748 0.0670623779296875 0.162139892578125
-0.129722595214844 -0.0105133056640625 0.116989135742187 0.174560546875
-0.1717529296875 -0.0609893798828125 0.09564208984375 0.1439208984375
-0.128067016601563 -0.153778076171875 -0.0554656982421875 0.266448974609375
-0.04736328125 -0.0875930786132813 -0.03692626953125 0.0578880310058594
-0.0537872314453125 -0.0872802734375 -0.129142761230469 -0.0693740844726563
-0.0480918884277344 -0.0692329406738281 -0.19610595703125 -0.0489654541015625
-0.0815277099609375 -0.047088623046875 -0.208786010742188 -0.010284423828125
-0.0845794677734375 0.0106582641601562 -0.20703125 0.0816192626953125
-0.058319091796875 0.068511962890625 -0.136032104492188 0.144271850585937
-0.0540695190429688 0.0862503051757812 -0.0801544189453125 0.117469787597656
-0.0340499877929688 0.113410949707031 -0.030487060546875 0.10101318359375
-0.0684051513671875 0.105384826660156 0.00896453857421875 0.0772476196289063
-0.118247985839844 0.0911407470703125 0.061859130859375 0.0700836181640625
-0.149429321289063 0.0617523193359375 0.086456298828125 0.121528625488281
-0.181365966796875 -0.0465087890625 0.0492401123046875 0.160293579101563
-0.17236328125 -0.0833282470703125 0.0634765625 0.160232543945313
-0.189651489257813 -0.159042358398437 0.0384063720703125 0.09320068359375
-0.113784790039063 -0.24346923828125 -0.0954742431640625 0.191162109375
-0.06365966796875 -0.185592651367188 -0.07147216796875 0.0030364990234375
-0.124771118164063 -0.169418334960938 -0.15521240234375 -0.0973663330078126
-0.130287170410156 -0.0992660522460938 -0.206527709960938 -0.0563507080078125
-0.155548095703125 -0.0481719970703125 -0.19390869140625 -0.0133514404296875
-0.139060974121094 0.0359573364257813 -0.170700073242188 0.0677032470703125
-0.0984268188476563 0.104255676269531 -0.107086181640625 0.105995178222656
-0.0962753295898437 0.117210388183594 -0.0628585815429688 0.07220458984375
-0.0704803466796875 0.146163940429688 -0.0174598693847656 0.0540390014648438
-0.104263305664063 0.119880676269531 0.0321712493896484 0.0343475341796875
-0.159881591796875 0.0959930419921875 0.0801925659179687 0.0404205322265625
-0.194198608398438 0.0534820556640625 0.09521484375 0.110343933105469
-0.220535278320312 -0.0942230224609375 0.0355072021484375 0.154144287109375
-0.1868896484375 -0.146408081054687 0.00556182861328124 0.138984680175781
-0.175155639648437 -0.234786987304688 -0.020895004272461 0.0216846466064453
-0.086395263671875 -0.290985107421875 -0.128662109375 0.0936508178710938
-0.0709991455078125 -0.250839233398438 -0.106971740722656 -0.0617523193359375
-0.177597045898437 -0.222091674804688 -0.169662475585938 -0.1221923828125
-0.193008422851563 -0.111129760742187 -0.198043823242188 -0.0663604736328125
-0.206573486328125 -0.0375518798828125 -0.16180419921875 -0.025665283203125
-0.170501708984375 0.0609588623046875 -0.119270324707031 0.037200927734375
-0.1207275390625 0.125480651855469 -0.0690956115722656 0.0516357421875
-0.122825622558594 0.131942749023438 -0.0361213684082031 0.0169334411621094
-0.0995941162109375 0.15643310546875 0.00596523284912109 -1.23977661132717E-05
-0.129783630371094 0.112319946289063 0.0637054443359375 -0.00955200195312499
-0.183319091796875 0.0774688720703125 0.102256774902344 0.0136871337890625
-0.214187622070313 0.0252685546875 0.102073669433594 0.0955657958984375
-0.222213745117188 -0.141860961914062 0.0225982666015625 0.141006469726563
-0.167831420898438 -0.197998046875 -0.0464630126953125 0.106216430664062
-0.129531860351562 -0.279052734375 -0.0687484741210938 -0.0624465942382813
-0.046905517578125 -0.288238525390625 -0.153884887695313 -0.00505065917968753
-0.0614471435546875 -0.268341064453125 -0.14208984375 -0.121505737304688
-0.190521240234375 -0.232589721679687 -0.171005249023438 -0.135345458984375
-0.2122802734375 -0.102325439453125 -0.17132568359375 -0.0779266357421875
-0.214401245117188 -0.02301025390625 -0.117340087890625 -0.0443954467773437
-0.171875 0.071685791015625 -0.0665435791015625 -0.00589752197265624
-0.122604370117187 0.12725830078125 -0.0308074951171875 -0.0116100311279297
-0.12945556640625 0.126129150390625 -0.00483703613281251 -0.0393409729003906
-0.115036010742188 0.144424438476563 0.0387992858886719 -0.0534248352050781
-0.140350341796875 0.0878143310546875 0.104484558105469 -0.0459518432617187
-0.185165405273437 0.0433807373046875 0.130706787109375 -0.002105712890625
-0.2061767578125 -0.01318359375 0.106971740722656 0.0835189819335938
-0.191375732421875 -0.1806640625 0.0133285522460937 0.120437622070312
-0.11883544921875 -0.23223876953125 -0.081298828125 0.0601806640625
-0.062896728515625 -0.287750244140625 -0.0934600830078125 -0.149703979492188
0.00234985351562501 -0.23529052734375 -0.16766357421875 -0.0862274169921875
-0.035064697265625 -0.234344482421875 -0.166458129882813 -0.162841796875
-0.15863037109375 -0.199432373046875 -0.156234741210937 -0.139114379882813
-0.178314208984375 -0.0795135498046875 -0.135231018066406 -0.0902786254882813
-0.1756591796875 -0.0151824951171875 -0.0732650756835938 -0.0659408569335937
-0.142425537109375 0.0616912841796875 -0.023590087890625 -0.051025390625
-0.10540771484375 0.104354858398438 0.000152587890624991 -0.0709915161132813
-0.115829467773438 0.102439880371094 0.0262451171875 -0.0881118774414063
-0.111228942871094 0.115470886230469 0.0779876708984375 -0.0981216430664062
-0.128555297851563 0.0589523315429688 0.1494140625 -0.069183349609375
-0.162704467773438 0.0148468017578125 0.159225463867188 -0.0069732666015625
-0.174575805664063 -0.0410003662109375 0.114479064941406 0.0710906982421875
-0.1427001953125 -0.191970825195313 0.0152511596679687 0.0919952392578125
-0.05914306640625 -0.233261108398438 -0.088165283203125 0.00529479980468749
0.009674072265625 -0.256256103515625 -0.0885162353515625 -0.230194091796875
0.05810546875 -0.146331787109375 -0.164398193359375 -0.137802124023437
0.00955200195312499 -0.16290283203125 -0.173446655273438 -0.180816650390625
-0.0847625732421875 -0.138145446777344 -0.130287170410156 -0.137413024902344
-0.102210998535156 -0.0535888671875 -0.103607177734375 -0.105026245117188
-0.101028442382813 -0.0201568603515625 -0.0428848266601563 -0.0837631225585938
-0.0923004150390625 0.0290374755859375 0.00147247314453125 -0.086029052734375
-0.0746841430664063 0.0613784790039062 0.0207977294921875 -0.114913940429687
-0.0843276977539063 0.063934326171875 0.0527267456054688 -0.122726440429687
-0.0869140625 0.0762176513671875 0.114349365234375 -0.130348205566406
-0.0943069458007812 0.036865234375 0.18914794921875 -0.07977294921875
-0.118995666503906 0.00402069091796874 0.184188842773438 -0.005401611328125
-0.128250122070313 -0.0400543212890625 0.125656127929688 0.0594940185546875
-0.0940093994140625 -0.163330078125 0.0323944091796875 0.0636482238769531
-0.0068817138671875 -0.196868896484375 -0.0676460266113281 -0.0447731018066406
0.0700531005859375 -0.185470581054688 -0.05657958984375 -0.290771484375
-0.09759521484375 0.074249267578125 0.044647216796875 0.293975830078125
-0.000946044921874997 0.102531433105469 0.0391616821289063 0.082733154296875
0.0633544921875 0.0754928588867188 -0.0579032897949219 -0.0475807189941406
0.0807647705078125 0.0107269287109375 -0.146408081054688 -0.0535430908203125
0.0577850341796875 -0.0129203796386719 -0.194931030273437 -0.0107269287109375
0.0381278991699219 -0.0231742858886719 -0.213455200195313 0.085235595703125
0.0359916687011719 -0.01507568359375 -0.133804321289063 0.16168212890625
0.0429649353027344 -0.005615234375 -0.072296142578125 0.149093627929688
0.0443687438964844 0.000576019287109375 -0.0259170532226562 0.132301330566406
0.0245018005371094 0.0231189727783203 -0.00815582275390624 0.116920471191406
0.0148239135742188 0.0331573486328125 0.04156494140625 0.0999374389648438
0.0139694213867188 0.0469703674316406 0.079864501953125 0.117561340332031
-0.0200386047363281 0.0680198669433594 0.0899505615234375 0.158248901367188
-0.0629844665527344 0.0701789855957031 0.154937744140625 0.175933837890625
-0.120903015136719 0.0517578125 0.138916015625 0.161056518554688
-0.117919921875 -0.0378341674804687 -0.000518798828125033 0.29278564453125
-0.0254459381103516 0.0133457183837891 0.002716064453125 0.0830001831054688
0.00972652435302734 -0.00206947326660156 -0.0916061401367188 -0.0475006103515625
0.0216197967529297 -0.0312862396240234 -0.168563842773438 -0.045257568359375
-0.0097198486328125 -0.0320491790771484 -0.202972412109375 -0.00920104980468751
-0.0224781036376953 -0.00750350952148437 -0.215103149414062 0.087554931640625
-0.0107479095458984 0.0279617309570313 -0.138992309570312 0.16143798828125
-0.00511932373046875 0.0429878234863281 -0.0782928466796875 0.1435546875
0.00595855712890624 0.0609283447265625 -0.0288772583007813 0.127143859863281
-0.0243721008300781 0.0695571899414063 -0.00232696533203124 0.106948852539063
-0.0570220947265625 0.0655593872070313 0.048980712890625 0.0905685424804688
-0.0751876831054688 0.0537261962890625 0.0818252563476563 0.122749328613281
-0.106910705566406 0.00624084472656251 0.0692596435546875 0.159103393554688
-0.123519897460938 -0.00917053222656248 0.118026733398437 0.168670654296875
-0.164718627929688 -0.0554046630859375 0.0972900390625 0.141494750976563
-0.123779296875 -0.147079467773438 -0.042633056640625 0.255294799804688
-0.0464324951171875 -0.0885543823242188 -0.0316734313964844 0.0543251037597656
-0.0556411743164063 -0.087493896484375 -0.1239013671875 -0.0648956298828125
-0.0513458251953125 -0.0700912475585938 -0.18914794921875 -0.04449462890625
-0.0833969116210938 -0.0448837280273437 -0.202362060546875 -0.00781250000000003
-0.0844192504882813 0.0128555297851562 -0.198455810546875 0.0828399658203125
-0.0572242736816406 0.0692596435546875 -0.126129150390625 0.142333984375
-0.0520477294921875 0.0866317749023438 -0.0724334716796875 0.116279602050781
-0.0311660766601562 0.111495971679688 -0.0242919921875 0.0992889404296875
-0.0653839111328125 0.104217529296875 0.012786865234375 0.0763168334960938
-0.113639831542969 0.090911865234375 0.0633049011230469 0.0679702758789063
-0.143814086914062 0.061676025390625 0.0896759033203125 0.118003845214844
-0.176971435546875 -0.042449951171875 0.053131103515625 0.157669067382813
-0.168228149414063 -0.0794219970703125 0.0675506591796875 0.155792236328125
-0.185348510742188 -0.149703979492188 0.0416641235351562 0.0931320190429687
-0.113372802734375 -0.234039306640625 -0.08197021484375 0.182785034179688
-0.065032958984375 -0.181854248046875 -0.0647697448730469 0.00174331665039061
-0.1265869140625 -0.163284301757813 -0.14910888671875 -0.0907440185546875
-0.130058288574219 -0.0961837768554688 -0.19915771484375 -0.0508575439453125
-0.154022216796875 -0.0435333251953125 -0.18780517578125 -0.0115966796875
-0.13616943359375 0.038818359375 -0.16204833984375 0.0666656494140625
-0.0938949584960938 0.103950500488281 -0.0985183715820313 0.104270935058594
-0.0907135009765625 0.118415832519531 -0.0566482543945313 0.0717391967773438
-0.06494140625 0.144302368164063 -0.0133438110351563 0.0533561706542969
-0.099456787109375 0.119346618652344 0.0340900421142578 0.033111572265625
-0.154144287109375 0.0968170166015625 0.080810546875 0.0383148193359375
-0.188217163085938 0.0554656982421875 0.098175048828125 0.105667114257813
-0.216522216796875 -0.0874481201171875 0.0398101806640625 0.151626586914063
-0.183746337890625 -0.139328002929687 0.011566162109375 0.136848449707031
-0.175430297851563 -0.224288940429687 -0.0170021057128906 0.0250530242919922
-0.0899658203125 -0.280014038085938 -0.115829467773438 0.0888442993164063
-0.0753936767578125 -0.243896484375 -0.101051330566406 -0.0608673095703125
-0.178848266601562 -0.211273193359375 -0.163314819335938 -0.114105224609375
-0.19024658203125 -0.104156494140625 -0.190277099609375 -0.0610198974609375
-0.201904296875 -0.0306243896484375 -0.15625 -0.023468017578125
-0.164947509765625 0.0627899169921875 -0.113258361816406 0.03570556640625
-0.114189147949219 0.125137329101563 -0.0630569458007813 0.0494575500488281
-0.115707397460938 0.132835388183594 -0.0324554443359375 0.0173168182373047
-0.092376708984375 0.154251098632813 0.00773239135742187 -0.000539779663085928
-0.124214172363281 0.11199951171875 0.0635261535644531 -0.0109367370605469
-0.176712036132813 0.079254150390625 0.102279663085937 0.0114288330078125
-0.207168579101563 0.02923583984375 0.104385375976562 0.091339111328125
-0.221145629882812 -0.13201904296875 0.027099609375 0.139701843261719
-0.167465209960937 -0.189300537109375 -0.039093017578125 0.106796264648437
-0.13360595703125 -0.268661499023438 -0.0657730102539063 -0.0550155639648438
-0.05352783203125 -0.277328491210938 -0.1434326171875 -0.0062103271484375
-0.0687713623046875 -0.259262084960938 -0.135894775390625 -0.118179321289063
-0.192474365234375 -0.21954345703125 -0.16455078125 -0.127761840820313
-0.207473754882813 -0.0935821533203124 -0.165298461914062 -0.07232666015625
-0.208740234375 -0.0161895751953125 -0.113418579101563 -0.0422592163085937
-0.16461181640625 0.0735626220703125 -0.0628776550292969 -0.00789260864257811
-0.115043640136719 0.125892639160156 -0.0281238555908203 -0.0127983093261719
-0.121421813964844 0.126945495605469 -0.00415802001953126 -0.0380058288574219
-0.1063232421875 0.142868041992188 0.0379371643066406 -0.0531692504882812
-0.133964538574219 0.0883636474609375 0.102096557617188 -0.0476608276367188
-0.178390502929688 0.0466156005859375 0.128982543945313 -0.0052337646484375
-0.199661254882813 -0.00753784179687498 0.109504699707031 0.0797271728515625
-0.191879272460938 -0.170013427734375 0.0182266235351562 0.118827819824219
-0.122222900390625 -0.221649169921875 -0.0742340087890625 0.0625228881835938
-0.0703582763671875 -0.27850341796875 -0.0922470092773438 -0.139228820800781
-0.00633239746093751 -0.226470947265625 -0.159927368164062 -0.0849456787109375
-0.0421142578125 -0.225997924804687 -0.1617431640625 -0.156951904296875
-0.159072875976562 -0.186004638671875 -0.150833129882813 -0.131011962890625
-0.173568725585937 -0.071441650390625 -0.131584167480469 -0.0853424072265625
-0.1695556640625 -0.00808715820312497 -0.0713577270507813 -0.0633926391601563
-0.135360717773437 0.0640029907226563 -0.0225944519042969 -0.05291748046875
-0.0980377197265625 0.102943420410156 -0.000572204589843753 -0.0712127685546875
-0.108467102050781 0.102684020996094 0.0244903564453125 -0.0861053466796875
-0.103080749511719 0.114021301269531 0.073486328125 -0.0973281860351562
-0.122810363769531 0.0596771240234375 0.144607543945313 -0.0719146728515625
-0.155670166015625 0.0173797607421875 0.15643310546875 -0.010833740234375
-0.168167114257813 -0.0339813232421875 0.115005493164062 0.0680465698242188
-0.14434814453125 -0.179702758789062 0.018310546875 0.0915145874023437
-0.0651092529296875 -0.22308349609375 -0.0834121704101563 0.00998687744140623
4.57763671874817E-05 -0.247879028320313 -0.09027099609375 -0.217269897460938
0.0493316650390625 -0.141571044921875 -0.15948486328125 -0.133895874023438
0.00227355957031249 -0.1561279296875 -0.168914794921875 -0.173782348632813
-0.0868148803710937 -0.128875732421875 -0.127494812011719 -0.131027221679688
-0.0982666015625 -0.047271728515625 -0.102134704589844 -0.100143432617188
-0.0965805053710938 -0.0153579711914062 -0.0439910888671875 -0.0812454223632813
-0.0872650146484375 0.0308761596679688 0.000152587890624987 -0.0867080688476563
-0.0686759948730469 0.0596427917480469 0.0172271728515625 -0.113327026367188
-0.078125 0.06402587890625 0.0478668212890625 -0.120193481445313
-0.0797119140625 0.075225830078125 0.107315063476562 -0.129249572753906
-0.0889434814453125 0.0369110107421875 0.181838989257813 -0.08331298828125
-0.112373352050781 0.00617980957031249 0.180465698242188 -0.008514404296875
-0.122184753417969 -0.0343017578125 0.1256103515625 0.056640625
-0.0964202880859375 -0.152084350585938 0.0331001281738281 0.0633316040039062
-0.0139007568359375 -0.188064575195313 -0.0655364990234375 -0.0384445190429688
0.0594940185546875 -0.180419921875 -0.061309814453125 -0.276535034179688
-0.0895538330078125 0.0747528076171875 0.052947998046875 0.2882080078125
0.00251770019531251 0.0985260009765625 0.0413360595703125 0.0796356201171875
0.0636062622070312 0.0694999694824219 -0.058258056640625 -0.0482215881347656
0.0767822265625 0.00507354736328125 -0.146865844726563 -0.0514678955078125
0.0541648864746094 -0.0148048400878906 -0.1954345703125 -0.00715637207031253
0.0349369049072266 -0.0224285125732422 -0.21075439453125 0.091064453125
0.0333728790283203 -0.0143032073974609 -0.12786865234375 0.165252685546875
0.0408401489257813 -0.00670242309570313 -0.0667572021484375 0.150177001953125
0.041717529296875 0.000209808349609375 -0.0208587646484375 0.1339111328125
0.0227928161621094 0.0226955413818359 -0.00428771972656251 0.119285583496094
0.0134201049804687 0.0325813293457031 0.0445785522460938 0.0997772216796875
0.0138168334960938 0.0439682006835937 0.0837249755859375 0.116264343261719
-0.0173149108886719 0.0651359558105469 0.0936126708984375 0.157730102539062
-0.0586090087890625 0.0695114135742187 0.157852172851562 0.172256469726562
-0.114326477050781 0.05499267578125 0.142822265625 0.16015625
-0.113471984863281 -0.0362396240234375 0.01068115234375 0.28741455078125
-0.0234184265136719 0.0100650787353516 0.00650024414062499 0.0806427001953125
0.00803995132446289 -0.00640583038330078 -0.0903396606445313 -0.0467529296875
0.0170879364013672 -0.0348434448242188 -0.16748046875 -0.0426788330078125
-0.0136585235595703 -0.0324440002441406 -0.202728271484375 -0.00662231445312502
-0.024993896484375 -0.00539207458496094 -0.21240234375 0.0924224853515625
-0.0121879577636719 0.0291938781738281 -0.13165283203125 0.16461181640625
-0.00545883178710938 0.0442466735839844 -0.07159423828125 0.144607543945313
0.00630950927734375 0.0604667663574219 -0.0228271484375 0.128875732421875
-0.0243110656738281 0.0702247619628906 0.00218963623046876 0.108802795410156
-0.05694580078125 0.0665702819824219 0.0520401000976563 0.0904312133789063
-0.0743331909179688 0.05352783203125 0.0862045288085938 0.1214599609375
-0.105903625488281 0.00653839111328125 0.0740814208984375 0.159454345703125
-0.121070861816406 -0.00823974609375002 0.123031616210938 0.165786743164063
-0.162155151367188 -0.0506439208984375 0.102096557617187 0.141281127929688
-0.122817993164063 -0.14447021484375 -0.0309600830078125 0.25067138671875
-0.0476303100585938 -0.0903396606445312 -0.0272598266601563 0.0515518188476562
-0.0591278076171875 -0.0882949829101563 -0.122398376464844 -0.0622482299804687
-0.0557937622070312 -0.0712661743164063 -0.187301635742188 -0.04107666015625
-0.0869979858398438 -0.042755126953125 -0.201416015625 -0.00532531738281254
-0.0863265991210937 0.0155410766601562 -0.1944580078125 0.0860595703125
-0.0565872192382813 0.072021484375 -0.118453979492187 0.143768310546875
-0.0502853393554688 0.089385986328125 -0.0663833618164062 0.117088317871094
-0.0291748046875 0.112419128417969 -0.0192642211914063 0.0994644165039062
-0.0640792846679687 0.106178283691406 0.0164718627929688 0.07684326171875
-0.112602233886719 0.0936508178710938 0.0660438537597656 0.0662841796875
-0.14239501953125 0.0643157958984375 0.0957870483398437 0.116355895996094
-0.1783447265625 -0.0390167236328125 0.0592041015625 0.158111572265625
-0.167831420898437 -0.075897216796875 0.07318115234375 0.154754638671875
-0.187240600585937 -0.144622802734375 0.0460052490234375 0.0952072143554687
-0.11700439453125 -0.230911254882813 -0.071014404296875 0.1787109375
-0.0702056884765625 -0.182830810546875 -0.0603561401367188 -0.000186920166015625
-0.131729125976563 -0.160964965820312 -0.147232055664062 -0.0868988037109375
-0.134223937988281 -0.0941848754882812 -0.197097778320312 -0.0468597412109375
-0.156768798828125 -0.0387115478515625 -0.1861572265625 -0.00860595703125001
-0.136566162109375 0.0421905517578125 -0.159164428710937 0.0689697265625
-0.0918807983398438 0.106903076171875 -0.09234619140625 0.104415893554688
-0.0874862670898438 0.121910095214844 -0.051727294921875 0.0723495483398438
-0.060821533203125 0.146240234375 -0.00928115844726563 0.0537261962890625
-0.0974349975585938 0.121513366699219 0.0366859436035156 0.0326042175292969
-0.151809692382813 0.100967407226563 0.0828704833984375 0.0368728637695313
-0.186126708984375 0.06011962890625 0.104011535644531 0.104423522949219
-0.219955444335938 -0.0819091796875 0.046173095703125 0.152999877929688
-0.186004638671875 -0.13482666015625 0.018310546875 0.13714599609375
-0.180496215820313 -0.218307495117188 -0.0139293670654297 0.0290870666503906
-0.0969085693359375 -0.276153564453125 -0.106910705566406 0.0862655639648437
-0.082183837890625 -0.242965698242188 -0.0971755981445313 -0.0615081787109375
-0.185089111328125 -0.205490112304687 -0.161331176757813 -0.10943603515625
-0.19281005859375 -0.0992431640625 -0.188217163085938 -0.0566253662109375
-0.20281982421875 -0.023834228515625 -0.155288696289063 -0.020843505859375
-0.163558959960938 0.06695556640625 -0.110603332519531 0.0356369018554687
-0.110130310058594 0.1280517578125 -0.059112548828125 0.0491447448730469
-0.110527038574219 0.137176513671875 -0.0297069549560547 0.0181865692138672
-0.087066650390625 0.156768798828125 0.0093698501586914 -0.000622749328613272
-0.121292114257813 0.114730834960938 0.0642929077148437 -0.0131721496582031
-0.173980712890625 0.0841827392578125 0.103996276855469 0.00923919677734376
-0.205429077148438 0.034942626953125 0.110481262207031 0.089569091796875
-0.226348876953125 -0.125076293945313 0.03369140625 0.14129638671875
-0.171798706054688 -0.184814453125 -0.0326385498046875 0.108993530273437
-0.14276123046875 -0.264190673828125 -0.0645828247070313 -0.0491790771484375
-0.062347412109375 -0.274322509765625 -0.13720703125 -0.0070037841796875
-0.0772552490234375 -0.257293701171875 -0.134162902832031 -0.116851806640625
-0.199066162109375 -0.21124267578125 -0.162689208984375 -0.12261962890625
-0.209060668945313 -0.0870819091796875 -0.163848876953125 -0.0683746337890625
-0.207763671875 -0.0083770751953125 -0.113182067871094 -0.0406341552734375
-0.162017822265625 0.0774078369140625 -0.0614242553710938 -0.00976562499999999
-0.109718322753906 0.127662658691406 -0.0267677307128906 -0.0142097473144531
-0.1158447265625 0.130950927734375 -0.00382995605468751 -0.0379180908203125
-0.100387573242188 0.14501953125 0.0371627807617187 -0.0541000366210937
-0.131507873535156 0.0909194946289063 0.101600646972656 -0.0516510009765625
-0.175949096679688 0.05108642578125 0.1298828125 -0.00876617431640625
-0.198013305664063 -0.00175476074218751 0.114059448242188 0.0771026611328125
-0.197296142578125 -0.162109375 0.0230636596679687 0.120094299316406
-0.128097534179687 -0.21771240234375 -0.0691413879394532 0.0665550231933593
-0.0800628662109375 -0.274642944335937 -0.093414306640625 -0.132476806640625
-0.01513671875 -0.2242431640625 -0.15777587890625 -0.084930419921875
-0.0509185791015625 -0.22308349609375 -0.16217041015625 -0.15447998046875
-0.165298461914062 -0.178848266601563 -0.150009155273438 -0.126724243164063
-0.1734619140625 -0.0645599365234375 -0.131309509277344 -0.0823898315429688
-0.167449951171875 -0.00155639648437502 -0.072784423828125 -0.0623931884765625
-0.131675720214844 0.0674591064453125 -0.0230445861816406 -0.0550880432128906
-0.0931396484375 0.10394287109375 -0.00224304199218751 -0.0725936889648437
-0.102424621582031 0.10595703125 0.0220718383789063 -0.08599853515625
-0.0971298217773438 0.115478515625 0.0709228515625 -0.099029541015625
-0.120315551757813 0.061553955078125 0.141998291015625 -0.0771942138671875
-0.152359008789063 0.021331787109375 0.157791137695313 -0.0149078369140625
-0.16595458984375 -0.029083251953125 0.119743347167969 0.0653915405273438
-0.1495361328125 -0.172134399414062 0.0219345092773437 0.0931015014648437
-0.072052001953125 -0.218475341796875 -0.0801849365234375 0.0143203735351562
-0.011077880859375 -0.245941162109375 -0.09393310546875 -0.209609985351563
0.0423583984375 -0.140731811523438 -0.1595458984375 -0.133346557617188
-0.00552368164062501 -0.1534423828125 -0.170730590820312 -0.170822143554688
-0.0906753540039063 -0.122596740722656 -0.127944946289063 -0.128242492675781
-0.09759521484375 -0.0427398681640625 -0.10345458984375 -0.098541259765625
-0.095855712890625 -0.010772705078125 -0.0455398559570313 -0.0812530517578125
-0.0843353271484375 0.033721923828125 -0.00177764892578126 -0.08917236328125
-0.0647773742675781 0.0599517822265625 0.0134811401367187 -0.115058898925781
-0.0733108520507813 0.0659103393554688 0.0436477661132812 -0.120597839355469
-0.0745849609375 0.0760879516601563 0.102249145507813 -0.131080627441406
-0.0856704711914063 0.0377960205078125 0.178131103515625 -0.0896453857421875
-0.109596252441406 0.0088958740234375 0.181488037109375 -0.01336669921875
-0.119407653808594 -0.0298004150390625 0.128326416015625 0.0548934936523437
-0.0995941162109375 -0.145523071289063 0.0359840393066406 0.0648269653320312
-0.021331787109375 -0.18377685546875 -0.0653038024902344 -0.033416748046875
0.05029296875 -0.179779052734375 -0.069244384765625 -0.268997192382813
-0.0809707641601563 0.0768051147460937 0.0682373046875 0.283233642578125
0.0087738037109375 0.0957717895507813 0.046478271484375 0.0765457153320313
0.0649490356445313 0.0633888244628906 -0.0605964660644531 -0.0478782653808594
0.0731353759765625 -0.00087738037109375 -0.1497802734375 -0.046844482421875
0.0498504638671875 -0.0178260803222656 -0.197647094726563 0.000442504882812505
0.0321044921875 -0.0218944549560547 -0.208297729492188 0.101837158203125
0.0317897796630859 -0.0145740509033203 -0.1187744140625 0.17108154296875
0.0387763977050781 -0.0081024169921875 -0.05816650390625 0.154373168945312
0.04052734375 -0.001373291015625 -0.0137252807617187 0.136093139648438
0.0220623016357422 0.0226001739501953 0.00218200683593749 0.122505187988281
0.0128364562988281 0.0313720703125 0.0495071411132813 0.0994033813476563
0.0144271850585937 0.0410385131835938 0.09002685546875 0.113479614257813
-0.0138664245605469 0.062896728515625 0.100875854492188 0.15594482421875
-0.0536575317382812 0.0695610046386719 0.166244506835938 0.166534423828125
-0.107597351074219 0.0596542358398438 0.150894165039063 0.157135009765625
-0.111228942871094 -0.0337905883789062 0.02703857421875 0.284210205078125
-0.0217189788818359 0.0071868896484375 0.0123977661132813 0.0781402587890625
0.00577640533447266 -0.00983810424804688 -0.0921859741210938 -0.0445022583007812
0.0114173889160156 -0.0382919311523438 -0.16864013671875 -0.037017822265625
-0.0181198120117188 -0.0321197509765625 -0.2049560546875 0.00155639648437502
-0.0284557342529297 -0.00251579284667968 -0.209152221679688 0.102523803710937
-0.0116481781005859 0.0315837860107422 -0.122161865234375 0.170089721679688
-0.00434494018554687 0.0458106994628906 -0.0629119873046875 0.148345947265625
0.0074615478515625 0.061279296875 -0.0148239135742187 0.129890441894531
-0.0226669311523438 0.0722427368164063 0.00897216796874999 0.111007690429688
-0.0558319091796875 0.0695877075195312 0.0571517944335938 0.0898666381835938
-0.0735931396484375 0.0556106567382812 0.0939178466796875 0.118972778320312
-0.106315612792969 0.00956726074218752 0.08294677734375 0.158706665039063
-0.120681762695312 -0.00514221191406248 0.131378173828125 0.16180419921875
-0.161544799804688 -0.04400634765625 0.110733032226562 0.140640258789063
-0.12646484375 -0.141586303710937 -0.0146484375 0.2476806640625
-0.0512313842773437 -0.0921096801757813 -0.0216598510742188 0.0498390197753906
-0.065826416015625 -0.0879440307617188 -0.123100280761719 -0.0585250854492188
-0.0626068115234375 -0.0705184936523437 -0.188278198242188 -0.0346832275390625
-0.0921707153320312 -0.0384979248046875 -0.202667236328125 0.00227355957031246
-0.0878677368164063 0.021209716796875 -0.191375732421875 0.09423828125
-0.0543975830078125 0.0755233764648438 -0.109619140625 0.148269653320313
-0.0467071533203125 0.0934906005859375 -0.0581893920898437 0.120826721191406
-0.0245895385742188 0.115043640136719 -0.0118255615234375 0.101242065429688
-0.060699462890625 0.109970092773438 0.0225830078125 0.0777969360351563
-0.110359191894531 0.0997543334960938 0.07086181640625 0.0646286010742188
-0.140533447265625 0.0703659057617188 0.104507446289062 0.112808227539062
-0.181838989257812 -0.032379150390625 0.0689849853515625 0.159088134765625
-0.170806884765625 -0.0701141357421875 0.0829010009765625 0.153152465820312
-0.193191528320313 -0.136993408203125 0.0530929565429687 0.0966720581054687
-0.126068115234375 -0.227371215820313 -0.0571136474609375 0.1773681640625
-0.079193115234375 -0.182693481445313 -0.0572891235351563 1.14440917968559E-05
-0.141677856445313 -0.156875610351563 -0.147720336914063 -0.0812530517578125
-0.141326904296875 -0.08953857421875 -0.196502685546875 -0.0394134521484375
-0.161392211914063 -0.031036376953125 -0.187667846679688 -0.00192260742187502
-0.136611938476563 0.0492782592773438 -0.155731201171875 0.0739898681640625
-0.0879058837890625 0.111907958984375 -0.0855178833007812 0.107002258300781
-0.081390380859375 0.128334045410156 -0.0454483032226563 0.0750885009765625
-0.0540771484375 0.150375366210938 -0.0043182373046875 0.0545005798339844
-0.0928497314453125 0.12725830078125 0.0400962829589844 0.0316619873046875
-0.14825439453125 0.108932495117187 0.086639404296875 0.033538818359375
-0.1842041015625 0.0680694580078125 0.113250732421875 0.0997467041015625
-0.226791381835937 -0.07159423828125 0.0556793212890625 0.154434204101563
-0.192276000976563 -0.127548217773437 0.0275955200195312 0.138114929199219
-0.191848754882813 -0.211013793945313 -0.010162353515625 0.0335693359375
-0.110122680664063 -0.273101806640625 -0.0981826782226563 0.086700439453125
-0.0959930419921875 -0.241897583007813 -0.097198486328125 -0.0605621337890625
-0.197921752929687 -0.197647094726563 -0.162689208984375 -0.102432250976563
-0.1988525390625 -0.091156005859375 -0.188201904296875 -0.0491943359375
-0.2054443359375 -0.0134124755859375 -0.156021118164062 -0.0149993896484375
-0.16229248046875 0.0754241943359375 -0.108535766601563 0.0383224487304687
-0.104743957519531 0.133285522460937 -0.0550765991210938 0.0494003295898438
-0.10321044921875 0.14404296875 -0.0272388458251953 0.0194206237792969
-0.078704833984375 0.16180419921875 0.011530876159668 -0.00098419189453124
-0.117088317871094 0.121139526367188 0.0650825500488281 -0.0172386169433594
-0.17138671875 0.09326171875 0.107109069824219 0.00428009033203126
-0.20404052734375 0.04522705078125 0.118789672851562 0.0846328735351563
-0.234375 -0.113555908203125 0.042694091796875 0.14276123046875
-0.181182861328125 -0.177719116210938 -0.0251235961914063 0.112953186035156
-0.157073974609375 -0.257904052734375 -0.0648422241210938 -0.0430679321289063
-0.0761566162109375 -0.271713256835938 -0.133834838867188 -0.00641632080078129
-0.0922393798828125 -0.254364013671875 -0.136932373046875 -0.114326477050781
-0.211502075195312 -0.200958251953125 -0.164840698242188 -0.116119384765625
-0.212570190429688 -0.0770416259765625 -0.164688110351563 -0.061920166015625
-0.208633422851563 0.00300598144531249 -0.114517211914063 -0.0362319946289063
-0.158554077148437 0.085784912109375 -0.0611457824707031 -0.009857177734375
-0.103424072265625 0.132904052734375 -0.0263042449951172 -0.0152320861816406
-0.108222961425781 0.137725830078125 -0.00413513183593751 -0.037933349609375
-0.0923919677734375 0.150299072265625 0.0353660583496094 -0.05645751953125
-0.1279296875 0.0977630615234375 0.0993728637695312 -0.0579071044921875
-0.173538208007813 0.05987548828125 0.131988525390625 -0.015228271484375
-0.198471069335938 0.00802612304687497 0.122314453125 0.0720596313476563
-0.20721435546875 -0.151443481445313 0.0302505493164063 0.122116088867188
-0.140380859375 -0.210891723632812 -0.0636444091796875 0.0717544555664062
-0.09698486328125 -0.27093505859375 -0.0983200073242187 -0.124412536621094
-0.0272979736328125 -0.223419189453125 -0.157958984375 -0.0819549560546875
-0.06414794921875 -0.220291137695312 -0.166946411132813 -0.14996337890625
-0.17596435546875 -0.16876220703125 -0.153244018554687 -0.121414184570313
-0.17559814453125 -0.055145263671875 -0.133399963378906 -0.0775146484375
-0.16802978515625 0.00895690917968753 -0.0748291015625 -0.06072998046875
-0.127838134765625 0.0742950439453125 -0.0248794555664063 -0.0572738647460938
-0.0868606567382813 0.107711791992188 -0.0052947998046875 -0.0748672485351563
-0.0956344604492187 0.111602783203125 0.0182113647460937 -0.087738037109375
-0.0901107788085938 0.119636535644531 0.0666580200195313 -0.103126525878906
-0.117507934570313 0.0670547485351563 0.139053344726563 -0.0853424072265625
-0.151535034179688 0.0277252197265625 0.159744262695313 -0.022064208984375
-0.166778564453125 -0.0211334228515625 0.126289367675781 0.0611495971679687
-0.159011840820313 -0.162994384765625 0.028533935546875 0.0946121215820312
-0.0841064453125 -0.214202880859375 -0.0780258178710937 0.0211563110351562
-0.02606201171875 -0.2447509765625 -0.103973388671875 -0.201751708984375
0.0335540771484375 -0.141555786132813 -0.164794921875 -0.130416870117188
-0.01470947265625 -0.152175903320313 -0.178390502929687 -0.165863037109375
-0.0982513427734375 -0.115089416503906 -0.132194519042969 -0.124496459960938
-0.097900390625 -0.0372314453125 -0.107162475585938 -0.0946121215820312
-0.0949783325195313 -0.00419616699218749 -0.0489425659179688 -0.0800247192382813
-0.08160400390625 0.0378875732421875 -0.00635528564453126 -0.09222412109375
-0.060211181640625 0.0618476867675781 0.00704193115234374 -0.117424011230469
-0.0680999755859375 0.0687599182128906 0.0378570556640625 -0.122673034667969
-0.0690383911132813 0.0788803100585938 0.095977783203125 -0.136817932128906
-0.0833206176757813 0.0409774780273438 0.174148559570313 -0.09942626953125
-0.107154846191406 0.0133132934570313 0.183029174804688 -0.02081298828125
-0.119071960449219 -0.0240020751953125 0.133560180664063 0.0497207641601563
-0.106597900390625 -0.137428283691406 0.0398445129394531 0.065582275390625
-0.0316314697265625 -0.1802978515625 -0.0654296875 -0.0277595520019531
0.03826904296875 -0.18115234375 -0.0814208984375 -0.26220703125
-0.0706558227539063 0.0776519775390625 0.0870208740234375 0.27215576171875
0.0160140991210937 0.0918655395507812 0.0512771606445313 0.070709228515625
0.0667686462402344 0.0564651489257813 -0.0630378723144531 -0.0457267761230469
0.0679473876953125 -0.00697708129882813 -0.151336669921875 -0.0388641357421875
0.0456733703613281 -0.0204238891601563 -0.197982788085938 0.0123138427734375
0.0291957855224609 -0.0220088958740234 -0.201004028320313 0.115127563476562
0.0294227600097656 -0.0148468017578125 -0.105392456054688 0.177261352539063
0.036224365234375 -0.00993728637695313 -0.0457611083984375 0.156494140625
0.0375633239746094 -0.00295257568359375 -0.00263214111328123 0.135833740234375
0.0219879150390625 0.0221176147460938 0.0116653442382812 0.123207092285156
0.0131893157958984 0.0310955047607422 0.0558700561523438 0.096466064453125
0.0147361755371094 0.0382080078125 0.0964584350585937 0.107345581054687
-0.00972366333007813 0.0605392456054688 0.110977172851563 0.149276733398438
-0.04766845703125 0.0698204040527344 0.175277709960938 0.15533447265625
-0.0986328125 0.0653762817382812 0.160476684570313 0.149093627929687
-0.108131408691406 -0.0297317504882813 0.0478973388671875 0.275466918945313
-0.0210132598876953 0.00494384765625 0.0190048217773438 0.0740127563476563
0.00305652618408203 -0.0123128890991211 -0.0924911499023438 -0.0405120849609375
0.00469970703125 -0.0402946472167969 -0.168670654296875 -0.027801513671875
-0.0235271453857422 -0.0302734375 -0.204238891601562 0.0131683349609375
-0.0295276641845703 0.00104331970214843 -0.201309204101563 0.114990234375
-0.0111656188964844 0.0336685180664063 -0.108047485351563 0.1756591796875
-0.0027008056640625 0.0465812683105469 -0.0496978759765625 0.150650024414063
0.00986099243164062 0.0612907409667969 -0.00373077392578124 0.130546569824219
-0.0194625854492187 0.0740585327148438 0.0186004638671875 0.110908508300781
-0.0526885986328125 0.0731964111328125 0.0635299682617188 0.0860137939453125
-0.0705337524414063 0.0586776733398437 0.102333068847656 0.111778259277344
-0.105484008789063 0.0145797729492188 0.093841552734375 0.154541015625
-0.118637084960938 0.000762939453124992 0.142257690429688 0.152679443359375
-0.160064697265625 -0.03338623046875 0.120628356933594 0.134971618652344
-0.13214111328125 -0.134918212890625 0.0047149658203125 0.240814208984375
-0.0565872192382813 -0.0914459228515625 -0.0157890319824219 0.0476303100585937
-0.0730819702148438 -0.0854110717773437 -0.123260498046875 -0.051727294921875
-0.0701255798339844 -0.0673942565917969 -0.18646240234375 -0.024505615234375
-0.09649658203125 -0.0323562622070313 -0.2015380859375 0.013702392578125
-0.0880661010742188 0.0279693603515625 -0.183914184570312 0.105133056640625
-0.0507049560546875 0.0799789428710937 -0.097320556640625 0.152496337890625
-0.0401687622070312 0.0968704223632813 -0.04736328125 0.122421264648438
-0.0172805786132812 0.116607666015625 -0.00225830078125001 0.101409912109375
-0.0540771484375 0.114112854003906 0.0296859741210938 0.0766143798828125
-0.103286743164063 0.106651306152344 0.0761032104492188 0.0607528686523438
-0.136062622070312 0.0778427124023437 0.113746643066406 0.105537414550781
-0.183364868164063 -0.0206298828125 0.0805511474609375 0.156036376953125
-0.172714233398438 -0.0610198974609375 0.094207763671875 0.147628784179688
-0.198944091796875 -0.123260498046875 0.0613555908203125 0.0950393676757812
-0.13885498046875 -0.219863891601563 -0.0403900146484375 0.1734619140625
-0.0906524658203125 -0.178817749023438 -0.0536918640136719 -0.000339508056640635
-0.151901245117187 -0.147354125976562 -0.148605346679688 -0.0720367431640625
-0.148208618164063 -0.0809173583984375 -0.195068359375 -0.0283050537109375
-0.164047241210938 -0.0200042724609375 -0.18548583984375 0.00953674316406246
-0.134178161621094 0.0587692260742187 -0.1494140625 0.0823211669921875
-0.0813827514648438 0.117462158203125 -0.0759429931640625 0.109123229980469
-0.0716476440429688 0.133956909179688 -0.0381622314453125 0.0761260986328125
-0.0437774658203125 0.1531982421875 0.00225067138671874 0.0544853210449219
-0.0847320556640625 0.132888793945312 0.0434494018554687 0.0287933349609375
-0.141128540039063 0.118087768554687 0.0899810791015625 0.0282974243164063
-0.178573608398438 0.0797271728515625 0.122238159179687 0.0919113159179688
-0.230850219726563 -0.0553741455078125 0.06768798828125 0.151641845703125
-0.199142456054688 -0.115982055664062 0.0389404296875 0.136375427246094
-0.205322265625 -0.196365356445312 -0.00530624389648439 0.0364036560058594
-0.127731323242188 -0.265304565429688 -0.0869522094726563 0.0859298706054687
-0.1123046875 -0.235076904296875 -0.09716796875 -0.0568771362304688
-0.21044921875 -0.182373046875 -0.163970947265625 -0.0925750732421875
-0.20343017578125 -0.077789306640625 -0.186996459960938 -0.0377960205078125
-0.205978393554688 0.000778198242187511 -0.154678344726563 -0.00624084472656253
-0.15728759765625 0.085296630859375 -0.10491943359375 0.0430145263671875
-0.0957717895507813 0.139106750488281 -0.0504112243652344 0.0495338439941406
-0.09130859375 0.150588989257813 -0.02337646484375 0.0201530456542969
-0.0662689208984375 0.16583251953125 0.0132637023925781 -0.00147151947021483
-0.108802795410156 0.128303527832031 0.06451416015625 -0.0215225219726562
-0.164535522460938 0.104141235351562 0.108146667480469 -0.00257873535156249
-0.199813842773438 0.0576019287109375 0.127471923828125 0.0766754150390625
-0.241867065429688 -0.096221923828125 0.0543670654296875 0.140960693359375
-0.192169189453125 -0.164764404296875 -0.0146484375 0.114082336425781
-0.174346923828125 -0.24517822265625 -0.0644989013671875 -0.0350837707519531
-0.09478759765625 -0.2646484375 -0.129165649414063 -0.00279998779296876
-0.110855102539063 -0.24639892578125 -0.140419006347656 -0.10711669921875
-0.224334716796875 -0.183700561523438 -0.16748046875 -0.106170654296875
-0.215713500976563 -0.0620880126953125 -0.164581298828125 -0.05194091796875
-0.206207275390625 0.01763916015625 -0.115379333496094 -0.0299453735351563
-0.151718139648438 0.0957489013671875 -0.061279296875 -0.00776672363281248
-0.0941696166992188 0.137680053710938 -0.027252197265625 -0.0160007476806641
-0.095855712890625 0.144073486328125 -0.00518798828125001 -0.0375099182128906
-0.0803070068359375 0.15521240234375 0.0332260131835937 -0.0579948425292969
-0.12091064453125 0.105270385742188 0.0954742431640625 -0.0645828247070313
-0.1685791015625 0.0701904296875 0.131683349609375 -0.023590087890625
-0.195541381835938 0.0206146240234375 0.129127502441406 0.0637130737304688
-0.216888427734375 -0.134323120117188 0.0410232543945312 0.121337890625
-0.152511596679688 -0.199691772460937 -0.05633544921875 0.0771255493164063
-0.116119384765625 -0.2618408203125 -0.103591918945313 -0.113601684570313
-0.0440216064453125 -0.21917724609375 -0.160171508789063 -0.076385498046875
-0.0814666748046875 -0.212936401367188 -0.17291259765625 -0.14129638671875
-0.186126708984375 -0.153060913085937 -0.156402587890625 -0.11279296875
-0.176483154296875 -0.0427093505859375 -0.135047912597656 -0.0693511962890625
-0.164840698242188 0.020751953125 -0.0774154663085938 -0.0556869506835937
-0.120979309082031 0.0816879272460938 -0.0288047790527344 -0.0577735900878906
-0.0785980224609375 0.111358642578125 -0.010589599609375 -0.0756378173828125
-0.0854339599609375 0.116676330566406 0.0134735107421875 -0.08746337890625
-0.0794677734375 0.123908996582031 0.0599441528320312 -0.106559753417969
-0.111991882324219 0.0733795166015625 0.131744384765625 -0.0946578979492187
-0.1474609375 0.0372467041015625 0.158584594726563 -0.03326416015625
-0.165267944335938 -0.00987243652343748 0.132011413574219 0.0527496337890625
-0.168914794921875 -0.147933959960938 0.0360488891601562 0.0941619873046875
-0.0984344482421875 -0.204757690429688 -0.0734786987304688 0.0279769897460937
-0.045013427734375 -0.239593505859375 -0.114181518554688 -0.189300537109375
0.0211181640625 -0.141098022460938 -0.170440673828125 -0.122665405273438
-0.0271453857421875 -0.147415161132813 -0.186309814453125 -0.154922485351563
-0.105377197265625 -0.104515075683594 -0.137580871582031 -0.116767883300781
-0.09832763671875 -0.0293731689453125 -0.111808776855469 -0.087982177734375
-0.0934219360351563 0.00329589843750002 -0.0534439086914063 -0.076568603515625
-0.0767135620117188 0.043212890625 -0.0126495361328125 -0.0926589965820312
-0.0549888610839844 0.0633583068847656 -0.002288818359375 -0.118095397949219
-0.0607757568359375 0.0719223022460938 0.0292892456054688 -0.123161315917969
-0.06097412109375 0.0807113647460938 0.0855255126953125 -0.140899658203125
-0.0792617797851563 0.0445938110351563 0.1651611328125 -0.110504150390625
-0.104133605957031 0.0192337036132812 0.181488037109375 -0.0327911376953125
-0.117256164550781 -0.016357421875 0.137832641601563 0.041656494140625
-0.114631652832031 -0.125877380371094 0.0442543029785156 0.0649986267089844
-0.0440826416015625 -0.173416137695313 -0.06475830078125 -0.0202293395996094
0.022979736328125 -0.179458618164063 -0.096832275390625 -0.25006103515625
-0.06036376953125 0.0764923095703125 0.101913452148437 0.254608154296875
0.0212173461914063 0.0846939086914063 0.0549278259277344 0.0634689331054688
0.0673065185546875 0.0481910705566406 -0.0641593933105469 -0.0423202514648437
0.0616607666015625 -0.0114326477050781 -0.149566650390625 -0.030181884765625
0.0407257080078125 -0.0223846435546875 -0.193099975585938 0.0233154296875
0.0261058807373047 -0.0213527679443359 -0.188308715820312 0.124771118164063
0.0269660949707031 -0.0146884918212891 -0.0897369384765625 0.178619384765625
0.0332698822021484 -0.0106754302978516 -0.03375244140625 0.153884887695313
0.0351600646972656 -0.00407791137695313 0.00712585449218751 0.131935119628906
0.0214443206787109 0.0210609436035156 0.0206146240234375 0.120590209960938
0.0133495330810547 0.0293502807617188 0.0610198974609375 0.091400146484375
0.0149402618408203 0.0349330902099609 0.101043701171875 0.0985870361328125
-0.0055999755859375 0.0560646057128906 0.117019653320312 0.139152526855469
-0.04095458984375 0.0688362121582031 0.179244995117188 0.1405029296875
-0.0876617431640625 0.0681076049804688 0.165573120117188 0.137252807617188
-0.103706359863281 -0.02545166015625 0.0652923583984375 0.25860595703125
-0.0192718505859375 0.00275611877441406 0.0238189697265625 0.06756591796875
0.000521659851074218 -0.0146255493164063 -0.09161376953125 -0.0355606079101562
-0.00109100341796875 -0.03973388671875 -0.164794921875 -0.0188751220703125
-0.0274906158447266 -0.0274906158447266 -0.19781494140625 0.024322509765625
-0.0301761627197266 0.00417709350585937 -0.188125610351563 0.123992919921875
-0.00951957702636719 0.0349750518798828 -0.0923004150390625 0.176025390625
-0.000339508056640626 0.0469589233398438 -0.0365753173828125 0.148178100585937
0.0128822326660156 0.0602760314941406 0.00710296630859376 0.126197814941406
-0.0153274536132813 0.0739898681640625 0.0269699096679687 0.108039855957031
-0.0476226806640625 0.0748748779296875 0.0678863525390625 0.0809326171875
-0.0659370422363281 0.0602645874023438 0.108139038085938 0.102210998535156
-0.102493286132813 0.0191268920898438 0.102462768554688 0.14617919921875
-0.114494323730469 0.00559234619140627 0.148391723632812 0.140304565429688
-0.154998779296875 -0.023406982421875 0.127182006835938 0.125389099121094
-0.134117126464844 -0.126029968261719 0.022674560546875 0.2281494140625
-0.0609588623046875 -0.0882415771484375 -0.0105781555175781 0.043792724609375
-0.07733154296875 -0.080474853515625 -0.121284484863281 -0.0445022583007813
-0.0752334594726562 -0.062164306640625 -0.180679321289063 -0.01373291015625
-0.098236083984375 -0.0249176025390625 -0.19464111328125 0.024322509765625
-0.0856094360351562 0.0335693359375 -0.171737670898438 0.112960815429688
-0.0453872680664063 0.0818405151367188 -0.08343505859375 0.152511596679688
-0.0327911376953125 0.0985641479492188 -0.03582763671875 0.120361328125
-0.010284423828125 0.115211486816406 0.00649261474609375 0.0977401733398438
-0.0463638305664063 0.115074157714844 0.0351943969726563 0.0731201171875
-0.0946502685546875 0.111167907714844 0.0784912109375 0.054840087890625
-0.127952575683594 0.0838394165039063 0.119224548339844 0.0945816040039063
-0.180160522460938 -0.00851440429687502 0.0905609130859375 0.148040771484375
-0.171539306640625 -0.05029296875 0.1025390625 0.137847900390625
-0.199356079101563 -0.107421875 0.06793212890625 0.090667724609375
-0.14764404296875 -0.206649780273437 -0.0254974365234375 0.164642333984375
-0.10028076171875 -0.169357299804687 -0.0497474670410156 -0.000873565673828135
-0.158966064453125 -0.133682250976563 -0.145980834960938 -0.0626678466796875
-0.149749755859375 -0.0699615478515625 -0.188583374023438 -0.016754150390625
-0.16156005859375 -0.00842285156250003 -0.179183959960938 0.018585205078125
-0.128456115722656 0.0667572021484375 -0.139572143554687 0.0878372192382813
-0.0725631713867188 0.119926452636719 -0.0656585693359375 0.10833740234375
-0.0601882934570313 0.135589599609375 -0.0298919677734375 0.075225830078125
-0.0322265625 0.152236938476563 0.00823974609375 0.0519256591796875
-0.074615478515625 0.1351318359375 0.0458946228027344 0.0254936218261719
-0.130157470703125 0.124336242675781 0.0905075073242187 0.0225677490234375
-0.169403076171875 0.08807373046875 0.127334594726563 0.0808486938476562
-0.228759765625 -0.038360595703125 0.0786895751953125 0.145050048828125
-0.200271606445312 -0.101028442382813 0.048583984375 0.130485534667969
-0.210861206054688 -0.177642822265625 0.000305175781249986 0.0385971069335937
-0.140365600585937 -0.25067138671875 -0.075927734375 0.0825958251953125
-0.126052856445313 -0.221527099609375 -0.0946731567382813 -0.0529861450195312
-0.2176513671875 -0.162826538085937 -0.161056518554688 -0.081390380859375
-0.203170776367188 -0.06329345703125 -0.18115234375 -0.0262908935546875
-0.200286865234375 0.01470947265625 -0.149917602539063 0.00300598144531249
-0.1475830078125 0.093719482421875 -0.0984649658203125 0.045928955078125
-0.0847625732421875 0.141738891601563 -0.0451087951660156 0.0488166809082031
-0.077911376953125 0.15289306640625 -0.019561767578125 0.0200996398925781
-0.0532073974609375 0.165374755859375 0.0154933929443359 -0.0023355484008789
-0.0981521606445313 0.131576538085938 0.0620994567871094 -0.024932861328125
-0.15313720703125 0.111984252929688 0.105911254882813 -0.00932312011718749
-0.190277099609375 0.0689849853515625 0.131721496582031 0.0656661987304688
-0.241836547851562 -0.0760650634765625 0.0648193359375 0.135887145996094
-0.197128295898438 -0.148178100585937 -0.00414276123046877 0.113296508789062
-0.186325073242187 -0.225845336914063 -0.0620536804199219 -0.0273399353027344
-0.110519409179688 -0.250885009765625 -0.122756958007813 -0.000267028808593789
-0.125457763671875 -0.231918334960938 -0.140541076660156 -0.0984649658203125
-0.230728149414063 -0.161575317382812 -0.1654052734375 -0.094451904296875
-0.2125244140625 -0.04632568359375 -0.160293579101563 -0.0414276123046875
-0.198577880859375 0.031707763671875 -0.11175537109375 -0.0229415893554687
-0.14111328125 0.10284423828125 -0.0594978332519531 -0.00645828247070311
-0.0829315185546875 0.139961242675781 -0.0274467468261719 -0.01611328125
-0.0822906494140625 0.14599609375 -0.00642013549804688 -0.0369453430175781
-0.066131591796875 0.15472412109375 0.0300445556640625 -0.05804443359375
-0.11114501953125 0.109519958496094 0.0885238647460938 -0.0691070556640625
-0.1590576171875 0.0792694091796875 0.128265380859375 -0.0315170288085937
-0.188186645507813 0.0321502685546875 0.13299560546875 0.0528411865234375
-0.2200927734375 -0.114944458007812 0.0496139526367187 0.117630004882813
-0.161773681640625 -0.183731079101563 -0.0464553833007813 0.0799102783203125
-0.131256103515625 -0.244842529296875 -0.105010986328125 -0.100250244140625
-0.05865478515625 -0.20892333984375 -0.158157348632813 -0.0691375732421875
-0.094512939453125 -0.199737548828125 -0.175384521484375 -0.128372192382813
-0.19146728515625 -0.132949829101563 -0.156631469726563 -0.101150512695313
-0.172531127929688 -0.0296630859375 -0.133644104003906 -0.059722900390625
-0.1571044921875 0.0321197509765625 -0.0778732299804688 -0.0499801635742188
-0.111473083496094 0.0877609252929687 -0.0316619873046875 -0.0563468933105469
-0.0692672729492188 0.111885070800781 -0.0160598754882813 -0.0747222900390625
-0.0736007690429688 0.118011474609375 0.00796508789062499 -0.0856704711914062
-0.0670166015625 0.124656677246094 0.0521087646484375 -0.106407165527344
-0.10394287109375 0.077728271484375 0.121536254882813 -0.101058959960938
-0.140541076660156 0.0448074340820312 0.153350830078125 -0.042327880859375
-0.1597900390625 0.000427246093749991 0.134658813476563 0.0426712036132813
-0.173919677734375 -0.130767822265625 0.04278564453125 0.0910491943359375
-0.109024047851563 -0.190841674804687 -0.0674896240234375 0.03399658203125
-0.0609588623046875 -0.227676391601563 -0.1204833984375 -0.172760009765625
0.0102691650390625 -0.136543273925781 -0.172210693359375 -0.112625122070313
-0.0377120971679688 -0.139175415039062 -0.189498901367187 -0.1402587890625
-0.109504699707031 -0.09149169921875 -0.139541625976563 -0.10662841796875
-0.0957107543945313 -0.0215377807617188 -0.113273620605469 -0.0791549682617188
-0.0891876220703125 0.01031494140625 -0.0564727783203125 -0.0714492797851562
-0.0704574584960938 0.0464706420898437 -0.0191116333007813 -0.0915985107421875
-0.0486259460449219 0.0632400512695313 -0.0110244750976563 -0.115066528320313
-0.0527801513671875 0.0726242065429688 0.0205230712890625 -0.120918273925781
-0.0522079467773438 0.0810394287109375 0.0739898681640625 -0.141708374023437
-0.0732650756835938 0.04730224609375 0.152496337890625 -0.117843627929687
-0.0981597900390625 0.0239028930664062 0.175857543945313 -0.0439453125
-0.112052917480469 -0.00896453857421873 0.138153076171875 0.0322341918945313
-0.117881774902344 -0.111549377441406 0.0481300354003906 0.0622062683105469
-0.0547332763671875 -0.162353515625 -0.0629310607910156 -0.0129737854003906
0.00874328613281251 -0.173187255859375 -0.108108520507813 -0.232620239257813
-0.0521469116210938 0.0725479125976563 0.109420776367188 0.236312866210938
0.0244903564453125 0.0776443481445313 0.0557022094726563 0.056488037109375
0.0652999877929688 0.0412406921386719 -0.0638160705566406 -0.0397911071777344
0.055694580078125 -0.0133171081542969 -0.1455078125 -0.024566650390625
0.0360260009765625 -0.0232086181640625 -0.186294555664063 0.029937744140625
0.0237483978271484 -0.0201835632324219 -0.176101684570313 0.129180908203125
0.0248737335205078 -0.0138339996337891 -0.0771331787109375 0.174423217773437
0.0301551818847656 -0.0102882385253906 -0.02392578125 0.148345947265625
0.0327529907226563 -0.00437355041503906 0.0137710571289063 0.126617431640625
0.0206623077392578 0.0202465057373047 0.0269012451171875 0.116600036621094
0.0123119354248047 0.0283832550048828 0.06304931640625 0.0857620239257813
0.01416015625 0.0317039489746094 0.100883483886719 0.0905838012695313
-0.00420379638671875 0.0520515441894531 0.118446350097656 0.130172729492188
-0.0364227294921875 0.0663642883300781 0.17779541015625 0.127883911132813
-0.0778274536132813 0.0676422119140625 0.16595458984375 0.126296997070313
-0.0988693237304688 -0.0235443115234375 0.074554443359375 0.240997314453125
-0.0186023712158203 0.000423431396484376 0.0271453857421875 0.0614700317382813
-0.00189876556396485 -0.0156011581420898 -0.0882797241210938 -0.0317535400390625
-0.006378173828125 -0.0385246276855469 -0.158493041992187 -0.01324462890625
-0.029632568359375 -0.0245628356933594 -0.190048217773438 0.0307159423828125
-0.0301494598388672 0.00722885131835937 -0.17596435546875 0.127685546875
-0.00861358642578126 0.0356101989746094 -0.0799102783203125 0.171615600585938
0.00113677978515625 0.0461883544921875 -0.027069091796875 0.142532348632813
0.0141067504882813 0.0583724975585938 0.0141220092773438 0.120445251464844
-0.0120697021484375 0.0729446411132812 0.0325775146484375 0.103218078613281
-0.043182373046875 0.0752029418945313 0.0701217651367188 0.075836181640625
-0.0622749328613281 0.06024169921875 0.109588623046875 0.0940170288085938
-0.098297119140625 0.021392822265625 0.105690002441406 0.137290954589844
-0.109275817871094 0.00837707519531252 0.149322509765625 0.1287841796875
-0.147171020507813 -0.0169525146484375 0.128608703613281 0.116722106933594
-0.133247375488281 -0.118339538574219 0.03369140625 0.211746215820313
-0.06353759765625 -0.0849151611328125 -0.00622940063476563 0.0394058227539062
-0.0799407958984375 -0.0746383666992187 -0.116508483886719 -0.0392303466796875
-0.0772857666015625 -0.056884765625 -0.173004150390625 -0.007843017578125
-0.0974960327148438 -0.0184860229492188 -0.1865234375 0.0305328369140625
-0.0823593139648438 0.037933349609375 -0.159591674804688 0.115463256835937
-0.040924072265625 0.0825271606445313 -0.0722808837890625 0.148040771484375
-0.0275726318359375 0.0976638793945313 -0.0266647338867187 0.116195678710938
-0.00419616699218751 0.112411499023438 0.0134124755859375 0.0927352905273438
-0.0400390625 0.113517761230469 0.0388450622558594 0.0692481994628907
-0.0863189697265625 0.112060546875 0.0801544189453125 0.0500259399414063
-0.120040893554688 0.0854034423828125 0.120742797851563 0.0855941772460938
-0.174468994140625 0.000152587890624999 0.09600830078125 0.140548706054688
-0.167190551757813 -0.0425262451171875 0.106208801269531 0.128364562988281
-0.194869995117188 -0.094970703125 0.07110595703125 0.085906982421875
-0.150802612304687 -0.194091796875 -0.014404296875 0.15350341796875
-0.104751586914063 -0.161087036132813 -0.0451774597167969 -0.00160598754882813
-0.160049438476563 -0.121353149414063 -0.139923095703125 -0.055816650390625
-0.149032592773438 -0.0610504150390625 -0.179595947265625 -0.00991821289062499
-0.157806396484375 0.000488281249999976 -0.170654296875 0.02490234375
-0.121788024902344 0.0707321166992188 -0.129936218261719 0.0887908935546875
-0.06475830078125 0.1201171875 -0.0574417114257813 0.104507446289063
-0.051116943359375 0.134109497070313 -0.0236053466796875 0.0722732543945313
-0.0235137939453125 0.148483276367188 0.0129852294921875 0.049041748046875
-0.0663070678710938 0.134010314941406 0.0463905334472656 0.0229301452636719
-0.120254516601563 0.126518249511719 0.0900192260742188 0.0179214477539063
-0.1593017578125 0.0919647216796875 0.128677368164063 0.0709381103515625
-0.222396850585938 -0.0255889892578125 0.0848159790039062 0.138175964355469
-0.197494506835937 -0.0895843505859375 0.0548858642578125 0.123764038085937
-0.209976196289063 -0.160675048828125 0.00346755981445312 0.0389175415039062
-0.14703369140625 -0.2359619140625 -0.06658935546875 0.0772171020507812
-0.132888793945312 -0.207809448242188 -0.0910720825195313 -0.0493927001953125
-0.217575073242187 -0.14569091796875 -0.15570068359375 -0.0733642578125
-0.198272705078125 -0.05181884765625 -0.1722412109375 -0.019683837890625
-0.19219970703125 0.024932861328125 -0.14288330078125 0.00706481933593748
-0.13897705078125 0.0980224609375 -0.0924224853515625 0.0467453002929688
-0.075714111328125 0.140731811523437 -0.0408706665039063 0.0466194152832031
-0.0667724609375 0.151123046875 -0.0162372589111328 0.0190391540527344
-0.0424957275390625 0.161285400390625 0.0166692733764648 -0.00431346893310546
-0.0889892578125 0.131423950195312 0.0592422485351562 -0.0266799926757812
-0.142562866210938 0.114898681640625 0.103599548339844 -0.013458251953125
-0.180023193359375 0.07452392578125 0.132682800292969 0.05615234375
-0.2364501953125 -0.0615081787109375 0.0711441040039062 0.129241943359375
-0.197021484375 -0.134201049804688 0.00310516357421874 0.1094970703125
-0.189178466796875 -0.207794189453125 -0.0582466125488281 -0.0206222534179688
-0.118682861328125 -0.235885620117188 -0.115707397460938 -0.000183105468750015
-0.132980346679687 -0.215805053710937 -0.137283325195313 -0.091400146484375
-0.229156494140625 -0.14263916015625 -0.160507202148438 -0.0847625732421875
-0.20526123046875 -0.035247802734375 -0.152877807617188 -0.034027099609375
-0.188720703125 0.0406951904296875 -0.108078002929688 -0.0180892944335937
-0.131340026855469 0.10565185546875 -0.0574455261230469 -0.00598526000976562
-0.0738525390625 0.138114929199219 -0.0276660919189453 -0.0159530639648437
-0.071441650390625 0.144363403320313 -0.0064697265625 -0.0351943969726563
-0.0557403564453125 0.151290893554688 0.028045654296875 -0.05816650390625
-0.102188110351562 0.11004638671875 0.08245849609375 -0.070037841796875
-0.149246215820313 0.0833892822265625 0.123458862304687 -0.0359649658203125
-0.178634643554687 0.038726806640625 0.133064270019531 0.0445022583007812
-0.216522216796875 -0.0983428955078125 0.0559463500976563 0.112174987792969
-0.163818359375 -0.169174194335938 -0.038604736328125 0.0801544189453125
-0.138137817382812 -0.227783203125 -0.102615356445313 -0.0889053344726563
-0.0679168701171875 -0.197219848632813 -0.153823852539063 -0.0638885498046875
-0.101577758789062 -0.185165405273438 -0.172653198242187 -0.117263793945313
-0.19024658203125 -0.115768432617188 -0.152587890625 -0.092315673828125
-0.165634155273438 -0.0204620361328125 -0.129013061523438 -0.0529327392578125
-0.148391723632813 0.0391998291015625 -0.075531005859375 -0.0460891723632813
-0.102447509765625 0.0888442993164063 -0.0335159301757813 -0.0551719665527344
-0.0610580444335938 0.10986328125 -0.0196685791015625 -0.0721435546875
-0.0639495849609375 0.116081237792969 0.00439453125 -0.08270263671875
-0.0575714111328125 0.120590209960938 0.0464096069335938 -0.104576110839844
-0.09661865234375 0.0789337158203125 0.112152099609375 -0.102333068847656
-0.132850646972656 0.0489349365234375 0.147125244140625 -0.04779052734375
-0.15234375 0.00656127929687501 0.133460998535156 0.035064697265625
-0.171646118164063 -0.11529541015625 0.04656982421875 0.08770751953125
-0.113494873046875 -0.177001953125 -0.06103515625 0.0371971130371094
-0.0702667236328125 -0.21343994140625 -0.120803833007813 -0.157302856445313
0.00162506103515626 -0.130386352539063 -0.1705322265625 -0.104217529296875
-0.0435943603515625 -0.129425048828125 -0.18719482421875 -0.128509521484375
-0.108451843261719 -0.0801544189453125 -0.137031555175781 -0.0981521606445313
-0.0916824340820313 -0.0158615112304688 -0.11077880859375 -0.0718612670898438
-0.0838088989257813 0.0147933959960938 -0.0560417175292969 -0.0672416687011719
-0.0643196105957031 0.0479660034179688 -0.0228347778320313 -0.0895538330078125
-0.0431632995605469 0.0618782043457031 -0.016876220703125 -0.110740661621094
-0.0456924438476562 0.0714263916015625 0.014434814453125 -0.116157531738281
-0.0450515747070313 0.07843017578125 0.0645675659179688 -0.138542175292969
-0.0683403015136719 0.0475997924804688 0.140525817871094 -0.120109558105469
-0.0925064086914062 0.0263748168945312 0.168655395507813 -0.0503692626953125
-0.106758117675781 -0.00405883789062501 0.136421203613281 0.0257492065429688
-0.116714477539062 -0.0996170043945313 0.0500106811523438 0.059844970703125
-0.0602569580078125 -0.151092529296875 -0.0591163635253906 -0.00696945190429688
-0.00100708007812499 -0.164321899414063 -0.112564086914063 -0.2149658203125
-0.0463294982910156 0.0684051513671875 0.1109619140625 0.2230224609375
0.0256195068359375 0.0719680786132813 0.0557708740234375 0.0516166687011719
0.0629463195800781 0.0368461608886719 -0.0630073547363281 -0.0388984680175781
0.0503082275390625 -0.0142059326171875 -0.142547607421875 -0.02191162109375
0.0326747894287109 -0.0227832794189453 -0.181320190429688 0.03350830078125
0.0223464965820313 -0.0188083648681641 -0.1680908203125 0.13104248046875
0.0231857299804688 -0.0131130218505859 -0.0696563720703125 0.169921875
0.0283908843994141 -0.0104122161865234 -0.0182952880859375 0.143218994140625
0.0306797027587891 -0.00382423400878906 0.0178985595703125 0.122215270996094
0.0200519561767578 0.0204219818115234 0.0302734375 0.113494873046875
0.0124092102050781 0.0279808044433594 0.064453125 0.0822906494140625
0.01300048828125 0.029632568359375 0.100570678710938 0.0864181518554688
-0.00324249267578125 0.0488662719726563 0.118179321289063 0.124343872070313
-0.0332221984863281 0.0631599426269531 0.17523193359375 0.120285034179688
-0.0709686279296875 0.065765380859375 0.163864135742188 0.1207275390625
-0.0950698852539063 -0.0234375 0.0792694091796875 0.227203369140625
-0.0184707641601562 -0.00206184387207031 0.0288200378417969 0.0565643310546875
-0.00398159027099609 -0.0173101425170898 -0.0861129760742188 -0.0306549072265625
-0.0100822448730469 -0.0368576049804688 -0.153915405273438 -0.010589599609375
-0.0314483642578125 -0.0223445892333984 -0.185028076171875 0.0337371826171875
-0.0300178527832031 0.00880813598632812 -0.167556762695313 0.128677368164063
-0.00768661499023437 0.0360260009765625 -0.0718231201171875 0.167373657226563
0.00193023681640625 0.0458908081054688 -0.0208892822265625 0.136817932128906
0.0150375366210938 0.0574188232421875 0.0185775756835938 0.115982055664062
-0.0105667114257813 0.0718612670898438 0.0359344482421875 0.100257873535156
-0.0405502319335937 0.074676513671875 0.0711593627929687 0.0723037719726562
-0.0602340698242188 0.0591392517089844 0.109512329101563 0.08782958984375
-0.0957107543945313 0.0229644775390625 0.107467651367188 0.131690979003906
-0.105255126953125 0.00955963134765626 0.148269653320313 0.12091064453125
-0.140350341796875 -0.0140762329101563 0.128883361816406 0.11175537109375
-0.131629943847656 -0.113616943359375 0.0384521484375 0.1993408203125
-0.0644760131835938 -0.0833816528320313 -0.00408554077148438 0.0357170104980469
-0.0816116333007813 -0.0716781616210938 -0.112174987792969 -0.0367431640625
-0.0788497924804687 -0.0537490844726563 -0.1666259765625 -0.00523376464843753
-0.09661865234375 -0.0149688720703125 -0.180572509765625 0.03265380859375
-0.0800399780273437 0.0398635864257813 -0.151412963867188 0.115737915039062
-0.037841796875 0.0821609497070313 -0.0655975341796875 0.143661499023438
-0.0240859985351562 0.0964889526367188 -0.021453857421875 0.111015319824219
-0.000854492187499994 0.109870910644531 0.0176620483398438 0.08856201171875
-0.036651611328125 0.11181640625 0.041656494140625 0.0666007995605469
-0.0813446044921875 0.111854553222656 0.0803604125976562 0.0470199584960938
-0.115264892578125 0.0857620239257812 0.121284484863281 0.0792007446289063
-0.1695556640625 0.00424194335937496 0.0983657836914062 0.135391235351563
-0.162765502929688 -0.038116455078125 0.107444763183594 0.122123718261719
-0.189895629882813 -0.08758544921875 0.0728073120117187 0.0834274291992188
-0.150833129882813 -0.185577392578125 -0.0090789794921875 0.142791748046875
-0.107162475585937 -0.154525756835938 -0.0421638488769531 -0.00314712524414063
-0.160568237304688 -0.114303588867188 -0.134811401367188 -0.0522842407226563
-0.1470947265625 -0.05609130859375 -0.172622680664062 -0.00715637207031247
-0.154022216796875 0.00535583496093748 -0.165084838867188 0.0265960693359375
-0.117088317871094 0.073089599609375 -0.122947692871094 0.0882797241210938
-0.0601806640625 0.119712829589844 -0.0528411865234375 0.100730895996094
-0.0454940795898438 0.132369995117188 -0.0194892883300781 0.0688705444335938
-0.01861572265625 0.14483642578125 0.0160064697265625 0.0459480285644531
-0.06085205078125 0.132240295410156 0.0471000671386719 0.0215415954589844
-0.112945556640625 0.126564025878906 0.0897979736328125 0.0152969360351563
-0.152664184570312 0.0926513671875 0.129310607910156 0.0646514892578125
-0.21685791015625 -0.018646240234375 0.0889968872070312 0.133163452148438
-0.194168090820312 -0.083038330078125 0.05853271484375 0.119125366210938
-0.207229614257812 -0.150924682617188 0.00732040405273436 0.0396957397460937
-0.149368286132812 -0.225555419921875 -0.0612678527832031 0.0700874328613281
-0.135971069335938 -0.198150634765625 -0.0872421264648438 -0.0486907958984375
-0.21527099609375 -0.134506225585938 -0.14959716796875 -0.068206787109375
-0.194076538085938 -0.0457611083984375 -0.165252685546875 -0.0167236328125
-0.18597412109375 0.0294036865234375 -0.137992858886719 0.00959014892578124
-0.132377624511719 0.0991058349609375 -0.0873794555664063 0.0455322265625
-0.0698394775390625 0.139694213867188 -0.0383529663085938 0.0442428588867188
-0.0596160888671875 0.148727416992188 -0.0137100219726563 0.0176792144775391
-0.0356903076171875 0.157211303710937 0.0180549621582031 -0.00514793395996093
-0.0831222534179687 0.130378723144531 0.0580558776855469 -0.0270500183105469
-0.135124206542969 0.11639404296875 0.101806640625 -0.015869140625
-0.173004150390625 0.076507568359375 0.132286071777344 0.050201416015625
-0.231552124023438 -0.051666259765625 0.074981689453125 0.124862670898438
-0.1943359375 -0.125152587890625 0.00846862792968748 0.106475830078125
-0.189376831054688 -0.195831298828125 -0.054046630859375 -0.0161399841308594
-0.12322998046875 -0.226272583007813 -0.110664367675781 -0.00315093994140625
-0.1356201171875 -0.204696655273438 -0.132919311523438 -0.0868988037109375
-0.226486206054688 -0.130081176757812 -0.154876708984375 -0.0796356201171875
-0.199874877929688 -0.028778076171875 -0.146408081054688 -0.0313720703125
-0.181442260742188 0.0452423095703125 -0.103858947753906 -0.0167388916015625
-0.123779296875 0.106536865234375 -0.0555267333984375 -0.0066375732421875
-0.0682220458984375 0.136367797851563 -0.0275936126708984 -0.0168056488037109
-0.0640411376953125 0.14178466796875 -0.00522994995117188 -0.0352096557617187
-0.048858642578125 0.147048950195313 0.0274581909179687 -0.0571441650390625
-0.0967788696289062 0.109451293945313 0.0782470703125 -0.0699539184570313
-0.142684936523438 0.0849609375 0.120208740234375 -0.038482666015625
-0.172164916992187 0.0412750244140625 0.132461547851563 0.0387725830078125
-0.2122802734375 -0.088104248046875 0.0596923828125 0.108718872070313
-0.164215087890625 -0.158737182617188 -0.033447265625 0.0797500610351562
-0.140350341796875 -0.216094970703125 -0.0986785888671875 -0.0813674926757813
-0.0722808837890625 -0.18829345703125 -0.149917602539062 -0.0627593994140625
-0.104827880859375 -0.175399780273438 -0.16845703125 -0.111587524414063
-0.1865234375 -0.104827880859375 -0.148178100585938 -0.08721923828125
-0.1597900390625 -0.0157318115234375 -0.12432861328125 -0.0493545532226563
-0.141738891601563 0.0426025390625 -0.0734634399414063 -0.0440902709960938
-0.0963211059570312 0.0889892578125 -0.0339164733886719 -0.0549240112304687
-0.056396484375 0.108329772949219 -0.0219345092773438 -0.0706100463867188
-0.057586669921875 0.113822937011719 0.00304412841796875 -0.080291748046875
-0.0518646240234375 0.117469787597656 0.0431442260742188 -0.102554321289063
-0.0918197631835937 0.0788116455078125 0.105934143066406 -0.102264404296875
-0.126762390136719 0.0505905151367188 0.143081665039063 -0.0507049560546875
-0.1468505859375 0.00946044921874997 0.132789611816406 0.0295333862304688
-0.168792724609375 -0.105728149414062 0.0494003295898437 0.0855636596679687
-0.114700317382813 -0.167083740234375 -0.0558128356933594 0.0391883850097656
-0.074462890625 -0.20361328125 -0.118865966796875 -0.146636962890625
-0.00345611572265624 -0.125045776367188 -0.167312622070313 -0.10015869140625
-0.046875 -0.121490478515625 -0.183990478515625 -0.120864868164062
-0.106590270996094 -0.0714187622070313 -0.134300231933594 -0.0929183959960938
-0.087432861328125 -0.0125732421875 -0.108505249023437 -0.06787109375
-0.0798568725585938 0.017120361328125 -0.0553970336914063 -0.0646247863769531
-0.0596771240234375 0.048370361328125 -0.0248031616210938 -0.0881423950195313
-0.0404891967773438 0.0606193542480469 -0.0206069946289062 -0.107612609863281
-0.0417709350585938 0.06927490234375 0.0113906860351562 -0.111991882324219
-0.0408172607421875 0.07568359375 0.0594482421875 -0.135940551757813
-0.065460205078125 0.0470161437988281 0.132278442382813 -0.119827270507813
-0.0886459350585937 0.027069091796875 0.163803100585938 -0.05352783203125
-0.101913452148438 -0.00222015380859373 0.134414672851563 0.0210723876953125
-0.114036560058594 -0.0915679931640625 0.0513839721679687 0.0591697692871094
-0.062255859375 -0.141693115234375 -0.0558624267578125 -0.00339889526367187
-0.00694274902343751 -0.157058715820313 -0.112350463867187 -0.20208740234375
-0.0439529418945313 0.0647087097167969 0.114303588867188 0.215362548828125
0.0266838073730469 0.0676498413085938 0.0565223693847656 0.0484619140625
0.0616340637207031 0.0333518981933594 -0.0633087158203125 -0.0390090942382813
0.046783447265625 -0.0142784118652344 -0.142059326171875 -0.020294189453125
0.0303878784179688 -0.0225238800048828 -0.180526733398437 0.036712646484375
0.0216579437255859 -0.0183639526367188 -0.1636962890625 0.133529663085937
0.0227832794189453 -0.0121517181396484 -0.0645599365234375 0.1688232421875
0.0273418426513672 -0.0100898742675781 -0.014617919921875 0.140609741210938
0.0298118591308594 -0.0034027099609375 0.0205917358398438 0.120948791503906
0.0199775695800781 0.0210247039794922 0.0338516235351562 0.112678527832031
0.0115947723388672 0.0278091430664063 0.0657958984375 0.081390380859375
0.01153564453125 0.0288257598876953 0.101066589355469 0.0847930908203125
-0.00352859497070312 0.0463714599609375 0.118949890136719 0.12158203125
-0.0309715270996094 0.0617752075195313 0.1746826171875 0.115814208984375
-0.0660514831542969 0.0638771057128906 0.164840698242187 0.118560791015625
-0.0936508178710938 -0.024505615234375 0.082427978515625 0.218948364257812
-0.0186634063720703 -0.00480461120605469 0.0305252075195313 0.0527839660644531
-0.00631523132324219 -0.0182018280029297 -0.0855331420898438 -0.0298385620117187
-0.0132980346679688 -0.0366058349609375 -0.152114868164063 -0.00975036621093751
-0.0326061248779297 -0.0214633941650391 -0.184005737304688 0.0366363525390625
-0.0300788879394531 0.0105972290039063 -0.162704467773438 0.13079833984375
-0.00770187377929688 0.0372772216796875 -0.06744384765625 0.165191650390625
0.00288009643554687 0.0467071533203125 -0.01702880859375 0.134162902832031
0.0157928466796875 0.0577049255371094 0.0220108032226563 0.112953186035156
-0.00946044921874999 0.07244873046875 0.039642333984375 0.0990753173828125
-0.039306640625 0.0757064819335938 0.0726165771484375 0.070953369140625
-0.05987548828125 0.0594482421875 0.110794067382813 0.085235595703125
-0.0946502685546875 0.02362060546875 0.110115051269531 0.129600524902344
-0.10394287109375 0.00978851318359376 0.149505615234375 0.117324829101563
-0.137596130371094 -0.01251220703125 0.129966735839844 0.110099792480469
-0.132568359375 -0.112083435058594 0.0430145263671875 0.191375732421875
-0.0658645629882813 -0.08294677734375 -0.00153160095214844 0.0325431823730469
-0.0839080810546875 -0.0698928833007813 -0.109870910644531 -0.0363082885742188
-0.0811767578125 -0.0522613525390625 -0.163528442382813 -0.00408935546875002
-0.0977859497070313 -0.0121841430664062 -0.179000854492188 0.0355072021484375
-0.0790252685546875 0.042572021484375 -0.14715576171875 0.116500854492188
-0.0359649658203125 0.0835113525390625 -0.0614471435546875 0.141510009765625
-0.0212173461914063 0.0965652465820313 -0.0176849365234375 0.108047485351563
0.00160217285156249 0.110000610351563 0.0209503173828125 0.0860214233398437
-0.034210205078125 0.112327575683594 0.0445365905761719 0.0656471252441406
-0.0788040161132813 0.112937927246094 0.0819244384765625 0.0454254150390625
-0.113121032714844 0.0868606567382812 0.122962951660156 0.0753250122070313
-0.168441772460937 0.00769042968749997 0.102462768554687 0.132820129394531
-0.161666870117188 -0.0360565185546875 0.109603881835937 0.118492126464844
-0.1883544921875 -0.084259033203125 0.0747146606445312 0.082977294921875
-0.153915405273438 -0.182632446289063 -0.00553894042968752 0.135757446289063
-0.1102294921875 -0.151214599609375 -0.0401115417480469 -0.00546646118164063
-0.1622314453125 -0.109420776367187 -0.132041931152344 -0.0508880615234375
-0.148178100585938 -0.05328369140625 -0.168609619140625 -0.00553894042968754
-0.15301513671875 0.00952148437500001 -0.163177490234375 0.0280609130859375
-0.11553955078125 0.0758895874023438 -0.119010925292969 0.0876922607421875
-0.056976318359375 0.121009826660156 -0.0499420166015625 0.099365234375
-0.0419387817382813 0.132453918457031 -0.0161590576171875 0.066375732421875
-0.0145111083984375 0.144073486328125 0.0185699462890625 0.0434112548828125
-0.0585174560546875 0.132568359375 0.04840087890625 0.0204963684082031
-0.109962463378906 0.128753662109375 0.090301513671875 0.0135421752929688
-0.150131225585938 0.0947723388671875 0.130813598632813 0.060333251953125
-0.21514892578125 -0.013458251953125 0.0929489135742188 0.13116455078125
-0.1944580078125 -0.07940673828125 0.062103271484375 0.116737365722656
-0.2071533203125 -0.145278930664063 0.00963973999023436 0.0411643981933594
-0.153640747070312 -0.220550537109375 -0.0581550598144531 0.0654563903808593
-0.1390380859375 -0.192581176757813 -0.0854949951171875 -0.0498275756835938
-0.217437744140625 -0.127090454101562 -0.146408081054688 -0.0670318603515625
-0.193084716796875 -0.0419769287109375 -0.160980224609375 -0.0155181884765625
-0.183883666992188 0.03411865234375 -0.135635375976562 0.0101242065429687
-0.129112243652344 0.101531982421875 -0.0856170654296875 0.0443038940429687
-0.0662384033203125 0.140464782714844 -0.0370292663574219 0.0438423156738281
-0.0548858642578125 0.14874267578125 -0.0118751525878906 0.0160179138183594
-0.0312347412109375 0.155685424804688 0.0198040008544922 -0.00654983520507812
-0.0806045532226563 0.130775451660156 0.0581932067871094 -0.0278739929199219
-0.131546020507813 0.117790222167969 0.102333068847656 -0.0179443359375
-0.169906616210938 0.0785980224609375 0.134407043457031 0.0452651977539063
-0.229995727539063 -0.045013427734375 0.0798721313476562 0.123390197753906
-0.195098876953125 -0.120986938476563 0.0123977661132812 0.1058349609375
-0.191421508789062 -0.189712524414063 -0.0517120361328125 -0.0126876831054688
-0.127487182617188 -0.220260620117188 -0.108795166015625 -0.00549316406250003
-0.139434814453125 -0.197830200195313 -0.131248474121094 -0.0866317749023438
-0.226699829101563 -0.121353149414062 -0.151443481445313 -0.0782623291015625
-0.197494506835937 -0.025360107421875 -0.14337158203125 -0.0303802490234375
-0.177719116210938 0.049774169921875 -0.102294921875 -0.0156402587890625
-0.120262145996094 0.108184814453125 -0.0553741455078125 -0.00772476196289061
-0.0642776489257813 0.137123107910156 -0.0282421112060547 -0.0168781280517578
-0.05950927734375 0.14154052734375 -0.00587844848632813 -0.0355186462402344
-0.04412841796875 0.145797729492188 0.0269966125488281 -0.0576515197753906
-0.094268798828125 0.110252380371094 0.0767974853515625 -0.0709381103515625
-0.139785766601563 0.0875701904296875 0.120048522949219 -0.0412750244140625
-0.169143676757813 0.04345703125 0.133872985839844 0.0346527099609375
-0.211456298828125 -0.0811614990234375 0.0638275146484375 0.108070373535156
-0.165863037109375 -0.152938842773438 -0.0290985107421875 0.0800704956054687
-0.14385986328125 -0.210372924804688 -0.0971908569335938 -0.0756988525390625
-0.0773773193359375 -0.183212280273438 -0.148330688476563 -0.0632171630859376
-0.108047485351563 -0.168380737304688 -0.166595458984375 -0.109405517578125
-0.186492919921875 -0.09710693359375 -0.145919799804688 -0.0853729248046875
-0.156600952148438 -0.0124359130859375 -0.122314453125 -0.0482559204101563
-0.13751220703125 0.045989990234375 -0.0727310180664063 -0.0435409545898438
-0.09259033203125 0.0902252197265625 -0.035003662109375 -0.0562858581542969
-0.053253173828125 0.108711242675781 -0.024139404296875 -0.0701026916503906
-0.053436279296875 0.113189697265625 0.00218963623046874 -0.0800628662109375
-0.0477981567382813 0.115692138671875 0.0413055419921875 -0.102317810058594
-0.0894546508789063 0.0789947509765625 0.102912902832031 -0.102500915527344
-0.124252319335937 0.0526199340820312 0.14190673828125 -0.0533599853515625
-0.144088745117187 0.010772705078125 0.133354187011719 0.02593994140625
-0.167678833007813 -0.0992431640625 0.0525360107421875 0.0854949951171875
-0.116775512695313 -0.160919189453125 -0.0521202087402344 0.0413894653320312
-0.07928466796875 -0.19854736328125 -0.117561340332031 -0.1402587890625
-0.00762939453125001 -0.121833801269531 -0.16748046875 -0.09906005859375
-0.050048828125 -0.116462707519531 -0.182601928710938 -0.117752075195313
-0.10552978515625 -0.0665512084960938 -0.133445739746094 -0.0912322998046875
-0.0855712890625 -0.0103302001953125 -0.107749938964844 -0.066314697265625
-0.0766983032226563 0.019744873046875 -0.0555267333984375 -0.0642929077148438
-0.056365966796875 0.0488204956054687 -0.0272750854492188 -0.088531494140625
-0.0388107299804688 0.0604476928710938 -0.0240097045898438 -0.105766296386719
-0.0388755798339844 0.0678634643554688 0.00953674316406251 -0.111358642578125
-0.0377120971679688 0.0735931396484375 0.0561065673828125 -0.135078430175781
-0.0635719299316406 0.0474586486816406 0.128913879394531 -0.120338439941406
-0.0862197875976563 0.0274429321289063 0.161865234375 -0.056243896484375
-0.0996017456054688 -0.00186920166015625 0.13525390625 0.0176849365234375
-0.11309814453125 -0.0865249633789063 0.0530166625976562 0.0599136352539063
-0.0635223388671875 -0.136642456054688 -0.052886962890625 -0.000183105468750015
-0.010528564453125 -0.15350341796875 -0.113388061523438 -0.194381713867187
-0.0410995483398438 0.0635452270507813 0.120361328125 0.20953369140625
0.0285911560058594 0.0643692016601563 0.0588264465332031 0.0445785522460938
0.0612411499023438 0.0301475524902344 -0.065399169921875 -0.0384025573730469
0.0442962646484375 -0.0149650573730469 -0.144439697265625 -0.017059326171875
0.0281429290771484 -0.0232257843017578 -0.181411743164063 0.0433349609375
0.0204582214355469 -0.0185661315917969 -0.159988403320313 0.141525268554687
0.0218963623046875 -0.0121383666992188 -0.059234619140625 0.170578002929688
0.0264053344726562 -0.00967025756835937 -0.00969696044921874 0.140098571777344
0.0293521881103516 -0.00300407409667969 0.0254440307617188 0.120933532714844
0.0200939178466797 0.0215702056884766 0.0395736694335937 0.112838745117188
0.0122051239013672 0.0279045104980469 0.06903076171875 0.0795974731445313
0.0105247497558594 0.0283470153808594 0.10443115234375 0.0824127197265625
-0.00321197509765625 0.0461158752441406 0.123275756835938 0.120033264160156
-0.0282707214355469 0.0611038208007812 0.178207397460938 0.11181640625
-0.0626907348632813 0.0645065307617187 0.169342041015625 0.116531372070313
-0.0944595336914063 -0.023956298828125 0.089447021484375 0.212982177734375
-0.0200710296630859 -0.00609970092773437 0.0329322814941406 0.0495986938476563
-0.00903701782226562 -0.0193881988525391 -0.086181640625 -0.0290451049804688
-0.0170555114746094 -0.0358848571777344 -0.153244018554688 -0.00596618652343749
-0.0361404418945313 -0.0195503234863281 -0.1846923828125 0.0427398681640625
-0.0310478210449219 0.0127754211425781 -0.159622192382813 0.137069702148438
-0.00646209716796875 0.039031982421875 -0.0615692138671875 0.166976928710937
0.00435638427734375 0.0477447509765625 -0.0118179321289062 0.133552551269531
0.0182571411132813 0.0584831237792969 0.02740478515625 0.112770080566406
-0.00768280029296874 0.074066162109375 0.0447921752929688 0.098846435546875
-0.0371246337890625 0.0780715942382813 0.076568603515625 0.0688858032226563
-0.0598869323730469 0.0618438720703125 0.114952087402344 0.0822830200195313
-0.0953140258789063 0.02679443359375 0.116004943847656 0.127662658691406
-0.103843688964844 0.011627197265625 0.15399169921875 0.11322021484375
-0.136672973632813 -0.0108413696289063 0.135284423828125 0.10882568359375
-0.136611938476563 -0.110450744628906 0.0491180419921875 0.18524169921875
-0.0694427490234375 -0.0828094482421875 0.000583648681640623 0.0296306610107422
-0.0884017944335938 -0.0684814453125 -0.110237121582031 -0.0347442626953125
-0.0853729248046875 -0.0500717163085938 -0.16326904296875 -0.00134277343749999
-0.099853515625 -0.00807189941406249 -0.179580688476563 0.0406494140625
-0.0794219970703125 0.0465087890625 -0.144012451171875 0.121566772460938
-0.033416748046875 0.0869979858398438 -0.0567779541015625 0.142837524414063
-0.0176544189453125 0.0989990234375 -0.0132217407226562 0.107330322265625
0.00556945800781249 0.110748291015625 0.0253067016601562 0.0845794677734375
-0.031341552734375 0.115211486816406 0.0480194091796875 0.0649909973144531
-0.0757064819335937 0.116607666015625 0.0847930908203125 0.0432891845703125
-0.112663269042969 0.0911636352539063 0.127189636230469 0.0712432861328125
-0.169876098632812 0.0132598876953125 0.109375 0.131446838378906
-0.163955688476563 -0.032684326171875 0.114738464355469 0.115486145019531
-0.190475463867188 -0.07952880859375 0.0791015625 0.0832366943359375
-0.160858154296875 -0.179580688476563 -0.000732421875000015 0.131423950195313
-0.116928100585937 -0.149215698242188 -0.0384025573730469 -0.00806045532226563
-0.167724609375 -0.103866577148438 -0.13226318359375 -0.048797607421875
-0.152267456054688 -0.0492706298828125 -0.167831420898438 -0.00296020507812501
-0.154739379882813 0.01483154296875 -0.16363525390625 0.0332794189453125
-0.11376953125 0.0807647705078125 -0.116867065429688 0.0906600952148437
-0.053436279296875 0.124595642089844 -0.0469131469726563 0.100273132324219
-0.036407470703125 0.135429382324219 -0.0128898620605469 0.0653190612792969
-0.00914001464843749 0.145843505859375 0.0221900939941406 0.04168701171875
-0.0557174682617188 0.135902404785156 0.0510787963867187 0.0190162658691406
-0.105453491210938 0.133987426757813 0.0929794311523438 0.0106048583984375
-0.1492919921875 0.0999908447265625 0.135322570800781 0.05572509765625
-0.21722412109375 -0.00552368164062497 0.100639343261719 0.129486083984375
-0.198348999023437 -0.0745391845703124 0.0676116943359375 0.11578369140625
-0.212631225585938 -0.140594482421875 0.01318359375 0.0425491333007812
-0.163055419921875 -0.21649169921875 -0.05560302734375 0.0622138977050781
-0.14691162109375 -0.18804931640625 -0.0859603881835938 -0.0508575439453125
-0.222702026367187 -0.119125366210938 -0.146697998046875 -0.064849853515625
-0.196578979492188 -0.0367279052734375 -0.160232543945313 -0.0125274658203125
-0.183181762695313 0.0413970947265625 -0.135894775390625 0.0137557983398438
-0.126441955566406 0.107093811035156 -0.0843582153320313 0.0450973510742188
-0.0611724853515625 0.144866943359375 -0.0367279052734375 0.0434455871582031
-0.049072265625 0.151641845703125 -0.0106344223022461 0.014561653137207
-0.0254974365234375 0.157928466796875 0.0211353302001953 -0.00855636596679686
-0.077667236328125 0.134925842285156 0.0584449768066406 -0.0289955139160156
-0.128166198730469 0.124092102050781 0.103866577148437 -0.0215606689453125
-0.169265747070313 0.0843658447265625 0.138504028320313 0.0396728515625
-0.232711791992187 -0.0376129150390625 0.0872955322265625 0.122100830078125
-0.200454711914063 -0.115753173828125 0.0184173583984375 0.106460571289062
-0.198806762695313 -0.184555053710938 -0.0502777099609375 -0.00928497314453126
-0.137130737304688 -0.216644287109375 -0.109519958496094 -0.00672149658203124
-0.148193359375 -0.192596435546875 -0.132316589355469 -0.0859603881835938
-0.231216430664063 -0.112625122070312 -0.15252685546875 -0.0758209228515625
-0.198501586914062 -0.0190887451171875 -0.142532348632813 -0.02752685546875
-0.1761474609375 0.0566864013671875 -0.103340148925781 -0.0143814086914062
-0.117057800292969 0.113082885742187 -0.05645751953125 -0.00837326049804686
-0.0592041015625 0.140731811523438 -0.0292243957519531 -0.0170497894287109
-0.053741455078125 0.144119262695313 -0.00587844848632812 -0.0365180969238281
-0.0386810302734375 0.147369384765625 0.0262413024902344 -0.05999755859375
-0.0917434692382812 0.114501953125 0.0751953125 -0.0735321044921875
-0.137260437011719 0.0930099487304687 0.121109008789062 -0.0456466674804687
-0.169586181640625 0.0484161376953125 0.137687683105469 0.0290145874023438
-0.21490478515625 -0.0734710693359375 0.06988525390625 0.10760498046875
-0.172134399414062 -0.148406982421875 -0.0239486694335938 0.0823745727539062
-0.152236938476563 -0.205780029296875 -0.0975723266601563 -0.0710220336914063
-0.0852203369140625 -0.1800537109375 -0.150497436523438 -0.062652587890625
-0.114608764648438 -0.162994384765625 -0.1697998046875 -0.107086181640625
-0.188674926757812 -0.0890045166015625 -0.147430419921875 -0.08319091796875
-0.156936645507813 -0.00765991210937501 -0.123367309570313 -0.0462799072265625
-0.134956359863281 0.0514907836914063 -0.0737533569335938 -0.0434341430664063
-0.0889053344726562 0.0935516357421875 -0.0376167297363281 -0.05810546875
-0.0495758056640625 0.111289978027344 -0.0273971557617188 -0.06976318359375
-0.0497360229492187 0.115310668945313 0.000495910644531246 -0.08099365234375
-0.0434417724609375 0.116859436035156 0.0389251708984375 -0.103965759277344
-0.0877761840820312 0.0825347900390625 0.100631713867188 -0.106010437011719
-0.123092651367188 0.0562591552734375 0.142852783203125 -0.0594329833984375
-0.14459228515625 0.0146484375 0.137046813964844 0.0211181640625
-0.171127319335938 -0.0931549072265625 0.0583114624023437 0.0862503051757813
-0.1224365234375 -0.157073974609375 -0.0486030578613281 0.0442123413085937
-0.0867462158203125 -0.19549560546875 -0.120521545410156 -0.135162353515625
-0.013397216796875 -0.120437622070313 -0.1712646484375 -0.096954345703125
-0.05377197265625 -0.112442016601562 -0.186187744140625 -0.114456176757813
-0.107040405273437 -0.0608139038085938 -0.136749267578125 -0.0896224975585938
-0.0849456787109375 -0.00838470458984375 -0.109375 -0.0645828247070312
-0.0746536254882813 0.0228118896484375 -0.0574111938476563 -0.0643730163574219
-0.053985595703125 0.0503196716308594 -0.0312881469726563 -0.089874267578125
-0.0366668701171875 0.0619277954101563 -0.028533935546875 -0.105377197265625
-0.0356864929199219 0.0685462951660156 0.00620269775390625 -0.112030029296875
-0.0351333618164063 0.07391357421875 0.0527191162109375 -0.136672973632813
-0.0627708435058594 0.048980712890625 0.125442504882813 -0.124427795410156
-0.0854034423828125 0.030120849609375 0.161972045898438 -0.06243896484375
-0.0995864868164062 0.000144958496093764 0.137939453125 0.0139236450195312
-0.114753723144531 -0.0817718505859375 0.0571517944335937 0.0602378845214844
-0.0679397583007812 -0.133346557617188 -0.0513534545898438 0.00343704223632811
-0.0164794921875 -0.152374267578125 -0.11834716796875 -0.1890869140625
0.0530358809692848 -0.0215417124519066 -0.109187053057443 0.20872452116576
0.0250703498567087 -0.0647270269508186 -0.023195733310897 0.0729112063068196
-0.00426416325853229 -0.0641992070706462 -0.0121563500533878 -0.0722243319930423
-0.0291416925649508 -0.026187631876159 -0.059355408902158 -0.126049196624416
-0.0181300115099842 -0.00907877370143994 -0.141679991292873 -0.136343963039539
-0.00736430293269552 -0.016032318324953 -0.198027560446735 -0.0727773461869965
-0.0182878936991074 -0.0231545729786393 -0.181866447536918 0.0101157719833165
-0.0241242300300228 -0.0221208160605575 -0.137543815577834 0.0611458033678863
-0.0183393190430843 -0.0319682363584179 -0.10271784551324 0.0783924277463328
8.58732585637375E-05 -0.0360155411935818 -0.0797511540561803 0.0887739212227506
0.0102767167780202 -0.0322356079364658 -0.0436693645576685 0.101731030871873
0.0129713696726332 -0.0302486781000838 -0.0278476530094379 0.134490094152758
0.0261897136034539 -0.039776456617789 -0.0322473084841533 0.164410383328449
0.0519212019033174 -0.0210633882564062 -0.0063530916285474 0.200494174741263
0.0684627338962855 0.0111443536635996 0.0178805205342917 0.192041898498006
0.0154490183151879 0.0671343235141518 -0.113806516949104 0.185047509986652
0.00189555895271084 0.0188043483287668 -0.0226695700449192 0.0528802530795692
-0.00114869948747956 0.0218157073733809 -0.0124703770944188 -0.0967017528886209
-0.0032250357322264 0.0399456505181606 -0.0601734105704234 -0.141425245827905
0.0322386699694991 0.0336389810116483 -0.140896148150182 -0.149740046112957
0.0483384822999219 0.00348512813310598 -0.193963449120194 -0.0831600673167563
0.0425911971842628 -0.0259321783195907 -0.180524053719143 -0.00311809967699309
0.0316670094046696 -0.0434978732097274 -0.13584811577751 0.0514724059104377
0.0402263549691421 -0.0581411904862297 -0.0977051084133258 0.0700928052333578
0.058680518555789 -0.0478509115736687 -0.0668355714896291 0.0778031519126215
0.0793361936351718 -0.0303462130735657 -0.0290646627732738 0.0935093698787268
0.0841407889016919 0.00808478637636676 -0.0163552265727489 0.132838213159991
0.0809852960517118 0.0332428442014066 -0.0346389305666838 0.158114662366807
0.0613131659851619 0.0643418755563874 -0.00928646011279849 0.182015710146208
0.0514208388630149 0.105309278737338 0.0122668600851424 0.168700932529903
-0.0248320266914598 0.149183227280367 -0.0985919164618865 0.136848926833478
-0.0231448277853938 0.108908031321737 -0.00128578417535353 0.0146845831748316
0.00832358716544748 0.114499152163934 -0.00116276173439126 -0.133944645405782
0.0340627528130059 0.107281382071752 -0.0572426167642446 -0.16337243826281
0.0870863066586602 0.0712499213460643 -0.135356378347057 -0.156505409260515
0.102899362833703 0.0197529064931679 -0.173863125543755 -0.0865678038497481
0.0985553931288195 -0.0263194439322363 -0.157293222495774 -0.0159812105732818
0.0821626757693306 -0.0591148113513681 -0.114206468076906 0.0334020677903938
0.0911095097887872 -0.0769733551459598 -0.0752177688859354 0.0515885412368408
0.106083199379886 -0.0537369584821049 -0.0374390460902747 0.0579692128142085
0.13304276725013 -0.0287908433471924 0.000113609051372562 0.0812463173982699
0.140988635776476 0.0345492319627238 0.00428884543979015 0.128747668189188
0.126632473364196 0.0907728447887763 -0.0338726360026762 0.150968753689864
0.0673778741194177 0.13499595610767 -0.0225597897678588 0.152359373982483
0.02904152353686 0.182028641614878 0.00417183446044816 0.11943608635722
-0.059121613390785 0.21020861065678 -0.0705805397311385 0.0664022264795396
-0.0407744107438757 0.190865397309284 0.0297464030556221 -0.039591262454019
0.0289601966123463 0.201115849542902 0.0179787244661297 -0.175296688437127
0.082340765534376 0.163742134051549 -0.0492048897705275 -0.185467390940629
0.141586063064378 0.0936787159271533 -0.120813003433048 -0.154105817664302
0.147775697515044 0.0263953205451629 -0.137375204181443 -0.0838690368022898
0.142010701199434 -0.0271450639382873 -0.114986198319111 -0.0291054801883226
0.119772308695544 -0.066397797665653 -0.0769646680948636 0.0104094790128966
0.127559429216548 -0.0817890717880281 -0.0387429871526961 0.0254477405485429
0.138810819590227 -0.0463859978113253 0.00307454211443175 0.0331253007494954
0.165296354724311 -0.0171635162588204 0.0360158184173268 0.0675655220923699
0.170875665339349 0.0602395037475174 0.0271403426385674 0.122847211090039
0.149091340334833 0.135113406843784 -0.0325482064868607 0.141072848106222
0.0598009728369059 0.185629818275103 -0.0399954924135588 0.114641475317862
-0.00187927420771656 0.229592957304337 -0.00297532302345584 0.0520885625108179
-0.0787616386924456 0.238917761054295 -0.0387014446910853 -0.0172267562812639
-0.0455181405303439 0.242435089069636 0.0556662268789012 -0.104130857188009
0.0515585493840984 0.254982612508703 0.0339929408500724 -0.20871273371866
0.123149693208508 0.192333734439108 -0.0346538093103723 -0.196152364634396
0.179061944601559 0.0962972288418055 -0.0903011323849806 -0.145417438566419
0.171167275412188 0.0238220468644801 -0.0843625731800661 -0.0804646706958683
0.162897145207489 -0.0272926021305 -0.0603450636639161 -0.0433253756370108
0.139601446788174 -0.0645007235529621 -0.0282931106647705 -0.0138681700528711
0.147012725545845 -0.0715441995380778 0.00762269950690975 0.000929582564866359
0.152992581562479 -0.0254653260007485 0.0499554281828815 0.013131031727861
0.172546845671283 0.00714348264562364 0.0742513425239109 0.0598552556188764
0.169944960625708 0.0883699871359742 0.0474804648561297 0.117880256867047
0.140785425772639 0.168620553446069 -0.0303263854103052 0.126541081913857
0.0344696735236189 0.212754330524902 -0.0544177994323282 0.072684695307074
-0.0390907390931456 0.243349266321936 -0.00222542356768746 -0.0221980623664972
-0.0844004245618402 0.224992870891697 -0.0133155169029126 -0.0972428779024843
-0.0432048271891344 0.247321610233701 0.065216130248899 -0.165528888140784
0.0635367852736282 0.25800372231487 0.0406855823158138 -0.222775429132045
0.138203297064382 0.182813357479393 -0.0166185017626586 -0.19080276639583
0.18069887746094 0.0825898354216019 -0.0482556044308079 -0.130641234224468
0.16479615194397 0.017375109346629 -0.0255674542147796 -0.0789861205972048
0.157785359546966 -0.0232170647780878 -0.00112585648353271 -0.0581708413991416
0.137118298822062 -0.0530388696990857 0.0230243330528629 -0.0341669822065974
0.144472215213551 -0.0506736206656481 0.0589460960787203 -0.0165859758579553
0.146337083574037 0.00143258987242503 0.0986390807694255 0.00681535889033628
0.155124764794483 0.0366905185052925 0.109451135101337 0.0657642159147654
0.139733366126317 0.111725762289317 0.0603611183164239 0.11640708279765
0.104198922933311 0.183755747354057 -0.0270976213006498 0.109074447805789
-0.0050449007665238 0.211615742366318 -0.0567986748449156 0.0295334375812582
-0.0741420282985121 0.221597473000769 0.0114134908182308 -0.0922005144134167
-0.0776286391753257 0.169753501272118 7.3470492615703E-05 -0.160414127984985
-0.0362966741343679 0.202701905339656 0.0569382467709928 -0.208633181830062
0.0575335897431308 0.209696998738837 0.0392409806753123 -0.215468412446963
0.116753622834523 0.140663607137536 0.00168697113268283 -0.17300388451552
0.144229131518299 0.0604932960581056 -0.00578924884204197 -0.114176671045414
0.129633572954291 0.013231612968003 0.0268132600024556 -0.0794387140837075
0.125885334727585 -0.0127399555698253 0.0502020365559666 -0.0704227635764551
0.113058018922275 -0.0341239716939926 0.0701814304007393 -0.0483059915020051
0.119811132240957 -0.0256340821132914 0.107539443097796 -0.0222559527458337
0.117696408532892 0.0217850943293044 0.139923833620805 0.0158972660443069
0.117791272605547 0.0527763634098325 0.133986580854105 0.0838794357079753
0.0943169141129957 0.112559144072845 0.0681137969515374 0.118529702802053
0.0600147469170003 0.170611369766164 -0.0180460116316688 0.0911765412794393
-0.0391240945860871 0.180821085416384 -0.0420489761700873 -0.00705817273408205
-0.0969494463419989 0.169543263346582 0.0383955704961746 -0.148283883220546
-0.065915375340692 0.0832828652846559 0.00275036094324806 -0.19322860088145
-0.032431919707422 0.121237573247007 0.0386634279422056 -0.225005922519503
0.0301606325061886 0.126087085034164 0.0349842324866962 -0.192762840714428
0.0633568159788373 0.0808833092205927 0.0150168953316003 -0.151694483691287
0.077255258558356 0.0405983767734997 0.0259466374491921 -0.101457833476408
0.0735823369147753 0.0175532538290048 0.0623566209472374 -0.0813489781350967
0.0748800404920794 0.00468435368796762 0.0857461271095891 -0.0776413395376963
0.0710621341096309 -0.0107858559703581 0.105064350703569 -0.054288310661897
0.0761015128314421 -0.00516122196651614 0.144990650545928 -0.0190496205160877
0.0739477877847799 0.0255868052933726 0.167776103870567 0.0337450332068369
0.0710019900053367 0.0434338153104066 0.145575046048197 0.106361349143969
0.0531380536397404 0.0836140066966009 0.069556554480042 0.122955223040163
0.0259679650726271 0.126683136972624 -0.00343881369618856 0.0795814492532914
-0.0536851676396356 0.128075051478599 -0.0157273436547568 -0.0303204719496167
-0.0981420027482038 0.0967663803307432 0.07279120888326 -0.183670263240977
0.0494864183086134 -0.0232529468621105 -0.0922118236637313 0.211341187886873
0.0200283503434214 -0.0626890051180718 -0.0155951175549363 0.0725894334845403
-0.00822640732671048 -0.0609300428484457 -0.0152150972116349 -0.0717500017482595
-0.0289227215116398 -0.0233259038060971 -0.0660673597226306 -0.122243962081613
-0.0164891600946886 -0.0075440281076019 -0.150775113459723 -0.126249168511089
-0.00764934035193687 -0.0157837800677238 -0.201453915466014 -0.0577102106557161
-0.0190486106078463 -0.0222148214579812 -0.178456162742098 0.0209661019044996
-0.0244739876503705 -0.0202204424905648 -0.130533695258458 0.0685190639210845
-0.019346335637801 -0.0306948448466604 -0.0961371342257208 0.0852970788994802
-0.00221994457611516 -0.0358814686106044 -0.0734175661666374 0.0946391341789268
0.0085533200139279 -0.0325231143919216 -0.0364982471820354 0.103722584171413
0.01200186409922 -0.0299146140667761 -0.0189976396417079 0.135489004071713
0.0234129907037878 -0.0400143123438862 -0.0218085857143469 0.165048298559471
0.0487863421907486 -0.0229551763014106 0.00568413738844355 0.19751209700688
0.0662912223000937 0.00663438666809502 0.0286154339452217 0.190556351582652
0.0186212912605844 0.0670372545363747 -0.0976201500881224 0.187241664005462
0.00223318731794111 0.021155397036071 -0.0155707150448141 0.052485035677244
0.00112763868719124 0.0233422279472277 -0.0170448914178216 -0.0955259085177091
0.00129526441009699 0.040772165647758 -0.0670980519600772 -0.13720824902228
0.036406265772328 0.0316253748658454 -0.149828718061642 -0.139684498198302
0.0497172675460192 1.21725546722157E-05 -0.197333085168911 -0.0692178075200486
0.0410129008052795 -0.0288551497381275 -0.177692692334134 0.00835342403864085
0.0287077254173912 -0.0453446244898915 -0.129044876188724 0.0586809495273925
0.0359697403513695 -0.0605952196623448 -0.0907999727247798 0.0766727231303452
0.0552260478926871 -0.0515401055122387 -0.0601699234203628 0.0829655446447976
0.0767267518817666 -0.0354488058794229 -0.0225795476044006 0.0949575945040005
0.0852040878264125 0.00326461935809096 -0.00674996229412783 0.132665548218734
0.0823460848915939 0.0281075806271613 -0.0237037511930333 0.159926407494982
0.0636306722715905 0.061040252625782 0.00232912994268697 0.180529159340721
0.0555954430262377 0.101045130785418 0.0218073507062369 0.168851253264862
-0.0155128435661959 0.150890683795683 -0.0850550882621391 0.138567826881424
-0.0163539837511504 0.111130078054901 0.0030482858937898 0.0133137937838811
0.0169802981200763 0.114684171877572 -0.0071135650070009 -0.132396980340624
0.0422354468401612 0.105672527337972 -0.0649833870890376 -0.158816504946958
0.0931725594800391 0.0651974461155042 -0.14474173792166 -0.146533450233404
0.104652028865734 0.0123073222826947 -0.177623163814406 -0.0737215134595249
0.0968798204866066 -0.0334606018415114 -0.155558589088164 -0.00549928823383665
0.0770944778016115 -0.0643244820919634 -0.108800565692224 0.0395624980822243
0.084804138362115 -0.0828312856393208 -0.070088709199432 0.0559384981043015
0.10204992603318 -0.0601190563984729 -0.0320765393218508 0.061082058821509
0.129537376840282 -0.0383241243068292 0.00584733071609815 0.0816338531060699
0.143088633957169 0.0263016948289271 0.0140749778368638 0.127294906441568
0.131176574402108 0.0811792383197815 -0.0227509291853904 0.153470691772958
0.0746087579413106 0.130649310966647 -0.0116224945775007 0.152573636582356
0.0389493008193149 0.178149143112488 0.0114013736533535 0.120264569435132
-0.0443678882702638 0.213771771134295 -0.0609404658528606 0.0673660223804479
-0.0278547411955597 0.192509789856939 0.0304190173064738 -0.0419746467000129
0.0435715344531705 0.19737974104218 0.00944183987870509 -0.174413628708161
0.093111184386732 0.158432747460926 -0.0571835495725879 -0.179969846823915
0.14813979320498 0.0832101244743517 -0.12941644876124 -0.14525258013015
0.149553583808961 0.016261575149695 -0.13992251370526 -0.0746469643896056
0.139052229015262 -0.037734898786207 -0.114743743353611 -0.0210664138717237
0.114019350480128 -0.0739101636293044 -0.0729901809653648 0.0144955382896132
0.120306771641744 -0.0904542826862579 -0.0350031396863046 0.0282028711415281
0.135052917048155 -0.0551986023642876 0.00605705725988657 0.0338129621540419
0.161949974526841 -0.0281847513048411 0.040087396217281 0.0656572990540756
0.174225830133825 0.0496346422660882 0.0364016193605684 0.120217685561384
0.156612317302854 0.123664042598747 -0.0216854116012239 0.143628906748669
0.0704352250820886 0.180814406706277 -0.0313064183646089 0.117455541407154
0.0129283294030994 0.228239660171521 0.000324195506237566 0.054212023038385
-0.061691498237829 0.242935290386222 -0.0351261113769301 -0.0168124649799924
-0.0286832012544094 0.243447028485292 0.0516024544695427 -0.107855072805457
0.0689359702017544 0.247981987802757 0.0227880194256503 -0.207848763557746
0.135251293806553 0.184031114087567 -0.0436866582889495 -0.191541787243249
0.183582334742753 0.0829093419300284 -0.0985893793082036 -0.137986413121022
0.171355265583602 0.0119878411989611 -0.0877902271720631 -0.0747901898301136
0.159686771322211 -0.0392972686429217 -0.0614896662937464 -0.0386645533960167
0.133628754453361 -0.0739507494024514 -0.0269586413974335 -0.0122967774058038
0.139522277897714 -0.0811336547117089 0.00958893980316026 0.000438786124258546
0.15043231211298 -0.0357750619773659 0.0512785885361164 0.0105744777093197
0.170998144204253 -0.00449489853441465 0.0788632290978697 0.0554622315444807
0.175155431696163 0.0774977811843501 0.0565977837982769 0.113271686185875
0.150451882515451 0.156464717710294 -0.0204240378294582 0.129840600933235
0.0477862600300185 0.208908373174578 -0.0481423202115522 0.0768759024279163
-0.0217718998466838 0.24406164483412 -0.00353061062720892 -0.0190498165103168
-0.0672584284822207 0.229840909249951 -0.0164506831088025 -0.0983592896679522
-0.0242348118678745 0.246933893299417 0.0561291457320631 -0.168971068190326
0.0806144245553231 0.249659821144473 0.0279158273142671 -0.221641514476972
0.14865147227573 0.17241364403764 -0.0256089689310057 -0.187408007742768
0.183953044632709 0.0686372052639086 -0.0555155079850258 -0.12601493451115
0.164355771501058 0.00617549284720208 -0.0292786596133836 -0.0781105205718411
0.154035315687168 -0.0347244549991388 -0.00539380310876589 -0.05742962737674
0.13139658517857 -0.0618043309541763 0.0219316309611096 -0.0358639097160497
0.138514241252783 -0.0603121508248024 0.0584461176652614 -0.0202956048201125
0.145788298686388 -0.00822835966582428 0.0984336776324362 0.000998327546363322
0.155845155232616 0.0254248843043798 0.113961504056033 0.0575636946886725
0.146043349683857 0.102668983542764 0.068738931734353 0.110692022774495
0.115395780241899 0.17396262307801 -0.0184925744602492 0.112240749033772
0.00938169073312348 0.209535154802307 -0.0530635566583008 0.0348384514106681
-0.0579426505561439 0.224218929711069 0.00504102179897906 -0.0897582190499999
-0.0633405602316137 0.173648516283145 -0.00788675705720167 -0.161193113282694
-0.021117237697091 0.201566280285508 0.044520148745546 -0.21108871215679
0.0709427173411704 0.201295161681353 0.0268316628212633 -0.214800739421072
0.124058395255842 0.131045166676868 -0.00723064075596647 -0.170725117498474
0.145411305982867 0.0487680738325493 -0.01191402635913 -0.112815650312517
0.128597709528175 0.00416276061729891 0.0222305442828093 -0.0828396113496045
0.122903741193697 -0.0222093737816975 0.0447659369648133 -0.0733032317272277
0.108528401457618 -0.0419240064078144 0.0662000237185484 -0.0519874477644742
0.115377100813384 -0.0328891531274656 0.104815958530935 -0.0290010021945514
0.118795168115635 0.014237090895586 0.139994710793803 0.006315693222069
0.119505094767296 0.0439292280524922 0.139966882092335 0.0740677168193595
0.10064742105517 0.106130333925187 0.0758665949929057 0.113115353849397
0.0704830010709669 0.16325965440787 -0.0109591386895746 0.0938806510387774
-0.0261198970082847 0.180574789175235 -0.0413336908849866 -0.00203244728587888
-0.0840479719530187 0.17409573346586 0.0284401257974271 -0.146830141644269
-0.0569874623672707 0.0868350987520167 -0.00745734649210142 -0.193571517378876
-0.0232099409754774 0.12039258349767 0.0243104697676058 -0.225679523399088
0.0384169675912667 0.120981108094176 0.0238123081819954 -0.193228733131565
0.0669473095796847 0.0752008361415762 0.00687931449842858 -0.150535756734671
0.0780369949184423 0.0340680682796466 0.0200286755223362 -0.102415556530833
0.0726265749114884 0.0120208605038063 0.0567645997416143 -0.0859483138407266
0.0738087410324226 -0.000864537796176841 0.079125148204562 -0.0825474830012767
0.0687397816424379 -0.014886316602023 0.100064152454907 -0.0609591381055209
0.0741124021649904 -0.00980167734711867 0.142326034737612 -0.0280299824990519
0.0747210823380478 0.0208796144570697 0.168205834166307 0.0223513570964009
0.072892938850979 0.0384452549760404 0.152278906149484 0.0956391240382097
0.0573252393689962 0.0798073256718129 0.0779049590855094 0.11747428240008
0.0337376641986218 0.121543032127108 0.00202846637972453 0.0810359335549254
-0.0440852197800023 0.128577821909936 -0.0172657806944512 -0.0264989796130648
-0.0897732929198811 0.101591803168209 0.0599219397734721 -0.183918296927073
0.0451794162905268 -0.024329289978425 -0.0751539150198265 0.207158227647209
0.0151476202772708 -0.0594418668969861 -0.00845173649075169 0.0698997991402965
-0.0105089769785931 -0.0563757176788324 -0.018231418133976 -0.0702242374856365
-0.0268120776799741 -0.0197446085732885 -0.070467384489376 -0.11664921682835
-0.0143731102251553 -0.00540264395621201 -0.153810338029406 -0.113245820429446
-0.00764403697779816 -0.0148996481544207 -0.19827014760197 -0.0429478160383893
-0.0189258342016115 -0.0204959242145496 -0.170435828328003 0.0299535287487355
-0.0239835872504323 -0.0176779970314003 -0.121363154204534 0.0726918677705884
-0.0205638339110554 -0.028670428577204 -0.0874619046700671 0.0888690906542668
-0.00415778779676894 -0.0354567378635066 -0.0649278008382212 0.0969632354227492
0.00720649912588094 -0.0316978680763965 -0.0301203886934309 0.1032797324829
0.0105389822131597 -0.0289028855258609 -0.0105990613810484 0.132805137690844
0.0207397659975967 -0.0388098926523945 -0.0122647991570247 0.161603109065075
0.0450594818985847 -0.023693095002282 0.0159894113846556 0.190558006754
0.0625110114398973 0.00291218030773492 0.0375393388077983 0.184855026783441
0.0211509349154676 0.0649349952646606 -0.08102866879373 0.184436966568669
0.00263797143177028 0.0226442650941832 -0.00986753122563667 0.0503851581856568
0.00345424183567811 0.0243994594140353 -0.0201673515949215 -0.0924061213025525
0.00585139156670998 0.0409064589877947 -0.0711801970956961 -0.13035978519475
0.0397247732341326 0.0287171484764738 -0.15414193882586 -0.126631050706992
0.0494910597167675 -0.00351269786015619 -0.195043324205303 -0.0542765789542276
0.0388768311943487 -0.031179984870006 -0.170593698781663 0.01846259894837
0.0255344021202671 -0.0454198622708964 -0.120009733610069 0.0624533165277852
0.0313190397620435 -0.0611232082913563 -0.0822689803969078 0.079803494276882
0.0506720055092341 -0.0532218444907659 -0.052689355244019 0.0853195781609152
0.0728941046155475 -0.039628841142013 -0.0164295443209555 0.0941386168833953
0.083727489176123 -0.00115722301982437 0.00151963177555204 0.129448939218728
0.0814388807235463 0.0227320985255709 -0.0132732749756854 0.157656588595062
0.0642575215260004 0.057062327970352 0.0123211070191631 0.174238040745942
0.0585083263593904 0.0951797508992124 0.0301085589193289 0.164601637130364
-0.00600355122690532 0.148717955179903 -0.0714718944139263 0.135757598002835
-0.00988211482607587 0.11071735725344 0.00664254985716512 0.0112648864334973
0.0235587846852039 0.110986370902843 -0.0122393247534681 -0.128097449604646
0.0486630221731025 0.101862505815179 -0.0696419271905561 -0.150867627476726
0.0957032762823727 0.0578935087167868 -0.148745338404948 -0.132634482502653
0.103862265624971 0.00577987795840771 -0.17561374222369 -0.061719038027206
0.0924755938116659 -0.039011710853234 -0.149580723887552 0.00357097302732325
0.0707342741119871 -0.067225563873601 -0.101052437351087 0.0429978705977189
0.0765253550292717 -0.0855285521569582 -0.062357711720841 0.0585747195094491
0.0958314009267466 -0.0643493662438008 -0.0264405747025031 0.0620736538450444
0.123187867091755 -0.0447826310181434 0.0106376845459019 0.0792925742929875
0.141185817914047 0.0166484328771666 0.0218079652536807 0.122953164043683
0.131750000897366 0.0708827241283002 -0.0120765702858812 0.151969351978136
0.0788225028213732 0.123712601359406 -0.00231861423390752 0.14880494518848
0.0473445665635182 0.170345680719484 0.0175460488906321 0.118107460593409
-0.0295639385575524 0.210877717502581 -0.0523222248828331 0.065688063577078
-0.0159267542339993 0.189587495297152 0.0302854726971621 -0.0434356464640825
0.0538699519733665 0.189216204431683 0.00205623958180734 -0.168672866639059
0.0997511502212006 0.14939748911749 -0.0633667265174266 -0.171455110190771
0.148921656571914 0.0717674002909812 -0.133573450884253 -0.133137529706352
0.146371727311352 0.00690533276370261 -0.139218903495813 -0.0648249624862786
0.132925256368789 -0.0456700509444262 -0.111153795856941 -0.0136139121525274
0.105553183179245 -0.0796535239993657 -0.0679104380856984 0.0173478055970525
0.110446249080091 -0.095218266843554 -0.0302580941367822 0.0292868427381405
0.128292751424469 -0.0619451537981728 0.00868944789257357 0.0332566670094754
0.155386036661942 -0.0379176533234635 0.0443604613600243 0.0623008724179636
0.172874731151596 0.037370586465096 0.0435661174840776 0.114022467271991
0.159454823134117 0.110412927146188 -0.0108767887710972 0.1423245444504
0.0789049169890048 0.172276322639882 -0.0224872532118554 0.116447514893419
0.0253030154989217 0.220563090605179 0.00390241897550703 0.0551888686168684
-0.0431456476390658 0.240472358865231 -0.0318868852372134 -0.0176670567506328
-0.0134580493318972 0.237822361297069 0.0459370318681119 -0.108235294046596
0.0814689340281013 0.235775275015277 0.0131297249881287 -0.201377232967584
0.142083225209902 0.170881967608129 -0.0499184272370326 -0.182954767654671
0.182852654424674 0.0689821837048293 -0.102341514217526 -0.127768893534298
0.167733561845592 0.000838649396879667 -0.0886855777832951 -0.0683958392874745
0.152075638067961 -0.0486728476329504 -0.0605143559654093 -0.033885567064601
0.123741149294596 -0.0801917971770992 -0.0258414722483718 -0.0107489610384501
0.129376115353494 -0.087735867547618 0.0110263339152385 -0.000144024257331772
0.144692649838889 -0.0441008921223391 0.051269996190964 0.00774771449821632
0.165142526662621 -0.0152554261830548 0.0809926322026096 0.0493238032525938
0.175246375314503 0.065086852695208 0.0624832826469582 0.105642573676233
0.155332859001962 0.142118062250903 -0.0101306370498408 0.128793645797824
0.0587652261151331 0.199935074194288 -0.0408091746888772 0.0784628812468919
-0.00613621857227208 0.238525405343091 -0.00412985540529843 -0.0156726737139812
-0.0492090455511264 0.22670854685231 -0.0181216127567866 -0.0963469280709254
-0.00869852461847844 0.240298811569053 0.0469682106932645 -0.167277652095611
0.0932310043393929 0.234967762768705 0.0166671103858262 -0.216136130199041
0.154101551011989 0.158829071459954 -0.0323668832379498 -0.179840060784827
0.181592224922724 0.0546307393585758 -0.0599445994468534 -0.1184919101955
0.159836059315361 -0.00401786219478246 -0.0321936008950465 -0.0749255844104509
0.146350134918572 -0.0439421384126108 -0.007575033003582 -0.0549287785331246
0.121798235180948 -0.0685391048649787 0.0204122189129001 -0.0356900347188646
0.128888033355705 -0.0667619083893435 0.0569424054144142 -0.0231772928261879
0.140881098529632 -0.0169095516354482 0.0956088646506032 -0.0047454865470869
0.152018667238496 0.0154984193830878 0.115381519297061 0.0496755054873371
0.147958365671479 0.0912642948328933 0.074630639825356 0.103304512631533
0.122554184594892 0.160540508689787 -0.00950317856647432 0.111647680915899
0.0214693722385706 0.2019807093248 -0.0480471793062905 0.0383482857147436
-0.0416802413727572 0.221110577896873 0.000468427158405745 -0.084601350919386
-0.0488635453283151 0.172743196711295 -0.0141216266499971 -0.158082134080712
-0.00716795210379101 0.195129236557093 0.0322336269908388 -0.207770851825074
0.0808388312536868 0.188594371464843 0.0156664909085295 -0.208893135700392
0.127026150146978 0.119840692217717 -0.0147113957205649 -0.164528548684161
0.142578113407875 0.0381199789141929 -0.016629424684852 -0.108803876426173
0.123852254630774 -0.00311571836803597 0.0179181043026452 -0.0830059089536649
0.11677776563291 -0.0289011140902204 0.0387670396286005 -0.0738692275431508
0.101457259253206 -0.0468231339645308 0.0621692990333391 -0.0540842769857138
0.108787247824148 -0.0389052093108898 0.101065211449567 -0.0339750775261972
0.116366773692429 0.0063784605994712 0.136054002494728 -0.00178441246332247
0.118177826660892 0.0352272165427943 0.140844071760352 0.0625863592137
0.104149495549513 0.0981466589877191 0.0810983245959139 0.105384866864637
0.0775096791606321 0.151677953085056 -0.00439028425678597 0.0935092286029999
-0.0139057290038985 0.175397939631594 -0.0390294813849319 0.00230985422164591
-0.0694975147209322 0.174022830490453 0.0199855274986745 -0.14121368515914
-0.047828550628786 0.0883421770980927 -0.0163426435037526 -0.189546479167401
-0.0140985931946812 0.116276294759942 0.0118072239734537 -0.220528429887738
0.0443976744798573 0.112128465940597 0.013268749225063 -0.189099184143176
0.0684238074635881 0.0689108335950468 -0.000561184428555591 -0.146031980615724
0.0766403796414371 0.027702615571225 0.0143419416704276 -0.100966849456845
0.0701253106045187 0.00770508288866791 0.0504524776470554 -0.0882214232640135
0.0712440682681285 -0.00513722073670258 0.0709163442183862 -0.0847751718617448
0.0649040635804221 -0.0187053975716888 0.0928826746084727 -0.0642698748939521
0.0702730037770481 -0.0135440850089398 0.135857954716482 -0.0349337872321264
0.0733759407412894 0.0157174659704303 0.164185816303582 0.0118718995246223
0.0719656200784526 0.0335202546822797 0.154261220045933 0.0833224931232882
0.0597150176353511 0.0750134823765217 0.0824609291291137 0.110121581433028
0.038646472930469 0.114152695600702 0.00679261796773271 0.0802726896114519
-0.0339581746120789 0.125530052608203 -0.0177896734497816 -0.0225418358558948
-0.0788981749275837 0.103459460615396 0.0476339597608572 -0.17914979467366
0.0339342432536865 -0.0355522295136948 0.000205350033338129 0.211808108398559
-0.0065113247053026 -0.0567724620287501 0.0187664726486886 0.0661391776562642
-0.0291424923573456 -0.0461005629621435 -0.0358256610847463 -0.0587721017261607
-0.0299053043570211 -0.00939523248253101 -0.101921345742177 -0.0854521569711682
-0.0147056588037517 -0.00159819496869539 -0.176215478479931 -0.0527140661228244
-0.013478931480824 -0.0121615201471328 -0.192624340197386 0.0293818152763866
-0.0253897120760968 -0.0124519320393902 -0.141473882457838 0.0855661245871419
-0.027058040904657 -0.00782764497064699 -0.0838922825241901 0.104582920381799
-0.0274775499800283 -0.0189721350619998 -0.0484412574510951 0.108786252650044
-0.0147885720522717 -0.0309336019902375 -0.0260261274991899 0.109545671548313
-0.00389868881657059 -0.0315036683820775 0.00678630952729148 0.103067635417322
0.00155884172527209 -0.0296496597538382 0.0328355250560823 0.123729413074476
0.00704204750988734 -0.0412981903904942 0.0398217149449406 0.151690287624653
0.0318722317576406 -0.0361313778821486 0.07274617749852 0.167222505102275
0.0557761542190606 -0.0171059588042659 0.0883289723910122 0.155381632763293
0.0434304867992736 0.0555840728791129 -0.0153760233358835 0.189417655741771
0.0113460131980185 0.022317274192923 0.00873795147129659 0.0459758993870566
0.0121895470994625 0.0217427352598538 -0.0490170857524971 -0.0788643307889483
0.0213871612058641 0.0345535233754235 -0.109278096076731 -0.0970092116291162
0.0448725918347402 0.0114252175533136 -0.182634763815148 -0.0631089299214528
0.0417683031661357 -0.0205077651152018 -0.194363972043043 0.0180042945817474
0.0238984449938351 -0.0419139741258896 -0.147113448242016 0.0757038928191168
0.00743690296648434 -0.0484676141674043 -0.0849657570018889 0.0962372030127426
0.00733180645564432 -0.0650998240387711 -0.0455583777844481 0.0992763872856623
0.0285127604635198 -0.065272791639217 -0.0189356844124355 0.0965662968730935
0.0518521869461887 -0.0590758171389535 0.0161636877745811 0.0919202996053169
0.075819258729198 -0.028643802216472 0.0413983507995193 0.11631418338692
0.0812608149309614 -0.00543938006785155 0.0378164891962201 0.146172077224446
0.0768167312535128 0.0304941556551888 0.0661225328288758 0.152586264361528
0.0817797077193087 0.0687776444456305 0.0782572669090814 0.13737034493348
0.047967860278407 0.141692678914283 -0.0233678714619831 0.13952586281774
0.0302764505025341 0.106251312823853 0.00705854692930487 0.00244490937452006
0.0603157198947547 0.0926914336058721 -0.057799852471474 -0.113863348895119
0.0813586661893472 0.0736652405071914 -0.117530016523979 -0.115309272850782
0.104874406369256 0.0182130100163202 -0.181327498594285 -0.0689617371408314
0.0936465357925576 -0.030662690180894 -0.179545588482012 0.00707550903067054
0.0705338376017987 -0.0678900361484504 -0.134860020448754 0.0563189727966254
0.0406434413171208 -0.0826128479811478 -0.0743764212814882 0.0733989396137726
0.0395823146428786 -0.102019404510584 -0.0344630222602056 0.0738384526640395
0.0656582639411107 -0.0899513824465611 -0.00352465375070769 0.0673926291946518
0.0952638190701355 -0.0810365409849729 0.0351444862816062 0.0707735893743963
0.133854588222327 -0.0317546499291787 0.0571647627957616 0.104112773396866
0.142172736983698 0.0209415288086849 0.0374548508533141 0.139157856059689
0.113139607156327 0.0860527953917468 0.0464670522052009 0.132731434083184
0.0965994458715674 0.141634664651617 0.0558451396167844 0.0985364229822538
0.0487579176982061 0.206409597517186 -0.0300854953231064 0.0670292606578191
0.0530040827134573 0.178932911199276 0.00777412313235767 -0.0576291687286898
0.114526631054339 0.151740547611567 -0.0627136288235249 -0.154984056422709
0.145240353156202 0.0979788435645106 -0.12102247195948 -0.134641034178175
0.156932483178027 0.0124564293254089 -0.168478326014573 -0.0720375169776492
0.132727723264093 -0.0437327403576523 -0.148474443692782 -0.00771982017326114
0.105633500878777 -0.0876075609997058 -0.107315423878455 0.0280430328279926
0.0673321441280004 -0.104940619882553 -0.053205198688195 0.039833177245969
0.0664415592582993 -0.12157218252985 -0.0150878543968715 0.0371130781522206
0.0959834963431602 -0.0982692390058252 0.018221668332787 0.0302766700412836
0.126202221130214 -0.0857541031777599 0.0588177389275664 0.0443518187113288
0.169356463765024 -0.0232661038412671 0.0732166159546628 0.0883871157569153
0.179519546722738 0.0472728881955111 0.0362335163295719 0.129243451332906
0.128610261679359 0.12959825804494 0.0190345511833392 0.109596188424791
0.0932537899644649 0.193993025210232 0.0259266855223349 0.0455412805947027
0.0458754567511942 0.236989229252022 -0.039223424524032 -0.015838409740772
0.0725277551874703 0.22079787152045 -0.0010878025641676 -0.122058450134062
0.155052538436049 0.182419012884082 -0.0664482786664613 -0.187627466247172
0.189333570639938 0.101860463268822 -0.115094768219894 -0.147069794432679
0.185867952011659 -0.000672903634698243 -0.138494595106623 -0.0756348940090971
0.150276445306018 -0.0554973450841056 -0.10427726797607 -0.0274513723816769
0.121823556175298 -0.0971441948749666 -0.0693768638178542 -0.00658377518122542
0.0830029855475741 -0.111658800536782 -0.0249283204777802 0.00134270533147713
0.0855447310923083 -0.121090899978103 0.0114326209111719 -0.00234921655234788
0.116299796091288 -0.0878454627441912 0.0475776095438318 -0.00647473309450619
0.142663513913554 -0.068300785011392 0.0866164946013241 0.020045124923899
0.17981089817988 0.000852043435130586 0.0867817225371805 0.0747018890970749
0.185751316709321 0.0770477561111068 0.0328986123634395 0.116179513938967
0.120085452491907 0.160735287602046 -0.00856022065827278 0.0816582622335057
0.0703019531411944 0.220620145564215 -0.00138072079558041 -0.0149488705540953
0.0353041704491405 0.226239603961966 -0.0527716983305954 -0.0919141699627083
0.0772664716910531 0.220120968464405 -0.0206684190919303 -0.17580130569937
0.165263068528698 0.177567990172514 -0.0686977054904229 -0.201721957414654
0.194411967646358 0.0857980003173031 -0.0976099946679166 -0.148573472759962
0.179925331687052 -0.0133160814375514 -0.0962795885013346 -0.081475056232698
0.141396445690701 -0.0573994687208492 -0.055327582157769 -0.0530676600684349
0.118544213555992 -0.0908311123269318 -0.0291230253049724 -0.0442957320455954
0.0854832052185091 -0.10036371697189 0.00702375423943669 -0.0367560871100184
0.092854018909751 -0.102065271208492 0.0445933597504053 -0.0375517054239446
0.121802215775616 -0.0624230818981925 0.0832173843264669 -0.0332644068103956
0.141158735071967 -0.0365076349881775 0.116673781596495 0.00806824478398207
0.164680321913784 0.0338748473461315 0.097302990461364 0.0679320556330923
0.161985039555057 0.103957901291551 0.0283638411850461 0.100733499077879
0.0880962733672478 0.174769413570775 -0.027412209698169 0.0481048020589665
0.0330911140542191 0.216134660179837 -0.0181498046891285 -0.0766330931480735
0.0162241304746417 0.175594072745367 -0.0679762473918766 -0.146933191526723
0.0617524247211195 0.177643322209265 -0.0454255247549911 -0.206064111540202
0.13734173698973 0.139438454190973 -0.0645601554564003 -0.194713123077053
0.155712589276228 0.0605615324519757 -0.0737158067281666 -0.141640529753196
0.138981722367828 -0.0150830475995917 -0.0536701920299017 -0.0881480162688151
0.109351578966585 -0.0448304052683046 -0.013168315138863 -0.0777704779284032
0.096693414701462 -0.0670205085663402 0.00662006930352354 -0.0771987532093179
0.0743976320193735 -0.0745723922933632 0.0373390836386903 -0.0674699034355078
0.0833950368293814 -0.07014137245491 0.0801346840231576 -0.0618191213550873
0.107021171314423 -0.0327648693272485 0.12019137216688 -0.0443286325309395
0.117054014427221 -0.00661675889637453 0.144409225091486 0.0104685948260738
0.1262630689115 0.0548885378893634 0.104519125558376 0.0676115839107587
0.118141158167955 0.111052979009066 0.0278747307847038 0.0835884589459852
0.046263517810518 0.162284118871237 -0.0308786261141875 0.0131615762040628
-0.00671156006721476 0.180674736891364 -0.0193594391827449 -0.132030320609402
-0.0133176622360633 0.096646265727889 -0.0780071128849273 -0.172413906714248
0.0273028882154043 0.107984972980047 -0.0649321239894921 -0.208986498749785
0.0776737540811946 0.08397181227038 -0.0557242772711231 -0.176426025957504
0.0854981634631172 0.0363427227273388 -0.0524353443718961 -0.131620383228719
0.0766995182621263 -0.00247694688462652 -0.0217087496848607 -0.0939473943342978
0.0649978210609594 -0.0170407449999316 0.0145741004158907 -0.0957142399958323
0.0629399192922865 -0.0297463415088963 0.0316124540166152 -0.0994150026530516
0.0512407998869457 -0.0374919663855911 0.061492261152923 -0.086925441828151
0.057778185633578 -0.0342802128790386 0.110672236379132 -0.07440350588807
0.0709529249546622 -0.0101583769687834 0.150102499840479 -0.0413720158415339
0.0752504110600851 0.00682161498687946 0.163560164711436 0.0240062085902127
0.0783037780491447 0.0485597830970404 0.108010274921443 0.0722678357727489
0.0703896636385333 0.0885405339212804 0.0337879400201149 0.069294944411129
0.0110085018745637 0.122943410668587 -0.0208082206434718 -0.0144689085844031
-0.0378425182960188 0.119787931014802 -0.00745663983706853 -0.172973984395295
0.030910971086583 -0.0339917902408386 0.00582487747105918 0.202496005762561
-0.00700504993998679 -0.0528708034017631 0.0213574243778787 0.0615146131113237
-0.0284898908964377 -0.0426772564515996 -0.0356606125333198 -0.0574097193891506
-0.0276958961123875 -0.00792796686281404 -0.100571817374164 -0.0813743556007015
-0.012307969694737 -0.00165602691928597 -0.171846443234226 -0.0471561245111537
-0.013336627443985 -0.0115707526331037 -0.184920407216795 0.0328964989160301
-0.024286876060992 -0.0115390456335348 -0.135375045905991 0.0852278697557654
-0.0257477681539408 -0.00674243247437875 -0.0788535215693172 0.102526033263618
-0.0269786367143217 -0.0177743348421241 -0.0436880759834827 0.106971375853085
-0.0150881637459765 -0.0298835093507316 -0.0214239810855243 0.107725763852506
-0.00425067143274115 -0.0302815106921575 0.00889387610058959 0.100442766228955
0.00187749061297921 -0.0288200903230044 0.0347272104622499 0.119145019187912
0.00607025602770886 -0.0396226679679208 0.0424014360727507 0.145788624440821
0.0304791131499038 -0.0341956164178071 0.0733703659881698 0.160344064232014
0.0527200239316798 -0.0173705847614676 0.0888821433296096 0.151038321613808
0.0431476061484176 0.0538806332379279 -0.00892710547381471 0.180425689305144
0.0120118172052969 0.0238096502411169 0.0110972134354256 0.0418074227558532
0.0133002880972075 0.0220979880227558 -0.048232644417831 -0.0763359821899272
0.0240918315047205 0.0332759144381871 -0.10752875199096 -0.0933648268709224
0.0458990153128109 0.0088433350341415 -0.178892200721718 -0.0569044204672046
0.0409980469623827 -0.0216086538894142 -0.187393541694563 0.0222179173642294
0.0225079597257363 -0.0418758060618995 -0.140166302112375 0.0762616062383008
0.00636550263590105 -0.0473762584926277 -0.0795434682946473 0.0941724960508591
0.00586339229673205 -0.0632028509262973 -0.0407147534063101 0.0973813082021842
0.0263300168886295 -0.0642833641466962 -0.0147208098901427 0.0943773502418869
0.048831542628488 -0.0591306259001851 0.0180847831864703 0.0891754403406753
0.0742378143833414 -0.0304453066558261 0.0432662386219085 0.111723146515588
0.0786701698130594 -0.00683908211430882 0.041314602680143 0.14145932666225
0.0756413110270692 0.0290990828632363 0.0674844072352743 0.146084292147612
0.0799753815404071 0.0649980851033301 0.0793345247297251 0.133716045759649
0.0502372973871435 0.136522630194843 -0.0184031271233465 0.132093127859584
0.032437263651152 0.104051116124418 0.00893180320650682 -2.60914568632394E-05
0.0619315824695433 0.0887938817136938 -0.0572434891593568 -0.11047884691165
0.0828159094086822 0.0701131135697436 -0.11492080498453 -0.110810114716627
0.103943670968077 0.0142285224995981 -0.177131393553713 -0.0622224360818048
0.0907727083361834 -0.0330682964698325 -0.173208137766597 0.0105348652649497
0.0665198706609593 -0.068048363736565 -0.127534854397512 0.0567463397261133
0.0371653341843671 -0.0811308199253746 -0.0693096682345586 0.0716200918643193
0.0352231715384988 -0.10010557508177 -0.0299275296116784 0.0720771173033155
0.0615398082485565 -0.0896602902506707 -0.000381651204107705 0.0661484405726863
0.0898118806842931 -0.0809753259558274 0.0366761974556184 0.0681213214653017
0.12951244150012 -0.0341387838671315 0.0584238059758749 0.0995745408163544
0.138516601315296 0.0167195149211762 0.0413547644934649 0.134722774617504
0.111806874351386 0.0814351191475984 0.0485346909778532 0.127591644330741
0.096975596147099 0.135417113133159 0.0571803109184019 0.0966608870019085
0.053470311876227 0.199556148656324 -0.0264308606877787 0.0617581005407518
0.0559618857006352 0.173182821982387 0.00773619863964401 -0.0579990278613449
0.114954343396328 0.143770147421349 -0.0627587768825873 -0.149506208599647
0.144317457711708 0.091964807353788 -0.118752605054537 -0.128901754023893
0.15357383915172 0.00721761827789733 -0.16390092211561 -0.0655700112588447
0.128526798333562 -0.0466063732750668 -0.143483511898095 -0.00467265413094699
0.0995059056218868 -0.0882798100058741 -0.101505217857667 0.0297440612629812
0.0616407626206118 -0.103325978924785 -0.0500103277953112 0.0382664775255385
0.0605686897902578 -0.119626177698763 -0.0125522731128612 0.035680657127729
0.0909100146755583 -0.0984443831911267 0.0197558909161162 0.0291422834491469
0.119542868011573 -0.0864186944403459 0.0594333868028496 0.0414372199672011
0.16399842807794 -0.0270530030672449 0.0733223502661178 0.0837347202332656
0.175471765226938 0.0412474383490034 0.0405752114543519 0.12502482951979
0.128782103363885 0.122975152046003 0.0225994410370806 0.106054356597295
0.0956243524943753 0.186274807176689 0.0272765247107811 0.0455228048701622
0.0517828648969988 0.228040889930392 -0.0376281410094309 -0.0178979846259702
0.0755390710680394 0.212690612819308 -0.00207839892341229 -0.12017531414588
0.154840330652372 0.17241344056525 -0.0664212271735625 -0.181033666712654
0.186762646975297 0.0945585792344097 -0.111710216764394 -0.141544226645516
0.180286522383629 -0.00605744775171055 -0.134686738824596 -0.0701686389552197
0.144550580069119 -0.0583955399730778 -0.101580730021805 -0.0249400778826081
0.115472212109247 -0.0977151687441157 -0.0657873856030511 -0.00574712739233203
0.076046477977664 -0.11019352707438 -0.0230333959947461 0.000283610911445246
0.0785638442740038 -0.118888384585694 0.0122008277103142 -0.00367608041978258
0.111039733730108 -0.0886911812635369 0.0464898663794488 -0.00769600524322334
0.136170562331521 -0.0701681102882476 0.0856707907452371 0.0168554694934527
0.175114178429869 -0.00386728811987978 0.0871418695703667 0.0703066233495511
0.182376217572969 0.0695932787116341 0.0370601826722853 0.112755034921688
0.120790219690999 0.153104054082186 -0.00454292091261137 0.079371255955428
0.0745642248407243 0.211910492428812 -0.000527412327816198 -0.0128060604074695
0.042321872398031 0.217311946685102 -0.0522003600920838 -0.0915727478124427
0.0809707615447414 0.210567460193034 -0.0226641131027918 -0.171584907561219
0.163881949959654 0.166374374728747 -0.0687357822017228 -0.193825507053621
0.190763081290323 0.0794021120077698 -0.0957727282475532 -0.143096227844054
0.172789488579048 -0.0171622304718142 -0.0941524274361749 -0.076661087808695
0.135496885706006 -0.0599609525079286 -0.054576054580462 -0.0512353357128413
0.111484922746849 -0.0916736912477978 -0.028345116503356 -0.0421661208033052
0.0790679375491295 -0.0997193924694376 0.00698173585173175 -0.0366941389569876
0.0859552204011816 -0.101409255235794 0.0434570902623488 -0.0376209972991339
0.117241088705219 -0.0645169582287739 0.0804504377453809 -0.034371912589485
0.135398321140928 -0.038816176813244 0.114462535002696 0.00408568936934664
0.161140836986536 0.0289684790902506 0.0966087311469079 0.0634337770033821
0.159061845848244 0.0960959170229575 0.0325091739810815 0.0978520047314122
0.0894672619791554 0.167165878065394 -0.0235803466662756 0.0479576605691382
0.0385903415408173 0.208991745921754 -0.0182261809861772 -0.0720237753566345
0.0221381473285373 0.168065923918388 -0.0683266768966317 -0.144078351864654
0.064803472231588 0.16951682534711 -0.0477587556725253 -0.199218246950302
0.135375139224713 0.129727519161172 -0.0658375844676218 -0.187745598187104
0.151786372386065 0.05481762796136 -0.0730434055663251 -0.13639905684397
0.133304341081357 -0.0183201132481296 -0.052707760820678 -0.0846307329362882
0.104166002995767 -0.0459521186242512 -0.0144430846009694 -0.076303821388176
0.0913584380459033 -0.0680619981081918 0.00451823337462153 -0.0751271218664102
0.069339793271743 -0.0733701984988872 0.0359240341061984 -0.0665202230190754
0.0781012805607695 -0.0701086650280215 0.0768748054176985 -0.0620139430789642
0.1031421169524 -0.0350514270094962 0.115358823804407 -0.0459570784677628
0.113268864721621 -0.00908434622482974 0.140883600834055 0.00557580100004443
0.123759192790827 0.0494358395926064 0.103588284970406 0.063339985906104
0.116399668200356 0.104003023770255 0.0305324291722015 0.0814336183001979
0.0486513727910004 0.155424899718522 -0.0285179868616558 0.0147523659693172
-0.00109298565717955 0.175274818114692 -0.0208659943814304 -0.126325299417405
-0.00820527064580061 0.093101185039219 -0.0789815500044098 -0.168085478811446
0.0292616302963401 0.102420320368607 -0.067552449187417 -0.201986633426828
0.0760509438873498 0.0778237152283521 -0.0575850447379886 -0.170239399067094
0.0821087610080371 0.0324570548133441 -0.0520992171527813 -0.127259487243371
0.0726222455516509 -0.00389923556604398 -0.0223922430237643 -0.0912393970938907
0.0617687480004692 -0.017852266607117 0.0115968678520539 -0.0941379814578004
0.0592960856752522 -0.0301189346113413 0.0280567532262824 -0.0968696243936979
0.0478425610915025 -0.0374533232334605 0.057762022627885 -0.0854949335775695
0.0542728561821849 -0.0341680459047615 0.105860242466779 -0.0749224377103595
0.0689757830099827 -0.0115812988647349 0.144091395345509 -0.0436933127371719
0.0727101960445083 0.00533359514585167 0.159036263628529 0.0185295641022152
0.0768615740527655 0.0457970278409383 0.10654573102017 0.0679209626198519
0.0690335736026989 0.0838734493218019 0.0351896259191826 0.0679803601435941
0.0135022508958375 0.11753720439034 -0.0190872231589232 -0.0125096853413089
-0.0329684168270123 0.116365776843016 -0.0111739029733698 -0.166285023780526
0.0285329080141157 -0.0326967516927428 0.0100057574955848 0.196775793012192
-0.00750742431236049 -0.049471021099204 0.0234226690230812 0.0577674656108892
-0.0275174363352161 -0.040160516918325 -0.0357960638360503 -0.0567389980192965
-0.0258873770167475 -0.00771085097736483 -0.101117084338107 -0.078908412833967
-0.0105185517324849 -0.00284963957600983 -0.17155447647177 -0.0421584067891885
-0.012895432985958 -0.0119536259077252 -0.181551440027157 0.0370818327648992
-0.024331089381268 -0.0108343673524606 -0.131537706455807 0.0867482142726733
-0.0251218319572954 -0.00641091881103251 -0.0758992553104168 0.101443270306107
-0.0263480177029988 -0.0169522472705026 -0.0396963445955976 0.106854360338902
-0.015658197605339 -0.0291550819900171 -0.0174981338193688 0.107701910127652
-0.00427030337760916 -0.0304177113819106 0.0106704625606576 0.0996324477588687
0.0024858222683403 -0.0286496771774436 0.0371847000835232 0.116746215936495
0.00522503835168414 -0.0386702073389221 0.0445811171537866 0.143809338844484
0.0296958451921355 -0.0332201020871008 0.0745736272083289 0.156827814111818
0.0503835818472334 -0.0179449738030614 0.0910429201209665 0.149391173000621
0.0433618904185608 0.0538498170507108 -0.00414275486259669 0.174954653917023
0.0127650727953381 0.0254771871384596 0.0130619486727849 0.0387622918140835
0.0142687005613002 0.0229886689949724 -0.0473494081817835 -0.0752271546365096
0.0258211929151547 0.03238983767998 -0.107185987091155 -0.0912841608963793
0.0467774046247973 0.0066850006432353 -0.177019654762728 -0.0517952857258971
0.0403234524725289 -0.0232267534648668 -0.183924618366834 0.0260418847308121
0.0213736265691321 -0.0426957169133986 -0.135747238506359 0.0774838880222367
0.00544493660434097 -0.046861348273278 -0.076749525460624 0.0923068702200028
0.00374150799782084 -0.0623472525204744 -0.0362014359823184 0.0968753668845237
0.0248689104832896 -0.0643184255253608 -0.0112928767933712 0.0935732367113147
0.0470111975009925 -0.0596320950037845 0.02016258466123 0.0880187533142331
0.07317160172993 -0.0317467304118838 0.0456193141789913 0.10962431985094
0.0778927499136408 -0.0079963632541267 0.0453215518811471 0.139263191754816
0.0750408826348612 0.0283831096603805 0.0687543193138159 0.142370902517183
0.0794858341677337 0.0627894392032331 0.0819464020361875 0.13295088648656
0.0531627937514303 0.134644228416073 -0.0144859952257413 0.126423298730259
0.0342841837930999 0.103833442534893 0.0103409855569374 -0.00178088304723984
0.0635587801808598 0.0867031333803062 -0.0568732898111908 -0.107977014433907
0.0853096337261073 0.0674644530098699 -0.114062325444202 -0.108310089884267
0.103686169884752 0.0108217453942586 -0.175069564378443 -0.0579669378647171
0.0900061697136923 -0.0357099652417369 -0.170255245762919 0.0137429494167019
0.0635658010683457 -0.0695402165003281 -0.123635730885164 0.058046009164872
0.0345668969047176 -0.0808145131741978 -0.0668789194645094 0.0702706563304108
0.031723391253994 -0.0989821999959909 -0.0261177799173905 0.0714130904932124
0.059399410226319 -0.0903982269582984 0.00271808499645948 0.0654446616665849
0.0864895969701698 -0.0826757098241741 0.0384145531468403 0.0668174740510977
0.128216286592575 -0.0368679161940759 0.0608980428263286 0.0962581389102136
0.137181250039216 0.0142106407787169 0.045678884487229 0.132307294142368
0.112383925743171 0.0792580868985513 0.0508504521127846 0.124559165045576
0.0989079043537709 0.132122177999015 0.0595321956627448 0.0956387429879337
0.0577179640182973 0.195180373248633 -0.0238496232584837 0.0578322907856103
0.0587839542306886 0.17078585474058 0.00786754720973136 -0.0589042940179146
0.116779504841816 0.139449345343726 -0.0621379651378114 -0.147005864757112
0.145187008077496 0.0885702920912164 -0.116714331578009 -0.126436199320461
0.15212224302211 0.00350403539431361 -0.161602744589533 -0.061063641158566
0.126314685645952 -0.0500011366181456 -0.140566499922963 -0.00217644698784645
0.0958061100470422 -0.0900000843750933 -0.0988102283382136 0.0298808832871749
0.0574446821115942 -0.103421481141184 -0.0470570842513438 0.0370659660567141
0.0557753648540823 -0.119047758980916 -0.0101186572689445 0.034977203135186
0.087547101071869 -0.100314558865587 0.0218514578877205 0.0281448518381871
0.115208685089606 -0.087577115086079 0.0603812085614291 0.0393124938714234
0.162023908226817 -0.0311527649989095 0.0749903702906616 0.081337365006445
0.173589330800343 0.036828962886351 0.0445521326538139 0.12289065138672
0.130229065535504 0.119908692411285 0.0253273490971555 0.104044861021624
0.0987312244952823 0.182254324154551 0.0289992825925484 0.0464354877191771
0.0580018519315665 0.2234640135091 -0.0364564026474341 -0.0203838081442503
0.0794857123230598 0.208117698027787 -0.00321251729258739 -0.119605847627652
0.155876036860307 0.16587103411217 -0.067103158309483 -0.177750644549066
0.187061596623147 0.0899917242889453 -0.111123341934318 -0.138743641609755
0.177640763304578 -0.0105513665401901 -0.133047153343561 -0.0659612432490981
0.140938082699875 -0.062085622774643 -0.0995604421713396 -0.0236743914506889
0.110572237176245 -0.100125604537273 -0.0635857062279204 -0.00446130211311192
0.0716030436755615 -0.110417335723743 -0.021735338541736 -0.000608923018261753
0.0730566757179284 -0.119123109952062 0.0132307543784493 -0.00381458991671618
0.108213395664858 -0.0908564122209296 0.0469942230573172 -0.00895851058450356
0.131613176126609 -0.0725935548625517 0.0853939279081097 0.0147483142823462
0.17369057632654 -0.00760871671102901 0.0886830938685767 0.067457141237907
0.181202277752937 0.0643968575672527 0.0409269984769449 0.110759595604578
0.123256179777988 0.148854821392213 -0.00159120912976752 0.0782900536626209
0.0793794286294623 0.208096140648025 0.000524063195190891 -0.0105127832343128
0.0484520046555355 0.212746046156836 -0.0521173583189342 -0.0927936687915777
0.0843910356865571 0.205303632623093 -0.0249535270802986 -0.169409765666715
0.164297955572413 0.158571265625791 -0.0701146677725669 -0.190047120047131
0.1894776407196 0.074097379159056 -0.0952548984967131 -0.140393343353442
0.169292847799707 -0.0215457603321859 -0.0923325802913817 -0.0735841124870761
0.132115720059567 -0.062316512398621 -0.0546091853304264 -0.0506633053798086
0.107325767340165 -0.0935436579544666 -0.028215413169606 -0.0416030986738393
0.0743811580133119 -0.0996329174953508 0.00712218348103544 -0.0369351811602414
0.0811630417676835 -0.101173887140826 0.0426911723125723 -0.0385755371749088
0.114543016682624 -0.0666312031038137 0.0792617051255509 -0.0358025739204206
0.13193170470376 -0.04142467235098 0.113588340222876 0.00144521545805685
0.160345545234238 0.0248864918181544 0.0979331582711919 0.0603892203519259
0.158907191984942 0.0906163192252827 0.0359786914694633 0.0962227277300372
0.0918518803880964 0.163115728365922 -0.0206630426484464 0.0475193764192325
0.0439702003098003 0.204818338404924 -0.018188687284435 -0.0695048821081998
0.0275064487412879 0.164068535563375 -0.0693358695804569 -0.143453906679082
0.0675422810450391 0.164418511374304 -0.050328163769917 -0.196392790481767
0.135064836895585 0.12315654246712 -0.0672081095379013 -0.184486147366925
0.150043834832301 0.0517534909530324 -0.0729701280970899 -0.134296571286217
0.129542634070943 -0.0208644416989502 -0.0517669038402263 -0.0826763168560422
0.101764307787114 -0.0480892774108533 -0.0157568789161943 -0.0763674303410612
0.0871072410829889 -0.0697675775582308 0.00345528101418094 -0.0737343203746904
0.0647377012789103 -0.0735285438265511 0.0342861269870893 -0.0665913614409663
0.0738553061427982 -0.0703187725096273 0.074857139838075 -0.0630219380026098
0.101356473750344 -0.0370839207235245 0.112817276617463 -0.0481926139021073
0.111029104164481 -0.0112154986007281 0.139377916329255 0.00224411695914509
0.12420866526864 0.0467840875889608 0.104028230702648 0.0603193339105513
0.116390667147957 0.099531372105682 0.034070592968093 0.0800780466329768
0.0513806734235581 0.151699659136712 -0.0259135585356693 0.0154442421794321
0.00434612076125293 0.172136784891575 -0.02232429832891 -0.122745454850901
-0.00491335331219364 0.0909164924887453 -0.0806536296890507 -0.165834345746592
0.0306199989866102 0.0990773606337748 -0.0702682674450511 -0.198677094584678
0.0752186506857633 0.0732243681630744 -0.0592008234717404 -0.16695111256643
0.0808896697851329 0.030563226490708 -0.0528870245873995 -0.125339080440862
0.0699401306585439 -0.00548388027843061 -0.0229987926395124 -0.0902700405847438
0.0598768774472392 -0.0192319356413183 0.0091782437760994 -0.0947036708206043
0.0570413642483258 -0.0312221349739949 0.0255974385789835 -0.0957711252396269
0.0455128410674858 -0.0373296239360213 0.056132929404362 -0.0852884450050779
0.0516592426167125 -0.0344712714435668 0.102986743147516 -0.0755207562575653
0.0669120985734027 -0.0129250437926936 0.140760066656466 -0.0464002245206123
0.0711338665972893 0.00370200068179175 0.15726374138538 0.0149913346342417
0.0769451051665365 0.0434951860347418 0.107904743759603 0.0652181047551272
0.0690719199700412 0.0805096857689543 0.037600693196816 0.0666816802421979
0.0155281818402922 0.114282717292725 -0.0185722297683322 -0.0105304691155709
-0.0282717563612035 0.114595508902523 -0.0142224425623124 -0.161801803810603
0.0270229751984171 -0.0324067978719888 0.0167508019375549 0.192649582338127
-0.0081605659353628 -0.047276050934494 0.0256298138046185 0.054406170466158
-0.0276895129064865 -0.0380273572358572 -0.0370189926505662 -0.0565364783711464
-0.0245741129778952 -0.0073967634890429 -0.102679745817321 -0.0761957314993357
-0.00953140999665679 -0.00355205657571259 -0.171747152167725 -0.0357704358963943
-0.0129364254252922 -0.0113645996621065 -0.178837641521857 0.0442666714235831
-0.0246688863304569 -0.0100087368065196 -0.128044352749996 0.0901580768768389
-0.0241270964824619 -0.00572328133933347 -0.0724166882851165 0.103105774332957
-0.0267443059462028 -0.0158533761780379 -0.0339056903374842 0.107867235225527
-0.0171482499498345 -0.0284803065119908 -0.0128902600400956 0.108403233318785
-0.00517619403757513 -0.0306624199957858 0.0142144242456776 0.0995135552987813
0.00220152513881374 -0.0290049489767789 0.0410851653009485 0.115126933346662
0.00414406678241405 -0.0376750779490885 0.0493322835384899 0.141654464381579
0.0286911543639209 -0.0331022870411619 0.0783720651001064 0.153294056175177
0.0485329866997344 -0.0191314262868509 0.0963134944460595 0.14793957709173
0.0447073535600572 0.052809332700982 0.00156462634653131 0.171050119968373
0.0147299382986313 0.0268472150994997 0.0148084535974789 0.0360574456470017
0.0162932483071732 0.022764855740423 -0.0487170222028929 -0.0738678236115761
0.0284788106337084 0.0308904486964176 -0.108528282217626 -0.0880908608366576
0.0478577067381726 0.00401130003720663 -0.176692990566997 -0.0453624515095599
0.0398057026056902 -0.0253174985260752 -0.18151306555218 0.0326915785353042
0.0190579387322693 -0.0435353773763578 -0.131648092138686 0.0810448056655461
0.00381525191396856 -0.046753939465512 -0.0734302175887998 0.093285791696189
0.00155506462507655 -0.0626629400155976 -0.031490342026974 0.0970997801106728
0.0226796523089169 -0.0652315915876601 -0.00664113765386862 0.0936083749333363
0.0440865187276731 -0.06130952867973 0.0238847137756995 0.0875310396744158
0.0724010697521858 -0.0345937839427614 0.0504981719951278 0.106927654334735
0.0769266083799784 -0.0101365766500862 0.0503178967509061 0.136648413565738
0.0763393654071388 0.0265963258816257 0.0727937418376753 0.139465106615222
0.0805319112450107 0.0602298613449011 0.0868951353152494 0.131105416140463
0.0574259133847434 0.132597840597695 -0.00922873093103982 0.123612925193356
0.039001401278941 0.103977638168887 0.0113328717821017 -0.00447755782130696
0.0669723697069164 0.0848431880002433 -0.0582865764073068 -0.106757812153798
0.0879232535448469 0.0645428852296044 -0.114996507012745 -0.105458238760773
0.104593451813504 0.00656308741169237 -0.174868616578292 -0.0511836580515532
0.0887805566141206 -0.0394899959320569 -0.167723126108234 0.019091339470444
0.0610753469282588 -0.0721851927519159 -0.120073547655187 0.0609442371997154
0.0311736179003128 -0.0817368941030242 -0.0637319956824743 0.0703680356191834
0.027347672728117 -0.0993283421791129 -0.0223667418364119 0.0701931875236421
0.0559086567355818 -0.092802575456343 0.00647164515919276 0.064557616647259
0.0822312093028634 -0.0854211146528845 0.0411570534437168 0.0653809552234774
0.126645356826884 -0.042110921469753 0.0641881492405406 0.0940457016429618
0.137062510224519 0.00891228385634111 0.050967301857827 0.13015374722248
0.115602200165409 0.0759709626394171 0.0548594569067307 0.122097239488267
0.102612595428463 0.127960171937605 0.063725971367657 0.0956780803784165
0.0651340629359856 0.192166859182908 -0.0209096110054741 0.0546867236739259
0.0654296418790235 0.168615298243395 0.00704290838866663 -0.0605760911701507
0.121028428480713 0.134478465926988 -0.0653054837492932 -0.144399372106548
0.149197398282443 0.0838099355971425 -0.118518568964626 -0.123842329940628
0.151568754283174 -0.00252398725089714 -0.160692545698655 -0.0549041066475071
0.124187920295581 -0.0545077101014497 -0.139531508458506 0.00184316683686286
0.0912050946036854 -0.094624273530667 -0.0955199940847946 0.0323150102704577
0.0532599854594564 -0.104379405614639 -0.0456570442122007 0.0370128443564477
0.0498540185220899 -0.120259848351342 -0.00734372325107982 0.0341629883558759
0.0841860843709124 -0.103558900265478 0.0237217535232696 0.0269582525160177
0.111088370631739 -0.0919297259064138 0.0622651237570128 0.0369052666566974
0.161228039274572 -0.0373338215483414 0.078898824723718 0.0780360207447286
0.174216293840363 0.0295705756766027 0.0502834421141971 0.120648844653705
0.134326362320524 0.115181820637542 0.0292761392501406 0.101874677377026
0.105720127162823 0.177748545590692 0.0317834026140506 0.0467058350743999
0.0670018832429957 0.219428552310762 -0.0362067297264316 -0.0227296180585762
0.0870242231587413 0.20375120144532 -0.00595956575885942 -0.120476631275425
0.159958083858616 0.158819242198333 -0.070387178392872 -0.17504550070159
0.189509006737224 0.083814045292192 -0.112402195857777 -0.13613495072028
0.17544165744036 -0.0172123072777256 -0.132274802984118 -0.0612980743569936
0.138300716713961 -0.0670489209268222 -0.099170364766216 -0.0217779231377177
0.104858861647662 -0.10453746438125 -0.0620594524015461 -0.00275815150632419
0.0662376119890705 -0.111750042397914 -0.0211109651776085 -0.0010058613121782
0.06724806259328 -0.120575197709946 0.014382019252376 -0.00530538025396951
0.104473339329541 -0.0952797286631166 0.04771813483683 -0.0109014163934442
0.128037502945626 -0.0764312369039181 0.0866745470329925 0.0112268826662222
0.173154665195185 -0.0142256784001668 0.0909560368279752 0.0637978708932072
0.182401112605311 0.0569422162549902 0.0467712664499818 0.108782579609835
0.128294692222678 0.144020390200251 0.00188638817349576 0.0777664599040574
0.0876355393720276 0.204084227610079 0.00132825496193266 -0.00870684450412916
0.0574760369953772 0.208696571413935 -0.0546479594432571 -0.0929363733696017
0.0911035771021411 0.200751213061056 -0.0298322711419026 -0.168573328833316
0.167656397984419 0.151560607032416 -0.0740536661271148 -0.187045974532477
0.190866303446985 0.067295433844808 -0.0974948012529751 -0.138266478176044
0.16687337566929 -0.0272951862420613 -0.0929974695815412 -0.0706926329008903
0.128680437633364 -0.0671386296320226 -0.0553935169195462 -0.0502636565984448
0.101651353957677 -0.098113626545173 -0.0282578277425678 -0.0405978069462215
0.0691492842407549 -0.100786404295038 0.00647093122197686 -0.0380450141214796
0.0758335893546676 -0.102979424526692 0.0421013593269159 -0.0407035427360064
0.111750197761651 -0.0713746959793664 0.077781778833371 -0.0390420553265414
0.12930107361397 -0.0460064829995009 0.113349765686669 -0.00315400654031843
0.16090854179329 0.0184550616150526 0.100621226731361 0.0568305274421043
0.161163370981094 0.0840227854836364 0.0416793676658984 0.0944054609034811
0.0976167956480047 0.158812223062615 -0.0177976222957262 0.0476390627986847
0.05224296399749 0.201538590369073 -0.0193177167882626 -0.0664153128295514
0.0351316055043902 0.161108254158387 -0.073316195946708 -0.143163440927747
0.0733262427373407 0.160061840895957 -0.0562804293206816 -0.194655582990836
0.137107166536962 0.116772615832304 -0.0719868415154201 -0.180826533342458
0.150442257682872 0.0463703301192864 -0.0755307710160624 -0.132977848558343
0.126455599763295 -0.025067839539813 -0.0530597285062956 -0.0810704064491496
0.0984235529023149 -0.0516326900141007 -0.0183402226137778 -0.0766453771211638
0.083273633313152 -0.0726195222696678 0.00164049326199392 -0.0740611628971152
0.0612072604904907 -0.0752925704169863 0.0327796209127521 -0.0678193530277598
0.0702537624477205 -0.072190476121511 0.072680984091818 -0.0656194638550174
0.0996233255300509 -0.0413296014663715 0.110896240117579 -0.0524123768881699
0.109960418147111 -0.0155686220280743 0.138382154985947 -0.00254119399066249
0.125586597063168 0.0417937535288375 0.10683005112804 0.0570110785209528
0.11857101541018 0.094328486611033 0.0387383538618796 0.0795570026918763
0.056118214490745 0.148530458460413 -0.023924883065148 0.0166403607055476
0.0113842580346923 0.171077636390691 -0.0259342563045628 -0.119423413857832
2.86109267586196E-05 0.0895810375419121 -0.0856988324699801 -0.164974636562898
0.0340177203235273 0.0961729143740477 -0.0759068298524878 -0.195482877604779
0.0754069923355401 0.0693687442070432 -0.0638182757940276 -0.163957388646549
0.0801925907864968 0.0284971928452657 -0.0561050931969919 -0.123433049650192
0.0681347535861576 -0.0077226557693503 -0.0248604813519217 -0.0899869605516865
0.0578208998753441 -0.020710004891256 0.00565654419220519 -0.0954282121804812
0.054838890277105 -0.032811258364594 0.0218409251452485 -0.0959480522516178
0.042978782047502 -0.038085143556101 0.0534952948770751 -0.0863037691471786
0.0498568203392692 -0.0357909007063255 0.0998051313835652 -0.0788788455397041
0.0668132909971772 -0.015598924797646 0.138231177064316 -0.0510775648811196
0.0707782534224121 0.0015410086441731 0.156910501115002 0.00890001775485212
0.0784367813481504 0.0405948899454619 0.110357964702539 0.0613806507384854
0.0702671061995327 0.0767626240396791 0.041130822870371 0.0663145033554126
0.0187613163068357 0.111941979452111 -0.0174704273268085 -0.00877958509060237
-0.0232647260016246 0.114405969397403 -0.0190550751388296 -0.15889044765311
0.0241668174189688 -0.0319420043054047 0.025658531371513 0.186507494930885
-0.00898849836206155 -0.0445983791314397 0.0278634348477065 0.0501675111509971
-0.0276506627084929 -0.0346019292162505 -0.0383434033267255 -0.0555339166208427
-0.0230903091169927 -0.00643466462374007 -0.104412833552879 -0.0711747275382246
-0.00873446070235742 -0.00453531603845912 -0.170820913031618 -0.0271768974623106
-0.0130316997391431 -0.0112320347396256 -0.173288613192935 0.0525151900438426
-0.0246114133685586 -0.00862013094450778 -0.121268783112387 0.0952558111732856
-0.0235443234974995 -0.00469441731806034 -0.0666486644699078 0.104161407881091
-0.0265066698622091 -0.0143395798280361 -0.0280396307778398 0.108219759565358
-0.0184236767765451 -0.0271602906896386 -0.00635890163438489 0.107837797531111
-0.00649385055493792 -0.0307082296277027 0.0188905652469414 0.097646943011994
0.00142752519824181 -0.0297964777381426 0.0457941055241671 0.111195385952228
0.00293619223632987 -0.0365450559479811 0.0553682732227729 0.137282965535806
0.0265257557820036 -0.033441649783126 0.0830377120174901 0.148131070306097
0.0451647556363702 -0.0209127404054853 0.102955644778393 0.142955248381246
0.0465742820630179 0.0508919021461423 0.00955934365442061 0.165363976290807
0.0164451869552274 0.0267609629098045 0.0166200758267363 0.0334092456203748
0.0185356905948642 0.0227405269202167 -0.0504006110802176 -0.0716645973784096
0.0317398560303547 0.0289845282036039 -0.109959065888396 -0.0836555566055757
0.0487728837936151 0.000225102370518971 -0.176574290738861 -0.0360659891608168
0.0387697171739276 -0.0275024679373768 -0.176854852989579 0.0411187861341356
0.0174598847297251 -0.0446055228924106 -0.125504424651662 0.0852698582663252
0.00216006241612264 -0.0465631445554847 -0.0678504572154158 0.0946845115738549
-0.00159898838099945 -0.0615577905665586 -0.0256091618516867 0.0965314256369832
0.0189710641452099 -0.0655303977243838 -0.000457430168175299 0.0928415524289843
0.0403901186883682 -0.0627358397788161 0.0282833235563757 0.085231352226243
0.0703371049144373 -0.0385068246666136 0.0546008144357199 0.102709386785072
0.0758958868344359 -0.0136958585054699 0.056604538335014 0.132157212577188
0.0769880863062005 0.0231958388769541 0.0779085816860931 0.134025810967757
0.0816772930185863 0.0553738065101951 0.0933460530963066 0.126511231124768
0.0632029754468675 0.128090183177657 -0.00336718449030851 0.118711747138072
0.0442957056594253 0.101438884565906 0.0113252940653801 -0.00651335906463275
0.0706938595947265 0.0809134822994586 -0.0600241661310962 -0.103254205422032
0.0921573557779094 0.0602794177766459 -0.116608184866203 -0.101159664675159
0.104056822845674 0.000559855919080535 -0.173715366294328 -0.0425559722593183
0.0862727622667164 -0.0443032323658814 -0.163738276079561 0.0266954347438037
0.0559677331800576 -0.0749006070587132 -0.114911531956778 0.065292802735754
0.0266169013298099 -0.0820822959597141 -0.0596783528371237 0.0705583976518349
0.0211218184066289 -0.0993282917171007 -0.0174924757374751 0.069617852571507
0.0504775476780544 -0.0951656580321557 0.0104526412648963 0.0630567107505036
0.0766239377378639 -0.0882529458977833 0.0447488461274308 0.0622273003181888
0.123607163024075 -0.048471636857357 0.0683591833413752 0.0891480383664849
0.135308984076481 0.0020491620924618 0.0580578297262285 0.125614118010816
0.117963141344374 0.0693218793600803 0.0594181504500467 0.117983196716748
0.107689566749451 0.12119943012092 0.0687441315171723 0.0923406681856963
0.0750189810534271 0.185949137933901 -0.01789284731802 0.0518825084188468
0.0725604729440238 0.164088211340593 0.00526973919921584 -0.0619109335994782
0.125321612779824 0.127257026193983 -0.0683344153410164 -0.14043740472562
0.152415534779381 0.075613338621294 -0.120952173104681 -0.118342215002808
0.149430918232482 -0.0102913707891375 -0.159786716212012 -0.0470825657311933
0.120174764904941 -0.0607913383887808 -0.136507663858363 0.00781416478867526
0.0841186650881328 -0.0979577920300722 -0.0915660480448568 0.0359563515881436
0.0464463012264262 -0.105665589774471 -0.0435139015165645 0.0370804982820201
0.0421419621978929 -0.120271124609774 -0.00442665887507997 0.0332237747201102
0.0774215537161318 -0.107698798370352 0.0258410481317683 0.0249910330008215
0.104197539470264 -0.0951745905127193 0.0640381667674143 0.0336397790315825
0.157407797112209 -0.0455582306722998 0.0824116429339726 0.0732934783199151
0.17346627985799 0.0204280773530576 0.0572635002281605 0.11611369651531
0.139374286157207 0.107013264446902 0.0335373553874118 0.0991108727838067
0.11336994785711 0.169723938934214 0.0352075389244442 0.0461361210754053
0.0780686221202582 0.211289714110728 -0.0367493832795433 -0.0237249128530594
0.0958692271606855 0.19696055624068 -0.0105377757277881 -0.119226978232603
0.164961634596936 0.148476930390465 -0.0755231937349396 -0.169419767123142
0.191904353892823 0.0737159916277464 -0.115533978758404 -0.130887189948537
0.171672925428646 -0.0253626692292384 -0.13075630512963 -0.0550179466418617
0.132782587142581 -0.0737958863689154 -0.0981953690306027 -0.0171084567173514
0.0975454494841465 -0.108981442944079 -0.0607044487569366 -0.000493561647169934
0.0584978124110113 -0.112895474391602 -0.0204594491441186 -0.00148173644353668
0.0590453829069085 -0.121779110425318 0.014605621206871 -0.00660644599696482
0.0982658791640814 -0.100268426809432 0.0467786748259862 -0.0132674075058332
0.122310858498786 -0.0817847924387115 0.0865750625432986 0.00675648285006877
0.170681984197612 -0.023629591686458 0.0945305031332249 0.0585295192433594
0.182556037846002 0.0462573124009925 0.0532306411200011 0.104368537513548
0.134673753714827 0.136259089374908 0.00668736840377959 0.0759927024792338
0.0972298362788545 0.196432858589478 0.00208205563028407 -0.00764245716992457
0.0681467890339099 0.201399569071349 -0.0580881514275892 -0.091830901627595
0.09977185340836 0.192463920267512 -0.0362398226685644 -0.165165592666535
0.171036462341407 0.139790578646651 -0.0792893899230482 -0.180990324273294
0.192490111176596 0.0592046537225775 -0.100271991858806 -0.133950016660633
0.161858178714955 -0.0346344631406802 -0.0928850155061633 -0.0662691562879369
0.123024150738463 -0.072520296951 -0.0569020585231471 -0.0478812155284975
0.0939559683326723 -0.102011804083438 -0.0287698006465714 -0.0387785695363775
0.0620981840995944 -0.102340768024133 0.00503821745558549 -0.0389270583366391
0.0680536175529072 -0.104851556458912 0.0400865890619157 -0.0427490570189328
0.106568186121447 -0.0769492211340288 0.0750014688306109 -0.0420349740039426
0.125130789137996 -0.0513714570138247 0.111816277449565 -0.00892172353741948
0.160260541781131 0.00991985973441473 0.102976109286018 0.0511447127460216
0.162493799499009 0.0742315443940836 0.0473035167425144 0.0910826008273618
0.104670009293127 0.15124299541762 -0.014471897409275 0.0481089096404891
0.0627697715606797 0.195887638160932 -0.0214354941036358 -0.0634525518171979
0.0436974200351763 0.15591281807729 -0.0794052226221332 -0.139913468991082
0.0791269990358245 0.153223146495247 -0.0642206482643135 -0.189887873039552
0.139192570985388 0.108223985422151 -0.0773934876619475 -0.175085123720807
0.150531779880269 0.0394779558972026 -0.0797244237562175 -0.12816804358097
0.12214757655641 -0.0305281267254326 -0.0546174887386951 -0.0783110587507302
0.0936765841462618 -0.0560502159225807 -0.0214807783607234 -0.0765478591042517
0.0777340308384704 -0.0760525788288442 -0.00118563443194749 -0.0732288555992687
0.0555074773012813 -0.0765608360769899 0.0292801952380824 -0.0684246267330957
0.0647837257824789 -0.0736564994918409 0.0695031222145698 -0.0681608582591698
0.0960778402230896 -0.0461080835278403 0.106762997667411 -0.057613821431534
0.106625566553157 -0.0203044969073567 0.136943108688722 -0.00949719047729995
0.127372506803713 0.0347174960158794 0.108954416244368 0.0509872826962042
0.120692401600513 0.0862129496535838 0.0437115807185589 0.0762699684636813
0.0628384474147803 0.142954979497874 -0.0219938973744233 0.0176247525292399
0.0212373812546527 0.166976521158363 -0.0305447244156163 -0.114956140424318
0.00546953312548444 0.0865291726124149 -0.092246970473658 -0.160769658323531
0.0383157908671289 0.0919975166392585 -0.0844547051588264 -0.189184663054054
0.0765616637602811 0.0642470128341653 -0.069436877818227 -0.158976434407844
0.0800778857789393 0.0250068491624705 -0.0604517809674916 -0.120675528262865
0.0659257285134314 -0.0101700954242994 -0.0281272707891906 -0.0882415733615619
0.0550182239747659 -0.0231442967915307 0.000801426101575785 -0.0952304306776003
0.0517092086393872 -0.0350045987867435 0.0178941873649813 -0.0951411452392018
0.0398257221300353 -0.0391887750043497 0.0487321665405792 -0.0874006367822304
0.0467044103357449 -0.0374599796996041 0.0951392980848974 -0.082661054290373
0.0650406460022595 -0.0188329502355945 0.133369079500094 -0.0569870637703458
0.0693321233228267 -0.00166171115068097 0.155069343137509 0.00132993909901225
0.0794471865249422 0.0362569473892566 0.112012457417873 0.0557447150460529
0.0718170401089483 0.0724483427420427 0.0447677839412638 0.0639052972374863
0.0239842506857487 0.108190082356441 -0.0172526051842033 -0.00768039702178241
-0.0160051160350294 0.11250207323124 -0.0261969810753129 -0.154047223936252
0.0195965140529847 -0.0310761939350578 0.0512705138954948 0.17257465940222
-0.0132160796206178 -0.039295120860257 0.0354224176502235 0.0424045349813694
-0.031623183583443 -0.028541521133093 -0.0424312151100968 -0.0483952093804999
-0.024605034861686 -0.00336946847964796 -0.108908692054124 -0.0546395509410698
-0.0118679318971178 -0.0033787332984108 -0.167091550077066 -0.000540422786044365
-0.0162162161371725 -0.00593004816471239 -0.154761410732156 0.0761572637417598
-0.025607295387424 -0.00219525406900267 -0.100896143978392 0.108508289006745
-0.0217099409358431 8.07677547373297E-05 -0.0493176765415397 0.108114382326562
-0.0265371531271454 -0.00901303613248887 -0.0118806558067274 0.106675217798176
-0.0199079930488723 -0.0232741240053467 0.00837981320989367 0.105558808647322
-0.00996377820438197 -0.0279850071321265 0.0307866580906955 0.0921498508719915
-0.00146878843386001 -0.0296791204834787 0.0577861071019178 0.101447091061169
-0.00026776805782807 -0.0361931806820495 0.0690494487496353 0.126065110893666
0.0218971970738949 -0.0376150197767104 0.0968428148703613 0.132726748767697
0.0404482620471469 -0.0268975198624499 0.114177223052412 0.125473945906321
0.0552651475200675 0.0434512150605413 0.0298585388397435 0.153247373739863
0.0230058114581333 0.0239209528272254 0.0187382828641042 0.0272802876350525
0.0211665791010055 0.018482958796472 -0.0593651031662042 -0.061697627361194
0.033387349263675 0.0215118821133061 -0.118888175714675 -0.0646959223157064
0.0427088136771357 -0.00761316340358339 -0.173946465983477 -0.00647395879871821
0.0290909817881858 -0.0295768196690437 -0.159365429046529 0.0669755505743564
0.00796312331474275 -0.0435098027598028 -0.106761954107834 0.101615332150842
-0.00425921455286195 -0.0432239921542571 -0.0513604636547533 0.0988166388786955
-0.0102868638538466 -0.0577705402713735 -0.0109645025623573 0.0948148880144032
0.00899817502149957 -0.066459573884183 0.0117760057548042 0.0904996495240619
0.029543672874274 -0.0661050387786352 0.0380685145079913 0.0799542745854003
0.0633113400496371 -0.0496632866868055 0.0636126663027561 0.0931819746619482
0.0725317682709574 -0.0252651442163403 0.0694102349730821 0.119617143817817
0.0782238534586542 0.0099523981659418 0.0909402815758864 0.118377091146554
0.086736425757383 0.0417642106642536 0.105002469394131 0.108597873471152
0.0842473495307234 0.113252029711467 0.00720072034853753 0.109206134126055
0.0606229070836828 0.0891531943123761 0.0047808718316915 -0.00952444848803966
0.0797148339210855 0.0644812342301926 -0.077075709861656 -0.0891082845284447
0.0972636977310695 0.0399556270589764 -0.131160405929558 -0.0782565587492586
0.0956003528639516 -0.0163641790886491 -0.172585968230425 -0.0107535207233047
0.0719123289191325 -0.0530027457367529 -0.15026865894257 0.0524212759035304
0.0402484226347038 -0.0804942541128836 -0.100087674103771 0.0824539932868474
0.0137175471497579 -0.0801534204610157 -0.0461224526738419 0.0750909720800112
0.00530309398673562 -0.0978855416219011 -0.00682855946249238 0.0686390969289923
0.0348090485193555 -0.100043120336563 0.0185136082989531 0.0608568838857684
0.060678324338089 -0.0956312499104761 0.0508390888166668 0.0556929832297086
0.112743112043854 -0.0676560320720586 0.0743149445794106 0.0788885984919894
0.13194930219622 -0.0193495240982238 0.0687355676666551 0.111933381989431
0.124360670025121 0.048433135854935 0.072831066680702 0.10264002780119
0.120757184090249 0.101450040499696 0.0792188427464817 0.0773945455215101
0.10400105610055 0.164969346217411 -0.0188350557369007 0.0472060011304868
0.0976874944170292 0.142202224459328 -0.0124577274084129 -0.0602462415860276
0.138966564106763 0.0992532093674029 -0.0936524651857197 -0.12107520805968
0.156677838758772 0.0449687894664368 -0.140084050644316 -0.0928952987658719
0.137381756508687 -0.0331972195725137 -0.159898790902534 -0.0156937852438874
0.101484010253839 -0.0745189253817375 -0.126954488264484 0.0311052457794377
0.0645524567974633 -0.109415620651915 -0.0831523373709678 0.051544415946172
0.0292428147938221 -0.104884782048965 -0.0345760068906489 0.0410459631890603
0.0214991943501131 -0.12157475675398 0.00114340051112761 0.0317996325727068
0.0581321286886003 -0.116504613619488 0.0277323492390518 0.0230380602122282
0.0854021919319864 -0.10718397980482 0.0654315217311867 0.0257380799740514
0.145949554532106 -0.0703128516137476 0.0843142660295515 0.0614712732888607
0.170272505156567 -0.00753261390113896 0.0661597645111141 0.10161644372895
0.150013461216875 0.0815233700749395 0.0467427765252774 0.0868523148557995
0.133490217323241 0.147342337519089 0.0426059709270089 0.0362822163925911
0.111271799469188 0.187572462714444 -0.0481980041485998 -0.0219763581279932
0.12274450285073 0.168665204064715 -0.0377578161889783 -0.112294963916349
0.179208563696858 0.112240584908865 -0.106562712471389 -0.146359718720433
0.193363085232712 0.0363144697037244 -0.137614763937892 -0.103047824969553
0.155789024156 -0.050392761715584 -0.13292553977746 -0.0264695922087524
0.112040507702348 -0.0890893467979844 -0.0946734830757261 0.00190137315244606
0.0743996643263987 -0.122019966955887 -0.0593897646921235 0.0133290544918119
0.0394087862325394 -0.114503280392466 -0.0183060884799876 0.00168841491599308
0.0376029178790325 -0.126000170591293 0.0141896392242547 -0.00841927727113198
0.078308206355196 -0.113877612607121 0.0427667238944357 -0.0164561655644186
0.103834533409957 -0.0965466035308711 0.0829173108771898 -0.0030757779170962
0.162136524722227 -0.0520019917131871 0.0939746891882311 0.0453369091418852
0.182411165835755 0.0160570222340074 0.0615126234489816 0.0905002717327947
0.149122643250186 0.110155924229976 0.0187584487127983 0.0677306719184589
0.121465812834819 0.175477598542129 0.00608833847316028 -0.0112437024424283
0.0981831806984854 0.177877647721194 -0.0778939463480634 -0.0831429921787905
0.124570523138194 0.16277817205544 -0.0686651314007646 -0.151529220394538
0.18278160354252 0.103430379703519 -0.111697253273073 -0.155936323549079
0.190968822640127 0.021532733541922 -0.123110678355838 -0.106945728948665
0.145492029281005 -0.0580198895549383 -0.097654954283847 -0.043236063015377
0.103586170741361 -0.0873231712203621 -0.0598209569658251 -0.0335191923176823
0.0718393614966312 -0.114814404093836 -0.0343892640715415 -0.0288303965059387
0.0437529615731947 -0.105831647587551 0.000419280368388873 -0.0373001940032528
0.0484094395379509 -0.111550532893624 0.0339938778202215 -0.0461378238442397
0.0895570738838157 -0.0924913943138991 0.0656063248330803 -0.0487180512221292
0.111451688604192 -0.0687642654085864 0.105162974557408 -0.0211648095899076
0.157031315117042 -0.0179055438362522 0.101625782389211 0.0367757035537534
0.166768260909303 0.0453890559533764 0.0548934440863925 0.0779586600274061
0.122350044265827 0.129274528754736 -0.00399624253010623 0.0438482259440877
0.0881452500834097 0.179211203976241 -0.0229202637923565 -0.0615950449046538
0.0659979247056785 0.137676152216999 -0.102699141073388 -0.124901948939528
0.0986109289822274 0.128357771990875 -0.0966266806552865 -0.170685767134099
0.146324972763382 0.0776010459384165 -0.107137213990214 -0.150659687914735
0.147883267461146 0.0109947577290189 -0.100164735167964 -0.105989843539615
0.108929043893793 -0.0485861311024519 -0.063046252112073 -0.0621076505374799
0.0781555598774697 -0.0674115794414342 -0.0311233254891064 -0.0662526345189874
0.0604682142873868 -0.0872805949271874 -0.0134943259799595 -0.0659263675213946
0.0414571650320589 -0.080915295171699 0.0194366832179806 -0.069058652597356
0.0501584148055403 -0.0821534520589848 0.0581451446886587 -0.0739039695369784
0.0838393832806554 -0.0616979125023326 0.0942046714992852 -0.0668655574863782
0.0986621659898854 -0.0367292424701349 0.128494524726526 -0.0251481861314128
0.127633663071169 0.0120202322856839 0.108433434476338 0.0359575185638842
0.128006712035009 0.0632327854692875 0.0509792467018843 0.0647651165974926
0.0806619133017106 0.126895606767951 -0.0155508576070388 0.0173326566258559
0.0435580885460963 0.157828754997012 -0.038042482649035 -0.108018323806446
0.0174151458158574 0.078644005535656 -0.114957302116505 -0.141595155411119
0.0474255205359538 0.0771494638706294 -0.113349361459864 -0.167653624961439
0.0796831859447407 0.0465779158378381 -0.0940698976500039 -0.138466651271354
0.0787307598599279 0.00923535535410692 -0.0794159228001966 -0.103721791530799
0.0586029787137188 -0.0211685284899424 -0.0394402372968662 -0.0784198130323974
0.0466602305307524 -0.031258260304504 -0.0133540549441013 -0.089400824209378
0.0425019884540266 -0.044040855285505 0.000698378051284664 -0.0913087268843353
0.0318770592146751 -0.0433360718493254 0.03478179035481 -0.0891859956314556
0.0381526181496595 -0.043852947048332 0.0808296140903023 -0.0910895316771273
0.0585361388541965 -0.0303108521897054 0.11999936656672 -0.0703887996067859
0.0661508119942284 -0.01329526678854 0.148175365680657 -0.0180002947507134
0.0826560633122458 0.0204466238012715 0.112782745925093 0.0403152144644745
0.0782301612976463 0.0574904868857425 0.0518139213945092 0.0532352324818544
0.0377631426013192 0.0994355951170467 -0.0146570566359794 -0.00608262433608695
-0.000868893047795501 0.110904353980096 -0.0390091511025816 -0.143974581565618
0.0171877056759634 -0.0290186232764316 0.0533766736678566 0.161367002326162
-0.012727882009676 -0.0366310060677996 0.0343607348928457 0.0382007826962068
-0.0293088934633202 -0.0257871263676247 -0.0420411618954702 -0.0463698450465002
-0.0231613229602834 -0.00374094825132539 -0.10579343080157 -0.0501490816019625
-0.0110078047750176 -0.00408202869935878 -0.158994140979594 0.00428352184664613
-0.015768640975639 -0.00534668636734174 -0.144487576666559 0.0768644178404187
-0.0238426753106429 -0.00106875227644597 -0.0927202520657903 0.106334608483547
-0.0204661482183055 -0.000176243545607687 -0.0447826593037834 0.104255836840705
-0.0251285115440935 -0.00787285055441148 -0.00801701077125342 0.101164893016449
-0.0199879733987968 -0.0220887164657478 0.011509757979355 0.100612643216815
-0.0102570668247841 -0.0271999869309153 0.0322117631763089 0.08734535696719
-0.00202008207056629 -0.028928210492804 0.0570171211035065 0.0951302544129852
-0.000188530042914596 -0.0346116846708062 0.0687210625605176 0.118914695522023
0.0198693777242096 -0.036146946197574 0.0950453628181982 0.124723446633569
0.0366308451220778 -0.0260301913864599 0.113024251569352 0.11793839483425
0.0539620975735511 0.0402751105742159 0.0319568084559463 0.143179686386785
0.0239218303390569 0.0228603288523252 0.019166539919365 0.0244424167735875
0.0224274813257202 0.0172147756428538 -0.057831934346891 -0.0586542266357986
0.0346100740640352 0.0184707573619971 -0.115576143691278 -0.0604164500479936
0.0411138986521988 -0.00982069178209785 -0.165672236518934 -0.00211699582387935
0.0282083523907055 -0.0299980455433485 -0.149561298435604 0.0683735088197368
0.0062562281034237 -0.0421600885515535 -0.0981432397694737 0.0996743497058952
-0.00450484692787217 -0.0416800943775617 -0.047405695179947 0.0947035431597185
-0.0117608089503552 -0.0547634815648343 -0.00752385235375804 0.0901749747447543
0.00662778333393986 -0.0645592192753614 0.014718791250922 0.0863521457873632
0.0262174963709019 -0.0638480541054098 0.0386684290502748 0.0749257951721233
0.0595919727324236 -0.049719769489741 0.063011044312324 0.0865797771309298
0.0690157137831545 -0.0258541126747935 0.0691157466074883 0.112185424662975
0.0751357915623118 0.00705337284766797 0.0894197355072528 0.111168413086663
0.0830372319814074 0.0376275479776909 0.104138433310132 0.10172799803143
0.0841573441210326 0.104602935781647 0.0090034440837933 0.10191694574783
0.0616555878155532 0.0836470437526392 0.00439187123719825 -0.0103440252374558
0.0785678322242115 0.0601026394571593 -0.0750188002451791 -0.0847172101087008
0.0951173317005905 0.0354377724043889 -0.126673086263262 -0.073605328611608
0.091456946072072 -0.018867812864144 -0.163756863354781 -0.00655769159117448
0.0681579372275761 -0.05381530819931 -0.140991154741723 0.0538332963708243
0.0354885036596978 -0.0783817311793865 -0.0922672133310294 0.0807577737329736
0.0112089600486212 -0.0769786208440798 -0.0426040037101104 0.0723771349407887
0.00186644140095911 -0.0928449936326393 -0.00440882430996341 0.0643395516994201
0.0302155588045882 -0.0970438502779616 0.0196257644664362 0.0576106162336096
0.0548791678221359 -0.0926844921681036 0.0501091978533554 0.0514127424570665
0.105508894692609 -0.0683876707452423 0.0732562326667255 0.0726249034445098
0.125119565407846 -0.0217878912061245 0.069312072654579 0.104351606014114
0.12047128653549 0.0425225928088344 0.0722211818739516 0.0964249079818748
0.117528977308174 0.0931980136591864 0.0786329767974587 0.0725284094026813
0.104518084127775 0.152733461246634 -0.0175867233801566 0.043125844390321
0.0979833134157067 0.133053772149265 -0.012781157960527 -0.0582754484228513
0.135609319630101 0.0909085351066747 -0.0907381248426289 -0.114040459912866
0.152030913364066 0.0385661725755512 -0.134890403040567 -0.0875557015488955
0.13012382862625 -0.0361305621812318 -0.150939001570411 -0.0120621425031731
0.095443507604835 -0.0749713957078813 -0.120059740954175 0.0327918338710256
0.056778160484861 -0.105858621852429 -0.0763516706359232 0.050897023414428
0.0246883315323176 -0.101155119443782 -0.0328752960343231 0.0390298201945643
0.0167387955315092 -0.115562599419524 0.00228315702716608 0.02921488062807
0.0519610828635845 -0.113716040113581 0.0276056553442673 0.0207186438514502
0.0782393207222768 -0.104306412876193 0.0630954516024072 0.0223656551599384
0.137141085886972 -0.072123896288139 0.0832173489091556 0.0555959854613733
0.161523769255759 -0.0120437679734955 0.0669048851925236 0.0951154533665054
0.1459760417265 0.0731775122113559 0.0472049489810524 0.0815067062821185
0.131550828923974 0.136193320813208 0.0431033926638535 0.0343629119029972
0.111388447256643 0.173342726431871 -0.0474296060986924 -0.0221524021463822
0.122761403851484 0.157059882792358 -0.0385095824064862 -0.107095895816667
0.173636876475223 0.102374401898966 -0.103154881509172 -0.137324104483443
0.187549845088198 0.0291702735876041 -0.133512702956458 -0.0973781385938438
0.147603327041916 -0.0526774055970853 -0.126227900615103 -0.0233188867016519
0.104429456214982 -0.0882786193662012 -0.089681814258603 0.00388466713386388
0.0659349424729463 -0.118352141694071 -0.0544159970441164 0.0135883339273143
0.0339752497876482 -0.109902398096634 -0.0180533940981092 0.00114181225989193
0.0313722983556785 -0.120031096910313 0.0133003603939745 -0.00936863240489061
0.0712286305472747 -0.111445884441615 0.0403188589433357 -0.0174899926351822
0.0963205990537985 -0.0950184918404848 0.0796583350840559 -0.00581480873544692
0.153183142674052 -0.0551611820083295 0.0914184215044408 0.0401916442672038
0.173649055310552 0.00944047385650111 0.062350131122804 0.0834342042517493
0.146281475907596 0.100276328899281 0.019816768529006 0.0641045587521211
0.12160322458452 0.162485390223026 0.00640032290675859 -0.0101922469574986
0.0998293135510489 0.164689412119606 -0.0776267275902673 -0.0790130870179823
0.123751717137113 0.1510253327519 -0.0689578865881606 -0.143612516325894
0.176334375035574 0.0935512927258511 -0.108916082783372 -0.146649463233254
0.183679083376409 0.015677540785536 -0.119345587645358 -0.100488162813124
0.137091233424936 -0.0588890236266329 -0.0929316985654392 -0.0403090280617146
0.0960687697420789 -0.0865429627716762 -0.0587193702100397 -0.0313274596025115
0.0643630743888983 -0.111478406520256 -0.0327356202401805 -0.02670751726354
0.0383810280367671 -0.101580608817605 -0.000857148099843895 -0.0367150882754898
0.0421870631866584 -0.107012961963857 0.0311545537640799 -0.0452535953243546
0.0824696868031881 -0.0920819627234194 0.0609148004004938 -0.0479536986384547
0.104055770474448 -0.0684405548616437 0.0996646907263168 -0.0232176024148444
0.149501381229989 -0.022284563431589 0.0990944756781925 0.0317785981576823
0.159122489358391 0.0385689098059024 0.0552649621368827 0.0718528797819382
0.121126392963337 0.119040724151753 -0.00236982907534083 0.0416858055738097
0.0895219231510853 0.166621528346778 -0.0225275319305278 -0.0569215271756269
0.0677549527243514 0.127019583057952 -0.102253558300026 -0.117825180187827
0.0974273378984848 0.11862928297362 -0.0970954947269874 -0.160517052038176
0.1411209715721 0.0703299978745293 -0.104523085185871 -0.142000356878376
0.141835326505778 0.00627849483902782 -0.0985131405658112 -0.100140563633754
0.101722205485875 -0.0484117638894404 -0.0606328550345143 -0.0589559212600359
0.0727649641630738 -0.0660720015684178 -0.032036236725121 -0.0639805817508232
0.0538763898218417 -0.0846902077874709 -0.0138384823070675 -0.0627843714435721
0.0367692701741024 -0.077831168277165 0.0171409895972485 -0.0670024150549593
0.0444071827539238 -0.0790200624558015 0.0537327722952133 -0.0725231790187238
0.0779364820463573 -0.0622552883706651 0.087315564819591 -0.0665395064799629
0.0929753285762977 -0.0375430862084408 0.122203503851392 -0.0284746779623874
0.12341863279137 0.00688291840012591 0.104758316419634 0.030791678428348
0.122704603834564 0.0565803937674685 0.0508351585714447 0.059727185802855
0.0802383369847217 0.117687004809768 -0.013919358416453 0.0163743139347718
0.0468864455764759 0.147296626548673 -0.0381676682840411 -0.101178127580859
0.0191518276131488 0.0728340708169556 -0.114240161034842 -0.133149712386086
0.0468372887480769 0.0716771297375047 -0.112069092040623 -0.156585617095093
0.0759985491988684 0.0421213912813324 -0.0925947115772267 -0.130855250019776
0.0754398799907498 0.00677821160715119 -0.0781363139379033 -0.0976168989268911
0.0550751587208867 -0.0209987632653018 -0.0395189499675045 -0.0747197114048851
0.0429932514386478 -0.0305737623226557 -0.0163662750685828 -0.0859150270924144
0.038816526213217 -0.0430131237484681 -0.00116259075058836 -0.0874557959715858
0.02878005280015 -0.0414639383058185 0.0312240724567422 -0.0864248937937665
0.0347550369602294 -0.0424112993576906 0.0745719042941236 -0.0884338180077018
0.0542973896425214 -0.0311905260877976 0.11196913484553 -0.0703797194341961
0.0619897705369154 -0.0146785169752702 0.140530961157647 -0.0205153547050364
0.0793684567602001 0.0166680659418766 0.109243448204063 0.0358892459343018
0.0754495198051226 0.052005775983952 0.0512045278699501 0.0497358037614642
0.0385049858186641 0.0924796723734433 -0.0135830109612385 -0.0049307681190588
0.00331475288098354 0.104150179901467 -0.0410220301236852 -0.134863800991203
0.0163624462306145 -0.0271224628857558 0.0516520617037058 0.153220025617294
-0.0114135680688637 -0.035289604370435 0.0328347512698731 0.0361528776051813
-0.026425799145955 -0.0248054586236018 -0.0402281149379199 -0.0456368890326206
-0.0213555408534789 -0.00385270743047793 -0.103124415681534 -0.0496285598445192
-0.0107508769520506 -0.00480137942272986 -0.152726386342583 0.00411711176154986
-0.0142351457334796 -0.00572685950021596 -0.138117583520634 0.0745957308050349
-0.0223696249351106 -0.00128107252432751 -0.0884600220783479 0.102344752909873
-0.0191882395941313 -0.000694604930770612 -0.0440090732141959 0.101037878921913
-0.0236252299306595 -0.00796077989105203 -0.00712503187644844 0.0970125455333328
-0.0196709986504301 -0.0205483416160765 0.0120235655590875 0.0970689987308963
-0.0101467944766588 -0.0261474934505618 0.0307288031461831 0.0841054439757414
-0.00162472927541022 -0.0283281196069969 0.0543120358416366 0.0905188505896411
0.000364933886073406 -0.0328946328359338 0.0655602019367229 0.114884823918898
0.0185937989769351 -0.0345732782777107 0.0906703496515845 0.120096898127365
0.0339211108369163 -0.0243791194949362 0.108800601826054 0.113912842714996
0.052116100434282 0.0387661295233511 0.0307356113045428 0.135692630175336
0.024422933380608 0.0219694475991232 0.0176773520543751 0.0225925928016577
0.0231492877945811 0.016511259690247 -0.0555929952581308 -0.0579293341694316
0.0349138574359833 0.0171672103498791 -0.111655855115045 -0.0600857760457844
0.0400279381513379 -0.0106526299922771 -0.158925134763137 -0.00197672114934062
0.0273484575202487 -0.0300148687269869 -0.142867386395897 0.0660039161701887
0.00599509800044936 -0.0406027734869368 -0.093559459402761 0.0956397963545467
-0.00405447167970552 -0.0403847275607362 -0.0458642524089489 0.0915640964119656
-0.0107669039189867 -0.052612570230944 -0.00694560951787806 0.0856599583881705
0.00600953153102384 -0.0618050574931467 0.015001484562598 0.0825817731654993
0.0245795490295701 -0.0616815888093048 0.0373567434327908 0.0723379554221924
0.0571444179778293 -0.048643418051819 0.0602831191989028 0.0820787907228197
0.0666203966588151 -0.0253151326638806 0.0667903129287799 0.108411239469701
0.0722972857485627 0.00684868172228418 0.0859367229332769 0.10689634720146
0.0791182458326759 0.0363716918507747 0.101036420447799 0.098908194286543
0.0812889858269052 0.100156164568579 0.00764674971601206 0.0960284394429771
0.0603768336505103 0.0807232251504037 0.00464269344227549 -0.0104955069374906
0.0768366526366766 0.0580003965455663 -0.0710508292791815 -0.0821324264242211
0.0937244937169788 0.0330111701652954 -0.122588235093745 -0.0728931224053211
0.0885888806917253 -0.0194805146596067 -0.15737020854976 -0.00714427453320418
0.0658946239853279 -0.0527275897232035 -0.135296737312658 0.0511966158726063
0.0332933761809502 -0.075722341053417 -0.0874730053998527 0.0768573041276818
0.0105201877901372 -0.0743885083986882 -0.0422525883639633 0.0693210902663778
0.00202975269023936 -0.0890687420119919 -0.00392280036454519 0.0607703700370439
0.0278710072721833 -0.0940064462459195 0.0199133453268339 0.0554488159277752
0.0525299648967696 -0.0897536319498318 0.0485555699983012 0.0489682801279535
0.101535673913839 -0.0673836378068662 0.0705227962494475 0.0692797550238547
0.120538956627376 -0.0221404143850937 0.067071885739394 0.100031862731736
0.116241725528363 0.0405286036538869 0.069053045770564 0.0931339501024571
0.113165435332572 0.089096398972392 0.0765943709632802 0.0699726144475741
0.101236347362296 0.145075487732981 -0.0183083966076425 0.0392982261481153
0.0954641084834121 0.127593338783447 -0.0121896315459094 -0.0567112725038832
0.130976895034178 0.0874588054861114 -0.0861027190378034 -0.111363312250466
0.149251457449135 0.0358907861847077 -0.130468650012716 -0.0860845854399345
0.126417196845077 -0.0353051832031386 -0.144758045259543 -0.0127864865594467
0.0917417446691054 -0.0729452283412309 -0.11493659793062 0.0309411800863949
0.0529222817616375 -0.102119963288056 -0.0720256391403797 0.0479264245099313
0.0234319791711731 -0.097652360430025 -0.0323550633523742 0.0366512029318131
0.015346786664079 -0.110934321955186 0.00205641670567457 0.0272100213623972
0.0487382345738645 -0.110337716704423 0.0263874961577616 0.0196798644328057
0.0751091653081431 -0.100373982584564 0.0613235925754324 0.0206942087526351
0.132097697859712 -0.0707022824753081 0.0804406973072873 0.0531430178356022
0.155231819931704 -0.012738674245583 0.0650059530981309 0.0906341000876384
0.141010522040462 0.0696746908490688 0.0445956841488566 0.0785437234863402
0.127106034464188 0.129592760699004 0.0425895853964888 0.0334998773910376
0.108222599210316 0.164296443750538 -0.0472437497962592 -0.0222089721651519
0.119163370813517 0.150651686054526 -0.0367273780770792 -0.103120448140887
0.167253390336107 0.0981968913477606 -0.0979408780532836 -0.133797352354987
0.181846760780879 0.0276537010930614 -0.128149262384851 -0.094975911220614
0.141970212239098 -0.0513443269416703 -0.120630164902182 -0.0236069097340517
0.100805970315862 -0.0859690401993646 -0.0867421902994498 0.00237144698849489
0.0615833805124873 -0.113697384304751 -0.0514215461737744 0.0118528194326883
0.032313249387209 -0.105701646806151 -0.0181178138967521 -0.000101159909985816
0.0289956768989315 -0.115156563191576 0.0129869275640235 -0.00968511737076154
0.0672334802377452 -0.108404732330682 0.0379904645405759 -0.0165692729889002
0.0927908020483904 -0.0916557535236859 0.0767497746844054 -0.00648254693210641
0.147453587743118 -0.0545402083113928 0.0887610058076333 0.0377402324777454
0.167152850468326 0.00858548498306936 0.0606069154893814 0.0791457030753704
0.141663304038879 0.095189615383972 0.0188890491201206 0.0614932212865606
0.117718298630329 0.154582803871427 0.00690169884547901 -0.00906189320640584
0.096492739304637 0.156063331443634 -0.0756289291595641 -0.0775136835670948
0.119530487334418 0.144830180326347 -0.0659171750945011 -0.138034690941101
0.169600920196828 0.0900967913685721 -0.103084581048093 -0.142264720797107
0.178237473118887 0.0144798879950583 -0.115137757226227 -0.0985835852910946
0.131696125842812 -0.0570328639464207 -0.0886130569284382 -0.040323960721971
0.0921687383630979 -0.0833264694287225 -0.0563929212927577 -0.0310060971597155
0.0598362731292496 -0.107419504871919 -0.0299567166082346 -0.0269414547738435
0.0363475116796811 -0.0979970201455641 -0.00112588485291535 -0.0358025700538002
0.0398121918583345 -0.102213653139528 0.0302200337780835 -0.0441994472139641
0.0780268304384189 -0.0900707431349277 0.0578876254506152 -0.0462654759446345
0.100197612449613 -0.066459805870094 0.0958840607553297 -0.0236374576935552
0.143857811970455 -0.0232098782455383 0.0955087100695257 0.029795537855986
0.152705035547964 0.0360332975506451 0.0541787223335969 0.0680867400545587
0.117428260185594 0.112781918159628 -0.00255594783263095 0.0401276766483831
0.0874529178937183 0.159264351552809 -0.0206305720928108 -0.0537128346107233
0.0656557857094816 0.120544000192298 -0.0996039466574145 -0.114358765984467
0.0935940117576644 0.113517073286773 -0.0930671069659386 -0.15368668331306
0.134963863863188 0.0676155657801129 -0.0997878001270009 -0.137455814069517
0.136698127157883 0.00559595021031724 -0.0948092934523572 -0.0972998961171217
0.097916254459332 -0.0464860433275839 -0.0578092679970046 -0.0584987524004279
0.0696385799840441 -0.0633558503862511 -0.0317585310975378 -0.0625210516989685
0.0503223638481294 -0.0816067527319301 -0.0128124877536571 -0.060927708156034
0.0348530546943161 -0.0741080215253055 0.0155481318019287 -0.0652776257564343
0.0418998473244122 -0.0750751128219793 0.0518692711782951 -0.0702638531878884
0.0742138003343884 -0.0604093927709732 0.0829028817905559 -0.0635957180850519
0.089978235770754 -0.0364526280558403 0.117612315185386 -0.0280512355993975
0.118531121306273 0.00559300529071923 0.101747954882283 0.0291643203200132
0.117686508263865 0.0539569582898676 0.0496826213131128 0.0562845724859911
0.0780904957608729 0.111935904499046 -0.0132986695056035 0.0159445960424054
0.0460638140499745 0.140218582715439 -0.0363853006268848 -0.0961971101455205
0.018834954819619 0.06844867459835 -0.110632800889812 -0.128672379274997
0.0452605716183715 0.0678448863665441 -0.108028603298584 -0.15018153251296
0.0725488930043168 0.0406906047813951 -0.088471175304742 -0.125753850142397
0.072571703884376 0.00619011801068034 -0.0750843902341536 -0.09470639095537
0.0524607281664787 -0.02040631706855 -0.0381303366649421 -0.0725039282048442
0.0413533328569268 -0.0287372198928189 -0.0169681784758007 -0.0836536465381906
0.0362689449085908 -0.0413289954554012 -0.00118345040635725 -0.0836390415994846
0.0274668052912194 -0.0402884857325875 0.0303398186495688 -0.0835772385699732
0.0326861791850363 -0.0403058023890266 0.0718406550270354 -0.0850944778024573
0.0517383516553042 -0.0304955885622244 0.106539376723139 -0.0673791278499801
0.0595523276799373 -0.0140998798378346 0.135316791189327 -0.0208755967578479
0.0764971032232914 0.015363418896918 0.105436181885414 0.0340786352653379
0.071554973809204 0.0500212831578531 0.0498526103287366 0.0473598935837497
0.0372039872461245 0.087965143972175 -0.0132982086085874 -0.00465888691342988
0.00412497208297118 0.0987182223055166 -0.0390822393283984 -0.128545457022478
0.0157973932451555 -0.0252957166528321 0.0482480947964818 0.150092730670762
-0.00974227617959657 -0.0341995847128667 0.0321842958178158 0.0353142925651482
-0.0245968092069387 -0.0251925959805656 -0.0397142810593002 -0.0463787923454398
-0.0201215684913067 -0.00455428913226233 -0.1016058508134 -0.0505618104073813
-0.0103128833539594 -0.00637384462218866 -0.150461196363979 0.00249505458490333
-0.0138391075472304 -0.00670906247448872 -0.135250780981172 0.0721104713696616
-0.0217948289026013 -0.00137091697735254 -0.0879328994071843 0.0996671711218617
-0.0188140752826032 -0.00144686059222425 -0.044776676951349 0.0987992571182005
-0.0225105450223801 -0.00812429048506083 -0.0080802321975061 0.0950062295863701
-0.0185948794281288 -0.0207677856818085 0.0115508364476535 0.0953757821789678
-0.0102117581861342 -0.0262320293432148 0.0291933063839271 0.0835455369264392
-0.000716526365817346 -0.0278726865831559 0.0515524322375401 0.0895758900748006
0.00114933970458254 -0.0323285807922427 0.063286248136814 0.114737133801773
0.0188588819349859 -0.0332308805779308 0.0877934278903596 0.120228421558695
0.0326242425437651 -0.0224890892025823 0.10672129388887 0.114339154608063
0.0502492061748139 0.0392150540855912 0.0279122043550976 0.132598274885162
0.0245886627163222 0.0221368467301171 0.0176440858234931 0.0218563802715639
0.0236776890353749 0.0166004990526449 -0.0535513009614188 -0.0587695769826929
0.0356138767419161 0.0163778346059949 -0.110677792185549 -0.0616469753975496
0.0401554706741039 -0.0113636401972136 -0.156748487622601 -0.00434103328908762
0.0278278467216948 -0.0307410337950999 -0.140814211013309 0.0633434163868613
0.00645502763832517 -0.0399827415143176 -0.0919654858831324 0.0922283757457414
-0.00382729019566428 -0.0403335193161606 -0.0469649895142579 0.0897465150038418
-0.0102660750761274 -0.0518982660834846 -0.00795703218133922 0.0834683100491477
0.00642356706436154 -0.0610240873633893 0.0145137360324525 0.0811171359717987
0.025315112393878 -0.0602925060584324 0.0360635729812867 0.071258924376927
0.0568529159836215 -0.0478370990012114 0.0581681826134843 0.0814903756251878
0.0662305690890558 -0.0243186758770045 0.0643972704327755 0.10767114713308
0.0710169948791829 0.00775599085756637 0.0830921952033118 0.106508039811446
0.0766327231779037 0.0371500363734296 0.098985144639376 0.0987708006777151
0.078420386621316 0.0986747596962302 0.00560229124356894 0.092982074971611
0.0593636182577494 0.0802147874386864 0.00483868775578852 -0.0107430571930498
0.0763962729846199 0.0576053005265508 -0.0682626169820266 -0.0834103979784055
0.0939458020847843 0.0325783985702788 -0.120671947591272 -0.074669849575796
0.0882229666414785 -0.0193288578161893 -0.154489672940169 -0.00964703017268549
0.0655080074092917 -0.052889606378577 -0.1332044074604 0.0487477139280194
0.0334063177272553 -0.0741758777679087 -0.0852994189554184 0.0739849297964062
0.0110830990885425 -0.0736775816590957 -0.0429328692010423 0.0670648953862253
0.0028060089813225 -0.0869613573181022 -0.00452554526492929 0.0590995829867875
0.0282881326375391 -0.0925399809875288 0.0194891102558145 0.0541656946310582
0.052380280298987 -0.0874659959610737 0.0475091035336914 0.048476243689383
0.100873730673861 -0.0653143606042152 0.068962260033741 0.0677462922432733
0.119134143889568 -0.0204386217744486 0.0650034118039649 0.0995652251323921
0.114422524466458 0.0413839581727673 0.0668622242666681 0.0926924269049108
0.110062069163037 0.0885539732390354 0.0754949271259203 0.0702567613751645
0.0980268585031106 0.142688261199323 -0.0190589485041897 0.0373652935455531
0.0930397615507828 0.12671470273455 -0.0106519220990963 -0.0563028781685999
0.129017766144262 0.087679187180656 -0.0826361071022765 -0.112182344508102
0.148323509944269 0.036025114740504 -0.127765721174478 -0.0877689620603135
0.124719302111508 -0.0343130780787656 -0.141273070786228 -0.0160515151528943
0.0915945274320834 -0.0724625285590664 -0.113233444286226 0.0285666433173577
0.0520557374527569 -0.0996159680732076 -0.0698990716993325 0.0455358812884607
0.0235768571479686 -0.0963227590412637 -0.0332349488060146 0.0356718066120851
0.0159823899260431 -0.108305086884089 0.000977674676744229 0.0256004637943166
0.0485462345342215 -0.108662553554894 0.0264265572476347 0.0193629312797765
0.0749905460231345 -0.0981120322147465 0.0600902921412836 0.0201928085618258
0.130477639934618 -0.0690063349573828 0.0788412261580509 0.051951175958304
0.153064878064618 -0.0108483261673093 0.0633772109332348 0.0891624744382892
0.138356188040483 0.0697124705253219 0.0434506086499538 0.0781096265195739
0.124217248709597 0.128725715269645 0.0423538826605699 0.0334509038141086
0.104400596000128 0.161323827003795 -0.0466746541649532 -0.0240025774869992
0.116429215368044 0.149166391379503 -0.0345021886103964 -0.102806955788316
0.164159435850544 0.0989498604244112 -0.0935051832279487 -0.134799521973114
0.180825499114277 0.0285461027266644 -0.125610180018194 -0.0972648856428742
0.141404825173384 -0.0495014207525678 -0.117766784526997 -0.0262380352921295
0.100318875652116 -0.083950237606089 -0.0853367689779202 0.000675235453679419
0.0606524662923402 -0.111045970749378 -0.0490943699002178 0.00987051224671512
0.0321989908834803 -0.103839062603332 -0.0187166148469252 -0.000689007084060033
0.0297025024138444 -0.111686022014957 0.0128766830540688 -0.0102985314189463
0.0665025068603348 -0.106852008089833 0.0377543018068451 -0.0162703206750477
0.0920993360667837 -0.0895000476878766 0.0754327581793262 -0.0060221548295606
0.14584537059166 -0.0529981424066061 0.086826280250547 0.0378433255140579
0.164268153204411 0.00977699320956793 0.0591177319016241 0.0783123823404372
0.13819770772914 0.094457445313788 0.0180192855332219 0.0609432611323095
0.114184390039271 0.152463867911984 0.00809697444866984 -0.00841721795839154
0.0937361193978056 0.152375901608592 -0.0745155004344965 -0.0779317607124488
0.116447609497695 0.14269003204716 -0.0635592434382617 -0.137059567028652
0.166002193984421 0.0907152115151381 -0.0987695017404996 -0.142468131980707
0.176564973988427 0.0151987419126906 -0.112614461096087 -0.0998951812219614
0.130209963399373 -0.0546956778621576 -0.0857995337740677 -0.0425176614721837
0.0920599851612172 -0.0816567069086436 -0.0556286794256643 -0.0321627801970299
0.0587197100076758 -0.10440919816156 -0.0280052858375582 -0.027936917676573
0.0362498985725404 -0.0954086959817194 -0.0015968012795217 -0.0361177460167864
0.0399542738062618 -0.0989947552227413 0.0300934490955496 -0.0434958554219815
0.0770330363980277 -0.0882460766919083 0.0573690377887895 -0.0447893483718418
0.0996923244643084 -0.0644928604116373 0.0951051766509073 -0.0228365896081197
0.141947578028999 -0.0218322774184119 0.0942642834385952 0.0298230031270443
0.150149455988625 0.0368325479336779 0.0526404280047426 0.0669885482018077
0.114163168667747 0.11142379329446 -0.00303516429347429 0.0396765636000763
0.0849627263179079 0.156330109722635 -0.0197775294374831 -0.0527045383454461
0.0639702869981679 0.117321183489591 -0.0972051441851203 -0.114187326902177
0.0908694669601315 0.111514573419833 -0.08931739403483 -0.152552214928521
0.132281093249804 0.0681657333312105 -0.095826763189883 -0.137226276001075
0.13566669884591 0.00605461625386741 -0.092781567756765 -0.0977081089124066
0.0970850061355248 -0.0443036155832357 -0.0563551750357007 -0.0598904437467943
0.069754118217482 -0.0616869426644035 -0.0316681511167366 -0.0628434408272185
0.0493712172576447 -0.0794042938104351 -0.0106812128490115 -0.0609180618321542
0.0346671243362992 -0.0727509047943655 0.0158011987030519 -0.0647784083659641
0.0419600697774234 -0.0726797532274243 0.0515796774331179 -0.0687882333568205
0.0729150353779339 -0.0596224094635975 0.0818121192941689 -0.0611235430503736
0.0887571907387417 -0.0347953284656841 0.115507923033082 -0.0261478356186756
0.116593978586039 0.00662781285729282 0.100667055153345 0.0297061058106874
0.114897242205951 0.0542866269110239 0.0483811159600661 0.0558231195635005
0.075086221628823 0.109807644365649 -0.0133751762951118 0.0161486028434006
0.0441187879857815 0.137294146643923 -0.0342788638794647 -0.0939723144874218
0.0178499123098071 0.0663416467513733 -0.108361611590561 -0.128327772919404
0.0434773332566927 0.0664006828851521 -0.10503517399894 -0.14880920496936
0.070583098327326 0.0415256071710637 -0.0852533425490501 -0.125657983220928
0.0714991102394793 0.00679110947005775 -0.0738842027490967 -0.09380041055772
0.0516523468541273 -0.0190780325457782 -0.0368507232398755 -0.0731667213557907
0.0413388229324724 -0.0270151247100144 -0.0167484719696644 -0.0835173373213327
0.0358487677355444 -0.0403317555943355 0.000279379742050947 -0.0824884490619333
0.027227232351196 -0.0390997431454781 0.0305641022199359 -0.0826386260827912
0.0323287385655677 -0.0386734370035185 0.0720840116107797 -0.0835021315766926
0.0510449189750918 -0.0300689397754229 0.104957602333118 -0.0644070078631357
0.0589589361494182 -0.0132588983649537 0.13342491099383 -0.018875386867841
0.0747685233798991 0.015821019601665 0.103790013051713 0.0347220581385324
0.0692296021543685 0.0506522468935627 0.0485284798080329 0.046544832511517
0.0349871859687908 0.0859469778768902 -0.0129096096645469 -0.00433340199499243
0.00345192325220281 0.0961167744734523 -0.0369036519798496 -0.125812761600724
0.0158161952209491 -0.0242154704767573 0.0481582569240416 0.150045919081211
-0.00902959545286592 -0.0346758775798338 0.0324941559764467 0.0352830873114944
-0.0236217542012247 -0.0256873562408666 -0.04057213660944 -0.0480433551277083
-0.0195363025252823 -0.00534572189247817 -0.103788943642435 -0.0521120687437607
-0.0102064286483487 -0.00726076739512187 -0.152684184854213 0.00158855044279252
-0.0135873430318566 -0.00740129417598957 -0.136727869164221 0.0726894055297171
-0.0210515176710603 -0.00133059236986484 -0.0891320284575234 0.0997771382612967
-0.0183638624035528 -0.00152728067726739 -0.0465829145744727 0.100565385539395
-0.0226368181012011 -0.00864347360984728 -0.00874394780954031 0.0956661063578789
-0.0187824554506957 -0.0207503290298937 0.0119337797990507 0.0971392745110732
-0.00997827576951996 -0.0265431051948388 0.0286930645900862 0.0848160547722262
-3.60163245588432E-05 -0.0289305221573117 0.0509586599371556 0.0914243261030925
0.00216191378102428 -0.0327526402180811 0.0637229343232592 0.116908636260966
0.0185556744174828 -0.0328335627989725 0.0878297012355977 0.122326599255543
0.032420699891232 -0.0220301679130064 0.107463766590115 0.11708994438648
0.050682982075913 0.040310013392193 0.0270804478634344 0.132549909279486
0.0251747564985007 0.0231752343743857 0.0186216807810414 0.0214898252898616
0.0250921679743689 0.0166058655476065 -0.0542774311584592 -0.061614093835579
0.037520374326493 0.0158236775767839 -0.112576142362333 -0.063836430092094
0.0409403269141569 -0.0120710193662179 -0.157988896842507 -0.0054489289838093
0.0282889823367075 -0.0320926753891607 -0.142000794240327 0.0630990925940827
0.00690243803604301 -0.0400536538705905 -0.0929860550449332 0.0923193981069169
-0.00372155143138436 -0.0412904869008371 -0.0491399414481701 0.0908394470031037
-0.00993361808732707 -0.0528580181242216 -0.00819955341953501 0.0840812918667887
0.00677324114071117 -0.0619182074290935 0.0150488849757339 0.0822188509424266
0.0258512059635756 -0.0611188346368993 0.0363507839311607 0.0719761121546411
0.0581510172791152 -0.0484958143047849 0.058008677673075 0.0826512181404918
0.0676339041414067 -0.0248142311335361 0.0650048697884084 0.109954272223108
0.0721773424508412 0.00852053320865894 0.0833193555912776 0.108467686014785
0.0771808007760844 0.0384746679210927 0.0999700083275387 0.101058419920736
0.0791795619582461 0.0993513150747149 0.00458270211343077 0.0921508791706121
0.0600875838612244 0.0821120670743269 0.00592792394311709 -0.0117372955131477
0.0784408708150455 0.0592626488510891 -0.0688026622479528 -0.0867845849230491
0.0972292258770567 0.0322438014202222 -0.123276234983764 -0.0776653698881699
0.0900518402819672 -0.0206180888856062 -0.156359746466037 -0.0118708116300906
0.0666965136872116 -0.0545748926679647 -0.134285024711679 0.0477628264404228
0.0336509330306276 -0.0741843791545758 -0.0856658605555195 0.0725688698534854
0.0111546738192648 -0.0751266441822992 -0.0448495889497045 0.0683675975399841
0.00285919431750399 -0.0879128576682099 -0.00521287443846681 0.0593307318629978
0.0283477693630851 -0.0939762655284443 0.0202078362660289 0.0550257913326252
0.0533223099070562 -0.0882875405927084 0.0481927315829698 0.0491849595797375
0.102972635492435 -0.0665948576858913 0.0690837150107066 0.0688284196665325
0.121025193226566 -0.0205881957889514 0.065774030437194 0.100849284124916
0.115862633473846 0.0423721394230102 0.0670296542208082 0.0947532758238507
0.111118789330429 0.0906804282053349 0.0770233033718143 0.0723263262657879
0.0979995770203992 0.143652506853938 -0.0202275988272607 0.0362357762471541
0.0941515752805066 0.128564467525057 -0.00976316397442324 -0.0569405261941864
0.130898157939923 0.0899961956417314 -0.0819201455719684 -0.116029186360498
0.151737002229051 0.03599908444903 -0.129788810349011 -0.0910373887099051
0.127540393449089 -0.0352315688547051 -0.142933688883655 -0.017782727863673
0.0931055776324713 -0.0740797654149239 -0.114808051333352 0.0275911758714197
0.0526377999975816 -0.100563039382866 -0.0694613544149358 0.0437647660051076
0.0235339308923691 -0.0977931602186943 -0.0347718133127939 0.0357209928639545
0.0166176175151815 -0.108861178532895 0.00124810969810439 0.0255457414969439
0.0488258290502532 -0.110226109689096 0.0267794046817314 0.0197411655255952
0.0765392686396423 -0.0992592219092876 0.0611585172771411 0.0206624039216916
0.132549832465085 -0.070409200985242 0.0796756973204145 0.0522545104470848
0.15610736751325 -0.0107583177511752 0.0641762340455739 0.0909857061266015
0.139640782861842 0.07103326295895 0.0432657246725401 0.0793630298044639
0.124815614135957 0.130189794976718 0.0433442852059185 0.0344551465960116
0.105036248574893 0.162334966534013 -0.0480286706586033 -0.0252499596239825
0.117285629415942 0.150917900749699 -0.0337010088108673 -0.104161591381966
0.166432686509954 0.101395548580806 -0.0931178994587914 -0.13866327320862
0.184874252086496 0.0283200496502756 -0.127817547590337 -0.100291308104714
0.143238881776504 -0.0498844811046498 -0.118802236087395 -0.0293326564798
0.102471782343696 -0.0860010607694655 -0.0869382882330125 -0.000726893839011343
0.060263248682855 -0.112056426173436 -0.0482398402574624 0.00779658124814781
0.0328923943393682 -0.105333490868978 -0.0196112022458928 -0.00150101282839319
0.0306240367759949 -0.112507331625138 0.0128290394029096 -0.0109297476399411
0.0673863911224062 -0.108278248079129 0.0390968940130253 -0.0160536482307089
0.0937798735292216 -0.0902352861381925 0.0769006268514066 -0.00663861788784764
0.147792916542443 -0.0539012640908788 0.0885611001586123 0.0378819199343993
0.165875388146218 0.0103361032873396 0.0598228463647258 0.079537476797939
0.139977631266197 0.0957530127767795 0.0178464922546163 0.062196624884186
0.115288612666724 0.153946919679952 0.00875023022059901 -0.00787829579701793
0.093928640031589 0.153247120071761 -0.0757679593858144 -0.0799401722831427
0.117875356422119 0.144766201914761 -0.0631413771399861 -0.139180484800059
0.168340013908435 0.0930045563543109 -0.0987385899294722 -0.146141555898308
0.179793917633766 0.0153016717573687 -0.114465650142894 -0.102807456192675
0.131873494305164 -0.0550337490407059 -0.0870015458143236 -0.0449381319273058
0.0936951533518858 -0.0827536202543833 -0.0572858174644301 -0.0340610950258975
0.0587088653831721 -0.105473810434543 -0.0271720009632138 -0.0299736527872471
0.0365109237403187 -0.0969958397424799 -0.00242916443748515 -0.0373252820896559
0.0409471855981164 -0.0994741220032925 0.0307287814151278 -0.04480067678179
0.0778226264196446 -0.0895924102817808 0.0582005950450678 -0.0445626147089619
0.101356604052691 -0.0647763320011713 0.0965655280315633 -0.0233066623633005
0.144066946147114 -0.0227353804811568 0.0960499287145408 0.029815465406937
0.151454930052388 0.0380934019345856 0.0533671076192445 0.0677337674865468
0.114923964627714 0.112396600634368 -0.00345210606355133 0.0401172054629161
0.0856670852846478 0.15770459333365 -0.0187781860099543 -0.0528797380187097
0.0641012434642977 0.117877962134689 -0.0985130829282733 -0.117104391926191
0.0914378951014965 0.112786316510734 -0.0899149258397918 -0.154380010189823
0.133256515713174 0.0693695224265865 -0.0953306559303359 -0.140952904661892
0.138051878373163 0.0069557185017937 -0.0940394499655259 -0.100681127913393
0.0976500106745385 -0.0441436803493582 -0.0568054281288305 -0.0619380932076528
0.0707756433339095 -0.0618053120815697 -0.0325441748861399 -0.0643967639378751
0.0493901316339513 -0.0798076946579383 -0.0101943123047962 -0.0627980713108759
0.0349721446411283 -0.0736342514531979 0.0161271945065087 -0.0661830478202881
0.0430094615136392 -0.0724799453154833 0.0525069261015167 -0.0701408768729676
0.0732412570358194 -0.0607147866911817 0.0829829992208636 -0.0609852410703993
0.0903483580860659 -0.0349076349744123 0.117769775473751 -0.0266307290110375
0.118199983388775 0.00593914184746547 0.101733028866339 0.0299632923244649
0.115589168126547 0.0556387777487914 0.0490110206408802 0.0563105607867815
0.0753850998061314 0.110999953413197 -0.014182437012483 0.0163663367110742
0.0447966021205257 0.137989708313706 -0.0340290003428564 -0.0944590428740373
0.0179131831339905 0.0660764611635515 -0.109202577499776 -0.131729579128908
0.0432866150947202 0.0670472125519656 -0.105543935890378 -0.151236916237722
0.0718007480535487 0.0422721099209166 -0.0852433843215715 -0.128403422357841
0.0726208801526022 0.0073614338370704 -0.0748747243134974 -0.0959885787416369
0.0510549853816454 -0.0186009001614719 -0.0369266050864457 -0.0752945531333224
0.0423636942769525 -0.026943207269683 -0.0174690300721034 -0.0855952009364851
0.0352609455628744 -0.040113338540539 0.00150446146447639 -0.0840637745352188
0.0273878313767361 -0.0395056343027207 0.0317826598428003 -0.0838687358958619
0.0333854238739145 -0.038247852162611 0.0733104470118519 -0.084610529370367
0.0512615524494405 -0.0304683849566001 0.1067355900338 -0.0640498742381062
0.0594880798863316 -0.0127882529162235 0.135046894168012 -0.0190923702196916
0.0758655456079998 0.0154538668693789 0.105580961753635 0.0355805169672975
0.0698006273961242 0.0512634589294527 0.0487977595406715 0.0472047601401871
0.0342109252476728 0.0862131615328923 -0.0133201685500449 -0.00387726591797587
0.00363755599355015 0.0960486393033807 -0.0366558898677395 -0.126427135590864
0.0153338336399909 -0.0240778900449619 0.058789605621951 0.14935880369403
-0.0113018904021022 -0.0336668277666958 0.0381875621579251 0.032319154933855
-0.0271214513676536 -0.0234784965090125 -0.0429135904241892 -0.0484561673633916
-0.0211737468791655 -0.00391588877778563 -0.109620406322106 -0.0476835441192539
-0.0133600446829724 -0.00574738369148563 -0.155351304512693 0.0128153521750225
-0.0150849693919027 -0.00405921182065022 -0.132537238853976 0.082759569929321
-0.0215143068089192 0.0025129487843525 -0.0814628437986211 0.107511422378902
-0.0183016825288512 -6.68482969150288E-05 -0.0396298974043887 0.106637984066391
-0.0235645235060775 -0.0066332279969409 -0.00121742557651365 0.101069076058359
-0.0218543427299646 -0.0196313936275644 0.0209168649736629 0.101073428191988
-0.0136995957727885 -0.0252181349492896 0.0366833411998519 0.0878802444419356
-0.00446118130921451 -0.0300269863896039 0.0600225311747301 0.0935124323939664
-0.00282871436008553 -0.0332825369937977 0.0757872032634018 0.120177790119161
0.0137707463281982 -0.0337475832841921 0.0990694162024401 0.123771936123822
0.0300439258134816 -0.0231782363593843 0.117013215898926 0.116541184740927
0.0574107119419705 0.0350337273040897 0.0306414056575237 0.135514563456357
0.0289907774535442 0.0209630829699298 0.0196975525360207 0.0210997544314975
0.0272027337037168 0.0139100573302263 -0.0615659683703819 -0.0582932753587825
0.0382577271963249 0.0101409217787528 -0.122010906810204 -0.0546700298172628
0.0379472673483256 -0.0157706930805325 -0.16092162835218 0.0081197178118902
0.0251862564980601 -0.0331946961383187 -0.13751224656821 0.07518208942888
0.00213798984993608 -0.0404356012668861 -0.084929515471922 0.102889751392054
-0.0065712201654691 -0.0409596038037346 -0.0425452653609653 0.096740773715082
-0.0154076039007647 -0.0524497668782251 -0.00202538904408991 0.0880060494423526
-0.000267449999744242 -0.064173127303015 0.0231410224701241 0.0865314773063467
0.0189590378073483 -0.0637574125679751 0.043678265375927 0.0741818809813432
0.0526220831208521 -0.0558250674732574 0.0661576685545813 0.0853019570248511
0.0648439571324001 -0.0308959967416434 0.073865724504993 0.112561177880834
0.073457642848556 0.00444463221213383 0.0923891551508907 0.105287804129314
0.0822849546005276 0.0365464640050807 0.108326875316766 0.095240367381853
0.091382384231427 0.0915277996448186 0.00141100750309592 0.0972501365029099
0.0695161084704793 0.0761691437992746 0.000755635261772652 -0.00984090941249156
0.0849018052890907 0.0510926221616892 -0.0814904657874425 -0.0786984890951112
0.10136161272362 0.0200106120492531 -0.136492241174606 -0.064330440391187
0.086410579884021 -0.0287766477175734 -0.158553932266518 0.00553431984141588
0.0617835698396516 -0.059801745941517 -0.130582915406914 0.061570452646727
0.025120027071077 -0.0792571896014906 -0.0781820652337074 0.0851767590035876
0.00529147509497322 -0.0763271011561433 -0.0395687830876286 0.072965598576519
-0.0060263489543501 -0.0894124187590798 -0.00122824439793933 0.0623490243008318
0.0188959516270571 -0.0985094447778502 0.0263287359778215 0.0576510113078162
0.0441796568394619 -0.0936548733107385 0.0544774473600643 0.0494694220257871
0.0962242502690819 -0.0789226140574186 0.075668457954726 0.0711727300454675
0.119872745847494 -0.0315519015056328 0.0717828628729582 0.103699206791448
0.122172084892623 0.034730553265908 0.0733248899716118 0.0888206683855753
0.12173078600341 0.0873729865310924 0.082301264751742 0.0626457436481122
0.114364617887985 0.132167888207744 -0.0306184067608999 0.0430316057033424
0.107131037783228 0.118575349413302 -0.0213915095543427 -0.0527981309928666
0.141534875817497 0.0755141771917862 -0.100746803592295 -0.103139782592684
0.156354699380939 0.0167991387985318 -0.145361246311406 -0.0728474098823768
0.12289936737331 -0.0480246537675156 -0.144981872628578 -0.000198355525810661
0.0868862066941109 -0.082879454843207 -0.111280945308931 0.0400845449393879
0.0415181948860559 -0.107981381933587 -0.0639515651274199 0.0559443914965698
0.0162965215427847 -0.0999520158528722 -0.0318263461462479 0.0388239819737937
0.00551925267492953 -0.111529848070703 0.00289947600759348 0.0258877517161471
0.0381736058657325 -0.117362019699668 0.0307456671070504 0.0211632498021968
0.0669502438603225 -0.106497563268071 0.0658950517892163 0.0196028604438772
0.126189250636877 -0.0854585443294986 0.084859483065153 0.0533842021542607
0.155606500903784 -0.0247006584477955 0.0680857918560656 0.0924437859979078
0.150177741706682 0.0612453725648787 0.046738691823187 0.072684564290521
0.139959827134464 0.127592767037172 0.0460229950988854 0.0231883509286069
0.122564324618954 0.149462357291918 -0.0637102083087389 -0.0175632789281362
0.132088369063952 0.138479101188691 -0.0500611707146189 -0.0983436112758248
0.177632730520448 0.0839428352373574 -0.114105080873336 -0.122236248988209
0.18836348176463 0.0043913141795153 -0.143367464098438 -0.0792589452641403
0.137253846272903 -0.0643747593114999 -0.119664000749366 -0.0123126094106207
0.0945447850434902 -0.0960088158382186 -0.0848304422503496 0.0103254952834669
0.0475975290781133 -0.120429451573457 -0.0448986116899428 0.0186775546865231
0.023724620454273 -0.109039189716137 -0.0188922716120367 -0.000283271788231592
0.0190614670978784 -0.116737944988668 0.0121653938697715 -0.0131874477040244
0.0564521245028015 -0.117021591126293 0.0399802065535273 -0.0170823868735168
0.0861965552347389 -0.0998081556405504 0.0800183077205883 -0.0101369826862519
0.143959219888191 -0.0701028952495424 0.0928656613357767 0.0362111220148399
0.169703781379681 -0.00500912832888445 0.0618118330883952 0.0793221861221882
0.152398517912428 0.0871351578044583 0.018979697656175 0.054858989304511
0.133617377606618 0.15226483352261 0.00883972406691351 -0.0209779461355347
0.109505885592977 0.141592665407377 -0.0939840675508133 -0.0725532791859986
0.130918125539851 0.131341409787455 -0.0820688514291749 -0.131361025138612
0.17780761012105 0.0742354837172092 -0.119861804363951 -0.129263859026118
0.181127051057776 -0.00719615506706602 -0.128611300272084 -0.0827539426485986
0.12583153882057 -0.0680979542653879 -0.0880927805597641 -0.0315150334021769
0.0866482687480216 -0.091410951494609 -0.0577486994785975 -0.0263886490863507
0.0460414526230946 -0.113655563028757 -0.0266903782979249 -0.0219853031673891
0.0282266327007914 -0.100573101622138 -0.00404777615863221 -0.0386074775728199
0.0305346511671267 -0.104596328352527 0.0286542247193996 -0.0496774960633226
0.0689364273195421 -0.0985895602470573 0.0576798431462534 -0.0481855554554124
0.0961528965652763 -0.0736960592062623 0.0988933180849549 -0.0294536748999865
0.143000266324231 -0.0373939545384157 0.0995758640878523 0.027226450180754
0.156836484960101 0.0245602021279275 0.0539438121771175 0.0667014904988175
0.127562357452227 0.105914168228022 -0.00347376374550962 0.0339131214538292
0.102801149571693 0.157610398198598 -0.020753715343114 -0.0649039195860413
0.0747320985586748 0.10971660897551 -0.115816500193923 -0.110571123813763
0.0999388577559494 0.102914001948706 -0.108810268280828 -0.146758225470831
0.140577102266579 0.0553596937724865 -0.11413338785314 -0.126849739137235
0.137925629277927 -0.0103593824000947 -0.105420515887632 -0.084549865660725
0.0919467253568139 -0.0538710430978601 -0.0595013059204156 -0.0530846923450518
0.0653174273573328 -0.0690589671545396 -0.035485979486464 -0.0604400943768438
0.0395745429191413 -0.0868237013901686 -0.0123462061184499 -0.0580372462473453
0.0282984318272815 -0.0769871507107687 0.0122356425572711 -0.069190591017981
0.0354176854702144 -0.0777101412506004 0.0492653359501493 -0.0775858141046728
0.0676926773548355 -0.068206907153665 0.0824072286241166 -0.067902195805442
0.0872441332475393 -0.0421648091750533 0.119984399787942 -0.0352524781311474
0.119746030430512 -0.00477524545582148 0.106523309986721 0.0251468926219159
0.122191941095411 0.0465420047879361 0.0499545980291543 0.0537804748298399
0.0865797842846327 0.107678867277303 -0.0134647381042324 0.0107377521362359
0.0587892219915252 0.140741843946748 -0.0377572650707311 -0.104856380993185
0.0231617431489339 0.0637759236367434 -0.124410977886778 -0.127554439955987
0.0467471076507799 0.0626421686623768 -0.120815020931292 -0.144064137531018
0.0746523229190573 0.0343962405892256 -0.100011724227556 -0.119341320841905
0.0720401045969419 -0.00128278020995689 -0.0849439471313758 -0.0871101312938031
0.0478414425975928 -0.0236393169287819 -0.0423992899715338 -0.0713254289942246
0.0391448875315382 -0.0309663157367322 -0.0234798693147064 -0.0839791412386652
0.0302559160661954 -0.0455100691054966 -0.0049600556446179 -0.0821779610644932
0.0240586967356073 -0.0426751777585629 0.0259550518861386 -0.0890651172013601
0.0293062355222357 -0.0416387784162204 0.0695834172998799 -0.0940376095054163
0.0486070530005712 -0.034755396557256 0.106290335182269 -0.0735578823893903
0.0584149570076912 -0.016613967503849 0.140327096160188 -0.0286886811704756
0.077359854387755 0.00994417532663316 0.111657946929647 0.0296226626863151
0.0743839101623384 0.0465400883481354 0.0514859604247941 0.0446070678937443
0.042457792321666 0.0852384508310224 -0.0133984119432731 -0.00827298650243712
0.0128471956236518 0.0992519340673338 -0.0418602409604533 -0.133505836556565
0.0145020591023637 -0.0239079848284443 0.0662691786198323 0.146801502902093
-0.0126086673064121 -0.0323651141499846 0.0406651443696518 0.0293651021227206
-0.0274638950870174 -0.0223898878748252 -0.0465566260015197 -0.0481814429709336
-0.0214749964554359 -0.00378692464487479 -0.114401318358485 -0.0434309839754754
-0.0140293842074961 -0.00566868227765707 -0.156580530811612 0.0208273955899434
-0.0153032306250004 -0.00440594338306609 -0.129614074254965 0.0896945817630691
-0.0213422100315619 0.00326030855804959 -0.0772211409810265 0.113131773556223
-0.018428204354712 0.000574827250380598 -0.0349254541359603 0.111042365054593
-0.024074531369555 -0.00582849902219473 0.00367034200211463 0.102525952772076
-0.0231455585008277 -0.0184119917765935 0.0276579669837896 0.101065791463571
-0.0153253104052882 -0.0246661031754107 0.0417601814896817 0.0874025807540144
-0.00614937250047889 -0.0305207279676172 0.0655308242730511 0.0928730534050601
-0.00452548709247018 -0.0337572623121479 0.0834242446056827 0.118553140251562
0.0127116800512155 -0.0341730462146475 0.107398602360554 0.120509996389055
0.0292675524750254 -0.0238815114184966 0.125208425581915 0.113206203908773
0.0597858698821924 0.034041139600552 0.0375754612652106 0.133759609828137
0.0316325345187753 0.0201467474885912 0.0217449284682576 0.0192847138896785
0.0296138923598204 0.0124680219632525 -0.0657411882203898 -0.0570586578295181
0.040515585554265 0.00708379742079212 -0.128122239613555 -0.05056469912609
0.0378726918147226 -0.0191183865947717 -0.163004745804862 0.016254025361345
0.0235369213086463 -0.0358450999150938 -0.135611373236218 0.0827294081131742
0.000327642617811159 -0.0413118273431308 -0.0813018180584603 0.107296681572841
-0.00899329556592779 -0.0412192670917866 -0.0384536868107453 0.101198672566168
-0.0181614650584634 -0.0525784507494575 0.00239678004243875 0.0898959843681138
-0.00350794491029151 -0.0648706322055444 0.0286636070239722 0.0860096338643114
0.0162274221869087 -0.0656818155218975 0.0481538331612381 0.0733126047188331
0.050264993605683 -0.0599663391375986 0.0713066143498144 0.0838454284720912
0.0641530740104201 -0.034779221072978 0.0818442232764139 0.110709369115337
0.074986588697966 0.00115946921290714 0.0988634202160341 0.102852560584456
0.0847152335853889 0.0333593760386335 0.115317492824922 0.0917131841332459
0.0970980368313663 0.0879134648221533 0.00553249411043334 0.0975658793790976
0.0753300665623604 0.0742623766241937 0.001588904145263 -0.0108490427951914
0.0909663130125557 0.0474784923094771 -0.0876220652221577 -0.0774731948263564
0.104659921174124 0.0133571746091073 -0.141897375360645 -0.0588480052261556
0.0865946870852893 -0.0348835511144977 -0.160460011484589 0.0123564915915971
0.0593914743568856 -0.0655401752604875 -0.129670039019732 0.0682736819648799
0.0213820802665381 -0.081450446291231 -0.0755938806513331 0.0881897474281686
0.000454849054182675 -0.0773698206841092 -0.0369162910323673 0.0767599748352929
-0.0107659798507504 -0.0902838922726339 0.00187666415060617 0.0624404090246486
0.0134184679885701 -0.101482012158897 0.030304188571934 0.0571320500065175
0.040799933800718 -0.097465903085148 0.0577751294707583 0.0470306848126064
0.0929916727226297 -0.0857210831212586 0.0808681846785296 0.0683705956146684
0.119927921896066 -0.0386228302894313 0.07952877255446 0.101509308025106
0.126358113703629 0.0293352538794478 0.0784570832603139 0.0869545359146757
0.128140573303481 0.0831980027757316 0.0873606016341662 0.0595055232588106
0.122173557467195 0.127813022308515 -0.0288801939674847 0.0445813920907567
0.11552846054845 0.115274086964759 -0.0230858741684628 -0.0540098421026763
0.148943517297981 0.0698735541703031 -0.107763813121347 -0.101299020368518
0.160737418574317 0.00774155036088299 -0.151998894944133 -0.0676791882819743
0.122686829375538 -0.0553093795012753 -0.14727862574731 0.00587572583680417
0.0836359014887144 -0.0896514671578103 -0.111416650349479 0.0458050165882668
0.0360737065390183 -0.110649367658006 -0.0617738914185796 0.057385234011456
0.0103125177788693 -0.101859083890249 -0.0305831399031873 0.0413356523898826
-0.000426855337522965 -0.113990674059364 0.00359456641313272 0.026180945401949
0.0318865428067964 -0.121617178238077 0.0325561521369551 0.0198246509525563
0.0627832315782469 -0.112012986885255 0.0678469651406149 0.0161878154655682
0.123951423455155 -0.0941763802821358 0.0893554034853908 0.0497650616849445
0.157657348805183 -0.0344262142161746 0.0745517926471782 0.0903598249915647
0.15593816205727 0.0553486887102713 0.0514006563552889 0.0720891589839688
0.149145194705862 0.122617076665172 0.0491916625803744 0.0209760215401074
0.131179823187971 0.14392016727421 -0.0651342383613411 -0.0156493213365532
0.141990912711993 0.134252803517788 -0.0544269214952431 -0.097203721051283
0.186228080912796 0.0756839333691711 -0.122127975382526 -0.120030421400773
0.192121680018118 -0.00594585711438036 -0.149435929331712 -0.0742410184389242
0.136876387118292 -0.0723552702864067 -0.122672996071801 -0.00821874447581228
0.0915027408622092 -0.103505737281938 -0.0864058946096547 0.0141447781817192
0.0412608228037878 -0.123872108712784 -0.0443795576238392 0.0180500017870271
0.0175464548931913 -0.111580947518711 -0.0200027152689553 0.000643932022490877
0.0128780328249319 -0.119253939681509 0.0112621105081583 -0.0142448839312608
0.0502719567830021 -0.122144850313902 0.0402148766928205 -0.0193168111861446
0.082247141298857 -0.105028662698604 0.0806128182882926 -0.015302135891245
0.142665212969771 -0.0800591165897054 0.096319462673566 0.0320759042725896
0.172300029139096 -0.0141099997932279 0.0669941275793901 0.077222507330499
0.159655684797971 0.0806223195418863 0.0222255306907886 0.0554201679148741
0.143313460837411 0.14784591885738 0.00861368112966125 -0.0207086820052114
0.117408998610182 0.137223242154975 -0.0987771933391898 -0.0690947202590087
0.139030233261754 0.12700439481553 -0.0886577605801587 -0.129414453730893
0.186066164332801 0.0663916613114968 -0.128166300009172 -0.127739047633916
0.183836659558509 -0.0173142096074713 -0.135069101600132 -0.0780083729103476
0.123700643794221 -0.0753840091426142 -0.0912922402872677 -0.0295444992300799
0.0828760519920651 -0.0985523395641238 -0.0600126068232969 -0.0245051461221134
0.0399870556700373 -0.116422654324824 -0.0274826365224428 -0.0234742347927559
0.0224146937441997 -0.103207993834912 -0.00675415423448413 -0.0392795072374163
0.0256086714914454 -0.107728772703238 0.0260696057384845 -0.0521723042464778
0.0644700753694347 -0.104210561824804 0.056668078658669 -0.0525483077965719
0.0937942512144566 -0.0800972736354947 0.0982649020038242 -0.0359486427761776
0.143873428755935 -0.0463197567589873 0.102992430912876 0.0216476742381101
0.160677505118617 0.0166611859248318 0.0586857829997405 0.0644334339486003
0.135268879126539 0.101200489119395 -0.00147963031569424 0.035239093148725
0.113588816447995 0.15407235884331 -0.0244463259399363 -0.0641932033095448
0.0816907175688057 0.106467012902231 -0.123475788670196 -0.107026797153864
0.106635575724732 0.0989158708296772 -0.116292723717976 -0.14333217812754
0.146010247581966 0.0482408331000962 -0.121755896006636 -0.124278837292704
0.139142125250351 -0.017897688262002 -0.111409987773838 -0.0807999850479792
0.0905111995560662 -0.0591016809777512 -0.0634040669121226 -0.0526952058024821
0.0625034746661901 -0.0733040906086054 -0.0401710075267709 -0.0602675565400232
0.0345959281342555 -0.0896959695816377 -0.015124054049983 -0.0601327584998902
0.0240209639485156 -0.0790911775998498 0.00864192858123773 -0.0718867503375003
0.0317379820631263 -0.0806548239177135 0.046012008144367 -0.0821368486044208
0.0646137791273907 -0.0726853132937623 0.0809255407501503 -0.0733805466473358
0.086605506784088 -0.0473865224495657 0.120886123720613 -0.0427162602495295
0.121410607957572 -0.0122985864395764 0.109989425086028 0.0197998982551862
0.126099200805059 0.040583464613298 0.0537315219980855 0.0521202126788524
0.0931193200391799 0.105528818030296 -0.0136499228387447 0.0121664818162382
0.0679322301127915 0.139024893517519 -0.0435260907722121 -0.103333100014974
0.0269843152102329 0.0627766571778491 -0.132052387247473 -0.123959879730567
0.0502231982269121 0.0614109480187155 -0.12956115322018 -0.140147061180709
0.0773868277445463 0.0317296480711831 -0.10726079548145 -0.117220250039518
0.0730533962055155 -0.00590872596716597 -0.0907946727908355 -0.0835138531782348
0.047431500802592 -0.0257587000790435 -0.0469089723285154 -0.0709118104619052
0.0385337926877834 -0.0336669423862847 -0.029086090678764 -0.0843705640103157
0.0276671128546402 -0.0467227225359765 -0.00836085277254984 -0.0846690597397618
0.0214872379483557 -0.0440197177518007 0.0217308030231658 -0.0923425991207602
0.0281296454651571 -0.0436058079759668 0.0662947910426064 -0.0993766310807152
0.0464085970856308 -0.0376857360116243 0.105026760610642 -0.079791782415504
0.0584578333851539 -0.0201110474903338 0.140674155340569 -0.0370793644828796
0.0786099289805562 0.00528452613321731 0.115423197682206 0.0252565057688241
0.0783095905150388 0.0434755406382197 0.0542099763240937 0.0425797427489223
0.0467699036944805 0.0844139555164301 -0.0142319498285913 -0.00680162584855704
0.0187049940459213 0.0994064165695458 -0.0500551253831279 -0.132551705347852
0.0135358060420259 -0.0233069449117694 0.0727349846029032 0.139656892617224
-0.0132512477476354 -0.0310676694278609 0.0416352123753746 0.0247939979223101
-0.0278356864337629 -0.0209274948331949 -0.0496487948611077 -0.0451910529918754
-0.0212813946025608 -0.00359479399005144 -0.116486162409896 -0.0358863447802581
-0.0144345181036 -0.00573013170178654 -0.153783522590729 0.0293121050197307
-0.0155060127370094 -0.00369375869524021 -0.122188190674958 0.0957315700452113
-0.0200561991977843 0.00471767546402874 -0.0700661528000234 0.116601005591875
-0.0178216876344335 0.00137706138382254 -0.0278275578218123 0.112303422363845
-0.0240103135970534 -0.00458920237265947 0.0102392479748931 0.100928152801354
-0.0239297919884422 -0.0168631735944811 0.0339018654559595 0.0984654780461642
-0.0167886160952715 -0.0239577963925269 0.0464228995239991 0.0846473781648333
-0.00822638143139799 -0.0309170046904467 0.0697341633824522 0.0882476431222022
-0.00642151952693389 -0.0331587759609941 0.0900895836910846 0.112919896531717
0.0109975686776363 -0.0334386009459237 0.112607451617895 0.112886889712536
0.0266230491184153 -0.0245801030424544 0.131162796251895 0.104880051389091
0.0612264194600509 0.0304212542878767 0.0435952776034336 0.128557538503669
0.0327522705784908 0.0188588414222585 0.0229760807959628 0.0163271651507304
0.0309687183678093 0.0102352758287959 -0.0689622021750327 -0.0532970444409177
0.0408704166331834 0.00344927279947429 -0.129847933969657 -0.042312389500435
0.0364215429277753 -0.022180774853197 -0.160191403341839 0.0249100902224272
0.0206681089559105 -0.0382232734175309 -0.128748190001249 0.0890468378617853
-0.00165735872937664 -0.0406609064582557 -0.07411839846871 0.10991537305107
-0.0118424440136795 -0.0401791487579101 -0.0319261587805367 0.102768592232876
-0.0211613484494033 -0.050665374619232 0.00770438620559424 0.0878496700920798
-0.00755573318191943 -0.0641201655676325 0.0336841769407587 0.0828996400643901
0.0119727235224789 -0.0660517582965155 0.0518270780416434 0.070035097123698
0.0458920890222311 -0.063535927657023 0.0753278929655891 0.078808787286745
0.0619107027708202 -0.0380675697754406 0.0881910224430048 0.104067614268346
0.0748042572957721 -0.00263829924688861 0.104181418934252 0.0963766747129714
0.0857425516972368 0.0286345306357225 0.120123664464999 0.08407357497806
0.101120342460388 0.0811410229272406 0.0102090347062811 0.094763485396729
0.079439702750454 0.0693969900761182 0.00144870461828949 -0.0122543997463645
0.0935509366284112 0.0408745867601029 -0.0908143749382452 -0.0721335877337352
0.105316790964358 0.00480150033225363 -0.144149660642085 -0.0504696100575472
0.084002270445632 -0.0403039783926501 -0.15843578716509 0.0204769375831489
0.0542981328870613 -0.069405309087446 -0.123842520507939 0.0741822786392653
0.0160496838571911 -0.0816694336346816 -0.0696545299822202 0.0892538279890091
-0.00443043166507281 -0.0767277730766988 -0.0321120451495474 0.0786877698204833
-0.0170709088321651 -0.0888789908382867 0.00567840465685435 0.0614861198865638
0.00635481932514777 -0.100928343317717 0.0340390610788993 0.0539017406588363
0.0345948196546673 -0.0985066895923962 0.0597874042812307 0.0433637102312071
0.0868770719211499 -0.0908924364007091 0.0839442337753663 0.0625842709994937
0.116622778262231 -0.0455681993824908 0.0854004298947867 0.0949614058021258
0.12681845472374 0.0216423461222777 0.0837106314851838 0.0817985713795781
0.131714052699055 0.0747280798848778 0.0905864103147231 0.053766643752818
0.128240270364954 0.118141614649869 -0.0267002041029738 0.0445588187957237
0.121341089537077 0.108130068910112 -0.0242874257053042 -0.0525671260801555
0.153102330860948 0.0597874632086599 -0.112053743625398 -0.0956598266943655
0.15999748161426 -0.00391093585174161 -0.154333946802076 -0.0585329196472008
0.118408687278741 -0.0626938003829081 -0.145937810266324 0.0128362111505599
0.0765672026220939 -0.095432662231651 -0.107889188891357 0.0513401119667873
0.0282880070797545 -0.111414122715843 -0.0580502103187385 0.0576085932756647
0.00338553368701109 -0.101221410895491 -0.0282390778679932 0.04340233774249
-0.00794766965085811 -0.112197264250336 0.00536537578337482 0.025074897024655
0.0232619923689617 -0.122339252177936 0.0342340795642676 0.0168169808543668
0.05599641206237 -0.114568017882619 0.0669921231001947 0.0102505051603848
0.116723752289874 -0.101594754302962 0.090762777142355 0.0431383611949307
0.153978073456477 -0.0428585953816705 0.0797693036322803 0.0842606657187956
0.157549043802877 0.0449012996579782 0.0554903263363075 0.0684971653847951
0.155415127521366 0.111851266889161 0.0501111705439 0.0181819046347749
0.137766503512285 0.134005373823228 -0.065835150181242 -0.0126928332290821
0.147676448000281 0.123851214706205 -0.0585344055528056 -0.0931504403585521
0.189538769722679 0.0627706913633401 -0.127859327782879 -0.112723994046127
0.189829526292724 -0.0190648610742202 -0.152639339873238 -0.0654226296506397
0.131472103219125 -0.0798227886512396 -0.121602470786022 -0.00252407281764485
0.0833772619577687 -0.108842089223073 -0.0848364997363194 0.0181251484535831
0.0328930573644012 -0.12430943400657 -0.043246380390532 0.0174457820903456
0.00965652876182799 -0.110507377135151 -0.0201182789019796 0.00190743416479238
0.00495649358242152 -0.118479583735741 0.0101570288375478 -0.0148991563678446
0.0415184272842178 -0.124016280163274 0.0393049540003681 -0.0219883995149008
0.0754614469435394 -0.109288770125063 0.0778562972453428 -0.0210372110358841
0.135870225070959 -0.0890623925395738 0.0969733902871579 0.0252397361468679
0.169377586553203 -0.0244426500692926 0.0713971679040778 0.0724914150725535
0.162199120741435 0.070019890275361 0.025587962608403 0.0536927540329566
0.15155699811349 0.13662523207703 0.00765476494960407 -0.0205587940034763
0.124388965671282 0.126925346941993 -0.101645635577991 -0.0640242033501594
0.144876259010572 0.117160947260667 -0.0939120078044457 -0.122649415451509
0.188401772313855 0.0540377022444097 -0.134101696057541 -0.119735729567314
0.181253315126107 -0.0291793916069967 -0.137787634748855 -0.0695571679821017
0.118589311474099 -0.0819521925670508 -0.0925589384903393 -0.0251825529900441
0.0754684716970657 -0.102827544227614 -0.0616432795167708 -0.0208579964013149
0.0318255115101076 -0.116497653175484 -0.0290368101953917 -0.0246721964305133
0.0150198271941608 -0.102420505362492 -0.00840642756306976 -0.037864995637054
0.0180359279669132 -0.107498568322261 0.022437889174743 -0.0535951880333275
0.0566535249516741 -0.106913885658628 0.0532157329802405 -0.0554150182467638
0.0884192389426027 -0.0851632673324235 0.0945361025858326 -0.0422620899218339
0.139026337487887 -0.0556040494857836 0.10307338272882 0.0150901427066427
0.160237974847033 0.00654900095413011 0.062103976953804 0.0602527242148966
0.139855506520546 0.0918394009381003 0.00112710178396123 0.0349825821562102
0.122053554972875 0.144724460024321 -0.0271779354398085 -0.0613051258826211
0.0865666981464647 0.0993577801557102 -0.12764696862319 -0.0995746006967005
0.111010917658614 0.0912942860063626 -0.122314829316523 -0.134403819077806
0.146794420811548 0.0392840967300164 -0.127889170101347 -0.116571646334603
0.136624865500524 -0.0261099397252539 -0.115457687101603 -0.0737357077989958
0.0862358787058884 -0.0633320115792998 -0.0664851495251702 -0.049247912334556
0.0571397015972264 -0.0771346628060296 -0.04388637561032 -0.0569822419835306
0.0281538983002871 -0.0886154653314844 -0.0185049138438362 -0.0609899923360243
0.0181284316911729 -0.0795123311629585 0.00397154704986952 -0.0715046101731516
0.0261849777995492 -0.0813848669678016 0.0404294617058216 -0.0838033837783088
0.0584180549111264 -0.0763993491486761 0.0759893477029057 -0.0769355501945913
0.0832028553873482 -0.0523072607434461 0.116201294295046 -0.0501708687568196
0.119351684911523 -0.0202510441679588 0.110004764502261 0.0129154845777148
0.127769560068489 0.0327271368824524 0.0563387862196505 0.0482555101585424
0.0982804962533938 0.0979285115496385 -0.0127048636030818 0.0134736682719787
0.0762046528666928 0.131624749187098 -0.048954199342711 -0.0984398835316495
0.0306422925387403 0.0589789456689699 -0.137647295625768 -0.115573798423077
0.0523648617397863 0.0575000387747359 -0.135718488482446 -0.129834900969518
0.0775732015286261 0.0266120279182232 -0.112566954998591 -0.110261257304616
0.0714989510551416 -0.00965125166677258 -0.0942296959250581 -0.0767739835668656
0.0452712818946365 -0.0269945726374707 -0.0506962634986281 -0.0682737535146918
0.0359518758198249 -0.0351940548725562 -0.0349214167084583 -0.0819681518231052
0.0239550701000154 -0.0467744428343025 -0.0124266494467256 -0.0842189048735601
0.0178144701773711 -0.0446438162588061 0.0159337496258636 -0.0928865109006412
0.0247353941689291 -0.0446487537169767 0.0588602761223949 -0.103078732900032
0.0435253281367473 -0.0400345113922534 0.0998248473358677 -0.0851712206861462
0.0568510659487817 -0.0229779843094791 0.136882613542509 -0.045457081715545
0.0779420247272612 -0.000143072605354826 0.116102068299506 0.0181319433814791
0.0790473643905099 0.0388576942058715 0.0566472084285171 0.0393761853054694
0.0503232950205237 0.0806724979651462 -0.0146100758634891 -0.00486177335269659
0.0251363088457029 0.0964394522265995 -0.0565305456116493 -0.126834525701882
0.0132036862040706 -0.0220999436772636 0.0744223164730519 0.130653031760993
-0.0128020623870138 -0.0290037787653986 0.041214078585898 0.0209396522983732
-0.0270366893087993 -0.0198921242942213 -0.0510784031664611 -0.0418825582005464
-0.0211136323057283 -0.00343023456263746 -0.114699154157476 -0.0297975451290078
-0.0150744185000885 -0.00577095544446501 -0.146776354553142 0.0348359933544635
-0.0152869014768636 -0.00325913009894601 -0.113798613077141 0.0970592890861768
-0.018596239539294 0.00494315489380001 -0.0632170861142443 0.115563403059445
-0.0171688041974511 0.00243186446631731 -0.0221569758064453 0.110309164686933
-0.0231563803294102 -0.00338602597786243 0.0143764452536166 0.096914472087864
-0.023250460880913 -0.0146634478656167 0.0374713849469713 0.093247042040149
-0.017084512591574 -0.0221534041724935 0.0485910003938988 0.0812368703000428
-0.00965839370366171 -0.0298056858896266 0.0710694443410299 0.0831389710870709
-0.00722291516015342 -0.0314761696580647 0.0926295404498775 0.10456905058723
0.00977479543523412 -0.0324073455892588 0.112711763759268 0.104663853316658
0.0241383512400243 -0.0234551071804087 0.132050117755274 0.0966978293255656
0.061084505074269 0.027174195622069 0.0461678994801048 0.121539334440038
0.0337299063477837 0.0168304410356544 0.0227692841953604 0.0132501477892083
0.0315835379798379 0.00797115428710158 -0.0695130394670056 -0.0487399133719917
0.0398821937077113 0.000109474809653124 -0.127366741780458 -0.035912288520495
0.0335877988203952 -0.0239398102470963 -0.154630308217707 0.0299111399782221
0.017715171827457 -0.0384411182519544 -0.120510584673741 0.0913330933447419
-0.00313818411972542 -0.0396507973013916 -0.0676530629111864 0.108342134780847
-0.0131709922593152 -0.0384619874031619 -0.0266379433487814 0.101443125412072
-0.0229975534342419 -0.0483975857221205 0.0108220921161845 0.0847334856232921
-0.0102167293424828 -0.0618098058779489 0.0366694476129042 0.0779296430596542
0.00910164958860406 -0.0642687886288136 0.0531844982387682 0.0662160715567142
0.0412586519999323 -0.0640381389413141 0.0763598488783075 0.0736582329697419
0.058247567001532 -0.0393172444479764 0.0909915549935936 0.0967991294856157
0.0729185715268804 -0.00509578921420095 0.104915950227938 0.0886371162886913
0.0836617800993179 0.0246814072386604 0.12004789227676 0.0767145849459367
0.100953474750836 0.0741493574586909 0.0130651062767873 0.0902683317676904
0.0807649633670246 0.0638660884911247 0.00160286246115648 -0.0131939145927682
0.0939721527355861 0.0355553583474721 -0.0913855721126743 -0.0669107461136279
0.102217460636836 -0.000716481468308303 -0.142168233765567 -0.0437764636629173
0.079236861621092 -0.0437671167428056 -0.153485804386701 0.025516874492078
0.048692237821201 -0.0706561946214837 -0.116831357162825 0.0768322463288827
0.0119417149394024 -0.0797736422325712 -0.06480627182103 0.0881414096008074
-0.00829699757353664 -0.073470795069671 -0.0279967276600322 0.0778119913860849
-0.0207257232066001 -0.0851459489250928 0.0076470497238421 0.0591686531308141
0.00199032799308869 -0.0980000343492364 0.0355493496052565 0.050123865601035
0.0295802282230985 -0.097557154275056 0.0589402361631693 0.0395214762445928
0.0798010293044755 -0.0930884378491492 0.0833734337873951 0.0568681525671772
0.111262549158417 -0.0490086657576115 0.0876766005343992 0.0879209939363067
0.124365615955847 0.0160949423299537 0.0845353664063036 0.0756555041102134
0.130807186603317 0.066649527861544 0.0906997218569197 0.0484446030575742
0.128188337863715 0.108613421266163 -0.0242474049180345 0.04333943998028
0.12300501838172 0.0996841742794467 -0.025215689020872 -0.0513376115831111
0.152216752267637 0.0508415082951189 -0.112590724194861 -0.0884836461405056
0.15545262431684 -0.0120432294634731 -0.151676431045143 -0.050851903544837
0.112373762991107 -0.0665716584059055 -0.141009408270884 0.0178803054634526
0.0695611804140363 -0.0964867896525129 -0.102688830576098 0.0535212420798516
0.0229066554112161 -0.108243352561878 -0.0551437338212474 0.0556533850048453
-0.00223922105093472 -0.0971552297465746 -0.0254437755331531 0.0430793603207087
-0.0135712097238448 -0.107723023610063 0.0060212774777033 0.024732833156651
0.0159201002063617 -0.119284696820952 0.0340097155249403 0.0142227574158069
0.0493194624947494 -0.113824014338323 0.0649596598516367 0.00764860789108421
0.107809992532014 -0.10487054475047 0.089972164542192 0.0381630621757567
0.147921352419867 -0.0482623294818411 0.0818843940136068 0.0773706542385698
0.155369775585018 0.0366671817263342 0.0571581841270032 0.0646796336431988
0.155313434123358 0.101272557356105 0.0502911163871858 0.0158469916339615
0.1382947699281 0.122898529966147 -0.0644170171649928 -0.0104698400438925
0.148697256057878 0.114418356989147 -0.0590393964015104 -0.0887071694599479
0.187101645794877 0.0522184789166342 -0.128967646485808 -0.104822202274679
0.183321989796535 -0.027793491745407 -0.150514264795021 -0.0573213285213644
0.123890169976672 -0.0837020843667474 -0.119090340750342 0.00162646795822359
0.0752884599409419 -0.109406714291005 -0.0816877264273611 0.0209434089036505
0.0267921363198286 -0.120759941271294 -0.0421215389397975 0.0158758473999717
0.00422203297667404 -0.106357423479156 -0.0194949969978111 0.00267527763368637
-0.000952502187669275 -0.114745204220015 0.0090924856533708 -0.0149212816951431
0.0338222455486857 -0.121816315125051 0.0372496833456737 -0.0231392584296565
0.0685173721024126 -0.109734132986556 0.0739138257919756 -0.023367760899617
0.126984480141731 -0.0929899560197381 0.0946322915137215 0.020472161313222
0.163119309460549 -0.0313795287949824 0.0729651120288479 0.0665858522658427
0.160293504798603 0.0607597095269099 0.0275630301474014 0.0517213515645828
0.153055734616698 0.125223662789221 0.00750808463493581 -0.0198066947123593
0.124467382765884 0.116855903240999 -0.100634803036238 -0.058490140040494
0.145746398031554 0.107764222513656 -0.0949060634036589 -0.116289133937945
0.18462665709801 0.0437289094126187 -0.134969141973666 -0.110899302567099
0.17476903574942 -0.0365414325538632 -0.136073588427344 -0.061977950424025
0.111926515104599 -0.0839341575341454 -0.0913818541998308 -0.0213935934322999
0.0680043820065772 -0.103240894364175 -0.0611292194681287 -0.0177118313659431
0.0256583949542727 -0.112958341208424 -0.0297917253338816 -0.0253331688354554
0.00937364786338969 -0.0992450131390377 -0.00995346738646071 -0.0365231610240392
0.0126249642385125 -0.104434070882141 0.0191904631845469 -0.0529481098410614
0.0489642656699074 -0.106159237601385 0.0497973497215225 -0.0563599570739075
0.082518239384569 -0.0864772124966657 0.0894824260898522 -0.0453229874279778
0.131890527257116 -0.0606956673967342 0.100232350857956 0.00993601388009941
0.155132824430743 -0.000652372074522299 0.063015653687547 0.0559402093126562
0.139061814854192 0.0827761904148637 0.00246911684539823 0.0350583210723629
0.124811459298127 0.134031234811227 -0.0284710092616145 -0.0571926461780179
0.0877301372112936 0.0912480547080279 -0.127406373036837 -0.0919304074945725
0.111411706604408 0.0839575347392564 -0.123174197899734 -0.12558755923303
0.143780990687205 0.031280024913322 -0.128445669064429 -0.107791086152558
0.13172021937597 -0.0316747312023163 -0.114249331177494 -0.0667356615203485
0.0810626880867181 -0.064392902439264 -0.0668436859869073 -0.0454882288075064
0.0517688444204885 -0.0775566626135551 -0.0455659291402477 -0.0538998418364759
0.0230241265778691 -0.0865752401240504 -0.0210392185601972 -0.0604295311918125
0.0133549951219695 -0.0770479980428348 0.000929140915769663 -0.069520727564519
0.0215282888141902 -0.0795231372181751 0.0350972557630034 -0.0833159644051958
0.052076345667085 -0.0765601547963797 0.0707950076946712 -0.0779213889812085
0.0787558175220821 -0.0544831478747608 0.110227504952968 -0.0540845349866693
0.113966581204551 -0.0252646339886868 0.107312236432986 0.00787386775746203
0.124583045385243 0.0264359893004627 0.0568946101049083 0.0445063549346434
0.0986961042393475 0.0906318300551361 -0.0119490586132246 0.0144301066303335
0.0805043749857094 0.12305311975878 -0.0509838269622468 -0.0921684505277594
0.0318916921047958 0.0556705036686615 -0.137046754515019 -0.107188170511238
0.0530523318577755 0.0533133760861761 -0.135600149749907 -0.120436738787798
0.0759207150840029 0.0224829696276298 -0.113503927651473 -0.102158562150581
0.0690802080565591 -0.012188581666193 -0.0941524854563159 -0.0706950071398375
0.0427471628299074 -0.0275123284025865 -0.0520676315388688 -0.0644354538286531
0.0331440695699244 -0.0354259001082028 -0.0376305143348057 -0.077984888513975
0.0207283394485722 -0.0456004256669956 -0.0157606285966495 -0.0825150932970804
0.0144377535212212 -0.0433737831853836 0.0113371370094803 -0.0906808641084183
0.0212029482393189 -0.0441484431114802 0.0522549849482916 -0.102350925490136
0.039244283966234 -0.0401951379713659 0.0936934971611807 -0.0865390150200052
0.0541835904497142 -0.0248361794294109 0.130851878750905 -0.0502586803820037
0.0752656118010919 -0.00359072100956349 0.113672223791783 0.012506840133422
0.0781921432443072 0.0338810570584448 0.0565352818338837 0.0358053062197124
0.0515868303769241 0.0756796495187032 -0.0142021899433514 -0.00288061787578787
0.0289105379456139 0.0904907975225823 -0.0597202442111862 -0.118705399641247
0.0131560497626668 -0.0208257833312764 0.0735391191181632 0.124560283990109
-0.0118211300693652 -0.0280786746427942 0.0399826207239914 0.0182263779527655
-0.0258530247575435 -0.018954856686858 -0.0503203976717536 -0.0395595641456169
-0.0205754100742183 -0.00363346648859707 -0.112140395272687 -0.0265457128435938
-0.0151929410907146 -0.00573343454638966 -0.142596205300838 0.036127835084755
-0.0157393821461311 -0.00365793274162004 -0.108262715505657 0.0959464856353082
-0.0172970399070084 0.00509589646542223 -0.0591119374127974 0.113583847441914
-0.0164533694429593 0.00198715844032198 -0.0195955847952518 0.108946060361507
-0.0226240537005002 -0.00278579786488522 0.0155658212541324 0.0942537348689515
-0.0230433315521107 -0.01422161366849 0.0381392103083722 0.0903402424415611
-0.0169674469357543 -0.0208339164126056 0.0490056955752754 0.0786915483438504
-0.0105801579624722 -0.0290488075013363 0.0707180679142491 0.0798460665049869
-0.00761527932185828 -0.0301869793351052 0.0920131418458967 0.0993843792543249
0.00955378209249985 -0.0313467587915827 0.111071762841716 0.0998246248736774
0.0232122962901802 -0.0221128761988305 0.130389914453736 0.0916310256849688
0.0602699624260083 0.0254223729625656 0.0459789025117151 0.116205181569569
0.0338786284288824 0.0159284260942616 0.0220665360810252 0.0112979700076151
0.0317595126832104 0.00645058152665203 -0.0693430712749649 -0.0463231904890016
0.0388848379649877 -0.00194637902048118 -0.125338183509835 -0.0326700819747275
0.0320389782223263 -0.024894045432169 -0.149831425450953 0.0317355640932763
0.0159258206392512 -0.0383943364089237 -0.115448521418925 0.0904061331438548
-0.00314124979157118 -0.0386150106290397 -0.0642926211478535 0.106521423337232
-0.0135570610232594 -0.0372402031475234 -0.0240062753902181 0.0996654137218577
-0.0238019898534508 -0.0465223788126577 0.0123853499594998 0.0821265770513925
-0.0111167216068392 -0.0596418045611782 0.0373601184473024 0.0749755899834161
0.00786757621913948 -0.0629499414095945 0.0525649217406112 0.0641524380288246
0.0379580987706436 -0.0638631461109491 0.0751814463995815 0.0709827559887356
0.0559091261468001 -0.0394473899541634 0.0903025314756949 0.0920279287359035
0.0712044160285206 -0.00621391686483352 0.103096521852402 0.0844089529706181
0.081910906492605 0.0229814774579363 0.118466956932002 0.0725474895785183
0.0991932379657871 0.069386015604678 0.013302392703913 0.0868326084958041
0.0802710515221049 0.0610726362915218 0.00175428840880114 -0.0146861544919159
0.0930574597623382 0.0309592836257777 -0.0909522032390487 -0.0635604506855964
0.0990219207738717 -0.00423629459894548 -0.139060587341874 -0.039890633185746
0.0765565442995338 -0.0454352766271456 -0.148466042729084 0.0267993737769344
0.0449266015791593 -0.0705514787579032 -0.112318115044972 0.0768487516551879
0.0101510895312899 -0.0776639497378648 -0.0622528950740551 0.0854127132396702
-0.00943884688687596 -0.0711824531132241 -0.0257101793404935 0.0763701985340139
-0.022059838199757 -0.0819126139129237 0.00857582810262288 0.0574247095561628
-0.00111531916459391 -0.0953413632524143 0.0357993072755213 0.0475505377674056
0.0267058475285267 -0.0955894098138615 0.0579606476445529 0.0379376864664971
0.0745996648873868 -0.0930896511500349 0.0823474897393805 0.0543697606682814
0.107475761420644 -0.0497560736049499 0.0874402261792799 0.0831988255411916
0.121210268960029 0.0128783453125249 0.0831268973441869 0.0722646317288978
0.128555348482253 0.0628316242685559 0.0891493274888604 0.0456034264508295
0.126066207036934 0.102246689917902 -0.0236452285552118 0.0417848549595245
0.121625964245393 0.0943952281684463 -0.0251890332344478 -0.0506081024768175
0.149375766553416 0.0455377436410343 -0.111895817512848 -0.0842418962423545
0.150826060266415 -0.0168163858962289 -0.148767379441128 -0.0469538311635702
0.107842104949266 -0.0681058589437371 -0.13736421149744 0.0192030999459067
0.0646559590485241 -0.0961463130980068 -0.0985983921494577 0.0538173254104805
0.0200233867669398 -0.10539147162219 -0.0538203842614139 0.0532162865185273
-0.00387565217682433 -0.094355500983074 -0.0237550637446529 0.0426961514113867
-0.015609398410534 -0.10413171723738 0.00611053817907919 0.0235889886426073
0.0128982839841383 -0.116676981753061 0.0338299761748723 0.0129308906259379
0.0460245426225178 -0.11233690588658 0.0629088331591805 0.006192779025963
0.102190818652084 -0.104829744613981 0.0881008667830906 0.0354175147086038
0.142212413351338 -0.0502581475716992 0.0818655366449089 0.0730760543377902
0.151425319621587 0.0333774366465549 0.0567831477388832 0.0614278291486571
0.153091332570077 0.0946241170512761 0.0492978722858131 0.0151298979617828
0.135632086968364 0.116063677403157 -0.0626764528889864 -0.00964803869384483
0.147103162610257 0.108824844045867 -0.0581666771498452 -0.0866543712161959
0.183678618523986 0.0461163943182291 -0.127600716618479 -0.0998459991493743
0.178034638679964 -0.0320044732372737 -0.147123735257401 -0.0533560927854396
0.119413408123088 -0.0848200990902343 -0.116063734668293 0.00266161514134977
0.0707499066464442 -0.109279811652613 -0.0795871516808672 0.0214753441674773
0.0233169907864481 -0.11693405605508 -0.0425411954168584 0.013885386510833
0.00113826499778882 -0.102865720461491 -0.0184152931613154 0.00345464800784538
-0.00411677167336144 -0.11057486693102 0.00844743467754652 -0.0146933881800723
0.0294389590917412 -0.119199268128343 0.0359140652760936 -0.0239934364352089
0.0648779031413655 -0.109093717578391 0.0704236006378641 -0.0240705092183111
0.121312008589849 -0.0939066158227468 0.0926545417631171 0.0184051078668749
0.158178972181318 -0.0339307395127696 0.0728032041565461 0.0628023104152797
0.157038100211992 0.0555398339548476 0.0276488665950693 0.0499325966198125
0.151391144644723 0.117478924446075 0.00739668240157084 -0.0184613175076933
0.122035656752489 0.110460950003972 -0.0989796653710555 -0.0559757681709233
0.143512226615663 0.101916575666004 -0.0932032144393977 -0.111212883246861
0.180487315025231 0.0381381577564604 -0.133268955598717 -0.105618510867597
0.168887095816245 -0.0400330623056381 -0.1329076457802 -0.0582060761441476
0.107881398572375 -0.0842343544700787 -0.0894623525132805 -0.0195413425763049
0.0635773467394644 -0.102667619428571 -0.0599430075542429 -0.0161975175786244
0.0224492593232152 -0.110278934808331 -0.0311543040581385 -0.0262103518054964
0.0064851602398009 -0.0958110731340879 -0.0102023512727944 -0.0356484996441476
0.00888860986069976 -0.102146524923952 0.0178172777535755 -0.0518144960093145
0.0445290218723724 -0.104093885166192 0.0477067167832784 -0.0551952540581448
0.0784911827538815 -0.0867482937075127 0.0850207137846005 -0.0458834159428703
0.126387389882854 -0.062451542442864 0.0979179233710794 0.00795497707357758
0.150438195672825 -0.00377594560684873 0.0632129352785823 0.0525860259541054
0.13696227658306 0.0771964045251949 0.00295526242991351 0.0344114643261593
0.12493561567385 0.126615381548298 -0.0276398022273548 -0.0544108491051949
0.0859357869714577 0.0858137769985307 -0.125509214126943 -0.0881733427726745
0.109673501048926 0.0793305678292237 -0.120710344372374 -0.119780833099215
0.140102299810144 0.0271563540706001 -0.127205061401827 -0.1030401730524
0.127157306715387 -0.033247027133659 -0.111691533476263 -0.0623420106803462
0.0783400770551839 -0.0636244523044925 -0.0659742599808239 -0.0435341491902246
0.0480676339681564 -0.0764656059621691 -0.0453777818533768 -0.0510636608573126
0.0209060270701474 -0.0838653473735833 -0.0225621854794533 -0.0603863619913271
0.0107562655088075 -0.0740550295533232 0.000320412619985226 -0.0679198470590313
0.0189845907101929 -0.0774647358713207 0.0322697069439773 -0.0815658506181665
0.0490871856253675 -0.0752780166718546 0.067477139822113 -0.077059095631332
0.0756109071866821 -0.0551502609278263 0.105014810889789 -0.0551538342756372
0.109571195460319 -0.0278510458423185 0.104408633355837 0.00611876567298594
0.121241869045082 0.0222443518271383 0.0567741430831351 0.0422332243543223
0.0971573354944942 0.0855023063310064 -0.0105653011582624 0.015716255574172
0.0802701727878504 0.116338944000001 -0.0506448314491758 -0.0876251103016791
0.0316592460006548 0.0525033250398026 -0.135263106690856 -0.10244553157503
0.052265369113624 0.0510494817309857 -0.133388227130708 -0.114803458753372
0.0741756711863175 0.020181106511393 -0.112461388924494 -0.0976238928660708
0.0666937805215931 -0.0133006467821915 -0.0924005451778302 -0.0667946757568492
0.0414920506584973 -0.027023593696883 -0.0516932500061401 -0.0612970172912532
0.031549798883431 -0.0350644842229971 -0.0387247389926986 -0.0753279145730783
0.0194909127191982 -0.0444053627805531 -0.0174838361429018 -0.0817024524013542
0.0129912483262521 -0.0414125385206588 0.0100504440534956 -0.0884684767100401
0.0195915653455784 -0.0429697654333165 0.0488478235329942 -0.1002702741884
0.0371628759784713 -0.0397820733721035 0.0896918633567913 -0.0859329259781069
0.0520685639000156 -0.025265314270355 0.125549111046505 -0.0514098274394734
0.0728431717756775 -0.00554592107568866 0.111030868856937 0.00997086195750954
0.0758901052043767 0.0311054872301333 0.0556968845437548 0.0344770251773427
0.050913828070924 0.0718387976657286 -0.0139296693301532 -0.00138086697878
0.0300100627580513 0.0864858993588359 -0.0590525789530232 -0.112920468365243
0.00971260441481302 -0.0213425191440303 0.0993555456151938 0.110276718845603
-0.01572402403475 -0.0248342577631751 0.0440494223255438 0.00850238911406486
-0.0279704364232546 -0.0137576020561811 -0.0582494659988047 -0.0318830902137024
-0.0223696717108015 0.00132500029096418 -0.116757288653878 -0.0063631168606215
-0.0171210578606508 -0.000489017274095676 -0.134236674442149 0.0626886202663363
-0.0145122732264095 0.00076461480205601 -0.0890449101629474 0.113962112010569
-0.0146636246674263 0.00869491649779411 -0.0373075838218036 0.121158959807276
-0.0149617429608228 0.00507623848899315 0.00162684663685171 0.110171034096079
-0.021777460936714 0.00149115766450544 0.0341106244875071 0.0912439486936895
-0.0238862793652012 -0.00865544767272158 0.0571599311166065 0.0822593298481935
-0.0194978738903129 -0.0157817519731117 0.0658037332920413 0.0686796980472899
-0.0158123385528456 -0.0242974852782242 0.0881656555249554 0.0657337870668586
-0.0127112153824837 -0.0250272985593413 0.113893696934167 0.0795719250128559
0.00328237143948702 -0.0293715374728242 0.132417876655693 0.077005215686657
0.0189244898051735 -0.0228453777955316 0.147587059162643 0.0684066507194566
0.061306160305306 0.0130878515600741 0.0703081904615561 0.111825859695225
0.0361871457096405 0.00803586450022282 0.0248991302094935 0.00791566678465935
0.0309808851176098 -0.00135068001266006 -0.0761814587009598 -0.0300733068830807
0.0343853457406235 -0.0100654405283661 -0.128997314083519 -0.00564865497010744
0.0240430206672888 -0.0282980614281632 -0.139875839777937 0.0607620017937978
0.00797044055159952 -0.0387465385013621 -0.0945737344675615 0.109832299531539
-0.0110497313891976 -0.0351821237685521 -0.0412212521008605 0.114525771564277
-0.019264502804557 -0.0329385562423723 -0.00402996133383907 0.102253638357337
-0.0314488372610832 -0.0388771069240744 0.0284346348052981 0.0801119160642361
-0.0221445869134492 -0.0541778689716336 0.054052450315951 0.0678049422407819
-0.00337353600662413 -0.0594812583299243 0.0665173522798484 0.0533645777501558
0.0238394460450668 -0.0662856260477706 0.0906814105376458 0.0563433546857049
0.0457764595004298 -0.0459644105238427 0.110457183607132 0.0755450508694932
0.0678298765817662 -0.0182540367999785 0.118106813294206 0.0649636101171126
0.0854161616089058 0.00864567485942069 0.127623161362265 0.050569007531792
0.105078812668253 0.047434037185649 0.0309772350259798 0.091261082840415
0.0882407488788768 0.0414660947100123 -0.000862865992653406 -0.0105424714130661
0.0933814060562996 0.00945816454363366 -0.0992454744674985 -0.0374799323337175
0.0904825301755798 -0.02538452278341 -0.142014771337523 -0.00594655722058193
0.0622651456657398 -0.0569632559777172 -0.136621344335049 0.0571530155373104
0.0295291905018769 -0.0747417275544684 -0.0912627741250338 0.0962683300504835
-0.00668995254261517 -0.0743150925314792 -0.0403676542757084 0.0941487245431116
-0.0211184397131702 -0.065970769745973 -0.00941120224172808 0.0797371969525473
-0.0360963541001826 -0.0732071335018306 0.0199341640643074 0.0571132278757001
-0.0188248596570668 -0.0909927178199932 0.047172718629529 0.0418380042660603
0.00881062598146 -0.0943556950345676 0.0667788338425588 0.0265295729399894
0.0534798665510985 -0.101113398695659 0.0948574630090993 0.0389666081896885
0.0922112796478535 -0.0658319097579201 0.105645297233931 0.0695080741215686
0.120030903106311 -0.0099837859993295 0.0931170440823046 0.0575044559953135
0.138484123852625 0.036608527541762 0.0900335917976813 0.0294725247391382
0.135423103838008 0.0726401006638807 -0.0149957558247248 0.0560879332368526
0.134378487691032 0.0653012367930487 -0.0343449516087581 -0.0396700904974194
0.149410776038941 0.0116239578365882 -0.123474430281601 -0.0500007159787033
0.13630253889835 -0.0476323831895124 -0.150484628468365 -0.00803501123984467
0.0885824491052657 -0.0849791892665285 -0.124466181383948 0.0475928181538733
0.0432853571367213 -0.103040649297284 -0.0805212364883171 0.0713947045396779
-0.00343134881090618 -0.103078325747426 -0.0364558016356261 0.0612702115759457
-0.0204964006702891 -0.0889513862107105 -0.0141239850015896 0.0465786587416305
-0.0344248771481982 -0.0952517374236327 0.0106390285175606 0.0242666669510733
-0.00974800364487533 -0.113421322655867 0.0380874073319788 0.00853200544622414
0.0238298883567549 -0.114179188099414 0.0654232152567473 -0.00502639480195556
0.0774211086263325 -0.117663200800817 0.0967682350950683 0.0200485181832487
0.124778126512108 -0.0737510908481115 0.0978279157324808 0.0621607514876392
0.153220799055405 0.00226010388016965 0.0622891103412896 0.0528698542310937
0.168385839903583 0.0622502376570703 0.0423594648300127 0.00607040983241072
0.146936029378242 0.0832976807681239 -0.0649111625071641 0.01278699216888
0.160090296913982 0.0737038136377658 -0.0747650164476586 -0.0677002381261779
0.181096391995427 0.00584762002887183 -0.139810573014838 -0.0604181165023761
0.158424038834731 -0.0674365760618389 -0.147880384767393 -0.0128205333334689
0.0962497783607408 -0.10330243082062 -0.104786732410884 0.027347269984419
0.0459365029744635 -0.11646295833691 -0.0667428922018686 0.0360423020225446
-0.00305605605525705 -0.114569336194962 -0.0312968304741084 0.0202603850092724
-0.0173551349913261 -0.0980850654573019 -0.0167289431735941 0.00640410225045217
-0.0245301528063623 -0.104180053158243 0.00565782317856795 -0.0144844026947093
0.00576263361499281 -0.119834096853321 0.0329873677882653 -0.0284181002113551
0.042391721998934 -0.114785441921472 0.0664282627079289 -0.0371238478766398
0.0974814205653849 -0.11088904726433 0.097119077302544 0.00203989253197444
0.142905681839614 -0.0611787437516384 0.085486044218246 0.0543806271873314
0.162559030963731 0.0224859572866356 0.0301981395949927 0.0467887558788017
0.171071837735729 0.0825440680822798 -0.00705736265038706 -0.0199134481940745
0.133098960096218 0.07974685427929 -0.110554876306975 -0.0272989974408757
0.155022436845039 0.0681648724217109 -0.114280946842739 -0.0857680222828636
0.176405071759262 -0.00119108233777425 -0.145878282342437 -0.0651772294586415
0.148610444151759 -0.0734494311781998 -0.134850764601842 -0.0212718245516132
0.0855390745906105 -0.100783459568202 -0.0832560936549935 -0.000533111988621503
0.0405856750138696 -0.109007384778901 -0.0558231002314236 -0.00568237328162646
-0.00179591640346347 -0.108084028864176 -0.0282391480425313 -0.0220340923684021
-0.0109347356645517 -0.0921826710606041 -0.0162539953658544 -0.0330863134348785
-0.0107142509603596 -0.0979264270010659 0.00696397030455548 -0.0532239055776582
0.0232825335501933 -0.108500104322122 0.0371526038967282 -0.0627860571542812
0.0591142777368515 -0.0966121877968667 0.0758120064031883 -0.0614205124679672
0.108596728162743 -0.0824782521700909 0.099664510912434 -0.00867372504471105
0.142016078673829 -0.0316425670684189 0.0728850837032247 0.0457417290445716
0.146870044079311 0.0470725521331723 0.00296547458478912 0.0353414239153459
0.145664059236454 0.0959931472462895 -0.0474307884974829 -0.0499014277329644
0.0949267198796649 0.0637985000465197 -0.144007642523307 -0.0572196895985287
0.118210848339888 0.0541547946444646 -0.14412063258332 -0.0906833227172839
0.136600721735642 -0.00250057360297378 -0.14098669110159 -0.0672853346308503
0.110675192848606 -0.0583099938167886 -0.116058333785183 -0.0323301005938764
0.0612898955119488 -0.0756806245532617 -0.0667550511798878 -0.0295020619604648
0.0306363964610371 -0.0813395662065082 -0.0499161048206231 -0.0423302637504033
0.0017242788542163 -0.0833956842331549 -0.0280753094799447 -0.0561705686912143
-0.00305606316085851 -0.0726429631122107 -0.0121101977547658 -0.0670330227138664
0.00344138576943227 -0.0771485711233908 0.0160281270753805 -0.0862486185498332
0.0325885915627028 -0.0810634107944704 0.0519872362474079 -0.0887078832595618
0.0626696343231734 -0.0660646207558002 0.0939529970803495 -0.0750484661549903
0.0997827369901986 -0.0462881432444652 0.104765853083974 -0.0127429911370566
0.118426196248034 -0.00140909649643395 0.0630301398763953 0.0355109531776614
0.110355032926342 0.0626725903186528 -0.0139954094265923 0.0178263014803664
0.101005608324455 0.0949758280382964 -0.0738988125607112 -0.0791485543331778
0.0382040265826875 0.0422669304492939 -0.157786123708999 -0.0734926581837397
0.0583531396570242 0.0387385289328723 -0.156615012106637 -0.0857696157298421
0.0726066477855705 0.00440255776671047 -0.128321648149679 -0.0691526858602958
0.058220470667989 -0.0256116322668543 -0.100161331452136 -0.0441440594052515
0.0334515042662422 -0.0331669555460823 -0.0601433161026384 -0.0504814565209734
0.0226425789710965 -0.0388172775519309 -0.049829059250391 -0.0667820930478468
0.00847696075956713 -0.04535052396958 -0.0287890490064682 -0.0777823618847524
0.00450221792687833 -0.0418528295704581 -0.00711498309855285 -0.0891678713857323
0.0107949358994324 -0.0448209473627656 0.0284550937332467 -0.108440572897331
0.0288142627846069 -0.0448871563686235 0.0726019693973024 -0.102792663193358
0.0460291095679367 -0.033003718295248 0.114690627728463 -0.0760888151667784
0.0684179729066138 -0.0177311427897854 0.112204976181937 -0.0113596651046659
0.0773464927393564 0.0160508558295568 0.0609946684913706 0.0257968053534179
0.0631242769795816 0.0589300915501107 -0.0180639637693847 0.0011060053989447
0.0458459824465008 0.0747074329126023 -0.0841974078128304 -0.102540760906232
0.00995965715338682 -0.021782344848705 0.101701136991006 0.109662001085657
-0.01627295523183 -0.025210182080089 0.0441045461868901 0.00767695538168106
-0.0287921991881622 -0.0141026070324849 -0.0586555749398442 -0.0307026587070427
-0.022105886134382 0.00140464372127963 -0.118135298008533 -0.00447721490835015
-0.018125965042483 5.61662622216366E-05 -0.13441175276484 0.0657890399546776
-0.0153586751412283 0.000472557572141841 -0.0879900060658718 0.11617648765935
-0.0143468338110946 0.00824634368345059 -0.0351094405302844 0.123935906459937
-0.0148611554995403 0.00515548949431764 0.00445723454768617 0.112958621641056
-0.0218759052834959 0.00209576168489695 0.0361845943874442 0.0918448582030638
-0.0246115154827711 -0.00838638225823562 0.0596667485396783 0.0816166034513781
-0.0200107494366728 -0.0152866057056142 0.0683385436245828 0.068423819646986
-0.0170041366998454 -0.0234978084920015 0.0905887970168018 0.0653122539736729
-0.0127840900923024 -0.0249752548926308 0.116799261059617 0.078012900098416
0.00364546354202081 -0.0298976721742527 0.134816082229291 0.0752785835792084
0.0191702479735954 -0.0229035347883083 0.149910345397022 0.0670586820872882
0.0621442620381404 0.0117138280393343 0.0720465598402397 0.111501834290454
0.0373818084200131 0.00663547545365717 0.0253844825274982 0.00685959110885716
0.0313423938470335 -0.00314222505423222 -0.0775252405828097 -0.0277874047759782
0.0342008637168049 -0.012051345293055 -0.130256710445003 -0.00322283699157798
0.0233022700728907 -0.0299226205452163 -0.140688009945419 0.0644330030838508
0.00676039999891153 -0.0396989650874318 -0.0933782424690874 0.112560912037812
-0.0116628604874048 -0.0360473501832589 -0.0399094185632015 0.117016270200579
-0.0201309396148404 -0.0328646542620908 -0.00184986035838184 0.104410479581189
-0.0323570408221491 -0.0387651055353895 0.0303479879235903 0.081355931809036
-0.0237184806008838 -0.0545717973430666 0.0561929652216664 0.0674035828988532
-0.00475655196399382 -0.0603722988086447 0.0693573399046504 0.0532878755392776
0.0222397422195362 -0.0672274586297899 0.0931234604325344 0.0551587292177692
0.0456712504466223 -0.0474671042610355 0.113519377780536 0.0731759597606523
0.069014748372052 -0.0198964097904908 0.120058821263866 0.0632856868393131
0.0869258542957989 0.00715307640214681 0.130511096617098 0.0495254590465324
0.106922464847472 0.0453712855917501 0.032984429249562 0.0923473439517412
0.0905989234298554 0.0399216708124723 -0.00132167641588588 -0.0120059220147924
0.0949696851577683 0.00615695136662786 -0.100918395702099 -0.035608291609245
0.0907632825998879 -0.0287138708514627 -0.144230374311591 -0.00318804190166192
0.0614648737312392 -0.0600398026033218 -0.137187268890291 0.0607212907158636
0.0278205734199802 -0.0770255034647969 -0.0903862728424563 0.0988531528593452
-0.00814917003754331 -0.0756849936635873 -0.0401416570009833 0.096365867491902
-0.0227060030560908 -0.0661318941307568 -0.00804103654408793 0.081489771208121
-0.0385335239891325 -0.0725894288300739 0.0216635103195804 0.057702894335912
-0.021780572437684 -0.0909759218630428 0.0483668914900198 0.0410970460316095
0.00654776311786962 -0.0961629330799371 0.0678463521438495 0.0267278141575766
0.0500523420433186 -0.103427336367455 0.0975965963234116 0.038459175776889
0.0929098134624708 -0.068783137849713 0.108319368623848 0.0672446003401173
0.122003680265079 -0.0125911353705109 0.0955245422241045 0.0563461456454829
0.141190139910858 0.0336485897471194 0.091727030252888 0.0287839813311897
0.13729062884193 0.0705428976117913 -0.0145499619425713 0.0563916236384251
0.137140866939405 0.0629913894148711 -0.0348973447304774 -0.0401675658215506
0.151395373901289 0.00704144860445119 -0.12460831068195 -0.0474797641969962
0.137001426854606 -0.0524610309892956 -0.152048517715152 -0.00500248811364912
0.0868932760587345 -0.0887227860247018 -0.125350145037028 0.0504418380773608
0.0403202334285178 -0.105869552157133 -0.0798278580816614 0.0739313498975353
-0.00566879157019835 -0.103959796012607 -0.036451077685537 0.0623706150383575
-0.0223702271344026 -0.0886795252256186 -0.0132641978721345 0.0469430014571117
-0.0371052338060077 -0.0949452666765594 0.0118916740509695 0.0242550560834483
-0.0129451430312588 -0.114916014614814 0.0383928621561483 0.00711205155871105
0.0213803839468745 -0.11663644375444 0.0653071404869471 -0.00562053966072741
0.0749169460081574 -0.121401628484467 0.0983563582063015 0.0182971531140791
0.125127773616461 -0.0773520968350839 0.100283775888396 0.0596451028506205
0.155406048017457 -0.00127266542330187 0.0645745464090679 0.0523965008738856
0.172094783184762 0.0584265211362274 0.0430522410786083 0.00579666909387297
0.148847649544336 0.0811182360106298 -0.0655986072248314 0.0139496350364395
0.164409940335952 0.0708396031499192 -0.0764435871866977 -0.067991606431909
0.183438898938523 0.000646406083888602 -0.141593547123898 -0.057647042885912
0.158506443149315 -0.0729321411738489 -0.149266140442265 -0.0102701463349334
0.0951813089310551 -0.10723796680848 -0.105535726969902 0.0297381404570882
0.0432297731160843 -0.119231701268601 -0.0670247946035435 0.0377732001571195
-0.00518949035535988 -0.115689719473685 -0.0332016022962746 0.0203221544854651
-0.0192524110334099 -0.0984385830251904 -0.0171104915252328 0.00655437618856554
-0.0277307077577395 -0.104145498322055 0.00563379160312446 -0.0142350017102297
0.00235131290692119 -0.12131288781029 0.0327042000151269 -0.0295646488784609
0.0405234897545002 -0.117907300055357 0.0654744668085296 -0.0381022311623847
0.095214974181945 -0.115225756960866 0.0988351022289474 0.00042272899742634
0.143218215984604 -0.0657129519898201 0.0883701796416153 0.0526978643968722
0.165358871705326 0.0185149708972476 0.0322863420603467 0.0478565248467576
0.174911047722518 0.0786129900968654 -0.00697390796041833 -0.0200758712221783
0.135288393079082 0.0778608794759316 -0.112370898233535 -0.0264919784632309
0.158486748991497 0.0651047683342784 -0.117402729726847 -0.0849637751614691
0.178446098225453 -0.00602986272907436 -0.148672804065953 -0.0624183674307746
0.148407654895365 -0.0783036980936649 -0.135569598159354 -0.0192755627224468
0.0843523038270634 -0.104629852875265 -0.0840257427822005 0.00116188739267543
0.0377425167037101 -0.111771632347228 -0.0560145239290677 -0.00482941771973066
-0.00419620347737987 -0.108406233947091 -0.0312867810871041 -0.0222901995120858
-0.0124142638846194 -0.0919546451499253 -0.0171082113645582 -0.0335432912539534
-0.0134314741932358 -0.098515444448728 0.00620931780584075 -0.0538533637100185
0.0202651857446556 -0.109933790166274 0.0361182956057023 -0.0642889117164972
0.0580266766652164 -0.0998954694979079 0.0747800863847573 -0.0631177054356158
0.107221691026447 -0.0864016402985135 0.100686156935183 -0.0111570766574586
0.142783635774392 -0.0350973048514435 0.0745488385041369 0.044369630546794
0.149974942262059 0.0441930366402525 0.00432730191709055 0.0365201388050792
0.149792063101129 0.0928961358051783 -0.0484808134885614 -0.0488728232948088
0.0964163032358734 0.0622944675294874 -0.146977924991989 -0.0563745396571458
0.120766062545029 0.0515380510591019 -0.147089889799556 -0.0894749383631537
0.137629173835341 -0.00591472027796961 -0.143022182323971 -0.0646124929393574
0.110598950596141 -0.0616734150679437 -0.117215475743216 -0.0312993855007637
0.0604889095230216 -0.0780569545351797 -0.0679548901720083 -0.0285320498604419
0.0286747376610853 -0.0831829188646929 -0.0511001628763045 -0.0417959521601031
-9.68205420864583E-06 -0.0833210719914289 -0.0310086107108122 -0.0572398990147267
-0.00493580490127673 -0.0726583928816925 -0.0141035549190873 -0.0677530597027747
0.00147524943997337 -0.0772989981969853 0.0143623632884121 -0.0874891522999189
0.0308227446030507 -0.0826524039952092 0.0508748508743975 -0.0910542878757451
0.0618628088842897 -0.0685792458660508 0.0923302093753036 -0.0774363074992942
0.0993376438810421 -0.0495239422325709 0.106265598474797 -0.0152252203236888
0.11946298860781 -0.00419875503025547 0.0648742771861879 0.0344114074904126
0.112560200122302 0.0612301917066204 -0.0133727221437085 0.0195545377695913
0.104348678458848 0.0922950605819189 -0.0757135437206929 -0.07792079352501
0.0387770930010591 0.0412289519196874 -0.16134196816977 -0.0725326347765879
0.0595286163154829 0.0375541831343018 -0.159009427423658 -0.0838822974204434
0.0735689178757587 0.00275308010574586 -0.130813796344269 -0.0673249186587168
0.0588549513003051 -0.0275592935449888 -0.101508520620113 -0.0427667603377112
0.0340439855576791 -0.0342441559631256 -0.0616063197498804 -0.0506096719460035
0.0218481689667099 -0.0398745973035353 -0.0519827280804897 -0.0665346848983937
0.00774261019345803 -0.0460164871581932 -0.0320143151065924 -0.0786663879603818
0.00365720433425186 -0.0417221795092392 -0.00903976311880586 -0.0901827108262895
0.00976926885464629 -0.0453016839586556 0.0263857125745567 -0.110189289091044
0.0273368947549601 -0.0457594339402436 0.0714183286075319 -0.105682020677712
0.0463450447324807 -0.0346473257035964 0.114053509677009 -0.0794720332610313
0.0681098109126825 -0.019065842068069 0.113712730829655 -0.0134508856626995
0.0782427503311372 0.0138490655193032 0.0624151078002084 0.0250621780762377
0.0639321717583492 0.0583856035053458 -0.0168955074412828 0.00255384823146783
0.0479910204140247 0.0736952751910984 -0.0860980034005045 -0.101338167413989
0.00968168572686296 -0.0227507200572227 0.107378576323265 0.106082405847844
-0.0172304506910579 -0.0255063793252886 0.0449036082097494 0.00548194512737823
-0.0301269981825124 -0.0137778372872118 -0.0602149532518506 -0.0274637163223457
-0.0227462344326498 0.00207312107054714 -0.119850429599648 0.00163360241632454
-0.0186581716745 0.000776742928609706 -0.133434902041777 0.0727268641130733
-0.0155946680514723 0.00101615220801016 -0.0834363125814461 0.121608086171695
-0.0135066296739531 0.00803527320054115 -0.0292453619663763 0.127317102540434
-0.0143853228401068 0.0054462481160186 0.0108475504547229 0.114852927778331
-0.0221300892352998 0.00321431244012675 0.0415920708604057 0.0916098102049957
-0.0250797544803133 -0.00711684157040277 0.0647183263731924 0.0802454357171553
-0.0212628658114164 -0.0147108141395844 0.0733940000007268 0.0659174164942248
-0.0191444432617831 -0.0231154189963884 0.0951607302040286 0.0614779645723807
-0.0136900407743934 -0.0245786322268109 0.121711730367468 0.0732423950035838
0.00256162412461167 -0.0304798565596531 0.139375293003653 0.0701059942439516
0.0184474187126942 -0.0235481544396982 0.155851889925321 0.0613736847443973
0.0636120177409855 0.0089055482264205 0.0774745318938619 0.109469026350392
0.0384904006564089 0.00470516556432096 0.0256542868270678 0.00491730619873164
0.0312275996440112 -0.00623519795714101 -0.0786680720329611 -0.0245824464049584
0.0334346390084364 -0.0148012994452872 -0.132103719795469 0.00321493127649306
0.0213237433878599 -0.0319180445792482 -0.139157709957933 0.0720506488641795
0.0038015301363003 -0.0409224098775195 -0.0892521228652507 0.1186363685282
-0.013722128483994 -0.0364119837472462 -0.0350417025282209 0.121014788613422
-0.0215728694965533 -0.0324775497633384 0.00386558113079232 0.106333619405744
-0.0348521702819518 -0.0371620206445093 0.0352110639805889 0.0810869627922931
-0.0270920064607688 -0.054098689502026 0.0601197312143051 0.0660423828391619
-0.00804398271861808 -0.0613574269421702 0.0727165376984221 0.0511389752132069
0.0179957852128041 -0.0693281338426512 0.098023078180915 0.0514046091502091
0.0447332070039633 -0.0506112561874041 0.118012202580987 0.06772097833005
0.0694957905593058 -0.0236303295924233 0.12428744655217 0.058191864673285
0.0888903617893839 0.00316030786621057 0.134534845602396 0.0442656420188156
0.109946733720466 0.0409874578295212 0.0369953307948828 0.0910721395360675
0.0943515188126107 0.0355135694493693 -0.00143136660932852 -0.0125783204872915
0.0961371697108025 0.000272067920749582 -0.103045888877703 -0.0306317658315918
0.0900017217697326 -0.0353266081378152 -0.145387961896514 0.00364447832124376
0.0582334321371074 -0.0645417475481012 -0.136609833032817 0.0680134000779586
0.0233036525390302 -0.0794497537140803 -0.0867061001022956 0.104417187599446
-0.0118941759453044 -0.0768293088929847 -0.0367841102352421 0.099586294184969
-0.026118808215472 -0.0657022045662733 -0.00360355858576 0.0832515358774012
-0.0431613983567391 -0.0708641322123161 0.0250979298267041 0.0580686400885125
-0.0264454011918812 -0.0913969651029411 0.0509527326601385 0.0392045941109236
0.00171843899978541 -0.0979456091641713 0.0705194738301129 0.0242339834836114
0.0451938718896137 -0.107009138776526 0.101461106433872 0.0339874149674258
0.0904984399357375 -0.074940992099707 0.112756643373242 0.0621092364918785
0.123422991205239 -0.0197100080013427 0.0989598538627469 0.0529034861513922
0.145095616305794 0.0266068444698959 0.0945500519118732 0.0253118944780045
0.142103770264161 0.0651647306881268 -0.0122498710960235 0.0576906941071341
0.142284435950803 0.0566640734672732 -0.0371447808885399 -0.0397740024558658
0.154072009214331 -0.00170767138023764 -0.127423114301123 -0.0415852872329026
0.135759584310719 -0.0612427136367351 -0.153579143931687 0.00183414578406054
0.0836594746484847 -0.0956773158807404 -0.12445076985087 0.0571831364955343
0.0348030896666579 -0.109450933992183 -0.0767655041067362 0.0786726960157518
-0.0110241394890692 -0.10518099079813 -0.0359783408483163 0.065121200147407
-0.0270094342092454 -0.0885158846976598 -0.0112815777234124 0.0482309614831421
-0.04252811897536 -0.0938768440586379 0.0133111215435273 0.0245198400863039
-0.0193722875296367 -0.115300645359002 0.0391386144345827 0.00559665724442494
0.0154899542432128 -0.119958189651107 0.0658173387916756 -0.00805298647935813
0.0683144331598008 -0.126982639766697 0.101684105460817 0.0138124769638524
0.123315560880275 -0.0855543421391263 0.104463283184037 0.0556242383474683
0.157830954103279 -0.00959865548664137 0.0687251650873202 0.0502983088377974
0.177713206045948 0.0493410888851255 0.0442352474454527 0.00452475190331847
0.154197388760176 0.0750347052261036 -0.0666198182350545 0.0167598419805646
0.169601531006885 0.0629047932124132 -0.0802958410314614 -0.0648250890829747
0.185878917379721 -0.0100518837299386 -0.145736232303862 -0.0511918859745175
0.156644697455638 -0.0830681836366437 -0.151129734287916 -0.00365888355666937
0.0907907693873806 -0.115137577946602 -0.105676510199312 0.0355933108051513
0.0370579892991209 -0.123423740352906 -0.0654593345388315 0.0415261042332693
-0.0110550110127665 -0.117224665862222 -0.0349566108940266 0.022598231278947
-0.0241389732408935 -0.0977497617058588 -0.016671790147837 0.00756756748075928
-0.0331582194140413 -0.103561611410856 0.00507266983044254 -0.0146225824939014
-0.00418660747054502 -0.122574812407751 0.0314706707586164 -0.0323826728336254
0.0348680014849868 -0.122551511986742 0.0641904600305392 -0.0404603991660045
0.0896762710896101 -0.122219197689126 0.100504168244644 -0.00452476062531262
0.142130820087359 -0.0748570726964563 0.0919755138151673 0.048107495503961
0.168617916757168 0.0100658955436772 0.0355159039242141 0.0470434320924014
0.181342788848741 0.0692733612246572 -0.00747363263720678 -0.0189772045657781
0.139859102138279 0.0722521718913158 -0.116050928436221 -0.0216763649239661
0.163775756723651 0.057606547562829 -0.122708160235014 -0.0804443394226097
0.180454041690075 -0.0161598041788857 -0.15262733463459 -0.0560263661612415
0.146150509782244 -0.0872399794570157 -0.137590042624853 -0.013448778936857
0.0800954845321254 -0.110955510566309 -0.0853605692638723 0.00449618963604997
0.0326266246669761 -0.115432865176806 -0.0569758332835082 -0.00191791409980423
-0.010047760987485 -0.109444910913472 -0.0345654650606894 -0.020769453278607
-0.0175464841148918 -0.0920526626680015 -0.0192508543934782 -0.03402440988992
-0.0184216961207916 -0.098172887481302 0.00317317203283501 -0.0550145598511245
0.0149164567617083 -0.112035016971088 0.0332677306755035 -0.067388078063725
0.0532200736644645 -0.104309443222756 0.0726116708888598 -0.0668822939587943
0.103366181405831 -0.093376094102588 0.101986372821323 -0.0164191075164839
0.142476180982167 -0.0441866707882264 0.0778784003688846 0.0413356088565405
0.153542866564908 0.0371454666400646 0.00735784071632056 0.0368468676265642
0.156330322323695 0.0843164064608205 -0.050694052838566 -0.0466604003430283
0.0998795891788671 0.0579976141487271 -0.151961197601996 -0.0504901443460353
0.124427452924441 0.0457393883455885 -0.152777348862653 -0.0827228203396597
0.139325149469355 -0.013489646359679 -0.147662738298286 -0.0584783199448517
0.109182468710467 -0.0681903871706267 -0.119487633948999 -0.0263094144457333
0.0580526655665118 -0.0829738957250638 -0.0701970739373137 -0.0266088551334837
0.0251167220139645 -0.0861060876733539 -0.0541319459011874 -0.0405140986540138
-0.00421026568304041 -0.0843386032579545 -0.0359896595054121 -0.0568233870331
-0.00802545996790023 -0.0719078799996273 -0.0178023397141293 -0.0692160249216763
-0.00319020391685047 -0.0776729502086113 0.0102577602576007 -0.0899541809922361
0.0270484640562748 -0.0850226389078657 0.046979910391678 -0.0951464691287647
0.0592278092512198 -0.0732738406036904 0.0892250506447112 -0.0827944511219034
0.0970118649449763 -0.05545257415833 0.107362598815624 -0.0208770012837788
0.12085097849376 -0.0105123549702239 0.0674596535797624 0.0318861094918129
0.11664507057426 0.0561582495300134 -0.0110583387637498 0.0212912448407033
0.109898695946248 0.0866778543047415 -0.0795114851067269 -0.0746965304577862
0.0413999484935749 0.0395578218376945 -0.167204757626301 -0.0670377798550084
0.062301732389412 0.0350870051073338 -0.164711626156854 -0.0767554478145969
0.0748864619328325 -0.000897471230373209 -0.135234756913056 -0.0614697634457497
0.0588341481461906 -0.0308923660440734 -0.10407820808183 -0.0384764363543374
0.0331753720599249 -0.0363523470376544 -0.064402501796282 -0.0485480685517649
0.0204503754275013 -0.0416090527227807 -0.0563968031919959 -0.0648689822764332
0.00509618602545081 -0.0466230551566752 -0.0373383045434717 -0.078567243036322
0.00154039284833996 -0.0418243100044035 -0.0141361854058369 -0.0926264055055712
0.00726731020303826 -0.0456384305586211 0.0213994211457244 -0.112821403989774
0.0253094791490133 -0.0472838731352318 0.0670622053866523 -0.110971889682157
0.0447022767937583 -0.0377210325658371 0.110536394398165 -0.0853973614578235
0.0674927890548041 -0.0231900065393991 0.114809477849469 -0.0190915494907163
0.0796079908364566 0.010628962349013 0.0642794029510255 0.0224427539820402
0.0673773869974826 0.0556441780555677 -0.0162206883209385 0.004440685013665
0.0528514877622959 0.0710798595064383 -0.0912075280530904 -0.0977315064293408
0.00822199479399955 -0.0234432244307233 0.112029792475043 0.096607739315405
-0.018450389326892 -0.0242097620812793 0.0449067713492157 0.00190642980103365
-0.0310857508879842 -0.012007220647429 -0.0605044158605386 -0.0226982091516787
-0.0230324973641505 0.00295646554818262 -0.116748289587485 0.00975911166009009
-0.0190227219343733 0.0022372005065388 -0.126574204737755 0.0805868489930832
-0.0161378479099848 0.00218396015296889 -0.0739279086351082 0.125121935562801
-0.0132225284469888 0.00805828547592719 -0.0192148264396892 0.127849662615997
-0.0139669168948189 0.00569430483849473 0.0192769703082003 0.112984869698502
-0.021307893048097 0.00466838979353668 0.0481131577511186 0.0882770647138777
-0.0254068485291175 -0.00536706406318101 0.0695446301374537 0.0746936888207582
-0.0222016309927122 -0.0128856493586131 0.0771257531349464 0.0605989358038058
-0.0206344829054864 -0.0209650800954747 0.0982748648185163 0.0536026384727067
-0.0145380399386783 -0.0231780890937084 0.124507179462004 0.0634797362997119
0.000994555284659472 -0.0298747607162651 0.1412332570931 0.0600442975695415
0.0167497493886934 -0.0240525642147083 0.158009122609045 0.0508926462757689
0.0633292994355821 0.00422858724808361 0.0832542963394466 0.102510001959132
0.0382760976964846 0.00164536649635508 0.025971686724274 0.00214586909919544
0.0302948219595942 -0.00935696437072143 -0.077625370976135 -0.0187961716814102
0.0313509445143976 -0.0176681134543772 -0.129219422109679 0.0121065873466882
0.01827711371226 -0.033208753837788 -0.132546422745078 0.0804108919662196
0.000250690509746505 -0.0408746582593253 -0.0796971191693867 0.123007698771823
-0.0159379334959537 -0.035854625337598 -0.0262884360877814 0.122110933344898
-0.0234300807083386 -0.030886730690331 0.0113605670635859 0.105067452644006
-0.0367921718793681 -0.0339707757552219 0.0404347877991062 0.0780531273050891
-0.0301009964449264 -0.051840908502032 0.0635134078295898 0.0605566336985132
-0.0125365997879954 -0.0600635183894187 0.0754197682495088 0.0460647333174125
0.0124128263352751 -0.0691785687878459 0.100374010943187 0.0436344688838148
0.0407456634555106 -0.0533170025418838 0.120837928830308 0.0585267019600746
0.067096421957361 -0.0285548979996411 0.126171330843704 0.0488457424861627
0.0880070624684629 -0.00366676719456554 0.135734233748321 0.0354298232018621
0.110570720648909 0.0328511365904317 0.0420189832489021 0.0878056949108633
0.0952262856534465 0.027951565788493 -0.00239435796338153 -0.0130445259608969
0.0939666473290124 -0.00813548465717475 -0.102181892252526 -0.0234527531871247
0.0856388621908025 -0.0419188883696803 -0.142763921782534 0.0133424321017295
0.0529720063937644 -0.0681554489671813 -0.130009652961407 0.0765526497562443
0.0160410877303666 -0.080082485461429 -0.0779124405394506 0.108901186490481
-0.0176299434218356 -0.0750696318927941 -0.0297984848109642 0.101066079204151
-0.0302494268556688 -0.0631047761451143 0.00170926697876062 0.0830995718467628
-0.0473598544718092 -0.0662517118332392 0.0288360349792535 0.0555918172890738
-0.0328502330209333 -0.0884781335135579 0.0527618011474396 0.0351761035015012
-0.00559658738593768 -0.0971985554096313 0.0713693943871123 0.0198399016179829
0.0361431470104664 -0.10866002510306 0.102455828934199 0.0258742512414388
0.0840253222791974 -0.0810262589997406 0.115354845185848 0.0531039136554185
0.120215647061017 -0.0283732568262601 0.101369502449497 0.045559782174133
0.144494458102654 0.0152274628615259 0.0951864478113243 0.019386897020706
0.143935918495021 0.0546884802599975 -0.00886999978477466 0.0576915208597544
0.143985780562124 0.0460588930271739 -0.0395752938973789 -0.0372329216493406
0.150809907641801 -0.0139645099824045 -0.127427435332113 -0.0319484418083194
0.128419615379371 -0.0713002322015793 -0.150471600347688 0.0122062459068953
0.0753865487731585 -0.101629620883645 -0.118652016511666 0.0650025518974058
0.0258165994441319 -0.11071482534695 -0.0698697984736522 0.0826920204773932
-0.0183480625665725 -0.10323116594239 -0.032234097654776 0.067276990341845
-0.0325183001293007 -0.0855827456651392 -0.00800237123961545 0.0487859403210899
-0.0489890695641755 -0.0886995219490943 0.01525994694271 0.0230991789834938
-0.0281009886849109 -0.112260581715101 0.0391435690275776 0.0027236752565751
0.00633510318302592 -0.120092217920861 0.0647212012615377 -0.0115203871664272
0.0571544844644897 -0.129406278209203 0.101897723117461 0.00626389343221074
0.115614593604712 -0.0942542530817128 0.106614203309198 0.0471636945892195
0.154848723612896 -0.0213552653094388 0.0712672854002835 0.0452323977770956
0.178148414117932 0.0337734553491466 0.0443595398820482 0.00198477435243985
0.156146024889661 0.0633826929256829 -0.0642540921182773 0.0210378568122593
0.171385747260041 0.0496327027473898 -0.0834731638794832 -0.0589081929560612
0.18183351155761 -0.0244912235582685 -0.145606935184886 -0.0403211358072814
0.148189336885688 -0.094435660023125 -0.148394573531974 0.00685872659498831
0.0811267834503355 -0.120985959247466 -0.101485155279287 0.0422841062378588
0.0269601094296489 -0.124736187259931 -0.0612131268224035 0.0452289198824412
-0.0193227616329649 -0.114749710574549 -0.0340454883891771 0.0249624287143189
-0.0305890112599201 -0.0944792184146841 -0.0160077970694089 0.00891169680331568
-0.0400809759881318 -0.0984810485875143 0.00400390775372445 -0.0150308159732097
-0.0135174407874103 -0.120194568526874 0.0285088405276338 -0.0336198267186886
0.0248147920037577 -0.123716781303274 0.0603030374199047 -0.0438552139214047
0.0790964334973882 -0.126583558855926 0.0995466675736603 -0.012312757323338
0.134713000128286 -0.0844099801160016 0.0936182192409343 0.0413612102442608
0.166798574646594 -0.00245329589099084 0.0388962278612421 0.0440342951861231
0.183195364482187 0.0537036825196536 -0.00847453590165485 -0.0175243444703206
0.142315141735171 0.0616313520729895 -0.116206281370139 -0.0138803114041145
0.165490605005255 0.0449381511303634 -0.125827472703059 -0.0709483585478255
0.176384341877394 -0.02985255898297 -0.153064309256208 -0.0444021482076551
0.137510737558077 -0.0978232626484668 -0.13617921958863 -0.00354077544976294
0.0710756695349257 -0.116768965404487 -0.083476469827435 0.0099487951835182
0.0233255693722984 -0.116766606476045 -0.0561695506635701 0.00194823685868417
-0.0175225907267532 -0.106992810444475 -0.0375521778566805 -0.0181086780929047
-0.0233317825157793 -0.088899820841348 -0.0218911335565121 -0.0320301344619261
-0.0252614331966863 -0.094490406145126 -0.000210535220337354 -0.0545239871419123
0.0055875336718151 -0.110929036513987 0.0279422478454501 -0.0685411096907933
0.0444540051627494 -0.107555617137934 0.066149897440545 -0.0702392453055095
0.0940781333018215 -0.100094542515669 0.0998577084539838 -0.0234386489011275
0.137068054139873 -0.0543961552282999 0.0792814892543752 0.0353494630343052
0.154055315155723 0.0252709460925442 0.0106435064369884 0.0365665238664365
0.159565614730655 0.0698823924673539 -0.0529620893016709 -0.0417460565758471
0.101942155874331 0.0497203353959288 -0.153531772389885 -0.039677114822251
0.125673448498698 0.0362549166587244 -0.155574058795304 -0.0713041224495009
0.135932571841003 -0.0243927730582974 -0.147936749830816 -0.0470791653001202
0.103058607847776 -0.0757360169310074 -0.118908448473593 -0.0182239015922437
0.0515627796501393 -0.0858711189565265 -0.0706694247346254 -0.0212813899035971
0.0185638853993594 -0.0868374926876396 -0.0565116446525067 -0.0362959429429384
-0.0102618078345404 -0.0821077810257882 -0.0412811710898566 -0.0540975846254633
-0.0126547267017994 -0.0701211634206561 -0.0239805592797399 -0.0675109097241688
-0.00840609183570082 -0.0761132480380013 0.00331455730757846 -0.0892612569590197
0.0198141574719965 -0.0855654404894917 0.0395405391779475 -0.0970317798609109
0.0529002515504154 -0.0764983249604844 0.0820127414012245 -0.0870492046212803
0.0911459016612793 -0.0614778185845455 0.104721780822025 -0.0280388460983341
0.118059598963109 -0.0192035031315303 0.0688101008438276 0.0270331772522547
0.118607077553325 0.0466878332228505 -0.00863358933282089 0.0221929935250951
0.11407059400426 0.0759213758518396 -0.083066214957443 -0.0681323905434097
0.0429064487870075 0.0359752704088429 -0.169454473511343 -0.055179340523767
0.0642328314264725 0.0293919945869644 -0.166642073357856 -0.0633368353241081
0.0739078424666623 -0.00593100433316402 -0.136963405458778 -0.0512414343226077
0.0558260279597799 -0.0350550031023491 -0.104435606387222 -0.0312727610162817
0.0306679616474158 -0.0383156839839523 -0.0666258078567675 -0.0441213697920024
0.0175440399720252 -0.0430778740876018 -0.0603822814965701 -0.0602679728646704
0.00192858496123824 -0.0457263973536143 -0.0439012420430491 -0.0757593389682166
-0.00125291566078154 -0.0409203185681634 -0.0210253831463101 -0.0908946944231727
0.00427161112320833 -0.0451991505629358 0.0127825230047413 -0.113298833926749
0.0209995836405161 -0.0483116995160185 0.0579284733231507 -0.113914780459533
0.041629078258753 -0.0405481558483457 0.102690600672707 -0.0920116390679638
0.064533765394211 -0.0274284671449295 0.111973933846808 -0.0271981886729548
0.0789709024373396 0.00429516838952008 0.064764823652032 0.0184066055915792
0.0699139175062058 0.0503563776046549 -0.014613642589748 0.00594341284655833
0.056732507381477 0.065221361658767 -0.0961381316308779 -0.0894969067149258
0.00666419278840871 -0.023031002191295 0.111107754266014 0.0853731981642025
-0.0186140887129798 -0.0219341074859141 0.0424586781152971 -0.00146160986314888
-0.0307705181285733 -0.00948279201203492 -0.0575262598521039 -0.0183532300254411
-0.0220134862117589 0.00442846031279583 -0.110110873067593 0.0151127603551636
-0.0179807888732199 0.00371700791701085 -0.115720325788927 0.0836798940366772
-0.0154386230949427 0.0028861558384844 -0.0628638235971178 0.122186194461705
-0.0122338039118285 0.0078070747281098 -0.0102510016763462 0.122484576655197
-0.0130131839622698 0.00618540238858529 0.0253839575772653 0.10668773343905
-0.0197211470587628 0.00534982955539327 0.0508633579350231 0.0807944690597265
-0.024118800961861 -0.00359532305189701 0.0705716941520899 0.0667228216514613
-0.0216102982431654 -0.0109704492163108 0.0769227439439073 0.053421780695931
-0.0205526238282286 -0.0181293758450618 0.0957379537737642 0.0447056172110399
-0.0148343677038611 -0.0212486214371648 0.121357573902292 0.0525520541999301
-0.000292259986680013 -0.0287466639597013 0.136783073244414 0.0494328403077915
0.0148402979479053 -0.0233346901554238 0.152958103842728 0.0396961861059135
0.0598990391009378 0.00041090973472884 0.0838709278414104 0.0922264940064929
0.0365705284346559 -0.000593427279092646 0.024410091878438 -1.010901166108E-05
0.0276860023888405 -0.0109967815321092 -0.0739705209996912 -0.0136404919216821
0.0277735811947156 -0.0191197263716927 -0.12100451556255 0.0186009832843028
0.0154259446121293 -0.03252926157399 -0.121142567072011 0.0838690313263617
-0.00283395038687798 -0.0386013478404327 -0.0679780383199238 0.120749392980415
-0.0171877366911301 -0.0337054715731801 -0.017497496611106 0.117076900488379
-0.0240358126290841 -0.0282875065644416 0.0179395397427108 0.0994812026111829
-0.0364703871097974 -0.0298587813992638 0.0431657716842575 0.0716779991350265
-0.0322003045816185 -0.0472195036027881 0.0633199453760423 0.0540743548436892
-0.0148581360379678 -0.0560610244304567 0.0749333250873868 0.0394741165865998
0.00737679089500088 -0.0653507645380197 0.0976158537320824 0.0345798186075725
0.0357219169136262 -0.0533185455815135 0.117669364745019 0.0481487383691214
0.0618402897991952 -0.0314946606595718 0.121922691010141 0.0397483007219847
0.0827238987239313 -0.00880390306945408 0.131105230192643 0.0265876113582136
0.106430581429133 0.0253962516236097 0.0443097812849532 0.0805081698077532
0.092108664246762 0.0208891701627654 -0.00311158947970055 -0.0123996622719417
0.088482220878037 -0.0138497246598322 -0.0967519549464108 -0.0164738375492921
0.0779102245826216 -0.0459367661711611 -0.133895906177396 0.0202187497124462
0.0457531172075 -0.0689730456660332 -0.118921003723601 0.0804127340898876
0.00984321287735978 -0.0773260394970765 -0.0667591819390035 0.107134411113585
-0.0208912594811481 -0.0707211673374737 -0.0230160001794049 0.0975342979948036
-0.0320853579462994 -0.0584303474886146 0.00731271543066312 0.0788480976073912
-0.0484336913311671 -0.0595217275253247 0.0308923218559382 0.0510570071967162
-0.0367641000956871 -0.0813471771660002 0.0517718606572634 0.0302764630795843
-0.0113377533046623 -0.0920694037519617 0.0690889195481785 0.0150368217683726
0.0274008106647974 -0.104524061947168 0.0992995415159157 0.0177706070566919
0.07498194854744 -0.0825089612556509 0.112354647794554 0.0431975035195238
0.112465116681779 -0.0348892413810508 0.099139949208601 0.0374276817409427
0.137066410719692 0.00473135267173308 0.0920213778380087 0.0136602122956316
0.139245777575064 0.043711493852857 -0.00578589061218603 0.0554646239514337
0.139322978227922 0.0348202920708319 -0.0393290322932079 -0.0335540417947653
0.140763930640866 -0.0236897770010032 -0.121131234495427 -0.023664174028237
0.116973439467106 -0.0759268475525921 -0.141890710887444 0.0197478031518424
0.0647892510378581 -0.101556824949272 -0.108464267314673 0.0680808149032158
0.0167248020240787 -0.106893205232096 -0.0610743610838533 0.0820618984915844
-0.0241775495977379 -0.0969841336523439 -0.0274273713537326 0.0659499772698249
-0.0358061165351523 -0.0787567044167804 -0.00448634403091887 0.0469840081274329
-0.0513031748251136 -0.0802299272070592 0.0159335490887158 0.0212024169303298
-0.0335583670427713 -0.104538741059039 0.0366348570973954 0.000156694349108027
-0.00145274242588956 -0.114708879529055 0.0605743628228617 -0.0138003854536576
0.0464509504308005 -0.125963922510127 0.0966874697173977 -0.0010656093050296
0.103980908928848 -0.0966864905051446 0.103622688245536 0.0377384337349558
0.1456550714469 -0.03018490366939 0.0705366703524905 0.0392667026053535
0.169887784591707 0.0202666817036313 0.0426455899308363 -6.89416360885724E-05
0.151157212974591 0.0516455589069216 -0.0603537010215585 0.0231954313585405
0.165042429165104 0.0367160990880283 -0.0822788364146667 -0.0509723184968368
0.169920023072877 -0.0349340767755006 -0.138806868888593 -0.029606637838725
0.134127897607494 -0.0993238685897912 -0.139984744983172 0.0142400171072866
0.0691376477348934 -0.120625233334969 -0.0935230619134189 0.0456021914200787
0.0173751448421292 -0.120440074354684 -0.0549687004779665 0.045599070799073
-0.0254298190199375 -0.107341842161975 -0.0322047663618755 0.0260273635354122
-0.0340243128771595 -0.0878371166005832 -0.0158215452152219 0.00922302434399208
-0.0438149803842521 -0.0901291833196682 0.00293663797759976 -0.0146274653414057
-0.0207358469777468 -0.113091711530724 0.0245578140611533 -0.033410580568657
0.0156213698652499 -0.11892789286341 0.0549963416243187 -0.0437934771218174
0.0662870105514236 -0.124111693697654 0.0940991258967535 -0.0178056326521158
0.122064691430618 -0.0891297720942323 0.0912804989339065 0.0335975947351292
0.157714914749962 -0.0125246978816456 0.0404763409259511 0.0398466252938018
0.175604685877446 0.038148922462222 -0.00861646198269748 -0.0159424956654391
0.138416842274336 0.0508317921736321 -0.110912531344165 -0.00649555594697369
0.158815686883829 0.0322077785118249 -0.122417460601182 -0.0596625278228392
0.164383571232285 -0.0397089449175974 -0.146723852349731 -0.0332159266998917
0.124077663215316 -0.101738246389441 -0.128734458540801 0.00353664867659153
0.0603458437983484 -0.115509019509989 -0.0785561070090245 0.0139557679942709
0.0146384284573752 -0.112017102022796 -0.0527643849341732 0.00411305838616463
-0.022738740973861 -0.0999234791443806 -0.0384084128270634 -0.0146849987599418
-0.0266279448549322 -0.0834262868184277 -0.0236043483156438 -0.0297005409149725
-0.0295207856381037 -0.087322246072056 -0.00321953629598938 -0.0516796566779051
-0.00182538759613707 -0.104747040475992 0.0222312149303848 -0.0664385352434888
0.0354863877327251 -0.105254463853672 0.0581807389904281 -0.0694698397454113
0.0827696649493581 -0.0998811199359334 0.093941885409408 -0.0287645656317863
0.126616876023611 -0.060450256598768 0.0771845262421389 0.028771956228464
0.146621984551788 0.0146604335644512 0.0130471877291037 0.0344886407468735
0.15397020751998 0.0553724596615381 -0.0522153889735393 -0.0360464070137429
0.0993163808153117 0.0419597591116862 -0.148332936631833 -0.0291141338367658
0.121311732819135 0.0265518685900653 -0.15077778657013 -0.0584346077244031
0.126861845874283 -0.0321434765854069 -0.142015641595492 -0.0358987308435875
0.0930890050253627 -0.0783296281776965 -0.113293725604711 -0.0108829515406444
0.0443059655449607 -0.0854351898442049 -0.0683518848182324 -0.0168860802453757
0.012438621066992 -0.0836094849861939 -0.0553585116828109 -0.0315181709532182
-0.0144270834940354 -0.0771676896886886 -0.0439633518675578 -0.0488315844923477
-0.015563532343076 -0.0654901830411959 -0.0268281129965784 -0.0630770146681957
-0.0121559434016927 -0.0707401727482465 -0.00205668067276582 -0.0851168056473537
0.0132453832498744 -0.0816319170036628 0.0315501032308908 -0.0943708142966702
0.0449022657076959 -0.0762965470990276 0.0723446402763252 -0.0867511366512795
0.0821199172956069 -0.0637412476639315 0.0975621931221229 -0.0331927294167357
0.110462280509865 -0.0256735677941118 0.0663568695226874 0.0215434348501167
0.114676418799588 0.0370013302546042 -0.00585930764995855 0.021734378720892
0.111872110887701 0.0637202627599902 -0.08208733027525 -0.0593504726761665
0.0425707783768735 0.0313588238524182 -0.164409899465035 -0.0431891213700499
0.0619262283012589 0.0237775265408957 -0.160347392018639 -0.0506302206087123
0.0696836629218818 -0.0107779862962403 -0.132028964197762 -0.0405837083807702
0.0514014204670783 -0.0367478313304752 -0.100866667109748 -0.0244208592740893
0.0271343702056992 -0.0385418532387337 -0.0659218300816267 -0.0385968943191186
0.0137876379974747 -0.0416663044304696 -0.0607057938043668 -0.0541107439741198
-0.000504558392292251 -0.0431650315962124 -0.0478473060864317 -0.0699099578390213
-0.0029580249767317 -0.0380400831463389 -0.0255545354870757 -0.0858622784551315
0.00169265525214249 -0.0425965085725979 0.00501742961385626 -0.108337435682132
0.0173904608740058 -0.046503348754964 0.0482327837116145 -0.111127757434916
0.0367873100461796 -0.0410786134331265 0.0921371436433015 -0.0927820934276115
0.0589187502879145 -0.0294300697887018 0.104819814090151 -0.0318074717619802
0.074562740216277 -0.000512682291763408 0.0619611654511078 0.0142658639781388
0.0689825142199219 0.0441294746955334 -0.0123522640262782 0.00697859382261422
0.0570089624795283 0.0572919969743188 -0.0952631837286583 -0.0787442290681146
0.00639646585080741 -0.022094772494127 0.115683863091903 0.0591936341462606
-0.0192464170541111 -0.0184863511328592 0.0381429437646811 -0.00991857840354043
-0.0295721908090081 -0.00373152192622194 -0.0573790000061985 -0.0103596576898234
-0.0196917333891689 0.00953073299820514 -0.10117833748842 0.0298402764975735
-0.0150779346968321 0.00871503814726466 -0.0961480027006218 0.0958243123277476
-0.0129707429643157 0.00560548171825817 -0.0417163361013497 0.124243233112433
-0.00912940560053504 0.00800816945807452 0.00692389724793608 0.116695024046508
-0.0101527432824473 0.00643047375316361 0.0398275939607172 0.0956072284566031
-0.0164329786934246 0.00691562323462482 0.0604377076395507 0.0684924748328546
-0.0218707716718867 -0.000509999377378305 0.0774059602736512 0.0505852271986195
-0.0203347028873806 -0.00755971805392405 0.0803103633435765 0.0370946767752527
-0.0203850907879122 -0.013752216797988 0.0951300945102736 0.0269603882932637
-0.0143612076581827 -0.0173420069315925 0.120367123353307 0.0292600944516489
-0.00233936509801178 -0.0252870827129406 0.133412100565466 0.0243495075063308
0.0133962802916956 -0.0229451544956575 0.146778704777858 0.0162977086272683
0.0569508780853674 -0.0060210246472932 0.0942226947153949 0.0712556397575042
0.0335041209372057 -0.00589709185552366 0.0236170193061215 -0.00469375160414229
0.0226211853159072 -0.0125885485903025 -0.0679670115520077 -0.00256249994976825
0.0216232752625701 -0.0189237703394448 -0.10799874392109 0.0343361745281809
0.0100176438843028 -0.0288511998176772 -0.0982240280492233 0.0946941551928239
-0.00638256126134183 -0.0342733693950618 -0.0460591864854621 0.120988602252837
-0.0199113911901001 -0.0286074311717644 0.000319913991628684 0.111790906580967
-0.024561851873654 -0.0235916772307567 0.0315332557900371 0.0902376384392509
-0.0365401785877174 -0.0231541134343465 0.053020111319061 0.0614043554532423
-0.0348736167015263 -0.0393499661863875 0.0695691601922907 0.0401325836573653
-0.0199756999627169 -0.0502291927468645 0.0764479353802026 0.0256607274150662
-0.000531030765500253 -0.0609067325355781 0.0959838940930079 0.0187042401591665
0.0277949244240131 -0.0526568680810105 0.116886835930267 0.0256534419937805
0.0539905609690057 -0.0363111237580514 0.118762425878973 0.0190443601446661
0.0770463172117615 -0.0180964306656386 0.124755210088195 0.00764242072790889
0.101485017042324 0.0116248734598524 0.0584108913986792 0.0685372859252413
0.0863993514856086 0.00638708752985879 -0.00167847254715174 -0.0109104181294116
0.0766327805646731 -0.0231887835013451 -0.0854282494795349 -0.00104074575466889
0.0621797696947005 -0.0498754691442336 -0.115330797519278 0.0389572383226161
0.0329358884302794 -0.066341529778448 -0.09478257275258 0.0887833467422215
-9.37629428611007E-05 -0.0715869040888808 -0.0464241568049632 0.106252365198393
-0.0282796706581234 -0.0616522085939254 -0.0072087870137976 0.0927047222555911
-0.0352949406949748 -0.0502587342436397 0.0188098268019795 0.071891434217761
-0.0512708437476034 -0.048916328873356 0.0387655880863314 0.0434257877504956
-0.0439447415607493 -0.0707427338071213 0.0554167045289702 0.0198726898251443
-0.0198547432484449 -0.0839783132325837 0.0672256656140548 0.00369037283255635
0.013251450981402 -0.100091229062961 0.0945597004503258 0.00270800340467765
0.0598664721181712 -0.083714057887399 0.112192348479941 0.0217168774521989
0.0996234248877009 -0.0464841839021293 0.0962283768130464 0.0212826957168249
0.128718953197596 -0.0124582351193462 0.0863655672605179 0.00171825835160569
0.132003437078196 0.0251002495501286 0.00978838154119914 0.0547072815474396
0.129825179652347 0.0131026405550323 -0.0364575466010612 -0.0221909235236423
0.122149465587817 -0.0381734823397215 -0.105163342302324 -0.00273400216416677
0.092777858178289 -0.0827194130131535 -0.119283529550064 0.0392757110117423
0.0451246327268404 -0.0988691212129597 -0.0858209303397064 0.0744582944161347
0.00241462376418935 -0.0996630348957866 -0.0440448342014871 0.0802868408243109
-0.0347687438469687 -0.0852768426522406 -0.0160664410497481 0.0616075721240122
-0.04187635370965 -0.0687694588364564 0.00317264971596227 0.04393699779464
-0.0569131209491984 -0.0671801698526154 0.0204754304626641 0.0179098899270689
-0.0446381333897264 -0.0923915234873866 0.0369004552046768 -0.0048397502057296
-0.0142327847984999 -0.105691747641193 0.055065644295165 -0.0210849069311271
0.0277258063484326 -0.122385101784494 0.0891704187971622 -0.0129818039108986
0.0841613645530173 -0.100129331969166 0.103933526470344 0.0193855092675639
0.129274764663457 -0.0461935639001672 0.0706275256274455 0.0276389853103605
0.160065714774336 -0.00224778985978701 0.0388556803733733 -0.00371872132714029
0.143037414922241 0.0304662602241849 -0.0447281900601476 0.034827851138684
0.152928653652834 0.0129041130469603 -0.0777637375279999 -0.0322754409573599
0.146638107002943 -0.0527094944618285 -0.120528416032444 -0.00620975153149625
0.104998074958084 -0.106189327754098 -0.116100596841598 0.0330669298986621
0.046744219712251 -0.11686149929003 -0.0743502570947188 0.0490668662021258
0.000996796883100966 -0.112163550297385 -0.0438883277460268 0.0448762942175826
-0.0374370399851033 -0.0941366441795584 -0.0267592977146337 0.0240113435616517
-0.0411537522636363 -0.0767416806597342 -0.0129559645774621 0.0100059508704362
-0.0517012069934849 -0.077266956712885 0.00256607469033126 -0.0134418344412015
-0.0339975984552194 -0.10167147152628 0.0205905824061015 -0.0342717213889303
0.00102777583293908 -0.112428835162463 0.0449301983545893 -0.0482731162594982
0.0463209985518066 -0.124123439515853 0.083790090390981 -0.0286334115977124
0.101662392120302 -0.0951282037590692 0.0918151002253886 0.0179574713748125
0.142804668497606 -0.0320513076380407 0.0421471145598726 0.033159736938497
0.166184976296578 0.0131377940720551 -0.010560917519934 -0.011366150330845
0.129418279885652 0.0314500444332096 -0.097012328868373 0.0148625525018833
0.146047481493842 0.00965600023379019 -0.116899730050455 -0.0334946869198534
0.141243682553934 -0.0550064138546622 -0.128388634033827 -0.00817156726826799
0.0958524383495447 -0.107340941651631 -0.107770273639388 0.0209024706543332
0.0389053485493121 -0.111656734097987 -0.0663309609250465 0.0174173255909207
-0.000632215991412046 -0.104500549624083 -0.0486595506900133 0.00640256660762131
-0.0343304502800715 -0.0876475748911438 -0.0380261190598131 -0.0127506239544656
-0.0343189762371256 -0.0729069593394956 -0.0264378384987217 -0.0253996414139786
-0.0385753671707945 -0.0760184888554748 -0.00978281580940021 -0.0472342139441935
-0.0159326793768315 -0.0974422996497437 0.0125972150385927 -0.0641502150210212
0.0206489723893559 -0.101712132148624 0.0437540198310979 -0.0725397751830023
0.0649589092770818 -0.103487827868578 0.081176938310546 -0.0391406863560871
0.108374905288152 -0.0699392502177753 0.0781109028617147 0.0157158732801814
0.135831228988655 -0.00587427707419338 0.0161100185290187 0.0316404572039071
0.148233953684371 0.0317670841388131 -0.0540397499652921 -0.0243114141387501
0.0928475423570177 0.0276181976261011 -0.136451695005685 -0.00083092596160889
0.110976692852414 0.00990636798083634 -0.143838849529471 -0.0278756724787048
0.108215124154996 -0.0433770565306502 -0.128056451618235 -0.012090548805341
0.0713291518381417 -0.0822672725571776 -0.098149186788586 0.00545540833215025
0.0282168489062242 -0.0829354073280614 -0.0629007144087912 -0.0106342745027693
0.000178024879398214 -0.0780022533563551 -0.0561245688127897 -0.0256003753337819
-0.0235158700007831 -0.067337055766174 -0.0487877760935925 -0.0428312578418308
-0.0221425351702085 -0.0581038512609091 -0.0346099723479367 -0.0553567005074186
-0.0207888535196645 -0.0636336109124684 -0.0141542376068862 -0.0788069921072088
0.00132235518838898 -0.0774725356173606 0.0162143970980127 -0.0918208678931195
0.033254677798498 -0.0761912699875496 0.0533953033395094 -0.0907697371309336
0.0688985782798732 -0.0696711923291952 0.0840020278299916 -0.044371700627661
0.0974779635133074 -0.0358592901616513 0.0670093996332319 0.0115217251604245
0.109470936822796 0.0194513585103831 -0.0028029701922538 0.0222306551325307
0.109005535383917 0.0442171988628003 -0.0843405623576576 -0.0419006677871485
0.0393492157166763 0.0247848692399886 -0.156158746978234 -0.012017921565862
0.0575007739759339 0.0158820249668109 -0.154296357404013 -0.0200098701803306
0.0597457889960926 -0.0171339850673673 -0.123088791085325 -0.0166887754760712
0.0399098439647263 -0.0391717441228599 -0.0929190304782603 -0.00810429018189367
0.0186249572413654 -0.0379718945273841 -0.0652979942290695 -0.0284926069713391
0.00716423025912502 -0.0398515091467272 -0.0651001219798525 -0.0434847326993405
-0.00685801046362212 -0.0387235595791505 -0.0546898459435518 -0.0614524075767317
-0.00759661726895762 -0.0345906215502526 -0.0369842457612659 -0.076828966368596
-0.00494943532463641 -0.0393406683280542 -0.0113522920429017 -0.101753854767792
0.00979391085402295 -0.0456737108548923 0.0281820896116606 -0.110879673723286
0.0295985790211064 -0.0430045705883747 0.0706331307890295 -0.10025552302078
0.0517784968326314 -0.0349786393851687 0.0910444246626631 -0.0450501799653978
0.0678990444175253 -0.00878060515025129 0.0611566495431441 0.00449018431208056
0.0683844402539413 0.0311700493349262 -0.0112615940887856 0.00907266995124855
0.0577182984291084 0.0448097833524423 -0.0990321466569419 -0.0584507287095517
0.0062857894436253 -0.0213236877557002 0.107707619855372 0.0585512606652028
-0.0179258099635553 -0.0178426497593355 0.0363060090867116 -0.00992127173186442
-0.0281392788027991 -0.00443278699707816 -0.053473259800133 -0.0115413195268766
-0.0192259392439324 0.00827187249107237 -0.0965898953924979 0.0260033100186653
-0.0139330346444876 0.008317017043888 -0.0928589689852534 0.0890748024306923
-0.0123872467558466 0.00519834443717954 -0.0421247611473127 0.116210233007667
-0.00888714525439756 0.00737031912467166 0.00543822041464076 0.110343435638116
-0.0101889889005582 0.00593493398699703 0.0365275612895876 0.0916321276041816
-0.0153598995828611 0.00577667029681075 0.0564850715958481 0.0663499863228951
-0.0207316898769712 -0.000857855791015243 0.0728877584747364 0.0495340729728321
-0.0189566402604432 -0.00716622117903867 0.075456735680914 0.0369167002136605
-0.018903370098012 -0.0131569939885816 0.0890400184337379 0.0273864865745528
-0.0133793627958008 -0.0169181820247567 0.113027966710062 0.0294261176840594
-0.00152003446351525 -0.0238499386744265 0.125136696865423 0.0258534206558685
0.0129427031587065 -0.0211577027102066 0.13895487058365 0.0190744111382423
0.0542341813853958 -0.00508856891091963 0.0877671121470977 0.0693438497921919
0.0320619907610442 -0.00512329966255294 0.0222347145147648 -0.00439667012083285
0.0215110584463943 -0.0121671244276653 -0.0635902318518247 -0.00430914828678777
0.0203574302809586 -0.017729718737129 -0.102663134242504 0.0309892038083711
0.00974196921338508 -0.0274972794777007 -0.0952901134823856 0.0875693568528936
-0.00614726534872549 -0.0325919209476175 -0.0455942538528818 0.113178677033355
-0.018922547880165 -0.0279164583248216 -0.00164266297683801 0.106077529938895
-0.0230183282192476 -0.0230849286205378 0.028891306783518 0.0864404587930507
-0.033982992740173 -0.0229488734115484 0.0497528770190989 0.0591850750823611
-0.0321937157578059 -0.0380225874589585 0.0655531001847696 0.0398301871722488
-0.0178815385913427 -0.0480696901784539 0.0720156193153539 0.0258389408796948
0.000925776006292779 -0.0576213887197003 0.0899126933626582 0.0187824133501274
0.0272726357116428 -0.0498525278948853 0.110085497461889 0.0262284770510036
0.0518409769678774 -0.0333522900936098 0.111503019081863 0.020752295719581
0.0730165485927688 -0.0155157340800964 0.118597183833999 0.0102837241983336
0.0957056011071624 0.0126513721694331 0.0536746384268438 0.0670301301572051
0.0814637628250711 0.00806028855998398 -0.00173024918579205 -0.0109210660568179
0.0724130702278795 -0.0209771488642761 -0.0803506608687882 -0.00286156141592671
0.0590311284974335 -0.0470787540903982 -0.109696218315877 0.0344380236925795
0.0315061472284535 -0.0624503956994772 -0.0918336598656514 0.0821411868126861
0.000630136007281645 -0.0678947404053272 -0.045670783715454 0.0995358028704165
-0.0257025827577057 -0.0589478071144878 -0.00893719622182262 0.0879096820426056
-0.0331363481223896 -0.0486841640207438 0.0164756948051366 0.0689549829452392
-0.0479983242910908 -0.0468118799537253 0.0361166703537685 0.0420557023270042
-0.0411430817590961 -0.0678346268552479 0.0517524680095153 0.0207858748536272
-0.0181467782400385 -0.0801283024066237 0.0643537221873242 0.00529394884239084
0.0142821858228156 -0.093840562775682 0.0888478160948817 0.00369410059901587
0.0578408475059597 -0.0791147821528606 0.105639408696494 0.0233022155109984
0.0948972934375293 -0.0421698236140561 0.0909961232317398 0.0217489293652141
0.121097682381874 -0.00952413870676264 0.0826414120369161 0.00384510575125124
0.124803945723141 0.0256799121432797 0.00858580547607707 0.0519170294533719
0.123727600085806 0.0152306480010075 -0.033756118373075 -0.0228548617486359
0.115581043602293 -0.0350800803417515 -0.0988594763652391 -0.00580313225316013
0.0886004367097761 -0.077651576005801 -0.113709732739215 0.0337671142238321
0.0436598411356326 -0.0939890542094173 -0.0826121121459509 0.0677803779517964
0.0031692109824217 -0.0946673453917486 -0.0431445445619014 0.074925572818493
-0.0316871491255087 -0.0812912095053889 -0.0167924918042311 0.0584132412481572
-0.0381372328194941 -0.0662073377422966 0.0019654604003919 0.0417687420015237
-0.0521301829285164 -0.0645134289343074 0.019049814196414 0.0172660216969693
-0.0409562188314635 -0.0882536659094689 0.0353312860008271 -0.00345290448051627
-0.0118489397251167 -0.10084739392269 0.05284201468957 -0.0187196780339537
0.0278321910048222 -0.115020814685664 0.0848442619088246 -0.012334245567953
0.0814524993288229 -0.0941632914939971 0.0982381699977516 0.0206161434768789
0.122949088494261 -0.0415799478887469 0.0670361568623161 0.027622464736939
0.150405584245635 0.000406362082161317 0.0373076767327778 -0.00231878199872666
0.134438397527593 0.0317343431034576 -0.0422752881839546 0.031634046853908
0.144923862892403 0.0149028115708872 -0.0723131398025165 -0.0320984500757947
0.139110567354311 -0.0478112090467721 -0.112733418804495 -0.00884099097680459
0.100486796579652 -0.0995853500962477 -0.110620997999938 0.0284756133433468
0.0453779234379626 -0.11058724038731 -0.0721314893773048 0.0445221782831867
0.00217983430493255 -0.106506089386248 -0.0425541657928329 0.0405018860416787
-0.0342976571295294 -0.0897662587505122 -0.026429974959565 0.0229650011074336
-0.0375724989090137 -0.073835005771768 -0.0128465849259474 0.00921188016764944
-0.0473183273705098 -0.0733921410320427 0.00292239190050111 -0.0126932958984898
-0.0306501052844338 -0.0968889234136963 0.0202597985427964 -0.0314934281555427
0.00195582125854713 -0.106382280464812 0.0437789710054318 -0.0439381518265669
0.0456083976390904 -0.116143832697438 0.0794685390213402 -0.0262129252429652
0.0967258255362127 -0.0891171221874563 0.0871223770104399 0.0187984681173403
0.13521246886478 -0.0278297904981922 0.0398733046617388 0.0318067055179018
0.155646784460803 0.0155146896072045 -0.00884380498413011 -0.0100519844510722
0.122166744838994 0.0318836197773535 -0.0914570344615779 0.0117657630707791
0.138256368309103 0.0120258238869485 -0.10836717817239 -0.03406375147639
0.133670890746959 -0.0506753487242716 -0.119821920032703 -0.0106810739803336
0.09213104894295 -0.100610272417538 -0.10214865050784 0.0176558165017628
0.0381180857259841 -0.105620576904732 -0.0630755862739686 0.0152262343808143
0.000250734737311537 -0.0994713824181381 -0.04605585503832 0.00436402136787166
-0.0309673883622891 -0.0831909443288703 -0.0370923452180589 -0.0124586315892319
-0.0312192540262608 -0.0693174664386524 -0.0250647891050822 -0.0239110692288691
-0.0344528042493676 -0.0725516119276644 -0.00846811453377232 -0.0453111386810915
-0.0135820538146853 -0.0922288192483618 0.0130049748865401 -0.0604019363612338
0.0208234872481183 -0.096393502592254 0.0430665699189153 -0.0671241504414357
0.0623788101317834 -0.0969012061954923 0.0779566031669574 -0.0360891917133402
0.103032641266365 -0.0647278350962075 0.0739751540388533 0.0170299350260892
0.128732839182363 -0.0030163892794242 0.0153852547926976 0.0305057362431988
0.137960165580023 0.0320337827404759 -0.0499434743188285 -0.0233638569791855
0.0872376100910723 0.0276136614766615 -0.128976274123965 -0.00398075888083815
0.105278236808747 0.0113340967908817 -0.134260095206929 -0.0295903586962689
0.102601222277542 -0.0400478284424679 -0.119626438185293 -0.0140058432862436
0.0687800533964575 -0.0777040158546919 -0.0929981447422521 0.00314739507618517
0.0275329658256267 -0.0785554270825975 -0.0588517486793474 -0.012720247677581
0.000996222935819409 -0.074129047139273 -0.0535783346692522 -0.0256540552028808
-0.0209678885391869 -0.0643517308943847 -0.0468324043782555 -0.0419048077091954
-0.0199033548850089 -0.0554094395065506 -0.0328091141873443 -0.0534008881232397
-0.0180120669229032 -0.0602933392160279 -0.0126775442598915 -0.0747418111471849
0.00196001296929982 -0.0732438664809292 0.0174593519104514 -0.0863382947702841
0.0324822280742717 -0.0720912657951018 0.0523317346373665 -0.0842432406277366
0.0657681531724336 -0.064864688620157 0.0804702174575518 -0.0405686467203849
0.0925672083757531 -0.032565311599912 0.0627927265274276 0.0125933971733424
0.1032153439433 0.0204766404422349 -0.00256194514717317 0.0214810257821882
0.101502824657515 0.0431744626366269 -0.0788315215721807 -0.0407286920977675
0.0363406730228812 0.0238836338519872 -0.147916292545205 -0.0156197933729944
0.0539439016219022 0.0156205514108488 -0.144147587241139 -0.0215549889004095
0.0563904213645703 -0.0160291021212178 -0.115435723371551 -0.0185267587941156
0.0384149841619643 -0.0366369822348606 -0.0870977988421839 -0.00978664940597324
0.0185848984519362 -0.036431031560098 -0.0609514126009896 -0.0289393205109089
0.00750295517199059 -0.0377296823764149 -0.0605953479678517 -0.0425465989655207
-0.006002832853211 -0.0361645371314111 -0.0522991911798726 -0.0588826199310778
-0.00626774263313855 -0.032450150785027 -0.0346003332594315 -0.0732918341463228
-0.00382816199737314 -0.0370476863881754 -0.00970339778389047 -0.0966016945149383
0.00997883573355225 -0.042594344709396 0.0287756519497032 -0.104353991368756
0.0285763862043111 -0.0402860963206373 0.0684356281883275 -0.0933121939619935
0.0498334479513324 -0.0320507735702731 0.0869753984981515 -0.0413367752844034
0.0643220445940526 -0.00731900029679235 0.0584534934750456 0.00586342772380817
0.0642806730278227 0.0305724668431757 -0.00972995628609027 0.00807507078512087
0.0530183847953276 0.0420141230662636 -0.0926829754105105 -0.0570385547513418
0.00680713777425377 -0.0212598914149366 0.103300391585586 0.0618587004443413
-0.0165420121486805 -0.0185258880509384 0.0353643371774823 -0.00864678348332927
-0.0277696792836772 -0.00501509499980266 -0.0515096824012436 -0.0144848306376649
-0.0191094747995794 0.00784055964843259 -0.0955265653318899 0.0208454425251976
-0.0141554623176367 0.00743031025532325 -0.0947404638735774 0.0838827458875428
-0.0126663351197561 0.00491508215138992 -0.0462302073699752 0.112600613535418
-0.00934385082858935 0.00620964100837022 0.00113554501953376 0.108560504810917
-0.0100805745867929 0.00492102944752856 0.0335989872015558 0.0921185878693208
-0.0153327373040611 0.00456209729140177 0.0537188865432888 0.0678207498576205
-0.0201714173732509 -0.00167770686614654 0.0699891336566112 0.0519314980189115
-0.018272985672283 -0.0077374171589383 0.0731115407002739 0.0393518388199555
-0.0177499824670906 -0.0133925154974602 0.0861372705595861 0.0302062392768596
-0.0120745942667741 -0.0178206844947916 0.109336257649074 0.0331012784142905
-0.000427801587534766 -0.02315595278464 0.122289336467413 0.0307164686795616
0.0138672869793692 -0.0190882182891655 0.136481377047049 0.0246619966257933
0.0529094213608495 -0.00319995257467051 0.083625852440637 0.0722872018087527
0.0320449883464002 -0.00383343322248776 0.0221088930562666 -0.00434830414084788
0.0208070475173664 -0.0112689200352348 -0.0616395714039975 -0.00825597658824696
0.0200843777830243 -0.0171846622423273 -0.101920221095952 0.0249136529576666
0.0103747118795009 -0.0274406496869479 -0.0970558079830581 0.0826038816835823
-0.00535006220386975 -0.0320861956146133 -0.0493713228917495 0.109226024332492
-0.017672465977201 -0.0285286122255867 -0.00547117965111667 0.10394982311021
-0.021807088817808 -0.0240510523461972 0.0257286376225801 0.0863783582399522
-0.032613240693373 -0.0241189612707386 0.0467847457642279 0.0606644235787558
-0.0302337521333414 -0.039021709438719 0.0631876263927798 0.0420114809760175
-0.0160906885626871 -0.0475442657878439 0.0702397113192561 0.0281325753308694
0.00290990380253473 -0.0566075327405883 0.0871275048844442 0.0218294800170622
0.0286363238156018 -0.0486037850300947 0.106677660414586 0.0300104452395915
0.0521717087166619 -0.0305067509551024 0.108887915917896 0.0245120245691975
0.07230833721839 -0.0123879574232624 0.116233439707964 0.0152872039247324
0.093099658622704 0.015744802560011 0.0504832777014266 0.067488742012048
0.0805528554298516 0.0111016875511999 -0.000438792912169804 -0.0109282991268257
0.0713902277246871 -0.0184653082774911 -0.0779406220347337 -0.00695163280371631
0.059027811941337 -0.0442022216008733 -0.10877864246882 0.0282379717090866
0.0325787742306457 -0.0613698051155813 -0.0936665711379542 0.0769184023430978
0.00198432859001076 -0.0668731515724994 -0.0488814952420232 0.0952829245981279
-0.0235690752484878 -0.0593196207772367 -0.0120588605207467 0.0862991563967933
-0.0306961675861618 -0.0496829346144507 0.0142993964090461 0.0689793701366854
-0.0444344626744875 -0.0480962542026083 0.0345770391747183 0.0431358413152509
-0.0376560185282204 -0.068278565776689 0.0511044183963609 0.0228933113902213
-0.0151317616663842 -0.0794839116752071 0.0633727155275242 0.00815933591624214
0.0175856296245957 -0.091624100443162 0.086754705524144 0.00702566443009967
0.0596221686752593 -0.0759368203610317 0.102727952426272 0.0263443949624738
0.0943927883108458 -0.0373952140751578 0.0893549345151614 0.0254794560714566
0.118657091875313 -0.00465758692976594 0.081528795692416 0.0077733535167971
0.120945576536727 0.0300121736446385 0.00721869236872976 0.051374407809412
0.121022192953239 0.0192223666851123 -0.0316192560341326 -0.0241244908591698
0.114079105591715 -0.0306132551612433 -0.0951373975501019 -0.00997736405939745
0.0893115856642131 -0.0740548765058263 -0.111602042949183 0.0286160162025125
0.0458155969832607 -0.0911859932124733 -0.0842498361412108 0.0634457472931967
0.00571887260080501 -0.0931962586211405 -0.0457791867676761 0.0707588178543852
-0.0284621659416959 -0.0812256800841554 -0.0195545839806309 0.0575145807561033
-0.0351876764639334 -0.0667356059680664 0.000555759645037021 0.0418169028732022
-0.0483748511103762 -0.0651314005453837 0.0181106349625611 0.0178396238031164
-0.0378776667178487 -0.0882580693994455 0.0355330473703096 -0.00137295682764794
-0.00865714514824066 -0.0995290248977327 0.0532815697884626 -0.015836386717416
0.0317759883001355 -0.112162600159886 0.0831000364732382 -0.0090180550525132
0.0828341022667449 -0.0900589474097799 0.0952112564925771 0.0239094709363246
0.12226688762435 -0.0365638502715309 0.0649127663479406 0.0294766699411228
0.146529065783537 0.00576790463356818 0.0372310966772684 6.94919272625879E-05
0.131166814133552 0.0360722743147398 -0.0423252492044097 0.0294711694806686
0.141877909159632 0.0196134632671043 -0.0684279557296663 -0.0351298166626688
0.136958465779792 -0.0426301878858595 -0.109280937884955 -0.0137944426691289
0.101598560140211 -0.0948770140073696 -0.109066419098756 0.0229785532376953
0.0476398429824051 -0.108070780432027 -0.0724204897489679 0.0404814686002915
0.00467644737135792 -0.104616261818359 -0.0437246682280567 0.037350847979765
-0.030279343913335 -0.0888325732596392 -0.0274781073202582 0.0221639650676157
-0.0344307137161619 -0.073756206786939 -0.0135148358638723 0.00903518649105829
-0.0431683621522414 -0.0737298704421569 0.003125386134086 -0.0124871253488675
-0.026940174764547 -0.0961620260859638 0.0212168458111044 -0.0294910668258925
0.00561844780676284 -0.104915577654104 0.0449984148660416 -0.0407786105725715
0.0493184436082302 -0.112608869692823 0.0787934727051269 -0.0236017452922281
0.0981147831417934 -0.084593442544928 0.0850646961284337 0.0216501159375227
0.133021068935219 -0.0222919616155831 0.0392744074901942 0.0328837338381447
0.151202158346498 0.0203971659807846 -0.00787174654926612 -0.0100394351552934
0.118915316664894 0.0355402788956053 -0.0895160529384481 0.00808591135084154
0.135515204848025 0.0171550338777639 -0.104046036870282 -0.0380265948153014
0.132429768450656 -0.0455608062117107 -0.116519594601455 -0.016121336882771
0.093510309002082 -0.0961248927118465 -0.099799222460107 0.0121542464445545
0.0406972674261746 -0.10350341232839 -0.0629512421967746 0.0116646310580497
0.00325603520147267 -0.098133072142143 -0.046153095311467 0.0017370548587307
-0.0273676551493868 -0.0833339684521628 -0.0371096107752083 -0.0127617299779955
-0.0280697928744558 -0.0695559834284595 -0.0249124239764007 -0.0245112173652224
-0.0306915465294693 -0.0723024355745171 -0.00711203741063713 -0.044450113587134
-0.00981667915479623 -0.0908000480254736 0.0154805805701828 -0.0587256260423299
0.0233851885973737 -0.0941129901554558 0.0449261020733631 -0.0636597593477911
0.0651242044490636 -0.0929636078531084 0.0775611726204801 -0.0328174397623942
0.103407184798452 -0.0602220870749517 0.072931983656918 0.0197130125479429
0.125802314561359 0.00182160786235101 0.0147461068396167 0.0307573581389097
0.133421987682838 0.0355770854577454 -0.0478083618784457 -0.024150557514501
0.0845685153103242 0.0305652488379371 -0.126091085676813 -0.00985971847745552
0.10269060595762 0.0150190001522093 -0.128991181040578 -0.0348763759078088
0.101732932451289 -0.0360683685889 -0.116279892074531 -0.0191605239520137
0.0699064493559657 -0.0746240392398538 -0.0905722034007641 -0.00100715231301902
0.0296442648624333 -0.0770810986215154 -0.0582323774459118 -0.0150703954619061
0.00352961927749037 -0.07291396586297 -0.0513969092127493 -0.0281405524521429
-0.0180232757580575 -0.0635805507698353 -0.0453452685184186 -0.0418144479581285
-0.0179903814510123 -0.0551994273162026 -0.0313036856419096 -0.0538926754805475
-0.0158059547453486 -0.0593372183724366 -0.009630540812014 -0.0740760499265318
0.0048943935780774 -0.0715347295231738 0.020236781411805 -0.0841121812829709
0.033820775379096 -0.0699989407101689 0.0549887043601955 -0.0803316092191527
0.0671048041789196 -0.0608476987766089 0.0802530885933695 -0.037082107883778
0.0916101660663357 -0.0289043352880952 0.0623241372250191 0.0149996570179781
0.100340504978041 0.0237708222899271 -0.00251831558817722 0.0207054461538154
0.0970023815641016 0.0451829820593525 -0.0754260537563124 -0.0426890548773682
0.0348802631743569 0.0244940819059878 -0.144829058403762 -0.0219514760524338
0.0524458664655415 0.016800055644432 -0.139341753505815 -0.0270561057983405
0.0557388388313959 -0.0137553567128197 -0.112038928968192 -0.022736772288543
0.0389315608439523 -0.0352622628532029 -0.0844688728349051 -0.013294311833632
0.0193677389609165 -0.0353312564621058 -0.0593222195282025 -0.0321515853704315
0.00839105959954856 -0.0365203725567245 -0.0585975196169032 -0.0447371292123268
-0.00421769656672504 -0.0355438639812136 -0.0502184772415375 -0.0599016675396672
-0.0049090392308944 -0.0319273102290035 -0.0326600141184521 -0.0742696378540557
-0.00206084524087221 -0.0363381362838324 -0.00600589443556174 -0.0951950188931907
0.0111834417270921 -0.0412334506344789 0.0327335094222922 -0.10162194764099
0.0292330156582455 -0.0385794069320758 0.0707993197843276 -0.0886024344466779
0.0497299332148078 -0.029612906908037 0.0870641770948895 -0.0371527075511934
0.0627135677257942 -0.004567982528936 0.0571519949598188 0.00877039536572231
0.0619819939736607 0.0327474850141993 -0.00950097958020702 0.00778943257700334
0.0499293200080416 0.0424756692010905 -0.0884158570282949 -0.0589153151613513
0.0068338575003196 -0.0218043606724039 0.103539100924727 0.0664540311487101
-0.0163793063582405 -0.0193949490120346 0.0366877769384531 -0.00843171014865973
-0.0281335963045103 -0.00609840224688597 -0.0519641332887196 -0.0179887018491917
-0.0200323575262694 0.00699643293657544 -0.0981109932644632 0.0175985626551143
-0.0147215295258575 0.00655944147084708 -0.0996325923329306 0.0835131855616565
-0.0133237350961301 0.00467659418384239 -0.0503764323090905 0.113776918441465
-0.0105351555823887 0.00561129970957986 -0.00156196093234447 0.110699511801303
-0.0104364458542522 0.00436428212897256 0.0326519412476347 0.0956786363495677
-0.0160277945684014 0.00375933658290539 0.0541243946276751 0.0716363341808767
-0.0204558822900426 -0.00302490283416174 0.0705293695755426 0.0553056687696581
-0.0183195076032516 -0.00817468978099881 0.0733860889088484 0.0422109758296429
-0.0177130436100847 -0.0141011967927455 0.086236637726804 0.0345293374915889
-0.0117011496575954 -0.019039443395498 0.110477298640571 0.0373740692438971
0.000249338341132238 -0.0234209519814348 0.123541426243664 0.0348905107753252
0.015434143545224 -0.0188649155322038 0.139385042078924 0.0304340058946558
0.0537362426936559 -0.00186253060355894 0.0835417920831282 0.0765328489241709
0.0331254454989712 -0.00316655425303338 0.0227200740517218 -0.00416283902851202
0.0216457929545492 -0.0115057658366985 -0.0623048164824883 -0.0109514661933652
0.0204718301296062 -0.0174253118619873 -0.104745841552654 0.0216425474141099
0.011029896678459 -0.0280562185357261 -0.102070856195062 0.082042269591934
-0.00520805071260093 -0.0329190101957112 -0.0542723123773377 0.110329164399016
-0.0177759449332841 -0.0299333027036759 -0.00828278065195746 0.105971704276256
-0.0216918706558674 -0.0258290804784947 0.0247367381372348 0.0898267219238274
-0.0321159325433168 -0.0257830946561471 0.0467913973530682 0.0639111579742898
-0.030212562660063 -0.0407509256212542 0.0639282128514502 0.0451017604630292
-0.0151050643855447 -0.0492599593148932 0.0710430332154077 0.0315640571317024
0.00479196499034648 -0.0575058725940251 0.0876303325562038 0.025172023590718
0.0306122611614121 -0.0490644543057757 0.108230778297103 0.0337989122541959
0.0544195941685326 -0.0293813134551051 0.110622868679482 0.0281840501176847
0.0742227727583237 -0.0099278330272424 0.119467337305554 0.020238042259483
0.0946034535222471 0.0190707267331054 0.0503874381655823 0.0708261873889628
0.08231996856055 0.0134675173994573 -7.67063097140646E-05 -0.0122411991345781
0.0730782292056153 -0.0172514531720849 -0.078711154702042 -0.010752481343272
0.0608699695604077 -0.0444127595698631 -0.111718119130183 0.0250099852365262
0.0342465905920123 -0.0626252074711097 -0.097749946651973 0.0757921965831634
0.00357539730260124 -0.0682859189750328 -0.0531164103025016 0.0954757679269516
-0.0229282141416651 -0.0612280245334654 -0.0151924039731149 0.0879804663744694
-0.0301823812545085 -0.0518190552172977 0.013192568894983 0.071732250489848
-0.0438940325524455 -0.0505662621994825 0.0340568526632045 0.0457306551935614
-0.0373141304216324 -0.0714656225034952 0.051796553008365 0.0253836010748317
-0.0133028801921901 -0.0818066563871447 0.0653438237258817 0.0106950065991751
0.0207323452899581 -0.0933611844019505 0.0879088769364925 0.00960908515203788
0.0631110766166714 -0.0771703207277534 0.104329551267819 0.0299248192473539
0.0975291028331983 -0.0356534276242591 0.0906297536530864 0.0279809393961107
0.121318911352744 -0.00130956528457738 0.0837471095012399 0.0110760430375282
0.122924195898783 0.0343121795435432 0.00643980557868308 0.0526230774285758
0.123193428950533 0.0234693373401188 -0.0310187220873794 -0.0261213844885314
0.116843340694033 -0.0286404761189793 -0.0962641364242957 -0.0144877812294583
0.0922871661404623 -0.073803291149289 -0.115317895351334 0.0252050635547555
0.0488395008304723 -0.0930319757378576 -0.0884498230356816 0.0618914382287813
0.00781576683486576 -0.0952822227337713 -0.0488940618764126 0.0703313152664722
-0.0268962659826245 -0.0836743881007959 -0.0220519795580296 0.0589417103260705
-0.0343824170152828 -0.0696132700722236 -0.000890843572558383 0.0436800246102283
-0.0474441583286407 -0.0684067378659343 0.0179190452002614 0.0192378236453571
-0.035953584616641 -0.0914705340816481 0.036385629670246 -0.000319341560689935
-0.00651586632256529 -0.102424440682616 0.0553899637821675 -0.0140211424682119
0.0358648380352828 -0.113838910345185 0.0838732147822001 -0.00694738101237218
0.0868514674485527 -0.0904087203999959 0.0974965385029238 0.0266920064057177
0.125468011649063 -0.0331861174781214 0.0662615358728833 0.032082717155252
0.149114567899907 0.0101788814984492 0.0386527690371259 0.00183556387513888
0.132867335168968 0.0405853540024507 -0.0434235088568275 0.02857176877873
0.144753923564067 0.0243271727667749 -0.0677142395761549 -0.0385835537758636
0.141050828062746 -0.0398845947829873 -0.11026795394352 -0.0182180090440812
0.105466921631215 -0.0952127152568907 -0.112081339882767 0.0197578270204867
0.0510203225605809 -0.110155187209901 -0.0760573932664738 0.0385945761419559
0.00705144535419678 -0.107331406119806 -0.046323717256702 0.0364966478613528
-0.0283732050971985 -0.0922234241539928 -0.030012422147218 0.0224666828894242
-0.0333612388871994 -0.0766521868179616 -0.0141588522469455 0.00934167659135722
-0.0417790947048103 -0.0767303952370325 0.00285687028252213 -0.0123054036024927
-0.0248195377150943 -0.0993076335492369 0.0232149670771673 -0.0294927436093894
0.00791185345694853 -0.107317737977231 0.0479976739659997 -0.0399258202793941
0.0535727759656872 -0.11363979090004 0.080751649704388 -0.0223160130598023
0.10242674701295 -0.0846096338718267 0.0868991863137761 0.0248496325842894
0.136730435234294 -0.0190941728565239 0.0397199333388789 0.0348136822612386
0.152890636609735 0.0247114263038095 -0.00723978872819127 -0.00977600035019565
0.120117032882207 0.040031026156056 -0.0919163433531771 0.00444488807641988
0.138098756765345 0.0212332185739439 -0.103743566053869 -0.0431050025653227
0.136011652032234 -0.0435527266510589 -0.117734156634436 -0.0204287026047599
0.0976555346324556 -0.0967605323919793 -0.102892941937102 0.00904446408535228
0.0440344212102641 -0.105342380694117 -0.0649582618114226 0.00936804595249102
0.00539472533184112 -0.100160495084593 -0.0477772365484524 -0.00049343702354269
-0.0252336133112523 -0.0854227685360484 -0.0388266152948771 -0.0134112961112226
-0.0264890616568023 -0.0723419851228928 -0.0256625977876923 -0.0256859879923744
-0.0289857500152355 -0.0747099502512743 -0.00672836907107946 -0.0454149973795039
-0.00751696677611612 -0.093360509528735 0.0177080277207224 -0.0587583081597903
0.0259155883121847 -0.0960196124457542 0.0482190472110889 -0.0629883297567369
0.0691610139166916 -0.0935343706328099 0.079946791926032 -0.0314460477741412
0.106355245487202 -0.0590572439041428 0.0744151877860435 0.0225442634202954
0.12797225235836 0.00568949791506088 0.0152329593629721 0.0317626306956721
0.134232254750162 0.039900312799235 -0.0474871421750297 -0.0257015926194931
0.0857001013032345 0.033347010761451 -0.129023472440669 -0.0149241796909038
0.104379765640101 0.0182765279251527 -0.129579436471424 -0.0404990266428024
0.104534470151762 -0.0341615062925339 -0.117308923952129 -0.0228922761435185
0.0734077713042074 -0.074783854890087 -0.0923076035587828 -0.00464720242971615
0.0322356526608896 -0.0781364058466278 -0.0594309502359017 -0.0177876632172284
0.00525625782066133 -0.0748862311486288 -0.0527849294343753 -0.0307345134391188
-0.0167710136027163 -0.0651714966645562 -0.0469420573325848 -0.0440720916495088
-0.0167529487214641 -0.0567604790315548 -0.0317183072168864 -0.0555279270122973
-0.0139652396115335 -0.060717874339649 -0.00855788919261749 -0.0761509943654753
0.00715783943743956 -0.0728799332293484 0.0229695921520807 -0.0859067146739284
0.0358729002234348 -0.0707095778607531 0.0586532338636632 -0.0801787444347167
0.0705117008424914 -0.0605614032654713 0.0833716530140196 -0.035391455850119
0.0936318655142068 -0.0272704134593985 0.0637399937664829 0.0173125595429408
0.101824118322794 0.0272744374295451 -0.0022293972347515 0.0213050312541992
0.0972887475495932 0.0484911740196961 -0.0753476952767091 -0.0453869959907167
0.0352758423930939 0.0257761526202766 -0.148002895777157 -0.0277110785536707
0.0528276944974805 0.0187779398271238 -0.140055804562678 -0.0336828037191453
0.057119272764102 -0.0131220608477801 -0.113141720479253 -0.0266869403419375
0.0402299036891057 -0.0355814770693845 -0.08611779989332 -0.0168086425379413
0.0206955902260043 -0.0362789806602088 -0.06010540086679 -0.035485518913328
0.00938448229687603 -0.0375905675656688 -0.059825051744518 -0.0481511448007817
-0.00279439732658379 -0.0361172232968027 -0.0511090431242893 -0.0623908231332361
-0.00424693288596942 -0.0326832523041988 -0.032829550714132 -0.0763986338370722
-0.00111765469358768 -0.0369443639390508 -0.0041473307294468 -0.0979354511769629
0.0127698364974298 -0.0414618143643084 0.0361567674630789 -0.103158571778457
0.0307592233168877 -0.0391076285995145 0.0745619021333555 -0.0883950745246531
0.0515631220474772 -0.028705908661939 0.0902589343430407 -0.0349180209153062
0.0635047531296022 -0.00285105634323349 0.0586106506765999 0.0106149540783373
0.0618436592201568 0.0353092317234657 -0.00910109534678338 0.00823849479183258
0.0491451803505216 0.0442622191074107 -0.0884058669836565 -0.0625211039593046
0.00698637004907081 -0.0227971780029366 0.108524611674631 0.0690838894727012
-0.0171202344712752 -0.0203035708006999 0.0374997471270149 -0.00956685446431771
-0.0298322641468011 -0.00581814453787665 -0.0547511693325992 -0.0197831094531404
-0.0209252016915496 0.00739601380651729 -0.102707109772502 0.018223394182232
-0.0152674879500986 0.00722954351326308 -0.104389028972176 0.0880272568451498
-0.0137440153470374 0.00541880787279714 -0.0532321135609261 0.119735671778997
-0.0116976764989592 0.00541176626699766 -0.000568480026223782 0.115987570350395
-0.0112328804404068 0.00400332041156998 0.0359363108202289 0.10016635068623
-0.0172514712764475 0.00320173340052635 0.0583860099231565 0.0756686957714875
-0.021772777118621 -0.00305630753322685 0.0750610207660471 0.0578957568785011
-0.0191307285840553 -0.00836182172416212 0.0773954394607514 0.0444921171072151
-0.0184450323572115 -0.014778318384733 0.0906229922494745 0.0362372961678386
-0.0124438097766416 -0.0200373691049582 0.115052194583996 0.0385258279766126
0.0008607523900922 -0.024388623692893 0.129032612763524 0.0359077743280056
0.0163275569890057 -0.0198780786839001 0.146726783117604 0.0314456639254474
0.0560089994905599 -0.00228722023718605 0.0880342881749369 0.0796502590759118
0.0352463897385528 -0.0037170115761854 0.0234289352126096 -0.00518497445598216
0.0222591121854525 -0.0119980174464479 -0.0646771002406153 -0.012350594329984
0.0209748225968699 -0.0182362153918425 -0.109926000017254 0.0228837631679122
0.0107694627209179 -0.0298134275656813 -0.10678232040494 0.0866888378491762
-0.00605519831559827 -0.0344580000512943 -0.0565693286534093 0.115859228880132
-0.0191403112194823 -0.031304935881621 -0.00822637495328716 0.111332760256044
-0.0233205240855456 -0.027497929821149 0.0275945277392927 0.0941965265171861
-0.0337881771355786 -0.0273155424451885 0.0504841317945011 0.0675604743931389
-0.0319421180359885 -0.0427760697886688 0.0679131620922187 0.0474411610322945
-0.0161858771884938 -0.0514399666934129 0.0747022259070183 0.0332163125155459
0.00508818291909195 -0.060688092087608 0.0912041114611095 0.0261177807333819
0.0315781159872514 -0.0525467305589368 0.112835193660142 0.0345103797951724
0.0572510532790098 -0.0311110495542926 0.115636242368248 0.0289742743107308
0.0777538882630531 -0.01090819212563 0.12596822662206 0.0210773094884304
0.0984479118821866 0.0194469838720251 0.0538399278736982 0.0737862326456133
0.0866715638111631 0.0134038603675796 -0.000307806208829895 -0.0135256642032716
0.076235734999992 -0.0188991223550907 -0.0821099825865721 -0.0121330108518358
0.0628723196740239 -0.0475397964128302 -0.117093656868252 0.0261510468700471
0.0349069115536482 -0.0666305232245155 -0.102461521396564 0.0805207951002585
0.00228503470442379 -0.0715841044354055 -0.0558345141745947 0.100745766769232
-0.0254259531724791 -0.0643498996695458 -0.0158245594285291 0.0925659645311691
-0.0326773979557249 -0.0544621240508987 0.0151900476753025 0.0756642009968278
-0.0460046605055026 -0.0531456894689594 0.036405469062421 0.0486016961163888
-0.0395505193095811 -0.0744541836787285 0.0553647955864025 0.0268923582751813
-0.0151866360158926 -0.0858154932950438 0.0685264450360504 0.0114129052307001
0.0208459546830645 -0.0982360334167212 0.0912962232628351 0.00956572805846601
0.0649131898665107 -0.0815800504364331 0.109711645792687 0.0306024470927539
0.101861603570292 -0.0376197319872194 0.0953017699953758 0.0288673707496917
0.126595267897744 -0.00210567719304948 0.0885610743809978 0.0113265899858878
0.128640103084232 0.0351405149009521 0.00777768479885191 0.0549547240283246
0.129940702882295 0.0234624977393848 -0.0319780222527727 -0.0282744476523015
0.122035545878752 -0.0313859357088919 -0.0998871055975203 -0.0157114842682153
0.0951991508869783 -0.0783943509646891 -0.120559974940387 0.0260127992603987
0.0489514856660429 -0.0985868106405638 -0.0925896457724263 0.0662226426984388
0.00624868869342973 -0.0996332869802166 -0.0514716981837857 0.0736262426868192
-0.0293681607842499 -0.0875152137828761 -0.0232532294901888 0.0624805372070415
-0.0368963860051992 -0.0736663761855514 -0.000364702793094465 0.046001274072977
-0.049468745551682 -0.0715947732328427 0.0193470696595136 0.0205371143000206
-0.0385901324016174 -0.0956883332591495 0.0386377970382132 0.000120453389097252
-0.00784318972336779 -0.106967964509759 0.0587840159807005 -0.0145936062366725
0.0367154299768436 -0.119813258824064 0.0879774991773871 -0.00838393243023438
0.0895351248320193 -0.0964398898260923 0.102542077496739 0.0276199652074053
0.131354838785667 -0.0353165993695853 0.0701803995018067 0.032793409888631
0.15564944944414 0.00960550576829101 0.0417476261227538 0.00176527267496121
0.138969356947692 0.0416449411277074 -0.044419452166665 0.0293027005157079
0.151654836786461 0.0240876678543691 -0.0703157892053173 -0.0409465287886481
0.146692883206891 -0.0434386638906772 -0.114798211595236 -0.0192228138966923
0.109232090369137 -0.101422164275676 -0.117069549057327 0.0204883179170385
0.0515952508688858 -0.116576820828928 -0.0797829348533716 0.0408273292170746
0.00543478109184843 -0.112509462336485 -0.0487200929253063 0.0378902548874024
-0.030418022585922 -0.096219943001517 -0.0320907524183138 0.0245347253276569
-0.0354172022922218 -0.0804807558727553 -0.0153652354815291 0.0106040741003975
-0.0430662151632947 -0.0802117903216307 0.00272969604414774 -0.0127316680552845
-0.0270923820547976 -0.104276418711572 0.0244839262149726 -0.0307343291074114
0.00684470416365203 -0.112726014537826 0.0502877688197857 -0.0416550089818005
0.0554063447393997 -0.120050459857244 0.0836918858786166 -0.0238303588917733
0.105754083473101 -0.0901798713734724 0.0917578848996063 0.0248808250048822
0.14345082199541 -0.0203660668197599 0.0426365831228077 0.0357076148813777
0.159658726539995 0.0246253673715891 -0.00766113204597539 -0.0099690719589595
0.126514920734867 0.040605312304599 -0.0949860422219476 0.00437999151003686
0.144823947194272 0.0206560728176049 -0.10739438096003 -0.0459015170648154
0.140993349414528 -0.0472437186171863 -0.122085198259768 -0.0218952987804281
0.100623304133915 -0.103027380115059 -0.107647364840993 0.00989117699154245
0.044819444824336 -0.11186099741795 -0.0684515179361943 0.00990728296177159
0.00406794825041034 -0.105192464917812 -0.050735457509244 -4.00552576520604E-05
-0.0274966376060297 -0.089458552841378 -0.0418551987249599 -0.0133278164656474
-0.0285191014516766 -0.07581730149572 -0.027422297619107 -0.0252967195245999
-0.0307933259616328 -0.0778030221821295 -0.00751445672596881 -0.0476616423865692
-0.00896240042540615 -0.0973827480604443 0.0184865544521585 -0.0619911660154112
0.0258526326892041 -0.101089562488007 0.0505539777214863 -0.0661948076632925
0.0718431140439158 -0.0986787141200353 0.0831565577577032 -0.0336800210245625
0.110443757474537 -0.0629279916835878 0.0788146075035075 0.0230232484945597
0.134813123641116 0.00553211058779195 0.0166930995547475 0.0328770210364883
0.140813753395294 0.0403912945644671 -0.0492667971034264 -0.0264091761167209
0.0897094554421029 0.0343430332912507 -0.135276327981331 -0.0161939589931428
0.109502245549162 0.0178099839994025 -0.13457710142319 -0.0421673152440639
0.109119827375917 -0.0372196194127607 -0.121699402800521 -0.0245136607230512
0.0752722529763109 -0.079549830125715 -0.0966266678564855 -0.00481323668356125
0.0322484086940014 -0.0830447165707206 -0.0625876116503405 -0.0195071339273013
0.00408315965084617 -0.0789376615969528 -0.056326200647909 -0.0326730023714693
-0.0175513848490255 -0.0683711341235574 -0.0509658301300859 -0.0454794968221528
-0.0172611889310391 -0.0593729138484235 -0.0348793781467686 -0.05739739333134
-0.0151838089188993 -0.0638008880808579 -0.00979815453048639 -0.0794066076908276
0.00663877692450323 -0.0764213015787095 0.0237117964733926 -0.0902176390678256
0.0370443894562023 -0.0747573700271137 0.0616744010777523 -0.0834436048273955
0.0731924515856844 -0.0648008527419474 0.0869737636840417 -0.0375934060169132
0.0975219053048439 -0.0293380315467164 0.0673787284279299 0.0176549086930347
0.106262539855237 0.0283127791673219 -0.00127721454718884 0.0220747258221995
0.101460728169393 0.0494940405203133 -0.0793261628602992 -0.0468113883408983
0.0369686413459478 0.0269380878043411 -0.155419923451649 -0.0296084743246049
0.055378588905175 0.0191114281795314 -0.145790735294236 -0.0353077348686594
0.0591001750849558 -0.013863758952776 -0.117353479528872 -0.0280145745241688
0.0419790245093693 -0.0387481404743455 -0.0897073798737939 -0.0174207368973993
0.0215330576756972 -0.0384906684472568 -0.0637091161731579 -0.0380719466066435
0.00904479390725871 -0.0399790766739878 -0.0634049192921825 -0.0508054679357747
-0.0032109506056473 -0.0381668248434663 -0.0553044309376085 -0.065096904717123
-0.00466922348510186 -0.0341302203304103 -0.0363893453285123 -0.0794695552847487
-0.00132123598254686 -0.0382976259171687 -0.00527336140700247 -0.103209268406715
0.0131024908103604 -0.0433638128386091 0.0373001548238019 -0.108752908231441
0.0315282741293129 -0.0411642771563213 0.0782369889781589 -0.0921840035046498
0.0538807424659296 -0.0308003435041915 0.0941412928307629 -0.0373747326606734
0.0663813592581181 -0.0033110376061264 0.0623176720853213 0.0114317955076301
0.0648362927054161 0.0362725668806826 -0.00863535313734923 0.00896900939980429
0.051491746075273 0.0451392585356413 -0.0929559402503152 -0.0647203876237906
0.0131583390637018 -0.0224914652165049 0.097686020842055 0.0885924565039668
-0.0134682346808912 -0.0243067392403383 0.0388768688638028 -0.00462502756121928
-0.0290783818178026 -0.0109164219234901 -0.0540795561679632 -0.0313034876395216
-0.0224100306257793 0.00586641348354448 -0.111301917008643 0.000380599567815234
-0.0157368909282939 0.0067040508433622 -0.123014754177793 0.0742356019850554
-0.0146678254632788 0.00431164254757386 -0.0753831246502007 0.115620371155289
-0.0128455339981207 0.00340867616969506 -0.0204187539469575 0.12061208891598
-0.0117895250775238 0.00178889537644985 0.0208710847717286 0.109714209131806
-0.0179328216451624 -0.00040300181415573 0.0492787094695061 0.0890005078278781
-0.0210648052248678 -0.00712086576854107 0.0689173784235323 0.0720652102774772
-0.01672997689668 -0.0122719256573756 0.0728195106458936 0.0592468144134789
-0.0154279995616509 -0.0177030597850504 0.0871700431863876 0.0541370657791773
-0.00754754337344817 -0.0220076748530962 0.111167895174294 0.0589963972939303
0.00799433334325751 -0.023575713475967 0.12351455777725 0.0605264292351503
0.0230511112635448 -0.0172902893710035 0.143915116083964 0.0616961741347672
0.0585325782682714 0.00871274730287876 0.0775472232493653 0.0965996368558757
0.0365517768089367 0.00227696746986705 0.0252901771203707 -0.00222367338031294
0.0237961220961884 -0.00735316462934117 -0.0628994048259153 -0.0263913579027919
0.0236596785613209 -0.0131613805698014 -0.115435633132615 0.00300015878710642
0.0173637510629532 -0.025914644804421 -0.124831248590162 0.0702264636211791
0.0011323578577922 -0.034702781391484 -0.0784268503424417 0.109062656638492
-0.0143663426277935 -0.035271524879052 -0.0270752409248063 0.113259728289839
-0.0175448391579849 -0.0329933024830378 0.0136134999940293 0.102977806895673
-0.0293656770667647 -0.0348802862166532 0.0430837224770509 0.0794443798703696
-0.0242440494488367 -0.0501593985339663 0.0643031812066295 0.0602627544103732
-0.00474150367667722 -0.0560869897684954 0.0719763826967662 0.0491000142085692
0.017401865349494 -0.0604551063142553 0.0894237964787127 0.0464382673150836
0.0447310089311326 -0.0463516003750184 0.108757213734084 0.0550336622776504
0.0668909935856422 -0.0186273300514123 0.109884966303167 0.0506062598771513
0.0857430914559345 0.00506279512569309 0.121697219710529 0.0456559270247508
0.0970833585142264 0.0390612504631622 0.0452668427772936 0.0855786612371283
0.0854835658104197 0.0289723461232521 0.00500621911961116 -0.0137333150774381
0.0786799613490019 -0.00419526419903087 -0.0764813884368811 -0.0283821735766089
0.0700988856693031 -0.0347796301938981 -0.120413897860618 0.00429844142294113
0.0478626654902733 -0.059036054609363 -0.118131903096045 0.0620696226512936
0.0159689444951826 -0.0710397753203058 -0.0742969288226616 0.0919801465981256
-0.0140915703828394 -0.0698723032503236 -0.0312096569490335 0.0921648987389446
-0.0214885879453134 -0.0630592314797568 0.00329114118445756 0.0808720711508895
-0.0368130924775201 -0.0637408605635797 0.0323753355096039 0.0571717889556361
-0.025954037452083 -0.0847826807685678 0.0551467731744151 0.0381708794306854
0.00375883011625152 -0.0912932404072875 0.0687613860920705 0.0271195694941394
0.0409260555881259 -0.0967679039330529 0.0919215444924558 0.0318704664306872
0.084831972555267 -0.069020452297974 0.104672609596773 0.0510880840198215
0.114374904641712 -0.0166318977151986 0.0869355521056902 0.0469223242758403
0.134953083801646 0.024468350480685 0.0831258198585923 0.0266765736957531
0.122745849460571 0.0605229179788795 0.00379214887340554 0.0586201231282555
0.125765604126847 0.0472210138719854 -0.0234247291264009 -0.0347402436754364
0.126968263987008 -0.0075326039501531 -0.0910353355090589 -0.0357473376436645
0.107634271960041 -0.0601083781780933 -0.120802707665465 0.00260377815084586
0.0677986059852299 -0.0893241076533185 -0.105565578761854 0.0463647806561792
0.0248028544106538 -0.100134024340769 -0.0660077774994983 0.0645994147422387
-0.0143803823663997 -0.0942943453299776 -0.0338414421641055 0.0589042120548976
-0.0221926864174724 -0.0828121924297535 -0.00783535866255592 0.0481778057594187
-0.0368577961153602 -0.0827368103764287 0.0188040493881038 0.0259609109754733
-0.0210608889678704 -0.105614085569432 0.043226025914228 0.00803733576321319
0.0148485308759767 -0.112364902266881 0.0633519339922896 -0.000322960451030693
0.0612495073985641 -0.116780070641347 0.0908718952460679 0.0143603266654552
0.112959632740705 -0.0793441343506426 0.0981555844520621 0.046770447916942
0.143119753248357 -0.00911846926529176 0.0595202606801175 0.0467548743361974
0.162145075694914 0.0423345264221692 0.0349445186592971 0.00689315426485926
0.131656899537271 0.0699710560327069 -0.0445145801670243 0.0234849443106937
0.146889017077859 0.05204581811902 -0.0595314373301264 -0.0537581919691068
0.153640717617626 -0.0153430772643505 -0.103517626430321 -0.0430684168749519
0.125014261919349 -0.0808908367371254 -0.114592036000984 -0.00309397653372842
0.0731136324228572 -0.106916693836023 -0.087687489921712 0.021687037326819
0.0262415669827739 -0.113083626707913 -0.0574418977464615 0.0274560211456524
-0.0134227510505316 -0.103598456068821 -0.0369649843526053 0.0179000941174033
-0.0189886817640033 -0.0896715202685044 -0.0174103821168207 0.00921076302736374
-0.0290275996612175 -0.0905435474983285 0.00690510607181667 -0.0112316079700894
-0.00773848553735822 -0.112202819133549 0.0326786485826726 -0.0257801861389082
0.031418846960499 -0.115325405241169 0.0585500029254648 -0.0300080222859156
0.0806180260333494 -0.113715102378318 0.0889737182304735 -0.00152502641355379
0.12814764364382 -0.069312120071967 0.0870587683866393 0.0430344816039672
0.151861927568504 0.00871695243434961 0.0312571203640916 0.0441289814853741
0.163503875691487 0.059215788375406 -0.0127281549394215 -0.0158862921562006
0.117453083014336 0.0665514372830292 -0.09235047769721 -0.0117809716628355
0.141071263753803 0.0481155749049094 -0.0971359240514169 -0.0654417326211894
0.148741373158327 -0.0191367417246328 -0.111150129476257 -0.0463568321646672
0.116564989933413 -0.0837440312587967 -0.103398855966269 -0.01327671739411
0.0645875768118985 -0.102842938652009 -0.0715636221661427 -0.00840579255329189
0.0230367737574229 -0.106209897412558 -0.0525225780834385 -0.0129820532102425
-0.0118459633060174 -0.0963141195035924 -0.0405536328158707 -0.0234480900653817
-0.0134764265156651 -0.0833916327244178 -0.0245781271886851 -0.0299363694568028
-0.0160382227486 -0.0857322915747021 0.00160102399593163 -0.0495802499375534
0.00938093842715895 -0.102562245532502 0.0318971735547949 -0.059094897082226
0.0487168310582372 -0.099429476483175 0.0624490435139417 -0.0544455625036709
0.0930572286473488 -0.089478831519275 0.0886015333683479 -0.0128600561301102
0.126744346328293 -0.0402344320600715 0.074714742296538 0.0372086521198158
0.137424673499971 0.0329510730546853 0.00628047052748902 0.0357867616484819
0.138540787969219 0.0714046281819544 -0.0514915237690558 -0.0413584292763609
0.0815218741373092 0.0534348639277532 -0.130616061084354 -0.039573033961317
0.104957372644387 0.0391743228160459 -0.125812317665896 -0.0669101511152074
0.114518275036986 -0.0154572826406343 -0.112821927705998 -0.0482216186162507
0.0871945346701298 -0.0652891340684437 -0.0917609361917665 -0.0249428258090766
0.0472963407074947 -0.0769045084965339 -0.0613317631275126 -0.0355624421278302
0.0180159048124364 -0.0796233181150693 -0.0529616103788416 -0.0456504914368931
-0.00546143109772915 -0.0730124320487471 -0.045097320962311 -0.0573566942133232
-0.00588151780592702 -0.0647664809105561 -0.0267324581560862 -0.0643712327240515
-0.00256975541597908 -0.0684690992424969 0.00422833720758749 -0.0831664287837212
0.0214278742128542 -0.0777735697845549 0.0408459364023141 -0.0870739176259231
0.0546538883212631 -0.0702935245473599 0.0752935979606665 -0.0725774738757162
0.0883700688692639 -0.0531392545450473 0.0929515359947497 -0.0188387399980882
0.106330948649607 -0.00807406710793631 0.0640755452316699 0.0299909783724428
0.103507375168481 0.0507637847933917 -0.00946627689573103 0.0211574954274571
0.0950858946999774 0.0718945738492317 -0.0758752868810794 -0.0671047980148435
0.0292917735076417 0.035484009877524 -0.151258523856239 -0.0581477081331135
0.0504372869050299 0.0307059916053436 -0.140641379131146 -0.0609340927430603
0.0605493853071228 -0.00185828728116851 -0.110960983311683 -0.0493422015281404
0.0470270655651228 -0.0299051550450299 -0.0856879381414611 -0.0352516786463415
0.0276958987269902 -0.033677608693813 -0.0592177581280484 -0.0522780909590113
0.016080769252374 -0.0391210158136234 -0.0572300094150639 -0.0645740448918048
0.00392033414203888 -0.0388750135052908 -0.0470338726677302 -0.0773367389840023
0.00210920741356324 -0.0357160867504146 -0.0244059971935863 -0.0878585488678755
0.00630394826279014 -0.0393604989919896 0.0119091110990646 -0.106311373493601
0.0217548661240015 -0.0424254391964674 0.056933768114676 -0.105621057021707
0.0423321659070882 -0.0364139991067704 0.094760713745175 -0.0799246486160965
0.0621427703282178 -0.0210831313087442 0.101206406467105 -0.0187399066821384
0.0681849980278554 0.0113677784386916 0.0604559657698775 0.022255422922005
0.058948035176844 0.0500055703172704 -0.0126196433005843 0.00580881482879267
0.0426427763881268 0.0568742754588332 -0.0841368190480723 -0.0868817900359307
0.0110460341793208 -0.0226093099231017 0.103804876449569 0.0816235388651209
-0.0143738267949225 -0.02340092946212 0.0378077315175634 -0.00800791638638198
-0.0297656178248835 -0.008838556766372 -0.0565291344157325 -0.0283668068377992
-0.0221349731413557 0.00724651691599889 -0.111325481868225 0.00687919277710169
-0.0152472951699579 0.00788950290934766 -0.117931874058178 0.0829980973390375
-0.0140872214159151 0.0058295870405328 -0.0677742811802081 0.121344240100137
-0.0132010615453382 0.00375439443932214 -0.0118234406499321 0.120924828003846
-0.012028722763128 0.00186404829410245 0.0301290826179414 0.10847015137342
-0.0184131377666668 0.000767024039784191 0.0573929766350923 0.0850593334446171
-0.0214284477855277 -0.00604289369133779 0.0738726102961603 0.0673018931742735
-0.01712792821191 -0.0107399804354863 0.0762480318600276 0.0542295475175841
-0.0169537140341342 -0.0161307210766623 0.0903521028646754 0.0487085011451408
-0.00888014981490524 -0.0215866998597771 0.114599801809298 0.0506312069326496
0.00710168818474161 -0.0241805139645227 0.126920221178208 0.0520150202263395
0.0222829423529056 -0.0186407439201184 0.148845929280512 0.0528920068687407
0.058235606432048 0.00503837074885745 0.0841648852461247 0.0910262856760028
0.0367366213156946 -0.000742975555935843 0.0247266507261366 -0.00435787392184629
0.0233062276070111 -0.00945190370666386 -0.0644703612293645 -0.0226786807353452
0.0220907030416157 -0.0153814958326814 -0.115403330090936 0.0105247697450168
0.0150061443127423 -0.0278410361026799 -0.119341949120962 0.0793696024873785
-0.00166811132428132 -0.0348330193084613 -0.0710317936454439 0.114896706982908
-0.0171003337916542 -0.0344745924098478 -0.018723415713457 0.115604756477666
-0.0204033383623531 -0.0324228923288216 0.021764217293342 0.101774233655701
-0.031653780169383 -0.0335250657973651 0.049697991653435 0.0763362742049825
-0.0278297316577593 -0.0488730369434008 0.0689389626632664 0.0566706024521754
-0.00845948545261948 -0.0558561063880079 0.0754631677306929 0.0446894205854507
0.013080022128648 -0.0619600120195313 0.091833871092981 0.0408098180838752
0.0404776047369295 -0.0500735131347808 0.111561233787378 0.0478284639896989
0.0658750549806496 -0.0234073983294632 0.112385739272734 0.0430094250169932
0.0861861818408462 -0.00123726018478388 0.125054549366156 0.0377178628991008
0.0990996669245536 0.0324418384520819 0.0517204602843734 0.0817307601881529
0.0873585803569135 0.0226239606600061 0.00343022076175214 -0.0146350835693698
0.077814749957511 -0.0102459583178849 -0.0778729863660219 -0.0240335279282929
0.0666672220222425 -0.0403488856086981 -0.119995435371993 0.0121543718723777
0.0424697967837866 -0.062618864048696 -0.113873208645833 0.0705547756760287
0.0104216265267634 -0.0722862818634525 -0.0684564359363164 0.0971550606920137
-0.0197228088970047 -0.0689023742231266 -0.024726120660507 0.0947605813757235
-0.0263193982752581 -0.0618106166238018 0.0104739725668375 0.0810185048436524
-0.0410781813900177 -0.0610641956545433 0.0373974601964586 0.054957794506844
-0.0326872990776434 -0.0826030450023791 0.0583549028690635 0.0344728795161995
-0.00275341491420004 -0.0913995549963045 0.071472368589802 0.0229695816472009
0.0343449808534053 -0.100140028095994 0.093562862314407 0.0257097352049245
0.078677532397006 -0.07559159666002 0.108543093279566 0.0434916734544897
0.112924348084073 -0.0246007103746674 0.0900600661620057 0.0404395030118527
0.136081032924753 0.0142558371164923 0.0850142503412408 0.02189612890885
0.126763651846903 0.0520912718763064 0.00852841822160009 0.057604164522394
0.129078462519277 0.0373873810189169 -0.0257547169762691 -0.033263240137932
0.125183176508688 -0.0170747867487879 -0.0927935092957363 -0.0306650487042414
0.102162957584592 -0.0681955996837532 -0.119800229056457 0.0107515106095111
0.0603072750423056 -0.0941409340025107 -0.101973170468448 0.054606645647017
0.0169826683989212 -0.101457764631407 -0.0622234995626974 0.0685543183272587
-0.0210902240560502 -0.0932121127824132 -0.0298747145795965 0.0616843463053749
-0.0285998339273421 -0.0814459074351443 -0.00376421470812544 0.0488123932747162
-0.0425221086144646 -0.08011132169429 0.0214575239925938 0.0244381699105007
-0.0293857547883131 -0.10429675535821 0.0438145262498738 0.00553380642230846
0.00713831479017943 -0.113304987482817 0.0634532643040107 -0.00416640105787622
0.0526042314738794 -0.121046383240654 0.091253504460163 0.00807443294253497
0.10601681812991 -0.0878595154884941 0.100942634538034 0.0400515351938287
0.142812348284997 -0.0187364274656477 0.0627434930652387 0.0414405362005451
0.16416694054672 0.0299816187490447 0.0358584434500448 0.00501789712276592
0.13566876626353 0.0603270539696167 -0.0426061600468683 0.0256095452654367
0.150997203255121 0.0414765170841351 -0.0623634491564047 -0.0505864256650504
0.151222672689679 -0.0266984095978545 -0.105619350812005 -0.03705908759152
0.117973904837983 -0.0896634636356074 -0.11402394766235 0.00450660576772149
0.0643544078678543 -0.113130479821824 -0.0864517321220101 0.0285321046057051
0.017216543765114 -0.114928996208014 -0.0560865281806997 0.031018065927958
-0.0213334117518666 -0.10224521218663 -0.0361581537708937 0.0211813020638718
-0.0260191739380169 -0.0886128404012035 -0.016409039450825 0.0107561546394134
-0.0352759777637005 -0.0884381736315126 0.00689415413941798 -0.0116190340516844
-0.0162950980231621 -0.111651254269885 0.0315168195953991 -0.0284217228099476
0.0233142182341159 -0.117769510171842 0.0569566787969663 -0.0333753962253036
0.0722700354451612 -0.120050652413327 0.0877938528789987 -0.00784410689730708
0.121740684272613 -0.078646281100922 0.0902712988590988 0.035700576080944
0.152294815502625 -0.00193190172363337 0.0339684075736319 0.0414340149644506
0.165816036987316 0.0466948998375271 -0.0131906698921526 -0.0141590579723086
0.122211271476259 0.0581073890356384 -0.0930680008514693 -0.0061620975633551
0.143220619582688 0.0381545664971676 -0.100493579450436 -0.0599108255751258
0.146149897513958 -0.0303802288954438 -0.113160066277861 -0.039917244095561
0.109979110478181 -0.0929992999565334 -0.103065528969721 -0.006317151504455
0.0566289869643684 -0.108115049098949 -0.0721799256969986 -0.00341025667577528
0.0148770762251661 -0.108188595743101 -0.0544657480109584 -0.00913553146215599
-0.0184930024428843 -0.0948672341008378 -0.0432739358622075 -0.0196510452898041
-0.0197384711198343 -0.0827729404328836 -0.0267374792484734 -0.0279243071029662
-0.0222770091822341 -0.0845577879088481 -0.00200838344917504 -0.0491071199976088
0.00173090761744811 -0.103125327745935 0.0277149298189322 -0.0616433076713934
0.0410133856173163 -0.10349634942218 0.059221476684448 -0.0587732424255983
0.0863472688501443 -0.096173624370537 0.0872236392269162 -0.0190521904535745
0.12300085520152 -0.0494271118676139 0.0774582293452152 0.0319252838983131
0.139641200615976 0.0236450121563043 0.00934660071690437 0.0349670754342098
0.142540415518578 0.0602594611843868 -0.0539950004286334 -0.0372105941223374
0.085383135980054 0.0470462881083243 -0.133779958167926 -0.0316984510084244
0.107365035682556 0.0310471167987399 -0.129848686576781 -0.059532168787511
0.112102419969708 -0.0242200955321199 -0.114672774501772 -0.0413978448717169
0.0816698618319707 -0.072269625585479 -0.09268522367301 -0.0186796168851167
0.0407627301673128 -0.0808975250148303 -0.0640876578643281 -0.0318181374987437
0.0118378188997207 -0.080709857128703 -0.0572765591260247 -0.0425507169964803
-0.0112228457646688 -0.072246484677723 -0.0492610555694477 -0.0534602752729281
-0.0102972637093544 -0.0637876662563527 -0.0313174694575765 -0.0617867489792412
-0.00730492461715496 -0.0678989413659686 -0.00249147378328413 -0.0833287403526544
0.0158494158574045 -0.0792505273083895 0.0344197268562641 -0.0901411865556959
0.0492320562447784 -0.0742392730098901 0.0709360378152774 -0.0774300659145162
0.0841336938093748 -0.0599345578378115 0.0917118863310334 -0.0248611424483595
0.104664119348127 -0.0159331766862001 0.0666452856282567 0.0253694358352756
0.106958879115598 0.0433883471690075 -0.00716886328761051 0.0210390377183794
0.0995478205561853 0.0641127198713174 -0.0806791876653493 -0.061453581650284
0.0319009822124088 0.0328728791524315 -0.155934087119932 -0.0480185788585711
0.0523332426753595 0.0267162484004895 -0.143659859465207 -0.0528806196362426
0.059828572966466 -0.00682674392276349 -0.112944079148466 -0.0428527858288913
0.0437414204144073 -0.0340271793550452 -0.0872695915108309 -0.0297660045564119
0.0245816559783599 -0.0359856934258187 -0.0635524484252704 -0.0488925732060735
0.0124661938558998 -0.0399106188343009 -0.0626987003036703 -0.0611305952790854
0.000436636681184263 -0.0394991929848408 -0.0537040324915424 -0.0737598702273352
7.82768483254211E-05 -0.0356778092261195 -0.0313548348575642 -0.0852715355616738
0.00335638619413465 -0.0394508787302779 0.00400506833692269 -0.107113542164456
0.0188060686000966 -0.0439599934738217 0.0495829929108751 -0.109528965472223
0.0389968636714804 -0.0396569836199477 0.0895394197524513 -0.0858044102191791
0.0599254711984659 -0.026059833911878 0.0999533361015561 -0.0256209200106357
0.0689263830577776 0.00745522364945941 0.0623236812376855 0.0178547291508314
0.0624628695906882 0.0454919671608596 -0.0118098048146627 0.00626515478121135
0.0461025666166322 0.0528183556385498 -0.089999929058507 -0.0807746506685771
0.00962192061540679 -0.0221565018832653 0.104655534518797 0.0731332776478009
-0.0146702592855383 -0.0221283299516261 0.0356610872660247 -0.00956664866105824
-0.028546669511283 -0.00674931312521377 -0.0563813782374985 -0.0253878516218314
-0.0213386298578767 0.00772210936152876 -0.106920798305552 0.0118348162045209
-0.0138269636289873 0.00809030537339689 -0.109016245582511 0.0865511352889373
-0.0128804969464238 0.00601159572107307 -0.0591341779066299 0.120662452690186
-0.0123760366866719 0.00468761290755267 -0.00476262303565458 0.117348147906661
-0.0115228300497714 0.00193419189643634 0.0355857327255125 0.102861065594034
-0.0179528634174801 0.00102910378631206 0.0606729451358774 0.0793022340391552
-0.0212531745545527 -0.00499158265940588 0.075510915545418 0.0614483048466949
-0.0168830146325546 -0.00984471458812429 0.07643777524375 0.0496967506749307
-0.017144716383706 -0.0149644621526659 0.0887871731109292 0.043748654767342
-0.0100522571873428 -0.0212907223659423 0.111813308704862 0.0432287155386574
0.00600743022223898 -0.0236520646184189 0.123637610560874 0.0444017391129068
0.0205849581296494 -0.0191222953004689 0.146518377170785 0.044978901656661
0.0563040665536988 0.00198273272549421 0.0861426889493358 0.0831387202411338
0.0360157418638855 -0.00259644981203794 0.0234990598608596 -0.00534502681197943
0.0216993300019357 -0.0106642798642403 -0.0637014807388104 -0.0199882109045782
0.0201402966822987 -0.0159234930192026 -0.110981336889406 0.0149915324220119
0.0122820210896916 -0.0277280636393927 -0.110762711223194 0.0828399469496251
-0.00378213438748512 -0.0333255132270632 -0.0628315781350773 0.114845391523935
-0.0187774603921806 -0.0325878916797697 -0.012353239854032 0.112538351609254
-0.0214594480434814 -0.0308544925785425 0.0274690030683649 0.0970903122047313
-0.0325162771469215 -0.031125857811575 0.053389201444426 0.0713197012305038
-0.0293132010218642 -0.0461071940386929 0.0699898578643894 0.0515675168391628
-0.0109806992084186 -0.0534741039044718 0.0754993024121888 0.0403469521095516
0.00958087969013245 -0.060202972018529 0.0901868774672202 0.0350762558210619
0.0364596957102056 -0.0502713762362352 0.109306363670321 0.0397933375605689
0.0630963519428463 -0.0257021488732233 0.109083630541756 0.0361743349030885
0.0821943586496213 -0.00559239592911636 0.122961980229433 0.0313761716210802
0.0970520350683617 0.0262515095532864 0.054845625483919 0.075707815035471
0.0858401779228889 0.0171614670246102 0.00320107948894392 -0.0148354278969523
0.074304782466309 -0.0142386223679003 -0.0766266894016357 -0.0212895375652157
0.0616866288044617 -0.0426828790275067 -0.114327320523769 0.0168920048161527
0.0372062109711914 -0.0630745562284301 -0.106401207137533 0.0740698806613896
0.00582731968766397 -0.0700875126926319 -0.0616153237774984 0.0978349169502924
-0.0228590641983889 -0.0652372310049345 -0.0195791019251072 0.0923520240018078
-0.0286991639577842 -0.0585180649022344 0.0150501919441158 0.0772882712327994
-0.0429171463878597 -0.0571160815326286 0.0397915371283705 0.0513345233936537
-0.035560567395535 -0.0784597200389204 0.0588241567665816 0.0306555314511692
-0.00684264640295668 -0.0887971463521784 0.070546068191481 0.0193368638969071
0.0282017725002543 -0.0982157650053618 0.0905780663895315 0.0203394078476596
0.0718814698770419 -0.0771419072295029 0.10596757004541 0.0362867591953388
0.108010077433207 -0.0290015385642924 0.0880468168799025 0.0344365995451631
0.131705684572591 0.00721605527906843 0.0834737285241579 0.0170148162456849
0.124752340662701 0.0440679379624018 0.0113589324075772 0.0544527438835515
0.126568705467054 0.029575931770959 -0.0259714189709249 -0.0314987033012483
0.119422839321095 -0.0229519325955052 -0.0907676595918947 -0.0269978710061519
0.0941544887128092 -0.0717246039787407 -0.115372778121633 0.0156626848544518
0.0523140995190318 -0.0943445201621664 -0.0958819917301608 0.05801390247052
0.0105132374916049 -0.0988303162703856 -0.0569969021251481 0.0698245880288266
-0.0254608285784725 -0.0883748935706434 -0.0261008524188341 0.061949637366223
-0.0314499262313345 -0.0773336984360703 -0.000185640754077289 0.0472141818320155
-0.0452287657843359 -0.0758414842424762 0.0231651568779613 0.0229847654595533
-0.0336841522508965 -0.0993613506963173 0.0440267692819403 0.00291136214505111
0.00109938278604685 -0.109915664254818 0.0620996471880025 -0.00708333315150956
0.0448107999856188 -0.120500048702734 0.0879577228894913 0.00384425369096845
0.0972983784288794 -0.0902357476564478 0.100048353099999 0.0328922118800311
0.137119219026125 -0.0246622532739593 0.0624678386753268 0.0361445251502472
0.159104245341937 0.0206773406694666 0.0351948259869347 0.00345930132287169
0.133999222152459 0.0516819638576994 -0.0394512138489131 0.0254812979407371
0.147750944311841 0.0322762062572477 -0.0620943034651162 -0.0468354281520145
0.14330371961513 -0.0341664148003156 -0.102795609150397 -0.0317919993459315
0.108340808148092 -0.0931479439892669 -0.109748664456143 0.00857113533961094
0.0554073451901655 -0.112315407865222 -0.0819841587370167 0.0318045672145851
0.0100947516784047 -0.111877778077692 -0.0532315308650129 0.0327931952611494
-0.0264360751715359 -0.0975808496527412 -0.0337438369448171 0.0232209022470481
-0.0301385385677517 -0.0841572316305216 -0.0146835687894246 0.0115796140750683
-0.0386981833529497 -0.0837756788525209 0.00673623084880516 -0.0109475718814413
-0.0216947426559209 -0.106927421502301 0.0296119694471984 -0.028933376082524
0.0163141062629522 -0.115252071643254 0.0546473985575965 -0.0344188453338221
0.0627421466012043 -0.120246778364508 0.0840707751914966 -0.011795020577484
0.113009396625964 -0.0819591643640591 0.0889513713168462 0.0295241961576899
0.147078719216566 -0.00917506260512422 0.0353599904202713 0.0375981967591507
0.161098454440007 0.0354780567385725 -0.0133506575714986 -0.0126490087596807
0.120642798764043 0.049931488648346 -0.0904034547659129 -0.00248499588959402
0.140154471110536 0.0287752624109666 -0.0994659454412877 -0.0535761840697678
0.138931196361298 -0.0375600553602776 -0.110183514595736 -0.0346877523671919
0.100022303484039 -0.0951548412325408 -0.099248686177559 -0.00140090505665733
0.0482570567103936 -0.10732111388458 -0.0706889813672431 0.000726460669880651
0.00785517573163857 -0.104669880597828 -0.0544323777922771 -0.00625164373050127
-0.0228425925392597 -0.0907418760392785 -0.042911331947767 -0.0158682339051961
-0.0232709477100956 -0.0783374151138164 -0.0269723802230279 -0.0251809589900743
-0.0259343228912445 -0.0804002342130005 -0.00391884585977723 -0.0471017934329643
-0.00408267203162421 -0.0994523125091053 0.0242745117858544 -0.0606477803118266
0.0340479538381385 -0.102605792231135 0.0549174216291303 -0.0585573489980919
0.0778046257471589 -0.0974460291374765 0.0828572105012305 -0.0226032333940366
0.115299239801974 -0.0540515348725072 0.0761866463028227 0.0268472627546504
0.135701876399112 0.0155851521730616 0.0104654495996223 0.0329864705528949
0.139363410095897 0.0501015771792181 -0.053783285799954 -0.0327688962738776
0.0842584255270435 0.0407129766934589 -0.130922506789805 -0.0242460079658066
0.104755500995129 0.0247288377735347 -0.127923119531203 -0.0517232537069155
0.105977710695795 -0.0293810652309641 -0.11167001651991 -0.0350388637469181
0.0741489218563992 -0.0740550707961795 -0.0897671019750578 -0.013921596544376
0.0344579238921111 -0.0804974451240879 -0.0634277280606422 -0.0275043692382207
0.0065454732898749 -0.0789387720202563 -0.0584087569682854 -0.0381900312082018
-0.0146011303466508 -0.0696367617588779 -0.0518271229644272 -0.0484745324839608
-0.0133999271314839 -0.061008115026178 -0.0339927514674295 -0.0581626774320709
-0.0108722886374755 -0.0647257476360352 -0.00640658489272199 -0.0797341743126476
0.0114450715106004 -0.0768936046479282 0.0290771218133414 -0.089196961672873
0.0430435049496087 -0.0744942861067463 0.0649460769312127 -0.0772499810710908
0.0773664653544101 -0.0621294040471287 0.0872540198604114 -0.0281496098846405
0.099418365375832 -0.0205926630300901 0.0659170414678612 0.0213576072632732
0.105374551170433 0.0361724718898134 -0.00477004379969664 0.0204242825891293
0.0982391537392449 0.0558288210319028 -0.0808703253679873 -0.0546003523940691
0.0320503744982971 0.0294503967593905 -0.153332222808505 -0.0395958977400479
0.0513244692451903 0.0229794251449937 -0.140721063288274 -0.0452717910559955
0.0564858476284582 -0.00985647499091604 -0.110431194332483 -0.0359817586422907
0.0397054261382942 -0.0353782329688585 -0.0845987972555304 -0.0244144561966702
0.0218168091130771 -0.0362622299657453 -0.0640305007491172 -0.0443316796176505
0.01018111783975 -0.0394514340845468 -0.0641765742079448 -0.0559450589552933
-0.00164489758146338 -0.0385798575945347 -0.0564844822466332 -0.0677580088013469
-0.00195447480072246 -0.0342460962050815 -0.0351196213734102 -0.0802265460087895
0.00151373221775457 -0.0375210761861006 -0.00148586134674518 -0.103718172624777
0.0164021848570277 -0.0434986002237404 0.0417386864299524 -0.108535339130741
0.0351479523527344 -0.0405169029630851 0.0825163103780554 -0.0870106404889548
0.0564091091158863 -0.0279615081134802 0.0951663725640698 -0.0296531805333348
0.0664759892784581 0.00381346641944923 0.0614710326459337 0.0146274474195556
0.0623925897329396 0.040428298542674 -0.0102868161124333 0.00668973331980945
0.0459323427895894 0.047848256824569 -0.090656463138195 -0.0728839008270586
0.00869295701766029 -0.020765382730502 0.101247284480909 0.0690973977644566
-0.0142936276128363 -0.0211950685773156 0.0337078352058743 -0.0100858920971928
-0.0273570708357096 -0.00653865698018407 -0.0553996362293309 -0.0244714126733079
-0.0200287289914405 0.0078197720278758 -0.103183546742125 0.0120955084969597
-0.0132627021377143 0.00798703954390803 -0.103078061084586 0.0849290276522262
-0.0122267626645674 0.00606988502975445 -0.0546427770749191 0.117667547482082
-0.0118430402161495 0.00490086020762423 -0.00311096597183066 0.113141194970082
-0.0115778073529425 0.00175097339726426 0.036542039467876 0.0973451861136611
-0.0170096216941263 0.00107813384914613 0.0603169805702516 0.0747696560165747
-0.0199124687379161 -0.0050388904260167 0.0734029051508841 0.0578889712274762
-0.0162498346798762 -0.00937828042887325 0.0746303368808683 0.0477426225831071
-0.0162453964820609 -0.0139815380607209 0.0863387275327256 0.040798331034801
-0.00974243281659535 -0.0202756063270798 0.107054000823642 0.0404124882251144
0.00624716384021778 -0.0227051523287833 0.117771359494895 0.0412982008613003
0.0200623244357343 -0.0183726096536893 0.141500846122833 0.0414032577384375
0.0540074069796395 0.0015932387194873 0.0838273160483897 0.0782836842315843
0.0352038691566 -0.00332610557593848 0.022195254659185 -0.00576010746028396
0.020686025475067 -0.0107890605072118 -0.0613967769096129 -0.0194231612139091
0.0191055330759494 -0.015991401004079 -0.106231541181867 0.0152076520437582
0.0110018481676514 -0.0266862588917459 -0.105095813223112 0.0814003245861208
-0.00407873702037728 -0.0316400246794675 -0.0587785499309001 0.111264257285887
-0.0189408391899467 -0.0305146719615442 -0.00984726189897713 0.108367320740559
-0.0214716261076442 -0.0297540994492852 0.0289767122367119 0.0923406326408839
-0.0323662429128206 -0.0292385158815904 0.0534942685241419 0.0673717535719214
-0.0292580622853578 -0.0441060028784679 0.0687441215163268 0.048487840900493
-0.0110287921571814 -0.0512556488095364 0.0731614931769134 0.037529993233882
0.00849290445667215 -0.0581608945369231 0.0871641614960151 0.0328272737775669
0.033954654830427 -0.0491452610808617 0.105005379364102 0.0364609320732337
0.0605243975257587 -0.0256756417099493 0.104316078984721 0.0336240182566912
0.0786346829084813 -0.00606290915607338 0.118797061062801 0.0287563035342059
0.0931888487255559 0.0245531875154058 0.0540327019027962 0.071226054880421
0.0828904415531507 0.0148996868449161 0.00298179602412521 -0.0148395877879658
0.0704311792086667 -0.0154081738936124 -0.0736419941467432 -0.0202452023587514
0.0575547060336031 -0.0419595150970694 -0.109654832223372 0.0170748304039605
0.0333459819983301 -0.0612560740276059 -0.101189618725692 0.0731310043305244
0.00430072214260219 -0.0672597756933897 -0.0576860840693602 0.0948286462500555
-0.0233700414354729 -0.0626336927357981 -0.01653099888823 0.0898615628344927
-0.0291384642591776 -0.0563682610427523 0.0162079786031139 0.0735782713409599
-0.0423646656737745 -0.0543585222220715 0.0397547809650345 0.0481559226174305
-0.0355486600299223 -0.0746580399984052 0.0574730996560288 0.0284236823241018
-0.00848285814887418 -0.0853211413370515 0.0687655989236312 0.0178485424015185
0.0253535965377257 -0.0949707313580292 0.087198206513535 0.0186078923680439
0.0671480161445904 -0.0747390148137954 0.102045148410432 0.0327845547351499
0.104074535253759 -0.0296640078351156 0.0847476937602538 0.0314428068140661
0.125569634094805 0.00481023411707422 0.0806533592678959 0.0156298045533838
0.120455408916077 0.0410526058707859 0.0119717964893103 0.0511379772056247
0.122083552317763 0.0263140117434963 -0.0248464649535724 -0.0301542651892405
0.113373850528179 -0.0246759993172155 -0.0871231317944874 -0.0252299583634388
0.0885074740531263 -0.0700584067001677 -0.110116707492806 0.0152482287455351
0.047670868788341 -0.0919284744540083 -0.0910749306896909 0.0573344657707503
0.00841233896985996 -0.0949696563834257 -0.0540288739670894 0.0675688637428598
-0.0262377845312176 -0.0846300101653908 -0.0241457015619101 0.0602692225431853
-0.0322489858923839 -0.0739786707002503 0.00112020990835162 0.0453114558948902
-0.0450379498541426 -0.0715080598960809 0.0236621784720503 0.0216169369104841
-0.0342359515265055 -0.0948877076790132 0.0427995522303705 0.00202934253049354
-0.001034414043756 -0.105669493674574 0.0606043437698546 -0.00720444091169908
0.0409508768340076 -0.116468206965446 0.0837939891578967 0.00252922918785588
0.0909106159573973 -0.0881380439083092 0.0956528348207441 0.0298919700211074
0.131302851105029 -0.0253212998541595 0.0603624556282714 0.0334592817358469
0.152203679786506 0.016938161192021 0.0341909268965502 0.00313295585990142
0.129751053643105 0.0474325406606725 -0.0374922894560145 0.0244851943761538
0.142437995667963 0.0288284519503647 -0.0599047398586415 -0.0450628124487999
0.136547023606953 -0.0352077004410023 -0.0987940417604194 -0.0306046986967653
0.101268636058983 -0.0913902714855474 -0.104105836588434 0.00946780332859773
0.0502405746189268 -0.108934870217228 -0.0781416184416109 0.0324237997312304
0.00736537005685595 -0.107539844667686 -0.0515512829286006 0.0323850114388433
-0.0273418983155939 -0.0934135828169482 -0.0324336823821085 0.0234698828184706
-0.0302291362904251 -0.0802806935865207 -0.0135726928409223 0.0111990066027265
-0.0386861119156592 -0.079328353502635 0.00697257991612895 -0.0114082224699429
-0.0227576678003694 -0.102508893945792 0.0285269215838341 -0.0286225672448654
0.0130756473620022 -0.111279926284224 0.052851950194315 -0.0331638708947816
0.0582571813914198 -0.116517829796701 0.0800634067021013 -0.0120133322453659
0.106150418818857 -0.0803146625083411 0.0861806945599943 0.0270786253617693
0.141246722890737 -0.0107270468493475 0.0340027841960179 0.0352836764403064
0.154334087379702 0.0314947069982084 -0.0127593855233373 -0.0112493132604979
0.116516828768104 0.0458027530481232 -0.0870985648383683 -0.0022466994059788
0.134701071112888 0.0254528761567213 -0.0958377168051969 -0.0510515060716195
0.131635974722457 -0.038057351945579 -0.105761453233262 -0.032528343827983
0.0938048745895694 -0.0933428380823835 -0.0946415759897589 -0.000892039001374178
0.043639326565061 -0.104483886514539 -0.0672974087501043 0.00207256334028972
0.00504692733533693 -0.100869347765034 -0.0523412673228866 -0.00514601028349494
-0.0238089959903092 -0.0873464305781655 -0.0423727474164731 -0.0142525621436643
-0.023696556890205 -0.0747513378454674 -0.0258402782868573 -0.0236278707481728
-0.0263585081813727 -0.076723307391564 -0.0042256435576667 -0.0453386909934313
-0.00572533388674499 -0.0960726132753318 0.0223925467505978 -0.0590301103074583
0.0306149755648422 -0.0990424186863547 0.0529365479699542 -0.0573976571518383
0.0729735901330123 -0.0954041906995001 0.078868513610581 -0.0227784290459685
0.109046585757536 -0.0535863826489651 0.0739047187292292 0.0240602261879078
0.130781128277387 0.0131411783587928 0.0108076035830292 0.0309186047982376
0.133134988158244 0.045557738875151 -0.0524880469684715 -0.0300273201985769
0.0816686877227815 0.0372299485078672 -0.127048887696731 -0.0231802454189083
0.101105527151407 0.0220094628825943 -0.123278730780716 -0.0496597825711151
0.101024075957097 -0.0299050829672548 -0.107390466866806 -0.0333011127588119
0.069303320254793 -0.0721904938536429 -0.0853371404683867 -0.0130805126539695
0.0314196825479926 -0.077905413886083 -0.0618904904706959 -0.0253486353902629
0.00484969361850862 -0.0754293210172122 -0.057619414646851 -0.0360774631177188
-0.0156315329845186 -0.0664960725114155 -0.0509399382417698 -0.0452898378293063
-0.0140257215942045 -0.0575729374108202 -0.0333436804057023 -0.0544045041061156
-0.0113807274586665 -0.0619585242117681 -0.00751711046490393 -0.076437103586697
0.00967166362191947 -0.0741085798862666 0.0264722398232354 -0.0866418607377398
0.0397752141253177 -0.0726321846841689 0.0625206659254769 -0.0757647212270762
0.0732816314034942 -0.0612874510254015 0.0823809600838668 -0.028464300126274
0.0945163179914272 -0.0211711064422863 0.0635414177413875 0.0192212349345817
0.101625109328613 0.0333547920748564 -0.00460392968859165 0.0194941587232958
0.0937015906486888 0.0519549052547737 -0.0786453152999968 -0.0505823494116684
0.0314243492857884 0.0277896236534647 -0.149694448592737 -0.0364527019973485
0.0495157041054317 0.0210224559803585 -0.135870793857461 -0.0426604267689295
0.0542303296858981 -0.0105973809506362 -0.10593436212835 -0.0343765327352779
0.0370188145589828 -0.0345013385756164 -0.08142966310758 -0.0232903849027621
0.0198029318480005 -0.0354524884153226 -0.0630435802121656 -0.041890650562329
0.00820479103299901 -0.0384864638724575 -0.0637613135119655 -0.0527958502431776
-0.00247822593348821 -0.0364081199092707 -0.0561592866238378 -0.0641139988307668
-0.00224967954692086 -0.0321414360633566 -0.0349109407204291 -0.076035797999052
0.00025524570518018 -0.0358601184020543 -0.00353629957064202 -0.0993996295267225
0.015172432665262 -0.0418136819079535 0.0382012257851356 -0.104922867653029
0.0327015153299806 -0.03936527461963 0.0782406170347173 -0.0843752570847563
0.0535439592560398 -0.0279517005078536 0.0915280712281622 -0.0297594776028317
0.0631968631807801 0.00302497377317729 0.0591293268848607 0.0135325688132733
0.0597743237510205 0.0377682096622359 -0.00999275404381383 0.00679368016295545
0.0440853314233056 0.0443542180440731 -0.0881808645505766 -0.0677155806119393
0.00885401199011449 -0.0197249068659773 0.0992158996620445 0.0685009510424743
-0.0132445777214082 -0.0210076054601172 0.033048901650768 -0.00966224612592073
-0.0262870152030621 -0.00655747830690023 -0.0548158823802436 -0.0249832905972206
-0.0195115775985879 0.00726970852798736 -0.101466997451424 0.0100891501339385
-0.0129422677007322 0.00747482687376812 -0.101412252187038 0.0825023793146172
-0.0116194154513255 0.0059908710855319 -0.0544852369465781 0.115299539134626
-0.0126179262588459 0.00466673074683994 -0.00311900504400613 0.11106056713647
-0.0113465965206296 0.00105057533351568 0.0361044646318486 0.0957583389686582
-0.0170764688468448 0.00095092577762428 0.060096414751646 0.0736819211163667
-0.0194956678781193 -0.00500106435979697 0.0722790008402206 0.0576640295791141
-0.0149492297372375 -0.00951834352066498 0.0725977572976745 0.0474269774019559
-0.0159459723636804 -0.0131460168753865 0.0845943962509499 0.0409473095009475
-0.00933921819618162 -0.0196747022049743 0.104284731191659 0.0403581201910196
0.00689262791723339 -0.0230540428998523 0.114275719467757 0.0419196257649381
0.0192762065435798 -0.0176597968739769 0.139346847815682 0.0428722733794836
0.0531243255424954 0.00286276137358481 0.0822131436013225 0.0769295934197896
0.0348224745997232 -0.00332828865483701 0.0220345961835529 -0.00585737069530823
0.020528608452758 -0.0104737366089559 -0.060512745194438 -0.0198463260503375
0.018277739679586 -0.0153228973992973 -0.104803197484786 0.0128496384641064
0.0107719510898029 -0.0268720492042356 -0.10384534988463 0.079246412332771
-0.00348215120925574 -0.0315448392229628 -0.0583310601208965 0.109179603661853
-0.0184979876553526 -0.030353677403601 -0.0101475432866702 0.106394634142689
-0.0214311956293845 -0.0294706383485829 0.0284036866152596 0.0902397781547624
-0.0314874599093504 -0.0294158151758135 0.0530066111672133 0.0659219750690554
-0.0285153690324075 -0.0438586395925077 0.0673464966564993 0.0480718767503921
-0.0101217519521178 -0.0508427036779527 0.0725909180108131 0.0381706653347346
0.00891811821203997 -0.0569309850243316 0.084914141762774 0.0334802280256696
0.033488629354087 -0.0476156968355567 0.102371938114029 0.0360618762661696
0.0600507147299882 -0.0247387470903448 0.101217228232733 0.033647809670738
0.0770519568994891 -0.00531552176541616 0.117657159785169 0.0297781558522058
0.0917859243339387 0.0251605934290424 0.0529620540757175 0.0694737914908301
0.0814117357038885 0.0151593138223411 0.00305708382851845 -0.0147817523836336
0.0690743115469811 -0.014990620315288 -0.0722335326022479 -0.0214505044894205
0.0566571107390882 -0.0407713945191452 -0.107802544060667 0.0147515309465307
0.0328977811156047 -0.0603582459084943 -0.0991802620056885 0.071695118706816
0.00432142034471484 -0.0661024849491359 -0.0577371802767829 0.093392187445568
-0.022842103556868 -0.0610165880802861 -0.0167811218812127 0.0886709267995756
-0.0286661924128544 -0.0555602280804255 0.0162163860245456 0.0720349456063516
-0.0411605289968951 -0.0534093915945068 0.04017243158621 0.0470782648858186
-0.0349406812493492 -0.0740841824086433 0.0570572235577548 0.0282807608881298
-0.00778990727429795 -0.0837247154879933 0.0685585423681605 0.0183442295964569
0.0251049409179231 -0.0932032209849635 0.0852066427065784 0.0192270736769659
0.0657429678790664 -0.0729646596471347 0.0994163418686422 0.0326168661240527
0.102681331933761 -0.027809610112617 0.0822042463327977 0.0312887456210376
0.122494497590577 0.00559333546534513 0.0795745649187583 0.0169539172755442
0.11830254141371 0.0415195246214428 0.0112541862153187 0.0493331526860025
0.120536714239023 0.0263194088678801 -0.0237264527572207 -0.0309805866934768
0.110897964932662 -0.0238339654886405 -0.0853139925651001 -0.0265750424873207
0.0864199185021765 -0.0688781559292478 -0.107556863941304 0.0130634350058251
0.0462149684968779 -0.0901024961313456 -0.0894657886784504 0.0560232282558524
0.00825298692340876 -0.0927186416526579 -0.0534679425997056 0.0658451010711041
-0.025932552356676 -0.0835586796523384 -0.0238699169270504 0.0590954333930423
-0.0315286996446467 -0.0729262510730992 0.00135271506532797 0.0443210783711408
-0.0438026276955925 -0.0702867099063822 0.0236133237724138 0.0205153787150412
-0.0336889680331094 -0.0940915141066702 0.0422249924731663 0.00223982975713064
-0.000737575370866155 -0.104731097853286 0.0606175006208939 -0.00615320276714086
0.0409958054818134 -0.114751360070424 0.0824716414591396 0.00347627777207627
0.0895920682544061 -0.0856658707105191 0.0936680228107469 0.0293658053843255
0.129834776169115 -0.0240357960650803 0.0583972212892847 0.032977116004568
0.147987989856702 0.0178392439716695 0.0337935556150442 0.00382533302064222
0.127471298442199 0.0476187661770048 -0.0371818585041734 0.0226881138216901
0.139546134512876 0.0290322009068001 -0.0582043043666342 -0.0451847631512864
0.133249512628108 -0.0337688116401218 -0.0961023783978074 -0.0315286402473127
0.0992653992006785 -0.0888415056091054 -0.101753708079893 0.0075484669530705
0.049012673166343 -0.106904100227016 -0.0773589692599802 0.0313706235341317
0.00725789868433897 -0.105445132621316 -0.0506296242136422 0.0314804076246899
-0.0267423592965806 -0.0921755297914588 -0.03185904586144 0.022724029088575
-0.0295309083085785 -0.079162862447865 -0.0132566038576292 0.010612785097114
-0.0376474130806238 -0.0783565838253147 0.00761140509079955 -0.0112734963059091
-0.0219788425240956 -0.101097033365449 0.0284039608700891 -0.0281107088711663
0.0132943710459832 -0.108847751021826 0.053218803998034 -0.0324890865669572
0.0574982884574153 -0.114873436573381 0.0782295674047882 -0.0116012628903033
0.104053969507649 -0.0778581355276384 0.0848167928827476 0.0269124235417298
0.138819831925228 -0.00952023749788151 0.0330654195579216 0.0348699847840117
0.15011818355001 0.0322830791782728 -0.0124921673583184 -0.0107640328461232
0.114196386061699 0.0457293877272865 -0.085807074387477 -0.00336122672791984
0.132441515315485 0.0260922200833918 -0.09310624267597 -0.0522122522438496
0.128724217816894 -0.0368788159487256 -0.103330057932414 -0.0340894154906684
0.0915057798058873 -0.0912832146817302 -0.0920448277535252 -0.00283451558283149
0.042294227669232 -0.102386839882023 -0.0664447093190052 0.0011784713333711
0.00498846108718852 -0.0988552672655112 -0.0523585681249055 -0.00539946104414153
-0.0232859204462825 -0.0857042074147719 -0.0418119288421687 -0.01352810303655
-0.0228059072184801 -0.0738114913821775 -0.0252388375294115 -0.0232533223633015
-0.0257944854805853 -0.075441697041413 -0.00373695279397935 -0.0449551942662664
-0.00501742935120681 -0.0945969840906991 0.0219768752753487 -0.0581561768725402
0.0301709255765889 -0.097382838552541 0.0533338370412367 -0.0560867049980916
0.0720262101381309 -0.094084383921915 0.0772991123486512 -0.0214164890367001
0.106664645633899 -0.0514933076954258 0.0730845032973894 0.0244367687682622
0.12839187799081 0.0142373054450667 0.0102266837594896 0.0298600800938981
0.129179861205208 0.0455730201619121 -0.0514713212519848 -0.029391684406288
0.0802599554987525 0.0370209191085662 -0.125078969061925 -0.0239541367056614
0.0989211708660027 0.0223019644808573 -0.119744996788875 -0.0502695391683281
0.0988773121945666 -0.0292905397123028 -0.104449887599693 -0.0347225087838847
0.0678471410369868 -0.0709924541270355 -0.0825922816250728 -0.0144757182794597
0.0310252778666178 -0.0764961168151072 -0.060883457018485 -0.0255811812196255
0.00433265725365385 -0.074706442436646 -0.0570860460255593 -0.0359122563024206
-0.0151779437115364 -0.0652655458195301 -0.0506613496110956 -0.0444866335818959
-0.0128157704456729 -0.0570869298693665 -0.0326916282603413 -0.0537871550426909
-0.0108575231292925 -0.0605107996482943 -0.00678343036770535 -0.075011460846806
0.00974223535172711 -0.0728745132690185 0.026578263730045 -0.0850063494936009
0.0385733164940119 -0.0711728012537153 0.0631755480664898 -0.0733359611981913
0.0718318417476569 -0.0594814117841816 0.0815051020265323 -0.0279558629469363
0.0930329383387272 -0.0199554199615095 0.0636250345724884 0.0193501318948129
0.0992599676282966 0.0335257773547276 -0.00450015612278562 0.0191638989907358
0.0904185244607923 0.0511659837489214 -0.0768091031432681 -0.0496915508951221
0.0310373664249068 0.0269249884273208 -0.147198985000362 -0.0375605946744932
0.0479958796981959 0.020748359210166 -0.132817932921298 -0.0437944606325516
0.052469668113096 -0.0103774596800508 -0.103053885114343 -0.0357377997216069
0.0359426011587969 -0.033942469477469 -0.0794095483446656 -0.0239932673388862
0.0193313452898294 -0.0346848048385146 -0.0616385679807084 -0.041768306135271
0.00829567479712551 -0.037561026767228 -0.0627586495750333 -0.0523834106165308
-0.00196699274154807 -0.0359524696666417 -0.055935538591166 -0.0632090904988647
-0.00139167113895726 -0.0316402468201344 -0.0349561802167691 -0.0746330940392425
0.00137456290083709 -0.0350436360744708 -0.00332978306798316 -0.0981857989119401
0.0153310761302927 -0.0413094582994202 0.0375971370980134 -0.103288463617508
0.0316104230475227 -0.0385902000096613 0.0783164327785179 -0.0828205359050513
0.0525067416538085 -0.0269603518894766 0.0899531942467335 -0.0286667908536418
0.0622102327879527 0.00358124572596815 0.0586647515671935 0.0141723144074413
0.0579102243724366 0.0376180636680162 -0.00959244491501596 0.00662602515099556
0.0419731495495299 0.0432769479393415 -0.0865261401155946 -0.0669807360598096
0.000193745311630186 -0.0234965197288147 0.119416135865695 0.0210115823365214
-0.0210221738005901 -0.0143500267009993 0.0256166707876269 -0.0229008823572655
-0.0264653711378839 0.00500814303157762 -0.0615948620165277 0.00100838448841397
-0.012914111995884 0.0161506930253672 -0.0909163648729067 0.0535128647957005
-0.00670595232518717 0.0122971364505174 -0.0572274515709286 0.120382685495929
-0.00724682010991735 0.00989197299596875 0.000210235488472032 0.129845238366568
-0.00884981251223835 0.00979572634360604 0.0443860186611447 0.103759778441171
-0.0107829580282558 0.00505031605416208 0.0753752741476269 0.0710942782798877
-0.015336858669045 0.00812103181965861 0.0874813777637595 0.0399983855847615
-0.0203174308554891 0.00320693438133138 0.09203239124633 0.0214701766114023
-0.0174917936064762 -0.00255476162485521 0.0872688275830754 0.0120392976113052
-0.0190000065911088 -0.00513264477889514 0.0955155610631745 0.00102865301780846
-0.0161675155639229 -0.0138846406773921 0.111344583557438 -0.00767901868649581
-0.00150318286475869 -0.0234997302953458 0.123146015091318 -0.0070416424296566
0.0120780922465573 -0.0251094284069631 0.14839726675451 -0.0172469552842875
0.0509173439753823 -0.0198830761744995 0.109802943107852 0.0346553680333332
0.030193792615949 -0.0171099394914511 0.0174832629217845 -0.0161364807563925
0.0149233543328024 -0.0170118342589622 -0.0649251253034005 0.00598056811233691
0.0117902489294739 -0.0200812112404302 -0.0913339763220407 0.0551518555927734
0.000435692071663629 -0.0285346304899509 -0.0608132748115517 0.116754243211516
-0.0151002269104959 -0.0278412502154406 -0.00662871697987971 0.124712597184789
-0.0293651057037388 -0.0198669370503363 0.0354163534395812 0.101375299533394
-0.0322650306956517 -0.0197138224889073 0.0654513330448998 0.0693605983340562
-0.0409075645561378 -0.0139729323651416 0.0783249254384916 0.0354974637716821
-0.044855195056837 -0.0290242870644435 0.083933278805768 0.0132875226547435
-0.0305631470239603 -0.0441761822684731 0.0854128310551902 0.00357629979279809
-0.0145514697943795 -0.0557375898633553 0.0960476614555082 -0.00654240204493142
0.0121022356706391 -0.0577241282409339 0.109649775513795 -0.0093198455201289
0.0472657869620378 -0.0481480114260694 0.107910500180939 -0.00778021460558111
0.0715255023691867 -0.0394248126651993 0.121000235013661 -0.0157369588857179
0.0950782448367525 -0.0139032667357829 0.0801411251621583 0.0389573138191326
0.0803246886958101 -0.0189858594553724 -0.00271730945961977 -0.0175564485179819
0.0574569706944468 -0.0402866204924194 -0.0751525390491956 0.00650065777179473
0.0355762110531638 -0.0582761379508311 -0.0929064216169255 0.0555843582736369
0.00659105828743682 -0.0676662171728263 -0.0612702840316612 0.106084054303237
-0.0229225378271503 -0.0627995151346391 -0.0137384252013847 0.108897081076127
-0.0463804583013852 -0.0466110847116845 0.0213209656451739 0.0869952176171541
-0.0493969193847275 -0.0413582295195303 0.0464966755202481 0.0577963142221859
-0.0606442883305745 -0.033157090864883 0.0583399335190782 0.0235951456224083
-0.0638769721663223 -0.0551716275230776 0.0664026488980344 -0.00110441425856712
-0.0421735243547789 -0.0762227195118894 0.0749736946501991 -0.0136644180735737
-0.0155904136399836 -0.0965505131294405 0.0929334758365787 -0.0190930413327799
0.0323720087191268 -0.095115867756503 0.107578174808789 -0.0110538455341233
0.0856507854020271 -0.0695953763727942 0.0892906397337472 0.000436095361635815
0.118329203167394 -0.0495404265055547 0.0799399442746758 -0.0106152715672875
0.125946145491832 -0.00830344813732072 0.0348599612541924 0.0365408086400922
0.120120642026347 -0.022847681010683 -0.0336833086273798 -0.0219274609181437
0.0922338439762576 -0.064611200670715 -0.0890016561476375 0.00435564209212406
0.0506806762101873 -0.0954058146376765 -0.0935671109009783 0.0520690999630763
0.00676121969047015 -0.0999328808477578 -0.0598261456246188 0.0866933735381383
-0.030250160833357 -0.0883236646821528 -0.0226114461536851 0.0822914326746678
-0.0581335982033873 -0.0657559013367454 0.00136935894650121 0.0624285736565044
-0.0591308610750624 -0.0567233889904992 0.0210750612250519 0.0384930875426003
-0.0697669633118001 -0.0473779130308231 0.0318123597324096 0.00639042416363875
-0.0707751755854316 -0.0733885263104859 0.041777549901857 -0.0193303812182444
-0.0445996156927058 -0.0987916066042316 0.0578531722419941 -0.0328432581075734
-0.0107099641046437 -0.122385604642456 0.0852833667376854 -0.0322855310708984
0.0485311615398 -0.116552332485895 0.101495551595447 -0.0105458001744223
0.111523920257323 -0.0772127040888243 0.0684574991779827 0.012764315342032
0.148209550808492 -0.0496669973818398 0.0304760307368724 -0.00189136645752589
0.137051384476197 -0.0055201772857735 -0.0207195778660418 0.0317678131325643
0.139041285433098 -0.0281751711720622 -0.0709481831123626 -0.0213657461923172
0.109024272172951 -0.0825172704192649 -0.101260596965586 0.00341992974714501
0.0539036882714092 -0.118530381632702 -0.0907665719394117 0.0427697608751065
0.00188980370435512 -0.116206227217601 -0.0595208087056144 0.0580061934887818
-0.0369471844953579 -0.0990802679396081 -0.0353780133100099 0.0490636738759257
-0.062372307593386 -0.0733004678764585 -0.0220244173196215 0.0324834292365475
-0.0596806733212842 -0.062953977494466 -0.00670864238715406 0.0141355343075711
-0.0671102779014782 -0.0572724339716295 0.00290637564005997 -0.0159177163259751
-0.0631124585965434 -0.0854009679704765 0.0161039867897586 -0.0404011132741254
-0.0337601884718752 -0.108977846643534 0.0407894931282319 -0.0527203467215415
0.00477974301648622 -0.129988849279953 0.0763909782000941 -0.0435552817345804
0.0652057065546042 -0.115613838746733 0.0921158331708385 -0.00859194781285637
0.12589908120184 -0.0674679390688819 0.0457406256626077 0.0250163465123809
0.155129778482118 -0.0371118763742281 -0.0193895418282212 0.00373238031059304
0.12437403706179 -0.00182173826697329 -0.077164209921098 0.0286173121174899
0.131788790861233 -0.0271047549741713 -0.107073774770192 -0.0121151554508412
0.103228563046747 -0.0832873576324436 -0.108683859240573 0.00452181482215888
0.0463611760716982 -0.11688422634657 -0.0863332283402384 0.0297529539246318
-0.002930017211477 -0.109663256287208 -0.062830571299946 0.0262484878107467
-0.0369227736059266 -0.0926018949262644 -0.052740616639758 0.0158195141277028
-0.0564247598215101 -0.0687773496515738 -0.0469156791054783 0.00305702803143371
-0.051367162966977 -0.0601386277310454 -0.0329113721606891 -0.0113291252676263
-0.0543124625445044 -0.0591608179746228 -0.0218100254384475 -0.0409155727800155
-0.0447676661046039 -0.0861139256944569 -0.00261015121576413 -0.0652652276337655
-0.0136216189959834 -0.104562381842433 0.0303475758657076 -0.0738384344234857
0.0263054928543251 -0.116852359467002 0.0701208210556296 -0.0511198525663089
0.0794531890215951 -0.0926531748532115 0.0796367105921383 -0.00566759325515451
0.125780346080759 -0.0417301110269718 0.0216533231253066 0.0294480238723623
0.141448749692293 -0.0151432466517981 -0.0637156214926846 0.0016407039146414
0.0898460605565586 0.00464661658412458 -0.123681216562608 0.0272191829436566
0.0999771928162918 -0.0172197727381779 -0.131044356518914 0.00119310295712121
0.0791534521772226 -0.0643341818451725 -0.109996719374562 0.00636125387172412
0.0324566057614332 -0.0898079621501875 -0.0825200957063344 0.016410004603513
-0.0027677365815579 -0.0808996983756717 -0.0691804991025206 0.000155074974782075
-0.026784606095825 -0.0692184763709429 -0.0693144079697118 -0.0096057772155323
-0.041067680581781 -0.05384680944162 -0.0678756987992203 -0.0203169151746574
-0.0347961685656071 -0.0481876920051422 -0.0532883159016336 -0.0349067986690321
-0.0349636425332401 -0.0515343874398223 -0.0379792442997472 -0.0669113273218127
-0.0217426431935112 -0.072643449393878 -0.0110361668275894 -0.0905106352266925
0.00650763965123716 -0.0836004873650731 0.0294512579955639 -0.0931523247535031
0.0405513152798112 -0.0860249756632192 0.069823707033695 -0.0572358518192683
0.0798052405481125 -0.0568341548629737 0.0674006577468384 -0.0057811612251355
0.106696463184731 -0.0108045882347903 0.00272984793803349 0.0242502682594068
0.107283831436851 0.00705748859673238 -0.0957192765557527 -0.00913282416409854
0.039783946288956 0.01464574033147 -0.151413709832613 0.025573972340071
0.0535865670381313 0.00130870503375099 -0.140409831947614 0.0146279090083653
0.0443634048376572 -0.028692902792211 -0.108666326618958 0.008236760719166
0.0185788522462155 -0.0437249952509007 -0.083008345529412 0.00839682247964312
0.00369296509190837 -0.0387982169844031 -0.0760697406607299 -0.0132918166288328
-0.00868203619154541 -0.0369140715318446 -0.0811745883679443 -0.0214990134025274
-0.0168954333525883 -0.0313481191436974 -0.0800534086313081 -0.0350136396610777
-0.0136643163768822 -0.0284557955693487 -0.0647448182081138 -0.0532875826156215
-0.0134903816812238 -0.0331456747033499 -0.0450468208312844 -0.0885803620722642
-0.0031991154780691 -0.0451627565490221 -0.00951862909868315 -0.111505481225341
0.0135385355136956 -0.0498256352649122 0.0381652145056875 -0.108137872133294
0.0371954674394337 -0.0475560915516011 0.0732763601618248 -0.0616073988562121
0.0608887752005291 -0.0222507568533349 0.0593502866403482 -0.00938141850216823
0.0697889176980851 0.0103486505924969 -0.0071919703619769 0.0127380933733906
0.0572066576718653 0.0217246362700451 -0.110486555944468 -0.0233428495183769
-9.92088999742821E-05 -0.0242047811404957 0.123464483845332 0.0183453870505968
-0.0217723837582317 -0.0146193702289532 0.0255690412722222 -0.0246382129058094
-0.0271019086116737 0.00556192510471625 -0.0639821480796617 0.00199375851491719
-0.0133620624865304 0.0167118943755004 -0.0930705632270155 0.0567503230595984
-0.00700396486112393 0.0126598993663607 -0.0555435356576961 0.124949933608131
-0.00682553173781215 0.00963708577497177 0.00353965575134302 0.133571523904554
-0.00916936647496409 0.0103200585047815 0.0479674018174253 0.105985780952153
-0.0115617460157483 0.00530883410367533 0.0794478799990787 0.0706343887955416
-0.0160080317229935 0.00839091513971022 0.0914419028615977 0.0384277607146823
-0.020707472642194 0.00374368007910663 0.0952698880632299 0.0196534305504253
-0.0182190155591987 -0.00259080564583407 0.0904825167189132 0.0107070257462551
-0.0191012682361493 -0.00506525563523903 0.0982091725669951 -0.000807819583389592
-0.0169204572951395 -0.0133430251166894 0.113463431914534 -0.00942181872697527
-0.00185710919108384 -0.024538055165036 0.125849303652193 -0.00890915108896063
0.0115312559176674 -0.0255492402095112 0.153703117411962 -0.0205785729347063
0.0520099467185567 -0.021553146311633 0.113400998916143 0.0325590538309909
0.0308869643239732 -0.0190727569697014 0.0180033993355829 -0.0171578940617796
0.0144943693821394 -0.0182992202766554 -0.0667405695412442 0.00634226748579912
0.0112321269104402 -0.0205447066016547 -0.0936006529563896 0.0581847767539266
-0.000652448907318854 -0.0292249695549569 -0.0591812734760061 0.120712246671844
-0.0163322209035468 -0.0281214331282415 -0.00381897688325372 0.128435123018664
-0.0309166564284972 -0.0190255537678418 0.0394204635502119 0.103491165535267
-0.0345107464806121 -0.0197066836361849 0.069578247727011 0.0692286904209058
-0.0425460646332129 -0.0135541771564328 0.0818778911039329 0.0339787175082313
-0.0468876675023213 -0.0289297244928277 0.0872486182963165 0.011530385376324
-0.0320091280570195 -0.0443177232055608 0.0882706582023103 0.00157853630482545
-0.016135581490562 -0.0566998269924966 0.0984175257164092 -0.008526137367016
0.0113175219454973 -0.0593952395767274 0.111763875796918 -0.0119059821443733
0.047747643008794 -0.0511942816446151 0.110175284529197 -0.00922686870548074
0.0726235507901343 -0.041975992465221 0.125141868249861 -0.0197293919813913
0.097712988452653 -0.0165042717861518 0.0835542734621439 0.0374497935480281
0.0819743561454453 -0.0214402929028398 -0.00277304609708184 -0.0184527098468343
0.057372137504564 -0.0423247130949472 -0.0775110951208534 0.00687843660550524
0.034553471755834 -0.0600494719762848 -0.0951127773302152 0.0584459311328832
0.00488110725228917 -0.0693690206971018 -0.059747467953239 0.110117955718229
-0.0254856882660749 -0.063935350805533 -0.0113348337727812 0.11201497104434
-0.0491756778054911 -0.0462158897425295 0.0241102705884692 0.088810095956359
-0.052790674249478 -0.0417832090944963 0.0496293066558411 0.0575490715791498
-0.0631097518406138 -0.0322812851744022 0.0613550937127995 0.0220589470086592
-0.0675233011204872 -0.0549130492424989 0.0686210179465786 -0.00275355597034932
-0.0452801662372417 -0.0776019039274336 0.0776014656944938 -0.0163899375864055
-0.0178874533921378 -0.0992967822669551 0.0950109590223086 -0.0215920869991431
0.0309750429619185 -0.0982911224305017 0.109613204969486 -0.0139033609816398
0.0868888981826654 -0.0734217245012806 0.0915510615666201 -0.00118092320342798
0.120694357970457 -0.0527820574134457 0.0826863802521698 -0.0123300416661343
0.129787588868459 -0.0116786598379093 0.0365745930135881 0.0357318077670394
0.123050947491775 -0.0263308897213944 -0.0347220203954917 -0.0227109146318598
0.092300328583487 -0.0686622316852779 -0.091540778889092 0.00518267723223312
0.0495749617989811 -0.0987309691809196 -0.095869764289604 0.0548731289092447
0.00380866343684119 -0.103091677041481 -0.0588178690385897 0.0898570224045573
-0.034106814901046 -0.09020031166294 -0.0209316952059223 0.0846272902698473
-0.0615852831184114 -0.0655562808744853 0.00304002529706628 0.0641061204099235
-0.0627198370998256 -0.0566465607028527 0.0225655090424576 0.0388384694573221
-0.0731470081625572 -0.0472281704884516 0.0330759906100176 0.0052588936206975
-0.0750934582916455 -0.074206426925885 0.0428249788029673 -0.0209798164351441
-0.0483272951852966 -0.100572508068631 0.0603405536284474 -0.0361488359669286
-0.0142127240957251 -0.126255784033848 0.0872558031609902 -0.0348192504066853
0.0475688592005756 -0.120795291497475 0.103898167164377 -0.0141839862887195
0.113602596165304 -0.081823136422466 0.0706107572210784 0.0120656454968864
0.150253037847507 -0.0535054471085101 0.0318985221227194 -0.00216883086682771
0.140522990453108 -0.00893506258730379 -0.0208999570390442 0.0323777673784879
0.142226269343548 -0.0317803752455163 -0.0735245171222067 -0.0207920463072594
0.108654624110204 -0.0874268245637342 -0.104095576652818 0.00450925414604092
0.0525367075534701 -0.122555296050056 -0.0927777146345465 0.0448326246828288
-0.00109600316545629 -0.11936877635715 -0.0598440892590782 0.0607483578432306
-0.041109287413343 -0.100670098680098 -0.035764707578068 0.0507891240232304
-0.0661866058871736 -0.073758123398882 -0.0220702383475398 0.0344245610504277
-0.0631715399007071 -0.0632901314459903 -0.00708711463117205 0.0148416590170703
-0.0701139923059632 -0.0570902237013982 0.00285941451286272 -0.0168027461973922
-0.0678275616191164 -0.0861821022146626 0.0156354167120421 -0.0424007821927295
-0.0376893078389531 -0.111102338589036 0.0413611915524229 -0.0565679879133953
0.00063526834973588 -0.134523685920677 0.0775372469267864 -0.0460086893311632
0.0647627493169784 -0.120438456265636 0.0940012963214461 -0.011471167841196
0.128767494677056 -0.0723645782617037 0.0475416037734815 0.0245622904297656
0.157740196377536 -0.041060915747187 -0.0191098982785844 0.00469449437909671
0.127421027912471 -0.00498059126932817 -0.0792365513479797 0.0308099068798551
0.134740204665485 -0.0307721081603694 -0.109530243619192 -0.0110601726667654
0.103453229623985 -0.0882033392640008 -0.111780966146891 0.00607296518252207
0.044250043703438 -0.121044440586269 -0.0882885509486086 0.0314128973911751
-0.00556823615446242 -0.112653253291749 -0.0638036357577553 0.0283706060491378
-0.0401670218826294 -0.0936746428274118 -0.0540180055738023 0.0170047166210433
-0.0604787294075959 -0.0693490988505521 -0.0484801980444335 0.00467333013270861
-0.0535892201741076 -0.0612413986316667 -0.0343271647528118 -0.0108629648351138
-0.0576187828538871 -0.0596298155429714 -0.0229959973689258 -0.0420615793711991
-0.048491386058618 -0.0875978072657529 -0.00422209377502217 -0.0673161172890124
-0.0163189590698748 -0.107080316963658 0.0302569760205047 -0.0779942246029591
0.0233667434929424 -0.120895088817948 0.0715842948635698 -0.053938829862554
0.079036081058351 -0.0965287676237435 0.0818115944970109 -0.00864021313040695
0.12855965745489 -0.0453712942284326 0.0232443623473258 0.0300707278161778
0.143946260693031 -0.0184741301790457 -0.0646887334361801 0.00328022916632781
0.0919871922052345 0.00177958353246864 -0.127464527631959 0.0301642938267825
0.10276421744619 -0.0202497096403903 -0.1346357835279 0.00381895472209742
0.0791092252769906 -0.067551083035421 -0.112615114853745 0.00792835246080833
0.0307308351135596 -0.0929213046084413 -0.0845888750546038 0.0179977439273189
-0.00564704761517592 -0.083230526483254 -0.0712453169261567 0.00104598393171771
-0.0300149925587554 -0.0704187143954716 -0.0721795993841938 -0.00822775909367645
-0.0434074636019891 -0.0540504328822649 -0.0703709124610085 -0.0190005361158096
-0.0366420449553835 -0.0489595501340819 -0.0560293806895651 -0.0349153511792685
-0.0369773729078126 -0.0522858088357645 -0.0407369372833147 -0.0684706528023361
-0.0250676988108775 -0.0742088678762064 -0.0138167130378518 -0.0928514826729316
0.0038370749063826 -0.0857235789167869 0.0294414061161968 -0.0977401239497199
0.039513789135075 -0.0895782310207456 0.0700500593705056 -0.0601356559708095
0.080065316650579 -0.0601407469511475 0.0689723839092531 -0.00766998992171366
0.109580141130628 -0.0135784867011772 0.00313148074445058 0.0246075404412251
0.109092789882238 0.00573283836033967 -0.0984982586259827 -0.00654387728372851
0.0413081600111847 0.0136953996495554 -0.156033758698637 0.0294652182657384
0.0549179483181012 0.000232860482385361 -0.144441761144004 0.0174035604158437
0.0439275989087033 -0.0299595076319217 -0.111313432966546 0.00948405583619209
0.0178238935253778 -0.0449429483143467 -0.0850600117576523 0.0101194697920761
0.00226488114405807 -0.0400234599143674 -0.0789572201006929 -0.0119754011353826
-0.00995311875110758 -0.0378547724836454 -0.0847742048373166 -0.0203150108456805
-0.0180502714787619 -0.0320643586281634 -0.0836479723140707 -0.0331433024068159
-0.0147678306318715 -0.0291415426465246 -0.0681090691439784 -0.053010848512628
-0.014186844351561 -0.0338665298549723 -0.0487788118544962 -0.0899543957688677
-0.00462544648851971 -0.0460441077133091 -0.0128067414576619 -0.11451316482027
0.0122253807644959 -0.0515818933308504 0.0371479788474406 -0.112770720553864
0.0366833018490911 -0.0490906757727675 0.0743610881746023 -0.0650703004403214
0.0617160921400575 -0.0244836268889449 0.0617074716715691 -0.0111662487696712
0.0718780652921793 0.00918688516798128 -0.00698835216079276 0.0130402292795109
0.0587235789614819 0.0213201966371789 -0.114620279334216 -0.0208387487796669
-0.0013206836764666 -0.0239960513752186 0.125929184570236 0.010781644135349
-0.0230094398980705 -0.0139137918218873 0.0250549737657484 -0.0266595365241349
-0.0268663872382329 0.007001514682592 -0.0652610473315227 0.00525355886874153
-0.012440406248212 0.0178912495960534 -0.0917601528504566 0.0621601000198596
-0.00680077177576808 0.0132118733248924 -0.0494486114510721 0.12917319372342
-0.00658931156318896 0.0101134235461042 0.0104895541232217 0.135437015641195
-0.00908572349879496 0.0110007090679345 0.0545712898261028 0.105075839321241
-0.0112094845334746 0.00632638537764614 0.0846296775435962 0.0673068077787778
-0.0160214288526694 0.00958066893111047 0.0955931632445186 0.0327706949045763
-0.0215109871405634 0.00489113602053343 0.0985096325861047 0.0152406200496825
-0.0181643528464949 -0.00204719674490785 0.0929835644985124 0.00718006121565809
-0.0197719841890518 -0.00372861764894894 0.0994596865365961 -0.00572439181123376
-0.0178213556824163 -0.0127447731578614 0.113806140695953 -0.0151818326072174
-0.00313562590506647 -0.0252096329426093 0.126700195848199 -0.0140832605360206
0.0110471803351544 -0.0262952651662461 0.155659110185741 -0.0289085280253276
0.0513644742731969 -0.0243949470975382 0.116766953861491 0.026478436428643
0.0302449603570809 -0.0211009198305189 0.0173156484020032 -0.0191660764316238
0.0133075788141978 -0.0193364631014463 -0.0680173805061921 0.00977363379137757
0.0100851800873731 -0.0213287586703104 -0.0926691750743318 0.0632763870917575
-0.00288603071098476 -0.0295012898910624 -0.0540346717934269 0.125650966721076
-0.0187722058757776 -0.0279424542667617 0.00350166726311832 0.130589265319425
-0.0323354976711368 -0.0177162461579218 0.0461202316391391 0.102642058617097
-0.0366032953269414 -0.0182751933052396 0.0743017050998245 0.0656812109294598
-0.0442316254943083 -0.0111267102535791 0.085508040181083 0.0291654577800051
-0.0501220344760716 -0.0269066748229275 0.0899845203360334 0.00694422077749395
-0.0349069732959008 -0.0440043436768253 0.0904380824311602 -0.00322198778210539
-0.0194877665137573 -0.0573431983834565 0.0996374869414559 -0.0135108545286219
0.00864086024171008 -0.0603273389445469 0.112331888932472 -0.0179765990161367
0.0462764499701461 -0.0543727811888623 0.111414237425703 -0.0142110280302965
0.071391089582343 -0.0454131632737106 0.127653090695883 -0.0263950172928299
0.0985851939376127 -0.021611001197281 0.0866212952802854 0.0327583942828922
0.082238279855268 -0.0261936457587571 -0.00370502356025435 -0.0193213168798353
0.0554879025940294 -0.0464421971956586 -0.0787145141273997 0.0103654633281036
0.0317633575131534 -0.0627158940734357 -0.0943697958598554 0.0631799010493738
0.000467994559225555 -0.0704430841647902 -0.0553052999258966 0.114576530588536
-0.0295557416661343 -0.063268859297572 -0.00598481103909576 0.113722471274931
-0.0523296820877586 -0.0441550759328901 0.0299100189146998 0.0887954295795719
-0.0563467613541218 -0.0392891232908154 0.0535665345864038 0.055636485343082
-0.0661562097224018 -0.0291454178983677 0.0635947556001611 0.0179844775709357
-0.072187555800475 -0.0518283938274154 0.0702075453037689 -0.00713095750681712
-0.0501231179591493 -0.076553142122672 0.0789732229042854 -0.0210036315563854
-0.0240422095176346 -0.100239933252181 0.0952734246125983 -0.0262171223437442
0.0265813013129572 -0.100777052509941 0.109747854473564 -0.0201158958592109
0.0847044614210221 -0.0792470499638147 0.0929414195961512 -0.00516019233418399
0.119717410314173 -0.0598063104294651 0.084143116605098 -0.0161650486993802
0.130984810427155 -0.0183397065146442 0.0387000922468949 0.0334068875546781
0.123040109143741 -0.0332352908704851 -0.0362921000543487 -0.022238773735841
0.0891522544880223 -0.0741950553304104 -0.0933707180337017 0.00958239407437956
0.0449457053610579 -0.101789336207946 -0.0948377690097352 0.0592349237860213
-0.00202519863770838 -0.104263936066762 -0.0542015177512631 0.0939252183623696
-0.0402862071140348 -0.089397413098703 -0.0166662809006638 0.0872648828849398
-0.0663308898699209 -0.0631805452331297 0.00739237295498546 0.0646868038834681
-0.0674693654146131 -0.0546712241278793 0.025130191901523 0.0374347047644286
-0.0763770616095617 -0.0438439049089115 0.034086023832371 0.0021773993303144
-0.0813609622575523 -0.0712649122711498 0.0431620225084253 -0.0242435141734555
-0.0547939029157865 -0.099144150833518 0.0596589866998805 -0.040576421360755
-0.0221127974846702 -0.127886516562437 0.0869329809715223 -0.0392802730407441
0.0421352538085624 -0.124763772529574 0.104385575566373 -0.0201007992323864
0.111637758653721 -0.0890671338406692 0.0725086536342736 0.00904820243327549
0.149133613306129 -0.0615709388014289 0.0335606401509311 -0.00364219129062587
0.142199362213562 -0.0169226861549744 -0.0196179810007632 0.03323881645046
0.142787003560379 -0.0398961245164002 -0.0754428957077527 -0.0183519378347026
0.104986848004788 -0.0938806133078791 -0.106140848662849 0.00854047252192392
0.0459366161199724 -0.1268551482763 -0.0919343307490924 0.048642918128913
-0.00855951156344078 -0.120549022009781 -0.0571271145565188 0.0645521636261293
-0.0475736810483695 -0.100446338423423 -0.0331079648303294 0.0530283244896585
-0.0717472686650263 -0.0706565438227634 -0.020304688896884 0.0360693220539031
-0.0686470990152648 -0.0613533439139923 -0.00590630414792705 0.0152093442602045
-0.0742767908612159 -0.0540002286811805 0.00263463533043559 -0.0182649205986322
-0.0746368973943532 -0.0835467650580252 0.0147980723491004 -0.0443227127217644
-0.0448415952632968 -0.110855629917644 0.0400425992318349 -0.0607717089479685
-0.00679928235395203 -0.136668961087854 0.0765296142605427 -0.0499217427529666
0.0595420415249011 -0.125097634359096 0.0946760361100661 -0.0177170681674918
0.127268419053056 -0.0800899858689608 0.0490330622816958 0.0221002936002013
0.158060372264038 -0.0497712564016512 -0.0189642969915295 0.00630527599639112
0.129215868496086 -0.0121551708110749 -0.079492296388946 0.0345696327901485
0.135136518606753 -0.0386932024532362 -0.111913992219545 -0.0065105030413278
0.0994738957529798 -0.0943208883888044 -0.11321640606769 0.0106948031232372
0.0377187634422512 -0.124987446767537 -0.088416266219404 0.0352155376059217
-0.0124079136818414 -0.113892860422598 -0.0631397120624294 0.0317726360184405
-0.0468771287816483 -0.0930507343260605 -0.0538050136724693 0.0199421169363392
-0.0653934395802491 -0.0665386770830251 -0.0486542516898407 0.00768650740088105
-0.058515542668839 -0.0590814050256173 -0.0355405325322709 -0.00881969657945578
-0.0614241698335284 -0.0572776158883915 -0.0260137007667515 -0.041962878551947
-0.0550395296534391 -0.0856826943607144 -0.00776018876005436 -0.0679922645130154
-0.0231316526749587 -0.107608558214952 0.0271560017409032 -0.0812528116743116
0.0169070580934139 -0.124568677968699 0.0695201508944081 -0.0580373886869266
0.0754005187309041 -0.102048445762906 0.0821357071876101 -0.013663450303009
0.128590509762957 -0.0524648008168818 0.0252465827504751 0.0286799846147635
0.144262071196376 -0.0258262302876592 -0.0653139514290751 0.00811002034212503
0.0932885784820095 -0.00369284990551526 -0.128238996256174 0.0372804275296933
0.102894238011854 -0.0261024253111895 -0.136909151392776 0.00981318190779075
0.0753014053275148 -0.0725935597796049 -0.11457963420547 0.0127599978594374
0.0256979157221981 -0.0950604134959456 -0.085015955238558 0.0218259576055987
-0.0102306243697791 -0.0841362185210869 -0.0722912818395228 0.00458090676258192
-0.0346288032419906 -0.0696688542008078 -0.0740308889776318 -0.00480785650058675
-0.0475474430523335 -0.0520177392326149 -0.0727121200793091 -0.015434576316328
-0.0400975701591686 -0.0483904591017446 -0.0590527167119 -0.032091319398711
-0.0398371815712614 -0.0507159007648815 -0.0458032689068651 -0.0675809798457151
-0.0298120347721919 -0.0738455867527867 -0.0188805806513019 -0.0936470375586358
-0.0012010086131386 -0.0868859697859037 0.0254244638163172 -0.101053897240857
0.034917331026223 -0.092809046728388 0.0682488355982957 -0.064372970330531
0.0782226146481178 -0.0646859103431138 0.0698172059024273 -0.0121663695794536
0.110214899616242 -0.0196140184078608 0.00479203697336227 0.0249295501199067
0.110489783051962 0.00012439024798169 -0.100051823118619 -0.000737824079992065
0.0419998614642688 0.0112710553802646 -0.158172766557345 0.038012828859948
0.0555429122664142 -0.00242788613686008 -0.145835433395871 0.0250940807958772
0.042763181996164 -0.0325864008146031 -0.112575365607931 0.014497416718746
0.015129164201685 -0.0459747176333549 -0.0861162846749536 0.0135775299864039
0.000115176097490644 -0.0407698656373572 -0.0809280334239347 -0.00851153269507208
-0.0126025158129984 -0.0375164855510948 -0.0876419940759552 -0.0157804566790976
-0.0200502771562343 -0.0309906790913781 -0.0872536702897093 -0.0288476111873383
-0.0162252406711205 -0.0292304070593824 -0.0720678210978011 -0.0497779476524965
-0.0160282252321389 -0.0329271161624027 -0.0551689511701197 -0.0885697365529322
-0.00729106341882463 -0.0466938447970717 -0.018809761782372 -0.115116534466643
0.00940710311956965 -0.0525891718999847 0.0321570824787842 -0.116966643430943
0.0347823134780806 -0.0523120086337314 0.0722865507045253 -0.0693154579174582
0.0614464900198595 -0.0277932088570297 0.0625106575355382 -0.0147291200353456
0.0730198946430174 0.00635432516910254 -0.0059337013285282 0.0135804797420555
0.0602648650302047 0.0186944258422081 -0.116926094462547 -0.0143545240153581
-0.00249057904801641 -0.0231623339863575 0.124851111129517 0.00298061777005792
-0.0236160778442215 -0.0121822745823219 0.0229548620975474 -0.0278296168012182
-0.0263491037036871 0.00849176626022203 -0.0641690924970092 0.00866846189769302
-0.0106416294781657 0.0183672808051943 -0.0879786970244709 0.0664469819649857
-0.00587781742878319 0.0139116220154728 -0.0407126323477577 0.129697742117053
-0.00609775456626182 0.0106668674549816 0.0189221222802476 0.13274902752722
-0.00777019830165089 0.0116613009081898 0.0602206058364514 0.100096037895294
-0.011237978361704 0.00759717584307225 0.088203479342798 0.0605312951662097
-0.0152159528484842 0.0101825847542875 0.0962569154410626 0.0264085200553794
-0.0208889599815566 0.00581671638619593 0.0983536182591231 0.00878416988169413
-0.0175290492242749 -0.00125537564055463 0.0928697120791149 0.00159411148755985
-0.0190742125790038 -0.00258289832603098 0.0972148351146757 -0.0105634031853769
-0.0180512966217099 -0.0109553408913946 0.110013916963181 -0.0205030003015121
-0.0044704909777994 -0.0251335587376594 0.124475369252053 -0.0201406612468014
0.00928302396661156 -0.0261083716830019 0.152834912270038 -0.0376076240187984
0.0498036070008844 -0.026845975426478 0.11617180744532 0.0181912205215838
0.0281643055271071 -0.0225493479060621 0.0159134476043451 -0.0202630937542078
0.0118195595604552 -0.0200044567438597 -0.0670572120609142 0.0130692358957955
0.00878387350015289 -0.0214234715120331 -0.0884807867454087 0.0672585972418291
-0.00478637039631894 -0.0286458374186943 -0.0451739377047177 0.126083624128754
-0.0205837022308575 -0.0261609497967101 0.011589155404068 0.128343833434781
-0.0332217985902109 -0.0153818757093011 0.0521089880072026 0.0986283199371789
-0.0376289518812333 -0.0156956344584115 0.0776809281706054 0.0595982842611586
-0.0443031132941565 -0.00822132225950386 0.0861905891961477 0.022364266111088
-0.0516067510053196 -0.0235173059477715 0.0897584115786915 0.00108226461181269
-0.0370817588750546 -0.0418593708531384 0.0895641317921016 -0.0086640108132809
-0.0225487157694796 -0.0549432882433049 0.0965944380921594 -0.0185094355810096
0.0050767129485145 -0.0596614774570422 0.108237838288705 -0.0235319841876043
0.0424173541651331 -0.0568319852819125 0.108851208770315 -0.0194178701813702
0.0679949883819663 -0.0484061961239184 0.124965729312683 -0.0336673404596861
0.0955898585144283 -0.0275283636048497 0.0870914342554237 0.0254024769354033
0.0795689948035959 -0.0306036575982446 -0.00415191309630658 -0.0197117919663041
0.0512856696837111 -0.0488861118600166 -0.0774532993118093 0.0141097213001697
0.027388257532151 -0.0631542924501047 -0.0896637399933117 0.0666843513295151
-0.00452880208363892 -0.0687870866574268 -0.0465234290748006 0.115323906739691
-0.0332585595973907 -0.0606421359604508 0.00113401877046531 0.11211039933019
-0.0545397013180425 -0.0405410963873588 0.035109250210712 0.0849309018341081
-0.0585483010570631 -0.0354467448181574 0.0558193587352649 0.0507029217372492
-0.0668498748395169 -0.024895859909961 0.0635625035027572 0.0125128236251205
-0.0744281518553795 -0.0463909568784909 0.0695943940859219 -0.0115956638056067
-0.0541024460242012 -0.0730202591040525 0.0769353221608573 -0.0257078665492854
-0.0297986434483348 -0.097575672020217 0.0922556419982865 -0.0310316804181346
0.0204063322832149 -0.10076860594179 0.105752067214378 -0.0265277818532738
0.0791690270057205 -0.0831492551116466 0.0912564743128998 -0.0102754723911464
0.113998888965809 -0.0648753755905035 0.0833503689137984 -0.0211148999602201
0.127535930460157 -0.0267415755384753 0.0401129376883768 0.030045583256062
0.119615258744683 -0.0399064012974113 -0.036879860583317 -0.0204173066844226
0.082495847156635 -0.0782520520791643 -0.0918970350845486 0.0135128691652976
0.0381419473322832 -0.102492956473986 -0.0900529338291832 0.0630149806041821
-0.0092483525151875 -0.101773593985831 -0.0474638873271139 0.0947189517042846
-0.0456115879985224 -0.08579537379634 -0.0115537454700082 0.0860918963057155
-0.069726772251797 -0.0577994852327586 0.0115311476887818 0.0630947258289258
-0.0701730065429492 -0.0498566771072218 0.0269242110238715 0.0353239549742869
-0.077791061873222 -0.0387380194106863 0.0334924563151767 -0.000845034544558307
-0.0851820980975068 -0.0645422712355611 0.0414572729631115 -0.0271255315370564
-0.060202141130992 -0.0947866007929141 0.0572963668915862 -0.044014022617951
-0.0296028160395193 -0.124456585196989 0.0834392951970696 -0.0429805971810176
0.0343610756368589 -0.124690423313762 0.100193663933628 -0.0262907251626476
0.104901009710846 -0.0952164245946969 0.0715904314516289 0.00463954348674921
0.142630860346309 -0.0684873445896958 0.0337299666899325 -0.00494601489146972
0.137954701536833 -0.025381020646209 -0.0179131591430508 0.0329950871267648
0.138352796383697 -0.0479356902471806 -0.0751576468201104 -0.0143800193540288
0.0968402672450757 -0.0982934635637351 -0.104146567728919 0.0134005778079598
0.0377876550398736 -0.127153905554621 -0.088179373790604 0.0528500659602335
-0.0157960807105089 -0.117886010288221 -0.0519740861540677 0.066404110714686
-0.0537470434530927 -0.095970240087894 -0.0297054076250156 0.0543189023495059
-0.0751123476528975 -0.0651009005312715 -0.0177350395117107 0.0362377667213661
-0.0714370870854083 -0.0567041260580098 -0.00550624389090304 0.0153530159474611
-0.0765334999622363 -0.0489054587133536 0.00107739772990085 -0.0186397047202393
-0.0795124206991299 -0.0774581088716992 0.0120529230845048 -0.0451142719864093
-0.0514358896383916 -0.106442541237494 0.0366646602243334 -0.0629241068594338
-0.0159106051703825 -0.134783695076258 0.0726417018759904 -0.0532361861595277
0.0512080994151583 -0.126447766883557 0.0911764370503497 -0.0235212402856141
0.120533520904234 -0.0869582590263174 0.0498503154947543 0.0190948528595201
0.151603442628546 -0.0568189443551132 -0.0172735285458114 0.0079638238995411
0.12551949407691 -0.0198999402098928 -0.0763064387500756 0.0380263650168585
0.131030296331971 -0.0458416828937407 -0.110271763573106 -0.000777725255868056
0.0915478868773554 -0.0983850699105564 -0.111531292044686 0.0162239255653615
0.0291314928209974 -0.124586364137042 -0.0849754017893258 0.0386919033281676
-0.0199000310717521 -0.111126605113182 -0.0601669668566438 0.0344840435798813
-0.0523372622040803 -0.0888253779193057 -0.0528243600079465 0.02264288947083
-0.0688884158496157 -0.0612860364245821 -0.0474424984552552 0.0105959141507948
-0.0616666621815889 -0.0554002549114273 -0.0358362347914596 -0.00672008441014143
-0.0637374377869915 -0.0523951792429996 -0.028158218371894 -0.0406519297819914
-0.0599801096332236 -0.0811648982573002 -0.0114586220437518 -0.0668926221681332
-0.0295222951328482 -0.104939184197109 0.0222972761185314 -0.0826054000233858
0.0078111457809509 -0.123527086008596 0.06604146955509 -0.060692699827356
0.0682972916321047 -0.104891807841378 0.0796303935625366 -0.0193233781659881
0.124173810644042 -0.0596584156155265 0.0259811097820458 0.0269381167962004
0.139536512827884 -0.0334429453278242 -0.063074708701745 0.0122561799326495
0.0909976453966553 -0.00957975309724213 -0.124313662131368 0.0443266173330814
0.0997897743423927 -0.031511704720807 -0.134197214226129 0.0175014297789972
0.06938329401279 -0.075420343619396 -0.112112171173318 0.0185991929296578
0.0194833231690981 -0.094470537074924 -0.0826659474498549 0.0257018391274873
-0.0158054059679215 -0.0821189552892127 -0.0711024311713702 0.00815162118214219
-0.0388351469462391 -0.0662361137740966 -0.074193158136325 -0.00099431393243982
-0.0501027111887276 -0.0482095879114984 -0.0730984043185564 -0.0102345747019074
-0.0425204127028129 -0.0452756762244678 -0.0602599139845463 -0.027557409065369
-0.0422804938959556 -0.047025261872732 -0.0491923945340068 -0.0638053362420565
-0.0346279865698608 -0.0704259417929321 -0.0237173007807194 -0.0911283325297668
-0.00682001268152081 -0.0851754028695879 0.0190366857771517 -0.102039880574084
0.0277908347378123 -0.093545451653406 0.0639665830077121 -0.0668687568808804
0.0730599789965754 -0.0688563941364167 0.0683963854085495 -0.0163731579636316
0.107640975978487 -0.0256326501998404 0.00612380793447302 0.0234002126995124
0.107775492153474 -0.00611562014570097 -0.09779836026222 0.00637047192695781
0.0413604606470522 0.00821262222459476 -0.154037661369223 0.047173513305917
0.054192266996464 -0.00591874334151076 -0.142226020779948 0.032596201513094
0.0399990333262879 -0.0343213998429276 -0.110415928994596 0.0195149765181266
0.0117830412740399 -0.0460162316399888 -0.0835379028687399 0.0179863876965099
-0.00270151438528739 -0.0402094057793292 -0.0804230986303495 -0.0038023828273124
-0.014994410825051 -0.0356117116402659 -0.0884296415245229 -0.0108050926451049
-0.0218187711215937 -0.0292661457824132 -0.0882423875087166 -0.0221951488076149
-0.0173248118554676 -0.0280462965152662 -0.0740396975505799 -0.0439760531203986
-0.0170976423977266 -0.0315556609245129 -0.0598886386997756 -0.0837736780706398
-0.0103545142491882 -0.0449807271037558 -0.0257662469997897 -0.112302536090791
0.00615699259155927 -0.0518229686693612 0.0245772338823428 -0.117787384701683
0.0308959786172484 -0.0530867507445445 0.0675519366687458 -0.0723147932282943
0.0588129755109346 -0.031086186036928 0.0603761102479102 -0.018034564837484
0.071932569802952 0.0022615166896484 -0.00520054414400143 0.0136052952885231
0.0595388615998467 0.0150365396459783 -0.115901509900806 -0.00661472726464109
-0.00321982219519742 -0.0217997046744394 0.119195628878641 -0.00241208507513688
-0.0239624133203592 -0.0105280468319987 0.0211300052887436 -0.0275437337745878
-0.0247296297786042 0.00899276741736409 -0.0618645382067703 0.0104083872189798
-0.00950523047942985 0.018060603427884 -0.082956677058538 0.0669667470954231
-0.00542612261833166 0.0135440644780171 -0.0346578526951905 0.125610625010403
-0.00623549542708532 0.0106392712840117 0.0242366263871654 0.126549986287561
-0.00731826665807764 0.0112110650143174 0.0630203226735697 0.0936012903093758
-0.0105489815821588 0.00756500248994447 0.0870190220004532 0.0542265253592932
-0.0147284923266372 0.0107048423975871 0.0942029567959129 0.0204994102609731
-0.0201483576320392 0.00653088081768322 0.0958168823147636 0.00474653369120413
-0.0170784253584168 -0.000778484460680066 0.0892195379408553 -0.00172845057860423
-0.0180260100164807 -0.00145938214625993 0.0929027989673935 -0.013988028373727
-0.0174775159972482 -0.0100610494699967 0.104279557419086 -0.0228206011766353
-0.00512917272375773 -0.0245108554994803 0.118660619781235 -0.0228742527800476
0.00872844677887965 -0.0246480347643609 0.146766828512562 -0.042657406314666
0.0468726922270738 -0.0276021372900787 0.112002420848235 0.0118036431342515
0.0260299832717009 -0.0228813320003069 0.0144065207985915 -0.0201475065398496
0.0101549989812962 -0.0196063620267294 -0.0641456393670817 0.0146824641667678
0.0077327551023614 -0.0210013659852262 -0.0831448512957173 0.0681306122662653
-0.00618751825168154 -0.0265038670318005 -0.0383786213849664 0.121894931528147
-0.0215934719071179 -0.0240647578115634 0.0163223859853667 0.122675728555622
-0.0324285664470108 -0.0136607380797901 0.0545279519678682 0.092640563037686
-0.0372536121784528 -0.0133618366705321 0.0776066697489826 0.0536498215675395
-0.0435688256576213 -0.00611702330312852 0.0839454992884832 0.0172191184432484
-0.0508913497268954 -0.0203470637970795 0.0868938372155453 -0.00228546885463795
-0.0375662710875206 -0.0390157947537003 0.0867292893138516 -0.0120059044896127
-0.0237103081947857 -0.0519489832888679 0.0925628438518118 -0.0209018493356229
0.00315211699296324 -0.0573956828591315 0.102304554523705 -0.0263647961459375
0.0392254854031144 -0.0566686977924409 0.103794158142624 -0.0219434304769827
0.0638481419557894 -0.0484461411355228 0.12007664366881 -0.0372215005522962
0.0906048745823688 -0.0298620009801815 0.0843365347691105 0.020649665839205
0.0751782198690853 -0.0321848315252178 -0.00483855080246464 -0.0190731834386004
0.0464938347232711 -0.0485558079518709 -0.0744432235273729 0.0161563907261989
0.0242205824822556 -0.062014890005689 -0.0842883238436372 0.0671827831095604
-0.00758080138097992 -0.0654429332252197 -0.0403591038910434 0.11172882129301
-0.035166174931019 -0.0563274338990697 0.00583489742526759 0.107601863465765
-0.0543260413653682 -0.0365176727864426 0.0374104280243421 0.0801714232709452
-0.058637205719517 -0.0312495299362967 0.0563982147418076 0.0462743448009327
-0.0653218359463725 -0.0212102326943758 0.0615723282947302 0.00878443166035482
-0.0745871302865948 -0.0416205278711119 0.0667469300776017 -0.0142321678937003
-0.0553668112238236 -0.0685163746028072 0.0736649037459335 -0.0282530245068405
-0.0329507567832731 -0.0928759264763397 0.0877144116151382 -0.032666676018545
0.0158869769388297 -0.097434703892959 0.099177753539051 -0.0296304151382418
0.0731486893749746 -0.0832838057549995 0.0872055290403986 -0.0130996883635951
0.106852238757222 -0.0662631689778719 0.0800737887489653 -0.0237687300474411
0.121183377010496 -0.0304091681814576 0.0394733252058068 0.0264952181077704
0.113456365680194 -0.0434212911764544 -0.0356812736103705 -0.0187240490440263
0.0756162707421439 -0.0776864612596165 -0.0882878671083242 0.016038432246946
0.0326848008765062 -0.100330378968895 -0.0846082056265945 0.0631670378549891
-0.013279715932508 -0.0970482241134399 -0.0419774813116977 0.0927036693801387
-0.0480777121030309 -0.0804617967066529 -0.00776669950678111 0.08284700045745
-0.0693105966363211 -0.0527041323093743 0.0133777983246495 0.0599702393167114
-0.0704896179338815 -0.0451632382574389 0.0272826968156885 0.032472267597229
-0.0767514526948934 -0.0338926633791968 0.0324854777527936 -0.00294835381649281
-0.0850709462786873 -0.0586004869716388 0.0392384724388263 -0.027878085279454
-0.062071679471306 -0.0893399149062704 0.053573848437911 -0.0455215244335989
-0.0343055177528276 -0.11876455949673 0.0788663583774362 -0.0444029473542952
0.0280534575089084 -0.121605590827146 0.0944038848830339 -0.029419254188006
0.0983238737934974 -0.0950951019425697 0.0690674013670288 0.00137454758712743
0.134304557363269 -0.0706502962077716 0.0329967304509934 -0.00632992381268329
0.131161723518761 -0.0297302535808433 -0.0155239382940637 0.0315463393146175
0.131118437759545 -0.0511279467298287 -0.0723179659452761 -0.0121572851214744
0.0887721194181013 -0.0973081035346792 -0.100069688057726 0.0168286427044222
0.0309851365719452 -0.123494543509763 -0.0833392371351554 0.0532271855427373
-0.0204573788722069 -0.112223064994072 -0.0471891968965273 0.0649225644357577
-0.0560368673820603 -0.0894635312453781 -0.0271897464003119 0.0525289795278838
-0.0751983188823876 -0.0589808015202625 -0.0154516135091094 0.0357758453726913
-0.0717096577268367 -0.0514484922713735 -0.00461249980361964 0.0150926540673848
-0.0754280349604814 -0.0436910341587798 -0.000198752345662795 -0.0188800052706741
-0.0796311194770793 -0.070459363987388 0.0101916829711089 -0.0441482188589321
-0.0537719511828089 -0.100736506835382 0.0325573201470017 -0.0628249800439458
-0.0215412765920874 -0.128601084243213 0.0678023257466914 -0.053308853198033
0.0441114808649196 -0.12378315883628 0.0858667170705633 -0.0263459562598994
0.113034532767685 -0.0879625456897638 0.0486574473938505 0.0159039966195739
0.14301804901123 -0.0602020884061921 -0.0152390260827435 0.00855657439300955
0.119067933957834 -0.0249352240861609 -0.0719805948626215 0.0392574344089793
0.124082449459676 -0.0491249141463963 -0.10616537613588 0.00311865340043932
0.0834984560494942 -0.0976990871299354 -0.106512586325347 0.0193169847681883
0.0232234649475276 -0.12082078420362 -0.0804226476238439 0.0397571684627841
-0.0239799540859771 -0.105377726335358 -0.0560815081517402 0.0351677101915283
-0.0544327701749447 -0.083046157530936 -0.0507508156667945 0.0231392343431414
-0.0692445538956112 -0.0557267416993013 -0.0456047142821042 0.0120778983725376
-0.0619749240131162 -0.050448654489046 -0.034497229262557 -0.0046944628019976
-0.063255524402917 -0.0475668053417073 -0.0292888770778976 -0.0380210764218588
-0.0612772549276111 -0.0751073139620576 -0.0132108581841678 -0.0640626344928789
-0.0329395830510418 -0.0997882721052491 0.0186806029091456 -0.081227398744529
0.00210197582571906 -0.11898624507502 0.0612165590032938 -0.0601847074202368
0.0613305233328395 -0.103711848659474 0.0749185946271528 -0.0213284907925473
0.116890559322656 -0.062294371515439 0.0266080964846283 0.0242475141410878
0.132626117089568 -0.0368341303718281 -0.0595563367122594 0.0146633112581366
0.0865924775847488 -0.013110482077115 -0.118527418795046 0.0469559551643689
0.0943638851481878 -0.0340760363866994 -0.128242203271804 0.0214948193058069
0.0633731294828935 -0.0745929981130287 -0.107435981794659 0.0212751396096581
0.0144935656729134 -0.0918125156290621 -0.078352984189341 0.0272279567335417
-0.0187494604149762 -0.0784235494634629 -0.0680262624561248 0.0106268454563145
-0.0407760063059385 -0.0619358843510217 -0.0725083263762723 0.00202517336903178
-0.0503645659984862 -0.0443409758836831 -0.0713270157103544 -0.00647782518607053
-0.0431923538328188 -0.0421219848304319 -0.0589152598338096 -0.0235976356080586
-0.0427076193052071 -0.0441732687447753 -0.050320635320039 -0.0592655132071804
-0.0364698994567685 -0.0661639566946392 -0.0267717632146085 -0.08648529305931
-0.0104492326555263 -0.0817577320994601 0.0146992130828853 -0.0990915639966767
0.0224155085219048 -0.0906139560088708 0.0592941536169856 -0.0662396951912633
0.0673699392279307 -0.0689714859203945 0.064972263357622 -0.0189408487569086
0.10223691439255 -0.028787384544255 0.0069313388043567 0.0226658495394041
0.102837733726261 -0.00981287673797465 -0.093482409655275 0.0106482387744401
0.0394643313813992 0.0057312235499162 -0.146719372850687 0.0516357301029353
0.0518740282346437 -0.0079401499287026 -0.135497570479956 0.0366109409372672
0.036768780224387 -0.0342892516617027 -0.105609229293396 0.0226956354201207
0.00978355128179108 -0.0443577097009393 -0.0793895302680847 0.0197012231039393
-0.00493123919685033 -0.0384960477660804 -0.0783828009439415 -0.000677072450679951
-0.0159623817590807 -0.033476632238056 -0.0868550031768053 -0.00732661348843898
-0.0218641378574833 -0.0268837285319146 -0.0869631864346871 -0.0172083747134201
-0.0180537872956997 -0.0264012051141991 -0.0735220753983245 -0.0385911060453871
-0.017350510626808 -0.029721803028918 -0.0611724146929143 -0.077756024487186
-0.0122206855232085 -0.0430485133188628 -0.0292525623974326 -0.106637006404056
0.00387694025732203 -0.049866057908104 0.0195657078967344 -0.114366774728784
0.027036846838641 -0.0519130729170609 0.0633245340034554 -0.0718293244251231
0.0548446460404498 -0.0326046962767954 0.0579738384057031 -0.0194725177769714
0.0690905068543772 -0.000699536155547652 -0.0041411418900917 0.0128873941660144
0.057604503559193 0.0121522112843632 -0.111172984451645 -0.000564876539748147
-0.00196560144409072 -0.0222638829207451 0.113980639385182 0.00259023324247264
-0.0227233992332108 -0.0115850853729324 0.0209946098025243 -0.0252105470635298
-0.0245798416245451 0.00775189233455478 -0.059225929382358 0.00754717628628861
-0.00877163131006489 0.0171894276913295 -0.0823428252047823 0.0619065230500059
-0.00380737310417397 0.0126379095915725 -0.0363946543676104 0.118183413704154
-0.00529509410514154 0.00977399996863454 0.0193506364632448 0.121228481896277
-0.00652560994215523 0.0116930301129478 0.0579083618679193 0.0920727436146323
-0.010904507689837 0.00745888847087347 0.0825733092082828 0.0533181373881031
-0.0136030981856869 0.0103215200262907 0.0902528313488674 0.0211859064275571
-0.0197238938318927 0.0058203429678184 0.0921270276856436 0.00567782003550968
-0.0155980877939022 -0.00155788021282334 0.0860318160530702 0.000306423215419999
-0.0154048316911266 -0.00302670188145647 0.0887446356096563 -0.010027815687027
-0.0145377893783354 -0.0105166287230576 0.0994981423213895 -0.0179078941921316
-0.0025891992374161 -0.0238737795555777 0.11530626875541 -0.0160888237338967
0.0100297125967642 -0.0245843030713905 0.143217160116441 -0.033244603706104
0.0468616359662685 -0.025464196965562 0.106428892149472 0.0137788422232748
0.0264805507719149 -0.0202952524491361 0.0145654305151867 -0.0202536488046553
0.0105506020335878 -0.0176173901051804 -0.0626011553152456 0.00987395543408628
0.00956171656152384 -0.0192757381536541 -0.0833171619281565 0.0602757819530547
-0.00286670721358644 -0.0260074049812693 -0.0411638591919705 0.113890815099599
-0.0187559204085326 -0.0244016541485651 0.0104154000220762 0.116824487824255
-0.0308463655423011 -0.0135584385676221 0.0491237554021641 0.0902581292440765
-0.0361582961243109 -0.0140298640250739 0.0727248331451042 0.0525917012137816
-0.0417007955419879 -0.00741305040896086 0.0800677681438619 0.0171861590643506
-0.0488487289460572 -0.0215243953567647 0.0841418647166143 -0.00172269603051131
-0.0347957568657989 -0.0400009470046627 0.0841961076071441 -0.0104851130653719
-0.019271049232472 -0.0516428038067891 0.0898457892925881 -0.0186356857912173
0.00700675506592699 -0.055336135400394 0.0990647865205911 -0.021649516525439
0.0415562453482527 -0.0535282432403109 0.101435472158879 -0.0151074316353475
0.0632082763284107 -0.0465379452517526 0.118596202156393 -0.028262100473202
0.089899263478201 -0.0251484351067836 0.0797745020890095 0.0188855799814023
0.0743610984046857 -0.0268691656705443 -0.0050054967219455 -0.0212704074559109
0.047059020918272 -0.0433564227190778 -0.0735932927826796 0.00936464419651321
0.0266531390158369 -0.0571154245275109 -0.0855107938478601 0.0579779375372232
-0.00238899357121266 -0.0628998597978904 -0.0443763037637486 0.103045531139894
-0.0310462558704035 -0.0560558170987767 0.000199804528813974 0.102220314415824
-0.0507097080748407 -0.0366890300959496 0.0325513324412892 0.0778530397131853
-0.056324580562288 -0.0334004182393295 0.0524514429044345 0.0445072811697872
-0.062701498965186 -0.0226792842651387 0.0589414701008263 0.00821883095057826
-0.0715896232900124 -0.0422089307435457 0.0650908028835217 -0.0143130506063948
-0.0518148828391187 -0.0691873352356851 0.073010727927231 -0.0280766114485983
-0.0273371779722684 -0.0909864469296013 0.0871797191221063 -0.0318838962598284
0.0203324421046888 -0.0942146751018528 0.0976347966202298 -0.0247474601950759
0.0750565945340902 -0.0788744429329044 0.0863010772409292 -0.00656191220185563
0.104979297165837 -0.062295157741772 0.0809018640684965 -0.0159585450012489
0.119587979893747 -0.0233102405858662 0.0371218031421987 0.0213441127161655
0.112303143044564 -0.0348663145024566 -0.0354590923950429 -0.0233858756143931
0.0772354162744996 -0.0694770466851904 -0.087923192231046 0.00749211167936533
0.0363821434058671 -0.0932059659995081 -0.0863680610790223 0.0524806981293045
-0.00709875724577679 -0.0933653924691749 -0.0469333561131105 0.0842180884741229
-0.0429033966449342 -0.079301758628096 -0.0135648462676465 0.0784497747026035
-0.0651863842678352 -0.0531760201101908 0.00923661764868058 0.0580544619270557
-0.067740377629143 -0.046859910640586 0.0250962850528049 0.030784293646741
-0.0733125065147994 -0.0356526152488803 0.030983485725074 -0.00391616366627375
-0.0819626178461791 -0.0591653467297099 0.0389967459206877 -0.0284628577241779
-0.0580820232589105 -0.0901342450768962 0.0551539863075662 -0.0456277345039899
-0.0286622803913645 -0.116179669057792 0.0796143794706097 -0.0441378295661739
0.0326134762928855 -0.117233644499468 0.0937651824752749 -0.0256007508872372
0.0989897965373066 -0.0893268211930081 0.0690977235582708 0.00665698675337478
0.130766401735989 -0.065685215507544 0.035367103411197 -0.00107542206332958
0.129889551291716 -0.0220580470994585 -0.0164132460287073 0.0237382309307116
0.130042303749308 -0.041569226755599 -0.0712557968214088 -0.0187021338304789
0.0909954214967518 -0.0883199229524904 -0.0998605413322323 0.0069416495661288
0.0361992310350341 -0.115206992570316 -0.0850669270093911 0.0427881119929506
-0.0130369212092892 -0.108409096396297 -0.0509682942144962 0.0574601520636629
-0.0507127697583553 -0.0877005233590172 -0.0313628125938332 0.0490218189198466
-0.0707898325705952 -0.0599337455271797 -0.0187507227985308 0.0340499827093955
-0.068989688217423 -0.0539751059398693 -0.00529834840629124 0.0138475594661187
-0.0720229611688858 -0.0455078110971575 6.35212588900838E-05 -0.0194387226273981
-0.0771344820037074 -0.0714531099372271 0.011200080071088 -0.0444040638293285
-0.0500646377907576 -0.101183019092792 0.0361330762460018 -0.0627414245940955
-0.0167799615023195 -0.124801423091959 0.0709710718484065 -0.0536427430090997
0.0486236002427253 -0.11866721286539 0.0860387867201948 -0.0225876533728768
0.112985694964042 -0.081669787321009 0.0483529403389311 0.0204425991450194
0.138510406223621 -0.0547841767162961 -0.0116477794730878 0.0114148862477848
0.118201600217305 -0.0169233950048778 -0.0708415992660378 0.0288114678250805
0.123289167113668 -0.0397716528955835 -0.103219191328691 -0.00576642810513073
0.086063586309974 -0.0880520076075814 -0.106453941262567 0.00912824698613846
0.028121791384571 -0.113072661522339 -0.0814934350986693 0.0302833182426328
-0.0174473931730145 -0.101730189881781 -0.0595105374249706 0.0294109057638894
-0.0490860049970451 -0.081127753965121 -0.0525508223951235 0.0207137097844994
-0.0650127977622747 -0.056370151452766 -0.0473259341338507 0.0105781358976808
-0.0592097950994949 -0.0523329257719078 -0.0338398894027747 -0.00567697784429438
-0.0601767662449709 -0.0492833880053257 -0.0270695659130592 -0.0383690874662483
-0.0594332677290632 -0.0745750771678178 -0.0102730443294619 -0.063948814742698
-0.029897591544778 -0.0996785213759149 0.0225057326365377 -0.0796598971823159
0.00598713266911914 -0.114880594968021 0.0651318701642837 -0.0590943654977209
0.063717350412295 -0.0982857515998369 0.0757057036062207 -0.0176541471818535
0.115067337998953 -0.0562662755742936 0.0266783925036623 0.0270495017415186
0.127616474280682 -0.0325039553647037 -0.0546656651488738 0.014928569442406
0.0856814530703946 -0.0071003931928519 -0.115952801258872 0.0359892336800056
0.0943369532550747 -0.0269935667708614 -0.124922734050466 0.0124107855373958
0.0652652264557207 -0.0667500111270635 -0.10575500911212 0.012469403125929
0.0183964826487347 -0.0855157573871907 -0.0785533715647003 0.0193372395227847
-0.014062887730251 -0.0752387919528927 -0.0682964587496931 0.00654372453258394
-0.036837622434451 -0.0603109766723821 -0.0723606738398625 -0.000266404562769718
-0.0474914781007138 -0.0446809166021154 -0.0706285419647977 -0.00787620492222339
-0.0410081432965757 -0.0435580053419798 -0.0560401008748894 -0.0242785779589059
-0.0402681089039449 -0.0448218260614847 -0.0468085594550532 -0.0588570659653931
-0.0348002646557072 -0.065962940287043 -0.0234480058509239 -0.0847029604619241
-0.00801854057466298 -0.08109997858823 0.0191006806757956 -0.0965840999963565
0.0242804875683025 -0.0875794273721052 0.0633472506389911 -0.0635371240681477
0.0681730122409755 -0.0645297410583974 0.0652635188750677 -0.014625844833006
0.0998864668065034 -0.024452903028183 0.00702787571845752 0.0243286106065753
0.0985667692834153 -0.00697439820986669 -0.088179660398711 0.00894843566567216
0.0390460287501895 0.00907805852921444 -0.143044039818088 0.0411932960687765
0.0516556107056412 -0.00395402491034452 -0.131369151968082 0.0276305152437421
0.0377044816680545 -0.0296990374513232 -0.10220690626729 0.0143555356531847
0.0110752614121046 -0.040807119980006 -0.0778402768436748 0.0133726594164272
-0.00237337234681617 -0.0365209458666673 -0.076253304018182 -0.00371937030810455
-0.0140469219969019 -0.0318971834666298 -0.084203636196149 -0.00923108641049167
-0.0208455297757549 -0.0270941141924061 -0.084639961897848 -0.0178603000668705
-0.016368969158276 -0.0272415033952825 -0.0696188414774775 -0.0384958039139645
-0.016455488035466 -0.0303785239725512 -0.0575835889700194 -0.0761581641579729
-0.0113672278775184 -0.043038516066133 -0.0254459718332802 -0.103558502853047
0.00484694489447104 -0.0492983925910736 0.0231167715842502 -0.109928787625464
0.028083766034728 -0.0505850641421074 0.0661685529333366 -0.0671492028769311
0.0549454774376556 -0.029886103400794 0.057869283061137 -0.0155361321787103
0.0668696970753021 0.0016261543317692 -0.00462963653361741 0.0141103701334042
0.0540713223263153 0.0132422895889931 -0.105387810678059 -0.00385444139356124
-0.001450534841638 -0.0214847217159434 0.11118917184223 0.0033471053265971
-0.0214536900842393 -0.0113635107379756 0.0213711672378646 -0.0251159489838584
-0.0242281056956857 0.00774394122823749 -0.0588225238483713 0.00642041622415397
-0.00861500944173004 0.0163456999242107 -0.0818914793724644 0.0597049319763573
-0.00358704419006408 0.0123377570053648 -0.0372108067151374 0.115112406195406
-0.00503282138322573 0.00996393576312079 0.0187067826329505 0.119203148506655
-0.00654589647246464 0.010686631328387 0.0569147019802927 0.0914221712279205
-0.0105654718792209 0.0072162650229459 0.0813839976148451 0.0520919161446378
-0.0137018283177553 0.0104194899625874 0.0888972591547391 0.0210469651006929
-0.0191082045679614 0.00551242281563048 0.0909163232275088 0.00626515699979394
-0.0154022914310711 -0.00242011102185128 0.0849142339195762 0.00171013398871382
-0.0144424197194195 -0.00329531556851503 0.0873651517162122 -0.00861778742528584
-0.013875285418047 -0.0102880260155351 0.0970399706272074 -0.0152225713456731
-0.00241808146952919 -0.0240143755438138 0.113409853922758 -0.0132754199313722
0.0108554439079148 -0.0240769914757345 0.141825061737226 -0.0322000181039727
0.0464609812369416 -0.0242665435267002 0.103695509023361 0.0141882200054617
0.0263973949354472 -0.0200299505995215 0.0145172948605075 -0.0202180818300406
0.00989545309636766 -0.0171899939031891 -0.0621965963150966 0.0093626055091939
0.00884248821385436 -0.0189218327100703 -0.0829247082216759 0.0582778231850348
-0.00270182074439496 -0.0252993699272109 -0.0418566105432516 0.111025754171715
-0.0184925227250942 -0.0235344392925906 0.0100496631494705 0.114328413510194
-0.030203505333049 -0.0138126786087525 0.0481009676841188 0.0888003275663092
-0.0357497162190662 -0.0142654488019177 0.0716821774102848 0.0516691083187756
-0.0409876797638523 -0.00735006750431543 0.078534475341415 0.0169066222982304
-0.0483021502955154 -0.0206616453769475 0.0833296797380097 -0.00194148710953301
-0.0342113164960735 -0.0401258766941876 0.0837087680943563 -0.00972477301511837
-0.0189317398771016 -0.0510764130649107 0.0888330456915019 -0.0168332822362862
0.00729158948691909 -0.0548918212050695 0.0964974237703893 -0.0193944533473524
0.0413801356189611 -0.0525898215835418 0.10023805746154 -0.0133075263189231
0.0630844952790655 -0.0446989736117545 0.117263960664512 -0.027308417730385
0.0881951107902521 -0.0238240957315204 0.0780887441408435 0.01840191454498
0.0737418563254351 -0.0259941549251539 -0.00448095383763896 -0.0215961067329471
0.0459657927039945 -0.0416683059834508 -0.0722304578687981 0.00821296508943883
0.0264016236596643 -0.0560655362733743 -0.0851183124630567 0.0559382387825529
-0.00197906489771526 -0.061554895827307 -0.0444007808858257 0.100111199428251
-0.0307901589111737 -0.0548002619666346 -0.000335971083190034 0.100286065634296
-0.0501803683578421 -0.0361625610040751 0.0313416428489887 0.076748617973347
-0.0559896603683839 -0.0331280812584192 0.0511483861445306 0.0438373143062846
-0.0617483837713652 -0.0225763375005919 0.0580964490944173 0.00765279543640283
-0.0707534525220221 -0.041984981159597 0.065066680557175 -0.0143788829418753
-0.0505747865409029 -0.069107298863184 0.0723938442404303 -0.0276561593381099
-0.0262054531199836 -0.090039597692474 0.0860471505177109 -0.03013920347589
0.0208772474985851 -0.0926896115550188 0.095092514836443 -0.0227732934574891
0.0747425419335342 -0.0767616961381313 0.0848670468215833 -0.00497142093700913
0.104379902151914 -0.0597365451694184 0.0802928474413111 -0.0156178859931834
0.117076414933658 -0.0222537343056641 0.0356166343407338 0.0203996627189793
0.110422992907662 -0.0332477970375431 -0.0339882606211976 -0.0240154102165965
0.075488215739345 -0.0670896266363887 -0.0863559864990188 0.00612244213907412
0.0363727310836117 -0.0912303948393546 -0.0856544090378465 0.0503618099957773
-0.00610283700768478 -0.091269659735152 -0.0459944832890502 0.0814889381033916
-0.0421912268890478 -0.0774030929890324 -0.0140507722260463 0.0766412690174049
-0.0645296246462908 -0.0525185398633989 0.00846125601737396 0.0567655109925167
-0.0668978857206645 -0.0463882904408919 0.0244883712034587 0.0305196066823945
-0.0720281088198062 -0.0356056434721134 0.0299818644319585 -0.0042137666856555
-0.0806913014308037 -0.0584968879998628 0.0386807547445235 -0.0283772682026886
-0.0569694399708947 -0.0893742486237876 0.0548045694913108 -0.0449203540733594
-0.0282594294760866 -0.114520009915889 0.0793805792892344 -0.0424044657821015
0.0333076221974711 -0.115128677997542 0.0907648431288035 -0.0237220001841706
0.0982671208924202 -0.0875069512740107 0.0672310755334928 0.00763595993644284
0.129203055072027 -0.0632863775499357 0.0355640557609794 -0.00052276581196981
0.126743971876735 -0.0206558902625816 -0.016651318506229 0.0225329942554816
0.128333148580859 -0.0397989392759441 -0.0693078354189978 -0.0193788993085232
0.0894494189915176 -0.0846551375958182 -0.0979674760845549 0.00546224337585171
0.0357301755311996 -0.112905107230717 -0.0839201251622717 0.040249334737827
-0.0127841755745245 -0.106261687342205 -0.0508684033233911 0.0555230195794414
-0.0496417646113069 -0.0861108186489713 -0.0313098960794549 0.048092927439877
-0.0695174403893017 -0.0585647747731292 -0.0192332312166537 0.0332256413047578
-0.0677713085214242 -0.0534531980445448 -0.00496263096008818 0.0137068775725049
-0.0699407584172128 -0.0450997588602684 0.000292631044262989 -0.0199450566571241
-0.0754934124451395 -0.0700853915487189 0.0116697924540015 -0.044036822245997
-0.0489033350603478 -0.100219539778248 0.0363437122096213 -0.0621410439093404
-0.0164203710577649 -0.122710700186433 0.0706709007949671 -0.0517050886259779
0.0483634152366289 -0.115766893604055 0.0838545426503682 -0.0213898756595846
0.112280355881203 -0.0796219769656729 0.0471931453044369 0.0202706746606744
0.136106039071877 -0.0525975409121076 -0.0106742705276455 0.0108776366813336
0.114748861029233 -0.015983365617378 -0.0697789307901927 0.0274640220753103
0.121474720915638 -0.0382704584897982 -0.101413715089913 -0.00622502390563119
0.0844945808898567 -0.0851111917608976 -0.104408038517028 0.00773994687687729
0.0279807880595542 -0.110758662998223 -0.0807985907568609 0.0280621621573585
-0.0164821761759972 -0.0996314696244873 -0.0577259572528531 0.0276975563332297
-0.04833033730441 -0.0798261567732249 -0.0523746716175661 0.0206026010471733
-0.0638529523347681 -0.0556249332227226 -0.047006663692935 0.0110580569721675
-0.0585912827501251 -0.0522221576760359 -0.0330813638395257 -0.00550478581924882
-0.0586375955898933 -0.0490523780119184 -0.0266585819909553 -0.0381525335016869
-0.058051588784896 -0.0735007793894926 -0.0096842420953419 -0.0631450722937911
-0.029549938425789 -0.0979375830042281 0.0233315231497522 -0.0793184230514144
0.00506394210173396 -0.112607843559075 0.0653172860493813 -0.0575113294765661
0.0632240057728216 -0.096291871813593 0.0739849766632613 -0.0166402042626297
0.113788501162327 -0.0547631886277222 0.0253803603113972 0.0270507544014619
0.125471892233976 -0.0305334528610724 -0.0535518200934462 0.0148948331867136
0.0832676097618705 -0.00660986288232926 -0.113928951285924 0.0346883397948018
0.0928546067311948 -0.0261382713190317 -0.122629154890358 0.0106819150438317
0.0645879250184238 -0.065295015593845 -0.104479131679407 0.0107786255968823
0.018660225837659 -0.0832484221661887 -0.0770183786448693 0.0175702828629534
-0.0138950293276888 -0.0740636366339451 -0.0671416546664921 0.00555250129597202
-0.0361976229093751 -0.0590837691381421 -0.0712961963130092 -0.000235019538552746
-0.0466247620194399 -0.0439579032294287 -0.0699363397964335 -0.00720569170500339
-0.0404441014361654 -0.0430606476827753 -0.0550236138134177 -0.0234165358606313
-0.038804241855754 -0.0446894018484827 -0.0460318268478311 -0.0579906045134624
-0.0336950842271285 -0.0647088866618901 -0.0220575480794585 -0.0838849461914217
-0.00766094312652729 -0.0799759385709441 0.0193206145107026 -0.0955518929456718
0.0237443994836607 -0.0857282664822482 0.0634341706163618 -0.0615199652548819
0.0672717704830737 -0.0627359437149999 0.0637933455734714 -0.0142467185510157
0.098373668981146 -0.0234225064028877 0.00631774556840214 0.0238423834301449
0.0963015184688336 -0.00582530701806075 -0.0858263729661745 0.00900939811115458
0.0375142972230988 0.00886072368496356 -0.141434912554229 0.0397799621402263
0.0504128509701609 -0.00373754387890784 -0.129246136645275 0.0262792308743464
0.0371045545377056 -0.0291380599198575 -0.100969889919327 0.0135506261547237
0.0112493691155488 -0.0396363680641359 -0.0760138796457009 0.0120735891345069
-0.00288292699140825 -0.0353329343880936 -0.0753350354100885 -0.00449959134080463
-0.0141761503515752 -0.031364419523626 -0.0836961240248348 -0.0090602178329521
-0.0204927301346259 -0.0270625305624927 -0.0838103922709875 -0.0178341866960173
-0.0163479587379683 -0.0272234783644453 -0.0679822032169558 -0.0376338934495719
-0.0156532762777496 -0.0306572566381458 -0.0559196742974233 -0.0751971128907363
-0.0112542353723816 -0.0419358930193304 -0.024281779062433 -0.101738360859663
0.00491349321167418 -0.0482923811877557 0.0235657046796577 -0.10762713572975
0.0276195989714935 -0.0491482818198331 0.0653470100119537 -0.0653797613611163
0.0541434924509416 -0.0285189765897031 0.0571055333031363 -0.0145360956568688
0.0653336397939254 0.00220719126022612 -0.00481834719350376 0.0139758669206708
0.0522546605640447 0.0136169488392399 -0.103409690086865 -0.00405072876120619
-0.00114710741392722 -0.0213007353710065 0.111666954415659 0.00312212052783086
-0.0209914964434514 -0.0116425580956877 0.0214609883472726 -0.0257159212900116
-0.0246112396030594 0.00761901860804758 -0.0596171506174987 0.00606752413873464
-0.00807376244096013 0.0161361780283419 -0.0839352974466794 0.0600282766237992
-0.00351499165737534 0.0124845265418144 -0.0387780686807692 0.115605916915916
-0.00488544328296089 0.00993646760315476 0.0185559390428695 0.120082691664609
-0.00670653036433898 0.010815434378013 0.0579636529110933 0.0916279835628246
-0.0107290294699422 0.0071987277492062 0.08186693742607 0.0520562862051439
-0.0139850250461724 0.0104663076859718 0.0891491902663364 0.0213181715986904
-0.019508585828069 0.00576922828329423 0.0927061857357395 0.00657099500603389
-0.0158748696183374 -0.00286599413833484 0.086761677753448 0.00254608122791389
-0.0147993478636224 -0.00327977040624275 0.0879703754837815 -0.00755717524537104
-0.0134276892409822 -0.010530554412263 0.0974808280906428 -0.0138537641148028
-0.00221666141853275 -0.0242363454108449 0.11448755440128 -0.0113441473660397
0.0115701132100554 -0.0238821782567007 0.143825677370783 -0.031630434777369
0.0470864354288769 -0.0237100300827733 0.104433622905949 0.0142215300343136
0.0269103664182926 -0.0196085931908095 0.0150490762218888 -0.0206183683193931
0.00943048243022031 -0.0165380414234626 -0.0623983169916445 0.00854721106491699
0.00963172903264383 -0.0194223679235747 -0.0850674079851956 0.0580756531771634
-0.0023920716364427 -0.0255733587121743 -0.0430852147187053 0.111066034942058
-0.0186137990064906 -0.0239623567037839 0.00991226553800458 0.115665865425005
-0.0306993653277551 -0.0137721703949303 0.0485869267835726 0.0894955461440088
-0.0363319463730866 -0.014747270800437 0.0718039464734198 0.0512338365848789
-0.041225294696461 -0.00776056316158716 0.0795406968728857 0.0162544174497325
-0.0487287284534013 -0.0210848145346005 0.0847019940353823 -0.00179036533109875
-0.0342641417505226 -0.04154121192309 0.0850798329073876 -0.00935669056654628
-0.018575944056915 -0.0521840146970204 0.0895248637428553 -0.0160589664198569
0.00774966543524368 -0.0552716429863785 0.0964323028204472 -0.0180004503967661
0.0422646116984402 -0.0532810182384787 0.101108282763684 -0.0116120868353352
0.0641291684765389 -0.0441635657747053 0.119521392998731 -0.0270943723728285
0.0885716621645384 -0.0231040844705754 0.077879006812097 0.0186406368758152
0.0745263047422724 -0.0253757299810503 -0.00402294698683857 -0.0224638282213514
0.0459973478638744 -0.041083718132196 -0.0735506169274479 0.00739217226774437
0.0266257946668852 -0.0568562872521524 -0.0867600386514958 0.0553771145093832
-0.0020092333526385 -0.0618962513499215 -0.0452067467423312 0.100127982806003
-0.0311176704366281 -0.0551030769777791 -0.000878263399416079 0.101137328412309
-0.0508710639754562 -0.0365176719158494 0.0315146962689281 0.0772577605680914
-0.0569820956417596 -0.0334815953230109 0.0514247057998269 0.044036994551384
-0.0619302242288225 -0.0236729694331689 0.0583944181037918 0.00747316422666067
-0.0718256204508503 -0.0421004183366614 0.065820343519368 -0.0144884358945249
-0.0511541705781413 -0.0708014426568729 0.0735973568140889 -0.0271360314419571
-0.0265476417960611 -0.0910319631239102 0.0877384649848861 -0.0287825559297654
0.0221686129794476 -0.0933806155220167 0.0947221793592191 -0.021928732813164
0.0763948150081323 -0.0774956450722735 0.0853695395827018 -0.00406353540142224
0.105486363174739 -0.0589876177579786 0.0817633492891913 -0.0152516248570553
0.117203815842162 -0.0215658569315685 0.0357521356015685 0.0202727962351902
0.112510135207858 -0.033461607506044 -0.0334073818575487 -0.0245337441101605
0.0759257065736386 -0.0664847907787483 -0.0869131806822739 0.00524596475371185
0.0367960668662459 -0.0919748667175481 -0.0874165877583728 0.0489340708463091
-0.0059575609528274 -0.092189386753353 -0.0466357202727728 0.0812082218586709
-0.0425389894399367 -0.0781607130127909 -0.0148629597389797 0.0770447338523974
-0.0650204967762097 -0.0526045559018102 0.00788163427545701 0.0566632305627393
-0.068350907739592 -0.0470893353273532 0.0248130605264503 0.0301150120160768
-0.0724524695495877 -0.0365624128025516 0.0301442713972548 -0.00491549993423609
-0.0815500305795768 -0.0588078882551106 0.0396598431632768 -0.0286333894049155
-0.0577382794017019 -0.091158911534815 0.0558188270668638 -0.0453840087033567
-0.0283757880138214 -0.115874113732968 0.0805178734337847 -0.0411211448524235
0.0342115877090199 -0.116169251522739 0.0909206460935049 -0.022822546667795
0.100478956202826 -0.0877782927508954 0.0675425605684897 0.007891919917992
0.130335487192408 -0.0626828479644739 0.0366410102250214 -0.000348632029879919
0.12658149641065 -0.0196744695903702 -0.0170012909807566 0.0219044954615944
0.130101707053484 -0.0393279979480169 -0.069008121696054 -0.0209994823092963
0.0899473600801382 -0.0842611475133916 -0.098593651285506 0.00424621302288492
0.0368771076469517 -0.113779432211961 -0.0853503633596951 0.0393105374214478
-0.0124161112249383 -0.107026927907426 -0.0510934595773891 0.0550150745821443
-0.050377205011118 -0.0868172289163232 -0.0322838033080607 0.0489031845353072
-0.0704945848394664 -0.0593157716109631 -0.0197542886076953 0.0339142290738221
-0.0693899930932081 -0.0539624502669758 -0.00508217151374944 0.013610851583391
-0.0709369937610085 -0.0462780786092173 0.00014347512333683 -0.0197624814693833
-0.0762268183075932 -0.0706292335408816 0.0125590547924457 -0.0446454926451007
-0.0495950231867746 -0.101408136652202 0.0365501017772355 -0.0628975789542375
-0.0168158053315514 -0.124196552137624 0.0721778965771976 -0.0509508386531682
0.0491958460500565 -0.117158551193824 0.0838480698298645 -0.0201871705795892
0.114687556343985 -0.0798865338634593 0.0471046316470892 0.0208102173105886
0.137909518650133 -0.0514061766420107 -0.0102661646442933 0.0117291596290522
0.114871101537855 -0.0155647400882017 -0.0710697113111052 0.0264892755986498
0.123023053949833 -0.038133681444593 -0.101530050858237 -0.00769994566804514
0.0852660268042122 -0.0844880213667225 -0.105085133292201 0.00661810201784483
0.0288826696393667 -0.111606309929039 -0.0819633886708079 0.0272003735392952
-0.0166619144725845 -0.101141571751753 -0.0585185192196259 0.0271530747275976
-0.0490588710829391 -0.0798499468446191 -0.0530318097935754 0.0204989952900956
-0.0647413567955731 -0.0563155362082293 -0.0480218943602262 0.0112324360078397
-0.059683550531652 -0.0529403758447199 -0.0331621619505827 -0.0050334616690033
-0.0590723925015314 -0.0500069918228391 -0.0268679394945065 -0.0384864271757088
-0.0585886065231685 -0.0741633079897353 -0.00984188223859875 -0.0640182462025214
-0.0293661263747366 -0.0993758086792887 0.0236878806165054 -0.080061148103241
0.00508592349972463 -0.113694327282367 0.0669059390549109 -0.0568061670605001
0.0642100423372756 -0.096786506684073 0.0739942688809755 -0.0163724868764477
0.11595038529218 -0.054605418662822 0.0253401238967815 0.0274097079265111
0.126020798598446 -0.0297129229443744 -0.0532193727271522 0.0152677479696336
0.0830324148477962 -0.00628269730027388 -0.11554635435569 0.0337459630043458
0.0935752495605387 -0.0258916411967269 -0.122834162981048 0.00969680643451151
0.0647021233538062 -0.0648679646020941 -0.104933422761539 0.00967734175627618
0.0189994602701996 -0.0842204899531872 -0.077563936735768 0.0157987887794135
-0.014275410145216 -0.074762954362833 -0.0675718037935928 0.00430875452516079
-0.0365725502562236 -0.0591273356455491 -0.0731379846999247 -0.000146695154435013
-0.0470401394884988 -0.0440712179259929 -0.0715184508650785 -0.00619653851840694
-0.0414747076114227 -0.0437822364425867 -0.0551261716108012 -0.0239529358116654
-0.0388152521785883 -0.0452709109781093 -0.0466309260484528 -0.0588327732336421
-0.0340556603497467 -0.0649962754396296 -0.0220598444850988 -0.0845665527433811
-0.00765865132221508 -0.0808641972804454 0.0198027945623566 -0.0960468329028572
0.0241324554707217 -0.0858676557284048 0.0649878268903159 -0.0618999416687588
0.0676862381879628 -0.0626418073862137 0.0640290903655184 -0.0135742241219859
0.0999755835168994 -0.0227957858715787 0.00644345446283555 0.0242618553331664
0.0965833814507207 -0.00516827091907165 -0.0864710660224458 0.00931348086948577
0.0370700298060723 0.00883024498870592 -0.142574430275471 0.039407298360786
0.0505046547958857 -0.00358085327998469 -0.129634341852876 0.0256274145726802
0.0370848563320744 -0.0285780845338386 -0.101661846184738 0.0121441468111177
0.0108729468730628 -0.0395684463629777 -0.0771236013742865 0.0105850102336957
-0.00316835722287217 -0.0353470587243222 -0.0754664885792203 -0.00527506303522067
-0.0140751202957942 -0.0311744370178756 -0.0851728163995683 -0.00932220092977077
-0.0205091215362404 -0.0270681421334359 -0.0851980163596123 -0.0169608087096797
-0.0167543970334616 -0.0277851129706415 -0.0689334693149296 -0.0376870750264355
-0.0157886596792181 -0.0306931196232713 -0.0564595061344497 -0.0755644281785563
-0.0110074949373452 -0.0421168713955194 -0.0239685352699093 -0.102844339070821
0.00518816382680169 -0.0484099288360416 0.0242840660276367 -0.108924675056202
0.0278522854271667 -0.048873591130583 0.0676311206366165 -0.0655717989417659
0.0541916167883073 -0.028142449115384 0.0578137389791438 -0.0145192816321156
0.0659500485014247 0.00275493201164257 -0.00477387495298233 0.0137222556881508
0.0522985593230121 0.0138273259783355 -0.104121365361625 -0.00322158604646625
-0.000846261841608039 -0.0214399604674867 0.114058650557437 0.0014581130040263
-0.0217427426079832 -0.0118147241341545 0.0218607795582023 -0.0267875012571917
-0.0248659505253769 0.00846454795846387 -0.0618587639342005 0.00644534637712419
-0.00800042981681171 0.0162870682772332 -0.0858269723898042 0.0623812097773946
-0.00335210753215516 0.0122012444239313 -0.0383963581152964 0.118200203604756
-0.00471732454021689 0.00980634954722077 0.0214660312564434 0.122611238863661
-0.00665367502034672 0.0111469098573995 0.0611157262904952 0.092538814420628
-0.0108441698395639 0.00767845687056265 0.0844974603510676 0.0518346209366366
-0.0136669873062876 0.0110312102352166 0.0922262961128371 0.0193423315924329
-0.019800168530302 0.00605827561537105 0.0962402370478022 0.00514146630822513
-0.0162937257599092 -0.00306990628526609 0.0889859279411549 0.00210409229113603
-0.0146398402861285 -0.00379769785569161 0.0898739151828633 -0.00843957884863972
-0.013569605582189 -0.0105266108464525 0.099096752291973 -0.0138755775182769
-0.00263044550848655 -0.0249013738253488 0.117443526485574 -0.0125579157211449
0.012235180303004 -0.024686503812928 0.148006361699473 -0.0354467288504146
0.0476534556031559 -0.0244910695167929 0.106720513617648 0.0122196568039982
0.027798744126629 -0.020571539088669 0.0156151492129766 -0.0216922292994318
0.0100269533299763 -0.0168284675892359 -0.0646811092359391 0.009190768985044
0.00906821595528233 -0.0202313868176066 -0.0870465739473763 0.0604745523558187
-0.00287371525607334 -0.0261528695455688 -0.0428017396359152 0.113642236006176
-0.0194341047033767 -0.0243246119750517 0.0117280498862309 0.11845366238755
-0.0316693074238292 -0.0139267534954785 0.051508484544053 0.0900874143661928
-0.0383159997665011 -0.0140514961599568 0.0745805698731506 0.0510359465515572
-0.0425591792850527 -0.00696325674397274 0.0817574995455547 0.0149796234375829
-0.050574941119784 -0.020678332602048 0.0880018756782221 -0.00306902287232158
-0.035799440259664 -0.04253777349499 0.0870509583591729 -0.0101925053023125
-0.0196251629267628 -0.0534182899387709 0.0914591329062988 -0.0166902473010069
0.008134610150445 -0.0570046642868009 0.0976081830435988 -0.0189234630453022
0.0428650810694415 -0.0554432657671226 0.103446334138088 -0.0126611536381681
0.065887610849241 -0.0462391803978554 0.122583535571104 -0.0300974466069681
0.0903640348998174 -0.0244347103560081 0.0795415322984102 0.0173510043769608
0.0767842401262863 -0.0274154243524815 -0.0038826572988409 -0.023517390761092
0.046650793000083 -0.0419123241253204 -0.0750777228476924 0.00811001053729241
0.0268232482637162 -0.0586761408101584 -0.0889513809261533 0.0573418554656724
-0.00295715732038722 -0.0637183194464178 -0.0448961822099673 0.102389293438054
-0.0329365918274482 -0.0559563612702506 0.000405112792566599 0.103478406810559
-0.0530925488892915 -0.036433280010809 0.0334293606682033 0.0779492780423733
-0.0594841749311328 -0.0333846658870037 0.0540240380075529 0.0436735887680533
-0.0641780556406823 -0.0235448717307642 0.059894817864151 0.00652203000667528
-0.0741404843350643 -0.0419842747052075 0.0681432884222397 -0.0163527771717009
-0.0540619909265304 -0.0726580718884021 0.0757593003065574 -0.02924835770588
-0.0290833972405316 -0.0930165623395045 0.0899649662321717 -0.0307523995067499
0.021913942175516 -0.0963195611799149 0.0956839134181924 -0.0222671495971344
0.0775647106496195 -0.0808891305080334 0.0869846972654772 -0.00465939036479336
0.107457476970322 -0.0619912023810884 0.0842424601769777 -0.0169174623689721
0.119048314753857 -0.0229738058752491 0.0363557567694999 0.0191168908458036
0.115185813254121 -0.0354727464269984 -0.0337846357986919 -0.0260354645761704
0.0764282857378747 -0.0677216485282168 -0.0889344750683837 0.00625678186128391
0.0360977130164256 -0.0950822749600027 -0.0893864678821325 0.051013574290623
-0.00751323319947333 -0.0945768093262539 -0.0470889899235913 0.0833279275882053
-0.0449142692558216 -0.0793346435953063 -0.0136997011001648 0.0794123451600643
-0.0674099235809413 -0.0526115310769079 0.0082781222191723 0.0581379710445018
-0.0717164945005769 -0.0469213677193763 0.0257252143816907 0.0310027439929758
-0.0751447328187774 -0.0366865531876991 0.0303740546751322 -0.00600124882677149
-0.08454251946512 -0.0587732671888937 0.0409690490393933 -0.0307989645386851
-0.061050050275091 -0.0933629352760679 0.0569454923694146 -0.0475527881257168
-0.0314363161108198 -0.118444384575492 0.0832159015695085 -0.043341780715357
0.0338881568643768 -0.11963384741176 0.0919171409343756 -0.0239420160525678
0.102046166964807 -0.0919227495705073 0.069109724070539 0.0078915246762265
0.133325948606428 -0.0651017742752236 0.0377438348430528 -0.000867890141939912
0.128794666367133 -0.0215128492884048 -0.0175691314027681 0.021523850088686
0.133676576437991 -0.04200558346918 -0.0701551443612879 -0.0209592010619849
0.0904570545235694 -0.0861451767283888 -0.100545141121545 0.00500224625968226
0.0356849163201131 -0.117135596650532 -0.0874830623845972 0.0404020636900974
-0.0145088160953901 -0.109744721667635 -0.0507757954259973 0.0566111759590854
-0.0535189548103628 -0.0877495816626079 -0.0325597916581922 0.0503450754663089
-0.073189470922047 -0.0595696651945293 -0.0206296827935507 0.035408765566505
-0.0726413314577679 -0.053930880735532 -0.00455707607240741 0.0138147007826755
-0.0735073135791372 -0.0469210598241197 -0.000287941307170291 -0.0211345387973033
-0.0798491349970851 -0.0709882782321618 0.012317185754339 -0.0468660518118734
-0.0526718320560307 -0.104156975071941 0.0372017026579985 -0.0658278140980083
-0.0195112381816872 -0.127014343836092 0.0750153816860668 -0.0531970608077561
0.0489242672269701 -0.121146780744949 0.0842491103512486 -0.021643685997867
0.116230904707248 -0.0839458713764332 0.0483708476736345 0.0207115867015584
0.140042284836182 -0.0545377172766677 -0.00962021446297044 0.0125117875269762
0.116878834025449 -0.0171473780251844 -0.0724075674104221 0.026989807112464
0.125761199625826 -0.0412791918995049 -0.103345187748371 -0.00747179077599859
0.085799053923992 -0.0871765396090454 -0.106827748675453 0.00756999979936192
0.0278112628827516 -0.114795226096035 -0.0835137033682418 0.0281723602017111
-0.0191225866568912 -0.103438276184275 -0.0589732627657873 0.0274767394228136
-0.0520927487442803 -0.0809777232990888 -0.0545560074069377 0.0220573480261665
-0.06776334056427 -0.0560904582208672 -0.0499298056514619 0.0129368963985355
-0.0626735870921874 -0.0529748095458748 -0.0338072382899595 -0.00476192196557181
-0.0617903194701975 -0.0509003600106865 -0.0286296401805245 -0.0396757453271828
-0.0613513729968766 -0.0751228735408416 -0.0102072322873168 -0.0660841544940176
-0.0321344279002593 -0.101412204004045 0.0235369413850772 -0.0828628460801731
0.00328770579604745 -0.116288853132041 0.0686222186151783 -0.0593533554797068
0.0644104383432228 -0.100019009397088 0.0746923235030916 -0.0173322733914918
0.118460283844708 -0.0580801042524019 0.0259014876041259 0.0277612597139973
0.128482945068986 -0.0320487529509228 -0.0538372954897937 0.0173721248981784
0.08411995939275 -0.00772991697625021 -0.117575950724701 0.0356268983157815
0.0955597259278923 -0.028187319506699 -0.12488370064139 0.0112921364291047
0.0653534312923319 -0.0666044930545022 -0.106978816100435 0.0107953779709526
0.0174867859803323 -0.0867919465419883 -0.0794385090653866 0.0166542800837
-0.0162441919580271 -0.0761828105660107 -0.0683621157210026 0.0049146441542022
-0.0389549872320535 -0.0600373047636857 -0.0750126878229475 0.00146186175761549
-0.0494045254596641 -0.0440666242151792 -0.0739965158295176 -0.00453920723534387
-0.0440004352638549 -0.0444601193705458 -0.0572224001045613 -0.0232084987407641
-0.0413197917578829 -0.0465250917703149 -0.0487908771011459 -0.0591095354054003
-0.0363140197163208 -0.0657876705346874 -0.0235725029281546 -0.0869262976003836
-0.00979173894341737 -0.0823863771132278 0.0193679200478009 -0.0991864363067499
0.0224349668959787 -0.0885313169319322 0.066964180059977 -0.0642878791352919
0.0687340327969778 -0.065154948875135 0.0653252883152362 -0.0143732474476196
0.102251719358095 -0.0252886540942308 0.00586354905791626 0.0245198936266192
0.0980892994119281 -0.00664707775332708 -0.0874909816639373 0.0120461268639857
0.0372843660369569 0.00846223229220105 -0.145769379459679 0.0420142125938489
0.0515988987945886 -0.00417959767961427 -0.13191592530903 0.0273596820536129
0.0376986715502524 -0.0297536720165812 -0.103403410412758 0.0133733935705407
0.0109092878585728 -0.0406578262410426 -0.0784749737871356 0.0108999302178803
-0.00439213205821956 -0.0365294375865673 -0.0773258333193559 -0.00498355083566917
-0.0151222220758024 -0.0312033356095419 -0.0878323362085886 -0.00767665273154061
-0.0217383974849108 -0.0265675491466953 -0.0878208875247212 -0.0144520692813838
-0.018126915318831 -0.0284091452603795 -0.071175300478274 -0.0371893892886644
-0.0164099064967763 -0.0318985620529029 -0.059394388796769 -0.0758293124181493
-0.0117432160175849 -0.0431419657024943 -0.026225764569637 -0.105142780952381
0.00433236869087595 -0.0498844807700483 0.023018667716842 -0.111910747769021
0.0273864480048427 -0.0503395621744428 0.0688832504030915 -0.0681654591649434
0.0551084271812557 -0.0293025808997799 0.059216208393928 -0.0153618640445418
0.0680562879681908 0.00167513977337183 -0.00575005600867233 0.0144880803513987
0.0527226901438909 0.0134554071302792 -0.106093979663694 -0.000658161918311586
-0.00145899994535279 -0.0215894833975932 0.115903977795063 -0.00362719048461205
-0.0220257856168228 -0.0113093711960382 0.0216716251535639 -0.0288173438200442
-0.0248385531082689 0.00985103452966992 -0.0628749876120639 0.00977941728148537
-0.00786660090022216 0.0164122959104586 -0.0861384049396767 0.0676726663753556
-0.00247156537674833 0.0126568016004714 -0.0352053642997245 0.121899222935354
-0.00414851897840362 0.00986578482629939 0.0274482957329487 0.123016577680017
-0.00614125406140566 0.0112277622191042 0.0675505416991194 0.0912252051080128
-0.0110468680389713 0.00823403036577494 0.0882781334340936 0.0484502196172221
-0.0134437755395278 0.0119899015739415 0.0953067665176441 0.0151904830008423
-0.0198623804120662 0.00699244790738286 0.0991224298321117 0.000768458130677843
-0.0161693874009267 -0.00315549429113994 0.0917021123808044 -0.00136353743536876
-0.0146487671933628 -0.00335515516719344 0.0907693745223332 -0.0117343063548046
-0.0139001695336179 -0.0105040416053431 0.0997158678076739 -0.0172407822153127
-0.00326050872044136 -0.0258027964912093 0.119476013039301 -0.0168684096780964
0.0118999523930801 -0.0256232237464741 0.149553935012063 -0.0426750642035231
0.0478348013294509 -0.0267801896885993 0.109018873366463 0.00789135184003595
0.0279534273386749 -0.0230198139587758 0.0151436226173576 -0.0237291197092503
0.00898325063376101 -0.0171880980844858 -0.0659171783248222 0.0118036957332134
0.0082837425969928 -0.0210971171001665 -0.0872385892219261 0.0654516049965638
-0.00374137066143834 -0.0266885429589436 -0.039621760943683 0.117036905749332
-0.0208204187886056 -0.0239860971419646 0.0176324704474144 0.119247209857081
-0.0329590379558897 -0.0129702612704645 0.0566077846179684 0.0895254794832979
-0.0400519819349306 -0.0127562956130518 0.0782018175197784 0.0482881069279802
-0.0434614303424333 -0.00571194453378981 0.0841938210294102 0.0111421717000373
-0.0528303089811506 -0.0186506263296541 0.0907992378723467 -0.00767252001436941
-0.0392019805678146 -0.0423696408753409 0.0892223220349942 -0.0143203787469949
-0.0222795913846002 -0.0536354977276645 0.093001589616854 -0.0206779833969388
0.00597422524778252 -0.0588694057304949 0.0979012096049962 -0.0217923440136883
0.0419400240855894 -0.0587611713032887 0.10508272525479 -0.0166340913705369
0.0657362814300893 -0.0499361650368495 0.124169685702965 -0.036350957690231
0.0909672397801835 -0.0282765320291831 0.081654343287563 0.0139344775021236
0.078080511132906 -0.0319163863373095 -0.00421703778420619 -0.0247197576302579
0.0457227801437687 -0.0440063625366696 -0.0764001316374378 0.0113942032547852
0.0243432998878523 -0.0612250817947832 -0.0891662270634744 0.0616923876291612
-0.0058726986853928 -0.0653581571548861 -0.0418431932320577 0.106023538011968
-0.0364163335968966 -0.0552228618133779 0.00518317225418707 0.105121648679897
-0.0562111793144384 -0.0348667397530963 0.0371244731474168 0.0778004774118721
-0.0629664432604036 -0.0309908098238968 0.0571938264565176 0.0418830621385641
-0.0664601770690717 -0.0211166701649413 0.0608152107010429 0.00270063837200499
-0.0780216461084762 -0.0393785849104728 0.0694714300730649 -0.0200690113741974
-0.0588401048770398 -0.0721682571849271 0.0761762450518087 -0.0332019980868205
-0.0335096093888727 -0.0939712815797431 0.0903968026318787 -0.0347147061935564
0.0182308634780019 -0.0994643804643911 0.095730169286598 -0.0258765893952144
0.0764349020001156 -0.0864268080111855 0.088227800630475 -0.00823730929057213
0.10773731100331 -0.0673398044282658 0.0852309342383862 -0.0208771787928391
0.119812201071805 -0.0279444035797866 0.0372354849861996 0.0170689215209483
0.11648863117611 -0.04157255262653 -0.0349084051428223 -0.0257973333490711
0.0748789339420093 -0.0715085778582756 -0.0901099740705795 0.00894189089988677
0.0323850012708607 -0.0985501365750262 -0.089525688462194 0.055422050739638
-0.0121185105450965 -0.0962243009317672 -0.0445218036348779 0.0857377188115015
-0.0501796020497346 -0.0782589203756566 -0.0106030558271964 0.0815162253101314
-0.0715159480697462 -0.0505448011554666 0.0111037154729853 0.0593909147059692
-0.0756314610610765 -0.0441711438240828 0.028005402861307 0.0298724728951136
-0.0782939697829794 -0.0345545403145855 0.030613683429776 -0.00730889669320933
-0.0896733443361113 -0.055957955116747 0.0411122345740246 -0.0337571034946812
-0.0665776042631719 -0.0932755582192775 0.0564573293821995 -0.0516324384311183
-0.03731076018754 -0.119286650658014 0.0838362362660696 -0.0478625534617335
0.0295561448480846 -0.123827582775364 0.0912741591192504 -0.0273240989255403
0.10092817443894 -0.0987400338188394 0.0705298171239681 0.00506893273631116
0.133230527177662 -0.072067394975744 0.0395311663503407 -0.00273256541135511
0.12960237841274 -0.0267788045728954 -0.0173360220029591 0.0215776778105634
0.134600648686273 -0.0492254208362787 -0.0714494314883534 -0.0195650789332687
0.0888033773264897 -0.0908010647998427 -0.102185026483027 0.0079468652255407
0.031472286776672 -0.121388469695598 -0.0881318998869692 0.0444559499096856
-0.0199932976156761 -0.11140028635762 -0.0496702101201176 0.0585358883526438
-0.0587215462268485 -0.0867672554275711 -0.0308377161153727 0.0528576288044261
-0.077778378760034 -0.0564128721194425 -0.0195187915071335 0.0378194521854268
-0.0776866026060671 -0.0516598905566 -0.00403067588427708 0.0139024580067035
-0.0776572626481729 -0.0448103418774293 -0.00244321556985367 -0.0220779767918676
-0.0848479168918461 -0.0684798883649078 0.0111300619243175 -0.0488711846554049
-0.058864951844596 -0.104326069984641 0.0350296318688436 -0.0691327635084511
-0.0258830618770052 -0.128408752821618 0.0752714204808474 -0.0573523833960308
0.045320686305024 -0.126034330885488 0.0845053141128262 -0.0247064144381733
0.11579575298276 -0.0910422086279012 0.0497357817892823 0.0193779999312506
0.140524563923424 -0.0610444142571281 -0.00910199346208878 0.0134721863583167
0.117449993771779 -0.0220472012990517 -0.0733950091764475 0.0299015107251679
0.127032188451718 -0.0474828354681442 -0.104716038638332 -0.00407351463425396
0.0838372508670398 -0.0915797206820633 -0.108120262543151 0.010881024115131
0.0233577095149586 -0.117979827146499 -0.0842700411470371 0.0309653057082598
-0.0246702168783597 -0.104471912210338 -0.0586022688893281 0.0295212929710988
-0.0566621767705615 -0.0797491133282988 -0.0552588833090817 0.0246466917815451
-0.0715454299661783 -0.0536432878946273 -0.0504096098767452 0.0167269812758552
-0.067431771426222 -0.0510547626845045 -0.0345872939291167 -0.00373862456200559
-0.0658578142250085 -0.0494122234881588 -0.0317634457255709 -0.0393736131262395
-0.0667544400170304 -0.0727954878213032 -0.0131824145842502 -0.0672695117831117
-0.0383029129366789 -0.102178265298105 0.0203776684690227 -0.085939031729738
-0.00308943942300484 -0.119093665057033 0.0684463075063223 -0.0636163412618048
0.0614940369466804 -0.104498000810642 0.0750846698008046 -0.0207181282448482
0.118470626752778 -0.0642438051882581 0.0275062872123173 0.0268056246030399
0.128987577521254 -0.0376123801822333 -0.0531880985122478 0.0204401452652934
0.0842349789111729 -0.0111245257108424 -0.119385082166371 0.0401914512664164
0.0966939354071865 -0.0329498586863221 -0.126541172772336 0.0158888035124483
0.0634977993089042 -0.0704588582480304 -0.107598076731897 0.0142858043746791
0.01433721921999 -0.0884960745421765 -0.0804206227077431 0.0192843184547429
-0.0202125342709264 -0.0766225272334381 -0.0701384072522912 0.00684525129393328
-0.0427738385620193 -0.0587513259622696 -0.0773911702670848 0.00499409982623883
-0.0527205416716766 -0.042294816821526 -0.0758546359092418 0.000122420373417843
-0.0472936340399693 -0.0432153052412782 -0.0593476789576947 -0.0207323324198192
-0.0442492353959287 -0.0455255377225804 -0.052833814609312 -0.0582558178156312
-0.040573783351239 -0.0652617208750093 -0.0279840583080497 -0.0873674950336338
-0.0142792808810377 -0.0837941359726533 0.0152612041668411 -0.102646646052252
0.0182028356880525 -0.0907364544989493 0.066163110040712 -0.0684789546096427
0.06699503477157 -0.0696379879506715 0.0656129767496633 -0.0175787056505543
0.103517864697007 -0.0303848601864433 0.00704746499357614 0.0251539909355105
0.0994815758071188 -0.01085111088694 -0.0879996375581794 0.0168983516233751
0.0377857302411604 0.00741979661954183 -0.146948333961911 0.0493054434511445
0.0520663407069955 -0.0068307786747046 -0.133130463504278 0.0331128350591761
0.0369089070365858 -0.031320267588231 -0.104907466010059 0.0170051413668604
0.00879831969955786 -0.0411898863340533 -0.0793841750652165 0.0132237392959251
-0.00652589575042515 -0.0365913723488971 -0.0793612253350137 -0.00298003924032113
-0.0170875192621568 -0.0306099238328654 -0.0905412400230367 -0.00347839894154316
-0.0233481985722953 -0.0260471201699749 -0.0907208012809992 -0.00965853967831777
-0.0199906555490625 -0.0281901514268927 -0.0739105346413851 -0.0343091023340338
-0.0185407240860955 -0.0318456411007222 -0.0640247620587974 -0.074977398754543
-0.0141169961197746 -0.0430729328332899 -0.0315980587733764 -0.105622210113926
0.00219111192967279 -0.0502473103098879 0.0192903672388579 -0.115856962147659
0.0252173963096615 -0.0523009873423208 0.0686677096037287 -0.0725469597676591
0.0547221191455815 -0.0323380884404527 0.0596641945688559 -0.0182679399232843
0.0692191666501549 -0.00102673962085969 -0.00516948073304491 0.0152818907679559
0.0530769607664816 0.0116962974989037 -0.107341749316397 0.0056441467019999
0.00808128380367677 -0.020968649634463 0.105487346049257 0.048067166915018
-0.0148696872998471 -0.0201051256775466 0.0329417425538513 -0.0162816746561483
-0.0257487809645837 -0.00153439294700622 -0.0600174597554749 -0.0183921908505316
-0.012998073354678 0.0111286338754943 -0.107117681514871 0.0242594250061573
-0.00618718925880844 0.00963561607002262 -0.0849847126415018 0.0935700851826585
-0.00665864929439965 0.00652812746313445 -0.0301673178662832 0.122095896273761
-0.00979644284991171 0.00791411114755122 0.0205583266008424 0.110564566351319
-0.013549449837459 0.00240314838896267 0.0583222080927322 0.0804299515942216
-0.0166578623531546 0.00399715063632972 0.0788590068098068 0.0539956116550915
-0.0205654240351243 -0.00257372630180589 0.0879780381958986 0.042942257970688
-0.0134972878949953 -0.0107669613575039 0.0826415511310141 0.0389698189474187
-0.00945984569305797 -0.0105790521850069 0.0857494244370766 0.0301959592088677
-0.00641709610595322 -0.0153922261211379 0.096444540837181 0.0299910513307432
0.0101434895613221 -0.0248256761645578 0.115996916402023 0.0412982087339728
0.0223374482370498 -0.0182719355643232 0.154848103759717 0.0328571915388294
0.0544819801197433 -0.00358753053784084 0.093802115005947 0.0535092536999077
0.035550301719633 -0.00851267221880733 0.0238491206959168 -0.0150224657070893
0.0165466262242312 -0.0105400945606638 -0.0646412578644276 -0.0188722244997448
0.0180614948940159 -0.015193004382802 -0.108368037099724 0.020265956941252
0.0100971926386826 -0.0262770492024276 -0.0886484509865008 0.0871349993702664
-0.00723172386100472 -0.0309496511620806 -0.0379475707631734 0.115018959185914
-0.0238494710223147 -0.0251774369299535 0.0112734881234546 0.105184469553704
-0.0302908427914193 -0.0293712473249989 0.0490459202902949 0.0759790849217055
-0.0366051588222208 -0.0243317097196643 0.0704430094645974 0.0450829906466509
-0.0393687579334854 -0.03989748486773 0.0844186054628158 0.0310851444304079
-0.0165882677841822 -0.0562113264536056 0.0872155607990338 0.0248141129572306
0.00441112660083877 -0.0585212122459513 0.0925002267627324 0.0215931754354598
0.0331878196793484 -0.0502695056520073 0.0975710414926788 0.0255918288632935
0.0652073943550315 -0.0351481058201811 0.102751800891876 0.035425241330614
0.0815904085419418 -0.0160431275722554 0.128703029409499 0.0277360099519597
0.0931113015906853 0.0143695603300327 0.0668750815943119 0.0460262928184127
0.0845044740315314 0.00517102434714265 0.00536572345537438 -0.0252042259571111
0.0609794052199066 -0.0181146894041013 -0.0745350999809525 -0.0249183265337592
0.0493988891140779 -0.0441311033972353 -0.110107991986458 0.0155550383033313
0.0249709555127889 -0.0609302262728012 -0.0878185114418567 0.0753141689703065
-0.00838664400311174 -0.0657242537714051 -0.0432750592160426 0.0976229731227269
-0.0352009337251865 -0.0547176678368366 -0.0019747485525299 0.0860046790985759
-0.0435696460456095 -0.0560853891786518 0.0325513659471894 0.0610182501222661
-0.0504186901190594 -0.0476190914365388 0.0527947423901809 0.0277780197380542
-0.0537239279521293 -0.068611643012672 0.0712002429298108 0.00944824899565819
-0.0219097480402017 -0.0916020786777251 0.0843719786007023 0.00141490898074748
0.0112161133838243 -0.0994184211510216 0.0981994644660086 0.00669544415754594
0.061919879876633 -0.0809631614496333 0.0989868163256561 0.0202040123942536
0.107856796731058 -0.0441088741684803 0.0839369977376786 0.0370081226187498
0.125529424489622 -0.0141615880137957 0.0863325163398882 0.0237599156636193
0.119920610417153 0.0286799736063692 0.0257411336132745 0.0285969004695329
0.124421095571569 0.0143674309183819 -0.023228700005588 -0.0404153870160104
0.100126418011681 -0.0292102728418755 -0.0874705384144148 -0.0331979507780341
0.0722558012631186 -0.0735413385277386 -0.108639009018517 0.00777330347627286
0.0330205438051992 -0.0917977619967782 -0.0818448788096926 0.0560497149285406
-0.0108563628122842 -0.091933492431425 -0.0473971908138455 0.0691798918917107
-0.0427880199709417 -0.0765677226721326 -0.0175631313708394 0.0590888510134689
-0.0499538618965899 -0.0739010422052285 0.0113244411846247 0.038217033673036
-0.0563370531367793 -0.0652488912792167 0.0309206104847051 0.00531690128370162
-0.0574021432243459 -0.0884179306147254 0.0512967805079949 -0.0141323065746004
-0.0213379152433565 -0.114187145074618 0.0748293366226983 -0.0246396207866716
0.0184281721087693 -0.123706439336457 0.0985060964904922 -0.00765204937956679
0.0829000119090297 -0.0981887643258785 0.0962130101572788 0.0171254191161592
0.135453035161108 -0.0444923131503843 0.061437198175907 0.041042329594094
0.150674407196729 -0.00636289558115656 0.0363630823837209 0.0190859956020802
0.128271904456593 0.0339942723438438 -0.0259435240085229 0.00788891149423217
0.144453911775203 0.0156813786312213 -0.0589299053478214 -0.0514107874874249
0.121841646064959 -0.0411846452677334 -0.0989576751298996 -0.0391885427073239
0.0811419194704213 -0.0940548666594688 -0.102280212190837 -0.000986535749705158
0.032540118937035 -0.108405335423335 -0.0749600588143702 0.0294734242761028
-0.0149045330070388 -0.103263884693505 -0.053410683549173 0.0352279502999985
-0.0460336962378741 -0.0844353211697053 -0.0354264754147795 0.0258377980553756
-0.0482016481337211 -0.0811266021181078 -0.0102056216653371 0.010477042417617
-0.0509969980537717 -0.0738016404129669 0.00759077117872684 -0.0211788045864118
-0.0486076681928543 -0.0984046163256868 0.0318275622540854 -0.0410741565898811
-0.0097454751058874 -0.1217196972681 0.0639650179627167 -0.0490143255250144
0.0325780987005494 -0.126869051697167 0.0952823045103521 -0.0214003459561122
0.0970479422757951 -0.0927126839151152 0.0889320724186272 0.0164399992726017
0.145104982286961 -0.031667781350663 0.0360387612013176 0.0444820818327507
0.152484642696322 0.00649096124442568 -0.0147738789016043 0.0106077522220257
0.115904855308074 0.0336049869600091 -0.0803322509794784 -0.00945471966918835
0.137007302951138 0.0133729315242349 -0.0950987181800802 -0.0517463287383761
0.117997382153655 -0.0440203487704673 -0.105074936794866 -0.0398484501388078
0.0726600014702632 -0.0949722939340369 -0.0928970982771771 -0.010118719684167
0.0251149296089717 -0.103732820472132 -0.0697992519989222 -9.08882463444711E-05
-0.0163592782475971 -0.0953120294045624 -0.0627647121248717 -0.000924390635245959
-0.0426074831123111 -0.0785609263853382 -0.0536096543545222 -0.00647372734059434
-0.0394164356007484 -0.0765695730429398 -0.0292547870098185 -0.0175870707237169
-0.0382302822065664 -0.0723047266184443 -0.0112917324325924 -0.0494358805953982
-0.0301819420836208 -0.0946598262152183 0.0173303383506241 -0.0671740844715351
0.00883135157555754 -0.10971018647869 0.0576485814074666 -0.0703132050496157
0.048607881775992 -0.107834349730596 0.0934110462930824 -0.0289054473440677
0.102552486961332 -0.0664115699331112 0.078825730771622 0.0162532298072202
0.135086946294951 -0.00646959339604559 0.0117969901838937 0.0406728932401677
0.132277159159309 0.021823479991657 -0.0582454313172276 -0.00453606157911814
0.0821489979093366 0.0284629345880402 -0.126264094289896 -0.0199017835705409
0.103221891143453 0.0130459623350939 -0.122636719079423 -0.0430621570501021
0.0902392441545862 -0.0340777808579689 -0.105881317905326 -0.0368945883751328
0.0518216364582859 -0.0721758242944916 -0.0826090777601075 -0.0196971472580126
0.0159554190898443 -0.0768163701906667 -0.0688922304060728 -0.024926183093126
-0.0131664624456135 -0.0704936464534372 -0.0732782855507257 -0.0285351366700951
-0.0305017722639517 -0.0605767669235963 -0.0691595272932753 -0.0318645368725876
-0.024704064943579 -0.0597364963637659 -0.0443751371612866 -0.0437391776068075
-0.0207988029276917 -0.0605918238602427 -0.0219251782474215 -0.0753372435261258
-0.00939313756211132 -0.0756502561852263 0.0131902340418132 -0.0905303296940619
0.0224057730641059 -0.0830881494399815 0.0601617149112793 -0.0869325924095023
0.0554759109688165 -0.0737976523499318 0.0931348545897594 -0.0337607265767062
0.091624430001445 -0.0330614091261618 0.0689475307619379 0.0145965490472164
0.105950296627467 0.0178336602577947 -0.00582060485234267 0.0286862749381235
0.0928549063114365 0.0330380588490211 -0.0871806489106711 -0.0243980102723848
0.0317565734308284 0.0243342717604109 -0.15451589522237 -0.0226997326264789
0.0512349428632644 0.0170624050563514 -0.134871293342903 -0.0294022529238533
0.0482814626349049 -0.011043976462882 -0.101733944886369 -0.0325488603555658
0.0266716810157205 -0.032249154270864 -0.0780432941305 -0.0244923812223441
0.0103841273249428 -0.0346320708648665 -0.0714999667596828 -0.0385179021590838
-0.00219974991337591 -0.0337631976213862 -0.0807199708093858 -0.0429700538019185
-0.0100570772153285 -0.0328969793154189 -0.0767657609454209 -0.0468241466132118
-0.00656028990547744 -0.0345639798174881 -0.0516553238604607 -0.0615011207714912
-0.00419619319881906 -0.0364437476690977 -0.0251980686815101 -0.094303551291003
0.00503344534599889 -0.0447135680384036 0.0177407661255737 -0.108087924907597
0.0232416514770291 -0.0449934208827524 0.0687231719071065 -0.0961498831078446
0.0448627037890358 -0.0370415454800169 0.0959687326896909 -0.0348936042017366
0.0638891166555642 -0.0047469027094849 0.06307386430414 0.0120469964938242
0.0623353223901366 0.0291972714355497 -0.0129977297291259 0.0138278319409204
0.0416037297796415 0.0336340250124909 -0.0991350384114471 -0.0443845079562592
0.00732844937820185 -0.0203430316238318 0.105008545872505 0.0417669792235273
-0.015381058631379 -0.0192527638895451 0.0325852493180657 -0.0176376084703392
-0.02478138528052 -0.000349501405048062 -0.058829263725247 -0.0152765092566848
-0.0120188055692598 0.0111012088352258 -0.104088826306403 0.0280053773672945
-0.00557949072658158 0.00933735930078611 -0.0788322336103803 0.094998522143423
-0.00579054134559897 0.00637674861375675 -0.0231763161788732 0.120301971433164
-0.00881938160948114 0.00789972861705016 0.0260114076785787 0.106435963878721
-0.0129383620194137 0.00279260284874361 0.0609099112960341 0.0752418179639059
-0.0155874469692324 0.00465051107977608 0.0798221490439084 0.0482176170373116
-0.0200784390545741 -0.00153578817758351 0.0890628865663911 0.0379123922105845
-0.0132473169161817 -0.0102608763940443 0.082835765872636 0.0345979694000329
-0.00934013247806141 -0.00975433205231307 0.0842071528218188 0.0263272182414586
-0.00632550263051113 -0.0152460030718368 0.0939347430442811 0.0263027024296948
0.00875791552166193 -0.0252821289476189 0.114732079544345 0.0360298266933822
0.0213386247165747 -0.0191040162485071 0.15280439721862 0.0247361160894749
0.0527606504038484 -0.00617884814870435 0.0939131626290045 0.0477061280308011
0.0347346664978011 -0.0103791725081065 0.0236609654463686 -0.0164435550445534
0.0158820473144054 -0.0105701977924785 -0.0631239647016018 -0.0153660485522155
0.0162628619653289 -0.0165497716346941 -0.10512267177777 0.0245824249163777
0.0086263448254433 -0.026359734131498 -0.0827947146966495 0.0885683189916668
-0.00870739237047939 -0.0299702518562557 -0.0312625025240314 0.113964576134257
-0.0244801916189331 -0.0236996279681671 0.016214786804232 0.101499333461943
-0.03130549319885 -0.0273323613197379 0.0513566402552026 0.0715030406413571
-0.0365156110108412 -0.02251477154846 0.0706479150050105 0.040162442409555
-0.0407135116844069 -0.0365979353917596 0.0846479302378587 0.0255442415534916
-0.0192875563758813 -0.0547674174949709 0.0868284462247678 0.0205719461956016
0.002169020750658 -0.0579261141868251 0.0911134865647019 0.0174926858403203
0.0304616973443834 -0.050512612609338 0.0950660379613928 0.0213544928355748
0.0622818865453472 -0.0373516223204553 0.101646259117204 0.0307773796739882
0.0790441577195218 -0.0194762515974206 0.127072159202499 0.0209212444538816
0.0914930175671044 0.0101196437458667 0.066789625439276 0.0410502813203422
0.0831727086635697 0.000805724659363757 0.0050761632511379 -0.0259805691763873
0.0588652947138901 -0.0202906010597197 -0.0736975922583529 -0.0210289256462998
0.0455789275592757 -0.0457151027141384 -0.106762942395116 0.0193381580975466
0.0216718656434718 -0.0615524491751055 -0.0818642153138476 0.0771376285315306
-0.0111566192504862 -0.0636470902064396 -0.0372735348271347 0.0965704804627659
-0.0371213081298224 -0.0517713776811711 0.00231860322364868 0.0838229471583384
-0.0459856909681055 -0.0525500495206818 0.0344740269619667 0.0578470506692058
-0.0517077064784846 -0.0451674799553716 0.0534425047987547 0.0240905756710325
-0.0561929693672837 -0.0643436642131633 0.0711204229108232 0.00569020355783581
-0.0266113332652745 -0.0892741947777444 0.083091889691781 -0.00264567986325559
0.00606896858303663 -0.097682919300045 0.0961267023071374 0.00279144280492192
0.0572066508503063 -0.0823936393205379 0.0959523418633994 0.0169867659231842
0.103865880980244 -0.0483924224977508 0.0836223261188109 0.0320904069217619
0.122762611043449 -0.0188408836354036 0.0861212272752499 0.0191474602611686
0.117611552741665 0.0224902865549265 0.0256849872534173 0.0254894820019374
0.122394578316919 0.0077139248601892 -0.0226783629586145 -0.0395656406338994
0.0965186952806556 -0.0333461548381703 -0.0863190062751701 -0.0292842509403127
0.0675823542681375 -0.0748517879119084 -0.106082689624985 0.0127839790414993
0.0276883903145158 -0.0915142614172866 -0.0768408666917181 0.0583132700092941
-0.0154571171692758 -0.0888504488066789 -0.0429677991825033 0.0697885408125801
-0.0458994084393819 -0.0716269605909114 -0.0143931842807691 0.0584439458565783
-0.0528170558748003 -0.0694786461106931 0.0133467124867194 0.0365142827128274
-0.0576477340261561 -0.0617883653675388 0.0294751758303812 0.00321150721071274
-0.0604278197345574 -0.0836113668532684 0.0505670064791175 -0.0174591063425041
-0.0266363447667095 -0.111690063825305 0.0724826694070743 -0.0278712587817069
0.0119562682140494 -0.121557016406152 0.0963461845787397 -0.0127583280579846
0.0769206052879261 -0.100041503618728 0.0930615951215537 0.0129084239476554
0.13079661137152 -0.0501885792984473 0.0617156554535789 0.0373001795515114
0.147002089843794 -0.0127250799119767 0.0369431465254779 0.0172330659104012
0.126210949113341 0.0274910347411174 -0.0256955728612279 0.00752227891066939
0.141954653754726 0.00848053170911587 -0.0588900321165854 -0.0481798189066672
0.116792388047466 -0.0451739057778354 -0.0976469950513858 -0.0348218170996906
0.0749300629490802 -0.0959952328114882 -0.100340187008249 0.00324939775805948
0.0258022231957003 -0.107964872013477 -0.071008894751272 0.0318244287916084
-0.019649548259519 -0.0996327920494926 -0.0502937992938607 0.0359041908351983
-0.0493342521708036 -0.0793010299095991 -0.0333809004568455 0.0273235602077277
-0.0518296674404993 -0.0764406277542372 -0.00942510218393509 0.0107533914668423
-0.0533434855340526 -0.0703089862004882 0.00570737462239089 -0.0217154572513785
-0.0520884942164635 -0.092989534507294 0.0294303701801947 -0.0419482686668421
-0.0162272387117759 -0.118715631244834 0.0603390078301452 -0.0515518548599382
0.0251003980755936 -0.125455755593954 0.0927804706955151 -0.0251879146611906
0.0908947201014347 -0.0957165395605797 0.0866208724804468 0.0123605875394816
0.140720557572286 -0.0375083598040909 0.0371495979545554 0.0414870737126574
0.148809481435622 -0.000322428903381946 -0.0127269330248318 0.0117709916982486
0.113605596313488 0.0277140383242689 -0.0788557194014969 -0.00632446401060104
0.134223593262801 0.00704426762648999 -0.0941866812282866 -0.0469182575640971
0.112350402222082 -0.047441634517971 -0.103520878774109 -0.0342698029866525
0.0662945506607486 -0.095866925468641 -0.090772251760796 -0.00734278212805058
0.0189381805570362 -0.103243359145508 -0.0678244036486947 0.00221194166583359
-0.0210199312749895 -0.0919736689091764 -0.0612585312668377 0.00157872671605833
-0.045067823800978 -0.0743381668535448 -0.0527608424847295 -0.00266530753238124
-0.04298960206294 -0.0720933914489749 -0.0293605435797476 -0.0164014343628098
-0.0414612580426451 -0.069119172282069 -0.0136124531544951 -0.0472621206280501
-0.0342441399140977 -0.0905772046500625 0.0144282006003932 -0.0668891001546464
0.0019271999218457 -0.108365853360107 0.053964385222643 -0.0723489037620499
0.0418388075362 -0.10730983700639 0.0899468587744856 -0.0327099088282955
0.0964936342625656 -0.0705683801018639 0.0766253103443404 0.0125354818387794
0.132169361221692 -0.0122336325774381 0.0131228229327636 0.0395516825418991
0.129484996461513 0.0157522832066514 -0.0560692464194686 -0.000532745949673529
0.0803667930974038 0.0243830595252941 -0.124367987588386 -0.0138632898998968
0.100800983509459 0.00766590124706923 -0.120876160765181 -0.0369466175364378
0.0859735419239975 -0.0369602011293904 -0.104360292257835 -0.0315672164226583
0.0466891068589423 -0.0729225704207358 -0.0813564489376855 -0.0160401772234906
0.0112452020269944 -0.0759554419067341 -0.0675080725999805 -0.022388109094217
-0.0167322156673129 -0.0672727018498938 -0.0728258313822446 -0.0245806488017799
-0.0322975921739923 -0.0569323892964028 -0.0688870812022985 -0.0266552685107462
-0.027526212265218 -0.0575591869409513 -0.0448115744062435 -0.0404334631845168
-0.023643829080387 -0.0578480468685773 -0.0255642530004729 -0.0718388132043775
-0.0134842805861426 -0.0737662327567872 0.00875180880530129 -0.0896622931437687
0.0171697342882202 -0.0815081472261774 0.0550321399529478 -0.0877076581127444
0.0501662760241337 -0.0743057132003555 0.0901743266608168 -0.0366517412912774
0.0878867400936976 -0.0363439840734146 0.0673477764197974 0.0109015666939206
0.104727492386646 0.0122771111863527 -0.00482027047055259 0.0285583612886335
0.0916058501775687 0.0284646100922793 -0.0858584942929826 -0.0178859438776311
0.0315466797931003 0.0221153277799551 -0.152041099379957 -0.0152559410361686
0.0506694100016971 0.014658676079988 -0.131072173395139 -0.0234274631291155
0.0462572175756495 -0.0130037723629613 -0.100854212244565 -0.0280438195782056
0.0246852459525481 -0.0321906930036661 -0.0768086871162019 -0.0208263690153936
0.00831128791381731 -0.0336319195768176 -0.0717554223997744 -0.0347710567292939
-0.00363842343639718 -0.0320655022363584 -0.0816723633689541 -0.0381118662944371
-0.0120821889132043 -0.0312670669773884 -0.0776281263998752 -0.041546494303855
-0.00822616336660775 -0.0331579738844436 -0.0530938737154687 -0.0575755157267853
-0.00567038355847876 -0.0356754535147697 -0.0296110961484881 -0.090190322981889
0.00219544416941668 -0.0437247213429817 0.0118358828613358 -0.106097814810903
0.0200365263839538 -0.0452668580555772 0.0623019502409278 -0.0968426340789264
0.0417104762858996 -0.0377597848571041 0.0919308791712944 -0.0384708736994995
0.0618179902051248 -0.00737879036191171 0.0620018972860075 0.00873980580435523
0.0622314000904247 0.0256359712499631 -0.0121792736017554 0.014347268999882
0.041886658536206 0.030575295817782 -0.0978085658073658 -0.0370326413706944
0.00725768691442609 -0.0197890723983833 0.102704569760232 0.0376543238662994
-0.0150795299024693 -0.0191201552270586 0.0316876054401538 -0.0186287707450156
-0.0238048502357808 0.0001896713207577 -0.0570569713161671 -0.0137861706760285
-0.0112478307502874 0.0110507648221199 -0.100361915711057 0.0298705577162103
-0.00464766032839482 0.00880197496570692 -0.0749595561983621 0.0938849061722978
-0.00528168711931559 0.00620156998102725 -0.0183609616155572 0.116897695314309
-0.00817783236816003 0.00725063042511541 0.0290560283395334 0.101718833771307
-0.012335368326504 0.00267880988762339 0.0610278277016481 0.0707479291467998
-0.0150040259960553 0.00528743135031675 0.0792246984093387 0.0439515123457978
-0.0193436464715815 -0.00087945078565882 0.0885759012076599 0.03368342727995
-0.0132851480249439 -0.00984991737796253 0.0823444137814234 0.0317426399327978
-0.00946341719381295 -0.00903687603491436 0.0822675096160885 0.023947285876566
-0.00647382366433898 -0.0147247682889475 0.0907047173648988 0.0242110222668513
0.00752756730616047 -0.0247315443736629 0.111877555921939 0.0323992361442411
0.0205865814259638 -0.0192372379263696 0.148919944494824 0.0193089836212111
0.0512243156315536 -0.00675926050866729 0.0919770257618868 0.0425073662506698
0.0333853393415907 -0.0116506170208343 0.023173555446903 -0.0172234849819817
0.0147179167928109 -0.0103553931342922 -0.0614056412446677 -0.0130813658942833
0.0150691041287292 -0.016269486921295 -0.101288894340307 0.0266672352495366
0.00738583249792798 -0.0261976385858068 -0.0780133450313897 0.0877748540386825
-0.0095140595899142 -0.0289842650335469 -0.026677313909356 0.110652714124648
-0.0244285422186168 -0.0223285828563539 0.0190496017205523 0.096913931375688
-0.0317212994654022 -0.0252815841602363 0.0521638302485957 0.0676649512691965
-0.0363465336044404 -0.0207497193396936 0.0704733785175526 0.0362540837040336
-0.0403304770748116 -0.0345021098403479 0.0835234499981946 0.0218618079892587
-0.0206875398894024 -0.0530900386695495 0.0855232552887727 0.0177540682488081
0.000120353616543339 -0.0564909882665236 0.0889427523317109 0.0150672818859284
0.0284671594295869 -0.0502066129726985 0.091658633476452 0.0194039624376971
0.0596467036577611 -0.0385201758425236 0.0993575504132727 0.0274656502142167
0.0759490461388697 -0.0210503130494669 0.124140922431119 0.0163326876770478
0.0887146815579775 0.00780932860470491 0.0655840761947027 0.0370574917304343
0.080964624927381 -0.00185193387173379 0.00526375739345882 -0.0259324081865174
0.0563921912080708 -0.020641190431558 -0.0713141466866659 -0.0187012833897762
0.0421810306048157 -0.045380087764589 -0.103288087387452 0.0214522752348798
0.0188460967887346 -0.0605205397792259 -0.0769471348915998 0.0766857461000175
-0.0124365441741886 -0.0616610786629084 -0.033195443941514 0.0942052619382517
-0.0375816588818762 -0.0486881934596881 0.00495336334368274 0.0811662149713057
-0.0466567003681589 -0.0493268749828454 0.0352716814040644 0.054563168389444
-0.0517247545915956 -0.0424011175726275 0.0520368979275354 0.0217016455884869
-0.0564124099140782 -0.0607593895756301 0.0697619543712484 0.00301144893196308
-0.0288820221801399 -0.0863469225672781 0.0811741958013658 -0.00492443665543836
0.00337702539100865 -0.0953921125606255 0.093724245405399 0.000106170494830573
0.053611522370649 -0.0815059428324725 0.0925277902878992 0.0147837459188169
0.100180369049692 -0.0503401719015121 0.0817940390850673 0.0297434158374913
0.118527630764072 -0.0221382821473054 0.0842203418680228 0.0164462457986575
0.113796210024086 0.0189500155882736 0.025270124372095 0.0233018825151358
0.11890350387372 0.00379765155761779 -0.0219314686179989 -0.0389203422365544
0.0926608859805643 -0.0338844564723501 -0.0837806831165457 -0.0264309280512544
0.0626322002911602 -0.0748181621861052 -0.102620403767726 0.0146563315468909
0.0236577882327867 -0.0895418164849453 -0.072552701795121 0.0578443144983368
-0.0174299991975808 -0.0857341454538095 -0.0394839829237745 0.068192813264844
-0.0465153545458502 -0.0677551172178856 -0.0121287271912188 0.0567066251512852
-0.053858796065022 -0.0656908167535341 0.0139582471811111 0.0346116150784938
-0.0579708347185 -0.0578247980643114 0.0285999800241542 0.00180005114141587
-0.0614634031279474 -0.0786964350897177 0.0487785049898394 -0.0193290166516496
-0.0297106066247744 -0.1078124543343 0.0696895691908741 -0.029374568417068
0.00814563312369322 -0.11843653099503 0.0934604865991225 -0.0150966619789698
0.0715756239285697 -0.0996645038416088 0.0898096476280889 0.0112315809875314
0.126198960766268 -0.0523775376460117 0.060433847937195 0.034409803838542
0.142150141705656 -0.0164975966186989 0.0367826156881398 0.0162757420239013
0.12223524992581 0.024255997142016 -0.0246556777144982 0.00745698701971235
0.137785527827277 0.00386086949441638 -0.0571206161423912 -0.0460032317660154
0.112249545386614 -0.0462155942977202 -0.094549043393093 -0.0310857838763869
0.0691786883563664 -0.0948713034658516 -0.0970181076689636 0.00481825751855109
0.0214334691513929 -0.105600932973329 -0.0679418054833579 0.0319067870960563
-0.022268400849157 -0.0957651537743528 -0.0478131298082274 0.0355830568254654
-0.0503701113226339 -0.0749728528032405 -0.031405819661035 0.0282872900881933
-0.0532532858233587 -0.072389449597527 -0.00867505261809748 0.0104524385185754
-0.0543437843991372 -0.0666259520249032 0.00450612618045871 -0.0210509928231442
-0.0535245249714073 -0.0885681816910716 0.0275763698948269 -0.0422272523279891
-0.019990427940746 -0.114717635061951 0.0574020124909132 -0.0522194822684573
0.0201120021181515 -0.122261187091612 0.090297367598271 -0.0271130886588215
0.0854024306805348 -0.0956127694043507 0.0830584213673944 0.0102322257847817
0.135756261756299 -0.0403839381776161 0.0369574918998553 0.0395297446509335
0.144082537019555 -0.0045210686845424 -0.0115550646967888 0.0125029614788451
0.110200398096779 0.0239794784768858 -0.0769011161728888 -0.00506862912357187
0.130575298330785 0.00248041531743696 -0.0917455947255238 -0.0441012745181186
0.107530846001597 -0.0487406131264577 -0.101196833259222 -0.0306970819257927
0.0604965017286843 -0.0946900875113843 -0.0884057001051608 -0.00543044775822957
0.0142767513285835 -0.100246373298489 -0.0654511275390268 0.00261649728840483
-0.023556165392542 -0.0882606374838449 -0.0590903806487397 0.00294943540983262
-0.0462209410588193 -0.0697834765313632 -0.0511907825699058 -0.000340317849869968
-0.0442342448161806 -0.0687204952739196 -0.0284985409112509 -0.0150759592247961
-0.0426835879330366 -0.0658329917729582 -0.0150065603180853 -0.0458346709467478
-0.0357281691868235 -0.0860566310370926 0.0120851022049703 -0.0659514992495525
-0.00194338400565708 -0.105166623744463 0.0502926333262655 -0.0719987508245335
0.0370199584369213 -0.104746329289821 0.0873692169822921 -0.0343941618751578
0.0918984612514578 -0.0714381099889341 0.0734331386203913 0.0106865711740575
0.128295095369263 -0.016420666705807 0.0133547244858492 0.0380522678552631
0.124865386149708 0.0114318771484334 -0.0534603527274185 0.00215812046959906
0.0777110527110896 0.0216727548069307 -0.121014755966237 -0.0107408419517881
0.097706572625897 0.00454821402658419 -0.116855255579953 -0.0332874500850827
0.0817445657886022 -0.0377278393802141 -0.101014980346799 -0.0281749937747031
0.0432339944263306 -0.0717641715505006 -0.0793211393299551 -0.0140122589109413
0.00855744491225747 -0.0737799639260674 -0.0664759633909593 -0.0208400519867732
-0.0179231092403586 -0.0645648763370772 -0.0720606528995937 -0.0223579498336077
-0.0332590384971634 -0.0533774488806672 -0.0676332126544225 -0.0233359067571788
-0.0289764120432217 -0.0541715331960487 -0.0445163551203776 -0.037471883094571
-0.0253040452305755 -0.0551147592064912 -0.0275252557309747 -0.0689867160210203
-0.0155037606604232 -0.0705224043151796 0.00591102714376114 -0.0872754400126457
0.0135977060680954 -0.0794699109255768 0.0508716223212543 -0.0867700331286359
0.0456129483231578 -0.0733736863271459 0.0870136878958086 -0.0388562357426445
0.0836247960847616 -0.0379777647533036 0.0645581650229945 0.00972502584064942
0.101566057517578 0.00878099536795653 -0.00441778785068117 0.028399211937061
0.0886655190113049 0.0244913373939168 -0.0826642852660105 -0.0137262439109347
0.0305420307297151 0.0206201412670279 -0.147699268341626 -0.0113831928977694
0.048898318243883 0.0125485496212164 -0.126443834895136 -0.0202169254505959
0.0441906805294309 -0.013353315669741 -0.097391796663941 -0.0253762968420169
0.0225380312986324 -0.0316046724912668 -0.0744444967832293 -0.0187734817645081
0.00659538802672126 -0.0326071750329574 -0.0699072079170097 -0.032996266569099
-0.00426201339973179 -0.0309619511326425 -0.0805163863868667 -0.0347595105563659
-0.0121826188097624 -0.0295045356667456 -0.0765757849602198 -0.0375258096088384
-0.00941008800041378 -0.0317458630678894 -0.0527827564073963 -0.0538981358692019
-0.00689375534225183 -0.0343566280028428 -0.0314372368276924 -0.0863680360090582
0.000727436343757609 -0.0425029721396046 0.00810727458323781 -0.102752501348782
0.0177074902648238 -0.0434542041178636 0.0571282054112197 -0.0959461768781519
0.0390227894396784 -0.0377636430791828 0.0892200185921279 -0.0400475510132804
0.059780180328962 -0.00875013665055504 0.0601509739047246 0.00678434393258687
0.0606509751216911 0.0232047310216595 -0.0113145986730543 0.0149009427763937
0.0405542988974486 0.0283103322889994 -0.0950781729315655 -0.0321033618670785
0.00722620469383088 -0.0194252308850297 0.100575660678742 0.0346527924568483
-0.0151225005817949 -0.0192755500202228 0.0312432177775895 -0.0198631634806238
-0.0231960493923287 0.000167339238864866 -0.0551566216014932 -0.0128823327584465
-0.0111027441381191 0.0110976391580847 -0.0972631559207216 0.0311300120407937
-0.00420960930792673 0.0086678834378033 -0.0726354394116595 0.092977534422301
-0.0053602130252212 0.00546428969095669 -0.0159040432193814 0.114100897141935
-0.00777126644311958 0.00717961780608321 0.0306907794378829 0.0980334445471946
-0.0123838102679277 0.00246642972155433 0.0606197886764021 0.0681315821773882
-0.014425346467863 0.00476041606750461 0.0782651535505023 0.0414042135381813
-0.0191476539865025 -0.00028555419539041 0.0878912518812746 0.0318774822794244
-0.0133165084181937 -0.00985292148357934 0.0812830273511904 0.0302203788829953
-0.00876139927800578 -0.00924532515371709 0.0800650081364214 0.0229222519441621
-0.00625550523347968 -0.0148276697206596 0.0879507791813597 0.0237654831645413
0.0071197727431562 -0.0244840267403127 0.109362552418141 0.0309430493887657
0.0202185423807474 -0.0191877859695567 0.145454728579097 0.0163669654365525
0.0502731009578022 -0.00750577182963941 0.0899008490996092 0.0404442639133192
0.0323266103130963 -0.0125877004720117 0.0231851116640659 -0.01821342109917
0.0141789102519459 -0.0104534486290974 -0.0593480674370036 -0.0123409272516335
0.0142384207905637 -0.0164358416927061 -0.0988639843626984 0.0275528993300267
0.0064279961674958 -0.0259720680327065 -0.075447153378854 0.0866274190892461
-0.00989430673444529 -0.0286199869109904 -0.0241642076129279 0.108081781173834
-0.0245334750377807 -0.0211886520864523 0.020666850781567 0.0944561195528424
-0.0318885587402496 -0.0244465447234845 0.0515437376638928 0.0647996031086364
-0.0354902879520197 -0.0202839307959467 0.0694648802510642 0.0342473541337699
-0.0400664332291237 -0.0330115168293089 0.0831631271180226 0.0194328722305088
-0.021610479434511 -0.0518342989086654 0.0843240458555268 0.0160342784233113
-3.77803976039114E-05 -0.0555407578042075 0.0871034327517496 0.0144169365995105
0.0274441901089609 -0.0500151511029232 0.0888859947990055 0.0192633898663891
0.0578470387925952 -0.0385162893007959 0.0967262963621644 0.0259813373615376
0.0742490247373911 -0.0221336069485293 0.121555006540119 0.013998490997715
0.0861906139732043 0.00693027802041238 0.0645364137643317 0.0348106319918157
0.0791895113671526 -0.00329654436610974 0.00556152695476838 -0.0268000215172798
0.0548110712561959 -0.0204691253323947 -0.0691351644845101 -0.0178990983052809
0.0404840132115433 -0.0451512494046421 -0.100695545459145 0.0223082263094415
0.0167051217595911 -0.0597058385211852 -0.0744747936216296 0.0752156136046317
-0.0136028585227797 -0.0597017762073155 -0.0309058153078061 0.0918902839841751
-0.0377228847548387 -0.0470362994210719 0.00618759340048505 0.0789579353262048
-0.0466716028164796 -0.047379866282798 0.0350360443885427 0.05267247156662
-0.0513655859143103 -0.040689296043356 0.0509745588372559 0.02003888191187
-0.0561976917212513 -0.0580796670171449 0.0690352183605844 0.00095015241686345
-0.0300712020106648 -0.0850942890292605 0.0795061581771626 -0.00629385863382681
0.00148535443116899 -0.0933070053396074 0.0919121713364619 -0.000630811783563147
0.0513558208221558 -0.080974375148545 0.0896092807051999 0.0149079415779907
0.0973819532689678 -0.0507568905354981 0.0796044160708875 0.0278963133180769
0.115354396612141 -0.0229071826052903 0.0825685386905266 0.0150688686506042
0.111183531472678 0.0179716893173082 0.0246530608193586 0.0216605968420462
0.116475007815727 0.00152691907414474 -0.0205466185497972 -0.0386008538533692
0.0905336354729784 -0.0336402536542975 -0.0814781650823897 -0.0251310222525091
0.0593916880521469 -0.073921914369489 -0.0997620316945366 0.015008755444219
0.0211990121883377 -0.0883919584347336 -0.0702057000237968 0.0562995283366292
-0.0185770665178165 -0.0833099565921477 -0.0376736743944967 0.0664609285620119
-0.0467578352529195 -0.0650027914190115 -0.0111781831343985 0.0558278357995533
-0.0542499566994634 -0.063024066157674 0.0139658694696909 0.0334131982105079
-0.0579312275610803 -0.0554871515635563 0.0274953170949181 0.0011163561483815
-0.061666926543636 -0.0761443251129988 0.0479468574752369 -0.0201851988040556
-0.0319372273135036 -0.105380795693618 0.068595253109859 -0.0299854075609731
0.0055136412620349 -0.116062256927923 0.0913378757757014 -0.0158316600154456
0.0687103525969632 -0.0986598002935272 0.0869729662093785 0.0112694450098266
0.123049963370275 -0.0533848355991565 0.0592362127398239 0.0332307546952364
0.138226997545513 -0.0179893928451186 0.0367036196762946 0.0153271146056603
0.119115665665079 0.0225554215119459 -0.0243262763350543 0.00659756408632252
0.135222572608263 0.00172587096895174 -0.0552726602952605 -0.0456920786308655
0.108977118654438 -0.04569545006849 -0.0923928691411305 -0.0297176701498705
0.0655852697808173 -0.0935777676021205 -0.0946523383308433 0.00563442645760643
0.018816989488809 -0.10381803922218 -0.0657943454328187 0.0306599919694101
-0.0239379349129588 -0.0927195331465823 -0.046062173082057 0.0348879197823891
-0.0498823652230765 -0.0721891488579737 -0.0301899968923355 0.0279786900049459
-0.0537428100443355 -0.0695615158812741 -0.00798291335073643 0.00993844391278399
-0.0547542945639733 -0.0644496933242617 0.00403697320360181 -0.0208488536599479
-0.0543897216300679 -0.0855336644884223 0.0266777010734202 -0.042374647072181
-0.0224885650959739 -0.112204679589486 0.0560091090492809 -0.0526634240007889
0.0171355350924359 -0.119497856109163 0.0882228686910752 -0.0286337847225924
0.0815067176158945 -0.0952579829568394 0.080375531222774 0.00974849659907474
0.132826789131929 -0.0417702110024824 0.0362503372035623 0.0380724130383577
0.140284950791489 -0.00651548542427161 -0.0103534251378683 0.012771896645527
0.107059555970437 0.0225376980853953 -0.0752528086761036 -0.0041378798670005
0.127656348509285 0.000516653364320002 -0.0886005181284479 -0.0430378303436864
0.104564505602894 -0.0483955753151132 -0.0983840790692163 -0.029611446113468
0.0579367938221081 -0.0932234267947004 -0.0856287261300195 -0.00448958657813243
0.0120701429122361 -0.0984060778497016 -0.0637127937538093 0.00221564560556616
-0.0243845566446385 -0.085663055560715 -0.0585429889309048 0.0032724081164205
-0.0462557971545253 -0.0670422799664082 -0.0496411228638577 0.000926936668927025
-0.0447619424418408 -0.0656448195193237 -0.0279979112369124 -0.0141579330978129
-0.0431717558574612 -0.0635449045305275 -0.0154230521454942 -0.0449999090451175
-0.036793437893096 -0.0832470991172782 0.0108056174063707 -0.0650384432837591
-0.00486942034888905 -0.102546683281289 0.0486861143197549 -0.0711735182441168
0.0334936136419301 -0.103062392812735 0.0857171480475731 -0.0354827775883282
0.0877169422032752 -0.0714609411376669 0.0714589929825943 0.0100679213800985
0.125422068759773 -0.0182642627261157 0.0130829304475897 0.0369852381296144
0.121893336048382 0.00962092868716874 -0.0510127056586539 0.00362087201840422
0.0753246391063139 0.0201339456079711 -0.118416180870474 -0.00901047495546719
0.0953341645442364 0.00347619275472873 -0.113255140270904 -0.0321917435936403
0.0790994253012762 -0.0375749938642736 -0.0985147111341389 -0.0270324065119744
0.0406389459433495 -0.0705713690686917 -0.0771711331967616 -0.0132649496999063
0.00648628636211013 -0.072184840285837 -0.0644316268147327 -0.0207140541159493
-0.0184673319773176 -0.0617360804798417 -0.0711451091702238 -0.0210152679906575
-0.0331289625309527 -0.0514175645666003 -0.0665723031599374 -0.0212150055954282
-0.0294710412963107 -0.0525371562610418 -0.0436620007672822 -0.0364232719153755
-0.0261136136850172 -0.053272002196084 -0.0281380140157193 -0.0668975374636731
-0.0168317201435035 -0.0686650706767078 0.00401011500960419 -0.08543567895846
0.0111414517229759 -0.0777099001905537 0.048098421745745 -0.0861309703969799
0.0428769874739252 -0.0714016983494572 0.0847834749101089 -0.0395386945506936
0.0805013226669237 -0.0384620318463684 0.063560596089458 0.00885636569469002
0.0994282703542977 0.00691079423330216 -0.00367893573968367 0.0279172945839428
0.0855833204917477 0.0225494539645975 -0.0796913783221331 -0.0113599972705938
0.0292243160375085 0.0200902416766823 -0.144145611887458 -0.00873431619809649
0.0476181614976758 0.0118152199756997 -0.122692825069638 -0.0184310604907823
0.0425343132325064 -0.013252929419622 -0.0951470625537266 -0.024146233689986
0.02151141293323 -0.0312279975852191 -0.0729773427897217 -0.0179606151383527
0.00539818157297051 -0.0315666028431818 -0.0694626489283252 -0.032104428455403
-0.00457194455285313 -0.0293294331648375 -0.0802127615481096 -0.0321737708340766
-0.0125038880453446 -0.0282617597587896 -0.0758023689445215 -0.0345496452829477
-0.00991046208721911 -0.0307142803897178 -0.0518458445339339 -0.0518988967145609
-0.00746943399491029 -0.0332269962700204 -0.0320030234174336 -0.0837324949510119
0.000233216495479771 -0.0411228277953208 0.00619394137405293 -0.100870697190481
0.0162295314007413 -0.042899950134899 0.0537204106338938 -0.0950791647544346
0.0371497074326159 -0.0372176966746574 0.0869728640073027 -0.0408613882846685
0.0575495833095566 -0.00944173217946302 0.0585777158029438 0.00588735643464895
0.0587596673611994 0.0211393540547055 -0.0111515264104129 0.0154807168323217
0.0394249450176466 0.02726099670021 -0.0921736556417477 -0.0288095219510548
0.00714443038622387 -0.0195336597180949 0.0995708584028882 0.0328542410893433
-0.0149882602569089 -0.0194671243480986 0.0313427481637805 -0.0207639921028286
-0.0224314627835553 0.000395798128401266 -0.0540867519202624 -0.0126034382976232
-0.0110912424548437 0.0107514849995661 -0.0959630065689543 0.031594046694344
-0.00449548765473114 0.00774491924272769 -0.071069163810866 0.0927844363144039
-0.00498946464925502 0.00485508400614482 -0.0145291050066926 0.11228424050133
-0.00772431607380574 0.00642070348761722 0.0323328237383623 0.0961763888821672
-0.0119496186642843 0.00269423283242858 0.0612841412265602 0.0661299099299768
-0.0134965401861402 0.00467195795203321 0.078399784590037 0.0397514948572435
-0.0189326692726751 -0.000349549158725806 0.0877295603329237 0.0295747137023093
-0.0130080395011701 -0.00968458513417452 0.0811945327436065 0.0299144689694837
-0.00886196930212269 -0.00942884661013479 0.0789386944520742 0.0227930491184054
-0.00641111010257396 -0.0148865106290078 0.0867399280274666 0.0239234668525269
0.00682426717332517 -0.0248793340102746 0.107990318660395 0.0297785456767405
0.0199068885848061 -0.0192110930682358 0.143794422506732 0.0141160263225399
0.0496087491325449 -0.00814461529911996 0.0893816674466898 0.0382243314301938
0.0319631041784019 -0.0136420609981204 0.0232719894351597 -0.0198468270483703
0.014252300962809 -0.0105632765265923 -0.058533511489661 -0.0121246239748926
0.0136571327609811 -0.016285519079335 -0.096997514333729 0.028142455611348
0.00563336233122365 -0.0260645935185607 -0.0732955341108595 0.0860432150175224
-0.0101588156332967 -0.0282505995489066 -0.0223950873480832 0.106042476961637
-0.0243795965555867 -0.0210353542441717 0.0218972305129044 0.0920749060260648
-0.0318382410961787 -0.023820591583423 0.0518783678285806 0.0631238243682719
-0.0354179619803374 -0.0195319163172528 0.0691660842130949 0.0327968412296202
-0.0398543606456091 -0.03169478122767 0.0827519121262425 0.0174324754992276
-0.0218752095937901 -0.0518229658055238 0.0841511215215038 0.015049315599227
-0.000794818748094618 -0.0552732705720242 0.0858503273937025 0.0134129343289637
0.0264634570443402 -0.0499202385533418 0.087079784266797 0.019330660616669
0.0567586141757844 -0.0392036004966159 0.0948509375692184 0.0258846035022717
0.0730316472446903 -0.022820356340969 0.119894502255359 0.0123883663200753
0.085415903840147 0.00616488257004911 0.0635871950404047 0.0330270299154053
0.0777914271523801 -0.00506914969937833 0.00617513502114943 -0.0277550512643286
0.0542858645448978 -0.0203719805090757 -0.0677052551547773 -0.0173636436825952
0.0387011867458688 -0.0448332752971672 -0.0991937463270206 0.0229698249346236
0.0153764313902838 -0.059247674513812 -0.0724060981809149 0.0739243691821542
-0.0146472099002912 -0.0591178221406838 -0.0297286121870899 0.090213959162095
-0.0378478735244902 -0.0462214540091532 0.00756901118586691 0.0777379444395648
-0.0469474662114168 -0.0460415078940851 0.0356687136482805 0.0511120563537473
-0.051332935363318 -0.0396467865699731 0.0503060104706714 0.0189401744358727
-0.0565393837379772 -0.0566098289722626 0.0680061581288047 -0.000443833763526944
-0.0321879654959593 -0.0836277875057782 0.0793330671725109 -0.00746406502789378
0.00051207282347179 -0.0926292440821521 0.0905827384970682 -0.00135555429786136
0.0491939854079437 -0.0814772859993814 0.0880732412325749 0.0145033388277957
0.0961092082856459 -0.0518983438118757 0.0779666249598528 0.0272341689886223
0.113598828350371 -0.0243342414492633 0.0824108245810705 0.0140481378635412
0.109610183660651 0.0168725338604794 0.0238041911148426 0.0202834942932704
0.115288967099922 0.000508171949612343 -0.0199817420911853 -0.0393160980272697
0.0887395017624741 -0.0340202318191449 -0.0797718470948886 -0.0241636185169292
0.0575227322062587 -0.0734527741315327 -0.0983473265027057 0.0157310515524092
0.0192204786195833 -0.0875456423748573 -0.068032077920688 0.0557826363760715
-0.0196468251049649 -0.082062171009378 -0.0365452007601617 0.065231502556448
-0.0471609756451235 -0.0630965236791658 -0.0102174940710596 0.0552408878539656
-0.0550925744259582 -0.0614546936065763 0.0146752855596684 0.032499764693528
-0.0586490317515821 -0.0544072961945325 0.0268725007834543 0.00106741624021701
-0.0625873313205978 -0.0743589145440558 0.0472649329221675 -0.0215046570574508
-0.0342369001252042 -0.103917176548828 0.0671381797396991 -0.0310019866734903
0.00379459982377772 -0.115413302448269 0.0907564912922108 -0.0174288936419298
0.0670567570149191 -0.0987867266481983 0.0854090620039101 0.0107895276016306
0.121498606689003 -0.0545386381372595 0.0580155706590987 0.0322856058641786
0.135739601751208 -0.0202009795688321 0.0365439231847761 0.0155656275930892
0.117556483608359 0.0214824949973043 -0.0241226152968358 0.00667413095229322
0.133255694206217 -0.000259042100677803 -0.053707968585017 -0.0456801433945289
0.10741789243687 -0.0461495658992839 -0.0910057923183222 -0.0292286383693401
0.0638837599672722 -0.0932803843032596 -0.0932219796352764 0.00595389647289028
0.0160662214300671 -0.10323050808594 -0.063646588159529 0.0296047855346245
-0.0247148489372232 -0.0913418772584083 -0.0453588065107988 0.0346153104346287
-0.0507376738623578 -0.0699636358068505 -0.0299113300354618 0.0286486260840485
-0.0544653974806036 -0.0676685834547966 -0.00745484034566688 0.00975162981002142
-0.0551664987590471 -0.0620767127664436 0.00301487543286901 -0.0210963881543247
-0.055370383295297 -0.0828581067117053 0.0258004734584236 -0.0431738332932497
-0.0243372234961735 -0.110554338012202 0.0546957012230881 -0.053088394134017
0.0149266518188118 -0.118628572156647 0.0865541090849822 -0.0292552304807067
0.0793470947846164 -0.0953199080069227 0.0784715506073732 0.00986363987848031
0.130766053680127 -0.0436869762543374 0.0355496600193465 0.0372262496788284
0.137629317566234 -0.00830937620790959 -0.00895003046526672 0.013119813796079
0.105496229191319 0.0210807556675598 -0.0744303167919963 -0.00398136743219228
0.125728624402312 -0.00100407124974136 -0.08696547201128 -0.0424712112166594
0.102536828357092 -0.0481878941715212 -0.0964413030056218 -0.0284995899083637
0.0558934228468557 -0.0930565901842448 -0.0842855826414296 -0.00400130906555265
0.00990676282398086 -0.0978637566056929 -0.0621889154800415 0.00161092111377595
-0.0254215730671391 -0.0832368440655593 -0.0583137684529795 0.0033872145794803
-0.0466300168526795 -0.0647093341276958 -0.0498576238710474 0.00188018006258982
-0.0458436787411356 -0.063898606540429 -0.0277062233355957 -0.0144288338931531
-0.0436127828789391 -0.0618858202045196 -0.0162175932428782 -0.0435475893741104
-0.037983611485329 -0.0818497622943405 0.00940422687333345 -0.0644467374748843
-0.00706801448795325 -0.101320579934957 0.0471596820239409 -0.0717279379523144
0.0312804383605686 -0.10197163158997 0.0842739898458426 -0.0364677629135465
0.0854072927076606 -0.0719516105888231 0.0699204424471711 0.00965761605279998
0.123211159635392 -0.0194148055984572 0.01349337343546 0.0365546750990696
0.119160453516977 0.00765594870670661 -0.0493617881435834 0.0045575113646647
0.0739433122006344 0.0194153615509178 -0.116519603299862 -0.00813287937180311
0.0941216033968351 0.00228161501765864 -0.111070910640913 -0.0316532374009949
0.0775445042101573 -0.037243430938176 -0.0967101020457735 -0.0264938232007714
0.0391410551447874 -0.0700647455036245 -0.0758147392801198 -0.0126220749017602
0.00495226718307808 -0.0713918892716855 -0.0638300901335539 -0.0212927546985573
-0.0191401553667945 -0.0607737144152457 -0.0713305553802999 -0.0206292206703539
-0.0330499418721563 -0.0494296135115373 -0.065930117761043 -0.0193091202366305
-0.0302706763869835 -0.050898565772368 -0.043291541735872 -0.0355753846227411
-0.0271033436734717 -0.0521099404791281 -0.0282806019904388 -0.0654563315273693
-0.0179252303394947 -0.066861719899618 0.00284246543197863 -0.084745980900257
0.00905096588057973 -0.0764929815401747 0.0468062732497016 -0.0859186978583633
0.0411868308307143 -0.071419696850848 0.0836309468246944 -0.0402632320876353
0.0787672498676732 -0.0387592898666215 0.0617802463434034 0.00804327521773058
0.0981722318930034 0.00534239493141463 -0.00357516816943052 0.0284944381927218
0.0842249442147429 0.0216958979888864 -0.0772274413336154 -0.00975420626809377
0.028931222855023 0.0196500210840636 -0.142183468221504 -0.00730200399193078
0.0470813258400845 0.0110228066411327 -0.120684688487498 -0.0177186378334545
0.0416217497565294 -0.0134483058626383 -0.0939244410541194 -0.0230986415928706
0.0209792748117001 -0.0307741193918879 -0.071466385733387 -0.0178389170194092
0.00529463628015016 -0.0309288079197364 -0.0685806710928927 -0.0318798891121291
-0.00457580053310141 -0.0284570640270926 -0.0802880748123053 -0.0313466791188788
-0.0120408649084524 -0.0275912417176252 -0.0752777922753377 -0.0328640610538581
-0.0106005607138889 -0.0301986022378415 -0.0515894500820942 -0.0502540336639192
-0.00806867660363615 -0.0320312096865221 -0.0326140367542873 -0.0820511032437154
-0.000807315675497837 -0.0404642080606265 0.0044527610856847 -0.0992311760913309
0.0150517378121061 -0.0417640932171349 0.0517600652598934 -0.0941994608934728
0.0363894811961113 -0.036606351105075 0.0856008633524686 -0.0413644175859557
0.0561331317318234 -0.010283709195094 0.0576075986892014 0.00484294254359023
0.0586459958578511 0.0203664053751862 -0.0107892211002176 0.0155436401595811
0.0380005645795785 0.0266520698084699 -0.0904540762652437 -0.0264107862978455
0.00974861123509265 -0.0163201101231683 0.0912488653268466 0.0509550809422417
-0.0112019030613169 -0.0209950198407816 0.0359755123182007 -0.0160524123986
-0.0209461231049732 -0.00506793557861208 -0.0488100301045312 -0.0240666503868597
-0.0112904288852984 0.00662211022607812 -0.0984401620441781 0.0120975135174684
-0.00525833619515361 0.00443879497277591 -0.0864250601005052 0.0757524748965041
-0.00570468666336983 0.00207098325252184 -0.03566669709105 0.10636223193808
-0.00840305451742557 0.00418417812264776 0.0117086280974995 0.10032908842928
-0.0126840305441094 -0.000817896322863358 0.0459039332281152 0.0767088820818071
-0.0143057011640466 0.000691057506861698 0.0680079527830392 0.0532532213478901
-0.0180637842427273 -0.00478855674103127 0.0787505382475753 0.0458608983305524
-0.0109593776862099 -0.012610895295771 0.0723475291161818 0.0455602982157564
-0.00552294296342296 -0.011885816512564 0.0711594160235053 0.0394197294235402
-0.00158834104235314 -0.016188183657927 0.079170734233517 0.0419246334736487
0.012455794666704 -0.0230332454835315 0.1009540231998 0.0520569766512834
0.023535554215617 -0.0151300793048103 0.140163236129091 0.0457692743621367
0.0473399633970976 0.00332005068683371 0.0804222466996552 0.0542002134669293
0.0325483797665488 -0.00720299179142177 0.0277376982280681 -0.0142851156641834
0.0164186269784905 -0.00800018440675964 -0.0525077156156234 -0.0233271982202689
0.0160079903638883 -0.01375288185945 -0.0986257950849623 0.00804630150682495
0.0108413743042899 -0.0251851196327368 -0.0883813218024233 0.0700212498752759
-0.00414051672359079 -0.0304467993067848 -0.0420149996873654 0.0985436758203548
-0.0192797316414748 -0.025445798528891 0.00249223175652163 0.0935606881802576
-0.0267209139704633 -0.0301978310750436 0.037485861785611 0.0711951263207623
-0.0305294124798341 -0.0270647226046921 0.060524106929537 0.045124222075565
-0.032146105753356 -0.0389546899023847 0.0765158366234355 0.0326076774541339
-0.0109533763158209 -0.0548263790487031 0.0781894872981991 0.0303022371905006
0.0114144533511495 -0.0541297962838814 0.080074472362227 0.0297215817249176
0.0381071555187974 -0.0429397332686423 0.0817483171173921 0.0365048359813806
0.0645196084491847 -0.0261476650750924 0.0890968246212854 0.0460148591988756
0.0752462112362621 -0.00672259555037646 0.117533894611264 0.0391486442742942
0.0787343574034019 0.0235316721536543 0.0563693298193346 0.0444420376152533
0.0754933898784398 0.00951437496633266 0.011667004415209 -0.0243049953348939
0.0561229983739172 -0.00977899610549788 -0.0602040099228235 -0.0290475566116906
0.0457511197200407 -0.0359311942636034 -0.0993117302243502 0.00335964973707192
0.0263071458720644 -0.0551914725776265 -0.0844894769320152 0.0587218171307077
-0.00251996344228656 -0.0602797391130725 -0.0452880901701396 0.0818978524704664
-0.0271037980158036 -0.0515116189171728 -0.00812123873087434 0.0769661334525189
-0.0378274407164188 -0.0546674182389392 0.0240433705695994 0.0560113394770694
-0.0411324313592722 -0.0495110055888671 0.04545058580884 0.027462116220695
-0.0434794688920978 -0.0660440751667927 0.0659230953141898 0.0113385054171844
-0.0138939311053715 -0.0877519913489432 0.077320937171616 0.0061367855270692
0.0204345826188816 -0.0894160023412929 0.0878661357864462 0.0151588007181335
0.06769447549293 -0.0687013069329278 0.0834171546129037 0.0312552729500454
0.105573528180341 -0.0301712209922362 0.073133260653999 0.0441810032211763
0.115321241417083 0.00104115615573401 0.0797037498481881 0.0323117750529743
0.0999277850030617 0.0384935494219272 0.0212384127202151 0.0252864667937198
0.110608612171651 0.0205530852543682 -0.0119769326464349 -0.0387802247750582
0.0925791330377975 -0.0154491495069087 -0.07047025599839 -0.0374392350694451
0.0690097370804556 -0.0593660887571592 -0.0965971455521265 -0.0031936021500101
0.0356180960408783 -0.0812924475821322 -0.0772102670600914 0.0414851090814032
-0.00276522588977436 -0.0827784910277301 -0.0468602286418559 0.0565536630574762
-0.0330152034152491 -0.0699970973238975 -0.0208067557596536 0.0511620223099247
-0.0420853716291443 -0.0709207312158116 0.007600552090122 0.0339764344880239
-0.0450329444845689 -0.0644476136711327 0.0266362500128675 0.00529238546367827
-0.0451639708911673 -0.0840133562447402 0.0497137786737194 -0.0131007642022407
-0.0116344260526359 -0.10814349855918 0.0710297174253622 -0.0199240659441815
0.0282518753272427 -0.10991203732799 0.0913863903428689 -0.00102119691313027
0.0878825401930554 -0.0819293146579858 0.0822168570639044 0.0262699471069083
0.130211210773861 -0.027900827713355 0.0523338353103114 0.0456977973504851
0.135926511416957 0.00966237771361881 0.0349139210668821 0.0230220681019265
0.107012632747522 0.0444423609406021 -0.0238380292083382 0.00180220741644348
0.127941875392538 0.0236044690441962 -0.0438867990844566 -0.0513656697857943
0.11266881277697 -0.0239993951308145 -0.079502971789106 -0.0430588904888813
0.0780468723193934 -0.0763284843338667 -0.088894221114827 -0.0112415679670311
0.0357768331884366 -0.0962498058370266 -0.0677212529764031 0.0170283476698834
-0.00587913295006682 -0.0923174492328392 -0.0500006161567804 0.0244742474762161
-0.0354279924199198 -0.0764217031498752 -0.0347398492544281 0.0210817805374501
-0.0400570041752476 -0.0769550894721788 -0.00912843816087593 0.00711196223537939
-0.0404701694616264 -0.0715703939932671 0.00788326869451042 -0.0199856881772006
-0.0361986022567032 -0.0907098381523634 0.0332063759523804 -0.0386438421637445
-0.00176715045505819 -0.112159307255455 0.0633332603386575 -0.0447699648919837
0.0395871419313465 -0.110591032463965 0.0909208046888345 -0.0143887564326098
0.0992829610204793 -0.0755849915086118 0.0766585174990737 0.0235485080548015
0.137377651418123 -0.0146833400430656 0.0292252621648723 0.0464309357345962
0.134840777601506 0.0219516589745977 -0.0108414160719607 0.0107520264089315
0.0958018455100888 0.04100494607775 -0.0705755038348985 -0.0179942491956223
0.121579012742053 0.0212725355288189 -0.0769116314192933 -0.0542937896431702
0.108709707824271 -0.0269462998125322 -0.0852953865846668 -0.044289835028735
0.0704022166161307 -0.0775119521217683 -0.0786520269535042 -0.0195951750579111
0.028737070139753 -0.0917516832240692 -0.0604448183810247 -0.010672739222026
-0.00774053333904282 -0.0850845514465656 -0.0566306401317993 -0.00833629113914391
-0.0321561950651763 -0.0707312932155774 -0.0488128670936741 -0.0086921720752309
-0.0325565174239035 -0.0710578926520591 -0.0236701280472198 -0.0196758378173842
-0.0295906395251132 -0.0682113087293489 -0.00656711132726966 -0.0464683886470712
-0.0202700680729303 -0.0860315012342261 0.0225941658651076 -0.0624013235965181
0.0133378449497077 -0.0991178051504784 0.059773034437438 -0.0633753698286812
0.0515327778435578 -0.0907298485713373 0.0906494657111746 -0.021871761792438
0.0995356960638072 -0.0509445135352549 0.0685857536544612 0.0214495349793136
0.124454612505137 0.00684980747700825 0.00697375559702386 0.0405955180206859
0.113255100317587 0.0336240191423637 -0.0489876456164198 -0.00574209245592007
0.0671132285356469 0.0325505758568974 -0.110529575413992 -0.0298585977236645
0.0906160216147431 0.0181278388134638 -0.101766241271912 -0.0492046962762479
0.082131508228905 -0.0214066666094851 -0.0872553541490204 -0.0421920019670301
0.0511804249709554 -0.0588883526362199 -0.0690546434217576 -0.0270910178439245
0.018964038946521 -0.0673159780602309 -0.0585740194534584 -0.032940366367904
-0.00568527850682926 -0.0615623639467579 -0.0651234117953415 -0.0338159331159018
-0.0223418226337642 -0.05364443842462 -0.060966134775652 -0.0327569848491573
-0.0199940849503751 -0.055473635420715 -0.0341091251994181 -0.0428649619416609
-0.0150845668794694 -0.0549823089198011 -0.014247095561876 -0.0694230507340846
-0.00414568507956989 -0.0674260237240875 0.020326961462142 -0.0819705517911663
0.0239273025758378 -0.0715201621499353 0.0629144401690425 -0.0759506614790338
0.0536127006967584 -0.0591566465543599 0.0912622051837537 -0.0248460526956553
0.0853541333742047 -0.0201889089346171 0.0609002552600389 0.0197215300484135
0.0939357385692062 0.0257241689977762 -0.00865017759382421 0.0288916723557856
0.0762282322406668 0.0392973469735652 -0.0740799319702542 -0.0265158401228491
0.0246054941123188 0.0230353759422981 -0.137239765173817 -0.0338798056617932
0.0437405473966348 0.0181560588930584 -0.114301949833001 -0.0389151988215106
0.0433990908664892 -0.00559000052610199 -0.0853838500950568 -0.0403257810936913
0.026042629472843 -0.0255240777280477 -0.0645782757690817 -0.0312939160952962
0.0116248178216115 -0.0287983785746423 -0.060321939494874 -0.0446723274374757
0.00161526722185705 -0.0281113637597448 -0.0729414563414102 -0.0460851250464404
-0.00678197007494237 -0.0276661305211937 -0.0673738574095673 -0.0468491442379017
-0.0043967038876881 -0.0310914728907248 -0.0393801198477584 -0.059658571184579
-0.000963263190078697 -0.0323337761195737 -0.0149654080599578 -0.0858403546611149
0.00680090098181635 -0.0386088424835647 0.0247778596159485 -0.0944506801365512
0.0234151103572723 -0.0367486155935217 0.0694249299407012 -0.0813359120275542
0.0417550635732027 -0.0274044047555328 0.0933860451938278 -0.0238408733783089
0.0566211361230735 0.00270841777736609 0.0572027100829845 0.0165401296529317
0.0520017639422532 0.0322322255041893 -0.0136686607281869 0.0149650146528858
0.0304837924785045 0.0344186797523706 -0.083413605542405 -0.0452880006491545
0.00958713192328826 -0.0165633317358895 0.0901212173133576 0.048351608753281
-0.011786789089054 -0.0211380297278842 0.0352828173568719 -0.0172762865952487
-0.0206070951651752 -0.0050550942104601 -0.0480704033641043 -0.0237738305133592
-0.0108899963960382 0.00619465413640558 -0.096646431560837 0.0131638462057856
-0.00583030706375643 0.00468762874963662 -0.0842213201589543 0.0769564764928723
-0.00585434758637246 0.00173384593652354 -0.0339339625513819 0.104352659393699
-0.00779295211508345 0.00399534978102511 0.0137967466501438 0.0971510170879935
-0.012400513460528 -0.000991372659458679 0.0465214470517487 0.0745648144261646
-0.0139021547501944 0.00057657402271167 0.067851728836855 0.0512818017392537
-0.0175843445549933 -0.00385637682040086 0.0789537710668902 0.0436276736293514
-0.0111450610485913 -0.0126895588422125 0.0726268985121681 0.04457653464709
-0.0060284521686581 -0.012038150309382 0.0703392538967857 0.0384611319352602
-0.00168141679564049 -0.0157091398280517 0.0772311538642224 0.0412999528355042
0.0123607474633154 -0.02370965829665 0.099035589682125 0.0515473163888642
0.0224933578688696 -0.0150838811754964 0.138584919316773 0.043132078824428
0.0467207359033237 0.0024871261913547 0.079854487930512 0.0516349841446075
0.0315819009871828 -0.00791578107732152 0.0268832153827451 -0.0159894472416864
0.0154287995043816 -0.00830709859980745 -0.0510591629019973 -0.0233937419917198
0.0157009310176217 -0.0139945468095134 -0.0967274579343329 0.00893636113271955
0.00972838045429977 -0.0255527365835858 -0.0856266344107723 0.0695784041166694
-0.00534412346733593 -0.0304316897841508 -0.0400431839782615 0.0971366730948603
-0.0192330177833143 -0.0247460445426553 0.00455730771078616 0.0913672277562921
-0.027201346566916 -0.0294219027626129 0.0385827111791867 0.0695167964016491
-0.0302380589501624 -0.0263924358690309 0.0603329893540789 0.0427829680250858
-0.0324738872368325 -0.0378200530265195 0.0761020224219135 0.0302551388564228
-0.0122169594790624 -0.0541642210823048 0.0780503812760246 0.0295775375665257
0.0106486353744587 -0.0536266655946264 0.0791179583740474 0.0289668419437683
0.0372379961315402 -0.0426681912181992 0.0795966258486933 0.0360168020988623
0.063408108549576 -0.0271390607150377 0.0876924270282657 0.0448029898010726
0.0740725542979073 -0.00773694046579785 0.116463118894006 0.0367074206799012
0.0774379902100795 0.0225871632121397 0.0554846878348374 0.0426227804168007
0.0747455053213881 0.0077152217299772 0.0118763615060766 -0.0250127590766561
0.0552064722365372 -0.0103720748353039 -0.0585467652783408 -0.0280673556400798
0.0443661385517153 -0.0361235759979254 -0.0971564124875322 0.00364297126007611
0.0245281884034885 -0.054792377458239 -0.0826517354671078 0.0583629175432482
-0.00350130641111154 -0.0596187166557652 -0.0435766639513905 0.0806929850754636
-0.0278524561057982 -0.05007859518396 -0.00682918343576357 0.0755501441125294
-0.0384947062340845 -0.0532615575540214 0.0250100023338351 0.0548187780260441
-0.0420520861507866 -0.0480590090880782 0.0454232622480444 0.0260908513488196
-0.0439329671980678 -0.0638857836622256 0.0654231220810604 0.0095863072566946
-0.0156456703590768 -0.0869589727024242 0.0767273895250832 0.00470413622268048
0.0188821092885783 -0.088710815320172 0.0868901175627182 0.0133724591180832
0.0656757539803894 -0.0688208463175309 0.0821042201836239 0.0304572746866377
0.104111593035029 -0.0316619919143625 0.0718938910931339 0.0429400510299199
0.112649977077293 -0.00113534001807029 0.0797570100985077 0.0299002968425588
0.0983793559000779 0.0374124906385266 0.0206470074699196 0.0238022608531597
0.109397158528243 0.0188933446647508 -0.0115553198560616 -0.0401193916291865
0.0910822615242982 -0.0165079470356088 -0.0686729106404445 -0.0364245067137648
0.0661050251955977 -0.0597302857012721 -0.0943486908810707 -0.00292655015959817
0.0327829245376775 -0.0808944220855758 -0.0749662178162274 0.0402091813943139
-0.00420362669191306 -0.0824047015760694 -0.0454659874285243 0.055480521144257
-0.0333593538229339 -0.0682747454845595 -0.0196974365990651 0.0507319682089693
-0.0435927774751591 -0.0689710333505839 0.00821772044489893 0.0332179322113911
-0.0453282779850987 -0.0634425044146138 0.0256923902393306 0.0043648128919886
-0.0463208336234744 -0.0811873254115622 0.0491758169772543 -0.0147340419911707
-0.0142860820650024 -0.10641422830775 0.0701186863537911 -0.0205808543965158
0.0256690873422091 -0.108932919675364 0.0902442857299098 -0.00251589065367808
0.0850189258830158 -0.0825380281726455 0.080883176390292 0.026121681170981
0.129093706151335 -0.0299252115604917 0.0518023474251603 0.0443634781222813
0.133402040644198 0.0080425294010108 0.0351903255301679 0.0226845298003584
0.105468653098842 0.042433929847333 -0.0229855452132906 0.0015733505663403
0.127171244681228 0.0214244515879304 -0.042716772528863 -0.0513076504287141
0.110599659116765 -0.0246253768098733 -0.0772501254772581 -0.0422523068253294
0.0755413938095218 -0.0762317081864443 -0.0875313130299435 -0.0106876467250511
0.0332445860438641 -0.0948769715563849 -0.066440408909881 0.0157521710087505
-0.00745560875367667 -0.0911910858424863 -0.0493685937506618 0.0240893683522223
-0.0360566060212147 -0.075029805214672 -0.0339925301916095 0.021632788129949
-0.0419229584797838 -0.0749019914322915 -0.00821261188275155 0.00675159322527818
-0.041359282966852 -0.0703942041360421 0.00705189252924332 -0.0204367546999593
-0.0375237305905085 -0.0883773425963039 0.0323103274181227 -0.0396050044659484
-0.00431538010699637 -0.110717398348983 0.0618823799937946 -0.04470071638378
0.0366694147978034 -0.109616155275829 0.0899364934861433 -0.0158628398065844
0.0962682856917407 -0.0763314450026287 0.0753060611021824 0.0232237193667155
0.135478092396944 -0.0168275734045138 0.0287978197712197 0.0447623048911214
0.132161641445046 0.0193229677969614 -0.00948488309284557 0.0111544625238128
0.094544794502306 0.0395341352524039 -0.069941093649071 -0.017275022138557
0.120019058000254 0.0192531362668716 -0.0750838840260327 -0.0544355903702161
0.107037780612889 -0.0280358350667721 -0.0835341608941254 -0.0425428124250121
0.0680591940196447 -0.0775575085783249 -0.0767170083306802 -0.0192894369549444
0.0265620624520183 -0.0906661860225917 -0.0596662480393646 -0.0109744199763086
-0.00931187016928832 -0.0837421718266985 -0.0565148757871127 -0.00741792114436633
-0.0328391935683738 -0.0687094528974993 -0.0480395385817639 -0.00680894410004335
-0.0341215802100122 -0.0696056122309588 -0.0234315253705945 -0.0198466038562098
-0.0305106333190277 -0.0669580598740664 -0.00772610377970915 -0.0456188379102565
-0.0226003872694305 -0.0835806644208093 0.021159974915429 -0.0623144404449121
0.0109258349554706 -0.0978167615736606 0.0575078256890355 -0.063996984103059
0.0482856977490675 -0.0898705605722564 0.0892522538848383 -0.0229961643992283
0.0967259262421875 -0.0522229914728552 0.0666322057028573 0.0209924228060861
0.122040742083302 0.00493924623437121 0.00679983196854908 0.0403788173480979
0.110792348533344 0.0316675024904663 -0.0472942301047904 -0.0048008111908501
0.0658049201826622 0.0309287744409612 -0.109899492717349 -0.0283607692808836
0.0893562261538175 0.0163277876153809 -0.100134776608114 -0.0479571311385287
0.0812107370259661 -0.0218087240943905 -0.0854013641595364 -0.0409958199786107
0.0492061853720108 -0.0585841896508397 -0.0672046348489007 -0.0263359100555634
0.0172367210136632 -0.0661377959004719 -0.0577267111826089 -0.0330599682761613
-0.00657903957667394 -0.0605452489634518 -0.0651139945248327 -0.0325926174712218
-0.0229624129331331 -0.0520885770482503 -0.0601154472618751 -0.0306483893340164
-0.0211367346743007 -0.0536567308710057 -0.034456391807375 -0.0424552832135398
-0.0158031510195823 -0.0536547742487492 -0.0148992002702012 -0.0679818321819097
-0.00529283057590283 -0.0661546529717691 0.0183994850422632 -0.0812309522214773
0.0215313821613859 -0.0705203107161304 0.0602548729687522 -0.0764078654512174
0.0513697463825605 -0.0587672135164262 0.0893521786552176 -0.0260534278158393
0.0834175942244152 -0.0211690271180343 0.0593288002356664 0.0187561973349895
0.0924076850946299 0.0243226736459409 -0.00851124323132195 0.0289113356788074
0.0745321716532476 0.0382300300246468 -0.0725254577398916 -0.0242001240223414
0.0238160777472145 0.0222049182513834 -0.135013917285667 -0.0322720883898867
0.0432358036400305 0.0173977595549934 -0.1118291910839 -0.0382215938151082
0.0431991793203871 -0.00594847819379666 -0.0841994126649091 -0.0396065855708004
0.0250227427942 -0.025064519015505 -0.0626361127514575 -0.0305186679140197
0.010831331073833 -0.0281591054226098 -0.0608353599909272 -0.0439531876101449
0.00170081573363965 -0.0277088156063102 -0.0728611923985586 -0.044397746543467
-0.00670105037028171 -0.0271149721265584 -0.0670973665740616 -0.0446860604127343
-0.00525337109012203 -0.030324411481177 -0.0397346599291013 -0.0583976167363997
-0.0014803073236648 -0.031791021282922 -0.0158902816900585 -0.0844553867188853
0.00589229398732549 -0.0381553930937606 0.0226072713583082 -0.0934452623729137
0.0222042122412982 -0.0366383147711662 0.0671984475469061 -0.0812269835812013
0.0400186831422814 -0.0272036006279213 0.0912755760304151 -0.02478070570874
0.055677293197893 0.00256676922018546 0.0556431687684417 0.0157505821168966
0.0509601998776731 0.0312413859214232 -0.0132184526697592 0.0156771480545034
0.0296687208070785 0.0341987686144713 -0.0821409878700684 -0.0426432064739369
0.00962560358049467 -0.016422816364397 0.088646683117094 0.0473159192510196
-0.0121538809590269 -0.0206865918081738 0.0347444490808571 -0.0184253740486496
-0.0207373382081449 -0.00471783115750201 -0.0468447316478 -0.0241823203474326
-0.0110391658311814 0.00615115454720016 -0.0949197990074191 0.0122354937582682
-0.00524054302685981 0.00403482720395763 -0.0826862833436583 0.0755711649512746
-0.00606685320752243 0.00150283454611835 -0.0332589527982913 0.102728927573607
-0.00761278705985383 0.00318104296375169 0.0146491196351787 0.094633017542736
-0.0123768215990407 -0.00108397346801885 0.0466010420413908 0.0723624670597318
-0.0139356732248907 0.000321928519603084 0.0677600438637235 0.0497909589927941
-0.017037330575991 -0.00410491730502716 0.0781165079930159 0.0424499132903734
-0.011417543802671 -0.0123504810019232 0.072521418661755 0.044027016823616
-0.00564118217541489 -0.0117593023273664 0.0684217753011274 0.0382908222519724
-0.000947677052155203 -0.0157570613224042 0.0758252920807576 0.0423768806429875
0.0119011969146551 -0.0239779576352318 0.0971183067370807 0.051321264012749
0.0221903382501303 -0.0148501528131541 0.136367278256958 0.0417180080586449
0.0460453960298021 0.00258145851941955 0.0783011428748427 0.0503001517892931
0.030978201099393 -0.00828743282064652 0.0270295509604555 -0.0174314836779091
0.0148184219505161 -0.00793878763530974 -0.0498437765168811 -0.0234510914761391
0.0150498726965845 -0.0139808144671077 -0.0952144172596177 0.0080715116710248
0.00893508005411262 -0.0253326407745267 -0.0843608146535763 0.068420408219016
-0.00584199392574098 -0.0300046424277121 -0.0386831512888329 0.095371935100146
-0.0193397056270883 -0.0248828881728573 0.00566910548030558 0.0894375256552166
-0.0276543040517213 -0.0286721724450663 0.0381133330545442 0.0678158533716232
-0.0302207069208573 -0.0259846379586089 0.0598101829582701 0.0413200660248369
-0.0316743115222985 -0.0371605511186923 0.0755998518755717 0.0287337279661237
-0.012658698196786 -0.0534266746356263 0.0770483767064145 0.0281620691215837
0.00977183131338113 -0.053013373031082 0.0778220819068072 0.0284449224350864
0.0368370579918792 -0.0427275187233212 0.0781262610318213 0.0366836212273475
0.0628592420459777 -0.0273356895566533 0.0859863162532255 0.0446436869691084
0.0725089706587679 -0.00806566415285555 0.114860694133574 0.0355148867083316
0.0761764909076856 0.022247181947491 0.0551398559412608 0.041522163867668
0.0729525449943251 0.00697801215009958 0.0122179523250558 -0.0266816926818534
0.0541149828125133 -0.0102108058052068 -0.0569513008067469 -0.0286517599478665
0.0427271882704188 -0.0354365339733123 -0.0957213255507403 0.00330786382083404
0.0237156045459972 -0.0542581675088744 -0.0810377707168561 0.0568321069436421
-0.0044783956291684 -0.0592927166155833 -0.0424833456024689 0.079235280566024
-0.0276640679230504 -0.0496525316344897 -0.00537896084671101 0.073517899721759
-0.0391620949168237 -0.0518029238725049 0.0244584648784025 0.0532431265524174
-0.0421711209968642 -0.0475602400420095 0.0446588174024824 0.0253172794169895
-0.0435155114679887 -0.0630714072241056 0.0645395405878857 0.00774041590863615
-0.0164550661659146 -0.0860661184433811 0.0762337678795795 0.00412429315017463
0.0174160125068629 -0.0874940778511437 0.085556499239979 0.0130618997915119
0.0646347175019046 -0.0685549954604354 0.0801207060055835 0.030852001272223
0.102543038744338 -0.0323307974269955 0.069838716192314 0.0426745979881202
0.110875791127261 -0.00135788200924976 0.0793185281125222 0.0293830531958205
0.0966242548236426 0.037349492044148 0.0205597848546041 0.0224923661747861
0.108125346969567 0.0174508156563307 -0.0110966072718227 -0.0407695822223518
0.0896279175073075 -0.0160263210333757 -0.066512999711516 -0.0360912489797562
0.0649426150937737 -0.0585429009392268 -0.0927807304248232 -0.00363365392198248
0.0316991522868432 -0.0796684293060756 -0.0736969268316636 0.0391958957787468
-0.00549167432493558 -0.080730192210929 -0.0448766079571504 0.0543402067079026
-0.0337051259280936 -0.0668319030197905 -0.0188288796146925 0.0501415350347007
-0.0437561367185155 -0.0677026054090997 0.00826645687963124 0.0318230384589277
-0.0458443676115451 -0.0619044302589402 0.025533966423872 0.00393829838189027
-0.0459580804289012 -0.0800229797900279 0.0483905069714766 -0.0160016896735281
-0.0155116826110269 -0.105255520983935 0.0691104557374728 -0.0214205630458055
0.0244695531535014 -0.107384167407268 0.0885048949980575 -0.00346747099415307
0.0838117616172785 -0.0817036491896972 0.0791454833256579 0.0260361029238303
0.127318941749181 -0.0305991147157459 0.0500471369394221 0.0439750323761608
0.130291910459347 0.00772790136195919 0.0353780907387058 0.022086494840342
0.103435989698666 0.042227038421294 -0.0227813904888858 0.000690076945448387
0.125762779661783 0.0204686728461581 -0.0415979046223265 -0.051991626676164
0.109087758757928 -0.0244021144120231 -0.0752860452816991 -0.0421253501685196
0.0739680841569927 -0.0755540233731141 -0.0852671408389586 -0.0118149998482648
0.0316286856753195 -0.0939590531600162 -0.0653368158531457 0.0143439956450812
-0.00778945552401313 -0.0902085452415241 -0.0493450783043361 0.0230485295493487
-0.0358137002484702 -0.0726747647837163 -0.0333894716412503 0.0217223176697905
-0.0420518711319674 -0.072592226507149 -0.00851905439352539 0.00611523341968566
-0.0413789993589141 -0.0682086993005239 0.00678276012542452 -0.0204675382351086
-0.0382247684645146 -0.0866382352217307 0.0316141790993501 -0.0395040332325005
-0.00572359503403725 -0.109154198281867 0.061224870394145 -0.045343091404163
0.0345736303699238 -0.107635849688226 0.0885674907342614 -0.0163881329872984
0.0941799995917833 -0.0757921367950267 0.0735616892456392 0.02295023695147
0.133565434936652 -0.01714313525337 0.0275205534039513 0.0441287492990227
0.12950777440687 0.0191513332829464 -0.00871722120459373 0.0111564859072937
0.0924413921436713 0.0398465367394191 -0.0685796870885181 -0.0173143196055368
0.118205488315868 0.0184148318894973 -0.0734822802947746 -0.0542412746364229
0.105466450721155 -0.0276879190202934 -0.0816374842568559 -0.0425897068963304
0.066533209280862 -0.0764286910447085 -0.0749429205968167 -0.0198966623791918
0.0250595484344291 -0.0895368230797882 -0.059070119935939 -0.0119087829283513
-0.00921526103459998 -0.0819394730465254 -0.05624376737866 -0.00760955191765739
-0.0323506921112508 -0.0670702840555713 -0.0474374069881045 -0.00614963257378882
-0.0342472277448145 -0.0676405475440632 -0.0237320125291591 -0.01981143816745
-0.0307764898911033 -0.0655362432105499 -0.00779924783067444 -0.0455245218318861
-0.0225371786477419 -0.0819953894577543 0.0207573882041586 -0.0621864984124423
0.00923543141163697 -0.0961987511124668 0.0561472833335329 -0.0635424736462651
0.0467956973333118 -0.0883668390634779 0.0873858979005109 -0.023493119655041
0.0949217431958295 -0.0513352948846808 0.0651726636722021 0.0218292069966255
0.120532562058886 0.00375715827192988 0.00690937477559268 0.0396888004930877
0.108739551467637 0.0312147015834827 -0.0458450507253549 -0.00441701865656917
0.0640524032734151 0.030999335364465 -0.108146136926823 -0.0282363573300772
0.0881278703959474 0.0154728877914535 -0.0981577846049572 -0.0480892149168963
0.0797473703352424 -0.0215600486413484 -0.0830249672804502 -0.0410269458105596
0.0478843751320611 -0.0573936252645618 -0.0655162570794339 -0.0267941356144759
0.0165725922978566 -0.065168394210014 -0.0568620173321071 -0.0341282045909884
-0.00716911612375797 -0.0593702897816607 -0.0653336018641353 -0.0319952006604949
-0.0227928737950951 -0.0508394558635275 -0.0595869531614835 -0.0291464239265182
-0.0215317699123058 -0.0525461676436219 -0.0343753063414325 -0.0425525784625028
-0.0163546498922937 -0.0523536387562683 -0.0154707938199488 -0.0672790569191758
-0.00593639264692782 -0.0647234621434959 0.0172278530161282 -0.0800817363555073
0.0209214664493149 -0.0689301086244609 0.0588695333803412 -0.0754930993981817
0.0496891435609351 -0.0575376043650082 0.0886654863720856 -0.026453863357679
0.081646988702147 -0.0215209639849723 0.0575460971873722 0.0183707522704735
0.0906417798203686 0.0232074259098751 -0.00793127576992804 0.0289462741318207
0.0725792624195926 0.0377126028852836 -0.0707668343069587 -0.0231225821023319
0.0231922402313995 0.0224545886247104 -0.13247997998221 -0.0316968683667254
0.0427117497841365 0.0166676384304931 -0.109239859408518 -0.0380025033650705
0.0417027636470258 -0.00580761920295136 -0.0820604746758906 -0.0389646518396395
0.0246968409268985 -0.0252809145935254 -0.0611441382465432 -0.0310284974757598
0.0101278119835915 -0.0275562678461726 -0.0605440025582883 -0.0442887523812074
0.00160127408581501 -0.0269368230147024 -0.0728755772636761 -0.0428079475568014
-0.00671405363574334 -0.026861566624685 -0.0663537614516047 -0.0428321107085432
-0.00567937259407804 -0.0299921078426218 -0.0397582124654685 -0.05778538990645
-0.0019069268724689 -0.0308114537087042 -0.0161897553345413 -0.0829209396671209
0.0049703506891138 -0.0371071997641771 0.0219609502223809 -0.0915127520905999
0.0215592510073258 -0.0355983541090136 0.0654466886033555 -0.0800410796868043
0.0389313721645187 -0.0265182768928967 0.0902325374148989 -0.0257792202699432
0.0546333762133281 0.00187490296018621 0.0542033674722807 0.0149670473034399
0.0504470446076434 0.0305027556806767 -0.0129841767591902 0.0155678283943635
0.0290345838206286 0.0339551132001074 -0.0795974292465808 -0.0410190154194271
0.0098510274566838 -0.0163649353816486 0.0879963399065471 0.0473925884421378
-0.0122732485520571 -0.0209814281467327 0.0348362979417953 -0.0192325629626491
-0.0208316244617528 -0.00481519496646835 -0.0462204965396491 -0.0259457200411424
-0.0113516421657848 0.00593978665578526 -0.0945425322227552 0.0108594941525426
-0.00605013621048433 0.00419018526370089 -0.0830393059637599 0.0750065778005936
-0.00658511445645451 0.00076501349152821 -0.0329639089287702 0.101711250778744
-0.00829684925026932 0.00271675367934217 0.014279419594775 0.0931374553000206
-0.0127088532538757 -0.00106323199161506 0.0466355071923727 0.0727037865294256
-0.0141193218428443 6.6428751085867E-05 0.0672026885516928 0.0490020430973622
-0.0168846476167354 -0.00367811560498359 0.0778423258479777 0.0417163949438646
-0.011055365312274 -0.0126629515426652 0.0724997597808778 0.0441387089139453
-0.00538345885842421 -0.0123714114071634 0.068086568157313 0.0388279010660209
-0.000841628825903018 -0.0161676319378232 0.0745420832202878 0.0437975255006396
0.0117299103774181 -0.0239253412395289 0.0954455847519078 0.0526644998426771
0.0217835061362417 -0.0148065747019479 0.135453481735477 0.0424809321238494
0.0456943993488858 0.00311431878140672 0.077207427636479 0.0501906350157777
0.0310066954895507 -0.00833811073561442 0.0275103073099857 -0.0186301743251845
0.0146865517116829 -0.00732978903829995 -0.0486574812368269 -0.0248290515110217
0.0146773314302002 -0.0134858098669685 -0.0948961218778646 0.00674851411375719
0.00881452298504907 -0.0249760230477082 -0.0844536924886792 0.066942340766799
-0.0063285400947274 -0.0301809173340078 -0.0389725283753119 0.0941912824598151
-0.0190271551574937 -0.0247060071607628 0.00483519082953211 0.0881148387154107
-0.0281625620652363 -0.0286351733210616 0.0380068052996188 0.0674194691385586
-0.0302079875654599 -0.0261670678079463 0.0593531858562497 0.0408173482517813
-0.0318418692159318 -0.0368618136482666 0.0756491118654553 0.028478763086391
-0.0125066752869603 -0.0536016201327893 0.0776351325297398 0.0287972037393135
0.00968885180079212 -0.0530142936266417 0.0770918575991315 0.0293074236825768
0.0368725671089809 -0.0426913026956043 0.0764749718048099 0.0380444542879916
0.0630327879275748 -0.0276996806973311 0.0849513578724208 0.045821552778801
0.0715900441686193 -0.0069274490394802 0.114454000969269 0.0355297707502268
0.0753588494786198 0.0235313164345633 0.0542140037006028 0.0411910876471255
0.0725814359251566 0.00713036439827928 0.0123914692014594 -0.0278889332961349
0.0536481773416073 -0.00896177396901471 -0.0553785995973442 -0.0297488633856398
0.0420960207418409 -0.0344013607989713 -0.0951382290685449 0.00123000904658165
0.023278841020175 -0.053989663663839 -0.0810551978958053 0.0548765612768185
-0.00476117417304725 -0.0587332746400173 -0.0427790944755905 0.078038713062303
-0.0269551766625651 -0.0495508258361315 -0.0062182458337402 0.072737564382207
-0.0387368354640376 -0.051586904683818 0.0247846335722236 0.0530256203762155
-0.0423138880886311 -0.0478909892615587 0.0446672199190824 0.0247685543838127
-0.0433505847330274 -0.0624661606942266 0.0646627956259766 0.0075249108119061
-0.0162515444704356 -0.0863926589177544 0.0759494484999935 0.0044693909056215
0.0176263133144723 -0.087535051640027 0.0846677895314064 0.013276050322453
0.0646594030115149 -0.0683518165538266 0.0787477537120123 0.0330308633380833
0.102966370206138 -0.0317382121204211 0.0688690054960269 0.0434627162698799
0.109437614939604 -0.000411289697383316 0.0795178127424926 0.0299775978688484
0.0955285490526338 0.0383508299345747 0.0196306084873579 0.0220245069583974
0.107609017917185 0.017909141196597 -0.00988067884452538 -0.042372743210001
0.0892318788358523 -0.0151983702913798 -0.0647271085614227 -0.0374440182568752
0.064452927309008 -0.0578633855600535 -0.0920429577176395 -0.00519544114610053
0.0312779125316891 -0.079407874450077 -0.0738826930488653 0.0371614389492009
-0.00533491096980488 -0.0807560348345595 -0.0454213294559008 0.0531362541694509
-0.0329839446833174 -0.0663117613848691 -0.0190429950565841 0.0495912949173284
-0.0442109202442725 -0.0666321753553787 0.00809602617057522 0.0313738140460466
-0.0455276920800861 -0.0624091238620362 0.0252075775911509 0.0038276498439012
-0.0457763863441066 -0.0795692460850575 0.0482209456739061 -0.0162126727129718
-0.0155031340156544 -0.105122033521582 0.0694656961588171 -0.0211172213323756
0.0241674056232384 -0.107031097789911 0.0886608358833013 -0.00325107981666482
0.0834276814272633 -0.0812826078248909 0.0774092116437289 0.0277095819066362
0.127201132421817 -0.0296623003205043 0.049297870775527 0.044123360595505
0.128541727545566 0.00856405357801486 0.035253482680903 0.0224038989317857
0.101723977820241 0.0438504909358579 -0.0227968768043088 0.000216118675295943
0.124726004052508 0.0203992261274839 -0.0405952007033404 -0.0536273327493156
0.109046832296606 -0.023053649940002 -0.073619710724937 -0.0429603713589842
0.073482463432306 -0.0743599370993716 -0.0842688809508326 -0.0133051359751573
0.0313386339121292 -0.0936717909992401 -0.0652270352909147 0.0126604953941568
-0.00760681160687872 -0.0895108921385562 -0.0493762325234732 0.0225107658973771
-0.0352049276960073 -0.0725910727848389 -0.0331888637929826 0.0214480334807042
-0.0422048115861509 -0.0719909662426635 -0.00909137997629617 0.00564318245293529
-0.0409783814319248 -0.0681712728417881 0.00709287521625705 -0.0212317524680311
-0.0376206109466072 -0.0863725185944665 0.0314124283938215 -0.0398651221181473
-0.00628411412326129 -0.108960158739045 0.0605805303601345 -0.044892199583707
0.0347869500580467 -0.107127051111792 0.088280479107824 -0.0162040010607314
0.0936572490903946 -0.0750905599825082 0.0726625728215903 0.0245098219298924
0.133387011984797 -0.0173732216488379 0.0268352866681881 0.0445718994360995
0.127854194485804 0.0204190922568042 -0.00799774572635284 0.0112501892088596
0.0911645137725507 0.0408393153893588 -0.0680698563348007 -0.0185733290954928
0.118257678618323 0.0184979019486601 -0.0727308451621114 -0.056180683924197
0.105221344272488 -0.0265419638643309 -0.0792053403098491 -0.0437406682320077
0.0664021952510823 -0.075689583425731 -0.073868080429335 -0.0213516276992007
0.0249114907784634 -0.0893358243800957 -0.0590619646938763 -0.0141232518088153
-0.00886318429208217 -0.0823879053126147 -0.0566774596547061 -0.00819604358551518
-0.0321771348375646 -0.066595966271613 -0.0473637194148571 -0.00632054048726669
-0.0346782752465072 -0.0668968673575373 -0.0235795583037467 -0.0201364697179883
-0.0299452149743589 -0.0651708138701295 -0.00758028630471518 -0.0457566757174265
-0.0222138858085455 -0.0813642606100774 0.0210770121123003 -0.0619778113532211
0.00931764702328057 -0.0953317127628522 0.0568722484010479 -0.0635391480569683
0.0461320224734845 -0.0877945668837007 0.087773886393448 -0.0237326104382811
0.0945237680858177 -0.0509309759222407 0.063822488766066 0.0222580702299803
0.120478355692782 0.00397644300211142 0.0063801769903881 0.0403114812572049
0.107364333751889 0.0320483980514786 -0.0448346521311383 -0.00443195159433397
0.0627151436456584 0.0317772393372191 -0.106695006425008 -0.0301859543617736
0.0877654294174658 0.0159950076248956 -0.0963952019916311 -0.0498927785113776
0.0799014855733086 -0.0209184070588735 -0.080970948245178 -0.0416294852995229
0.0477518916291159 -0.0571400077682188 -0.0639215133455218 -0.0281221137443184
0.0163737645049608 -0.0650811200983596 -0.0567173176131636 -0.0355429813620194
-0.00649552507147156 -0.0595203648753374 -0.0654392961589644 -0.031946447231369
-0.0220683754659698 -0.049997652105499 -0.0589331032299453 -0.0284008460640338
-0.0215339779117599 -0.0516201500259888 -0.0339848578817023 -0.04294002296555
-0.0153868537337174 -0.0523339419757319 -0.0150854396774883 -0.0669182575539618
-0.00585113654433347 -0.0638468514045287 0.0178414713423359 -0.0798322339830617
0.0207368046385905 -0.0679571980858632 0.0585011183514293 -0.0752632580432288
0.0495707814007569 -0.057033399959205 0.0879112164123745 -0.0263522588169321
0.0807979463286654 -0.0206086225998303 0.056837299127851 0.0193444039159744
0.0899241880467592 0.0230235352682551 -0.0084212379435338 0.0291532935055983
0.0714370047060247 0.0384495569655355 -0.0693644569598713 -0.0232350088927622
0.0223900794318621 0.0224672173381141 -0.131242192962817 -0.0332036475984133
0.0421781871962081 0.0171008365127695 -0.107632044348581 -0.0403000388930863
0.0422963277676656 -0.00529584348870024 -0.0803431230802893 -0.0395936413283965
0.0248700567468982 -0.0245935997384412 -0.0602729110876894 -0.0323817410042648
0.0104381050373831 -0.0272223318376526 -0.0599642792495665 -0.0458663240084672
0.0019851925037817 -0.0268357003044729 -0.0732423562409338 -0.0428095304390185
-0.00665134196964701 -0.0258416749517925 -0.0665149914091353 -0.0422786949902117
-0.0056326282288181 -0.029523502713308 -0.0397734472845109 -0.0584250370750709
-0.00198204915622114 -0.0301015300616747 -0.0162078164114357 -0.0826822821043459
0.0051276567787567 -0.0364785552252865 0.0215200688252986 -0.0912272795275264
0.0216478604202 -0.0345032871729329 0.065298785113326 -0.0791365149187325
0.0393657600073595 -0.0261524857898454 0.0898743501490389 -0.0252198184280096
0.054473172671782 0.00255237103418543 0.0534252642728794 0.0157888893123716
0.0493675693797514 0.030947247571313 -0.0128642438025833 0.0155523592370323
0.0285312365000804 0.0346415501260831 -0.0788410989772689 -0.0411777957211488
0.0101580758183359 -0.0162351553184329 0.0886079533366624 0.0481551674372194
-0.012504014497524 -0.0209659557132176 0.035174811513839 -0.0207126163578234
-0.0208028327632822 -0.00467162798408986 -0.0465807280984501 -0.0276336709274133
-0.0114165389799959 0.00633817915053251 -0.0969250610410484 0.00974256176348585
-0.00577795939149388 0.00406272596933802 -0.0850650444590795 0.0753129416092437
-0.00734736766479912 0.000815569172476793 -0.0339382324417681 0.102615028414636
-0.008601180106128 0.0022535264607431 0.0138055796655428 0.0936715345757514
-0.0129210596564509 -0.00115141000745963 0.047568017985895 0.0733156717361938
-0.0141979451957337 -0.000557232671258281 0.0683153863773243 0.049852433631898
-0.0167294173993662 -0.0039960567810492 0.0795836032990453 0.0425428221884344
-0.0108838145180064 -0.0126930614380167 0.0739928607350513 0.0468871173364587
-0.00547512925210619 -0.0125311741863865 0.0678848472579558 0.0409325410806926
-0.000618308150497734 -0.0165913116819036 0.0743465294350154 0.0463794708038786
0.0117933127621109 -0.0243224237485054 0.0964576004819895 0.0556164124207579
0.0214245955653091 -0.0144054756715068 0.137385210970564 0.0439908586853873
0.0465947326699252 0.00374963924405993 0.0782137400880739 0.0509002267955645
0.0310314930395971 -0.0081738098646795 0.0278029661309186 -0.0194709952620238
0.0149003116095527 -0.0070521397483728 -0.0488611282934274 -0.0266076445534769
0.014628830916726 -0.0131655063274849 -0.0964767992561199 0.0055056111564707
0.00856907905282596 -0.025535629039576 -0.0859351720709352 0.0673705558684275
-0.00697089715806528 -0.0306076542646671 -0.0402876263688416 0.0952763786127309
-0.0193473460630543 -0.0253929246544491 0.00454065604965346 0.0885332400601934
-0.0286368430993747 -0.0295504519663951 0.0386082009255545 0.0681179625879068
-0.0305811117011788 -0.0276811836362944 0.0604946216387538 0.0416789448867546
-0.0318195883395289 -0.0377884342923805 0.0769324566219522 0.0286562920627583
-0.0129777907990439 -0.0550400948666537 0.079102315514935 0.029758241217196
0.0101517772936597 -0.0543958140694205 0.0775683805532369 0.0308779500007051
0.037983936140101 -0.0433524073132956 0.0772898743062153 0.0407231040156541
0.0635783243834352 -0.0283690459338363 0.085597963601788 0.0482983953740516
0.0716414303314206 -0.00699251241776773 0.116564779567762 0.0370106001796746
0.0768094987776175 0.0249623804170283 0.054754180447322 0.0420870615114201
0.0736479243875506 0.00741382869518527 0.0132092045119708 -0.029574324762923
0.0544803666991888 -0.00834130716480287 -0.055277700692436 -0.0318752698981401
0.0432970955691677 -0.0347214405522353 -0.0966454525350645 -0.00016185027459044
0.0233868305885215 -0.054872428533863 -0.083101213015735 0.0544340313500592
-0.00509011214760068 -0.0599554894699493 -0.0443272449875949 0.0782885492546975
-0.0277562413472314 -0.0506291058985545 -0.00652209267881896 0.0737039213086684
-0.0399957131181057 -0.0521585963073776 0.0249361892132587 0.053570513056275
-0.0423412477344689 -0.0490718627021759 0.0449526714453043 0.0251875313588827
-0.0433416065087118 -0.0639531168309242 0.0656408612363312 0.00729292008081449
-0.017302033031054 -0.0876688911133914 0.0776542218550966 0.00543973000482468
0.018020257384039 -0.0891358370590616 0.0856528542715634 0.0148231607391018
0.0665657480118805 -0.0692591682620562 0.0792257046368052 0.0347550188805152
0.104909955012967 -0.0322681547013009 0.069125536231572 0.0457793849273979
0.110236259752635 0.000698862061198386 0.0802398010587216 0.0306529223307085
0.0965212695536315 0.0407837611143465 0.0202712593587876 0.0216671244280961
0.109231878056536 0.0186564548152348 -0.00962119672524701 -0.0445757044102531
0.0908067635376213 -0.0142993588916159 -0.0638899817564614 -0.0400579846311225
0.0657666728277894 -0.057823358918819 -0.093633330744288 -0.00712121777303052
0.0319102707879675 -0.0804276983279075 -0.0752819098657925 0.0360809681188403
-0.00545404863447297 -0.0824871887940542 -0.047173133943588 0.0530266740631165
-0.0329352562751093 -0.0678298208808442 -0.0196103374621486 0.0503085383524261
-0.0447544733491793 -0.067829218083289 0.00782637352305922 0.031344056923546
-0.0465189557397911 -0.0633625993678354 0.0257158077217688 0.0031983406052778
-0.0464893319075066 -0.0809156330613553 0.0492249664206012 -0.0163572898788972
-0.0162846295261957 -0.106934465705545 0.071034486291248 -0.0218596977280561
0.024249617780516 -0.108448067744837 0.0899058545009658 -0.00240723214620779
0.0851767273641006 -0.0828208114868008 0.0782918831872698 0.0298059008536065
0.129891121996993 -0.0303891411405979 0.0487603699202918 0.0462991025426872
0.129709083125493 0.0102813284967555 0.0364976369560216 0.023023557967467
0.102787049479296 0.0463933507637078 -0.0236502278607381 -0.000896724030574291
0.127146904678159 0.0211439346270323 -0.0401787897832078 -0.0560871438332089
0.110805255244696 -0.0223330877388177 -0.0721188939063086 -0.045276295886681
0.074902158480033 -0.075034971384303 -0.085674585913255 -0.0153341646555458
0.0319968631513661 -0.0948024280865938 -0.0664985769680641 0.0104052710405567
-0.00815575206394114 -0.091628183706679 -0.0510153672223158 0.0221348478964981
-0.0348969566236018 -0.0737177031374854 -0.0334333226353147 0.0221452978362202
-0.0428274562225689 -0.0726581453417409 -0.00929790790403942 0.00508479521912646
-0.0415495045388595 -0.069262895020149 0.00684407587199802 -0.0217155407971843
-0.0379685265412707 -0.08783315089683 0.0322511969006415 -0.0412568927091277
-0.00641350552714281 -0.110001886539978 0.0618454005285321 -0.0455291982525674
0.0351583171796142 -0.108096601044238 0.0895754938642901 -0.0162138067037612
0.0958928509655407 -0.0761744305021383 0.0726439675931603 0.0267073892829848
0.135803507294759 -0.0169284401028519 0.0259551498164068 0.0458945738744752
0.128669030287774 0.021813312066667 -0.00741188695999579 0.0117612906320996
0.0914259677222009 0.0427072562789762 -0.0693124907000239 -0.0203078252938383
0.119835755938794 0.0191442884487126 -0.0725355237260739 -0.0596524492349215
0.10723615076569 -0.0265071318629849 -0.0786969442779428 -0.0461896177282284
0.0680074154118191 -0.076475337972424 -0.0745626974160983 -0.0234733812760527
0.0256670464163482 -0.0903210048176546 -0.0596810824998543 -0.0155340407423166
-0.00925998392568026 -0.0837924790730091 -0.0585679597523383 -0.00858206989424688
-0.0317073983383204 -0.0677736021967831 -0.0475272123530185 -0.0058741648454514
-0.0347794067945621 -0.0672711022123285 -0.0240966932737815 -0.0212849671870596
-0.0305771578661127 -0.0659066162208812 -0.00724237669696319 -0.0463055825415062
-0.0221242857157562 -0.0821790707453069 0.020952886412728 -0.0631129901268851
0.00884883605955729 -0.0963784504941243 0.0576654525981525 -0.063521820673921
0.0470585642588883 -0.0881503241054113 0.0887201336651749 -0.0237433118616115
0.0954839991713318 -0.0512867162079653 0.0638515450564553 0.0240932125424697
0.122270073839434 0.00467162474723086 0.00577790608976433 0.0406435201416614
0.10697531089737 0.0341632109665833 -0.0446210794544473 -0.0042646484904414
0.0629155222149007 0.0336678348450858 -0.108173420122027 -0.0321343433319272
0.0890018967498336 0.0162433600439609 -0.0977322871073007 -0.0530827132113768
0.0810329045183713 -0.0207984992211965 -0.0810306868583142 -0.0439744661648512
0.0486531509595372 -0.0575884361744308 -0.0643784115811341 -0.0302184993694019
0.0162478358248731 -0.0655834501980057 -0.0578110022177502 -0.0374084210317893
-0.00681597407790901 -0.0603044206488013 -0.0674019546555116 -0.032393677328136
-0.0219135013405831 -0.0509033281402039 -0.0597717961296008 -0.028960139118886
-0.0219637062287918 -0.0519932054793097 -0.034623952142316 -0.0441100158218062
-0.015761542678051 -0.0524361039678998 -0.014983130826158 -0.0685549047415509
-0.00577112859670289 -0.0647135727339127 0.0181640211639101 -0.0813847966219305
0.0209977711185899 -0.068669270137444 0.0605453769470107 -0.0753075231378601
0.0502578665997481 -0.05653674181894 0.0896091669097308 -0.0262015579192308
0.0816563681092067 -0.0201205867268281 0.0567083971824063 0.0206583661854947
0.0916947164399023 0.0243293925634674 -0.00903560420118952 0.0290765360222957
0.0719045453969146 0.0404220025627563 -0.0691096714523991 -0.0231397584042938
0.0218084704855998 0.0235931062061096 -0.131964004692417 -0.0357243917456761
0.0425989684761833 0.01779640349242 -0.108428628747533 -0.0428117562646925
0.0428007997147928 -0.00517015208540156 -0.0813502129065661 -0.0415519741489616
0.0251954485822583 -0.024942342043333 -0.0597193395978089 -0.0344474743859069
0.010569763541039 -0.0276914025175225 -0.0610932008270848 -0.0478539659138097
0.0020317255019793 -0.0274286953159272 -0.0749046563324397 -0.0430029917145721
-0.00605474816287664 -0.0267217841058821 -0.0666639058752213 -0.0428129163478337
-0.00594601602140952 -0.0291085716919872 -0.0403787572831662 -0.0594160033793196
-0.00220216376801205 -0.0305647152443452 -0.015841614119446 -0.0838577142298274
0.00489665004838742 -0.0367890273875965 0.0225908635607146 -0.0922301241088308
0.0219781702550359 -0.0345261131246031 0.0667133505260646 -0.0798506835066271
0.0393918575358434 -0.0258695322855683 0.0911139975033359 -0.0255986728067709
0.0544105775274311 0.00310666038402721 0.053631705698176 0.0171166126158109
0.0497918627984254 0.0315326896049547 -0.0134279017049524 0.0158977907176737
0.028184186894783 0.0354071370415947 -0.0784696157138174 -0.041068509000292
0.000231587139346505 -0.0194579825207597 0.10142570980341 -0.0163093912659566
-0.0223863612471773 -0.00945715504077905 0.0147236332126598 -0.0400671586978754
-0.0200213464377364 0.00872467093893636 -0.0565626829051192 0.00625145208334814
-0.00559613824840127 0.0124484532844747 -0.0742708990413563 0.068440187707227
-0.00211762168004343 0.00720407969455422 -0.0229652464310542 0.113455522651931
-0.00496175858330431 0.00530978156674992 0.0358349443940394 0.105043023288429
-0.00575270657413255 0.0062468937654889 0.0696231327626196 0.0682333638291616
-0.011926376203921 0.00689353770177646 0.0841289902705813 0.0303408902664904
-0.0117527168466861 0.0081328185477862 0.0870771621175864 -0.00249597694435162
-0.0159427418250147 0.00680888413563934 0.0926582458444646 -0.0146574650858665
-0.0165226281097931 -0.00433675515523824 0.0898480741874108 -0.00847370726337117
-0.0119416374820645 -0.00796590583852376 0.0818630240972164 -0.00740233118640443
-0.00982180352454223 -0.0147511727082588 0.0907376820153816 -0.00770386625740574
-0.00476026075335153 -0.0285998967542939 0.116559268922841 -0.0159542579444609
0.0107230203488985 -0.025467475849772 0.142068974749941 -0.0510137468648717
0.0422571356440351 -0.023461691880483 0.0951121834397892 -0.00971054527436265
0.019792722701829 -0.0246260926325172 0.0103702114482086 -0.0357172948347019
0.00773556693919683 -0.0141305782440474 -0.0566990767386049 0.00641847047617997
0.00350531593075862 -0.018873207027967 -0.0772720160790122 0.063066231279085
-0.00796913844646409 -0.0259554523688612 -0.029698140992932 0.10708942570226
-0.0241704659395694 -0.0207338233255887 0.0252124103050707 0.101194199342982
-0.0314486428224951 -0.00936646345757132 0.0587493290725274 0.0702153076615633
-0.0423662532151977 -0.00583507871962152 0.0740013654376869 0.0315453537660875
-0.0425986621780628 -0.00362694834308535 0.0754371466091392 -0.00503521199332353
-0.0499530506671603 -0.0118967527997465 0.081784805636156 -0.0247430312852259
-0.0457459029128976 -0.0374975785993087 0.0836353310353206 -0.0245401636674914
-0.0248600136579662 -0.0528137042424669 0.0831271600579539 -0.0219856327658243
0.0055679739265624 -0.0631214396234564 0.0888444567282459 -0.0130377193105014
0.0364870709503279 -0.0655451314555843 0.103240964996778 -0.0124966932942238
0.0584262516043134 -0.0516685326337884 0.119077687397794 -0.041892402653429
0.0795943235263346 -0.022211838547579 0.0711996697257593 -0.00586420432494284
0.0641860763501895 -0.0368266304832278 -0.00573011012464973 -0.0352693830615357
0.0394808889958384 -0.0387145170788725 -0.0639744789055768 0.00333247663512585
0.0144034892248904 -0.0522375801666923 -0.0810317856484134 0.0569257376873415
-0.0135160185255784 -0.0580658290360069 -0.0353352547608584 0.0939910064005084
-0.0404523232179612 -0.0455274810241674 0.0112683890721344 0.0895704042251772
-0.0531142030880622 -0.0244295820088823 0.0398827895478762 0.0646050977710916
-0.0656131052969573 -0.018051792155071 0.0538544695287305 0.0277535980778769
-0.0657774413136867 -0.0138125786844709 0.0531353168817418 -0.00875319640634889
-0.0764447697411628 -0.0257471690705921 0.0588973283942917 -0.0353690079251994
-0.0703961807894769 -0.0628152026764237 0.0666725697940797 -0.0439731894955967
-0.0400175984041191 -0.0865873851905717 0.0798134475075223 -0.0404921875267499
0.0129022738440119 -0.103523834036988 0.0867892137530121 -0.0193078981188431
0.0684117098655815 -0.0960713175577095 0.0875379759642807 -0.00318903486453667
0.0950010612526288 -0.0701978511863508 0.0841889360960708 -0.0221506644757117
0.105324042536335 -0.020120689718481 0.0311806625472891 -0.00181714010972044
0.0991242841052543 -0.0481726893124726 -0.0326918684082681 -0.0342058337569156
0.0659389904059709 -0.0654457265327098 -0.0758019563267523 0.000451541921705614
0.0195849658858809 -0.0841691413071881 -0.0830488052596004 0.0471854694450139
-0.0220557971097712 -0.0843098743963372 -0.0414186503532119 0.0735253971058264
-0.0544530396069724 -0.0633758818184747 -0.00673736062153829 0.0706380594228369
-0.068067112822386 -0.0347663106369612 0.0142648966028003 0.0536694284973423
-0.0790340684513677 -0.0275497504790676 0.0257514834370741 0.0204027078895669
-0.0782721938076272 -0.0234114459589921 0.0235863924241957 -0.0148235309832189
-0.0899255201922593 -0.0380548075254855 0.0295228815725381 -0.0451030927353566
-0.0821901899159081 -0.079178254240704 0.0441007281363197 -0.0612028697950927
-0.0468792608290024 -0.107376340597781 0.0720426400423309 -0.0571659342191891
0.0205115189246312 -0.127060514610234 0.0829129839491989 -0.0224935387144524
0.0905944331587358 -0.110027432637971 0.0710608902408612 0.010880288847257
0.11690845498843 -0.0744072211163846 0.0421211208654357 0.000190138592215825
0.113508547673486 -0.0187581823518562 -0.0182578309865603 0.00575801870764946
0.115410118469954 -0.0565453020754474 -0.0646086237614081 -0.0248879290615211
0.07751583931209 -0.0835488399152429 -0.086193729605257 -0.000160837913295153
0.017203783670233 -0.103469038780616 -0.0821864112143554 0.0343954131987473
-0.0307219133059661 -0.0961857573589168 -0.0496106385709147 0.0476720715024397
-0.0618238761042972 -0.0693839408040955 -0.0299332924159493 0.0477533168506074
-0.0734641695976282 -0.0385223802219113 -0.0148921098734886 0.0394159140326827
-0.0807451650337098 -0.0327221125317134 -0.00457621763235712 0.0103487636287141
-0.0781114320464321 -0.0315688365210364 -0.00764633952121851 -0.0224077495632763
-0.0870574584360476 -0.04857716566428 0.000530684407633806 -0.0545024732997057
-0.0760737763884271 -0.0878240637079995 0.021159992691181 -0.0749982519488753
-0.0384448603376029 -0.113753419444002 0.0629613089969652 -0.0685105596791367
0.0332455754725454 -0.127890729670645 0.0752372951802779 -0.0216384355105699
0.103733142636496 -0.102298092565765 0.052239920844578 0.0256854829551371
0.12328860630587 -0.064307021788621 -0.00242582870836756 0.0195042750784554
0.101323988071023 -0.0153307469316315 -0.0675948699645158 0.0187685939103123
0.108014290075277 -0.0536081772667997 -0.0929295735616487 -0.00757559162058539
0.0718863690566182 -0.0844012448241467 -0.0913143817125661 0.00326239009617512
0.0104471940795228 -0.100794335140145 -0.0774489142401248 0.020657418528263
-0.0334347327958092 -0.088115707226266 -0.0606830394343681 0.021875376769601
-0.0585693493516945 -0.0626138764909558 -0.0549416179270007 0.0271605607264511
-0.0669345025204277 -0.0349732396182573 -0.0438384840310338 0.025216344072642
-0.0707968603068689 -0.0337501874949177 -0.0330525894642491 -0.00259853765747453
-0.0672658849588262 -0.0355621830107231 -0.0349001481204041 -0.0339236496959934
-0.0710575812178219 -0.0538942367906922 -0.0223690325278641 -0.0653160886758816
-0.054067848911364 -0.0862605598953871 0.00643322073596852 -0.087781243431205
-0.0156214915415262 -0.103905808665195 0.0578399704413904 -0.0741705958181552
0.0494356692649624 -0.105678873420053 0.0670461608347738 -0.0190193456200548
0.105845319075981 -0.0750270707929224 0.031079666861594 0.0340724107444137
0.112344621927548 -0.0403211323340689 -0.0435894430092521 0.0289358359564953
0.071780052280897 -0.00630284818647481 -0.106903457818821 0.0353320919278075
0.0810577825764099 -0.037580919121095 -0.110328913095077 0.0138055243026643
0.0541405599990598 -0.0647239547253365 -0.0925661975423814 0.0072218001790954
0.00533723469013302 -0.0744795655257534 -0.0730179863546934 0.0102813409381775
-0.0260097906248707 -0.0626718962928536 -0.0721891171992093 0.00312869502207132
-0.0420503201670404 -0.0451765889753642 -0.0764268252510111 0.0142918591097739
-0.0487916668077773 -0.02745765977656 -0.0681288718975712 0.0139581454561932
-0.0508282297648178 -0.0288122961558871 -0.0560089409577196 -0.0140156084012975
-0.046355881582282 -0.0334619959067309 -0.0554901103415201 -0.0470419240715176
-0.0459715134044409 -0.0491320713951068 -0.0353316870677669 -0.0782519727607313
-0.0263382861664605 -0.0711597421444076 0.00135808239675225 -0.0986986065274514
0.0070095922195293 -0.0797505254814562 0.0567398060840055 -0.0778084076373526
0.0570120915642214 -0.0706136463887501 0.0584656826831327 -0.0177544384753541
0.0926079285976387 -0.0383680585705647 0.0110764017593573 0.0329982404312527
0.0858929356492654 -0.0124539488441277 -0.0750392349773594 0.0271524189536502
0.0308314422215527 0.00846130336643471 -0.129012803205396 0.0501452693173486
0.044291947580506 -0.00991681395230938 -0.113883681776954 0.0303808464639391
0.0317620975912672 -0.0294714390732119 -0.0915939431406717 0.012216635354421
0.00557965775436322 -0.0342613224973838 -0.0711983963811052 0.00568571019756478
-0.0081574672191136 -0.0281599066601324 -0.0809689383690805 -0.00237287351082669
-0.0145508236517577 -0.0229470967514675 -0.0882916333104192 0.0103010187621253
-0.0210039923932581 -0.017297517297107 -0.081938478930873 0.00683035936435877
-0.0230266640789839 -0.0196018897859737 -0.0701761863360458 -0.0237360778894633
-0.0212423905202704 -0.0244455212372904 -0.0651717556904752 -0.0587179207713967
-0.0192655399428227 -0.0335406513790721 -0.0384907811158441 -0.0897273736304783
-0.00336526278486717 -0.043797421228226 0.00443454789563205 -0.106590604923703
0.017614730084006 -0.0467065167952958 0.0580459269700594 -0.0777143430827631
0.049608555445938 -0.0333282782156016 0.0537309122954145 -0.0193829894094666
0.0619907025351013 -0.00504349133171712 -0.00122432193355377 0.0239793516601551
0.0457679799224205 0.0119059166042367 -0.0931518085950403 0.0175299725767413
-0.000817106409397334 -0.0206133177075534 0.104658319823508 -0.0209450002199972
-0.0236657101318263 -0.0087183452408037 0.0128227965713426 -0.0433690862448713
-0.0203516758668564 0.0099984797907951 -0.0587199685642472 0.00759375766331359
-0.00532499155044854 0.0131568102444185 -0.0747607522284724 0.0731789817508311
-0.00149803416615845 0.00733907497522071 -0.0193789987101654 0.119395521905386
-0.00587052460769981 0.00607033039725217 0.0408340515433436 0.106785653004826
-0.00617235821462659 0.00726830831367495 0.0741133274487065 0.0673938058932308
-0.0122540563234031 0.00783345055250639 0.0886091755617001 0.0282516596391902
-0.0126719423044322 0.00872842928490578 0.0899023019933213 -0.00560711971439945
-0.0162540459654818 0.00740327999031795 0.0954467596824441 -0.0193164587223498
-0.0176650196497874 -0.00388566390055781 0.0936584403783563 -0.0121372077730352
-0.0126325750566432 -0.00798126434849237 0.0848767169503937 -0.010009491059747
-0.01111952252259 -0.0152924929611567 0.0948524624027371 -0.00990906347842141
-0.00665588519498115 -0.0293137046694846 0.121185392023758 -0.0197992727575565
0.0107223403294863 -0.0262289209091203 0.144842774065718 -0.0587166448603699
0.043056602184284 -0.0255652643413774 0.0982972172175872 -0.014289184523386
0.0201026760910004 -0.0262229899711505 0.0089259913183702 -0.0382163829849187
0.00795317601930008 -0.015062073878055 -0.0595752494330436 0.00711042839069217
0.00337484099329131 -0.0193492238647867 -0.0784921194925893 0.0680730513598228
-0.00965918645513556 -0.0262256086636247 -0.0273312227290164 0.11188187208102
-0.025914890689975 -0.0202715337715393 0.02962069534699 0.10386694953257
-0.0332078839734036 -0.00834122730088926 0.063576789112911 0.0696709225593236
-0.0443453611327902 -0.00444570128131749 0.0776870451394388 0.0295628710995605
-0.0446384398899275 -0.00198434195445566 0.0777415846247724 -0.00825609018171133
-0.0523822646469112 -0.0103350444861809 0.083226507865137 -0.0295493234573355
-0.0495305509123207 -0.0378403198322494 0.0865681394365896 -0.0290754011787167
-0.027997163059069 -0.0537198957758839 0.0856784962904844 -0.0249407147406409
0.00294054437056187 -0.0661577648642235 0.0929709194114453 -0.0153003824037762
0.0350584514431188 -0.0699380737796257 0.107065325421975 -0.0166453046934118
0.0587833064694216 -0.0550169922742541 0.121143143149122 -0.0475201834434091
0.0822060444477106 -0.0257693053537802 0.0732617025753272 -0.00853198747618301
0.064703900591732 -0.0409738547234842 -0.00834287840539066 -0.0377013143909016
0.0407461627578962 -0.0417934983591811 -0.0668312757479329 0.00437509030440561
0.0131496769460052 -0.0547096306817548 -0.0823160933409839 0.0618330073957732
-0.0168517376458033 -0.0596435207649515 -0.0335320490590952 0.0984862668657523
-0.0443961977336634 -0.0453321502640415 0.0142836021031015 0.0921839658163689
-0.0566225014869902 -0.0232900406240376 0.0438239180842958 0.0653749387951275
-0.0687766403402662 -0.0157135324870202 0.056521753071779 0.0268558088193944
-0.0693267202173464 -0.012126772897721 0.0541721003329084 -0.0112632325215891
-0.0807877206472738 -0.0239800621084535 0.0589497047843515 -0.0392603470603811
-0.0758039614272731 -0.0623460676163699 0.0677900043808015 -0.0486717765634579
-0.0458818173409024 -0.0881907758450922 0.0811722242342747 -0.044045432543921
0.00923317914796124 -0.10806886834652 0.0903294148013954 -0.0212169175289358
0.0665935828954995 -0.102769844625473 0.0912049166460977 -0.00564483736391768
0.0962759936885088 -0.0749951695574262 0.0861276580216369 -0.0265466253512061
0.109115666149876 -0.0246411983889613 0.0315913064466411 -0.00356131866505622
0.100629160575439 -0.0541271432657496 -0.0354545125580929 -0.0348650711854008
0.0666028261413232 -0.0699388829088074 -0.0781950779356122 0.000827456130242627
0.0173364360821759 -0.0880075478677105 -0.0855382203045127 0.052080519377573
-0.0267568813616662 -0.0861240370577557 -0.0406291231290139 0.077707212232645
-0.0594101916535468 -0.0633099594505982 -0.00563872223178738 0.0730754948422657
-0.0721678242478644 -0.033620899249844 0.0171725633998162 0.0551081047464294
-0.0834009780520178 -0.0250012967975571 0.0271092091263306 0.0205058524577071
-0.0817889370015514 -0.0209952405154344 0.0232352350911159 -0.0158439752443395
-0.0953166418019993 -0.0357279020268958 0.0283481851099221 -0.0478874679173201
-0.0889933538174746 -0.0786537512255545 0.0432506331289854 -0.0652563982679498
-0.0533343081609002 -0.109499426735391 0.0726945938176334 -0.061482332257154
0.0157286101429977 -0.132820815984067 0.0858293104593155 -0.0247339649915029
0.0894411484668051 -0.118668682650178 0.0739490532107505 0.00953494619280107
0.118498140963737 -0.0807491489215051 0.0435253760946287 -0.00219369340311551
0.117709060315713 -0.0228115071377817 -0.0192900064972197 0.00587100497410999
0.117099894586819 -0.0629373790020643 -0.0686059324978558 -0.0243560020634462
0.0777039504997862 -0.0895889973049973 -0.0882693881895 0.000841548971495385
0.0137661646517438 -0.108124662392295 -0.0842362863766883 0.0380646740586572
-0.0365473776733265 -0.0978650896717755 -0.0507629439963288 0.0508037197485249
-0.0673583742985104 -0.0691377056722044 -0.0299162454159098 0.0503287754615747
-0.0777108788978036 -0.0370004616076862 -0.0128665283493003 0.0416036785564529
-0.0852194390119726 -0.0304690446101665 -0.00415464246567928 0.0102016141726616
-0.0821144010151341 -0.0294774814581855 -0.00930408609798093 -0.0234446469050029
-0.093003593119799 -0.0468650732681415 -0.00220225223569743 -0.0566835101636714
-0.0830799585441357 -0.0875235197483259 0.0194944361398295 -0.0793518865597138
-0.0445131046274773 -0.115693197461734 0.06274447831277 -0.0736177189479919
0.0291701485834116 -0.134019174214536 0.0781274865256705 -0.0239671881850458
0.10319247599618 -0.111362757897272 0.0550807582067582 0.0254579125791679
0.125397928471795 -0.0699267081219163 -0.00126185814129358 0.0198449664291912
0.105431560540077 -0.0181401605030847 -0.0699001920690833 0.0210755287366476
0.110046588181867 -0.0598900527242182 -0.0971491091188087 -0.00478519232643703
0.0721437633356056 -0.0903226089533288 -0.0940643582777747 0.00488450122862961
0.00665439550432228 -0.104368476948746 -0.0807099164943858 0.0235908544792055
-0.0384974556455453 -0.0897472436593443 -0.0632118134352679 0.0239384271510792
-0.063271519424512 -0.0622790205475219 -0.0566036513018605 0.0303599150705467
-0.0711850572069333 -0.0341583474846277 -0.0435941826431049 0.0280519738083086
-0.0748714032392737 -0.0316694618196945 -0.0350806525014394 -0.00106743403236136
-0.0705799558040014 -0.0339616134418309 -0.0385315556991684 -0.0343691433117007
-0.0763856898727345 -0.0529178568813529 -0.0264578640312738 -0.0670420245393323
-0.0599039713920026 -0.086791891530605 0.00315052335074506 -0.0914822570281313
-0.0202553184358956 -0.106645071124209 0.0573708324361868 -0.0796047515579369
0.0466202377556925 -0.111810441388026 0.0695269720111559 -0.0210406892999623
0.107169564083276 -0.0824457190120635 0.0329180335633249 0.0351196543911471
0.114770195766892 -0.0451896300569327 -0.0430803748647615 0.0311586964142919
0.074420715538412 -0.00848649014939492 -0.11047403505238 0.0396622829429465
0.0826283280687791 -0.0424269914055429 -0.114206163869681 0.0172007940127616
0.0532201652889016 -0.0694238221244408 -0.0951887056987833 0.00986709315263623
0.0018821509311148 -0.0773897778423379 -0.0760187994551203 0.0118029351338643
-0.0296149744455282 -0.063502285302327 -0.0755547725636363 0.00518789332814256
-0.0458030074685941 -0.0446945736746333 -0.0790417202192361 0.0178695432939594
-0.0515546415749742 -0.0265180071983048 -0.069299263827493 0.0173148053914958
-0.0532185895195299 -0.0274372043301792 -0.0595265062618666 -0.0125958390046635
-0.0490679766477694 -0.032353598309945 -0.0597206763357875 -0.0463419133280796
-0.0500221401528558 -0.0488391368432314 -0.0397614938562913 -0.079890288708788
-0.0298866033535648 -0.0719882213278379 -0.00194592895326082 -0.102305667215634
0.00432582606463483 -0.0823387901918279 0.0554402789488066 -0.0823403270775826
0.0563920391410314 -0.0747620767416083 0.0602286462959568 -0.0194507437869445
0.0943893486223772 -0.0432319983576652 0.0127187296962421 0.0346477564974428
0.0884430579498554 -0.0154227344012417 -0.0759109585705966 0.030838905439685
0.0322095249533689 0.00815335555520376 -0.132680282839489 0.0557333465323361
0.0455523324118361 -0.0120752788958571 -0.117183121463183 0.0344958667045654
0.031096253388661 -0.0322163782153455 -0.0942610926432945 0.0145893866910249
0.00407574584101914 -0.0358241992590288 -0.0738109004201228 0.00677439357673906
-0.00984072181959541 -0.0284539912804256 -0.0840629777342173 0.000186158862168883
-0.016276267509437 -0.0237506215126106 -0.0912305821038455 0.0155717015736893
-0.0221097400502831 -0.0174182006895059 -0.0843629761775239 0.011299139825075
-0.0244201105694606 -0.0193841335784721 -0.0740691657521873 -0.0214997581435936
-0.0222235041542787 -0.0239124966699305 -0.0708152687776537 -0.0585071560568121
-0.0210764960985223 -0.0335992120177537 -0.0434889289112106 -0.0916047209532055
-0.00497900002528063 -0.0450540391157788 0.000739166033290827 -0.110752752943493
0.0164878274079813 -0.0486202599858127 0.0576867957788035 -0.0826556793679722
0.0497888368964926 -0.0358603700117369 0.0550972677753268 -0.0210446699183812
0.064065933685068 -0.00724309775565686 -0.000185275888723419 0.0254666406811674
0.0480189699612336 0.010667309685772 -0.0952019217218324 0.0213694512256996
-0.00190967224052185 -0.0210178449602747 0.104975753439083 -0.0285227051479134
-0.0242332098451973 -0.00757083578328172 0.0090494562633538 -0.0456695654302953
-0.0195699042530354 0.0111333197856784 -0.0593768557909488 0.0107915399918246
-0.00503674297841264 0.0137509490834842 -0.0720792596738077 0.0792741328667477
-0.00147558773819005 0.00768312251738899 -0.0122651764793067 0.122092633998353
-0.00568371569525344 0.00662001149854114 0.0476380736919669 0.10617154865373
-0.00629700149310887 0.00737304770699756 0.0787639473398211 0.0634534912076847
-0.0123013853809785 0.0090616723255112 0.0914912094872767 0.022981908625577
-0.012188289043333 0.00960274438120646 0.0905045796687804 -0.0120549483222681
-0.0163363645373429 0.00803171251972984 0.0967822378294955 -0.0261865267607959
-0.018547001860153 -0.0031005739788634 0.0960107823960816 -0.0182946508927511
-0.0133419003809003 -0.00717494927031921 0.0861491492440166 -0.0135469097771329
-0.012488520780165 -0.0149360641277076 0.096878448904702 -0.0143490037388821
-0.00885840718089501 -0.0289710453362137 0.122830956505526 -0.0269991161268511
0.00985132243980549 -0.0270627596437778 0.143405206069651 -0.0684557451887757
0.0427242001927912 -0.0286189802398895 0.0990235362406876 -0.0205933015717378
0.0188872355986156 -0.0280261937543289 0.0051313067325318 -0.0408280078204317
0.00774295557011541 -0.0159237022211004 -0.0597139309517105 0.00994157623865659
0.0027191964337427 -0.0195417372415367 -0.0758268994697424 0.0737652837053831
-0.0111819569815695 -0.025727239331148 -0.0207058831060545 0.115874371131341
-0.0277713289205144 -0.0185412138432181 0.0358346160491689 0.103737878286573
-0.0351087006121109 -0.00661410953921668 0.0685774625822756 0.0665522150013867
-0.045406340719059 -0.000904310275937688 0.0805511063226568 0.0252370822896867
-0.0459083521135563 0.00114781522400851 0.0781709828068669 -0.0136616365077112
-0.0543556540925129 -0.00730828853996126 0.0827459819122577 -0.0353559358343951
-0.0529623721091089 -0.0351243031412094 0.0866498989894852 -0.0352018747106219
-0.0318140033073046 -0.0526154825985297 0.0860005819919008 -0.0299404049907343
-0.000605473234447816 -0.067700798255814 0.0945752423193574 -0.0200840464841093
0.0311895730147976 -0.0730847700254137 0.108106068750083 -0.0223399421770547
0.0566795003727096 -0.0584177475082918 0.119971314844305 -0.055905490561501
0.0827811413984112 -0.0309414606958301 0.0737170232572685 -0.0136544087397497
0.0629463734067918 -0.0457723561146789 -0.0123025971545086 -0.0381181603675368
0.0390425749181286 -0.0453442616967289 -0.0676767876746995 0.00730674579845727
0.00994441352951457 -0.0562856326416106 -0.0806199895603525 0.0675083747776442
-0.0209078320307178 -0.0587095159577538 -0.0284504299538386 0.102178797443272
-0.048350997098026 -0.0427801071768457 0.0198116366062341 0.0931097905348243
-0.0590448306271284 -0.0197161062541922 0.0485080609809218 0.0632124983737834
-0.0712717954182112 -0.0110032760398482 0.0590463107456678 0.0237435563231092
-0.0709201438833871 -0.00758641456869887 0.0535004879929319 -0.0148863927204009
-0.0835157248991623 -0.0193450758992958 0.0568354631517653 -0.0443933018176244
-0.0819884424965069 -0.0580771221989684 0.066335803914071 -0.0542656446525086
-0.0522203602382686 -0.0869630832390129 0.0799128933566683 -0.0490323372256853
0.00235512786814596 -0.110504326260685 0.091819203802916 -0.0265059894425239
0.0613521166665586 -0.109570718908704 0.0925089655594455 -0.0107061631502967
0.0934065210077212 -0.0814484437455106 0.0859514614610719 -0.032631162326498
0.110846255633753 -0.0307557203688067 0.0316382560781827 -0.0051344511694116
0.098767503448496 -0.0619225190935459 -0.0396934373328869 -0.0340721068791701
0.0638280467856271 -0.0753602990353747 -0.0801904526449607 0.00392459732441302
0.0120058455782638 -0.090559953126288 -0.0840665296209651 0.0570543596581891
-0.0331360362428837 -0.0854229709182354 -0.0375239033330477 0.0810536433549152
-0.0653516194767169 -0.0602299283301706 -0.00133684472501871 0.0752087556349155
-0.0755512645386652 -0.0297048794967643 0.0215281947905093 0.0550513006253501
-0.0864684205192993 -0.0194132352730954 0.0288456508798128 0.0190047820461921
-0.0851702385387371 -0.0164719560107352 0.021603420558729 -0.017669326992094
-0.0992162374350055 -0.0305124670970076 0.0251295965809345 -0.0510305531127525
-0.0958969547079618 -0.0736993556338627 0.0401759273219304 -0.0698463315001339
-0.06186615498585 -0.107585498525169 0.0695645917713872 -0.0670178830806764
0.00728478453259246 -0.136191381461034 0.0863839846107136 -0.0292155650307453
0.0833273292690101 -0.127292805662021 0.0759142190869469 0.00644038505565973
0.115643906656735 -0.0885775528247957 0.0443556477482526 -0.00485496651793004
0.119535398938557 -0.0297354239949573 -0.0201009701351047 0.00790485330567557
0.114648358415506 -0.0720049586051821 -0.0722816717404654 -0.0214645802063318
0.0742325727350519 -0.0960579846089684 -0.0905831519685946 0.00396319429428308
0.00717285387272077 -0.110597586694478 -0.0841724567127655 0.0433062398869374
-0.0438592409930989 -0.0969383246742842 -0.0494386852320694 0.0542967593745696
-0.0738386048875702 -0.0658248775061665 -0.0285293436108152 0.0536879522173618
-0.0811860540475642 -0.0327254770275387 -0.0105532009710518 0.0429933083900484
-0.0889784535993928 -0.0254262842816202 -0.0046876758372661 0.010529131158538
-0.0849470271000299 -0.0246730479222749 -0.0115415955698636 -0.0232455281782592
-0.0984125302076908 -0.0413279054166826 -0.006363334878095 -0.0571593547172523
-0.0902817432933919 -0.0834749607669641 0.0144130190786103 -0.0823756435297689
-0.052665800612411 -0.114799548978539 0.0589544020743463 -0.0787618793354798
0.0208393168702976 -0.138530510369328 0.0791921068963917 -0.0282207594484311
0.0984904013685506 -0.120097315944659 0.0573146767819879 0.023638218148506
0.12353667267527 -0.0778818349931426 0.000476560864687243 0.0193731582263075
0.107160027814432 -0.0243308233001884 -0.0713343538645702 0.025421467989807
0.107746108091152 -0.0684941686842406 -0.100016645460168 0.000607343841509605
0.0676549424904737 -0.0964331090024734 -0.0961493040617153 0.00804532334873839
-0.000114798848268553 -0.106936583226823 -0.0809686451221458 0.027694434859061
-0.0455001573829084 -0.0881360565027003 -0.0636048239736275 0.0279587803250403
-0.0689994131276482 -0.0590107874812008 -0.0566323763850115 0.0349977282290758
-0.0742863406475513 -0.0302588788880051 -0.0416102943752762 0.031156374181468
-0.0779196102933969 -0.0269184514357134 -0.0364642066085208 0.00103220776407615
-0.0736429772456497 -0.0295936403470026 -0.0418618370081584 -0.0322357021033528
-0.0813487009237631 -0.0484496011364321 -0.0313957292484999 -0.0665985664093603
-0.0661850588999046 -0.0847065500785651 -0.00216393061524739 -0.0937783158004388
-0.0272070588317722 -0.10620481717516 0.0530316900655181 -0.0847854696887334
0.0405832340269499 -0.116064999979969 0.0695748291919143 -0.0246371821817125
0.103093718897799 -0.0907756520752201 0.0353555847642051 0.0343964437590046
0.114465234704216 -0.0515912987701495 -0.0409953107550436 0.0339183294829131
0.0756842017008703 -0.0127535278988115 -0.110457371771384 0.0464589656421547
0.0809358743594404 -0.0485419101404362 -0.115215407853976 0.024344901453784
0.0498666788809975 -0.0738776502015875 -0.0963527318694457 0.0139269454872706
-0.00285423606657684 -0.0787601278584051 -0.0773031399864819 0.0149682048808475
-0.0346678302360911 -0.0622320745757426 -0.0774510558428486 0.00964853777501824
-0.0499789470228776 -0.042390681733194 -0.0797171750346105 0.0237173714358187
-0.0537629529145542 -0.0236184325566065 -0.0684590145052182 0.0219664582256053
-0.0561447738116735 -0.0246105332807504 -0.0617161059113779 -0.00911310810214809
-0.0523245803362096 -0.0297835795140309 -0.0638923387892668 -0.0432233603056434
-0.0537942510132163 -0.0461343016163271 -0.0459749776641924 -0.0783772034371533
-0.0351918363737535 -0.0709590508475531 -0.00842544885102745 -0.104751640988782
-0.000634816092220977 -0.0829041660709041 0.0515072393968921 -0.0873510781593176
0.0525481278707624 -0.0791054231481667 0.0606380080569827 -0.0222265998728172
0.0932096577807313 -0.0497312493287875 0.01547484426693 0.0353400109306705
0.0888962917406627 -0.0201295814897606 -0.0744651074068655 0.0355097891378908
0.0341077692329422 0.00700898192602239 -0.132267690215186 0.0642745585686554
0.0452923714933993 -0.0152228279390735 -0.117672580964102 0.0422372654663243
0.0297666114637861 -0.0346867665611693 -0.0950471013913925 0.0190554008650902
0.00137829630343538 -0.0360241693662006 -0.0751006732903566 0.0101819418997414
-0.0121681505111723 -0.0278868565856459 -0.0868616187311328 0.00438822277864353
-0.0184440821957681 -0.0232079218670406 -0.0919968932146388 0.0214201703542632
-0.0234474722805448 -0.0161377271695263 -0.0840846587770949 0.016634268640577
-0.0260827692749256 -0.0176365848516317 -0.077403593661509 -0.0175302880064248
-0.0244207068922485 -0.0227126472167606 -0.0756582489698343 -0.0545706004592862
-0.0236839419731856 -0.0325481540635503 -0.0498200316857253 -0.0901529478862876
-0.00743549047770942 -0.0452364362532671 -0.00534653334372649 -0.112356788096565
0.013679596719666 -0.0501225265756311 0.0536375347835639 -0.0866508071746205
0.0484394769353636 -0.0395192369683085 0.0546755281529044 -0.0234012467659106
0.0648609848835361 -0.0108615919955025 0.0013648430552359 0.0268868129068482
0.0493276254475907 0.00828424905442551 -0.0940659090728392 0.0276324649079464
-0.0024429167287693 -0.0207114915604867 0.102127515009568 -0.0349411225462778
-0.024772301193688 -0.00534070285356482 0.00516388970744653 -0.0462370079010276
-0.0186658815648489 0.0116714543245719 -0.0587518014275838 0.013545172656363
-0.00348180478264656 0.0136871583550708 -0.0662367711416941 0.0821828469602911
-0.000979683087681867 0.00751921805875301 -0.00460400893341718 0.121513936187629
-0.00489780777837272 0.00716828508952796 0.0543278823077828 0.101576711600051
-0.006252120880469 0.0082206411992643 0.0811857812836605 0.0573698853819437
-0.0119085380884903 0.0101178612528123 0.0922788255063163 0.0164723101777477
-0.0118442380631131 0.0101108364687904 0.0890150627763811 -0.0180733854253007
-0.0157261366140445 0.00849075959376178 0.0934880179256986 -0.0325258263226884
-0.0187643871335244 -0.00216890400273898 0.0941481989045715 -0.02472433061049
-0.0136801736952059 -0.0068461165502104 0.0844615997817164 -0.0179982077966136
-0.0134848621151483 -0.0143733152649171 0.0965519659583151 -0.0190566562711787
-0.0106434940684178 -0.0276502828736734 0.120308437058472 -0.0342390686479127
0.00801274007190076 -0.0269340676807238 0.136504749635529 -0.0758221754792576
0.0410011994999627 -0.0311029044886059 0.0962026985888271 -0.0268123232700527
0.0164376147225379 -0.0292954321492964 0.00184709744665596 -0.0403026190617102
0.00716011492591546 -0.0165809561269516 -0.0590263967155467 0.0122332761289358
0.00130640073730476 -0.0195979488461383 -0.0706643472050903 0.0772721125123328
-0.0130186121969049 -0.0246814762948355 -0.013127043529153 0.115379575333254
-0.0289601521304124 -0.0163728841693774 0.0420777304845234 0.100340648293133
-0.0354309783333849 -0.00409690537633579 0.0707966024878697 0.060866087993199
-0.0448726006284029 0.00224110616524903 0.0817708286936752 0.0190942429768205
-0.0451013327875764 0.00370006152277063 0.0759864790388855 -0.0186995850913517
-0.0540877340948996 -0.00423703099911491 0.0795067943043874 -0.0407750958335883
-0.0551071393485037 -0.0312668498025236 0.083997651198592 -0.0407875983395546
-0.0350124313549136 -0.050961051173522 0.0831652314529479 -0.0334336905728036
-0.00550412865668415 -0.0669716517127791 0.0939469343653135 -0.0244027909747459
0.0258328404823548 -0.0741637097613604 0.106389298719419 -0.0283624213964339
0.0529376414990041 -0.0606425394586563 0.114185330988501 -0.0628292252456649
0.0808855213744822 -0.0354002689633763 0.0714178598066606 -0.0182907683184582
0.0589837369105683 -0.0493052725743181 -0.0149368545968773 -0.0372559137185133
0.0362609550635795 -0.0471145715517882 -0.066806221641856 0.00921127477124767
0.00665790393720346 -0.0559900038113953 -0.0758412283194883 0.0717357772321833
-0.0246964173108479 -0.0567755844614874 -0.0225239677619349 0.10295947316445
-0.0508497419060827 -0.0390071472199209 0.0248190039484805 0.0909167219268257
-0.0604294539633069 -0.0160324316501553 0.0521378557481492 0.0590585173434386
-0.0713067201825612 -0.0061925665581437 0.0595518418969391 0.0198481122790173
-0.0710233340363927 -0.00302793531363707 0.0515588603573072 -0.018612116421384
-0.0846856297674476 -0.0135625894381285 0.0534469151481276 -0.0475841463962049
-0.0852131375801794 -0.0517039972192938 0.0621156013959442 -0.0588908068071301
-0.0573606220595198 -0.082552199995769 0.0757127240617908 -0.0532142482706086
-0.00511751247411487 -0.10979062587916 0.0902227041399804 -0.0297705940076819
0.053354561258684 -0.111869533763895 0.0910649858187582 -0.0158533691568205
0.08768404881401 -0.0858761239919685 0.0819791112121982 -0.0379373259342787
0.10818774496826 -0.0369701857973491 0.0303741533544064 -0.00710537439325324
0.0931070959397679 -0.0680368915570552 -0.0419409368811538 -0.0316228122380847
0.0587374251866196 -0.0788861907868384 -0.0794062312962985 0.00728843797905366
0.00566443822911174 -0.0902082605840083 -0.0798274342160121 0.0618413043314793
-0.0389120478685612 -0.0820649663089383 -0.0326063290940948 0.0820614314842423
-0.0688230918635191 -0.054662542431065 0.00230912763769569 0.0747537958264727
-0.0769716886021125 -0.0242419969036936 0.024492987599426 0.0520703228770463
-0.0868321769324746 -0.0132856280936263 0.0293065077035331 0.0175834373457038
-0.0855059709639033 -0.0108816248489399 0.0196327580009474 -0.0189560576234876
-0.100680635461365 -0.0233714176247069 0.0208572598106795 -0.0516048513349313
-0.10017652202736 -0.0667731011399714 0.0352270876552962 -0.0718194438735006
-0.0674784002570191 -0.102154845319839 0.064792433314389 -0.0700361302528172
-0.00184374337543974 -0.135623233497545 0.0852408627997488 -0.0329419482996039
0.0733894068614007 -0.131514514818132 0.075661433952384 0.0018910484744517
0.109321497928484 -0.0939322336567616 0.0434249496472061 -0.0075868543687288
0.117757105144387 -0.0365960496356234 -0.0201842986008163 0.00897637378728015
0.108690625106948 -0.0789615715291842 -0.0734304879608582 -0.0171318181034247
0.0681034292822927 -0.0999819454243478 -0.0895054970086303 0.00802437492841545
-0.000423806334691875 -0.109826238997547 -0.0802093106637831 0.0475228091283145
-0.049467312774305 -0.0928395784379938 -0.0464731134971656 0.0561537667126996
-0.0779356311381034 -0.0597825535948283 -0.0251124306482827 0.055471022344599
-0.0829879571934258 -0.0276322304242506 -0.00712330067918057 0.0423263083792606
-0.0895181641526073 -0.0188622610246022 -0.00445805496500998 0.0112350655926884
-0.0864290081054541 -0.019164342517902 -0.0142287961990412 -0.0219840434541128
-0.0994743097915336 -0.0343115718930049 -0.0109291245361646 -0.0560201140828414
-0.0956808884992701 -0.0768934164161514 0.00960033777117286 -0.0827120073472897
-0.0592530506574145 -0.109739283064385 0.0530656661355064 -0.0812909600958445
0.0114209659609728 -0.138002847838671 0.0775978742455928 -0.0312359034241543
0.0888908140813581 -0.12537866871196 0.0580305066974352 0.0211332797911707
0.11707384280895 -0.0832513757594174 0.00176111057992796 0.0191038420729563
0.105686760624069 -0.0302793824558757 -0.0696939729768712 0.0297367097560303
0.101759446268137 -0.0748757656496037 -0.0988188382729175 0.00658186240891447
0.0612156745531923 -0.0995063990829284 -0.0948906143920968 0.0120446474928123
-0.00705480908801134 -0.105113862371213 -0.0784348903721439 0.0313993503727066
-0.0512134010832146 -0.0841072409876512 -0.0625302663316863 0.0306962478632682
-0.0724598904264274 -0.0535396131380343 -0.05422187262349 0.0387696224946671
-0.0754079834562958 -0.0255072725472502 -0.0390133833901274 0.0326272807729824
-0.0790269145641695 -0.0213484149073731 -0.0362922480832099 0.00373921209626308
-0.0745387000759671 -0.0250285695581018 -0.0443398531292164 -0.0284973788254872
-0.0828115316371298 -0.0423117406206983 -0.0359977459848408 -0.0636668490663135
-0.0713820091715185 -0.0789423610132408 -0.00815505216599829 -0.0925541206614723
-0.0335060346424674 -0.103201891758365 0.0462687649800723 -0.0871732188948703
0.0325546242602583 -0.117423342618718 0.0677466162393919 -0.0272194204206443
0.0963268438102757 -0.0963369740569405 0.0373420026444837 0.0331817739347565
0.110392101193029 -0.0573059502548478 -0.0382104319644625 0.0352852929967764
0.0754490765060095 -0.0165035146314911 -0.107466696698094 0.0527417156581205
0.0767030288643838 -0.0532812522349138 -0.112430393692289 0.0310747361102127
0.0446173148683183 -0.0763703321260057 -0.0949301566575256 0.0177828247356055
-0.00829156155777834 -0.0770427877328838 -0.0752938043794833 0.018332853581514
-0.0387502223058091 -0.058762812121968 -0.0777471635562967 0.0136151018884051
-0.0525416357289919 -0.0385445569414123 -0.0774056959762702 0.0283942458296828
-0.0549763174440265 -0.0200492765427777 -0.0657819240484743 0.0256604195879555
-0.0568433012923753 -0.0198290887838105 -0.0619691332455266 -0.00452764674791623
-0.0532989391234307 -0.0264498989181673 -0.0672184255164673 -0.0385836188614249
-0.0558522679410737 -0.0414817594110294 -0.0507029784117388 -0.0748874389175123
-0.0390359979203388 -0.0679839988207108 -0.0149251776106933 -0.10301127332699
-0.00592050703477227 -0.0819054581510871 0.045018032667399 -0.0896041297555485
0.0466078144747865 -0.0813349584450294 0.0591272189619223 -0.0246477441105529
0.0881112766605279 -0.0553996781155947 0.0175440084306272 0.0346032545680775
0.0866594679773105 -0.0243265000004185 -0.0700782110695603 0.0388110540430545
0.0344145541012745 0.00539369090586519 -0.126968991335227 0.0712979404935527
0.043173945604476 -0.0180261901176717 -0.112967862423219 0.0485498771256961
0.0267178047796754 -0.0358826018390995 -0.093345682200473 0.0235487338589818
-0.00107951106839282 -0.0359017113986642 -0.0739107386258086 0.0133243715759069
-0.0137767777937098 -0.0263834709387844 -0.0865785615503749 0.00981799076887498
-0.0196991789172769 -0.0217971592180317 -0.0895556638979265 0.0277739204228336
-0.024448520560387 -0.0145940223691601 -0.081752909165616 0.0219444345538567
-0.0270508851716142 -0.0155372579743854 -0.0781289982510937 -0.0118574705790352
-0.0253787340183507 -0.0208552935693001 -0.0792059294160228 -0.0486183609960292
-0.0249989245478973 -0.0302839759788517 -0.054782942810274 -0.0858496658220664
-0.0104255612298594 -0.0439393544417295 -0.0124061281726221 -0.11021139333404
0.0108768206624342 -0.0501412780482829 0.0480726511664285 -0.0896762988307793
0.0453048573448196 -0.0416278501117233 0.0529683835648517 -0.0255931308291445
0.0631251494500094 -0.0145257249049213 0.00362829922642548 0.0266772835807157
0.0488412662189505 0.0054884530196616 -0.0898673206536517 0.0324056316194592
-0.00367005465683884 -0.0202887656135384 0.0965681728404955 -0.0392122627989416
-0.0242051905158766 -0.00417148110719143 0.00160161914076139 -0.0448563786481549
-0.0172633861339568 0.0117299985916576 -0.0566724997942337 0.0153002704803822
-0.00304215542092294 0.0131801435978715 -0.0607475047912681 0.0819795916840154
-0.00060315265248797 0.00717759760324438 0.00127102713341604 0.118367412688294
-0.00448175998552339 0.0074961985737039 0.0568917740052141 0.0965097427203799
-0.00585703225453874 0.00805767507926726 0.0806320612005495 0.0520647914403501
-0.0113358853804929 0.0102608447081501 0.089804870666817 0.0113122272679948
-0.01113795833374 0.010110851420079 0.085119904998262 -0.0217041608495008
-0.0151948790050757 0.00841126568590887 0.0892488864727265 -0.0363734900394889
-0.0184403950365715 -0.00172308722529306 0.0906215349089531 -0.0286060754896937
-0.0134629857129699 -0.00613323422059178 0.0814687433619602 -0.0199238668482995
-0.0136880381807229 -0.013657793579835 0.0936524376569281 -0.0216688981604131
-0.0114600384582419 -0.0262271978096517 0.115262162485153 -0.0386255841001787
0.00708559068344423 -0.0263364654587619 0.12766535665118 -0.0794334564136753
0.0389452236217501 -0.031991728163828 0.090981109834073 -0.030742551312161
0.0147419064026714 -0.029068072960676 -0.00171596439932822 -0.0394462318888192
0.00612046509477181 -0.0162529312511332 -0.0571244004501243 0.0133895693434111
0.000523739288113897 -0.0190974016344521 -0.0652590003729013 0.0780639438121992
-0.0138693374306373 -0.023343599896038 -0.00775468103818972 0.112413323844378
-0.0290793325122546 -0.013964489007572 0.0453887499542236 0.095439330152845
-0.0348233397757143 -0.00213835611128051 0.0713951713235574 0.0554612581471369
-0.0439529794101552 0.0049138034140953 0.0800198524290051 0.0151301188735073
-0.0436530811089863 0.00566826963256568 0.0725004758227647 -0.0211338150536592
-0.0531375448077929 -0.00138316313671567 0.0745447709345565 -0.0438282339431672
-0.055099288986572 -0.027688245337356 0.0799767224857136 -0.0439148573328244
-0.0359082646829779 -0.0474192895407241 0.0792398178594316 -0.0350342708062789
-0.00840472403831678 -0.0648367478237562 0.0914588000053858 -0.0267464193527657
0.0213024827798509 -0.0730274748042564 0.10157866497666 -0.0321720503858643
0.0489138105064635 -0.0611655738857737 0.10697745007792 -0.0651570945116735
0.0771748926191469 -0.0381817418814704 0.0680748520540074 -0.0207339076197957
0.0545144232950023 -0.0509272195447595 -0.0169408826420672 -0.0359315167156913
0.0331806544742478 -0.0478484267670433 -0.0657073660082475 0.0105398819833457
0.00387392107775612 -0.0546431317719068 -0.070612185465332 0.0725345491636644
-0.0269917671778428 -0.0535884665578296 -0.0172808199686903 0.100098192502665
-0.0515999292033292 -0.0346759885891703 0.0280108461067181 0.0873524210711459
-0.05957473408962 -0.0128929851766608 0.0526886968879931 0.05415662438888
-0.0693673536102158 -0.00168632174796638 0.0585325395220086 0.0164582928660661
-0.0693220940435661 0.00049929632166799 0.0485768462858326 -0.0198973062214665
-0.0826518760032402 -0.00969536017074189 0.048618087413777 -0.0490271809210925
-0.085986217282647 -0.045864533560102 0.0574357009662593 -0.0600806361941415
-0.0592083257961677 -0.0773958184460849 0.0714149776139768 -0.0541705531923711
-0.0103180728290711 -0.106557778205541 0.0873084421998349 -0.0322450357879783
0.0459285207229991 -0.11209334164844 0.0878369942115928 -0.0183906265699455
0.0815548113682344 -0.085961102999677 0.0779684328067465 -0.0402521837113943
0.105077143401439 -0.0412018341571945 0.0284953695150993 -0.00829058195758257
0.0872015530507395 -0.0706161312504963 -0.0430238253006471 -0.0288173318485288
0.0539286293688814 -0.0797835886409551 -0.0773989003219047 0.00843012222863371
0.00173683491120682 -0.0875783708095756 -0.0747821916275313 0.0627821618730306
-0.0417165166815853 -0.0783084787248441 -0.028248800791665 0.0805051798241695
-0.0701711730722961 -0.0494017239442472 0.0055965265774661 0.0726760447736017
-0.0766789713344133 -0.0201558026685936 0.0263512489368008 0.0491006361889485
-0.0851311627463202 -0.00860042015599029 0.0297102607149539 0.0155144892138471
-0.0834214919129054 -0.00699148586539737 0.0176750790503489 -0.0184966164513061
-0.099193936180646 -0.0180345530486078 0.0175761906798346 -0.0512433272771833
-0.101447991025911 -0.0598801053787609 0.030692560632332 -0.0723053504526514
-0.0704953462449328 -0.0957457431712543 0.0594399437455374 -0.0699694570331204
-0.00866526687151702 -0.131418258371155 0.0823347274855007 -0.0345812493742025
0.0650044238357857 -0.131247561278069 0.0736102377229543 0.000235663033596465
0.102795814230947 -0.0949952496267946 0.0409854662451591 -0.0093689371678623
0.113768470170988 -0.0410665564636463 -0.0193808313539055 0.00948102150521113
0.101255878069183 -0.0821157685797298 -0.0719528208154268 -0.0128242864439241
0.0616080998091586 -0.100761358897128 -0.0873410334621106 0.00964085984276349
-0.00511840785246234 -0.106399790860083 -0.0766533589819594 0.049055669463522
-0.0533814479039547 -0.087541585636903 -0.0433108827174953 0.0555802765170136
-0.0790126942022954 -0.0540809759183423 -0.0224198328525519 0.0555066950035182
-0.0819717416152024 -0.0226518424653996 -0.00486088672805907 0.0413331638861998
-0.087621013671695 -0.0133914012434703 -0.00369454746275727 0.0118047859306044
-0.0847481366001196 -0.0145390217374856 -0.015464114120661 -0.0199452388710497
-0.0983466867961446 -0.0281279563566845 -0.0131697328697582 -0.0536807678991691
-0.0969415612627115 -0.0695456898644044 0.00507250901607556 -0.0812154660649815
-0.0624521317807743 -0.103494465704002 0.0472210774881556 -0.0805069421318178
0.00458641534156094 -0.134402922648336 0.0744000500026718 -0.0325311479080769
0.0798026146011999 -0.126115189101342 0.0574159583885847 0.0182405182637674
0.11081258678078 -0.0856429335610947 0.00199164465719481 0.0178852385669736
0.101981297739944 -0.034084582937629 -0.066383441411825 0.0322215753602538
0.0947157924277484 -0.0774596569807966 -0.0959466707163494 0.010578939410952
0.0548987896749126 -0.100256224549234 -0.0924504783781285 0.0139400128016525
-0.0118436035676457 -0.10119563179806 -0.0751936855294346 0.0330349717317904
-0.053917567089916 -0.0782359491292996 -0.0601795051722469 0.0316275663880728
-0.073386696192311 -0.0478244601039815 -0.0514227574723681 0.0404175892458617
-0.074881944480784 -0.0213806758647119 -0.036255649924599 0.0330208144036599
-0.0776319044010664 -0.0162910219784844 -0.0351223820925646 0.00532714489979996
-0.0737014483629067 -0.0211586631037887 -0.0452721676820399 -0.0251434867759548
-0.0828170767526545 -0.0368992052030555 -0.0377455165384472 -0.0594293748861599
-0.0739449030233814 -0.0725271409363174 -0.0122247409792498 -0.0903499876939928
-0.0368024189887087 -0.0983215653827677 0.0405847071645076 -0.0865307878851963
0.0255085913502595 -0.115084289036128 0.0656363872775833 -0.028248777664757
0.0881608780681565 -0.0978365734581992 0.0383813092984187 0.0313231681044131
0.104570172550093 -0.0592937177065995 -0.0346711320972783 0.035448582536832
0.0729272371359211 -0.0192655592678688 -0.102287754426997 0.0557708798735379
0.0713118003493101 -0.0553179511864502 -0.107847141982407 0.0348177216366911
0.0400450855503077 -0.076098116639771 -0.0922747048887741 0.0198065719468536
-0.0114373177900841 -0.0743296392111455 -0.0726975887425475 0.0199339137014032
-0.0404592100942528 -0.0545407277259537 -0.0756682335092011 0.0160265256960028
-0.0528882794954581 -0.0344206036167756 -0.0743247522614374 0.0315513677428404
-0.0543602710589416 -0.0174649980785942 -0.0623123849022592 0.0271396282275974
-0.0562501848891477 -0.0165774544577814 -0.061304667768434 -0.00142598224646354
-0.0527333809889024 -0.0233475487810705 -0.0673776882799188 -0.0336883011172047
-0.056637910652584 -0.037258675403916 -0.0526247416522894 -0.0698590493343055
-0.0415134514113081 -0.063794241533629 -0.019013482318463 -0.0995984521185992
-0.00876158221823216 -0.0784654406806882 0.0395282361747821 -0.0883835142162464
0.0411057738117987 -0.0804973125908547 0.0567464015317005 -0.0256276294818053
0.0834283508664086 -0.0573478439582086 0.0186793533124937 0.0335306499712626
0.0830810223442217 -0.0268357303609169 -0.0656635621759707 0.0406557298585603
0.0342311542175188 0.00371801342298462 -0.120690686508205 0.0750162524552937
0.0410898790894565 -0.0190597219901688 -0.107133831406302 0.0513426881353729
0.0238704857177117 -0.036496698618878 -0.0898717949628697 0.026333453718117
-0.00301593044464645 -0.034046592675919 -0.0721618669235396 0.0145085146955801
-0.0144027916235429 -0.0242530546698875 -0.084597065178754 0.0130888770220712
-0.0206551541135193 -0.0198438548250734 -0.0856348493891005 0.0310949219153586
-0.0235996473515516 -0.0133046183638109 -0.077327810584739 0.0249290022602857
-0.0264280890370294 -0.0135644226485341 -0.0766715045572945 -0.00743960773739732
-0.0251209905160414 -0.0186945302964909 -0.079333423587107 -0.0433970803255531
-0.0255797943823202 -0.0278043510933681 -0.0565419942698539 -0.0804782836779452
-0.0122881271403769 -0.0417962693728551 -0.0166683722732005 -0.106615116040707
0.00896261874136674 -0.0488491227308777 0.0422493009194526 -0.0887072471240028
0.0417340644986982 -0.0424370308616926 0.0505154563749718 -0.0263955738330397
0.0607499328865216 -0.0168988566848149 0.00481217846879511 0.0268044511564323
0.0480244599791352 0.00332349385402155 -0.0848460694160627 0.0352153005530421
0.00579537673985149 -0.0204493731313487 0.099041159435382 0.00406100962600923
-0.0193390908630609 -0.0137212068645109 0.0179444653123112 -0.0386490933372597
-0.0202117385926059 0.00344506132340889 -0.0565510545820683 -0.00873765214340567
-0.00749097605480248 0.010226700097822 -0.0871345750798023 0.0494841672185119
-0.00279663892215788 0.00495848006949568 -0.046086669404807 0.105544580360024
-0.00684065022759878 0.00447490024219657 0.0120719753543004 0.10801521213827
-0.00932120258832936 0.00443812217262825 0.0503866373776126 0.078578580951331
-0.0143009797177118 0.00537560524221494 0.0757526206040039 0.0452019875299342
-0.0140967976898428 0.00419353933557777 0.0836182807080756 0.0135524477416921
-0.0167608320276049 0.000861567846084446 0.0938742060118639 0.00221937906052802
-0.0158951285394618 -0.00961315534961862 0.0911036377045189 0.0109139809424548
-0.00893967493326149 -0.011647626881712 0.0808183402293742 0.0159260062256081
-0.00651105603184331 -0.0193623159293608 0.0924581806791653 0.0190492681230284
-8.85861355283254E-05 -0.0284299016300474 0.118688784439082 0.00955868960511676
0.018064914936267 -0.0223275908022998 0.14579393425479 -0.0180945673693089
0.0494849642538165 -0.0117187572219474 0.0889775997471881 0.00519276375274241
0.0243761519713993 -0.0190510258659697 0.0117734394780455 -0.0373592101253174
0.0127885487261432 -0.0120311039901211 -0.0583120649090793 -0.0128006113221712
0.00866520080117252 -0.0165897592593627 -0.0914021702151993 0.0429523918548268
-0.00247275294084031 -0.027009224616799 -0.0534846746324121 0.0965683881890328
-0.0199777205767619 -0.0240268123207268 0.000194662889852461 0.102818555911284
-0.0296855502101527 -0.0156395026288297 0.0399787027007984 0.0783739150939403
-0.0407708536362005 -0.0125092377857439 0.0653187397580991 0.0450548253636
-0.0412683513322804 -0.012806573500228 0.0720825440491345 0.00910718655076667
-0.0467323913826453 -0.0223490088163193 0.0836266753719561 -0.0105956193892851
-0.0394596598649901 -0.0473003872412088 0.0875705832870019 -0.00748403821884271
-0.0141780873565742 -0.0574917404904391 0.0846233507585766 0.000683184246800226
0.0163192799253083 -0.0642527526236041 0.0926583390517568 0.012932283228186
0.0462654269355106 -0.0597892149890996 0.106036250265154 0.0113026990399291
0.0685260077856547 -0.0384302259450189 0.122763657044222 -0.0121381692314745
0.0877047247008461 -0.000438806691193783 0.06250792602505 0.000492943240257261
0.0693418005785955 -0.0213937028055584 -0.00408333646856654 -0.0425910574265728
0.0497374955397262 -0.0288505697157179 -0.0658046038646076 -0.0216784165839597
0.0262194632381776 -0.0456746700913975 -0.0959632913109841 0.0354688244253104
-0.00183923691223082 -0.0590051314716099 -0.0588006617498916 0.0823083666761337
-0.0312865967621677 -0.0510636117713138 -0.0126125817122932 0.0894227090202805
-0.0478894824386761 -0.0350114045510487 0.0234891372275616 0.0693884714019341
-0.0617507723483437 -0.0287282154404421 0.0457457323121704 0.0379115010009999
-0.0619869369501909 -0.0269749295111363 0.0498920792421451 0.000759862342175099
-0.0707430621302896 -0.0397393414527158 0.062485865373198 -0.0258622185882832
-0.0610450444680333 -0.0743669231225772 0.0745331092642578 -0.0310694603563706
-0.0240696086215359 -0.0927664418430137 0.0852496714308404 -0.0196696631976336
0.0298335112506163 -0.102527517935644 0.0922135433231788 0.00670547805542204
0.081824205877834 -0.0851783733028925 0.0905196735982562 0.0189550194511784
0.106758442752894 -0.0495265677970738 0.0872345240596149 0.000440688551338847
0.113482736083136 0.00892639090468571 0.0213620338116965 -0.00647906299054942
0.105823281732154 -0.0256558718508361 -0.0310243294003463 -0.048537369636808
0.0810244823531924 -0.0488600170401548 -0.0775645630473713 -0.029964130775266
0.038076740887222 -0.075355216547527 -0.0976874577419382 0.0242699690949997
-0.00478403837028401 -0.0854574635917648 -0.0629136400655815 0.060391592807182
-0.0422439258600384 -0.0710049281693537 -0.0283499571689902 0.0676541311039629
-0.0595041040834403 -0.0481672534438791 0.00192640614260212 0.0542312075954432
-0.073337097947224 -0.0404288889895758 0.020056668313853 0.0254863896253057
-0.0719459407831258 -0.0386578058886836 0.0218659585133976 -0.0106376109213131
-0.0816604549317144 -0.0528299367025819 0.0346724034597453 -0.0398738190998629
-0.0701226010266551 -0.0918246475704177 0.0548596314599117 -0.0524629060537032
-0.0273775839893148 -0.113610226832657 0.0809740389215006 -0.0398808247516361
0.0404722746366341 -0.124816305324922 0.0889276851935832 0.00220143882807626
0.105704067703555 -0.0958773023604935 0.0721526713688434 0.0306764946644162
0.128094682126359 -0.0491996533927833 0.0431513468009934 0.0142370619563387
0.12179045011326 0.0132302254501837 -0.0286312095848877 -0.0104659696197036
0.122957033931063 -0.029311893878408 -0.0630038791444684 -0.0461946828256346
0.0956608665579044 -0.0640513311361479 -0.0885149082104498 -0.0335601696588858
0.0398905097174186 -0.0944611560540093 -0.0952940287182653 0.0112906048143039
-0.0110592087169988 -0.0985605756205695 -0.0666474011682277 0.0330708989284626
-0.0484873753437147 -0.0781713577463779 -0.0461486743298389 0.041410371535456
-0.0636501641261308 -0.0526571331732889 -0.0221189385428672 0.034410338955145
-0.0733823384906308 -0.0464946284761593 -0.00802517864692285 0.00937557765013189
-0.0699438158927496 -0.0461035470938359 -0.00643495160074667 -0.0243566844690819
-0.0778651267391725 -0.0622366123345542 0.00857114406236382 -0.0545605153752569
-0.0624377580643189 -0.0983785281107453 0.0363398027942917 -0.0707822443417562
-0.0170645176269556 -0.116732259735643 0.0750186760412112 -0.0540878098410344
0.0533615678791504 -0.122241245009655 0.0811915364978258 0.00105748239824339
0.1176200362586 -0.0858700370329947 0.0506093429541975 0.0420254343005384
0.131875072373645 -0.0375302130208631 -0.00284965467697234 0.0237330783770122
0.108231782328367 0.0142019116042875 -0.0783765795109186 -0.00847187648407822
0.115203878225664 -0.0281059641022723 -0.0929407638927598 -0.034711198097874
0.0895194100024077 -0.065728755048889 -0.0946032915916405 -0.0308426939490838
0.0321089231585077 -0.092932231159255 -0.0875625826303986 -0.00237126662158561
-0.0146750957354756 -0.0904615662579424 -0.0720763959795224 0.00433950270265045
-0.0460767237521865 -0.071491460112915 -0.0657901117232603 0.0168557627492406
-0.057479469882146 -0.0484722939239624 -0.0465032250100578 0.0150655887183128
-0.0625826257760879 -0.0448042226117708 -0.0338956978033813 -0.00895547507579742
-0.0581837749477052 -0.0472937990291907 -0.0306603800597542 -0.0407329999077329
-0.0604589381876921 -0.0633366799599376 -0.0106526299999913 -0.0694889062273026
-0.0400145871462874 -0.0927325790347397 0.0242912880766271 -0.0854975582285182
0.00352297653946694 -0.103111104698744 0.0717835262410102 -0.0608525851824431
0.0653787427281715 -0.0962359420027714 0.0716233920667867 0.00211169164400474
0.114818948573427 -0.0563720341233981 0.0274101433345769 0.046486622114613
0.115499166656143 -0.0153839913415254 -0.0436496261198056 0.0237338434078163
0.0754159497437773 0.014954982689007 -0.117647535975683 0.00117028492014628
0.0857620376457783 -0.0179795207739872 -0.112540999558141 -0.0169880915330635
0.0666470581429851 -0.0508280501069552 -0.0958047410747743 -0.0242101341263536
0.0207844953980763 -0.0686986593134572 -0.0783480740414993 -0.0129110683946333
-0.0124939312244589 -0.0640701824164615 -0.0779625025671038 -0.0156271380699369
-0.0329886870583245 -0.0516441736855419 -0.0815934653723692 -0.000179874489895635
-0.041176803175669 -0.0366966782849696 -0.0676567090111741 -0.000730546725121789
-0.0440339369918778 -0.0363413396067068 -0.0542519648990973 -0.0249573032942374
-0.0385783715071587 -0.0405580845776739 -0.0467277701761832 -0.057435047208304
-0.036954689903901 -0.0537460627003057 -0.0193635947930627 -0.0834812864735217
-0.0148692843988399 -0.0725985497908973 0.0224448059770477 -0.0959631502787279
0.0212009925445577 -0.0743484789677672 0.0712111845197215 -0.063160645770172
0.0671758702853424 -0.0591043547803459 0.0618936730200468 0.00105632729302036
0.0957629581253843 -0.0213893036813921 0.00741015725378481 0.0413380879837913
0.0844657916101926 0.00644474539231636 -0.0744211643545545 0.0142430702347403
0.0301115127244049 0.019047688924201 -0.138018514678714 0.0134063192712296
0.0441535846311287 0.000593672806518146 -0.116663787661101 -0.000156764382979643
0.0355541960216698 -0.0216716629628447 -0.0928722047729027 -0.0164250416474018
0.0117320019369349 -0.0307317718377606 -0.0731952462129663 -0.0175459264924827
-0.00219932314254537 -0.0266464177730168 -0.0830493600334656 -0.0231285432820354
-0.0100529418684624 -0.0259629525106922 -0.0898764953865551 -0.00646690107819146
-0.0161080727929076 -0.021479788431997 -0.0796232557253672 -0.00946794309779262
-0.0185288582449605 -0.0216042449801962 -0.0659560240467794 -0.0367452410248828
-0.0149427389436668 -0.0262291877882199 -0.0537793480956094 -0.0698817444339932
-0.0132387445439621 -0.0336458262527139 -0.0181026409643207 -0.094818826097812
0.00393025881364077 -0.0423644010438015 0.0278918359254244 -0.101184840422786
0.0255920906319671 -0.0412840215233104 0.0734048282499906 -0.0619015101535178
0.0538784913635478 -0.024160977406787 0.0561056304819541 -0.00150911830669052
0.0612063061364795 0.00727812317519081 -0.00381004750220597 0.029512451578378
0.040910545779207 0.0210792388319157 -0.0895601065116744 -0.000691617337060245
0.00514404132297175 -0.0204287653349528 0.0971240912291498 0.00155122658627755
-0.0191492124018872 -0.0127369913821559 0.0159437903578686 -0.0383039887346542
-0.0197570903884832 0.00355856448777579 -0.0557712069024271 -0.00899569394621957
-0.0071101574077029 0.0100083899119549 -0.0857385406337821 0.0493882055508314
-0.00296207773778881 0.00503155902276556 -0.0437500068072766 0.104501019002555
-0.00668625493653196 0.00441993160010083 0.0141812225206122 0.106086465468373
-0.00877909764026409 0.00502816144809747 0.0511152165498605 0.0761265034543787
-0.0139981610557502 0.00505983054911602 0.0754018685201874 0.043254480292129
-0.013560284031202 0.0038103114952009 0.0828146360163306 0.0112134247857154
-0.0164020327290383 0.000709128106317775 0.0930932378653111 0.000229222429099913
-0.0160219452157155 -0.00894306575806833 0.0905541515066987 0.00862130427311206
-0.00936275523143005 -0.0117390803777046 0.0797612035854053 0.0163490287136934
-0.00751636020472091 -0.0189008196155424 0.0922198238477775 0.0179087071411563
-0.000753979908848164 -0.0277085881277763 0.116918434827359 0.00836478145173917
0.0183562078533114 -0.0218761990665543 0.142747229174726 -0.0198585812911914
0.0493160551192957 -0.012596973727416 0.0869764874528408 0.00335909669505534
0.0235100737254334 -0.0193693365165936 0.0102875782063244 -0.0367470278851259
0.0122485389064155 -0.0126429969985922 -0.057895912525956 -0.013067462262056
0.0084633487837338 -0.016193376748917 -0.0898205619008973 0.04412261593578
-0.00313182454765545 -0.0265541303164683 -0.0515650381284257 0.0961986999105966
-0.020707270515851 -0.0229012994370995 0.0020849261108112 0.101391408055369
-0.0301371759587182 -0.0148275953838125 0.0404920607142539 0.0758517402477673
-0.0408616534580929 -0.0111603422136326 0.0651633682026299 0.0428064893903313
-0.0414610588247217 -0.0119871847353598 0.0712665438853589 0.00733388392941642
-0.0470326175326231 -0.0209266458090917 0.0820159258538264 -0.0118861601303481
-0.0404538714145681 -0.0453682056877256 0.086529645079151 -0.00989372639207744
-0.015402775831986 -0.056501406819925 0.0840343560172673 0.000587425495401025
0.0148385226171688 -0.0637087433416107 0.0925535071596639 0.0123946389623566
0.0444380352542009 -0.0592401930663023 0.104733317989392 0.00991088777165865
0.0674208730808205 -0.0382172928248292 0.120253129137973 -0.0134505533335056
0.0872344131799575 -0.00225157006563917 0.0609316381590222 -0.000445706957765819
0.0673177758366609 -0.0229249347667105 -0.00638364870602226 -0.0416371184959854
0.0485258053098463 -0.0296137839463018 -0.0659588185727703 -0.0210100270284166
0.0248347669869245 -0.0452559834706333 -0.0941500901133827 0.0355161768151798
-0.00312940881266626 -0.0578896399986245 -0.0564306014250989 0.0819409664018592
-0.0325591141316642 -0.049278832804748 -0.0113306211694263 0.0885924584175133
-0.0481364729868691 -0.0334885863990466 0.0242416808380192 0.0678033384480082
-0.0617792122267726 -0.0266570051873176 0.0456504874394054 0.0367178110657073
-0.0619574720472983 -0.026027505136407 0.0491036656588205 -0.000448416951380278
-0.0710385570165484 -0.0380581370292416 0.0607670297123833 -0.0266160601662698
-0.0619994827426301 -0.0724857973428038 0.0729626873443007 -0.0323509775845634
-0.0250702229337648 -0.0914866882750998 0.0832608827554337 -0.0204521349247681
0.0276466136424493 -0.103151179232794 0.09175975562734 0.00586083603134528
0.0787253846642869 -0.0856853285651912 0.0892900684260615 0.0181721766029956
0.10499736522298 -0.0501033192142135 0.0853930385979503 -0.000585205240791334
0.11331770204832 0.00665986589660976 0.0208406517315896 -0.00626746262134912
0.103162288959722 -0.0273068921405928 -0.0315511677014553 -0.0475050696949435
0.0795229664587119 -0.050102900735308 -0.0775386434125642 -0.0298709805399795
0.0364294930426705 -0.0748678137529327 -0.0961650545541903 0.0251092534729657
-0.00685680703497867 -0.0840111082420856 -0.0614126217852801 0.0601357189592353
-0.043660837976753 -0.0694468914162322 -0.0273119331922621 0.067210461315537
-0.0604591386582106 -0.0464946897336693 0.00295558142741033 0.0530513141216173
-0.0734344692432862 -0.0386634209019419 0.020150103026522 0.0252118346129286
-0.0719554697842625 -0.0370825521323749 0.0210968559484299 -0.0104873305258138
-0.0819399269394591 -0.0503902071718136 0.0330618419359629 -0.0407797630193178
-0.0712583577142041 -0.0895760945463648 0.0533462581820809 -0.0532602446790062
-0.029189262841904 -0.112067086888074 0.0789927775511984 -0.0397143944138702
0.0372463276566738 -0.124760010034585 0.088725132249043 0.0019229032742419
0.102257675034794 -0.097120986135154 0.0716705110304433 0.0303109416436148
0.12589676500454 -0.0498116788919027 0.0427862951837094 0.0136905736632907
0.121371120077657 0.0107443204343226 -0.029119278753809 -0.00959732763439745
0.120345835297228 -0.0316233016908045 -0.0631770454914109 -0.0450859304207619
0.0939679489913383 -0.0653805292989574 -0.0888441126131434 -0.033942512475523
0.0375986177776877 -0.0942194573889207 -0.0933026652350044 0.0115252476439061
-0.0129793695861949 -0.0966044406016133 -0.0661994782194714 0.0322296343743361
-0.0498785742154227 -0.0762153001429214 -0.0459959303299559 0.0421951367258158
-0.0646160033884341 -0.0510760518877264 -0.0213261082967661 0.0345722090873669
-0.0730389278513924 -0.0435868109853181 -0.0076440194684334 0.00917691386913012
-0.0703626763723962 -0.0447951084192432 -0.00772224489023449 -0.0235209712968844
-0.07838775813116 -0.0592444923027787 0.00678929567652452 -0.0542382106894166
-0.0639573302368077 -0.0959539140221261 0.0343010624367063 -0.071195603279427
-0.0190896791264669 -0.114904235089722 0.0727041435471511 -0.053655976755591
0.0496798900832321 -0.121817336715026 0.0810783211351843 0.00125041748944092
0.114198803317436 -0.0873030793168419 0.0507083958316772 0.0419875428506465
0.129604454293876 -0.0376952023796657 -0.00230451417634906 0.0233350129328215
0.10829343597626 0.0120384748845796 -0.0777228863031732 -0.00735326888286829
0.113120110574742 -0.0299752809606431 -0.0925117964049241 -0.0332654774556807
0.0878993717683106 -0.0674788994382683 -0.094645985062231 -0.0302920916305807
0.0300151155108406 -0.0924012538474234 -0.0862294259677434 -0.00224497346549877
-0.0165829309918736 -0.0888531443924855 -0.0723046935978085 0.00541571585112231
-0.0474830595217352 -0.069033118631107 -0.0651585664583473 0.0177718214964902
-0.0582376735205653 -0.0467388359681212 -0.0460042213288099 0.0154805026392231
-0.0627342156582838 -0.041828159342179 -0.0338588436424936 -0.00761500219656797
-0.0582878070304281 -0.0457775506702269 -0.0318912862108068 -0.0390368729969715
-0.0616072107312205 -0.0606761618718442 -0.0116505442598966 -0.0681745202907234
-0.0426202998680852 -0.0902686030247516 0.0225729988766652 -0.0853164211398785
0.00164211801075561 -0.101511610995747 0.0691674638078174 -0.0613006292001611
0.0621039853753911 -0.096765061333851 0.0713790170542662 0.00156563924846894
0.111885071141405 -0.0578297325803891 0.0278664730577254 0.0468278212535637
0.114571075284252 -0.0163579108186715 -0.0429329318736237 0.023703524815746
0.075159017137027 0.0134084451518986 -0.116327977605574 0.00320681741461511
0.0840043799734835 -0.0197959172535194 -0.110923588472362 -0.0150853329859415
0.0645252487137973 -0.051204711847724 -0.0951237404655753 -0.023509001115149
0.0190210688179637 -0.0684565731360505 -0.0779784808493056 -0.0127247974772788
-0.0142271313134225 -0.0622746187635545 -0.0786753103945642 -0.0149847070822777
-0.0338127993576038 -0.0500593220613408 -0.0810148355682552 0.00155675978023942
-0.041564543152113 -0.0354836868331764 -0.0661872617096943 0.000128459375603613
-0.0435630898293369 -0.0348861712324994 -0.0545696388424412 -0.0238140596420243
-0.038533540822409 -0.0399931881192205 -0.048548342526568 -0.0544757783986307
-0.0371900087202601 -0.0520011994759983 -0.0201970929943304 -0.0822222662127287
-0.0157279634527276 -0.0715206631620206 0.0205314441671058 -0.0952798688757861
0.019633923925021 -0.0735837827534327 0.0688698124420637 -0.0631916358685806
0.0651254507805909 -0.0593718735038389 0.0613722500993016 0.00165395278778201
0.0934340756118206 -0.0228078592400158 0.00806727254058684 0.0413906152599873
0.0835044410488271 0.006081537749048 -0.0724611273294796 0.0154454276724947
0.0300084600267873 0.017429936381281 -0.136498809307136 0.0157481456612086
0.0432800673608799 0.000105152241508042 -0.114456734774507 0.00104631022215574
0.0338724228786158 -0.0224061061658884 -0.0920989768778417 -0.0154085741071734
0.0108211168836986 -0.0299033750904057 -0.0727478937365018 -0.017427009275101
-0.00275315204021514 -0.0256387806840847 -0.0833118947935595 -0.0214984307732241
-0.0105958375624668 -0.0250552795648504 -0.0890839597456894 -0.00397970715923557
-0.0164755361164462 -0.021295657802697 -0.079017220146199 -0.00748302397072046
-0.0184244953502131 -0.0213809537340873 -0.0662380121201086 -0.0350120805802583
-0.0156292732559168 -0.02571306845233 -0.0550989791729063 -0.0673599347522464
-0.0136625026424784 -0.0329809833386923 -0.019938365666643 -0.0927658297624617
0.00282202716171094 -0.0416628101534051 0.0255989218871447 -0.0999894287018103
0.0248095200573866 -0.0412476697238313 0.0714537740089761 -0.0620857742162364
0.051999710789285 -0.0245735534244244 0.0554251848667847 -0.00164658658109302
0.0601210376930095 0.00579408340527117 -0.00339870656539962 0.0294212481593842
0.0411515723826945 0.0207253267689913 -0.0877040661027549 0.00113662363119039
0.00475182333223266 -0.0197384048775956 0.0961539583925807 -0.00120918943071102
-0.0194565925867696 -0.0124049107628915 0.0139487688680308 -0.0384741469582892
-0.0191299932277242 0.00368991675826929 -0.0567155197958275 -0.00780587149208921
-0.00679488606289241 0.010645341982081 -0.0840433503204786 0.0513008985513332
-0.0028625123472363 0.00450779828908441 -0.0409446254211706 0.105433510086474
-0.00642145518889502 0.00451891460448822 0.0174521499635609 0.104841131554922
-0.00905388822563954 0.00577630928328748 0.0522982823328953 0.0745121959171881
-0.0141213244016289 0.00598585674297245 0.076762614782965 0.0404825552864361
-0.0139194118519821 0.00445719463293596 0.0827472752232502 0.00891302177755065
-0.0166356860324246 0.00110932743411987 0.0926550257074716 -0.00333429278806836
-0.016786515921227 -0.0089536852307885 0.0913544169592328 0.0061215813708461
-0.00966641805450306 -0.0112230423513686 0.0805916903214211 0.0155697815881858
-0.00800277121586668 -0.0186986610555992 0.093263612580674 0.0161785614019626
-0.00185941448382383 -0.0271220892117269 0.116395241805714 0.00539463861332241
0.018327466067845 -0.0223606487513738 0.140608927780481 -0.022897108562212
0.0488884061750171 -0.0134950003728459 0.0866071241432842 0.001237460129758
0.0228101088939235 -0.0201265979473763 0.00853465914474666 -0.0364940306983496
0.0120362365251358 -0.0133507126595327 -0.0586208863089975 -0.0125091738964743
0.00807676457784235 -0.0162699025145096 -0.0885370706329914 0.0451200872746709
-0.00417247287810111 -0.0265622478713986 -0.0486924796087387 0.0963714007231995
-0.0213814301470326 -0.0223342596302258 0.00553709723918564 0.100514093250946
-0.0311927788840206 -0.0134878899589474 0.0420260948977269 0.0741896746560044
-0.0415318700787496 -0.0101084905666564 0.0663548405554526 0.039975736230777
-0.0423175122744497 -0.0111048042311846 0.0712204426403894 0.00574208703860571
-0.0478097751320405 -0.0197359600708279 0.0812284076061318 -0.0151546580048055
-0.0424135431451136 -0.0438996029524286 0.0862582789653346 -0.0123253810168951
-0.0166283505832596 -0.0561452212965776 0.083485250941829 -0.000646345223741549
0.0124002588040494 -0.0642936451719727 0.0932582157275084 0.0103247420824593
0.0424613789748757 -0.0601985805061903 0.104612016047057 0.00844676333521044
0.0668890622060905 -0.0400657080106472 0.118574717890644 -0.0160893056054839
0.0873696092116052 -0.00498050469849746 0.0601780062280267 -0.00132983296577864
0.0662626144287282 -0.0250854214664284 -0.00772641453513633 -0.0418047551019877
0.0475062081253225 -0.0316899620064605 -0.0673058437130858 -0.0208544466281858
0.0240430200100748 -0.0461358088026074 -0.0926094027156423 0.0369801028015548
-0.00538344367417107 -0.0575988381105505 -0.0553309330343527 0.082608111384559
-0.0346767619507966 -0.0481467884683543 -0.00920771282172276 0.0884083768595962
-0.0497509906501636 -0.0313925039611934 0.025984578494064 0.0668351892734405
-0.0625985002604303 -0.0241797776836545 0.0470157819512615 0.035412732586731
-0.0628738044896036 -0.0238636589629626 0.0487494881184905 -0.00106232066026981
-0.0721507603377676 -0.0355098465141703 0.0594933888180021 -0.0286351816893728
-0.0647007993005059 -0.0701268531424894 0.0719524859699995 -0.0347575215681507
-0.0285164915194358 -0.0911777812139557 0.0833385582663442 -0.0214135822801231
0.0238085257732866 -0.103211048572511 0.0927107506981566 0.00439040449670818
0.0761948273545949 -0.0883160716203543 0.0897269470540657 0.0163267456017607
0.10355033548247 -0.0519317450205506 0.0848654214949128 -0.00233848029748426
0.113738156845722 0.00278354045111582 0.0198589537006339 -0.00724035072902285
0.101434787835956 -0.0306532660512964 -0.0331847943529015 -0.0458599266115878
0.0777321421447855 -0.0528260215875951 -0.0793176010664439 -0.029247792664639
0.0338113278722571 -0.0757216815321606 -0.0954907226358652 0.0267821343383696
-0.00992736513086181 -0.0835155463201891 -0.0601948530889171 0.0606770578791426
-0.0461859464081005 -0.066667565825711 -0.0259331989150747 0.0682306919433903
-0.0620608143117995 -0.0441529005486807 0.00403935796420982 0.0530939981878497
-0.0741302757904576 -0.0354297891930812 0.0207889575929544 0.0241484790128813
-0.0735019726317111 -0.0349658419015759 0.0203700688595608 -0.0104161666236446
-0.0838473246703465 -0.0479653462741243 0.0317131864170945 -0.0410208592347541
-0.0748230975870818 -0.0863230033170364 0.0514935138523559 -0.055286022606761
-0.0323433422594742 -0.11106751281976 0.0775075630924584 -0.0408150932986556
0.0329068186996375 -0.125439517482096 0.0890319450986273 6.24620734818458E-05
0.0988467824370268 -0.100167579036476 0.071794181573153 0.029369722461882
0.12523095189677 -0.0527755287845492 0.042652673416539 0.0125008959827059
0.122186281236731 0.00686172232061029 -0.0296434422343502 -0.00875448275770087
0.118076606624445 -0.0350396783075418 -0.0642941178935663 -0.0430730434763622
0.0916495133603017 -0.0690145693850639 -0.0903215934258055 -0.032635542749526
0.0344895315325043 -0.0952936037537989 -0.0928950327101314 0.0130224699777754
-0.0166837910055752 -0.0953770174579094 -0.0659684690873281 0.0332237335905811
-0.0527028567662162 -0.0742181624365946 -0.0449117475517487 0.0439540491087816
-0.0662243477556811 -0.0489860165750073 -0.0205634081058356 0.0346632197683009
-0.0746198717071558 -0.0412134106103465 -0.00743723350045288 0.00966426297559501
-0.0720534961872288 -0.0427679108692234 -0.00913714575141061 -0.0226022295082948
-0.0805216015967067 -0.0566186726695153 0.00497668348300228 -0.0542541221321691
-0.0680511699507212 -0.0935275212643096 0.0319231173166483 -0.0721911031553494
-0.0225959459166711 -0.114332254446522 0.0701629078533268 -0.054769289154748
0.0456540603119888 -0.123190865745006 0.081982137448061 -0.000337915556955759
0.110569984591943 -0.0905660107488335 0.0515756872514547 0.0411127440584438
0.128933459915087 -0.04006717892608 -0.00194178175565038 0.0232064736562429
0.108810680933782 0.00872236385693163 -0.0781289223254665 -0.00451622726958847
0.111220817630497 -0.0334287530049772 -0.0929261527207991 -0.0304569016293856
0.0853052859913704 -0.0699449682887943 -0.0957142491530885 -0.0290447165566329
0.027070629375705 -0.0931832029589746 -0.0862927206034263 -0.00110570426290808
-0.0201312588903634 -0.0877748980970006 -0.0728293595979495 0.00537042537104015
-0.0498019718703635 -0.0668580391376561 -0.0649545376057249 0.0201062614386475
-0.060005103334199 -0.0444471476458475 -0.0453532872247042 0.0161254012735769
-0.0640872482308181 -0.0399111748195498 -0.0345502747245714 -0.0067638870741343
-0.0598084634255987 -0.0443278368632984 -0.033999140891476 -0.0374772479560498
-0.062967009620845 -0.0585865215676101 -0.0140109265191777 -0.0675459144979291
-0.044906162320866 -0.0886399767023668 0.0196016256098109 -0.085328498066035
-0.00178575410029846 -0.101229408566997 0.0666531514726754 -0.0624105965095785
0.0591335897007343 -0.0981946334513027 0.0718063252906234 0.00125641754764317
0.1098942857231 -0.0614487084288957 0.0296461681151614 0.0468104346977091
0.114151406809932 -0.0183552884345249 -0.0422019056895957 0.0246372243191204
0.0757371041278985 0.010566547969272 -0.116063545114138 0.00576597678594019
0.0829080956551119 -0.0217556930618295 -0.110242852174686 -0.0125986819014559
0.062833886864154 -0.0530471291857819 -0.0961628180692057 -0.0218704516768232
0.0174251650677091 -0.0684162611077592 -0.0780691840174176 -0.0121595957163347
-0.0161695756284887 -0.0617659604825326 -0.0801941842356571 -0.0135245724754854
-0.035324654797641 -0.0484969285893672 -0.0809630068640368 0.00484054266712227
-0.0433380899063252 -0.0339727962535549 -0.0668547287980821 0.00261788362549538
-0.0443058703737376 -0.0324059491598199 -0.0550403666799373 -0.0215413707688656
-0.0396210712534453 -0.0386975884659995 -0.0500578030951763 -0.05207364816682
-0.0385845561190006 -0.050307747714952 -0.0231118652615746 -0.0811135615070925
-0.018620510243235 -0.070201076276366 0.017306283542881 -0.0959911611939938
0.0174413862933468 -0.0738509747820694 0.0667866709280858 -0.0652073370254539
0.0627271995298189 -0.0611717082277737 0.0617777380963885 0.00129383429255304
0.0928185935868658 -0.0252643807628514 0.00994082504290842 0.0419848696566888
0.0837656243119811 0.00407670459341316 -0.0717564394404377 0.0168309897149022
0.0306809212096505 0.0173618738194036 -0.136007153123616 0.0183809980893284
0.042448867873647 -0.00101475871908151 -0.113655664123552 0.00316235774109293
0.0331933443245919 -0.0231308984382043 -0.0927369626965548 -0.0141719685476137
0.00928303710117027 -0.0296234493579359 -0.0733231901865716 -0.0164748888187961
-0.00349922290398162 -0.0255144355296504 -0.0850250657643853 -0.0195665174152997
-0.0117624524277559 -0.0242359995470684 -0.0891891661049797 -0.00171148943431191
-0.017087746991659 -0.0203645242801616 -0.0788528191787649 -0.00506923009896774
-0.018159013728122 -0.0201591630777412 -0.0673063508325574 -0.0328259839061086
-0.0164272109923425 -0.0249237463157803 -0.0572456343576037 -0.0645864676387912
-0.0139245430204856 -0.0318063405025297 -0.0220249533563561 -0.0920191677128349
0.000965992792491427 -0.0412473921325545 0.022765726579786 -0.10110005018996
0.0230097914336551 -0.0414540379629169 0.0688835687346161 -0.0631720579201767
0.0511472235623178 -0.0258809943962533 0.0558925433461718 -0.00211372712890072
0.0600284136143109 0.00419869233806078 -0.00149701564486935 0.030549846225544
0.0418109663880597 0.0198111952737086 -0.0866678898131534 0.0031888036111751
0.00415187790140326 -0.0199059524966473 0.094692401525847 -0.00491750075921937
-0.0198322573132952 -0.0115409388931866 0.0119577800592218 -0.0386699082839767
-0.0195577890229881 0.00432396927792567 -0.0566545889131286 -0.00557793262517028
-0.00616604005164774 0.0103828916531885 -0.0813978371460251 0.0539067445128245
-0.00265812115547355 0.00443877398758747 -0.0348210325191581 0.105520745920136
-0.00612432770890087 0.00506606884218326 0.0219302104582215 0.101954621545882
-0.0089010121850501 0.00614313131056543 0.0545146294549607 0.0712489195278395
-0.0136972895765874 0.0067953018509579 0.0777881833826865 0.0357251099827969
-0.0139064810126115 0.00533332534502117 0.0823152803471105 0.00451162803998084
-0.0170899322339221 0.00141844930280807 0.0909168722458968 -0.00811159847171922
-0.0170160636163289 -0.00804267800464499 0.090896694558119 0.00221624494661627
-0.00995110895590258 -0.0114127952999699 0.0809441273047593 0.0126939100592786
-0.00901298649594419 -0.0183439211726736 0.0932854086765252 0.0122721952720729
-0.00233226368336532 -0.0262631367906023 0.114182590206313 0.000751785336646047
0.0178086409933723 -0.0229162641327231 0.137807880271163 -0.0281604963074939
0.0478267710262331 -0.0161400029824182 0.0849837925828688 -0.00226185746134909
0.0210965541021675 -0.0208449578463032 0.00598162265864457 -0.0358031594232194
0.0112346740505381 -0.0140466082649825 -0.0589869057330542 -0.0110347715165987
0.00746150998885166 -0.0166733982128909 -0.086017703300771 0.0480078449319936
-0.00540641843436986 -0.0261256913392706 -0.0439767646312653 0.0973951782346713
-0.0223664431550042 -0.0210340238882077 0.00941855258429324 0.098448405700863
-0.031629223651421 -0.0115572318774923 0.0447260467665849 0.0719883057748146
-0.0418053983680548 -0.00754094481398223 0.0677252577158563 0.0365973423683051
-0.0421590597796481 -0.00885411183451085 0.0701728587739484 0.00165996714309767
-0.0485072690496225 -0.017539445273447 0.0795235830557692 -0.0189042080478158
-0.044221268873467 -0.0415270952657411 0.0849507385761867 -0.016247161228072
-0.01898299031992 -0.0552191919619524 0.0834822916242839 -0.00328928825426645
0.00915633653637786 -0.0643321075218842 0.0933055259530329 0.00723911003395722
0.0393460131211426 -0.0612685240483058 0.102861685358571 0.00437637094017266
0.0648253697029657 -0.0422952010127735 0.11649131736322 -0.0210076079506437
0.0865956206316178 -0.00862672190265818 0.0588184598492199 -0.00418259236314535
0.0633350815710404 -0.0279148340554929 -0.00957858039489764 -0.0403850947322404
0.045368097229761 -0.0342655305380498 -0.067919748216544 -0.0191806168122302
0.0216198921000002 -0.0469707473211695 -0.0908627349546236 0.0398579867296772
-0.00875392112844769 -0.0565791862992663 -0.0511730866860156 0.0830870669256036
-0.0369000188572422 -0.045380385718235 -0.00496630202986718 0.0874848306855492
-0.0509634550302807 -0.028298607194421 0.0282245876421894 0.0653651415768496
-0.0633360868983281 -0.0209764328686101 0.0480698480307702 0.03240502974297
-0.0637811725289354 -0.0210668223955534 0.0478172787670286 -0.00344018785365203
-0.0731968851348258 -0.0322068450707693 0.0570405996025815 -0.0313958294579589
-0.0678461320170863 -0.0655328054583966 0.0690544791238186 -0.0376741505421645
-0.0319999228354778 -0.0886236211396732 0.0806433538005199 -0.0237310391258599
0.0180628834991281 -0.103116241959136 0.092883603694684 0.000971000479876728
0.0707985589868403 -0.0902724319881965 0.0885255061233858 0.0132501604499217
0.100938839365985 -0.0553465076544999 0.083090212351426 -0.0059146288727547
0.11275464821293 -0.00241418322702045 0.0192027837545113 -0.00693465581169619
0.098225952877286 -0.0350609014564133 -0.0350957973100036 -0.044033008146432
0.0741094249576478 -0.0562763554571499 -0.0807980334779615 -0.0269072416377742
0.0301612975832447 -0.0767615766903714 -0.0932967166544225 0.0298635081715486
-0.0142168274996744 -0.0813845651859199 -0.0572210676526338 0.0623859316228024
-0.0493371043310785 -0.0632609390138624 -0.0221586274737449 0.0683694688358202
-0.0639239145255578 -0.0404130612437704 0.00566115378101281 0.051664021220105
-0.0754684684504646 -0.0311174230913983 0.0218104808439876 0.0229038113644411
-0.0750532024986253 -0.0314748913718967 0.0195559227490663 -0.0111942446153267
-0.0859063689319938 -0.0431556466765185 0.028671115906252 -0.0418930366965261
-0.079096016279633 -0.0816557312843023 0.0482279544720467 -0.0570023907685785
-0.0383454478719026 -0.108647435723934 0.0743593849034732 -0.0429867109274893
0.026117106857969 -0.125410922025024 0.088817343193394 -0.00283813203993881
0.0924353248313478 -0.10355226230042 0.0722911415725319 0.02676033417097
0.121941850151821 -0.0565072088501349 0.0430066277789243 0.0109334149123784
0.121317979706969 0.00109957261850169 -0.0295376503344555 -0.00710411414226969
0.114589982972709 -0.0405534288242302 -0.0656128091193647 -0.0393965047577709
0.0872597042507343 -0.0731640323409387 -0.0914852705673144 -0.0301188968761688
0.0297021439249814 -0.0954507582301144 -0.0912975209657375 0.0159588468358537
-0.0212963091422077 -0.0930477766258359 -0.0649580995221186 0.0351658113040099
-0.0565534297941746 -0.0696414097977424 -0.0425484505639345 0.0455324841801766
-0.0684369935031414 -0.0443891978468628 -0.0188494637165273 0.0347800540948294
-0.0758805386973845 -0.0364396443910012 -0.0073431161288445 0.0097444595698927
-0.0737781833487574 -0.0392016509480049 -0.0105715977278557 -0.0214203945787699
-0.0824663676613656 -0.0520541534524257 0.00211033994603952 -0.0531514080643671
-0.0720479955393872 -0.0887216345301231 0.0274104356493112 -0.0731134399977086
-0.028186486706398 -0.112058565802885 0.066926240911573 -0.056767924501642
0.0384942308051676 -0.123610781409876 0.0814857615116676 -0.00246612367838805
0.104500235363973 -0.0946325201517123 0.0536743847258884 0.0398874794266496
0.126213396522359 -0.0447999319907618 -0.000552279938224368 0.0227450385142678
0.108353650185744 0.00358245172040248 -0.0772898275004646 -0.00115710941920407
0.107592038169673 -0.0381047786755966 -0.0926690783012303 -0.0260837319928494
0.0806979566617567 -0.0735004399603129 -0.0967641684619806 -0.025944150580706
0.0223022372717347 -0.0927068314937707 -0.08472890539478 0.00174199396432097
-0.0242604612657401 -0.0851977986101083 -0.0731339615515822 0.00834654439406694
-0.0529005148564224 -0.063107397381427 -0.0635831404531112 0.023236548738852
-0.0617780534571775 -0.0409198458235885 -0.0447416858507598 0.0178522398379726
-0.0652839146346579 -0.0359166956998829 -0.0348189610619408 -0.00450637977534061
-0.0618863969676217 -0.0407285439922652 -0.0351006242967838 -0.0345604519061909
-0.0654280044539546 -0.054326366571748 -0.017449677713548 -0.0660345726550084
-0.0487061436003236 -0.0853292344070311 0.0145357965101182 -0.0856559314780999
-0.00626304540230103 -0.0999228550433991 0.0625349705077458 -0.0638963392787792
0.0537521948057687 -0.0994310989420409 0.0716792793078694 -0.000909157125051427
0.104879507696523 -0.0658283192445826 0.0318476861321877 0.0457691447445226
0.112553307683547 -0.0223274382968977 -0.0403224860772504 0.0256311834740897
0.0758979790672445 0.0076198670376327 -0.114490276357702 0.0105245098291208
0.0798471414920737 -0.025694755569982 -0.108435986861513 -0.00793377218143117
0.0590389401431098 -0.0560903573068257 -0.0960839115434361 -0.0184593727606214
0.0134680248544869 -0.0679844483763759 -0.0780053667802105 -0.00993489913017796
-0.0190101589793472 -0.0593645461185777 -0.0808050596943574 -0.010400355634456
-0.0380476428390271 -0.0455565500630333 -0.0804269559160122 0.00823188624532657
-0.0444458151927673 -0.0318295444757058 -0.0663258300491198 0.00477039351404485
-0.0453950261339061 -0.0296677800480368 -0.0560949222788565 -0.0184852236412269
-0.0412448105152134 -0.0360769533656666 -0.0521376601048842 -0.0485950932409109
-0.0408326046121478 -0.047156994732513 -0.0265573507477433 -0.0790672426101287
-0.0216065284710865 -0.0677518927659911 0.0124909819931859 -0.0955657181961546
0.0134037591581113 -0.0738266669973222 0.0626244915874748 -0.0663560145455017
0.0582326779381569 -0.0627624358953502 0.0616553837438563 -0.000414128262601301
0.089833236681366 -0.0297904539353476 0.0122522285032762 0.0420196973805922
0.0827655750277633 0.000569354266930994 -0.0693452100229317 0.0190850870391017
0.0318426144999327 0.0151937204056917 -0.133509544659203 0.0232837467950064
0.0417345471894325 -0.00350555397106077 -0.111616452580984 0.00780518901331943
0.0311086124792689 -0.0245806481423232 -0.0920876179934906 -0.0106774020126056
0.00799225336413352 -0.0295265582956932 -0.0735337681102152 -0.0148013914670395
-0.00494020805595636 -0.0245385870453958 -0.0861259217791434 -0.0159544611596375
-0.0129157271290676 -0.023574493269992 -0.0880643075742271 0.00294489118106001
-0.0182182161893943 -0.0187317108604372 -0.0782972816044219 -0.00170029983663989
-0.0185316883913328 -0.0186269800111525 -0.0688629666599801 -0.028581250841462
-0.0175007687083113 -0.0238330873065348 -0.0602071673636769 -0.0607498160187532
-0.0149400355082577 -0.0301368960067595 -0.0262857878898355 -0.0896584030106339
-8.96873685904995E-05 -0.0407411353786883 0.0175101640235112 -0.100520071509434
0.0207703656290563 -0.0420203371439151 0.0652735443704077 -0.0654345714807426
0.0490022008715948 -0.0274459791813377 0.0551483758296497 -0.00291174228175667
0.0597652705791607 0.00135447742319216 0.000418755365237297 0.0306840785733977
0.0418244908507371 0.0179282305672854 -0.0849838313214521 0.00702680987043798
0.00321893795311831 -0.0189452767888297 0.0903687459369645 -0.0089177467448747
-0.0196803114738783 -0.00966730010319736 0.0101972143393787 -0.0370989100099123
-0.0186111997618474 0.0042818793038191 -0.0553493590934542 -0.00399080593979664
-0.00514337045759459 0.0103676116009487 -0.0763146528472658 0.0543140729031823
-0.00261632156783644 0.00426622107787438 -0.029346840058793 0.102092925183793
-0.00584102742285301 0.00500043418561967 0.0257603170223164 0.0963892057587918
-0.00849914219447317 0.00667435585049397 0.0552267063211868 0.065804822015986
-0.013311574124554 0.00701804915012127 0.0766417227719682 0.030809614979846
-0.0139746752946214 0.00545655590289254 0.0789874598836651 0.000912623887676824
-0.0157680663785416 0.00216480562111667 0.0870629401335233 -0.0123677701902169
-0.0169278685191361 -0.00705384218521229 0.0872721523757295 -0.0021498848194683
-0.0100575059669823 -0.0103741142674676 0.0795732993961979 0.00955081180037967
-0.0092384120524914 -0.0174461266156975 0.0907272997827539 0.00816582802530117
-0.00317537094560905 -0.0250916071558703 0.109661168863725 -0.00341132255467566
0.0166631883163223 -0.0229799857689771 0.130596493685356 -0.0318739022980667
0.0453471682533359 -0.0174142696167803 0.0813938492671677 -0.00558966518837758
0.0192798697896537 -0.0208696061805063 0.00447236883985876 -0.0347234520886719
0.0097816697977253 -0.0141961579434457 -0.0574829974919249 -0.00864305245236797
0.00644436768315197 -0.0162430994490711 -0.0814682891298731 0.0492194782970633
-0.00686111495754932 -0.0243674643892268 -0.0378519467255059 0.0951515972014974
-0.022614013936118 -0.0184965704446738 0.0137902024878941 0.0935542119101579
-0.0310599164318931 -0.00964060283802984 0.0460834564950604 0.0666685023394018
-0.0404153755854211 -0.00505562755877517 0.066592900386724 0.0324410058443639
-0.041252387480821 -0.00647501633724519 0.0673008090355611 -0.0010812605029645
-0.0475260264732281 -0.0147761095233615 0.074848236548969 -0.0222388485108498
-0.0449918705904597 -0.037473102181291 0.0817676276262278 -0.0195579552553393
-0.0208726222956923 -0.0523163932848758 0.0803082407912855 -0.00583901830496381
0.00543028214262458 -0.0622108252811456 0.0905542304074008 0.00279272221156455
0.0350983920275942 -0.060812133336481 0.0988222041908345 0.000346803712940973
0.061333662494437 -0.0428728869105383 0.110805530520307 -0.0237969918943196
0.0824410583847219 -0.0123578244595383 0.056157800224098 -0.0061043956090092
0.0590660523132131 -0.0296527581498392 -0.010516834632845 -0.0383388338071951
0.0412330670953571 -0.0352033756110074 -0.0667554744988332 -0.0160262273645994
0.0183698066336838 -0.0463233299613123 -0.0858769098094143 0.0419693372606671
-0.0109503430615088 -0.0533210486566983 -0.0458293565697742 0.0818129128296222
-0.0378882721790294 -0.0412426152171754 -0.00099377897898321 0.083977739137826
-0.0508109076013467 -0.0241489354483819 0.0297937858096597 0.0612803001241993
-0.0620312810515477 -0.0163259286206691 0.0476565808359916 0.0285775675453754
-0.0634410114147931 -0.0171608971082616 0.0458487814972246 -0.00513087364499994
-0.0719600555645048 -0.0273473105184326 0.0528641802772409 -0.03186988855981
-0.0691779271674254 -0.0596962908495492 0.0648410032556574 -0.0395563449163329
-0.0357440897512103 -0.0834076212846361 0.0771300988527811 -0.0258669378144934
0.0125193373091227 -0.0999401051753052 0.0900758997120941 -0.00247824672899826
0.0638350187676985 -0.0901494309462687 0.0856606181715045 0.0100676717954885
0.0956151884216337 -0.0570310768165988 0.0796348499291359 -0.00835790365204335
0.108716144467366 -0.00778601592312985 0.0179219773950201 -0.00729280662062123
0.0919354962626921 -0.0379276574249171 -0.0350108352074216 -0.040932214243729
0.0678384269919119 -0.0581495052280781 -0.0795935001065292 -0.023449027954434
0.0252916985147141 -0.0756079321574276 -0.0882735400856573 0.0313857921521855
-0.0183414968652884 -0.0770017461374772 -0.0533242299469183 0.0619812560883959
-0.0507034917236205 -0.058093149780331 -0.0186627459453495 0.0673754491109431
-0.063930121375875 -0.0352374011350371 0.00848738579390616 0.0489765870735764
-0.0740026956500491 -0.0258761279339565 0.0223988156488934 0.0211283340618701
-0.0743326418701563 -0.0269947641889907 0.018358031798149 -0.0108513701995014
-0.0845404545935766 -0.0375161735349123 0.025333867665689 -0.0417187765957553
-0.0810216793697271 -0.0740811586145977 0.0437513118318085 -0.0570660157611538
-0.0414932458885617 -0.102207791687832 0.0700018918708463 -0.0436919812083462
0.0180242259854148 -0.12141042293042 0.0859208352668134 -0.00553550828205494
0.0838852901229398 -0.1041636058576 0.0711301335242239 0.0241133455978007
0.115223481954431 -0.0591151518992031 0.0415310077031141 0.00918546882919171
0.116808039967661 -0.00435263181154631 -0.0285022114888675 -0.00524553714797297
0.108231285647977 -0.0439288744757295 -0.0643714846292349 -0.0350865685312937
0.0802395177108841 -0.0743621973718552 -0.0902576378086432 -0.0259509126020727
0.0242209635168137 -0.0932579471403461 -0.0871572540868671 0.0180014194991368
-0.0255391115718487 -0.0882848103253612 -0.0620961336043391 0.036352345720475
-0.057265198478741 -0.0639457310924285 -0.0393028938699373 0.0464963347995938
-0.0684254826937413 -0.0388683074609702 -0.0170418887135391 0.034289084329922
-0.0747450965566503 -0.0311460941418344 -0.00666431678865937 0.0100087903704199
-0.0737377044208885 -0.0340625595506483 -0.0110876999890858 -0.0193911990358369
-0.0820809033532349 -0.0459581977119888 -0.00107933465956563 -0.0508551489872117
-0.0739753081073899 -0.0810553105112751 0.0233198665260639 -0.0721041662128495
-0.0330652571820774 -0.106761161033419 0.0620793989003711 -0.0570100847130976
0.0306866267059149 -0.120401982224387 0.0793735241396223 -0.00547119671986298
0.0958470140096844 -0.0960998356839007 0.053034726079119 0.0371059254002429
0.119924858512453 -0.0481630876222301 -0.000342195340519817 0.0223685611567149
0.104808219979917 -0.00142300450981181 -0.0747512039841746 0.00263669003084089
0.101086389985749 -0.0414036482312494 -0.0900923898874531 -0.0213891991834195
0.073886330689872 -0.074255106918264 -0.0949189095478545 -0.0215146428627192
0.0168029995238717 -0.0902608595334348 -0.0820121203021147 0.00363398447582546
-0.0273387956666399 -0.0805278716222361 -0.0716316602139847 0.0106200274753724
-0.0539891375293938 -0.0575742591171259 -0.0602343297189489 0.026149323597754
-0.062319275153443 -0.0359603955927727 -0.0426840812625061 0.0193495219406768
-0.0640677008175788 -0.0312535085798985 -0.0338717052129808 -0.00303996105564942
-0.0621950713080158 -0.036789470494013 -0.0357228564776416 -0.0312597144544303
-0.065188773594883 -0.0488930710356258 -0.0199944104452881 -0.0623099532140303
-0.0517922447673658 -0.0785642993116106 0.0102029770012191 -0.0839710093746444
-0.0111988020575167 -0.0955480779080982 0.0573176537920257 -0.063755587304399
0.046298820485106 -0.0979327272983599 0.0696651825695021 -0.00241484993534661
0.0980052427080297 -0.0681355158777966 0.03271896347555 0.0436374833190008
0.107842667038754 -0.025870294565364 -0.0375000312221396 0.0268070413595203
0.0736032788542961 0.0035354082365818 -0.109906032049136 0.0150593960723342
0.0754336381516818 -0.0279642506994085 -0.104987562789376 -0.00341163294670722
0.0540944509546021 -0.0562836780956553 -0.0937190683813525 -0.0142675124320651
0.00944594497735812 -0.0657916297703978 -0.0756244795498293 -0.00777366163979941
-0.0210828084342399 -0.0558552370017855 -0.0800196064635057 -0.00695537609826783
-0.0384480273850087 -0.0416744499111762 -0.0767819433804864 0.0119569456119224
-0.0447431907476685 -0.0279150442467391 -0.063317134717089 0.00782897517647399
-0.0447561030676033 -0.0260014176079758 -0.0552112209984939 -0.0147913158077501
-0.041823893851674 -0.032776444729896 -0.0527092288152997 -0.0439838237782602
-0.0408887200498803 -0.0433824883273678 -0.0291995357924297 -0.0742128600353099
-0.0241131712432679 -0.0641138595950681 0.00738343917878581 -0.092845871316679
0.0101196078556565 -0.0716359092739111 0.0575813562625364 -0.0661607466999865
0.052778779385946 -0.062285961971367 0.0601591941798143 -0.00197119032546246
0.084729258587457 -0.0318552628331829 0.0139479407439229 0.0404091080666923
0.0803169621232321 -0.00216291848152132 -0.0656066257861335 0.021502790444178
0.0311960578739762 0.0128147568830257 -0.127962347419326 0.0274600479108402
0.0396636144479697 -0.00500373184884666 -0.106618316631201 0.0111990449612727
0.0289328197981941 -0.0249047714828122 -0.0897177450526906 -0.00633327767126678
0.00639377866737268 -0.0286191227345943 -0.0720637691407915 -0.0129112365434218
-0.00555600067194278 -0.0228389504436881 -0.0842973436787242 -0.0115090727482635
-0.0134445947063502 -0.0217468396826703 -0.0851916163462498 0.00670965204635273
-0.0189412487250011 -0.0174830763007729 -0.0755321255304391 0.00181282018640308
-0.0182659467060386 -0.0166675264192472 -0.0678464910076756 -0.0231951145988222
-0.0175608456778858 -0.0220382653175448 -0.0607020256959804 -0.0549853736863921
-0.015674634831402 -0.0279686097044394 -0.0291846670672366 -0.0848718093640872
-0.00232721671475438 -0.0395595768317755 0.0126441219002527 -0.0973369851537211
0.0183013531846888 -0.0409553733065706 0.0604764023668775 -0.0655932274082603
0.0453551091539919 -0.028138622399595 0.0532982256770273 -0.00445196074016953
0.0576109946521796 -0.00115420351749641 0.00241040923723475 0.0299298398203256
0.0414021800861899 0.0157386995376876 -0.0807854026011727 0.00976991820463707
0.00161956784155872 -0.0196294932839493 0.0841194954424094 -0.016468688139065
-0.0191982454184949 -0.00719848457794837 0.00601420655012854 -0.0358524662545591
-0.017521474140747 0.00642247857295826 -0.0518635666464123 0.00159330313051747
-0.00373452749088453 0.00966067293402443 -0.0658577338220222 0.0603339591414479
-0.00256795282983509 0.00448379803054552 -0.0151702836802601 0.0995803418335757
-0.00470347355517021 0.00545008663177509 0.0344555192698103 0.0876822279336444
-0.00713477284818626 0.00752737731304663 0.0598713837765504 0.0570500743897963
-0.0115997341326899 0.00817562006433469 0.0749519888688856 0.0204399717708063
-0.0125090425294341 0.00642067416275295 0.0742048001442558 -0.00771661422769373
-0.0156361273175445 0.00322628739245481 0.0796877092758602 -0.0216166125062359
-0.0173517573387615 -0.00520123974190453 0.0826138941769944 -0.010939455146824
-0.0106583518171896 -0.00957536420235709 0.0766419784650332 0.00129190368219139
-0.0113059593660726 -0.0157419324123535 0.0861228152392 -0.00257562168048027
-0.00605610798683176 -0.0236989538551883 0.101190554568533 -0.016060034007075
0.0124975521598826 -0.0244183447151706 0.119819665166045 -0.0445251534086639
0.0420350404608906 -0.0228637503597953 0.0721362255709034 -0.0121521523418587
0.0154951889161996 -0.0215076442677554 0.000248013213537638 -0.0323659848355949
0.00699752932618185 -0.014147477735057 -0.0563546542233538 -0.00226578078392316
0.00405657867030205 -0.0158248364814282 -0.0705603156455082 0.0566229584397086
-0.00957724764139936 -0.0221322584993431 -0.0250457023350381 0.09451877258917
-0.0227821099671778 -0.0150258666768598 0.0221948232924679 0.0880838541869349
-0.0295446090648908 -0.00484048668567164 0.0509276385249359 0.0595096025687892
-0.0380730857563998 0.000200271291523809 0.066062486861209 0.022288290585504
-0.0401898933550376 -0.0018502604425765 0.062834959266019 -0.00748956008966779
-0.0462012415473186 -0.00834352384915889 0.0663837469960233 -0.0289888292764462
-0.0471854395707278 -0.0300903042542188 0.0734867304988284 -0.0264046764155225
-0.0259737492681944 -0.0465129715309972 0.0744746899943597 -0.0136837833203358
-0.00303305764394094 -0.0584496304518185 0.0850932143599023 -0.0076081595926993
0.0250709608500202 -0.0608847705102741 0.0923979971535523 -0.013418898731815
0.0507895769250292 -0.0478354823209162 0.103392369920038 -0.035549887867767
0.0785507630310889 -0.0226413188395955 0.0462334388121203 -0.00941329957075869
0.0519519960051275 -0.03363295561424 -0.0156280005541909 -0.033550374847181
0.034238559893822 -0.0376146408675361 -0.0675926014056417 -0.00758926417523376
0.0125510522442751 -0.0447990217301299 -0.0771633040902837 0.0504275855675195
-0.0166929290664169 -0.0483299688119254 -0.0343048810352733 0.0843813408470965
-0.039476250588825 -0.0340224448443677 0.00771693665357385 0.0811165189148428
-0.0491696065323933 -0.0166135046858667 0.0340791787603472 0.0562864559400301
-0.059841049377653 -0.00840681601611314 0.047837370671177 0.021261236503822
-0.0616764994280254 -0.00893548090265545 0.0412241561300417 -0.00879407660103688
-0.0702930458994395 -0.0172314244152792 0.0434466372148009 -0.035444153390993
-0.0724434790502942 -0.0470195984258617 0.0554297860395653 -0.0427166800034911
-0.0428078097930054 -0.0742181731646636 0.068465938723337 -0.0323920863802664
-0.00182123980399254 -0.0945163545484714 0.082856781268134 -0.0135818327371612
0.0481376979013529 -0.0904711579632467 0.0820411448997456 -0.00417431566614503
0.0806593209391402 -0.0647401274373105 0.0767607368169604 -0.0171819422177444
0.10400062965735 -0.0209161988737522 0.00799402412691576 -0.006282507467555
0.0818567005479593 -0.0447464490428983 -0.0397761355068473 -0.0327215434887142
0.056705340571407 -0.0615709536435423 -0.0816398187359947 -0.0118855735268081
0.0160991354003686 -0.0726041890904982 -0.0821596635737657 0.0419563366220223
-0.025744026231165 -0.0694325634392104 -0.0446211065966126 0.0677776624998888
-0.053932790681152 -0.0481580223861926 -0.0112979124791504 0.0688305591413044
-0.0630909785732223 -0.0254723734622865 0.0119089508455668 0.0483761505510806
-0.0718560454900655 -0.0157723550421231 0.0227561675566611 0.0173852641272253
-0.0732057631472282 -0.0164882524625903 0.01461135537264 -0.0112193141469451
-0.083118954048984 -0.025333344212338 0.016879163556377 -0.0405982130447664
-0.0843001496280411 -0.0585353422598073 0.0327941981633913 -0.0573921829885141
-0.0507012286422482 -0.0904628361804822 0.0587302736335752 -0.0487972406103316
0.00157151913522029 -0.115227874476258 0.0793134318247161 -0.0168342168100159
0.0648274938459001 -0.105157656704948 0.0703214098935404 0.00916496265143312
0.0995023040906497 -0.0677755600521594 0.0439082150550657 0.00240093579859207
0.112117531505665 -0.0188547218799309 -0.0372001998712693 0.000567778132168235
0.0963017624479099 -0.0518703771813869 -0.0675635300180395 -0.0246093958861034
0.0661620136319152 -0.078493730790142 -0.0922017042803318 -0.0121333388302262
0.0129384592030209 -0.0895833375845979 -0.0831999634333856 0.0293801152626907
-0.03301283447062 -0.0796260972967788 -0.0564020889046974 0.0452718358195035
-0.0606214988394093 -0.0528308118215913 -0.0328914228832973 0.0511621033224266
-0.0684493698304693 -0.0286146671673998 -0.0136851336755929 0.0365557783643172
-0.0734419237101069 -0.0206140348402539 -0.0054021898495421 0.0100463670121868
-0.0735348903505211 -0.0235093721230169 -0.014047539754315 -0.0164376619816756
-0.0810917581643547 -0.0333087287513837 -0.00908799649062973 -0.046956562328915
-0.0791256511725622 -0.0656213004037598 0.0113570560604647 -0.068759883943581
-0.0430252005633225 -0.0950816149698566 0.0494302659305252 -0.0608221464218743
0.0129819647368998 -0.115509757732242 0.0723648917220009 -0.0154234888598286
0.0775871950188055 -0.0986909696116925 0.0558313320805351 0.0230964218283651
0.104728414550462 -0.0577924738210235 0.00642333002184069 0.0196991038043106
0.0998916360370736 -0.0140388600917841 -0.0785301742747467 0.0126899894001654
0.0900067467972007 -0.0485415657795197 -0.0892930126269227 -0.00856899452610593
0.0607017970036133 -0.0778404675852317 -0.0962225508646691 -0.00769325435151779
0.00612924765495444 -0.0857436847443782 -0.0797947269924651 0.0150550607714473
-0.0343366668713928 -0.0719972618274525 -0.0683358743836005 0.021722616563121
-0.0565570871242152 -0.0475339284406247 -0.054845692660603 0.0341167467417132
-0.0617130824125932 -0.0262909784867671 -0.0396450512192964 0.0245243561294466
-0.0636523927354033 -0.0219917893706869 -0.032124132821242 0.00146656372624851
-0.0622087331553415 -0.0263433465017569 -0.0381739878933903 -0.0235924382482525
-0.065954557737015 -0.0368926722964401 -0.028509898764016 -0.0553261841526859
-0.0574431461069846 -0.0660879836512636 -0.00165134966352086 -0.0785057452914021
-0.0215817948853475 -0.0875428599298664 0.0450328761540007 -0.0671762064779004
0.0297502597907559 -0.095771031332383 0.0649324075220595 -0.0122661562874756
0.0824153488237862 -0.073560548435661 0.0388224284900973 0.0321885477533699
0.0963899010338745 -0.0357581167413396 -0.0291399532955556 0.0284495920085036
0.070322981293651 -0.00508445239902392 -0.107900059531531 0.0269403238659978
0.0669492787191751 -0.0328789333432436 -0.10093298008138 0.00920565932865538
0.0435647115440709 -0.0580882122689249 -0.0926346663800152 -0.00134257699376835
0.00243408934712593 -0.0620973057807219 -0.0740799660252622 0.00308762092670808
-0.0253861171747469 -0.0497921476635373 -0.0775425980185123 0.00591790261349409
-0.0405340831432572 -0.0344297641914762 -0.071490824990569 0.0225024474998097
-0.0448192266259675 -0.0204400783461936 -0.0608151878949621 0.0155913433309556
-0.0445457045763189 -0.0192892852707863 -0.0537549879401507 -0.00741821460512447
-0.0431086029931443 -0.0258424361159751 -0.0554548883837741 -0.0345535072176329
-0.0429070287086028 -0.0345567888193967 -0.0375651866229272 -0.0662217306638051
-0.0300045237006128 -0.0553142974379924 -0.00425806503065964 -0.0873403902228374
0.000105053092613327 -0.0666710516550137 0.0454353703103846 -0.0702793234785267
0.040955997283008 -0.0645751325782847 0.0564393855248841 -0.0104235319951365
0.074164431451862 -0.0394180838446979 0.0209026257970947 0.0330642731546758
0.0739673634954433 -0.010914300224037 -0.0569287375286223 0.0269900551904415
0.0306923904984622 0.00921923252011014 -0.119829426182239 0.0389962176800731
0.0363859687677697 -0.00770273037084408 -0.0997148676907298 0.0217623378322734
0.0241085683372548 -0.0253969569380624 -0.0863629131965026 0.00410909310137591
0.00267760814019255 -0.0266073526340593 -0.0709269290189786 -0.00313591998724383
-0.00748532928486656 -0.0212061034165201 -0.0820446454147885 -0.000106664323182677
-0.0154418556608215 -0.0186432388746573 -0.0798628740766435 0.0171185562548458
-0.0199042671395269 -0.0132486401738188 -0.072679313666159 0.0106822367942225
-0.0186448995809597 -0.0136074378207484 -0.0661388852503986 -0.0144142432997628
-0.018011945734313 -0.0181824032299337 -0.0640330019830505 -0.0441236065556707
-0.0170703974249059 -0.0230498445907105 -0.0378367609292011 -0.0760538979467549
-0.0067009303014602 -0.0350487407751135 0.000613200128600681 -0.0925636732347705
0.0121037116296749 -0.0400426223626155 0.0489778714324979 -0.0689136361721267
0.0379615649922524 -0.0314561629595662 0.0507102053857058 -0.010849904574138
0.0532049768356408 -0.00732328949953604 0.00888800748022674 0.0261136649828536
0.0398464520525716 0.0102023160388011 -0.0737713072203321 0.018791974322277
0.00162184562180445 -0.0183130295859299 0.079945834739931 -0.013974135846511
-0.0179570841859475 -0.00694781331265235 0.00648490003214083 -0.0341264560614623
-0.0168207343527266 0.00602429224860583 -0.0495793666480771 -0.00023686320635726
-0.00376810768696901 0.00911254233937767 -0.0637922543092999 0.0552827258122763
-0.00225132017950246 0.00390466929016021 -0.0161580188998877 0.0933525971533028
-0.00481444743982122 0.00476428196516822 0.0310048188602941 0.0838415010264474
-0.00612236245523804 0.00701854640648074 0.0560823269826142 0.0556173841380221
-0.0111722120017969 0.00750234816998743 0.0705971583989944 0.0200517063963876
-0.0121237432377576 0.00587584968610894 0.0703523311910467 -0.00564381075379408
-0.014844643238551 0.00265267907754529 0.0755177456983245 -0.0189816066997338
-0.0165546995173219 -0.00489717245918041 0.0784126146390474 -0.00923949568454446
-0.00972550681381175 -0.0094936575927624 0.0729503844950758 0.00316806220722812
-0.0104154458177795 -0.0147119529889643 0.0821508034246431 -9.12109682491872E-05
-0.00507098686596313 -0.0226597020789538 0.0961834552905804 -0.0120124252940062
0.0130359958212212 -0.0235100642582818 0.114418809634656 -0.0387116738284319
0.0407584525236465 -0.0211368576668705 0.0689089732277971 -0.00986168568502054
0.0148461215036981 -0.0195270587563616 0.000687598933120404 -0.0311368901707636
0.00620367012591152 -0.0132674239019726 -0.0538980993975102 -0.00350859072091656
0.00413503178323649 -0.0149260223113426 -0.068539836429323 0.0517138860075817
-0.00864841771447299 -0.0203586071885838 -0.0256242955885906 0.0890228504112316
-0.021519464584846 -0.0145182456956253 0.0198667620132065 0.0833356351852492
-0.028143620657482 -0.00551812834874518 0.0468312595207667 0.057233469348348
-0.0366866320021073 -0.000339361750053117 0.0621042126732406 0.02212064892787
-0.0387927665613615 -0.00194554384112791 0.0594271900216294 -0.0059824435373849
-0.0440486743461001 -0.00868443663992212 0.0631272863455464 -0.0260060986384108
-0.0443121496417881 -0.0284914794118322 0.0700640114443234 -0.0238693134959251
-0.0236840915868183 -0.0451861994800604 0.0713939103219751 -0.0106099510591723
-0.00185765846736555 -0.0555525149651223 0.0808876928194631 -0.00545868946434003
0.0247562910751057 -0.0564535969235552 0.0878364948403148 -0.00937634358565655
0.0498952364625837 -0.0446068325258345 0.0984967798401722 -0.0305844896804496
0.0751944645310215 -0.0197972988821644 0.044636893839554 -0.00781316181240294
0.0494997949399812 -0.030887460717142 -0.013527359793034 -0.0320375723636353
0.0318748828787668 -0.0347577302174592 -0.0647293226148575 -0.00900015446687754
0.0128681414719267 -0.0418585070014787 -0.0745852896984051 0.0462864337233542
-0.0151303946113996 -0.0455576591249516 -0.0343905027705474 0.079249807367148
-0.0370819345136302 -0.0323124436707933 0.00542304600988659 0.0774045416540387
-0.0469692041889531 -0.0165544936157713 0.0314316836441883 0.0537737868012049
-0.0568535852157746 -0.00847235066509443 0.0449747993460073 0.0204835494082238
-0.0588018143192179 -0.00938540498924262 0.0394342270263909 -0.00708446303906663
-0.0671183110476695 -0.0176757874862457 0.041688289429944 -0.0331227791560846
-0.0676968785695375 -0.0455774693469369 0.0528971950301515 -0.0404048933665885
-0.0394663902083387 -0.0708469353435507 0.0662107019097687 -0.0285242960286897
-0.000474145695191139 -0.0897557671400658 0.079974864812348 -0.0111040711164816
0.046834522554213 -0.0849118263328282 0.0782126121050013 -0.00156463940750477
0.0787580757630799 -0.0589534638449265 0.0735313308059619 -0.0144417229863829
0.099170331731372 -0.018440878906506 0.00829816002236216 -0.00530965488234221
0.07826443398597 -0.0408788561748986 -0.0366353325875923 -0.0308589601139308
0.053540378014131 -0.0574121968619352 -0.0773145392144387 -0.0131734685279801
0.016177194339589 -0.068753285662226 -0.0790334850170876 0.0371898845856452
-0.0233754346537974 -0.0661340609825643 -0.0438902676843335 0.0630466603779626
-0.0503124720931754 -0.0457613617988061 -0.0110994250915988 0.0647094846237542
-0.0596318014607597 -0.0245254800077519 0.0104231877082371 0.0459291592646547
-0.0683859587758677 -0.0157074278041096 0.0214848508813513 0.0165559653291988
-0.0696290889458016 -0.0168217882840218 0.014432503988751 -0.00959786982454976
-0.0789673611690828 -0.0251275833925731 0.0163325656220279 -0.0380775903095621
-0.0793971868641436 -0.0565180997797764 0.0317194715840278 -0.0538830220356002
-0.0470286279378343 -0.0865744254267735 0.057295564124338 -0.044158522876976
0.00297150307577083 -0.108691998517418 0.0761064353211631 -0.0140363927645457
0.0632768605860357 -0.0990037262206944 0.0668300699720588 0.0108144832500142
0.0962758117282413 -0.0623049549324239 0.0414260706613172 0.00377073095226611
0.10712898948032 -0.0159883504017389 -0.0346998335844162 0.000305966618415739
0.0912216349462618 -0.0468689895310551 -0.0624210889809503 -0.0238728748514994
0.0633350812617657 -0.0729975892163532 -0.0874556954958301 -0.0133906694463648
0.0134420457000336 -0.0844312148419095 -0.0797483794233322 0.0251794325807016
-0.0303998135129112 -0.0755220538375595 -0.055095824078392 0.0413170754257451
-0.0569069609968624 -0.0503645399962887 -0.0319688528881657 0.0484611997904254
-0.0645864406625317 -0.027568122740013 -0.0141117833281129 0.0344722322437949
-0.0692464143236952 -0.0204974616997044 -0.00522568042229452 0.00959642069426344
-0.0698303137400443 -0.02309189099151 -0.0124435409351773 -0.0151736358432448
-0.0767086253658006 -0.032290194781145 -0.00802170564234133 -0.0442137622031891
-0.0744962300300146 -0.0634998588287167 0.0114668806379876 -0.0651086115299688
-0.0397451179374443 -0.0910241277045847 0.0484524087959263 -0.0558797846093347
0.0137462338699657 -0.108861747163828 0.070198572372988 -0.0134724277554774
0.0741957684994288 -0.0923846615147434 0.0532536432840774 0.0241868048679917
0.101208802722709 -0.0530554666672661 0.00608745558559696 0.0195116604844258
0.0950627417802222 -0.0120870142041064 -0.074361657324059 0.0103770940761482
0.0859652834388296 -0.0438135299783544 -0.0842014277853394 -0.00933162689098896
0.0581992145955213 -0.0724321285102415 -0.0915318738207421 -0.00896176002166966
0.00775352890754682 -0.0811492941554019 -0.0763662789300072 0.0118078386258754
-0.0313641352995873 -0.0682997243207876 -0.0657842276582374 0.0199612410886886
-0.0534518221109058 -0.0452802298827252 -0.0522927168897511 0.0325242104578921
-0.0587460334071976 -0.0252744123883972 -0.0387262525942923 0.02351766119091
-0.060315602734775 -0.0214688364786801 -0.0310350785066004 0.00119909422089864
-0.0589364321809316 -0.0262218517785983 -0.0352356368120713 -0.0232706740280603
-0.0618249509777441 -0.0358685066498302 -0.0261665470496492 -0.0527252923511857
-0.0538988450795557 -0.0631472612433635 -0.000807637665217855 -0.0745930291827394
-0.0191523013887136 -0.0828659915848433 0.0441398456936614 -0.0625587182299586
0.0300779450536388 -0.0897045510466344 0.0629374032139349 -0.00959596692438353
0.0790895830820149 -0.0681283213869193 0.0367328844211798 0.0321759419338002
0.0926920471532859 -0.0322371281243735 -0.0282066632645464 0.0268658201265954
0.0671604720704159 -0.00353348823228581 -0.103198736519379 0.0235612744517614
0.0640706644148513 -0.0302124368459702 -0.0949376322613614 0.00583917175889532
0.04200501009331 -0.0542797496280473 -0.0882777001462935 -0.00372438052091628
0.00315197163008606 -0.0584173365826506 -0.0708643791717237 0.000219245414714272
-0.0232457551434984 -0.0474244057535598 -0.0751917584336829 0.00382809051653661
-0.0379568340836095 -0.0327851796207892 -0.06821020864678 0.0204231741164202
-0.0421396134645959 -0.019879790317732 -0.0582117897134925 0.014033179804348
-0.0418478532088601 -0.0193859957590676 -0.0516754721541368 -0.00765010169952579
-0.0402923387799266 -0.024517720908401 -0.0518027121917168 -0.0333301855344544
-0.0395322982506351 -0.0333541496980841 -0.0350085766173098 -0.0633038732443579
-0.0279205791925188 -0.053110734938175 -0.00344251736426891 -0.0830418402270512
0.00143053602511581 -0.0633773310136852 0.0443427996652579 -0.0649737485864849
0.0395436294752364 -0.0598581815089601 0.0545320036303276 -0.00797739115100588
0.0709971494390167 -0.0356926322335608 0.0194502300906896 0.0319406919217253
0.0706067262213927 -0.00828230764432759 -0.0546328330710206 0.0242615757500524
0.0291023158584531 0.00918630655612492 -0.114685376068398 0.0344601818711093
0.0342003303940039 -0.00658469457992944 -0.0945843065403052 0.0180491781766075
0.0225816249157078 -0.0240744879840469 -0.0825735668478793 0.00161215406080207
0.00327474016608767 -0.0251415693269636 -0.0681571387965826 -0.00542420675706707
-0.00661293244375649 -0.0196647573335328 -0.0791834577785742 -0.001237160943204
-0.0140748150246519 -0.0173081623302119 -0.076055268567395 0.0153643114353417
-0.0185535764561329 -0.0128991710565986 -0.0694526683566041 0.00863038214791565
-0.0171905728699437 -0.0133875148046686 -0.0628590010764896 -0.0142657842396588
-0.0174779905541352 -0.0176564844553264 -0.059718569907307 -0.0427422645400196
-0.0155708691863658 -0.0222002083949872 -0.0349289073306852 -0.0726639610998472
-0.00572050702081527 -0.0335814047308985 0.00180179195126312 -0.0876898673146822
0.0116263599894656 -0.0372230964149329 0.0478674364393798 -0.0639697453444681
0.0365062320903139 -0.0290983924563655 0.0485334580388436 -0.00872958580693276
0.0496840425297945 -0.00642316729112625 0.0078604072402285 0.0255748759869424
0.0374403162005058 0.0108714415769027 -0.0696906127494991 0.0161280162246675
0.00291341942292687 -0.0179414537209499 0.0786494746326295 -0.0102432146458835
-0.0167449030870176 -0.00753057948655471 0.00820957629657134 -0.0335278230841126
-0.0166378532074125 0.00506363192479185 -0.04855099476186 -0.00285863819177122
-0.00428872136901231 0.00853439105110017 -0.0652251583472006 0.0512176442351334
-0.0028188814829923 0.00366874153957931 -0.0199333399598319 0.0898201725117861
-0.00489760162432139 0.00424998810940965 0.0263736648117482 0.0830501702327793
-0.0066587168966597 0.00655508485695364 0.0524743035867763 0.0564246809944368
-0.0114876516729993 0.00744204044472353 0.0690181816235549 0.0223539138523532
-0.0124611271677852 0.00540427155673594 0.069105126516224 -0.00246362811060543
-0.0150897218863587 0.00188308188778491 0.0746952083130962 -0.0155206353624701
-0.0162917529593981 -0.00574245907056119 0.078014399518284 -0.00573150646386578
-0.0094975744476207 -0.00955928996148143 0.0726993729053793 0.00729818492602666
-0.00995749333162962 -0.0148180055929577 0.0807650197958754 0.00391178919188794
-0.00384994369012261 -0.0223373713026507 0.0949187918731397 -0.00639439987863091
0.0139924810690343 -0.0223276815052495 0.113587046317912 -0.0319803879433815
0.0406031983439832 -0.0190449709382851 0.0684074433532756 -0.00658172514925647
0.0155122709401537 -0.0185160080373405 0.00279110835269853 -0.0307887638541082
0.00639821162332816 -0.0128907331701186 -0.0524714721826271 -0.0063687603757758
0.0049302907977796 -0.0143598916056606 -0.0697709921606433 0.0465711225439589
-0.00771386644215837 -0.0207908288163365 -0.0288301426370544 0.0852043460398894
-0.0208580382616782 -0.0141279518993268 0.0160281337659194 0.0829444329265552
-0.0272830604622195 -0.00551253750636968 0.0440358426955246 0.057760141872152
-0.0355323834866945 -0.00161582758900995 0.0599898663923408 0.0235768665146102
-0.0385056336198301 -0.00379706825597352 0.0585794174386854 -0.00364959097919532
-0.0431947868430695 -0.0108819461967585 0.0625610732199378 -0.0230918473508225
-0.0422389657096329 -0.0295876542212407 0.0697411786818117 -0.0208990641251091
-0.021515773442184 -0.0450527303482799 0.0710911336797629 -0.00665096328812591
0.000379218081802987 -0.05451410668433 0.079837048811073 -0.00133132356329944
0.026930750399697 -0.0542336551402544 0.0866236203124791 -0.00463108261139124
0.0509798717326953 -0.0412964213732839 0.0979414871129825 -0.0245045733997862
0.0743791149762437 -0.0166836527168509 0.0444001872653943 -0.00531394628397563
0.049417082968541 -0.0271273106932769 -0.0114018995416223 -0.0319410565164581
0.0323411811609386 -0.0323640071454587 -0.0623579254962768 -0.0121023401388761
0.0136650158809995 -0.0403564557036085 -0.0752224723687705 0.0408331636414837
-0.0129299087029011 -0.044887810873004 -0.0370042909331591 0.0752557866066773
-0.0348652561644516 -0.0325125200256636 0.00218797780388665 0.0763909172617265
-0.0451148610882571 -0.0175929748745969 0.0287210690947162 0.0538172670356725
-0.0553673206906246 -0.0103508890814339 0.0430493077608662 0.0217848065346478
-0.0578041690033437 -0.0115637347097081 0.0389419783667839 -0.00499401154710053
-0.0648095958003807 -0.0194659397488822 0.0416889688177429 -0.0302167406961137
-0.0649121470690229 -0.0461301342156311 0.0533371317170013 -0.0375235087407018
-0.0368001111892669 -0.0711674495875172 0.066419309364637 -0.0247958728418575
0.00329288886961029 -0.0871881270842223 0.079301585090234 -0.00672276152248577
0.049455857449905 -0.0808155292881839 0.076910012717622 0.00295793947167371
0.0801609866304513 -0.0545329268025921 0.0730341233857675 -0.0103743185400386
0.0977359263960293 -0.0139972262283606 0.00874499241211045 -0.00515033998556524
0.0778772669241195 -0.0359976300567846 -0.0337711936239102 -0.0323538056984197
0.054176749059966 -0.0538938879190985 -0.0762032588083972 -0.0174481354304949
0.0179753444518632 -0.0664137971843342 -0.0793641186456017 0.0325494886821698
-0.0203389286336983 -0.0655643366654133 -0.0468847714274774 0.0593757874184751
-0.0471252912757184 -0.0463997991583911 -0.0140490443163522 0.0631894102500723
-0.0580308962285135 -0.0261599473929397 0.00815884890229631 0.0452792403707078
-0.0662476908961097 -0.0177775704127294 0.0206148061963031 0.0167834548856006
-0.0683271349096259 -0.0189205050857111 0.0143825990484779 -0.00865217351004111
-0.0763252541380783 -0.0275224830212125 0.0173047901953771 -0.0361739757808139
-0.0764602097400178 -0.0577932713479735 0.0331755073435699 -0.0517132234457416
-0.0427737480542921 -0.0864818398197514 0.0582384953450344 -0.0402960832907514
0.00682907512604907 -0.106259306960049 0.0755732876179039 -0.00940251934551853
0.065789065010635 -0.0938668388105785 0.06585415511179 0.014421016580504
0.0975524494060264 -0.0567479104315566 0.0410391395034731 0.00585194057434393
0.10541933137135 -0.0114148207159531 -0.0329145634872406 -0.00131259158268295
0.0905870991001108 -0.0417267117307738 -0.0587723820868679 -0.0256512834145266
0.0639842383392971 -0.0685563539184197 -0.0859090670351774 -0.0178916958850526
0.0165083760137221 -0.0818038362585471 -0.0793308820115969 0.020188623570299
-0.0270042760379055 -0.0743118778182008 -0.0562772289239122 0.0383022818098888
-0.0538717535570685 -0.0509012845283457 -0.0330499428406985 0.0463866701842547
-0.0621959545049096 -0.0290394728635529 -0.0148515622428728 0.0332184644404874
-0.0670470097594679 -0.0224283164951635 -0.00644898887930402 0.00870455571024838
-0.0679792673106291 -0.0251823351776551 -0.01191132804322 -0.0149159221091708
-0.074552711057847 -0.0342613627648265 -0.00644746764016249 -0.0433089483363695
-0.0706736706161922 -0.0641217186200639 0.0138541585307514 -0.0630039989575483
-0.0353911310466318 -0.090510254785419 0.0499796368712591 -0.0523460704089647
0.0175364061452616 -0.10566890513265 0.0704290122185932 -0.00889736268646703
0.0767911003944895 -0.0875109239443178 0.0514843010921877 0.0261469706292992
0.101837676654898 -0.0465724608227879 0.00534795903169805 0.0191617431011018
0.0939264905559333 -0.0076382022120087 -0.0727341048059053 0.00688131156934002
0.085677061545721 -0.0387695473894998 -0.0811844776235824 -0.0130746867989054
0.0591052813122676 -0.0679907493231256 -0.0897997618636295 -0.0133675554211183
0.0102937938827629 -0.0788389268245451 -0.0757410847733636 0.00736111814015791
-0.0278597247489308 -0.0678631429630205 -0.0660677717897133 0.0165591585495658
-0.0501723741559403 -0.0465703216796218 -0.0521346604136473 0.0298032995899365
-0.0561795310601952 -0.0267263663757276 -0.0386704588752556 0.0212666844632235
-0.0582244805361916 -0.0232761521317077 -0.0308210454588184 0.000268440585506092
-0.0571927008275521 -0.0276914831716815 -0.0338065659010594 -0.0232040082474817
-0.0598736233965786 -0.0377073007508529 -0.0233685761125114 -0.0523307946078235
-0.0508126356142558 -0.0631634829692304 0.00223269225792472 -0.0729816282073482
-0.0159846902042977 -0.0816414637994995 0.045978376804211 -0.0587029117255315
0.0326525667916894 -0.0867095478021519 0.0628369406560324 -0.00649987725227402
0.0797783368697248 -0.0634512437739607 0.0344456340177581 0.0339208927942816
0.0926084106707324 -0.0271990414227313 -0.0287985443417278 0.0249414174000375
0.0655468163646326 -0.000542030469802901 -0.101551365220851 0.0179457923765741
0.06376273234707 -0.0264762962473521 -0.0924579231903276 0.00195024342500019
0.0431368208993652 -0.0509027341058955 -0.0867514134393363 -0.00807713979925113
0.00512033180684061 -0.056800079392808 -0.0701891871072726 -0.0040965861223779
-0.0209770422712074 -0.0468123974371225 -0.0743675443849498 0.00111019778243326
-0.0361734873061031 -0.0335464978956862 -0.0677685010793842 0.0175850038224017
-0.0404813490181271 -0.020421953420723 -0.0582252366317904 0.0112562910835624
-0.0399457767796794 -0.020281262215652 -0.0501646762443121 -0.00948289741467004
-0.0385637163331103 -0.0254490161542916 -0.0494141281233858 -0.0341034977228742
-0.0379728602566461 -0.0344880535210429 -0.031325508924531 -0.0629496416087891
-0.0253119940804163 -0.052837034027407 0.000460751253714207 -0.0811035676532789
0.0038840713503336 -0.0616047316338818 0.0461824959677741 -0.0614637809994222
0.0412011451829983 -0.0559136508630877 0.0543080531989005 -0.00456791252522847
0.070786566201979 -0.0320573678790462 0.0183738577604571 0.0324229244855159
0.0694137446391318 -0.00529212493010636 -0.0544876392321921 0.0217374300109458
0.0282112081044797 0.0101659983371384 -0.11415171397873 0.0282844957926644
0.0337943959053905 -0.00466761336548864 -0.0932005086938377 0.0129869215527808
0.0223017037363976 -0.0220944621657527 -0.0810400962112706 -0.00257956557009106
0.00410532284793578 -0.0242277780655391 -0.0671798275810141 -0.00963246968416405
-0.00552201672290397 -0.0191369043134399 -0.0786792499272258 -0.00407230416907704
-0.0133099366179504 -0.017760325865224 -0.075194484826071 0.0116734081172989
-0.0172483303830611 -0.0131003627434043 -0.0684582609309837 0.0064794626625968
-0.0161507288394376 -0.0139376431917802 -0.0614748087327677 -0.0159045801327869
-0.0164072061984493 -0.017881790854054 -0.0566875420754842 -0.0436198115393435
-0.0142234100235711 -0.0229438407794194 -0.0304623811302867 -0.072773712130158
-0.00456715976817164 -0.0332316294093009 0.00570929153297546 -0.0855334947174514
0.0126373779984637 -0.0358172798933747 0.0499010931646057 -0.0603431452210621
0.0364941553434495 -0.0263522947673977 0.0489106324474922 -0.00524987536005318
0.0487334878566954 -0.00399559854329617 0.00724696854209446 0.0253282509444874
0.0366438795926726 0.0122535524138677 -0.0688646703443431 0.0120988731375101
0.0043617805656935 -0.0184190927657511 0.0809312308239697 -0.00670069871268245
-0.0167309606182303 -0.0078806304607083 0.0100810850335382 -0.0339919086430597
-0.017066595721466 0.00466380980635332 -0.050278887491354 -0.00585761459580282
-0.00439419853392235 0.00838950944807807 -0.0697759155629714 0.0490808318582995
-0.00285643136642531 0.00329152038643905 -0.024289257467506 0.0906776068779414
-0.00575832362457989 0.00452538913605588 0.0231738066706126 0.0852526726251401
-0.00684683787953688 0.00659640987297539 0.0505233848399602 0.0598314383428788
-0.0121009203555464 0.00719667664066812 0.0692559104161258 0.0252751014907769
-0.0133907810954759 0.00481663530389593 0.0705276175689643 0.000739450841016527
-0.016207056020503 0.000979684385081477 0.076528019408898 -0.0119488794912433
-0.0164625385066194 -0.00598920593297929 0.0795513485747428 -0.00218947344510654
-0.00867773844446985 -0.0108845267418915 0.0741556986058306 0.0112583972526297
-0.0091428964772291 -0.0153943835035054 0.0819414121986275 0.00805539708022569
-0.002902042308683 -0.0232878784072901 0.0964658192007345 -0.00123154223396814
0.0152965019544327 -0.0228691091267309 0.117540222434535 -0.0260268199363073
0.0422546820084231 -0.017943191805425 0.069961833911366 -0.00326355267894456
0.0166172843053763 -0.0177869176028883 0.00498069620037298 -0.031533454751762
0.00641610861133342 -0.012568405023486 -0.0536557101759422 -0.00973526112240754
0.00512630939332779 -0.014573825152293 -0.0736948229996836 0.0439493149442861
-0.00719830286469602 -0.0210909725589406 -0.0335449131175149 0.0847086345729443
-0.0206102288939906 -0.0155757282930633 0.0121781650404947 0.0847483097031494
-0.0276062876693117 -0.00706453349239028 0.0419153668781422 0.0609149788808068
-0.0364974676874078 -0.00254862539118316 0.0600335311601937 0.0265731312554222
-0.0395734262424073 -0.00500791708388094 0.060176279273014 -0.000343570391008406
-0.04391773641958 -0.013038121546538 0.0643451435813493 -0.0204171726950038
-0.0423607452529452 -0.0316379184976923 0.0718760969044243 -0.0178917529134089
-0.0203806071294103 -0.0471732498931084 0.0734246462542509 -0.00321559840588943
0.00240274087412769 -0.0552630528194785 0.0823216372093409 0.00284638130850475
0.0297174133159828 -0.0543069895957576 0.0884101547566612 0.000138872995079703
0.0542534309968268 -0.0397938845879684 0.101118400392587 -0.0195935113164422
0.0765272952394826 -0.0136301895370437 0.0461340163358892 -0.00349168803892255
0.0512358257373382 -0.0255743660548364 -0.0094504614532295 -0.0336975212391903
0.0340542035545158 -0.0312206809137519 -0.0642101879527972 -0.0161878648918802
0.0151540767629169 -0.0405565884085154 -0.0796940409925053 0.037959962545577
-0.0116785560235452 -0.0461768506997977 -0.0421474374688231 0.0746321336551099
-0.0344663782762674 -0.0339711441922422 -0.000887883677335988 0.0775406181792318
-0.0457444205602135 -0.0192986039061902 0.0273181466881291 0.0559533332430537
-0.0559208297924251 -0.0122215581119105 0.0432034463533146 0.0237856244198113
-0.0592067267176611 -0.0142097265382918 0.0406054107051508 -0.00397161304014375
-0.0663265988012625 -0.0227667550579122 0.0438858103270304 -0.0284572449431997
-0.064849045492259 -0.049637100378535 0.055801473348922 -0.0367134946703359
-0.0340520524858212 -0.0735630785455636 0.0701153590525952 -0.0212545035350282
0.00684837698883393 -0.0885206529374214 0.0815737849838867 -0.00278088260436606
0.0536485255839379 -0.0802245202113548 0.0785453412185433 0.00733911316677538
0.0848586673898026 -0.0512572036463172 0.0751882579304566 -0.00631575204342306
0.100626250795129 -0.010033742465041 0.0100602649461752 -0.00488223448999809
0.0807753251061308 -0.0329616421380022 -0.0314885566653438 -0.034912487344135
0.0569864201748949 -0.0519522130013708 -0.0770470267466978 -0.0209191597229537
0.0209146972905022 -0.0667218122219119 -0.0830088989533103 0.0286741507144812
-0.0183403084286292 -0.0666966253522576 -0.0499540393649982 0.0582730454643115
-0.046590926285518 -0.0482986777130379 -0.0163418943931152 0.0642626475280681
-0.0585204031263026 -0.0282778180721393 0.00739555254087179 0.0461870707889692
-0.0669352965116437 -0.0200994125026129 0.0196401783394566 0.0176403481877888
-0.0691503906903381 -0.0219585283543948 0.0153449175021285 -0.00846688790666097
-0.0773290010869987 -0.0310599070955347 0.0190005140260237 -0.0362043470427024
-0.0756776154912695 -0.061677480750605 0.0354844444634264 -0.0514025561612926
-0.0404559342072865 -0.0898547437709326 0.0618716417218196 -0.0379925386523246
0.0117733036958496 -0.107197543109628 0.0784050888664459 -0.00596221688327961
0.0710786579640768 -0.0927911584709946 0.0670298003678727 0.0185846850597084
0.102712375422414 -0.0535878175643109 0.0412183376391586 0.00846364873323183
0.10781562504132 -0.00709148951707533 -0.0330494007473921 -0.00287418598985328
0.0941922207800753 -0.0383607117854916 -0.0574944688839675 -0.029667454645116
0.0672982073473702 -0.066621613128097 -0.0865419825469741 -0.0228337017654248
0.0198860337188613 -0.0825176683714631 -0.0828866143923637 0.0158450966264604
-0.024742702749161 -0.0768779571681432 -0.0597389752157573 0.0365407523310818
-0.0531609980842133 -0.0536102327694064 -0.0353769555354159 0.0461804897125072
-0.0622777395239445 -0.0316004411089792 -0.0170710429365613 0.0328224606998972
-0.0681690664550257 -0.0253425466698562 -0.00675381350098304 0.00885196738621215
-0.068888860253127 -0.0281593493799355 -0.0110840851788567 -0.0150643569715446
-0.0747064198069975 -0.037478216031296 -0.00465929261984711 -0.0441287318371582
-0.0699881140231735 -0.0676013442025423 0.0161478373776719 -0.0639659974193884
-0.0329729999873771 -0.092699241163277 0.0537432532933542 -0.0503127848949654
0.0219167474370358 -0.10626834107709 0.0734343218032037 -0.00532206477201016
0.0812320006735791 -0.0863052890937583 0.0520193255243248 0.0301054715023264
0.106630253988573 -0.0431368414667971 0.00486355275448179 0.019848342282958
0.0960152014106698 -0.00381084291683432 -0.0741714363332902 0.00360706472936937
0.0889941859235659 -0.0355373877149422 -0.0806651215893222 -0.0172467875653263
0.0629485134007202 -0.0669191200165423 -0.0905756741063914 -0.0186419577490618
0.013811808815891 -0.079939690721995 -0.0779213605438177 0.00254624617701191
-0.0260700829935814 -0.0701619651777226 -0.0692741305904528 0.0135353271147579
-0.0497618823928854 -0.0485084037004147 -0.0546299814791991 0.0281744241742209
-0.0567101364418399 -0.0289799726168239 -0.0402529912016814 0.0198861744716548
-0.0583026635496887 -0.0259240962393201 -0.0318531161364985 -0.00158738590447305
-0.0573644661241218 -0.0303980053112593 -0.0335796918529365 -0.0253152341999981
-0.0590472861729689 -0.0402985822628977 -0.0219130781231782 -0.054190980837139
-0.0496958153892192 -0.0659327347225058 0.00500036353996757 -0.0745393860754882
-0.0130374518421395 -0.0832157216563241 0.0495157938454786 -0.0576275597715526
0.0369382217789255 -0.0861912038115875 0.0653889433918303 -0.00266310319490485
0.084304184290918 -0.0612037564124669 0.0345022859826652 0.0362073436542118
0.0958707507075941 -0.0237509334584688 -0.0297448547531419 0.0248018231848792
0.0670242049753385 0.0022586772854812 -0.104001561456033 0.0134067342108404
0.0656269622678549 -0.0238467304910247 -0.0936411294255679 -0.0030322076379599
0.0452477802586101 -0.0495427240955602 -0.0880489655169493 -0.0125429164121684
0.00787527887016923 -0.0572506238364223 -0.0724475860739908 -0.00855834022683175
-0.0191529358450792 -0.048543479887954 -0.076662466344474 -0.00232408000888954
-0.0354074817224921 -0.0349988841503542 -0.0697297296789337 0.0150925961149264
-0.0405008376109778 -0.0225669353227472 -0.0597323517785707 0.00920625629491431
-0.0398618055001572 -0.0224761282382922 -0.0516136746641572 -0.011315270421635
-0.038237711690577 -0.0272721382272939 -0.0493507350020016 -0.0363805275183441
-0.0367626996974962 -0.0358700581511524 -0.0292409355789121 -0.0653066929732558
-0.0238800959869787 -0.0540985216555656 0.00334382045996011 -0.0825447975823418
0.00656848960997717 -0.0614561711722181 0.0503267520367277 -0.0596945533956851
0.0436210195901147 -0.0547946078500726 0.0569561757157965 -0.00147808407627198
0.073866338590918 -0.0295107049043203 0.0176838032472255 0.0342030438787222
0.0716003162828675 -0.00242813509403232 -0.0563138994330439 0.0197032054568926
0.0282730601280583 0.0115574641947606 -0.117640569921293 0.0229916436225243
0.0342938836024295 -0.00323570735340347 -0.0952322143568642 0.00802738457137137
0.0236223016368756 -0.0209897307656211 -0.0824655024093368 -0.00685612127769071
0.00500726751663097 -0.0240268898415716 -0.0689544403656176 -0.0136476054410143
-0.00485276182088095 -0.0199175664996388 -0.0802016588722232 -0.0072980559736563
-0.0129757559685824 -0.0184739256270131 -0.0768247252321177 0.00925870674408456
-0.017161223862538 -0.0134681241545141 -0.0703399857702593 0.0039224020468146
-0.016224451741688 -0.0150794977162267 -0.0625764605415236 -0.0184965611491655
-0.0156783555933804 -0.0187402367917789 -0.0562669863258209 -0.0459392111747057
-0.0132710521502617 -0.0233147127580556 -0.0287366703339055 -0.0747308278471684
-0.00341486597317683 -0.0334973145630401 0.00952728026997545 -0.086263313151421
0.0145277269473812 -0.0357232568275382 0.0529798766807785 -0.0588476769623506
0.038556796000376 -0.0246208934864758 0.0513777260775814 -0.00258735932797606
0.0499414696535014 -0.00215201503514569 0.00667620665200153 0.0266059988524076
0.0362949268019571 0.0134080820980755 -0.0707070121740812 0.00964602283965799
0.00462732950739515 -0.0196348805061837 0.0856000271149898 -0.00513637304671771
-0.0173515197225037 -0.00886170296713393 0.0109973600385979 -0.0365059833967765
-0.0184571023247628 0.00460916457515187 -0.0528990764169957 -0.00784764475884048
-0.00521429651562807 0.0084029151142927 -0.0759863595934359 0.0506739964906241
-0.00321819309314349 0.00307694232875711 -0.0279063928546597 0.0943140515197311
-0.0058178512263523 0.00448442127488928 0.0232689576872746 0.0901920775122174
-0.00774826824694601 0.00599080676921403 0.0525287132616897 0.0640255489360721
-0.0125287895534142 0.0068968975522749 0.0728308204740854 0.0279207866495241
-0.0150914204165436 0.00501305979072467 0.0748567025121604 0.00232450872843999
-0.0174474204984727 0.000527643422501374 0.0806411835167924 -0.0115652600143438
-0.0171252039271106 -0.00698866007140776 0.0838355889896272 -0.00112284247772619
-0.00899985548257945 -0.0115486115066135 0.0789170892799914 0.0139638144289052
-0.00932588956812787 -0.0169293279551682 0.0864284206457764 0.0103984236960757
-0.00252587231699611 -0.0240701580299671 0.101920474396584 0.00181269459822962
0.0171275840580039 -0.0237109799309227 0.124600186510148 -0.024541308683826
0.0454420323467908 -0.0185556275508942 0.0745192520961943 -0.00176425703833623
0.0172844496144675 -0.0182906045310683 0.00605771733928833 -0.0337835721349072
0.00711111401912436 -0.0126068886191339 -0.0575625937963917 -0.0117146322326408
0.00549147234300871 -0.0152895717954894 -0.0794910197426824 0.0446498134337221
-0.00748555839161371 -0.0227074570590836 -0.0372852807343869 0.0883206324068227
-0.0219100516532991 -0.0165724204704002 0.0116314448838361 0.0892185934765965
-0.029181680492757 -0.0072612311745407 0.0433362534361552 0.0648284345457198
-0.0388802165050208 -0.00338755461441204 0.0635489020268196 0.0288058511126542
-0.0419950891097203 -0.00615041166960907 0.0638177388874652 0.000496055269337912
-0.0466447972550868 -0.0138676143570591 0.0685916878236992 -0.0203382223686634
-0.0444878674976676 -0.0334957077386882 0.0764686940647134 -0.018300592238597
-0.0207746665597605 -0.0497615892889599 0.0781268551338968 -0.00164229077294424
0.00377920304503535 -0.0583155146665514 0.0872263738328285 0.00502134024677828
0.0321170028599032 -0.0565159330275406 0.0936510116401622 0.00339275619949239
0.0587002316465024 -0.0415943588564887 0.107609844490582 -0.0177693891825032
0.0813648995460868 -0.0137804691623882 0.049288544429778 -0.00329819516194296
0.0543560554057744 -0.0259986031627081 -0.00811962281845696 -0.0356051205574552
0.0357073012296574 -0.0317639656336368 -0.0679887742876648 -0.0190743078908397
0.0168678136506027 -0.0423738871838621 -0.0851268074522754 0.0377985477813452
-0.0115384866214131 -0.0486972176220417 -0.0455164073487445 0.0773789566991363
-0.0361220911030248 -0.0364296576063614 -0.00234790271081626 0.0818068555504066
-0.048277068574338 -0.0206932971677378 0.0277596552414502 0.0599001771025252
-0.0592249853152673 -0.0132815711204595 0.0453957425676465 0.0257255761222477
-0.0625222138640945 -0.0155226242152536 0.043189734755825 -0.00304547827858557
-0.0696749277299189 -0.0247859404400044 0.0469143892215217 -0.0294612465381779
-0.0681487253182766 -0.0524882739733722 0.0591216928662728 -0.03693305741306
-0.0352544100503963 -0.0782911835442497 0.0743244936648991 -0.0201572400800017
0.00880569432329926 -0.0929830644308848 0.086809104228979 -0.00117524586909959
0.0579609553491031 -0.0840087213479978 0.0833434496990987 0.0100922588652345
0.090914836791664 -0.0528819530085529 0.0793838080096858 -0.00490571112054429
0.106100655228694 -0.00905952792394693 0.0113300527281153 -0.00437410152117212
0.0850623114573945 -0.0332508164818439 -0.0309353087188193 -0.0376000913303565
0.0607667100903771 -0.053280834329544 -0.0812384594566851 -0.0253467627357932
0.0230475070355032 -0.0699232234320279 -0.0884030676308842 0.0275649282698313
-0.0183603810540402 -0.0705517248673597 -0.0547686132012669 0.0595556905701523
-0.0483267013631357 -0.0510536273453067 -0.018398355709393 0.0674428442906567
-0.0609466501514596 -0.0301717132917286 0.00631137602117926 0.0487641945292571
-0.0707436377091051 -0.0221705977362254 0.0202417648473699 0.0188590718170043
-0.0739404964554672 -0.0239226474172819 0.0164888731185977 -0.00792778453872105
-0.0820237618480822 -0.0332039008155642 0.020920165054241 -0.0374459507445084
-0.0799358248541605 -0.064984382430801 0.0378416158551832 -0.0533090820285665
-0.0417959875786686 -0.0943574625007602 0.0663418702498388 -0.0386585849304441
0.013860428740436 -0.112894500819234 0.0841487412915342 -0.00468639769265256
0.076146479728731 -0.0974580407141885 0.0714221579673665 0.0220648335311113
0.109960314884499 -0.0544474361300652 0.0437587289255084 0.00956748649147122
0.114235037872771 -0.00596162771033407 -0.0340860360113899 -0.00437196392924288
0.0998780141107118 -0.0387309099253811 -0.0586252117774147 -0.0323761061953617
0.0720514252454784 -0.0686331530464403 -0.0917276542774081 -0.0264670437547628
0.0218437283870003 -0.086693451887575 -0.0884532415851786 0.0145635393332576
-0.0249965287784955 -0.0808075715402753 -0.0639441397929566 0.0369040528175397
-0.0553368967515343 -0.0566113183344588 -0.0379502802319817 0.0484681317416461
-0.0654069998645515 -0.0337540094878422 -0.0177704287960696 0.0340871565118471
-0.071408273342692 -0.0270049842702649 -0.00727170880949731 0.00929864361679165
-0.0735901051259856 -0.0298189171538539 -0.0112673638063274 -0.0164602358082606
-0.0790665196498967 -0.0404872356207573 -0.00432720318160812 -0.0460516486889559
-0.0733946724083656 -0.0710599662930844 0.0175578970308086 -0.0674493186903093
-0.033641707555293 -0.0976226457121567 0.057762878188475 -0.0511343306058403
0.0253154665608167 -0.111645427627698 0.078919168412608 -0.00426977665563111
0.0875809192302597 -0.0896676691071134 0.0550567430984251 0.0335971764063178
0.114381647102376 -0.0438104468524099 0.00531219532341442 0.0214886067371473
0.101671669788838 -0.00247502228360376 -0.0778541910345878 0.00185420034428299
0.0939512430667996 -0.0358878887805181 -0.0833622779150608 -0.0203696127263335
0.0670328080934259 -0.0686881851325259 -0.0956976735026386 -0.0213826584348474
0.0157653989979017 -0.0838586888486607 -0.0835578437847009 0.000343288605927724
-0.0266951732388237 -0.074018866509621 -0.0738966349568174 0.0136055422539694
-0.0519714695462615 -0.0510213258204242 -0.0579533971987511 0.0290954712722124
-0.0594856837114832 -0.0306884380272239 -0.0428782643766947 0.0205929887014025
-0.0614713257514845 -0.0276634062550322 -0.0340385083816996 -0.00154387591810459
-0.060607860484129 -0.0325287560094917 -0.035483400088262 -0.0257188768233098
-0.0626530880619967 -0.043478673687979 -0.0222439955493238 -0.0570282290189191
-0.0513256629284213 -0.0697639809080694 0.00571462864520394 -0.0783834143989959
-0.0128335738671922 -0.0876851452877618 0.0534978375146564 -0.0592223746865142
0.0398740558755237 -0.0896690154907022 0.0703036110613357 -0.00124223127602315
0.0892908551175658 -0.0634776292082177 0.0365794820400009 0.039551003607667
0.101861103397156 -0.0228833195738351 -0.0311494739914723 0.0250278142873977
0.0709439693162844 0.00320314889878387 -0.11019591838925 0.0116950014358377
0.0700353815039254 -0.0234350133046963 -0.097653494044284 -0.00514373897902604
0.0481905736540953 -0.0515340285830006 -0.0927089725982951 -0.0153365921842367
0.00905144243765312 -0.0601589843351119 -0.0770767196553151 -0.0113238788030714
-0.0198652585354588 -0.0512744516717673 -0.0817273809945095 -0.00323482028922627
-0.0371146286757271 -0.0370187985206248 -0.073754731885659 0.0145980623224239
-0.0425160179222381 -0.0238453809165293 -0.0632160296554194 0.00929000837874277
-0.0415909673784673 -0.024352441193194 -0.0546544719030335 -0.0121541695089304
-0.0402953543426795 -0.0298115896844563 -0.0519352840692212 -0.0386144719978488
-0.0380679935963753 -0.0386236700422627 -0.0303047873183158 -0.0686000093937188
-0.0248290083977557 -0.0575388049274056 0.00482311456450523 -0.0869132184243435
0.00753751655290001 -0.0648228492835559 0.0539693191294869 -0.0617458767702857
0.0476301850913468 -0.0566447612940691 0.0610093587446587 0.000213497658129911
0.0775429674336189 -0.0297363295754585 0.0192155466530077 0.0370184732355157
0.0753639223482535 -0.00149382854369188 -0.0594219921622368 0.0200978073679282
0.0291750773204721 0.0129406175908199 -0.125244308703178 0.0215646731856983
0.0364228320919875 -0.00323741102723993 -0.100385298486907 0.00624744046160059
0.0251336397339756 -0.0217704060546851 -0.0866436325512772 -0.00909040050700978
0.0054289239201786 -0.024755836216043 -0.0734122936931796 -0.0160326707239067
-0.00442738248632758 -0.0210575504396324 -0.0850025397823631 -0.00871266019854489
-0.0137663488650452 -0.0193117058606138 -0.0815253393085605 0.00799841613041366
-0.0179513063011562 -0.0143183884587259 -0.0745842391828455 0.00304134943968214
-0.0160247078638839 -0.0163040601204468 -0.0657873352006085 -0.0201604878463316
-0.0160146542477755 -0.0197361109972634 -0.0584929267813687 -0.049259739424589
-0.013186887682127 -0.0245845765490721 -0.0291830056126889 -0.0794667502938266
-0.0029843258139761 -0.035690927825449 0.0109486710666032 -0.0909498237164354
0.015937054642063 -0.0371796815657356 0.0580437119073687 -0.060135882518651
0.0407556857739754 -0.0253310418736872 0.0548381051844692 -0.00110659260959754
0.0525578655999022 -0.00100576968841219 0.00728916227516913 0.0280736840617212
0.0381007009278848 0.0150690730655788 -0.0747321080195447 0.00857574754435025
0.00118414328383699 -0.0217091514852208 0.0917028413753856 -0.018030342992549
-0.0187349012601453 -0.00713399276211035 0.00657642197962971 -0.0412667752422374
-0.0182967648582914 0.00753633124761754 -0.0574856316457646 -0.00126897644145064
-0.00460203143917249 0.00840344079956806 -0.071390044216796 0.0654500724141715
-0.00445348653724757 0.00271614033016776 -0.0141392121093374 0.103658096345632
-0.00681023371323615 0.00518549692346946 0.0388900868475516 0.0913092299360945
-0.00692593637167124 0.00797398102513042 0.0676352909969135 0.059683746086935
-0.0127933806188267 0.0100162405539545 0.0812114020469581 0.0180497434299969
-0.0146713280149876 0.00800889280876798 0.0801327776530122 -0.00874627503220394
-0.0185878691987708 0.00398219405400695 0.0835179562177449 -0.023592519380559
-0.0194875968993431 -0.00366044287484038 0.0891791628256833 -0.0130975416337117
-0.0118623477686117 -0.0116030113847682 0.0864625618743013 0.00431748375443231
-0.0124269950587116 -0.0157468440070726 0.0934988807613682 -0.000837219720555703
-0.00625085728629737 -0.0249271264203244 0.107655618450248 -0.0116396855745649
0.0137597576884009 -0.0279496640084682 0.129337829957965 -0.0426715970865752
0.0452675708713202 -0.0266599817191006 0.0777353626207368 -0.0104662162489757
0.0166342469989729 -0.0218657763202339 0.00109219857548221 -0.0363694044919911
0.00579549669389582 -0.0141013225744006 -0.0635173590805595 -0.00354886483330266
0.00398010891766799 -0.0177650536693658 -0.0766638292183884 0.061147503046665
-0.0122021146740981 -0.023253200843403 -0.0246586169405616 0.100049610895982
-0.0256836237002669 -0.0140012783385069 0.0275098831002717 0.0934369775041021
-0.0324095273406009 -0.00415616918056819 0.0575241400113549 0.0626309152399493
-0.0416378404536514 0.00277382620150708 0.07142690488453 0.0202300903310525
-0.0454446235903954 0.0011568829820952 0.0679420260705963 -0.009022411249051
-0.0513161962892845 -0.00718467486364907 0.0688183558793913 -0.0310029225889707
-0.0516134712133446 -0.0274076598055906 0.0783586126645445 -0.0296435397635736
-0.0291741307855134 -0.0491638971245269 0.083821974995758 -0.0110197397683819
-0.00537845465236232 -0.0609663979923535 0.0929007607469676 -0.0068764125987252
0.024727012862222 -0.0636100892371136 0.0980583784960277 -0.01045971998569
0.0543697243224912 -0.0520372189211626 0.112242309924576 -0.0331559311930683
0.0845059485929994 -0.0280478581497054 0.0480709792541392 -0.00496709105058753
0.0551228264995112 -0.0345400267023577 -0.0156656992036245 -0.0354251083271076
0.0337760135392511 -0.0387034238847701 -0.0770822379499896 -0.00744002439755948
0.0120796753118713 -0.0479089540781862 -0.0846222980081474 0.0559567770435921
-0.0203199755692167 -0.0498725729285233 -0.0349382953337684 0.0915268547805452
-0.0433998581436849 -0.0328888828797685 0.0124868335610027 0.0883795333426116
-0.0535818962082114 -0.0151906504232497 0.0413131761828641 0.0600804115573795
-0.0642809820796798 -0.0055184584471839 0.0514820947510717 0.0200171296221258
-0.0691132651849455 -0.00547159040211725 0.0458270168817166 -0.00917963978766496
-0.0772854483838939 -0.0147428992930743 0.0448973750142855 -0.0367439908442711
-0.0790737341384065 -0.043839181628636 0.057929336724281 -0.046985609729504
-0.0485611010084527 -0.0769095558127222 0.0766342359525965 -0.0305335696829269
-0.00566784055584879 -0.0984179885878369 0.0912399385687601 -0.012854301478485
0.0479433630953048 -0.0958025399585548 0.0879449914444002 -0.00131964027226452
0.0867599270503088 -0.0683913020326092 0.084942213145247 -0.0163853967816755
0.112478972220395 -0.0274256899392479 0.00542131384008604 -0.000434705048987405
0.0868515560962338 -0.0473654871051363 -0.0402954271446068 -0.0320417924404043
0.0570537724296533 -0.0648279045622127 -0.0925689793099032 -0.00976172601955243
0.0149530259815856 -0.0776629597135978 -0.0906823076402853 0.0480150787146445
-0.0297566190275219 -0.0719530960249601 -0.0469834045307777 0.0755632707077635
-0.0589644943981922 -0.046587705256739 -0.00657336552125117 0.0761308499302131
-0.068985476038563 -0.0236015253969695 0.0168756454357365 0.0530086904563821
-0.0783493638279357 -0.0129553113903075 0.0244794907234644 0.0168291932767545
-0.0815499437150756 -0.0128038778876347 0.0168486579580476 -0.0104969150627155
-0.0902515093290668 -0.0225655285057837 0.0159706088404661 -0.0412358657115272
-0.0928327307353257 -0.0548227853234474 0.0320116005638547 -0.0611813043021046
-0.0574123650313226 -0.0930569895919309 0.0650857855572709 -0.0479955921323777
-0.00369603305577332 -0.119253339622562 0.0879161811144912 -0.0161881336357172
0.0646350357172849 -0.111741123974037 0.0759749447444185 0.0115333117018265
0.1063652460925 -0.0728992814410766 0.0490798509252666 0.00388943186140386
0.122027784297866 -0.0260219930250557 -0.0437198023294933 0.00851666391597852
0.101793066851162 -0.0552063074905718 -0.0694135893246291 -0.0226303745830526
0.0672957401304476 -0.0830027718036038 -0.104015599274916 -0.00844603318314135
0.0121068955643945 -0.0951015917731667 -0.0922820881627532 0.0338544564835847
-0.0377472378677815 -0.0819137782084117 -0.0604228698627178 0.0539071982120692
-0.0667751974895848 -0.0516849204599968 -0.0291842703738174 0.0597946533639992
-0.0739391247370463 -0.0263154306057321 -0.0120766197510156 0.0417301522087926
-0.0793275510175012 -0.0182019929184608 -0.00571912026324282 0.0113834691618338
-0.0814981025618729 -0.0201035272679119 -0.0141650959529683 -0.0147401295137444
-0.0885587216328651 -0.030298101475256 -0.0118920435966361 -0.0467053959893775
-0.0872501323021336 -0.0617422681873306 0.00909824206044762 -0.0723335143889507
-0.049647851669755 -0.0972376843136823 0.0535196438425626 -0.0612017166466236
0.00831635278877691 -0.119365254524372 0.0815091885161557 -0.0147973673108058
0.0774083750824703 -0.10569784469625 0.0620464480279639 0.0253064844884847
0.112497286839094 -0.0620166367811086 0.00946484794223492 0.0217561247861684
0.109345915425262 -0.0200565021617871 -0.0890360065338883 0.020972878993315
0.0958890504134668 -0.0518083623047961 -0.0937080388931354 -0.00564021690027999
0.0616249106827349 -0.0825164746698012 -0.107016107040064 -0.00268928631781882
0.00575619070994921 -0.0907855823710695 -0.0892640097343322 0.0181522902934856
-0.0381765030736658 -0.0749569656340348 -0.0748818781673865 0.0303542225817154
-0.0625400980407729 -0.0465886664834699 -0.053929976777996 0.0415603111640448
-0.0667846029831455 -0.0244406108559694 -0.0415838905696486 0.0308950220895091
-0.0686133588933653 -0.0209197087721066 -0.0356321301506688 0.00384236518474854
-0.0686962859114418 -0.0247940509272879 -0.0414613692650962 -0.0216758040714698
-0.0708507925681282 -0.0359684800292939 -0.0328357941046541 -0.0555953900203825
-0.0635358885308232 -0.063850276519893 -0.00494652502323271 -0.0826041632201954
-0.0256133240347969 -0.0893290062291992 0.0483928150631308 -0.0689442406617714
0.0278867907012579 -0.0987650639015539 0.0738814972903296 -0.0110352415975388
0.0830421612817577 -0.0794116089383825 0.0438016272769301 0.0345735458234674
0.102875391186531 -0.038847523468715 -0.029172087367973 0.031288426870565
0.0772682784064976 -0.00914278448849723 -0.120377811861707 0.0342241703505173
0.071978625910742 -0.0357435818435918 -0.106274876085141 0.0111898392202989
0.0450192302551891 -0.0611765035442875 -0.102058145896851 0.00205178550948291
0.00214409727125494 -0.0649326455238496 -0.0848388637038065 0.00318886805181037
-0.0272483683819383 -0.0522299496850163 -0.0866518024764689 0.0129223623050297
-0.0441384019959796 -0.0335678261234929 -0.0740795776456763 0.028640198609849
-0.0480132435661988 -0.0188539076984284 -0.0655813644311913 0.0218265280051708
-0.0473066408641848 -0.0194631661835186 -0.0588932436434307 -0.00383380531895096
-0.0466376452693656 -0.0251421977994388 -0.0607800374822602 -0.0318455750683058
-0.0446950371816687 -0.0342745086523079 -0.042789960272736 -0.0675267674714841
-0.0336715771900765 -0.0547618461732531 -0.00818004196113746 -0.0914898984105425
-0.00140006123996896 -0.0683889882606659 0.0477162551752797 -0.0719730487149186
0.0409324947053256 -0.0657496534062079 0.0646917413554075 -0.00889795260199366
0.0761861328829905 -0.0423491355496876 0.0247081191955781 0.0347540121077515
0.0789828044279167 -0.0120539649155706 -0.0600398913225298 0.0291404068220348
0.0339292307074464 0.007719768051128 -0.133216390612816 0.0439490526239059
0.0394989022000444 -0.00854337239885924 -0.106211242697472 0.0222523003950294
0.0240642111224764 -0.0266322465847208 -0.0944026875031356 0.00500762016799842
0.00351383649539505 -0.0278415240496654 -0.0817937420704169 -0.00409034892141419
-0.00692358625646051 -0.0224109416323446 -0.0916332232134667 0.00597821147445452
-0.0168898156921379 -0.0187002048414743 -0.0845008235157755 0.0221994607549459
-0.0206167490764798 -0.0128481674843129 -0.0791689473758121 0.0164084599790294
-0.0192329819160842 -0.015265877310995 -0.072432492283557 -0.0102045023334678
-0.0196824264172905 -0.018402433942647 -0.0695764433869243 -0.0418759050212828
-0.0163851783322712 -0.023828630149878 -0.0424280794956026 -0.0783760418512315
-0.0077150925011424 -0.0358607954251667 -0.00168734056194401 -0.0972974839226933
0.0114415900202889 -0.0403414415411384 0.0524793285331916 -0.0719320360135781
0.0383034685720094 -0.0317387069242353 0.0577791001339116 -0.00909234165022749
0.0538812252977644 -0.00897124007743992 0.0118261909627994 0.0277447123529595
0.0419501682836833 0.00999257643547539 -0.0773822144107746 0.019595836528331
-3.82970873059809E-05 -0.0226412810849177 0.0932270014497314 -0.0261774120449997
-0.0198447769188362 -0.00598312510320926 0.00324469561613517 -0.0436637906551888
-0.0175178398229803 0.00906245784687659 -0.0597971280429044 0.00248859125343124
-0.00389390910153604 0.00814424813561615 -0.0686791593612675 0.0732995724448001
-0.00496182446280451 0.00329477007606462 -0.00668678463018334 0.107797435279636
-0.00597050961700823 0.00605835427381697 0.0470342461372077 0.0906212173058064
-0.00686887147568224 0.00871132489666176 0.0747282045684001 0.0557794716362019
-0.0121259226140957 0.0114168314397196 0.0850584113549326 0.0119020365845488
-0.0149377828596971 0.0100105265659051 0.0821772737334191 -0.0156227141466001
-0.0190464516500577 0.00596141835922104 0.0840449588854381 -0.0312549830033818
-0.0200028139813876 -0.00233933223884443 0.0913517797734672 -0.0200014036210817
-0.013129853770957 -0.0110050550577278 0.0901825596078795 -0.0017096670039661
-0.0136490755528191 -0.0153363167263284 0.0962019301797525 -0.0074763724867963
-0.00860658087582159 -0.0248784987981881 0.109706907129809 -0.0195583650222495
0.0116940400567772 -0.0300781758878055 0.130047432070664 -0.0528808096386612
0.0442705089508595 -0.0310539992108366 0.0795746936719463 -0.0170075104667144
0.0156351547081344 -0.0235551044349636 -0.00160768754915899 -0.0377211357119989
0.00478348958407853 -0.0145613886401676 -0.0661811633203303 0.000837460945778589
0.00251417287016424 -0.018645730979073 -0.0755192892584875 0.0689344682824206
-0.0149572930276965 -0.0228114607479283 -0.0179572918230331 0.104257981758055
-0.0275082012699798 -0.0121368327651677 0.035673909207603 0.0932922091326505
-0.0330105757794124 -0.0010353532871648 0.0649302205682054 0.0594863343065021
-0.0421830709887131 0.00611374561605396 0.0750728066775913 0.0150644020265965
-0.0470415664969694 0.00513553917298507 0.0695216255843483 -0.0145989098407314
-0.0538800046490872 -0.0027972879412667 0.0684004728326121 -0.036807069381554
-0.0550180632777943 -0.0241469462534929 0.0780007264005484 -0.0362656572790736
-0.0339103741072845 -0.0487094699742152 0.0861900000156872 -0.0173900885463092
-0.01011078024605 -0.0622021498608465 0.0954712272291239 -0.0139573189746615
0.0205416045939856 -0.0671283289130638 0.100804347840156 -0.0167675020212158
0.0525293146817344 -0.0573549500725512 0.113162944811606 -0.0428432467941574
0.0849403408802846 -0.0356430654422722 0.0499460682570741 -0.00970771560787877
0.0536613807558298 -0.0399781945697651 -0.0172957112162208 -0.0358559630068246
0.0321267122150492 -0.0417359641918658 -0.0799956613938876 -0.00217115402023679
0.00850356946043507 -0.0502773637553987 -0.0836498075467923 0.0640473788463346
-0.0248197744074993 -0.0494490749950445 -0.0299313218882032 0.095910121806947
-0.0474060499500458 -0.0299921135349075 0.0200393509872034 0.0896209813555826
-0.0564081847748943 -0.010958800748218 0.0471202463631453 0.058229363573855
-0.0668992972177184 -1.31540161717408E-05 0.055032413038039 0.0163242600443424
-0.0714924755261259 0.00021301050176717 0.0463888398864161 -0.0127352988961266
-0.081036196327207 -0.00900585771568402 0.0432544351914092 -0.0409977444330411
-0.0847245387558984 -0.0380354333160057 0.0546203816278196 -0.0523941256672289
-0.0557165451054049 -0.0749734661919003 0.0774083174462111 -0.0373593421232739
-0.0138766929553718 -0.100012006758589 0.0938120029811783 -0.0201275575972639
0.0411414742866086 -0.102047350094783 0.0908882943026466 -0.00737276967045364
0.0841802378713011 -0.0767220547986561 0.0861700054662007 -0.0233875292188513
0.113424510625071 -0.0379083673585285 0.00696988205533661 -0.00166400661373993
0.0850206671770937 -0.0550207818523461 -0.043030697120188 -0.0319292161713888
0.0536459033358711 -0.0708568959203747 -0.0964789402041789 -0.00368480201086304
0.00904773658076125 -0.0806953954419505 -0.0901711798366116 0.0551832418688587
-0.0365159159464738 -0.0709911327993834 -0.0429771526221455 0.0813375349433831
-0.0641295579568968 -0.0425201519934455 -0.000346300968361319 0.0787380276772582
-0.0724813764925879 -0.0172866244428592 0.020957169577752 0.052123856441909
-0.0817089800615944 -0.00634540673341478 0.0267642773528418 0.0153440342047028
-0.0851947754647942 -0.00601778878957695 0.0166276164733348 -0.0120192433856115
-0.0954109007294458 -0.0152485604355459 0.0127828139953026 -0.0429898627366434
-0.0997206079277853 -0.047781758835884 0.0277350105769748 -0.0646248195185959
-0.0664735878382503 -0.0900783676649723 0.0637411129664339 -0.0538251433332174
-0.0129201252810653 -0.12141299484136 0.0903194926610809 -0.0230661184468336
0.0571551076927503 -0.120130366059972 0.0803519647181413 0.00655996986244798
0.103973204734687 -0.083217079410131 0.0515926539403279 0.000186403366548621
0.123110836768474 -0.0362926631899835 -0.0431962933783542 0.0112316942665219
0.100312966792706 -0.0646027792214176 -0.0715981071283287 -0.0188541030568055
0.0627609304694408 -0.0901647242146518 -0.108075190837662 -0.000801224344947571
0.00454725697654118 -0.0983647536111106 -0.0928413210773883 0.0412697289160874
-0.0458616938451354 -0.0812615581927057 -0.0588682915089575 0.0600002252189119
-0.0724942476890384 -0.046801342706128 -0.0255037166852267 0.0632525878875068
-0.0777012074000017 -0.0203243297183885 -0.00985691521825019 0.0438429918067076
-0.0829428563699255 -0.0115838788218568 -0.00550698896291132 0.0123539120750529
-0.0854419158303493 -0.0132693554427925 -0.0157949479979913 -0.0133781178675077
-0.0930274262010642 -0.0229316062738788 -0.0152932728410916 -0.0466822309223735
-0.0945184644585415 -0.0551811321426735 0.00276217702760408 -0.0747606121566361
-0.0585251492472398 -0.0950395776439255 0.0512753745030314 -0.06647657456941
-0.000671150587095176 -0.12239458727024 0.0841092665489799 -0.0215401176469646
0.0703479076704537 -0.114848667998828 0.0665767855915739 0.0218008607517619
0.111076508128562 -0.0726318619923867 0.0116564372826181 0.0215619893156654
0.110701273527839 -0.0297469462651729 -0.089687018572891 0.0279031743631634
0.0948059259633806 -0.0608177654216641 -0.0949780363627888 -0.000119581324377882
0.0571040068617698 -0.0890777525155611 -0.110416354429671 0.00467120022948902
-0.00154369837630457 -0.0936235355982382 -0.0911289513661766 0.0253318283501944
-0.0450323680127268 -0.0733093709971346 -0.0752476869207379 0.0373515933525009
-0.0676235310094607 -0.0420257054586705 -0.0524728305255637 0.0471980953674808
-0.070640316317493 -0.0191740255494115 -0.0407052187773527 0.034742698670598
-0.0723012399603552 -0.0152956351020057 -0.0367841862921043 0.00737893654356248
-0.0727473011806062 -0.0189002115479757 -0.0445545513196071 -0.0183868210387384
-0.0760504044285071 -0.0303009236939084 -0.0375825093511852 -0.0540995768191985
-0.0708299620566568 -0.0591853980931948 -0.012435615495777 -0.0840483813805216
-0.0334173635329322 -0.0890050666011296 0.0440015287818598 -0.0740529757769954
0.0202529542484651 -0.102891971043863 0.0758523941939523 -0.0169252500074339
0.0784992110365595 -0.0876547184506772 0.047884280245936 0.0325334948350296
0.102772266026803 -0.0483473909478266 -0.0271794936537411 0.0345766475080574
0.0790521457556193 -0.0158979155624483 -0.12117425349793 0.0444904728163471
0.0712339273682867 -0.0419162571369692 -0.107416211958551 0.0181204180168613
0.0411228472263951 -0.0658366338985162 -0.105206851448785 0.00934602438482057
-0.00323547799018206 -0.0667190212575333 -0.0880295538581617 0.00994148723766308
-0.0321762735058895 -0.0509617599044396 -0.08780958911693 0.02014097112997
-0.0484093960274384 -0.0302460734097447 -0.0739978037574252 0.0351631955299744
-0.050546760198914 -0.0158313987092026 -0.0657401579596131 0.0278059724111467
-0.0500749845026376 -0.016384707893773 -0.0611983517286379 0.00146160900707422
-0.0493712486136151 -0.0211189384539304 -0.064921256417498 -0.0273957271692059
-0.0479795468663771 -0.0315900522914949 -0.0491993941724584 -0.0651206913085259
-0.0389448532289935 -0.0535082662957458 -0.015912904483635 -0.0933308997208012
-0.00683952350362363 -0.0697312519231462 0.0439251061959602 -0.077259716724973
0.036575002711099 -0.0699323514169163 0.0669952572329977 -0.0136952447306596
0.0743216883741344 -0.0493545494185135 0.0292666459559144 0.0342404828519704
0.0799949608573124 -0.0184972594074579 -0.0589461131011135 0.0349247314339195
0.0355818228021456 0.00470542224330972 -0.134127746473172 0.055661028340174
0.0395082734987474 -0.0119948224891997 -0.107358473410446 0.0294446505232458
0.0223978523896171 -0.0286638723829493 -0.0969517592667759 0.0115914465362093
0.00151882291463171 -0.02854676197366 -0.0849969514348048 0.00162728984181353
-0.00861042489671211 -0.0222577608555224 -0.0943807000436812 0.0135448587819269
-0.0189809514096843 -0.0169822432292224 -0.0855361147602491 0.0294999371526456
-0.021875560185076 -0.0111501034631776 -0.0805512074473116 0.0236818565486042
-0.0204712822094164 -0.0144400697521621 -0.0751258212295275 -0.00410445266089357
-0.0212465533953321 -0.0173665942323961 -0.0744393195935395 -0.0369601739534546
-0.0185825420798419 -0.0235064137751739 -0.0498897758067509 -0.0767759100457667
-0.011334975820956 -0.0355929986717113 -0.00964230575175171 -0.0995366197901595
0.0087189051051186 -0.0422486465451984 0.048354508023215 -0.0773631894850126
0.0373901433863196 -0.0349126260164347 0.059366802108421 -0.0135280437907805
0.0549477675935252 -0.0133546939528258 0.0151390393082064 0.02773664345633
0.0436834938287691 0.00736877153823436 -0.0777569908140183 0.0259649811758533
-0.00149515301777978 -0.0228228307865101 0.08952615831373 -0.0324442462728102
-0.0196662884542887 -0.0043904997209124 -0.000287879420447603 -0.0431215915138801
-0.0166198199401009 0.0105574248725297 -0.0587083987603357 0.00642966295669947
-0.00320169115877011 0.00831328310950476 -0.0626073688838985 0.0761727994657507
-0.00488541156016829 0.00330572016747866 0.000433162172144399 0.104929021217338
-0.00516048773488671 0.0061672958621024 0.0524442092131243 0.0845244968238683
-0.00594048807403931 0.00862320153847564 0.0773956512712353 0.0489442829673162
-0.0108254717409646 0.011748122210133 0.0839621606483326 0.00474841127249516
-0.0138035739441266 0.0113199119242581 0.079500610576687 -0.0212585620891107
-0.0185333546368166 0.00730396169896091 0.0796641948518859 -0.0362488058156057
-0.01984607160722 -0.00099882590078521 0.0877328512931975 -0.0262138580784642
-0.0138494601305836 -0.0103172879846891 0.0888776937243123 -0.00807116021244026
-0.0142741897333491 -0.0140105052588946 0.0934767135009185 -0.014092074886211
-0.00970577946242847 -0.0235801924068441 0.105962037627029 -0.0257650522985845
0.00971747522879019 -0.0303034385390231 0.123328268852152 -0.0600367527447192
0.0409757189899134 -0.0342918273433148 0.077662349822913 -0.0227447651141438
0.0132206369638731 -0.0239328359873886 -0.00368420046002312 -0.0375367989082505
0.00424441652209419 -0.0141424726669928 -0.0658146872779911 0.00531781384211219
0.00080546509782717 -0.0184874295929881 -0.0690799947696179 0.0727214501257449
-0.0161262026958196 -0.0211464762517779 -0.0103938726863284 0.102757476828378
-0.027643518960363 -0.00991230895801722 0.0414667654698192 0.0885542959606581
-0.0322008461286141 0.00181736886989539 0.0679824857680086 0.0528765105901813
-0.0411935740643825 0.00932561986862927 0.0747448880378037 0.0090582957600292
-0.0454203412910822 0.00884917656621585 0.0677839852452362 -0.0191645856459173
-0.0533713355237543 0.00129738819065557 0.0644337181780543 -0.0406904608880092
-0.0554101796489979 -0.0192135660670096 0.0735662183442436 -0.0409338044848313
-0.0372108567205155 -0.044678715949529 0.0839313612462966 -0.0226603472202722
-0.0143493814308933 -0.0597256491870428 0.0929649948104809 -0.0200653276615447
0.0150618004080981 -0.0665903397074258 0.0979288843581516 -0.022420975654935
0.0475942344570311 -0.0595584542464194 0.108317285353693 -0.0488654566298979
0.0798943342788949 -0.0412109347524457 0.0489562616468163 -0.0134859797521333
0.0493841042248994 -0.0421641968252994 -0.0196042878603009 -0.0348776408030399
0.0282145032589101 -0.0420573196685327 -0.0787951159925017 0.00286470743027976
0.00467418203494637 -0.0493420175013419 -0.0778920860895044 0.0680309329938285
-0.0281471501506508 -0.0460017336712827 -0.0223536981337561 0.0958377866673739
-0.0483431686295623 -0.0252147557043479 0.0264557434324128 0.0859522804304994
-0.0551669693510635 -0.00619038090056017 0.0500071159262419 0.0530284307869804
-0.064946163941952 0.00543921971775821 0.0551881855878832 0.0118028076820535
-0.0699606979109908 0.00645606413417354 0.0449648047310153 -0.0163860622561514
-0.0803833841253628 -0.00204575618003652 0.039550364134346 -0.0427560183988082
-0.0852911791515224 -0.0303135518791681 0.050035588855345 -0.0548412011548933
-0.0601872547663398 -0.0688527404874417 0.0730311951082797 -0.0413029692186382
-0.0198918910335663 -0.0961432403767618 0.0914312461133603 -0.0265591387447338
0.032808704584467 -0.102910672267158 0.0892315233960019 -0.013388004247788
0.0769591590056222 -0.0813739394801573 0.0837866662697993 -0.0292473567849639
0.10805302099368 -0.0455546952378984 0.0071257336452848 -0.00191540248682165
0.0790833182454163 -0.0597440372643765 -0.0430608982814775 -0.0286824251502541
0.0474274763427383 -0.0719916563944861 -0.0952618955547488 0.00262383291945042
0.00259857762829536 -0.0790426625255135 -0.0851891080419101 0.0601521882387433
-0.0414674938228982 -0.0661528205658704 -0.0365846951572803 0.0825232088919477
-0.0660480814945284 -0.0360088742552251 0.00587533047887842 0.0766800874260119
-0.0718814054802106 -0.0117206897155356 0.0242816046504932 0.0493750460149727
-0.0798220753273248 0.000720102222527692 0.0274764784511278 0.0130124418033708
-0.0841691160600743 0.00123444555770298 0.0154487936367663 -0.012769618622224
-0.094469156313367 -0.00720325144564409 0.00959832030342066 -0.0427148884934183
-0.100504917473046 -0.0385185463938857 0.0222833830572567 -0.0651046565966508
-0.0716662808003823 -0.0830503308517414 0.0587980062137 -0.0566205309210538
-0.021540794612127 -0.117425332169717 0.0876271698262802 -0.02913842552659
0.0466343778062617 -0.12172816242012 0.0802667571872919 0.000964023944757854
0.0965141062765121 -0.0884977964113936 0.0509081175817752 -0.00367854493494513
0.117320539079846 -0.044780164028 -0.0407781824322322 0.013371214713907
0.0926964361387769 -0.0701569662864076 -0.0704539517181327 -0.0142382724498095
0.0545982825755419 -0.0915904216262453 -0.105753412386822 0.00607199446562032
-0.00319896783062521 -0.0957716107132228 -0.088676292118588 0.0472727345780862
-0.0509945151854819 -0.0751364855966761 -0.053643501482761 0.0629865604176361
-0.0745167262368877 -0.0392774266919638 -0.0197446004533365 0.0633208968770901
-0.0770902525749165 -0.013712724895927 -0.00572809199727365 0.0435199491378996
-0.0822925353505324 -0.00478149345685807 -0.00429814433387496 0.012868802190905
-0.0844013126188733 -0.00585617219618404 -0.015621620906102 -0.0111418767470274
-0.0933849659329311 -0.0148759234237019 -0.0182851967322176 -0.0437972953145248
-0.0964994375072965 -0.0463958788475543 -0.0029850273545998 -0.072246875871686
-0.0646404670139572 -0.0881315492963727 0.0462054647487198 -0.0683301074318203
-0.00928575247595611 -0.119024605544576 0.0823040651302922 -0.0273105413165178
0.0594841925096124 -0.117182993775628 0.0672169410355698 0.0168756583006842
0.103598401353607 -0.0788279531409635 0.0135792731480022 0.0199939299888611
0.106087832572765 -0.0373168873270013 -0.0849573423870327 0.0329675253860356
0.0878362974727814 -0.0657468737916011 -0.0923252730870736 0.005153573549456
0.0493860531771649 -0.0903423246525332 -0.10741473947652 0.0116086470520895
-0.00823841867275922 -0.0910792453109913 -0.0885224029905864 0.0306908759222506
-0.0495362933845174 -0.0678554537047163 -0.0713195761591169 0.0424514502713393
-0.0691212593249719 -0.0347468070238451 -0.0476603995918762 0.0499435400750771
-0.0700003006300491 -0.013255139560004 -0.0374236934249424 0.0371371597862492
-0.0721141655441405 -0.00927372955948588 -0.0351897821401257 0.0109864443852025
-0.0726499015730861 -0.0129013301746368 -0.0446340194273706 -0.0141423797393318
-0.0767995026457017 -0.0237623233400287 -0.0407705068636029 -0.0490926630652699
-0.073261809981548 -0.0519180703306193 -0.0188099622308041 -0.0806706776193106
-0.0393776841004632 -0.08387580288245 0.0386274109735146 -0.0749344240324555
0.0123668156911944 -0.101517559909389 0.0739423460164697 -0.0222480978111313
0.0697238550325585 -0.0913345576626665 0.0504722124619633 0.0286621202638497
0.097180680900903 -0.0544012554168335 -0.0244165787466015 0.0349091171295693
0.0759087107375554 -0.0214754404910557 -0.115691922942365 0.0516711144240233
0.0662780531501961 -0.0464333131365298 -0.103519248157431 0.0236452905617137
0.0352948378781284 -0.0667940677312484 -0.102760403835556 0.015879913128198
-0.00761146850166282 -0.0651546048080234 -0.0858559639966232 0.0152147953881308
-0.0354277160423686 -0.047127604720186 -0.0851319440716278 0.0266762169451271
-0.0493352060502827 -0.0257278728692777 -0.0702847944167227 0.0400488391124764
-0.0504733560125724 -0.011303793761727 -0.0626272104003271 0.0326363934171735
-0.0504148866950582 -0.0115937559037661 -0.0597555738266985 0.00654999490089059
-0.0499094495196694 -0.0171188832950245 -0.0655569874807205 -0.0217427490572646
-0.049465352748814 -0.0269569673209006 -0.0524848753401784 -0.05949757012096
-0.0420162519094978 -0.0481490428349829 -0.0222254433599831 -0.0889236359101513
-0.0118334487590678 -0.0670509043267628 0.0376142598344831 -0.0780901959324952
0.0311944413543039 -0.070072197598497 0.0653887450227901 -0.0184823008306784
0.0687182732081478 -0.0534028094050716 0.0315728459687768 0.0311617079979419
0.0764831038671943 -0.0236637328288971 -0.0552306787886397 0.0382187115226002
0.0353111021194 0.00159457293740572 -0.127143911904938 0.0630937188952477
0.037601064717942 -0.0147151749683787 -0.103399496009192 0.0351358629566636
0.0199139784935547 -0.0291977429430713 -0.0937057611055482 0.0176806737128731
-0.00042985743435883 -0.0278617294722686 -0.08378315814822 0.00730991268622092
-0.0102282377463727 -0.0212229058020795 -0.0914260234613814 0.0208445007468444
-0.0195008262261798 -0.0147088970197099 -0.0815782102915103 0.0356192152063586
-0.0222594776211894 -0.00966087897433351 -0.0776447410743088 0.0296074914659978
-0.0209663263177932 -0.0128368384066043 -0.0747323379389853 0.00198177127332225
-0.0219441129814155 -0.0159303301304033 -0.0753994981336739 -0.0294713272948124
-0.019726845757273 -0.0212020153618509 -0.0545466296434739 -0.0706836713960977
-0.0133812767317804 -0.033919238210851 -0.016836883551572 -0.095902131911604
0.00532480576249285 -0.0414680812287852 0.0423122677052032 -0.0789669974602296
0.0340835518464944 -0.0365471933949349 0.0582265878626492 -0.0171768172397752
0.0519530211966893 -0.0167000547565959 0.0175491301719604 0.025966670376172
0.0429304251184708 0.00409661414438953 -0.0743883510084249 0.0313201016863592
-0.00278345026364677 -0.0218745043116155 0.0852197723396982 -0.0342537326585794
-0.0185352387323764 -0.00402793056645626 -0.00145279014208444 -0.0417901539278482
-0.0153759845435201 0.0102155778806222 -0.0565495452435926 0.00765896979506656
-0.00282328340591664 0.00832444677532972 -0.0571424689298715 0.0745004292548725
-0.00510196587518991 0.00362341065191105 0.00459468109727169 0.0988515511984763
-0.00501780875161169 0.00594846116569195 0.0534347931980073 0.078338786494063
-0.00549567583782144 0.00871935031629426 0.0756178150626669 0.0434824917575903
-0.00971771957366522 0.0117847886903025 0.0808899454043271 0.00152134298716786
-0.0129774704771915 0.0110165331293252 0.0751543440405582 -0.0231688805424446
-0.0174092664192825 0.00797026218155243 0.0749182462451567 -0.0370882020607811
-0.0190022712670931 -0.000356701305324581 0.0829171880181288 -0.0277350592004897
-0.0138565339133354 -0.00975664318392533 0.0852480544377004 -0.0102616044499444
-0.0145223184861253 -0.012806179975836 0.0893605741564334 -0.0159914558696442
-0.00964250923743974 -0.0218267654447611 0.100599810786112 -0.0274591910187986
0.00854102946140506 -0.0298926168922038 0.116480582911137 -0.0601668693741638
0.0370027550940273 -0.0342180872254696 0.0735110058863689 -0.0253143880358457
0.0123696688493986 -0.0236705864660788 -0.00501914548429864 -0.036523707032569
0.00409766627584466 -0.0137677447951125 -0.0629717065079438 0.00677800777744492
0.000473419359912784 -0.0177335075318235 -0.0640844561554984 0.0717131695270009
-0.0165837916097786 -0.0192031642930999 -0.0071811567396029 0.0979452908221083
-0.026569960553145 -0.00755781480383559 0.0422962771789197 0.0818463906963734
-0.0307141706242409 0.00228819888055392 0.0663719651672297 0.0480343978005099
-0.038742201050643 0.0105574174443989 0.0718120883009401 0.00600360976026763
-0.0430410483734195 0.0103326023418879 0.0641514440813073 -0.0205660319869905
-0.0509273664504636 0.00392594580650371 0.0598987165024012 -0.04079263353131
-0.0540151270513041 -0.0159458628251248 0.0684672143685705 -0.0411698610300287
-0.0365851243043167 -0.0414940796356329 0.0797357937898656 -0.0245898640155882
-0.0158264711065456 -0.0567966454517198 0.0877068040057032 -0.0219669785831263
0.0123171248383742 -0.0640061501321901 0.0924743462357826 -0.0241348197510446
0.0437247135657142 -0.0590679368268401 0.102102910373909 -0.0498359665024238
0.0742714886629083 -0.0425981620865947 0.0463465367913142 -0.015149928156756
0.0455013472827228 -0.0418771918099356 -0.0193031119005152 -0.0336063858444403
0.0258717023804871 -0.0408367592525763 -0.0758385165221263 0.00520437339692311
0.00268363261345711 -0.0471020119651247 -0.0721756499956593 0.0676375150147594
-0.0284929908717771 -0.0422424716882107 -0.019007808127602 0.0919696394852446
-0.0469457342418806 -0.0216909388712643 0.0279420699553996 0.0801402185822857
-0.0527672123684965 -0.00355907419592624 0.0498207189891945 0.0479551656522477
-0.062165748321405 0.00817121699146971 0.052958322079182 0.00896564819564173
-0.0667184330697857 0.00900286521187652 0.0429434686987517 -0.0168529377484095
-0.0773407652627018 0.00159072012052084 0.0362506984602653 -0.0418999882544186
-0.0824858053606662 -0.0254119237189973 0.0453129482714461 -0.0536357590013837
-0.0595788032366605 -0.0628311771451969 0.0695973285973702 -0.0418533025710585
-0.0230161880787403 -0.0911826209654431 0.0864340241223818 -0.027742147511686
0.0274854518453755 -0.0985316879354127 0.085421896635531 -0.0156436445231335
0.0713917099575672 -0.0805385869069439 0.0792114963294781 -0.0301976563691518
0.100532789165555 -0.0471461429151664 0.00718709012569773 -0.00354929635205971
0.0726687013627616 -0.0592621257879643 -0.0416501377322884 -0.0274606431896888
0.0426847718575115 -0.0698421265855408 -0.0908884432879569 0.00486044117566023
-0.00032992001902941 -0.0751399338143577 -0.0791860649583327 0.0600274488819882
-0.0419246688316768 -0.061265716501953 -0.0325764196854021 0.0798775862935739
-0.0632536615952593 -0.0310605113049987 0.00828628162139969 0.0726630006704234
-0.0686913412448712 -0.00749987900419812 0.0254461255203825 0.0459870820285042
-0.0762397163130043 0.00430217882480423 0.0266233162608018 0.0114255042117699
-0.0797086962035106 0.00503353297108157 0.0148588361871984 -0.0128391055719845
-0.0908239403110879 -0.00248708926983247 0.00809522184202656 -0.040385708224772
-0.0975349202682107 -0.032198989885165 0.0186070710257591 -0.0620721390209706
-0.071545476774046 -0.0757377768424423 0.0551770795044689 -0.0562075213828516
-0.024521601458261 -0.110613200841024 0.0829454708645668 -0.0309321540695886
0.0395273151640492 -0.116908197750174 0.0773773259409223 -0.00137579358662905
0.0898240234833113 -0.0880219903633629 0.0488633058303541 -0.00547005738683103
0.109553583631387 -0.0469903863890356 -0.0384943295377962 0.0133251323818569
0.0854428182298001 -0.0695317129941592 -0.0668980106107643 -0.013386318677266
0.0492916356070996 -0.088499843440102 -0.100786452487856 0.00858245256964882
-0.00647651851293495 -0.091289099357258 -0.0833357046409369 0.0476287902978386
-0.0518695585277532 -0.0693649223597475 -0.0493973102079251 0.0622526601371053
-0.0721578759428426 -0.0335159112262288 -0.0165793494952422 0.0612184959090684
-0.0741276328071266 -0.00973771395223752 -0.00425367675017951 0.0416866001984272
-0.0781293399719823 -0.000686225919849504 -0.004186635282088 0.0120480459948392
-0.0808160935557727 -0.00143143437934412 -0.0148345596885928 -0.0102044360648877
-0.0890219271990126 -0.00997398105080365 -0.0192376317764508 -0.0404703308504609
-0.0936188613545453 -0.0395878631640955 -0.00630368274161136 -0.0681799897700046
-0.0646555143772236 -0.080934850040893 0.0419994219462852 -0.0662464662161209
-0.0132838407312332 -0.112023289001992 0.0782896778654115 -0.0291747383404394
0.0520494309665837 -0.113273146225167 0.0655532901094279 0.0136215829160866
0.0966170084995104 -0.0785905142546243 0.0137987879061434 0.0182855282403191
0.099220445710304 -0.0392804128805674 -0.0799401646729247 0.0334518045888159
0.0808461832898903 -0.0658173995235914 -0.0869681950462182 0.00641890361806699
0.044077442266458 -0.0870543718969412 -0.102499068247347 0.0142689798289987
-0.0109544081373865 -0.0862030491187281 -0.0838224211595379 0.0321577823466818
-0.0500409943016486 -0.0623106519268891 -0.0664051116352982 0.0431875536446111
-0.0668100504884805 -0.0295914906098859 -0.0435608957917941 0.0493239544868939
-0.0672407807628358 -0.00928185104247225 -0.0338692448552629 0.0372104366177008
-0.0685320651242051 -0.00580367277844609 -0.0333152586778605 0.0111245810420307
-0.0693873247122375 -0.00926234655365403 -0.0426705500789311 -0.0115331798434818
-0.073498115355212 -0.0190787345172953 -0.0397897182122141 -0.0447316928456707
-0.0715843942773357 -0.0449657093786058 -0.0214143776050292 -0.0753050835318909
-0.0406411069032789 -0.0781356578346494 0.0344559051171602 -0.0722240044701031
0.00871477211220832 -0.0966560627532325 0.0706428137533317 -0.0241244368444474
0.0628659131350069 -0.088785549793424 0.0496480213924364 0.0248856196774516
0.0905398630035842 -0.0549875841441159 -0.021517755598106 0.0344589915218406
0.0715908577751429 -0.0232204636020008 -0.108253426610752 0.0521553374101737
0.0610640727983242 -0.0458461438292224 -0.0975183429830124 0.0249314595639065
0.031204495610429 -0.0642641343098891 -0.0970538689027691 0.018337627229472
-0.00951186380970008 -0.0615585824495225 -0.0818205700231466 0.0177623857210389
-0.0352484631612298 -0.0431522668912057 -0.0800989358787667 0.0285312089612584
-0.0478401302818173 -0.0216486395423971 -0.0652671114951439 0.0409803762087328
-0.0486393448456795 -0.00736066366508586 -0.0588306177044124 0.0340661696708742
-0.0480985133524523 -0.00966212791613342 -0.056781230696068 0.00874845678036389
-0.0482754905657552 -0.0139547045800769 -0.0625097693358911 -0.0169911206799233
-0.0480050779567313 -0.0236579386719535 -0.0521122547441326 -0.0542818056184883
-0.0416654084590298 -0.0436476752635716 -0.0247994438050361 -0.0837081523243242
-0.0135707253797032 -0.0635246136037798 0.0338197426939955 -0.0758290988550548
0.0272785993351197 -0.067742363604653 0.0629389825325503 -0.019692031059316
0.0630437188960576 -0.0533550696743948 0.0316615223993134 0.028131520103848
0.0721508909172482 -0.0247658692285684 -0.0510917621281601 0.0382135119291956
0.0339774263317629 3.27524435549077E-05 -0.119915495732963 0.0644628921661995
0.0352481849485949 -0.0151927330908292 -0.0971179626901765 0.0354755056723754
0.0184590110983044 -0.0280954354916831 -0.0891532387278189 0.019673382371088
-0.00146953981859377 -0.0263721406334239 -0.0804268403616013 0.00969959744545343
-0.0100814488617415 -0.020018916440613 -0.0864362910121085 0.0230917566585368
-0.0191972932089734 -0.0122845004301703 -0.076612951716992 0.0371552078670796
-0.0216170456225672 -0.00779223892174785 -0.0727884800371905 0.0317139548127829
-0.020374404096147 -0.0115267171988678 -0.071103137374849 0.00530080657223113
-0.0207255011077518 -0.0138123856106922 -0.0732359457663344 -0.0250918813312249
-0.0191703365544121 -0.0193173730304394 -0.0542519128248388 -0.0651054276144624
-0.0139664314939195 -0.0310275380851425 -0.0187279565299931 -0.0900420456067331
0.0032646565100781 -0.0400787265920998 0.0374841524095689 -0.0757784988683986
0.0311429007170198 -0.035688850994511 0.0557179914115706 -0.0181512545331749
0.0486411114295474 -0.0175337130789478 0.0172120827832174 0.0241600518543782
0.0403284768470889 0.00286974859839172 -0.0695801111974265 0.0327235361527415
-0.00264820764311369 -0.0210239896577493 0.0826563696730149 -0.033934093428399
-0.0176451629431147 -0.00386057577280047 -0.00198375206798601 -0.0408054109001586
-0.0141182657070698 0.009207831674196 -0.0555323071437091 0.00708769980549772
-0.00298626912475343 0.00735019742820561 -0.0562782413948031 0.0723486133209492
-0.00482068655743695 0.00327902795500296 0.0026891302861607 0.0955865030049327
-0.00494529341787993 0.00562849683026479 0.0508950263240852 0.0747720449460477
-0.00508566957247024 0.00809992189820391 0.073574502707158 0.0413278995585185
-0.0094172392006323 0.0115095545795307 0.0787909796256728 0.00079893568253874
-0.0123200086408153 0.0111577481178173 0.0733436828442743 -0.022591026734684
-0.0169062246701481 0.008027220855751 0.0725455904774839 -0.0357447517737475
-0.0185778214125448 -0.000542326589761746 0.0805193129165009 -0.0267069862577608
-0.012870525888349 -0.00943395215384646 0.0830894313091975 -0.00958590312114862
-0.0138126285511284 -0.0127536305525551 0.085868223936945 -0.014762941249909
-0.00933092335105501 -0.0211639427074631 0.0973843357714459 -0.025045146688169
0.00791080604096996 -0.0284077307758103 0.113062673811933 -0.0574427141504763
0.0360397886310681 -0.0329692433084323 0.0713977568040626 -0.0250009517429883
0.0115722505190874 -0.0222737377680159 -0.00414770700013142 -0.0360824630446545
0.00387942782554122 -0.0134203732264041 -0.061702558614368 0.00579212275751353
0.000170817338027089 -0.0170382216561924 -0.0625426366577208 0.068975270966821
-0.016094555434182 -0.0185090884219997 -0.00770707838766894 0.0940308792341551
-0.0255929752318719 -0.00797180887092026 0.0411635179224584 0.079058923857363
-0.0300761955879227 0.00281943279645891 0.0646218150823006 0.0459677419879096
-0.0377452408987731 0.0102365519978066 0.0696422008322797 0.00534515027023936
-0.0414516013730008 0.0107460345811453 0.0621256770924164 -0.0206326837346939
-0.0496386910088956 0.00429546888450209 0.0583807679031741 -0.03856448975179
-0.0520899016916155 -0.015757041384666 0.0662090296771703 -0.0391883315720784
-0.0355115528698202 -0.0399357802126683 0.0776920232061274 -0.0229765842664222
-0.014774566023816 -0.0546883378177226 0.0853509777404564 -0.0207223950496334
0.0117645129276617 -0.0613647003020735 0.0905732181646056 -0.0219971691157599
0.0430480529715802 -0.0564067350991767 0.0996150126208797 -0.0481216265048624
0.0714500200196442 -0.0411518391961794 0.0459523920688099 -0.0159926299471828
0.0436180861972912 -0.0404576231165492 -0.0179596865065845 -0.0335123446975385
0.0253846134601991 -0.0394080873706138 -0.0735438772804396 0.00407459603983564
0.00240065711469261 -0.0450903854905555 -0.0706175543539716 0.0645394891862051
-0.0280319183207968 -0.0406974882208609 -0.019377563714652 0.0878345896816041
-0.0448176026403529 -0.0204811137664187 0.0268490558626638 0.0771407980199799
-0.0514628371848944 -0.00348010974549326 0.0480919776769886 0.0465219955284995
-0.0600249716036098 0.00737486389719921 0.0510956266848765 0.00894376696467291
-0.0642340090241996 0.00914398165546238 0.0416715865865455 -0.016210463607621
-0.0747108123901747 0.00215402701326232 0.0359028695924448 -0.0398591420683643
-0.0797973877528754 -0.0243640090940183 0.043729531434018 -0.0508140558937661
-0.0580131231045754 -0.0611555379151943 0.0677456830128021 -0.0395522737309306
-0.0214774647296369 -0.0877872350879485 0.0844013384054317 -0.0266354273544389
0.0269360573305533 -0.0950725498335189 0.0836291511189017 -0.0142995736874163
0.0703629646299984 -0.0775915470025893 0.0769775393461064 -0.0292698899693667
0.0966812014313324 -0.0456218774289695 0.00748569946259018 -0.00437994563217168
0.0701751056942018 -0.0572425707940098 -0.0395325318532059 -0.0282580588969608
0.0417802339222305 -0.0668607909528566 -0.0883394841973201 0.00440805361780106
-0.000128801124385901 -0.0725257783941851 -0.0776415212019703 0.0578131343954192
-0.0408112420355393 -0.0585080009984372 -0.0317391779368093 0.077034960016774
-0.0611447850510823 -0.0294072035641602 0.00810207764392069 0.0699143570063125
-0.0662378666597569 -0.00706927874639571 0.0245849744346059 0.0437630121283173
-0.0738171923620326 0.00433807128612592 0.025774216245349 0.0113558540261158
-0.0774950831725211 0.00581980829309471 0.014976987663945 -0.0118505318672278
-0.0881457025982681 -0.00193893383710025 0.00843694641405703 -0.0391616754860022
-0.0943847038034012 -0.0304507691446178 0.0176651337139738 -0.0590708921747178
-0.0689318905753444 -0.0731561010159331 0.054127348673665 -0.0534128766422254
-0.0232327213650935 -0.106381928010551 0.0813601136862386 -0.0298497658776844
0.0386674801322987 -0.112518058811481 0.0749150037636169 -0.00123814384858208
0.0868898319562937 -0.0847563030783473 0.0473271081641134 -0.00554312263103597
0.106187837042988 -0.0458159076007584 -0.0363683651465042 0.0120445799538295
0.0824773775957172 -0.0674082909793937 -0.0636051979043353 -0.0143470888120857
0.0476726011341811 -0.0852585281557432 -0.0980255434152938 0.00729862828328833
-0.00612436203091624 -0.0879591409401946 -0.0810867880384172 0.0456939941442651
-0.0497546241241753 -0.0664325909876528 -0.048138481455556 0.0597197835418659
-0.0693884205112975 -0.0315457966260775 -0.0164340002080206 0.0590723566913827
-0.0714223075690719 -0.00799764703162698 -0.00348745182155106 0.0401515767250167
-0.0756688843601303 -0.000862825788865034 -0.00351754806612402 0.0123751425372174
-0.0782751798042725 -0.00118733220886189 -0.0142167763879935 -0.00920517541604106
-0.0866163155214518 -0.00908877493940166 -0.0178788559572894 -0.0387707895124564
-0.0903459010075886 -0.0371518867914949 -0.00610686972113844 -0.0647298187940667
-0.0618456806286926 -0.0780676445623046 0.0412069858115666 -0.063651372502713
-0.0126362751998735 -0.107996562611701 0.0760723557617216 -0.0279806998268223
0.0505777982729582 -0.108786539556202 0.0643997125835425 0.0131184144351719
0.0936956064469285 -0.0755157632513604 0.0136157170433209 0.016772500763826
0.095497369235909 -0.0379112589137776 -0.0769424584503757 0.0312281801751212
0.0785904272419986 -0.0632568453273875 -0.0837179855974836 0.00462931283980679
0.0429947783890571 -0.083394899482351 -0.099286753920274 0.0128872433920296
-0.0104306949126274 -0.0830582547179211 -0.0813366567846809 0.0303897461633229
-0.048310398793774 -0.0600467149434667 -0.0648916259702804 0.0416957652493835
-0.0642962070972077 -0.0281027737257604 -0.0421930369793616 0.048187590462088
-0.0648915352635022 -0.00783297983784918 -0.0328453168169316 0.0366178936013413
-0.0668754510089539 -0.00537431015148511 -0.0323665762873737 0.0119009094613588
-0.0672996676016392 -0.00845202235769076 -0.0404574680057979 -0.0102724561354259
-0.0708637712526702 -0.0175773489943611 -0.0382050435114284 -0.0435614882196273
-0.0692667855676754 -0.0431501698388328 -0.0201266354436816 -0.0715373030363033
-0.0392303406083572 -0.0750938596972708 0.0339793186879204 -0.0693946330747979
0.00880842861106293 -0.0925057261229208 0.0697916856151667 -0.0228683806044988
0.0606543548356259 -0.0849943985954432 0.0484036821610747 0.0243802222621525
0.0883565159427456 -0.0527422023737286 -0.0205193150042857 0.0329020628516157
0.0685288716125128 -0.0222666401534327 -0.104986728664245 0.0498681852287013
0.0594756318900146 -0.0442370686201523 -0.09400871375804 0.0219893997792174
0.0308697443357098 -0.0616100688853398 -0.0939394650016038 0.0167274495437912
-0.00928707049449053 -0.0594059584908692 -0.0796450060877345 0.016650093777584
-0.034085495279907 -0.0421727351702907 -0.0774474031935624 0.0274389471640352
-0.0463200573840004 -0.0202818629821155 -0.0628251721571833 0.0400793673423129
-0.0467091961702303 -0.00749677489194221 -0.056924474730874 0.0323906921750905
-0.0474349630063369 -0.00860840803708343 -0.0556571007106755 0.00912043232737166
-0.0463468486631245 -0.0139546699733346 -0.0602507082763966 -0.0159612066462912
-0.046520032061102 -0.0224189484099216 -0.0496900922133563 -0.0519988076417288
-0.0398073633746977 -0.0417211785409327 -0.0241908661635989 -0.0800399008647728
-0.0126187169272881 -0.0613398159639826 0.0330323908411743 -0.0729826979295252
0.0265516702532408 -0.064854718114591 0.0617165190627504 -0.0185227227569143
0.0604168865253398 -0.0508068546643578 0.0309592602651354 0.0270665540675707
0.0699720275745147 -0.0234620824331464 -0.0495743323762788 0.036523918430458
0.0324443651254536 0.000239100779517544 -0.116321802289304 0.061035869524778
0.0340664267570147 -0.0142857289414325 -0.0946760998600143 0.0335964820187992
0.0175941470904548 -0.0263839054992137 -0.0862329538181033 0.0182172274199922
-0.0010085210968529 -0.0249263819007693 -0.0783279102596313 0.00900971923354308
-0.0102642166548749 -0.0195238771371332 -0.082974350613921 0.0220747870337471
-0.018248398795718 -0.0116331023371544 -0.0747110314460629 0.0356432612459192
-0.0208970836481987 -0.00734006677063028 -0.0702853469874984 0.030957910657569
-0.0196293351797875 -0.0115256886433168 -0.0686295564562068 0.00550099876116779
-0.0200645169351975 -0.013587119394941 -0.0699921981472519 -0.0229980626370893
-0.0179697120676752 -0.019151328737485 -0.0518776591117404 -0.0625924971568221
-0.0136320434876754 -0.0300339280073212 -0.018275288805788 -0.0865902080748475
0.00331251974124708 -0.0379486019844935 0.0370719650433588 -0.073030174053796
0.030508316202561 -0.033857503215055 0.0548250089224756 -0.0171024293184918
0.0463305797962728 -0.0165338494236097 0.0171443108413858 0.0229426790600858
0.0395408835630931 0.002987503071733 -0.0678257515847277 0.0315892947347153
-0.000203736994890578 -0.0212566049469059 0.0879903696548065 -0.0232062350897799
-0.0164364360133318 -0.00678075763696717 0.00443325011453253 -0.0421525570155927
-0.0157330190100431 0.00650803371532437 -0.0566131043810805 -0.00237256896805606
-0.00477194270604855 0.00645842975802398 -0.06538252147047 0.0629222373852473
-0.00564404679051671 0.00275699107061147 -0.0109401874186307 0.0937709180304399
-0.00554806322754329 0.00410283871450044 0.0395097369389456 0.0804778287415469
-0.00620281950125123 0.00685982240114422 0.0679662252331357 0.0501390796591525
-0.0107547014961231 0.00892135713090287 0.0774613551395229 0.0129242379470832
-0.0136557569680678 0.00841260030586303 0.0766139487184039 -0.0112109057147333
-0.0181157924324301 0.00447459382412111 0.077722683067539 -0.0231926275006358
-0.0173496739794269 -0.00436517364615182 0.084170956754167 -0.0130160439046486
-0.0118486951910724 -0.0131109826698562 0.0852272174715303 0.00543489134822168
-0.0103501931727629 -0.0162927908363135 0.0871504054601973 0.000606651324787534
-0.0051028741387215 -0.0236242744680776 0.100460486496388 -0.00738452555484966
0.0122012410044032 -0.0283564253289915 0.123107560796313 -0.0372310851183161
0.0393111788964041 -0.0280666316555748 0.0756292124558546 -0.0122620300792589
0.0148980218647304 -0.0207470757806088 0.00167175274575367 -0.0365059052381693
0.00600138374801111 -0.0124507137363631 -0.0614687648434773 -0.00261136973871221
0.00274714719230146 -0.0169360145616602 -0.0704516157235415 0.0601862164903303
-0.0135664515661966 -0.0203506404840335 -0.0205977320741823 0.091730240541804
-0.0236008176694511 -0.0118333257882091 0.030143731046886 0.0827864513648597
-0.0294706323490249 -0.00279206040134376 0.0586377868164623 0.0538673981164739
-0.0382629677602043 0.00391086117687967 0.06803324129124 0.0156518006418189
-0.0425302399623077 0.00322754685209591 0.0655181168214597 -0.0101058400153665
-0.0488004993610522 -0.00413250163873796 0.0646205813084795 -0.0272213163622561
-0.0478813871995093 -0.0247539995155177 0.072462375669799 -0.0266977891161938
-0.0279732094869729 -0.0467051101926635 0.0817315124509587 -0.0087296240902105
-0.00542279662606251 -0.0571068214594674 0.0873623269499696 -0.00571051196258957
0.0225709249888735 -0.059237197583934 0.0917868353796052 -0.00613021875184183
0.0518226277767169 -0.0498707012927378 0.107310634542726 -0.0301526682360302
0.0757758569244293 -0.0308466052190591 0.0478469558526067 -0.00452487971874245
0.0492191003310453 -0.0329496845657022 -0.0122478644941884 -0.0337537849129443
0.0311964045442841 -0.0348719662085007 -0.0735812261390985 -0.00470395310910752
0.00951738970122915 -0.043914702569406 -0.0775366113907221 0.0554890612449043
-0.0208242648752386 -0.0436947370376498 -0.02962303891032 0.0850670528449086
-0.0405031849544286 -0.0269636180917187 0.0178029856399291 0.0793280077303742
-0.0495104126081191 -0.0110900997227418 0.0430449615717883 0.0527215191672496
-0.0603106308294189 -0.00152599541837213 0.0494026160086758 0.0161245317012811
-0.0643746721639149 -0.00135486666568311 0.044527925787923 -0.00943069835532435
-0.0732976012373286 -0.00962501891716037 0.0417406879576427 -0.0318715061173786
-0.0736298003879851 -0.0363863317675535 0.0517971871002978 -0.0410569696383564
-0.0466189551827453 -0.070682084823017 0.0751887676188449 -0.0265984871051389
-0.00669388967757757 -0.0903604346740318 0.0868491364779051 -0.0116326920719172
0.0417052778386027 -0.0891215510676203 0.0831078929006842 0.00060279682368541
0.0824819925521394 -0.0653945086594296 0.0815881335988385 -0.0164194947645576
0.101289059712275 -0.031755500739076 0.00782968439211562 0.00319568885865973
0.0775667499614189 -0.0450761974028833 -0.0342435415817573 -0.0306639577950918
0.0515180316881078 -0.0593782667324637 -0.0866767302377208 -0.00490203675663247
0.0117191416035559 -0.0708996627986868 -0.0820757723181884 0.0489517790701592
-0.0306814681196839 -0.0635347923805777 -0.0404277557347759 0.0726750632239815
-0.054819172933259 -0.0381871962335352 0.000888137196593391 0.0694558200321874
-0.0640354507449779 -0.0171442927254919 0.0202270023692997 0.0471368329246629
-0.0732290644763208 -0.00702976833357785 0.0236331598244244 0.0152509255888578
-0.0760800750044113 -0.00673490129981747 0.0169001241858085 -0.00892891739237942
-0.0857871453800673 -0.0146314200270568 0.0152910122644588 -0.0352136941792973
-0.0868187950298307 -0.0445119259696049 0.0267485198747173 -0.052686020741072
-0.0562935233804216 -0.0840691032172072 0.0638110920849996 -0.0423541712684885
-0.00527356597545702 -0.109130041189453 0.0848699501577583 -0.0152344416663715
0.0559312585643099 -0.104117118691569 0.0721660531820657 0.0112948414899834
0.100947318044095 -0.068899054192011 0.0473096790323929 0.00210430526641526
0.109853399069209 -0.0306927763128152 -0.0387664579322396 0.0150357416901009
0.091707513318952 -0.0531816922897744 -0.0602669839360571 -0.0204999894514694
0.0604285071574856 -0.0762514159713231 -0.0960446672112229 -0.00161718911997289
0.00802909721831117 -0.0871739990890926 -0.0839956539639458 0.0368317165477949
-0.0381964416915654 -0.0722497146531599 -0.0528528025890948 0.0542059125888565
-0.0622225377537017 -0.0413456503730277 -0.0214495674271592 0.0553439911722935
-0.0689292185486758 -0.0191967681414331 -0.00769521418503095 0.0395864012225609
-0.075187704383667 -0.0120591511291881 -0.00581552146296824 0.0116015304937796
-0.0760783661409606 -0.0125868558281857 -0.0125027519147646 -0.0106521207440277
-0.0834967754526333 -0.0216831392072723 -0.0115164685239609 -0.0391412052767039
-0.0822755245628506 -0.0501969964518835 0.00474111203288138 -0.0622614367857925
-0.0487955541126831 -0.0874960671376221 0.0523422712357293 -0.0542954027618141
0.00544608792977058 -0.108565932603189 0.0793312273632267 -0.0145519009716631
0.0673681375850572 -0.0983796965628813 0.0589589597120564 0.0233548350251964
0.105748573674939 -0.0580785454162123 0.00953429388842989 0.0191127920878432
0.0990129330863007 -0.0247351058169631 -0.0817005055422813 0.027242057438374
0.0869784084086228 -0.0501076866520975 -0.0833315557921202 -0.00355840574824588
0.0555325792155335 -0.0754885350900133 -0.0980875761328771 0.00262410635172274
0.00288084744153318 -0.0827169180128678 -0.0819505152911449 0.0213552669831694
-0.0373327858203845 -0.0664091110947735 -0.0657756946277642 0.033901629079559
-0.0581263452293513 -0.0371590843295965 -0.0454938367009941 0.0406171869378826
-0.0627798489993576 -0.0179602858733539 -0.0359577519797017 0.0331619530692348
-0.0654341496316775 -0.0154086177826036 -0.0336170134342839 0.00670872784187721
-0.0645743432873541 -0.0184899238632838 -0.0386250840680532 -0.015188032653852
-0.0673703244293003 -0.0278388376856288 -0.0308634340101035 -0.0466961309535551
-0.0609554413927119 -0.0522247202752985 -0.0092393270406035 -0.0714011055076953
-0.0268947716380891 -0.0805115895606745 0.0451327031317143 -0.0616057944758612
0.0236524107026997 -0.0900007317651663 0.0719850884556193 -0.0109539221421807
0.0731321977996657 -0.0731689135727904 0.0417093659801813 0.030887120736075
0.0959764899499948 -0.0359878484450683 -0.0271374007828779 0.0289539534718143
0.0711656406546534 -0.0129059140710552 -0.1129406111995 0.0392870974058228
0.0652393971500009 -0.0345438346860573 -0.0965126644333479 0.0114645239464418
0.0397577039423083 -0.0555089954556833 -0.0935653303863524 0.00591600517301305
0.000855379694109981 -0.059371950213249 -0.0792766047623385 0.00714363570715049
-0.0267845735108094 -0.0467826298150551 -0.0780322250461631 0.0178208732438938
-0.0415601391567655 -0.0259905602198976 -0.0667606635503211 0.0295149209224942
-0.0453586467808089 -0.0139391597434467 -0.0594955931446826 0.0261326659233912
-0.0449957778848284 -0.0160326024965221 -0.0562181699176346 0.000826158021109052
-0.0435546108442232 -0.0196668327374073 -0.0569655441642541 -0.0239483573896603
-0.0422542700233851 -0.0288220711104834 -0.0409482986630917 -0.0579083806113456
-0.0335231826036322 -0.0464229560816968 -0.0114687397381407 -0.0810747347148165
-0.00380026731877699 -0.0619320017827947 0.0450972399913302 -0.0654779014854089
0.0369858653456532 -0.0598880616595195 0.0640230409703167 -0.00828022723864442
0.0679633687614237 -0.0395493447961166 0.024804261862434 0.0309741291496116
0.0727655624341379 -0.0103319692660671 -0.0563650184029117 0.0283714658715853
0.0319269278200272 0.00394295273599901 -0.1259332047098 0.0467045769207648
0.0356353398688395 -0.0091471648410325 -0.0998574776789208 0.0206347306880463
0.0218314694601187 -0.0232127329913787 -0.0877855184470106 0.0067012992199541
0.00296958185070884 -0.0249384149420388 -0.0777412701889465 -0.000927272730363238
-0.00668922983611116 -0.0206627342988669 -0.0842913287637159 0.0110051139751295
-0.0153292086910759 -0.0137215734898286 -0.078231588798684 0.0248280699282784
-0.0188227776971867 -0.00987280441055919 -0.0739573096196046 0.0222567173441119
-0.0182657140366029 -0.0144794092391876 -0.0688224248327013 -0.0044518721896396
-0.0180531026943358 -0.0161168186349315 -0.0652684927798979 -0.0332797598533569
-0.015579733263681 -0.0213751337632073 -0.0418745078506579 -0.0691642867381943
-0.00913448070315461 -0.0311342659254079 -0.00487160003872654 -0.0874744793968985
0.00837867385610546 -0.0373111150231929 0.0490210541558205 -0.0657730784215489
0.035613369640442 -0.0293407011630678 0.0570915866083223 -0.00758060257337783
0.0484853734273294 -0.00848921395441908 0.0124483959544108 0.024522830462716
0.0379800884726959 0.0111270187785524 -0.0734039399755626 0.0195682269356917
-0.000621536335036608 -0.0220996660663303 0.0902238454851047 -0.0245366482488916
-0.017195902008561 -0.00701625439135298 0.00489476164272651 -0.0439980324102177
-0.0157839797238653 0.00638325486483478 -0.0576815422108718 -0.00266894231404751
-0.00481774382186251 0.0068172360565774 -0.0671649942573151 0.0647897805281497
-0.00687194313001833 0.00289143131086333 -0.012137373071009 0.0959427365568143
-0.00618545933837641 0.00415420666964252 0.0403757232764454 0.0817694412532062
-0.00663279546916955 0.00694686480767641 0.0697175349452617 0.0508795092810245
-0.0110277288904973 0.00939554520221752 0.080391774407641 0.0122751732638207
-0.0142174692603985 0.0089358882485206 0.0793133746334444 -0.0119388312406437
-0.018472400732793 0.00480161997933638 0.0804626668243605 -0.0231695708049512
-0.0180347205079494 -0.00477750135912295 0.0870030072833911 -0.0132044661788866
-0.0113986157082885 -0.0130775854908029 0.0874812393385916 0.00542039527342248
-0.0110258997160679 -0.0166139463349772 0.0891918771250473 0.00109398897068113
-0.00500193792047627 -0.0239501403943591 0.103467829684683 -0.0063227094711141
0.0129974974024623 -0.0294181472988353 0.127050034850999 -0.0377214915265755
0.0398659728817679 -0.0289917361353888 0.0777258233513781 -0.0140703306791859
0.0155285039169664 -0.0210881801938469 0.00172498618623802 -0.038035911382215
0.00627939676822735 -0.0127711641181435 -0.0633007747710736 -0.00332471588008355
0.00309755819491679 -0.0172947630374051 -0.0728550943135638 0.0606296176355938
-0.0139677275001848 -0.0204299419798239 -0.0218991607087943 0.0937709630390405
-0.0245781454674146 -0.011800881020864 0.0312308432525633 0.0842788691318356
-0.0305128409810043 -0.00211209019814697 0.060907903127164 0.0543438602497021
-0.0392816207056878 0.00440762823022113 0.071192352179362 0.0155337117400626
-0.043758689687279 0.00394930997941638 0.0677951194134625 -0.0110424362596739
-0.0506146602054829 -0.00342097647787931 0.0663737569794697 -0.0283495751816537
-0.0495494763733303 -0.0249914086972612 0.074182224020331 -0.0269545817302278
-0.0293341676322497 -0.0476225066445235 0.0846949100774442 -0.00864763815843756
-0.00506549889981884 -0.0589911259049357 0.0900247039039974 -0.00538456875033126
0.0235761062572139 -0.060337817568001 0.0952881509288037 -0.00595859169168367
0.0537594939334605 -0.0517360149873927 0.110900370447913 -0.0316936214551143
0.0767155507672145 -0.0315173445897523 0.0494493015674354 -0.00570979629881419
0.0500710099264665 -0.033853651173227 -0.0113627821681621 -0.0369809102659822
0.0321029939121001 -0.0355631746887677 -0.0756835693654963 -0.00546830038778019
0.00974618839626617 -0.0450867774338149 -0.0798445059112033 0.0569167833499116
-0.0217983344760322 -0.0440881830154938 -0.0313758009976019 0.0871091261690298
-0.0419787332672309 -0.0271884081937098 0.0184253940179568 0.0804883514363431
-0.0512201652530857 -0.0110939233862896 0.0436892003830689 0.0535012430460519
-0.0623674617946914 -0.000896263957690629 0.0515022487442131 0.0162644040626811
-0.0659115319003518 -0.000528722775905515 0.0459045602173784 -0.0100156257624232
-0.0760513236419207 -0.00902952619181053 0.0437858191577015 -0.0322732069191189
-0.0761000536288588 -0.0375819252814031 0.0530545615160151 -0.041799111467855
-0.048046869795224 -0.0721084975965113 0.0778600970178152 -0.0269826062946477
-0.00673570234393404 -0.0924435186428285 0.0904499676641497 -0.0121464887526659
0.0437540228884357 -0.0915864259103745 0.0851524821162351 0.000699044608120751
0.0849745776762805 -0.0677791864128239 0.0837978317350528 -0.0168369486903044
0.103117332791923 -0.0322001556423816 0.00815051816718761 0.00287715334429688
0.0790765924961603 -0.0462399768583031 -0.0341234553383543 -0.0328522587765644
0.0532384844011825 -0.060374739828734 -0.0893835116061053 -0.00550604278244264
0.0117284904557297 -0.0726182084973764 -0.0844753761290792 0.0495164648483289
-0.0316341404665572 -0.0644982340090795 -0.0413997789951149 0.0739513446316372
-0.0561332943021055 -0.0377369869459767 0.00100512501889928 0.0703179115499614
-0.0657155978231441 -0.0173705256060734 0.0210016772099135 0.0480987132482058
-0.0753599413541001 -0.00721219870530739 0.0241905184713496 0.0144623882122452
-0.0780361937205388 -0.00592751844327799 0.018044151460251 -0.00916786199868157
-0.0882570200617855 -0.0142271723635623 0.0159402491371098 -0.0360375899206352
-0.0896963308475818 -0.045025651763642 0.0276361012222151 -0.0532355627307616
-0.0582958140147439 -0.0861899995137107 0.0660519523559024 -0.0433380143452964
-0.0054482185239456 -0.111506744875368 0.0879105743367078 -0.0160385754464228
0.0578025814022133 -0.106261803221468 0.0744317455141512 0.0111220049837635
0.10368203141161 -0.071351218907771 0.048771636707844 0.00200613249706065
0.112052657985375 -0.0310620286910418 -0.0393682160807352 0.0141034647755393
0.0939843422364208 -0.0544809355966777 -0.0611202170160818 -0.0220975209479381
0.0620240435591233 -0.0779197570914062 -0.0986407184994848 -0.00284562465437326
0.00816484934895665 -0.0891844656032497 -0.0866971992188628 0.0373517322730652
-0.0391113330441382 -0.0736679491624336 -0.0544534757310229 0.0552925854446718
-0.0636959121532597 -0.0411435598911388 -0.0213920927441805 0.0559576233406893
-0.0708861743145427 -0.0188792369340425 -0.00767552057599524 0.0406320169654139
-0.0771300598700641 -0.0117645474636995 -0.00572061314483571 0.0125614073025054
-0.0783947729329871 -0.0127562813511166 -0.0124259600710791 -0.0107708481295107
-0.0860879988284418 -0.0210207336750183 -0.0109345828823167 -0.0400478661280973
-0.0845334747694029 -0.0504636658326605 0.00459117680503269 -0.062947360282467
-0.0506814920195489 -0.0891158130825823 0.0539843025658229 -0.0553724079910716
0.00556521960378585 -0.110833718024957 0.082510359013483 -0.014895497302875
0.0681142372270589 -0.100444659912806 0.0604737196812207 0.023312890164414
0.108903715613441 -0.0607456476614162 0.00945586736909253 0.0195686605157409
0.10097823231039 -0.0255720956523976 -0.0835666830821412 0.0269937197088791
0.0887948080580635 -0.0516662014400152 -0.0850185033817932 -0.00579273926367613
0.0573106987564348 -0.0768667936979815 -0.100195552461433 0.0022794635068648
0.00235360561637449 -0.0848444936700172 -0.0843433262863835 0.0217814865141992
-0.0386941549897757 -0.0674174884828092 -0.0682013548324091 0.034360726935062
-0.0590120376856464 -0.0369728374308939 -0.04680909480434 0.0414620541073681
-0.0639395766838693 -0.0170998984830638 -0.0366841187514233 0.0335896453896112
-0.0669474096290681 -0.014792442097455 -0.0345180695685106 0.00739830562716787
-0.0662346242854946 -0.0181529238656004 -0.0390233147812919 -0.0156360605722502
-0.0694042269811413 -0.0275545217262863 -0.03183679379579 -0.047442883933252
-0.0628046188923821 -0.0528850570452887 -0.00944616771825442 -0.0722341954007095
-0.0278149349752985 -0.0824229772858778 0.0473505994928618 -0.0627348283046007
0.0245526185915619 -0.0918387527100135 0.0751844927461687 -0.0116647972015867
0.0749234921487054 -0.0750833754653091 0.0433456808598841 0.0315968803251506
0.0986924716628356 -0.0375020310913842 -0.0280719973031722 0.0295518035124396
0.0727635952558514 -0.0131827796911729 -0.115720209008376 0.0407324069305438
0.0664599382583444 -0.035443059367895 -0.0992743938870541 0.011276338207848
0.0409097681270932 -0.0568010262983563 -0.0965309137568255 0.00535805283557649
0.000295534893739966 -0.0602670545390307 -0.0810700037171803 0.00666786215717528
-0.0280086293919088 -0.0477042940726778 -0.0798229957565203 0.0179371995446328
-0.0422450407616094 -0.0259215966718361 -0.0677195365088054 0.0306523454433512
-0.0464004758416464 -0.0139018140726797 -0.0612882433707231 0.0271882968436666
-0.0464556103124012 -0.0161278110566954 -0.0574916688887373 0.00193709081085603
-0.0447346856282376 -0.020396458079479 -0.0577210105493269 -0.0236268379230826
-0.0435507205551514 -0.0292900895307897 -0.0420026845136103 -0.0591353425669457
-0.0338992174535213 -0.0469729519245168 -0.0118520138724229 -0.0821139761294034
-0.00410064455826084 -0.0639743828538184 0.0461022397756469 -0.0666968620139243
0.0383109756056103 -0.0612235166316819 0.06687084520058 -0.00835018722267443
0.0689235568552618 -0.0403729702644497 0.0252860675819502 0.031310504385314
0.0748020621579065 -0.0105425092313097 -0.0573411536985114 0.028805260959679
0.0331219295693842 0.00460094346068907 -0.129283955629249 0.047663882973202
0.0367940482257767 -0.00935897312858922 -0.102577922934335 0.0201285635780319
0.0228860008087195 -0.0234403848123736 -0.090612021442246 0.00592439929123318
0.00274737152743815 -0.0255192954924892 -0.0799742443037687 -0.000737094456666668
-0.00680922215690762 -0.021241909530288 -0.0865298069865625 0.0108254336782297
-0.0155123149010745 -0.013451552150585 -0.0802413091192447 0.0256545497860723
-0.0201399363300458 -0.00905181856428776 -0.0756308611860464 0.0239346449748672
-0.0193837425581714 -0.0148367167483968 -0.0705401533348065 -0.00345999196748828
-0.0184969706549585 -0.0164801523278636 -0.0673253133080173 -0.0333552848633066
-0.0157325326209355 -0.0221201094498443 -0.042769243132591 -0.0707659851803299
-0.00921769027771039 -0.0315065415457738 -0.00448006861757851 -0.0887790251051814
0.0084556248962826 -0.0378338981771267 0.0499588421495312 -0.0675738005505916
0.0365873699328685 -0.0296799451533937 0.0595922087165698 -0.00765211352742316
0.0491756280271176 -0.00876457303349094 0.0126861915594201 0.0256355174579157
0.0393841060862331 0.0115674859732704 -0.074754194238039 0.0210131573793166
-0.00164141111471293 -0.0226834461221783 0.0916628918065906 -0.0298956151620233
-0.0180245678166031 -0.00710600146995869 0.00316223555500633 -0.0459237026789377
-0.0162090540252984 0.00699221220276473 -0.0601890156036445 -0.00164610729793185
-0.00432639813376736 0.00718189468163719 -0.0670885126805284 0.0686281848365755
-0.00681077708124167 0.00331115176465155 -0.00906013171447618 0.099384191785142
-0.00639770196261314 0.00458752713566047 0.0447654499631897 0.0815078945556409
-0.006348678644764 0.00755460445696397 0.0739323539910337 0.0479498470782872
-0.0115709834049293 0.0101674524135987 0.0837807891758911 0.00851321002782936
-0.0141912853251897 0.00991966251110451 0.0816306028219086 -0.0155358965654983
-0.0187211017054558 0.00608426127638079 0.0821302000426922 -0.0275930088589048
-0.0189326950382012 -0.00458381780953285 0.0891524786079986 -0.0169836436567019
-0.0125722672391591 -0.0131749450537232 0.0911453261492678 0.00235967201628176
-0.0116961115356563 -0.016673002375345 0.0918285938830847 -0.00171830426394745
-0.00574458805216958 -0.0246017834357241 0.106273265956944 -0.00981948357692986
0.0124891422358773 -0.0312921595455582 0.129989217062304 -0.0433475705571908
0.0398347811085894 -0.0312264897857623 0.0793723577594024 -0.0183699947596006
0.0147466528331827 -0.0221362651253627 0.000278892673878102 -0.0404083869792955
0.00590699580649037 -0.0132991079999636 -0.0660831530495796 -0.00159071492105614
0.00251425107103776 -0.0176469254948943 -0.07241562320681 0.0653961123682425
-0.0152960302663558 -0.0198317689394477 -0.0190481947953223 0.0970233495081088
-0.0256206565080237 -0.0107347157655932 0.0347666029316719 0.0844012301953392
-0.0312669809912649 -0.000676744708919744 0.0648664683563399 0.052578073635788
-0.0406234359639514 0.00612182362328693 0.0738644000163689 0.0124780372062185
-0.0444671876851071 0.00624255195898227 0.0703255662058834 -0.0143493582173959
-0.0521431372283304 -0.000945028572691127 0.0677937950612404 -0.032235960258753
-0.0522421355703361 -0.0236797078487161 0.0757173420797713 -0.0302445119916311
-0.0325308206664146 -0.0480726502396558 0.0880648201734046 -0.0121221218479385
-0.00787363891114663 -0.0605523641490596 0.0932133422041078 -0.00873035465864629
0.0217318285207159 -0.0633363084108482 0.0977568664879681 -0.00877585459170888
0.0536643972035013 -0.055371354287295 0.113672578226189 -0.0368321311784101
0.0772598382864355 -0.0353938597397687 0.0504250505501844 -0.00889942327939223
0.0499205729933819 -0.036336751172974 -0.0133442923018922 -0.0385228390789291
0.0314493648102225 -0.0376727907508289 -0.0779477854337876 -0.00327759238110346
0.00793847943614234 -0.0465832364288789 -0.0804958601244076 0.0610102439043281
-0.0242258811574462 -0.0440649487816169 -0.0290504593537313 0.0903935473278192
-0.0436529884586009 -0.02584733889685 0.0216518501026524 0.0815692340057201
-0.0529153474440899 -0.0092509086822787 0.0477765686393088 0.0522572239322096
-0.0643065360211407 0.00174409142166562 0.0538504519499575 0.0142332850085779
-0.0684988690463182 0.00230179531255765 0.0475118663723664 -0.0123896558692897
-0.0786122846937953 -0.00523175332537077 0.0444875462542681 -0.0353209662932982
-0.0803335160666476 -0.0347134666488732 0.0534043751110127 -0.0444212442540661
-0.0528435654054241 -0.0720662796858398 0.0796320545209572 -0.0303425958426989
-0.0103340866650502 -0.0947741369731149 0.0926878284193769 -0.0155034306863317
0.0409388812738657 -0.095461795561681 0.0884716878143818 -0.00241374606348536
0.0854962219812442 -0.0732841434175272 0.0856706276444872 -0.0210771214895423
0.104329620261144 -0.0370202732622508 0.00827961133857298 0.0012110991164736
0.07925412454517 -0.0507550408894706 -0.0361553329178424 -0.0340810933118948
0.0527783935681263 -0.0644396768572913 -0.0927401765322218 -0.00344844808748225
0.00897074846150584 -0.0747085159503315 -0.086015538707309 0.0534461306340842
-0.035459473104906 -0.0641759039286031 -0.0395674196861329 0.0771697750695559
-0.0585424132259008 -0.0365897021932806 0.00365415484473438 0.0719634432878195
-0.0680402798493564 -0.0144908871365818 0.023424474187702 0.0479774462343387
-0.0779666951209434 -0.00352268646652224 0.026150378361992 0.0140775380975129
-0.0811437586557307 -0.00235392936869878 0.0182744543926413 -0.0109117042852267
-0.0917976580668658 -0.0097329622958646 0.0164812660463296 -0.0375084381222106
-0.0941950906506815 -0.0422407849482508 0.0266056027955162 -0.0545134422689891
-0.063160546125729 -0.085519933778374 0.066647603383338 -0.046828745949161
-0.00928124786255519 -0.114271284199304 0.0902292419768369 -0.0200889618946344
0.0549904421740654 -0.111654481434769 0.0777288089570677 0.00926928992542421
0.104861105517937 -0.0781063148087818 0.0497090665543532 -0.000646863112552714
0.113405369262177 -0.0366418022092002 -0.0392724775977271 0.0149211855917553
0.0940009922622588 -0.0598345751674301 -0.062781250161431 -0.0220445264316629
0.0614815846028604 -0.0826472119609968 -0.102212689095213 0.000407493563310456
0.0042996984666949 -0.0914972846450955 -0.0879545376107033 0.0409622359607396
-0.0437869288230662 -0.0735623021816352 -0.0535507235585641 0.0582750159285216
-0.0664104981640353 -0.0393640633094046 -0.0198790425571209 0.0581460978706869
-0.0730694083708569 -0.0159360377574366 -0.00601448986172296 0.0418296569708765
-0.0800911694212163 -0.00845463378544774 -0.00467918204242582 0.0128739101682915
-0.0814396527011971 -0.00903103352185148 -0.0128750831101764 -0.0100416079232554
-0.0894353479105946 -0.0166660312309218 -0.0120843922527684 -0.0408154111534353
-0.0893902832989304 -0.0473974034749969 0.00247525271427155 -0.0639061835905266
-0.0554577423928217 -0.0889351397012329 0.0541161766792384 -0.0592718013681436
0.00164953387118287 -0.114598153423948 0.0853610946599217 -0.0192427710376047
0.0670907640697827 -0.106431242174397 0.0635193612370134 0.0215542926813886
0.11009033284513 -0.0671192325520932 0.0100604402440507 0.0187159598525284
0.102517165708265 -0.0296790446122202 -0.0849630071599929 0.031288819013464
0.0894100557189556 -0.056907941773799 -0.087313265412989 -0.00407412350539308
0.0559590686297816 -0.0810192898507319 -0.103648163409275 0.0059367130297188
-0.000667629377240203 -0.0874701649876253 -0.0859682509903498 0.0246275889225896
-0.043265008090151 -0.0674833673690041 -0.0686243529033684 0.037499972599951
-0.061653334047711 -0.0345766801538018 -0.0465071959195707 0.0443019147447137
-0.0664043006351202 -0.0142720949445654 -0.036234218348563 0.0357960926137016
-0.0694439537969322 -0.0124096628091954 -0.035040012970179 0.00962500763628316
-0.0686991584592623 -0.0151829420686218 -0.0402456507465292 -0.013367987586546
-0.0724272286962323 -0.0248075361593754 -0.0338226308358035 -0.0479000501375317
-0.0667904144027145 -0.0511581705076717 -0.012104910921903 -0.0735127670244817
-0.0323114783375139 -0.0826366793115934 0.0468491700882157 -0.0658816425191994
0.0222155168191909 -0.0955244899814462 0.0779136804069546 -0.0151492107084203
0.0741258312070349 -0.0800121869567943 0.0456183342515082 0.0304504653301078
0.100733709852432 -0.0428002424338357 -0.0273850447046413 0.0311866747245806
0.0736008477570591 -0.0161936123560146 -0.117581220617932 0.0453733271151167
0.0674294879857188 -0.0394641513307375 -0.101561074942481 0.0137718275459455
0.0403951824414324 -0.0594865272572107 -0.0992298629271483 0.00851716509502301
-0.00251535802263895 -0.0623637461652059 -0.084052439257091 0.00920857979277827
-0.0305771862895016 -0.0477351729811768 -0.0815526000184293 0.0212897348734153
-0.0437338413272197 -0.0243737107619354 -0.0691320589325797 0.0341829323398108
-0.0477799754132628 -0.0114176823999624 -0.0614582090712555 0.0309762993143131
-0.048680828405921 -0.0141291367765387 -0.0596203552809886 0.00526193552024658
-0.0468639132624802 -0.0184029081863749 -0.0602729920152246 -0.0214628786951414
-0.045483535788471 -0.0274220114751582 -0.0452190089879237 -0.058501934763035
-0.0363666461549174 -0.046283724322431 -0.0146400927280658 -0.0834656976353258
-0.00687386472421742 -0.0645756650030164 0.0457222919969991 -0.0703755253406065
0.0376464122347888 -0.0637891568543917 0.0688750138228272 -0.0113417580105177
0.0698886494014718 -0.0437922004269001 0.0274586203188483 0.0306794916018683
0.0764058117830022 -0.0138684972796013 -0.0575328622229635 0.0319327323219077
0.0335043839781092 0.00317376485328591 -0.13165868265062 0.0535982879740051
0.0374691499395043 -0.0116925408101603 -0.1051398800131 0.0247860046944197
0.023000627310504 -0.0244416158232869 -0.0928108026389866 0.00899367517218294
0.00211498607661736 -0.0260852219601435 -0.0829140692848145 0.000939428491534192
-0.00841741974801382 -0.0214278164101543 -0.0887746023741069 0.0151831454116896
-0.0159341127633635 -0.0125364158666251 -0.0815511429369312 0.0300489444697519
-0.020849726817335 -0.00799201872350662 -0.076592021195472 0.0281648489463824
-0.0209085604488142 -0.0142777459540988 -0.0733992095357035 0.000872587185939457
-0.0191033862396561 -0.016114309025449 -0.0704144110411807 -0.0303659376800041
-0.0172369111885852 -0.0220483539672195 -0.046815999007427 -0.0701754563106559
-0.0107318132615301 -0.0317480930619071 -0.00792536244888934 -0.0906892371835489
0.00715282053363784 -0.0399568372315649 0.0498552829193402 -0.0708342291421702
0.0372017022496091 -0.0318455642944819 0.0619395123002291 -0.00989359596987483
0.0502945877048282 -0.00998817782634548 0.0140211829731916 0.0255344286319023
0.0406161279126345 0.0104469233153968 -0.0757263760459575 0.0243990667556361
-0.00314773967620629 -0.0227393920363883 0.0892390236740559 -0.0360938116260572
-0.0188674709028506 -0.00579623489422416 -7.9425268074226E-05 -0.0473558072173318
-0.0162851942101474 0.0077116131386611 -0.0608156802994394 0.00155140768207544
-0.00453204578077696 0.00719844965889203 -0.0632663846427828 0.0734152682218344
-0.00665182061899046 0.00406706548089368 -0.00363569943149676 0.0996908099753892
-0.00612218617123171 0.00472093160955701 0.0484034101140908 0.0773858567746453
-0.00623877973429348 0.00764268710479688 0.0765405092205184 0.0434590503563398
-0.0108252306156491 0.0108047252594696 0.0840966597045313 0.0022067042856269
-0.0133144360080589 0.0111578606748266 0.0816253697169917 -0.0217365878864726
-0.018075000492649 0.00752186446145264 0.0805536821761214 -0.0330803465512982
-0.0196562025425453 -0.00320020966656808 0.0881593460421206 -0.0222979371143497
-0.0138922839360747 -0.0123873632194323 0.0915535835097554 -0.00282500000691099
-0.0129490241958171 -0.0156316508842419 0.0917125880049131 -0.00670810009222127
-0.007229421455228 -0.0239715671326274 0.106346711682491 -0.0152721255849462
0.010490631848483 -0.03244287953382 0.127317958255316 -0.0514806823778655
0.0374822395961921 -0.0332145852578646 0.0777431234026055 -0.0245110981964249
0.0128946810067803 -0.0226702937540049 -0.00200476498426872 -0.0414578429022878
0.0051574204241261 -0.0136798340351241 -0.0667705442772823 0.00153826448819087
0.00104654072195962 -0.0178459264368669 -0.0694598545716227 0.0695993197283616
-0.0167229761023696 -0.0185315031159633 -0.0138985797353426 0.0978307431165181
-0.026139216234018 -0.00924941296975713 0.0390201354312551 0.0814565107186114
-0.0311061797072207 0.000903292928336613 0.0672290779679032 0.0477561058151074
-0.0404855351105225 0.00885953587404692 0.0746132271322676 0.00673285276267475
-0.0438988402624439 0.0097350436373349 0.0690777873944046 -0.0196269169779372
-0.052464818235673 0.00311239556081588 0.0666439383882656 -0.0364484116053046
-0.0539198626741188 -0.019837564734508 0.0740176329444421 -0.0342062767877309
-0.0353968848234447 -0.0462009913843405 0.0872103099984916 -0.0175722995648237
-0.0111124450761847 -0.0595695293765633 0.0925099203596808 -0.0143408814617861
0.0185343207014626 -0.064681809916233 0.0971289280958349 -0.0144481330999472
0.049966018949572 -0.0598023131128629 0.110873547195377 -0.0434890859526904
0.0745209000122055 -0.0396582108666536 0.0496355504006807 -0.013404957781528
0.0470671762141836 -0.0392928822386533 -0.0151803115558718 -0.0392270785784556
0.0294658440002329 -0.0388828166870531 -0.0791253482260895 0.00120046378667152
0.00493818631739281 -0.0468895668101701 -0.0765977147353399 0.0655680922004945
-0.0269095347989308 -0.0417767470772748 -0.024137062470141 0.091874798966587
-0.0451461919691744 -0.0224502314116599 0.0260940552897848 0.0786497364440371
-0.0530083155292453 -0.00570938614738791 0.0504979461036811 0.0488314592974653
-0.0638343335480324 0.00588153594156997 0.0552034200753618 0.0102766629196852
-0.0682615052998402 0.00758444706063981 0.0471220394651366 -0.016243409156247
-0.0789548071566077 0.000215654201879359 0.0428857770055448 -0.0387352918524353
-0.0828245200392162 -0.029285422619935 0.0509354925370099 -0.0473701602533673
-0.0571088181119951 -0.0682927691284546 0.0782660906027541 -0.0351978304863403
-0.0161020454790172 -0.0941455859602489 0.0918455661580289 -0.0220138130807764
0.0354028638228706 -0.098056437734037 0.0883121462586716 -0.00793150947019009
0.0811780205018674 -0.0791180026122761 0.0840902716953612 -0.0269637232834283
0.102105817335855 -0.0434687143598978 0.00816200668621752 -0.000335548783848114
0.0760999086597321 -0.0549083671907114 -0.0373483228672631 -0.0348077320588483
0.0485537937020402 -0.0674984801335553 -0.0933056762304766 0.00174538860382051
0.00359637068770932 -0.0751192866454507 -0.0828600707895075 0.0584771334794468
-0.0395203953256722 -0.0613168182466557 -0.035694957736783 0.0792078504883627
-0.0604690864487662 -0.0319748784306082 0.00740660200346486 0.0702074953602995
-0.068330377800741 -0.00982959203340193 0.0259861237960869 0.0457811460292162
-0.0783432022031348 0.00192118120213732 0.027588249844267 0.0119889606712393
-0.081586375549567 0.00315265940302179 0.0180331452859062 -0.0112058894422437
-0.0921778197009065 -0.00285038938221047 0.0139453640189373 -0.0387356950916583
-0.0965603480759857 -0.0346089996588783 0.0241484891444485 -0.055820853499588
-0.069045599333986 -0.0808949046141256 0.0642505378457385 -0.050428817250827
-0.0165950806990089 -0.113727493160705 0.0892694675601039 -0.0260149416266851
0.0485004753317943 -0.114954303287516 0.0776083734825145 0.00341989380729661
0.0994537221988626 -0.0849815532184195 0.0494112992246434 -0.00412889988397144
0.110839269662942 -0.043046092973645 -0.0391712043400885 0.0165555116663867
0.0897914272646168 -0.0655740811315009 -0.0647451478493184 -0.0196585479082261
0.0559347446711908 -0.0858353179236816 -0.10259442611922 0.00626813442624941
-0.00137885187863396 -0.0912231506406992 -0.0858407023619597 0.0450874779978937
-0.04852123739777 -0.0701069813351534 -0.0505892045939091 0.0615987139155022
-0.0682155405083671 -0.0346574076229678 -0.0167407790772437 0.0588063123144877
-0.0733101594169118 -0.0108143330174005 -0.00364853657409956 0.0424493438184955
-0.0810630812580434 -0.0028350159964017 -0.00393473442013825 0.0136120886755309
-0.0814240694133566 -0.00310895945733372 -0.0131695870177648 -0.0089655400551679
-0.0906527937671817 -0.0103201210505581 -0.0142492705422785 -0.0398435948094157
-0.0920872632545203 -0.0407613767981397 -0.000721428219903074 -0.0630243707650659
-0.0613673608761949 -0.084977979913721 0.0510345782678333 -0.0619162787626112
-0.00497465073979458 -0.114436190415245 0.0843699144238806 -0.0256581612761162
0.0602644371166477 -0.109745418852487 0.0647147259156917 0.0175000457455218
0.106008563827281 -0.0744443375304437 0.0109013128059958 0.0180999535507075
0.100259204953125 -0.0358667413296227 -0.0826332188714757 0.0356772855263375
0.0854626049545733 -0.0615802133698768 -0.0873997891448081 0.000422271621063849
0.0513087717817181 -0.0844684442248047 -0.103884661939619 0.0115312530090314
-0.00663361767926824 -0.0865501018090691 -0.0854386983367605 0.0290386688459944
-0.0473770196075813 -0.0636939312161259 -0.0670401865921926 0.0409452013537434
-0.0632181614011266 -0.030404829782955 -0.0433681505445123 0.0466227024468337
-0.0668034282495763 -0.00974387245529092 -0.0341416234482691 0.0382365704043489
-0.0702150848196806 -0.00735269436480876 -0.0342658669418876 0.012293810487457
-0.0695157082754954 -0.010613210583891 -0.0409930918447013 -0.0107263877794085
-0.073951603103948 -0.019116273329998 -0.0364157909370831 -0.045113923918568
-0.0695813616603054 -0.0459165802025646 -0.0155628395740335 -0.0714784607876217
-0.0376566491893853 -0.079899820330428 0.0435410118375343 -0.068959038310864
0.0166571680346514 -0.0963149195583415 0.077528108202886 -0.0208949224412518
0.0687053212991251 -0.0840688118014271 0.0476022337560306 0.0272491010296744
0.0982376954487735 -0.0494057265285444 -0.0258430568737797 0.0326039980926976
0.0722217288738982 -0.0207878989726312 -0.114402864876095 0.0520681083306947
0.0646613513149326 -0.0432558594732598 -0.0999043678889905 0.0183247469612757
0.0371570620349025 -0.0620064865773913 -0.0984189365420166 0.0148849735666835
-0.00604912140663275 -0.0618604088584892 -0.0843620237118669 0.0139069210155558
-0.0336413339394875 -0.0448002797195214 -0.0805176185980461 0.0257706610108853
-0.0447582420848554 -0.0212940755385258 -0.0666233691655324 0.0387253759646234
-0.0480984774032562 -0.00837719020407075 -0.059607730405446 0.0355398972581701
-0.0501468516975707 -0.011107924214864 -0.0588266236504097 0.00961939925026872
-0.0481561728419265 -0.0152937263477322 -0.0612511789052469 -0.0166321222980838
-0.047101964736734 -0.023817206773376 -0.0482828774155166 -0.0554952386933155
-0.0397844817344318 -0.043278870692909 -0.0196489148557315 -0.0810752331711283
-0.0111926175576965 -0.0641091792673227 0.0423061265445338 -0.0726937275451561
0.0332672575138778 -0.0665099612181642 0.0696355351636017 -0.0162959954381755
0.0666216457852784 -0.0478022387011878 0.0292097945237883 0.0289385567503398
0.0757834735824551 -0.0185733484471935 -0.0554630573766821 0.0357799516762742
0.0335764534699687 0.00109803734935679 -0.128501137419415 0.0627586316051847
0.0362318980242953 -0.0137188734722925 -0.103122479940411 0.0308211651619653
0.0215093889075723 -0.0259573149500759 -0.0919375499239531 0.0145054783525123
0.000484154347134764 -0.0262147692219148 -0.0829182566258094 0.00591620952721918
-0.0102068760285412 -0.0209446852469826 -0.0877971959564559 0.0195396633442923
-0.0163572106992624 -0.011709513754625 -0.0795125270983523 0.0354553846060823
-0.0206578531184607 -0.00654041972746023 -0.0743221889548126 0.0330833108758408
-0.0218232829589852 -0.0126150981114422 -0.0733423791489691 0.00536668786684883
-0.0205971386072764 -0.015170280305357 -0.0718152241046954 -0.025013908179306
-0.01836671501083 -0.0205895157897641 -0.0508579148655998 -0.0663454835937726
-0.0124623724486893 -0.0305522629596595 -0.0135825162691945 -0.0890152649478123
0.00470654447847683 -0.0396688170950307 0.0455755034723319 -0.0733480541754349
0.0352743871082015 -0.034181056011543 0.0622584847167728 -0.0142074628306644
0.0496647365764313 -0.0131465374243946 0.0161591365015942 0.0248877580702532
0.0412789690244674 0.00823469929554194 -0.0741022842498612 0.0293550141008517
-0.00466659491202639 -0.0213850990452671 0.0837872483406787 -0.0400583202860664
-0.0185517785255281 -0.00466856678650745 -0.00268768451962973 -0.0459896969052861
-0.0150921428251311 0.00876529791863194 -0.0586301231755954 0.00424715693192177
-0.00365132950918068 0.0071912773706236 -0.057337068814577 0.0727393902536026
-0.00617917201731719 0.00440877695883472 0.00142199324827469 0.0955753273819677
-0.00586089109788849 0.00530260979745242 0.0495443761745081 0.0716768367017839
-0.00524788758326362 0.00715088873875264 0.0750612451966317 0.0363888036151073
-0.010220457896867 0.0109483272556278 0.0810155089894286 -0.0032780873549482
-0.0117844323966034 0.0113693912159469 0.0771334946585443 -0.0256203362648129
-0.0164927314233174 0.00769872508267647 0.0762279991477242 -0.0360158025532393
-0.019362936454628 -0.00229711819676617 0.0836569464642262 -0.0257352908762982
-0.0135560217597458 -0.0113843729416252 0.0889843917995009 -0.00753172152770235
-0.013023318229225 -0.0145165524609035 0.0876412690158812 -0.0106772022055157
-0.00744201650252734 -0.0226751545298555 0.101149972102769 -0.0193077913731714
0.00869102861887703 -0.0321935637440132 0.120357655838602 -0.0557513493921801
0.0338449087791487 -0.0332507946822978 0.0731825293628685 -0.0286083145017395
0.0117050770779323 -0.0222045680055219 -0.00410571027746037 -0.0411187192742616
0.00450008264670458 -0.0131176426940463 -0.0645608507215023 0.00459819754858589
0.000146559102817385 -0.0169942996800401 -0.0634946222127692 0.0698906070991629
-0.0169808415645314 -0.0161487436638889 -0.0087882973827426 0.0941877637509237
-0.0257134647770574 -0.00692180725513682 0.0410846705711357 0.0753337233202827
-0.0298043166431746 0.00263147686905856 0.0672832989783372 0.0410737531746505
-0.0380434699971211 0.0113496277604581 0.0727093662501328 0.00169190181617192
-0.0416236483059292 0.0119355176229163 0.0656144215885807 -0.0232954600003154
-0.0493941441429622 0.0056127278825515 0.0623336939764031 -0.038725458752158
-0.0529745651828732 -0.0161845909281645 0.070192226784288 -0.036598022208193
-0.0362238264169239 -0.0418877305316577 0.0836537538820911 -0.0208486829983551
-0.0133469495152793 -0.0572548250030137 0.0877572923157457 -0.01842864444032
0.0145825904634764 -0.0627135209670026 0.0928415409484829 -0.0186933771114482
0.0455573387839884 -0.0604008201678831 0.104103334617411 -0.0482798397278733
0.0692436453845626 -0.0419837232595958 0.0466846648813534 -0.0158914258636181
0.043082363764105 -0.0397012791526739 -0.0167316953184664 -0.0390300017772239
0.0264121934610145 -0.0389238436520259 -0.0766696677000637 0.00443891718767186
0.00266673373577226 -0.0451866678020153 -0.0706785418578681 0.0665903989755801
-0.027903029928578 -0.0385920461909135 -0.0190392804535546 0.088926597798336
-0.0438129402952886 -0.0192401781487445 0.028549451449509 0.0737182670601637
-0.0512590010577495 -0.00219060702656925 0.0505538955669324 0.0430161236661564
-0.0608097689136297 0.00981544543815316 0.0536355033971543 0.00543137757713584
-0.0647744748131056 0.0116918618893606 0.044183865203371 -0.0187590470159689
-0.075204022855648 0.00570303762988399 0.039260734958495 -0.039801117652842
-0.081128226488349 -0.0228282959151326 0.0470807739342168 -0.0469457965151935
-0.0587561011611033 -0.062602915827981 0.0735577950829378 -0.0376348447045803
-0.020001560593069 -0.0894558698106991 0.0868440991698396 -0.0260012868209803
0.0291469894787174 -0.0962019851448792 0.0841246900973661 -0.0116711978066077
0.0737213379912651 -0.0808084682667903 0.078873132842185 -0.0303840013027117
0.0946984624610419 -0.0460843008851611 0.00812259838112392 -0.0020042790964978
0.0697791668838594 -0.0564503144294787 -0.0381683617615579 -0.0327448473489198
0.0437984398080488 -0.0671363962609508 -0.0897938000710737 0.00592828282564254
-0.000249935567942888 -0.0721347370742653 -0.0768554704438896 0.059714148437366
-0.0409858285587253 -0.0562757497521958 -0.031455062511211 0.0777387953560361
-0.059250652535328 -0.0272484441727809 0.0109461636672396 0.0665390592342349
-0.0658020360201326 -0.00539432300542567 0.0273251156729376 0.0420824895283371
-0.0750612872321925 0.00681453563393831 0.0270404507382388 0.00981013516164382
-0.0772556163979665 0.00799573809547706 0.0171068636907131 -0.0128459090121679
-0.0880567476737665 0.00303555366548146 0.0116207128699708 -0.0386130182821501
-0.0951879605813764 -0.0279642474115786 0.0208563162153942 -0.0536624368479514
-0.0705002590682466 -0.0731124664623664 0.0596963310718534 -0.0519362220697086
-0.0219077537413928 -0.108247123268233 0.0842314666822067 -0.0304701896038411
0.0402772976593331 -0.112908366436637 0.0749081527802583 0.000503942342991963
0.0915307869990692 -0.0874723202554296 0.0462146747408801 -0.00645101676732698
0.103827692406836 -0.0465957220096257 -0.0361092041733513 0.0172849456176491
0.0826926030496033 -0.0666652267513846 -0.0625614973681367 -0.0180670378749384
0.0495588603273679 -0.0851589468634799 -0.0978537418355496 0.0108707074981658
-0.00643489848592812 -0.0869297572838709 -0.080547827892685 0.0471753595414086
-0.0500649166304881 -0.0642114818411765 -0.0462307494455561 0.0607607041377959
-0.0664264376438372 -0.0291908460128911 -0.012818330338391 0.0567486846841547
-0.0707429372471149 -0.0062013207641166 -0.00148853398944427 0.0402130722534184
-0.0775411671983714 0.00234043231306125 -0.00300353974379814 0.0128334060300082
-0.0785045873301534 0.00182488752813491 -0.0126655312226358 -0.00797415259762147
-0.0864378649188498 -0.00392814382044757 -0.0150534603484043 -0.037830065336056
-0.0907830406013793 -0.0331822188651288 -0.00302345089803055 -0.0595479846184628
-0.0636331758344346 -0.0775786103567564 0.0468706107063515 -0.061809015277558
-0.0107012780979846 -0.109757171131869 0.0794880653804347 -0.0295214345845803
0.0518947476850187 -0.108227464274454 0.0623701823061945 0.0133132266852822
0.0974621925032653 -0.0772046711634234 0.0109346242214821 0.0162758404192106
0.094147851901586 -0.0397551629585041 -0.0775556740947847 0.0380626373364262
0.0779236683199856 -0.0634171761841683 -0.0832219432257321 0.00297827223885565
0.0450724724351515 -0.0837308775134544 -0.0992534067451163 0.0162815385503274
-0.0106416593796299 -0.0822700427300131 -0.0810128837712266 0.0310582659725201
-0.0489057035978927 -0.0583875349945419 -0.0621917926082401 0.0424752726421593
-0.0614370318680216 -0.0256642122238077 -0.0393389273329596 0.0469327530714821
-0.0638259902361682 -0.00557637626860441 -0.0301701965133959 0.0381538700553202
-0.0687207466333758 -0.00272085571120924 -0.0320933931515214 0.0144819203330533
-0.0678061139192903 -0.00590992678028896 -0.0390638607624862 -0.00732157668413625
-0.0712865024913708 -0.0135268998547518 -0.0365970285396625 -0.0412986349895538
-0.0688054201466563 -0.0389527270013465 -0.0178386865720113 -0.0668902542478607
-0.0406150581887947 -0.0744899636053868 0.0382825584391698 -0.0678688183737075
0.0111215169324747 -0.0935982660569127 0.0739741558385848 -0.0249088962582265
0.0615064729421496 -0.0842187251958138 0.0466776954170648 0.0238663152745897
0.0915387170011644 -0.0521908382880791 -0.0232936243147741 0.0329546956840944
0.0682057028779619 -0.0236739999693039 -0.107424130736813 0.0561521842289123
0.0589572923809012 -0.0448838745373604 -0.0957700475704022 0.0224047725164257
0.0325350302504357 -0.06102038091088 -0.0940003973394058 0.0188987037990331
-0.00929475841375881 -0.058578325494561 -0.0800730044150031 0.016798193035129
-0.0349357497147675 -0.041221706322584 -0.0760846504643654 0.0281774743608375
-0.0434209932698927 -0.0179575770869752 -0.0621184256228735 0.0405177248687084
-0.0455988783339034 -0.00498654494773485 -0.0546693939790604 0.0377623382140536
-0.0487077918506027 -0.00765626140493634 -0.0558808882522913 0.0132794774115493
-0.0468517363987771 -0.0121054322059784 -0.0591418836482664 -0.0120186828244393
-0.0460453118790962 -0.0196075056304752 -0.0491313680797744 -0.0498618945963597
-0.0398460499262765 -0.0385888793580076 -0.022421135547997 -0.0759100489693366
-0.014185394795742 -0.060239013869208 0.036774545212048 -0.0723676264008211
0.0294154211770058 -0.0654174973285585 0.0659753925403498 -0.0196351472557508
0.0614086899683648 -0.0485529498360659 0.0288682523280525 0.0264987805880318
0.0714664478731994 -0.0216057481236582 -0.051349375115323 0.037522812909026
0.032377849114301 -0.000661139432170497 -0.119546281004108 0.0662039622558563
0.0335193392824294 -0.0152667754528331 -0.0978020082568243 0.0345915907883832
0.0195350297987858 -0.0260194746399621 -0.0877736020483248 0.0182697549329502
-0.000881107866988254 -0.0243086131574161 -0.0806295304221044 0.00896325758457947
-0.0105534981514472 -0.0192674547020662 -0.0837748316397365 0.0232925546876694
-0.015949325564253 -0.010178160779684 -0.0744324440931707 0.037849741638715
-0.019759628053668 -0.00507876002981167 -0.0693043669779597 0.0365615140196792
-0.0226102595378264 -0.0110230708249679 -0.0700491641724372 0.0104738365005099
-0.0197066655787121 -0.0135469254873605 -0.0693682842579301 -0.0193688655288041
-0.0187410639546627 -0.0184418195332127 -0.0519305588585073 -0.06066303765269
-0.0136725656576035 -0.0285938768059452 -0.0172758154790306 -0.0839374486387927
0.00269966143466459 -0.0374546199958555 0.0400133809153136 -0.0724973270666661
0.0326224445934044 -0.0345319132272992 0.0595114870098081 -0.0168035748656112
0.0465532040385257 -0.0146884909731389 0.0163529443724867 0.0232642558072102
0.0404031960845221 0.00565580241942417 -0.0691076129416952 0.0328117112804316
-0.00190425905595255 -0.0203971743736528 0.0818678703923457 -0.0293417647177513
-0.0158711805530415 -0.00635984637159148 0.00144784718517483 -0.0450246412548197
-0.0149890432100769 0.00612544036886985 -0.0561160325941387 -0.00380523146626872
-0.00456761115079385 0.00589644558065375 -0.0610869343856544 0.0597488512980818
-0.00668627029089685 0.00344267632500744 -0.0105501858553705 0.0874265443300565
-0.00714942049305141 0.00381926712865375 0.0365654279230509 0.0712199604899975
-0.00634348315641611 0.00554713368541527 0.0657553620628572 0.0414667090746817
-0.0108246997077366 0.00939759950947441 0.0769358272058864 0.00529106938514178
-0.012932245277549 0.00892473650069494 0.0765092489788742 -0.0163300161294381
-0.0167654550710724 0.00531222907875285 0.077382392616052 -0.0252049681339586
-0.0187415475108974 -0.0045211358200773 0.0839365816613563 -0.0137546008688222
-0.0127274202661757 -0.0131302268449404 0.0861766892367203 0.00415696016516506
-0.0110116128559207 -0.016257861090943 0.0851554485501506 0.00155700005421629
-0.00449499738538308 -0.0230244734850018 0.0994326583535113 -0.00452614283014964
0.0111183848995072 -0.0298361075463999 0.123442668728108 -0.0385023811604305
0.0348304635367752 -0.0264869970347965 0.0730281605978069 -0.0183462183039403
0.0132784034892608 -0.0184599298145154 0.00121329529509885 -0.040017055123151
0.00612844961427259 -0.0116344352230508 -0.0593540511926557 -0.00368583231957211
0.00220758679406031 -0.0158870906299053 -0.0656554256401883 0.0563491515253122
-0.0136769561971444 -0.0173455696436574 -0.017723458391763 0.0852419374819792
-0.0235532059633247 -0.0104633902213613 0.0288099934820871 0.0728773381409382
-0.0286250223947806 -0.0017956579713096 0.0583169517596386 0.0448408790904709
-0.0376536313958465 0.00610238475147833 0.0677711389127113 0.00877496519308618
-0.0414064682814511 0.00611527096120608 0.0659445136080541 -0.014617628429215
-0.0474214657545797 -0.000804986635587013 0.0649026485088378 -0.0292455517430075
-0.0486655377539609 -0.0213222799114789 0.0726951212743854 -0.0243999701291308
-0.0301941665408964 -0.0444156142196817 0.0839063749743509 -0.00926341008669496
-0.00743787215543424 -0.0566312907021121 0.0851895780374308 -0.00490198693802399
0.020916889754917 -0.0582424772331438 0.0904457339904501 -0.0033213400005579
0.0493920344015298 -0.0525989798582223 0.105826087281179 -0.0308806430074931
0.0687656241718873 -0.0293631413358426 0.0489557121183831 -0.0082190572255293
0.0447262859657271 -0.0302149684459506 -0.00893995389501463 -0.0382358944397751
0.0298163378934825 -0.0322344601688032 -0.0690684948329378 -0.004679371940206
0.00882752840161323 -0.0410026851259553 -0.0707736033308392 0.052683590446958
-0.0204976429931683 -0.039326723240074 -0.0265996249619539 0.0784867747297654
-0.0382374431649184 -0.0238068362930657 0.0180941369735959 0.0686971636024168
-0.047489063968108 -0.00838936626416085 0.0432665573039845 0.0448454765131945
-0.0590097802906024 0.00225938990441294 0.0495586359090849 0.0112734355205748
-0.0627419144717297 0.00288174418419034 0.0457947579673859 -0.0122284660163356
-0.0716230399302334 -0.00318985647239048 0.0444202421315416 -0.0321446018686293
-0.0740143613674084 -0.0308542254989074 0.0535029006365454 -0.037154169525404
-0.049107747237706 -0.0661573041857609 0.0768649596109942 -0.0250927733196259
-0.00986160655187719 -0.0883670354605764 0.0852827435630992 -0.0111841218015825
0.0385775133694674 -0.0873859614662277 0.0808379760613008 0.00302004171055132
0.0788780778761382 -0.069289012502212 0.0781058333716651 -0.0155710460994792
0.0922382105434433 -0.0306146315612647 0.0127315606688763 0.00290502952292051
0.0710939496146418 -0.0425196039738013 -0.0278349243614961 -0.0350644480761976
0.0493226468005 -0.0559378874516123 -0.0796032360184999 -0.00403927070417487
0.00995823730020768 -0.0662801986603778 -0.0750809898555406 0.0454122130207683
-0.0299945370959855 -0.0575257344815239 -0.0346839198410033 0.0666572436538269
-0.0513774114904166 -0.0334684887585881 0.00223241273746784 0.0599756228022593
-0.060895426670716 -0.0129307890878824 0.0219757341601687 0.0411549786637399
-0.0719369633163703 -0.00186484079860406 0.024194915051778 0.012599410132748
-0.0744734259691648 -0.00157561035251682 0.0189094303711782 -0.00940397640301196
-0.0827560279599854 -0.00704007595600723 0.0181890715081456 -0.033682242890823
-0.0864444552524111 -0.0363881941712232 0.0303087253476112 -0.0461997025369212
-0.0585553074545612 -0.077580254059837 0.0657696631252738 -0.0404134158240864
-0.00947775858705753 -0.105839132441184 0.0835049738060099 -0.015245945806572
0.0510399908548934 -0.1025474134548 0.0694810716650269 0.0138555118944233
0.096825323872189 -0.0740611994969095 0.0432060432588029 0.00427289461671012
0.100839205377382 -0.0299448329650776 -0.0296491462372322 0.0159531102303274
0.0837287696096174 -0.0499619920301888 -0.0515058069887201 -0.0232824353750994
0.0578268779281243 -0.0717912966128704 -0.086378216025809 -0.000813726620884902
0.00617671688796697 -0.0809542164805152 -0.0753170528242377 0.0337505149743952
-0.0373320747449184 -0.0664742348869116 -0.0465347695234824 0.0493407343957653
-0.0578534259679858 -0.0359266171339544 -0.0184000881063728 0.0477523342290565
-0.0652281569823523 -0.0143171467188799 -0.00461975086831953 0.0365785216343764
-0.0738589090997047 -0.00662383008313597 -0.00473615441762524 0.0121780407432991
-0.0744449266035803 -0.00765980756235034 -0.0102056329862802 -0.00786404117757856
-0.0806384277687447 -0.0131701156036654 -0.00785299593295383 -0.0358245140753137
-0.0813808707958271 -0.0413758794151807 0.0078244854704028 -0.0539328617655198
-0.0521725622605044 -0.0805444711098544 0.0540459229633241 -0.0512885009948335
0.00141507871395376 -0.105368477756451 0.0787860721199914 -0.0155845355192641
0.0613223968569392 -0.0970029820874773 0.0563322580412327 0.0250379662526447
0.101883836990393 -0.0629778413635617 0.00606483389830929 0.0225845045780697
0.09053810684238 -0.0245394524142851 -0.0706722376571089 0.0301608149405483
0.0794967440232482 -0.0475629614622739 -0.0732600445414375 -0.00591675518740675
0.0531820216154677 -0.0709251716347347 -0.0880034785259155 0.00384181978236597
0.00169762628275009 -0.0774394011644826 -0.074411273599194 0.0189219439667689
-0.0372978772819344 -0.0610213597299423 -0.0595903887438387 0.0306023875563817
-0.0527317649352812 -0.0320640564499277 -0.041395265404799 0.0363768453511064
-0.0590606811382477 -0.0125166164777097 -0.0317158642676444 0.032229508936282
-0.0649195996698229 -0.00993382263956298 -0.032347423987748 0.0103412800656242
-0.0625974074300757 -0.0131000774636003 -0.0354304459323839 -0.0106638257066025
-0.0646517291773471 -0.0203421421494607 -0.0276774608941095 -0.0421973702959217
-0.0600682789607503 -0.0441249637472603 -0.00722407781299145 -0.062815796554699
-0.0302903115819995 -0.0745239402556984 0.0469021523842854 -0.0586102934009972
0.0203882967445713 -0.0880712825014497 0.0718591810890558 -0.0123509767515106
0.0681282970682689 -0.072481311009579 0.0390176987859198 0.0317952442566111
0.0926358119571177 -0.0402033562645857 -0.0285769654588057 0.0330629901797104
0.0650957310657202 -0.0134811656761781 -0.101366176405983 0.0432658079024967
0.0594883455516895 -0.0332012595821357 -0.0871413160264156 0.0109159339410957
0.0383428084349562 -0.0522395894603525 -0.0846849105072054 0.00664963300738781
-0.000650613609635076 -0.0552903043985105 -0.0730529664579493 0.00531246553639553
-0.026420010184486 -0.0431356916511171 -0.0719885579756353 0.0161071368249544
-0.0370206074462089 -0.0227647565586202 -0.0617198271194022 0.0286288501088501
-0.0419290353308247 -0.00990031657317524 -0.0544472263997954 0.0287798122844053
-0.0460210822009744 -0.011949675968416 -0.05409669143508 0.00746714768585948
-0.0425115713050053 -0.0167864322588846 -0.0539055332630304 -0.016921915449989
-0.040599753311476 -0.0233388333977221 -0.0390092548850703 -0.0516062810422609
-0.0325697997526713 -0.0405058435809443 -0.0106640168384268 -0.0724592186298027
-0.00671284364992791 -0.0577168772335738 0.0444722456839298 -0.0628345429945252
0.0341689681619613 -0.0594190338089613 0.0642986823169528 -0.00976302884617306
0.0634686778129021 -0.0392422418230439 0.0219408172203597 0.0310744441445587
0.0715020252512663 -0.0123228289585165 -0.0563688680978823 0.0332961198272393
0.02897383745081 0.0031210863007305 -0.116907040447806 0.049979679984997
0.0321222862260823 -0.00957471114149225 -0.0928742634482877 0.0220467453467889
0.0216247860105654 -0.0213473130978909 -0.081527645858029 0.0069097291371682
0.00239472255749909 -0.0232250041409815 -0.073768984312157 -0.00188285009717935
-0.00729165095534431 -0.0192642289911462 -0.078800833543598 0.0111614268884643
-0.0124368456975943 -0.0120305188135887 -0.073492202556282 0.0266395915099313
-0.0171980434618448 -0.00661438867051309 -0.0687156515439393 0.0267630945575171
-0.0200595806471413 -0.0129359943071447 -0.0667630966876281 0.00277337326680125
-0.0175522133836446 -0.0150718820601167 -0.0630625447016625 -0.0253695336230213
-0.0149247608926075 -0.0193182412745941 -0.0414460785045458 -0.0622729721332639
-0.00983446546793379 -0.0279133927373235 -0.00553155665982958 -0.0797523645239166
0.00600933169332243 -0.0340952181398766 0.0472340277103884 -0.0632808096565531
0.0338725089757081 -0.0297024035827038 0.058262596930114 -0.00862539971212555
0.0464177497241583 -0.00845723956441737 0.0107260574770958 0.0247699533097944
0.0379318563073706 0.0100896171656508 -0.0717984649979191 0.024454186896103
-0.00116730454460833 -0.019089850039612 0.0787702872188527 -0.0279398220818279
-0.0151521390835318 -0.00619865881284032 0.00201851272229741 -0.0438290308304153
-0.0145543582260073 0.00575647683812891 -0.0539152774986279 -0.00612710410582272
-0.00445908218009946 0.0057700373509441 -0.0603687700415682 0.0561505547975713
-0.00662259163057008 0.00300156528787102 -0.0123126374224351 0.0838750375540891
-0.00684087144887617 0.00396301105505855 0.0329293772284212 0.0687707906543934
-0.00639105781808044 0.00484299287808201 0.0622712849771387 0.0401696816475512
-0.0105928483383057 0.00842422849760014 0.0741781447627271 0.0062430209180371
-0.0120199934016107 0.0084775069341169 0.074141351751932 -0.0148955023572837
-0.0168401786183263 0.00498681090183513 0.0749453790080964 -0.022693702523801
-0.017388677681192 -0.00486909395033913 0.0816726053931156 -0.0117437376435301
-0.012295870943846 -0.0128811459671227 0.0831799604641848 0.00622419970919281
-0.0102246587331421 -0.0157369619450697 0.0819333189792718 0.00481866667336419
-0.00382170959274952 -0.0222292702640574 0.096606641288016 -0.00175773811407087
0.0112705182490017 -0.0288223510571544 0.120220650232033 -0.0344425332847451
0.0341252403532796 -0.0243733257791824 0.0700820219007106 -0.0161744570423591
0.0132009402603239 -0.0175670508840079 0.00167414821368894 -0.0398282353134551
0.00621584424279867 -0.0107706325020762 -0.0576238456094638 -0.00558604792396674
0.00293780085270931 -0.0148136484033936 -0.0649979087146421 0.0524352837570724
-0.0126652322697526 -0.0170147036312842 -0.0200283508634309 0.0814851596619461
-0.0223019429621249 -0.010044762796492 0.0253163315643936 0.0697977517462105
-0.0277292498209713 -0.00248601608787531 0.0548149635897378 0.04384735673608
-0.0366817367355332 0.00545960487678465 0.0655522512781888 0.00892361963805274
-0.0397457840549304 0.0051485612264858 0.0637295667966261 -0.0130846068612392
-0.0458056889046056 -0.0012313471703338 0.0631904457941232 -0.0272532403530296
-0.0466197695411284 -0.0210291395025225 0.071630479998394 -0.0219507882693513
-0.0284433312843289 -0.0440532832787634 0.0818352941214279 -0.00628327465666462
-0.00539278690802568 -0.0540733956696669 0.0824173487163591 -0.00251566078025122
0.0216734153522368 -0.055773481849872 0.087798539381594 -0.000828924830107953
0.0488084655972763 -0.0501532831275094 0.102679576921747 -0.0274364620896191
0.0663603599724669 -0.0265305055803166 0.046851031779264 -0.00698025024017929
0.0434368762949207 -0.027719043851368 -0.00776368378394663 -0.0392188234060703
0.029765959802531 -0.0303513224019527 -0.066085780740097 -0.00646436293535943
0.00911863773471409 -0.0393171631989849 -0.0700562568939283 0.0486138606003513
-0.0190573543453993 -0.038114904106568 -0.0276621413941384 0.0757279876351269
-0.0363292339688985 -0.023372639737171 0.015384180611212 0.0663044588515614
-0.0460044331297675 -0.00962451705125346 0.0403106293259034 0.0432759628069276
-0.0572984823794593 0.00141053114572103 0.0479363165516473 0.0110117107842943
-0.0604496571833952 0.00138542036764152 0.0442677246821003 -0.0109407215362833
-0.0683161783430764 -0.0042490695993508 0.0435271456045718 -0.0311883812006094
-0.070751057554355 -0.0303865831053083 0.0537117371265918 -0.0339556229611689
-0.0456321965728158 -0.0644025005623857 0.0753506434356534 -0.0225811571142794
-0.00700196846889275 -0.0855088954782518 0.082059934519978 -0.00903641785845692
0.0390155793748952 -0.0843556183158012 0.07783792204967 0.00559433664256303
0.0773985610817572 -0.0653228834906107 0.0754040886536332 -0.0129047475268116
0.0892051369519904 -0.0268666886770981 0.0121248627999168 0.00242898234548302
0.0686748006189449 -0.038513947130924 -0.0259349462804985 -0.0355243451886069
0.0490828721796515 -0.052494039968331 -0.0764075949852252 -0.00622011473691107
0.0109127810664087 -0.0632724687925171 -0.0731813060962133 0.041756273167889
-0.0275493773262816 -0.0556146590827601 -0.0359877333338843 0.0631272747067255
-0.0484372700665258 -0.0323751966074953 0.000829392928763701 0.0575041691718122
-0.0583265845539664 -0.0134449945620685 0.0194066422781774 0.0398052667117893
-0.0694811397063484 -0.00256383096832752 0.0235323303325808 0.0121461057946832
-0.0714857995890684 -0.00200456128071475 0.0186152699817411 -0.00880280725670326
-0.079707071482169 -0.00762312887049366 0.0184770034882306 -0.032745340288653
-0.0823807882148571 -0.0359736227956041 0.0309529562541194 -0.0433948273339358
-0.0552206702213148 -0.0755797538325163 0.0650324662317817 -0.0373146672717774
-0.00662313761402145 -0.102219672943914 0.0806700400757784 -0.01274565645914
0.0514776678101258 -0.0979279626353971 0.0665652227124733 0.0153953700407759
0.0945459146816441 -0.0689648784306528 0.0413652112054331 0.00520948058482485
0.0973579613812324 -0.0262241442843904 -0.0292572494438267 0.0136765700430213
0.0813751601750813 -0.0466800299399483 -0.0484302433998339 -0.0250456407686011
0.0576022582421774 -0.0684989788774098 -0.0827761618881487 -0.00279231812243795
0.00791466654953507 -0.0778431178247021 -0.0744958088701085 0.0301600891494814
-0.0346455751760905 -0.0642908535672713 -0.0466202158151849 0.0459010212942897
-0.0543991547342799 -0.0355410531512747 -0.0191092967746833 0.0452786981465139
-0.0624073412515567 -0.0144366843827205 -0.00533851711908853 0.0350685481154298
-0.071139506697007 -0.00669384567395086 -0.00477179230960697 0.0117642519384765
-0.0718155932028277 -0.00813902129860682 -0.00911292179015165 -0.00775156625260398
-0.0768388072471557 -0.0134038456505243 -0.00634690010727248 -0.0352722552029214
-0.0771053560556313 -0.0407508310194026 0.00992321619153579 -0.0514963705622849
-0.048272900914462 -0.0775996393636285 0.0542743894822978 -0.0481092210951084
0.00357459743964625 -0.101918021772485 0.0758833421946887 -0.0129793515167864
0.0613954432347626 -0.092302949054055 0.0533183700918188 0.026121827578146
0.0991946201148132 -0.0585008295753889 0.0050169719418811 0.0218913526941541
0.0877579347172313 -0.0211608785309688 -0.0684092856937201 0.0269159255708569
0.0773211658777453 -0.0439311401440428 -0.0699172893668637 -0.0083855438772554
0.0534392153223224 -0.0673186225182764 -0.0838341292439993 0.00133872158733693
0.00325602352378906 -0.0737752319352179 -0.0727936248815619 0.0150598515891342
-0.03479358644529 -0.0586826185469807 -0.0589680270201206 0.0270795453257083
-0.0502056907818062 -0.0322658825656443 -0.0408229035176248 0.0342335743021042
-0.0560116317264931 -0.0132422926169408 -0.0310466650079874 0.0297158593578232
-0.0625373819904187 -0.0102389153462249 -0.0308211738197217 0.00995892395080202
-0.0604526173405045 -0.0134869768611264 -0.0335155126239763 -0.0105420804906969
-0.0611575047446367 -0.020166065096544 -0.0259127939365228 -0.0412257381354069
-0.0567249439650328 -0.0428260031076026 -0.00395464061770755 -0.060149432955378
-0.0273361894644377 -0.0713115742828623 0.0466921374269404 -0.0555136511307237
0.0214012365649213 -0.0848640659193175 0.0699338459338289 -0.0104751433538294
0.0672075779145436 -0.068541922964906 0.036363306704501 0.0321967587496485
0.0905097145879782 -0.0365433188919133 -0.0288349079691288 0.0318742800366689
0.0626650785026678 -0.011165950608373 -0.0986324324661354 0.0384801128985912
0.0579446719481562 -0.0305847941049301 -0.0843412609196736 0.008105241810448
0.038691609651963 -0.0495089553532531 -0.0815464598252895 0.00403380904465863
0.000935906539419337 -0.0526586439754405 -0.0708409518484986 0.00290466477572481
-0.0251502222169485 -0.0416211502217653 -0.0700246386837117 0.0131316171915203
-0.0350575752016979 -0.0225354333646806 -0.0603034983886646 0.026494251367451
-0.0397633856032606 -0.0103513175999973 -0.0527193762141872 0.0270173428631999
-0.0442460374764977 -0.011964499705722 -0.0525691501129291 0.00652818873290955
-0.0406384003211999 -0.0172264987551795 -0.0511556288142912 -0.0166044135761409
-0.0380170579364896 -0.0227600482052153 -0.036664347138945 -0.0505929089743081
-0.0303152388538377 -0.0391025461165237 -0.00789368220534022 -0.0694788345700839
-0.00514399031588318 -0.0551753268028829 0.0446020922136552 -0.0584370932237694
0.0341180963955597 -0.0567313247707566 0.0627873864345516 -0.00795685724245816
0.0620161141920247 -0.0362182791310877 0.0199780907415962 0.0307057991338389
0.0685165860152541 -0.0110234880186626 -0.0548986470796067 0.0306464177795083
0.0279408481910269 0.0042159716813377 -0.113553438263594 0.0457222728405659
0.0311775375928427 -0.00822003751238337 -0.0894505720646001 0.0184947522659923
0.0216050273581041 -0.0202922790765489 -0.0783664426405547 0.00428037742786954
0.00317832057034614 -0.0222061836077387 -0.0712235599965032 -0.00446957999361909
-0.00678878458992271 -0.0182105896090704 -0.0765748582876203 0.00822913502424387
-0.0113433106783684 -0.0115452722908723 -0.0717487334844113 0.02457596166633
-0.0160018984842434 -0.00682760533957388 -0.0657449850812223 0.0253142561846952
-0.0191039984809954 -0.0121131422456151 -0.0646129057513916 0.00276520399717225
-0.0166907417957834 -0.015179092304766 -0.0597405381562973 -0.0250994122960011
-0.0137914907269509 -0.0184439189153651 -0.0384580420618156 -0.0599899211131628
-0.00879542944224153 -0.0265559599768093 -0.00239081965628625 -0.0765475503851389
0.00648434442306181 -0.0320882826976235 0.0475276245230769 -0.0595865323925209
0.0337632011151489 -0.0283103263121103 0.0562117495391822 -0.00685793699431038
0.0444858157970094 -0.00719056955475763 0.00908580128886741 0.024392954985436
0.0365901341923294 0.010820728699566 -0.0693329002494521 0.0224938181120757
-0.00109200001583942 -0.0193400774058208 0.0793653729583936 -0.0247790145866
-0.0144221631024887 -0.00692696908471023 0.0033372971594902 -0.0444283083935559
-0.0142599634892579 0.00485939564432288 -0.0547605945749424 -0.0087280103066297
-0.00479104811068617 0.00558091939414531 -0.0624359098728734 0.0537464710848701
-0.00644131271148024 0.0028589965778969 -0.0157708169229905 0.0832706154997461
-0.00700961087620439 0.00356592604907132 0.0294223354507537 0.0696088435448917
-0.00731872200635367 0.00480189940600071 0.0605522373509032 0.0418966848998996
-0.0109738205893171 0.00855387427599725 0.0738006257097807 0.0069263985276627
-0.0125707783101689 0.00823581237722695 0.075316110981996 -0.0126140553688672
-0.0167806620147956 0.0047429270714499 0.075055836452333 -0.0208143212461588
-0.0180642395693066 -0.00512427314718878 0.0827081800246258 -0.00844655755278785
-0.0118334630347811 -0.0133141606011211 0.0836192145736742 0.00958849497300557
-0.00975499580336245 -0.0164521404610318 0.0814044151715793 0.0081240699843845
-0.00231568051602317 -0.0224362174266361 0.0972041711868426 0.00261173538702906
0.0120689224232767 -0.0283066382829605 0.121196737028461 -0.0297860203878803
0.034575421763289 -0.0227738680502777 0.0700946311028733 -0.0145876235396777
0.0141549696049964 -0.0171947457960244 0.0028980341896353 -0.0411112002688051
0.00698989354383372 -0.010442643407132 -0.0576497253743422 -0.00810526920671177
0.00364041613255624 -0.0148266120078083 -0.0670678838254863 0.0501720639424912
-0.0117279653713776 -0.0172996489458449 -0.0234426175863866 0.0802236202814362
-0.0218142179044709 -0.0105657726187326 0.0222681704916475 0.0711718021003655
-0.0279330838361695 -0.002997032162653 0.0528704170390076 0.0448356768646589
-0.0368221147226912 0.00424079947503463 0.0652934384887204 0.00951371859644206
-0.0399268910666476 0.00446558549148076 0.0647424729685402 -0.0115790282613142
-0.0452592732883789 -0.00222226386700775 0.0645805853949809 -0.0253493800069664
-0.0458998574447952 -0.0222180753373555 0.0728889529597365 -0.0198110999680258
-0.026879004852475 -0.0442076024318755 0.0818997671760491 -0.00330882435249917
-0.00365657519781162 -0.055290799985362 0.0823127501212098 0.00160622904280731
0.0241670594122327 -0.0555017608165635 0.0884639039563674 0.00360872253293085
0.0503908042840673 -0.0490361038127235 0.103440576189597 -0.0238623411156457
0.0672693745291457 -0.0237115776387823 0.0463105387223225 -0.00640580743054322
0.0445762236348924 -0.0253525108373426 -0.00675079306959491 -0.0404463072892766
0.0310705193487665 -0.0293283099121398 -0.0659695677049125 -0.00979229051139386
0.0105296224860555 -0.0386847894229612 -0.0719675342494838 0.045912118462916
-0.0175396439412343 -0.0382288470944363 -0.0311786499568173 0.0733003004755336
-0.0353711353438297 -0.0239803024115072 0.0121962882303281 0.0665546381658084
-0.045920871910592 -0.0109925503132981 0.0383131043564224 0.0436931502379895
-0.0572441667880984 0.000136862425777419 0.0472888257357136 0.0113034234212469
-0.0606794625932592 0.000587941478488624 0.0449027933115245 -0.0105252238147801
-0.0676969014802682 -0.00602943483510881 0.0449154962559132 -0.0300534409348054
-0.0698631590821935 -0.0320663150605442 0.0551547018124439 -0.0317871469111315
-0.0435277381286201 -0.0659228314994482 0.0769584896388084 -0.0197799851742052
-0.00463431371640809 -0.0856600756394933 0.0825785129328572 -0.00566657040101044
0.0422035840458899 -0.0826614554663052 0.0775841615492414 0.00884028093438148
0.0791662656879033 -0.0629621571486661 0.0755863281943969 -0.010213258760317
0.0896488761237356 -0.0233771489749316 0.0120297027047862 0.00144235851088735
0.0702555367935464 -0.0358182758374587 -0.0243670121112669 -0.0379730761598089
0.0510613925074937 -0.051170719243951 -0.0755859739630941 -0.00953272016785738
0.0131926652536165 -0.0626094127985162 -0.0756476546992635 0.0379313872276372
-0.0259033570114652 -0.0562793828814569 -0.0389169688854694 0.0611639584779373
-0.0471406446664647 -0.0339179660984505 -0.00175147242091912 0.0564437375577345
-0.057968146694889 -0.0154435261195775 0.0184292498445575 0.0397880261810483
-0.069926888337361 -0.004098113630701 0.022748445606983 0.0122471134638405
-0.0719613228886887 -0.00439501053150338 0.0191397976915182 -0.00874158893995829
-0.0783410457146927 -0.00938691548353228 0.0195654576210872 -0.0328984675848071
-0.0806221364809773 -0.037945520175733 0.033568773012612 -0.0425394766585378
-0.0524271325008853 -0.0773353545445735 0.0666786383200158 -0.0345057625693513
-0.00364641453526822 -0.102814439124167 0.0806770795064169 -0.00970753941764857
0.0549120236709081 -0.0961253478092238 0.0659486459477518 0.0185345720091676
0.0968432142509495 -0.0658890071904307 0.0408620450489611 0.00693240289306256
0.0976254241133657 -0.0225237092374156 -0.0297300289532836 0.0120210472288916
0.0831939842626384 -0.0428983662882433 -0.047332385245286 -0.0277967609888981
0.0599955421906742 -0.0662070472316523 -0.0820955838814386 -0.0070599137241254
0.0104457537973823 -0.0765817614505336 -0.0757486313082444 0.0263011334715254
-0.0325479474101657 -0.0647839467561952 -0.0491519240650103 0.0437915818085695
-0.05290304745645 -0.0371095187959705 -0.0203414857590681 0.0444926623037138
-0.0621556493285368 -0.0163290808586794 -0.00670081794434753 0.0346525479462862
-0.071429057265971 -0.00885178831643503 -0.00439677747943895 0.0114337610067164
-0.0712303447004358 -0.00959182398199199 -0.00858289343689899 -0.00845366533372298
-0.0755400953843802 -0.0153808666933437 -0.0050837667413598 -0.0355264456321092
-0.0754339292336136 -0.0418244149016963 0.0121562240847791 -0.0513230436305313
-0.0454333244679842 -0.078811550403874 0.0558830845481483 -0.045934065639268
0.00691487418545496 -0.101804293306603 0.0761590941547293 -0.0106685850466385
0.0642964325798247 -0.0900037789467465 0.0513472002257374 0.0283937912593288
0.100643148802335 -0.0545986630095795 0.00433765894316909 0.022653891626804
0.0882756318816078 -0.0179049025622163 -0.0694500460048244 0.0239721288431555
0.0788169965768477 -0.0407561706979682 -0.0693418506506306 -0.0119292711746387
0.0556156159466626 -0.065677708469105 -0.0831234805999468 -0.00274093055879471
0.00587838173822794 -0.0734478277385733 -0.0739628978787022 0.0119354488184456
-0.0328227510727819 -0.0598365839881112 -0.0610314216929784 0.0247679059453729
-0.0486534645458987 -0.0331933839202033 -0.0422222843610986 0.0320217737272309
-0.055696044553635 -0.0146023913329322 -0.0320770970736236 0.0292389873714319
-0.0621157440752183 -0.0117858413070555 -0.0312349635575255 0.00935052651303565
-0.0603626839132159 -0.015578839936855 -0.0327301828902666 -0.0115026199630221
-0.0601093251828393 -0.021399511881783 -0.0246731070265622 -0.0418533945479309
-0.0552567510094994 -0.0434826111786506 -0.000941852365720476 -0.0598431491601451
-0.0246104591528197 -0.071855393759277 0.0489350084277133 -0.0532932273362987
0.0243974191222396 -0.0838041439417336 0.0698554183419566 -0.00848076374893948
0.0692619390763257 -0.0663663622176973 0.0353100163743896 0.0336914697867006
0.0914900330726759 -0.0334641318671904 -0.0297118554912077 0.0309046544780067
0.0628708526157616 -0.00836343762807103 -0.100331024140669 0.0347905117876276
0.0590964037244437 -0.0280172073841529 -0.0839815032380456 0.00405066456179803
0.0405025255498919 -0.0482215453522592 -0.0814615066895388 0.000560110468631117
0.00278302978023456 -0.0523331877713107 -0.0721693385166005 -0.000358297842871235
-0.0236066488864883 -0.0423163646086758 -0.0708371947318704 0.0102510605175616
-0.0342385980586883 -0.0238125295523822 -0.0609384195947089 0.0242652649193604
-0.0394335737947942 -0.0111257724637036 -0.053765348501859 0.0252548286060334
-0.0440334189268481 -0.0132845515242259 -0.0516041285468615 0.00586260806316087
-0.0405874852507213 -0.0178550958928485 -0.0499572115984528 -0.0178061674881551
-0.0371738849587551 -0.023916989629 -0.0347118671637164 -0.0513140098569954
-0.0289861704602905 -0.0386447323207171 -0.00448732113822787 -0.0691922965254789
-0.0036867075370309 -0.054744037118394 0.0475215337987916 -0.0574493332959651
0.0357895870093347 -0.0551790914769305 0.0626900754814528 -0.00603937629524587
0.0633336218578406 -0.0338697831532075 0.0189486060112473 0.0318521213845935
0.069095110371163 -0.0081959266202178 -0.0558643308275591 0.0294726381447475
0.0275799925459614 0.00514461788796746 -0.115508765034104 0.0410810339833382
0.0313794090406049 -0.00655665011594478 -0.0896759504760503 0.0147612356161332
0.022635558729914 -0.019404561414428 -0.0779569729661805 0.000980870206521443
0.00397340627299694 -0.0214534402865327 -0.07268601880331 -0.0076965375359052
-0.00636276465025632 -0.0186656816002835 -0.0778082883955805 0.00547860744843301
-0.0109861949241461 -0.0123730614801822 -0.0718034335393377 0.0219641197714343
-0.0156039100664151 -0.00782744395940332 -0.0673066746119838 0.0236687057710163
-0.0191767126256978 -0.0127181071421489 -0.0645778477924785 0.00160703603609828
-0.0164855611348393 -0.015447832933611 -0.0583091313004089 -0.0263261370933916
-0.0130026916550941 -0.0185066578290443 -0.0356692315238948 -0.0608992095870707
-0.00796113748239608 -0.0260645823064461 0.000572632583346042 -0.0754161501818635
0.0075625158189854 -0.0319640587602067 0.0501781336829135 -0.0572560809712508
0.0341357141422272 -0.0273064748824181 0.0569861885944667 -0.00465602285149115
0.0450361217143703 -0.00506859632577773 0.00803270017106683 0.0252359975887511
0.0362093708602903 0.0124320695320394 -0.0698737603060853 0.0203078354912467
