TRXV5
3
4
4
9
string Extension=J
integer IsArchMeasurement=1
integer IsSpherical=1
string Generator=SPM
string GeneratorVersion=1.3.1 Dev
double ArchRadius=0.449999988079071
integer FrequencyAxisIndex=0
integer AzimuthAxisIndex=1
integer ElevationAxisIndex=2
Frequency
5 136 690000000 960000000 LIN
Azimuth
7 8 0 2.74889357189107 LIN
Elevation
7 15 -2.74889357189107 2.74889357189107 LIN
Polar H Real Part
13
Polar H Imaginary Part
14
Polar V Real Part
13
Polar V Imaginary Part
14
Polar H Magnitude (dB)
12 0xC0000002 0 1
Polar H Phase
7 0xC0000003 0 1
Polar V Magnitude (dB)
12 0xC0000002 2 3
Polar V Phase
7 0xC0000003 2 3
0.0132770538330078 0.00159549713134766 -0.1446533203125 -0.109085083007813
-0.0070037841796875 -0.0155315399169922 -0.0534439086914063 -0.0417900085449219
-0.0204105377197266 0.000881195068359374 0.0500717163085938 -0.02276611328125
-0.00741481781005859 0.0148124694824219 0.0985565185546875 -0.0800247192382813
0.00529575347900391 0.00946426391601563 0.081756591796875 -0.1268310546875
0.00395464897155762 0.00194001197814941 0.0299835205078125 -0.16912841796875
-0.00251579284667969 -0.010894775390625 -0.0290679931640625 -0.164276123046875
-0.00483989715576172 -0.00929355621337891 -0.059295654296875 -0.120368957519531
-0.00489187240600586 -0.00834369659423828 -0.0653457641601563 -0.0791854858398438
0.00236415863037109 -0.00897789001464844 -0.0620079040527344 -0.0503959655761719
0.00369787216186523 -0.00148963928222656 -0.0773086547851563 -0.0158767700195313
-0.0104770660400391 0.00683307647705078 -0.08221435546875 0.00470733642578125
-0.0238761901855469 -0.00999069213867187 -0.1112060546875 0.0149993896484375
-0.00580787658691407 -0.0276889801025391 -0.161590576171875 0.0395355224609375
0.00202655792236328 -0.0164594650268555 -0.171310424804688 0.0458221435546875
0.0837249755859375 0.0265274047851563 -0.119651794433594 -0.1075439453125
0.0647544860839844 0.001495361328125 -0.0272560119628906 -0.0393409729003906
0.0424079895019531 0.000545501708984375 0.0625419616699219 -0.0248832702636719
0.0462837219238281 -0.003875732421875 0.107307434082031 -0.0801239013671875
0.042327880859375 -0.022705078125 0.0874862670898438 -0.123245239257813
0.0217628479003906 -0.0494041442871094 0.0330963134765625 -0.165878295898438
-0.00463104248046875 -0.0629196166992188 -0.0250701904296875 -0.151535034179688
-0.007598876953125 -0.057403564453125 -0.0568313598632813 -0.104019165039063
-0.0107955932617187 -0.0619239807128906 -0.0640640258789062 -0.0620956420898438
0.00456619262695313 -0.0645370483398438 -0.0646324157714844 -0.0383872985839844
0.0240859985351563 -0.0493011474609375 -0.0779876708984375 -0.00452423095703125
0.0258522033691406 -0.0346736907958984 -0.0790939331054687 0.00982666015624998
0.0290699005126953 -0.0295543670654297 -0.106727600097656 0.0212249755859375
0.0557823181152344 -0.0297164916992188 -0.143753051757812 0.04364013671875
0.0698471069335938 -0.0107345581054687 -0.150543212890625 0.051483154296875
0.141448974609375 0.0488128662109375 -0.07293701171875 -0.0965576171875
0.129257202148438 0.020416259765625 0.0122299194335938 -0.0272274017333984
0.102279663085937 0.000946044921875 0.0801162719726562 -0.0215072631835937
0.098114013671875 -0.0222091674804688 0.114166259765625 -0.0738449096679688
0.0769424438476563 -0.0535354614257813 0.087432861328125 -0.110710144042969
0.0377883911132812 -0.0946884155273438 0.03314208984375 -0.1474609375
-0.00576019287109374 -0.105079650878906 -0.0178756713867187 -0.121406555175781
-0.00901031494140625 -0.0962982177734375 -0.0459060668945313 -0.0717544555664063
-0.0165786743164062 -0.104598999023438 -0.0523529052734375 -0.0314521789550781
0.00273895263671874 -0.110115051269531 -0.059234619140625 -0.012939453125
0.03619384765625 -0.0916213989257813 -0.0737762451171875 0.015289306640625
0.053314208984375 -0.0741119384765625 -0.0763320922851563 0.0188980102539062
0.0754241943359375 -0.049652099609375 -0.100982666015625 0.0232009887695313
0.11016845703125 -0.0317459106445313 -0.114273071289062 0.0415267944335938
0.127143859863281 -0.00472259521484375 -0.108428955078125 0.057861328125
0.178604125976563 0.060791015625 -0.0148162841796875 -0.0802536010742188
0.176956176757813 0.030670166015625 0.0594902038574219 -0.0135688781738281
0.149215698242188 -0.00604248046875 0.097259521484375 -0.0186309814453125
0.135841369628906 -0.0449676513671875 0.115127563476563 -0.0645599365234375
0.0984268188476563 -0.0825576782226563 0.079864501953125 -0.0909957885742188
0.0425338745117188 -0.130180358886719 0.0272293090820313 -0.116111755371094
-0.0107955932617188 -0.132232666015625 -0.0105056762695312 -0.0774307250976563
-0.0125503540039063 -0.120094299316406 -0.0295295715332031 -0.0287380218505859
-0.0221023559570312 -0.132240295410156 -0.0336799621582031 0.00853919982910155
-0.000396728515624991 -0.140975952148438 -0.0478363037109375 0.0218582153320312
0.0436019897460938 -0.121627807617188 -0.06439208984375 0.0416183471679688
0.0730972290039063 -0.103828430175781 -0.071319580078125 0.0325241088867188
0.111381530761719 -0.0659713745117188 -0.0914077758789063 0.0237350463867187
0.150924682617187 -0.032135009765625 -0.0749893188476562 0.0333938598632813
0.165313720703125 0.0043182373046875 -0.0519256591796875 0.0642509460449219
0.185882568359375 0.0624542236328125 0.0492172241210938 -0.0653724670410156
0.196151733398438 0.0323944091796875 0.106674194335938 -0.00493621826171875
0.168426513671875 -0.0143585205078125 0.109504699707031 -0.0155715942382813
0.148300170898438 -0.0612640380859375 0.109474182128906 -0.0482025146484375
0.100860595703125 -0.099334716796875 0.0708084106445313 -0.0614852905273438
0.0377655029296875 -0.144058227539063 0.0256805419921875 -0.0719070434570313
-0.0152359008789062 -0.137779235839844 0.00308036804199219 -0.02587890625
-0.0138015747070312 -0.124259948730469 -0.007080078125 0.0181541442871094
-0.02105712890625 -0.1395263671875 -0.0118827819824219 0.0514907836914062
0.00230407714843751 -0.148727416992188 -0.0341835021972656 0.0600204467773437
0.052093505859375 -0.130455017089844 -0.0544776916503906 0.0683250427246094
0.0884170532226563 -0.113357543945313 -0.0649490356445313 0.0432357788085937
0.135772705078125 -0.0637435913085938 -0.077545166015625 0.0199050903320312
0.171722412109375 -0.0184326171875 -0.0300750732421875 0.0225410461425781
0.1778564453125 0.0198974609375 0.0112762451171875 0.072784423828125
0.162734985351563 0.0547332763671875 0.105842590332031 -0.0566558837890625
0.18243408203125 0.0283966064453125 0.143661499023438 -0.006103515625
0.15667724609375 -0.019805908203125 0.113983154296875 -0.0172958374023438
0.133842468261719 -0.0657501220703125 0.0994949340820313 -0.0302505493164063
0.0845565795898437 -0.0996627807617187 0.0625190734863281 -0.0299873352050781
0.0236587524414062 -0.135292053222656 0.0275993347167969 -0.0249671936035156
-0.018218994140625 -0.121147155761719 0.0196971893310547 0.0236225128173828
-0.012542724609375 -0.109130859375 0.0145683288574219 0.0637168884277344
-0.0167617797851563 -0.125679016113281 0.006622314453125 0.0930938720703125
0.00865173339843751 -0.13482666015625 -0.0253067016601563 0.0976181030273437
0.0586624145507813 -0.117362976074219 -0.0497970581054688 0.0923995971679687
0.0956573486328125 -0.0999221801757812 -0.0612640380859375 0.0533790588378906
0.140182495117188 -0.0437774658203125 -0.0607719421386719 0.0168266296386719
0.167312622070313 0.0045166015625 0.0154514312744141 0.0184726715087891
0.161788940429687 0.0377655029296875 0.0708770751953125 0.0876388549804687
0.113975524902344 0.0408477783203125 0.147537231445313 -0.055938720703125
0.14190673828125 0.02252197265625 0.165176391601562 -0.016143798828125
0.120262145996094 -0.0209884643554687 0.110862731933594 -0.0219192504882813
0.0977554321289063 -0.05694580078125 0.0873641967773438 -0.0147933959960938
0.0555267333984375 -0.0807876586914063 0.057891845703125 -0.00211715698242188
0.00656127929687501 -0.103294372558594 0.0348911285400391 0.0149993896484375
-0.0186996459960938 -0.0848007202148438 0.0388908386230469 0.0630455017089844
-0.0123367309570312 -0.076812744140625 0.0352401733398438 0.098236083984375
-0.0122528076171875 -0.0931015014648438 0.0182418823242187 0.12738037109375
0.0107955932617188 -0.101760864257812 -0.0242233276367188 0.130233764648438
0.0547332763671875 -0.087890625 -0.0525360107421875 0.112167358398438
0.087677001953125 -0.0723114013671875 -0.0615806579589844 0.0634689331054688
0.121726989746094 -0.0176849365234375 -0.0461769104003906 0.0198249816894531
0.135154724121094 0.0254287719726563 0.0517311096191406 0.0256233215332031
0.119239807128906 0.04888916015625 0.118385314941406 0.108604431152344
0.04864501953125 0.0285797119140625 0.168502807617188 -0.060516357421875
0.0821075439453125 0.0189437866210938 0.169387817382813 -0.0302734375
0.0685615539550781 -0.0135459899902344 0.103202819824219 -0.026947021484375
0.0505104064941406 -0.0360641479492188 0.07861328125 -0.0048370361328125
0.0230216979980469 -0.0468788146972656 0.05731201171875 0.0139312744140625
-0.00816726684570313 -0.0535507202148438 0.0457878112792969 0.040740966796875
-0.0140762329101563 -0.0362167358398438 0.0546875 0.0861358642578125
-0.00931358337402344 -0.0327510833740234 0.0496139526367188 0.119461059570313
-0.009735107421875 -0.0455398559570313 0.0227508544921875 0.150054931640625
0.00438308715820312 -0.0552558898925781 -0.0292816162109375 0.152420043945313
0.0353240966796875 -0.0501823425292969 -0.060638427734375 0.124740600585938
0.0592002868652344 -0.0403175354003906 -0.0674057006835937 0.07257080078125
0.0812911987304687 0.00141143798828125 -0.0399131774902344 0.0271034240722656
0.0813827514648438 0.0325164794921875 0.0708999633789063 0.0400772094726563
0.0585556030273437 0.0462646484375 0.144912719726563 0.130203247070313
0.0157623291015625 0.00149631500244141 -0.156570434570312 -0.0984039306640625
-0.00749397277832032 -0.0152854919433594 -0.0571212768554688 -0.0374794006347656
-0.01947021484375 0.00313758850097657 0.0507431030273438 -0.0279769897460938
-0.00547409057617188 0.0156393051147461 0.0940780639648438 -0.092681884765625
0.00637340545654297 0.00769424438476562 0.07293701171875 -0.139854431152344
0.00476646423339844 -0.000235557556152344 0.0142974853515625 -0.177047729492188
-0.00272083282470703 -0.0128679275512695 -0.0477447509765625 -0.165145874023437
-0.00495243072509766 -0.0103015899658203 -0.0749588012695313 -0.115570068359375
-0.00500869750976563 -0.00955963134765625 -0.0769119262695313 -0.0735855102539062
0.00268268585205078 -0.0100269317626953 -0.071380615234375 -0.046356201171875
0.00467395782470703 -0.00201892852783203 -0.0827713012695313 -0.00836181640624998
-0.00949859619140625 0.00897693634033203 -0.0856170654296875 0.0119781494140625
-0.0247344970703125 -0.00681114196777343 -0.114608764648438 0.0240097045898437
-0.00919723510742188 -0.0268268585205078 -0.164154052734375 0.0556182861328125
0.000458717346191406 -0.0155124664306641 -0.174285888671875 0.0664215087890625
0.0916976928710938 0.0192642211914063 -0.130897521972656 -0.0988082885742188
0.06805419921875 -0.00555419921875 -0.0303916931152344 -0.03607177734375
0.0441169738769531 -0.00379562377929688 0.0640869140625 -0.0305366516113281
0.0480613708496094 -0.00939178466796875 0.104164123535156 -0.0928878784179688
0.0416793823242188 -0.0286788940429688 0.0789566040039063 -0.135505676269531
0.0169944763183594 -0.0536956787109375 0.0177459716796875 -0.173614501953125
-0.0110397338867187 -0.0653114318847656 -0.0420379638671875 -0.151992797851562
-0.0131072998046875 -0.0591812133789062 -0.06982421875 -0.0988082885742188
-0.0172691345214844 -0.0630264282226563 -0.0739364624023438 -0.0557785034179688
-0.00117492675781249 -0.0672073364257813 -0.072845458984375 -0.0329666137695313
0.02056884765625 -0.0537910461425781 -0.0828475952148438 0.00318145751953123
0.0235252380371094 -0.0375137329101562 -0.082733154296875 0.01708984375
0.027008056640625 -0.0314121246337891 -0.109779357910156 0.030120849609375
0.054107666015625 -0.0353736877441406 -0.145294189453125 0.059417724609375
0.0716171264648437 -0.0174789428710937 -0.152023315429688 0.0706329345703125
0.152603149414063 0.0362396240234375 -0.0818328857421875 -0.0916595458984375
0.136260986328125 0.0072174072265625 0.0118579864501953 -0.0267848968505859
0.106330871582031 -0.00921630859375 0.0825119018554688 -0.028228759765625
0.0992050170898438 -0.0335235595703125 0.112373352050781 -0.0866622924804687
0.0736083984375 -0.063812255859375 0.0801162719726562 -0.122032165527344
0.028472900390625 -0.100975036621094 0.0187835693359375 -0.153884887695313
-0.0167465209960938 -0.107681274414062 -0.03143310546875 -0.121086120605469
-0.0194168090820313 -0.0983123779296875 -0.0550155639648438 -0.0666694641113281
-0.0286026000976562 -0.106430053710938 -0.0587387084960938 -0.0253562927246094
-0.0087127685546875 -0.114166259765625 -0.0656356811523438 -0.00705718994140624
0.028472900390625 -0.0984420776367188 -0.0770111083984375 0.0237960815429688
0.0476760864257813 -0.0814285278320313 -0.0790176391601562 0.0268936157226563
0.072509765625 -0.0571212768554687 -0.103431701660156 0.03326416015625
0.109634399414063 -0.043243408203125 -0.115013122558594 0.0547866821289062
0.130722045898438 -0.0172042846679687 -0.108169555664063 0.0736083984375
0.192245483398437 0.0440673828125 -0.02020263671875 -0.0801010131835938
0.185867309570313 0.0121612548828125 0.0625648498535156 -0.0167388916015625
0.153778076171875 -0.0206451416015625 0.101631164550781 -0.02508544921875
0.13568115234375 -0.0611495971679688 0.114791870117188 -0.0758514404296875
0.0919876098632813 -0.09588623046875 0.07489013671875 -0.10113525390625
0.0293960571289062 -0.136436462402344 0.0159530639648437 -0.120407104492188
-0.0250778198242187 -0.133682250976563 -0.0189895629882813 -0.0770797729492188
-0.0256195068359375 -0.121528625488281 -0.0333290100097656 -0.0240917205810547
-0.0376052856445312 -0.133064270019531 -0.0347919464111328 0.0148162841796875
-0.0165252685546875 -0.144683837890625 -0.0506401062011719 0.0288162231445312
0.031890869140625 -0.13037109375 -0.0650787353515625 0.0506820678710937
0.06402587890625 -0.115066528320313 -0.0728073120117188 0.040863037109375
0.108627319335938 -0.0782318115234375 -0.0934600830078125 0.0341873168945312
0.151641845703125 -0.0477294921875 -0.0756988525390625 0.0429916381835937
0.17169189453125 -0.0130767822265625 -0.049285888671875 0.07452392578125
0.198776245117187 0.0439300537109375 0.0469589233398438 -0.0719528198242188
0.204437255859375 0.0124664306640625 0.111053466796875 -0.0131454467773437
0.172134399414063 -0.03082275390625 0.113975524902344 -0.0232009887695313
0.146987915039063 -0.078857421875 0.111579895019531 -0.057952880859375
0.0928802490234375 -0.113677978515625 0.0680007934570313 -0.0693206787109375
0.0225372314453125 -0.15032958984375 0.0189208984375 -0.0749969482421875
-0.0307693481445312 -0.138099670410156 0.000568389892578123 -0.0264873504638672
-0.0277023315429688 -0.125411987304688 -0.00573348999023438 0.021636962890625
-0.0380325317382813 -0.139945983886719 -0.0082855224609375 0.0563507080078125
-0.0152587890625 -0.152786254882813 -0.0320701599121094 0.0664558410644531
0.0396347045898438 -0.140380859375 -0.0521011352539062 0.0766983032226563
0.0789642333984375 -0.12713623046875 -0.0652885437011719 0.0512657165527344
0.132102966308594 -0.0786972045898437 -0.0788726806640625 0.0291976928710937
0.174545288085938 -0.0363006591796875 -0.030242919921875 0.0271987915039063
0.186355590820313 0.0018463134765625 0.0162506103515625 0.07733154296875
0.173797607421875 0.0377044677734375 0.106369018554688 -0.0683441162109375
0.1898193359375 0.0099029541015625 0.149551391601563 -0.017669677734375
0.159347534179687 -0.03521728515625 0.118782043457031 -0.0247344970703125
0.131118774414062 -0.0820846557617187 0.10272216796875 -0.037933349609375
0.0759201049804688 -0.111007690429688 0.0630035400390625 -0.0350112915039063
0.00899505615234374 -0.139541625976563 0.0260295867919922 -0.02734375
-0.0319061279296875 -0.120498657226563 0.0235652923583984 0.0224189758300781
-0.025787353515625 -0.109321594238281 0.0227394104003906 0.0645523071289063
-0.0319290161132813 -0.12554931640625 0.015716552734375 0.0962295532226562
-0.00686645507812501 -0.13848876953125 -0.0184173583984375 0.104927062988281
0.047271728515625 -0.127616882324219 -0.0445098876953125 0.102203369140625
0.0879898071289063 -0.114173889160156 -0.0602798461914062 0.0618171691894531
0.139755249023438 -0.0586318969726563 -0.0620841979980469 0.0247077941894531
0.17218017578125 -0.0126953125 0.0160293579101563 0.0177974700927734
0.171295166015625 0.0213623046875 0.0796356201171875 0.085906982421875
0.122047424316406 0.0297775268554688 0.149154663085938 -0.072296142578125
0.14764404296875 0.0073394775390625 0.171127319335938 -0.0312347412109375
0.121734619140625 -0.032867431640625 0.115005493164063 -0.02935791015625
0.0944290161132813 -0.0696640014648438 0.0916671752929687 -0.0212860107421875
0.047698974609375 -0.0891036987304688 0.0609169006347656 -0.00724411010742188
-0.00601959228515625 -0.104377746582031 0.0379486083984375 0.0129814147949219
-0.02947998046875 -0.0836029052734375 0.0472908020019531 0.0607070922851562
-0.0210647583007812 -0.0760650634765625 0.0469589233398437 0.097625732421875
-0.0238113403320313 -0.0925750732421875 0.0315093994140625 0.130126953125
-0.00136566162109375 -0.104194641113281 -0.0134353637695312 0.137496948242188
0.0455703735351563 -0.0960006713867188 -0.0452423095703125 0.121650695800781
0.0819625854492188 -0.0843276977539063 -0.0589675903320312 0.0720367431640625
0.122665405273438 -0.0302505493164063 -0.0475997924804687 0.0257530212402344
0.141754150390625 0.0116729736328125 0.0539321899414063 0.0204315185546875
0.128334045410156 0.0362396240234375 0.130485534667969 0.102790832519531
0.0530624389648438 0.0230484008789063 0.170562744140625 -0.0792999267578125
0.085723876953125 0.0102081298828125 0.1734619140625 -0.0459747314453125
0.0690994262695313 -0.0208892822265625 0.10595703125 -0.0345687866210938
0.04815673828125 -0.0427932739257813 0.0833740234375 -0.0104751586914063
0.0178337097167969 -0.0510673522949219 0.0617561340332031 0.00967025756835937
-0.0154190063476563 -0.0520210266113281 0.0515632629394531 0.0374107360839844
-0.0187778472900391 -0.0333442687988281 0.0667953491210938 0.0816574096679688
-0.0133056640625 -0.0304374694824219 0.0640640258789063 0.116241455078125
-0.0152473449707031 -0.0440940856933594 0.0396575927734375 0.151992797851563
-0.00210189819335937 -0.05548095703125 -0.016143798828125 0.160430908203125
0.0302505493164063 -0.0556297302246094 -0.0521469116210938 0.135391235351563
0.0560340881347656 -0.0478286743164062 -0.0635147094726563 0.0820693969726563
0.0824737548828125 -0.00644683837890625 -0.0397987365722656 0.0320472717285156
0.0863723754882812 0.024322509765625 0.0753860473632813 0.0329208374023438
0.0646820068359375 0.0405082702636719 0.159744262695313 0.121322631835938
0.0176334381103516 0.000638961791992188 -0.162673950195313 -0.0852508544921875
-0.00741386413574219 -0.0153045654296875 -0.0587730407714844 -0.0309181213378906
-0.0183010101318359 0.00405693054199219 0.0497512817382813 -0.0327110290527344
-0.00348377227783203 0.0150547027587891 0.0862503051757812 -0.101150512695313
0.00712776184082031 0.00662422180175781 0.06103515625 -0.146759033203125
0.00479841232299805 -0.00183820724487305 -0.00172424316406251 -0.178680419921875
-0.00407218933105469 -0.0147256851196289 -0.063873291015625 -0.158676147460938
-0.00471782684326172 -0.0114126205444336 -0.085845947265625 -0.105728149414063
-0.00462436676025391 -0.0101699829101563 -0.0852737426757812 -0.0648269653320313
0.00306606292724609 -0.0112295150756836 -0.0775375366210938 -0.0390701293945313
0.00591182708740234 -0.00319671630859375 -0.0848770141601563 -0.000717163085937516
-0.00707626342773437 0.0107898712158203 -0.086273193359375 0.0184860229492187
-0.0249443054199219 -0.00342559814453125 -0.113731384277344 0.0313262939453125
-0.0120868682861328 -0.0252723693847656 -0.160049438476563 0.069976806640625
-0.000412940979003906 -0.0142068862915039 -0.169265747070313 0.08489990234375
0.094818115234375 0.0111083984375 -0.135475158691406 -0.087066650390625
0.068145751953125 -0.0124320983886719 -0.0311355590820313 -0.0313625335693359
0.0448036193847656 -0.0081329345703125 0.0633583068847656 -0.0348739624023438
0.0475082397460938 -0.0150146484375 0.0968856811523437 -0.101638793945312
0.0384750366210938 -0.0339927673339844 0.067474365234375 -0.142730712890625
0.0118675231933594 -0.0558433532714844 0.00166320800781251 -0.1739501953125
-0.0171928405761719 -0.0649871826171875 -0.0567626953125 -0.145797729492188
-0.0182571411132813 -0.0588035583496094 -0.07940673828125 -0.0884323120117188
-0.0226783752441406 -0.0620079040527344 -0.0807418823242187 -0.0465240478515625
-0.00709915161132812 -0.0680465698242188 -0.078460693359375 -0.0252914428710937
0.0167388916015625 -0.0559272766113281 -0.084197998046875 0.0115509033203125
0.0212669372558594 -0.0387840270996094 -0.08349609375 0.0238113403320312
0.0247459411621094 -0.0316352844238281 -0.108375549316406 0.0385894775390625
0.0501594543457031 -0.0385971069335938 -0.140007019042969 0.0726470947265625
0.0698127746582031 -0.0231819152832031 -0.14617919921875 0.0875091552734375
0.15716552734375 0.021942138671875 -0.0857467651367188 -0.0840835571289062
0.136672973632813 -0.00667572021484375 0.0114574432373047 -0.0259723663330078
0.10589599609375 -0.0192184448242188 0.0825576782226563 -0.033050537109375
0.0961837768554687 -0.04412841796875 0.106178283691406 -0.0952911376953125
0.0666885375976563 -0.0711135864257813 0.0701217651367188 -0.128929138183594
0.0179977416992188 -0.103355407714844 0.00453186035156251 -0.153762817382813
-0.0276260375976562 -0.105323791503906 -0.043212890625 -0.116043090820313
-0.0289230346679687 -0.0963516235351563 -0.0610198974609375 -0.0579147338867188
-0.0387802124023438 -0.103073120117188 -0.0619125366210938 -0.0165977478027344
-0.0196075439453125 -0.113052368164063 -0.0691490173339844 0.00069427490234373
0.0199508666992188 -0.101058959960938 -0.0771713256835938 0.0319671630859375
0.0410308837890625 -0.0846633911132813 -0.079193115234375 0.0333251953125
0.0674171447753906 -0.0615615844726563 -0.101318359375 0.0421524047851562
0.105010986328125 -0.0517578125 -0.110588073730469 0.0659408569335938
0.129104614257813 -0.0289688110351563 -0.102767944335937 0.0863723754882813
0.197036743164063 0.0254364013671875 -0.0235748291015625 -0.078033447265625
0.186050415039062 -0.0060882568359375 0.0628509521484375 -0.0200119018554688
0.1513671875 -0.03472900390625 0.102256774902344 -0.0308609008789062
0.129150390625 -0.074371337890625 0.11077880859375 -0.0839309692382812
0.0818405151367188 -0.104583740234375 0.0664749145507813 -0.106468200683594
0.0154037475585938 -0.137710571289063 0.00521087646484376 -0.119712829589844
-0.038482666015625 -0.128898620605469 -0.0251083374023438 -0.0731582641601563
-0.0379180908203125 -0.118270874023438 -0.0347309112548828 -0.0177974700927734
-0.0513229370117188 -0.128013610839844 -0.0340766906738281 0.0206489562988281
-0.0312042236328125 -0.141876220703125 -0.0504837036132813 0.0353813171386719
0.0197372436523438 -0.133346557617188 -0.0628776550292969 0.0579757690429687
0.0527114868164063 -0.121437072753906 -0.0715255737304688 0.04693603515625
0.100654602050781 -0.086029052734375 -0.0916061401367188 0.0435333251953125
0.14703369140625 -0.060882568359375 -0.07305908203125 0.0511932373046875
0.17034912109375 -0.0287628173828125 -0.0437240600585937 0.082672119140625
0.203125 0.02435302734375 0.0436172485351563 -0.0753097534179688
0.204269409179688 -0.00732421875 0.112472534179688 -0.0205612182617188
0.169052124023438 -0.0463104248046875 0.115257263183594 -0.0299301147460938
0.139244079589844 -0.0930252075195313 0.108718872070313 -0.0652923583984375
0.0804595947265625 -0.120948791503906 0.0631332397460937 -0.0742721557617188
0.00695800781249998 -0.149978637695313 0.0118331909179688 -0.0745162963867188
-0.0437240600585938 -0.131996154785156 -0.001007080078125 -0.0249423980712891
-0.0396575927734375 -0.121559143066406 -0.0031890869140625 0.0240917205810547
-0.0522384643554687 -0.13421630859375 -0.00348663330078126 0.0593376159667969
-0.030975341796875 -0.149871826171875 -0.0285568237304688 0.071990966796875
0.025177001953125 -0.143661499023438 -0.047607421875 0.0829238891601562
0.0663681030273438 -0.134933471679688 -0.0627250671386719 0.0577964782714844
0.124183654785156 -0.0894241333007813 -0.0776443481445312 0.0377960205078125
0.17034912109375 -0.051544189453125 -0.0293407440185547 0.0311431884765625
0.185897827148438 -0.01678466796875 0.0216064453125 0.0793685913085938
0.177047729492188 0.020233154296875 0.10302734375 -0.0778884887695313
0.189346313476563 -0.0088653564453125 0.149948120117188 -0.0292205810546875
0.155593872070313 -0.049652099609375 0.11962890625 -0.0317153930664063
0.122657775878906 -0.094818115234375 0.102210998535156 -0.0448837280273438
0.06427001953125 -0.118072509765625 0.0610885620117188 -0.0394668579101563
-0.00569915771484376 -0.137115478515625 0.0240230560302734 -0.0279903411865234
-0.0435028076171875 -0.113716125488281 0.0263214111328125 0.0207157135009766
-0.0362548828125 -0.1043701171875 0.02923583984375 0.0633773803710938
-0.0448455810546875 -0.120201110839844 0.024566650390625 0.0966567993164063
-0.0219497680664063 -0.135650634765625 -0.0107955932617188 0.10791015625
0.033660888671875 -0.1314697265625 -0.0372238159179687 0.107032775878906
0.0751266479492187 -0.123161315917969 -0.055877685546875 0.0677108764648437
0.13262939453125 -0.0719375610351563 -0.0612106323242187 0.0315208435058594
0.170059204101563 -0.028656005859375 0.0159816741943359 0.0171632766723633
0.1727294921875 0.0041961669921875 0.0849075317382813 0.0822982788085938
0.123985290527344 0.0165176391601562 0.144668579101562 -0.08538818359375
0.1470947265625 -0.007659912109375 0.169692993164062 -0.044525146484375
0.118377685546875 -0.0436553955078125 0.114067077636719 -0.0360260009765625
0.0878143310546875 -0.0786285400390625 0.0928573608398438 -0.0274200439453125
0.0386123657226563 -0.0931549072265625 0.0615730285644531 -0.0113449096679688
-0.0167160034179688 -0.10101318359375 0.0399169921875 0.0105819702148437
-0.0369338989257812 -0.0771636962890625 0.0537071228027344 0.055267333984375
-0.02789306640625 -0.0713729858398438 0.0568466186523437 0.09295654296875
-0.0330657958984375 -0.0870742797851563 0.0447921752929688 0.127418518066406
-0.01300048828125 -0.101394653320313 -0.002349853515625 0.139572143554688
0.0350875854492187 -0.100250244140625 -0.0355224609375 0.126800537109375
0.0721817016601563 -0.0927963256835938 -0.053955078125 0.077667236328125
0.11859130859375 -0.0419692993164063 -0.0455513000488281 0.0309410095214844
0.141921997070313 -0.00201416015625 0.0540618896484375 0.0159988403320313
0.13140869140625 0.022705078125 0.136940002441406 0.0927963256835937
0.0546340942382812 0.0162162780761719 0.16497802734375 -0.0959014892578125
0.0859603881835937 0.000640869140625 0.170257568359375 -0.0610504150390625
0.0668601989746094 -0.0270004272460938 0.104866027832031 -0.0412139892578125
0.0436897277832031 -0.0476303100585938 0.0849761962890625 -0.0155487060546875
0.0116920471191406 -0.0518836975097656 0.0648002624511719 0.00499725341796875
-0.0211639404296875 -0.048004150390625 0.056396484375 0.0331878662109375
-0.0220546722412109 -0.0289192199707031 0.0756378173828125 0.0728378295898438
-0.0160732269287109 -0.0268592834472656 0.07550048828125 0.108879089355469
-0.0199127197265625 -0.039886474609375 0.05401611328125 0.147064208984375
-0.00899887084960938 -0.0532722473144531 -0.00187683105468752 0.161590576171875
0.0234642028808594 -0.0575942993164063 -0.0405807495117188 0.14056396484375
0.050445556640625 -0.0531349182128906 -0.0569229125976562 0.0879745483398438
0.0808868408203125 -0.0141525268554688 -0.0377426147460937 0.0356483459472656
0.0878219604492188 0.0156631469726563 0.0757064819335937 0.0252304077148437
0.0682182312011719 0.0325813293457031 0.167877197265625 0.107879638671875
0.0189323425292969 -3.0517578125E-05 -0.1622314453125 -0.0742950439453125
-0.00757694244384765 -0.0145854949951172 -0.0580902099609375 -0.025177001953125
-0.0168275833129883 0.00518417358398438 0.0482444763183594 -0.0344734191894531
-0.00121212005615234 0.0144977569580078 0.079803466796875 -0.104499816894531
0.00800371170043945 0.00518369674682617 0.0512237548828125 -0.1483154296875
0.00510740280151367 -0.00359487533569336 -0.0120697021484375 -0.175537109375
-0.00552749633789063 -0.0167684555053711 -0.0721893310546875 -0.149795532226563
-0.00457763671875 -0.0127496719360352 -0.0912399291992188 -0.0960617065429687
-0.00399875640869141 -0.0115165710449219 -0.0894393920898438 -0.0562210083007812
0.00347423553466797 -0.0127811431884766 -0.0811614990234375 -0.0340347290039062
0.0067448616027832 -0.00370454788208008 -0.0851821899414063 0.00463867187500001
-0.00478839874267578 0.0115594863891602 -0.0854721069335938 0.0224227905273437
-0.0238914489746094 -0.000377655029296878 -0.112434387207031 0.0353012084960938
-0.0135879516601562 -0.0230789184570313 -0.153823852539063 0.078338623046875
-0.000849723815917968 -0.0117712020874023 -0.162246704101563 0.0962982177734375
0.0954132080078125 0.00499725341796875 -0.135337829589844 -0.0776138305664063
0.0664901733398438 -0.0167579650878906 -0.030426025390625 -0.0274658203125
0.0442390441894531 -0.0112991333007812 0.0624542236328125 -0.0372390747070313
0.0466690063476563 -0.0188026428222656 0.0903472900390625 -0.105659484863281
0.0356292724609375 -0.0364265441894531 0.0579376220703125 -0.1444091796875
0.00777816772460938 -0.056365966796875 -0.00883483886718751 -0.170562744140625
-0.0214004516601562 -0.064208984375 -0.0649566650390625 -0.137481689453125
-0.0215988159179688 -0.0579566955566406 -0.0836944580078125 -0.078948974609375
-0.0260658264160156 -0.0609245300292969 -0.0828933715820313 -0.0378265380859375
-0.0109367370605469 -0.0672149658203125 -0.0818099975585938 -0.0186767578125
0.0135116577148438 -0.0567092895507812 -0.0847244262695313 0.0171890258789063
0.0192642211914063 -0.0389404296875 -0.0823135375976562 0.0280685424804688
0.0224361419677734 -0.0310573577880859 -0.105697631835938 0.0437240600585938
0.0469093322753906 -0.03973388671875 -0.134368896484375 0.080657958984375
0.06756591796875 -0.0254402160644531 -0.1395263671875 0.0985260009765625
0.156845092773438 0.0113067626953125 -0.0861434936523437 -0.077728271484375
0.134201049804688 -0.0155715942382813 0.0129432678222656 -0.0231342315673828
0.102867126464844 -0.0254135131835937 0.0818405151367188 -0.035308837890625
0.0917739868164063 -0.0507659912109375 0.10125732421875 -0.0992584228515625
0.06121826171875 -0.074798583984375 0.0618667602539063 -0.1304931640625
0.0112075805664062 -0.102256774902344 -0.0048828125 -0.149795532226563
-0.033843994140625 -0.101837158203125 -0.04888916015625 -0.109138488769531
-0.0344085693359375 -0.0937118530273438 -0.0622978210449219 -0.0494308471679688
-0.0450515747070312 -0.0996551513671875 -0.0626792907714844 -0.00992202758789063
-0.0268020629882812 -0.109764099121094 -0.0707626342773437 0.00726318359375
0.0136184692382813 -0.10150146484375 -0.0768661499023438 0.0377197265625
0.0351638793945313 -0.0857162475585938 -0.07806396484375 0.0374984741210937
0.0626754760742188 -0.0633659362792969 -0.0984115600585938 0.0480880737304687
0.100189208984375 -0.0568695068359375 -0.105949401855469 0.0727157592773438
0.125389099121094 -0.0360031127929688 -0.0966949462890625 0.0952301025390625
0.19549560546875 0.0111541748046875 -0.0239334106445312 -0.0756759643554688
0.1820068359375 -0.018218994140625 0.0637283325195313 -0.0206947326660156
0.147064208984375 -0.0429840087890625 0.101966857910156 -0.0338897705078125
0.12286376953125 -0.082244873046875 0.106582641601563 -0.0884628295898438
0.073211669921875 -0.108497619628906 0.0601272583007813 -0.107940673828125
0.00542449951171876 -0.135231018066406 -0.00193023681640625 -0.115768432617188
-0.0456695556640625 -0.123504638671875 -0.0290870666503906 -0.0681343078613281
-0.0453948974609375 -0.113800048828125 -0.0347805023193359 -0.0121135711669922
-0.0596694946289063 -0.121833801269531 -0.0326900482177734 0.0251407623291016
-0.0400619506835937 -0.137016296386719 -0.0502815246582031 0.0406112670898438
0.0104598999023438 -0.133018493652344 -0.0610771179199219 0.0632514953613281
0.0441436767578125 -0.122871398925781 -0.0702323913574219 0.0516891479492187
0.093170166015625 -0.0898208618164063 -0.0886688232421875 0.0489044189453125
0.1407470703125 -0.06829833984375 -0.0697288513183594 0.0566940307617187
0.1656494140625 -0.039398193359375 -0.0393753051757813 0.08819580078125
0.201553344726563 0.00946044921875 0.0417709350585938 -0.0771636962890625
0.199188232421875 -0.0216064453125 0.1123046875 -0.0244140625
0.162857055664062 -0.05499267578125 0.115509033203125 -0.0328445434570313
0.129951477050781 -0.100967407226563 0.106422424316406 -0.0691070556640625
0.0708465576171875 -0.125015258789063 0.0592880249023438 -0.0751419067382813
-0.0035858154296875 -0.145797729492188 0.00795745849609375 -0.0717544555664063
-0.0508956909179687 -0.125656127929688 -0.00157356262207031 -0.0232753753662109
-0.0474090576171875 -0.1156005859375 -0.000129699707031252 0.0266551971435547
-0.0614242553710938 -0.126869201660156 0.000488281250000001 0.0607223510742187
-0.041351318359375 -0.143875122070312 -0.026275634765625 0.0748748779296875
0.014862060546875 -0.143402099609375 -0.0439453125 0.0866470336914063
0.054931640625 -0.13690185546875 -0.0605697631835938 0.0617294311523437
0.115859985351563 -0.0946044921875 -0.075225830078125 0.0433578491210938
0.16546630859375 -0.0621337890625 -0.0279979705810547 0.0339698791503906
0.181961059570313 -0.0297088623046875 0.0246353149414063 0.0800857543945313
0.175186157226563 0.0072021484375 0.0989532470703125 -0.0830917358398438
0.183990478515625 -0.0220947265625 0.148361206054688 -0.036224365234375
0.149688720703125 -0.05743408203125 0.119171142578125 -0.03521728515625
0.114479064941406 -0.101219177246094 0.101303100585938 -0.0484771728515625
0.0549163818359375 -0.119400024414063 0.0594978332519531 -0.0411491394042969
-0.0151138305664063 -0.132087707519531 0.0229587554931641 -0.02679443359375
-0.0499954223632812 -0.106948852539063 0.0278759002685547 0.0192699432373047
-0.04266357421875 -0.098846435546875 0.0335884094238281 0.061248779296875
-0.0536651611328125 -0.113014221191406 0.0306167602539062 0.0943679809570312
-0.0319671630859375 -0.130081176757813 -0.00521850585937499 0.10888671875
0.0231552124023437 -0.131622314453125 -0.0319137573242188 0.109634399414063
0.0648727416992188 -0.126548767089844 -0.0529861450195312 0.0705032348632813
0.125320434570313 -0.0778961181640625 -0.0589447021484375 0.0360450744628906
0.165618896484375 -0.0397796630859375 0.0151653289794922 0.0173368453979492
0.16973876953125 -0.0087738037109375 0.08709716796875 0.079315185546875
0.122787475585938 0.00687408447265625 0.13922119140625 -0.0946044921875
0.143096923828125 -0.0179595947265625 0.166290283203125 -0.05291748046875
0.113517761230469 -0.0502471923828125 0.113235473632813 -0.039581298828125
0.0805130004882813 -0.0840072631835938 0.0930862426757813 -0.0306167602539063
0.0304031372070312 -0.0936737060546875 0.0621566772460938 -0.0137062072753906
-0.023651123046875 -0.0956573486328125 0.0403327941894531 0.00935745239257812
-0.0405731201171875 -0.0709762573242188 0.0567512512207031 0.0504035949707031
-0.0329322814941406 -0.066619873046875 0.0629730224609375 0.0872726440429688
-0.0390090942382812 -0.0807723999023438 0.052001953125 0.122138977050781
-0.0209426879882813 -0.0969619750976562 0.00573730468750001 0.138870239257813
0.0269088745117188 -0.1009521484375 -0.028839111328125 0.128631591796875
0.0634613037109375 -0.096099853515625 -0.04986572265625 0.0804672241210938
0.113136291503906 -0.0483016967773438 -0.0438041687011719 0.0345039367675781
0.139045715332031 -0.0117568969726562 0.0524139404296875 0.0135765075683594
0.13043212890625 0.0121688842773438 0.138664245605469 0.0862960815429687
0.0536727905273438 0.0107994079589844 0.157974243164062 -0.106277465820312
0.083953857421875 -0.00594329833984375 0.166000366210938 -0.0693511962890625
0.0642509460449219 -0.0311775207519531 0.103271484375 -0.0444869995117188
0.0388832092285156 -0.05059814453125 0.0861358642578125 -0.018463134765625
0.00710678100585938 -0.0514793395996094 0.0663490295410156 0.00215530395507812
-0.0248336791992187 -0.0437774658203125 0.0590400695800781 0.0297470092773438
-0.0228309631347656 -0.0244197845458984 0.07952880859375 0.066009521484375
-0.0169601440429688 -0.0234756469726562 0.0820465087890625 0.0998458862304687
-0.0223884582519531 -0.0357284545898437 0.0628890991210937 0.140167236328125
-0.0133323669433594 -0.0499954223632813 0.00779724121093748 0.159576416015625
0.0179634094238281 -0.057952880859375 -0.032623291015625 0.142303466796875
0.0445137023925781 -0.0553207397460938 -0.0521316528320312 0.0906219482421875
0.0782470703125 -0.0189361572265625 -0.0361404418945312 0.037384033203125
0.0866622924804688 0.00893402099609375 0.0735626220703125 0.0201187133789063
0.0684890747070313 0.0255775451660156 0.168853759765625 0.0978546142578125
0.0202865600585938 0.0006866455078125 -0.161346435546875 -0.071319580078125
-0.0075531005859375 -0.0141391754150391 -0.0566177368164063 -0.0219078063964844
-0.0156993865966797 0.0056772232055664 0.0487594604492188 -0.0353507995605469
0.0002593994140625 0.0134220123291016 0.0768203735351563 -0.107185363769531
0.00844526290893555 0.00372695922851563 0.0468902587890625 -0.150604248046875
0.00492715835571289 -0.00546979904174805 -0.0177764892578125 -0.17486572265625
-0.00581169128417969 -0.018402099609375 -0.076904296875 -0.145675659179688
-0.00453853607177734 -0.0153188705444336 -0.0942306518554688 -0.0896377563476562
-0.00396442413330078 -0.012786865234375 -0.092437744140625 -0.0511398315429688
0.00325775146484375 -0.014674186706543 -0.0848922729492188 -0.0304718017578125
0.00803375244140625 -0.00464820861816406 -0.0870437622070313 0.00707244873046876
-0.00275802612304688 0.0129146575927734 -0.0868453979492188 0.0242843627929687
-0.0233879089355469 0.00144577026367187 -0.113502502441406 0.036407470703125
-0.0150966644287109 -0.0208816528320313 -0.152481079101563 0.082550048828125
-0.000557899475097656 -0.00968170166015625 -0.159271240234375 0.104141235351562
0.0962295532226562 0.0017852783203125 -0.134170532226563 -0.0745697021484375
0.0664100646972656 -0.0200576782226563 -0.028594970703125 -0.0244693756103516
0.0449447631835938 -0.0125961303710938 0.0635337829589844 -0.037811279296875
0.046112060546875 -0.0215950012207031 0.0883255004882813 -0.107147216796875
0.0340957641601563 -0.0378799438476563 0.053466796875 -0.145858764648438
0.00574111938476562 -0.0565452575683594 -0.0147247314453125 -0.168441772460938
-0.0238914489746094 -0.0640220642089844 -0.0690994262695313 -0.132484436035156
-0.0236015319824219 -0.059112548828125 -0.0853042602539063 -0.0722732543945312
-0.0278053283691406 -0.060577392578125 -0.0846786499023437 -0.0316848754882812
-0.0130233764648437 -0.0676002502441406 -0.0853500366210937 -0.0140762329101563
0.0128746032714844 -0.0574951171875 -0.0864105224609375 0.0204238891601562
0.0201263427734375 -0.0389900207519531 -0.0839691162109375 0.0299530029296875
0.0229663848876953 -0.0299873352050781 -0.105789184570313 0.0451507568359375
0.0451812744140625 -0.0402297973632813 -0.132591247558594 0.0854721069335938
0.0669746398925781 -0.0260581970214844 -0.136161804199219 0.106407165527344
0.158187866210937 0.005523681640625 -0.0855865478515625 -0.0759429931640625
0.133010864257813 -0.0204849243164063 0.0153446197509766 -0.0217170715332031
0.10284423828125 -0.0286941528320312 0.0842514038085937 -0.0358505249023437
0.0901947021484375 -0.0549697875976562 0.100173950195313 -0.101325988769531
0.0572967529296875 -0.0773391723632813 0.0583572387695313 -0.131271362304688
0.00698852539062501 -0.10211181640625 -0.00932312011718749 -0.147689819335938
-0.0373306274414063 -0.0995330810546875 -0.052001953125 -0.105064392089844
-0.0380020141601563 -0.0923843383789063 -0.0632553100585938 -0.0444679260253906
-0.0481643676757812 -0.097503662109375 -0.0629043579101563 -0.00451278686523439
-0.0306396484375 -0.108909606933594 -0.072967529296875 0.01226806640625
0.0107879638671875 -0.102943420410156 -0.0775146484375 0.0417327880859375
0.0334014892578125 -0.0868759155273438 -0.0795974731445313 0.040283203125
0.0611915588378906 -0.0628242492675781 -0.0984115600585937 0.0511474609375
0.097869873046875 -0.058502197265625 -0.103713989257813 0.0775527954101562
0.123497009277344 -0.038665771484375 -0.094207763671875 0.103096008300781
0.1951904296875 0.0037841796875 -0.0233535766601562 -0.0759506225585938
0.180145263671875 -0.0254974365234375 0.0655708312988281 -0.0209579467773438
0.1458740234375 -0.047332763671875 0.104507446289063 -0.0343399047851563
0.118797302246094 -0.0878372192382813 0.106422424316406 -0.0898513793945313
0.068145751953125 -0.110816955566406 0.0576095581054688 -0.107643127441406
0.000534057617187491 -0.134346008300781 -0.00588226318359376 -0.113487243652344
-0.0495529174804688 -0.120201110839844 -0.0305671691894531 -0.0656242370605469
-0.0487823486328125 -0.111328125 -0.0334873199462891 -0.00875091552734375
-0.0635528564453125 -0.118736267089844 -0.0320568084716797 0.0286369323730469
-0.045806884765625 -0.134910583496094 -0.0512619018554688 0.0454483032226562
0.00568389892578126 -0.132789611816406 -0.0618133544921875 0.0669708251953125
0.0394210815429688 -0.123367309570313 -0.0707244873046875 0.0542755126953125
0.0905838012695312 -0.0909423828125 -0.088165283203125 0.0527420043945312
0.138389587402344 -0.072662353515625 -0.0684967041015625 0.0604743957519531
0.164077758789063 -0.044830322265625 -0.0374298095703125 0.0938873291015625
0.200210571289063 0.0007476806640625 0.0424118041992188 -0.0786209106445313
0.196670532226563 -0.029327392578125 0.114273071289063 -0.0254364013671875
0.160415649414062 -0.0594635009765625 0.117828369140625 -0.033233642578125
0.125823974609375 -0.105789184570312 0.108573913574219 -0.070556640625
0.06512451171875 -0.126274108886719 0.0590057373046875 -0.075286865234375
-0.00900268554687499 -0.143783569335938 0.0067901611328125 -0.0694084167480469
-0.0552825927734375 -0.121498107910156 -0.00182914733886719 -0.0213088989257813
-0.0518798828125 -0.113014221191406 0.00217437744140625 0.0279102325439453
-0.0662460327148438 -0.122940063476562 0.00301361083984375 0.0620651245117187
-0.04766845703125 -0.141006469726562 -0.0252456665039063 0.0787734985351562
0.00878906250000001 -0.143951416015625 -0.0429763793945312 0.0907135009765625
0.0490188598632812 -0.138442993164063 -0.0611610412597656 0.0644798278808594
0.113029479980469 -0.0972442626953125 -0.0745010375976563 0.0469589233398437
0.162384033203125 -0.067596435546875 -0.0273818969726562 0.037200927734375
0.179702758789063 -0.03643798828125 0.0258102416992188 0.083892822265625
0.174407958984375 6.103515625E-05 0.0984954833984375 -0.0866851806640625
0.181396484375 -0.0289154052734375 0.1490478515625 -0.038238525390625
0.146728515625 -0.0614471435546875 0.120986938476563 -0.0358963012695313
0.109573364257813 -0.105125427246094 0.103034973144531 -0.049346923828125
0.0498886108398437 -0.120124816894531 0.0596542358398438 -0.0416793823242188
-0.0200881958007813 -0.128509521484375 0.0228824615478516 -0.025360107421875
-0.0524063110351563 -0.102828979492187 0.0297088623046875 0.0188789367675781
-0.0455703735351563 -0.0961532592773437 0.0368919372558594 0.0606575012207031
-0.05706787109375 -0.107742309570313 0.0344390869140625 0.0946731567382812
-0.0382232666015625 -0.126457214355469 -0.00389862060546874 0.111602783203125
0.0164108276367188 -0.132209777832031 -0.0296707153320312 0.112533569335937
0.05841064453125 -0.128898620605469 -0.0521011352539062 0.0728912353515625
0.121833801269531 -0.0815048217773437 -0.0578422546386719 0.0394058227539062
0.16424560546875 -0.046234130859375 0.0145664215087891 0.0183925628662109
0.168807983398438 -0.016387939453125 0.088043212890625 0.0801544189453125
0.121841430664062 0.00046539306640625 0.13800048828125 -0.100196838378906
0.140068054199219 -0.0243606567382813 0.166397094726563 -0.0570220947265625
0.111640930175781 -0.0535812377929688 0.115715026855469 -0.0411529541015625
0.0771255493164063 -0.08746337890625 0.0959930419921875 -0.032379150390625
0.0257797241210937 -0.0935897827148438 0.06402587890625 -0.0146102905273438
-0.0279388427734375 -0.0916519165039063 0.0426139831542969 0.00943756103515624
-0.0423202514648438 -0.0665016174316406 0.0596961975097656 0.0472640991210938
-0.0350837707519531 -0.06317138671875 0.0668182373046875 0.084014892578125
-0.0421905517578125 -0.0762252807617188 0.0570068359375 0.120742797851562
-0.0257720947265625 -0.093292236328125 0.0101089477539063 0.139556884765625
0.021514892578125 -0.101066589355469 -0.0248947143554688 0.131149291992188
0.0585708618164063 -0.0981216430664062 -0.0489349365234375 0.0822372436523438
0.111282348632813 -0.0514907836914063 -0.0430030822753906 0.0364036560058594
0.138328552246094 -0.01776123046875 0.0511016845703125 0.0117454528808594
0.12957763671875 0.00518035888671875 0.139289855957031 0.0849685668945313
0.0531425476074219 0.00711441040039062 0.155258178710938 -0.112777709960938
0.082244873046875 -0.0104598999023437 0.1640625 -0.074127197265625
0.0635261535644531 -0.0336685180664063 0.104034423828125 -0.0449676513671875
0.0364265441894531 -0.052398681640625 0.0885009765625 -0.0199508666992188
0.00331878662109375 -0.0513992309570313 0.069305419921875 0.000308990478515622
-0.0275001525878906 -0.0402374267578125 0.0614700317382813 0.0282135009765625
-0.0233001708984375 -0.0215797424316406 0.0823135375976562 0.06134033203125
-0.0175056457519531 -0.0207939147949219 0.0859832763671875 0.0949020385742187
-0.0235157012939453 -0.031768798828125 0.0683059692382813 0.136093139648438
-0.0165786743164063 -0.0470428466796875 0.0124969482421875 0.159393310546875
0.0149421691894531 -0.0575332641601563 -0.0283966064453125 0.143829345703125
0.0415916442871094 -0.0574607849121094 -0.05023193359375 0.0926895141601563
0.0767364501953125 -0.0208816528320313 -0.0356216430664062 0.0383186340332031
0.086334228515625 0.0050811767578125 0.07244873046875 0.0167694091796875
0.067718505859375 0.0210380554199219 0.169509887695313 0.094390869140625
0.0208835601806641 0.00188255310058594 -0.164215087890625 -0.0708770751953125
-0.00672054290771484 -0.0140323638916016 -0.0569038391113281 -0.0211982727050781
-0.0147666931152344 0.00589752197265625 0.0504570007324219 -0.0377426147460938
0.00172901153564453 0.0129709243774414 0.0770492553710937 -0.111701965332031
0.00943088531494141 0.00280189514160156 0.0451202392578125 -0.155075073242187
0.00554037094116211 -0.00673770904541016 -0.023101806640625 -0.1795654296875
-0.00765228271484375 -0.0210723876953125 -0.082305908203125 -0.146194458007813
-0.00548744201660156 -0.0178146362304688 -0.0983352661132813 -0.0864334106445313
-0.00296211242675781 -0.015711784362793 -0.0975112915039063 -0.0474166870117187
0.00528907775878906 -0.0167608261108398 -0.0909500122070313 -0.0277328491210937
0.00992965698242188 -0.00611495971679688 -0.0909271240234375 0.00963592529296876
-0.000518798828125001 0.0132274627685547 -0.091064453125 0.0259780883789062
-0.0231132507324219 0.00384330749511719 -0.118576049804688 0.0382232666015625
-0.0171585083007813 -0.0195598602294922 -0.154617309570313 0.0882415771484375
3.52859497070318E-05 -0.00727939605712891 -0.161163330078125 0.114456176757813
0.099273681640625 0.00048065185546875 -0.136810302734375 -0.07470703125
0.0682144165039063 -0.0225601196289063 -0.0270214080810547 -0.0234031677246094
0.0470809936523438 -0.0140762329101563 0.0668563842773438 -0.0391883850097656
0.0475082397460938 -0.0245590209960937 0.0896835327148438 -0.112312316894531
0.0341835021972656 -0.04083251953125 0.052764892578125 -0.1507568359375
0.0047760009765625 -0.0590591430664062 -0.0193023681640625 -0.171905517578125
-0.0266990661621094 -0.0665321350097656 -0.0737152099609375 -0.132301330566406
-0.0263442993164063 -0.0616264343261719 -0.088287353515625 -0.0687255859375
-0.0297889709472656 -0.0627899169921875 -0.088470458984375 -0.0275497436523438
-0.0146102905273438 -0.0700454711914063 -0.09051513671875 -0.00911712646484376
0.0124855041503906 -0.059906005859375 -0.090576171875 0.0245895385742188
0.0214691162109375 -0.0399971008300781 -0.0884017944335937 0.03253173828125
0.0234127044677734 -0.0294990539550781 -0.110870361328125 0.047576904296875
0.04473876953125 -0.0404510498046875 -0.134429931640625 0.0918807983398438
0.0687408447265625 -0.0262374877929687 -0.137184143066406 0.117134094238281
0.162399291992187 0.0016021728515625 -0.0860061645507812 -0.0766830444335938
0.136940002441406 -0.0255584716796875 0.0183200836181641 -0.0212249755859375
0.105247497558594 -0.0322189331054688 0.0888671875 -0.0368881225585938
0.0911407470703125 -0.06036376953125 0.102676391601563 -0.104667663574219
0.0565109252929688 -0.0820693969726563 0.0574417114257813 -0.135002136230469
0.00463867187499999 -0.104896545410156 -0.01300048828125 -0.149810791015625
-0.0409011840820313 -0.102523803710938 -0.0557632446289063 -0.103355407714844
-0.0418624877929687 -0.09552001953125 -0.0638542175292969 -0.0404624938964844
-0.0525131225585938 -0.0994644165039062 -0.06585693359375 0.000377655029296866
-0.034271240234375 -0.111366271972656 -0.0778121948242187 0.0179443359375
0.00850677490234376 -0.10565185546875 -0.0820999145507813 0.0467910766601562
0.033233642578125 -0.0897216796875 -0.08349609375 0.04388427734375
0.0613327026367188 -0.0642623901367188 -0.102104187011719 0.05511474609375
0.098663330078125 -0.0615997314453125 -0.105865478515625 0.0841064453125
0.126235961914063 -0.04241943359375 -0.0946731567382813 0.112129211425781
0.200820922851563 -0.002471923828125 -0.0221405029296875 -0.0769500732421875
0.183975219726563 -0.03204345703125 0.0705108642578125 -0.0197372436523438
0.14892578125 -0.0524139404296875 0.1102294921875 -0.0351791381835937
0.119178771972656 -0.0942535400390625 0.110649108886719 -0.093048095703125
0.067108154296875 -0.116058349609375 0.058380126953125 -0.11077880859375
-0.00315093994140626 -0.136619567871094 -0.00746917724609374 -0.113487243652344
-0.0541915893554688 -0.121864318847656 -0.0318107604980469 -0.0642471313476563
-0.0541915893554688 -0.113174438476562 -0.0322227478027344 -0.00512123107910157
-0.0688705444335938 -0.119461059570313 -0.0328502655029297 0.033843994140625
-0.0510177612304687 -0.136329650878906 -0.0543670654296875 0.0519294738769531
0.00160980224609376 -0.137252807617187 -0.0639190673828125 0.0731658935546875
0.0376968383789063 -0.128265380859375 -0.0745162963867188 0.0587158203125
0.09210205078125 -0.0941925048828125 -0.0904769897460937 0.0571136474609375
0.140182495117188 -0.0782089233398438 -0.0690574645996094 0.0659446716308594
0.16680908203125 -0.0501708984375 -0.0363082885742187 0.10260009765625
0.205474853515625 -0.0059356689453125 0.044219970703125 -0.0834808349609375
0.199966430664063 -0.0359649658203125 0.119056701660156 -0.0269317626953125
0.1640625 -0.064361572265625 0.124954223632813 -0.033782958984375
0.125236511230469 -0.112861633300781 0.112785339355469 -0.0734939575195313
0.0631103515625 -0.131477355957031 0.0609054565429688 -0.077850341796875
-0.0132904052734375 -0.145599365234375 0.00550079345703124 -0.0683555603027344
-0.0590744018554688 -0.122123718261719 -0.000152587890625002 -0.0208034515380859
-0.056427001953125 -0.113479614257813 0.00482940673828124 0.0303611755371094
-0.072296142578125 -0.122024536132813 0.004486083984375 0.0666351318359375
-0.054412841796875 -0.141387939453125 -0.0262374877929688 0.0847625732421875
0.00372314453124999 -0.148239135742188 -0.043731689453125 0.0970993041992188
0.0460968017578125 -0.143783569335938 -0.0635604858398437 0.0693778991699219
0.113609313964844 -0.102302551269531 -0.0755157470703125 0.0515518188476562
0.165420532226563 -0.0745391845703125 -0.0282173156738281 0.0403366088867187
0.183380126953125 -0.0433197021484375 0.0284957885742188 0.090667724609375
0.177352905273438 -0.006927490234375 0.101188659667969 -0.0932464599609375
0.183746337890625 -0.03643798828125 0.154098510742187 -0.0408935546875
0.149749755859375 -0.06640625 0.128173828125 -0.0364456176757813
0.109031677246094 -0.112174987792969 0.109672546386719 -0.0518569946289063
0.0466995239257813 -0.12469482421875 0.0626869201660156 -0.0428657531738281
-0.0237808227539063 -0.129486083984375 0.02392578125 -0.0241622924804688
-0.0567169189453125 -0.101982116699219 0.0325260162353516 0.0192737579345703
-0.049835205078125 -0.0951919555664062 0.0409507751464844 0.0622100830078125
-0.0627059936523438 -0.106834411621094 0.03759765625 0.09649658203125
-0.0443954467773438 -0.126327514648438 -0.00180816650390625 0.117500305175781
0.0113601684570313 -0.136550903320313 -0.0298614501953125 0.119010925292969
0.0549774169921875 -0.134201049804687 -0.054901123046875 0.0781631469726563
0.122970581054687 -0.0869369506835938 -0.0599746704101563 0.0427207946777344
0.167236328125 -0.053466796875 0.0148067474365234 0.0199413299560547
0.17181396484375 -0.0232391357421875 0.0910415649414063 0.0851058959960938
0.1240234375 -0.00475311279296875 0.141342163085937 -0.108352661132812
0.141845703125 -0.0302734375 0.171188354492188 -0.0611419677734375
0.11309814453125 -0.0575790405273438 0.120872497558594 -0.0417861938476563
0.0752487182617188 -0.0926513671875 0.101478576660156 -0.0333786010742188
0.02252197265625 -0.0967025756835938 0.0675277709960938 -0.015838623046875
-0.03143310546875 -0.0912094116210937 0.0464096069335938 0.00945281982421874
-0.0448875427246094 -0.065704345703125 0.0641403198242188 0.0470046997070312
-0.03729248046875 -0.0617713928222656 0.0708999633789063 0.083404541015625
-0.0454940795898437 -0.0739669799804688 0.0614242553710938 0.1219482421875
-0.0302276611328125 -0.0926742553710938 0.0126800537109375 0.14471435546875
0.0168914794921875 -0.103965759277344 -0.0237884521484375 0.137252807617187
0.0542678833007812 -0.102691650390625 -0.0505599975585938 0.0875778198242188
0.111618041992188 -0.0562515258789063 -0.0440750122070312 0.03863525390625
0.1416015625 -0.0237274169921875 0.0516281127929688 0.0120773315429687
0.131980895996094 -4.57763671875E-05 0.1435546875 0.0878753662109375
0.0547523498535156 0.00431442260742188 0.1585693359375 -0.122238159179688
0.0828857421875 -0.01519775390625 0.168533325195313 -0.07928466796875
0.0642852783203125 -0.0369186401367188 0.109039306640625 -0.0464706420898438
0.035308837890625 -0.0551376342773438 0.0949935913085938 -0.0214920043945313
0.000381469726562501 -0.0525588989257812 0.0740432739257813 -0.000778198242187503
-0.0305824279785156 -0.0386428833007813 0.0667839050292969 0.0272178649902344
-0.0235691070556641 -0.0186977386474609 0.0877914428710938 0.0582733154296875
-0.0174694061279297 -0.0187835693359375 0.091339111328125 0.092620849609375
-0.0245780944824219 -0.0283279418945313 0.072998046875 0.1373291015625
-0.0192337036132813 -0.0447731018066406 0.01666259765625 0.163787841796875
0.0112953186035156 -0.0590705871582031 -0.0267486572265625 0.150314331054688
0.0388412475585938 -0.0592498779296875 -0.0506210327148438 0.0969161987304688
0.0775375366210938 -0.0240325927734375 -0.0372581481933594 0.0406990051269531
0.0875244140625 0.00095367431640625 0.071929931640625 0.0152587890625
0.069549560546875 0.0172348022460938 0.174346923828125 0.0957794189453125
0.0244903564453125 0.00334930419921875 -0.174057006835938 -0.0706939697265625
-0.0073394775390625 -0.013951301574707 -0.05792236328125 -0.0186729431152344
-0.0144214630126953 0.00666427612304688 0.0549468994140625 -0.0402450561523438
0.00300884246826172 0.0117664337158203 0.0779266357421875 -0.120674133300781
0.0104150772094727 0.000881195068359375 0.0416259765625 -0.166305541992188
0.0061492919921875 -0.00963973999023438 -0.032073974609375 -0.18817138671875
-0.00984573364257812 -0.0242671966552734 -0.0928955078125 -0.149032592773437
-0.00657463073730469 -0.0218563079833984 -0.105690002441406 -0.0849075317382812
-0.00358963012695313 -0.0196075439453125 -0.106307983398437 -0.0429229736328125
0.00520896911621094 -0.0201854705810547 -0.099884033203125 -0.0232315063476562
0.0115394592285156 -0.0078582763671875 -0.0987167358398438 0.0145950317382812
0.00245094299316406 0.0146055221557617 -0.0985946655273438 0.0298995971679687
-0.0233554840087891 0.00644874572753906 -0.127372741699219 0.042877197265625
-0.0185871124267578 -0.0172901153564453 -0.161056518554688 0.0995941162109375
0.000831127166748047 -0.00492620468139648 -0.165634155273438 0.130752563476562
0.105995178222656 -0.0020599365234375 -0.143569946289063 -0.075439453125
0.0715408325195313 -0.0269699096679688 -0.0264492034912109 -0.0225677490234375
0.0489730834960938 -0.0173454284667969 0.0722579956054688 -0.0429763793945313
0.0491447448730469 -0.0290298461914063 0.0918960571289063 -0.121917724609375
0.0347747802734375 -0.0461845397949219 0.0500335693359375 -0.160385131835938
0.00269699096679688 -0.0638046264648437 -0.0276031494140625 -0.179031372070313
-0.0316505432128906 -0.0701980590820313 -0.0824737548828125 -0.133995056152344
-0.0309982299804687 -0.0659751892089844 -0.0940170288085938 -0.06573486328125
-0.03338623046875 -0.0677413940429687 -0.0952606201171875 -0.021392822265625
-0.0175628662109375 -0.0747756958007812 -0.0987091064453125 -0.00318145751953126
0.0119552612304687 -0.0652656555175781 -0.097625732421875 0.0315933227539062
0.0225296020507812 -0.0431022644042969 -0.0952987670898438 0.0375442504882812
0.0241165161132813 -0.0293045043945313 -0.117332458496094 0.0541915893554688
0.0451393127441406 -0.042510986328125 -0.138031005859375 0.103340148925781
0.0716705322265625 -0.028076171875 -0.140365600585938 0.133338928222656
0.172409057617188 -0.0045623779296875 -0.0903167724609375 -0.0788803100585937
0.142791748046875 -0.0337066650390625 0.0219058990478516 -0.0209827423095703
0.111152648925781 -0.0382919311523438 0.0963973999023438 -0.0406341552734375
0.0927505493164063 -0.0686721801757813 0.107009887695313 -0.11395263671875
0.0561141967773438 -0.0893096923828125 0.0572967529296875 -0.143539428710938
7.62939453124965E-05 -0.11053466796875 -0.0198516845703125 -0.154312133789063
-0.0478591918945313 -0.106170654296875 -0.0615692138671875 -0.104812622070312
-0.0490341186523438 -0.0996017456054687 -0.0668525695800781 -0.0368423461914062
-0.0601348876953125 -0.102676391601562 -0.0697555541992188 0.00709533691406249
-0.041290283203125 -0.11627197265625 -0.0841522216796875 0.026641845703125
0.00466156005859374 -0.112869262695313 -0.0869293212890625 0.0556564331054687
0.0319671630859375 -0.0959396362304687 -0.0905303955078125 0.0507125854492187
0.0633659362792969 -0.0688438415527344 -0.1065673828125 0.0619430541992187
0.101150512695313 -0.067962646484375 -0.107894897460938 0.094696044921875
0.131660461425781 -0.048553466796875 -0.094573974609375 0.128204345703125
0.211380004882812 -0.01104736328125 -0.0235214233398437 -0.0815582275390625
0.192047119140625 -0.04241943359375 0.0768508911132813 -0.0224227905273438
0.155258178710938 -0.0612640380859375 0.119773864746094 -0.039337158203125
0.120933532714844 -0.105178833007813 0.116462707519531 -0.101554870605469
0.0645828247070313 -0.126136779785156 0.0589828491210938 -0.117752075195313
-0.00906372070312499 -0.142669677734375 -0.0114898681640625 -0.115669250488281
-0.0620574951171875 -0.125801086425781 -0.0346603393554688 -0.0641059875488281
-0.0623550415039062 -0.116981506347656 -0.0320701599121094 -0.00150299072265626
-0.07904052734375 -0.121536254882813 -0.0326423645019531 0.0405349731445312
-0.0610122680664063 -0.14007568359375 -0.0567779541015625 0.0620956420898438
-0.005218505859375 -0.14501953125 -0.0670242309570312 0.0832901000976563
0.0337142944335938 -0.136436462402344 -0.0796127319335938 0.0668258666992187
0.0932693481445313 -0.101783752441406 -0.0944976806640625 0.0652008056640625
0.143966674804687 -0.0886993408203125 -0.0702133178710937 0.0741119384765625
0.172592163085938 -0.0601806640625 -0.0337905883789062 0.115287780761719
0.214492797851563 -0.015625 0.0459976196289063 -0.0901718139648437
0.207183837890625 -0.0482635498046875 0.128273010253906 -0.0313796997070313
0.170547485351563 -0.07427978515625 0.134651184082031 -0.0381240844726563
0.126457214355469 -0.124778747558594 0.120048522949219 -0.0809478759765625
0.0597991943359375 -0.140960693359375 0.063690185546875 -0.0814666748046875
-0.02099609375 -0.150955200195313 0.00487899780273437 -0.0695762634277344
-0.0671539306640625 -0.124382019042969 1.90734863281219E-05 -0.0197315216064453
-0.0645370483398438 -0.115684509277344 0.00863075256347656 0.0333690643310547
-0.0814743041992187 -0.123504638671875 0.00738525390625 0.0725173950195312
-0.0648651123046875 -0.144500732421875 -0.0244674682617188 0.0951309204101562
-0.0046539306640625 -0.156051635742188 -0.0446701049804687 0.108116149902344
0.04083251953125 -0.1534423828125 -0.066864013671875 0.0780181884765625
0.115348815917969 -0.112205505371094 -0.0791015625 0.0585479736328125
0.16973876953125 -0.08709716796875 -0.0284500122070312 0.0458908081054687
0.189834594726563 -0.0545196533203125 0.0339431762695313 0.100334167480469
0.18505859375 -0.016815185546875 0.104713439941406 -0.103904724121094
0.19036865234375 -0.04864501953125 0.164169311523438 -0.0483551025390625
0.155197143554688 -0.075958251953125 0.137725830078125 -0.0408859252929688
0.108688354492188 -0.123329162597656 0.117210388183594 -0.0582962036132813
0.0419921875 -0.132781982421875 0.0675888061523438 -0.0456161499023438
-0.0319290161132812 -0.132659912109375 0.0264129638671875 -0.0246658325195313
-0.0630950927734375 -0.102943420410156 0.0363082885742187 0.0196609497070312
-0.05682373046875 -0.0959625244140625 0.0473899841308594 0.0641670227050781
-0.0704193115234375 -0.105842590332031 0.0436019897460937 0.101325988769531
-0.0542144775390625 -0.128349304199219 0.00218200683593749 0.126922607421875
0.00350952148437499 -0.14263916015625 -0.0272445678710938 0.129829406738281
0.049346923828125 -0.143600463867188 -0.056884765625 0.0866928100585937
0.125778198242187 -0.0972747802734375 -0.0614509582519531 0.0485649108886719
0.172393798828125 -0.0654449462890625 0.0152015686035156 0.0217018127441406
0.17822265625 -0.03369140625 0.0992507934570313 0.0908966064453125
0.128471374511719 -0.0122528076171875 0.144638061523438 -0.12103271484375
0.146026611328125 -0.04095458984375 0.17987060546875 -0.0711669921875
0.11669921875 -0.0651779174804688 0.129798889160156 -0.0459823608398438
0.0735855102539063 -0.100616455078125 0.1094970703125 -0.0392074584960938
0.0177841186523437 -0.102561950683594 0.0738143920898438 -0.0182723999023438
-0.0387191772460938 -0.0915374755859375 0.0511550903320313 0.00930023193359375
-0.0496559143066406 -0.0647163391113281 0.0707550048828125 0.0457916259765625
-0.0414466857910156 -0.0616073608398438 0.079833984375 0.0837326049804688
-0.0514450073242188 -0.0720977783203125 0.0692596435546875 0.126007080078125
-0.0379104614257812 -0.0933837890625 0.01971435546875 0.154571533203125
0.0101547241210937 -0.108955383300781 -0.0208892822265625 0.147750854492188
0.0509796142578125 -0.109779357910156 -0.0507659912109375 0.0959091186523438
0.114616394042969 -0.0646743774414063 -0.0462379455566406 0.0430908203125
0.145828247070313 -0.0342254638671875 0.0524520874023438 0.0106887817382812
0.137184143066406 -0.00897979736328125 0.15362548828125 0.0905609130859375
0.0554466247558594 0.000133514404296875 0.161514282226563 -0.137741088867188
0.085205078125 -0.0218582153320313 0.175460815429688 -0.0902252197265625
0.0655746459960938 -0.0427360534667969 0.115814208984375 -0.0511016845703125
0.0327873229980469 -0.0608901977539063 0.103111267089844 -0.0257415771484375
-0.00426864624023437 -0.0552597045898437 0.0812225341796875 -0.004150390625
-0.0353775024414063 -0.0356407165527344 0.0736083984375 0.0256271362304687
-0.0254135131835938 -0.0167961120605469 0.095550537109375 0.0556411743164062
-0.018157958984375 -0.0168285369873047 0.0998687744140625 0.0915679931640625
-0.0267314910888672 -0.0257415771484375 0.0816421508789063 0.139793395996094
-0.0231437683105469 -0.0432472229003906 0.02392578125 0.172073364257813
0.006927490234375 -0.0613670349121094 -0.0228271484375 0.16009521484375
0.03692626953125 -0.0639266967773438 -0.0513687133789063 0.105216979980469
0.0798416137695313 -0.0288772583007813 -0.0397911071777344 0.044036865234375
0.0902633666992188 -0.0047149658203125 0.0739364624023438 0.01336669921875
0.0714035034179687 0.0124282836914062 0.18609619140625 0.09710693359375
0.0286769866943359 0.00475502014160156 -0.187301635742187 -0.063934326171875
-0.00808334350585937 -0.0131406784057617 -0.0593070983886719 -0.0140953063964844
-0.0130596160888672 0.00829029083251953 0.05792236328125 -0.0459785461425781
0.00508499145507813 0.0109872817993164 0.0752182006835938 -0.133819580078125
0.0121984481811523 -0.00153446197509766 0.03155517578125 -0.17926025390625
0.00612545013427734 -0.0145730972290039 -0.0496063232421875 -0.196197509765625
-0.0133628845214844 -0.0283584594726563 -0.109893798828125 -0.148880004882813
-0.0102672576904297 -0.0267753601074219 -0.116767883300781 -0.0789413452148437
-0.00524330139160156 -0.0246810913085938 -0.116188049316406 -0.0337066650390625
0.00510025024414063 -0.0239639282226563 -0.111480712890625 -0.0135040283203125
0.0133094787597656 -0.0107059478759766 -0.107345581054688 0.0236968994140625
0.00706100463867188 0.0137710571289063 -0.104408264160156 0.0386734008789062
-0.0228443145751953 0.0106468200683594 -0.134681701660156 0.0537567138671875
-0.0211658477783203 -0.0133457183837891 -0.163177490234375 0.117691040039062
0.00221562385559082 -0.00229310989379883 -0.164352416992188 0.15582275390625
0.114425659179688 -0.00832366943359375 -0.155548095703125 -0.0710601806640625
0.0748443603515625 -0.0339889526367188 -0.0264377593994141 -0.0202999114990234
0.0527076721191406 -0.0226860046386719 0.0769271850585938 -0.0497817993164063
0.0489425659179688 -0.0363998413085937 0.0897140502929688 -0.135902404785156
0.0322227478027344 -0.0528182983398438 0.0407867431640625 -0.173477172851562
-0.00209808349609376 -0.0706405639648437 -0.0427398681640625 -0.185562133789062
-0.040557861328125 -0.0744476318359375 -0.0967559814453125 -0.133819580078125
-0.0397109985351562 -0.0710067749023438 -0.101539611816406 -0.0595626831054688
-0.041748046875 -0.0716781616210938 -0.103057861328125 -0.0111312866210938
-0.0236129760742188 -0.079315185546875 -0.107559204101562 0.00906372070312499
0.0090484619140625 -0.0707855224609375 -0.104362487792969 0.0429763793945312
0.0230064392089844 -0.0477561950683594 -0.102668762207031 0.0475540161132813
0.0248928070068359 -0.0309619903564453 -0.122505187988281 0.06640625
0.0439872741699219 -0.0453453063964844 -0.138320922851563 0.120170593261719
0.0751113891601563 -0.032257080078125 -0.13726806640625 0.1566162109375
0.181564331054688 -0.017242431640625 -0.09857177734375 -0.0775604248046875
0.148452758789063 -0.04827880859375 0.0262908935546875 -0.0215549468994141
0.115699768066406 -0.0492172241210938 0.103813171386719 -0.0484542846679688
0.091339111328125 -0.081817626953125 0.108551025390625 -0.129173278808594
0.0512771606445312 -0.099822998046875 0.0512542724609375 -0.155670166015625
-0.00882720947265624 -0.118553161621094 -0.0318450927734375 -0.158538818359375
-0.06005859375 -0.110443115234375 -0.07147216796875 -0.103599548339844
-0.0614089965820312 -0.101898193359375 -0.071319580078125 -0.0309829711914063
-0.07171630859375 -0.1048583984375 -0.072540283203125 0.0172500610351562
-0.052001953125 -0.120903015136719 -0.0889129638671875 0.0396575927734375
-0.00469207763671876 -0.119636535644531 -0.0912551879882812 0.0689849853515625
0.0271453857421875 -0.103347778320313 -0.0950851440429688 0.0627975463867188
0.06365966796875 -0.0754013061523438 -0.110328674316406 0.074432373046875
0.101394653320313 -0.0790176391601563 -0.107566833496094 0.1094970703125
0.135887145996094 -0.0588760375976562 -0.0897979736328125 0.149322509765625
0.22283935546875 -0.0287933349609375 -0.0280990600585937 -0.08599853515625
0.197830200195312 -0.060577392578125 0.0854644775390625 -0.0277786254882813
0.160247802734375 -0.0769500732421875 0.128440856933594 -0.048248291015625
0.118148803710937 -0.121246337890625 0.119834899902344 -0.11639404296875
0.0578842163085937 -0.138557434082031 0.0560836791992188 -0.127204895019531
-0.0220184326171875 -0.149551391601563 -0.0193099975585938 -0.117713928222656
-0.075286865234375 -0.127830505371094 -0.0392532348632813 -0.0627059936523438
-0.0758895874023438 -0.119277954101563 -0.0315628051757813 0.00329208374023437
-0.09368896484375 -0.121917724609375 -0.0308189392089844 0.04998779296875
-0.07666015625 -0.142974853515625 -0.0562057495117188 0.0760498046875
-0.017486572265625 -0.153045654296875 -0.0670089721679688 0.0973358154296875
0.02569580078125 -0.146499633789062 -0.0822601318359375 0.0797653198242187
0.0913162231445313 -0.113929748535156 -0.0956573486328125 0.0783309936523437
0.143829345703125 -0.10382080078125 -0.067718505859375 0.0875320434570312
0.177719116210938 -0.0771331787109375 -0.0251693725585937 0.131256103515625
0.224334716796875 -0.034088134765625 0.0442123413085938 -0.100852966308594
0.21417236328125 -0.0692291259765625 0.137657165527344 -0.04107666015625
0.175811767578125 -0.0919189453125 0.145065307617188 -0.047882080078125
0.123291015625 -0.142349243164063 0.126007080078125 -0.0935211181640625
0.0513153076171875 -0.154342651367188 0.0631484985351563 -0.08984375
-0.034088134765625 -0.156585693359375 0.00235748291015625 -0.071136474609375
-0.080718994140625 -0.124725341796875 1.33514404296806E-05 -0.0191211700439453
-0.078155517578125 -0.116790771484375 0.0135879516601562 0.036773681640625
-0.0959091186523438 -0.120979309082031 0.013916015625 0.0791473388671875
-0.0814056396484375 -0.144668579101563 -0.019683837890625 0.107490539550781
-0.019622802734375 -0.16357421875 -0.0402603149414062 0.121932983398437
0.0299530029296875 -0.16497802734375 -0.067718505859375 0.0912094116210937
0.113525390625 -0.128768920898438 -0.0802001953125 0.0695724487304687
0.171127319335938 -0.106658935546875 -0.027008056640625 0.053192138671875
0.19482421875 -0.0735931396484375 0.0445327758789063 0.109970092773438
0.192489624023438 -0.0330810546875 0.105133056640625 -0.118270874023438
0.192794799804688 -0.06744384765625 0.172256469726563 -0.060882568359375
0.159088134765625 -0.0919189453125 0.147491455078125 -0.0502471923828125
0.103721618652344 -0.138992309570313 0.124641418457031 -0.0695571899414063
0.03192138671875 -0.143997192382813 0.071380615234375 -0.0538482666015625
-0.0443878173828125 -0.134605407714844 0.0301704406738281 -0.0255889892578125
-0.0751953125 -0.101814270019531 0.0416183471679687 0.0184898376464844
-0.068603515625 -0.0963287353515625 0.0572891235351562 0.0636177062988281
-0.0831069946289063 -0.102607727050781 0.053192138671875 0.106582641601562
-0.0699844360351563 -0.128623962402344 0.0118484497070313 0.138076782226563
-0.0106658935546875 -0.150924682617188 -0.02020263671875 0.142898559570313
0.0384674072265625 -0.155364990234375 -0.0550689697265625 0.0990219116210937
0.1239013671875 -0.113037109375 -0.0627326965332031 0.0573921203613281
0.174453735351563 -0.0847015380859375 0.0173072814941406 0.0242042541503906
0.183181762695313 -0.0516204833984375 0.112152099609375 0.0939178466796875
0.132270812988281 -0.0235366821289063 0.143753051757813 -0.14044189453125
0.147598266601563 -0.056182861328125 0.187271118164063 -0.0865020751953125
0.118080139160156 -0.0795059204101563 0.137176513671875 -0.0561065673828125
0.0698471069335937 -0.111831665039063 0.117156982421875 -0.0483627319335938
0.00938415527343749 -0.10955810546875 0.0814208984375 -0.0249710083007813
-0.0495452880859375 -0.0894851684570313 0.0581932067871094 0.00805664062499999
-0.0561103820800781 -0.062042236328125 0.0804519653320313 0.0428619384765625
-0.0476226806640625 -0.0586814880371094 0.0911407470703125 0.0813217163085938
-0.0583953857421875 -0.0673637390136719 0.0824432373046875 0.128707885742188
-0.0494842529296875 -0.0907440185546875 0.030426025390625 0.163238525390625
-0.000442504882812497 -0.11328125 -0.010772705078125 0.161102294921875
0.0421142578125 -0.120330810546875 -0.0479660034179688 0.107711791992188
0.116119384765625 -0.0782241821289063 -0.047698974609375 0.0507164001464844
0.1470947265625 -0.049896240234375 0.0544700622558594 0.00870513916015625
0.141342163085938 -0.0232086181640625 0.169769287109375 0.0894317626953125
0.0565338134765625 -0.00635528564453125 0.159774780273437 -0.161331176757813
0.0852432250976563 -0.0318603515625 0.180374145507813 -0.108047485351562
0.0659675598144531 -0.0514106750488281 0.122901916503906 -0.0612945556640625
0.0278778076171875 -0.0671653747558594 0.111396789550781 -0.03485107421875
-0.0119361877441406 -0.0572586059570313 0.0895767211914062 -0.0120162963867188
-0.0412063598632813 -0.0312461853027344 0.0840225219726563 0.020965576171875
-0.02764892578125 -0.0119342803955078 0.106697082519531 0.0482254028320313
-0.0201835632324219 -0.0132179260253906 0.111785888671875 0.085968017578125
-0.0290031433105469 -0.0212116241455078 0.094940185546875 0.141220092773438
-0.0289382934570313 -0.0394172668457031 0.037628173828125 0.18072509765625
0.000404357910156247 -0.062591552734375 -0.011260986328125 0.173370361328125
0.0304946899414062 -0.0692329406738281 -0.0478591918945313 0.117042541503906
0.0808029174804688 -0.0372314453125 -0.0400772094726563 0.050384521484375
0.0923385620117188 -0.0147857666015625 0.0764694213867188 0.00827789306640625
0.0730514526367188 0.00475311279296875 0.204147338867188 0.091339111328125
0.0332279205322266 0.00316429138183594 -0.197052001953125 -0.0500335693359375
-0.00853729248046875 -0.012822151184082 -0.0603599548339844 -0.00816345214843749
-0.0109586715698242 0.00989723205566406 0.0592422485351563 -0.0550804138183594
0.00571918487548828 0.00865745544433594 0.0634307861328125 -0.149734497070313
0.0137462615966797 -0.00677490234375 0.01312255859375 -0.188827514648438
0.00468063354492188 -0.0191555023193359 -0.071807861328125 -0.19512939453125
-0.0199623107910156 -0.0303134918212891 -0.128852844238281 -0.140129089355469
-0.0156402587890625 -0.0284366607666016 -0.126106262207031 -0.06597900390625
-0.00898933410644531 -0.0297050476074219 -0.122840881347656 -0.0184478759765625
0.0032501220703125 -0.0294857025146484 -0.118705749511719 0.000144958496093748
0.0144939422607422 -0.0133895874023438 -0.109619140625 0.0376052856445312
0.0140399932861328 0.013035774230957 -0.108390808105469 0.0512924194335938
-0.0209617614746094 0.0173206329345703 -0.139373779296875 0.067047119140625
-0.0208492279052734 -0.00787162780761719 -0.156723022460938 0.138671875
0.0050053596496582 -0.000195026397705078 -0.1513671875 0.1790771484375
0.119071960449219 -0.0177001953125 -0.16558837890625 -0.0589752197265625
0.0742645263671875 -0.0432891845703125 -0.0247440338134766 -0.0166072845458984
0.0528411865234375 -0.0300483703613281 0.0782546997070313 -0.0585479736328125
0.0462532043457031 -0.0450172424316406 0.08258056640625 -0.149215698242188
0.0267677307128906 -0.0603218078613281 0.0254364013671875 -0.182357788085938
-0.0105209350585938 -0.0741958618164063 -0.062835693359375 -0.183731079101563
-0.0533905029296875 -0.0746688842773438 -0.112022399902344 -0.12567138671875
-0.0502853393554687 -0.0712738037109375 -0.107177734375 -0.0472946166992187
-0.0508499145507813 -0.0736236572265625 -0.105697631835938 0.00441741943359374
-0.0332412719726563 -0.0821456909179687 -0.110908508300781 0.0267868041992188
0.00382232666015625 -0.0765914916992188 -0.106597900390625 0.0591201782226563
0.0224609375 -0.0525245666503906 -0.104896545410156 0.0629959106445313
0.0264739990234375 -0.0322399139404297 -0.121597290039063 0.0816497802734375
0.0411911010742188 -0.0480499267578125 -0.130035400390625 0.14166259765625
0.075042724609375 -0.0377883911132813 -0.12298583984375 0.182083129882813
0.187652587890625 -0.0367584228515625 -0.107368469238281 -0.0725784301757813
0.146682739257813 -0.065673828125 0.0297756195068359 -0.0248775482177734
0.115982055664063 -0.0645751953125 0.107353210449219 -0.0605239868164063
0.0846633911132813 -0.0938491821289063 0.10137939453125 -0.144119262695313
0.0415115356445313 -0.109550476074219 0.0373992919921875 -0.164581298828125
-0.021728515625 -0.122642517089844 -0.0467681884765625 -0.157089233398437
-0.0742568969726563 -0.109199523925781 -0.0819015502929688 -0.0966796875
-0.076416015625 -0.100540161132813 -0.0737991333007813 -0.0209121704101562
-0.085845947265625 -0.102554321289063 -0.0724945068359375 0.029571533203125
-0.0672378540039063 -0.119438171386719 -0.0877914428710938 0.0578842163085938
-0.0156097412109375 -0.125984191894531 -0.0900802612304688 0.0867919921875
0.0201034545898437 -0.110221862792969 -0.0968704223632812 0.0773773193359375
0.0598678588867187 -0.0812911987304687 -0.109138488769531 0.0885086059570312
0.097320556640625 -0.0880126953125 -0.0986175537109375 0.127006530761719
0.133476257324219 -0.0735626220703125 -0.0748138427734375 0.169570922851563
0.226150512695313 -0.0521087646484375 -0.0365142822265625 -0.0879669189453125
0.19622802734375 -0.0861663818359375 0.0890045166015625 -0.0334014892578125
0.157669067382813 -0.0984649658203125 0.135536193847656 -0.0607528686523437
0.108116149902344 -0.140274047851563 0.115547180175781 -0.131820678710938
0.0436553955078125 -0.149215698242188 0.0490036010742188 -0.136177062988281
-0.0372161865234375 -0.151992797851563 -0.0277938842773438 -0.117584228515625
-0.0948944091796875 -0.12420654296875 -0.0444679260253906 -0.0588951110839844
-0.093780517578125 -0.113410949707031 -0.0285911560058594 0.00830650329589843
-0.109970092773438 -0.115478515625 -0.0246849060058594 0.0595703125
-0.0965499877929687 -0.138214111328125 -0.05047607421875 0.0910186767578125
-0.0366973876953125 -0.156356811523438 -0.0602569580078125 0.11248779296875
0.00991821289062501 -0.154769897460938 -0.0805130004882812 0.0942153930664063
0.0830841064453125 -0.126258850097656 -0.092193603515625 0.0900115966796875
0.134742736816406 -0.121246337890625 -0.058837890625 0.0996627807617187
0.174392700195313 -0.097503662109375 -0.0128021240234375 0.144332885742188
0.224868774414063 -0.05950927734375 0.03485107421875 -0.110702514648437
0.2091064453125 -0.0953521728515625 0.143798828125 -0.0560455322265625
0.172439575195313 -0.112411499023437 0.1519775390625 -0.06109619140625
0.10931396484375 -0.16107177734375 0.124519348144531 -0.110519409179688
0.032806396484375 -0.165771484375 0.0613861083984375 -0.0978012084960938
-0.0528564453125 -0.15496826171875 -0.000377655029296879 -0.0693473815917969
-0.0958633422851563 -0.118690490722656 0.000698089599609371 -0.0181598663330078
-0.0939254760742187 -0.109642028808594 0.0197029113769531 0.0386276245117187
-0.111885070800781 -0.114532470703125 0.02374267578125 0.0843963623046875
-0.100830078125 -0.138359069824219 -0.00954437255859376 0.12017822265625
-0.040679931640625 -0.163528442382813 -0.0297393798828125 0.134292602539062
0.0106048583984375 -0.17401123046875 -0.0630874633789063 0.106590270996094
0.10455322265625 -0.14373779296875 -0.0770492553710937 0.0808944702148438
0.161376953125 -0.129730224609375 -0.0205879211425781 0.0599327087402344
0.191009521484375 -0.098175048828125 0.0585708618164063 0.115829467773438
0.191757202148438 -0.0575714111328125 0.0969467163085938 -0.133827209472656
0.18817138671875 -0.090484619140625 0.1773681640625 -0.0801849365234375
0.153823852539063 -0.1109619140625 0.15374755859375 -0.064483642578125
0.0903778076171875 -0.15521240234375 0.126716613769531 -0.0827407836914063
0.0182952880859375 -0.149932861328125 0.0733566284179688 -0.0624542236328125
-0.0625839233398438 -0.130699157714844 0.0308036804199219 -0.0265636444091797
-0.0872344970703125 -0.0958175659179687 0.0476455688476562 0.0143928527832031
-0.0790328979492188 -0.089111328125 0.0668144226074219 0.0576553344726562
-0.0959701538085938 -0.094818115234375 0.0669021606445313 0.108245849609375
-0.0848922729492188 -0.118606567382812 0.0274505615234375 0.146804809570313
-0.03045654296875 -0.151779174804688 -0.00671386718750001 0.15509033203125
0.0211181640625 -0.162429809570313 -0.0482330322265625 0.110870361328125
0.115982055664063 -0.128913879394531 -0.0585136413574219 0.0679092407226562
0.167816162109375 -0.108016967773437 0.0207023620605469 0.0256156921386719
0.17938232421875 -0.0750885009765625 0.126327514648438 0.0938568115234375
0.131309509277344 -0.0422592163085937 0.134292602539063 -0.162826538085938
0.141860961914063 -0.0743865966796875 0.18707275390625 -0.1094970703125
0.112472534179688 -0.0950241088867188 0.140945434570312 -0.070098876953125
0.0561981201171875 -0.125076293945312 0.123550415039062 -0.06109619140625
-0.00569915771484374 -0.110992431640625 0.0842361450195313 -0.0343399047851563
-0.06036376953125 -0.0828018188476562 0.0655174255371094 0.00206756591796875
-0.0652732849121094 -0.0551528930664063 0.0884017944335938 0.0323944091796875
-0.0538864135742187 -0.0529861450195313 0.10247802734375 0.0724868774414063
-0.0673446655273438 -0.0602874755859375 0.0987472534179687 0.1243896484375
-0.061248779296875 -0.0844955444335938 0.0499267578125 0.167236328125
-0.0149993896484375 -0.113197326660156 0.0032196044921875 0.16998291015625
0.0279922485351563 -0.127403259277344 -0.041046142578125 0.119163513183594
0.106788635253906 -0.08990478515625 -0.0443267822265625 0.0561981201171875
0.143356323242188 -0.070587158203125 0.0560073852539063 0.005218505859375
0.141647338867188 -0.0403594970703125 0.184600830078125 0.0805511474609375
0.0568161010742188 -0.0153999328613281 0.148590087890625 -0.185409545898437
0.0794525146484375 -0.0451202392578125 0.175994873046875 -0.128509521484375
0.0620880126953125 -0.0621757507324219 0.122413635253906 -0.0726470947265625
0.0180587768554688 -0.0750656127929688 0.115768432617188 -0.0485000610351563
-0.0214157104492188 -0.0553131103515625 0.0938873291015625 -0.0240707397460938
-0.04779052734375 -0.0223159790039062 0.0921707153320313 0.0116653442382812
-0.0288352966308594 -0.00700187683105469 0.115959167480469 0.036468505859375
-0.0202770233154297 -0.00963783264160156 0.122261047363281 0.0757522583007813
-0.029937744140625 -0.0162429809570312 0.112014770507813 0.13616943359375
-0.033538818359375 -0.0328998565673828 0.0585174560546875 0.184494018554688
-0.00790786743164062 -0.060943603515625 0.0041961669921875 0.181137084960937
0.0228042602539062 -0.0738754272460938 -0.0395278930664063 0.128875732421875
0.0767822265625 -0.0477294921875 -0.040802001953125 0.0584144592285156
0.089569091796875 -0.0279769897460937 0.076751708984375 0.0013885498046875
0.0738372802734375 -0.0053253173828125 0.217803955078125 0.0766754150390625
0.0403213500976563 0.00280380249023438 -0.201141357421875 -0.0335540771484375
-0.00491237640380859 -0.0119352340698242 -0.0561256408691406 -0.00302505493164063
-0.008087158203125 0.0103006362915039 0.0562362670898438 -0.0614356994628906
0.0089263916015625 0.00549602508544922 0.0527496337890625 -0.155059814453125
0.011143684387207 -0.00980949401855469 -0.00527954101562499 -0.190719604492188
0.000528335571289061 -0.0238456726074219 -0.091766357421875 -0.188613891601562
-0.0259132385253906 -0.0321521759033203 -0.141311645507813 -0.125503540039063
-0.0222949981689453 -0.03143310546875 -0.131607055664063 -0.0522308349609375
-0.0132770538330078 -0.0340499877929688 -0.123237609863281 -0.00209045410156249
0.000797271728515625 -0.0341815948486328 -0.11993408203125 0.0176315307617188
0.0154838562011719 -0.0181159973144531 -0.111167907714844 0.05303955078125
0.0172042846679688 0.0106973648071289 -0.10797119140625 0.063385009765625
-0.0160255432128906 0.020172119140625 -0.135719299316406 0.082733154296875
-0.0216732025146484 -0.00138473510742188 -0.142623901367188 0.152313232421875
0.00914382934570313 0.00374126434326172 -0.130340576171875 0.198944091796875
0.120948791503906 -0.0288619995117187 -0.16864013671875 -0.045196533203125
0.071868896484375 -0.0510406494140625 -0.0207424163818359 -0.0145931243896484
0.0525360107421875 -0.0350723266601563 0.078155517578125 -0.0679168701171875
0.0431137084960938 -0.0515937805175781 0.0688934326171875 -0.159027099609375
0.0205039978027344 -0.0657386779785156 0.00863647460937498 -0.184906005859375
-0.0194931030273437 -0.0767745971679687 -0.0794677734375 -0.176345825195313
-0.0621566772460937 -0.0709609985351563 -0.122398376464844 -0.111000061035156
-0.0594520568847656 -0.0678062438964844 -0.109832763671875 -0.0343170166015625
-0.0599136352539062 -0.070648193359375 -0.103111267089844 0.0208663940429687
-0.0396347045898438 -0.0812911987304688 -0.109344482421875 0.0422592163085937
-0.00238800048828125 -0.0782852172851562 -0.101943969726563 0.07440185546875
0.0194206237792969 -0.0550041198730469 -0.102462768554687 0.0752334594726563
0.0246791839599609 -0.0315132141113281 -0.117958068847656 0.0938720703125
0.0370407104492188 -0.0477180480957031 -0.114959716796875 0.153060913085938
0.0725784301757813 -0.0433502197265625 -0.0999298095703125 0.197738647460938
0.185745239257813 -0.053924560546875 -0.110824584960937 -0.063018798828125
0.140220642089844 -0.0820083618164063 0.0333995819091797 -0.02679443359375
0.110191345214844 -0.0771255493164062 0.107887268066406 -0.070953369140625
0.075225830078125 -0.10546875 0.09088134765625 -0.154998779296875
0.0290679931640625 -0.11639404296875 0.0243377685546875 -0.168380737304688
-0.035980224609375 -0.120819091796875 -0.06011962890625 -0.149215698242188
-0.08795166015625 -0.101730346679688 -0.0881271362304688 -0.0844497680664063
-0.0886154174804688 -0.0930709838867188 -0.0717086791992188 -0.0116653442382812
-0.0975112915039063 -0.0952072143554688 -0.0658721923828125 0.0441017150878906
-0.0792770385742188 -0.113304138183594 -0.0808486938476563 0.072174072265625
-0.0270309448242188 -0.124252319335938 -0.0817489624023437 0.0997238159179688
0.00995635986328125 -0.112350463867187 -0.0906524658203125 0.091064453125
0.0530242919921875 -0.0860061645507813 -0.101318359375 0.101295471191406
0.0867156982421875 -0.0952835083007813 -0.0822601318359375 0.137886047363281
0.125518798828125 -0.0849151611328125 -0.0512847900390625 0.182327270507813
0.21929931640625 -0.0744476318359375 -0.0406875610351563 -0.085174560546875
0.182998657226563 -0.106475830078125 0.0914688110351563 -0.0441055297851563
0.149978637695313 -0.113265991210938 0.136161804199219 -0.0746231079101562
0.0928802490234375 -0.151565551757813 0.108016967773437 -0.14422607421875
0.026763916015625 -0.154678344726563 0.0384368896484375 -0.139793395996094
-0.0548858642578125 -0.148239135742188 -0.035980224609375 -0.111763000488281
-0.106002807617187 -0.113616943359375 -0.0456314086914063 -0.0506668090820313
-0.105705261230469 -0.103652954101563 -0.0244216918945313 0.0136089324951172
-0.120223999023438 -0.103691101074219 -0.0162696838378906 0.0675125122070313
-0.108863830566406 -0.125663757324219 -0.0383071899414063 0.101531982421875
-0.051177978515625 -0.151519775390625 -0.04937744140625 0.126060485839844
-0.00559997558593751 -0.15478515625 -0.0717391967773438 0.108161926269531
0.0709228515625 -0.132537841796875 -0.0841827392578125 0.102775573730469
0.12249755859375 -0.133628845214844 -0.0475845336914062 0.107551574707031
0.161453247070312 -0.113494873046875 0.00979614257812502 0.15240478515625
0.218124389648437 -0.083160400390625 0.0279312133789063 -0.113319396972656
0.194183349609375 -0.115951538085938 0.140655517578125 -0.0667724609375
0.15948486328125 -0.131683349609375 0.153060913085938 -0.0757598876953125
0.09246826171875 -0.171737670898437 0.119430541992188 -0.122116088867188
0.015869140625 -0.166900634765625 0.055084228515625 -0.105033874511719
-0.06842041015625 -0.147796630859375 -0.00217437744140625 -0.0677680969238281
-0.107475280761719 -0.107276916503906 0.00293922424316406 -0.0162754058837891
-0.104995727539062 -0.0981597900390625 0.0270538330078125 0.0369987487792969
-0.122421264648438 -0.0983047485351562 0.0354766845703125 0.0866165161132813
-0.114120483398437 -0.124343872070313 0.00511932373046875 0.126167297363281
-0.0576629638671875 -0.159027099609375 -0.016510009765625 0.14385986328125
-0.00817871093749999 -0.173355102539063 -0.0535049438476562 0.11614990234375
0.087432861328125 -0.153274536132813 -0.06890869140625 0.0911941528320313
0.146377563476563 -0.14453125 -0.013458251953125 0.0652542114257812
0.178070068359375 -0.116134643554687 0.0755386352539063 0.11566162109375
0.183013916015625 -0.077056884765625 0.081878662109375 -0.145217895507813
0.173431396484375 -0.11083984375 0.170608520507813 -0.09527587890625
0.141448974609375 -0.12725830078125 0.153732299804688 -0.07818603515625
0.0721282958984375 -0.16314697265625 0.123664855957031 -0.0972213745117188
-0.00131225585937499 -0.150604248046875 0.0716705322265625 -0.0701675415039063
-0.0745849609375 -0.120841979980469 0.0348472595214844 -0.0294227600097656
-0.0954818725585938 -0.082733154296875 0.0510482788085937 0.01031494140625
-0.0889205932617187 -0.0766677856445313 0.0746002197265625 0.0542373657226562
-0.103324890136719 -0.0797195434570313 0.0802688598632813 0.103652954101563
-0.0970916748046875 -0.106285095214844 0.0430755615234375 0.146820068359375
-0.047027587890625 -0.143478393554688 0.00924682617187499 0.159561157226563
0.000717163085937489 -0.1627197265625 -0.0379409790039063 0.121009826660156
0.0992889404296875 -0.1422119140625 -0.0536270141601562 0.075439453125
0.152313232421875 -0.126495361328125 0.0240020751953125 0.0264015197753906
0.168701171875 -0.09368896484375 0.139137268066406 0.0839080810546875
0.123268127441406 -0.05792236328125 0.116851806640625 -0.17657470703125
0.128303527832031 -0.0899505615234375 0.176849365234375 -0.124008178710938
0.102699279785156 -0.10693359375 0.140266418457031 -0.0825119018554688
0.0403823852539063 -0.128761291503906 0.120735168457031 -0.0755767822265625
-0.0195999145507813 -0.108482360839844 0.0854034423828125 -0.0440826416015625
-0.068634033203125 -0.0708160400390625 0.0699577331542969 -0.00546646118164063
-0.0684165954589844 -0.0436325073242188 0.0915756225585938 0.0236282348632812
-0.0594482421875 -0.0433616638183594 0.109428405761719 0.06207275390625
-0.0697669982910156 -0.048187255859375 0.111793518066406 0.117164611816406
-0.068450927734375 -0.0716094970703125 0.0677642822265625 0.165863037109375
-0.029998779296875 -0.108222961425781 0.0218963623046875 0.172317504882813
0.0112380981445312 -0.127449035644531 -0.0294647216796875 0.125465393066406
0.09539794921875 -0.104072570800781 -0.0402908325195313 0.0649604797363281
0.131584167480469 -0.0850143432617188 0.0552749633789063 0.00143432617187499
0.130615234375 -0.0568389892578125 0.193115234375 0.064727783203125
0.050933837890625 -0.0230064392089844 0.124954223632813 -0.202178955078125
0.0716400146484375 -0.0550003051757813 0.163070678710938 -0.14642333984375
0.0517425537109375 -0.0699691772460938 0.121559143066406 -0.0852584838867188
0.00672149658203125 -0.0762786865234375 0.116157531738281 -0.0611724853515625
-0.0311660766601563 -0.0509262084960937 0.0963287353515625 -0.0341644287109375
-0.04840087890625 -0.01226806640625 0.0961761474609375 -0.00197601318359375
-0.0275859832763672 0.000461578369140626 0.117439270019531 0.0216827392578125
-0.0209064483642578 -0.00361251831054688 0.127983093261719 0.0605545043945313
-0.0288238525390625 -0.00811386108398437 0.12548828125 0.124320983886719
-0.0353584289550781 -0.0242881774902344 0.07501220703125 0.178726196289063
-0.0174446105957031 -0.0562744140625 0.02301025390625 0.182540893554688
0.0116653442382812 -0.0742645263671875 -0.0257568359375 0.133018493652344
0.0683212280273438 -0.0552558898925781 -0.0360450744628906 0.0622024536132812
0.0812911987304688 -0.0383148193359375 0.0741043090820313 -0.005218505859375
0.0669631958007813 -0.0157928466796875 0.225387573242188 0.0587158203125
0.0452423095703125 0.00170516967773437 -0.197845458984375 -0.021392822265625
-0.00137519836425781 -0.0113325119018555 -0.0505752563476562 0.000362396240234367
-0.00287771224975586 0.00805425643920898 0.0543098449707031 -0.0672073364257813
0.0115680694580078 0.00194549560546875 0.0405426025390625 -0.157394409179688
0.0101594924926758 -0.0139789581298828 -0.0198211669921875 -0.186508178710938
-0.00325965881347656 -0.0277900695800781 -0.103958129882812 -0.177032470703125
-0.0316848754882813 -0.0322494506835937 -0.146865844726563 -0.110992431640625
-0.0285892486572266 -0.0323867797851562 -0.130622863769531 -0.0394744873046875
-0.0197715759277344 -0.0369606018066406 -0.1182861328125 0.0121841430664063
-0.00217819213867187 -0.0380058288574219 -0.116645812988281 0.0315170288085937
0.0155391693115234 -0.0228996276855469 -0.106475830078125 0.0640945434570312
0.0217380523681641 0.00685501098632812 -0.105049133300781 0.0724945068359375
-0.00946998596191406 0.0236434936523438 -0.1309814453125 0.092010498046875
-0.0178775787353516 0.00466728210449219 -0.129074096679687 0.1593017578125
0.0134477615356445 0.00595188140869141 -0.107711791992187 0.2060546875
0.120948791503906 -0.0370864868164063 -0.165328979492188 -0.034393310546875
0.0682258605957031 -0.0573883056640625 -0.0161199569702148 -0.0142107009887695
0.0513420104980469 -0.0414047241210937 0.0768280029296875 -0.0745773315429688
0.0387611389160156 -0.0568199157714844 0.05841064453125 -0.16217041015625
0.0141448974609375 -0.0686721801757813 -0.00479125976562498 -0.182144165039063
-0.02679443359375 -0.076995849609375 -0.089691162109375 -0.164306640625
-0.069366455078125 -0.0673675537109375 -0.125190734863281 -0.0973892211914063
-0.0675468444824219 -0.0635185241699219 -0.106361389160156 -0.023162841796875
-0.0668792724609375 -0.0685310363769531 -0.0955581665039063 0.0322952270507812
-0.0460357666015625 -0.0802993774414062 -0.102714538574219 0.0565338134765625
-0.0069427490234375 -0.0792770385742188 -0.0961990356445313 0.0865478515625
0.0187797546386719 -0.0574226379394531 -0.0973052978515625 0.0845108032226562
0.0260238647460937 -0.0303115844726563 -0.111518859863281 0.102142333984375
0.0357894897460938 -0.0458259582519531 -0.100204467773438 0.159149169921875
0.0715713500976563 -0.0443496704101563 -0.07757568359375 0.204421997070313
0.180160522460937 -0.066680908203125 -0.109504699707031 -0.0553970336914062
0.130859375 -0.0911788940429688 0.036865234375 -0.0295219421386719
0.104476928710938 -0.0859909057617188 0.107711791992187 -0.0792465209960938
0.0654830932617188 -0.110939025878906 0.0812530517578125 -0.159988403320312
0.0179367065429688 -0.117782592773438 0.0145416259765625 -0.166305541992188
-0.045745849609375 -0.117530822753906 -0.065521240234375 -0.13983154296875
-0.0954513549804688 -0.093170166015625 -0.0889968872070313 -0.0744094848632813
-0.0959091186523437 -0.0850372314453125 -0.0666923522949219 -0.00417327880859376
-0.104263305664062 -0.08746337890625 -0.0561447143554688 0.0530624389648437
-0.0863418579101563 -0.10577392578125 -0.0718841552734375 0.0843048095703125
-0.0355224609375 -0.120292663574219 -0.0727081298828125 0.111892700195312
0.00356292724609375 -0.112388610839844 -0.0840377807617188 0.100746154785156
0.0486526489257813 -0.0863876342773437 -0.0932235717773438 0.108505249023438
0.0791778564453125 -0.0967025756835937 -0.0684051513671875 0.142578125
0.118324279785156 -0.0903091430664062 -0.0308837890625 0.18701171875
0.209442138671875 -0.0903778076171875 -0.0430526733398437 -0.0805206298828125
0.169967651367188 -0.117813110351563 0.0934219360351563 -0.0501708984375
0.139434814453125 -0.123298645019531 0.136215209960938 -0.0840682983398438
0.0789337158203125 -0.156463623046875 0.100494384765625 -0.150665283203125
0.011810302734375 -0.153091430664063 0.0311431884765625 -0.140625
-0.0654449462890625 -0.139938354492187 -0.0380325317382813 -0.103729248046875
-0.113555908203125 -0.102897644042969 -0.0446319580078125 -0.0442771911621094
-0.112564086914063 -0.0923538208007812 -0.0175323486328125 0.0171785354614258
-0.126632690429688 -0.0912399291992188 -0.00518035888671876 0.0725631713867187
-0.115760803222656 -0.11419677734375 -0.0281219482421875 0.110275268554687
-0.0626373291015625 -0.144149780273438 -0.0377883911132813 0.134239196777344
-0.0167388916015625 -0.151473999023438 -0.0635604858398438 0.116676330566406
0.0615234375 -0.134254455566406 -0.07525634765625 0.109565734863281
0.109336853027344 -0.138298034667969 -0.03570556640625 0.110923767089844
0.149017333984375 -0.120864868164063 0.026763916015625 0.154739379882813
0.205032348632813 -0.0982513427734375 0.021087646484375 -0.114013671875
0.177261352539063 -0.128082275390625 0.13897705078125 -0.0754852294921875
0.147140502929688 -0.14117431640625 0.152572631835938 -0.0853424072265625
0.0753326416015625 -0.174148559570313 0.114532470703125 -0.130142211914063
3.05175781250163E-05 -0.163009643554688 0.05120849609375 -0.107559204101563
-0.0777511596679687 -0.136940002441406 -0.000934600830078136 -0.0646514892578125
-0.113639831542969 -0.0948638916015625 0.0059061050415039 -0.0158462524414063
-0.110458374023438 -0.0856170654296875 0.0333404541015625 0.0351486206054687
-0.125724792480469 -0.0847244262695312 0.0460357666015625 0.0873641967773438
-0.12030029296875 -0.108650207519531 0.0175247192382812 0.12908935546875
-0.06982421875 -0.1484375 -0.0036773681640625 0.149017333984375
-0.0229034423828125 -0.16748046875 -0.0437164306640625 0.123306274414062
0.073699951171875 -0.15533447265625 -0.0604705810546875 0.0977249145507812
0.129318237304688 -0.1524658203125 -0.00561904907226561 0.0676841735839844
0.162551879882813 -0.126419067382813 0.0881271362304688 0.114105224609375
0.169265747070313 -0.090728759765625 0.0708465576171875 -0.148635864257812
0.156021118164063 -0.121795654296875 0.163864135742187 -0.104766845703125
0.127998352050781 -0.136466979980469 0.152328491210938 -0.08795166015625
0.0555267333984375 -0.163711547851563 0.119827270507813 -0.10546875
-0.015960693359375 -0.143569946289062 0.0693206787109375 -0.0751190185546875
-0.08099365234375 -0.107627868652344 0.0380020141601562 -0.0315055847167969
-0.0975341796875 -0.0698165893554688 0.0544242858886719 0.00554656982421875
-0.0911712646484375 -0.0651473999023437 0.0791091918945313 0.0475921630859375
-0.104881286621094 -0.0662078857421875 0.08984375 0.100502014160156
-0.102867126464844 -0.0910873413085938 0.0556793212890625 0.145904541015625
-0.0592041015625 -0.13336181640625 0.0225830078125 0.160430908203125
-0.0141754150390625 -0.157684326171875 -0.0286178588867187 0.125892639160156
0.083770751953125 -0.145416259765625 -0.0470199584960937 0.08123779296875
0.135124206542969 -0.13525390625 0.0261363983154297 0.0265598297119141
0.153289794921875 -0.105606079101563 0.147064208984375 0.0784912109375
0.11199951171875 -0.067840576171875 0.0988616943359375 -0.182388305664063
0.113662719726563 -0.09857177734375 0.166427612304688 -0.133407592773438
0.089813232421875 -0.113052368164063 0.138572692871094 -0.0897369384765625
0.0262374877929688 -0.127716064453125 0.118873596191406 -0.083740234375
-0.0311737060546875 -0.101333618164062 0.0843734741210938 -0.0523529052734375
-0.0714797973632813 -0.0587387084960938 0.072235107421875 -0.0134201049804688
-0.0674552917480469 -0.0326156616210938 0.0931549072265625 0.0144424438476562
-0.0592155456542969 -0.0343399047851563 0.112808227539063 0.0526123046875
-0.0685272216796875 -0.0375747680664062 0.119834899902344 0.109504699707031
-0.0702705383300781 -0.0585784912109375 0.0790863037109375 0.16015625
-0.039459228515625 -0.0983963012695313 0.0360870361328125 0.171173095703125
-0.0015411376953125 -0.122276306152344 -0.0189590454101563 0.128837585449219
0.0819473266601562 -0.108596801757812 -0.0360527038574219 0.0682563781738281
0.116744995117187 -0.0945358276367187 0.0543937683105469 -0.000560760498046881
0.118255615234375 -0.0674667358398437 0.196929931640625 0.0543212890625
0.0436363220214844 -0.0301895141601563 0.103195190429688 -0.208221435546875
0.0608596801757813 -0.0603981018066406 0.148880004882813 -0.154129028320313
0.0422821044921875 -0.07391357421875 0.118965148925781 -0.09136962890625
-0.00312042236328125 -0.0735244750976563 0.115081787109375 -0.0702972412109375
-0.037872314453125 -0.0432510375976563 0.095367431640625 -0.0443801879882813
-0.0467376708984375 -0.00164794921875001 0.09716796875 -0.0127182006835938
-0.0248985290527344 0.00770187377929688 0.115715026855469 0.008209228515625
-0.0175895690917969 0.00118446350097656 0.129158020019531 0.0478363037109375
-0.0247898101806641 -0.000604629516601564 0.131950378417969 0.11370849609375
-0.0347442626953125 -0.0151824951171875 0.087432861328125 0.17041015625
-0.0226287841796875 -0.0486373901367188 0.03680419921875 0.178848266601563
0.0030670166015625 -0.0703887939453125 -0.0168685913085938 0.13470458984375
0.0592460632324219 -0.0582313537597656 -0.0333213806152344 0.0653076171875
0.0706405639648438 -0.0438385009765625 0.0693359375 -0.00809478759765625
0.0591697692871094 -0.021759033203125 0.225875854492188 0.045196533203125
0.05169677734375 0.00055694580078125 -0.1951904296875 -0.0155029296875
0.00281143188476563 -0.0131216049194336 -0.0453224182128906 0.000202178955078131
0.000864028930664062 0.00519180297851563 0.0538101196289063 -0.07147216796875
0.0125494003295898 -0.00251483917236328 0.0338287353515625 -0.159469604492187
0.00846099853515625 -0.0179710388183594 -0.02850341796875 -0.183761596679688
-0.00822639465332031 -0.0316505432128906 -0.111495971679688 -0.169036865234375
-0.0380630493164062 -0.0329399108886719 -0.14874267578125 -0.101318359375
-0.0341815948486328 -0.0337677001953125 -0.127883911132813 -0.0312728881835937
-0.0253105163574219 -0.0407524108886719 -0.112998962402344 0.0214920043945313
-0.005767822265625 -0.043548583984375 -0.113487243652344 0.0421905517578125
0.0164508819580078 -0.0280265808105469 -0.103790283203125 0.07318115234375
0.0255508422851562 0.0021209716796875 -0.103607177734375 0.0796737670898438
-0.00232887268066406 0.0259056091308594 -0.129219055175781 0.0982284545898437
-0.0124950408935547 0.0101213455200195 -0.120651245117188 0.162322998046875
0.0189361572265625 0.00802993774414062 -0.0916900634765625 0.209716796875
0.122390747070313 -0.0421295166015625 -0.161849975585938 -0.029083251953125
0.0669364929199219 -0.0608329772949219 -0.0105772018432617 -0.0157985687255859
0.0514717102050781 -0.0466651916503906 0.076995849609375 -0.0800094604492188
0.0353431701660156 -0.0609245300292969 0.052459716796875 -0.1651611328125
0.009124755859375 -0.0714874267578125 -0.011871337890625 -0.179092407226563
-0.0333633422851562 -0.0780487060546875 -0.093994140625 -0.156295776367188
-0.0760269165039062 -0.0645065307617188 -0.125167846679688 -0.0880813598632813
-0.0739364624023437 -0.0609588623046875 -0.101348876953125 -0.0160293579101562
-0.0731353759765625 -0.0677642822265625 -0.0878524780273437 0.0413436889648437
-0.0506210327148438 -0.0815582275390625 -0.09661865234375 0.0670623779296875
-0.0089111328125 -0.081207275390625 -0.0905075073242188 0.09625244140625
0.0194015502929687 -0.0601272583007813 -0.0940017700195313 0.0929183959960937
0.0293045043945313 -0.0292568206787109 -0.107597351074219 0.108169555664063
0.0371627807617187 -0.0424537658691406 -0.0889434814453125 0.16131591796875
0.0717926025390625 -0.0435791015625 -0.059722900390625 0.208755493164063
0.177093505859375 -0.0751495361328125 -0.106803894042969 -0.0516357421875
0.125030517578125 -0.0973739624023438 0.0417556762695313 -0.0331649780273438
0.100898742675781 -0.0930328369140625 0.109825134277344 -0.0859146118164063
0.0581893920898437 -0.115158081054688 0.076812744140625 -0.163589477539063
0.00988769531250001 -0.118522644042969 0.00918579101562501 -0.164764404296875
-0.053436279296875 -0.115318298339844 -0.0672149658203125 -0.132553100585937
-0.1019287109375 -0.0879974365234375 -0.0865707397460937 -0.0673980712890625
-0.102020263671875 -0.0792388916015625 -0.0606803894042969 0.00172042846679687
-0.109260559082031 -0.0828475952148438 -0.0466423034667969 0.0601654052734375
-0.091278076171875 -0.102378845214844 -0.0637588500976563 0.09375
-0.0400466918945312 -0.11907958984375 -0.0650863647460938 0.12127685546875
9.1552734374997E-05 -0.112571716308594 -0.0787734985351562 0.109466552734375
0.04833984375 -0.0857620239257813 -0.0885848999023437 0.114364624023438
0.0752944946289062 -0.0952682495117187 -0.0578765869140625 0.14495849609375
0.114013671875 -0.0912246704101563 -0.012969970703125 0.190338134765625
0.202346801757813 -0.0992279052734375 -0.0431900024414062 -0.0797882080078125
0.15863037109375 -0.12481689453125 0.0969696044921875 -0.055023193359375
0.131919860839844 -0.130615234375 0.139518737792969 -0.0917205810546875
0.0677642822265625 -0.158462524414063 0.0973052978515625 -0.15570068359375
0.0020904541015625 -0.15130615234375 0.0282135009765625 -0.14117431640625
-0.072265625 -0.134025573730469 -0.0359115600585938 -0.0995254516601563
-0.117523193359375 -0.0939712524414063 -0.040435791015625 -0.0404777526855469
-0.116905212402344 -0.0836944580078125 -0.011627197265625 0.0195865631103516
-0.130516052246094 -0.08331298828125 0.00480651855468749 0.0766067504882812
-0.120132446289063 -0.105873107910156 -0.0182647705078125 0.117019653320312
-0.0687713623046875 -0.138351440429688 -0.028106689453125 0.14178466796875
-0.0232696533203125 -0.14862060546875 -0.05694580078125 0.124221801757812
0.0559768676757813 -0.134056091308594 -0.069305419921875 0.115272521972656
0.100532531738281 -0.139022827148437 -0.0268478393554687 0.113021850585938
0.140449523925781 -0.1243896484375 0.042510986328125 0.156082153320313
0.19384765625 -0.107650756835938 0.0181961059570313 -0.113937377929688
0.1640625 -0.134841918945313 0.139549255371094 -0.0814056396484375
0.1376953125 -0.147018432617188 0.155487060546875 -0.093780517578125
0.063568115234375 -0.174774169921875 0.113128662109375 -0.136253356933594
-0.009765625 -0.159011840820313 0.0502471923828125 -0.109199523925781
-0.082794189453125 -0.128440856933594 0.00288391113281249 -0.0633964538574219
-0.115707397460937 -0.0852203369140625 0.0103054046630859 -0.0152931213378906
-0.112411499023438 -0.0762939453125 0.0395050048828125 0.03411865234375
-0.127334594726563 -0.0746307373046875 0.0560531616210937 0.0880889892578125
-0.122787475585937 -0.0976715087890625 0.0284423828125 0.133377075195313
-0.0777511596679688 -0.140350341796875 0.0069427490234375 0.153961181640625
-0.0322418212890625 -0.162460327148438 -0.0369720458984375 0.130256652832031
0.0641326904296875 -0.155609130859375 -0.0548171997070312 0.1026611328125
0.117523193359375 -0.155624389648438 0.00128173828125001 0.0690269470214844
0.151290893554688 -0.1309814453125 0.100006103515625 0.114158630371094
0.1578369140625 -0.0997161865234375 0.064178466796875 -0.148971557617188
0.141326904296875 -0.12615966796875 0.161666870117188 -0.110107421875
0.118438720703125 -0.141204833984375 0.154983520507813 -0.0953369140625
0.0443115234375 -0.16278076171875 0.119438171386719 -0.113052368164063
-0.0245361328125 -0.137504577636719 0.0695724487304688 -0.0789794921875
-0.0822982788085938 -0.0978240966796875 0.0418434143066406 -0.0344467163085938
-0.0982131958007813 -0.060089111328125 0.0575218200683594 0.00280380249023437
-0.0908355712890625 -0.0561676025390625 0.083831787109375 0.0436325073242188
-0.103492736816406 -0.0568618774414063 0.0990371704101563 0.09698486328125
-0.103157043457031 -0.0789871215820312 0.06536865234375 0.146408081054688
-0.066314697265625 -0.124153137207031 0.0332183837890625 0.163482666015625
-0.0245361328125 -0.151763916015625 -0.0210189819335938 0.130691528320313
0.07281494140625 -0.145523071289063 -0.04266357421875 0.0849609375
0.12158203125 -0.139938354492188 0.0296077728271484 0.0268096923828125
0.141525268554688 -0.111770629882813 0.15460205078125 0.0758209228515625
0.101913452148438 -0.074066162109375 0.08758544921875 -0.18280029296875
0.100273132324219 -0.102653503417969 0.160430908203125 -0.137039184570313
0.0802841186523438 -0.116294860839844 0.140464782714844 -0.0963668823242188
0.01611328125 -0.125717163085938 0.1182861328125 -0.0912551879882813
-0.0376434326171875 -0.092926025390625 0.084808349609375 -0.0594024658203125
-0.0704116821289063 -0.0491104125976563 0.0748214721679688 -0.0194091796875
-0.0644111633300781 -0.0242462158203125 0.0939483642578125 0.00757598876953125
-0.0563430786132813 -0.0274734497070312 0.11492919921875 0.0446014404296875
-0.0653038024902344 -0.029205322265625 0.126884460449219 0.103729248046875
-0.0685386657714844 -0.0480117797851563 0.08831787109375 0.157669067382813
-0.044677734375 -0.0898895263671875 0.0459136962890625 0.17083740234375
-0.0109939575195313 -0.117195129394531 -0.0120925903320313 0.132041931152344
0.0712966918945313 -0.109474182128906 -0.0327911376953125 0.0721969604492188
0.103736877441406 -0.0986099243164063 0.0539283752441406 -0.000720977783203131
0.10797119140625 -0.0731277465820313 0.200302124023437 0.0499267578125
0.0361709594726563 -0.0342521667480469 0.0882415771484375 -0.209945678710938
0.0509147644042969 -0.0638809204101563 0.14056396484375 -0.156387329101563
0.0343780517578125 -0.0758895874023438 0.119606018066406 -0.0964279174804688
-0.0107498168945312 -0.0706787109375 0.115333557128906 -0.0785140991210938
-0.042510986328125 -0.0355644226074219 0.0944976806640625 -0.05377197265625
-0.0428619384765625 0.00725173950195313 0.0972213745117187 -0.0225067138671875
-0.0191516876220703 0.0138664245605469 0.113395690917969 -0.000236511230468749
-0.0129451751708984 0.00611209869384765 0.128082275390625 0.0398330688476563
-0.0190982818603516 0.00455093383789063 0.136909484863281 0.106246948242188
-0.031219482421875 -0.00741004943847657 0.094879150390625 0.166610717773438
-0.0252685546875 -0.0412445068359375 0.0457763671875 0.177352905273437
-0.0030670166015625 -0.0656929016113281 -0.0106201171875 0.136665344238281
0.0512046813964844 -0.0590438842773437 -0.0322303771972656 0.0688323974609375
0.0607795715332031 -0.0459136962890625 0.0662193298339844 -0.00958633422851563
0.0511627197265625 -0.0261077880859375 0.226287841796875 0.0378265380859375
0.060302734375 -0.00172805786132812 -0.196884155273438 -0.01275634765625
0.00686359405517578 -0.0160303115844727 -0.0413932800292969 -0.00223159790039063
0.00441360473632813 0.000587940216064453 0.0553512573242188 -0.0785064697265625
0.0130558013916016 -0.00785732269287109 0.0290679931640625 -0.165191650390625
0.00646018981933594 -0.0228538513183594 -0.036712646484375 -0.184539794921875
-0.0143280029296875 -0.0363540649414063 -0.118698120117187 -0.164657592773438
-0.0453910827636719 -0.0338401794433594 -0.15313720703125 -0.094757080078125
-0.0423316955566406 -0.0347785949707031 -0.127059936523437 -0.0248184204101563
-0.0333671569824219 -0.0447463989257812 -0.109603881835938 0.0298538208007812
-0.0110740661621094 -0.0500144958496094 -0.111923217773438 0.052764892578125
0.0171680450439453 -0.0343265533447266 -0.102325439453125 0.083740234375
0.0300445556640625 -0.00364875793457031 -0.10455322265625 0.088134765625
0.00449371337890625 0.0275993347167969 -0.130043029785156 0.106697082519531
-0.00510025024414062 0.0145549774169922 -0.11572265625 0.167739868164063
0.0263175964355469 0.0106945037841797 -0.07830810546875 0.215438842773438
0.127777099609375 -0.0472869873046875 -0.162185668945312 -0.027099609375
0.067779541015625 -0.066070556640625 -0.00503349304199218 -0.0194034576416016
0.052642822265625 -0.052978515625 0.0806045532226563 -0.08831787109375
0.033599853515625 -0.06719970703125 0.0487823486328125 -0.17132568359375
0.00360107421874999 -0.0754928588867187 -0.017486572265625 -0.179931640625
-0.0413665771484375 -0.0801773071289063 -0.0976104736328125 -0.152297973632813
-0.0844268798828125 -0.063140869140625 -0.125518798828125 -0.0821304321289063
-0.081817626953125 -0.0593032836914062 -0.0983810424804688 -0.01043701171875
-0.0814743041992188 -0.0687179565429687 -0.0803375244140625 0.0488967895507812
-0.0570526123046875 -0.0847244262695313 -0.0914535522460938 0.07855224609375
-0.0111083984375 -0.0860748291015625 -0.0860366821289063 0.107948303222656
0.0210762023925781 -0.065093994140625 -0.0929718017578125 0.102775573730469
0.0355491638183594 -0.0291213989257813 -0.106864929199219 0.115982055664062
0.0419120788574219 -0.0403518676757813 -0.08160400390625 0.16595458984375
0.0763397216796875 -0.0427780151367188 -0.0445709228515625 0.213958740234375
0.178268432617188 -0.08203125 -0.105934143066406 -0.051055908203125
0.122314453125 -0.104354858398438 0.0479774475097656 -0.0376167297363281
0.098968505859375 -0.10052490234375 0.114921569824219 -0.095245361328125
0.0528030395507813 -0.120750427246094 0.075347900390625 -0.170761108398438
0.0024261474609375 -0.121002197265625 0.0063629150390625 -0.16644287109375
-0.0615386962890625 -0.115257263183594 -0.0668411254882813 -0.129806518554687
-0.109504699707031 -0.0841064453125 -0.083648681640625 -0.0634841918945313
-0.108917236328125 -0.0752029418945313 -0.0546379089355469 0.00584030151367186
-0.116615295410156 -0.0807037353515625 -0.0363693237304688 0.0671615600585938
-0.0969772338867188 -0.101600646972656 -0.0553436279296875 0.104652404785156
-0.0443191528320313 -0.121414184570313 -0.0577468872070313 0.132789611816406
-0.00197601318359376 -0.11541748046875 -0.0754470825195313 0.11993408203125
0.0501556396484375 -0.0865707397460938 -0.0854110717773438 0.1220703125
0.0761489868164063 -0.0956954956054688 -0.0488128662109375 0.149322509765625
0.113792419433594 -0.09271240234375 0.00366210937500002 0.1954345703125
0.19964599609375 -0.107666015625 -0.04254150390625 -0.080535888671875
0.152984619140625 -0.131393432617188 0.103462219238281 -0.0611572265625
0.127754211425781 -0.139503479003906 0.145172119140625 -0.102249145507813
0.0604095458984375 -0.16339111328125 0.09735107421875 -0.164382934570312
-0.00598144531249999 -0.15179443359375 0.0279693603515625 -0.144271850585938
-0.0796051025390625 -0.131233215332031 -0.0326309204101563 -0.09844970703125
-0.12322998046875 -0.0881881713867187 -0.0361518859863281 -0.0388412475585938
-0.121879577636719 -0.0781173706054687 -0.00374603271484376 0.0213623046875
-0.135368347167969 -0.0781326293945313 0.01739501953125 0.08154296875
-0.124519348144531 -0.100578308105469 -0.00627899169921876 0.126350402832031
-0.0747756958007812 -0.136978149414063 -0.0176239013671875 0.152175903320313
-0.02880859375 -0.149154663085938 -0.0507583618164062 0.134727478027344
0.05340576171875 -0.135719299316406 -0.0650711059570313 0.122520446777344
0.095855712890625 -0.14215087890625 -0.01763916015625 0.115707397460937
0.136970520019531 -0.127983093261719 0.0589599609375 0.160064697265625
0.188186645507812 -0.115310668945313 0.0171051025390625 -0.11572265625
0.155807495117188 -0.14019775390625 0.14599609375 -0.088104248046875
0.131759643554688 -0.15521240234375 0.162857055664063 -0.104690551757813
0.054901123046875 -0.177322387695312 0.114471435546875 -0.145217895507813
-0.0183563232421875 -0.156784057617188 0.0514373779296875 -0.114273071289063
-0.0870895385742188 -0.122764587402344 0.00768280029296874 -0.0652503967285156
-0.118240356445313 -0.078094482421875 0.0162038803100586 -0.0161962509155273
-0.114730834960938 -0.0689468383789063 0.0472869873046875 0.0335464477539062
-0.128684997558594 -0.0676498413085938 0.0684356689453125 0.0898971557617187
-0.126136779785156 -0.0899505615234375 0.0403366088867187 0.139808654785156
-0.0833740234375 -0.134567260742188 0.0185089111328125 0.162353515625
-0.0405426025390625 -0.160354614257813 -0.0296630859375 0.139289855957031
0.0572052001953125 -0.15777587890625 -0.0500335693359375 0.109199523925781
0.10919189453125 -0.1593017578125 0.008697509765625 0.0712127685546875
0.14453125 -0.136474609375 0.114768981933594 0.115737915039062
0.149307250976563 -0.106231689453125 0.0601806640625 -0.15191650390625
0.131919860839844 -0.13116455078125 0.1651611328125 -0.116317749023438
0.111465454101563 -0.147171020507813 0.161911010742188 -0.105087280273438
0.035491943359375 -0.162826538085938 0.122474670410156 -0.121635437011719
-0.0322952270507813 -0.132804870605469 0.0718307495117188 -0.0857620239257813
-0.083953857421875 -0.09051513671875 0.0464897155761719 -0.0390281677246094
-0.09637451171875 -0.0523834228515625 0.0622024536132813 -0.00178909301757813
-0.090118408203125 -0.04888916015625 0.0901641845703125 0.0403213500976563
-0.102027893066406 -0.0494918823242188 0.110610961914063 0.0961761474609375
-0.103309631347656 -0.0694427490234375 0.0780181884765625 0.15008544921875
-0.0712966918945313 -0.116111755371094 0.0445098876953125 0.168609619140625
-0.0331573486328125 -0.147048950195313 -0.0141143798828125 0.138931274414063
0.06396484375 -0.148773193359375 -0.0391006469726563 0.0908966064453125
0.110580444335938 -0.144149780273438 0.0336074829101563 0.0277614593505859
0.132720947265625 -0.117240905761719 0.166610717773438 0.075592041015625
0.0923919677734375 -0.0793914794921875 0.08062744140625 -0.186630249023438
0.0902099609375 -0.105842590332031 0.160888671875 -0.142776489257813
0.07244873046875 -0.121231079101562 0.144760131835938 -0.104949951171875
0.0073394775390625 -0.123397827148438 0.12152099609375 -0.100143432617188
-0.0440521240234375 -0.0861663818359375 0.08697509765625 -0.0664825439453125
-0.0687828063964844 -0.0403671264648437 0.0790023803710938 -0.0272674560546875
-0.0597343444824219 -0.0171661376953125 0.0963363647460938 0.0015716552734375
-0.0523948669433594 -0.0207633972167969 0.118743896484375 0.04071044921875
-0.0597496032714844 -0.02264404296875 0.136314392089844 0.101066589355469
-0.0672073364257812 -0.0388336181640625 0.09930419921875 0.159774780273438
-0.048431396484375 -0.0812606811523438 0.0564422607421875 0.17462158203125
-0.0183792114257813 -0.112342834472656 -0.00494384765625001 0.138839721679688
0.0625686645507813 -0.11083984375 -0.0308837890625 0.0774078369140625
0.0933914184570313 -0.101860046386719 0.0550956726074219 -0.00151443481445313
0.09832763671875 -0.0780487060546875 0.208755493164063 0.04693603515625
0.0276145935058594 -0.0370445251464844 0.0771484375 -0.21295166015625
0.04193115234375 -0.06640625 0.138626098632813 -0.16180419921875
0.0259552001953125 -0.0790023803710937 0.123069763183594 -0.10382080078125
-0.0194282531738281 -0.0674209594726563 0.117774963378906 -0.0883331298828125
-0.0461196899414063 -0.0267066955566406 0.0948638916015625 -0.0625686645507813
-0.0379142761230469 0.0158615112304688 0.097625732421875 -0.0323104858398438
-0.011932373046875 0.0195369720458984 0.11175537109375 -0.007843017578125
-0.00714492797851562 0.0104560852050781 0.129119873046875 0.03411865234375
-0.0117921829223633 0.0092010498046875 0.144210815429688 0.102737426757813
-0.0259609222412109 5.72204589843723E-05 0.10400390625 0.166473388671875
-0.0263442993164063 -0.0331535339355469 0.0556488037109375 0.180526733398438
-0.00823593139648438 -0.0605583190917969 -0.00450134277343749 0.141754150390625
0.0448837280273438 -0.05853271484375 -0.0311965942382812 0.0742263793945313
0.0522384643554688 -0.0467567443847656 0.0648078918457031 -0.009552001953125
0.0425987243652344 -0.0279312133789063 0.231414794921875 0.0345306396484375
0.070953369140625 -0.00604248046875 -0.202621459960938 -0.00697326660156249
0.0112667083740234 -0.0208377838134766 -0.0385704040527344 -0.00446319580078125
0.00831222534179688 -0.00516271591186523 0.0553054809570313 -0.0894088745117188
0.0131454467773438 -0.0151739120483398 0.020660400390625 -0.174346923828125
0.00283241271972656 -0.0290546417236328 -0.0473785400390625 -0.187286376953125
-0.0236434936523438 -0.0401611328125 -0.130111694335938 -0.160781860351563
-0.0560379028320312 -0.0336074829101563 -0.158966064453125 -0.08758544921875
-0.0521812438964844 -0.0352401733398438 -0.128059387207031 -0.0169219970703125
-0.0457534790039063 -0.0482368469238281 -0.104942321777344 0.0395355224609375
-0.0181999206542969 -0.0577011108398438 -0.108558654785156 0.0660781860351563
0.0160675048828125 -0.0432586669921875 -0.099517822265625 0.0985031127929688
0.0350799560546875 -0.0115623474121094 -0.104896545410156 0.101051330566406
0.015625 0.0281009674072266 -0.131721496582031 0.119819641113281
0.00494956970214844 0.0181770324707031 -0.110595703125 0.17657470703125
0.0363883972167969 0.011810302734375 -0.0625457763671875 0.223983764648437
0.135154724121094 -0.056243896484375 -0.165145874023438 -0.0233154296875
0.069244384765625 -0.0741195678710938 -0.000209808349609368 -0.0241603851318359
0.0528755187988281 -0.0623855590820313 0.0828704833984375 -0.101249694824219
0.0291595458984375 -0.07537841796875 0.0435638427734375 -0.181991577148437
-0.00292968749999999 -0.0807876586914063 -0.024810791015625 -0.184356689453125
-0.0529098510742188 -0.0821075439453125 -0.10418701171875 -0.150390625
-0.0955123901367188 -0.0604782104492188 -0.128105163574219 -0.07708740234375
-0.0929946899414063 -0.056793212890625 -0.094757080078125 -0.00399017333984376
-0.0944290161132813 -0.0684738159179687 -0.0719223022460938 0.0578536987304688
-0.0663986206054688 -0.0887298583984375 -0.0836944580078125 0.0930328369140625
-0.0152053833007813 -0.0939788818359375 -0.0795059204101562 0.123504638671875
0.0219650268554688 -0.0730514526367188 -0.090118408203125 0.11676025390625
0.0426368713378906 -0.0310745239257813 -0.104423522949219 0.128562927246094
0.04901123046875 -0.0398101806640625 -0.0732421875 0.173599243164063
0.0833587646484375 -0.0447998046875 -0.0246124267578125 0.22271728515625
0.181594848632812 -0.0940399169921875 -0.107200622558594 -0.0497512817382812
0.120155334472656 -0.114883422851563 0.0557632446289063 -0.0464401245117188
0.0965576171875 -0.112373352050781 0.119377136230469 -0.110725402832031
0.04571533203125 -0.129814147949219 0.072540283203125 -0.183975219726563
-0.00670623779296875 -0.125495910644531 0.00183105468750001 -0.17230224609375
-0.0730819702148438 -0.115394592285156 -0.069183349609375 -0.129707336425781
-0.120758056640625 -0.0791244506835937 -0.0819549560546875 -0.0605239868164063
-0.119117736816406 -0.0706100463867188 -0.0479049682617188 0.00931549072265624
-0.127944946289063 -0.0771713256835938 -0.0234298706054688 0.073944091796875
-0.106735229492188 -0.100448608398438 -0.0428009033203125 0.118019104003906
-0.0518417358398438 -0.124954223632813 -0.046417236328125 0.147613525390625
-0.00509643554687501 -0.121841430664063 -0.0695266723632813 0.134422302246094
0.052947998046875 -0.0906448364257813 -0.0807723999023438 0.134254455566406
0.0778884887695313 -0.0979232788085938 -0.0377044677734375 0.155471801757813
0.116714477539062 -0.09722900390625 0.02593994140625 0.202224731445313
0.198516845703125 -0.120742797851563 -0.0427093505859375 -0.0826187133789063
0.148330688476563 -0.142471313476563 0.111404418945313 -0.0725021362304688
0.1224365234375 -0.152481079101563 0.152374267578125 -0.119842529296875
0.051177978515625 -0.170623779296875 0.0968475341796875 -0.178619384765625
-0.01727294921875 -0.154190063476563 0.0258026123046875 -0.151992797851563
-0.0895462036132813 -0.128974914550781 -0.03082275390625 -0.101242065429688
-0.131881713867188 -0.0823974609375 -0.0309677124023438 -0.03875732421875
-0.129898071289063 -0.0706024169921875 0.00542068481445312 0.0222492218017578
-0.143447875976563 -0.0721435546875 0.0333404541015625 0.0847396850585938
-0.133506774902344 -0.0952682495117188 0.00989532470703125 0.137222290039063
-0.083251953125 -0.135940551757813 -0.00263977050781249 0.165328979492188
-0.036651611328125 -0.151748657226562 -0.041778564453125 0.148910522460938
0.050445556640625 -0.140655517578125 -0.0585098266601562 0.134025573730469
0.0926666259765625 -0.147140502929688 -0.00673675537109373 0.120361328125
0.134712219238281 -0.135185241699219 0.0811767578125 0.163650512695313
0.182662963867188 -0.1270751953125 0.0158767700195313 -0.119819641113281
0.147552490234375 -0.1494140625 0.1541748046875 -0.100875854492188
0.125106811523438 -0.166732788085938 0.17083740234375 -0.121871948242188
0.0442047119140625 -0.182952880859375 0.11676025390625 -0.160049438476562
-0.028472900390625 -0.155563354492188 0.0522232055664063 -0.123291015625
-0.094268798828125 -0.118156433105469 0.0118637084960937 -0.0703353881835938
-0.122215270996094 -0.0701446533203125 0.0224437713623047 -0.0193424224853516
-0.118614196777344 -0.0612945556640625 0.0572013854980469 0.0314292907714844
-0.132827758789063 -0.0603713989257813 0.086334228515625 0.0904083251953125
-0.131156921386719 -0.0810775756835938 0.0586700439453125 0.147628784179688
-0.0921401977539062 -0.130447387695313 0.0356903076171875 0.172760009765625
-0.0503997802734375 -0.159133911132813 -0.0186767578125 0.151885986328125
0.05047607421875 -0.162445068359375 -0.0430831909179688 0.119636535644531
0.100814819335938 -0.166152954101563 0.0178146362304688 0.0734786987304687
0.137710571289063 -0.145065307617187 0.135330200195312 0.116401672363281
0.141433715820313 -0.115280151367188 0.0562286376953125 -0.157211303710938
0.121635437011719 -0.137367248535156 0.171142578125 -0.128555297851563
0.103439331054688 -0.156417846679687 0.168853759765625 -0.121231079101563
0.0252532958984375 -0.164505004882813 0.125267028808594 -0.136062622070313
-0.0408477783203125 -0.128562927246094 0.0736312866210938 -0.0956039428710938
-0.0868072509765625 -0.0836715698242188 0.0518302917480469 -0.046844482421875
-0.0956497192382813 -0.04498291015625 0.0680770874023438 -0.00682830810546875
-0.09014892578125 -0.0416412353515625 0.0998687744140625 0.03619384765625
-0.100807189941406 -0.0419387817382812 0.127647399902344 0.0940628051757813
-0.104667663574219 -0.0603179931640625 0.0962677001953125 0.155014038085938
-0.0777435302734375 -0.108970642089844 0.0616912841796875 0.176422119140625
-0.04388427734375 -0.143936157226563 -0.00242614746093749 0.149139404296875
0.05462646484375 -0.151641845703125 -0.0324249267578125 0.100067138671875
0.0999755859375 -0.151153564453125 0.0396842956542969 0.0280265808105469
0.123458862304688 -0.125175476074219 0.184280395507813 0.0731964111328125
0.0830230712890625 -0.0851821899414063 0.072906494140625 -0.192947387695312
0.0792083740234375 -0.109992980957031 0.163040161132813 -0.153778076171875
0.062652587890625 -0.127029418945313 0.151275634765625 -0.11907958984375
-0.00260925292968751 -0.1217041015625 0.125007629394531 -0.114036560058594
-0.0496902465820313 -0.0780792236328125 0.0881576538085937 -0.07794189453125
-0.0658073425292969 -0.0317001342773437 0.0826568603515625 -0.03729248046875
-0.0535926818847656 -0.0101432800292969 0.100044250488281 -0.00592803955078125
-0.048004150390625 -0.014617919921875 0.126792907714844 0.0348587036132812
-0.0550308227539063 -0.0167579650878906 0.151931762695313 0.0956268310546875
-0.0637893676757813 -0.0301094055175781 0.115982055664063 0.161697387695313
-0.05194091796875 -0.072784423828125 0.0729827880859375 0.180465698242187
-0.0265731811523438 -0.106788635253906 0.00573730468749999 0.147201538085938
0.0536117553710938 -0.113166809082031 -0.0265350341796875 0.0851974487304688
0.0821762084960938 -0.106338500976563 0.0581512451171875 -0.00206375122070313
0.088226318359375 -0.083740234375 0.223648071289063 0.0418243408203125
0.0184898376464844 -0.03985595703125 0.0650177001953125 -0.21954345703125
0.0309791564941406 -0.0684547424316406 0.135589599609375 -0.171707153320313
0.01605224609375 -0.082183837890625 0.126617431640625 -0.1158447265625
-0.0279388427734375 -0.0614356994628906 0.12054443359375 -0.101646423339844
-0.0494270324707031 -0.0159416198730469 0.0952682495117188 -0.0751495361328125
-0.0309791564941406 0.024871826171875 0.0980072021484375 -0.0448760986328125
-0.00184440612792969 0.0246753692626953 0.111991882324219 -0.0174331665039062
0.000858306884765624 0.0146846771240234 0.132728576660156 0.0274429321289062
-0.00267314910888672 0.0132474899291992 0.155685424804688 0.0966033935546875
-0.0186347961425781 0.00729942321777344 0.118759155273438 0.167694091796875
-0.0258502960205078 -0.0249004364013672 0.069366455078125 0.18524169921875
-0.0135307312011719 -0.0548286437988281 0.00457763671874999 0.150100708007813
0.0381851196289062 -0.0578346252441406 -0.0285186767578125 0.081939697265625
0.0429496765136719 -0.0469589233398437 0.0636672973632813 -0.0102272033691406
0.0329036712646484 -0.0308284759521484 0.24346923828125 0.026885986328125
0.0828399658203125 -0.01483154296875 -0.209197998046875 0.00311279296874996
0.0155029296875 -0.0282230377197266 -0.0372390747070313 -0.00864028930664063
0.010528564453125 -0.0129594802856445 0.0507736206054687 -0.102386474609375
0.0105419158935547 -0.0237293243408203 0.0069732666015625 -0.18365478515625
-0.00439453125 -0.03515625 -0.06280517578125 -0.18841552734375
-0.0365524291992188 -0.0423812866210938 -0.144760131835938 -0.153244018554687
-0.0692863464355469 -0.0291099548339844 -0.167999267578125 -0.0760955810546875
-0.0650367736816406 -0.0313529968261719 -0.1270751953125 -0.00655364990234377
-0.0615615844726563 -0.0478057861328125 -0.0980987548828125 0.0508193969726562
-0.0308418273925781 -0.06378173828125 -0.101463317871094 0.0827713012695312
0.0118026733398438 -0.0544357299804687 -0.0920639038085938 0.115509033203125
0.0384445190429687 -0.0225830078125 -0.100349426269531 0.118087768554688
0.0280418395996094 0.0249576568603516 -0.128013610839844 0.137077331542969
0.0182151794433594 0.0190773010253906 -0.100967407226563 0.188385009765625
0.049041748046875 0.0103874206542969 -0.040771484375 0.231124877929688
0.141448974609375 -0.070587158203125 -0.168441772460938 -0.01611328125
0.0678024291992188 -0.0857315063476563 0.00356483459472657 -0.0318336486816406
0.050018310546875 -0.0743637084960938 0.0802078247070313 -0.117752075195313
0.0214920043945312 -0.0844497680664063 0.0315399169921875 -0.19451904296875
-0.0145721435546875 -0.0857925415039063 -0.037689208984375 -0.188125610351562
-0.067718505859375 -0.0818328857421875 -0.113632202148437 -0.145843505859375
-0.109977722167969 -0.0525665283203125 -0.13140869140625 -0.0692825317382813
-0.106170654296875 -0.0497207641601562 -0.089630126953125 0.00305938720703123
-0.110519409179688 -0.0640792846679687 -0.058929443359375 0.0662117004394531
-0.080902099609375 -0.0903472900390625 -0.0705947875976563 0.10833740234375
-0.0233917236328125 -0.102279663085938 -0.0657882690429688 0.140335083007813
0.0201950073242187 -0.0836868286132813 -0.08160400390625 0.134147644042969
0.0512809753417969 -0.0366592407226563 -0.0975799560546875 0.144317626953125
0.0568580627441406 -0.0424995422363281 -0.0599212646484375 0.18206787109375
0.091156005859375 -0.049896240234375 0.0020294189453125 0.22698974609375
0.182754516601563 -0.111129760742188 -0.109024047851562 -0.0475311279296875
0.114372253417969 -0.128517150878906 0.0603981018066406 -0.0596046447753906
0.0894088745117188 -0.1273193359375 0.119392395019531 -0.131622314453125
0.034088134765625 -0.139015197753906 0.063140869140625 -0.199142456054688
-0.020538330078125 -0.128555297851563 -0.00747680664062502 -0.179061889648438
-0.0887298583984375 -0.112281799316406 -0.0741043090820313 -0.129753112792969
-0.133941650390625 -0.0697174072265625 -0.08172607421875 -0.0576858520507813
-0.131179809570313 -0.0609130859375 -0.0390052795410156 0.0125160217285156
-0.141815185546875 -0.0689697265625 -0.00617218017578127 0.0780792236328125
-0.120857238769531 -0.0970687866210938 -0.0235671997070313 0.130706787109375
-0.0627365112304688 -0.1280517578125 -0.0274200439453125 0.163101196289063
-0.0124664306640625 -0.128044128417969 -0.056396484375 0.15093994140625
0.0547332763671875 -0.0974349975585937 -0.07073974609375 0.149246215820313
0.07940673828125 -0.103782653808594 -0.022857666015625 0.160308837890625
0.117561340332031 -0.105499267578125 0.054534912109375 0.203094482421875
0.193740844726563 -0.136947631835938 -0.0441741943359375 -0.0841751098632813
0.137710571289063 -0.155776977539063 0.117057800292969 -0.090087890625
0.112197875976563 -0.167007446289063 0.153549194335938 -0.143218994140625
0.036956787109375 -0.17822265625 0.0904388427734375 -0.19696044921875
-0.0315093994140625 -0.15411376953125 0.0203857421875 -0.161117553710938
-0.102737426757813 -0.123710632324219 -0.031585693359375 -0.104759216308594
-0.14105224609375 -0.071533203125 -0.02655029296875 -0.0399703979492188
-0.138336181640625 -0.0596389770507812 0.0167598724365234 0.0209217071533203
-0.15338134765625 -0.061126708984375 0.0543670654296875 0.08355712890625
-0.143417358398438 -0.0862884521484375 0.033538818359375 0.14544677734375
-0.0949935913085938 -0.133308410644531 0.02099609375 0.176971435546875
-0.048187255859375 -0.152359008789063 -0.0245513916015625 0.163299560546875
0.044281005859375 -0.14654541015625 -0.0459747314453125 0.146026611328125
0.086334228515625 -0.154129028320313 0.00862121582031252 0.123252868652344
0.12896728515625 -0.14459228515625 0.10968017578125 0.16180419921875
0.174041748046875 -0.140777587890625 0.0126953125 -0.125572204589844
0.135116577148438 -0.160385131835938 0.158370971679688 -0.120147705078125
0.112335205078125 -0.179428100585937 0.17303466796875 -0.146209716796875
0.0299072265625 -0.187530517578125 0.113143920898438 -0.179611206054688
-0.041473388671875 -0.152206420898438 0.0497894287109375 -0.134780883789063
-0.102714538574219 -0.111122131347656 0.0144119262695312 -0.0779342651367188
-0.126754760742188 -0.0599136352539063 0.0285511016845703 -0.0250320434570313
-0.122383117675781 -0.0502471923828125 0.0698051452636719 0.0254478454589844
-0.137466430664063 -0.0496368408203125 0.107940673828125 0.084075927734375
-0.136337280273438 -0.0700225830078125 0.084259033203125 0.150604248046875
-0.102188110351562 -0.121788024902344 0.06103515625 0.179901123046875
-0.0635986328125 -0.154647827148438 0.000259399414062479 0.1640625
0.0388946533203125 -0.167007446289063 -0.0303802490234375 0.130851745605469
0.0880126953125 -0.17364501953125 0.0296707153320313 0.0736312866210937
0.127532958984375 -0.154693603515625 0.161224365234375 0.110382080078125
0.129531860351562 -0.124809265136719 0.049713134765625 -0.164169311523438
0.107406616210938 -0.144424438476563 0.173248291015625 -0.147506713867188
0.0889892578125 -0.165817260742187 0.171661376953125 -0.144302368164063
0.011932373046875 -0.164764404296875 0.12445068359375 -0.155197143554688
-0.0501022338867188 -0.121055603027344 0.0724868774414062 -0.109062194824219
-0.0893707275390625 -0.0749740600585938 0.0545463562011719 -0.0576858520507813
-0.09320068359375 -0.0359725952148437 0.073822021484375 -0.0156784057617188
-0.0881118774414063 -0.0325851440429688 0.111595153808594 0.0269088745117187
-0.0993499755859375 -0.0330810546875 0.148193359375 0.0841522216796875
-0.10455322265625 -0.048614501953125 0.121185302734375 0.153976440429687
-0.0849685668945312 -0.0981674194335938 0.0870513916015625 0.17987060546875
-0.0555877685546875 -0.136795043945313 0.0156707763671875 0.159271240234375
0.0411529541015625 -0.15478515625 -0.0221481323242187 0.109291076660156
0.0843658447265625 -0.156723022460938 0.0472946166992188 0.027099609375
0.110511779785156 -0.133979797363281 0.206512451171875 0.063446044921875
0.0696487426757813 -0.0901641845703125 0.0609588623046875 -0.199569702148438
0.0643310546875 -0.113609313964844 0.1612548828125 -0.170166015625
0.0474090576171875 -0.131683349609375 0.152435302734375 -0.138641357421875
-0.0144119262695313 -0.11737060546875 0.124069213867188 -0.132415771484375
-0.0554084777832031 -0.066619873046875 0.0871734619140625 -0.0926437377929688
-0.061798095703125 -0.0223731994628906 0.0838775634765625 -0.0504531860351563
-0.04547119140625 -0.00408554077148438 0.103012084960938 -0.0167922973632813
-0.0411224365234375 -0.00845336914062501 0.134910583496094 0.0237655639648438
-0.0474739074707031 -0.010711669921875 0.16973876953125 0.0839385986328125
-0.0582008361816406 -0.0210609436035156 0.140380859375 0.1588134765625
-0.0537986755371094 -0.062103271484375 0.09649658203125 0.181686401367188
-0.03564453125 -0.098541259765625 0.0227813720703125 0.1556396484375
0.0418014526367187 -0.113601684570313 -0.0178985595703125 0.0934600830078125
0.067230224609375 -0.109298706054687 0.0614013671875 -0.00379943847656251
0.0744247436523438 -0.0886917114257813 0.2412109375 0.0283660888671875
0.00625228881835938 -0.0401573181152344 0.0478515625 -0.225509643554687
0.016693115234375 -0.069244384765625 0.12994384765625 -0.1849365234375
0.0015716552734375 -0.08233642578125 0.126075744628906 -0.133056640625
-0.0376052856445312 -0.0529060363769531 0.119636535644531 -0.119644165039063
-0.0498046875 -0.00178909301757813 0.0909500122070313 -0.091094970703125
-0.0204200744628906 0.0334835052490234 0.0946273803710938 -0.0598220825195313
0.0116519927978516 0.0270957946777344 0.109703063964844 -0.0280532836914063
0.0120611190795898 0.0169925689697266 0.137374877929688 0.017364501953125
0.0100269317626953 0.0146780014038086 0.169601440429688 0.0853729248046875
-0.00790596008300781 0.0131053924560547 0.139724731445313 0.164138793945313
-0.0229015350341797 -0.0148944854736328 0.090667724609375 0.185684204101562
-0.0164871215820312 -0.0461387634277344 0.0195159912109375 0.15716552734375
0.0301895141601563 -0.0552864074707031 -0.0221939086914063 0.0914230346679688
0.0308876037597656 -0.0448074340820313 0.0637283325195313 -0.0113449096679688
0.0211524963378906 -0.0304088592529297 0.25604248046875 0.012847900390625
0.0926895141601563 -0.0296173095703125 -0.210235595703125 0.01708984375
0.0172004699707031 -0.0372047424316406 -0.0367698669433594 -0.0126762390136719
0.00968170166015625 -0.0230922698974609 0.0401382446289062 -0.114082336425781
0.00451087951660156 -0.0329914093017578 -0.0120391845703125 -0.187469482421875
-0.0144386291503906 -0.0395851135253906 -0.0812225341796875 -0.182357788085938
-0.050750732421875 -0.039581298828125 -0.15716552734375 -0.139190673828125
-0.0818710327148437 -0.0193939208984375 -0.172286987304688 -0.0599365234375
-0.077178955078125 -0.0224685668945312 -0.12213134765625 0.00443267822265627
-0.0784683227539063 -0.0417098999023438 -0.0857009887695313 0.060302734375
-0.0469474792480469 -0.0652694702148438 -0.0862808227539063 0.0969161987304687
0.00212860107421875 -0.0651359558105469 -0.0753097534179687 0.130744934082031
0.0376014709472656 -0.0359687805175781 -0.0883636474609375 0.13360595703125
0.0410957336425781 0.0163192749023437 -0.117172241210938 0.153732299804688
0.0324573516845703 0.0145683288574219 -0.0853729248046875 0.1953125
0.0627593994140625 0.00391006469726563 -0.014495849609375 0.22930908203125
0.143173217773438 -0.0876312255859375 -0.167465209960938 -0.00711059570312504
0.0619888305664063 -0.0976791381835937 0.00420379638671875 -0.0415611267089844
0.0417022705078125 -0.08599853515625 0.0702438354492188 -0.133575439453125
0.00982666015625 -0.0921249389648438 0.013214111328125 -0.201751708984375
-0.0284805297851563 -0.0866317749023437 -0.0528564453125 -0.186065673828125
-0.0840682983398438 -0.0750656127929688 -0.122268676757813 -0.136985778808594
-0.12255859375 -0.0388107299804687 -0.131683349609375 -0.0592193603515625
-0.118034362792969 -0.0365753173828125 -0.0807723999023438 0.00891113281250001
-0.126235961914063 -0.0525131225585938 -0.041900634765625 0.0703964233398438
-0.097412109375 -0.0860671997070313 -0.0491104125976563 0.118629455566406
-0.0366363525390625 -0.107772827148438 -0.043701171875 0.152969360351563
0.0142593383789063 -0.09375 -0.065399169921875 0.148239135742187
0.0583915710449219 -0.0456008911132813 -0.08355712890625 0.1578369140625
0.0652580261230469 -0.0486717224121094 -0.0413970947265625 0.185226440429688
0.0975341796875 -0.057708740234375 0.0323944091796875 0.221847534179687
0.176666259765625 -0.128997802734375 -0.108421325683594 -0.0443801879882813
0.102767944335938 -0.140884399414063 0.0610427856445313 -0.0743560791015625
0.075775146484375 -0.139633178710938 0.109909057617188 -0.152511596679688
0.01788330078125 -0.144500732421875 0.0468902587890625 -0.211395263671875
-0.0364456176757813 -0.126541137695312 -0.0200347900390625 -0.1815185546875
-0.104209899902344 -0.103172302246094 -0.0785446166992187 -0.12701416015625
-0.143310546875 -0.0543975830078125 -0.0791397094726563 -0.0532455444335938
-0.139801025390625 -0.0458450317382813 -0.0279655456542969 0.0121440887451172
-0.154251098632813 -0.05450439453125 0.0145339965820312 0.0752487182617188
-0.13348388671875 -0.0877685546875 0.00241851806640625 0.136245727539063
-0.0758209228515625 -0.127273559570313 0.000106811523437496 0.171096801757812
-0.0227279663085938 -0.132369995117188 -0.0356597900390625 0.162857055664063
0.0538406372070312 -0.104965209960938 -0.05340576171875 0.159454345703125
0.0783843994140625 -0.109909057617187 -0.00332641601562498 0.160430908203125
0.114997863769531 -0.113105773925781 0.086334228515625 0.19384765625
0.1812744140625 -0.153518676757813 -0.0452957153320312 -0.0853424072265625
0.1224365234375 -0.166290283203125 0.116249084472656 -0.110305786132813
0.0940093994140625 -0.178207397460938 0.14434814453125 -0.167404174804688
0.0184173583984375 -0.180465698242187 0.0762786865234375 -0.21209716796875
-0.046630859375 -0.14862060546875 0.0102081298828125 -0.16790771484375
-0.115608215332031 -0.112274169921875 -0.0333786010742188 -0.108177185058594
-0.146377563476563 -0.0563201904296875 -0.0224990844726563 -0.0428352355957031
-0.142333984375 -0.0442657470703125 0.0292758941650391 0.0140953063964844
-0.15997314453125 -0.0452880859375 0.076080322265625 0.07354736328125
-0.15093994140625 -0.073394775390625 0.062652587890625 0.14404296875
-0.106498718261719 -0.124458312988281 0.051055908203125 0.179031372070313
-0.060516357421875 -0.148773193359375 6.79610185066526E-18 0.1715087890625
0.03582763671875 -0.149993896484375 -0.026336669921875 0.154449462890625
0.0760650634765625 -0.15911865234375 0.0257034301757813 0.119895935058594
0.117843627929688 -0.151901245117188 0.139114379882813 0.1473388671875
0.157623291015625 -0.152450561523438 0.00795745849609377 -0.129402160644531
0.116455078125 -0.166717529296875 0.1553955078125 -0.141952514648438
0.0929718017578125 -0.187088012695313 0.164703369140625 -0.171707153320313
0.01251220703125 -0.1859130859375 0.10137939453125 -0.197967529296875
-0.0533447265625 -0.142623901367188 0.0418243408203125 -0.145736694335937
-0.109642028808594 -0.0995712280273438 0.0136489868164062 -0.0861129760742187
-0.126785278320313 -0.0472946166992188 0.0325660705566406 -0.0329914093017578
-0.121711730957031 -0.0373687744140625 0.0807113647460937 0.014068603515625
-0.137306213378906 -0.0359878540039062 0.127944946289063 0.0684051513671875
-0.137115478515625 -0.0553054809570312 0.11322021484375 0.143417358398437
-0.110000610351563 -0.109107971191406 0.090911865234375 0.177566528320313
-0.0763397216796875 -0.145233154296875 0.025238037109375 0.16802978515625
0.0246429443359375 -0.166229248046875 -0.011627197265625 0.137298583984375
0.070770263671875 -0.175827026367188 0.0428428649902344 0.0692329406738281
0.110931396484375 -0.160232543945313 0.185836791992188 0.093231201171875
0.111534118652344 -0.131431579589844 0.039886474609375 -0.168960571289063
0.088165283203125 -0.145919799804688 0.166961669921875 -0.16754150390625
0.0694427490234375 -0.16937255859375 0.163787841796875 -0.167770385742187
-0.00373840332031251 -0.159286499023438 0.115310668945313 -0.174285888671875
-0.0573654174804687 -0.108680725097656 0.065277099609375 -0.12225341796875
-0.088623046875 -0.06396484375 0.0536308288574219 -0.0695266723632813
-0.087310791015625 -0.0280380249023437 0.076446533203125 -0.0264816284179688
-0.0822525024414063 -0.0233306884765625 0.120223999023438 0.0118331909179688
-0.0933151245117188 -0.0237960815429687 0.166000366210938 0.064453125
-0.099853515625 -0.0356369018554688 0.148757934570313 0.142669677734375
-0.0878753662109375 -0.0836410522460937 0.115509033203125 0.1729736328125
-0.0661239624023437 -0.123558044433594 0.0396575927734375 0.161087036132813
0.024871826171875 -0.151412963867188 -0.00612640380859376 0.114883422851562
0.0643463134765625 -0.156951904296875 0.0546302795410156 0.0224494934082031
0.09100341796875 -0.136962890625 0.224929809570313 0.0434417724609375
0.05230712890625 -0.09088134765625 0.045318603515625 -0.202499389648438
0.0461578369140625 -0.110786437988281 0.152725219726563 -0.186813354492188
0.0289688110351562 -0.129867553710938 0.145782470703125 -0.159317016601563
-0.025665283203125 -0.106712341308594 0.11651611328125 -0.15142822265625
-0.0554656982421875 -0.0523033142089844 0.0789108276367187 -0.107017517089844
-0.0532722473144531 -0.0136604309082031 0.0786895751953125 -0.0645065307617188
-0.0338687896728516 -0.000507354736328131 0.101943969726563 -0.029144287109375
-0.0307292938232422 -0.00565719604492188 0.139884948730469 0.0083465576171875
-0.0363349914550781 -0.00754165649414063 0.183349609375 0.0639801025390625
-0.0481834411621094 -0.0133438110351563 0.164230346679688 0.144729614257813
-0.0518074035644531 -0.0488510131835938 0.121795654296875 0.17364501953125
-0.0420455932617188 -0.0855178833007813 0.0431976318359375 0.156097412109375
0.0280380249023437 -0.108428955078125 -0.00547027587890626 0.0997314453125
0.0492706298828125 -0.106544494628906 0.0633659362792969 -0.00702667236328126
0.0563507080078125 -0.0880279541015625 0.25341796875 0.00787353515625
-0.00718307495117188 -0.0362205505371094 0.0270843505859375 -0.22418212890625
0.000263214111328125 -0.0637931823730469 0.116561889648437 -0.195892333984375
-0.014801025390625 -0.0753097534179688 0.118377685546875 -0.149459838867188
-0.0443611145019531 -0.039093017578125 0.110511779785156 -0.138282775878906
-0.044158935546875 0.0127830505371094 0.0804519653320313 -0.105873107910156
-0.00615692138671875 0.0387458801269531 0.0841445922851563 -0.0738143920898438
0.0266780853271484 0.0244674682617188 0.103134155273437 -0.0395050048828125
0.0252399444580078 0.0143718719482422 0.137229919433594 0.0034942626953125
0.0236625671386719 0.0112018585205078 0.179595947265625 0.0671539306640625
0.00573348999023438 0.0159320831298828 0.160781860351563 0.150970458984375
-0.0153083801269531 -0.00481033325195313 0.113616943359375 0.178268432617188
-0.0177059173583984 -0.0348548889160156 0.0389862060546875 0.158737182617188
0.0218849182128906 -0.0497283935546875 -0.011993408203125 0.0984344482421875
0.0189361572265625 -0.037689208984375 0.0626869201660156 -0.0124015808105469
0.00777626037597656 -0.0247402191162109 0.263015747070313 -0.0078277587890625
0.0984573364257813 -0.0462188720703125 -0.206207275390625 0.0281829833984375
0.0159721374511719 -0.0473747253417969 -0.0380516052246094 -0.0174522399902344
0.00603294372558594 -0.0324211120605469 0.026824951171875 -0.1204833984375
-0.0050811767578125 -0.0394287109375 -0.0303802490234375 -0.184341430664063
-0.0261192321777344 -0.0401802062988281 -0.0940399169921875 -0.170700073242188
-0.0648612976074219 -0.0323219299316406 -0.162002563476563 -0.121231079101563
-0.0909576416015625 -0.00632476806640626 -0.16943359375 -0.0448760986328125
-0.0858230590820313 -0.0101776123046875 -0.113471984863281 0.0120162963867187
-0.0925750732421875 -0.02880859375 -0.07122802734375 0.0636520385742188
-0.0633277893066406 -0.0618362426757813 -0.0674514770507813 0.104293823242187
-0.0100250244140625 -0.0721435546875 -0.0559158325195313 0.138107299804687
0.0319557189941406 -0.0492591857910156 -0.0722503662109375 0.142898559570313
0.0504188537597656 0.00301361083984375 -0.101974487304687 0.163162231445313
0.0463104248046875 0.0047454833984375 -0.0709228515625 0.196334838867187
0.0746688842773438 -0.00601959228515625 0.00749206542968751 0.217254638671875
0.140396118164063 -0.103668212890625 -0.16217041015625 -0.0010223388671875
0.05364990234375 -0.106712341308594 0.00183105468750001 -0.0510711669921875
0.0310440063476563 -0.0945816040039063 0.0555877685546875 -0.144332885742188
-0.00405120849609375 -0.0951766967773438 -0.0042877197265625 -0.20159912109375
-0.0420455932617187 -0.0825119018554688 -0.0648040771484375 -0.178939819335938
-0.0974655151367188 -0.0634613037109375 -0.125762939453125 -0.125984191894531
-0.129066467285156 -0.0227279663085938 -0.12750244140625 -0.0505828857421875
-0.124008178710937 -0.0210647583007812 -0.069976806640625 0.00981521606445311
-0.136619567871094 -0.0372390747070313 -0.0240440368652344 0.0665931701660156
-0.110679626464844 -0.0774002075195313 -0.0257720947265625 0.120590209960938
-0.0498580932617187 -0.109336853027344 -0.0194091796875 0.15655517578125
0.00595855712890626 -0.102149963378906 -0.045440673828125 0.15478515625
0.0628128051757813 -0.0571861267089844 -0.066192626953125 0.163482666015625
0.0715408325195313 -0.0570755004882813 -0.0246429443359375 0.180816650390625
0.102203369140625 -0.0653076171875 0.0561981201171875 0.2052001953125
0.166473388671875 -0.142044067382812 -0.104904174804687 -0.042327880859375
0.087799072265625 -0.147323608398438 0.0563278198242188 -0.0894546508789063
0.0593109130859375 -0.146133422851563 0.0946502685546875 -0.166946411132813
0.00167846679687501 -0.144332885742188 0.0294647216796875 -0.215667724609375
-0.0500259399414063 -0.118537902832031 -0.0308380126953125 -0.179580688476563
-0.115364074707031 -0.089019775390625 -0.0806961059570313 -0.12298583984375
-0.14776611328125 -0.03717041015625 -0.0743789672851563 -0.0518798828125
-0.142547607421875 -0.03009033203125 -0.0169515609741211 0.00724601745605468
-0.1597900390625 -0.0373382568359375 0.0327911376953125 0.0649757385253906
-0.141998291015625 -0.074951171875 0.0290451049804687 0.13116455078125
-0.087310791015625 -0.122039794921875 0.0272674560546875 0.16864013671875
-0.0320281982421875 -0.132919311523438 -0.0121612548828125 0.165664672851562
0.05206298828125 -0.111335754394531 -0.0340576171875 0.162857055664063
0.0766830444335938 -0.114540100097656 0.0131683349609375 0.1524658203125
0.112007141113281 -0.118255615234375 0.110885620117188 0.17315673828125
0.166015625 -0.161361694335937 -0.0452117919921875 -0.0867996215820313
0.103378295898437 -0.168960571289063 0.109214782714844 -0.12744140625
0.075042724609375 -0.180709838867188 0.128143310546875 -0.186248779296875
0.00154113769531251 -0.17620849609375 0.059051513671875 -0.220748901367188
-0.0582199096679688 -0.137039184570313 0.000213623046875009 -0.170379638671875
-0.122261047363281 -0.097564697265625 -0.0351333618164063 -0.110313415527344
-0.145919799804688 -0.0412750244140625 -0.0187301635742188 -0.0479087829589844
-0.140541076660156 -0.0301513671875 0.0384407043457031 0.00311660766601562
-0.159576416015625 -0.0302886962890625 0.0927352905273437 0.056488037109375
-0.151992797851563 -0.0589447021484375 0.0896224975585937 0.131797790527344
-0.112602233886719 -0.113784790039062 0.0791778564453125 0.170379638671875
-0.068634033203125 -0.140762329101563 0.0254669189453125 0.169357299804688
0.028594970703125 -0.148971557617188 -0.00630187988281249 0.154510498046875
0.0665435791015625 -0.158187866210938 0.0405654907226562 0.110313415527344
0.1072998046875 -0.152420043945313 0.160903930664063 0.125167846679688
0.138626098632813 -0.155120849609375 0.00393676757812502 -0.131431579589844
0.09759521484375 -0.164108276367188 0.14581298828125 -0.159576416015625
0.07366943359375 -0.185989379882813 0.149581909179688 -0.191329956054688
-0.00178527832031251 -0.177932739257812 0.086029052734375 -0.20904541015625
-0.0603103637695313 -0.1298828125 0.032379150390625 -0.152313232421875
-0.110450744628906 -0.0868606567382813 0.0115966796875 -0.0935134887695312
-0.121429443359375 -0.0374908447265625 0.0348472595214844 -0.0418891906738281
-0.115562438964844 -0.0267562866210938 0.0870285034179687 -0.00128173828125
-0.131614685058594 -0.0249786376953125 0.141860961914063 0.0475006103515625
-0.132209777832031 -0.0428848266601562 0.137977600097656 0.126365661621094
-0.110488891601563 -0.0945968627929688 0.117462158203125 0.163055419921875
-0.0817642211914063 -0.131317138671875 0.04998779296875 0.162841796875
0.01373291015625 -0.159591674804687 0.00720977783203125 0.135932922363281
0.055145263671875 -0.170379638671875 0.0538749694824219 0.0606689453125
0.094268798828125 -0.157302856445313 0.202194213867187 0.070037841796875
0.0922622680664063 -0.127937316894531 0.0318756103515625 -0.168685913085938
0.0699920654296875 -0.13885498046875 0.156417846679688 -0.1826171875
0.0514373779296875 -0.1624755859375 0.151275634765625 -0.185104370117188
-0.0135498046875 -0.14739990234375 0.100936889648438 -0.187850952148437
-0.0576324462890625 -0.0950241088867188 0.0552139282226563 -0.13134765625
-0.08319091796875 -0.0544357299804688 0.0484619140625 -0.0795669555664063
-0.0784072875976563 -0.02276611328125 0.075958251953125 -0.0380630493164063
-0.0727920532226563 -0.0187911987304688 0.122642517089844 -0.00472259521484375
-0.0839309692382812 -0.0179443359375 0.174819946289063 0.041046142578125
-0.0895233154296875 -0.0269851684570312 0.169601440429687 0.1224365234375
-0.0842056274414063 -0.0693817138671875 0.138702392578125 0.157119750976563
-0.0693130493164063 -0.107284545898438 0.0618743896484375 0.153900146484375
0.01287841796875 -0.140823364257813 0.0105972290039062 0.114364624023438
0.045867919921875 -0.147689819335938 0.0612831115722656 0.0161666870117187
0.0726470947265625 -0.130699157714844 0.235702514648438 0.0206451416015625
0.0358200073242187 -0.0843429565429687 0.0325469970703125 -0.197509765625
0.0291900634765625 -0.101058959960937 0.139358520507813 -0.195465087890625
0.012603759765625 -0.118644714355469 0.134002685546875 -0.17352294921875
-0.0304489135742187 -0.0919418334960938 0.103378295898437 -0.164581298828125
-0.0498886108398437 -0.0386543273925781 0.067657470703125 -0.116683959960938
-0.0415725708007813 -0.00853347778320313 0.069580078125 -0.0747833251953125
-0.0212535858154297 -0.00308036804199219 0.096649169921875 -0.0393905639648438
-0.0185928344726563 -0.00647544860839844 0.138420104980469 -0.00669097900390625
-0.0241508483886719 -0.00906944274902344 0.188491821289063 0.041473388671875
-0.0345439910888672 -0.00956916809082032 0.180374145507813 0.124984741210938
-0.0439910888671875 -0.0369491577148437 0.14227294921875 0.157073974609375
-0.0412940979003906 -0.0697708129882813 0.0634307861328125 0.14947509765625
0.0172653198242188 -0.0976104736328125 0.00780487060546875 0.100212097167969
0.0334854125976562 -0.0951461791992188 0.0643806457519531 -0.010650634765625
0.0398712158203125 -0.0795974731445312 0.257095336914063 -0.0134124755859375
-0.0188274383544922 -0.0274658203125 0.00852966308593749 -0.21405029296875
-0.0130882263183594 -0.0521240234375 0.102813720703125 -0.19879150390625
-0.0280647277832031 -0.0615272521972656 0.1070556640625 -0.160903930664062
-0.0444374084472656 -0.0234413146972656 0.096832275390625 -0.150955200195313
-0.0330848693847656 0.0246524810791016 0.0656661987304688 -0.114959716796875
0.00996780395507813 0.0391006469726563 0.0703201293945313 -0.0820159912109375
0.0403709411621094 0.0160064697265625 0.0929718017578125 -0.0462112426757813
0.0371437072753906 0.0072174072265625 0.131889343261719 -0.00844573974609375
0.0364265441894531 0.0034027099609375 0.1807861328125 0.04852294921875
0.020233154296875 0.0127983093261719 0.173080444335938 0.131805419921875
-0.00351405143737793 0.00252747535705566 0.130523681640625 0.162628173828125
-0.0135250091552734 -0.0228710174560547 0.055419921875 0.151626586914063
0.015960693359375 -0.0393409729003906 -0.00090789794921875 0.100845336914063
0.008544921875 -0.0256252288818359 0.0614013671875 -0.0123329162597656
-0.00403404235839844 -0.014073371887207 0.2606201171875 -0.0264434814453125
0.101722717285156 -0.0626602172851563 -0.2010498046875 0.031402587890625
0.0129966735839844 -0.0577850341796875 -0.0416221618652344 -0.022003173828125
-0.000785827636718749 -0.0415802001953125 0.0151290893554687 -0.122390747070313
-0.0154991149902344 -0.0447959899902344 -0.04254150390625 -0.177215576171875
-0.0373916625976562 -0.0383224487304688 -0.0995330810546875 -0.159530639648438
-0.0763015747070313 -0.0228042602539062 -0.160552978515625 -0.109512329101563
-0.0975418090820313 0.00711059570312501 -0.163040161132813 -0.0359039306640625
-0.0921783447265625 0.00252532958984375 -0.104042053222656 0.0130691528320312
-0.102706909179688 -0.0156784057617188 -0.0579338073730469 0.0605354309082031
-0.0774917602539063 -0.055419921875 -0.0503158569335937 0.104240417480469
-0.0242080688476563 -0.076171875 -0.0384979248046875 0.138984680175781
0.0236434936523438 -0.0605545043945312 -0.0590667724609375 0.146286010742188
0.0562057495117188 -0.0123481750488281 -0.090789794921875 0.166915893554688
0.0563621520996094 -0.00817108154296875 -0.0617523193359375 0.192214965820312
0.0844879150390625 -0.0176544189453125 0.018890380859375 0.201614379882813
0.1373291015625 -0.115516662597656 -0.157119750976563 -0.00189208984375004
0.0456314086914062 -0.11334228515625 -0.00254058837890625 -0.0603408813476563
0.020904541015625 -0.0999679565429688 0.0435638427734375 -0.149185180664062
-0.016571044921875 -0.0959548950195312 -0.0169525146484375 -0.19744873046875
-0.052490234375 -0.0770797729492188 -0.0699615478515625 -0.171585083007813
-0.106559753417969 -0.0510711669921875 -0.123565673828125 -0.1197509765625
-0.1324462890625 -0.00794219970703126 -0.120521545410156 -0.0471954345703125
-0.126884460449219 -0.00811767578125 -0.0604248046875 0.00564956665039061
-0.143218994140625 -0.0222930908203125 -0.010345458984375 0.0577964782714844
-0.1212158203125 -0.0685958862304687 -0.00574493408203127 0.114646911621094
-0.0618133544921875 -0.109748840332031 0.0014190673828125 0.152603149414063
-0.00241088867187499 -0.108833312988281 -0.0286712646484375 0.154647827148438
0.0657157897949219 -0.0695533752441406 -0.05291748046875 0.164520263671875
0.0776138305664063 -0.06597900390625 -0.0144805908203125 0.17236328125
0.107696533203125 -0.0730056762695312 0.0703277587890625 0.185287475585938
0.158447265625 -0.14892578125 -0.100502014160156 -0.046173095703125
0.0766448974609375 -0.149139404296875 0.0501251220703125 -0.101249694824219
0.0463714599609375 -0.1475830078125 0.08123779296875 -0.175979614257813
-0.0106353759765625 -0.140373229980469 0.0169677734375 -0.21673583984375
-0.0585250854492188 -0.110305786132813 -0.036773681640625 -0.177154541015625
-0.1212158203125 -0.0760879516601562 -0.0794219970703125 -0.121421813964844
-0.147476196289063 -0.0239105224609375 -0.0683746337890625 -0.0538444519042969
-0.141769409179688 -0.017822265625 -0.00855255126953126 -0.00237512588500977
-0.160995483398437 -0.023956298828125 0.0461616516113281 0.0499610900878906
-0.146270751953125 -0.06524658203125 0.0497589111328125 0.119827270507813
-0.0948562622070312 -0.1181640625 0.0493316650390625 0.15972900390625
-0.0377120971679688 -0.133346557617188 0.00711059570312499 0.161590576171875
0.05218505859375 -0.117050170898438 -0.0186920166015625 0.160751342773438
0.0781707763671875 -0.118133544921875 0.0231781005859375 0.141891479492188
0.111564636230469 -0.120346069335937 0.1251220703125 0.15155029296875
0.153961181640625 -0.16204833984375 -0.0430526733398438 -0.0910263061523438
0.091094970703125 -0.164749145507812 0.101181030273438 -0.14093017578125
0.0614166259765625 -0.17767333984375 0.11456298828125 -0.196502685546875
-0.00849914550781251 -0.168533325195312 0.0471649169921875 -0.2247314453125
-0.0628814697265625 -0.126884460449219 -0.005828857421875 -0.172088623046875
-0.123321533203125 -0.0858917236328125 -0.03521728515625 -0.114013671875
-0.142059326171875 -0.0316162109375 -0.0143470764160156 -0.0545578002929687
-0.13568115234375 -0.0207977294921875 0.0441513061523437 -0.0101242065429688
-0.155715942382813 -0.0195159912109375 0.102531433105469 0.03656005859375
-0.149627685546875 -0.049774169921875 0.108551025390625 0.114456176757813
-0.114067077636719 -0.105796813964844 0.10009765625 0.155532836914063
-0.0718765258789063 -0.135025024414062 0.045074462890625 0.161758422851563
0.026092529296875 -0.14697265625 0.009521484375 0.149429321289063
0.0623321533203125 -0.154754638671875 0.0499343872070313 0.0989837646484375
0.102386474609375 -0.1488037109375 0.17333984375 0.101913452148438
0.125457763671875 -0.149627685546875 0.00388336181640626 -0.133155822753906
0.085052490234375 -0.154876708984375 0.137252807617188 -0.1717529296875
0.061126708984375 -0.17724609375 0.137115478515625 -0.201828002929688
-0.0080413818359375 -0.167770385742188 0.0738525390625 -0.215621948242188
-0.059722900390625 -0.119789123535156 0.0249481201171875 -0.1558837890625
-0.1065673828125 -0.0779953002929688 0.00946807861328124 -0.100486755371094
-0.114395141601563 -0.0318069458007813 0.0360260009765625 -0.0511093139648438
-0.107582092285156 -0.0225448608398437 0.0895462036132813 -0.0153579711914063
-0.123687744140625 -0.0193328857421875 0.147918701171875 0.0258026123046875
-0.124153137207031 -0.0359039306640625 0.15435791015625 0.105819702148438
-0.105491638183594 -0.0851669311523437 0.13543701171875 0.145919799804688
-0.0804443359375 -0.120269775390625 0.0680694580078125 0.153350830078125
0.00926208496093748 -0.150482177734375 0.0223312377929687 0.130516052246094
0.0469818115234375 -0.16058349609375 0.06103515625 0.0518684387207031
0.0840911865234375 -0.148422241210938 0.211578369140625 0.049102783203125
0.0787734985351563 -0.117759704589844 0.028900146484375 -0.16693115234375
0.0583953857421875 -0.125709533691406 0.148193359375 -0.190963745117188
0.040618896484375 -0.150238037109375 0.139724731445313 -0.196121215820313
-0.016021728515625 -0.134941101074219 0.089385986328125 -0.195785522460938
-0.0513992309570312 -0.084197998046875 0.0469284057617187 -0.136611938476563
-0.07391357421875 -0.0497360229492187 0.0432205200195312 -0.0873184204101563
-0.0681304931640625 -0.0240364074707031 0.0734405517578125 -0.0471572875976563
-0.0622978210449219 -0.0200157165527344 0.121543884277344 -0.0180206298828125
-0.0735321044921875 -0.0190582275390625 0.17779541015625 0.020355224609375
-0.078125 -0.0242996215820313 0.1812744140625 0.101043701171875
-0.0747299194335938 -0.0606460571289063 0.153594970703125 0.138259887695313
-0.0649490356445313 -0.0938491821289063 0.0774993896484375 0.143463134765625
0.00819396972656251 -0.127830505371094 0.02349853515625 0.109771728515625
0.0365676879882813 -0.133705139160156 0.065887451171875 0.0100135803222656
0.0604934692382813 -0.117805480957031 0.240554809570312 0.00271606445312499
0.0235137939453125 -0.0719223022460938 0.02716064453125 -0.19036865234375
0.018798828125 -0.0854034423828125 0.130966186523438 -0.199417114257812
0.00469970703124999 -0.10382080078125 0.124099731445313 -0.18133544921875
-0.0293502807617188 -0.0782699584960938 0.0922393798828125 -0.173049926757813
-0.0396385192871094 -0.0288429260253906 0.0561981201171875 -0.121711730957031
-0.0283031463623047 -0.00802803039550782 0.0606155395507812 -0.0813064575195313
-0.0103836059570312 -0.00953102111816406 0.090850830078125 -0.0462875366210938
-0.00811004638671875 -0.0122795104980469 0.134315490722656 -0.0175704956054688
-0.012944221496582 -0.0152368545532227 0.186737060546875 0.0236968994140625
-0.0205192565917969 -0.0117053985595703 0.189483642578125 0.10394287109375
-0.0313892364501953 -0.0305347442626953 0.153732299804688 0.138809204101563
-0.0345306396484375 -0.0575332641601563 0.0765457153320312 0.139427185058594
0.0140380859375 -0.083404541015625 0.0186920166015625 0.09771728515625
0.0241165161132812 -0.0795135498046875 0.0670890808105469 -0.0130729675292969
0.0287399291992187 -0.0650863647460938 0.257461547851563 -0.027984619140625
-0.0289382934570313 -0.0157184600830078 0.000946044921874982 -0.200469970703125
-0.0220603942871094 -0.0366287231445312 0.0938262939453125 -0.196823120117188
-0.0348663330078125 -0.04443359375 0.097991943359375 -0.166656494140625
-0.0404052734375 -0.00856018066406251 0.08489990234375 -0.158584594726563
-0.0194091796875 0.0329093933105469 0.0519943237304688 -0.118637084960938
0.0249977111816406 0.0354652404785156 0.0574874877929688 -0.0841598510742188
0.0508766174316406 0.00467300415039062 0.0838851928710938 -0.0477523803710938
0.0473251342773438 -0.00332260131835938 0.124778747558594 -0.015106201171875
0.0471420288085938 -0.007354736328125 0.1766357421875 0.034027099609375
0.0342082977294922 0.00588417053222656 0.179229736328125 0.114730834960938
0.0101442337036133 0.0050811767578125 0.139236450195313 0.146896362304688
-0.00504207611083984 -0.0135631561279297 0.06695556640625 0.144058227539063
0.0151844024658203 -0.0268287658691406 0.00862121582031251 0.101158142089844
0.00379753112792969 -0.00998401641845703 0.0612716674804688 -0.0096588134765625
-0.0121841430664063 2.47955322265602E-05 0.257247924804688 -0.0360870361328125
0.10430908203125 -0.0802841186523438 -0.201461791992188 0.0301666259765625
0.00916671752929687 -0.0696220397949219 -0.046478271484375 -0.0280189514160156
-0.008758544921875 -0.0504608154296875 0.00584411621093749 -0.124641418457031
-0.0284004211425781 -0.0481758117675781 -0.0507659912109375 -0.17279052734375
-0.04913330078125 -0.0359115600585938 -0.102127075195313 -0.153717041015625
-0.087646484375 -0.0112457275390625 -0.158737182617188 -0.10333251953125
-0.102592468261719 0.0214004516601563 -0.157943725585938 -0.032440185546875
-0.0985107421875 0.0149154663085937 -0.0984344482421875 0.0111083984375
-0.112831115722656 -0.00147247314453127 -0.049560546875 0.0551834106445313
-0.0914154052734375 -0.0473861694335938 -0.0373382568359375 0.10125732421875
-0.0382843017578125 -0.0790252685546875 -0.0243606567382813 0.138526916503906
0.0142898559570312 -0.0712432861328125 -0.048858642578125 0.148239135742188
0.0590896606445313 -0.0290031433105469 -0.083770751953125 0.170272827148437
0.0648460388183594 -0.0238075256347656 -0.0595855712890625 0.190872192382813
0.0945587158203125 -0.0318450927734375 0.022796630859375 0.190261840820313
0.137603759765625 -0.128440856933594 -0.155975341796875 -0.00659179687500003
0.0397720336914063 -0.120834350585938 -0.00797653198242188 -0.0696258544921875
0.0109710693359375 -0.105560302734375 0.0341796875 -0.15411376953125
-0.0285568237304688 -0.0966415405273438 -0.0249176025390625 -0.197479248046875
-0.0622634887695312 -0.0721511840820313 -0.0725860595703125 -0.16912841796875
-0.115318298339844 -0.0390472412109375 -0.121665954589844 -0.118934631347656
-0.135391235351563 0.00525665283203122 -0.116050720214844 -0.0493927001953125
-0.130264282226563 0.0034332275390625 -0.0543785095214844 -0.00182723999023437
-0.14990234375 -0.00888061523437502 -0.00121688842773439 0.0459823608398438
-0.131866455078125 -0.0607223510742187 0.00926971435546875 0.10675048828125
-0.07403564453125 -0.111320495605469 0.0177764892578125 0.147018432617188
-0.0103683471679687 -0.117408752441406 -0.015533447265625 0.154022216796875
0.06854248046875 -0.0831222534179688 -0.042938232421875 0.164962768554688
0.0854721069335938 -0.0781707763671875 -0.0106048583984375 0.166595458984375
0.116065979003906 -0.0819778442382813 0.077392578125 0.168991088867188
0.156036376953125 -0.154815673828125 -0.0987167358398437 -0.05413818359375
0.070770263671875 -0.151779174804687 0.0445709228515625 -0.113533020019531
0.036529541015625 -0.149139404296875 0.0714263916015625 -0.1834716796875
-0.0202484130859375 -0.138290405273438 0.00885009765624999 -0.219223022460938
-0.0648422241210937 -0.103729248046875 -0.039031982421875 -0.178543090820313
-0.126243591308594 -0.0656356811523437 -0.0779037475585938 -0.125686645507813
-0.147567749023438 -0.0135345458984375 -0.0645828247070313 -0.0609779357910156
-0.141433715820313 -0.00877380371093752 -0.00305747985839844 -0.0138607025146484
-0.163314819335938 -0.013671875 0.0549278259277344 0.0339775085449219
-0.1519775390625 -0.0588226318359375 0.06585693359375 0.106697082519531
-0.10186767578125 -0.117607116699219 0.0677947998046875 0.15008544921875
-0.0434341430664063 -0.137779235839844 0.022186279296875 0.15704345703125
0.054840087890625 -0.125602722167969 -0.00749206542968751 0.157882690429688
0.0831375122070313 -0.12493896484375 0.0296859741210938 0.133010864257813
0.117462158203125 -0.123634338378906 0.133781433105469 0.131965637207031
0.15008544921875 -0.161117553710938 -0.0411224365234375 -0.0996856689453125
0.0858001708984375 -0.162094116210938 0.095916748046875 -0.15478515625
0.053985595703125 -0.174560546875 0.10528564453125 -0.206207275390625
-0.0140380859375 -0.164031982421875 0.0391082763671875 -0.230804443359375
-0.06463623046875 -0.120101928710938 -0.00949096679687501 -0.17645263671875
-0.123825073242188 -0.0780868530273438 -0.0349578857421875 -0.121978759765625
-0.1395263671875 -0.0256729125976563 -0.0119171142578125 -0.0644454956054688
-0.133026123046875 -0.0160293579101563 0.0479164123535156 -0.0243682861328125
-0.15325927734375 -0.0143280029296875 0.109992980957031 0.0178451538085938
-0.149093627929688 -0.0455322265625 0.12396240234375 0.09710693359375
-0.114982604980469 -0.103569030761719 0.117752075195312 0.141464233398438
-0.0721969604492188 -0.134033203125 0.0602874755859375 0.153533935546875
0.0276336669921875 -0.149627685546875 0.02178955078125 0.1446533203125
0.0640411376953125 -0.154815673828125 0.0567398071289062 0.0886459350585937
0.1038818359375 -0.146240234375 0.183578491210938 0.0828704833984375
0.120590209960938 -0.142486572265625 0.00624847412109376 -0.13970947265625
0.0802459716796875 -0.145965576171875 0.13311767578125 -0.184524536132813
0.0559844970703125 -0.170013427734375 0.128921508789063 -0.212646484375
-0.00938415527343751 -0.1611328125 0.0663909912109375 -0.224411010742188
-0.0557937622070313 -0.113258361816406 0.0204620361328125 -0.162567138671875
-0.102645874023438 -0.0737457275390625 0.00754547119140624 -0.109916687011719
-0.109031677246094 -0.0322341918945312 0.0368766784667969 -0.0617485046386719
-0.101165771484375 -0.0231246948242187 0.0910415649414062 -0.0299758911132812
-0.117538452148438 -0.0194549560546875 0.152862548828125 0.00640869140625
-0.117530822753906 -0.0348968505859375 0.16729736328125 0.0862579345703125
-0.100273132324219 -0.0816268920898437 0.150772094726563 0.129562377929688
-0.076568603515625 -0.11517333984375 0.0834808349609375 0.1434326171875
0.0108489990234375 -0.145523071289063 0.0341415405273438 0.124794006347656
0.0459442138671875 -0.152938842773437 0.0672111511230469 0.0422782897949219
0.0824050903320313 -0.139259338378906 0.22137451171875 0.030609130859375
0.0724411010742188 -0.105743408203125 0.0312957763671875 -0.168914794921875
0.0552520751953125 -0.112747192382812 0.145004272460938 -0.200088500976563
0.03814697265625 -0.138702392578125 0.133743286132813 -0.20550537109375
-0.0130462646484375 -0.126426696777344 0.08233642578125 -0.204986572265625
-0.0435256958007812 -0.0789794921875 0.0411834716796875 -0.14251708984375
-0.065277099609375 -0.0503463745117187 0.0393524169921875 -0.0956344604492188
-0.0605888366699219 -0.0292549133300781 0.0720748901367188 -0.0564651489257812
-0.0547447204589844 -0.0251426696777344 0.120399475097656 -0.0311965942382813
-0.0645370483398437 -0.0243339538574219 0.17889404296875 0.002838134765625
-0.0668106079101563 -0.0273857116699219 0.19140625 0.0817718505859375
-0.0638542175292969 -0.057891845703125 0.165069580078125 0.122756958007812
-0.0569305419921875 -0.085845947265625 0.0907745361328125 0.134307861328125
0.00907135009765624 -0.117256164550781 0.0346298217773438 0.104766845703125
0.0331878662109375 -0.119636535644531 0.070709228515625 0.00381469726562499
0.05596923828125 -0.105369567871094 0.248321533203125 -0.0124664306640625
0.0161857604980469 -0.0575447082519531 0.0290985107421875 -0.186264038085938
0.015167236328125 -0.0694694519042969 0.129837036132813 -0.204299926757813
0.00331878662109376 -0.08819580078125 0.119308471679688 -0.190093994140625
-0.0231056213378906 -0.0670547485351563 0.084716796875 -0.182052612304688
-0.0270404815673828 -0.0243778228759766 0.0482940673828125 -0.126655578613281
-0.0158243179321289 -0.0113515853881836 0.0539016723632813 -0.08544921875
-0.000833511352539062 -0.0197200775146484 0.0873260498046875 -0.0514068603515625
0.000982284545898436 -0.0224037170410156 0.13043212890625 -0.0266876220703125
-0.00352668762207031 -0.0257377624511719 0.185409545898437 0.010009765625
-0.00828170776367188 -0.0185432434082031 0.1959228515625 0.0875091552734375
-0.0173492431640625 -0.0293903350830078 0.161712646484375 0.124191284179687
-0.0240554809570312 -0.0495376586914063 0.0870513916015625 0.130943298339844
0.0158424377441406 -0.0702285766601563 0.0278244018554687 0.095062255859375
0.0215187072753906 -0.0621566772460938 0.070953369140625 -0.0149993896484375
0.0227851867675781 -0.0490150451660156 0.262527465820313 -0.03857421875
-0.0366172790527344 -0.00136947631835938 0.00161743164062499 -0.191131591796875
-0.0269050598144531 -0.0201301574707031 0.092803955078125 -0.196441650390625
-0.0360527038574219 -0.0271415710449219 0.0936431884765625 -0.172927856445313
-0.03253173828125 0.00348091125488282 0.07562255859375 -0.16632080078125
-0.00542449951171875 0.0371360778808594 0.0411376953125 -0.120864868164063
0.0395774841308594 0.0296096801757812 0.0476760864257812 -0.084625244140625
0.0605659484863281 -0.00819015502929688 0.077972412109375 -0.0471343994140625
0.0560760498046875 -0.0157623291015625 0.119789123535156 -0.0178909301757812
0.0563926696777344 -0.0213432312011719 0.173721313476563 0.0257720947265625
0.046783447265625 -0.00421142578125 0.182769775390625 0.1016845703125
0.0254001617431641 0.00350761413574219 0.145462036132813 0.135040283203125
0.00655841827392578 -0.00688505172729492 0.0747528076171875 0.137474060058594
0.018463134765625 -0.0138225555419922 0.0163726806640625 0.101760864257813
0.00322246551513672 0.00666666030883789 0.0645675659179688 -0.0072479248046875
-0.0166959762573242 0.0164937973022461 0.260040283203125 -0.04193115234375
0.106788635253906 -0.102119445800781 -0.209915161132812 0.0292358398437499
0.00243377685546875 -0.0841598510742188 -0.055389404296875 -0.0341796875
-0.0201301574707031 -0.0605392456054688 -0.00289916992187501 -0.128341674804687
-0.0443038940429687 -0.0504875183105469 -0.05902099609375 -0.17291259765625
-0.0630531311035156 -0.0304756164550781 -0.106338500976563 -0.152175903320313
-0.0993576049804688 0.00369262695312501 -0.161270141601562 -0.101806640625
-0.108413696289062 0.037994384765625 -0.1571044921875 -0.031646728515625
-0.104362487792969 0.030120849609375 -0.0964813232421875 0.00736999511718749
-0.122077941894531 0.0159835815429687 -0.0438461303710938 0.0482978820800781
-0.107139587402344 -0.0381240844726563 -0.0266799926757813 0.0977325439453125
-0.0552902221679687 -0.08111572265625 -0.0110092163085938 0.137565612792969
0.00199890136718751 -0.0828628540039063 -0.0399322509765625 0.152908325195313
0.0601272583007813 -0.0481719970703125 -0.0782318115234375 0.178298950195313
0.0724258422851563 -0.042205810546875 -0.0592041015625 0.194610595703125
0.105598449707031 -0.0501327514648438 0.0237884521484375 0.183883666992188
0.1395263671875 -0.145736694335938 -0.162490844726563 -0.0148162841796875
0.0338363647460938 -0.132164001464844 -0.01611328125 -0.080230712890625
-5.34057617187605E-05 -0.112617492675781 0.0242767333984375 -0.161819458007813
-0.0424880981445313 -0.097015380859375 -0.0325927734375 -0.201004028320312
-0.0732803344726563 -0.0664749145507812 -0.0766448974609375 -0.1722412109375
-0.124824523925781 -0.0260238647460937 -0.12420654296875 -0.122970581054688
-0.139762878417969 0.019927978515625 -0.115127563476563 -0.0549163818359375
-0.135101318359375 0.0163650512695313 -0.0517768859863281 -0.0117340087890625
-0.158477783203125 0.00622558593750003 0.00527191162109374 0.0337047576904297
-0.1458740234375 -0.051910400390625 0.0224838256835937 0.0975265502929688
-0.0893173217773438 -0.113227844238281 0.0336456298828125 0.141769409179688
-0.0217056274414062 -0.12799072265625 -0.0037384033203125 0.154754638671875
0.0704345703125 -0.102073669433594 -0.0354461669921875 0.168701171875
0.0933380126953125 -0.0957183837890625 -0.00724792480468751 0.16510009765625
0.127471923828125 -0.0973129272460938 0.0827178955078125 0.15679931640625
0.15802001953125 -0.16644287109375 -0.101837158203125 -0.0661468505859375
0.066619873046875 -0.158126831054688 0.0377349853515625 -0.1287841796875
0.0279083251953125 -0.153594970703125 0.062408447265625 -0.1954345703125
-0.0306243896484375 -0.138786315917969 0.00099182128906251 -0.227828979492188
-0.0727081298828125 -0.100074768066406 -0.0430450439453125 -0.186019897460937
-0.133468627929688 -0.055877685546875 -0.0807342529296875 -0.135421752929687
-0.150543212890625 -0.00363159179687498 -0.0643463134765625 -0.07196044921875
-0.145294189453125 -0.000457763671874991 -0.000968933105468758 -0.0287837982177734
-0.16876220703125 -0.00347900390625002 0.0611152648925781 0.0164909362792969
-0.16192626953125 -0.05255126953125 0.0808258056640625 0.0920639038085938
-0.113136291503906 -0.119735717773438 0.085174560546875 0.139305114746094
-0.05145263671875 -0.145355224609375 0.0372314453125 0.154006958007813
0.0569381713867188 -0.139938354492188 0.00326538085937501 0.157516479492188
0.0896987915039062 -0.137016296386719 0.0349197387695313 0.126579284667969
0.127029418945313 -0.132637023925781 0.143478393554688 0.114822387695312
0.151931762695313 -0.16522216796875 -0.0410308837890625 -0.11370849609375
0.0841217041015625 -0.162322998046875 0.0908050537109375 -0.172286987304687
0.04876708984375 -0.176010131835938 0.0983428955078125 -0.220123291015625
-0.0198516845703125 -0.163772583007813 0.0316162109375 -0.243057250976563
-0.0668106079101563 -0.117767333984375 -0.0137176513671875 -0.186721801757813
-0.12713623046875 -0.0732040405273438 -0.038330078125 -0.134063720703125
-0.140762329101563 -0.0215301513671875 -0.0124664306640625 -0.078216552734375
-0.133201599121094 -0.0132904052734375 0.049896240234375 -0.0409698486328125
-0.1551513671875 -0.0107269287109375 0.115234375 -0.00298309326171875
-0.1529541015625 -0.0425872802734375 0.138687133789063 0.0782318115234375
-0.119331359863281 -0.104927062988281 0.134696960449219 0.127326965332031
-0.0757827758789062 -0.138671875 0.0765380859375 0.146194458007813
0.0301055908203125 -0.156539916992188 0.034210205078125 0.140625
0.06903076171875 -0.159912109375 0.06298828125 0.0793991088867187
0.110366821289063 -0.148651123046875 0.19512939453125 0.0630340576171875
0.121971130371094 -0.138214111328125 0.00868225097656252 -0.153152465820313
0.0808563232421875 -0.140625 0.13116455078125 -0.201934814453125
0.055419921875 -0.166915893554688 0.123748779296875 -0.22845458984375
-0.00892639160156251 -0.159942626953125 0.0598297119140625 -0.238433837890625
-0.0531997680664062 -0.112808227539063 0.014892578125 -0.173629760742188
-0.100143432617188 -0.07427978515625 0.0038604736328125 -0.122100830078125
-0.106887817382813 -0.0346832275390625 0.0366439819335938 -0.0751571655273438
-0.098846435546875 -0.0260696411132813 0.0918731689453125 -0.0464630126953125
-0.115821838378906 -0.02239990234375 0.156784057617188 -0.015167236328125
-0.115119934082031 -0.0367965698242187 0.180511474609375 0.0657958984375
-0.0979156494140625 -0.0833816528320313 0.166275024414063 0.113967895507813
-0.0740585327148438 -0.115409851074219 0.097747802734375 0.13397216796875
0.0135345458984375 -0.145462036132813 0.0467529296875 0.119270324707031
0.049041748046875 -0.149505615234375 0.07464599609375 0.0319747924804687
0.0866165161132813 -0.133926391601563 0.23492431640625 0.011322021484375
0.0712890625 -0.09527587890625 0.0356597900390625 -0.178497314453125
0.056427001953125 -0.101097106933594 0.146224975585938 -0.215911865234375
0.0410079956054687 -0.130569458007813 0.130706787109375 -0.22125244140625
-0.00666809082031251 -0.122589111328125 0.0763092041015625 -0.219772338867188
-0.0352020263671875 -0.0795440673828125 0.0349273681640625 -0.15234375
-0.0582008361816406 -0.0548553466796875 0.0351028442382812 -0.105392456054688
-0.0563545227050781 -0.0387496948242188 0.0712966918945313 -0.0669784545898438
-0.0494003295898438 -0.0342979431152344 0.120407104492188 -0.0438613891601563
-0.0597038269042969 -0.0337295532226562 0.181961059570313 -0.0155487060546875
-0.0591239929199219 -0.0342483520507812 0.202362060546875 0.06243896484375
-0.0548973083496094 -0.0595893859863281 0.177505493164063 0.106857299804688
-0.0479736328125 -0.083343505859375 0.103622436523438 0.124931335449219
0.0144119262695313 -0.11090087890625 0.045654296875 0.100898742675781
0.0359573364257813 -0.108558654785156 0.0773849487304688 -0.00402832031250001
0.0572357177734375 -0.0934524536132813 0.261856079101563 -0.02899169921875
0.0128250122070312 -0.0425567626953125 0.0347747802734375 -0.19097900390625
0.0158042907714844 -0.0539436340332031 0.13287353515625 -0.215835571289063
0.00646972656250001 -0.0744705200195313 0.117324829101563 -0.203582763671875
-0.0146484375 -0.0596923828125 0.0782470703125 -0.195404052734375
-0.0139884948730469 -0.0239353179931641 0.041412353515625 -0.133918762207031
-0.00440025329589844 -0.0194473266601563 0.048126220703125 -0.0920944213867188
0.00556182861328125 -0.0331077575683594 0.0855941772460938 -0.0573196411132813
0.00750732421875 -0.0356903076171875 0.13018798828125 -0.035858154296875
0.00323486328125 -0.0405731201171875 0.187225341796875 -0.002960205078125
0.00234413146972656 -0.0292949676513672 0.204330444335937 0.071319580078125
-0.00324821472167969 -0.0329093933105469 0.171173095703125 0.11114501953125
-0.0110588073730469 -0.0463676452636719 0.0980758666992188 0.123916625976563
0.0224800109863281 -0.0586280822753906 0.0385665893554687 0.0939254760742188
0.0248527526855469 -0.0458641052246094 0.0765304565429688 -0.018951416015625
0.0227565765380859 -0.0326461791992188 0.275131225585938 -0.0510711669921875
-0.0423927307128906 0.0153274536132812 0.00547790527343748 -0.1883544921875
-0.0286502838134766 -0.00311279296875 0.096221923828125 -0.202865600585937
-0.0332489013671875 -0.00873565673828125 0.0914306640625 -0.1849365234375
-0.0220279693603516 0.0155258178710938 0.0675506591796875 -0.17742919921875
0.0102386474609375 0.0391426086425781 0.0315322875976562 -0.124053955078125
0.0547027587890625 0.0197563171386719 0.03912353515625 -0.08441162109375
0.0678482055664063 -0.0243110656738281 0.0749435424804688 -0.0468063354492188
0.0635108947753906 -0.0311393737792969 0.118797302246094 -0.0200119018554688
0.0642433166503906 -0.0389518737792969 0.174942016601563 0.019073486328125
0.058502197265625 -0.0188217163085938 0.189468383789063 0.09063720703125
0.0412445068359375 -0.00199127197265625 0.152816772460938 0.1260986328125
0.0203495025634766 -0.00412940979003906 0.084136962890625 0.134361267089844
0.0267658233642578 -0.0017852783203125 0.0254745483398438 0.103080749511719
0.00716018676757813 0.0259571075439453 0.071807861328125 -0.00586700439453125
-0.0180778503417969 0.0353927612304688 0.268966674804688 -0.048370361328125
0.104934692382813 -0.131370544433594 -0.224075317382812 0.0336761474609375
-0.0108413696289063 -0.100791931152344 -0.0683021545410156 -0.037445068359375
-0.0371246337890625 -0.0691452026367188 -0.0162277221679688 -0.132423400878906
-0.0632171630859375 -0.0493927001953125 -0.0714874267578125 -0.172378540039063
-0.078399658203125 -0.0213699340820312 -0.11578369140625 -0.151351928710938
-0.110107421875 0.0246505737304688 -0.169097900390625 -0.099334716796875
-0.111732482910156 0.0610427856445312 -0.161575317382813 -0.0293731689453125
-0.108596801757813 0.0500335693359375 -0.09783935546875 0.00483703613281249
-0.130836486816406 0.0398788452148437 -0.0408821105957031 0.042694091796875
-0.124290466308594 -0.02197265625 -0.0159378051757813 0.0946502685546875
-0.0780410766601563 -0.0794754028320312 0.00325775146484374 0.136940002441406
-0.0160064697265625 -0.0931549072265625 -0.02886962890625 0.15960693359375
0.0553512573242188 -0.0714340209960938 -0.071563720703125 0.19097900390625
0.0753097534179688 -0.0685958862304688 -0.05596923828125 0.204666137695313
0.114059448242188 -0.0763015747070313 0.0264739990234375 0.181488037109375
0.138916015625 -0.172271728515625 -0.175369262695313 -0.0207672119140625
0.02191162109375 -0.146926879882813 -0.0296249389648438 -0.0925445556640625
-0.0158767700195312 -0.121307373046875 0.0113372802734375 -0.171951293945313
-0.0609664916992188 -0.096343994140625 -0.046478271484375 -0.207962036132813
-0.08721923828125 -0.0587081909179688 -0.0865325927734375 -0.178421020507813
-0.135765075683594 -0.00691223144531251 -0.1328125 -0.127471923828125
-0.1441650390625 0.040069580078125 -0.120201110839844 -0.0608978271484375
-0.140106201171875 0.0341415405273438 -0.0544357299804688 -0.02227783203125
-0.167312622070312 0.0269012451171875 0.00860214233398436 0.0195884704589844
-0.163116455078125 -0.0370025634765625 0.0355377197265625 0.0861740112304688
-0.110725402832031 -0.113693237304688 0.0515213012695312 0.134330749511719
-0.0389175415039063 -0.14007568359375 0.0110626220703125 0.154388427734375
0.0667495727539062 -0.125358581542969 -0.0240631103515625 0.174331665039063
0.09735107421875 -0.121383666992188 -0.00273132324218751 0.166610717773438
0.137351989746094 -0.12103271484375 0.089508056640625 0.144882202148438
0.160324096679687 -0.185516357421875 -0.112533569335937 -0.0802688598632813
0.05853271484375 -0.169937133789063 0.0255889892578125 -0.14788818359375
0.0167694091796875 -0.16143798828125 0.0503082275390625 -0.2105712890625
-0.0444564819335938 -0.139533996582031 -0.0130462646484375 -0.240127563476563
-0.0834808349609375 -0.0944366455078125 -0.0536041259765625 -0.196640014648438
-0.142257690429688 -0.0426788330078125 -0.089385986328125 -0.146148681640625
-0.15533447265625 0.00993347167968752 -0.069549560546875 -0.0838165283203125
-0.149459838867188 0.0121612548828125 -0.00364685058593751 -0.0447196960449219
-0.176925659179688 0.0111541748046875 0.0655136108398437 -0.00467300415039062
-0.17572021484375 -0.042236328125 0.0956649780273437 0.0740966796875
-0.130035400390625 -0.120292663574219 0.104240417480469 0.126358032226562
-0.0654449462890625 -0.15594482421875 0.0542755126953125 0.148300170898438
0.054290771484375 -0.16015625 0.0169219970703125 0.158370971679688
0.0936279296875 -0.1583251953125 0.04205322265625 0.120780944824219
0.136947631835938 -0.1512451171875 0.15435791015625 0.0956268310546875
0.154647827148438 -0.176315307617188 -0.04864501953125 -0.131874084472656
0.0812835693359375 -0.168975830078125 0.0811767578125 -0.196990966796875
0.0428314208984375 -0.181167602539062 0.086181640625 -0.2412109375
-0.02777099609375 -0.166763305664063 0.0178680419921875 -0.26116943359375
-0.0724258422851562 -0.116775512695312 -0.025054931640625 -0.200210571289062
-0.132484436035156 -0.0671463012695313 -0.0481109619140625 -0.148422241210938
-0.144363403320313 -0.0159912109375 -0.017852783203125 -0.0944137573242187
-0.136428833007813 -0.00844573974609375 0.046173095703125 -0.0615921020507812
-0.160919189453125 -0.00268554687500004 0.118316650390625 -0.0281753540039063
-0.161163330078125 -0.038665771484375 0.1533203125 0.0546112060546875
-0.129798889160156 -0.106147766113281 0.154190063476563 0.108367919921875
-0.083953857421875 -0.144943237304688 0.0943527221679688 0.135665893554688
0.029510498046875 -0.170440673828125 0.05010986328125 0.136161804199219
0.0724334716796875 -0.171722412109375 0.0704879760742188 0.0680999755859375
0.118484497070313 -0.157882690429688 0.20947265625 0.038116455078125
0.125320434570313 -0.13970947265625 0.0054931640625 -0.172698974609375
0.0842208862304687 -0.139839172363281 0.1246337890625 -0.227828979492188
0.0562744140625 -0.16851806640625 0.11395263671875 -0.251861572265625
-0.00968933105468749 -0.1632080078125 0.0470733642578125 -0.259323120117188
-0.0526504516601563 -0.115463256835938 0.00502014160156251 -0.18853759765625
-0.102287292480469 -0.0757217407226562 -0.00519561767578127 -0.138015747070313
-0.110359191894531 -0.03790283203125 0.0316238403320312 -0.0928955078125
-0.100860595703125 -0.0295486450195313 0.0902938842773438 -0.066925048828125
-0.118965148925781 -0.0244293212890625 0.159332275390625 -0.040985107421875
-0.117607116699219 -0.0392913818359375 0.193603515625 0.0392608642578125
-0.0992660522460937 -0.0873641967773438 0.183624267578125 0.0923919677734375
-0.0744171142578125 -0.119132995605469 0.116035461425781 0.121414184570312
0.01605224609375 -0.150161743164062 0.0618820190429688 0.111968994140625
0.0529022216796875 -0.15106201171875 0.082244873046875 0.0187225341796875
0.0926742553710938 -0.134849548339844 0.250274658203125 -0.0169677734375
0.074920654296875 -0.0863189697265625 0.0363922119140625 -0.196685791015625
0.0618820190429688 -0.0937652587890625 0.144317626953125 -0.241195678710938
0.0463790893554688 -0.126327514648438 0.123123168945312 -0.244461059570312
-0.00128936767578126 -0.123367309570313 0.0652923583984375 -0.240036010742188
-0.0277938842773437 -0.0828781127929688 0.0251617431640625 -0.165695190429688
-0.0549430847167969 -0.063262939453125 0.0268402099609375 -0.11846923828125
-0.0567169189453125 -0.0489234924316406 0.0683975219726563 -0.0819244384765625
-0.0488548278808594 -0.0452537536621094 0.119224548339844 -0.0617294311523437
-0.060150146484375 -0.0449333190917969 0.18426513671875 -0.0383758544921875
-0.0559158325195312 -0.0439491271972656 0.214187622070313 0.0375213623046875
-0.0471000671386719 -0.066741943359375 0.19342041015625 0.0866851806640625
-0.0411300659179687 -0.0856552124023438 0.11981201171875 0.112541198730469
0.021209716796875 -0.106788635253906 0.0593795776367187 0.094085693359375
0.040863037109375 -0.100921630859375 0.0857696533203125 -0.0161895751953125
0.0619049072265625 -0.083587646484375 0.2786865234375 -0.056640625
0.0137538909912109 -0.0254039764404297 0.0367889404296875 -0.203262329101563
0.0206260681152344 -0.0391464233398438 0.134140014648438 -0.237228393554688
0.014495849609375 -0.0630836486816406 0.112197875976562 -0.2247314453125
-0.00175094604492187 -0.0560951232910156 0.0670013427734375 -0.21337890625
-0.000946044921875003 -0.0266532897949219 0.0305023193359375 -0.143264770507813
0.00549888610839844 -0.032623291015625 0.0402145385742188 -0.100051879882812
0.00861740112304688 -0.050201416015625 0.0831832885742188 -0.065765380859375
0.010345458984375 -0.0536384582519531 0.12982177734375 -0.0466156005859375
0.00619125366210938 -0.0589942932128906 0.190261840820313 -0.0213775634765625
0.00967788696289062 -0.0459709167480469 0.213897705078125 0.0506134033203125
0.0102806091308594 -0.0427284240722656 0.18438720703125 0.094818115234375
0.00221633911132813 -0.0467453002929688 0.112701416015625 0.114608764648438
0.0333671569824219 -0.0502281188964844 0.0510940551757812 0.0898971557617188
0.0324802398681641 -0.0306034088134766 0.0852890014648438 -0.0274276733398438
0.0266704559326172 -0.0153350830078125 0.2913818359375 -0.073516845703125
-0.0445365905761719 0.03790283203125 0.00802612304687501 -0.193145751953125
-0.0268344879150391 0.0171298980712891 0.0973358154296875 -0.217041015625
-0.0251693725585937 0.00905990600585938 0.0851287841796875 -0.201187133789063
-0.00635719299316406 0.0248317718505859 0.0548553466796875 -0.191360473632813
0.0282783508300781 0.03839111328125 0.0191726684570313 -0.128997802734375
0.0698204040527344 0.00449752807617188 0.031005859375 -0.0856552124023437
0.0740585327148438 -0.0452423095703125 0.0732955932617187 -0.0478286743164062
0.0685272216796875 -0.0529708862304688 0.119491577148438 -0.0251388549804688
0.0680007934570313 -0.0626373291015625 0.179031372070313 0.008575439453125
0.067596435546875 -0.0392379760742188 0.198043823242187 0.0762176513671875
0.0579376220703125 -0.0131034851074219 0.163619995117188 0.116470336914062
0.0385932922363281 -0.00526809692382812 0.0972213745117187 0.129730224609375
0.0403213500976563 0.00968170166015625 0.03814697265625 0.104629516601563
0.0176200866699219 0.0463447570800781 0.0804443359375 -0.0081787109375
-0.0140762329101563 0.0574722290039063 0.28521728515625 -0.063385009765625
0.0920257568359375 -0.164657592773438 -0.239761352539062 0.0474395751953125
-0.0327911376953125 -0.114433288574219 -0.0851211547851563 -0.0355300903320313
-0.06072998046875 -0.072296142578125 -0.03271484375 -0.133438110351563
-0.0856170654296875 -0.0391159057617188 -0.08966064453125 -0.169296264648438
-0.09246826171875 -0.00380706787109376 -0.128875732421875 -0.146881103515625
-0.114433288574219 0.0533447265625 -0.179946899414063 -0.0908355712890625
-0.107620239257812 0.0889358520507813 -0.166427612304688 -0.0230865478515625
-0.106956481933594 0.075347900390625 -0.101699829101563 0.00437927246093751
-0.131233215332031 0.0699996948242188 -0.0404205322265625 0.0361862182617188
-0.137680053710938 0.00374603271484374 -0.00464630126953126 0.0885086059570313
-0.1021728515625 -0.0690765380859375 0.0211868286132813 0.1319580078125
-0.0415573120117188 -0.0980987548828125 -0.012237548828125 0.164047241210938
0.0410690307617188 -0.0965805053710938 -0.0556640625 0.204086303710938
0.0683746337890625 -0.0992279052734375 -0.047393798828125 0.216796875
0.113845825195312 -0.110816955566406 0.0325775146484375 0.1793212890625
0.127960205078125 -0.203598022460938 -0.193710327148438 -0.0190277099609375
0.00128173828125002 -0.161239624023438 -0.0501861572265625 -0.100189208984375
-0.0380935668945313 -0.125015258789063 -0.00857543945312502 -0.179580688476563
-0.0821456909179688 -0.088623046875 -0.066558837890625 -0.2113037109375
-0.101783752441406 -0.0432510375976563 -0.102691650390625 -0.180862426757813
-0.14111328125 0.0190887451171875 -0.147476196289063 -0.128799438476563
-0.142486572265625 0.0654754638671875 -0.129707336425781 -0.0642166137695313
-0.140365600585938 0.0572128295898437 -0.0615119934082031 -0.031402587890625
-0.170013427734375 0.0550994873046875 0.00710201263427733 0.00337600708007813
-0.178009033203125 -0.0135955810546875 0.0469093322753906 0.0700721740722656
-0.136985778808594 -0.103622436523438 0.0702667236328125 0.120147705078125
-0.06463623046875 -0.146896362304688 0.0296173095703125 0.150955200195312
0.0535430908203125 -0.15264892578125 -0.00697326660156248 0.179306030273438
0.091949462890625 -0.1529541015625 0.00617980957031251 0.167953491210938
0.139022827148438 -0.154525756835937 0.096710205078125 0.129890441894531
0.152847290039063 -0.211563110351563 -0.131202697753906 -0.0904006958007813
0.0437469482421875 -0.183395385742188 0.00309753417968752 -0.165573120117188
-0.00146484374999998 -0.167404174804687 0.0278778076171875 -0.226287841796875
-0.0633163452148438 -0.135955810546875 -0.035888671875 -0.251708984375
-0.0959091186523437 -0.0845184326171875 -0.072509765625 -0.20556640625
-0.149200439453125 -0.0226593017578125 -0.107177734375 -0.15411376953125
-0.156509399414063 0.02972412109375 -0.0818405151367188 -0.0948562622070312
-0.151641845703125 0.029144287109375 -0.0126876831054688 -0.0612678527832031
-0.1815185546875 0.033203125 0.0615730285644531 -0.029022216796875
-0.188751220703125 -0.02294921875 0.106605529785156 0.0482635498046875
-0.152587890625 -0.113082885742188 0.122978210449219 0.103363037109375
-0.0877838134765625 -0.162353515625 0.0731964111328125 0.136253356933594
0.04241943359375 -0.184066772460938 0.0359344482421875 0.153457641601563
0.088897705078125 -0.18499755859375 0.0492401123046875 0.111671447753906
0.139968872070313 -0.177886962890625 0.162216186523438 0.0685577392578125
0.153152465820313 -0.1929931640625 -0.0655670166015625 -0.151702880859375
0.07476806640625 -0.178024291992188 0.0587921142578125 -0.222198486328125
0.0326080322265625 -0.187667846679688 0.0629730224609375 -0.262832641601563
-0.0406646728515625 -0.168258666992188 -0.00747680664062502 -0.2779541015625
-0.0813064575195313 -0.113143920898438 -0.0455322265625 -0.213943481445312
-0.139923095703125 -0.0568084716796875 -0.0659637451171875 -0.161666870117188
-0.147506713867188 -0.00559997558593753 -0.0311355590820313 -0.111190795898438
-0.139801025390625 0.000251770019531272 0.03564453125 -0.0819778442382813
-0.165451049804688 0.00906372070312502 0.112525939941406 -0.0582809448242188
-0.170150756835938 -0.0270233154296875 0.161712646484375 0.0216217041015625
-0.145034790039063 -0.10296630859375 0.17047119140625 0.0789794921875
-0.0986175537109375 -0.149337768554688 0.113075256347656 0.116844177246094
0.02044677734375 -0.186355590820313 0.06744384765625 0.124679565429687
0.069580078125 -0.189773559570313 0.0771484375 0.0524673461914062
0.122390747070313 -0.175613403320313 0.218063354492188 0.00175476074218749
0.128692626953125 -0.144668579101563 -0.00822448730468747 -0.197067260742188
0.0850677490234375 -0.144012451171875 0.105941772460938 -0.2591552734375
0.05438232421875 -0.173782348632813 0.0929107666015625 -0.277633666992188
-0.0147857666015625 -0.167938232421875 0.021759033203125 -0.280258178710938
-0.0562820434570313 -0.118400573730469 -0.0146331787109375 -0.202423095703125
-0.107826232910156 -0.0761260986328125 -0.0213623046875 -0.1524658203125
-0.115379333496094 -0.0379486083984375 0.0199813842773437 -0.11090087890625
-0.105239868164062 -0.0313339233398438 0.0802841186523438 -0.0893402099609375
-0.124588012695312 -0.0244598388671875 0.153640747070313 -0.0725250244140625
-0.122634887695312 -0.0393600463867188 0.20013427734375 0.0042724609375
-0.105110168457031 -0.0902328491210937 0.197341918945312 0.061004638671875
-0.0786666870117188 -0.123580932617187 0.132362365722656 0.099761962890625
0.0155029296875 -0.158248901367188 0.0775222778320313 0.0985336303710937
0.0543365478515625 -0.15802001953125 0.0869064331054688 -0.00067138671875001
0.0984268188476563 -0.140220642089844 0.2596435546875 -0.056610107421875
0.0811538696289063 -0.0797958374023438 0.02838134765625 -0.219985961914063
0.06915283203125 -0.0892333984375 0.130691528320312 -0.27264404296875
0.052581787109375 -0.125251770019531 0.10540771484375 -0.271728515625
0.00343322753906251 -0.12799072265625 0.0419464111328125 -0.261947631835938
-0.0235595703125 -0.09051513671875 0.00714111328124998 -0.177719116210938
-0.05499267578125 -0.0730667114257813 0.0125198364257812 -0.130699157714844
-0.0619544982910156 -0.0601921081542969 0.0591049194335938 -0.0980072021484375
-0.0538291931152344 -0.0567169189453125 0.111839294433594 -0.0824050903320313
-0.065582275390625 -0.056671142578125 0.180435180664063 -0.06756591796875
-0.0576095581054688 -0.0552597045898438 0.219345092773438 0.003692626953125
-0.044189453125 -0.0757522583007813 0.204544067382813 0.0573577880859375
-0.0349197387695313 -0.0906906127929688 0.135223388671875 0.092376708984375
0.0283050537109375 -0.108230590820313 0.0745468139648438 0.0806427001953125
0.04864501953125 -0.0963211059570313 0.0897216796875 -0.0345230102539063
0.0701751708984375 -0.0770111083984375 0.288421630859375 -0.0958251953125
0.0203456878662109 -0.00827789306640625 0.032928466796875 -0.221359252929687
0.0305080413818359 -0.0259132385253906 0.1243896484375 -0.264389038085938
0.0265579223632813 -0.0547637939453125 0.0960845947265625 -0.25042724609375
0.0109329223632813 -0.0571746826171875 0.0464324951171875 -0.232681274414063
0.0121879577636719 -0.0363044738769531 0.01409912109375 -0.150787353515625
0.0116004943847656 -0.050079345703125 0.0291671752929687 -0.106185913085938
0.00473785400390626 -0.0706329345703125 0.0782318115234375 -0.0769271850585938
0.005523681640625 -0.0738067626953125 0.1259765625 -0.0625228881835938
0.000633239746093745 -0.081573486328125 0.18841552734375 -0.0444488525390625
0.0106582641601562 -0.066650390625 0.219207763671875 0.0218353271484375
0.0202980041503906 -0.0582351684570313 0.194107055664063 0.070404052734375
0.0165176391601563 -0.0542259216308594 0.127265930175781 0.0984954833984375
0.0478248596191406 -0.0468406677246094 0.0653762817382813 0.0808944702148438
0.0475120544433594 -0.017669677734375 0.0924072265625 -0.0409698486328125
0.0376167297363281 0.00092315673828125 0.30291748046875 -0.109375
-0.0388717651367188 0.0632972717285156 0.0058746337890625 -0.201156616210938
-0.0172348022460937 0.037567138671875 0.0911712646484375 -0.237289428710938
-0.00926399230957031 0.0263729095458984 0.07098388671875 -0.220993041992188
0.0139865875244141 0.0292530059814453 0.0345306396484375 -0.204864501953125
0.0483512878417969 0.0293846130371094 0.00295257568359377 -0.130706787109375
0.0812225341796875 -0.0180587768554688 0.02069091796875 -0.0838470458984375
0.0722198486328125 -0.0709991455078125 0.0716705322265625 -0.0506668090820313
0.0647964477539063 -0.078857421875 0.119789123535156 -0.0321884155273438
0.06402587890625 -0.091552734375 0.18048095703125 -0.00588989257812501
0.070831298828125 -0.0655364990234375 0.205276489257812 0.0560760498046875
0.0720596313476563 -0.03265380859375 0.174453735351563 0.0985107421875
0.0573043823242188 -0.0137557983398438 0.113067626953125 0.119155883789062
0.0607147216796875 0.0157699584960938 0.0544052124023438 0.101325988769531
0.0374221801757813 0.0641021728515625 0.0914535522460938 -0.0154647827148437
-0.000869750976562504 0.0813980102539063 0.298675537109375 -0.09088134765625
0.0650482177734375 -0.1944580078125 -0.2509765625 0.0680389404296875
-0.061492919921875 -0.119857788085938 -0.100776672363281 -0.02630615234375
-0.0863189697265625 -0.0652084350585938 -0.0520401000976563 -0.127174377441406
-0.105400085449219 -0.0205307006835938 -0.106292724609375 -0.156906127929688
-0.10089111328125 0.02020263671875 -0.140869140625 -0.135955810546875
-0.107208251953125 0.0846328735351563 -0.186553955078125 -0.07763671875
-0.0913314819335938 0.115760803222656 -0.169677734375 -0.0132904052734375
-0.094482421875 0.101547241210937 -0.105270385742188 0.00621032714843752
-0.120880126953125 0.101661682128906 -0.0420722961425781 0.0300445556640625
-0.141021728515625 0.0360260009765625 0.00427246093749999 0.0782089233398438
-0.123558044433594 -0.0477218627929688 0.0366134643554688 0.119316101074219
-0.0699920654296875 -0.0933990478515625 0.0073089599609375 0.161651611328125
0.016937255859375 -0.116180419921875 -0.0343017578125 0.210479736328125
0.0484466552734375 -0.127723693847656 -0.0322113037109375 0.224365234375
0.10003662109375 -0.146347045898438 0.0388641357421875 0.174346923828125
0.103912353515625 -0.232101440429687 -0.211715698242188 -0.01068115234375
-0.0269012451171875 -0.167724609375 -0.0743255615234375 -0.100601196289063
-0.0634613037109375 -0.119598388671875 -0.03240966796875 -0.179458618164063
-0.102523803710937 -0.0714874267578125 -0.088287353515625 -0.207077026367188
-0.109306335449219 -0.0214309692382813 -0.120742797851562 -0.175216674804688
-0.136222839355469 0.0484848022460937 -0.161407470703125 -0.122848510742187
-0.129409790039063 0.0909500122070313 -0.139854431152344 -0.0627517700195313
-0.132011413574219 0.081878662109375 -0.0724945068359375 -0.0377120971679688
-0.162384033203125 0.0856170654296875 -0.000806808471679698 -0.0121736526489258
-0.183029174804687 0.0178680419921875 0.0506629943847656 0.0503807067871094
-0.159866333007813 -0.0847015380859375 0.0827713012695312 0.0976181030273437
-0.0946197509765625 -0.143478393554688 0.0465164184570313 0.13848876953125
0.0280609130859375 -0.174057006835938 0.013397216796875 0.1759033203125
0.072052001953125 -0.182693481445313 0.017181396484375 0.164459228515625
0.126724243164063 -0.1898193359375 0.0989151000976563 0.111579895019531
0.13543701171875 -0.237533569335937 -0.155624389648438 -0.094451904296875
0.021636962890625 -0.190536499023438 -0.027191162109375 -0.174758911132813
-0.023101806640625 -0.165237426757813 -0.00148010253906251 -0.23309326171875
-0.082672119140625 -0.124809265136719 -0.0637664794921875 -0.253616333007813
-0.105941772460938 -0.0678329467773437 -0.096343994140625 -0.205841064453125
-0.148941040039063 0.000473022460937481 -0.126449584960938 -0.154830932617188
-0.15069580078125 0.051513671875 -0.0987777709960937 -0.10174560546875
-0.147308349609375 0.049102783203125 -0.0277023315429688 -0.0746231079101563
-0.1773681640625 0.058013916015625 0.0486412048339844 -0.0528030395507813
-0.19500732421875 0.00239562988281251 0.106697082519531 0.0183486938476563
-0.173446655273438 -0.096954345703125 0.132987976074219 0.0725173950195313
-0.114089965820313 -0.159622192382813 0.0878677368164063 0.115058898925781
0.019775390625 -0.202468872070313 0.052825927734375 0.140884399414063
0.0717620849609375 -0.210723876953125 0.0553741455078125 0.09857177734375
0.131149291992188 -0.20709228515625 0.161376953125 0.0364532470703125
0.144683837890625 -0.210708618164063 -0.0920867919921875 -0.165176391601563
0.0620574951171875 -0.185623168945313 0.024688720703125 -0.2398681640625
0.016357421875 -0.190567016601563 0.030853271484375 -0.275833129882812
-0.05517578125 -0.16290283203125 -0.040985107421875 -0.28570556640625
-0.0898056030273437 -0.105194091796875 -0.07147216796875 -0.217864990234375
-0.142669677734375 -0.0419158935546875 -0.0894775390625 -0.16668701171875
-0.147598266601563 0.00767517089843748 -0.0508575439453125 -0.121299743652344
-0.140342712402344 0.0114669799804687 0.0172805786132812 -0.0993804931640625
-0.166427612304688 0.0245208740234375 0.0945587158203125 -0.0865936279296875
-0.174774169921875 -0.01116943359375 0.156600952148438 -0.01580810546875
-0.159317016601562 -0.0928955078125 0.175140380859375 0.042205810546875
-0.116958618164063 -0.147705078125 0.124000549316406 0.089691162109375
0.00524902343750001 -0.200271606445313 0.080596923828125 0.105072021484375
0.0582275390625 -0.207534790039063 0.07720947265625 0.0318603515625
0.118789672851563 -0.19464111328125 0.21295166015625 -0.0396728515625
0.1298828125 -0.152862548828125 -0.0322723388671875 -0.217132568359375
0.0842742919921875 -0.148208618164063 0.07330322265625 -0.28369140625
0.0498809814453125 -0.178131103515625 0.061187744140625 -0.296142578125
-0.0228729248046875 -0.170974731445313 -0.0115966796875 -0.291259765625
-0.0619354248046875 -0.119575500488281 -0.0406036376953125 -0.208999633789063
-0.112335205078125 -0.0736846923828125 -0.0448760986328125 -0.159698486328125
-0.120849609375 -0.0350799560546875 -5.34057617187528E-05 -0.124778747558594
-0.110954284667969 -0.029815673828125 0.0613784790039062 -0.109123229980469
-0.129905700683594 -0.0214309692382813 0.135299682617188 -0.102729797363281
-0.128494262695313 -0.0363540649414063 0.192733764648438 -0.0346221923828125
-0.112213134765625 -0.08941650390625 0.198532104492188 0.0231475830078125
-0.0858001708984375 -0.124687194824219 0.14044189453125 0.0713272094726562
0.010223388671875 -0.165298461914063 0.0891036987304688 0.0764236450195312
0.052886962890625 -0.165359497070313 0.084503173828125 -0.023284912109375
0.101425170898438 -0.148117065429688 0.253067016601563 -0.102783203125
0.0890960693359375 -0.0762939453125 0.00799560546875001 -0.241897583007813
0.0781707763671875 -0.0881118774414063 0.102874755859375 -0.300384521484375
0.0593109130859375 -0.128387451171875 0.074859619140625 -0.294525146484375
0.00497436523437501 -0.135246276855469 0.01031494140625 -0.274078369140625
-0.0236282348632813 -0.0988082885742188 -0.015045166015625 -0.183380126953125
-0.0590438842773437 -0.0817642211914063 -0.00647735595703125 -0.137847900390625
-0.072113037109375 -0.0690460205078125 0.0426177978515625 -0.112068176269531
-0.0636558532714844 -0.0668296813964844 0.09588623046875 -0.100242614746094
-0.0782546997070313 -0.066314697265625 0.16326904296875 -0.0975494384765625
-0.0644416809082031 -0.0649642944335937 0.209579467773438 -0.0345306396484375
-0.0452041625976562 -0.0869903564453125 0.203369140625 0.02178955078125
-0.0316314697265625 -0.0983200073242187 0.14324951171875 0.064849853515625
0.0344009399414063 -0.11236572265625 0.0838394165039063 0.0603103637695312
0.0588607788085938 -0.0945205688476563 0.0874786376953125 -0.0561065673828125
0.0810317993164063 -0.073760986328125 0.28350830078125 -0.143035888671875
0.0348186492919922 0.0084991455078125 0.0196685791015625 -0.238693237304688
0.0443611145019531 -0.0156173706054688 0.1021728515625 -0.289794921875
0.0439643859863281 -0.0515060424804688 0.0694427490234375 -0.268951416015625
0.02459716796875 -0.0649070739746094 0.0154571533203125 -0.242828369140625
0.0209884643554687 -0.0505905151367187 -0.0060272216796875 -0.152374267578125
0.00924682617187499 -0.0705947875976562 0.0143585205078125 -0.10931396484375
-0.00783538818359374 -0.0900344848632813 0.0676651000976563 -0.0863113403320313
-0.00760650634765625 -0.0937347412109375 0.115638732910156 -0.07708740234375
-0.0139999389648438 -0.100830078125 0.1788330078125 -0.0678253173828125
0.00333404541015626 -0.086944580078125 0.213394165039063 -0.010101318359375
0.0231399536132812 -0.0777053833007813 0.196136474609375 0.042388916015625
0.0276260375976563 -0.0687675476074219 0.134529113769531 0.0756759643554688
0.0634422302246094 -0.0492744445800781 0.0775222778320313 0.0640716552734375
0.0673828125 -0.0107879638671875 0.0936508178710938 -0.0597763061523438
0.0553169250488281 0.0145988464355469 0.301055908203125 -0.151580810546875
-0.0220870971679687 0.088043212890625 -0.000534057617187494 -0.209014892578125
0.000923156738281247 0.0561943054199219 0.0752410888671875 -0.255401611328125
0.0126380920410156 0.0377998352050781 0.047210693359375 -0.235031127929687
0.0373039245605469 0.0242729187011719 0.00677490234375003 -0.209884643554688
0.0653610229492188 0.0126457214355469 -0.013824462890625 -0.125503540039062
0.0837478637695313 -0.0469284057617188 0.012725830078125 -0.0794296264648438
0.0608062744140625 -0.0972518920898438 0.0683135986328125 -0.0538330078125
0.051788330078125 -0.104461669921875 0.116462707519531 -0.0403213500976563
0.0469131469726562 -0.119026184082031 0.178131103515625 -0.022613525390625
0.0620956420898438 -0.0939254760742188 0.203933715820312 0.032623291015625
0.0788803100585938 -0.0588531494140625 0.179229736328125 0.0771636962890625
0.0727310180664063 -0.032073974609375 0.125328063964844 0.100944519042969
0.0836715698242188 0.0132293701171875 0.0703277587890625 0.0912551879882813
0.0666122436523438 0.0728836059570313 0.0991363525390625 -0.0285568237304687
0.0209884643554688 0.10107421875 0.30224609375 -0.125244140625
0.02947998046875 -0.21173095703125 -0.254562377929688 0.08978271484375
-0.089935302734375 -0.113494873046875 -0.113624572753906 -0.01171875
-0.10888671875 -0.0511016845703125 -0.0640792846679687 -0.116058349609375
-0.118812561035156 0.00524139404296877 -0.114532470703125 -0.1412353515625
-0.0979385375976563 0.0461502075195312 -0.147735595703125 -0.122207641601563
-0.088623046875 0.111190795898437 -0.1883544921875 -0.0619964599609375
-0.0671310424804688 0.132698059082031 -0.1671142578125 -0.00634765624999997
-0.07476806640625 0.121200561523438 -0.108573913574219 0.0101470947265625
-0.0972061157226563 0.12738037109375 -0.0453224182128906 0.0247917175292969
-0.133277893066406 0.0673828125 0.00773620605468749 0.0656814575195313
-0.136032104492188 -0.0199127197265625 0.0457534790039062 0.101615905761719
-0.09405517578125 -0.078704833984375 0.021240234375 0.152664184570313
-0.0134048461914063 -0.123115539550781 -0.0113067626953125 0.20867919921875
0.01959228515625 -0.14892578125 -0.016143798828125 0.225784301757813
0.0730133056640625 -0.173187255859375 0.04180908203125 0.167617797851562
0.070648193359375 -0.24981689453125 -0.228652954101563 0.00199890136718747
-0.05462646484375 -0.16326904296875 -0.099090576171875 -0.0922470092773438
-0.0854949951171875 -0.105758666992188 -0.0540924072265625 -0.171722412109375
-0.113327026367188 -0.0481185913085937 -0.108169555664062 -0.193893432617188
-0.108749389648438 0.00199127197265626 -0.135757446289062 -0.165771484375
-0.119308471679687 0.074371337890625 -0.173004150390625 -0.111175537109375
-0.108917236328125 0.110740661621094 -0.149215698242188 -0.059661865234375
-0.111968994140625 0.102882385253906 -0.0844345092773438 -0.0400238037109375
-0.14373779296875 0.111465454101562 -0.0142879486083985 -0.0227146148681641
-0.17779541015625 0.0482635498046875 0.0472297668457031 0.0290603637695313
-0.172012329101563 -0.0560302734375 0.0855941772460937 0.07379150390625
-0.119552612304687 -0.129310607910156 0.0549087524414062 0.121803283691406
-0.00225830078125002 -0.184738159179688 0.0298309326171875 0.164703369140625
0.0440216064453125 -0.203948974609375 0.0233154296875 0.157546997070313
0.103622436523437 -0.218597412109375 0.0932388305664063 0.0932235717773437
0.110366821289062 -0.253677368164063 -0.179122924804688 -0.0887298583984375
-0.00250244140625 -0.188995361328125 -0.059356689453125 -0.173675537109375
-0.042816162109375 -0.156814575195313 -0.0295257568359375 -0.227340698242188
-0.09521484375 -0.106597900390625 -0.090484619140625 -0.24456787109375
-0.106842041015625 -0.0489273071289062 -0.116714477539063 -0.198379516601562
-0.137321472167969 0.0226974487304688 -0.147354125976563 -0.148193359375
-0.136405944824219 0.0661239624023437 -0.116020202636719 -0.101524353027344
-0.137168884277344 0.06512451171875 -0.0456466674804688 -0.0795440673828125
-0.164703369140625 0.0796356201171875 0.028228759765625 -0.0704269409179688
-0.18975830078125 0.0263671875 0.0964202880859375 -0.00844573974609375
-0.184494018554688 -0.0739593505859375 0.128547668457031 0.041473388671875
-0.136672973632813 -0.147842407226562 0.0913314819335937 0.09130859375
-0.00617980957031251 -0.212081909179688 0.0626983642578125 0.122337341308594
0.0482330322265625 -0.228485107421875 0.0552902221679688 0.083587646484375
0.112350463867188 -0.23095703125 0.14715576171875 0.00942993164062499
0.131942749023438 -0.223129272460938 -0.123977661132812 -0.167922973632813
0.0485992431640625 -0.188400268554687 -0.014373779296875 -0.245590209960938
0.0038909912109375 -0.186660766601563 -0.000366210937500029 -0.277023315429688
-0.0687713623046875 -0.154739379882813 -0.0714874267578125 -0.280227661132813
-0.094635009765625 -0.0951156616210937 -0.0968475341796875 -0.213348388671875
-0.140007019042969 -0.0290756225585938 -0.111663818359375 -0.163223266601562
-0.143829345703125 0.01873779296875 -0.0738906860351563 -0.125541687011719
-0.136154174804688 0.0237197875976562 -0.00679016113281251 -0.108802795410156
-0.160385131835937 0.0382537841796875 0.0682296752929688 -0.106651306152344
-0.17547607421875 0.00427246093750002 0.139251708984375 -0.0472183227539063
-0.16973876953125 -0.07958984375 0.164749145507812 0.00910949707031249
-0.130867004394531 -0.1400146484375 0.123970031738281 0.0620193481445313
-0.013580322265625 -0.205245971679688 0.0863418579101563 0.0824966430664063
0.042877197265625 -0.217544555664062 0.0705108642578125 0.012115478515625
0.110763549804687 -0.211029052734375 0.194259643554688 -0.0733642578125
0.1280517578125 -0.158950805664062 -0.0629119873046875 -0.22784423828125
0.0819549560546875 -0.15234375 0.036651611328125 -0.295562744140625
0.04400634765625 -0.182296752929688 0.023895263671875 -0.301666259765625
-0.0302581787109375 -0.17230224609375 -0.04498291015625 -0.290130615234375
-0.0664138793945312 -0.117576599121094 -0.0660400390625 -0.205535888671875
-0.117599487304687 -0.0697174072265625 -0.0681304931640625 -0.158340454101563
-0.126235961914063 -0.0329208374023438 -0.022186279296875 -0.131439208984375
-0.116653442382813 -0.0269775390625 0.0356292724609375 -0.120368957519531
-0.134811401367188 -0.0155258178710937 0.107711791992187 -0.123611450195313
-0.131729125976563 -0.0329971313476563 0.169708251953125 -0.0668792724609375
-0.120025634765625 -0.0878524780273437 0.183517456054688 -0.0109405517578125
-0.0925674438476563 -0.125648498535156 0.136421203613281 0.0388031005859375
0.0055389404296875 -0.1722412109375 0.0900955200195313 0.0523681640625
0.049224853515625 -0.171173095703125 0.0739593505859375 -0.045318603515625
0.102935791015625 -0.15533447265625 0.231109619140625 -0.142410278320313
0.100563049316406 -0.0742645263671875 -0.0179290771484375 -0.254302978515625
0.085418701171875 -0.0893783569335938 0.06976318359375 -0.31634521484375
0.0659637451171875 -0.134368896484375 0.04150390625 -0.300079345703125
0.0044708251953125 -0.14105224609375 -0.0238494873046875 -0.273361206054688
-0.0249862670898438 -0.109138488769531 -0.0380859375 -0.180099487304688
-0.0686798095703125 -0.0885543823242188 -0.0265350341796875 -0.13897705078125
-0.0857696533203125 -0.0757598876953125 0.022369384765625 -0.121124267578125
-0.0767593383789063 -0.0723190307617188 0.075347900390625 -0.110176086425781
-0.09033203125 -0.0711135864257813 0.137069702148438 -0.116966247558594
-0.075164794921875 -0.0732345581054687 0.188888549804688 -0.0619964599609375
-0.0503692626953125 -0.095916748046875 0.188186645507813 -0.00895690917968751
-0.0318069458007813 -0.107620239257813 0.137008666992188 0.0351943969726562
0.0425338745117187 -0.119773864746094 0.087005615234375 0.0383148193359375
0.06927490234375 -0.0984649658203125 0.076904296875 -0.0780410766601563
0.09051513671875 -0.0728988647460938 0.261077880859375 -0.181838989257813
0.0535354614257813 0.016845703125 0.00297546386718751 -0.251251220703125
0.0625877380371094 -0.011749267578125 0.074859619140625 -0.302459716796875
0.0581932067871094 -0.051727294921875 0.0400390625 -0.275604248046875
0.0333251953125 -0.0787200927734375 -0.0147247314453125 -0.242782592773438
0.0241546630859375 -0.0661544799804688 -0.02532958984375 -0.144775390625
-9.91821289062576E-05 -0.0893630981445313 0.000404357910156249 -0.107070922851563
-0.0253677368164062 -0.103126525878906 0.05609130859375 -0.09259033203125
-0.0244598388671875 -0.10614013671875 0.1015625 -0.0866546630859375
-0.0366897583007813 -0.115478515625 0.160247802734375 -0.086639404296875
-0.01202392578125 -0.103225708007812 0.19451904296875 -0.035400390625
0.0177688598632813 -0.0978240966796875 0.1834716796875 0.015777587890625
0.0345535278320313 -0.0858840942382812 0.132499694824219 0.051666259765625
0.0812606811523438 -0.058807373046875 0.0814590454101563 0.0442962646484375
0.0903778076171875 -0.0123825073242188 0.0860214233398438 -0.0759506225585938
0.0772323608398438 0.0176162719726563 0.28387451171875 -0.187744140625
0.00401306152343751 0.105400085449219 -0.010284423828125 -0.2156982421875
0.0254592895507813 0.0676994323730469 0.056915283203125 -0.266433715820313
0.0395545959472656 0.0380172729492188 0.021514892578125 -0.239364624023438
0.0582962036132813 0.0119514465332031 -0.0181732177734375 -0.20391845703125
0.0745010375976562 -0.00896453857421875 -0.027679443359375 -0.113883972167969
0.0756912231445313 -0.074066162109375 0.00584411621093751 -0.0732345581054688
0.0411376953125 -0.120155334472656 0.0654792785644531 -0.0560455322265625
0.029937744140625 -0.123252868652344 0.109855651855469 -0.0471343994140625
0.0222549438476562 -0.139724731445313 0.166336059570313 -0.035980224609375
0.0432815551757812 -0.119651794433594 0.191970825195313 0.0128326416015625
0.0752410888671875 -0.08575439453125 0.173309326171875 0.0566253662109375
0.08251953125 -0.0544662475585938 0.126930236816406 0.0812225341796875
0.1064453125 0.00411224365234375 0.079254150390625 0.0727005004882813
0.09619140625 0.0721435546875 0.0984878540039063 -0.0450057983398437
0.0511093139648438 0.111015319824219 0.2921142578125 -0.156951904296875
-0.00636291503906252 -0.219528198242187 -0.257125854492188 0.109481811523438
-0.116004943847656 -0.102325439453125 -0.121711730957031 0.00438690185546876
-0.124221801757813 -0.0301055908203125 -0.0716629028320313 -0.1016845703125
-0.119300842285156 0.03118896484375 -0.118637084960938 -0.127120971679687
-0.089385986328125 0.0689620971679687 -0.14825439453125 -0.111068725585938
-0.0632095336914062 0.129539489746094 -0.185028076171875 -0.0538787841796875
-0.0400848388671875 0.146026611328125 -0.166595458984375 -0.00108337402343747
-0.051116943359375 0.13250732421875 -0.110557556152344 0.00937652587890625
-0.0721893310546875 0.14361572265625 -0.0514602661132813 0.0220375061035156
-0.116470336914062 0.0887603759765625 0.00705337524414062 0.0531730651855469
-0.137763977050781 0.00654602050781252 0.0460357666015625 0.0868301391601563
-0.1103515625 -0.058929443359375 0.030120849609375 0.143447875976563
-0.042236328125 -0.123725891113281 0.00315856933593748 0.201690673828125
-0.011199951171875 -0.1578369140625 -0.00666809082031251 0.225631713867188
0.0441131591796875 -0.19183349609375 0.0417633056640625 0.16461181640625
0.039520263671875 -0.259033203125 -0.2418212890625 0.016510009765625
-0.0776214599609375 -0.152740478515625 -0.116134643554688 -0.0772933959960938
-0.100662231445312 -0.088165283203125 -0.0679931640625 -0.160125732421875
-0.117546081542969 -0.0243988037109375 -0.117889404296875 -0.18115234375
-0.102073669433594 0.0228729248046875 -0.143035888671875 -0.155868530273438
-0.0992584228515625 0.0916519165039062 -0.178009033203125 -0.1029052734375
-0.086883544921875 0.121421813964844 -0.1583251953125 -0.0556793212890625
-0.0945205688476563 0.113189697265625 -0.0960617065429688 -0.039276123046875
-0.122352600097656 0.127693176269531 -0.02960205078125 -0.0288486480712891
-0.163543701171875 0.0708465576171875 0.0383758544921875 0.0130233764648438
-0.178924560546875 -0.0309600830078125 0.0791473388671875 0.0531768798828125
-0.138999938964844 -0.11102294921875 0.0570602416992188 0.106864929199219
-0.031158447265625 -0.186859130859375 0.0368804931640625 0.15142822265625
0.0137176513671875 -0.21533203125 0.0252838134765625 0.150314331054688
0.0788726806640625 -0.237655639648438 0.0822525024414063 0.0814437866210937
0.0861358642578125 -0.263381958007812 -0.203811645507812 -0.0809326171875
-0.019073486328125 -0.183395385742188 -0.086669921875 -0.163375854492188
-0.0557861328125 -0.143569946289063 -0.0498046875 -0.21929931640625
-0.100250244140625 -0.088897705078125 -0.108688354492187 -0.234085083007813
-0.102912902832031 -0.034637451171875 -0.131240844726562 -0.189651489257813
-0.123802185058594 0.0371246337890625 -0.1597900390625 -0.141204833984375
-0.120880126953125 0.0768051147460938 -0.132881164550781 -0.0989151000976563
-0.122932434082031 0.0755615234375 -0.0674514770507813 -0.0817489624023438
-0.151382446289063 0.0933837890625 0.00392913818359374 -0.0773391723632813
-0.181396484375 0.045745849609375 0.0779037475585938 -0.027557373046875
-0.19171142578125 -0.0541534423828125 0.115669250488281 0.0180206298828125
-0.152374267578125 -0.133743286132812 0.0867843627929687 0.071563720703125
-0.0305633544921875 -0.214828491210938 0.0650787353515625 0.1038818359375
0.0248870849609375 -0.239089965820313 0.0476531982421875 0.0708084106445312
0.0946044921875 -0.249008178710938 0.127853393554688 -0.0106277465820313
0.11822509765625 -0.232742309570313 -0.151077270507813 -0.166839599609375
0.0371856689453125 -0.18572998046875 -0.04534912109375 -0.240081787109375
-0.0047149658203125 -0.18145751953125 -0.027984619140625 -0.269317626953125
-0.07354736328125 -0.14495849609375 -0.096343994140625 -0.270339965820313
-0.0947113037109375 -0.0858078002929688 -0.114227294921875 -0.204315185546875
-0.133575439453125 -0.0184402465820313 -0.130645751953125 -0.156265258789063
-0.137565612792969 0.0251998901367188 -0.095977783203125 -0.124176025390625
-0.132072448730469 0.0294189453125 -0.0300979614257813 -0.111000061035156
-0.156524658203125 0.048248291015625 0.0404815673828125 -0.115440368652344
-0.171798706054688 0.016998291015625 0.113883972167969 -0.0659866333007813
-0.174728393554688 -0.0681304931640625 0.144622802734375 -0.0163726806640625
-0.14398193359375 -0.133102416992187 0.111000061035156 0.038665771484375
-0.029266357421875 -0.20965576171875 0.0810012817382813 0.0601272583007812
0.02899169921875 -0.226608276367188 0.0580406188964844 -0.00208282470703126
0.100112915039063 -0.224029541015625 0.168777465820313 -0.0994415283203125
0.128952026367188 -0.166595458984375 -0.093414306640625 -0.230850219726562
0.081695556640625 -0.154495239257813 0.000305175781249972 -0.296295166015625
0.0428466796875 -0.183090209960938 -0.00296020507812503 -0.298248291015625
-0.0357513427734375 -0.17156982421875 -0.07171630859375 -0.282196044921875
-0.0696334838867188 -0.118385314941406 -0.0841827392578125 -0.197906494140625
-0.118820190429688 -0.0664596557617188 -0.0866851806640625 -0.154586791992188
-0.130012512207031 -0.0293045043945313 -0.0459442138671875 -0.130706787109375
-0.120986938476563 -0.02471923828125 0.0132598876953125 -0.122856140136719
-0.140579223632813 -0.0123138427734375 0.077606201171875 -0.132476806640625
-0.136123657226563 -0.0286712646484375 0.142288208007813 -0.0860595703125
-0.125648498535156 -0.0875015258789062 0.162384033203125 -0.034820556640625
-0.0998077392578125 -0.127433776855469 0.122695922851563 0.0176925659179687
0.000244140624999986 -0.176986694335938 0.0829086303710938 0.0293121337890625
0.0478973388671875 -0.177764892578125 0.0591964721679688 -0.0595588684082031
0.104736328125 -0.163177490234375 0.203414916992188 -0.169876098632812
0.113777160644531 -0.0773544311523437 -0.0431976318359375 -0.262283325195313
0.0971755981445313 -0.0928878784179688 0.03546142578125 -0.3214111328125
0.0720138549804687 -0.140533447265625 0.01287841796875 -0.300689697265625
0.00482177734375 -0.15289306640625 -0.04827880859375 -0.26763916015625
-0.0288543701171875 -0.118156433105469 -0.0542755126953125 -0.170440673828125
-0.0781021118164063 -0.0958404541015625 -0.0416107177734375 -0.132972717285156
-0.098114013671875 -0.0772552490234375 0.00473022460937501 -0.12060546875
-0.0909881591796875 -0.0753021240234375 0.0547256469726562 -0.115608215332031
-0.105789184570313 -0.0737075805664063 0.112335205078125 -0.125099182128906
-0.085205078125 -0.077423095703125 0.161422729492188 -0.0803985595703125
-0.0576553344726562 -0.10760498046875 0.168472290039063 -0.02886962890625
-0.0335845947265625 -0.119178771972656 0.124153137207031 0.0144805908203125
0.0470962524414062 -0.127853393554688 0.0780410766601563 0.0168075561523437
0.08050537109375 -0.10394287109375 0.063720703125 -0.0918807983398438
0.106307983398438 -0.0775070190429688 0.236862182617188 -0.210693359375
0.0768356323242188 0.019622802734375 -0.0170745849609375 -0.258987426757813
0.084014892578125 -0.012786865234375 0.04949951171875 -0.31243896484375
0.0763931274414063 -0.062530517578125 0.0142974853515625 -0.277801513671875
0.0400619506835938 -0.0926361083984375 -0.0367279052734375 -0.233840942382812
0.0226821899414063 -0.0840682983398438 -0.0358047485351562 -0.136871337890625
-0.0133285522460938 -0.104629516601562 -0.0079803466796875 -0.101593017578125
-0.046051025390625 -0.112258911132813 0.044219970703125 -0.0941543579101563
-0.045501708984375 -0.114204406738281 0.0860671997070312 -0.0904388427734375
-0.0589447021484375 -0.122360229492188 0.140235900878906 -0.0927200317382813
-0.030609130859375 -0.117378234863281 0.1728515625 -0.049072265625
0.010101318359375 -0.117050170898438 0.166824340820313 -0.000839233398437507
0.0338821411132813 -0.104522705078125 0.124893188476563 0.03131103515625
0.0941390991210938 -0.07086181640625 0.0778579711914063 0.0257644653320313
0.110641479492188 -0.0186767578125 0.078399658203125 -0.0916595458984375
0.0991134643554687 0.021209716796875 0.263442993164063 -0.214691162109375
0.031341552734375 0.11358642578125 -0.016845703125 -0.220916748046875
0.0498886108398437 0.0707626342773437 0.0396728515625 -0.272323608398438
0.0627517700195313 0.0321884155273438 0.001983642578125 -0.23779296875
0.0713958740234375 -0.00696563720703125 -0.0361328125 -0.193557739257813
0.0775375366210937 -0.0314254760742188 -0.0350189208984375 -0.102241516113281
0.0609817504882813 -0.0963897705078125 0.00329589843750001 -0.0654487609863281
0.0160064697265625 -0.132514953613281 0.0621719360351563 -0.0548591613769531
0.00406646728515624 -0.133796691894531 0.104484558105469 -0.0512771606445313
-0.0056915283203125 -0.149581909179688 0.157485961914062 -0.0431976318359375
0.0212020874023437 -0.132652282714844 0.177947998046875 -0.000198364257812508
0.0641860961914063 -0.109809875488281 0.1629638671875 0.0425567626953125
0.0828018188476563 -0.0788421630859375 0.124496459960938 0.0628662109375
0.123443603515625 -0.0145034790039062 0.0813827514648438 0.0584869384765625
0.124320983886719 0.0641326904296875 0.100311279296875 -0.0575180053710937
0.0789337158203125 0.113983154296875 0.281112670898437 -0.179290771484375
-0.04095458984375 -0.22222900390625 -0.261444091796875 0.128158569335938
-0.138420104980469 -0.08648681640625 -0.127120971679688 0.0215988159179688
-0.136665344238281 -0.00920867919921875 -0.0747451782226563 -0.0908432006835937
-0.117767333984375 0.0576324462890625 -0.119026184082031 -0.117378234863281
-0.0783233642578125 0.087646484375 -0.1478271484375 -0.105361938476562
-0.0381317138671875 0.141555786132813 -0.18426513671875 -0.048126220703125
-0.0152435302734375 0.151473999023438 -0.169204711914063 0.001190185546875
-0.0277023315429687 0.140327453613281 -0.115127563476562 0.0112991333007813
-0.0473175048828125 0.153839111328125 -0.0602493286132813 0.020904541015625
-0.0987777709960938 0.107368469238281 0.00140762329101562 0.04473876953125
-0.135787963867187 0.0317916870117188 0.042236328125 0.075042724609375
-0.12274169921875 -0.0371170043945313 0.0341644287109375 0.135200500488281
-0.067962646484375 -0.118309020996094 0.0131072998046875 0.196456909179688
-0.041717529296875 -0.160873413085938 0.00181579589843747 0.228164672851563
0.0142822265625 -0.204620361328125 0.0391082763671875 0.165939331054688
0.0102081298828125 -0.26336669921875 -0.258163452148438 0.0323333740234375
-0.09808349609375 -0.1407470703125 -0.131591796875 -0.0620880126953125
-0.111366271972656 -0.0697097778320313 -0.078521728515625 -0.149856567382813
-0.1175537109375 -0.00167083740234373 -0.125335693359375 -0.17205810546875
-0.0918960571289063 0.0392913818359375 -0.149734497070312 -0.14959716796875
-0.0778121948242187 0.1031494140625 -0.185577392578125 -0.09783935546875
-0.065948486328125 0.12738037109375 -0.168807983398438 -0.0528717041015625
-0.0756683349609375 0.121604919433594 -0.108627319335938 -0.037506103515625
-0.101432800292969 0.138702392578125 -0.0460281372070313 -0.0315971374511719
-0.149246215820312 0.088348388671875 0.0255165100097656 0.00262260437011719
-0.179718017578125 -0.00811767578124997 0.0685958862304687 0.038360595703125
-0.153549194335938 -0.09326171875 0.0543975830078125 0.0950164794921875
-0.05755615234375 -0.184783935546875 0.040130615234375 0.140899658203125
-0.01507568359375 -0.222900390625 0.024139404296875 0.147491455078125
0.0521240234375 -0.253158569335938 0.0704345703125 0.0767974853515625
0.0664825439453125 -0.270477294921875 -0.229232788085937 -0.070770263671875
-0.0341033935546875 -0.176666259765625 -0.10980224609375 -0.150833129882813
-0.0638656616210937 -0.1324462890625 -0.0657958984375 -0.211944580078125
-0.102149963378906 -0.0727767944335938 -0.123611450195312 -0.225753784179688
-0.0971145629882813 -0.0222854614257813 -0.143157958984375 -0.183609008789063
-0.110031127929687 0.0468521118164063 -0.173110961914063 -0.135040283203125
-0.107719421386719 0.0827713012695312 -0.150726318359375 -0.0951690673828125
-0.111785888671875 0.08258056640625 -0.0852890014648438 -0.0797348022460938
-0.137893676757813 0.103736877441406 -0.0184402465820313 -0.0800857543945312
-0.173263549804688 0.06103515625 0.0578575134277344 -0.0402793884277344
-0.195785522460938 -0.03607177734375 0.0991592407226562 0.001495361328125
-0.167037963867187 -0.120147705078125 0.0776290893554687 0.057891845703125
-0.052642822265625 -0.215576171875 0.0614242553710938 0.088836669921875
0.00164794921875 -0.24835205078125 0.0394477844238281 0.0635719299316406
0.076507568359375 -0.26568603515625 0.108245849609375 -0.0217132568359375
0.109237670898438 -0.24139404296875 -0.181854248046875 -0.161056518554688
0.0307464599609375 -0.185775756835938 -0.074432373046875 -0.232528686523438
-0.00997924804687499 -0.17950439453125 -0.04901123046875 -0.264175415039063
-0.0783004760742188 -0.138236999511719 -0.115676879882812 -0.263259887695313
-0.0938949584960938 -0.0804824829101563 -0.129608154296875 -0.197113037109375
-0.128837585449219 -0.0131072998046875 -0.148208618164063 -0.151092529296875
-0.134323120117188 0.0295639038085938 -0.116775512695313 -0.120429992675781
-0.129631042480469 0.0343093872070313 -0.0520477294921875 -0.108497619628906
-0.153305053710938 0.0550384521484375 0.0139846801757812 -0.118370056152344
-0.169937133789063 0.025665283203125 0.0887298583984375 -0.0779647827148438
-0.1805419921875 -0.05767822265625 0.124519348144531 -0.032073974609375
-0.155441284179687 -0.12646484375 0.096282958984375 0.0233917236328125
-0.0424346923828125 -0.213180541992188 0.0715484619140625 0.0435409545898437
0.014984130859375 -0.236373901367188 0.04364013671875 -0.012664794921875
0.09295654296875 -0.23895263671875 0.14373779296875 -0.115966796875
0.132232666015625 -0.175735473632813 -0.124176025390625 -0.23175048828125
0.0840301513671875 -0.16064453125 -0.029266357421875 -0.2950439453125
0.04327392578125 -0.191177368164062 -0.026092529296875 -0.29608154296875
-0.0412445068359375 -0.175567626953125 -0.0945892333984375 -0.275802612304688
-0.0730133056640625 -0.121772766113281 -0.10052490234375 -0.190628051757812
-0.124420166015625 -0.0662078857421875 -0.104141235351563 -0.148941040039063
-0.137619018554687 -0.0275115966796875 -0.0660247802734375 -0.128829956054688
-0.128379821777344 -0.022491455078125 -0.0087738037109375 -0.121063232421875
-0.148056030273438 -0.00865173339843751 0.051177978515625 -0.136116027832031
-0.142501831054688 -0.026153564453125 0.115638732910156 -0.0962677001953125
-0.133712768554687 -0.0874404907226563 0.139671325683594 -0.0481109619140625
-0.10791015625 -0.131065368652344 0.1048583984375 0.00342559814453124
-0.00488281249999999 -0.185501098632813 0.0698356628417969 0.0132827758789062
0.047149658203125 -0.1881103515625 0.0414886474609375 -0.0718536376953125
0.108871459960938 -0.175796508789062 0.1763916015625 -0.190994262695313
0.129051208496094 -0.084503173828125 -0.06982421875 -0.268997192382813
0.109672546386719 -0.100227355957031 0.00762939453124999 -0.32598876953125
0.0794525146484375 -0.153671264648438 -0.00906372070312499 -0.299835205078125
0.0016632080078125 -0.166458129882813 -0.070892333984375 -0.261245727539063
-0.0345535278320312 -0.128990173339844 -0.0677337646484375 -0.164810180664063
-0.0899124145507813 -0.102333068847656 -0.0553970336914062 -0.128829956054688
-0.114089965820312 -0.07928466796875 -0.0115127563476563 -0.119331359863281
-0.106956481933594 -0.0760498046875 0.0362701416015625 -0.115547180175781
-0.12274169921875 -0.0737152099609375 0.0894927978515625 -0.128288269042969
-0.0998458862304688 -0.0814666748046875 0.137176513671875 -0.0875244140625
-0.0699691772460937 -0.117057800292969 0.147293090820312 -0.0406494140625
-0.0396804809570313 -0.132522583007813 0.107994079589844 0.00114440917968749
0.0520477294921875 -0.141525268554688 0.0663223266601563 0.00129318237304687
0.0912399291992188 -0.114776611328125 0.0488967895507813 -0.105033874511719
0.122283935546875 -0.085540771484375 0.211944580078125 -0.233856201171875
0.100082397460938 0.0182113647460938 -0.0355987548828125 -0.268722534179688
0.103050231933594 -0.018951416015625 0.027557373046875 -0.320098876953125
0.0909042358398438 -0.0770263671875 -0.00691223144531252 -0.277664184570313
0.04229736328125 -0.11077880859375 -0.0539398193359375 -0.2269287109375
0.0178680419921875 -0.101676940917969 -0.04388427734375 -0.12921142578125
-0.030426025390625 -0.116371154785156 -0.014862060546875 -0.09783935546875
-0.0679702758789063 -0.117713928222656 0.0348281860351562 -0.0942153930664063
-0.0692062377929687 -0.117469787597656 0.0748367309570313 -0.0915069580078125
-0.083251953125 -0.125724792480469 0.123748779296875 -0.095794677734375
-0.0506362915039063 -0.124870300292969 0.15386962890625 -0.0535888671875
-0.0034637451171875 -0.134132385253906 0.150665283203125 -0.0101776123046875
0.0290069580078125 -0.124763488769531 0.111213684082031 0.017578125
0.106407165527344 -0.08905029296875 0.0698013305664063 0.0113143920898437
0.131462097167969 -0.0313568115234375 0.0685882568359375 -0.105636596679687
0.124259948730469 0.0156784057617187 0.245834350585937 -0.237335205078125
0.0590744018554688 0.116523742675781 -0.0263671875 -0.229339599609375
0.0763397216796875 0.0683364868164062 0.024993896484375 -0.280715942382813
0.0849533081054688 0.0206680297851563 -0.014251708984375 -0.236099243164063
0.0799407958984375 -0.0284957885742188 -0.049407958984375 -0.18450927734375
0.0745315551757813 -0.0521392822265625 -0.0364837646484375 -0.0919723510742188
0.04229736328125 -0.113883972167969 0.00531768798828125 -0.0609130859375
-0.00894165039062499 -0.14080810546875 0.0624771118164063 -0.0556182861328125
-0.0204086303710938 -0.140098571777344 0.10150146484375 -0.05224609375
-0.0341339111328125 -0.155975341796875 0.150466918945312 -0.0472412109375
-0.00302124023437499 -0.143707275390625 0.166229248046875 -0.00274658203125001
0.0486679077148438 -0.130531311035156 0.154434204101563 0.035888671875
0.07855224609375 -0.1026611328125 0.117599487304687 0.051300048828125
0.138145446777344 -0.0336456298828125 0.0801467895507813 0.0450668334960937
0.149703979492187 0.05084228515625 0.0986404418945313 -0.0716552734375
0.108177185058594 0.111503601074219 0.272933959960938 -0.200942993164063
-0.0760040283203125 -0.220504760742187 -0.26708984375 0.153076171875
-0.160018920898438 -0.0664215087890625 -0.131065368652344 0.0407028198242188
-0.145767211914063 0.01556396484375 -0.0777664184570313 -0.082855224609375
-0.110763549804688 0.083892822265625 -0.120681762695313 -0.110763549804688
-0.0624923706054688 0.1055908203125 -0.152099609375 -0.102279663085937
-0.010772705078125 0.149032592773438 -0.186630249023438 -0.0439910888671875
0.010894775390625 0.1536865234375 -0.1763916015625 0.00579833984374999
-0.00404357910156252 0.144622802734375 -0.12261962890625 0.0151138305664062
-0.0204315185546875 0.161102294921875 -0.0687103271484375 0.0231437683105469
-0.0791854858398437 0.122734069824219 -0.00533676147460938 0.0387039184570313
-0.130165100097656 0.0558242797851562 0.0380287170410156 0.0670547485351563
-0.131004333496094 -0.0147552490234375 0.0377578735351562 0.130256652832031
-0.0945281982421875 -0.108749389648438 0.022247314453125 0.193557739257812
-0.074676513671875 -0.15966796875 0.0110321044921875 0.234085083007812
-0.0189361572265625 -0.214523315429687 0.0398712158203125 0.172119140625
-0.0196533203125 -0.267837524414063 -0.27679443359375 0.0551910400390625
-0.117271423339844 -0.126136779785156 -0.145248413085938 -0.043792724609375
-0.120033264160156 -0.050811767578125 -0.0876007080078125 -0.14190673828125
-0.113235473632813 0.0203704833984375 -0.1356201171875 -0.165634155273438
-0.0792160034179688 0.053802490234375 -0.16021728515625 -0.145172119140625
-0.0553207397460938 0.110519409179688 -0.196380615234375 -0.0928802490234375
-0.0447769165039063 0.131134033203125 -0.1844482421875 -0.0471954345703125
-0.0570831298828125 0.126983642578125 -0.123771667480469 -0.032989501953125
-0.0804443359375 0.148269653320313 -0.0631523132324219 -0.02911376953125
-0.134811401367187 0.104583740234375 0.0108366012573242 -0.00402736663818359
-0.179244995117188 0.0154876708984375 0.0566520690917969 0.0289154052734375
-0.166915893554688 -0.0734100341796875 0.0507354736328125 0.088287353515625
-0.084442138671875 -0.180938720703125 0.0421676635742188 0.133148193359375
-0.04638671875 -0.227676391601563 0.0232391357421875 0.14892578125
0.0226898193359375 -0.2696533203125 0.060302734375 0.0765228271484375
0.0460662841796875 -0.280166625976563 -0.258071899414063 -0.0526885986328125
-0.0486297607421875 -0.170379638671875 -0.13262939453125 -0.136619567871094
-0.0714111328125 -0.122795104980469 -0.082855224609375 -0.206039428710938
-0.102508544921875 -0.0587615966796875 -0.139801025390625 -0.220184326171875
-0.090057373046875 -0.0121078491210937 -0.158538818359375 -0.178390502929688
-0.0961151123046875 0.053009033203125 -0.189651489257813 -0.12884521484375
-0.0962600708007813 0.0871429443359375 -0.171859741210938 -0.0890350341796875
-0.100906372070313 0.0886917114257813 -0.105361938476562 -0.0744476318359375
-0.12615966796875 0.113250732421875 -0.0420150756835938 -0.0785598754882813
-0.16522216796875 0.0751953125 0.0376205444335937 -0.0468063354492187
-0.199737548828125 -0.0173797607421875 0.0820388793945312 -0.00884246826171875
-0.1815185546875 -0.105743408203125 0.0675239562988281 0.0491790771484375
-0.07672119140625 -0.216995239257813 0.0551681518554687 0.0778961181640625
-0.0242156982421875 -0.25726318359375 0.0300331115722656 0.0605621337890625
0.05560302734375 -0.2841796875 0.0887603759765625 -0.0282745361328125
0.0995941162109375 -0.255950927734375 -0.216812133789063 -0.150344848632813
0.023468017578125 -0.189453125 -0.10296630859375 -0.222900390625
-0.014617919921875 -0.182022094726563 -0.0703277587890625 -0.260711669921875
-0.0831527709960938 -0.133865356445313 -0.137222290039062 -0.258041381835938
-0.0943374633789063 -0.0778045654296875 -0.147491455078125 -0.192398071289063
-0.125686645507813 -0.00840759277343749 -0.16815185546875 -0.14453125
-0.132904052734375 0.0347518920898438 -0.140388488769531 -0.113235473632813
-0.129180908203125 0.0402374267578125 -0.0743255615234375 -0.10345458984375
-0.152236938476563 0.0643157958984375 -0.0128707885742188 -0.117073059082031
-0.170089721679688 0.0357666015625 0.0648117065429688 -0.0842361450195313
-0.189163208007813 -0.0464630126953125 0.103851318359375 -0.0417404174804688
-0.170181274414062 -0.120681762695313 0.0810394287109375 0.014251708984375
-0.06005859375 -0.219497680664063 0.0599708557128906 0.0315895080566406
-0.001190185546875 -0.248306274414063 0.026824951171875 -0.0199947357177735
0.0827178955078125 -0.259048461914063 0.117477416992188 -0.129814147949219
0.1358642578125 -0.191680908203125 -0.15948486328125 -0.229293823242188
0.0856170654296875 -0.171249389648438 -0.0609130859375 -0.29229736328125
0.04241943359375 -0.202590942382813 -0.05023193359375 -0.2955322265625
-0.0496826171875 -0.182876586914063 -0.118240356445313 -0.270721435546875
-0.0801315307617188 -0.125747680664062 -0.117111206054688 -0.185775756835937
-0.132713317871094 -0.0650863647460937 -0.123428344726563 -0.143630981445313
-0.147567749023438 -0.0234222412109375 -0.0880050659179688 -0.123977661132813
-0.138267517089844 -0.0185623168945312 -0.0292205810546875 -0.117240905761719
-0.15802001953125 -0.00236511230468751 0.0264205932617188 -0.135910034179688
-0.152114868164062 -0.0214080810546875 0.0907516479492187 -0.101051330566406
-0.147354125976563 -0.0865020751953125 0.118057250976562 -0.0563430786132812
-0.121864318847656 -0.135238647460937 0.087554931640625 -0.00592041015625001
-0.0128326416015625 -0.197845458984375 0.0549964904785156 0.000568389892578113
0.0430908203125 -0.20294189453125 0.0216827392578125 -0.0818710327148438
0.112258911132812 -0.194366455078125 0.149703979492188 -0.21014404296875
0.143936157226563 -0.0984039306640625 -0.102188110351562 -0.274154663085938
0.121612548828125 -0.115119934082031 -0.0220947265625 -0.331085205078125
0.084625244140625 -0.173446655273438 -0.034271240234375 -0.302642822265625
-0.00645446777343749 -0.182693481445313 -0.0931396484375 -0.257461547851563
-0.045379638671875 -0.14068603515625 -0.08099365234375 -0.159637451171875
-0.106819152832031 -0.1060791015625 -0.0693893432617188 -0.125503540039063
-0.13427734375 -0.0769195556640625 -0.0282821655273438 -0.117034912109375
-0.125320434570313 -0.0736312866210938 0.0202713012695312 -0.113327026367187
-0.143218994140625 -0.069549560546875 0.0692672729492188 -0.12939453125
-0.117713928222656 -0.0817108154296875 0.116004943847656 -0.09027099609375
-0.08587646484375 -0.1260986328125 0.128578186035156 -0.046234130859375
-0.0516510009765625 -0.147598266601563 0.091552734375 -0.00762939453125001
0.0536651611328125 -0.160263061523438 0.0519676208496094 -0.0105171203613281
0.100509643554687 -0.133262634277344 0.03009033203125 -0.117301940917969
0.138038635253906 -0.101234436035156 0.187210083007812 -0.257354736328125
0.12506103515625 0.00830078125 -0.0599822998046875 -0.27850341796875
0.123603820800781 -0.0322036743164063 0.00152587890625001 -0.33050537109375
0.103874206542969 -0.0978622436523437 -0.0288238525390625 -0.280075073242188
0.038848876953125 -0.133308410644531 -0.0719757080078125 -0.22174072265625
0.00765228271484375 -0.118988037109375 -0.0514297485351562 -0.122482299804688
-0.0523605346679688 -0.126121520996094 -0.0218276977539063 -0.0949325561523438
-0.0942916870117187 -0.119430541992188 0.0261306762695312 -0.0946502685546875
-0.093780517578125 -0.11688232421875 0.0648956298828125 -0.0913314819335938
-0.111297607421875 -0.125312805175781 0.111175537109375 -0.098358154296875
-0.0747756958007813 -0.130027770996094 0.139495849609375 -0.0552215576171875
-0.0231475830078125 -0.150100708007813 0.137680053710938 -0.0142440795898438
0.0185546875 -0.14697265625 0.0982894897460938 0.00936889648437499
0.114959716796875 -0.112106323242188 0.0596542358398438 -0.000236511230468757
0.15106201171875 -0.050628662109375 0.0555038452148438 -0.120170593261719
0.149673461914062 0.002838134765625 0.2288818359375 -0.263427734375
0.0900650024414063 0.114082336425781 -0.0392608642578125 -0.240951538085938
0.102142333984375 0.0603103637695313 0.00738525390625001 -0.292388916015625
0.105209350585938 0.002685546875 -0.0325927734375 -0.23748779296875
0.0828018188476563 -0.0528411865234375 -0.06109619140625 -0.17657470703125
0.0683746337890625 -0.0736618041992188 -0.0378036499023437 -0.0844802856445313
0.0195693969726563 -0.128982543945313 0.00732421875 -0.0582656860351563
-0.037017822265625 -0.146102905273438 0.0638275146484375 -0.0585250854492188
-0.04833984375 -0.142822265625 0.1002197265625 -0.0547637939453125
-0.0648651123046875 -0.157608032226563 0.1466064453125 -0.050506591796875
-0.03033447265625 -0.15081787109375 0.160202026367188 -0.00460815429687501
0.0288238525390625 -0.15032958984375 0.14837646484375 0.031707763671875
0.0684356689453125 -0.128395080566406 0.110298156738281 0.0429000854492188
0.150497436523437 -0.0587615966796875 0.0766754150390625 0.0334243774414062
0.175064086914063 0.0308990478515625 0.09405517578125 -0.0877609252929687
0.139640808105469 0.103645324707031 0.265960693359375 -0.226791381835938
-0.114852905273438 -0.212783813476562 -0.2694091796875 0.189468383789062
-0.179168701171875 -0.0384674072265625 -0.130477905273438 0.0638427734375
-0.149810791015625 0.045074462890625 -0.0804061889648438 -0.0739288330078125
-0.0969009399414062 0.110755920410156 -0.125152587890625 -0.105239868164062
-0.0409164428710937 0.119865417480469 -0.15985107421875 -0.0976409912109375
0.02044677734375 0.150527954101563 -0.1939697265625 -0.03741455078125
0.0399169921875 0.149703979492188 -0.184661865234375 0.0146636962890625
0.0220794677734375 0.144607543945312 -0.131866455078125 0.0237579345703125
0.009765625 0.163619995117188 -0.0782699584960938 0.0302963256835938
-0.0557479858398437 0.135200500488281 -0.0132904052734375 0.0369606018066406
-0.11822509765625 0.0807266235351563 0.0325775146484375 0.0632514953613281
-0.135307312011719 0.0118026733398438 0.0431442260742188 0.127273559570313
-0.120269775390625 -0.0919113159179688 0.034759521484375 0.191986083984375
-0.110061645507813 -0.1502685546875 0.0264892578125 0.242919921875
-0.058746337890625 -0.2186279296875 0.0470733642578125 0.180328369140625
-0.054962158203125 -0.268280029296875 -0.2933349609375 0.0903930664062501
-0.135978698730469 -0.106170654296875 -0.157196044921875 -0.0201568603515625
-0.125442504882813 -0.0286331176757812 -0.099029541015625 -0.133354187011719
-0.104400634765625 0.0429000854492188 -0.148666381835938 -0.15863037109375
-0.0629386901855469 0.0666122436523437 -0.175216674804688 -0.138275146484375
-0.031402587890625 0.113265991210938 -0.210906982421875 -0.0830535888671875
-0.0228042602539062 0.130897521972656 -0.202423095703125 -0.0342864990234375
-0.0360946655273438 0.130233764648437 -0.14019775390625 -0.0220108032226563
-0.0568695068359375 0.155044555664063 -0.080841064453125 -0.0211563110351562
-0.117286682128906 0.120323181152344 -0.00448179244995118 -0.00611639022827148
-0.175048828125 0.0406341552734375 0.0450935363769531 0.0241737365722656
-0.178314208984375 -0.04962158203125 0.0482711791992187 0.083526611328125
-0.113861083984375 -0.171340942382813 0.0440597534179687 0.127586364746094
-0.0836181640625 -0.226242065429688 0.0261993408203125 0.152877807617188
-0.014190673828125 -0.2825927734375 0.053741455078125 0.0799026489257813
0.019195556640625 -0.290863037109375 -0.287445068359375 -0.0218200683593751
-0.0649566650390625 -0.162704467773438 -0.1558837890625 -0.115615844726563
-0.079132080078125 -0.112586975097656 -0.10174560546875 -0.198257446289063
-0.100883483886719 -0.043975830078125 -0.162216186523438 -0.210983276367187
-0.0824356079101563 -0.00434112548828126 -0.179367065429688 -0.170684814453125
-0.082366943359375 0.0574264526367187 -0.210891723632813 -0.117904663085938
-0.0844268798828125 0.0911483764648437 -0.19561767578125 -0.075286865234375
-0.090057373046875 0.0945663452148438 -0.126480102539063 -0.0636749267578125
-0.112503051757812 0.123825073242188 -0.0652999877929688 -0.0703048706054687
-0.156280517578125 0.0914154052734375 0.0163307189941406 -0.0489273071289062
-0.202529907226562 0.00416564941406247 0.0645675659179688 -0.0143203735351563
-0.19708251953125 -0.0868225097656251 0.0574073791503906 0.0444145202636719
-0.1046142578125 -0.214279174804688 0.0488739013671875 0.0695686340332031
-0.0569610595703125 -0.263153076171875 0.0207481384277344 0.0610313415527344
0.025299072265625 -0.30401611328125 0.0695266723632813 -0.0319976806640625
0.084075927734375 -0.27349853515625 -0.254547119140625 -0.127334594726563
0.013214111328125 -0.194869995117188 -0.134414672851563 -0.207931518554687
-0.0243682861328125 -0.18572998046875 -0.095672607421875 -0.255172729492188
-0.0909423828125 -0.129692077636719 -0.164871215820312 -0.248458862304688
-0.0966567993164063 -0.0749588012695313 -0.169662475585938 -0.183151245117188
-0.12481689453125 -0.00385284423828126 -0.1915283203125 -0.132034301757813
-0.133369445800781 0.0417556762695313 -0.165786743164063 -0.100051879882813
-0.128662109375 0.048370361328125 -0.0970840454101562 -0.0920867919921875
-0.150863647460938 0.0765838623046875 -0.0390243530273438 -0.110206604003906
-0.170974731445312 0.04986572265625 0.0396194458007812 -0.0858078002929688
-0.198974609375 -0.0311431884765625 0.082183837890625 -0.04693603515625
-0.187576293945313 -0.10931396484375 0.0651702880859375 0.00960159301757812
-0.0835113525390625 -0.223617553710937 0.0453720092773437 0.0229644775390625
-0.0251617431640625 -0.260498046875 0.00828742980957031 -0.0228958129882813
0.06365966796875 -0.28271484375 0.0899124145507813 -0.139717102050781
0.134262084960938 -0.215255737304688 -0.201187133789063 -0.217086791992188
0.083526611328125 -0.187789916992187 -0.0968017578125 -0.286041259765625
0.033782958984375 -0.2200927734375 -0.080078125 -0.2933349609375
-0.064422607421875 -0.190093994140625 -0.147171020507812 -0.262664794921875
-0.0920333862304688 -0.129287719726563 -0.138275146484375 -0.177658081054688
-0.143386840820313 -0.0611572265625 -0.145584106445313 -0.133682250976562
-0.160247802734375 -0.0144805908203125 -0.112167358398438 -0.112861633300781
-0.149322509765625 -0.00857543945312497 -0.0503005981445313 -0.108909606933594
-0.169387817382813 0.0106048583984375 0.000228881835937487 -0.130867004394531
-0.16375732421875 -0.0112152099609375 0.0667190551757812 -0.101737976074219
-0.164749145507813 -0.080535888671875 0.09686279296875 -0.060455322265625
-0.141616821289063 -0.135757446289062 0.0694770812988281 -0.00989151000976563
-0.0284423828125 -0.211288452148437 0.0375289916992188 -0.00722122192382814
0.0323028564453125 -0.221786499023438 -0.00225067138671874 -0.0879669189453125
0.108291625976562 -0.219772338867187 0.116775512695312 -0.2279052734375
0.156387329101563 -0.12261962890625 -0.142730712890625 -0.272384643554688
0.128501892089844 -0.137779235839844 -0.05865478515625 -0.333740234375
0.082977294921875 -0.199874877929688 -0.0653076171875 -0.302825927734375
-0.0227813720703125 -0.199386596679688 -0.120269775390625 -0.25
-0.0621185302734375 -0.15087890625 -0.0972137451171875 -0.153289794921875
-0.128646850585938 -0.105186462402344 -0.0860061645507813 -0.118797302246094
-0.157073974609375 -0.06829833984375 -0.046661376953125 -0.111907958984375
-0.146392822265625 -0.0648345947265625 0.00390624999999999 -0.108901977539063
-0.166915893554688 -0.0579376220703125 0.0484771728515625 -0.128128051757812
-0.139259338378906 -0.0759658813476563 0.0962753295898437 -0.0916366577148438
-0.109268188476563 -0.130043029785156 0.111824035644531 -0.0489349365234375
-0.071563720703125 -0.159500122070313 0.074127197265625 -0.0115432739257813
0.0471038818359375 -0.183486938476563 0.0356292724609375 -0.0184860229492188
0.1041259765625 -0.15814208984375 0.00592041015625 -0.127151489257813
0.149261474609375 -0.126693725585938 0.15594482421875 -0.282745361328125
0.149566650390625 -0.01080322265625 -0.09344482421875 -0.2852783203125
0.141265869140625 -0.05499267578125 -0.031768798828125 -0.339111328125
0.110176086425781 -0.127197265625 -0.05706787109375 -0.281951904296875
0.02691650390625 -0.15777587890625 -0.093780517578125 -0.214126586914063
-0.00944519042968751 -0.13543701171875 -0.0598907470703125 -0.116600036621094
-0.079986572265625 -0.130172729492188 -0.0302734375 -0.0929946899414063
-0.12420654296875 -0.11395263671875 0.016082763671875 -0.0949783325195313
-0.121818542480469 -0.110343933105469 0.0567626953125 -0.0914840698242188
-0.142440795898438 -0.115447998046875 0.099151611328125 -0.100433349609375
-0.103622436523438 -0.127372741699219 0.127105712890625 -0.0561370849609375
-0.0500640869140625 -0.16259765625 0.126388549804688 -0.0166168212890625
-0.00242614746093752 -0.16748046875 0.0846939086914063 0.00495910644531249
0.116043090820313 -0.141799926757813 0.0473594665527344 -0.00906753540039064
0.166152954101563 -0.0806121826171875 0.0373916625976563 -0.134132385253906
0.173843383789062 -0.0191650390625 0.203582763671875 -0.2938232421875
0.122520446777344 0.103378295898438 -0.0613555908203125 -0.25103759765625
0.128654479980469 0.0440826416015625 -0.018280029296875 -0.30413818359375
0.121238708496094 -0.0232315063476562 -0.0546417236328125 -0.237228393554688
0.0793991088867188 -0.0796432495117188 -0.0745849609375 -0.16961669921875
0.0553817749023438 -0.0946044921875 -0.0383224487304687 -0.078338623046875
-0.00847625732421874 -0.13922119140625 0.0083160400390625 -0.0581703186035156
-0.0689697265625 -0.1448974609375 0.0635185241699219 -0.0639381408691406
-0.0783920288085938 -0.138870239257812 0.098876953125 -0.0589981079101563
-0.100479125976562 -0.151275634765625 0.1448974609375 -0.057159423828125
-0.061920166015625 -0.151519775390625 0.157302856445313 -0.00614929199218751
0.000396728515625016 -0.166763305664062 0.145263671875 0.02862548828125
0.0492401123046875 -0.153228759765625 0.102981567382813 0.0366363525390625
0.156463623046875 -0.091766357421875 0.0715789794921875 0.0232086181640625
0.198043823242187 0.0015869140625 0.0849685668945313 -0.106475830078125
0.172210693359375 0.0862274169921875 0.253707885742188 -0.2606201171875
-0.154510498046875 -0.191055297851563 -0.256546020507812 0.231842041015625
-0.189178466796875 -0.00183105468749999 -0.121192932128906 0.0886077880859375
-0.143829345703125 0.0781402587890625 -0.0830154418945313 -0.064971923828125
-0.07171630859375 0.133514404296875 -0.129653930664063 -0.0951995849609375
-0.0131378173828125 0.128326416015625 -0.169570922851563 -0.0873565673828125
0.05291748046875 0.141754150390625 -0.19970703125 -0.0251922607421875
0.0690078735351563 0.136383056640625 -0.191085815429688 0.030853271484375
0.0503692626953125 0.134490966796875 -0.137893676757813 0.0371322631835938
0.04278564453125 0.155105590820313 -0.0845565795898438 0.04150390625
-0.02691650390625 0.14068603515625 -0.0208091735839844 0.0384178161621094
-0.0973587036132813 0.102928161621094 0.0287017822265625 0.0598487854003906
-0.130661010742188 0.04034423828125 0.05047607421875 0.120819091796875
-0.141571044921875 -0.06561279296875 0.0496368408203125 0.186538696289063
-0.144134521484375 -0.128036499023437 0.04949951171875 0.24591064453125
-0.102493286132813 -0.209457397460937 0.06182861328125 0.185684204101563
-0.09478759765625 -0.258193969726563 -0.296478271484375 0.13677978515625
-0.1502685546875 -0.078765869140625 -0.161697387695313 0.00987243652343746
-0.125236511230469 -0.00402069091796873 -0.110488891601563 -0.11993408203125
-0.0871505737304688 0.0629806518554687 -0.162918090820313 -0.144027709960937
-0.0426788330078125 0.0737838745117187 -0.19097900390625 -0.123809814453125
-0.00522613525390624 0.108589172363281 -0.22509765625 -0.0655059814453125
7.62939453124392E-06 0.125091552734375 -0.216705322265625 -0.011932373046875
-0.01312255859375 0.126815795898438 -0.153488159179688 -0.00418090820312502
-0.028717041015625 0.155258178710938 -0.0958633422851563 -0.00585937499999997
-0.09381103515625 0.131439208984375 -0.0196533203125 -0.00206184387207031
-0.1624755859375 0.0666656494140625 0.033416748046875 0.0220851898193359
-0.182952880859375 -0.019866943359375 0.0459136962890625 0.0798797607421875
-0.142349243164063 -0.15142822265625 0.046844482421875 0.121711730957031
-0.123077392578125 -0.213134765625 0.0334625244140625 0.155853271484375
-0.059906005859375 -0.282989501953125 0.0506210327148438 0.0845260620117187
-0.016876220703125 -0.29339599609375 -0.306488037109375 0.023712158203125
-0.081390380859375 -0.1490478515625 -0.1734619140625 -0.085693359375
-0.0861129760742188 -0.0997695922851562 -0.122879028320313 -0.183792114257812
-0.0963897705078125 -0.0290298461914062 -0.184371948242187 -0.1932373046875
-0.0730514526367188 0.001800537109375 -0.199554443359375 -0.15301513671875
-0.0675239562988281 0.0584564208984375 -0.23016357421875 -0.095703125
-0.0704498291015625 0.0932464599609375 -0.215423583984375 -0.0499267578125
-0.075103759765625 0.0990371704101563 -0.145309448242188 -0.043212890625
-0.09393310546875 0.132713317871094 -0.0872039794921875 -0.0549087524414063
-0.141128540039063 0.106399536132812 -0.00477600097656251 -0.0446891784667969
-0.19873046875 0.029754638671875 0.0465469360351562 -0.0145988464355469
-0.209320068359375 -0.0605316162109375 0.0474624633789062 0.041900634765625
-0.135635375976562 -0.2020263671875 0.0406646728515625 0.0635833740234375
-0.0953369140625 -0.258193969726563 0.0132484436035156 0.0635337829589844
-0.015777587890625 -0.314117431640625 0.0505027770996094 -0.0307083129882813
0.057952880859375 -0.28948974609375 -0.2860107421875 -0.086944580078125
-0.00323486328124999 -0.197265625 -0.162994384765625 -0.181060791015625
-0.038726806640625 -0.187332153320313 -0.124786376953125 -0.241012573242187
-0.0995635986328125 -0.121711730957031 -0.19342041015625 -0.229095458984375
-0.0995559692382813 -0.0695571899414063 -0.19281005859375 -0.164199829101563
-0.122032165527344 0.00287628173828127 -0.21392822265625 -0.109695434570313
-0.131088256835938 0.0517654418945312 -0.188186645507812 -0.074615478515625
-0.125030517578125 0.0584945678710938 -0.117439270019531 -0.072845458984375
-0.143234252929688 0.091339111328125 -0.0646591186523438 -0.0941009521484375
-0.165985107421875 0.0665283203125 0.0152587890625 -0.0798721313476563
-0.20501708984375 -0.00939941406250002 0.0607719421386719 -0.0461845397949219
-0.205123901367188 -0.089569091796875 0.0504035949707031 0.00953674316406249
-0.11181640625 -0.219497680664063 0.0299663543701172 0.0185585021972656
-0.0574493408203125 -0.264251708984375 -0.0113754272460938 -0.0197620391845703
0.032440185546875 -0.30133056640625 0.0562744140625 -0.143600463867188
0.120254516601562 -0.240264892578125 -0.242202758789062 -0.186569213867188
0.0710601806640625 -0.205581665039062 -0.13531494140625 -0.267013549804688
0.0162200927734375 -0.237106323242188 -0.114089965820313 -0.281021118164063
-0.08575439453125 -0.190826416015625 -0.179046630859375 -0.243942260742188
-0.107208251953125 -0.128173828125 -0.160308837890625 -0.160919189453125
-0.154983520507813 -0.0509796142578125 -0.166778564453125 -0.114089965820312
-0.169784545898438 0.00221252441406248 -0.133567810058594 -0.093292236328125
-0.15777587890625 0.00662231445312501 -0.069580078125 -0.0936508178710938
-0.175994873046875 0.0308685302734375 -0.0247116088867188 -0.119117736816406
-0.17193603515625 0.00581359863281251 0.0421142578125 -0.0969924926757813
-0.180831909179688 -0.0655670166015625 0.0751953125 -0.0591506958007813
-0.163604736328125 -0.126327514648437 0.051177978515625 -0.00827026367187501
-0.0508270263671875 -0.220718383789063 0.0179977416992188 -0.00978088378906252
0.0111236572265625 -0.237716674804688 -0.0293121337890625 -0.0858078002929688
0.0910491943359375 -0.245986938476562 0.074737548828125 -0.238052368164063
0.158050537109375 -0.152587890625 -0.186111450195312 -0.254531860351563
0.12530517578125 -0.164901733398438 -0.101959228515625 -0.32366943359375
0.06695556640625 -0.227432250976563 -0.10101318359375 -0.29302978515625
-0.0487213134765625 -0.21044921875 -0.149200439453125 -0.232879638671875
-0.085540771484375 -0.15447998046875 -0.114036560058594 -0.140472412109375
-0.151626586914063 -0.0948638916015625 -0.103309631347656 -0.106010437011719
-0.17822265625 -0.04931640625 -0.06414794921875 -0.0998764038085938
-0.166336059570313 -0.0464324951171875 -0.0120773315429688 -0.100212097167969
-0.185821533203125 -0.03558349609375 0.0272674560546875 -0.12152099609375
-0.159347534179688 -0.06121826171875 0.0764999389648437 -0.0877304077148437
-0.136344909667969 -0.124114990234375 0.0937576293945312 -0.048797607421875
-0.0991058349609375 -0.162399291992187 0.0570716857910156 -0.0101470947265625
0.0296173095703125 -0.20501708984375 0.0163898468017578 -0.0212173461914063
0.0950927734375 -0.186248779296875 -0.0237045288085937 -0.129226684570313
0.14892578125 -0.158355712890625 0.111358642578125 -0.300201416015625
0.166656494140625 -0.040191650390625 -0.133941650390625 -0.278274536132813
0.1500244140625 -0.0857086181640625 -0.07427978515625 -0.33819580078125
0.104446411132813 -0.160293579101563 -0.0900115966796875 -0.273681640625
0.00402832031249998 -0.176513671875 -0.116546630859375 -0.19976806640625
-0.034515380859375 -0.146011352539063 -0.0696182250976563 -0.108512878417969
-0.109611511230469 -0.124259948730469 -0.0391311645507813 -0.0872039794921875
-0.153305053710938 -0.0958709716796875 0.00454711914062499 -0.09326171875
-0.148529052734375 -0.0921173095703125 0.0466079711914062 -0.0903549194335938
-0.1712646484375 -0.0931549072265625 0.0850753784179687 -0.101356506347656
-0.132568359375 -0.114509582519531 0.115104675292969 -0.0558319091796875
-0.083709716796875 -0.163970947265625 0.116485595703125 -0.0179214477539063
-0.032745361328125 -0.18096923828125 0.0715408325195313 0.00463104248046874
0.104293823242188 -0.174407958984375 0.0327472686767578 -0.0139350891113281
0.169097900390625 -0.117172241210937 0.01177978515625 -0.143310546875
0.189300537109375 -0.05328369140625 0.16558837890625 -0.320953369140625
0.152816772460938 0.0790863037109375 -0.0916748046875 -0.25299072265625
0.149093627929688 0.01605224609375 -0.053131103515625 -0.30810546875
0.127265930175781 -0.05609130859375 -0.080596923828125 -0.228973388671875
0.0648345947265625 -0.104995727539063 -0.08837890625 -0.1572265625
0.0350799560546875 -0.111312866210938 -0.0390853881835938 -0.0726089477539063
-0.0410995483398437 -0.138984680175781 0.00759124755859375 -0.0600395202636719
-0.1025390625 -0.132041931152344 0.0608749389648438 -0.0709762573242188
-0.1090087890625 -0.123580932617187 0.0972900390625 -0.0660858154296875
-0.133995056152344 -0.132125854492187 0.140182495117188 -0.0653533935546875
-0.094696044921875 -0.140914916992188 0.155471801757813 -0.0103607177734375
-0.035430908203125 -0.172378540039063 0.14349365234375 0.023406982421875
0.0197601318359375 -0.172088623046875 0.0967941284179687 0.0322494506835937
0.149627685546875 -0.128082275390625 0.0646324157714844 0.01373291015625
0.210357666015625 -0.038787841796875 0.067169189453125 -0.123916625976563
0.199951171875 0.0544586181640625 0.225494384765625 -0.296417236328125
-0.184173583984375 -0.156036376953125 -0.225296020507813 0.2669677734375
-0.184310913085938 0.0360107421875 -0.102340698242187 0.109138488769531
-0.125411987304688 0.106681823730469 -0.0818405151367188 -0.0544052124023437
-0.0403289794921875 0.145263671875 -0.131813049316406 -0.0847320556640625
0.0153656005859375 0.125114440917969 -0.17437744140625 -0.073394775390625
0.0789337158203125 0.121696472167969 -0.2008056640625 -0.0106201171875
0.0910873413085938 0.113273620605469 -0.19000244140625 0.04913330078125
0.0723114013671875 0.114784240722656 -0.137535095214844 0.0532379150390625
0.0709228515625 0.135536193847656 -0.0848388671875 0.05419921875
0.00227355957031249 0.134696960449219 -0.0261344909667969 0.041900634765625
-0.06927490234375 0.114845275878906 0.0250740051269531 0.0580940246582031
-0.115966796875 0.0649642944335938 0.0548477172851562 0.112335205078125
-0.151290893554688 -0.033355712890625 0.06170654296875 0.174880981445313
-0.1666259765625 -0.093719482421875 0.0721893310546875 0.238555908203125
-0.139129638671875 -0.18463134765625 0.078033447265625 0.182769775390625
-0.129104614257813 -0.232925415039062 -0.280364990234375 0.182876586914062
-0.152923583984375 -0.046905517578125 -0.154190063476562 0.039337158203125
-0.115501403808594 0.02032470703125 -0.117782592773438 -0.102760314941406
-0.064056396484375 0.075408935546875 -0.171676635742188 -0.124526977539063
-0.0207901000976563 0.0727920532226563 -0.20050048828125 -0.102874755859375
0.0166702270507813 0.0955276489257813 -0.23095703125 -0.0426788330078125
0.0195159912109375 0.111000061035156 -0.220870971679688 0.0147552490234375
0.00653076171874999 0.115585327148438 -0.158370971679687 0.0188140869140625
-0.0024871826171875 0.145401000976563 -0.103004455566406 0.0142898559570313
-0.0673370361328125 0.134178161621094 -0.0312576293945313 0.00602912902832032
-0.140914916992188 0.0859222412109375 0.0237960815429687 0.0246162414550781
-0.176605224609375 0.00961303710937503 0.043121337890625 0.0764999389648438
-0.16168212890625 -0.121337890625 0.0470123291015625 0.113731384277344
-0.15447998046875 -0.185150146484375 0.042236328125 0.155136108398437
-0.103866577148437 -0.266891479492187 0.0504226684570313 0.087982177734375
-0.052001953125 -0.28314208984375 -0.306121826171875 0.074798583984375
-0.091949462890625 -0.129631042480469 -0.178970336914063 -0.0510406494140625
-0.089111328125 -0.0838394165039063 -0.137863159179687 -0.161895751953125
-0.0869522094726563 -0.0164871215820313 -0.200393676757812 -0.167449951171875
-0.0613327026367188 0.00453186035156249 -0.213653564453125 -0.12762451171875
-0.0532875061035156 0.0539779663085938 -0.240447998046875 -0.06744384765625
-0.0570526123046875 0.09136962890625 -0.224288940429688 -0.017791748046875
-0.0601654052734375 0.0979080200195313 -0.154098510742188 -0.01727294921875
-0.073272705078125 0.133529663085938 -0.100776672363281 -0.0313873291015625
-0.121017456054688 0.116371154785156 -0.0219516754150391 -0.0328540802001953
-0.185714721679688 0.0531158447265625 0.0314712524414062 -0.00953102111816406
-0.21026611328125 -0.0303497314453125 0.0384674072265625 0.0425872802734375
-0.159698486328125 -0.178024291992187 0.0311012268066406 0.0604362487792969
-0.130462646484375 -0.238525390625 0.0075836181640625 0.0678291320800781
-0.060089111328125 -0.308135986328125 0.0332260131835937 -0.023956298828125
0.025665283203125 -0.294586181640625 -0.30084228515625 -0.0367126464843751
-0.0199737548828125 -0.192886352539062 -0.181686401367188 -0.1456298828125
-0.0543365478515625 -0.182296752929688 -0.146926879882812 -0.216217041015625
-0.105888366699219 -0.110908508300781 -0.213851928710938 -0.198379516601562
-0.101158142089844 -0.0643157958984375 -0.208282470703125 -0.136703491210938
-0.118217468261719 0.00883483886718749 -0.22601318359375 -0.0789642333984375
-0.12493896484375 0.0621337890625 -0.199844360351562 -0.0418548583984375
-0.11773681640625 0.0674896240234375 -0.128143310546875 -0.0473480224609375
-0.130950927734375 0.102996826171875 -0.0825042724609375 -0.0705490112304687
-0.154769897460937 0.081878662109375 -0.00509643554687501 -0.0657768249511719
-0.201416015625 0.013946533203125 0.0421905517578125 -0.0383567810058594
-0.213455200195312 -0.0637054443359375 0.0365676879882812 0.0144119262695313
-0.137664794921875 -0.205078125 0.0136547088623047 0.0204601287841797
-0.0903778076171875 -0.255508422851563 -0.028900146484375 -0.00980567932128908
-0.00561523437499998 -0.30621337890625 0.0243301391601563 -0.135414123535156
0.09661865234375 -0.259597778320313 -0.268646240234375 -0.142547607421875
0.0522003173828125 -0.216156005859375 -0.165557861328125 -0.23443603515625
-0.00817871093749999 -0.244155883789063 -0.141876220703125 -0.256179809570313
-0.105148315429688 -0.183013916015625 -0.201492309570312 -0.212677001953125
-0.121482849121094 -0.120033264160156 -0.175018310546875 -0.136306762695312
-0.161911010742188 -0.0367279052734375 -0.179336547851563 -0.0872802734375
-0.172836303710938 0.0218963623046875 -0.146087646484375 -0.065338134765625
-0.1591796875 0.02490234375 -0.0821762084960938 -0.0727920532226562
-0.174713134765625 0.05267333984375 -0.0440826416015625 -0.09820556640625
-0.172470092773438 0.02557373046875 0.0218276977539062 -0.083465576171875
-0.19000244140625 -0.0450897216796875 0.0568008422851562 -0.0507278442382813
-0.18145751953125 -0.108154296875 0.0359153747558594 -0.00123214721679688
-0.07720947265625 -0.21868896484375 -0.00109434127807618 -0.00499153137207033
-0.0157623291015625 -0.244461059570313 -0.0546112060546875 -0.0738372802734375
0.0635833740234375 -0.263458251953125 0.0320587158203125 -0.2322998046875
0.146728515625 -0.182754516601562 -0.221160888671875 -0.220199584960938
0.110671997070313 -0.18890380859375 -0.1414794921875 -0.297882080078125
0.041351318359375 -0.247268676757813 -0.1318359375 -0.269638061523438
-0.0774383544921875 -0.21002197265625 -0.17132568359375 -0.205886840820313
-0.10791015625 -0.1494140625 -0.125282287597656 -0.121482849121094
-0.168914794921875 -0.07562255859375 -0.114181518554688 -0.0872421264648437
-0.189849853515625 -0.0228424072265625 -0.076995849609375 -0.0821151733398438
-0.175430297851563 -0.022186279296875 -0.02349853515625 -0.0869140625
-0.195358276367188 -0.00660705566406246 0.00933074951171874 -0.108573913574219
-0.171707153320313 -0.0387725830078125 0.0594329833984375 -0.07794189453125
-0.158065795898438 -0.10693359375 0.07818603515625 -0.042388916015625
-0.12554931640625 -0.15350341796875 0.042144775390625 -0.00367355346679688
0.0040283203125 -0.218643188476563 -0.00239849090576172 -0.0167837142944336
0.075347900390625 -0.208892822265625 -0.0521087646484375 -0.12005615234375
0.135665893554688 -0.18743896484375 0.063018798828125 -0.301513671875
0.170654296875 -0.0740814208984375 -0.169448852539063 -0.256484985351563
0.144454956054688 -0.11651611328125 -0.114227294921875 -0.320526123046875
0.084930419921875 -0.188491821289062 -0.117919921875 -0.252578735351563
-0.02532958984375 -0.184906005859375 -0.13299560546875 -0.177642822265625
-0.0605316162109375 -0.146331787109375 -0.0755538940429688 -0.0959701538085938
-0.135345458984375 -0.106376647949219 -0.04693603515625 -0.078582763671875
-0.173828125 -0.06719970703125 -0.00518035888671875 -0.0869293212890625
-0.165756225585938 -0.06524658203125 0.037445068359375 -0.0869064331054688
-0.189788818359375 -0.0616607666015625 0.070831298828125 -0.0976333618164063
-0.1541748046875 -0.0904083251953125 0.1046142578125 -0.05224609375
-0.11529541015625 -0.151351928710938 0.10650634765625 -0.0168838500976563
-0.065826416015625 -0.180618286132813 0.0602912902832031 0.00762557983398436
0.080413818359375 -0.19940185546875 0.0172939300537109 -0.013514518737793
0.157516479492188 -0.153335571289063 -0.0172576904296875 -0.141525268554688
0.190505981445313 -0.090850830078125 0.116363525390625 -0.332366943359375
0.171768188476562 0.044677734375 -0.121429443359375 -0.241668701171875
0.157058715820313 -0.0174407958984375 -0.087188720703125 -0.297943115234375
0.120018005371094 -0.0889434814453125 -0.102142333984375 -0.211868286132813
0.0425796508789063 -0.123313903808594 -0.0979080200195313 -0.1405029296875
0.00988006591796874 -0.119270324707031 -0.0384559631347656 -0.0662689208984375
-0.0707855224609375 -0.127342224121094 0.00571441650390625 -0.0610427856445313
-0.1282958984375 -0.106880187988281 0.054473876953125 -0.0759429931640625
-0.131057739257813 -0.0985107421875 0.09222412109375 -0.0724411010742188
-0.15777587890625 -0.100982666015625 0.131790161132813 -0.0730743408203125
-0.121116638183594 -0.118125915527344 0.1513671875 -0.0152130126953125
-0.069854736328125 -0.163223266601562 0.138824462890625 0.0177688598632812
-0.015472412109375 -0.176773071289062 0.08941650390625 0.0294723510742187
0.128952026367188 -0.160049438476563 0.0546722412109375 0.00695037841796874
0.206283569335938 -0.0816650390625 0.0432205200195313 -0.132949829101563
0.213699340820313 0.01422119140625 0.1839599609375 -0.32049560546875
-0.1978759765625 -0.117721557617187 -0.18853759765625 0.28570556640625
-0.166961669921875 0.0654754638671875 -0.080322265625 0.119041442871094
-0.101158142089844 0.12457275390625 -0.0777435302734375 -0.04559326171875
-0.0106964111328125 0.144012451171875 -0.129356384277344 -0.0749588012695313
0.0372695922851563 0.113433837890625 -0.172943115234375 -0.059783935546875
0.0943069458007813 0.0965194702148438 -0.196365356445312 0.00163269042968753
0.101844787597656 0.0875244140625 -0.183029174804688 0.0633087158203125
0.0842819213867188 0.09246826171875 -0.1326904296875 0.0656280517578125
0.0870437622070312 0.109504699707031 -0.0805130004882813 0.0648269653320312
0.0242156982421875 0.120010375976563 -0.02880859375 0.0468406677246094
-0.04315185546875 0.1158447265625 0.0216636657714844 0.0570411682128906
-0.0957565307617188 0.0804977416992187 0.0560531616210938 0.104232788085937
-0.148681640625 -0.0028228759765625 0.0676727294921875 0.162246704101563
-0.174468994140625 -0.0588531494140625 0.08843994140625 0.225189208984375
-0.161529541015625 -0.151763916015625 0.08978271484375 0.173629760742187
-0.149566650390625 -0.201690673828125 -0.252151489257813 0.215499877929687
-0.14434814453125 -0.0195770263671875 -0.138580322265625 0.0615005493164062
-0.100135803222656 0.03729248046875 -0.117515563964844 -0.0861663818359375
-0.041046142578125 0.0778884887695313 -0.172210693359375 -0.105804443359375
-0.00331878662109375 0.0649261474609375 -0.201385498046875 -0.082733154296875
0.0306777954101562 0.077362060546875 -0.229354858398437 -0.0215301513671875
0.0317840576171875 0.0936737060546875 -0.216064453125 0.038482666015625
0.0193328857421875 0.100120544433594 -0.155044555664062 0.038421630859375
0.0155029296875 0.128471374511719 -0.102439880371094 0.0321578979492188
-0.0446548461914062 0.127494812011719 -0.0383529663085938 0.0166435241699219
-0.1173095703125 0.0945816040039062 0.0157241821289062 0.0292224884033203
-0.162033081054688 0.03167724609375 0.039459228515625 0.0743942260742188
-0.168045043945313 -0.091156005859375 0.0449447631835938 0.107627868652344
-0.171478271484375 -0.151443481445312 0.048431396484375 0.151443481445313
-0.134750366210937 -0.23907470703125 0.0512313842773438 0.0900955200195312
-0.0780029296875 -0.263168334960938 -0.28924560546875 0.11590576171875
-0.0942764282226563 -0.110061645507813 -0.17254638671875 -0.0197296142578125
-0.085845947265625 -0.0700607299804688 -0.142837524414062 -0.138992309570313
-0.0746078491210938 -0.00955963134765627 -0.2044677734375 -0.140869140625
-0.0517807006835938 0.00261688232421876 -0.21630859375 -0.101882934570313
-0.0432090759277344 0.0463218688964844 -0.240585327148438 -0.040130615234375
-0.0462493896484375 0.0850753784179688 -0.221389770507813 0.011199951171875
-0.048797607421875 0.0922012329101563 -0.152816772460938 0.0059356689453125
-0.0557861328125 0.127342224121094 -0.104751586914063 -0.00770568847656249
-0.101165771484375 0.117439270019531 -0.0327739715576172 -0.0174369812011719
-0.167770385742188 0.0678253173828125 0.0202598571777344 -0.000221252441406246
-0.200942993164063 -0.00614929199218749 0.0309371948242187 0.0462989807128906
-0.171859741210938 -0.151092529296875 0.0218620300292969 0.0608329772949219
-0.152542114257812 -0.211471557617188 0.0034027099609375 0.0740585327148437
-0.093170166015625 -0.288787841796875 0.0215435028076172 -0.0133953094482422
-0.00244140625000001 -0.288421630859375 -0.2955322265625 0.01007080078125
-0.0321807861328125 -0.183425903320313 -0.1856689453125 -0.109298706054688
-0.0657958984375 -0.172714233398437 -0.15753173828125 -0.1890869140625
-0.106941223144531 -0.0993881225585937 -0.220703125 -0.1673583984375
-0.100257873535156 -0.0590362548828125 -0.211212158203125 -0.110260009765625
-0.11297607421875 0.0126190185546875 -0.226531982421875 -0.0504913330078125
-0.116409301757812 0.06787109375 -0.198028564453125 -0.0119171142578125
-0.109237670898438 0.0723800659179688 -0.129127502441406 -0.0236358642578125
-0.117416381835938 0.108779907226563 -0.0887298583984375 -0.0452041625976562
-0.141098022460938 0.090728759765625 -0.0176124572753906 -0.0484809875488281
-0.191619873046875 0.0316314697265625 0.0299015045166016 -0.0261211395263672
-0.211166381835938 -0.039886474609375 0.0271549224853515 0.0231838226318359
-0.154037475585938 -0.185546875 0.000530242919921866 0.026773452758789
-0.113815307617188 -0.238433837890625 -0.0410194396972656 0.00336456298828123
-0.037750244140625 -0.2982177734375 0.000671386718749995 -0.119728088378906
0.07073974609375 -0.268234252929688 -0.276321411132813 -0.095947265625
0.0339508056640625 -0.21923828125 -0.180282592773437 -0.197738647460938
-0.030517578125 -0.242782592773438 -0.157440185546875 -0.226699829101563
-0.119766235351563 -0.170852661132812 -0.210433959960938 -0.181060791015625
-0.129806518554688 -0.110115051269531 -0.178756713867188 -0.111373901367188
-0.16278076171875 -0.0226898193359375 -0.181732177734375 -0.0608062744140625
-0.169097900390625 0.03955078125 -0.147933959960938 -0.0395050048828125
-0.15460205078125 0.0398712158203125 -0.0849533081054688 -0.0518951416015625
-0.165313720703125 0.06915283203125 -0.0531539916992188 -0.0758895874023438
-0.166015625 0.041656494140625 0.00914382934570312 -0.0662689208984375
-0.191543579101562 -0.02459716796875 0.0445480346679687 -0.0383186340332031
-0.189682006835938 -0.087860107421875 0.0257816314697266 0.00948524475097656
-0.0981903076171875 -0.2099609375 -0.0158872604370117 0.0048999786376953
-0.040374755859375 -0.240753173828125 -0.0724563598632813 -0.0557632446289063
0.03662109375 -0.269027709960938 -0.00146484374999998 -0.21453857421875
0.128387451171875 -0.203628540039063 -0.23846435546875 -0.180282592773438
0.091033935546875 -0.204010009765625 -0.163986206054687 -0.263595581054688
0.0131988525390625 -0.254898071289063 -0.149444580078125 -0.24017333984375
-0.100738525390625 -0.201141357421875 -0.180206298828125 -0.176162719726563
-0.12506103515625 -0.137893676757813 -0.128654479980469 -0.1024169921875
-0.17706298828125 -0.0558929443359375 -0.117347717285156 -0.068084716796875
-0.191207885742187 0.00347900390625 -0.0815353393554688 -0.0635910034179688
-0.176620483398438 0.000427246093749985 -0.0287704467773438 -0.0730209350585938
-0.193069458007812 0.019805908203125 -0.000938415527343765 -0.0913619995117188
-0.174209594726563 -0.016448974609375 0.0492134094238281 -0.0644874572753906
-0.170791625976562 -0.0866546630859375 0.0682373046875 -0.0328178405761719
-0.144683837890625 -0.137863159179688 0.0329990386962891 0.00732421874999999
-0.0203704833984375 -0.221527099609375 -0.0169868469238281 -0.00729560852050783
0.0517578125 -0.221725463867188 -0.0742874145507813 -0.102401733398438
0.1156005859375 -0.2069091796875 0.023193359375 -0.286590576171875
0.162979125976563 -0.104080200195312 -0.191757202148438 -0.225494384765625
0.131271362304688 -0.141143798828125 -0.1414794921875 -0.293426513671875
0.059814453125 -0.20587158203125 -0.134506225585938 -0.225921630859375
-0.052276611328125 -0.182769775390625 -0.139190673828125 -0.154083251953125
-0.0818557739257813 -0.138771057128906 -0.0761566162109375 -0.0847320556640625
-0.150283813476562 -0.0841827392578125 -0.050567626953125 -0.0690841674804688
-0.181167602539063 -0.037689208984375 -0.011871337890625 -0.0783538818359375
-0.171798706054688 -0.03759765625 0.0316925048828125 -0.081146240234375
-0.194122314453125 -0.02911376953125 0.06085205078125 -0.0901031494140625
-0.163711547851563 -0.0649566650390625 0.0969314575195312 -0.0463790893554688
-0.136390686035156 -0.131439208984375 0.0988540649414062 -0.0121078491210938
-0.0919647216796875 -0.169235229492188 0.0520362854003906 0.0143775939941406
0.0527191162109375 -0.214279174804687 0.00384664535522461 -0.00798654556274415
0.13604736328125 -0.17852783203125 -0.041229248046875 -0.130950927734375
0.179275512695313 -0.121780395507813 0.073516845703125 -0.326446533203125
0.176254272460938 0.0106201171875 -0.141632080078125 -0.222702026367187
0.15362548828125 -0.048187255859375 -0.1126708984375 -0.277938842773438
0.103713989257813 -0.114578247070312 -0.1141357421875 -0.190887451171875
0.016876220703125 -0.130256652832031 -0.0995025634765625 -0.124038696289063
-0.013275146484375 -0.118743896484375 -0.035400390625 -0.0621261596679688
-0.0916061401367188 -0.108169555664062 0.00376129150390625 -0.0608673095703125
-0.141677856445312 -0.0780487060546875 0.048370361328125 -0.0786514282226562
-0.141494750976562 -0.0704345703125 0.0865707397460937 -0.0764083862304688
-0.16778564453125 -0.0679779052734375 0.122825622558594 -0.0756912231445313
-0.135894775390625 -0.0917587280273437 0.147064208984375 -0.018280029296875
-0.0962371826171875 -0.14501953125 0.133644104003906 0.01495361328125
-0.045013427734375 -0.169692993164062 0.0832366943359375 0.0297317504882812
0.101272583007813 -0.179473876953125 0.0439872741699219 0.00440216064453124
0.189300537109375 -0.116317749023437 0.0200347900390625 -0.132888793945312
0.21160888671875 -0.022613525390625 0.142242431640625 -0.325714111328125
-0.200363159179688 -0.08514404296875 -0.15826416015625 0.29266357421875
-0.147598266601563 0.0848846435546875 -0.0613021850585938 0.122573852539063
-0.0775604248046875 0.133735656738281 -0.0722122192382813 -0.0414657592773438
0.0124130249023437 0.136802673339844 -0.126144409179688 -0.0698776245117187
0.0518112182617188 0.09881591796875 -0.1697998046875 -0.05133056640625
0.100723266601563 0.0732650756835938 -0.190994262695313 0.00897216796875004
0.104713439941406 0.0651473999023438 -0.1756591796875 0.07293701171875
0.0884552001953125 0.0723800659179688 -0.126907348632813 0.074493408203125
0.0927581787109375 0.0861740112304688 -0.0757293701171875 0.0721893310546875
0.03759765625 0.1036376953125 -0.0308570861816406 0.0513076782226563
-0.0223541259765625 0.10931396484375 0.017913818359375 0.0587310791015625
-0.076446533203125 0.0880584716796875 0.0537490844726563 0.0988616943359375
-0.139785766601563 0.0207748413085938 0.06890869140625 0.151702880859375
-0.17230224609375 -0.0300750732421875 0.0980987548828125 0.211990356445312
-0.172561645507812 -0.122146606445313 0.0955963134765625 0.166656494140625
-0.159133911132812 -0.172821044921875 -0.223907470703125 0.234573364257813
-0.130973815917969 -0.00148010253906248 -0.121543884277344 0.07568359375
-0.08343505859375 0.0469589233398438 -0.113479614257813 -0.074493408203125
-0.022247314453125 0.0740737915039063 -0.16876220703125 -0.093475341796875
0.00828552246093749 0.054473876953125 -0.197738647460937 -0.06842041015625
0.0366783142089844 0.0603065490722656 -0.223526000976563 -0.00711059570312497
0.0360870361328125 0.0774917602539063 -0.208206176757813 0.0557861328125
0.0257797241210938 0.0855636596679687 -0.149185180664063 0.05303955078125
0.0245208740234375 0.111137390136719 -0.0980987548828125 0.046051025390625
-0.0292129516601563 0.117286682128906 -0.0410346984863281 0.0276298522949219
-0.0980758666992188 0.0951156616210937 0.0108528137207031 0.0358734130859375
-0.145858764648438 0.045318603515625 0.0353622436523437 0.0754547119140625
-0.16583251953125 -0.0663299560546875 0.0402755737304687 0.104637145996094
-0.17706298828125 -0.122695922851562 0.0516204833984375 0.148956298828125
-0.152206420898438 -0.211654663085938 0.0516204833984375 0.092376708984375
-0.0936737060546875 -0.242752075195313 -0.268142700195313 0.145904541015625
-0.0906982421875 -0.09503173828125 -0.161285400390625 0.00263977050781252
-0.080108642578125 -0.0606689453125 -0.141448974609375 -0.1212158203125
-0.0630989074707031 -0.00754165649414061 -0.201675415039063 -0.1212158203125
-0.044708251953125 -0.00173187255859375 -0.211929321289063 -0.0830078125
-0.037994384765625 0.0374946594238281 -0.23468017578125 -0.020751953125
-0.0395736694335938 0.0780792236328125 -0.212890625 0.032501220703125
-0.0422210693359375 0.0850067138671875 -0.147674560546875 0.02435302734375
-0.0450820922851563 0.119232177734375 -0.102020263671875 0.0113677978515625
-0.0861282348632812 0.11407470703125 -0.0366172790527344 -0.00309753417968749
-0.151535034179688 0.0742950439453125 0.0141363143920898 0.00971603393554688
-0.190109252929688 0.00961303710937501 0.0258979797363281 0.0526618957519531
-0.175689697265625 -0.1282958984375 0.0132179260253906 0.0650520324707031
-0.163925170898437 -0.186279296875 0.000823974609374987 0.0807647705078125
-0.114593505859375 -0.267654418945313 0.0142545700073242 -0.00254726409912111
-0.022064208984375 -0.278366088867188 -0.281982421875 0.044769287109375
-0.038482666015625 -0.174301147460938 -0.180374145507813 -0.0810546875
-0.070892333984375 -0.16473388671875 -0.159103393554688 -0.1666259765625
-0.104629516601563 -0.0916900634765625 -0.218978881835938 -0.14263916015625
-0.09893798828125 -0.0568161010742188 -0.207992553710937 -0.0892486572265625
-0.108673095703125 0.0138778686523437 -0.221084594726562 -0.0281524658203125
-0.109573364257813 0.0707550048828125 -0.190887451171875 0.010406494140625
-0.102569580078125 0.0737228393554687 -0.124359130859375 -0.00476074218750001
-0.106742858886719 0.110008239746094 -0.0873031616210938 -0.02423095703125
-0.129432678222656 0.0937576293945312 -0.0218639373779297 -0.0315742492675781
-0.180267333984375 0.0425567626953125 0.0238800048828125 -0.0133304595947266
-0.205551147460937 -0.0231170654296875 0.0213890075683594 0.0331020355224609
-0.162078857421875 -0.1683349609375 -0.00924682617187501 0.0361328125
-0.128692626953125 -0.220962524414063 -0.0477142333984375 0.0179519653320312
-0.060028076171875 -0.28564453125 -0.0138092041015625 -0.101699829101563
0.050567626953125 -0.270034790039063 -0.2720947265625 -0.0587158203125001
0.019866943359375 -0.218170166015625 -0.184524536132813 -0.16644287109375
-0.0474700927734375 -0.237869262695313 -0.161758422851562 -0.2021484375
-0.12786865234375 -0.15936279296875 -0.209259033203125 -0.15545654296875
-0.135177612304688 -0.101493835449219 -0.176284790039063 -0.0923004150390625
-0.161636352539062 -0.011962890625 -0.17718505859375 -0.04034423828125
-0.162155151367188 0.0527801513671875 -0.143081665039063 -0.01873779296875
-0.148696899414063 0.04949951171875 -0.0828399658203125 -0.03558349609375
-0.1566162109375 0.08062744140625 -0.0538406372070313 -0.0559043884277344
-0.158599853515625 0.0521240234375 0.00493621826171874 -0.0500068664550781
-0.18841552734375 -0.00990295410156253 0.0392837524414062 -0.0248146057128906
-0.192398071289063 -0.0712432861328125 0.0205631256103516 0.0215625762939453
-0.112625122070313 -0.200469970703125 -0.0256519317626953 0.0171012878417969
-0.05877685546875 -0.234756469726563 -0.0828857421875 -0.0370254516601563
0.015716552734375 -0.268600463867188 -0.0229644775390625 -0.193771362304688
0.109893798828125 -0.216476440429687 -0.242874145507813 -0.146453857421875
0.07373046875 -0.212326049804688 -0.175186157226563 -0.2335205078125
-0.00946044921875002 -0.256332397460938 -0.154525756835938 -0.21563720703125
-0.117019653320313 -0.189498901367188 -0.179458618164063 -0.152999877929688
-0.136405944824219 -0.126754760742188 -0.126380920410156 -0.088104248046875
-0.179550170898438 -0.0374908447265625 -0.115745544433594 -0.0529022216796875
-0.187789916992188 0.023834228515625 -0.08026123046875 -0.048004150390625
-0.172866821289063 0.0182037353515625 -0.0285415649414063 -0.0609703063964844
-0.186813354492187 0.0391845703125 -0.00400543212890626 -0.0757598876953125
-0.171875 0.00117492675781253 0.0451278686523437 -0.0521621704101563
-0.175888061523438 -0.0682220458984375 0.0633964538574218 -0.0217056274414063
-0.156036376953125 -0.122146606445312 0.0286464691162109 0.0185508728027344
-0.0408782958984375 -0.221298217773437 -0.0265045166015625 0.00468826293945311
0.030914306640625 -0.227203369140625 -0.0880355834960937 -0.0840072631835938
0.0967254638671875 -0.21923828125 -0.00407409667968749 -0.267440795898438
0.150253295898438 -0.126708984375 -0.200531005859375 -0.196929931640625
0.116363525390625 -0.158523559570313 -0.156295776367188 -0.267166137695313
0.0364990234375 -0.214996337890625 -0.14068603515625 -0.203460693359375
-0.0725555419921875 -0.176025390625 -0.138320922851563 -0.135856628417969
-0.0981903076171875 -0.128631591796875 -0.0731048583984375 -0.076324462890625
-0.157318115234375 -0.0638580322265625 -0.0507659912109375 -0.06097412109375
-0.180587768554688 -0.0124053955078125 -0.014190673828125 -0.0708389282226562
-0.171051025390625 -0.0160064697265625 0.0288314819335937 -0.0758514404296875
-0.191192626953125 -0.00381469726562501 0.0562896728515625 -0.0815582275390625
-0.16650390625 -0.042327880859375 0.093597412109375 -0.0389862060546875
-0.14892578125 -0.110992431640625 0.0945816040039062 -0.00550842285156251
-0.10992431640625 -0.155517578125 0.0470848083496094 0.0227546691894531
0.0294342041015625 -0.219696044921875 -0.0052652359008789 -9.63211059570454E-05
0.11419677734375 -0.195602416992188 -0.057525634765625 -0.117469787597656
0.165328979492187 -0.143707275390625 0.043121337890625 -0.31304931640625
0.171279907226563 -0.017791748046875 -0.1522216796875 -0.203750610351563
0.144195556640625 -0.0713348388671875 -0.127609252929688 -0.259506225585938
0.0846786499023437 -0.130722045898437 -0.117843627929687 -0.1728515625
-0.00325012207031251 -0.131004333496094 -0.096527099609375 -0.112190246582031
-0.0308303833007813 -0.112922668457031 -0.0315933227539063 -0.0604515075683594
-0.103538513183594 -0.0887222290039063 0.00257110595703124 -0.0612907409667969
-0.145523071289063 -0.05224609375 0.0435638427734375 -0.079437255859375
-0.14398193359375 -0.0472259521484375 0.0821151733398438 -0.078765869140625
-0.167739868164063 -0.0399017333984375 0.116935729980469 -0.0762405395507812
-0.140960693359375 -0.06781005859375 0.144515991210938 -0.0186614990234375
-0.112396240234375 -0.124977111816406 0.13043212890625 0.01544189453125
-0.0666961669921875 -0.157211303710938 0.0781021118164063 0.0323486328125
0.076080322265625 -0.1895751953125 0.0350265502929688 0.00541687011718749
0.168487548828125 -0.139251708984375 0.00153350830078126 -0.127593994140625
0.203323364257813 -0.0520782470703125 0.110321044921875 -0.3223876953125
-0.199081420898437 -0.058624267578125 -0.13336181640625 0.298583984375
-0.130020141601563 0.0982589721679687 -0.0456390380859375 0.123252868652344
-0.0579605102539062 0.138832092285156 -0.0686416625976563 -0.0396881103515625
0.0305404663085938 0.128303527832031 -0.124359130859375 -0.068206787109375
0.0618438720703125 0.0866317749023438 -0.168533325195313 -0.0460968017578125
0.102867126464844 0.054931640625 -0.18975830078125 0.0131988525390625
0.103782653808594 0.04718017578125 -0.171722412109375 0.080230712890625
0.0889892578125 0.0563888549804688 -0.123123168945313 0.0818328857421875
0.0942916870117188 0.0673141479492188 -0.0720138549804688 0.0785751342773438
0.0454788208007812 0.0901260375976563 -0.0318489074707031 0.0568199157714844
-0.00850677490234375 0.102516174316406 0.0156135559082031 0.0612220764160156
-0.0609817504882813 0.0918197631835938 0.0519027709960938 0.0972366333007812
-0.130294799804688 0.0380859375 0.0678253173828125 0.14691162109375
-0.1683349609375 -0.0067901611328125 0.10430908203125 0.204635620117187
-0.178497314453125 -0.0973968505859375 0.100601196289062 0.16156005859375
-0.163177490234375 -0.150634765625 -0.201431274414063 0.250457763671875
-0.119178771972656 0.0102615356445313 -0.106605529785156 0.0853805541992187
-0.0687141418457031 0.052215576171875 -0.109832763671875 -0.0666732788085938
-0.00741195678710937 0.0685234069824219 -0.166854858398438 -0.0850982666015625
0.0153884887695312 0.0442848205566406 -0.195755004882812 -0.059295654296875
0.0387496948242187 0.0459480285644531 -0.220474243164063 0.00263977050781251
0.0376434326171875 0.0645675659179688 -0.202407836914063 0.0679931640625
0.0276641845703125 0.0740509033203125 -0.144500732421875 0.0649566650390625
0.0289535522460938 0.0977096557617188 -0.0940933227539062 0.05780029296875
-0.020172119140625 0.107650756835938 -0.04266357421875 0.0371437072753906
-0.084014892578125 0.0934829711914063 0.00820159912109375 0.0430374145507813
-0.1326904296875 0.0531387329101563 0.0330657958984375 0.0789871215820313
-0.162155151367188 -0.0484466552734375 0.0360946655273438 0.106338500976563
-0.179092407226563 -0.0997772216796875 0.05462646484375 0.149017333984375
-0.163421630859375 -0.190017700195312 0.0520477294921875 0.0957412719726562
-0.103790283203125 -0.227783203125 -0.24969482421875 0.168838500976563
-0.0859832763671875 -0.0860977172851563 -0.14959716796875 0.019012451171875
-0.0743408203125 -0.0552215576171875 -0.139389038085938 -0.109230041503906
-0.0546875 -0.00909805297851562 -0.19976806640625 -0.10797119140625
-0.0406112670898438 -0.00768661499023438 -0.209945678710938 -0.0705718994140625
-0.0353584289550781 0.0299301147460937 -0.230239868164062 -0.00672912597656245
-0.0371932983398438 0.0727005004882812 -0.206741333007813 0.0489654541015625
-0.0391082763671875 0.0793304443359375 -0.142593383789063 0.0381927490234375
-0.0401229858398437 0.111946105957031 -0.0978546142578125 0.0260009765625
-0.0770339965820313 0.110023498535156 -0.0379905700683594 0.009521484375
-0.1400146484375 0.076812744140625 0.0118751525878906 0.0200157165527344
-0.180938720703125 0.02117919921875 0.0228271484375 0.0599403381347656
-0.177337646484375 -0.112411499023437 0.00724792480468748 0.0723876953125
-0.170928955078125 -0.167770385742188 -0.000259399414062507 0.0891265869140625
-0.129714965820312 -0.251495361328125 0.0103883743286133 0.00795745849609373
-0.036163330078125 -0.271209716796875 -0.269729614257813 0.0727691650390625
-0.041778564453125 -0.169418334960938 -0.173660278320313 -0.05902099609375
-0.0750579833984375 -0.159896850585937 -0.15838623046875 -0.151535034179687
-0.103240966796875 -0.0885467529296875 -0.216720581054687 -0.126434326171875
-0.0994338989257813 -0.0564422607421875 -0.20550537109375 -0.07501220703125
-0.107978820800781 0.0136642456054687 -0.216156005859375 -0.0119781494140625
-0.105400085449219 0.0730743408203125 -0.183578491210937 0.0281982421875
-0.0991287231445313 0.0753326416015625 -0.119369506835938 0.00894927978515628
-0.09967041015625 0.110870361328125 -0.0838470458984375 -0.0083770751953125
-0.121452331542969 0.096038818359375 -0.0225048065185547 -0.0178012847900391
-0.17352294921875 0.049346923828125 0.0223426818847656 -0.00104331970214843
-0.201263427734375 -0.010986328125 0.0197181701660156 0.0441818237304688
-0.168502807617188 -0.156280517578125 -0.0162086486816406 0.0475959777832031
-0.138946533203125 -0.208206176757813 -0.0517845153808594 0.0325164794921875
-0.075836181640625 -0.27716064453125 -0.0234375 -0.0866012573242188
0.0340728759765625 -0.272659301757813 -0.266067504882813 -0.0301055908203125
0.00918579101562499 -0.219192504882813 -0.18267822265625 -0.142837524414063
-0.060333251953125 -0.236068725585937 -0.163436889648438 -0.185012817382813
-0.134445190429687 -0.150970458984375 -0.207275390625 -0.138702392578125
-0.141143798828125 -0.0961151123046875 -0.17352294921875 -0.080902099609375
-0.161773681640625 -0.00331115722656248 -0.173782348632813 -0.0261383056640625
-0.158157348632813 0.063323974609375 -0.137229919433594 -0.00307464599609374
-0.145767211914063 0.0580291748046875 -0.078460693359375 -0.0239334106445313
-0.150482177734375 0.0892181396484375 -0.0512542724609375 -0.0409049987792969
-0.153305053710938 0.0600128173828125 0.00534820556640624 -0.0359153747558594
-0.186141967773438 0.00126647949218753 0.0384674072265625 -0.0134162902832031
-0.1943359375 -0.0587921142578125 0.0197353363037109 0.0332698822021484
-0.124526977539062 -0.194168090820312 -0.032501220703125 0.0309505462646484
-0.0731048583984375 -0.230316162109375 -0.0895156860351563 -0.01922607421875
-0.000930786132812518 -0.269393920898438 -0.0373687744140625 -0.176620483398438
0.09466552734375 -0.227157592773438 -0.243789672851562 -0.119049072265625
0.0597076416015625 -0.220703125 -0.180160522460937 -0.210586547851563
-0.028350830078125 -0.258804321289063 -0.158050537109375 -0.198104858398438
-0.130111694335937 -0.180557250976563 -0.177536010742188 -0.137496948242187
-0.146713256835938 -0.118209838867188 -0.124259948730469 -0.0796890258789063
-0.182342529296875 -0.0234222412109375 -0.11346435546875 -0.0416488647460938
-0.183303833007813 0.04022216796875 -0.0771865844726563 -0.03680419921875
-0.170059204101563 0.0324554443359375 -0.0268058776855469 -0.0526123046875
-0.180252075195313 0.054931640625 -0.00283813476562501 -0.0644569396972656
-0.169845581054688 0.0152740478515625 0.045928955078125 -0.0413551330566406
-0.179855346679687 -0.0540313720703125 0.06298828125 -0.0118904113769531
-0.164779663085938 -0.110397338867187 0.0273590087890625 0.0296211242675781
-0.0577239990234375 -0.22088623046875 -0.0330619812011719 0.0173778533935547
0.0132293701171875 -0.232131958007813 -0.0974960327148438 -0.0671005249023438
0.0823516845703125 -0.229888916015625 -0.022613525390625 -0.252273559570313
0.138992309570313 -0.1448974609375 -0.206634521484375 -0.175582885742188
0.102584838867188 -0.172088623046875 -0.16571044921875 -0.247238159179688
0.016082763671875 -0.22283935546875 -0.143203735351563 -0.188583374023438
-0.0894775390625 -0.170135498046875 -0.13568115234375 -0.124320983886719
-0.111282348632813 -0.119987487792969 -0.07086181640625 -0.0732345581054688
-0.162734985351563 -0.0465545654296875 -0.0501213073730469 -0.0549850463867188
-0.178207397460937 0.00830078125000004 -0.014434814453125 -0.0652084350585938
-0.169036865234375 0.00177001953125004 0.0287933349609375 -0.0733184814453125
-0.186614990234375 0.016357421875 0.0561676025390625 -0.0756607055664063
-0.166717529296875 -0.0249176025390625 0.0952377319335937 -0.0336380004882813
-0.157333374023438 -0.094390869140625 0.0953521728515625 0.000610351562499994
-0.124053955078125 -0.143386840820312 0.0465774536132812 0.03125
0.0081634521484375 -0.2237548828125 -0.0119781494140625 0.00864219665527342
0.09521484375 -0.208114624023438 -0.0695953369140625 -0.104316711425781
0.152450561523438 -0.162109375 0.021575927734375 -0.302398681640625
0.166259765625 -0.0399169921875 -0.16058349609375 -0.1905517578125
0.134391784667969 -0.0907821655273438 -0.138275146484375 -0.246170043945312
0.0668182373046875 -0.144134521484375 -0.118865966796875 -0.16064453125
-0.021026611328125 -0.1300048828125 -0.0926742553710937 -0.105827331542969
-0.0452499389648438 -0.107795715332031 -0.028533935546875 -0.0612983703613281
-0.111602783203125 -0.0723342895507812 0.00185012817382812 -0.0618553161621094
-0.145889282226563 -0.031829833984375 0.04071044921875 -0.0813522338867188
-0.143203735351563 -0.028564453125 0.0793228149414062 -0.081329345703125
-0.165054321289063 -0.018035888671875 0.114654541015625 -0.076171875
-0.143020629882813 -0.04791259765625 0.145599365234375 -0.018218994140625
-0.122611999511719 -0.107734680175781 0.130378723144531 0.0166473388671875
-0.0832061767578125 -0.145904541015625 0.0764389038085937 0.0361328125
0.0545806884765625 -0.1966552734375 0.0285358428955078 0.00872230529785155
0.150482177734375 -0.156585693359375 -0.0119094848632812 -0.122085571289063
0.194183349609375 -0.0751495361328125 0.087921142578125 -0.32025146484375
-0.198715209960938 -0.03466796875 -0.11077880859375 0.30743408203125
-0.113876342773438 0.1092529296875 -0.03131103515625 0.124649047851563
-0.038238525390625 0.144073486328125 -0.0671653747558594 -0.0388450622558594
0.0469207763671875 0.120658874511719 -0.126762390136719 -0.0665206909179688
0.071136474609375 0.0750198364257813 -0.171066284179688 -0.04083251953125
0.104103088378906 0.038055419921875 -0.192031860351563 0.02008056640625
0.102828979492187 0.0315704345703125 -0.170181274414063 0.08984375
0.089447021484375 0.0426254272460938 -0.11981201171875 0.0914154052734375
0.095062255859375 0.051666259765625 -0.0682449340820313 0.0856781005859375
0.052032470703125 0.0779190063476563 -0.0320625305175781 0.0633735656738281
0.00342559814453125 0.095703125 0.0157089233398437 0.0661201477050781
-0.04595947265625 0.0942840576171875 0.052459716796875 0.0985870361328125
-0.120346069335937 0.0537643432617188 0.070343017578125 0.145843505859375
-0.163116455078125 0.014984130859375 0.113662719726562 0.20074462890625
-0.184341430664063 -0.0747528076171875 0.108367919921875 0.159881591796875
-0.168975830078125 -0.132247924804688 -0.18048095703125 0.267959594726563
-0.108551025390625 0.0202178955078125 -0.0936126708984375 0.0941543579101562
-0.0554618835449219 0.0568580627441406 -0.10809326171875 -0.0615615844726562
0.00489044189453126 0.0624198913574219 -0.1683349609375 -0.07763671875
0.0210666656494141 0.0344638824462891 -0.19732666015625 -0.050506591796875
0.0390548706054687 0.0331687927246094 -0.22174072265625 0.013671875
0.0380134582519531 0.0542755126953125 -0.19879150390625 0.083038330078125
0.0281639099121094 0.0649185180664063 -0.140190124511719 0.0778732299804687
0.0310211181640625 0.0874710083007813 -0.0897140502929688 0.06915283203125
-0.013092041015625 0.100479125976563 -0.04217529296875 0.0468254089355469
-0.0737838745117188 0.0924606323242188 0.00857543945312499 0.0506515502929688
-0.122802734375 0.0604476928710937 0.0334320068359375 0.0846481323242188
-0.160125732421875 -0.032623291015625 0.0352096557617187 0.111343383789063
-0.181503295898438 -0.079742431640625 0.0597991943359375 0.152267456054688
-0.175704956054687 -0.170913696289063 0.0555648803710937 0.100296020507812
-0.114334106445313 -0.21575927734375 -0.232437133789063 0.192657470703125
-0.0828475952148438 -0.0793991088867188 -0.139015197753906 0.0342788696289063
-0.0697708129882813 -0.0519905090332031 -0.139137268066406 -0.10015869140625
-0.0479774475097656 -0.0114364624023437 -0.201034545898438 -0.09698486328125
-0.0396194458007813 -0.0130081176757813 -0.210723876953125 -0.0592803955078125
-0.0357017517089844 0.0238189697265625 -0.229476928710938 0.00769042968750004
-0.0351486206054688 0.0691490173339844 -0.200881958007813 0.0661163330078125
-0.0375518798828125 0.0767059326171875 -0.138259887695313 0.0522384643554688
-0.0354995727539062 0.108749389648438 -0.0936660766601563 0.0395050048828125
-0.0702667236328125 0.108673095703125 -0.03704833984375 0.0211944580078125
-0.132408142089844 0.0809097290039062 0.0130081176757812 0.0297183990478516
-0.175323486328125 0.0309906005859375 0.02349853515625 0.0687789916992188
-0.181854248046875 -0.0983734130859375 0.00393676757812499 0.082183837890625
-0.17919921875 -0.150955200195313 0.00194549560546873 0.0988388061523438
-0.146011352539063 -0.239273071289062 0.00854110717773437 0.0182666778564453
-0.0512542724609375 -0.268234252929688 -0.25836181640625 0.1002197265625
-0.047271728515625 -0.16748046875 -0.168212890625 -0.04095458984375
-0.0809478759765625 -0.158203125 -0.160629272460938 -0.13995361328125
-0.105323791503906 -0.0860061645507813 -0.218887329101563 -0.113494873046875
-0.103401184082031 -0.0567855834960937 -0.206100463867188 -0.063568115234375
-0.109176635742188 0.015838623046875 -0.214309692382812 0.00337219238281249
-0.10284423828125 0.0775680541992188 -0.17822265625 0.04486083984375
-0.0972518920898438 0.07891845703125 -0.115158081054688 0.0219955444335938
-0.0951385498046875 0.114425659179688 -0.0791015625 0.00580596923828127
-0.115432739257812 0.0998764038085938 -0.0208721160888672 -0.00581741333007812
-0.169662475585938 0.057586669921875 0.0240020751953125 0.00832557678222657
-0.200729370117188 0.000900268554687537 0.0211639404296875 0.0546226501464844
-0.177871704101563 -0.146102905273438 -0.0198516845703125 0.06134033203125
-0.151962280273437 -0.197113037109375 -0.0535659790039063 0.0475654602050781
-0.09423828125 -0.272705078125 -0.0307388305664063 -0.0735092163085938
0.0173187255859375 -0.278152465820313 -0.26165771484375 -0.00247192382812502
-0.0029144287109375 -0.223602294921875 -0.183319091796875 -0.122634887695313
-0.0760040283203125 -0.2359619140625 -0.1666259765625 -0.172149658203125
-0.14324951171875 -0.145172119140625 -0.209854125976563 -0.12506103515625
-0.149703979492188 -0.0913238525390625 -0.174850463867188 -0.0696563720703125
-0.16375732421875 0.00592041015625002 -0.1717529296875 -0.0117340087890625
-0.154220581054688 0.074676513671875 -0.132514953613281 0.0112075805664062
-0.144195556640625 0.0681915283203125 -0.0752105712890625 -0.0143280029296875
-0.14556884765625 0.100341796875 -0.0478553771972656 -0.0292205810546875
-0.150253295898437 0.0701446533203125 0.0081043243408203 -0.0261402130126953
-0.187637329101563 0.013397216796875 0.0413970947265625 -0.00442123413085937
-0.199005126953125 -0.0463714599609375 0.0217323303222656 0.0446510314941406
-0.138427734375 -0.189682006835938 -0.0361976623535156 0.0457038879394531
-0.0892486572265625 -0.228134155273437 -0.0943222045898437 -0.00143432617187503
-0.018829345703125 -0.274261474609375 -0.0499725341796875 -0.162933349609375
0.078521728515625 -0.240921020507813 -0.245208740234375 -0.0945892333984375
0.0443572998046875 -0.2294921875 -0.18682861328125 -0.192367553710937
-0.0506439208984375 -0.26226806640625 -0.16265869140625 -0.185501098632813
-0.145263671875 -0.173370361328125 -0.17919921875 -0.126358032226562
-0.158935546875 -0.1099853515625 -0.125106811523438 -0.0726470947265625
-0.185089111328125 -0.00836181640625003 -0.112167358398438 -0.0316162109375
-0.180130004882813 0.0576019287109375 -0.074432373046875 -0.0279464721679688
-0.169692993164063 0.0467529296875 -0.0250129699707031 -0.0473098754882813
-0.176376342773437 0.071136474609375 8.01086425781161E-05 -0.0565872192382812
-0.168731689453125 0.0287933349609375 0.0499153137207031 -0.0345039367675781
-0.18548583984375 -0.039642333984375 0.0673828125 -0.00471115112304688
-0.175796508789063 -0.0984344482421875 0.0298309326171875 0.0396995544433594
-0.0771636962890625 -0.221649169921875 -0.0373649597167969 0.0311241149902344
-0.00592041015624999 -0.238815307617188 -0.105964660644531 -0.0508041381835938
0.066192626953125 -0.242584228515625 -0.0397186279296875 -0.241256713867188
0.127029418945313 -0.163345336914063 -0.214096069335937 -0.157180786132813
0.0877838134765625 -0.1871337890625 -0.177947998046875 -0.231216430664062
-0.00595092773437499 -0.230941772460938 -0.147262573242188 -0.177536010742188
-0.107452392578125 -0.163528442382813 -0.136703491210938 -0.116737365722656
-0.12579345703125 -0.11181640625 -0.071441650390625 -0.07073974609375
-0.167831420898438 -0.0289154052734375 -0.0501976013183594 -0.0510597229003906
-0.1763916015625 0.02777099609375 -0.0142097473144531 -0.0616073608398438
-0.168792724609375 0.019378662109375 0.028717041015625 -0.073028564453125
-0.183578491210938 0.0360565185546875 0.0573883056640625 -0.0734024047851563
-0.16705322265625 -0.00808715820312504 0.100044250488281 -0.031341552734375
-0.166046142578125 -0.078399658203125 0.099700927734375 0.00453186035156249
-0.138702392578125 -0.131942749023438 0.0491752624511719 0.0386543273925781
-0.0137176513671875 -0.228561401367188 -0.0167026519775391 0.0183277130126953
0.0751495361328125 -0.221588134765625 -0.0806045532226563 -0.0919876098632813
0.139114379882813 -0.182632446289063 0.00134277343750003 -0.29791259765625
0.160003662109375 -0.061370849609375 -0.169891357421875 -0.178680419921875
0.123428344726563 -0.108924865722656 -0.152099609375 -0.235565185546875
0.0483551025390625 -0.155670166015625 -0.122100830078125 -0.153305053710938
-0.0384368896484375 -0.127006530761719 -0.0927658081054688 -0.103416442871094
-0.0591964721679688 -0.101699829101563 -0.0281639099121094 -0.0643959045410156
-0.118019104003906 -0.0561981201171875 0.000217437744140616 -0.0638160705566406
-0.145706176757813 -0.0117645263671875 0.0382232666015625 -0.0843505859375
-0.142959594726563 -0.0109405517578125 0.077911376953125 -0.0858078002929688
-0.1619873046875 0.00181579589843751 0.115280151367188 -0.0800399780273438
-0.14404296875 -0.0301513671875 0.150177001953125 -0.020965576171875
-0.132545471191406 -0.0915756225585938 0.134353637695313 0.0170364379882812
-0.0986709594726563 -0.135101318359375 0.0776748657226563 0.0400619506835937
0.0325469970703125 -0.203720092773438 0.0236415863037109 0.0127239227294922
0.132232666015625 -0.174240112304688 -0.025482177734375 -0.117103576660156
0.185501098632813 -0.0980224609375 0.066009521484375 -0.322967529296875
-0.19659423828125 -0.00880432128906247 -0.08184814453125 0.318634033203125
-0.09625244140625 0.120742797851562 -0.0151290893554688 0.125205993652344
-0.016387939453125 0.146087646484375 -0.0679473876953125 -0.0375785827636719
0.0632171630859375 0.110054016113281 -0.131675720214844 -0.0617294311523438
0.0788497924804688 0.0619354248046875 -0.175155639648438 -0.0323944091796875
0.103668212890625 0.0207061767578125 -0.195480346679687 0.031219482421875
0.100448608398437 0.0156021118164062 -0.16644287109375 0.104248046875
0.0889129638671875 0.029296875 -0.11480712890625 0.103691101074219
0.0939712524414063 0.0359268188476563 -0.0617904663085938 0.0946121215820313
0.0570144653320313 0.0655136108398438 -0.0297317504882813 0.07086181640625
0.015167236328125 0.0890884399414063 0.0183334350585937 0.0703659057617188
-0.0313034057617187 0.0958099365234375 0.0571212768554687 0.100074768066406
-0.108039855957031 0.069305419921875 0.0765228271484375 0.145584106445313
-0.154464721679688 0.0371246337890625 0.126953125 0.195053100585938
-0.189971923828125 -0.0493316650390625 0.119491577148437 0.156112670898438
-0.175018310546875 -0.111419677734375 -0.152984619140625 0.288330078125
-0.0982742309570312 0.0298843383789062 -0.0781936645507813 0.103012084960938
-0.0415267944335938 0.0592613220214844 -0.109672546386719 -0.0549697875976563
0.0159912109375 0.0548782348632813 -0.17254638671875 -0.0684051513671875
0.0250339508056641 0.0251293182373047 -0.200546264648438 -0.03778076171875
0.0382499694824219 0.0216178894042969 -0.222747802734375 0.0291748046875
0.0381011962890625 0.0446853637695313 -0.1932373046875 0.101516723632813
0.0293235778808594 0.0572891235351562 -0.134223937988281 0.0931549072265625
0.0337371826171875 0.0779342651367188 -0.0827407836914063 0.0819778442382812
-0.00628662109375 0.0944290161132813 -0.0390968322753906 0.0572891235351563
-0.0634841918945313 0.092376708984375 0.0120391845703125 0.0573196411132813
-0.112113952636719 0.0683975219726562 0.0380935668945312 0.089996337890625
-0.157730102539063 -0.0153045654296875 0.0385284423828125 0.117576599121094
-0.182846069335938 -0.0571136474609375 0.069915771484375 0.154769897460938
-0.189239501953125 -0.149002075195312 0.0627899169921875 0.104461669921875
-0.128814697265625 -0.203750610351563 -0.209732055664063 0.21942138671875
-0.0824356079101563 -0.0733566284179688 -0.12762451171875 0.0491714477539062
-0.0677337646484375 -0.0488204956054687 -0.142318725585938 -0.0896148681640625
-0.0439834594726563 -0.0139808654785156 -0.205612182617187 -0.083099365234375
-0.0406532287597656 -0.0169525146484375 -0.213760375976562 -0.044586181640625
-0.0375747680664063 0.0199470520019531 -0.2288818359375 0.02593994140625
-0.0329742431640625 0.0681343078613281 -0.194137573242187 0.08575439453125
-0.0359573364257812 0.0765228271484375 -0.131858825683594 0.0676345825195313
-0.0307693481445313 0.1080322265625 -0.0869140625 0.0536041259765625
-0.06341552734375 0.109512329101563 -0.0335636138916016 0.0323829650878906
-0.124259948730469 0.087158203125 0.0169219970703125 0.0375442504882813
-0.170013427734375 0.043792724609375 0.0286941528320312 0.0775222778320313
-0.187103271484375 -0.081878662109375 0.00587463378906249 0.0938186645507813
-0.188827514648438 -0.1314697265625 0.0076446533203125 0.109405517578125
-0.165557861328125 -0.223480224609375 0.00873947143554686 0.0277309417724609
-0.070831298828125 -0.264541625976563 -0.24261474609375 0.129745483398437
-0.0560302734375 -0.166427612304688 -0.162139892578125 -0.0219573974609375
-0.0909881591796875 -0.155517578125 -0.165115356445313 -0.126815795898437
-0.109809875488281 -0.0824356079101562 -0.223190307617188 -0.096405029296875
-0.109764099121094 -0.0534515380859375 -0.208526611328125 -0.048248291015625
-0.111122131347656 0.020355224609375 -0.211273193359375 0.0223236083984375
-0.0991592407226563 0.0847015380859375 -0.170013427734375 0.0635833740234375
-0.0945281982421875 0.0855789184570313 -0.109443664550781 0.0354766845703125
-0.0886764526367188 0.121658325195313 -0.0735015869140625 0.018829345703125
-0.10919189453125 0.107025146484375 -0.0166425704956055 0.00463199615478517
-0.165069580078125 0.0692901611328125 0.0284385681152344 0.0165538787841797
-0.200332641601562 0.0161285400390625 0.0271644592285156 0.0649566650390625
-0.190719604492187 -0.132369995117188 -0.0184555053710938 0.0766143798828125
-0.16796875 -0.183303833007813 -0.0512351989746094 0.0640792846679688
-0.117584228515625 -0.26605224609375 -0.0375900268554687 -0.059661865234375
-0.005615234375 -0.284027099609375 -0.254379272460938 0.0276336669921875
-0.0195770263671875 -0.227310180664063 -0.1849365234375 -0.101776123046875
-0.0973968505859375 -0.235122680664062 -0.173980712890625 -0.158660888671875
-0.156005859375 -0.136184692382813 -0.214141845703125 -0.108596801757813
-0.160919189453125 -0.081573486328125 -0.177047729492187 -0.056243896484375
-0.165420532226563 0.0187225341796875 -0.16925048828125 0.00486755371093751
-0.148880004882813 0.0889739990234375 -0.126678466796875 0.0256881713867187
-0.140274047851563 0.0816268920898437 -0.0719757080078125 -0.00399017333984374
-0.137641906738281 0.114021301269531 -0.0432205200195313 -0.0192108154296875
-0.14508056640625 0.0823516845703125 0.0127677917480469 -0.0185947418212891
-0.188278198242188 0.0282440185546875 0.0467109680175781 0.00220108032226563
-0.205215454101563 -0.0301361083984375 0.0283660888671875 0.0544700622558594
-0.158187866210938 -0.180999755859375 -0.03558349609375 0.0618133544921875
-0.11090087890625 -0.222915649414062 -0.0963668823242188 0.01824951171875
-0.0432281494140625 -0.277053833007813 -0.063720703125 -0.148788452148438
0.0565032958984375 -0.254287719726562 -0.247100830078125 -0.0668182373046876
0.024261474609375 -0.2393798828125 -0.195846557617188 -0.170166015625
-0.0774078369140625 -0.263702392578125 -0.170989990234375 -0.17205810546875
-0.163467407226563 -0.161285400390625 -0.184478759765625 -0.112884521484375
-0.17333984375 -0.0970306396484375 -0.12774658203125 -0.0637588500976562
-0.187911987304688 0.0105743408203125 -0.111038208007813 -0.0201950073242188
-0.174026489257813 0.0774078369140625 -0.0711669921875 -0.0186538696289062
-0.165313720703125 0.0646514892578125 -0.0236320495605469 -0.0425376892089844
-0.169281005859375 0.090362548828125 0.00237655639648437 -0.0515975952148437
-0.16644287109375 0.0455780029296875 0.0550765991210937 -0.0317611694335938
-0.19097900390625 -0.0214080810546875 0.073516845703125 -0.00130462646484375
-0.187103271484375 -0.081939697265625 0.0364761352539062 0.0479240417480469
-0.101852416992188 -0.218917846679687 -0.0370368957519531 0.04571533203125
-0.030487060546875 -0.242691040039063 -0.111900329589844 -0.0309524536132813
0.0431976318359375 -0.255447387695313 -0.0605621337890625 -0.230697631835938
0.110626220703125 -0.182571411132812 -0.222518920898438 -0.135406494140625
0.0678863525390625 -0.201522827148438 -0.19219970703125 -0.212539672851563
-0.0335845947265625 -0.235122680664063 -0.155059814453125 -0.165542602539063
-0.127212524414063 -0.153823852539062 -0.140884399414063 -0.108245849609375
-0.1417236328125 -0.09893798828125 -0.07464599609375 -0.0679702758789063
-0.170822143554687 -0.00915527343749999 -0.0511741638183594 -0.0463371276855469
-0.1715087890625 0.0500030517578125 -0.01519775390625 -0.0601425170898437
-0.166107177734375 0.0394744873046875 0.0264739990234375 -0.0751190185546875
-0.177154541015625 0.0576934814453125 0.0584945678710937 -0.0748519897460938
-0.165924072265625 0.0110626220703125 0.105239868164062 -0.0333786010742187
-0.174545288085938 -0.0594635009765625 0.106285095214844 0.0047149658203125
-0.154190063476562 -0.1163330078125 0.0545158386230469 0.0442314147949219
-0.0408477783203125 -0.231170654296875 -0.0180263519287109 0.0286579132080078
0.04962158203125 -0.233505249023437 -0.0919342041015625 -0.0777435302734375
0.12103271484375 -0.203125 -0.023895263671875 -0.292755126953125
0.150848388671875 -0.0839080810546875 -0.181640625 -0.16448974609375
0.1085205078125 -0.127334594726563 -0.169189453125 -0.222640991210938
0.026580810546875 -0.164993286132812 -0.1278076171875 -0.1448974609375
-0.0565414428710938 -0.121391296386719 -0.0962371826171875 -0.100685119628906
-0.0743942260742187 -0.0931167602539063 -0.0314216613769531 -0.0674247741699219
-0.123519897460938 -0.0382919311523437 -0.00283432006835939 -0.0661849975585938
-0.142959594726563 0.00903320312499998 0.0332794189453125 -0.08880615234375
-0.14117431640625 0.0081939697265625 0.0745010375976562 -0.0939178466796875
-0.157424926757813 0.0230712890625 0.114730834960937 -0.0871658325195313
-0.14324951171875 -0.01116943359375 0.15533447265625 -0.0292205810546875
-0.141555786132813 -0.073638916015625 0.140228271484375 0.0134506225585937
-0.114410400390625 -0.120925903320313 0.0831222534179687 0.0418014526367187
0.00633239746093748 -0.208663940429688 0.0209274291992188 0.0173530578613281
0.108627319335938 -0.1910400390625 -0.0398712158203125 -0.11041259765625
0.17291259765625 -0.123275756835938 0.03790283203125 -0.326995849609375
-0.188079833984375 0.0191192626953125 -0.044677734375 0.32275390625
-0.0747451782226563 0.128318786621094 0.0027008056640625 0.121688842773438
0.00822448730468751 0.143646240234375 -0.068450927734375 -0.033172607421875
0.0781021118164063 0.0946502685546875 -0.136497497558594 -0.05279541015625
0.084228515625 0.045806884765625 -0.177276611328125 -0.0189666748046875
0.0987548828125 0.0028228759765625 -0.194686889648438 0.0470733642578125
0.094879150390625 -0.000732421875 -0.1566162109375 0.120895385742187
0.0850677490234375 0.0148544311523438 -0.104057312011719 0.11590576171875
0.089691162109375 0.0199203491210938 -0.0518417358398437 0.102279663085937
0.0602989196777344 0.0519828796386719 -0.0242080688476563 0.0776824951171875
0.0254440307617187 0.0792922973632812 0.0232086181640625 0.0724563598632813
-0.0155410766601562 0.0939178466796875 0.0641250610351563 0.0983657836914062
-0.0909881591796875 0.082427978515625 0.0861358642578125 0.14093017578125
-0.14056396484375 0.0586166381835937 0.142379760742188 0.182037353515625
-0.188705444335938 -0.0202178955078125 0.132186889648437 0.145843505859375
-0.177886962890625 -0.0865325927734375 -0.1153564453125 0.302642822265625
-0.0859756469726563 0.0385284423828125 -0.0595626831054688 0.108856201171875
-0.0265769958496094 0.0586738586425781 -0.110198974609375 -0.045654296875
0.0254135131835937 0.0448570251464844 -0.175262451171875 -0.0535125732421875
0.0268459320068359 0.0145969390869141 -0.2010498046875 -0.0212860107421875
0.0346908569335938 0.0102787017822266 -0.218215942382813 0.049072265625
0.0362586975097656 0.0352783203125 -0.180145263671875 0.121536254882812
0.0294685363769531 0.0493965148925781 -0.122322082519531 0.108871459960937
0.0352592468261719 0.0692138671875 -0.0717544555664062 0.0935287475585938
0.000320434570312495 0.087890625 -0.0322113037109375 0.0666694641113281
-0.0516815185546875 0.091766357421875 0.0182456970214844 0.0617446899414063
-0.0992507934570313 0.0758819580078125 0.0463485717773437 0.0929946899414063
-0.150650024414062 0.0029144287109375 0.0469284057617188 0.120346069335938
-0.179473876953125 -0.0322265625 0.084197998046875 0.152587890625
-0.199539184570313 -0.120925903320312 0.0719528198242187 0.104263305664062
-0.143020629882813 -0.184524536132812 -0.177017211914063 0.242874145507813
-0.0816650390625 -0.0654449462890625 -0.11175537109375 0.0636825561523438
-0.0649833679199219 -0.0453262329101562 -0.14495849609375 -0.07550048828125
-0.0413856506347656 -0.0160140991210937 -0.2078857421875 -0.0637359619140625
-0.0428352355957031 -0.0191497802734375 -0.213104248046875 -0.0248260498046875
-0.039154052734375 0.017486572265625 -0.22283935546875 0.0479278564453125
-0.0296516418457031 0.0668601989746094 -0.180572509765625 0.106796264648438
-0.0321807861328125 0.0764694213867188 -0.120956420898437 0.0835952758789063
-0.0235748291015625 0.106903076171875 -0.0761642456054688 0.0665969848632812
-0.0535202026367187 0.109794616699219 -0.0276832580566406 0.0421867370605469
-0.113822937011719 0.094635009765625 0.0233993530273437 0.042816162109375
-0.160568237304688 0.0582427978515625 0.0371932983398437 0.0829620361328125
-0.189727783203125 -0.061004638671875 0.0131912231445312 0.103202819824219
-0.195709228515625 -0.106399536132813 0.0187530517578125 0.116493225097656
-0.184494018554688 -0.1998291015625 0.0120086669921875 0.0359115600585937
-0.0943756103515625 -0.253890991210937 -0.216964721679688 0.159591674804688
-0.06756591796875 -0.160568237304688 -0.1524658203125 -0.0017852783203125
-0.102828979492188 -0.148056030273437 -0.169876098632812 -0.110076904296875
-0.114028930664063 -0.0745315551757812 -0.225723266601563 -0.0745849609375
-0.116348266601563 -0.046875 -0.207778930664063 -0.0274200439453125
-0.110862731933594 0.0280075073242188 -0.2039794921875 0.0440826416015625
-0.0907821655273437 0.0920639038085938 -0.156906127929688 0.0825042724609375
-0.0873947143554688 0.0935211181640625 -0.100395202636719 0.049102783203125
-0.0772933959960938 0.128074645996094 -0.0649642944335938 0.0307159423828125
-0.0983352661132813 0.113670349121094 -0.010624885559082 0.0130348205566406
-0.1566162109375 0.0827484130859375 0.0353469848632812 0.0207099914550781
-0.195266723632813 0.0346527099609375 0.0361328125 0.070953369140625
-0.201614379882813 -0.110992431640625 -0.0114059448242188 0.0901412963867187
-0.182968139648438 -0.162612915039062 -0.04345703125 0.0792770385742187
-0.143112182617187 -0.250564575195313 -0.0420951843261719 -0.0454597473144531
-0.034576416015625 -0.282257080078125 -0.238983154296875 0.059844970703125
-0.041107177734375 -0.2255859375 -0.182693481445313 -0.0771636962890625
-0.120834350585938 -0.2247314453125 -0.181045532226563 -0.14013671875
-0.168060302734375 -0.120407104492188 -0.217819213867188 -0.0869293212890625
-0.170425415039063 -0.0665130615234375 -0.177825927734375 -0.0390167236328125
-0.162811279296875 0.0348052978515625 -0.16192626953125 0.0234527587890625
-0.137596130371094 0.10382080078125 -0.116432189941406 0.0400466918945313
-0.131065368652344 0.0958099365234375 -0.0663566589355469 0.00494384765625002
-0.124443054199219 0.127311706542969 -0.0378990173339844 -0.0101089477539063
-0.135391235351562 0.095947265625 0.0174379348754883 -0.0136289596557617
-0.18353271484375 0.0472259521484375 0.0528793334960937 0.0044708251953125
-0.206375122070313 -0.00892639160156252 0.0380172729492187 0.0609550476074219
-0.177474975585938 -0.163558959960937 -0.0286102294921875 0.0772857666015625
-0.133590698242188 -0.208633422851563 -0.09228515625 0.0386962890625
-0.07269287109375 -0.272384643554688 -0.0770416259765625 -0.130508422851563
0.027496337890625 -0.261703491210938 -0.241546630859375 -0.0355072021484375
-0.00184631347656252 -0.2427978515625 -0.2015380859375 -0.144058227539063
-0.108428955078125 -0.254409790039063 -0.179397583007812 -0.153793334960938
-0.180328369140625 -0.141510009765625 -0.188201904296875 -0.094390869140625
-0.185470581054687 -0.0764007568359375 -0.13018798828125 -0.051666259765625
-0.18408203125 0.03204345703125 -0.107093811035156 -0.00762939453125001
-0.161041259765625 0.0979766845703125 -0.066802978515625 -0.00902938842773437
-0.155776977539062 0.0841064453125 -0.023040771484375 -0.0386962890625
-0.156036376953125 0.1092529296875 0.00448608398437499 -0.0474510192871094
-0.157974243164063 0.0637359619140625 0.0596122741699219 -0.0316429138183594
-0.19140625 0.00085449218749997 0.0796966552734375 -0.00257110595703125
-0.194686889648438 -0.059661865234375 0.0455970764160156 0.0528297424316406
-0.12799072265625 -0.207321166992188 -0.0321540832519531 0.0606193542480469
-0.05926513671875 -0.238372802734375 -0.113677978515625 -0.00974273681640629
0.013336181640625 -0.262344360351563 -0.0822601318359375 -0.2122802734375
0.08612060546875 -0.19866943359375 -0.226181030273438 -0.107376098632813
0.0423583984375 -0.210845947265625 -0.205352783203125 -0.186721801757812
-0.0657196044921875 -0.231338500976563 -0.163284301757813 -0.14935302734375
-0.146804809570313 -0.135757446289063 -0.145263671875 -0.0954742431640625
-0.154678344726563 -0.0794830322265625 -0.0783233642578125 -0.0619888305664063
-0.169326782226562 0.014190673828125 -0.0517082214355469 -0.0406990051269531
-0.159423828125 0.072906494140625 -0.0170097351074219 -0.0570449829101562
-0.156585693359375 0.061492919921875 0.02313232421875 -0.0759811401367188
-0.164260864257813 0.0794219970703125 0.05670166015625 -0.0771942138671875
-0.15985107421875 0.032073974609375 0.109146118164063 -0.0393905639648438
-0.178253173828125 -0.0361328125 0.111839294433594 -0.000328063964843752
-0.165863037109375 -0.0951385498046875 0.0620651245117188 0.0464210510253906
-0.0716705322265625 -0.224197387695313 -0.0165290832519531 0.0392723083496094
0.01776123046875 -0.238449096679688 -0.100250244140625 -0.0594711303710938
0.0930633544921875 -0.21978759765625 -0.0537872314453125 -0.28045654296875
0.134834289550781 -0.105262756347656 -0.192031860351563 -0.142898559570313
0.0878143310546875 -0.14202880859375 -0.186691284179688 -0.200439453125
-0.00012207031250001 -0.167251586914063 -0.134384155273438 -0.133193969726563
-0.0746841430664063 -0.110176086425781 -0.101364135742187 -0.0943679809570313
-0.0875778198242188 -0.0792694091796875 -0.0366363525390625 -0.0677528381347656
-0.124176025390625 -0.0176010131835938 -0.00775909423828125 -0.0669898986816406
-0.13494873046875 0.03106689453125 0.0259857177734375 -0.092376708984375
-0.134170532226563 0.0286407470703125 0.0660629272460937 -0.101478576660156
-0.147003173828125 0.044921875 0.109237670898437 -0.096710205078125
-0.137908935546875 0.00952148437499999 0.157669067382813 -0.041595458984375
-0.146286010742188 -0.050750732421875 0.14501953125 0.0040740966796875
-0.126899719238281 -0.101226806640625 0.088226318359375 0.0397262573242187
-0.0236053466796875 -0.205810546875 0.0198879241943359 0.0219745635986328
0.078765869140625 -0.202377319335937 -0.0540542602539062 -0.099395751953125
0.151626586914063 -0.146011352539063 0.00231933593750002 -0.32354736328125
-0.170608520507813 0.04376220703125 -0.00616455078124998 0.3125
-0.0516510009765625 0.12811279296875 0.0182571411132813 0.112716674804688
0.0290145874023438 0.131324768066406 -0.0671272277832031 -0.0276374816894531
0.0866775512695313 0.075347900390625 -0.13653564453125 -0.0409011840820313
0.0842361450195313 0.0291976928710938 -0.173248291015625 -0.00492858886718751
0.08880615234375 -0.0121078491210938 -0.1864013671875 0.0620574951171875
0.08441162109375 -0.013427734375 -0.139968872070313 0.132926940917969
0.0775527954101563 0.00266265869140625 -0.0889739990234375 0.12371826171875
0.0815963745117188 0.0069580078125 -0.0393142700195313 0.105239868164063
0.0588150024414063 0.0380477905273438 -0.0162811279296875 0.0808792114257813
0.0324974060058594 0.0670738220214844 0.0288848876953125 0.0718841552734375
-0.000808715820312494 0.0870819091796875 0.0700607299804688 0.0931320190429688
-0.0704879760742188 0.0886154174804688 0.0947494506835938 0.13092041015625
-0.120086669921875 0.073028564453125 0.152359008789062 0.163619995117188
-0.176910400390625 0.00755310058593753 0.139419555664063 0.130424499511719
-0.172470092773438 -0.0606689453125 -0.073760986328125 0.301544189453125
-0.0711135864257812 0.0428848266601563 -0.0396270751953125 0.108139038085938
-0.0130653381347656 0.0535850524902344 -0.106605529785156 -0.0346832275390625
0.0314903259277344 0.0325927734375 -0.171615600585938 -0.036895751953125
0.0249767303466797 0.0053253173828125 -0.19384765625 -0.00376892089843751
0.0279617309570313 0.00198936462402344 -0.206527709960937 0.0681915283203125
0.0330390930175781 0.0263538360595703 -0.159835815429688 0.135406494140625
0.0280838012695313 0.0415191650390625 -0.104927062988281 0.1187744140625
0.034759521484375 0.0599594116210938 -0.0569305419921875 0.0995254516601563
0.00571441650390626 0.0786895751953125 -0.0232620239257812 0.0720672607421875
-0.0405731201171875 0.087860107421875 0.0246047973632812 0.0630035400390625
-0.083770751953125 0.0785751342773438 0.053924560546875 0.0910110473632812
-0.137367248535156 0.0183639526367188 0.0557708740234375 0.118499755859375
-0.167724609375 -0.00985717773437499 0.095489501953125 0.143142700195313
-0.1986083984375 -0.089569091796875 0.078704833984375 0.09881591796875
-0.150466918945313 -0.160064697265625 -0.135940551757813 0.252944946289062
-0.0784225463867187 -0.0570068359375 -0.0917434692382813 0.07220458984375
-0.0618629455566406 -0.041595458984375 -0.141586303710937 -0.0599822998046875
-0.0389366149902344 -0.0179443359375 -0.202468872070313 -0.042022705078125
-0.0458564758300781 -0.019989013671875 -0.204360961914063 -0.0053558349609375
-0.040985107421875 0.0159835815429688 -0.207412719726563 0.067596435546875
-0.02587890625 0.0637741088867188 -0.158981323242188 0.121597290039063
-0.0273666381835937 0.0744857788085938 -0.10400390625 0.094146728515625
-0.0170669555664063 0.102615356445313 -0.0625 0.0749435424804688
-0.0433349609375 0.106468200683594 -0.018585205078125 0.0482521057128906
-0.0997695922851563 0.0977783203125 0.0294532775878906 0.0438270568847656
-0.145843505859375 0.0694732666015625 0.046722412109375 0.0832138061523438
-0.183975219726563 -0.0389404296875 0.023406982421875 0.107444763183594
-0.1923828125 -0.0801544189453125 0.0312347412109375 0.117645263671875
-0.193862915039063 -0.169326782226563 0.0167808532714844 0.0418777465820312
-0.11309814453125 -0.23394775390625 -0.181396484375 0.178375244140625
-0.0765533447265625 -0.1495361328125 -0.134895324707031 0.014373779296875
-0.110557556152344 -0.135246276855469 -0.16754150390625 -0.09051513671875
-0.115303039550781 -0.0646286010742188 -0.21929931640625 -0.0507354736328125
-0.1185302734375 -0.0366592407226562 -0.198989868164063 -0.0077056884765625
-0.106239318847656 0.0346450805664063 -0.187286376953125 0.0628814697265625
-0.0797119140625 0.0953903198242188 -0.13690185546875 0.0954971313476563
-0.07708740234375 0.097930908203125 -0.0871810913085938 0.0588302612304687
-0.0636215209960938 0.129829406738281 -0.0534324645996094 0.0390892028808594
-0.0842666625976562 0.116249084472656 -0.0037841796875 0.0181713104248047
-0.142227172851563 0.092437744140625 0.0409736633300781 0.021575927734375
-0.182937622070313 0.051666259765625 0.0458145141601562 0.0720672607421875
-0.203109741210937 -0.0865631103515625 0.000350952148437491 0.0986251831054688
-0.189056396484375 -0.136032104492187 -0.030487060546875 0.0897293090820312
-0.161224365234375 -0.22467041015625 -0.0423851013183594 -0.0297431945800781
-0.06201171875 -0.268585205078125 -0.211898803710938 0.085052490234375
-0.0603179931640625 -0.214691162109375 -0.1722412109375 -0.0535888671875
-0.139434814453125 -0.206222534179688 -0.181427001953125 -0.117660522460938
-0.172286987304687 -0.100326538085938 -0.212982177734375 -0.0630340576171875
-0.172500610351563 -0.0470428466796875 -0.170669555664063 -0.020751953125
-0.153900146484375 0.0495758056640625 -0.148544311523438 0.0389862060546875
-0.120262145996094 0.113136291503906 -0.10198974609375 0.0509796142578125
-0.116783142089844 0.105880737304687 -0.0584678649902344 0.0127296447753906
-0.106315612792969 0.135299682617188 -0.0307254791259766 -0.00318527221679687
-0.119941711425781 0.104209899902344 0.0227508544921875 -0.0108146667480469
-0.171340942382813 0.063323974609375 0.0580711364746094 0.00368881225585938
-0.198562622070313 0.01202392578125 0.0473175048828125 0.0619621276855469
-0.188262939453125 -0.1392822265625 -0.0171127319335938 0.0881729125976563
-0.148818969726562 -0.186721801757813 -0.0816497802734375 0.0560760498046875
-0.09820556640625 -0.255233764648438 -0.0844955444335938 -0.108299255371094
-0.00305175781249998 -0.25714111328125 -0.2254638671875 -0.00569152832031251
-0.028961181640625 -0.235397338867188 -0.19854736328125 -0.114593505859375
-0.134017944335937 -0.233779907226563 -0.180953979492188 -0.13134765625
-0.189178466796875 -0.1165771484375 -0.185211181640625 -0.0731658935546875
-0.188140869140625 -0.052703857421875 -0.126960754394531 -0.0376205444335938
-0.172119140625 0.0508270263671875 -0.0988540649414063 0.00387573242187501
-0.14105224609375 0.11151123046875 -0.0595817565917969 -0.00204467773437499
-0.139106750488281 0.0987091064453125 -0.0217533111572266 -0.0346488952636719
-0.135284423828125 0.122200012207031 0.00597763061523437 -0.0447006225585937
-0.142822265625 0.0777740478515625 0.0613822937011719 -0.0334663391113281
-0.18280029296875 0.02239990234375 0.0831451416015625 -0.00565338134765625
-0.193206787109375 -0.0357513427734375 0.0539779663085937 0.0529632568359375
-0.1478271484375 -0.185012817382813 -0.0226974487304688 0.0709152221679687
-0.084075927734375 -0.222808837890625 -0.107582092285156 0.0110931396484375
-0.0175323486328125 -0.256362915039063 -0.09814453125 -0.18780517578125
0.0573272705078125 -0.203964233398438 -0.220123291015625 -0.0772857666015625
0.014129638671875 -0.209243774414063 -0.207473754882813 -0.15557861328125
-0.0928802490234375 -0.21478271484375 -0.16522216796875 -0.129013061523437
-0.156890869140625 -0.111740112304688 -0.144744873046875 -0.0795440673828125
-0.158798217773438 -0.0559234619140625 -0.079437255859375 -0.053192138671875
-0.157821655273437 0.0353851318359375 -0.049652099609375 -0.0340499877929688
-0.140022277832031 0.0894622802734375 -0.0185165405273438 -0.0531730651855469
-0.140594482421875 0.077362060546875 0.0176544189453125 -0.0760574340820313
-0.143966674804688 0.0961761474609375 0.0522003173828125 -0.078643798828125
-0.145263671875 0.048553466796875 0.107719421386719 -0.0469284057617188
-0.172607421875 -0.012664794921875 0.113967895507813 -0.0079498291015625
-0.169143676757813 -0.070526123046875 0.0690498352050781 0.0438995361328125
-0.0969696044921875 -0.2066650390625 -0.0103416442871094 0.0478096008300781
-0.013336181640625 -0.230880737304687 -0.101104736328125 -0.0388565063476563
0.0616455078125 -0.223281860351563 -0.0789794921875 -0.256912231445313
0.112457275390625 -0.119575500488281 -0.193161010742188 -0.117279052734375
0.06329345703125 -0.147903442382813 -0.194061279296875 -0.172409057617187
-0.025299072265625 -0.159881591796875 -0.137176513671875 -0.117256164550781
-0.0864181518554688 -0.0932846069335938 -0.1038818359375 -0.084503173828125
-0.0947113037109375 -0.0617218017578125 -0.0411720275878906 -0.0646896362304688
-0.117286682128906 0.00154876708984376 -0.0125274658203125 -0.0641555786132813
-0.119438171386719 0.0481948852539062 0.0169601440429688 -0.092437744140625
-0.119834899902344 0.0448074340820313 0.0547256469726562 -0.104911804199219
-0.129135131835938 0.0608139038085938 0.0990447998046875 -0.103858947753906
-0.12542724609375 0.026397705078125 0.152740478515625 -0.054473876953125
-0.142959594726563 -0.027587890625 0.144805908203125 -0.007049560546875
-0.132179260253906 -0.0787887573242188 0.0912857055664062 0.0350418090820312
-0.050018310546875 -0.191848754882813 0.0199794769287109 0.0257282257080078
0.0474395751953125 -0.200759887695313 -0.0635757446289063 -0.0836563110351563
0.12286376953125 -0.159942626953125 -0.031341552734375 -0.30560302734375
-0.1494140625 0.0576934814453125 0.02093505859375 0.29156494140625
-0.03338623046875 0.121604919433594 0.0285186767578125 0.10052490234375
0.0421905517578125 0.115325927734375 -0.0635833740234375 -0.0237503051757812
0.0879745483398438 0.0573959350585938 -0.131614685058594 -0.0320892333984375
0.0795364379882813 0.0159835815429688 -0.164642333984375 0.00410461425781252
0.0761947631835938 -0.02081298828125 -0.174774169921875 0.07135009765625
0.0718460083007813 -0.02105712890625 -0.123641967773438 0.135871887207031
0.0681800842285156 -0.00440597534179688 -0.0742340087890625 0.12457275390625
0.0706787109375 -0.00110626220703125 -0.029449462890625 0.103721618652344
0.053314208984375 0.0274772644042969 -0.0098419189453125 0.0812835693359375
0.0345344543457031 0.0550308227539063 0.0319671630859375 0.0697975158691406
0.00849151611328125 0.0775833129882813 0.0724029541015625 0.08624267578125
-0.0528793334960938 0.0867767333984375 0.0963287353515625 0.119865417480469
-0.0996017456054687 0.0782928466796875 0.153274536132812 0.14471435546875
-0.159713745117188 0.0261383056640625 0.138710021972656 0.116004943847656
-0.159530639648438 -0.0410308837890625 -0.04058837890625 0.288299560546875
-0.0580253601074219 0.0430488586425781 -0.023040771484375 0.10211181640625
-0.00390243530273437 0.045196533203125 -0.099853515625 -0.0271453857421875
0.0322647094726563 0.0213375091552734 -0.162826538085937 -0.0247039794921875
0.0212535858154297 -0.00214767456054688 -0.18267822265625 0.00730895996093751
0.0206794738769531 -0.00408554077148438 -0.190750122070312 0.0776214599609375
0.0271625518798828 0.0201492309570313 -0.138862609863281 0.139839172363281
0.0244941711425781 0.0356941223144531 -0.087860107421875 0.121009826660156
0.0319023132324219 0.0520858764648438 -0.044403076171875 0.0998306274414063
0.00698089599609374 0.0700569152832031 -0.014923095703125 0.0732574462890625
-0.03277587890625 0.0806884765625 0.0294532775878906 0.0619163513183594
-0.0711441040039062 0.07647705078125 0.0592193603515625 0.0867691040039063
-0.122734069824219 0.02667236328125 0.0616378784179687 0.113349914550781
-0.151519775390625 0.00427246093749997 0.100563049316406 0.132087707519531
-0.18817138671875 -0.0652008056640625 0.08221435546875 0.0927810668945312
-0.148239135742188 -0.13763427734375 -0.101181030273438 0.248184204101563
-0.0729522705078125 -0.05047607421875 -0.0726242065429688 0.0726318359375
-0.0579643249511719 -0.0399093627929688 -0.133201599121094 -0.048095703125
-0.0365371704101563 -0.0196151733398437 -0.190322875976562 -0.0274810791015625
-0.0470352172851563 -0.0196304321289063 -0.190994262695313 0.00750732421874998
-0.0424270629882812 0.0150642395019531 -0.189285278320313 0.0781402587890625
-0.0234451293945313 0.0603523254394531 -0.137496948242188 0.12664794921875
-0.0240859985351563 0.0713577270507813 -0.0882949829101562 0.0980606079101563
-0.0118255615234375 0.096832275390625 -0.0493240356445313 0.0770111083984375
-0.0359115600585938 0.0998458862304688 -0.0104866027832031 0.0507125854492188
-0.0873184204101563 0.0959854125976563 0.0342750549316406 0.0437355041503906
-0.130470275878906 0.0727157592773438 0.0527496337890625 0.0804901123046875
-0.172409057617188 -0.02349853515625 0.0323944091796875 0.107269287109375
-0.18115234375 -0.060302734375 0.040618896484375 0.114830017089844
-0.192108154296875 -0.141952514648438 0.0205497741699219 0.0450973510742187
-0.121597290039063 -0.210968017578125 -0.147079467773438 0.181976318359375
-0.0795745849609375 -0.137557983398438 -0.1163330078125 0.0234909057617187
-0.11285400390625 -0.122932434082031 -0.160079956054688 -0.0742340087890625
-0.112693786621094 -0.0564346313476563 -0.206207275390625 -0.0332794189453125
-0.117172241210938 -0.0290145874023438 -0.185012817382813 0.00502014160156249
-0.100479125976563 0.0385360717773437 -0.168716430664063 0.0719451904296875
-0.0693817138671875 0.0943679809570313 -0.117752075195313 0.099456787109375
-0.0681686401367188 0.097564697265625 -0.0738983154296875 0.0625839233398438
-0.0520172119140625 0.126846313476563 -0.042694091796875 0.0425376892089844
-0.0725860595703125 0.113235473632812 0.00314140319824218 0.0202980041503906
-0.127784729003906 0.0958709716796875 0.0448951721191406 0.0209274291992188
-0.16754150390625 0.0599212646484375 0.0531768798828125 0.0704421997070313
-0.196365356445313 -0.0667572021484375 0.0108489990234375 0.101470947265625
-0.1844482421875 -0.113540649414063 -0.0184173583984375 0.0947265625
-0.167037963867187 -0.198577880859375 -0.0390357971191406 -0.0170783996582031
-0.0786285400390625 -0.249130249023437 -0.182525634765625 0.0968475341796875
-0.0715789794921875 -0.199752807617188 -0.155563354492188 -0.037139892578125
-0.147430419921875 -0.185287475585938 -0.174072265625 -0.0991058349609375
-0.1693115234375 -0.0831146240234375 -0.200546264648438 -0.045135498046875
-0.168411254882813 -0.0321807861328125 -0.159255981445312 -0.00865173339843751
-0.141860961914063 0.05718994140625 -0.132209777832031 0.0467529296875
-0.103569030761719 0.115196228027344 -0.086700439453125 0.0548782348632813
-0.102790832519531 0.108863830566406 -0.0504341125488281 0.0161972045898438
-0.0896835327148438 0.135246276855469 -0.0235919952392578 0.00058746337890626
-0.105377197265625 0.105613708496094 0.0264759063720703 -0.0106658935546875
-0.15655517578125 0.0721588134765625 0.0602989196777344 0.00142669677734375
-0.186264038085938 0.0261688232421875 0.0542106628417969 0.0603599548339844
-0.18865966796875 -0.116928100585937 -0.00529479980468751 0.0926666259765625
-0.153533935546875 -0.164169311523438 -0.06842041015625 0.0662460327148437
-0.11181640625 -0.234130859375 -0.0837326049804687 -0.0880966186523438
-0.0254364013671875 -0.243301391601563 -0.201828002929688 0.012176513671875
-0.04608154296875 -0.221267700195312 -0.184906005859375 -0.09173583984375
-0.147323608398437 -0.21051025390625 -0.175125122070312 -0.11236572265625
-0.18670654296875 -0.094085693359375 -0.176101684570313 -0.056884765625
-0.183029174804688 -0.03302001953125 -0.119468688964844 -0.0277252197265625
-0.156723022460938 0.0626983642578125 -0.0878982543945313 0.010162353515625
-0.120643615722656 0.116622924804687 -0.0514488220214844 0.00224685668945312
-0.121673583984375 0.10455322265625 -0.0195636749267578 -0.0316581726074219
-0.115669250488281 0.125617980957031 0.00784301757812499 -0.0418128967285156
-0.126457214355469 0.0837554931640625 0.0617485046386719 -0.0353584289550781
-0.169189453125 0.0362548828125 0.083648681640625 -0.0098419189453125
-0.184280395507813 -0.017608642578125 0.0599403381347656 0.0512504577636719
-0.15570068359375 -0.162124633789063 -0.0124588012695313 0.0764694213867187
-0.098541259765625 -0.202484130859375 -0.0969696044921875 0.0254592895507813
-0.0391387939453125 -0.241302490234375 -0.103057861328125 -0.162185668945313
0.0332183837890625 -0.198394775390625 -0.204238891601563 -0.0560302734375
-0.00674438476562498 -0.199310302734375 -0.199066162109375 -0.129776000976562
-0.109909057617188 -0.194610595703125 -0.160675048828125 -0.1121826171875
-0.157546997070313 -0.090057373046875 -0.139114379882812 -0.066650390625
-0.155853271484375 -0.0362701416015625 -0.0768661499023438 -0.0464553833007812
-0.1424560546875 0.0475616455078125 -0.0459365844726563 -0.0292854309082031
-0.119010925292969 0.0962982177734375 -0.0173454284667969 -0.0495796203613281
-0.122169494628906 0.0854721069335937 0.0141372680664062 -0.07354736328125
-0.123390197753906 0.10211181640625 0.0482101440429688 -0.0779800415039063
-0.129592895507813 0.0574569702148438 0.103927612304687 -0.0521087646484375
-0.161544799804688 0.00479125976562499 0.112106323242188 -0.0139999389648438
-0.16375732421875 -0.05059814453125 0.0721359252929688 0.0410232543945313
-0.110488891601563 -0.184188842773438 -0.00431442260742189 0.0532341003417969
-0.033966064453125 -0.214584350585938 -0.0963897705078125 -0.0225677490234375
0.0352935791015625 -0.217178344726563 -0.0921478271484375 -0.22943115234375
0.0904769897460938 -0.123947143554688 -0.184478759765625 -0.0970001220703125
0.042083740234375 -0.145355224609375 -0.190414428710938 -0.146942138671875
-0.0421295166015625 -0.147125244140625 -0.133773803710938 -0.104156494140625
-0.09027099609375 -0.0766983032226563 -0.102134704589844 -0.07574462890625
-0.0949249267578125 -0.0458450317382813 -0.0426979064941406 -0.060516357421875
-0.106048583984375 0.0144195556640625 -0.0146903991699219 -0.06036376953125
-0.10205078125 0.0566787719726563 0.0106048583984375 -0.0892486572265625
-0.104148864746094 0.0541763305664063 0.0450286865234375 -0.103889465332031
-0.110847473144531 0.0685195922851563 0.0886383056640625 -0.105873107910156
-0.110710144042969 0.03643798828125 0.144439697265625 -0.062286376953125
-0.133262634277344 -0.0111312866210938 0.139549255371094 -0.0155181884765625
-0.12921142578125 -0.0591278076171875 0.0916290283203125 0.0302658081054687
-0.0662994384765625 -0.1724853515625 0.0203132629394531 0.0286617279052734
0.022674560546875 -0.19134521484375 -0.0661125183105469 -0.0680999755859375
0.09661865234375 -0.161468505859375 -0.0525054931640625 -0.28070068359375
-0.130546569824219 0.063720703125 0.0358428955078125 0.270721435546875
-0.0213775634765625 0.113441467285156 0.0334701538085938 0.0899810791015625
0.04840087890625 0.101463317871094 -0.059600830078125 -0.021697998046875
0.0851974487304688 0.0438690185546875 -0.126091003417969 -0.0273971557617187
0.0731430053710938 0.00733184814453125 -0.157257080078125 0.00888061523437498
0.0652580261230469 -0.0249671936035156 -0.16546630859375 0.074462890625
0.0609016418457031 -0.0243644714355469 -0.111618041992188 0.135154724121094
0.0602912902832031 -0.00855255126953125 -0.0646896362304687 0.122695922851563
0.0613670349121094 -0.00479507446289063 -0.0229873657226562 0.100418090820313
0.0469551086425781 0.0207443237304687 -0.0055694580078125 0.0803146362304688
0.0333023071289063 0.0457725524902344 0.0339012145996094 0.0681228637695313
0.0135536193847656 0.0682487487792969 0.072509765625 0.0812301635742188
-0.0401611328125 0.0823440551757813 0.0945816040039063 0.111351013183594
-0.0833740234375 0.077728271484375 0.149429321289063 0.131637573242187
-0.14300537109375 0.036102294921875 0.134185791015625 0.106155395507813
-0.14556884765625 -0.02978515625 -0.0202484130859375 0.271347045898438
-0.0474929809570312 0.0398216247558594 -0.0125045776367188 0.0938186645507813
0.00165557861328125 0.0371665954589844 -0.0929718017578125 -0.0234298706054687
0.0320014953613281 0.0122470855712891 -0.153579711914063 -0.0188446044921875
0.0169992446899414 -0.00752925872802734 -0.172439575195313 0.0123443603515625
0.0136404037475586 -0.00663280487060547 -0.177978515625 0.081512451171875
0.0209388732910156 0.0165538787841797 -0.124168395996094 0.13873291015625
0.0204753875732422 0.0319881439208984 -0.076080322265625 0.119491577148438
0.0277328491210938 0.0480918884277344 -0.0357513427734375 0.0983200073242187
0.00584793090820313 0.063140869140625 -0.00925445556640626 0.0734481811523438
-0.02874755859375 0.0735702514648438 0.0326576232910156 0.0611419677734375
-0.0621337890625 0.0715713500976562 0.06158447265625 0.0830612182617188
-0.10980224609375 0.0289688110351562 0.0638885498046875 0.108589172363281
-0.136749267578125 0.0106658935546875 0.101692199707031 0.123954772949219
-0.175247192382812 -0.0496978759765625 0.082366943359375 0.088653564453125
-0.141494750976562 -0.121749877929688 -0.0763397216796875 0.2381591796875
-0.0667762756347656 -0.0470848083496094 -0.0585823059082031 0.0694732666015625
-0.0538749694824219 -0.0400276184082031 -0.124526977539062 -0.0414962768554688
-0.0353660583496094 -0.0227546691894531 -0.17840576171875 -0.01959228515625
-0.0479316711425781 -0.0198440551757813 -0.178756713867188 0.0132598876953125
-0.0436553955078125 0.014312744140625 -0.17437744140625 0.0811614990234375
-0.0239906311035156 0.0563850402832031 -0.121627807617188 0.125328063964844
-0.0225715637207031 0.0681915283203125 -0.0763778686523438 0.0971755981445312
-0.00956726074218751 0.091827392578125 -0.039947509765625 0.0767669677734375
-0.0327987670898437 0.0939254760742188 -0.00477218627929688 0.0515022277832031
-0.0793075561523438 0.0915985107421875 0.0373725891113281 0.04254150390625
-0.119110107421875 0.0721511840820313 0.0573043823242187 0.0784912109375
-0.160964965820313 -0.015777587890625 0.0376434326171875 0.105613708496094
-0.169174194335938 -0.0485687255859375 0.0459136962890625 0.111099243164063
-0.183441162109375 -0.123504638671875 0.0238990783691406 0.0473976135253906
-0.122177124023438 -0.1934814453125 -0.121246337890625 0.17828369140625
-0.078277587890625 -0.128463745117188 -0.100013732910156 0.0256805419921875
-0.111099243164063 -0.11474609375 -0.150497436523438 -0.0655364990234375
-0.108451843261719 -0.0516128540039062 -0.192825317382813 -0.0241546630859375
-0.114219665527344 -0.0237579345703125 -0.172271728515625 0.01092529296875
-0.0957870483398438 0.0399551391601562 -0.153076171875 0.0745697021484375
-0.0631103515625 0.0912399291992188 -0.102470397949219 0.0985794067382812
-0.061737060546875 0.0951919555664063 -0.0641059875488281 0.0623054504394531
-0.0450515747070313 0.121879577636719 -0.0338592529296875 0.0432243347167969
-0.0656280517578125 0.108558654785156 0.00815200805664062 0.020843505859375
-0.117080688476562 0.0944976806640625 0.0472640991210938 0.0204277038574219
-0.155181884765625 0.0626068115234375 0.0580253601074219 0.0685920715332031
-0.1873779296875 -0.055084228515625 0.0189971923828125 0.102066040039063
-0.175872802734375 -0.098907470703125 -0.00917816162109376 0.095550537109375
-0.165557861328125 -0.1787109375 -0.0344104766845703 -0.00775909423828127
-0.0855865478515625 -0.232421875 -0.157699584960938 0.0997772216796875
-0.0754852294921875 -0.187210083007813 -0.139236450195313 -0.0282440185546875
-0.149032592773437 -0.16937255859375 -0.164718627929688 -0.088165283203125
-0.163864135742187 -0.0717620849609375 -0.18792724609375 -0.03521728515625
-0.1622314453125 -0.0226898193359375 -0.148101806640625 -0.00279235839843752
-0.132148742675781 0.0604629516601563 -0.118682861328125 0.0495376586914063
-0.0923080444335937 0.11260986328125 -0.0750656127929688 0.0548934936523437
-0.0921859741210937 0.108184814453125 -0.04345703125 0.0170936584472656
-0.0777816772460938 0.132164001464844 -0.0178127288818359 0.00223922729492188
-0.0946731567382812 0.102813720703125 0.0295543670654297 -0.0104026794433594
-0.144577026367188 0.0753021240234375 0.0619888305664062 0.000679016113281255
-0.174758911132813 0.0328521728515625 0.0592460632324219 0.0590133666992188
-0.18377685546875 -0.10174560546875 0.00410461425781249 0.0942916870117188
-0.151947021484375 -0.147598266601562 -0.0572662353515625 0.0713729858398437
-0.117095947265625 -0.216094970703125 -0.0793075561523438 -0.0730667114257813
-0.03778076171875 -0.231277465820313 -0.181045532226563 0.0205535888671874
-0.055755615234375 -0.207916259765625 -0.170028686523438 -0.0782012939453125
-0.151504516601563 -0.191848754882813 -0.166366577148437 -0.10052490234375
-0.18096923828125 -0.0790863037109375 -0.165054321289063 -0.047088623046875
-0.175445556640625 -0.0211029052734375 -0.111747741699219 -0.0222320556640625
-0.143508911132813 0.0667572021484375 -0.0783004760742188 0.0127105712890625
-0.105667114257812 0.115531921386719 -0.0446014404296875 0.00286865234375001
-0.108543395996094 0.104896545410156 -0.0171051025390625 -0.0297470092773437
-0.100669860839844 0.124252319335938 0.010528564453125 -0.0393714904785156
-0.114295959472656 0.0836715698242188 0.0618667602539062 -0.0360450744628906
-0.157684326171875 0.04315185546875 0.0837020874023437 -0.0119781494140625
-0.174514770507813 -0.00689697265625003 0.0640373229980469 0.0492362976074219
-0.156509399414063 -0.145034790039063 -0.00384521484375001 0.0791244506835937
-0.103805541992188 -0.185897827148437 -0.086700439453125 0.0347213745117187
-0.0505828857421875 -0.22735595703125 -0.101104736328125 -0.142318725585938
0.017486572265625 -0.191314697265625 -0.187301635742188 -0.0447540283203125
-0.0195770263671875 -0.189178466796875 -0.186569213867188 -0.112991333007812
-0.117340087890625 -0.176406860351562 -0.152999877929688 -0.101226806640625
-0.15386962890625 -0.074432373046875 -0.131759643554688 -0.0585784912109375
-0.149276733398437 -0.0237274169921875 -0.0734786987304688 -0.0423965454101562
-0.129447937011719 0.0538711547851563 -0.0411834716796875 -0.0266380310058594
-0.102920532226563 0.097259521484375 -0.0161514282226563 -0.0478324890136719
-0.107925415039063 0.0874557495117188 0.0113754272460938 -0.0713424682617188
-0.107086181640625 0.1024169921875 0.045562744140625 -0.0766830444335938
-0.116409301757812 0.0602874755859375 0.101242065429687 -0.0544815063476562
-0.149810791015625 0.0137786865234375 0.109901428222656 -0.0172271728515625
-0.156265258789063 -0.03753662109375 0.0746002197265625 0.0390090942382813
-0.115646362304687 -0.166336059570313 0.00117111206054687 0.0560379028320312
-0.0458221435546875 -0.199493408203125 -0.0891647338867188 -0.0110015869140625
0.018798828125 -0.207962036132813 -0.09454345703125 -0.207443237304688
0.0734786987304687 -0.123283386230469 -0.172836303710938 -0.084930419921875
0.027801513671875 -0.140106201171875 -0.181350708007813 -0.129898071289063
-0.0522842407226562 -0.135009765625 -0.1275634765625 -0.0954742431640625
-0.0904388427734375 -0.063812255859375 -0.098846435546875 -0.0696868896484375
-0.0919036865234375 -0.0341720581054688 -0.0430908203125 -0.0577888488769531
-0.0957260131835937 0.0215911865234375 -0.0150680541992188 -0.0577392578125
-0.0874862670898438 0.059814453125 0.00696563720703124 -0.0861358642578125
-0.0906982421875 0.05731201171875 0.03826904296875 -0.101638793945313
-0.0957107543945313 0.0703201293945312 0.081298828125 -0.104667663574219
-0.0978240966796875 0.0396881103515625 0.13763427734375 -0.0660858154296875
-0.122596740722656 -0.001007080078125 0.134773254394531 -0.0200271606445313
-0.122795104980469 -0.0457077026367187 0.0907821655273437 0.0277252197265625
-0.0734405517578125 -0.156021118164063 0.0215663909912109 0.0317420959472656
0.00767517089843748 -0.179428100585938 -0.0651893615722656 -0.0561180114746094
0.077972412109375 -0.157562255859375 -0.062591552734375 -0.258255004882813
-0.116622924804687 0.0661544799804687 0.0442962646484375 0.257003784179688
-0.0135269165039062 0.106781005859375 0.0365829467773438 0.0817718505859375
0.05267333984375 0.0905838012695312 -0.0570068359375 -0.0217132568359375
0.0822830200195313 0.0343017578125 -0.123329162597656 -0.0257415771484375
0.068267822265625 0.00185012817382812 -0.1536865234375 0.0106964111328125
0.0573043823242188 -0.0265960693359375 -0.159896850585937 0.0771942138671875
0.0524711608886719 -0.0250091552734375 -0.103981018066406 0.133926391601562
0.0540733337402344 -0.0106735229492188 -0.058135986328125 0.121177673339844
0.0550498962402344 -0.00605010986328125 -0.01953125 0.099151611328125
0.0412406921386719 0.0173416137695313 -0.00289916992187499 0.0809173583984375
0.031036376953125 0.0393486022949219 0.0351524353027344 0.0683670043945313
0.0162391662597656 0.0609626770019531 0.0717391967773438 0.0787811279296875
-0.0321807861328125 0.077880859375 0.0927352905273438 0.107231140136719
-0.0726470947265625 0.0757064819335938 0.1453857421875 0.124908447265625
-0.130607604980469 0.041778564453125 0.130119323730469 0.1029052734375
-0.134880065917969 -0.0235977172851563 -0.00697326660156253 0.25946044921875
-0.0403823852539063 0.0366668701171875 -0.00555419921874999 0.0871963500976563
0.00462722778320313 0.0305690765380859 -0.0883407592773438 -0.022216796875
0.0304412841796875 0.00506973266601563 -0.147216796875 -0.0165557861328125
0.0133695602416992 -0.0113229751586914 -0.166046142578125 0.014434814453125
0.0079340934753418 -0.00799798965454102 -0.1702880859375 0.0829315185546875
0.0155391693115234 0.0149354934692383 -0.114852905273437 0.137428283691406
0.0171546936035156 0.0298213958740234 -0.06854248046875 0.118156433105469
0.0242462158203125 0.0452537536621094 -0.0299911499023437 0.09722900390625
0.00309371948242187 0.0589485168457031 -0.00521850585937499 0.073516845703125
-0.027587890625 0.0682792663574219 0.0345802307128906 0.0611457824707031
-0.0569877624511719 0.0672683715820313 0.0633926391601563 0.0821380615234375
-0.101432800292969 0.0291976928710937 0.065093994140625 0.106986999511719
-0.12579345703125 0.0130538940429688 0.101654052734375 0.119148254394531
-0.165069580078125 -0.0406036376953125 0.0823287963867187 0.087982177734375
-0.134788513183594 -0.113716125488281 -0.0599365234375 0.228912353515625
-0.0615081787109375 -0.0465431213378906 -0.0484695434570313 0.0655632019042969
-0.0514144897460937 -0.0421981811523438 -0.118080139160156 -0.0390777587890625
-0.034759521484375 -0.0260047912597656 -0.17022705078125 -0.01654052734375
-0.0501327514648437 -0.0210037231445313 -0.171188354492188 0.014862060546875
-0.0462913513183594 0.0138931274414063 -0.165145874023437 0.0821075439453125
-0.0255584716796875 0.0543899536132812 -0.111076354980469 0.123626708984375
-0.0232582092285156 0.066253662109375 -0.0684890747070313 0.0961380004882812
-0.00951385498046875 0.0891036987304688 -0.0339126586914063 0.0761260986328125
-0.032196044921875 0.0899658203125 -0.000312805175781249 0.0518112182617188
-0.075469970703125 0.0873870849609375 0.0399169921875 0.0428428649902344
-0.112457275390625 0.0700149536132813 0.0601654052734375 0.077880859375
-0.153182983398438 -0.0122528076171875 0.0419464111328125 0.106201171875
-0.159774780273437 -0.04327392578125 0.0497665405273437 0.110107421875
-0.176605224609375 -0.113555908203125 0.0264205932617187 0.0501594543457031
-0.120132446289063 -0.1837158203125 -0.103546142578125 0.173446655273438
-0.0763397216796875 -0.124259948730469 -0.0880508422851563 0.025115966796875
-0.110054016113281 -0.110542297363281 -0.14349365234375 -0.06103515625
-0.105934143066406 -0.0503387451171875 -0.183273315429688 -0.0190887451171875
-0.113037109375 -0.021392822265625 -0.163726806640625 0.01324462890625
-0.0940322875976563 0.0405960083007813 -0.143417358398438 0.074676513671875
-0.0599288940429688 0.089385986328125 -0.0931930541992188 0.0962677001953125
-0.05865478515625 0.0940170288085938 -0.0575637817382813 0.0614013671875
-0.0412979125976563 0.11871337890625 -0.0279083251953125 0.0434036254882813
-0.0619583129882812 0.105194091796875 0.0122890472412109 0.0213565826416016
-0.110954284667969 0.0933685302734375 0.0497093200683594 0.0200691223144531
-0.148178100585938 0.0632781982421875 0.0621147155761719 0.0680046081542969
-0.181060791015625 -0.048919677734375 0.025665283203125 0.102745056152344
-0.169845581054688 -0.0915679931640625 -0.00240325927734376 0.0966339111328125
-0.162704467773437 -0.167526245117188 -0.0298309326171875 -0.000970840454101574
-0.0893096923828125 -0.222412109375 -0.140129089355469 0.0990829467773437
-0.0772857666015625 -0.180130004882813 -0.126121520996094 -0.025665283203125
-0.149642944335938 -0.160751342773437 -0.158355712890625 -0.0822296142578125
-0.159637451171875 -0.0663909912109375 -0.178237915039063 -0.0303802490234375
-0.158477783203125 -0.0175323486328125 -0.140419006347656 -0.000427246093749991
-0.126220703125 0.0609664916992187 -0.109840393066406 0.049041748046875
-0.0856781005859375 0.110313415527344 -0.0675735473632813 0.0535011291503906
-0.0858993530273438 0.107170104980469 -0.0389480590820313 0.0171318054199219
-0.0711135864257812 0.129173278808594 -0.0125741958618164 0.00263309478759767
-0.08892822265625 0.101181030273438 0.0328273773193359 -0.0101680755615234
-0.137535095214844 0.0761566162109375 0.0635795593261719 -3.05175781249953E-05
-0.167129516601563 0.0360260009765625 0.0636863708496094 0.0584259033203125
-0.180618286132813 -0.09307861328125 0.0110549926757812 0.095855712890625
-0.149566650390625 -0.138580322265625 -0.0485992431640625 0.0750732421875
-0.119064331054688 -0.205795288085938 -0.0744781494140625 -0.0628738403320313
-0.04486083984375 -0.221923828125 -0.164718627929688 0.0230865478515625
-0.060699462890625 -0.199951171875 -0.157943725585938 -0.0719757080078125
-0.15509033203125 -0.179702758789063 -0.159988403320312 -0.09442138671875
-0.1766357421875 -0.069976806640625 -0.157119750976563 -0.042938232421875
-0.170181274414063 -0.0134429931640625 -0.106452941894531 -0.0203018188476563
-0.134757995605469 0.06854248046875 -0.071319580078125 0.012420654296875
-0.096221923828125 0.113838195800781 -0.0397109985351563 0.00205230712890625
-0.100028991699219 0.105186462402344 -0.0155353546142578 -0.0292873382568359
-0.0912322998046875 0.122116088867187 0.0130424499511719 -0.0391426086425781
-0.106636047363281 0.0831451416015625 0.0633201599121094 -0.03704833984375
-0.149307250976563 0.0467376708984375 0.0843582153320312 -0.0132598876953125
-0.168228149414063 -0.000854492187499969 0.0681686401367187 0.0487861633300781
-0.155853271484375 -0.134262084960937 0.00304412841796875 0.0810012817382812
-0.106414794921875 -0.175582885742188 -0.0782012939453125 0.0404815673828125
-0.0572357177734375 -0.218841552734375 -0.0980300903320313 -0.129615783691406
0.00750732421874999 -0.185455322265625 -0.174362182617188 -0.039886474609375
-0.0271148681640625 -0.181655883789063 -0.175735473632812 -0.104568481445313
-0.122512817382812 -0.164871215820313 -0.147109985351562 -0.0959625244140625
-0.150558471679688 -0.0639801025390625 -0.126167297363281 -0.0546188354492188
-0.144210815429688 -0.0153045654296875 -0.070343017578125 -0.0406036376953125
-0.119361877441406 0.0562591552734375 -0.0374221801757813 -0.0266990661621094
-0.0922088623046875 0.0962295532226562 -0.0146102905273438 -0.0467758178710937
-0.0980072021484375 0.0880279541015625 0.0101394653320313 -0.070281982421875
-0.0972213745117188 0.101486206054688 0.0456924438476562 -0.0761871337890625
-0.107810974121094 0.0608139038085937 0.0993881225585937 -0.0566558837890625
-0.14141845703125 0.019500732421875 0.109230041503906 -0.0192413330078125
-0.150619506835938 -0.029388427734375 0.0767135620117188 0.03863525390625
-0.117767333984375 -0.154388427734375 0.00604248046874999 0.0587387084960937
-0.052276611328125 -0.189117431640625 -0.0835342407226562 -0.00376129150390625
0.008392333984375 -0.201980590820313 -0.0943756103515625 -0.193679809570313
0.062286376953125 -0.121879577636719 -0.16387939453125 -0.0800628662109375
0.0178909301757813 -0.135337829589844 -0.173233032226563 -0.121566772460938
-0.0588836669921875 -0.12603759765625 -0.12335205078125 -0.0914459228515625
-0.0892486572265625 -0.0549240112304687 -0.0963211059570313 -0.0671539306640625
-0.0891036987304687 -0.0264205932617187 -0.0425300598144531 -0.0565032958984375
-0.0874710083007813 0.0252456665039062 -0.0142402648925781 -0.0570793151855469
-0.0767898559570312 0.0601043701171875 0.00534820556640624 -0.0844802856445313
-0.0813751220703125 0.0582199096679688 0.0343780517578125 -0.100326538085938
-0.0854568481445313 0.0704803466796875 0.0779876708984375 -0.104690551757813
-0.0889968872070313 0.0408935546875 0.133987426757813 -0.0682601928710938
-0.115188598632813 0.00524902343750003 0.13226318359375 -0.0217361450195313
-0.118179321289063 -0.0369644165039063 0.091064453125 0.0272064208984375
-0.0776214599609375 -0.144210815429688 0.0235042572021484 0.0342903137207031
-0.00192260742187502 -0.17083740234375 -0.0630683898925781 -0.0480461120605469
0.0655364990234375 -0.154037475585938 -0.0669403076171875 -0.243499755859375
-0.106346130371094 0.069488525390625 0.05303955078125 0.248031616210938
-0.00611877441406249 0.102188110351563 0.039215087890625 0.075439453125
0.0556564331054688 0.0825347900390625 -0.0555000305175781 -0.0223579406738281
0.080352783203125 0.026031494140625 -0.123153686523438 -0.0233306884765625
0.0640106201171875 -0.00317764282226563 -0.153030395507812 0.0133056640625
0.0510673522949219 -0.0281562805175781 -0.157638549804688 0.0806884765625
0.0458869934082031 -0.0252418518066406 -0.0985336303710937 0.136512756347656
0.0490875244140625 -0.012115478515625 -0.0527191162109375 0.122245788574219
0.0502815246582031 -0.00701904296875 -0.0160369873046875 0.0997390747070313
0.0371818542480469 0.0153121948242187 0.000251770019531252 0.0824813842773438
0.0299472808837891 0.0349788665771484 0.0373992919921875 0.0687179565429688
0.018096923828125 0.0562019348144531 0.0739059448242188 0.0778350830078125
-0.0257415771484375 0.0748214721679688 0.0927658081054688 0.105697631835938
-0.064300537109375 0.0748519897460938 0.145843505859375 0.120986938476563
-0.121253967285156 0.0466995239257812 0.130584716796875 0.101119995117188
-0.127616882324219 -0.019073486328125 0.00582885742187498 0.2530517578125
-0.0351791381835938 0.0337562561035156 0.00017547607421874 0.0823135375976562
0.00710487365722656 0.0242290496826172 -0.0859146118164063 -0.0217971801757813
0.0285968780517578 -0.00125885009765625 -0.145278930664063 -0.0140838623046875
0.00963973999023438 -0.0144472122192383 -0.164169311523437 0.0173187255859375
0.0025629997253418 -0.00834178924560547 -0.16595458984375 0.0868682861328125
0.0109081268310547 0.0145082473754883 -0.108497619628906 0.138839721679688
0.0142421722412109 0.0293560028076172 -0.0623092651367188 0.119338989257812
0.0223617553710937 0.0441322326660156 -0.02496337890625 0.0984878540039063
0.00104522705078124 0.0569725036621094 -0.00131988525390626 0.0749130249023438
-0.02691650390625 0.0653800964355469 0.0381355285644531 0.0612983703613281
-0.0538406372070313 0.0649032592773438 0.0667266845703125 0.0815811157226563
-0.0962677001953125 0.0291671752929688 0.0681228637695313 0.106613159179688
-0.118736267089844 0.014892578125 0.104721069335937 0.1175537109375
-0.159027099609375 -0.0337982177734375 0.0844573974609375 0.0889434814453125
-0.132438659667969 -0.107963562011719 -0.0459747314453125 0.225723266601563
-0.0587081909179688 -0.0470733642578125 -0.0406608581542969 0.0627021789550781
-0.051177978515625 -0.0439033508300781 -0.115386962890625 -0.03741455078125
-0.0363044738769531 -0.0291633605957031 -0.166015625 -0.01287841796875
-0.0532035827636719 -0.0215568542480469 -0.167724609375 0.0177001953125
-0.0486831665039063 0.0143280029296875 -0.159271240234375 0.08514404296875
-0.0266571044921875 0.0537796020507813 -0.104171752929687 0.124778747558594
-0.0238571166992187 0.0662918090820312 -0.0625762939453125 0.0971527099609375
-0.0086517333984375 0.088226318359375 -0.0285415649414062 0.0775527954101563
-0.0315933227539063 0.0888442993164063 0.00351715087890625 0.0529251098632813
-0.0736083984375 0.0867691040039063 0.0436058044433594 0.0429649353027344
-0.108627319335938 0.070587158203125 0.06561279296875 0.0778274536132813
-0.149673461914062 -0.00909423828125001 0.0473403930664062 0.106544494628906
-0.154876708984375 -0.0387420654296875 0.055145263671875 0.110435485839844
-0.174102783203125 -0.105621337890625 0.0301284790039062 0.0543174743652344
-0.122177124023437 -0.177352905273438 -0.0888519287109375 0.1715087890625
-0.0764083862304687 -0.123085021972656 -0.0796356201171875 0.0240325927734375
-0.112075805664063 -0.108207702636719 -0.141021728515625 -0.05816650390625
-0.106636047363281 -0.0504608154296875 -0.178070068359375 -0.0159454345703125
-0.114715576171875 -0.0193252563476563 -0.159820556640625 0.0159149169921875
-0.093963623046875 0.0414505004882813 -0.136848449707031 0.0763168334960938
-0.0586166381835938 0.0893783569335938 -0.086151123046875 0.0974349975585937
-0.0566482543945313 0.0947189331054688 -0.0522346496582031 0.0622024536132813
-0.0378799438476563 0.118598937988281 -0.0225944519042969 0.0439605712890625
-0.0598220825195313 0.10516357421875 0.0156803131103516 0.0214729309082031
-0.107772827148438 0.0935287475585938 0.0529098510742187 0.0198211669921875
-0.144119262695313 0.0658111572265625 0.0680198669433594 0.0684089660644531
-0.179458618164062 -0.044189453125 0.0328826904296875 0.104362487792969
-0.167648315429688 -0.0866546630859375 0.00475311279296874 0.0992202758789063
-0.164031982421875 -0.161361694335938 -0.0259361267089844 0.00461769104003906
-0.09442138671875 -0.21746826171875 -0.126739501953125 0.0994644165039062
-0.081329345703125 -0.177154541015625 -0.118179321289063 -0.023773193359375
-0.154266357421875 -0.154022216796875 -0.155548095703125 -0.0787811279296875
-0.159393310546875 -0.061920166015625 -0.17333984375 -0.027008056640625
-0.157974243164063 -0.0118865966796875 -0.136817932128906 0.00234985351562502
-0.12310791015625 0.0634078979492188 -0.103561401367188 0.0499267578125
-0.080657958984375 0.110450744628906 -0.0620002746582031 0.0527114868164063
-0.08209228515625 0.108612060546875 -0.0359764099121094 0.0174179077148438
-0.0660476684570313 0.129913330078125 -0.0084981918334961 0.00267171859741212
-0.0855255126953125 0.101715087890625 0.0356636047363281 -0.01104736328125
-0.133270263671875 0.078826904296875 0.0665054321289062 -0.00102996826171875
-0.164352416992188 0.0406951904296875 0.0696830749511718 0.0578041076660156
-0.181533813476563 -0.0869293212890625 0.0185928344726562 0.0979080200195312
-0.150863647460938 -0.133270263671875 -0.0410919189453125 0.0792922973632813
-0.123794555664063 -0.200180053710938 -0.0720748901367188 -0.0550384521484375
-0.0533447265625 -0.21832275390625 -0.154129028320313 0.0250701904296875
-0.06695556640625 -0.196197509765625 -0.15093994140625 -0.0684661865234375
-0.161285400390625 -0.171646118164062 -0.15802001953125 -0.0908660888671875
-0.175613403320313 -0.0626220703125 -0.15362548828125 -0.03924560546875
-0.168899536132813 -0.0061798095703125 -0.103660583496094 -0.0181045532226562
-0.129989624023438 0.0716171264648438 -0.0670509338378906 0.0127754211425781
-0.08892822265625 0.113861083984375 -0.0368919372558594 0.00201797485351564
-0.094451904296875 0.106849670410156 -0.0143928527832031 -0.0292129516601562
-0.0849151611328125 0.1229248046875 0.0150108337402344 -0.0399284362792969
-0.101799011230469 0.0845718383789063 0.0650520324707031 -0.0394134521484375
-0.14453125 0.0511627197265625 0.08648681640625 -0.0148468017578125
-0.165573120117188 0.00508117675781251 0.0731124877929687 0.0486221313476563
-0.159042358398438 -0.126480102539062 0.0100173950195312 0.083465576171875
-0.11102294921875 -0.169677734375 -0.071441650390625 0.0457000732421875
-0.0652923583984375 -0.215255737304688 -0.0971527099609375 -0.121002197265625
-0.002227783203125 -0.18438720703125 -0.166168212890625 -0.0370025634765625
-0.0356292724609375 -0.179443359375 -0.170120239257813 -0.10040283203125
-0.129867553710938 -0.156143188476563 -0.146194458007813 -0.092376708984375
-0.15020751953125 -0.05596923828125 -0.124237060546875 -0.0521697998046875
-0.142807006835937 -0.00720214843749999 -0.0696907043457031 -0.0394058227539063
-0.113716125488281 0.059967041015625 -0.0352249145507813 -0.0266494750976562
-0.08404541015625 0.0965423583984375 -0.0142745971679688 -0.0474853515625
-0.091033935546875 0.0895767211914063 0.00861358642578124 -0.0702056884765625
-0.0894088745117188 0.102836608886719 0.0453262329101562 -0.0775375366210938
-0.101905822753906 0.0619277954101563 0.0995407104492188 -0.05987548828125
-0.136253356933594 0.0246353149414063 0.110466003417969 -0.0217742919921875
-0.148178100585937 -0.0226287841796875 0.0809326171875 0.0382461547851563
-0.12335205078125 -0.146148681640625 0.011322021484375 0.0613327026367187
-0.059844970703125 -0.183319091796875 -0.0790023803710938 0.00235748291015623
-0.00151062011718749 -0.199874877929687 -0.096923828125 -0.184478759765625
0.0526351928710938 -0.122673034667969 -0.159774780273438 -0.077056884765625
0.00921630859374999 -0.133041381835938 -0.169845581054687 -0.115982055664063
-0.0662841796875 -0.1190185546875 -0.123199462890625 -0.0897903442382813
-0.089508056640625 -0.0472564697265625 -0.0962066650390625 -0.0657424926757813
-0.0875701904296875 -0.0196151733398438 -0.0440635681152344 -0.0562782287597656
-0.0822219848632813 0.0288238525390625 -0.0146903991699219 -0.0578193664550781
-0.0688972473144531 0.0606918334960937 0.00286865234374999 -0.0848922729492188
-0.0743942260742187 0.060028076171875 0.0304641723632813 -0.101020812988281
-0.0775833129882813 0.0717239379882813 0.075531005859375 -0.106620788574219
-0.0829086303710938 0.0424575805664063 0.132682800292969 -0.0729522705078125
-0.109962463378906 0.0107345581054688 0.132408142089844 -0.0246810913085938
-0.115463256835937 -0.0303421020507813 0.0936050415039062 0.0265731811523437
-0.082855224609375 -0.136116027832031 0.0259017944335937 0.0364265441894531
-0.011077880859375 -0.165496826171875 -0.0624122619628906 -0.0416984558105469
0.055450439453125 -0.154159545898437 -0.0718841552734375 -0.234786987304688
-0.095916748046875 0.0738601684570313 0.0662078857421875 0.240203857421875
0.0021820068359375 0.0983047485351563 0.0430183410644531 0.0691986083984375
0.0604476928710937 0.0744247436523438 -0.0554466247558594 -0.021209716796875
0.0791397094726563 0.0176467895507813 -0.124053955078125 -0.018402099609375
0.0609016418457031 -0.00914382934570313 -0.152786254882813 0.0199127197265625
0.0449371337890625 -0.0297775268554688 -0.155410766601563 0.088897705078125
0.0397262573242187 -0.0265350341796875 -0.0908660888671875 0.141204833984375
0.045562744140625 -0.0137748718261719 -0.0453109741210937 0.12518310546875
0.0467491149902344 -0.00892257690429688 -0.0100555419921875 0.102104187011719
0.0341854095458984 0.0129127502441406 0.00469970703124999 0.0842361450195313
0.0288200378417969 0.0308856964111328 0.0421829223632813 0.0686492919921875
0.0201835632324219 0.0515975952148438 0.0778656005859375 0.075958251953125
-0.0187759399414063 0.0729141235351563 0.0962677001953125 0.102973937988281
-0.0561599731445313 0.0758285522460938 0.149978637695313 0.115692138671875
-0.113059997558594 0.0531692504882813 0.134223937988281 0.0978240966796875
-0.122734069824219 -0.01300048828125 0.0212554931640625 0.247360229492188
-0.0295333862304688 0.0315227508544922 0.0066986083984375 0.077301025390625
0.00887680053710937 0.0186595916748047 -0.0848159790039063 -0.0198135375976563
0.0262622833251953 -0.00765228271484375 -0.144622802734375 -0.0082855224609375
0.00568675994873047 -0.0173053741455078 -0.162673950195313 0.0233917236328125
-0.00193500518798828 -0.00825357437133789 -0.16168212890625 0.094024658203125
0.00765037536621094 0.0147705078125 -0.0994720458984375 0.14361572265625
0.0127277374267578 0.0287628173828125 -0.0541534423828125 0.122268676757813
0.021942138671875 0.0441207885742188 -0.0186309814453125 0.100776672363281
0.00130462646484376 0.0566444396972656 0.004364013671875 0.0769119262695313
-0.0260391235351563 0.0643463134765625 0.0431327819824219 0.0609207153320313
-0.0501632690429687 0.0645332336425781 0.0723800659179688 0.079803466796875
-0.0914382934570313 0.0312576293945313 0.0732498168945313 0.105796813964844
-0.113662719726563 0.0184860229492188 0.110481262207031 0.114265441894531
-0.155242919921875 -0.025665283203125 0.0896530151367187 0.088043212890625
-0.133071899414063 -0.101493835449219 -0.02886962890625 0.222503662109375
-0.0575218200683594 -0.0477485656738281 -0.0328712463378906 0.0605049133300781
-0.0529403686523437 -0.0453910827636719 -0.114997863769531 -0.0334701538085937
-0.0390777587890625 -0.0314407348632813 -0.16387939453125 -0.00660705566406247
-0.0571365356445312 -0.0212669372558594 -0.164886474609375 0.024658203125
-0.0514411926269531 0.016876220703125 -0.153533935546875 0.092010498046875
-0.027587890625 0.0557289123535156 -0.0957794189453125 0.128509521484375
-0.0228500366210938 0.0674552917480469 -0.0555496215820313 0.0995254516601563
-0.00608062744140625 0.0885086059570313 -0.02099609375 0.0799407958984375
-0.029571533203125 0.089691162109375 0.00866317749023438 0.0538368225097656
-0.070068359375 0.0883865356445313 0.0480003356933594 0.042022705078125
-0.104881286621094 0.0738983154296875 0.0723419189453125 0.0761566162109375
-0.14764404296875 -0.00350952148437497 0.0545425415039062 0.107208251953125
-0.1534423828125 -0.0336151123046875 0.0626907348632812 0.109992980957031
-0.175949096679688 -0.096343994140625 0.0353431701660156 0.0568275451660156
-0.12847900390625 -0.17132568359375 -0.072479248046875 0.172027587890625
-0.08050537109375 -0.121498107910156 -0.07177734375 0.0244979858398437
-0.117279052734375 -0.105003356933594 -0.140670776367188 -0.05255126953125
-0.109298706054687 -0.047698974609375 -0.17535400390625 -0.00894165039062501
-0.117866516113281 -0.0143508911132812 -0.156402587890625 0.02239990234375
-0.0939483642578125 0.046051025390625 -0.130081176757812 0.0809097290039063
-0.05560302734375 0.0915069580078125 -0.0779571533203125 0.099395751953125
-0.0530166625976563 0.0976791381835938 -0.0468406677246094 0.0641975402832031
-0.0323104858398437 0.120353698730469 -0.0167579650878906 0.0455856323242188
-0.0563888549804688 0.107101440429688 0.0199432373046875 0.0211200714111328
-0.103263854980469 0.09783935546875 0.0569305419921875 0.0180091857910156
-0.14031982421875 0.0716171264648438 0.0750656127929687 0.0666122436523438
-0.180389404296875 -0.036651611328125 0.0416641235351562 0.104804992675781
-0.169876098632812 -0.079071044921875 0.01312255859375 0.101211547851563
-0.169876098632813 -0.1536865234375 -0.0223827362060547 0.00986099243164062
-0.105270385742187 -0.2117919921875 -0.113105773925781 0.101837158203125
-0.089263916015625 -0.174346923828125 -0.111587524414063 -0.0212554931640625
-0.162017822265625 -0.146591186523438 -0.15655517578125 -0.07177734375
-0.161666870117188 -0.0543670654296875 -0.170974731445313 -0.0194091796875
-0.159423828125 -0.00347900390625003 -0.13433837890625 0.00778961181640623
-0.119972229003906 0.0690765380859375 -0.0972747802734375 0.0527496337890625
-0.0746078491210937 0.113227844238281 -0.0566902160644531 0.0541915893554688
-0.0766448974609375 0.113059997558594 -0.0335121154785156 0.0188827514648438
-0.0583038330078125 0.132575988769531 -0.00521659851074219 0.00255680084228516
-0.0809860229492188 0.10455322265625 0.0383224487304687 -0.013214111328125
-0.128547668457031 0.0843963623046875 0.0693092346191406 -0.00386810302734374
-0.161483764648438 0.0486907958984375 0.0766448974609375 0.0556488037109375
-0.185638427734375 -0.077484130859375 0.0280990600585937 0.0990447998046875
-0.156509399414063 -0.126068115234375 -0.0328750610351563 0.0835723876953125
-0.13421630859375 -0.194381713867188 -0.070465087890625 -0.0473251342773438
-0.0664520263671875 -0.215728759765625 -0.14495849609375 0.0294342041015625
-0.0780487060546875 -0.192733764648437 -0.14599609375 -0.06317138671875
-0.17071533203125 -0.1605224609375 -0.159912109375 -0.0827789306640625
-0.177963256835937 -0.0526885986328125 -0.152313232421875 -0.033355712890625
-0.168548583984375 0.00459289550781249 -0.1026611328125 -0.0142364501953125
-0.124343872070313 0.0772857666015625 -0.0629463195800781 0.0129318237304687
-0.0812606811523438 0.116531372070313 -0.03424072265625 0.00129127502441407
-0.0871734619140625 0.110748291015625 -0.0145645141601563 -0.0290145874023437
-0.0765380859375 0.126510620117188 0.0165672302246094 -0.0417327880859375
-0.09674072265625 0.0880355834960937 0.0662727355957031 -0.0437812805175781
-0.140190124511719 0.0582809448242187 0.0885086059570312 -0.0189285278320312
-0.1644287109375 0.01397705078125 0.0796051025390625 0.0459823608398437
-0.166595458984375 -0.11724853515625 0.018707275390625 0.0847549438476563
-0.11920166015625 -0.163116455078125 -0.0651473999023438 0.0517578125
-0.07781982421875 -0.2115478515625 -0.0996627807617188 -0.111717224121094
-0.0157470703125 -0.18359375 -0.161163330078125 -0.0316619873046875
-0.047393798828125 -0.175857543945313 -0.16845703125 -0.09295654296875
-0.139602661132813 -0.145309448242188 -0.148910522460937 -0.086273193359375
-0.151504516601563 -0.045745849609375 -0.12420654296875 -0.0474472045898438
-0.140914916992188 0.00248718261718749 -0.0702323913574219 -0.0373344421386719
-0.1077880859375 0.0657806396484375 -0.0342254638671875 -0.0272922515869141
-0.0754470825195312 0.0990524291992188 -0.0147666931152344 -0.0485000610351562
-0.0832595825195313 0.09423828125 0.00534820556640624 -0.0710296630859375
-0.080291748046875 0.105621337890625 0.043426513671875 -0.0811996459960938
-0.0968246459960937 0.0661392211914063 0.0993423461914063 -0.0660858154296875
-0.131431579589844 0.0326919555664062 0.111305236816406 -0.0268020629882813
-0.14703369140625 -0.0133514404296875 0.0863113403320312 0.0352325439453125
-0.131271362304688 -0.137886047363281 0.0178985595703125 0.0626029968261719
-0.07098388671875 -0.177337646484375 -0.075439453125 0.00899505615234373
-0.0142669677734375 -0.198928833007813 -0.10406494140625 -0.174972534179688
0.0416336059570313 -0.12451171875 -0.158935546875 -0.072357177734375
-0.00107574462890626 -0.131546020507813 -0.1708984375 -0.108810424804688
-0.0749588012695312 -0.110710144042969 -0.12603759765625 -0.0855331420898438
-0.09033203125 -0.0394744873046875 -0.0981826782226563 -0.0621719360351562
-0.086700439453125 -0.0120086669921875 -0.0463104248046875 -0.0552597045898438
-0.0771484375 0.0330276489257812 -0.0160446166992188 -0.058349609375
-0.0612411499023438 0.0623741149902344 -0.00122833251953125 -0.0860061645507812
-0.0669288635253906 0.0623588562011719 0.0248794555664062 -0.101959228515625
-0.0698165893554687 0.0742340087890625 0.0709152221679688 -0.111053466796875
-0.0769119262695313 0.0451507568359375 0.130409240722656 -0.080474853515625
-0.104377746582031 0.0175857543945313 0.132789611816406 -0.0305404663085938
-0.114326477050781 -0.0220260620117187 0.0974197387695312 0.0234222412109375
-0.0901260375976563 -0.127372741699219 0.0299835205078125 0.0381660461425781
-0.0222625732421875 -0.160842895507813 -0.062835693359375 -0.0347213745117188
0.0437469482421875 -0.1552734375 -0.083160400390625 -0.22686767578125
-0.0836715698242188 0.077972412109375 0.0820465087890625 0.2275390625
0.0107269287109375 0.0927047729492187 0.0464935302734375 0.0621414184570313
0.0645637512207031 0.0641746520996094 -0.0557098388671875 -0.0195503234863281
0.0755691528320312 0.008056640625 -0.123779296875 -0.0114212036132812
0.0558929443359375 -0.0149917602539063 -0.150421142578125 0.02935791015625
0.0382041931152344 -0.0314559936523438 -0.147232055664062 0.09893798828125
0.0339202880859375 -0.0265960693359375 -0.0796051025390625 0.145065307617188
0.0406341552734375 -0.0158042907714844 -0.0346908569335938 0.126953125
0.0424842834472656 -0.0107841491699219 -0.00237274169921875 0.103073120117188
0.0319385528564453 0.0109214782714844 0.0117874145507813 0.0845489501953125
0.0274372100830078 0.0268020629882813 0.04754638671875 0.0659751892089844
0.0232925415039063 0.046112060546875 0.081817626953125 0.0711288452148438
-0.0112495422363281 0.0693702697753906 0.10015869140625 0.097259521484375
-0.0475921630859375 0.0757369995117187 0.154037475585938 0.105377197265625
-0.102310180664062 0.059906005859375 0.138320922851563 0.0911026000976562
-0.116493225097656 -0.00565338134765627 0.0406494140625 0.23797607421875
-0.0247211456298828 0.0287799835205078 0.0129470825195312 0.0720138549804688
0.00952053070068359 0.0131368637084961 -0.0838699340820313 -0.0160598754882813
0.0222930908203125 -0.0130252838134766 -0.141921997070312 -0.000778198242187486
0.000574111938476562 -0.0191116333007813 -0.158187866210938 0.03265380859375
-0.00633668899536133 -0.00701522827148437 -0.152725219726563 0.103347778320312
0.00522804260253906 0.0156631469726563 -0.0869140625 0.147918701171875
0.0114307403564453 0.0287208557128906 -0.0428543090820313 0.123756408691406
0.0220451354980469 0.0420875549316406 -0.00884246826171875 0.101478576660156
0.00219345092773438 0.0556182861328125 0.0110549926757813 0.0775527954101563
-0.0233001708984375 0.0634536743164063 0.0484161376953125 0.0583419799804688
-0.0452766418457031 0.0642738342285156 0.0785903930664062 0.0752944946289063
-0.0863113403320313 0.0343093872070312 0.0797500610351563 0.102012634277344
-0.107200622558594 0.023681640625 0.117599487304687 0.107109069824219
-0.150039672851562 -0.0149383544921875 0.0959014892578125 0.0843734741210938
-0.134208679199219 -0.0914535522460937 -0.00732421875000002 0.216812133789063
-0.0572052001953125 -0.0465126037597656 -0.0250816345214844 0.057708740234375
-0.0554161071777344 -0.0452461242675781 -0.113487243652344 -0.0268707275390625
-0.0426597595214844 -0.0321273803710938 -0.15985107421875 0.00234985351562496
-0.0603294372558594 -0.0176734924316406 -0.159896850585938 0.033294677734375
-0.0527572631835938 0.0205078125 -0.143905639648437 0.09942626953125
-0.0258216857910156 0.0571174621582031 -0.083709716796875 0.132583618164063
-0.0204925537109375 0.0694198608398438 -0.0457839965820313 0.10150146484375
-0.00143432617187501 0.0882949829101563 -0.0127182006835937 0.080352783203125
-0.0252609252929687 0.0896453857421875 0.0147705078125 0.053497314453125
-0.0654296875 0.0904388427734375 0.0529594421386719 0.0392532348632813
-0.09820556640625 0.0781478881835938 0.0790634155273438 0.0712814331054688
-0.144943237304688 0.00445556640625003 0.062652587890625 0.103874206542969
-0.1502685546875 -0.024688720703125 0.0718994140625 0.106101989746094
-0.176986694335938 -0.083282470703125 0.0416488647460937 0.0572891235351562
-0.136016845703125 -0.160247802734375 -0.0533599853515625 0.169815063476563
-0.0861129760742188 -0.117515563964844 -0.0639991760253906 0.0249404907226563
-0.123008728027344 -0.0967483520507812 -0.139984130859375 -0.04315185546875
-0.111686706542969 -0.0422286987304688 -0.171035766601563 0.000976562500000003
-0.118354797363281 -0.00621032714843751 -0.151199340820313 0.030792236328125
-0.09130859375 0.05157470703125 -0.120269775390625 0.0870437622070313
-0.0504074096679687 0.09381103515625 -0.0679779052734375 0.1019287109375
-0.0471038818359375 0.100776672363281 -0.0399971008300781 0.0659446716308594
-0.024444580078125 0.120552062988281 -0.0105438232421875 0.0454177856445313
-0.049713134765625 0.108039855957031 0.0235157012939453 0.0199394226074219
-0.0968246459960938 0.102691650390625 0.0601463317871094 0.0140876770019531
-0.1341552734375 0.07940673828125 0.0829620361328125 0.0611419677734375
-0.179946899414063 -0.0247344970703125 0.0513763427734375 0.102653503417969
-0.170852661132812 -0.0681610107421875 0.0238494873046875 0.100700378417969
-0.17626953125 -0.14031982421875 -0.017425537109375 0.0150442123413086
-0.118087768554687 -0.20166015625 -0.09747314453125 0.103935241699219
-0.0994415283203125 -0.167312622070312 -0.105567932128906 -0.016693115234375
-0.171035766601563 -0.133316040039063 -0.156814575195313 -0.060791015625
-0.162796020507813 -0.0439605712890625 -0.166793823242188 -0.00935363769531251
-0.157577514648437 0.0082855224609375 -0.129905700683594 0.0143203735351563
-0.113861083984375 0.0757522583007813 -0.089935302734375 0.055877685546875
-0.0663375854492187 0.115959167480469 -0.0501861572265625 0.0549278259277344
-0.0678024291992187 0.116867065429688 -0.0298328399658203 0.0202178955078125
-0.0473403930664063 0.13427734375 -0.00175964832305909 0.00152647495269776
-0.0732345581054688 0.10748291015625 0.0392837524414062 -0.0163078308105469
-0.121078491210938 0.0921096801757812 0.07110595703125 -0.00827026367187499
-0.155364990234375 0.0587615966796875 0.0836563110351562 0.0504302978515625
-0.188339233398438 -0.0640411376953125 0.0381088256835937 0.09698486328125
-0.1617431640625 -0.113723754882813 -0.0225677490234375 0.0861892700195312
-0.145828247070313 -0.182693481445313 -0.06884765625 -0.0378532409667969
-0.0821685791015625 -0.207275390625 -0.13360595703125 0.034576416015625
-0.09100341796875 -0.185272216796875 -0.142227172851563 -0.0552978515625
-0.180633544921875 -0.144210815429688 -0.160110473632813 -0.071441650390625
-0.17742919921875 -0.039398193359375 -0.149276733398437 -0.0240631103515625
-0.164810180664063 0.017303466796875 -0.100044250488281 -0.00894927978515627
-0.116905212402344 0.0847549438476562 -0.0586471557617188 0.0152511596679688
-0.0707550048828125 0.118881225585938 -0.0316619873046875 0.00211334228515626
-0.0768280029296875 0.115280151367188 -0.0152568817138672 -0.0279045104980469
-0.0650177001953125 0.129226684570313 0.0150871276855469 -0.0435409545898437
-0.0888671875 0.0924224853515625 0.0644378662109375 -0.0491600036621094
-0.132194519042969 0.0667572021484375 0.0889663696289062 -0.024505615234375
-0.15972900390625 0.025787353515625 0.0861892700195312 0.0405502319335938
-0.172271728515625 -0.103317260742188 0.0275802612304687 0.0838088989257813
-0.1292724609375 -0.151962280273438 -0.0562591552734375 0.0577316284179688
-0.093109130859375 -0.20306396484375 -0.102828979492187 -0.0996322631835938
-0.030914306640625 -0.179168701171875 -0.156158447265625 -0.0242156982421875
-0.061126708984375 -0.168792724609375 -0.1661376953125 -0.0836639404296875
-0.149307250976563 -0.12969970703125 -0.149826049804688 -0.0752410888671875
-0.15069580078125 -0.0319976806640625 -0.12359619140625 -0.0397567749023438
-0.136772155761719 0.0144882202148437 -0.0706787109375 -0.0333023071289063
-0.0997085571289063 0.0713882446289063 -0.0330696105957031 -0.0266437530517578
-0.0646591186523438 0.101089477539062 -0.0168266296386719 -0.0480842590332031
-0.0733489990234375 0.0974960327148438 0.001007080078125 -0.0703811645507813
-0.0690765380859375 0.1083984375 0.0383377075195312 -0.0843887329101563
-0.0894851684570312 0.0703506469726563 0.09521484375 -0.0734405517578125
-0.125030517578125 0.041015625 0.111068725585937 -0.0339584350585938
-0.144027709960938 -0.00146484374999998 0.0905303955078125 0.0291976928710938
-0.13885498046875 -0.124320983886719 0.0250434875488281 0.0627708435058593
-0.0824127197265625 -0.167755126953125 -0.0708847045898438 0.0167388916015625
-0.03155517578125 -0.194244384765625 -0.111862182617188 -0.161575317382813
0.0285568237304688 -0.124290466308594 -0.158157348632813 -0.0641326904296875
-0.0131988525390625 -0.127548217773438 -0.171966552734375 -0.0979766845703125
-0.0833892822265625 -0.0993881225585938 -0.128555297851563 -0.0770797729492188
-0.090545654296875 -0.0297775268554688 -0.100059509277344 -0.0561981201171875
-0.0840377807617187 -0.00305938720703123 -0.0495452880859375 -0.0522193908691406
-0.0707931518554688 0.0375823974609375 -0.0184097290039063 -0.0582733154296875
-0.0523490905761719 0.0635757446289063 -0.0064239501953125 -0.0856857299804688
-0.0583038330078125 0.0649986267089844 0.0167999267578125 -0.102119445800781
-0.0601959228515625 0.0767593383789063 0.0623931884765625 -0.115776062011719
-0.0703201293945313 0.048431396484375 0.124282836914063 -0.0891036987304688
-0.0979385375976562 0.0243453979492188 0.131370544433594 -0.0383682250976563
-0.111320495605469 -0.0120925903320313 0.0995635986328125 0.0177154541015625
-0.0980987548828125 -0.116050720214844 0.03411865234375 0.0372200012207031
-0.0346832275390625 -0.1539306640625 -0.0625381469726563 -0.0263900756835938
0.028594970703125 -0.153854370117188 -0.095947265625 -0.21392822265625
-0.0695571899414063 0.07891845703125 0.0933990478515625 0.209030151367188
0.0178756713867187 0.0844039916992187 0.0480079650878906 0.0532913208007813
0.0651473999023438 0.0529136657714844 -0.0539894104003906 -0.0174789428710938
0.0701408386230469 -0.00030517578125 -0.1195068359375 -0.00395202636718749
0.0493049621582031 -0.0190849304199219 -0.142318725585938 0.03759765625
0.031036376953125 -0.0312099456787109 -0.135452270507813 0.104835510253906
0.0278472900390625 -0.0253887176513672 -0.066253662109375 0.145172119140625
0.0356674194335938 -0.0168342590332031 -0.0234603881835937 0.123489379882813
0.03778076171875 -0.0120773315429687 0.00608062744140625 0.100074768066406
0.0289783477783203 0.00916099548339844 0.0175018310546875 0.0819778442382813
0.0257320404052734 0.0228404998779297 0.0511093139648438 0.0611953735351563
0.0243110656738281 0.0399971008300781 0.0836563110351563 0.0641250610351563
-0.00461959838867187 0.0642242431640625 0.101890563964844 0.08966064453125
-0.0374832153320313 0.0726852416992187 0.154052734375 0.0926666259765625
-0.0894622802734375 0.0637969970703125 0.138252258300781 0.080780029296875
-0.107307434082031 0.000686645507812508 0.056732177734375 0.220870971679687
-0.0199756622314453 0.0252628326416016 0.0182609558105469 0.0645904541015625
0.00939083099365234 0.00765323638916016 -0.0802383422851563 -0.0115966796875
0.017974853515625 -0.0171184539794922 -0.135169982910156 0.00686645507812502
-0.00414657592773438 -0.0192146301269531 -0.14923095703125 0.040069580078125
-0.00984477996826172 -0.00520992279052734 -0.139053344726563 0.108741760253906
0.00326347351074219 0.0167751312255859 -0.0721588134765625 0.146942138671875
0.0104503631591797 0.0278339385986328 -0.031280517578125 0.121131896972656
0.0218353271484375 0.0396804809570313 0.000900268554687496 0.0979995727539062
0.00333404541015624 0.0535545349121094 0.0175628662109375 0.074615478515625
-0.0206680297851562 0.0612716674804688 0.052032470703125 0.0537223815917969
-0.0397834777832031 0.0627174377441406 0.0817031860351563 0.06842041015625
-0.0792617797851563 0.0360870361328125 0.0841140747070313 0.0949249267578125
-0.0987167358398438 0.0270156860351562 0.1207275390625 0.0960159301757813
-0.141036987304688 -0.00494384765624997 0.0992584228515625 0.077362060546875
-0.131233215332031 -0.0797500610351562 0.0110321044921875 0.204193115234375
-0.0561599731445312 -0.0444984436035156 -0.0171585083007813 0.0527458190917969
-0.0569534301757813 -0.0427398681640625 -0.109039306640625 -0.0195541381835938
-0.0452880859375 -0.03131103515625 -0.1512451171875 0.0108642578125
-0.0618057250976562 -0.0133018493652344 -0.150283813476563 0.0406341552734375
-0.0518760681152344 0.0241508483886719 -0.129959106445313 0.103302001953125
-0.0233612060546875 0.0577583312988281 -0.0694503784179688 0.131660461425781
-0.01629638671875 0.0689582824707031 -0.0352325439453125 0.100532531738281
0.00347137451171875 0.0853729248046875 -0.00438690185546875 0.0772628784179687
-0.0200881958007812 0.08746337890625 0.0195045471191406 0.05078125
-0.0579299926757812 0.09014892578125 0.0551872253417969 0.0346336364746094
-0.0891647338867188 0.0795745849609375 0.0833053588867187 0.064453125
-0.137840270996094 0.0115280151367187 0.0689315795898437 0.0975875854492188
-0.143569946289062 -0.0159149169921875 0.077880859375 0.0986175537109375
-0.172271728515625 -0.06915283203125 0.0462570190429687 0.0549087524414062
-0.139129638671875 -0.145034790039063 -0.0342864990234375 0.160964965820313
-0.0888290405273438 -0.109336853027344 -0.0558242797851563 0.0235671997070313
-0.125282287597656 -0.0863800048828125 -0.135261535644531 -0.0330734252929687
-0.111312866210937 -0.0351409912109375 -0.161346435546875 0.010406494140625
-0.115615844726563 0.00164031982421873 -0.141342163085937 0.03704833984375
-0.0858612060546875 0.0559539794921875 -0.107734680175781 0.0889205932617188
-0.0435409545898438 0.0939102172851562 -0.0559616088867188 0.100494384765625
-0.0393524169921875 0.10064697265625 -0.0317764282226563 0.0656471252441406
-0.0156784057617188 0.117782592773438 -0.00433349609375 0.04339599609375
-0.0418243408203125 0.106887817382813 0.0261363983154297 0.0171260833740234
-0.0864486694335938 0.1036376953125 0.0611724853515625 0.00979995727539063
-0.122589111328125 0.08447265625 0.0866546630859375 0.053497314453125
-0.174240112304688 -0.0128936767578125 0.0585861206054687 0.096221923828125
-0.16680908203125 -0.0557708740234375 0.0327835083007812 0.0960922241210938
-0.17791748046875 -0.122802734375 -0.0124320983886719 0.0187702178955078
-0.126693725585938 -0.185134887695313 -0.0802459716796875 0.100860595703125
-0.106658935546875 -0.155181884765625 -0.0973358154296875 -0.0136795043945312
-0.172943115234375 -0.116241455078125 -0.152053833007813 -0.0478363037109375
-0.15887451171875 -0.0322418212890625 -0.157516479492188 -0.000167846679687474
-0.150787353515625 0.0190277099609375 -0.121994018554688 0.0209503173828125
-0.104789733886719 0.0806655883789063 -0.0803909301757813 0.0571441650390625
-0.0564117431640625 0.11505126953125 -0.0419998168945312 0.0543251037597656
-0.0569992065429687 0.117195129394531 -0.0254116058349609 0.0207424163818359
-0.0360260009765625 0.131561279296875 0.000497132539749143 0.000529319047927864
-0.0643692016601563 0.107643127441406 0.0389213562011719 -0.0189094543457031
-0.109840393066406 0.0956649780273437 0.0702743530273438 -0.0129661560058594
-0.144500732421875 0.06658935546875 0.0871047973632813 0.0431137084960938
-0.18536376953125 -0.049652099609375 0.0458602905273437 0.0912094116210938
-0.162490844726563 -0.09893798828125 -0.0124053955078125 0.0856399536132813
-0.152740478515625 -0.166091918945313 -0.0648307800292969 -0.0291290283203125
-0.0946807861328125 -0.192489624023437 -0.120269775390625 0.036834716796875
-0.100753784179688 -0.170440673828125 -0.135063171386719 -0.047760009765625
-0.18353271484375 -0.123947143554688 -0.156204223632813 -0.0577392578125
-0.171722412109375 -0.0253143310546875 -0.1417236328125 -0.014556884765625
-0.155410766601563 0.0288848876953125 -0.0951766967773438 -0.00340270996093748
-0.105140686035156 0.0885543823242188 -0.0527191162109375 0.0149078369140625
-0.0590896606445313 0.117469787597656 -0.0283126831054688 0.00197601318359376
-0.0648956298828125 0.115791320800781 -0.0147380828857422 -0.0256786346435547
-0.0518035888671875 0.127693176269531 0.01385498046875 -0.0439796447753906
-0.078948974609375 0.0934982299804688 0.0604591369628906 -0.0523605346679688
-0.121589660644531 0.0725631713867188 0.0863494873046875 -0.02996826171875
-0.15008544921875 0.03582763671875 0.088226318359375 0.0329513549804688
-0.17279052734375 -0.0866546630859375 0.0349197387695312 0.0789718627929688
-0.133811950683594 -0.136024475097656 -0.0467948913574219 0.0605239868164062
-0.104049682617188 -0.188034057617188 -0.101799011230469 -0.0862579345703125
-0.0450592041015625 -0.168426513671875 -0.146453857421875 -0.0169525146484375
-0.0714569091796875 -0.156524658203125 -0.160980224609375 -0.0711822509765625
-0.152481079101563 -0.1112060546875 -0.1466064453125 -0.062774658203125
-0.145004272460938 -0.0191802978515625 -0.119010925292969 -0.0321502685546875
-0.128562927246094 0.0250015258789062 -0.0685234069824219 -0.0283432006835938
-0.0888290405273438 0.0746078491210937 -0.0318927764892578 -0.026031494140625
-0.053741455078125 0.0988693237304688 -0.0187911987304688 -0.0464897155761719
-0.0619583129882813 0.0978775024414063 -0.00297927856445313 -0.0673179626464844
-0.056671142578125 0.107772827148438 0.0320281982421875 -0.0844039916992188
-0.0794448852539063 0.0718917846679688 0.0878829956054687 -0.0786361694335937
-0.114715576171875 0.0470657348632813 0.106407165527344 -0.0398788452148438
-0.135894775390625 0.0091400146484375 0.0916519165039063 0.0223846435546875
-0.141738891601563 -0.107452392578125 0.030609130859375 0.0589942932128906
-0.09149169921875 -0.15350341796875 -0.0638465881347656 0.0227737426757812
-0.0454254150390625 -0.183349609375 -0.115692138671875 -0.1439208984375
0.0150680541992188 -0.119163513183594 -0.152923583984375 -0.05499267578125
-0.0239028930664063 -0.119277954101563 -0.16851806640625 -0.084716796875
-0.0871353149414063 -0.0860671997070313 -0.127166748046875 -0.06640625
-0.0867996215820313 -0.0198822021484375 -0.0990219116210938 -0.0482254028320312
-0.0784988403320313 0.00428009033203126 -0.0506439208984375 -0.0478973388671875
-0.0623550415039062 0.0405616760253906 -0.02093505859375 -0.0565910339355469
-0.0440521240234375 0.0622940063476562 -0.0117568969726563 -0.0827789306640625
-0.0495223999023438 0.065093994140625 0.00968170166015626 -0.0985260009765625
-0.0496444702148438 0.0757217407226563 0.0523681640625 -0.115447998046875
-0.0614776611328125 0.0498008728027344 0.113922119140625 -0.0951080322265625
-0.0888824462890625 0.029449462890625 0.124870300292969 -0.0451889038085938
-0.104598999023438 -0.00260925292968749 0.0990829467773438 0.011199951171875
-0.101982116699219 -0.10137939453125 0.0368232727050781 0.0349655151367187
-0.044708251953125 -0.142318725585938 -0.0597953796386719 -0.0184173583984375
0.013916015625 -0.148162841796875 -0.105361938476562 -0.194183349609375
-0.0580673217773438 0.0758285522460938 0.0965728759765625 0.18988037109375
0.0207366943359375 0.075469970703125 0.0458908081054688 0.0466346740722656
0.0622482299804687 0.0434684753417969 -0.0516777038574219 -0.0161781311035156
0.0634117126464844 -0.0054168701171875 -0.112724304199219 0.000213623046874992
0.0425491333007813 -0.0207405090332031 -0.133384704589844 0.0398712158203125
0.0252933502197266 -0.0283718109130859 -0.124595642089844 0.105438232421875
0.0230464935302734 -0.0230998992919922 -0.0554962158203125 0.13983154296875
0.0311813354492188 -0.0159664154052734 -0.0167160034179688 0.117149353027344
0.0335159301757813 -0.0117549896240234 0.011505126953125 0.0950469970703125
0.0257682800292969 0.00869941711425781 0.0209503173828125 0.07763671875
0.0227584838867188 0.0199260711669922 0.0513954162597656 0.056365966796875
0.0233535766601563 0.0344371795654297 0.0822525024414063 0.0586395263671875
-0.000782012939453121 0.0578498840332031 0.0995025634765625 0.082977294921875
-0.0303764343261719 0.0676498413085938 0.148406982421875 0.08251953125
-0.0780868530273438 0.0629043579101562 0.134063720703125 0.0735092163085938
-0.0970458984375 0.00336456298828123 0.0645294189453125 0.202011108398438
-0.0169506072998047 0.0208950042724609 0.0199203491210938 0.0573577880859375
0.00762557983398438 0.00324440002441406 -0.0752334594726563 -0.00962829589843751
0.0133399963378906 -0.0197772979736328 -0.126388549804687 0.0101089477539063
-0.00772285461425781 -0.0183010101318359 -0.139297485351563 0.0428314208984375
-0.0122747421264648 -0.00294303894042969 -0.127166748046875 0.108245849609375
0.00167083740234375 0.0178775787353516 -0.0604705810546875 0.141616821289063
0.00915336608886719 0.027557373046875 -0.0232162475585937 0.114936828613281
0.0208625793457031 0.037506103515625 0.00679779052734374 0.0926132202148438
0.00328826904296875 0.0510368347167969 0.0211105346679688 0.0703201293945313
-0.0187873840332031 0.0584068298339844 0.0523529052734375 0.0489006042480469
-0.0361557006835938 0.0591468811035156 0.0816574096679688 0.062103271484375
-0.072509765625 0.0347061157226563 0.08392333984375 0.088165283203125
-0.090057373046875 0.02703857421875 0.118888854980469 0.0875244140625
-0.130455017089844 0.000267028808593735 0.0973892211914062 0.0718994140625
-0.123497009277344 -0.0708160400390625 0.0220794677734375 0.187393188476563
-0.0540046691894531 -0.0431671142578125 -0.0124320983886719 0.046783447265625
-0.056549072265625 -0.0407638549804688 -0.102142333984375 -0.015380859375
-0.0459861755371094 -0.0298843383789062 -0.140960693359375 0.014434814453125
-0.0610580444335938 -0.0105972290039063 -0.139236450195313 0.042144775390625
-0.0500755310058594 0.0257492065429687 -0.118301391601563 0.101799011230469
-0.0208702087402344 0.0570144653320312 -0.0587692260742188 0.126106262207031
-0.0141143798828125 0.0673751831054688 -0.0272216796875 0.09521484375
0.00577545166015625 0.080780029296875 0.00197601318359374 0.073272705078125
-0.0175018310546875 0.0832061767578125 0.0229148864746094 0.0479736328125
-0.0526962280273437 0.087371826171875 0.0551261901855469 0.0309257507324219
-0.0815200805664063 0.078125 0.0837631225585938 0.0581893920898438
-0.129615783691406 0.0150146484375 0.0706863403320312 0.0913162231445313
-0.135093688964844 -0.0113296508789063 0.0797042846679687 0.0906906127929688
-0.164016723632813 -0.0589141845703125 0.0491600036621094 0.0518608093261719
-0.135551452636719 -0.13116455078125 -0.02142333984375 0.14813232421875
-0.0881881713867188 -0.102142333984375 -0.0485572814941406 0.0209236145019531
-0.122756958007812 -0.0779953002929688 -0.126739501953125 -0.026275634765625
-0.108070373535156 -0.0304183959960937 -0.149169921875 0.01385498046875
-0.110786437988281 0.00662231445312501 -0.130821228027344 0.0383987426757812
-0.0804977416992188 0.0569915771484375 -0.0971603393554688 0.0859909057617188
-0.038360595703125 0.0909194946289063 -0.0474090576171875 0.0958786010742188
-0.03338623046875 0.0980377197265625 -0.0253715515136719 0.0629615783691406
-0.00975799560546876 0.111717224121094 -8.01086425781224E-05 0.0406570434570313
-0.0361404418945312 0.102828979492188 0.0273113250732422 0.0152854919433594
-0.0783309936523437 0.100936889648438 0.0598907470703125 0.00667953491210938
-0.11285400390625 0.0838546752929688 0.087005615234375 0.047271728515625
-0.165756225585938 -0.00578308105468748 0.061798095703125 0.0900497436523438
-0.158432006835938 -0.047393798828125 0.0378036499023437 0.0904159545898438
-0.171478271484375 -0.109649658203125 -0.00800132751464845 0.0202388763427734
-0.127151489257813 -0.1689453125 -0.0667648315429688 0.0932159423828125
-0.106826782226562 -0.143096923828125 -0.0885543823242188 -0.012908935546875
-0.16851806640625 -0.10186767578125 -0.14239501953125 -0.0396881103515625
-0.1514892578125 -0.024383544921875 -0.147048950195312 0.00450134277343747
-0.141937255859375 0.0246429443359375 -0.112838745117188 0.0223388671875
-0.0961151123046875 0.080535888671875 -0.0719680786132813 0.0541534423828125
-0.048187255859375 0.1112060546875 -0.0356292724609375 0.0511283874511719
-0.0485916137695313 0.113914489746094 -0.0216407775878906 0.0199356079101563
-0.0281906127929688 0.125869750976563 0.0023345947265625 -0.000420570373535149
-0.05682373046875 0.103683471679687 0.0374221801757812 -0.0201454162597656
-0.100357055664063 0.0947647094726562 0.0678329467773438 -0.0156021118164062
-0.133430480957031 0.068939208984375 0.0875701904296875 0.0371932983398438
-0.178115844726562 -0.03851318359375 0.049591064453125 0.085479736328125
-0.156784057617188 -0.0876617431640625 -0.00474548339843751 0.08251953125
-0.151657104492187 -0.15087890625 -0.059295654296875 -0.0222320556640625
-0.09869384765625 -0.176498413085938 -0.107025146484375 0.0355682373046875
-0.102981567382813 -0.156967163085937 -0.125244140625 -0.0426406860351562
-0.178817749023437 -0.107742309570313 -0.146942138671875 -0.0483245849609375
-0.162246704101562 -0.01629638671875 -0.13226318359375 -0.00961303710937499
-0.14495849609375 0.035125732421875 -0.0887680053710938 -0.00115203857421875
-0.0945816040039062 0.0875015258789063 -0.0474739074707031 0.0136489868164063
-0.0506210327148438 0.112167358398437 -0.0252742767333984 0.00139999389648438
-0.0555038452148437 0.112113952636719 -0.014251708984375 -0.0240573883056641
-0.04241943359375 0.121856689453125 0.0116844177246094 -0.0431327819824219
-0.0704727172851563 0.09088134765625 0.0563697814941406 -0.0532875061035156
-0.111099243164063 0.0732269287109375 0.08251953125 -0.03228759765625
-0.139236450195312 0.0407333374023438 0.0879364013671875 0.0271377563476563
-0.167388916015625 -0.073486328125 0.0384063720703125 0.0741729736328125
-0.132408142089844 -0.122398376464844 -0.0383377075195313 0.0602760314941406
-0.107986450195312 -0.17266845703125 -0.0967559814453125 -0.0744781494140625
-0.05230712890625 -0.15496826171875 -0.135787963867188 -0.014892578125
-0.075927734375 -0.143173217773438 -0.15155029296875 -0.064544677734375
-0.148544311523438 -0.0954132080078125 -0.137870788574219 -0.05364990234375
-0.135765075683594 -0.0102386474609375 -0.111763000488281 -0.0264511108398438
-0.118843078613281 0.0298233032226562 -0.0653800964355469 -0.0252609252929687
-0.0794143676757813 0.0740814208984375 -0.0300750732421875 -0.0263118743896484
-0.0454254150390625 0.0943450927734375 -0.01824951171875 -0.044830322265625
-0.05291748046875 0.0943756103515625 -0.00472259521484376 -0.0635719299316406
-0.04754638671875 0.102729797363281 0.02740478515625 -0.081817626953125
-0.0714569091796875 0.0704421997070313 0.0809173583984375 -0.0787734985351562
-0.104415893554688 0.0487518310546875 0.100639343261719 -0.0425033569335938
-0.126045227050781 0.0146865844726562 0.09063720703125 0.0177764892578125
-0.13922119140625 -0.0934524536132813 0.0328636169433594 0.0552597045898437
-0.0934524536132812 -0.139495849609375 -0.0568962097167969 0.0258598327636719
-0.0531768798828125 -0.170074462890625 -0.112388610839844 -0.128013610839844
0.00606536865234375 -0.111083984375 -0.144210815429688 -0.0486602783203125
-0.0288925170898437 -0.109024047851563 -0.159332275390625 -0.07464599609375
-0.0861892700195313 -0.0741195678710937 -0.120925903320312 -0.0583343505859375
-0.0806121826171875 -0.013336181640625 -0.0941238403320313 -0.0427398681640625
-0.0720596313476563 0.00888824462890625 -0.0491943359375 -0.0440940856933594
-0.0554580688476562 0.0407295227050781 -0.0215301513671875 -0.0546607971191406
-0.0361595153808594 0.0593986511230469 -0.0148239135742188 -0.0786209106445313
-0.0420036315917969 0.0621147155761719 0.00457763671875001 -0.0929183959960937
-0.0410079956054688 0.0718231201171875 0.0439682006835938 -0.111244201660156
-0.0548324584960938 0.0474166870117188 0.1044921875 -0.0960311889648437
-0.07989501953125 0.0310745239257813 0.118125915527344 -0.047760009765625
-0.0963668823242188 0.00267791748046875 0.09564208984375 0.0078277587890625
-0.0999069213867187 -0.0879287719726563 0.0372467041015625 0.0334358215332031
-0.0497283935546875 -0.129463195800781 -0.0546073913574219 -0.0127792358398438
0.00410461425781249 -0.138923645019531 -0.106277465820313 -0.175796508789063
-0.0497970581054688 0.0708465576171875 0.09405517578125 0.177474975585938
0.0210113525390625 0.0685195922851563 0.0437126159667969 0.0425453186035156
0.05810546875 0.0372505187988281 -0.0490264892578125 -0.0168838500976562
0.05755615234375 -0.00802993774414063 -0.107429504394531 0.00017547607421874
0.0377426147460938 -0.0203742980957031 -0.127052307128906 0.0384979248046875
0.0220413208007813 -0.0259017944335938 -0.117050170898438 0.102874755859375
0.0209598541259766 -0.0200042724609375 -0.0501785278320312 0.134170532226563
0.0278759002685547 -0.0143756866455078 -0.0130462646484375 0.111656188964844
0.0301761627197266 -0.0105876922607422 0.0132369995117188 0.0903472900390625
0.0229816436767578 0.00860404968261719 0.022125244140625 0.075408935546875
0.0199604034423828 0.0191059112548828 0.0501594543457031 0.0539131164550781
0.021148681640625 0.0305309295654297 0.0793991088867188 0.055938720703125
0.000522613525390624 0.052459716796875 0.0959014892578125 0.07965087890625
-0.0268936157226563 0.0616607666015625 0.141616821289063 0.0779571533203125
-0.0702667236328125 0.0600204467773438 0.128768920898438 0.0708847045898438
-0.0886459350585938 0.0030364990234375 0.0649566650390625 0.187545776367188
-0.015538215637207 0.016901969909668 0.0197677612304688 0.05206298828125
0.00561189651489258 0.0001373291015625 -0.0708389282226562 -0.00975036621093751
0.00928115844726563 -0.0211238861083984 -0.119415283203125 0.00975036621093752
-0.0103111267089844 -0.0171918869018555 -0.131866455078125 0.0405731201171875
-0.0133781433105469 -0.000868797302246094 -0.11907958984375 0.104194641113281
0.000383377075195311 0.0186519622802734 -0.0548934936523438 0.135147094726563
0.00797843933105469 0.0274486541748047 -0.0190353393554687 0.109962463378906
0.0191688537597656 0.0362739562988281 0.00958251953125001 0.0878448486328125
0.00236892700195312 0.0490837097167969 0.0226516723632813 0.0676307678222656
-0.0185890197753906 0.0559883117675781 0.0514183044433594 0.0464897155761719
-0.0342369079589844 0.05499267578125 0.0800018310546875 0.058563232421875
-0.0684738159179688 0.0321617126464844 0.0822372436523438 0.0850296020507813
-0.0840072631835938 0.0247802734375 0.114616394042969 0.082275390625
-0.12164306640625 0.00170135498046876 0.0957717895507812 0.0690536499023438
-0.115699768066406 -0.0666275024414063 0.0256805419921875 0.173294067382813
-0.0517807006835938 -0.0432090759277344 -0.009918212890625 0.0417709350585938
-0.0552444458007812 -0.0405158996582031 -0.0955276489257812 -0.0138931274414063
-0.0465164184570313 -0.0297164916992187 -0.132476806640625 0.0134124755859375
-0.0607223510742188 -0.00873565673828126 -0.131515502929688 0.0399322509765625
-0.0494346618652344 0.0263252258300781 -0.110374450683594 0.0966720581054688
-0.0202674865722656 0.0557060241699219 -0.0520858764648438 0.119346618652344
-0.0140876770019531 0.065673828125 -0.0225601196289062 0.0906143188476563
0.0059356689453125 0.07763671875 0.00470733642578125 0.0693092346191406
-0.0166473388671875 0.0803680419921875 0.0236701965332031 0.0453681945800781
-0.0497894287109375 0.0837326049804688 0.0544853210449219 0.0287399291992188
-0.0766448974609375 0.073638916015625 0.082489013671875 0.0546112060546875
-0.123390197753906 0.0150222778320312 0.0700225830078125 0.087646484375
-0.127334594726562 -0.0106582641601563 0.0791168212890625 0.0856475830078125
-0.155258178710938 -0.0543975830078125 0.0495567321777344 0.05084228515625
-0.12921142578125 -0.123161315917969 -0.0147781372070313 0.136329650878906
-0.0852127075195313 -0.097991943359375 -0.0439300537109375 0.016815185546875
-0.118377685546875 -0.0737991333007813 -0.118621826171875 -0.0243759155273438
-0.10455322265625 -0.0282516479492188 -0.140884399414062 0.013336181640625
-0.106765747070313 0.00830078125 -0.123100280761719 0.0364608764648438
-0.0767669677734375 0.0558547973632813 -0.0901260375976563 0.0807571411132813
-0.0358505249023438 0.087860107421875 -0.041900634765625 0.0903701782226562
-0.0305023193359375 0.0955734252929688 -0.0218696594238281 0.0597419738769531
-0.0076904296875 0.106605529785156 0.00265121459960937 0.03778076171875
-0.0343475341796875 0.0984725952148438 0.0280628204345703 0.0138702392578125
-0.0735549926757812 0.09735107421875 0.0587844848632812 0.00529098510742188
-0.106048583984375 0.0811691284179688 0.0860443115234375 0.0437698364257813
-0.158447265625 -0.00430297851562503 0.06146240234375 0.0862503051757813
-0.151077270507813 -0.04364013671875 0.039947509765625 0.0864410400390625
-0.164688110351563 -0.10205078125 -0.00419807434082032 0.0211563110351562
-0.122879028320313 -0.158355712890625 -0.0589141845703125 0.0846328735351562
-0.104217529296875 -0.136405944824219 -0.0814743041992188 -0.01446533203125
-0.162643432617188 -0.0941009521484375 -0.133270263671875 -0.0362319946289063
-0.145050048828125 -0.0213775634765625 -0.137237548828125 0.00441741943359377
-0.135330200195313 0.0265350341796875 -0.10601806640625 0.0210189819335937
-0.0902633666992188 0.077728271484375 -0.0663375854492187 0.0498428344726563
-0.0447158813476563 0.106208801269531 -0.0319252014160156 0.0469474792480469
-0.04412841796875 0.109794616699219 -0.0189037322998047 0.0191593170166016
-0.024017333984375 0.119468688964844 0.00334596633911133 -0.00125408172607421
-0.0530776977539062 0.100448608398438 0.0362701416015625 -0.0207023620605469
-0.0941390991210938 0.0914154052734375 0.06573486328125 -0.01580810546875
-0.125556945800781 0.0675430297851563 0.0862197875976562 0.0336761474609375
-0.170745849609375 -0.0343780517578125 0.0502090454101562 0.0816650390625
-0.1510009765625 -0.0813446044921875 -0.000427246093750007 0.078826904296875
-0.147705078125 -0.141098022460938 -0.0539741516113281 -0.0186958312988281
-0.097564697265625 -0.165313720703125 -0.0981674194335937 0.0303192138671875
-0.1011962890625 -0.148208618164062 -0.117378234863281 -0.0424041748046875
-0.172012329101563 -0.09735107421875 -0.137596130371094 -0.0444259643554688
-0.1539306640625 -0.013031005859375 -0.123977661132813 -0.00872802734375001
-0.136878967285156 0.036346435546875 -0.0836257934570313 -0.00106048583984375
-0.0887527465820312 0.0844192504882813 -0.0437889099121094 0.0110244750976563
-0.0455093383789063 0.106597900390625 -0.0233440399169922 -0.000446319580078124
-0.0501251220703125 0.107933044433594 -0.0126476287841797 -0.0229988098144531
-0.0375213623046875 0.115684509277344 0.0115394592285156 -0.0418739318847656
-0.0657958984375 0.0872268676757813 0.0535163879394531 -0.0528602600097656
-0.104133605957031 0.0705947875976563 0.0795059204101563 -0.0326614379882812
-0.13092041015625 0.04058837890625 0.0866241455078125 0.0246124267578125
-0.161392211914062 -0.0666046142578125 0.03973388671875 0.0708084106445313
-0.128631591796875 -0.113906860351563 -0.0326957702636719 0.05865478515625
-0.107452392578125 -0.161880493164063 -0.0909500122070313 -0.06707763671875
-0.0542144775390625 -0.144821166992188 -0.126754760742187 -0.0162124633789062
-0.0753707885742187 -0.134193420410156 -0.142471313476563 -0.0619049072265625
-0.14324951171875 -0.0854034423828125 -0.129928588867188 -0.0498046875
-0.128097534179688 -0.00680541992187501 -0.105995178222656 -0.0248947143554687
-0.111480712890625 0.031646728515625 -0.0615234375 -0.0245361328125
-0.0731430053710938 0.0714340209960938 -0.0277900695800781 -0.0266914367675781
-0.0400314331054688 0.0889358520507813 -0.0181198120117188 -0.0438957214355469
-0.0479202270507812 0.0906143188476563 -0.00548171997070312 -0.0598640441894531
-0.0416259765625 0.097076416015625 0.0247344970703125 -0.0788192749023438
-0.0656890869140625 0.0669937133789062 0.0762863159179688 -0.077545166015625
-0.0971755981445313 0.0470428466796875 0.0965499877929688 -0.04254150390625
-0.117927551269531 0.016143798828125 0.08831787109375 0.0161514282226563
-0.1339111328125 -0.0846633911132813 0.034027099609375 0.0535507202148437
-0.0921630859375 -0.129783630371094 -0.0508537292480469 0.0274238586425781
-0.05487060546875 -0.159530639648438 -0.106910705566406 -0.117721557617188
0.0016632080078125 -0.103073120117188 -0.136390686035156 -0.04815673828125
-0.03125 -0.101364135742188 -0.150741577148438 -0.07177734375
-0.0829925537109375 -0.0663986206054688 -0.114128112792969 -0.0547256469726562
-0.0750656127929688 -0.0103073120117188 -0.0904464721679688 -0.0401382446289062
-0.0666542053222656 0.0103225708007812 -0.0475425720214844 -0.0418434143066406
-0.0503578186035156 0.0393104553222656 -0.0213470458984375 -0.0536231994628906
-0.0321388244628906 0.0548744201660156 -0.0159683227539063 -0.0757064819335938
-0.0372734069824219 0.058746337890625 0.00270080566406251 -0.0881881713867188
-0.0362586975097656 0.0669975280761719 0.0400238037109375 -0.106910705566406
-0.0500297546386719 0.0448570251464844 0.098114013671875 -0.0938186645507813
-0.0735092163085937 0.02984619140625 0.112525939941406 -0.0469741821289063
-0.0892791748046875 0.00479888916015626 0.0927276611328125 0.00615692138671875
-0.0963287353515625 -0.0793380737304688 0.0370750427246094 0.0327491760253906
-0.0503387451171875 -0.119773864746094 -0.0507545471191406 -0.00914382934570314
-0.000442504882812514 -0.130889892578125 -0.1019287109375 -0.162429809570313
-0.0448036193847656 0.0664596557617187 0.091583251953125 0.170135498046875
0.0207328796386719 0.064483642578125 0.042022705078125 0.0400619506835938
0.0548744201660156 0.0338325500488281 -0.0479469299316406 -0.0174064636230469
0.0528335571289062 -0.00967025756835938 -0.104148864746094 -0.00109863281250001
0.0342960357666016 -0.0201568603515625 -0.124435424804688 0.036346435546875
0.0197277069091797 -0.0229988098144531 -0.114433288574219 0.100852966308594
0.0187454223632813 -0.0172996520996094 -0.047943115234375 0.130943298339844
0.0264072418212891 -0.0133705139160156 -0.011749267578125 0.108741760253906
0.0280685424804688 -0.00889396667480469 0.014434814453125 0.0883712768554688
0.0211544036865234 0.00925445556640625 0.0221786499023437 0.0741195678710938
0.0172576904296875 0.0181026458740234 0.0491065979003906 0.0530166625976562
0.0190963745117188 0.02813720703125 0.077911376953125 0.0554962158203125
0.000961303710937503 0.0484542846679687 0.0938568115234375 0.0799560546875
-0.0254173278808594 0.0583114624023438 0.138023376464844 0.076751708984375
-0.0649566650390625 0.0581932067871094 0.126007080078125 0.0719528198242188
-0.0827713012695313 0.000541687011718745 0.0639801025390625 0.179214477539063
-0.0149602890014648 0.0132875442504883 0.01983642578125 0.0489730834960938
0.0036156177520752 -0.00222396850585938 -0.0680999755859375 -0.0105018615722656
0.00602531433105469 -0.0219917297363281 -0.11578369140625 0.00807952880859375
-0.0117835998535156 -0.0168571472167969 -0.129104614257813 0.037567138671875
-0.0146980285644531 0.000402450561523439 -0.116867065429687 0.101005554199219
-9.91821289062511E-05 0.0198249816894531 -0.0513076782226563 0.131011962890625
0.00697708129882812 0.0281753540039063 -0.0170440673828125 0.106544494628906
0.0178146362304687 0.0360298156738281 0.010955810546875 0.08538818359375
0.00104522705078125 0.0483207702636719 0.0229034423828125 0.06689453125
-0.019927978515625 0.0544395446777344 0.0508041381835938 0.0458335876464844
-0.0342750549316406 0.0521469116210938 0.0796890258789063 0.058197021484375
-0.0664863586425781 0.0290489196777344 0.0806198120117188 0.0844955444335938
-0.0810546875 0.0216140747070312 0.112464904785156 0.0810394287109375
-0.1160888671875 0.000694274902343738 0.0945053100585937 0.0697250366210937
-0.1103515625 -0.0663528442382813 0.0272674560546875 0.165069580078125
-0.0498580932617188 -0.0450248718261719 -0.00817871093750001 0.0379867553710938
-0.055511474609375 -0.0412712097167969 -0.0913925170898437 -0.0152969360351562
-0.0476951599121094 -0.0305366516113281 -0.127983093261719 0.011322021484375
-0.0610542297363281 -0.00880432128906251 -0.128402709960938 0.0371780395507813
-0.0497093200683594 0.0262718200683594 -0.107612609863281 0.09320068359375
-0.0201454162597656 0.0557022094726562 -0.0492172241210938 0.115371704101563
-0.0136871337890625 0.0657806396484375 -0.0208053588867188 0.0878067016601563
0.00518798828124999 0.0761795043945313 0.00625228881835937 0.0674018859863281
-0.0175399780273438 0.0791473388671875 0.0248603820800781 0.044769287109375
-0.0499649047851563 0.0817947387695312 0.053741455078125 0.0283470153808594
-0.0754165649414063 0.0709915161132812 0.0828704833984375 0.0531387329101563
-0.120567321777344 0.0133590698242187 0.0703125 0.0870742797851562
-0.123435974121094 -0.0119247436523438 0.0786056518554687 0.0843429565429688
-0.149993896484375 -0.053741455078125 0.0503005981445313 0.0513267517089844
-0.123863220214844 -0.121025085449219 -0.011627197265625 0.128196716308594
-0.0826797485351563 -0.0981216430664063 -0.0402641296386719 0.013275146484375
-0.116493225097656 -0.072784423828125 -0.112869262695313 -0.0243072509765625
-0.103050231933594 -0.0288925170898437 -0.135444641113281 0.0116806030273437
-0.10528564453125 0.00858306884765625 -0.119705200195313 0.033294677734375
-0.0753707885742188 0.054962158203125 -0.087188720703125 0.0770263671875
-0.0349044799804688 0.0859375 -0.038909912109375 0.08642578125
-0.0298614501953125 0.0941696166992188 -0.0197105407714844 0.0573501586914063
-0.00751495361328126 0.104316711425781 0.00396347045898437 0.0363388061523438
-0.0343093872070312 0.0966873168945313 0.0286827087402344 0.0131607055664063
-0.07293701171875 0.0956497192382812 0.0584716796875 0.00549697875976563
-0.103912353515625 0.0783309936523438 0.08612060546875 0.0426864624023438
-0.156021118164063 -0.00456237792968747 0.061798095703125 0.08551025390625
-0.1473388671875 -0.0438232421875 0.0413436889648438 0.0841827392578125
-0.15985107421875 -0.10028076171875 -0.00192642211914063 0.0228176116943359
-0.119430541992187 -0.15423583984375 -0.0540390014648437 0.0777969360351563
-0.102127075195312 -0.133750915527344 -0.077117919921875 -0.01715087890625
-0.158981323242187 -0.0915985107421875 -0.126380920410156 -0.0357894897460938
-0.141265869140625 -0.02154541015625 -0.132209777832031 0.00318908691406247
-0.132225036621094 0.0264892578125 -0.102813720703125 0.0186309814453125
-0.0887298583984375 0.0754241943359375 -0.0642738342285156 0.0458793640136719
-0.0432281494140625 0.103324890136719 -0.029541015625 0.0445709228515625
-0.0423202514648437 0.108291625976562 -0.0166301727294922 0.0179824829101563
-0.0231246948242187 0.116912841796875 0.0046844482421875 -0.0020461082458496
-0.05194091796875 0.0974960327148438 0.0365829467773438 -0.0212211608886719
-0.091888427734375 0.0891876220703125 0.0656967163085938 -0.0165748596191406
-0.122283935546875 0.0651397705078125 0.0861053466796875 0.032623291015625
-0.167755126953125 -0.03265380859375 0.05108642578125 0.0805892944335938
-0.147064208984375 -0.079376220703125 0.00222015380859374 0.077484130859375
-0.144805908203125 -0.137115478515625 -0.0498580932617188 -0.0161514282226563
-0.09552001953125 -0.15997314453125 -0.0925369262695313 0.0251541137695313
-0.09967041015625 -0.144546508789063 -0.112037658691406 -0.0444564819335938
-0.167984008789063 -0.094207763671875 -0.131065368652344 -0.0439605712890625
-0.149322509765625 -0.012298583984375 -0.119621276855469 -0.010101318359375
-0.132713317871094 0.0362777709960938 -0.0801925659179688 -0.00234222412109374
-0.086151123046875 0.0820999145507813 -0.0422782897949219 0.00811004638671876
-0.04364013671875 0.103630065917969 -0.0222187042236328 -0.00206565856933593
-0.0474700927734375 0.105422973632813 -0.0115718841552734 -0.0227642059326172
-0.035491943359375 0.112960815429688 0.0116386413574219 -0.0412483215332031
-0.0643997192382813 0.0848159790039063 0.0534515380859375 -0.0524826049804687
-0.100814819335938 0.068939208984375 0.0786666870117187 -0.0323486328125
-0.126251220703125 0.0397491455078125 0.08660888671875 0.024139404296875
-0.157485961914062 -0.0631866455078125 0.0403518676757812 0.0702400207519531
-0.125541687011719 -0.110282897949219 -0.0294456481933594 0.0574874877929687
-0.106491088867188 -0.157562255859375 -0.0854949951171875 -0.0634078979492188
-0.0545883178710938 -0.139053344726563 -0.121116638183594 -0.02001953125
-0.0750961303710938 -0.129646301269531 -0.136672973632813 -0.0626754760742188
-0.139381408691406 -0.0810546875 -0.123725891113281 -0.0494461059570313
-0.122962951660156 -0.00560760498046877 -0.101844787597656 -0.0250930786132813
-0.107437133789063 0.03204345703125 -0.0600318908691406 -0.024871826171875
-0.0704498291015625 0.0690994262695312 -0.0272598266601563 -0.0284748077392578
-0.0379638671875 0.0857467651367188 -0.0177879333496094 -0.044189453125
-0.0444564819335938 0.0875930786132813 -0.00476455688476563 -0.05926513671875
-0.0397796630859375 0.093719482421875 0.024322509765625 -0.0765533447265625
-0.0639419555664063 0.06402587890625 0.0742111206054688 -0.0767059326171875
-0.09344482421875 0.045166015625 0.0953750610351562 -0.04180908203125
-0.11370849609375 0.0159149169921875 0.08831787109375 0.0158615112304688
-0.130012512207031 -0.0802764892578125 0.0344429016113281 0.0534210205078125
-0.08966064453125 -0.12445068359375 -0.0472564697265625 0.0274276733398437
-0.055877685546875 -0.154342651367188 -0.102188110351563 -0.112541198730469
-0.000305175781249993 -0.098602294921875 -0.131790161132813 -0.0501785278320312
-0.0320968627929687 -0.0969467163085938 -0.145767211914063 -0.07232666015625
-0.0808868408203125 -0.0618820190429687 -0.110176086425781 -0.0551071166992188
-0.0715789794921875 -0.0087127685546875 -0.0875320434570312 -0.0403518676757813
-0.0640716552734375 0.0112266540527344 -0.0461997985839844 -0.0413703918457031
-0.0480308532714844 0.0380821228027344 -0.0207633972167969 -0.0540733337402344
-0.029937744140625 0.0521888732910156 -0.0156326293945313 -0.0746917724609375
-0.0348663330078125 0.0571365356445313 0.002410888671875 -0.0857467651367187
-0.0335922241210938 0.0642890930175781 0.0382080078125 -0.10394287109375
-0.0478363037109375 0.0427360534667969 0.0952911376953125 -0.09222412109375
-0.0697021484375 0.028594970703125 0.110671997070313 -0.0460205078125
-0.0846481323242188 0.00453186035156249 0.0921859741210938 0.0071258544921875
-0.0927505493164063 -0.075164794921875 0.037506103515625 0.0331192016601562
-0.0498428344726563 -0.114089965820313 -0.0477523803710938 -0.00709915161132814
-0.0031585693359375 -0.125045776367187 -0.098541259765625 -0.1552734375
-0.0414772033691406 0.0641212463378906 0.0927276611328125 0.16748046875
0.0208549499511719 0.0621757507324219 0.0423202514648438 0.038909912109375
0.0528602600097656 0.0317001342773438 -0.0481338500976563 -0.0192298889160156
0.0495109558105469 -0.0110740661621094 -0.104400634765625 -0.00217437744140627
0.0319137573242188 -0.0197181701660156 -0.125564575195313 0.0359649658203125
0.0182743072509766 -0.0211830139160156 -0.114646911621094 0.101478576660156
0.0181159973144531 -0.0160541534423828 -0.046356201171875 0.130363464355469
0.0248126983642578 -0.0125885009765625 -0.0106964111328125 0.108589172363281
0.0269489288330078 -0.00866317749023438 0.015869140625 0.0883255004882812
0.02008056640625 0.00951004028320313 0.0232391357421875 0.0761184692382812
0.0165061950683594 0.0183792114257813 0.0500221252441406 0.0537910461425781
0.0180835723876953 0.0265941619873047 0.0786590576171875 0.055572509765625
0.00153732299804688 0.0460624694824219 0.093963623046875 0.0805587768554688
-0.0239067077636719 0.0563125610351562 0.137466430664062 0.077301025390625
-0.061859130859375 0.0574951171875 0.126899719238281 0.0735702514648438
-0.0801620483398437 -0.00100708007812501 0.066619873046875 0.175582885742188
-0.0142936706542969 0.010411262512207 0.02069091796875 0.0472564697265625
0.00149726867675781 -0.00443315505981445 -0.0676803588867188 -0.0120620727539062
0.00300407409667969 -0.0230617523193359 -0.114982604980469 0.00672149658203127
-0.0146627426147461 -0.0162754058837891 -0.129646301269531 0.0368728637695312
-0.0164012908935547 0.00234413146972656 -0.116134643554687 0.101486206054688
-0.00107955932617187 0.0212326049804688 -0.049560546875 0.130561828613281
0.00627708435058594 0.0290145874023438 -0.0150375366210938 0.106575012207031
0.0171775817871094 0.037200927734375 0.01312255859375 0.0852890014648438
0.000499725341796878 0.049072265625 0.0244674682617188 0.0673942565917969
-0.0205764770507812 0.05487060546875 0.0524368286132813 0.0456085205078125
-0.034759521484375 0.0510826110839844 0.0813827514648438 0.0580520629882812
-0.06683349609375 0.0282859802246094 0.0823974609375 0.0855636596679687
-0.0795974731445313 0.020538330078125 0.113822937011719 0.0813140869140625
-0.113533020019531 0.00060272216796873 0.096282958984375 0.0711593627929688
-0.108154296875 -0.0677947998046875 0.0303802490234375 0.160614013671875
-0.0504150390625 -0.0472602844238281 -0.00672531127929688 0.0356369018554687
-0.0569305419921875 -0.0428466796875 -0.0898361206054688 -0.0157928466796875
-0.0501365661621094 -0.0316658020019531 -0.126899719238281 0.010650634765625
-0.0630683898925781 -0.00808715820312501 -0.128776550292969 0.0360794067382813
-0.0505180358886719 0.0281105041503906 -0.106605529785156 0.093109130859375
-0.0208930969238281 0.0567474365234375 -0.04681396484375 0.114547729492188
-0.0134658813476562 0.0669212341308594 -0.0183563232421875 0.0873794555664063
0.00504302978515626 0.077056884765625 0.00843429565429687 0.0662307739257813
-0.018402099609375 0.0798263549804688 0.0265617370605469 0.0450019836425781
-0.0509719848632813 0.0825653076171875 0.05523681640625 0.0280036926269531
-0.0761871337890625 0.0712356567382813 0.0851287841796875 0.0532608032226563
-0.121505737304688 0.0129928588867187 0.0720977783203125 0.0884170532226563
-0.122840881347656 -0.01263427734375 0.080841064453125 0.0845184326171875
-0.14959716796875 -0.053131103515625 0.0529594421386719 0.0527725219726563
-0.123672485351562 -0.121620178222656 -0.00848388671875001 0.124183654785156
-0.0840072631835938 -0.09979248046875 -0.0384979248046875 0.0107460021972656
-0.11859130859375 -0.0727920532226562 -0.110755920410156 -0.0247650146484375
-0.10504150390625 -0.0295028686523438 -0.134101867675781 0.0110931396484375
-0.106292724609375 0.00994110107421874 -0.119163513183594 0.03253173828125
-0.07623291015625 0.0557327270507813 -0.0869293212890625 0.0760269165039063
-0.0355072021484375 0.0869522094726563 -0.0373153686523438 0.0849075317382813
-0.028961181640625 0.0960464477539062 -0.0176811218261719 0.0570106506347656
-0.00698089599609375 0.104965209960938 0.00591278076171875 0.0358085632324219
-0.0343780517578125 0.0974884033203125 0.0306911468505859 0.0124855041503906
-0.0728302001953125 0.0959701538085938 0.0597381591796875 0.00511169433593751
-0.103874206542969 0.07843017578125 0.08941650390625 0.0418014526367188
-0.157058715820313 -0.0031890869140625 0.0647430419921875 0.086639404296875
-0.147003173828125 -0.04412841796875 0.0436325073242187 0.0847625732421875
-0.16143798828125 -0.0987548828125 0.00052642822265624 0.0243473052978516
-0.120437622070312 -0.153594970703125 -0.0511016845703125 0.0737686157226562
-0.103874206542969 -0.134788513183594 -0.0752029418945312 -0.01983642578125
-0.160308837890625 -0.090423583984375 -0.124168395996094 -0.035980224609375
-0.142135620117188 -0.021331787109375 -0.130645751953125 0.00243377685546874
-0.132598876953125 0.0275955200195312 -0.102378845214844 0.0181655883789062
-0.0889129638671875 0.0764083862304687 -0.0633926391601563 0.0440826416015625
-0.0424270629882813 0.103340148925781 -0.0282363891601563 0.0427169799804688
-0.0404815673828125 0.109992980957031 -0.0154075622558594 0.0177021026611328
-0.02105712890625 0.116462707519531 0.00538492202758789 -0.00198316574096679
-0.0520172119140625 0.0981369018554687 0.0375442504882813 -0.0218734741210937
-0.0915756225585938 0.0900955200195312 0.0673942565917969 -0.0166664123535156
-0.121658325195312 0.0661468505859375 0.0891571044921875 0.032257080078125
-0.169387817382812 -0.0308074951171875 0.0539169311523438 0.0813140869140625
-0.14776611328125 -0.0788726806640625 0.00521087646484374 0.0779266357421875
-0.146377563476563 -0.135986328125 -0.0479583740234375 -0.0137786865234375
-0.0974578857421875 -0.158462524414063 -0.0901336669921875 0.0208892822265625
-0.102569580078125 -0.143722534179687 -0.110099792480469 -0.0473403930664063
-0.168869018554687 -0.0912322998046875 -0.12811279296875 -0.0448150634765625
-0.14910888671875 -0.0109710693359375 -0.117851257324219 -0.0104522705078125
-0.131797790527344 0.0384063720703125 -0.0803146362304688 -0.00325012207031251
-0.0850296020507812 0.0820770263671875 -0.0425605773925781 0.00600051879882813
-0.0429763793945313 0.103302001953125 -0.021026611328125 -0.00346755981445311
-0.0460128784179688 0.106590270996094 -0.0110034942626953 -0.0223941802978516
-0.0337677001953125 0.112632751464844 0.0124931335449219 -0.0415763854980469
-0.063812255859375 0.0850372314453125 0.053070068359375 -0.0538406372070312
-0.0999832153320313 0.0698089599609375 0.0802001953125 -0.03289794921875
-0.125755310058594 0.0403366088867188 0.0892715454101562 0.0235748291015625
-0.158950805664063 -0.061370849609375 0.0425872802734375 0.0709686279296875
-0.12628173828125 -0.109115600585937 -0.0270614624023438 0.0590400695800781
-0.108688354492188 -0.15594482421875 -0.0841903686523438 -0.0607757568359375
-0.0562362670898437 -0.13836669921875 -0.11962890625 -0.0228042602539063
-0.0774688720703125 -0.128128051757813 -0.136054992675781 -0.0650177001953125
-0.140190124511719 -0.0786056518554687 -0.122200012207031 -0.0499038696289062
-0.121864318847656 -0.00480651855468753 -0.101478576660156 -0.0258407592773438
-0.106033325195313 0.03375244140625 -0.0596923828125 -0.0250816345214844
-0.0686073303222656 0.0691719055175781 -0.0277080535888672 -0.0307331085205078
-0.0372772216796875 0.0846786499023438 -0.0175514221191406 -0.0450401306152344
-0.0430068969726562 0.0878982543945313 -0.00471115112304687 -0.058746337890625
-0.037017822265625 0.0935440063476562 0.0238037109375 -0.0774917602539063
-0.063232421875 0.0643081665039063 0.0743484497070313 -0.077606201171875
-0.092681884765625 0.0452346801757812 0.0968475341796875 -0.0425796508789063
-0.112197875976562 0.0162506103515625 0.0901947021484375 0.0148162841796875
-0.131111145019531 -0.0773239135742187 0.0363578796386719 0.0544052124023437
-0.0912322998046875 -0.122222900390625 -0.045379638671875 0.0285301208496094
-0.0585784912109375 -0.1524658203125 -0.101814270019531 -0.109283447265625
-0.0020599365234375 -0.096649169921875 -0.131111145019531 -0.0525054931640625
-0.0341110229492188 -0.0954055786132813 -0.14556884765625 -0.073974609375
-0.080902099609375 -0.059661865234375 -0.108909606933594 -0.0555648803710938
-0.0701370239257813 -0.00749969482421876 -0.0871047973632813 -0.0406951904296875
-0.062744140625 0.0124664306640625 -0.0470504760742188 -0.0420379638671875
-0.0463104248046875 0.0383720397949219 -0.0211944580078125 -0.0558738708496094
-0.0290870666503906 0.0509986877441406 -0.0170822143554688 -0.0749282836914063
-0.0330810546875 0.0565032958984375 0.00198364257812499 -0.0853424072265625
-0.0320968627929688 0.0634346008300781 0.0371856689453125 -0.103782653808594
-0.0465278625488281 0.042572021484375 0.0944976806640625 -0.0938262939453125
-0.0682525634765625 0.0276412963867187 0.111778259277344 -0.0469131469726562
-0.0827102661132813 0.00584411621093749 0.0934371948242188 0.006988525390625
-0.0925521850585937 -0.07183837890625 0.0379600524902344 0.0341911315917969
-0.0507965087890625 -0.111213684082031 -0.04632568359375 -0.004547119140625
-0.0057373046875 -0.123558044433594 -0.0983428955078125 -0.151596069335938
-0.0370864868164063 0.0636177062988281 0.0982666015625 0.163742065429688
0.023040771484375 0.0598068237304688 0.0439949035644531 0.0371475219726563
0.0525970458984375 0.0288848876953125 -0.0495033264160156 -0.0194244384765625
0.0466041564941406 -0.0135269165039063 -0.105934143066406 -0.000968933105468736
0.0297031402587891 -0.0207767486572266 -0.127174377441406 0.0392303466796875
0.0168781280517578 -0.0205039978027344 -0.113075256347656 0.106529235839844
0.017578125 -0.0154209136962891 -0.0419235229492188 0.132766723632813
0.0233860015869141 -0.0127506256103516 -0.00636291503906249 0.109687805175781
0.0260505676269531 -0.00844192504882812 0.0193328857421875 0.0888442993164063
0.01947021484375 0.0105075836181641 0.0268707275390625 0.0775604248046875
0.0155677795410156 0.0180759429931641 0.052459716796875 0.0535888671875
0.0176486968994141 0.0249671936035156 0.0818328857421875 0.05419921875
0.00218582153320313 0.04425048828125 0.0979995727539063 0.0798110961914063
-0.0218887329101563 0.0554275512695313 0.141250610351563 0.075408935546875
-0.0579376220703125 0.0586814880371094 0.131202697753906 0.0726776123046875
-0.0784683227539063 -0.00106811523437501 0.073211669921875 0.172286987304688
-0.0141315460205078 0.00882911682128906 0.0228958129882813 0.0448493957519531
-2.24113464355464E-05 -0.00611209869384766 -0.0676803588867188 -0.011627197265625
-0.000457763671875001 -0.0246505737304688 -0.115684509277344 0.00875091552734373
-0.0174503326416016 -0.0157032012939453 -0.131538391113281 0.0403518676757813
-0.0178890228271484 0.00439071655273437 -0.114570617675781 0.105628967285156
-0.00112342834472656 0.0230064392089844 -0.0452423095703125 0.132072448730469
0.00658798217773438 0.0300312042236328 -0.0108413696289062 0.10675048828125
0.0172042846679688 0.0377540588378906 0.0167617797851563 0.0854415893554688
0.000820159912109378 0.0504531860351563 0.0285530090332031 0.0682716369628906
-0.0205154418945313 0.0561332702636719 0.0545196533203125 0.0457038879394531
-0.0351409912109375 0.052093505859375 0.085357666015625 0.0563583374023438
-0.0674095153808594 0.0286750793457031 0.0870132446289062 0.0855865478515625
-0.07940673828125 0.0212860107421875 0.118156433105469 0.0794601440429688
-0.112838745117188 0.00280761718749999 0.101341247558594 0.0708160400390625
-0.109382629394531 -0.0669403076171875 0.0367889404296875 0.157318115234375
-0.0527801513671875 -0.0489921569824219 -0.00401496887207032 0.0337352752685547
-0.0609970092773438 -0.0426368713378906 -0.0901031494140625 -0.0147857666015625
-0.0544166564941406 -0.0313758850097656 -0.126785278320313 0.0128250122070313
-0.0659599304199219 -0.00622940063476563 -0.129753112792969 0.0392303466796875
-0.0519294738769531 0.0306282043457031 -0.104812622070313 0.0956649780273437
-0.0201263427734375 0.0591659545898438 -0.0431442260742188 0.115493774414062
-0.0114555358886719 0.0689773559570313 -0.0144805908203125 0.0880355834960937
0.00685119628906251 0.0778427124023438 0.0121192932128906 0.0667381286621094
-0.0168075561523438 0.081695556640625 0.02911376953125 0.0450668334960938
-0.0493850708007813 0.0851058959960937 0.0575790405273438 0.0273246765136719
-0.0757522583007813 0.0733261108398438 0.0893478393554688 0.0509567260742188
-0.1231689453125 0.0158538818359375 0.077392578125 0.0885467529296875
-0.123992919921875 -0.010955810546875 0.0853652954101562 0.08380126953125
-0.1512451171875 -0.049896240234375 0.057159423828125 0.0534896850585938
-0.127143859863281 -0.120552062988281 -0.00238037109375002 0.120864868164062
-0.0881881713867187 -0.100761413574219 -0.036956787109375 0.00885772705078124
-0.123275756835937 -0.0705795288085938 -0.11016845703125 -0.0235671997070312
-0.1082763671875 -0.0270462036132812 -0.133514404296875 0.0136871337890625
-0.108299255371094 0.013153076171875 -0.12042236328125 0.0351181030273437
-0.0771865844726563 0.0590972900390625 -0.0859756469726562 0.077362060546875
-0.0334091186523437 0.0892257690429688 -0.0341567993164062 0.0849685668945313
-0.0255813598632812 0.098419189453125 -0.0146369934082031 0.0570182800292969
-0.00374603271484375 0.106765747070313 0.00862884521484375 0.0356521606445313
-0.0325393676757813 0.0997238159179688 0.0317478179931641 0.0115375518798828
-0.0713882446289063 0.100051879882812 0.0615348815917969 0.00295257568359376
-0.102790832519531 0.0825424194335937 0.093719482421875 0.0391387939453125
-0.159683227539063 0.00122070312500002 0.070098876953125 0.0866622924804687
-0.150009155273438 -0.041259765625 0.0485763549804687 0.0847854614257813
-0.166015625 -0.09564208984375 0.00362968444824218 0.0258808135986328
-0.12603759765625 -0.152633666992188 -0.0471038818359375 0.0714874267578125
-0.110191345214844 -0.133224487304688 -0.0746536254882813 -0.0213851928710938
-0.166000366210937 -0.0859832763671875 -0.123992919921875 -0.0345458984375
-0.144866943359375 -0.0174407958984375 -0.130195617675781 0.00539398193359377
-0.13348388671875 0.033203125 -0.103324890136719 0.0193939208984375
-0.0877304077148438 0.0806655883789062 -0.0631599426269531 0.0447921752929687
-0.0401229858398438 0.105857849121094 -0.02655029296875 0.041961669921875
-0.0365371704101563 0.112586975097656 -0.0140914916992188 0.0176124572753906
-0.017913818359375 0.118698120117188 0.00689268112182617 -0.00261449813842773
-0.0501708984375 0.101081848144531 0.0380973815917969 -0.0237541198730469
-0.08978271484375 0.094085693359375 0.0682487487792969 -0.0191650390625
-0.121742248535156 0.0702056884765625 0.09356689453125 0.0290298461914063
-0.172744750976562 -0.025482177734375 0.0586395263671875 0.0821685791015625
-0.151565551757812 -0.07623291015625 0.0093231201171875 0.0786209106445313
-0.153060913085938 -0.132736206054687 -0.0472183227539063 -0.0111083984375
-0.103424072265625 -0.157546997070313 -0.0884857177734375 0.0198135375976563
-0.109344482421875 -0.14190673828125 -0.110939025878906 -0.0470123291015625
-0.1741943359375 -0.086151123046875 -0.128517150878906 -0.0427780151367188
-0.15008544921875 -0.00651550292968748 -0.117881774902344 -0.00825500488281252
-0.131881713867188 0.0427780151367188 -0.0810165405273438 -0.00233459472656248
-0.0837478637695313 0.0860671997070312 -0.0431251525878906 0.00540542602539064
-0.0399322509765625 0.104721069335938 -0.0217914581298828 -0.00502395629882811
-0.0417022705078125 0.109199523925781 -0.0104084014892578 -0.0234794616699219
-0.0298995971679688 0.113639831542969 0.0117950439453125 -0.0426712036132812
-0.062469482421875 0.0874557495117188 0.0522651672363281 -0.056427001953125
-0.09906005859375 0.0728607177734375 0.0811920166015625 -0.0362014770507812
-0.125244140625 0.0441741943359375 0.0931167602539063 0.02044677734375
-0.163192749023438 -0.0555419921875 0.0469589233398437 0.0719223022460938
-0.131614685058594 -0.105941772460938 -0.0235023498535156 0.0605316162109375
-0.11669921875 -0.153915405273437 -0.084930419921875 -0.0570449829101563
-0.0621719360351563 -0.135787963867188 -0.120018005371094 -0.0235977172851563
-0.0837478637695313 -0.126106262207031 -0.138053894042969 -0.0640411376953125
-0.14404296875 -0.0730133056640625 -0.122825622558594 -0.048797607421875
-0.122032165527344 -0.000671386718749976 -0.101699829101563 -0.023651123046875
-0.104881286621094 0.0374679565429687 -0.0606307983398438 -0.0247955322265625
-0.0668869018554688 0.071624755859375 -0.0294036865234375 -0.0322437286376953
-0.0346450805664063 0.0855789184570313 -0.0194129943847656 -0.0464630126953125
-0.0393295288085938 0.08966064453125 -0.00622940063476563 -0.0590476989746094
-0.0336990356445313 0.0947647094726562 0.0223770141601563 -0.0786666870117188
-0.0622673034667969 0.0658950805664063 0.0718994140625 -0.0822219848632813
-0.0918731689453125 0.0478744506835937 0.09759521484375 -0.04669189453125
-0.111488342285156 0.019500732421875 0.09375 0.0127182006835938
-0.134635925292969 -0.0724029541015625 0.0394973754882812 0.0546226501464844
-0.0960235595703125 -0.1192626953125 -0.0435256958007813 0.0312538146972656
-0.0659332275390625 -0.150970458984375 -0.1036376953125 -0.104743957519531
-0.00626373291015626 -0.096221923828125 -0.133705139160156 -0.0524826049804688
-0.0385513305664062 -0.0931854248046875 -0.1483154296875 -0.0717315673828125
-0.0834732055664062 -0.0554656982421875 -0.110847473144531 -0.054840087890625
-0.0698471069335938 -0.00553512573242188 -0.089141845703125 -0.03936767578125
-0.0616226196289063 0.0150718688964844 -0.0487174987792969 -0.0418243408203125
-0.0449371337890625 0.0397109985351563 -0.0234718322753906 -0.0574417114257813
-0.027130126953125 0.0509490966796875 -0.0200653076171875 -0.0760345458984375
-0.0302581787109375 0.0573501586914063 -0.000717163085937511 -0.0855941772460938
-0.0291633605957031 0.0636367797851563 0.0342254638671875 -0.106170654296875
-0.0455513000488281 0.0423812866210938 0.0926132202148438 -0.098114013671875
-0.0664405822753906 0.0294761657714844 0.112663269042969 -0.0506439208984375
-0.0816574096679688 0.00769805908203125 0.0963973999023438 0.0051422119140625
-0.0950851440429688 -0.0680007934570313 0.0404014587402344 0.0351409912109375
-0.054901123046875 -0.108512878417969 -0.0458793640136719 -0.00231170654296876
-0.0110702514648438 -0.122482299804688 -0.102523803710938 -0.148101806640625
-0.0317039489746094 0.0623435974121094 0.106399536132812 0.156036376953125
0.0256538391113281 0.0562019348144531 0.0458717346191406 0.0336036682128906
0.0527687072753906 0.0249214172363281 -0.0507888793945313 -0.0184135437011719
0.04302978515625 -0.0158615112304688 -0.106399536132813 0.00354766845703124
0.0266571044921875 -0.0214710235595703 -0.126396179199219 0.0448379516601562
0.0152873992919922 -0.0197925567626953 -0.108451843261719 0.112174987792969
0.0164651870727539 -0.0151576995849609 -0.0347824096679687 0.134201049804688
0.0220985412597656 -0.0130939483642578 9.91821289062525E-05 0.1094970703125
0.0244255065917969 -0.00893783569335938 0.025360107421875 0.087615966796875
0.0191917419433594 0.0101413726806641 0.031768798828125 0.0769805908203125
0.0149421691894531 0.0182151794433594 0.055633544921875 0.0520057678222656
0.0171394348144531 0.0237960815429687 0.0845108032226563 0.0505828857421875
0.00396728515625 0.04217529296875 0.102149963378906 0.0764617919921875
-0.0191879272460938 0.0546302795410156 0.1446533203125 0.0687408447265625
-0.0524406433105469 0.0596122741699219 0.135627746582031 0.0681991577148438
-0.0763473510742187 -0.000259399414062503 0.08172607421875 0.165176391601562
-0.0143117904663086 0.00718021392822266 0.0258445739746094 0.0413703918457031
-0.00223064422607422 -0.00741481781005859 -0.0683708190917969 -0.00971603393554688
-0.00462913513183593 -0.0250301361083984 -0.114814758300781 0.012451171875
-0.0201492309570312 -0.0142765045166016 -0.130142211914063 0.045684814453125
-0.0185794830322266 0.00628280639648437 -0.109779357910156 0.110748291015625
-0.000175476074218751 0.0238933563232422 -0.0374298095703125 0.133583068847656
0.00761032104492187 0.0311489105224609 -0.0047149658203125 0.106094360351562
0.0185050964355469 0.0380058288574219 0.0225830078125 0.0843887329101562
0.00205612182617188 0.051513671875 0.0333290100097656 0.0675544738769531
-0.0189971923828125 0.0576934814453125 0.0577545166015625 0.0432319641113281
-0.0336456298828125 0.05328369140625 0.0889816284179688 0.051910400390625
-0.0669631958007813 0.0308341979980469 0.092041015625 0.0824508666992188
-0.0783920288085937 0.02313232421875 0.122322082519531 0.0738601684570313
-0.110687255859375 0.00727081298828125 0.106216430664063 0.0673828125
-0.1112060546875 -0.0641555786132813 0.0456085205078125 0.151092529296875
-0.0553016662597656 -0.0482673645019531 -0.00187301635742188 0.0315761566162109
-0.0642738342285156 -0.0408515930175781 -0.0890960693359375 -0.0121688842773438
-0.0579605102539062 -0.0291938781738281 -0.125274658203125 0.0167770385742187
-0.0677108764648438 -0.00230407714843751 -0.128105163574219 0.0439453125
-0.0512809753417969 0.0345001220703125 -0.100715637207031 0.100288391113281
-0.0179862976074219 0.0612411499023438 -0.0360946655273438 0.116226196289063
-0.00785827636718749 0.0699195861816406 -0.00872039794921874 0.0871810913085938
0.0105056762695313 0.0780181884765625 0.017242431640625 0.06549072265625
-0.0134429931640625 0.0830001831054688 0.0333671569824219 0.0439071655273438
-0.0460433959960937 0.0887908935546875 0.0599136352539063 0.025054931640625
-0.0721664428710938 0.0767288208007813 0.0936203002929688 0.04644775390625
-0.123039245605469 0.0223236083984375 0.0833587646484375 0.0859222412109375
-0.124198913574219 -0.00637054443359375 0.090850830078125 0.0793228149414063
-0.152816772460938 -0.0424957275390625 0.0614967346191406 0.0518455505371094
-0.132125854492188 -0.115631103515625 0.00521087646484375 0.116294860839844
-0.0943069458007813 -0.0972976684570312 -0.0351352691650391 0.00771331787109374
-0.127449035644531 -0.0651779174804687 -0.109329223632813 -0.0197906494140625
-0.111076354980469 -0.02264404296875 -0.13104248046875 0.0177688598632812
-0.108879089355469 0.019317626953125 -0.11871337890625 0.0396270751953125
-0.0745849609375 0.0640869140625 -0.0816268920898437 0.0804519653320313
-0.0298919677734375 0.0915451049804688 -0.0296173095703125 0.084564208984375
-0.02020263671875 0.100059509277344 -0.0105781555175781 0.0564956665039063
0.00197601318359376 0.106971740722656 0.0120010375976563 0.0348262786865234
-0.028289794921875 0.101425170898438 0.0332908630371094 0.00993537902832032
-0.0669479370117188 0.104095458984375 0.0632057189941406 0.000125885009765631
-0.098968505859375 0.0871353149414063 0.0976333618164063 0.0342254638671875
-0.160598754882813 0.00976562499999997 0.076263427734375 0.08428955078125
-0.151992797851563 -0.0348968505859375 0.0546646118164063 0.0820388793945313
-0.170867919921875 -0.087188720703125 0.00697135925292968 0.02734375
-0.133224487304688 -0.146881103515625 -0.0418357849121094 0.0688705444335937
-0.1181640625 -0.128524780273437 -0.0738754272460938 -0.02044677734375
-0.170822143554688 -0.0766143798828125 -0.123123168945313 -0.0303878784179688
-0.146316528320313 -0.01043701171875 -0.1278076171875 0.00968933105468753
-0.13165283203125 0.0400924682617188 -0.101516723632813 0.0239715576171875
-0.0847625732421875 0.0847015380859375 -0.0609321594238281 0.0458335876464844
-0.0353164672851562 0.108184814453125 -0.0244140625 0.0408515930175781
-0.0303573608398437 0.114128112792969 -0.0119867324829102 0.0175027847290039
-0.0114593505859375 0.119606018066406 0.00798845291137695 -0.00363540649414062
-0.0453948974609375 0.103599548339844 0.0371780395507813 -0.0259208679199219
-0.0857315063476563 0.0983505249023438 0.0689582824707031 -0.0228958129882812
-0.117568969726563 0.0762557983398438 0.0977325439453125 0.0241165161132813
-0.174896240234375 -0.0160369873046875 0.0646820068359375 0.0802154541015625
-0.155853271484375 -0.0687255859375 0.0154571533203125 0.0784149169921875
-0.16058349609375 -0.1243896484375 -0.0453109741210938 -0.00737762451171876
-0.111831665039062 -0.1522216796875 -0.0863113403320312 0.0197677612304687
-0.117576599121094 -0.1361083984375 -0.111587524414063 -0.0443649291992188
-0.178970336914063 -0.07611083984375 -0.127700805664063 -0.0380783081054688
-0.150115966796875 0.000946044921874994 -0.116462707519531 -0.00398254394531248
-0.129158020019531 0.0505294799804688 -0.0806884765625 0.00074768066406252
-0.0797271728515625 0.0896224975585938 -0.0427627563476563 0.005462646484375
-0.0347671508789063 0.106765747070312 -0.0217971801757813 -0.0054340362548828
-0.03546142578125 0.110580444335938 -0.0111007690429688 -0.0230522155761719
-0.0231857299804688 0.115234375 0.0105400085449219 -0.0434074401855469
-0.0581817626953125 0.0907058715820313 0.0493125915527344 -0.0595130920410156
-0.0954818725585938 0.0777740478515625 0.080352783203125 -0.040618896484375
-0.122711181640625 0.0504608154296875 0.0960235595703125 0.0158615112304688
-0.166229248046875 -0.0462188720703125 0.0523452758789062 0.0703811645507812
-0.136886596679688 -0.0992584228515625 -0.018798828125 0.0616455078125
-0.125274658203125 -0.146270751953125 -0.085540771484375 -0.0511322021484375
-0.069854736328125 -0.1319580078125 -0.119972229003906 -0.021026611328125
-0.091766357421875 -0.120620727539063 -0.140266418457031 -0.0594635009765625
-0.1474609375 -0.0633697509765625 -0.1231689453125 -0.044647216796875
-0.121185302734375 0.00511169433593749 -0.101715087890625 -0.0199966430664062
-0.101608276367187 0.0438995361328125 -0.0618095397949219 -0.0222129821777344
-0.063232421875 0.0746078491210938 -0.0314369201660156 -0.0320377349853516
-0.0298309326171875 0.08660888671875 -0.02264404296875 -0.0466728210449219
-0.033599853515625 0.0907516479492187 -0.00870513916015625 -0.0589752197265625
-0.0282211303710938 0.094757080078125 0.0184249877929687 -0.0798568725585938
-0.0588874816894531 0.0687103271484375 0.0675277709960938 -0.085693359375
-0.0890045166015625 0.0517349243164063 0.0960922241210938 -0.0516586303710938
-0.109138488769531 0.024871826171875 0.0958786010742188 0.00789642333984375
-0.137313842773438 -0.064117431640625 0.0435562133789063 0.0539627075195312
-0.102043151855469 -0.1136474609375 -0.0399398803710938 0.0345039367675781
-0.07489013671875 -0.14605712890625 -0.107109069824219 -0.0978164672851563
-0.0122756958007812 -0.0943603515625 -0.136100769042969 -0.0490036010742188
-0.0439910888671875 -0.0889205932617188 -0.150924682617188 -0.0662841796875
-0.0861282348632812 -0.0487213134765625 -0.112266540527344 -0.0507659912109375
-0.0688209533691406 -0.000900268554687499 -0.0903778076171875 -0.0357284545898438
-0.0598258972167969 0.0189094543457031 -0.0507659912109375 -0.0395660400390625
-0.0416412353515625 0.0411643981933594 -0.0274772644042969 -0.0578460693359375
-0.0237236022949219 0.0509872436523438 -0.0246200561523437 -0.0752410888671875
-0.0264320373535156 0.0580368041992187 -0.00479888916015625 -0.0842971801757813
-0.0249595642089844 0.0634574890136719 0.02886962890625 -0.107002258300781
-0.0431709289550781 0.0439224243164062 0.0865554809570313 -0.102592468261719
-0.0645065307617188 0.0314369201660156 0.111328125 -0.0559005737304687
-0.07928466796875 0.0109176635742187 0.0979385375976562 0.000427246093750001
-0.097198486328125 -0.0607833862304688 0.0431022644042969 0.0344810485839844
-0.0604248046875 -0.103195190429687 -0.0437660217285156 0.00162887573242187
-0.018646240234375 -0.1197509765625 -0.10845947265625 -0.139511108398438
-0.0261573791503906 0.059356689453125 0.111328125 0.1446533203125
0.0281143188476563 0.0513114929199219 0.0464019775390625 0.0288734436035156
0.0515480041503906 0.0207786560058594 -0.0510597229003906 -0.0172233581542969
0.0385017395019531 -0.0173225402832031 -0.104209899902344 0.00697326660156249
0.0235862731933594 -0.0213336944580078 -0.122550964355469 0.0498123168945313
0.0140037536621094 -0.0189495086669922 -0.100967407226563 0.115524291992188
0.015101432800293 -0.0145597457885742 -0.0268707275390625 0.13238525390625
0.0201320648193359 -0.0124950408935547 0.00632476806640626 0.106132507324219
0.02264404296875 -0.00904083251953125 0.0298538208007813 0.0845413208007813
0.0186405181884766 0.00976753234863281 0.0362701416015625 0.0743408203125
0.014739990234375 0.0175857543945313 0.05694580078125 0.048614501953125
0.0167922973632813 0.0216732025146484 0.08563232421875 0.0456390380859375
0.0049285888671875 0.0394325256347656 0.104103088378906 0.0701217651367188
-0.0161819458007813 0.052947998046875 0.14459228515625 0.061065673828125
-0.0456504821777344 0.0595359802246094 0.136428833007813 0.06134033203125
-0.0735702514648438 0.00090789794921876 0.08856201171875 0.153488159179688
-0.0140390396118164 0.00496292114257812 0.027435302734375 0.0371360778808594
-0.00397014617919922 -0.00821495056152344 -0.0666046142578125 -0.00780487060546875
-0.00832366943359375 -0.0241146087646484 -0.111747741699219 0.016265869140625
-0.0219631195068359 -0.0122852325439453 -0.125648498535156 0.05029296875
-0.0186958312988281 0.008453369140625 -0.1019287109375 0.113998413085937
-0.000148773193359375 0.0246868133544922 -0.0298004150390625 0.130577087402344
0.00846290588378906 0.0308246612548828 0.0025634765625 0.102729797363281
0.0194358825683594 0.0368728637695313 0.0278244018554687 0.08056640625
0.00391769409179688 0.0511245727539063 0.037322998046875 0.0650863647460937
-0.0162467956542969 0.0578536987304687 0.0591773986816406 0.0398635864257813
-0.0316047668457031 0.0526542663574219 0.0904083251953125 0.0462722778320313
-0.0645370483398438 0.0324783325195313 0.0953216552734375 0.0766448974609375
-0.0756607055664063 0.0249099731445313 0.1241455078125 0.06658935546875
-0.106277465820313 0.0116043090820312 0.108367919921875 0.0614852905273437
-0.1109619140625 -0.0594558715820313 0.05291748046875 0.1409912109375
-0.0573196411132812 -0.0468101501464844 4.76837158203065E-05 0.0280799865722656
-0.0663566589355469 -0.0374221801757813 -0.0866928100585938 -0.00906372070312502
-0.0601272583007812 -0.0258331298828125 -0.120780944824219 0.0211029052734375
-0.067535400390625 0.00210189819335938 -0.123374938964844 0.0491104125976563
-0.0494194030761719 0.0372085571289063 -0.0929641723632813 0.102622985839844
-0.0149345397949219 0.0618705749511719 -0.0292510986328125 0.113632202148438
-0.00436401367187501 0.0699615478515625 -0.00244140625000001 0.08465576171875
0.0142593383789063 0.0768203735351563 0.021453857421875 0.0620231628417969
-0.00946044921874999 0.082672119140625 0.0360679626464844 0.0415878295898438
-0.0408096313476562 0.0890960693359375 0.0612602233886719 0.021728515625
-0.0682907104492188 0.0784225463867187 0.0954055786132812 0.040069580078125
-0.120323181152344 0.0276260375976563 0.0875625610351562 0.0810317993164063
-0.122016906738281 -0.00144958496093749 0.094024658203125 0.0733261108398438
-0.150741577148437 -0.035125732421875 0.0649223327636718 0.0486640930175781
-0.13525390625 -0.108383178710937 0.011749267578125 0.108879089355469
-0.09832763671875 -0.091400146484375 -0.0335426330566406 0.00690078735351562
-0.1292724609375 -0.0568771362304687 -0.105926513671875 -0.0152740478515625
-0.111289978027344 -0.01678466796875 -0.126716613769531 0.0226211547851563
-0.106704711914062 0.024810791015625 -0.114044189453125 0.04425048828125
-0.0713958740234375 0.0670547485351563 -0.0761642456054687 0.0812911987304688
-0.0247116088867187 0.0919113159179688 -0.0242233276367187 0.0823440551757813
-0.0141754150390625 0.0998153686523438 -0.00627899169921875 0.0547943115234375
0.00748443603515625 0.10540771484375 0.0153369903564453 0.0322246551513672
-0.022857666015625 0.101425170898438 0.0339469909667969 0.00812530517578126
-0.0599517822265625 0.105262756347656 0.0631370544433594 -0.00263977050781249
-0.0929794311523438 0.0898284912109375 0.0988845825195312 0.0277099609375
-0.156951904296875 0.0184173583984375 0.0810623168945312 0.079681396484375
-0.15087890625 -0.0279388427734375 0.0590438842773437 0.0775833129882813
-0.171478271484375 -0.076416015625 0.0102729797363281 0.0277881622314453
-0.137855529785156 -0.137603759765625 -0.0361175537109375 0.0644302368164062
-0.122764587402344 -0.12042236328125 -0.0723114013671875 -0.0185394287109375
-0.171890258789063 -0.066070556640625 -0.119743347167969 -0.0250091552734375
-0.143997192382813 -0.00366210937500002 -0.123176574707031 0.0142745971679688
-0.126853942871094 0.0463333129882812 -0.0978164672851563 0.0274581909179688
-0.0787734985351563 0.088165283203125 -0.0577735900878906 0.0465431213378906
-0.0296859741210938 0.107490539550781 -0.0219650268554688 0.0394668579101563
-0.0229415893554688 0.113372802734375 -0.00998210906982422 0.0167217254638672
-0.00445556640625001 0.117134094238281 0.00952339172363281 -0.00440216064453124
-0.0398941040039063 0.103797912597656 0.0360794067382813 -0.0276451110839844
-0.0789260864257813 0.101081848144531 0.0672950744628906 -0.0259819030761719
-0.111198425292969 0.0800323486328125 0.0984573364257813 0.0176925659179688
-0.1719970703125 -0.00546264648437503 0.0698013305664062 0.0758743286132812
-0.156112670898438 -0.06005859375 0.0208206176757813 0.0761566162109375
-0.163284301757813 -0.112457275390625 -0.0419998168945313 -0.00339508056640626
-0.118545532226562 -0.143051147460938 -0.0822982788085938 0.0187835693359375
-0.123298645019531 -0.126609802246094 -0.11065673828125 -0.0402145385742188
-0.178741455078125 -0.063629150390625 -0.124961853027344 -0.0329055786132812
-0.145950317382813 0.00843811035156249 -0.112556457519531 0.000366210937499979
-0.123466491699219 0.0566635131835937 -0.0784912109375 0.004119873046875
-0.0730056762695313 0.09210205078125 -0.04193115234375 0.00566864013671875
-0.029022216796875 0.105720520019531 -0.0223445892333984 -0.00559616088867186
-0.02789306640625 0.110404968261719 -0.0115470886230469 -0.0227012634277344
-0.0156402587890625 0.112533569335938 0.0092620849609375 -0.0436553955078125
-0.052581787109375 0.0911026000976563 0.0451202392578125 -0.0606727600097656
-0.08941650390625 0.0801773071289063 0.0771484375 -0.0443038940429687
-0.117355346679688 0.0551834106445312 0.0964431762695312 0.0092010498046875
-0.16522216796875 -0.0350799560546875 0.0562171936035156 0.06707763671875
-0.139495849609375 -0.0890274047851562 -0.0133705139160156 0.0622978210449219
-0.130516052246094 -0.135444641113281 -0.0833969116210938 -0.0436935424804688
-0.0758590698242188 -0.124702453613281 -0.117874145507812 -0.0187149047851562
-0.09686279296875 -0.11114501953125 -0.138084411621094 -0.0536270141601563
-0.147415161132813 -0.052825927734375 -0.121482849121094 -0.0390243530273438
-0.117141723632812 0.0113983154296875 -0.0990524291992188 -0.0157623291015625
-0.0965042114257813 0.0482254028320313 -0.0609016418457031 -0.020050048828125
-0.0571746826171875 0.0763397216796875 -0.0330123901367188 -0.0321826934814453
-0.0250625610351563 0.08514404296875 -0.0253677368164062 -0.0452804565429687
-0.0271377563476563 0.0898971557617188 -0.0105323791503906 -0.0573616027832031
-0.0223007202148438 0.0929718017578125 0.0146484375 -0.07861328125
-0.0541725158691406 0.0696640014648438 0.0616531372070312 -0.0875778198242187
-0.0839767456054688 0.054840087890625 0.0922698974609375 -0.0558242797851562
-0.104804992675781 0.0287551879882812 0.096588134765625 0.00247955322265625
-0.136940002441406 -0.0544509887695312 0.0467910766601562 0.0516471862792969
-0.105522155761719 -0.104324340820312 -0.0353584289550781 0.0363502502441406
-0.0819320678710938 -0.137001037597656 -0.107620239257812 -0.0882720947265625
-0.0177993774414063 -0.09033203125 -0.135643005371094 -0.0437393188476563
-0.0484466552734375 -0.082794189453125 -0.150650024414063 -0.0586395263671875
-0.0859146118164063 -0.0414199829101562 -0.112037658691406 -0.045257568359375
-0.0661201477050781 0.00220489501953125 -0.0900802612304688 -0.0313491821289062
-0.0560379028320313 0.0219268798828125 -0.0508155822753906 -0.0368385314941406
-0.0378189086914062 0.0424652099609375 -0.0303382873535156 -0.0562210083007813
-0.0207710266113281 0.0496025085449219 -0.02960205078125 -0.0726547241210938
-0.0216827392578125 0.0567665100097656 -0.0090484619140625 -0.082244873046875
-0.0201873779296875 0.062347412109375 0.0225143432617187 -0.106010437011719
-0.0399703979492187 0.0439949035644531 0.0783615112304688 -0.104515075683594
-0.0604209899902344 0.0333938598632812 0.107009887695313 -0.0610809326171875
-0.0757217407226563 0.0136871337890625 0.0971298217773438 -0.00481414794921875
-0.0968246459960938 -0.0529327392578125 0.0449485778808594 0.0324974060058594
-0.0642013549804688 -0.0956573486328125 -0.0417442321777344 0.00537490844726562
-0.0254898071289063 -0.113746643066406 -0.11077880859375 -0.129196166992188
-0.0226287841796875 0.0556831359863281 0.111968994140625 0.133575439453125
0.0281524658203125 0.0471611022949219 0.0451850891113281 0.0251998901367188
0.0494384765625 0.0172195434570313 -0.0503120422363281 -0.0159797668457031
0.0343761444091797 -0.0171070098876953 -0.101646423339844 0.00871276855468748
0.0209674835205078 -0.0208148956298828 -0.1181640625 0.0519943237304687
0.0128555297851563 -0.0179080963134766 -0.0938949584960937 0.116050720214844
0.0146455764770508 -0.013580322265625 -0.0210723876953125 0.128097534179688
0.0187740325927734 -0.0116081237792969 0.0102386474609375 0.101615905761719
0.0212726593017578 -0.00806808471679688 0.0319442749023438 0.080291748046875
0.0177822113037109 0.00963783264160156 0.0391845703125 0.0715789794921875
0.0140409469604492 0.0169038772583008 0.0573844909667969 0.0451202392578125
0.0154056549072266 0.0199203491210938 0.0839996337890625 0.0417327880859375
0.0050506591796875 0.0363502502441406 0.103431701660156 0.0651702880859375
-0.0137825012207031 0.0500717163085938 0.141525268554688 0.0551605224609375
-0.0404624938964844 0.0571517944335938 0.134559631347656 0.0567474365234375
-0.070159912109375 0.000469207763671877 0.0902862548828125 0.14239501953125
-0.0137939453125 0.0035247802734375 0.0278186798095703 0.0330181121826172
-0.00561428070068359 -0.00879192352294922 -0.0645599365234375 -0.00698852539062499
-0.0110511779785156 -0.0224475860595703 -0.107559204101563 0.01763916015625
-0.0229129791259766 -0.0100936889648437 -0.120933532714844 0.05230712890625
-0.0180301666259766 0.00979804992675781 -0.0947265625 0.113739013671875
0.000923156738281252 0.0248794555664063 -0.0239410400390625 0.12640380859375
0.00919342041015625 0.0306339263916016 0.00665283203125 0.097900390625
0.0198745727539062 0.0357513427734375 0.0303878784179688 0.0763320922851563
0.00538253784179687 0.0499191284179688 0.0398025512695313 0.06201171875
-0.0142745971679687 0.0573387145996094 0.0595016479492188 0.0373306274414063
-0.0294532775878906 0.0520401000976563 0.0897903442382813 0.0416412353515625
-0.06207275390625 0.0331611633300781 0.0960845947265625 0.0720367431640625
-0.0717544555664062 0.0248565673828125 0.122528076171875 0.060791015625
-0.101188659667969 0.01300048828125 0.108268737792969 0.0572052001953125
-0.108833312988281 -0.0559463500976562 0.0561599731445313 0.130607604980469
-0.0572853088378906 -0.0454597473144531 0.00200271606445312 0.0250225067138672
-0.0667953491210938 -0.034576416015625 -0.0831375122070313 -0.00766754150390625
-0.0610122680664063 -0.0229835510253906 -0.115776062011719 0.022491455078125
-0.066680908203125 0.00518417358398438 -0.118705749511719 0.0502471923828125
-0.0479621887207031 0.0386886596679687 -0.0870742797851563 0.101966857910156
-0.0125961303710938 0.0611953735351563 -0.0238265991210938 0.108993530273438
-0.00148773193359376 0.0688095092773438 0.00113677978515624 0.0804443359375
0.0164260864257813 0.07440185546875 0.0245132446289062 0.0584068298339844
-0.00684356689453125 0.0805206298828125 0.0374488830566406 0.0389556884765625
-0.0369644165039062 0.0887451171875 0.0605888366699219 0.0192489624023438
-0.063934326171875 0.0778350830078125 0.09466552734375 0.035125732421875
-0.115463256835938 0.0307083129882812 0.0889053344726562 0.0758743286132813
-0.118331909179688 0.00136566162109376 0.0946502685546875 0.0677413940429688
-0.145843505859375 -0.029815673828125 0.0654106140136718 0.046173095703125
-0.134307861328125 -0.101364135742187 0.0156402587890625 0.100151062011719
-0.0986099243164062 -0.0865631103515625 -0.0306873321533203 0.00488471984863281
-0.127799987792969 -0.0507736206054688 -0.101936340332031 -0.013336181640625
-0.108795166015625 -0.0135116577148437 -0.120193481445313 0.0236587524414062
-0.102920532226563 0.0284194946289063 -0.108840942382813 0.0450973510742187
-0.0672492980957031 0.0677490234375 -0.0709609985351563 0.08013916015625
-0.0212478637695312 0.0903396606445313 -0.0204849243164062 0.0786972045898438
-0.009918212890625 0.097747802734375 -0.00296020507812499 0.0512046813964844
0.01123046875 0.101364135742188 0.0173206329345703 0.0299816131591797
-0.0189285278320312 0.0997848510742188 0.0349006652832031 0.00638580322265626
-0.0549545288085938 0.104888916015625 0.0620002746582031 -0.00468826293945312
-0.0871734619140625 0.0902862548828125 0.098480224609375 0.0229110717773438
-0.151153564453125 0.0239410400390625 0.0833587646484375 0.0751800537109375
-0.147262573242188 -0.0223236083984375 0.0611648559570312 0.07275390625
-0.167694091796875 -0.068359375 0.0134048461914062 0.0272884368896484
-0.139274597167969 -0.128578186035156 -0.0321922302246094 0.0590171813964844
-0.124122619628906 -0.112411499023437 -0.0693511962890625 -0.0185699462890625
-0.168777465820313 -0.05712890625 -0.115242004394531 -0.0223388671875
-0.139358520507813 0.00148773193359376 -0.117393493652344 0.0161666870117187
-0.121559143066406 0.050018310546875 -0.0935897827148438 0.0284423828125
-0.073699951171875 0.0880889892578125 -0.054290771484375 0.0456619262695313
-0.0253829956054688 0.106285095214844 -0.0202560424804688 0.0377616882324219
-0.0175094604492188 0.110633850097656 -0.00796985626220703 0.0153932571411133
-0.000198364257812497 0.113334655761719 0.0106925964355469 -0.00537872314453124
-0.0352020263671875 0.102493286132813 0.0343837738037109 -0.0277805328369141
-0.0731887817382812 0.100868225097656 0.0653419494628906 -0.0275497436523437
-0.105224609375 0.0811233520507812 0.0977630615234375 0.0124359130859375
-0.166717529296875 0.00152587890625 0.072235107421875 0.0713424682617188
-0.153289794921875 -0.05303955078125 0.0244140625 0.0730819702148437
-0.162322998046875 -0.10284423828125 -0.0386161804199219 -0.00063323974609376
-0.120094299316406 -0.133949279785156 -0.078765869140625 0.017425537109375
-0.124259948730469 -0.117301940917969 -0.107185363769531 -0.037506103515625
-0.174560546875 -0.0540771484375 -0.120323181152344 -0.029571533203125
-0.140884399414063 0.0127410888671875 -0.10748291015625 0.00230407714843751
-0.117111206054687 0.0591049194335937 -0.07470703125 0.00572967529296874
-0.067413330078125 0.0921478271484375 -0.040435791015625 0.00526809692382813
-0.0247116088867187 0.103515625 -0.0225028991699219 -0.00598526000976562
-0.02215576171875 0.107315063476563 -0.0108261108398438 -0.022552490234375
-0.0106430053710937 0.108917236328125 0.00857162475585938 -0.04290771484375
-0.0481719970703125 0.0900955200195313 0.042205810546875 -0.0607261657714844
-0.0838623046875 0.0808258056640625 0.0746078491210938 -0.0457229614257812
-0.111190795898438 0.0565643310546875 0.0952682495117187 0.0052032470703125
-0.159957885742188 -0.0271148681640625 0.0589332580566406 0.0636940002441406
-0.137725830078125 -0.08154296875 -0.00887680053710938 0.06103515625
-0.13134765625 -0.125648498535156 -0.0799484252929688 -0.037872314453125
-0.0790252685546875 -0.116943359375 -0.115486145019531 -0.017333984375
-0.098388671875 -0.102783203125 -0.135177612304687 -0.0481414794921875
-0.143722534179688 -0.0441741943359375 -0.117744445800781 -0.0352325439453125
-0.111808776855469 0.0151519775390625 -0.0952301025390625 -0.0133514404296875
-0.090972900390625 0.0507736206054687 -0.0586891174316406 -0.0176315307617188
-0.0522842407226562 0.07568359375 -0.0330638885498047 -0.0312061309814453
-0.021484375 0.08270263671875 -0.0267448425292969 -0.0441665649414062
-0.0222015380859375 0.0876007080078125 -0.0116767883300781 -0.0548667907714844
-0.017242431640625 0.0898208618164063 0.0121994018554687 -0.0768280029296875
-0.05047607421875 0.06854248046875 0.056182861328125 -0.0866012573242188
-0.07940673828125 0.054779052734375 0.0887451171875 -0.057464599609375
-0.0992355346679688 0.0305709838867188 0.0948638916015625 -0.00107574462890625
-0.133773803710937 -0.0462265014648438 0.04852294921875 0.0493392944335938
-0.105430603027344 -0.0960159301757813 -0.0313377380371094 0.0367927551269531
-0.0838165283203125 -0.128303527832031 -0.104469299316406 -0.0797042846679688
-0.0212020874023437 -0.0855941772460938 -0.132766723632813 -0.0404205322265625
-0.05047607421875 -0.0764312744140625 -0.147293090820312 -0.05303955078125
-0.084014892578125 -0.0351104736328125 -0.109046936035156 -0.0414962768554687
-0.0623283386230469 0.00400543212890624 -0.0875701904296875 -0.0280838012695313
-0.0526885986328125 0.0235595703125 -0.0498924255371094 -0.0344009399414063
-0.0344123840332031 0.0420303344726563 -0.0316543579101563 -0.0544090270996094
-0.0185050964355469 0.0478172302246094 -0.0311164855957031 -0.0695571899414063
-0.0182418823242188 0.0546379089355469 -0.0111007690429688 -0.0785903930664063
-0.0165519714355469 0.0598945617675781 0.0186233520507813 -0.102729797363281
-0.0373153686523438 0.0434112548828125 0.0723724365234375 -0.103591918945313
-0.0572319030761719 0.0335578918457031 0.102806091308594 -0.0625228881835938
-0.071807861328125 0.0149078369140625 0.0950164794921875 -0.00728607177734375
-0.0934371948242188 -0.0465545654296875 0.0455513000488281 0.0311431884765625
-0.0646209716796875 -0.0885772705078125 -0.0385932922363281 0.00812911987304687
-0.0290756225585937 -0.107704162597656 -0.109237670898438 -0.119155883789062
-0.0200042724609375 0.0520172119140625 0.110382080078125 0.126022338867188
0.0278091430664062 0.0434608459472656 0.0448417663574219 0.0227127075195313
0.0470161437988281 0.0149459838867188 -0.0497016906738281 -0.0159378051757812
0.0310878753662109 -0.0168647766113281 -0.0991973876953125 0.00924682617187499
0.0187931060791016 -0.0200023651123047 -0.115631103515625 0.0526657104492188
0.0121698379516602 -0.0166921615600586 -0.090240478515625 0.115165710449219
0.0137777328491211 -0.0125627517700195 -0.0177230834960937 0.124595642089844
0.0174827575683594 -0.0112552642822266 0.0119781494140625 0.097900390625
0.0206394195556641 -0.00742530822753906 0.0334548950195313 0.0776290893554688
0.0169572830200195 0.0104579925537109 0.0407257080078125 0.0696640014648438
0.0132999420166016 0.0167713165283203 0.0569877624511719 0.0438003540039062
0.0139846801757813 0.0195522308349609 0.0831832885742187 0.0399856567382813
0.00452041625976562 0.0342826843261719 0.1014404296875 0.0629730224609375
-0.0124282836914062 0.0477523803710938 0.138343811035156 0.051605224609375
-0.0369987487792969 0.0546722412109375 0.132392883300781 0.0545501708984375
-0.0682640075683594 -0.000679016113281253 0.0897293090820312 0.134849548339844
-0.0140905380249023 0.00161075592041015 0.0279521942138672 0.0303916931152344
-0.00715255737304688 -0.0094757080078125 -0.0630760192871094 -0.00712585449218751
-0.0130653381347656 -0.0215301513671875 -0.10467529296875 0.0176315307617187
-0.0235099792480469 -0.00882148742675781 -0.118209838867188 0.0522003173828125
-0.0177745819091797 0.0109844207763672 -0.0909271240234375 0.11273193359375
0.0010528564453125 0.0257034301757813 -0.0207672119140625 0.122901916503906
0.00972366333007813 0.0305252075195313 0.00856781005859376 0.0942611694335938
0.0200386047363281 0.0357704162597656 0.0319061279296875 0.0734329223632813
0.0058441162109375 0.0497283935546875 0.0414619445800781 0.0602149963378906
-0.0136604309082031 0.0568389892578125 0.0597686767578125 0.0355110168457031
-0.0292282104492187 0.0508804321289063 0.0887069702148438 0.0396041870117188
-0.0602989196777344 0.0322380065917969 0.0955047607421875 0.0698089599609375
-0.0698356628417969 0.0245132446289062 0.120979309082031 0.0574493408203125
-0.096649169921875 0.0134811401367187 0.10693359375 0.0551910400390625
-0.106803894042969 -0.0549697875976562 0.0569381713867188 0.122718811035156
-0.0577507019042969 -0.0446357727050781 0.00284767150878906 0.0223922729492188
-0.0672035217285156 -0.0336112976074219 -0.08074951171875 -0.00760650634765627
-0.06109619140625 -0.0216331481933594 -0.111732482910156 0.02227783203125
-0.0660514831542969 0.00633621215820311 -0.115264892578125 0.0499191284179687
-0.0462379455566406 0.039398193359375 -0.083160400390625 0.100349426269531
-0.0113716125488281 0.0613861083984375 -0.0217132568359375 0.105728149414062
0.000175476074218753 0.0678825378417969 0.00308990478515626 0.0771865844726563
0.0177001953125 0.0728225708007813 0.0258407592773438 0.0559234619140625
-0.00545501708984375 0.079803466796875 0.0383796691894531 0.0373573303222656
-0.0348892211914063 0.08740234375 0.0604782104492187 0.0180625915527344
-0.0618743896484375 0.0762939453125 0.0944747924804687 0.0320587158203125
-0.112808227539063 0.0317611694335937 0.0898284912109375 0.0736007690429688
-0.115547180175781 0.0023040771484375 0.0941162109375 0.0647354125976563
-0.141799926757813 -0.0272979736328125 0.0661849975585937 0.0450706481933594
-0.132644653320313 -0.09808349609375 0.0166397094726562 0.0930252075195313
-0.09918212890625 -0.0833206176757812 -0.0289306640625 0.00305175781249999
-0.126312255859375 -0.0478363037109375 -0.09832763671875 -0.0131454467773438
-0.107574462890625 -0.0112838745117187 -0.116119384765625 0.0232620239257812
-0.100379943847656 0.0300979614257813 -0.105743408203125 0.04437255859375
-0.0643768310546875 0.0685882568359375 -0.067657470703125 0.077911376953125
-0.019012451171875 0.0897369384765625 -0.0187225341796875 0.0758209228515625
-0.00746917724609376 0.0959014892578125 -0.00156402587890625 0.0487213134765625
0.0134048461914063 0.0989151000976563 0.01824951171875 0.0279293060302734
-0.01763916015625 0.0976333618164063 0.0349674224853516 0.00605964660644532
-0.0520782470703125 0.103645324707031 0.0619697570800781 -0.00555038452148437
-0.0847930908203125 0.0890350341796875 0.0973358154296875 0.019317626953125
-0.147171020507813 0.0263519287109375 0.0843505859375 0.072174072265625
-0.14373779296875 -0.0203704833984375 0.0623779296875 0.0701560974121094
-0.164108276367188 -0.063751220703125 0.0149517059326172 0.0273036956787109
-0.138893127441406 -0.124031066894531 -0.0303115844726563 0.0546684265136719
-0.123916625976563 -0.107780456542969 -0.0670623779296875 -0.0191268920898438
-0.1658935546875 -0.0519561767578125 -0.110572814941406 -0.0212860107421875
-0.136260986328125 0.00307464599609375 -0.112632751464844 0.0152664184570313
-0.117469787597656 0.0514602661132812 -0.0906448364257813 0.0281448364257813
-0.0709457397460938 0.08795166015625 -0.0521087646484375 0.0439491271972656
-0.0228805541992188 0.10467529296875 -0.0193443298339844 0.0354728698730469
-0.0145492553710938 0.1085205078125 -0.00644683837890625 0.0136880874633789
0.00312042236328125 0.110054016113281 0.0110940933227539 -0.00635623931884765
-0.0331039428710937 0.100456237792969 0.0337295532226563 -0.0278720855712891
-0.0697555541992187 0.100105285644531 0.0644874572753906 -0.0280647277832031
-0.101646423339844 0.0804977416992187 0.0974273681640625 0.00943756103515626
-0.16265869140625 0.00520324707031251 0.0732345581054687 0.0692367553710938
-0.150726318359375 -0.049468994140625 0.0269317626953125 0.0705032348632813
-0.15960693359375 -0.0974578857421875 -0.0355110168457031 0.0011444091796875
-0.120094299316406 -0.128196716308594 -0.0761337280273438 0.0144729614257812
-0.12420654296875 -0.111343383789063 -0.103874206542969 -0.0370635986328125
-0.171371459960938 -0.0473480224609375 -0.116142272949219 -0.0285873413085938
-0.136093139648438 0.014404296875 -0.103469848632813 0.002838134765625
-0.112380981445313 0.0602188110351562 -0.07275390625 0.00548553466796876
-0.0642852783203125 0.0910110473632813 -0.040374755859375 0.00429153442382813
-0.02252197265625 0.101753234863281 -0.0223789215087891 -0.00635337829589843
-0.0191574096679687 0.1048583984375 -0.0102920532226562 -0.0221843719482422
-0.00786590576171875 0.105903625488281 0.00855636596679688 -0.0425453186035156
-0.0459136962890625 0.0887603759765625 0.0402145385742188 -0.0594444274902344
-0.0805740356445312 0.0804519653320313 0.07342529296875 -0.0465850830078125
-0.107551574707031 0.0563278198242188 0.0950393676757812 0.0022125244140625
-0.156280517578125 -0.02264404296875 0.06024169921875 0.0617408752441406
-0.135528564453125 -0.0769271850585938 -0.00592803955078126 0.0598945617675781
-0.129898071289063 -0.119354248046875 -0.0768814086914063 -0.0344085693359375
-0.0798721313476562 -0.112136840820313 -0.112113952636719 -0.018585205078125
-0.0981216430664063 -0.0971755981445312 -0.13189697265625 -0.0469436645507813
-0.139900207519531 -0.0387191772460938 -0.113540649414063 -0.0340499877929688
-0.108078002929688 0.0159835815429687 -0.0919876098632813 -0.0130233764648437
-0.0862808227539062 0.0512771606445313 -0.0572891235351563 -0.0177688598632813
-0.0489273071289063 0.0746002197265625 -0.0334701538085938 -0.0315170288085938
-0.019866943359375 0.0814590454101562 -0.02752685546875 -0.0425491333007812
-0.019439697265625 0.0848236083984375 -0.0117950439453125 -0.0537834167480469
-0.0147247314453125 0.0871124267578125 0.0112380981445312 -0.0752334594726562
-0.0487136840820313 0.0676383972167969 0.053375244140625 -0.0853195190429688
-0.0762481689453125 0.0546493530273438 0.0868759155273437 -0.0580368041992187
-0.0963287353515625 0.03106689453125 0.0938644409179688 -0.0034637451171875
-0.129905700683594 -0.0416717529296875 0.0501060485839844 0.048248291015625
-0.104034423828125 -0.0908279418945313 -0.0282211303710938 0.0371818542480469
-0.0840835571289063 -0.122329711914062 -0.101295471191406 -0.0746383666992188
-0.0226669311523438 -0.0817108154296875 -0.130630493164063 -0.0398025512695312
-0.0504608154296875 -0.0721359252929687 -0.143661499023438 -0.0504150390625
-0.0814132690429688 -0.0312881469726563 -0.106269836425781 -0.0401687622070312
-0.0599517822265625 0.00516510009765625 -0.08489990234375 -0.0270004272460937
-0.04986572265625 0.0243263244628906 -0.0484085083007813 -0.0338134765625
-0.0316963195800781 0.0411453247070312 -0.0326499938964844 -0.0541152954101563
-0.0172691345214844 0.0469703674316406 -0.032318115234375 -0.0673675537109375
-0.0165023803710938 0.0525894165039063 -0.0115432739257812 -0.0766448974609375
-0.0148582458496094 0.0569419860839844 0.01708984375 -0.100128173828125
-0.0359992980957031 0.0421600341796875 0.0685958862304688 -0.10162353515625
-0.0548439025878906 0.0325851440429687 0.0997772216796875 -0.0629196166992188
-0.0685234069824219 0.0148048400878906 0.0941925048828125 -0.00902557373046875
-0.0908584594726563 -0.042938232421875 0.0459938049316406 0.0310325622558594
-0.064178466796875 -0.0832595825195313 -0.0358085632324219 0.00926589965820313
-0.0303878784179688 -0.102752685546875 -0.106452941894531 -0.112236022949219
-0.0192222595214844 0.0494956970214844 0.109611511230469 0.122322082519531
0.0277023315429688 0.0409889221191406 0.0444755554199219 0.0211868286132813
0.0454025268554688 0.0134963989257812 -0.0496444702148438 -0.0164451599121094
0.0295600891113281 -0.0159244537353516 -0.099609375 0.00944519042968749
0.0172691345214844 -0.0195331573486328 -0.115264892578125 0.0543060302734375
0.011683464050293 -0.0158929824829102 -0.0884323120117188 0.116157531738281
0.0135564804077148 -0.0118408203125 -0.0164794921875 0.12310791015625
0.0174999237060547 -0.010645866394043 0.0133895874023437 0.095703125
0.0196399688720703 -0.00669097900390625 0.03436279296875 0.0765380859375
0.0172805786132813 0.0108985900878906 0.0419540405273437 0.0697097778320313
0.0129795074462891 0.0172386169433594 0.0583038330078125 0.0437812805175781
0.0129032135009766 0.0189399719238281 0.08270263671875 0.03948974609375
0.00400543212890625 0.0330772399902344 0.101493835449219 0.0625228881835938
-0.0120162963867188 0.04644775390625 0.137832641601563 0.0508499145507813
-0.0347785949707031 0.0527801513671875 0.132614135742187 0.0546340942382812
-0.0673942565917969 -0.00222778320312501 0.089447021484375 0.129814147949219
-0.0146493911743164 -0.000217437744140623 0.0280113220214844 0.0281543731689453
-0.00889492034912109 -0.00979804992675781 -0.0624198913574219 -0.00743484497070313
-0.0147495269775391 -0.02081298828125 -0.10394287109375 0.0172500610351563
-0.0249042510986328 -0.00799179077148438 -0.117935180664063 0.0533676147460937
-0.0176372528076172 0.0121288299560547 -0.08935546875 0.112838745117188
0.00173187255859375 0.0261287689208984 -0.0191497802734375 0.12115478515625
0.00998497009277344 0.0308723449707031 0.00974273681640625 0.09185791015625
0.0204544067382813 0.0360794067382813 0.0333786010742187 0.07220458984375
0.0059967041015625 0.0499649047851563 0.0431709289550781 0.059326171875
-0.0130577087402344 0.0569953918457031 0.0605201721191406 0.0347404479980469
-0.0296783447265625 0.05108642578125 0.0893478393554688 0.0383148193359375
-0.0602951049804688 0.0324172973632813 0.0966262817382813 0.0692291259765625
-0.0691680908203125 0.02392578125 0.120925903320313 0.0557861328125
-0.0949554443359375 0.0125808715820312 0.107345581054688 0.055328369140625
-0.106758117675781 -0.0549850463867188 0.0567626953125 0.11767578125
-0.0586662292480469 -0.0445747375488281 0.00386619567871094 0.0199069976806641
-0.0686492919921875 -0.0327224731445312 -0.0792160034179688 -0.00817108154296876
-0.0625495910644531 -0.0205612182617188 -0.110603332519531 0.0214309692382813
-0.0664749145507812 0.00814056396484375 -0.114463806152344 0.0503768920898438
-0.0459251403808594 0.0408210754394531 -0.0818557739257812 0.0996017456054688
-0.0109024047851563 0.0616226196289063 -0.020477294921875 0.103988647460938
0.00136566162109376 0.0680427551269531 0.00430297851562499 0.0748214721679688
0.0184707641601563 0.07257080078125 0.0274543762207031 0.0539207458496094
-0.00476837158203126 0.0803451538085938 0.0400581359863281 0.0369606018066406
-0.0335540771484375 0.0879745483398438 0.0616722106933594 0.0175399780273438
-0.0612945556640625 0.0771255493164063 0.0950851440429688 0.0302658081054688
-0.111961364746094 0.0328598022460938 0.0917129516601563 0.0726394653320313
-0.114997863769531 0.00197601318359377 0.0944366455078125 0.06304931640625
-0.140426635742188 -0.0265426635742187 0.067230224609375 0.0448455810546875
-0.133316040039063 -0.0968246459960938 0.0172882080078125 0.088653564453125
-0.0991592407226563 -0.0826034545898438 -0.0285224914550781 0.00102424621582031
-0.126998901367188 -0.0462188720703125 -0.0962142944335938 -0.0135955810546875
-0.107650756835938 -0.0105819702148438 -0.114242553710938 0.0221939086914062
-0.0997314453125 0.0316085815429687 -0.105255126953125 0.0446548461914062
-0.0640335083007813 0.0695762634277344 -0.0665054321289063 0.077362060546875
-0.0176773071289062 0.0901718139648438 -0.0181884765625 0.07415771484375
-0.00545501708984375 0.0955963134765625 -0.000102996826171871 0.0471076965332031
0.014617919921875 0.0986557006835938 0.0195903778076172 0.0261440277099609
-0.0166473388671875 0.0982513427734375 0.0358200073242188 0.00568771362304688
-0.0505752563476563 0.104583740234375 0.0622482299804688 -0.00619125366210937
-0.0832901000976562 0.0894546508789063 0.0982284545898438 0.0173873901367188
-0.146377563476563 0.027557373046875 0.086700439453125 0.0711669921875
-0.143875122070313 -0.0194854736328125 0.063568115234375 0.0688858032226563
-0.163284301757813 -0.0626373291015625 0.0169849395751953 0.0288047790527344
-0.13970947265625 -0.121406555175781 -0.030059814453125 0.0501174926757812
-0.124565124511719 -0.104866027832031 -0.0659065246582031 -0.0207557678222656
-0.165298461914063 -0.0491790771484375 -0.108612060546875 -0.0219192504882813
-0.135574340820313 0.00394439697265623 -0.110252380371094 0.0145797729492188
-0.116348266601563 0.0532073974609375 -0.089447021484375 0.0281143188476563
-0.0694808959960938 0.0887832641601563 -0.0514564514160156 0.0426254272460938
-0.0212478637695313 0.104927062988281 -0.019256591796875 0.0350246429443359
-0.0125732421875 0.108329772949219 -0.00555801391601563 0.0128211975097656
0.00473785400390624 0.109535217285156 0.0118675231933594 -0.00738048553466796
-0.0323028564453125 0.100685119628906 0.0339374542236328 -0.0279407501220703
-0.06793212890625 0.100715637207031 0.0647850036621094 -0.0289230346679687
-0.1007080078125 0.08111572265625 0.0970230102539063 0.00700378417968751
-0.16143798828125 0.0071868896484375 0.0759811401367187 0.0686416625976563
-0.15093994140625 -0.0477752685546875 0.0285415649414062 0.069915771484375
-0.159347534179688 -0.0947723388671875 -0.0334320068359375 0.00245285034179687
-0.12127685546875 -0.125312805175781 -0.0755386352539063 0.0117568969726563
-0.125221252441406 -0.108352661132812 -0.102645874023438 -0.0380477905273438
-0.170166015625 -0.04449462890625 -0.113883972167969 -0.029205322265625
-0.135215759277344 0.015350341796875 -0.101051330566406 0.00202178955078124
-0.110237121582031 0.0622406005859375 -0.0717697143554688 0.0046234130859375
-0.0625381469726562 0.0914382934570313 -0.0401763916015625 0.00301361083984376
-0.020904541015625 0.101676940917969 -0.0225143432617188 -0.00682830810546874
-0.0170059204101563 0.103919982910156 -0.00985145568847656 -0.0228233337402344
-0.006317138671875 0.104644775390625 0.00878143310546874 -0.0432090759277344
-0.0452194213867187 0.0890350341796875 0.039825439453125 -0.0593719482421875
-0.0789718627929688 0.0810546875 0.0734481811523438 -0.0475921630859375
-0.106681823730469 0.0567398071289062 0.0959854125976563 -3.05175781249965E-05
-0.154922485351563 -0.0200958251953125 0.0624656677246094 0.0609817504882813
-0.135787963867188 -0.0751190185546875 -0.00355529785156251 0.0597915649414062
-0.130516052246094 -0.116539001464844 -0.0742568969726563 -0.0325698852539063
-0.0811309814453125 -0.109085083007813 -0.111808776855469 -0.01947021484375
-0.0985565185546875 -0.0938644409179688 -0.13037109375 -0.0472564697265625
-0.138320922851563 -0.0353317260742187 -0.112052917480469 -0.0345611572265625
-0.106498718261719 0.016937255859375 -0.0903778076171875 -0.0131072998046875
-0.0839080810546875 0.0525741577148437 -0.056640625 -0.0182075500488281
-0.0474014282226563 0.0748367309570313 -0.0343570709228516 -0.0322818756103516
-0.018310546875 0.0809783935546875 -0.0286064147949219 -0.042327880859375
-0.017669677734375 0.08392333984375 -0.0119552612304687 -0.0534629821777344
-0.0133209228515625 0.08563232421875 0.0106658935546875 -0.0752410888671875
-0.0479469299316406 0.0674934387207031 0.0523223876953125 -0.0849685668945313
-0.0750274658203125 0.0550765991210938 0.0863113403320313 -0.0593719482421875
-0.0949935913085938 0.0308151245117188 0.0947494506835937 -0.0053558349609375
-0.128585815429688 -0.0396347045898437 0.051727294921875 0.048309326171875
-0.103866577148437 -0.0884933471679688 -0.0257415771484375 0.0381278991699219
-0.085205078125 -0.119148254394531 -0.098663330078125 -0.0720748901367188
-0.0246734619140625 -0.079254150390625 -0.13031005859375 -0.0399627685546875
-0.0508308410644531 -0.0692863464355469 -0.142501831054688 -0.0498199462890625
-0.0799789428710938 -0.0283737182617187 -0.105384826660156 -0.0405731201171875
-0.0586090087890625 0.00551605224609374 -0.0845489501953125 -0.0271224975585938
-0.0475578308105469 0.0246696472167969 -0.0487174987792969 -0.0341796875
-0.0301589965820312 0.0411300659179688 -0.0339851379394531 -0.0545501708984375
-0.0167350769042969 0.0464057922363281 -0.0341072082519531 -0.0661468505859375
-0.0152626037597656 0.0509567260742188 -0.0121307373046875 -0.0752792358398438
-0.0140800476074219 0.0553665161132813 0.015594482421875 -0.0994338989257813
-0.0354385375976563 0.0418357849121094 0.0670242309570313 -0.101348876953125
-0.0540580749511719 0.032196044921875 0.0996246337890625 -0.0643539428710938
-0.0679435729980469 0.0142097473144531 0.0940933227539063 -0.0099334716796875
-0.0891494750976563 -0.0407638549804688 0.0474472045898437 0.0315361022949219
-0.063507080078125 -0.0804672241210938 -0.0337333679199219 0.0103969573974609
-0.0316696166992187 -0.100334167480469 -0.105216979980469 -0.109085083007812
-0.0185127258300781 0.0483322143554688 0.112686157226563 0.119003295898438
0.0281143188476563 0.0389900207519531 0.0455856323242188 0.0186691284179688
0.0448760986328125 0.0117416381835938 -0.0514755249023437 -0.0162696838378906
0.0275230407714844 -0.0155925750732422 -0.100578308105469 0.0107192993164063
0.0162601470947266 -0.0192298889160156 -0.116127014160156 0.05792236328125
0.0115070343017578 -0.0153417587280273 -0.086181640625 0.120361328125
0.0133285522460938 -0.0116977691650391 -0.0133895874023438 0.123825073242188
0.0169773101806641 -0.0106573104858398 0.01580810546875 0.0957489013671875
0.0199317932128906 -0.00656318664550781 0.0369415283203125 0.0767593383789063
0.0173969268798828 0.0112495422363281 0.0453300476074219 0.0696029663085938
0.0134716033935547 0.01763916015625 0.0601387023925781 0.0429458618164063
0.01220703125 0.0194015502929687 0.0849380493164063 0.0388259887695313
0.00371932983398438 0.0325374603271484 0.103752136230469 0.061798095703125
-0.0109367370605469 0.04595947265625 0.139877319335938 0.0480270385742188
-0.0332603454589844 0.0521392822265625 0.135719299316406 0.0538406372070313
-0.0685768127441406 -0.00297164916992187 0.092254638671875 0.126007080078125
-0.0157909393310547 -0.0013265609741211 0.0293655395507812 0.0261650085449219
-0.0102405548095703 -0.0103092193603516 -0.0631294250488281 -0.00756835937499999
-0.01715087890625 -0.0201148986816406 -0.105049133300781 0.0187835693359375
-0.0262470245361328 -0.00676727294921875 -0.118331909179688 0.0562362670898438
-0.0181484222412109 0.0134353637695313 -0.0874481201171875 0.116142272949219
0.00218772888183594 0.0274391174316406 -0.016754150390625 0.121589660644531
0.0105075836181641 0.0315151214599609 0.0122222900390625 0.0912094116210938
0.0213546752929688 0.0362358093261719 0.035888671875 0.0709686279296875
0.00756454467773437 0.050811767578125 0.0461692810058594 0.0590782165527344
-0.0118370056152344 0.0586166381835938 0.0625076293945313 0.0339088439941406
-0.0296592712402344 0.0521888732910156 0.0918731689453125 0.036590576171875
-0.0610427856445313 0.0341072082519531 0.099945068359375 0.0680618286132812
-0.0693855285644531 0.024200439453125 0.123313903808594 0.0540084838867188
-0.0946807861328125 0.0132369995117187 0.110702514648437 0.0547103881835937
-0.109588623046875 -0.0542755126953125 0.0600433349609375 0.114448547363281
-0.060943603515625 -0.0452461242675781 0.00424575805664062 0.0176010131835937
-0.0710678100585937 -0.03155517578125 -0.0796432495117188 -0.00798797607421876
-0.0650978088378906 -0.0196037292480469 -0.110664367675781 0.0226821899414063
-0.0681610107421875 0.0104255676269531 -0.115715026855469 0.0528640747070312
-0.0458602905273438 0.0432395935058594 -0.080047607421875 0.10198974609375
-0.00916671752929687 0.0638580322265625 -0.0179672241210938 0.10455322265625
0.00314331054687501 0.0691719055175781 0.00673675537109374 0.0736236572265625
0.0207748413085938 0.073516845703125 0.0300941467285156 0.0528411865234375
-0.00347137451171875 0.081787109375 0.0423011779785156 0.0362434387207031
-0.0315780639648438 0.0901641845703125 0.0636405944824219 0.0162773132324219
-0.0612335205078125 0.079254150390625 0.0971221923828125 0.0282821655273438
-0.112991333007812 0.0357666015625 0.09588623046875 0.0716400146484375
-0.116600036621094 0.00355529785156252 0.0977020263671875 0.0615005493164063
-0.141952514648438 -0.024688720703125 0.070556640625 0.045074462890625
-0.137603759765625 -0.0948944091796875 0.0186996459960937 0.0855255126953125
-0.102874755859375 -0.08111572265625 -0.0280513763427734 -0.000667572021484384
-0.12969970703125 -0.0425033569335937 -0.0961990356445313 -0.0135116577148438
-0.110404968261719 -0.00785827636718748 -0.113655090332031 0.0236968994140625
-0.100692749023438 0.03546142578125 -0.105422973632813 0.0469207763671875
-0.063018798828125 0.0728912353515625 -0.06549072265625 0.0787277221679688
-0.0159759521484375 0.092132568359375 -0.0167388916015625 0.0745162963867188
-0.00282287597656249 0.0966873168945313 0.00138092041015625 0.0460472106933594
0.0173797607421875 0.0991058349609375 0.0210552215576172 0.0246944427490234
-0.0145187377929687 0.10009765625 0.0372085571289062 0.00501632690429688
-0.0481185913085938 0.1072998046875 0.0638923645019531 -0.00814056396484374
-0.0830535888671875 0.0925979614257813 0.100456237792969 0.014190673828125
-0.147323608398438 0.0317535400390625 0.0910568237304687 0.070404052734375
-0.146011352539063 -0.017425537109375 0.0667190551757812 0.068145751953125
-0.166229248046875 -0.0595855712890625 0.0188179016113281 0.0293045043945312
-0.144363403320313 -0.119430541992188 -0.0295219421386719 0.0477714538574219
-0.128768920898437 -0.102340698242188 -0.0663070678710938 -0.0221939086914063
-0.168136596679688 -0.0449676513671875 -0.10845947265625 -0.0215530395507813
-0.137557983398438 0.00712585449218748 -0.110061645507813 0.0152130126953125
-0.115921020507812 0.0567626953125 -0.090301513671875 0.0297088623046875
-0.0680160522460938 0.0914840698242187 -0.051544189453125 0.0428810119628906
-0.0187759399414063 0.106742858886719 -0.0190773010253906 0.0348930358886719
-0.00924682617187501 0.109725952148438 -0.00539016723632812 0.0115127563476563
0.00798797607421874 0.110466003417969 0.0125398635864258 -0.00893402099609374
-0.0306930541992188 0.102989196777344 0.0346565246582031 -0.0287284851074219
-0.0663528442382813 0.103691101074219 0.0660820007324219 -0.0314788818359375
-0.10009765625 0.0838623046875 0.0995025634765625 0.00365447998046876
-0.162628173828125 0.0121612548828125 0.0801544189453125 0.0678558349609375
-0.153656005859375 -0.045074462890625 0.0316276550292969 0.0697975158691406
-0.1636962890625 -0.0919036865234375 -0.0319023132324219 0.00427055358886719
-0.126739501953125 -0.123001098632813 -0.076416015625 0.0102005004882813
-0.128959655761719 -0.104721069335938 -0.103904724121094 -0.0381240844726563
-0.172012329101562 -0.0390777587890625 -0.114494323730469 -0.0283432006835938
-0.136062622070313 0.0179214477539063 -0.101387023925781 0.0020751953125
-0.109016418457031 0.0655059814453125 -0.0725173950195313 0.00528717041015626
-0.06072998046875 0.0941696166992187 -0.0406684875488281 0.00258636474609375
-0.0181732177734375 0.10357666015625 -0.0234146118164063 -0.00655174255371093
-0.0138931274414062 0.105125427246094 -0.0100612640380859 -0.0234699249267578
-0.00372314453125001 0.105270385742188 0.00829696655273437 -0.0442428588867188
-0.04400634765625 0.0912322998046875 0.0393867492675781 -0.061065673828125
-0.0776748657226563 0.0837249755859375 0.0736083984375 -0.0506134033203125
-0.106796264648438 0.0592193603515625 0.0978469848632813 -0.003204345703125
-0.156204223632813 -0.0158843994140625 0.0664138793945312 0.0602874755859375
-0.13885498046875 -0.0720443725585937 -0.000808715820312511 0.0605735778808594
-0.135169982910156 -0.114425659179687 -0.0737457275390625 -0.0299758911132812
-0.0855636596679688 -0.107215881347656 -0.113426208496094 -0.0197601318359375
-0.101348876953125 -0.0904006958007812 -0.132057189941406 -0.0464553833007812
-0.139739990234375 -0.0308990478515625 -0.11260986328125 -0.0344467163085938
-0.106193542480469 0.0191192626953125 -0.0909881591796875 -0.0126113891601563
-0.0818557739257812 0.054656982421875 -0.0576858520507813 -0.0182037353515625
-0.0453567504882813 0.0761489868164063 -0.0362739562988281 -0.033203125
-0.0160675048828125 0.08233642578125 -0.0302925109863281 -0.0423622131347656
-0.01519775390625 0.0842971801757813 -0.01318359375 -0.0541877746582031
-0.0111160278320313 0.0856781005859375 0.00959014892578124 -0.0760650634765625
-0.0468482971191406 0.06939697265625 0.05120849609375 -0.0865478515625
-0.0746917724609375 0.0574188232421875 0.0863418579101563 -0.0620880126953125
-0.0958404541015625 0.0323486328125 0.09576416015625 -0.00827789306640625
-0.129615783691406 -0.0359649658203125 0.0546379089355469 0.0481605529785156
-0.106910705566406 -0.0861434936523438 -0.0234603881835938 0.0392532348632812
-0.0891036987304688 -0.117904663085938 -0.099517822265625 -0.0695419311523438
-0.0274429321289063 -0.0782699584960938 -0.132774353027344 -0.0401229858398438
-0.0525054931640625 -0.0666923522949219 -0.14422607421875 -0.048614501953125
-0.0801010131835938 -0.025115966796875 -0.1065673828125 -0.0400772094726562
-0.0580635070800781 0.0068817138671875 -0.08544921875 -0.0263900756835937
-0.0466575622558594 0.0263137817382813 -0.0498924255371094 -0.034576416015625
-0.0286369323730469 0.0417022705078125 -0.03643798828125 -0.0551300048828125
-0.0157814025878906 0.046875 -0.0365676879882813 -0.065643310546875
-0.0138282775878906 0.0514411926269531 -0.0135955810546875 -0.075897216796875
-0.0123443603515625 0.0553398132324219 0.0138626098632812 -0.0999984741210938
-0.0350914001464844 0.0427513122558594 0.0653915405273438 -0.103553771972656
-0.053955078125 0.0339508056640625 0.099884033203125 -0.0677490234375
-0.06768798828125 0.0144844055175781 0.0955352783203125 -0.0126571655273438
-0.0898361206054688 -0.0381393432617188 0.0496902465820312 0.0322647094726563
-0.06561279296875 -0.0787734985351562 -0.0322856903076172 0.0120658874511719
-0.0349960327148438 -0.0989913940429687 -0.107200622558594 -0.106147766113281
0.0322719811941296 -0.021060433777877 -0.0406740938747771 0.154904995046478
0.00823961405732128 -0.0459254624489556 -0.00326066525032609 0.0501639717144234
-0.0106966918696813 -0.0426174460996834 -0.0193287671332394 -0.0492053203642412
-0.0226850935085047 -0.0146616215968794 -0.0598972457419661 -0.0773446996249842
-0.0140523437623968 -0.00486091797190977 -0.117408391190729 -0.0710166581560795
-0.0076036976310324 -0.00978635322437029 -0.145336627099454 -0.0198724073661706
-0.015822593298553 -0.0130570112397851 -0.121221115201029 0.0337309900039076
-0.0197337854036035 -0.0116562217109794 -0.0833279235029609 0.0620409208024151
-0.0173097003805691 -0.0194803202898567 -0.0566225048451366 0.0689672913493356
-0.00557936045029507 -0.0248766751226724 -0.039953851568155 0.0728151527106249
0.00201823022265627 -0.0240895224125453 -0.0133309274552163 0.0761640129896441
0.00566761555685379 -0.0237638925528154 0.00246859950204793 0.096534100409867
0.0134593823230423 -0.0313093960587723 0.00384776416128489 0.117684403516188
0.032939495595947 -0.0217145305161069 0.0259222995621578 0.138821360537864
0.0478246968112524 -0.00191901718801019 0.0414008064241913 0.130954622559583
0.0204962550375812 0.0448853538639916 -0.0471081131292289 0.139361032545733
0.00547134537825984 0.0136419204724008 -0.005710462806601 0.0368182673309555
0.00447126176471779 0.0152429042856907 -0.0224898988996875 -0.0652071441113797
0.00540869325862542 0.0266283618202339 -0.0617709264011084 -0.0884369367340458
0.0275124115971653 0.0169914855252759 -0.11779149811276 -0.0817151511693724
0.033085475073384 -0.00539839330297402 -0.143765642744997 -0.0287786418120899
0.0248415652654291 -0.0243034348660983 -0.123094286286559 0.0239342773796741
0.0146174290139774 -0.0344443629793648 -0.084410831419725 0.0544699894585094
0.0179629897998977 -0.0454985388603684 -0.0545862757288276 0.0621659161484806
0.0319735427743681 -0.0414472294051408 -0.0330063961219076 0.0630851145208959
0.0486415893962172 -0.0334861424620379 -0.00491817085658737 0.0677695389039934
0.0586114924834043 -0.00893914542292495 0.0102955005393358 0.0928779379697398
0.0607584885112176 0.009821849784537 0.00149844987998037 0.113604278088633
0.0522655894658706 0.034945061330711 0.0206720126210345 0.126934397120027
0.049838008293777 0.0643500317752483 0.0331713368034416 0.116325383452628
0.00480488926889544 0.105803602503712 -0.0450727454913328 0.103353146838901
0.000970683003279751 0.0783309858594828 0.00287426856178748 0.00849254791467014
0.0242826624205813 0.0774211508902541 -0.0181536407120735 -0.0916920011952809
0.0401715126872098 0.0670516203766011 -0.0618464477842961 -0.103638937449992
0.0692838057825792 0.0344768182763897 -0.114153255135191 -0.0873039476652674
0.0726096451099805 -0.00178981857393161 -0.13028360058842 -0.0345859446934054
0.0631332405697758 -0.0325834801177553 -0.109027229351497 0.0102165140355177
0.0469357687900442 -0.0518522136392638 -0.0725098305004069 0.0379709331263725
0.0501660168126304 -0.0652454553740054 -0.04329026369544 0.0451598836266484
0.0632137664940698 -0.0519014762293255 -0.0169562397366422 0.044539858272968
0.0846629178650981 -0.0394093618966243 0.0116342834751575 0.0551188454025871
0.100966798928626 0.00176466691936792 0.0227816953135581 0.0869365750631138
0.0998059465785299 0.0424726191310797 0.000206101161541975 0.108516469296409
0.066365553492067 0.0816601853476558 0.00762377988358227 0.108842252338756
0.0464554421074204 0.119236489134264 0.0219500872006376 0.0840214953727517
-0.00671678301993646 0.152527600461519 -0.0356309788221185 0.0526617807290343
0.00317267275044056 0.135546584945225 0.0155431866031959 -0.033147640737581
0.0515429926268235 0.1319018593792 -0.01312690821753 -0.122345456953369
0.081725101353508 0.0975052291118939 -0.060937530882255 -0.119004202593612
0.110385574883112 0.0406860083224143 -0.104949062070969 -0.0875927693783136
0.103777341655162 -0.00524437475049407 -0.105242752336334 -0.0368048845585398
0.091584681452965 -0.0405456481670071 -0.0826521520267894 -0.00291988840297247
0.0708103994729741 -0.0633043852606244 -0.0502249953481367 0.0186142168649675
0.073575310685241 -0.075546159623557 -0.0223993910533233 0.0229424376263567
0.0858385064302464 -0.0531285214941348 0.00690859731354504 0.0216073056752775
0.108280836260938 -0.0378288381679052 0.0352109203638 0.0398893168375309
0.125428650724183 0.0130228539168019 0.0385948991487972 0.0791897884411643
0.122216545232556 0.0675456353970474 0.00151982365109065 0.101644154744208
0.0704002542003139 0.116084171100477 -0.00880185293069512 0.0865511425494987
0.0349748081872813 0.155905236919554 0.00617175805326567 0.039408412843228
-0.0159578871827695 0.173705000508352 -0.02713909464657 -0.0084141312750802
0.00723891865638754 0.171003833582053 0.0232892858093023 -0.0807775139107637
0.0742632675470124 0.164356037904023 -0.00738942014434189 -0.146711468048359
0.112717714414186 0.110656372657414 -0.0524196227299239 -0.128207086022669
0.135064506096306 0.0376672863334984 -0.0825980217431074 -0.086298438553205
0.119425859538674 -0.0101552968238264 -0.0691434872457247 -0.0432894943278602
0.105984265758052 -0.0434914609620129 -0.0471593436573351 -0.0213475281079272
0.0846132932182585 -0.0650833547457392 -0.0215387142361625 -0.00573348849973419
0.0883432599028409 -0.0706403616018027 0.00523792790336469 -0.000911935033311274
0.0990787882667829 -0.0410986254239365 0.0357561980190087 0.0010402145315512
0.117417657377074 -0.0219130365701387 0.0597364300036192 0.0286742008900406
0.128710914451452 0.0333685372577031 0.050890053673435 0.0721727741097212
0.120941246341778 0.0924982000414655 0.000552098280911977 0.0913653407601352
0.0562455074746196 0.138003954967572 -0.0252836622747147 0.0602620799836732
0.0120720739555873 0.170771352805636 -0.00470679113873766 -0.0106932401962339
-0.0219197216273516 0.164261690934069 -0.0230751889466084 -0.0666925676670913
0.0095773984768179 0.172619941197812 0.0192493814679278 -0.123560981964931
0.0815736752584157 0.164470547367213 -0.00538103312972557 -0.157482818636463
0.120556181916638 0.102350900857909 -0.0392921672723205 -0.12770867152246
0.134017139532966 0.0283276301333697 -0.0513543358560239 -0.0820546168210542
0.114213602855022 -0.0128887480675759 -0.0291463054292397 -0.0512669050371569
0.102440134153976 -0.0393128828107606 -0.00989072691351349 -0.0402066158462286
0.0849156832726474 -0.0560377052383055 0.0101999241207074 -0.027286425988124
0.0897712497698769 -0.0557823900173991 0.0371731746498766 -0.0199147172683653
0.0989964523539398 -0.0206045082685103 0.0674856525335769 -0.00978601888540258
0.110623935213871 0.0012949969365286 0.0843209775118571 0.0274217753210384
0.111592861547106 0.0549793155403383 0.0591746141224474 0.0691892932186393
0.0984943094506874 0.108541754873267 -9.43062240676132E-05 0.079074818146475
0.0291424772639608 0.143474952968493 -0.0336538561641904 0.0314225060880061
-0.0162653544248056 0.160991717120325 -0.00660400963864019 -0.0607414305762469
-0.0262259468720284 0.12579417687692 -0.0241036520203605 -0.111669524935082
0.00700488754921501 0.140279462202718 0.00695420340336186 -0.151422256976996
0.068834203471076 0.132019927212717 -0.00506185771427759 -0.152080353823004
0.099058911171894 0.0767443497965432 -0.0249725035024433 -0.118543756717139
0.105817742485283 0.019463061353542 -0.021031127316441 -0.0776091558859346
0.0891608581572365 -0.00993599050920577 0.00548625889577298 -0.0594522107184454
0.0829779737603703 -0.0272226641473936 0.0223264659993449 -0.0564558845519232
0.0713943445199184 -0.0395556437152156 0.0393252727272388 -0.0439147047417248
0.0770431456277214 -0.035197999978237 0.0690480588364396 -0.0311830048765314
0.0834522022025857 -0.00258099799557021 0.0967719738475243 -0.010040728327631
0.0877715019960897 0.0179761363574474 0.104014838193358 0.0361639350137906
0.0810247212867419 0.0623110623425907 0.0649239153124463 0.0704061923808423
0.0660698569123981 0.106694243139433 0.00328610604430267 0.0665140974263153
0.00120684057171435 0.127509035749386 -0.0299603159920633 0.00407497499201744
-0.0399102290320229 0.128939930991801 0.00306624390215624 -0.102697187437011
-0.0312241846907798 0.0654181892302134 -0.0278862922319987 -0.13367668495413
-0.00428388448424631 0.0850620208166256 -0.0079756921014518 -0.159693796066781
0.0376582300417303 0.0804710084484742 -0.0043667863183348 -0.137198846563618
0.0536963041221315 0.0456162270739522 -0.012948191537224 -0.106387320224825
0.057878396878712 0.0164599054534177 0.00161721546214233 -0.0742142124310542
0.052207100256883 0.00152538679619712 0.0291181955622097 -0.0654748109775988
0.0516984572027928 -0.00743974317998043 0.0458772458374716 -0.0662117946695429
0.0468104361840916 -0.017510180809869 0.0622507199196489 -0.0524429503020131
0.0508295415195203 -0.0144373888936684 0.0951221260604265 -0.0342112622570816
0.0542600143172415 0.00628930346208115 0.118618052678562 -0.00171066519760448
0.0556719750649643 0.0195270427548309 0.115363163292828 0.0501578190570804
0.0487416706131147 0.0494894810004766 0.0666685183605527 0.0731872910150236
0.035906129351607 0.0823648887796017 0.0107143713187447 0.0557389077679326
-0.017167152646879 0.0936276383528403 -0.0156261965551812 -0.0157345072995672
-0.0517386298007 0.0791663097603799 0.0208692943437648 -0.132623612838511
0.0302538439455582 -0.0216023777194823 -0.0309396697992785 0.153929132346494
0.00576878181627594 -0.0446581058849102 0.00129268739816698 0.0487272787295572
-0.0124905186461626 -0.0404171662738588 -0.0211822491525897 -0.0485434033647102
-0.0215120046950513 -0.0129174317016625 -0.0637943784680745 -0.0748337901990279
-0.0127700647598981 -0.00366722533597273 -0.120996072720307 -0.064125154152247
-0.0077465483342823 -0.0100975287154201 -0.145207543185849 -0.010490752354582
-0.0161736788455826 -0.0128247595071621 -0.118080380492408 0.0403451487162872
-0.0191370465086645 -0.0107808722780746 -0.0785524263707085 0.0653889238560459
-0.0179534392541877 -0.0183831357040657 -0.0520139849049616 0.0721988946957872
-0.00649564849395194 -0.0245266426624492 -0.0351294705942065 0.0750809319061329
0.00125527049768909 -0.0242451118277053 -0.00945859431921113 0.076476830431521
0.00434049648830096 -0.0235228829568297 0.00781218654853403 0.0960985142050157
0.0115563882200137 -0.030656197909803 0.0100508292062996 0.117174405186533
0.0309094828136171 -0.0219460250627129 0.0323686307269362 0.13591654837456
0.0456752568858942 -0.00407849236612219 0.0478101876621069 0.129371449691299
0.0222192334396146 0.0446073343987651 -0.037359374059669 0.138629020071289
0.00561149806510978 0.0151137660097137 -0.00190585064165148 0.0357274143185226
0.00620370827344716 0.0167212981913671 -0.0243361604373393 -0.0643802773672437
0.00838710202286504 0.0269285993030505 -0.0648198057391691 -0.0856277924416349
0.0292575765667885 0.0150073475794832 -0.122173178947863 -0.0744145685286906
0.0339233848165243 -0.00785480475580134 -0.144640912664056 -0.0200928375196819
0.0240843330742528 -0.0260994259334694 -0.119693563980803 0.0301891357652094
0.012901343299419 -0.0350468464829439 -0.0792461581509995 0.0577763341953617
0.0154716395487958 -0.0470961512738337 -0.0503329271661376 0.0650288579576356
0.0298894783202203 -0.0433855705732857 -0.0285136876331005 0.0650353187573252
0.0463858955584827 -0.0360656727743366 -0.00109160407063583 0.0682828093045823
0.0591194601718316 -0.0119904632575456 0.0153481514046431 0.0917023262763535
0.0615656293312225 0.00678307787902399 0.00796756938627471 0.11364958477357
0.0534504087422358 0.0329853990422841 0.0268550912222365 0.124522911678434
0.0519237886161745 0.0618145321877829 0.038875144142395 0.115285196873909
0.0102122055807349 0.106260770162256 -0.0365286457396729 0.103230849165451
0.00535720589383958 0.0793030496455378 0.00559835163636374 0.00679823969202521
0.0291451862708764 0.076168051771211 -0.0220486197540267 -0.0905949178028921
0.0449232035916971 0.0656337335585614 -0.0653948891028434 -0.0999953896634597
0.0722240234601244 0.0304078502970787 -0.118461928756466 -0.0807555283984209
0.0732762431086463 -0.00614304568890466 -0.130522471078118 -0.0274379349271303
0.0614448150182516 -0.0366047287675779 -0.106414078390649 0.0162668647532331
0.0435431556479794 -0.0546951204011303 -0.0684588353818558 0.0413347197204471
0.0455006636796629 -0.0681285825039674 -0.0390444297107604 0.0474074968092024
0.0608635104237166 -0.0555461849660121 -0.0134588605726254 0.045728226447157
0.0822199623402985 -0.0447290540817317 0.0151733232205066 0.054442973238236
0.100984949475592 -0.0036399226760641 0.028159431472815 0.0851774806470106
0.101836743484038 0.0365496850024353 0.00719395931902246 0.109061768093766
0.0701946639051449 0.0787039903138557 0.013991656406515 0.1081551141242
0.052145324776817 0.116416644786575 0.0260858851310776 0.0837124125937787
0.00237844415568923 0.152415108903969 -0.0302758426082321 0.0513948395571299
0.0105340706911178 0.135287096346711 0.0159385009782005 -0.034603639346645
0.0593273320750336 0.127761183148402 -0.0182024133170716 -0.120517125529334
0.0874672844082022 0.0937563332128472 -0.0651941693359496 -0.11516380835113
0.112324853438689 0.0337651762573852 -0.108609701209447 -0.0804699071663273
0.1036281471246 -0.010804088253338 -0.10614176031672 -0.0318592162113093
0.0894018041576116 -0.0462166243249283 -0.0814245536109751 0.00134026069297203
0.0663630261288679 -0.067701869684357 -0.048015597247737 0.0202425446449223
0.0683351632245746 -0.0793711097425665 -0.0193418131599366 0.0242415889796998
0.0828782723615469 -0.0581806960857412 0.00886664091319624 0.0218733289499969
0.105242553146253 -0.044420477499291 0.0373513254024416 0.037922726750586
0.126018226836206 0.00633961543294929 0.0437612359011966 0.0764357247425285
0.125669000518333 0.0598801154158447 0.00884991304575681 0.102028588431035
0.0759716894744278 0.111988066803679 -0.00311310216466127 0.0873795463623622
0.043309281916806 0.153368487654489 0.00882909566461773 0.0405436102744179
-0.00545484973093186 0.174205412558397 -0.0251506301785103 -0.00913499821296356
0.0178238653932462 0.169239352865827 0.0202067189949818 -0.0825030598474821
0.0832441662320051 0.158399791359169 -0.0136254856440942 -0.145103481013649
0.118915566901076 0.104399698432913 -0.0569559374195967 -0.125053605962936
0.136562101557067 0.0290702567895745 -0.0864265608533169 -0.080775732990385
0.118453190471547 -0.0169617113446594 -0.0710245434161931 -0.0397862989022608
0.102709257820251 -0.0497825555427349 -0.0478327483549536 -0.0185389313017474
0.0795488767399165 -0.0695193120765235 -0.0205944352960977 -0.00488645427344265
0.0827845662116174 -0.0753187898811115 0.00637908553678398 -0.000905234677132232
0.0973438316881995 -0.0464097653244575 0.0361812800092537 -0.000636450657977302
0.115756920503288 -0.0290546755646927 0.0614230798373837 0.0251010551442613
0.130461670173771 0.0264114055816528 0.0557015015529554 0.068613617767954
0.125478211659429 0.0846569643563811 0.00720532651894154 0.0922243768056575
0.0638611127130665 0.134170614841934 -0.0210593877817134 0.0619561355893644
0.0217880547391086 0.168882761186441 -0.00519605792045176 -0.00877051975717313
-0.0111354479693541 0.165255181372755 -0.0246833822430895 -0.0675780962072423
0.020238067258142 0.169965080399139 0.0139634782763586 -0.124229781403893
0.0904152057393895 0.157055766279268 -0.0119512932019771 -0.155887534280411
0.124948312758818 0.0952652414927013 -0.0436463282506338 -0.124837937902337
0.134106089087982 0.0201650429753302 -0.0553032319328817 -0.0792212315686514
0.112480695551837 -0.0194085193112725 -0.0316624888198227 -0.0504525371853424
0.0992619871287829 -0.0454555066919769 -0.0120704529969946 -0.0391969604113942
0.0799562692864512 -0.0608541967630329 0.009663699926226 -0.0273839812786707
0.0854984805027646 -0.0604961660845288 0.0365187392334324 -0.0218247611779899
0.0977057619757903 -0.0265806052300746 0.0668364327978003 -0.0135153509377695
0.109641335803691 -0.00485616041908875 0.0858568036239469 0.0219745068741563
0.114115118017521 0.0489416810508944 0.0641860863584389 0.0650499841630253
0.103931744076547 0.101506904256335 0.00567748026342484 0.0797688285891685
0.0374374257976676 0.140501240735 -0.0307889479546164 0.0339771387516351
-0.00676488695212123 0.161018688160748 -0.00915156836877705 -0.0577452627529362
-0.01688051850143 0.12676178371221 -0.0286666169291752 -0.111699322219771
0.0159866669089348 0.138092758682853 -0.000465120254508767 -0.151719158256432
0.0762577330193205 0.125579070276128 -0.0121707290834982 -0.150319016917893
0.102056623061459 0.0704849328638878 -0.0291198404172295 -0.116510879802056
0.105041955088876 0.0130758392659216 -0.024324015601555 -0.0766741511612463
0.0874573465111678 -0.0149815629903805 0.00274592332830788 -0.0607316235118115
0.0804715001222508 -0.0326539003370294 0.018575976519681 -0.0570559197475718
0.0678028934145805 -0.0438217514355142 0.0376064596076892 -0.0453216950118433
0.0743280505234282 -0.0392321008672246 0.0669890527185939 -0.0347254320307443
0.0831117034666643 -0.00732097555292779 0.0957720279490985 -0.015631163422974
0.0878093585872562 0.0129098922701901 0.106145079470574 0.0299790808386035
0.0839852486854228 0.0579287871898987 0.0691659458812012 0.0660201399821804
0.0715512208315683 0.100814543707039 0.00750078004479466 0.0666105814193376
0.00853295712281769 0.126255630790811 -0.0286353855992786 0.00691710493071526
-0.0312524490175386 0.129922654976092 -0.00233053474647776 -0.100743827748528
-0.0259171139505042 0.0666703057973303 -0.03372506368645 -0.133067539736517
0.00134291669475455 0.0836313927694256 -0.0160439134221439 -0.158522389739183
0.0418773880723175 0.0760052826860161 -0.0116065251884053 -0.135920215160754
0.0557622399561504 0.0421879670517657 -0.0173419461770538 -0.10485030325451
0.0577721982715374 0.0125618050799874 -0.00174146625905705 -0.0738160865849064
0.0511247884986702 -0.00133649436309018 0.0251238204450005 -0.0679232215442973
0.0500951717569639 -0.011038304004225 0.0409158554609818 -0.0678068844042413
0.0447101804239255 -0.019839952647969 0.0588290683237685 -0.0560204544627129
0.0490287786862323 -0.016776849841669 0.0926471556302335 -0.0395768902765402
0.0544251377661605 0.00374473339424769 0.117277130427878 -0.00870305393659725
0.0553902955359701 0.0162850846065696 0.118362540478507 0.0428940595270653
0.0496969173529812 0.0464731234142111 0.0707334436791454 0.0696641101091187
0.0392347156630685 0.0781602897609551 0.0140523409162158 0.0563559241416381
-0.0120270645866221 0.0929494777029 -0.01668845735794 -0.0130063317538416
-0.0454073288714256 0.0814023019428207 0.0135222339694134 -0.130581714101933
0.0276086529466218 -0.0212286036013514 -0.0215684612764091 0.148877479884049
0.00318184096747083 -0.0415067493088635 0.00501958539468103 0.0464395008938501
-0.0132738916346725 -0.0376909766271175 -0.0227409207684664 -0.0472249958321902
-0.0204453027256905 -0.011273072986225 -0.0652125764315634 -0.071000339114442
-0.0106712115005956 -0.00285303502378691 -0.12153310125637 -0.0564785223503802
-0.00734764941556831 -0.00959311141574674 -0.14173421074617 -0.0021667152652902
-0.015508544953026 -0.0115695879944604 -0.112078417855356 0.0434445239426933
-0.0188921357310298 -0.00971346929111691 -0.0727248418643307 0.0663432630955794
-0.018517236776737 -0.0172082779983966 -0.0466473175706774 0.0737886421311356
-0.00778443166938875 -0.0241230241423588 -0.0301113361764024 0.0759693246082901
0.000336349202169242 -0.0237627087295981 -0.00547557537927221 0.0753814023108202
0.00421781226212057 -0.0229567544040979 0.0119542664740749 0.0929869345219507
0.0103220380152367 -0.0300015417127402 0.0150769201157135 0.113377651152745
0.0279977511114171 -0.0216764197161222 0.0370444576266716 0.1302275899834
0.0427430704177337 -0.00571258453622873 0.0519069916390218 0.124889992418716
0.0235314476835514 0.0431086736087201 -0.0282552796232234 0.134031324415868
0.00614940914756171 0.0166438292039254 0.00216493093235391 0.033667175781465
0.00730574405950427 0.0168351417664259 -0.0259233882122874 -0.0621047619854532
0.010688430140733 0.025971992843894 -0.0666625274051073 -0.0805488417885959
0.0309704208025863 0.0135488880312834 -0.122661865859214 -0.0665804158637217
0.0334291569989185 -0.00966761011071445 -0.141407708868076 -0.0118012054647899
0.0222915326638853 -0.0269528297002397 -0.113858762226768 0.0350382741239857
0.0109932152198855 -0.0351613461478635 -0.0734283338385366 0.0589656932236556
0.0127925455490111 -0.0463775958763325 -0.0448163099768443 0.0659844230169405
0.0268689801957507 -0.0438318505939338 -0.0235135935278323 0.065475986939507
0.0434897504885148 -0.0377353627983215 0.00243008113680391 0.0667366525106869
0.0575527226472289 -0.0141094762678845 0.0202070082532884 0.088826308426517
0.060260228232985 0.00417421275288853 0.0135417029478745 0.110805763241011
0.0529135279308792 0.0305851064419873 0.0320999426625603 0.119873230717796
0.0524453626416732 0.0581211667550097 0.0434314093399516 0.111805330281091
0.0155057303470237 0.103516300000643 -0.0290592241746245 0.0993907756022147
0.00904831415929575 0.0777739613742912 0.00730388636042844 0.00545131077025659
0.0323496826755643 0.0731978887696069 -0.0239831593628653 -0.0873727620021768
0.0480952116381158 0.0627723821572462 -0.0669981233569578 -0.0950502912723344
0.0726379327910824 0.025856789875855 -0.119247727704734 -0.0722284377545082
0.071331530566157 -0.0101517203512828 -0.127929016249613 -0.0204508378537166
0.05792188734821 -0.0393316588716375 -0.102387051534708 0.0208108130449803
0.0393913892723265 -0.0554535299412578 -0.0631896271999223 0.0422303127836931
0.0405692368057175 -0.0687937348242204 -0.0346095539957317 0.0482112909335545
0.0559690612268168 -0.0570879224777836 -0.009577286849442 0.0461908058791647
0.0774538206758562 -0.0479069595675673 0.0176377568194267 0.0525282980984596
0.0989258907079308 -0.00838902058755549 0.0322494799270345 0.0814095196208482
0.100530904128251 0.0301874744430082 0.0132655113081665 0.106619964247488
0.0718476196988998 0.0737345684955643 0.0190047711511145 0.104403197015507
0.0558990213019401 0.111119119358613 0.0300150098153595 0.0822730750861726
0.0100993041243347 0.149194534281249 -0.0251241870075487 0.0495991072403357
0.0171851766720346 0.131503563724392 0.0154499816368409 -0.0359109542467238
0.064541582230434 0.121009676926161 -0.0215132576775867 -0.116398594969898
0.0909475532931322 0.0872457222948632 -0.0665233524994425 -0.109373663108602
0.1118974511712 0.0270464669732189 -0.10918607268303 -0.0729333742645866
0.100992587843507 -0.0165967664292803 -0.104287611485075 -0.0264530994991458
0.0841333865873786 -0.0503198249541673 -0.0780569570984274 0.00506022252220063
0.060417189369115 -0.0696379737496411 -0.0444370434556679 0.0206269345083428
0.0616136268387377 -0.0808763286526831 -0.0165435276907156 0.0238582321312597
0.0779755793834177 -0.0607811800022626 0.010623718676587 0.0213110921022946
0.0996612033985116 -0.0486970794898957 0.0393106424259988 0.0353601569936975
0.12354981007271 4.69076812387188E-05 0.047455950181613 0.0712663265006784
0.125323171409917 0.0520199497942379 0.0150545024753457 0.099560112975578
0.0796994580090998 0.105916281520067 0.00225540409062552 0.084971524843289
0.0494775786183435 0.147358134173691 0.0112721551581031 0.0408152971429186
0.00481565807889562 0.170155857989885 -0.0230482782939414 -0.0101043795030549
0.0254097164547008 0.163723671375607 0.0172593142809619 -0.0822162205798134
0.0895392697763167 0.148929556013993 -0.0184475454568501 -0.140348969137553
0.121045508693543 0.095855477460981 -0.0593113475845796 -0.119119046463381
0.134275286841085 0.0211519511889044 -0.0873870549591376 -0.0740503868895849
0.114179431556677 -0.0225174194137249 -0.0699491071428456 -0.0362025970890689
0.0970579276582046 -0.0544279812906229 -0.046515736335293 -0.0158493320635781
0.0727645291964774 -0.0721169838221296 -0.0195814051775242 -0.00458444239557002
0.0759341910589606 -0.0779698532412281 0.00707675826491737 -0.00180041334862743
0.0925517092142737 -0.0505014605404128 0.0360892134787993 -0.00236965611909498
0.110476635903839 -0.0339486687505393 0.0619755712778262 0.0214149940583204
0.12893359028626 0.0196900150885015 0.0585915014771049 0.0633648078198748
0.126138956801323 0.0754028333916456 0.0131254989318286 0.0902297005376287
0.0689616204066978 0.12765988883195 -0.0160554264670413 0.0620076416872264
0.0298685753653748 0.163393814988441 -0.00476183713776784 -0.00632837921981984
-0.0013779839496251 0.16163644419878 -0.0255493993339792 -0.0664526181097994
0.0281596822147225 0.163371733589475 0.00897910649742593 -0.122548255124558
0.0961330611236658 0.146582406907243 -0.0172944435908417 -0.150785978685581
0.126032166189089 0.0865015203325609 -0.0463178598543788 -0.119637485816865
0.130778284012607 0.0118440308529252 -0.0573680871861005 -0.0738669514685611
0.108391379489196 -0.0248157490928713 -0.0328109856891212 -0.0487448175387794
0.0939250655344422 -0.0498872965598621 -0.0133258803178394 -0.0380051096628357
0.0740641005126274 -0.0632751497242446 0.00845110398663359 -0.0278820043445941
0.0787292750026377 -0.0631338771655869 0.0356554474971728 -0.0230586768043732
0.0941824557636733 -0.0307126028245778 0.064764850879698 -0.0164622297487805
0.106347758535158 -0.0107452947515532 0.0858770293758556 0.0168514759797438
0.113772010015902 0.0422489816288411 0.0665497789388449 0.0596279956909527
0.105811741679382 0.0929784343208653 0.0107829725390579 0.0789403394846903
0.0436561218313464 0.134325372746918 -0.0271883022407836 0.0355552723726018
0.00272285022555959 0.156934167729477 -0.0114838517353706 -0.0543826124521044
-0.00868595392710307 0.124084158576081 -0.0316638380298532 -0.108799669744369
0.0227637149435956 0.132226748452027 -0.00679354197090092 -0.14774270516116
0.0805976813589972 0.116549870886997 -0.0181360083248595 -0.14662082627452
0.102455967638401 0.06372150411063 -0.032576237298094 -0.112108210978162
0.101894853753858 0.00660376496287416 -0.0267564126440402 -0.0736401655456592
0.083719792652204 -0.0190757156307151 -0.000145701612202901 -0.0604284179047396
0.0760036116633724 -0.0358029822165738 0.0152620244460508 -0.0567154533394893
0.0628209095600608 -0.0456507982491236 0.0342360550681308 -0.0458002637829895
0.0686700529437187 -0.0420640785470413 0.0640157747708821 -0.0371064016380012
0.08057236648431 -0.011232757990772 0.0928687323704822 -0.0202400537798121
0.0859214938229348 0.0083830953750836 0.10558452482595 0.0228371827958686
0.0848154819728758 0.0528188335841347 0.0711578804689129 0.0606788783612204
0.0739552881476233 0.093587759106452 0.0120467114814985 0.0658900206488071
0.0151834851758416 0.121560224469997 -0.0264926024001804 0.00927504068401052
-0.0231355808103987 0.127579604837734 -0.0069499382113837 -0.0957278001074299
-0.0204525612078754 0.0663743780189113 -0.0379482214785217 -0.129465906792891
0.00660390981132219 0.0800315810628363 -0.0227968787487481 -0.154152386895338
0.0444499264888791 0.0702649124645636 -0.0169722355001701 -0.132262679941014
0.0552070838180144 0.03806114037802 -0.0210477854289275 -0.101056642561226
0.0554140327038506 0.00892199071775137 -0.00471166092477803 -0.0718857752910489
0.0486053070337966 -0.00407923777485457 0.0211727017391716 -0.0682338972378761
0.04785592348628 -0.0128397815697445 0.0355037386903937 -0.0684603533667678
0.0417521834260568 -0.0210529515831566 0.054124494545419 -0.0567381515146422
0.046121760258496 -0.0188006595873899 0.0879924418956527 -0.0422734728327343
0.0528849684762676 0.0010124207443918 0.113608220788343 -0.0141065886729715
0.0539906818143818 0.0134788861858172 0.117437112150617 0.0355249247575891
0.0507593559230705 0.0438401290398529 0.0726196887279575 0.0642288500538677
0.040829691130825 0.0729818076914587 0.0168840004138765 0.0556476500871042
-0.00628043315333163 0.0895638772247723 -0.0161421765237191 -0.010703468783692
-0.0391832107751365 0.0804810904395846 0.0064508538921487 -0.125651986132816
0.0187613137981631 -0.0272015717776472 0.0288228431841022 0.142341677834605
-0.0103488609328605 -0.037438139553856 0.0218858306105018 0.0400830029521527
-0.0246070613697406 -0.0282990518730663 -0.0329892413534742 -0.0373813423208911
-0.0216281663400648 -0.0031986220413334 -0.0822419932339855 -0.0457572431145747
-0.0105342466171817 3.91870507648016E-05 -0.128838149817267 -0.0132350598788136
-0.0115059548573335 -0.00683285569610664 -0.128904422772636 0.0451815693980917
-0.0190267881065419 -0.00521698784089422 -0.0867103973217375 0.077044378529586
-0.0198830524743047 -0.0020834616765521 -0.0432087067590964 0.082675965826866
-0.0220098864832363 -0.00975120750485161 -0.018004471867653 0.0812454289736829
-0.0145510166341928 -0.019192849070337 -0.00180622247701532 0.0792471977565169
-0.00738216812045209 -0.0216796171964601 0.0188995224861397 0.0703334143716049
-0.00265627633961644 -0.0222099603589712 0.0399934434673718 0.0809736902425121
0.000612411221879992 -0.0300189641890642 0.0489702506202586 0.0992321899779583
0.0185090571945397 -0.0290533300174508 0.0726191693516956 0.107018691321976
0.0360998320550517 -0.0182275951698097 0.0830887485356896 0.0975381581702593
0.0376941306237492 0.0338402360555999 0.0154318648926165 0.128970586933245
0.0124640342463173 0.014564963248515 0.0122624727675614 0.0282951479970325
0.0130993510580413 0.0132884916325424 -0.0437409347871213 -0.0495128888756767
0.0203533674188462 0.0194915340755054 -0.0884523224855609 -0.0543059059422602
0.0320726638423323 0.000795479638620254 -0.134090204415298 -0.0207438519040747
0.025559792230242 -0.0198654193007666 -0.131859596204344 0.0370192604272342
0.010570768886583 -0.0323877280760793 -0.0917424615873116 0.0702647837948785
-0.00159791244898971 -0.0346321108218542 -0.0457156963621922 0.0767570015775202
-0.00370636554872535 -0.0459805582514324 -0.0180691502517258 0.0739408207413618
0.010518894464384 -0.0488758313672941 0.000147932239576423 0.0682601912355936
0.0270402780760556 -0.0480386230433216 0.0237630343384138 0.0610416668752658
0.0487505996241531 -0.0316220733804096 0.0448208245637299 0.0745865200502149
0.056256906530225 -0.0153092223700303 0.0470299790485377 0.0969023526193271
0.057917764205287 0.011203185918173 0.0661127741407316 0.0979490793968087
0.0650428693220834 0.0371220708076141 0.072871403764304 0.0870007118176509
0.0511661630300316 0.0924438078959504 0.0020910853227447 0.0952238327455763
0.0360441536883603 0.0700253822754244 0.00634260368432526 -0.00113963815787083
0.0551514082932274 0.0558278147646257 -0.0537453734302505 -0.0724393454995145
0.0665286056399184 0.0389331951944755 -0.0956865921451954 -0.0657353770753089
0.0741797305952088 -0.0010882870629703 -0.133561265316521 -0.0256997717298456
0.0602192103645259 -0.0331710682213047 -0.122762874677202 0.0262808076519959
0.0396843411656464 -0.0556397351054729 -0.0865389518634224 0.0543406487762943
0.0174324864008264 -0.0618356665724219 -0.0417733583907206 0.0593031032009877
0.0139509832578847 -0.0751191075264549 -0.0141184057275824 0.0546611803699631
0.0330652650440861 -0.0702210046204175 0.00641240894589131 0.0465407884772872
0.0540648543964114 -0.068258602879092 0.0329683922524819 0.0438236925486919
0.0875220215303877 -0.0396170213089098 0.0531284342094976 0.063777946688238
0.101040201431427 -0.00422938163240927 0.0451373684769249 0.0914925129665864
0.0892330224688393 0.0443171004922702 0.0503272568470674 0.0872577530244585
0.0850763534937315 0.0850414769002893 0.0539342440259201 0.063249495317502
0.0616007178651744 0.136303487930447 -0.0112025920669347 0.0465239748149505
0.0620306011901074 0.115519035276211 -0.00216778193113561 -0.0427456427690844
0.100211326425074 0.0885939719419262 -0.0634408294015208 -0.0992966162668394
0.113035941304073 0.0468169998551224 -0.101139339873797 -0.0768824817299143
0.109425888956482 -0.0131435304867542 -0.12507107067833 -0.02788697594067
0.0850041292942331 -0.0482146175879126 -0.103748790333794 0.0137675406669626
0.0607340740674816 -0.0744611922053419 -0.070206723674578 0.032648901376533
0.0315025365631773 -0.0810855721378611 -0.0317716645197789 0.0343349070101518
0.0284017220225493 -0.0924042186663928 -0.00538721953113866 0.0272334238227115
0.0517301846646591 -0.0806476388154206 0.0169145067940678 0.0180038611918381
0.0738349107913184 -0.076175817037286 0.0460854809042576 0.0214337915289932
0.112878422324776 -0.0400540685990906 0.0630613911249535 0.0506978040436595
0.129918396737686 0.00727021394153814 0.0447859383268733 0.0839185336691712
0.107154991232156 0.0706382747910605 0.0293972536615103 0.0746727912209648
0.0909261247085218 0.12032664053576 0.0258683905044656 0.0308493062928944
0.0640298306974531 0.156561831137361 -0.0292542730763338 -0.00855431352991456
0.080421919450287 0.140899428721304 -0.0169855471041712 -0.0858013518462429
0.131559110822635 0.104079962237099 -0.0704321792731785 -0.121272210681606
0.143589444522304 0.0432385437285915 -0.0984421578592175 -0.0869266692445951
0.127018309047621 -0.0258783863702803 -0.104983584564214 -0.0349812632891262
0.0950844394823696 -0.058337132123683 -0.0759323519621536 -0.00639193424422172
0.0706284451902624 -0.082940494663733 -0.0491706556892467 0.00350887293552524
0.0419151907349257 -0.0871372452373196 -0.0172966045193351 0.00400352862583935
0.0424883671978689 -0.0947400092504414 0.00728099301385974 -0.00310673935161612
0.0677693125039637 -0.0755012371861829 0.031403384922104 -0.0111166035235167
0.0887400036902577 -0.0662996640541299 0.0620342354693369 0.00192891903607826
0.123806198848505 -0.0239995907409634 0.0704437715440307 0.0392487323457347
0.137951065774279 0.0279296327734962 0.0407899059828085 0.0754893771341761
0.104733296391621 0.0937403409164829 0.00663576595100486 0.0594073058602728
0.0788071790397303 0.1414184291387 -0.00174383532466608 -0.00697882191830069
0.0554710460492771 0.149707274197042 -0.0493577072541425 -0.0594179417386683
0.0827061702260741 0.139007927436373 -0.0378454045531756 -0.119430464347032
0.13631153885816 0.0991071975325921 -0.0728623918259045 -0.129865801842526
0.144413275933829 0.0334599805576829 -0.0867033466855567 -0.0905186305277778
0.120923891986136 -0.0323460635651876 -0.07671221228109 -0.044274537047594
0.0890923656579244 -0.057833105301402 -0.0459371257920707 -0.0300958009264652
0.0693484325985531 -0.077546221895027 -0.0268619639685112 -0.0271562514030861
0.045584305683248 -0.0798923075676451 -5.36609990512353E-05 -0.0264172937957583
0.0506548800527584 -0.0820573429932781 0.0258552086725973 -0.0321255629279349
0.0757560390313359 -0.0586913200720677 0.0526696947192187 -0.033706215783096
0.0920304128772283 -0.0439438711106778 0.08110663884031 -0.0104136998187983
0.117498530266268 0.00158684736153737 0.0768728083188957 0.0330892256398903
0.125381980211748 0.0501020967595003 0.0350356093278146 0.0657377857195833
0.0837330551416051 0.107732391963306 -0.0111124179054783 0.0387006784607012
0.0516172618730177 0.143644731593078 -0.0217453119043134 -0.0472967725220176
0.0350898298973154 0.11715690607797 -0.0668044177695869 -0.0946006298410838
0.0662761631596439 0.111820940482526 -0.0591580693273572 -0.13680916253116
0.111289179396298 0.0772665792767702 -0.0699014676291136 -0.126509925943331
0.114223109391099 0.0209931701834396 -0.0695668568477674 -0.0887393422480659
0.0925777694114843 -0.0277827077119922 -0.0486216681273247 -0.0547402388962979
0.0692890089813347 -0.0450279053748118 -0.0206164405682616 -0.0528850265763515
0.0579507316803159 -0.0585976941879512 -0.00660343283503409 -0.0544879897840838
0.0411709811717011 -0.0606674250217243 0.0160616378735283 -0.0516491941105031
0.0480179764008479 -0.0597609421500919 0.0470113307472274 -0.0529555914974883
0.0694534267383727 -0.036442337581157 0.0763085462580751 -0.0457909210218351
0.0801411917253013 -0.019784919920609 0.100741308047962 -0.0125661730590931
0.0940243362929939 0.0210719675961371 0.0818120509204944 0.0323025625941423
0.0958898843982623 0.0609314374891463 0.0325237696364981 0.0540608333035008
0.0533234672507514 0.104918073163445 -0.0183222238945684 0.0156207933184655
0.0193854362351182 0.124789564734417 -0.030315109813145 -0.0850400295761743
0.00373624384276317 0.0670538402404884 -0.0775384323332589 -0.110158972462706
0.0323743074904215 0.0696385012283721 -0.0729547835825735 -0.136095775760664
0.0627464193287907 0.0474553979700427 -0.0622413070472057 -0.11492886187647
0.0622669437131352 0.0140865304203124 -0.0540524082510591 -0.0843427514279049
0.0521364922200753 -0.0106065890276824 -0.0281611414692558 -0.0631337104796147
0.0424849918975654 -0.0198341750693406 -0.00399562047298237 -0.068208314428303
0.0394814552946174 -0.0276951823515623 0.00783759822780111 -0.0732145627283972
0.0306404744612901 -0.0319675568408113 0.0307251902095997 -0.0679981263546282
0.0353965230883031 -0.0310189500424564 0.0663070070141356 -0.0657501105788461
0.0478089296585887 -0.0160775624190836 0.0979609630500217 -0.048230840467595
0.0533331309667771 -0.00482092087103751 0.115920961757605 -0.00555965097593972
0.0600279038470445 0.0240061017734515 0.0851429864615279 0.0352227941850011
0.0594825252559924 0.0524130053473771 0.0336199094796738 0.0444544024070292
0.0233197619192421 0.0822260188548366 -0.0158974447499476 -0.0046138782019664
-0.0101727854187659 0.0864932896107276 -0.0280447697181657 -0.114624164842331
0.017341336740696 -0.0263619812881956 0.0296999276476024 0.136272315906385
-0.0103218010865591 -0.0348940226386865 0.0226217959324719 0.036995099357889
-0.0235032435250644 -0.0265081242017609 -0.032453609534504 -0.0369952379868238
-0.020104346379815 -0.00334571239930451 -0.0811689335423598 -0.0440387885294658
-0.00938949986907728 -0.000522317796070468 -0.125931474883666 -0.0110414697468869
-0.0108873102639709 -0.00683951290317697 -0.124021691878817 0.046066685221639
-0.0184559189132293 -0.00489608445666432 -0.0823674512027586 0.0756533613138128
-0.0188030669796347 -0.00226861848257339 -0.0412883651141108 0.0805431818931224
-0.0212219833323428 -0.00886378511125422 -0.0154330625605728 0.0797704244836406
-0.0146432939808411 -0.0187917632481446 -0.000167535464866838 0.077058693346825
-0.00751010862314522 -0.0211687837809113 0.0196725528639294 0.0682969734377457
-0.00169217510737359 -0.0221442424862875 0.0402923925873326 0.0783894135234604
0.000432510494401359 -0.0286874397719999 0.0491970954363427 0.0962542476250622
0.0177181184973013 -0.0272669051490466 0.0713638186056906 0.103665364441141
0.0341727050642916 -0.0177048725260123 0.0822126101419148 0.0955767792492941
0.0367298331384346 0.0331319254144 0.0171493708525181 0.122880589366479
0.0126294304562932 0.015581224687138 0.0131642038077631 0.0252949709830156
0.0138868090748887 0.0133418127000671 -0.0427121468950267 -0.0484816636547831
0.0213561014294702 0.0186144414426915 -0.0865855541177237 -0.0524919218553206
0.0324896486133036 -0.000471097662132269 -0.13085711109696 -0.0174258401015743
0.0251195226458865 -0.0202418192349429 -0.127058237356826 0.0377944818341825
0.00992113323212789 -0.0322329606837265 -0.0872966626166426 0.0693748984379154
-0.00158293412883004 -0.0340119044986181 -0.0436799974981757 0.0743313730644198
-0.00456371022195661 -0.0447303076400639 -0.0154313310262185 0.0715107631472038
0.00943272613676513 -0.0475905811760443 0.00222969623693744 0.0666656478011534
0.0254225562864731 -0.0475908422136337 0.0245379215915425 0.0595723086719508
0.0476635564123274 -0.0316956952646646 0.0452245236951487 0.0720283979596007
0.0543536605759344 -0.0154843486045272 0.0477188844276001 0.0933270217599769
0.0568052534840082 0.0106771137990405 0.0650584946566738 0.0944888662880908
0.0633553730579015 0.0354794230739342 0.0725253159217298 0.0854182884591747
0.0517137660066751 0.0893543015478791 0.00369917310356341 0.0895666100630717
0.0367112730392813 0.0681290466431341 0.00682353676239789 -0.0029745058291647
0.0549943807783129 0.0540185533071411 -0.051601401140274 -0.0706013386352295
0.0664375909879205 0.0373733136570478 -0.0926437951592071 -0.0640173786415884
0.072983844531335 -0.00341358080260182 -0.129906621145651 -0.0228450155416038
0.0588785474983537 -0.0339503912563509 -0.118791236193574 0.0265301424354571
0.0381483970311488 -0.0555336028016421 -0.0824735319461711 0.0536117027260821
0.0155898222595972 -0.0605796677247735 -0.0393642549696568 0.0568199195949863
0.0117375049447159 -0.0729223649651051 -0.0116428168953595 0.0528163777586099
0.0312123893007431 -0.0691279561221423 0.00783463898250363 0.0451597816320136
0.0513851296668683 -0.0673869755603094 0.0336930807500214 0.0423464238720756
0.0853486597265697 -0.0400469394235587 0.0531574261038955 0.0614538649837156
0.0990255015358706 -0.00606972518751483 0.0462880042607706 0.0885433628260326
0.0880275753642437 0.0425487831048328 0.0505740642219867 0.0843655262610368
0.0840337415617172 0.0821969656355277 0.0538715522502305 0.0619810853456646
0.063113682724618 0.131064624539833 -0.00990560153720945 0.0425821870303732
0.0620666619590849 0.112411813365841 -0.00178356104363594 -0.0425018733132046
0.0985013155889121 0.0844706230840257 -0.0615695980124056 -0.096229923640333
0.111906893602326 0.0443140000560587 -0.0984691322884694 -0.0752104325655532
0.106558694044521 -0.0146967351531573 -0.121290846736436 -0.0252201131372614
0.0824985258530752 -0.0492862587926015 -0.0999365227065616 0.0141914472311513
0.0570520881962395 -0.074316977919671 -0.0665832889624601 0.0325771603703151
0.0287037463029527 -0.0793049285756045 -0.029317501853087 0.032859286444714
0.0252574620623896 -0.0905799148319859 -0.00371040608776302 0.0263367758449251
0.0497060994329674 -0.0798757832903683 0.0174519973934102 0.0171507883573519
0.0702203772977707 -0.0755630298810333 0.046260686710849 0.020442503229244
0.109644411082143 -0.0415231991540303 0.0628099115721383 0.0475930348354679
0.12661526179469 0.00477504310109863 0.0457790071492758 0.0815261084701077
0.105949804238774 0.0676693585576725 0.03085799709445 0.0720415248124984
0.0908197361913889 0.116116392043061 0.0262622796277866 0.0312001256969052
0.0659040473154889 0.150980577869717 -0.0278806756221023 -0.0104705401133131
0.0806099751751297 0.136150880879609 -0.0164619604033311 -0.0845595719984941
0.129147942376599 0.0989774506301808 -0.0680879619642293 -0.117097572618908
0.140550060557636 0.0406647010731586 -0.0950185761387284 -0.0845867746090485
0.122777028567151 -0.0276321055954515 -0.101573575779348 -0.0322437171383885
0.0916478346676015 -0.0585838899967715 -0.0732643098249044 -0.00566731934864624
0.0669798446673915 -0.0821714032668077 -0.0469608642072781 0.00396868225523424
0.0384805190863389 -0.0859181817513427 -0.0160862560972292 0.0028521599854105
0.0387597399983869 -0.0924567053109209 0.00832875344489089 -0.00398769129297079
0.0648389207543106 -0.0755878119647334 0.0308964772760039 -0.0111414931995437
0.0842407446349242 -0.0658243810065683 0.0613457994953728 0.000323316888821565
0.120424911764349 -0.0253267647719573 0.0702437603472669 0.0366187093460963
0.134959965285659 0.0245174852063029 0.0419752907068057 0.0731144553627955
0.103372982160854 0.0898050425503269 0.00846151460684909 0.0573199480132132
0.0792476261146668 0.136478653995423 -0.000709409959821992 -0.00534754751943103
0.0571023916000134 0.143947411435185 -0.0480089852113239 -0.0590578726582574
0.0825308524350795 0.133098895798399 -0.0376652873963252 -0.116604140270445
0.133591604846469 0.0936115783130173 -0.0712608919033981 -0.126376170156544
0.140976409023406 0.0303568409013367 -0.0840645427367444 -0.0880803442722149
0.116548391494491 -0.03352026610013 -0.0746395261736708 -0.0427221519008142
0.0856000241428321 -0.0582133626332177 -0.0451076133083964 -0.0292475596073026
0.0657637998740682 -0.0769723086804511 -0.0253948784066628 -0.026623697640736
0.0422743867933415 -0.0781184028824593 -0.000277775340147048 -0.0264024216660131
0.0467220427397299 -0.0800876330928508 0.0254431119838193 -0.0313400976370856
0.0728154000880509 -0.0588886131720931 0.0511486372685551 -0.0341769176088379
0.0887385452088391 -0.0441180825968239 0.0794772709771658 -0.0118390176089534
0.114655091245883 -0.000691359674238175 0.0757784151528448 0.0308175624205928
0.122111896254486 0.0460922361775225 0.0364808747759968 0.0632185081230109
0.0828657557390012 0.103479739227106 -0.00902152713242163 0.0380277000321425
0.053426214385811 0.138792387899998 -0.0207193233950529 -0.0447080128900147
0.0375854351636623 0.112375035187275 -0.0666325551322194 -0.093355126504029
0.0654578644957724 0.10644806810756 -0.0588634260932749 -0.132763626026753
0.108857375112953 0.0724697238749928 -0.0686270063619508 -0.123071268930248
0.11087155261263 0.0188507754777884 -0.0678613242412284 -0.0862668498541391
0.0887761239929216 -0.028706593291736 -0.0474282585038478 -0.0527180370395392
0.0663456860349933 -0.0445715758404943 -0.0202611603058755 -0.0517672418718094
0.054548325756084 -0.0583671910901615 -0.00702450797705542 -0.0527003809303628
0.0382178098578405 -0.0590719752507563 0.0160441975087749 -0.0505858654938094
0.0451909903735047 -0.0585829146023421 0.0449722039236066 -0.0526993428679464
0.0673221250913766 -0.0369354603753272 0.0739518471860521 -0.0461732158919002
0.0776734083315673 -0.0204689178710646 0.0982103732233182 -0.0143614636917668
0.0928474026375886 0.0194713990537226 0.0806193715339903 0.0304402865742739
0.0932898316823521 0.0570910690790156 0.0332665938753323 0.0532958424689799
0.0530634634100368 0.101023060560357 -0.0169167720405996 0.0159407489962428
0.0218115769777874 0.120639506192611 -0.0299723276930692 -0.0818792536594738
0.00608977386764408 0.0644276694166127 -0.0772709378589762 -0.107661649447748
0.0324209917581787 0.066247913946144 -0.072313658022484 -0.132223830671591
0.0608516888202611 0.0444050283614798 -0.0611848272712965 -0.111824079807321
0.0600505507534047 0.0132257694919358 -0.0528173287984695 -0.082103961532554
0.0496380534773473 -0.0108692756731736 -0.0275973432558518 -0.0610892430832357
0.040617789690036 -0.0200248491474745 -0.00530168575109143 -0.0670614178285524
0.0374262319468152 -0.0278029489026489 0.00615431589312184 -0.0707762050816707
0.0287227455018669 -0.0313151637686179 0.0286414334584424 -0.0660192029363767
0.0336176901101019 -0.0302955490461909 0.0636328903434782 -0.0646136053684193
0.0463540774242627 -0.0165435915213298 0.0939064981352648 -0.0482932027100964
0.0513420826255598 -0.00476267067685696 0.113196069024786 -0.00722212372771913
0.0592376447542409 0.0224189587311495 0.0830371878872686 0.0334057421563727
0.0578122723980835 0.0500257345688803 0.0345201342749032 0.0431673016292035
0.0235520633687534 0.079024997206134 -0.0147866954738588 -0.0037954236803542
-0.00770140137148781 0.0837591324510768 -0.0285648772107662 -0.110409119050114
0.0161314476384557 -0.0247811575749784 0.0307421251287573 0.132299259430001
-0.0095756552248561 -0.032936903510905 0.0228719538700333 0.0348889127689259
-0.0225784836382861 -0.0252687354649778 -0.0327083255606717 -0.0366821867678287
-0.018506528526762 -0.00365498657313162 -0.080240815754215 -0.0427372174387262
-0.00853442765131715 -0.00145190558026843 -0.124536444508237 -0.00850759092715461
-0.0107471692057611 -0.00712259267626663 -0.122147144621099 0.0476383131150265
-0.0181995902007197 -0.00524764428963557 -0.0816296621640494 0.0755223278303934
-0.0184474371403319 -0.00191242066312095 -0.0400249074518667 0.0792350347513598
-0.0207969159506933 -0.00881143062610588 -0.0134861995679365 0.0791348926603769
-0.0144872644183533 -0.0185818622406773 0.00152436974433846 0.0770981885415543
-0.0071407787515815 -0.020966891506551 0.0212063959718266 0.068445335721425
-0.00183326015939699 -0.0221715310146332 0.0410697772740498 0.0775509646518511
0.000442651876052943 -0.0279467372435778 0.049717373542263 0.0950309259508843
0.0173223918337449 -0.0264789987888628 0.0714615143016344 0.10169714340463
0.0326158359411126 -0.0174595658700838 0.0826444875988519 0.0959563948458685
0.0369170055019217 0.0334599557123578 0.01887726180952 0.118933730163419
0.0137514440904595 0.0168119906394933 0.0138473751508927 0.0231713588545715
0.014784813794748 0.0134369815655401 -0.0421448319097746 -0.0478926443664329
0.0227755084345001 0.0181076059281901 -0.0857012726538772 -0.0516668028277438
0.033251534575112 -0.00175504557683267 -0.129488601369754 -0.0160402604955801
0.0248059510682558 -0.0213468802162093 -0.125178493615793 0.0388715368186047
0.00875902851988493 -0.0323357305796168 -0.0855833795245871 0.0695943368985311
-0.00204392084791593 -0.0333786120022269 -0.0421749481649648 0.0728798039924091
-0.00509627087581226 -0.0440295033276957 -0.0135154376156921 0.0707256609081356
0.00900828186687351 -0.0477931740582473 0.00432017855956035 0.0659942681835727
0.0247473872606951 -0.0478188917745372 0.0249507595519411 0.058652440523331
0.0468626066599176 -0.0319054880877185 0.0458762442372983 0.070629660843348
0.0542486459284214 -0.0159740258947626 0.0489536770541164 0.0921928553539443
0.0567114729139056 0.0107543339775825 0.0653800697200336 0.0928724783820744
0.0628227729292592 0.0351039441320252 0.0732394823655317 0.0850974948558638
0.0527920144986404 0.0885808900032393 0.00487369750145228 0.0860958221476878
0.0375491671190836 0.068955905054247 0.00755992888879704 -0.00479976374529292
0.055702201388063 0.052903936722422 -0.0509074864577056 -0.0702779825632649
0.0677743392102148 0.0365188588753194 -0.0914365197123978 -0.0637747682142654
0.07280622058793 -0.0052029637467161 -0.128073963170772 -0.0206469264041747
0.0582829121366196 -0.0351655343829788 -0.116933985051747 0.0276530289960687
0.036358084597136 -0.0560577780067614 -0.0799546348425885 0.053808759500927
0.0143087665433997 -0.0605689408020304 -0.0382367654299402 0.0557903291991921
0.0104453551835598 -0.0723889838245315 -0.0102306678006599 0.0517607548125716
0.0304706525724565 -0.0696642421859936 0.00899471509174933 0.0444652534773194
0.0496949797383508 -0.0678062883232366 0.0339744793205059 0.0414905475056882
0.0843173061388686 -0.0418891310408848 0.0539706675982831 0.0599493843765649
0.0977203527396121 -0.00682351539515139 0.0484317762617903 0.087234486517149
0.088036076945147 0.0418064055305959 0.0512173979023683 0.082829496376646
0.0842294538026603 0.0802863957570237 0.0549090930151704 0.061953195448404
0.0646514085388112 0.129186236304709 -0.00923432915686506 0.0398950365821817
0.063308590211448 0.111361930022607 -0.00101488023503841 -0.0440308557298193
0.0987585453952502 0.0826139527334452 -0.0612514051471332 -0.0954076837673782
0.111995812855263 0.0426720690484716 -0.0964571160500107 -0.0747848631239628
0.105684465807107 -0.0163329638957332 -0.119713611543354 -0.0234502444765807
0.0808778299234304 -0.0503644033669884 -0.0980912671111808 0.0148055457107797
0.0549772327585238 -0.0751437874925918 -0.0652103023396069 0.0321767806063541
0.0268356627248748 -0.079043562872848 -0.0288992333546207 0.031330223749151
0.0238043759718028 -0.0896193502896535 -0.00301497090933198 0.0248220499941309
0.0477997011314626 -0.0804831716627986 0.0184218672610281 0.0169048692104093
0.0681513690996602 -0.0757908262320968 0.0466079748116661 0.0192416617879291
0.108274288907026 -0.0426937219940433 0.0635153652590979 0.0463827737385724
0.125642754681056 0.00289964806594678 0.0480972857049891 0.0797154053223101
0.106241425868745 0.0660804113058557 0.0321128386825648 0.0712321110900096
0.0913565751246714 0.114574394130956 0.0275474797138746 0.0319107538819956
0.0685327670543838 0.147951641046026 -0.027615943231162 -0.0128743864502544
0.0815223531870779 0.13436181887233 -0.0163329416845969 -0.0846172473392623
0.128373663869012 0.0956967647860121 -0.0665291039410316 -0.115974468391862
0.140462860235797 0.0387469356198544 -0.0937919689254439 -0.0844135722494584
0.120834453777872 -0.0293020017254665 -0.0999131835940254 -0.0310245158885462
0.0903093755385493 -0.0600556408611694 -0.0726768124779386 -0.00593784504082622
0.0645694560927423 -0.0827436584955665 -0.0453248185529649 0.00364537927426177
0.0363676536646661 -0.0848815137443611 -0.0157508946441755 0.00184548986876507
0.0364356684469437 -0.0917871315761478 0.0083988731231662 -0.00452698069142864
0.0636812039644385 -0.0764646848101826 0.0313447113550372 -0.0119617050797789
0.0823794423141079 -0.0661172752921059 0.0610696963443904 -0.000865851747365712
0.119584315055128 -0.0270001931267582 0.0705139472232687 0.0355681776505714
0.133640373926529 0.0223254685597216 0.0439060541624384 0.0721868033403364
0.104437219119901 0.0879448655403921 0.0100057639717937 0.0565750355040355
0.0808583626911061 0.134179563475088 7.60349206755885E-05 -0.00474736476116378
0.0604535690709901 0.141341284928725 -0.0480501416156485 -0.0604902911562196
0.0835769826805578 0.130448501851921 -0.0379424238955603 -0.116410456465636
0.132435215254452 0.0901567428445769 -0.0705485609648923 -0.124983594185153
0.139710747789855 0.0281505485072905 -0.0824984108605062 -0.0872172012992178
0.113686420716026 -0.0350271862194567 -0.0731855756707946 -0.0405904185030726
0.0835244176757368 -0.0583822859724217 -0.0443992227494252 -0.0295321569776763
0.0623693159794279 -0.0777108967365413 -0.0249007135574342 -0.0261809855548029
0.0400186071552011 -0.0775793358858518 -0.000328995726349879 -0.027010147880124
0.0443357075600602 -0.0798233704196069 0.0247352565137335 -0.0319643392916492
0.0716949781223477 -0.0601786154782591 0.0506080322475996 -0.033733330531774
0.0865636426647153 -0.0443585907306971 0.0788970964745512 -0.0131472239570049
0.114198203620891 -0.00200368223076211 0.0761344857635231 0.0293905995467961
0.121525021084067 0.0437934480135804 0.0386843246275926 0.062460113038443
0.0840578647458733 0.101250610520123 -0.00703577423453991 0.0379685148872612
0.0550766963972637 0.13650546495456 -0.019926431399451 -0.0430123002292932
0.0394200202076988 0.109548446299522 -0.0670427918574329 -0.0934054250327904
0.0672569032768818 0.104293694944731 -0.0594503020579979 -0.131339299113321
0.107096653722254 0.0693942613166242 -0.0686438419966781 -0.121308082858263
0.109159105253358 0.0176202935357783 -0.0667428880341105 -0.0852255763265883
0.0872166334464823 -0.0292298052867776 -0.0468679511433496 -0.0524471406033122
0.064239291344585 -0.0447625949827259 -0.0207339486551224 -0.052109949054791
0.0524872585282516 -0.0582731117163065 -0.00724120739234003 -0.0522571822563239
0.0360499996228555 -0.0587199966278551 0.0151857317754492 -0.0504543861101781
0.0437031215386081 -0.0576048920583085 0.0443734298133754 -0.0528432154917396
0.0661891079015682 -0.0377875509750175 0.0727011697217933 -0.0471328118513078
0.0758668468789734 -0.0209711896822357 0.0972643806676347 -0.0158246172779741
0.0920400230820787 0.0177908782926635 0.0808369605748362 0.0294217949179923
0.0926781936030153 0.0554961957935494 0.0350403582033346 0.0519853167263897
0.0536718656721305 0.0984832451839454 -0.0157497253864788 0.0160298636354066
0.0239811781187081 0.11891142321422 -0.0297274037557989 -0.0793956035938442
0.00773269687109127 0.063144038466317 -0.0773680028896264 -0.108061824698895
0.0329753324632088 0.0640807343933534 -0.0728928184480078 -0.131012525828943
0.0597937399957553 0.0422483913415855 -0.0613211002401934 -0.110289604960424
0.0589926450014683 0.0128823040521369 -0.052581312928519 -0.0814522470957405
0.0479616799361962 -0.0116730815231722 -0.0276250704721205 -0.060618509072744
0.039653560865711 -0.0196222631734541 -0.00612188503466023 -0.0669475488286509
0.0361400433888627 -0.028163814495338 0.00562760221905915 -0.0701124604220506
0.0274787509156319 -0.0310564130781423 0.0278263314206072 -0.0660385304447404
0.0320250899550847 -0.0299019892074633 0.0622980849243221 -0.0651552816760147
0.045425488822694 -0.0166473573746468 0.0923975078960664 -0.0489248790756823
0.050550817414032 -0.00537669198521128 0.111735477504434 -0.0089771528307066
0.0582675842408298 0.0219863142305523 0.0834789056242461 0.0324024157276961
0.0564523783986931 0.0490597984875351 0.0358094090871925 0.0429171865187252
0.0235190507922523 0.0768151909580336 -0.0137198635779403 -0.00316382536503419
-0.005951991214251 0.0826135907430319 -0.0290406150598718 -0.107952527503498
0.01542204845344 -0.0242835452175101 0.0340102413773949 0.129656497427833
-0.00967358397160582 -0.0317379617251601 0.024324039791778 0.0325742999422397
-0.0219257545666119 -0.0232818198434078 -0.0331606214825598 -0.0365690946414194
-0.0175863207084325 -0.00360805614333988 -0.0817915250544172 -0.042162409117011
-0.00746025452862597 -0.00235216142866053 -0.124812472933338 -0.00538000346330713
-0.0108837975190934 -0.00652802700788866 -0.120324636735878 0.0512235755144856
-0.0183649379018778 -0.00474680482371934 -0.0787877888797736 0.0772284370804018
-0.0178809494951545 -0.00171719142275669 -0.0383243760116825 0.0798633391980412
-0.0205816256890273 -0.00827094854660214 -0.0107106796575578 0.0788739437554
-0.015363553528021 -0.0182149228305688 0.00456281057094861 0.0773784159130723
-0.00751634794047241 -0.0212803260364182 0.022053869895832 0.0676641821305799
-0.0015162844594204 -0.0224879441151866 0.0429022140723323 0.0761123869337165
-4.14391728363918E-05 -0.0274447066200334 0.0521126417593894 0.0940711128199886
0.0169714551336865 -0.0261019902889715 0.0730469724620075 0.0998850521939917
0.0313443876581015 -0.0181360266631649 0.0860775153056311 0.0948855476960611
0.0378025962621514 0.0331606157845476 0.0214894547570915 0.116148417781436
0.0147825160138175 0.0172717548182743 0.0150459317846479 0.0209732075731511
0.0159003530275891 0.0139138518965607 -0.0427478458600598 -0.0485013719107694
0.0243037273688186 0.017085055381542 -0.0862987410647738 -0.0502419903878206
0.0337662342808783 -0.00354044936449484 -0.129680533656312 -0.01238335634955
0.0247320256110678 -0.0224614309394137 -0.123379211683462 0.0425837900640706
0.00840076187931951 -0.032755110514698 -0.0833781321734184 0.0709323425339012
-0.00285660242674255 -0.0335678286643576 -0.0406452970932074 0.0727918757061981
-0.00672421178846741 -0.0440494515383633 -0.010177171509874 0.0708331327777899
0.00784483731281957 -0.0484701214477657 0.00673059903547007 0.0655351238668108
0.0231999036090756 -0.0484759780464414 0.027388198335838 0.0584453554554524
0.0463401136003472 -0.034318035760173 0.0484896870421454 0.0694766812606217
0.053524989822707 -0.0167737026611772 0.0518898074849906 0.0906686675539334
0.0572470527138776 0.0100096509573774 0.0676017151530935 0.0913587819019852
0.0633212009612914 0.0336846423975278 0.0769631592756343 0.0847924073713985
0.0549993394827817 0.0871365083168915 0.00705319764637307 0.0837799138361875
0.0395403448920598 0.0685998996235447 0.00765729233858758 -0.00646115614003117
0.0575796902380816 0.0520228370213189 -0.0513921153135094 -0.0699537321708811
0.0692408780754425 0.0344469195935677 -0.0921927693381456 -0.0631897376238712
0.0735303485219816 -0.00764761636651235 -0.127610134375511 -0.0182234976933975
0.0574619100175156 -0.0370860282297504 -0.115876481441785 0.0300301997471185
0.0345083869548518 -0.0573816844723953 -0.0777016166675469 0.0545993179553422
0.01282987797378 -0.0607312122309384 -0.0372210371175745 0.0553390776878663
0.00780128608532968 -0.0722327708840599 -0.00773707717625285 0.0514207973208712
0.0284559483768161 -0.0708680749231594 0.0115641386173885 0.0443966034258693
0.0474596357034853 -0.0690097596051339 0.0356312578461103 0.0409428782411333
0.0836386560242174 -0.0443484562575135 0.0563054527314862 0.0585064262639712
0.0981328021014353 -0.0095576815118615 0.0513230172144749 0.0856962021984566
0.0899036161416369 0.0399498042749568 0.0532372689835041 0.0808422882292253
0.0860360416319946 0.0785659166241306 0.05814795604931 0.0619624384391951
0.0687029546033359 0.127694460609934 -0.00807272860355349 0.0370500488352775
0.0666083799153812 0.110034937772558 -0.00157841532004838 -0.0448705161789647
0.101252892605975 0.0797157201365352 -0.0612896981316414 -0.0949871019450774
0.114271946915311 0.0402398097235543 -0.0974851356513968 -0.0738438384359709
0.104941579734257 -0.0202230313004091 -0.118719150630461 -0.0208608368040021
0.079795076653432 -0.0534528540906388 -0.0974041533106305 0.0166378485934548
0.0530226265681921 -0.0763961392762564 -0.063260030703742 0.0329251678645845
0.0243882963223037 -0.079512564093324 -0.0279541813536475 0.0309892328042525
0.0195885829435309 -0.090075331603136 -0.00135348913031457 0.0246857373760305
0.0458082339337253 -0.0824042863043229 0.0196029208612289 0.0157463285382307
0.0659612772656906 -0.0773883316687893 0.048056069572224 0.0181784472595193
0.107733622060074 -0.0462635884637519 0.0651219289248209 0.0450790315623238
0.125803110824559 -0.000942894421243318 0.051394724808087 0.0780799532370638
0.108749430311382 0.0640674966189886 0.0338933046864894 0.0694420299192231
0.0953855070350205 0.111502145233128 0.0294969137363368 0.0319248266710936
0.073536043161739 0.145510591659972 -0.0274133803995839 -0.0144119848247098
0.0856604866179013 0.132226284800907 -0.018164684098925 -0.0849886553984245
0.131064349861998 0.0920829246878078 -0.0685800047555573 -0.114869673757258
0.142055808111811 0.0358557393820293 -0.0945055511496364 -0.0834022946213138
0.119915058896068 -0.0326409253543616 -0.099196067849964 -0.0287792833670573
0.0885770621218327 -0.0630144470876871 -0.0722067142594246 -0.00495035707990884
0.0612897951635488 -0.0854009538355508 -0.0445866570221335 0.00444686545506746
0.0330220255133212 -0.0857843553838106 -0.01499368687972 0.00129114106350496
0.0332635067285413 -0.0920550851123485 0.00912121724403323 -0.0053375700630202
0.061181002602073 -0.0793057543354488 0.0315288376021708 -0.012763572249593
0.0805598964428514 -0.0682722959472096 0.0617322625870957 -0.00297362353289081
0.119441984183879 -0.0306432392246229 0.0718275211676039 0.0332860610163665
0.134367558689448 0.0180302169398714 0.0473860521258884 0.0704195890571253
0.106922302812717 0.0853350511238938 0.0122360042158272 0.0560767670905383
0.0856462838758173 0.132043143476883 0.000897827954231907 -0.00295672821912137
0.0648843017539204 0.137632631008089 -0.0494918081380229 -0.0611011083275228
0.0870816530800296 0.12796590479547 -0.0402485003035135 -0.11615085078954
0.134023711866156 0.0863093523390143 -0.0722517067963929 -0.123294170130848
0.140460853619294 0.0253941319567188 -0.0831669827266735 -0.0867055176819711
0.112452508818958 -0.0377602135424723 -0.0721741305099363 -0.0402838893345971
0.0819584798358519 -0.0616132521342032 -0.0455354425112356 -0.0297315444376412
0.0597442826720932 -0.0794736482985923 -0.0254258342798721 -0.0261294903013825
0.0369904603812504 -0.0786135361399952 -0.000553305376581901 -0.0271446359518999
0.0415912486437223 -0.0804102374023979 0.0247158114029921 -0.0332796461573031
0.069950861952167 -0.0626020193719741 0.0500699901569571 -0.0357649718924239
0.0851252158394442 -0.0467410153711572 0.0783351472587288 -0.0157309182239081
0.114627655339068 -0.00525701384099842 0.0778142408987314 0.0277698851491865
0.122228787384311 0.0406040502203971 0.0417257076918591 0.0612302738079527
0.0866615175075492 0.098575178230146 -0.00584354842727686 0.0375812498792136
0.060003534448195 0.13495466935415 -0.0202444879904361 -0.0414314504299004
0.0434214623614192 0.107349227006589 -0.0685057974504594 -0.0934447046772062
0.0690043077017783 0.101818719263571 -0.062643698420179 -0.13024793566453
0.108181267778877 0.0660807145089342 -0.0703353387328618 -0.119863965503713
0.109416365239084 0.0159182252203192 -0.0683102266812136 -0.0853980841580985
0.0848433262598324 -0.0313455013292864 -0.0467322970649587 -0.0518337492520121
0.0629286820941729 -0.0465302570691656 -0.022423620136216 -0.0522114020415852
0.0503288483679742 -0.0599259109089427 -0.00807486263174475 -0.0521876269071195
0.0340639736471179 -0.0595428412986581 0.0146640790292593 -0.0512073107965773
0.0410424097767035 -0.0585545141874761 0.043225118958597 -0.0539002486127403
0.0652886963647589 -0.0399428111978418 0.0715453516652217 -0.0490811774010414
0.075458018010706 -0.0229721539805303 0.0968505713023119 -0.0187131772627442
0.0931382575605489 0.0153391930124398 0.0823274382838967 0.0273519108049615
0.0931851398568768 0.0523426145195264 0.0379359270447878 0.051816798198739
0.0565792198568048 0.0966471720483768 -0.0142941498877614 0.0166552331617853
0.0281852951657266 0.117396139262408 -0.031048817983838 -0.077386958646678
0.0105454744847834 0.0617534302701552 -0.0800756512214046 -0.107026182484164
0.0341289156599247 0.0616813730406744 -0.0770957982837996 -0.128994784080997
0.0590884515949974 0.0400288280032406 -0.0635197120394465 -0.108839809038164
0.0587991495894004 0.0116116251757061 -0.0544914324669285 -0.0807460133521219
0.0468539730348274 -0.0123756677222308 -0.0285040828869076 -0.0606245879368932
0.0381396289167513 -0.0209189990622145 -0.00772445911943614 -0.0677494947993708
0.0347079208747406 -0.0287501293714782 0.00366387767543771 -0.0696955959621992
0.0259035498661139 -0.0312967709929041 0.0271498126646455 -0.0663835929676069
0.0311656617634798 -0.0301214557451595 0.0610495518206164 -0.0665396347272403
0.0453492870126146 -0.0184401921551462 0.0911858027407233 -0.0514500935795668
0.0508800011913516 -0.00667058561682212 0.111505472760774 -0.0121153660042087
0.0596899895799752 0.0201513659946615 0.0850556362117078 0.0306040353416112
0.0568837649078389 0.046803807810876 0.0375603620448659 0.0427263155199504
0.025526350151493 0.075449983541845 -0.0132612021772385 -0.00199109513654281
-0.00292820966412253 0.0817756355292922 -0.0312257104326666 -0.106152355455638
0.0136052080916832 -0.0239249118183674 0.0387211818941428 0.125656926835234
-0.0102766998005555 -0.0301613715907426 0.0249789371576369 0.0300866222775081
-0.021850712850554 -0.0220302095112611 -0.0342303060081444 -0.0357106236246828
-0.0169832717254196 -0.00373534315672554 -0.0820680448129066 -0.0391030171046194
-0.00683492491687779 -0.00342649738246152 -0.123770894276149 -3.78179981398707E-06
-0.0107713134380388 -0.00671472512055231 -0.116641119755058 0.0561759417891103
-0.0180934066203496 -0.00368536817773143 -0.0751051651559396 0.0795995260208547
-0.0175696220482797 -0.00124807957769064 -0.0349231862092377 0.0805628859365489
-0.0205819359082707 -0.00742756868978497 -0.00629944793347963 0.0787462800007476
-0.0160423651446886 -0.0173288311850297 0.00784880907543661 0.0768003181363895
-0.0083308611456994 -0.0212126930912897 0.0250947617497751 0.0671599330725212
-0.00195361495082894 -0.0224481918029917 0.0456850493932724 0.0732952257277889
-0.00060734683414326 -0.0270012919223801 0.0553175775324734 0.0912371995680354
0.0163103526798146 -0.0265045168704911 0.0754696963922144 0.0967207925603182
0.0295683119498358 -0.0188990463018813 0.0897577233139959 0.0920392102492273
0.0389942017129683 0.0318811195076618 0.0254371260401713 0.112655011862123
0.0163667403178222 0.0180409190574897 0.0158757777016851 0.01875596816161
0.017090867593516 0.0133832650170731 -0.0433735544829175 -0.0464935825436429
0.0257074191256722 0.0160782928815821 -0.0866838392028926 -0.0480695290966192
0.0340877417572373 -0.00581476091182028 -0.128202213893078 -0.0074899909396401
0.0238183309014743 -0.0240619460609054 -0.120247814671805 0.0473484834805073
0.00679672103360539 -0.0332963011749464 -0.0792859111487656 0.0731406672901817
-0.00398496702308073 -0.0330502689622248 -0.0376710678367682 0.0730896865704095
-0.00871357737044456 -0.0437408455481328 -0.00694241890029761 0.0702632155914751
0.00585750520311569 -0.0488056648596407 0.0103627880101003 0.0649321689217904
0.0208189757959814 -0.0490263885562891 0.0297462454011173 0.0571143489413788
0.0453235186415521 -0.036024452074296 0.0509996637909885 0.0665875828545727
0.0533939919449092 -0.0186625231409493 0.0553368820119735 0.0876713067179515
0.0579820294729049 0.00808603778767053 0.0701553293741163 0.0878362370938527
0.0637531295292512 0.0312419915998901 0.0805613107244635 0.0823547351742585
0.0584567343569101 0.0840953309099018 0.0103246469842021 0.080734589090472
0.042808019598243 0.0671291727849524 0.00742686999130707 -0.00748554057535554
0.05946525247758 0.0497387618831848 -0.0524526973313198 -0.0677154097026846
0.0714683031812101 0.0315519730747581 -0.092790024438339 -0.0602472065894254
0.0728123842402973 -0.0111985657016638 -0.12626370157831 -0.0126563133118037
0.0561127457597974 -0.0401422379933834 -0.112879747064399 0.0344399388429902
0.0315337802102135 -0.0586980789429839 -0.0745585687079868 0.0568176008939986
0.00986088799081275 -0.0605020032318389 -0.0347504777375504 0.0555927359397598
0.00410046820389868 -0.0721546500794046 -0.00482549009968134 0.0505617628911311
0.0253878577065625 -0.0723163599529394 0.0139193919176346 0.0432052821446672
0.0436804475521551 -0.0700937139695328 0.038479629959427 0.0386237851457771
0.081504634044788 -0.0478282457004408 0.0580499065318054 0.055625447327514
0.0964585419002796 -0.0133431089195636 0.0554386306515725 0.082549782672124
0.0914674657821215 0.036248934682111 0.0557318529912757 0.0782917142508789
0.0891238186366737 0.0744307692436324 0.0614304298657403 0.0599620559809044
0.0740897466189405 0.122769153289706 -0.00691935463324163 0.035081486092167
0.0706174342508267 0.10665304206168 -0.00306875515575886 -0.0454263639669186
0.102779014545114 0.0748111594385139 -0.0631371526805058 -0.0921034518254115
0.115876231257553 0.0349296072579677 -0.0979602659906848 -0.0708078423531785
0.104121221530648 -0.0247202190486343 -0.117937170976997 -0.0163480281447203
0.0770453250450314 -0.0570630343559236 -0.0960749875912593 0.0200058105171381
0.0476635154767478 -0.0785823804190033 -0.0604164394301667 0.0349702848226511
0.0203006913765036 -0.0793911644807805 -0.0262541402691268 0.0306618493012972
0.0150970298076378 -0.0893678805854912 -2.17675158103855E-05 0.0236800879911433
0.0412843184974084 -0.0843122830625897 0.0208367307911436 0.014814080729472
0.0618587296578165 -0.0792150856663516 0.0491869922869792 0.0155223048779863
0.105209918213222 -0.0508354270848061 0.0671557992262074 0.0418709604846465
0.124623745679121 -0.00578999378172869 0.0553625309454689 0.0747357472546943
0.111197970818848 0.0591499533477407 0.0371114283876027 0.0674995582185696
0.0994196163407953 0.106369629288856 0.0315107988316285 0.0313754140340655
0.0796421213056673 0.140129846126822 -0.0278910571134191 -0.0157417242682126
0.0904531729991905 0.126965286471484 -0.0205747852798964 -0.0843256757417467
0.132888959055743 0.0853977630252946 -0.0711449651859993 -0.111505972941591
0.143159967757632 0.029948477141009 -0.0957253682629882 -0.0806948566190426
0.117784324790568 -0.0371634436063058 -0.098278422792757 -0.0255962732942441
0.0849079207105284 -0.0662973595050645 -0.0715608110972751 -0.00257044561726248
0.0563569120667593 -0.0872275224830933 -0.0432512982543447 0.00532597250543763
0.0286341039649753 -0.0856043240465991 -0.0149056239730302 0.00112798644609408
0.0280644420343345 -0.0921997285793173 0.00934701994014303 -0.00650469753316764
0.057739940274362 -0.0818058845702729 0.0312967984545552 -0.0145766373802589
0.0767242340840339 -0.0712482242437472 0.0614834852787679 -0.0054908017211658
0.117668998663184 -0.0357513950731378 0.0734622599505971 0.030063293265397
0.133890806711724 0.012168280760089 0.0509062586915891 0.0670904809669879
0.110047193274675 0.0803989625701978 0.0146400118706348 0.0542259949750693
0.0911309122335068 0.126497100225446 0.0018879283081899 -0.00214711784372232
0.0714511356905555 0.133080855441895 -0.0518201530475632 -0.0607432845552095
0.0916070463689175 0.123392627292975 -0.0436052711278697 -0.113748599420426
0.13518845598949 0.0791153059407342 -0.0752873853994858 -0.119463270241885
0.140740806591797 0.0205138605333483 -0.08494449311522 -0.0846377413727842
0.109269563934351 -0.0416411128859001 -0.0724393650359217 -0.0376099342622226
0.0779119586255376 -0.0644986857578557 -0.0461280196654722 -0.0284487863007314
0.0549324555907611 -0.0814131212384092 -0.0252254079391531 -0.0248747860611829
0.0328435218714937 -0.0788696196427389 -0.001380872552145 -0.028131122272998
0.0369350887361796 -0.0810354496412576 0.0236693135583767 -0.0340112461442851
0.0668032764276487 -0.0655414134577214 0.0482609119538897 -0.0379372347996764
0.0822973528136634 -0.0498297766286621 0.0782305934335409 -0.0188921978914236
0.114063205972429 -0.0105184399061116 0.0792817522986021 0.0244445621604607
0.122028056299086 0.0344744397886085 0.0455441895764811 0.0586081047731393
0.0905297159576617 0.0946125092616477 -0.0033816692487655 0.0369359299173099
0.06612009039052 0.129953108863585 -0.0212085260531049 -0.0394943665968457
0.0487795830284483 0.103806174088227 -0.0720979850968248 -0.0917432940783645
0.0727290216624674 0.0970935955873518 -0.0665840978241424 -0.126864087550652
0.108282228067165 0.0602676489793064 -0.073759643260838 -0.115911849098584
0.109070430936674 0.0119764153436772 -0.0702227035307612 -0.0827658346580215
0.0818071257903641 -0.0340575141129895 -0.0473129124192784 -0.0498772979826241
0.0599314286940246 -0.0488236945667584 -0.0242803958011181 -0.0519481758997671
0.045820275272356 -0.061391370148834 -0.0100422117440522 -0.0513777806258714
0.0306948566604345 -0.0600069569563734 0.0125983822123355 -0.0516027068271257
0.0378001052765263 -0.0591588361457444 0.0409358169012026 -0.0555931997219738
0.0623072100971317 -0.043527487660671 0.0687808243374016 -0.0516011544202449
0.0734676283037064 -0.0256074065801952 0.0953340807409891 -0.0218879404227837
0.0932158180263877 0.0108965986430134 0.0832812013090325 0.0237196368481188
0.0942499456320504 0.047336391183257 0.0407365760955548 0.0495074961727617
0.0600729678421025 0.0927794024768566 -0.0126319623527977 0.0165681391922564
0.0331895367533419 0.114526566859753 -0.0333735754004761 -0.0745762439969875
0.0133871648887692 0.0593491665730586 -0.0838536596487048 -0.104119843364146
0.0361980185950953 0.0593559702235518 -0.0812863204693041 -0.125111779100251
0.058818161810896 0.0368100595240375 -0.066616780222963 -0.104988861784204
0.0580672217842192 0.00980457440989784 -0.0567051570798612 -0.0791076331625485
0.0451259876561711 -0.0140187901177116 -0.0305964518848879 -0.0590697254153147
0.0362355260258118 -0.0213004994437308 -0.0108911532230507 -0.067747603175672
0.032625992270531 -0.0299925844170755 0.000973025724163939 -0.0691331737956915
0.0241440802052712 -0.0314409297367793 0.0242415525098008 -0.066942918809888
0.0285846930643032 -0.0305617373756894 0.0577404553020793 -0.0684168525900549
0.0438520152787894 -0.020618501190492 0.0879438453749866 -0.0549755545754526
0.0489603577081482 -0.00833305601406841 0.110198544588817 -0.0160040560653892
0.0595724963360617 0.0175553043582618 0.0860084427529728 0.0269752672660745
0.0577315194850895 0.0440007877980151 0.0399391429490095 0.0407553407514563
0.0280803117977758 0.0728437951827633 -0.0125131864145405 -0.00103766592071266
0.00114719255236542 0.0802027182265734 -0.0348675427453082 -0.102798060356571
0.0112225279292145 -0.0229034473145309 0.0544531441183584 0.114029003554928
-0.0122159967457497 -0.02654649551118 0.0291617213032267 0.0241217174620549
-0.0243882895953238 -0.0174214658909847 -0.0361881623251264 -0.0311522279925152
-0.0180596538036941 -0.00114178486949915 -0.0838308000727131 -0.0277247595428399
-0.009427562167785 -0.0019535022455149 -0.118956539622208 0.0168310025276949
-0.0128507517729858 -0.00250793076367724 -0.102323671518998 0.0702483834381535
-0.0186383730870165 0.000572153143778583 -0.060355191118943 0.0867884396721016
-0.0159345782970207 0.00213924341716436 -0.0232541546935423 0.0816194738748107
-0.020291032462485 -0.00338802352442997 0.00336717502740723 0.0763538215340265
-0.0171558922481272 -0.0148239185566633 0.0177585618182763 0.0738973981398062
-0.0107848087141933 -0.0196996263743511 0.0320973484489559 0.0625044454644419
-0.0043951566175374 -0.022894445992979 0.0526443917346868 0.0661876517106421
-0.00289657775853451 -0.0264963314173748 0.0635988815450569 0.0829588559895858
0.0128164178215572 -0.0287787306307604 0.083932068168668 0.0852730645132844
0.0258986840130877 -0.0224844993660428 0.0961438859036706 0.0792167797825217
0.0445683769600325 0.0259496221232262 0.0370298260836148 0.102440911479619
0.0199536046346786 0.0149380585742715 0.0169463754870828 0.0154215530474401
0.0185780009572659 0.0100658216793031 -0.0484315893247279 -0.0389421810969085
0.0266401135039458 0.00980042796318296 -0.0919826361400074 -0.034344334867621
0.0292072731817995 -0.0103335735293502 -0.12437839048934 0.0125652081735929
0.0175840706884041 -0.0242165181887099 -0.106626741443586 0.0630208630516495
0.000811185338605918 -0.0326985677312345 -0.065410875768908 0.0824990456177363
-0.00776388524378587 -0.0302589610860142 -0.0262358471936941 0.0748491723791525
-0.0137501271933362 -0.0401865551819557 0.00259210699976802 0.0679712308533609
-0.0010868971804554 -0.0483492772971202 0.0181551593099838 0.06314516958512
0.0133793522853135 -0.0504946265212857 0.0360247156521075 0.052268006210053
0.039538943614096 -0.043507673679481 0.0557593305637502 0.0594998454026269
0.0493562815627382 -0.026746455906282 0.0624302576879126 0.0783804098570317
0.0573453050046334 -0.00151479085083419 0.0776733679628751 0.0761324060170487
0.0658053179481315 0.0214007259768528 0.087214830366977 0.0684638318680076
0.0718181248730178 0.0726238711588783 0.0158323585051951 0.0732191981960421
0.0536846211376739 0.0574042262066433 0.0029991645961443 -0.00946631604255416
0.0642852066643595 0.0376803699845867 -0.0630327616935504 -0.0568400504403682
0.0730658172166911 0.0172155216866436 -0.100978732872809 -0.0438836913083454
0.0655281114134222 -0.0216044261975068 -0.123583630337779 0.00852992204474886
0.0459129400037528 -0.0450132117634345 -0.101638059355166 0.0508716737660783
0.020135901845406 -0.0616727682420836 -0.063900170799572 0.067215296102408
0.00127096104491013 -0.0580986022020215 -0.0252994634501035 0.0573936815307827
-0.00660058794881679 -0.0699105089622818 0.00197624230288719 0.0490928600120905
0.0143631714604986 -0.0740928030778927 0.0192332021403134 0.0415167044226203
0.0324054998563401 -0.0738959203413625 0.0420965472848029 0.0348357266474936
0.072906231870929 -0.0600619085518509 0.0613323162217133 0.0480457399199684
0.0919643319937013 -0.0279044403867574 0.0614437603833115 0.0731585512588413
0.0939694628568272 0.0217584899912813 0.0638623458277778 0.0668691079823506
0.0963604675711622 0.0598353498009719 0.0672367416686804 0.0485034253903529
0.0917984659619083 0.105304195542141 -0.00834274900012095 0.0326381920390973
0.0852925545403818 0.0895882356060439 -0.0146892701233235 -0.0431969235954962
0.109680488495121 0.0547061482964161 -0.0791547545680021 -0.0768688935579303
0.115862990368945 0.0140478505572896 -0.109226163507401 -0.0516664425313847
0.0932475506344804 -0.0386524911781179 -0.114266813788993 0.00520449709529942
0.0636072217997852 -0.0642294109121725 -0.0874000522978079 0.0353379848137245
0.0335326897831627 -0.0839399217746975 -0.0538492482600239 0.0449432360767388
0.00884330510976358 -0.0774081817944861 -0.0207964451587215 0.0325328721390688
0.00143945356476598 -0.088070507578783 0.00411652177921263 0.0223868626462579
0.0277249875858769 -0.0888341898147185 0.0221968480138517 0.0131095363172884
0.0479756732321927 -0.08544333050644 0.0490470905264593 0.0107292002329144
0.0949384963228748 -0.0667996644459659 0.0674758104064478 0.0336442241320514
0.119529565306256 -0.0246784949621467 0.0601279990280322 0.0648549783808338
0.1161605186922 0.0411250914835054 0.0444019379250984 0.0579261777150924
0.1107835147514 0.0897670168337978 0.0360378830571165 0.0235181648532346
0.0993035864638034 0.120277766557794 -0.0369497350693747 -0.01294922675846
0.106253118014271 0.105093030792478 -0.0380498302435704 -0.0774402821462554
0.13846973336646 0.0602394565325891 -0.0895533822413138 -0.0930648211221234
0.140661024815289 0.00439667238751377 -0.108346555105545 -0.0595899658230604
0.104657619724562 -0.0526435994271844 -0.0967593461401602 -0.00583975317034932
0.0695366287068428 -0.0749475795218086 -0.0673197316384702 0.0103318398497684
0.0394337755846846 -0.0939338748548773 -0.0413452699969152 0.0148020768350008
0.0159108912493345 -0.0851988779837043 -0.0135943745784278 0.00277476229227069
0.0130444701410237 -0.0933371679719481 0.0094464213405515 -0.00781663072713067
0.0429112229311611 -0.0890319419668154 0.0281707253182994 -0.016289408908454
0.0633400287228755 -0.0799129999757372 0.0581678034235095 -0.0109844015286494
0.108807754048669 -0.0541208310850444 0.0721347881540911 0.021776041562267
0.130809322534459 -0.00804451262345258 0.0549968788378872 0.0575521033576157
0.117763399730307 0.0612406900598895 0.0216630185282328 0.0481756817784305
0.105101655644 0.110775447888935 0.00457535179743095 -0.00604308830034921
0.0889206375073529 0.114232536007 -0.0645273704983395 -0.0524097611539744
0.105345498201074 0.100020033759861 -0.0650703532733577 -0.101334071385183
0.140116998125348 0.0530908879931321 -0.095056915960727 -0.0994837735519604
0.136678285149661 -0.00479393036173807 -0.098477452349368 -0.0640711321653184
0.0962620824404108 -0.0561322972588253 -0.0737169544834983 -0.021695285046481
0.0636879550462783 -0.0723391598622854 -0.0466822080863672 -0.0181113993740216
0.0389702397418952 -0.0885054662912084 -0.0280324306488691 -0.017025775162638
0.0199203015654152 -0.0791754457469547 -0.00400705425393212 -0.026850360612796
0.0231456436732258 -0.0840515558756702 0.0193948629590152 -0.0356459739175752
0.0538312049155794 -0.07494286921336 0.0418398593646567 -0.0412822257156315
0.0714549401165933 -0.0601172012186106 0.0724183575850324 -0.0263634517252294
0.109375073296588 -0.0292567613135175 0.0763967046306781 0.0148403065026001
0.122478638259047 0.0146298749762068 0.0486808761678904 0.0494335327044878
0.100541911357461 0.077936725938286 0.00262500775925235 0.0334450879379863
0.081218696313517 0.117425197912937 -0.0210412597496525 -0.0382919014425004
0.0617883629930937 0.0892871819571511 -0.087386981131959 -0.0794107639018465
0.0821372360985643 0.0792082335131438 -0.0872329401312905 -0.111225324925109
0.110556062282874 0.039765715007104 -0.0912862931497931 -0.0968507077302353
0.104441015973955 -0.00751661116120924 -0.0825608882372545 -0.065925438408471
0.0712912856043849 -0.0450471440487651 -0.0515865058563683 -0.0382541081328368
0.0485372171327963 -0.055561509316396 -0.0304382716293725 -0.044705545550984
0.0335098019430521 -0.0677284862570258 -0.017167461420145 -0.0454645059448131
0.020822178881201 -0.0610928767111386 0.00581903108686256 -0.0506204179760206
0.0269834365792377 -0.0633730754754539 0.0336708021501583 -0.0583054175205984
0.0533390136699292 -0.0528633900441338 0.0597082830368744 -0.0570861681023795
0.066346182224321 -0.0358902694484341 0.0885581744218908 -0.0318859581587547
0.0921733371289629 -0.00477464383895055 0.0816634097415414 0.013292493480113
0.0966842075749891 0.0314683765944203 0.0441917442503944 0.0407979987513955
0.0700701483951235 0.0809045284974113 -0.00817388811062177 0.0156912637294735
0.0476362729276629 0.106281916171679 -0.037235935554308 -0.0699403055619686
0.019852732519595 0.053004942712505 -0.0974927041885691 -0.0898209809035063
0.040567101022318 0.0486519826047432 -0.0986827085757633 -0.10771707474675
0.0599239424912297 0.025249993344233 -0.0813774137007562 -0.0896468822720743
0.0559246280450937 -0.00113574598619149 -0.0677562473586543 -0.065886740919698
0.0394705855404232 -0.0203452235119823 -0.0375731840956381 -0.0513457334829894
0.0303118723134508 -0.0265730376257768 -0.0203785529352878 -0.0621652303497926
0.0257639634634963 -0.0354729080184435 -0.00966532807453182 -0.0647189162534221
0.0183760224982177 -0.033902465501626 0.0150467171149141 -0.0668660802015841
0.0230412038453055 -0.0350092826938338 0.0473573748274903 -0.0728259267138567
0.0387885171380837 -0.0274930922215493 0.0778930767735399 -0.0625670730064844
0.0456378934192582 -0.0163235639079389 0.103470143358995 -0.0280489093930883
0.0610684611863586 0.00714355319194528 0.084834297290858 0.0168692660227269
0.0606787387339631 0.0335210158062497 0.0427186017513108 0.0334134471122165
0.0362919640322277 0.0661893161040066 -0.0100634722985625 -0.000653193479738757
0.0110373697027401 0.0772031276176344 -0.0425835118462483 -0.0949636886588915
0.0101007490726597 -0.0215338158642134 0.0536856900696078 0.106934174128956
-0.011491649555657 -0.0250518880694553 0.0279142249449475 0.0219609884060821
-0.0223417117641794 -0.0161608251695018 -0.0351093816208591 -0.0300950789182607
-0.0166344735736511 -0.00146380440426495 -0.0815618798497634 -0.0255856168921875
-0.00958140003219546 -0.00241735870982009 -0.113093237879729 0.0190107380977632
-0.0117389481661994 -0.00295532033073297 -0.0957369120098737 0.069748893035099
-0.0174969716492379 0.00117550252508771 -0.0559351838952791 0.0848758973086203
-0.014918161578409 0.00202449015406419 -0.0215222310156323 0.0784997515859642
-0.0189231878544539 -0.00350891280075387 0.00526426800291072 0.0724104388990729
-0.0172492720115646 -0.0138983898506821 0.0192412063013225 0.0702971351876388
-0.010706610059768 -0.0190395127954189 0.0324805478166504 0.0590408567985819
-0.00481017034630691 -0.0220364009980006 0.051704368097372 0.0626439760054316
-0.00278490982804685 -0.0251480654404803 0.062243125570522 0.0787379065999416
0.0115912935385612 -0.0281894077616001 0.0813390217694584 0.0807496326888041
0.0233027515141336 -0.0216942092111582 0.0940292974110641 0.0749382388097135
0.0435934517706657 0.0241745084675599 0.0372217577907363 0.096389668929073
0.0207440964370237 0.0139956788723948 0.0158237313203047 0.0133843917261546
0.0186946706098288 0.0091931497423972 -0.0472221077613077 -0.0375558324224514
0.0265037864487691 0.00859210217599846 -0.0890310506881861 -0.0326384259920669
0.0278432925183548 -0.0117183657480379 -0.118520210100893 0.0142284501219229
0.0163077199329218 -0.0247868413092117 -0.100357868592619 0.0628292213467967
0.000168191596861252 -0.0306616221638603 -0.0605239206503226 0.0804049513231498
-0.00777136449538626 -0.0293777965558742 -0.0241253278307559 0.0722818783586539
-0.0142926066067075 -0.0377650705892149 0.00399977866063969 0.0640536220055693
-0.00213431810306814 -0.0465857166294822 0.0193415496639216 0.0597806265027832
0.0116872665964708 -0.0486705935185758 0.0358570640280784 0.0493906118155269
0.0370687076328982 -0.0427428556321456 0.0545858315821449 0.0555411487339107
0.047623388904021 -0.0265963592760519 0.0616823353744486 0.0736598065494095
0.0554570622628715 -0.00266944865910343 0.0754836764444165 0.0718285308573462
0.0629587921287897 0.0192469436447024 0.0857182605160829 0.0647574316788231
0.0703097880429427 0.0671604138115729 0.0156147039369111 0.0690712594763842
0.0530952826943831 0.0541553794010169 0.00253402583256532 -0.00956382716523628
0.063251181509859 0.0346489594663624 -0.0607492708253588 -0.0542814005485708
0.071705973524337 0.0147881303809137 -0.0979465405454288 -0.0416510824600121
0.0630676877373661 -0.0229427502077203 -0.117912659546418 0.00981534057577626
0.0426448643274251 -0.0447676583026095 -0.0959578330601629 0.0508792270754397
0.0180122474748886 -0.0597785168633876 -0.0592920601856795 0.0655486455119781
0.000450742574515893 -0.0558654325585985 -0.023907516604989 0.0548246690352263
-0.00741351861495219 -0.066053886874185 0.00317521008360942 0.0460241636299568
0.0113325623320054 -0.0721402497846427 0.0198068462534099 0.0389817579611707
0.0292836611318619 -0.0716760164432556 0.041085144242529 0.0316761962744294
0.0683056960488132 -0.0601281168687443 0.0601118154981895 0.0443211027861441
0.0875458431981499 -0.0285430096846851 0.0607706941156275 0.0682169814529383
0.0912090763891992 0.0181135258709631 0.0625483531397123 0.0630449197516271
0.092989029874157 0.0552325810216767 0.0663087398230529 0.0457132557034839
0.0909296362520075 0.0978412065166407 -0.00808880421403144 0.0300151902356385
0.0839951571774359 0.0841008910757975 -0.0154920736922443 -0.0414393812931436
0.106709375824445 0.0506447960357969 -0.0758679834863981 -0.0731151924145244
0.112928203403371 0.0106037766721295 -0.105605949339995 -0.0491345925384232
0.0888228162415142 -0.0395156727998421 -0.10886713924862 0.00630143404536797
0.0599431336389995 -0.0631917260967336 -0.0827656803264641 0.0350740527514707
0.0288059585560633 -0.081309132776587 -0.0501219209479943 0.0438052538677282
0.00687257839770723 -0.0746418713934751 -0.0193655514817488 0.03077206371793
-0.000909419274425902 -0.0840931980685691 0.00421490207339078 0.0206835403585918
0.0242976504612617 -0.0864203435638199 0.0219505738638188 0.011949935323686
0.044245428810915 -0.0830084402801285 0.0471463892935667 0.00846119669177267
0.0899308457455799 -0.0668963802033343 0.0657354753203335 0.0305610867541772
0.114116029056211 -0.026782222555796 0.0593381473149487 0.0603786394248269
0.112331208246466 0.0361287392794588 0.0436361114538069 0.0545900801246894
0.108171311323191 0.0828473927531923 0.0362336333160024 0.0227494095492829
0.0976730310397651 0.111811287971447 -0.0362090803957576 -0.0135853992230671
0.104335369529286 0.0983406491643664 -0.0387638264957547 -0.0740361491977478
0.13455550615963 0.0547264051572065 -0.0870431334828662 -0.0889172071641682
0.136202227484867 0.000870692754179656 -0.104647317502394 -0.0566727643368726
0.0992779499215128 -0.0529454822555455 -0.0922955689411142 -0.00496247198501522
0.0656086219829943 -0.0736837073483684 -0.0648931898578993 0.0108772048599089
0.0348739114742505 -0.0910820649469998 -0.0383078295308664 0.0144478660888825
0.013166215982467 -0.0816400523471347 -0.0131208260623277 0.00210024899072375
0.00983839474607049 -0.088480116452855 0.00870569672656681 -0.00847074245164916
0.0391755886298872 -0.087060331492738 0.026632045057287 -0.0167379953987367
0.0586990674027484 -0.0778112334268089 0.0562100496987664 -0.0122583292512969
0.103546609839116 -0.0554348808364013 0.0697824450166535 0.0190533362605885
0.12512563291812 -0.0111995745632478 0.0543296258517265 0.0529586693966789
0.114940604607264 0.055744809475446 0.0222282978010947 0.0449360391359834
0.103406228297701 0.102503670564906 0.00503910772069891 -0.00539861940824919
0.0882408061905758 0.106090449132404 -0.0638718675041676 -0.0505011992336681
0.103610232306714 0.0942369119191118 -0.0639850410065264 -0.0963454518448369
0.134716520618308 0.0486325346082066 -0.0920883772450444 -0.0948708420902286
0.131723951492021 -0.00754398454772117 -0.0955413247057208 -0.0609752986829099
0.0910970651572417 -0.0553017211244736 -0.0706354575020645 -0.0201981733453144
0.0590292755591613 -0.070702437384361 -0.0454230151347201 -0.0172668438897873
0.034868436857656 -0.0854180927605036 -0.0265453648392024 -0.0168920190694603
0.0173234953613771 -0.0759242722100813 -0.00494468890553223 -0.0261290817707115
0.0195656647039269 -0.0799200741334172 0.0178712297666459 -0.0353449959449891
0.0496523676514928 -0.0737771821600045 0.0384775303828061 -0.0404758562656449
0.0672615218128383 -0.0591949839881075 0.0686477868198462 -0.0275451516719247
0.104297593317143 -0.031030892646086 0.0743585982522934 0.0121996638750476
0.117578174236874 0.0112328417814093 0.0486560612516028 0.0453685463182241
0.0981853568080125 0.0714267683614147 0.00330803735804057 0.0314807362912245
0.0811293220261134 0.109560903387051 -0.0202433944661344 -0.0357958928943394
0.0611886754808513 0.0822585449320232 -0.0862430506695825 -0.0753347673988358
0.0802602780244602 0.0732603343969997 -0.0855516049059872 -0.104834449785915
0.106128198377409 0.0352762675890081 -0.0887078678295751 -0.0920608777450374
0.100866736165488 -0.00953019002623671 -0.0808675522012301 -0.0624540240644377
0.0675412969781151 -0.0443599631259433 -0.0504663282509386 -0.0367090327481148
0.0448430188896169 -0.0538242853875957 -0.0302598990507028 -0.0426068750476262
0.03002158910868 -0.0658042284695697 -0.0169245798363349 -0.0434335252439565
0.0184900526617139 -0.0590088336502771 0.00426964283299423 -0.049563777323004
0.0237130126375451 -0.0605482545389859 0.0309665612469724 -0.0571670254620289
0.0497836122858736 -0.0520810327205605 0.0556602554849159 -0.0555755017176522
0.0624898654888417 -0.0359890859911295 0.084165557374872 -0.0323316762738114
0.0882100664590619 -0.00727557379709131 0.0788623138674584 0.010978779427755
0.0931910544567372 0.0287330747937884 0.0441648073907309 0.0374280642095362
0.069504629330691 0.0751980014509453 -0.00701855105508252 0.015170880611762
0.0481612575479114 0.0996007624100633 -0.0361834447634861 -0.0655709123817058
0.020899897765302 0.0488179885661154 -0.0962006523311628 -0.0849214173978335
0.0398806521208141 0.0450343521959186 -0.0964919337227248 -0.101070593662016
0.0572167695669446 0.0231452303027987 -0.0796513001886545 -0.0852240069428145
0.0538732423363649 -0.00211834455770669 -0.0663649463121194 -0.0624607521773507
0.0370888690985518 -0.0200725834944979 -0.0369144874943371 -0.049991734975047
0.0279198965130229 -0.0254112898814996 -0.0212096630939984 -0.0598991897938328
0.0237992421538567 -0.0342599790098516 -0.0105519963686196 -0.061986132496138
0.0167062945031855 -0.0326006684262916 0.0135510223769624 -0.0648733299075467
0.0206639873150045 -0.033659644255404 0.0441945861522162 -0.0704528681878725
0.0363359859440671 -0.0279001110100789 0.0727800213158659 -0.0612045095274115
0.0434518718371656 -0.0163719221739572 0.0987550218438178 -0.0294495771932748
0.0589854902585321 0.00505797967532312 0.0827696536435266 0.0144255451047717
0.0583364297190032 0.0307424715950895 0.0430493899518827 0.0308098528015168
0.0359980320699587 0.0613237420670167 -0.00948579089036667 -0.000619807414127916
0.0128088947142747 0.0730056247093347 -0.0421271830427256 -0.0897716656192382
0.00953395418365077 -0.0203691645417703 0.0515053492088889 0.1028525988628
-0.0102547000626823 -0.0239796379951495 0.0264511938177078 0.0207763435740245
-0.0206579196911791 -0.016058386362536 -0.0345642210856169 -0.0302715344780891
-0.0154044865159256 -0.0019925093711522 -0.0799954910081732 -0.0260302345322282
-0.00881189625445435 -0.00355143970058626 -0.109978762938991 0.0176990033158541
-0.0115268606221846 -0.00302248318362792 -0.0924358722734301 0.0671717815165806
-0.0164502119830401 0.00119905766093371 -0.0540422721812523 0.0819082094092205
-0.0141980421203285 0.00091927122147057 -0.0210928547111221 0.0764616594840767
-0.0178899112805353 -0.00373339460239701 0.00501526164182917 0.0700180955239924
-0.0161669152994368 -0.013308073466968 0.0188779075874092 0.0684716548331075
-0.0104148403758975 -0.0184341466309926 0.0310367952134607 0.0577307090152381
-0.0039327447060236 -0.0213489826996649 0.0491981420332557 0.0604975887983993
-0.00179155528915772 -0.0247416677306513 0.0597346951456483 0.0764993068778782
0.0111584902285008 -0.0266779010026399 0.077899568569935 0.0785631916704487
0.0222817072152044 -0.0201398601402302 0.091568328683311 0.0734467757295145
0.0416226428590897 0.0236017414504846 0.03482914364283 0.0920798843866186
0.0204778467675349 0.0139436028605165 0.0152983215701432 0.0126919337831164
0.0195317612937586 0.00915744440851302 -0.045437125006244 -0.0382112866748517
0.0266827342525469 0.00749077381237077 -0.0866203838801745 -0.0331207654975447
0.0274701834339739 -0.012229946010431 -0.11480130576075 0.012681560826716
0.0163813880391224 -0.0247084179076734 -0.0971167711287287 0.060545261056125
0.000201650069811905 -0.0302185373096016 -0.0582771885195642 0.0768431720350723
-0.00734403993007185 -0.0285753646144266 -0.0242292072573782 0.0700169745255469
-0.0133307197932675 -0.0367346999296052 0.00376839040551451 0.0618896926656758
-0.00218834483028052 -0.0452561543870224 0.0192946805820023 0.0579332576486515
0.011271713865754 -0.0471868900920791 0.0343396132949081 0.047912618795547
0.0362333704451585 -0.0417215778394707 0.0523548701173821 0.0534290555277018
0.0462430718565062 -0.0257526847343633 0.0591483668669374 0.0717465203975987
0.053670912132311 -0.00220072044304058 0.0724147758141617 0.0702205254820396
0.0603209228414428 0.0192014102174418 0.0832262975923856 0.0633709121390693
0.0681258142625754 0.0651659681739419 0.0141955737168589 0.0651850724339459
0.051691617980621 0.0524007741232792 0.00249750696013855 -0.00964909851864822
0.0616213959751971 0.0341907897908808 -0.0580705222709756 -0.0542119627410883
0.0714024355064446 0.014077191726822 -0.0949768918388292 -0.0424938104634548
0.0609663063106946 -0.0228626767938028 -0.113286677638115 0.00840891003645822
0.0421767149363084 -0.0443447229932921 -0.0930985885118835 0.0479945741446466
0.016989802941057 -0.0576945662899536 -0.0565746479294078 0.0625788641630912
0.000470424391571197 -0.0547750898670072 -0.0244877136760212 0.0527711736387351
-0.00748641221462597 -0.0637793548070763 0.00300437720915173 0.0439794698434991
0.0111309141163794 -0.0700784267194789 0.0192327943485842 0.0378693687710245
0.0284700179674143 -0.0693652996597416 0.0397939909806865 0.0306952334557022
0.0662294870877197 -0.0584855105167156 0.0575006714941611 0.0429414046805663
0.0848712939325423 -0.0277386782553631 0.058961407927655 0.0661617030989993
0.0881260177584028 0.018085320192245 0.060023102830302 0.0613963668096821
0.09012366489603 0.0532962145744998 0.0642958151319899 0.04462242532025
0.0878081770871065 0.0942488421018103 -0.00921465685395166 0.0273264796434903
0.0819669490553999 0.0820776522539659 -0.0142782312979783 -0.0409267731677818
0.103123436149669 0.0494271244575907 -0.0720560389332798 -0.0722518732179404
0.110857956991573 0.0097861554623998 -0.102095547649512 -0.0495894131684626
0.086626742129252 -0.0384407865105017 -0.105337817139769 0.00425598814857687
0.0581290384541459 -0.0620425490177498 -0.0800896163235306 0.0329358423803964
0.0278012096530738 -0.0786351716106719 -0.0475974702866655 0.0415159298841384
0.00621930200197834 -0.0721573819149953 -0.0200245582776293 0.0295192623983262
-0.000367694131162038 -0.081048688672475 0.00396298317629886 0.018852465971147
0.0231062736362716 -0.0841675232392854 0.021328808862948 0.0114750447438911
0.0427569832903831 -0.0800289617102688 0.0459285046606227 0.00827173983189614
0.0872115015366353 -0.0652199886153998 0.063278927844729 0.0287947685220375
0.110252938712032 -0.0253844933214352 0.0577420230955873 0.0583744910707373
0.10887463639773 0.0350282475327071 0.0420648084760228 0.0534623230340553
0.104677683496563 0.0797422939580124 0.0353511101808749 0.0220506557375142
0.0944171310543454 0.107016400604959 -0.0360409191806211 -0.0136967825321243
0.101031235824358 0.0949585816339367 -0.036698361479579 -0.0716210629066616
0.129684447964128 0.0537363390756433 -0.0828507611654938 -0.0873391808346296
0.133187116008378 0.00099975568340686 -0.101940416657196 -0.0567592503203635
0.0965916521055411 -0.0509599854383545 -0.0885317781570244 -0.00623826905923615
0.0635038046250863 -0.0713136865820912 -0.062727711322176 0.00938081190491205
0.0330503466690887 -0.0876383385675578 -0.036235404077249 0.0129455970482512
0.0127816392982867 -0.0791064264224365 -0.0136699018130569 0.0013730550718264
0.00960183875303972 -0.0850442629840052 0.00803855567145821 -0.00822013134167436
0.0369586851933214 -0.0845575321183432 0.0259191597121666 -0.0159771729013951
0.0572345781868716 -0.075151519006053 0.054373001855401 -0.0123599223466099
0.100157886954722 -0.0540775337075025 0.0678899004412179 0.0179996689890971
0.120883431093599 -0.0111785973992974 0.0524139334389606 0.0508379842678357
0.110963157330563 0.053726131947505 0.0212651777695844 0.0438932200334983
0.100198959016537 0.0985725678293361 0.00575035738423324 -0.00478284159659205
0.0846823564975506 0.101283310873512 -0.06278981822555 -0.0498026993013938
0.100178485558698 0.0902246769232404 -0.0615843394265578 -0.0938020306333495
0.129956405646493 0.0475422628945317 -0.08759834510819 -0.0931230106155763
0.128906547207532 -0.00711971723187359 -0.0924260467064776 -0.0607533611626519
0.0882666652562774 -0.0537260525326229 -0.0680427792987116 -0.0211134306794672
0.0579683424065052 -0.0684992301571628 -0.044358631913202 -0.0176694377583808
0.0327350009585789 -0.083010666971004 -0.0249249971577662 -0.0165426673651274
0.0169713418428239 -0.0732708447007912 -0.00475724171379657 -0.0257864070386196
0.0189150593634952 -0.0768177695350663 0.0174800974030923 -0.0343829555057273
0.0476178573670282 -0.0716439192195069 0.0370389725918 -0.0390544152312385
0.0659395918440209 -0.0573509242616921 0.0667586892189547 -0.026815987491517
0.101200978539443 -0.0305483974348439 0.0722873329645818 0.0117652824458504
0.11347876935706 0.0110588529464906 0.0471403015537 0.0437430212443
0.0948804308567369 0.0687848129523598 0.00314353756566846 0.0307719056201834
0.0782898665121395 0.104571184939855 -0.0190631712030387 -0.0343657317613207
0.0591857206896656 0.0791954765503874 -0.0833381464489236 -0.0742851534919562
0.0777040766917602 0.0704936124055917 -0.082521881699806 -0.101892799863847
0.10228687184617 0.0353422326454662 -0.0842675343963509 -0.0899302304976677
0.0981697566744024 -0.00863360626289435 -0.0779058358454553 -0.0617117253260128
0.0653539477709092 -0.0422100827168449 -0.0482053881455842 -0.0371408104438737
0.0439861596390507 -0.0516139924802477 -0.0298403925106469 -0.0421759718644748
0.0278177176404321 -0.0633780232783747 -0.0160620494811601 -0.042159653203165
0.0179421022582807 -0.0565468418514637 0.0047683272912638 -0.0482836453469347
0.0226841850933957 -0.0577020221681302 0.0302340116606068 -0.055432321520101
0.04773629085929 -0.0506084338805291 0.0533875017630444 -0.0534274480982482
0.0610193414603131 -0.034795482373887 0.0817608384591409 -0.0314083682364417
0.085512513814963 -0.00712605130997315 0.0767974542002658 0.0110255059190651
0.0895887063780875 0.027195336727502 0.0424835026321225 0.0363620138634511
0.0665418359214286 0.07217490038842 -0.00693015099857882 0.0147214756540871
0.0464654719895408 0.0956994905334605 -0.0342303282403105 -0.0627350392725285
0.0201047872652712 0.0463194069204396 -0.0934703209514919 -0.0829686845343812
0.0379465232098944 0.0437124517008495 -0.0924612981085974 -0.0983077609823339
0.0551851343373567 0.0227441084808115 -0.0762267266217858 -0.0830150449936538
0.0521251614540627 -0.00169412993934023 -0.064181391653122 -0.0614697086152364
0.0359809313443094 -0.0187626871708229 -0.0358515832794414 -0.0489961920041247
0.026970842226052 -0.0241291131713962 -0.021392142371406 -0.0583516862458485
0.0224817418885511 -0.0326141704997874 -0.00954863543411497 -0.0599575398108025
0.0165695555159578 -0.0312581349787843 0.0132294210249515 -0.0628884154695596
0.0201850157770877 -0.0315267825771675 0.0434072215223108 -0.0683250327565732
0.0346722563630789 -0.026724393956495 0.0705204905381297 -0.0588081080943504
0.0423437643520651 -0.015730854242895 0.0951548706398058 -0.0284071408796424
0.0565558041535362 0.00493318011041261 0.0803319559294194 0.014050973470734
0.0560178946498301 0.0296626198530313 0.041278387938168 0.0294279068647116
0.0345371856370641 0.0588457619935853 -0.00948438778518081 -0.000453868886142733
0.0122759191135577 0.0693835274900811 -0.0405559884460741 -0.0857181390910935
0.00967531865151634 -0.018749394878459 0.0488965417062367 0.101225952075176
-0.00908858334614811 -0.0240256191238214 0.0260389312586473 0.0206687279393229
-0.0187504428997492 -0.0164642800803775 -0.0340520211457533 -0.0308733048590966
-0.014605147528456 -0.00270235707186378 -0.0798090871031163 -0.0276628084027688
-0.00911484572174132 -0.00399687138807976 -0.109281020433856 0.01561974791956
-0.0108761317312184 -0.00354307281095432 -0.09138205242652 0.0648839342723385
-0.0163028410128641 0.00069118015536625 -0.0545400884817638 0.0799323017769013
-0.013818028925689 0.000672019627513426 -0.0227177071149651 0.0753511033442683
-0.0174535135344116 -0.00396229728754458 0.00366470640888609 0.0690315332371547
-0.0158516570401722 -0.0135915581074422 0.0181742434398613 0.0680458918955835
-0.0103221603302479 -0.0186369278704505 0.029849427270157 0.0579814363324025
-0.00313673365877693 -0.0216651497205201 0.0466721635057603 0.0607110366292681
-0.000789683513758276 -0.0246338587488294 0.057461707883184 0.0770533578638316
0.0113788160978648 -0.0255321392267918 0.0758367430320596 0.0798865200027786
0.0219063282549531 -0.0186361910786441 0.0897071097802933 0.0749715781677763
0.0407770076762639 0.0238686715595916 0.0324357747215294 0.090554829224482
0.0209604683881592 0.0139051077085833 0.0150499357618586 0.0121762527361873
0.0200155140275022 0.00901034062059556 -0.0445155644742615 -0.0390072615456887
0.027442916316611 0.00723563295029994 -0.0865609224942404 -0.0351359968488135
0.0274299782214747 -0.0126208861485563 -0.113808391896907 0.0107413118658743
0.0169104287903975 -0.025076594987872 -0.0960954071883384 0.0577929071350091
0.000545016052118175 -0.0296190011434199 -0.058500006618555 0.0747987814437743
-0.00687069569757924 -0.0290339166990276 -0.0258694564588527 0.0687780674491274
-0.0126642342628129 -0.0365687287257999 0.00244685216670065 0.0607353367835445
-0.00173083182033007 -0.0451233136352857 0.0183033832416313 0.0575900629558631
0.0116247496638809 -0.046475208283772 0.0335523396255599 0.0480665227584293
0.0364696963266825 -0.0408122624995765 0.0506539919452007 0.0537319431460777
0.0466042973998002 -0.0247504167140213 0.0575353408678004 0.0720824373260003
0.053092177522416 -0.00113782522797098 0.0709713490838603 0.0712237353359749
0.0595336501962895 0.0201278695241659 0.0818210962150388 0.0646715294185582
0.0659306021854328 0.0648871123140261 0.0122593066412836 0.0638258626772456
0.0510701105455146 0.0529498927467553 0.0029274086069271 -0.0100407695145531
0.0615322820290632 0.0346099914270179 -0.0565935253652372 -0.0557068933382695
0.0712211229037109 0.0140924410507099 -0.0941930040158008 -0.0444809789084499
0.0616633783255278 -0.0223179416013808 -0.112143182955113 0.00563024506947486
0.0426680126851915 -0.0439012012035419 -0.0920917140671867 0.046216908119472
0.0170466873315979 -0.057158528995992 -0.0564412754725225 0.0600029924235335
0.00127496101406786 -0.0543295979431799 -0.0254221358565558 0.051710957750759
-0.00629877217445491 -0.0631093053683232 0.00201427519461257 0.042817695406341
0.0121365855689005 -0.0693944842439135 0.0188893443564913 0.037382083038761
0.0291862418958172 -0.0680183938005656 0.0387721400965004 0.030708280061334
0.0665827540974789 -0.05707636774149 0.0563910140593594 0.0430933345061788
0.0846518965516858 -0.0262965913175259 0.0568839149799731 0.0662711529789799
0.0870322005020248 0.019270441742984 0.0583398920661673 0.0625092306746467
0.0880543213223995 0.054267797367108 0.0638363593340595 0.0460608793839927
0.0850321936059367 0.0934610754873324 -0.0103656385850573 0.0266333968098608
0.0803022441802522 0.0823011949968376 -0.0132301793413232 -0.0412085996805765
0.102090497677791 0.0508357871956044 -0.0703639471845842 -0.0744737824295544
0.110827187333644 0.0111361482872611 -0.101107698973359 -0.0525129606569363
0.0866619987574926 -0.0371776328604994 -0.104157127477415 0.00163850150184364
0.0588486912667577 -0.0613580788122394 -0.0797284646233963 0.0305641766407315
0.0276569141772895 -0.0774811230021186 -0.046716203188052 0.0391057972380008
0.00774507450308495 -0.0719721590437323 -0.0208624955894166 0.0286902282742092
0.000879177659067104 -0.0796266066435891 0.00369784917561127 0.0185260955077564
0.0238380000907436 -0.0834680768661253 0.0207121170514416 0.0115565313020203
0.0439304398477723 -0.0788152867165761 0.0455320617577536 0.00817822539000023
0.0870126533251872 -0.0641540766196262 0.0624550500099488 0.0295663169444061
0.109853413409426 -0.0237010419839468 0.0563121946772484 0.0580401714905945
0.107478753331527 0.0360978621094465 0.0405571297700576 0.0535640098461926
0.102274806566078 0.0803022511290519 0.0351823112424291 0.0227784887055159
0.0912821598985293 0.106394409949402 -0.036332269774229 -0.015066569952862
0.0987918264676696 0.0956037378665486 -0.0347869651864586 -0.0720673382439163
0.128002083706682 0.0556388180459804 -0.0797411238687137 -0.0894097220925224
0.133189983169786 0.00228788364234637 -0.100438096116477 -0.0590967205242015
0.0964921675716623 -0.0495488053764308 -0.0878136451494387 -0.00882546846346934
0.0641088640790282 -0.0706114631532702 -0.0621779714492673 0.00766573836283656
0.0330548797743801 -0.0858392058244758 -0.0350544952903713 0.0112417006937947
0.0135415692909707 -0.0779277304599167 -0.0142043609396116 0.00103137968687531
0.0107659531324653 -0.0833495623813494 0.00795801109817521 -0.00883858997233243
0.0375668684076255 -0.083449793600831 0.0256943752078138 -0.0154091704519259
0.0579183850778076 -0.0732433828330753 0.0540260157994762 -0.0120494105772314
0.100220372259856 -0.05293443070928 0.0673993287539146 0.0182089354307801
0.119884878060958 -0.00909309919215686 0.0516593500791855 0.0508184495548237
0.109093755359109 0.054802245965464 0.0202235399588747 0.0440254247023765
0.097952669884374 0.0984378472536486 0.00629153883492356 -0.00422823786202685
0.0825058373421172 0.0999492110020322 -0.062162563757176 -0.0508584071032954
0.0981329134548283 0.0905213558274 -0.0588672980731778 -0.093804544467288
0.128202601645489 0.0494690047789984 -0.0845558664061514 -0.0948324955340368
0.12821912359541 -0.00556099963165594 -0.090791903621845 -0.0625854958597487
0.0885471902373175 -0.0518503009181336 -0.0668476547286126 -0.0237417158438385
0.0582147508166995 -0.0672175957882418 -0.044497286505571 -0.0184037088402736
0.0327414149676377 -0.0809828922757032 -0.0240547938220843 -0.0173899176253709
0.0176245403062664 -0.0722467266904165 -0.00478079431946479 -0.0259605272369627
0.0196069173237274 -0.0748331721805649 0.0177292831234476 -0.0344300805351461
0.0472344094452474 -0.0710012334578662 0.0374445650684053 -0.0374893079955481
0.0659798731618281 -0.0555267343223156 0.0663060810710502 -0.02548158162432
0.100447093660787 -0.0291179810453882 0.0716646890783112 0.0123509046386606
0.111711929204362 0.0126411118357479 0.0458692679534184 0.0436708518733243
0.092963769105171 0.0689667819785039 0.00275824731569524 0.0302702168602443
0.0761052713274786 0.104444311405779 -0.0178648478969375 -0.0335193626729201
0.0575075580871757 0.0777653450783588 -0.0822539678562998 -0.0750799831724938
0.0758915586652134 0.070548446533246 -0.0800577417827939 -0.10280453405372
0.100391706366931 0.0363480793762845 -0.0820262597119875 -0.0912560813805171
0.0973064530381455 -0.00777118085617359 -0.0766488579795704 -0.0630941937788143
0.0649836250298588 -0.0409023624305094 -0.0466709033472873 -0.0387388498345913
0.0445468633214351 -0.0504143602885329 -0.0297286484607193 -0.0429880626458385
0.0281161376955674 -0.0616772353890102 -0.0145287918737926 -0.0429010582208132
0.0184891129353787 -0.0560757984914049 0.0050604464525044 -0.0481353059519965
0.0238251037450657 -0.0562832096805522 0.0310491550414504 -0.0544189789815022
0.0472488279023942 -0.0498234293720102 0.0531992780423991 -0.0516661566307794
0.0611845920205065 -0.0334543446835409 0.0814649720977866 -0.0303328321232388
0.0849399368653678 -0.00654649549831051 0.0760729411900833 0.0115481975392076
0.0878437245200435 0.0280364879704097 0.0419565613134023 0.0360787862973741
0.0642844403928287 0.0716446135482206 -0.00737099617149294 0.0147142387906525
0.0447779700286609 0.0940878296698633 -0.032895930978807 -0.0621139449487315
0.0192282111392576 0.0454060543171206 -0.0914375012766401 -0.0839934086268513
0.0364851115377237 0.043117968589169 -0.0903182337594328 -0.0983101178358269
0.0536535260377113 0.0237920459033048 -0.0734792033546222 -0.0840366809115151
0.0522503852484487 -0.000809797716307938 -0.0631464724265878 -0.0624613659779397
0.0355479171139707 -0.0177491804282592 -0.0343803709531294 -0.0497923924509977
0.027203988932509 -0.0230082488979865 -0.0209063691629148 -0.058669834639706
0.0222196881553955 -0.0323734192517411 -0.00844425507918225 -0.0595125637396922
0.0166382345598166 -0.0307355335161226 0.0140816359116355 -0.0622958414792846
0.0201901444889868 -0.0308743341326445 0.0440941215731367 -0.0667792335148264
0.0344158320056905 -0.0261719252500551 0.070011029798624 -0.0560754194210444
0.0420071624573562 -0.0145836238893986 0.0954067558415307 -0.0264309688267458
0.0555214946031953 0.00492131080247263 0.079442186205933 0.0155694474370092
0.0544663274203102 0.0307343802862992 0.0407957048922508 0.0297824607879507
0.0323386118022526 0.0579384752457302 -0.00906759439391861 -0.000128117280854658
0.0109525562571503 0.0683453594846137 -0.0382030038307552 -0.0847662522806825
0.00980401466828413 -0.0180835906111932 0.0482832330135651 0.102071105019088
-0.0085981169042203 -0.0238175720414736 0.0265440330276503 0.0208609959927877
-0.0184401440526185 -0.0172943086565292 -0.0351428012049997 -0.0327851585920149
-0.0143004090228175 -0.00376322411726414 -0.0818581713662428 -0.0288774522822414
-0.00887727724652272 -0.0050622640372978 -0.11167743901644 0.0150251908806601
-0.010748973212429 -0.00442283162450681 -0.0929505245802563 0.0653840101628927
-0.0159519345396838 0.000247685266816498 -0.0561139598042976 0.0806385436972618
-0.014034190257581 0.000422987246683367 -0.0241235320947557 0.0773924074927305
-0.0177785296739071 -0.00452699929389734 0.00349910295222126 0.0704772866851102
-0.0157223571532637 -0.0135744323473457 0.0184414694690861 0.0691636295775921
-0.00983529175827045 -0.0191036243896849 0.0295823504005309 0.0593763550908121
-0.00303420927395807 -0.0226264714061172 0.0463200834789496 0.0624757031102554
-0.000229765027755183 -0.0249773636427373 0.0575969833056601 0.079988410513304
0.011539574438718 -0.0254199850843361 0.075607308679762 0.0819762999506274
0.0216847545250417 -0.0179613077591295 0.0907432947710158 0.0772594932448169
0.0412232490842132 0.0259010616261097 0.032202504451423 0.0911660717671288
0.0214045114443766 0.0149584134689668 0.0156131967509972 0.0122475752961366
0.02094734185736 0.0092347756741476 -0.04511835384018 -0.0411152784344112
0.0292475744320328 0.00696008660369785 -0.088342830395549 -0.0376425519465473
0.0281597951310107 -0.0134482919846706 -0.1164646208437 0.00940625034240017
0.0173339181654023 -0.0259572215633787 -0.0979819042009529 0.0577886685624757
0.00102437804679178 -0.0303075818751255 -0.0600397618598114 0.0748253846075958
-0.00663133916576972 -0.0301011260207562 -0.0278675272447639 0.0702774483814792
-0.0122661477865065 -0.0374126389410899 0.00186518458870494 0.0614666827648117
-0.00128100307937899 -0.0455046771571723 0.0190227909741466 0.0579697251028594
0.0127621103901844 -0.0472035421323885 0.0333047597522916 0.0490806808876256
0.0375939545863894 -0.0421585687310872 0.0507588455391206 0.055044099930691
0.0478485759955397 -0.0250026043253804 0.0580661275685123 0.0744219534712719
0.0543661949202404 -0.000207974974266189 0.0712861080265981 0.0732386506616811
0.0600255601229494 0.0217915439235511 0.0831788711143517 0.066965900685465
0.0666135770533479 0.0666906450580829 0.0111749126704416 0.0636209526285851
0.0517114698559714 0.0545729252609969 0.00344120894687449 -0.0102366154257794
0.0631828975480121 0.0358677120467454 -0.0569741989266472 -0.0584677557099819
0.073932779029249 0.0139069783120402 -0.0964949013472926 -0.0471847294778592
0.0632241950401213 -0.0229228608436635 -0.114841776933562 0.00387426075428897
0.0434022588031641 -0.0454256494676368 -0.0940685005659959 0.0454850960507137
0.0174186132447547 -0.0579342912543917 -0.0569876957738791 0.0592706909162675
0.00131832568688366 -0.0558017002582064 -0.0270832504335251 0.0531327986743695
-0.00586443393086588 -0.0642506400533787 0.00129786631312448 0.0431576505112726
0.0122554818110951 -0.070817750393565 0.0193915905996742 0.0378004776484062
0.0308305207697455 -0.0689334500145977 0.0389653564133442 0.0311772066979196
0.0685590494853038 -0.0581023097769852 0.0568954566858214 0.044066555388642
0.08655982383359 -0.0260268828202866 0.0577600263152667 0.0684278489011095
0.0888364163941568 0.0201656726621458 0.0582772830263893 0.0643299107997676
0.0889358541409618 0.0556172603732122 0.0647106292628577 0.0473209761624294
0.0855119769425668 0.0950859599325058 -0.011482680291064 0.0261107116433655
0.0814121472759451 0.0843371946965832 -0.0126271395529961 -0.0422890240279929
0.104734281187096 0.052547088878089 -0.0699977144790834 -0.0780545186827987
0.114371499609258 0.0108677445783262 -0.10354049560527 -0.0552782197071785
0.0891348306870378 -0.0378582944464837 -0.105836793154251 -0.000594227116704852
0.0605531763551658 -0.063177866294463 -0.0816033760044863 0.0298965557293011
0.0286978731870993 -0.0779284555988833 -0.0471262386317063 0.0377601436193451
0.00793048237444146 -0.0731444397715382 -0.0226129687744599 0.0288836612722387
0.00123460234791452 -0.080426314569023 0.00337043092089644 0.018357294769406
0.0244802969191946 -0.0849303775128608 0.0214535717809131 0.0114576071985913
0.045125538283511 -0.0797913399323229 0.0465180223688278 0.00886403235413549
0.0892264108663184 -0.0648966981489704 0.0636091929635671 0.0303655219353736
0.11172062595822 -0.0234739981794543 0.0565633801548757 0.0600467692573943
0.109334616355628 0.0374455116012819 0.0406146382191099 0.0550292870869922
0.103612039124569 0.0825395519950277 0.0363610900254025 0.0234746656922111
0.0920946725950314 0.10789057744437 -0.0376171798401655 -0.016165035918916
0.100122987611997 0.097818546735365 -0.034545582158915 -0.0738645282550647
0.130285463251932 0.0578276351211865 -0.0797960296098853 -0.0930323272225953
0.13624918001363 0.00241891873991771 -0.102028847713611 -0.062260473484643
0.0992027602886298 -0.0495032076355418 -0.089222843462841 -0.0110546327682718
0.0660977891864983 -0.0720310391597971 -0.0639966377742786 0.00690100256314679
0.0336351595931951 -0.0869578210503035 -0.0351629687464503 0.00967161879356261
0.0138630472137028 -0.0793955122648507 -0.0148921912853351 0.000874182105366971
0.0117481578919903 -0.084211303407519 0.0079486968874027 -0.00954690957290418
0.0382710581663839 -0.085250096662156 0.0264099674924276 -0.0152512782272163
0.0595920426715999 -0.0742514131774184 0.0550616080476883 -0.0122217094084308
0.102676941444067 -0.0534139690255725 0.0686066222086921 0.0188946328779104
0.121880966119137 -0.00811341332868769 0.0528443118914078 0.0519272877027339
0.111085441625492 0.0559610459440666 0.0201941495668707 0.0450827029126181
0.0988402748682093 0.10071791712463 0.00690961909940471 -0.00414119891058722
0.0829090656012447 0.101286438279691 -0.0630012785099227 -0.0528703527728109
0.0990192905227676 0.0926864861659508 -0.0589690170715434 -0.0958190540955045
0.130605975190673 0.0516298964385424 -0.0849645536278788 -0.0988878517588162
0.131459000017699 -0.0054578902658796 -0.0922914258409623 -0.0653460571409975
0.0906595568295037 -0.0520718828390895 -0.0678214559682168 -0.0254322511695296
0.0600497978636359 -0.0684818133697608 -0.0449587153423991 -0.0201886750476531
0.0331265876481397 -0.0814818936096177 -0.0233971786771431 -0.0198066980488294
0.0181611803062545 -0.0733412045872778 -0.0052943904327527 -0.0267825809031091
0.0209081519956584 -0.0756310970997732 0.018247577045614 -0.0351115424055649
0.048133944902139 -0.0723973875994011 0.0382101110376779 -0.0375435943257818
0.0678761984783306 -0.056411547999091 0.0678547782314126 -0.0260183928235484
0.102928790264707 -0.0292468460772435 0.0731086020993518 0.0129176702917722
0.113540958264413 0.0137080418284545 0.0463355064404035 0.0443456325926005
0.0939090853299922 0.0706985593111751 0.00215709192889044 0.0314177394261773
0.0770826458961282 0.106147052710285 -0.0172497809858254 -0.0342369176631729
0.0576582429680784 0.0784021354399017 -0.0834852950004265 -0.0772158957653381
0.0759493676144181 0.0722563484489242 -0.0799068575646024 -0.105016737053184
0.102114147567313 0.0384583588452661 -0.0816352066761309 -0.0950116751090038
0.100025383968747 -0.00779475959408602 -0.0778679257587529 -0.0656788014932211
0.0666321526924976 -0.0408731396478606 -0.047720831990939 -0.0409314844882334
0.0457649225630679 -0.0510595592981554 -0.0304333608136609 -0.0444519517505663
0.0283206166122795 -0.0623148745875489 -0.0136362286328402 -0.0446457914929979
0.0184703278584671 -0.0565169170404813 0.00517645536348008 -0.0492591638818398
0.0245957174273871 -0.0566408709218248 0.0317850179188527 -0.0554025737051463
0.0483107944623779 -0.0504341885674248 0.0548785561000592 -0.0521832736646044
0.0626444877549697 -0.0333929204832372 0.0830763754808363 -0.0303868839621071
0.0862655974885854 -0.0063320615219984 0.0776741659683846 0.0121376685483144
0.0892983310408615 0.0297012148631389 0.0422268439650887 0.0369826022235186
0.0645751134324365 0.073354964563876 -0.00803554463711551 0.0152326208177987
0.0452867629478621 0.0956538289243529 -0.032508582919779 -0.0630423959852544
0.019318695816428 0.0456899630501175 -0.0926242387490621 -0.0870623945845279
0.0364703085054538 0.0441815508445288 -0.0910178039974297 -0.100975616053135
0.054400512791341 0.0244706328792351 -0.0739692137941164 -0.0864967476517213
0.0528395104856435 -0.000358084536525824 -0.0642470427504654 -0.0638182780562631
0.0361025909535746 -0.0175657450236131 -0.0350014254375503 -0.0517770569323517
0.028177212398363 -0.0230990688266902 -0.0217284395383242 -0.0603245464459527
0.0221608744812955 -0.0321541842359671 -0.00753452621102249 -0.0610180462863125
0.016798449723328 -0.0310250492496204 0.0148601185156243 -0.063901535060258
0.0207137970106 -0.0305087623418136 0.0455520552972466 -0.0680517094132285
0.0347648164688483 -0.0264900558712588 0.0719605303639889 -0.0557491166765855
0.0426245582088195 -0.0151897793492544 0.0972636070083406 -0.0258350351575941
0.0568552627808562 0.0053198843529367 0.0811092096350563 0.0166042458497852
0.0549026844033072 0.031852070477117 0.041218169181038 0.0309677155333406
0.0317693625481879 0.0586118604678001 -0.00944158827471967 7.46272583654679E-05
0.0110671052013666 0.0690041549197502 -0.0379552276240341 -0.0858282101317525
0.00968624425120038 -0.0184051728623068 0.0554997265796019 0.101639684504083
-0.0100390289020806 -0.02316642096467 0.03001291714724 0.0182025737245221
-0.0206464369668 -0.0157819500096604 -0.0369610376537572 -0.0330121208295462
-0.0158156917651001 -0.00194099744686401 -0.085181636734564 -0.0256084031225967
-0.0114056928156299 -0.00306434544489466 -0.112715177623527 0.02331372983594
-0.0113184457191209 -0.00173786933179759 -0.0897865025535847 0.0718598121463931
-0.016066168665917 0.00286035859669263 -0.050502221734529 0.0855500268621494
-0.0136125121562886 0.00142931136342131 -0.0192253236130187 0.0813706548907039
-0.0183234420670053 -0.00356301504072332 0.00838858751766816 0.0732832744162798
-0.0177814766240288 -0.0127986521471215 0.0252205927097988 0.0717791568247964
-0.0130395541599263 -0.0183247456349016 0.0357426025337821 0.0608461676863598
-0.00648940128300087 -0.0224984939508694 0.0537704923479769 0.0635354852077829
-0.00417133534987978 -0.0250136233289597 0.0670185991818467 0.0816084826206406
0.00827807801267621 -0.026158567026825 0.0841572639006574 0.0830453297283741
0.0208022461985101 -0.0190462713666068 0.0976281510045301 0.0769603922365073
0.0452868601601394 0.0218655639564168 0.0348608341891811 0.0932761359961581
0.024107911826184 0.0129404299377856 0.0160051245131162 0.0118755627060799
0.0224993433620015 0.00735899388151795 -0.0505479264471749 -0.0385328311103809
0.0294445217953489 0.00291612922176078 -0.0948310636138243 -0.0304463466335533
0.0259477816884216 -0.01493516470394 -0.117557105301789 0.0194713582702161
0.0153133846172688 -0.0268787080844684 -0.094764871023251 0.0662085330613802
-0.00223463690449774 -0.0303875818465891 -0.0540973918365016 0.081902133937315
-0.00900142135105133 -0.029476599302903 -0.0228958202278074 0.0741800628399629
-0.0158898904671167 -0.0369455536746174 0.00663174923690648 0.0643612514091718
-0.00605049131826517 -0.0467936418326455 0.0248027184368375 0.0609758415589617
0.00774659647083555 -0.0488435147717678 0.0390144339042705 0.0502745600382917
0.0330306830223576 -0.0466926140953569 0.0567303002366483 0.0567744294570373
0.0451791292176556 -0.0294003595687271 0.0652062708194591 0.0763269251379896
0.0549421969381106 -0.00353836910197732 0.0771524128850478 0.0707573253228411
0.0633763697686895 0.0199159673052896 0.0887018650366837 0.0618559454685725
0.0747026182417793 0.0595926684247131 0.00926736936123301 0.0684312147827063
0.0580384353459216 0.0495914566924613 -0.000392254700505411 -0.00945795919286922
0.0674632886312446 0.0299302263194403 -0.0660685326629745 -0.0518813178981131
0.075632016769801 0.00462499224510479 -0.105057359426546 -0.0365829680186683
0.060417177559895 -0.0287734539044685 -0.115811200096687 0.0159170880604756
0.0399774823357151 -0.0488365598053628 -0.090787903573414 0.054764624482287
0.0111282502620523 -0.0601507409314723 -0.0514329788782163 0.067589286582506
-0.00260805878899246 -0.0565231494805317 -0.0235015242993706 0.0563780020789136
-0.012039154169188 -0.0644923375309056 0.00422918119916923 0.0446204379898548
0.00477434097576403 -0.0734160680564585 0.0241491438030757 0.0400367710418591
0.0242506508379433 -0.0723230321571142 0.0437198146081263 0.0313786864482869
0.0632464783417904 -0.0664090659730123 0.0621225271800924 0.0454908316068241
0.0855066168649268 -0.0341486404313836 0.0621209077475475 0.069976005650467
0.0926113571169203 0.0145856693082929 0.0622858368129245 0.0601847698842906
0.0968483427352409 0.0540541337027531 0.0686062950191556 0.0399700812410033
0.0958935252679038 0.0863766827984922 -0.0185624346085993 0.0318493339518029
0.0900940484536354 0.0771459381438855 -0.0198742784903347 -0.0387750571993065
0.111007078622626 0.0422409642132718 -0.0825701987689841 -0.0679786142293394
0.116047328824784 -0.00278885032316322 -0.113146334299638 -0.0410052187839798
0.0851639196526796 -0.0459025842822482 -0.106336716483133 0.0119498424255913
0.0553191784533443 -0.0690280904694857 -0.0786477529814249 0.0390231507989189
0.0199240366960696 -0.0823880998521755 -0.0423908118401127 0.0463485788282218
0.00210526701274332 -0.0744562422095199 -0.0198504875558972 0.0307720162325506
-0.00688043205797562 -0.0823381543109109 0.00431953393475784 0.0185825176301415
0.0160831918781987 -0.0894319702935806 0.0244125762440789 0.0125348299874415
0.0381678031186938 -0.0845622760715762 0.0499550897959539 0.00750822752948809
0.0842108805926852 -0.0746178310817269 0.0677970171931821 0.0302614030030556
0.111655180731057 -0.0337826689419179 0.0599637360172051 0.0613378151342669
0.116531307336048 0.0298082387695064 0.0424963742315828 0.0500631385968444
0.114713603086259 0.0796824445322822 0.0372605981585235 0.0151332807626247
0.103292889742189 0.0973681404436606 -0.0482352077881972 -0.00943595635588606
0.109331294797417 0.0882156410432904 -0.045323692214269 -0.0685036342683037
0.137764215405425 0.0445407622476666 -0.0944758581988409 -0.0802440292476467
0.136598241987888 -0.0138257025915963 -0.112281960943111 -0.0459947708032229
0.0939818532429921 -0.0594008539462573 -0.0890540189772814 0.000895427248860866
0.0606186865926008 -0.0787873770282279 -0.0619157751392974 0.0144696390064432
0.0235612559934192 -0.0915892535878143 -0.0316968686387393 0.0174254869495888
0.00769256229155284 -0.0813699452842284 -0.0145037971001372 0.00132676274740263
0.00316995210162382 -0.0869629238845839 0.00738083470278176 -0.0105587333232641
0.0302675431825845 -0.0909979708504583 0.0276326064953776 -0.0156385508519842
0.0537711222698586 -0.0799112820822853 0.0573610314256969 -0.01506448275919
0.0989730626459854 -0.0644969860185931 0.0716371940301032 0.0178493002279417
0.12317627055897 -0.0189532925942423 0.0538679584675564 0.0526461893312482
0.119391082137845 0.0486752675822038 0.0207802415761972 0.0398508458187025
0.111865179731859 0.0991744918713287 0.0060002604214768 -0.0133220680098308
0.0929543073318801 0.0929125564334262 -0.0757351006969743 -0.0465572322455535
0.107247697142747 0.0830314858710241 -0.0715026824846416 -0.0897113520755008
0.136394342125586 0.0380095985614605 -0.098815135157526 -0.0851956228817268
0.130435961340354 -0.0214226501645728 -0.101436281259903 -0.0498056359769139
0.0850256493501046 -0.0609315988504274 -0.0677936966663694 -0.015978118305932
0.0545570515105417 -0.0747157371229641 -0.0452906810972079 -0.0146129127266144
0.023980763771116 -0.0865638112832915 -0.0224929020679536 -0.0136808372204477
0.0118173590576875 -0.0754017123878081 -0.00684082511028284 -0.0282682534841977
0.0134189489828458 -0.0790179724762228 0.016043618329543 -0.0386005085286524
0.041928107331651 -0.0779243721917843 0.0377940039989834 -0.0401434913211176
0.0634868659056622 -0.0626117862484266 0.0688987906558702 -0.0309891784846954
0.101235612488673 -0.0400092327047345 0.0757401319856624 0.0108035777224747
0.117124629791892 0.00402184266050634 0.0469397036434605 0.0437173466850254
0.103229306086871 0.0657216884289978 0.00227773730695604 0.026273019165292
0.0891043812637191 0.106103881680682 -0.0197410228815598 -0.0426152071504978
0.0650359465042 0.0721771306774624 -0.0957916777090864 -0.0719928189592194
0.0818104274437399 0.0647414071752372 -0.0931283064944576 -0.0986373158833697
0.10643723807712 0.0278250316730411 -0.0940881158980895 -0.0838361234868195
0.0987060765410814 -0.0191243348962338 -0.0856278841790025 -0.0537487633119837
0.0618068488938585 -0.0470740166735848 -0.0489991070509774 -0.0344035900302038
0.0414491331352304 -0.0557559001701442 -0.0323612560838126 -0.0413168754646511
0.0211158294216899 -0.0664363741659 -0.0153040757501422 -0.0413634352003761
0.0142782333418831 -0.0587496255869252 0.0020063471698483 -0.0516389000955744
0.0197820272445023 -0.0596021737649234 0.0289196765329863 -0.060927100848575
0.0437167391214347 -0.0557945585333113 0.054116893402966 -0.0566917308342183
0.060708738072325 -0.0384856379785839 0.0850681864962905 -0.0368156992910367
0.087235667904969 -0.0146873200920717 0.0809797389579035 0.0085896684380005
0.093069416861448 0.0233666944301045 0.042787851627175 0.0348663179481311
0.0729436501408706 0.0703716422684355 -0.00851648034160258 0.0106700773912432
0.0557427322725732 0.0966463906011378 -0.0365221514280871 -0.0701774482745381
0.0227072497502882 0.04388220658021 -0.103045781714302 -0.0835364755371733
0.0385808451445623 0.0407258026327101 -0.101962815389402 -0.0957410834629741
0.0561807414257136 0.0194259346758779 -0.0840343059895828 -0.0797303133573341
0.0521337865466047 -0.0065905762623393 -0.0707868351926676 -0.0564961276487335
0.0334486148801974 -0.0208683567048368 -0.0388006252473149 -0.0486787850727554
0.0257786402121125 -0.0259106922906194 -0.025651315449119 -0.059315584174192
0.0182760685875355 -0.0357362446559606 -0.0116103320567311 -0.0594037796679757
0.0142726539157513 -0.033010101373495 0.0109277069692411 -0.067126602379202
0.0183614313980717 -0.0325732353957818 0.0426579779642968 -0.0748807628072128
0.0323729055053191 -0.0300373634108319 0.0717559920072238 -0.0632535469401531
0.0417652398329005 -0.0174282553229667 0.0997328957882733 -0.0335381564551465
0.0576732418091899 0.000808513424299545 0.0853146835337487 0.0120524376025785
0.0581652873731625 0.0282254807544919 0.0424380332839225 0.0283885264084237
0.0379993169332805 0.0579955276766278 -0.00992352604041418 -0.00269433170123267
0.018398816746648 0.0705218292747237 -0.0423554678833364 -0.091367133453513
0.00900367569890493 -0.0178498712324659 0.0611421391786801 0.0999633724638629
-0.0106567343830791 -0.0229083284689009 0.0321796965216388 0.0156708751763072
-0.0211751626910265 -0.0147940049817922 -0.0395354382114022 -0.0327399535395332
-0.0161136587573758 -0.00226538521364824 -0.0888250533016503 -0.0224862222979931
-0.011451060885707 -0.00333651029121819 -0.114181336730294 0.0289546825623096
-0.0120641238876721 -0.00210579903934195 -0.0878097218946678 0.0775789429974559
-0.0153655406513004 0.00412147819983005 -0.0472480986664194 0.0896110508779974
-0.0138930720335072 0.0020077047839833 -0.0156141560294771 0.0848328663092427
-0.0185634883066085 -0.00249563548102218 0.0123723069761792 0.0748291892313285
-0.018916295308672 -0.0120754032377803 0.0299195355627205 0.072018927285318
-0.0141184050748708 -0.0174422719120064 0.0391961915163779 0.0605642962988951
-0.00766621084885189 -0.0232378438502068 0.0573589946912799 0.062845013241135
-0.00564754583693217 -0.0254280863580986 0.0730278630126099 0.0805247208075611
0.00749035767256112 -0.0262618363852023 0.0904222563677591 0.0805537023198708
0.0193451927010623 -0.0190192083202875 0.104268150372084 0.0746083329580668
0.0474143261750747 0.0204677764562146 0.0391072935733401 0.0927266291765171
0.0259272499859227 0.0125287700796619 0.0172817430735533 0.0104580901483478
0.0239467446126694 0.00618701254293446 -0.0538206786002676 -0.0375667214986795
0.0306769336563846 0.00037819437433352 -0.0987771719836962 -0.0266052251629668
0.0255221511318594 -0.0177177546534991 -0.119251497036477 0.0251115899324922
0.0142102819032212 -0.0288640552796797 -0.0935662031833823 0.0716099776884336
-0.00365475487164376 -0.0306014950370689 -0.0510298564609426 0.0852281648131708
-0.0106883932494293 -0.0298659856806945 -0.0199251774201636 0.0775860642078808
-0.0184579533550151 -0.037158158132937 0.0098062575397764 0.0647620187095359
-0.00864564033041465 -0.0475923491587668 0.0290389234157271 0.0603992824545943
0.00548847513350983 -0.0499744461466184 0.0421938862212886 0.049979705704687
0.0313908332572315 -0.0498370306875447 0.0605042774078003 0.0552510977609909
0.0448629682689421 -0.032109086641717 0.0707905765080624 0.0750328894442831
0.0562218650422505 -0.00569790166491362 0.0826164864469438 0.0688878972883064
0.0652341550394029 0.0176385927000763 0.0938409234550683 0.0599507543879914
0.0791600385748936 0.0574261739920889 0.0114792330938266 0.0681512030558788
0.0624719130228196 0.0483820156125522 6.22245515496904E-05 -0.010229463712316
0.071382273815397 0.0273464652504209 -0.0700790387880373 -0.0512454327836123
0.0786001356038091 0.000164117842629662 -0.109664953191954 -0.0328943449118491
0.0604884889215776 -0.0330790995791835 -0.11768821315275 0.0208057227414041
0.0381209250047743 -0.0527350103735784 -0.090203807875452 0.0597991585135237
0.0086128763678712 -0.0617434037019258 -0.0490519820382798 0.0702182268943301
-0.00600634794756892 -0.0573844586048847 -0.0216503795753124 0.0590267748275918
-0.0163562868800158 -0.0654173266947409 0.00683023180464023 0.0456001840733325
0.00106934087780573 -0.0753580532360688 0.0269863777216972 0.0390840453716091
0.0211659101113824 -0.0748654909827769 0.0463821443929874 0.0299175296115743
0.0609445717912594 -0.0715651762878714 0.0653761616784067 0.043740401517735
0.0857556761879504 -0.0390154995393469 0.0676953322518668 0.0684489717648087
0.0960007221792687 0.0107576835538371 0.0666925028989163 0.0587804988398335
0.101769339590952 0.0507002641288031 0.0725784366967702 0.0377025029855984
0.102606548183484 0.0831601297672244 -0.0174653831036363 0.0323914887769891
0.0960174132655824 0.0743426296934688 -0.0215994974754391 -0.0391410838487095
0.116396235496493 0.0376533252172203 -0.0874007368941332 -0.0662181517017544
0.118556742248247 -0.00918794866371431 -0.117187914942145 -0.0374013274329663
0.0847299510967592 -0.0517565593714144 -0.108014610726229 0.016209144630504
0.0525144530110804 -0.0736296086314119 -0.0784562534344709 0.0430003179796195
0.0153671608184144 -0.0846641558029679 -0.040894408712829 0.0474652010347297
-0.00205085408696088 -0.0759229172218712 -0.0193459737943087 0.0329292010119279
-0.0118221062216481 -0.0833906056040525 0.00532500917118776 0.0185531703506366
0.0116461946159761 -0.0921155349705276 0.0257244944496292 0.0112430888585259
0.0353872047013766 -0.0883115358279573 0.0510923345799505 0.00428186081723921
0.082597258258473 -0.0818186823943682 0.0707399773887353 0.0274676925910186
0.112595971683807 -0.0401128179639823 0.0644535907727597 0.0593023540649346
0.119845267098105 0.0252729761180617 0.046206180815927 0.0501414554639062
0.121253565122217 0.0758936762293861 0.0395052649510331 0.0137714380375765
0.109632902788217 0.0942053574987933 -0.0496462627091712 -0.00823903046541627
0.116082706140264 0.085306575775785 -0.0487567957977395 -0.068226136055592
0.143283121182941 0.0383655267911187 -0.0996082156342955 -0.0788037537698647
0.140174871734975 -0.0218575625189681 -0.116811209324192 -0.0423483629554621
0.0931976506021768 -0.0651750258010691 -0.0907827567247359 0.00391360477399029
0.0572764091003678 -0.0839331721365008 -0.062876819538867 0.0168908013713379
0.0194854611249222 -0.0944252570906145 -0.0316106138749009 0.0166426330393406
0.00276476071149469 -0.0831203442651837 -0.015420898937048 0.00212420112688564
-0.000953637184120232 -0.0884920700803596 0.00702210816107252 -0.011829122441093
0.0258411775260142 -0.0943882691104975 0.0276325374690252 -0.0178565070893046
0.0510078676530696 -0.0850431190334988 0.0574023263357764 -0.0187393971814741
0.097478283155028 -0.0718645582341654 0.0742002340734319 0.0148190774040725
0.124990799279997 -0.0256613263929708 0.0578391936083023 0.0507750166903925
0.124482674894579 0.0444995308946352 0.0227508935514983 0.0399808770208415
0.119295578790112 0.0949918757541972 0.00596907807065891 -0.0137680921702416
0.099347920323996 0.0887370333905222 -0.0796943125472408 -0.044036700268507
0.112993762455445 0.0794486456333701 -0.0767790136508608 -0.0883084363106538
0.14163831062469 0.0319684080176698 -0.10481232927382 -0.0835157367441049
0.132802625917321 -0.0284353436557873 -0.105665133942655 -0.0471422254644997
0.0839960449888542 -0.0659812264244673 -0.0703418582993831 -0.0145574199448389
0.0518722561168272 -0.0792468710815961 -0.0470919509421662 -0.0134474506841944
0.0195778129330143 -0.0886524891259952 -0.0232169566214365 -0.0154036262555277
0.00787518518581 -0.0775167262670199 -0.00828586438884978 -0.0280882515911536
0.00984567993596791 -0.0808145982940708 0.0144704043408625 -0.0408730551066479
0.0382954613024888 -0.0824323764135148 0.0373733403389728 -0.0428898277936662
0.062493499148671 -0.0672805708093366 0.0688434330400001 -0.0356967680509183
0.101670313493585 -0.046288094859467 0.0781422588936717 0.00660701563258156
0.119569306167463 -0.00116222308954142 0.0501301887470099 0.0418116788327182
0.107801394362699 0.0620584361745924 0.00361896527909031 0.0271996430847892
0.0969065076240598 0.103103826413328 -0.0222086027723149 -0.0424445331326965
0.0695540840624965 0.069987577908673 -0.101723638527744 -0.0696491918216897
0.0857752220794494 0.0620595764107685 -0.098835609164128 -0.0957774154145152
0.109718559818095 0.0233369959088299 -0.100689596151956 -0.0820180939723015
0.100037848553608 -0.0251441401340147 -0.0897952613442078 -0.0504037625338538
0.0610907782481018 -0.0501800970127671 -0.052358103175317 -0.0343835630244429
0.0396458454530346 -0.0595289780167418 -0.0360969715536153 -0.0411078077022889
0.0174613700232152 -0.0679869512272651 -0.0171349450840561 -0.0427830289026796
0.0110505522061737 -0.0600254793785247 -0.000402971769602463 -0.053599016206384
0.0167129849798643 -0.0617256396123707 0.026773031424264 -0.0639853980255484
0.0415462255473771 -0.058979814083689 0.0532017202616508 -0.0610085859309442
0.0598766727292894 -0.0419764047126804 0.0853838955415017 -0.0423812820456306
0.0883095914372418 -0.0190298069101478 0.0835676421746759 0.004548027547829
0.0960262104689618 0.0191810097190753 0.0455687951451564 0.0337826354332027
0.077651371716116 0.0684517015326667 -0.00777722289777394 0.0115926013513256
0.061984425097146 0.0951899978781891 -0.0403482297674207 -0.0695810388979632
0.0251441013605942 0.0425245993280849 -0.108873241666168 -0.0808283324641943
0.0407800735663422 0.039481700088277 -0.108627019654332 -0.0928539501019672
0.0583305545666858 0.0172183482936513 -0.0898972513936245 -0.0777654675972282
0.0526496354897854 -0.00958146314274448 -0.074919595764347 -0.054163633759941
0.0326274383987482 -0.022316075283808 -0.041876933415915 -0.048438482849243
0.0257242154619263 -0.0275835045131171 -0.0298335398614298 -0.0594419360311407
0.0164205277111608 -0.0363676723128287 -0.0146474732754497 -0.0610954971446493
0.0125871376142708 -0.0343025500657711 0.00761892684951441 -0.0693184358245254
0.0171278851706079 -0.034698268819967 0.039274853099544 -0.0789678171598251
0.0312801568696379 -0.0320864272981187 0.0703801975903624 -0.0676178854546921
0.0417992127111011 -0.0197758391196841 0.100543677241611 -0.0394187387373283
0.058962797584365 -0.00191441803188 0.0879208959587714 0.00834250921911515
0.0604804549819872 0.0258720189181085 0.0450184992696267 0.0270845993150114
0.0405901959213827 0.0575555078130124 -0.0103860294836386 -0.00165663257196333
0.022260385909786 0.0705941990253957 -0.0479356997264779 -0.0902054387106159
0.00844834824957872 -0.0175389742961222 0.0649623974203102 0.0943956029724893
-0.0111207799220632 -0.0218372352261579 0.032507129117415 0.0127818573805067
-0.0209863012980662 -0.0144077429215045 -0.041460152251565 -0.0300982349952162
-0.0162865440739635 -0.00228891418763274 -0.0902542536860393 -0.0166258338684986
-0.0115901267682617 -0.00374131039714995 -0.111553997901429 0.0348797977435298
-0.0120094676620951 -0.00151673417171534 -0.082312888396752 0.0807036760810242
-0.0146455160676736 0.00456363217668729 -0.0418839927326332 0.0912201727761594
-0.0134619117871089 0.00269480389727954 -0.0109043512422362 0.0850776559357409
-0.0182814808548872 -0.00111939414217685 0.016845970646843 0.072969799709275
-0.0193560724045364 -0.0104604794741155 0.0341657065284816 0.0693212241590944
-0.0146262136290879 -0.0164305141506723 0.0420764354717638 0.0586824565171157
-0.00914222998010755 -0.023834724548627 0.0602926114261897 0.0600610638535923
-0.00653579506727266 -0.0251413859244679 0.0773164449404223 0.0755696920724063
0.00616855707282506 -0.0260851911257674 0.0940006397537299 0.074793249378448
0.0177999118219021 -0.0194201342924942 0.108030421380221 0.068159609058844
0.0484462361959665 0.0180720731548765 0.0430581668061849 0.0882082824288156
0.0270994407620109 0.0110134360039413 0.0182661890736045 0.00814753848973647
0.0253941193057164 0.00423289246172137 -0.0561689645228581 -0.0349341072384734
0.0306200380502152 -0.0020306590641464 -0.0999930849247456 -0.0212392408252369
0.0248373895763903 -0.0201772833771967 -0.116859399866293 0.0311220363039129
0.0114927958345446 -0.0297904934860476 -0.0881740465723659 0.0757601408612709
-0.00529432541767437 -0.0301396218502997 -0.0462746538153913 0.0864873436607831
-0.012402510523749 -0.0288494201968031 -0.0154490797926697 0.0782213546999442
-0.0208206830853087 -0.0357287607131704 0.0131587160039407 0.063692743365186
-0.0113817227662574 -0.0466795169565292 0.032330682015822 0.0578502071205612
0.00287111520456714 -0.0500900656575047 0.0444608174476605 0.0473709940087313
0.0282638467496943 -0.0522799548241181 0.0632531580349637 0.0518272909303818
0.0428630434490901 -0.0343737677640758 0.0752143083574627 0.0701445066981379
0.0554648551521199 -0.00834266147503225 0.0853209931974886 0.0638905064562865
0.0654996791854182 0.0148051133913143 0.097254215286389 0.0546548379365131
0.0815909542943364 0.0522071050401701 0.0147311121924289 0.0662320968852648
0.0650572728382861 0.0448341877760997 0.00019875761502275 -0.0111454177749522
0.073483681026828 0.0223142389478351 -0.0726397817477543 -0.0474203423146882
0.0780594955696364 -0.00520558776448636 -0.110720261929225 -0.0273628930463415
0.0581633302356838 -0.0377316089065298 -0.116077153744283 0.0258098667349899
0.0343404544793841 -0.0556120444044144 -0.0859620857223995 0.0638738758605834
0.00518458824527492 -0.0616995162301562 -0.0451595508204459 0.0708795898742755
-0.00989494235072299 -0.0560270335273124 -0.0177936761013898 0.0603368008112666
-0.0198075087611888 -0.0641234254299436 0.00907636828159088 0.044388149439415
-0.00369241074199283 -0.075068094116119 0.029592725764503 0.0369270293138454
0.0171885375358426 -0.0754589032733997 0.0474154831973311 0.0273494379195612
0.0556097886333334 -0.075275973219861 0.0677219343280276 0.0396825469564733
0.0830409847885416 -0.0436147592947252 0.0718915939752792 0.0639396857394164
0.0963771079842811 0.00507875633854107 0.0697685897405456 0.0543415504212161
0.103691663423793 0.0443855195347594 0.0746766210436923 0.0334921580503145
0.105414031141305 0.0762267816064367 -0.0163208873905528 0.0328165549067108
0.0997520023758574 0.0689488970249251 -0.0229465708687552 -0.0384135893677765
0.118842352922783 0.0300668517926797 -0.0908883225481749 -0.0618060531813974
0.117557346042035 -0.018016647457835 -0.118900874438502 -0.0309667956379616
0.0811913136262357 -0.0573138415832736 -0.106764869840661 0.0213323899170521
0.0475328333128063 -0.0769235074500172 -0.0757714112995293 0.0467614420504484
0.0102909701337573 -0.0847278618333722 -0.0388059180315013 0.047197259351769
-0.00696703695461753 -0.0753647273449427 -0.0173966255628723 0.0339207137684553
-0.0163180281720785 -0.0820301899804922 0.00600607018611999 0.0179115401074004
0.00542004660341559 -0.0921820667631905 0.0265653939375448 0.00932189475828114
0.0300668198136251 -0.0894790293636261 0.0509518467473561 0.00137664519382909
0.0762022325901403 -0.0864025020765642 0.0718780044241452 0.0230074883752882
0.109849584732182 -0.0460786375239034 0.0680122326013903 0.0548795328234593
0.121690168613809 0.0184693435413011 0.0488050364644516 0.0467373263912767
0.124875655548476 0.0682617594240209 0.0406949633810696 0.0111360430718423
0.113844350359902 0.0862143605532829 -0.0501291215045387 -0.00568651020923179
0.120104841211174 0.0779787811914647 -0.0513328726415171 -0.0650510772243598
0.145468168143418 0.0295415656383822 -0.103918371373359 -0.0732435533863045
0.137964745250539 -0.0310451755569328 -0.118122887724155 -0.036007616354492
0.0891001485514249 -0.0707615767431566 -0.0904847351804172 0.00784004079224105
0.0515808979435017 -0.0870486832319793 -0.0615630030773652 0.0197004977887983
0.0134083642380536 -0.0940541593126379 -0.0312708929972762 0.0161171236124613
-0.00279222168496742 -0.0821789898304365 -0.0151566825707683 0.00305316571936798
-0.00642045018294303 -0.0881927153886241 0.00601192591995606 -0.0122921524937013
0.0193722953102057 -0.0950968774422292 0.0268593715691112 -0.01970600534342
0.0460937268793765 -0.0871183526199696 0.0555953693549632 -0.0225855241304124
0.0922988594544736 -0.0769550839070949 0.0745025913540856 0.0100601024173126
0.122580993139418 -0.0328977713895032 0.0610911064910451 0.0467372309644208
0.126295814049596 0.0368187912315193 0.025704096841536 0.0384475314430695
0.124519141299365 0.0866553935590993 0.00539292922893412 -0.0135457796327381
0.102400167898024 0.0821157971663046 -0.0810782168415089 -0.0401065518544866
0.116689795610351 0.0724121263931536 -0.0801623753500195 -0.0831760046526614
0.142595348540684 0.0232500086973313 -0.108417414801605 -0.077835137539237
0.130448854603463 -0.0366832327124454 -0.10780309659915 -0.0412652772786317
0.0798945170168088 -0.0701167991001652 -0.070538898616749 -0.0119850393940457
0.0466397363144009 -0.081900888379774 -0.0481998438923854 -0.0110582136814858
0.0135677443930235 -0.0888010466331986 -0.0243700390457811 -0.016094061681149
0.00269025887437552 -0.0770431048031258 -0.0102368914923523 -0.0274703145486975
0.00471475793881859 -0.0808227400329985 0.0120967643076297 -0.0414854864006023
0.0328091512041102 -0.0837524842737792 0.0349939945234863 -0.045230673651217
0.0582457022851686 -0.0704451937683247 0.0664729574808814 -0.0396490910480421
0.0981924753622572 -0.0527465980805943 0.0777049948924891 0.00144371310009675
0.118808295787026 -0.00850938930997784 0.053069581905368 0.038829353382948
0.111093295809114 0.0553003891811156 0.00543066147497076 0.027322981129767
0.102656855961289 0.0956121847896896 -0.0240457228602062 -0.0402693823060551
0.0726211113545276 0.0647460222582846 -0.104008803947373 -0.0639472310945797
0.0888709425361627 0.0568345771215374 -0.102488048657788 -0.0897164879941179
0.110054580578812 0.0166511926418342 -0.103989910974311 -0.0763927222162574
0.097329926342136 -0.0302207706680795 -0.0914596893740924 -0.0458614109193218
0.0582871139577931 -0.0531565103638369 -0.0543514007078397 -0.0315551288138346
0.0352782308792055 -0.060804827887004 -0.038412898241202 -0.0388336793647938
0.0134879565010964 -0.0677229571723904 -0.0198552181115085 -0.0435309551484419
0.00641945001187771 -0.0602709371908036 -0.00363817875563389 -0.0530107528981564
0.013121927231713 -0.0624165442722462 0.0229127286790479 -0.0654256457167734
0.0369120139648299 -0.0609392994215643 0.0498536729595692 -0.0629693650943414
0.0573848711678464 -0.0450412480672679 0.0822665164477566 -0.0475592460923558
0.0864649250105428 -0.0246876025430509 0.0831602259953699 -0.0005615608421755
0.096151594067911 0.0131948603203635 0.0473386696486393 0.0310676473509582
0.0804763474738918 0.0633508732116713 -0.00714508309803836 0.0125381833559674
0.067635028350746 0.0901853275907171 -0.0433337442219974 -0.0659522524704835
0.0273697665412168 0.0406010993476248 -0.112717968161137 -0.0746226727327097
0.0425150236350911 0.0370041256294734 -0.112210727779583 -0.0852986065422179
0.0583370483809633 0.0136066646737284 -0.0929174472194397 -0.0734003979256809
0.0518833770195708 -0.0121843418724417 -0.0776663017291003 -0.0499236688961293
0.0309833172981054 -0.0233174731065499 -0.0441374017518025 -0.0461881842806506
0.0232407355284957 -0.0283511735272018 -0.0333792450206839 -0.0574241529837369
0.013457805262519 -0.0362627420477784 -0.0176820560968057 -0.0611122604338615
0.00967395059821365 -0.0340095394045999 0.00378524761064889 -0.0693926287562562
0.0143369246207601 -0.0349007303596452 0.0340800903359188 -0.0809362649336849
0.0289519493486435 -0.0331769742707921 0.0669847280058652 -0.0708696441246536
0.0404845351178214 -0.0215014888858412 0.0976702887091796 -0.0456661676803961
0.0581235303723765 -0.0058435993716995 0.0883265687675491 0.00336928547764342
0.0611504346592856 0.022177856781402 0.0460248693468576 0.0251084010176195
0.0431662325759218 0.0550023347734826 -0.0101992915692759 -0.000458405182144055
0.026488515501041 0.067886479230621 -0.0520175045114531 -0.0859151534968016
0.00821483473130955 -0.0164559828709702 0.0655427066779504 0.0882482222584083
-0.0108155845880984 -0.0207362847154682 0.0318116681689063 0.0103320591964487
-0.0206730393980101 -0.0134525476952472 -0.0422680431485407 -0.0278985904160939
-0.0160921830595394 -0.00209901145467215 -0.0885517247764639 -0.0128259865297374
-0.0118339751962515 -0.0030756757971371 -0.106826877457557 0.0379574036598117
-0.0122658693057727 -0.00154290317398371 -0.0765825770389537 0.0822919995959216
-0.0136182567852054 0.00523677391160446 -0.0370750334942223 0.0906166130192695
-0.0129088210635357 0.00273160864255659 -0.00728762736264417 0.0834006884905073
-0.017773859017683 -0.000809478930646155 0.0188520145818136 0.0704236525442207
-0.0188643624849111 -0.00960924142965673 0.0360293699136396 0.0657436609248029
-0.0152096623130598 -0.0152800730207309 0.0435828704731335 0.0559600339702178
-0.00989863906002103 -0.0230211218515867 0.0609841479611726 0.0560930201505345
-0.00719939778297697 -0.0237446738811493 0.0785769416752737 0.0707443276223596
0.00580414170908015 -0.0245595522369862 0.0936795906602965 0.068759127967752
0.0161369800782407 -0.0186751789580095 0.107809090287714 0.0625742916006789
0.0480192770420699 0.0161573507538246 0.044105881259513 0.0833663521424491
0.0276662281910958 0.00992516199856555 0.017988078846311 0.00643231931258134
0.0251535757334519 0.00284470622321126 -0.0563423356665042 -0.0314786178150757
0.0300810107153621 -0.00432008887971752 -0.0987683162305523 -0.0167619228866779
0.0226197070763048 -0.0210663904424185 -0.112866203763812 0.0348866081461564
0.00965191443389225 -0.0304222560107544 -0.0825201273001064 0.0769336474971009
-0.00599231117782564 -0.0293831626618603 -0.041737802083369 0.0856533259770401
-0.0136129077595467 -0.0275318268716711 -0.0116031996446738 0.0769257959890635
-0.021604637307736 -0.033973203289239 0.0153418585817821 0.0615373487991514
-0.0136560516445993 -0.0451685910701119 0.0338138759237442 0.0546748760367632
0.000935978723564458 -0.0485237529943429 0.0454938327215897 0.0442185104865317
0.0247208404441321 -0.0519817713812486 0.0636137593104805 0.0481183434771782
0.040349950011318 -0.0353694554238735 0.0762580863506576 0.0648418982992259
0.0543826907010792 -0.010416054424221 0.0858150570881745 0.0587451282227996
0.0639772963238243 0.0120531670881727 0.0970031435321757 0.0493009461819166
0.0813662295777058 0.04741794779461 0.0159231434533801 0.0635394348908741
0.0658319724810561 0.0413119213212048 6.50873999033446E-05 -0.0116639739166975
0.0733258785110536 0.0182791405775282 -0.0732440948712013 -0.0435068700822296
0.0761416367524867 -0.0101118522067662 -0.109408338732292 -0.0223646269912988
0.0552661661250815 -0.0389229232506605 -0.112254511034924 0.0294248627882507
0.0300266822342327 -0.0559022119912535 -0.0812496337316656 0.0656304314344918
0.00261857724255725 -0.0598329967129218 -0.0417226976133812 0.0690633282947273
-0.0115363304341549 -0.0538075300589832 -0.0148866584415977 0.059058566060996
-0.0220479539806419 -0.0613250680534534 0.0102828001537764 0.0429439561991619
-0.0069115109882274 -0.0724692724299925 0.0306115116049231 0.0344401877639628
0.0138431125598336 -0.0744647470698183 0.0469160493137141 0.0246220214748366
0.0509999362847567 -0.0760116348431407 0.0673133542256821 0.0355517543062755
0.0787209085232626 -0.0461450255714649 0.0731275972491253 0.0584434035109926
0.093952908844077 0.00142657537956509 0.0703577956840585 0.050527556053609
0.102520203877219 0.0391363410538998 0.0742233649025087 0.0295932799284299
0.10495517783416 0.0693881702748119 -0.014507302606315 0.0314963417063268
0.100228995896173 0.0629974468217196 -0.0228184000011345 -0.0374345199722858
0.117680952054781 0.023845041556196 -0.0911239282248756 -0.0570136173717157
0.114149574129978 -0.023521025398537 -0.117655602734792 -0.0257827767744103
0.0769452454790811 -0.0594797419115901 -0.10357564128233 0.0242500309817047
0.0423317797704055 -0.0774219024731394 -0.0718312764530944 0.0478708977952191
0.00701158483724021 -0.082089837179663 -0.0367730477064737 0.0457394780755265
-0.0102637626441749 -0.0717696767173925 -0.0153819118407749 0.0343419163330562
-0.0196382168104181 -0.0787152343009822 0.00667136595486093 0.0170629892846004
0.000644224447703977 -0.0897984451010551 0.0265103220169329 0.00772442819549213
0.0259205356476378 -0.0886602506641109 0.048816043079453 -0.000771400966687864
0.07010666625779 -0.0878361338106372 0.0703856659996007 0.0193494341083752
0.104818786999174 -0.0501550877442167 0.068937159228952 0.0502463161070655
0.118702492850047 0.0132552255293059 0.0495185278985745 0.0436985800721404
0.123963004958298 0.0609206100177772 0.0402297378840052 0.00993862386487836
0.11298747585644 0.0784091401729256 -0.0486666975966692 -0.00447535218799609
0.119892713756449 0.0715588789458157 -0.0513383645562263 -0.0623531310720492
0.14347295666733 0.0219536695279204 -0.104296485267903 -0.0680048784584893
0.133102983892148 -0.0364501048629226 -0.116576538551001 -0.0308400133507726
0.0841020464979942 -0.0725258044479089 -0.0885014585386131 0.0108128290460629
0.0458729729720179 -0.0875328515507451 -0.0598139510209462 0.0217246281980664
0.00906443647979958 -0.0915177650578492 -0.0308038510576007 0.0149547435090148
-0.00618592247111158 -0.0790295405016296 -0.0145305120817815 0.00419199440081263
-0.0107221317817541 -0.0845417576535912 0.00518523193746009 -0.0117799777054758
0.0142510002442043 -0.0934097513653176 0.0258473972987148 -0.020183330208485
0.0414416317929026 -0.087316706506963 0.0524810214322783 -0.0242407500827308
0.0860885099955576 -0.079889664415333 0.0730934191041678 0.00658674676936017
0.118082306631913 -0.0372081498171972 0.0613499317460981 0.0431534291797705
0.124377483995674 0.0309058603592773 0.0267106279309976 0.0366704109019715
0.124299680343444 0.0789464338198889 0.00553673390556507 -0.0129554855655006
0.102239941969594 0.0746466306846956 -0.0807939708053525 -0.0364003884292768
0.116556634109901 0.0661596775895192 -0.0802048539863862 -0.0781409693502103
0.139941171809881 0.0163650459862542 -0.108921314338076 -0.0717479019022573
0.125752980177723 -0.0418296605511667 -0.106438481032358 -0.0357822652392612
0.0752552466872252 -0.0713836269795121 -0.0697641729499809 -0.00907613203344434
0.0414716461417152 -0.081484145272233 -0.0476751022338062 -0.00863209085276526
0.00977285280543221 -0.0856549403711114 -0.0251199993571697 -0.0166435419538973
-0.00124921205462908 -0.0742086053635531 -0.0112029501578569 -0.0261368719877719
0.000679192031314522 -0.0783639979933223 0.00996741815851969 -0.0407289258429644
0.0273989470807721 -0.0828763691516574 0.0317958152124948 -0.0455668820666112
0.054018948187778 -0.0714005596608074 0.0624386263570067 -0.041780227326391
0.0927771175747543 -0.0556950451387926 0.0761307013012811 -0.00134737464570087
0.115183776764 -0.0137837400540094 0.0531050024564143 0.035165945572548
0.109713493559276 0.0488455906832434 0.00631061959193914 0.0270372415846739
0.104406794359754 0.0881849059366216 -0.0239087576705363 -0.0377027219023763
0.0726135754116451 0.0592272155392005 -0.103137118145199 -0.058809668952873
0.0883724609143074 0.0511065205171178 -0.102054663659204 -0.0828674025587164
0.108189389224544 0.0115028898174074 -0.104411843371256 -0.0710257668142455
0.0935780443184632 -0.0340725672067571 -0.0908680841358239 -0.0409899848554001
0.054647946895589 -0.0536854884954617 -0.053710375785468 -0.0289795335866665
0.0323999369282511 -0.0611066227451457 -0.039465110269775 -0.0360249694822548
0.00999071960386956 -0.0657156432378737 -0.0217781807871944 -0.0430306525150446
0.00328957793530777 -0.0576403451926362 -0.00530281578764653 -0.0516613161710702
0.00913445325942695 -0.060903940186098 0.0187832376798583 -0.0645894766309186
0.0331298636330818 -0.061351001289434 0.0460761516629087 -0.0634959509378053
0.0538406580731263 -0.0463946687358209 0.077421313895243 -0.0498853840325017
0.0826514757611908 -0.0278975564054523 0.0810091868235948 -0.00384920073325031
0.0942263425030108 0.00910102140172558 0.047545302894034 0.0281024971996543
0.0800834481038407 0.0583842228940057 -0.00636013515448206 0.0131373407231746
0.0695748383312257 0.0834125327086842 -0.0442163533800785 -0.0617323424696692
0.0278992897211833 0.0377843970556162 -0.111679204271868 -0.0696457356374284
0.0425891682688126 0.0342881495633883 -0.111577857358807 -0.0787190354927721
0.0572777528673426 0.010851252384743 -0.0935866351741892 -0.067851932239626
0.0495025336841377 -0.0137280457892373 -0.076829541407127 -0.0449639719272989
0.0294193483678186 -0.0230875453136966 -0.0449929506672371 -0.04335597492888
0.022030104622831 -0.0284670767872327 -0.0351825558216928 -0.0550206128699025
0.0119129350462325 -0.035224843588856 -0.0194163988134561 -0.0596090259487268
0.00783614853915729 -0.033139520357777 0.00090425938300864 -0.0681469177209666
0.0125536480050793 -0.034504390328075 0.02986241137897 -0.0798834034840243
0.0262589052688341 -0.0332752950914601 0.0625005223092546 -0.0717247465740179
0.0386602298569576 -0.0225630121347611 0.0931648192980214 -0.0486036138556065
0.0554015636556864 -0.00821363959750753 0.0861400218340904 -0.000100429730183041
0.0603555485504428 0.0190853460434839 0.0460784061742018 0.0224633987076828
0.0433173280589301 0.0512817406795083 -0.00978848548308916 0.000657123297174431
0.0282785173215602 0.0636948306633323 -0.0533589744469665 -0.080019626511445
0.00839461583459801 -0.0157942120097166 0.0637920011587733 0.0846156906994666
-0.0100465965811688 -0.0195994319417195 0.0307139468087996 0.00898152144183939
-0.0198339256263872 -0.0128379112892783 -0.0417639358615565 -0.0263405004140224
-0.0156578646909751 -0.0027555535788969 -0.0865454815918817 -0.0109250758998228
-0.0124958321634182 -0.00331072087572207 -0.103162509024219 0.0388721586701019
-0.0122284672634031 -0.00159008797206878 -0.0729472036028226 0.0805956842774584
-0.0129841800588784 0.00502733686062141 -0.0349608050197294 0.0892884073388527
-0.0122748822392139 0.00277391696958103 -0.00556527850641846 0.0819888687977755
-0.0174434616929614 -0.000591060867500798 0.0196259314056254 0.0683684076510695
-0.0187234205535935 -0.00907639439469192 0.0366717412885739 0.0634628233121945
-0.0152279358273672 -0.0148900701589449 0.0437394350181287 0.0544166467531421
-0.0104437183719542 -0.022549475065865 0.0600196838551994 0.0540284058542655
-0.00737870832574153 -0.0228122360863205 0.0780762808281115 0.0670474602300318
0.00538692496690872 -0.0240048074355622 0.09211970135604 0.0658590322953073
0.0155213101109892 -0.0174435619823246 0.106351338053862 0.0596334207119356
0.04743037997347 0.0145594391350592 0.0434578621340307 0.080646243034417
0.0275296471730133 0.00938121045234378 0.0173835108453408 0.00502804873577904
0.0252611099791834 0.00136731749668697 -0.0556558789956555 -0.0301293440441775
0.0289281327795494 -0.00560447179777957 -0.0964797109966078 -0.0149878349624653
0.0213725059182103 -0.0216855428057151 -0.109883516564681 0.0350055979374809
0.00860716548892184 -0.0299880476024277 -0.0795651530845491 0.0760425307691851
-0.00600222035802849 -0.0284468929966048 -0.0397761105571419 0.0837524552182049
-0.0136430378389235 -0.0265157559815295 -0.0100699137886544 0.0753655939590105
-0.0220779192221619 -0.0328059525696021 0.0158508941452933 0.0597611714884444
-0.0137937637381974 -0.0436947166081549 0.0343235717574204 0.0523999063352312
-4.31979390822803E-05 -0.0475451240088559 0.0450509392005412 0.0428903491966224
0.0225025600317764 -0.0516653057842955 0.0630167028552974 0.0462923692322654
0.0391283185343515 -0.0350018812455211 0.0758291310994264 0.0617208022122074
0.0533598507451776 -0.0108402346241204 0.0843905046771757 0.0558506980940083
0.0630430787629188 0.0111588818080805 0.0954316593329339 0.0461883961612657
0.0797395817518593 0.0449946094080338 0.0163498771465693 0.060914204571493
0.0650198222703916 0.0393614175484796 1.70956975463475E-05 -0.0121083487928255
0.0720815036057634 0.016030374865488 -0.0723858045049399 -0.0414416384742192
0.0738365802014564 -0.0119074274580426 -0.107227728697359 -0.0201682193959654
0.053016942833031 -0.0397590748993276 -0.109069246186809 0.0303827571245207
0.0280815519956607 -0.0556785872084153 -0.078365446522289 0.0646552461407038
0.00175054455618093 -0.0584624134513506 -0.0409349233739111 0.067753358776422
-0.0124162136409656 -0.0518475674303677 -0.0136954235686466 0.0583937822686146
-0.0228628964981248 -0.0590140642609971 0.0103821663541098 0.0415434430959926
-0.00809667910740077 -0.0708285710612671 0.0302278142482851 0.0322667095744091
0.0125731078335311 -0.0729560178435881 0.0461688434856195 0.0234508065006137
0.0476970807077447 -0.0753932373026079 0.06640705458694 0.0342090344133559
0.0762410509852931 -0.0460438564429752 0.0722499469792934 0.0553978332816357
0.0921289301187593 -0.000297301718773366 0.0694962220368746 0.0482444455599335
0.100692863221342 0.0367002385799071 0.0733642405547051 0.02790545722707
0.102897666348041 0.0654638722859447 -0.0144566079486985 0.0308088511342274
0.0991585771329528 0.0598477964842211 -0.0221226930717196 -0.0370883216123825
0.115589793521264 0.0202087093362425 -0.0903478415159551 -0.0541723169607852
0.110962044845794 -0.0259350745514083 -0.114512844201856 -0.0234578403300694
0.0740142653539772 -0.05967670322141 -0.100981656746816 0.0250346750057944
0.039162576961012 -0.0766940477499441 -0.0693975967508526 0.0479675233319799
0.00585776221348156 -0.0799622425810846 -0.0366365448118829 0.0436319154969724
-0.01142331894601 -0.0695656383977147 -0.0141772427218757 0.033604335207585
-0.0207720413200537 -0.0759261341359977 0.00663096611389376 0.0169433287829554
-0.00101026598874505 -0.0872915793802159 0.0263097691267196 0.00651471784836284
0.0237419492997138 -0.0873898168722193 0.0471626743559655 -0.00108969352930451
0.0661489956386456 -0.0874198497294492 0.0694322781242014 0.0180296602407684
0.101837517029347 -0.0503257327827102 0.0683132751536516 0.0468253970368724
0.115665485711782 0.0109562724912154 0.0493934059900741 0.0423666878576065
0.122137106655907 0.0568905518988204 0.0396872471667656 0.00942124825870991
0.110856897269296 0.0744023727089286 -0.0479800709078708 -0.00404416661702801
0.118926279836462 0.0676059870417209 -0.0501196955751658 -0.060463693910439
0.14037849832499 0.018683140652602 -0.102705830044811 -0.0645682888047205
0.12904688686787 -0.0391906762068039 -0.114030245355768 -0.0284907008410168
0.0812262383965129 -0.072740953713233 -0.0867151913404784 0.0113436390264511
0.0426068150455767 -0.0863096431088788 -0.058083090484646 0.0220042326195399
0.00724974652205152 -0.0887433868941554 -0.0313197029309984 0.0138235525714186
-0.00763348140973408 -0.0763257992796043 -0.0139151452348286 0.00387762967266569
-0.0125212019050958 -0.0820416449200277 0.00519549003151104 -0.011660974753378
0.0113534761325327 -0.0911214579360897 0.0248685680194685 -0.0202304942875789
0.0389010229243214 -0.0865335779511979 0.050325064547164 -0.0241092048003519
0.0823108977254321 -0.0799813657760205 0.0711980695758407 0.00531421983185768
0.11475526198764 -0.0383906319476641 0.0607636815696598 0.0406422826824319
0.121306424133627 0.0275472424077925 0.0266682360218642 0.0362932424904877
0.122661130393483 0.0737175717578045 0.00587476846075042 -0.0119741951319441
0.100024861441041 0.0702260859272054 -0.0790046515566512 -0.0353412269396886
0.1149731111551 0.0624977241533906 -0.078461713226121 -0.0759273614333555
0.137114196349506 0.0131525425265613 -0.10750090147376 -0.0682665622846151
0.121531618041027 -0.0436922994759759 -0.104541450786971 -0.0337487585857931
0.0727664460550589 -0.07112291278162 -0.0687328143905842 -0.00828592953560152
0.0385456708400427 -0.0809709923610302 -0.046876502106222 -0.00789022958189952
0.00815592172750834 -0.0831038319079874 -0.0262642090112707 -0.0172486479423998
-0.00286698792866075 -0.0711702171175076 -0.0108968156801071 -0.0257740808595079
-0.00107340515479605 -0.0761828415036807 0.00889302117121517 -0.0400104326579933
0.0247533340962418 -0.0809162390436001 0.0307054630778443 -0.0451699558383707
0.0513728443356666 -0.0710742529073108 0.0592262063571525 -0.0417091472153317
0.0888384075896541 -0.0570030354274911 0.074029690058463 -0.00224625228619839
0.112096959260514 -0.0151069308310049 0.0529510781407932 0.0332051851922027
0.107953845150035 0.0457888798401226 0.00699712825163166 0.0266678421377093
0.102892522594382 0.0826426325782981 -0.0237587771437543 -0.0355838989553131
0.0711193317053808 0.0560290744154109 -0.101315299652518 -0.0564350550065017
0.0873145855361432 0.0486170335883446 -0.0999047847197612 -0.0797733874521928
0.105615494055401 0.0087780833511905 -0.103328768067072 -0.0670914285429456
0.0912017749815928 -0.0348570935437558 -0.0892315445046936 -0.0381941471493505
0.052619998534231 -0.0528606175284829 -0.0532588003672783 -0.0274985732019028
0.0298948292312053 -0.0598464938314753 -0.0392727830477859 -0.0346058644832847
0.00854895503803191 -0.0634985610938433 -0.0226112448644239 -0.043329152580896
0.00247069486912043 -0.0557046973204584 -0.00585560563812128 -0.0503591851917582
0.00733826497859377 -0.0592629777925534 0.0172452787319084 -0.0632873802865911
0.0306374848049163 -0.0595370517741349 0.0441400853914474 -0.0624837559550273
0.0522917965508259 -0.0468745225358022 0.073985025125867 -0.04981278122913
0.0800094799931021 -0.0295058086464809 0.0787329600453299 -0.00461894713738819
0.0919366370106365 0.00730657714208942 0.0470570043647707 0.026407206226439
0.0789882038882306 0.0556567616605046 -0.005067756804876 0.0140221338623256
0.0690939367067452 0.0794614286463333 -0.0435723683639039 -0.0582852307665573
0.027616304128047 0.035199203991607 -0.110112083171434 -0.0664599303269442
0.0421414932024969 0.0326675729939006 -0.109440008731286 -0.0750152544490115
0.055784925034866 0.00975499984523106 -0.0922683770898639 -0.0644139300235518
0.0483315362125023 -0.0136335732825045 -0.0751560232616073 -0.0427754756063299
0.0288253556618762 -0.0230576997439093 -0.0448851041743476 -0.0414173021393628
0.020710341551767 -0.0280921901108888 -0.0359679921015486 -0.0526285667498335
0.0110865975048228 -0.0337155209369852 -0.0202126199369517 -0.0589559107624776
0.00688465364375204 -0.0321203697436274 -0.000346372931788908 -0.0663890253168922
0.0113344856881977 -0.0333603879594533 0.0282273655074828 -0.0785247198435491
0.0244047909000229 -0.0325034296028782 0.0600920004455416 -0.071179041516546
0.0373778340953059 -0.022873261214703 0.0894728215485938 -0.0492105289885813
0.053569014383557 -0.00949601975204379 0.0837612694227834 -0.00152867741013184
0.0588359453450996 0.0177792534301046 0.0453788148030431 0.0213543935428096
0.0428173465290624 0.0492710275904352 -0.00914164215051903 0.0023315916396812
0.0291168999788086 0.0614887245891268 -0.0527954597468244 -0.0761987622488836
0.0061148032784134 -0.0162217627333924 0.0817495298304966 0.072696147937257
-0.012986844187381 -0.0175628270724497 0.032720288206778 0.00153498205914193
-0.0217213811701309 -0.00904969580481506 -0.0471528879484608 -0.0195329245333903
-0.0167619664006673 0.00182450974191229 -0.088514985889317 0.0043209056091408
-0.0134586734501407 0.000532538875875288 -0.0959276629588096 0.0572922170595294
-0.0113314293769609 0.00167499137440849 -0.0575549279654477 0.0922971998273627
-0.0107966873622256 0.00735406302422643 -0.0183801179476452 0.0933176437439298
-0.0112598363075253 0.00454656209592458 0.0102402214258005 0.081917683413495
-0.0166828215340395 0.00306037168300234 0.0330661255917417 0.0648139986982781
-0.019260020290554 -0.00458910308291376 0.0505052541085032 0.0562925754093741
-0.0165567932855561 -0.0102559041302832 0.0556561791354237 0.0457061564728042
-0.0147396791254323 -0.018180243666071 0.0722155465352661 0.0421076635096913
-0.0107099282454801 -0.0189208660033518 0.09239900938223 0.0507381850261323
0.00110182348095159 -0.022476470084347 0.106276343628909 0.0481577400737641
0.0127992053382699 -0.0180587085931467 0.11757355069742 0.040525889593796
0.0474762152234821 0.00559438452503903 0.0607778247986601 0.0753359295591819
0.0289870579643444 0.00311722401662983 0.0184972061632149 0.00200572092163539
0.0242649660542998 -0.00447659575678026 -0.0599261494202156 -0.0174156219680176
0.0250072576882198 -0.0112693521517913 -0.0979186251976339 0.0050137577124933
0.0153799566864667 -0.023566773673423 -0.10027606599678 0.0558778204669184
0.00298901119530751 -0.0295020941312239 -0.0626279966626496 0.0892075081958235
-0.011265389922023 -0.0255575745677311 -0.0222159555099392 0.0884686924671339
-0.0172631951023385 -0.0229306429443663 0.00502943555576972 0.0762428161656593
-0.0264380017259581 -0.0266668517314852 0.0276387605172768 0.0569384916854399
-0.0213163773513666 -0.0390755553753373 0.0459316180769163 0.0461242249417437
-0.00790306319561451 -0.0445293465330537 0.0545393438909613 0.0341225839766982
0.0119503059347126 -0.0521464261420565 0.0734387694661077 0.0346294752696786
0.0308812651814038 -0.0387394416118921 0.0895901660027267 0.0476758868263182
0.0498150387289997 -0.0193532456325071 0.0944889895131077 0.0400808216992173
0.0645268977579351 0.000239141402192122 0.101262606473712 0.0299528420372372
0.0826789919293693 0.0276563349470396 0.0297020016649132 0.0639702893316763
0.0695227544297802 0.0241366748361269 -0.00159833343796527 -0.00949562736327267
0.0712507916465202 -0.000420696746747494 -0.0771142161460742 -0.0220560816522551
0.0654185353149963 -0.0269929062660252 -0.10740194258167 0.00515419714136646
0.0416824724803941 -0.0475044123274506 -0.0985510459368039 0.0522203027107288
0.0160445867817396 -0.0577358025284771 -0.0619021128552843 0.0778094345819465
-0.0104846470598152 -0.0554511190961045 -0.0243166163772706 0.0726513503825763
-0.0210038981583774 -0.0474794346793924 -0.00197088142710145 0.0600255698631246
-0.0325965946869013 -0.0517530224029754 0.0188304820981632 0.0406366743927475
-0.0208665946167238 -0.0663604640169972 0.0382700195336142 0.0274672582062631
-0.00078946688372713 -0.0708261040392949 0.0518083258859663 0.0146220273891524
0.031067707955729 -0.0799519660073415 0.0745993542318951 0.0223114282333565
0.0642452732812733 -0.05720591647662 0.0857671264880884 0.0436334126715693
0.0893565996343961 -0.017100844826984 0.0755939708884503 0.0367050797864672
0.106339105389899 0.0167510303299427 0.0721483451047566 0.0153804266158632
0.107681730818421 0.0427741817807052 -0.00719183724073188 0.0406707269236838
0.105982763514124 0.0374554111545991 -0.0291628431866812 -0.0276656041018279
0.112597453995965 -0.00394073872367471 -0.0955042029672555 -0.0282731874361265
0.0980346559983524 -0.0477960583940152 -0.113841082383076 0.0057175421126325
0.0585287933663976 -0.0707162191915658 -0.0895462812256437 0.0452210028655634
0.0232980145167016 -0.0804320480099464 -0.0549506762363838 0.0595505513951372
-0.0114394063768835 -0.0763267213522697 -0.0229577531571152 0.0484175827327416
-0.0227225084984834 -0.0641792343967205 -0.00747591243876061 0.0360931641924607
-0.0340571041771765 -0.0682222496917331 0.0102000743768798 0.0168288185392677
-0.0173667557878702 -0.0834753320331066 0.0291761323906616 0.00279725093532823
0.00732640723170331 -0.0872293396932493 0.0480579610449451 -0.00987007528245141
0.0469074832424532 -0.0947580212556483 0.0742015571704613 0.00656071400451114
0.0871906425732427 -0.0658344177042784 0.0793514324859706 0.0377321595435438
0.115060115494694 -0.0116407709781368 0.0533191279018692 0.0350979748286533
0.131090653217868 0.0318518630497285 0.0342461210135762 0.00289802831942678
0.116580665583342 0.0495378028300834 -0.0482040419716856 0.012823271532493
0.124829188890805 0.0405012842209176 -0.0611503068159499 -0.0453948244761379
0.135887031102166 -0.0108654639069177 -0.108882814752557 -0.0345558624963799
0.112381068079418 -0.0638878260645495 -0.11164625674375 0.0014519228476055
0.0629329201798296 -0.0844541125221638 -0.0763481868028412 0.0284181013607849
0.0245319053204822 -0.0907107271641201 -0.0482257701535964 0.0320634903937787
-0.0112632887798787 -0.0851100692218062 -0.0226525374883352 0.0172484192448027
-0.0208055079195167 -0.0713209148329835 -0.0122706656422378 0.00631748016699705
-0.027035343974659 -0.0755214471378511 0.00275819777390438 -0.0111537029778094
-0.00580266529966039 -0.0896290552013137 0.0220978007279321 -0.0238941195791977
0.0221274320620239 -0.0887145854579574 0.0462646606562277 -0.0332025421603199
0.063350983783524 -0.0911332015904095 0.0730890413083215 -0.00693897150458439
0.101587826627306 -0.0577099681930174 0.0694201352379637 0.0326971732610062
0.123087945217322 0.00331898283631751 0.0285624518164845 0.0331620738321835
0.134617244136633 0.0469192742758904 -0.00484820054950348 -0.0124433133912672
0.106012518439102 0.0474286565631074 -0.085635797778157 -0.0129832298123434
0.120679607592548 0.0368046687258085 -0.0923015551605827 -0.0556182953664532
0.130824459627113 -0.0148903168854724 -0.114375813482068 -0.0381464921256086
0.10466868073768 -0.0662366941309225 -0.10252074595828 -0.00639645558014414
0.0550849748810644 -0.0814952171465207 -0.0630043719734821 0.00523544164734869
0.0215415350172503 -0.0843150981622311 -0.0429772073611877 0.000227493637971503
-0.00985326758247169 -0.0797953168687894 -0.0234266089720117 -0.0138246045674326
-0.0154316535977604 -0.067464459865862 -0.0147697324818773 -0.0234243597179995
-0.0154987102485212 -0.0725608402813575 0.000813961790011999 -0.0400166835928222
0.00883425445080245 -0.082381946317036 0.0228595508745206 -0.0498794848075631
0.0369096404531986 -0.0768683654112474 0.051487092448081 -0.052767788442004
0.0746256134908804 -0.0704954104492359 0.0739624725395058 -0.0152395013162086
0.103292450235504 -0.0350987457159331 0.0591242770998163 0.027597279357926
0.113242101661372 0.0227189432309628 0.00674358192693506 0.0267312802449625
0.116430007855715 0.0594006866249741 -0.0376286627213459 -0.031138865578263
0.0757774975386566 0.0390115425704727 -0.113514518751825 -0.0327889259973173
0.0910163131176737 0.0300477016044843 -0.115311539051111 -0.0570647136023338
0.100057742949333 -0.0125494520402891 -0.111192721826532 -0.0400489616042467
0.0771907426065434 -0.0513212366516469 -0.0899592029773464 -0.0158421466499349
0.0395722738898944 -0.0608567187469561 -0.053190091592528 -0.0171140082936131
0.0165298593077126 -0.0631156193529668 -0.0416297908935308 -0.0279419753918095
-0.00535117627839189 -0.0616090349445925 -0.0258461386334955 -0.0392585876700477
-0.00795324029001289 -0.0534314180084183 -0.0151292819881146 -0.0481852875147322
-0.00357047573521762 -0.0576247586747593 0.00498851900277099 -0.065398296386595
0.0189067794575682 -0.0634067074072266 0.0320252429808191 -0.0703621231305103
0.0417021862450009 -0.0539737231824251 0.0636399626047565 -0.0640784955036756
0.0708228397266577 -0.0418591637096565 0.0777720489519199 -0.0189919635778427
0.0880172195237155 -0.00992447939703255 0.0513089895745528 0.0209219732805068
0.086521579254492 0.0375640857786827 -0.0074251141764383 0.0160458924836331
0.0828552961082799 0.0620104116404805 -0.0593785147656346 -0.050998164123244
0.0313455643217579 0.0275480749416686 -0.124483243199783 -0.0436284195865552
0.0456857936049196 0.0234280421295418 -0.124435713979635 -0.052215366724708
0.0533976155505721 -0.00167567380836339 -0.102070071319911 -0.0429248591801568
0.0412982103565993 -0.0231369726528142 -0.0796806200452208 -0.0254304860479011
0.0225245544221823 -0.0269337328739169 -0.0497850870371571 -0.0328325305747253
0.0142386889811715 -0.030730470866122 -0.0437372356146078 -0.0453320421567231
0.00289604117288837 -0.0346485046143709 -0.0285724852226945 -0.0549536391196172
0.000290639224881865 -0.0317375915175705 -0.0127309686687997 -0.0654940994441526
0.00500080653192352 -0.0340200784435888 0.0125424499134612 -0.0828627917753239
0.017803095802111 -0.035700394455749 0.046083163749517 -0.0826741109116129
0.0324573764937816 -0.0283942971664434 0.0796730594565483 -0.0666324289574585
0.0503988579664121 -0.0176802472305783 0.0840401916857588 -0.017609647906956
0.0585975178274947 0.00636512990192126 0.0484956861094567 0.0144092799711208
0.0503440151554595 0.0388994887348659 -0.0115745634726455 0.00390235893302928
0.0403478541970146 0.0515244743289362 -0.0697678355952021 -0.0669749178636532
0.00627220085971636 -0.0165369021296457 0.0833300108730746 0.0720034942539179
-0.0131767449724368 -0.0180317813159774 0.0325371274404571 0.000562998270961225
-0.0222791867195254 -0.00951877969777752 -0.0478471870668378 -0.0183897163422401
-0.017064293909044 0.00167477205605274 -0.0898208228619976 0.00586314416263617
-0.0143707260937469 0.00112935246825748 -0.096261825313919 0.0597623898617524
-0.011755892983731 0.00154790649087368 -0.0567918072530923 0.0944124927212833
-0.0101696613366217 0.00699157050717689 -0.0168442734891093 0.0952982162491797
-0.0109293663317313 0.00488646202613811 0.0127247158710314 0.0835072593790295
-0.016520232532495 0.00302457664244743 0.0349131933942806 0.0653466396174804
-0.0191511195572164 -0.0044162484258677 0.052141767266929 0.0557571860505174
-0.0163960886849893 -0.0103929593007573 0.0574508132236965 0.0457927309736495
-0.015462347829537 -0.0173478505849704 0.0745493164352012 0.0415865243384336
-0.0107348450185601 -0.0190059373786553 0.0948670408869855 0.0498534206758604
0.00110736311546073 -0.0227006490005088 0.108057403371981 0.0466427983945807
0.0126991264991328 -0.0178583604818857 0.120186212556513 0.0403400892943037
0.048132755734145 0.00466716102675165 0.0616160189645462 0.0750884650136219
0.0296484492032613 0.00228131455979282 0.0190265270986748 0.00139147522125503
0.0244521828510799 -0.00614240762690411 -0.0608653724625274 -0.0163113160818461
0.0243970412113298 -0.0129503707645199 -0.0986574752574886 0.00739417971261512
0.0146703170600018 -0.0244582041224193 -0.101191987381313 0.0582930285445053
0.00165034562492469 -0.0302146126135741 -0.0617963310058643 0.0910733883759055
-0.0117521441192985 -0.02620056090491 -0.0214769117134814 0.0904276262815471
-0.0181817710723449 -0.0229293122657872 0.00644669805552975 0.0778323068691536
-0.0270749103616346 -0.026535073303246 0.0292616612245026 0.0581161067630984
-0.0222945448831519 -0.0389234960025896 0.0478464266912809 0.0457922510443863
-0.00915044421772551 -0.04494069555776 0.0562873228277929 0.0342056493001902
0.0106329994959547 -0.0530685646283976 0.0751375156686774 0.0338086674142753
0.0310175710073451 -0.0402896643848857 0.0915645252925569 0.0466380880847565
0.0506489819137198 -0.0205092948810639 0.0960096807635164 0.0392642583022824
0.0658951847063969 -0.00093303988312608 0.102953359409002 0.0293790092143207
0.0841157311387016 0.0263978639372382 0.0300918285619909 0.0640475068527772
0.0718483487909834 0.0234149252423977 -0.00199586737152809 -0.010625431979792
0.0722511393998331 -0.00270509027656003 -0.0783344330367838 -0.020227300981677
0.06538956942707 -0.0293534290482413 -0.108382473837906 0.00714548075029777
0.0414331959253429 -0.0493163604625716 -0.0992539267699551 0.0544244423007924
0.0151805019797467 -0.0596631293044733 -0.0609437007868843 0.0798399749138836
-0.0115087185091732 -0.0562133960434948 -0.0242937582427723 0.0743378854909986
-0.0219119222161279 -0.0476182620386716 -0.000741557381993466 0.0609518220396257
-0.0341209835252751 -0.0511222021075836 0.0200363431126581 0.0411106498810719
-0.0228030815647187 -0.0666423186791332 0.0395367274409217 0.0272418458446076
-0.00226810595205821 -0.0721891756708546 0.0529844707225779 0.0145131760529816
0.0297838439889129 -0.0814667493526166 0.0766131705000672 0.0214806157960816
0.0641652151763035 -0.0589646089588717 0.087182771402297 0.0424880507335233
0.0910728568209304 -0.0190450827320882 0.0775361447212175 0.0358802651853642
0.108681926167518 0.0148074002848555 0.0740138548516526 0.0147804452616286
0.10898419931118 0.0416623528625463 -0.00703198337258671 0.0411697513287288
0.107996634154742 0.0357614825014401 -0.0296872107559509 -0.0286818457209288
0.113942882591569 -0.00732800557867366 -0.0967997108051045 -0.0266560063173312
0.0976074964481171 -0.0509587620849739 -0.114967831806866 0.00739037286034375
0.0573940744807136 -0.0737527556522318 -0.0901033421010752 0.0471205812018085
0.021143353606514 -0.0820183545394788 -0.0547154385857495 0.0616039854914385
-0.0132151190999436 -0.0773851936639856 -0.0233722524238497 0.0493891599057893
-0.0242580979944919 -0.0646877305423748 -0.00634509921152544 0.036077345537591
-0.0355771530932619 -0.0680171666779888 0.0103813697868653 0.0171046587549002
-0.0192313913095747 -0.0844477145931637 0.0295854591790402 0.00199655561645115
0.00552353330128244 -0.0889970209384776 0.0483074459485453 -0.00983616391879819
0.0449892562588042 -0.09739447311624 0.0764490420721173 0.00479871297994809
0.0876071189220649 -0.0693233036214714 0.0808721732485508 0.0361071463266709
0.116303916494615 -0.0144914615153923 0.0548087082504546 0.0348655654972921
0.133772868126498 0.029092367473961 0.0348882038110756 0.00277220631739757
0.118337458776733 0.0485794797359576 -0.0487102508078943 0.0132006107570088
0.128065584580533 0.0388916810249726 -0.0625991061890035 -0.0453590647277735
0.13758720945638 -0.0145325768967042 -0.110253604639153 -0.03276753397199
0.111894033379176 -0.0678257846920475 -0.113045863598472 0.0033283283828729
0.0621366320304881 -0.0878919640500693 -0.0771774665747044 0.0302209073088175
0.0223021366649861 -0.0924281292646192 -0.047971212840241 0.0330172165058906
-0.0129143132183152 -0.0860482579714024 -0.0242474695640339 0.0179371757169342
-0.0220965143226186 -0.0716827406855707 -0.0123467991432777 0.00634635456361017
-0.0292140449281847 -0.0753022996326683 0.00287920592220315 -0.0110903453550243
-0.00787641829493354 -0.0907511973812548 0.0218686202474329 -0.0248869765562742
0.0203937507474346 -0.0913743454552129 0.0457211911479689 -0.0338328388375756
0.0619128213701966 -0.0938880949417332 0.0741806461623829 -0.00804956867439543
0.101721353875228 -0.0607189321190702 0.0715126666166609 0.031760702832088
0.12508659597319 0.000490559226099045 0.0302563879799816 0.0338045152920474
0.137223271159765 0.0441564084864927 -0.00449273301903776 -0.0119052444456201
0.107380844763397 0.0462199560796354 -0.0875923407175402 -0.012413481607483
0.122939194030194 0.0356116870316685 -0.0942499358878944 -0.0554387313801681
0.132403506763783 -0.01825302963935 -0.116013133133263 -0.0366734841899313
0.103810433475321 -0.069802027160819 -0.103521983933364 -0.00486388691187223
0.0545918157869649 -0.0842008615226117 -0.0639153615473594 0.00687809122872196
0.0198706594460983 -0.085781303624184 -0.0434525561697583 0.000822634308844128
-0.01131632635847 -0.0805706656283956 -0.0261923922888266 -0.0138631631943514
-0.0166329850573492 -0.067131475200159 -0.0157232006260845 -0.02380226146329
-0.0171519617044713 -0.0726804137829263 0.000559806103783125 -0.0405455647499169
0.00688988429897971 -0.0836787782807707 0.0225452374837038 -0.0514716774057677
0.0357832226381813 -0.079113863907401 0.0510177281456651 -0.053646897315937
0.0736765623690973 -0.0731334101719889 0.0749101227552179 -0.016782622543346
0.104015383852516 -0.0381192295424486 0.0604485581609505 0.0269107501073892
0.115279312394473 0.0209100644343375 0.00795931175392392 0.0280441323902454
0.119179563043694 0.0568283583046184 -0.0380287836370384 -0.0306980908830155
0.0774435891749423 0.0374208817109196 -0.115642377793965 -0.0315434994385116
0.0930986156566143 0.0279186136622247 -0.117967755827196 -0.0560373539042862
0.1013607414806 -0.0148105555862825 -0.112483056651346 -0.0386249362967469
0.0774609796635508 -0.0538651965764726 -0.0906964437468061 -0.0149355569728004
0.0390066196621168 -0.0623606073993018 -0.0542049275593959 -0.0167633391204694
0.0155900768143318 -0.0644586112577923 -0.0432557116046258 -0.0270857782853376
-0.00606208939677436 -0.0622010611318268 -0.0282397792460515 -0.0404532402713494
-0.00877702731505576 -0.0535723074700006 -0.0159802054949155 -0.0490708197433154
-0.00481098657465058 -0.0580558465315445 0.00368888085942399 -0.0665794453607943
0.0170904092455769 -0.0642985663988668 0.0312706515602513 -0.0721204109053346
0.0415962198274621 -0.0560893006554905 0.0632912883409319 -0.0656660438467388
0.0706472681247318 -0.0445479607826491 0.0789906790865915 -0.0205341093998498
0.0889069392662628 -0.0121903943077272 0.0527200089754546 0.0203195043205039
0.0885406502686227 0.0363611804463521 -0.00639270718170873 0.0166817395267385
0.0847036896414428 0.060165997904813 -0.0611485090988238 -0.0502719483787959
0.031813965206638 0.0268348709748969 -0.127398336732354 -0.0427469705325586
0.0465433984055792 0.0229496412477201 -0.126539978274719 -0.0509752220332893
0.0545137146032455 -0.00279452205032834 -0.103739175498498 -0.0410723017773582
0.0416860996061767 -0.0242298138713887 -0.080266892407949 -0.0244757451288164
0.0226145914839507 -0.0276117903696683 -0.050573333379011 -0.0325845144047083
0.0136448857708811 -0.0312040815671365 -0.0449111174148935 -0.0453346609904438
0.00242847126687478 -0.034440323943487 -0.0307185560015611 -0.0565601619110781
9.34649232849113E-05 -0.0313889004058086 -0.0139557134074137 -0.0666769863927118
0.00425805360192378 -0.0347523163840601 0.0110485640080537 -0.0844528643854641
0.0170725113460788 -0.0365027345757472 0.0455345596761752 -0.0846709532517283
0.0322931971093909 -0.0295607717492207 0.0790954474942549 -0.068883149337458
0.0496293937336245 -0.0191406026333359 0.0853818711020963 -0.0192453670536416
0.0593027107704696 0.00506286945690939 0.0495348112741812 0.0143797854634769
0.0515178466265961 0.0384059902892619 -0.0110237889557987 0.00477461383834591
0.0415513905352966 0.0507561399911236 -0.0711358391483139 -0.0665044562248708
0.00580130471023917 -0.0171866024562398 0.0871586595050203 0.0694870927101508
-0.0137658283085045 -0.0179250280839916 0.0334110757731896 -0.000790022962963598
-0.0229434820676683 -0.00913487958823261 -0.0482074065118837 -0.0165939151704114
-0.0175548868574636 0.00154504611238195 -0.0903189034111272 0.0103135999987923
-0.0146263812271529 0.00138739987076157 -0.0949611247819366 0.0653038587071287
-0.0123551691989675 0.00192567660691322 -0.0534616810231105 0.0976615431166979
-0.0101375981524324 0.00718383483089503 -0.0131655799050812 0.0972684195427011
-0.0109506920391668 0.00526438221618773 0.0165157431341011 0.0846840559169416
-0.0167680105606414 0.00406206690878343 0.0388203765986003 0.0648736635872102
-0.0204131091650132 -0.00354562042797933 0.0554964268917301 0.0546094481941907
-0.0174856057621163 -0.0101382345761687 0.0606890335188713 0.0441126957495913
-0.0167395108533708 -0.0169379190152693 0.0776997200255388 0.03876255069181
-0.0116066023257314 -0.0188764334892434 0.09792576284177 0.0460643812172677
0.00066472247535504 -0.0230224583828068 0.111259679501555 0.0429692891073125
0.0125278505022188 -0.0184661105110005 0.124125330842824 0.0354381585601875
0.0485383443060863 0.0022633769228669 0.0657845737597454 0.0738397496422027
0.0301599512576262 0.000198049339134272 0.0190032924649348 -0.000114553463655689
0.0243288069911997 -0.0082319151244329 -0.0615012239319336 -0.0129459398379911
0.0238694342654336 -0.0148117549127553 -0.0998778946198945 0.0114581256698621
0.013222716667792 -0.0260051656416089 -0.0995806549664872 0.0641479484306688
-0.000560229117650483 -0.031487183832133 -0.0591115470574072 0.0953340212683767
-0.0131505133061248 -0.0263925469121298 -0.0178435368605064 0.0930703340849322
-0.0191765055022661 -0.0226638962914209 0.0103632238251885 0.07926222499948
-0.0292684783950676 -0.0251042700714251 0.0324600714227414 0.0579490592406364
-0.0245430198578487 -0.0384853684409697 0.0504960052425091 0.0441679637456517
-0.0110274567710595 -0.0454620130343497 0.0587169215158314 0.0325419715231334
0.00752845168923806 -0.0541857447802974 0.0782349145245369 0.0309437709307218
0.029841515243068 -0.0427247549608839 0.0950720078739602 0.0425124079948985
0.0513441109009433 -0.0232649049550852 0.0991038532436883 0.0357172030933654
0.0671605006849122 -0.00401168192827661 0.106119503639908 0.0258544434118752
0.0856754732202445 0.0235405020079853 0.0332467959406778 0.0635751429772243
0.0740755246043077 0.0197951828840332 -0.00245398317126314 -0.0108324319667138
0.0733215195190709 -0.00715798215127534 -0.0796601824676688 -0.0169658546468266
0.0648546187596794 -0.0338105826808532 -0.109581047756127 0.0122450730627184
0.0390902282064155 -0.0526788038905686 -0.0983413295979712 0.0596261781604688
0.0115394734719815 -0.0616600449385333 -0.0584407841325348 0.0838184992356552
-0.0145107427335636 -0.0567717405744232 -0.0218599162544641 0.0766481154637091
-0.0246882513222118 -0.0473220380160602 0.0022902478454055 0.0624942958432258
-0.037106061868036 -0.0500652645882781 0.0226479759999724 0.040825527893291
-0.0265819037562923 -0.066357935147928 0.040930880392254 0.0254294432733884
-0.00614063581351133 -0.0739976527663998 0.0546029979253001 0.0131112640231417
0.025429938784184 -0.0845084141034289 0.0789361022413439 0.0182937107290432
0.0626768777052163 -0.0639290462402258 0.090981753481827 0.0387991211385777
0.091659766514107 -0.0241005873520275 0.0806128664113997 0.0331095024618479
0.111314705645018 0.00926989996709365 0.0759813635624353 0.0125971544460779
0.111842651492196 0.0371459069939171 -0.00558322096645632 0.0421460131184125
0.111574159441882 0.0308773763753656 -0.0309649943472527 -0.0281264739353385
0.11573583192779 -0.0138496839802602 -0.0990275554146005 -0.0224747154410867
0.0967732728334405 -0.0575727562093922 -0.116084170289017 0.0129185795898066
0.0546090252624625 -0.0786663184608341 -0.0896412541638465 0.05226305674856
0.0170419344549778 -0.0850323247330081 -0.0520061647301829 0.064967874829758
-0.0169636616058871 -0.0782936895784975 -0.0229398018894235 0.0517430630782796
-0.0274250338615866 -0.0642346203834697 -0.00505891790840961 0.0371681880318483
-0.0394679124916376 -0.0666908118989728 0.0120457698964686 0.017113160283719
-0.024351958904299 -0.0845637605963609 0.0299778751208661 0.00102795657475338
0.00123229488073358 -0.091075421656919 0.0488098137304907 -0.011623210142134
0.0403860546670891 -0.101210621271251 0.0780148623251282 0.00171005520905919
0.0855927872080784 -0.0749759156406697 0.0839087657042629 0.032761089731413
0.117661145944383 -0.0206783901623034 0.0573259535857533 0.0333694859896022
0.137508530975054 0.0213822415314645 0.0361095933414916 0.00192887413436535
0.121273814522401 0.043886727139654 -0.0493738578428285 0.0156277751874929
0.132383489883917 0.0330529539193954 -0.0657626946501301 -0.0437885018903445
0.13866322962443 -0.0223818916896297 -0.113166265645933 -0.0281466366273114
0.110323520230774 -0.0751477157627035 -0.113750868353021 0.00831317577608557
0.058656709996353 -0.0930906441941265 -0.0767416081208745 0.0341239797838365
0.0178341503029561 -0.0954194190459067 -0.0467427282853209 0.0356261538182234
-0.0174053746867259 -0.0866000130037355 -0.0253588834957037 0.0193802691974428
-0.0259758002685592 -0.0711009118415402 -0.0127432599064535 0.00701590200021802
-0.0332498244898774 -0.0748801813575655 0.00237813566562419 -0.0113570747992313
-0.0130590187127787 -0.0914642258822809 0.0207835044056901 -0.0266145683302017
0.0163420220305866 -0.0943301998444984 0.04539689219866 -0.0358187282168145
0.0573749587170425 -0.0981493028674481 0.0758121134617859 -0.0112079782943257
0.100770444032031 -0.067216141905681 0.0740091262068289 0.028255929992924
0.127203908768626 -0.00576205002259653 0.0326282762777623 0.0330670081061665
0.141536822224258 0.0369766166641777 -0.00501022940042137 -0.0120420836387289
0.110416425826866 0.0421225605220191 -0.0900676788851755 -0.00931802249159911
0.126586035078404 0.0294384913732432 -0.098009491011412 -0.0517575505645494
0.133169637082987 -0.0262710497895907 -0.11808842710011 -0.0315472487591315
0.102468434394961 -0.0764972403739479 -0.104980361544133 -0.000569955474725875
0.051319399106083 -0.0892487016756143 -0.064561993341086 0.00963447956250407
0.0152867807372889 -0.0886097201615847 -0.0438533815876731 0.00286964863084995
-0.0149666961872251 -0.0808496947685528 -0.0287144220792472 -0.0127124059882806
-0.0196355705284114 -0.067678859037188 -0.0174325602037316 -0.0240392375281097
-0.021082770175217 -0.0723041274141843 -0.00133648390297862 -0.0410970981020223
0.0023496732453878 -0.0847070493766281 0.0202053154535988 -0.0533541561197891
0.0319699665247122 -0.0827132011397585 0.048658345589418 -0.0561631042027966
0.0704571206201386 -0.0781842655131424 0.0759552035134502 -0.0209658576028544
0.103933286039657 -0.0441217325736007 0.0626237130040467 0.0243699943229983
0.118058897595512 0.0156095480693863 0.0101098818619015 0.0282007946875884
0.123671109775742 0.0506504316792742 -0.039718639553871 -0.0292275303503971
0.0794296711417006 0.0352099072432218 -0.119383493745111 -0.0280670905167161
0.0957818006621701 0.0238481231281792 -0.121783185458996 -0.0518818279209775
0.102650257159662 -0.0205173173041261 -0.115724247670303 -0.0332308271223349
0.07622818319333 -0.0590034552468529 -0.092388226697132 -0.0111233902783953
0.0373658482005134 -0.0655514486174118 -0.0559837729303727 -0.0145750612775371
0.0125500265535415 -0.0660387907421309 -0.0448130700654689 -0.0260208715764853
-0.00895296340909215 -0.0624523868241761 -0.0322401175329609 -0.0394487248162091
-0.0112712543516191 -0.053070021517445 -0.019054863784709 -0.0503093002984771
-0.00779671868746651 -0.0585055223760566 0.000789929525614128 -0.0678972129915417
0.0137986030834079 -0.0656398731990338 0.0284225945885164 -0.0748701310833593
0.0397144484762978 -0.0592276684954684 0.0612344951068498 -0.0690490368576487
0.0688955347705029 -0.0485358457829077 0.0791587692939974 -0.0243399257914858
0.0898001077318852 -0.0172327283976753 0.0541887929265843 0.0187704806499624
0.0917967695273168 0.0329653736729722 -0.00479877878920411 0.0175735928369512
0.0889381972452058 0.0556716633126311 -0.0637781272890655 -0.0478584068544031
0.0332794176080369 0.0258933014672577 -0.131837758730822 -0.0385814356551054
0.0484440845617314 0.0210413182658723 -0.130511289520006 -0.0453410490032823
0.0548462486351736 -0.00532749235844371 -0.107176517554443 -0.0370408831651483
0.0411082694868488 -0.026658088518915 -0.0823723424126876 -0.021767500180522
0.022513934931154 -0.0290457141681561 -0.0531606847263455 -0.0315059502730907
0.0124913589609653 -0.0325628038478267 -0.047987734554744 -0.0438534716635332
0.000635806726480676 -0.0346942052579018 -0.034681185348208 -0.0557078930746662
-0.00165907127781531 -0.031398895251213 -0.0179591754175974 -0.0677817225389694
0.00266972223784749 -0.0349710900464603 0.00741722766208339 -0.0866553510651643
0.0156630189241994 -0.0374608532863402 0.0423020132308166 -0.0883255383173917
0.0313574520622687 -0.0318895290515752 0.0769726091699832 -0.0729280784976273
0.0494358776823928 -0.021641365672315 0.0853318745017899 -0.0238330165132115
0.0605965696445324 0.00219307914007576 0.0513446711918953 0.0123220714415579
0.0538736747862845 0.0365848607712836 -0.0102347468262108 0.00633731888455141
0.0439834875741101 0.0484911512945423 -0.0744876310641382 -0.0636786408392445
0.00510987129495082 -0.0177027012341204 0.0903415314061159 0.0629022940238477
-0.0146622228504791 -0.0169999676930664 0.0326326968871187 -0.00344245311848768
-0.0237826288317726 -0.00750535206377469 -0.048306292308551 -0.0129088359321377
-0.0171211805677245 0.00301558158825195 -0.0884722765660006 0.016314036726296
-0.0144674241841475 0.00293345910508067 -0.0900571437998891 0.0701700861357187
-0.0122569565217682 0.0026934964334979 -0.0469504852358985 0.0995707021272771
-0.00955000363618426 0.00699133371727805 -0.00547840198141289 0.0974396316769991
-0.0104843696887245 0.00509928790237172 0.0230255613593279 0.0830120904349838
-0.01618307343666 0.00465635819979768 0.0428284454169941 0.0623267400201892
-0.0198689879665505 -0.00233101549327497 0.058804888265688 0.0503704900995706
-0.0180571601718964 -0.00857738531926717 0.0631576914913758 0.0393419581022027
-0.0178347469919988 -0.0156029686735139 0.0787794225234589 0.0331690067146558
-0.0124461244574789 -0.0177402556974193 0.099609239517138 0.0390642386094675
-0.000276231279113228 -0.0230736055329713 0.112269549994741 0.0358180680607442
0.0113493511338496 -0.0186131957819696 0.124626883235445 0.0273766152807214
0.0485615523437465 -0.00118150281978245 0.0690628287910204 0.0684702865901873
0.0301828279687104 -0.00201080817975466 0.0186451888271758 -0.00164889281932093
0.0233684900247191 -0.0105774210372131 -0.0609403025724739 -0.00917663734548218
0.0218537283328836 -0.0167445674047251 -0.0975903966838302 0.0179841800206081
0.010567491136067 -0.0265728392501851 -0.0944561698754901 0.069813679029779
-0.0029098700758397 -0.0308678939135431 -0.0517351515550677 0.0979383457297782
-0.0150960004256905 -0.025687058171924 -0.011797513764636 0.0934090205872759
-0.0201194801780037 -0.0214892203929949 0.015955595912637 0.0783281231835229
-0.0301699819368903 -0.0229974950558705 0.036304058650687 0.0554035897165266
-0.0267927461404799 -0.0363693052388443 0.0526013566335076 0.0407808021737083
-0.0140677482379229 -0.0443179561168298 0.0606353180226056 0.0286339973568761
0.00347117262085436 -0.0538197169367027 0.0797095342569663 0.0252646013264734
0.0270701956968939 -0.0444316945758861 0.0964041526075546 0.0355435909928107
0.0492140275406293 -0.0269900229050317 0.0996163008487634 0.028922400524714
0.0661675479480741 -0.00865755142216889 0.106674380215001 0.018793348325309
0.0857689670455322 0.017509312056021 0.036946180533925 0.0601650207135729
0.0745019352247996 0.0145953179081739 -0.00340024330960538 -0.0111053705190165
0.0712499433212081 -0.0128385821892518 -0.0787399510869994 -0.0120079546239494
0.0612620161920855 -0.0381838078978913 -0.10742085166267 0.0184918918288654
0.0348634229367602 -0.0550670888983314 -0.0934064377871823 0.065783688821366
0.00649719957990626 -0.0614622008938286 -0.0517909600787134 0.0869187388199391
-0.0183566306118054 -0.0552575612789934 -0.0166472829882973 0.0778109407444941
-0.0271250029604843 -0.0450659309403113 0.00694131435533213 0.0619809891079342
-0.040168616309857 -0.0463994240650101 0.0253691512795069 0.0395714665093104
-0.0311192591230115 -0.064004662604313 0.04201400563555 0.0227219120632538
-0.0110806604123327 -0.0729236295161674 0.0549802392593216 0.00968764231728094
0.0189084884237249 -0.0849676746456342 0.0800681732806666 0.0123474982859358
0.0579047162694518 -0.0677694642546139 0.0917341913906176 0.0316693841317982
0.0892141589172 -0.0304473845384487 0.0815161840023301 0.0274268089728008
0.109932829446537 0.00079919918070293 0.0761896940288926 0.00781147193811187
0.112409243152174 0.0297138505233685 -0.00335267350561783 0.0416350690197081
0.112506285247512 0.0229181384128784 -0.0326137795858129 -0.0260113686550152
0.112689411600151 -0.0227020677592329 -0.0980634118642005 -0.0157961270273814
0.0903897636089496 -0.0643772965021988 -0.112843192106267 0.0200041075841709
0.0482623100005805 -0.0822470865990359 -0.0844758008271218 0.0574975309601774
0.0102806849777997 -0.0850231213239987 -0.0465918111891103 0.0673544064585128
-0.0221378482936257 -0.0760306907727905 -0.0199117300814753 0.0529169342603295
-0.0311427290108517 -0.0614499599527797 -0.00244172214102969 0.0375965854833149
-0.043832411921774 -0.0627132131904317 0.0134738197591248 0.0161937282191851
-0.0301187666757093 -0.0822091541008862 0.0294952055702703 -0.00106889661029413
-0.0053012877214013 -0.0904712431401313 0.0478675053741491 -0.0142775640459962
0.0323415178392622 -0.101992296741018 0.0776832557982188 -0.00393870336862351
0.0794871888924207 -0.0805590848785111 0.0851031473625517 0.0261685533869818
0.11489027815873 -0.0287122331471922 0.0596034926972228 0.0289791386641489
0.136517707636326 0.0114647737680222 0.0357257915593047 -0.0003479027564303
0.12209606653239 0.0355584897037518 -0.0479659779741334 0.0186326459737488
0.132732661492568 0.023442926965343 -0.0674634260808566 -0.0394317349277396
0.134763475635115 -0.032818964936276 -0.112385478890143 -0.0203901104910741
0.103695728762822 -0.0825595278873287 -0.111766535106002 0.0149575673181467
0.0513542206316296 -0.0965802933191758 -0.0738287954190266 0.0385657201910092
0.0104314600300806 -0.0956555430617095 -0.0437155649370323 0.0378373290537658
-0.0231091227011483 -0.0844848262458921 -0.0249443246381408 0.0209312118940791
-0.0299440755315332 -0.0684050567447772 -0.0125016027498392 0.00767755128185229
-0.0377685013539137 -0.0708840877205584 0.00213771265058999 -0.0112765896421777
-0.0194910703615745 -0.0892837563627182 0.0187508246845622 -0.0273597055239247
0.00930808949266995 -0.0949696785269366 0.0418800967393339 -0.0375579970401862
0.0493784268418148 -0.101099348312508 0.0744070620331693 -0.0171670843983342
0.0952767875665707 -0.0738182115809829 0.0748787152981708 0.022844197203885
0.12513442694092 -0.0148263864337645 0.0349949980385478 0.0310939099977948
0.142073295743349 0.0255655899608853 -0.00522364006048735 -0.0112476022753696
0.111769404563745 0.0343953484237322 -0.0896232304683188 -0.00321925303373486
0.12670584562178 0.0206894674164779 -0.10014709100604 -0.0444136517506971
0.129674602348816 -0.0357701043108317 -0.11820089616842 -0.02319997659059
0.0953371568135891 -0.0831340446672689 -0.103246712674171 0.0057304836455698
0.0445469843571365 -0.0920576149790344 -0.0630842348562508 0.0135903311467945
0.00859386732902195 -0.0888075200960238 -0.0430117627373889 0.00543430181279106
-0.0201903715447496 -0.0782983536619574 -0.0306339685537729 -0.0107722744970743
-0.0239705974920587 -0.0650080652813529 -0.0196536161019402 -0.0222085108584483
-0.0257635240328645 -0.0690393821149497 -0.0042324792783144 -0.0408091288222151
-0.0039344273523856 -0.0840991816768669 0.0161055449379548 -0.0536794048901371
0.0258888918742118 -0.0841812416549101 0.0442060967307802 -0.0579632275685352
0.0639079271989219 -0.0818162375559705 0.0743172792973434 -0.0258959313002566
0.0994002804570803 -0.0511870935648439 0.0633514845830362 0.019902741263988
0.117370701479573 0.00721360560844021 0.0126861958249315 0.0279344072882025
0.124837186120252 0.0400520416674812 -0.0408973746373253 -0.0252469592584837
0.0802725813818745 0.0289770393557822 -0.120119731695602 -0.0195890440632983
0.0960182594011865 0.0168564944754536 -0.122523503811206 -0.042556165612846
0.0997331477001964 -0.0275009400383951 -0.115600750805873 -0.0254729161144084
0.0716293116020826 -0.0639908705153065 -0.0917948077410722 -0.00534885295133582
0.0326573241881282 -0.0680083673896862 -0.0562301333263689 -0.0111285802469922
0.00797519832820883 -0.0662821431356145 -0.0456175922131728 -0.0228693643093428
-0.0133137763252117 -0.0607760702897041 -0.0359042870794076 -0.0371855043493551
-0.0144830214655473 -0.0515305796892687 -0.0232825659251118 -0.0486237735602093
-0.0116210014980893 -0.0562830242981012 -0.00395977082222082 -0.0674062493757211
0.00892835450251429 -0.0657970767336078 0.0226347158364451 -0.075963577989289
0.0341392135965737 -0.0617200579862492 0.0557472160507771 -0.0717671063402861
0.0640617422294568 -0.0527795169641263 0.0774013500382469 -0.0295118941962768
0.0871200366505855 -0.0229494686041141 0.0549932325881359 0.0145565222065092
0.0920114134467714 0.0261439011979119 -0.00267375222512367 0.0183468449977588
0.0910799746176073 0.0475961311920889 -0.0656079339428687 -0.0428710416186589
0.0341066743945828 0.0230133808237711 -0.132774210284479 -0.0295579149766471
0.0490802705717071 0.0170561856106805 -0.130446969044586 -0.0362373450594108
0.0543315916567969 -0.00913024920553249 -0.107682814039337 -0.0294985769493734
0.0394015857119083 -0.028946917670113 -0.0827942944442946 -0.016341566390813
0.0205052768614454 -0.0301877514081697 -0.0547040428756236 -0.028023272173934
0.0103839903221619 -0.0330328337065773 -0.0508054050391853 -0.0403319514633553
-0.00131314318960106 -0.0340830802282558 -0.0392382113004499 -0.0533358084534883
-0.00384410955248996 -0.0303477542450582 -0.0220590591080702 -0.0662223591044147
-0.000161347307206955 -0.034208243331601 0.00126228082323094 -0.085953745628074
0.0129567599963228 -0.0378277088183101 0.0359471118160882 -0.0901599862470608
0.029198417173883 -0.0335679950216607 0.0708547017972265 -0.0772189237083024
0.0469387675409951 -0.0246538102351774 0.082946982847367 -0.0290774565117901
0.0593638800998123 -0.00144498220614555 0.0512849212402856 0.00896546079362044
0.0555237659547866 0.0326602379389295 -0.00889210166306586 0.00743285481204927
0.0467801920971866 0.0441417805398577 -0.0771954411305193 -0.0581561397338271
0.00409534567886283 -0.0174451865752886 0.088666353932329 0.0544274582667547
-0.0150022944591433 -0.0157810510249168 0.0305705591324449 -0.00587821379978026
-0.0233979679532419 -0.0060827596686549 -0.0457055033041824 -0.0106960211056747
-0.0168484711272283 0.00370444831618721 -0.082943326943833 0.0197283449707684
-0.0139107867887056 0.0039784920610087 -0.0819518443368502 0.0715518022603196
-0.0116925527322183 0.00325362082390056 -0.0392612973768181 0.0974562262328693
-0.0087324618983151 0.00651280572876137 0.000280423943247964 0.0924684573971855
-0.00927342963847383 0.00541856646751897 0.0271528862896749 0.0776779454378112
-0.0150463138697174 0.00548095717413479 0.0446086578141339 0.056722208735415
-0.0189443885580238 -0.00148739038497336 0.0584765656608221 0.0450438643418103
-0.0173166056075235 -0.00705394463742923 0.0627498331770094 0.0346306226831801
-0.0178835577798463 -0.0136094180791492 0.0767779267977031 0.0269593785248803
-0.0120807745785892 -0.0161236076586938 0.0965738442606954 0.0309956974359386
-0.00181399865362333 -0.0219672431951347 0.108202601710648 0.0283280702780433
0.00990266648765522 -0.0179330506203931 0.120276154224306 0.019754616262462
0.0459020302442697 -0.00348603269845682 0.0691686742453861 0.0614482509784222
0.0284730956613714 -0.00347686706264265 0.0177913427664705 -0.00346854948719615
0.0207515616509221 -0.0112440399897508 -0.0576647377116249 -0.00596917333334128
0.0193095016537821 -0.0178295357951928 -0.0914900107351683 0.0221558356268235
0.00831785239907367 -0.0260922290987189 -0.0862201237717063 0.0714778059105524
-0.0052878361501905 -0.0294366885328653 -0.0436581713137897 0.0960108494643104
-0.016120200153431 -0.0242627597648229 -0.00568859544060822 0.089453311043894
-0.0206386692175555 -0.0195116970740543 0.019898556566986 0.0736603564687777
-0.0299638834386714 -0.019909520517714 0.0375770028478326 0.0507469205433268
-0.0277525851432372 -0.0329984804994976 0.0523359642766647 0.0358078007658266
-0.0162595352781175 -0.0416763947260021 0.0596504765762485 0.0241047404943408
0.000126352373754816 -0.0509711549307234 0.0772640091355279 0.0187792383079897
0.0234858312100929 -0.0440787491468745 0.0931378346550571 0.0283139556899777
0.0453529960413893 -0.028264254503495 0.0960238341521048 0.022072353955294
0.0618135003293597 -0.0123831548912866 0.102365733052639 0.0126867627220985
0.082283111181672 0.0126292111685008 0.0377052277627014 0.0558013506815755
0.0718605434340007 0.00976298072305139 -0.0035517974488461 -0.0110578167926941
0.0667535744956146 -0.0170426730930891 -0.0745804740605955 -0.00729178901595729
0.0553296778406486 -0.040835047747033 -0.100529611098028 0.023117874194158
0.0291896320848238 -0.0549886675952899 -0.0854249235474535 0.0675763082030994
0.00202537235116906 -0.0590019907092012 -0.0444067596081685 0.0850580765034565
-0.0207353277465109 -0.0518566158361755 -0.0117491280810042 0.0751383870273622
-0.0281368321946154 -0.04168674625091 0.00989217905528633 0.0587765406061016
-0.0402797722420665 -0.0414885865485316 0.0263045231097988 0.0360785758918016
-0.0334335430893712 -0.0588122097467772 0.0412009529084446 0.0194709969076238
-0.0150560100008347 -0.0690530414366041 0.0532640860268264 0.00663081936447864
0.0130916610723803 -0.0808571585141886 0.0764429354495422 0.00671753772858525
0.0514877806249996 -0.0681016977421889 0.0888224696597941 0.024832486467466
0.083569433435558 -0.0338996022053152 0.0791684105403229 0.0217006457730178
0.104030042713527 -0.00581464056457607 0.0731854470370858 0.00378849213679841
0.10865853354327 0.0224711884551563 -0.00144832210823602 0.0402948637840533
0.107782332745719 0.0153002623884659 -0.0322958434198408 -0.0236756438963563
0.105512479324561 -0.0285347233886855 -0.0936364039377072 -0.00982570583532669
0.082141734717678 -0.0670181205053064 -0.105890999764178 0.024741808280348
0.0407524399186742 -0.0816078991664901 -0.0774524023253285 0.059340035912993
0.00448290190396701 -0.0819881818188381 -0.0405419713406537 0.0660892986609681
-0.0250808253085026 -0.0711245039774207 -0.0164864922894761 0.0516861017365626
-0.0331437628690881 -0.0567146580413724 -0.000227183642108445 0.0359786338717056
-0.0446402412690133 -0.0567913129356887 0.0133532577804913 0.0143808084780051
-0.0336849981850667 -0.0758678478326639 0.0277034385482281 -0.00298428787910343
-0.010565057069154 -0.08571936855991 0.0449750851492483 -0.0154224226694308
0.0242127007639733 -0.099107922666122 0.0736622692823441 -0.00883331019309917
0.0708420562864645 -0.0815263713707067 0.0822943094524186 0.0202821454250325
0.107520575939812 -0.0344478162744497 0.0583934922678087 0.02458146340025
0.129822556837414 0.00214576534501136 0.0342476321437972 -0.00167861340238842
0.118340565591479 0.0276094503895197 -0.0445240164200873 0.0202419852584766
0.127385279579968 0.0150377821243756 -0.0659045680969904 -0.0338811767153839
0.12569798323307 -0.0395710693735501 -0.107022485566559 -0.0132973962890365
0.0931800269009496 -0.0847663883192221 -0.105175687573667 0.0201242138331481
0.0428172071118197 -0.0956763453336164 -0.0681375056617802 0.0405714547101368
0.00393425187334856 -0.0919093962149381 -0.0393338525255944 0.0379670101348865
-0.0268058239725806 -0.0790990692243078 -0.0230928849365876 0.0218404840202164
-0.0319318687086458 -0.0633577710814248 -0.0114985488496956 0.00766687806682752
-0.0393930651991745 -0.064493667783128 0.00129826493422342 -0.0114591702160645
-0.0240544091523209 -0.0833323306711872 0.0162442687438216 -0.0267928265495436
0.00280565153529959 -0.0910258230890268 0.038244508998493 -0.0375377259789067
0.0405219083906127 -0.0990693359993232 0.0700275754824831 -0.0203622791311649
0.0854696109573088 -0.0761834906310728 0.0722687921409902 0.017892934034641
0.118040692219011 -0.0214130856229388 0.0355912728128974 0.0271369574930594
0.135290078743813 0.0149999175441263 -0.00561014987011664 -0.00946168383312125
0.107736013442629 0.0270488584911978 -0.0852380481281531 0.00127126589146922
0.121416126463006 0.0123272101346355 -0.0967302716205246 -0.0370723522596239
0.120763024129777 -0.041672252015135 -0.112628765444468 -0.015677756886195
0.0859779386534899 -0.0849595298163693 -0.0974254149258616 0.0108319700269713
0.0370063594723072 -0.0909368787827957 -0.0590575125770416 0.0157632624804557
0.00302549770732243 -0.0850308107187788 -0.0408717153490126 0.00704928261107184
-0.0240428269336602 -0.0735647928813619 -0.0306561503919296 -0.0084890628287995
-0.0262287742410315 -0.0604582401689136 -0.0201667312783322 -0.0209463226729091
-0.0280105343664935 -0.0639276083962942 -0.00653042139613621 -0.0384051070240728
-0.00873844278608146 -0.0792210237617349 0.0121242504132769 -0.0514622902525564
0.0195557807552779 -0.081822259140625 0.0389576584986619 -0.0570785132895633
0.0555743270639297 -0.0812150838305652 0.0694365536602785 -0.0288267768501295
0.0913786858749104 -0.0550594004228113 0.0614741149285141 0.0155244834481105
0.111224166255304 -0.000167220246260921 0.0138799287402663 0.0257149459756275
0.11993487311617 0.0301761808072809 -0.0401231869588903 -0.0217204238353809
0.0778551119976001 0.0233785536263483 -0.115252084305334 -0.0127873504870043
0.0918597140553196 0.0106124275957786 -0.118166001435322 -0.0333201150757233
0.092682381976748 -0.0323138863288333 -0.110267129508125 -0.0181010239407201
0.0644531274147945 -0.0654159772977934 -0.0873345068802606 -0.000800323301412748
0.0269283743930245 -0.0669240075228177 -0.0538946390795212 -0.00744818544161897
0.00373896737235056 -0.0635286979872156 -0.0450326832624977 -0.0193383537049041
-0.0158897031921249 -0.0565803747577911 -0.0372638169295516 -0.0332811425490522
-0.0164482857163241 -0.048134615381922 -0.0250999672710064 -0.0454384113288616
-0.0143748722543726 -0.0524523649954294 -0.00764113405864798 -0.0635392116293295
0.00453956077480067 -0.0630347726905339 0.0173216238224864 -0.0734632007727273
0.0287152860086064 -0.0609967188532475 0.0485449495386122 -0.0709128333522389
0.0575686183776116 -0.0532817671385113 0.0725532189945835 -0.0329411922713809
0.0813786299901355 -0.027067269759894 0.0528070517828273 0.0108360828914622
0.0887290824650522 0.0194942781679316 -0.000969678600975839 0.0175480224350409
0.0883523008008463 0.0395179029855821 -0.0646876189156617 -0.0365503822534081
0.0337124489780271 0.019687759180123 -0.12855297130036 -0.0220189750693928
0.0475501228835388 0.0131317845668748 -0.125648162538437 -0.0273665227547
0.0511580795854961 -0.012257197791948 -0.103409819229176 -0.0219696297429695
0.0364388870792871 -0.0304538603277651 -0.079044149876211 -0.0111408288618472
0.0179127471313193 -0.03095193404742 -0.0531583126470698 -0.0239403760291276
0.00786244861269671 -0.0322064923874216 -0.0507553098983529 -0.035718610359757
-0.00309810223645056 -0.0324486797522107 -0.0416540764557963 -0.0486927747311996
-0.00455523839101516 -0.0283926901880508 -0.0256392960938086 -0.0623028883545517
-0.00188028939381738 -0.0323450386689229 -0.00395670722718873 -0.0820683511145862
0.00997899057439297 -0.0362352080630347 0.0287555477807164 -0.0875674271919539
0.0254450794185733 -0.0334049878207648 0.0630227998497513 -0.0769068454990996
0.0429615929048295 -0.0258324313062012 0.077533552183239 -0.0325897167979914
0.0562009556642641 -0.00529799745367031 0.0491277453932799 0.00643248312943034
0.0543900668074949 0.0277403663753516 -0.00746337953772387 0.00699643298335905
0.0467407957656915 0.0383993150388474 -0.0762586271651543 -0.0505200959505911
0.00381502990278117 -0.0171326043589293 0.0899816469632312 0.0352189829698439
-0.0146925244858957 -0.0131045273172304 0.0272815303512988 -0.0114679356488674
-0.0222077426376168 -0.00169683717804809 -0.0454463034996305 -0.00437168760488187
-0.0151396020381319 0.00759454234987261 -0.0758458906464227 0.0297001681189253
-0.0111254587173201 0.00732848629522432 -0.0667068309340781 0.0798841518680689
-0.00961384663085255 0.00525619624973626 -0.0231473867380564 0.0966212160853671
-0.00672695857913711 0.00685927755183868 0.0133892588438784 0.0880483666072068
-0.00777222985724513 0.00596362902456783 0.036859548059097 0.0694144007527783
-0.0125688467336407 0.00652315978745905 0.0511140223678045 0.046952734080772
-0.016542295516148 0.00141592585245805 0.0624516497292474 0.0324671621965648
-0.0164636533380792 -0.00494436435580993 0.0637570070955077 0.0221802526404017
-0.0170214152171612 -0.0092460364292926 0.0753181940916264 0.0131119337064465
-0.01174323933839 -0.013427169197662 0.0944128326803725 0.013403958951824
-0.00271939182136725 -0.0193528006502669 0.103894672866598 0.00936222347927029
0.00910062620720553 -0.0180744416749068 0.114277071013953 0.0026204348914391
0.0434033194802603 -0.00828804782623701 0.0748724582233929 0.0455504393590738
0.0258016411376879 -0.00705159406494225 0.0168121467405134 -0.00629811930723212
0.016662726836065 -0.0122299299875872 -0.0520851019169048 0.00237284148192219
0.0146326202896271 -0.0171518244385537 -0.0801460354026372 0.0333265342762957
0.00511038383516048 -0.0230418256736066 -0.0690359749312979 0.0783771504985336
-0.00736941242671603 -0.0256243877666427 -0.0277789323597287 0.0944980257904581
-0.0173504694342847 -0.0202643951083491 0.00683623706991341 0.0844900905961984
-0.0205746164983684 -0.0157636534512694 0.029669727985695 0.0660480885386864
-0.0292879735623365 -0.0149408211713393 0.0438590610839475 0.0422827501722192
-0.0295699661916309 -0.027507933064485 0.0560214480887511 0.0248627578122157
-0.0190991662408096 -0.0366718340263419 0.0598276275387965 0.0137790400018873
-0.00517765629985896 -0.0467779682579945 0.0743539394740338 0.00663991260056744
0.0173598168462281 -0.0427700277918606 0.091898495392978 0.01138707258261
0.0393632695244176 -0.031495035966785 0.0921570603373571 0.00714271972619889
0.0577187397951717 -0.0186202689896731 0.0970760542074315 -0.00119273535286928
0.0777497860330194 0.00227914740526707 0.0474736522263906 0.0464112118574554
0.0666205999100743 -0.00022290150821236 -0.00249563905786424 -0.00923901971169796
0.0568658550957889 -0.0227208385750792 -0.0652022735023273 0.00395595938960029
0.0436876973888005 -0.0425464812915814 -0.0858788420425202 0.0356922971761627
0.0203140026776431 -0.0522681436414425 -0.0670641315511779 0.0725150724497154
-0.00476481596559444 -0.0540223540904455 -0.0290137975562612 0.0830691956880125
-0.0257398992661187 -0.0445871572194308 -0.00041204291816946 0.0704675008561212
-0.0300772466246451 -0.0357987131346585 0.018158096259673 0.0531450158670234
-0.0416607560492081 -0.0336418241149009 0.0318327836012285 0.0299475353340606
-0.038151357468223 -0.050354826074487 0.0434677640637426 0.0111780199165257
-0.0211223094656696 -0.0622018033957588 0.0513177158419628 -0.00137548799043885
0.00284827874093198 -0.0764063940012647 0.0725049627598892 -0.00437371285616727
0.0400538739742799 -0.0676759193837785 0.0874764906034496 0.00913253616203757
0.0728662381932664 -0.0418723900626995 0.0763744830906544 0.00996079060368994
0.0964802897404394 -0.0181439830648721 0.0678635425541892 -0.00483665772119991
0.102110653463245 0.00921545124441624 0.0100584013962424 0.0384164588136761
0.100044943429287 9.7605532993603E-05 -0.0298259411716938 -0.0159985045564604
0.0900629345728605 -0.0383425496341024 -0.0801253853128909 0.00423207895393901
0.0642705490851246 -0.0699713608208097 -0.0881703385299056 0.0375929771911981
0.0267291382833707 -0.0782227041604706 -0.0598659069189286 0.0619861630216593
-0.00579270110960269 -0.0755533652062554 -0.0283552601263459 0.0636951829933929
-0.032684936455577 -0.0614928256439077 -0.00828699154948447 0.0482935143897674
-0.0363487409411524 -0.0490716183534389 0.00509361875952236 0.0326744886993927
-0.0480228675920257 -0.0462620537880425 0.0167404988191994 0.0121963700267642
-0.0410155729044267 -0.0660788577649862 0.0273949345450118 -0.0066327765627408
-0.0192005180071409 -0.0790198517088791 0.0396638981080651 -0.0203938582107265
0.0114348597154033 -0.0947347716282554 0.0671795300633738 -0.0179511847010808
0.0561235191644382 -0.0828436814523721 0.0808763319901525 0.00615802524667254
0.0948303585217869 -0.0452874782784219 0.0571525352791582 0.0158149736133006
0.120645085248062 -0.0138711259758216 0.0316567177834512 -0.0046049351944008
0.110603626074921 0.0130047813513691 -0.0325890448885633 0.0276020674918526
0.116385929085509 -0.00231623602478133 -0.0616753428089826 -0.0198976493810008
0.107266971309233 -0.050173216084072 -0.0916560185991503 0.002699537535759
0.0713471738089859 -0.088234610145343 -0.0859568927782957 0.0324468408158584
0.0266861653413735 -0.0918004736608767 -0.0536086567913998 0.0424491885278686
-0.00755825511871485 -0.0843903850198078 -0.030612273079426 0.0366890843733244
-0.0347225582096208 -0.0680081132817384 -0.0194145945236058 0.0202268559482818
-0.0365602830406385 -0.0549178176890098 -0.00960285626192202 0.00831383026177262
-0.0447792655411341 -0.0546313170095724 0.000899247211356799 -0.0103368874702376
-0.0330027780900697 -0.0742362348065688 0.0127754239765048 -0.0272891962130442
-0.00723775156221437 -0.0848104013039192 0.0304208526181981 -0.0395585045904991
0.0262956645705034 -0.0971539936838572 0.0619383604527535 -0.0281987146665821
0.0699264537640867 -0.0796638696704754 0.0720693199879923 0.00584469532904664
0.105526371188706 -0.0348571222470715 0.0362173977716155 0.0219460229052602
0.126560648806893 -0.00244908913558692 -0.00674738894190193 -0.00673565139441624
0.0999211574026159 0.0135499765597043 -0.0736046450357405 0.0165556248562821
0.110152909476243 -0.00325346971641162 -0.0909982150165836 -0.0185817563186382
0.102216874523941 -0.0514755214524716 -0.0982312840152417 0.0015202978065408
0.0648552764617307 -0.0873287084872292 -0.0810619977161902 0.0223454923625264
0.0215285124064134 -0.0868261019633241 -0.0496254607237741 0.0177796411882361
-0.00817391507910947 -0.0783770555313787 -0.0371199477859508 0.00815674119011399
-0.0316130203234202 -0.0637423718082148 -0.0306450856218159 -0.00683861872824293
-0.0305154219605654 -0.0529686737024176 -0.022143399045739 -0.0171269728228736
-0.0336382000834988 -0.0551417914269269 -0.0105568225224212 -0.0349641769549428
-0.0184004246782945 -0.0727471935081121 0.00493505527765482 -0.049675006463339
0.00881462525803079 -0.0781072458098417 0.0276802551074027 -0.0582270278428928
0.0420811376193568 -0.0824532368547722 0.0594901372738823 -0.036076069023766
0.0769377703692796 -0.0602275487858359 0.0615403039736865 0.00585591505060303
0.102359995779409 -0.014229410320328 0.016094311197459 0.0236881268188717
0.113860219017487 0.0131974941513116 -0.0402776303979781 -0.0132011752949413
0.0714186084574305 0.0139148969983011 -0.104645771570386 0.00752252048444891
0.0833391281399802 -0.000745425206062304 -0.111146084682971 -0.0117858608759431
0.078124640444693 -0.0399117757676132 -0.0983684440822986 -0.000853038558422809
0.0476024330492076 -0.0661275002712319 -0.0751666063291656 0.0105348597827438
0.0154270065260906 -0.0642508899452735 -0.0491103355744865 -0.00403649893555569
-0.00465275509716598 -0.0587682433001265 -0.0451092112593113 -0.0151356678725037
-0.0222948993511025 -0.0491537951701608 -0.0401860485390396 -0.0288716818835174
-0.0211716545296995 -0.0425174666969944 -0.0299992555289155 -0.0394594145546705
-0.0199483594275367 -0.046930993163714 -0.0161038856684244 -0.0584907504645143
-0.0042762248174955 -0.0590086443095398 0.00617970646981268 -0.0707585852580086
0.0201166535870991 -0.0602699244314928 0.0341714257862464 -0.072631007282992
0.0476034518524286 -0.0574609534593541 0.0611878825500831 -0.0401448090152748
0.0713644836203003 -0.0339198361656597 0.0521987110415099 0.00305389913550775
0.084152009606597 0.00679552693665559 0.00083050143283632 0.0173032058647477
0.0855632730449394 0.0254704544515755 -0.0649200875436229 -0.0241761086157398
0.0304506709774457 0.0155809764396995 -0.120400070227897 0.00102513913560044
0.0436213055329568 0.00769375925915475 -0.119678036817505 -0.00531526471051901
0.0432314967652152 -0.0162006094844584 -0.095454980754252 -0.00459969218399221
0.0272818290178613 -0.0314017722129232 -0.0722388318345587 0.00040073674169488
0.0119637800900723 -0.0295721729838509 -0.0524665761650914 -0.0168285881488402
0.00289305707026953 -0.0305653878208237 -0.0526904960395436 -0.0278497125305925
-0.00767586644625556 -0.0282341553212507 -0.0458387271782071 -0.0417534693362082
-0.00782227403744072 -0.0255924726577981 -0.033503469761241 -0.0551964687136716
-0.00594483625404734 -0.0292505529662663 -0.0156228484293853 -0.0761082694490232
0.0043464455717492 -0.0350284240154473 0.0139893038429731 -0.0861436485877504
0.0200837099285347 -0.0346377675120852 0.0465366945642314 -0.0813002542682353
0.0374666473880113 -0.0292116468334586 0.0661546631299971 -0.0408277683009468
0.0508174463592703 -0.0106179291184892 0.0476374204877138 -0.000736119506002751
0.0531001864293502 0.0188987303807583 -0.00619257158940141 0.00849562836852957
0.046301731779197 0.0293927914039843 -0.0775009460319332 -0.0361091060116617
0.00388806713522072 -0.0163784998316074 0.0842584115497952 0.0356239316296391
-0.0140068906873738 -0.0130517224186864 0.0257424198552278 -0.0110903875815136
-0.0214371091205912 -0.0019184854520042 -0.0426333995638968 -0.00574063404872543
-0.0144807549113637 0.00714684814843107 -0.0729108157708047 0.0260498334527275
-0.010642827835199 0.00694794935260077 -0.0649405184935458 0.0740025498797026
-0.00932866942071893 0.00498278547734383 -0.0243032878753802 0.0913505144289557
-0.00650529994782764 0.00574139232880497 0.0107715743741488 0.0837162920289043
-0.00759891003386776 0.00516356799153619 0.0342626887427698 0.0666492841334189
-0.0119540703947016 0.00548186143350009 0.0479213310836681 0.046406599172541
-0.0158457858526486 0.000680345532798045 0.0586448020528113 0.0318800015044
-0.0154655988776181 -0.00483674821723266 0.0605166654192579 0.0227109635103481
-0.0158650478953825 -0.00912923093354463 0.0709154810598734 0.0143372887957998
-0.0108290959241079 -0.0130583918722916 0.0889427279111716 0.0152037565197497
-0.00223712638610136 -0.0182750263625318 0.0980766516021808 0.0116535649343504
0.00874255586371124 -0.0160748830307804 0.108964046118081 0.00596593326315749
0.0413089279609537 -0.00699847299294881 0.0698609889896396 0.0452405570974301
0.0248883080300362 -0.00620244204255963 0.0160948580480257 -0.00597086761621231
0.0157199958800541 -0.0111198858665432 -0.0490901675334858 0.000182715872201209
0.0137618907657295 -0.01600511488765 -0.0771514970299422 0.0291709316558196
0.00502282130539821 -0.0217763176471053 -0.0672615175780775 0.0726048916681711
-0.00682329647936598 -0.0245633030048731 -0.0280145689500718 0.08894619346598
-0.0166821881416407 -0.0199681183550428 0.00530830228564158 0.0803893417537142
-0.0190141894433432 -0.0158633913944355 0.0271451227554442 0.0635434502954976
-0.0277914874259359 -0.0149619308523364 0.0412572649990537 0.0411664483982695
-0.0272163097577526 -0.0266522333969511 0.0523856258565695 0.0252652366168765
-0.0174302439369097 -0.0351324285488105 0.0565025597989307 0.0144908572325564
-0.00403721557768597 -0.04449899278498 0.070330550128512 0.00764716771301864
0.0173880605141162 -0.0403764823930778 0.0867322071649243 0.012895217630916
0.0378740131617265 -0.0289539408414899 0.0875192302323472 0.00902655662844256
0.0546079252320101 -0.0160634786168694 0.0926038280303917 0.00159024229610641
0.0737739031254777 0.00386227026671912 0.0440074172868553 0.0451869258397751
0.0633948661568178 0.001152435285525 -0.00171907075088469 -0.00925734297696083
0.0542714477128349 -0.0208895852308507 -0.0617119100095812 0.00120908260969188
0.0418017434151127 -0.0401046387566878 -0.0819792799507847 0.0318651519072634
0.01997077116372 -0.0497770583400918 -0.0649542433252885 0.0673852701106262
-0.00416593616958168 -0.0515469831664013 -0.0291837127546709 0.0775825278372936
-0.0235580207061965 -0.0430377687224298 -0.00182774427029446 0.0667581526025885
-0.0281953165959611 -0.0345972921756924 0.0162962302432967 0.0513468978383343
-0.0396487156959358 -0.0323657059600162 0.0298162172364767 0.0293710579644123
-0.0355046475492226 -0.0488584212904562 0.0412580341982758 0.0121925465148392
-0.0190029727979721 -0.0598380386297199 0.0491772431020273 -0.000163149279631399
0.00448017993446882 -0.0724926606551057 0.0682309680995525 -0.0026565866473318
0.0392372189067532 -0.0641958564908751 0.0827178536003956 0.0107305266863192
0.070065549347816 -0.0383895738635844 0.0727675808163212 0.0107348622561272
0.091585219761528 -0.0152085580437972 0.0651523450802986 -0.0028943660503329
0.0968476115675439 0.0109018638604273 0.00895512553995475 0.0371489623989463
0.0950887702962033 0.00246853674825821 -0.0278833048472427 -0.0155477330936177
0.0856662602189407 -0.0347354442475997 -0.074681716622643 0.00133393980556759
0.0615260496227692 -0.0656340051804587 -0.0841749528233924 0.0333777126010768
0.0266499975592262 -0.0740311518328345 -0.058971222865219 0.0570929428813177
-0.00452806815864266 -0.072023952704155 -0.0282792342623087 0.0591970348101704
-0.0296696333253351 -0.0590576866166099 -0.00909468542000942 0.0459835555692975
-0.0336113180530517 -0.047215371346676 0.00435767598048032 0.0316127228256591
-0.0444139916260495 -0.0447212184483098 0.0158669901200474 0.0115721410622275
-0.0375760273756342 -0.0636543758787075 0.0266648049553488 -0.00536720608827906
-0.0168361290438008 -0.0756261565465869 0.0386364745330596 -0.0180269319047969
0.0122507825449115 -0.0893676764979212 0.0641109490425746 -0.0158779198478106
0.0548709191962926 -0.0773624314651989 0.076780226002248 0.00758635110441926
0.0905589436294325 -0.0412355162972899 0.0542573998439694 0.0167617671527232
0.113699739343114 -0.0105966167229884 0.0303659528385096 -0.00290109973304399
0.104265705314726 0.0139260868254327 -0.0310423486226852 0.0253391051267526
0.110998624343195 0.000820656394376402 -0.0571105430386845 -0.0207495683043897
0.101904335566741 -0.045690704393247 -0.0863339393033339 9.66480979726944E-05
0.068610490856366 -0.082564452744216 -0.0820220503199462 0.0285424194743087
0.0268013221716831 -0.0868388956096292 -0.0522827996952651 0.0382157504993855
-0.00629069588950402 -0.0804227268697797 -0.030106736954113 0.0336548543974609
-0.0316288780736186 -0.0655660914313018 -0.0193521957585763 0.0195089405935871
-0.0338143639236268 -0.0530557433746308 -0.00943664338711336 0.00741224644387279
-0.0408296550174635 -0.052532012858221 0.00136617480084613 -0.00990833348257069
-0.0300101298032425 -0.071172968466686 0.0130221630737542 -0.0255512888712715
-0.00579905563346912 -0.0810723482173555 0.0300420071990835 -0.0367089429381636
0.0269089429507745 -0.091323554498409 0.0587036140834395 -0.0261228877993523
0.0676512697421753 -0.0745043084336889 0.0683844301923902 0.00709417452575499
0.100386504107363 -0.0308097865991174 0.034818159831809 0.0217910136340497
0.118924567481132 0.000140424614631411 -0.00585051900323831 -0.00587532798523367
0.0947160304968518 0.0146898504023105 -0.069863604222898 0.0142429471274865
0.104884134604321 -0.000809930113681639 -0.0849561183261956 -0.0192524009694845
0.0974013951535322 -0.0478214074919136 -0.0922808407886893 -0.00160140446561357
0.0625449040131331 -0.0820064064247741 -0.0773982143412612 0.019036878504544
0.0218374150562284 -0.0825604223427903 -0.0476021185162316 0.0155925067787066
-0.0069084406527041 -0.0747799071333666 -0.0357927546134789 0.00644724679512574
-0.0285669305259653 -0.0608773572610334 -0.0298140005023714 -0.00670224990318968
-0.028055104127445 -0.0508276787113487 -0.0206808921009689 -0.0163227569994651
-0.030936326620197 -0.0528571928186721 -0.00985049510620166 -0.0334248677031601
-0.016238487191651 -0.068730244723531 0.00586831703350217 -0.0467302066070951
0.00922060092613599 -0.0747524363849848 0.0279152328500395 -0.054397056321705
0.041311273029655 -0.0776961117487757 0.0569425468095674 -0.0326591709440762
0.0739647153509827 -0.0560127323361586 0.058150726095681 0.00656594593227921
0.0972559876278135 -0.0108772352149958 0.015513050763192 0.0224292006121012
0.106825366006387 0.0147626956313693 -0.0375523404974467 -0.0132851381680474
0.0677352006557405 0.0145559411148546 -0.0997086928772468 0.00448867682449642
0.07938954504614 0.000759669490018773 -0.104564637077026 -0.0146749283526272
0.0749602802022762 -0.0365025145658518 -0.0928288389202743 -0.00344789191044246
0.0464703761169861 -0.0626804159299216 -0.071102095169295 0.00786766324610531
0.0159131147424417 -0.0608056698690535 -0.0467469976728826 -0.00542154594941948
-0.00346066748142889 -0.0558700362623851 -0.0430259386956831 -0.0155752944953589
-0.0199358419019406 -0.046935323635322 -0.0389562941147878 -0.027715308548563
-0.0185344593559807 -0.0406756154437496 -0.0290823318061673 -0.0381512704248044
-0.017671510887674 -0.0442370986024084 -0.0145774290045253 -0.0560936402930917
-0.00263652427764309 -0.0557404827367633 0.00735529301483144 -0.0669182801420883
0.0199248709022431 -0.0570258050713035 0.0342446116063454 -0.0680075559244356
0.0459347409900602 -0.0532253211543213 0.0590817060547826 -0.036739062261266
0.0677247091122976 -0.0309398342359682 0.0499002300668123 0.00420682688299029
0.0791330029755568 0.0082196072423032 0.00134825021795919 0.0168643634017634
0.079503792685347 0.0251071266336383 -0.0605318790785635 -0.023903985204526
0.0289167777598961 0.0147256950818769 -0.114933215841978 -0.00233471232055555
0.0410489276161417 0.0077722854658295 -0.11235688398191 -0.00768810866208987
0.0415337791710286 -0.0149732887274643 -0.0901177724538764 -0.00733851620321419
0.0271588802202585 -0.0296759308431964 -0.0680551254640559 -0.00122270392177246
0.0120519098776315 -0.0278114545733561 -0.0492203023665139 -0.0176527156898352
0.00306868686462096 -0.0288072667420232 -0.0500453985917251 -0.0278821023353464
-0.00695742317897037 -0.0270453650810638 -0.0442466953104811 -0.0407445965196666
-0.00664160405408667 -0.0240561783194301 -0.031422350478322 -0.0530759742361073
-0.00516778253129245 -0.0278328332805997 -0.0132050944143486 -0.0724399952098457
0.00482435651614521 -0.0330426663831792 0.0151897187590217 -0.0815936715837118
0.0194600804928488 -0.0326359779891347 0.0459457500846898 -0.0759137031140591
0.0359414218906812 -0.026768165064601 0.0640534929811538 -0.0375528294710861
0.048478168885771 -0.00921773811375384 0.0451092355178902 0.000471244108105889
0.049900256281518 0.0193894064461841 -0.00533726787130142 0.0078272795073223
0.0429198032581465 0.0279997923950387 -0.0721841395657462 -0.035261497345867
0.00433272993363598 -0.015967392593518 0.0809834453689797 0.0391005448550523
-0.0130693987703495 -0.0130068198995743 0.0257498828884975 -0.0100517818495357
-0.0211320855129999 -0.00310752871918555 -0.0415428977460218 -0.00855132835494247
-0.014861413606234 0.0061267175509086 -0.0721629853934907 0.0224105495498062
-0.0110289693314567 0.0066236838374407 -0.0674373147819812 0.0700192813818833
-0.00953680643507132 0.00452937592338913 -0.028026229942924 0.0892403611219557
-0.00708630509346257 0.00526017005170807 0.00761779383608161 0.0825004337839756
-0.00781701747601459 0.00437998691365426 0.031537392802398 0.067504702141008
-0.012124429363139 0.00454677376457695 0.0455904351404361 0.0474493464352764
-0.0158435574579137 -2.02714445176606E-05 0.056766246396574 0.0341287909740322
-0.0149537687140446 -0.0047549457439819 0.0586625855560251 0.0247417091840596
-0.0147023563910525 -0.00997486181670051 0.0682936945325389 0.0174864046895538
-0.00995218733296193 -0.0139095337291507 0.0864583266455239 0.0189677757526086
-0.000967561175198579 -0.017969376026871 0.0961046916452997 0.0156474648289812
0.00970554053705561 -0.0149997049432208 0.107465426880624 0.0108580486641932
0.0404250193239834 -0.00558669306551676 0.0674540417529285 0.0475598318084161
0.0251900503455662 -0.00492209775063835 0.0155415696052412 -0.00574366702752965
0.0160007173771273 -0.0104721695451125 -0.047528084999725 -0.00297306936420719
0.0140880655630292 -0.0154714894944069 -0.0769214809404811 0.0250765797888707
0.00553631354428118 -0.0213574763256687 -0.0696814799940408 0.0690340496006775
-0.00629324718945549 -0.0239851860341386 -0.0315527324788077 0.0861691470948338
-0.0153563574458906 -0.02038374596611 0.0016874230216461 0.0788764565788949
-0.018527188125705 -0.0170302995229507 0.0251281110592595 0.0639320490837674
-0.0262400756064645 -0.0159198155648471 0.0394936913393688 0.0424877256597646
-0.0264448540246447 -0.0274633167568342 0.0511865231182285 0.0275009737791483
-0.0158569106666349 -0.035600986136117 0.0555423698917713 0.016464085090378
-0.00209707164616261 -0.0437628355785684 0.0686234006805585 0.0108200418418072
0.0188967313703516 -0.0396211979666624 0.0842816758901439 0.0158446013353704
0.0385629998103503 -0.0271342560319841 0.0859498253435456 0.0122354239922752
0.0544821947946256 -0.013611245581067 0.0917432225527794 0.00616851862674692
0.0720165834961013 0.00682520886524697 0.0416797974068313 0.0467274032342299
0.0623281849107607 0.00353078434671159 -0.00119393132381816 -0.00973279631991898
0.0536029328383666 -0.0186395453983464 -0.059628216909485 -0.00185283684899166
0.0422538067409459 -0.0382106900713904 -0.081962940956116 0.0274658732564871
0.0205369676310389 -0.0486801944762201 -0.0675732723384881 0.0631760362809055
-0.0025752372315524 -0.0511174000409523 -0.032256049242401 0.0748686727988641
-0.0216728945293364 -0.043497356469273 -0.00501796065288374 0.0660182801974412
-0.0263788277045679 -0.0355411906621579 0.0145805159988894 0.0517243023897325
-0.0371006871752431 -0.0339902579507893 0.0282713090930875 0.0308146340225989
-0.0329061326325106 -0.0498956210456628 0.0402670394297516 0.0142810329819211
-0.0165448132922105 -0.0598583386364455 0.0487970485057909 0.00264125758840278
0.00705388473485728 -0.0710438161093226 0.066860877482294 -2.29200601991565E-05
0.0410117756858329 -0.0620334830731014 0.0813180385128619 0.0140604875736864
0.0698946380717074 -0.0345152160900842 0.0714353942528305 0.0137588401402421
0.0905894723149984 -0.0110265919432095 0.0649951317886991 0.000462687943557481
0.09489309872646 0.0148915770063839 0.00797616367051233 0.037034429067275
0.0939811513198991 0.00642590487644618 -0.0262297362887693 -0.0174919461557359
0.085462267332211 -0.0313135303095418 -0.0731824682724969 -0.00223206111484519
0.0625194724019155 -0.0629651763161371 -0.0838616995186016 0.0287923476127305
0.0285921141105616 -0.0726236151180376 -0.0605516879905291 0.0529362764562134
-0.00236967922679551 -0.0711785109342558 -0.0303039204154157 0.0565425997147993
-0.0273042501865707 -0.059194183281284 -0.0115099505550962 0.0448254167958165
-0.0313262939291601 -0.0482290057319892 0.00275152750314158 0.0315235666830211
-0.041480042119117 -0.0462705066354298 0.0148953960279791 0.0123631406695884
-0.0345405704638358 -0.0643567546356534 0.0265694953305316 -0.00399522119158802
-0.0140913190692232 -0.0746810565648417 0.0396363926867272 -0.0157912386505354
0.0160934528716418 -0.0878590446219099 0.0630464968712117 -0.0134657073328153
0.0561620427920063 -0.0749181892939972 0.0757349162235733 0.0101916941506093
0.0908054355849685 -0.0361343112165677 0.053452537093703 0.0178883701914635
0.111849283761801 -0.00604285973963168 0.0303270023633269 -0.0013829998453462
0.102011155015552 0.0184189055554241 -0.0313681453124817 0.0236549277991376
0.109076319316389 0.00497840056051157 -0.0546133257082954 -0.023316569767824
0.101682372217429 -0.0416855148546156 -0.0836958068832083 -0.00429473863308587
0.0708469881276906 -0.0793690600060098 -0.0821076866024237 0.0240985840658408
0.0289534448728902 -0.08531514321461 -0.0530834375145279 0.0348177079038152
-0.0035528343455844 -0.0797157195571659 -0.0318139850669514 0.0310364468150947
-0.0289540690856682 -0.0653228655481445 -0.0204960328368876 0.0189506116412278
-0.0310065786176717 -0.054000970958602 -0.00964573706788271 0.00772083440404822
-0.0373937490384923 -0.0532218178816069 0.00146453996821772 -0.00997596854501746
-0.0269960614604535 -0.0714889426387207 0.0139353292642221 -0.0242534463042606
-0.0029235909765058 -0.0800997505935283 0.0314397325166844 -0.0341528827317089
0.0300268784814662 -0.0889618982499653 0.0588121418910801 -0.0237608474233764
0.0694284060944597 -0.0710495212310254 0.0670282078052002 0.0100239700530831
0.0999352612707751 -0.0264790186220085 0.033617621920035 0.0228044520633471
0.116217348714854 0.00487851016913364 -0.00486783829923587 -0.00533588918136605
0.0922517481714117 0.0184448804091725 -0.0690044176729439 0.0105260074742862
0.103827700444645 0.00316209940521596 -0.081782966080548 -0.0234424316753581
0.0978018452961037 -0.0432668379657737 -0.0896414428662151 -0.00566205651079642
0.0647158743995892 -0.0788084468678858 -0.0763336701861144 0.0151539763172672
0.0242486946744739 -0.0811577940629985 -0.0480730600923935 0.0123697792861457
-0.00367434003246528 -0.0743538054555242 -0.0357813446793304 0.00425098427026242
-0.0253012890249697 -0.0609759422545765 -0.0298302384279323 -0.00757535849875479
-0.0254844066462929 -0.0508884884347607 -0.0205847325809633 -0.0169653012898059
-0.0278233817732277 -0.0526215048488873 -0.00866608730941124 -0.0339438855945053
-0.0134479215572426 -0.0686161238188738 0.00838051015698814 -0.0457611350841016
0.011728650510255 -0.073198712232507 0.0298249673869359 -0.051620310141804
0.0440840689801896 -0.0749345141509989 0.0571622956932034 -0.0308321370812227
0.0747041074466255 -0.0527327423476624 0.0576066058472829 0.00947298214657666
0.0958030573159764 -0.00713352934715005 0.0149307165810289 0.0230115547769237
0.103593466866531 0.0182593017958162 -0.0358498918288144 -0.0142550425666093
0.0663065389180493 0.0166752801725588 -0.0983065144495687 -0.000278711755658229
0.0778635862278306 0.00405083470313414 -0.101173863572699 -0.0190733890782397
0.0747071526471126 -0.0330646539737036 -0.0902866970361616 -0.00797504560957114
0.0482540007559658 -0.0604594634462375 -0.0697592202704681 0.00439624711405456
0.0177992784422522 -0.0598172007499197 -0.0460023219298363 -0.00786059381321519
-0.00164745082203805 -0.0550860622792497 -0.0423934771081337 -0.0177166107018879
-0.017551446815311 -0.047083627505347 -0.0384189873642009 -0.0286910320850199
-0.0167476539336019 -0.0405689541880073 -0.0275784907668823 -0.0383722022115851
-0.0152362825703146 -0.0443124391319956 -0.0121609357386285 -0.0560877392105944
-0.000372984659677807 -0.0550454292524785 0.0101719833222836 -0.0656052651212761
0.0217570165903447 -0.0554386424854405 0.036824233148113 -0.0649960909825251
0.0474789412862358 -0.0502375090859174 0.0596335492549133 -0.0340455238736057
0.0679871964651151 -0.0275752439057202 0.0494886501132698 0.00665914752034821
0.077904633191601 0.0118218886345351 0.00118705310130167 0.0165903897828771
0.076504513767325 0.0273157924965535 -0.0583370780234355 -0.0257440189694942
0.0282607353214645 0.0157994923421497 -0.112967213486644 -0.00770381964562521
0.040347338364565 0.00962525958471031 -0.10862756068968 -0.012683303953663
0.0409746358059434 -0.0132829701206146 -0.087924763553375 -0.0110505791172413
0.0276515521134205 -0.0286927861406495 -0.0667707636883588 -0.00474767238613728
0.012749763735283 -0.0275324175286836 -0.048017580780965 -0.020504562599747
0.00418378302229806 -0.0282829997341901 -0.048163073627203 -0.0295817325806763
-0.00548922900107421 -0.0266546548843258 -0.0424398068635354 -0.0420904851128392
-0.00557502839355464 -0.0240490668305992 -0.0298595786821619 -0.0538792676971184
-0.00395269784241918 -0.0273327382836523 -0.0103027971884642 -0.072446480394925
0.00608530194588311 -0.0322777152361485 0.0183810380412657 -0.0797509281906675
0.019942054961078 -0.0313670209513297 0.0489978747412364 -0.0727888942120976
0.0366441528351335 -0.0250608617877431 0.0644697344610668 -0.0339136754953443
0.0474486049846363 -0.00678401656121829 0.045306455369816 0.00301949944444208
0.0485231616492811 0.0209040613140706 -0.00541748726423937 0.0076264738607867
0.0406532682494158 0.0291537035222654 -0.0692028219571462 -0.0374781900480085
0.0043723108743946 -0.0166271980073007 0.0825349608899737 0.0425779688151843
-0.0127854601703824 -0.0138310044654775 0.0262888767058874 -0.00993084396080995
-0.0214288038039502 -0.00370715238912322 -0.0417467583869738 -0.0109712846242498
-0.0154119436560123 0.00595829087061809 -0.0750036560510751 0.0199476614267088
-0.0112771978028446 0.00608588498849591 -0.0715594364394383 0.0698231449987415
-0.0101114573297144 0.00432538780075672 -0.0322231602632854 0.0904731927267805
-0.00817839015904722 0.00473739408153415 0.00569704978394262 0.0847623635067725
-0.00839153185876053 0.00422925283768011 0.0308829964528742 0.0708710269200974
-0.0124152543562447 0.00378967410870626 0.0459929721715601 0.0508413051341177
-0.0163532876770497 -0.000994894336239418 0.0578160874098345 0.0373193269062603
-0.0150166050202075 -0.00558201753659041 0.0595601482519911 0.0277632719734777
-0.0146493382022499 -0.0109349168380635 0.0692080607778248 0.0207046877438999
-0.00982565450357489 -0.0146252205390268 0.0879073066418713 0.0221330857475919
-0.000489971223349673 -0.0179154211134806 0.0977885224602596 0.0197101240078687
0.0107269538624528 -0.0148350155764043 0.110486090417459 0.0150729477479271
0.0415035302260669 -0.00413632026302843 0.0675273178537314 0.0513096231922653
0.0261233838989315 -0.00432133828607375 0.0161790163381799 -0.00606534681543619
0.0162529099155312 -0.0104261951209428 -0.048893254189047 -0.00596848923105057
0.0145202790571967 -0.0154358480454449 -0.0795820243006112 0.0226370308348664
0.0060561099201997 -0.0222898507309058 -0.0742439228670059 0.0687754743487369
-0.00593022520150111 -0.0251905406506992 -0.0354145905139436 0.0870325209862888
-0.0155666690057331 -0.0215985584520371 -0.000637519052265744 0.0817315367446003
-0.0184925968378883 -0.0181983531752098 0.0241561045211797 0.067110147739195
-0.026505365860673 -0.0173667479455677 0.0396399332842666 0.0457340137038523
-0.0256860424774894 -0.0294016529052599 0.0521771867918074 0.0300384529173658
-0.0149180612565125 -0.0368377910114205 0.056705602044351 0.0191623422150378
-0.000438805710797742 -0.0451155482612835 0.0697702665649478 0.0134385942826315
0.0203509575504982 -0.0406438057222805 0.0862249074359684 0.0190638060641831
0.0404776379526828 -0.0262496187387719 0.0876281267636065 0.0159374257745038
0.0561539394548268 -0.0117451717901534 0.0943553607600212 0.00982781327615194
0.0737193535572532 0.00967153383414669 0.041985232991875 0.049341119108761
0.0642990312600116 0.00601142084136475 -0.00108542939380599 -0.010854170728721
0.0555183300359339 -0.0178807725926871 -0.0607275821957228 -0.00484754685357596
0.0440873518691628 -0.0381072156694147 -0.085045059491862 0.024499646160429
0.0224300492328664 -0.0497666793590491 -0.0713836328774161 0.0630591449988704
-0.00119836545828233 -0.0524548623383053 -0.0361570645483038 0.0756755925907317
-0.0212726110445678 -0.0454075846999969 -0.00777899388075844 0.0676742638459935
-0.0264688228314477 -0.0377129063645474 0.0138170908249566 0.053700660239291
-0.0363741793888839 -0.0362477585278168 0.0288120740078441 0.0328736071470948
-0.0326999011655834 -0.0522109625909638 0.0410977283121199 0.016415853818075
-0.0157708116183022 -0.0615002676354436 0.0502888176718126 0.00445052175399849
0.00969699986236332 -0.0728996033986647 0.0683027182625572 0.00202077384531306
0.0440185174908803 -0.0630111341655522 0.0823933422946343 0.0165697167773647
0.0732519117520959 -0.032904822237478 0.0727346819610466 0.0162838345287713
0.093208252698345 -0.00817445601441785 0.0673761819298933 0.00277105871676788
0.0962482305529574 0.0181692077685149 0.00746876793084141 0.0378531851008665
0.0965091308382518 0.00949765659769032 -0.0260203189316622 -0.0192197689824614
0.0880088904843084 -0.0299030503021525 -0.0746771631323114 -0.00577472082295196
0.0654210519669325 -0.0625912111560698 -0.0868497914629092 0.0261479608627831
0.0303038458908115 -0.0741582060758364 -0.0642153839726864 0.0526369520447173
-0.000869729175437213 -0.0732176078630576 -0.0333266860302831 0.0569124725399431
-0.0261802506642822 -0.0618269995799818 -0.0139405491784152 0.0462119167464332
-0.0310698065713509 -0.0509281303402055 0.0015663861000017 0.03245288001272
-0.0407882454854554 -0.0489787077705338 0.0151660981682505 0.0132469640786345
-0.0336822587317718 -0.0670720740064015 0.0275350667974483 -0.00286462193216882
-0.012454074631311 -0.0774404751159775 0.0413745107491079 -0.014918813759795
0.0189047096461989 -0.0895562515975863 0.064805970669 -0.0117009075744056
0.0597670075646866 -0.0759066422216518 0.0772782580075243 0.0132361946150555
0.094146131134536 -0.0345488703245778 0.0545585131290095 0.019835304767625
0.114695727401833 -0.00229681185796433 0.0319306285958028 0.000282049192861611
0.103916581426316 0.0220013113599486 -0.0322138282839542 0.0226228779645326
0.112202523451458 0.00850409465014247 -0.0548059236941749 -0.0264485257004325
0.104658311652687 -0.0401802623376285 -0.085437439339448 -0.00822062949007238
0.0742934898641322 -0.079575456849148 -0.0846586496788139 0.0217064332456395
0.0316520469462367 -0.0873914843381708 -0.0564253279593198 0.0340287965760785
-0.0018471627844864 -0.0822210909997025 -0.0341941704221737 0.0302185837515044
-0.027310640802283 -0.067832687529218 -0.0224626867348885 0.0194129487954791
-0.0305211420215063 -0.0564986646518876 -0.0106956264706459 0.00764551560069638
-0.0365221339836407 -0.0557299651301868 0.00128743278024148 -0.00990918183754055
-0.025434709100092 -0.0740397676067685 0.0156810644883609 -0.024132010669183
-0.00122427370186495 -0.0823941371416242 0.0337533127527378 -0.0343495657881289
0.0333892444496806 -0.0907706098809759 0.0606880614215796 -0.022214028674345
0.0723905739826048 -0.0713575638996039 0.0686634685514164 0.0123611849222845
0.103347086913547 -0.0234254869510442 0.0346493987387843 0.0238373431912851
0.118615066360539 0.00816191971115591 -0.00457757570008926 -0.00590031106048866
0.0944400365908251 0.0221294478760447 -0.0708576120868953 0.00749775955935525
0.106263922596285 0.0068451697665643 -0.0822990333274888 -0.0273734265569507
0.100380655630102 -0.0415801303584548 -0.0909322365803476 -0.00975734946421571
0.0682456060563883 -0.0794552913263878 -0.0786003827736045 0.0128257836457212
0.0267954595662658 -0.0826277581366784 -0.0500308070157288 0.0111279064382836
-0.00234571877535081 -0.07676471602265 -0.0373996675803337 0.00314959942762473
-0.0245707311281879 -0.0632542728759724 -0.0312909913674311 -0.00788793323176008
-0.0248534364989762 -0.053287341048805 -0.0213559014305568 -0.0175606000231096
-0.0266198174769908 -0.0554634566761517 -0.00773486361936302 -0.0344864695146051
-0.0115884341223573 -0.0703501678949195 0.0100477996270032 -0.0464353070555711
0.0137278683027609 -0.0752246102710308 0.0331272505966843 -0.0520188342475054
0.0471677760563536 -0.0752833125292616 0.0593002727514184 -0.029593358052468
0.0776893086705018 -0.0518008143246256 0.0591385929362897 0.0118128751907205
0.0980623998922976 -0.00439487698339647 0.0153682678509481 0.0241044338162573
0.104907170974878 0.0220311562260253 -0.035981925577183 -0.0155236721082607
0.0668562254332372 0.0195655903766428 -0.100390835313413 -0.00457809476430742
0.0796658447771261 0.00649240512264533 -0.10231604302202 -0.0231934332711151
0.0767189056261767 -0.0321875265878189 -0.0917071984094616 -0.0113978549550007
0.0509459873656347 -0.0609666791739611 -0.0715477332763203 0.00185483191920602
0.0196865484703861 -0.0609308522349826 -0.0475049198500557 -0.0103551673893429
-0.000588873256968795 -0.0567289374437802 -0.0430361421151401 -0.0201706750434317
-0.0164792238500192 -0.0483319414972196 -0.038975154997841 -0.0304567423618859
-0.0160168100206478 -0.0422171346685357 -0.0277720613095687 -0.04008391211576
-0.0138711278121241 -0.0457796733644057 -0.0112316852719077 -0.0578652761599895
0.00122297636163592 -0.0563229499979128 0.0128104170305145 -0.0671943629239306
0.0234521036606899 -0.0561434251035201 0.0401850048408148 -0.0651584528300362
0.0501138432810749 -0.050563779354543 0.0621225629050942 -0.0331679665462838
0.0700905142606313 -0.0264492168819188 0.0508825774129114 0.00899282757507963
0.0788410511245935 0.0148523631815023 0.0014366359378716 0.0169527930630436
0.0769454682808311 0.0302323332825991 -0.0587657210127769 -0.0283606105776173
0.0282804327499131 0.0171358710902754 -0.116098434372577 -0.0130388301810974
0.0406150668759418 0.0106160902642835 -0.110381415071883 -0.0174770661199923
0.0421844266507589 -0.0123814331543761 -0.0888346834881535 -0.0142837166498528
0.0289829226215891 -0.028875874746056 -0.06806586186 -0.00771711250545626
0.0139041008219131 -0.0284470705803812 -0.0492003772195172 -0.0231157150502673
0.00529248151084427 -0.0286420933125145 -0.0492214152004924 -0.0328834594692723
-0.00428172562842423 -0.0269871686469881 -0.0435931483887183 -0.0440474861720523
-0.00479296519353457 -0.0246316710166129 -0.0296957533661546 -0.0561572443626767
-0.00263855319821778 -0.0278633448299624 -0.0086621606402063 -0.0745193976802018
0.00758502842693505 -0.0326577595979172 0.0214927458878736 -0.0814863512019574
0.0215376991273411 -0.0316385427033703 0.0521972788776634 -0.0726116230730808
0.0379397380439326 -0.024370170642705 0.0679236825579799 -0.0328401543708337
0.0485232356301445 -0.00547319827203742 0.0462361466516286 0.00465845080809326
0.0486913979738451 0.0231243416672199 -0.00484070216518773 0.00770453388822734
0.0401570127181775 0.0302843924843 -0.0699378736523092 -0.0406992903887523
0.00406718902857127 -0.0173429046230777 0.0860394918589451 0.0447464479276566
-0.0136361608157657 -0.0150952075577371 0.0271204625733328 -0.0108606928166168
-0.0225302140963987 -0.00379309512934624 -0.0439490394373604 -0.0124068173398858
-0.016488946301368 0.00627287267906784 -0.0783006445824846 0.0202332967210439
-0.0119234853794376 0.00643081057143487 -0.075124856258054 0.0746915716533907
-0.0110250206216697 0.00527333156059675 -0.0334556677074793 0.0955902308520602
-0.00888726970138533 0.00465798059933058 0.00650352569667773 0.0890544372950145
-0.00894794741311868 0.00365090286959006 0.0340676652315431 0.0741385074845213
-0.0131433601594336 0.00346878711942794 0.0500002296471936 0.0536040771015625
-0.0169154820793769 -0.00131297917091791 0.0615003151260888 0.039214373393657
-0.0156410194637642 -0.00558607413259467 0.0628608898376823 0.02926325065173
-0.0156150588082248 -0.0110876724386411 0.0727316932161877 0.0221567955271294
-0.0102529972470857 -0.0157898162692922 0.0918801011678006 0.022730985288384
-0.000129029501878003 -0.0189887537903975 0.102462615072161 0.0207613428709801
0.0113528092861394 -0.0156033871765061 0.116804174447944 0.0166200157140947
0.042970993737019 -0.00488049921121076 0.0715105738265347 0.0539086643438758
0.0279894686374761 -0.00489665569039816 0.0168488140897444 -0.00661692046325674
0.0171000304027685 -0.0113917533883848 -0.0512687064126785 -0.00676418498850761
0.0146682151751024 -0.0163173675523374 -0.0836003947902319 0.023430516746548
0.00614651073490655 -0.0240134152541396 -0.0775887847172717 0.0724518859036434
-0.00678452172250005 -0.0260691394957056 -0.0371132955705129 0.0920054885096877
-0.0170675069236815 -0.0231535016918438 -0.000240640916068267 0.0859614293921415
-0.0200313022555744 -0.0196970471692328 0.0265312708802267 0.0707503153199134
-0.0279351327211412 -0.0188659435946962 0.0426161238711144 0.0483590939941419
-0.0276713504801204 -0.0310369919549232 0.0552753619111083 0.031728699794765
-0.0159714860133064 -0.0385867841856015 0.0595576472524046 0.0205342159447115
-0.000646273184403942 -0.0476012475131246 0.0727504281280814 0.0141310096056378
0.020914622722378 -0.0432334927928993 0.090378428779635 0.0199013791623894
0.0426205356403556 -0.027561511889783 0.092020007309521 0.0156457972570655
0.0593952345194236 -0.0123903552745109 0.0993854996903861 0.0106098319286508
0.0766583157282375 0.00961164438203081 0.0447245302942197 0.0514802994498314
0.0681022561748529 0.00552538127805206 -0.00110266912663131 -0.0115251180551504
0.0577037422610536 -0.0192724373290905 -0.0637331902493346 -0.00595096393997229
0.0454397279874652 -0.0407103417909264 -0.0887648796958055 0.0257996947191267
0.0226632646005931 -0.0530648694101368 -0.0750507746574309 0.0668742846975976
-0.002659347295477 -0.0551228640351753 -0.0379057001092403 0.0798322294623096
-0.0229670662813389 -0.0478629641171411 -0.0076201652255721 0.0720621460425062
-0.0277420305014303 -0.0399672360363551 0.0157706578344553 0.057117193663699
-0.038276102263883 -0.038506740939363 0.0305275291251234 0.034825343503457
-0.0348621469742607 -0.0547267349174043 0.0440574304800492 0.0173851137476113
-0.01666316794961 -0.0649858779504296 0.0534838328806521 0.00496701289336877
0.0102286031942677 -0.0770043002708463 0.0713048666873096 0.00198232078863021
0.0451657367586011 -0.0665817196584489 0.0869327730211203 0.017169695523922
0.0767328274216104 -0.0347619214994434 0.0770594944804446 0.0169910838393306
0.0974163245982553 -0.0091994433718056 0.0709781696426705 0.00371678917594797
0.101410638675872 0.0191852825034735 0.00871763288161611 0.0394490954174705
0.10133735985006 0.00918326740659595 -0.0265691540887289 -0.0208375882627718
0.091999057170478 -0.0320689386526531 -0.0777877261038796 -0.00671198632000122
0.06772889894925 -0.0669100159266986 -0.0914834263477799 0.0268862735690634
0.0310541563011 -0.0789992262259349 -0.067492539100869 0.0560827553216466
-0.00205737142698583 -0.0766780119161022 -0.0356990615430369 0.0595445380571674
-0.0282634748438244 -0.0651180163092462 -0.0145883829407978 0.0491102568259508
-0.0332215678639175 -0.0536760096128799 0.00257460892336744 0.0352019219991319
-0.0434740843312186 -0.0512906066034791 0.0161526816789373 0.0140537634731501
-0.0362774584654396 -0.0707620948982152 0.02951948038694 -0.00254282454037229
-0.0137179286009311 -0.0817041554742259 0.0444148394112647 -0.0151005754019129
0.0198537197780413 -0.094746326165023 0.0678115296031017 -0.0127403859045191
0.0622994118389678 -0.0803991978050983 0.081811184694006 0.0137210287229484
0.0988070906010569 -0.0358840233481802 0.0580353009264215 0.0205057419268915
0.119778987780493 -0.00294108850168593 0.0340391346612544 6.27055484204336E-05
0.109117436112726 0.0225901132902565 -0.0333320816825971 0.0231759934641889
0.118231433079388 0.00844117763560031 -0.0566449587656654 -0.0281745416200961
0.109536974542508 -0.0434540115249879 -0.0886882185238365 -0.00887888694934166
0.0768019804696957 -0.0847187434836078 -0.0891964998578792 0.0224873081517202
0.0316916927054459 -0.0926807949518321 -0.0592358695115877 0.0359413106596056
-0.0028747465915927 -0.0865208700836754 -0.0358657414366602 0.0316698175087502
-0.0292872381225681 -0.0716725298145405 -0.0242130910725822 0.0208938867034045
-0.0321053484909757 -0.0591051624960475 -0.0114144364306532 0.00893539342633169
-0.0389988146687935 -0.0586643165191949 0.00145347632297685 -0.0101058447471692
-0.027625879529684 -0.0779384049304481 0.0171214661558372 -0.0247376116394159
-0.00185109252819897 -0.0872620088155233 0.0361362566613308 -0.0356036234415746
0.0347077883780691 -0.0955627312257436 0.0632946034112668 -0.024022172205969
0.07506863509032 -0.0757551162262547 0.0728460746191294 0.0127016705822704
0.108405495770595 -0.024667624294612 0.0370349478701768 0.0251829063638902
0.124357738269743 0.00847929182924194 -0.004023869495454 -0.00578200409222494
0.0989120914585425 0.0224047620626258 -0.0742218374166528 0.00751369696432193
0.111919064061766 0.00609766259418967 -0.0854176309343032 -0.0297505205956446
0.105056823625183 -0.044763264882149 -0.0951147189875421 -0.010315436541322
0.0699742627978184 -0.0848105263712182 -0.0827715199607947 0.0128628544039474
0.0272671100401371 -0.0879092848737895 -0.0531702825878936 0.0113447494163607
-0.00338887774117509 -0.0804326011079435 -0.039821749523191 0.00275206657122708
-0.0256748692707763 -0.0664487647662967 -0.0337117768990263 -0.0079018023263377
-0.0263644565867391 -0.0561049198496227 -0.0227884064015429 -0.017909172456348
-0.0281493757252435 -0.0579621668654648 -0.00846177817325979 -0.0361607460444573
-0.012560327669446 -0.0744985192768144 0.0108481637816841 -0.0488594102698096
0.014133887270524 -0.0791566400281592 0.0345756926677957 -0.0544014375450195
0.049387374533724 -0.0800733934341044 0.0620938012006074 -0.0315093245298668
0.0809227115542707 -0.0549590767743967 0.0628782883395132 0.0117142356899121
0.103072468923984 -0.0045857269827021 0.0167270621623119 0.0244622232371797
0.1098867868084 0.0220773183373019 -0.0371939446256783 -0.0158227881649652
0.0707323663904944 0.0194102142813622 -0.105729377188534 -0.00565610560675878
0.0842591195599531 0.00606627948145617 -0.106885320719011 -0.0256972679388344
0.0803194610606766 -0.0343516681197707 -0.0955443099467078 -0.0119561815584092
0.0522830877068706 -0.0650438020732234 -0.0752051908373623 0.0017390300335769
0.0200617166224811 -0.0648092702174218 -0.0509038958082871 -0.0113339077648294
-0.000996844426427185 -0.0599349181518886 -0.0464096143894618 -0.021176850093307
-0.0176673811632209 -0.0509296086235718 -0.0420494338267385 -0.0315785608732681
-0.0170222212687364 -0.0442462108247469 -0.0304718785590833 -0.0417057777749228
-0.0149398444291322 -0.0478531840158188 -0.012185162787633 -0.060550194124774
0.00117805365162662 -0.0590867466239781 0.013232962669449 -0.070725103350622
0.0239589374521157 -0.0596115211941342 0.0424685459216342 -0.0683714660638011
0.052323590352791 -0.0533025982068613 0.0657486808930176 -0.0356343127772898
0.0729016551166313 -0.0281361608381297 0.0542614892654077 0.00925470788947371
0.0834208876797196 0.0150400684598009 0.00178335008746123 0.0172516367849818
0.0807422577982002 0.0310671752183283 -0.0621276444266828 -0.0290007347339518
0.0297552080262908 0.0172463812704479 -0.122747999933546 -0.0139973400039251
0.0429066161710466 0.0111391895778361 -0.11492076320865 -0.0192491402360509
0.0442617313047863 -0.0132944703722934 -0.093341955502184 -0.0153863411587759
0.0295573276176696 -0.0310213900317654 -0.0712208766203408 -0.008288144353544
0.0145629477804911 -0.0299578845745256 -0.0520976029014628 -0.0249838717540041
0.00466401896137402 -0.0308880739685688 -0.0520166507750246 -0.0346353759602564
-0.0044502814584165 -0.0287726080927153 -0.0470000997990734 -0.0457268379028245
-0.00556095420636366 -0.0257459922072996 -0.0326797777609056 -0.0586337229793653
-0.00297556087768219 -0.0293639790597767 -0.0102270763722645 -0.0783909045199382
0.00766968130399623 -0.0342176140682422 0.0224241119517454 -0.0860952167823252
0.0223502028932817 -0.0334925565309048 0.0549108789938695 -0.0756700008511187
0.0396746916419259 -0.0257355464369026 0.0715594504147589 -0.0347790832911532
0.0507074818523825 -0.0057833133900824 0.0497502001465817 0.00466645738749051
0.0513738932437968 0.0239055712876388 -0.00488296571765767 0.00814937158391609
0.0416178952630648 0.0306922976615498 -0.0736455203680691 -0.0419534665708315
0.00900815197528244 -0.017862270444484 0.0797529732158538 0.0603311091213418
-0.0107425374017311 -0.0182373893006619 0.0291661787096759 -0.00761534048421291
-0.022660316218518 -0.00734972115421042 -0.0444888669444389 -0.0214909824765629
-0.0172339980901642 0.00457970133722886 -0.0863341692382245 0.00683176037992701
-0.0124551682588725 0.00587656447866769 -0.0909444801586337 0.0644868595748764
-0.0111827218892818 0.00444379904927002 -0.0517093534835041 0.0934140361501193
-0.0102675031755686 0.00308315845979012 -0.009124472098848 0.0936649774396882
-0.00960022662205277 0.00203763648140926 0.0233371932792863 0.0830745854603741
-0.0148238549960006 0.000659052700279459 0.0436789200502819 0.0652014008057482
-0.0170279556317401 -0.00490061621062046 0.0579989951995617 0.0505469862247305
-0.0141650290262513 -0.0088172954607233 0.0602699707567572 0.0410819296687124
-0.013314512338912 -0.0136177189081928 0.0717676805765674 0.0361603052135891
-0.00669980245026646 -0.0180840268468916 0.0906477133001996 0.0391345753500253
0.00609192389102093 -0.0185294124101053 0.10027222927645 0.0398430351050242
0.0170618228874928 -0.0138986939459699 0.116128075588783 0.0408071808291191
0.0459175089939153 0.00345711948370791 0.0646050483482757 0.0678251887270263
0.0293194387813616 -0.000556500378024186 0.0190396045074653 -0.00497889644650199
0.018949860996544 -0.00784429878633756 -0.0502315744838997 -0.0175848689653583
0.0172277335869655 -0.0126636696001477 -0.0896298735482593 0.00810643381502526
0.0115036422792389 -0.0218254738469904 -0.092904417786092 0.0609699408159531
-0.001689339061238 -0.0267534786757199 -0.054570283121406 0.0883346353039465
-0.0133331904546537 -0.0265615631384883 -0.014832377606243 0.0886860096967996
-0.0156422731489665 -0.0247440617389231 0.0161724813670328 0.0783833711136126
-0.0252961324251483 -0.0251259424849342 0.0379896194297694 0.0577919828718072
-0.0219101784928418 -0.0375319460928335 0.0533530138725935 0.0422240599759359
-0.0074571166471638 -0.0428140638757772 0.0589062151848044 0.0327671006894867
0.00917910156726121 -0.0485527977893039 0.0728087829914894 0.0302068960432269
0.031762411638605 -0.0392938062839929 0.087797179067773 0.0363810638412316
0.0511016722793082 -0.0189913684657697 0.0887766928877532 0.0341583711999923
0.0667484553197223 -0.000744570716260312 0.0980310569889797 0.0299703773175514
0.0770543943926777 0.0250365542189928 0.0389223842626869 0.0607812411545702
0.0675592267665166 0.0178773218530024 0.0028651717259372 -0.0123523128027151
0.0609118568999331 -0.00821511207481422 -0.0602099634981115 -0.0193419476078624
0.0520429657341348 -0.0313893524352956 -0.093052908608221 0.00892042565008236
0.0330816486770114 -0.0485336865184243 -0.0884886305177187 0.0529875137643534
0.00852234368259317 -0.0556633301137602 -0.0533787951855476 0.0744567318869082
-0.0146130964723988 -0.0531812461767898 -0.0205379178779218 0.0725140853647568
-0.0198822835590869 -0.0472448289546822 0.00623220965343271 0.0615821604316345
-0.0319246982232792 -0.0468863111788992 0.027793168038636 0.0418437912115655
-0.0247000273063566 -0.0635165416347241 0.0448073865302768 0.0260702547764171
-0.00242236382046055 -0.0705560893507737 0.0544843553440624 0.0166730158826856
0.0260700431497622 -0.0770910355442272 0.0736602956839151 0.0190932481318956
0.0620375313205526 -0.0587786452779574 0.084745040188439 0.0336973871870152
0.0874323971951 -0.0194543922630502 0.0714778561788365 0.0317254760514746
0.106100580765469 0.0112665680256599 0.0681440157109045 0.0161825987764943
0.0988589163333643 0.0390862876360445 0.00615103615127285 0.0425846710667515
0.100121012474334 0.028029679972352 -0.0208139438284378 -0.0268758664072267
0.0968830237201656 -0.0141477752911183 -0.0722396574556476 -0.0238136530665673
0.0790036784184048 -0.0536826496217254 -0.0931292826027782 0.00861363233210871
0.0461522002147366 -0.0729089309547493 -0.0785238307970789 0.0416573922227979
0.0125359079078346 -0.0783501807237429 -0.0473437229378405 0.0529960189553332
-0.0166885182313453 -0.071311864213078 -0.023250276168995 0.0468504703554279
-0.0221671634976026 -0.0619476597611291 -0.00318069024474822 0.0373456205032032
-0.0339987620904233 -0.0613861341124842 0.0160940001845851 0.0179367958092644
-0.023461704452606 -0.079702791552541 0.0336323818062451 0.00260355303477932
0.00354599788641487 -0.0874387384717134 0.0485786228904101 -0.00465048426994679
0.0392017409675188 -0.0942726851530121 0.0716693266814246 0.00482538573655294
0.081707783772679 -0.0691942745739711 0.0798149605117816 0.0290957794040052
0.110095630221175 -0.0166513754185219 0.050984972670442 0.0322783615639586
0.128127412348689 0.0222846681222217 0.0292518140337876 0.00468573514649595
0.105111770005833 0.045123297952839 -0.0332398788613849 0.018596012317956
0.116861024409075 0.0306539563109793 -0.0492353739442664 -0.0392337589274234
0.117106030177386 -0.021068478491193 -0.0815661109889819 -0.0281160354792787
0.0905436735681715 -0.069997029022254 -0.0888889211293359 0.00340408134925676
0.0492245569728562 -0.0863704092083286 -0.0666983136299502 0.0217879281120683
0.0129058637261059 -0.0885018852788552 -0.0431699448230523 0.0242812154868177
-0.0167840718028202 -0.0784212162955739 -0.0277940251225173 0.0155984753893972
-0.0203541559862796 -0.0675198860901402 -0.0133693310875455 0.00809160467830585
-0.028025709522187 -0.0678294882734911 0.00487173893950454 -0.00906284450985151
-0.0132002396494437 -0.0858561399918737 0.0239384447546464 -0.0218004329931156
0.0172680640929593 -0.0906330629079678 0.043757846198217 -0.0266296848188296
0.0553486509690181 -0.0926757923609081 0.0689882404323184 -0.00729633720669283
0.0944775363679825 -0.0615287760139998 0.0708838442602576 0.02710539185169
0.117286801447008 -0.0029554699026203 0.0285627333377478 0.0327814949203069
0.129844588797932 0.0347602127888441 -0.00893152766236566 -0.00944384931750343
0.0944856813033681 0.04357479630702 -0.0730122090621601 -0.00499912341753058
0.110163553317459 0.0279839305850404 -0.0790958573517166 -0.0451516949752578
0.112620416832979 -0.023834944674171 -0.0882416054965298 -0.0304371970907586
0.0843106634837681 -0.0712551626951238 -0.08073734241093 -0.00494810513792841
0.0431078592785834 -0.0832554908061359 -0.0565687241955491 -0.00223016442249009
0.0107317097407722 -0.0828155657720168 -0.0423495336105845 -0.0066872022044359
-0.0145066695820604 -0.0722796222044755 -0.0331688504246939 -0.015813373643609
-0.0151927970065071 -0.0630803280458147 -0.0210774400130078 -0.0222828441535375
-0.0173765407765893 -0.0652805614689318 -0.00142475806965417 -0.0382764164777897
0.00138071932000948 -0.0795123874265052 0.021180664904477 -0.0473303591222089
0.0316787376688101 -0.0797470332117708 0.0448184077836024 -0.0465940429652108
0.0666878915254709 -0.0742033584280272 0.0680707501573993 -0.0158114642974345
0.0953277377911545 -0.0385788230767877 0.0606094616287306 0.0241096133878381
0.107737155129376 0.0171548637796764 0.00849899501041304 0.0275378316846748
0.111000972588793 0.0461118519592078 -0.0402861078716512 -0.0269331272029427
0.0658126539173067 0.0355149795610682 -0.103575700388068 -0.0242837866098555
0.0822296380748406 0.0235571871918494 -0.101254312197146 -0.0454349365509119
0.0862211996752188 -0.0178332884862256 -0.0903539227552116 -0.0318050236748341
0.0632334296652012 -0.0548355310752701 -0.0727887624301692 -0.0149617986269133
0.0311665691316371 -0.0614674517565503 -0.0501859283667538 -0.0246421569259485
0.00919247106579305 -0.0615550381976346 -0.0442134970341035 -0.0318468322701134
-0.00884344711161678 -0.0550848546849495 -0.037781533478663 -0.0412099191909407
-0.00766098420839403 -0.0492329920759602 -0.0245146168943204 -0.0479484060144766
-0.00601881043443081 -0.0518789679811284 -0.00193948282206968 -0.0643472286772204
0.0124510092952729 -0.0610328399865074 0.026497063213578 -0.0704011335776461
0.0382236273364595 -0.0570103036486511 0.0541544104663908 -0.0608141411582046
0.0653023601116781 -0.0459788567214504 0.0711141556093367 -0.0206065016448427
0.0809917895791273 -0.0125971413102084 0.0530094616078291 0.018804990526829
0.0826397085083493 0.0327746480163137 -0.00436860402941419 0.0176520321705022
0.0776266645779456 0.0490514286908969 -0.0607872850972108 -0.0450630796963102
0.0241114750774314 0.0245687294506958 -0.121217743839804 -0.0367131719472335
0.0397611845278219 0.0200820243282755 -0.112555178056625 -0.0399290306441248
0.0452868989586102 -0.00441074192710946 -0.0894804533520242 -0.032921182188027
0.0338534872650873 -0.0246523194091934 -0.0694955870105279 -0.0223516744822484
0.019184881954258 -0.027261908906736 -0.0495151180507489 -0.0369520513993099
0.0101076395244418 -0.0307332193387574 -0.0488475803766041 -0.0466009897561321
0.000467458226025861 -0.0298271128182877 -0.0413433049450967 -0.0568443887705018
3.40170391204941E-06 -0.0272508209457761 -0.0240258003242117 -0.0661053229913493
0.00240119324628726 -0.0302428281262077 0.00304018382445254 -0.0827966317917946
0.0145143426679527 -0.0341800062961615 0.0380648769432899 -0.0846807223443777
0.0305242258711296 -0.0301361346699474 0.0688669419225507 -0.0674212712569016
0.0472044046392491 -0.0198956578392044 0.0776968413083859 -0.0209032101849523
0.0533518327700046 0.00568635847661387 0.0490589161162874 0.0136194249096043
0.047989963445227 0.034853091979597 -0.007927646377688 0.00630427740228683
0.0359473600716111 0.0407121430780245 -0.0691708813413048 -0.0594623517052957
0.00784514539010641 -0.0176710049772718 0.0843169096848623 0.0549470613702943
-0.0119448477834545 -0.017234505692612 0.0280290109225033 -0.0097414249088116
-0.0231448040719565 -0.00597335992714202 -0.046342662679643 -0.0196057464220046
-0.0169600396892331 0.00582262775435683 -0.0865167556263382 0.0121404902599769
-0.0119886524846372 0.00657266432738583 -0.0871730501774972 0.0715104247132428
-0.0110809222045761 0.00514368415773388 -0.0454254665603641 0.0976568009832089
-0.00993842994039663 0.00380344864750013 -0.00232063407175559 0.0944311464930719
-0.00933672815814082 0.00211844661523228 0.0296057914116696 0.0816084222635393
-0.0142534696078576 0.00120077227600241 0.0491869989373091 0.0620090633125272
-0.0172650441167204 -0.00384993694152913 0.0617453891646541 0.0475058122254159
-0.0146740153070385 -0.00758815764907908 0.0632309256834299 0.0376748304922434
-0.014427351473932 -0.0129473554563002 0.0740527908559094 0.032362351507946
-0.00776117172471501 -0.0174116817789238 0.0929460864625115 0.0336034816935695
0.00482863426982351 -0.0190975093349158 0.102341574261154 0.0337819202167199
0.0164914698004378 -0.0152083012951921 0.120254193503036 0.0333946298015984
0.0460577090816581 0.000702110093327134 0.0696959332073208 0.0632595683536572
0.029281449429597 -0.00253522804097445 0.0185890415331813 -0.00603998518556058
0.0180747925105552 -0.0093039999189179 -0.0514348302639644 -0.0146377032581346
0.016027523510383 -0.0141984994272051 -0.0895531958239875 0.0135418805527106
0.00877819750100676 -0.0226182451727987 -0.088857988387577 0.0676559611727837
-0.00343324919635833 -0.0266916419440635 -0.0490296039886377 0.0925958679106704
-0.0157198231212727 -0.0258828109732276 -0.00893810307899063 0.0900784121175057
-0.0176699120768243 -0.0240892978205852 0.0223937688741875 0.0770144216727019
-0.0270820473908142 -0.023846324073279 0.0429583626167389 0.0557430724959953
-0.0245882027944734 -0.0364354192611124 0.0571596043486421 0.0392476842236426
-0.0102167745362849 -0.0433000962677183 0.0616802865308311 0.0297251488753095
0.00624845286275103 -0.0491234606735356 0.0745552616103469 0.0255325287743064
0.02858442568273 -0.0417833059885072 0.0910175281686865 0.0305745857910144
0.0506582816177444 -0.0219936636198628 0.0905972332990572 0.0278417252893882
0.0667910185209752 -0.00519989377809915 0.100372109342755 0.0242523899741282
0.0784722281946468 0.0200588409976861 0.043737295330075 0.0583652743004769
0.0691667288305532 0.0129103404771711 0.00229075608516596 -0.0128288529872703
0.0603075936357325 -0.0121805281332198 -0.0611786162278397 -0.0166508321516989
0.0492507230384291 -0.0352121816978479 -0.0923722072384372 0.0145414682283322
0.0293074737906296 -0.0510643556192686 -0.0851123974720983 0.0598303186492044
0.00412573507135509 -0.056373911314746 -0.0485886825172892 0.0783311066462654
-0.0189767339697254 -0.0522533816226175 -0.0152457348532283 0.0739417074700636
-0.0236991193266041 -0.0464147855214171 0.0113888212808596 0.0612770432238031
-0.0350427480319199 -0.0451950681845014 0.0315519252585755 0.0405725271897636
-0.0295856135484107 -0.0622144617731496 0.0476621091895328 0.0230344252302144
-0.00744946642375335 -0.0707864044480221 0.0566724986153067 0.0138383367932596
0.0207613627999537 -0.0794000747260457 0.0741008398729465 0.0148825598945563
0.0573655233119537 -0.0635017519859001 0.0874546810521519 0.0277620727346447
0.0865081778397623 -0.0254154157917859 0.0736747435174518 0.0272487751266489
0.106205057124344 0.0036926349117705 0.0695041777470459 0.011830687949852
0.101574089047695 0.0325370914133593 0.009189588128914 0.0419762483108148
0.102395475085536 0.0207947167252822 -0.0219111925241113 -0.0254829375309689
0.0960783206833708 -0.0210018797446768 -0.0734214810231004 -0.0191415817259401
0.0746892917886885 -0.0595011334172019 -0.0925638458342628 0.01460982088124
0.0402433949278748 -0.0765625212967148 -0.0760962190128173 0.0476579974831804
0.00650984094920428 -0.0793550161356854 -0.0445609432657504 0.0567973148485676
-0.0221461744609379 -0.0702261941667191 -0.0199258001734383 0.049189056802038
-0.027081863047805 -0.060869594409501 0.000162275056520993 0.0374350079107161
-0.0381105988421214 -0.0591196902535285 0.017890714998375 0.0173177835678277
-0.0293430060410797 -0.078559922939584 0.0346140531585924 0.00112643155607074
-0.00225804589474785 -0.0882066641019154 0.0491256115467873 -0.00783124083540777
0.0329175988278992 -0.097612170532352 0.071617981316511 0.000271623747842907
0.0764185453785491 -0.0751161027020365 0.0819172750337862 0.0237822399931048
0.109506195805109 -0.0237438810518875 0.0532503932655862 0.0287041177401207
0.128929474229078 0.012918180758993 0.0298979999629207 0.00329858535574873
0.109021715664274 0.0381872290483293 -0.0321172265404801 0.0201890394000717
0.119085954639819 0.0219336973102543 -0.0514634472766033 -0.0371501089444152
0.115372016179575 -0.0300281966395105 -0.0831425902365718 -0.023419632530241
0.0850173272640545 -0.0766707019957942 -0.0884213794364179 0.00891886993215371
0.0422921880523719 -0.0907943639783459 -0.0656118486248559 0.0266884697901794
0.00621706603536941 -0.0894549354443731 -0.0425584491997486 0.0269254177909615
-0.0225056552146341 -0.0773887160591265 -0.0272506280412795 0.0180632420493425
-0.0252939988516934 -0.0666417624090551 -0.0124706668353707 0.00916338064273784
-0.0326353486207158 -0.066426114171831 0.00403322132133398 -0.00921511849523735
-0.0196967423339307 -0.0849727373654353 0.0227270066372204 -0.0236911463042083
0.0106413068361327 -0.0923320214009367 0.0424564527444386 -0.0297551970095822
0.0485522703204873 -0.097620770858747 0.0679420689112357 -0.0115980031540058
0.0895905357846004 -0.0683314334911343 0.0726564316289319 0.0215766944864218
0.117672001169491 -0.0107324687999408 0.0306229870021929 0.0305172985720958
0.131153329034058 0.0249707554152433 -0.0095280305937616 -0.00835978117951428
0.0974297185354089 0.0365731553773912 -0.0730300708262614 -0.000660938538492065
0.112410365842362 0.0197410285676073 -0.0814430412312773 -0.0413737418665732
0.110544179114072 -0.0322402234986088 -0.089527208385072 -0.0255496820557806
0.0786150065080372 -0.0777160595466603 -0.0807829363419048 -0.000412380041392612
0.0371370438199117 -0.0866755286306428 -0.0572590886155783 0.00126583054856778
0.00479246081705046 -0.0839341232445607 -0.043576410795094 -0.00395573025485543
-0.0190011042503239 -0.0720572551989574 -0.0351644946933712 -0.0124272384896707
-0.0199229374334498 -0.0625229548829736 -0.0223764581777863 -0.020093490928512
-0.02196478393005 -0.0636482701848208 -0.0040531268725926 -0.0379835582344794
-0.00433645604554224 -0.0796283707323081 0.0182580783977805 -0.0493838678820376
0.0258220037812869 -0.0822060970764519 0.0423807534495363 -0.0490584397182739
0.0618649338913019 -0.0791043478928574 0.0670700408019057 -0.020886190025093
0.0922791227074229 -0.0455731767767519 0.0622897882139636 0.0195830608125791
0.109201713004798 0.00986757180168892 0.0108248739513282 0.0270003950984852
0.113662598803966 0.0374411970154562 -0.042456117182303 -0.0236807733249838
0.0685402524310617 0.0307444725924231 -0.106578372566909 -0.0178519809945079
0.0843579985176535 0.0172976482842674 -0.104335954520078 -0.0391232603515829
0.0846920912488799 -0.0245546921327343 -0.0911078366437375 -0.0264380138350186
0.0584104673803267 -0.0598542032404224 -0.0736859117852939 -0.0103100769753154
0.027046892480704 -0.0642271556791893 -0.0521012547528757 -0.0207624995940813
0.00481351428215002 -0.0626172566946295 -0.0478059784607639 -0.0294911385707792
-0.0125377817125595 -0.0551670506517006 -0.0419108896287996 -0.0382438598507085
-0.0118194523468103 -0.0481544207775589 -0.0282526024168643 -0.045436364957898
-0.0093356624503964 -0.0519901120158279 -0.00675674520258502 -0.064152380367067
0.00789687805541567 -0.0618961611715884 0.0217887949185704 -0.0719749371492096
0.0338979209964958 -0.0599938564298209 0.050794462317089 -0.0643774706513361
0.0619950005479114 -0.0509565820100345 0.0699733189092086 -0.0256158048970912
0.0800136425922499 -0.0180444719223557 0.0544000161685736 0.0151151737387295
0.0845379352939095 0.0267530145680485 -0.0026100487481118 0.0179275293530372
0.0803521778801394 0.0433092548873999 -0.0643742317627848 -0.0406048969065784
0.0260514043280356 0.023237778542344 -0.124761093857873 -0.0297792866623103
0.041033762657508 0.0175506561112104 -0.114637438171005 -0.0334303277556366
0.0449648819716594 -0.00772263126520317 -0.091179900709828 -0.0277065778336141
0.0319022453144856 -0.0276916433556703 -0.0703000187742516 -0.018290120863236
0.0173186947774457 -0.0288492710750663 -0.0529131678948063 -0.0339904214584928
0.00779941142315691 -0.0312456754141097 -0.0528251447683603 -0.0429373765304204
-0.00135905320020892 -0.0303658683893781 -0.0460689486878066 -0.0532181948864871
-0.0021088905427542 -0.027454048541086 -0.0291145793523102 -0.0642868584144266
0.00083192505623374 -0.0304421168422696 -0.00286203281526274 -0.0829484401009268
0.012634984152036 -0.0352217514926468 0.0322622769064653 -0.0877759686268373
0.028781514615221 -0.0328847294683376 0.064641876691555 -0.0720425342553376
0.0453829929022536 -0.0224779517678051 0.0764257076062812 -0.0257965178543687
0.0533355656110829 0.00243246402213729 0.0504299116724159 0.0103565427105225
0.050022091512133 0.0318915363286 -0.00711843794740483 0.00725034933421854
0.0383456377833592 0.0373089699684663 -0.0727949788514009 -0.0546364456420182
0.00627055909028792 -0.0170809986090135 0.0840823452099993 0.0491498335943222
-0.0117647065282643 -0.0161995883214892 0.026225309715256 -0.0107826515710622
-0.0223424463423521 -0.0048804406777078 -0.0464572554381477 -0.0175567177904654
-0.0160137216860713 0.0065702747860059 -0.083493660482855 0.0150590332105207
-0.0108627314607557 0.00692354510881823 -0.080053736883494 0.0734309774045465
-0.0102060097627177 0.00555290841921049 -0.0393218790149642 0.0972603209251584
-0.0100394147093002 0.00401629193524073 0.0022864025200493 0.0916210446876103
-0.00949100611110531 0.00215430388965099 0.0339556331127265 0.0770951547541383
-0.0143616833456695 0.00156822858495115 0.0519408206977859 0.0576876800349149
-0.0168493290114663 -0.00304930188071767 0.0624573233427015 0.0426399340926824
-0.0142378263925922 -0.00679260962704703 0.063277243049441 0.0339019887546572
-0.0145567783116864 -0.0119462248761353 0.0730723554762595 0.0284799434422061
-0.00865309273398645 -0.0164325225554085 0.0905916729663721 0.0279070227690075
0.00414858950835175 -0.0190587124012628 0.0999477025357793 0.0283270480944031
0.0150695612583028 -0.0154076898330012 0.118111186426791 0.027431355053009
0.0441898097695093 -0.000969515754966167 0.0705363933905726 0.0572610241524608
0.0286870619496682 -0.00404329656349777 0.0173784449565768 -0.00678836011893932
0.0171086771719772 -0.0104866099114306 -0.0507619203230011 -0.0131928656246663
0.0145273221421463 -0.0145335346979749 -0.0858730521961476 0.0171353126110787
0.00759139701163048 -0.0225896076932949 -0.0827630023310796 0.070015687908836
-0.00498995287943554 -0.0256689460286886 -0.0434001624013282 0.0924592618773245
-0.0165328251171446 -0.0242974039991426 -0.00387400661855706 0.0874357564037886
-0.0188110568244969 -0.0224667698279275 0.0263430744868754 0.0727610133138319
-0.0274381177573055 -0.0221742380720203 0.0455344375743427 0.0516149326502531
-0.0255778259059621 -0.0341348799846354 0.05731305793109 0.0354053214511515
-0.0116163779081975 -0.041226874480592 0.0614399438050484 0.0262900487887944
0.00306029231498301 -0.0479726048832134 0.0731221689242334 0.0220962980329882
0.0255845730389046 -0.0419296041420767 0.0887155000001623 0.0246473526655942
0.0482447059675175 -0.0238924987657395 0.0879811532101913 0.0223963486260791
0.0639383240627644 -0.00839539576595163 0.0988389717309864 0.0191323700801337
0.0768650751248682 0.0160725863290523 0.045635026229262 0.053617511314328
0.0679802871699811 0.00910238754287129 0.00165798331050378 -0.0132126461542199
0.0577524744054038 -0.0158374173688352 -0.0599836616095673 -0.0140318770571122
0.0454718709727117 -0.0366200309741614 -0.0885661021127841 0.0172566347815013
0.0249477594236024 -0.0508132162670716 -0.0798845928104773 0.0627295337988489
0.000918477944248746 -0.0546063723260345 -0.043724751648418 0.0779697404233305
-0.0213086774071588 -0.0498192746992304 -0.0110485294549956 0.0723887836235275
-0.0253335904130098 -0.0439674256117409 0.0145711841675331 0.0587913229298325
-0.0364078752270511 -0.042134963721907 0.0330262832197961 0.0373688263640134
-0.0316878457122016 -0.0586504127543948 0.0474704728287708 0.0199635430603336
-0.0105582151239381 -0.0680294189327804 0.0564457952236335 0.0112429248825178
0.0159843021642712 -0.0783098862054997 0.0721995099121285 0.0110576686908515
0.0518460399598751 -0.0641138627119006 0.0859981716952557 0.0224718215448577
0.0829641024527291 -0.0285936339273871 0.0716812157007783 0.0224056242764829
0.102256634301569 -0.00144894448231778 0.0682357138269771 0.00873365309857693
0.0996874664272783 0.0268671395124625 0.011468019171184 0.0395008956336813
0.099861576629722 0.0152218894467012 -0.0221370646444185 -0.0241753914686864
0.0914948160287377 -0.0259285895236971 -0.0716287164819366 -0.0168530934855317
0.0683278157679263 -0.0616061958907939 -0.0889453683368128 0.0179033724207759
0.0342748068608551 -0.0765475188967413 -0.0712434142051059 0.0500534900592191
0.00212828132657381 -0.0769622852869121 -0.0404838683845928 0.0569961759719474
-0.025125603734978 -0.0670511811954974 -0.0170401822781569 0.0490696421948937
-0.0292779585351387 -0.0575457247559275 0.00245171281172566 0.0366972480764274
-0.0397719588482383 -0.0556064781661888 0.0190945669860005 0.016064275196744
-0.0323568043385001 -0.0741914905861266 0.0341122355142055 -0.0007475936605152
-0.00662616873718595 -0.0856211538888298 0.0477800860486599 -0.00905319439861801
0.0266415899720663 -0.0964850881891017 0.0694081812898663 -0.00292881893588771
0.0693747016305208 -0.0765947882379438 0.0802193536512354 0.0186741857348316
0.105362713859795 -0.028296597941862 0.0525148224194012 0.0249167802490792
0.124906616365455 0.00590824491163496 0.0294534199991518 0.00208636912811136
0.10704110254525 0.0317292410423756 -0.0300238384852164 0.02023769968561
0.1162048730822 0.0154251612144232 -0.0519741963266386 -0.0336113443206164
0.1095363964624 -0.035138595734653 -0.0812197999671221 -0.0197675509015404
0.0776457831976728 -0.0785407173133123 -0.0845646193855446 0.0124498398101144
0.035728270696314 -0.0898749715142093 -0.0629210669103936 0.0292103371727252
0.00115864793928223 -0.0870865944512361 -0.0405094835213038 0.0279968552304068
-0.0260749524719012 -0.0740223415094311 -0.0257772746937129 0.0192925651059285
-0.027820852692186 -0.0632936904646593 -0.0112430404728946 0.0094871310393503
-0.0349685668375401 -0.0623317532779044 0.00428858726134166 -0.0095759039617776
-0.023365243973726 -0.0818244471305284 0.0213334606732965 -0.0240151442180696
0.0055834772174458 -0.0902838362178296 0.0407451616612148 -0.0300992349330479
0.0418591288520653 -0.09669676303167 0.0646897202272653 -0.0144576516981322
0.0825249212992525 -0.0706123382896097 0.0718404292064269 0.0172799248021853
0.113138759256924 -0.0158669173612581 0.0312142857238169 0.0270689420745473
0.127263914405596 0.0177138665871989 -0.00950987836026361 -0.00716916279329293
0.0960412453461292 0.0306693329552695 -0.0709229901479781 0.00177247468832995
0.109459401292475 0.0138834834323271 -0.08054287043302 -0.0373814600604692
0.104852286315309 -0.037070438054388 -0.0876600216572879 -0.0216242041839769
0.0718301418909459 -0.0792057939803715 -0.0775062112006176 0.00322505697098827
0.0308399533069894 -0.0861250036408581 -0.0553705404418454 0.00457178263062223
0.000209010250458457 -0.0812550905214592 -0.0431013651612064 -0.00168074637446587
-0.0226883176631801 -0.0686158143314675 -0.0350433113252606 -0.0100521683109531
-0.0222342659891533 -0.0591433530888082 -0.0223928518387373 -0.0180931502567341
-0.0243873147891877 -0.0604894811761856 -0.00535214721326388 -0.0360308557416241
-0.00853555519469912 -0.0770129513363772 0.0151291939353193 -0.0485787640518775
0.0206640263632945 -0.0813203089968448 0.0390696939720224 -0.0490074914913588
0.0552129028437645 -0.080295331769176 0.0632614927793688 -0.022887108722064
0.0861777402912485 -0.048061637767481 0.0618513451928969 0.0154328384870224
0.106152851861791 0.00443004393483783 0.0120354671023808 0.0249043757172396
0.110822378724568 0.0304628307388592 -0.0421949413349559 -0.0202727405132901
0.0673450392583676 0.025948902002215 -0.104316674090264 -0.0129731741290236
0.0817662357322434 0.0124855704846106 -0.102654564365802 -0.0347339784114718
0.0799212207968853 -0.0285791250530752 -0.0894060394579485 -0.0221611086034717
0.0524552805292825 -0.0611381498069761 -0.0713724185952031 -0.00684459693033872
0.0224064139704649 -0.0634391039968088 -0.0520470138658342 -0.0178293843409505
0.0011061700296061 -0.0610544806332538 -0.0482170399114484 -0.0259789313400182
-0.0150153790990348 -0.0522631844744562 -0.0428444020756578 -0.0345271973033362
-0.0137333097379925 -0.0461375109452782 -0.0295770244379538 -0.0426794201217869
-0.0121240486621885 -0.0493234296221937 -0.00953691489420391 -0.0616042900082537
0.00447933395336747 -0.0604369720435225 0.0182982363932803 -0.0709125802707268
0.0294996161931724 -0.0600932755526216 0.0463383366257994 -0.0643270157629004
0.0567399341553163 -0.0524918068704128 0.0667342025331296 -0.0277694584120093
0.0757638326457017 -0.0213436560644205 0.0533255716655192 0.0120016435970112
0.0833969862928709 0.021879713173325 -0.00110881887560496 0.0173912841087871
0.0788942568325925 0.0373193853150757 -0.0641405576224756 -0.0353423488003919
0.0265983447851775 0.020066097002291 -0.122640753844361 -0.022822368418121
0.0401480324383114 0.0141422479756339 -0.112366147102729 -0.0279543268255491
0.0430001279240798 -0.0101417049727272 -0.0886690988752706 -0.0230565692804611
0.0286682192386714 -0.0287879037043357 -0.068877243722636 -0.0147963309821995
0.0148166464867199 -0.0290690278997561 -0.0537629920580914 -0.0304472879451746
0.00533976716106067 -0.0305556000822511 -0.0538000710596894 -0.0390113313373594
-0.0029086625619693 -0.0293351832826933 -0.0481075529101501 -0.0494359604280759
-0.00298583512534308 -0.0261089946004283 -0.0320682255444208 -0.060150529158118
-0.000780431410050283 -0.0295022267039837 -0.00713069047255678 -0.0800596116798924
0.0103699980192766 -0.0343875109571604 0.0269300787848196 -0.0872006096138501
0.0254925433713441 -0.0333705547708163 0.0596474044203859 -0.0724846062745382
0.0425100355633201 -0.0245162614021698 0.0730728006844537 -0.0289756093701237
0.0513843112641412 -2.74359246302393E-05 0.049483617735417 0.00801714997945195
0.0497388855723954 0.028125893524017 -0.00629976241913505 0.00685365014330908
0.0383950172799342 0.033565754399936 -0.073061274335529 -0.048975824351419
0.00580808789926801 -0.0161546750733039 0.0814984424504855 0.0464517987107667
-0.0115217133640097 -0.0156899351956134 0.0249445871103527 -0.0104856224378738
-0.0210486093106997 -0.00437970629335558 -0.0451502150688975 -0.0167942114123558
-0.0156224701152276 0.00665246724104291 -0.080473411013854 0.0149604740534635
-0.0104082891000791 0.00677457993525585 -0.0761337723419515 0.0722454170013638
-0.00946146717913295 0.00540267427741062 -0.0365605772222941 0.094648246446742
-0.00958058650479165 0.00418285627761609 0.00360932143199073 0.08809597924266
-0.00911484545523236 0.00196804816351564 0.0339700514115084 0.0737684262799447
-0.0140403980801542 0.00200797167408123 0.0519820317375054 0.0542701096608715
-0.0160219135754046 -0.00318296616420165 0.0609343328499691 0.0403968409008863
-0.0136630348391579 -0.00684923454637216 0.0613282500370865 0.0323342179108497
-0.0140895241161718 -0.0107146406857173 0.0706195773623304 0.0274318987251842
-0.0083349226363752 -0.0161526700681168 0.0870083800542451 0.0257349496904382
0.00466963166136417 -0.0185479971704514 0.0953628559662725 0.0260388270786048
0.0145687402339129 -0.0148083148559378 0.1147659272189 0.025512370561435
0.0426953847245747 -0.00137003140374777 0.0691192222774693 0.0537801919533289
0.0277336734485132 -0.00437003883067283 0.0165354760762029 -0.00708031730891124
0.0161241487032352 -0.0101373324998665 -0.0491013333241918 -0.012505479702371
0.013415504461958 -0.0142697992175184 -0.0831235768600028 0.0170832897749509
0.0069365194659188 -0.0221221299310504 -0.0786002252957613 0.0684909683668671
-0.00475601633169125 -0.0247442740289047 -0.0402100628631928 0.0896256664748594
-0.0166715891306631 -0.0228744839546934 -0.00170253553102767 0.0848699554963431
-0.0186557652621672 -0.0219858015945038 0.0270025228261336 0.0699341129936781
-0.0267943980944037 -0.0209387419819839 0.0456138405697137 0.0488432640700824
-0.0254163619001379 -0.0328367475952679 0.0561900072270027 0.0332606293180599
-0.0119459157332728 -0.0393632541070127 0.0598114881565071 0.024723837137518
0.00235640937695891 -0.0462180668927101 0.070543527778682 0.0205090376992783
0.0237039801719913 -0.0407590237803065 0.0850558659508555 0.0227626575277923
0.0465930564300868 -0.0233375055210757 0.0846448897998784 0.0204770256532114
0.0614874635152229 -0.00876953972343943 0.095981280246297 0.0177305650213357
0.074118139239366 0.0147563021175709 0.0447529170172621 0.0506898068481347
0.0661235391816589 0.00756152895729859 0.00152592078283197 -0.0126791423020945
0.0546741528719951 -0.0156293260121739 -0.0581666612581581 -0.0137373651567683
0.0425041084390384 -0.0361785285775165 -0.0851188759372599 0.0176204390245699
0.022724870023385 -0.0498548596023093 -0.076214852425347 0.0611765403024564
-0.000344262014566335 -0.0527651770942853 -0.0408804405789455 0.0765447496157749
-0.0212162555015758 -0.0474109937783081 -0.00896760845371258 0.0705364518503254
-0.025691219777097 -0.0421239063247413 0.0158368386743478 0.0561778275548543
-0.0356732595792074 -0.0400488539939004 0.0339984510657125 0.0352728230751501
-0.0317004312569006 -0.0563225325781081 0.0464177978659258 0.0189298272819818
-0.0111602160362841 -0.0658861088031461 0.0552243354993677 0.0103606234714967
0.0144243141570684 -0.0754354179681618 0.0696119804378316 0.00974459746101467
0.0483552708367644 -0.062656461591385 0.0823147670199486 0.0201487696066794
0.0796604846956956 -0.0282510190604715 0.0691922096323159 0.02004662117035
0.098226130005502 -0.00289631030063662 0.0663095628159015 0.00792451859797273
0.0962578343785322 0.0242420404263711 0.0118082940362081 0.0367282784359663
0.0968283804304456 0.0131767666136432 -0.0213328331254179 -0.0240629512612531
0.0871956851386606 -0.0262274218865429 -0.0689044869108053 -0.0162784218836165
0.0643946460196582 -0.0601913933833424 -0.0851897536171867 0.0175060172098809
0.0314952320176311 -0.0741549433084166 -0.0677907719992296 0.0496682531875971
0.000321361921116151 -0.0737777943557217 -0.0384080781787214 0.0553255646019263
-0.0253510403846744 -0.0644007757121568 -0.0154666653889485 0.0478947380667001
-0.0295467714930429 -0.0552307385924835 0.00335998461780337 0.0349223733948884
-0.0396778570587828 -0.0529935311568023 0.0193702771955673 0.0151230790233814
-0.0324719197870294 -0.0719324726709413 0.0331595123917275 -0.00144769166144236
-0.00770763147641059 -0.0823759867842319 0.0469604153538575 -0.0093316452689322
0.0244626727440045 -0.0937191553028097 0.0661816038661911 -0.00381126937747165
0.0651538961022862 -0.0746333169220818 0.0776321268592466 0.0164414703134519
0.101016588614799 -0.0282032205969009 0.0506627194412984 0.0227648625853285
0.119250848930369 0.0038018096947596 0.028701748951615 0.00200844021252988
0.10345622800407 0.029328227093153 -0.0285384644059291 0.0192690323170909
0.112253545095688 0.0132632754368055 -0.049248486640137 -0.0325698813790155
0.104238747199756 -0.0354972058006195 -0.0780684855037817 -0.0192369548450691
0.0731691043108778 -0.0768739319795828 -0.0814158443017719 0.0120327540180311
0.0323613826215603 -0.0875784921783795 -0.0596916435853399 0.0288727341369581
-0.000784860426492157 -0.0835587406312243 -0.0384473184801321 0.0275031855114759
-0.0263735503444908 -0.0709827674563929 -0.0248725617495323 0.019693337574853
-0.0285418415354657 -0.0601878239880149 -0.0102325941236073 0.0095107306170693
-0.0345946094336104 -0.0598305610995981 0.00430683817286653 -0.00937505983737471
-0.0242288816830163 -0.0779682902498668 0.0207120861836648 -0.0234973977411394
0.00372194655549774 -0.0872193440287563 0.0393863409500303 -0.0293157972877874
0.0383874551729045 -0.0945141830323234 0.0619426931045735 -0.0145547532970563
0.0778062729048254 -0.0689076513457106 0.0693749490100052 0.0155808816858978
0.109276970603606 -0.0167179974979913 0.030313132243964 0.0258063780369851
0.121875543560823 0.0153712747474942 -0.00877093994920039 -0.00651359720445214
0.0929089156900332 0.028044455578499 -0.0685061552019155 0.00187329208107743
0.105644255179106 0.0114749505092646 -0.0779595170817937 -0.0353386178781776
0.0996251039797495 -0.0373370155577059 -0.0842050085719514 -0.0205633156202659
0.066852601757498 -0.0773997823118772 -0.0743134461007933 0.00387352688316037
0.0275260500792531 -0.0831654909868967 -0.0533441635251565 0.00458963131540322
-0.0017991695729476 -0.0781229900892544 -0.0418831706203896 -0.00101694471761772
-0.0233052886219344 -0.0661754655212228 -0.0342096438579782 -0.00882137981692386
-0.0223076757827068 -0.0565932118208491 -0.0216623873813064 -0.0166617058818173
-0.0244905834143916 -0.0580098528015034 -0.00565788604950929 -0.0346999773841224
-0.00913496426528746 -0.0737864411478782 0.0139991032181482 -0.0475453389326202
0.0183589180264021 -0.0789836600646534 0.0381283668210808 -0.0482307701699053
0.0519932557462208 -0.0786042164386722 0.0603639557030028 -0.0227199625410107
0.0820521168608634 -0.0478474671237427 0.0597640842252117 0.0137669528487401
0.10224434004107 0.00219585872808858 0.0117394037331001 0.0236237765560951
0.106164737697898 0.0272695938681154 -0.0408207909448251 -0.0187059263482202
0.0658714027974728 0.0232843180591514 -0.10104781108421 -0.0115535845388035
0.0789283953678232 0.0105147700388164 -0.0989821693044574 -0.0324904647272518
0.0760831800448247 -0.0288704682269328 -0.0858233850176411 -0.0209623598646574
0.0495542010204697 -0.0598514926450804 -0.0676744925569652 -0.00638530730304745
0.0200340382239744 -0.061374374643898 -0.05041743419293 -0.0163064709816114
-0.000208518315686052 -0.0588137304706825 -0.0476152311268619 -0.0244004828057306
-0.0155031191394018 -0.0505077031014206 -0.0427150386941159 -0.0320893899312521
-0.0136002465847964 -0.0439196899598411 -0.0296048475152503 -0.0403237594825483
-0.0120090478929373 -0.0473846707067776 -0.00997979130358254 -0.0588924152178806
0.0040797767036526 -0.0583272228804453 0.0163103077054417 -0.0691565532353792
0.0270405370539101 -0.0584665003456476 0.0446623716878097 -0.0624849649407623
0.0538928848636449 -0.0512644391179682 0.0634971460837479 -0.0278291215336808
0.0723919507549537 -0.0215863732144841 0.0520288480893257 0.0110822250722931
0.0803795805446946 0.019576819310769 -0.00100062542333115 0.016454322205342
0.0755561419069918 0.0341040739689535 -0.0623364465122148 -0.0332997140981557
0.0258839871650807 0.0192105644567854 -0.119624874972458 -0.0209504898108742
0.0386418014405389 0.0133488779282548 -0.108361325186714 -0.026542659470379
0.0406571455668373 -0.0108851100438589 -0.0852281396025693 -0.0214220591133565
0.026758768085956 -0.0282457660641929 -0.066151567056414 -0.0132292360668648
0.0135697865354679 -0.0284095399800247 -0.0522952784046985 -0.0288020357788927
0.00473706593577578 -0.0298781435455593 -0.053251614236373 -0.0371196453055931
-0.00335441134849203 -0.0278738480578795 -0.0475589660037252 -0.0464426756856113
-0.00292936424947103 -0.0245389676937251 -0.0320039217096108 -0.0569762833605992
-0.00116462872247457 -0.0279670650483134 -0.0083359915251486 -0.0767480581701808
0.0093470964918573 -0.033245020387447 0.023947403412818 -0.0839178143388662
0.0239089412310504 -0.032528939807115 0.0566738966573088 -0.0707099286810404
0.0400982224128777 -0.0238184859631691 0.0698946816671822 -0.0287223397209507
0.0493076226108902 -0.000630725828311756 0.0479847810477326 0.00712399714630308
0.0480570782617201 0.0259763611803739 -0.00579224419433826 0.00674624872417325
0.0364693629525109 0.0314351703016792 -0.0713429997479979 -0.0459297952935428
0.00613064300312359 -0.015688916436201 0.0802545316208701 0.0461865929420122
-0.0106583050933192 -0.0159552784326331 0.0245857659238212 -0.0099724440793746
-0.0203526162250437 -0.00424743212831189 -0.0449367027153119 -0.0172449292787806
-0.0155052535842041 0.00635071869666368 -0.0797769918582081 0.0132600391537376
-0.0104210481362001 0.00628923923340128 -0.0753744429113628 0.0703792629180505
-0.00903428219827512 0.00533399507993154 -0.0365901360706458 0.0932381313517077
-0.00970115055409673 0.00461097305053102 0.0031352880137852 0.086966316039313
-0.00933744467146213 0.00170197563367922 0.0335438320539969 0.072148618354418
-0.0133659620277198 0.00167575817836652 0.0510749537234022 0.0534044817459556
-0.0158451088483922 -0.00332259016514934 0.0600422410203214 0.0410164275610684
-0.0127036975623752 -0.00677723166843655 0.0602901583936918 0.0323864777522046
-0.0136192602704315 -0.010776089978324 0.0691229788484175 0.0273785465687663
-0.00796825938319844 -0.0154135001933729 0.0846158509196561 0.025838661099121
0.00483379824811865 -0.0183827381806344 0.0931486884802187 0.0271584559448213
0.01487654488664 -0.0141699213726743 0.113098839321254 0.026616616865939
0.0422553604389343 -0.000460291990726124 0.0679360691042744 0.053518766326043
0.0274813443726804 -0.00425746054408908 0.0163231204970605 -0.00725730006623745
0.0162506627214156 -0.00980621920030397 -0.0491456123331943 -0.013302581749076
0.0133440138248522 -0.0137552846312211 -0.0820116427151027 0.0148135062700715
0.00680421618931426 -0.0220642649402268 -0.0778242220807042 0.0673545106998646
-0.00468916285072093 -0.0245405918334463 -0.040065279260869 0.0880264894038911
-0.016655712604874 -0.0228776066563437 -0.00293949270489558 0.0836374577469617
-0.0183970634247863 -0.0219236974452135 0.0261867187749512 0.0685298509740901
-0.0264536247002029 -0.0209136821437334 0.0454575909162942 0.0482084999401101
-0.0248902863397797 -0.0326224210419141 0.0554164358533515 0.033414739516443
-0.0114333139533112 -0.0392618093798595 0.0591980499330662 0.0252140253782919
0.00339107038487763 -0.0456498819714732 0.0691771398540824 0.0210403198410694
0.0234659555907392 -0.0396609182510007 0.0831777900018327 0.0226307102694887
0.0466021186520117 -0.0226886484589224 0.0819937156256852 0.0217325903796038
0.0604224220028798 -0.00766044408829326 0.0946878935020073 0.0189738033273367
0.0730253389372674 0.0155042957081274 0.0439425038955487 0.0499074421417711
0.0652208632929234 0.00806674922547767 0.00142982637363281 -0.0127725819643458
0.0536604831013476 -0.0153790513258934 -0.0570569553231764 -0.0141099786221578
0.0420074075823425 -0.0352729390961671 -0.0842034544032652 0.0159533561708022
0.0227205808570541 -0.0489149304059187 -0.0745824516911645 0.0600779283615648
-0.000101640839875327 -0.0519604776725563 -0.0407137788113616 0.0746369344472746
-0.02105117062919 -0.046911153244845 -0.00947789346870424 0.0695240573285337
-0.0248774513400432 -0.0422899036082048 0.0156297318583709 0.0552245963670962
-0.0349000020059813 -0.0396770363119575 0.0337165827862242 0.0344808810422812
-0.0307386916808893 -0.0560898861714711 0.0459256087224726 0.0185788989290136
-0.0105850178522499 -0.0650488346772478 0.0544273359208056 0.010308266273543
0.0147151498272661 -0.0741467133155641 0.0681480635970121 0.0105217878752172
0.0479878876593271 -0.0608807366598426 0.0805241498407025 0.0203830556735114
0.0796426366000639 -0.0274556065976859 0.0669859045541324 0.0205612646384631
0.0959749587640053 -0.00194427031412253 0.0655754270802201 0.00895720044265576
0.0951851965538389 0.0253581659281065 0.0112967030492669 0.0356787360808428
0.0960070406582464 0.0134307944848291 -0.0204746310037809 -0.0236445655399447
0.0854994383381724 -0.0252957637130869 -0.0676429912646766 -0.0171761129947318
0.0633533485812179 -0.0587855411136545 -0.0840017844030868 0.0159228879715325
0.0309197273816293 -0.0726391005855052 -0.0671970863315593 0.0485745212031087
0.000489799424055542 -0.0730732060795446 -0.0387046255325458 0.0545308898366529
-0.0251078785515565 -0.0636508028868369 -0.0156070816184622 0.047263407297147
-0.0290327934112259 -0.054847410805468 0.00363164303405818 0.0341565569516851
-0.0381381938682237 -0.0519911365172932 0.0195256840060245 0.014428175813961
-0.0316676022071242 -0.0712541760696837 0.0324385963308461 -0.00153689732504087
-0.00746714544707017 -0.0813891556815136 0.0469798705441388 -0.0088383702285754
0.0242984563978064 -0.0918849918838357 0.065175736119018 -0.00285014166235844
0.0646322763005195 -0.072450277375811 0.0763876875564752 0.0163996454060212
0.100460589313432 -0.0268571762590275 0.0494287748166745 0.0227016060178127
0.116603954433162 0.00492570174649216 0.0285780110265024 0.00289781143220446
0.101873252588244 0.0297284968760008 -0.0283271601291079 0.0177198970518888
0.110602382329985 0.0140929100814902 -0.0480575150851735 -0.0331546290859603
0.102335263438402 -0.034429986846789 -0.0767157230950059 -0.0209416779213369
0.071774628869385 -0.0752505742101426 -0.079476343049147 0.0104848629681685
0.0319274533975492 -0.0856088818189161 -0.0588438297449945 0.0279772840154929
-0.000527419275828485 -0.0820732885963381 -0.0386252620070202 0.0271125745883747
-0.026107315047347 -0.0696890760317483 -0.0245755321900043 0.0197588759201215
-0.0273299929430792 -0.0600827432881533 -0.0099279881287697 0.00901551866285743
-0.0337429769182317 -0.0587008216685183 0.00522771397745696 -0.00918552564066766
-0.023247256529807 -0.0775378802495505 0.02069317750877 -0.0232600432554115
0.00402087958736021 -0.0860864753715372 0.0397493484529019 -0.0285153861111573
0.0385721603353622 -0.0931348705486449 0.0612204573633088 -0.0137863094274384
0.0767895463670859 -0.0671109916371613 0.06836328580157 0.0152745387022106
0.108077626087899 -0.0152778518640653 0.0297637225054301 0.0254231827345824
0.119277410202638 0.0159740472501186 -0.00842376903445053 -0.00632076217840315
0.0917564282102931 0.028036074800414 -0.068198752998268 0.000711237570392312
0.104389997193526 0.0120971197083464 -0.0759936873579297 -0.0361643131184516
0.0979322039265555 -0.036211019404144 -0.0823289936919163 -0.0220630881160084
0.0665044231842249 -0.0757428657640649 -0.0732343505721818 0.00185210713786352
0.0270291119743049 -0.0820916087137038 -0.0523275494750351 0.00428239383380979
-0.00146641283410032 -0.0767389296837768 -0.0419826952005409 -0.00185532757695313
-0.0229771056378953 -0.0652069094991632 -0.0337401224230857 -0.00837541141685853
-0.0212832945829422 -0.0560153790804237 -0.0213270688002781 -0.0171220907854359
-0.0233739801729232 -0.057120405351521 -0.00522529162582334 -0.0348161899823533
-0.0091915003704958 -0.07319880810039 0.0145112262117798 -0.0470026223242739
0.0179947418476884 -0.077554787679045 0.0387049463319721 -0.0470731692987042
0.0506829690808674 -0.0773407847631884 0.0598875727103988 -0.0221231364364463
0.0806721468535691 -0.0459746630632649 0.059223436046797 0.0140352202515966
0.100603091045215 0.00371517777166209 0.0115412848840334 0.0234918597244613
0.102954145172132 0.0279703875375032 -0.0399561219348104 -0.0182123102572262
0.0651051157214924 0.0236206860264167 -0.100247677056686 -0.0135233088544063
0.0779421104546431 0.0109976501984087 -0.0967290095120623 -0.0338520690114246
0.0745387727769218 -0.0275648531353263 -0.0840275243976589 -0.0222655849636956
0.0482969889610117 -0.0583239297570493 -0.0662752567792975 -0.00732932458120351
0.019755073718949 -0.060853127503378 -0.0498836122489574 -0.0172121841323144
-0.000428016838740309 -0.0576957515804674 -0.0473425509329006 -0.0247036212859339
-0.0152774721264152 -0.0499615102984401 -0.0420332093574206 -0.0315475903893178
-0.0126585035745259 -0.0434045708956084 -0.0282587401684107 -0.0398280604039784
-0.0118821792390202 -0.0463900348164683 -0.0095611101773469 -0.0586687576391239
0.00379656841916473 -0.0576498320129184 0.0157906812719413 -0.0677600247288599
0.0265182402064253 -0.057747321161333 0.044634144346244 -0.0608734453320679
0.0533725437371162 -0.0507025377882309 0.0626239949962209 -0.0270505447522081
0.0715159996539586 -0.0201388033827689 0.0514345324944286 0.0112605685193944
0.0788535037471015 0.0200507405182639 -0.000819429636460497 0.0160034759960743
0.0731409190680956 0.0344257038058308 -0.0611932610636734 -0.0328514125573461
0.0254709730083918 0.0186754300350485 -0.118517946844613 -0.0223166146371676
0.0386520584870722 0.0134495306109541 -0.106824346645416 -0.0276507760566616
0.0400128144196818 -0.0104641213352612 -0.0835676559750051 -0.022620665501198
0.026516427796069 -0.0273604836474307 -0.0646418522942585 -0.0144802286671404
0.0136851025396623 -0.0277984297772218 -0.0515946893280103 -0.0289897171953117
0.00473506159886762 -0.0293095766343348 -0.0524397641990066 -0.0367765681583665
-0.00342399742410144 -0.0275939476727517 -0.0474886790054306 -0.045776351654144
-0.00259774411642629 -0.0242696327651818 -0.0316518836970509 -0.0563640897407725
-0.00087748853273046 -0.0271261019931426 -0.00762013972550053 -0.075826666581131
0.00984193016196712 -0.0327374556767438 0.0239593933281973 -0.0830299849338038
0.0233404129381205 -0.0318743538650916 0.0568193087459276 -0.0691836484658336
0.0396168824645028 -0.0228869789166223 0.0695105472831831 -0.0280013115396653
0.0485573632641557 -0.000326890039620236 0.0472782722703373 0.00764412080320824
0.0465446363434649 0.0257353077523905 -0.00565062312423568 0.00670066133664298
0.0347822719767654 0.0307056825753921 -0.0699933218564989 -0.0452302584727926
-0.000845109300029768 -0.0182094639022875 0.093491027223515 0.00891882863334173
-0.0166268447028573 -0.0106744668588919 0.0178204725860339 -0.0198214731233398
-0.0200579321233075 0.00460473662667624 -0.049119580555934 0.00390096086971556
-0.0103009258026179 0.0125120166488728 -0.0689799652706465 0.0475120348522641
-0.00488369334690903 0.00971044256570332 -0.0383146934715176 0.0981564871145245
-0.00541233092009451 0.00832559603550364 0.00716056263725591 0.101443355019046
-0.00757439989155036 0.00811710864031688 0.0398614531664654 0.0787397091110489
-0.0083169544760809 0.00455800377521141 0.0627235771572585 0.0513918631769578
-0.0124441220394882 0.00733532137551006 0.0707850000510955 0.0260887241493693
-0.0163497654159962 0.00323521041316324 0.073195897965181 0.0111196515683932
-0.0149043623968513 -0.000913147473640594 0.069702665377838 0.00387634759984654
-0.0158598709036525 -0.00351927829016364 0.075609384209168 -0.00544840679374759
-0.0136463598416386 -0.0105515000314115 0.0878955590897847 -0.0121669919339027
-0.00185557778720829 -0.0186831522284092 0.0970821359190922 -0.0126872451991324
0.00828031995467708 -0.0197859607629257 0.117395134000112 -0.0210197776066143
0.0389741090263816 -0.0181923190355871 0.0862563264927749 0.0195009298414146
0.0232829638040798 -0.015411780030811 0.0120675437626378 -0.0142895452927078
0.0109410003296037 -0.0152987014331685 -0.0513887967020194 0.00729148503379982
0.00702989831292716 -0.0168810659723976 -0.0697906216156974 0.0474309584559022
-0.00165553005182094 -0.0226132994462744 -0.0425000906086649 0.0946444506294148
-0.013842163505902 -0.0208318476212478 0.000702412284414705 0.0976993245219607
-0.0246543456353384 -0.0137226568316928 0.0328332245342855 0.0777779040058789
-0.0268843595562733 -0.0136315467356264 0.0549106587088988 0.0505584159037526
-0.0332620726922802 -0.00885598239166892 0.0628693045699533 0.0232057788435074
-0.0368937395314125 -0.0202784660129353 0.0662425437699105 0.00513380711415165
-0.0266007871226156 -0.0327811287053415 0.0668700729613103 -0.00277980127648408
-0.0150627927476884 -0.0433359318438641 0.075603644444761 -0.0112379372530664
0.00645122797672644 -0.0466196991001244 0.086649740209832 -0.0137017238829169
0.0347915613702566 -0.0409872813811412 0.0852824212311293 -0.0113878791678661
0.0543002781839209 -0.0341852634678377 0.0964557729106633 -0.0180569646698604
0.0737042560002464 -0.0150958351029799 0.0633261084471032 0.0248528321355718
0.0625755226111996 -0.0187143630084827 -0.00387203518997248 -0.0144916555524169
0.04350753082215 -0.0346345156693408 -0.0590325127686071 0.00749987060337286
0.0243011054037591 -0.0479625298557674 -0.07094789927376 0.0473428920735691
0.00176792423667868 -0.0533887702222232 -0.0441718589095394 0.0857008396002079
-0.0207222754550704 -0.0480294474392669 -0.00644790593892763 0.0853365034946879
-0.0388668668694507 -0.0344941747766027 0.019756633955239 0.0669201210600524
-0.0407446184385543 -0.0297836843255365 0.0384370922564256 0.0428550712445305
-0.0490106499796278 -0.0225137831238607 0.0465467977266821 0.0157436328871775
-0.0524675986113114 -0.0398302303407077 0.0522653977296512 -0.00444348902830338
-0.0365787288414616 -0.0573837002328574 0.0574276315248253 -0.0149376774546611
-0.0170379410395088 -0.075356572539204 0.0723822307451109 -0.0204402160632477
0.0205621583716102 -0.0763570380161404 0.084442540988464 -0.0142178378913092
0.0640391784787527 -0.0591061315461111 0.0710207630766047 -0.00438553405238633
0.09100297080006 -0.0452180491149285 0.0639938643733601 -0.0133653864448614
0.0983280629752397 -0.013863417913139 0.0279795918213427 0.0249173097137519
0.0929443412987203 -0.025064099004206 -0.0285543591179656 -0.0161780502204545
0.0685443857426892 -0.0565245714425922 -0.0695579025744786 0.00765036645601182
0.0337701202041666 -0.0774747937735846 -0.070870743963618 0.0455808066978586
-0.000575769024251849 -0.0783219986075227 -0.042526225809928 0.0704637589039753
-0.0292096621447135 -0.0673637962322051 -0.0132920827661048 0.0654258595364381
-0.0490634963518243 -0.0475168266908896 0.00420048170059526 0.0487552327586226
-0.0490688311753327 -0.0404609768810845 0.0181928186808 0.028896478679018
-0.0574001701276047 -0.0327242706171019 0.0253307057514368 0.00271705953314683
-0.0592510292234861 -0.053421963817533 0.0311719027083401 -0.0179811503752341
-0.0410683000584565 -0.0737979867763339 0.0432073929050917 -0.0297765828462366
-0.0159845740379647 -0.0956146936764227 0.0652407525688857 -0.031423442866527
0.0308202934458987 -0.0945209213624927 0.0795485376038258 -0.0156059205429207
0.083069824977903 -0.0679955787037876 0.0560905068143395 0.00581659880917274
0.112247589902197 -0.0478347703767775 0.0258941929502038 -0.00268464048977707
0.106404298861053 -0.0120257398885308 -0.0160824358841203 0.0245436613834445
0.106849644905367 -0.0299755033458592 -0.0574599324794763 -0.0136203737194298
0.0805064196026136 -0.071153216308399 -0.0794777911466478 0.00704720438443444
0.0353927433070061 -0.0961351142704227 -0.0694665416751245 0.0382765720092043
-0.00520452053156059 -0.0907362347480124 -0.0440153940543351 0.0487640101200343
-0.0345877725664534 -0.0751153598741273 -0.0255417119889944 0.0403874045090546
-0.0526954028445088 -0.0533432847882096 -0.01644079299826 0.0269063746320653
-0.0498630261012806 -0.0454802241695399 -0.00502203977077764 0.0117905486111208
-0.0558180245182556 -0.040848176930917 0.00152597868593136 -0.0118969057615184
-0.0545367092613481 -0.0632965777039185 0.0100325305546483 -0.0327456535097222
-0.032509112631544 -0.0830736395112755 0.028722903134582 -0.0443756602585687
-0.00360485152715784 -0.102336105082155 0.057969148444862 -0.0389288428069947
0.0447904736654682 -0.0940319194388686 0.0717997034180324 -0.0131566685027184
0.0947814769558744 -0.0601611959784109 0.0387467764277791 0.0163819198117917
0.119425493600385 -0.0386997471339014 -0.0127181178949158 0.00417827372200231
0.0970647976622399 -0.00894916614905174 -0.0600639980623046 0.0253510851529961
0.100503465160966 -0.0291110926252814 -0.084834500836167 -0.00440506933939464
0.0756965168151102 -0.0711257708778504 -0.0848525033633524 0.00848735813959961
0.0292782943300744 -0.0934653309415615 -0.0670118201488518 0.0271642143471631
-0.0081154420019572 -0.0850823963094944 -0.0488659439119578 0.0244888079294972
-0.0337446442238037 -0.069852599358762 -0.0412947942027232 0.0153907947120437
-0.04742070244911 -0.0502586796840667 -0.0370248154398999 0.00519590446578216
-0.043026470692166 -0.0440274410511782 -0.0271003469869991 -0.00707514639082692
-0.045570162519775 -0.0434333483883683 -0.0188856731480278 -0.0309875624846123
-0.0390414540568435 -0.0646450234308203 -0.00552689449381507 -0.0505919727515671
-0.0158076288160489 -0.0811944564248839 0.0195552098674051 -0.059933656358918
0.0143551995148878 -0.0931885915738763 0.0520410583424954 -0.0445465981876842
0.0572000375823651 -0.0770773154230125 0.062672576464848 -0.00969921651852942
0.0958126031900394 -0.0394158266395276 0.0203382750257025 0.0219038467042126
0.109253028357699 -0.0201779498591837 -0.0475278823279902 0.005525094602813
0.0699162817343931 -0.00256142378692708 -0.0965204208520838 0.027524654415167
0.076352481391254 -0.0193223457177899 -0.103507578436335 0.00835290881803959
0.0575036308990717 -0.0543203926300026 -0.0861700742922877 0.0102026929685415
0.0200564840926914 -0.0710645213798492 -0.0649836304294927 0.0170542786429487
-0.00670338651768688 -0.0628522500592754 -0.055106602788088 0.00424230751957811
-0.0243166041812909 -0.0524032100122943 -0.0558132877631525 -0.00276502671659162
-0.0345044330955865 -0.0394519494992591 -0.0543719913665488 -0.0121794140984958
-0.0296181013982994 -0.0356806164645819 -0.0441195579503729 -0.0248157133390641
-0.0295142328478456 -0.0387431012677682 -0.0338845233298901 -0.0503546971075299
-0.0206331375687687 -0.0557200817542325 -0.013700106258148 -0.0701764616647169
0.000512851107922024 -0.0657041005056075 0.0182968303529444 -0.0751967299963196
0.0280938870997414 -0.0693867310394391 0.0514787658972105 -0.0489252146174041
0.0590471815758531 -0.0485527990729944 0.0529140406880292 -0.00917093336989903
0.0825635239048558 -0.0146073136418904 0.00519643699858192 0.01914503594457
0.0836340451859555 -0.000934806615799041 -0.0735449692899543 -0.000736260883120168
0.0315425669252174 0.00892449257696833 -0.118659194468554 0.0275183697018476
0.0409794189371276 -0.00154035096863505 -0.110363887930778 0.0183991010257351
0.0324622364972634 -0.0240185731337759 -0.0856809872972885 0.0118317465330455
0.0122622108267784 -0.033815106785799 -0.0659180236310507 0.0117452386350142
0.00104938947424627 -0.0297769034464941 -0.0611679530889641 -0.00521641037373505
-0.0082522712662195 -0.0281764548391382 -0.0656591551505697 -0.0112051673208162
-0.014264324689158 -0.0236806939107838 -0.0649336620402097 -0.0220727899802298
-0.011805513200913 -0.021469798838441 -0.0533900085842253 -0.0380932541537736
-0.012061062018192 -0.0252355630241972 -0.0401059526640323 -0.0666746226435142
-0.00488796559313529 -0.0348387575001397 -0.0136533959157434 -0.0873185833148388
0.00855346059031619 -0.0398153156363412 0.0240838345771906 -0.0874334501166541
0.0275810101542781 -0.0386539354793164 0.0547555830847225 -0.0529639235056011
0.0460296298062169 -0.0197981919486501 0.0472252937613163 -0.0109569961635076
0.0545647163959675 0.00432436945993511 -0.00346069418121196 0.0109848289124307
0.0457165559930494 0.013425213371849 -0.0859143995655995 -0.0113362068069584
-0.000899644352676389 -0.0181655574282512 0.0967496132523238 0.00626116485468098
-0.0174000795869551 -0.0103616005464456 0.0176467972510945 -0.0214337761415087
-0.0205386711408658 0.00510607906185017 -0.0510633626687926 0.00454599183799546
-0.0100113272309949 0.0134474538926345 -0.0705470727695864 0.0499060833311014
-0.00523065764472596 0.0102324615443824 -0.0369999986573944 0.10144062726075
-0.00522034907920884 0.00845912832625725 0.0100794306458012 0.104714411638475
-0.00728941436910692 0.00871050392954325 0.0428539284822561 0.0803649437087845
-0.00880654814412405 0.00491200764433904 0.0658460932189788 0.0512504291108724
-0.0124929674397473 0.00771429666773442 0.0741935688860919 0.0243318005045613
-0.0166006678928189 0.00349358476185666 0.0759406728743561 0.00959494496866033
-0.0145565078617873 -0.00136189062703305 0.0720342873432166 0.00267233607225138
-0.0160351957064164 -0.00339024498937646 0.0781946488278367 -0.00684135562085456
-0.0137852010825808 -0.0107474597886612 0.0898769052966044 -0.0140662655271384
-0.00218382225760688 -0.0194973952513905 0.0994898628195593 -0.0139371838800138
0.00822601272364327 -0.0203523687449741 0.121332107636942 -0.0239673249141184
0.0400236442613702 -0.0193353675970892 0.08929893164261 0.0177918016407912
0.0240763994020539 -0.0166298533229479 0.0117960459475167 -0.0155554966941504
0.0108157614204296 -0.0159086983651415 -0.0529420414678513 0.00847044208585396
0.0069171733713332 -0.0174063438435296 -0.0713783216830893 0.0501870942180529
-0.00255514464756295 -0.0233844921575111 -0.041173480374716 0.0984307915367781
-0.0147946763847722 -0.0212999550707415 0.00293952665880503 0.100933217517097
-0.0252825282896591 -0.0139781411004404 0.0356868085199347 0.0792018308237915
-0.0282258130886076 -0.0132694738293434 0.0579231272445584 0.050370042169483
-0.0342634556534898 -0.00804438675193947 0.0655596679205652 0.0220387839615777
-0.0385669482760545 -0.0203934347881835 0.0691543872036185 0.0039668353270705
-0.0280669285966872 -0.032931351654173 0.0695887120564584 -0.00416577932092296
-0.0167439294073673 -0.0443166962758008 0.0771223666351224 -0.012808962706318
0.00550073126880754 -0.0480472306946681 0.0881780013056643 -0.0153843078302193
0.0356481685620381 -0.0429868447344545 0.0873665349400533 -0.0125306653868716
0.0552144291773235 -0.0359822268451794 0.0993295005903614 -0.0205852561612661
0.0763175891087959 -0.0170896091426555 0.0655895637070957 0.0237507057762787
0.0642519917252978 -0.0209165903624293 -0.00356030647894017 -0.0156457694451374
0.0438469337986947 -0.0368357879202983 -0.0611387138823287 0.00777721523435025
0.0241236837767423 -0.0493597590546401 -0.0727770030836261 0.0495849185950264
0.000247381143222269 -0.0548745520568485 -0.0427944979322429 0.0893092042310402
-0.02306160955871 -0.0489001151675159 -0.00455157479528663 0.0886634209865248
-0.0408754283670834 -0.0340543096470196 0.0222437324001789 0.0687628817727465
-0.043351361053957 -0.0298231082044031 0.0407205886592587 0.0428897423731381
-0.0509433624647833 -0.0220559748152353 0.048687568040267 0.014000321442906
-0.0555797375605933 -0.0395821127579439 0.0534383871140856 -0.00609429058303761
-0.0395005089026352 -0.0581782385535311 0.0598884177313246 -0.0170596985687398
-0.019350543624992 -0.0768439483249162 0.0740752266898081 -0.0221368295568535
0.0196274989322127 -0.0789005001944016 0.0863269245775223 -0.0168424630218903
0.0649844665642605 -0.0623082237974237 0.0736678540100273 -0.00603187504689632
0.0921750843637787 -0.0481633669348559 0.0662904898265658 -0.0146940217549438
0.101191714564271 -0.0167624330701099 0.0296662437959284 0.0246908102159678
0.0950792154688718 -0.0279624641927201 -0.0291993185398437 -0.0168790441222471
0.0687431688891262 -0.0594490316394807 -0.0720468495662718 0.00823858726913681
0.0334403996292041 -0.0801947352308856 -0.0727964392237258 0.0474645790572246
-0.00317971520400046 -0.0808451326119154 -0.0423265947615282 0.0738078673653211
-0.0320477497569534 -0.0683998779488139 -0.0124361421206884 0.0675884120984173
-0.0523488466641878 -0.0475905739818883 0.00551010577934376 0.0497500233073036
-0.0526574283479269 -0.0410295798693326 0.0193454319697554 0.0293160239528608
-0.059810045683184 -0.0324605250085836 0.0261323564925783 0.00144102533095092
-0.0636601909793301 -0.0535218630655743 0.032378835560573 -0.0192583735135169
-0.0442731220761494 -0.0759210386845962 0.0448730371804524 -0.0322620053145909
-0.0196087277639971 -0.0981588611562627 0.0665586254419689 -0.033231698120307
0.0296956608742076 -0.0977452221702369 0.0814404258943326 -0.0182150407165213
0.0847204209576674 -0.0714277603337128 0.0578398467240505 0.00462934984056508
0.114747299417286 -0.0512787525725335 0.0273422767000139 -0.0029053272279208
0.109769336070166 -0.015131455661113 -0.0160442165155087 0.0250774211745154
0.109488686194407 -0.0336811893483846 -0.0594502998777078 -0.0136345940202818
0.0804511718643651 -0.0747110701063534 -0.0824011981127092 0.00827031177227673
0.0338321205486244 -0.0992095873160937 -0.0708645425386394 0.0398915938869414
-0.00776790672985971 -0.0928687145949477 -0.0442472978150964 0.0507275298575653
-0.0378308934811683 -0.0764793611048086 -0.025913987540693 0.0417439078866288
-0.0558584673974194 -0.05368484831453 -0.0158993989496997 0.0280195384879929
-0.0531370286637164 -0.0460106831689615 -0.00491531065336532 0.012281922795773
-0.0583561018884746 -0.040674032262862 0.00146190372393315 -0.0136034566001829
-0.0581816005408473 -0.0635337426358521 0.00985830571968712 -0.0343519344947772
-0.0359046800305517 -0.0854850428783632 0.028989415107345 -0.047233516899056
-0.00672638503177101 -0.105505367083452 0.0585820859466234 -0.0409275461146809
0.0439400417026366 -0.0980581102706001 0.0739505579975182 -0.0157522406875248
0.0963697347022288 -0.0640293873149456 0.0402906845306527 0.0160145624812916
0.121680821744548 -0.0414488711498178 -0.0126329626616641 0.0058343408563458
0.0996689248628855 -0.0117703374458043 -0.0616735101216847 0.0270617948128449
0.10291986936579 -0.0323374987335407 -0.0873007525868513 -0.0035545452927276
0.0756440312769575 -0.0745935515572619 -0.0875081248395553 0.00982666112236216
0.0278016700395868 -0.0970153033077267 -0.0691198885887475 0.0288643036422033
-0.0107357383072162 -0.087570584770794 -0.0498889089911274 0.0259740030851704
-0.0366813690205808 -0.0705819221462272 -0.041611529715455 0.0166673145491435
-0.0505652854939346 -0.0505289537988438 -0.0381030395188953 0.00696039380783748
-0.0453901439414153 -0.0446541995250403 -0.0278984262816061 -0.00615463641044191
-0.0478560841168948 -0.0438092797675369 -0.0202523056942586 -0.0316841782588775
-0.0426743599745834 -0.0660625766146415 -0.00697257751047171 -0.052804221518337
-0.0186133925629433 -0.0833432811896765 0.0194769281086365 -0.0629326480195227
0.0120878822251054 -0.0960891563183859 0.0528731071109237 -0.0469849510373416
0.0575920519538665 -0.0796845454853111 0.064575719259593 -0.0118832969192124
0.0981738939857977 -0.0426077513996338 0.0211037964074156 0.0219380589536285
0.111535943541138 -0.0223545842575053 -0.0486425573455791 0.00725167464173037
0.071956769707965 -0.00394531125077146 -0.0997321356849086 0.0297620065888465
0.0786738317806168 -0.0218290120350018 -0.106462147306611 0.00967462254477564
0.0575347035557396 -0.0567950362587927 -0.0890873130533361 0.0115836258737585
0.0188145471239945 -0.0735509780583312 -0.0668378023217917 0.0181144819635399
-0.00855222347136678 -0.0643475397420828 -0.0564421948993812 0.00530631803793535
-0.0269160950629692 -0.0529989358659454 -0.0578754378472542 -0.00200820664729211
-0.0365710570331684 -0.0395855338253768 -0.0568102298754158 -0.0103183787007692
-0.0311596674692746 -0.036524082887396 -0.0458466754931868 -0.0237632079608236
-0.0315820964369852 -0.0390427315520875 -0.0362185569952362 -0.0514648937703913
-0.0227900772302699 -0.0571763914492153 -0.0154950593047951 -0.0725898686997179
-0.00157344958325128 -0.0677080834563956 0.0175945250403396 -0.0779171673002639
0.0267807666598859 -0.0721725215551063 0.0524700145272148 -0.0517009571116611
0.0598191254125559 -0.0514440026129036 0.0550045299100604 -0.0106796983258461
0.0846652120528458 -0.0166304146586149 0.0055346561200227 0.0193459607932391
0.0855812200245161 -0.00222349023982375 -0.0752714222045408 0.0014239830858839
0.0327522692215054 0.00785437546863408 -0.122360331751021 0.0311367841416414
0.042273870463145 -0.00273984855631918 -0.113679535994883 0.0212897127241103
0.0327379062523331 -0.0251878547230092 -0.0882916600230678 0.0135463328855327
0.0116090352598187 -0.0351364106988154 -0.0675311540006005 0.0125446714873868
-0.000109795307406528 -0.0309468471330845 -0.0635199907211772 -0.00459155740398063
-0.00953421574506066 -0.0287713307311648 -0.067898215915816 -0.0106993410840016
-0.0154564388026337 -0.0239724210178076 -0.0674655023239947 -0.0209172327470497
-0.0121006681585648 -0.0222402913102535 -0.0561955411552432 -0.0372546310035601
-0.0124578226315734 -0.0255901990446578 -0.043374211849958 -0.0679347601914312
-0.0059143553711151 -0.0355327763091305 -0.0155519215375602 -0.0892236213094877
0.00739519984963844 -0.0410407761036366 0.0233547945657491 -0.0911681806507129
0.0271168163062994 -0.0404356254264135 0.0557101566114893 -0.0556951946165822
0.0474526762917861 -0.0215147734647664 0.0488337944624525 -0.0122861428875158
0.0558399200024676 0.00358633799199354 -0.00329038248887818 0.0114320664341628
0.0468819417762567 0.012859687427267 -0.0891436979898882 -0.0091515481231924
-0.00212595838344551 -0.0184084176789866 0.0979608913658261 0.000835458617950693
-0.0185864254999155 -0.0102200941623593 0.0170607537978725 -0.0226785573687655
-0.020426578186728 0.00557979744147636 -0.0517632136418032 0.00755383647398176
-0.00946593474380899 0.0143215477806877 -0.0698912706158924 0.0541154835314364
-0.0051703112278522 0.0108331779294245 -0.0324880130574058 0.104755520445568
-0.00496369998007151 0.00863778629245597 0.0153975816774788 0.106168712525499
-0.00688317161203296 0.00925817742244985 0.0482186293426557 0.0798461854102218
-0.00943410702199626 0.00568480739037953 0.069815669695562 0.0480079578408793
-0.012354508953985 0.00854308337646807 0.0769339897084222 0.0201452838154033
-0.0169329153293758 0.00455317064484535 0.0783487046943561 0.005690918164049
-0.0147567962759497 -0.000531619827275317 0.0741191892509079 -0.000403701126743919
-0.0165365727964282 -0.00298154910147102 0.079392145706741 -0.0103525927342133
-0.0148588583465124 -0.0101758301307618 0.0900349953460372 -0.0180767087526354
-0.00298252080355627 -0.0202299749156018 0.100438820728126 -0.0180057615869546
0.00764313270165704 -0.0206847851980714 0.123002503611789 -0.0301587713916205
0.0399356154235516 -0.0215149141851709 0.0920387560472317 0.0126733911469127
0.0231321916534941 -0.0179500393278012 0.011484365767238 -0.0166079193645633
0.0100545889157352 -0.0168689768781157 -0.0538465062329718 0.0106154697050226
0.00632820491366184 -0.0178194235941193 -0.0709364359992945 0.0539280487955242
-0.00421890831443294 -0.023406000510356 -0.036822264032096 0.101708950132061
-0.0163114172362493 -0.0211599002308419 0.00889006809871384 0.102932809264214
-0.027014023232153 -0.0119723272353053 0.0404051135948592 0.0789328068254331
-0.0299076656000907 -0.012246241276574 0.0618208760514061 0.0477021345677699
-0.0356764103908914 -0.0065176558979355 0.0683664481606347 0.0180023424788955
-0.0408400947748419 -0.0187174394275456 0.0708911833328772 0.000201236839185166
-0.0299951542584644 -0.0327238233554551 0.0711019776004754 -0.00803564524452484
-0.0190862204056735 -0.0446463122822949 0.0780827660314201 -0.0169310775997522
0.00352428196650127 -0.0488271345702447 0.0881816656731232 -0.0202501952755404
0.0339717109143017 -0.0456072382652829 0.0887085738507374 -0.0164463388091327
0.054284722484845 -0.0388878754011205 0.100949632498251 -0.0260352300282253
0.0763863503098483 -0.0215945556842735 0.0680250701659844 0.0196550952556323
0.0642258213825957 -0.0245841372041912 -0.00476458796411683 -0.016612846011547
0.04202900158762 -0.03983169957902 -0.0620108021880203 0.0107636190666475
0.0217258500316418 -0.0514040982099341 -0.0724677932544063 0.0533071343315735
-0.00342182223292417 -0.0557073432375822 -0.0385546234118241 0.092402171547865
-0.0261032232081927 -0.0484729962878948 -7.88924577784968E-05 0.0900499736124547
-0.0438935966483298 -0.032417221635769 0.0267772362439789 0.0686566148799078
-0.04612704190597 -0.0280672449557446 0.0443178488588052 0.0412916269390728
-0.0533932924638402 -0.0196660750848841 0.050808161850264 0.0109050769144804
-0.0595224718552318 -0.0371726165311993 0.0543456648660858 -0.00931896017085934
-0.0435132663676845 -0.057757098337612 0.0608141118322615 -0.0205332922857626
-0.0239583913258681 -0.0780567707334248 0.0736317776558797 -0.0261455622641335
0.0157783462267613 -0.0812856913217193 0.0861593717918016 -0.0217741867504656
0.0634093354900621 -0.0667887042036567 0.0745966659735454 -0.00905695902538283
0.0913842920462505 -0.0527855748382837 0.0675901195723003 -0.0187092465269438
0.101946062361866 -0.022316081075381 0.0311318558850719 0.0222916557011031
0.0952844143205597 -0.0335062774540013 -0.0305102071544437 -0.0160812901624891
0.0663081461999878 -0.0636711196714987 -0.0736286897037301 0.0109948564453574
0.0294618727049053 -0.0829580330526859 -0.0722016963008128 0.0506605769544822
-0.00780381828043588 -0.0818825393613378 -0.038276247159704 0.0768339575528838
-0.0366125863617061 -0.0676963993267562 -0.00917121989193922 0.0691788201515929
-0.0560136683065245 -0.0455527847474584 0.00873790417964909 0.0505076742500082
-0.0563261384677009 -0.0389322595645497 0.0214853238485672 0.0280726925186468
-0.0623980763327032 -0.0298669409526141 0.0266377476801419 -0.000736783822816288
-0.0678403638768729 -0.0512293743177643 0.0320232755254787 -0.0219760021776216
-0.049222178632033 -0.0750145278634565 0.0445011938701587 -0.0355982262061548
-0.0252907717944778 -0.0988245863052687 0.0667497838579113 -0.0372002908003477
0.0255895499481121 -0.100707331359718 0.0814190032598891 -0.0232992699316716
0.0825082131015885 -0.0769448280478328 0.0591901524568622 0.00207968411196505
0.113833143546659 -0.0567056049171432 0.0282918951961657 -0.00443581110463308
0.110610801542034 -0.0215427681404759 -0.0153056965978075 0.0256479751612084
0.109805999768773 -0.0397147358403452 -0.0611434422787021 -0.0118333249217855
0.0772558995958629 -0.0794635708869643 -0.0828802280365037 0.0112473838079888
0.0288434603812021 -0.102092679581243 -0.0703636140063034 0.0429342197415266
-0.0133534869503772 -0.0942699033634618 -0.0424055310022089 0.0535192658851437
-0.042801001191316 -0.0757592691817387 -0.0240260983547874 0.0435417995638898
-0.0603250738487919 -0.0511394299807161 -0.0145115309127045 0.029493902798476
-0.0568801640259185 -0.0442071339747284 -0.00446895675820885 0.0122372561525202
-0.0611271584433663 -0.0383532650867865 0.000367531872219645 -0.0143263899437489
-0.0631874054926014 -0.0616358905272932 0.00923856003876586 -0.0356915943756893
-0.0414285829567198 -0.0846937364051342 0.0277215822555452 -0.0501457509625043
-0.0132574458417334 -0.107524676113876 0.0578731513570753 -0.0442568790624632
0.0399312982822721 -0.101748031172303 0.0738281440645596 -0.0202606939298678
0.0955813833270082 -0.070280706168081 0.0421093520126321 0.0141632286468765
0.121006618536729 -0.0478747761258203 -0.0122064363196915 0.00672367295731734
0.100084062329338 -0.0179310721753463 -0.0618447529274968 0.0304040717248113
0.103385003035952 -0.0378459803061941 -0.0892879800359913 0.000419685353027431
0.0723069454347193 -0.0794231780460063 -0.0892152934027833 0.0133500381016089
0.0229075982288798 -0.0990876716369725 -0.0686163630820815 0.0317831004214566
-0.0159998298784479 -0.0880485967998079 -0.0488157326225092 0.0282481406841246
-0.0411945592502055 -0.0702489618497146 -0.0420181823117744 0.0189732181772025
-0.0544885662297046 -0.0485618561945175 -0.0384508543746983 0.00874619299527621
-0.0487267599938193 -0.0433239309203846 -0.0291156971038343 -0.005159439693641
-0.0508137708733117 -0.0416066048881272 -0.0223035613437155 -0.0319788512330337
-0.0474577340993132 -0.0648523158825607 -0.00980768287149134 -0.053576002623319
-0.0235489077540928 -0.083214189916092 0.0165096188808438 -0.0658948639597628
0.00676698854502173 -0.0987319810737519 0.0516402129926378 -0.0499608478517912
0.0541320922679412 -0.0841141675831526 0.0642659855910016 -0.0159682854979085
0.0980200298887179 -0.0486525663440738 0.0227277765103339 0.0210051894843352
0.1116123318817 -0.0283660535906847 -0.0486415744615314 0.00982724915374157
0.0726849587473475 -0.00843934096146756 -0.100666658232521 0.0352321368821706
0.0783558120542639 -0.0261575103582804 -0.108197310301325 0.0145527009927197
0.0548167109946256 -0.0606536223479368 -0.0902078324194696 0.0155031043545214
0.0147759834892627 -0.0750581237795848 -0.066763908104052 0.0213093831133746
-0.0124257463521672 -0.0648831821244331 -0.0576012147352279 0.00818081467958983
-0.030713126649652 -0.0525142542340537 -0.0593793934190601 0.000818153921467104
-0.0394399627310402 -0.0380701630824695 -0.0582350893901009 -0.00770689875777517
-0.0335148158956996 -0.0356271433471673 -0.0484236400274337 -0.0216421336059379
-0.0342814650091471 -0.0377918742500474 -0.0396801484566522 -0.050501502541842
-0.026753585631058 -0.056690525933536 -0.0200308917128317 -0.0730286232141984
-0.00509851366412748 -0.068673719946345 0.0143541648591264 -0.0815148070195614
0.0225822554562122 -0.0745561297549906 0.0505340948662233 -0.0552452643185197
0.0579204052784796 -0.0550636715803138 0.0553432141879409 -0.0139805698557137
0.0851256959669324 -0.0213409442675231 0.00660046346526991 0.0190357227959703
0.0863564882880177 -0.00612265255732524 -0.0766526955936997 0.00609159172739406
0.0329889863434981 0.00594745546286317 -0.123831911605614 0.0373907651426654
0.0430287026288369 -0.00493014666763323 -0.114549655799665 0.0270752005683706
0.031347723545244 -0.0272247286808532 -0.0892904697993377 0.0169031895303161
0.00974182302570312 -0.0361338687551277 -0.0680951741066364 0.015483591620781
-0.00197110228463211 -0.0312975066271507 -0.0649739913647653 -0.00150397094470787
-0.0113164039115161 -0.0283420341612281 -0.0700368249577966 -0.00731625687092847
-0.0171755063042755 -0.023525311505403 -0.0706965865028475 -0.0172380580465624
-0.0137647649362521 -0.0221487812192917 -0.059639605534543 -0.0352895536013207
-0.0139032526471716 -0.0250328888648615 -0.0478208580757921 -0.0670101958874101
-0.00784210807334985 -0.0365527834530463 -0.0207424109153085 -0.0900224359337642
0.00525746390415176 -0.0415503967857477 0.0195972174962737 -0.0945167566577717
0.025141478202247 -0.0423767047936605 0.053678753711532 -0.0590309647363389
0.0468783216007357 -0.0242381630392165 0.0489916554519898 -0.0150957921904333
0.0569567075481934 0.000794869908104082 -0.00251917726178587 0.0114262515534822
0.0476457404231666 0.0108352306015184 -0.0909876085704737 -0.00375722750912015
-0.00287948267170801 -0.0177812045192775 0.0967827432607256 -0.0053930650144431
-0.0187781665495467 -0.00896659743959233 0.015295877001125 -0.0234722242263792
-0.0198904841632376 0.00725477607795923 -0.0513559262433993 0.00997003140333134
-0.00798616846718306 0.0147735673341429 -0.066760442563392 0.0573626986224558
-0.00469330497443404 0.01103252257609 -0.0259111063266275 0.104991476683583
-0.0046782144066735 0.00869386554445072 0.0218897336124335 0.103909581233231
-0.00627596389555047 0.00972491362446109 0.0525044647473327 0.0756850536876716
-0.00890586082525154 0.006108036008534 0.0723536439342043 0.0427347721930015
-0.0120375125219353 0.0092493378723939 0.0773322619440936 0.0147386566597542
-0.0165857256958915 0.00566167966943156 0.0782762299121747 0.000841732105871015
-0.0146422526443313 -1.07812052871983E-05 0.073422956728017 -0.00451919303568405
-0.0158828241454571 -0.00178116334455549 0.0773296380042338 -0.0146956824360388
-0.014700635307456 -0.00885017740593839 0.0870277722653967 -0.0225015981249114
-0.00420399930514402 -0.0200962573022802 0.0981178984136454 -0.022292309551099
0.00649658215878785 -0.020693954616126 0.120714696451439 -0.0377782082412481
0.038231782127563 -0.0232769995378136 0.0909020049152506 0.00668187398173377
0.021698124045697 -0.0195995872062734 0.0105352131209422 -0.0180415354701357
0.00853119714624995 -0.0172992236409401 -0.0529521225843096 0.0130987925997666
0.00533281529933416 -0.018029882434541 -0.0674351507933197 0.0569853814010586
-0.00581854384061346 -0.0223257835328377 -0.0301389764073951 0.101747008343887
-0.0177977842565669 -0.0197038037109992 0.0146810427849552 0.100743568614643
-0.0275483869750662 -0.0103931129123433 0.0453357319210155 0.0751595594102656
-0.0306427361304042 -0.0102796036175143 0.0634382269217538 0.0426243043050483
-0.0360132751570679 -0.00423478720419157 0.0684523882999954 0.0125488729988606
-0.0419537054605028 -0.0157759749103005 0.0703093676889352 -0.0042517270802041
-0.0318498477033517 -0.0308256095345721 0.0704417821126418 -0.0121876931577308
-0.0215925269696803 -0.042635578779944 0.0758107985983112 -0.020529351511105
0.00062373037856772 -0.0480664994020634 0.0852166959661966 -0.0249073695920586
0.0311660387070752 -0.0473404348090857 0.0864037169741318 -0.0204527420841485
0.0516880367348663 -0.0413789177749047 0.0987129252513304 -0.0317147905313236
0.0742871513695351 -0.0259486240082971 0.0681613349471347 0.0148501387581367
0.0617843181765754 -0.0280893289953775 -0.00544649611923057 -0.0165389217098286
0.0385428494597365 -0.0414393341912936 -0.0610382652434724 0.0135949201817072
0.0187353726178905 -0.0514735735623525 -0.0686985880242076 0.0564621870820276
-0.00718375128495191 -0.0540803123247535 -0.0322373027071778 0.0925212648118954
-0.0296448324049078 -0.0463547549114531 0.00563534726881653 0.0884494787001907
-0.0454018999694757 -0.0293363204394062 0.0300847525238502 0.0657831663683526
-0.0477976244510168 -0.0253059188155679 0.0458045113957217 0.0372505204877926
-0.0540311010706524 -0.0161719250177629 0.0509468349152952 0.00710206370708034
-0.061261579107248 -0.0328624893617951 0.0541223994051528 -0.0124969217261621
-0.0462555385734828 -0.0547124251551862 0.0594016687757937 -0.0242810119621695
-0.02825260699987 -0.0754437848955845 0.071913237329471 -0.0295554454624189
0.0111922412054124 -0.0806363239345474 0.0826474115288336 -0.0263878463616728
0.0589276883777976 -0.0700309139721986 0.0723243773664502 -0.0132776873488166
0.0871479367425659 -0.0567247396194587 0.0664128919166543 -0.0222205863226904
0.0987472406378258 -0.0280337945101348 0.0315573685803496 0.0195774056671345
0.0924011920131886 -0.0381977250822897 -0.0310032600864563 -0.015178917138999
0.0608474180070269 -0.066522075546651 -0.0720986632366386 0.0147769031380239
0.0239789072766355 -0.0831193379235382 -0.0680636464838467 0.0539121337609149
-0.0128737371363477 -0.0796062355246831 -0.0330200325515446 0.0773447759825523
-0.0408320292005877 -0.0646185289759319 -0.00509916096293432 0.0687830337149418
-0.0582526959616068 -0.0415105180832877 0.0115281468670377 0.0494681689654092
-0.0578816158463287 -0.0349853449527158 0.0222154967766925 0.0262876279108073
-0.0635663653620615 -0.025970014953585 0.0260559795387411 -0.00286141456904553
-0.0705847616905815 -0.0458028745256934 0.0308806906032172 -0.024005497483899
-0.0533797960819715 -0.0712555669936827 0.0426321197756176 -0.0387034309692336
-0.0310274528693206 -0.0966498685079853 0.0636344606032496 -0.0397092792692488
0.0194337839249613 -0.100909671047538 0.077766959952253 -0.0277027228384559
0.0776751566235274 -0.0807945456349796 0.0582649527386216 -0.00163066183915955
0.108391030904834 -0.0624541757253792 0.028674482727425 -0.00580578551259381
0.107364389188014 -0.0278646718544565 -0.01367832584766 0.0256038639971534
0.106025013112502 -0.045818576088004 -0.0609498042785132 -0.00857533026160849
0.0707250009383829 -0.0827122540489828 -0.0819076460029847 0.0155070667021019
0.0221639928613172 -0.101963917735064 -0.0674298775703385 0.0456597549958789
-0.0193214380589314 -0.0915196127596439 -0.0381779415523665 0.0546432263385267
-0.0474904327694334 -0.0720948324564238 -0.0215570013263175 0.0443367849711256
-0.0624017129695111 -0.046816924860693 -0.0125389289915261 0.0302542600220963
-0.0591862434339089 -0.0406721815907015 -0.00370390177230903 0.0123207702610847
-0.0625979489178693 -0.0341273766908136 -0.000235511987785955 -0.0150513543242372
-0.0666770979735183 -0.0564224793631645 0.0067224492296037 -0.0363928743712836
-0.0459672959996526 -0.0812002499860274 0.0249916656961646 -0.0520590297718316
-0.0198803952704046 -0.105017682233536 0.0548379067076824 -0.0466078417988822
0.0336205781939468 -0.102432413694324 0.0708244811193385 -0.0245869977592641
0.090524589301656 -0.0747189413369379 0.0421710914473061 0.0114628923879179
0.116040389461147 -0.0535881139974655 -0.0106276233885816 0.00766756092864405
0.0975996862186544 -0.0231715901258822 -0.0595114000779451 0.0333914714722406
0.0997323145636909 -0.043674230848231 -0.0875741204920156 0.00467083418592769
0.0660293225698044 -0.0818962576771283 -0.0872836886273353 0.0175903782047883
0.0164488690022555 -0.0989620704728342 -0.0660377283098999 0.0344327941632151
-0.0210636315741189 -0.0856956867237994 -0.046402554629465 0.0300677246473954
-0.0455576562926881 -0.0663406448408318 -0.041249765726715 0.0207430439592803
-0.0573864051419114 -0.0443000498524423 -0.0373235561004508 0.0110927481625578
-0.0510404175873248 -0.0401987371097446 -0.0288181835983728 -0.00329874475845934
-0.0523006533171387 -0.0379099175808723 -0.0242352368224395 -0.0303555393463153
-0.0514114981709159 -0.0605314705014181 -0.012736646985269 -0.0523509785247432
-0.0284022415639083 -0.080824958656818 0.0129705175606629 -0.0665056974648014
0.000386939705179071 -0.0973665631893769 0.0481296652514262 -0.0519125832514255
0.047905286776884 -0.0861302822633463 0.0626622019439785 -0.020282369281433
0.0939164309132212 -0.0534059279955905 0.0242022229578085 0.0191339706105117
0.108197505948991 -0.0336491770029828 -0.0465744577635999 0.0137572830871788
0.0704771102912887 -0.0130226213355135 -0.0974770757035144 0.0406922505664761
0.0758557396341565 -0.03047535980104 -0.105839128322242 0.0202778952662369
0.0503746413938836 -0.0619921760143069 -0.0882811190856975 0.0197098476682099
0.00990504967584176 -0.074887709905109 -0.0650175301692247 0.0240982778951378
-0.016656061174424 -0.0630138018687133 -0.0563105875062648 0.0108690882521824
-0.0338790597839453 -0.0498032174021036 -0.059107765022678 0.0038731492307579
-0.0416594284152253 -0.0350043589009185 -0.058337263760002 -0.00355042359155182
-0.0356724945534217 -0.0334437617807071 -0.0487367064779724 -0.0183652549057727
-0.0354500758801174 -0.0350427712762542 -0.0421357005484434 -0.0476219410884485
-0.0301567158670644 -0.0540835491068881 -0.0238575029873391 -0.0706393455274635
-0.00980659072664312 -0.0667665881355241 0.00987818652847909 -0.0817356337195177
0.0176144639451052 -0.0748204178492207 0.0471908551366809 -0.0571139158810582
0.0540362357287924 -0.057581647092001 0.0538402215671039 -0.0172421580224598
0.0827253709291578 -0.0256405589033739 0.00793067746642774 0.0179320479520006
0.0838195458699212 -0.0108497080040705 -0.0744884778503255 0.0111014908946836
0.0325539043349979 0.00371100338581744 -0.120037742344561 0.0447844546363183
0.0414940842084675 -0.00702703532924845 -0.111678437580012 0.0327809400788692
0.029246625493808 -0.0279532218789934 -0.0872309949705998 0.02119800285111
0.00760047258843847 -0.0360059704587889 -0.0662560392803627 0.0188189641902885
-0.00384015991800638 -0.031217683303408 -0.0647080772604427 0.00189300099447
-0.0133015333542108 -0.0269311428649237 -0.0704896544058097 -0.0029204106246212
-0.0182352989303486 -0.022034230165287 -0.0709928347217703 -0.0122432136155514
-0.0150195566260438 -0.0211579390393815 -0.0607583796738866 -0.0302809536469482
-0.0146155698104474 -0.0240587579689992 -0.0513678348495776 -0.0625138932233015
-0.010041245882289 -0.0348698745093498 -0.025588213143572 -0.0874819140657835
0.00267521101717311 -0.0409258577370999 0.013525845020305 -0.0946521053296224
0.0224788186963417 -0.0431492280275872 0.0500124534531364 -0.0609774280865887
0.0446457574495253 -0.0267553807176874 0.0478066621985471 -0.0178469390752352
0.0562200806193739 -0.00150138532471748 -0.00153438158128794 0.0109681682760745
0.0473548355607052 0.00844156851986413 -0.0893663907739017 0.0022072305474023
-0.00312132493064101 -0.0168270476940677 0.0926008835664197 -0.00958552928104576
-0.0182200320182004 -0.00781498184539099 0.013880393008761 -0.0237282631025641
-0.0190311062104256 0.00750875036377803 -0.0488738171020283 0.0115330611660963
-0.007308444893518 0.0140997990599364 -0.0624487575565363 0.0577795651838699
-0.00408086766582197 0.0110587555442472 -0.0207445055278319 0.101414012223125
-0.00445909665389265 0.00873322344941734 0.0252004792923997 0.0989858643543813
-0.0054277554541766 0.00934187224434511 0.0539027719213818 0.071282797557536
-0.00848202467922632 0.00697131429711513 0.0716841468711632 0.0377710806044089
-0.0115075958604038 0.00915454601511934 0.075410631508991 0.0107527861237136
-0.0160782337507685 0.00618483640929042 0.075968716230099 -0.00248707617292537
-0.0137776770017728 0.000213595667424927 0.0710033193796563 -0.00727269615995982
-0.0151802375498426 -0.000564172115082825 0.0737616188923239 -0.0163329435453533
-0.0141425175691909 -0.00807774172769177 0.0821638449605431 -0.0243576132103714
-0.00487605728119459 -0.0195326330188993 0.0939837446651161 -0.0245465831412081
0.00597256133799789 -0.0193608835451421 0.115369437762638 -0.0410232770038131
0.0356359322067359 -0.0241435313039727 0.0875546043525106 0.00202782842181107
0.0203508868157054 -0.019239546432956 0.00954444914900425 -0.0177537332283525
0.00702320258263071 -0.0170296336153851 -0.0506772863459245 0.013979944779771
0.00447413202773212 -0.0177650198857483 -0.0633170988082948 0.057171217011484
-0.00667182606205183 -0.020610441404552 -0.0247553668684785 0.0986603516486664
-0.0184718561253695 -0.0180549355242984 0.0183373514483078 0.0961983349789687
-0.0267162674590036 -0.00914538554087968 0.0467546058756008 0.0705783719637428
-0.0303361866289374 -0.00856912551695778 0.0630622583632694 0.0386611916511857
-0.0348906708405979 -0.00251923956007476 0.0666499706246407 0.00863357549747946
-0.0414611544590183 -0.0134061677316448 0.0685734174728592 -0.00706923113566218
-0.0319243312969087 -0.0287638260496195 0.0676603385171576 -0.0145173696599855
-0.0220917353559453 -0.0405846995207798 0.0724719371731699 -0.0221272911881608
-0.000640814942180697 -0.0465829718219684 0.0804579188777436 -0.0267490691586898
0.0286837576837983 -0.0464957008129235 0.082056863460195 -0.0225407963651363
0.0483029655935589 -0.0413041434786812 0.0950784082515926 -0.0344775804870321
0.0704435468090792 -0.0280048022812368 0.065993362276277 0.011091018986387
0.0582880073337886 -0.0292514885998505 -0.00561618001002869 -0.0161356283433967
0.0346536856978209 -0.0410125695153492 -0.05843748548401 0.0147977976799389
0.0158698280328892 -0.0501315254022364 -0.0644781441031798 0.0562261853744972
-0.00943095550177767 -0.0512597983805394 -0.0272248477651482 0.0895606878546763
-0.0306109668294594 -0.0435213294814831 0.00877948670911437 0.0845705592255311
-0.04465666257366 -0.026191708955624 0.0324051528033555 0.0617976599953818
-0.0476197522343944 -0.0220641941325787 0.0456598745949679 0.0340542942671497
-0.052858549151519 -0.0138135702303205 0.0487189095503888 0.00409120404652339
-0.0606218361718323 -0.0291510152439495 0.0520104682938636 -0.0147203063997533
-0.0471807996021165 -0.0513352266449366 0.0570159155918963 -0.026177564693809
-0.0306247215579855 -0.0716856538260865 0.0685078351771311 -0.030606845801501
0.00784279361040973 -0.0781716961455124 0.0780178794884025 -0.0286129672586195
0.0541805159742058 -0.0699079032353336 0.0696252079411102 -0.014878087129226
0.0814254269829826 -0.057633488157828 0.0638508704167844 -0.0239444496881567
0.093898816760672 -0.0310945226105182 0.0310811898223263 0.0173659265192257
0.0872284024376002 -0.0407272990374845 -0.0299852238570707 -0.0141746681860948
0.0552044588644583 -0.0659257901397056 -0.0690516971493548 0.0162650308960127
0.0196808097988748 -0.0810195937438599 -0.0644398942922002 0.0539636016140896
-0.0157602595430397 -0.0757960184136137 -0.0288188188110312 0.0753632295474353
-0.0423488119413198 -0.0603518744158093 -0.00254567314850709 0.0659163654255568
-0.0581028171631898 -0.0376227332503402 0.0133287836702211 0.0466279470220572
-0.0580334126250452 -0.0313477221076446 0.0231417218178204 0.0244468034571701
-0.0623631167703827 -0.0224038575205861 0.0246492589557794 -0.00434190021078729
-0.070763248694506 -0.0409243707436307 0.0289416776083887 -0.0247105094129608
-0.0545093916837424 -0.0662482144949226 0.0395209539558358 -0.0392019664524848
-0.0339069069084006 -0.0918455215467878 0.0599864774324437 -0.0401229047751123
0.015082099890276 -0.0977182203193078 0.0732243181136561 -0.0292983229619155
0.0720458148890236 -0.0811591103061533 0.0561780769229039 -0.00362394217109241
0.101781781130561 -0.0633552417047394 0.0279667470128061 -0.00635740839064793
0.101477761599675 -0.0316057142249685 -0.0123585319308717 0.0245303212564128
0.100755579004065 -0.0479552965215958 -0.0585334352596299 -0.00660533761477906
0.0643312543840285 -0.0818463457537748 -0.0783921707496516 0.0172689555759032
0.0173880316414789 -0.0986505635976295 -0.0632617134127623 0.046062772660031
-0.0224969506873136 -0.0874250848762001 -0.0343424911062961 0.0535891728706976
-0.0490844411423785 -0.0673341669075179 -0.0193402141782601 0.0431340657263022
-0.0621437592268003 -0.0422823610563327 -0.0113119787883842 0.0290129333516589
-0.0590736282149562 -0.036627291677743 -0.00324125204654998 0.012037350768576
-0.0619053933727033 -0.0302555413831678 -0.00121815948642028 -0.0149038265170455
-0.0671235338692802 -0.0510362702001007 0.00572837123191445 -0.035744456932766
-0.0479214170756683 -0.0764590903029545 0.022150459988215 -0.0517988149609055
-0.0236952145043123 -0.0999220248389378 0.0511734187254202 -0.0463214353880637
0.028402245857741 -0.100184173751006 0.0669039520778607 -0.026583080136025
0.0843267853429873 -0.0756019549520269 0.0407559348171931 0.00926063725457307
0.109047411726477 -0.0557551800430571 -0.00927088957063452 0.00815120358294576
0.0923011558222096 -0.0268006694329218 -0.0564651323319153 0.0337968893930623
0.0944567482592347 -0.0455623591167228 -0.0840973437097291 0.00739377711385731
0.0600669191117924 -0.0813621903134502 -0.0835511339707046 0.0194842536577533
0.0117424767814636 -0.0958233982011021 -0.0623151459716488 0.0350332257144948
-0.0244821707832537 -0.0817202795888686 -0.0435730611857978 0.0308269132157563
-0.0470168631748945 -0.0617579442010369 -0.0395817016601634 0.0216773268488935
-0.056943032893277 -0.0401296387233388 -0.0357510728150344 0.0124330152893891
-0.0511240220856582 -0.0367068853824517 -0.0280919504840968 -0.00160146391379476
-0.0520823100100443 -0.0344387558410928 -0.0248231082337538 -0.0286439836365327
-0.0520431087863933 -0.0561667093625462 -0.0138754476168069 -0.0499651430050159
-0.0310670356308331 -0.0768537486666548 0.0103544888881358 -0.0652986682286685
-0.00402438003640507 -0.0944022011536061 0.044957448140927 -0.0516065711835405
0.0429626720566931 -0.0846750425969638 0.0589056651234788 -0.0220950141663154
0.0883578171361544 -0.0551758160578348 0.0239749443788359 0.0172474375658754
0.102507881274633 -0.0362243087681874 -0.0440254825093861 0.0155229315121304
0.0671355893866251 -0.0156943399201296 -0.0923232714315329 0.043202030553099
0.0717989731668694 -0.0324527784101234 -0.101008901577882 0.0234275855117258
0.0454339524332546 -0.0613524588622695 -0.0847511670563108 0.0221553566340532
0.00678818348279733 -0.0721107908972535 -0.0616210786420534 0.0251954676160835
-0.0187901843680777 -0.060113803144964 -0.053579869768111 0.0124884385364952
-0.0350876634602457 -0.0465519628487327 -0.0578827251078846 0.00553682074251159
-0.0412926280195953 -0.0319518532652795 -0.0569597659341691 -0.00117587521043827
-0.035701310639685 -0.0308815962101673 -0.0475882995986201 -0.0151979816551604
-0.0354821122404481 -0.0323030447520582 -0.042883232119813 -0.0444347875602859
-0.0317735132281111 -0.0503002034457773 -0.0255483262972332 -0.067116310397275
-0.0118707854908229 -0.0641478265563136 0.00621077204804229 -0.0795928507598589
0.0132985959620014 -0.0724352343913938 0.0439551242482711 -0.0568223094021745
0.0496287593420075 -0.0576716454266169 0.0509196463951793 -0.0187676004575399
0.0789975083484714 -0.0280290748451147 0.00830055760994913 0.01710179209624
0.0803935974465322 -0.0135492644400495 -0.071116299200064 0.0142972324073078
0.0311591984212715 0.00179164657470673 -0.114630886113753 0.047941883815088
0.0395922629067257 -0.00845895455226567 -0.10624436215931 0.0360536240983997
0.02635220631149 -0.0280275363091529 -0.0832406320624136 0.0233294934640377
0.00558390684527288 -0.0343901986766516 -0.0631538288953993 0.0201466119996147
-0.00552620514797351 -0.0297349776375368 -0.0624853902999976 0.00467264690289881
-0.0142426254441321 -0.02535424496896 -0.0690874796812927 -0.000188009532185761
-0.0185267004832338 -0.0201845435141876 -0.0698009944855228 -0.00871557283728154
-0.0151507195773389 -0.0201582929107795 -0.0600135431682501 -0.0262842007199832
-0.014963578976539 -0.0228482770174006 -0.0524716086141119 -0.0583601214504453
-0.0114405608641019 -0.0333388143033553 -0.028515632941845 -0.0832275086411894
0.00103902471520092 -0.039694020671641 0.0093100407510022 -0.0920813585563181
0.0195228574041204 -0.0419390906557732 0.0462976285752866 -0.0602665825733776
0.0415994832623607 -0.0271847266218788 0.0458272147385315 -0.0191137063291261
0.0537630348824211 -0.00365925988779684 -0.00126189535803958 0.0111665628358583
0.045490552597004 0.00645864658034362 -0.0856942914286902 0.00617796606185918
-0.00258804296175641 -0.016862371255604 0.0884229054600459 -0.00495382197617297
-0.0174278746648846 -0.00809487584009596 0.014290204852689 -0.0213843824033108
-0.018577011831494 0.00653598691951318 -0.0476237976676516 0.00889396600437471
-0.00654162984089713 0.0135375103692058 -0.06290009890124 0.0534050660553652
-0.0029609752172925 0.0102288042390597 -0.0233304454639826 0.0955284603098151
-0.00395251111583464 0.00803914690491218 0.0215193299663981 0.0949807995206251
-0.00519639451861091 0.00964100311039215 0.0499664484621138 0.0701160674794983
-0.00845969570925958 0.00600254678051532 0.0681215615138393 0.0373546277897181
-0.0107811074029855 0.00890119102417966 0.0722368307492845 0.0116506357757818
-0.0155756797861135 0.00524480264327102 0.073152137446762 -0.000807229533733969
-0.0131522922866837 -0.00103886743062307 0.0682333777917073 -0.00473667136276912
-0.0130531615693345 -0.0024084460558243 0.0708579094385492 -0.0132237215332872
-0.0119019254654554 -0.00860866753957528 0.0787849724211767 -0.01928584586808
-0.00236611289307645 -0.0191204165124418 0.0915340208570778 -0.0185684217256824
0.00720144059962804 -0.0193151870404329 0.113478008570583 -0.0332920491950947
0.0359335039379048 -0.0220941780934286 0.0835358369071289 0.004320841145123
0.020618907252475 -0.017641382605886 0.00945010948891392 -0.0176177702875349
0.00751585496530069 -0.0155677025565187 -0.0500886933487709 0.0104004175498615
0.00589405762951947 -0.0159527751734378 -0.0640124712635938 0.0514336673513571
-0.00406029243904783 -0.0201634779731371 -0.0281418657850393 0.0926433304837166
-0.0162530692835347 -0.0183116678451879 0.0135053864596347 0.0922499992156241
-0.0250194447832028 -0.00931222056774766 0.0427031800919481 0.0693980077185581
-0.0296717793419509 -0.00962957119184263 0.0597433044257593 0.0376387358859092
-0.0335063189674667 -0.00325759345001827 0.0642031531498773 0.00916536782908083
-0.03998497546244 -0.0143579215305005 0.0660934624532573 -0.00640804684979332
-0.0298158254018106 -0.0297140396939217 0.0663485381303797 -0.0136262493230462
-0.0188737439534012 -0.0402448659902323 0.0705826269455547 -0.0200377744351433
0.00216028289088887 -0.0452239638588774 0.078245388252328 -0.0219989775485527
0.0304418137425011 -0.0450686025266613 0.0813615265401252 -0.016713849381423
0.0478708696862985 -0.0392466590326116 0.0942626752131658 -0.0270638117058074
0.0700252858060078 -0.023755970268166 0.0623320180183803 0.00997069480749035
0.0582034331459696 -0.0247969724021386 -0.005514712128414 -0.0178284905355877
0.0357664718139242 -0.0367722280709248 -0.0584737750631973 0.00968968297018195
0.018209087309453 -0.0467878427422913 -0.065959611283723 0.0494628239930154
-0.00518693154299354 -0.0491891919015647 -0.031564986107051 0.0834951460075691
-0.027763118276262 -0.0427869967085324 0.00362197614247717 0.0804639595975601
-0.042204842021465 -0.026665307019398 0.0280522389375756 0.0606480423751075
-0.0461189693971789 -0.0238109285901869 0.0431386502801937 0.0330345690887377
-0.0504774538962444 -0.0150290099240996 0.0467662656872907 0.0038279108350946
-0.0588063698043564 -0.0303684877938345 0.0509805539138795 -0.0146184942317691
-0.0443511137174399 -0.0524496934609307 0.0565855667334786 -0.0261436367233963
-0.0261378892307719 -0.0705576251485193 0.067733802457429 -0.0299705528186025
0.0119099969066982 -0.0757769054403317 0.0769286924236428 -0.0247887718257188
0.0556675898655884 -0.0661296342865866 0.0698124062233115 -0.00972327865837344
0.080117239241644 -0.0540868879923434 0.0647321968369487 -0.0175811905761522
0.0935754978370186 -0.0249324106346211 0.0292489017070512 0.0131967047155597
0.086924535253481 -0.03386132541568 -0.0296992660962528 -0.017903073230096
0.0574363657267878 -0.0596805384638688 -0.0694548116026684 0.00952613282897878
0.023815430598854 -0.0757441980441605 -0.0667230773559702 0.0458725535467769
-0.0107145248495313 -0.072773172306771 -0.0333701630370825 0.0687862879819228
-0.0381613686461719 -0.0596851637216665 -0.00669879096413343 0.0626766789720005
-0.0544972810581898 -0.0380100546416105 0.00922711529469022 0.0452988146112539
-0.0559912302252052 -0.0331913592139052 0.0212327693102637 0.0230804231315806
-0.0596348573292058 -0.0238453171909385 0.0235466581964553 -0.0050732958471123
-0.0682740941466498 -0.0418939136813445 0.0288010345309806 -0.0252266147540135
-0.0513832235787654 -0.0675052178382826 0.040815731561344 -0.0396098020651115
-0.0294909848573458 -0.0902901047634499 0.0604904654807422 -0.0401436287364734
0.019107340554736 -0.0949717141078913 0.0735125935862978 -0.0262290291804946
0.0737431240595387 -0.0766144242246603 0.056633612415435 0.000912163435836735
0.0999152784769147 -0.0596061969359092 0.0301116609192526 -0.00221316734030538
0.101110719294556 -0.0243576262330907 -0.0131181281414539 0.0182788574178205
0.100534083548344 -0.0400059173575812 -0.0573012879316752 -0.0123382996301215
0.0671300185697398 -0.0745154585297636 -0.0789379255915779 0.00968154103213944
0.0222963767246369 -0.0925294221929741 -0.0659631711011254 0.0371700805576438
-0.0166396501496013 -0.0846387140873916 -0.0382810423693799 0.048213714293372
-0.0445572557648648 -0.0664926574443109 -0.022529356785734 0.0402681523434053
-0.0589660373897716 -0.0431199471979176 -0.0135036524721506 0.0280760411834123
-0.057165342641801 -0.0385321593634196 -0.0037250042506534 0.0108108728332906
-0.0592055192313137 -0.0319405777196996 -0.00113354126764443 -0.0155182383916941
-0.0645536845604328 -0.0516737091412439 0.00672160765680022 -0.0362464629332999
-0.0448872032060261 -0.0771971634847288 0.0248968545336485 -0.0521826486310936
-0.0199025841723062 -0.098007662604352 0.0533624126704629 -0.0467878975369958
0.032198563312733 -0.0967673210042907 0.0669564526993917 -0.0231069318837356
0.0848513911217788 -0.070490524268083 0.0410045399255347 0.0126253508512596
0.106505479645103 -0.0511251161678939 -0.00673083210308263 0.0104140991105018
0.0921632398826935 -0.020395949820872 -0.0557751819770914 0.0255283163703901
0.0944313080366146 -0.0379856866613829 -0.0827922182720025 0.000112122564689926
0.062919601862503 -0.0737657225101827 -0.0839648618652512 0.0115008694862383
0.0162347121382682 -0.0899028317516352 -0.0638949941064212 0.0272919047151172
-0.0189862039827401 -0.0788248364783172 -0.0460793366863672 0.026326970242128
-0.042748748931597 -0.0612616659414923 -0.0410673067839572 0.0195653292469315
-0.0538137696401199 -0.0410907238751823 -0.037168819391266 0.0109275707276872
-0.0493942364559258 -0.0383891769934644 -0.0275089892264835 -0.00289690991712379
-0.0495048552900313 -0.0358790866170368 -0.0232012084260367 -0.0289770211049755
-0.0501960858464117 -0.0558661923900425 -0.0115064019212375 -0.0502378769806474
-0.0285204041334516 -0.0767351501364523 0.0136392443566108 -0.0648454001061649
-0.000902599486995211 -0.0912515002465961 0.0484473428172894 -0.0513274907163907
0.0454744543016379 -0.0809633454344209 0.0591799715935732 -0.0187980795904926
0.0880361094440792 -0.0502242749639756 0.0239746277590781 0.0197091225921241
0.0991421251258527 -0.0326995257053514 -0.0406313716570993 0.0149569110382099
0.0667716482133391 -0.0107971577011323 -0.0913471633945583 0.0336071788208809
0.0719232319882856 -0.0263918605947721 -0.0989858489012147 0.0156351563554854
0.0474828858895607 -0.0555985437150608 -0.0841576511715633 0.0146196065921415
0.00996474947361184 -0.0676814477265384 -0.0621011329410534 0.0193041236598227
-0.0148405227458411 -0.0582494396141442 -0.0546237729130828 0.00879997571026463
-0.0319994258265018 -0.0456569677390419 -0.0577456537071976 0.00433785697423535
-0.0390599665324597 -0.0327835780083847 -0.0569491094493857 -0.00178564645247734
-0.0340570407462504 -0.0322989258115612 -0.0460243953430333 -0.0158260369879079
-0.0339111142307721 -0.0335435902569903 -0.0404689654713029 -0.0444042708647135
-0.0303670320203873 -0.050626532332017 -0.0226108503762093 -0.0663535762543803
-0.0102194350453056 -0.0634282555782903 0.00991376416882026 -0.0780023398381291
0.0149778668227872 -0.0704553092720298 0.0472499700337419 -0.0541895621860469
0.0510961867913723 -0.0545069331538733 0.0513224390612238 -0.015900930886213
0.0773324643452593 -0.0242967615072365 0.00853274782192821 0.0187238902810197
0.0774319631132999 -0.0111989028288415 -0.0669456909448015 0.0126425538165245
0.0307466142663715 0.00459563384404646 -0.112279686130127 0.0395606017791323
0.0392229164201259 -0.00581236932957741 -0.103908117735716 0.0283483262705516
0.0278721915568203 -0.0250351655504471 -0.0817383641407796 0.0164956044133966
0.00720092839853461 -0.0318594757731209 -0.0619091338391363 0.0149819557027622
-0.00367338423295993 -0.0280887085784684 -0.0610484894709901 0.00125435236382631
-0.0121995229600358 -0.0241505704035753 -0.0673747819730734 -0.00234261604571318
-0.0172646546653233 -0.0200285284233291 -0.0675729863641848 -0.00973703121410798
-0.0140093176813625 -0.020738782425432 -0.0566959625504845 -0.0266728620041995
-0.0139712699051656 -0.0231024972048352 -0.0491962044348378 -0.0578594972050205
-0.010496441651956 -0.0331028593651938 -0.0250522851848378 -0.0807857147672408
0.00195161210757569 -0.0390242633066573 0.0129320784351905 -0.0885921738234357
0.0200839595953393 -0.0406946042365037 0.0490255104411187 -0.056984150189268
0.0418379907462212 -0.0253270585851744 0.0463865885353457 -0.0153627872025659
0.0521160977638816 -0.00185157169773019 -0.00120620886646584 0.0117374035656501
0.0426375658145329 0.00716943236335801 -0.0814371020492649 0.00314778309453608
-0.00176935587023238 -0.0164957759852438 0.0870753699098214 -0.00434970997643889
-0.0170399053583626 -0.00808647754859805 0.0143822425899501 -0.0217368126690086
-0.0185370318181108 0.00625267767105424 -0.0466314195919151 0.00836584884440149
-0.00636098416754637 0.0128462753298396 -0.0630973263111997 0.0517984514008219
-0.0027108997072478 0.0101444833995328 -0.0239864273031446 0.0934903498285828
-0.00417999741577445 0.00787411658183245 0.0207619319695791 0.0936073399200788
-0.00496352681692626 0.00903741432292824 0.0493164395706181 0.0693248396142223
-0.00849058733311407 0.00632761976665283 0.0668417847868838 0.0367351019464351
-0.0109782013015279 0.00872682001462213 0.0709321771761609 0.0112789854695553
-0.015189180021121 0.00529754126112064 0.0724688778355485 -0.000619953820773512
-0.0130819782450483 -0.00108114255536655 0.0679632819754423 -0.00365961378331743
-0.0124988726175417 -0.00266398984185558 0.0695522148157579 -0.011949113699964
-0.0114169173147248 -0.00844558877541423 0.0775045324188075 -0.0173926172799068
-0.00182773831681532 -0.0190543399596951 0.090070382442941 -0.0166940953325833
0.00754156644420064 -0.0191653907300109 0.11285268401907 -0.0316527916974226
0.0357587628564028 -0.020889126204014 0.0819092421482806 0.00445097139667833
0.0209214011196227 -0.0168410205884354 0.00993430568585561 -0.0178120523113603
0.00724779631369254 -0.0148918127882102 -0.0490498615935328 0.00947614190111035
0.00583084515546227 -0.0159564090220881 -0.0643743993025732 0.0500011657413052
-0.00392207049827908 -0.0199112759085332 -0.0287327239016668 0.0897497931338868
-0.0162507258351783 -0.0181158247909148 0.0126729011055044 0.0906823558851818
-0.0248904542789864 -0.00911136644475675 0.0417933573405212 0.0677799295275115
-0.0292736776813451 -0.00944351050441685 0.0585646806196932 0.0370990539466051
-0.0328197815959307 -0.00404139381789527 0.0629258682516655 0.00904143226320251
-0.0396348723999514 -0.0140629053209948 0.0659654717657727 -0.00625180281435728
-0.0295943255530881 -0.029960901205332 0.0659497192227861 -0.0128060436725804
-0.0180339783055081 -0.0402459960820845 0.0700788334192129 -0.0185263807262147
0.00326442106698338 -0.0447550299304318 0.0763390423638605 -0.0205088404813024
0.0306747902715231 -0.04384772305007 0.080091974579544 -0.0151531084573228
0.0481085308916581 -0.0382936342043859 0.0937142475180803 -0.0258978728790781
0.068736215986082 -0.0224349385311944 0.0611890533319718 0.010105191423482
0.0577589971424316 -0.0240152762865713 -0.00524180977222566 -0.0180492543949598
0.0350640058267255 -0.0354819066713323 -0.057736313032701 0.00857787559757411
0.0185419488120047 -0.0462480222068587 -0.0658098295007341 0.0473616776654181
-0.00457743721749753 -0.0485193226169649 -0.0315964107515215 0.0807892072912682
-0.0269757079934216 -0.0421601402099023 0.00298741075433212 0.0792330724246839
-0.0414385303672553 -0.0267281878525139 0.02748867285299 0.0595482141604867
-0.0455907162413183 -0.0238796633364371 0.042414015986439 0.0327586835287719
-0.0498958926501126 -0.0149171558449033 0.0463515231763642 0.00342012828442198
-0.0579238913008035 -0.0298569662574238 0.0503397639840222 -0.0144855936088283
-0.0434858865700058 -0.0524072225365257 0.0561299333510765 -0.0250670480576794
-0.0254214288138635 -0.0700322081208086 0.0670369444313548 -0.0279724548656262
0.0128629538975871 -0.0749817871692337 0.0748293679951113 -0.0229156801049048
0.056257253636526 -0.0643777343858991 0.0683777648689705 -0.00868417201546678
0.0796921069971299 -0.0523180842814347 0.0647968745605284 -0.0168024013438408
0.0913758011320653 -0.023937139412263 0.0283677743860261 0.0128928127562086
0.0863064588870225 -0.0326863534869666 -0.0288913318960604 -0.0185214906785753
0.0563843508284966 -0.0574723144357257 -0.0681801816273736 0.00814087395167162
0.0234710913349316 -0.0738930439918305 -0.0665176559203078 0.0436152918191121
-0.00985633721100246 -0.0717433705847607 -0.0331841419219475 0.0672298357860184
-0.0377161522050927 -0.0587964599232487 -0.00740533028734884 0.0617441492582226
-0.0535799967424628 -0.0374837532270626 0.00906879172167334 0.0445468122045273
-0.0555645577783722 -0.0331838548137183 0.0205037016581295 0.0230020881377612
-0.0590139051036862 -0.0243914976952467 0.0231448792531051 -0.00499163115383291
-0.0673812809729503 -0.0418836444102995 0.0289628384078309 -0.0244552118278737
-0.0504274336441578 -0.0675960065308242 0.0410486562785228 -0.0392544746813314
-0.0285638768068066 -0.0887861760396122 0.0605259021327785 -0.038689879409203
0.0201214918515045 -0.0931469175597558 0.0716713154609163 -0.0248896730713057
0.0735061550740697 -0.0748980197193559 0.055117883303588 0.00158672139592033
0.0984612941827734 -0.0574278594766571 0.0303141383900514 -0.00200061252995908
0.0991072507372557 -0.0232015680747201 -0.013457270457248 0.0173063472270545
0.0993404059452324 -0.0385701705023237 -0.0562139686344178 -0.0128491136775178
0.0659547149555209 -0.071815756199466 -0.0777211862898281 0.00769088361414567
0.0224616741345623 -0.0911128094229178 -0.0653779097093445 0.0357937094695312
-0.0155840760850489 -0.0833137332752412 -0.0377720573160108 0.0465788257202784
-0.0436681634024599 -0.0654476320299104 -0.0235793554310171 0.0398799961246218
-0.0574973650772424 -0.0427254872296446 -0.0141445864254728 0.0273690833166102
-0.0564380244740002 -0.038232539377573 -0.00393086215580298 0.0109565178215265
-0.0581643405120897 -0.0322771998537534 -0.00115864928156639 -0.0151868998260143
-0.0634783960803605 -0.0510312220045348 0.0067767852501826 -0.0356909552255111
-0.043692643650086 -0.0765138823449538 0.0250906486915648 -0.0512360798395503
-0.0194305271513232 -0.0970791288120168 0.0538224131364543 -0.0446599026410618
0.0324231572897539 -0.0944554948326357 0.0658955378490559 -0.0224050356729563
0.0847540067706892 -0.0687558242131995 0.0399421720222583 0.012538695655936
0.105259317382209 -0.0491321133706317 -0.00576141112854683 0.0100437501824257
0.0898488451835507 -0.0192948258499533 -0.0552002633800371 0.0237581922373613
0.0937514666161176 -0.0370294392843457 -0.0809946236051761 -0.000892691257174765
0.0623004574039437 -0.0718081196256159 -0.0825861503365916 0.0101286277902297
0.0164285482467779 -0.0881469069466348 -0.0633872839500256 0.0258218744124452
-0.018266068745006 -0.0780651704332446 -0.0454437890483375 0.0246759664098245
-0.0422137112965237 -0.0599323110422669 -0.0412540412388465 0.019027760055179
-0.0529128618415202 -0.0408393088075767 -0.0372102173532624 0.0112807317590412
-0.0484131269034328 -0.0382034743004473 -0.0266249204354454 -0.00247320570570484
-0.0489285446571751 -0.0363231762479642 -0.0231758687800775 -0.0291714940065436
-0.0495681646251807 -0.0554344107649486 -0.011010234360794 -0.0497812918307699
-0.027970554558413 -0.0762034138285217 0.0144093261178898 -0.0640583252384433
-0.00114575083142369 -0.0896036420773402 0.0488465146843581 -0.0494879565507411
0.0456959723961263 -0.0788238370547543 0.0580150344666792 -0.0181477398307763
0.0873977732213783 -0.0488643254948822 0.0230732045344799 0.0194149832808582
0.0971861763246619 -0.0312976476094807 -0.0397080982467568 0.0154575146344025
0.0653194598326289 -0.00991551262761088 -0.0902816982377842 0.0321088699875779
0.070936054705509 -0.0254003556752089 -0.0970943637526887 0.0142300301270295
0.047174611678106 -0.0539483746264099 -0.0829508446107866 0.0129534262041375
0.0105151806783682 -0.0662601166584554 -0.0614070974319109 0.0171800333481498
-0.0143201036203796 -0.0569881177506366 -0.0536631070810254 0.0078891346360092
-0.0313993508885782 -0.0445050029766218 -0.057314038939583 0.00379043611713551
-0.038788824580345 -0.0324574982676811 -0.056257708967017 -0.001493722160425
-0.0338981935989271 -0.032240415401924 -0.0451151694838033 -0.0155055842234106
-0.0324957035736484 -0.0329976630126571 -0.0399032689673247 -0.0437838287708341
-0.0297203510357233 -0.0491985760930647 -0.02137768491863 -0.0654933464235263
-0.0100010272733595 -0.0630653204967481 0.0105329096458973 -0.076664195936479
0.0150361477998115 -0.0688434381133237 0.0476363823467279 -0.052632971117565
0.0500176661806618 -0.0528435929106487 0.050631042109397 -0.0151392989402349
0.0762622367932348 -0.0229562189354443 0.00790077772469661 0.0180504551587311
0.0753304418446876 -0.00965501111955378 -0.0657939233267719 0.0121505699494273
0.0295367924863346 0.00463337301023437 -0.111144332912226 0.0377901944161273
0.0386709963577405 -0.00548521284922644 -0.10181477617228 0.0266828174774384
0.0274565138903011 -0.0238534460832669 -0.0804248895235274 0.0150989328058186
0.00720156463725288 -0.0306534796192949 -0.0608334350263156 0.0138418546907609
-0.00369891286723105 -0.027747838688563 -0.0601380324604097 0.00064458491275263
-0.0121605756213154 -0.0238619535036045 -0.0672563730170273 -0.00221648463775732
-0.0169302722767035 -0.0198947706342151 -0.066875727472575 -0.00889062670045601
-0.0141149278256127 -0.0205941660246439 -0.0561124249730782 -0.0262613219696855
-0.0132798118106845 -0.0231833336657956 -0.0481880200130823 -0.0571502535200194
-0.0101189923538078 -0.032452653551673 -0.0244586171144983 -0.0796029770640476
0.0021371291776886 -0.0382066445416695 0.0133831247429516 -0.0870301968627393
0.0198228090516168 -0.0397214442824371 0.0492080140622203 -0.055744309507137
0.0416853201511536 -0.0244210070700914 0.0451616316656273 -0.0147069988784854
0.0513055407798773 -0.00107013128497864 -0.00123514109776883 0.0114447589710192
0.041272021476853 0.00762924129190605 -0.0802583126950863 0.00357175331129838
-0.00174138753017754 -0.0165821301552628 0.0877173616780879 -0.00406055415343453
-0.0170846754875226 -0.00832089358667579 0.014582650434397 -0.0223613380792026
-0.0186527863147012 0.0067553880066636 -0.0480380997534781 0.00768191228826432
-0.00637235056644273 0.012698044156202 -0.0645226755225941 0.0519762293623886
-0.00267423274819336 0.00997221200422592 -0.0251707209636945 0.0939469844075917
-0.00390958485448681 0.00798108297164461 0.0207158262268538 0.0945129560495267
-0.00566334281457722 0.00908189310101449 0.0501470944767539 0.0703461597720778
-0.0082904112576154 0.00644675301032565 0.0669899746277847 0.0370292436940121
-0.0107284614520917 0.00899388176597849 0.0717218442875501 0.0116809275842353
-0.0157719212846192 0.00511014529393871 0.0741697353979218 -0.00025231850542529
-0.01340526471985 -0.00138063849252234 0.068790482887551 -0.00287926101776978
-0.0121818773921938 -0.00273763198380932 0.0702088004126857 -0.0109821211314249
-0.0111898526277317 -0.00894182496285765 0.0776508837292982 -0.0156867172655894
-0.00180090495861869 -0.0192984402775308 0.0914015258686821 -0.0149959867015662
0.00833785495923043 -0.0192304640504284 0.1141855127908 -0.0318238211428075
0.0362089427737218 -0.0206528352048208 0.0822337676871229 0.00451313993083122
0.0212145984743834 -0.0170692981768004 0.0100059600726954 -0.0179459046090345
0.00736960940260954 -0.0145420062928646 -0.0500649932916534 0.00892389774617904
0.00611974964606978 -0.0164795457723218 -0.0654541824289152 0.0500009732717829
-0.00362390784745372 -0.0202547195328424 -0.0296018102318173 0.0902686871415883
-0.0162228920504467 -0.0182865805126276 0.0122695332584441 0.0914643889366359
-0.0252344458532434 -0.00938563848840078 0.042136072191856 0.068703286593462
-0.0300188349154666 -0.00957905366478877 0.0594308939786409 0.0374862675560719
-0.0334840417331827 -0.00415283874994281 0.0634571238314099 0.00926021186264423
-0.0401897020854562 -0.0143267366525523 0.0674440457754627 -0.00616376257510295
-0.029646463158163 -0.031011421524845 0.0665342021134403 -0.0125371406537519
-0.0181145607109652 -0.0405954503634172 0.0710611099648817 -0.0179147822973814
0.00367129714922594 -0.0450075539381463 0.076759802858641 -0.0192411280572197
0.0315874138125862 -0.0448548973919784 0.0809114760972089 -0.0137384899735278
0.0493181449427992 -0.0379618653753442 0.095654472840789 -0.0257107958183143
0.0693428805818635 -0.0221853154832457 0.0614991097086807 0.0101620081857642
0.0587905520372455 -0.0238006211552916 -0.00482684359686238 -0.0187126074204464
0.0355871115901546 -0.0350011852500364 -0.0583797654576497 0.00741803744168243
0.0183461825871094 -0.0465343838528957 -0.0675968959937763 0.0469653499022647
-0.00438483335820609 -0.0489898451464779 -0.0324138724584555 0.0811854588397256
-0.0274086441270961 -0.0428444967677441 0.00267626845218826 0.0802203210376894
-0.0420831097302196 -0.0273864366799079 0.0273267226823636 0.0598447080059133
-0.0465073661272843 -0.0241912526734275 0.0426696882314165 0.0325065665975927
-0.0502743370217591 -0.0156765834855859 0.0462421801567506 0.00381329964342621
-0.0586713298600975 -0.0303599355642778 0.0515357908480423 -0.0143719451052454
-0.0441986352315965 -0.0541073664183491 0.0571029343529694 -0.0251988990290751
-0.025544617645816 -0.0707665191480391 0.0683424580036788 -0.0278276722455186
0.0137471119400087 -0.0757748158974033 0.0747115794198033 -0.0218372187869024
0.0576267740363532 -0.0652107097429058 0.0691032871833647 -0.00745693472631757
0.0809103009985249 -0.0520696860061148 0.0656282126169154 -0.0166385934303559
0.0919647188191511 -0.0233309960488841 0.027718008610726 0.012344277123684
0.0874779628279526 -0.0321888372221556 -0.0283748005859837 -0.0186780177226145
0.0567867754176137 -0.0569378357137036 -0.0689675664318246 0.00743161938249154
0.0245490095525986 -0.0746432277947247 -0.0673154064304968 0.0434337993730452
-0.00965242676418306 -0.0727794278008059 -0.0336506925786401 0.0668503076953009
-0.0379836712350795 -0.0592077719915603 -0.00816763628058525 0.0620143550571896
-0.0543242656366546 -0.0384157747828893 0.00803570933851852 0.0444799807633801
-0.0564384879404187 -0.033825044264162 0.0208924620582506 0.0229203374266578
-0.0593531991803309 -0.0248991441399584 0.0232103115362219 -0.00504982850776514
-0.0680166335626497 -0.0421122555446092 0.0296100447467467 -0.0250669335643382
-0.0509958805626384 -0.068989389584339 0.0413608110974331 -0.0398374001460176
-0.0286423827320869 -0.0903154499155508 0.0620787163351583 -0.0379525870564022
0.0210528025738881 -0.0941104863631607 0.0713731953271739 -0.0237236957572153
0.0753418473229557 -0.0754769624030401 0.0555195894364859 0.00249070561416978
0.100278598540757 -0.0566914739869003 0.0309704359301562 -0.00144072800170044
0.0994726606743215 -0.022132421515963 -0.0139609835344518 0.0164721746770699
0.101074507378873 -0.0379504087426094 -0.0561378741279016 -0.0138514332633
0.0668824400733135 -0.0713588240555415 -0.0783026569314647 0.0070504471095629
0.0231527821494901 -0.0918326555803314 -0.0665737551204117 0.0350391213247304
-0.0158205491831308 -0.0841678371724733 -0.0384720279175919 0.0461268642653072
-0.0442622677393465 -0.0660477394960353 -0.0239372009015235 0.0403163909947381
-0.0586749963370565 -0.0432884828330052 -0.0149693343250691 0.0279024722249362
-0.0572190120466251 -0.0388623610909724 -0.00372918981954244 0.0108505426182862
-0.0587307295127285 -0.033012694130096 -0.00107417972607557 -0.0160947821805522
-0.064158487470487 -0.0520659099723641 0.00741371142433785 -0.0365399335233689
-0.0444278072749964 -0.0777721450646488 0.0258309907760825 -0.0521684320352082
-0.0191710304860678 -0.0975140437437908 0.0554266246410359 -0.0449626900177545
0.0333560814421087 -0.0954322811207011 0.0657025088548274 -0.0213126688030921
0.0865318757131835 -0.0694369736250983 0.0401698704754607 0.0135988571296065
0.106336848713992 -0.0483695809538891 -0.005309231508702 0.010536195994065
0.0899670766320309 -0.0185440427514704 -0.0560669556952435 0.0231893872006214
0.0949156345091235 -0.0368976570664242 -0.0811990871419306 -0.00201281443052846
0.0626268903329951 -0.0713689011102294 -0.0835551523580894 0.0092132613566733
0.0172555533068861 -0.0890976301532118 -0.0641368888293117 0.0249506953618928
-0.0182057964901661 -0.0788621943970051 -0.0452938328962035 0.0239904363134254
-0.0425157656542563 -0.0603284834821927 -0.0421222558813484 0.0196003200203608
-0.0535700827451274 -0.0406365761107839 -0.0378247116598679 0.0113318975541449
-0.0495618446784315 -0.038959740185724 -0.0270250608372049 -0.0028279443386124
-0.0493223453360443 -0.0371181648373936 -0.0235165574925235 -0.0293955391473988
-0.0495609050588113 -0.056169209185463 -0.0108609499061235 -0.0506449987772427
-0.0277863201713774 -0.0770943788547236 0.0147444086978409 -0.0647026098332853
-0.00121980248875586 -0.0905626810071688 0.0503505224163186 -0.0489596711078127
0.0463504850637724 -0.079675459228618 0.058478698654504 -0.0172503215675973
0.0893372455245073 -0.0494562719535794 0.0231633384404487 0.0199316958044764
0.097948484169671 -0.0307573644962961 -0.0395077183911185 0.0158568867900566
0.0649944202736549 -0.0099903505159354 -0.0911287196137728 0.0313687951138307
0.0718003888394258 -0.0254422441699741 -0.0983079339641564 0.0133810668461185
0.0475562534853355 -0.0539513658374339 -0.0836676915543133 0.0120450713092138
0.0110354872459153 -0.0667086421689595 -0.0619864057493901 0.0166124093870356
-0.014562695975968 -0.0580236102779268 -0.0538537459183041 0.00734265867016292
-0.031471979930909 -0.0449627640181553 -0.0585020453616917 0.00421728482990392
-0.0389819519194117 -0.0325127357436816 -0.0566888691841488 -0.0016337368710831
-0.034428359075447 -0.0326255939465754 -0.0449961928825638 -0.0157514378569617
-0.032859388334434 -0.0338298238152827 -0.0397875623480764 -0.0442141312471657
-0.0297573756444776 -0.0499649147401657 -0.0213707618439787 -0.0659903785387458
-0.0097824134885308 -0.0639192576363564 0.0111934514654926 -0.0778731529661014
0.0151958096845376 -0.069209634335529 0.049090103470069 -0.0528254308592852
0.0511916885244013 -0.0531003782499673 0.0506666574083746 -0.0148700221745714
0.0773622073936133 -0.0230318999907235 0.00747203187800288 0.0189150826421096
0.0756160167990313 -0.00972344702427656 -0.066109834263666 0.0127216132080701
0.0292509535757134 0.0043416375154479 -0.112590805914521 0.0375028505686157
0.0391692794010547 -0.00530534590081127 -0.102687624281791 0.025907173664351
0.0276326763940099 -0.0236340982504454 -0.0811497225818598 0.0144594667853699
0.0071816319207213 -0.0310699371303951 -0.0617340285689056 0.012452216944364
-0.00374711318250356 -0.0279282631358156 -0.0608371530058351 0.000276418859501038
-0.012397184788392 -0.0233727136412728 -0.0680568299788893 -0.00249249862210901
-0.0171746111386171 -0.0203310942498971 -0.0683532960591134 -0.00873723883733663
-0.0143963922367732 -0.0213264313565514 -0.0562355220812123 -0.0263158572449294
-0.0130759710230995 -0.0240149534468737 -0.0485090663301647 -0.0570528296093467
-0.0100638220750437 -0.0330871894387543 -0.0242845843126951 -0.0804659344438093
0.00218404879433203 -0.0387686286649104 0.0139037451738385 -0.0880510765518118
0.0198903905117567 -0.0397500444007911 0.051172420057295 -0.0556470639157801
0.0417416636857324 -0.0240986131572595 0.0461908747263126 -0.014556029393662
0.0518282320149221 -0.000751966948204495 -0.00149139644677089 0.0115562423852054
0.0412922968081946 0.00785038541808409 -0.0807911980835154 0.00349502168756826
-0.00143848992469883 -0.0167669471292952 0.0894960626831517 -0.00542330252301333
-0.0169087991728697 -0.00847750530452589 0.0150172420718172 -0.0230716597302112
-0.0190584353739913 0.00693458933741865 -0.0495368598807256 0.00798296364470629
-0.00641659256667328 0.0127828738356493 -0.0664536568917325 0.0540722963745092
-0.00253189725740224 0.0101061393684592 -0.0254796986975502 0.0962133163908769
-0.00351284251957016 0.00802185057269822 0.0226311427426109 0.0961601437156328
-0.004853542911723 0.00926357874284666 0.052613271545743 0.0706315931999409
-0.00891185190196756 0.00671902554962791 0.0694402361155919 0.0368078168213384
-0.0106509454910064 0.00939070186133939 0.0742773611182508 0.0105219064858301
-0.0158023969392952 0.00577045646983535 0.0770176008103029 -0.00136848953166755
-0.013379601041636 -0.00197259014534419 0.0714181887577164 -0.00336651547174494
-0.0123752092227274 -0.00287047442411824 0.072140833908733 -0.0115809038975157
-0.0113769994387825 -0.00880014420266232 0.0789947140635784 -0.0161447260018817
-0.0022273097647301 -0.0201931384227169 0.0937287773777716 -0.0157356485200327
0.00898995821270614 -0.0198590356133022 0.117296060048558 -0.0346711734878709
0.0370706322500766 -0.0213591465702023 0.0840237516429985 0.00311414531290699
0.0221721577403405 -0.0180856419783183 0.0101961944135543 -0.0193550031021288
0.0073018013679833 -0.014654586873493 -0.0518123281965161 0.00961371230990912
0.00596173931566871 -0.0170240740843645 -0.0677576804837184 0.0516700438281237
-0.00381138245368282 -0.0209859844093552 -0.0297531975143099 0.0923606905588407
-0.0169375241442063 -0.0185500037802041 0.0140828185254676 0.0939697721714591
-0.0266103831971354 -0.00951156185799293 0.0443236674564799 0.0698108722603481
-0.0310141767319024 -0.00940246610065936 0.0612012960807037 0.0372119787791526
-0.0343547990841132 -0.00375707962932435 0.0656461542327437 0.00774371670995177
-0.0416278971859283 -0.0143346269002835 0.0694841913881151 -0.0073242139544157
-0.0309724886757694 -0.0317518687340213 0.0691077658355087 -0.0136369526367688
-0.0190057205662598 -0.0419549625123643 0.0728430530219977 -0.018347581533664
0.00367506756035251 -0.0467129870468609 0.0776800728356 -0.0199291679624725
0.0322729852082538 -0.0464212407620926 0.0830927829190773 -0.0148843032829707
0.050831534414644 -0.039447271034651 0.0978533797216823 -0.0280951935985811
0.0709231928745071 -0.0229151237415508 0.0630285299740372 0.00896002192369496
0.0608498302567862 -0.0252344795517591 -0.00502312692954645 -0.0196726381204116
0.035665898109886 -0.0357336367915223 -0.0600999691351974 0.00816727502008224
0.0183392134195062 -0.0481127834008475 -0.0694621770886483 0.0487719348737854
-0.00521616676066602 -0.0505004900728144 -0.0326597214413986 0.0831382364887604
-0.0287618311034095 -0.0430139503092147 0.00377454768588986 0.0821970282268487
-0.0435956932219998 -0.0266534530334962 0.0286346553893694 0.0610202459889294
-0.04857453665558 -0.0240938019331962 0.0437982536629896 0.0325506208957126
-0.0521142717364603 -0.0155239572850027 0.0476601920797505 0.00239153574919135
-0.0611016049702359 -0.0298078628805744 0.053186700449209 -0.0161792343782866
-0.0463755135088642 -0.0548943907796075 0.0589695752523248 -0.0266000467088391
-0.0273042826373063 -0.0729169390771325 0.0703738160752283 -0.0285356413850491
0.0131597839471682 -0.0778978579671102 0.0760619513865405 -0.0227872789739743
0.0587174840375932 -0.0677620836197005 0.0707643365804688 -0.00848347314798973
0.0828652048736707 -0.0542083595054772 0.0678063632327456 -0.0180422536805198
0.0932951294491578 -0.024613009063747 0.0286561990165996 0.0117878152793693
0.090117425196769 -0.0342843601824533 -0.0287710917102391 -0.0197572219089815
0.0576450355669378 -0.0581500199659843 -0.07062041922546 0.00762280385453437
0.0238405046191127 -0.0773934914850237 -0.0695679424419468 0.0445884754999774
-0.0111359691919749 -0.0746599771864881 -0.0336695561439388 0.0681789634519282
-0.040304268241162 -0.0603862857259973 -0.00724244671114063 0.0639323584276271
-0.0561806277007046 -0.0381922085018804 0.0093195594458709 0.0461343875318407
-0.0592160109079942 -0.0334599026018063 0.0217351658081719 0.0234016592358853
-0.0615086562945134 -0.0252100533675772 0.0235983328253295 -0.00609316996485722
-0.0703565524940461 -0.0421818375942651 0.0304444656005576 -0.0267359977047565
-0.0537262155895591 -0.0708454555935718 0.0425759250989029 -0.0417062335612583
-0.0313249208478552 -0.0923494065103619 0.0642558063818029 -0.0394842986657554
0.0201889502189368 -0.0969478596204336 0.07261164508993 -0.0246357497434578
0.0764306337637014 -0.0791915053267724 0.0567106151416121 0.00223705229859477
0.102273685263376 -0.0591669394764196 0.032161716113608 -0.00198038075023182
0.101206048734855 -0.0237386797726146 -0.0142905111090997 0.0167853359636073
0.103348926235825 -0.0405362590225927 -0.0572867903367054 -0.0144130623724152
0.0677283087402007 -0.0730740939523598 -0.0801127240169213 0.00767739662623176
0.0222363838742655 -0.0946125844389549 -0.0686232412362084 0.0355457977125736
-0.0170811957096175 -0.0859900131464234 -0.0386324155632059 0.0474750129974559
-0.0467285268368598 -0.0666348866899417 -0.0241319236828749 0.0416784781207413
-0.0611184481202924 -0.0429658151285101 -0.0151260273797844 0.0294298979573658
-0.0599317692976887 -0.0393310779255076 -0.00384549369737022 0.0109399823793101
-0.0605365856645132 -0.0335378653882596 -0.00220200214563845 -0.0169160172604324
-0.0672699164428959 -0.0518996811975897 0.00741465989899331 -0.0381169948847616
-0.0470234130239213 -0.0799050538567206 0.0260113025842609 -0.0540157457987119
-0.0211695410272675 -0.0996019985083662 0.0574245004782232 -0.0467087585867777
0.0330123746501398 -0.0988386604844369 0.0665366977822235 -0.0225380473204305
0.0882847658999946 -0.0725606661084327 0.0411264847429263 0.0135618414700276
0.108700479298942 -0.050799475172956 -0.00536046734300537 0.0110563867992978
0.0912037541468584 -0.0200826877914547 -0.0576524706561564 0.0238030998477125
0.0973755586256489 -0.0391361090610387 -0.0827635581416109 -0.00197076374078434
0.063360067593718 -0.0734138466279382 -0.0852047712883714 0.00976126258467244
0.0163925238869575 -0.0918378167094741 -0.0660859515372349 0.0255729830653361
-0.0203544649415205 -0.0803711186958564 -0.0460984125430662 0.0246534855331442
-0.0451751855705989 -0.0608733866561377 -0.0432820944221716 0.0204278536221337
-0.0558882147165223 -0.0408103071281006 -0.039440823011219 0.0136874332154585
-0.052233499436908 -0.0390445892597905 -0.0273322906096703 -0.00210629109658827
-0.0511465914021008 -0.0376814618439117 -0.0247833084416717 -0.0301178696977774
-0.0518185623157653 -0.0563885801589869 -0.0111481496887691 -0.0521763555202761
-0.0308362484944119 -0.0793363542809478 0.0146573694134662 -0.0673935953569778
-0.00275604243731444 -0.0927774124738421 0.0521691850295066 -0.0513217400024426
0.0463131495486671 -0.0824502334033671 0.0592796897341391 -0.0182756971263967
0.0912571452450713 -0.0517935708805568 0.0234993671091935 0.0202768281947193
0.100229492889562 -0.0321646756792963 -0.0395728213989116 0.0170904489961064
0.0658038680291188 -0.010550360604291 -0.0937429380708066 0.0331031092501009
0.0737772951632498 -0.0275411710541674 -0.0999909516917542 0.0140429608048664
0.0479584149170199 -0.0557599713094448 -0.0854783738385976 0.0129998424921984
0.00995676515267926 -0.0685737025690069 -0.0634181711624966 0.0169911876350636
-0.0163588629976671 -0.0593564477024219 -0.0550283427404938 0.00757794944661024
-0.0331197402684181 -0.0452231967228624 -0.0603235980284828 0.00535506000650015
-0.0407329174219819 -0.0323915843765273 -0.0589975031487197 0.000635782682305297
-0.0359419362262019 -0.0327866073167579 -0.0467568968106781 -0.0157177581348003
-0.0345120947922381 -0.034680017398831 -0.0418625144123295 -0.0449871530711944
-0.0316361730145851 -0.0507684840397605 -0.0226797915701834 -0.0679916664944272
-0.011479292252736 -0.0653757715106961 0.010750720637014 -0.0802534803617284
0.0139840144299119 -0.0704255978491079 0.0505704761432124 -0.0549824964943352
0.0512843753452337 -0.0549688420305784 0.0520531200193886 -0.0154715665159783
0.0792995021913349 -0.0245113610997927 0.00800926763093576 0.0191914809041918
0.0772973423965073 -0.0103784495685195 -0.0672621184634775 0.0146963478032385
0.0295529555140692 0.00425657302003547 -0.115422630149036 0.0397427659843219
0.0397458303648873 -0.00591939041628142 -0.104321719429744 0.0273534739286831
0.0276674898351642 -0.0243017035447522 -0.0830350444605496 0.0147532190459314
0.0066560444125866 -0.0318203204986558 -0.0630399182935667 0.0128823993485562
-0.00490468865239184 -0.0286182987682867 -0.0624857369504838 0.000242919008382767
-0.0128326827054876 -0.0240554436847777 -0.0708513662474829 -0.00105428269550073
-0.0175194082382832 -0.0199578878148074 -0.0706043096810018 -0.00715331544316266
-0.0149964551525938 -0.0218647323890914 -0.0581396720524487 -0.0259187129883058
-0.013908053672593 -0.0244574621264188 -0.0509113767110254 -0.0575836497811349
-0.0113345146724259 -0.0332724989269309 -0.0260042298915789 -0.0824257943372767
0.00173847325147757 -0.0398242934258712 0.0133587693531329 -0.090145451511845
0.0200501390599709 -0.0411455942602808 0.0522993544240525 -0.0580183669428679
0.0426224185422935 -0.0252782816552142 0.0470183726669105 -0.0153065557132792
0.0533869686178961 -0.00153589734605942 -0.00148660270623472 0.0123080863281301
0.0418623666002315 0.00764994382168156 -0.0826149217701118 0.00618799972398801
-0.00178775574844964 -0.0166749420918655 0.0909094907157885 -0.00920890714666403
-0.0176043197712349 -0.00842619986832207 0.0147095387021386 -0.0250225073238878
-0.0191258819215996 0.00795607965663838 -0.0506116651830958 0.00994787388258571
-0.00612431527104319 0.0132209928018877 -0.0661116663910171 0.0579744694100822
-0.00206862843484021 0.0100364120153843 -0.0227091729683834 0.0991803538016641
-0.00313000273158501 0.00801941662152703 0.0275436066158431 0.0971819244695611
-0.00452243530159316 0.00919262653777549 0.0575226725736847 0.0696700964161379
-0.00859417809704707 0.00696580247323341 0.072190308219298 0.0343676312073337
-0.0105834164611493 0.00973716209909697 0.076386837861143 0.00701126068928644
-0.0160590573792521 0.00664975215869017 0.0789986644373472 -0.00457776408205926
-0.0136644271775509 -0.00174731357537115 0.073475216183108 -0.00601575664965908
-0.0121317522194373 -0.00257539676909004 0.0727781888656848 -0.0140156645672961
-0.0115270560313479 -0.00913707029396544 0.0799858465468649 -0.0186526537409216
-0.00329618264039082 -0.0205729566111135 0.0956433011765714 -0.018908300354747
0.00850910905865352 -0.0208805890516189 0.11865639705681 -0.0404229840543455
0.0369650819434404 -0.0233543945025699 0.0857900211882363 -7.03849807038858E-05
0.0225080941207605 -0.0198159401417321 0.0102054566743251 -0.0207034951610498
0.00669416258850773 -0.0143104205240393 -0.052831023018051 0.0115951627121457
0.00516638205146463 -0.0183653768840614 -0.067697182281284 0.0558313320176239
-0.00509941749299206 -0.0212278231147935 -0.0272479134915061 0.0951432754738437
-0.0183862758926161 -0.0182866443686126 0.018488442720395 0.0948697292543676
-0.0270793869302127 -0.0083423815948994 0.0486235514745045 0.068748856506971
-0.0324750324033643 -0.00816999014142569 0.0641376581740585 0.0347213400494015
-0.0354485300153677 -0.00240535952667343 0.0670218007885335 0.00451440642082105
-0.0430363148919746 -0.0126232333044209 0.071153233376813 -0.0109159525577855
-0.0333083416438173 -0.0319086965486425 0.0705280634199789 -0.0162862121967119
-0.0208136146478967 -0.0423643433621718 0.0738797046405817 -0.0211984099495408
0.0021431078242251 -0.0480744212762131 0.0779293252231889 -0.022073232984097
0.0315060737211191 -0.0492738916458016 0.0841482850423159 -0.0178526971605149
0.0507369120152765 -0.0424773864920158 0.0992639691133512 -0.0332431148882424
0.0713370061227921 -0.0259031170489868 0.0641305288399659 0.00590003213255042
0.061112219916431 -0.0284649532715664 -0.00528587833221043 -0.0204072761729564
0.0349381892436974 -0.0374315556573264 -0.0610567245324446 0.0108889129878899
0.016425907722451 -0.0501174973984453 -0.0693981329487979 0.05234856551196
-0.00737948894626886 -0.0516683763478568 -0.0302993110821816 0.0858807758756192
-0.0313085288829926 -0.0423299638208921 0.00723031274254911 0.0836941111058871
-0.0462860524827412 -0.0252909871964227 0.0317801544951861 0.0609386579208041
-0.0510339875984214 -0.0220844477599413 0.0466808591123705 0.0314755814474211
-0.0540384181050728 -0.0141780340171888 0.0481902643744116 -0.000124337020415293
-0.0636048374964155 -0.0281666165175492 0.0538514599037696 -0.0193665820868795
-0.0500423135139355 -0.0548813028454359 0.0592281252663705 -0.0299856760776102
-0.0311302681085283 -0.0733625179677813 0.0711756595006642 -0.0320372759518628
0.0105056406972973 -0.0807536658745374 0.0760390533718104 -0.0252418947852546
0.057878398423456 -0.0723500984851966 0.0715834294884006 -0.0107574229775627
0.0829244265737659 -0.0583435379080552 0.068966041231365 -0.0216238640637121
0.0940215322178057 -0.0283841162430253 0.0293100487232643 0.0102896741344385
0.0913724638190868 -0.0386755456870722 -0.0300216141322445 -0.0204912670369963
0.0562055309861938 -0.0611188846900743 -0.0720192764106182 0.0102072230646512
0.0208863153114341 -0.0802769913090449 -0.0698722488176962 0.0478932235685859
-0.0146604394417546 -0.075897234360836 -0.0321502435495612 0.0699144194267807
-0.0440173634724864 -0.0594378916333003 -0.00522515879284803 0.0656436493863792
-0.0595749980916619 -0.0363710803455328 0.0106792120396729 0.0467453614112999
-0.062402779056224 -0.0315172886776736 0.0234288029667279 0.0224064946966657
-0.0639302941675246 -0.023288069720942 0.0234950086562463 -0.00800737346832726
-0.0741253309360588 -0.0394919381915556 0.0306187836770722 -0.0295732640071796
-0.0584233617299816 -0.0704777020381431 0.0419459023372688 -0.0446776195718688
-0.0363574155314685 -0.0929667757848384 0.0643870378209619 -0.0429663168624068
0.0169866029043948 -0.100310411057044 0.0718934151378926 -0.0272841830110968
0.075546792102931 -0.0841975346358201 0.057719651252738 0.000278232605419581
0.102414837986267 -0.0640258609254191 0.0331789208278759 -0.0034496746917602
0.101702213711407 -0.0278965278794147 -0.0142734903181584 0.0166179995358856
0.10451929699801 -0.0459639736255542 -0.0587659913961959 -0.0133220321844797
0.0661286560776204 -0.0766255286668986 -0.0815895979074255 0.0102473624602708
0.0186311137940559 -0.0974764495234244 -0.0686597360047967 0.0388125284763045
-0.0218788395798081 -0.0874596066457363 -0.0372663444811691 0.0489868867195552
-0.0510579109479549 -0.0655612669799807 -0.0228244208585803 0.043494918705462
-0.0643295138885978 -0.0411519023566013 -0.0145359209779017 0.0310677680428618
-0.063826133592703 -0.0371237517643552 -0.0030764000987563 0.011373881682372
-0.0638294009471511 -0.0319528597019118 -0.00303570693660944 -0.0172764826113062
-0.0711095111802177 -0.0500177479005205 0.00618780679666398 -0.0394827653230247
-0.0524051376597581 -0.0798921049797865 0.0243535952176165 -0.0568551425608703
-0.026917193631041 -0.101035673585143 0.0567460170989196 -0.0504023684535112
0.0296363540028474 -0.102108847450517 0.0666290051437016 -0.0244563731341111
0.0882762373364355 -0.0781679687852941 0.0420960706035604 0.0120335720315104
0.10881069672641 -0.0560486046593375 -0.00423990973619088 0.0117685681308629
0.0920182355556461 -0.0236615183395597 -0.0579936712579453 0.02599940990735
0.0982036082896545 -0.0444477001096888 -0.0842015958700959 0.00100864420278046
0.061786973965634 -0.0768288974416752 -0.0863484533442277 0.0129797729402557
0.0126266184671318 -0.0944782403774092 -0.066681380621362 0.028102094860434
-0.0242905562321375 -0.0817930283780315 -0.0462090330228125 0.0258954452180478
-0.0492838373776374 -0.0599796663644779 -0.0432862352987149 0.0228673657525244
-0.0591690022695886 -0.039229863522479 -0.0396947879260968 0.0158538574324288
-0.0556303305372766 -0.0373787381365696 -0.0279999267572762 -0.00110234853642186
-0.0541654348958461 -0.036266540568612 -0.0271121823437222 -0.0297597841633891
-0.0560013559825348 -0.0554553619055266 -0.0136272008861434 -0.0531135963444408
-0.0354395758752378 -0.0797233199934346 0.0119459205810307 -0.0698799085787797
-0.00713560350432468 -0.0942302498715352 0.0516403398424664 -0.054906484541652
0.044128419567637 -0.0863382662402581 0.0591776408199686 -0.0208142722536888
0.0911921910877703 -0.0573509433482273 0.0245386367646782 0.0198818937729056
0.101120874313229 -0.0366209688714132 -0.0393155105222816 0.0197178446716739
0.0665255704591017 -0.0133246881045299 -0.094313974779536 0.0369307002670783
0.0741926197181086 -0.0309430869052477 -0.101010892828339 0.0180969940837828
0.0464412751309649 -0.0585187188480893 -0.0866344772977697 0.0156507801287212
0.00732538923085221 -0.0706088822863835 -0.0643231813706257 0.0188187680034128
-0.0193035991815314 -0.0598724085122113 -0.0555563921429831 0.00922486150617594
-0.0364592906061222 -0.0443143266656337 -0.0618568958242571 0.00830856190418157
-0.0431230593315327 -0.0308285271834594 -0.0607835240940673 0.00417412887181758
-0.0388607651041969 -0.0319546473892671 -0.048039092882093 -0.0134356780762579
-0.0370209602694796 -0.0341976380792702 -0.0450516613203636 -0.0437443020707383
-0.0347641375657745 -0.0502379566034629 -0.0260930336706327 -0.0691062904656199
-0.0147107637434157 -0.0657472649090825 0.00709574992471656 -0.0831941956623536
0.0115384449669461 -0.0726180210245373 0.049815210579911 -0.0589402933110088
0.0497335782319941 -0.0582279935908296 0.0523356488306874 -0.0181241193632558
0.0804401072218565 -0.0291993693351443 0.00854676053332166 0.0193908108573512
0.0779118896850405 -0.0135124367622689 -0.0672432012570875 0.0186512184718315
0.029775328930546 0.00343334930685173 -0.116672472885368 0.0450622705159801
0.0401417424336793 -0.00763206369682628 -0.104749779741908 0.0317124478466903
0.0272449113133134 -0.0259578359974994 -0.083797588004205 0.0177252235599697
0.00565804591977321 -0.0327218046053344 -0.063869572142586 0.0150752913201524
-0.00643468418060257 -0.0283881700925063 -0.0638275860633216 0.00213687617896362
-0.0143330674812365 -0.0232834124740613 -0.0726164802823241 0.00239773745013356
-0.0188708348254453 -0.0194940621022908 -0.0732375117586411 -0.00302186608619022
-0.016699225934033 -0.0213467672344969 -0.0605588449217436 -0.0234840189042701
-0.0155841055541932 -0.0244903373385851 -0.0547516161653412 -0.0570379142405004
-0.0129177207673616 -0.0337039071077847 -0.030032448458415 -0.0830797596676759
-4.35894849002165E-06 -0.0407673439741825 0.0092674250536966 -0.0935443884012003
0.0184212517678565 -0.0424633975391051 0.0519233466588995 -0.0615632409362144
0.042029410716984 -0.0275469723222684 0.0476670304912713 -0.0172775640664482
0.0542794640914223 -0.00393871496768816 -0.00165759188688716 0.0132127556280924
0.042795635098952 0.00610097321271573 -0.0837484680746671 0.0106806957925643
0.00519871063525168 -0.0165633741516995 0.0855142230622314 0.0316497756632627
-0.0123460204331961 -0.0151016639753915 0.0255057194674787 -0.0160986489247328
-0.0202841566361944 -0.000680451995251049 -0.049541750196959 -0.0126874261907431
-0.00997570180574519 0.00858868436561334 -0.0854451955247901 0.0235633265619071
-0.00500620905228549 0.00785081522078682 -0.0639197185557398 0.0785942644207448
-0.00557423688684475 0.00580953511768427 -0.0186748524123199 0.0989565679564649
-0.00741442798558619 0.00708781379682357 0.0208981051174317 0.0870697065331113
-0.0106027731384861 0.0023997256634809 0.0494243027216173 0.0611731081710547
-0.0134227639209636 0.00462842824029112 0.065370520034643 0.0381755883315646
-0.0172168723288066 -0.0011429982617075 0.0727491729587586 0.0297077173405798
-0.0113448387998261 -0.0086494661117426 0.0686599010997906 0.0266875000151162
-0.00890889392087836 -0.00866172241021647 0.0708597224499181 0.0199405483241462
-0.00516204238875346 -0.0134311335014888 0.0790284689938004 0.0200629702719642
0.00781754542550482 -0.0202937604626046 0.0953851630159383 0.0284848133234727
0.0177307073158727 -0.0149446705224118 0.126029267737266 0.0206031753508513
0.0436361071376076 -0.00510653651716304 0.0770408818528326 0.0367138401454784
0.0288603437139018 -0.00795966161085074 0.0179900284719015 -0.014204106208758
0.0135042244059317 -0.00998947751457161 -0.0534045971509124 -0.012978933979172
0.0130525961366601 -0.0136749854735498 -0.0866580131745242 0.020033280959451
0.00629332468188449 -0.0214690656473132 -0.0675390595324762 0.0732799120576018
-0.00766941370952433 -0.0248038163913196 -0.0256415937971501 0.0927851591778598
-0.0205117153426664 -0.0189576931026514 0.0128246788570297 0.0826593401637243
-0.0259597424826511 -0.0221409999919693 0.0417419612183722 0.0582068201331766
-0.0306093198407572 -0.0180188752446374 0.0577824934434434 0.0325552043583499
-0.0334010046564422 -0.0298912366970022 0.0690302189245092 0.020080794540995
-0.0161767156679572 -0.0442694693209992 0.0713243295839654 0.0151700562632095
0.000982669659811201 -0.0475022608261167 0.07557526495321 0.0127533331672643
0.0249886230212681 -0.0423169991455944 0.0803165044784068 0.0164629568224183
0.0515217844059297 -0.0308132584156625 0.0843876781615952 0.0248834822052387
0.0644663621006547 -0.0160080558402837 0.105154153373861 0.0186024451740643
0.0757717156844062 0.00787049993699969 0.0544603510808223 0.0319371458457501
0.0684084301431905 0.00101405090715484 0.00371883906995927 -0.0216378459036949
0.0487623939653777 -0.0172418420047829 -0.0609293182905814 -0.0179961439235921
0.0373690001494613 -0.0375249634633657 -0.0874334419265356 0.0150303176291648
0.0179385809265033 -0.0496621995814319 -0.0676696956809264 0.0632663513793218
-0.00866983769721274 -0.0518308641775636 -0.0320391128796293 0.07899237857755
-0.0300774308051321 -0.0424534769356209 0.000730941174778206 0.0689778832088231
-0.0370954711438198 -0.0428271815900343 0.0278504469432523 0.0471157295725499
-0.0422413860581909 -0.0362665601370515 0.0430948404711899 0.0199236846467423
-0.0454978264762787 -0.0528459161383861 0.0575602967725458 0.00479555433372951
-0.0213227903210435 -0.071942115240703 0.0677153927655804 -0.00276147004154216
0.00486943551219569 -0.0799476379436561 0.0790354667022824 0.00191692479874502
0.046575075057061 -0.0680915475274578 0.0806304683222122 0.01234061080875
0.0850243732508813 -0.0403431789720296 0.070601434945638 0.026359484024416
0.100358230642066 -0.0164889207063232 0.0718166955910121 0.0153668654943647
0.097102019902798 0.0164735445670849 0.0210585595182575 0.0190052964864085
0.100301902545788 0.0056730973862134 -0.0202944575175614 -0.0323402613085739
0.0786683233113896 -0.0291956563649291 -0.0707005887702806 -0.0242094501425625
0.0547323245976407 -0.0622060118820285 -0.08666799603005 0.0106211411471662
0.021462971225185 -0.0752120304443276 -0.063651359840454 0.0484566387931966
-0.0125581035691928 -0.0727168962656325 -0.0351228686118442 0.0578472078655914
-0.0381311500200869 -0.0583564067656801 -0.0123698643500776 0.0475858224032245
-0.0430214758001696 -0.0562614355582945 0.0106661801440503 0.0303424951249115
-0.0473501294045861 -0.0488846960857118 0.0240633940016802 0.00188105771081167
-0.050197883815137 -0.067608638462079 0.040500840010272 -0.0147919478522256
-0.0226821365797783 -0.0901672921590266 0.0587051207087024 -0.0240930923772833
0.00907362619893464 -0.0992736583053494 0.0782957606098968 -0.0120103291956029
0.0613082380592459 -0.0830823718905871 0.0784741223305452 0.00846671676149862
0.106195051119019 -0.0426666281579101 0.0533134173577835 0.0301361947360219
0.120375752274412 -0.0129943282108537 0.0313035300610927 0.014801597974068
0.104312469727843 0.0205749092852487 -0.0209762165160761 0.00540311374066789
0.115777329808378 0.00549180492091049 -0.0491365186317658 -0.0394447439605255
0.0950094861555343 -0.0383858867882093 -0.0801038053805469 -0.0276249104566256
0.0597080374674456 -0.0785357275182867 -0.0822635921688568 0.00349008844127328
0.0203557337197228 -0.0876936850117538 -0.0590620171078654 0.0265353465853424
-0.0171417564822438 -0.0814234819866669 -0.0419520338329996 0.0303482623808835
-0.040594311408351 -0.0643271079680635 -0.0274400727570013 0.0223271718970678
-0.041941656036734 -0.0623925944278942 -0.00806186475084336 0.00859714201331103
-0.0436931786472154 -0.0569859429824287 0.00431110175903687 -0.0176055190372014
-0.0433360343925147 -0.075288591677263 0.023014557187261 -0.0346481649839854
-0.0134205002558173 -0.0955845041075216 0.0490862912906597 -0.0427298978723126
0.0196542350500812 -0.102824269762793 0.075929218629782 -0.0216397268468794
0.0733329130917673 -0.078834930194047 0.0727041587904594 0.00775684144656044
0.11419769301005 -0.0313224549952182 0.0329296312198454 0.0336622909692101
0.121979681147781 -0.00269599958179946 -0.0099055425046326 0.0106956196563691
0.0936290134747372 0.0206043633938026 -0.0652776392767216 -0.00599160062275168
0.10883487203627 0.00425710769118466 -0.0793121242605378 -0.0378066213025536
0.0907763032124571 -0.0406381351534594 -0.085595475562503 -0.0277654089837807
0.0529655908063482 -0.0785487454984542 -0.0753285311476729 -0.00522647195799415
0.0147946405668047 -0.083408513178609 -0.0573504817683737 0.00339113808333626
-0.0177403255875075 -0.075191372781876 -0.0501444668744519 0.00214536405587204
-0.0364848402020201 -0.0605950311213375 -0.0431896900191745 -0.0025361088423405
-0.034246400201787 -0.0589650011796923 -0.0246386204394684 -0.0131091072958778
-0.0334812773206844 -0.0563158568698781 -0.0110813765456186 -0.0385231910401995
-0.0277067743418558 -0.0737088634056972 0.010868139053629 -0.054094127352364
0.00170151298377849 -0.0882771047057146 0.0435331708820058 -0.059016412834651
0.0347570423311739 -0.0880377978964972 0.07328370150788 -0.0284421785862272
0.0783987438660203 -0.057561124432262 0.0647141897043094 0.00831884050643261
0.107572037460492 -0.0116695043114321 0.0126247502002342 0.0320769585663508
0.106157647216642 0.010682558324072 -0.0450991499870101 0.00137311307105752
0.0668043543379616 0.0182432554726251 -0.102681889179783 -0.0106821387224081
0.0822510406630466 0.00458295561282533 -0.10010799226485 -0.0295810064672237
0.0690136210791969 -0.0307387337423409 -0.0862466756392629 -0.0254945893701095
0.0373659377360941 -0.0586690071676483 -0.0679471746971383 -0.0125976332601341
0.00926614221052399 -0.0611267655995555 -0.0570791989196245 -0.0172547921766187
-0.013423280796474 -0.0544087203144215 -0.0602237964198982 -0.0195438243344972
-0.0262963225780367 -0.0455930205951814 -0.0571411257461089 -0.0217298844486264
-0.0221401915452617 -0.0466052300917492 -0.0376255966847039 -0.0321260307297605
-0.0190868853363056 -0.046297338063297 -0.0211982040761898 -0.0587808497657256
-0.0107443621611793 -0.0606569244896784 0.00645214912187783 -0.0732689641043049
0.0139784409838869 -0.0667645410644128 0.0445801481799704 -0.0724846738273024
0.0414896221702928 -0.0610336624907242 0.0734209991608192 -0.0311321468014312
0.0714070392235162 -0.0294158398157514 0.0559799726569147 0.00797195839138813
0.0850488190362161 0.00920023688975338 -0.00227845847654343 0.0236335622854829
0.075174602760884 0.0220819035478217 -0.0696563238050724 -0.0125668346581268
0.0265710884388936 0.0168555313779958 -0.125683423704861 -0.0123418838742046
0.0407112547580495 0.0110745362541138 -0.109714412382331 -0.0182498917026673
0.0368409785067336 -0.0105991931459792 -0.0841797535405593 -0.022289364255051
0.0196506672156218 -0.0254300389917113 -0.0649195736832919 -0.0158990688112235
0.00701722064217875 -0.0270209868388684 -0.0598127610279253 -0.0275306646129502
-0.00285334491291853 -0.0266444502598628 -0.0665668759261722 -0.0298672347961085
-0.00979594602296607 -0.0255709160676146 -0.0642555552677909 -0.0340506209420958
-0.00607257423467475 -0.0267566336155867 -0.0439263809618664 -0.0462639029446133
-0.00417957095689711 -0.0283627468174262 -0.0241110015510805 -0.073999079671467
0.00193107958933685 -0.0355192361604767 0.0097547003378899 -0.0867880274650138
0.0163896121042771 -0.0373369459411848 0.0505612840720956 -0.0797212447666678
0.0351383198678538 -0.0307626908680642 0.0757398782546345 -0.0324948433699411
0.0505785259012793 -0.00599520624051161 0.052239122259746 0.00679761146999864
0.0507286002721325 0.020328031302478 -0.00800471171038482 0.0122961355466058
0.0349167381882323 0.0240710002479425 -0.0800040196481297 -0.029019593323706
0.0050820376527256 -0.0161847755066786 0.0850992637871233 0.0272814149163476
-0.0120244479232456 -0.0147758556113136 0.0242701271081493 -0.0168948536277279
-0.0194028962768348 0.000162498366771815 -0.0486038522698353 -0.0103283873920661
-0.00957116901502689 0.00883339915242339 -0.0832189555381539 0.0272057671712116
-0.00419249714283423 0.0073646898580314 -0.0598657689897416 0.0797724127116086
-0.00513087900606852 0.00539855683171242 -0.0134840647233544 0.0973217522722442
-0.00724125711932973 0.00640864118836015 0.02519900300956 0.0838958780587335
-0.010363380635552 0.0027065035666076 0.051741936539355 0.0573349787885714
-0.0126389543662036 0.00452932762441827 0.0662000894106638 0.0344616424835264
-0.0165668243261696 -0.000554456638651348 0.0734648124171193 0.0253989097054016
-0.0116460644139031 -0.00771511107407104 0.0683555445697984 0.0237112774258984
-0.00854646793698881 -0.00788507965790866 0.0704985547699009 0.0171581688925997
-0.00521511495392521 -0.0131075113818344 0.0778874130560112 0.0169825711728557
0.00681926145693567 -0.0203539869713829 0.0942034946635673 0.0238817877657252
0.0166460181277483 -0.015572272179617 0.124666782650018 0.0141668470627063
0.0424481183274304 -0.0067298816341999 0.0768603859014546 0.0316711923512056
0.0281677066849551 -0.00933420006568676 0.0172012887240555 -0.0154204472674033
0.0124627115461321 -0.00983683218419139 -0.0522868231047697 -0.010383151420528
0.0121730051586541 -0.0143863746495616 -0.0839714919577877 0.0236618270043686
0.00509931032564732 -0.0217314850911786 -0.0635861139623983 0.0744104723063901
-0.00865501790049621 -0.0237324179110767 -0.0207511022768844 0.0921324641347424
-0.0209941478484037 -0.01793075842368 0.0167204786595524 0.0798810163498513
-0.0265242447488591 -0.0202553063634194 0.0438742871721021 0.0542970533141458
-0.0302226211379941 -0.0160085213583999 0.0584347838492722 0.0283883931094387
-0.0344579055257008 -0.0280018460540132 0.0694379626243153 0.0158525667385043
-0.0182572272860408 -0.0430761217906639 0.0705441256437196 0.0114734457006501
-0.00146396770832333 -0.0470256397839225 0.0747596079062676 0.00950341439981638
0.0227600622118596 -0.0428864284788333 0.0782025362269235 0.0130505993083767
0.0488244105763814 -0.0325692518600347 0.083849142528386 0.0212986808178295
0.0622165216769636 -0.0184733143455652 0.10403876104971 0.0128357164494305
0.0735867429875514 0.0049488847492641 0.0548272969853918 0.028233430146564
0.0672840505085149 -0.00220351067315692 0.00274329161004425 -0.022180820334363
0.0469671674304529 -0.0183382022732834 -0.0595475807125091 -0.0152714762503457
0.0347174360156759 -0.0385216965086889 -0.0854959607146102 0.0192176782274545
0.0144174825905084 -0.0498554677664256 -0.0634422585170406 0.0642111580116575
-0.0115408537060196 -0.0503976986374477 -0.0267321522278622 0.0782453589988645
-0.0318866468148254 -0.0401624408785118 0.00409112031201171 0.0671561883315838
-0.038585461437558 -0.040206717153107 0.0291434579985341 0.0447191495644869
-0.0427272147865481 -0.033738043555078 0.0435126519130751 0.0170077301449816
-0.0474417897455206 -0.0491260775572292 0.0569624906381103 0.00130941376323359
-0.0252215990999364 -0.0704216530356167 0.0664749537528931 -0.0056459146186533
0.00106023119986556 -0.0782875186383163 0.0780576686570306 -0.00183853498154588
0.0427528260131968 -0.0686845844618096 0.0783944720301372 0.00917441044270362
0.0819844814364396 -0.043165092905835 0.0698287158323012 0.0223818278250626
0.0974847307632618 -0.019965816872289 0.0715843732916552 0.0115927585001765
0.0952157099726039 0.012432983000268 0.021543996561374 0.0172293216969688
0.0987384513323992 0.000595761617992278 -0.0202319417090672 -0.0317769095596565
0.0757028166929379 -0.0314177439030835 -0.070307024147649 -0.0203487244147376
0.0498200000455876 -0.0633047541581575 -0.0844892628435266 0.0143805730472428
0.0172537353965766 -0.0743291690928967 -0.0599251714719739 0.0498816455636033
-0.0164003462819841 -0.0703842518404277 -0.0317850244631782 0.0575621427406393
-0.0397829311792443 -0.054774383025932 -0.0093050380002505 0.0473315007405018
-0.0455823152058502 -0.0531252578382826 0.0116104303395824 0.0284568297177577
-0.049143600870113 -0.046047435358332 0.023000325185695 0.000776593366622224
-0.052480439111349 -0.0636090280456642 0.0396095910207282 -0.0167365420721285
-0.0265876104840576 -0.0875429129149558 0.0572085621220681 -0.0263706073267866
0.0034599796726398 -0.0980085617222073 0.0767939813768567 -0.0152511555675311
0.0564381194151087 -0.0839667979428892 0.0762703274673498 0.00517732634476975
0.102426825694104 -0.0469185159642974 0.0527683923514095 0.0267850290279272
0.1172583498056 -0.0178860993331974 0.0315420731361018 0.0136797553888042
0.102079136132912 0.0160164642420246 -0.0205485174581835 0.005447032482606
0.114273329298426 -0.00060873622039391 -0.0489907375222652 -0.0370161359570593
0.091237503883002 -0.0413642467044816 -0.0794071996242461 -0.0239858115557442
0.0548536670403436 -0.0800680948045095 -0.0803392817360523 0.00614682899453837
0.0153592643798239 -0.0873255034359694 -0.0564112958054009 0.0284190442352925
-0.020853551947894 -0.0783269744065326 -0.0390520903028203 0.0306783297506296
-0.042792704653813 -0.0609608678076329 -0.0260011683649403 0.0231849100553392
-0.0445413219834275 -0.058796568818257 -0.00742082894861469 0.00886448876593984
-0.0460467334012407 -0.0533693143849704 0.00322509304428012 -0.0175997765875923
-0.0459732671621081 -0.0716899970500746 0.0217855859802075 -0.0353178316069271
-0.017915034376275 -0.0942461223382253 0.0458443019827607 -0.0443976999935811
0.0140049815871287 -0.101482972165438 0.0733912182605723 -0.0249355058665457
0.068315696035843 -0.080836533529338 0.0705823746531013 0.00498713761353653
0.110912930236193 -0.0362216029760048 0.0333583365046439 0.0312528250553703
0.119144223852948 -0.00776552493253843 -0.00828771997584144 0.0115001793980601
0.0919231147160132 0.0161307760492792 -0.0642413310807225 -0.00365144377719563
0.107112499192695 -0.00123501031426178 -0.0774249580544133 -0.0341565196606775
0.0871984895911081 -0.0431521183603762 -0.0848306839987662 -0.0241203672603755
0.0483842755520802 -0.0791073342103406 -0.0736607205504916 -0.00264454287572378
0.0103547363126366 -0.0825477040444633 -0.054932487057824 0.00485120472023856
-0.021517018151878 -0.0722321852244495 -0.0498282261136918 0.00447701857018593
-0.039050555608061 -0.056887971049883 -0.042648482321306 0.000362494209836402
-0.0375261118054792 -0.0554827933405694 -0.0246548420828919 -0.0117059743889178
-0.0357584836268531 -0.0536086134518102 -0.013287878770307 -0.0372235063992926
-0.0305754367123033 -0.070873787748345 0.00833780029836182 -0.0542298461221131
-0.00291455646483887 -0.0863563969382337 0.0399619712539683 -0.0605819219495198
0.0287955412736689 -0.0873854797888418 0.0710716708350414 -0.0312791102180919
0.0743853312533157 -0.0606825834628019 0.0623849581391528 0.00594695862757516
0.104808298097744 -0.0161806090326884 0.0135010537390016 0.0309879953950356
0.103985404159024 0.00609054225304859 -0.0432267106267448 0.00405569889771497
0.065243468129312 0.0151593357189271 -0.100919431267483 -0.00689734221244148
0.0801939308004074 0.000805295266466441 -0.0986334387313451 -0.0248333571722424
0.0660020328161472 -0.0331148529209562 -0.0855830625210515 -0.0219457625430615
0.0341411407003984 -0.0592249393413081 -0.0667878548356753 -0.00981397736913721
0.00539036789791106 -0.0605164575744809 -0.056026678482251 -0.0147957530344324
-0.0155079708017523 -0.0523086236032787 -0.0600774822319992 -0.0165584300514389
-0.0279237393886864 -0.0433158645205948 -0.0565942011834529 -0.0181643175016237
-0.0241358232861669 -0.0442310606569552 -0.0381071501508783 -0.0301243042116541
-0.0211548365253218 -0.0450753754785775 -0.023646305816674 -0.0562339631345193
-0.013690405544399 -0.0580003694192798 0.00305085721525208 -0.0719808193534394
0.0104576935542777 -0.0659311545307458 0.0402494332926506 -0.0731040865500495
0.0370554419982972 -0.0614415485876186 0.0708806864197271 -0.0345223496625531
0.0685339252781932 -0.0326348822046103 0.0555680249450808 0.00510707543329205
0.083600199475724 0.00520285855918522 -0.00126725247845961 0.0239287543294077
0.0741417551500185 0.0179291669401 -0.0678116791759339 -0.00902772720294384
0.0260046059003054 0.0157653636677996 -0.123267831156075 -0.00697203289261637
0.0400570717364354 0.00897322368743099 -0.106695773259422 -0.0131356416431527
0.0351550874131441 -0.0117378807055925 -0.082694486831825 -0.0189180383176023
0.0180533908363145 -0.0257982933655289 -0.063869835763851 -0.0132762281360515
0.00506453270321178 -0.0264347512418096 -0.0596392348690675 -0.0241407580238196
-0.00384433795381004 -0.0248365549830358 -0.0674849687156513 -0.0259598108871285
-0.0103172978821629 -0.0241944013480979 -0.0640588843065631 -0.0293483221840973
-0.00760733560807254 -0.0260054266896239 -0.0452879951385134 -0.0435679889950679
-0.00582643379880964 -0.0277190911790127 -0.0274740454956074 -0.0707971696241125
-3.27046855690023E-05 -0.0349907584878571 0.00502635693711349 -0.0855880805229234
0.014304094644443 -0.0368820981490984 0.045577414965678 -0.0805011973222799
0.0325427477244791 -0.0314112933541306 0.0728583925151974 -0.0353757151589975
0.0489901527973616 -0.00754602910668081 0.0506415568143256 0.00393997045717823
0.0501405457566452 0.0178005614795485 -0.00786544137633815 0.0128777119955315
0.0346970353578081 0.0222902291145452 -0.0787273476223719 -0.0233110821183316
0.00509023194784236 -0.0157293340351888 0.0832902992372763 0.024029709982398
-0.0121090944262743 -0.0147177727046531 0.0237530900108666 -0.0176047696455219
-0.0184817969444406 0.000534409764367105 -0.0468405691576326 -0.00887076096856346
-0.00911778885784347 0.00877462499116255 -0.0799734451206888 0.0284360229434148
-0.00398560485126391 0.00700645207784413 -0.0560818492872902 0.078933178558722
-0.00479063647224303 0.00503001622506438 -0.010081794008575 0.0946502706835656
-0.0066669945569957 0.00661774230727596 0.0270290630762624 0.0805823946145483
-0.0100085358922066 0.00274561066226535 0.0517990415460796 0.0539284684047479
-0.0120075966778573 0.00452101719964412 0.065322082412561 0.0312673937128859
-0.015960264210366 -0.000284620466810807 0.0725801166899368 0.0226877801953069
-0.0114642867498313 -0.00764857226760276 0.0679984274633969 0.021106980263554
-0.00830263449674195 -0.00772213643181252 0.0683741759403727 0.0151919674786869
-0.00523301460625105 -0.0122753636875678 0.0752604974435313 0.0153338020956622
0.0057627345586523 -0.0202809134942917 0.0922950115815576 0.0214052089475332
0.016010673190524 -0.0158360058593848 0.121278691975362 0.0103145012231569
0.040805040788936 -0.00747404248403243 0.0748297919451198 0.0285204240540334
0.0272213265732063 -0.0105838380858172 0.0174104239308007 -0.0161044541147901
0.0118665833041236 -0.0096410610546048 -0.0503303151515525 -0.0085907936932985
0.0113406178435199 -0.0145837937242096 -0.0812997417603077 0.0251197991818513
0.00435100409150574 -0.0217895778036437 -0.0600389754424871 0.0736208821917138
-0.00903713534172619 -0.0229292621069584 -0.0174382288025189 0.0897509622947589
-0.0209870380344914 -0.0170385450150491 0.0188776898086964 0.0770854553978078
-0.0266957024882929 -0.0189802160519356 0.0439234350925442 0.0518522384177938
-0.0300696893794895 -0.0150786526125431 0.0574732175059639 0.0258348754088577
-0.0344805197143973 -0.0260421817276028 0.0681689500821056 0.0133428548210692
-0.0190655737650341 -0.0417874767647373 0.0696755514609724 0.00984664737976722
-0.00235253855255019 -0.0459506067177892 0.073154292950711 0.00746683145736191
0.0210189562912924 -0.0422092240695689 0.0755292004744186 0.0117731380781818
0.0470326531167503 -0.0329776921159703 0.0817947545254798 0.0186600694666789
0.0601763014618064 -0.0196419644108626 0.101201803069711 0.00997174497720504
0.0712781904916538 0.00337843266938312 0.0532845503115347 0.0250485991269525
0.0657848403688491 -0.00448416849965429 0.003104838448734 -0.0224159338668593
0.0450199675181838 -0.0188184989011384 -0.0579946346232694 -0.0140318507214814
0.0321570706679801 -0.0385288793855268 -0.0826474122542073 0.0200724181312078
0.0123169803334139 -0.0492795428500001 -0.0598240240615153 0.0635625767561487
-0.0125936012555843 -0.0487894633928383 -0.0239366843191062 0.0767059386299304
-0.0319380332412279 -0.0378901814291417 0.00630107790263789 0.0651953433277713
-0.0392618569098585 -0.0378076684245199 0.0296736676080817 0.0421790172869564
-0.0429642646311066 -0.0316414348925373 0.0423020222507305 0.015118466362211
-0.0477253010090674 -0.0464221325886619 0.0555316047900913 -0.000645482168939672
-0.0264399350364691 -0.068457823853676 0.0650858712599596 -0.00743861417800106
-0.00104400908795003 -0.0767393032358205 0.0758900150675058 -0.00321662426785763
0.0398978003833688 -0.0680910967001663 0.075441077035814 0.00812669829134766
0.0789320795266168 -0.0443360687223916 0.0680125071255598 0.0203892595196579
0.0943616384308104 -0.0223858892571466 0.0701163534489394 0.00960734884997334
0.0923780390828557 0.0100027487272148 0.0205970804111341 0.0159189797684459
0.0958221657006472 -0.0024189652932198 -0.0193206234484219 -0.0311437970054485
0.0729478684679569 -0.031553944980257 -0.0684637816214564 -0.0185990709594108
0.0464994739184502 -0.0630822520769341 -0.08205478269673 0.0155058490823259
0.0144062124042514 -0.0728833772497781 -0.0564130209899674 0.0493315242837204
-0.0181537870581193 -0.0673215172122267 -0.0286845152942245 0.0564977976165813
-0.0405029625848313 -0.0518087357427343 -0.00791153509466821 0.0461008894769147
-0.046277532315946 -0.049999897217513 0.0125675423247985 0.0270816213985731
-0.0495101095896858 -0.0434025481760053 0.0225023078799337 -0.00021107578339726
-0.0533864776561542 -0.0601622339975858 0.0384967642758715 -0.0182143532256125
-0.0298075082965813 -0.0849096428421059 0.054996420518528 -0.0273454811723668
0.000300842850867194 -0.0951667922942948 0.0749544150074147 -0.0170384048622851
0.0524807972502975 -0.0835116643950272 0.0731801989411894 0.003961161539843
0.0987646632513829 -0.0485935748502864 0.051445425820401 0.0249531638813231
0.112901534934396 -0.0205129209658569 0.0313794693803101 0.0126087707060483
0.0988153270506623 0.0133421759498343 -0.0201364646506181 0.00493050394622947
0.110750722972504 -0.00386020879089737 -0.0477810807682505 -0.0358581007633981
0.0877720368135899 -0.0421046140221051 -0.0771772346894891 -0.0224489248740157
0.0511028558179194 -0.0788495810383557 -0.0782163923051912 0.00740881057538215
0.0120144848411201 -0.0852099298283178 -0.0539767211266805 0.0281468419996967
-0.0224788543487628 -0.0753373659311656 -0.0372320439640293 0.0303620418095827
-0.0437503172645605 -0.0578698976484279 -0.0250959991948764 0.0241121143880864
-0.0456049378051335 -0.0555500623274056 -0.00657487434926614 0.00836478656841133
-0.0466614582388208 -0.0503796551583165 0.00260966469934713 -0.0175732863569307
-0.0472980912984658 -0.068351603434284 0.0202916539935009 -0.0353184869405643
-0.0214568294014924 -0.0907663288401902 0.0439427533698157 -0.0453886726931394
0.0106693735696677 -0.0987477510811425 0.0715654655136319 -0.0265084360742374
0.0638511380303325 -0.0803356190226665 0.0679036994115893 0.00350560702314876
0.107158669592431 -0.0387564172788673 0.032871004419154 0.0297149699650421
0.115128581726663 -0.0105417528847851 -0.00713888277398896 0.0117767653655072
0.08929656187284 0.0135851446758754 -0.0626259967358172 -0.00224340736329039
0.104082312667541 -0.0044000240064227 -0.0754135010873345 -0.0320559515937791
0.0831361296519919 -0.043998578597562 -0.082435408416233 -0.0218184568924681
0.0441933717850273 -0.0782184765135287 -0.0718174777218897 -0.00137725124452927
0.00710658844243151 -0.0806710690297036 -0.0528649462710186 0.00480431729307791
-0.0227569359989448 -0.0689931252189296 -0.0480853775217037 0.00496784066618027
-0.0396290667216096 -0.0535928501811552 -0.0414913026694211 0.00157030975171651
-0.0381547075451108 -0.0527599996937571 -0.0240091104524701 -0.0108314070731706
-0.0367523260313328 -0.0508816447991653 -0.0141445494574127 -0.0362288745455231
-0.0320739697104785 -0.0674026401613763 0.00691169720634236 -0.0534467085961962
-0.00621451559339641 -0.0838604691332066 0.0370756094653787 -0.0602748698539943
0.0251779814871047 -0.0855895603403621 0.0689386196493156 -0.032087179503902
0.0702455697203292 -0.0608061523813368 0.0603075865514833 0.00464029400470761
0.101868149345374 -0.0186011321648221 0.0140976062115965 0.0301499054469038
0.10065535698248 0.00337442627649523 -0.0411710630675381 0.00587873921744053
0.0631905404816455 0.0130922448044078 -0.098164520026616 -0.00460502053579339
0.077733704673313 -0.00133198337906296 -0.0954532563692062 -0.0221079380955879
0.0627458317854211 -0.0333103979887462 -0.08294214558299 -0.0192386107090963
0.0309470996132538 -0.0584520775186946 -0.0653256215895804 -0.00887682107815084
0.0033911641407122 -0.0591107122690605 -0.0548444287789546 -0.0144773068184176
-0.0167941462149246 -0.0501535771393172 -0.0592646744683992 -0.0145256454450334
-0.0286102690458608 -0.0412329514193468 -0.0554208061519122 -0.0156742572981779
-0.0251584401894364 -0.0418484410357822 -0.0373507697960802 -0.0283244714473539
-0.0225436571002258 -0.0431535881134084 -0.0248379871748935 -0.054238099303187
-0.0151155491865922 -0.0558268580273847 0.000864742754165589 -0.0704599802072757
0.00780415192800271 -0.0642316982542148 0.0370092777786564 -0.0720124548974443
0.0338000091623213 -0.0601614526923064 0.0683997762925231 -0.0356504546378729
0.0651930034403583 -0.0333732882213585 0.053552120779928 0.00407895475149287
0.0812567617335542 0.00253913186024442 -0.000469212020932567 0.0235061692053079
0.0718884940747302 0.0150054645834254 -0.0656262954001333 -0.00579136359084869
0.0252496189375019 0.0146255471438897 -0.119586769164448 -0.0038700317370666
0.0389038988153752 0.00775552767411777 -0.103215709472356 -0.0116752208679754
0.0340688288927704 -0.0120077988637523 -0.0805981566678721 -0.0168752593246726
0.0170524984377166 -0.0255214379648661 -0.0618958832157154 -0.012262099772101
0.00426500077845099 -0.0257921627248649 -0.0584800486370158 -0.0229341786210788
-0.00447956033711058 -0.0241005754172005 -0.0666615606328672 -0.0235960492317733
-0.0106107478503702 -0.0225876974570651 -0.0635497779729342 -0.026035601664648
-0.00852644052600315 -0.0250920605766038 -0.0446654920083026 -0.0409901052531136
-0.00666342257711112 -0.0269485683527418 -0.0287472541792798 -0.0675268439564616
-0.00105687021962222 -0.0338209096096582 0.00193622435427529 -0.0832901407244434
0.0129556454319712 -0.0359010454592373 0.042508032859339 -0.07978032592575
0.0300926426995933 -0.031035794152714 0.0701994880324103 -0.0362601781384987
0.0470311330988261 -0.00873102565511983 0.04927684457366 0.00257193409833623
0.0487044762818054 0.0155582398899685 -0.00718031824892863 0.0130422929827397
0.0334602793754142 0.0206131017036742 -0.0763587872631751 -0.019619376951467
0.00503129092384765 -0.015673072186205 0.0815222063416898 0.0220541205693306
-0.0119195152455323 -0.0143934953488055 0.0234645946588275 -0.0186754732967048
-0.0181902433174012 0.000913948449007396 -0.045787308286905 -0.00886459369745576
-0.00890878971723007 0.00846373342668634 -0.0777684328411146 0.0289831987383944
-0.00407989779914221 0.00641570792945886 -0.054639826297027 0.0778890427828524
-0.00453321498105012 0.00461939287305383 -0.00817234295079234 0.0924442373999537
-0.00617962152073988 0.00563567637093282 0.0281499290131267 0.0779941207323925
-0.0100427846220645 0.00257793074417762 0.0515908695241576 0.0516972422084253
-0.0112721758887638 0.0043240640157833 0.0648874112961889 0.0295118321000745
-0.0157268984151296 3.80075884280255E-05 0.0721714476273692 0.0205869088219032
-0.011443475147438 -0.00777516944206385 0.0672839170530519 0.0203663222990826
-0.00762264414697697 -0.00768405991204512 0.0663826414593214 0.0146941985407266
-0.005172916258628 -0.012629452286901 0.0734015478984537 0.0153305964565346
0.00532721582495113 -0.0201010123355 0.0905548912916415 0.0205831140835659
0.0158901439132649 -0.0156039563145159 0.119262731132261 0.0080552788027498
0.0401866440732818 -0.0074420083268618 0.0737011112133336 0.0267053802156759
0.0265096391340362 -0.0110639380810634 0.0171834999256705 -0.0168609443139689
0.0117811604432647 -0.00996926819819015 -0.0490718962876634 -0.00823773656360679
0.0101689400293036 -0.0141077826356729 -0.0795308759760855 0.0253770297408834
0.00365307945102494 -0.0214812188709161 -0.0578158629952481 0.0728938210365004
-0.00959302638808198 -0.0227559893945741 -0.0157661413649907 0.0874796109145443
-0.0208125222472033 -0.0164349828711543 0.0201429321231644 0.0746085927485846
-0.026676605545929 -0.018164941063299 0.0437582779406454 0.049847223704932
-0.0297516467931036 -0.0146290685718582 0.0571430904144485 0.0237185380168442
-0.0339493158554642 -0.0248345513158011 0.0673834117095375 0.0119189797447488
-0.0198649071365157 -0.0412702042462819 0.0685101088795069 0.00867387287269636
-0.00294931240282192 -0.0449942935990413 0.071230456188418 0.00717587584281324
0.0201535063824016 -0.0419348191309759 0.0734095009592652 0.0114561442078475
0.045862871441004 -0.0333895968466015 0.0796249041982629 0.0180513140919571
0.0592393630504973 -0.0203642522628368 0.0992502934368164 0.00817901636359411
0.0694847045223203 0.00246822216315055 0.0521018432070587 0.0236355276365138
0.0643280677401321 -0.00574040002756274 0.00344820011464157 -0.0229521489239007
0.0440514861997881 -0.018848687407798 -0.055854182551493 -0.0130869216844892
0.0306056938410192 -0.0380503117832996 -0.0805801748650193 0.0207920342971891
0.0110500950008057 -0.0486831394796393 -0.0577488773398915 0.0628932502262326
-0.0133380574409974 -0.0476739903133379 -0.0220823511683965 0.0748052275075356
-0.032145553454637 -0.0365002345639205 0.00724089674985537 0.0632099422388246
-0.0391073971879733 -0.0359865334417401 0.0294511722247794 0.0406539211036059
-0.0427720571582543 -0.0305085269674187 0.0414957849531429 0.0137351052196533
-0.047765518818856 -0.0447337314143395 0.0554004361847725 -0.00218926442109643
-0.027818291163128 -0.0670183160439768 0.0636603165215504 -0.00821773079075046
-0.00251332887958189 -0.0752587631242664 0.0743017361152143 -0.00451610923424655
0.0380037642256227 -0.067646674514018 0.0733487618317865 0.00836458339464846
0.0768740841078962 -0.0446689879337655 0.0666128554384815 0.0194451650591216
0.092000779086938 -0.0230505026720896 0.0690240307989251 0.00856757416820137
0.0901985202700036 0.009145350828859 0.0203806193896958 0.0140560618150792
0.0941634774644396 -0.00392198776755627 -0.0184084304703615 -0.0311247257221767
0.0711381371736686 -0.0314177352624809 -0.0666769521781568 -0.0176522719637144
0.0443217071936587 -0.0622720740904955 -0.0802990305290934 0.0158772925615678
0.0124756935092028 -0.0722416467561704 -0.0542949318556493 0.0478101914465128
-0.018668304641696 -0.0658522242195109 -0.0276749701065319 0.0548567953625042
-0.0406557413164907 -0.0502076179155739 -0.00702113482822726 0.0450345993049148
-0.046252584580076 -0.0481946376757188 0.0127198835841112 0.0261300328628037
-0.049201330396477 -0.0421274590052895 0.021394480713478 -0.000468761568027686
-0.0532320951528851 -0.0575643113169046 0.0377318936009817 -0.0186844972887093
-0.0308682335672863 -0.0832548856104205 0.0533236853510961 -0.0278715855968129
-0.00116410579710902 -0.0935474007740306 0.0730305778444738 -0.0177164224732114
0.0508087331729366 -0.0830679434347955 0.0711151400564985 0.00421210141376887
0.096654287022308 -0.0493479002479733 0.0504107048259408 0.0238643282581377
0.110228076327106 -0.0214859312600184 0.0314640524276168 0.0120306837753355
0.0965544041101335 0.0125874126506746 -0.0198406150725484 0.00434692312864052
0.108749936882234 -0.00557088869966707 -0.0460701651931121 -0.0352186134478699
0.0851534141416577 -0.0421301937061946 -0.0751522127968864 -0.021483093752884
0.0484058596400407 -0.0776293443205074 -0.0763672822072812 0.0080387264710148
0.0099199940955732 -0.0836727685531066 -0.0521158271239745 0.0274732640642787
-0.0233519814432428 -0.0729974866731908 -0.0366156903815275 0.0298988610773324
-0.0432782769372469 -0.0551748616579724 -0.0240743265261589 0.0238856946471964
-0.0456701809724597 -0.0532400414278243 -0.0064345087047672 0.00834115941049772
-0.0466154074218775 -0.0491112716817945 0.00184479246870705 -0.0171908159652817
-0.047562820259898 -0.0660948145234188 0.0191886886546986 -0.0355741791562386
-0.022991497751036 -0.0889190103330461 0.0425295218755775 -0.0452231148142658
0.00895990895744482 -0.0965864840188951 0.0698008235681428 -0.026949239361834
0.0614924671223271 -0.0801484624024867 0.0657342627066443 0.0036311947895957
0.104964961658049 -0.0397833043983243 0.0317294096294212 0.0287783817345096
0.111987953448665 -0.0123388096485544 -0.00631724156180226 0.0121419503627233
0.0867622742421374 0.0128435695351345 -0.0613298809585996 -0.00196977790536236
0.102082740798086 -0.00569761355640824 -0.0733880921743719 -0.0313605098942075
0.0810340905950646 -0.0438634531598067 -0.0803941822501165 -0.0209120662713769
0.0419850439884078 -0.0769639291689214 -0.0702119149522418 -0.00074120590340817
0.00514282734462843 -0.079145169044065 -0.051463113492978 0.00401251593786235
-0.0232162204211503 -0.0670449538506955 -0.047795780672625 0.00502927852216146
-0.0398743388731548 -0.0514620668994165 -0.0408138754337268 0.00264882342492695
-0.0383598693758675 -0.0511119519858201 -0.0232683245717173 -0.0105330030582641
-0.037165541093029 -0.0490272095305433 -0.0146729861150466 -0.0355794478963154
-0.032880330336269 -0.0656495311257653 0.00581581276145362 -0.0527118633586847
-0.00801327065793241 -0.0820407512739017 0.036011938723035 -0.0596338602994769
0.0229970633713562 -0.0839093891069481 0.0673482950976586 -0.0329367240736394
0.067575472333614 -0.0609362129239888 0.0586073637940365 0.00404757069936587
0.09948195423521 -0.020085621565435 0.0137273361420244 0.0294639241330627
0.0978050501056655 0.00207459813217448 -0.0392478485440728 0.00685852793115405
0.0618620984325718 0.0123880328441488 -0.0961670919052723 -0.00337589994048965
0.0761621863238175 -0.00226666962066514 -0.0929893326378575 -0.0218611806338344
0.0609469059213068 -0.0328358745961941 -0.0812027816257983 -0.0183695318649586
0.0295967705570678 -0.057490297721848 -0.063730539121068 -0.0079841275946946
0.00194881411404132 -0.0578544654227674 -0.0537051860434332 -0.0139593550285907
-0.017426778136232 -0.048287513898714 -0.0586563246986913 -0.013687749488031
-0.0284549447920414 -0.0393051881322568 -0.0548735107553235 -0.0139518536863863
-0.025711590147672 -0.0403142195148502 -0.0368647088238756 -0.02682136511938
-0.0224719031325339 -0.0416360890462133 -0.0253796709834625 -0.0524334535835426
-0.0155104439799093 -0.0541072990705094 -0.000165640090543747 -0.0688067745005453
0.0059441416430462 -0.0630151341465062 0.0355126872412536 -0.0717167336243945
0.0322851328183853 -0.0595080851142486 0.0670987050489519 -0.0356385563218444
0.06271161227379 -0.0339547239874005 0.0518018371098994 0.0038636829076779
0.0796284742619408 0.000913984231446751 -0.000420773908337219 0.0232043126227862
0.0698894963393747 0.0143059913322423 -0.0635735486261451 -0.0041889484706308
0.0245613027528339 0.0144784754053861 -0.117246605573911 -0.00232933941848807
0.0378326760394548 0.00722774987095674 -0.0999381548845943 -0.0105276601889683
0.0325291540802951 -0.0121470382197025 -0.0786137926907251 -0.0161597404441031
0.0160968724209218 -0.0249498902691361 -0.0605029868412539 -0.0114121064847059
0.00345226979716424 -0.0253186272090592 -0.0573206189962107 -0.0225243104571702
-0.00478265633961109 -0.0231495863424886 -0.066388789689923 -0.0223397686255728
-0.0109724068158938 -0.0215269674864567 -0.0625717237321324 -0.0239556674596314
-0.00855166151072671 -0.0240157239421242 -0.0438468777167556 -0.0388896416494495
-0.00729885527707574 -0.0260913367134767 -0.0293454984228409 -0.0655520437613094
-0.00158353603366368 -0.0328960014182422 0.00107709760313076 -0.0810390907194208
0.011856394563758 -0.0346574376225266 0.0400117354488832 -0.0788431254142392
0.0289831127393122 -0.0307538113757324 0.0684749544136182 -0.0368199490327081
0.0455404133203438 -0.00911240585181022 0.0482413129512427 0.00181379366353602
0.047650191508314 0.0147294015810525 -0.00721309695242301 0.0135557938443408
0.0320993699434698 0.0197581752716992 -0.0743389822831167 -0.0174450614692727
0.0049442375871822 -0.0155204912423816 0.080659996764789 0.0205974097895784
-0.0122223281653844 -0.0151448367522697 0.0236325531689553 -0.0194772692843616
-0.0179149596288103 0.00039545245456672 -0.0444557342634556 -0.00900001347426335
-0.00899656098950501 0.00830896491840716 -0.0763578569623645 0.0296213017412353
-0.0036798116844105 0.00628764332891459 -0.0536797342354389 0.077935468966214
-0.00438964001173111 0.00393785143861485 -0.00727569974653017 0.0913898986865981
-0.00650514225419013 0.0053434890137637 0.0288896975561533 0.0759275929715826
-0.00998057866416743 0.0027669831340109 0.0516126828765631 0.0504542347218454
-0.0112505070756288 0.00408894840368576 0.064879227031981 0.0280499440893285
-0.0157909870610102 0.00063851225250739 0.0721723189729731 0.019447582259286
-0.0120502685708571 -0.00784877167834101 0.0673471924538687 0.0201932361645857
-0.00775639145375944 -0.00840175723872434 0.065588129243476 0.0149280222746818
-0.00486656403380727 -0.0123390576776952 0.0718445606907677 0.0154826083362882
0.0052401701727139 -0.0202600811775344 0.0886807833031904 0.0199705151641414
0.0154461951326139 -0.0160143410687635 0.117326457405387 0.00642895284279592
0.0395364616068222 -0.00801806894592116 0.072760827850808 0.0252409737898314
0.0262649155719264 -0.0123306810432681 0.0172638568875694 -0.018258104691832
0.0113054749932781 -0.00979159802193624 -0.0478952129673537 -0.00862753717999146
0.00991444086506917 -0.0142938752024174 -0.0781854461515191 0.0257158686260748
0.0029801046553725 -0.0213870020559813 -0.056659849508812 0.0727575189949534
-0.0101006491752751 -0.0226817776862352 -0.0142596552165913 0.0864656193756828
-0.0205535433724162 -0.0159606738557723 0.0206443188938016 0.0730569438211745
-0.0271193750251614 -0.0175782373249192 0.0437780093660294 0.0483559665007448
-0.0291468643373083 -0.0141675038531911 0.0569732752721265 0.0229773377682393
-0.0340665754831085 -0.0242375437430454 0.0674927673037982 0.0100788605535631
-0.0206696032225877 -0.0408052939522568 0.0686210906840252 0.00862851647197068
-0.00358067020765471 -0.0450481424533829 0.0704180415082648 0.00716963405746975
0.0195976463448178 -0.0422984949652801 0.0724241845942794 0.0121239719876616
0.0453709994418782 -0.0339103148392716 0.0784517119887684 0.0173846132534237
0.0582590523012802 -0.0210656429833865 0.0982574416018121 0.00724711086752237
0.0688066353089839 0.00214580431647466 0.0518354234637836 0.0222803200808108
0.0635005993811122 -0.00647500874720769 0.00407261279735338 -0.0240095458512932
0.0432554346940947 -0.0189070610165032 -0.0553308614264557 -0.0125763343486271
0.0298586793517141 -0.0378116055758006 -0.079408156371205 0.0210547089278579
0.00969140802734773 -0.0484251824416396 -0.056272965187746 0.0624645009400311
-0.014137547507249 -0.0471206732006673 -0.0213395840413851 0.0733976461201641
-0.0322117332882735 -0.0356184353350586 0.00782562473756943 0.0618946323426164
-0.0398345502194616 -0.0354082429304349 0.02997574539482 0.0396552333768976
-0.0428947309390026 -0.0302000351819249 0.0407447504242069 0.0129688571990394
-0.0477762342847889 -0.043492146369482 0.0548564016305517 -0.00327063907195795
-0.0286285905705784 -0.066559539563921 0.0638782237003685 -0.00926701065977523
-0.00334871387804196 -0.0750429556483131 0.0733039056115418 -0.00520561934690175
0.0376307748823001 -0.0680378720482912 0.0720366251070092 0.00837985516778874
0.0760301802842386 -0.0456930656955223 0.065565876613645 0.0190391479934664
0.0909167069828829 -0.0240335450555028 0.0684073447792303 0.00825934669983955
0.0890109020746808 0.00870410514695247 0.0201429695091707 0.0131892946528962
0.0930835216457766 -0.00502029670400039 -0.0181731987186504 -0.0317997946223711
0.0701405125564779 -0.0314462799444273 -0.0649951491856486 -0.0176333549616289
0.0429969840403899 -0.0620603293192645 -0.0789522428341979 0.0159559635523176
0.0109877531249753 -0.0713068597558689 -0.0530872028382734 0.0472151753427672
-0.0199217443049361 -0.0649633752812734 -0.0271943982569544 0.054159748773128
-0.0406666201607536 -0.0486580296644479 -0.00661819500963464 0.0448175241114634
-0.0471514745363874 -0.0468296396782639 0.0124941763911036 0.0258909465462719
-0.04938731489048 -0.0408224743927867 0.0216765707606685 -0.00114206094443141
-0.0533990505934502 -0.0566487569241577 0.0370434374808495 -0.0202265585023849
-0.0324903412818861 -0.0826582567741056 0.0528686531862756 -0.028751512938703
-0.00295728009794899 -0.093072970354282 0.0724061533991198 -0.0180949314568056
0.0491526356953102 -0.0828762035781965 0.070120418553811 0.00420164999578535
0.0955462946616363 -0.0497076362883523 0.0494924442335103 0.0231996712457624
0.108750232699248 -0.0225169331043232 0.0316847289843734 0.0119046945851044
0.0952728820955457 0.011976395960096 -0.0201741193072818 0.0037724819781658
0.107518034583867 -0.00682747047469129 -0.0451681347530371 -0.0354615185514318
0.0835582043777553 -0.0419829378749694 -0.0737350014693872 -0.0208429061876337
0.0463782637143757 -0.0775412554405441 -0.0748862649629886 0.00812430146637083
0.00833935401834252 -0.0833398422242624 -0.050999981330643 0.0260586983369395
-0.0240845798415836 -0.0716914408776987 -0.0359650443319942 0.0296567324494443
-0.0438073939152604 -0.0537273692835413 -0.0234666651389439 0.0242685807536569
-0.0466086365185017 -0.0514718847839533 -0.00607362183301123 0.00789756468408772
-0.0467375475685047 -0.0478422902096146 0.00133336675382169 -0.0169467545764852
-0.0479298526041324 -0.0646034530363525 0.0181018773092428 -0.0361632825793678
-0.0246766954416681 -0.0876262091873067 0.0420646460092753 -0.0453710469931172
0.00679819528341462 -0.0955080372847023 0.0692977278725734 -0.0280799772897677
0.0599283949171346 -0.0806097287618661 0.0647529006601475 0.00369160522104199
0.103597257754398 -0.0412027263415847 0.0311460145777036 0.0288497923068847
0.110711845872106 -0.0132165730270388 -0.00577068109626177 0.0123896137409615
0.0855351893603078 0.0122211872405348 -0.0611088834780646 -0.00150892699371423
0.1010977032175 -0.00686034260683797 -0.0722976591794954 -0.031075751654354
0.0798181073900341 -0.0431194471687796 -0.0787238500325411 -0.0204422459872065
0.0405163678702248 -0.0766546540721061 -0.0690531573458072 -0.000433690150891725
0.0040676677485649 -0.0784514183220397 -0.0507443345400153 0.00356103806951168
-0.0236529274965637 -0.0655736803792785 -0.0471473552226527 0.00517662789899328
-0.0395434643035157 -0.0498518927340286 -0.0401744706667382 0.00390816896680569
-0.0393698548073409 -0.0494473804275087 -0.0234010040920968 -0.0105707709278693
-0.0369942276639017 -0.0481172899861533 -0.0149267355547713 -0.0346664153848323
-0.033918305589418 -0.0637446961583853 0.00554417054671777 -0.0528546392064389
-0.0099098269186593 -0.0813511927521653 0.0346115971046501 -0.0601671855511275
0.0211050257082515 -0.083128692252921 0.0666794483075108 -0.033724772899101
0.0655894293317348 -0.061607389709805 0.0572228407983115 0.00409783724303123
0.0982028091495504 -0.0216184078023727 0.013849157820672 0.0290506288039281
0.0962238931755386 0.000668819672614158 -0.0383869065455688 0.00760959304863134
0.0602668224562459 0.0118420481480209 -0.095463139066104 -0.00316583794064731
0.0751474236483627 -0.00280360587049386 -0.0915405939844694 -0.0215819816594846
0.0600623557677246 -0.0330985363668864 -0.0794550869682086 -0.0176516953555288
0.0284337624681899 -0.0572289734499435 -0.0622477674625843 -0.00820437171649704
0.000817906968130325 -0.0570124687353214 -0.0532237799520884 -0.0146782428053098
-0.017734605363886 -0.0480240551002018 -0.0586321327054182 -0.01280095182667
-0.0285963550555051 -0.03813700564214 -0.0548119280492785 -0.012570339951741
-0.0259931012573501 -0.0390809125165396 -0.0361633744132244 -0.0261849591327616
-0.0234259047167164 -0.0403918370673018 -0.0259451805826513 -0.0516045516509759
-0.0162904687845653 -0.0533253352600028 -0.00107214801727234 -0.068667163565848
0.00463252057300259 -0.061646725177379 0.0338145525634368 -0.0713478550478238
0.0306208917319739 -0.0585212240638067 0.0659144248890804 -0.0367005661810177
0.0612254976751302 -0.0343130530504067 0.0510079220245261 0.00344363311194229
0.0784219052694437 -7.6989076535504E-06 -0.000124032419196129 0.0234697644440647
0.0684535503107172 0.0135892853699193 -0.061787532798234 -0.00312562280078071
0.0235069977919657 0.0139702597612494 -0.115658962406505 -0.000659577991451955
0.0372809294668745 0.00676868738548661 -0.0984722371066696 -0.0101432443437193
0.0316620683863564 -0.0119967905593974 -0.077144992277563 -0.0158799367824874
0.0151442764634787 -0.0243979473629191 -0.0597420390467157 -0.0110867978897987
0.00306215162314983 -0.0249506537933728 -0.0573945084674237 -0.0222590065223884
-0.00450094208327874 -0.0226004856136166 -0.0664336242936249 -0.0214464479406682
-0.01072766635408 -0.0209767424784873 -0.0624665796143957 -0.0218501807581514
-0.00904266936936437 -0.0235721210800128 -0.043931852975829 -0.0388564509167638
-0.00786292840996534 -0.025686782609031 -0.0297952639455435 -0.0645618093599331
-0.0022077201919491 -0.0327003217939382 -0.000107309965855855 -0.0804065586770515
0.0111941923432999 -0.0342085577519004 0.0383313522942485 -0.0781816801167402
0.028095095244107 -0.0300914699451916 0.0678568269700962 -0.0369588758972357
0.0446234116524344 -0.00997230865973151 0.0473527497033527 0.00173618966747191
0.0468750871304419 0.0137512035739064 -0.00672080861294902 0.0142476189930682
0.030802704078194 0.0191360840670311 -0.0729796320060256 -0.015665521037223
0.0071027389295247 -0.013422512021675 0.0749350908675678 0.0349812183870789
-0.00896413928268306 -0.0163736297662361 0.027765965518872 -0.0159150211452321
-0.01644636708132 -0.00378180943732337 -0.0409269312337222 -0.017969753584103
-0.00948826029841524 0.00522566742956382 -0.0798576513054752 0.0132596118055148
-0.00493596442003005 0.00390323880372359 -0.0672393091951813 0.0655796991950967
-0.00530845962650918 0.0018094726905711 -0.0250358209761573 0.0873596985766426
-0.00679857854023385 0.00345523169083987 0.0134761535439051 0.0801496463461992
-0.0104159419465102 -2.49339014674729E-05 0.0398838937046382 0.0592070446999978
-0.0120283591713197 0.00112506300710734 0.0572040546632104 0.0397802592329547
-0.0153056445027858 -0.00350493212943972 0.0658347732703053 0.0334990047840037
-0.0100098147492192 -0.0101636926214523 0.0609270852706868 0.0332891005340726
-0.00522003388807989 -0.0100673222333898 0.0605148916762567 0.0287363561636288
-0.000971112284559161 -0.0136399598076035 0.0668704233090285 0.0307287224967123
0.0100921030228975 -0.0190820455355385 0.0839549091570472 0.0392782152597207
0.018477448723492 -0.0120844844628604 0.11610086531694 0.032425325899422
0.0383722248780039 0.00104174939996544 0.0668378594604479 0.0387688452691074
0.0270624374858768 -0.00665586278604595 0.0207550189116019 -0.0141881552355567
0.0130535282114867 -0.00770513739174068 -0.0432288045582203 -0.0178151078244267
0.0125308677290545 -0.0125666447554851 -0.0802166971212975 0.00981636518285028
0.00742261607743637 -0.0212418145502824 -0.0690959682849047 0.0597988500150352
-0.0054062826401346 -0.0246898489054872 -0.0310825751405837 0.0809901101843678
-0.0167514469907048 -0.0199369413120737 0.00554954904133962 0.0754125287746055
-0.0235848407505364 -0.0234553871856799 0.0325719979662709 0.0555422780581384
-0.026064066807146 -0.0204425428095896 0.0503220401342746 0.0329081876153378
-0.0281309911136534 -0.0305174820644902 0.062930623494196 0.0225222098389082
-0.0117723513613374 -0.0442020938790979 0.0647224302448845 0.0212023342903441
0.0069519834398783 -0.0447398868199248 0.0670761218778307 0.0209279577027987
0.0296046316237581 -0.0367656116319476 0.0684753569951388 0.0268270075138702
0.0519195513590898 -0.0235871277389649 0.0752042483618208 0.0345729066964415
0.0612297279779259 -0.00775782615915962 0.0973573996986611 0.0287030770764038
0.0646450960325241 0.0164918339791653 0.0472346733021003 0.0316698196972139
0.0620372466072197 0.00502186997832266 0.0086917129975085 -0.0208878437593827
0.0455872853205513 -0.0103509655137211 -0.0495780972984884 -0.022443676199144
0.0353297999384726 -0.0308991458390889 -0.0803134492783879 0.00504020371553045
0.0188154823910339 -0.0455365080479232 -0.0668977600402719 0.0502065934822749
-0.0038645523759397 -0.0483804275363808 -0.0342039601496444 0.0675122600890175
-0.0237616185295239 -0.0407466162844339 -0.00488979694077747 0.0620451378256566
-0.0322712266485789 -0.0426479702014282 0.0208678064764511 0.0448033673676008
-0.0351347565583688 -0.0384114946163189 0.0374073124975076 0.0204246676091056
-0.0375393714382039 -0.0514986496439191 0.0532136820651844 0.00659914441064656
-0.0140878807095531 -0.0706554281720239 0.0629965996760072 0.00210101627124123
0.0130591983355699 -0.0731098902401913 0.0718297115328013 0.00814281862529738
0.0524826703778163 -0.058434564205424 0.06956531774161 0.0217229183374002
0.084511417685778 -0.0286185475788432 0.0618223749735704 0.0335954453631756
0.0932684376592966 -0.00375194676933968 0.067321994714245 0.0237142522411561
0.0821817747632638 0.026703104714627 0.0180014848334029 0.0169102130708021
0.0905363043156788 0.0118639149308406 -0.0111225645601746 -0.0316289645148043
0.0741180110069186 -0.0170242832269407 -0.0581574163167906 -0.0281138259471993
0.0526180685188111 -0.050639246230257 -0.0777636708272816 0.000234075022338128
0.0246277987523531 -0.0672702576400157 -0.0609904617793596 0.0363649537313363
-0.00632419003410271 -0.0666751719569846 -0.0357225145211241 0.0475287005779305
-0.029914361992108 -0.0544634885149789 -0.0149298171937219 0.0421021155236083
-0.0373093440590618 -0.0550673923455257 0.00707657884583382 0.0269732923289725
-0.039482657730826 -0.0499145555508669 0.0211898758086127 0.00307594661540937
-0.0401250061350154 -0.0654478978379497 0.0395513715767645 -0.0136325022018495
-0.0150204402471658 -0.086572836334561 0.0563320170769812 -0.0198103343558197
0.0175890705799229 -0.08980712500496 0.074575283965086 -0.0054163189449124
0.0672281834483762 -0.0703871283832569 0.0691306888825237 0.0167227546151611
0.104761307141903 -0.0286595621508323 0.0457393413703863 0.0343153038076861
0.110121128408455 0.00164162003162524 0.0296011968268613 0.0186479888773832
0.0881622458205433 0.0308603109661823 -0.0189416048278647 0.000584526042753038
0.105003253980397 0.013068363049447 -0.0378422125708845 -0.0404866723092209
0.089293910727791 -0.0244296844279696 -0.0657868509170096 -0.0325466677077579
0.0586088131470955 -0.0652035722331288 -0.0727955912682161 -0.00634377309514305
0.0246198103610336 -0.0788563716487585 -0.0543154502579682 0.0159080889713963
-0.00862688511774802 -0.0742879355183149 -0.0395878621000164 0.0214145659879628
-0.0314759533869353 -0.0601644228897041 -0.0277199339031821 0.0182980176008722
-0.0359606713293714 -0.0600942633000313 -0.00805916648287614 0.00620543161548782
-0.0352887937493583 -0.0558799556978963 0.00474135700369313 -0.0167994995731695
-0.0334482726257059 -0.0716537116870469 0.0248760882821251 -0.0328281118823955
-0.00626938075670433 -0.0904436822930207 0.0494025810176619 -0.0387644446768009
0.0269479246988197 -0.0905591659099339 0.0736226251173323 -0.0161001833738475
0.0766323638039444 -0.06533417762581 0.0640365683844144 0.0153036900458828
0.11010351122415 -0.0182001227691071 0.0267256063723136 0.0360394774204241
0.110248637665732 0.0116338033478516 -0.00737664898907187 0.0113926973251249
0.0796615060558802 0.0283662450349911 -0.0578270718973418 -0.0126434001536851
0.0985904654772892 0.0113088335967921 -0.0642471949544263 -0.0417214976071996
0.0856790565208217 -0.0268438003381516 -0.0707870918536491 -0.0331695304192116
0.0531210457703982 -0.0654128681584772 -0.0647151108098212 -0.0136146530650725
0.0191904957699899 -0.0745296795692869 -0.0502186654384028 -0.00610570653223372
-0.0098698737808117 -0.0681562201361284 -0.046580179402022 -0.00441654013093371
-0.0289528056537516 -0.0551698509141459 -0.0401670412606133 -0.0049326877583332
-0.028707841607588 -0.0558523463008819 -0.0202922312804386 -0.0146509188036874
-0.0259396618431541 -0.0540000351119848 -0.00767847174699482 -0.0372352920316085
-0.0202483408066479 -0.0683752659907584 0.0155930513313113 -0.0515086192974633
0.00703145311273138 -0.0803986890210859 0.045885280226435 -0.0540456545896132
0.0375906586318871 -0.0748753646049301 0.0726494939261022 -0.0217395967429569
0.0784748569788237 -0.0447227863833487 0.0570199335984236 0.01459080608364
0.100363147892989 0.000347446221858186 0.00851792492039707 0.0330323857197843
0.0931117058698233 0.0218555866128597 -0.0392837970396573 -0.00108193175344505
0.0554660139862401 0.0228540144896211 -0.0915620644889513 -0.0206881771181989
0.0731911370372272 0.00991724278891398 -0.0848094566036453 -0.0360975230866071
0.0649070858181749 -0.020751247528745 -0.0723603888746294 -0.0315424253972484
0.0378753857881238 -0.0490287492424031 -0.0575296803592348 -0.0193922335382115
0.0127028206045602 -0.0543149233219327 -0.0492300943264779 -0.0246183675400034
-0.00728493664282856 -0.0487109604884695 -0.0543595813549751 -0.0241272487116009
-0.0202467656201298 -0.041650472802721 -0.0508173844978391 -0.0233121065732495
-0.0179977650077998 -0.0436990188422623 -0.0296627390916546 -0.0328885788782174
-0.0142861431422868 -0.0436554811041424 -0.0138682841502968 -0.0555306336536129
-0.00579506487029448 -0.0543295964922191 0.0127020518067262 -0.0669519485883709
0.0169473788788838 -0.0588230303195921 0.0476335581101071 -0.0644759409922173
0.0411733445521572 -0.0494815329848036 0.0731557826317699 -0.0241516170381676
0.0675957713281458 -0.018921767280261 0.0504926513161202 0.0129295898278238
0.0765103663206769 0.0163039039869018 -0.00466035516615685 0.0245486902949038
0.0629117631836518 0.0276324979337515 -0.0603325996043757 -0.0158760204715144
0.0205081721773466 0.0164882118106606 -0.112812633677567 -0.0230795659775566
0.0354429998959528 0.0124431982876216 -0.0934816217634413 -0.0283121581798087
0.0338113424640218 -0.00543278357145936 -0.0710940152379872 -0.030495832070486
0.0201099551361161 -0.0204679654190197 -0.0545388998388307 -0.0230748535829635
0.0083229054928487 -0.0226423820972776 -0.051505324958979 -0.0332771674525539
0.000802692806928032 -0.0216824965194316 -0.0612128983767121 -0.0336875767362549
-0.00641030062409663 -0.0219825361845746 -0.0562507288817263 -0.0345649600717035
-0.00463251217986644 -0.024976837161185 -0.0346426882044576 -0.0460145437342707
-0.00174812024828951 -0.025630004801789 -0.0158308596316947 -0.0690958824150632
0.00399114020726824 -0.031377398866867 0.0161355204856686 -0.077710358012005
0.0172355467149212 -0.0306998851138651 0.0532839167316182 -0.0689508034870604
0.0326530628881378 -0.0229956283855134 0.0751954699167038 -0.0232331044355814
0.0461144057783967 0.000449017522161956 0.047347618284763 0.0111264379475395
0.0423463346448494 0.0235503533475323 -0.00928422309265546 0.0133402863602454
0.025505928743227 0.0262189788106411 -0.0682933504546647 -0.0310359060855827
0.0068262436464187 -0.0132352472474968 0.0741150785921472 0.0332962040893632
-0.0093396542985883 -0.0160572644728805 0.026974961909034 -0.0167533399802007
-0.0166971840792404 -0.00364679952761341 -0.0402689668102757 -0.0179933882292819
-0.00893158224068005 0.00473692600702745 -0.0786583293230133 0.0137482308784879
-0.00455762580572978 0.00358148129942178 -0.0656764253295577 0.065013304323674
-0.00512913194886702 0.00125998032182539 -0.0226746931103841 0.0860907120470585
-0.00649886387888325 0.00280022845589448 0.0145599483467683 0.0776446959496732
-0.0102169314696347 -0.000132049220425014 0.0403678581740249 0.0579637518749931
-0.0115558591482368 0.000353382291900538 0.057390369138586 0.0380590133601667
-0.0146451635383604 -0.00309549677059433 0.0659695517198028 0.0312577080790191
-0.0101796918583432 -0.0102735902459595 0.0612706106244351 0.0326804891129395
-0.00557625440740561 -0.0102888841952393 0.0593672037119632 0.0281487988547601
-0.00111355750200634 -0.0136792449157573 0.065393026808997 0.030514923372962
0.00977569910583191 -0.019468503059328 0.0829094619299099 0.0381651342948407
0.0176818324444726 -0.0126502463748314 0.114768176385472 0.0304155365257145
0.0378961664579405 0.000492877203078895 0.0660288434872239 0.0366660219373228
0.0264064450493783 -0.007648786800344 0.0210535608273793 -0.0155020573444871
0.0132889941617435 -0.00754880951199279 -0.042863124371901 -0.0176199909539354
0.0117599866121526 -0.0127514491055921 -0.0789415834701295 0.0102625405024924
0.00656414904784574 -0.0214131824060798 -0.0671439222099878 0.0590483628878972
-0.00570772039051683 -0.0241732095300873 -0.0292190284108736 0.0801024150573433
-0.0163768882746219 -0.0192885081723713 0.00661125239151871 0.0735016217738782
-0.023476159354273 -0.0227392257623016 0.0332470122055054 0.0544170292594294
-0.0256686453505727 -0.0204154785530477 0.0505703884796841 0.0317041418576312
-0.0280639763015861 -0.0291035587901832 0.0627412504784592 0.0211101980165056
-0.0124495391199332 -0.0439850919184451 0.06453168311646 0.0201824058860184
0.00617265177812985 -0.0449224250498291 0.066063084281846 0.0197810934717864
0.0288198827842223 -0.0372659752315309 0.0673341594384285 0.0261736948938374
0.051259811900444 -0.0247990802034246 0.0735928928416658 0.0339278211803338
0.0597023947679402 -0.00835328553519891 0.0965992962090198 0.0269710206875331
0.0638082150576197 0.0156860117200481 0.0467810531624288 0.0298406515706307
0.0609899271348712 0.00403401157091973 0.00879603561957129 -0.0222306306702968
0.044861547299452 -0.0102001107437362 -0.0481107147096882 -0.0219467732463391
0.034369653317189 -0.0309208570001655 -0.0786590375192401 0.00549019161750226
0.0177664607179386 -0.0451348740625587 -0.0651251801883277 0.0492942936818817
-0.00537720933357264 -0.0482795810666828 -0.0330271167263158 0.0667330954806872
-0.0237615962860179 -0.0399263578602585 -0.00352972395864141 0.0608287425688616
-0.0328043080142398 -0.0415705595452415 0.0216781714142213 0.0429574458862688
-0.035069226473736 -0.0377701592498766 0.0368569449590323 0.0191695786252092
-0.0373592327396021 -0.0500627174074805 0.0531700164593636 0.00489453483332994
-0.0156613965511097 -0.070200212847069 0.0625618655396686 0.000891794135930044
0.0115067776897985 -0.0726140499017159 0.0713919210832702 0.00731678118097012
0.0516883576807295 -0.0585871199898921 0.0684924933427449 0.0211238199384824
0.083673744904575 -0.02952759144375 0.0610886354443142 0.032141436895421
0.0919492777334892 -0.0051841561894449 0.0669098813383997 0.0215096075518864
0.0816788021078816 0.0258530436130378 0.0176564089564918 0.0159940734976957
0.0897238284135009 0.0103603199692815 -0.011568465082795 -0.0329339171987572
0.0728435876257466 -0.0173175393425939 -0.0570850896034129 -0.027751258834556
0.0508134191429268 -0.0510883009896823 -0.0769728526976344 0.00103127482597292
0.0229018782068375 -0.0668112969559832 -0.0592574888983194 0.0355932352300895
-0.00762528658975191 -0.0656032311968794 -0.0346341712582061 0.0464741561045967
-0.0298800603785626 -0.053191315227165 -0.0142144445710667 0.0417684804128074
-0.0380158065755833 -0.053840341969595 0.00769987946767354 0.025774194892148
-0.0398893484007033 -0.0492395816014939 0.0210633979145706 0.00224793893076803
-0.0412357491858173 -0.0635224210600545 0.0390270102583101 -0.014724764087934
-0.0165936293982695 -0.0854254901065711 0.0553206186492872 -0.0208110935788201
0.0155641480552893 -0.0892565786082527 0.0729078891429888 -0.00702310913183195
0.0653296890772714 -0.0708072218148538 0.067334198333531 0.0168652963731151
0.103030259828173 -0.0301619968095933 0.0449435544119065 0.0336044235339335
0.108164175081401 0.000490235442459605 0.0304206021354037 0.018561620410641
0.0867660083565289 0.0296203278460889 -0.0191327719368897 0.000252324547593454
0.103845984169681 0.0115829158611864 -0.0367683487140588 -0.0403802195899286
0.0882194876705814 -0.0245176663935614 -0.0642924960223369 -0.0315359601563751
0.0572165815667168 -0.0648836060574118 -0.071036528989856 -0.00616132748971347
0.0226406452195297 -0.0784126769117751 -0.053475610596838 0.0154212262515563
-0.00960787162216623 -0.0725243121030533 -0.0391809807630286 0.0210419981234453
-0.0320602828560978 -0.058291569508961 -0.0274215108889409 0.0183629551552815
-0.0367734901265743 -0.0579898562497848 -0.00733102715031518 0.0057284150138601
-0.0358636087637071 -0.0543250211935505 0.00471455861970284 -0.017136526685025
-0.0347740988153705 -0.0697135513341924 0.0243660781163477 -0.0332563513241398
-0.00857206331820066 -0.0895490903011164 0.0480595307700178 -0.0396329488457942
0.0252288004728191 -0.0900701465506237 0.0720351227262436 -0.0170399278244084
0.0744285543977872 -0.0658342740404733 0.0623470645793442 0.0145562891021036
0.109047950807455 -0.0193123476539064 0.0263184607755687 0.0352176217542017
0.107765831827334 0.00978601690357962 -0.00635412578948247 0.0115292013263085
0.0778586361990651 0.0275789389220152 -0.0573982634767526 -0.0127636553229439
0.0970341296286227 0.00985729121362633 -0.0627682342684287 -0.0410496078292286
0.0843655265737392 -0.0270301231770261 -0.0688707388099971 -0.0321900051465717
0.051423157746456 -0.0650538455838037 -0.0628903385070597 -0.01363261080194
0.0173665744189852 -0.0739397460612755 -0.0493524829966151 -0.00691433995841699
-0.010929264841932 -0.0665848532995271 -0.0468464742316753 -0.00394528105184701
-0.029460300380271 -0.0536544301882231 -0.0399953760306248 -0.00371410554686777
-0.0298695458832707 -0.0544963855765635 -0.0203222618796822 -0.0148426030788325
-0.0267844593075516 -0.0528685722089606 -0.00752243282081898 -0.0363744406792275
-0.0211104443144114 -0.0665981872255273 0.0145735571510321 -0.0511398669799777
0.00496498640074099 -0.0790995339474382 0.0441378983629397 -0.0546042581004548
0.0352143115431301 -0.0744117347133272 0.0712632551844418 -0.0232413326272851
0.0762528912722554 -0.0456741157489547 0.0554112429852822 0.0139405610817525
0.0989771576289607 -0.00154127716846509 0.00825600915442443 0.0328732155966182
0.0909919409765067 0.0206403475150187 -0.0377041170618608 -0.000263014668813011
0.0541696658638652 0.021693996809137 -0.0899922033162136 -0.0198019188738812
0.0722213205065 0.00859854158065016 -0.0827648520960726 -0.035680742919192
0.0634768851946925 -0.0206499084032023 -0.0709587923421348 -0.0305950847504099
0.0368474434673896 -0.048558561047509 -0.0562752364772227 -0.0193195577253483
0.011229310410368 -0.0537329251498417 -0.0492232644815712 -0.0244829270759036
-0.0078453785788817 -0.0478130938029555 -0.0549469910651631 -0.0235620592696293
-0.0200846246553359 -0.0401680316272061 -0.0503804547264071 -0.0222288487580223
-0.0186835730225314 -0.0425558316263982 -0.0299247104367564 -0.0326558509492445
-0.0149248781294777 -0.0424390919514781 -0.0149280873897134 -0.0541216960636557
-0.00650691247219626 -0.0532098573276781 0.0116618659362603 -0.0664145043340928
0.0154697352177127 -0.0577298587878285 0.0457925138751759 -0.0650836931840647
0.0398468194210978 -0.0491276577696545 0.0717575556958199 -0.0250671325518266
0.0663014938469936 -0.0203650954855078 0.0494331131693503 0.012232219405164
0.0756611480313747 0.0154165351266039 -0.00380226034671002 0.0241514193122947
0.0616551765700553 0.0269784833902489 -0.0587245528129546 -0.0146103533166034
0.0197389903479449 0.0159599492982051 -0.111308010555359 -0.0214912289511285
0.0348797297522871 0.0115253378308251 -0.0917990072072112 -0.027527059902062
0.0330545740660259 -0.00586196998226445 -0.0703057044591798 -0.0291284967275455
0.0192457802105563 -0.0207187416510026 -0.053391295609158 -0.023295838455138
0.0079211427422834 -0.0222890573547469 -0.0518666604210518 -0.0331481652387298
0.000825065876046528 -0.0214136021469559 -0.0616059660937523 -0.0325534267626358
-0.0062907433096024 -0.0219038596135793 -0.0561381316588691 -0.0329426405251746
-0.00482355829510453 -0.0243798662324703 -0.0344159943657494 -0.0453051359782355
-0.00248061822460569 -0.0251123935370242 -0.0164089719403106 -0.067325463981849
0.00371060412789871 -0.0311210417320544 0.0146778392181732 -0.0766864879084019
0.0165715534595654 -0.0301691355709102 0.0511071363184876 -0.0690015497822897
0.0313134028570297 -0.0226006980627812 0.0737163353708047 -0.0243272713929301
0.0445700859813617 -3.27452321425264E-05 0.0459257684961473 0.0104310600138372
0.0417376739172174 0.0231575795654531 -0.00902715819505664 0.0143066225809553
0.0254757350246156 0.0258805098028395 -0.0674956072738285 -0.0288866151753596
0.00706471145916612 -0.0128129486753436 0.0732862396432363 0.0326765661369114
-0.00988210215597697 -0.0160301755955688 0.0265978226032332 -0.0176000696984794
-0.0161240792089417 -0.00355222512307055 -0.0395525212408759 -0.0186869175465005
-0.00886078632020282 0.00516875212580139 -0.0778583562162523 0.013796540993527
-0.00472862109320957 0.00335515225704091 -0.0651125336882758 0.0644420532569861
-0.00524749523934839 0.00115100003899492 -0.0224390653828731 0.0849701415443587
-0.00673323983184808 0.00279137368208355 0.0152795273739787 0.0760667412547423
-0.0105385626320125 -0.000381257795226848 0.0407598013654779 0.0567096199988183
-0.0114300304431079 0.000574833305194042 0.0568954385840438 0.0367894000848178
-0.0144563655215576 -0.00267521046759103 0.0652937080988255 0.029895639137497
-0.00991540855031588 -0.0100873583829098 0.0604083633965257 0.0322309594478629
-0.00518146228701201 -0.0105451367611601 0.0583284088900557 0.028383386274399
-0.000948152914925846 -0.0136877638970509 0.063999733891597 0.0313394978465343
0.00935852258550439 -0.0192253281591381 0.0813234832587497 0.0385796744211217
0.0174152763891197 -0.0125972505107796 0.112650040737572 0.0296236085688477
0.0375097292096622 0.000720621273126249 0.0651595212201825 0.0357198427130601
0.0256800079094153 -0.00761512814074732 0.0210172452635018 -0.016249669492982
0.0127179009327302 -0.00742095444845488 -0.0414326079745248 -0.0182433907778473
0.0114284719645369 -0.0122484973933672 -0.0776706263444071 0.00941387369854269
0.00601225878766062 -0.0209144785491446 -0.0662411738976645 0.0587446438371531
-0.0060388849094439 -0.0244804357296789 -0.0281784785737381 0.078628224967526
-0.0165998289243898 -0.0192446699403309 0.00730713050681694 0.0721659018445548
-0.0237667524099823 -0.0222003945373741 0.0337153616660676 0.0535138885463479
-0.0259072510206303 -0.0202844028978471 0.0500483158989127 0.0306071874200546
-0.0280252484288677 -0.0288040117318344 0.0627986031477088 0.0200087197573459
-0.0125118397066075 -0.0433184872740539 0.0643251838340365 0.0193176741993011
0.00565463455675011 -0.0440002302700742 0.0650694022745199 0.0196919876386731
0.028772448827029 -0.0367421953279447 0.0657507839185187 0.0268325041192832
0.0502162314324072 -0.0245888291661697 0.0720211417245705 0.0336531920055278
0.0584998582117547 -0.00875164248663491 0.0955965880765842 0.0263615941087067
0.0627792243903416 0.0158326670588223 0.0457259570635743 0.0293861968000629
0.060727345671768 0.00349699222659044 0.008857488181865 -0.0231259565773026
0.0441921318703064 -0.00982588181474914 -0.0467368883455718 -0.0224590119148483
0.0335917410455595 -0.0304433053965376 -0.0782764352292081 0.00482880780579134
0.0167851705550297 -0.0452026411472808 -0.0640774713399017 0.0481506504544986
-0.0057874555562702 -0.0476534955827829 -0.0323351542789661 0.0649493637449932
-0.0244670558488865 -0.0393684247558149 -0.00330241875779946 0.0593332698023917
-0.0330758669463755 -0.0407083108191696 0.0213750742599816 0.0421065052281838
-0.035609327772401 -0.0368570798085527 0.0370227682692053 0.0186232440813431
-0.0374031093458205 -0.0490757876481912 0.0527767617343938 0.00402437739184402
-0.016242208254174 -0.0691428820843742 0.0623245885509377 0.00076631009231965
0.0110629541869676 -0.0718540957147171 0.0703456707309595 0.00723158640307507
0.050493103538271 -0.0582272060278653 0.0674317539105719 0.0221530994121928
0.0825971796549676 -0.0301641005922896 0.0597456400031268 0.0323384809309621
0.0901568627517211 -0.00504945810466312 0.0665273994872473 0.0213284761970523
0.079885556638003 0.0257958994153455 0.0176068787055247 0.0153062412980541
0.0882661602388875 0.00969364940602667 -0.0106938234913625 -0.033462681859621
0.0718878215895663 -0.0172936351557967 -0.0552164900039474 -0.0280054861071439
0.0495443152100909 -0.0500465055167363 -0.0755938659183604 0.000240957868984721
0.0217369910421591 -0.0661936699174434 -0.0586543990077736 0.0340644329655383
-0.00811219324194755 -0.065228023222062 -0.0349174749420447 0.0454134346655269
-0.0296372626699374 -0.0524436300750648 -0.014030685050963 0.0410374918274681
-0.0384751578919804 -0.0525678973391303 0.00810245127725169 0.025104870184857
-0.0397741966895023 -0.0480412239560243 0.0206162714083283 0.00135532138793763
-0.0409581300440918 -0.0623043104424007 0.0384996475530938 -0.015478297849831
-0.0174837846125425 -0.0850316826783509 0.0550296974717985 -0.0209949496983146
0.0145033137688162 -0.0881514049325891 0.0726353717239524 -0.00688083451923224
0.0641636898403408 -0.070586128228519 0.0663105683950262 0.0169532899859447
0.102171221053255 -0.0309825765867286 0.0438012977543623 0.0337878189601827
0.106414023754589 4.75318558251728E-05 0.0306728699719506 0.0174697646199203
0.0854319110346782 0.0295716667781623 -0.0185081187483249 -0.000548429436594412
0.102722153347379 0.0104265844219722 -0.0353916809027787 -0.0414434246797098
0.0871537967369451 -0.0243266633356381 -0.0622136186060629 -0.0321539936681547
0.0558936929120911 -0.064275176946979 -0.0701677403213697 -0.00642761508243528
0.0212583045698805 -0.0772670188844784 -0.0526855671250171 0.0144387151908569
-0.0102030548881084 -0.0721139195141579 -0.0391102729975657 0.0204504019834722
-0.0318724108668499 -0.0575567106601654 -0.0263967325067265 0.0185068947964683
-0.0366939977668187 -0.0571915724530358 -0.00734596381996301 0.00566479234585375
-0.0361966732710957 -0.0530802179578332 0.00436768431921563 -0.0175704877429907
-0.0342947216721883 -0.0685150899166138 0.0235182673438371 -0.0338893830939456
-0.00968650101511252 -0.0876894145264984 0.0473009662609055 -0.0396517361387328
0.0233112931631505 -0.0887854004415207 0.0715674820387569 -0.0176101806831292
0.0733266496735951 -0.0658720763481274 0.0613375900447336 0.0155793639562228
0.107992768048509 -0.0204435878951004 0.0254957064662472 0.0348776017707944
0.105671384137444 0.00980293766575334 -0.00548391202414459 0.0108958016247608
0.076471652759116 0.0272178854789644 -0.0562433948176028 -0.012346042955336
0.096498358548409 0.00907178769841129 -0.0614703355792154 -0.0415396438866484
0.0831628612414569 -0.0271170539494163 -0.0670119367044006 -0.0324191498166089
0.0500692011476162 -0.0641121896012745 -0.062136765097818 -0.0141323691702851
0.0162638413053878 -0.0730195811812568 -0.0487518960529522 -0.00766350040106234
-0.0111895650561815 -0.065920864045818 -0.0467150072862369 -0.00434029554462378
-0.0289034026518761 -0.052687851399528 -0.0390092473107449 -0.00340630976465621
-0.0300230057512335 -0.0531138967968259 -0.0199182938485337 -0.0149386230107995
-0.0267559105774381 -0.0515466270563591 -0.00825196405125917 -0.0360774624920896
-0.0213179691451142 -0.0654415905401173 0.0144185347051251 -0.0515506931715747
0.0036306969016436 -0.0779488889410913 0.0431843592511755 -0.0543320938806985
0.0342367447574218 -0.0731400258549345 0.0704867295083436 -0.0230442889194449
0.0746479733772422 -0.0455359851508099 0.054644152823708 0.0139543898474257
0.0973902392153109 -0.00225884553358867 0.00841655850722505 0.0325514631136786
0.0890137479836687 0.0204700834608319 -0.0364012096900498 0.000135745236814088
0.0530472424941785 0.0216767069597204 -0.0889505608813213 -0.0198320576906143
0.0714445042337641 0.0081254044936445 -0.0817218930645339 -0.0360971494450061
0.0627868689316004 -0.0206128434033312 -0.0690448904839109 -0.0304711774394446
0.0363362744467119 -0.0483245977081082 -0.0555400498313796 -0.0202529710206208
0.0103509876898604 -0.0525853305086225 -0.0485733255262887 -0.0254967426902242
-0.00783413035371739 -0.0471675005390793 -0.0550216277830674 -0.0225598839183785
-0.0204264112565569 -0.0393135518846274 -0.0500276153478528 -0.0207624030468562
-0.0193971343976739 -0.0416158766825104 -0.0299696693743037 -0.0323674125455745
-0.0148814725279429 -0.0416599168987034 -0.014771464730461 -0.0539336533334703
-0.0069794716879664 -0.0522114765529026 0.0112229327696579 -0.0656574136042206
0.0144923145972755 -0.0566480681491116 0.0448523096559711 -0.0637199213502153
0.0384094127591113 -0.0483444771314533 0.0710702055137019 -0.0253578291948636
0.0647489935090614 -0.0200322401457699 0.0484211747057245 0.0125702004419187
0.0741857932533544 0.0144844485490403 -0.00393721641757217 0.024174857855939
0.0602702540948679 0.026782084907273 -0.0573056824134994 -0.0138872768057816
0.0189238588571136 0.0164152605857154 -0.109243373062603 -0.0214526828859227
0.0340344310098969 0.0117618588028665 -0.0904536750511483 -0.0275004885921843
0.0332156902754413 -0.006238744592703 -0.0692449288201338 -0.0282592040522764
0.0189308890089617 -0.020470487381844 -0.0521096743968358 -0.022719816254533
0.0075500236317546 -0.0223258122257564 -0.0515046847672901 -0.0334161677101508
0.000423384314557869 -0.0215784008010119 -0.0611511836054321 -0.0310318570433269
-0.00632408304857799 -0.0211935754923599 -0.0556264206271962 -0.0311541067999963
-0.00569817150600478 -0.0238100585812665 -0.0343894398499528 -0.0448957298342102
-0.00264029086140911 -0.0243883121591179 -0.0163121840233979 -0.0666522662998341
0.00313841448456707 -0.0295481631515332 0.0142937047120797 -0.0757652013701052
0.0163226709486887 -0.0287430833069028 0.0496622423885925 -0.0680030073737398
0.0310334691828422 -0.0224213440395611 0.0728485672998736 -0.0247531910749297
0.0439554942167511 2.36180905398712E-05 0.0450417631998155 0.0102321399750801
0.0411388779455297 0.022189136859264 -0.00837190836994695 0.0142064060838818
0.0247497428091043 0.0252512386673558 -0.0657417489470575 -0.0280461822139944
0.00745853075653934 -0.0130631364862089 0.073148754120975 0.033099121865859
-0.00996616947225637 -0.0158089610153095 0.0268947227013344 -0.0188505434181867
-0.0162719605346176 -0.00336750621193541 -0.0389286727069684 -0.0196318933895768
-0.00945589667794417 0.0048341963399755 -0.0772638482124823 0.0123938372432016
-0.00508431221381694 0.00330752024667308 -0.0647160736793969 0.0640007896261431
-0.00592574419180741 0.000833985614196584 -0.0233431090445893 0.0844291290552222
-0.00717751375452635 0.00273877076606065 0.0152299377454331 0.074926011931666
-0.0104633419503619 -0.000827812818536912 0.0399660644620479 0.0565540504937186
-0.0114913172026173 0.000251993398045713 0.0566445769408648 0.0368261581896615
-0.0140103918225181 -0.00304027863842019 0.065702839701683 0.0300193091774278
-0.00959163962831745 -0.0101845621784636 0.0613520813960982 0.0333536238514985
-0.00481440062284188 -0.0106041738522791 0.0577692873203013 0.0293157063678219
-0.000384955141904022 -0.013627210848497 0.0628857564151821 0.0324858820944768
0.00950684203883546 -0.0196035606736353 0.080528967802755 0.0393405185276969
0.0175242383168427 -0.0123453612154351 0.112167851078422 0.0303397362997213
0.0371002831206929 0.00113013108514145 0.0645850066540538 0.0358694718569555
0.0251702856352662 -0.00736317180668131 0.0206663635729577 -0.017128086108919
0.0124468940465304 -0.00722883551203473 -0.0408435807211075 -0.0189513728039819
0.01141486063236 -0.0122107286437171 -0.0776273131215251 0.00813638860131854
0.00606378755109254 -0.021589921128984 -0.0661828421371267 0.0573607087088982
-0.0062382237640257 -0.0244808920267637 -0.0287973334842206 0.0779077618381965
-0.0168159096094514 -0.0196516888753294 0.00691041531096932 0.0710786134107646
-0.0238533437558337 -0.0226344748994549 0.0333200872385664 0.0530159285016241
-0.0258225553411318 -0.0202329282698012 0.0498377149467069 0.0299838243347424
-0.0275715995516863 -0.0290888881613136 0.0625261282370598 0.0194066029306627
-0.0131710216542767 -0.0431602873083262 0.0643963971382898 0.0197293791367133
0.00530735124206158 -0.0443583299946176 0.0643330179129501 0.0211029414325554
0.028818454791922 -0.036681019542799 0.0647786325884599 0.0280582502099136
0.0506999486275858 -0.0244168604057369 0.0713931675816523 0.0345184437958663
0.0582750323827073 -0.00838398305465685 0.0948960203190415 0.0268551007827965
0.0622534089670093 0.0167907815037544 0.0456848653871914 0.0292498878803578
0.0600857668317909 0.0037174366696908 0.00889995125418374 -0.0245202376013699
0.0440993763398967 -0.00925578475419203 -0.0457824822444911 -0.0235699227260451
0.0333247262105088 -0.0299647880800265 -0.0775470021273518 0.0032891236321348
0.0169384154253807 -0.0450213528663611 -0.064417010849666 0.0467981026283794
-0.00614812964273556 -0.0476741844950287 -0.0327223765977318 0.0645363756776581
-0.0238327913751528 -0.0389568778113729 -0.00306511816455431 0.0593809620119344
-0.0336352162672458 -0.040665559725524 0.0210472828376872 0.0418513240300403
-0.0354270405897354 -0.0373761125033462 0.0364391311051065 0.0182341415123292
-0.0378074959397656 -0.0496566417043991 0.0524002353109413 0.00333315211650981
-0.0168130847048089 -0.069230562120056 0.0622034920789238 0.000897474349731935
0.0113049758659817 -0.0718824963172125 0.069790765924449 0.00796307357328262
0.0508092304485149 -0.0581669816351587 0.066138784534323 0.0235984860032287
0.0827340711116882 -0.030007724556898 0.0593105042511917 0.0333004590989098
0.0893634123157396 -0.0039383905743618 0.0663827731069646 0.0216561662863643
0.0795108661475105 0.0269539896544452 0.0169370891055044 0.0148589013991525
0.0881992894033458 0.0099226706912413 -0.00981388579795338 -0.0349424923517296
0.0714811572483516 -0.0162085063345246 -0.0533196829921311 -0.0286954164511878
0.0496382396909572 -0.0498653526719592 -0.0754150259924623 -0.00122536597976113
0.0215640522957383 -0.0661341152621185 -0.058259860981033 0.0328199783991376
-0.00795206784027783 -0.0643629033310251 -0.0354376082515649 0.0452328797799233
-0.0296435232756988 -0.0521284475052186 -0.0137957759773901 0.0415905589525684
-0.0388011530038512 -0.0521706221239225 0.00760170473378245 0.0248675372881699
-0.0396529412995437 -0.0482963021774765 0.0205476296703887 0.000957205092212124
-0.0408613486214538 -0.0622287311270387 0.0380507891705244 -0.0154381451404678
-0.0180820400365184 -0.0844299175224363 0.0550564201946566 -0.0211983882878052
0.0143464207105514 -0.0881441635755045 0.0722592916619808 -0.00670182157741474
0.0645207147569914 -0.070672231853752 0.0647779090130764 0.0180686137396257
0.10200195785377 -0.0305076531949018 0.04302074051145 0.0341788112428862
0.104976551049273 0.00129259211996584 0.0310877089556877 0.0179253566390317
0.0844333125530832 0.0308443346966596 -0.0190587996757664 -0.00132717543652228
0.102102662102309 0.0111418626709322 -0.0351877874034899 -0.0425185036890211
0.0868660312442614 -0.0238548980029441 -0.0607282565416396 -0.0331498588576759
0.0561706909829883 -0.0636603578172229 -0.0699564600278623 -0.00786147833377681
0.0211074452632284 -0.0768307061023323 -0.0526217924498884 0.0126922215289725
-0.010107517030138 -0.071768386341328 -0.0396671980493685 0.0198633824465565
-0.0314087029119194 -0.0571169401243382 -0.0266000589520163 0.0187327027671729
-0.0372043191465854 -0.056392219620929 -0.00729548901004302 0.00453045618853856
-0.0358618945533339 -0.0535223231900423 0.00398744046754215 -0.0173324650838333
-0.0345261395165432 -0.0681998021534017 0.0237829246049004 -0.0342245696959562
-0.00971053987801957 -0.0878173480914829 0.0475385150358049 -0.0393946464730171
0.0236796845329384 -0.0882885128285664 0.0717327168515118 -0.0173891407030598
0.072950589855027 -0.0649262050664182 0.0603876047772099 0.015958486486604
0.107649512317184 -0.0197247930260345 0.024482231771589 0.0350539277927465
0.104860681755857 0.0105698199928061 -0.00533996083306165 0.0113746984733114
0.0755138556710469 0.0280018612888767 -0.0561846303377728 -0.0147163225401884
0.0960102642216339 0.00957818121374848 -0.0605745589792518 -0.0434180333735861
0.0833829462113249 -0.0265247888030642 -0.0658116517549976 -0.0333222332075074
0.0501006181721412 -0.0636270568187972 -0.061000925382526 -0.0154535327515883
0.0163732679672658 -0.0727902216759872 -0.0492380236384006 -0.00952587845952239
-0.0109097074627203 -0.0658446480637346 -0.0468470961997682 -0.00478163225897421
-0.0285705236988577 -0.05278272002085 -0.0390381704504247 -0.00303294856753731
-0.0302851233606291 -0.0526910184717617 -0.0203923768126458 -0.0152998378944141
-0.0267398189723302 -0.051545716195971 -0.00770733429712756 -0.0363886964433951
-0.0208389117880242 -0.0648734100337387 0.0141396845466864 -0.0516790601481911
0.00388432582204552 -0.0775560010383015 0.0435210645718425 -0.0535973891393018
0.034198312402225 -0.0728025218279372 0.0702884893817485 -0.0228695676674912
0.0744678088258285 -0.0448288655293844 0.0535279571710232 0.0153026625724348
0.097259503347543 -0.00223475846681766 0.00827307275795906 0.0326746927043567
0.0878956876145283 0.0211002365592895 -0.035694415221222 0.000172360385521038
0.0523903032502902 0.0222270438022242 -0.0877804267368121 -0.0212355973638384
0.0714738563604424 0.0084483738164191 -0.0804395844949882 -0.037929210490109
0.0627969147021309 -0.0204266431617224 -0.0674651436093889 -0.0317156636666089
0.0359011911240297 -0.0479379421681161 -0.0537091376854228 -0.0215845231642441
0.0104089563609203 -0.052400642798857 -0.0484116842219725 -0.0260267152718339
-0.00744202415632183 -0.047366553774129 -0.0551410951048768 -0.0229969361877623
-0.0197729392088516 -0.0390050873633357 -0.0494744607883142 -0.0207531101293927
-0.0193055880694053 -0.0407913378571478 -0.0297223149964609 -0.0327506689952066
-0.014640268205799 -0.0409163784152074 -0.0149464243750137 -0.0536821963809165
-0.00708327145803491 -0.0516459607265739 0.0110053637152253 -0.0659858415008229
0.0144570250338334 -0.0557148994296613 0.0451917118431143 -0.0635812486986965
0.0381598280767842 -0.0474825290991875 0.0706345263548301 -0.0246976907698767
0.0643808104743859 -0.0192818079874457 0.0479700823268547 0.0133607413123196
0.0742725879694043 0.014834051699791 -0.00467685895381118 0.0244376916938564
0.0593428315027257 0.0270855936631301 -0.0565099682605734 -0.0137462605971743
0.0191059380340325 0.0162842870886186 -0.10847170066197 -0.0232381400959251
0.0339744310635166 0.011654534032913 -0.0894249060214786 -0.0291816515734189
0.0328077430609666 -0.00566674192923718 -0.0678975121939658 -0.029933530053071
0.0191899448265262 -0.0197742366237722 -0.0513891619466971 -0.0238709638803758
0.00708884038497661 -0.0219374476230766 -0.0518147007979562 -0.0345787842361724
0.00109647024461666 -0.0208091331251728 -0.0615181070406447 -0.0310076838216835
-0.00611578246992194 -0.0204592283664473 -0.0558437549332084 -0.031300150665645
-0.00568151374267205 -0.0230148384537078 -0.035377897424027 -0.0452541439089061
-0.00279216171986228 -0.0242913589057026 -0.016111422440035 -0.0663625483453151
0.00296176895232909 -0.0296183836373771 0.0143053325227436 -0.0750360219523979
0.0158605394426349 -0.0284083980958125 0.0505099479135295 -0.0669856768659907
0.0311279402121635 -0.021892529044382 0.0726606840964339 -0.0244804313374399
0.0439672447137435 0.00043473993411512 0.0445794296082408 0.0111936170821951
0.0410010594372871 0.0227024259939265 -0.00873354670011141 0.0138143503895447
0.0239273331934665 0.0259203233677603 -0.0646136301845596 -0.0277193588343747
0.00756994201546116 -0.0131972321945725 0.074070035396603 0.0339088185674797
-0.0100129374676149 -0.0160554345040355 0.0276095377047058 -0.019649706826425
-0.0167954373657079 -0.00330594133814416 -0.0397098299773823 -0.0212934960558523
-0.00917384027837606 0.00495489552414239 -0.0790441870285052 0.0117541932093404
-0.00495930747477809 0.00334209370123898 -0.0664108957372897 0.0644465764493918
-0.00641057761772229 0.000918019024744451 -0.0235798637232527 0.0847688186449937
-0.00719012644509145 0.00200418738086825 0.014701719914158 0.0755652892593141
-0.011128420584609 -0.000568782690710161 0.0407988019145166 0.0576131136887715
-0.0118484527377323 -0.000240635304397906 0.0571953257286561 0.037468175770991
-0.0144511057282181 -0.00294501098058175 0.067201922264165 0.0307491591957266
-0.00972691365899712 -0.0103492645613701 0.0625227179284631 0.0340821893351444
-0.00477838611626515 -0.0109150627070411 0.0581979493092937 0.0308147148783118
0.000133134204158462 -0.0141220039939787 0.0634872122456194 0.0347100326297874
0.00969352348636402 -0.019879559623513 0.0816901782390871 0.0418464058689577
0.0173790963587056 -0.0123397310576096 0.114024370192051 0.0315627899506849
0.0378888614339071 0.00167601436881717 0.0656821931553025 0.0367816319054354
0.0254708041500554 -0.00732555261118597 0.021811556637557 -0.0184728447323866
0.0124590065933141 -0.00657508432058062 -0.0409434088589073 -0.0208969751677641
0.0111851009826054 -0.0120019907299681 -0.0791459190641068 0.00723669513520536
0.00574245557899489 -0.0216234007859814 -0.0680671146396098 0.0575188104621755
-0.00684296159502652 -0.0247788764810761 -0.0301101597099725 0.0782311456815095
-0.0171618810717787 -0.0201411440982484 0.00708946743918759 0.0717026754621317
-0.0246429948578399 -0.0225441975813972 0.0337491044909235 0.053530370562379
-0.0261241034786646 -0.0211260728935206 0.0505293773614234 0.0306815794779723
-0.0274984620711415 -0.0294725338190019 0.0636891857262621 0.0197222693823278
-0.0131411168127636 -0.044567453187137 0.0656277489884308 0.0204732397018568
0.00578558045843117 -0.0452303515613548 0.0650154782831218 0.0214670977268146
0.0298190748800093 -0.0373998609704017 0.0651279191434211 0.0302812739096923
0.0521309116426645 -0.0252636900776684 0.0719343947355463 0.0366738768481647
0.0585541484834778 -0.00772010898351868 0.0961769311662828 0.027734162320527
0.0632317607405182 0.0178372276108976 0.0459841737240993 0.0297430836707917
0.0609958802393086 0.00372308052709693 0.00989776062649048 -0.0262911859544684
0.0448130223053684 -0.00910646889517074 -0.0458215504635973 -0.0252564460520941
0.0338605196580313 -0.0299223098296446 -0.0791129672831622 0.00213912064097019
0.0169841836924196 -0.0450902275108288 -0.0656796934822981 0.0471825379047735
-0.00621104025828558 -0.0490246257360779 -0.0336042092650208 0.0645960938140042
-0.0239853912976467 -0.0402981121987759 -0.00312128992616714 0.0599046923054754
-0.03413400940555 -0.0410444471089207 0.0211403036647103 0.0421847683322537
-0.0364665329015663 -0.0378270100380378 0.0373038027365935 0.0183296277263725
-0.0377348233037461 -0.050642896254152 0.0536674292450806 0.00297417598592885
-0.0176350123158338 -0.0707169235418689 0.0638111704573832 0.00107651264114159
0.0108842898654164 -0.0734514204272212 0.0706798283709229 0.00863003689668081
0.0520825031142344 -0.0591288600034715 0.0666952949513461 0.0257945516092421
0.0843596447935455 -0.0303881369573431 0.0590248099599555 0.0348334806705527
0.0898983690302426 -0.00369321825886866 0.067377494522492 0.0228931481447299
0.0804810003409537 0.0287562285935048 0.017210921038096 0.0151913155555065
0.0896497462510966 0.0100009084901043 -0.00993497688419647 -0.036452899545556
0.0735904487163028 -0.0158602483144128 -0.0532233529388131 -0.0306975014349679
0.0509003627613041 -0.0503070300497284 -0.0766810594407553 -0.00261702931162376
0.0219017464564465 -0.0669446050962202 -0.0605150092904715 0.0318669804957419
-0.00839313927432683 -0.066189175391202 -0.0365517646329772 0.0449932261324194
-0.0301177655615279 -0.0535425844983728 -0.0139675009796272 0.0414169166359273
-0.0394424086503519 -0.0532116974251599 0.00725657388828127 0.0246764120821476
-0.0405716429112136 -0.0490743431458422 0.0209887168701133 0.00156211263489556
-0.0415943377673888 -0.0636128939424793 0.038541462835255 -0.0165779415531041
-0.0182679957035827 -0.0859524850587495 0.0570681896140211 -0.0210361727469867
0.0149005399425172 -0.089240584667403 0.0733121814320391 -0.00598961621977289
0.0657289150596442 -0.0714596829557213 0.0657117096907944 0.020426757380977
0.104475073666552 -0.0305579189248721 0.0433229736853275 0.0354041018481597
0.106111079638943 0.00216049408278231 0.0314159425691118 0.0185201119802899
0.0854161478846598 0.0328982320714096 -0.0193267560766919 -0.00173852980246704
0.103938265079957 0.0114518465311742 -0.034838459702176 -0.0450505783196297
0.08859574032674 -0.0229764445252042 -0.0604678956068245 -0.0350011174972649
0.0574333000080623 -0.0640735943092643 -0.0706153650111559 -0.00925015496410819
0.0217822408330288 -0.0783951404936362 -0.054499236892351 0.0114742746564214
-0.0103018681519107 -0.0736097555039946 -0.041301630432861 0.0195688919417428
-0.031501440597153 -0.0581207911455235 -0.0269151405910656 0.0196030808403886
-0.0377125906567519 -0.0572982486920927 -0.00749650043423746 0.00441053928498844
-0.0364253133661441 -0.0540671755208388 0.00452157443308203 -0.0180435012177272
-0.0342464567426432 -0.0693952638233997 0.0240443667497343 -0.0348404639477086
-0.0101427748770289 -0.0893086494081186 0.0484495775107958 -0.0403453675595149
0.024396996312617 -0.0893629819914017 0.0727419753541025 -0.0174372702855829
0.0744999765110563 -0.065536127196803 0.0607107130237904 0.0177417008556597
0.109590862342188 -0.020086884802718 0.0247932997900384 0.0363627726878839
0.10561157051426 0.0123888803783928 -0.00429560216455471 0.0113290673760805
0.0759389222414718 0.0303211407514071 -0.0572410864676944 -0.0157734393988979
0.0976630984877201 0.00974382270879259 -0.0615353756692383 -0.0460331905561845
0.0849753631279567 -0.0263032342559544 -0.065827557982669 -0.0351375670441347
0.0509952377257528 -0.064161948251106 -0.0615287455462526 -0.017180439147972
0.0164890689126875 -0.0739264577124296 -0.0497938773700013 -0.0105747641433269
-0.011071980999369 -0.0671237015649619 -0.0483629454908279 -0.00528482701631495
-0.0286631908681368 -0.0532881907030031 -0.039564558914219 -0.00241875850393467
-0.0307656219895073 -0.053046524372121 -0.020409464233504 -0.0163514430414268
-0.0271089926873405 -0.0515456921340977 -0.00836551938728874 -0.0377544547318658
-0.021669884677733 -0.0657135410537332 0.0140820409489239 -0.052418382787241
0.00379774581131027 -0.0784871685810814 0.0445365976039816 -0.0544657565064935
0.0347590335349991 -0.0729603626121961 0.0719542933987609 -0.0232091890439693
0.0754762211642545 -0.0452592353363488 0.0540948952395551 0.0168045940218663
0.0992592812286927 -0.00154885203135274 0.00775620957761688 0.0332030985802271
0.0888625409221854 0.0229238774873508 -0.0359000303206098 0.000128442862414091
0.0524929013209809 0.0238166265508033 -0.0891969546589377 -0.0232208384178346
0.0718493853128027 0.00859211140365165 -0.0813264418690331 -0.0400482738744683
0.0641698596868026 -0.0203867080875835 -0.0680197750873776 -0.0338514812638535
0.0366665208450779 -0.0484780728210181 -0.054237416180666 -0.0230916258188905
0.0106971397136887 -0.0533384680870852 -0.0491411424702131 -0.0284817287863031
-0.00790454350589762 -0.0484395742257523 -0.0565945121263678 -0.023577189012584
-0.0195897033080267 -0.0397168431472232 -0.0500745573068743 -0.0209255990813594
-0.0193676933102736 -0.0408610208357119 -0.0300489016885565 -0.0342186849641411
-0.0147429848327216 -0.0416848701808113 -0.0147465879394308 -0.0552548878078238
-0.00670205847028664 -0.0522785859992003 0.0115656862167371 -0.0667379273205889
0.0144549141948035 -0.0565113050044225 0.0461594130484901 -0.0643137807917628
0.0389006815181911 -0.0476269141862455 0.0723415207684655 -0.0253981257001407
0.064931954353323 -0.0192508592675499 0.0478577567140611 0.0144329403847868
0.0750614733054008 0.0157121505008175 -0.00461840769104618 0.0249355990369769
0.0599656865546955 0.0288339093460153 -0.0562115460612178 -0.0138686707874139
0.0182354442665709 0.0173195798864034 -0.109967746263858 -0.0249349344912627
0.0345303760129711 0.0119871758276086 -0.0901858761649528 -0.0306232378411173
0.0334621858776314 -0.00602993016176223 -0.068258133835664 -0.0316375895944294
0.0192473455886929 -0.0203180941568305 -0.0507021617797216 -0.0255409910330893
0.0076160167114469 -0.0220825661563286 -0.0523642806364521 -0.0362635566244166
0.00106054469129991 -0.0218894473766165 -0.0629661210127685 -0.0318276684610094
-0.00579536277270647 -0.0211079472966041 -0.056378742621228 -0.0310901823369121
-0.00576151764703943 -0.0232757372782666 -0.0349637411386534 -0.0468394005617437
-0.00246817756270187 -0.0243411890298841 -0.016012627211827 -0.06769840655697
0.00322640131081921 -0.0297057210522532 0.0149561390531528 -0.0762426837017453
0.0166660363746098 -0.0285403133503226 0.0516249287728907 -0.0673694610580913
0.0314847599216993 -0.0217422252947569 0.0735234152661479 -0.0240055746481778
0.0441449537709868 0.000636243842713684 0.0450889576494786 0.0118497835930371
0.041023459430029 0.0235709229493049 -0.00890219057363714 0.0146451259212088
0.0242817985669099 0.0267998598632973 -0.0653061606467485 -0.0279775806384069
-0.000666609046845984 -0.0153948147314732 0.0801816457036353 -0.0184407946858103
-0.017609423395977 -0.00715208236535461 0.00889419580962075 -0.034004103975172
-0.0161143471691893 0.00720021867481007 -0.0467029188956083 0.00710111234762285
-0.00480679655932163 0.0103391577857276 -0.0587991839423281 0.058846126783281
-0.00163352914644777 0.00593300334796182 -0.0142743622256089 0.0939514752746962
-0.00499378279740016 0.00461511756135359 0.0330646092999126 0.0841444835609252
-0.0048494115049735 0.0058949018899192 0.0600604429134394 0.0525821019307509
-0.00958344210504837 0.00641664786240465 0.069359075132902 0.0209150502392549
-0.0095132956684529 0.00740375821117402 0.0701851033500468 -0.00584245854218695
-0.0132677086874834 0.00626520305248483 0.0748670058430697 -0.0164071432303685
-0.0148081570388028 -0.00282745973882211 0.0730759274122845 -0.0113204578062784
-0.0108401548295681 -0.00681578620674165 0.0673628826147031 -0.0103157374942434
-0.00842515694055534 -0.0128516150428611 0.0745107253119368 -0.0100794544949989
-0.0035760674946664 -0.0232953768846484 0.0952990328702745 -0.0175165290475199
0.00828478165298729 -0.021110341916162 0.114948360691649 -0.0467713608560401
0.0336394359785308 -0.0207539403652764 0.075840414763337 -0.0137534332474583
0.0164390699905774 -0.020693094771735 0.00663805376830766 -0.0298651574699722
0.0064700005780093 -0.012799287801629 -0.0467412819665381 0.00679760689403249
0.00179984001735402 -0.0157133238516392 -0.0618155151374934 0.0543210074573536
-0.0078875648187313 -0.0207000758384225 -0.0208059719899552 0.0886646972103498
-0.0204586866219076 -0.0159747773580728 0.0233812995928039 0.0817537780620529
-0.0262236342751812 -0.00623943355174085 0.0499321548038656 0.0547169214348851
-0.0346137238302595 -0.00279647296740394 0.0608943602122019 0.022141333694239
-0.0351671691686756 -0.00120043808999907 0.0608401201018294 -0.00722124632372708
-0.0416560542090835 -0.00715405137513044 0.064825012527295 -0.0239273580136703
-0.0391760300616048 -0.0297551161403653 0.0672281043756133 -0.0244228471581635
-0.0232920735057295 -0.042209417162834 0.0674210580531214 -0.0216741030599602
0.0023735662497046 -0.0527178866719317 0.0727964646452917 -0.0147461183716735
0.0282132946484026 -0.0555765081379994 0.08451867752659 -0.0141655969375235
0.046231931843524 -0.0443080905800652 0.0972923742068962 -0.0366912062728678
0.0641858408070391 -0.0211253610348195 0.0560718526317558 -0.00893853531018862
0.0512581824788003 -0.0322207091424164 -0.00684887544675955 -0.0292450218522987
0.0315456589407087 -0.0334033320882947 -0.0520468942600583 0.0036423783056551
0.009640365081486 -0.0433703588774788 -0.0654689344980256 0.0480993110402517
-0.0132200613379546 -0.0466731267124716 -0.0263558424539032 0.078226355918037
-0.0349192820300495 -0.035559841061253 0.0114007163985005 0.0725646523011469
-0.0440570266195392 -0.018006745833159 0.0335370185798913 0.0514594473417964
-0.0541879825150997 -0.0122746353072172 0.0436939372354416 0.0208422946179206
-0.0538290028557926 -0.00877553241653452 0.0423633485497085 -0.00878441242453195
-0.0630652905637588 -0.0181275351192064 0.0468442537528894 -0.0313805092895618
-0.0595704916138393 -0.0482958334410896 0.0527405866213312 -0.0388149868499158
-0.0362652991335432 -0.0693259213489888 0.0638961024608117 -0.0363117063222007
0.0071429814367374 -0.0856649329806662 0.0712090562355218 -0.0194603551487773
0.0524247652286004 -0.0811646774592009 0.0731460099601189 -0.00669943316610958
0.0752040285383553 -0.0607968608120196 0.0687760178795521 -0.0215143605810372
0.0848728209407221 -0.0213666213861624 0.0239186406424633 -0.00511696624056114
0.0786674060209865 -0.0437449697612063 -0.028637592715018 -0.0274533546388452
0.050467586299737 -0.0562443717869966 -0.062015946165748 0.00261829920289723
0.0119980105852493 -0.0693206866064106 -0.0662992404381544 0.0415475164152119
-0.0218047656099923 -0.0672752107956998 -0.0313072390368597 0.061828637243961
-0.0468879698961799 -0.0488134287923434 -0.00326169378049739 0.057451835735119
-0.0565852596863279 -0.0251993391346537 0.0134299819756098 0.0435565270978988
-0.0654893322268453 -0.0188277544800194 0.0214245292382038 0.0158885547144376
-0.064515581086148 -0.0158562629976059 0.0181555800156975 -0.0124140447448591
-0.0750061120135876 -0.0268053872760596 0.0223100534684298 -0.0377445396356228
-0.0703490279792056 -0.0604781147779205 0.0323553503938769 -0.0522867881777089
-0.043579052746803 -0.0856361202396997 0.056235126990962 -0.0500730354683068
0.0111838381538442 -0.104570182956548 0.0662165232865981 -0.0232040051425133
0.0688265503554261 -0.0941989490630347 0.0601519992211669 0.00459468353571679
0.0924356851309788 -0.0663331839512819 0.0358269190902229 -0.000644184359278216
0.0912667919776188 -0.0206795527834632 -0.0158348912207355 0.00351142251487058
0.0906339041042382 -0.0510157304787145 -0.0542780585498019 -0.0188688868253114
0.059293899363155 -0.0714970787030576 -0.0700382803166288 0.00269436715404767
0.00922656005039037 -0.08437154590392 -0.0660901433843118 0.0311149826432142
-0.0289335714572597 -0.0763985520229631 -0.0393719314684277 0.0409056969804117
-0.053142964405392 -0.0531928941926034 -0.0230340203722051 0.0395238711511802
-0.0609029566467482 -0.0280878099522263 -0.010846666707352 0.0331215980571077
-0.0669346330324358 -0.0232301671964821 -0.00386007328860931 0.00797805719317595
-0.0648781615022602 -0.0223869428161506 -0.0070636927133675 -0.0180456388305972
-0.0730108480589131 -0.0354367247569779 -0.00204353003021174 -0.0440293237226514
-0.0659463066535809 -0.0681723399308279 0.0141086597441017 -0.0626758692924107
-0.035300429311733 -0.090701409949149 0.0485724306869012 -0.0591021903953467
0.0217631600894402 -0.105508626027921 0.0607830804542109 -0.0221781939677116
0.0804183718860109 -0.0884311107783873 0.0447317268748141 0.0177280035642017
0.0976444555052848 -0.0577029471782021 0.000775254054182098 0.0169605154656473
0.0818385102293755 -0.0171391851119715 -0.0556196255879257 0.0161249907051759
0.0848367623551305 -0.0485672209977029 -0.0761782203286984 -0.00336181823198389
0.0540640094935341 -0.0715411606226904 -0.074923060489475 0.00528323450411806
0.00429037692782893 -0.0817343230321257 -0.0632445257901936 0.0191190306039549
-0.03071999748438 -0.0696627190430402 -0.0494323948523597 0.020205869663614
-0.0496284707555803 -0.0477119298074884 -0.0444875758631886 0.0244709936735552
-0.0550686400008083 -0.0259562072668647 -0.0348559661554312 0.022575993493643
-0.0583104199644305 -0.0243042634485429 -0.0275414976361656 -0.000108175031775976
-0.0552919669850451 -0.0262346855948068 -0.030260742295431 -0.0265856380888477
-0.0599206681216747 -0.041547595375467 -0.0209405211662004 -0.0524880662299326
-0.0470094133787104 -0.0682161629053518 0.00176393503885254 -0.0722791898190234
-0.0167327663029755 -0.0840459331067594 0.0438345383231426 -0.0638479333629621
0.0360414790808957 -0.0878672329033744 0.0540670696562199 -0.0191454163981367
0.0829860830209947 -0.0652062382428496 0.0282592226146233 0.0260961631649361
0.0898221901805625 -0.0374160411883751 -0.0322415724464844 0.0264126595559196
0.0575950099400657 -0.00893856574056538 -0.0872057692559253 0.0322850111223864
0.063764688608481 -0.0340856482823102 -0.0893907546926605 0.0148871590571908
0.0406702481231318 -0.0541529449910047 -0.0755398761042365 0.00882104430835729
0.00145558714015823 -0.0601688928991616 -0.0606903369425127 0.0110452831858452
-0.0232742241062046 -0.0494791847981259 -0.0595746703290408 0.00603812595382453
-0.0355419956663097 -0.0343379007874882 -0.0619514440781954 0.0151899094952752
-0.0397798531703182 -0.0203087014583833 -0.0544614048131352 0.0147039967155805
-0.0421591698435045 -0.0212866678105583 -0.0466064669127465 -0.00921903312036372
-0.0389857691946883 -0.0249935690708813 -0.0463829214823283 -0.0359909163361197
-0.0391825381619386 -0.0383884239656562 -0.0317218673146574 -0.0627518009204627
-0.0239472338057741 -0.0568369481406976 -0.00345507855539796 -0.081190207850935
0.00273195333172886 -0.064900470867857 0.0430047415835433 -0.0658140123486901
0.0436291101204089 -0.0589035333163002 0.0477897110951687 -0.0176401660050084
0.0730291853368435 -0.034834455885986 0.0118927393088993 0.0265119206608096
0.0689130573296171 -0.0139935058879063 -0.0581054825791018 0.0268835980079712
0.0250975076690787 0.00489709880831502 -0.103941639284627 0.04527519381133
0.0346374052326214 -0.0095237747297554 -0.0923598015722256 0.0288133547671235
0.023635667973076 -0.0245518423528961 -0.0750370420535131 0.0129927291890791
0.0032895070161849 -0.0279456039822772 -0.0588496733842802 0.00744829178336827
-0.00723279099056202 -0.022047270176096 -0.0661881937590765 0.00198006594082519
-0.012058000987992 -0.0182434898810302 -0.071471998584391 0.0130871571390568
-0.0170843823668656 -0.0133995446261251 -0.0665486775367388 0.00940737806323233
-0.0189475245445467 -0.0153164101807972 -0.0576633357974244 -0.0156667575240041
-0.0177008473296789 -0.0184106280665172 -0.0556917560842389 -0.0449497145384854
-0.0161613516201839 -0.026771844187032 -0.0346172808950435 -0.0722582662528359
-0.00414630472415425 -0.0356308399592128 -0.000620542611140633 -0.0870726471006735
0.0132172548807312 -0.0385955487603963 0.0450795407494846 -0.0657639705125901
0.0390248111095344 -0.0282543384023415 0.0440374870613487 -0.0177721059968093
0.049727955725181 -0.00625868937960988 0.00146391298457049 0.0199866706565247
0.0369507492869071 0.00722405854683583 -0.0729540606230087 0.0194096013812191
-0.000641507953332932 -0.0166230768852065 0.083000369302759 -0.0229533316409918
-0.0187185642932703 -0.00694865579346972 0.00741817727087184 -0.0361045751610398
-0.0162639940590272 0.00795559105722756 -0.0483126599310471 0.00823000565469678
-0.00472581484636553 0.0105947064399589 -0.0590136707400179 0.0627501754901209
-0.00169316701531981 0.00643819079586178 -0.0111237403081714 0.0979352995996064
-0.00504078658833787 0.00534462611362116 0.0372702070092493 0.0856032059041078
-0.00479947418352764 0.00619981019167746 0.0631533276911667 0.0516319608968572
-0.00998854253581019 0.0072396805010043 0.0730997631708492 0.0190120042334225
-0.0101488920945754 0.00813361434721807 0.0731030482866482 -0.00988075129019992
-0.0136256000212349 0.00621703840882607 0.0770564301710848 -0.0203058388883556
-0.0156278956004117 -0.00273967792916477 0.0761873776850262 -0.0148371954390518
-0.01125015310581 -0.00654697346495516 0.0698772253142692 -0.0118107595738334
-0.0096775527944197 -0.0135002052197776 0.0775877604853963 -0.0120535218848018
-0.00548487970627453 -0.0239963940981546 0.0987714053580285 -0.0207893434670703
0.00771529168044967 -0.0212804844530944 0.117350665032711 -0.0527384141299131
0.03465839743279 -0.0220863908567555 0.0779844770582662 -0.0168391362486724
0.0158684571196801 -0.0226280780683721 0.00458121012662452 -0.0321953653290228
0.0064145119200379 -0.0133023289642379 -0.0486210255926878 0.0072780435386289
0.00144789065222797 -0.0159320169786907 -0.0626731231272678 0.0581922663059673
-0.00895979602070762 -0.0210520323870917 -0.0190188176006362 0.0926697648709418
-0.0223602959388844 -0.0151707610331023 0.0271447426118846 0.083966931515498
-0.0275164129210643 -0.00531440806952082 0.053682436052794 0.0540221465414305
-0.0362453826819293 -0.00122581517056093 0.0640277198840164 0.0212626676045715
-0.0367081639754807 0.000480684678994169 0.0628561952694355 -0.00975271725178515
-0.0433398645419999 -0.00612255281188975 0.066691471928331 -0.0276167020341604
-0.0424323529618182 -0.0287271311440019 0.0696693031641907 -0.0283310188959783
-0.0253275206793573 -0.0431942668721931 0.0695564036749449 -0.0245728566255542
8.13544539898072E-05 -0.0545142774869403 0.0758439205121866 -0.0166497339321597
0.0268093794726918 -0.0588048571010718 0.0876482282995311 -0.0174905271909996
0.0464096631806245 -0.0464928806561329 0.0991799520298606 -0.0420823599336113
0.0660959384907536 -0.0233880914842194 0.0581471251009117 -0.0116177574593586
0.0520407666919338 -0.0354527754772667 -0.00867147596066109 -0.031462269569059
0.0323301593354801 -0.0361337294499468 -0.0549164745176227 0.00440588615348658
0.00861979596180706 -0.0452470570358019 -0.066571823705539 0.052436948903883
-0.0157950623108242 -0.0476881696301296 -0.0249175114173319 0.0816505250727016
-0.0376987781968442 -0.035364465818723 0.014152617980053 0.0751309996648044
-0.0469900105475104 -0.0169830510831971 0.0367723247061 0.0518167563054682
-0.0568402858089346 -0.0102303273292798 0.0460356438571655 0.0203304727585914
-0.0569341451138664 -0.0072138090518282 0.0431267844251935 -0.0109142730888361
-0.0672650499599703 -0.0161669849314139 0.0462480557104288 -0.0348211498729347
-0.0642282403405085 -0.0477990302158696 0.0533008412762759 -0.0424781864118702
-0.040492995563392 -0.0711259010143203 0.0649825144434407 -0.0397064354072126
0.00365724169203599 -0.0889448900266108 0.0733587362052843 -0.021100399424537
0.0511355168829277 -0.0863087765632498 0.0756942965019737 -0.00872282941948297
0.0758128788100973 -0.0648830682006436 0.0706540390259628 -0.025008264301281
0.0877701164078302 -0.0241937064721105 0.0244808512822395 -0.00586816020340193
0.0795024116916804 -0.0492562984382003 -0.0312376829294566 -0.0283659669208763
0.0512657691761135 -0.0600675062258796 -0.0647209043925734 0.00308253945072482
0.0100619916885559 -0.072739337266522 -0.0682102215350456 0.0445164274572296
-0.0256604106487731 -0.0682874364510484 -0.030581766958268 0.0656886478476635
-0.0512696306215589 -0.0483932872560678 -0.00178870594028099 0.0597154753652045
-0.0604827827545023 -0.023736720677242 0.0159947341680005 0.044307103126186
-0.0686593425544456 -0.0163904446298525 0.0225612920822001 0.0155179903524142
-0.0679181748805772 -0.0136278190766453 0.0178694730372616 -0.0142764876742229
-0.0789724992335276 -0.0245624868246007 0.0204468652216337 -0.0407495995142386
-0.0760990374926576 -0.0602689468984399 0.0321195894089039 -0.0555553407496676
-0.0488578419201979 -0.0866901541101112 0.0561885851130273 -0.05391258923894
0.00626623046326207 -0.109530285226315 0.0690771349696035 -0.0252693180753873
0.0680120541121115 -0.101195171562364 0.0621075841184435 0.00400396536361849
0.0936007460229362 -0.0710402103650028 0.0374228510894838 -0.00246883486732139
0.0946199503230184 -0.0237612488681729 -0.0169008070279961 0.0046101423376101
0.0922537204506272 -0.0571563375986862 -0.0573428363161895 -0.0178791782903522
0.0589167296066472 -0.0763284020046832 -0.0725746449503939 0.00265891421159964
0.00618164532073974 -0.088422584777752 -0.0681005325874472 0.0340416078379769
-0.0340266945685656 -0.0778550989380718 -0.0402046193878923 0.0432435897680911
-0.0577479561388376 -0.0532625255224857 -0.023428253443248 0.0423367585212726
-0.064439080407822 -0.0269541437461979 -0.00972969709126931 0.0345265954974222
-0.0701025937125681 -0.0207642219365291 -0.00382892374434552 0.00858041637919028
-0.0683861769329532 -0.0197151414395995 -0.00882901787070886 -0.0189685709572346
-0.0772472877392885 -0.0341102849143291 -0.00441236952747507 -0.0457694451483045
-0.0714320966940145 -0.0677110661320435 0.0125562307483577 -0.0656294383381068
-0.0405756112228015 -0.0924111179490716 0.0479451682222078 -0.0631196595547133
0.0182317090120055 -0.110274279220494 0.0631515226649071 -0.0244002716447283
0.079686561685317 -0.0949571908939048 0.0471864082178574 0.0177199472939341
0.0992443597408901 -0.0621442544928692 0.00141103983813964 0.0169776763667555
0.0845716575842576 -0.0200773873342747 -0.0578505971119596 0.0185522805378958
0.0860918986079063 -0.0539585998533217 -0.0799926765486405 -0.000692943697195076
0.0541022883445962 -0.076253097295174 -0.0774853324903726 0.00626570457536584
0.000709616479136619 -0.0847130328445878 -0.0659451220430688 0.0216823606163707
-0.0349792862292187 -0.0708795096028679 -0.0513134559269076 0.0222392176193675
-0.0538323805451172 -0.0472850140172005 -0.0456210470998934 0.0276220238633453
-0.0586186624040632 -0.0245699648962601 -0.0344286397905255 0.0250470069081262
-0.061322881528233 -0.0225388651800346 -0.0293345897065763 5.88096280701166E-05
-0.0586068831057394 -0.0248765752015888 -0.0327412719085056 -0.0263807497665829
-0.0640808395269644 -0.0403539090373039 -0.0243591838023841 -0.0540827209561469
-0.0515891441555054 -0.0684556976228969 -0.000878352693515279 -0.074808193592077
-0.0207035786171052 -0.0863296201900954 0.0432219776567577 -0.0681826499318599
0.0335665789622528 -0.0926503343716954 0.0563028730450696 -0.0206236611124812
0.0831304148340828 -0.0715306221040332 0.0295392398380781 0.0267554699009627
0.091613498030973 -0.0420039846578748 -0.0319910645712783 0.0281015707534487
0.0597785256717937 -0.0108453626949483 -0.0898872552865008 0.0357623421184535
0.0641175035321102 -0.0380144000582991 -0.0936744301863581 0.0180370849278951
0.0394287638618995 -0.0578600553624427 -0.0778883938204367 0.011225182794378
-0.0011135997546845 -0.0621811229875071 -0.0624789980696143 0.0119113144640116
-0.0263595457171797 -0.0499567352359942 -0.0622510176819977 0.00729132731253633
-0.0382086539192067 -0.0343552527413577 -0.064191297462105 0.0183217444743792
-0.0422811513381663 -0.0191376373893424 -0.0561987023780341 0.0174855939136323
-0.0441322430971933 -0.020176719175867 -0.0487396197008999 -0.00781856203981232
-0.0410420467504096 -0.0243305768145755 -0.0506519834559484 -0.0358179955947035
-0.0424303895849828 -0.0384667476692453 -0.035990900590875 -0.0638283363484063
-0.0270033181665273 -0.0578884108616833 -0.00593984404411506 -0.0837275417609169
0.0010356988809322 -0.0669282304954728 0.0417524034881193 -0.0704174086748915
0.0433264542915944 -0.062650919954921 0.049508755416706 -0.0186237280387048
0.0744197526458817 -0.0391818062820609 0.0134498434516261 0.0276602441818774
0.0708827148868699 -0.0162312457266707 -0.0584940460995783 0.029437546955408
0.0260019702829292 0.00481501566145976 -0.107093837774411 0.0503034063024108
0.0355123603683859 -0.0113726749073704 -0.0949394120572132 0.0327143913398374
0.0231085904607544 -0.0267025412226299 -0.0773558267614742 0.0156358391263429
0.00223982214522473 -0.0284370729389254 -0.0612069013677018 0.00881630484280168
-0.00884542850184386 -0.0222264107180559 -0.0696868170904114 0.0037936023685825
-0.013974908102065 -0.0188524229934629 -0.0740879443601693 0.0165148257486739
-0.0183460065038585 -0.0131589365790984 -0.0683822483535701 0.0131732175889745
-0.020015193044511 -0.0147526036566297 -0.0611077006341075 -0.0147153724966644
-0.0188815219613073 -0.0187079682390167 -0.0596249274511886 -0.0445865094954012
-0.0179585186943835 -0.0269267000714428 -0.0389467775868075 -0.0733583862999437
-0.00532134810457641 -0.0361759490612604 -0.00386291122862793 -0.0900594176401896
0.0124516326930235 -0.039826893496154 0.0439849042496088 -0.0698717713436969
0.0396548893313859 -0.0304863864677654 0.0448713760922945 -0.0192965320725427
0.0511696385885297 -0.00813925123692966 0.00243323111662934 0.0210150283146497
0.0386255928940638 0.00616877546988817 -0.0745290540277344 0.0229360457580727
-0.00228240489664179 -0.0169825527635237 0.0825946731055637 -0.0289455624794336
-0.0196863640679987 -0.00523305957632538 0.00472383678660076 -0.0380679290317218
-0.0154343058154765 0.00891101498725503 -0.0489989304560013 0.0112456301894642
-0.00418103382996614 0.0109255736563308 -0.0562066596435298 0.0679400127683349
-0.00121042347236929 0.00693036618612869 -0.00580230275787405 0.100353318731415
-0.00444896203518289 0.00598841557886527 0.0430422454459963 0.0851654348781568
-0.00519533676169414 0.00672902455067603 0.0669347823599457 0.0483215870611143
-0.0102590392587433 0.00805028577523985 0.0752023035589399 0.0147797640141909
-0.00991164628627164 0.00860771541203625 0.0735928148599048 -0.0147513356645136
-0.0134942179785004 0.00720961022921533 0.07740638442295 -0.0261549886167135
-0.0158423187489096 -0.00180938551167925 0.0776247854187688 -0.0199858392059617
-0.0120100846429368 -0.00623701876837965 0.0708471060640434 -0.0157367119132481
-0.0108520416797722 -0.0134834523632311 0.0796033539070825 -0.0152576632843551
-0.00715034120093741 -0.0241413351465724 0.0997666709292465 -0.0265815065574535
0.00717606992052998 -0.0222437616443924 0.115436098216714 -0.0606943045376492
0.0337560107766094 -0.0248045189106209 0.0781702160702434 -0.0220116947847948
0.01486360295017 -0.0238087870033483 0.00182832110857402 -0.0339912586849167
0.00579467436050604 -0.0136457443101003 -0.0493632507932219 0.00936660401022644
0.000816861697894587 -0.0166337092014167 -0.0607847805227336 0.0629529288273513
-0.0105333205435936 -0.0201992906952746 -0.0131972800094441 0.0956296263090256
-0.0239485517364452 -0.0140094434473449 0.0328404264233896 0.0841095024210967
-0.0287823349670027 -0.00385037267229567 0.0577666621282815 0.0522115908227422
-0.0371129704327075 0.00113635263328554 0.0666159128290595 0.0172322269266574
-0.0375625913885423 0.00263518567262617 0.0628369078606634 -0.0144388879279665
-0.0450391502721778 -0.00383215351889952 0.0657979486669912 -0.0323949138347726
-0.0450491511443565 -0.0267369383904227 0.0691328623756759 -0.0333462781325928
-0.0291755648896736 -0.0425830313356087 0.069279961474863 -0.0282180025966414
-0.00373796101294905 -0.0562567011055819 0.0773390689686308 -0.0202525310819247
0.0233690079908985 -0.0613356410630945 0.0887759258347692 -0.0223386008524746
0.0444858370351781 -0.0494458966535624 0.0977971619848622 -0.0487922857905963
0.0666622079499299 -0.0274954124052849 0.0578934118611102 -0.0160670878255917
0.0508036367405044 -0.039785393263449 -0.0117184218024733 -0.0318984278992712
0.0302865067254951 -0.0385170684297097 -0.0556518633945021 0.00611293228666262
0.00607651204286846 -0.0464456837412757 -0.0652889112260079 0.0572032186328668
-0.0192136438227771 -0.0473554228933784 -0.0208295631776336 0.0843748136889612
-0.0410248161006211 -0.0333922556291724 0.0183208178027085 0.0751899374216004
-0.0487205809497082 -0.0143458700043535 0.0404262723468421 0.050222448875612
-0.0583064145550878 -0.00685419340912194 0.0478198539371064 0.0175857532532341
-0.0580966882072369 -0.00349879404650965 0.0428342181801943 -0.0145662592062818
-0.0689819849070761 -0.0126810015353724 0.0446585668882052 -0.0383917257515674
-0.0687534951638838 -0.0443206922029377 0.0523238398315034 -0.0473617447732069
-0.0458707808082811 -0.0697238177605894 0.0637153654869757 -0.0437664008657777
-0.00234017838313202 -0.0917083634152209 0.074656244632341 -0.0249545509041511
0.0466345989248118 -0.0919972254965279 0.0763387715501968 -0.0126718358384769
0.0733300031053018 -0.0700510845672825 0.0701894198604381 -0.0298787101821857
0.088836195817626 -0.0300390828115089 0.0237941417891319 -0.00749156002508637
0.0780462845927978 -0.0548005627994959 -0.0347445013507838 -0.0270936106643598
0.0490914032328254 -0.0637404624980241 -0.0649581073730378 0.00519384757919921
0.00568997592195184 -0.0745567125932843 -0.0670671318872267 0.0497004636409111
-0.0309089174410194 -0.0680006825827365 -0.0277063790989637 0.0680475059182076
-0.0556404394112171 -0.0457105693032602 0.00118736263538881 0.0613807860943518
-0.062685298917579 -0.0206533988764662 0.0192149888174162 0.0436825979182624
-0.071151375170553 -0.0118599009885071 0.0234883126759839 0.0142248229682334
-0.0700523198020746 -0.00946462751456715 0.0165536864336978 -0.0149661862993552
-0.0822921060350347 -0.0206677531237404 0.0177068234236881 -0.0426866315580902
-0.0820996548085714 -0.0558201564265811 0.0294746160911184 -0.0590317637070847
-0.0552030742890485 -0.0852168610798914 0.053424751320145 -0.0585808735656398
-0.000459248698867843 -0.111822604156554 0.0698583378106112 -0.0291298225924023
0.0620340858950359 -0.107693212269086 0.0640308956876935 0.00131638736286584
0.0910048336142764 -0.077076622265784 0.0379228811735086 -0.00504573491871021
0.0958066995459841 -0.0296930612788359 -0.0179624320975513 0.00514466394095728
0.0901778012010462 -0.063939877212441 -0.0601179148796447 -0.0149824615995976
0.0560333100242179 -0.0813082327576427 -0.0738329594480798 0.00601145776926903
0.00075206236500767 -0.0903683098257684 -0.0679822458130622 0.0379023719946127
-0.0396676333372714 -0.0768810863721556 -0.0390046687617196 0.0463092602762714
-0.062648018664179 -0.0499126099379234 -0.0215202587509332 0.0453003940919009
-0.0676292266296906 -0.0232079133700738 -0.00719477611367552 0.0355434446436972
-0.0727839303084416 -0.0170550055232788 -0.00331267982719628 0.009470180858769
-0.070545181176425 -0.0161381916751187 -0.0109951295507883 -0.0185891704246144
-0.0818795650886333 -0.0294118620399747 -0.00788136798388813 -0.0461761154289549
-0.0774804786476714 -0.0644216756224609 0.00857914392891041 -0.0681002025364763
-0.0473090351302015 -0.0910445792962643 0.0452174533356369 -0.0669275104408706
0.0111886599782002 -0.113738348027885 0.0630081556672749 -0.0271074628835985
0.0748398977450596 -0.10205689441427 0.0492808447135535 0.0167279401746712
0.0971900876016451 -0.0686490584244154 0.00351832936118892 0.0169266645171444
0.0856374030922965 -0.0248802972503204 -0.0580061999154047 0.022701052233274
0.0842240380577966 -0.0605984803758415 -0.0817266683878365 0.00345930701089107
0.0502895482742058 -0.0811346643310145 -0.0788217315311656 0.00958031439722402
-0.00456115941431301 -0.0859994266122145 -0.0664802518237009 0.0251892456956139
-0.0407381605189875 -0.0692868970246504 -0.0519180132435505 0.0250557133873235
-0.058511022251798 -0.0444864815204564 -0.0449278790401667 0.0309556611372211
-0.060780665145415 -0.0212983264654214 -0.0333863044749489 0.0273304584235872
-0.0641068922126685 -0.0186510326576172 -0.0295573595837672 0.00256820783093607
-0.0611498796628664 -0.021640438855308 -0.0352163032834832 -0.0248375985443154
-0.067462722044576 -0.0365313020008727 -0.028437528194784 -0.0531510783796728
-0.0574396822428298 -0.0663311817239796 -0.00560045424693348 -0.0765400307851296
-0.0260429525682072 -0.0855629231349199 0.039727618914171 -0.0720875070194542
0.0279623379868915 -0.0959177799539539 0.0564065504274586 -0.0238195995729041
0.0804831521618534 -0.0778114102112584 0.0317397032061742 0.0262106798084248
0.0909350752342514 -0.0471065088061775 -0.0302010244093052 0.0302509811071878
0.0611541090703405 -0.014041119636294 -0.0898607186752424 0.0414652969246321
0.0629972620051104 -0.0430685736675639 -0.0934625063362901 0.0238583873506428
0.0371431244283523 -0.0609048295491428 -0.0788479336387112 0.0143169369261361
-0.00532795394524656 -0.0634216415364344 -0.0630830700401167 0.0147933848079121
-0.0308331210261224 -0.0487950925651757 -0.064145525334516 0.0112942979619617
-0.0415810947920645 -0.0325188340855599 -0.064266796566294 0.0235028972396652
-0.0444639990674618 -0.0171226477060116 -0.0555760626622161 0.0211791558708368
-0.0457620883334552 -0.0175395876444882 -0.0504451070740119 -0.00479201104464094
-0.043300189638271 -0.0226022405799791 -0.0538388129088332 -0.0334313126507384
-0.0455709085909658 -0.0358382388052764 -0.0403130564941005 -0.0621261004636497
-0.0312763188988993 -0.0566525564996429 -0.0111995082971424 -0.0851273147934472
-0.00293429937285315 -0.0676297725710447 0.0386792723529457 -0.0734250940334596
0.0392092358135855 -0.065910929942096 0.0493054110998753 -0.0211538045861607
0.0730052547056823 -0.0436825980046714 0.0151222813781265 0.0277145807631454
0.0712657001200583 -0.0205523274479699 -0.0568245975038317 0.0331370265329154
0.0272195780986838 0.00363647224428615 -0.106559141223123 0.0572884558395062
0.0355107218442221 -0.0141256891196899 -0.0948601165574475 0.0383412456650437
0.022025437424864 -0.0286892695126631 -0.0779650770775054 0.0188711941648898
0.000157892855401036 -0.0287407604725202 -0.0622537158310224 0.0115094960929869
-0.0104324754075012 -0.021725712272317 -0.07134213500737 0.00827302459997638
-0.0152333068536069 -0.0180574811238023 -0.0740250834579233 0.0220733061921447
-0.0194528417831695 -0.0123294229130218 -0.0678488143421872 0.0176129543874328
-0.0213801993838865 -0.013483867660089 -0.0630421292840194 -0.010882911075066
-0.0201864070800504 -0.0176418616845494 -0.0640836090124983 -0.0414404825287787
-0.0196770627680169 -0.0256963612504361 -0.0436329370694975 -0.0719775145812401
-0.00753574274227248 -0.0363193661404329 -0.00871173952553107 -0.0917284478937597
0.0108459819579504 -0.0411345045605543 0.0411125458830628 -0.0737420650904965
0.0378559409109566 -0.0329493659260403 0.045024171598437 -0.0219957268899307
0.0515063662145117 -0.011220360650374 0.00395780987353068 0.0213135617954947
0.039486521579675 0.0045165466254755 -0.0739583420641831 0.0277634289197385
-0.00270585360803204 -0.0165898911370178 0.07974852142791 -0.033985776055057
-0.0197304093097033 -0.00404664601211293 0.000816461746774014 -0.038833240333315
-0.0143149605579415 0.00936147729344908 -0.048419737449206 0.0135485767576539
-0.00323498462472094 0.0108394014055899 -0.0521205740972499 0.0699796327974328
-0.00149232452845559 0.00622401364695733 0.000538060471440144 0.100454214188944
-0.00427136940003971 0.00616511065297497 0.0474470293468225 0.0813127475827761
-0.00507474641260539 0.00685335986995229 0.0681572997663869 0.0434484514306092
-0.00991041892817402 0.00871050325785004 0.0754587244514893 0.009342597275789
-0.00985470137974031 0.00904111637344734 0.0712773196319315 -0.0192689525264872
-0.013143983532672 0.00758955179695011 0.075136496889922 -0.0308332552887522
-0.0162770750775612 -0.00154140104314654 0.0761302198460376 -0.0247237057768742
-0.0121628851859028 -0.005456351153601 0.0695762415346318 -0.0190298887069647
-0.0114954673186286 -0.0125478400985405 0.0787777112099108 -0.0199068537516157
-0.00877625891955886 -0.0227723446805942 0.0980041099078398 -0.0320986753526199
0.00645190568888722 -0.0215645817077638 0.109996574025141 -0.0675050732301134
0.0327303864050432 -0.0261684643656215 0.0755845669774324 -0.0272372610528978
0.0129905438556993 -0.0244698388394728 -0.00128912140639816 -0.0347847110180172
0.00534741225942337 -0.0142529373816002 -0.0488034492615552 0.0115610316464313
-0.000325178050036795 -0.0163515719362992 -0.0564667078763285 0.0657454739961302
-0.0118577412996419 -0.019285521656566 -0.00703888710978311 0.0955585296248272
-0.0243074895919666 -0.0119248349296909 0.037786295034445 0.0812596022089698
-0.0290871698063245 -0.00132264898997979 0.0601319573611958 0.0473717842964674
-0.036743740542544 0.00349990374951581 0.0670996764999279 0.0129374608722513
-0.036891830798968 0.00503853435232468 0.0606243354053951 -0.0182405375039134
-0.0449442057348993 -0.000981765905798996 0.0629962201538155 -0.0371282226257465
-0.0466400705536376 -0.023720235305269 0.0670942281108438 -0.0375702775904236
-0.0309094833373094 -0.0399778829553304 0.0671010577432673 -0.0316232096598627
-0.00700951939533792 -0.0555088864804243 0.0765589868544425 -0.0240607670639876
0.0192773451084582 -0.0621076010430519 0.0863021089720235 -0.0271947468756077
0.0413315069705061 -0.0512624889899191 0.0933070662033328 -0.0539283153415198
0.0649749103649033 -0.0318885784374611 0.0560345234280884 -0.0192355020370892
0.0475683181183795 -0.0424195300736588 -0.0140943568999197 -0.0310812766006876
0.0282218819360297 -0.0402696569029119 -0.0551851746882614 0.00875589937545501
0.0028537357749325 -0.0458954168381501 -0.0609198122899301 0.0608241563604913
-0.0223779200625513 -0.044979528119698 -0.01567100588974 0.0847498266032788
-0.0427540953911836 -0.0298779760807665 0.0225467306261618 0.074201099373018
-0.0495872733626752 -0.0109102642307655 0.043486681448748 0.0471317330793667
-0.0588544630533538 -0.00246557753742155 0.0482861593899822 0.0146260470199177
-0.0582620918289588 9.67955358770396E-05 0.0408543768542596 -0.0164572323706224
-0.0698867759042591 -0.00782903767923824 0.041314214533971 -0.040833434119015
-0.0714048300542726 -0.0394641604073389 0.048620515532516 -0.0502218701218891
-0.0498621323420261 -0.065630285386952 0.0603013539448441 -0.0464518316222506
-0.0079336310731174 -0.0907237657482376 0.0735305910697183 -0.0280405942096093
0.039960696954478 -0.0940698531628961 0.075275862774759 -0.0170592022910641
0.0688930572915242 -0.0733273646962088 0.0669529316494298 -0.0337940553220745
0.0868225302334284 -0.0351672257656386 0.022583894830399 -0.00880222417214172
0.0733700215565986 -0.059660078630769 -0.0363063250681085 -0.0245051352798324
0.0447106681368483 -0.0666361541612934 -0.0649748937302212 0.0075411032438845
0.000820978029752114 -0.0736847416339065 -0.0635557486394076 0.0531617147759811
-0.0352876375416107 -0.0646290910274303 -0.0240521431969296 0.0683311042473055
-0.058688638085478 -0.0412655325422023 0.00453203942943224 0.0608532352611128
-0.0638507019331787 -0.0163044686499494 0.0219357727591285 0.041818690407159
-0.0716374494742413 -0.00713623010219137 0.0244975223191596 0.0134575930477848
-0.0699974154496334 -0.00491378291688721 0.0147283632969675 -0.0163346002437514
-0.0830501200742061 -0.0138538720849879 0.0145961146454472 -0.0434801570857535
-0.0852853667098152 -0.0498742980758529 0.0257485493260477 -0.0609178858428109
-0.0606660236963899 -0.0803595488021225 0.0492040248046839 -0.0610456882517036
-0.00767134550369702 -0.110609611805513 0.0678400175255791 -0.0313733339032559
0.054481803809754 -0.111243752739777 0.0632337776319932 -0.00193504350197261
0.0856537280059116 -0.0814929409262028 0.0369204029533615 -0.00758535625819756
0.0940550800294254 -0.0356004950899583 -0.0178684678821405 0.00645660906059303
0.0850535743441752 -0.0693822427529711 -0.0613042464713353 -0.0119063984567995
0.0507699774500336 -0.0844252232694912 -0.0736269444106278 0.00873731754494499
-0.0054848864834054 -0.0892130108730819 -0.0652414304733703 0.0413522082887591
-0.0444471498893287 -0.0732255629052334 -0.0361661961232257 0.047658107093382
-0.0659940991513896 -0.045119491046638 -0.0192499061251103 0.0462244991094789
-0.0683974475831562 -0.0184771368758733 -0.00444065824841703 0.035227239806365
-0.073385957348644 -0.0114836794467481 -0.00342474609589611 0.00972156933826368
-0.0713854558209737 -0.0118294304351278 -0.0127003524836987 -0.0170562481003762
-0.082949197714432 -0.0233580532496617 -0.0110728367660327 -0.0456598171108016
-0.0811643660725429 -0.058330569461879 0.00403847492304827 -0.0684778033437412
-0.0530053213510069 -0.086859650355536 0.0403537378326875 -0.0688564328772687
0.00359659258040658 -0.112906990215951 0.0620515388518279 -0.0292761739099106
0.0672060761049279 -0.106380345907417 0.0499934629645703 0.0139574683296403
0.092119691425689 -0.0730258472887536 0.00398277927164144 0.0162334344620195
0.0846470551476832 -0.029652108172495 -0.0568448173560905 0.0255812089381544
0.0791040039323147 -0.0656676970965116 -0.080913684564829 0.00860512003205488
0.0452799746067859 -0.0834714508408396 -0.0783839276388291 0.0124891972872744
-0.00962318576914194 -0.0844486524308031 -0.0640567888317084 0.0279250822722964
-0.0451727333446379 -0.0659251624559156 -0.0507672776228071 0.0279663077384055
-0.0610198213756182 -0.0400208398055964 -0.043309467896304 0.0341223244007963
-0.0616835760987063 -0.0176670246857024 -0.030984891264985 0.0288803507848225
-0.0647882355987124 -0.0144088613729585 -0.0292837013459385 0.00456438385782997
-0.061782449001256 -0.0180814897642363 -0.037330764151195 -0.02161426233291
-0.0695616365054699 -0.0314103539587977 -0.0317743225226662 -0.0503848009491409
-0.0610423957201936 -0.061331566792952 -0.0105930648063615 -0.075894862933383
-0.0307763293366252 -0.0830718449489031 0.0346645744673692 -0.0733238033695259
0.021418293605988 -0.0965541752223897 0.0545588357442339 -0.0258096525224714
0.0748099711111824 -0.0824941852899601 0.0329992954973561 0.0247248646764103
0.0871051286420676 -0.0511614003068178 -0.0274744533999968 0.0311495664726656
0.0601131537118535 -0.0171484465435981 -0.0864681850890188 0.046670693893005
0.0590538443010631 -0.0465739385244803 -0.0919415183162152 0.029245652112133
0.0325508463299786 -0.063201973915886 -0.0777053667024282 0.0177159131359912
-0.00921024349553103 -0.0615733055844746 -0.0624713339980414 0.0173727661007625
-0.0334687859413516 -0.0456643941378409 -0.0633572236009184 0.0143081586370894
-0.043265666870927 -0.0291414795765612 -0.0626215703421341 0.0267507610635948
-0.0448546691958991 -0.0138769226896362 -0.0525790677454696 0.0244145296265767
-0.0471624742444079 -0.0141057006990534 -0.0506431788068802 -0.00102744657306576
-0.0440651352769076 -0.0194315669113653 -0.0562961306653739 -0.0291664736444989
-0.0472409199848051 -0.0322649167907476 -0.0439322193283952 -0.0587025615526826
-0.0338799942405741 -0.0537440964293979 -0.0161925938623364 -0.0837769521272198
-0.00718247882754472 -0.0666635531119319 0.0335716164769598 -0.0750521782704524
0.035324028163977 -0.0674305428306442 0.0475528775730744 -0.0236293565851258
0.0697122623786602 -0.0480048044830923 0.0170807436520628 0.0271115370957941
0.0692352603292242 -0.023761731199065 -0.0535561220873805 0.0359193834540284
0.0275957689490809 0.00244668741061114 -0.102482667634622 0.0627728891323392
0.0338917103117075 -0.0158704924957161 -0.0911876735522674 0.0437021880361803
0.0197671811069103 -0.029551150593747 -0.0760639898888755 0.0226392249720159
-0.00190250386347685 -0.0284521455468105 -0.0611497640461536 0.0139027568117036
-0.0118087138601909 -0.0202425417736205 -0.0707707520927904 0.0122884618092184
-0.0164841181548078 -0.0171247045990247 -0.0717817808294931 0.0267609035353807
-0.0198483025266748 -0.0110530876556688 -0.0662183455906772 0.0220640337470906
-0.0221798616133113 -0.0114060748814337 -0.0636157017050408 -0.00585454677974945
-0.0210374741175151 -0.0163299810683782 -0.0666641657739735 -0.0368966574777534
-0.0213101209147166 -0.023757193849425 -0.0477612489574648 -0.0681174472915107
-0.00944112756503821 -0.0358342923067311 -0.0144060096944373 -0.0903049075235317
0.00762558848231136 -0.0410075727275918 0.0358564654314767 -0.0755131726444394
0.0354498143406964 -0.0344943047221862 0.0431270371953859 -0.023288029736926
0.0502611324120166 -0.0140632090240672 0.00557033591651858 0.0219717611671647
0.0397356928117146 0.00184062452056855 -0.0696019965899551 0.0324091482236773
-0.00362713815800374 -0.0163421494407259 0.0753300491371937 -0.0367189161846426
-0.0191255129746189 -0.00297317884435135 -0.00187720125775032 -0.0373104871607777
-0.013620113332519 0.00964187188573857 -0.0466668141586649 0.0145314569009099
-0.00259342420267965 0.010450831672043 -0.047657573956984 0.0698181439784617
-0.000747578057463197 0.00629697876629533 0.00556093640406477 0.0969098552774425
-0.00390082249301541 0.00630504814578129 0.0500138415727423 0.0766146396486525
-0.0049695512017733 0.00684741902419091 0.0674013296828541 0.039606646695196
-0.009050957823365 0.00927700779203234 0.0734945300365368 0.00597575098831712
-0.00967245322810845 0.00918377928209866 0.0685002099090758 -0.0217099622078281
-0.0125871016161129 0.00772262463879181 0.0716109363646379 -0.033987422402846
-0.0160877612965277 -0.000726839371592278 0.0730212977416837 -0.0277948059570194
-0.0120064712387938 -0.00474160669924921 0.0672195627140315 -0.0202491985886243
-0.0115375625034478 -0.0120359930219954 0.0767781133475366 -0.0216666745956151
-0.00946856663825091 -0.0215565970713928 0.0938467886805509 -0.0357181644798342
0.00578707780500272 -0.0212482806966378 0.102886428119772 -0.0686770362133505
0.030779552226644 -0.0271103477978182 0.0720703616086667 -0.0298924815449303
0.0117454097296964 -0.0245141405487486 -0.00411523229640754 -0.0330555158503639
0.00492041445715885 -0.0144136243592556 -0.0471829172718335 0.0121434887930982
-0.000979819074029168 -0.0158504703766495 -0.0519249139571581 0.0659960107117979
-0.0125261864573401 -0.0185557187490153 -0.00325879839061865 0.0926063173417165
-0.0247708234883526 -0.0101284000550638 0.0398110183882191 0.0765400941373697
-0.02897619819407 -4.38734889830258E-05 0.0599041496042064 0.0430827659354823
-0.0359911534234585 0.00541778445091063 0.0654925986426985 0.00927509906576533
-0.0355604537389464 0.00627114981174157 0.0580408011190219 -0.020663019187928
-0.0437408681753731 0.000932151367056715 0.0591313953776351 -0.0391894857915714
-0.0470899916253341 -0.0205853014575711 0.0635126577214992 -0.0396133807246077
-0.0322903740930555 -0.0377296292074935 0.064115542110528 -0.0329819423104271
-0.00937356603349184 -0.0540943617265224 0.0740302920101291 -0.0257238427835024
0.0156165773583538 -0.061351129996127 0.0830885387205575 -0.0298401051256936
0.0382686715295086 -0.0512137868883742 0.0873748439031282 -0.0557202605439808
0.0622662229294598 -0.033458869419299 0.052874376354835 -0.0210320586912707
0.0436303415880785 -0.0440276418265437 -0.0162115598423641 -0.0298547303991409
0.0259337684158956 -0.0404682587602085 -0.0539102526754641 0.00964505564631824
0.000856513614712488 -0.0449437858321584 -0.0572106994386628 0.0609242302315918
-0.0241577207593674 -0.0426498466953846 -0.0113888833177021 0.0825497072239987
-0.0435551762378305 -0.0263951283297545 0.0248022487895825 0.0707115904725259
-0.0489044259296278 -0.0081589184840283 0.044339697420702 0.0432202623202413
-0.0573176421345185 0.000809938637134437 0.0480893105882813 0.0119726623058653
-0.056583355907418 0.00287332970760986 0.0387911182656282 -0.0176399152052352
-0.0679157230842023 -0.00434647175870509 0.037987492374382 -0.0417700807349345
-0.0719036417212201 -0.0348798882139424 0.0453008416632359 -0.0514285290883031
-0.0520972381992657 -0.0615912464231578 0.0565604490269218 -0.0471198675769254
-0.0122241551394433 -0.0878819548186487 0.0710008910719235 -0.0295388982624985
0.0339757904290849 -0.0932399929709518 0.0723402400261588 -0.0187876318367564
0.0634644902657582 -0.0734696104024421 0.0634190423261045 -0.0352292928833682
0.0836323311948091 -0.0379349627349548 0.0216014936600873 -0.00935307145126944
0.0679555581350276 -0.0616404105421038 -0.0365352770588651 -0.0229405310024411
0.0410691727651299 -0.0677208026628162 -0.0637009301695816 0.00863857293532596
-0.00293105263125336 -0.0714746590824949 -0.060031981118094 0.0539889556961746
-0.0376167073783417 -0.0613719387999796 -0.0208313835389943 0.0674562676623272
-0.0589315249666809 -0.0369372446392344 0.00680549585462159 0.059175935094707
-0.06258898872603 -0.0130302532691176 0.022749219591132 0.0394834946241667
-0.0694183681516764 -0.0032689792917382 0.0241946302983595 0.0115306234537219
-0.068142873107534 -0.00175821398345291 0.0130124036936273 -0.0157388147644344
-0.0813195370901367 -0.0101074118045307 0.0118257352570671 -0.0427675015700668
-0.0854726378743558 -0.0442607530059515 0.0223026157168862 -0.0605776616061031
-0.0621804546990662 -0.0748704560596635 0.0458611424849983 -0.0603243083527378
-0.0129510764091448 -0.107691607163868 0.0658768092318161 -0.0324848793502518
0.0470947207475545 -0.110422856330672 0.061856256581468 -0.00381220738818329
0.0801478108818226 -0.0822028945722034 0.0350958974902085 -0.00891664947615764
0.0904985594775836 -0.0380885443159401 -0.0173199906547259 0.00756959447719754
0.079236715450436 -0.0718107527671435 -0.0600597991404055 -0.00879184763906142
0.0455552966068308 -0.0847170330920049 -0.0723671546667309 0.00987675251436753
-0.00884880802571889 -0.086066281621304 -0.0616717483933035 0.0426816351074326
-0.0471123061053557 -0.0682326913509763 -0.0338976482361165 0.0474821735234788
-0.0663384051264927 -0.040241805664903 -0.0168396496424719 0.0462212890875822
-0.0675946640594559 -0.0149882229377784 -0.00254569834887231 0.0336452092491547
-0.0716085190430535 -0.00743680667917762 -0.00334390887058878 0.00936848622879885
-0.0693842603572103 -0.00829743378859261 -0.0141424569292491 -0.0162640275101578
-0.0812210272647046 -0.0189891924178413 -0.0135149995246578 -0.043581176588111
-0.0820821861046959 -0.0529082221286303 0.00106274411028352 -0.0670837241621504
-0.0553499897175487 -0.0819499332810084 0.0357548531520715 -0.0683064494867356
-0.00226800673355587 -0.109897216146616 0.0598833069325456 -0.0303567919123844
0.0602680657440435 -0.106832609287844 0.0487236470112046 0.0122628244570271
0.0863606593836765 -0.0740977956592086 0.00474012193058597 0.0155751376762734
0.0818457406675697 -0.0325586093034828 -0.0547864207876534 0.0280271535063598
0.073731811014971 -0.0676122584856385 -0.0784169681894892 0.0121467226480586
0.0400364542960112 -0.0832900581826837 -0.0756715930305844 0.0141730492179406
-0.0133680651992871 -0.0817623212777682 -0.0615116877843126 0.029037681173323
-0.0468507019933418 -0.0614365561061622 -0.0491709401603398 0.0287858084667669
-0.0618743323968032 -0.0356153125558308 -0.0405916486766958 0.0352596505643653
-0.0610595860944034 -0.0140854334414261 -0.0282002407306213 0.0290377757119441
-0.0633421450904059 -0.010229252237031 -0.0292794058393871 0.00575893944577305
-0.0601971218157928 -0.0145087866883222 -0.0381064096762469 -0.0184692679853163
-0.0686300637940927 -0.0267014888553799 -0.0333504110186565 -0.0474272524024551
-0.0623005231929945 -0.0566368055287814 -0.0138168875477293 -0.0738798013512887
-0.0335562047111847 -0.0787859135415485 0.0301632856750222 -0.0728869613963115
0.0162375774582164 -0.0948619034360383 0.0527197439884864 -0.0262430211533235
0.0680533571666169 -0.0831280100463314 0.0338683849708272 0.0238032628098803
0.0829608986515275 -0.053363554284628 -0.0251059462287978 0.0311381947802167
0.0582336209082784 -0.0196309435023219 -0.0828688209998406 0.0488976253569574
0.0556640276652687 -0.0479521061811856 -0.0874216325099663 0.032199551728123
0.0285320808600941 -0.0630202505497199 -0.075059905148734 0.0196359580209247
-0.0121188173794601 -0.0591121853775466 -0.0604610437676639 0.0188594913789073
-0.0349795719180189 -0.0425954652159599 -0.0620598828693829 0.0167347218853016
-0.043988094470375 -0.0259867921093701 -0.0596960370027857 0.0294880462055705
-0.0437875557170789 -0.0117331485229999 -0.0491119593591338 0.0255497632254869
-0.045856568938421 -0.0111819646047642 -0.0495255667786158 0.00183011488090049
-0.0431153152384249 -0.0171636925386236 -0.0561032023406233 -0.0249459360992381
-0.047093913946232 -0.028906798167762 -0.0452191806277009 -0.054770179827091
-0.0355854722204852 -0.0505062877837467 -0.0198345683831084 -0.0809832461330668
-0.00947040971340303 -0.0638057618420412 0.0287279279371501 -0.0746957130597594
0.0308804805687398 -0.0666759317597464 0.0460041664300782 -0.0233693489952063
0.0652555755095016 -0.0496549480502854 0.0180564510247345 0.0261842804985164
0.0657979029417819 -0.0256932643641616 -0.0497487771056139 0.0370036003753697
0.0274114153236888 0.000994390268170428 -0.0970986659000013 0.0650558236116557
0.0315239915824582 -0.0170380080106333 -0.086562108900926 0.0459530390736573
0.0175874519329297 -0.0291719337179683 -0.073167905502132 0.0243350570867022
-0.00328593873643592 -0.0268605681376468 -0.059763508316914 0.0151106020870395
-0.0121906050841071 -0.0191398503124332 -0.0694567273288672 0.0149221985594611
-0.0168883312152742 -0.0155918162087221 -0.0685656696094653 0.0297810990756964
-0.0196826463517103 -0.00953489270412028 -0.0624387334211265 0.0234428931688727
-0.0217724692374138 -0.010260026638361 -0.0624682910464392 -0.0030558411200437
-0.0207577703145227 -0.0146974806599296 -0.0665012375476485 -0.032327045685132
-0.0218312793934522 -0.0223824536677173 -0.049772142587677 -0.0636547438717022
-0.0112088386823503 -0.0341618912706304 -0.0178015361580753 -0.0866158754063789
0.00630048181933017 -0.0397686068028313 0.031161788323081 -0.074611543688961
0.0330450078828997 -0.03492254379389 0.0413976082809486 -0.0236631700343812
0.0484002559600245 -0.0161710964881975 0.00623765008871148 0.0215003705779063
0.0386679928204532 0.000592745612414982 -0.065622587715722 0.0336812154788623
0.00425385095783227 -0.0163573722006972 0.0798884112017132 -0.00273268368249497
-0.0153488507299892 -0.0102227621307814 0.0120701956994698 -0.0333564005544056
-0.0162745934553893 0.00306418696565927 -0.0478200378641343 -0.00557092252452801
-0.00607358372256311 0.00764624607044339 -0.0709153290065172 0.0438685889624803
-0.0027806604371951 0.00418098391902703 -0.0342951958400482 0.0885956862806668
-0.00581340311232685 0.00366566976996679 0.0139711406240761 0.0879201757032722
-0.00760424415280487 0.00429448814838116 0.0439375581834135 0.0616846592098679
-0.0114820965107607 0.00440154570019907 0.0635193755085722 0.033766014324143
-0.0114326215236234 0.00387148887245637 0.0687892914844099 0.00730449168361239
-0.0143194094542709 0.000879435179829754 0.0773396419445327 -0.00292496918545136
-0.0140092441921474 -0.00769216552851576 0.0753895445133572 0.00474769081142159
-0.00871239693895555 -0.0100900952071546 0.0675957061583368 0.00980909688008192
-0.00605806631156769 -0.0165270530921045 0.0774866639974381 0.0122895322332019
-0.000414542221552136 -0.023728537171902 0.0982455668172751 0.00417365081391876
0.0141542545997179 -0.0186076898999283 0.119774413989031 -0.0198078874923206
0.0405792882378758 -0.010565538295691 0.0722239534791846 -0.00127085077093473
0.0200470602484398 -0.0164065636966029 0.00761892661987838 -0.0320159946538857
0.0103655072611564 -0.0111505929768102 -0.0484334291990962 -0.00954063051076575
0.00602566206767919 -0.0139339611080383 -0.0745235061925174 0.0384780563104677
-0.00321915136412925 -0.0222416315971487 -0.0409073420274622 0.0808516070031045
-0.0176056080274759 -0.0191140090485616 0.00331711909928375 0.0843713763732967
-0.025617119109749 -0.0117487448408409 0.0351823522581074 0.0625770069702536
-0.0342020337595686 -0.0087765047430805 0.0544908206043177 0.0337120932332848
-0.0345586204286204 -0.00862135025552675 0.0590641903272536 0.00397705758662217
-0.0395362067484728 -0.016353141562179 0.0678927030735042 -0.0126522920407308
-0.0346362024865089 -0.0372094000666418 0.0722454986550167 -0.0103497299502914
-0.0144956938669232 -0.046959326678804 0.0695955937969456 -0.00297295429567207
0.0109554279181726 -0.0541452412271922 0.0774759404881527 0.0070596923651916
0.0364522609898618 -0.0509512670891717 0.0884657472155488 0.00574539738438958
0.0548454882565452 -0.0336162218632192 0.101756686139385 -0.0124601982036746
0.0717608686054941 -0.00285460266147464 0.0505687222827094 -0.00380935000006149
0.0565472279678494 -0.0198202568352089 -0.00497142986950446 -0.036058625866867
0.0395149622105787 -0.0255818466264584 -0.0553936266122452 -0.0161522058907005
0.0198523431795615 -0.0385947002192054 -0.0785378567071005 0.0312624651136781
-0.00335187940896691 -0.0483096707043842 -0.0463058671381379 0.0689646744927097
-0.0281056678105633 -0.0406706641449381 -0.00888262354014306 0.0731980269224792
-0.0399390610519237 -0.0265518843415447 0.0208502329341551 0.056282074664479
-0.0514030063574693 -0.0215406206566617 0.0381368921750359 0.0297637720878152
-0.0519023140789084 -0.0194621585967781 0.0407064421492049 -0.00172740819898741
-0.0591150910588935 -0.0303274090200171 0.0502788963973496 -0.0233256676118697
-0.0522105319855049 -0.0592354278732414 0.0601218609014618 -0.0281618144471546
-0.0228826930192573 -0.0754631394684119 0.0695292073174161 -0.0192701838362348
0.0209425614633546 -0.0861190882899915 0.0764286794165961 0.00207232674532133
0.065139473576314 -0.072867938429336 0.0763942338490956 0.0122187292775393
0.0855132862998294 -0.0439806070404012 0.0725938832967055 -0.00215836878292855
0.0931937773070869 0.00262006166287188 0.0170238506587151 -0.00797688124733177
0.0857348699250933 -0.0249689164679127 -0.0272287218237751 -0.0400173232046441
0.0640214303266167 -0.0432619798601139 -0.0649162696626541 -0.0229667919005796
0.0278213254900586 -0.062964780369247 -0.0798355526995574 0.0235197327740877
-0.00785103002401966 -0.0693348638810752 -0.0496506970204693 0.0521190780948879
-0.0372781826920412 -0.0561042028337466 -0.0211649195612561 0.0563023946499371
-0.0505412636388056 -0.0364578059174883 0.00315005048284842 0.044056177514906
-0.0612775782985069 -0.0298182199659742 0.0172047101027812 0.0200630218316235
-0.060092494216506 -0.0281795268599354 0.0172595597793562 -0.0100497603873465
-0.0696199861812705 -0.0394161720520896 0.0265513654164929 -0.0350875853024502
-0.0610635836075792 -0.0721312220949032 0.0428259538880964 -0.0457313650949328
-0.0275456941332781 -0.0919463698665261 0.0644918613490986 -0.0364840229548336
0.0272471045268782 -0.104313258226404 0.073670780646644 -0.00290266132882356
0.0827250829843072 -0.083417310551108 0.0619095884511461 0.0222595861782359
0.102724692587118 -0.0459754527871933 0.0376327002048156 0.0113578261827341
0.10002264195899 0.00556415240841619 -0.0244795609958078 -0.00994767404540464
0.0990026631064254 -0.0297358804428652 -0.0539512055084565 -0.0367169381945074
0.0758097517392695 -0.0561450964941418 -0.0741008800015465 -0.0257930720606639
0.028533527939545 -0.0785702189786359 -0.0781577750123947 0.0119065842677624
-0.013305686821359 -0.0791703453746064 -0.0541261229281749 0.0294474863130013
-0.0418819042699033 -0.0618039994468829 -0.0368196009698421 0.0355824262856007
-0.0538014123845062 -0.0404942416887403 -0.0171259696465499 0.0288859437359336
-0.0614006966306188 -0.0342889950518272 -0.00634874099162706 0.00860860715382869
-0.0591225073796952 -0.0345531860620811 -0.00653950558988844 -0.019616391376638
-0.0660073782182298 -0.0472386580819956 0.00468248229780728 -0.0454754830693002
-0.0548710088412647 -0.0782222359000356 0.0267802848417076 -0.0599071823014383
-0.0188726395607856 -0.0951239892274238 0.0595418778615134 -0.0475869403427309
0.0384859492051135 -0.102079457291001 0.0672471964137056 -0.00308680742159074
0.0927342736516328 -0.0750947614125134 0.044103277508989 0.0322640276478729
0.106172943652071 -0.0359198841589199 0.000183679387122073 0.0208459636548982
0.0892207080057607 0.00683007096751062 -0.0648832575877327 -0.00532702830429492
0.0927686054740027 -0.0282962234965075 -0.0776264975507677 -0.0255651286357813
0.070004810187964 -0.0574710071539631 -0.0788314914994334 -0.02228108307054
0.0224699981306294 -0.0763912260746331 -0.0719866095473471 0.000275525279707221
-0.0157688987936294 -0.0730569794944984 -0.0604355696300495 0.0059031826278579
-0.0401161491192908 -0.0559764068575431 -0.0533572416648309 0.0163453884233819
-0.0481493107145612 -0.0368495938868474 -0.0380470600798482 0.0146483522233342
-0.0524159975941935 -0.0338577935058836 -0.0284269284158994 -0.0057652854426958
-0.0485477932316677 -0.0365619175977038 -0.02718307078016 -0.0322963999272292
-0.0514134594620374 -0.0495191684455808 -0.0112750048510258 -0.0566620797430493
-0.0354889731431721 -0.0741088023015834 0.0168548719866606 -0.07113016054973
-0.000668662079390981 -0.0842030797557448 0.0564121228767903 -0.0532790380817181
0.0496322953100007 -0.081169379567909 0.0593626283263429 -0.00148523892428443
0.0914172935533647 -0.0509103769053762 0.0255107034417991 0.0373071935515445
0.0938047696294261 -0.0176629432278068 -0.0334315310501883 0.0227568553240229
0.062141930364767 0.00888596184323539 -0.0972303718686296 0.00422089078179369
0.068467297669361 -0.0190813436984578 -0.0930697423543369 -0.0100494574057056
0.0511864457184364 -0.0437770573840362 -0.0795280905439659 -0.0170687080441314
0.0143426104887272 -0.056343968512199 -0.066032897118475 -0.00812302244709235
-0.0127081732410481 -0.0510455069594769 -0.0653725148967653 -0.0100261018518189
-0.0285626337730292 -0.0400243305133009 -0.0671967626131804 0.00353661861950526
-0.0343014224906708 -0.0277899414475659 -0.0553857973164265 0.00277645579653742
-0.0364869330954394 -0.0279812901380402 -0.0452298643613206 -0.0183053660827601
-0.032620467200101 -0.0322069093212454 -0.0407465068302361 -0.0447661244202723
-0.0314897679057201 -0.042138205059574 -0.0189016414772372 -0.0681073283848339
-0.0138533589904891 -0.058754241852422 0.0150436641472887 -0.0794428717434766
0.0157174976822635 -0.0608039424160794 0.0562295141151294 -0.0551500379104724
0.0523692981550691 -0.0504400699553546 0.0518765856395893 -0.00149568574440682
0.076686232793159 -0.0207317344179851 0.00906297733707086 0.0338732823810968
0.0691920800904076 0.00160399717311057 -0.0584873470810867 0.0160455181351093
0.0244854808988317 0.013335600493541 -0.113810812115882 0.01599649548293
0.0351845150666361 -0.00153499172800041 -0.0955179201723615 0.00369123979042391
0.0270306660934606 -0.0184474703668655 -0.0776424472855643 -0.0104736939936971
0.00854133200758833 -0.0244693409372967 -0.0622734509674384 -0.0115768458266993
-0.00306183503895299 -0.0210977005028871 -0.0696281232196826 -0.014326303330643
-0.00810047753089041 -0.0202857794554941 -0.0743120669729104 -0.00144393320204409
-0.01334151695241 -0.016615112368451 -0.065600800052923 -0.00389450232589128
-0.0154998377553689 -0.0172834828842796 -0.0548570119661754 -0.0270808695700537
-0.0128134904141343 -0.0209902420535007 -0.0468474554450203 -0.0552070401599055
-0.0114499014363217 -0.0274234185717275 -0.0186534644844955 -0.076938124038214
0.00195089236751278 -0.0349347722055977 0.019221555946915 -0.0842837841503724
0.0200774177460949 -0.0341758143882231 0.0582722937306086 -0.0536999288765872
0.0431484303034953 -0.0205884305639953 0.0470131566372072 -0.0032585135606684
0.0496418182454338 0.00377968563117382 -0.000899712830960675 0.0244491335305427
0.0339502500867105 0.0156685799070509 -0.0722074473323847 0.00573012788911719
0.00359597371093869 -0.0163272237082259 0.0785995165799787 -0.00413180661997021
-0.0151171770853615 -0.00959817184698102 0.0110286047013874 -0.0332026489276691
-0.0156813424198575 0.00268399670538333 -0.0470968892712279 -0.00567331550025133
-0.0060255779217599 0.0079324270583685 -0.0691299612693511 0.0439429595106721
-0.00272872260578142 0.00386027478114099 -0.032727582999328 0.0876827790307344
-0.00563644172282189 0.00376252259881127 0.0151781119901107 0.0863996097470163
-0.00739793628571278 0.00451268212553304 0.0439183073798535 0.0604723998622193
-0.0118433996423192 0.00491876862913508 0.0632628761710553 0.0319616225975892
-0.0114766611222489 0.00396076714461128 0.0680515263758547 0.00560268675841378
-0.0141932150790096 0.00103162905857863 0.0762176611731669 -0.00420484719328749
-0.0143920016008686 -0.00772301908419511 0.0750633884069124 0.00342575855401933
-0.00851497570170528 -0.009956472724677 0.0673900481397235 0.00938761497656472
-0.00600677751147704 -0.0163979429565239 0.0774413256096124 0.0114872052298314
-0.000369622931857456 -0.023063581769424 0.0968953908726409 0.00267457886058843
0.0142514725108889 -0.0181850577664135 0.117246530425891 -0.0207648733507796
0.0401449646396391 -0.0113668816273377 0.070385997521927 -0.00255675375457976
0.0193466914257491 -0.0170024298946687 0.00612065657340424 -0.0319162017864542
0.0102067368270145 -0.0115744724760756 -0.0485022956951848 -0.00958511652317294
0.00569617357119008 -0.0140689228832983 -0.0730988690512979 0.0387421383872056
-0.00350221831241542 -0.0221088318305344 -0.039534731192263 0.0807933666409933
-0.017970081999265 -0.0179871292276981 0.00491161203817556 0.0830662979764678
-0.0258571562486473 -0.0111226223061835 0.0353521563621679 0.0608185342270672
-0.0337491626853517 -0.00801379186734207 0.0543046804925827 0.0326268073658064
-0.0343387915369786 -0.00837396322147507 0.0580685646908906 0.00269517075575876
-0.0396519137326937 -0.0155902280171734 0.0668115742810902 -0.0135429042864546
-0.0350030693785671 -0.0360708134617542 0.0711681137583008 -0.0117200228419255
-0.0146491131173657 -0.0464158599588588 0.0690936136879906 -0.00324150975733053
0.010196837820266 -0.0538371589852115 0.0770181308943384 0.00666813150104904
0.0352674271984922 -0.0506114214634771 0.0869246841111927 0.00497785899072074
0.0543213704522787 -0.0337722154107789 0.0995905962559797 -0.0136784127193815
0.0715562891611469 -0.00435276566802348 0.0492191021640041 -0.0044211148207176
0.0549299689203288 -0.0209491549347961 -0.0067552836066399 -0.0354500073143735
0.0391816608567455 -0.0262746591965626 -0.0549869499427414 -0.0168946313398189
0.0186423305576694 -0.0384357615976196 -0.0774527009043847 0.0312677705118643
-0.00470225211066472 -0.0474709066306244 -0.0448428159753651 0.0686395157582397
-0.0286426121911188 -0.0391036745736364 -0.00731489096758621 0.0729462855573511
-0.040402756048485 -0.0257653650643827 0.0212466523001551 0.0546982022618121
-0.051090191290293 -0.0198940785750122 0.0379865111933847 0.0287799117368023
-0.0515053383633826 -0.0192732512412059 0.04021790891983 -0.00226901404267733
-0.0595803135138387 -0.0281914399259673 0.0486102973068672 -0.0242577361439641
-0.0528459041631254 -0.0570448066818304 0.0587014005937743 -0.0288064894860606
-0.0236783301699089 -0.0743770368573453 0.0686513650798881 -0.0199170078485584
0.0197236593242105 -0.0859519855854628 0.076520539125536 0.00137004683615069
0.0625785660289313 -0.0728319296272412 0.0755937150631792 0.0117332386962609
0.0845515443327336 -0.0440646561295322 0.07118697108182 -0.00298556268676099
0.0931856479970554 0.000479509363719359 0.0157538088045496 -0.00811074879932788
0.0840488793611456 -0.0265422798379996 -0.0281816577836354 -0.0385524181992003
0.0627471639007485 -0.0440265779976221 -0.0648001861076609 -0.0224769441646445
0.0265046152669619 -0.0629273052016598 -0.078574887894802 0.0233052544467998
-0.00949614084862293 -0.0683155677792675 -0.0487459932319354 0.0509352757257461
-0.0382184399337208 -0.0542065881544831 -0.0200694795877523 0.0561166947988646
-0.0504462672448203 -0.0348932234203128 0.00465334744641583 0.043267766119004
-0.0610380108530902 -0.0278164177164861 0.0166972257502792 0.0193994921898003
-0.0605543638273301 -0.0268663675230636 0.0165805853256312 -0.0094204708007225
-0.0698094029927452 -0.0379671794575396 0.0251965171489319 -0.0348602446334508
-0.0628691449195748 -0.0700869775757402 0.0407867086097204 -0.0466422489570291
-0.0293597756643584 -0.0905212847994937 0.0628780965493733 -0.0365416242039043
0.0252219694386454 -0.103872096025662 0.0731388678371598 -0.00308483910506115
0.0799851480954182 -0.0847393647781064 0.0611224797647441 0.0214218592259636
0.101389460690786 -0.0461338683614182 0.0372167874812316 0.010738767923871
0.0998255581367117 0.00349232134184531 -0.0247938479548711 -0.00908445939713502
0.0970702773300398 -0.0313128424880466 -0.0539212179544297 -0.0352291547133103
0.0736199793789078 -0.0575745880286003 -0.0741662037600735 -0.0251717373490435
0.0268213576104603 -0.0781497904023963 -0.0769433261836777 0.0121608361092183
-0.0149835953183223 -0.078143623239842 -0.0538676137862054 0.0291387373864105
-0.0435346657251586 -0.059662640154483 -0.0365579157411794 0.0364257353397308
-0.0543679539364551 -0.0388492871296073 -0.0166427394089183 0.0288108759159589
-0.061539920354972 -0.0323952695689237 -0.0062026130079638 0.00830640904029553
-0.0593177306401412 -0.0336253664350519 -0.0075333678695895 -0.0190229487225437
-0.065937829313961 -0.0456001558432488 0.00314793681205221 -0.0445790441957899
-0.0564683009377708 -0.0757658425766434 0.0253611174822979 -0.0599561272647108
-0.0205618902150825 -0.0933964949698973 0.0576645570121433 -0.0473515913397682
0.0360144210048806 -0.101827639233058 0.0666372627291196 -0.00356185831222836
0.0897223791317844 -0.0761563729978518 0.0445857091968999 0.0319784429229401
0.104407420551901 -0.0360731378501384 0.00053024763618753 0.020723556467213
0.0886837387305455 0.00474584882411279 -0.0649377206593744 -0.00467842721125796
0.0904138551404595 -0.0293293635339422 -0.0775119781753552 -0.0242691501726442
0.0682581468996682 -0.0579905451776496 -0.0792611715230618 -0.0224651826637674
0.0205489357080242 -0.0762408658995072 -0.0716088113384664 0.000342948476990183
-0.0173702207550908 -0.0716255467045245 -0.059844446123163 0.00622855143213816
-0.041056867131303 -0.0541242284233855 -0.0530121785504295 0.0171616100226337
-0.0490325912756468 -0.0355443591234868 -0.0373473583717865 0.0147829414733392
-0.0527784982720644 -0.0321751993868228 -0.027873996180372 -0.00512356566249717
-0.0486199434524948 -0.0359058304216286 -0.0280289215725489 -0.0308385362418974
-0.0523090797312227 -0.04778180063212 -0.012247213587834 -0.0555716711857882
-0.0372622792347452 -0.0721382578933744 0.0149232122823954 -0.0709456060569427
-0.00213768698320266 -0.0829433586023116 0.0541171007725454 -0.0531033176536221
0.0471005998000991 -0.081026513415365 0.0587538330760057 -0.00143909176094864
0.0894261298741939 -0.0519029017802398 0.0261778525916795 0.0373469417192664
0.0927062331463406 -0.0183202837420767 -0.0325756905918142 0.0225588655398606
0.0615632396261065 0.00766070764420959 -0.0959265511903012 0.00533626560204741
0.0668073222558056 -0.0196602631476369 -0.0912999603828868 -0.00896283040795939
0.0495645120679478 -0.044205843254355 -0.0789717289390366 -0.0165394784778753
0.0127005259434024 -0.0551242823572319 -0.0655397783298484 -0.00826050206560306
-0.013591138862499 -0.0498806078199153 -0.0661777435298001 -0.00940349518102314
-0.0291213172142501 -0.0391020530702031 -0.0665359074864811 0.0048520260594584
-0.0348130132848715 -0.0272375727279776 -0.0546699056125223 0.00333899109130557
-0.0367450826630126 -0.026303719972938 -0.0453836626257177 -0.0169420617775497
-0.0328007234984652 -0.0309975568095238 -0.0416741115909855 -0.0430423185594195
-0.0322825258618348 -0.041230649842552 -0.0197921231316653 -0.0666465290965252
-0.0153875961330711 -0.0574469871268437 0.0127177915596857 -0.0793698314173316
0.0143322508999245 -0.0608559540644516 0.0540921895765503 -0.0550253782595165
0.0508427639997587 -0.0504925504675916 0.0509586444221483 -0.00141409283554711
0.0751213643977429 -0.0220970019284358 0.0093613801068971 0.0341393072810882
0.0682883228815042 0.00121342628280601 -0.057270743315412 0.016685833401113
0.0248350370683455 0.0131168727839458 -0.112247090586149 0.0167000852645518
0.034099202393293 -0.00158230074672037 -0.0937802460131586 0.00453590402792115
0.0265770983025006 -0.0187797842803699 -0.0768537865678044 -0.00959133052764259
0.00800142273591348 -0.0240159142937099 -0.0613723624092935 -0.0117554038689832
-0.00277795864242497 -0.0204869025873656 -0.0699289199826725 -0.0138544477486073
-0.00905782438092409 -0.0199432420581689 -0.0736404144888615 0.000406940376796384
-0.013940963207476 -0.016289066362846 -0.0646755667916322 -0.00273400541795253
-0.0149389171128641 -0.0159640224897415 -0.0555747153693057 -0.0254779098868434
-0.0129632402562682 -0.0204049149731129 -0.0477558427194664 -0.0531632632154432
-0.0115303031240768 -0.0266342096886571 -0.0193427574325061 -0.0755607339116875
0.00152844055332377 -0.0342484828220352 0.017143993264221 -0.0838263593457258
0.0196319434194716 -0.0338853023830496 0.0569650223265678 -0.0537868249843265
0.0416114378870596 -0.0205931455736553 0.0463408170248098 -0.00323749838122765
0.0482554073961016 0.00287654234097069 -9.5660115655523E-05 0.0249771288006511
0.033922767909782 0.0150305139651903 -0.0700373448696645 0.0063941364735558
0.00372587882075976 -0.0160715464647523 0.0775665183951602 -0.00619155389378771
-0.0152671090165059 -0.00975043629080557 0.00877016735924214 -0.0335359437825256
-0.015457497214436 0.00308198763476447 -0.0480434671968534 -0.00512729813713102
-0.00570911119540942 0.00803358749162976 -0.0684061417147362 0.0450661997239198
-0.0030619526577124 0.00383928182251113 -0.0298263405182639 0.0876960036716295
-0.00547697687325258 0.00388359302226422 0.0178065883732829 0.0854509337128508
-0.0078285817800764 0.00492396311680306 0.0453113131491006 0.0590698488097832
-0.0116192189686244 0.00514404573317883 0.0635588860929952 0.0300148519596243
-0.0116608813895363 0.00425172019280468 0.0684897897166203 0.00397105082413944
-0.014403027994897 0.00152527517603518 0.075889050139413 -0.00728682100020509
-0.0148669050372959 -0.00712335856586175 0.0751648419960997 0.000549356348896158
-0.00901405590711887 -0.00968997473793539 0.0674304066173745 0.00882209000419776
-0.00656991654071854 -0.0164171751837992 0.0773708017161266 0.00952304342277959
-0.000578437646423118 -0.0225968054917692 0.0960554596601942 0.000832927422485865
0.0142691103752424 -0.018645805460108 0.115999450855929 -0.0232335211179312
0.0394018657916835 -0.0129692561828169 0.0695389099845085 -0.00383609495721535
0.01898576026421 -0.0176865433885135 0.00500206472038224 -0.0314123862165379
0.0100776433119517 -0.0120173811117214 -0.0491251728041355 -0.00955762927125724
0.00551585761403569 -0.0142798777385492 -0.0721649875750026 0.0395338286896823
-0.0046780433480098 -0.0212545837813879 -0.0374087111900434 0.0811537170672369
-0.01861912768672 -0.0173344705932794 0.00694092432096354 0.0822544165422472
-0.0261915935380842 -0.00980971748989578 0.0367744751054409 0.0601222431373243
-0.0345687120694317 -0.00687042445303245 0.0557461082282721 0.0306489299840218
-0.0350071464417124 -0.00758990837463958 0.0579499509444613 0.00157517852563085
-0.0407191127619767 -0.0139726571333063 0.0656804239330487 -0.0163205031287469
-0.0369932472501478 -0.0348813823531463 0.0707241606705125 -0.0139471258625831
-0.0163432943345663 -0.0461343243599239 0.0692290253519188 -0.00404103783014528
0.00817630600795514 -0.054203496383513 0.0779213462152862 0.00521852366780157
0.0336166988978907 -0.051491525096036 0.0867183630744076 0.00269808984266112
0.0539450199572223 -0.0344431565279426 0.0989067534768318 -0.0155778903410578
0.0714421426197567 -0.0065552256884149 0.0481320041489714 -0.00553825088219416
0.0541816984751674 -0.0228332054423584 -0.00737608870786774 -0.0351690740313817
0.0385343500180424 -0.0280930012700104 -0.0557879394349525 -0.017123254099088
0.0182365170025077 -0.0389191273407443 -0.0763464092468 0.0327179914409601
-0.00662866755830247 -0.0469642862627377 -0.0434392287615215 0.0690786537864937
-0.0297837827552387 -0.038001190029434 -0.0058256963908452 0.0727510669853854
-0.0418802413468293 -0.0240173306153561 0.0221944829642551 0.0538734864693898
-0.052240452641919 -0.0180982422462158 0.0388722613294315 0.027896803949552
-0.0525947917314957 -0.0175028902625533 0.0394527672728217 -0.0029227628399053
-0.0605771139226769 -0.0273650391573239 0.0473635008408381 -0.0256784201706907
-0.0558740916004192 -0.0552116936277698 0.0577726243917079 -0.0312943966113064
-0.0262649028198854 -0.0734874137212493 0.0680205766852353 -0.0207982826617684
0.0163661243381433 -0.0865215175748707 0.0771756835050875 0.000638506440911002
0.060436817188119 -0.0748751105668176 0.0754086280777134 0.0103922690843475
0.0838526058698728 -0.0459795877444982 0.0704854138300422 -0.00449716123797713
0.0931607114927197 -0.00199823892349982 0.0149644188157486 -0.00862124928724271
0.0820450405535392 -0.0292788119125745 -0.0291256785387987 -0.0376621249395172
0.0615581945054583 -0.0464614146461867 -0.0665433815115488 -0.0222603318060367
0.0245982910164738 -0.0639650821055365 -0.0778576371573329 0.0248448192761886
-0.012066757745023 -0.0679892406001571 -0.0476902038244329 0.0522406980802459
-0.040293616288217 -0.0526023249969585 -0.0185707164770541 0.0568545292862744
-0.0522733339882015 -0.0333199889507291 0.005094886539653 0.0428373361790939
-0.062093686576714 -0.025978893082207 0.0179450481977005 0.0195395309130447
-0.0614792536322258 -0.0256156806813007 0.0158911966076147 -0.00933480815577012
-0.0704655648299286 -0.0357785448817682 0.0239827682037181 -0.0355554760343958
-0.0650899981732236 -0.0677903590772176 0.0396163606834964 -0.0477451859454855
-0.0317666580409703 -0.0895006394531769 0.0619185557267904 -0.0374922157153541
0.0213672404839372 -0.104412187790657 0.0741575601778095 -0.00435621498293318
0.0770512648922203 -0.0867942754098784 0.0615430025852807 0.021280335528226
0.100634213149433 -0.0476272004500147 0.0371582437868597 0.00957215153028521
0.100067752259473 0.000523738770250687 -0.0256110945358651 -0.00769798682836217
0.0953297253754554 -0.0339770359778645 -0.054992999563224 -0.0335987958363899
0.0721517733108682 -0.0604516808045094 -0.0753086118491415 -0.0247855998717825
0.0244777941072306 -0.0787932457386191 -0.0767303789507751 0.013148865661723
-0.017556899663201 -0.0771840703111264 -0.0542150602977055 0.0296356643913909
-0.0456439386433787 -0.058202410547521 -0.0357905579253842 0.0375548818326894
-0.0558013909653842 -0.0368326862723593 -0.0163276462984048 0.0287079599791399
-0.0625909706265881 -0.0301478792250838 -0.00647053113412129 0.00844903009987815
-0.0603749525013763 -0.0319744249218763 -0.00811523110721087 -0.0185373308085631
-0.0677923002517649 -0.0435219073702713 0.00170916967055238 -0.0448776494776125
-0.0593668446385646 -0.0735182224560146 0.0231618767284137 -0.0605529970432885
-0.0229693464372798 -0.0929052821358337 0.0558665731319492 -0.0481207805299494
0.0323969919714646 -0.103034603298781 0.0675076667533729 -0.00382421264081531
0.0872806885309407 -0.0788095134646364 0.0454934333577473 0.0318450574900723
0.10442280879736 -0.0380185386473547 0.00112059578271683 0.0200923191832557
0.0888766898665609 0.00262960418707663 -0.0648109475166711 -0.00263653761202028
0.0893546687783118 -0.0320303522291974 -0.0774866110554308 -0.0226789693722317
0.0663843720965169 -0.0603643400282533 -0.0802005669491297 -0.0216976470666687
0.0185345242292316 -0.0764153465856946 -0.0712275031337762 0.00119029171262484
-0.019672153143651 -0.0701645367029233 -0.0607417365956417 0.00706270178097797
-0.042918393200455 -0.0521476442408684 -0.0531516127666727 0.0193256963822271
-0.0502592489675677 -0.0341617810678475 -0.037035830277539 0.0152243171238426
-0.053088391582723 -0.0304447599388783 -0.0285789797253079 -0.00408004412328269
-0.0497990164510714 -0.0345995061774483 -0.0293988814372428 -0.0298260242396166
-0.0538100112569824 -0.0456056311782472 -0.0141493381916063 -0.055369797209494
-0.0397383817417465 -0.0709188240791243 0.012675967308784 -0.0714311728320766
-0.00459547432715495 -0.0825627178391658 0.0527972744501102 -0.053920435571466
0.0447333276339763 -0.0818970358972056 0.0596140422011725 -0.00176392623570152
0.0874861323553796 -0.0544886925346262 0.0275786602817196 0.03679967488912
0.0925127443522319 -0.0200324537184451 -0.0316881740953191 0.0230493658747049
0.0621420278855215 0.00575678384463188 -0.0961027383612415 0.00798760290491677
0.0657961158812622 -0.0214697800032122 -0.0914613645766402 -0.00695078915422223
0.0481934411810318 -0.0457721974163081 -0.0797945596814044 -0.0154368434848019
0.0114657924908134 -0.0554098287737931 -0.0655197625209031 -0.00811779584605849
-0.0152917815432659 -0.0491049279859862 -0.0669101715915807 -0.00854454190254521
-0.0305189550396423 -0.0376185639754286 -0.0669076492584443 0.00701633650068083
-0.0361494164553742 -0.0255118840759145 -0.0548825269490686 0.00396808472925099
-0.0373844297212021 -0.0250187525224037 -0.0459352644224051 -0.0151736618718302
-0.0339084494591809 -0.0300374108103198 -0.0429101152712486 -0.0407387856525276
-0.0332362881220044 -0.0400251087365343 -0.0216956867614026 -0.065616990464534
-0.0169749494368852 -0.0565054910229053 0.0106527915368792 -0.0796948142434462
0.0124773780332633 -0.061151211341975 0.0520880104480096 -0.0564908370284257
0.0487870511258424 -0.0512544030341313 0.0514143532588738 -0.00178724843202316
0.0744503366157106 -0.0246320993748226 0.0109293180170665 0.0341772988923006
0.0682145617775037 -0.000276891346381627 -0.056202096158499 0.0178228459152038
0.0255657079538428 0.0119626816523755 -0.112157627360546 0.0193546339265532
0.03397595377195 -0.00310724169176685 -0.0935774392302474 0.00678376834535977
0.0256976571017385 -0.0196616534475861 -0.0769586965887172 -0.00823035715741057
0.00727350663005168 -0.0239237720423033 -0.062456306224215 -0.0110934979103283
-0.00341963141519851 -0.0198101838157797 -0.071459892657106 -0.0125283793654995
-0.00948609114416771 -0.0192359362911423 -0.0735627775236722 0.00247182388356932
-0.0147215249494161 -0.0161419132483871 -0.0646002194977663 -0.00120192431394563
-0.0153549124405597 -0.0154781876968667 -0.0562140902723517 -0.0238737178615296
-0.0135679377057989 -0.0199775178396161 -0.0490854757309939 -0.0510388770071749
-0.0120282610190122 -0.0253705656495744 -0.0212909905849741 -0.0752350222366911
0.00023050535308882 -0.0344738267759325 0.0151880923380282 -0.0837502534341334
0.0186205717866621 -0.0340944299305813 0.0551815003611195 -0.0547075379903085
0.0408319537126959 -0.0220347068989105 0.0468313471214383 -0.00348477457435731
0.0486790301531101 0.00190341462140315 0.000924362221936123 0.0253844553186582
0.034072942177309 0.0144844351136104 -0.0696491123662102 0.00782671117591433
0.00299803415388415 -0.0161218458044121 0.076371931200495 -0.00943590462536949
-0.0156808842051354 -0.00847653413741739 0.00746824308450921 -0.032890247932059
-0.0155475693085546 0.00326529271566126 -0.0475184616085706 -0.00375755430884164
-0.00548305195263076 0.00845864796661182 -0.0663913319683919 0.0473833741128662
-0.00269043172288505 0.00362348453783421 -0.0257272403574385 0.0879449965165802
-0.00516631326675917 0.00409575801423898 0.0217374009440503 0.0828378887895824
-0.00708345581212352 0.00552857323759973 0.0472429097517019 0.0559962007221745
-0.0110004592727547 0.00596991380619486 0.0645288137887957 0.0266001853824627
-0.0113809719321198 0.00430485200726632 0.0674580117484663 0.000462053752708179
-0.0141816146975335 0.00173797979114484 0.0744519240788106 -0.0111735250767899
-0.0151556725788994 -0.00629607338273551 0.075133431358518 -0.00229370803376856
-0.00920446786554199 -0.00981660923668166 0.0681941923882064 0.0070184643996512
-0.00750630077670872 -0.0158288955814191 0.0782490657142313 0.00675819706149966
-0.0017955013458327 -0.0217728981475592 0.0945060871028857 -0.00280815401863206
0.0135645335543126 -0.019080287195957 0.113001261799373 -0.0267785317070932
0.038417954346332 -0.0144686173339287 0.0686478836993512 -0.00698597450482975
0.0174425512429288 -0.0178955199050393 0.00350778462182438 -0.0312560355896577
0.0091047804602364 -0.0126200292108708 -0.049469419908395 -0.00815475339122028
0.00539214579885542 -0.0144294852770265 -0.0699408504438533 0.0417030831455007
-0.006112551986434 -0.0210114251473405 -0.0336381350685658 0.0814022169645906
-0.0193825148840467 -0.0161721159751902 0.0102844734659658 0.0809756326146627
-0.0267157782912871 -0.00800223174601804 0.0385373225525953 0.0572425974794745
-0.0344781398114438 -0.00490091550007335 0.056617063185379 0.0277859059999497
-0.0352601445970313 -0.0060409765941525 0.0576980642940462 -0.00093504111470026
-0.0407058950073885 -0.0124664756242437 0.0643136860517246 -0.0192761174982541
-0.038511249644892 -0.0325764539276368 0.0698288186630294 -0.0169922530127197
-0.0185534810256032 -0.0446786485626662 0.0691164356984102 -0.0063383268518134
0.0055480381287725 -0.0545626722816967 0.0776151585827644 0.00246472037796056
0.0311746894520052 -0.0519712844155332 0.085515360193738 0.000715165579400972
0.0524523723563414 -0.0363290370145694 0.0962105830096118 -0.0190071908253903
0.0707416087013314 -0.00978802369148896 0.0472664422734127 -0.00750329597574071
0.0518192499170836 -0.0250138229055227 -0.00900925433300894 -0.0342086138403232
0.0366668466781901 -0.0298083823351603 -0.0568896991027354 -0.0148941922522548
0.0162409046985502 -0.0391887393641809 -0.0742617915409728 0.0351066433165169
-0.00902445281464992 -0.0461913915725478 -0.0407024531182748 0.0701661083108067
-0.0316795233358988 -0.0357000294614612 -0.00244668427804138 0.0716601771085842
-0.0425321137110702 -0.0215329596617281 0.0244418654398245 0.0522139829560454
-0.0524634682035989 -0.0147232587949694 0.0399784199729564 0.0250198857175791
-0.0530941468016402 -0.0153846351013948 0.0385158215131554 -0.00451339609212484
-0.0613744604580203 -0.0237682455635706 0.0452874428303705 -0.0273147659950067
-0.058156461073393 -0.051516772939002 0.0560866472867757 -0.0336499813143208
-0.0296228781905499 -0.0719041127120093 0.0659449906958595 -0.0223292614069261
0.0124606685339642 -0.0859778031576565 0.0769116483244789 -0.00232777272948377
0.0555430124518212 -0.0771500829751272 0.074408352505946 0.00822650035748792
0.0810304526388959 -0.0484429954221161 0.0696404045818437 -0.00697433320859755
0.0924776524348304 -0.00636154879355737 0.0142193745009776 -0.00846597687279524
0.0793301209794591 -0.0328013230361614 -0.0304396632165549 -0.0355879424734403
0.058772000755911 -0.0496656232564241 -0.0671696738305481 -0.0201726598723817
0.0212925366905869 -0.0645065666057117 -0.0762218753271718 0.0273579389972951
-0.0151599958319817 -0.0660548599204848 -0.0454331263164017 0.0530313336787977
-0.0427134132301903 -0.049157617468436 -0.0161098802622077 0.0572194079755889
-0.0539150510260033 -0.0302145563510349 0.00653561354724885 0.0422823756570763
-0.0626699115051231 -0.022207816807999 0.0181234762816592 0.0183395181573873
-0.0625770704535987 -0.0226472581637244 0.0146339028047745 -0.00957828229781908
-0.0719548397841332 -0.0322272420174139 0.0215681189094348 -0.0358824779568775
-0.0686526278042389 -0.0634769260580728 0.0370643981869261 -0.049156866629197
-0.0358973736663719 -0.0869923219151294 0.0597013221077848 -0.0392881335209917
0.0157562743801632 -0.104253670944059 0.0737362668591754 -0.0066053715912897
0.0720247955357064 -0.0892137871567612 0.0621440150686083 0.0191050631351593
0.0981651184134139 -0.0510717642658253 0.0371046163988664 0.00855246161647673
0.0992493280142373 -0.00410273253351425 -0.0259260265812084 -0.0062854643983997
0.0921338311960157 -0.0379658245043299 -0.0557818708977119 -0.0309593704972842
0.0683242717691877 -0.0632685671892158 -0.0762705005029232 -0.0218737519948733
0.0206387623556307 -0.0793686859995399 -0.0751925410951121 0.0157078725931957
-0.0213428282601753 -0.0750477529416916 -0.0527600355245905 0.0313631684808343
-0.0481483353701785 -0.0545792356197008 -0.0337420112927031 0.0387506088326343
-0.0572004964288376 -0.0335009455664274 -0.0150674508432306 0.0292627314401189
-0.0628808561633376 -0.0266930894514725 -0.00556479552557598 0.00869263509188669
-0.0617531675552353 -0.0290896477616562 -0.00954569917723146 -0.0174808823728737
-0.0692740639508716 -0.0390208152194646 -0.000446958118970197 -0.0439940180124989
-0.0624585227517889 -0.069571749378923 0.0199401364877877 -0.0612217096571923
-0.0274133145772977 -0.0907972890100246 0.053344748669021 -0.0500061547696311
0.027078709921686 -0.102961989972494 0.0672253044256426 -0.00562313386375874
0.0825333908803788 -0.0822078617796752 0.0465257808611075 0.0304636754454829
0.101675385585295 -0.0412469434044371 0.00217220899681447 0.0199498123395722
0.0885234219926129 -0.00176418829739266 -0.0646488722409841 0.000681375685819021
0.086145582293766 -0.0359396670892065 -0.0774245273823501 -0.0187707603779634
0.0623648065549459 -0.0630673310612835 -0.0806257186664745 -0.0183727776197101
0.0148002508879428 -0.0763848376803096 -0.0703298107684256 0.00306844125208114
-0.0227008675860751 -0.0682190076922103 -0.060891666111323 0.00929081260844219
-0.0454120753023323 -0.0491357568633746 -0.0520712328303619 0.0217098181711053
-0.0518214712101588 -0.0309891953520779 -0.0362262156684996 0.0166319676140859
-0.0544236255723122 -0.027169845300686 -0.0291503172645606 -0.00206868459408295
-0.0512980853112467 -0.0317356227771279 -0.0303174116435172 -0.0271470213602611
-0.0550236038707242 -0.042165096121437 -0.0162662919936475 -0.0537402214976291
-0.0430425928864598 -0.0677776587848661 0.0090720134510576 -0.0712380545985773
-0.00859984613017308 -0.0815815613556829 0.0494259852065873 -0.0556675385083316
0.0400289006817392 -0.0828136767125901 0.0595508844819442 -0.00326977348589131
0.0833805077560523 -0.0580818338802382 0.0288968016669258 0.0362410585747302
0.0912842809246686 -0.0232034929531082 -0.0305995163462751 0.0241871647173635
0.0619921640945731 0.00243736758341545 -0.0953581244622522 0.0116852990910733
0.0634385856073578 -0.0243230777627362 -0.0900489141599698 -0.0033240490462519
0.0451325457800284 -0.0476772516110661 -0.0805300885753635 -0.0122157873309976
0.00834643161069097 -0.0553143810272467 -0.0652857282087935 -0.00605679573837311
-0.0174492708589426 -0.0476885919696929 -0.067968646009202 -0.00544323747868433
-0.031950901856886 -0.0354318280644495 -0.0659542637146907 0.00983266473683503
-0.03742713443953 -0.0238187845306521 -0.0540199334552842 0.00673370222152489
-0.0377939625941964 -0.0226232217879643 -0.0465271758915966 -0.01292097726896
-0.0348032910837109 -0.0279266274924295 -0.0447319789277924 -0.0376000866044611
-0.0339608754666966 -0.0374151977774774 -0.0244942883515727 -0.0640508954791124
-0.0193651950068131 -0.0546442781275037 0.00680217919752851 -0.0795478486158878
0.00947946696848989 -0.0608683685170715 0.0493052552165707 -0.0572639899641367
0.0456826454554611 -0.0527831834655163 0.0510280320322022 -0.00283728808156639
0.0723256739649389 -0.0273813592746108 0.0128001624453459 0.0340330090814156
0.0675181254781331 -0.00295547797278949 -0.0548245328914665 0.0199169924410521
0.0264032161381521 0.0107282760232095 -0.109095320178923 0.0232024498796949
0.0332393910765008 -0.00445671992855278 -0.0915834679161176 0.00958115710296047
0.0242092733494681 -0.0201170133715808 -0.0767207195179387 -0.00605541626758687
0.00596349104751173 -0.0239955669457007 -0.062104147136166 -0.0094827872601822
-0.00392410553612057 -0.0197014048957745 -0.072162350251749 -0.00943355697138726
-0.0108204638605676 -0.0183340975195263 -0.0728425679245655 0.00596408409886462
-0.0152966507126737 -0.0146018881726043 -0.0645287278717036 0.00218073842531909
-0.0151676896329857 -0.0150253518273756 -0.0569988592762002 -0.0205647578118957
-0.014831794956706 -0.0189021442036624 -0.0510894211639104 -0.0478973225526642
-0.0127290187252824 -0.0246585792480165 -0.0248288487932418 -0.0725306141628375
-0.00132935305432668 -0.0336858968569193 0.0109143517152271 -0.082998244425881
0.0166351870724023 -0.0344425016471994 0.0523222292298442 -0.0561882577093327
0.0387557073702755 -0.0236329595072771 0.0461055987949363 -0.00445334567304957
0.0485905038861569 -0.000425802024611379 0.00268293321531471 0.0252844768025073
0.0347153749113836 0.0125841263157894 -0.0680782434068233 0.0105140466918608
0.00198997302412135 -0.0155645151773082 0.0722676656492355 -0.0123803341941737
-0.0156121773677006 -0.00782497259500743 0.00570553454437332 -0.0320366549049898
-0.0147971872196108 0.00351512008071128 -0.046299975763467 -0.00170324458128836
-0.00422176526322393 0.00837622012867741 -0.0623848848102988 0.0478699369457915
-0.00242318092172489 0.00400474780198896 -0.0209233237923218 0.0855610665493402
-0.00502899219891079 0.00429420583391793 0.0241506829555378 0.078180513521918
-0.00722722032153303 0.00588721340742583 0.047475760704395 0.0524426756642921
-0.0107742563334716 0.00645712660022525 0.0634694776937951 0.0226205972208593
-0.0113952722363854 0.00497943285342538 0.0648196402877797 -0.00306351567629839
-0.0136048570929423 0.00212594245267443 0.0707359610391703 -0.0139567311972952
-0.0149944174815441 -0.00548090539473076 0.072545431545227 -0.00606615225848706
-0.00921783349178323 -0.00904405051591993 0.0667133598508277 0.00447839355024504
-0.00814813610221183 -0.0147812450533428 0.0763678511346974 0.00322197271876516
-0.00272309047929506 -0.0209471025787644 0.0905315874492571 -0.00560797255697099
0.0133222762295568 -0.0188493450130389 0.107244088067708 -0.0295411325083376
0.036799344150247 -0.0158273255424123 0.0654080792721036 -0.00927015790115488
0.0160165862205122 -0.0179437110326242 0.00188017449937835 -0.0303767679377155
0.00782125889654515 -0.0128653018491067 -0.0485123861493046 -0.00662364385316167
0.00441521514178076 -0.0137247202325804 -0.0662433783267652 0.0425048001272127
-0.00691402274560657 -0.0198100561206865 -0.0287848907497061 0.0792510862092493
-0.0192496387268202 -0.0146762884958043 0.0131529854980659 0.0769619572349328
-0.0259657605282044 -0.00626333606954829 0.039539405886859 0.0532718617094053
-0.0337535681095803 -0.00294377671773432 0.0555842357421545 0.0237679583417003
-0.0349200709146188 -0.00347604298109827 0.0544301008466612 -0.00401875898703789
-0.0401200205631391 -0.0103057761838854 0.0610095710072354 -0.0212241737757895
-0.038975788655431 -0.0294757532388939 0.0659634467230944 -0.0197259145843576
-0.0199253163960212 -0.0426129005810945 0.0667888035736173 -0.00823481471341472
0.00230887482753036 -0.0522001825160424 0.0753888206685689 -0.000720035056875192
0.0278823146434504 -0.0511143866687844 0.0821656712965163 -0.00221098481898947
0.0488045220828408 -0.0370652111701467 0.0917123537008159 -0.0218046060403063
0.0679295759552858 -0.0126986319284616 0.0454792080986987 -0.00813795242802072
0.0483655570266766 -0.0257783285133909 -0.0102284902484492 -0.0321646104757223
0.0332296928407335 -0.0310050873975002 -0.055372195150051 -0.0127889869543022
0.0138685134456435 -0.0386146133593238 -0.0700888948070466 0.0364329715003815
-0.0111013035723057 -0.0429937138130708 -0.0358171125828682 0.0681628355942873
-0.0322923134539644 -0.0328953641832669 0.000634332394943476 0.06933729661926
-0.0425504247390769 -0.0185847806350422 0.0255823711879469 0.0492426647012667
-0.0513760193416194 -0.011936533387662 0.0395410696611376 0.022138561666656
-0.05240664538589 -0.0119676471379621 0.0366422208617773 -0.00551188626459129
-0.0604075044053057 -0.0205135804413056 0.0421123751890039 -0.0284144020542059
-0.0586585175393497 -0.0467013177600223 0.052047375434967 -0.0348417572929787
-0.0317477536089189 -0.0682881246599764 0.0631762111173909 -0.0242792398257165
0.00731714328224683 -0.0835800992358366 0.0746237258168196 -0.0047449543844707
0.0503266686193648 -0.076236806068977 0.0722346568409369 0.0058398859428085
0.0770879880498315 -0.0497927842193904 0.0664522458720585 -0.00926781192166046
0.0887939724897147 -0.0101812827718213 0.0139283643170343 -0.0083534364510488
0.0743501512798533 -0.0345887933944886 -0.0308025453728521 -0.0329284834494398
0.0537089760567739 -0.0506191208427019 -0.0666503442666053 -0.0174086310489823
0.0173940472767279 -0.0628355133684932 -0.0727916406999447 0.0283655812993631
-0.0177967293790599 -0.0622744588177446 -0.0422750109117549 0.0531771898244861
-0.0437483329722555 -0.0455459958697841 -0.0131108505876254 0.0555191853098836
-0.053492349674859 -0.0261649125712922 0.00795832550719663 0.0403036926043904
-0.0617517223961014 -0.0181667311536953 0.0184445044512691 0.0163870650950068
-0.0618123327831383 -0.0190165175516346 0.0136747096509567 -0.00979756945810435
-0.0707673649615399 -0.0272010769445079 0.0190535403260834 -0.0356751620260425
-0.0695670520341631 -0.0574893925792124 0.0331044152900323 -0.0492017949850862
-0.0384311587024366 -0.0823221475335758 0.0561330779454893 -0.0395697510389418
0.0103002493478029 -0.101552417772707 0.071411615212942 -0.00854310840222329
0.0650584862640659 -0.0888595446885713 0.0604600164121702 0.0164524630000388
0.0927163986050216 -0.0534664454493268 0.0363797055913254 0.00636106759727091
0.0957546557680922 -0.00864942586568494 -0.0244256952432719 -0.00456815140006964
0.0865785559445799 -0.0407934272357036 -0.0540703431258186 -0.0273674845367164
0.062257497615892 -0.0643038717563405 -0.0752118536109065 -0.019166674694916
0.0161803639318435 -0.0772971305336999 -0.0724147812610438 0.0173733160705425
-0.0242804676596116 -0.0706046106009419 -0.0505276629437516 0.0319033055405107
-0.0492374001582445 -0.0494606196825415 -0.0313029247897778 0.0389911165136909
-0.0577555676904376 -0.0295097732122216 -0.0130818765442423 0.0284149936934122
-0.0622546360254909 -0.0229157176011662 -0.00532047224108771 0.00893094220870505
-0.0613660286462529 -0.024850522122093 -0.0100837473692145 -0.0156175357907152
-0.0686267389071314 -0.0348167277554838 -0.00285290625431924 -0.0418972269355633
-0.0634461713737063 -0.063914377972539 0.0163399995928891 -0.0602240107218557
-0.030609046651264 -0.0862921903815953 0.0492241414872481 -0.0493672544077685
0.0206951711190439 -0.100071494603138 0.0650590861028067 -0.00736157507044145
0.0753303764047415 -0.0829206158155695 0.0460599951127704 0.0279099442237672
0.0965439860213795 -0.0443341318895731 0.00269224505256204 0.0196134486396766
0.0854445788517283 -0.00575070136525438 -0.0624630671395019 0.0035678660644644
0.0808851189978559 -0.0380732994375173 -0.0754792836774935 -0.0143672376759256
0.0571857142849667 -0.0635122374563781 -0.078731810288328 -0.015364919824364
0.0105326020696897 -0.0739450133559043 -0.0680761398234274 0.00529895620318768
-0.0253078564289918 -0.064314755028228 -0.0593633075226703 0.0113472488794623
-0.0460485509668079 -0.0445210549771642 -0.0488143705872212 0.0233120762092174
-0.0517511324922605 -0.0271532495634469 -0.034627621423498 0.0176243446314048
-0.0536121093382471 -0.0232397625084441 -0.028128016556427 -0.00095430326863973
-0.0512425647121066 -0.0281721018376968 -0.0304545821782578 -0.02448943282141
-0.055407417868301 -0.0374921350033577 -0.0186045671098989 -0.0508586130199083
-0.0448785800803606 -0.0627373493776049 0.00564212077541857 -0.0696907436474632
-0.0119860413325395 -0.0777675049492882 0.0452774321240533 -0.0549892806093661
0.034491682237882 -0.0814986368751571 0.0580900636283887 -0.00515011574059926
0.0775106503626099 -0.0593213558999748 0.0297430426877002 0.0347084371800769
0.0869678718904641 -0.0255796893669187 -0.0280172328611927 0.0248888804459554
0.0605207726792837 -0.000274935634526757 -0.0909648795536406 0.0152250372214332
0.0596672634455994 -0.0260692879320902 -0.086912538513922 0.000429587579478292
0.041318885373138 -0.0475577414788502 -0.0783796937902518 -0.00927807288446872
0.00539139715533153 -0.0536760837740164 -0.0635598438829951 -0.00434589396417189
-0.0189545314203532 -0.044474922378152 -0.0668604513847551 -0.00284420957037275
-0.0330121767480917 -0.0322483010557237 -0.063524255112157 0.0129407541543561
-0.0369532794271834 -0.021056453385849 -0.0516855951785297 0.00887478672060191
-0.0369050870016949 -0.0194665697773065 -0.0457218083987404 -0.00996459635010006
-0.0353531601762179 -0.0257458877166262 -0.0446280529807901 -0.0343514219094044
-0.0347508354352761 -0.0341933337871968 -0.0261490525415375 -0.0603962697809025
-0.0212666840117054 -0.051954851549845 0.0026363665776005 -0.0769617331649857
0.00613923513135431 -0.0589630620835165 0.0453264193959057 -0.0568855064648505
0.041591347693205 -0.051999611658811 0.0500432730555274 -0.00462833311947664
0.0680198316987545 -0.0294519529681629 0.0143892522382149 0.032605817304213
0.0653356602967024 -0.00565617761099897 -0.0513712306571456 0.0210580072897624
0.0258634446846799 0.0088918247864199 -0.105233837959091 0.0263199866553414
0.0314470470250619 -0.00507295480155512 -0.0872791419550535 0.0120365449131762
0.0220587184616203 -0.0203480067621666 -0.0747495790277241 -0.0028632852712279
0.00446914430857048 -0.0226608431951569 -0.0611864350197558 -0.00797821160400221
-0.00476690315519742 -0.0183964814845365 -0.0708556526817229 -0.00631240437490564
-0.0114966434128953 -0.0168769196448784 -0.0694624547585346 0.00966398485062195
-0.0152597336606914 -0.0137160554413104 -0.0617867282029053 0.00459326461687765
-0.015414763569378 -0.0130202209524896 -0.0565727810536487 -0.0165702841302279
-0.0147526360762171 -0.0176524237470714 -0.0520971245808624 -0.0429774045037017
-0.0131638961037064 -0.0229458685502385 -0.0271094942847678 -0.0690044162221871
-0.00262262470559609 -0.0321194143912998 0.00678517343667991 -0.0804299124575174
0.0143475909400331 -0.033423503605579 0.0478046466910315 -0.0561482328426625
0.0364271994262965 -0.024261451980383 0.0446168105948233 -0.00551455628755603
0.0462274649538424 -0.00258895588055936 0.00445358452701618 0.0251741709134894
0.0339916884508406 0.0106362269459377 -0.0641522823465087 0.0128573659656142
0.000790604183093151 -0.0158677335447003 0.0669875302326462 -0.0177653410046221
-0.0151757187330034 -0.00544721125009939 0.00234671292053237 -0.0307651142146013
-0.0140608803550652 0.00524870527668516 -0.0437303248879394 0.00296470393439781
-0.00348529905480346 0.00786477541835372 -0.0524952584767017 0.0521137780131271
-0.00281783119014524 0.00348488877290694 -0.00954386520110137 0.082612727029741
-0.00429844545050534 0.00453675362559856 0.0315972195742992 0.0711504977300285
-0.00543024522344782 0.0062748207983669 0.05105496687697 0.0450379414230785
-0.00916043832717218 0.00711377940271726 0.0618806255333925 0.0137429017714074
-0.0105334976518572 0.00582495815436988 0.0604906513945059 -0.00897707734201336
-0.0129583629308338 0.003576523569144 0.0649255074039844 -0.0210487581369632
-0.0152084280967007 -0.00375486109761209 0.0680534998128076 -0.012310265828107
-0.0100601038849835 -0.00786665449597281 0.0641860777779736 -0.00172155223904848
-0.00990329380499038 -0.0136018598029407 0.0716956738316279 -0.00525843530376137
-0.0046956106839697 -0.0200429714187982 0.0837677014146988 -0.016013771599838
0.00997356830876344 -0.0204000242600254 0.0986184468133321 -0.0397784023649347
0.0338931809208982 -0.0202025280398821 0.0575235205169126 -0.0140941327334528
0.0129311966805867 -0.0183082541375718 -0.00187572668411815 -0.0274916649679872
0.00554911771255523 -0.0128376399750906 -0.047471857675032 -0.000377981748010424
0.00248962701021404 -0.013885745682172 -0.0574344230899499 0.0483850466225375
-0.00878836192073902 -0.0175169260831154 -0.0181616465679535 0.0781140498013794
-0.0196464554955522 -0.011395267509589 0.0207337434043347 0.0718921066302398
-0.0248733791331455 -0.00270823401243771 0.0433479837992039 0.0477337295820913
-0.032265829186553 0.00101402883703905 0.0548096599844195 0.0163038289308028
-0.0332407654715195 -5.37698312399168E-05 0.0505143747236601 -0.0089727389265487
-0.0389212786486468 -0.00498201217524998 0.0534228905531936 -0.0263146604365635
-0.0405432020282881 -0.0234469403609524 0.0595622179055883 -0.024572214376251
-0.0238597429146143 -0.0384291483753506 0.0615859795753345 -0.0141159633257571
-0.00413182149998662 -0.0494308769459846 0.0704695318299859 -0.00936399143864874
0.0195662425461788 -0.0508677606733423 0.0764800014224969 -0.0135821075687146
0.0408905447762306 -0.0409348340069974 0.085800215853487 -0.0307846294726542
0.0640981189450478 -0.0206137535629386 0.0361822130152501 -0.0107006623669842
0.0420087399690513 -0.0289500451731391 -0.0144336320565624 -0.0281850601907862
0.0272847856425046 -0.032056252483137 -0.0561548907661077 -0.00527775969415528
0.00858714500446108 -0.0370768356949462 -0.0634680790866311 0.0430930214430555
-0.0151703540750583 -0.0389757380340379 -0.0269679422044191 0.0703674715921806
-0.03318481340431 -0.0267049423666585 0.00742941109635213 0.0668473007458613
-0.0411843071546284 -0.0126711385845536 0.029056794683473 0.0455918211273165
-0.0490776628108154 -0.00524704262883271 0.0395611594803197 0.0161928584117091
-0.0513519859046216 -0.00569837257708198 0.0336402708062422 -0.00847923297259449
-0.0583478495691989 -0.0121060070793508 0.0345410583724331 -0.0312064852828314
-0.0612134065305024 -0.0363211695282827 0.0442489027426777 -0.0377461446354073
-0.0378762821395533 -0.0602609419728668 0.0556917520257271 -0.0289513718948757
-0.00417018491783865 -0.0787955570728654 0.0684577969998303 -0.0142980387951931
0.0369316906919458 -0.076653165726463 0.0686785560845487 -0.00613069436281505
0.0647103841229758 -0.0557808864341176 0.0642645813382374 -0.0169046464981057
0.0854811967411048 -0.0214631891855416 0.00538675006701723 -0.00709640724456585
0.0659075655479365 -0.0397750053088516 -0.0346262740133142 -0.0258781575973581
0.0440602963333998 -0.0528766960666783 -0.0677690268662281 -0.00790960941818596
0.00976887732481222 -0.060579392189933 -0.0669614859598578 0.0370095629911317
-0.0236782693585785 -0.056327520861383 -0.0354339903494527 0.0571310722939316
-0.0455136441469365 -0.037244023566339 -0.00744932062167383 0.0568501867470543
-0.0528907232648843 -0.0178305219723219 0.0109013635789239 0.0389964665266335
-0.0598046916723651 -0.00999525859371087 0.0189932378150004 0.0132899442333828
-0.0607321898910241 -0.0106307100863157 0.0111219977791394 -0.00997560974046065
-0.0696607041460835 -0.0169545946578194 0.0116095650526613 -0.0345557712557712
-0.0718919678245736 -0.0451066936637169 0.024231412064645 -0.0485461560892703
-0.0454351073856796 -0.0722767656506433 0.0466800168724791 -0.0433433082267701
-0.00376119414056747 -0.0954045372909094 0.0646860059718135 -0.0174879309569337
0.0496168394636379 -0.090099799512944 0.059949426254453 0.00432758914610404
0.0791662658249739 -0.0599100527397306 0.0374752714205855 0.00104774245565809
0.0916188427369979 -0.0202844214091212 -0.0317952277346211 0.000380638936155876
0.0765910177080127 -0.0464579616120887 -0.0566974378992463 -0.0181276528332202
0.0508561670883151 -0.0666961795763037 -0.076912138662622 -0.00764072169932317
0.00729598600983665 -0.0733619262670329 -0.0684635469497679 0.0267087035062638
-0.0303099534073176 -0.0636650510328134 -0.0453267923438463 0.0391344109298606
-0.0516409372861821 -0.0408871773069674 -0.0254231001137702 0.043159491550195
-0.0567895298388038 -0.0210396100547157 -0.0108848481853458 0.0306781382928332
-0.0609676530944128 -0.014007030966248 -0.00453426179113454 0.00879834551958843
-0.060679449737605 -0.0161925614228268 -0.0122972087560306 -0.0126850656167337
-0.0680725655923576 -0.0239197777844945 -0.00935175168126276 -0.0384932857874424
-0.0670829739815947 -0.0514342239065102 0.0066341741249157 -0.0567068241572952
-0.0385183693458655 -0.0766398640678342 0.0385944120110206 -0.0517165359478338
0.00616615580980755 -0.0954398792447878 0.0597481469023808 -0.0168845003495128
0.0595467297541218 -0.0846327405011275 0.0480610724281488 0.0163463355709096
0.0842595208606779 -0.0515304588984489 0.00772107843752272 0.0171219467564723
0.081669950839502 -0.0156680807969702 -0.0653665994897994 0.0118596744718298
0.0713357988897614 -0.0432551816672089 -0.0742762349978496 -0.00445513886645139
0.0463016324741619 -0.0654649916398676 -0.0796002181830374 -0.00353782902467783
0.0028796994342478 -0.0700689213667307 -0.065940273589605 0.0142812500121565
-0.0306272738730472 -0.0570308741606269 -0.056012586200572 0.0203517234275544
-0.0481487124450261 -0.0370469362855572 -0.0442150416542255 0.0306952728590831
-0.0512922512141996 -0.0197892533663158 -0.0323907200739461 0.0219971370427404
-0.0527905073323312 -0.0154921910111328 -0.0265029642513631 0.00210884851377792
-0.0516439103805613 -0.0202107910954844 -0.0322543151536371 -0.0188940384445829
-0.0554542287396702 -0.0284955776366429 -0.0249572593458301 -0.0445842640697485
-0.049198850879981 -0.0525906489237272 -0.00438834810208656 -0.0651499922486556
-0.0203385697082262 -0.070753863942934 0.0350205932526963 -0.0573147956223372
0.0214935444890036 -0.0798691128894658 0.0530302060058198 -0.0130668070445905
0.064536538879151 -0.0632419628708439 0.0339012063479263 0.0250835779473176
0.0774414894102295 -0.0328459304681226 -0.0210264260433629 0.0256737765715107
0.0575377551388533 -0.0071678956550204 -0.0888982828809142 0.0250183738370786
0.0530845256349052 -0.0298932388790737 -0.0832686151720492 0.0106348088967506
0.0333294515966063 -0.0485548883886182 -0.0773737076658729 0.000982089689820798
-0.000372258981505745 -0.050765808856681 -0.0627279773155235 0.00444549974897656
-0.0220009264100736 -0.0394994462768959 -0.0642677457077026 0.00725966523409365
-0.0338366980131739 -0.0268067722018438 -0.0585728777048503 0.0210948482452797
-0.0373000741488216 -0.0151972559192551 -0.0497923006492724 0.0157036741086022
-0.0370876927868667 -0.0144068029812302 -0.04431510365458 -0.0038810346875258
-0.035404161691819 -0.0196242730616276 -0.0468712867931195 -0.0262717308021727
-0.0359435399292809 -0.0271644215253693 -0.0330173491577376 -0.0534049890503897
-0.0260899068439693 -0.0449616161577306 -0.00683697039876082 -0.0723132847936453
-0.00152498508823928 -0.054953928026872 0.0352367899314621 -0.0592767512641796
0.0314845803710698 -0.0534931289497917 0.0471427412000593 -0.0110352954700674
0.0589248699247127 -0.0345002609738585 0.0196618909653788 0.0263283536976879
0.0598047867408414 -0.0117905244432207 -0.0440637592522872 0.0253460956255362
0.0251185241425164 0.00616535796517893 -0.098630703767262 0.0358650970821759
0.0285090795703807 -0.00769737509326827 -0.0816664974825719 0.0209205331740028
0.0181098734537933 -0.0213951129999641 -0.0721660697521064 0.00557201086270754
0.0018510970384525 -0.0217617434978964 -0.059894771853943 0.000314296343789155
-0.00607384139403616 -0.0167077586521389 -0.06874356686217 0.00382623858800836
-0.0126233154837819 -0.014398484381796 -0.0654170471895236 0.0175633534732623
-0.0159706551678728 -0.0105334672581895 -0.0595130445833702 0.0114933376406204
-0.0156299052332243 -0.0107063721979991 -0.0546628168927261 -0.00900197449525665
-0.0158620612858715 -0.0143691047180999 -0.0534885872648605 -0.0341228887496894
-0.0146317043448965 -0.0189051638091269 -0.0336003815224856 -0.0615523873873899
-0.00678583006636237 -0.02886432454399 -0.00238215505514757 -0.0760066135877348
0.00923658958621637 -0.0324442070474921 0.0388535610285313 -0.0584026587678391
0.0305692880509665 -0.0266673330784718 0.0420988804329889 -0.0105557105822111
0.042503177477279 -0.00756464973354771 0.00925614869617807 0.0213677774141396
0.0324894529016232 0.00672018973634865 -0.0582845613565129 0.0186671828130447
0.000816579770358484 -0.0146844686427553 0.064034661182319 -0.0156202197491536
-0.0141512343356057 -0.00507250394102753 0.00315459348497839 -0.0293018201421031
-0.0134046064204254 0.00456239113357312 -0.0418221607056101 0.00113543808833366
-0.00338248323845277 0.00718218235785259 -0.0516338881824236 0.0484533022654885
-0.00207725869648662 0.00359796843548332 -0.010302113394326 0.0777714709621226
-0.00384969349660965 0.00424292249027847 0.0279599797379437 0.0680579955535492
-0.00540876696359184 0.00592562486050002 0.0478746601556849 0.0437059827607908
-0.00903089210438578 0.00689898866291737 0.0587612082749431 0.0134823390233765
-0.0105923021828439 0.00556728526190315 0.0574219426487848 -0.00746350534973849
-0.0128605206962718 0.00240628262016369 0.0614800300612645 -0.0187542117544593
-0.0145057323067172 -0.00349138819333888 0.0652762301974363 -0.010925398865077
-0.00913574144057006 -0.00806387852118734 0.0616346663919724 -0.000253254115908594
-0.0090840439073182 -0.0128699896708186 0.0686564428476455 -0.00280283760020534
-0.00409214289387208 -0.0190552819979818 0.0797755637434923 -0.0125886064059567
0.00994361261064642 -0.0191524440072568 0.0943711593477681 -0.0350219922258296
0.0330942142865448 -0.0182476814578855 0.0552977263712558 -0.0115035703531869
0.0123508616539938 -0.016839843908874 -0.000949157132199063 -0.0268532596235959
0.00495011637088515 -0.0117473570099076 -0.0454387611877718 -0.00190389797059981
0.00264281508323636 -0.0126626483514438 -0.0562827992047978 0.0442068889583962
-0.00849658445816505 -0.0166954484358077 -0.0186800033584771 0.0743403984256225
-0.0184969420137073 -0.0109500568283212 0.0183792112222148 0.068291785295731
-0.0235294578368906 -0.00311570169321787 0.0398006213089828 0.0455419972939501
-0.0304037128383468 0.000819867814657341 0.0514916843143098 0.0154630686182617
-0.0323760722343476 -0.000548681532975176 0.0482293326899168 -0.00719380495106863
-0.0369671273068142 -0.00569857576991499 0.0510539110557034 -0.0240819231089999
-0.0382418499048967 -0.0221621923818537 0.0570515938198746 -0.0230709413640858
-0.0221560936203799 -0.0366763581318051 0.0595814962215148 -0.0114782010398071
-0.0035518831934827 -0.0467613747017086 0.0678453893149222 -0.00731180852539702
0.0191670427498833 -0.0483090630330458 0.0731202887713181 -0.010889641557009
0.0402301713700327 -0.0378579073970073 0.0813785334743658 -0.0271413436608048
0.0615156758433588 -0.0186804333930644 0.035169498889882 -0.00942882300520355
0.0403592029703108 -0.0262391074003681 -0.01258935758817 -0.0270414020376186
0.0260153337205214 -0.0300486888680688 -0.0536614973465368 -0.00671121274849824
0.00885763193194363 -0.0350160514170205 -0.0611418658995389 0.038907812792074
-0.0141266941855234 -0.0372341807137273 -0.0266432761569204 0.0660824404851313
-0.0316849452245739 -0.0257797125088426 0.00596740906602455 0.0641197130885273
-0.0392514928879387 -0.0123247609983132 0.0271237426771809 0.0434752729652057
-0.0465066041468084 -0.00541021247986136 0.0372030089696736 0.0159436414564554
-0.04920232097835 -0.00580457734999 0.0316708629686709 -0.00741352959362522
-0.0557903761509747 -0.012199450075972 0.0333606448541058 -0.0287220549291889
-0.0573485368041886 -0.0350553357972469 0.0424660281624737 -0.034885181645901
-0.0350912019757744 -0.0577042542225335 0.0540123156911066 -0.0259018525191391
-0.00281468269110634 -0.0743168001353485 0.0658189884309443 -0.0116241019870353
0.0370042781624523 -0.0718667370700223 0.0655368550665308 -0.00347876675869804
0.0631828286536371 -0.0512920718013763 0.0615178105015871 -0.0143613473296913
0.081031435468362 -0.0189168749628385 0.00544099267080568 -0.00628052147506333
0.0630601341551831 -0.0364583803632694 -0.0311826525042992 -0.0251839597735304
0.0420775287346437 -0.0494696807796626 -0.0643365103157182 -0.00950152226874959
0.0101542838567804 -0.057151850579251 -0.0643125898762521 0.0334389070594613
-0.0219817643392845 -0.0533200333887265 -0.0344489521382139 0.0538226646031064
-0.043260257115407 -0.0354277441819243 -0.00766615763384427 0.0539977205613914
-0.0500745368527981 -0.0175596302266768 0.00993218099947178 0.0372304770606163
-0.0568077175413575 -0.0103410164580169 0.0177553592587219 0.0126509088475841
-0.0581788822487651 -0.0109339249937368 0.0111349557224225 -0.00892683727878275
-0.0658411413563077 -0.016946912971839 0.0113736791095248 -0.0324244978129873
-0.0679508754632797 -0.0431702089738056 0.023752974033373 -0.0463570938624923
-0.0425041321765666 -0.0692566194761326 0.0458720325539753 -0.039694319631373
-0.00204334466188677 -0.0904248254988921 0.0620957859128605 -0.0151433646152351
0.0483906137041629 -0.0840520130725146 0.0565929775084306 0.00602035200962901
0.0772950782657991 -0.0556788474075288 0.0363917977046236 0.00223171679930166
0.0870454433877124 -0.0173664134240871 -0.0293011177856943 -8.42445733227677E-05
0.0732022442046372 -0.0425997735080649 -0.0525044409170898 -0.0182469687247805
0.0491706376857159 -0.0626130535852179 -0.0733312707389407 -0.00930153879215364
0.00764910886347635 -0.0698147761216421 -0.06573501955451 0.0227802085942377
-0.0281662366193568 -0.0605075169375745 -0.0446837401419179 0.0362314042574317
-0.0483244691119334 -0.0395521109060338 -0.024946012498188 0.0412284775008995
-0.053922738902628 -0.0206593583577386 -0.0107530830236831 0.0291199393202121
-0.05783798254141 -0.0142490450051349 -0.00444453114003725 0.00847524551177638
-0.0581348924104901 -0.01633371175678 -0.0113933951627412 -0.0120251716986663
-0.0647090379171657 -0.0233808644525006 -0.00819752491711649 -0.0365136940565572
-0.0635581894037084 -0.0491148492842084 0.00719384955958547 -0.0542986348800479
-0.0359413127457459 -0.0733232157228874 0.0381337633999334 -0.0481385655705274
0.00740934192023424 -0.0902455865475147 0.0577177898347595 -0.0140021272282402
0.0581343131403481 -0.079412020316157 0.0457821933567481 0.0173405170936166
0.0813714942858935 -0.0475503489033366 0.00706116033142259 0.016529124126507
0.0776354274292533 -0.013644896564377 -0.0618960244744569 0.0101205592489966
0.0687532964995694 -0.0392955545404652 -0.0697750153235694 -0.00611313607529906
0.0447733658435115 -0.0613639687161151 -0.0760098189453374 -0.00509894565165711
0.00336683018438433 -0.0663272766554933 -0.0634372049450691 0.01187742171614
-0.0278593421115761 -0.0547898918370451 -0.0545748176996674 0.018679613937002
-0.0453563193243816 -0.0349016318919529 -0.0426594409603892 0.0284337173648055
-0.0488753689715694 -0.0187821359025854 -0.0312117145295296 0.0206866519431797
-0.0498514495063516 -0.015506530703247 -0.0252168364683296 0.00162797648966306
-0.0491632724662393 -0.0196363459550299 -0.0306013699504995 -0.0180525758598901
-0.0521365514861989 -0.0275810066147221 -0.0232518855669298 -0.0430088174718545
-0.0462490531939388 -0.0503726605222514 -0.00306669331595527 -0.062215179658281
-0.0183522264568133 -0.067502507185096 0.0346148847464054 -0.0534962066291829
0.0218253107468653 -0.0752530645195447 0.0514957498211392 -0.010548106570336
0.0625728710106957 -0.0587694101955666 0.0324430775270407 0.0251966034065617
0.0745560272748965 -0.0303675263238955 -0.0200780893424078 0.0239819654334587
0.054177214907544 -0.00580559521956941 -0.0851992876757158 0.0221839519914481
0.0507767385246819 -0.0271085295674599 -0.0788632290982669 0.00775028239264479
0.0321749806251034 -0.0454455625157629 -0.0735498219962979 -0.000572076953068183
0.000663393777804936 -0.0473856035441126 -0.0596604337275556 0.00208111070223995
-0.0201670127234445 -0.0376118057747513 -0.062491907977055 0.00611443339596774
-0.0322028238659128 -0.0253599666877898 -0.0557409369835966 0.0195624010124187
-0.0351555267676089 -0.0144787358810718 -0.0477169376090015 0.0138507383312277
-0.0345159995762619 -0.0139159456199202 -0.0427211101745279 -0.00413856765507099
-0.0340963213433194 -0.0191683310793052 -0.0433569007259652 -0.0253437271478869
-0.0333456752976954 -0.0263403329987904 -0.0303043747606132 -0.0510377174941926
-0.0242441095611242 -0.0425283778996334 -0.00556856444308981 -0.0684600071199903
-0.000585582515447535 -0.0518419517843667 0.0348975724996854 -0.0553739166550229
0.0309064462150582 -0.0495537356735366 0.0454997571628162 -0.00848031491148276
0.0567819647141312 -0.0319710794885442 0.0184556485666768 0.025734590537889
0.057005249832892 -0.00988329778086472 -0.0423369948864849 0.0232166672308909
0.0239502040096592 0.00613666606166453 -0.0944097094039382 0.0314110242615996
0.0269390159882537 -0.00707957893998197 -0.0780576260596555 0.0178006375718606
0.0170995602014586 -0.0192776857553431 -0.0685930061396559 0.00328140512185345
0.00219367884454361 -0.020105873552673 -0.0569227216131299 -0.00242784173401314
-0.0052950071223062 -0.0161782217000535 -0.0659914699022303 0.002659138256866
-0.0116604181821371 -0.0136269655884935 -0.0620289751242228 0.0156124183075134
-0.0150412067555538 -0.00998151655316066 -0.0565905498468178 0.0101878225827911
-0.0144344586340235 -0.0105316520639206 -0.0520515748748591 -0.0088582981749483
-0.0146202888704301 -0.013943379064091 -0.0504123440580221 -0.0321881045538631
-0.0134786911568849 -0.0177667510737112 -0.0308673039050552 -0.05872730642735
-0.0056282779533195 -0.0277200093088017 -0.00134983614668323 -0.0724602610927099
0.00908791302957867 -0.0312292096858996 0.0381392921389784 -0.0547500489427545
0.0290857865588793 -0.0241135778643038 0.0409353336080181 -0.00881648406899818
0.0405352523573573 -0.00644290302239614 0.00887764920976388 0.0208980110578026
0.0303712195984748 0.00729343331926631 -0.0553316797914189 0.0170849896041305
0.00240268286533148 -0.0145834659644326 0.0635936500486851 -0.0128446129297749
-0.0135189464567879 -0.00610895129798663 0.00439266236254865 -0.0288508787236248
-0.0137067109479995 0.00421015700712903 -0.041216622499759 -0.000990979453602508
-0.00396031542481781 0.00678693840412471 -0.0535560545760057 0.0448317165126989
-0.00225765257056125 0.00325973901646415 -0.0138138185852829 0.0754644930518038
-0.00399163939378115 0.00394522579784065 0.0247832575524618 0.0674137278133654
-0.00531647385454797 0.00606779515302664 0.0448676980381841 0.0448428050096788
-0.00958769232969951 0.00632391059350701 0.0568593122265004 0.0158161061507927
-0.0104583068626068 0.00501020044316634 0.0569780597300537 -0.0049025459261713
-0.0130034530458716 0.00162862595930737 0.061024335790804 -0.0153725754286348
-0.0140254848422813 -0.00430300106131043 0.0644131983274634 -0.00831261634986983
-0.00861918713297805 -0.00866840227308409 0.0610966698773767 0.00270856476562089
-0.00852580665808452 -0.0132218722236635 0.0675690619362513 0.000587508847591256
-0.00306900536249705 -0.0188479365702105 0.0785439501135157 -0.00803587732754319
0.0111328252196998 -0.0185001325086249 0.0939652929251672 -0.0291995617273151
0.0330000042377534 -0.0167181764114753 0.0552582329789316 -0.00906174734113272
0.0128205852812063 -0.0156883348767376 0.000546648009166883 -0.0259011612412257
0.00486335732745781 -0.0112735912835814 -0.0443032164718043 -0.00426390122297957
0.00285161383943842 -0.0123989763694497 -0.0572952196256817 0.0405455933558641
-0.00702315524955769 -0.0164163288238657 -0.02174356464529 0.0713487006531399
-0.0179291601858293 -0.0110717318591907 0.0149950388716041 0.0677546259803416
-0.0227701919914268 -0.00341042578829241 0.0374466832902761 0.0460187420585482
-0.0295467603089953 -0.000332437001035551 0.0497013448545365 0.0173238608768125
-0.0320506351957867 -0.00195350220823386 0.0480133030567362 -0.00456355389806475
-0.0360245061477828 -0.00730976497568478 0.050930515411331 -0.0215050356848027
-0.0366144661448118 -0.0230063441151464 0.0568860800172065 -0.0197139117127467
-0.020053842823362 -0.0368871897014311 0.0592531536312245 -0.00859339408882071
-0.00144647648780627 -0.0460217122889235 0.0668248699232647 -0.00370524114454012
0.0212535182444007 -0.0463979603965596 0.0723982233592789 -0.00607271899549913
0.0412640454176399 -0.0352976540322725 0.0816048679863268 -0.0214613922742432
0.0608254535276008 -0.0161674095354168 0.0358280386717169 -0.00736320156995555
0.0411839422863049 -0.0240696076576984 -0.0106323488551892 -0.0267906692216449
0.0259194969689234 -0.0280175849348502 -0.0530820272526954 -0.0097594834944031
0.00989569729138294 -0.0339157870153217 -0.0621491872626597 0.0354248032021971
-0.012298559239853 -0.0364454016356731 -0.0292309402569838 0.063317503446963
-0.0301798738109713 -0.0259592925482009 0.00357016472943889 0.062910637979397
-0.0378842208908116 -0.0133569702211011 0.0246034846764903 0.0434789655181961
-0.0455137639107654 -0.00686991497875635 0.0359515245685822 0.0167685121129336
-0.0483231791209626 -0.00762618040841799 0.0320085843038533 -0.00538982509725302
-0.0547244245646839 -0.014526527110695 0.0337337478419905 -0.026639689910157
-0.0552832015079864 -0.0364153490355262 0.0432652022756504 -0.0327348473037477
-0.0322221908474167 -0.0576149515885236 0.0548609169039535 -0.0224317138940284
0.000521275944564534 -0.0728277056496288 0.0656257330780346 -0.0080816981852127
0.0389739503215294 -0.0691028288046916 0.0645891518307167 0.00024862398248241
0.0649035929940711 -0.0470671323239082 0.0610696584107583 -0.0105822965684879
0.0801474090344123 -0.0149717804969284 0.00653914365262987 -0.00554424618959005
0.0627546519213398 -0.0329667082130121 -0.0292166569189303 -0.0264493468451953
0.0429209394331982 -0.0468362364383359 -0.0634716185784336 -0.0127780389528544
0.0123848328946891 -0.0550829002833014 -0.0650929886834045 0.0286746297741793
-0.0191584259634481 -0.0526400909489901 -0.0369457664637326 0.0504351528697467
-0.0407155554842355 -0.0362924325133556 -0.00980782904664395 0.0524865949711099
-0.0487657970069479 -0.0191032250901398 0.00830054889744992 0.0372416466793
-0.0552362814807856 -0.0119748453508193 0.0168261834484714 0.0129747920780106
-0.0566741297887897 -0.0128473698747344 0.011384274630651 -0.00784209061522724
-0.0636448645389565 -0.0199878327899757 0.0126952833275704 -0.0307744090609586
-0.0654447780529252 -0.0445462289792131 0.0248089313956885 -0.044185575390579
-0.0393746235441382 -0.0691641294591808 0.0464107154258317 -0.0357930938609144
0.00153999309681324 -0.0883640143018065 0.0625893015182457 -0.0115189158804986
0.0506838495305113 -0.0804326154430987 0.0562130886224945 0.009046751782235
0.0782704521136246 -0.0507209074465053 0.0354488998173447 0.00457915271164008
0.0861253477574467 -0.0133192978622651 -0.0281278930260315 -0.00144953194897437
0.0735332553364703 -0.0382354914293231 -0.0499818353636775 -0.0201515310182644
0.0502484349837054 -0.0588025128411551 -0.0721781876191975 -0.0126334597627352
0.0103875064134341 -0.06776519337055 -0.0659725008848118 0.0186018288774107
-0.0252255761168625 -0.0599048731500663 -0.046078454050637 0.0333368389069493
-0.0461466554009325 -0.0397232270650321 -0.0267169316272056 0.0393988559532135
-0.0521319517853935 -0.0216316688973482 -0.0116065996529404 0.0281178243899003
-0.0562898627145645 -0.0157705289925206 -0.00464054740187434 0.00768954218996473
-0.0565102693544258 -0.0184168825666299 -0.010778571384551 -0.012134049787188
-0.0621012883681242 -0.0253084238556847 -0.00710293478308834 -0.0357450069050906
-0.0608501700192998 -0.050033783256865 0.00878855160573653 -0.0530633264079751
-0.0323308939109143 -0.0731478987413732 0.0403697808619507 -0.044395570266544
0.0109211821312203 -0.0878051790237854 0.0584103774761196 -0.0107930846407839
0.0599858319481986 -0.0751362519242289 0.0448302653487978 0.0192795450771485
0.0823585890606673 -0.0426110061742604 0.00655536935049139 0.0170062746775728
0.0763224390669665 -0.00967743667474814 -0.0603209874241275 0.00654919230861762
0.0687092401607913 -0.0354763383986635 -0.0674457090744286 -0.00848277935954012
0.0454950248828747 -0.0580878470520956 -0.074732849846015 -0.00909480072698954
0.00573029935304281 -0.0646886202829438 -0.0628630628163628 0.00790604525826608
-0.0255362547419739 -0.0543996582684535 -0.0547094687673158 0.0158140217817406
-0.0426556143216226 -0.0359920217819859 -0.0425279898641256 0.0265025370577896
-0.0469226075814737 -0.0200337928508874 -0.0314590190221453 0.0187669633581422
-0.0485214153817605 -0.0171791326841506 -0.0256304295670302 0.000864452020124311
-0.0480076968342789 -0.0211726662427442 -0.0290310873432655 -0.0185048457541969
-0.0502760581071769 -0.0285513368815868 -0.0206070186339797 -0.0427329661970127
-0.0437280652958319 -0.0508959623407378 -0.000463517048933673 -0.061122655628058
-0.0155343572950707 -0.0659998743814955 0.0364050966639533 -0.0507081284956002
0.0239761540190947 -0.0719598101259407 0.0523947785393444 -0.00730305237378579
0.0632523248297572 -0.0555323778772419 0.0310268446077772 0.0266401490552664
0.0749844921560073 -0.0258517986616992 -0.0208712373854706 0.0222445289531401
0.0541180305151265 -0.00397806013041713 -0.0849632140749242 0.0172036653978641
0.0507978644940925 -0.024239797577966 -0.0769600267938062 0.00381854888858069
0.0327038449013308 -0.043206254604381 -0.0723142662009396 -0.00442670384452511
0.00261606126086471 -0.0462022403108759 -0.059540043730244 -0.00206018433957142
-0.0186056930256314 -0.0376073133991864 -0.0619108015822044 0.00342317491778221
-0.0306523059594898 -0.026301648030487 -0.0554350596387698 0.0171974189795813
-0.0336730484134348 -0.0154785145400347 -0.0475248545143014 0.0120279584575164
-0.0333093689308583 -0.0150768496223947 -0.0418837104495646 -0.00568752808233924
-0.0325619511440425 -0.0197784179591836 -0.0417423794344034 -0.0266857358836937
-0.0316115237826698 -0.0263683590659901 -0.027877366810107 -0.0509071219143967
-0.022083555304972 -0.0428028982410387 -0.00309162455108675 -0.0670397393816882
0.00201523247977358 -0.0506460552175084 0.0363489639999042 -0.0525114945616197
0.0323905969374659 -0.0465432378162589 0.0456794816207415 -0.00520868900250232
0.0571494458396543 -0.0284299749576758 0.0176402267186077 0.026519537192335
0.0565556766085636 -0.00767114215034014 -0.0426571551897823 0.0210660791804892
0.0226812785856191 0.00733985529970044 -0.0933959956270206 0.0261299081069737
0.0264373547012067 -0.00477242014287545 -0.0770091338222562 0.013173041158908
0.0172965875368142 -0.0181540342387025 -0.0676874405901147 0.000235991787225242
0.00259941491404794 -0.019430306989325 -0.0566474951728159 -0.00511818153711782
-0.00491297080047755 -0.0154298462725555 -0.0652395578599262 -8.29511175954037E-05
-0.0112174973402953 -0.0140327642553406 -0.0616235663377982 0.01242540504493
-0.0142739147027589 -0.0100208995397324 -0.0559244384752825 0.00806394868524822
-0.0133698934933421 -0.0109179749473264 -0.0510182837871919 -0.0109236479218168
-0.0135331597713375 -0.0141381844137545 -0.0477514816631521 -0.0338295207026238
-0.0119478373165498 -0.0179053540044782 -0.0277462641388436 -0.0584987648232144
-0.00419084742340569 -0.0271039900706765 0.00223612012788364 -0.0710721682929548
0.010537756699832 -0.0293783708070303 0.0397658560106419 -0.051598176414605
0.0295857768263851 -0.0223571206014052 0.0409586398394472 -0.00598560580520912
0.0399285995908779 -0.00472708060227652 0.00847847492067925 0.021173851338771
0.0296070095626963 0.00833965754211006 -0.0549408895625404 0.0143658631401359
0.00274118334900135 -0.0150283730542405 0.0652839435868974 -0.0100023306155977
-0.0131507474969934 -0.00612842958616876 0.00630496169599662 -0.0300170976987453
-0.0142656774984543 0.0034742989922929 -0.0422033144958799 -0.00359524534397546
-0.00401324450359087 0.00671448365931826 -0.0567333725853872 0.0426615359208805
-0.00259957592575561 0.00281946351041799 -0.0176048991410804 0.0759056737377453
-0.00474092635441845 0.00383210779882659 0.0220149903760405 0.0698765802623458
-0.00604151745141547 0.00524407822405375 0.0436218610712562 0.0477418498806406
-0.010040390226739 0.00616874762505239 0.0577571057771263 0.018413525619713
-0.0113988634627925 0.00429571162510985 0.0582453185853987 -0.00227335953743937
-0.0137360454203698 0.00161500447510614 0.0627711665369185 -0.0136852016482527
-0.0140015557205294 -0.00478123428924528 0.0661551204414909 -0.00526002107298467
-0.008599066589046 -0.00907409132993823 0.0627866210364386 0.00651713832441238
-0.00763601426136191 -0.0137481540319114 0.0689999729430551 0.00406926617043568
-0.00204427132026886 -0.0193997622447518 0.0804995558608147 -0.00375842263345485
0.0125966927567826 -0.0185983156418756 0.0973535132560191 -0.0245826795853248
0.0347854841981005 -0.0157927016643725 0.0568629099460561 -0.00690470795354742
0.0137256396607396 -0.015377156098903 0.00237609635601527 -0.0268447476890517
0.00516274385207551 -0.0109697614135571 -0.045679928396716 -0.00729869862028328
0.0035661077898374 -0.0124568100142441 -0.0611245811799505 0.0381281649678881
-0.0070985926400243 -0.0172657796102201 -0.0257331099973054 0.0710332586812155
-0.0177277649774172 -0.0120279989936839 0.0124002259760025 0.0692089333932243
-0.0236216379983629 -0.00448578855500231 0.0359399904680218 0.0489954084220164
-0.030655169963506 -0.00137012206416176 0.0499658958517446 0.0201442688991065
-0.0327168031267651 -0.00323587889027518 0.0486834294775029 -0.00296934372307157
-0.0370697895219716 -0.00875518234012993 0.0524602353591274 -0.0195678556969856
-0.0365451325560803 -0.0250143648580793 0.0588429788856138 -0.0179171872460853
-0.0187624662492087 -0.0386082616133313 0.0616636865296135 -0.0051684869697036
0.000546385016675512 -0.0468012471492041 0.0688389737797122 -0.000215367953794662
0.0234591127389033 -0.0463643621266272 0.0741221628959215 -0.00200108028268524
0.0444562070882876 -0.0339863109430798 0.0845956138393568 -0.0178601005949916
0.062980362544402 -0.0135689836921544 0.0371541343873889 -0.00593890710573554
0.0421634330602549 -0.0228770008086942 -0.0086535570523843 -0.0283293988307441
0.0272775436114358 -0.0271368129638 -0.0537708844988344 -0.0126848007716202
0.011197460986217 -0.0344446298855343 -0.0652325593172144 0.0325458112149442
-0.0109540741701623 -0.0378323079565496 -0.0332573373409449 0.0623326505124445
-0.0297403240541511 -0.027578123744923 0.000495224555952732 0.0640710287547984
-0.0379950203172442 -0.014651047613825 0.0230134085423811 0.045776932890686
-0.0467712546523248 -0.00886272125717636 0.0359536585299898 0.0187924719992872
-0.0493100533728968 -0.00990847820840221 0.0330309715083777 -0.00408563541936127
-0.0553986285188639 -0.0167944220119335 0.0354822009892629 -0.025277792281147
-0.055402699716832 -0.0392564114337786 0.0452096768629663 -0.0316074633802894
-0.0306113311897343 -0.0603691057749774 0.0570330504585426 -0.0198191675226515
0.00340401101959348 -0.0744225172142036 0.0682895564263614 -0.00490968051415456
0.042924176440298 -0.0681203339321354 0.0669152791696296 0.00389938417048972
0.0688856616799233 -0.0450526559180766 0.0635157015768418 -0.00746582837265989
0.0824161643710134 -0.0119023722447547 0.00699224612280836 -0.00631996455716459
0.0654047757138676 -0.0304254777430793 -0.0276093279618473 -0.0285862950819229
0.0451295534721076 -0.0450508627008984 -0.0642335220040594 -0.0164182154101014
0.0148227471728545 -0.0559965908904564 -0.068437475396572 0.0257392446161968
-0.0176486507193734 -0.0545583761011288 -0.0403182885104565 0.050020259785853
-0.0402747983714412 -0.0379715929385278 -0.012319845829494 0.0534497004713686
-0.0489979756840362 -0.0213482276190397 0.00695933138929723 0.0382017166806303
-0.0562435164821427 -0.0145097097797418 0.0164866092699931 0.0142713651812595
-0.0580706325443867 -0.0150860433033614 0.0117522620418138 -0.00739104327667274
-0.0654078561830705 -0.0224776504682721 0.0140927536784184 -0.0309335175495247
-0.0652043610572442 -0.0483322811980151 0.027420011622698 -0.0438568743689379
-0.036863605091767 -0.0722589171521579 0.0498991301736056 -0.034295599088799
0.00494289110072479 -0.0894903105420754 0.0655211856867465 -0.00882796160562121
0.0552388692468821 -0.0796285697859567 0.0570881798821525 0.0127292348690638
0.0826738359469426 -0.0479835259515982 0.0362060136978059 0.00587925610026985
0.0890791361274943 -0.0100858006572091 -0.0283820374650395 -0.00321252635017516
0.0764384217036609 -0.0353243875956025 -0.0489721206774247 -0.0231742889196824
0.0535770592586951 -0.0575228214229329 -0.072806841062551 -0.0170622400952997
0.0134293532772548 -0.0684634994642876 -0.0685277037655091 0.0153329155432047
-0.0233704398262191 -0.0618219352595874 -0.0487548230247994 0.0323504026877458
-0.0453598302936386 -0.0422783302484642 -0.0279037494446188 0.0393537350276731
-0.0525013038998441 -0.0239540725560259 -0.0130723253586173 0.0281531140577531
-0.0568588786806279 -0.0182097961459603 -0.00565040908820491 0.00784371281365278
-0.0577184666302103 -0.0208451436598108 -0.0100271126094256 -0.0124223487467509
-0.0625600774369919 -0.0283679904301572 -0.00515701309418655 -0.0363630201360766
-0.0601403990208128 -0.0531840911874588 0.0107686567659382 -0.0535703381749575
-0.0304040666415702 -0.0755518491147936 0.0430540027526203 -0.0438092403964
0.014337257289582 -0.0884784282283818 0.060735512623239 -0.00778790465967591
0.0642382549112463 -0.0740125804911145 0.0452420173126933 0.0228075315008578
0.0866191012173769 -0.0396743823819508 0.00607469697942446 0.0179743192807326
0.0788386128189465 -0.00663426151074552 -0.0618222275226992 0.00449700585954954
0.0713818825660803 -0.0327188765790475 -0.0674749695762113 -0.0123456491660704
0.0488766656798117 -0.0567731386666908 -0.0756837206683289 -0.0129311656168035
0.00842013783980917 -0.06567832598512 -0.0654259211114676 0.00397854522663884
-0.0235850580934961 -0.056089840167043 -0.0574377102542119 0.0134431479332025
-0.0426916500019694 -0.0377533153719573 -0.0447484220270494 0.0255730924155316
-0.0473439234924911 -0.0220876475483309 -0.0330906892521019 0.018045004322816
-0.048767563790939 -0.0195624982312395 -0.0262519527515964 -9.35273654920449E-05
-0.0483899988133535 -0.0234252227406216 -0.0284801380502797 -0.0197199615343788
-0.0502527634353699 -0.0315941530833877 -0.0195906583757976 -0.0437699808652311
-0.0427040835775402 -0.0532953433744051 0.00180079086472353 -0.0621149998390212
-0.013273437771116 -0.0685213411363869 0.039297342817553 -0.0489331092246151
0.0277946397831608 -0.072144599436316 0.0545085252978755 -0.00472151796597825
0.0672552590285794 -0.0533166622061448 0.0309576564736134 0.028924560655563
0.0781496056429701 -0.023133904233183 -0.0225421290752734 0.0225328578698962
0.0547630721635284 -0.00117094973239173 -0.086715468536599 0.0138331620331639
0.0523827120548151 -0.0219641835784148 -0.0779293397430253 1.90675937522242E-05
0.0350689065058944 -0.0420832568792149 -0.0736551365319278 -0.00814851981100772
0.00436028916312745 -0.0471485106803892 -0.0612152668933183 -0.00505243463660267
-0.0174104220816767 -0.0389264220250888 -0.0641187154096708 0.00125843802588386
-0.0301275260746306 -0.0272704122670452 -0.0567342907207384 0.0149717990353159
-0.0337038954630225 -0.0164941462881744 -0.048570045742493 0.0103276422029219
-0.0333483068952252 -0.0169646893884359 -0.0427153078422584 -0.00732152043713414
-0.0327101809070238 -0.0215643852653425 -0.0417126357549329 -0.0282884976210225
-0.0308228487104253 -0.0286116389096728 -0.026297571329889 -0.0532491199974819
-0.0207171072440138 -0.0443711066053167 -3.17381442772428E-05 -0.0694015621448377
0.00378939019003884 -0.0517401116813596 0.0396362911432014 -0.0518883500641514
0.0351109125137209 -0.0459124138201759 0.0482516308736445 -0.00323483007942544
0.0588539706635631 -0.0261506433654214 0.0172159050226813 0.0278284840459687
0.0586002022672264 -0.00462822265800839 -0.0442734293829019 0.0194455755538246
0.0229171995553382 0.00812493292109889 -0.0973585120538502 0.0219140769395534
0.027554863918269 -0.00367000858191657 -0.0789146749625603 0.00931689477359547
0.0182743544581797 -0.0176101066149968 -0.0689157658463525 -0.00370999056206928
0.00391833018608548 -0.0193497745445656 -0.0583724397900345 -0.00881744935883103
-0.00413131116999588 -0.0159215167503248 -0.0668033604233836 -0.00302316240773345
-0.010969616201147 -0.0145391384651648 -0.0635820711075082 0.0105507375863003
-0.0138998342184861 -0.0106479385690804 -0.0580561757889469 0.00548127807905396
-0.0133179440158455 -0.0119398495322237 -0.0519685390438944 -0.0129369618500258
-0.013587330457218 -0.0151165065050837 -0.0476272847389526 -0.0360759936809944
-0.0113599444403495 -0.0186408890276563 -0.0261617500543682 -0.0607872442987343
-0.00323876687966656 -0.0278770847458558 0.00518670591055221 -0.0716515882738865
0.0117475725844424 -0.0295542555656217 0.0432455469433229 -0.0499809201531317
0.0309088711771351 -0.0209713622242073 0.0434550537614017 -0.0035012299696118
0.0409981580807679 -0.00282249600090208 0.0075888823463727 0.0217500699420679
0.0301568054953243 0.0102210440649923 -0.0563150215947577 0.0118429355546917
0.00315131441215128 -0.0160062665123038 0.0700633018811604 -0.00902914371133335
-0.0136851718168546 -0.00712617792426766 0.00725045380541649 -0.0316421792371341
-0.0151519559703717 0.00378591475781217 -0.0452859193366066 -0.00519207585246589
-0.00481920767245602 0.00681589897018466 -0.0618154542227127 0.0442041078645919
-0.00300676737365011 0.00288910830986901 -0.0201356445956661 0.07925362927673
-0.00527032554960619 0.00351221578778033 0.0219195855795961 0.0740170171066508
-0.006251869248291 0.00575312117162514 0.0454519475932089 0.0514537741856978
-0.0105575923263008 0.0067167527137669 0.0609130923828583 0.0201638560974607
-0.0123928347041082 0.00417487566865007 0.0617698328152241 -0.00121784879834524
-0.0146043526273109 0.00100305258840727 0.0666937506151171 -0.0128315631324383
-0.0154074924004717 -0.0052788044588573 0.0696256212701764 -0.00476838817618381
-0.00864574105593612 -0.0101715984109301 0.0667300375166908 0.00856090935166521
-0.00769421359780641 -0.0143448223759562 0.0727674143128418 0.00580054635985385
-0.00174974490724147 -0.020605827229093 0.0850036737456095 -0.00111497014954594
0.0134823956825975 -0.0203195976237882 0.103470766084577 -0.0232219079476091
0.0367505987827846 -0.0163721672286927 0.0603298458570604 -0.00577029746975787
0.0144732728434746 -0.0157898184560376 0.00342451149746472 -0.0290560669110574
0.00547117179679476 -0.011373670103871 -0.0481484404183671 -0.00938602772085391
0.00370210522502841 -0.0132773477452461 -0.0661449124625293 0.0391571922263687
-0.00695290460313099 -0.0188148210635449 -0.0285616855821046 0.0741102044690818
-0.0185619061724053 -0.0126468422659449 0.0118474969633615 0.0739663523073044
-0.024404324398813 -0.00536607804911918 0.0372612510371793 0.0525627803374715
-0.032360437585662 -0.00167750785714509 0.0531853771505331 0.0215429727425387
-0.0352585012456803 -0.0036539364075761 0.0521281853155339 -0.00177727445949893
-0.0394931290192609 -0.00967903935519736 0.055743885074015 -0.0192905085740485
-0.0382986014778006 -0.0267190093982746 0.0627053775112013 -0.018210298287104
-0.0190943890041191 -0.0409958233886244 0.0661180791445585 -0.00405382550990262
0.00125950693984835 -0.0494107052694558 0.0734823258240216 0.000984692315137634
0.0256635503350567 -0.048394556706435 0.0786328031870196 0.000136833501463277
0.047658203906343 -0.0355151483970382 0.0900081613583933 -0.0161378548086388
0.0671280123732897 -0.0136032510054834 0.0401360867642128 -0.0057806191733881
0.0448356157352398 -0.0229423526972995 -0.00771741087203549 -0.0309731382837895
0.0290670507625437 -0.0274675399688496 -0.0568308762165057 -0.0154146388531012
0.0126945715363071 -0.0353965679352104 -0.0707077628454011 0.0322329390427879
-0.0111975611126405 -0.0402045543046931 -0.0367578991884015 0.0648184934081801
-0.031167084562817 -0.0289932591704732 -0.000280674661239062 0.0674961242369242
-0.0403332402860342 -0.0160125236140761 0.0239170152652492 0.0483133991937935
-0.049148927101342 -0.0097931577193621 0.037301996495283 0.0199712467866718
-0.0528284212887653 -0.0109556261264592 0.0351500810773959 -0.00361913554412064
-0.05912699746895 -0.018355929156344 0.0379224649465846 -0.0255816179002272
-0.0580766420049071 -0.0419783693911141 0.0477826627633737 -0.032678400895851
-0.0314305828570782 -0.0642766898359758 0.061802088735641 -0.0193004377234168
0.00446155614444963 -0.0785268492935495 0.0731953842217312 -0.00363404513977379
0.0464376260116696 -0.0714892152459338 0.0705377560543071 0.00604141048877978
0.0738271015083537 -0.0462840633055663 0.0668855100121896 -0.00625347909030717
0.0876552344156084 -0.0114205400061071 0.0090166272647284 -0.00634989344168643
0.0697793529650551 -0.0306903422794809 -0.0273987350808124 -0.0310272445335746
0.0483160567157094 -0.0462363860078302 -0.0680186894529849 -0.018697653710747
0.0163485955700248 -0.0587376200091178 -0.0734769371879379 0.0256333463455957
-0.0175759325471633 -0.0572151177278454 -0.0439980281779195 0.0517418485175882
-0.0421737230713799 -0.0399469392151803 -0.0131430347080102 0.0561888118629627
-0.0512374967350704 -0.0228658422195015 0.00676510024893891 0.0397883924575319
-0.0590540616787962 -0.0156074713900665 0.0170741433912877 0.0146290077717227
-0.0621548919865096 -0.0170714833288453 0.0127659374338288 -0.00721536858953174
-0.0686116913703919 -0.024689086447442 0.0150366746686803 -0.0318702455700701
-0.0683545896837538 -0.0504656963218368 0.0289557913803997 -0.0461037132757628
-0.0382676551800798 -0.0772269129316026 0.0534631913716729 -0.0341635678234376
0.00716428859855811 -0.0944109033738396 0.0702142069303398 -0.00731349178545194
0.0596945668953825 -0.0831968861108135 0.0609772178431796 0.015262549984891
0.0889782525380813 -0.0489499409792734 0.0388935658230636 0.00774241514268533
0.0936081855090777 -0.00928787583058154 -0.0289776980161849 -0.00330114817664567
0.081206575869673 -0.0359856287229608 -0.04967911351372 -0.0255842548633083
0.0568777280152291 -0.0592472694771416 -0.0770226946475251 -0.0197522627505007
0.0149845419146754 -0.0720347791195275 -0.0737439279973439 0.0141372083678139
-0.0239146583144779 -0.0658586010476377 -0.0530874990618289 0.0328600357213854
-0.0476792339848954 -0.0445799607450572 -0.0301059814970502 0.0412868996997408
-0.0551429678770476 -0.0253756353228719 -0.0140883532151368 0.029060722890724
-0.0594550408568752 -0.0197537494780162 -0.00610703853751266 0.00820200796191796
-0.0607598783489014 -0.0224589269304867 -0.00977237678633488 -0.0125426485600725
-0.0665921657628243 -0.0304642190545999 -0.00531650782053316 -0.0383069613517413
-0.063368496310431 -0.0565308849086041 0.0118372951044237 -0.0566072256597159
-0.0312918442745399 -0.0800347253496369 0.046864586672768 -0.0446484793873508
0.0168001399304461 -0.0928355522704531 0.0654062225629143 -0.00655552420476636
0.0693634538321004 -0.0774983639042946 0.0479273977247819 0.0253032336929327
0.0929825211120606 -0.0402389897609042 0.00657886443321855 0.0189068765181692
0.0835026836933745 -0.00602638471168261 -0.0657044111819523 0.00278906103804631
0.0760734826532486 -0.0336524533372799 -0.069922536031562 -0.014665502941641
0.0520098455136163 -0.0590644825607329 -0.0802686701974345 -0.0158524792386211
0.00997330683383737 -0.068958432170527 -0.0698415849686685 0.00202009707215626
-0.0247250165408139 -0.0598338294693918 -0.0619025591426927 0.0137588265832641
-0.0444768743389268 -0.0401689657428086 -0.0471330738931103 0.0261718063891069
-0.0496104312703692 -0.0237880071422295 -0.0353799771088406 0.0186913850934976
-0.0510662507984585 -0.0211771417880164 -0.0284076259240704 4.96070285584014E-05
-0.0508183323698769 -0.0251763137802382 -0.0303058250695862 -0.0209593050342609
-0.0526595958867983 -0.0339859456257395 -0.020312426778434 -0.0464013375713444
-0.0444337603683146 -0.0562909461506603 0.00251288523143773 -0.0656487147323869
-0.0127638016792338 -0.0719929403097 0.0431810655458538 -0.0511930319604628
0.0301831261357977 -0.0746312552344192 0.058748534785019 -0.00387278573762376
0.0717124445686029 -0.0553020328792325 0.0331467474480345 0.0316414028770235
0.0831164993940621 -0.023409554063911 -0.0234943937005807 0.0233262784063053
0.0582037073359025 -0.000159991361005626 -0.0917315268449298 0.0123229158021038
0.0563768644522685 -0.0219726061002539 -0.0810466605777234 -0.00179946286351325
0.0371446252474353 -0.0435951887975236 -0.077655114521675 -0.0101530771898086
0.00515863528294219 -0.0493516892875639 -0.0657067111303567 -0.00734756775602019
-0.0175705407619055 -0.040880273997424 -0.0687235539676611 0.000147128420089558
-0.0317762109120754 -0.0291706410055454 -0.0607226389670305 0.0150443779404593
-0.0358204091275244 -0.0177909599984253 -0.052135449625253 0.00988004158903411
-0.0350311248577149 -0.0183744455987703 -0.0460383875614099 -0.00776147329275752
-0.034197550468857 -0.0229906131212705 -0.0443759702777621 -0.0298356063254705
-0.0320325232794022 -0.0308190075649891 -0.0270483413790708 -0.0562748002292084
-0.0216865879062748 -0.0464264080148408 0.00101641755045521 -0.0729512799624029
0.00485600818552355 -0.0540398525173003 0.0435313040172854 -0.0532906073750722
0.037539381686413 -0.047434669760828 0.0515460550352059 -0.00169154461735281
0.0626888010933469 -0.02729042253157 0.0177973458849184 0.0298349452833747
0.0620158390327151 -0.00360793062018949 -0.0472208040167765 0.0197350016461296
0.0246915768879238 0.00896497816452258 -0.103847478734916 0.0208170747559029
0.0291902254484116 -0.00335813087028229 -0.0826242770229031 0.00791239160187564
0.0190876951019009 -0.017598663943015 -0.0734018900583876 -0.00537397571819553
0.00434568985414516 -0.0201972872398024 -0.0629747159542855 -0.0113493607860199
-0.00394113246499626 -0.0162500011767474 -0.0714674428499641 -0.00400870282121149
-0.0115549045618319 -0.015534338846291 -0.0668617292914505 0.0102477448692878
-0.0151476055568861 -0.0109482841588536 -0.0614318021102678 0.00586633029618165
-0.013767079666188 -0.0128467266181893 -0.0549246304460951 -0.0135083629989595
-0.0136716286267775 -0.0159856065686136 -0.0498507417136367 -0.0386057887737951
-0.0113222620840576 -0.0199941361691746 -0.0267933374909638 -0.0645056317651581
-0.00302928988848196 -0.0293406106215094 0.00653436424657426 -0.0761812165028778
0.0127482020653606 -0.0309982244320031 0.0464424172488634 -0.0525705663254563
0.0329882056882111 -0.0213922400176048 0.0460568816165789 -0.00285522731729338
0.0429867185274834 -0.00235212763209607 0.00812177884729585 0.0240380858065013
0.0314906273773081 0.0105867168483006 -0.0593894832870416 0.0112923001938613
0.000847816878774838 -0.0172297853587248 0.0742474745065054 -0.0197821582622558
-0.0154634450818273 -0.00545987744174894 0.00270588103308045 -0.0353807477005422
-0.0148991451943667 0.00614553168464284 -0.0489579898024328 0.000214687157766958
-0.00428950366359425 0.00644578525837959 -0.0582821390497022 0.0573235449732023
-0.00445385277371087 0.00252619241020244 -0.00843685801074779 0.0867298340389768
-0.00518961405738367 0.00442876048968059 0.0343099320950324 0.074953314556241
-0.0062800523738565 0.00675031826298711 0.0580287599281779 0.0472497392878979
-0.010519801059459 0.00878108864108114 0.0671713429559253 0.0120837736895097
-0.0122831586958751 0.00714368139087219 0.0659333085306336 -0.0107869331870118
-0.0156612537073249 0.00389659641336314 0.0685453598586224 -0.0233526445452849
-0.0172799023314639 -0.00245048439301602 0.0736925612161373 -0.0152663122541203
-0.0108955239828412 -0.00928009970885365 0.0729950106800651 4.89289408399642E-06
-0.0105114327328934 -0.0142181880308384 0.0783687375036734 -0.00334417142139075
-0.00508023432775084 -0.0206424030605606 0.0892893541749192 -0.0132157658449507
0.0107822713046636 -0.0234314883480556 0.106989830322263 -0.0383530604304689
0.0369334256280984 -0.0234421786969282 0.0631379259647891 -0.012758385914022
0.0136702562703332 -0.0189983216754972 -0.00148486967468839 -0.0306709453391944
0.00476089270306308 -0.0124751362208173 -0.0540553152134413 -0.00134362745765271
0.00218888706290183 -0.015403471372156 -0.0635672851967887 0.0528652569303536
-0.0113411202639161 -0.0188591027529272 -0.0178828148439379 0.0838921228962629
-0.0221347617089646 -0.0108439232551855 0.0252111115295148 0.0764466960810141
-0.026389596348691 -0.00232863732348104 0.0497970224407857 0.0504422950736762
-0.0344453341610378 0.00346824258472436 0.0592154741493292 0.0149998011682246
-0.0377716848368021 0.00217668820534381 0.0559392650060246 -0.00983765938771436
-0.0435026847699975 -0.0041351201675858 0.0559725019918896 -0.0285853015670656
-0.0441858968801374 -0.0209978572525063 0.0639481842662927 -0.0274917233048986
-0.0264940911924989 -0.0402135860333992 0.0696288442509523 -0.0124024218835293
-0.00671172940131728 -0.0515086991101137 0.0776676689206634 -0.00870822046860574
0.019579496461929 -0.0541468423671134 0.0821660646699213 -0.0110806143556154
0.0441202380909074 -0.0441876055356917 0.0936812767339432 -0.0295826153496469
0.0693736313616262 -0.0255327955360489 0.0384131493997551 -0.00773630624081372
0.0447102897996501 -0.0303513228579264 -0.013997496874615 -0.029686049217454
0.0273595384255619 -0.032915181878961 -0.0645567110694175 -0.00491561016802356
0.00897373707655983 -0.040287933257351 -0.0696578733243254 0.0479169893737912
-0.0181729172649145 -0.0405683943851652 -0.027858804552352 0.0762354971451971
-0.0370849791848122 -0.0264089589963321 0.0123146794059914 0.0734622270131648
-0.0441860857859197 -0.0112410210060327 0.0349571215392574 0.0488452743572629
-0.0538705889729358 -0.00267109496717629 0.043059662415021 0.0152663526501239
-0.0572440731099371 -0.0026132023605392 0.0374205315167101 -0.00880265167361933
-0.0647308606463875 -0.00990887033644276 0.0361473602089545 -0.0322854591692
-0.066553567969301 -0.0338933527308083 0.0465281572769855 -0.0406754022047292
-0.0426997192748941 -0.0622479571389636 0.0631441643330776 -0.0280125386536211
-0.00763753809162389 -0.0818285819038637 0.076283751480407 -0.0135308668687707
0.0374795578117542 -0.0815693855260304 0.0745508830832446 -0.00414235972959412
0.0699516035713253 -0.0594932359183571 0.0717799127150161 -0.0155427251668641
0.0923078195510769 -0.0266233573714451 0.0037428075323883 -0.00212950804327828
0.0699602791310422 -0.0423099714128497 -0.0353600205769131 -0.02625634181216
0.0449089070356533 -0.0558091732813784 -0.077161251972267 -0.00627179171837891
0.0097783039171375 -0.0647646824820497 -0.0745021324657934 0.0414485009668446
-0.0274194469439852 -0.0581893465695792 -0.0369481619514604 0.0642870441245463
-0.050167305841769 -0.0363360708856948 -0.00335017021400067 0.0631827059094935
-0.0573538531216794 -0.0166045751092162 0.0153942587063292 0.0431139613918243
-0.0649510780758469 -0.00788280994385679 0.0205734800226359 0.0130415373575417
-0.0676139066093632 -0.00733284702455332 0.0130880616375012 -0.00916944578389875
-0.0761198554268959 -0.0147486352848988 0.0112608861648256 -0.0350430881308961
-0.0790827949949057 -0.0418043751246887 0.0243758087361591 -0.0523178932666739
-0.0515181409846025 -0.0740994836017086 0.0523407810164557 -0.0429921228182211
-0.00775394670756356 -0.0989904531526738 0.0731055468539463 -0.017050808208934
0.0496516244160604 -0.0957073762950667 0.0654661279325037 0.00627478657089131
0.0858806179597291 -0.0647197914541438 0.0426681005523679 0.00241830841159184
0.099483990503089 -0.0258624380090394 -0.036706381260304 0.0065874044052154
0.0824384519819533 -0.049730200554817 -0.0586556177504504 -0.0172100727014185
0.0522992669814664 -0.0712934695745063 -0.0867027011679158 -0.00470561584023951
0.00615196251709169 -0.0787733362981786 -0.0770500636482533 0.0306852486824293
-0.0345922014369726 -0.0660028440339742 -0.0492368489231281 0.0464629819347705
-0.0570038539348324 -0.0398802818302013 -0.022836266602755 0.0504017792177486
-0.0609265670267089 -0.0189027102669245 -0.00895757146735389 0.0353196674478308
-0.0663168227703733 -0.0124655884208274 -0.0052179339816066 0.00939060470602578
-0.0675982538709003 -0.0140518175570834 -0.0124563114873908 -0.0114867504161144
-0.0739764478194094 -0.021656677862865 -0.0116865067948329 -0.0388051424362717
-0.0743788743138963 -0.0484429928295367 0.00435216351326278 -0.0605615591497649
-0.0440889316920905 -0.0790397024044482 0.0430092558607707 -0.0526098888458913
0.00276981964732183 -0.0990289880777697 0.0679197698018872 -0.0157051402820598
0.0600071209109225 -0.090796961046762 0.0528949722943307 0.0186587404044828
0.0907700150451994 -0.0549404148626512 0.0103733516797201 0.0186574886048668
0.0895837258477402 -0.0212727325962944 -0.0744692360066983 0.0189621183535796
0.0769325678378374 -0.0468684137138023 -0.0779676263770291 -0.00242059088853568
0.0475598713971923 -0.0700656328245739 -0.0895796860641518 -0.00026470679488753
0.00134052614121106 -0.0748167599653305 -0.0742466569566349 0.0170357002902661
-0.033665342071205 -0.0599217647462299 -0.0617662177643253 0.0280563768696294
-0.0528785346544523 -0.0364900787493153 -0.0435996225173938 0.0366059097685724
-0.0556383245322676 -0.0177776577147184 -0.0338944560295595 0.0269315194884564
-0.0574719978033331 -0.0147340194507205 -0.0294255868878081 0.00468996097274744
-0.0571254477371606 -0.0182212217697241 -0.0352348612803353 -0.0164998601155169
-0.0596484860175666 -0.0273775080184265 -0.0287010711758233 -0.0454297401446371
-0.0545587421804759 -0.0507942361635197 -0.00733908465996916 -0.0688357665373841
-0.0236503597182677 -0.0728619404115037 0.0376082588197693 -0.0591443793195228
0.0197363450265697 -0.0823452494946329 0.061279896908199 -0.0119789969412204
0.0664284442907461 -0.0680429936823129 0.0386188160750102 0.0272322860354133
0.0841355629852757 -0.0361081227527194 -0.0214275858941875 0.0278075745206443
0.0636490431476394 -0.01082558530106 -0.100128032570922 0.0315874104823551
0.0574139978661653 -0.0322750768201867 -0.088286865656937 0.0123742269301882
0.0340930131973467 -0.0518247722440228 -0.0851929496064683 0.00401060134027688
-0.000446137225481432 -0.053240095506179 -0.0715778128858432 0.0055847343736857
-0.0240766115556949 -0.0414523069332226 -0.071837941042986 0.0137293791520905
-0.0377774038422043 -0.0262637815587272 -0.0609320020010114 0.0263847143267012
-0.0396362784948045 -0.0143327888548295 -0.0538181591384551 0.0207740135695879
-0.0398642627508023 -0.0147593820534934 -0.0487682793861789 -0.000996091349524235
-0.0391971724432678 -0.0189331142661398 -0.0508698376613571 -0.0246221929447968
-0.0369105736457373 -0.0270798149134581 -0.0374643379326519 -0.0547015811617034
-0.0289294194401891 -0.0444575306861296 -0.00961323591035974 -0.0762725219992661
-0.00245074319889434 -0.0566824867598265 0.0375301424805179 -0.0621248797259154
0.0317790621443954 -0.0549251527576901 0.05427099041865 -0.00964088022050594
0.0606999569119068 -0.0374488058180231 0.0230333860375 0.0278297196334523
0.0644063370505205 -0.0133945578783634 -0.0466847836478684 0.0278635164490042
0.0280242233513127 0.00422922258386555 -0.110414231692663 0.0407247097600927
0.0310095413366832 -0.00825297179117279 -0.0882402289637282 0.0207433878169084
0.0181566325954674 -0.0218356236880275 -0.0790681428268901 0.00665241339648553
0.00212449756513773 -0.0222095681393317 -0.0691905796809387 -3.55550986513819E-05
-0.0062839664498397 -0.0175021394815599 -0.0757002842252344 0.00901759997076794
-0.0142497742189167 -0.0144841401331627 -0.0697781715811649 0.0217736971716881
-0.017156815177416 -0.0103326497131905 -0.0650691570293832 0.0170333768383746
-0.0157851053540906 -0.0117972883130005 -0.0597358463477893 -0.00630346502647512
-0.0163487429699544 -0.014671747832325 -0.0582383949472349 -0.0329960479064997
-0.0135835796550045 -0.0195146933485651 -0.0378358192992582 -0.0640147412016804
-0.00739277233615035 -0.0297628168364059 -0.00435597802419562 -0.0809594054529415
0.00895006627729923 -0.034039897767148 0.0418436629427974 -0.0616637359378016
0.0312309290539218 -0.0267380923078862 0.0483353539628287 -0.00975335581272139
0.0438890668315023 -0.00902852446678497 0.0124283051618884 0.0227162192437631
0.0345782297119675 0.00687710519607561 -0.0616999555818246 0.0199632098067593
-0.000390084864742327 -0.0182770341340428 0.0752729798699554 -0.0263865771497474
-0.0162409061553231 -0.00473189547819978 0.000104805786278557 -0.0372076840619811
-0.0149012264733105 0.00729335752046746 -0.0504864631212202 0.00417068525509379
-0.00354109619749013 0.00709225256919257 -0.056013099758051 0.0634025657626432
-0.00472036095769828 0.00296225690685313 -0.00240996530354357 0.0894831045988692
-0.00491791316636576 0.00505463572231487 0.0416523160178308 0.0736925355287841
-0.00511019829743642 0.00752875075558235 0.0634755328771731 0.0441730153848644
-0.00995677426950279 0.00982596738255525 0.0702832681651645 0.00692210773757999
-0.0126622302336216 0.00867817384440701 0.0676069165898498 -0.0162945602962997
-0.016297913164503 0.00560232232094087 0.0686738683161077 -0.0294498392786581
-0.0171374366390106 -0.00169033900993786 0.0749822595156302 -0.0209812241747611
-0.0123373368595495 -0.00926267710922104 0.0757886772372911 -0.0048255470276321
-0.011930147745696 -0.0132611184225956 0.0808715206687588 -0.00939657055661007
-0.00676724552543985 -0.0210132469311934 0.0909932987665099 -0.0192842533486861
0.0096602397122219 -0.0252638448877865 0.107235047942671 -0.0470551138390682
0.035804906627792 -0.0268735769783482 0.0642652562649895 -0.0183885939107665
0.0127564026816178 -0.020330247547434 -0.00383445772268351 -0.0322598310480154
0.00405354219174285 -0.0126848291643757 -0.0559132361692862 0.00171199758501651
0.000775350780199253 -0.0157572804759723 -0.0620581222073893 0.0591271834640774
-0.0134915493007747 -0.018588509437471 -0.0128150893355839 0.087552002036234
-0.023198422962157 -0.00909848567191177 0.0315264090286553 0.0763584402896241
-0.027778297534549 0.000173463096928993 0.055065585295885 0.0480545599527443
-0.0348494806541212 0.00633019931285301 0.0617973827125474 0.0100531287179372
-0.0389342748100181 0.00573717422929496 0.0568628836847713 -0.0143185908365177
-0.0453622290556429 -0.000317180739568982 0.0549561982239696 -0.0331415329869157
-0.0469881684005825 -0.0177600478545508 0.0633921282308363 -0.0330782615449243
-0.0301849167223835 -0.0392220734358079 0.0713740632092775 -0.0181682549658922
-0.0107068537226888 -0.0524619279601964 0.079768029674666 -0.0142719515275311
0.015785085658919 -0.0570035107748771 0.0843245580512036 -0.0169627658481641
0.0423332575018071 -0.0487116307053215 0.0947096278567696 -0.0371832420226364
0.0696680604658805 -0.0314011163487606 0.0400309415311886 -0.0112429297104456
0.0440173942518191 -0.0344305754045432 -0.0166210645993658 -0.0304495154166548
0.0255187191350318 -0.0356080051867587 -0.0675144906050618 -0.00129727671274205
0.00577303428521571 -0.0417418808702867 -0.0687696135349214 0.0540578836221621
-0.0220887491061293 -0.0402694114753428 -0.0233631855789006 0.0800087909290836
-0.0401936525897542 -0.0232586919013283 0.0181083824166619 0.073520942137622
-0.0463626484840039 -0.00734844170756829 0.0394870184388858 0.0475355060570784
-0.0553311385478036 0.00213686083353608 0.0453840650347118 0.0125800651801943
-0.0591438370917318 0.00187461942794675 0.0378869194757834 -0.0119770982937301
-0.0673556334086338 -0.00491864441142396 0.0345463219325651 -0.0353547650484735
-0.0714160060089515 -0.0290326393227405 0.0445767090587248 -0.0453974795428941
-0.0486110427097468 -0.0608961388573638 0.063061054102609 -0.0328785357513634
-0.0144057850697021 -0.0835802334053821 0.0780250870362533 -0.0193839006953542
0.0314853324896276 -0.0865499306050986 0.0768650505398239 -0.00961343292364199
0.067857596009778 -0.0663382477552131 0.0727462872148914 -0.0212937932880042
0.0928703302471577 -0.035109782665698 0.00451290525898616 -0.00265431009788726
0.06826869384357 -0.0486560826596783 -0.0371310631557456 -0.0255342645358403
0.0418372881631591 -0.0604623509860271 -0.080739733718811 -0.00107536744686888
0.00406011921860163 -0.0669066828142529 -0.074156451830836 0.048641646631684
-0.0330166734818661 -0.0576522516297878 -0.0340220027368366 0.0690344694745483
-0.0547134281470032 -0.0324916750515655 0.00161386362543951 0.0652434926480579
-0.0601099859870452 -0.0122712749597177 0.0194042027310202 0.0428214861773961
-0.0671474439263807 -0.00201744425996299 0.0221821688511886 0.0118832799621237
-0.0704969344916337 -0.00117150892405113 0.0131328465709314 -0.0106946625176049
-0.0797064294806239 -0.0090965428445228 0.00867327313208526 -0.0366563741997707
-0.0845399601847216 -0.0360604110148941 0.0206235974832579 -0.055328325908114
-0.0588319368857942 -0.0720682645989637 0.0512664552695841 -0.0474064845175485
-0.0157114456009107 -0.100894765870116 0.0744120165082079 -0.0229597940131968
0.0432893497495722 -0.101995850582275 0.0682562994705803 0.0021288990010908
0.0836490002225262 -0.0729627883568746 0.0443994260418461 -0.00103211822641866
0.100676937096416 -0.034297548896758 -0.0367270975954349 0.00945913955496004
0.0805877567236023 -0.0573084882264839 -0.0603593650555364 -0.0141814657691311
0.0483558658673658 -0.0769001137921034 -0.0897619046447442 0.00151253155335609
7.15737514212778E-05 -0.081057663809687 -0.0771907089484047 0.0370504121935389
-0.0407141992818266 -0.0647691056274216 -0.0478312176569968 0.0519959156682706
-0.0616541591223829 -0.0357389172346466 -0.0199158400147159 0.0533339416222599
-0.0646541664660228 -0.0143975885241664 -0.00702278431381913 0.0363768147698845
-0.0688864178553151 -0.00686288721786842 -0.00436074825718774 0.0104307013625536
-0.070969240938617 -0.00799994957548959 -0.0135264158481483 -0.0100639025162342
-0.07787322240407 -0.0157515438780674 -0.0149951792746993 -0.0382961182233608
-0.0803752795448912 -0.042636397040861 7.55697654011878E-05 -0.0620770756297125
-0.0513537038867804 -0.0772149937262329 0.0405495965045452 -0.0574882428504511
-0.00453937678598875 -0.10168957257762 0.0695655647496583 -0.0213263839632983
0.0545617115964746 -0.0979774578495183 0.0572244108084668 0.0153106159681342
0.0892195753755035 -0.0645203405188254 0.0123915558617093 0.0188682095895182
0.0902099303567329 -0.0288264217162783 -0.0744341327708567 0.0249505080315257
0.0755234815653906 -0.0538706257352111 -0.0793386093356123 0.0020793780988728
0.043383398697268 -0.07516448905155 -0.0919158423948055 0.00620338670519571
-0.00395926169905318 -0.0769564725491127 -0.0761560048531216 0.0230501720582677
-0.0393877576940449 -0.05830785435517 -0.062017137826746 0.0340104585297131
-0.0571330255865939 -0.031999456059952 -0.0421011491078622 0.0413451494769898
-0.0583819837255626 -0.0136351285208262 -0.0325512510947024 0.0304697228636764
-0.0599547260451816 -0.0100741738515783 -0.0299220261801856 0.00738095923125821
-0.0603509930809212 -0.0140437840572794 -0.0371625295880844 -0.0138595957692962
-0.0636610160505932 -0.0227195837182058 -0.0330241931630658 -0.0433234999133703
-0.0601785404489699 -0.047167107638225 -0.0130447589996721 -0.0693981706664383
-0.0302338338154043 -0.0725841017337118 0.0349309677973878 -0.0633517822197537
0.0142009918646143 -0.0855841415120406 0.0630432544377613 -0.0173160743058977
0.0622235067056568 -0.0750860919817119 0.0423096500590147 0.0250536788191872
0.0835406650973276 -0.0435062993968615 -0.0195642222405608 0.0300536054956844
0.0644887858237397 -0.0163766658560559 -0.100670871152379 0.0395399199862131
0.0567443365155574 -0.0376054855690152 -0.0890232226796972 0.0180864373541747
0.0306647762644354 -0.0549901207440273 -0.0878771026812459 0.0102387270721466
-0.00490818138959135 -0.0547714799533177 -0.0739251584025451 0.0106077330549856
-0.0279128955326732 -0.040425712967788 -0.0729488660231177 0.0201895994393976
-0.0406784769003051 -0.0233140028669991 -0.0601737314768653 0.0326474501653131
-0.0418328218699773 -0.0111172696329902 -0.0536860457371747 0.0259554044539184
-0.0418269101663906 -0.0116407017019552 -0.0507879641870547 0.00388902378671192
-0.041183834287654 -0.016374380290165 -0.0546360835085685 -0.0201687541189467
-0.0403719108475215 -0.0247675736364776 -0.0425711897270517 -0.0526301213533149
-0.0335750295981807 -0.0428259543755326 -0.0162910106286524 -0.0772861162652482
-0.00680607324050837 -0.0575796468889532 0.0344603035087385 -0.0664319818420654
0.028481501607123 -0.0585473428652699 0.0558847139585169 -0.0138790413939371
0.0594939765697053 -0.0432600305001423 0.0269157014973288 0.0270233405056877
0.0642864879943951 -0.0185402534579277 -0.0456375891297525 0.0321087407143746
0.0293514770792424 0.00179857257860957 -0.111031470239655 0.0491125063341679
0.0312453228753507 -0.0108135924263939 -0.0887568873113482 0.0274912818427131
0.0170907073665547 -0.0237584868325498 -0.0814047704625873 0.0123764476628744
0.00110987754795131 -0.0227016184930637 -0.0720137878843617 0.00491423818784831
-0.00754243947250302 -0.0176455653831804 -0.0780182560858829 0.0150473990346029
-0.0159700680592798 -0.0133099461780445 -0.0697263982627085 0.0280946822463139
-0.0179143402645669 -0.00890523642020343 -0.0659561999463056 0.0230259425815599
-0.0170345146003827 -0.0112709092733966 -0.062365084766651 -0.000971446194259722
-0.017512321107046 -0.0139567259710743 -0.063231834996668 -0.0283452976854724
-0.015828059472249 -0.0190726357064225 -0.0438515597165938 -0.0621596820980628
-0.0100522503997551 -0.0289040486122854 -0.0108217969002592 -0.0825421454531218
0.00657613556975069 -0.0350758271238899 0.03830345670056 -0.0663911578299702
0.0300617243173482 -0.0295714341220435 0.0507499153533427 -0.0133253313910479
0.0439800162697561 -0.012327007935065 0.0149071430478649 0.0223443528436402
0.0359480613751247 0.00451251820965375 -0.0621651537159104 0.0257270878604002
-0.00185660007352821 -0.0183496802105126 0.0717902720954215 -0.0314953969444911
-0.0156205082361614 -0.00347077218056018 -0.00258095840073084 -0.0367797728932381
-0.0138493883185816 0.00851507028534714 -0.0499777510856289 0.00702806936796009
-0.00321075065792869 0.00684823083089997 -0.0504036124492756 0.0659571526654594
-0.00419046227260072 0.00318802509271239 0.00373136387375718 0.0875852794263901
-0.00439978965759373 0.00541931008275314 0.0462402885883495 0.068831033958338
-0.00469345853734365 0.00751648894389056 0.0655934673355689 0.0381410146200652
-0.00899511111148679 0.0106325053903637 0.0695329083357226 0.00116078970555659
-0.011675993207045 0.00930642110660909 0.0647388969597087 -0.0211745123330452
-0.0155066655433856 0.00681972215999149 0.0647036081928825 -0.0334958254750792
-0.0169557572455759 -0.000213437933908512 0.0720558004059233 -0.0251628136411673
-0.0124325479922401 -0.00878809467204607 0.0742840019528503 -0.0105891893272019
-0.012679615840839 -0.0122644129454252 0.0780617779673581 -0.0149756165060114
-0.00833580194460648 -0.0200691721444166 0.0877608587924805 -0.0246342709927842
0.0075218514108827 -0.0248794110891103 0.102173057617094 -0.0531648568150152
0.0328940013198229 -0.0292500922957958 0.0621386270887682 -0.0231993354257255
0.0107973023556609 -0.0208170550072757 -0.00562292626100106 -0.0316426021097549
0.00319111805670633 -0.0126502474414963 -0.0556650057160139 0.00556521436562231
-0.000361744685883522 -0.0155165036928163 -0.0572972849292257 0.0622324410080198
-0.0143319211491281 -0.0167736757012128 -0.00599040860674616 0.0859364820861786
-0.0233842117701467 -0.00677822116135207 0.0364019479583262 0.0726307947971536
-0.0268545386229632 0.00221507355213456 0.0573002880295619 0.0427249485686533
-0.0340006502075689 0.00927539671623909 0.0617096605784271 0.00516271735220084
-0.0377629073311919 0.00930156335099804 0.0549671324668391 -0.0185627865623705
-0.0444006699044557 0.00315830573726806 0.0519799176690968 -0.036338312263129
-0.0471587333397837 -0.0138720782599801 0.0597545835650764 -0.0371654517805112
-0.0327016330715204 -0.036208680186804 0.0697544606986228 -0.0226862580500907
-0.0138264485722638 -0.0505374460457185 0.0774890499497027 -0.0196895776412917
0.011334887535933 -0.0567974419140493 0.0814753053251435 -0.0215759037096548
0.0383161449511354 -0.0504637328801981 0.0908711914808407 -0.0423773706870016
0.0657058446751326 -0.0364395404703057 0.0384481383805861 -0.0146298776228333
0.0403870826646929 -0.0368632934186922 -0.0176356843708837 -0.0296720553066865
0.022416981562841 -0.0363789373359661 -0.0665729553417116 0.00345851746988375
0.00226196620828017 -0.0415598709760516 -0.0639684207891753 0.058028244960439
-0.0250553282287446 -0.0373993642256448 -0.0174902175199559 0.0800998687940193
-0.0409265350478504 -0.0195526602590394 0.0230797993460487 0.0703596133856507
-0.0462831373435765 -0.00366647117960066 0.0422758020002338 0.0432317518468604
-0.0540286437517197 0.00629465072623413 0.0455938654369443 0.00867777857015355
-0.0585066717496369 0.00669445940379425 0.0364248603121209 -0.0147616739117302
-0.0668948382035933 0.000597890503946872 0.0311919686030602 -0.03677227178844
-0.0717501817098526 -0.023109551267445 0.0399089569860665 -0.0472812812767811
-0.0521205188974624 -0.0556674742400427 0.0600246011143978 -0.0365605107247844
-0.0196918572748092 -0.0798042131803765 0.0756347461851482 -0.0253775035379877
0.024298962310003 -0.086427186131206 0.0751979735340466 -0.0137004115964396
0.062011056071815 -0.0700953128281951 0.0697364814292291 -0.0262385136757803
0.0876329323269179 -0.041258644427005 0.00417607798501734 -0.00427914183079379
0.0630925220011054 -0.0526977167233412 -0.0373972500462833 -0.0234082040898661
0.03672823969092 -0.0612894318328819 -0.0794535705747799 0.00433020321398382
-0.000690682426419913 -0.066045631382943 -0.0695913949243857 0.0525859924333208
-0.0369793741826225 -0.0534544666137507 -0.0286268096102706 0.0696614768516856
-0.0558746496777306 -0.0267598575452308 0.00684060639462526 0.0632989709825445
-0.0592599382183183 -0.00678944808798368 0.0217986761289783 0.0407455971711814
-0.0660480064024716 0.00295960468026237 0.0228141936496749 0.0100111920998931
-0.069380483777987 0.00428762943906189 0.0122921853832369 -0.0112557539317775
-0.0786782064139715 -0.00199486443695152 0.00671208892949754 -0.0358901278748042
-0.0847921926903215 -0.0281663094683265 0.0155463099153754 -0.0548690837663752
-0.0631255327421441 -0.0658245918208728 0.0469116267941464 -0.0506664150192093
-0.0225015749351999 -0.0970005091874246 0.071764291856801 -0.0281200048670065
0.0342004889066151 -0.102730748247827 0.0679267278514061 -0.00242231530210577
0.0768782683162195 -0.0774939129628454 0.0437106096275583 -0.00429668911457834
0.0952487857013524 -0.0415748498084107 -0.0349802022878989 0.0112348819409943
0.0742809024352872 -0.061913605841612 -0.0591937450138135 -0.0108485965497819
0.0416661734408814 -0.0778322491711452 -0.0884050049226104 0.00745411177901962
-0.00655815153726018 -0.079292579599171 -0.0729366381296147 0.0416824150989263
-0.0449701745001923 -0.0597886520809556 -0.0429448502602707 0.0546090922877226
-0.0628417826822291 -0.0298382166961636 -0.0151097716394091 0.0537311240451967
-0.0645252022527368 -0.00862165642936614 -0.00394598191846941 0.0366321346283516
-0.067662617102192 -0.000894779514972278 -0.00380703043459841 0.0108078579444298
-0.0697982152211727 -0.00175124197920853 -0.0142424872128232 -0.00908370810508995
-0.0770541690714817 -0.00915837958019829 -0.0171074386473676 -0.0360706310767147
-0.0816480234073583 -0.0350434835723683 -0.00530666358677486 -0.060391174987203
-0.0560074484544095 -0.0709991700984022 0.0360352869547754 -0.0589064102091145
-0.0127733870092415 -0.0986520799179022 0.0676969265401957 -0.025938512942736
0.0453806164120824 -0.0996415617305174 0.0582623250124032 0.0109779280966743
0.0830806152906926 -0.0687232014074514 0.0143948534339929 0.0166925729599264
0.0862668896853104 -0.0351512354552221 -0.0709823596487739 0.0290636724392555
0.0699117308576401 -0.057724391024511 -0.0766666278777377 0.00611339097006435
0.0366250185360199 -0.0761277756720765 -0.0897066010126063 0.0119785958590737
-0.0100285064389657 -0.0746368848724917 -0.0734119478262269 0.0278506277247102
-0.0432698322018564 -0.0536649225549078 -0.058140417048559 0.0378254050512937
-0.0580768369546569 -0.0257834170285094 -0.0383482929568267 0.0435313737664927
-0.0580147335233577 -0.00828205140918242 -0.0299054164754198 0.0326563616570858
-0.0595158749537876 -0.0051880580807699 -0.0288822622050343 0.00951497876470796
-0.0599083315273522 -0.00851315753388705 -0.0376524650139087 -0.0104350447684375
-0.0639898046590312 -0.0169143257219805 -0.0353333713498182 -0.039901036803602
-0.0624353281689923 -0.0406850911044754 -0.0181464239231789 -0.0662449955016915
-0.0350633410827647 -0.0684585013771902 0.0292425754514846 -0.0638567839021809
0.00736824467521487 -0.0844171878944019 0.0618648561926489 -0.0219236619262629
0.0547085707312226 -0.0781740444946515 0.0440989753956402 0.0217255765981202
0.0788717077239775 -0.048606513214822 -0.0166799049366921 0.0308533579545596
0.0617220020703907 -0.0205548595713298 -0.0954209542570056 0.0452870277678221
0.0521222420198711 -0.0404269598435887 -0.085357780711225 0.0224537215179901
0.0261473604599739 -0.0559551721254765 -0.0851972771266847 0.0150658109885233
-0.00833446285417556 -0.0530189972468859 -0.0723679788885522 0.015815397282493
-0.0305834947980737 -0.0374552516939619 -0.0702660167257563 0.0254807834993589
-0.0416949319233876 -0.018987273267431 -0.0571851376094041 0.0362753127666628
-0.0417310434706472 -0.00708030160914646 -0.0505092227928634 0.029917384273408
-0.0413496042615752 -0.00837856041089591 -0.0493448192233249 0.00769125894346211
-0.041317196548434 -0.0123630221091252 -0.0546654333100869 -0.0150716575406546
-0.0412379737358858 -0.0207742296520739 -0.0452768228035496 -0.0479779070213998
-0.035759450411333 -0.0389942310062712 -0.0212666018535371 -0.0736621227840651
-0.0109341060195734 -0.0549750679240821 0.0290777354973845 -0.0670241711741217
0.0234663476411318 -0.0590621444926686 0.0550139484404288 -0.0172945805545042
0.0543518323096256 -0.0464770858470149 0.0286470360268168 0.0243515540162955
0.0619468962442094 -0.022970354340097 -0.0424684309094042 0.0347516785372771
0.0288052818742855 0.000373878099238095 -0.104820518751522 0.0561531274646925
0.030274902949023 -0.0130997216679594 -0.0851253203122823 0.032132667303562
0.015157198015633 -0.02354822496112 -0.0787574912793564 0.0171116266241043
-0.000620840481329301 -0.0222391183780084 -0.0711625020243415 0.00998313554137451
-0.00776851288364453 -0.0170544972612901 -0.075611353816759 0.0209013737406346
-0.0164765059535722 -0.0118095806628652 -0.0669529870494017 0.0328936286377355
-0.0185723474027574 -0.00730661183128296 -0.0624115900214493 0.0278168782557517
-0.0175490540716417 -0.00996943565078067 -0.0608535827484131 0.00444210988177055
-0.0181084362813667 -0.01227409685378 -0.0634357473604737 -0.0225004471564765
-0.0165866865439299 -0.0178305226889716 -0.0473019992038932 -0.057226103608657
-0.0114856406332414 -0.02800464761512 -0.0163250702668423 -0.0796127994175581
0.00361038591049639 -0.0347464720274288 0.0324759118240095 -0.0671901128787048
0.0271819906062889 -0.0308542141526072 0.0487365337147739 -0.0163552787442062
0.0420474566038057 -0.0150884711957229 0.0164030350717288 0.0211846019991969
0.034817727099741 0.00198188829444427 -0.0580154151734867 0.0292935954158353
-0.00306043602566412 -0.0181496583997686 0.0676618288320378 -0.0328164393780118
-0.0146443997575666 -0.00280484047966629 -0.00440611823131062 -0.0346168639120795
-0.0122908295117796 0.00859166894147315 -0.0481315937550804 0.00786796899395139
-0.00302196703688775 0.00670590252543757 -0.0463825539216844 0.0648776251084385
-0.00418856164925484 0.00330440922026609 0.00602216259173483 0.0829339837123518
-0.00475611537346847 0.00569058111663312 0.0469363402986484 0.0630190909197101
-0.00426790562268099 0.00745102153902324 0.0641392662235179 0.0334975031101902
-0.00815101332936075 0.0100250588023758 0.0665534217724749 -0.0014678600697781
-0.0105884558151032 0.00992120241427627 0.0615115171333957 -0.022282079371362
-0.0151329895657121 0.00712293675908512 0.0607161775089867 -0.0342329598467586
-0.0167322487041882 0.000183643216419359 0.0681738419305543 -0.0272163075867017
-0.0122612801019508 -0.00773900444205443 0.0715616532420236 -0.0117836362799228
-0.0123747715063726 -0.0114182842348162 0.0744350713410785 -0.0162349073921585
-0.00817304920998594 -0.0184937829447696 0.083548079252791 -0.0258702754816744
0.006400023221121 -0.0247655673194677 0.0961974723768171 -0.0537248300874257
0.0300986066148203 -0.0292889922856366 0.0586860715320874 -0.0245742284127647
0.00964131123161585 -0.0202845034871882 -0.00648296510892577 -0.030860659527346
0.00293753082465382 -0.0119872284909191 -0.0533976277646896 0.00678001761229022
-0.00101941906462852 -0.0150260153208033 -0.0522456326391894 0.0614142485495295
-0.0143710264444193 -0.0153161389369625 -0.00371046212191923 0.0820347068790863
-0.022737611714556 -0.00581814448027478 0.0374241859741979 0.067368722924682
-0.0255944316850472 0.00320813257831956 0.0564292584090602 0.03810531060109
-0.0318626937474154 0.00979172973785108 0.0597652949393361 0.0025882568814829
-0.0357391196293432 0.0105075531211933 0.0523529366603267 -0.0195656465026941
-0.0424043943626991 0.00513475495427252 0.0481765767078601 -0.0360995794224527
-0.0456850702741097 -0.0114451102610078 0.055505463923217 -0.0373445318677059
-0.0326417633329443 -0.0335965419996294 0.0664202199739699 -0.0235935724272642
-0.0152879749493589 -0.0472670893123115 0.073359962975096 -0.0215040457767791
0.00900994564883487 -0.0543351028773573 0.078093028084506 -0.0226308630945702
0.0346061488127903 -0.0499541341833763 0.0858168604199043 -0.0437290057794332
0.0606569291249798 -0.0369837547318796 0.0367110259121263 -0.0157314739216257
0.0368962178983182 -0.0360009998462248 -0.0171744423037746 -0.0283000583113019
0.0203496321145926 -0.034748599183077 -0.0638793873723977 0.00546830454112256
0.000889457049838002 -0.0394301732447464 -0.0600258143345113 0.0578326475759993
-0.024878056257768 -0.0342052171024381 -0.013756881909834 0.0769996064905565
-0.039171482270833 -0.0166940003059065 0.0244074179003663 0.0662952449408063
-0.0441770976653464 -0.00155203784386532 0.0420392202771763 0.0393360368723913
-0.0517006547749855 0.00793141931173955 0.0439355825685609 0.00618910415050357
-0.0551832439229335 0.00953109024086927 0.034437716565419 -0.0159872854802124
-0.0638513560644338 0.00378255559918344 0.0286911833323706 -0.0358283851209401
-0.0697371320327346 -0.0188039493859411 0.0361984607458489 -0.046386979621811
-0.0519103470976305 -0.0511522708070313 0.0562858973819083 -0.0369962287066223
-0.0216325997907833 -0.0758617882382207 0.0717734237620655 -0.0264964857402108
0.0202216503132135 -0.0833514583129328 0.0719086500265913 -0.0158847593694459
0.0568631650808078 -0.0689979107086773 0.0665177885419675 -0.0278260465487405
0.0816125958957867 -0.0425880949128781 0.00504233912049521 -0.00474762004901832
0.0583551412656705 -0.0523367426297969 -0.0357269162113125 -0.0222259256031009
0.0329223924329809 -0.059754778033264 -0.0758298925581447 0.00627504734993423
-0.00290686952773286 -0.0624531099917963 -0.0648869249497006 0.052148913498808
-0.0373531530464981 -0.0489664888371942 -0.0254220511013276 0.0674317504258505
-0.0538229950886057 -0.0228692999965083 0.00858833442231794 0.0599472016787275
-0.0572740447630506 -0.00404208428012105 0.0222355398269217 0.0379924163642534
-0.0630418654200869 0.00610187877235165 0.022153008584118 0.00876200808694077
-0.0662670058770136 0.00722561500037794 0.0113198925314333 -0.0112105996757994
-0.0754045840416257 0.00175565647651628 0.00497728306999131 -0.0342497514455617
-0.0825035641596449 -0.0229671703010681 0.0131586278299541 -0.0524862056314462
-0.0623292203762632 -0.0608195027015822 0.0438753743741878 -0.0497273090940236
-0.0249814396406904 -0.0912723984186611 0.068465498886798 -0.0295362568960547
0.028530562846109 -0.0989906458972157 0.0649299055531504 -0.00493619030073338
0.0710261296214867 -0.0763005089482314 0.0426383321027659 -0.00561011296641058
0.0889877719414845 -0.0432907309440377 -0.0332356917704179 0.0112009977203122
0.0682439960885906 -0.0612579262455927 -0.0562313266594634 -0.00943177647528205
0.037154805335155 -0.0754099398498003 -0.0839977054876161 0.00964930909936994
-0.00905409810670057 -0.0747109542972041 -0.0689087716956137 0.0421982186582219
-0.0452271189242815 -0.0549059266003106 -0.0393587174026242 0.0535252371548457
-0.0606760210724093 -0.0252280927921711 -0.0124718142926576 0.0518679543164685
-0.0617082142036114 -0.00514636170495138 -0.00224226793725815 0.0349298249899562
-0.0648828853934469 0.00199647949741647 -0.00303282958098362 0.0105520784092283
-0.0667408105634213 0.00133912636116093 -0.0128258097394274 -0.00767040462099329
-0.0748749502244691 -0.00517582794369517 -0.0172282837890348 -0.032883931978694
-0.0786740181844624 -0.029646264471354 -0.00754195085123861 -0.0567039976596458
-0.0565760314441811 -0.0648272743276642 0.0329198342220787 -0.0566747162054384
-0.0151503311920394 -0.0931206388923767 0.0645674233884721 -0.0274294474848274
0.0393679864748237 -0.0961904955626326 0.0562384602962898 0.00825786022986262
0.0771791886012555 -0.0687466421493045 0.0144413104605715 0.0148383893314095
0.0806236898011203 -0.0364347422674927 -0.0661470702047074 0.0298267248759777
0.064592923467543 -0.0575419248345451 -0.0725322041630237 0.00754919206588645
0.0328480835638616 -0.0734807731280867 -0.0854292431446818 0.0134829974271435
-0.0123440260465839 -0.0702026842987369 -0.0693607698713473 0.0286935265989056
-0.0431826379200522 -0.0496417759218864 -0.0545718691662615 0.038542688517128
-0.0560889252765642 -0.0221959212400252 -0.0350399244172492 0.0429133378907788
-0.055503026032869 -0.00534164542935949 -0.0275184114943136 0.0325878516587182
-0.056760533810084 -0.00278525926457347 -0.0274398582627317 0.0108629567687359
-0.0579599268332793 -0.00548992673784998 -0.0358260282955982 -0.00776089982447854
-0.0609940000498422 -0.0133119259089288 -0.034775313915385 -0.0364037633206733
-0.0611287643225169 -0.0355282820874901 -0.0203075068309922 -0.0618515296463151
-0.0358281798212102 -0.0632596131039893 0.0265301220752328 -0.0616295055613876
0.00454726372166536 -0.0804219577461195 0.0587804663765401 -0.0227835137963666
0.0492262815153137 -0.0755674125853008 0.0436382198168971 0.01855739509121
0.0731133707627131 -0.0488002847726336 -0.0144018538717683 0.029608173677346
0.05810437489764 -0.0222104830429072 -0.0895822335510345 0.0467245115905076
0.0488090920684997 -0.0402653107872136 -0.0805783937380977 0.0231294834529596
0.0232979726424861 -0.0536129758298566 -0.0810419776812147 0.0170288541190705
-0.00979521084371626 -0.0498947757923231 -0.0691608361658147 0.0171190799106292
-0.0303553170308822 -0.0348368381748109 -0.0661589705161349 0.027098862852682
-0.039932100397276 -0.0158349327643654 -0.053263428962788 0.0365998410926326
-0.0398999936365007 -0.00505428345716331 -0.0478569875620746 0.0304399151233822
-0.0398591966740322 -0.00608618833669467 -0.0467726947501637 0.00957827926454024
-0.0397819882598511 -0.0103711355041975 -0.0526999569498008 -0.0119407430806553
-0.040563335710446 -0.0184188083017482 -0.0448294186412168 -0.0430693109700843
-0.0359297819346211 -0.0349934060780814 -0.0237296742374744 -0.0687785220389615
-0.0127182283742509 -0.0523766599998629 0.0255920766649692 -0.0647450557593824
0.0208915925900795 -0.0560088410221409 0.0522848899786186 -0.0186821672838739
0.0503143527568573 -0.0458676104220407 0.0285848261681371 0.0221522384062949
0.0585870122366762 -0.0235135213279678 -0.0389278188597027 0.0343729029812886
0.0276778317192613 -0.00133382310543607 -0.0983163563988108 0.0570541693980933
0.0280437300229877 -0.0133808125168856 -0.0803306956543136 0.03245191539883
0.0135315503708371 -0.0226029120910113 -0.0745480036322306 0.0184937767977694
-0.00152208240728438 -0.0215705502049759 -0.0678074872380983 0.0117255291448701
-0.00887116624263818 -0.0161694293130243 -0.0716277188197835 0.0228301991814486
-0.0162407086441738 -0.00968413318844317 -0.0626929973587593 0.0342535142854457
-0.0174546836346537 -0.00577402813318491 -0.0588317293034677 0.0289485747513427
-0.0171589108637593 -0.00927357993553032 -0.0579449274438942 0.0071157124338237
-0.0171311434650618 -0.0112442659268799 -0.0609916973218452 -0.0184536414311502
-0.0162211745930683 -0.0161065234483659 -0.0466901002349812 -0.052625825165282
-0.0121737548081677 -0.0257415751018122 -0.0186905793978928 -0.0743690752924186
0.00249442190157595 -0.0332946865129161 0.0297687808265727 -0.065356410901022
0.02519763711593 -0.0292591269820109 0.0469099064641283 -0.0170752312670284
0.0397388250694837 -0.0153975322804234 0.0165403438719451 0.0193112051842304
0.0334576758517504 0.000726232838789213 -0.0550107859062743 0.0302562688462726
-0.002329778145113 -0.0173655614646681 0.0655525014901827 -0.0326817966891353
-0.0142904643812483 -0.00334517906793219 -0.00441339577236758 -0.0344309989629236
-0.011853820167757 0.00775065301056152 -0.0467736823641667 0.00734783940382987
-0.00290651707499982 0.00637857980124756 -0.0451425663500603 0.0625182381292734
-0.00434643223700435 0.00323900428208277 0.00497190215299987 0.0799672213375295
-0.00436430324585895 0.00499809387122474 0.044804407235809 0.0608235338076279
-0.00420536397580827 0.00708991786506275 0.0621743357294846 0.0323408646501211
-0.00761971909562158 0.00967110624958522 0.0651116312969805 -0.00177398526663514
-0.010247090640237 0.00956564371382487 0.0598981316536187 -0.0216655335238733
-0.0144596209476291 0.0071120950725858 0.0594670791406491 -0.0325332667025621
-0.0158214245228366 -1.53391215138112E-05 0.0663664034069054 -0.0260565052846413
-0.012030279626419 -0.00758127589369883 0.0700819590502909 -0.0107953010150077
-0.0119995520216999 -0.0112567567445079 0.0720245430713196 -0.0149795667928795
-0.00750868817211547 -0.0176406599288362 0.0813438944730208 -0.0240632837472599
0.00630238647735504 -0.02383166858605 0.0938007669737299 -0.0510992032034179
0.0288412221287115 -0.0281961802783138 0.0575623451054118 -0.0245065404995295
0.00980703209768229 -0.0191337502261161 -0.00608523531508096 -0.0302817682773389
0.00336914720395958 -0.0111671627899452 -0.0517918715894019 0.00626932612929572
-0.00103321225150269 -0.0141173161043527 -0.0506641925356609 0.059468940561078
-0.0141456150014059 -0.0147260675284085 -0.00422458149052263 0.0788640670040913
-0.0219249739712444 -0.00528504083380039 0.0358703567202291 0.0646575291384955
-0.0249961670955272 0.00328089706278953 0.0550166349407606 0.036605147015962
-0.0312077043251408 0.00943342045972815 0.0574212122785408 0.00215021567650218
-0.0347944438105426 0.010410594453477 0.050943766133148 -0.0188581535214812
-0.04132599852448 0.00478620710267715 0.0470336424579842 -0.0345399933150605
-0.0440646603761927 -0.0111671072061276 0.0536746539526292 -0.0353337413933024
-0.0320581714385295 -0.0325765502734508 0.0648175194223403 -0.0221166049616238
-0.0144817491482688 -0.0458497660873313 0.0719895432108889 -0.0204169598893841
0.00894847676427918 -0.0524965143481628 0.0756927658513871 -0.021346721878556
0.0345882822684396 -0.0479686955815562 0.083456177838996 -0.0416372561818963
0.0586940345809418 -0.0359734018215472 0.0363207199719781 -0.0162609361894087
0.0354532236811093 -0.0350653296550495 -0.0165416501519036 -0.0279480518507939
0.0197524650112548 -0.033590157035642 -0.062598334499037 0.00435338861298465
0.000601948886491913 -0.0379010776719503 -0.0578263124799919 0.0552837637608751
-0.0243887109663696 -0.0332855574447345 -0.0143182263254686 0.0737550068724556
-0.0377616505468001 -0.0157260623585511 0.0236383559966937 0.0637561665797473
-0.0422611726182216 -0.000993487426619177 0.0409705796157846 0.0378242887747527
-0.0498114919344278 0.00797346310739242 0.0427171631183338 0.0057844510882194
-0.0537240138015841 0.00935047787171504 0.034335183915049 -0.0147405347873553
-0.0620178280685553 0.00397798141732307 0.0288002090571356 -0.0343790494030777
-0.0674054712151432 -0.0177292361647771 0.0355270643956449 -0.0440088009564179
-0.0502698447479838 -0.0493953864767938 0.0554189781194351 -0.0349480348473674
-0.0205453829585426 -0.0725584947568518 0.0704384536963964 -0.0248492773082526
0.0200356042423885 -0.080155756097594 0.0704904776049703 -0.0148204800872601
0.0560667746898395 -0.0669955527617895 0.064619315532826 -0.0265747724874816
0.078721084396659 -0.0413340174750898 0.00445672718582492 -0.00551477887835264
0.0559630839791832 -0.0501688969570796 -0.0343586062344228 -0.0228363440806731
0.0324812640933832 -0.0570536350841622 -0.0737446181517661 0.0048539583739753
-0.00303778690496455 -0.0600560548245203 -0.0632614403886911 0.0504414170867291
-0.0361824348114882 -0.0472986504835933 -0.0247552532957 0.0653372669563157
-0.0516792601338111 -0.0217143455931111 0.00868873794351574 0.0579675456391781
-0.0550957819630002 -0.00311248021205679 0.0215736114606498 0.0357799084700108
-0.0606272077061655 0.00622826169285744 0.0216345109529428 0.00819824570442329
-0.0639825119755568 0.00749396905257831 0.011563126709884 -0.0107429965244749
-0.0735529650400301 0.00188060322246436 0.00525690668661498 -0.0329077732728182
-0.0791541893696522 -0.0217049642792651 0.0120690441225478 -0.0501269240093771
-0.0604335632314724 -0.0578633909363294 0.0438310813598667 -0.0470847281495285
-0.0239214627091888 -0.0876445288402877 0.0674531336284643 -0.0285664496124257
0.0279416608472983 -0.0953577146599601 0.0637270957923234 -0.00437260426070622
0.0699564676370828 -0.0742926941134654 0.0413012618067946 -0.00582100043368207
0.0858718657298237 -0.0419352430115271 -0.0316380213041086 0.0100130179370475
0.065914981575314 -0.0588485832299699 -0.0533059149213319 -0.0113462199745346
0.0364622666241921 -0.0723476317469491 -0.0817341222077823 0.00822560964528796
-0.00823082848382339 -0.0724716724987383 -0.0666972213329762 0.0399944081815838
-0.043827757133486 -0.0529678940183668 -0.0386024795412587 0.0511935694909165
-0.0584130418856477 -0.0238045858407925 -0.0119884470100886 0.0499934284320863
-0.0596100176433899 -0.00419190616537285 -0.00240876665537284 0.0335997088396442
-0.062673909407216 0.00224959987969914 -0.0026080165695018 0.0105670359392396
-0.0649035248709378 0.00215626548804129 -0.0121948519367778 -0.00761199518188823
-0.0721501515280501 -0.0041539027418459 -0.0166645941509245 -0.0318771561841638
-0.076497808357821 -0.0278468856113027 -0.00718241541803042 -0.0539689946476994
-0.0545526675144778 -0.0628222034949275 0.0322039476918284 -0.0547932882337466
-0.01390037845502 -0.0893563084030596 0.0628959638640664 -0.0267971459183137
0.0382419534708308 -0.0918984973321142 0.0549887246098438 0.00804984507344888
0.075212597263942 -0.066626807313263 0.0135676538984891 0.0141393151475531
0.0775223719711467 -0.0357323103764958 -0.0638973660122764 0.0278494452314773
0.0623765548086005 -0.0556175795643355 -0.0700157151419064 0.00580412799778414
0.0322631463544487 -0.0708178856283711 -0.0827366257135813 0.0128709386482749
-0.0116583005097391 -0.0678125690097771 -0.0680098683436753 0.0273404457469176
-0.0423386386566548 -0.0476267970848432 -0.0527785793414161 0.0369333051549096
-0.0543114570883773 -0.0206981515854229 -0.0337733310174681 0.0418665317445011
-0.0534438031765074 -0.00467308454158679 -0.0262637695871949 0.0315701552284676
-0.0550303818045624 -0.00249537832893117 -0.0264283602662837 0.0109219493473249
-0.0557970407613041 -0.00512896162164624 -0.0338831996624931 -0.00730178234654722
-0.0599997061063798 -0.0127776245504995 -0.0333030232876851 -0.0350245144503556
-0.058602369348786 -0.0336804897071166 -0.0193152609420099 -0.0592179028166376
-0.0345100638929385 -0.0611562511430881 0.0262785368220494 -0.0594160236005079
0.00482291005893703 -0.0770443337251034 0.0574457708145715 -0.022483677312907
0.0469471290849203 -0.0726892903401473 0.0426005784770254 0.0184206111754487
0.0713655710047245 -0.0470490784261983 -0.0146140638674118 0.0284656256201658
0.056025137984914 -0.0211473194583305 -0.0862367606171026 0.0438766944842384
0.047322419221193 -0.0391878035580401 -0.0785192516315141 0.0211902423803477
0.0229946232473494 -0.0512885901475175 -0.0783257962106 0.0158909280082553
-0.00956074116767406 -0.0480479279550537 -0.0673732326784482 0.0158897447990627
-0.0295029241628791 -0.0332308908614959 -0.0640138411803723 0.026224431493065
-0.0387102694381732 -0.0146681382823105 -0.0514732436747093 0.0355036881030476
-0.0384214590202213 -0.00467935184986429 -0.0460955429803194 0.0298691206682241
-0.038344925149794 -0.00599046707526342 -0.0454104318759435 0.00924154902857145
-0.0385391963254344 -0.00979266305670581 -0.0502397603084657 -0.0110171914236893
-0.038701049433941 -0.0175179685971985 -0.0432939066937495 -0.0422335640180276
-0.0339087725314157 -0.0334139416262207 -0.0223283977253604 -0.0660799234458853
-0.0121292923300321 -0.0504781442226229 0.0259075418583325 -0.0620863025595088
0.0207330726659977 -0.0542733982235231 0.0516810240141573 -0.0180815987930166
0.0482802606227305 -0.0438325631008493 0.0277673052413728 0.0214965297518335
0.0563901768971902 -0.0219843526486274 -0.0373835692014946 0.0325879776254187
0.0263424467176251 -0.00118837455753684 -0.0954150700821297 0.0546417736816394
0.0271946183360218 -0.0128110986209866 -0.0782349056949275 0.0300588828119844
0.0134571214034973 -0.021760215113155 -0.072195119109839 0.0171003195224013
-0.00149023304924651 -0.0203176767033685 -0.066145327327454 0.0108888764030672
-0.00828103425243032 -0.0152643678887382 -0.0691995412278146 0.0221641312420757
-0.0155119910462635 -0.0088203022053466 -0.0603386283526398 0.0330511414780579
-0.0171287794378295 -0.00536434678153796 -0.0571784237988427 0.028687295911637
-0.0161834610488793 -0.00873591885040014 -0.0563860271844768 0.00704984336957693
-0.0168280528065302 -0.0106758387640383 -0.0587132826144813 -0.0171221070366285
-0.0152006673247737 -0.0156566248821768 -0.0450385950759487 -0.0504349306588281
-0.0117331208406377 -0.0245844241843515 -0.0180895496091149 -0.0719404254243657
0.00252326618983886 -0.0318129189410244 0.0298451598421577 -0.0626393838267726
0.0244437221962477 -0.0282752301619217 0.0466471609653104 -0.016171295053746
0.0380273438677863 -0.0153638113785237 0.0160274609569358 0.0190340000404028
0.0320185979704169 0.000850372210466265 -0.0533073904755797 0.0287123284568368
-0.000270883447990326 -0.0175133629718719 0.0707894111077178 -0.0236582351610502
-0.0137990359775648 -0.00571344579052014 0.00143434191490877 -0.0358405102363344
-0.012424734333571 0.00539777237314183 -0.0480424316693347 -0.000794434671453686
-0.0043472578461057 0.00514748087169991 -0.0529293214349182 0.0548812078177047
-0.00530771790281276 0.00247005788528142 -0.00652992196110878 0.0789393031771346
-0.00475537655483138 0.00393683894272951 0.0352394539032572 0.0661844062461236
-0.0051388069644392 0.00557556779286625 0.0577714126717004 0.0398909206356049
-0.00882881434258759 0.00793604642364079 0.0643218393478145 0.00786847576021375
-0.0112417128308279 0.00755607190360592 0.0630826381062493 -0.0123623675828719
-0.01489747600554 0.00438814572985797 0.063928925493752 -0.0224200265998651
-0.0150397504126151 -0.00346443037910688 0.0696069632817103 -0.0142631004031723
-0.011032234656093 -0.0109086192941392 0.0717417686728384 0.000516723774585163
-0.00914539677431607 -0.0141148452139989 0.0736480807521636 -0.00230540405179423
-0.00428102460107828 -0.0199588860413887 0.0844504631809787 -0.00886755549846415
0.0102465135835201 -0.023728508615623 0.102667874417408 -0.0344414178137446
0.0317126596097291 -0.0239121633813985 0.0611972169043521 -0.0143416509117942
0.0122818124678729 -0.0179772076150192 -0.000715450168387365 -0.0305243673989173
0.00456670231792455 -0.0109353795875165 -0.0517691600573627 -0.00141423740615893
0.00133168575824824 -0.014691447115521 -0.0580900072272692 0.0514754792924261
-0.0119541179110324 -0.0161175671683117 -0.0148001898450943 0.077117349906053
-0.0203072637690976 -0.00887806681463735 0.0269206923130176 0.0689230355099225
-0.0248410927041552 -0.00130323434728628 0.0497318954364721 0.0429986464399983
-0.0318573112264755 0.00449685422578052 0.0568057846657399 0.0106173981333447
-0.0355026015817879 0.00412348042841336 0.0539569569303554 -0.0106003896102704
-0.0413872244778803 -0.00139663624954679 0.0527276117732912 -0.0253975264716694
-0.0409477947619304 -0.018905333301525 0.0593286704405298 -0.0250298189258857
-0.0260064573334267 -0.038264575320455 0.0687840255518119 -0.0105205695878331
-0.0061187120887089 -0.0486123194245798 0.0738667974380771 -0.00718455898999272
0.0172463695191953 -0.0506144022678365 0.0774519073766068 -0.00767657712893736
0.0420887241937094 -0.043074140910173 0.090693886509663 -0.027424204548131
0.0617229718041787 -0.0274196005818717 0.0392674675269499 -0.0065250344885903
0.040719744508083 -0.0286893718861192 -0.0116002420621967 -0.0291446906064577
0.0252291560863356 -0.0301499262939808 -0.0617861038050849 -0.00336996083337151
0.00688742188280785 -0.0368829918436016 -0.0638006251782401 0.0476620358877531
-0.018622091793248 -0.0357167992583268 -0.0232250581428043 0.0716823794581807
-0.0343681050422899 -0.0213663011052943 0.0159315969968069 0.0657468523749156
-0.0416050693663782 -0.00821406859770351 0.0364703122386479 0.0430056571880349
-0.0503910008074718 0.000207172271139879 0.0410969887146681 0.0124665833868259
-0.0539113185366662 0.000866776579254911 0.0360807641420765 -0.00888590400822793
-0.0613816245752572 -0.00587164930098118 0.0342265694010012 -0.0283896641715826
-0.0624888938232771 -0.0288402969054763 0.041592868741284 -0.0359991249144616
-0.0414529668091851 -0.0574253901203803 0.0624795438069475 -0.0244221893008825
-0.00834601210017887 -0.0763845176012942 0.0732676312902459 -0.0120258469908454
0.0329116398478654 -0.0757629512233046 0.0703377008366222 -0.00240442185605455
0.0664631177392417 -0.0570057931197574 0.0689418679154757 -0.0157476678949182
0.0828966474171923 -0.0299177953452549 0.00579020189236269 0.00101172286516451
0.0632346859136167 -0.0404681101616745 -0.0299627944414681 -0.0253409554121386
0.0409319490511467 -0.0512361470062617 -0.0724275088537353 -0.00240750782736511
0.00704412181530012 -0.059440085555164 -0.0682318864759866 0.0425400945603957
-0.02733470572419 -0.0510195749321141 -0.0311817721544369 0.0618281628900452
-0.0462454437681531 -0.0288016940140114 0.00245001524807293 0.0568259360040755
-0.0539039035019371 -0.011866034790314 0.0176726761562509 0.0390038392199645
-0.0608574458562813 -0.00321251191663039 0.0201402395436618 0.0113132192620713
-0.0634748238738975 -0.00271232291642468 0.0133829767112879 -0.0083154516823126
-0.0718117030208804 -0.00911937007994283 0.0109475019034142 -0.0300650735777667
-0.0740470423831303 -0.0334706439389141 0.0203676733199504 -0.0456404000714848
-0.0503055902364866 -0.0674941786021331 0.0520296847064589 -0.0381987698190323
-0.00873702306143189 -0.0908911734143757 0.0705575473899006 -0.0166327241477933
0.0428276003843599 -0.0890179682968083 0.0617993970542205 0.00651689625988117
0.0814705265982967 -0.0612776485479466 0.0409404144841647 0.000614790338524559
0.0897452836258149 -0.0296196352704185 -0.0327573746901276 0.0119719737531303
0.0739490977433463 -0.0479130390726956 -0.0509718002278967 -0.0157303916080715
0.0472704996554168 -0.065416535901495 -0.0798843364950361 0.000186832222416178
0.00368064071367033 -0.0720844836626007 -0.0696385913032214 0.0322583215741956
-0.0340244298100219 -0.0583817936496063 -0.0429573667528858 0.0474991250779582
-0.0529295745338004 -0.031818191437476 -0.0159829676202662 0.0461882171438968
-0.0578176836531274 -0.0132919415217346 -0.0057859552676768 0.033602403190368
-0.0623821937715242 -0.00750527176101119 -0.0044924065448848 0.009781848596432
-0.0635647439847723 -0.00785525348212764 -0.0114499344016391 -0.00820516341939863
-0.0701863799972779 -0.015253673100854 -0.0107720106675125 -0.032185606666562
-0.0700089780643384 -0.0387566657969964 0.00157936750832797 -0.0523064973703748
-0.0434402317337824 -0.0713760856163192 0.0415566861447404 -0.0474981312575882
0.000912908294916505 -0.0904281563011641 0.0661587887120771 -0.0150365137498565
0.0525598329460463 -0.0842355173653539 0.0507313252781527 0.0168592132772617
0.0853135748129417 -0.0521581386481443 0.0104977986256713 0.0164213953596201
0.0811869315119381 -0.0236890793265847 -0.0680967277887309 0.0247533893883905
0.0696023580935504 -0.0451907331365616 -0.0696393303691373 -0.000462519659133812
0.0422547136360938 -0.0643027866034791 -0.0815253142114948 0.00456814304560427
-0.000243466855962182 -0.0684803337644579 -0.0687660753614293 0.0198682074024073
-0.0332873996609162 -0.0526880758044757 -0.0549680064455139 0.0305805078697709
-0.0491590536320961 -0.0280062934514317 -0.0368179997847044 0.0354808366377244
-0.0520420581394016 -0.0126785829515169 -0.0291730236494058 0.0282621935707846
-0.0538820898493932 -0.0106115131999261 -0.0282385402674525 0.00639357784013771
-0.0535287879344828 -0.0129895106470662 -0.0325504521387235 -0.0117552959717046
-0.0563562497961208 -0.021033535569825 -0.0267261884187984 -0.0385850659051528
-0.0522103446212826 -0.0419958091259853 -0.00993143670146345 -0.0598441333000498
-0.0244980151754941 -0.0662572299043611 0.0359718480979698 -0.0531448311364095
0.0172569534001405 -0.0752985304633961 0.0607006578214475 -0.0120930799565387
0.0580595766800654 -0.0633782732345466 0.037220657701077 0.0245804401828739
0.0783680331044568 -0.0338744065897608 -0.0199505921836819 0.02534082624677
0.0581450232489885 -0.0134266839930886 -0.0931099926227553 0.0362427773967394
0.0525257368333294 -0.0309147644996149 -0.080363362049384 0.0118719108879658
0.0302788905698768 -0.046315820714697 -0.0785955634711072 0.00697986203060816
-0.00108695901455642 -0.0484393723695961 -0.0665561519272517 0.00798621040004016
-0.0238186017215565 -0.0374938803316791 -0.0645879809518364 0.0172862857361565
-0.035132873145075 -0.0200533927394256 -0.0541382837866711 0.0275238805253216
-0.0373706572200256 -0.0101457565479657 -0.0488464461944053 0.0242230550615749
-0.0379687035533212 -0.0122833871319205 -0.0461866381674645 0.00298096399888339
-0.0364164331297249 -0.0151223473107015 -0.047926740795253 -0.0179450270948792
-0.0356800263662692 -0.0228737674348788 -0.0355937694643964 -0.0477222996914588
-0.0284529068748234 -0.0375093193651589 -0.0120980338225671 -0.067500847782145
-0.00464982060621194 -0.0516255880874371 0.0357039581536673 -0.0571554345280102
0.0292541777842288 -0.0504959778382576 0.0537495106477412 -0.00884615150202544
0.0544783210145312 -0.0347021312583282 0.0228664767914134 0.0244406100540333
0.05959399074653 -0.0118641588529769 -0.0436863582685933 0.026393483525702
0.0261240863298533 0.00218832197132733 -0.104212176038619 0.0420109963708684
0.0284173656706785 -0.0087440084752664 -0.0827372099751203 0.0200530552071719
0.0168743136198456 -0.0190887624525118 -0.0734549078117794 0.0081992054158128
0.00156311433883193 -0.0201045137564606 -0.0661280561711368 0.00221436952549621
-0.00591190334171053 -0.0165764072557716 -0.0703272020213753 0.0122952146585365
-0.0129268279739757 -0.0105407530214988 -0.0644738227531887 0.0235548742480328
-0.0164437551255685 -0.00744824096420909 -0.0602186987270435 0.021481170066057
-0.0155773584917524 -0.0112199912630093 -0.0567312397160653 -0.00135084705588548
-0.0152018797982288 -0.0128402258548093 -0.0549743341273159 -0.0258366693686724
-0.0134387442804564 -0.0172112327020876 -0.0366153155623346 -0.0562234310449431
-0.00865895576063614 -0.0259323268738117 -0.00633638151138183 -0.0729041959180769
0.00666637036311068 -0.0312489849376389 0.0387773974252654 -0.0565589480727671
0.0285492897865484 -0.0247489631098643 0.0483645691227498 -0.00841011469201058
0.0396167917223557 -0.00847346816617551 0.0126534977706969 0.0207240666385772
0.0314102907415011 0.00758882081632462 -0.0587061164827067 0.0206052571044994
-0.00074940895862932 -0.0180513722963358 0.0729625575541495 -0.0248584265880933
-0.0140299576237885 -0.00581390960340525 0.00146013799362088 -0.0375745360853536
-0.0131420225459683 0.00556266888443921 -0.0492991569438527 -0.00084748693598142
-0.00421859394084067 0.00545827843912498 -0.0550109007492789 0.0559772779488022
-0.00581580844642543 0.00254024316071839 -0.00690743673420664 0.0807632844440856
-0.00528458394373842 0.00343648824939097 0.0358508518383044 0.0671427856149205
-0.00534606067805166 0.00583499573229092 0.0594539660034935 0.0401022887450655
-0.00895481398934067 0.00819218035198432 0.0666826591979527 0.00744637913974092
-0.0116023517614585 0.00770544214793106 0.0650083057157998 -0.0130471098714535
-0.0155623979724032 0.00471656082207584 0.0660825901956319 -0.0229768029825939
-0.0155358843037801 -0.00351757952114632 0.0720264089575563 -0.0142980570571801
-0.0108306993856936 -0.01175829246275 0.0744686831126004 0.00109914881871423
-0.00966419333948164 -0.0153932809162798 0.0751259625200967 -0.001637601091661
-0.00380327298487633 -0.0204623209900942 0.0869349506345806 -0.00847715675589614
0.0101068447986002 -0.0249662447036328 0.106356544988114 -0.034705938706393
0.0324953877381692 -0.0246668667552047 0.063108112563985 -0.0158946987844983
0.0125435760631712 -0.0180195569110314 -0.000456611224802731 -0.0327124299477388
0.0053755820216783 -0.0111625615634917 -0.0539922426796832 -0.0014798737541477
0.00143091959787239 -0.0145365166771713 -0.0600697072361534 0.0529574568544208
-0.012601232705722 -0.0165837913638474 -0.0158226632761575 0.07921412390638
-0.0207721866579462 -0.00920267503236913 0.0276137118761197 0.0690658810408573
-0.0251709534047295 -0.0011610989395445 0.0518342868790125 0.0432183413273505
-0.0328598043635761 0.00469289828469628 0.0585409174412502 0.0106391426592806
-0.0362578552833741 0.00488528838251595 0.0558860445816538 -0.0111105330783854
-0.042431717995552 -0.000895446924846715 0.0543008884324307 -0.0260916006844645
-0.0426767898157025 -0.0193743588333494 0.0612217289671807 -0.0249940176781583
-0.0266998779905188 -0.0392191131232007 0.0711699999156447 -0.011026607392366
-0.00641803122537417 -0.0497610122504279 0.0761706668453265 -0.00720019339262443
0.0180742215628627 -0.0517988552791111 0.0801851259174665 -0.00763676252766365
0.0436916127596939 -0.0445997155848772 0.0932838285020218 -0.0279497734326099
0.0631144827174368 -0.0280055459182311 0.0396607325438897 -0.00751977685478574
0.0412262890653785 -0.0295310381111454 -0.0113013827570067 -0.0306242087544174
0.0259300104608605 -0.0305852627610492 -0.0634806880189863 -0.00340534794363473
0.00681183129409679 -0.0379925187667877 -0.0660342944785591 0.0490301438093807
-0.0194542976585106 -0.0361351892603982 -0.0243944218755311 0.0732221110732799
-0.0350490956397201 -0.0214693948244988 0.0169466713636681 0.0664990490498322
-0.0427640776134137 -0.00794947984963339 0.0377203102832925 0.0430228797348495
-0.0517331400886095 0.000752456255771639 0.0431096748547599 0.012192085889979
-0.0552854088422164 0.00118014147949763 0.0375925233926855 -0.00965086978248365
-0.0633089363172166 -0.00530171385159226 0.0355184550967413 -0.0296437699934063
-0.0643496407712858 -0.0287595042908456 0.0436078567137569 -0.0364903879149577
-0.0425950326800815 -0.0592656732252667 0.0640574128738294 -0.0250121178078254
-0.00801585567822213 -0.0778192652878284 0.0754556299819037 -0.0128386542741378
0.0339837202712062 -0.0774540955989974 0.0722402297046052 -0.00271705138201975
0.0688003472022783 -0.0590956283554171 0.0710770579581329 -0.015868859372028
0.084086201208673 -0.0306349450669846 0.00554965678962235 0.000260568929063285
0.0644249126438033 -0.0415588331086724 -0.0305661212598385 -0.02690678945122
0.0421974266266669 -0.0521769683352502 -0.0749579274723155 -0.00230650942128459
0.00668024149141257 -0.0605150675019141 -0.0696636553209578 0.0440497043023883
-0.0287068898187305 -0.0520552117553002 -0.0325612465340615 0.0627463989467196
-0.0479106640170989 -0.0294808022467855 0.00245109530091186 0.0584834978862665
-0.0548478622134785 -0.0111961226400353 0.0186087114553665 0.039298549921821
-0.0629679269705622 -0.002828990606643 0.0201402782581692 0.0114605499883445
-0.0651594445130361 -0.0015033506224773 0.0136773583705154 -0.00883762970558788
-0.0740425809351474 -0.00813152337136685 0.0117174457222046 -0.0305685107821041
-0.0764718204860468 -0.0338087845383082 0.0207568313704673 -0.045956657996644
-0.0515267493189197 -0.0691809006752851 0.0533356023814551 -0.0392469348421018
-0.00915204342731451 -0.0927344032498436 0.0728632855433137 -0.0171278168659608
0.0443280375285617 -0.0909878189503735 0.063812325401519 0.00660532416188391
0.0838226939504905 -0.0631868315248773 0.0425212234439939 0.000405765858301605
0.0921884637225515 -0.0299960578592661 -0.033081789796377 0.0114302809421076
0.0757474489981417 -0.0488147197233031 -0.0519213044180623 -0.0169825184963528
0.0485006322966158 -0.0664215269335568 -0.0826150968395892 0.000102320787064036
0.00319702839367477 -0.073809684259967 -0.0719272194269201 0.0333706672082491
-0.0355732120322189 -0.0592805646237465 -0.0440133859847905 0.0480664822092511
-0.0538791842111701 -0.0321596049589539 -0.0166873208904627 0.0469950560133856
-0.0591625326039582 -0.0136930619872047 -0.0053539211043733 0.0341973343834839
-0.0642472232316614 -0.00703753955445309 -0.00423086340186229 0.0100824045273747
-0.0656607662471963 -0.00774443357747188 -0.0110779945097328 -0.00843468746889579
-0.072210432031722 -0.0144291765182895 -0.0105995277231301 -0.0331608155117522
-0.0721497241860232 -0.0389378552931762 0.00175933745654436 -0.0531557512110864
-0.0445863354494232 -0.0723030476607222 0.0431072903856071 -0.0486749761936883
0.00091863201476632 -0.0927550212620707 0.0689005243413381 -0.0158527054072176
0.0539019727145655 -0.0870950931085 0.0524608634516356 0.0173148004983946
0.0886546445173127 -0.0535800477819195 0.0109456627738192 0.0160854876720081
0.0827830406853621 -0.0247677702017798 -0.0694486153895399 0.0247453382104345
0.0713698195777835 -0.0462879768702245 -0.0705566457449834 -0.00282941821010092
0.0443580644058176 -0.0655626668815232 -0.0837797294000229 0.00368113456016983
-0.000543764738020749 -0.0702695215133327 -0.0704807883575618 0.019872669010258
-0.0344944265630856 -0.0541556885760884 -0.0561836280914405 0.0313985562981336
-0.0499696322856285 -0.0278963437983536 -0.0376136287246064 0.0361762969651812
-0.0531945105655251 -0.0115979418491377 -0.0290580758320801 0.0288796593414631
-0.0556597830257053 -0.0101155547330851 -0.0286673412401592 0.00755151381218617
-0.0553341043793781 -0.0131909874968594 -0.0329977979158914 -0.0110447672721517
-0.0580465676496374 -0.0208541276533065 -0.0274367342812403 -0.0389347772471968
-0.0537744586754918 -0.0418429605265944 -0.0100860940164011 -0.060476231628474
-0.0255801466617966 -0.0675645253013471 0.0377278882047638 -0.0546223223424056
0.0178358743338355 -0.0769858075877284 0.0629807139330271 -0.012786403844039
0.0597004135631716 -0.0647963627677365 0.0382866302602643 0.0242491484671045
0.0806112898130291 -0.034481105289078 -0.0198626902828788 0.0257535953818058
0.0593798417528235 -0.0140349109246367 -0.0960517458449676 0.0363732479843452
0.0537412978451422 -0.0322499994736865 -0.0830694875820293 0.0119308236974788
0.0317222613085096 -0.0477873560584899 -0.0806982306296743 0.00619142545296398
-0.00150300974198777 -0.0496368135042438 -0.068950418233423 0.00830994621117634
-0.0247071777535352 -0.0381750482857233 -0.0669272938213757 0.0175364951731221
-0.0352285553141612 -0.019961184592013 -0.055724526721472 0.0282595044131622
-0.0386095790938267 -0.00935067138101696 -0.0498908886719352 0.0252630296808819
-0.0386509395066018 -0.0120149647507698 -0.0473542605555258 0.00370204932823044
-0.0374518464535228 -0.0150270090006234 -0.0490887081529815 -0.0177063023424722
-0.0369087305383444 -0.0230680639814452 -0.037005585708506 -0.04772471025082
-0.0291148658516231 -0.0380780255515693 -0.0126206160185052 -0.0682602850506016
-0.00470777442651283 -0.0527298490479549 0.0369547102316233 -0.0578978378641614
0.0303998176647636 -0.0518233379388511 0.0563747261140969 -0.00957611751670405
0.0563682846049103 -0.035285743155816 0.0234674217199904 0.0253761199793176
0.0611091310925606 -0.0117950253904134 -0.0453234018163961 0.0269596612229923
0.0270211059020609 0.00167708705971621 -0.107275339800822 0.0435021420196984
0.0289041424783846 -0.00929190602771514 -0.0847220702940168 0.020127985346478
0.0175570178493739 -0.0192677227740666 -0.0762383964474871 0.00702023403844049
0.00190819673104104 -0.0209035566622248 -0.0683047633688779 0.00181506343913869
-0.00599477863091543 -0.0171485936503239 -0.0725960879257394 0.0125857139059289
-0.0130398583705772 -0.0103985056531489 -0.0659867914570297 0.0249833062346871
-0.0163081276933745 -0.0071939186100693 -0.0620068446975765 0.022851785122222
-0.0162831948071357 -0.0114860100025023 -0.0590918131979868 -0.000132554360894975
-0.0153698264343026 -0.0128250217308086 -0.0570151847534151 -0.0254092822926292
-0.0139851538521507 -0.017818119014298 -0.037557644205026 -0.0575732086773688
-0.00840245140089424 -0.0262061622023831 -0.00665852845756995 -0.0739353570295967
0.00680317785652169 -0.0316197067052958 0.040411323042034 -0.0584151442082558
0.0301661786786939 -0.0249782305211868 0.0503787611824795 -0.00798382333442636
0.0405329693785589 -0.00803260103414172 0.0131742806355827 0.0207985424247203
0.0324824587391039 0.00809524986284094 -0.0594310621579499 0.02085674710042
-0.00172405817563495 -0.0185065223536196 0.0739028069661871 -0.0291477279426855
-0.0147052350927147 -0.00565505314739092 0.000646369321165313 -0.0389174788414466
-0.0133893279900736 0.00518165693339488 -0.0513921375994611 0.00049789347021142
-0.00460171168416533 0.00608161752785404 -0.0545790581528397 0.0599292734618249
-0.00611156777486202 0.00325790091554592 -0.00475922152301185 0.083109069116901
-0.0052710834553411 0.00395544470667086 0.0396497665532099 0.0668902155476639
-0.00518381862256231 0.00610234716097687 0.0629370239317981 0.0383061870578261
-0.00943804626149486 0.00884513340706533 0.069150722665958 0.00447142857813715
-0.011850465969527 0.00880636289762138 0.067401079289135 -0.0158090806009248
-0.0157901473103017 0.005614079643402 0.0673517127536497 -0.0262631854807508
-0.0161637751390802 -0.0033459710763935 0.0741690187866278 -0.0176458241548893
-0.0115810004131191 -0.0111946413169491 0.0772012306947679 -0.00154447454034154
-0.010584879471392 -0.0145277885089335 0.0781341438491058 -0.00421774656519642
-0.00490577979447504 -0.0207086659849994 0.0892253047726712 -0.0109585404236127
0.00969593402816891 -0.0259704176774723 0.108263488657743 -0.0398063870295381
0.0322303114136975 -0.0265503867721308 0.0643577886366934 -0.0195885382046997
0.0120134173434965 -0.0191583550566164 -0.00162606418687182 -0.0339392605568427
0.00478687548099911 -0.011522846069495 -0.0559074332634759 -0.000235530439222716
0.000666783721042705 -0.0150179765800595 -0.0598020657036863 0.0565384042243376
-0.0138129966463937 -0.0158330930336106 -0.0140419145126479 0.0820731287602422
-0.0214559795572422 -0.00832895578119662 0.0308058630584255 0.0697441625825264
-0.0263798696463795 7.14765011755386E-06 0.0546093129085166 0.0417107123714925
-0.0336664230179678 0.00628098866724642 0.0611518818645262 0.00794357466212618
-0.0368719960252994 0.00635745839263219 0.0576912529679502 -0.0144995833774273
-0.0437445599427569 0.000887764329869277 0.0557565951700715 -0.0292370617641527
-0.0447449316805587 -0.0182554368696553 0.0624693989764855 -0.0276625202973537
-0.0290763492864166 -0.0392753675591681 0.0734240157828871 -0.0136539125680731
-0.00808002387999776 -0.0509298935515578 0.0785988583324966 -0.0105626542645708
0.0171625744173646 -0.0539615792088959 0.0828544975659224 -0.0100470630835696
0.0434296093858601 -0.0479262188368374 0.095433977753158 -0.0322672519020593
0.0635469403421434 -0.0310009737181709 0.0405725916292263 -0.0106926703697443
0.0415076102978844 -0.0313538058577547 -0.0124110933544922 -0.0327529173611088
0.0252788808904769 -0.0322403902717762 -0.0660577624097439 -0.00157686715604867
0.00557215900986935 -0.039233473998953 -0.0666765780848275 0.0524281997830885
-0.0213481082074422 -0.0360403823655124 -0.0229010602796528 0.0762146677581079
-0.0371177717737176 -0.0204317917614705 0.0193457436803546 0.0672211705457667
-0.044446038276267 -0.00630944393815148 0.0403137414518225 0.0420241248931122
-0.0532158712927208 0.00268096463923463 0.0452291996636593 0.0105173180127231
-0.0568742988535121 0.0040518471821084 0.0387867980213531 -0.0119534808294904
-0.0650673223914761 -0.00208647462595903 0.0359684477433385 -0.0313131383416503
-0.0679780988793068 -0.0267874010381557 0.0434954978120189 -0.0383786511806241
-0.0460473691765746 -0.0590858421753522 0.0659267553642394 -0.0280885597407896
-0.01116217662131 -0.0797568636774956 0.0779401781283908 -0.0157319125365006
0.0319092065140564 -0.0814923868751424 0.0753208768908731 -0.00513317980193768
0.0694308216244662 -0.0639954227531637 0.0725411818803638 -0.0199872592060432
0.0854253140262341 -0.0344882200498836 0.00608628651239962 -0.000828995241087545
0.0644660614446191 -0.0448330972557558 -0.0317502423910776 -0.0280887170440628
0.0414001513691027 -0.055382486092694 -0.0780253206306669 -0.000876032512956381
0.00481897453314811 -0.0625594758989689 -0.0704000269855223 0.0469198075288724
-0.0314963959965776 -0.0516793899940216 -0.0316555547688926 0.0660370401808745
-0.0499283493080891 -0.0276664771327442 0.00496550488863641 0.0595312613687363
-0.0567023310917766 -0.00913123450354561 0.020613156542562 0.0393971956360729
-0.0653640164810924 -0.000146122534795677 0.0220148848650973 0.0115125841730389
-0.0673075916084902 0.000494063152701645 0.0143524446743046 -0.0092674853300636
-0.0764490322940039 -0.00495469213201282 0.0113762005346609 -0.0328111308394664
-0.0797991613027456 -0.0313125370325245 0.0204716731732099 -0.0473966365551809
-0.0562246657485515 -0.0693222189952711 0.0542264845403528 -0.0421688751636637
-0.0128174427133032 -0.0953323297976713 0.0755893435921178 -0.0207233279977451
0.0418226227949234 -0.0953948354096502 0.0658149638481913 0.00435079585980088
0.0845437811046459 -0.0686241506001647 0.0431248423869226 -0.00186207393471751
0.0930151629108067 -0.0344481600056735 -0.0334059391509114 0.0118659730625269
0.0759760679068328 -0.0530481631871625 -0.0537293234451712 -0.0176723431117229
0.0476057871240064 -0.0708489307040077 -0.085639846304239 0.00266576823925993
0.000231825666222606 -0.0757827164518084 -0.0731699032231427 0.0362183104888088
-0.0387275102693811 -0.0591506464775585 -0.0438990605815958 0.0503060964195886
-0.0562859583181787 -0.0302968657139865 -0.0152589936663018 0.0486386833216948
-0.0611104035261369 -0.0107509909701798 -0.00382450314930415 0.0349458226380762
-0.0668980543034213 -0.00470571180021492 -0.00447824626104557 0.0106310167457781
-0.0672293509385412 -0.00449442128148231 -0.0113599229062408 -0.00813697348369961
-0.0745136366422735 -0.0109746465859906 -0.0119957219666603 -0.0332915165213873
-0.0760449170268604 -0.0361947126764599 0.000338819137152199 -0.0537315016241851
-0.0496615820053475 -0.0720351897606135 0.0432670427361967 -0.0511037354458826
-0.00232692763537624 -0.0950928866828295 0.0709865094189807 -0.0196638595673848
0.0520572647780195 -0.0909716315494675 0.055282372425646 0.0151368429154157
0.0891898864880007 -0.0600594872685418 0.010983918762028 0.0161536663364753
0.0840096555703623 -0.028891010105468 -0.0706727220756447 0.0275408105067027
0.0715507735184194 -0.0504178791157814 -0.0730931185018128 -0.00161867310128258
0.0432111992595892 -0.0688599988327201 -0.0864426458014216 0.0065291629822894
-0.00382669372656843 -0.0719961061788266 -0.0716394214784915 0.0228576659865092
-0.0378241218304203 -0.0540361313456144 -0.0574770503851954 0.0331419711586644
-0.0523407057308086 -0.0263434425826585 -0.0371567581261446 0.0383283112689621
-0.0558733286243429 -0.00964768581129803 -0.0288862083694527 0.0317169331331496
-0.0581815039914264 -0.00797950646500445 -0.02927989523606 0.00959028040039514
-0.0572571285026046 -0.0107668532732655 -0.0341636246425454 -0.0100571382346984
-0.0605304758590927 -0.0186034719932643 -0.0295906580006542 -0.0391143330846452
-0.0570079673641054 -0.0402158934200493 -0.0122529790364071 -0.060950362969871
-0.0296256330122025 -0.0679194363741201 0.0377760773005665 -0.057058959408734
0.0155844774076429 -0.0800813314818471 0.0654598256752558 -0.0159166228211998
0.0587064050486406 -0.068478935061111 0.0406124643194231 0.0231082967389831
0.0820114348216364 -0.0389727398529144 -0.0205379925587386 0.0275445774152233
0.0602858478612745 -0.0168116997436778 -0.0975697534818342 0.0407250834101885
0.0537535967889273 -0.0349237600331433 -0.0847306905430087 0.0145036173036993
0.0307989607488331 -0.0501602299989154 -0.0830677684707568 0.00939332055768667
-0.00351414426650199 -0.0509355362495534 -0.0710083290529073 0.0105502255658641
-0.0267757870748022 -0.0380396474753746 -0.0677880407786738 0.0204851320356351
-0.036857690512703 -0.0186605451896008 -0.0561114439039215 0.0311724296049057
-0.0396592793596065 -0.00783022514528429 -0.0504649785642136 0.0281235778113633
-0.0411457040787522 -0.0103775256411565 -0.0486790066670701 0.0066245243057306
-0.0394672565789284 -0.0141461688499288 -0.0507538619277591 -0.0161009295258561
-0.0389224430261566 -0.0222503686171734 -0.0398262182464027 -0.0480229945349792
-0.0319732277473239 -0.0376664628179335 -0.0148796533279137 -0.0687702104537101
-0.00690221648324706 -0.0539440202040821 0.0362081388183957 -0.0603585370461827
0.0292748010084984 -0.0543808973031635 0.0587550299346461 -0.0124054127405798
0.0558705525407244 -0.038491467172433 0.0252877790888007 0.0250470453096223
0.0626233303651966 -0.0139660515591175 -0.044866170692212 0.02991372355004
0.0278643012370901 0.00154622311490057 -0.109359362358297 0.0485775602419067
0.029404638235152 -0.0106926196313996 -0.0867368611020374 0.0235064659977783
0.0173012264087677 -0.0204351109666414 -0.0782130655783617 0.00993263290061084
0.0010976445988917 -0.0213272462760225 -0.071290860334301 0.00375899787453531
-0.00751785966758815 -0.0168698703618644 -0.0739852770387979 0.0155844740031587
-0.0137246551197589 -0.0103488127344787 -0.0671721965334001 0.0283133155064511
-0.0171997812897454 -0.00617106349608872 -0.0624561262700439 0.0263136640020241
-0.0169588455123625 -0.0110198405976875 -0.060416407986837 0.00265650247218849
-0.0163137224847317 -0.0130612971372093 -0.0589142121711076 -0.0233976753740786
-0.0148363565640334 -0.0176595097786896 -0.040717887093632 -0.0573542283870161
-0.00967091525876382 -0.0261345980933519 -0.00894097302584494 -0.0755499971149691
0.00552817691578179 -0.0325845192703437 0.0398072650975896 -0.0608144231023018
0.0304755570621815 -0.027030389447747 0.052355889653085 -0.0106424013342622
0.04111015678833 -0.00964409018270672 0.0140271404106185 0.0213149633989042
0.0335278800556528 0.0071171262661391 -0.0606515842321415 0.0237106488350597
-0.00287516415922315 -0.0186932261953409 0.0719123161837202 -0.034190288583012
-0.0154251516297137 -0.00469307518108179 -0.00279259090425396 -0.0402950053700605
-0.0131812305829942 0.00616354851289709 -0.051414241803572 0.00290848794116641
-0.00389034080040512 0.00593038927743895 -0.0513904544763906 0.0633535375661805
-0.00589019952573592 0.00397635684241427 -0.00069024404007021 0.0832712200047413
-0.00545420224084571 0.00468195774849307 0.0427175600962277 0.0633175110213145
-0.00524710788911321 0.00657462616929619 0.0645409071681181 0.0330674165404703
-0.00920796856762317 0.00950276441151562 0.0699400018363523 -0.000262769330737579
-0.011138352283884 0.00941532942240907 0.0664061922313728 -0.0216859895743027
-0.0150046762052435 0.00665078807133632 0.0660656945871037 -0.0306980410492302
-0.0170161818856126 -0.00203449708349831 0.0736426933351584 -0.0220970871692788
-0.0125980609992791 -0.0105940964890275 0.0776891366066212 -0.00574508318821088
-0.0112111532782255 -0.0136359787676586 0.0776580383681402 -0.00838638044409603
-0.00568896231654095 -0.0202083603390449 0.0886978587401577 -0.0155459046281842
0.00886148225314136 -0.0271073917234174 0.106342731792957 -0.0458036558850672
0.0298443162297881 -0.0279344276821832 0.0628810395812179 -0.0245120744603205
0.0108782137434151 -0.0196572641338854 -0.0033984830806841 -0.0356214971002315
0.0040622879687015 -0.0122268215295449 -0.0563596191090658 0.00211770223459793
-0.00021526883875621 -0.0148715311255744 -0.0574976443182127 0.0597899957245458
-0.0147032114859383 -0.0147567551567911 -0.00961691424654213 0.0821470250513912
-0.0222116420561824 -0.00682636254535874 0.0342535968336839 0.0666431341755769
-0.0265630627425339 0.00145874921480962 0.0571078075099491 0.0383247843432596
-0.033283435473009 0.00853002062723148 0.0619517314482651 0.00325108703593326
-0.0365643010607254 0.00962687494013976 0.057012271432922 -0.0191479847908546
-0.043595900284794 0.00371731316454313 0.054206113906419 -0.0328503757225563
-0.045966017433781 -0.0147767031213309 0.0608856144344291 -0.0315597264267312
-0.0315697333681573 -0.0373087760984332 0.0734690812055491 -0.0178907468395249
-0.0114773383733223 -0.0501069734114703 0.0780278291264704 -0.0151857946319264
0.0137118605108523 -0.0548716338119627 0.0822999675863486 -0.0148956418660341
0.0410555166271253 -0.0508474735958 0.0931519623095128 -0.0379577077785664
0.0612886290722968 -0.0351326769424181 0.0395715013712832 -0.0137968339572196
0.0390843281530733 -0.0343168127247954 -0.0145881018592267 -0.0338109687887638
0.023780162943201 -0.0334008473607062 -0.0670367537386016 0.00187814597080958
0.00309306421353068 -0.039035231085927 -0.0640683649566021 0.0564106135926136
-0.0237234152664549 -0.0340411537939415 -0.0188530796127203 0.0771208838184394
-0.0380272486513321 -0.017576417870511 0.0228760276162354 0.0650935643574062
-0.0442718392873587 -0.00333521261046091 0.0427588821331243 0.0391422553924597
-0.0527020363872358 0.00674486937675073 0.0452587624457442 0.00712931511613041
-0.0568105188665954 0.00778013518706828 0.0383581546935556 -0.0145699278974405
-0.0652248275919466 0.00257883665734807 0.0343927667799358 -0.0336827975058197
-0.069153590396129 -0.0219871318979671 0.0413829387264625 -0.0408583413661695
-0.0502301401243118 -0.0558009973652856 0.0644985677351414 -0.031924793842626
-0.015822746884994 -0.079099090877347 0.0772532313917394 -0.0209564489534111
0.0272033338341638 -0.0831917144015576 0.0743281957295625 -0.00947969085031555
0.065527555470505 -0.0686167907802212 0.0710774208407537 -0.0247381722515298
0.0826201328112142 -0.0397535283763326 0.00618318201915192 -0.00219883842379002
0.0615301195425123 -0.0489754210844472 -0.0330514761133055 -0.0280141142587723
0.0383368575070712 -0.0576388628209711 -0.0783957161448166 0.00369953620917754
0.000938489148464332 -0.0623424908761685 -0.0683222614241114 0.0505211434060785
-0.0350863542582793 -0.0493619678016656 -0.0282986795406779 0.0678935564717636
-0.0514568229166881 -0.0241440192696861 0.00820416543366204 0.0586660708381145
-0.0570035624453593 -0.00541938465263902 0.0227448013421865 0.0371643730869538
-0.0648840437775018 0.00454795543315988 0.0230105163470998 0.00928715724625939
-0.0674946850368554 0.00566986013260631 0.0138862271691086 -0.0102125069504713
-0.0765604964329975 0.00127253077487162 0.00971259503096984 -0.0332925908654893
-0.0823132472005858 -0.0254428176547081 0.0180202913558746 -0.0474626545202521
-0.0608558086698266 -0.0650297945643205 0.0519834511172915 -0.0453550166054631
-0.0182736778098309 -0.0946243522573899 0.0738615046687501 -0.0260602007076274
0.0363123672383471 -0.0981807379045377 0.0658809303298525 1.00382322591455E-05
0.080059782738852 -0.074972433917298 0.0426203526368032 -0.00458053889482592
0.0907428561604132 -0.0400848574410008 -0.0328155939549468 0.0137074476629862
0.0719582741925205 -0.0574657995587801 -0.0544332571845398 -0.0155354835350101
0.0438309431605881 -0.0733732814274426 -0.0849084885078275 0.00781430295570644
-0.00443985814571249 -0.0753394237304842 -0.0707113453282146 0.0402235517975214
-0.0428549046321835 -0.0560736986961582 -0.0412094089983858 0.0527074397327676
-0.0578554669288801 -0.0263328455203457 -0.012684108910582 0.0493628330883198
-0.0613732885441002 -0.00625316796894005 -0.00224563504075851 0.0351033703502477
-0.066776932082292 0.000313028402055362 -0.00352163355506374 0.0115482533794351
-0.0679553040429381 -0.00011684384404367 -0.0117167050727402 -0.00712989520760089
-0.0752293284483196 -0.00556062440282511 -0.0133926907885461 -0.0332090041281943
-0.077933154412248 -0.0308696290930557 -0.00285472899612745 -0.0526274694446338
-0.0540087642318789 -0.0687180661678463 0.0409827887276807 -0.054073687924286
-0.00772082517252046 -0.0948580621784494 0.0702951343113417 -0.0247952897660128
0.0464265210357132 -0.0936709046303373 0.0553281172855463 0.0119036349097462
0.0857158995316686 -0.0655912592762144 0.0117119262260898 0.01505777369609
0.0825672579942059 -0.0340682483719484 -0.069417470646738 0.0312634827961764
0.0682714572314802 -0.0548538742003276 -0.0726970785112752 0.00195958105601125
0.0389856233496507 -0.0715861372373484 -0.0863810158256524 0.011675412628979
-0.00859932848926412 -0.0709996913981969 -0.070989795317286 0.0264860803487786
-0.0417954924501108 -0.0507376672954726 -0.0549465582578119 0.0365972657412956
-0.0529991847399144 -0.0228601107146337 -0.0353391524054657 0.0408738879524064
-0.0548959368790462 -0.00621296586044851 -0.0271400782732354 0.0332611519529916
-0.0588445518982363 -0.00406254448900104 -0.0281977101686282 0.0114898155965684
-0.0575664715660603 -0.00712624982563504 -0.0349101513475544 -0.0074796505145038
-0.0616848624500164 -0.0138436625762967 -0.031771748891127 -0.0366152220880175
-0.0589953033496176 -0.0361137908716024 -0.0155817292057355 -0.0593625309608742
-0.0337593634322258 -0.0657889601107997 0.034399215216141 -0.0596118131198728
0.0109691093012988 -0.0806581815866129 0.0643294524154768 -0.020583178291341
0.0545414408895788 -0.0720782570228152 0.0416191560368819 0.0208441443440637
0.0795892920003373 -0.0443000296440439 -0.0186283862448722 0.0291175321378886
0.0591260019132706 -0.0205986578067286 -0.0946737344705728 0.0467148915078377
0.0508486177865691 -0.0382510152748816 -0.0839251937389607 0.0180099210625173
0.0283492349403716 -0.052005288092748 -0.0828883292696503 0.0142005218673767
-0.00706306766372434 -0.0505983589589288 -0.0704898207416391 0.0133897133486478
-0.029515276499232 -0.0362546851387048 -0.0670161396284068 0.0243358978605703
-0.0372007653883757 -0.0158240011270345 -0.0543298997189769 0.0349734898467366
-0.0395853371709388 -0.0054952699957095 -0.0486212557930793 0.031590011397217
-0.0417836539243774 -0.00794983996128153 -0.0481861791981336 0.00999043588167446
-0.0397571637686617 -0.0114935270150394 -0.0512960897802153 -0.011920431178625
-0.0403207276634656 -0.0187595811065477 -0.0420556683329645 -0.0452837738209739
-0.033533395123443 -0.0351643721121325 -0.0186743828195291 -0.0674918631449138
-0.0106137820039449 -0.0529111183226378 0.0330409030679349 -0.0625195939623724
0.0262057547797389 -0.0560277664392353 0.0583705980602999 -0.0166190134761234
0.0539061036678569 -0.0415731162726939 0.0264822319875258 0.0230748422940917
0.0621609957860962 -0.0185078838269095 -0.0433833519128665 0.0325412116252989
0.0274624919297561 -0.000461269819813923 -0.105718653584976 0.0550692157473416
0.0287366919830066 -0.0124793200910688 -0.0859213387011503 0.0286175667464394
0.0162451105379956 -0.021226596536002 -0.0777558096877994 0.0144603313459309
0.00012303205608186 -0.0209269733320675 -0.0699941822089303 0.00746377324705637
-0.00837283868629097 -0.0171195876535153 -0.0736820879142762 0.0195911464480855
-0.0137340405297392 -0.00859811903243303 -0.0652340594471996 0.0321134864793083
-0.0168006523847724 -0.00495172410238656 -0.0609215264721183 0.0304779260015061
-0.018516156501571 -0.0101254203300869 -0.0604530238736559 0.00746848152469466
-0.0172097977365301 -0.0121092255102915 -0.0600739403193967 -0.0188609102418229
-0.0159578845686219 -0.0163980811484341 -0.0441512525170355 -0.0539996703752649
-0.0114206956636619 -0.0252725280576535 -0.0137131781711704 -0.074591107176024
0.00355338351730463 -0.0328594107057773 0.0368329031643974 -0.063078868068547
0.0284860236953114 -0.0285796208808446 0.0522881883192315 -0.0137897797615416
0.0402084482483175 -0.0119612270036934 0.0149686620208042 0.020424880694185
0.0344501048206957 0.00543387752225039 -0.0588617926848055 0.028514631704075
-0.00400612077485922 -0.017593193709841 0.0664025165724314 -0.037440831474833
-0.0146256611149912 -0.00374825539734235 -0.00505966949461275 -0.0388890574303025
-0.0127363675009623 0.00689072796247819 -0.0497328150978636 0.00495797176256527
-0.00356776851247489 0.00625142712519938 -0.0461012969659342 0.0630209278226286
-0.00509320035128084 0.00390627657242499 0.00347155582252285 0.0800327032881246
-0.00512079510611341 0.00492475171388467 0.0432638878449917 0.0583600760433341
-0.00482691120732073 0.00602835202597473 0.0637166013980035 0.0276030475112168
-0.00822932864631088 0.00948617224929825 0.0671877441748181 -0.00550730945601337
-0.0100139378266747 0.00988752147247726 0.0627594465139141 -0.024790913384584
-0.0139649339089819 0.00723680613633722 0.0622514814874283 -0.0327343450566521
-0.0162486537113278 -0.0013890956156793 0.0693073594907472 -0.0249322985759478
-0.0125675002160766 -0.00947629021857338 0.0747450050771351 -0.00903973822296493
-0.0113235922019275 -0.0128232909860343 0.0739722582459003 -0.0117258232502384
-0.0063869448513389 -0.0194808972685079 0.0849589140223827 -0.018611806949001
0.00677586257152225 -0.0269455765268817 0.100088945729307 -0.0493262130959178
0.0272560628103998 -0.0288110143821617 0.0585519762929207 -0.027190292739166
0.00958217538578027 -0.0189600485954903 -0.0056651769776565 -0.0350164936718934
0.00339687793105016 -0.0118790779353927 -0.0546611484455602 0.00499942094851866
-0.000745160471392075 -0.0141256767387524 -0.0523994001084745 0.0603003769245274
-0.0146982471378645 -0.0133129690191305 -0.00551137715860075 0.0792568029664231
-0.0220006166973984 -0.00495007261547827 0.0356899867253401 0.0616029894783828
-0.0249980892378741 0.00273089025035613 0.0566907702614427 0.0325401991768909
-0.0321281981189072 0.0104957184206039 0.0601644524274245 -0.000789793179792162
-0.0350238058288406 0.0109472825972656 0.0538113252398486 -0.0216969659017488
-0.0414682013883466 0.00641505984622102 0.0503417467632933 -0.0349670864405643
-0.0452445434400853 -0.0113373169569955 0.0576486428832399 -0.0332885375245051
-0.0321681285404856 -0.0343930269591289 0.0692987658853173 -0.0210162360174113
-0.0133529549553581 -0.048037046764491 0.0733531597364712 -0.0183438053866474
0.0108736773542245 -0.0538132599054878 0.0782439812237924 -0.0174319437448152
0.0367258088269683 -0.0511375873889752 0.0877761257222407 -0.0417963882426568
0.0566652821001404 -0.0361760872218815 0.0372860192825295 -0.0159953292659285
0.0355826130037613 -0.0343265542178208 -0.0156473053855341 -0.0328677461600033
0.0214635245675715 -0.0337734338736216 -0.0650132487091497 0.0043484077385
0.000905223030910253 -0.0374145941769775 -0.0587433356137332 0.0570849640024411
-0.0242375813938098 -0.0313126924646478 -0.0148230335403489 0.0747799910638082
-0.037255228554827 -0.0144784793481482 0.0249364871323994 0.0611050223453732
-0.0426295185430222 -0.000907709315280681 0.0426131159096602 0.0347501124396438
-0.0507259544761531 0.00947163093450672 0.0445500336761039 0.00394458928039482
-0.0539132191073063 0.0108614505247205 0.0360313343465302 -0.016109725538962
-0.0627200079737396 0.00688336763883388 0.0317773776265114 -0.0345516992601079
-0.0682586714333352 -0.0170763929144718 0.038293130324632 -0.0411732511960138
-0.0511756615900981 -0.051153338373243 0.0613053014753601 -0.0336398565629408
-0.019033706712863 -0.074920224972158 0.0728898072893265 -0.0243337687215097
0.0224302887462479 -0.0811526540108834 0.0718426361080592 -0.012148332099013
0.0594377424261526 -0.0699216111687479 0.0662001023586147 -0.0274995433278252
0.0774451826929859 -0.0414614686953428 0.0053783905922761 -0.00346983538405652
0.0561750937593907 -0.0492480171638098 -0.0333611098257937 -0.0269804104537708
0.034153700616919 -0.0569186050614118 -0.0746447619785 0.00736670768027735
-0.00269208697198105 -0.0595579110651557 -0.0629108806460003 0.0519074445572584
-0.0362088665696899 -0.0450207098906923 -0.0240993062938428 0.0659954948214522
-0.0500174649875328 -0.0204677743300763 0.0103037380403754 0.0555971035495731
-0.0547164117370881 -0.00187533518337228 0.023508941550121 0.0342870954851261
-0.0620203995782444 0.00851964522232695 0.0226504726332515 0.00768219292685048
-0.0643409918496319 0.0097850018789217 0.013265808298262 -0.0112838765272335
-0.0728328552808436 0.00599787883897266 0.00843939248594409 -0.0325205555817349
-0.0805455737510811 -0.0193081372640132 0.0153417051569975 -0.0459541478362553
-0.0615213546003882 -0.0586911668885077 0.0485500106311885 -0.0462330918147026
-0.0220960959249733 -0.0895401629619963 0.0695423224568576 -0.0291130711276129
0.0301604758995448 -0.095523761913698 0.0633381377348184 -0.00306808632743764
0.0730640465492267 -0.0761177975168261 0.0404295271440223 -0.00667376466588611
0.0846296975475583 -0.0425017684728643 -0.0310963330250742 0.0136558713657885
0.0659889439905064 -0.0583698804183605 -0.0529405083974574 -0.0137189286631034
0.0382368618272804 -0.0726955339775701 -0.0817602128251099 0.010967184444761
-0.00868473501723305 -0.0719728110100922 -0.0665208163826245 0.0416355177251683
-0.0438973531559797 -0.0511416764531901 -0.0374294089607903 0.0526155077798469
-0.0561522415373938 -0.0215380613008846 -0.00971722123494797 0.0477921219294014
-0.0592398209164015 -0.00272969655680082 -2.0363597038701E-05 0.0334709249498045
-0.0644350164790074 0.00433737646784351 -0.00232764671596769 0.0111694935464433
-0.0651499839272596 0.00351723419830435 -0.0110550078957182 -0.00645505615931723
-0.0717405071519579 0.000147549050301625 -0.0139483438371559 -0.0310426428149353
-0.076236421069725 -0.0247381144594888 -0.00483214156488409 -0.0497979579082748
-0.0552342040678289 -0.062741410157818 0.037192737041513 -0.0539708629186945
-0.012358949924154 -0.0909158831201246 0.0659649017999213 -0.0282795703333896
0.0398858663012486 -0.092311103876369 0.0537877377234443 0.00838948212986176
0.078644179302017 -0.0677873387092924 0.0120005168519974 0.0140699035052886
0.0767798723806475 -0.0361508747441041 -0.0648099172016608 0.0328525726658914
0.0621359757638649 -0.0555714735917103 -0.069410886233469 0.00478351146482245
0.0346217133497909 -0.0707316236448287 -0.0828425356391239 0.0154936372673032
-0.0119269269602552 -0.067374563447649 -0.0676430533878096 0.0281233130685893
-0.0425800366650777 -0.0465340173094603 -0.0517547148078116 0.0378758200613865
-0.0518003174684997 -0.0191810230606896 -0.0319678645422994 0.0407374149023225
-0.0525779861286125 -0.00230677090183513 -0.0238427539754534 0.033211913445196
-0.0566631560872758 -8.80614224563742E-05 -0.0260541885050316 0.0128906193747277
-0.0560370521044247 -0.00353304850896234 -0.0334541565786321 -0.00523640990868352
-0.0591223401845603 -0.00909524280127155 -0.0319874490101847 -0.0337261121992486
-0.0586713340173726 -0.0308658314111907 -0.0172186695840371 -0.0553765740364502
-0.0358317048433206 -0.0608116408453455 0.0304111339652879 -0.0584692426568129
0.00659903544108783 -0.0786935768839832 0.0614977903228869 -0.0235505855988052
0.048599204774785 -0.072138320378164 0.040688134156331 0.0176109524323073
0.0742113439866957 -0.0466586272115471 -0.0166012803875303 0.0287531360096784
0.0552350067854124 -0.0222345519681647 -0.0884611082239346 0.0494472089337902
0.0467787926117172 -0.0394450353111217 -0.0797481304079541 0.0215777366671247
0.0248587421380373 -0.0511451767536229 -0.0784438589044746 0.0172266348268674
-0.00944672720192542 -0.0473641703202328 -0.0676231664924334 0.0167994922172037
-0.0299952893845114 -0.0328080403905921 -0.0634608852820071 0.0265056600896519
-0.036329315737322 -0.0131167914687337 -0.0508008675907647 0.0357251459250683
-0.0380608267571936 -0.00240067369167243 -0.0445295139966228 0.0333697798282254
-0.0406703239462796 -0.00463583400864512 -0.0459047554492754 0.0131637311445447
-0.0391187475697672 -0.00887796060282039 -0.0497424056529049 -0.00825556387117602
-0.0390432397170274 -0.0151495550491909 -0.0424225829286652 -0.0407979302444394
-0.0340724629765385 -0.0316584857515097 -0.0209956667009656 -0.06289490879698
-0.013105310409073 -0.0498513734927758 0.0289957553672184 -0.0613391268403997
0.0225040198530526 -0.0549988927962599 0.0556214934710957 -0.0196572806120441
0.0493393924039495 -0.0426489792754963 0.0267615707065871 0.0210707472321657
0.0580405755276689 -0.0208502213776976 -0.0395802864881438 0.0338181676218877
0.0262507270922565 -0.00197758922839342 -0.099706511974388 0.0581095207339873
0.0268695487153056 -0.0135347604588452 -0.0809350987123408 0.031178323411928
0.014800783544583 -0.0215162613315898 -0.0738458236334348 0.0174640032757482
-0.00117787510973309 -0.0200167709411324 -0.0682052186798735 0.0100651441146708
-0.0091679453687846 -0.015068209683726 -0.0693691339806188 0.0229034591715416
-0.0132951501875157 -0.00794139990615651 -0.0612527152597241 0.0347399882915979
-0.0162756759830666 -0.0033893847157527 -0.0566373846838091 0.0332928355284154
-0.0183988878283632 -0.00821042742506484 -0.0574489259828953 0.0113511977217377
-0.0174531937094283 -0.010478456821549 -0.0582969458043637 -0.0144854958659563
-0.0156803741368721 -0.0148361565813446 -0.0451427845303094 -0.0491089031995898
-0.0122890345663824 -0.0236513793226981 -0.0165220965029708 -0.0700728675086675
0.0015602538438989 -0.0312601382958781 0.0315612066310787 -0.0624593817080654
0.0262979516341966 -0.0294821083974398 0.050156059005857 -0.0167806873077462
0.0383282511247595 -0.0135099536446226 0.0157042445597683 0.0190325710152569
0.0332084391830825 0.00344503927259228 -0.054784747202453 0.0299218184222732
-0.00177456583827115 -0.0161941549095432 0.0659571275868441 -0.0284567563265787
-0.0129194588191288 -0.00509618100447437 -0.000933122964211804 -0.038045489656485
-0.0124248302055692 0.00472570523271219 -0.0476639741020414 -0.00197589286303048
-0.00419131355902952 0.00475468715960715 -0.0498051690017123 0.0516957975525443
-0.00559415213748657 0.00303794356447856 -0.00626590187352387 0.0736649608653606
-0.00586328947029775 0.00321592532797888 0.0327716382050163 0.0584229917016692
-0.00524045896009834 0.00487425215610143 0.0563105030404035 0.0324633856630017
-0.00904347009495686 0.00762336899200663 0.064048058495132 0.0020164961101939
-0.0108744391655557 0.00754246407601851 0.0626211405226493 -0.0161282632546446
-0.0142879402529789 0.00534517671479387 0.0631895984249861 -0.0239901249773757
-0.0165828336160496 -0.00354301884494881 0.0699445870011592 -0.0143392867445204
-0.0120339460420379 -0.0108692746666335 0.0735245781684327 0.000295734709722379
-0.00989597257323254 -0.0141755082269507 0.0722092767051313 -0.00161792044971706
-0.00406985322160416 -0.0196343110913452 0.0841527072846947 -0.0063295412559791
0.00865859011547524 -0.0249062276361499 0.102887818662831 -0.0347977832557694
0.028465069623473 -0.0227804786601574 0.0591361966124532 -0.0183213939083109
0.0112310815187201 -0.0158900162010676 -0.000561792320212581 -0.033972268593194
0.00509350828634172 -0.0101407064504203 -0.0510837514722348 -0.00231979725016358
0.00113742274236709 -0.0135182282653203 -0.0543082163699531 0.0489449987338829
-0.0118449221682392 -0.0141519974342277 -0.0135457824395571 0.0719317170669135
-0.0198127308796665 -0.00786344590966532 0.0254825576033831 0.059988160150353
-0.0237196399359942 -0.000560625242723774 0.0494280217871719 0.0359000244903418
-0.0317421285289858 0.00611453760618345 0.0567137895942037 0.00561942353917412
-0.0344268307729189 0.00633904443649764 0.0537735320355715 -0.0144725008823801
-0.0401233799099302 0.00121655405326194 0.0533721114206689 -0.0263022086737133
-0.0422069506087775 -0.0162431596695704 0.0599873312725984 -0.0237591418487432
-0.0274716190717912 -0.0365241448433217 0.0706590560980238 -0.00981211164977793
-0.00776169366732526 -0.0476482827480115 0.0724054694211386 -0.00639586376103205
0.0166549465345196 -0.0498375690312325 0.0771169926773209 -0.00510564862326891
0.0401929535044285 -0.0452963762398482 0.0892522960037559 -0.0276143779202846
0.0565354759892792 -0.0259650000078379 0.0398247712732553 -0.00949560507829343
0.036862472307049 -0.0260824633071428 -0.00845371466380597 -0.0332552177963921
0.0243665422554112 -0.0280540015544105 -0.0580499956680105 -0.00275088773205709
0.00640508931489985 -0.0347649418750978 -0.0592106190761294 0.0449630011401574
-0.0180357042838728 -0.0322518466892988 -0.0211988581013024 0.0664837132224889
-0.03259917188478 -0.0186805526007858 0.0163719871933673 0.0573952866960608
-0.0397509678910542 -0.00632168293142008 0.0363013203730096 0.0364396976890094
-0.0492101761273038 0.00335424123195923 0.041564950419698 0.00864713000226224
-0.0522513086712586 0.0039837854522923 0.0375307825141446 -0.01132147390868
-0.0592434053510843 -0.000722759637226694 0.0362017029902416 -0.0284318767550818
-0.0623968526496888 -0.0240030157741414 0.0439465695528553 -0.0324634064204881
-0.0429151214548242 -0.0544117549157766 0.0638100245649592 -0.0237746638155376
-0.0102806728846562 -0.0744585989867071 0.0719023524405242 -0.0116779601936638
0.0304447420842398 -0.0748462566436697 0.0688067453647072 0.000482695342875116
0.064564575461415 -0.0600206245260881 0.0664893568822042 -0.0148491409149515
0.0755348075178358 -0.0286618108414963 0.00961369594386308 0.000752585545328529
0.0578102024695568 -0.0377721237502986 -0.0247581181741274 -0.0286539994258851
0.0387252877042322 -0.0477709190627583 -0.0669082982900508 -0.00138603572771358
0.00594195359069399 -0.0557687291721289 -0.0615568362427089 0.0396440143736013
-0.0268871741845819 -0.0470470345359341 -0.0280051534072263 0.0567922932920438
-0.0434879093856515 -0.0256588088232674 0.00359650427358949 0.0498317848869922
-0.0511005191771167 -0.00829258643233051 0.018344438825515 0.0339620938975171
-0.0595757849875062 0.00104516105358002 0.0206186251763022 0.00966251901310509
-0.0623524598667666 0.00144291872430766 0.0151878427301477 -0.00860431120445607
-0.068861646622281 -0.00249112676624561 0.0138200333054367 -0.0291061104973045
-0.0734554153255012 -0.0275912918874989 0.0228748247524392 -0.0395259453881375
-0.0523448737631515 -0.0626363173855237 0.0540874513600813 -0.0367201451425828
-0.011896348408489 -0.0885706807813068 0.0699178590696593 -0.0165310641930895
0.0390816035881275 -0.0877331879212234 0.0599947782797853 0.00879392388560515
0.078359970496748 -0.0649062999978171 0.0380458006662893 0.00254579075974961
0.082747076698201 -0.0285762906326195 -0.025655910991225 0.0134332689643036
0.0682062307827574 -0.0449911502678092 -0.043668462502094 -0.0186353262851538
0.0452352909152465 -0.0615842759802279 -0.0723698604355589 0.00162684847229855
0.00233535440893853 -0.0672308513060189 -0.0627724559359218 0.0297480341279574
-0.0330803382775814 -0.0535965427318535 -0.0379348040478785 0.0423695897961132
-0.0489141770579844 -0.0274473038821043 -0.0142289389559348 0.0406432516674208
-0.0545742023666288 -0.00963299207427327 -0.00288222168825894 0.0305904017833043
-0.0614345481578011 -0.00268848892404955 -0.00378143528603092 0.0110121913693921
-0.0618526587616591 -0.00392381356501179 -0.00858767201061003 -0.00661494286028084
-0.0670933287821884 -0.00844461308305328 -0.00782634458038511 -0.0302966412340418
-0.0689429620659952 -0.0313809952420986 0.00480273669338307 -0.045469061634475
-0.0453453554221281 -0.0655379450265085 0.0442150947082502 -0.0454339183390559
-0.00231134823295884 -0.0884057086889189 0.0655625078874945 -0.0162358687665791
0.0479155004521325 -0.0832347766344681 0.048448188725705 0.0184396009610511
0.0831984382029199 -0.0559538706155503 0.00790658229287042 0.0190404340633248
0.0745823350303497 -0.0237173659028395 -0.0587670875229568 0.0267922477648154
0.0641045459144345 -0.0426330794380594 -0.0614968733582334 -0.00381280675782374
0.0412292029066023 -0.0607959297315362 -0.0737833989824483 0.00426621396058699
-0.00116681527981081 -0.0639445124355035 -0.062692746168434 0.017135240858531
-0.0330365617676609 -0.0492044085875521 -0.0490985877864668 0.0274984194789442
-0.0448367654661678 -0.0245669144060728 -0.0339638766906918 0.031813888375503
-0.0489191787181803 -0.00841917232777482 -0.0257086369879883 0.0279709539044376
-0.0541159492506754 -0.00661490209347774 -0.0264242863983629 0.0100257740448794
-0.0524363492503816 -0.00955329291341581 -0.0302817736527199 -0.0080135442343103
-0.054211834695622 -0.0150688948948821 -0.0241005320211278 -0.0344013397582425
-0.0514321679529245 -0.0351877074427858 -0.00768322923027769 -0.0524999150982513
-0.0268442514284863 -0.0614707633643735 0.0377965389062476 -0.050801074782006
0.0145183821457143 -0.073834312013014 0.0605654076523928 -0.0128088901404238
0.0539859200826735 -0.0626282667676235 0.0348658878926405 0.0250948428428719
0.0763362160921568 -0.036148126840991 -0.0212163890353076 0.0287812815125383
0.0535147378350375 -0.0135572027585309 -0.0845285432178709 0.0381903565392076
0.0477646023964743 -0.029633381329053 -0.073338447522484 0.010808096213596
0.0299959375559154 -0.0442553407878686 -0.0714280375488883 0.0071122599741359
-0.00217036933636253 -0.0454506308415275 -0.0619180660663823 0.00645872172440236
-0.0232382679733218 -0.0349707455321758 -0.0602050209068584 0.0162981699587295
-0.0310603399042608 -0.0175393977683401 -0.051273312508188 0.0263234385339224
-0.0344437658881045 -0.00679910466852209 -0.0446327785164963 0.0263993992761528
-0.0384071383300343 -0.0088591402166024 -0.0447053702274709 0.00759295281633284
-0.0357060663269866 -0.0125522118231519 -0.0454133900892673 -0.0128723993603541
-0.0344229397552384 -0.0186907444797739 -0.0341841996411024 -0.0419077545291155
-0.0282583606508393 -0.0328576039632908 -0.010839869128046 -0.0604923762157171
-0.00706834819072309 -0.0479143196007733 0.0354716524064707 -0.0538726180958908
0.02654871071751 -0.0503783010032921 0.0544883999010467 -0.0101652431047811
0.051790087262539 -0.0346009879276995 0.0206535602023094 0.0253452781531821
0.0588796611930408 -0.0128722216838992 -0.0439756041617606 0.0300396004487662
0.023829953080818 0.0016228860641476 -0.0969464459798488 0.044312368771349
0.0257685007159962 -0.00873571535251693 -0.0766154797355514 0.0208847688452118
0.0168399970556104 -0.0176862854699458 -0.0685145775386976 0.00798652949253239
0.00137243360073013 -0.0188982053964613 -0.0631085116431052 0.00159982584658048
-0.00659451471288953 -0.0157808601785795 -0.0660540599372701 0.0126313011539909
-0.0100899982251101 -0.00930848212446532 -0.0604944105024804 0.0251282754484647
-0.0144117942710739 -0.00521336918156143 -0.0560580450581657 0.0251528045076725
-0.0167440795391002 -0.00978577942463113 -0.0554164491507842 0.00427888178215098
-0.014785644924571 -0.0121324352584408 -0.052902353883039 -0.0194349968975116
-0.0127884629241349 -0.0154737978076579 -0.0363016991516724 -0.0506407651035054
-0.00825008971364207 -0.0229047101855267 -0.00685288095371511 -0.0666116514672863
0.00450393047006523 -0.0286113999320975 0.038901570163656 -0.0545822789470632
0.027477553581523 -0.0252228144820058 0.0496814474667825 -0.00912822166067167
0.037944065797631 -0.00805205566173305 0.0107561756568588 0.0205640661699
0.0322086243844134 0.00688416676936211 -0.0569743005564885 0.0237044939603695
-0.000973471575174336 -0.0150363475765044 0.0636583912817654 -0.0269464240585158
-0.0124665810824377 -0.00503175238635228 -0.000372064474354094 -0.0373505131645184
-0.0117705869581649 0.00402141575129888 -0.0460260196923436 -0.00372160864465868
-0.00392611098410995 0.00442324930647346 -0.0498933077656571 0.0487839851930819
-0.00548666752128295 0.00313056332516822 -0.00835627616739705 0.0705695616677286
-0.00586569880898629 0.00365288165837588 0.0291420964668369 0.0564443260276544
-0.00551215870246023 0.00428084648479786 0.0530201066183333 0.0320014551464671
-0.00918470307625684 0.00765652548008911 0.062099930080531 0.00214561286904123
-0.0103832341342352 0.00739998137312729 0.0610205505004216 -0.0151628052863486
-0.0137851667782642 0.0043925732687389 0.0614854032334104 -0.0223478424896746
-0.0156806521375074 -0.00379212899984201 0.0678355069349093 -0.0126066265445786
-0.0109382177457827 -0.0110791318642199 0.0707187658769619 0.00260845443517421
-0.00914035075172763 -0.014145257437488 0.0694903561619178 0.00147690035434122
-0.00283001517286515 -0.0191066718491909 0.0815577348654657 -0.00341956582421341
0.00865541997408516 -0.0241315327800372 0.100486236449637 -0.0313975015481592
0.0280354867682708 -0.020735108750466 0.0566295622627199 -0.017739898253917
0.0109532516297197 -0.0149527338576614 -4.90487774535777E-05 -0.0339879650002928
0.00531311903781498 -0.00947663926221492 -0.0491289462005904 -0.00414258016637908
0.00145386734239513 -0.012716762023025 -0.053691794210992 0.0455930788377361
-0.0109850910133319 -0.013365476252197 -0.0151183478276809 0.0689311947480978
-0.0191160596293592 -0.00774651960743556 0.0226154339263608 0.0582294790626732
-0.0233322400127464 -0.0011102212949973 0.0463078443487504 0.0349781682653243
-0.0303056650561952 0.00528066790964674 0.0543470858195764 0.00542028293577228
-0.0330656210556369 0.00568725184587649 0.0521626332149251 -0.0131948790309839
-0.0383923881844914 0.000533411487900178 0.0521999692639406 -0.0253261963147353
-0.0401163045833996 -0.0164706656197601 0.0592697847339849 -0.0212976033532031
-0.0253380304008342 -0.0357445428814132 0.0686841221710083 -0.00815192370051883
-0.00627880154255354 -0.0461870109104736 0.0695148172592436 -0.00393619098362401
0.0169397165076959 -0.0475862854416463 0.074559399252109 -0.00165861318615213
0.0398275537526287 -0.0427819399817777 0.0865372373559627 -0.0241418341516813
0.0548934415875416 -0.0235082808068065 0.037951469185146 -0.00866617285278342
0.0359497533514268 -0.0241100899205256 -0.00823708634666607 -0.0327657177477117
0.0244959234465363 -0.0264636482924218 -0.0563863508288288 -0.004654439982382
0.00678326899049754 -0.0329699731841469 -0.0581145002770866 0.0418641336057828
-0.0166854517402313 -0.0313373424320085 -0.0218320096475318 0.0635432555378698
-0.0306358418433432 -0.0185177689909965 0.0137579803938177 0.0551605766976087
-0.038192263112707 -0.00676470815693234 0.0338642040487246 0.035117308913009
-0.0473593979215055 0.0024961557210569 0.0398825085346319 0.00819486974713777
-0.0504924451794666 0.00289447216483353 0.0363204336461181 -0.0104355034088339
-0.0572449218896596 -0.00182920643365333 0.0350788342893997 -0.0271418713808655
-0.0599215322365963 -0.0239797401307933 0.0439240638361371 -0.0303951038451894
-0.040390550446251 -0.0531475673338903 0.0629324073983088 -0.0208785075637752
-0.00827309861319496 -0.0715429684586551 0.0692907999876235 -0.00945888177234413
0.0312734901642156 -0.0716521047310539 0.0658472568141505 0.00257330243967023
0.0632597787660183 -0.0568475391110657 0.063784291269879 -0.0129960449359859
0.0730493095172268 -0.0252956345832883 0.00923368728439379 -0.000302334099892202
0.0564968899007704 -0.0347328152515104 -0.0228390658772164 -0.0297402237637364
0.038992655483678 -0.045288333321799 -0.0642770145295855 -0.00390745899701298
0.00711576062273754 -0.0527606595166976 -0.0606482201884416 0.0363635293271467
-0.0246206925409627 -0.0457844166624886 -0.0285710597886208 0.0537398235656601
-0.0414210621342512 -0.0254358441565447 0.00176928234005638 0.0479167583355635
-0.0490414598320066 -0.00912904399910027 0.0174562596553305 0.0324134512898752
-0.0576487545665723 3.68520491775346E-06 0.019556906641769 0.0093011602216505
-0.0598907488461734 0.000962152470316418 0.0150777762113192 -0.00826515094757218
-0.0662348119892043 -0.00355980213883704 0.0143788936018477 -0.0286669206759585
-0.0701406285951875 -0.0267141855188355 0.0242627219046547 -0.0377857959294423
-0.0488384240179019 -0.0608243467615087 0.0527551988416431 -0.0338614119277722
-0.00918428378022088 -0.08580085104957 0.0675195736067155 -0.0143890718057812
0.0394092607671442 -0.0839165841692361 0.0575784120392636 0.0102846995748834
0.076409655941536 -0.0610431862689982 0.0363665363197755 0.00348576918701069
0.0803484127681531 -0.0254342596753765 -0.0247208456995154 0.0113277532922597
0.0664989736383499 -0.041610612976021 -0.0416174784476888 -0.0202312176512769
0.0455435209730774 -0.058366299429955 -0.0694468718013426 -0.00153182961005586
0.00367272481115202 -0.0643742387875901 -0.0618143619797921 0.0265409784587728
-0.0315901312030492 -0.052183046711646 -0.0378283027130805 0.0401267194501155
-0.0461891975620534 -0.0277056672165023 -0.0150457367627001 0.0383850399356687
-0.0521732451778038 -0.0100422417320877 -0.00349140035398736 0.0288737683038977
-0.0592611622863116 -0.00345100634209573 -0.00391806529375614 0.00999608375828559
-0.0596620318147326 -0.00444949900787331 -0.00828844420830347 -0.00651968327059239
-0.0642703683894111 -0.00879149400489058 -0.00678100468622008 -0.0294247678888301
-0.0654043443436447 -0.0312025528242351 0.00635013044736695 -0.0437343555421481
-0.0427612408946077 -0.0635415483448674 0.0437640682165274 -0.0426874811942425
0.000155299787894966 -0.0849792589411004 0.0637170464512574 -0.0137885308990219
0.0479771210311781 -0.0788818875574452 0.0461679930157382 0.019599095050142
0.0809969863715541 -0.0523457776688558 0.0061859298241155 0.0187826743057601
0.0723016766828959 -0.0202783962743664 -0.0575560958320439 0.0236303183229361
0.0626344675152865 -0.0393325716167686 -0.0589024299179515 -0.00568541440923522
0.041440496253629 -0.0576271432259529 -0.0706540782250856 0.00237647899478566
0.000468100649508314 -0.0610881942593964 -0.0611039363396761 0.0142411226216755
-0.0306103540100907 -0.047475629662549 -0.04931153165209 0.025029828015697
-0.0426431343566508 -0.0246047892065363 -0.0333156689462165 0.0297296733883182
-0.047162136947243 -0.00913109553291953 -0.0252782556095563 0.0267695961986514
-0.0521394588805506 -0.00662365829469426 -0.0254085710725867 0.00928509929762206
-0.050305513810674 -0.00983897846261493 -0.028737641849003 -0.00834795937499234
-0.0514608209221324 -0.0149941139785951 -0.0224943045587542 -0.0337808350562445
-0.0482728401801846 -0.0343959376670846 -0.00540925173014868 -0.0501534792142677
-0.0248840681896107 -0.0592699352722386 0.0376308163229326 -0.0480438366078026
0.0158193750116365 -0.0708096638425597 0.0587850673392037 -0.0113613909387923
0.053582137592997 -0.0591258082168615 0.0328230276377411 0.0256659667443821
0.0740697770709522 -0.0334665094217603 -0.0211320421670965 0.0281115641135558
0.0516474232149146 -0.0115803107284792 -0.081983497233933 0.0344319472719289
0.046831525822992 -0.0273260676533304 -0.070198298438019 0.0084618989212293
0.0301623444870869 -0.0418206916610517 -0.0681781320652763 0.0048146463775417
-0.000930432931488257 -0.043440573212107 -0.0607759026928965 0.00386806216361206
-0.0219228052399266 -0.0333993999021892 -0.0587006529590592 0.0135153712882228
-0.0294209677391811 -0.017293882121053 -0.0496668964835963 0.0242910654840853
-0.0331818340862071 -0.00696556251507112 -0.0431287709703302 0.0245839989092501
-0.037123729928201 -0.00863432385890868 -0.0431202980159415 0.00696321249877298
-0.034136662890655 -0.0128301087350749 -0.0433604552784289 -0.0122680915544619
-0.0325754811884395 -0.0181819527144199 -0.0317113715018681 -0.0414025528627548
-0.0262633651636326 -0.0316664116060217 -0.00857399908815927 -0.0578875135047094
-0.00568027263459384 -0.0458328574470487 0.0356093291381535 -0.0509352706053647
0.0273069088099965 -0.0480043617554459 0.0525617621312792 -0.0090089677034562
0.0508069359522401 -0.0320266651674478 0.0186360797740146 0.0251663279634786
0.0565050635051391 -0.0115578600647321 -0.0433341263174382 0.0283736194828774
0.022674919832878 0.00186052965192456 -0.094927727345864 0.0407640691925718
0.0253143594385099 -0.00780130121167325 -0.0746005753724217 0.0178294228986563
0.0171350655054282 -0.0167102143824587 -0.0660978345658735 0.00558308523356107
0.00222392326244038 -0.0177629938840072 -0.0610599113371166 -0.00111588608394875
-0.00569240596623121 -0.0151680028160063 -0.0654884585293113 0.00965489966630528
-0.00903281482717323 -0.00902963645047701 -0.0593952110937025 0.0227876122766615
-0.013457011208994 -0.00532388496851253 -0.0546034013162002 0.0230293119894073
-0.0159755856814257 -0.00976934543738541 -0.0532891122143705 0.0044806328971201
-0.013946326466199 -0.0119969081910945 -0.0500872648237615 -0.0191163648161313
-0.0119800383559969 -0.0149310207340559 -0.0338329769210463 -0.0492837549114821
-0.00744021538951207 -0.0217714612072994 -0.00451015416711438 -0.064263660696643
0.00487082101957413 -0.0271718103919231 0.0384942555914818 -0.0519185547589532
0.0272708096032288 -0.0236459691063483 0.0480078816347475 -0.00750477028552669
0.0366331105431971 -0.00746254167787987 0.00984349008860957 0.0206770638871791
0.0297159106823138 0.00758878733001261 -0.0550268395627148 0.0218582922054228
-0.000996262844954825 -0.0157273174434286 0.0642624554894417 -0.0244830347314488
-0.0119942998449829 -0.00540828391967141 0.000258533645017881 -0.038111190624043
-0.0120931575468706 0.00396215306931518 -0.0469252232677302 -0.00606345500062705
-0.00400011867735208 0.00427799240030829 -0.0521914857184259 0.0467714805409493
-0.00552403496553877 0.00279075087696197 -0.0112876966032207 0.0705177366335734
-0.00582943109807632 0.00357460543997123 0.0263607343995121 0.0576897940329667
-0.00619686753175176 0.00440767894521811 0.0513636014147905 0.0335016424826504
-0.00930182980659171 0.00735009711791449 0.0613523207500833 0.00334993888089654
-0.0104314725746826 0.00696397732031779 0.0615034243382672 -0.0134048430094303
-0.0138362810069743 0.00444075242047058 0.0623862618037466 -0.0202777967203831
-0.015500819345029 -0.00358080167937767 0.0688388292082277 -0.0102874926522656
-0.0105617260710531 -0.0113741115782758 0.0712853580344424 0.00559759464660225
-0.00833259641587999 -0.014714748811752 0.0695464732389742 0.0049249245813638
-0.00179085944337675 -0.0193264874494639 0.0820485173803076 0.000351573595029936
0.00960799283919818 -0.0238404980734353 0.101611495485601 -0.0276833928270014
0.0289687705258142 -0.0197601094084011 0.0571348360387519 -0.0155808235817648
0.0119697340051956 -0.014367591836987 0.000537761206750253 -0.0348771464399674
0.00574451659824283 -0.00933308172984136 -0.0493938330933868 -0.00605667632369092
0.00225464556464341 -0.0127129635917483 -0.0561282347271473 0.0435761796574288
-0.0105979935422975 -0.0141240613081188 -0.0185173262549769 0.0680211074389774
-0.0184365478961414 -0.00827556424531677 0.0200300785371746 0.0584350884358092
-0.0237413621732256 -0.0022775583464294 0.0445152623003806 0.0365979089293906
-0.0308018166681453 0.00433328256011135 0.0543317278047276 0.00668896475019764
-0.0328270814768911 0.00404793732528443 0.053188235985423 -0.0118795938817796
-0.0383343118990522 -0.000616215957551042 0.0532650188936321 -0.0235972592010521
-0.0392375782177371 -0.0175998576664533 0.0602466150762909 -0.0189127216518979
-0.0242357571586388 -0.0370973943894238 0.0696447830156225 -0.00527543687882904
-0.00430199787875533 -0.0468656516250987 0.0703138974924087 -0.000978560749161491
0.0189989718325466 -0.0473677286705751 0.0750103130619737 0.00106739261617444
0.0413858736766623 -0.0416671001492197 0.0878197728588863 -0.0212316087180756
0.0553069306024343 -0.0213804540841772 0.0383948688587115 -0.00803772911323219
0.0372366095665438 -0.0229865641924959 -0.00693590176490264 -0.0349009225716635
0.0255270953492823 -0.0254396897754036 -0.0563940144640621 -0.00791313115521217
0.00786720302258468 -0.0325841991329742 -0.0599809100404882 0.0389740804530423
-0.0156972008628677 -0.0316082756306871 -0.0249280440914579 0.0623927762440197
-0.0297488377016522 -0.0190932057121987 0.0106893693103289 0.0550980389113498
-0.0388324800763276 -0.00829204058984465 0.032734385790269 0.0361082683416359
-0.0483793015873649 0.00117450805580045 0.0391711389490296 0.00909577664669928
-0.050962801601223 0.00172076782493749 0.0371837170002839 -0.00950925791990305
-0.0570499963606327 -0.00313420692005677 0.0365191704146147 -0.0265555654118614
-0.059386924178856 -0.0247826120399279 0.0461069058594566 -0.0286055263440089
-0.0384588100645492 -0.0547019490587817 0.0640144142874732 -0.0180722048086746
-0.00597320634873017 -0.0722012995480177 0.0694550559756334 -0.00690056943897563
0.0338249315516865 -0.0707364687754815 0.0669498128100217 0.0057871609883183
0.0649409239194318 -0.0548946502382937 0.0637637267424228 -0.0100818663172738
0.074286527613387 -0.02281353976751 0.00900879070183486 -0.000356971025613492
0.0576617152375479 -0.0324278688361471 -0.0219242189557102 -0.0319008676171376
0.0409013407793069 -0.0437604839064289 -0.0638986928231633 -0.00727898569016045
0.00894492923472304 -0.052369495471134 -0.0627368080362891 0.0335710551748324
-0.0230696683892394 -0.0458531765180868 -0.0310763173759043 0.052453626462014
-0.0401183973424734 -0.0267380003879641 -0.000459202927619296 0.0475437868503392
-0.0486784831629933 -0.0108651162043505 0.0161486636703966 0.0324386850984106
-0.0582345047320412 -0.00173866415553304 0.0189406747898109 0.00920769958823012
-0.060079442918959 -0.000655718599783028 0.0152475755240222 -0.00809853214349083
-0.0656895507202055 -0.00504590091154124 0.0151338039524954 -0.028565451008583
-0.0690834359220238 -0.0288867439144591 0.0262380331430972 -0.0371595563315313
-0.0464973223548288 -0.0625655351643373 0.0548887651880124 -0.0317769410261822
-0.00640828207379591 -0.0860512029885494 0.0677216663665542 -0.012058435399665
0.0427678417339268 -0.0829413698982845 0.0567768752115914 0.0134879675224964
0.0786530984994324 -0.0585914846262011 0.0360669482153961 0.0055055612983157
0.0812199140679755 -0.0216870551776984 -0.0254182487460048 0.00943318413168659
0.0679391683942737 -0.0388176644257708 -0.0406220884327131 -0.0231277415189233
0.047852015749599 -0.0575257333907817 -0.0688612204006873 -0.00438967914421933
0.00664190598409121 -0.063988730821511 -0.0636147554840927 0.0236700015239288
-0.0294762944361082 -0.0527760033792971 -0.0403686239415748 0.0381412285932694
-0.0452107992785478 -0.0291768561106417 -0.0166762939664616 0.037365512608384
-0.051609588355742 -0.0118835473600049 -0.00498444872929046 0.029070306565684
-0.0595072782119371 -0.00466425451680488 -0.00365218508815798 0.00968952132792739
-0.059323218378939 -0.00609074899980616 -0.00764773447855439 -0.00682825062352415
-0.0634349441975838 -0.010680635537704 -0.00489394910205812 -0.0301688206881452
-0.0641304816106189 -0.0324363578043038 0.00893338788222932 -0.0434976403552643
-0.0402608518181525 -0.0647499856183623 0.0458550480503298 -0.0409234846495607
0.00295054981058539 -0.0849424906926924 0.0642150097662221 -0.011884748752765
0.0510545029556799 -0.0774703407841094 0.0452062671634112 0.0219435722671142
0.0822830645237123 -0.0493291719809575 0.00536578515759742 0.0197241099820904
0.0728908994004671 -0.0178259241571675 -0.0585653683243268 0.0208028835773949
0.0638581620373584 -0.0367855231154814 -0.0585727933834237 -0.00891711644893257
0.0437388323499277 -0.0561423474140704 -0.0703235084267895 -0.000764280133111318
0.00262456198021268 -0.0612626018811616 -0.0622695191003225 0.0115585254841533
-0.029065342377499 -0.0485108778822596 -0.0503990555710447 0.0222435622036856
-0.0413729649557587 -0.0261968790309713 -0.0345269729833238 0.0284756469220977
-0.0460682775898462 -0.0102165911606489 -0.0257068850987112 0.0254936693764109
-0.052079949352718 -0.00831738552540538 -0.0260039726377086 0.00871049422103241
-0.0504461968776463 -0.0109423413589587 -0.0275669583877728 -0.00865018367282187
-0.0504571424189326 -0.0162641250332745 -0.0215021444957837 -0.0346841542604934
-0.0469574808082422 -0.0350075632769948 -0.00197162615648933 -0.0506682761580226
-0.0223093534417733 -0.0592410509533697 0.0398980052670077 -0.0465107595057764
0.018114408143596 -0.0706944602901878 0.0588282435820996 -0.00960158022013104
0.0556741033350919 -0.0571981613976788 0.0316133686520227 0.0275744578860763
0.0756129322414183 -0.0307152188709615 -0.0229541356795629 0.0275509300845529
0.0519432253902833 -0.00958218864715496 -0.0836485889178377 0.0309169490288969
0.0478331106496845 -0.0249629928509363 -0.0706663392928371 0.00465896017801014
0.0320835771033548 -0.0409972694062744 -0.0683279318105139 0.00172742324832843
0.00112304343344985 -0.0431503458913295 -0.0612643635740242 0.000771302536371913
-0.0208775198068906 -0.0340963195232214 -0.0602778040751841 0.0112029125447032
-0.0287069725575239 -0.018747263528855 -0.05044089181957 0.022803964812572
-0.0328253070645557 -0.00844969689576841 -0.0438756643617283 0.0229605385024221
-0.0364372127607517 -0.00989209413771427 -0.0431471440454458 0.00573751051463546
-0.0336277016616848 -0.0136855634585023 -0.0424051490763977 -0.0141038011768876
-0.0311432255430209 -0.0186754734111887 -0.0303112364512125 -0.0424161871702544
-0.0250890185814095 -0.0314770240276641 -0.00546805271034566 -0.0579568818536066
-0.00407990684269456 -0.0454559463452146 0.0380234874227534 -0.050121891808771
0.0288314764070822 -0.0473501056686728 0.053212874330787 -0.00700188562834302
0.0519436809760268 -0.0302159585612359 0.0172210239540957 0.0262746761859633
0.0575624656703457 -0.00947693506621839 -0.044077181810008 0.027425754272429
0.0227626487512252 0.00307369608788292 -0.096721597089843 0.0368951584168001
0.0253089192461243 -0.00669916707678191 -0.074471980595742 0.0140210917094949
0.0178197504513595 -0.0164317438715936 -0.0658906272404756 0.00252932937595007
0.00276371221423865 -0.0172795695464967 -0.0618725599595117 -0.00380930321932773
-0.00528607433435796 -0.0148506875717713 -0.0659199199527482 0.00680586300064329
-0.0091472568491519 -0.00972410521592612 -0.0601245622091557 0.0206980151131717
-0.0129497875420927 -0.00542236047916099 -0.0547296889809437 0.0215095926942913
-0.0162560220156361 -0.00983049640658567 -0.0537068992538137 0.00318406858155738
-0.0137043291650403 -0.0125770596204404 -0.0493846136880278 -0.0203777032935081
-0.011382877536701 -0.0155482494528576 -0.0316812194887403 -0.0501697278666581
-0.00696353620695867 -0.0217787205214422 -0.00135202804784881 -0.0636074574176606
0.00605092756028096 -0.0269491614310762 0.0407802369094431 -0.0498593884636279
0.027636902531403 -0.0227285986900075 0.0488061700860672 -0.00546462524546104
0.0370262710847733 -0.00574127940583452 0.00897965313265024 0.0207758107007249
0.0298119203762365 0.00889887655866105 -0.0563769001908002 0.0206196652144553
